<?xml version="1.0" encoding="UTF-8"?>
<robot generator="Robot 7.0.1 (Python 3.12.4 on linux)" generated="2024-07-17T23:15:53.600668" rpa="false" schemaversion="5">
<suite id="s1" name="Tests" source="/home/runner/work/ApiRandomUser/ApiRandomUser/RamdonUser/tests">
<suite id="s1-s1" name="Random-User-Test" source="/home/runner/work/ApiRandomUser/ApiRandomUser/RamdonUser/tests/random-user-test.robot">
<test id="s1-s1-t1" name="Conectar" line="13">
<kw name="Conectar API" owner="random-user-service">
<kw name="Create Session" owner="RequestsLibrary">
<msg time="2024-07-17T23:15:53.993163" level="INFO">Creating Session using : alias=consultarAPI, url=https://randomuser.me/, headers={},                     cookies={}, auth=None, timeout=None, proxies=None, verify=False,                     debug=0 </msg>
<arg>consultarAPI</arg>
<arg>${URL}</arg>
<doc>Create Session: create a HTTP session to a server</doc>
<status status="PASS" start="2024-07-17T23:15:53.992962" elapsed="0.000376"/>
</kw>
<status status="PASS" start="2024-07-17T23:15:53.991934" elapsed="0.001767"/>
</kw>
<status status="PASS" start="2024-07-17T23:15:53.991315" elapsed="0.002579"/>
</test>
<test id="s1-s1-t2" name="Validar retorno 200 e JSON Válido" line="16">
<kw name="Teste de Requisicao Basica" owner="random-user-service">
<kw name="GET On Session" owner="RequestsLibrary">
<msg time="2024-07-17T23:15:54.145991" level="INFO">GET Request : url=https://randomuser.me/api 
 path_url=/api 
 headers={'User-Agent': 'python-requests/2.32.3', 'Accept-Encoding': 'gzip, deflate', 'Accept': '*/*', 'Connection': 'keep-alive'} 
 body=None 
 </msg>
<msg time="2024-07-17T23:15:54.146153" level="INFO">GET Response : url=https://randomuser.me/api 
 status=200, reason=OK 
 headers={'Date': 'Wed, 17 Jul 2024 23:15:54 GMT', 'Content-Type': 'application/json; charset=utf-8', 'Transfer-Encoding': 'chunked', 'Connection': 'keep-alive', 'X-Powered-By': 'Express', 'Access-Control-Allow-Origin': '*', 'Cache-Control': 'no-cache', 'ETag': 'W/"4b0-1lz3ofG7vKIX3nfYbg4XA3J1tcg"', 'Vary': 'Accept-Encoding', 'Content-Encoding': 'gzip', 'CF-Cache-Status': 'DYNAMIC', 'Report-To': '{"endpoints":[{"url":"https:\\/\\/a.nel.cloudflare.com\\/report\\/v4?s=jo6dIEOEK2dhF7i%2F6QS6KnOgPyj3zH7FI6WRx2YO6sR6WKfJ7iVVGjcEb2CiYJf%2FR%2FCczKc775D%2BksjSaURxYRPAb3nl3jIP98lSSKA2STHihQOAByTis1euU9n2%2BEdx"}],"group":"cf-nel","max_age":604800}', 'NEL': '{"success_fraction":0,"report_to":"cf-nel","max_age":604800}', 'Server': 'cloudflare', 'CF-RAY': '8a4defc6cf9931a9-LAX', 'alt-svc': 'h3=":443"; ma=86400'} 
 body={"results":[{"gender":"female","name":{"title":"Ms","first":"Tamara","last":"StanićStanković"},"location":{"street":{"number":1888,"name":"Matije Ambrožića "},"city":"Bujanovac","state":"North Bačka","country":"Serbia","postcode":56535,"coordinates":{"latitude":"64.0064","longitude":"69.0908"},"timezone":{"offset":"-6:00","description":"Central Time (US &amp; Canada), Mexico City"}},"email":"tamara.stanicstankovic@example.com","login":{"uuid":"dcb33726-8c84-41dc-a96b-051c8e58004c","username":"sadbear428","password":"goirish","salt":"VIrf2VOJ","md5":"07c059be01b936f5a73856fb905d6972","sha1":"fb32f0ba9c8151b2cf0e04584863d9d48716a15f","sha256":"ffc6bcea49849219c5b98ac10b576018ff11aa001529e59c49214a9a84c01da0"},"dob":{"date":"1951-07-23T20:01:19.042Z","age":72},"registered":{"date":"2017-06-19T20:40:35.212Z","age":7},"phone":"033-5002-785","cell":"060-7480-921","id":{"name":"SID","value":"228448807"},"picture":{"large":"https://randomuser.me/api/portraits/women/53.jpg","medium":"https://randomuser.me/api/portraits/med/women/53.jpg","thumbnail":"https://randomuser.me/api/portraits/thumb/women/53.jpg"},"nat":"RS"}],"info":{"seed":"f28db172751b1c19","results":1,"page":1,"version":"1.4"}} 
 </msg>
<msg time="2024-07-17T23:15:54.146248" level="INFO">/opt/hostedtoolcache/Python/3.12.4/x64/lib/python3.12/site-packages/urllib3/connectionpool.py:1099: InsecureRequestWarning: Unverified HTTPS request is being made to host 'randomuser.me'. Adding certificate verification is strongly advised. See: https://urllib3.readthedocs.io/en/latest/advanced-usage.html#tls-warnings
  warnings.warn(</msg>
<msg time="2024-07-17T23:15:54.146417" level="INFO">${response} = &lt;Response [200]&gt;</msg>
<var>${response}</var>
<arg>consultarAPI</arg>
<arg>/api</arg>
<doc>Sends a GET request on a previously created HTTP Session.</doc>
<status status="PASS" start="2024-07-17T23:15:53.996607" elapsed="0.149854"/>
</kw>
<kw name="Should Be Equal As Numbers" owner="BuiltIn">
<msg time="2024-07-17T23:15:54.147683" level="INFO">Argument types are:
&lt;class 'int'&gt;
&lt;class 'str'&gt;</msg>
<arg>${response.status_code}</arg>
<arg>200</arg>
<doc>Fails if objects are unequal after converting them to real numbers.</doc>
<status status="PASS" start="2024-07-17T23:15:54.147189" elapsed="0.000565"/>
</kw>
<kw name="Log" owner="BuiltIn">
<msg time="2024-07-17T23:15:54.148489" level="INFO">200</msg>
<arg>${response.status_code}</arg>
<doc>Logs the given message with the given level.</doc>
<status status="PASS" start="2024-07-17T23:15:54.148119" elapsed="0.000419"/>
</kw>
<kw name="Set Variable" owner="BuiltIn">
<msg time="2024-07-17T23:15:54.149322" level="INFO">${json_data} = {'results': [{'gender': 'female', 'name': {'title': 'Ms', 'first': 'Tamara', 'last': 'StanićStanković'}, 'location': {'street': {'number': 1888, 'name': 'Matije Ambrožića '}, 'city': 'Bujanovac', 'sta...</msg>
<var>${json_data}</var>
<arg>${response.json()}</arg>
<doc>Returns the given values which can then be assigned to a variables.</doc>
<status status="PASS" start="2024-07-17T23:15:54.148859" elapsed="0.000493"/>
</kw>
<kw name="Dictionary Should Contain Key" owner="Collections">
<arg>${json_data}</arg>
<arg>results</arg>
<doc>Fails if ``key`` is not found from ``dictionary``.</doc>
<status status="PASS" start="2024-07-17T23:15:54.149661" elapsed="0.000340"/>
</kw>
<status status="PASS" start="2024-07-17T23:15:53.996361" elapsed="0.153799"/>
</kw>
<doc>Testa se a API responde corretamente e retorna um objeto JSON válido.</doc>
<tag>testeRequisicaoBasica</tag>
<status status="PASS" start="2024-07-17T23:15:53.995806" elapsed="0.154531"/>
</test>
<test id="s1-s1-t3" name="Validar estrutura de resposta" line="22">
<kw name="Teste de Estrutura de Resposta" owner="random-user-service">
<kw name="GET On Session" owner="RequestsLibrary">
<msg time="2024-07-17T23:15:54.256619" level="INFO">GET Request : url=https://randomuser.me/api 
 path_url=/api 
 headers={'User-Agent': 'python-requests/2.32.3', 'Accept-Encoding': 'gzip, deflate', 'Accept': '*/*', 'Connection': 'keep-alive'} 
 body=None 
 </msg>
<msg time="2024-07-17T23:15:54.256692" level="INFO">GET Response : url=https://randomuser.me/api 
 status=200, reason=OK 
 headers={'Date': 'Wed, 17 Jul 2024 23:15:54 GMT', 'Content-Type': 'application/json; charset=utf-8', 'Transfer-Encoding': 'chunked', 'Connection': 'keep-alive', 'X-Powered-By': 'Express', 'Access-Control-Allow-Origin': '*', 'Cache-Control': 'no-cache', 'ETag': 'W/"468-YjLDEfhfHoooSq6n/2Hhq6K3Wpk"', 'Vary': 'Accept-Encoding', 'Content-Encoding': 'gzip', 'CF-Cache-Status': 'DYNAMIC', 'Report-To': '{"endpoints":[{"url":"https:\\/\\/a.nel.cloudflare.com\\/report\\/v4?s=jzvkksUM3Fyf3bvUBQWBgJ1VAPpo8RJlWIM2c0jzTqkNbxibI2523L7IJtz%2FHi4ACTJa61joDZFmWHxoT%2Bg1heuYQmVx1Ev%2FbUoKeW3VPg6PrK2U8nUN1RzIPvSsusrv"}],"group":"cf-nel","max_age":604800}', 'NEL': '{"success_fraction":0,"report_to":"cf-nel","max_age":604800}', 'Server': 'cloudflare', 'CF-RAY': '8a4defc7787331a9-LAX', 'alt-svc': 'h3=":443"; ma=86400'} 
 body={"results":[{"gender":"male","name":{"title":"Mr","first":"Dragan","last":"Uzelac"},"location":{"street":{"number":9956,"name":"Longinova"},"city":"Kikinda","state":"Jablanica","country":"Serbia","postcode":51087,"coordinates":{"latitude":"59.7891","longitude":"-136.4537"},"timezone":{"offset":"-10:00","description":"Hawaii"}},"email":"dragan.uzelac@example.com","login":{"uuid":"3e1f7427-22c7-4dc7-bb7f-533a718edde9","username":"heavyzebra434","password":"pool","salt":"jlYD1VEn","md5":"9045de2974e6487342743ea743f3eb36","sha1":"fce98b66928f1ec7c522050ab5baaadf8b8a8c5b","sha256":"810e096a58178c3d56c7d02cd35d61a5d37538ee4f3d615c7b172bf5b3c84627"},"dob":{"date":"1957-07-24T11:37:05.648Z","age":66},"registered":{"date":"2007-01-23T18:04:28.184Z","age":17},"phone":"021-5988-859","cell":"067-0592-703","id":{"name":"SID","value":"586381611"},"picture":{"large":"https://randomuser.me/api/portraits/men/63.jpg","medium":"https://randomuser.me/api/portraits/med/men/63.jpg","thumbnail":"https://randomuser.me/api/portraits/thumb/men/63.jpg"},"nat":"RS"}],"info":{"seed":"90996151daadf955","results":1,"page":1,"version":"1.4"}} 
 </msg>
<msg time="2024-07-17T23:15:54.256798" level="INFO">/opt/hostedtoolcache/Python/3.12.4/x64/lib/python3.12/site-packages/urllib3/connectionpool.py:1099: InsecureRequestWarning: Unverified HTTPS request is being made to host 'randomuser.me'. Adding certificate verification is strongly advised. See: https://urllib3.readthedocs.io/en/latest/advanced-usage.html#tls-warnings
  warnings.warn(</msg>
<msg time="2024-07-17T23:15:54.256924" level="INFO">${response} = &lt;Response [200]&gt;</msg>
<var>${response}</var>
<arg>consultarAPI</arg>
<arg>/api</arg>
<doc>Sends a GET request on a previously created HTTP Session.</doc>
<status status="PASS" start="2024-07-17T23:15:54.153019" elapsed="0.103947"/>
</kw>
<kw name="Set Variable" owner="BuiltIn">
<msg time="2024-07-17T23:15:54.257881" level="INFO">${json_data} = {'results': [{'gender': 'male', 'name': {'title': 'Mr', 'first': 'Dragan', 'last': 'Uzelac'}, 'location': {'street': {'number': 9956, 'name': 'Longinova'}, 'city': 'Kikinda', 'state': 'Jablanica', 'co...</msg>
<var>${json_data}</var>
<arg>${response.json()}</arg>
<doc>Returns the given values which can then be assigned to a variables.</doc>
<status status="PASS" start="2024-07-17T23:15:54.257398" elapsed="0.000514"/>
</kw>
<kw name="Log" owner="BuiltIn">
<msg time="2024-07-17T23:15:54.258387" level="INFO">{'results': [{'gender': 'male', 'name': {'title': 'Mr', 'first': 'Dragan', 'last': 'Uzelac'}, 'location': {'street': {'number': 9956, 'name': 'Longinova'}, 'city': 'Kikinda', 'state': 'Jablanica', 'country': 'Serbia', 'postcode': 51087, 'coordinates': {'latitude': '59.7891', 'longitude': '-136.4537'}, 'timezone': {'offset': '-10:00', 'description': 'Hawaii'}}, 'email': 'dragan.uzelac@example.com', 'login': {'uuid': '3e1f7427-22c7-4dc7-bb7f-533a718edde9', 'username': 'heavyzebra434', 'password': 'pool', 'salt': 'jlYD1VEn', 'md5': '9045de2974e6487342743ea743f3eb36', 'sha1': 'fce98b66928f1ec7c522050ab5baaadf8b8a8c5b', 'sha256': '810e096a58178c3d56c7d02cd35d61a5d37538ee4f3d615c7b172bf5b3c84627'}, 'dob': {'date': '1957-07-24T11:37:05.648Z', 'age': 66}, 'registered': {'date': '2007-01-23T18:04:28.184Z', 'age': 17}, 'phone': '021-5988-859', 'cell': '067-0592-703', 'id': {'name': 'SID', 'value': '586381611'}, 'picture': {'large': 'https://randomuser.me/api/portraits/men/63.jpg', 'medium': 'https://randomuser.me/api/portraits/med/men/63.jpg', 'thumbnail': 'https://randomuser.me/api/portraits/thumb/men/63.jpg'}, 'nat': 'RS'}], 'info': {'seed': '90996151daadf955', 'results': 1, 'page': 1, 'version': '1.4'}}</msg>
<arg>${json_data}</arg>
<doc>Logs the given message with the given level.</doc>
<status status="PASS" start="2024-07-17T23:15:54.258229" elapsed="0.000206"/>
</kw>
<kw name="Dictionary Should Contain Key" owner="Collections">
<arg>${json_data}</arg>
<arg>results</arg>
<doc>Fails if ``key`` is not found from ``dictionary``.</doc>
<status status="PASS" start="2024-07-17T23:15:54.258732" elapsed="0.000160"/>
</kw>
<kw name="Should Not Be Empty" owner="BuiltIn">
<msg time="2024-07-17T23:15:54.259239" level="INFO">Length is 2.</msg>
<arg>${json_data}</arg>
<doc>Verifies that the given item is not empty.</doc>
<status status="PASS" start="2024-07-17T23:15:54.259109" elapsed="0.000170"/>
</kw>
<kw name="Create List" owner="BuiltIn">
<msg time="2024-07-17T23:15:54.259736" level="INFO">${expected_keys} = ['gender', 'name', 'location', 'email', 'login']</msg>
<var>${expected_keys}</var>
<arg>gender</arg>
<arg>name</arg>
<arg>location</arg>
<arg>email</arg>
<arg>login</arg>
<doc>Returns a list containing given items.</doc>
<status status="PASS" start="2024-07-17T23:15:54.259583" elapsed="0.000178"/>
</kw>
<for flavor="IN">
<iter>
<kw name="Dictionary Should Contain Key" owner="Collections">
<arg>${json_data['results'][0]}</arg>
<arg>${key}</arg>
<doc>Fails if ``key`` is not found from ``dictionary``.</doc>
<status status="PASS" start="2024-07-17T23:15:54.260359" elapsed="0.000421"/>
</kw>
<kw name="Log" owner="BuiltIn">
<msg time="2024-07-17T23:15:54.261333" level="INFO">{'gender': 'male', 'name': {'title': 'Mr', 'first': 'Dragan', 'last': 'Uzelac'}, 'location': {'street': {'number': 9956, 'name': 'Longinova'}, 'city': 'Kikinda', 'state': 'Jablanica', 'country': 'Serbia', 'postcode': 51087, 'coordinates': {'latitude': '59.7891', 'longitude': '-136.4537'}, 'timezone': {'offset': '-10:00', 'description': 'Hawaii'}}, 'email': 'dragan.uzelac@example.com', 'login': {'uuid': '3e1f7427-22c7-4dc7-bb7f-533a718edde9', 'username': 'heavyzebra434', 'password': 'pool', 'salt': 'jlYD1VEn', 'md5': '9045de2974e6487342743ea743f3eb36', 'sha1': 'fce98b66928f1ec7c522050ab5baaadf8b8a8c5b', 'sha256': '810e096a58178c3d56c7d02cd35d61a5d37538ee4f3d615c7b172bf5b3c84627'}, 'dob': {'date': '1957-07-24T11:37:05.648Z', 'age': 66}, 'registered': {'date': '2007-01-23T18:04:28.184Z', 'age': 17}, 'phone': '021-5988-859', 'cell': '067-0592-703', 'id': {'name': 'SID', 'value': '586381611'}, 'picture': {'large': 'https://randomuser.me/api/portraits/men/63.jpg', 'medium': 'https://randomuser.me/api/portraits/med/men/63.jpg', 'thumbnail': 'https://randomuser.me/api/portraits/thumb/men/63.jpg'}, 'nat': 'RS'}</msg>
<arg>${json_data['results'][0]}</arg>
<doc>Logs the given message with the given level.</doc>
<status status="PASS" start="2024-07-17T23:15:54.260969" elapsed="0.000415"/>
</kw>
<kw name="Log" owner="BuiltIn">
<msg time="2024-07-17T23:15:54.261814" level="INFO">gender</msg>
<arg>${key}</arg>
<doc>Logs the given message with the given level.</doc>
<status status="PASS" start="2024-07-17T23:15:54.261682" elapsed="0.000171"/>
</kw>
<var name="${key}">gender</var>
<status status="PASS" start="2024-07-17T23:15:54.260235" elapsed="0.001848"/>
</iter>
<iter>
<kw name="Dictionary Should Contain Key" owner="Collections">
<arg>${json_data['results'][0]}</arg>
<arg>${key}</arg>
<doc>Fails if ``key`` is not found from ``dictionary``.</doc>
<status status="PASS" start="2024-07-17T23:15:54.262390" elapsed="0.000391"/>
</kw>
<kw name="Log" owner="BuiltIn">
<msg time="2024-07-17T23:15:54.263382" level="INFO">{'gender': 'male', 'name': {'title': 'Mr', 'first': 'Dragan', 'last': 'Uzelac'}, 'location': {'street': {'number': 9956, 'name': 'Longinova'}, 'city': 'Kikinda', 'state': 'Jablanica', 'country': 'Serbia', 'postcode': 51087, 'coordinates': {'latitude': '59.7891', 'longitude': '-136.4537'}, 'timezone': {'offset': '-10:00', 'description': 'Hawaii'}}, 'email': 'dragan.uzelac@example.com', 'login': {'uuid': '3e1f7427-22c7-4dc7-bb7f-533a718edde9', 'username': 'heavyzebra434', 'password': 'pool', 'salt': 'jlYD1VEn', 'md5': '9045de2974e6487342743ea743f3eb36', 'sha1': 'fce98b66928f1ec7c522050ab5baaadf8b8a8c5b', 'sha256': '810e096a58178c3d56c7d02cd35d61a5d37538ee4f3d615c7b172bf5b3c84627'}, 'dob': {'date': '1957-07-24T11:37:05.648Z', 'age': 66}, 'registered': {'date': '2007-01-23T18:04:28.184Z', 'age': 17}, 'phone': '021-5988-859', 'cell': '067-0592-703', 'id': {'name': 'SID', 'value': '586381611'}, 'picture': {'large': 'https://randomuser.me/api/portraits/men/63.jpg', 'medium': 'https://randomuser.me/api/portraits/med/men/63.jpg', 'thumbnail': 'https://randomuser.me/api/portraits/thumb/men/63.jpg'}, 'nat': 'RS'}</msg>
<arg>${json_data['results'][0]}</arg>
<doc>Logs the given message with the given level.</doc>
<status status="PASS" start="2024-07-17T23:15:54.263017" elapsed="0.000451"/>
</kw>
<kw name="Log" owner="BuiltIn">
<msg time="2024-07-17T23:15:54.263902" level="INFO">name</msg>
<arg>${key}</arg>
<doc>Logs the given message with the given level.</doc>
<status status="PASS" start="2024-07-17T23:15:54.263772" elapsed="0.000170"/>
</kw>
<var name="${key}">name</var>
<status status="PASS" start="2024-07-17T23:15:54.262279" elapsed="0.001880"/>
</iter>
<iter>
<kw name="Dictionary Should Contain Key" owner="Collections">
<arg>${json_data['results'][0]}</arg>
<arg>${key}</arg>
<doc>Fails if ``key`` is not found from ``dictionary``.</doc>
<status status="PASS" start="2024-07-17T23:15:54.264444" elapsed="0.000390"/>
</kw>
<kw name="Log" owner="BuiltIn">
<msg time="2024-07-17T23:15:54.265374" level="INFO">{'gender': 'male', 'name': {'title': 'Mr', 'first': 'Dragan', 'last': 'Uzelac'}, 'location': {'street': {'number': 9956, 'name': 'Longinova'}, 'city': 'Kikinda', 'state': 'Jablanica', 'country': 'Serbia', 'postcode': 51087, 'coordinates': {'latitude': '59.7891', 'longitude': '-136.4537'}, 'timezone': {'offset': '-10:00', 'description': 'Hawaii'}}, 'email': 'dragan.uzelac@example.com', 'login': {'uuid': '3e1f7427-22c7-4dc7-bb7f-533a718edde9', 'username': 'heavyzebra434', 'password': 'pool', 'salt': 'jlYD1VEn', 'md5': '9045de2974e6487342743ea743f3eb36', 'sha1': 'fce98b66928f1ec7c522050ab5baaadf8b8a8c5b', 'sha256': '810e096a58178c3d56c7d02cd35d61a5d37538ee4f3d615c7b172bf5b3c84627'}, 'dob': {'date': '1957-07-24T11:37:05.648Z', 'age': 66}, 'registered': {'date': '2007-01-23T18:04:28.184Z', 'age': 17}, 'phone': '021-5988-859', 'cell': '067-0592-703', 'id': {'name': 'SID', 'value': '586381611'}, 'picture': {'large': 'https://randomuser.me/api/portraits/men/63.jpg', 'medium': 'https://randomuser.me/api/portraits/med/men/63.jpg', 'thumbnail': 'https://randomuser.me/api/portraits/thumb/men/63.jpg'}, 'nat': 'RS'}</msg>
<arg>${json_data['results'][0]}</arg>
<doc>Logs the given message with the given level.</doc>
<status status="PASS" start="2024-07-17T23:15:54.265025" elapsed="0.000400"/>
</kw>
<kw name="Log" owner="BuiltIn">
<msg time="2024-07-17T23:15:54.265849" level="INFO">location</msg>
<arg>${key}</arg>
<doc>Logs the given message with the given level.</doc>
<status status="PASS" start="2024-07-17T23:15:54.265720" elapsed="0.000168"/>
</kw>
<var name="${key}">location</var>
<status status="PASS" start="2024-07-17T23:15:54.264338" elapsed="0.001769"/>
</iter>
<iter>
<kw name="Dictionary Should Contain Key" owner="Collections">
<arg>${json_data['results'][0]}</arg>
<arg>${key}</arg>
<doc>Fails if ``key`` is not found from ``dictionary``.</doc>
<status status="PASS" start="2024-07-17T23:15:54.266388" elapsed="0.000386"/>
</kw>
<kw name="Log" owner="BuiltIn">
<msg time="2024-07-17T23:15:54.267480" level="INFO">{'gender': 'male', 'name': {'title': 'Mr', 'first': 'Dragan', 'last': 'Uzelac'}, 'location': {'street': {'number': 9956, 'name': 'Longinova'}, 'city': 'Kikinda', 'state': 'Jablanica', 'country': 'Serbia', 'postcode': 51087, 'coordinates': {'latitude': '59.7891', 'longitude': '-136.4537'}, 'timezone': {'offset': '-10:00', 'description': 'Hawaii'}}, 'email': 'dragan.uzelac@example.com', 'login': {'uuid': '3e1f7427-22c7-4dc7-bb7f-533a718edde9', 'username': 'heavyzebra434', 'password': 'pool', 'salt': 'jlYD1VEn', 'md5': '9045de2974e6487342743ea743f3eb36', 'sha1': 'fce98b66928f1ec7c522050ab5baaadf8b8a8c5b', 'sha256': '810e096a58178c3d56c7d02cd35d61a5d37538ee4f3d615c7b172bf5b3c84627'}, 'dob': {'date': '1957-07-24T11:37:05.648Z', 'age': 66}, 'registered': {'date': '2007-01-23T18:04:28.184Z', 'age': 17}, 'phone': '021-5988-859', 'cell': '067-0592-703', 'id': {'name': 'SID', 'value': '586381611'}, 'picture': {'large': 'https://randomuser.me/api/portraits/men/63.jpg', 'medium': 'https://randomuser.me/api/portraits/med/men/63.jpg', 'thumbnail': 'https://randomuser.me/api/portraits/thumb/men/63.jpg'}, 'nat': 'RS'}</msg>
<arg>${json_data['results'][0]}</arg>
<doc>Logs the given message with the given level.</doc>
<status status="PASS" start="2024-07-17T23:15:54.267119" elapsed="0.000411"/>
</kw>
<kw name="Log" owner="BuiltIn">
<msg time="2024-07-17T23:15:54.267954" level="INFO">email</msg>
<arg>${key}</arg>
<doc>Logs the given message with the given level.</doc>
<status status="PASS" start="2024-07-17T23:15:54.267823" elapsed="0.000171"/>
</kw>
<var name="${key}">email</var>
<status status="PASS" start="2024-07-17T23:15:54.266280" elapsed="0.001931"/>
</iter>
<iter>
<kw name="Dictionary Should Contain Key" owner="Collections">
<arg>${json_data['results'][0]}</arg>
<arg>${key}</arg>
<doc>Fails if ``key`` is not found from ``dictionary``.</doc>
<status status="PASS" start="2024-07-17T23:15:54.268493" elapsed="0.000381"/>
</kw>
<kw name="Log" owner="BuiltIn">
<msg time="2024-07-17T23:15:54.269407" level="INFO">{'gender': 'male', 'name': {'title': 'Mr', 'first': 'Dragan', 'last': 'Uzelac'}, 'location': {'street': {'number': 9956, 'name': 'Longinova'}, 'city': 'Kikinda', 'state': 'Jablanica', 'country': 'Serbia', 'postcode': 51087, 'coordinates': {'latitude': '59.7891', 'longitude': '-136.4537'}, 'timezone': {'offset': '-10:00', 'description': 'Hawaii'}}, 'email': 'dragan.uzelac@example.com', 'login': {'uuid': '3e1f7427-22c7-4dc7-bb7f-533a718edde9', 'username': 'heavyzebra434', 'password': 'pool', 'salt': 'jlYD1VEn', 'md5': '9045de2974e6487342743ea743f3eb36', 'sha1': 'fce98b66928f1ec7c522050ab5baaadf8b8a8c5b', 'sha256': '810e096a58178c3d56c7d02cd35d61a5d37538ee4f3d615c7b172bf5b3c84627'}, 'dob': {'date': '1957-07-24T11:37:05.648Z', 'age': 66}, 'registered': {'date': '2007-01-23T18:04:28.184Z', 'age': 17}, 'phone': '021-5988-859', 'cell': '067-0592-703', 'id': {'name': 'SID', 'value': '586381611'}, 'picture': {'large': 'https://randomuser.me/api/portraits/men/63.jpg', 'medium': 'https://randomuser.me/api/portraits/med/men/63.jpg', 'thumbnail': 'https://randomuser.me/api/portraits/thumb/men/63.jpg'}, 'nat': 'RS'}</msg>
<arg>${json_data['results'][0]}</arg>
<doc>Logs the given message with the given level.</doc>
<status status="PASS" start="2024-07-17T23:15:54.269059" elapsed="0.000397"/>
</kw>
<kw name="Log" owner="BuiltIn">
<msg time="2024-07-17T23:15:54.269878" level="INFO">login</msg>
<arg>${key}</arg>
<doc>Logs the given message with the given level.</doc>
<status status="PASS" start="2024-07-17T23:15:54.269750" elapsed="0.000165"/>
</kw>
<var name="${key}">login</var>
<status status="PASS" start="2024-07-17T23:15:54.268384" elapsed="0.001745"/>
</iter>
<var>${key}</var>
<value>@{expected_keys}</value>
<status status="PASS" start="2024-07-17T23:15:54.260042" elapsed="0.010219"/>
</for>
<kw name="Create List" owner="BuiltIn">
<msg time="2024-07-17T23:15:54.270585" level="INFO">${expected_keysTwo} = ['username', 'password']</msg>
<var>${expected_keysTwo}</var>
<arg>username</arg>
<arg>password</arg>
<doc>Returns a list containing given items.</doc>
<status status="PASS" start="2024-07-17T23:15:54.270449" elapsed="0.000161"/>
</kw>
<for flavor="IN">
<iter>
<kw name="Dictionary Should Contain Key" owner="Collections">
<arg>${json_data['results'][0]['login']}</arg>
<arg>${keyTwo}</arg>
<doc>Fails if ``key`` is not found from ``dictionary``.</doc>
<status status="PASS" start="2024-07-17T23:15:54.271189" elapsed="0.000398"/>
</kw>
<kw name="Dictionary Should Contain Key" owner="Collections">
<arg>${json_data['results'][0]['login']}</arg>
<arg>${keyTwo}</arg>
<doc>Fails if ``key`` is not found from ``dictionary``.</doc>
<status status="PASS" start="2024-07-17T23:15:54.271773" elapsed="0.000384"/>
</kw>
<kw name="Log" owner="BuiltIn">
<msg time="2024-07-17T23:15:54.272461" level="INFO">username</msg>
<arg>${keyTwo}</arg>
<doc>Logs the given message with the given level.</doc>
<status status="PASS" start="2024-07-17T23:15:54.272341" elapsed="0.000159"/>
</kw>
<var name="${keyTwo}">username</var>
<status status="PASS" start="2024-07-17T23:15:54.271078" elapsed="0.001645"/>
</iter>
<iter>
<kw name="Dictionary Should Contain Key" owner="Collections">
<arg>${json_data['results'][0]['login']}</arg>
<arg>${keyTwo}</arg>
<doc>Fails if ``key`` is not found from ``dictionary``.</doc>
<status status="PASS" start="2024-07-17T23:15:54.273005" elapsed="0.000388"/>
</kw>
<kw name="Dictionary Should Contain Key" owner="Collections">
<arg>${json_data['results'][0]['login']}</arg>
<arg>${keyTwo}</arg>
<doc>Fails if ``key`` is not found from ``dictionary``.</doc>
<status status="PASS" start="2024-07-17T23:15:54.273576" elapsed="0.000379"/>
</kw>
<kw name="Log" owner="BuiltIn">
<msg time="2024-07-17T23:15:54.274264" level="INFO">password</msg>
<arg>${keyTwo}</arg>
<doc>Logs the given message with the given level.</doc>
<status status="PASS" start="2024-07-17T23:15:54.274142" elapsed="0.000160"/>
</kw>
<var name="${keyTwo}">password</var>
<status status="PASS" start="2024-07-17T23:15:54.272898" elapsed="0.001626"/>
</iter>
<var>${keyTwo}</var>
<value>@{expected_keysTwo}</value>
<status status="PASS" start="2024-07-17T23:15:54.270891" elapsed="0.003756"/>
</for>
<status status="PASS" start="2024-07-17T23:15:54.152774" elapsed="0.122017"/>
</kw>
<doc>Testa a estrutura da resposta da API.</doc>
<tag>testeEstruturaResposta</tag>
<status status="PASS" start="2024-07-17T23:15:54.152262" elapsed="0.122702"/>
</test>
<test id="s1-s1-t4" name="Validar tipos de dados" line="28">
<kw name="Teste de Tipos de Dados" owner="random-user-service">
<kw name="GET On Session" owner="RequestsLibrary">
<msg time="2024-07-17T23:15:54.387834" level="INFO">GET Request : url=https://randomuser.me/api 
 path_url=/api 
 headers={'User-Agent': 'python-requests/2.32.3', 'Accept-Encoding': 'gzip, deflate', 'Accept': '*/*', 'Connection': 'keep-alive'} 
 body=None 
 </msg>
<msg time="2024-07-17T23:15:54.387923" level="INFO">GET Response : url=https://randomuser.me/api 
 status=200, reason=OK 
 headers={'Date': 'Wed, 17 Jul 2024 23:15:54 GMT', 'Content-Type': 'application/json; charset=utf-8', 'Transfer-Encoding': 'chunked', 'Connection': 'keep-alive', 'X-Powered-By': 'Express', 'Access-Control-Allow-Origin': '*', 'Cache-Control': 'no-cache', 'ETag': 'W/"497-gy0IhgLJHcsq6ahIyzIm3JLcpCI"', 'Vary': 'Accept-Encoding', 'Content-Encoding': 'gzip', 'CF-Cache-Status': 'DYNAMIC', 'Report-To': '{"endpoints":[{"url":"https:\\/\\/a.nel.cloudflare.com\\/report\\/v4?s=tpVviu0skaMOSgll951uDhszSTcaA5lhXdz9gprlevjFqQWe3vo6TOkRBTDK%2F2wxXzZe9WA0OlVAFoV1qiLT0umnb3JRknq%2F2%2FZ0sRbvuf%2Bh8rduIMNIIls7pZz02eim"}],"group":"cf-nel","max_age":604800}', 'NEL': '{"success_fraction":0,"report_to":"cf-nel","max_age":604800}', 'Server': 'cloudflare', 'CF-RAY': '8a4defc849a431a9-LAX', 'alt-svc': 'h3=":443"; ma=86400'} 
 body={"results":[{"gender":"male","name":{"title":"Mr","first":"Todd","last":"Burton"},"location":{"street":{"number":8450,"name":"North Street"},"city":"Lisburn","state":"County Antrim","country":"United Kingdom","postcode":"TC16 3YX","coordinates":{"latitude":"-8.1474","longitude":"-163.2496"},"timezone":{"offset":"+4:00","description":"Abu Dhabi, Muscat, Baku, Tbilisi"}},"email":"todd.burton@example.com","login":{"uuid":"e19d872f-58b8-4c3d-a01f-fbec4f359e80","username":"bigwolf955","password":"12341234","salt":"wGRGXn2i","md5":"80be6b1214d29ef11ca9d5d126636013","sha1":"3465087575ddb1a4098a0b9b30a0f1d58e9cca72","sha256":"cd11a40b368f42600ff7580d4f002eee6deab6dd62feb36276b6e080d5af3efd"},"dob":{"date":"1985-11-10T19:14:59.000Z","age":38},"registered":{"date":"2020-03-26T12:31:50.501Z","age":4},"phone":"024 5327 9748","cell":"07727 917510","id":{"name":"NINO","value":"GN 80 00 20 V"},"picture":{"large":"https://randomuser.me/api/portraits/men/76.jpg","medium":"https://randomuser.me/api/portraits/med/men/76.jpg","thumbnail":"https://randomuser.me/api/portraits/thumb/men/76.jpg"},"nat":"GB"}],"info":{"seed":"211aa6f8022bafc7","results":1,"page":1,"version":"1.4"}} 
 </msg>
<msg time="2024-07-17T23:15:54.387998" level="INFO">/opt/hostedtoolcache/Python/3.12.4/x64/lib/python3.12/site-packages/urllib3/connectionpool.py:1099: InsecureRequestWarning: Unverified HTTPS request is being made to host 'randomuser.me'. Adding certificate verification is strongly advised. See: https://urllib3.readthedocs.io/en/latest/advanced-usage.html#tls-warnings
  warnings.warn(</msg>
<msg time="2024-07-17T23:15:54.388096" level="INFO">${response} = &lt;Response [200]&gt;</msg>
<var>${response}</var>
<arg>consultarAPI</arg>
<arg>/api</arg>
<doc>Sends a GET request on a previously created HTTP Session.</doc>
<status status="PASS" start="2024-07-17T23:15:54.277475" elapsed="0.110655"/>
</kw>
<kw name="Set Variable" owner="BuiltIn">
<msg time="2024-07-17T23:15:54.389069" level="INFO">${json_data} = {'results': [{'gender': 'male', 'name': {'title': 'Mr', 'first': 'Todd', 'last': 'Burton'}, 'location': {'street': {'number': 8450, 'name': 'North Street'}, 'city': 'Lisburn', 'state': 'County Antrim'...</msg>
<var>${json_data}</var>
<arg>${response.json()}</arg>
<doc>Returns the given values which can then be assigned to a variables.</doc>
<status status="PASS" start="2024-07-17T23:15:54.388572" elapsed="0.000525"/>
</kw>
<kw name="Log" owner="BuiltIn">
<msg time="2024-07-17T23:15:54.389563" level="INFO">{'results': [{'gender': 'male', 'name': {'title': 'Mr', 'first': 'Todd', 'last': 'Burton'}, 'location': {'street': {'number': 8450, 'name': 'North Street'}, 'city': 'Lisburn', 'state': 'County Antrim', 'country': 'United Kingdom', 'postcode': 'TC16 3YX', 'coordinates': {'latitude': '-8.1474', 'longitude': '-163.2496'}, 'timezone': {'offset': '+4:00', 'description': 'Abu Dhabi, Muscat, Baku, Tbilisi'}}, 'email': 'todd.burton@example.com', 'login': {'uuid': 'e19d872f-58b8-4c3d-a01f-fbec4f359e80', 'username': 'bigwolf955', 'password': '12341234', 'salt': 'wGRGXn2i', 'md5': '80be6b1214d29ef11ca9d5d126636013', 'sha1': '3465087575ddb1a4098a0b9b30a0f1d58e9cca72', 'sha256': 'cd11a40b368f42600ff7580d4f002eee6deab6dd62feb36276b6e080d5af3efd'}, 'dob': {'date': '1985-11-10T19:14:59.000Z', 'age': 38}, 'registered': {'date': '2020-03-26T12:31:50.501Z', 'age': 4}, 'phone': '024 5327 9748', 'cell': '07727 917510', 'id': {'name': 'NINO', 'value': 'GN 80 00 20 V'}, 'picture': {'large': 'https://randomuser.me/api/portraits/men/76.jpg', 'medium': 'https://randomuser.me/api/portraits/med/men/76.jpg', 'thumbnail': 'https://randomuser.me/api/portraits/thumb/men/76.jpg'}, 'nat': 'GB'}], 'info': {'seed': '211aa6f8022bafc7', 'results': 1, 'page': 1, 'version': '1.4'}}</msg>
<arg>${json_data}</arg>
<doc>Logs the given message with the given level.</doc>
<status status="PASS" start="2024-07-17T23:15:54.389407" elapsed="0.000206"/>
</kw>
<kw name="Should Be String" owner="String">
<arg>${json_data['results'][0]['gender']}</arg>
<doc>Fails if the given ``item`` is not a string.</doc>
<status status="PASS" start="2024-07-17T23:15:54.389905" elapsed="0.000370"/>
</kw>
<kw name="Should Match Regexp" owner="BuiltIn">
<arg>${json_data['results'][0]['email']}</arg>
<arg>^[a-zA-Z0-9._%+-]+@[a-zA-Z0-9.-]+\.[a-zA-Z]{2,}$</arg>
<doc>Fails if ``string`` does not match ``pattern`` as a regular expression.</doc>
<status status="PASS" start="2024-07-17T23:15:54.390466" elapsed="0.000524"/>
</kw>
<kw name="Should Match Regexp" owner="BuiltIn">
<arg>${json_data['results'][0]['dob']['date']}</arg>
<arg>\\d{4}-\\d{2}-\\d{2}T\\d{2}:\\d{2}:\\d{2}\\.\\d{3}Z</arg>
<doc>Fails if ``string`` does not match ``pattern`` as a regular expression.</doc>
<status status="PASS" start="2024-07-17T23:15:54.391260" elapsed="0.000625"/>
</kw>
<kw name="Should Match Regexp" owner="BuiltIn">
<arg>${json_data['results'][0]['registered']['date']}</arg>
<arg>\\d{4}-\\d{2}-\\d{2}T\\d{2}:\\d{2}:\\d{2}\\.\\d{3}Z</arg>
<doc>Fails if ``string`` does not match ``pattern`` as a regular expression.</doc>
<status status="PASS" start="2024-07-17T23:15:54.392080" elapsed="0.000374"/>
</kw>
<kw name="Should Match Regexp" owner="BuiltIn">
<arg>${json_data['results'][0]['picture']['large']}</arg>
<arg>^https?://.*\.(?:png|jpe?g|gif|bmp)$</arg>
<doc>Fails if ``string`` does not match ``pattern`` as a regular expression.</doc>
<status status="PASS" start="2024-07-17T23:15:54.392642" elapsed="0.000464"/>
</kw>
<kw name="Should Match Regexp" owner="BuiltIn">
<arg>${json_data['results'][0]['picture']['medium']}</arg>
<arg>^https?://.*\.(?:png|jpe?g|gif|bmp)$</arg>
<doc>Fails if ``string`` does not match ``pattern`` as a regular expression.</doc>
<status status="PASS" start="2024-07-17T23:15:54.393299" elapsed="0.000356"/>
</kw>
<kw name="Should Match Regexp" owner="BuiltIn">
<arg>${json_data['results'][0]['picture']['thumbnail']}</arg>
<arg>^https?://.*\.(?:png|jpe?g|gif|bmp)$</arg>
<doc>Fails if ``string`` does not match ``pattern`` as a regular expression.</doc>
<status status="PASS" start="2024-07-17T23:15:54.393842" elapsed="0.000357"/>
</kw>
<kw name="Log" owner="BuiltIn">
<msg time="2024-07-17T23:15:54.394719" level="INFO">{'large': 'https://randomuser.me/api/portraits/men/76.jpg', 'medium': 'https://randomuser.me/api/portraits/med/men/76.jpg', 'thumbnail': 'https://randomuser.me/api/portraits/thumb/men/76.jpg'}</msg>
<arg>${json_data['results'][0]['picture']}</arg>
<doc>Logs the given message with the given level.</doc>
<status status="PASS" start="2024-07-17T23:15:54.394382" elapsed="0.000381"/>
</kw>
<status status="PASS" start="2024-07-17T23:15:54.277233" elapsed="0.117814"/>
</kw>
<kw name="Teste de Tipos de Dados - Postcode" owner="random-user-service">
<kw name="GET On Session" owner="RequestsLibrary">
<msg time="2024-07-17T23:15:54.490763" level="INFO">GET Request : url=https://randomuser.me/api 
 path_url=/api 
 headers={'User-Agent': 'python-requests/2.32.3', 'Accept-Encoding': 'gzip, deflate', 'Accept': '*/*', 'Connection': 'keep-alive'} 
 body=None 
 </msg>
<msg time="2024-07-17T23:15:54.490862" level="INFO">GET Response : url=https://randomuser.me/api 
 status=200, reason=OK 
 headers={'Date': 'Wed, 17 Jul 2024 23:15:54 GMT', 'Content-Type': 'application/json; charset=utf-8', 'Transfer-Encoding': 'chunked', 'Connection': 'keep-alive', 'X-Powered-By': 'Express', 'Access-Control-Allow-Origin': '*', 'Cache-Control': 'no-cache', 'ETag': 'W/"496-jvKHupGFvp8HHgJBY0ETF6uGsO8"', 'Vary': 'Accept-Encoding', 'Content-Encoding': 'gzip', 'CF-Cache-Status': 'DYNAMIC', 'Report-To': '{"endpoints":[{"url":"https:\\/\\/a.nel.cloudflare.com\\/report\\/v4?s=GOR6S6tWWwhbZmU%2Bjq3cuCt96juXCUvsNOuLfx4y34RncFILynssYwDvwGvMGCoTEo3hYGQapVnBtzawnk7pKIL%2FBuzHZC%2F2lDTs3uUmtgIa32rglF2EgfT9fd8J%2F3ax"}],"group":"cf-nel","max_age":604800}', 'NEL': '{"success_fraction":0,"report_to":"cf-nel","max_age":604800}', 'Server': 'cloudflare', 'CF-RAY': '8a4defc90a5331a9-LAX', 'alt-svc': 'h3=":443"; ma=86400'} 
 body={"results":[{"gender":"female","name":{"title":"Mrs","first":"Harriet","last":"Hughes"},"location":{"street":{"number":3781,"name":"The Square"},"city":"Porirua","state":"Waikato","country":"New Zealand","postcode":25758,"coordinates":{"latitude":"51.1712","longitude":"141.2663"},"timezone":{"offset":"-5:00","description":"Eastern Time (US &amp; Canada), Bogota, Lima"}},"email":"harriet.hughes@example.com","login":{"uuid":"54936ead-2d00-4357-8dd0-814ce76519c2","username":"angryleopard176","password":"stiletto","salt":"ZcboxCF3","md5":"463bb5e868942ac298afc8f39ad13826","sha1":"9e08d5b0f354ba408fee4b44f03beae860f02a93","sha256":"557dd91f6e61e2fd4596bd733ad60dd07a27b1df7aa81838488263f98b1079c7"},"dob":{"date":"1961-03-06T08:52:09.844Z","age":63},"registered":{"date":"2017-06-29T17:52:29.427Z","age":7},"phone":"(433)-168-1160","cell":"(078)-741-7422","id":{"name":"","value":null},"picture":{"large":"https://randomuser.me/api/portraits/women/86.jpg","medium":"https://randomuser.me/api/portraits/med/women/86.jpg","thumbnail":"https://randomuser.me/api/portraits/thumb/women/86.jpg"},"nat":"NZ"}],"info":{"seed":"9256ab77d3af07bf","results":1,"page":1,"version":"1.4"}} 
 </msg>
<msg time="2024-07-17T23:15:54.490938" level="INFO">/opt/hostedtoolcache/Python/3.12.4/x64/lib/python3.12/site-packages/urllib3/connectionpool.py:1099: InsecureRequestWarning: Unverified HTTPS request is being made to host 'randomuser.me'. Adding certificate verification is strongly advised. See: https://urllib3.readthedocs.io/en/latest/advanced-usage.html#tls-warnings
  warnings.warn(</msg>
<msg time="2024-07-17T23:15:54.491116" level="INFO">${response} = &lt;Response [200]&gt;</msg>
<var>${response}</var>
<arg>consultarAPI</arg>
<arg>/api</arg>
<doc>Sends a GET request on a previously created HTTP Session.</doc>
<status status="PASS" start="2024-07-17T23:15:54.395519" elapsed="0.095645"/>
</kw>
<kw name="Set Variable" owner="BuiltIn">
<msg time="2024-07-17T23:15:54.492308" level="INFO">${json_data} = {'results': [{'gender': 'female', 'name': {'title': 'Mrs', 'first': 'Harriet', 'last': 'Hughes'}, 'location': {'street': {'number': 3781, 'name': 'The Square'}, 'city': 'Porirua', 'state': 'Waikato', ...</msg>
<var>${json_data}</var>
<arg>${response.json()}</arg>
<doc>Returns the given values which can then be assigned to a variables.</doc>
<status status="PASS" start="2024-07-17T23:15:54.491735" elapsed="0.000603"/>
</kw>
<kw name="Log" owner="BuiltIn">
<msg time="2024-07-17T23:15:54.492818" level="INFO">{'results': [{'gender': 'female', 'name': {'title': 'Mrs', 'first': 'Harriet', 'last': 'Hughes'}, 'location': {'street': {'number': 3781, 'name': 'The Square'}, 'city': 'Porirua', 'state': 'Waikato', 'country': 'New Zealand', 'postcode': 25758, 'coordinates': {'latitude': '51.1712', 'longitude': '141.2663'}, 'timezone': {'offset': '-5:00', 'description': 'Eastern Time (US &amp; Canada), Bogota, Lima'}}, 'email': 'harriet.hughes@example.com', 'login': {'uuid': '54936ead-2d00-4357-8dd0-814ce76519c2', 'username': 'angryleopard176', 'password': 'stiletto', 'salt': 'ZcboxCF3', 'md5': '463bb5e868942ac298afc8f39ad13826', 'sha1': '9e08d5b0f354ba408fee4b44f03beae860f02a93', 'sha256': '557dd91f6e61e2fd4596bd733ad60dd07a27b1df7aa81838488263f98b1079c7'}, 'dob': {'date': '1961-03-06T08:52:09.844Z', 'age': 63}, 'registered': {'date': '2017-06-29T17:52:29.427Z', 'age': 7}, 'phone': '(433)-168-1160', 'cell': '(078)-741-7422', 'id': {'name': '', 'value': None}, 'picture': {'large': 'https://randomuser.me/api/portraits/women/86.jpg', 'medium': 'https://randomuser.me/api/portraits/med/women/86.jpg', 'thumbnail': 'https://randomuser.me/api/portraits/thumb/women/86.jpg'}, 'nat': 'NZ'}], 'info': {'seed': '9256ab77d3af07bf', 'results': 1, 'page': 1, 'version': '1.4'}}</msg>
<arg>${json_data}</arg>
<doc>Logs the given message with the given level.</doc>
<status status="PASS" start="2024-07-17T23:15:54.492660" elapsed="0.000207"/>
</kw>
<kw name="Should Be Equal As Numbers" owner="BuiltIn">
<arg>${json_data['results'][0]['location']['postcode']}</arg>
<arg>${json_data['results'][0]['location']['postcode']}</arg>
<doc>Fails if objects are unequal after converting them to real numbers.</doc>
<status status="PASS" start="2024-07-17T23:15:54.493161" elapsed="0.000649"/>
</kw>
<kw name="Log" owner="BuiltIn">
<msg time="2024-07-17T23:15:54.494352" level="INFO">25758</msg>
<arg>${json_data['results'][0]['location']['postcode']}</arg>
<doc>Logs the given message with the given level.</doc>
<status status="PASS" start="2024-07-17T23:15:54.494003" elapsed="0.000390"/>
</kw>
<status status="PASS" start="2024-07-17T23:15:54.395286" elapsed="0.099397"/>
</kw>
<doc>Testa se os tipos de dados na resposta da API estão corretos.</doc>
<tag>testeTiposDados</tag>
<status status="PASS" start="2024-07-17T23:15:54.276777" elapsed="0.218082"/>
</test>
<test id="s1-s1-t5" name="Validar conteudo" line="35">
<kw name="Teste de Tipos de Conteudo" owner="random-user-service">
<kw name="GET On Session" owner="RequestsLibrary">
<msg time="2024-07-17T23:15:54.592183" level="INFO">GET Request : url=https://randomuser.me/api 
 path_url=/api 
 headers={'User-Agent': 'python-requests/2.32.3', 'Accept-Encoding': 'gzip, deflate', 'Accept': '*/*', 'Connection': 'keep-alive'} 
 body=None 
 </msg>
<msg time="2024-07-17T23:15:54.592270" level="INFO">GET Response : url=https://randomuser.me/api 
 status=200, reason=OK 
 headers={'Date': 'Wed, 17 Jul 2024 23:15:54 GMT', 'Content-Type': 'application/json; charset=utf-8', 'Transfer-Encoding': 'chunked', 'Connection': 'keep-alive', 'X-Powered-By': 'Express', 'Access-Control-Allow-Origin': '*', 'Cache-Control': 'no-cache', 'ETag': 'W/"486-qeCZ5piHmcgHC4FAwVpQmzP+opw"', 'Vary': 'Accept-Encoding', 'Content-Encoding': 'gzip', 'CF-Cache-Status': 'DYNAMIC', 'Report-To': '{"endpoints":[{"url":"https:\\/\\/a.nel.cloudflare.com\\/report\\/v4?s=E73TYzraEcdjMtaSQ9mGtfX95rKmcEE8IrID0bqSFrZiTNZYIBZhygwji5C6F1Q3xW3y0dCp17tUq0wJUOKyZ6kZvnrbczn%2FE87oL9MBzXmNMSAvwtZBghfX0Y10m%2BUw"}],"group":"cf-nel","max_age":604800}', 'NEL': '{"success_fraction":0,"report_to":"cf-nel","max_age":604800}', 'Server': 'cloudflare', 'CF-RAY': '8a4defc9ab0431a9-LAX', 'alt-svc': 'h3=":443"; ma=86400'} 
 body={"results":[{"gender":"male","name":{"title":"Mr","first":"Nikodem","last":"Løvdal"},"location":{"street":{"number":8228,"name":"Simensbrekka"},"city":"Stryn","state":"Nordland","country":"Norway","postcode":"6142","coordinates":{"latitude":"42.8795","longitude":"-120.9540"},"timezone":{"offset":"+10:00","description":"Eastern Australia, Guam, Vladivostok"}},"email":"nikodem.lovdal@example.com","login":{"uuid":"b8fdbc8d-ac08-41a7-9d93-85080a137c8c","username":"organicduck597","password":"sparta","salt":"OVdGeOEe","md5":"a60bb404e45f66f80ef7b243b8ef65a9","sha1":"b013dccbd94538473e5929a3f35c7de9fe01ea16","sha256":"2c5b779a8d727799dd5ed2fe26eac23e4cf589ba7084f5d025b077fb236f3650"},"dob":{"date":"1964-12-16T19:14:33.662Z","age":59},"registered":{"date":"2003-01-22T04:23:21.916Z","age":21},"phone":"26024758","cell":"97055295","id":{"name":"FN","value":"16126431353"},"picture":{"large":"https://randomuser.me/api/portraits/men/52.jpg","medium":"https://randomuser.me/api/portraits/med/men/52.jpg","thumbnail":"https://randomuser.me/api/portraits/thumb/men/52.jpg"},"nat":"NO"}],"info":{"seed":"ccc825d47afa0b1a","results":1,"page":1,"version":"1.4"}} 
 </msg>
<msg time="2024-07-17T23:15:54.592345" level="INFO">/opt/hostedtoolcache/Python/3.12.4/x64/lib/python3.12/site-packages/urllib3/connectionpool.py:1099: InsecureRequestWarning: Unverified HTTPS request is being made to host 'randomuser.me'. Adding certificate verification is strongly advised. See: https://urllib3.readthedocs.io/en/latest/advanced-usage.html#tls-warnings
  warnings.warn(</msg>
<msg time="2024-07-17T23:15:54.592443" level="INFO">${response} = &lt;Response [200]&gt;</msg>
<var>${response}</var>
<arg>consultarAPI</arg>
<arg>/api</arg>
<doc>Sends a GET request on a previously created HTTP Session.</doc>
<status status="PASS" start="2024-07-17T23:15:54.497477" elapsed="0.095007"/>
</kw>
<kw name="Set Variable" owner="BuiltIn">
<msg time="2024-07-17T23:15:54.593607" level="INFO">${json_data} = {'results': [{'gender': 'male', 'name': {'title': 'Mr', 'first': 'Nikodem', 'last': 'Løvdal'}, 'location': {'street': {'number': 8228, 'name': 'Simensbrekka'}, 'city': 'Stryn', 'state': 'Nordland', 'c...</msg>
<var>${json_data}</var>
<arg>${response.json()}</arg>
<doc>Returns the given values which can then be assigned to a variables.</doc>
<status status="PASS" start="2024-07-17T23:15:54.593006" elapsed="0.000632"/>
</kw>
<kw name="Set Variable" owner="BuiltIn">
<msg time="2024-07-17T23:15:54.594337" level="INFO">${name_title} = Mr</msg>
<var>${name_title}</var>
<arg>${json_data["results"][0]["name"]["title"]}</arg>
<doc>Returns the given values which can then be assigned to a variables.</doc>
<status status="PASS" start="2024-07-17T23:15:54.593948" elapsed="0.000416"/>
</kw>
<kw name="Create List" owner="BuiltIn">
<msg time="2024-07-17T23:15:54.594811" level="INFO">${allowed_titles} = ['Mr', 'Ms', 'Miss', 'Mrs', 'Madame', 'Monsieur']</msg>
<var>${allowed_titles}</var>
<arg>Mr</arg>
<arg>Ms</arg>
<arg>Miss</arg>
<arg>Mrs</arg>
<arg>Madame</arg>
<arg>Monsieur</arg>
<doc>Returns a list containing given items.</doc>
<status status="PASS" start="2024-07-17T23:15:54.594661" elapsed="0.000175"/>
</kw>
<kw name="List Should Contain Value" owner="Collections">
<arg>${allowed_titles}</arg>
<arg>${name_title}</arg>
<doc>Fails if the ``value`` is not found from ``list``.</doc>
<status status="PASS" start="2024-07-17T23:15:54.595190" elapsed="0.000185"/>
</kw>
<kw name="Set Variable" owner="BuiltIn">
<msg time="2024-07-17T23:15:54.595925" level="INFO">${name_country} = NO</msg>
<var>${name_country}</var>
<arg>${json_data["results"][0]["nat"]}</arg>
<doc>Returns the given values which can then be assigned to a variables.</doc>
<status status="PASS" start="2024-07-17T23:15:54.595554" elapsed="0.000396"/>
</kw>
<kw name="Create List" owner="BuiltIn">
<msg time="2024-07-17T23:15:54.596827" level="INFO">${list_country} = ['AD', 'AE', 'AF', 'AG', 'AI', 'AL', 'AM', 'AO', 'AQ', 'AR', 'AS', 'AT', 'AU', 'AW', 'AX', 'AZ', 'BA', 'BB', 'BD', 'BE', 'BF', 'BG', 'BH', 'BI', 'BJ', 'BL', 'BM', 'BN', 'BO', 'BQ', 'BR', 'BS', 'BT', '...</msg>
<var>${list_country}</var>
<arg>AD</arg>
<arg>AE</arg>
<arg>AF</arg>
<arg>AG</arg>
<arg>AI</arg>
<arg>AL</arg>
<arg>AM</arg>
<arg>AO</arg>
<arg>AQ</arg>
<arg>AR</arg>
<arg>AS</arg>
<arg>AT</arg>
<arg>AU</arg>
<arg>AW</arg>
<arg>AX</arg>
<arg>AZ</arg>
<arg>BA</arg>
<arg>BB</arg>
<arg>BD</arg>
<arg>BE</arg>
<arg>BF</arg>
<arg>BG</arg>
<arg>BH</arg>
<arg>BI</arg>
<arg>BJ</arg>
<arg>BL</arg>
<arg>BM</arg>
<arg>BN</arg>
<arg>BO</arg>
<arg>BQ</arg>
<arg>BR</arg>
<arg>BS</arg>
<arg>BT</arg>
<arg>BV</arg>
<arg>BW</arg>
<arg>BY</arg>
<arg>BZ</arg>
<arg>CA</arg>
<arg>CC</arg>
<arg>CD</arg>
<arg>CF</arg>
<arg>CG</arg>
<arg>CH</arg>
<arg>CI</arg>
<arg>CK</arg>
<arg>CL</arg>
<arg>CM</arg>
<arg>CN</arg>
<arg>CO</arg>
<arg>CR</arg>
<arg>CU</arg>
<arg>CV</arg>
<arg>CW</arg>
<arg>CX</arg>
<arg>CY</arg>
<arg>CZ</arg>
<arg>DE</arg>
<arg>DJ</arg>
<arg>DK</arg>
<arg>DM</arg>
<arg>DO</arg>
<arg>DZ</arg>
<arg>EC</arg>
<arg>EE</arg>
<arg>EG</arg>
<arg>EH</arg>
<arg>ER</arg>
<arg>ES</arg>
<arg>ET</arg>
<arg>FI</arg>
<arg>FJ</arg>
<arg>FK</arg>
<arg>FM</arg>
<arg>FO</arg>
<arg>FR</arg>
<arg>GA</arg>
<arg>GB</arg>
<arg>GD</arg>
<arg>GE</arg>
<arg>GF</arg>
<arg>GG</arg>
<arg>GH</arg>
<arg>GI</arg>
<arg>GL</arg>
<arg>GM</arg>
<arg>GN</arg>
<arg>GP</arg>
<arg>GQ</arg>
<arg>GR</arg>
<arg>GS</arg>
<arg>GT</arg>
<arg>GU</arg>
<arg>GW</arg>
<arg>GY</arg>
<arg>HK</arg>
<arg>HM</arg>
<arg>HN</arg>
<arg>HR</arg>
<arg>HT</arg>
<arg>HU</arg>
<arg>ID</arg>
<arg>IE</arg>
<arg>IL</arg>
<arg>IM</arg>
<arg>IN</arg>
<arg>IO</arg>
<arg>IQ</arg>
<arg>IR</arg>
<arg>IS</arg>
<arg>IT</arg>
<arg>JE</arg>
<arg>JM</arg>
<arg>JO</arg>
<arg>JP</arg>
<arg>KE</arg>
<arg>KG</arg>
<arg>KH</arg>
<arg>KI</arg>
<arg>KM</arg>
<arg>KN</arg>
<arg>KP</arg>
<arg>KR</arg>
<arg>KW</arg>
<arg>KY</arg>
<arg>KZ</arg>
<arg>LA</arg>
<arg>LB</arg>
<arg>LC</arg>
<arg>LI</arg>
<arg>LK</arg>
<arg>LR</arg>
<arg>LS</arg>
<arg>LT</arg>
<arg>LU</arg>
<arg>LV</arg>
<arg>LY</arg>
<arg>MA</arg>
<arg>MC</arg>
<arg>MD</arg>
<arg>ME</arg>
<arg>MF</arg>
<arg>MG</arg>
<arg>MH</arg>
<arg>MK</arg>
<arg>ML</arg>
<arg>MM</arg>
<arg>MN</arg>
<arg>MO</arg>
<arg>MP</arg>
<arg>MQ</arg>
<arg>MR</arg>
<arg>MS</arg>
<arg>MT</arg>
<arg>MU</arg>
<arg>MV</arg>
<arg>MW</arg>
<arg>MX</arg>
<arg>MY</arg>
<arg>MZ</arg>
<arg>NA</arg>
<arg>NC</arg>
<arg>NE</arg>
<arg>NF</arg>
<arg>NG</arg>
<arg>NI</arg>
<arg>NL</arg>
<arg>NO</arg>
<arg>NP</arg>
<arg>NR</arg>
<arg>NU</arg>
<arg>NZ</arg>
<arg>OM</arg>
<arg>PA</arg>
<arg>PE</arg>
<arg>PF</arg>
<arg>PG</arg>
<arg>PH</arg>
<arg>PK</arg>
<arg>PL</arg>
<arg>PM</arg>
<arg>PN</arg>
<arg>PR</arg>
<arg>PS</arg>
<arg>PT</arg>
<arg>PW</arg>
<arg>PY</arg>
<arg>QA</arg>
<arg>RE</arg>
<arg>RO</arg>
<arg>RS</arg>
<arg>RU</arg>
<arg>RW</arg>
<arg>SA</arg>
<arg>SB</arg>
<arg>SC</arg>
<arg>SD</arg>
<arg>SE</arg>
<arg>SG</arg>
<arg>SH</arg>
<arg>SI</arg>
<arg>SJ</arg>
<arg>SK</arg>
<arg>SL</arg>
<arg>SM</arg>
<arg>SN</arg>
<arg>SO</arg>
<arg>SR</arg>
<arg>SS</arg>
<arg>ST</arg>
<arg>SV</arg>
<arg>SX</arg>
<arg>SY</arg>
<arg>SZ</arg>
<arg>TC</arg>
<arg>TD</arg>
<arg>TF</arg>
<arg>TG</arg>
<arg>TH</arg>
<arg>TJ</arg>
<arg>TK</arg>
<arg>TL</arg>
<arg>TM</arg>
<arg>TN</arg>
<arg>TO</arg>
<arg>TR</arg>
<arg>TT</arg>
<arg>TV</arg>
<arg>TW</arg>
<arg>TZ</arg>
<arg>UA</arg>
<arg>UG</arg>
<arg>UM</arg>
<arg>US</arg>
<arg>UY</arg>
<arg>UZ</arg>
<arg>VA</arg>
<arg>VC</arg>
<arg>VE</arg>
<arg>VG</arg>
<arg>VI</arg>
<arg>VN</arg>
<arg>VU</arg>
<arg>WF</arg>
<arg>WS</arg>
<arg>XK</arg>
<arg>YE</arg>
<arg>YT</arg>
<arg>ZA</arg>
<arg>ZM</arg>
<arg>ZW</arg>
<doc>Returns a list containing given items.</doc>
<status status="PASS" start="2024-07-17T23:15:54.596242" elapsed="0.000611"/>
</kw>
<kw name="List Should Contain Value" owner="Collections">
<arg>${list_country}</arg>
<arg>${name_country}</arg>
<doc>Fails if the ``value`` is not found from ``list``.</doc>
<status status="PASS" start="2024-07-17T23:15:54.597807" elapsed="0.000209"/>
</kw>
<kw name="Run Keyword If" owner="BuiltIn">
<kw name="Should Be True" owner="BuiltIn">
<arg>${True}</arg>
<doc>Fails if the given condition is not true.</doc>
<status status="PASS" start="2024-07-17T23:15:54.598964" elapsed="0.000172"/>
</kw>
<arg>${json_data["results"][0]["location"]["coordinates"]["latitude"]} &gt;= -90 and ${json_data["results"][0]["location"]["coordinates"]["latitude"]} &lt;= 90</arg>
<arg>Should Be True</arg>
<arg>${True}</arg>
<doc>Runs the given keyword with the given arguments, if ``condition`` is true.</doc>
<status status="PASS" start="2024-07-17T23:15:54.598216" elapsed="0.001047"/>
</kw>
<kw name="Run Keyword If" owner="BuiltIn">
<kw name="Should Be True" owner="BuiltIn">
<arg>${True}</arg>
<doc>Fails if the given condition is not true.</doc>
<status status="PASS" start="2024-07-17T23:15:54.600144" elapsed="0.000139"/>
</kw>
<arg>${json_data["results"][0]["location"]["coordinates"]["longitude"]} &gt;= -180 and ${json_data["results"][0]["location"]["coordinates"]["longitude"]} &lt;= 180</arg>
<arg>Should Be True</arg>
<arg>${True}</arg>
<doc>Runs the given keyword with the given arguments, if ``condition`` is true.</doc>
<status status="PASS" start="2024-07-17T23:15:54.599448" elapsed="0.000958"/>
</kw>
<status status="PASS" start="2024-07-17T23:15:54.497251" elapsed="0.103287"/>
</kw>
<doc>Testa o conteúdo específico dos campos retornados pela API.</doc>
<tag>testeConteudo</tag>
<status status="PASS" start="2024-07-17T23:15:54.496723" elapsed="0.103964"/>
</test>
<status status="PASS" start="2024-07-17T23:15:53.658712" elapsed="0.943957"/>
</suite>
<status status="PASS" start="2024-07-17T23:15:53.644443" elapsed="0.963301"/>
</suite>
<statistics>
<total>
<stat pass="5" fail="0" skip="0">All Tests</stat>
</total>
<tag>
<stat pass="1" fail="0" skip="0">testeConteudo</stat>
<stat pass="1" fail="0" skip="0">testeEstruturaResposta</stat>
<stat pass="1" fail="0" skip="0">testeRequisicaoBasica</stat>
<stat pass="1" fail="0" skip="0">testeTiposDados</stat>
</tag>
<suite>
<stat pass="5" fail="0" skip="0" id="s1" name="Tests">Tests</stat>
<stat pass="5" fail="0" skip="0" id="s1-s1" name="Random-User-Test">Tests.Random-User-Test</stat>
</suite>
</statistics>
<errors>
</errors>
</robot>
