<?xml version="1.0" encoding="UTF-8"?>
<robot generator="Robot 7.0.1 (Python 3.12.4 on linux)" generated="2024-07-20T11:12:42.090508" rpa="false" schemaversion="5">
<suite id="s1" name="Tests" source="/home/runner/work/ApiRandomUser/ApiRandomUser/RamdonUser/tests">
<suite id="s1-s1" name="Random-User-Test" source="/home/runner/work/ApiRandomUser/ApiRandomUser/RamdonUser/tests/random-user-test.robot">
<test id="s1-s1-t1" name="Conectar" line="13">
<kw name="Conectar API" owner="random-user-service">
<kw name="Create Session" owner="RequestsLibrary">
<msg time="2024-07-20T11:12:42.490992" level="INFO">Creating Session using : alias=consultarAPI, url=https://randomuser.me/, headers={},                     cookies={}, auth=None, timeout=None, proxies=None, verify=False,                     debug=0 </msg>
<arg>consultarAPI</arg>
<arg>${URL}</arg>
<doc>Create Session: create a HTTP session to a server</doc>
<status status="PASS" start="2024-07-20T11:12:42.490805" elapsed="0.000355"/>
</kw>
<status status="PASS" start="2024-07-20T11:12:42.489826" elapsed="0.001675"/>
</kw>
<status status="PASS" start="2024-07-20T11:12:42.489228" elapsed="0.002462"/>
</test>
<test id="s1-s1-t2" name="Validar retorno 200 e JSON Válido" line="16">
<kw name="Teste de Requisicao Basica" owner="random-user-service">
<kw name="GET On Session" owner="RequestsLibrary">
<msg time="2024-07-20T11:12:42.615923" level="INFO">GET Request : url=https://randomuser.me/api 
 path_url=/api 
 headers={'User-Agent': 'python-requests/2.32.3', 'Accept-Encoding': 'gzip, deflate', 'Accept': '*/*', 'Connection': 'keep-alive'} 
 body=None 
 </msg>
<msg time="2024-07-20T11:12:42.616039" level="INFO">GET Response : url=https://randomuser.me/api 
 status=200, reason=OK 
 headers={'Date': 'Sat, 20 Jul 2024 11:12:42 GMT', 'Content-Type': 'application/json; charset=utf-8', 'Transfer-Encoding': 'chunked', 'Connection': 'keep-alive', 'X-Powered-By': 'Express', 'Access-Control-Allow-Origin': '*', 'Cache-Control': 'no-cache', 'ETag': 'W/"479-B+So8CdbetkDEEWBZasswWO3yUs"', 'Vary': 'Accept-Encoding', 'Content-Encoding': 'gzip', 'CF-Cache-Status': 'DYNAMIC', 'Report-To': '{"endpoints":[{"url":"https:\\/\\/a.nel.cloudflare.com\\/report\\/v4?s=JUYcly4WjhxEnw%2FTsV5pzMJzfxf%2BvBH6BXmdXqSJu6IBcUVd%2FnwRPoKW6Zd6BSjpdm7XMzw3DkL46rOdynH7OqBI9411NWc3BCncYvQiRWVRtYm7tK8nwphg0DJyJ5Wr"}],"group":"cf-nel","max_age":604800}', 'NEL': '{"success_fraction":0,"report_to":"cf-nel","max_age":604800}', 'Server': 'cloudflare', 'CF-RAY': '8a628489c9561668-SJC', 'alt-svc': 'h3=":443"; ma=86400'} 
 body={"results":[{"gender":"male","name":{"title":"Mr","first":"Zemislav","last":"Garmatiy"},"location":{"street":{"number":8689,"name":"1-y Bortnickiy provulok"},"city":"Krasiliv","state":"Poltavska","country":"Ukraine","postcode":49520,"coordinates":{"latitude":"76.6568","longitude":"-147.5408"},"timezone":{"offset":"+4:30","description":"Kabul"}},"email":"zemislav.garmatiy@example.com","login":{"uuid":"62ad17a7-51a9-4173-8551-68b43888c5ff","username":"goldenbird484","password":"ducati","salt":"vgQMeBnX","md5":"166175c07762b42d4d195553bbc6b0be","sha1":"8d51487653550f4f6a794a5659aa844b782e3e75","sha256":"620f3584c4880ecf047f95efab5fbbc3133c962323d0008a06eaf5652bcd274b"},"dob":{"date":"1973-06-14T20:54:23.825Z","age":51},"registered":{"date":"2017-03-08T21:35:13.360Z","age":7},"phone":"(067) O55-7399","cell":"(067) V68-3139","id":{"name":"","value":null},"picture":{"large":"https://randomuser.me/api/portraits/men/25.jpg","medium":"https://randomuser.me/api/portraits/med/men/25.jpg","thumbnail":"https://randomuser.me/api/portraits/thumb/men/25.jpg"},"nat":"UA"}],"info":{"seed":"66ddab4b4d3ea05d","results":1,"page":1,"version":"1.4"}} 
 </msg>
<msg time="2024-07-20T11:12:42.616104" level="INFO">/opt/hostedtoolcache/Python/3.12.4/x64/lib/python3.12/site-packages/urllib3/connectionpool.py:1099: InsecureRequestWarning: Unverified HTTPS request is being made to host 'randomuser.me'. Adding certificate verification is strongly advised. See: https://urllib3.readthedocs.io/en/latest/advanced-usage.html#tls-warnings
  warnings.warn(</msg>
<msg time="2024-07-20T11:12:42.616231" level="INFO">${response} = &lt;Response [200]&gt;</msg>
<var>${response}</var>
<arg>consultarAPI</arg>
<arg>/api</arg>
<doc>Sends a GET request on a previously created HTTP Session.</doc>
<status status="PASS" start="2024-07-20T11:12:42.494346" elapsed="0.121928"/>
</kw>
<kw name="Should Be Equal As Numbers" owner="BuiltIn">
<msg time="2024-07-20T11:12:42.617052" level="INFO">Argument types are:
&lt;class 'int'&gt;
&lt;class 'str'&gt;</msg>
<arg>${response.status_code}</arg>
<arg>200</arg>
<doc>Fails if objects are unequal after converting them to real numbers.</doc>
<status status="PASS" start="2024-07-20T11:12:42.616653" elapsed="0.000462"/>
</kw>
<kw name="Log" owner="BuiltIn">
<msg time="2024-07-20T11:12:42.617836" level="INFO">200</msg>
<arg>${response.status_code}</arg>
<doc>Logs the given message with the given level.</doc>
<status status="PASS" start="2024-07-20T11:12:42.617472" elapsed="0.000407"/>
</kw>
<kw name="Set Variable" owner="BuiltIn">
<msg time="2024-07-20T11:12:42.618619" level="INFO">${json_data} = {'results': [{'gender': 'male', 'name': {'title': 'Mr', 'first': 'Zemislav', 'last': 'Garmatiy'}, 'location': {'street': {'number': 8689, 'name': '1-y Bortnickiy provulok'}, 'city': 'Krasiliv', 'state...</msg>
<var>${json_data}</var>
<arg>${response.json()}</arg>
<doc>Returns the given values which can then be assigned to a variables.</doc>
<status status="PASS" start="2024-07-20T11:12:42.618186" elapsed="0.000462"/>
</kw>
<kw name="Dictionary Should Contain Key" owner="Collections">
<arg>${json_data}</arg>
<arg>results</arg>
<doc>Fails if ``key`` is not found from ``dictionary``.</doc>
<status status="PASS" start="2024-07-20T11:12:42.618949" elapsed="0.000295"/>
</kw>
<status status="PASS" start="2024-07-20T11:12:42.494104" elapsed="0.125289"/>
</kw>
<doc>Testa se a API responde corretamente e retorna um objeto JSON válido.</doc>
<tag>testeRequisicaoBasica</tag>
<status status="PASS" start="2024-07-20T11:12:42.493584" elapsed="0.125967"/>
</test>
<test id="s1-s1-t3" name="Validar estrutura de resposta" line="22">
<kw name="Teste de Estrutura de Resposta" owner="random-user-service">
<kw name="GET On Session" owner="RequestsLibrary">
<msg time="2024-07-20T11:12:42.722660" level="INFO">GET Request : url=https://randomuser.me/api 
 path_url=/api 
 headers={'User-Agent': 'python-requests/2.32.3', 'Accept-Encoding': 'gzip, deflate', 'Accept': '*/*', 'Connection': 'keep-alive'} 
 body=None 
 </msg>
<msg time="2024-07-20T11:12:42.722751" level="INFO">GET Response : url=https://randomuser.me/api 
 status=200, reason=OK 
 headers={'Date': 'Sat, 20 Jul 2024 11:12:42 GMT', 'Content-Type': 'application/json; charset=utf-8', 'Transfer-Encoding': 'chunked', 'Connection': 'keep-alive', 'X-Powered-By': 'Express', 'Access-Control-Allow-Origin': '*', 'Cache-Control': 'no-cache', 'ETag': 'W/"471-YPb42++KN8439nrGc3+CrTG0jDU"', 'Vary': 'Accept-Encoding', 'Content-Encoding': 'gzip', 'CF-Cache-Status': 'DYNAMIC', 'Report-To': '{"endpoints":[{"url":"https:\\/\\/a.nel.cloudflare.com\\/report\\/v4?s=eV7Ozs%2FUXJqkXZMkGqg1%2F3OoJMDLnZDZRAWW7NouRCuuNDiXMFdfNE9CsBe4SJPYbN192A8mgLM42Xpfs8mohs2oBvcZ6lZTO9wWES8xYXxGnD3iKUTVvAyVdCyKjrcq"}],"group":"cf-nel","max_age":604800}', 'NEL': '{"success_fraction":0,"report_to":"cf-nel","max_age":604800}', 'Server': 'cloudflare', 'CF-RAY': '8a62848a69b21668-SJC', 'alt-svc': 'h3=":443"; ma=86400'} 
 body={"results":[{"gender":"female","name":{"title":"Ms","first":"Ella","last":"Sørensen"},"location":{"street":{"number":9702,"name":"Syrenvej"},"city":"Noerre Alslev","state":"Danmark","country":"Denmark","postcode":70288,"coordinates":{"latitude":"-45.8144","longitude":"94.6136"},"timezone":{"offset":"+5:45","description":"Kathmandu"}},"email":"ella.sorensen@example.com","login":{"uuid":"3eebfd82-ae9c-4d57-a6da-0190dc303ee1","username":"redbear188","password":"sunflowe","salt":"6LUZvDhx","md5":"a88520b3440e1f05c81ab629cf86737a","sha1":"2e5c8b21fe51ed619383fdb9bf519d7293939f5e","sha256":"ddf3f176d5362c1f6daa9a96962201e29434399375b9e64e38ac612748b5fcad"},"dob":{"date":"1977-12-03T23:05:29.520Z","age":46},"registered":{"date":"2003-02-07T14:05:39.693Z","age":21},"phone":"72028819","cell":"53353829","id":{"name":"CPR","value":"031277-6672"},"picture":{"large":"https://randomuser.me/api/portraits/women/79.jpg","medium":"https://randomuser.me/api/portraits/med/women/79.jpg","thumbnail":"https://randomuser.me/api/portraits/thumb/women/79.jpg"},"nat":"DK"}],"info":{"seed":"6fa73d31a8de1004","results":1,"page":1,"version":"1.4"}} 
 </msg>
<msg time="2024-07-20T11:12:42.722884" level="INFO">/opt/hostedtoolcache/Python/3.12.4/x64/lib/python3.12/site-packages/urllib3/connectionpool.py:1099: InsecureRequestWarning: Unverified HTTPS request is being made to host 'randomuser.me'. Adding certificate verification is strongly advised. See: https://urllib3.readthedocs.io/en/latest/advanced-usage.html#tls-warnings
  warnings.warn(</msg>
<msg time="2024-07-20T11:12:42.723039" level="INFO">${response} = &lt;Response [200]&gt;</msg>
<var>${response}</var>
<arg>consultarAPI</arg>
<arg>/api</arg>
<doc>Sends a GET request on a previously created HTTP Session.</doc>
<status status="PASS" start="2024-07-20T11:12:42.622153" elapsed="0.100942"/>
</kw>
<kw name="Set Variable" owner="BuiltIn">
<msg time="2024-07-20T11:12:42.724052" level="INFO">${json_data} = {'results': [{'gender': 'female', 'name': {'title': 'Ms', 'first': 'Ella', 'last': 'Sørensen'}, 'location': {'street': {'number': 9702, 'name': 'Syrenvej'}, 'city': 'Noerre Alslev', 'state': 'Danmark'...</msg>
<var>${json_data}</var>
<arg>${response.json()}</arg>
<doc>Returns the given values which can then be assigned to a variables.</doc>
<status status="PASS" start="2024-07-20T11:12:42.723522" elapsed="0.000561"/>
</kw>
<kw name="Log" owner="BuiltIn">
<msg time="2024-07-20T11:12:42.724581" level="INFO">{'results': [{'gender': 'female', 'name': {'title': 'Ms', 'first': 'Ella', 'last': 'Sørensen'}, 'location': {'street': {'number': 9702, 'name': 'Syrenvej'}, 'city': 'Noerre Alslev', 'state': 'Danmark', 'country': 'Denmark', 'postcode': 70288, 'coordinates': {'latitude': '-45.8144', 'longitude': '94.6136'}, 'timezone': {'offset': '+5:45', 'description': 'Kathmandu'}}, 'email': 'ella.sorensen@example.com', 'login': {'uuid': '3eebfd82-ae9c-4d57-a6da-0190dc303ee1', 'username': 'redbear188', 'password': 'sunflowe', 'salt': '6LUZvDhx', 'md5': 'a88520b3440e1f05c81ab629cf86737a', 'sha1': '2e5c8b21fe51ed619383fdb9bf519d7293939f5e', 'sha256': 'ddf3f176d5362c1f6daa9a96962201e29434399375b9e64e38ac612748b5fcad'}, 'dob': {'date': '1977-12-03T23:05:29.520Z', 'age': 46}, 'registered': {'date': '2003-02-07T14:05:39.693Z', 'age': 21}, 'phone': '72028819', 'cell': '53353829', 'id': {'name': 'CPR', 'value': '031277-6672'}, 'picture': {'large': 'https://randomuser.me/api/portraits/women/79.jpg', 'medium': 'https://randomuser.me/api/portraits/med/women/79.jpg', 'thumbnail': 'https://randomuser.me/api/portraits/thumb/women/79.jpg'}, 'nat': 'DK'}], 'info': {'seed': '6fa73d31a8de1004', 'results': 1, 'page': 1, 'version': '1.4'}}</msg>
<arg>${json_data}</arg>
<doc>Logs the given message with the given level.</doc>
<status status="PASS" start="2024-07-20T11:12:42.724412" elapsed="0.000221"/>
</kw>
<kw name="Dictionary Should Contain Key" owner="Collections">
<arg>${json_data}</arg>
<arg>results</arg>
<doc>Fails if ``key`` is not found from ``dictionary``.</doc>
<status status="PASS" start="2024-07-20T11:12:42.724933" elapsed="0.000161"/>
</kw>
<kw name="Should Not Be Empty" owner="BuiltIn">
<msg time="2024-07-20T11:12:42.725462" level="INFO">Length is 2.</msg>
<arg>${json_data}</arg>
<doc>Verifies that the given item is not empty.</doc>
<status status="PASS" start="2024-07-20T11:12:42.725285" elapsed="0.000220"/>
</kw>
<kw name="Create List" owner="BuiltIn">
<msg time="2024-07-20T11:12:42.725963" level="INFO">${expected_keys} = ['gender', 'name', 'location', 'email', 'login']</msg>
<var>${expected_keys}</var>
<arg>gender</arg>
<arg>name</arg>
<arg>location</arg>
<arg>email</arg>
<arg>login</arg>
<doc>Returns a list containing given items.</doc>
<status status="PASS" start="2024-07-20T11:12:42.725806" elapsed="0.000182"/>
</kw>
<for flavor="IN">
<iter>
<kw name="Dictionary Should Contain Key" owner="Collections">
<arg>${json_data['results'][0]}</arg>
<arg>${key}</arg>
<doc>Fails if ``key`` is not found from ``dictionary``.</doc>
<status status="PASS" start="2024-07-20T11:12:42.726569" elapsed="0.000415"/>
</kw>
<kw name="Log" owner="BuiltIn">
<msg time="2024-07-20T11:12:42.727547" level="INFO">{'gender': 'female', 'name': {'title': 'Ms', 'first': 'Ella', 'last': 'Sørensen'}, 'location': {'street': {'number': 9702, 'name': 'Syrenvej'}, 'city': 'Noerre Alslev', 'state': 'Danmark', 'country': 'Denmark', 'postcode': 70288, 'coordinates': {'latitude': '-45.8144', 'longitude': '94.6136'}, 'timezone': {'offset': '+5:45', 'description': 'Kathmandu'}}, 'email': 'ella.sorensen@example.com', 'login': {'uuid': '3eebfd82-ae9c-4d57-a6da-0190dc303ee1', 'username': 'redbear188', 'password': 'sunflowe', 'salt': '6LUZvDhx', 'md5': 'a88520b3440e1f05c81ab629cf86737a', 'sha1': '2e5c8b21fe51ed619383fdb9bf519d7293939f5e', 'sha256': 'ddf3f176d5362c1f6daa9a96962201e29434399375b9e64e38ac612748b5fcad'}, 'dob': {'date': '1977-12-03T23:05:29.520Z', 'age': 46}, 'registered': {'date': '2003-02-07T14:05:39.693Z', 'age': 21}, 'phone': '72028819', 'cell': '53353829', 'id': {'name': 'CPR', 'value': '031277-6672'}, 'picture': {'large': 'https://randomuser.me/api/portraits/women/79.jpg', 'medium': 'https://randomuser.me/api/portraits/med/women/79.jpg', 'thumbnail': 'https://randomuser.me/api/portraits/thumb/women/79.jpg'}, 'nat': 'DK'}</msg>
<arg>${json_data['results'][0]}</arg>
<doc>Logs the given message with the given level.</doc>
<status status="PASS" start="2024-07-20T11:12:42.727177" elapsed="0.000422"/>
</kw>
<kw name="Log" owner="BuiltIn">
<msg time="2024-07-20T11:12:42.728039" level="INFO">gender</msg>
<arg>${key}</arg>
<doc>Logs the given message with the given level.</doc>
<status status="PASS" start="2024-07-20T11:12:42.727908" elapsed="0.000171"/>
</kw>
<var name="${key}">gender</var>
<status status="PASS" start="2024-07-20T11:12:42.726439" elapsed="0.001862"/>
</iter>
<iter>
<kw name="Dictionary Should Contain Key" owner="Collections">
<arg>${json_data['results'][0]}</arg>
<arg>${key}</arg>
<doc>Fails if ``key`` is not found from ``dictionary``.</doc>
<status status="PASS" start="2024-07-20T11:12:42.728606" elapsed="0.000387"/>
</kw>
<kw name="Log" owner="BuiltIn">
<msg time="2024-07-20T11:12:42.729586" level="INFO">{'gender': 'female', 'name': {'title': 'Ms', 'first': 'Ella', 'last': 'Sørensen'}, 'location': {'street': {'number': 9702, 'name': 'Syrenvej'}, 'city': 'Noerre Alslev', 'state': 'Danmark', 'country': 'Denmark', 'postcode': 70288, 'coordinates': {'latitude': '-45.8144', 'longitude': '94.6136'}, 'timezone': {'offset': '+5:45', 'description': 'Kathmandu'}}, 'email': 'ella.sorensen@example.com', 'login': {'uuid': '3eebfd82-ae9c-4d57-a6da-0190dc303ee1', 'username': 'redbear188', 'password': 'sunflowe', 'salt': '6LUZvDhx', 'md5': 'a88520b3440e1f05c81ab629cf86737a', 'sha1': '2e5c8b21fe51ed619383fdb9bf519d7293939f5e', 'sha256': 'ddf3f176d5362c1f6daa9a96962201e29434399375b9e64e38ac612748b5fcad'}, 'dob': {'date': '1977-12-03T23:05:29.520Z', 'age': 46}, 'registered': {'date': '2003-02-07T14:05:39.693Z', 'age': 21}, 'phone': '72028819', 'cell': '53353829', 'id': {'name': 'CPR', 'value': '031277-6672'}, 'picture': {'large': 'https://randomuser.me/api/portraits/women/79.jpg', 'medium': 'https://randomuser.me/api/portraits/med/women/79.jpg', 'thumbnail': 'https://randomuser.me/api/portraits/thumb/women/79.jpg'}, 'nat': 'DK'}</msg>
<arg>${json_data['results'][0]}</arg>
<doc>Logs the given message with the given level.</doc>
<status status="PASS" start="2024-07-20T11:12:42.729180" elapsed="0.000489"/>
</kw>
<kw name="Log" owner="BuiltIn">
<msg time="2024-07-20T11:12:42.730103" level="INFO">name</msg>
<arg>${key}</arg>
<doc>Logs the given message with the given level.</doc>
<status status="PASS" start="2024-07-20T11:12:42.729973" elapsed="0.000168"/>
</kw>
<var name="${key}">name</var>
<status status="PASS" start="2024-07-20T11:12:42.728491" elapsed="0.001867"/>
</iter>
<iter>
<kw name="Dictionary Should Contain Key" owner="Collections">
<arg>${json_data['results'][0]}</arg>
<arg>${key}</arg>
<doc>Fails if ``key`` is not found from ``dictionary``.</doc>
<status status="PASS" start="2024-07-20T11:12:42.730649" elapsed="0.000386"/>
</kw>
<kw name="Log" owner="BuiltIn">
<msg time="2024-07-20T11:12:42.731580" level="INFO">{'gender': 'female', 'name': {'title': 'Ms', 'first': 'Ella', 'last': 'Sørensen'}, 'location': {'street': {'number': 9702, 'name': 'Syrenvej'}, 'city': 'Noerre Alslev', 'state': 'Danmark', 'country': 'Denmark', 'postcode': 70288, 'coordinates': {'latitude': '-45.8144', 'longitude': '94.6136'}, 'timezone': {'offset': '+5:45', 'description': 'Kathmandu'}}, 'email': 'ella.sorensen@example.com', 'login': {'uuid': '3eebfd82-ae9c-4d57-a6da-0190dc303ee1', 'username': 'redbear188', 'password': 'sunflowe', 'salt': '6LUZvDhx', 'md5': 'a88520b3440e1f05c81ab629cf86737a', 'sha1': '2e5c8b21fe51ed619383fdb9bf519d7293939f5e', 'sha256': 'ddf3f176d5362c1f6daa9a96962201e29434399375b9e64e38ac612748b5fcad'}, 'dob': {'date': '1977-12-03T23:05:29.520Z', 'age': 46}, 'registered': {'date': '2003-02-07T14:05:39.693Z', 'age': 21}, 'phone': '72028819', 'cell': '53353829', 'id': {'name': 'CPR', 'value': '031277-6672'}, 'picture': {'large': 'https://randomuser.me/api/portraits/women/79.jpg', 'medium': 'https://randomuser.me/api/portraits/med/women/79.jpg', 'thumbnail': 'https://randomuser.me/api/portraits/thumb/women/79.jpg'}, 'nat': 'DK'}</msg>
<arg>${json_data['results'][0]}</arg>
<doc>Logs the given message with the given level.</doc>
<status status="PASS" start="2024-07-20T11:12:42.731225" elapsed="0.000404"/>
</kw>
<kw name="Log" owner="BuiltIn">
<msg time="2024-07-20T11:12:42.732055" level="INFO">location</msg>
<arg>${key}</arg>
<doc>Logs the given message with the given level.</doc>
<status status="PASS" start="2024-07-20T11:12:42.731929" elapsed="0.000164"/>
</kw>
<var name="${key}">location</var>
<status status="PASS" start="2024-07-20T11:12:42.730540" elapsed="0.001769"/>
</iter>
<iter>
<kw name="Dictionary Should Contain Key" owner="Collections">
<arg>${json_data['results'][0]}</arg>
<arg>${key}</arg>
<doc>Fails if ``key`` is not found from ``dictionary``.</doc>
<status status="PASS" start="2024-07-20T11:12:42.732591" elapsed="0.000387"/>
</kw>
<kw name="Log" owner="BuiltIn">
<msg time="2024-07-20T11:12:42.733694" level="INFO">{'gender': 'female', 'name': {'title': 'Ms', 'first': 'Ella', 'last': 'Sørensen'}, 'location': {'street': {'number': 9702, 'name': 'Syrenvej'}, 'city': 'Noerre Alslev', 'state': 'Danmark', 'country': 'Denmark', 'postcode': 70288, 'coordinates': {'latitude': '-45.8144', 'longitude': '94.6136'}, 'timezone': {'offset': '+5:45', 'description': 'Kathmandu'}}, 'email': 'ella.sorensen@example.com', 'login': {'uuid': '3eebfd82-ae9c-4d57-a6da-0190dc303ee1', 'username': 'redbear188', 'password': 'sunflowe', 'salt': '6LUZvDhx', 'md5': 'a88520b3440e1f05c81ab629cf86737a', 'sha1': '2e5c8b21fe51ed619383fdb9bf519d7293939f5e', 'sha256': 'ddf3f176d5362c1f6daa9a96962201e29434399375b9e64e38ac612748b5fcad'}, 'dob': {'date': '1977-12-03T23:05:29.520Z', 'age': 46}, 'registered': {'date': '2003-02-07T14:05:39.693Z', 'age': 21}, 'phone': '72028819', 'cell': '53353829', 'id': {'name': 'CPR', 'value': '031277-6672'}, 'picture': {'large': 'https://randomuser.me/api/portraits/women/79.jpg', 'medium': 'https://randomuser.me/api/portraits/med/women/79.jpg', 'thumbnail': 'https://randomuser.me/api/portraits/thumb/women/79.jpg'}, 'nat': 'DK'}</msg>
<arg>${json_data['results'][0]}</arg>
<doc>Logs the given message with the given level.</doc>
<status status="PASS" start="2024-07-20T11:12:42.733285" elapsed="0.000460"/>
</kw>
<kw name="Log" owner="BuiltIn">
<msg time="2024-07-20T11:12:42.734178" level="INFO">email</msg>
<arg>${key}</arg>
<doc>Logs the given message with the given level.</doc>
<status status="PASS" start="2024-07-20T11:12:42.734048" elapsed="0.000169"/>
</kw>
<var name="${key}">email</var>
<status status="PASS" start="2024-07-20T11:12:42.732481" elapsed="0.001953"/>
</iter>
<iter>
<kw name="Dictionary Should Contain Key" owner="Collections">
<arg>${json_data['results'][0]}</arg>
<arg>${key}</arg>
<doc>Fails if ``key`` is not found from ``dictionary``.</doc>
<status status="PASS" start="2024-07-20T11:12:42.734721" elapsed="0.000378"/>
</kw>
<kw name="Log" owner="BuiltIn">
<msg time="2024-07-20T11:12:42.735634" level="INFO">{'gender': 'female', 'name': {'title': 'Ms', 'first': 'Ella', 'last': 'Sørensen'}, 'location': {'street': {'number': 9702, 'name': 'Syrenvej'}, 'city': 'Noerre Alslev', 'state': 'Danmark', 'country': 'Denmark', 'postcode': 70288, 'coordinates': {'latitude': '-45.8144', 'longitude': '94.6136'}, 'timezone': {'offset': '+5:45', 'description': 'Kathmandu'}}, 'email': 'ella.sorensen@example.com', 'login': {'uuid': '3eebfd82-ae9c-4d57-a6da-0190dc303ee1', 'username': 'redbear188', 'password': 'sunflowe', 'salt': '6LUZvDhx', 'md5': 'a88520b3440e1f05c81ab629cf86737a', 'sha1': '2e5c8b21fe51ed619383fdb9bf519d7293939f5e', 'sha256': 'ddf3f176d5362c1f6daa9a96962201e29434399375b9e64e38ac612748b5fcad'}, 'dob': {'date': '1977-12-03T23:05:29.520Z', 'age': 46}, 'registered': {'date': '2003-02-07T14:05:39.693Z', 'age': 21}, 'phone': '72028819', 'cell': '53353829', 'id': {'name': 'CPR', 'value': '031277-6672'}, 'picture': {'large': 'https://randomuser.me/api/portraits/women/79.jpg', 'medium': 'https://randomuser.me/api/portraits/med/women/79.jpg', 'thumbnail': 'https://randomuser.me/api/portraits/thumb/women/79.jpg'}, 'nat': 'DK'}</msg>
<arg>${json_data['results'][0]}</arg>
<doc>Logs the given message with the given level.</doc>
<status status="PASS" start="2024-07-20T11:12:42.735283" elapsed="0.000401"/>
</kw>
<kw name="Log" owner="BuiltIn">
<msg time="2024-07-20T11:12:42.736106" level="INFO">login</msg>
<arg>${key}</arg>
<doc>Logs the given message with the given level.</doc>
<status status="PASS" start="2024-07-20T11:12:42.735980" elapsed="0.000163"/>
</kw>
<var name="${key}">login</var>
<status status="PASS" start="2024-07-20T11:12:42.734611" elapsed="0.001749"/>
</iter>
<var>${key}</var>
<value>@{expected_keys}</value>
<status status="PASS" start="2024-07-20T11:12:42.726254" elapsed="0.010226"/>
</for>
<kw name="Create List" owner="BuiltIn">
<msg time="2024-07-20T11:12:42.736801" level="INFO">${expected_keysTwo} = ['username', 'password']</msg>
<var>${expected_keysTwo}</var>
<arg>username</arg>
<arg>password</arg>
<doc>Returns a list containing given items.</doc>
<status status="PASS" start="2024-07-20T11:12:42.736668" elapsed="0.000156"/>
</kw>
<for flavor="IN">
<iter>
<kw name="Dictionary Should Contain Key" owner="Collections">
<arg>${json_data['results'][0]['login']}</arg>
<arg>${keyTwo}</arg>
<doc>Fails if ``key`` is not found from ``dictionary``.</doc>
<status status="PASS" start="2024-07-20T11:12:42.737386" elapsed="0.000393"/>
</kw>
<kw name="Dictionary Should Contain Key" owner="Collections">
<arg>${json_data['results'][0]['login']}</arg>
<arg>${keyTwo}</arg>
<doc>Fails if ``key`` is not found from ``dictionary``.</doc>
<status status="PASS" start="2024-07-20T11:12:42.737962" elapsed="0.000374"/>
</kw>
<kw name="Log" owner="BuiltIn">
<msg time="2024-07-20T11:12:42.738638" level="INFO">username</msg>
<arg>${keyTwo}</arg>
<doc>Logs the given message with the given level.</doc>
<status status="PASS" start="2024-07-20T11:12:42.738516" elapsed="0.000160"/>
</kw>
<var name="${keyTwo}">username</var>
<status status="PASS" start="2024-07-20T11:12:42.737242" elapsed="0.001652"/>
</iter>
<iter>
<kw name="Dictionary Should Contain Key" owner="Collections">
<arg>${json_data['results'][0]['login']}</arg>
<arg>${keyTwo}</arg>
<doc>Fails if ``key`` is not found from ``dictionary``.</doc>
<status status="PASS" start="2024-07-20T11:12:42.739177" elapsed="0.000383"/>
</kw>
<kw name="Dictionary Should Contain Key" owner="Collections">
<arg>${json_data['results'][0]['login']}</arg>
<arg>${keyTwo}</arg>
<doc>Fails if ``key`` is not found from ``dictionary``.</doc>
<status status="PASS" start="2024-07-20T11:12:42.739739" elapsed="0.000365"/>
</kw>
<kw name="Log" owner="BuiltIn">
<msg time="2024-07-20T11:12:42.740404" level="INFO">password</msg>
<arg>${keyTwo}</arg>
<doc>Logs the given message with the given level.</doc>
<status status="PASS" start="2024-07-20T11:12:42.740281" elapsed="0.000160"/>
</kw>
<var name="${keyTwo}">password</var>
<status status="PASS" start="2024-07-20T11:12:42.739065" elapsed="0.001596"/>
</iter>
<var>${keyTwo}</var>
<value>@{expected_keysTwo}</value>
<status status="PASS" start="2024-07-20T11:12:42.737087" elapsed="0.003694"/>
</for>
<status status="PASS" start="2024-07-20T11:12:42.621923" elapsed="0.118996"/>
</kw>
<doc>Testa a estrutura da resposta da API.</doc>
<tag>testeEstruturaResposta</tag>
<status status="PASS" start="2024-07-20T11:12:42.621363" elapsed="0.119700"/>
</test>
<test id="s1-s1-t4" name="Validar tipos de dados" line="28">
<kw name="Teste de Tipos de Dados" owner="random-user-service">
<kw name="GET On Session" owner="RequestsLibrary">
<msg time="2024-07-20T11:12:42.831465" level="INFO">GET Request : url=https://randomuser.me/api 
 path_url=/api 
 headers={'User-Agent': 'python-requests/2.32.3', 'Accept-Encoding': 'gzip, deflate', 'Accept': '*/*', 'Connection': 'keep-alive'} 
 body=None 
 </msg>
<msg time="2024-07-20T11:12:42.831542" level="INFO">GET Response : url=https://randomuser.me/api 
 status=200, reason=OK 
 headers={'Date': 'Sat, 20 Jul 2024 11:12:42 GMT', 'Content-Type': 'application/json; charset=utf-8', 'Transfer-Encoding': 'chunked', 'Connection': 'keep-alive', 'X-Powered-By': 'Express', 'Access-Control-Allow-Origin': '*', 'Cache-Control': 'no-cache', 'ETag': 'W/"496-zRDsV6s3ri25fs4gDvFiNLtZglg"', 'Vary': 'Accept-Encoding', 'Content-Encoding': 'gzip', 'CF-Cache-Status': 'DYNAMIC', 'Report-To': '{"endpoints":[{"url":"https:\\/\\/a.nel.cloudflare.com\\/report\\/v4?s=0PD6M1fYs5FieoPyc8wg6sdyrXye6SW1BdAmZpZFqql1awTYvXYeGwJOzBCunkjrxwRjQqoDkZzFPKJH8D0ockU3dUewm4m2bSQ%2B6fKS7rYtOS15e5mKgQ9ccZBDGQrD"}],"group":"cf-nel","max_age":604800}', 'NEL': '{"success_fraction":0,"report_to":"cf-nel","max_age":604800}', 'Server': 'cloudflare', 'CF-RAY': '8a62848b2a2b1668-SJC', 'alt-svc': 'h3=":443"; ma=86400'} 
 body={"results":[{"gender":"female","name":{"title":"Miss","first":"Grace","last":"Harris"},"location":{"street":{"number":9644,"name":"Cranford Street"},"city":"Taupo","state":"Bay of Plenty","country":"New Zealand","postcode":18342,"coordinates":{"latitude":"51.9832","longitude":"20.6660"},"timezone":{"offset":"-4:00","description":"Atlantic Time (Canada), Caracas, La Paz"}},"email":"grace.harris@example.com","login":{"uuid":"5434f2b1-1855-494e-a1bc-0d0d30bb5684","username":"silverbear884","password":"qazxsw","salt":"GwwLr7Og","md5":"f5bbfca2fb1573226a96e8614d05f5ff","sha1":"633b295b77d18d80e1945ba812e386d5fc5e224c","sha256":"3800b42aa7363111794eeebf280f65b4b779946312588855f99096c0b0bf3e88"},"dob":{"date":"1945-07-18T14:31:49.027Z","age":79},"registered":{"date":"2019-10-29T15:17:16.337Z","age":4},"phone":"(077)-345-2951","cell":"(181)-000-0667","id":{"name":"","value":null},"picture":{"large":"https://randomuser.me/api/portraits/women/23.jpg","medium":"https://randomuser.me/api/portraits/med/women/23.jpg","thumbnail":"https://randomuser.me/api/portraits/thumb/women/23.jpg"},"nat":"NZ"}],"info":{"seed":"946d2f16c2e7b6d0","results":1,"page":1,"version":"1.4"}} 
 </msg>
<msg time="2024-07-20T11:12:42.831609" level="INFO">/opt/hostedtoolcache/Python/3.12.4/x64/lib/python3.12/site-packages/urllib3/connectionpool.py:1099: InsecureRequestWarning: Unverified HTTPS request is being made to host 'randomuser.me'. Adding certificate verification is strongly advised. See: https://urllib3.readthedocs.io/en/latest/advanced-usage.html#tls-warnings
  warnings.warn(</msg>
<msg time="2024-07-20T11:12:42.831711" level="INFO">${response} = &lt;Response [200]&gt;</msg>
<var>${response}</var>
<arg>consultarAPI</arg>
<arg>/api</arg>
<doc>Sends a GET request on a previously created HTTP Session.</doc>
<status status="PASS" start="2024-07-20T11:12:42.743495" elapsed="0.088263"/>
</kw>
<kw name="Set Variable" owner="BuiltIn">
<msg time="2024-07-20T11:12:42.832694" level="INFO">${json_data} = {'results': [{'gender': 'female', 'name': {'title': 'Miss', 'first': 'Grace', 'last': 'Harris'}, 'location': {'street': {'number': 9644, 'name': 'Cranford Street'}, 'city': 'Taupo', 'state': 'Bay of P...</msg>
<var>${json_data}</var>
<arg>${response.json()}</arg>
<doc>Returns the given values which can then be assigned to a variables.</doc>
<status status="PASS" start="2024-07-20T11:12:42.832210" elapsed="0.000513"/>
</kw>
<kw name="Log" owner="BuiltIn">
<msg time="2024-07-20T11:12:42.833185" level="INFO">{'results': [{'gender': 'female', 'name': {'title': 'Miss', 'first': 'Grace', 'last': 'Harris'}, 'location': {'street': {'number': 9644, 'name': 'Cranford Street'}, 'city': 'Taupo', 'state': 'Bay of Plenty', 'country': 'New Zealand', 'postcode': 18342, 'coordinates': {'latitude': '51.9832', 'longitude': '20.6660'}, 'timezone': {'offset': '-4:00', 'description': 'Atlantic Time (Canada), Caracas, La Paz'}}, 'email': 'grace.harris@example.com', 'login': {'uuid': '5434f2b1-1855-494e-a1bc-0d0d30bb5684', 'username': 'silverbear884', 'password': 'qazxsw', 'salt': 'GwwLr7Og', 'md5': 'f5bbfca2fb1573226a96e8614d05f5ff', 'sha1': '633b295b77d18d80e1945ba812e386d5fc5e224c', 'sha256': '3800b42aa7363111794eeebf280f65b4b779946312588855f99096c0b0bf3e88'}, 'dob': {'date': '1945-07-18T14:31:49.027Z', 'age': 79}, 'registered': {'date': '2019-10-29T15:17:16.337Z', 'age': 4}, 'phone': '(077)-345-2951', 'cell': '(181)-000-0667', 'id': {'name': '', 'value': None}, 'picture': {'large': 'https://randomuser.me/api/portraits/women/23.jpg', 'medium': 'https://randomuser.me/api/portraits/med/women/23.jpg', 'thumbnail': 'https://randomuser.me/api/portraits/thumb/women/23.jpg'}, 'nat': 'NZ'}], 'info': {'seed': '946d2f16c2e7b6d0', 'results': 1, 'page': 1, 'version': '1.4'}}</msg>
<arg>${json_data}</arg>
<doc>Logs the given message with the given level.</doc>
<status status="PASS" start="2024-07-20T11:12:42.833031" elapsed="0.000213"/>
</kw>
<kw name="Should Be String" owner="String">
<arg>${json_data['results'][0]['gender']}</arg>
<doc>Fails if the given ``item`` is not a string.</doc>
<status status="PASS" start="2024-07-20T11:12:42.833600" elapsed="0.000376"/>
</kw>
<kw name="Should Match Regexp" owner="BuiltIn">
<arg>${json_data['results'][0]['email']}</arg>
<arg>^[a-zA-Z0-9._%+-]+@[a-zA-Z0-9.-]+\.[a-zA-Z]{2,}$</arg>
<doc>Fails if ``string`` does not match ``pattern`` as a regular expression.</doc>
<status status="PASS" start="2024-07-20T11:12:42.834173" elapsed="0.000511"/>
</kw>
<kw name="Should Match Regexp" owner="BuiltIn">
<arg>${json_data['results'][0]['dob']['date']}</arg>
<arg>\\d{4}-\\d{2}-\\d{2}T\\d{2}:\\d{2}:\\d{2}\\.\\d{3}Z</arg>
<doc>Fails if ``string`` does not match ``pattern`` as a regular expression.</doc>
<status status="PASS" start="2024-07-20T11:12:42.834919" elapsed="0.000608"/>
</kw>
<kw name="Should Match Regexp" owner="BuiltIn">
<arg>${json_data['results'][0]['registered']['date']}</arg>
<arg>\\d{4}-\\d{2}-\\d{2}T\\d{2}:\\d{2}:\\d{2}\\.\\d{3}Z</arg>
<doc>Fails if ``string`` does not match ``pattern`` as a regular expression.</doc>
<status status="PASS" start="2024-07-20T11:12:42.835730" elapsed="0.000379"/>
</kw>
<kw name="Should Match Regexp" owner="BuiltIn">
<arg>${json_data['results'][0]['picture']['large']}</arg>
<arg>^https?://.*\.(?:png|jpe?g|gif|bmp)$</arg>
<doc>Fails if ``string`` does not match ``pattern`` as a regular expression.</doc>
<status status="PASS" start="2024-07-20T11:12:42.836302" elapsed="0.000466"/>
</kw>
<kw name="Should Match Regexp" owner="BuiltIn">
<arg>${json_data['results'][0]['picture']['medium']}</arg>
<arg>^https?://.*\.(?:png|jpe?g|gif|bmp)$</arg>
<doc>Fails if ``string`` does not match ``pattern`` as a regular expression.</doc>
<status status="PASS" start="2024-07-20T11:12:42.836960" elapsed="0.000374"/>
</kw>
<kw name="Should Match Regexp" owner="BuiltIn">
<arg>${json_data['results'][0]['picture']['thumbnail']}</arg>
<arg>^https?://.*\.(?:png|jpe?g|gif|bmp)$</arg>
<doc>Fails if ``string`` does not match ``pattern`` as a regular expression.</doc>
<status status="PASS" start="2024-07-20T11:12:42.837538" elapsed="0.000355"/>
</kw>
<kw name="Log" owner="BuiltIn">
<msg time="2024-07-20T11:12:42.838421" level="INFO">{'large': 'https://randomuser.me/api/portraits/women/23.jpg', 'medium': 'https://randomuser.me/api/portraits/med/women/23.jpg', 'thumbnail': 'https://randomuser.me/api/portraits/thumb/women/23.jpg'}</msg>
<arg>${json_data['results'][0]['picture']}</arg>
<doc>Logs the given message with the given level.</doc>
<status status="PASS" start="2024-07-20T11:12:42.838087" elapsed="0.000377"/>
</kw>
<status status="PASS" start="2024-07-20T11:12:42.743278" elapsed="0.095444"/>
</kw>
<kw name="Teste de Tipos de Dados - Postcode" owner="random-user-service">
<kw name="GET On Session" owner="RequestsLibrary">
<msg time="2024-07-20T11:12:42.956428" level="INFO">GET Request : url=https://randomuser.me/api 
 path_url=/api 
 headers={'User-Agent': 'python-requests/2.32.3', 'Accept-Encoding': 'gzip, deflate', 'Accept': '*/*', 'Connection': 'keep-alive'} 
 body=None 
 </msg>
<msg time="2024-07-20T11:12:42.956514" level="INFO">GET Response : url=https://randomuser.me/api 
 status=200, reason=OK 
 headers={'Date': 'Sat, 20 Jul 2024 11:12:42 GMT', 'Content-Type': 'application/json; charset=utf-8', 'Transfer-Encoding': 'chunked', 'Connection': 'keep-alive', 'X-Powered-By': 'Express', 'Access-Control-Allow-Origin': '*', 'Cache-Control': 'no-cache', 'ETag': 'W/"488-Cno/idUybuHNeN2XEcbCQbFZ5Jk"', 'Vary': 'Accept-Encoding', 'Content-Encoding': 'gzip', 'CF-Cache-Status': 'DYNAMIC', 'Report-To': '{"endpoints":[{"url":"https:\\/\\/a.nel.cloudflare.com\\/report\\/v4?s=pickxtFyH88%2B4IGQdJczWMqAZeCz3WREl5Ld%2FVs9D0bpAGNBRE6BiRIZT7CWbgrbeJaUg%2FZJEsDmw9z6IKvmjhlBmbRklDfQSrhJAUcwxVOWI%2FiI04ZJGZR5eAz9zWKU"}],"group":"cf-nel","max_age":604800}', 'NEL': '{"success_fraction":0,"report_to":"cf-nel","max_age":604800}', 'Server': 'cloudflare', 'CF-RAY': '8a62848bca841668-SJC', 'alt-svc': 'h3=":443"; ma=86400'} 
 body={"results":[{"gender":"female","name":{"title":"Mrs","first":"Piper","last":"Jackson"},"location":{"street":{"number":9490,"name":"Bealey Avenue"},"city":"Blenheim","state":"Northland","country":"New Zealand","postcode":41482,"coordinates":{"latitude":"53.0638","longitude":"164.3237"},"timezone":{"offset":"-8:00","description":"Pacific Time (US &amp; Canada)"}},"email":"piper.jackson@example.com","login":{"uuid":"c492f118-5c03-4f5c-b39a-44b4b36182f5","username":"redfish362","password":"mongoose","salt":"Vbm7vXCl","md5":"f6fcb8b8492b63ab3a2be379f0969f89","sha1":"f997b25e4c084e42c710d315a727c56d44bab642","sha256":"bba67db7e134f6769a4173acf45e7b4bbb2321c525105e0802d1c4bc20daab3f"},"dob":{"date":"1985-08-09T07:32:03.511Z","age":38},"registered":{"date":"2007-05-22T18:28:33.339Z","age":17},"phone":"(231)-519-3899","cell":"(986)-728-8874","id":{"name":"","value":null},"picture":{"large":"https://randomuser.me/api/portraits/women/67.jpg","medium":"https://randomuser.me/api/portraits/med/women/67.jpg","thumbnail":"https://randomuser.me/api/portraits/thumb/women/67.jpg"},"nat":"NZ"}],"info":{"seed":"a9ff10098b228646","results":1,"page":1,"version":"1.4"}} 
 </msg>
<msg time="2024-07-20T11:12:42.956590" level="INFO">/opt/hostedtoolcache/Python/3.12.4/x64/lib/python3.12/site-packages/urllib3/connectionpool.py:1099: InsecureRequestWarning: Unverified HTTPS request is being made to host 'randomuser.me'. Adding certificate verification is strongly advised. See: https://urllib3.readthedocs.io/en/latest/advanced-usage.html#tls-warnings
  warnings.warn(</msg>
<msg time="2024-07-20T11:12:42.956683" level="INFO">${response} = &lt;Response [200]&gt;</msg>
<var>${response}</var>
<arg>consultarAPI</arg>
<arg>/api</arg>
<doc>Sends a GET request on a previously created HTTP Session.</doc>
<status status="PASS" start="2024-07-20T11:12:42.839159" elapsed="0.117560"/>
</kw>
<kw name="Set Variable" owner="BuiltIn">
<msg time="2024-07-20T11:12:42.957596" level="INFO">${json_data} = {'results': [{'gender': 'female', 'name': {'title': 'Mrs', 'first': 'Piper', 'last': 'Jackson'}, 'location': {'street': {'number': 9490, 'name': 'Bealey Avenue'}, 'city': 'Blenheim', 'state': 'Northla...</msg>
<var>${json_data}</var>
<arg>${response.json()}</arg>
<doc>Returns the given values which can then be assigned to a variables.</doc>
<status status="PASS" start="2024-07-20T11:12:42.957095" elapsed="0.000530"/>
</kw>
<kw name="Log" owner="BuiltIn">
<msg time="2024-07-20T11:12:42.958100" level="INFO">{'results': [{'gender': 'female', 'name': {'title': 'Mrs', 'first': 'Piper', 'last': 'Jackson'}, 'location': {'street': {'number': 9490, 'name': 'Bealey Avenue'}, 'city': 'Blenheim', 'state': 'Northland', 'country': 'New Zealand', 'postcode': 41482, 'coordinates': {'latitude': '53.0638', 'longitude': '164.3237'}, 'timezone': {'offset': '-8:00', 'description': 'Pacific Time (US &amp; Canada)'}}, 'email': 'piper.jackson@example.com', 'login': {'uuid': 'c492f118-5c03-4f5c-b39a-44b4b36182f5', 'username': 'redfish362', 'password': 'mongoose', 'salt': 'Vbm7vXCl', 'md5': 'f6fcb8b8492b63ab3a2be379f0969f89', 'sha1': 'f997b25e4c084e42c710d315a727c56d44bab642', 'sha256': 'bba67db7e134f6769a4173acf45e7b4bbb2321c525105e0802d1c4bc20daab3f'}, 'dob': {'date': '1985-08-09T07:32:03.511Z', 'age': 38}, 'registered': {'date': '2007-05-22T18:28:33.339Z', 'age': 17}, 'phone': '(231)-519-3899', 'cell': '(986)-728-8874', 'id': {'name': '', 'value': None}, 'picture': {'large': 'https://randomuser.me/api/portraits/women/67.jpg', 'medium': 'https://randomuser.me/api/portraits/med/women/67.jpg', 'thumbnail': 'https://randomuser.me/api/portraits/thumb/women/67.jpg'}, 'nat': 'NZ'}], 'info': {'seed': 'a9ff10098b228646', 'results': 1, 'page': 1, 'version': '1.4'}}</msg>
<arg>${json_data}</arg>
<doc>Logs the given message with the given level.</doc>
<status status="PASS" start="2024-07-20T11:12:42.957943" elapsed="0.000216"/>
</kw>
<kw name="Should Be Equal As Numbers" owner="BuiltIn">
<arg>${json_data['results'][0]['location']['postcode']}</arg>
<arg>${json_data['results'][0]['location']['postcode']}</arg>
<doc>Fails if objects are unequal after converting them to real numbers.</doc>
<status status="PASS" start="2024-07-20T11:12:42.958455" elapsed="0.000647"/>
</kw>
<kw name="Log" owner="BuiltIn">
<msg time="2024-07-20T11:12:42.959647" level="INFO">41482</msg>
<arg>${json_data['results'][0]['location']['postcode']}</arg>
<doc>Logs the given message with the given level.</doc>
<status status="PASS" start="2024-07-20T11:12:42.959303" elapsed="0.000386"/>
</kw>
<status status="PASS" start="2024-07-20T11:12:42.838934" elapsed="0.121034"/>
</kw>
<doc>Testa se os tipos de dados na resposta da API estão corretos.</doc>
<tag>testeTiposDados</tag>
<status status="PASS" start="2024-07-20T11:12:42.742852" elapsed="0.217280"/>
</test>
<test id="s1-s1-t5" name="Validar conteudo" line="35">
<kw name="Teste de Tipos de Conteudo" owner="random-user-service">
<kw name="GET On Session" owner="RequestsLibrary">
<msg time="2024-07-20T11:12:43.050532" level="INFO">GET Request : url=https://randomuser.me/api 
 path_url=/api 
 headers={'User-Agent': 'python-requests/2.32.3', 'Accept-Encoding': 'gzip, deflate', 'Accept': '*/*', 'Connection': 'keep-alive'} 
 body=None 
 </msg>
<msg time="2024-07-20T11:12:43.050615" level="INFO">GET Response : url=https://randomuser.me/api 
 status=200, reason=OK 
 headers={'Date': 'Sat, 20 Jul 2024 11:12:43 GMT', 'Content-Type': 'application/json; charset=utf-8', 'Transfer-Encoding': 'chunked', 'Connection': 'keep-alive', 'X-Powered-By': 'Express', 'Access-Control-Allow-Origin': '*', 'Cache-Control': 'no-cache', 'ETag': 'W/"47b-Jpd/jLGbGUsZkwHhnY1XxYt9mEY"', 'Vary': 'Accept-Encoding', 'Content-Encoding': 'gzip', 'CF-Cache-Status': 'DYNAMIC', 'Report-To': '{"endpoints":[{"url":"https:\\/\\/a.nel.cloudflare.com\\/report\\/v4?s=ToTDODjnkeOYjfuVVjo70qmn%2BLx0JSlk8WTPsewJDHuW3HARdFvxMDXquPD%2FrD6glSmAB15LSsuzj3jkcDDyre81stOItMQ2vRhhhSr11eEIZQajx4QNvrWNS2QPL749"}],"group":"cf-nel","max_age":604800}', 'NEL': '{"success_fraction":0,"report_to":"cf-nel","max_age":604800}', 'Server': 'cloudflare', 'CF-RAY': '8a62848c8b6a1668-SJC', 'alt-svc': 'h3=":443"; ma=86400'} 
 body={"results":[{"gender":"female","name":{"title":"Ms","first":"Laura","last":"Larson"},"location":{"street":{"number":1791,"name":"Richmond Park"},"city":"Maynooth","state":"Galway","country":"Ireland","postcode":37823,"coordinates":{"latitude":"1.5915","longitude":"139.1104"},"timezone":{"offset":"+9:30","description":"Adelaide, Darwin"}},"email":"laura.larson@example.com","login":{"uuid":"98ae2a94-4d29-4d7c-b018-9111f45c9af7","username":"lazymeercat189","password":"augusta","salt":"ZlL2CWmd","md5":"217bfb0e17811d6548aa861b6268eef6","sha1":"fa1ab661a45ac6e9f9f99359b50bb8d6ee797e32","sha256":"6e9078d1112509bc860ad7afaf2292b0bb1add72e5875f4bfa84fe8ec81ce5b7"},"dob":{"date":"1951-03-19T10:48:53.131Z","age":73},"registered":{"date":"2003-11-26T17:05:30.716Z","age":20},"phone":"021-375-6942","cell":"081-541-9413","id":{"name":"PPS","value":"6400312T"},"picture":{"large":"https://randomuser.me/api/portraits/women/92.jpg","medium":"https://randomuser.me/api/portraits/med/women/92.jpg","thumbnail":"https://randomuser.me/api/portraits/thumb/women/92.jpg"},"nat":"IE"}],"info":{"seed":"1d209f55f82d40c0","results":1,"page":1,"version":"1.4"}} 
 </msg>
<msg time="2024-07-20T11:12:43.050686" level="INFO">/opt/hostedtoolcache/Python/3.12.4/x64/lib/python3.12/site-packages/urllib3/connectionpool.py:1099: InsecureRequestWarning: Unverified HTTPS request is being made to host 'randomuser.me'. Adding certificate verification is strongly advised. See: https://urllib3.readthedocs.io/en/latest/advanced-usage.html#tls-warnings
  warnings.warn(</msg>
<msg time="2024-07-20T11:12:43.050791" level="INFO">${response} = &lt;Response [200]&gt;</msg>
<var>${response}</var>
<arg>consultarAPI</arg>
<arg>/api</arg>
<doc>Sends a GET request on a previously created HTTP Session.</doc>
<status status="PASS" start="2024-07-20T11:12:42.962542" elapsed="0.088281"/>
</kw>
<kw name="Set Variable" owner="BuiltIn">
<msg time="2024-07-20T11:12:43.051634" level="INFO">${json_data} = {'results': [{'gender': 'female', 'name': {'title': 'Ms', 'first': 'Laura', 'last': 'Larson'}, 'location': {'street': {'number': 1791, 'name': 'Richmond Park'}, 'city': 'Maynooth', 'state': 'Galway', ...</msg>
<var>${json_data}</var>
<arg>${response.json()}</arg>
<doc>Returns the given values which can then be assigned to a variables.</doc>
<status status="PASS" start="2024-07-20T11:12:43.051193" elapsed="0.000469"/>
</kw>
<kw name="Set Variable" owner="BuiltIn">
<msg time="2024-07-20T11:12:43.052347" level="INFO">${name_title} = Ms</msg>
<var>${name_title}</var>
<arg>${json_data["results"][0]["name"]["title"]}</arg>
<doc>Returns the given values which can then be assigned to a variables.</doc>
<status status="PASS" start="2024-07-20T11:12:43.051966" elapsed="0.000406"/>
</kw>
<kw name="Create List" owner="BuiltIn">
<msg time="2024-07-20T11:12:43.052808" level="INFO">${allowed_titles} = ['Mr', 'Ms', 'Miss', 'Mrs', 'Madame', 'Monsieur']</msg>
<var>${allowed_titles}</var>
<arg>Mr</arg>
<arg>Ms</arg>
<arg>Miss</arg>
<arg>Mrs</arg>
<arg>Madame</arg>
<arg>Monsieur</arg>
<doc>Returns a list containing given items.</doc>
<status status="PASS" start="2024-07-20T11:12:43.052663" elapsed="0.000170"/>
</kw>
<kw name="List Should Contain Value" owner="Collections">
<arg>${allowed_titles}</arg>
<arg>${name_title}</arg>
<doc>Fails if the ``value`` is not found from ``list``.</doc>
<status status="PASS" start="2024-07-20T11:12:43.053124" elapsed="0.000167"/>
</kw>
<kw name="Set Variable" owner="BuiltIn">
<msg time="2024-07-20T11:12:43.053907" level="INFO">${name_country} = IE</msg>
<var>${name_country}</var>
<arg>${json_data["results"][0]["nat"]}</arg>
<doc>Returns the given values which can then be assigned to a variables.</doc>
<status status="PASS" start="2024-07-20T11:12:43.053527" elapsed="0.000405"/>
</kw>
<kw name="Create List" owner="BuiltIn">
<msg time="2024-07-20T11:12:43.054808" level="INFO">${list_country} = ['AD', 'AE', 'AF', 'AG', 'AI', 'AL', 'AM', 'AO', 'AQ', 'AR', 'AS', 'AT', 'AU', 'AW', 'AX', 'AZ', 'BA', 'BB', 'BD', 'BE', 'BF', 'BG', 'BH', 'BI', 'BJ', 'BL', 'BM', 'BN', 'BO', 'BQ', 'BR', 'BS', 'BT', '...</msg>
<var>${list_country}</var>
<arg>AD</arg>
<arg>AE</arg>
<arg>AF</arg>
<arg>AG</arg>
<arg>AI</arg>
<arg>AL</arg>
<arg>AM</arg>
<arg>AO</arg>
<arg>AQ</arg>
<arg>AR</arg>
<arg>AS</arg>
<arg>AT</arg>
<arg>AU</arg>
<arg>AW</arg>
<arg>AX</arg>
<arg>AZ</arg>
<arg>BA</arg>
<arg>BB</arg>
<arg>BD</arg>
<arg>BE</arg>
<arg>BF</arg>
<arg>BG</arg>
<arg>BH</arg>
<arg>BI</arg>
<arg>BJ</arg>
<arg>BL</arg>
<arg>BM</arg>
<arg>BN</arg>
<arg>BO</arg>
<arg>BQ</arg>
<arg>BR</arg>
<arg>BS</arg>
<arg>BT</arg>
<arg>BV</arg>
<arg>BW</arg>
<arg>BY</arg>
<arg>BZ</arg>
<arg>CA</arg>
<arg>CC</arg>
<arg>CD</arg>
<arg>CF</arg>
<arg>CG</arg>
<arg>CH</arg>
<arg>CI</arg>
<arg>CK</arg>
<arg>CL</arg>
<arg>CM</arg>
<arg>CN</arg>
<arg>CO</arg>
<arg>CR</arg>
<arg>CU</arg>
<arg>CV</arg>
<arg>CW</arg>
<arg>CX</arg>
<arg>CY</arg>
<arg>CZ</arg>
<arg>DE</arg>
<arg>DJ</arg>
<arg>DK</arg>
<arg>DM</arg>
<arg>DO</arg>
<arg>DZ</arg>
<arg>EC</arg>
<arg>EE</arg>
<arg>EG</arg>
<arg>EH</arg>
<arg>ER</arg>
<arg>ES</arg>
<arg>ET</arg>
<arg>FI</arg>
<arg>FJ</arg>
<arg>FK</arg>
<arg>FM</arg>
<arg>FO</arg>
<arg>FR</arg>
<arg>GA</arg>
<arg>GB</arg>
<arg>GD</arg>
<arg>GE</arg>
<arg>GF</arg>
<arg>GG</arg>
<arg>GH</arg>
<arg>GI</arg>
<arg>GL</arg>
<arg>GM</arg>
<arg>GN</arg>
<arg>GP</arg>
<arg>GQ</arg>
<arg>GR</arg>
<arg>GS</arg>
<arg>GT</arg>
<arg>GU</arg>
<arg>GW</arg>
<arg>GY</arg>
<arg>HK</arg>
<arg>HM</arg>
<arg>HN</arg>
<arg>HR</arg>
<arg>HT</arg>
<arg>HU</arg>
<arg>ID</arg>
<arg>IE</arg>
<arg>IL</arg>
<arg>IM</arg>
<arg>IN</arg>
<arg>IO</arg>
<arg>IQ</arg>
<arg>IR</arg>
<arg>IS</arg>
<arg>IT</arg>
<arg>JE</arg>
<arg>JM</arg>
<arg>JO</arg>
<arg>JP</arg>
<arg>KE</arg>
<arg>KG</arg>
<arg>KH</arg>
<arg>KI</arg>
<arg>KM</arg>
<arg>KN</arg>
<arg>KP</arg>
<arg>KR</arg>
<arg>KW</arg>
<arg>KY</arg>
<arg>KZ</arg>
<arg>LA</arg>
<arg>LB</arg>
<arg>LC</arg>
<arg>LI</arg>
<arg>LK</arg>
<arg>LR</arg>
<arg>LS</arg>
<arg>LT</arg>
<arg>LU</arg>
<arg>LV</arg>
<arg>LY</arg>
<arg>MA</arg>
<arg>MC</arg>
<arg>MD</arg>
<arg>ME</arg>
<arg>MF</arg>
<arg>MG</arg>
<arg>MH</arg>
<arg>MK</arg>
<arg>ML</arg>
<arg>MM</arg>
<arg>MN</arg>
<arg>MO</arg>
<arg>MP</arg>
<arg>MQ</arg>
<arg>MR</arg>
<arg>MS</arg>
<arg>MT</arg>
<arg>MU</arg>
<arg>MV</arg>
<arg>MW</arg>
<arg>MX</arg>
<arg>MY</arg>
<arg>MZ</arg>
<arg>NA</arg>
<arg>NC</arg>
<arg>NE</arg>
<arg>NF</arg>
<arg>NG</arg>
<arg>NI</arg>
<arg>NL</arg>
<arg>NO</arg>
<arg>NP</arg>
<arg>NR</arg>
<arg>NU</arg>
<arg>NZ</arg>
<arg>OM</arg>
<arg>PA</arg>
<arg>PE</arg>
<arg>PF</arg>
<arg>PG</arg>
<arg>PH</arg>
<arg>PK</arg>
<arg>PL</arg>
<arg>PM</arg>
<arg>PN</arg>
<arg>PR</arg>
<arg>PS</arg>
<arg>PT</arg>
<arg>PW</arg>
<arg>PY</arg>
<arg>QA</arg>
<arg>RE</arg>
<arg>RO</arg>
<arg>RS</arg>
<arg>RU</arg>
<arg>RW</arg>
<arg>SA</arg>
<arg>SB</arg>
<arg>SC</arg>
<arg>SD</arg>
<arg>SE</arg>
<arg>SG</arg>
<arg>SH</arg>
<arg>SI</arg>
<arg>SJ</arg>
<arg>SK</arg>
<arg>SL</arg>
<arg>SM</arg>
<arg>SN</arg>
<arg>SO</arg>
<arg>SR</arg>
<arg>SS</arg>
<arg>ST</arg>
<arg>SV</arg>
<arg>SX</arg>
<arg>SY</arg>
<arg>SZ</arg>
<arg>TC</arg>
<arg>TD</arg>
<arg>TF</arg>
<arg>TG</arg>
<arg>TH</arg>
<arg>TJ</arg>
<arg>TK</arg>
<arg>TL</arg>
<arg>TM</arg>
<arg>TN</arg>
<arg>TO</arg>
<arg>TR</arg>
<arg>TT</arg>
<arg>TV</arg>
<arg>TW</arg>
<arg>TZ</arg>
<arg>UA</arg>
<arg>UG</arg>
<arg>UM</arg>
<arg>US</arg>
<arg>UY</arg>
<arg>UZ</arg>
<arg>VA</arg>
<arg>VC</arg>
<arg>VE</arg>
<arg>VG</arg>
<arg>VI</arg>
<arg>VN</arg>
<arg>VU</arg>
<arg>WF</arg>
<arg>WS</arg>
<arg>XK</arg>
<arg>YE</arg>
<arg>YT</arg>
<arg>ZA</arg>
<arg>ZM</arg>
<arg>ZW</arg>
<doc>Returns a list containing given items.</doc>
<status status="PASS" start="2024-07-20T11:12:43.054220" elapsed="0.000613"/>
</kw>
<kw name="List Should Contain Value" owner="Collections">
<arg>${list_country}</arg>
<arg>${name_country}</arg>
<doc>Fails if the ``value`` is not found from ``list``.</doc>
<status status="PASS" start="2024-07-20T11:12:43.055755" elapsed="0.000206"/>
</kw>
<kw name="Run Keyword If" owner="BuiltIn">
<kw name="Should Be True" owner="BuiltIn">
<arg>${True}</arg>
<doc>Fails if the given condition is not true.</doc>
<status status="PASS" start="2024-07-20T11:12:43.056885" elapsed="0.000140"/>
</kw>
<arg>${json_data["results"][0]["location"]["coordinates"]["latitude"]} &gt;= -90 and ${json_data["results"][0]["location"]["coordinates"]["latitude"]} &lt;= 90</arg>
<arg>Should Be True</arg>
<arg>${True}</arg>
<doc>Runs the given keyword with the given arguments, if ``condition`` is true.</doc>
<status status="PASS" start="2024-07-20T11:12:43.056156" elapsed="0.000999"/>
</kw>
<kw name="Run Keyword If" owner="BuiltIn">
<kw name="Should Be True" owner="BuiltIn">
<arg>${True}</arg>
<doc>Fails if the given condition is not true.</doc>
<status status="PASS" start="2024-07-20T11:12:43.058105" elapsed="0.000139"/>
</kw>
<arg>${json_data["results"][0]["location"]["coordinates"]["longitude"]} &gt;= -180 and ${json_data["results"][0]["location"]["coordinates"]["longitude"]} &lt;= 180</arg>
<arg>Should Be True</arg>
<arg>${True}</arg>
<doc>Runs the given keyword with the given arguments, if ``condition`` is true.</doc>
<status status="PASS" start="2024-07-20T11:12:43.057385" elapsed="0.000983"/>
</kw>
<status status="PASS" start="2024-07-20T11:12:42.962327" elapsed="0.096193"/>
</kw>
<doc>Testa o conteúdo específico dos campos retornados pela API.</doc>
<tag>testeConteudo</tag>
<status status="PASS" start="2024-07-20T11:12:42.961916" elapsed="0.096743"/>
</test>
<status status="PASS" start="2024-07-20T11:12:42.149283" elapsed="0.911252"/>
</suite>
<status status="PASS" start="2024-07-20T11:12:42.134962" elapsed="0.930643"/>
</suite>
<statistics>
<total>
<stat pass="5" fail="0" skip="0">All Tests</stat>
</total>
<tag>
<stat pass="1" fail="0" skip="0">testeConteudo</stat>
<stat pass="1" fail="0" skip="0">testeEstruturaResposta</stat>
<stat pass="1" fail="0" skip="0">testeRequisicaoBasica</stat>
<stat pass="1" fail="0" skip="0">testeTiposDados</stat>
</tag>
<suite>
<stat pass="5" fail="0" skip="0" id="s1" name="Tests">Tests</stat>
<stat pass="5" fail="0" skip="0" id="s1-s1" name="Random-User-Test">Tests.Random-User-Test</stat>
</suite>
</statistics>
<errors>
</errors>
</robot>
