<?xml version="1.0" encoding="UTF-8"?>
<robot generator="Robot 7.0 (Python 3.12.3 on linux)" generated="2024-05-01T18:18:47.817929" rpa="false" schemaversion="5">
<suite id="s1" name="Tests" source="/home/runner/work/DesafioQAItauRogerioJordao/DesafioQAItauRogerioJordao/RamdonUser/tests">
<suite id="s1-s1" name="Random-User-Test" source="/home/runner/work/DesafioQAItauRogerioJordao/DesafioQAItauRogerioJordao/RamdonUser/tests/random-user-test.robot">
<test id="s1-s1-t1" name="Conectar" line="13">
<kw name="Conectar API" owner="random-user-service">
<kw name="Create Session" owner="RequestsLibrary">
<msg time="2024-05-01T18:18:48.177447" level="INFO">Creating Session using : alias=consultarAPI, url=https://randomuser.me/, headers={},                     cookies={}, auth=None, timeout=None, proxies=None, verify=False,                     debug=0 </msg>
<arg>consultarAPI</arg>
<arg>${URL}</arg>
<doc>Create Session: create a HTTP session to a server</doc>
<status status="PASS" start="2024-05-01T18:18:48.177248" elapsed="0.000363"/>
</kw>
<status status="PASS" start="2024-05-01T18:18:48.176313" elapsed="0.001637"/>
</kw>
<status status="PASS" start="2024-05-01T18:18:48.175713" elapsed="0.002427"/>
</test>
<test id="s1-s1-t2" name="Validar retorno 200 e JSON Válido" line="16">
<kw name="Teste de Requisicao Basica" owner="random-user-service">
<kw name="GET On Session" owner="RequestsLibrary">
<msg time="2024-05-01T18:18:48.379299" level="INFO">GET Request : url=https://randomuser.me/api 
 path_url=/api 
 headers={'User-Agent': 'python-requests/2.31.0', 'Accept-Encoding': 'gzip, deflate', 'Accept': '*/*', 'Connection': 'keep-alive'} 
 body=None 
 </msg>
<msg time="2024-05-01T18:18:48.379434" level="INFO">GET Response : url=https://randomuser.me/api 
 status=200, reason=OK 
 headers={'Date': 'Wed, 01 May 2024 18:18:48 GMT', 'Content-Type': 'application/json; charset=utf-8', 'Transfer-Encoding': 'chunked', 'Connection': 'keep-alive', 'X-Powered-By': 'Express', 'Access-Control-Allow-Origin': '*', 'Cache-Control': 'no-cache', 'ETag': 'W/"4a2-YRDPm+LySTIrGtqJTB3vlMSLn2w"', 'Vary': 'Accept-Encoding', 'Content-Encoding': 'gzip', 'CF-Cache-Status': 'DYNAMIC', 'Report-To': '{"endpoints":[{"url":"https:\\/\\/a.nel.cloudflare.com\\/report\\/v4?s=v%2F6alDN0ZUQUcVC7HzlSpEqKtjfMNFWXTFe6hRmEObIhUMd%2Fbz%2FyWT%2Bih7WbQp8z0cUJ0cpSsD2I3GQqVCcV3B4zEuK97GlkqQQavmWOdaMaEFJy8SAhhsmqoK4vihj4"}],"group":"cf-nel","max_age":604800}', 'NEL': '{"success_fraction":0,"report_to":"cf-nel","max_age":604800}', 'Server': 'cloudflare', 'CF-RAY': '87d1c6b40e2729d0-ORD', 'alt-svc': 'h3=":443"; ma=86400'} 
 body={"results":[{"gender":"female","name":{"title":"Miss","first":"Noémie","last":"Lévesque"},"location":{"street":{"number":2523,"name":"9th St"},"city":"Summerside","state":"New Brunswick","country":"Canada","postcode":"N0A 2E1","coordinates":{"latitude":"-68.8563","longitude":"179.1712"},"timezone":{"offset":"-6:00","description":"Central Time (US &amp; Canada), Mexico City"}},"email":"noemie.levesque@example.com","login":{"uuid":"d92341d4-d3be-4a62-af99-240397feade4","username":"organiccat328","password":"marlon","salt":"nU5Nyl47","md5":"9b6494f7aad7402ccf7afece074ad2a5","sha1":"01af9d9e8d2fe4dbd16a61eb9a7cbadb100c94e5","sha256":"b7169f78fa11f69fdf4af2827e34d9e564ea037249c5e0150260c1bb82bc2edc"},"dob":{"date":"1945-10-27T17:13:49.248Z","age":78},"registered":{"date":"2006-02-20T02:29:41.305Z","age":18},"phone":"M98 R88-2852","cell":"X53 Z39-6844","id":{"name":"SIN","value":"092047612"},"picture":{"large":"https://randomuser.me/api/portraits/women/60.jpg","medium":"https://randomuser.me/api/portraits/med/women/60.jpg","thumbnail":"https://randomuser.me/api/portraits/thumb/women/60.jpg"},"nat":"CA"}],"info":{"seed":"1f45e517958539b0","results":1,"page":1,"version":"1.4"}} 
 </msg>
<msg time="2024-05-01T18:18:48.379530" level="INFO">/opt/hostedtoolcache/Python/3.12.3/x64/lib/python3.12/site-packages/urllib3/connectionpool.py:1103: InsecureRequestWarning: Unverified HTTPS request is being made to host 'randomuser.me'. Adding certificate verification is strongly advised. See: https://urllib3.readthedocs.io/en/latest/advanced-usage.html#tls-warnings
  warnings.warn(</msg>
<msg time="2024-05-01T18:18:48.379705" level="INFO">${response} = &lt;Response [200]&gt;</msg>
<var>${response}</var>
<arg>consultarAPI</arg>
<arg>/api</arg>
<doc>Sends a GET request on a previously created HTTP Session.</doc>
<status status="PASS" start="2024-05-01T18:18:48.180800" elapsed="0.198963"/>
</kw>
<kw name="Should Be Equal As Numbers" owner="BuiltIn">
<msg time="2024-05-01T18:18:48.380632" level="INFO">Argument types are:
&lt;class 'int'&gt;
&lt;class 'str'&gt;</msg>
<arg>${response.status_code}</arg>
<arg>200</arg>
<doc>Fails if objects are unequal after converting them to real numbers.</doc>
<status status="PASS" start="2024-05-01T18:18:48.380221" elapsed="0.000475"/>
</kw>
<kw name="Log" owner="BuiltIn">
<msg time="2024-05-01T18:18:48.381417" level="INFO">200</msg>
<arg>${response.status_code}</arg>
<doc>Logs the given message with the given level.</doc>
<status status="PASS" start="2024-05-01T18:18:48.381058" elapsed="0.000402"/>
</kw>
<kw name="Set Variable" owner="BuiltIn">
<msg time="2024-05-01T18:18:48.382205" level="INFO">${json_data} = {'results': [{'gender': 'female', 'name': {'title': 'Miss', 'first': 'Noémie', 'last': 'Lévesque'}, 'location': {'street': {'number': 2523, 'name': '9th St'}, 'city': 'Summerside', 'state': 'New Bruns...</msg>
<var>${json_data}</var>
<arg>${response.json()}</arg>
<doc>Returns the given values which can then be assigned to a variables.</doc>
<status status="PASS" start="2024-05-01T18:18:48.381766" elapsed="0.000468"/>
</kw>
<kw name="Dictionary Should Contain Key" owner="Collections">
<msg time="2024-05-01T18:18:48.382725" level="INFO">False</msg>
<arg>${json_data}</arg>
<arg>results</arg>
<doc>Fails if ``key`` is not found from ``dictionary``.</doc>
<status status="PASS" start="2024-05-01T18:18:48.382545" elapsed="0.000219"/>
</kw>
<status status="PASS" start="2024-05-01T18:18:48.180563" elapsed="0.202452"/>
</kw>
<doc>Testa se a API responde corretamente e retorna um objeto JSON válido.</doc>
<tag>testeRequisicaoBasica</tag>
<status status="PASS" start="2024-05-01T18:18:48.180000" elapsed="0.203183"/>
</test>
<test id="s1-s1-t3" name="Validar estrutura de resposta" line="22">
<kw name="Teste de Estrutura de Resposta" owner="random-user-service">
<kw name="GET On Session" owner="RequestsLibrary">
<msg time="2024-05-01T18:18:48.486342" level="INFO">GET Request : url=https://randomuser.me/api 
 path_url=/api 
 headers={'User-Agent': 'python-requests/2.31.0', 'Accept-Encoding': 'gzip, deflate', 'Accept': '*/*', 'Connection': 'keep-alive'} 
 body=None 
 </msg>
<msg time="2024-05-01T18:18:48.486407" level="INFO">GET Response : url=https://randomuser.me/api 
 status=200, reason=OK 
 headers={'Date': 'Wed, 01 May 2024 18:18:48 GMT', 'Content-Type': 'application/json; charset=utf-8', 'Transfer-Encoding': 'chunked', 'Connection': 'keep-alive', 'X-Powered-By': 'Express', 'Access-Control-Allow-Origin': '*', 'Cache-Control': 'no-cache', 'ETag': 'W/"498-pH7BdH83iGrAhfOH7NZ1jyrMme8"', 'Vary': 'Accept-Encoding', 'Content-Encoding': 'gzip', 'CF-Cache-Status': 'DYNAMIC', 'Report-To': '{"endpoints":[{"url":"https:\\/\\/a.nel.cloudflare.com\\/report\\/v4?s=somo0h9oi9Oe8xufpJ5HLGpEvA%2BSGeIKDRFf6x5n9q2ioC7ikqT06H4cs%2BfpXNHH7h4GtRKzj%2FmX5BjxRX%2BvvjXf5iuQWuIkWafKxMZkQbrc8WCfvPGwFLOiCX4fX239"}],"group":"cf-nel","max_age":604800}', 'NEL': '{"success_fraction":0,"report_to":"cf-nel","max_age":604800}', 'Server': 'cloudflare', 'CF-RAY': '87d1c6b46e9d29d0-ORD', 'alt-svc': 'h3=":443"; ma=86400'} 
 body={"results":[{"gender":"female","name":{"title":"Mrs","first":"Harper","last":"Denys"},"location":{"street":{"number":7648,"name":"Brock Rd"},"city":"Richmond","state":"British Columbia","country":"Canada","postcode":"G6E 6U2","coordinates":{"latitude":"-67.6150","longitude":"10.6739"},"timezone":{"offset":"+3:00","description":"Baghdad, Riyadh, Moscow, St. Petersburg"}},"email":"harper.denys@example.com","login":{"uuid":"8478c3b1-c912-45a9-bb46-0e5d8e228379","username":"happybird915","password":"court","salt":"KgkuOKTS","md5":"bc004731f0b577025c338ca58c00b9ed","sha1":"6cda7fbb44b00f10303f47f9261fc1eafe20bd3e","sha256":"56aa1456ceda8e083d8f95459295b63d07b8656b73d67938992f0dba4a69e9da"},"dob":{"date":"1962-10-24T10:11:15.672Z","age":61},"registered":{"date":"2018-08-14T00:25:49.338Z","age":5},"phone":"X11 O24-5589","cell":"H49 T84-2886","id":{"name":"SIN","value":"104078035"},"picture":{"large":"https://randomuser.me/api/portraits/women/51.jpg","medium":"https://randomuser.me/api/portraits/med/women/51.jpg","thumbnail":"https://randomuser.me/api/portraits/thumb/women/51.jpg"},"nat":"CA"}],"info":{"seed":"6d96af9a0acb74a6","results":1,"page":1,"version":"1.4"}} 
 </msg>
<msg time="2024-05-01T18:18:48.486502" level="INFO">/opt/hostedtoolcache/Python/3.12.3/x64/lib/python3.12/site-packages/urllib3/connectionpool.py:1103: InsecureRequestWarning: Unverified HTTPS request is being made to host 'randomuser.me'. Adding certificate verification is strongly advised. See: https://urllib3.readthedocs.io/en/latest/advanced-usage.html#tls-warnings
  warnings.warn(</msg>
<msg time="2024-05-01T18:18:48.486615" level="INFO">${response} = &lt;Response [200]&gt;</msg>
<var>${response}</var>
<arg>consultarAPI</arg>
<arg>/api</arg>
<doc>Sends a GET request on a previously created HTTP Session.</doc>
<status status="PASS" start="2024-05-01T18:18:48.385704" elapsed="0.100953"/>
</kw>
<kw name="Set Variable" owner="BuiltIn">
<msg time="2024-05-01T18:18:48.487483" level="INFO">${json_data} = {'results': [{'gender': 'female', 'name': {'title': 'Mrs', 'first': 'Harper', 'last': 'Denys'}, 'location': {'street': {'number': 7648, 'name': 'Brock Rd'}, 'city': 'Richmond', 'state': 'British Colum...</msg>
<var>${json_data}</var>
<arg>${response.json()}</arg>
<doc>Returns the given values which can then be assigned to a variables.</doc>
<status status="PASS" start="2024-05-01T18:18:48.487026" elapsed="0.000486"/>
</kw>
<kw name="Log" owner="BuiltIn">
<msg time="2024-05-01T18:18:48.487990" level="INFO">{'results': [{'gender': 'female', 'name': {'title': 'Mrs', 'first': 'Harper', 'last': 'Denys'}, 'location': {'street': {'number': 7648, 'name': 'Brock Rd'}, 'city': 'Richmond', 'state': 'British Columbia', 'country': 'Canada', 'postcode': 'G6E 6U2', 'coordinates': {'latitude': '-67.6150', 'longitude': '10.6739'}, 'timezone': {'offset': '+3:00', 'description': 'Baghdad, Riyadh, Moscow, St. Petersburg'}}, 'email': 'harper.denys@example.com', 'login': {'uuid': '8478c3b1-c912-45a9-bb46-0e5d8e228379', 'username': 'happybird915', 'password': 'court', 'salt': 'KgkuOKTS', 'md5': 'bc004731f0b577025c338ca58c00b9ed', 'sha1': '6cda7fbb44b00f10303f47f9261fc1eafe20bd3e', 'sha256': '56aa1456ceda8e083d8f95459295b63d07b8656b73d67938992f0dba4a69e9da'}, 'dob': {'date': '1962-10-24T10:11:15.672Z', 'age': 61}, 'registered': {'date': '2018-08-14T00:25:49.338Z', 'age': 5}, 'phone': 'X11 O24-5589', 'cell': 'H49 T84-2886', 'id': {'name': 'SIN', 'value': '104078035'}, 'picture': {'large': 'https://randomuser.me/api/portraits/women/51.jpg', 'medium': 'https://randomuser.me/api/portraits/med/women/51.jpg', 'thumbnail': 'https://randomuser.me/api/portraits/thumb/women/51.jpg'}, 'nat': 'CA'}], 'info': {'seed': '6d96af9a0acb74a6', 'results': 1, 'page': 1, 'version': '1.4'}}</msg>
<arg>${json_data}</arg>
<doc>Logs the given message with the given level.</doc>
<status status="PASS" start="2024-05-01T18:18:48.487820" elapsed="0.000219"/>
</kw>
<kw name="Dictionary Should Contain Key" owner="Collections">
<msg time="2024-05-01T18:18:48.488497" level="INFO">False</msg>
<arg>${json_data}</arg>
<arg>results</arg>
<doc>Fails if ``key`` is not found from ``dictionary``.</doc>
<status status="PASS" start="2024-05-01T18:18:48.488332" elapsed="0.000203"/>
</kw>
<kw name="Should Not Be Empty" owner="BuiltIn">
<msg time="2024-05-01T18:18:48.488997" level="INFO">Length is 2.</msg>
<arg>${json_data}</arg>
<doc>Verifies that the given item is not empty.</doc>
<status status="PASS" start="2024-05-01T18:18:48.488827" elapsed="0.000337"/>
</kw>
<kw name="Create List" owner="BuiltIn">
<msg time="2024-05-01T18:18:48.489619" level="INFO">${expected_keys} = ['gender', 'name', 'location', 'email', 'login']</msg>
<var>${expected_keys}</var>
<arg>gender</arg>
<arg>name</arg>
<arg>location</arg>
<arg>email</arg>
<arg>login</arg>
<doc>Returns a list containing given items.</doc>
<status status="PASS" start="2024-05-01T18:18:48.489464" elapsed="0.000180"/>
</kw>
<for flavor="IN">
<iter>
<kw name="Dictionary Should Contain Key" owner="Collections">
<msg time="2024-05-01T18:18:48.490622" level="INFO">False</msg>
<arg>${json_data['results'][0]}</arg>
<arg>${key}</arg>
<doc>Fails if ``key`` is not found from ``dictionary``.</doc>
<status status="PASS" start="2024-05-01T18:18:48.490216" elapsed="0.000445"/>
</kw>
<kw name="Log" owner="BuiltIn">
<msg time="2024-05-01T18:18:48.491324" level="INFO">{'gender': 'female', 'name': {'title': 'Mrs', 'first': 'Harper', 'last': 'Denys'}, 'location': {'street': {'number': 7648, 'name': 'Brock Rd'}, 'city': 'Richmond', 'state': 'British Columbia', 'country': 'Canada', 'postcode': 'G6E 6U2', 'coordinates': {'latitude': '-67.6150', 'longitude': '10.6739'}, 'timezone': {'offset': '+3:00', 'description': 'Baghdad, Riyadh, Moscow, St. Petersburg'}}, 'email': 'harper.denys@example.com', 'login': {'uuid': '8478c3b1-c912-45a9-bb46-0e5d8e228379', 'username': 'happybird915', 'password': 'court', 'salt': 'KgkuOKTS', 'md5': 'bc004731f0b577025c338ca58c00b9ed', 'sha1': '6cda7fbb44b00f10303f47f9261fc1eafe20bd3e', 'sha256': '56aa1456ceda8e083d8f95459295b63d07b8656b73d67938992f0dba4a69e9da'}, 'dob': {'date': '1962-10-24T10:11:15.672Z', 'age': 61}, 'registered': {'date': '2018-08-14T00:25:49.338Z', 'age': 5}, 'phone': 'X11 O24-5589', 'cell': 'H49 T84-2886', 'id': {'name': 'SIN', 'value': '104078035'}, 'picture': {'large': 'https://randomuser.me/api/portraits/women/51.jpg', 'medium': 'https://randomuser.me/api/portraits/med/women/51.jpg', 'thumbnail': 'https://randomuser.me/api/portraits/thumb/women/51.jpg'}, 'nat': 'CA'}</msg>
<arg>${json_data['results'][0]}</arg>
<doc>Logs the given message with the given level.</doc>
<status status="PASS" start="2024-05-01T18:18:48.490959" elapsed="0.000413"/>
</kw>
<kw name="Log" owner="BuiltIn">
<msg time="2024-05-01T18:18:48.491798" level="INFO">gender</msg>
<arg>${key}</arg>
<doc>Logs the given message with the given level.</doc>
<status status="PASS" start="2024-05-01T18:18:48.491672" elapsed="0.000164"/>
</kw>
<var name="${key}">gender</var>
<status status="PASS" start="2024-05-01T18:18:48.490091" elapsed="0.001959"/>
</iter>
<iter>
<kw name="Dictionary Should Contain Key" owner="Collections">
<msg time="2024-05-01T18:18:48.492749" level="INFO">False</msg>
<arg>${json_data['results'][0]}</arg>
<arg>${key}</arg>
<doc>Fails if ``key`` is not found from ``dictionary``.</doc>
<status status="PASS" start="2024-05-01T18:18:48.492364" elapsed="0.000422"/>
</kw>
<kw name="Log" owner="BuiltIn">
<msg time="2024-05-01T18:18:48.493508" level="INFO">{'gender': 'female', 'name': {'title': 'Mrs', 'first': 'Harper', 'last': 'Denys'}, 'location': {'street': {'number': 7648, 'name': 'Brock Rd'}, 'city': 'Richmond', 'state': 'British Columbia', 'country': 'Canada', 'postcode': 'G6E 6U2', 'coordinates': {'latitude': '-67.6150', 'longitude': '10.6739'}, 'timezone': {'offset': '+3:00', 'description': 'Baghdad, Riyadh, Moscow, St. Petersburg'}}, 'email': 'harper.denys@example.com', 'login': {'uuid': '8478c3b1-c912-45a9-bb46-0e5d8e228379', 'username': 'happybird915', 'password': 'court', 'salt': 'KgkuOKTS', 'md5': 'bc004731f0b577025c338ca58c00b9ed', 'sha1': '6cda7fbb44b00f10303f47f9261fc1eafe20bd3e', 'sha256': '56aa1456ceda8e083d8f95459295b63d07b8656b73d67938992f0dba4a69e9da'}, 'dob': {'date': '1962-10-24T10:11:15.672Z', 'age': 61}, 'registered': {'date': '2018-08-14T00:25:49.338Z', 'age': 5}, 'phone': 'X11 O24-5589', 'cell': 'H49 T84-2886', 'id': {'name': 'SIN', 'value': '104078035'}, 'picture': {'large': 'https://randomuser.me/api/portraits/women/51.jpg', 'medium': 'https://randomuser.me/api/portraits/med/women/51.jpg', 'thumbnail': 'https://randomuser.me/api/portraits/thumb/women/51.jpg'}, 'nat': 'CA'}</msg>
<arg>${json_data['results'][0]}</arg>
<doc>Logs the given message with the given level.</doc>
<status status="PASS" start="2024-05-01T18:18:48.493146" elapsed="0.000410"/>
</kw>
<kw name="Log" owner="BuiltIn">
<msg time="2024-05-01T18:18:48.493980" level="INFO">name</msg>
<arg>${key}</arg>
<doc>Logs the given message with the given level.</doc>
<status status="PASS" start="2024-05-01T18:18:48.493853" elapsed="0.000165"/>
</kw>
<var name="${key}">name</var>
<status status="PASS" start="2024-05-01T18:18:48.492246" elapsed="0.001996"/>
</iter>
<iter>
<kw name="Dictionary Should Contain Key" owner="Collections">
<msg time="2024-05-01T18:18:48.494916" level="INFO">False</msg>
<arg>${json_data['results'][0]}</arg>
<arg>${key}</arg>
<doc>Fails if ``key`` is not found from ``dictionary``.</doc>
<status status="PASS" start="2024-05-01T18:18:48.494532" elapsed="0.000421"/>
</kw>
<kw name="Log" owner="BuiltIn">
<msg time="2024-05-01T18:18:48.495611" level="INFO">{'gender': 'female', 'name': {'title': 'Mrs', 'first': 'Harper', 'last': 'Denys'}, 'location': {'street': {'number': 7648, 'name': 'Brock Rd'}, 'city': 'Richmond', 'state': 'British Columbia', 'country': 'Canada', 'postcode': 'G6E 6U2', 'coordinates': {'latitude': '-67.6150', 'longitude': '10.6739'}, 'timezone': {'offset': '+3:00', 'description': 'Baghdad, Riyadh, Moscow, St. Petersburg'}}, 'email': 'harper.denys@example.com', 'login': {'uuid': '8478c3b1-c912-45a9-bb46-0e5d8e228379', 'username': 'happybird915', 'password': 'court', 'salt': 'KgkuOKTS', 'md5': 'bc004731f0b577025c338ca58c00b9ed', 'sha1': '6cda7fbb44b00f10303f47f9261fc1eafe20bd3e', 'sha256': '56aa1456ceda8e083d8f95459295b63d07b8656b73d67938992f0dba4a69e9da'}, 'dob': {'date': '1962-10-24T10:11:15.672Z', 'age': 61}, 'registered': {'date': '2018-08-14T00:25:49.338Z', 'age': 5}, 'phone': 'X11 O24-5589', 'cell': 'H49 T84-2886', 'id': {'name': 'SIN', 'value': '104078035'}, 'picture': {'large': 'https://randomuser.me/api/portraits/women/51.jpg', 'medium': 'https://randomuser.me/api/portraits/med/women/51.jpg', 'thumbnail': 'https://randomuser.me/api/portraits/thumb/women/51.jpg'}, 'nat': 'CA'}</msg>
<arg>${json_data['results'][0]}</arg>
<doc>Logs the given message with the given level.</doc>
<status status="PASS" start="2024-05-01T18:18:48.495249" elapsed="0.000409"/>
</kw>
<kw name="Log" owner="BuiltIn">
<msg time="2024-05-01T18:18:48.496076" level="INFO">location</msg>
<arg>${key}</arg>
<doc>Logs the given message with the given level.</doc>
<status status="PASS" start="2024-05-01T18:18:48.495951" elapsed="0.000163"/>
</kw>
<var name="${key}">location</var>
<status status="PASS" start="2024-05-01T18:18:48.494420" elapsed="0.001907"/>
</iter>
<iter>
<kw name="Dictionary Should Contain Key" owner="Collections">
<msg time="2024-05-01T18:18:48.497022" level="INFO">False</msg>
<arg>${json_data['results'][0]}</arg>
<arg>${key}</arg>
<doc>Fails if ``key`` is not found from ``dictionary``.</doc>
<status status="PASS" start="2024-05-01T18:18:48.496609" elapsed="0.000453"/>
</kw>
<kw name="Log" owner="BuiltIn">
<msg time="2024-05-01T18:18:48.497724" level="INFO">{'gender': 'female', 'name': {'title': 'Mrs', 'first': 'Harper', 'last': 'Denys'}, 'location': {'street': {'number': 7648, 'name': 'Brock Rd'}, 'city': 'Richmond', 'state': 'British Columbia', 'country': 'Canada', 'postcode': 'G6E 6U2', 'coordinates': {'latitude': '-67.6150', 'longitude': '10.6739'}, 'timezone': {'offset': '+3:00', 'description': 'Baghdad, Riyadh, Moscow, St. Petersburg'}}, 'email': 'harper.denys@example.com', 'login': {'uuid': '8478c3b1-c912-45a9-bb46-0e5d8e228379', 'username': 'happybird915', 'password': 'court', 'salt': 'KgkuOKTS', 'md5': 'bc004731f0b577025c338ca58c00b9ed', 'sha1': '6cda7fbb44b00f10303f47f9261fc1eafe20bd3e', 'sha256': '56aa1456ceda8e083d8f95459295b63d07b8656b73d67938992f0dba4a69e9da'}, 'dob': {'date': '1962-10-24T10:11:15.672Z', 'age': 61}, 'registered': {'date': '2018-08-14T00:25:49.338Z', 'age': 5}, 'phone': 'X11 O24-5589', 'cell': 'H49 T84-2886', 'id': {'name': 'SIN', 'value': '104078035'}, 'picture': {'large': 'https://randomuser.me/api/portraits/women/51.jpg', 'medium': 'https://randomuser.me/api/portraits/med/women/51.jpg', 'thumbnail': 'https://randomuser.me/api/portraits/thumb/women/51.jpg'}, 'nat': 'CA'}</msg>
<arg>${json_data['results'][0]}</arg>
<doc>Logs the given message with the given level.</doc>
<status status="PASS" start="2024-05-01T18:18:48.497361" elapsed="0.000412"/>
</kw>
<kw name="Log" owner="BuiltIn">
<msg time="2024-05-01T18:18:48.498213" level="INFO">email</msg>
<arg>${key}</arg>
<doc>Logs the given message with the given level.</doc>
<status status="PASS" start="2024-05-01T18:18:48.498081" elapsed="0.000169"/>
</kw>
<var name="${key}">email</var>
<status status="PASS" start="2024-05-01T18:18:48.496499" elapsed="0.001967"/>
</iter>
<iter>
<kw name="Dictionary Should Contain Key" owner="Collections">
<msg time="2024-05-01T18:18:48.499134" level="INFO">False</msg>
<arg>${json_data['results'][0]}</arg>
<arg>${key}</arg>
<doc>Fails if ``key`` is not found from ``dictionary``.</doc>
<status status="PASS" start="2024-05-01T18:18:48.498748" elapsed="0.000423"/>
</kw>
<kw name="Log" owner="BuiltIn">
<msg time="2024-05-01T18:18:48.499830" level="INFO">{'gender': 'female', 'name': {'title': 'Mrs', 'first': 'Harper', 'last': 'Denys'}, 'location': {'street': {'number': 7648, 'name': 'Brock Rd'}, 'city': 'Richmond', 'state': 'British Columbia', 'country': 'Canada', 'postcode': 'G6E 6U2', 'coordinates': {'latitude': '-67.6150', 'longitude': '10.6739'}, 'timezone': {'offset': '+3:00', 'description': 'Baghdad, Riyadh, Moscow, St. Petersburg'}}, 'email': 'harper.denys@example.com', 'login': {'uuid': '8478c3b1-c912-45a9-bb46-0e5d8e228379', 'username': 'happybird915', 'password': 'court', 'salt': 'KgkuOKTS', 'md5': 'bc004731f0b577025c338ca58c00b9ed', 'sha1': '6cda7fbb44b00f10303f47f9261fc1eafe20bd3e', 'sha256': '56aa1456ceda8e083d8f95459295b63d07b8656b73d67938992f0dba4a69e9da'}, 'dob': {'date': '1962-10-24T10:11:15.672Z', 'age': 61}, 'registered': {'date': '2018-08-14T00:25:49.338Z', 'age': 5}, 'phone': 'X11 O24-5589', 'cell': 'H49 T84-2886', 'id': {'name': 'SIN', 'value': '104078035'}, 'picture': {'large': 'https://randomuser.me/api/portraits/women/51.jpg', 'medium': 'https://randomuser.me/api/portraits/med/women/51.jpg', 'thumbnail': 'https://randomuser.me/api/portraits/thumb/women/51.jpg'}, 'nat': 'CA'}</msg>
<arg>${json_data['results'][0]}</arg>
<doc>Logs the given message with the given level.</doc>
<status status="PASS" start="2024-05-01T18:18:48.499462" elapsed="0.000415"/>
</kw>
<kw name="Log" owner="BuiltIn">
<msg time="2024-05-01T18:18:48.500302" level="INFO">login</msg>
<arg>${key}</arg>
<doc>Logs the given message with the given level.</doc>
<status status="PASS" start="2024-05-01T18:18:48.500174" elapsed="0.000165"/>
</kw>
<var name="${key}">login</var>
<status status="PASS" start="2024-05-01T18:18:48.498637" elapsed="0.001947"/>
</iter>
<var>${key}</var>
<value>@{expected_keys}</value>
<status status="PASS" start="2024-05-01T18:18:48.489909" elapsed="0.010802"/>
</for>
<kw name="Create List" owner="BuiltIn">
<msg time="2024-05-01T18:18:48.501066" level="INFO">${expected_keysTwo} = ['username', 'password']</msg>
<var>${expected_keysTwo}</var>
<arg>username</arg>
<arg>password</arg>
<doc>Returns a list containing given items.</doc>
<status status="PASS" start="2024-05-01T18:18:48.500924" elapsed="0.000166"/>
</kw>
<for flavor="IN">
<iter>
<kw name="Dictionary Should Contain Key" owner="Collections">
<msg time="2024-05-01T18:18:48.501978" level="INFO">False</msg>
<arg>${json_data['results'][0]['login']}</arg>
<arg>${keyTwo}</arg>
<doc>Fails if ``key`` is not found from ``dictionary``.</doc>
<status status="PASS" start="2024-05-01T18:18:48.501590" elapsed="0.000426"/>
</kw>
<kw name="Dictionary Should Contain Key" owner="Collections">
<msg time="2024-05-01T18:18:48.502739" level="INFO">False</msg>
<arg>${json_data['results'][0]['login']}</arg>
<arg>${keyTwo}</arg>
<doc>Fails if ``key`` is not found from ``dictionary``.</doc>
<status status="PASS" start="2024-05-01T18:18:48.502351" elapsed="0.000425"/>
</kw>
<kw name="Log" owner="BuiltIn">
<msg time="2024-05-01T18:18:48.503191" level="INFO">username</msg>
<arg>${keyTwo}</arg>
<doc>Logs the given message with the given level.</doc>
<status status="PASS" start="2024-05-01T18:18:48.503067" elapsed="0.000166"/>
</kw>
<var name="${keyTwo}">username</var>
<status status="PASS" start="2024-05-01T18:18:48.501480" elapsed="0.001965"/>
</iter>
<iter>
<kw name="Dictionary Should Contain Key" owner="Collections">
<msg time="2024-05-01T18:18:48.504190" level="INFO">False</msg>
<arg>${json_data['results'][0]['login']}</arg>
<arg>${keyTwo}</arg>
<doc>Fails if ``key`` is not found from ``dictionary``.</doc>
<status status="PASS" start="2024-05-01T18:18:48.503722" elapsed="0.000510"/>
</kw>
<kw name="Dictionary Should Contain Key" owner="Collections">
<msg time="2024-05-01T18:18:48.504928" level="INFO">False</msg>
<arg>${json_data['results'][0]['login']}</arg>
<arg>${keyTwo}</arg>
<doc>Fails if ``key`` is not found from ``dictionary``.</doc>
<status status="PASS" start="2024-05-01T18:18:48.504527" elapsed="0.000440"/>
</kw>
<kw name="Log" owner="BuiltIn">
<msg time="2024-05-01T18:18:48.505387" level="INFO">password</msg>
<arg>${keyTwo}</arg>
<doc>Logs the given message with the given level.</doc>
<status status="PASS" start="2024-05-01T18:18:48.505261" elapsed="0.000164"/>
</kw>
<var name="${keyTwo}">password</var>
<status status="PASS" start="2024-05-01T18:18:48.503612" elapsed="0.002036"/>
</iter>
<var>${keyTwo}</var>
<value>@{expected_keysTwo}</value>
<status status="PASS" start="2024-05-01T18:18:48.501330" elapsed="0.004437"/>
</for>
<status status="PASS" start="2024-05-01T18:18:48.385475" elapsed="0.120427"/>
</kw>
<doc>Testa a estrutura da resposta da API.</doc>
<tag>testeEstruturaResposta</tag>
<status status="PASS" start="2024-05-01T18:18:48.384996" elapsed="0.121051"/>
</test>
<test id="s1-s1-t4" name="Validar tipos de dados" line="28">
<kw name="Teste de Tipos de Dados" owner="random-user-service">
<kw name="GET On Session" owner="RequestsLibrary">
<msg time="2024-05-01T18:18:48.582798" level="INFO">GET Request : url=https://randomuser.me/api 
 path_url=/api 
 headers={'User-Agent': 'python-requests/2.31.0', 'Accept-Encoding': 'gzip, deflate', 'Accept': '*/*', 'Connection': 'keep-alive'} 
 body=None 
 </msg>
<msg time="2024-05-01T18:18:48.582874" level="INFO">GET Response : url=https://randomuser.me/api 
 status=200, reason=OK 
 headers={'Date': 'Wed, 01 May 2024 18:18:48 GMT', 'Content-Type': 'application/json; charset=utf-8', 'Transfer-Encoding': 'chunked', 'Connection': 'keep-alive', 'X-Powered-By': 'Express', 'Access-Control-Allow-Origin': '*', 'Cache-Control': 'no-cache', 'ETag': 'W/"478-hRNmXhTxy5+uaVD+epLtU0LC28k"', 'Vary': 'Accept-Encoding', 'Content-Encoding': 'gzip', 'CF-Cache-Status': 'DYNAMIC', 'Report-To': '{"endpoints":[{"url":"https:\\/\\/a.nel.cloudflare.com\\/report\\/v4?s=FAIjnK4xpXdWEh24HhNgQoVpzQbhiwZ4d4gx4FG0R4bBpMinsoHFU4NIeGhIGt1F2mT740YyflrYN%2B5vV42mcljqJ4tWgix0lmZiZ2aH7u0FR1KcnNI%2FFah0uuOviIMS"}],"group":"cf-nel","max_age":604800}', 'NEL': '{"success_fraction":0,"report_to":"cf-nel","max_age":604800}', 'Server': 'cloudflare', 'CF-RAY': '87d1c6b52f8829d0-ORD', 'alt-svc': 'h3=":443"; ma=86400'} 
 body={"results":[{"gender":"male","name":{"title":"Mr","first":"Valdemar","last":"Jensen"},"location":{"street":{"number":6641,"name":"Ballevej"},"city":"Roedovre","state":"Nordjylland","country":"Denmark","postcode":55078,"coordinates":{"latitude":"-43.3845","longitude":"-2.1524"},"timezone":{"offset":"-12:00","description":"Eniwetok, Kwajalein"}},"email":"valdemar.jensen@example.com","login":{"uuid":"f30a0a98-7880-4acd-995e-7ad58e068f84","username":"greentiger526","password":"millions","salt":"EHIaPV1Y","md5":"79ea5fb0af627843fae798d4c7896113","sha1":"70bf456aafdac206d753cabe39b79a3ff14e6639","sha256":"fad4f5bd6a60f5a707fe0c146f3fe4fd2c40e9c36374fe20dd9165415d8c9e53"},"dob":{"date":"1982-01-16T15:41:40.411Z","age":42},"registered":{"date":"2019-08-15T19:36:37.861Z","age":4},"phone":"59035952","cell":"37001167","id":{"name":"CPR","value":"160182-6008"},"picture":{"large":"https://randomuser.me/api/portraits/men/35.jpg","medium":"https://randomuser.me/api/portraits/med/men/35.jpg","thumbnail":"https://randomuser.me/api/portraits/thumb/men/35.jpg"},"nat":"DK"}],"info":{"seed":"01bf04d89c93f1b4","results":1,"page":1,"version":"1.4"}} 
 </msg>
<msg time="2024-05-01T18:18:48.582946" level="INFO">/opt/hostedtoolcache/Python/3.12.3/x64/lib/python3.12/site-packages/urllib3/connectionpool.py:1103: InsecureRequestWarning: Unverified HTTPS request is being made to host 'randomuser.me'. Adding certificate verification is strongly advised. See: https://urllib3.readthedocs.io/en/latest/advanced-usage.html#tls-warnings
  warnings.warn(</msg>
<msg time="2024-05-01T18:18:48.583071" level="INFO">${response} = &lt;Response [200]&gt;</msg>
<var>${response}</var>
<arg>consultarAPI</arg>
<arg>/api</arg>
<doc>Sends a GET request on a previously created HTTP Session.</doc>
<status status="PASS" start="2024-05-01T18:18:48.508425" elapsed="0.074692"/>
</kw>
<kw name="Set Variable" owner="BuiltIn">
<msg time="2024-05-01T18:18:48.583908" level="INFO">${json_data} = {'results': [{'gender': 'male', 'name': {'title': 'Mr', 'first': 'Valdemar', 'last': 'Jensen'}, 'location': {'street': {'number': 6641, 'name': 'Ballevej'}, 'city': 'Roedovre', 'state': 'Nordjylland',...</msg>
<var>${json_data}</var>
<arg>${response.json()}</arg>
<doc>Returns the given values which can then be assigned to a variables.</doc>
<status status="PASS" start="2024-05-01T18:18:48.583466" elapsed="0.000471"/>
</kw>
<kw name="Log" owner="BuiltIn">
<msg time="2024-05-01T18:18:48.584388" level="INFO">{'results': [{'gender': 'male', 'name': {'title': 'Mr', 'first': 'Valdemar', 'last': 'Jensen'}, 'location': {'street': {'number': 6641, 'name': 'Ballevej'}, 'city': 'Roedovre', 'state': 'Nordjylland', 'country': 'Denmark', 'postcode': 55078, 'coordinates': {'latitude': '-43.3845', 'longitude': '-2.1524'}, 'timezone': {'offset': '-12:00', 'description': 'Eniwetok, Kwajalein'}}, 'email': 'valdemar.jensen@example.com', 'login': {'uuid': 'f30a0a98-7880-4acd-995e-7ad58e068f84', 'username': 'greentiger526', 'password': 'millions', 'salt': 'EHIaPV1Y', 'md5': '79ea5fb0af627843fae798d4c7896113', 'sha1': '70bf456aafdac206d753cabe39b79a3ff14e6639', 'sha256': 'fad4f5bd6a60f5a707fe0c146f3fe4fd2c40e9c36374fe20dd9165415d8c9e53'}, 'dob': {'date': '1982-01-16T15:41:40.411Z', 'age': 42}, 'registered': {'date': '2019-08-15T19:36:37.861Z', 'age': 4}, 'phone': '59035952', 'cell': '37001167', 'id': {'name': 'CPR', 'value': '160182-6008'}, 'picture': {'large': 'https://randomuser.me/api/portraits/men/35.jpg', 'medium': 'https://randomuser.me/api/portraits/med/men/35.jpg', 'thumbnail': 'https://randomuser.me/api/portraits/thumb/men/35.jpg'}, 'nat': 'DK'}], 'info': {'seed': '01bf04d89c93f1b4', 'results': 1, 'page': 1, 'version': '1.4'}}</msg>
<arg>${json_data}</arg>
<doc>Logs the given message with the given level.</doc>
<status status="PASS" start="2024-05-01T18:18:48.584236" elapsed="0.000230"/>
</kw>
<kw name="Should Be String" owner="String">
<arg>${json_data['results'][0]['gender']}</arg>
<doc>Fails if the given ``item`` is not a string.</doc>
<status status="PASS" start="2024-05-01T18:18:48.584763" elapsed="0.000403"/>
</kw>
<kw name="Should Match Regexp" owner="BuiltIn">
<arg>${json_data['results'][0]['email']}</arg>
<arg>^[a-zA-Z0-9._%+-]+@[a-zA-Z0-9.-]+\.[a-zA-Z]{2,}$</arg>
<doc>Fails if ``string`` does not match ``pattern`` as a regular expression.</doc>
<status status="PASS" start="2024-05-01T18:18:48.585359" elapsed="0.000502"/>
</kw>
<kw name="Should Match Regexp" owner="BuiltIn">
<arg>${json_data['results'][0]['dob']['date']}</arg>
<arg>\\d{4}-\\d{2}-\\d{2}T\\d{2}:\\d{2}:\\d{2}\\.\\d{3}Z</arg>
<doc>Fails if ``string`` does not match ``pattern`` as a regular expression.</doc>
<status status="PASS" start="2024-05-01T18:18:48.586057" elapsed="0.000490"/>
</kw>
<kw name="Should Match Regexp" owner="BuiltIn">
<arg>${json_data['results'][0]['registered']['date']}</arg>
<arg>\\d{4}-\\d{2}-\\d{2}T\\d{2}:\\d{2}:\\d{2}\\.\\d{3}Z</arg>
<doc>Fails if ``string`` does not match ``pattern`` as a regular expression.</doc>
<status status="PASS" start="2024-05-01T18:18:48.586736" elapsed="0.000367"/>
</kw>
<kw name="Should Match Regexp" owner="BuiltIn">
<arg>${json_data['results'][0]['picture']['large']}</arg>
<arg>^https?://.*\.(?:png|jpe?g|gif|bmp)$</arg>
<doc>Fails if ``string`` does not match ``pattern`` as a regular expression.</doc>
<status status="PASS" start="2024-05-01T18:18:48.587308" elapsed="0.000456"/>
</kw>
<kw name="Should Match Regexp" owner="BuiltIn">
<arg>${json_data['results'][0]['picture']['medium']}</arg>
<arg>^https?://.*\.(?:png|jpe?g|gif|bmp)$</arg>
<doc>Fails if ``string`` does not match ``pattern`` as a regular expression.</doc>
<status status="PASS" start="2024-05-01T18:18:48.587950" elapsed="0.000359"/>
</kw>
<kw name="Should Match Regexp" owner="BuiltIn">
<arg>${json_data['results'][0]['picture']['thumbnail']}</arg>
<arg>^https?://.*\.(?:png|jpe?g|gif|bmp)$</arg>
<doc>Fails if ``string`` does not match ``pattern`` as a regular expression.</doc>
<status status="PASS" start="2024-05-01T18:18:48.588498" elapsed="0.000349"/>
</kw>
<kw name="Log" owner="BuiltIn">
<msg time="2024-05-01T18:18:48.589390" level="INFO">{'large': 'https://randomuser.me/api/portraits/men/35.jpg', 'medium': 'https://randomuser.me/api/portraits/med/men/35.jpg', 'thumbnail': 'https://randomuser.me/api/portraits/thumb/men/35.jpg'}</msg>
<arg>${json_data['results'][0]['picture']}</arg>
<doc>Logs the given message with the given level.</doc>
<status status="PASS" start="2024-05-01T18:18:48.589065" elapsed="0.000366"/>
</kw>
<status status="PASS" start="2024-05-01T18:18:48.508206" elapsed="0.081475"/>
</kw>
<kw name="Teste de Tipos de Dados - Postcode" owner="random-user-service">
<kw name="GET On Session" owner="RequestsLibrary">
<msg time="2024-05-01T18:18:48.692415" level="INFO">GET Request : url=https://randomuser.me/api 
 path_url=/api 
 headers={'User-Agent': 'python-requests/2.31.0', 'Accept-Encoding': 'gzip, deflate', 'Accept': '*/*', 'Connection': 'keep-alive'} 
 body=None 
 </msg>
<msg time="2024-05-01T18:18:48.692494" level="INFO">GET Response : url=https://randomuser.me/api 
 status=200, reason=OK 
 headers={'Date': 'Wed, 01 May 2024 18:18:48 GMT', 'Content-Type': 'application/json; charset=utf-8', 'Transfer-Encoding': 'chunked', 'Connection': 'keep-alive', 'X-Powered-By': 'Express', 'Access-Control-Allow-Origin': '*', 'Cache-Control': 'no-cache', 'ETag': 'W/"49a-FVbATPiW+cOhVc1kcjej7ykKLOw"', 'Vary': 'Accept-Encoding', 'Content-Encoding': 'gzip', 'CF-Cache-Status': 'DYNAMIC', 'Report-To': '{"endpoints":[{"url":"https:\\/\\/a.nel.cloudflare.com\\/report\\/v4?s=IPadtd1aK7WvcK1UZeEN1IJ96PZ18GidnG2yg0%2B9zQy3llKsD9xjj2m%2FcuIRvJCECdf2qU3kK10Hhu4X2HT5jUXgd8%2BeTOlVdGcJxMTRm7C5ryhYKC6PvnZ%2FTd%2B%2B02zw"}],"group":"cf-nel","max_age":604800}', 'NEL': '{"success_fraction":0,"report_to":"cf-nel","max_age":604800}', 'Server': 'cloudflare', 'CF-RAY': '87d1c6b5b83929d0-ORD', 'alt-svc': 'h3=":443"; ma=86400'} 
 body={"results":[{"gender":"male","name":{"title":"Mr","first":"Milton","last":"Peters"},"location":{"street":{"number":9506,"name":"Westmoreland Street"},"city":"Waterford","state":"Galway","country":"Ireland","postcode":86322,"coordinates":{"latitude":"4.0958","longitude":"-100.2090"},"timezone":{"offset":"0:00","description":"Western Europe Time, London, Lisbon, Casablanca"}},"email":"milton.peters@example.com","login":{"uuid":"bb7fff5d-ca25-4d9e-b65c-b25c39d7e454","username":"goldenrabbit731","password":"gerry","salt":"XQlw1I50","md5":"587d2a3bebd3f68324e15d0eacaf8904","sha1":"7cef8a70ef62501b9c3de7e23f3e650c8f525ea5","sha256":"31725024f104ceb7c4fcb9d6f0e446419c77508b2d06bb83037ca3343b645a1e"},"dob":{"date":"1953-08-06T06:10:39.565Z","age":70},"registered":{"date":"2008-12-20T19:54:30.410Z","age":15},"phone":"021-684-8332","cell":"081-441-0666","id":{"name":"PPS","value":"6238977T"},"picture":{"large":"https://randomuser.me/api/portraits/men/79.jpg","medium":"https://randomuser.me/api/portraits/med/men/79.jpg","thumbnail":"https://randomuser.me/api/portraits/thumb/men/79.jpg"},"nat":"IE"}],"info":{"seed":"2c6b17e8aa37d5bf","results":1,"page":1,"version":"1.4"}} 
 </msg>
<msg time="2024-05-01T18:18:48.692548" level="INFO">/opt/hostedtoolcache/Python/3.12.3/x64/lib/python3.12/site-packages/urllib3/connectionpool.py:1103: InsecureRequestWarning: Unverified HTTPS request is being made to host 'randomuser.me'. Adding certificate verification is strongly advised. See: https://urllib3.readthedocs.io/en/latest/advanced-usage.html#tls-warnings
  warnings.warn(</msg>
<msg time="2024-05-01T18:18:48.692653" level="INFO">${response} = &lt;Response [200]&gt;</msg>
<var>${response}</var>
<arg>consultarAPI</arg>
<arg>/api</arg>
<doc>Sends a GET request on a previously created HTTP Session.</doc>
<status status="PASS" start="2024-05-01T18:18:48.590106" elapsed="0.102589"/>
</kw>
<kw name="Set Variable" owner="BuiltIn">
<msg time="2024-05-01T18:18:48.693537" level="INFO">${json_data} = {'results': [{'gender': 'male', 'name': {'title': 'Mr', 'first': 'Milton', 'last': 'Peters'}, 'location': {'street': {'number': 9506, 'name': 'Westmoreland Street'}, 'city': 'Waterford', 'state': 'Gal...</msg>
<var>${json_data}</var>
<arg>${response.json()}</arg>
<doc>Returns the given values which can then be assigned to a variables.</doc>
<status status="PASS" start="2024-05-01T18:18:48.693085" elapsed="0.000479"/>
</kw>
<kw name="Log" owner="BuiltIn">
<msg time="2024-05-01T18:18:48.694017" level="INFO">{'results': [{'gender': 'male', 'name': {'title': 'Mr', 'first': 'Milton', 'last': 'Peters'}, 'location': {'street': {'number': 9506, 'name': 'Westmoreland Street'}, 'city': 'Waterford', 'state': 'Galway', 'country': 'Ireland', 'postcode': 86322, 'coordinates': {'latitude': '4.0958', 'longitude': '-100.2090'}, 'timezone': {'offset': '0:00', 'description': 'Western Europe Time, London, Lisbon, Casablanca'}}, 'email': 'milton.peters@example.com', 'login': {'uuid': 'bb7fff5d-ca25-4d9e-b65c-b25c39d7e454', 'username': 'goldenrabbit731', 'password': 'gerry', 'salt': 'XQlw1I50', 'md5': '587d2a3bebd3f68324e15d0eacaf8904', 'sha1': '7cef8a70ef62501b9c3de7e23f3e650c8f525ea5', 'sha256': '31725024f104ceb7c4fcb9d6f0e446419c77508b2d06bb83037ca3343b645a1e'}, 'dob': {'date': '1953-08-06T06:10:39.565Z', 'age': 70}, 'registered': {'date': '2008-12-20T19:54:30.410Z', 'age': 15}, 'phone': '021-684-8332', 'cell': '081-441-0666', 'id': {'name': 'PPS', 'value': '6238977T'}, 'picture': {'large': 'https://randomuser.me/api/portraits/men/79.jpg', 'medium': 'https://randomuser.me/api/portraits/med/men/79.jpg', 'thumbnail': 'https://randomuser.me/api/portraits/thumb/men/79.jpg'}, 'nat': 'IE'}], 'info': {'seed': '2c6b17e8aa37d5bf', 'results': 1, 'page': 1, 'version': '1.4'}}</msg>
<arg>${json_data}</arg>
<doc>Logs the given message with the given level.</doc>
<status status="PASS" start="2024-05-01T18:18:48.693868" elapsed="0.000225"/>
</kw>
<kw name="Should Be Equal As Numbers" owner="BuiltIn">
<arg>${json_data['results'][0]['location']['postcode']}</arg>
<arg>${json_data['results'][0]['location']['postcode']}</arg>
<doc>Fails if objects are unequal after converting them to real numbers.</doc>
<status status="PASS" start="2024-05-01T18:18:48.694509" elapsed="0.000605"/>
</kw>
<kw name="Log" owner="BuiltIn">
<msg time="2024-05-01T18:18:48.695633" level="INFO">86322</msg>
<arg>${json_data['results'][0]['location']['postcode']}</arg>
<doc>Logs the given message with the given level.</doc>
<status status="PASS" start="2024-05-01T18:18:48.695302" elapsed="0.000370"/>
</kw>
<status status="PASS" start="2024-05-01T18:18:48.589890" elapsed="0.106030"/>
</kw>
<doc>Testa se os tipos de dados na resposta da API estão corretos.</doc>
<tag>testeTiposDados</tag>
<status status="PASS" start="2024-05-01T18:18:48.507790" elapsed="0.188284"/>
</test>
<test id="s1-s1-t5" name="Validar conteudo" line="35">
<kw name="Teste de Tipos de Conteudo" owner="random-user-service">
<kw name="GET On Session" owner="RequestsLibrary">
<msg time="2024-05-01T18:18:48.783110" level="INFO">GET Request : url=https://randomuser.me/api 
 path_url=/api 
 headers={'User-Agent': 'python-requests/2.31.0', 'Accept-Encoding': 'gzip, deflate', 'Accept': '*/*', 'Connection': 'keep-alive'} 
 body=None 
 </msg>
<msg time="2024-05-01T18:18:48.783196" level="INFO">GET Response : url=https://randomuser.me/api 
 status=200, reason=OK 
 headers={'Date': 'Wed, 01 May 2024 18:18:48 GMT', 'Content-Type': 'application/json; charset=utf-8', 'Transfer-Encoding': 'chunked', 'Connection': 'keep-alive', 'X-Powered-By': 'Express', 'Access-Control-Allow-Origin': '*', 'Cache-Control': 'no-cache', 'ETag': 'W/"4a9-azPM+xYtITI+UiLnPSzWK+4AVmc"', 'Vary': 'Accept-Encoding', 'Content-Encoding': 'gzip', 'CF-Cache-Status': 'DYNAMIC', 'Report-To': '{"endpoints":[{"url":"https:\\/\\/a.nel.cloudflare.com\\/report\\/v4?s=sPrJaaxfsxv3bdfyB9URBLR8OQh%2F%2FLtzRvBbjRYXT%2Fp4Mrioix2nSWQktgiKL0rn%2BMUTLUYwQChyyr2lwH2KujRBlclROJ2Ik%2F4OX4p5D%2BVfdSBwb%2FKi1wTARWaxgqdb"}],"group":"cf-nel","max_age":604800}', 'NEL': '{"success_fraction":0,"report_to":"cf-nel","max_age":604800}', 'Server': 'cloudflare', 'CF-RAY': '87d1c6b6692229d0-ORD', 'alt-svc': 'h3=":443"; ma=86400'} 
 body={"results":[{"gender":"female","name":{"title":"Mrs","first":"Stefanija","last":"Jevtić"},"location":{"street":{"number":6547,"name":"Vere Veljkov"},"city":"Mali Zvornik","state":"Kolubara","country":"Serbia","postcode":53376,"coordinates":{"latitude":"59.0669","longitude":"155.8966"},"timezone":{"offset":"0:00","description":"Western Europe Time, London, Lisbon, Casablanca"}},"email":"stefanija.jevtic@example.com","login":{"uuid":"c477ae72-77a0-4a15-a4cf-f532218c8a44","username":"whitezebra432","password":"seahawks","salt":"EOaPgt3t","md5":"9c7540a7f734435fbe8f37889db75030","sha1":"b1db53230a6713ce2e00f4c5f6ea456acfccf303","sha256":"cdb817b95f2f633f6ecf1ad6966a3e99c45251d0cfb2d09d0030355b66be9114"},"dob":{"date":"1957-12-17T19:49:17.241Z","age":66},"registered":{"date":"2004-11-02T13:02:29.228Z","age":19},"phone":"015-7562-263","cell":"061-3726-123","id":{"name":"SID","value":"918870405"},"picture":{"large":"https://randomuser.me/api/portraits/women/16.jpg","medium":"https://randomuser.me/api/portraits/med/women/16.jpg","thumbnail":"https://randomuser.me/api/portraits/thumb/women/16.jpg"},"nat":"RS"}],"info":{"seed":"f4f98f658271bcf8","results":1,"page":1,"version":"1.4"}} 
 </msg>
<msg time="2024-05-01T18:18:48.783273" level="INFO">/opt/hostedtoolcache/Python/3.12.3/x64/lib/python3.12/site-packages/urllib3/connectionpool.py:1103: InsecureRequestWarning: Unverified HTTPS request is being made to host 'randomuser.me'. Adding certificate verification is strongly advised. See: https://urllib3.readthedocs.io/en/latest/advanced-usage.html#tls-warnings
  warnings.warn(</msg>
<msg time="2024-05-01T18:18:48.783413" level="INFO">${response} = &lt;Response [200]&gt;</msg>
<var>${response}</var>
<arg>consultarAPI</arg>
<arg>/api</arg>
<doc>Sends a GET request on a previously created HTTP Session.</doc>
<status status="PASS" start="2024-05-01T18:18:48.698858" elapsed="0.084613"/>
</kw>
<kw name="Set Variable" owner="BuiltIn">
<msg time="2024-05-01T18:18:48.784319" level="INFO">${json_data} = {'results': [{'gender': 'female', 'name': {'title': 'Mrs', 'first': 'Stefanija', 'last': 'Jevtić'}, 'location': {'street': {'number': 6547, 'name': 'Vere Veljkov'}, 'city': 'Mali Zvornik', 'state': 'K...</msg>
<var>${json_data}</var>
<arg>${response.json()}</arg>
<doc>Returns the given values which can then be assigned to a variables.</doc>
<status status="PASS" start="2024-05-01T18:18:48.783862" elapsed="0.000487"/>
</kw>
<kw name="Set Variable" owner="BuiltIn">
<msg time="2024-05-01T18:18:48.785082" level="INFO">${name_title} = Mrs</msg>
<var>${name_title}</var>
<arg>${json_data["results"][0]["name"]["title"]}</arg>
<doc>Returns the given values which can then be assigned to a variables.</doc>
<status status="PASS" start="2024-05-01T18:18:48.784658" elapsed="0.000450"/>
</kw>
<kw name="Create List" owner="BuiltIn">
<msg time="2024-05-01T18:18:48.785570" level="INFO">${allowed_titles} = ['Mr', 'Ms', 'Miss', 'Mrs', 'Madame', 'Monsieur']</msg>
<var>${allowed_titles}</var>
<arg>Mr</arg>
<arg>Ms</arg>
<arg>Miss</arg>
<arg>Mrs</arg>
<arg>Madame</arg>
<arg>Monsieur</arg>
<doc>Returns a list containing given items.</doc>
<status status="PASS" start="2024-05-01T18:18:48.785421" elapsed="0.000175"/>
</kw>
<kw name="List Should Contain Value" owner="Collections">
<msg time="2024-05-01T18:18:48.786068" level="INFO">False</msg>
<arg>${allowed_titles}</arg>
<arg>${name_title}</arg>
<doc>Fails if the ``value`` is not found from ``list``.</doc>
<status status="PASS" start="2024-05-01T18:18:48.785896" elapsed="0.000209"/>
</kw>
<kw name="Set Variable" owner="BuiltIn">
<msg time="2024-05-01T18:18:48.786796" level="INFO">${name_country} = RS</msg>
<var>${name_country}</var>
<arg>${json_data["results"][0]["nat"]}</arg>
<doc>Returns the given values which can then be assigned to a variables.</doc>
<status status="PASS" start="2024-05-01T18:18:48.786397" elapsed="0.000425"/>
</kw>
<kw name="Create List" owner="BuiltIn">
<msg time="2024-05-01T18:18:48.787720" level="INFO">${list_country} = ['AD', 'AE', 'AF', 'AG', 'AI', 'AL', 'AM', 'AO', 'AQ', 'AR', 'AS', 'AT', 'AU', 'AW', 'AX', 'AZ', 'BA', 'BB', 'BD', 'BE', 'BF', 'BG', 'BH', 'BI', 'BJ', 'BL', 'BM', 'BN', 'BO', 'BQ', 'BR', 'BS', 'BT', '...</msg>
<var>${list_country}</var>
<arg>AD</arg>
<arg>AE</arg>
<arg>AF</arg>
<arg>AG</arg>
<arg>AI</arg>
<arg>AL</arg>
<arg>AM</arg>
<arg>AO</arg>
<arg>AQ</arg>
<arg>AR</arg>
<arg>AS</arg>
<arg>AT</arg>
<arg>AU</arg>
<arg>AW</arg>
<arg>AX</arg>
<arg>AZ</arg>
<arg>BA</arg>
<arg>BB</arg>
<arg>BD</arg>
<arg>BE</arg>
<arg>BF</arg>
<arg>BG</arg>
<arg>BH</arg>
<arg>BI</arg>
<arg>BJ</arg>
<arg>BL</arg>
<arg>BM</arg>
<arg>BN</arg>
<arg>BO</arg>
<arg>BQ</arg>
<arg>BR</arg>
<arg>BS</arg>
<arg>BT</arg>
<arg>BV</arg>
<arg>BW</arg>
<arg>BY</arg>
<arg>BZ</arg>
<arg>CA</arg>
<arg>CC</arg>
<arg>CD</arg>
<arg>CF</arg>
<arg>CG</arg>
<arg>CH</arg>
<arg>CI</arg>
<arg>CK</arg>
<arg>CL</arg>
<arg>CM</arg>
<arg>CN</arg>
<arg>CO</arg>
<arg>CR</arg>
<arg>CU</arg>
<arg>CV</arg>
<arg>CW</arg>
<arg>CX</arg>
<arg>CY</arg>
<arg>CZ</arg>
<arg>DE</arg>
<arg>DJ</arg>
<arg>DK</arg>
<arg>DM</arg>
<arg>DO</arg>
<arg>DZ</arg>
<arg>EC</arg>
<arg>EE</arg>
<arg>EG</arg>
<arg>EH</arg>
<arg>ER</arg>
<arg>ES</arg>
<arg>ET</arg>
<arg>FI</arg>
<arg>FJ</arg>
<arg>FK</arg>
<arg>FM</arg>
<arg>FO</arg>
<arg>FR</arg>
<arg>GA</arg>
<arg>GB</arg>
<arg>GD</arg>
<arg>GE</arg>
<arg>GF</arg>
<arg>GG</arg>
<arg>GH</arg>
<arg>GI</arg>
<arg>GL</arg>
<arg>GM</arg>
<arg>GN</arg>
<arg>GP</arg>
<arg>GQ</arg>
<arg>GR</arg>
<arg>GS</arg>
<arg>GT</arg>
<arg>GU</arg>
<arg>GW</arg>
<arg>GY</arg>
<arg>HK</arg>
<arg>HM</arg>
<arg>HN</arg>
<arg>HR</arg>
<arg>HT</arg>
<arg>HU</arg>
<arg>ID</arg>
<arg>IE</arg>
<arg>IL</arg>
<arg>IM</arg>
<arg>IN</arg>
<arg>IO</arg>
<arg>IQ</arg>
<arg>IR</arg>
<arg>IS</arg>
<arg>IT</arg>
<arg>JE</arg>
<arg>JM</arg>
<arg>JO</arg>
<arg>JP</arg>
<arg>KE</arg>
<arg>KG</arg>
<arg>KH</arg>
<arg>KI</arg>
<arg>KM</arg>
<arg>KN</arg>
<arg>KP</arg>
<arg>KR</arg>
<arg>KW</arg>
<arg>KY</arg>
<arg>KZ</arg>
<arg>LA</arg>
<arg>LB</arg>
<arg>LC</arg>
<arg>LI</arg>
<arg>LK</arg>
<arg>LR</arg>
<arg>LS</arg>
<arg>LT</arg>
<arg>LU</arg>
<arg>LV</arg>
<arg>LY</arg>
<arg>MA</arg>
<arg>MC</arg>
<arg>MD</arg>
<arg>ME</arg>
<arg>MF</arg>
<arg>MG</arg>
<arg>MH</arg>
<arg>MK</arg>
<arg>ML</arg>
<arg>MM</arg>
<arg>MN</arg>
<arg>MO</arg>
<arg>MP</arg>
<arg>MQ</arg>
<arg>MR</arg>
<arg>MS</arg>
<arg>MT</arg>
<arg>MU</arg>
<arg>MV</arg>
<arg>MW</arg>
<arg>MX</arg>
<arg>MY</arg>
<arg>MZ</arg>
<arg>NA</arg>
<arg>NC</arg>
<arg>NE</arg>
<arg>NF</arg>
<arg>NG</arg>
<arg>NI</arg>
<arg>NL</arg>
<arg>NO</arg>
<arg>NP</arg>
<arg>NR</arg>
<arg>NU</arg>
<arg>NZ</arg>
<arg>OM</arg>
<arg>PA</arg>
<arg>PE</arg>
<arg>PF</arg>
<arg>PG</arg>
<arg>PH</arg>
<arg>PK</arg>
<arg>PL</arg>
<arg>PM</arg>
<arg>PN</arg>
<arg>PR</arg>
<arg>PS</arg>
<arg>PT</arg>
<arg>PW</arg>
<arg>PY</arg>
<arg>QA</arg>
<arg>RE</arg>
<arg>RO</arg>
<arg>RS</arg>
<arg>RU</arg>
<arg>RW</arg>
<arg>SA</arg>
<arg>SB</arg>
<arg>SC</arg>
<arg>SD</arg>
<arg>SE</arg>
<arg>SG</arg>
<arg>SH</arg>
<arg>SI</arg>
<arg>SJ</arg>
<arg>SK</arg>
<arg>SL</arg>
<arg>SM</arg>
<arg>SN</arg>
<arg>SO</arg>
<arg>SR</arg>
<arg>SS</arg>
<arg>ST</arg>
<arg>SV</arg>
<arg>SX</arg>
<arg>SY</arg>
<arg>SZ</arg>
<arg>TC</arg>
<arg>TD</arg>
<arg>TF</arg>
<arg>TG</arg>
<arg>TH</arg>
<arg>TJ</arg>
<arg>TK</arg>
<arg>TL</arg>
<arg>TM</arg>
<arg>TN</arg>
<arg>TO</arg>
<arg>TR</arg>
<arg>TT</arg>
<arg>TV</arg>
<arg>TW</arg>
<arg>TZ</arg>
<arg>UA</arg>
<arg>UG</arg>
<arg>UM</arg>
<arg>US</arg>
<arg>UY</arg>
<arg>UZ</arg>
<arg>VA</arg>
<arg>VC</arg>
<arg>VE</arg>
<arg>VG</arg>
<arg>VI</arg>
<arg>VN</arg>
<arg>VU</arg>
<arg>WF</arg>
<arg>WS</arg>
<arg>XK</arg>
<arg>YE</arg>
<arg>YT</arg>
<arg>ZA</arg>
<arg>ZM</arg>
<arg>ZW</arg>
<doc>Returns a list containing given items.</doc>
<status status="PASS" start="2024-05-01T18:18:48.787134" elapsed="0.000613"/>
</kw>
<kw name="List Should Contain Value" owner="Collections">
<msg time="2024-05-01T18:18:48.788743" level="INFO">False</msg>
<arg>${list_country}</arg>
<arg>${name_country}</arg>
<doc>Fails if the ``value`` is not found from ``list``.</doc>
<status status="PASS" start="2024-05-01T18:18:48.788541" elapsed="0.000238"/>
</kw>
<kw name="Run Keyword If" owner="BuiltIn">
<kw name="Should Be True" owner="BuiltIn">
<arg>${True}</arg>
<doc>Fails if the given condition is not true.</doc>
<status status="PASS" start="2024-05-01T18:18:48.789863" elapsed="0.000239"/>
</kw>
<arg>${json_data["results"][0]["location"]["coordinates"]["latitude"]} &gt;= -90 and ${json_data["results"][0]["location"]["coordinates"]["latitude"]} &lt;= 90</arg>
<arg>Should Be True</arg>
<arg>${True}</arg>
<doc>Runs the given keyword with the given arguments, if ``condition`` is true.</doc>
<status status="PASS" start="2024-05-01T18:18:48.789116" elapsed="0.001118"/>
</kw>
<kw name="Run Keyword If" owner="BuiltIn">
<kw name="Should Be True" owner="BuiltIn">
<arg>${True}</arg>
<doc>Fails if the given condition is not true.</doc>
<status status="PASS" start="2024-05-01T18:18:48.791117" elapsed="0.000137"/>
</kw>
<arg>${json_data["results"][0]["location"]["coordinates"]["longitude"]} &gt;= -180 and ${json_data["results"][0]["location"]["coordinates"]["longitude"]} &lt;= 180</arg>
<arg>Should Be True</arg>
<arg>${True}</arg>
<doc>Runs the given keyword with the given arguments, if ``condition`` is true.</doc>
<status status="PASS" start="2024-05-01T18:18:48.790420" elapsed="0.000958"/>
</kw>
<status status="PASS" start="2024-05-01T18:18:48.698496" elapsed="0.093009"/>
</kw>
<doc>Testa o conteúdo específico dos campos retornados pela API.</doc>
<tag>testeConteudo</tag>
<status status="PASS" start="2024-05-01T18:18:48.697863" elapsed="0.093783"/>
</test>
<status status="PASS" start="2024-05-01T18:18:47.874585" elapsed="0.918987"/>
</suite>
<status status="PASS" start="2024-05-01T18:18:47.861202" elapsed="0.937430"/>
</suite>
<statistics>
<total>
<stat pass="5" fail="0" skip="0">All Tests</stat>
</total>
<tag>
<stat pass="1" fail="0" skip="0">testeConteudo</stat>
<stat pass="1" fail="0" skip="0">testeEstruturaResposta</stat>
<stat pass="1" fail="0" skip="0">testeRequisicaoBasica</stat>
<stat pass="1" fail="0" skip="0">testeTiposDados</stat>
</tag>
<suite>
<stat pass="5" fail="0" skip="0" id="s1" name="Tests">Tests</stat>
<stat pass="5" fail="0" skip="0" id="s1-s1" name="Random-User-Test">Tests.Random-User-Test</stat>
</suite>
</statistics>
<errors>
</errors>
</robot>
