<?xml version="1.0" encoding="UTF-8"?>
<robot generator="Robot 7.0 (Python 3.12.3 on linux)" generated="2024-04-25T03:15:02.488943" rpa="false" schemaversion="5">
<suite id="s1" name="Tests" source="/home/runner/work/DesafioQAItauRogerioJordao/DesafioQAItauRogerioJordao/RamdonUser/tests">
<suite id="s1-s1" name="Random-User-Test" source="/home/runner/work/DesafioQAItauRogerioJordao/DesafioQAItauRogerioJordao/RamdonUser/tests/random-user-test.robot">
<test id="s1-s1-t1" name="Conectar" line="13">
<kw name="Conectar API" owner="random-user-service">
<kw name="Create Session" owner="RequestsLibrary">
<msg time="2024-04-25T03:15:02.852618" level="INFO">Creating Session using : alias=consultarAPI, url=https://randomuser.me/, headers={},                     cookies={}, auth=None, timeout=None, proxies=None, verify=False,                     debug=0 </msg>
<arg>consultarAPI</arg>
<arg>${URL}</arg>
<doc>Create Session: create a HTTP session to a server</doc>
<status status="PASS" start="2024-04-25T03:15:02.852407" elapsed="0.000414"/>
</kw>
<status status="PASS" start="2024-04-25T03:15:02.851396" elapsed="0.001822"/>
</kw>
<status status="PASS" start="2024-04-25T03:15:02.850816" elapsed="0.002600"/>
</test>
<test id="s1-s1-t2" name="Validar retorno 200 e JSON Válido" line="16">
<kw name="Teste de Requisicao Basica" owner="random-user-service">
<kw name="GET On Session" owner="RequestsLibrary">
<msg time="2024-04-25T03:15:03.634140" level="INFO">GET Request : url=https://randomuser.me/api 
 path_url=/api 
 headers={'User-Agent': 'python-requests/2.31.0', 'Accept-Encoding': 'gzip, deflate', 'Accept': '*/*', 'Connection': 'keep-alive'} 
 body=None 
 </msg>
<msg time="2024-04-25T03:15:03.634296" level="INFO">GET Response : url=https://randomuser.me/api 
 status=200, reason=OK 
 headers={'Date': 'Thu, 25 Apr 2024 03:15:03 GMT', 'Content-Type': 'application/json; charset=utf-8', 'Transfer-Encoding': 'chunked', 'Connection': 'keep-alive', 'X-Powered-By': 'Express', 'Access-Control-Allow-Origin': '*', 'Cache-Control': 'no-cache', 'ETag': 'W/"495-3q2Fn3TalNfhiqyZ7F+y6o6NI/Y"', 'Vary': 'Accept-Encoding', 'Content-Encoding': 'gzip', 'CF-Cache-Status': 'DYNAMIC', 'Report-To': '{"endpoints":[{"url":"https:\\/\\/a.nel.cloudflare.com\\/report\\/v4?s=zGRnUHF5UX4Q0UVoY3k1CDiHlJLRVl%2B3GRoZWEsda%2BQQfLVJGRIgviEkx3RxkwRNJtBxqcuQC61zFrIJvSzA8emo9e2NPS9CwvBO%2FjEixB5gzlWnJ478G%2B3JD6nnlBot"}],"group":"cf-nel","max_age":604800}', 'NEL': '{"success_fraction":0,"report_to":"cf-nel","max_age":604800}', 'Server': 'cloudflare', 'CF-RAY': '879b2a97cfbd3b78-IAD', 'alt-svc': 'h3=":443"; ma=86400'} 
 body={"results":[{"gender":"male","name":{"title":"Mr","first":"Shane","last":"Garza"},"location":{"street":{"number":6755,"name":"Parker Rd"},"city":"Billings","state":"Alaska","country":"United States","postcode":65439,"coordinates":{"latitude":"86.4702","longitude":"-114.3929"},"timezone":{"offset":"+1:00","description":"Brussels, Copenhagen, Madrid, Paris"}},"email":"shane.garza@example.com","login":{"uuid":"e47a9109-3b17-4400-8a06-08223b087b62","username":"beautifulgorilla144","password":"overkill","salt":"oRgBrabb","md5":"4182680c154dfc189d03edfe9c726312","sha1":"14ba4262dc716ec1dab70574a4bc18bcd6874fba","sha256":"47cfc13500cca138552c66ddde8de4fbb135217c395aa5b83b504a1da0304ba3"},"dob":{"date":"1975-10-30T21:19:00.080Z","age":48},"registered":{"date":"2004-11-22T20:17:57.039Z","age":19},"phone":"(370) 647-3189","cell":"(395) 652-7486","id":{"name":"SSN","value":"495-11-3006"},"picture":{"large":"https://randomuser.me/api/portraits/men/13.jpg","medium":"https://randomuser.me/api/portraits/med/men/13.jpg","thumbnail":"https://randomuser.me/api/portraits/thumb/men/13.jpg"},"nat":"US"}],"info":{"seed":"7253a4e20d9878ee","results":1,"page":1,"version":"1.4"}} 
 </msg>
<msg time="2024-04-25T03:15:03.634384" level="INFO">/opt/hostedtoolcache/Python/3.12.3/x64/lib/python3.12/site-packages/urllib3/connectionpool.py:1103: InsecureRequestWarning: Unverified HTTPS request is being made to host 'randomuser.me'. Adding certificate verification is strongly advised. See: https://urllib3.readthedocs.io/en/latest/advanced-usage.html#tls-warnings
  warnings.warn(</msg>
<msg time="2024-04-25T03:15:03.634527" level="INFO">${response} = &lt;Response [200]&gt;</msg>
<var>${response}</var>
<arg>consultarAPI</arg>
<arg>/api</arg>
<doc>Sends a GET request on a previously created HTTP Session.</doc>
<status status="PASS" start="2024-04-25T03:15:02.856044" elapsed="0.778525"/>
</kw>
<kw name="Should Be Equal As Numbers" owner="BuiltIn">
<msg time="2024-04-25T03:15:03.635596" level="INFO">Argument types are:
&lt;class 'int'&gt;
&lt;class 'str'&gt;</msg>
<arg>${response.status_code}</arg>
<arg>200</arg>
<doc>Fails if objects are unequal after converting them to real numbers.</doc>
<status status="PASS" start="2024-04-25T03:15:03.635133" elapsed="0.000528"/>
</kw>
<kw name="Log" owner="BuiltIn">
<msg time="2024-04-25T03:15:03.636327" level="INFO">200</msg>
<arg>${response.status_code}</arg>
<doc>Logs the given message with the given level.</doc>
<status status="PASS" start="2024-04-25T03:15:03.635985" elapsed="0.000384"/>
</kw>
<kw name="Set Variable" owner="BuiltIn">
<msg time="2024-04-25T03:15:03.637117" level="INFO">${json_data} = {'results': [{'gender': 'male', 'name': {'title': 'Mr', 'first': 'Shane', 'last': 'Garza'}, 'location': {'street': {'number': 6755, 'name': 'Parker Rd'}, 'city': 'Billings', 'state': 'Alaska', 'countr...</msg>
<var>${json_data}</var>
<arg>${response.json()}</arg>
<doc>Returns the given values which can then be assigned to a variables.</doc>
<status status="PASS" start="2024-04-25T03:15:03.636673" elapsed="0.000471"/>
</kw>
<kw name="Dictionary Should Contain Key" owner="Collections">
<msg time="2024-04-25T03:15:03.637672" level="INFO">False</msg>
<arg>${json_data}</arg>
<arg>results</arg>
<doc>Fails if ``key`` is not found from ``dictionary``.</doc>
<status status="PASS" start="2024-04-25T03:15:03.637500" elapsed="0.000213"/>
</kw>
<status status="PASS" start="2024-04-25T03:15:02.855793" elapsed="0.782181"/>
</kw>
<doc>Testa se a API responde corretamente e retorna um objeto JSON válido.</doc>
<tag>testeRequisicaoBasica</tag>
<status status="PASS" start="2024-04-25T03:15:02.855320" elapsed="0.782836"/>
</test>
<test id="s1-s1-t3" name="Validar estrutura de resposta" line="22">
<kw name="Teste de Estrutura de Resposta" owner="random-user-service">
<kw name="GET On Session" owner="RequestsLibrary">
<msg time="2024-04-25T03:15:03.872776" level="INFO">GET Request : url=https://randomuser.me/api 
 path_url=/api 
 headers={'User-Agent': 'python-requests/2.31.0', 'Accept-Encoding': 'gzip, deflate', 'Accept': '*/*', 'Connection': 'keep-alive'} 
 body=None 
 </msg>
<msg time="2024-04-25T03:15:03.872890" level="INFO">GET Response : url=https://randomuser.me/api 
 status=200, reason=OK 
 headers={'Date': 'Thu, 25 Apr 2024 03:15:03 GMT', 'Content-Type': 'application/json; charset=utf-8', 'Transfer-Encoding': 'chunked', 'Connection': 'keep-alive', 'X-Powered-By': 'Express', 'Access-Control-Allow-Origin': '*', 'Cache-Control': 'no-cache', 'ETag': 'W/"47c-Eu3zgALC+wb06CpT55MXPpic8pk"', 'Vary': 'Accept-Encoding', 'Content-Encoding': 'gzip', 'CF-Cache-Status': 'DYNAMIC', 'Report-To': '{"endpoints":[{"url":"https:\\/\\/a.nel.cloudflare.com\\/report\\/v4?s=IjPweOjokBGIffOdDQ3h2smqo1FaBbxYwmFN6dN%2B9tS71lAP%2BA8W0Zc63l4kupp4N2%2BcowwpWGwZHa0IHajn39SBESZ8rS3SYCf1bCGIL1x1%2B6ietRCpkZWDw%2BURps5P"}],"group":"cf-nel","max_age":604800}', 'NEL': '{"success_fraction":0,"report_to":"cf-nel","max_age":604800}', 'Server': 'cloudflare', 'CF-RAY': '879b2a9bcd163b78-IAD', 'alt-svc': 'h3=":443"; ma=86400'} 
 body={"results":[{"gender":"female","name":{"title":"Miss","first":"Mandy","last":"Taylor"},"location":{"street":{"number":4416,"name":"The Crescent"},"city":"Roscommon","state":"South Dublin","country":"Ireland","postcode":22238,"coordinates":{"latitude":"2.5607","longitude":"141.6087"},"timezone":{"offset":"+9:30","description":"Adelaide, Darwin"}},"email":"mandy.taylor@example.com","login":{"uuid":"ae5e7dcd-2a93-405d-9d57-fcea1cd8fb71","username":"lazywolf790","password":"eeeeeee","salt":"QKoaxZY2","md5":"be704d5ec18f4ce1448ea7236a67a42e","sha1":"b42058d583d0e70ac0b620183ed09b6f58d2b6f5","sha256":"7f3a71f35f5ad29e40fc45cd305ee7ec467484383e55583951db3d64192d17d0"},"dob":{"date":"1995-09-04T22:21:26.145Z","age":28},"registered":{"date":"2015-01-10T17:50:47.523Z","age":9},"phone":"061-859-7410","cell":"081-945-7760","id":{"name":"PPS","value":"0930077T"},"picture":{"large":"https://randomuser.me/api/portraits/women/7.jpg","medium":"https://randomuser.me/api/portraits/med/women/7.jpg","thumbnail":"https://randomuser.me/api/portraits/thumb/women/7.jpg"},"nat":"IE"}],"info":{"seed":"dfff0597bc2c8251","results":1,"page":1,"version":"1.4"}} 
 </msg>
<msg time="2024-04-25T03:15:03.873038" level="INFO">/opt/hostedtoolcache/Python/3.12.3/x64/lib/python3.12/site-packages/urllib3/connectionpool.py:1103: InsecureRequestWarning: Unverified HTTPS request is being made to host 'randomuser.me'. Adding certificate verification is strongly advised. See: https://urllib3.readthedocs.io/en/latest/advanced-usage.html#tls-warnings
  warnings.warn(</msg>
<msg time="2024-04-25T03:15:03.873214" level="INFO">${response} = &lt;Response [200]&gt;</msg>
<var>${response}</var>
<arg>consultarAPI</arg>
<arg>/api</arg>
<doc>Sends a GET request on a previously created HTTP Session.</doc>
<status status="PASS" start="2024-04-25T03:15:03.641122" elapsed="0.232146"/>
</kw>
<kw name="Set Variable" owner="BuiltIn">
<msg time="2024-04-25T03:15:03.874369" level="INFO">${json_data} = {'results': [{'gender': 'female', 'name': {'title': 'Miss', 'first': 'Mandy', 'last': 'Taylor'}, 'location': {'street': {'number': 4416, 'name': 'The Crescent'}, 'city': 'Roscommon', 'state': 'South D...</msg>
<var>${json_data}</var>
<arg>${response.json()}</arg>
<doc>Returns the given values which can then be assigned to a variables.</doc>
<status status="PASS" start="2024-04-25T03:15:03.873841" elapsed="0.000556"/>
</kw>
<kw name="Log" owner="BuiltIn">
<msg time="2024-04-25T03:15:03.874873" level="INFO">{'results': [{'gender': 'female', 'name': {'title': 'Miss', 'first': 'Mandy', 'last': 'Taylor'}, 'location': {'street': {'number': 4416, 'name': 'The Crescent'}, 'city': 'Roscommon', 'state': 'South Dublin', 'country': 'Ireland', 'postcode': 22238, 'coordinates': {'latitude': '2.5607', 'longitude': '141.6087'}, 'timezone': {'offset': '+9:30', 'description': 'Adelaide, Darwin'}}, 'email': 'mandy.taylor@example.com', 'login': {'uuid': 'ae5e7dcd-2a93-405d-9d57-fcea1cd8fb71', 'username': 'lazywolf790', 'password': 'eeeeeee', 'salt': 'QKoaxZY2', 'md5': 'be704d5ec18f4ce1448ea7236a67a42e', 'sha1': 'b42058d583d0e70ac0b620183ed09b6f58d2b6f5', 'sha256': '7f3a71f35f5ad29e40fc45cd305ee7ec467484383e55583951db3d64192d17d0'}, 'dob': {'date': '1995-09-04T22:21:26.145Z', 'age': 28}, 'registered': {'date': '2015-01-10T17:50:47.523Z', 'age': 9}, 'phone': '061-859-7410', 'cell': '081-945-7760', 'id': {'name': 'PPS', 'value': '0930077T'}, 'picture': {'large': 'https://randomuser.me/api/portraits/women/7.jpg', 'medium': 'https://randomuser.me/api/portraits/med/women/7.jpg', 'thumbnail': 'https://randomuser.me/api/portraits/thumb/women/7.jpg'}, 'nat': 'IE'}], 'info': {'seed': 'dfff0597bc2c8251', 'results': 1, 'page': 1, 'version': '1.4'}}</msg>
<arg>${json_data}</arg>
<doc>Logs the given message with the given level.</doc>
<status status="PASS" start="2024-04-25T03:15:03.874714" elapsed="0.000207"/>
</kw>
<kw name="Dictionary Should Contain Key" owner="Collections">
<msg time="2024-04-25T03:15:03.875377" level="INFO">False</msg>
<arg>${json_data}</arg>
<arg>results</arg>
<doc>Fails if ``key`` is not found from ``dictionary``.</doc>
<status status="PASS" start="2024-04-25T03:15:03.875213" elapsed="0.000200"/>
</kw>
<kw name="Should Not Be Empty" owner="BuiltIn">
<msg time="2024-04-25T03:15:03.875833" level="INFO">Length is 2.</msg>
<arg>${json_data}</arg>
<doc>Verifies that the given item is not empty.</doc>
<status status="PASS" start="2024-04-25T03:15:03.875703" elapsed="0.000338"/>
</kw>
<kw name="Create List" owner="BuiltIn">
<msg time="2024-04-25T03:15:03.876491" level="INFO">${expected_keys} = ['gender', 'name', 'location', 'email', 'login']</msg>
<var>${expected_keys}</var>
<arg>gender</arg>
<arg>name</arg>
<arg>location</arg>
<arg>email</arg>
<arg>login</arg>
<doc>Returns a list containing given items.</doc>
<status status="PASS" start="2024-04-25T03:15:03.876336" elapsed="0.000180"/>
</kw>
<for flavor="IN">
<iter>
<kw name="Dictionary Should Contain Key" owner="Collections">
<msg time="2024-04-25T03:15:03.877551" level="INFO">False</msg>
<arg>${json_data['results'][0]}</arg>
<arg>${key}</arg>
<doc>Fails if ``key`` is not found from ``dictionary``.</doc>
<status status="PASS" start="2024-04-25T03:15:03.877108" elapsed="0.000481"/>
</kw>
<kw name="Log" owner="BuiltIn">
<msg time="2024-04-25T03:15:03.878258" level="INFO">{'gender': 'female', 'name': {'title': 'Miss', 'first': 'Mandy', 'last': 'Taylor'}, 'location': {'street': {'number': 4416, 'name': 'The Crescent'}, 'city': 'Roscommon', 'state': 'South Dublin', 'country': 'Ireland', 'postcode': 22238, 'coordinates': {'latitude': '2.5607', 'longitude': '141.6087'}, 'timezone': {'offset': '+9:30', 'description': 'Adelaide, Darwin'}}, 'email': 'mandy.taylor@example.com', 'login': {'uuid': 'ae5e7dcd-2a93-405d-9d57-fcea1cd8fb71', 'username': 'lazywolf790', 'password': 'eeeeeee', 'salt': 'QKoaxZY2', 'md5': 'be704d5ec18f4ce1448ea7236a67a42e', 'sha1': 'b42058d583d0e70ac0b620183ed09b6f58d2b6f5', 'sha256': '7f3a71f35f5ad29e40fc45cd305ee7ec467484383e55583951db3d64192d17d0'}, 'dob': {'date': '1995-09-04T22:21:26.145Z', 'age': 28}, 'registered': {'date': '2015-01-10T17:50:47.523Z', 'age': 9}, 'phone': '061-859-7410', 'cell': '081-945-7760', 'id': {'name': 'PPS', 'value': '0930077T'}, 'picture': {'large': 'https://randomuser.me/api/portraits/women/7.jpg', 'medium': 'https://randomuser.me/api/portraits/med/women/7.jpg', 'thumbnail': 'https://randomuser.me/api/portraits/thumb/women/7.jpg'}, 'nat': 'IE'}</msg>
<arg>${json_data['results'][0]}</arg>
<doc>Logs the given message with the given level.</doc>
<status status="PASS" start="2024-04-25T03:15:03.877897" elapsed="0.000408"/>
</kw>
<kw name="Log" owner="BuiltIn">
<msg time="2024-04-25T03:15:03.878721" level="INFO">gender</msg>
<arg>${key}</arg>
<doc>Logs the given message with the given level.</doc>
<status status="PASS" start="2024-04-25T03:15:03.878596" elapsed="0.000162"/>
</kw>
<var name="${key}">gender</var>
<status status="PASS" start="2024-04-25T03:15:03.876974" elapsed="0.001995"/>
</iter>
<iter>
<kw name="Dictionary Should Contain Key" owner="Collections">
<msg time="2024-04-25T03:15:03.879652" level="INFO">False</msg>
<arg>${json_data['results'][0]}</arg>
<arg>${key}</arg>
<doc>Fails if ``key`` is not found from ``dictionary``.</doc>
<status status="PASS" start="2024-04-25T03:15:03.879266" elapsed="0.000423"/>
</kw>
<kw name="Log" owner="BuiltIn">
<msg time="2024-04-25T03:15:03.880374" level="INFO">{'gender': 'female', 'name': {'title': 'Miss', 'first': 'Mandy', 'last': 'Taylor'}, 'location': {'street': {'number': 4416, 'name': 'The Crescent'}, 'city': 'Roscommon', 'state': 'South Dublin', 'country': 'Ireland', 'postcode': 22238, 'coordinates': {'latitude': '2.5607', 'longitude': '141.6087'}, 'timezone': {'offset': '+9:30', 'description': 'Adelaide, Darwin'}}, 'email': 'mandy.taylor@example.com', 'login': {'uuid': 'ae5e7dcd-2a93-405d-9d57-fcea1cd8fb71', 'username': 'lazywolf790', 'password': 'eeeeeee', 'salt': 'QKoaxZY2', 'md5': 'be704d5ec18f4ce1448ea7236a67a42e', 'sha1': 'b42058d583d0e70ac0b620183ed09b6f58d2b6f5', 'sha256': '7f3a71f35f5ad29e40fc45cd305ee7ec467484383e55583951db3d64192d17d0'}, 'dob': {'date': '1995-09-04T22:21:26.145Z', 'age': 28}, 'registered': {'date': '2015-01-10T17:50:47.523Z', 'age': 9}, 'phone': '061-859-7410', 'cell': '081-945-7760', 'id': {'name': 'PPS', 'value': '0930077T'}, 'picture': {'large': 'https://randomuser.me/api/portraits/women/7.jpg', 'medium': 'https://randomuser.me/api/portraits/med/women/7.jpg', 'thumbnail': 'https://randomuser.me/api/portraits/thumb/women/7.jpg'}, 'nat': 'IE'}</msg>
<arg>${json_data['results'][0]}</arg>
<doc>Logs the given message with the given level.</doc>
<status status="PASS" start="2024-04-25T03:15:03.880014" elapsed="0.000407"/>
</kw>
<kw name="Log" owner="BuiltIn">
<msg time="2024-04-25T03:15:03.880839" level="INFO">name</msg>
<arg>${key}</arg>
<doc>Logs the given message with the given level.</doc>
<status status="PASS" start="2024-04-25T03:15:03.880714" elapsed="0.000161"/>
</kw>
<var name="${key}">name</var>
<status status="PASS" start="2024-04-25T03:15:03.879153" elapsed="0.001932"/>
</iter>
<iter>
<kw name="Dictionary Should Contain Key" owner="Collections">
<msg time="2024-04-25T03:15:03.881801" level="INFO">False</msg>
<arg>${json_data['results'][0]}</arg>
<arg>${key}</arg>
<doc>Fails if ``key`` is not found from ``dictionary``.</doc>
<status status="PASS" start="2024-04-25T03:15:03.881419" elapsed="0.000419"/>
</kw>
<kw name="Log" owner="BuiltIn">
<msg time="2024-04-25T03:15:03.882496" level="INFO">{'gender': 'female', 'name': {'title': 'Miss', 'first': 'Mandy', 'last': 'Taylor'}, 'location': {'street': {'number': 4416, 'name': 'The Crescent'}, 'city': 'Roscommon', 'state': 'South Dublin', 'country': 'Ireland', 'postcode': 22238, 'coordinates': {'latitude': '2.5607', 'longitude': '141.6087'}, 'timezone': {'offset': '+9:30', 'description': 'Adelaide, Darwin'}}, 'email': 'mandy.taylor@example.com', 'login': {'uuid': 'ae5e7dcd-2a93-405d-9d57-fcea1cd8fb71', 'username': 'lazywolf790', 'password': 'eeeeeee', 'salt': 'QKoaxZY2', 'md5': 'be704d5ec18f4ce1448ea7236a67a42e', 'sha1': 'b42058d583d0e70ac0b620183ed09b6f58d2b6f5', 'sha256': '7f3a71f35f5ad29e40fc45cd305ee7ec467484383e55583951db3d64192d17d0'}, 'dob': {'date': '1995-09-04T22:21:26.145Z', 'age': 28}, 'registered': {'date': '2015-01-10T17:50:47.523Z', 'age': 9}, 'phone': '061-859-7410', 'cell': '081-945-7760', 'id': {'name': 'PPS', 'value': '0930077T'}, 'picture': {'large': 'https://randomuser.me/api/portraits/women/7.jpg', 'medium': 'https://randomuser.me/api/portraits/med/women/7.jpg', 'thumbnail': 'https://randomuser.me/api/portraits/thumb/women/7.jpg'}, 'nat': 'IE'}</msg>
<arg>${json_data['results'][0]}</arg>
<doc>Logs the given message with the given level.</doc>
<status status="PASS" start="2024-04-25T03:15:03.882141" elapsed="0.000404"/>
</kw>
<kw name="Log" owner="BuiltIn">
<msg time="2024-04-25T03:15:03.882960" level="INFO">location</msg>
<arg>${key}</arg>
<doc>Logs the given message with the given level.</doc>
<status status="PASS" start="2024-04-25T03:15:03.882836" elapsed="0.000162"/>
</kw>
<var name="${key}">location</var>
<status status="PASS" start="2024-04-25T03:15:03.881298" elapsed="0.001912"/>
</iter>
<iter>
<kw name="Dictionary Should Contain Key" owner="Collections">
<msg time="2024-04-25T03:15:03.883917" level="INFO">False</msg>
<arg>${json_data['results'][0]}</arg>
<arg>${key}</arg>
<doc>Fails if ``key`` is not found from ``dictionary``.</doc>
<status status="PASS" start="2024-04-25T03:15:03.883491" elapsed="0.000466"/>
</kw>
<kw name="Log" owner="BuiltIn">
<msg time="2024-04-25T03:15:03.884629" level="INFO">{'gender': 'female', 'name': {'title': 'Miss', 'first': 'Mandy', 'last': 'Taylor'}, 'location': {'street': {'number': 4416, 'name': 'The Crescent'}, 'city': 'Roscommon', 'state': 'South Dublin', 'country': 'Ireland', 'postcode': 22238, 'coordinates': {'latitude': '2.5607', 'longitude': '141.6087'}, 'timezone': {'offset': '+9:30', 'description': 'Adelaide, Darwin'}}, 'email': 'mandy.taylor@example.com', 'login': {'uuid': 'ae5e7dcd-2a93-405d-9d57-fcea1cd8fb71', 'username': 'lazywolf790', 'password': 'eeeeeee', 'salt': 'QKoaxZY2', 'md5': 'be704d5ec18f4ce1448ea7236a67a42e', 'sha1': 'b42058d583d0e70ac0b620183ed09b6f58d2b6f5', 'sha256': '7f3a71f35f5ad29e40fc45cd305ee7ec467484383e55583951db3d64192d17d0'}, 'dob': {'date': '1995-09-04T22:21:26.145Z', 'age': 28}, 'registered': {'date': '2015-01-10T17:50:47.523Z', 'age': 9}, 'phone': '061-859-7410', 'cell': '081-945-7760', 'id': {'name': 'PPS', 'value': '0930077T'}, 'picture': {'large': 'https://randomuser.me/api/portraits/women/7.jpg', 'medium': 'https://randomuser.me/api/portraits/med/women/7.jpg', 'thumbnail': 'https://randomuser.me/api/portraits/thumb/women/7.jpg'}, 'nat': 'IE'}</msg>
<arg>${json_data['results'][0]}</arg>
<doc>Logs the given message with the given level.</doc>
<status status="PASS" start="2024-04-25T03:15:03.884269" elapsed="0.000408"/>
</kw>
<kw name="Log" owner="BuiltIn">
<msg time="2024-04-25T03:15:03.885094" level="INFO">email</msg>
<arg>${key}</arg>
<doc>Logs the given message with the given level.</doc>
<status status="PASS" start="2024-04-25T03:15:03.884968" elapsed="0.000163"/>
</kw>
<var name="${key}">email</var>
<status status="PASS" start="2024-04-25T03:15:03.883381" elapsed="0.001993"/>
</iter>
<iter>
<kw name="Dictionary Should Contain Key" owner="Collections">
<msg time="2024-04-25T03:15:03.886064" level="INFO">False</msg>
<arg>${json_data['results'][0]}</arg>
<arg>${key}</arg>
<doc>Fails if ``key`` is not found from ``dictionary``.</doc>
<status status="PASS" start="2024-04-25T03:15:03.885655" elapsed="0.000448"/>
</kw>
<kw name="Log" owner="BuiltIn">
<msg time="2024-04-25T03:15:03.886771" level="INFO">{'gender': 'female', 'name': {'title': 'Miss', 'first': 'Mandy', 'last': 'Taylor'}, 'location': {'street': {'number': 4416, 'name': 'The Crescent'}, 'city': 'Roscommon', 'state': 'South Dublin', 'country': 'Ireland', 'postcode': 22238, 'coordinates': {'latitude': '2.5607', 'longitude': '141.6087'}, 'timezone': {'offset': '+9:30', 'description': 'Adelaide, Darwin'}}, 'email': 'mandy.taylor@example.com', 'login': {'uuid': 'ae5e7dcd-2a93-405d-9d57-fcea1cd8fb71', 'username': 'lazywolf790', 'password': 'eeeeeee', 'salt': 'QKoaxZY2', 'md5': 'be704d5ec18f4ce1448ea7236a67a42e', 'sha1': 'b42058d583d0e70ac0b620183ed09b6f58d2b6f5', 'sha256': '7f3a71f35f5ad29e40fc45cd305ee7ec467484383e55583951db3d64192d17d0'}, 'dob': {'date': '1995-09-04T22:21:26.145Z', 'age': 28}, 'registered': {'date': '2015-01-10T17:50:47.523Z', 'age': 9}, 'phone': '061-859-7410', 'cell': '081-945-7760', 'id': {'name': 'PPS', 'value': '0930077T'}, 'picture': {'large': 'https://randomuser.me/api/portraits/women/7.jpg', 'medium': 'https://randomuser.me/api/portraits/med/women/7.jpg', 'thumbnail': 'https://randomuser.me/api/portraits/thumb/women/7.jpg'}, 'nat': 'IE'}</msg>
<arg>${json_data['results'][0]}</arg>
<doc>Logs the given message with the given level.</doc>
<status status="PASS" start="2024-04-25T03:15:03.886399" elapsed="0.000420"/>
</kw>
<kw name="Log" owner="BuiltIn">
<msg time="2024-04-25T03:15:03.887288" level="INFO">login</msg>
<arg>${key}</arg>
<doc>Logs the given message with the given level.</doc>
<status status="PASS" start="2024-04-25T03:15:03.887156" elapsed="0.000170"/>
</kw>
<var name="${key}">login</var>
<status status="PASS" start="2024-04-25T03:15:03.885544" elapsed="0.001999"/>
</iter>
<var>${key}</var>
<value>@{expected_keys}</value>
<status status="PASS" start="2024-04-25T03:15:03.876778" elapsed="0.010912"/>
</for>
<kw name="Create List" owner="BuiltIn">
<msg time="2024-04-25T03:15:03.888035" level="INFO">${expected_keysTwo} = ['username', 'password']</msg>
<var>${expected_keysTwo}</var>
<arg>username</arg>
<arg>password</arg>
<doc>Returns a list containing given items.</doc>
<status status="PASS" start="2024-04-25T03:15:03.887891" elapsed="0.000169"/>
</kw>
<for flavor="IN">
<iter>
<kw name="Dictionary Should Contain Key" owner="Collections">
<msg time="2024-04-25T03:15:03.888951" level="INFO">False</msg>
<arg>${json_data['results'][0]['login']}</arg>
<arg>${keyTwo}</arg>
<doc>Fails if ``key`` is not found from ``dictionary``.</doc>
<status status="PASS" start="2024-04-25T03:15:03.888563" elapsed="0.000425"/>
</kw>
<kw name="Dictionary Should Contain Key" owner="Collections">
<msg time="2024-04-25T03:15:03.889714" level="INFO">False</msg>
<arg>${json_data['results'][0]['login']}</arg>
<arg>${keyTwo}</arg>
<doc>Fails if ``key`` is not found from ``dictionary``.</doc>
<status status="PASS" start="2024-04-25T03:15:03.889315" elapsed="0.000437"/>
</kw>
<kw name="Log" owner="BuiltIn">
<msg time="2024-04-25T03:15:03.890170" level="INFO">username</msg>
<arg>${keyTwo}</arg>
<doc>Logs the given message with the given level.</doc>
<status status="PASS" start="2024-04-25T03:15:03.890043" elapsed="0.000171"/>
</kw>
<var name="${keyTwo}">username</var>
<status status="PASS" start="2024-04-25T03:15:03.888453" elapsed="0.001972"/>
</iter>
<iter>
<kw name="Dictionary Should Contain Key" owner="Collections">
<msg time="2024-04-25T03:15:03.891185" level="INFO">False</msg>
<arg>${json_data['results'][0]['login']}</arg>
<arg>${keyTwo}</arg>
<doc>Fails if ``key`` is not found from ``dictionary``.</doc>
<status status="PASS" start="2024-04-25T03:15:03.890717" elapsed="0.000513"/>
</kw>
<kw name="Dictionary Should Contain Key" owner="Collections">
<msg time="2024-04-25T03:15:03.891905" level="INFO">False</msg>
<arg>${json_data['results'][0]['login']}</arg>
<arg>${keyTwo}</arg>
<doc>Fails if ``key`` is not found from ``dictionary``.</doc>
<status status="PASS" start="2024-04-25T03:15:03.891528" elapsed="0.000414"/>
</kw>
<kw name="Log" owner="BuiltIn">
<msg time="2024-04-25T03:15:03.892365" level="INFO">password</msg>
<arg>${keyTwo}</arg>
<doc>Logs the given message with the given level.</doc>
<status status="PASS" start="2024-04-25T03:15:03.892237" elapsed="0.000166"/>
</kw>
<var name="${keyTwo}">password</var>
<status status="PASS" start="2024-04-25T03:15:03.890597" elapsed="0.002018"/>
</iter>
<var>${keyTwo}</var>
<value>@{expected_keysTwo}</value>
<status status="PASS" start="2024-04-25T03:15:03.888298" elapsed="0.004435"/>
</for>
<status status="PASS" start="2024-04-25T03:15:03.640789" elapsed="0.252087"/>
</kw>
<doc>Testa a estrutura da resposta da API.</doc>
<tag>testeEstruturaResposta</tag>
<status status="PASS" start="2024-04-25T03:15:03.639994" elapsed="0.253043"/>
</test>
<test id="s1-s1-t4" name="Validar tipos de dados" line="28">
<kw name="Teste de Tipos de Dados" owner="random-user-service">
<kw name="GET On Session" owner="RequestsLibrary">
<msg time="2024-04-25T03:15:03.956765" level="INFO">GET Request : url=https://randomuser.me/api 
 path_url=/api 
 headers={'User-Agent': 'python-requests/2.31.0', 'Accept-Encoding': 'gzip, deflate', 'Accept': '*/*', 'Connection': 'keep-alive'} 
 body=None 
 </msg>
<msg time="2024-04-25T03:15:03.956888" level="INFO">GET Response : url=https://randomuser.me/api 
 status=200, reason=OK 
 headers={'Date': 'Thu, 25 Apr 2024 03:15:03 GMT', 'Content-Type': 'application/json; charset=utf-8', 'Transfer-Encoding': 'chunked', 'Connection': 'keep-alive', 'X-Powered-By': 'Express', 'Access-Control-Allow-Origin': '*', 'Cache-Control': 'no-cache', 'ETag': 'W/"49a-kg1kwwV8VveBxEtmMxTLZp2utKU"', 'Vary': 'Accept-Encoding', 'Content-Encoding': 'gzip', 'CF-Cache-Status': 'DYNAMIC', 'Report-To': '{"endpoints":[{"url":"https:\\/\\/a.nel.cloudflare.com\\/report\\/v4?s=VNinYMz4QOglLBQRfm2dBeUdnNWSmUj2ABImvhOjgg9gMqGfeUcZpJtn%2BEHJUObRMcbeEDP8YraBlDDcdAx%2BJc8PIgt4qdkuZimA3RSqCx5YY%2F5pbdCNbTm68oeBXkF8"}],"group":"cf-nel","max_age":604800}', 'NEL': '{"success_fraction":0,"report_to":"cf-nel","max_age":604800}', 'Server': 'cloudflare', 'CF-RAY': '879b2a9d5f383b78-IAD', 'alt-svc': 'h3=":443"; ma=86400'} 
 body={"results":[{"gender":"female","name":{"title":"Miss","first":"Clara","last":"Møller"},"location":{"street":{"number":4064,"name":"Gammel Kirkevej"},"city":"Brøndby Strand","state":"Hovedstaden","country":"Denmark","postcode":97599,"coordinates":{"latitude":"-41.6444","longitude":"66.4279"},"timezone":{"offset":"-5:00","description":"Eastern Time (US &amp; Canada), Bogota, Lima"}},"email":"clara.moller@example.com","login":{"uuid":"39036325-f670-45c5-a17a-50aba3d55354","username":"redfrog122","password":"jojojo","salt":"xCcuVvlh","md5":"d114a22a67ca2b6bdae3233469d7ece6","sha1":"bf60f569f58abb2df592bd2349150699131eb5a2","sha256":"adbcf3a0c8729bb842d8eec287fa3a3b3e2cbaa4d59b7e7f4de7850e531e9bb3"},"dob":{"date":"1980-10-06T02:04:07.412Z","age":43},"registered":{"date":"2016-06-16T16:39:11.037Z","age":7},"phone":"18332327","cell":"50732799","id":{"name":"CPR","value":"051080-9256"},"picture":{"large":"https://randomuser.me/api/portraits/women/64.jpg","medium":"https://randomuser.me/api/portraits/med/women/64.jpg","thumbnail":"https://randomuser.me/api/portraits/thumb/women/64.jpg"},"nat":"DK"}],"info":{"seed":"472f1e3ba802d772","results":1,"page":1,"version":"1.4"}} 
 </msg>
<msg time="2024-04-25T03:15:03.956980" level="INFO">/opt/hostedtoolcache/Python/3.12.3/x64/lib/python3.12/site-packages/urllib3/connectionpool.py:1103: InsecureRequestWarning: Unverified HTTPS request is being made to host 'randomuser.me'. Adding certificate verification is strongly advised. See: https://urllib3.readthedocs.io/en/latest/advanced-usage.html#tls-warnings
  warnings.warn(</msg>
<msg time="2024-04-25T03:15:03.957128" level="INFO">${response} = &lt;Response [200]&gt;</msg>
<var>${response}</var>
<arg>consultarAPI</arg>
<arg>/api</arg>
<doc>Sends a GET request on a previously created HTTP Session.</doc>
<status status="PASS" start="2024-04-25T03:15:03.895617" elapsed="0.061587"/>
</kw>
<kw name="Set Variable" owner="BuiltIn">
<msg time="2024-04-25T03:15:03.958650" level="INFO">${json_data} = {'results': [{'gender': 'female', 'name': {'title': 'Miss', 'first': 'Clara', 'last': 'Møller'}, 'location': {'street': {'number': 4064, 'name': 'Gammel Kirkevej'}, 'city': 'Brøndby Strand', 'state': ...</msg>
<var>${json_data}</var>
<arg>${response.json()}</arg>
<doc>Returns the given values which can then be assigned to a variables.</doc>
<status status="PASS" start="2024-04-25T03:15:03.957933" elapsed="0.000748"/>
</kw>
<kw name="Log" owner="BuiltIn">
<msg time="2024-04-25T03:15:03.959154" level="INFO">{'results': [{'gender': 'female', 'name': {'title': 'Miss', 'first': 'Clara', 'last': 'Møller'}, 'location': {'street': {'number': 4064, 'name': 'Gammel Kirkevej'}, 'city': 'Brøndby Strand', 'state': 'Hovedstaden', 'country': 'Denmark', 'postcode': 97599, 'coordinates': {'latitude': '-41.6444', 'longitude': '66.4279'}, 'timezone': {'offset': '-5:00', 'description': 'Eastern Time (US &amp; Canada), Bogota, Lima'}}, 'email': 'clara.moller@example.com', 'login': {'uuid': '39036325-f670-45c5-a17a-50aba3d55354', 'username': 'redfrog122', 'password': 'jojojo', 'salt': 'xCcuVvlh', 'md5': 'd114a22a67ca2b6bdae3233469d7ece6', 'sha1': 'bf60f569f58abb2df592bd2349150699131eb5a2', 'sha256': 'adbcf3a0c8729bb842d8eec287fa3a3b3e2cbaa4d59b7e7f4de7850e531e9bb3'}, 'dob': {'date': '1980-10-06T02:04:07.412Z', 'age': 43}, 'registered': {'date': '2016-06-16T16:39:11.037Z', 'age': 7}, 'phone': '18332327', 'cell': '50732799', 'id': {'name': 'CPR', 'value': '051080-9256'}, 'picture': {'large': 'https://randomuser.me/api/portraits/women/64.jpg', 'medium': 'https://randomuser.me/api/portraits/med/women/64.jpg', 'thumbnail': 'https://randomuser.me/api/portraits/thumb/women/64.jpg'}, 'nat': 'DK'}], 'info': {'seed': '472f1e3ba802d772', 'results': 1, 'page': 1, 'version': '1.4'}}</msg>
<arg>${json_data}</arg>
<doc>Logs the given message with the given level.</doc>
<status status="PASS" start="2024-04-25T03:15:03.958996" elapsed="0.000249"/>
</kw>
<kw name="Should Be String" owner="String">
<arg>${json_data['results'][0]['gender']}</arg>
<doc>Fails if the given ``item`` is not a string.</doc>
<status status="PASS" start="2024-04-25T03:15:03.959549" elapsed="0.000373"/>
</kw>
<kw name="Should Match Regexp" owner="BuiltIn">
<arg>${json_data['results'][0]['email']}</arg>
<arg>^[a-zA-Z0-9._%+-]+@[a-zA-Z0-9.-]+\.[a-zA-Z]{2,}$</arg>
<doc>Fails if ``string`` does not match ``pattern`` as a regular expression.</doc>
<status status="PASS" start="2024-04-25T03:15:03.960113" elapsed="0.000516"/>
</kw>
<kw name="Should Match Regexp" owner="BuiltIn">
<arg>${json_data['results'][0]['dob']['date']}</arg>
<arg>\\d{4}-\\d{2}-\\d{2}T\\d{2}:\\d{2}:\\d{2}\\.\\d{3}Z</arg>
<doc>Fails if ``string`` does not match ``pattern`` as a regular expression.</doc>
<status status="PASS" start="2024-04-25T03:15:03.960823" elapsed="0.000524"/>
</kw>
<kw name="Should Match Regexp" owner="BuiltIn">
<arg>${json_data['results'][0]['registered']['date']}</arg>
<arg>\\d{4}-\\d{2}-\\d{2}T\\d{2}:\\d{2}:\\d{2}\\.\\d{3}Z</arg>
<doc>Fails if ``string`` does not match ``pattern`` as a regular expression.</doc>
<status status="PASS" start="2024-04-25T03:15:03.961547" elapsed="0.000385"/>
</kw>
<kw name="Should Match Regexp" owner="BuiltIn">
<arg>${json_data['results'][0]['picture']['large']}</arg>
<arg>^https?://.*\.(?:png|jpe?g|gif|bmp)$</arg>
<doc>Fails if ``string`` does not match ``pattern`` as a regular expression.</doc>
<status status="PASS" start="2024-04-25T03:15:03.962121" elapsed="0.000466"/>
</kw>
<kw name="Should Match Regexp" owner="BuiltIn">
<arg>${json_data['results'][0]['picture']['medium']}</arg>
<arg>^https?://.*\.(?:png|jpe?g|gif|bmp)$</arg>
<doc>Fails if ``string`` does not match ``pattern`` as a regular expression.</doc>
<status status="PASS" start="2024-04-25T03:15:03.962774" elapsed="0.000363"/>
</kw>
<kw name="Should Match Regexp" owner="BuiltIn">
<arg>${json_data['results'][0]['picture']['thumbnail']}</arg>
<arg>^https?://.*\.(?:png|jpe?g|gif|bmp)$</arg>
<doc>Fails if ``string`` does not match ``pattern`` as a regular expression.</doc>
<status status="PASS" start="2024-04-25T03:15:03.963329" elapsed="0.000351"/>
</kw>
<kw name="Log" owner="BuiltIn">
<msg time="2024-04-25T03:15:03.964191" level="INFO">{'large': 'https://randomuser.me/api/portraits/women/64.jpg', 'medium': 'https://randomuser.me/api/portraits/med/women/64.jpg', 'thumbnail': 'https://randomuser.me/api/portraits/thumb/women/64.jpg'}</msg>
<arg>${json_data['results'][0]['picture']}</arg>
<doc>Logs the given message with the given level.</doc>
<status status="PASS" start="2024-04-25T03:15:03.963862" elapsed="0.000370"/>
</kw>
<status status="PASS" start="2024-04-25T03:15:03.895387" elapsed="0.069104"/>
</kw>
<kw name="Teste de Tipos de Dados - Postcode" owner="random-user-service">
<kw name="GET On Session" owner="RequestsLibrary">
<msg time="2024-04-25T03:15:04.033009" level="INFO">GET Request : url=https://randomuser.me/api 
 path_url=/api 
 headers={'User-Agent': 'python-requests/2.31.0', 'Accept-Encoding': 'gzip, deflate', 'Accept': '*/*', 'Connection': 'keep-alive'} 
 body=None 
 </msg>
<msg time="2024-04-25T03:15:04.033134" level="INFO">GET Response : url=https://randomuser.me/api 
 status=200, reason=OK 
 headers={'Date': 'Thu, 25 Apr 2024 03:15:04 GMT', 'Content-Type': 'application/json; charset=utf-8', 'Transfer-Encoding': 'chunked', 'Connection': 'keep-alive', 'X-Powered-By': 'Express', 'Access-Control-Allow-Origin': '*', 'Cache-Control': 'no-cache', 'ETag': 'W/"496-C6dw33i65ycN6FeKLAP0Xt4aN0Q"', 'Vary': 'Accept-Encoding', 'Content-Encoding': 'gzip', 'CF-Cache-Status': 'DYNAMIC', 'Report-To': '{"endpoints":[{"url":"https:\\/\\/a.nel.cloudflare.com\\/report\\/v4?s=OgMw7BmwEoF811INUUwTTg%2FU%2Fij064wLIPSBJlWkqC03w1tj96BpLbB%2BMinLx4SRkjm3JEHXnzsN4F68JIeDdd3LhCMrfb3Jyo7GP3UVgjMK0OrqQthCA3Tq8bFp%2BExq"}],"group":"cf-nel","max_age":604800}', 'NEL': '{"success_fraction":0,"report_to":"cf-nel","max_age":604800}', 'Server': 'cloudflare', 'CF-RAY': '879b2a9dcfc03b78-IAD', 'alt-svc': 'h3=":443"; ma=86400'} 
 body={"results":[{"gender":"male","name":{"title":"Mr","first":"Nooa","last":"Neva"},"location":{"street":{"number":3110,"name":"Mechelininkatu"},"city":"Huittinen","state":"South Karelia","country":"Finland","postcode":83775,"coordinates":{"latitude":"-24.0028","longitude":"-19.8373"},"timezone":{"offset":"-5:00","description":"Eastern Time (US &amp; Canada), Bogota, Lima"}},"email":"nooa.neva@example.com","login":{"uuid":"a93461bd-ab96-4698-a123-cb63921302f5","username":"blackduck795","password":"baylor","salt":"NTMzyLHj","md5":"87971853878f50fa63134a3ff0a1ac07","sha1":"2ea87d855e4463b0cb4e7fbc8f15d9b3bb817e83","sha256":"a69fd4f71ba5724c6e9f69782d59fa6b535600e86b09c1b83ae81a490b596a71"},"dob":{"date":"1987-03-15T22:00:36.500Z","age":37},"registered":{"date":"2009-11-02T00:13:36.092Z","age":14},"phone":"06-102-019","cell":"043-503-49-45","id":{"name":"HETU","value":"NaNNA033undefined"},"picture":{"large":"https://randomuser.me/api/portraits/men/19.jpg","medium":"https://randomuser.me/api/portraits/med/men/19.jpg","thumbnail":"https://randomuser.me/api/portraits/thumb/men/19.jpg"},"nat":"FI"}],"info":{"seed":"fa281a077dfe0eab","results":1,"page":1,"version":"1.4"}} 
 </msg>
<msg time="2024-04-25T03:15:04.033279" level="INFO">/opt/hostedtoolcache/Python/3.12.3/x64/lib/python3.12/site-packages/urllib3/connectionpool.py:1103: InsecureRequestWarning: Unverified HTTPS request is being made to host 'randomuser.me'. Adding certificate verification is strongly advised. See: https://urllib3.readthedocs.io/en/latest/advanced-usage.html#tls-warnings
  warnings.warn(</msg>
<msg time="2024-04-25T03:15:04.033424" level="INFO">${response} = &lt;Response [200]&gt;</msg>
<var>${response}</var>
<arg>consultarAPI</arg>
<arg>/api</arg>
<doc>Sends a GET request on a previously created HTTP Session.</doc>
<status status="PASS" start="2024-04-25T03:15:03.964966" elapsed="0.068498"/>
</kw>
<kw name="Set Variable" owner="BuiltIn">
<msg time="2024-04-25T03:15:04.034849" level="INFO">${json_data} = {'results': [{'gender': 'male', 'name': {'title': 'Mr', 'first': 'Nooa', 'last': 'Neva'}, 'location': {'street': {'number': 3110, 'name': 'Mechelininkatu'}, 'city': 'Huittinen', 'state': 'South Kareli...</msg>
<var>${json_data}</var>
<arg>${response.json()}</arg>
<doc>Returns the given values which can then be assigned to a variables.</doc>
<status status="PASS" start="2024-04-25T03:15:04.034183" elapsed="0.000694"/>
</kw>
<kw name="Log" owner="BuiltIn">
<msg time="2024-04-25T03:15:04.035347" level="INFO">{'results': [{'gender': 'male', 'name': {'title': 'Mr', 'first': 'Nooa', 'last': 'Neva'}, 'location': {'street': {'number': 3110, 'name': 'Mechelininkatu'}, 'city': 'Huittinen', 'state': 'South Karelia', 'country': 'Finland', 'postcode': 83775, 'coordinates': {'latitude': '-24.0028', 'longitude': '-19.8373'}, 'timezone': {'offset': '-5:00', 'description': 'Eastern Time (US &amp; Canada), Bogota, Lima'}}, 'email': 'nooa.neva@example.com', 'login': {'uuid': 'a93461bd-ab96-4698-a123-cb63921302f5', 'username': 'blackduck795', 'password': 'baylor', 'salt': 'NTMzyLHj', 'md5': '87971853878f50fa63134a3ff0a1ac07', 'sha1': '2ea87d855e4463b0cb4e7fbc8f15d9b3bb817e83', 'sha256': 'a69fd4f71ba5724c6e9f69782d59fa6b535600e86b09c1b83ae81a490b596a71'}, 'dob': {'date': '1987-03-15T22:00:36.500Z', 'age': 37}, 'registered': {'date': '2009-11-02T00:13:36.092Z', 'age': 14}, 'phone': '06-102-019', 'cell': '043-503-49-45', 'id': {'name': 'HETU', 'value': 'NaNNA033undefined'}, 'picture': {'large': 'https://randomuser.me/api/portraits/men/19.jpg', 'medium': 'https://randomuser.me/api/portraits/med/men/19.jpg', 'thumbnail': 'https://randomuser.me/api/portraits/thumb/men/19.jpg'}, 'nat': 'FI'}], 'info': {'seed': 'fa281a077dfe0eab', 'results': 1, 'page': 1, 'version': '1.4'}}</msg>
<arg>${json_data}</arg>
<doc>Logs the given message with the given level.</doc>
<status status="PASS" start="2024-04-25T03:15:04.035191" elapsed="0.000241"/>
</kw>
<kw name="Should Be Equal As Numbers" owner="BuiltIn">
<arg>${json_data['results'][0]['location']['postcode']}</arg>
<arg>${json_data['results'][0]['location']['postcode']}</arg>
<doc>Fails if objects are unequal after converting them to real numbers.</doc>
<status status="PASS" start="2024-04-25T03:15:04.035935" elapsed="0.000628"/>
</kw>
<kw name="Log" owner="BuiltIn">
<msg time="2024-04-25T03:15:04.037094" level="INFO">83775</msg>
<arg>${json_data['results'][0]['location']['postcode']}</arg>
<doc>Logs the given message with the given level.</doc>
<status status="PASS" start="2024-04-25T03:15:04.036758" elapsed="0.000377"/>
</kw>
<status status="PASS" start="2024-04-25T03:15:03.964724" elapsed="0.072718"/>
</kw>
<doc>Testa se os tipos de dados na resposta da API estão corretos.</doc>
<tag>testeTiposDados</tag>
<status status="PASS" start="2024-04-25T03:15:03.894835" elapsed="0.142783"/>
</test>
<test id="s1-s1-t5" name="Validar conteudo" line="35">
<kw name="Teste de Tipos de Conteudo" owner="random-user-service">
<kw name="GET On Session" owner="RequestsLibrary">
<msg time="2024-04-25T03:15:04.177170" level="INFO">GET Request : url=https://randomuser.me/api 
 path_url=/api 
 headers={'User-Agent': 'python-requests/2.31.0', 'Accept-Encoding': 'gzip, deflate', 'Accept': '*/*', 'Connection': 'keep-alive'} 
 body=None 
 </msg>
<msg time="2024-04-25T03:15:04.177328" level="INFO">GET Response : url=https://randomuser.me/api 
 status=200, reason=OK 
 headers={'Date': 'Thu, 25 Apr 2024 03:15:04 GMT', 'Content-Type': 'application/json; charset=utf-8', 'Transfer-Encoding': 'chunked', 'Connection': 'keep-alive', 'X-Powered-By': 'Express', 'Access-Control-Allow-Origin': '*', 'Cache-Control': 'no-cache', 'ETag': 'W/"49d-h5kCR0kgj1tsQy+s4+XRczEU8ns"', 'Vary': 'Accept-Encoding', 'Content-Encoding': 'gzip', 'CF-Cache-Status': 'DYNAMIC', 'Report-To': '{"endpoints":[{"url":"https:\\/\\/a.nel.cloudflare.com\\/report\\/v4?s=s%2BQVDGudKCd9f5fSICAPGuU2qGMYALyYI7wRhLazWKZevo0yG2ShZ19PaYpCNW%2Bod4FgVYVhHCtRH4wWpIY93R%2Fs7kJzeaqlhsFW7vg9uKEkvicDXoVkHzJBeo%2F6UaMI"}],"group":"cf-nel","max_age":604800}', 'NEL': '{"success_fraction":0,"report_to":"cf-nel","max_age":604800}', 'Server': 'cloudflare', 'CF-RAY': '879b2a9e484e3b78-IAD', 'alt-svc': 'h3=":443"; ma=86400'} 
 body={"results":[{"gender":"female","name":{"title":"Mrs","first":"Sharlene","last":"Dean"},"location":{"street":{"number":8741,"name":"Fairview St"},"city":"Everett","state":"Louisiana","country":"United States","postcode":85884,"coordinates":{"latitude":"87.4580","longitude":"121.3515"},"timezone":{"offset":"+5:30","description":"Bombay, Calcutta, Madras, New Delhi"}},"email":"sharlene.dean@example.com","login":{"uuid":"d39bd445-d8a5-4402-9e5b-5e15a3f5f423","username":"silverfrog908","password":"ffffff","salt":"INwrbkZ6","md5":"7aee9972b7798e64a01bf3d6efa8abb2","sha1":"9b6d791b7f5c2f9f8bc069855b9a7062e0b520a4","sha256":"7b430a951463bd43e67178a550f9194f2c500eaf7a0aaf118d24bbd9c6e96df7"},"dob":{"date":"1951-03-17T17:35:59.424Z","age":73},"registered":{"date":"2009-09-13T08:33:50.667Z","age":14},"phone":"(393) 921-1540","cell":"(718) 829-3012","id":{"name":"SSN","value":"652-79-3523"},"picture":{"large":"https://randomuser.me/api/portraits/women/64.jpg","medium":"https://randomuser.me/api/portraits/med/women/64.jpg","thumbnail":"https://randomuser.me/api/portraits/thumb/women/64.jpg"},"nat":"US"}],"info":{"seed":"e2194c6a30ab90fc","results":1,"page":1,"version":"1.4"}} 
 </msg>
<msg time="2024-04-25T03:15:04.177422" level="INFO">/opt/hostedtoolcache/Python/3.12.3/x64/lib/python3.12/site-packages/urllib3/connectionpool.py:1103: InsecureRequestWarning: Unverified HTTPS request is being made to host 'randomuser.me'. Adding certificate verification is strongly advised. See: https://urllib3.readthedocs.io/en/latest/advanced-usage.html#tls-warnings
  warnings.warn(</msg>
<msg time="2024-04-25T03:15:04.177570" level="INFO">${response} = &lt;Response [200]&gt;</msg>
<var>${response}</var>
<arg>consultarAPI</arg>
<arg>/api</arg>
<doc>Sends a GET request on a previously created HTTP Session.</doc>
<status status="PASS" start="2024-04-25T03:15:04.040198" elapsed="0.137421"/>
</kw>
<kw name="Set Variable" owner="BuiltIn">
<msg time="2024-04-25T03:15:04.179038" level="INFO">${json_data} = {'results': [{'gender': 'female', 'name': {'title': 'Mrs', 'first': 'Sharlene', 'last': 'Dean'}, 'location': {'street': {'number': 8741, 'name': 'Fairview St'}, 'city': 'Everett', 'state': 'Louisiana'...</msg>
<var>${json_data}</var>
<arg>${response.json()}</arg>
<doc>Returns the given values which can then be assigned to a variables.</doc>
<status status="PASS" start="2024-04-25T03:15:04.178359" elapsed="0.000708"/>
</kw>
<kw name="Set Variable" owner="BuiltIn">
<msg time="2024-04-25T03:15:04.179763" level="INFO">${name_title} = Mrs</msg>
<var>${name_title}</var>
<arg>${json_data["results"][0]["name"]["title"]}</arg>
<doc>Returns the given values which can then be assigned to a variables.</doc>
<status status="PASS" start="2024-04-25T03:15:04.179376" elapsed="0.000413"/>
</kw>
<kw name="Create List" owner="BuiltIn">
<msg time="2024-04-25T03:15:04.180234" level="INFO">${allowed_titles} = ['Mr', 'Ms', 'Miss', 'Mrs', 'Madame', 'Monsieur']</msg>
<var>${allowed_titles}</var>
<arg>Mr</arg>
<arg>Ms</arg>
<arg>Miss</arg>
<arg>Mrs</arg>
<arg>Madame</arg>
<arg>Monsieur</arg>
<doc>Returns a list containing given items.</doc>
<status status="PASS" start="2024-04-25T03:15:04.180086" elapsed="0.000173"/>
</kw>
<kw name="List Should Contain Value" owner="Collections">
<msg time="2024-04-25T03:15:04.180734" level="INFO">False</msg>
<arg>${allowed_titles}</arg>
<arg>${name_title}</arg>
<doc>Fails if the ``value`` is not found from ``list``.</doc>
<status status="PASS" start="2024-04-25T03:15:04.180559" elapsed="0.000212"/>
</kw>
<kw name="Set Variable" owner="BuiltIn">
<msg time="2024-04-25T03:15:04.181487" level="INFO">${name_country} = US</msg>
<var>${name_country}</var>
<arg>${json_data["results"][0]["nat"]}</arg>
<doc>Returns the given values which can then be assigned to a variables.</doc>
<status status="PASS" start="2024-04-25T03:15:04.181055" elapsed="0.000458"/>
</kw>
<kw name="Create List" owner="BuiltIn">
<msg time="2024-04-25T03:15:04.182401" level="INFO">${list_country} = ['AD', 'AE', 'AF', 'AG', 'AI', 'AL', 'AM', 'AO', 'AQ', 'AR', 'AS', 'AT', 'AU', 'AW', 'AX', 'AZ', 'BA', 'BB', 'BD', 'BE', 'BF', 'BG', 'BH', 'BI', 'BJ', 'BL', 'BM', 'BN', 'BO', 'BQ', 'BR', 'BS', 'BT', '...</msg>
<var>${list_country}</var>
<arg>AD</arg>
<arg>AE</arg>
<arg>AF</arg>
<arg>AG</arg>
<arg>AI</arg>
<arg>AL</arg>
<arg>AM</arg>
<arg>AO</arg>
<arg>AQ</arg>
<arg>AR</arg>
<arg>AS</arg>
<arg>AT</arg>
<arg>AU</arg>
<arg>AW</arg>
<arg>AX</arg>
<arg>AZ</arg>
<arg>BA</arg>
<arg>BB</arg>
<arg>BD</arg>
<arg>BE</arg>
<arg>BF</arg>
<arg>BG</arg>
<arg>BH</arg>
<arg>BI</arg>
<arg>BJ</arg>
<arg>BL</arg>
<arg>BM</arg>
<arg>BN</arg>
<arg>BO</arg>
<arg>BQ</arg>
<arg>BR</arg>
<arg>BS</arg>
<arg>BT</arg>
<arg>BV</arg>
<arg>BW</arg>
<arg>BY</arg>
<arg>BZ</arg>
<arg>CA</arg>
<arg>CC</arg>
<arg>CD</arg>
<arg>CF</arg>
<arg>CG</arg>
<arg>CH</arg>
<arg>CI</arg>
<arg>CK</arg>
<arg>CL</arg>
<arg>CM</arg>
<arg>CN</arg>
<arg>CO</arg>
<arg>CR</arg>
<arg>CU</arg>
<arg>CV</arg>
<arg>CW</arg>
<arg>CX</arg>
<arg>CY</arg>
<arg>CZ</arg>
<arg>DE</arg>
<arg>DJ</arg>
<arg>DK</arg>
<arg>DM</arg>
<arg>DO</arg>
<arg>DZ</arg>
<arg>EC</arg>
<arg>EE</arg>
<arg>EG</arg>
<arg>EH</arg>
<arg>ER</arg>
<arg>ES</arg>
<arg>ET</arg>
<arg>FI</arg>
<arg>FJ</arg>
<arg>FK</arg>
<arg>FM</arg>
<arg>FO</arg>
<arg>FR</arg>
<arg>GA</arg>
<arg>GB</arg>
<arg>GD</arg>
<arg>GE</arg>
<arg>GF</arg>
<arg>GG</arg>
<arg>GH</arg>
<arg>GI</arg>
<arg>GL</arg>
<arg>GM</arg>
<arg>GN</arg>
<arg>GP</arg>
<arg>GQ</arg>
<arg>GR</arg>
<arg>GS</arg>
<arg>GT</arg>
<arg>GU</arg>
<arg>GW</arg>
<arg>GY</arg>
<arg>HK</arg>
<arg>HM</arg>
<arg>HN</arg>
<arg>HR</arg>
<arg>HT</arg>
<arg>HU</arg>
<arg>ID</arg>
<arg>IE</arg>
<arg>IL</arg>
<arg>IM</arg>
<arg>IN</arg>
<arg>IO</arg>
<arg>IQ</arg>
<arg>IR</arg>
<arg>IS</arg>
<arg>IT</arg>
<arg>JE</arg>
<arg>JM</arg>
<arg>JO</arg>
<arg>JP</arg>
<arg>KE</arg>
<arg>KG</arg>
<arg>KH</arg>
<arg>KI</arg>
<arg>KM</arg>
<arg>KN</arg>
<arg>KP</arg>
<arg>KR</arg>
<arg>KW</arg>
<arg>KY</arg>
<arg>KZ</arg>
<arg>LA</arg>
<arg>LB</arg>
<arg>LC</arg>
<arg>LI</arg>
<arg>LK</arg>
<arg>LR</arg>
<arg>LS</arg>
<arg>LT</arg>
<arg>LU</arg>
<arg>LV</arg>
<arg>LY</arg>
<arg>MA</arg>
<arg>MC</arg>
<arg>MD</arg>
<arg>ME</arg>
<arg>MF</arg>
<arg>MG</arg>
<arg>MH</arg>
<arg>MK</arg>
<arg>ML</arg>
<arg>MM</arg>
<arg>MN</arg>
<arg>MO</arg>
<arg>MP</arg>
<arg>MQ</arg>
<arg>MR</arg>
<arg>MS</arg>
<arg>MT</arg>
<arg>MU</arg>
<arg>MV</arg>
<arg>MW</arg>
<arg>MX</arg>
<arg>MY</arg>
<arg>MZ</arg>
<arg>NA</arg>
<arg>NC</arg>
<arg>NE</arg>
<arg>NF</arg>
<arg>NG</arg>
<arg>NI</arg>
<arg>NL</arg>
<arg>NO</arg>
<arg>NP</arg>
<arg>NR</arg>
<arg>NU</arg>
<arg>NZ</arg>
<arg>OM</arg>
<arg>PA</arg>
<arg>PE</arg>
<arg>PF</arg>
<arg>PG</arg>
<arg>PH</arg>
<arg>PK</arg>
<arg>PL</arg>
<arg>PM</arg>
<arg>PN</arg>
<arg>PR</arg>
<arg>PS</arg>
<arg>PT</arg>
<arg>PW</arg>
<arg>PY</arg>
<arg>QA</arg>
<arg>RE</arg>
<arg>RO</arg>
<arg>RS</arg>
<arg>RU</arg>
<arg>RW</arg>
<arg>SA</arg>
<arg>SB</arg>
<arg>SC</arg>
<arg>SD</arg>
<arg>SE</arg>
<arg>SG</arg>
<arg>SH</arg>
<arg>SI</arg>
<arg>SJ</arg>
<arg>SK</arg>
<arg>SL</arg>
<arg>SM</arg>
<arg>SN</arg>
<arg>SO</arg>
<arg>SR</arg>
<arg>SS</arg>
<arg>ST</arg>
<arg>SV</arg>
<arg>SX</arg>
<arg>SY</arg>
<arg>SZ</arg>
<arg>TC</arg>
<arg>TD</arg>
<arg>TF</arg>
<arg>TG</arg>
<arg>TH</arg>
<arg>TJ</arg>
<arg>TK</arg>
<arg>TL</arg>
<arg>TM</arg>
<arg>TN</arg>
<arg>TO</arg>
<arg>TR</arg>
<arg>TT</arg>
<arg>TV</arg>
<arg>TW</arg>
<arg>TZ</arg>
<arg>UA</arg>
<arg>UG</arg>
<arg>UM</arg>
<arg>US</arg>
<arg>UY</arg>
<arg>UZ</arg>
<arg>VA</arg>
<arg>VC</arg>
<arg>VE</arg>
<arg>VG</arg>
<arg>VI</arg>
<arg>VN</arg>
<arg>VU</arg>
<arg>WF</arg>
<arg>WS</arg>
<arg>XK</arg>
<arg>YE</arg>
<arg>YT</arg>
<arg>ZA</arg>
<arg>ZM</arg>
<arg>ZW</arg>
<doc>Returns a list containing given items.</doc>
<status status="PASS" start="2024-04-25T03:15:04.181818" elapsed="0.000608"/>
</kw>
<kw name="List Should Contain Value" owner="Collections">
<msg time="2024-04-25T03:15:04.183415" level="INFO">False</msg>
<arg>${list_country}</arg>
<arg>${name_country}</arg>
<doc>Fails if the ``value`` is not found from ``list``.</doc>
<status status="PASS" start="2024-04-25T03:15:04.183215" elapsed="0.000237"/>
</kw>
<kw name="Run Keyword If" owner="BuiltIn">
<kw name="Should Be True" owner="BuiltIn">
<arg>${True}</arg>
<doc>Fails if the given condition is not true.</doc>
<status status="PASS" start="2024-04-25T03:15:04.184522" elapsed="0.000263"/>
</kw>
<arg>${json_data["results"][0]["location"]["coordinates"]["latitude"]} &gt;= -90 and ${json_data["results"][0]["location"]["coordinates"]["latitude"]} &lt;= 90</arg>
<arg>Should Be True</arg>
<arg>${True}</arg>
<doc>Runs the given keyword with the given arguments, if ``condition`` is true.</doc>
<status status="PASS" start="2024-04-25T03:15:04.183762" elapsed="0.001156"/>
</kw>
<kw name="Run Keyword If" owner="BuiltIn">
<kw name="Should Be True" owner="BuiltIn">
<arg>${True}</arg>
<doc>Fails if the given condition is not true.</doc>
<status status="PASS" start="2024-04-25T03:15:04.185834" elapsed="0.000138"/>
</kw>
<arg>${json_data["results"][0]["location"]["coordinates"]["longitude"]} &gt;= -180 and ${json_data["results"][0]["location"]["coordinates"]["longitude"]} &lt;= 180</arg>
<arg>Should Be True</arg>
<arg>${True}</arg>
<doc>Runs the given keyword with the given arguments, if ``condition`` is true.</doc>
<status status="PASS" start="2024-04-25T03:15:04.185103" elapsed="0.000992"/>
</kw>
<status status="PASS" start="2024-04-25T03:15:04.039962" elapsed="0.146265"/>
</kw>
<doc>Testa o conteúdo específico dos campos retornados pela API.</doc>
<tag>testeConteudo</tag>
<status status="PASS" start="2024-04-25T03:15:04.039405" elapsed="0.146975"/>
</test>
<status status="PASS" start="2024-04-25T03:15:02.547155" elapsed="1.641232"/>
</suite>
<status status="PASS" start="2024-04-25T03:15:02.533440" elapsed="1.660244"/>
</suite>
<statistics>
<total>
<stat pass="5" fail="0" skip="0">All Tests</stat>
</total>
<tag>
<stat pass="1" fail="0" skip="0">testeConteudo</stat>
<stat pass="1" fail="0" skip="0">testeEstruturaResposta</stat>
<stat pass="1" fail="0" skip="0">testeRequisicaoBasica</stat>
<stat pass="1" fail="0" skip="0">testeTiposDados</stat>
</tag>
<suite>
<stat pass="5" fail="0" skip="0" id="s1" name="Tests">Tests</stat>
<stat pass="5" fail="0" skip="0" id="s1-s1" name="Random-User-Test">Tests.Random-User-Test</stat>
</suite>
</statistics>
<errors>
</errors>
</robot>
