<?xml version="1.0" encoding="UTF-8"?>
<robot generator="Robot 7.0 (Python 3.12.3 on linux)" generated="2024-05-24T23:13:41.938923" rpa="false" schemaversion="5">
<suite id="s1" name="Tests" source="/home/runner/work/DesafioQAItauRogerioJordao/DesafioQAItauRogerioJordao/RamdonUser/tests">
<suite id="s1-s1" name="Random-User-Test" source="/home/runner/work/DesafioQAItauRogerioJordao/DesafioQAItauRogerioJordao/RamdonUser/tests/random-user-test.robot">
<test id="s1-s1-t1" name="Conectar" line="13">
<kw name="Conectar API" owner="random-user-service">
<kw name="Create Session" owner="RequestsLibrary">
<msg time="2024-05-24T23:13:42.339500" level="INFO">Creating Session using : alias=consultarAPI, url=https://randomuser.me/, headers={},                     cookies={}, auth=None, timeout=None, proxies=None, verify=False,                     debug=0 </msg>
<arg>consultarAPI</arg>
<arg>${URL}</arg>
<doc>Create Session: create a HTTP session to a server</doc>
<status status="PASS" start="2024-05-24T23:13:42.339285" elapsed="0.000409"/>
</kw>
<status status="PASS" start="2024-05-24T23:13:42.338235" elapsed="0.001828"/>
</kw>
<status status="PASS" start="2024-05-24T23:13:42.337635" elapsed="0.002625"/>
</test>
<test id="s1-s1-t2" name="Validar retorno 200 e JSON Válido" line="16">
<kw name="Teste de Requisicao Basica" owner="random-user-service">
<kw name="GET On Session" owner="RequestsLibrary">
<msg time="2024-05-24T23:13:42.406472" level="INFO">GET Request : url=https://randomuser.me/api 
 path_url=/api 
 headers={'User-Agent': 'python-requests/2.32.2', 'Accept-Encoding': 'gzip, deflate', 'Accept': '*/*', 'Connection': 'keep-alive'} 
 body=None 
 </msg>
<msg time="2024-05-24T23:13:42.406648" level="INFO">GET Response : url=https://randomuser.me/api 
 status=200, reason=OK 
 headers={'Date': 'Fri, 24 May 2024 23:13:42 GMT', 'Content-Type': 'application/json; charset=utf-8', 'Transfer-Encoding': 'chunked', 'Connection': 'keep-alive', 'X-Powered-By': 'Express', 'Access-Control-Allow-Origin': '*', 'Cache-Control': 'no-cache', 'ETag': 'W/"492-59374FMhw/V4tz02i8ZpzM8Ocbk"', 'Vary': 'Accept-Encoding', 'Content-Encoding': 'gzip', 'CF-Cache-Status': 'DYNAMIC', 'Report-To': '{"endpoints":[{"url":"https:\\/\\/a.nel.cloudflare.com\\/report\\/v4?s=7C6lKIp8XsQdyEHT%2BnjXel4C5kDMvfwZs2bJDbIolHkJR61j6EiMbc3AD9GqKfkUWkFPy9fJctjV%2FtRAc2rfQ31sUKz666xPR7SVriOiN3DBNmglucmfjPfDhRZNJUrp"}],"group":"cf-nel","max_age":604800}', 'NEL': '{"success_fraction":0,"report_to":"cf-nel","max_age":604800}', 'Server': 'cloudflare', 'CF-RAY': '8890fa4fcb0d2048-IAD', 'alt-svc': 'h3=":443"; ma=86400'} 
 body={"results":[{"gender":"female","name":{"title":"Mrs","first":"Susan","last":"Neal"},"location":{"street":{"number":6084,"name":"King Street"},"city":"Plymouth","state":"Hampshire","country":"United Kingdom","postcode":"F0J 2UT","coordinates":{"latitude":"-6.7877","longitude":"34.9663"},"timezone":{"offset":"-7:00","description":"Mountain Time (US &amp; Canada)"}},"email":"susan.neal@example.com","login":{"uuid":"ea7294a7-ffe8-43a9-927e-523bd088410c","username":"tinyfrog258","password":"hottest","salt":"04IlQJZk","md5":"dc7aab21552a70c074960e4640db9c08","sha1":"a05be17d83921149bafe0edbc4296bc652405269","sha256":"3782bc5df78afd0e1af19ae3f088b528d7851445d80cd0b570ad50fbb79401b1"},"dob":{"date":"1958-06-13T20:27:00.126Z","age":65},"registered":{"date":"2016-08-05T11:52:48.991Z","age":7},"phone":"021 7771 8219","cell":"07271 466939","id":{"name":"NINO","value":"CZ 52 80 71 R"},"picture":{"large":"https://randomuser.me/api/portraits/women/84.jpg","medium":"https://randomuser.me/api/portraits/med/women/84.jpg","thumbnail":"https://randomuser.me/api/portraits/thumb/women/84.jpg"},"nat":"GB"}],"info":{"seed":"23d1d3c406e51b52","results":1,"page":1,"version":"1.4"}} 
 </msg>
<msg time="2024-05-24T23:13:42.406734" level="INFO">/opt/hostedtoolcache/Python/3.12.3/x64/lib/python3.12/site-packages/urllib3/connectionpool.py:1103: InsecureRequestWarning: Unverified HTTPS request is being made to host 'randomuser.me'. Adding certificate verification is strongly advised. See: https://urllib3.readthedocs.io/en/latest/advanced-usage.html#tls-warnings
  warnings.warn(</msg>
<msg time="2024-05-24T23:13:42.406883" level="INFO">${response} = &lt;Response [200]&gt;</msg>
<var>${response}</var>
<arg>consultarAPI</arg>
<arg>/api</arg>
<doc>Sends a GET request on a previously created HTTP Session.</doc>
<status status="PASS" start="2024-05-24T23:13:42.342923" elapsed="0.064001"/>
</kw>
<kw name="Should Be Equal As Numbers" owner="BuiltIn">
<msg time="2024-05-24T23:13:42.408036" level="INFO">Argument types are:
&lt;class 'int'&gt;
&lt;class 'str'&gt;</msg>
<arg>${response.status_code}</arg>
<arg>200</arg>
<doc>Fails if objects are unequal after converting them to real numbers.</doc>
<status status="PASS" start="2024-05-24T23:13:42.407549" elapsed="0.000555"/>
</kw>
<kw name="Log" owner="BuiltIn">
<msg time="2024-05-24T23:13:42.408806" level="INFO">200</msg>
<arg>${response.status_code}</arg>
<doc>Logs the given message with the given level.</doc>
<status status="PASS" start="2024-05-24T23:13:42.408452" elapsed="0.000401"/>
</kw>
<kw name="Set Variable" owner="BuiltIn">
<msg time="2024-05-24T23:13:42.409591" level="INFO">${json_data} = {'results': [{'gender': 'female', 'name': {'title': 'Mrs', 'first': 'Susan', 'last': 'Neal'}, 'location': {'street': {'number': 6084, 'name': 'King Street'}, 'city': 'Plymouth', 'state': 'Hampshire', ...</msg>
<var>${json_data}</var>
<arg>${response.json()}</arg>
<doc>Returns the given values which can then be assigned to a variables.</doc>
<status status="PASS" start="2024-05-24T23:13:42.409165" elapsed="0.000455"/>
</kw>
<kw name="Dictionary Should Contain Key" owner="Collections">
<msg time="2024-05-24T23:13:42.410091" level="INFO">False</msg>
<arg>${json_data}</arg>
<arg>results</arg>
<doc>Fails if ``key`` is not found from ``dictionary``.</doc>
<status status="PASS" start="2024-05-24T23:13:42.409924" elapsed="0.000205"/>
</kw>
<status status="PASS" start="2024-05-24T23:13:42.342671" elapsed="0.067718"/>
</kw>
<doc>Testa se a API responde corretamente e retorna um objeto JSON válido.</doc>
<tag>testeRequisicaoBasica</tag>
<status status="PASS" start="2024-05-24T23:13:42.342118" elapsed="0.068457"/>
</test>
<test id="s1-s1-t3" name="Validar estrutura de resposta" line="22">
<kw name="Teste de Estrutura de Resposta" owner="random-user-service">
<kw name="GET On Session" owner="RequestsLibrary">
<msg time="2024-05-24T23:13:42.510288" level="INFO">GET Request : url=https://randomuser.me/api 
 path_url=/api 
 headers={'User-Agent': 'python-requests/2.32.2', 'Accept-Encoding': 'gzip, deflate', 'Accept': '*/*', 'Connection': 'keep-alive'} 
 body=None 
 </msg>
<msg time="2024-05-24T23:13:42.510390" level="INFO">GET Response : url=https://randomuser.me/api 
 status=200, reason=OK 
 headers={'Date': 'Fri, 24 May 2024 23:13:42 GMT', 'Content-Type': 'application/json; charset=utf-8', 'Transfer-Encoding': 'chunked', 'Connection': 'keep-alive', 'X-Powered-By': 'Express', 'Access-Control-Allow-Origin': '*', 'Cache-Control': 'no-cache', 'ETag': 'W/"4c0-QmR7h+HgPEyR+J1qbjYfNY6cwoo"', 'Vary': 'Accept-Encoding', 'Content-Encoding': 'gzip', 'CF-Cache-Status': 'DYNAMIC', 'Report-To': '{"endpoints":[{"url":"https:\\/\\/a.nel.cloudflare.com\\/report\\/v4?s=sDv3IghCjaNc7E33Zf5i0BbFgLd598zNwqmCloDaUefY2X%2BUQJjitNgcsLCXHwfumE4pp5GScV5USfLY%2BYZrixvw%2BEI6rmd%2BCsvm%2FxRUwiOqtZAKsuQV1c2SF85PRuZa"}],"group":"cf-nel","max_age":604800}', 'NEL': '{"success_fraction":0,"report_to":"cf-nel","max_age":604800}', 'Server': 'cloudflare', 'CF-RAY': '8890fa501b642048-IAD', 'alt-svc': 'h3=":443"; ma=86400'} 
 body={"results":[{"gender":"female","name":{"title":"Miss","first":"درسا","last":"سلطانی نژاد"},"location":{"street":{"number":5503,"name":"امام خمینی"},"city":"اراک","state":"کهگیلویه و بویراحمد","country":"Iran","postcode":97959,"coordinates":{"latitude":"16.0046","longitude":"114.1658"},"timezone":{"offset":"+5:00","description":"Ekaterinburg, Islamabad, Karachi, Tashkent"}},"email":"drs.sltnynjd@example.com","login":{"uuid":"550b820e-ff74-4707-b65d-180304c11456","username":"smallbutterfly580","password":"duck","salt":"9DsEdDEy","md5":"d8c7980e006e89d3553e7c2cb1f23f1a","sha1":"e99e9d8d8afed8e4a2b301187a8b2011a599d8e4","sha256":"7334955dd411d922ead0c1379e098a008688a44ea8a3274c63b41cb5444a7191"},"dob":{"date":"1947-10-26T16:14:22.838Z","age":76},"registered":{"date":"2006-05-08T10:35:07.629Z","age":18},"phone":"027-10334894","cell":"0931-482-3881","id":{"name":"","value":null},"picture":{"large":"https://randomuser.me/api/portraits/women/4.jpg","medium":"https://randomuser.me/api/portraits/med/women/4.jpg","thumbnail":"https://randomuser.me/api/portraits/thumb/women/4.jpg"},"nat":"IR"}],"info":{"seed":"39ee5654c3cf73ad","results":1,"page":1,"version":"1.4"}} 
 </msg>
<msg time="2024-05-24T23:13:42.510526" level="INFO">/opt/hostedtoolcache/Python/3.12.3/x64/lib/python3.12/site-packages/urllib3/connectionpool.py:1103: InsecureRequestWarning: Unverified HTTPS request is being made to host 'randomuser.me'. Adding certificate verification is strongly advised. See: https://urllib3.readthedocs.io/en/latest/advanced-usage.html#tls-warnings
  warnings.warn(</msg>
<msg time="2024-05-24T23:13:42.510722" level="INFO">${response} = &lt;Response [200]&gt;</msg>
<var>${response}</var>
<arg>consultarAPI</arg>
<arg>/api</arg>
<doc>Sends a GET request on a previously created HTTP Session.</doc>
<status status="PASS" start="2024-05-24T23:13:42.413284" elapsed="0.097521"/>
</kw>
<kw name="Set Variable" owner="BuiltIn">
<msg time="2024-05-24T23:13:42.512208" level="INFO">${json_data} = {'results': [{'gender': 'female', 'name': {'title': 'Miss', 'first': 'درسا', 'last': 'سلطانی نژاد'}, 'location': {'street': {'number': 5503, 'name': 'امام خمینی'}, 'city': 'اراک', 'state': 'کهگیلویه و...</msg>
<var>${json_data}</var>
<arg>${response.json()}</arg>
<doc>Returns the given values which can then be assigned to a variables.</doc>
<status status="PASS" start="2024-05-24T23:13:42.511525" elapsed="0.000730"/>
</kw>
<kw name="Log" owner="BuiltIn">
<msg time="2024-05-24T23:13:42.512835" level="INFO">{'results': [{'gender': 'female', 'name': {'title': 'Miss', 'first': 'درسا', 'last': 'سلطانی نژاد'}, 'location': {'street': {'number': 5503, 'name': 'امام خمینی'}, 'city': 'اراک', 'state': 'کهگیلویه و بویراحمد', 'country': 'Iran', 'postcode': 97959, 'coordinates': {'latitude': '16.0046', 'longitude': '114.1658'}, 'timezone': {'offset': '+5:00', 'description': 'Ekaterinburg, Islamabad, Karachi, Tashkent'}}, 'email': 'drs.sltnynjd@example.com', 'login': {'uuid': '550b820e-ff74-4707-b65d-180304c11456', 'username': 'smallbutterfly580', 'password': 'duck', 'salt': '9DsEdDEy', 'md5': 'd8c7980e006e89d3553e7c2cb1f23f1a', 'sha1': 'e99e9d8d8afed8e4a2b301187a8b2011a599d8e4', 'sha256': '7334955dd411d922ead0c1379e098a008688a44ea8a3274c63b41cb5444a7191'}, 'dob': {'date': '1947-10-26T16:14:22.838Z', 'age': 76}, 'registered': {'date': '2006-05-08T10:35:07.629Z', 'age': 18}, 'phone': '027-10334894', 'cell': '0931-482-3881', 'id': {'name': '', 'value': None}, 'picture': {'large': 'https://randomuser.me/api/portraits/women/4.jpg', 'medium': 'https://randomuser.me/api/portraits/med/women/4.jpg', 'thumbnail': 'https://randomuser.me/api/portraits/thumb/women/4.jpg'}, 'nat': 'IR'}], 'info': {'seed': '39ee5654c3cf73ad', 'results': 1, 'page': 1, 'version': '1.4'}}</msg>
<arg>${json_data}</arg>
<doc>Logs the given message with the given level.</doc>
<status status="PASS" start="2024-05-24T23:13:42.512664" elapsed="0.000227"/>
</kw>
<kw name="Dictionary Should Contain Key" owner="Collections">
<msg time="2024-05-24T23:13:42.513350" level="INFO">False</msg>
<arg>${json_data}</arg>
<arg>results</arg>
<doc>Fails if ``key`` is not found from ``dictionary``.</doc>
<status status="PASS" start="2024-05-24T23:13:42.513192" elapsed="0.000196"/>
</kw>
<kw name="Should Not Be Empty" owner="BuiltIn">
<msg time="2024-05-24T23:13:42.513826" level="INFO">Length is 2.</msg>
<arg>${json_data}</arg>
<doc>Verifies that the given item is not empty.</doc>
<status status="PASS" start="2024-05-24T23:13:42.513687" elapsed="0.000177"/>
</kw>
<kw name="Create List" owner="BuiltIn">
<msg time="2024-05-24T23:13:42.514470" level="INFO">${expected_keys} = ['gender', 'name', 'location', 'email', 'login']</msg>
<var>${expected_keys}</var>
<arg>gender</arg>
<arg>name</arg>
<arg>location</arg>
<arg>email</arg>
<arg>login</arg>
<doc>Returns a list containing given items.</doc>
<status status="PASS" start="2024-05-24T23:13:42.514158" elapsed="0.000337"/>
</kw>
<for flavor="IN">
<iter>
<kw name="Dictionary Should Contain Key" owner="Collections">
<msg time="2024-05-24T23:13:42.515529" level="INFO">False</msg>
<arg>${json_data['results'][0]}</arg>
<arg>${key}</arg>
<doc>Fails if ``key`` is not found from ``dictionary``.</doc>
<status status="PASS" start="2024-05-24T23:13:42.515118" elapsed="0.000450"/>
</kw>
<kw name="Log" owner="BuiltIn">
<msg time="2024-05-24T23:13:42.516249" level="INFO">{'gender': 'female', 'name': {'title': 'Miss', 'first': 'درسا', 'last': 'سلطانی نژاد'}, 'location': {'street': {'number': 5503, 'name': 'امام خمینی'}, 'city': 'اراک', 'state': 'کهگیلویه و بویراحمد', 'country': 'Iran', 'postcode': 97959, 'coordinates': {'latitude': '16.0046', 'longitude': '114.1658'}, 'timezone': {'offset': '+5:00', 'description': 'Ekaterinburg, Islamabad, Karachi, Tashkent'}}, 'email': 'drs.sltnynjd@example.com', 'login': {'uuid': '550b820e-ff74-4707-b65d-180304c11456', 'username': 'smallbutterfly580', 'password': 'duck', 'salt': '9DsEdDEy', 'md5': 'd8c7980e006e89d3553e7c2cb1f23f1a', 'sha1': 'e99e9d8d8afed8e4a2b301187a8b2011a599d8e4', 'sha256': '7334955dd411d922ead0c1379e098a008688a44ea8a3274c63b41cb5444a7191'}, 'dob': {'date': '1947-10-26T16:14:22.838Z', 'age': 76}, 'registered': {'date': '2006-05-08T10:35:07.629Z', 'age': 18}, 'phone': '027-10334894', 'cell': '0931-482-3881', 'id': {'name': '', 'value': None}, 'picture': {'large': 'https://randomuser.me/api/portraits/women/4.jpg', 'medium': 'https://randomuser.me/api/portraits/med/women/4.jpg', 'thumbnail': 'https://randomuser.me/api/portraits/thumb/women/4.jpg'}, 'nat': 'IR'}</msg>
<arg>${json_data['results'][0]}</arg>
<doc>Logs the given message with the given level.</doc>
<status status="PASS" start="2024-05-24T23:13:42.515872" elapsed="0.000430"/>
</kw>
<kw name="Log" owner="BuiltIn">
<msg time="2024-05-24T23:13:42.516737" level="INFO">gender</msg>
<arg>${key}</arg>
<doc>Logs the given message with the given level.</doc>
<status status="PASS" start="2024-05-24T23:13:42.516607" elapsed="0.000168"/>
</kw>
<var name="${key}">gender</var>
<status status="PASS" start="2024-05-24T23:13:42.514990" elapsed="0.002003"/>
</iter>
<iter>
<kw name="Dictionary Should Contain Key" owner="Collections">
<msg time="2024-05-24T23:13:42.517723" level="INFO">False</msg>
<arg>${json_data['results'][0]}</arg>
<arg>${key}</arg>
<doc>Fails if ``key`` is not found from ``dictionary``.</doc>
<status status="PASS" start="2024-05-24T23:13:42.517300" elapsed="0.000461"/>
</kw>
<kw name="Log" owner="BuiltIn">
<msg time="2024-05-24T23:13:42.518427" level="INFO">{'gender': 'female', 'name': {'title': 'Miss', 'first': 'درسا', 'last': 'سلطانی نژاد'}, 'location': {'street': {'number': 5503, 'name': 'امام خمینی'}, 'city': 'اراک', 'state': 'کهگیلویه و بویراحمد', 'country': 'Iran', 'postcode': 97959, 'coordinates': {'latitude': '16.0046', 'longitude': '114.1658'}, 'timezone': {'offset': '+5:00', 'description': 'Ekaterinburg, Islamabad, Karachi, Tashkent'}}, 'email': 'drs.sltnynjd@example.com', 'login': {'uuid': '550b820e-ff74-4707-b65d-180304c11456', 'username': 'smallbutterfly580', 'password': 'duck', 'salt': '9DsEdDEy', 'md5': 'd8c7980e006e89d3553e7c2cb1f23f1a', 'sha1': 'e99e9d8d8afed8e4a2b301187a8b2011a599d8e4', 'sha256': '7334955dd411d922ead0c1379e098a008688a44ea8a3274c63b41cb5444a7191'}, 'dob': {'date': '1947-10-26T16:14:22.838Z', 'age': 76}, 'registered': {'date': '2006-05-08T10:35:07.629Z', 'age': 18}, 'phone': '027-10334894', 'cell': '0931-482-3881', 'id': {'name': '', 'value': None}, 'picture': {'large': 'https://randomuser.me/api/portraits/women/4.jpg', 'medium': 'https://randomuser.me/api/portraits/med/women/4.jpg', 'thumbnail': 'https://randomuser.me/api/portraits/thumb/women/4.jpg'}, 'nat': 'IR'}</msg>
<arg>${json_data['results'][0]}</arg>
<doc>Logs the given message with the given level.</doc>
<status status="PASS" start="2024-05-24T23:13:42.518063" elapsed="0.000416"/>
</kw>
<kw name="Log" owner="BuiltIn">
<msg time="2024-05-24T23:13:42.518939" level="INFO">name</msg>
<arg>${key}</arg>
<doc>Logs the given message with the given level.</doc>
<status status="PASS" start="2024-05-24T23:13:42.518807" elapsed="0.000169"/>
</kw>
<var name="${key}">name</var>
<status status="PASS" start="2024-05-24T23:13:42.517182" elapsed="0.002011"/>
</iter>
<iter>
<kw name="Dictionary Should Contain Key" owner="Collections">
<msg time="2024-05-24T23:13:42.519871" level="INFO">False</msg>
<arg>${json_data['results'][0]}</arg>
<arg>${key}</arg>
<doc>Fails if ``key`` is not found from ``dictionary``.</doc>
<status status="PASS" start="2024-05-24T23:13:42.519492" elapsed="0.000418"/>
</kw>
<kw name="Log" owner="BuiltIn">
<msg time="2024-05-24T23:13:42.520581" level="INFO">{'gender': 'female', 'name': {'title': 'Miss', 'first': 'درسا', 'last': 'سلطانی نژاد'}, 'location': {'street': {'number': 5503, 'name': 'امام خمینی'}, 'city': 'اراک', 'state': 'کهگیلویه و بویراحمد', 'country': 'Iran', 'postcode': 97959, 'coordinates': {'latitude': '16.0046', 'longitude': '114.1658'}, 'timezone': {'offset': '+5:00', 'description': 'Ekaterinburg, Islamabad, Karachi, Tashkent'}}, 'email': 'drs.sltnynjd@example.com', 'login': {'uuid': '550b820e-ff74-4707-b65d-180304c11456', 'username': 'smallbutterfly580', 'password': 'duck', 'salt': '9DsEdDEy', 'md5': 'd8c7980e006e89d3553e7c2cb1f23f1a', 'sha1': 'e99e9d8d8afed8e4a2b301187a8b2011a599d8e4', 'sha256': '7334955dd411d922ead0c1379e098a008688a44ea8a3274c63b41cb5444a7191'}, 'dob': {'date': '1947-10-26T16:14:22.838Z', 'age': 76}, 'registered': {'date': '2006-05-08T10:35:07.629Z', 'age': 18}, 'phone': '027-10334894', 'cell': '0931-482-3881', 'id': {'name': '', 'value': None}, 'picture': {'large': 'https://randomuser.me/api/portraits/women/4.jpg', 'medium': 'https://randomuser.me/api/portraits/med/women/4.jpg', 'thumbnail': 'https://randomuser.me/api/portraits/thumb/women/4.jpg'}, 'nat': 'IR'}</msg>
<arg>${json_data['results'][0]}</arg>
<doc>Logs the given message with the given level.</doc>
<status status="PASS" start="2024-05-24T23:13:42.520207" elapsed="0.000436"/>
</kw>
<kw name="Log" owner="BuiltIn">
<msg time="2024-05-24T23:13:42.521075" level="INFO">location</msg>
<arg>${key}</arg>
<doc>Logs the given message with the given level.</doc>
<status status="PASS" start="2024-05-24T23:13:42.520948" elapsed="0.000165"/>
</kw>
<var name="${key}">location</var>
<status status="PASS" start="2024-05-24T23:13:42.519373" elapsed="0.001967"/>
</iter>
<iter>
<kw name="Dictionary Should Contain Key" owner="Collections">
<msg time="2024-05-24T23:13:42.522009" level="INFO">False</msg>
<arg>${json_data['results'][0]}</arg>
<arg>${key}</arg>
<doc>Fails if ``key`` is not found from ``dictionary``.</doc>
<status status="PASS" start="2024-05-24T23:13:42.521628" elapsed="0.000419"/>
</kw>
<kw name="Log" owner="BuiltIn">
<msg time="2024-05-24T23:13:42.522755" level="INFO">{'gender': 'female', 'name': {'title': 'Miss', 'first': 'درسا', 'last': 'سلطانی نژاد'}, 'location': {'street': {'number': 5503, 'name': 'امام خمینی'}, 'city': 'اراک', 'state': 'کهگیلویه و بویراحمد', 'country': 'Iran', 'postcode': 97959, 'coordinates': {'latitude': '16.0046', 'longitude': '114.1658'}, 'timezone': {'offset': '+5:00', 'description': 'Ekaterinburg, Islamabad, Karachi, Tashkent'}}, 'email': 'drs.sltnynjd@example.com', 'login': {'uuid': '550b820e-ff74-4707-b65d-180304c11456', 'username': 'smallbutterfly580', 'password': 'duck', 'salt': '9DsEdDEy', 'md5': 'd8c7980e006e89d3553e7c2cb1f23f1a', 'sha1': 'e99e9d8d8afed8e4a2b301187a8b2011a599d8e4', 'sha256': '7334955dd411d922ead0c1379e098a008688a44ea8a3274c63b41cb5444a7191'}, 'dob': {'date': '1947-10-26T16:14:22.838Z', 'age': 76}, 'registered': {'date': '2006-05-08T10:35:07.629Z', 'age': 18}, 'phone': '027-10334894', 'cell': '0931-482-3881', 'id': {'name': '', 'value': None}, 'picture': {'large': 'https://randomuser.me/api/portraits/women/4.jpg', 'medium': 'https://randomuser.me/api/portraits/med/women/4.jpg', 'thumbnail': 'https://randomuser.me/api/portraits/thumb/women/4.jpg'}, 'nat': 'IR'}</msg>
<arg>${json_data['results'][0]}</arg>
<doc>Logs the given message with the given level.</doc>
<status status="PASS" start="2024-05-24T23:13:42.522350" elapsed="0.000458"/>
</kw>
<kw name="Log" owner="BuiltIn">
<msg time="2024-05-24T23:13:42.523245" level="INFO">email</msg>
<arg>${key}</arg>
<doc>Logs the given message with the given level.</doc>
<status status="PASS" start="2024-05-24T23:13:42.523115" elapsed="0.000167"/>
</kw>
<var name="${key}">email</var>
<status status="PASS" start="2024-05-24T23:13:42.521516" elapsed="0.001983"/>
</iter>
<iter>
<kw name="Dictionary Should Contain Key" owner="Collections">
<msg time="2024-05-24T23:13:42.524173" level="INFO">False</msg>
<arg>${json_data['results'][0]}</arg>
<arg>${key}</arg>
<doc>Fails if ``key`` is not found from ``dictionary``.</doc>
<status status="PASS" start="2024-05-24T23:13:42.523786" elapsed="0.000425"/>
</kw>
<kw name="Log" owner="BuiltIn">
<msg time="2024-05-24T23:13:42.524866" level="INFO">{'gender': 'female', 'name': {'title': 'Miss', 'first': 'درسا', 'last': 'سلطانی نژاد'}, 'location': {'street': {'number': 5503, 'name': 'امام خمینی'}, 'city': 'اراک', 'state': 'کهگیلویه و بویراحمد', 'country': 'Iran', 'postcode': 97959, 'coordinates': {'latitude': '16.0046', 'longitude': '114.1658'}, 'timezone': {'offset': '+5:00', 'description': 'Ekaterinburg, Islamabad, Karachi, Tashkent'}}, 'email': 'drs.sltnynjd@example.com', 'login': {'uuid': '550b820e-ff74-4707-b65d-180304c11456', 'username': 'smallbutterfly580', 'password': 'duck', 'salt': '9DsEdDEy', 'md5': 'd8c7980e006e89d3553e7c2cb1f23f1a', 'sha1': 'e99e9d8d8afed8e4a2b301187a8b2011a599d8e4', 'sha256': '7334955dd411d922ead0c1379e098a008688a44ea8a3274c63b41cb5444a7191'}, 'dob': {'date': '1947-10-26T16:14:22.838Z', 'age': 76}, 'registered': {'date': '2006-05-08T10:35:07.629Z', 'age': 18}, 'phone': '027-10334894', 'cell': '0931-482-3881', 'id': {'name': '', 'value': None}, 'picture': {'large': 'https://randomuser.me/api/portraits/women/4.jpg', 'medium': 'https://randomuser.me/api/portraits/med/women/4.jpg', 'thumbnail': 'https://randomuser.me/api/portraits/thumb/women/4.jpg'}, 'nat': 'IR'}</msg>
<arg>${json_data['results'][0]}</arg>
<doc>Logs the given message with the given level.</doc>
<status status="PASS" start="2024-05-24T23:13:42.524506" elapsed="0.000411"/>
</kw>
<kw name="Log" owner="BuiltIn">
<msg time="2024-05-24T23:13:42.525367" level="INFO">login</msg>
<arg>${key}</arg>
<doc>Logs the given message with the given level.</doc>
<status status="PASS" start="2024-05-24T23:13:42.525240" elapsed="0.000165"/>
</kw>
<var name="${key}">login</var>
<status status="PASS" start="2024-05-24T23:13:42.523674" elapsed="0.001962"/>
</iter>
<var>${key}</var>
<value>@{expected_keys}</value>
<status status="PASS" start="2024-05-24T23:13:42.514797" elapsed="0.010963"/>
</for>
<kw name="Create List" owner="BuiltIn">
<msg time="2024-05-24T23:13:42.526090" level="INFO">${expected_keysTwo} = ['username', 'password']</msg>
<var>${expected_keysTwo}</var>
<arg>username</arg>
<arg>password</arg>
<doc>Returns a list containing given items.</doc>
<status status="PASS" start="2024-05-24T23:13:42.525954" elapsed="0.000160"/>
</kw>
<for flavor="IN">
<iter>
<kw name="Dictionary Should Contain Key" owner="Collections">
<msg time="2024-05-24T23:13:42.527047" level="INFO">False</msg>
<arg>${json_data['results'][0]['login']}</arg>
<arg>${keyTwo}</arg>
<doc>Fails if ``key`` is not found from ``dictionary``.</doc>
<status status="PASS" start="2024-05-24T23:13:42.526645" elapsed="0.000440"/>
</kw>
<kw name="Dictionary Should Contain Key" owner="Collections">
<msg time="2024-05-24T23:13:42.527776" level="INFO">False</msg>
<arg>${json_data['results'][0]['login']}</arg>
<arg>${keyTwo}</arg>
<doc>Fails if ``key`` is not found from ``dictionary``.</doc>
<status status="PASS" start="2024-05-24T23:13:42.527386" elapsed="0.000428"/>
</kw>
<kw name="Log" owner="BuiltIn">
<msg time="2024-05-24T23:13:42.528236" level="INFO">username</msg>
<arg>${keyTwo}</arg>
<doc>Logs the given message with the given level.</doc>
<status status="PASS" start="2024-05-24T23:13:42.528108" elapsed="0.000166"/>
</kw>
<var name="${keyTwo}">username</var>
<status status="PASS" start="2024-05-24T23:13:42.526503" elapsed="0.001986"/>
</iter>
<iter>
<kw name="Dictionary Should Contain Key" owner="Collections">
<msg time="2024-05-24T23:13:42.529153" level="INFO">False</msg>
<arg>${json_data['results'][0]['login']}</arg>
<arg>${keyTwo}</arg>
<doc>Fails if ``key`` is not found from ``dictionary``.</doc>
<status status="PASS" start="2024-05-24T23:13:42.528778" elapsed="0.000413"/>
</kw>
<kw name="Dictionary Should Contain Key" owner="Collections">
<msg time="2024-05-24T23:13:42.529946" level="INFO">False</msg>
<arg>${json_data['results'][0]['login']}</arg>
<arg>${keyTwo}</arg>
<doc>Fails if ``key`` is not found from ``dictionary``.</doc>
<status status="PASS" start="2024-05-24T23:13:42.529484" elapsed="0.000503"/>
</kw>
<kw name="Log" owner="BuiltIn">
<msg time="2024-05-24T23:13:42.530413" level="INFO">password</msg>
<arg>${keyTwo}</arg>
<doc>Logs the given message with the given level.</doc>
<status status="PASS" start="2024-05-24T23:13:42.530286" elapsed="0.000164"/>
</kw>
<var name="${keyTwo}">password</var>
<status status="PASS" start="2024-05-24T23:13:42.528662" elapsed="0.002037"/>
</iter>
<var>${keyTwo}</var>
<value>@{expected_keysTwo}</value>
<status status="PASS" start="2024-05-24T23:13:42.526348" elapsed="0.004478"/>
</for>
<status status="PASS" start="2024-05-24T23:13:42.413047" elapsed="0.117923"/>
</kw>
<doc>Testa a estrutura da resposta da API.</doc>
<tag>testeEstruturaResposta</tag>
<status status="PASS" start="2024-05-24T23:13:42.412452" elapsed="0.118676"/>
</test>
<test id="s1-s1-t4" name="Validar tipos de dados" line="28">
<kw name="Teste de Tipos de Dados" owner="random-user-service">
<kw name="GET On Session" owner="RequestsLibrary">
<msg time="2024-05-24T23:13:42.605163" level="INFO">GET Request : url=https://randomuser.me/api 
 path_url=/api 
 headers={'User-Agent': 'python-requests/2.32.2', 'Accept-Encoding': 'gzip, deflate', 'Accept': '*/*', 'Connection': 'keep-alive'} 
 body=None 
 </msg>
<msg time="2024-05-24T23:13:42.605268" level="INFO">GET Response : url=https://randomuser.me/api 
 status=200, reason=OK 
 headers={'Date': 'Fri, 24 May 2024 23:13:42 GMT', 'Content-Type': 'application/json; charset=utf-8', 'Transfer-Encoding': 'chunked', 'Connection': 'keep-alive', 'X-Powered-By': 'Express', 'Access-Control-Allow-Origin': '*', 'Cache-Control': 'no-cache', 'ETag': 'W/"4b0-ZcfkUYXyQx88bLzQeV/U0H71/8Q"', 'Vary': 'Accept-Encoding', 'Content-Encoding': 'gzip', 'CF-Cache-Status': 'DYNAMIC', 'Report-To': '{"endpoints":[{"url":"https:\\/\\/a.nel.cloudflare.com\\/report\\/v4?s=cJzaIUZ2wdupg09V5kQUbBAaR%2FQsI5KD237vQSGmadZrhioY6n1QRfeZXivvMOPIeeJaxPcIbyJ7u4cR59yU73mytsRzYeME6gascmt38OfIx75aubZmnc9Jv4LZJOe%2F"}],"group":"cf-nel","max_age":604800}', 'NEL': '{"success_fraction":0,"report_to":"cf-nel","max_age":604800}', 'Server': 'cloudflare', 'CF-RAY': '8890fa50dbfc2048-IAD', 'alt-svc': 'h3=":443"; ma=86400'} 
 body={"results":[{"gender":"male","name":{"title":"Mr","first":"Arnoldo","last":"Olivares"},"location":{"street":{"number":7864,"name":"Periférico Papua Nueva Guinea"},"city":"El Molino","state":"Chihuahua","country":"Mexico","postcode":71812,"coordinates":{"latitude":"22.9275","longitude":"-118.3807"},"timezone":{"offset":"+11:00","description":"Magadan, Solomon Islands, New Caledonia"}},"email":"arnoldo.olivares@example.com","login":{"uuid":"1afcc42a-7ec7-432b-812c-7072f03c7cd5","username":"bluerabbit504","password":"band","salt":"D6XDnkRG","md5":"76649cef8153b994b43c68fe1057449b","sha1":"cee376a97308592ab6bd94768de5671abf0388e4","sha256":"2ac2257de449e5efa2a23da45912bf43b16145260029db5485a14a7923d429cd"},"dob":{"date":"1945-08-06T15:16:55.151Z","age":78},"registered":{"date":"2012-02-11T22:28:50.094Z","age":12},"phone":"(690) 284 8834","cell":"(679) 879 9956","id":{"name":"NSS","value":"04 68 72 2306 5"},"picture":{"large":"https://randomuser.me/api/portraits/men/15.jpg","medium":"https://randomuser.me/api/portraits/med/men/15.jpg","thumbnail":"https://randomuser.me/api/portraits/thumb/men/15.jpg"},"nat":"MX"}],"info":{"seed":"99c836ad49e5e067","results":1,"page":1,"version":"1.4"}} 
 </msg>
<msg time="2024-05-24T23:13:42.605353" level="INFO">/opt/hostedtoolcache/Python/3.12.3/x64/lib/python3.12/site-packages/urllib3/connectionpool.py:1103: InsecureRequestWarning: Unverified HTTPS request is being made to host 'randomuser.me'. Adding certificate verification is strongly advised. See: https://urllib3.readthedocs.io/en/latest/advanced-usage.html#tls-warnings
  warnings.warn(</msg>
<msg time="2024-05-24T23:13:42.605490" level="INFO">${response} = &lt;Response [200]&gt;</msg>
<var>${response}</var>
<arg>consultarAPI</arg>
<arg>/api</arg>
<doc>Sends a GET request on a previously created HTTP Session.</doc>
<status status="PASS" start="2024-05-24T23:13:42.533650" elapsed="0.071892"/>
</kw>
<kw name="Set Variable" owner="BuiltIn">
<msg time="2024-05-24T23:13:42.606802" level="INFO">${json_data} = {'results': [{'gender': 'male', 'name': {'title': 'Mr', 'first': 'Arnoldo', 'last': 'Olivares'}, 'location': {'street': {'number': 7864, 'name': 'Periférico Papua Nueva Guinea'}, 'city': 'El Molino', ...</msg>
<var>${json_data}</var>
<arg>${response.json()}</arg>
<doc>Returns the given values which can then be assigned to a variables.</doc>
<status status="PASS" start="2024-05-24T23:13:42.606177" elapsed="0.000655"/>
</kw>
<kw name="Log" owner="BuiltIn">
<msg time="2024-05-24T23:13:42.607315" level="INFO">{'results': [{'gender': 'male', 'name': {'title': 'Mr', 'first': 'Arnoldo', 'last': 'Olivares'}, 'location': {'street': {'number': 7864, 'name': 'Periférico Papua Nueva Guinea'}, 'city': 'El Molino', 'state': 'Chihuahua', 'country': 'Mexico', 'postcode': 71812, 'coordinates': {'latitude': '22.9275', 'longitude': '-118.3807'}, 'timezone': {'offset': '+11:00', 'description': 'Magadan, Solomon Islands, New Caledonia'}}, 'email': 'arnoldo.olivares@example.com', 'login': {'uuid': '1afcc42a-7ec7-432b-812c-7072f03c7cd5', 'username': 'bluerabbit504', 'password': 'band', 'salt': 'D6XDnkRG', 'md5': '76649cef8153b994b43c68fe1057449b', 'sha1': 'cee376a97308592ab6bd94768de5671abf0388e4', 'sha256': '2ac2257de449e5efa2a23da45912bf43b16145260029db5485a14a7923d429cd'}, 'dob': {'date': '1945-08-06T15:16:55.151Z', 'age': 78}, 'registered': {'date': '2012-02-11T22:28:50.094Z', 'age': 12}, 'phone': '(690) 284 8834', 'cell': '(679) 879 9956', 'id': {'name': 'NSS', 'value': '04 68 72 2306 5'}, 'picture': {'large': 'https://randomuser.me/api/portraits/men/15.jpg', 'medium': 'https://randomuser.me/api/portraits/med/men/15.jpg', 'thumbnail': 'https://randomuser.me/api/portraits/thumb/men/15.jpg'}, 'nat': 'MX'}], 'info': {'seed': '99c836ad49e5e067', 'results': 1, 'page': 1, 'version': '1.4'}}</msg>
<arg>${json_data}</arg>
<doc>Logs the given message with the given level.</doc>
<status status="PASS" start="2024-05-24T23:13:42.607154" elapsed="0.000250"/>
</kw>
<kw name="Should Be String" owner="String">
<arg>${json_data['results'][0]['gender']}</arg>
<doc>Fails if the given ``item`` is not a string.</doc>
<status status="PASS" start="2024-05-24T23:13:42.607707" elapsed="0.000361"/>
</kw>
<kw name="Should Match Regexp" owner="BuiltIn">
<arg>${json_data['results'][0]['email']}</arg>
<arg>^[a-zA-Z0-9._%+-]+@[a-zA-Z0-9.-]+\.[a-zA-Z]{2,}$</arg>
<doc>Fails if ``string`` does not match ``pattern`` as a regular expression.</doc>
<status status="PASS" start="2024-05-24T23:13:42.608263" elapsed="0.000530"/>
</kw>
<kw name="Should Match Regexp" owner="BuiltIn">
<arg>${json_data['results'][0]['dob']['date']}</arg>
<arg>\\d{4}-\\d{2}-\\d{2}T\\d{2}:\\d{2}:\\d{2}\\.\\d{3}Z</arg>
<doc>Fails if ``string`` does not match ``pattern`` as a regular expression.</doc>
<status status="PASS" start="2024-05-24T23:13:42.608991" elapsed="0.000483"/>
</kw>
<kw name="Should Match Regexp" owner="BuiltIn">
<arg>${json_data['results'][0]['registered']['date']}</arg>
<arg>\\d{4}-\\d{2}-\\d{2}T\\d{2}:\\d{2}:\\d{2}\\.\\d{3}Z</arg>
<doc>Fails if ``string`` does not match ``pattern`` as a regular expression.</doc>
<status status="PASS" start="2024-05-24T23:13:42.609667" elapsed="0.000375"/>
</kw>
<kw name="Should Match Regexp" owner="BuiltIn">
<arg>${json_data['results'][0]['picture']['large']}</arg>
<arg>^https?://.*\.(?:png|jpe?g|gif|bmp)$</arg>
<doc>Fails if ``string`` does not match ``pattern`` as a regular expression.</doc>
<status status="PASS" start="2024-05-24T23:13:42.610230" elapsed="0.000487"/>
</kw>
<kw name="Should Match Regexp" owner="BuiltIn">
<arg>${json_data['results'][0]['picture']['medium']}</arg>
<arg>^https?://.*\.(?:png|jpe?g|gif|bmp)$</arg>
<doc>Fails if ``string`` does not match ``pattern`` as a regular expression.</doc>
<status status="PASS" start="2024-05-24T23:13:42.610912" elapsed="0.000371"/>
</kw>
<kw name="Should Match Regexp" owner="BuiltIn">
<arg>${json_data['results'][0]['picture']['thumbnail']}</arg>
<arg>^https?://.*\.(?:png|jpe?g|gif|bmp)$</arg>
<doc>Fails if ``string`` does not match ``pattern`` as a regular expression.</doc>
<status status="PASS" start="2024-05-24T23:13:42.611473" elapsed="0.000348"/>
</kw>
<kw name="Log" owner="BuiltIn">
<msg time="2024-05-24T23:13:42.612330" level="INFO">{'large': 'https://randomuser.me/api/portraits/men/15.jpg', 'medium': 'https://randomuser.me/api/portraits/med/men/15.jpg', 'thumbnail': 'https://randomuser.me/api/portraits/thumb/men/15.jpg'}</msg>
<arg>${json_data['results'][0]['picture']}</arg>
<doc>Logs the given message with the given level.</doc>
<status status="PASS" start="2024-05-24T23:13:42.612009" elapsed="0.000364"/>
</kw>
<status status="PASS" start="2024-05-24T23:13:42.533413" elapsed="0.079218"/>
</kw>
<kw name="Teste de Tipos de Dados - Postcode" owner="random-user-service">
<kw name="GET On Session" owner="RequestsLibrary">
<msg time="2024-05-24T23:13:42.711024" level="INFO">GET Request : url=https://randomuser.me/api 
 path_url=/api 
 headers={'User-Agent': 'python-requests/2.32.2', 'Accept-Encoding': 'gzip, deflate', 'Accept': '*/*', 'Connection': 'keep-alive'} 
 body=None 
 </msg>
<msg time="2024-05-24T23:13:42.711123" level="INFO">GET Response : url=https://randomuser.me/api 
 status=200, reason=OK 
 headers={'Date': 'Fri, 24 May 2024 23:13:42 GMT', 'Content-Type': 'application/json; charset=utf-8', 'Transfer-Encoding': 'chunked', 'Connection': 'keep-alive', 'X-Powered-By': 'Express', 'Access-Control-Allow-Origin': '*', 'Cache-Control': 'no-cache', 'ETag': 'W/"48f-Cdz+7QdEYtJmOOlSQWfpwBTi3h8"', 'Vary': 'Accept-Encoding', 'Content-Encoding': 'gzip', 'CF-Cache-Status': 'DYNAMIC', 'Report-To': '{"endpoints":[{"url":"https:\\/\\/a.nel.cloudflare.com\\/report\\/v4?s=bZCCKCVD31yNKqc119IaTsCOTEoBp9jVYgCrLzQDPQbdGvw5Ww8p%2BMRBIAy1AmQXzuvx3WNN8lO4puPTDR62UGkLuzt%2BqBHxuEF5O6mq6Sf99rMATS81hwUmdKc8TcIo"}],"group":"cf-nel","max_age":604800}', 'NEL': '{"success_fraction":0,"report_to":"cf-nel","max_age":604800}', 'Server': 'cloudflare', 'CF-RAY': '8890fa515c952048-IAD', 'alt-svc': 'h3=":443"; ma=86400'} 
 body={"results":[{"gender":"female","name":{"title":"Ms","first":"Belén","last":"Duran"},"location":{"street":{"number":4796,"name":"Calle de Téllez"},"city":"Santa Cruz de Tenerife","state":"Cataluña","country":"Spain","postcode":79793,"coordinates":{"latitude":"-35.1823","longitude":"73.9052"},"timezone":{"offset":"-11:00","description":"Midway Island, Samoa"}},"email":"belen.duran@example.com","login":{"uuid":"23f07bc6-c59f-4764-b048-96926eb195ee","username":"orangemouse493","password":"core","salt":"uM9Dyt0a","md5":"c691b4b8a89d96c52ded02b96f4bf31d","sha1":"ad19c2e72e593f315a6290d5abde88fd9d098223","sha256":"0b32a221e00bfac41491897bdc7bab39aed1d39ef4fce183e92dabe0cd4e8264"},"dob":{"date":"1979-08-21T10:08:47.727Z","age":44},"registered":{"date":"2005-08-06T17:45:26.255Z","age":18},"phone":"987-063-991","cell":"682-623-271","id":{"name":"DNI","value":"44656125-P"},"picture":{"large":"https://randomuser.me/api/portraits/women/40.jpg","medium":"https://randomuser.me/api/portraits/med/women/40.jpg","thumbnail":"https://randomuser.me/api/portraits/thumb/women/40.jpg"},"nat":"ES"}],"info":{"seed":"874b5f9f13808d4e","results":1,"page":1,"version":"1.4"}} 
 </msg>
<msg time="2024-05-24T23:13:42.711194" level="INFO">/opt/hostedtoolcache/Python/3.12.3/x64/lib/python3.12/site-packages/urllib3/connectionpool.py:1103: InsecureRequestWarning: Unverified HTTPS request is being made to host 'randomuser.me'. Adding certificate verification is strongly advised. See: https://urllib3.readthedocs.io/en/latest/advanced-usage.html#tls-warnings
  warnings.warn(</msg>
<msg time="2024-05-24T23:13:42.711326" level="INFO">${response} = &lt;Response [200]&gt;</msg>
<var>${response}</var>
<arg>consultarAPI</arg>
<arg>/api</arg>
<doc>Sends a GET request on a previously created HTTP Session.</doc>
<status status="PASS" start="2024-05-24T23:13:42.613105" elapsed="0.098260"/>
</kw>
<kw name="Set Variable" owner="BuiltIn">
<msg time="2024-05-24T23:13:42.712572" level="INFO">${json_data} = {'results': [{'gender': 'female', 'name': {'title': 'Ms', 'first': 'Belén', 'last': 'Duran'}, 'location': {'street': {'number': 4796, 'name': 'Calle de Téllez'}, 'city': 'Santa Cruz de Tenerife', 'sta...</msg>
<var>${json_data}</var>
<arg>${response.json()}</arg>
<doc>Returns the given values which can then be assigned to a variables.</doc>
<status status="PASS" start="2024-05-24T23:13:42.711992" elapsed="0.000610"/>
</kw>
<kw name="Log" owner="BuiltIn">
<msg time="2024-05-24T23:13:42.713075" level="INFO">{'results': [{'gender': 'female', 'name': {'title': 'Ms', 'first': 'Belén', 'last': 'Duran'}, 'location': {'street': {'number': 4796, 'name': 'Calle de Téllez'}, 'city': 'Santa Cruz de Tenerife', 'state': 'Cataluña', 'country': 'Spain', 'postcode': 79793, 'coordinates': {'latitude': '-35.1823', 'longitude': '73.9052'}, 'timezone': {'offset': '-11:00', 'description': 'Midway Island, Samoa'}}, 'email': 'belen.duran@example.com', 'login': {'uuid': '23f07bc6-c59f-4764-b048-96926eb195ee', 'username': 'orangemouse493', 'password': 'core', 'salt': 'uM9Dyt0a', 'md5': 'c691b4b8a89d96c52ded02b96f4bf31d', 'sha1': 'ad19c2e72e593f315a6290d5abde88fd9d098223', 'sha256': '0b32a221e00bfac41491897bdc7bab39aed1d39ef4fce183e92dabe0cd4e8264'}, 'dob': {'date': '1979-08-21T10:08:47.727Z', 'age': 44}, 'registered': {'date': '2005-08-06T17:45:26.255Z', 'age': 18}, 'phone': '987-063-991', 'cell': '682-623-271', 'id': {'name': 'DNI', 'value': '44656125-P'}, 'picture': {'large': 'https://randomuser.me/api/portraits/women/40.jpg', 'medium': 'https://randomuser.me/api/portraits/med/women/40.jpg', 'thumbnail': 'https://randomuser.me/api/portraits/thumb/women/40.jpg'}, 'nat': 'ES'}], 'info': {'seed': '874b5f9f13808d4e', 'results': 1, 'page': 1, 'version': '1.4'}}</msg>
<arg>${json_data}</arg>
<doc>Logs the given message with the given level.</doc>
<status status="PASS" start="2024-05-24T23:13:42.712917" elapsed="0.000245"/>
</kw>
<kw name="Should Be Equal As Numbers" owner="BuiltIn">
<arg>${json_data['results'][0]['location']['postcode']}</arg>
<arg>${json_data['results'][0]['location']['postcode']}</arg>
<doc>Fails if objects are unequal after converting them to real numbers.</doc>
<status status="PASS" start="2024-05-24T23:13:42.713468" elapsed="0.000805"/>
</kw>
<kw name="Log" owner="BuiltIn">
<msg time="2024-05-24T23:13:42.714855" level="INFO">79793</msg>
<arg>${json_data['results'][0]['location']['postcode']}</arg>
<doc>Logs the given message with the given level.</doc>
<status status="PASS" start="2024-05-24T23:13:42.714469" elapsed="0.000428"/>
</kw>
<status status="PASS" start="2024-05-24T23:13:42.612867" elapsed="0.102318"/>
</kw>
<doc>Testa se os tipos de dados na resposta da API estão corretos.</doc>
<tag>testeTiposDados</tag>
<status status="PASS" start="2024-05-24T23:13:42.532881" elapsed="0.182477"/>
</test>
<test id="s1-s1-t5" name="Validar conteudo" line="35">
<kw name="Teste de Tipos de Conteudo" owner="random-user-service">
<kw name="GET On Session" owner="RequestsLibrary">
<msg time="2024-05-24T23:13:42.808777" level="INFO">GET Request : url=https://randomuser.me/api 
 path_url=/api 
 headers={'User-Agent': 'python-requests/2.32.2', 'Accept-Encoding': 'gzip, deflate', 'Accept': '*/*', 'Connection': 'keep-alive'} 
 body=None 
 </msg>
<msg time="2024-05-24T23:13:42.808876" level="INFO">GET Response : url=https://randomuser.me/api 
 status=200, reason=OK 
 headers={'Date': 'Fri, 24 May 2024 23:13:42 GMT', 'Content-Type': 'application/json; charset=utf-8', 'Transfer-Encoding': 'chunked', 'Connection': 'keep-alive', 'X-Powered-By': 'Express', 'Access-Control-Allow-Origin': '*', 'Cache-Control': 'no-cache', 'ETag': 'W/"49b-hf5NFe6l/xt/Ut1KuCaFU2jB0/U"', 'Vary': 'Accept-Encoding', 'Content-Encoding': 'gzip', 'CF-Cache-Status': 'DYNAMIC', 'Report-To': '{"endpoints":[{"url":"https:\\/\\/a.nel.cloudflare.com\\/report\\/v4?s=mHal56xM8d0XwQvzO6T17gens23hQx6WuqDVnl3CaWmJo8bNaiAv%2FshIUw600kITaQSYpVDNY1Ygq7qmNrzY%2Fdclyu31X9D2sOTxqDERZSUrXR2l9BvV1mqzePqADDTb"}],"group":"cf-nel","max_age":604800}', 'NEL': '{"success_fraction":0,"report_to":"cf-nel","max_age":604800}', 'Server': 'cloudflare', 'CF-RAY': '8890fa51fd5d2048-IAD', 'alt-svc': 'h3=":443"; ma=86400'} 
 body={"results":[{"gender":"female","name":{"title":"Ms","first":"Emily","last":"Roy"},"location":{"street":{"number":2636,"name":"Grand Marais Ave"},"city":"Westport","state":"Nova Scotia","country":"Canada","postcode":"S5A 0Y5","coordinates":{"latitude":"-65.2798","longitude":"40.7015"},"timezone":{"offset":"+5:00","description":"Ekaterinburg, Islamabad, Karachi, Tashkent"}},"email":"emily.roy@example.com","login":{"uuid":"6cca48f8-e49a-4603-a8d8-5fcd74e80484","username":"orangegoose966","password":"spankme","salt":"sLPAbn4G","md5":"a563ead75e423541b205685ab30a8307","sha1":"ee64197f4f00869677e544835a6217d122b2cbd6","sha256":"ea3a5b13f8322e7adfea1929e656bb26163874359dbd855d7d2ef8f87d847cc5"},"dob":{"date":"1988-09-11T13:37:29.889Z","age":35},"registered":{"date":"2019-06-06T19:32:01.502Z","age":4},"phone":"I95 A25-2377","cell":"E97 K59-6835","id":{"name":"SIN","value":"715155727"},"picture":{"large":"https://randomuser.me/api/portraits/women/43.jpg","medium":"https://randomuser.me/api/portraits/med/women/43.jpg","thumbnail":"https://randomuser.me/api/portraits/thumb/women/43.jpg"},"nat":"CA"}],"info":{"seed":"a295fb83be37e814","results":1,"page":1,"version":"1.4"}} 
 </msg>
<msg time="2024-05-24T23:13:42.808946" level="INFO">/opt/hostedtoolcache/Python/3.12.3/x64/lib/python3.12/site-packages/urllib3/connectionpool.py:1103: InsecureRequestWarning: Unverified HTTPS request is being made to host 'randomuser.me'. Adding certificate verification is strongly advised. See: https://urllib3.readthedocs.io/en/latest/advanced-usage.html#tls-warnings
  warnings.warn(</msg>
<msg time="2024-05-24T23:13:42.809066" level="INFO">${response} = &lt;Response [200]&gt;</msg>
<var>${response}</var>
<arg>consultarAPI</arg>
<arg>/api</arg>
<doc>Sends a GET request on a previously created HTTP Session.</doc>
<status status="PASS" start="2024-05-24T23:13:42.717873" elapsed="0.091234"/>
</kw>
<kw name="Set Variable" owner="BuiltIn">
<msg time="2024-05-24T23:13:42.810175" level="INFO">${json_data} = {'results': [{'gender': 'female', 'name': {'title': 'Ms', 'first': 'Emily', 'last': 'Roy'}, 'location': {'street': {'number': 2636, 'name': 'Grand Marais Ave'}, 'city': 'Westport', 'state': 'Nova Scot...</msg>
<var>${json_data}</var>
<arg>${response.json()}</arg>
<doc>Returns the given values which can then be assigned to a variables.</doc>
<status status="PASS" start="2024-05-24T23:13:42.809651" elapsed="0.000554"/>
</kw>
<kw name="Set Variable" owner="BuiltIn">
<msg time="2024-05-24T23:13:42.810945" level="INFO">${name_title} = Ms</msg>
<var>${name_title}</var>
<arg>${json_data["results"][0]["name"]["title"]}</arg>
<doc>Returns the given values which can then be assigned to a variables.</doc>
<status status="PASS" start="2024-05-24T23:13:42.810514" elapsed="0.000456"/>
</kw>
<kw name="Create List" owner="BuiltIn">
<msg time="2024-05-24T23:13:42.811420" level="INFO">${allowed_titles} = ['Mr', 'Ms', 'Miss', 'Mrs', 'Madame', 'Monsieur']</msg>
<var>${allowed_titles}</var>
<arg>Mr</arg>
<arg>Ms</arg>
<arg>Miss</arg>
<arg>Mrs</arg>
<arg>Madame</arg>
<arg>Monsieur</arg>
<doc>Returns a list containing given items.</doc>
<status status="PASS" start="2024-05-24T23:13:42.811270" elapsed="0.000175"/>
</kw>
<kw name="List Should Contain Value" owner="Collections">
<msg time="2024-05-24T23:13:42.811923" level="INFO">False</msg>
<arg>${allowed_titles}</arg>
<arg>${name_title}</arg>
<doc>Fails if the ``value`` is not found from ``list``.</doc>
<status status="PASS" start="2024-05-24T23:13:42.811745" elapsed="0.000214"/>
</kw>
<kw name="Set Variable" owner="BuiltIn">
<msg time="2024-05-24T23:13:42.812636" level="INFO">${name_country} = CA</msg>
<var>${name_country}</var>
<arg>${json_data["results"][0]["nat"]}</arg>
<doc>Returns the given values which can then be assigned to a variables.</doc>
<status status="PASS" start="2024-05-24T23:13:42.812251" elapsed="0.000411"/>
</kw>
<kw name="Create List" owner="BuiltIn">
<msg time="2024-05-24T23:13:42.813557" level="INFO">${list_country} = ['AD', 'AE', 'AF', 'AG', 'AI', 'AL', 'AM', 'AO', 'AQ', 'AR', 'AS', 'AT', 'AU', 'AW', 'AX', 'AZ', 'BA', 'BB', 'BD', 'BE', 'BF', 'BG', 'BH', 'BI', 'BJ', 'BL', 'BM', 'BN', 'BO', 'BQ', 'BR', 'BS', 'BT', '...</msg>
<var>${list_country}</var>
<arg>AD</arg>
<arg>AE</arg>
<arg>AF</arg>
<arg>AG</arg>
<arg>AI</arg>
<arg>AL</arg>
<arg>AM</arg>
<arg>AO</arg>
<arg>AQ</arg>
<arg>AR</arg>
<arg>AS</arg>
<arg>AT</arg>
<arg>AU</arg>
<arg>AW</arg>
<arg>AX</arg>
<arg>AZ</arg>
<arg>BA</arg>
<arg>BB</arg>
<arg>BD</arg>
<arg>BE</arg>
<arg>BF</arg>
<arg>BG</arg>
<arg>BH</arg>
<arg>BI</arg>
<arg>BJ</arg>
<arg>BL</arg>
<arg>BM</arg>
<arg>BN</arg>
<arg>BO</arg>
<arg>BQ</arg>
<arg>BR</arg>
<arg>BS</arg>
<arg>BT</arg>
<arg>BV</arg>
<arg>BW</arg>
<arg>BY</arg>
<arg>BZ</arg>
<arg>CA</arg>
<arg>CC</arg>
<arg>CD</arg>
<arg>CF</arg>
<arg>CG</arg>
<arg>CH</arg>
<arg>CI</arg>
<arg>CK</arg>
<arg>CL</arg>
<arg>CM</arg>
<arg>CN</arg>
<arg>CO</arg>
<arg>CR</arg>
<arg>CU</arg>
<arg>CV</arg>
<arg>CW</arg>
<arg>CX</arg>
<arg>CY</arg>
<arg>CZ</arg>
<arg>DE</arg>
<arg>DJ</arg>
<arg>DK</arg>
<arg>DM</arg>
<arg>DO</arg>
<arg>DZ</arg>
<arg>EC</arg>
<arg>EE</arg>
<arg>EG</arg>
<arg>EH</arg>
<arg>ER</arg>
<arg>ES</arg>
<arg>ET</arg>
<arg>FI</arg>
<arg>FJ</arg>
<arg>FK</arg>
<arg>FM</arg>
<arg>FO</arg>
<arg>FR</arg>
<arg>GA</arg>
<arg>GB</arg>
<arg>GD</arg>
<arg>GE</arg>
<arg>GF</arg>
<arg>GG</arg>
<arg>GH</arg>
<arg>GI</arg>
<arg>GL</arg>
<arg>GM</arg>
<arg>GN</arg>
<arg>GP</arg>
<arg>GQ</arg>
<arg>GR</arg>
<arg>GS</arg>
<arg>GT</arg>
<arg>GU</arg>
<arg>GW</arg>
<arg>GY</arg>
<arg>HK</arg>
<arg>HM</arg>
<arg>HN</arg>
<arg>HR</arg>
<arg>HT</arg>
<arg>HU</arg>
<arg>ID</arg>
<arg>IE</arg>
<arg>IL</arg>
<arg>IM</arg>
<arg>IN</arg>
<arg>IO</arg>
<arg>IQ</arg>
<arg>IR</arg>
<arg>IS</arg>
<arg>IT</arg>
<arg>JE</arg>
<arg>JM</arg>
<arg>JO</arg>
<arg>JP</arg>
<arg>KE</arg>
<arg>KG</arg>
<arg>KH</arg>
<arg>KI</arg>
<arg>KM</arg>
<arg>KN</arg>
<arg>KP</arg>
<arg>KR</arg>
<arg>KW</arg>
<arg>KY</arg>
<arg>KZ</arg>
<arg>LA</arg>
<arg>LB</arg>
<arg>LC</arg>
<arg>LI</arg>
<arg>LK</arg>
<arg>LR</arg>
<arg>LS</arg>
<arg>LT</arg>
<arg>LU</arg>
<arg>LV</arg>
<arg>LY</arg>
<arg>MA</arg>
<arg>MC</arg>
<arg>MD</arg>
<arg>ME</arg>
<arg>MF</arg>
<arg>MG</arg>
<arg>MH</arg>
<arg>MK</arg>
<arg>ML</arg>
<arg>MM</arg>
<arg>MN</arg>
<arg>MO</arg>
<arg>MP</arg>
<arg>MQ</arg>
<arg>MR</arg>
<arg>MS</arg>
<arg>MT</arg>
<arg>MU</arg>
<arg>MV</arg>
<arg>MW</arg>
<arg>MX</arg>
<arg>MY</arg>
<arg>MZ</arg>
<arg>NA</arg>
<arg>NC</arg>
<arg>NE</arg>
<arg>NF</arg>
<arg>NG</arg>
<arg>NI</arg>
<arg>NL</arg>
<arg>NO</arg>
<arg>NP</arg>
<arg>NR</arg>
<arg>NU</arg>
<arg>NZ</arg>
<arg>OM</arg>
<arg>PA</arg>
<arg>PE</arg>
<arg>PF</arg>
<arg>PG</arg>
<arg>PH</arg>
<arg>PK</arg>
<arg>PL</arg>
<arg>PM</arg>
<arg>PN</arg>
<arg>PR</arg>
<arg>PS</arg>
<arg>PT</arg>
<arg>PW</arg>
<arg>PY</arg>
<arg>QA</arg>
<arg>RE</arg>
<arg>RO</arg>
<arg>RS</arg>
<arg>RU</arg>
<arg>RW</arg>
<arg>SA</arg>
<arg>SB</arg>
<arg>SC</arg>
<arg>SD</arg>
<arg>SE</arg>
<arg>SG</arg>
<arg>SH</arg>
<arg>SI</arg>
<arg>SJ</arg>
<arg>SK</arg>
<arg>SL</arg>
<arg>SM</arg>
<arg>SN</arg>
<arg>SO</arg>
<arg>SR</arg>
<arg>SS</arg>
<arg>ST</arg>
<arg>SV</arg>
<arg>SX</arg>
<arg>SY</arg>
<arg>SZ</arg>
<arg>TC</arg>
<arg>TD</arg>
<arg>TF</arg>
<arg>TG</arg>
<arg>TH</arg>
<arg>TJ</arg>
<arg>TK</arg>
<arg>TL</arg>
<arg>TM</arg>
<arg>TN</arg>
<arg>TO</arg>
<arg>TR</arg>
<arg>TT</arg>
<arg>TV</arg>
<arg>TW</arg>
<arg>TZ</arg>
<arg>UA</arg>
<arg>UG</arg>
<arg>UM</arg>
<arg>US</arg>
<arg>UY</arg>
<arg>UZ</arg>
<arg>VA</arg>
<arg>VC</arg>
<arg>VE</arg>
<arg>VG</arg>
<arg>VI</arg>
<arg>VN</arg>
<arg>VU</arg>
<arg>WF</arg>
<arg>WS</arg>
<arg>XK</arg>
<arg>YE</arg>
<arg>YT</arg>
<arg>ZA</arg>
<arg>ZM</arg>
<arg>ZW</arg>
<doc>Returns a list containing given items.</doc>
<status status="PASS" start="2024-05-24T23:13:42.812962" elapsed="0.000621"/>
</kw>
<kw name="List Should Contain Value" owner="Collections">
<msg time="2024-05-24T23:13:42.814573" level="INFO">False</msg>
<arg>${list_country}</arg>
<arg>${name_country}</arg>
<doc>Fails if the ``value`` is not found from ``list``.</doc>
<status status="PASS" start="2024-05-24T23:13:42.814370" elapsed="0.000270"/>
</kw>
<kw name="Run Keyword If" owner="BuiltIn">
<kw name="Should Be True" owner="BuiltIn">
<arg>${True}</arg>
<doc>Fails if the given condition is not true.</doc>
<status status="PASS" start="2024-05-24T23:13:42.815712" elapsed="0.000144"/>
</kw>
<arg>${json_data["results"][0]["location"]["coordinates"]["latitude"]} &gt;= -90 and ${json_data["results"][0]["location"]["coordinates"]["latitude"]} &lt;= 90</arg>
<arg>Should Be True</arg>
<arg>${True}</arg>
<doc>Runs the given keyword with the given arguments, if ``condition`` is true.</doc>
<status status="PASS" start="2024-05-24T23:13:42.814962" elapsed="0.001021"/>
</kw>
<kw name="Run Keyword If" owner="BuiltIn">
<kw name="Should Be True" owner="BuiltIn">
<arg>${True}</arg>
<doc>Fails if the given condition is not true.</doc>
<status status="PASS" start="2024-05-24T23:13:42.816869" elapsed="0.000264"/>
</kw>
<arg>${json_data["results"][0]["location"]["coordinates"]["longitude"]} &gt;= -180 and ${json_data["results"][0]["location"]["coordinates"]["longitude"]} &lt;= 180</arg>
<arg>Should Be True</arg>
<arg>${True}</arg>
<doc>Runs the given keyword with the given arguments, if ``condition`` is true.</doc>
<status status="PASS" start="2024-05-24T23:13:42.816168" elapsed="0.001093"/>
</kw>
<status status="PASS" start="2024-05-24T23:13:42.717642" elapsed="0.099752"/>
</kw>
<doc>Testa o conteúdo específico dos campos retornados pela API.</doc>
<tag>testeConteudo</tag>
<status status="PASS" start="2024-05-24T23:13:42.717105" elapsed="0.100445"/>
</test>
<status status="PASS" start="2024-05-24T23:13:41.999376" elapsed="0.820149"/>
</suite>
<status status="PASS" start="2024-05-24T23:13:41.985699" elapsed="0.838960"/>
</suite>
<statistics>
<total>
<stat pass="5" fail="0" skip="0">All Tests</stat>
</total>
<tag>
<stat pass="1" fail="0" skip="0">testeConteudo</stat>
<stat pass="1" fail="0" skip="0">testeEstruturaResposta</stat>
<stat pass="1" fail="0" skip="0">testeRequisicaoBasica</stat>
<stat pass="1" fail="0" skip="0">testeTiposDados</stat>
</tag>
<suite>
<stat pass="5" fail="0" skip="0" id="s1" name="Tests">Tests</stat>
<stat pass="5" fail="0" skip="0" id="s1-s1" name="Random-User-Test">Tests.Random-User-Test</stat>
</suite>
</statistics>
<errors>
</errors>
</robot>
