<?xml version="1.0" encoding="UTF-8"?>
<robot generator="Robot 7.0 (Python 3.12.2 on linux)" generated="2024-04-03T22:12:18.669713" rpa="false" schemaversion="5">
<suite id="s1" name="Tests" source="/home/runner/work/DesafioQAItauRogerioJordao/DesafioQAItauRogerioJordao/RamdonUser/tests">
<suite id="s1-s1" name="Random-User-Test" source="/home/runner/work/DesafioQAItauRogerioJordao/DesafioQAItauRogerioJordao/RamdonUser/tests/random-user-test.robot">
<test id="s1-s1-t1" name="Conectar" line="13">
<kw name="Conectar API" owner="random-user-service">
<kw name="Create Session" owner="RequestsLibrary">
<msg time="2024-04-03T22:12:19.024807" level="INFO">Creating Session using : alias=consultarAPI, url=https://randomuser.me/, headers={},                     cookies={}, auth=None, timeout=None, proxies=None, verify=False,                     debug=0 </msg>
<arg>consultarAPI</arg>
<arg>${URL}</arg>
<doc>Create Session: create a HTTP session to a server</doc>
<status status="PASS" start="2024-04-03T22:12:19.024602" elapsed="0.000366"/>
</kw>
<status status="PASS" start="2024-04-03T22:12:19.023556" elapsed="0.001767"/>
</kw>
<status status="PASS" start="2024-04-03T22:12:19.022946" elapsed="0.002584"/>
</test>
<test id="s1-s1-t2" name="Validar retorno 200 e JSON Válido" line="16">
<kw name="Teste de Requisicao Basica" owner="random-user-service">
<kw name="GET On Session" owner="RequestsLibrary">
<msg time="2024-04-03T22:12:19.100720" level="INFO">GET Request : url=https://randomuser.me/api 
 path_url=/api 
 headers={'User-Agent': 'python-requests/2.31.0', 'Accept-Encoding': 'gzip, deflate', 'Accept': '*/*', 'Connection': 'keep-alive'} 
 body=None 
 </msg>
<msg time="2024-04-03T22:12:19.100859" level="INFO">GET Response : url=https://randomuser.me/api 
 status=200, reason=OK 
 headers={'Date': 'Wed, 03 Apr 2024 22:12:19 GMT', 'Content-Type': 'application/json; charset=utf-8', 'Transfer-Encoding': 'chunked', 'Connection': 'keep-alive', 'X-Powered-By': 'Express', 'Access-Control-Allow-Origin': '*', 'Cache-Control': 'no-cache', 'ETag': 'W/"49f-6VdCqmG/k2jb+ZuC2dKYW17Yu1I"', 'Vary': 'Accept-Encoding', 'Content-Encoding': 'gzip', 'CF-Cache-Status': 'DYNAMIC', 'Report-To': '{"endpoints":[{"url":"https:\\/\\/a.nel.cloudflare.com\\/report\\/v4?s=4qEtzVGT307jVP0cgR%2F5xDTeNTqyrMcbMVQ5sl%2FqDpkWWn1AoRsXgUpQxy%2FeLSvotVe9%2FsFVJs81xogiDcZgdO4gKhTTIx8xUVNAdrFRgH774mEahLA6K2Nd%2FRA1zKK2"}],"group":"cf-nel","max_age":604800}', 'NEL': '{"success_fraction":0,"report_to":"cf-nel","max_age":604800}', 'Server': 'cloudflare', 'CF-RAY': '86ec66432d402d1d-IAD', 'alt-svc': 'h3=":443"; ma=86400'} 
 body={"results":[{"gender":"male","name":{"title":"Mr","first":"Orimir","last":"Fedorciv"},"location":{"street":{"number":9824,"name":"Martina Nebabi"},"city":"Ivano-Frankivsk","state":"Zakarpatska","country":"Ukraine","postcode":91824,"coordinates":{"latitude":"76.2214","longitude":"-153.2832"},"timezone":{"offset":"0:00","description":"Western Europe Time, London, Lisbon, Casablanca"}},"email":"orimir.fedorciv@example.com","login":{"uuid":"ae7f354e-f8a3-461f-98c8-161cba615f7e","username":"silverlion192","password":"knicks","salt":"0INmzf9e","md5":"3dfda7aba457b75e8e72e9fe9d0ecda2","sha1":"835b32fc878a2882d0ef3936e0f8853c2b1cb77a","sha256":"2c1cae7e0de994a1a5281b758e0748d9f8a2d89b786a944679e37d64ec061489"},"dob":{"date":"1966-08-24T05:29:11.061Z","age":57},"registered":{"date":"2003-07-01T15:10:44.220Z","age":20},"phone":"(098) R31-3948","cell":"(099) U51-2700","id":{"name":"","value":null},"picture":{"large":"https://randomuser.me/api/portraits/men/79.jpg","medium":"https://randomuser.me/api/portraits/med/men/79.jpg","thumbnail":"https://randomuser.me/api/portraits/thumb/men/79.jpg"},"nat":"UA"}],"info":{"seed":"509fa2d650f09168","results":1,"page":1,"version":"1.4"}} 
 </msg>
<msg time="2024-04-03T22:12:19.100970" level="INFO">/opt/hostedtoolcache/Python/3.12.2/x64/lib/python3.12/site-packages/urllib3/connectionpool.py:1103: InsecureRequestWarning: Unverified HTTPS request is being made to host 'randomuser.me'. Adding certificate verification is strongly advised. See: https://urllib3.readthedocs.io/en/latest/advanced-usage.html#tls-warnings
  warnings.warn(</msg>
<msg time="2024-04-03T22:12:19.101129" level="INFO">${response} = &lt;Response [200]&gt;</msg>
<var>${response}</var>
<arg>consultarAPI</arg>
<arg>/api</arg>
<doc>Sends a GET request on a previously created HTTP Session.</doc>
<status status="PASS" start="2024-04-03T22:12:19.028584" elapsed="0.072691"/>
</kw>
<kw name="Should Be Equal As Numbers" owner="BuiltIn">
<msg time="2024-04-03T22:12:19.102270" level="INFO">Argument types are:
&lt;class 'int'&gt;
&lt;class 'str'&gt;</msg>
<arg>${response.status_code}</arg>
<arg>200</arg>
<doc>Fails if objects are unequal after converting them to real numbers.</doc>
<status status="PASS" start="2024-04-03T22:12:19.101801" elapsed="0.000541"/>
</kw>
<kw name="Log" owner="BuiltIn">
<msg time="2024-04-03T22:12:19.103083" level="INFO">200</msg>
<arg>${response.status_code}</arg>
<doc>Logs the given message with the given level.</doc>
<status status="PASS" start="2024-04-03T22:12:19.102702" elapsed="0.000426"/>
</kw>
<kw name="Set Variable" owner="BuiltIn">
<msg time="2024-04-03T22:12:19.103941" level="INFO">${json_data} = {'results': [{'gender': 'male', 'name': {'title': 'Mr', 'first': 'Orimir', 'last': 'Fedorciv'}, 'location': {'street': {'number': 9824, 'name': 'Martina Nebabi'}, 'city': 'Ivano-Frankivsk', 'state': '...</msg>
<var>${json_data}</var>
<arg>${response.json()}</arg>
<doc>Returns the given values which can then be assigned to a variables.</doc>
<status status="PASS" start="2024-04-03T22:12:19.103477" elapsed="0.000493"/>
</kw>
<kw name="Dictionary Should Contain Key" owner="Collections">
<msg time="2024-04-03T22:12:19.104536" level="INFO">False</msg>
<arg>${json_data}</arg>
<arg>results</arg>
<doc>Fails if ``key`` is not found from ``dictionary``.</doc>
<status status="PASS" start="2024-04-03T22:12:19.104293" elapsed="0.000289"/>
</kw>
<status status="PASS" start="2024-04-03T22:12:19.028301" elapsed="0.076604"/>
</kw>
<doc>Testa se a API responde corretamente e retorna um objeto JSON válido.</doc>
<tag>testeRequisicaoBasica</tag>
<status status="PASS" start="2024-04-03T22:12:19.027741" elapsed="0.077367"/>
</test>
<test id="s1-s1-t3" name="Validar estrutura de resposta" line="22">
<kw name="Teste de Estrutura de Resposta" owner="random-user-service">
<kw name="GET On Session" owner="RequestsLibrary">
<msg time="2024-04-03T22:12:19.742713" level="INFO">GET Request : url=https://randomuser.me/api 
 path_url=/api 
 headers={'User-Agent': 'python-requests/2.31.0', 'Accept-Encoding': 'gzip, deflate', 'Accept': '*/*', 'Connection': 'keep-alive'} 
 body=None 
 </msg>
<msg time="2024-04-03T22:12:19.742813" level="INFO">GET Response : url=https://randomuser.me/api 
 status=200, reason=OK 
 headers={'Date': 'Wed, 03 Apr 2024 22:12:19 GMT', 'Content-Type': 'application/json; charset=utf-8', 'Transfer-Encoding': 'chunked', 'Connection': 'keep-alive', 'X-Powered-By': 'Express', 'Access-Control-Allow-Origin': '*', 'Cache-Control': 'no-cache', 'ETag': 'W/"4a3-9vHP5KK4fxodWfu+Wr+cvb1LXnI"', 'Vary': 'Accept-Encoding', 'Content-Encoding': 'gzip', 'CF-Cache-Status': 'DYNAMIC', 'Report-To': '{"endpoints":[{"url":"https:\\/\\/a.nel.cloudflare.com\\/report\\/v4?s=UwBOwlZ2pMeC0MuCoPHWb72EHHGV8hrMlf5dfgMFtYyzlyZRM3NO00qHJnEc0zxDjnoBXdoFwG4DI3%2BvNozZ3%2Fotovyxk0pWDd9y5RCiwitoGeklL5e5klrr0MbDIWPQ"}],"group":"cf-nel","max_age":604800}', 'NEL': '{"success_fraction":0,"report_to":"cf-nel","max_age":604800}', 'Server': 'cloudflare', 'CF-RAY': '86ec66437d812d1d-IAD', 'alt-svc': 'h3=":443"; ma=86400'} 
 body={"results":[{"gender":"male","name":{"title":"Mr","first":"Eddie","last":"Burton"},"location":{"street":{"number":1695,"name":"Valwood Pkwy"},"city":"Rochester","state":"California","country":"United States","postcode":45079,"coordinates":{"latitude":"88.8828","longitude":"-56.4668"},"timezone":{"offset":"0:00","description":"Western Europe Time, London, Lisbon, Casablanca"}},"email":"eddie.burton@example.com","login":{"uuid":"4172db16-5c83-4ccd-bfc7-9772277156b9","username":"smallkoala662","password":"yankees1","salt":"vXIoXXYm","md5":"2a362a9cf5d21f65a5574496f11cccb3","sha1":"d4ce11949f8b3c2586701507630ae761dc40cd48","sha256":"decc7cdd22dbe5834dff995863276d79fba00c0506ab89f23c7c852779c46d01"},"dob":{"date":"1972-05-07T10:42:09.674Z","age":51},"registered":{"date":"2011-09-01T05:51:29.839Z","age":12},"phone":"(344) 233-7565","cell":"(586) 588-8577","id":{"name":"SSN","value":"798-82-4960"},"picture":{"large":"https://randomuser.me/api/portraits/men/13.jpg","medium":"https://randomuser.me/api/portraits/med/men/13.jpg","thumbnail":"https://randomuser.me/api/portraits/thumb/men/13.jpg"},"nat":"US"}],"info":{"seed":"e0cca35a4feb907a","results":1,"page":1,"version":"1.4"}} 
 </msg>
<msg time="2024-04-03T22:12:19.742957" level="INFO">/opt/hostedtoolcache/Python/3.12.2/x64/lib/python3.12/site-packages/urllib3/connectionpool.py:1103: InsecureRequestWarning: Unverified HTTPS request is being made to host 'randomuser.me'. Adding certificate verification is strongly advised. See: https://urllib3.readthedocs.io/en/latest/advanced-usage.html#tls-warnings
  warnings.warn(</msg>
<msg time="2024-04-03T22:12:19.743104" level="INFO">${response} = &lt;Response [200]&gt;</msg>
<var>${response}</var>
<arg>consultarAPI</arg>
<arg>/api</arg>
<doc>Sends a GET request on a previously created HTTP Session.</doc>
<status status="PASS" start="2024-04-03T22:12:19.108172" elapsed="0.634975"/>
</kw>
<kw name="Set Variable" owner="BuiltIn">
<msg time="2024-04-03T22:12:19.744192" level="INFO">${json_data} = {'results': [{'gender': 'male', 'name': {'title': 'Mr', 'first': 'Eddie', 'last': 'Burton'}, 'location': {'street': {'number': 1695, 'name': 'Valwood Pkwy'}, 'city': 'Rochester', 'state': 'California'...</msg>
<var>${json_data}</var>
<arg>${response.json()}</arg>
<doc>Returns the given values which can then be assigned to a variables.</doc>
<status status="PASS" start="2024-04-03T22:12:19.743673" elapsed="0.000547"/>
</kw>
<kw name="Log" owner="BuiltIn">
<msg time="2024-04-03T22:12:19.744747" level="INFO">{'results': [{'gender': 'male', 'name': {'title': 'Mr', 'first': 'Eddie', 'last': 'Burton'}, 'location': {'street': {'number': 1695, 'name': 'Valwood Pkwy'}, 'city': 'Rochester', 'state': 'California', 'country': 'United States', 'postcode': 45079, 'coordinates': {'latitude': '88.8828', 'longitude': '-56.4668'}, 'timezone': {'offset': '0:00', 'description': 'Western Europe Time, London, Lisbon, Casablanca'}}, 'email': 'eddie.burton@example.com', 'login': {'uuid': '4172db16-5c83-4ccd-bfc7-9772277156b9', 'username': 'smallkoala662', 'password': 'yankees1', 'salt': 'vXIoXXYm', 'md5': '2a362a9cf5d21f65a5574496f11cccb3', 'sha1': 'd4ce11949f8b3c2586701507630ae761dc40cd48', 'sha256': 'decc7cdd22dbe5834dff995863276d79fba00c0506ab89f23c7c852779c46d01'}, 'dob': {'date': '1972-05-07T10:42:09.674Z', 'age': 51}, 'registered': {'date': '2011-09-01T05:51:29.839Z', 'age': 12}, 'phone': '(344) 233-7565', 'cell': '(586) 588-8577', 'id': {'name': 'SSN', 'value': '798-82-4960'}, 'picture': {'large': 'https://randomuser.me/api/portraits/men/13.jpg', 'medium': 'https://randomuser.me/api/portraits/med/men/13.jpg', 'thumbnail': 'https://randomuser.me/api/portraits/thumb/men/13.jpg'}, 'nat': 'US'}], 'info': {'seed': 'e0cca35a4feb907a', 'results': 1, 'page': 1, 'version': '1.4'}}</msg>
<arg>${json_data}</arg>
<doc>Logs the given message with the given level.</doc>
<status status="PASS" start="2024-04-03T22:12:19.744582" elapsed="0.000213"/>
</kw>
<kw name="Dictionary Should Contain Key" owner="Collections">
<msg time="2024-04-03T22:12:19.745252" level="INFO">False</msg>
<arg>${json_data}</arg>
<arg>results</arg>
<doc>Fails if ``key`` is not found from ``dictionary``.</doc>
<status status="PASS" start="2024-04-03T22:12:19.745094" elapsed="0.000196"/>
</kw>
<kw name="Should Not Be Empty" owner="BuiltIn">
<msg time="2024-04-03T22:12:19.745718" level="INFO">Length is 2.</msg>
<arg>${json_data}</arg>
<doc>Verifies that the given item is not empty.</doc>
<status status="PASS" start="2024-04-03T22:12:19.745586" elapsed="0.000170"/>
</kw>
<kw name="Create List" owner="BuiltIn">
<msg time="2024-04-03T22:12:19.746202" level="INFO">${expected_keys} = ['gender', 'name', 'location', 'email', 'login']</msg>
<var>${expected_keys}</var>
<arg>gender</arg>
<arg>name</arg>
<arg>location</arg>
<arg>email</arg>
<arg>login</arg>
<doc>Returns a list containing given items.</doc>
<status status="PASS" start="2024-04-03T22:12:19.746046" elapsed="0.000181"/>
</kw>
<for flavor="IN">
<iter>
<kw name="Dictionary Should Contain Key" owner="Collections">
<msg time="2024-04-03T22:12:19.747214" level="INFO">False</msg>
<arg>${json_data['results'][0]}</arg>
<arg>${key}</arg>
<doc>Fails if ``key`` is not found from ``dictionary``.</doc>
<status status="PASS" start="2024-04-03T22:12:19.746808" elapsed="0.000446"/>
</kw>
<kw name="Log" owner="BuiltIn">
<msg time="2024-04-03T22:12:19.747936" level="INFO">{'gender': 'male', 'name': {'title': 'Mr', 'first': 'Eddie', 'last': 'Burton'}, 'location': {'street': {'number': 1695, 'name': 'Valwood Pkwy'}, 'city': 'Rochester', 'state': 'California', 'country': 'United States', 'postcode': 45079, 'coordinates': {'latitude': '88.8828', 'longitude': '-56.4668'}, 'timezone': {'offset': '0:00', 'description': 'Western Europe Time, London, Lisbon, Casablanca'}}, 'email': 'eddie.burton@example.com', 'login': {'uuid': '4172db16-5c83-4ccd-bfc7-9772277156b9', 'username': 'smallkoala662', 'password': 'yankees1', 'salt': 'vXIoXXYm', 'md5': '2a362a9cf5d21f65a5574496f11cccb3', 'sha1': 'd4ce11949f8b3c2586701507630ae761dc40cd48', 'sha256': 'decc7cdd22dbe5834dff995863276d79fba00c0506ab89f23c7c852779c46d01'}, 'dob': {'date': '1972-05-07T10:42:09.674Z', 'age': 51}, 'registered': {'date': '2011-09-01T05:51:29.839Z', 'age': 12}, 'phone': '(344) 233-7565', 'cell': '(586) 588-8577', 'id': {'name': 'SSN', 'value': '798-82-4960'}, 'picture': {'large': 'https://randomuser.me/api/portraits/men/13.jpg', 'medium': 'https://randomuser.me/api/portraits/med/men/13.jpg', 'thumbnail': 'https://randomuser.me/api/portraits/thumb/men/13.jpg'}, 'nat': 'US'}</msg>
<arg>${json_data['results'][0]}</arg>
<doc>Logs the given message with the given level.</doc>
<status status="PASS" start="2024-04-03T22:12:19.747561" elapsed="0.000428"/>
</kw>
<kw name="Log" owner="BuiltIn">
<msg time="2024-04-03T22:12:19.748465" level="INFO">gender</msg>
<arg>${key}</arg>
<doc>Logs the given message with the given level.</doc>
<status status="PASS" start="2024-04-03T22:12:19.748300" elapsed="0.000205"/>
</kw>
<var name="${key}">gender</var>
<status status="PASS" start="2024-04-03T22:12:19.746682" elapsed="0.002042"/>
</iter>
<iter>
<kw name="Dictionary Should Contain Key" owner="Collections">
<msg time="2024-04-03T22:12:19.749408" level="INFO">False</msg>
<arg>${json_data['results'][0]}</arg>
<arg>${key}</arg>
<doc>Fails if ``key`` is not found from ``dictionary``.</doc>
<status status="PASS" start="2024-04-03T22:12:19.749028" elapsed="0.000417"/>
</kw>
<kw name="Log" owner="BuiltIn">
<msg time="2024-04-03T22:12:19.750148" level="INFO">{'gender': 'male', 'name': {'title': 'Mr', 'first': 'Eddie', 'last': 'Burton'}, 'location': {'street': {'number': 1695, 'name': 'Valwood Pkwy'}, 'city': 'Rochester', 'state': 'California', 'country': 'United States', 'postcode': 45079, 'coordinates': {'latitude': '88.8828', 'longitude': '-56.4668'}, 'timezone': {'offset': '0:00', 'description': 'Western Europe Time, London, Lisbon, Casablanca'}}, 'email': 'eddie.burton@example.com', 'login': {'uuid': '4172db16-5c83-4ccd-bfc7-9772277156b9', 'username': 'smallkoala662', 'password': 'yankees1', 'salt': 'vXIoXXYm', 'md5': '2a362a9cf5d21f65a5574496f11cccb3', 'sha1': 'd4ce11949f8b3c2586701507630ae761dc40cd48', 'sha256': 'decc7cdd22dbe5834dff995863276d79fba00c0506ab89f23c7c852779c46d01'}, 'dob': {'date': '1972-05-07T10:42:09.674Z', 'age': 51}, 'registered': {'date': '2011-09-01T05:51:29.839Z', 'age': 12}, 'phone': '(344) 233-7565', 'cell': '(586) 588-8577', 'id': {'name': 'SSN', 'value': '798-82-4960'}, 'picture': {'large': 'https://randomuser.me/api/portraits/men/13.jpg', 'medium': 'https://randomuser.me/api/portraits/med/men/13.jpg', 'thumbnail': 'https://randomuser.me/api/portraits/thumb/men/13.jpg'}, 'nat': 'US'}</msg>
<arg>${json_data['results'][0]}</arg>
<doc>Logs the given message with the given level.</doc>
<status status="PASS" start="2024-04-03T22:12:19.749790" elapsed="0.000406"/>
</kw>
<kw name="Log" owner="BuiltIn">
<msg time="2024-04-03T22:12:19.750624" level="INFO">name</msg>
<arg>${key}</arg>
<doc>Logs the given message with the given level.</doc>
<status status="PASS" start="2024-04-03T22:12:19.750495" elapsed="0.000166"/>
</kw>
<var name="${key}">name</var>
<status status="PASS" start="2024-04-03T22:12:19.748912" elapsed="0.001967"/>
</iter>
<iter>
<kw name="Dictionary Should Contain Key" owner="Collections">
<msg time="2024-04-03T22:12:19.751546" level="INFO">False</msg>
<arg>${json_data['results'][0]}</arg>
<arg>${key}</arg>
<doc>Fails if ``key`` is not found from ``dictionary``.</doc>
<status status="PASS" start="2024-04-03T22:12:19.751171" elapsed="0.000413"/>
</kw>
<kw name="Log" owner="BuiltIn">
<msg time="2024-04-03T22:12:19.752253" level="INFO">{'gender': 'male', 'name': {'title': 'Mr', 'first': 'Eddie', 'last': 'Burton'}, 'location': {'street': {'number': 1695, 'name': 'Valwood Pkwy'}, 'city': 'Rochester', 'state': 'California', 'country': 'United States', 'postcode': 45079, 'coordinates': {'latitude': '88.8828', 'longitude': '-56.4668'}, 'timezone': {'offset': '0:00', 'description': 'Western Europe Time, London, Lisbon, Casablanca'}}, 'email': 'eddie.burton@example.com', 'login': {'uuid': '4172db16-5c83-4ccd-bfc7-9772277156b9', 'username': 'smallkoala662', 'password': 'yankees1', 'salt': 'vXIoXXYm', 'md5': '2a362a9cf5d21f65a5574496f11cccb3', 'sha1': 'd4ce11949f8b3c2586701507630ae761dc40cd48', 'sha256': 'decc7cdd22dbe5834dff995863276d79fba00c0506ab89f23c7c852779c46d01'}, 'dob': {'date': '1972-05-07T10:42:09.674Z', 'age': 51}, 'registered': {'date': '2011-09-01T05:51:29.839Z', 'age': 12}, 'phone': '(344) 233-7565', 'cell': '(586) 588-8577', 'id': {'name': 'SSN', 'value': '798-82-4960'}, 'picture': {'large': 'https://randomuser.me/api/portraits/men/13.jpg', 'medium': 'https://randomuser.me/api/portraits/med/men/13.jpg', 'thumbnail': 'https://randomuser.me/api/portraits/thumb/men/13.jpg'}, 'nat': 'US'}</msg>
<arg>${json_data['results'][0]}</arg>
<doc>Logs the given message with the given level.</doc>
<status status="PASS" start="2024-04-03T22:12:19.751884" elapsed="0.000421"/>
</kw>
<kw name="Log" owner="BuiltIn">
<msg time="2024-04-03T22:12:19.752781" level="INFO">location</msg>
<arg>${key}</arg>
<doc>Logs the given message with the given level.</doc>
<status status="PASS" start="2024-04-03T22:12:19.752651" elapsed="0.000167"/>
</kw>
<var name="${key}">location</var>
<status status="PASS" start="2024-04-03T22:12:19.751057" elapsed="0.001977"/>
</iter>
<iter>
<kw name="Dictionary Should Contain Key" owner="Collections">
<msg time="2024-04-03T22:12:19.753692" level="INFO">False</msg>
<arg>${json_data['results'][0]}</arg>
<arg>${key}</arg>
<doc>Fails if ``key`` is not found from ``dictionary``.</doc>
<status status="PASS" start="2024-04-03T22:12:19.753319" elapsed="0.000410"/>
</kw>
<kw name="Log" owner="BuiltIn">
<msg time="2024-04-03T22:12:19.754378" level="INFO">{'gender': 'male', 'name': {'title': 'Mr', 'first': 'Eddie', 'last': 'Burton'}, 'location': {'street': {'number': 1695, 'name': 'Valwood Pkwy'}, 'city': 'Rochester', 'state': 'California', 'country': 'United States', 'postcode': 45079, 'coordinates': {'latitude': '88.8828', 'longitude': '-56.4668'}, 'timezone': {'offset': '0:00', 'description': 'Western Europe Time, London, Lisbon, Casablanca'}}, 'email': 'eddie.burton@example.com', 'login': {'uuid': '4172db16-5c83-4ccd-bfc7-9772277156b9', 'username': 'smallkoala662', 'password': 'yankees1', 'salt': 'vXIoXXYm', 'md5': '2a362a9cf5d21f65a5574496f11cccb3', 'sha1': 'd4ce11949f8b3c2586701507630ae761dc40cd48', 'sha256': 'decc7cdd22dbe5834dff995863276d79fba00c0506ab89f23c7c852779c46d01'}, 'dob': {'date': '1972-05-07T10:42:09.674Z', 'age': 51}, 'registered': {'date': '2011-09-01T05:51:29.839Z', 'age': 12}, 'phone': '(344) 233-7565', 'cell': '(586) 588-8577', 'id': {'name': 'SSN', 'value': '798-82-4960'}, 'picture': {'large': 'https://randomuser.me/api/portraits/men/13.jpg', 'medium': 'https://randomuser.me/api/portraits/med/men/13.jpg', 'thumbnail': 'https://randomuser.me/api/portraits/thumb/men/13.jpg'}, 'nat': 'US'}</msg>
<arg>${json_data['results'][0]}</arg>
<doc>Logs the given message with the given level.</doc>
<status status="PASS" start="2024-04-03T22:12:19.754024" elapsed="0.000401"/>
</kw>
<kw name="Log" owner="BuiltIn">
<msg time="2024-04-03T22:12:19.754844" level="INFO">email</msg>
<arg>${key}</arg>
<doc>Logs the given message with the given level.</doc>
<status status="PASS" start="2024-04-03T22:12:19.754716" elapsed="0.000166"/>
</kw>
<var name="${key}">email</var>
<status status="PASS" start="2024-04-03T22:12:19.753208" elapsed="0.001886"/>
</iter>
<iter>
<kw name="Dictionary Should Contain Key" owner="Collections">
<msg time="2024-04-03T22:12:19.755765" level="INFO">False</msg>
<arg>${json_data['results'][0]}</arg>
<arg>${key}</arg>
<doc>Fails if ``key`` is not found from ``dictionary``.</doc>
<status status="PASS" start="2024-04-03T22:12:19.755379" elapsed="0.000424"/>
</kw>
<kw name="Log" owner="BuiltIn">
<msg time="2024-04-03T22:12:19.756487" level="INFO">{'gender': 'male', 'name': {'title': 'Mr', 'first': 'Eddie', 'last': 'Burton'}, 'location': {'street': {'number': 1695, 'name': 'Valwood Pkwy'}, 'city': 'Rochester', 'state': 'California', 'country': 'United States', 'postcode': 45079, 'coordinates': {'latitude': '88.8828', 'longitude': '-56.4668'}, 'timezone': {'offset': '0:00', 'description': 'Western Europe Time, London, Lisbon, Casablanca'}}, 'email': 'eddie.burton@example.com', 'login': {'uuid': '4172db16-5c83-4ccd-bfc7-9772277156b9', 'username': 'smallkoala662', 'password': 'yankees1', 'salt': 'vXIoXXYm', 'md5': '2a362a9cf5d21f65a5574496f11cccb3', 'sha1': 'd4ce11949f8b3c2586701507630ae761dc40cd48', 'sha256': 'decc7cdd22dbe5834dff995863276d79fba00c0506ab89f23c7c852779c46d01'}, 'dob': {'date': '1972-05-07T10:42:09.674Z', 'age': 51}, 'registered': {'date': '2011-09-01T05:51:29.839Z', 'age': 12}, 'phone': '(344) 233-7565', 'cell': '(586) 588-8577', 'id': {'name': 'SSN', 'value': '798-82-4960'}, 'picture': {'large': 'https://randomuser.me/api/portraits/men/13.jpg', 'medium': 'https://randomuser.me/api/portraits/med/men/13.jpg', 'thumbnail': 'https://randomuser.me/api/portraits/thumb/men/13.jpg'}, 'nat': 'US'}</msg>
<arg>${json_data['results'][0]}</arg>
<doc>Logs the given message with the given level.</doc>
<status status="PASS" start="2024-04-03T22:12:19.756094" elapsed="0.000439"/>
</kw>
<kw name="Log" owner="BuiltIn">
<msg time="2024-04-03T22:12:19.756962" level="INFO">login</msg>
<arg>${key}</arg>
<doc>Logs the given message with the given level.</doc>
<status status="PASS" start="2024-04-03T22:12:19.756834" elapsed="0.000302"/>
</kw>
<var name="${key}">login</var>
<status status="PASS" start="2024-04-03T22:12:19.755263" elapsed="0.002099"/>
</iter>
<var>${key}</var>
<value>@{expected_keys}</value>
<status status="PASS" start="2024-04-03T22:12:19.746486" elapsed="0.010999"/>
</for>
<kw name="Create List" owner="BuiltIn">
<msg time="2024-04-03T22:12:19.757819" level="INFO">${expected_keysTwo} = ['username', 'password']</msg>
<var>${expected_keysTwo}</var>
<arg>username</arg>
<arg>password</arg>
<doc>Returns a list containing given items.</doc>
<status status="PASS" start="2024-04-03T22:12:19.757679" elapsed="0.000163"/>
</kw>
<for flavor="IN">
<iter>
<kw name="Dictionary Should Contain Key" owner="Collections">
<msg time="2024-04-03T22:12:19.758731" level="INFO">False</msg>
<arg>${json_data['results'][0]['login']}</arg>
<arg>${keyTwo}</arg>
<doc>Fails if ``key`` is not found from ``dictionary``.</doc>
<status status="PASS" start="2024-04-03T22:12:19.758350" elapsed="0.000419"/>
</kw>
<kw name="Dictionary Should Contain Key" owner="Collections">
<msg time="2024-04-03T22:12:19.759443" level="INFO">False</msg>
<arg>${json_data['results'][0]['login']}</arg>
<arg>${keyTwo}</arg>
<doc>Fails if ``key`` is not found from ``dictionary``.</doc>
<status status="PASS" start="2024-04-03T22:12:19.759063" elapsed="0.000418"/>
</kw>
<kw name="Log" owner="BuiltIn">
<msg time="2024-04-03T22:12:19.759905" level="INFO">username</msg>
<arg>${keyTwo}</arg>
<doc>Logs the given message with the given level.</doc>
<status status="PASS" start="2024-04-03T22:12:19.759777" elapsed="0.000166"/>
</kw>
<var name="${keyTwo}">username</var>
<status status="PASS" start="2024-04-03T22:12:19.758238" elapsed="0.001921"/>
</iter>
<iter>
<kw name="Dictionary Should Contain Key" owner="Collections">
<msg time="2024-04-03T22:12:19.760859" level="INFO">False</msg>
<arg>${json_data['results'][0]['login']}</arg>
<arg>${keyTwo}</arg>
<doc>Fails if ``key`` is not found from ``dictionary``.</doc>
<status status="PASS" start="2024-04-03T22:12:19.760476" elapsed="0.000421"/>
</kw>
<kw name="Dictionary Should Contain Key" owner="Collections">
<msg time="2024-04-03T22:12:19.761575" level="INFO">False</msg>
<arg>${json_data['results'][0]['login']}</arg>
<arg>${keyTwo}</arg>
<doc>Fails if ``key`` is not found from ``dictionary``.</doc>
<status status="PASS" start="2024-04-03T22:12:19.761190" elapsed="0.000422"/>
</kw>
<kw name="Log" owner="BuiltIn">
<msg time="2024-04-03T22:12:19.762032" level="INFO">password</msg>
<arg>${keyTwo}</arg>
<doc>Logs the given message with the given level.</doc>
<status status="PASS" start="2024-04-03T22:12:19.761904" elapsed="0.000166"/>
</kw>
<var name="${keyTwo}">password</var>
<status status="PASS" start="2024-04-03T22:12:19.760333" elapsed="0.001951"/>
</iter>
<var>${keyTwo}</var>
<value>@{expected_keysTwo}</value>
<status status="PASS" start="2024-04-03T22:12:19.758085" elapsed="0.004321"/>
</for>
<status status="PASS" start="2024-04-03T22:12:19.107909" elapsed="0.654640"/>
</kw>
<doc>Testa a estrutura da resposta da API.</doc>
<tag>testeEstruturaResposta</tag>
<status status="PASS" start="2024-04-03T22:12:19.107123" elapsed="0.655591"/>
</test>
<test id="s1-s1-t4" name="Validar tipos de dados" line="28">
<kw name="Teste de Tipos de Dados" owner="random-user-service">
<kw name="GET On Session" owner="RequestsLibrary">
<msg time="2024-04-03T22:12:19.896048" level="INFO">GET Request : url=https://randomuser.me/api 
 path_url=/api 
 headers={'User-Agent': 'python-requests/2.31.0', 'Accept-Encoding': 'gzip, deflate', 'Accept': '*/*', 'Connection': 'keep-alive'} 
 body=None 
 </msg>
<msg time="2024-04-03T22:12:19.896139" level="INFO">GET Response : url=https://randomuser.me/api 
 status=200, reason=OK 
 headers={'Date': 'Wed, 03 Apr 2024 22:12:19 GMT', 'Content-Type': 'application/json; charset=utf-8', 'Transfer-Encoding': 'chunked', 'Connection': 'keep-alive', 'X-Powered-By': 'Express', 'Access-Control-Allow-Origin': '*', 'Cache-Control': 'no-cache', 'ETag': 'W/"49c-FAnPGLqXsH6kP15qZN9Xt2Ooyms"', 'Vary': 'Accept-Encoding', 'Content-Encoding': 'gzip', 'CF-Cache-Status': 'DYNAMIC', 'Report-To': '{"endpoints":[{"url":"https:\\/\\/a.nel.cloudflare.com\\/report\\/v4?s=vxE8Vc2BFTCngrClj7Dh1jnaJRwjO6UfibdYgPZOl47cXUfH9rk0gNV1pJz%2BeYAnrHe%2B8CYbEdgBMKsJcOjMsYVBtrm0IrZyzanJ7H4Z1Vw9VFbMvcws5%2B9Vp0kxfmAZ"}],"group":"cf-nel","max_age":604800}', 'NEL': '{"success_fraction":0,"report_to":"cf-nel","max_age":604800}', 'Server': 'cloudflare', 'CF-RAY': '86ec664789e12d1d-IAD', 'alt-svc': 'h3=":443"; ma=86400'} 
 body={"results":[{"gender":"female","name":{"title":"Miss","first":"Vesna","last":"Stojković"},"location":{"street":{"number":9420,"name":"Porodice Josipović"},"city":"Bačka Palanka","state":"Braničevo","country":"Serbia","postcode":85203,"coordinates":{"latitude":"62.9907","longitude":"85.3663"},"timezone":{"offset":"-11:00","description":"Midway Island, Samoa"}},"email":"vesna.stojkovic@example.com","login":{"uuid":"ec20fa10-d3bf-4570-bc7d-b59b73fb9e4a","username":"ticklishostrich415","password":"javelin","salt":"mU8tDbnV","md5":"e9d3b8a44a622f1b4945d337a1e44664","sha1":"5c9028d641c4dc511eaf272e000b86f4b89f547e","sha256":"737f8df2bb06958724693cb4da2d1eb6a9ce9cfd02aead58fb1a4d6472bbb397"},"dob":{"date":"1979-08-26T16:14:21.738Z","age":44},"registered":{"date":"2016-06-19T16:16:56.210Z","age":7},"phone":"019-7582-641","cell":"069-5915-213","id":{"name":"SID","value":"224671928"},"picture":{"large":"https://randomuser.me/api/portraits/women/44.jpg","medium":"https://randomuser.me/api/portraits/med/women/44.jpg","thumbnail":"https://randomuser.me/api/portraits/thumb/women/44.jpg"},"nat":"RS"}],"info":{"seed":"8f149b538bb1825e","results":1,"page":1,"version":"1.4"}} 
 </msg>
<msg time="2024-04-03T22:12:19.896207" level="INFO">/opt/hostedtoolcache/Python/3.12.2/x64/lib/python3.12/site-packages/urllib3/connectionpool.py:1103: InsecureRequestWarning: Unverified HTTPS request is being made to host 'randomuser.me'. Adding certificate verification is strongly advised. See: https://urllib3.readthedocs.io/en/latest/advanced-usage.html#tls-warnings
  warnings.warn(</msg>
<msg time="2024-04-03T22:12:19.896339" level="INFO">${response} = &lt;Response [200]&gt;</msg>
<var>${response}</var>
<arg>consultarAPI</arg>
<arg>/api</arg>
<doc>Sends a GET request on a previously created HTTP Session.</doc>
<status status="PASS" start="2024-04-03T22:12:19.765293" elapsed="0.131114"/>
</kw>
<kw name="Set Variable" owner="BuiltIn">
<msg time="2024-04-03T22:12:19.897409" level="INFO">${json_data} = {'results': [{'gender': 'female', 'name': {'title': 'Miss', 'first': 'Vesna', 'last': 'Stojković'}, 'location': {'street': {'number': 9420, 'name': 'Porodice Josipović'}, 'city': 'Bačka Palanka', 'sta...</msg>
<var>${json_data}</var>
<arg>${response.json()}</arg>
<doc>Returns the given values which can then be assigned to a variables.</doc>
<status status="PASS" start="2024-04-03T22:12:19.896893" elapsed="0.000550"/>
</kw>
<kw name="Log" owner="BuiltIn">
<msg time="2024-04-03T22:12:19.897912" level="INFO">{'results': [{'gender': 'female', 'name': {'title': 'Miss', 'first': 'Vesna', 'last': 'Stojković'}, 'location': {'street': {'number': 9420, 'name': 'Porodice Josipović'}, 'city': 'Bačka Palanka', 'state': 'Braničevo', 'country': 'Serbia', 'postcode': 85203, 'coordinates': {'latitude': '62.9907', 'longitude': '85.3663'}, 'timezone': {'offset': '-11:00', 'description': 'Midway Island, Samoa'}}, 'email': 'vesna.stojkovic@example.com', 'login': {'uuid': 'ec20fa10-d3bf-4570-bc7d-b59b73fb9e4a', 'username': 'ticklishostrich415', 'password': 'javelin', 'salt': 'mU8tDbnV', 'md5': 'e9d3b8a44a622f1b4945d337a1e44664', 'sha1': '5c9028d641c4dc511eaf272e000b86f4b89f547e', 'sha256': '737f8df2bb06958724693cb4da2d1eb6a9ce9cfd02aead58fb1a4d6472bbb397'}, 'dob': {'date': '1979-08-26T16:14:21.738Z', 'age': 44}, 'registered': {'date': '2016-06-19T16:16:56.210Z', 'age': 7}, 'phone': '019-7582-641', 'cell': '069-5915-213', 'id': {'name': 'SID', 'value': '224671928'}, 'picture': {'large': 'https://randomuser.me/api/portraits/women/44.jpg', 'medium': 'https://randomuser.me/api/portraits/med/women/44.jpg', 'thumbnail': 'https://randomuser.me/api/portraits/thumb/women/44.jpg'}, 'nat': 'RS'}], 'info': {'seed': '8f149b538bb1825e', 'results': 1, 'page': 1, 'version': '1.4'}}</msg>
<arg>${json_data}</arg>
<doc>Logs the given message with the given level.</doc>
<status status="PASS" start="2024-04-03T22:12:19.897751" elapsed="0.000252"/>
</kw>
<kw name="Should Be String" owner="String">
<arg>${json_data['results'][0]['gender']}</arg>
<doc>Fails if the given ``item`` is not a string.</doc>
<status status="PASS" start="2024-04-03T22:12:19.898305" elapsed="0.000377"/>
</kw>
<kw name="Should Match Regexp" owner="BuiltIn">
<arg>${json_data['results'][0]['email']}</arg>
<arg>^[a-zA-Z0-9._%+-]+@[a-zA-Z0-9.-]+\.[a-zA-Z]{2,}$</arg>
<doc>Fails if ``string`` does not match ``pattern`` as a regular expression.</doc>
<status status="PASS" start="2024-04-03T22:12:19.898877" elapsed="0.000515"/>
</kw>
<kw name="Should Match Regexp" owner="BuiltIn">
<arg>${json_data['results'][0]['dob']['date']}</arg>
<arg>\\d{4}-\\d{2}-\\d{2}T\\d{2}:\\d{2}:\\d{2}\\.\\d{3}Z</arg>
<doc>Fails if ``string`` does not match ``pattern`` as a regular expression.</doc>
<status status="PASS" start="2024-04-03T22:12:19.899588" elapsed="0.000493"/>
</kw>
<kw name="Should Match Regexp" owner="BuiltIn">
<arg>${json_data['results'][0]['registered']['date']}</arg>
<arg>\\d{4}-\\d{2}-\\d{2}T\\d{2}:\\d{2}:\\d{2}\\.\\d{3}Z</arg>
<doc>Fails if ``string`` does not match ``pattern`` as a regular expression.</doc>
<status status="PASS" start="2024-04-03T22:12:19.900274" elapsed="0.000413"/>
</kw>
<kw name="Should Match Regexp" owner="BuiltIn">
<arg>${json_data['results'][0]['picture']['large']}</arg>
<arg>^https?://.*\.(?:png|jpe?g|gif|bmp)$</arg>
<doc>Fails if ``string`` does not match ``pattern`` as a regular expression.</doc>
<status status="PASS" start="2024-04-03T22:12:19.900881" elapsed="0.000457"/>
</kw>
<kw name="Should Match Regexp" owner="BuiltIn">
<arg>${json_data['results'][0]['picture']['medium']}</arg>
<arg>^https?://.*\.(?:png|jpe?g|gif|bmp)$</arg>
<doc>Fails if ``string`` does not match ``pattern`` as a regular expression.</doc>
<status status="PASS" start="2024-04-03T22:12:19.901529" elapsed="0.000364"/>
</kw>
<kw name="Should Match Regexp" owner="BuiltIn">
<arg>${json_data['results'][0]['picture']['thumbnail']}</arg>
<arg>^https?://.*\.(?:png|jpe?g|gif|bmp)$</arg>
<doc>Fails if ``string`` does not match ``pattern`` as a regular expression.</doc>
<status status="PASS" start="2024-04-03T22:12:19.902079" elapsed="0.000360"/>
</kw>
<kw name="Log" owner="BuiltIn">
<msg time="2024-04-03T22:12:19.902948" level="INFO">{'large': 'https://randomuser.me/api/portraits/women/44.jpg', 'medium': 'https://randomuser.me/api/portraits/med/women/44.jpg', 'thumbnail': 'https://randomuser.me/api/portraits/thumb/women/44.jpg'}</msg>
<arg>${json_data['results'][0]['picture']}</arg>
<doc>Logs the given message with the given level.</doc>
<status status="PASS" start="2024-04-03T22:12:19.902619" elapsed="0.000375"/>
</kw>
<status status="PASS" start="2024-04-03T22:12:19.765062" elapsed="0.138194"/>
</kw>
<kw name="Teste de Tipos de Dados - Postcode" owner="random-user-service">
<kw name="GET On Session" owner="RequestsLibrary">
<msg time="2024-04-03T22:12:19.933481" level="INFO">GET Request : url=https://randomuser.me/api 
 path_url=/api 
 headers={'User-Agent': 'python-requests/2.31.0', 'Accept-Encoding': 'gzip, deflate', 'Accept': '*/*', 'Connection': 'keep-alive'} 
 body=None 
 </msg>
<msg time="2024-04-03T22:12:19.933564" level="INFO">GET Response : url=https://randomuser.me/api 
 status=200, reason=OK 
 headers={'Date': 'Wed, 03 Apr 2024 22:12:19 GMT', 'Content-Type': 'application/json; charset=utf-8', 'Transfer-Encoding': 'chunked', 'Connection': 'keep-alive', 'X-Powered-By': 'Express', 'Access-Control-Allow-Origin': '*', 'Cache-Control': 'no-cache', 'ETag': 'W/"485-Nau0WrCf9wuOt6MwySpEkwJS5Xg"', 'Vary': 'Accept-Encoding', 'Content-Encoding': 'gzip', 'CF-Cache-Status': 'DYNAMIC', 'Report-To': '{"endpoints":[{"url":"https:\\/\\/a.nel.cloudflare.com\\/report\\/v4?s=EIA45KVJuG2DawJbcENSqfAdvL896v0wbQp%2BaezcR22ghR7i%2BMB6IkJtIFWoq6DnzK8NCdBA8Uha0FbVqTpjfxxWBPm%2BdoHWP%2FxRdCLOCkuALjYCsRqhpZ3uYJ4qMxYD"}],"group":"cf-nel","max_age":604800}', 'NEL': '{"success_fraction":0,"report_to":"cf-nel","max_age":604800}', 'Server': 'cloudflare', 'CF-RAY': '86ec66486b002d1d-IAD', 'alt-svc': 'h3=":443"; ma=86400'} 
 body={"results":[{"gender":"female","name":{"title":"Miss","first":"Aelita","last":"Konotopenko"},"location":{"street":{"number":6938,"name":"Gostinniy provulok"},"city":"Dobropillya","state":"Volinska","country":"Ukraine","postcode":35603,"coordinates":{"latitude":"72.9967","longitude":"162.0451"},"timezone":{"offset":"-9:00","description":"Alaska"}},"email":"aelita.konotopenko@example.com","login":{"uuid":"0611b441-497b-4dea-bac4-7631db79a5ab","username":"goldenkoala439","password":"silence","salt":"KCS25PpN","md5":"ac132ef0cf96f964412cda44d18c7b63","sha1":"41a6dc0ec94afb865519404eb85a273a49b251f8","sha256":"a3b484cc9bfe15bb1017cd43a1a769e63d75991d489b33c8aca1b4b3cb313f87"},"dob":{"date":"1955-07-12T14:58:27.114Z","age":68},"registered":{"date":"2004-04-07T16:21:26.223Z","age":19},"phone":"(098) M66-3664","cell":"(098) T05-9243","id":{"name":"","value":null},"picture":{"large":"https://randomuser.me/api/portraits/women/84.jpg","medium":"https://randomuser.me/api/portraits/med/women/84.jpg","thumbnail":"https://randomuser.me/api/portraits/thumb/women/84.jpg"},"nat":"UA"}],"info":{"seed":"056b5d375959cb2c","results":1,"page":1,"version":"1.4"}} 
 </msg>
<msg time="2024-04-03T22:12:19.933649" level="INFO">/opt/hostedtoolcache/Python/3.12.2/x64/lib/python3.12/site-packages/urllib3/connectionpool.py:1103: InsecureRequestWarning: Unverified HTTPS request is being made to host 'randomuser.me'. Adding certificate verification is strongly advised. See: https://urllib3.readthedocs.io/en/latest/advanced-usage.html#tls-warnings
  warnings.warn(</msg>
<msg time="2024-04-03T22:12:19.933785" level="INFO">${response} = &lt;Response [200]&gt;</msg>
<var>${response}</var>
<arg>consultarAPI</arg>
<arg>/api</arg>
<doc>Sends a GET request on a previously created HTTP Session.</doc>
<status status="PASS" start="2024-04-03T22:12:19.903861" elapsed="0.029962"/>
</kw>
<kw name="Set Variable" owner="BuiltIn">
<msg time="2024-04-03T22:12:19.934648" level="INFO">${json_data} = {'results': [{'gender': 'female', 'name': {'title': 'Miss', 'first': 'Aelita', 'last': 'Konotopenko'}, 'location': {'street': {'number': 6938, 'name': 'Gostinniy provulok'}, 'city': 'Dobropillya', 'st...</msg>
<var>${json_data}</var>
<arg>${response.json()}</arg>
<doc>Returns the given values which can then be assigned to a variables.</doc>
<status status="PASS" start="2024-04-03T22:12:19.934206" elapsed="0.000470"/>
</kw>
<kw name="Log" owner="BuiltIn">
<msg time="2024-04-03T22:12:19.935135" level="INFO">{'results': [{'gender': 'female', 'name': {'title': 'Miss', 'first': 'Aelita', 'last': 'Konotopenko'}, 'location': {'street': {'number': 6938, 'name': 'Gostinniy provulok'}, 'city': 'Dobropillya', 'state': 'Volinska', 'country': 'Ukraine', 'postcode': 35603, 'coordinates': {'latitude': '72.9967', 'longitude': '162.0451'}, 'timezone': {'offset': '-9:00', 'description': 'Alaska'}}, 'email': 'aelita.konotopenko@example.com', 'login': {'uuid': '0611b441-497b-4dea-bac4-7631db79a5ab', 'username': 'goldenkoala439', 'password': 'silence', 'salt': 'KCS25PpN', 'md5': 'ac132ef0cf96f964412cda44d18c7b63', 'sha1': '41a6dc0ec94afb865519404eb85a273a49b251f8', 'sha256': 'a3b484cc9bfe15bb1017cd43a1a769e63d75991d489b33c8aca1b4b3cb313f87'}, 'dob': {'date': '1955-07-12T14:58:27.114Z', 'age': 68}, 'registered': {'date': '2004-04-07T16:21:26.223Z', 'age': 19}, 'phone': '(098) M66-3664', 'cell': '(098) T05-9243', 'id': {'name': '', 'value': None}, 'picture': {'large': 'https://randomuser.me/api/portraits/women/84.jpg', 'medium': 'https://randomuser.me/api/portraits/med/women/84.jpg', 'thumbnail': 'https://randomuser.me/api/portraits/thumb/women/84.jpg'}, 'nat': 'UA'}], 'info': {'seed': '056b5d375959cb2c', 'results': 1, 'page': 1, 'version': '1.4'}}</msg>
<arg>${json_data}</arg>
<doc>Logs the given message with the given level.</doc>
<status status="PASS" start="2024-04-03T22:12:19.934983" elapsed="0.000235"/>
</kw>
<kw name="Should Be Equal As Numbers" owner="BuiltIn">
<arg>${json_data['results'][0]['location']['postcode']}</arg>
<arg>${json_data['results'][0]['location']['postcode']}</arg>
<doc>Fails if objects are unequal after converting them to real numbers.</doc>
<status status="PASS" start="2024-04-03T22:12:19.935524" elapsed="0.000627"/>
</kw>
<kw name="Log" owner="BuiltIn">
<msg time="2024-04-03T22:12:19.936721" level="INFO">35603</msg>
<arg>${json_data['results'][0]['location']['postcode']}</arg>
<doc>Logs the given message with the given level.</doc>
<status status="PASS" start="2024-04-03T22:12:19.936343" elapsed="0.000418"/>
</kw>
<status status="PASS" start="2024-04-03T22:12:19.903481" elapsed="0.033536"/>
</kw>
<doc>Testa se os tipos de dados na resposta da API estão corretos.</doc>
<tag>testeTiposDados</tag>
<status status="PASS" start="2024-04-03T22:12:19.764482" elapsed="0.172704"/>
</test>
<test id="s1-s1-t5" name="Validar conteudo" line="35">
<kw name="Teste de Tipos de Conteudo" owner="random-user-service">
<kw name="GET On Session" owner="RequestsLibrary">
<msg time="2024-04-03T22:12:20.051215" level="INFO">GET Request : url=https://randomuser.me/api 
 path_url=/api 
 headers={'User-Agent': 'python-requests/2.31.0', 'Accept-Encoding': 'gzip, deflate', 'Accept': '*/*', 'Connection': 'keep-alive'} 
 body=None 
 </msg>
<msg time="2024-04-03T22:12:20.051311" level="INFO">GET Response : url=https://randomuser.me/api 
 status=200, reason=OK 
 headers={'Date': 'Wed, 03 Apr 2024 22:12:20 GMT', 'Content-Type': 'application/json; charset=utf-8', 'Transfer-Encoding': 'chunked', 'Connection': 'keep-alive', 'X-Powered-By': 'Express', 'Access-Control-Allow-Origin': '*', 'Cache-Control': 'no-cache', 'ETag': 'W/"496-k5E/V5LllzOPR+e9JV2IKBkhU6k"', 'Vary': 'Accept-Encoding', 'Content-Encoding': 'gzip', 'CF-Cache-Status': 'DYNAMIC', 'Report-To': '{"endpoints":[{"url":"https:\\/\\/a.nel.cloudflare.com\\/report\\/v4?s=MMbSmxdzYxCZi4ejdx3xXHoU8YiRDld4c2dVe%2Ft5U4TcaH1lD4uDnInFzm9cMPRFOTpQiwnUVQE0K2ksmKUzJcM8qlMKqB9DV77NaV1tdOSOg41i3RD83NHvodluHdyU"}],"group":"cf-nel","max_age":604800}', 'NEL': '{"success_fraction":0,"report_to":"cf-nel","max_age":604800}', 'Server': 'cloudflare', 'CF-RAY': '86ec6648ab3e2d1d-IAD', 'alt-svc': 'h3=":443"; ma=86400'} 
 body={"results":[{"gender":"male","name":{"title":"Mr","first":"Jorge","last":"Duran"},"location":{"street":{"number":469,"name":"Avenida de Andalucía"},"city":"Jerez de la Frontera","state":"Andalucía","country":"Spain","postcode":26375,"coordinates":{"latitude":"-37.0752","longitude":"-114.4058"},"timezone":{"offset":"+8:00","description":"Beijing, Perth, Singapore, Hong Kong"}},"email":"jorge.duran@example.com","login":{"uuid":"93d00602-2bfd-421f-b830-da3053b346a9","username":"bluebear842","password":"kahuna","salt":"kS91ie9D","md5":"4e9ef8f1cab4b1d8253bd637f2bad015","sha1":"f53c2cbe766edeebc8a0e7d8a4086e7624815440","sha256":"17728bf2d1e3fe8d26daebf7a51a857101bc2d9650cc8ef9e99d9f10b827e8d4"},"dob":{"date":"1980-02-27T01:26:56.979Z","age":44},"registered":{"date":"2006-07-20T21:40:32.166Z","age":17},"phone":"932-722-365","cell":"695-803-512","id":{"name":"DNI","value":"26346498-I"},"picture":{"large":"https://randomuser.me/api/portraits/men/5.jpg","medium":"https://randomuser.me/api/portraits/med/men/5.jpg","thumbnail":"https://randomuser.me/api/portraits/thumb/men/5.jpg"},"nat":"ES"}],"info":{"seed":"6ba53754af0d63eb","results":1,"page":1,"version":"1.4"}} 
 </msg>
<msg time="2024-04-03T22:12:20.051384" level="INFO">/opt/hostedtoolcache/Python/3.12.2/x64/lib/python3.12/site-packages/urllib3/connectionpool.py:1103: InsecureRequestWarning: Unverified HTTPS request is being made to host 'randomuser.me'. Adding certificate verification is strongly advised. See: https://urllib3.readthedocs.io/en/latest/advanced-usage.html#tls-warnings
  warnings.warn(</msg>
<msg time="2024-04-03T22:12:20.051532" level="INFO">${response} = &lt;Response [200]&gt;</msg>
<var>${response}</var>
<arg>consultarAPI</arg>
<arg>/api</arg>
<doc>Sends a GET request on a previously created HTTP Session.</doc>
<status status="PASS" start="2024-04-03T22:12:19.939601" elapsed="0.111983"/>
</kw>
<kw name="Set Variable" owner="BuiltIn">
<msg time="2024-04-03T22:12:20.052623" level="INFO">${json_data} = {'results': [{'gender': 'male', 'name': {'title': 'Mr', 'first': 'Jorge', 'last': 'Duran'}, 'location': {'street': {'number': 469, 'name': 'Avenida de Andalucía'}, 'city': 'Jerez de la Frontera', 'sta...</msg>
<var>${json_data}</var>
<arg>${response.json()}</arg>
<doc>Returns the given values which can then be assigned to a variables.</doc>
<status status="PASS" start="2024-04-03T22:12:20.052075" elapsed="0.000577"/>
</kw>
<kw name="Set Variable" owner="BuiltIn">
<msg time="2024-04-03T22:12:20.053344" level="INFO">${name_title} = Mr</msg>
<var>${name_title}</var>
<arg>${json_data["results"][0]["name"]["title"]}</arg>
<doc>Returns the given values which can then be assigned to a variables.</doc>
<status status="PASS" start="2024-04-03T22:12:20.052962" elapsed="0.000407"/>
</kw>
<kw name="Create List" owner="BuiltIn">
<msg time="2024-04-03T22:12:20.053816" level="INFO">${allowed_titles} = ['Mr', 'Ms', 'Miss', 'Mrs', 'Madame', 'Monsieur']</msg>
<var>${allowed_titles}</var>
<arg>Mr</arg>
<arg>Ms</arg>
<arg>Miss</arg>
<arg>Mrs</arg>
<arg>Madame</arg>
<arg>Monsieur</arg>
<doc>Returns a list containing given items.</doc>
<status status="PASS" start="2024-04-03T22:12:20.053668" elapsed="0.000173"/>
</kw>
<kw name="List Should Contain Value" owner="Collections">
<msg time="2024-04-03T22:12:20.054337" level="INFO">False</msg>
<arg>${allowed_titles}</arg>
<arg>${name_title}</arg>
<doc>Fails if the ``value`` is not found from ``list``.</doc>
<status status="PASS" start="2024-04-03T22:12:20.054159" elapsed="0.000216"/>
</kw>
<kw name="Set Variable" owner="BuiltIn">
<msg time="2024-04-03T22:12:20.055052" level="INFO">${name_country} = ES</msg>
<var>${name_country}</var>
<arg>${json_data["results"][0]["nat"]}</arg>
<doc>Returns the given values which can then be assigned to a variables.</doc>
<status status="PASS" start="2024-04-03T22:12:20.054670" elapsed="0.000407"/>
</kw>
<kw name="Create List" owner="BuiltIn">
<msg time="2024-04-03T22:12:20.055981" level="INFO">${list_country} = ['AD', 'AE', 'AF', 'AG', 'AI', 'AL', 'AM', 'AO', 'AQ', 'AR', 'AS', 'AT', 'AU', 'AW', 'AX', 'AZ', 'BA', 'BB', 'BD', 'BE', 'BF', 'BG', 'BH', 'BI', 'BJ', 'BL', 'BM', 'BN', 'BO', 'BQ', 'BR', 'BS', 'BT', '...</msg>
<var>${list_country}</var>
<arg>AD</arg>
<arg>AE</arg>
<arg>AF</arg>
<arg>AG</arg>
<arg>AI</arg>
<arg>AL</arg>
<arg>AM</arg>
<arg>AO</arg>
<arg>AQ</arg>
<arg>AR</arg>
<arg>AS</arg>
<arg>AT</arg>
<arg>AU</arg>
<arg>AW</arg>
<arg>AX</arg>
<arg>AZ</arg>
<arg>BA</arg>
<arg>BB</arg>
<arg>BD</arg>
<arg>BE</arg>
<arg>BF</arg>
<arg>BG</arg>
<arg>BH</arg>
<arg>BI</arg>
<arg>BJ</arg>
<arg>BL</arg>
<arg>BM</arg>
<arg>BN</arg>
<arg>BO</arg>
<arg>BQ</arg>
<arg>BR</arg>
<arg>BS</arg>
<arg>BT</arg>
<arg>BV</arg>
<arg>BW</arg>
<arg>BY</arg>
<arg>BZ</arg>
<arg>CA</arg>
<arg>CC</arg>
<arg>CD</arg>
<arg>CF</arg>
<arg>CG</arg>
<arg>CH</arg>
<arg>CI</arg>
<arg>CK</arg>
<arg>CL</arg>
<arg>CM</arg>
<arg>CN</arg>
<arg>CO</arg>
<arg>CR</arg>
<arg>CU</arg>
<arg>CV</arg>
<arg>CW</arg>
<arg>CX</arg>
<arg>CY</arg>
<arg>CZ</arg>
<arg>DE</arg>
<arg>DJ</arg>
<arg>DK</arg>
<arg>DM</arg>
<arg>DO</arg>
<arg>DZ</arg>
<arg>EC</arg>
<arg>EE</arg>
<arg>EG</arg>
<arg>EH</arg>
<arg>ER</arg>
<arg>ES</arg>
<arg>ET</arg>
<arg>FI</arg>
<arg>FJ</arg>
<arg>FK</arg>
<arg>FM</arg>
<arg>FO</arg>
<arg>FR</arg>
<arg>GA</arg>
<arg>GB</arg>
<arg>GD</arg>
<arg>GE</arg>
<arg>GF</arg>
<arg>GG</arg>
<arg>GH</arg>
<arg>GI</arg>
<arg>GL</arg>
<arg>GM</arg>
<arg>GN</arg>
<arg>GP</arg>
<arg>GQ</arg>
<arg>GR</arg>
<arg>GS</arg>
<arg>GT</arg>
<arg>GU</arg>
<arg>GW</arg>
<arg>GY</arg>
<arg>HK</arg>
<arg>HM</arg>
<arg>HN</arg>
<arg>HR</arg>
<arg>HT</arg>
<arg>HU</arg>
<arg>ID</arg>
<arg>IE</arg>
<arg>IL</arg>
<arg>IM</arg>
<arg>IN</arg>
<arg>IO</arg>
<arg>IQ</arg>
<arg>IR</arg>
<arg>IS</arg>
<arg>IT</arg>
<arg>JE</arg>
<arg>JM</arg>
<arg>JO</arg>
<arg>JP</arg>
<arg>KE</arg>
<arg>KG</arg>
<arg>KH</arg>
<arg>KI</arg>
<arg>KM</arg>
<arg>KN</arg>
<arg>KP</arg>
<arg>KR</arg>
<arg>KW</arg>
<arg>KY</arg>
<arg>KZ</arg>
<arg>LA</arg>
<arg>LB</arg>
<arg>LC</arg>
<arg>LI</arg>
<arg>LK</arg>
<arg>LR</arg>
<arg>LS</arg>
<arg>LT</arg>
<arg>LU</arg>
<arg>LV</arg>
<arg>LY</arg>
<arg>MA</arg>
<arg>MC</arg>
<arg>MD</arg>
<arg>ME</arg>
<arg>MF</arg>
<arg>MG</arg>
<arg>MH</arg>
<arg>MK</arg>
<arg>ML</arg>
<arg>MM</arg>
<arg>MN</arg>
<arg>MO</arg>
<arg>MP</arg>
<arg>MQ</arg>
<arg>MR</arg>
<arg>MS</arg>
<arg>MT</arg>
<arg>MU</arg>
<arg>MV</arg>
<arg>MW</arg>
<arg>MX</arg>
<arg>MY</arg>
<arg>MZ</arg>
<arg>NA</arg>
<arg>NC</arg>
<arg>NE</arg>
<arg>NF</arg>
<arg>NG</arg>
<arg>NI</arg>
<arg>NL</arg>
<arg>NO</arg>
<arg>NP</arg>
<arg>NR</arg>
<arg>NU</arg>
<arg>NZ</arg>
<arg>OM</arg>
<arg>PA</arg>
<arg>PE</arg>
<arg>PF</arg>
<arg>PG</arg>
<arg>PH</arg>
<arg>PK</arg>
<arg>PL</arg>
<arg>PM</arg>
<arg>PN</arg>
<arg>PR</arg>
<arg>PS</arg>
<arg>PT</arg>
<arg>PW</arg>
<arg>PY</arg>
<arg>QA</arg>
<arg>RE</arg>
<arg>RO</arg>
<arg>RS</arg>
<arg>RU</arg>
<arg>RW</arg>
<arg>SA</arg>
<arg>SB</arg>
<arg>SC</arg>
<arg>SD</arg>
<arg>SE</arg>
<arg>SG</arg>
<arg>SH</arg>
<arg>SI</arg>
<arg>SJ</arg>
<arg>SK</arg>
<arg>SL</arg>
<arg>SM</arg>
<arg>SN</arg>
<arg>SO</arg>
<arg>SR</arg>
<arg>SS</arg>
<arg>ST</arg>
<arg>SV</arg>
<arg>SX</arg>
<arg>SY</arg>
<arg>SZ</arg>
<arg>TC</arg>
<arg>TD</arg>
<arg>TF</arg>
<arg>TG</arg>
<arg>TH</arg>
<arg>TJ</arg>
<arg>TK</arg>
<arg>TL</arg>
<arg>TM</arg>
<arg>TN</arg>
<arg>TO</arg>
<arg>TR</arg>
<arg>TT</arg>
<arg>TV</arg>
<arg>TW</arg>
<arg>TZ</arg>
<arg>UA</arg>
<arg>UG</arg>
<arg>UM</arg>
<arg>US</arg>
<arg>UY</arg>
<arg>UZ</arg>
<arg>VA</arg>
<arg>VC</arg>
<arg>VE</arg>
<arg>VG</arg>
<arg>VI</arg>
<arg>VN</arg>
<arg>VU</arg>
<arg>WF</arg>
<arg>WS</arg>
<arg>XK</arg>
<arg>YE</arg>
<arg>YT</arg>
<arg>ZA</arg>
<arg>ZM</arg>
<arg>ZW</arg>
<doc>Returns a list containing given items.</doc>
<status status="PASS" start="2024-04-03T22:12:20.055384" elapsed="0.000622"/>
</kw>
<kw name="List Should Contain Value" owner="Collections">
<msg time="2024-04-03T22:12:20.057160" level="INFO">False</msg>
<arg>${list_country}</arg>
<arg>${name_country}</arg>
<doc>Fails if the ``value`` is not found from ``list``.</doc>
<status status="PASS" start="2024-04-03T22:12:20.056951" elapsed="0.000247"/>
</kw>
<kw name="Run Keyword If" owner="BuiltIn">
<kw name="Should Be True" owner="BuiltIn">
<arg>${True}</arg>
<doc>Fails if the given condition is not true.</doc>
<status status="PASS" start="2024-04-03T22:12:20.058275" elapsed="0.000146"/>
</kw>
<arg>${json_data["results"][0]["location"]["coordinates"]["latitude"]} &gt;= -90 and ${json_data["results"][0]["location"]["coordinates"]["latitude"]} &lt;= 90</arg>
<arg>Should Be True</arg>
<arg>${True}</arg>
<doc>Runs the given keyword with the given arguments, if ``condition`` is true.</doc>
<status status="PASS" start="2024-04-03T22:12:20.057514" elapsed="0.001035"/>
</kw>
<kw name="Run Keyword If" owner="BuiltIn">
<kw name="Should Be True" owner="BuiltIn">
<arg>${True}</arg>
<doc>Fails if the given condition is not true.</doc>
<status status="PASS" start="2024-04-03T22:12:20.059432" elapsed="0.000138"/>
</kw>
<arg>${json_data["results"][0]["location"]["coordinates"]["longitude"]} &gt;= -180 and ${json_data["results"][0]["location"]["coordinates"]["longitude"]} &lt;= 180</arg>
<arg>Should Be True</arg>
<arg>${True}</arg>
<doc>Runs the given keyword with the given arguments, if ``condition`` is true.</doc>
<status status="PASS" start="2024-04-03T22:12:20.058737" elapsed="0.000958"/>
</kw>
<status status="PASS" start="2024-04-03T22:12:19.939378" elapsed="0.120450"/>
</kw>
<doc>Testa o conteúdo específico dos campos retornados pela API.</doc>
<tag>testeConteudo</tag>
<status status="PASS" start="2024-04-03T22:12:19.938920" elapsed="0.121059"/>
</test>
<status status="PASS" start="2024-04-03T22:12:18.722812" elapsed="1.339151"/>
</suite>
<status status="PASS" start="2024-04-03T22:12:18.708364" elapsed="1.358906"/>
</suite>
<statistics>
<total>
<stat pass="5" fail="0" skip="0">All Tests</stat>
</total>
<tag>
<stat pass="1" fail="0" skip="0">testeConteudo</stat>
<stat pass="1" fail="0" skip="0">testeEstruturaResposta</stat>
<stat pass="1" fail="0" skip="0">testeRequisicaoBasica</stat>
<stat pass="1" fail="0" skip="0">testeTiposDados</stat>
</tag>
<suite>
<stat pass="5" fail="0" skip="0" id="s1" name="Tests">Tests</stat>
<stat pass="5" fail="0" skip="0" id="s1-s1" name="Random-User-Test">Tests.Random-User-Test</stat>
</suite>
</statistics>
<errors>
</errors>
</robot>
