<?xml version="1.0" encoding="UTF-8"?>
<robot generator="Robot 7.0 (Python 3.12.3 on linux)" generated="2024-05-24T21:14:05.111612" rpa="false" schemaversion="5">
<suite id="s1" name="Tests" source="/home/runner/work/DesafioQAItauRogerioJordao/DesafioQAItauRogerioJordao/RamdonUser/tests">
<suite id="s1-s1" name="Random-User-Test" source="/home/runner/work/DesafioQAItauRogerioJordao/DesafioQAItauRogerioJordao/RamdonUser/tests/random-user-test.robot">
<test id="s1-s1-t1" name="Conectar" line="13">
<kw name="Conectar API" owner="random-user-service">
<kw name="Create Session" owner="RequestsLibrary">
<msg time="2024-05-24T21:14:05.508567" level="INFO">Creating Session using : alias=consultarAPI, url=https://randomuser.me/, headers={},                     cookies={}, auth=None, timeout=None, proxies=None, verify=False,                     debug=0 </msg>
<arg>consultarAPI</arg>
<arg>${URL}</arg>
<doc>Create Session: create a HTTP session to a server</doc>
<status status="PASS" start="2024-05-24T21:14:05.508355" elapsed="0.000406"/>
</kw>
<status status="PASS" start="2024-05-24T21:14:05.507270" elapsed="0.001874"/>
</kw>
<status status="PASS" start="2024-05-24T21:14:05.506607" elapsed="0.002733"/>
</test>
<test id="s1-s1-t2" name="Validar retorno 200 e JSON Válido" line="16">
<kw name="Teste de Requisicao Basica" owner="random-user-service">
<kw name="GET On Session" owner="RequestsLibrary">
<msg time="2024-05-24T21:14:05.604896" level="INFO">GET Request : url=https://randomuser.me/api 
 path_url=/api 
 headers={'User-Agent': 'python-requests/2.32.2', 'Accept-Encoding': 'gzip, deflate', 'Accept': '*/*', 'Connection': 'keep-alive'} 
 body=None 
 </msg>
<msg time="2024-05-24T21:14:05.605066" level="INFO">GET Response : url=https://randomuser.me/api 
 status=200, reason=OK 
 headers={'Date': 'Fri, 24 May 2024 21:14:05 GMT', 'Content-Type': 'application/json; charset=utf-8', 'Transfer-Encoding': 'chunked', 'Connection': 'keep-alive', 'X-Powered-By': 'Express', 'Access-Control-Allow-Origin': '*', 'Cache-Control': 'no-cache', 'ETag': 'W/"497-4xW9GdXFDSWmO96XUP/63Ai/DOA"', 'Vary': 'Accept-Encoding', 'Content-Encoding': 'gzip', 'CF-Cache-Status': 'DYNAMIC', 'Report-To': '{"endpoints":[{"url":"https:\\/\\/a.nel.cloudflare.com\\/report\\/v4?s=UkwVT6fvc%2Br%2BOxVKwkDHqva59uBdBSqc2Pu1%2FhuuZtEYGUolqwkshavhtTR7CpAIv03X%2BSwq2Z18TBrgdwQ5cPM5FP2DZGwrIEt3D%2FZtcs%2F3KwicMkxM67KtFUryYvxT"}],"group":"cf-nel","max_age":604800}', 'NEL': '{"success_fraction":0,"report_to":"cf-nel","max_age":604800}', 'Server': 'cloudflare', 'CF-RAY': '88904b18b801690b-IAD', 'alt-svc': 'h3=":443"; ma=86400'} 
 body={"results":[{"gender":"male","name":{"title":"Mr","first":"Bruno","last":"Rico"},"location":{"street":{"number":1539,"name":"Eje vial Sur Romero"},"city":"Chignahuapan","state":"Yucatan","country":"Mexico","postcode":44979,"coordinates":{"latitude":"29.5264","longitude":"-172.3308"},"timezone":{"offset":"+5:30","description":"Bombay, Calcutta, Madras, New Delhi"}},"email":"bruno.rico@example.com","login":{"uuid":"2bb2a2f6-1fb3-4188-80c9-1b2da558ea61","username":"smallmeercat178","password":"1021","salt":"g0QneIFp","md5":"f5b3cb5b2ce8c45e31e62b5312b7fa5e","sha1":"5c781f0dcc8ca762ab02d34f157a81c6d0a10840","sha256":"7bd4cfb2a3139b9e2004cb33e347f087821460889a785a89eb8010f8e2ba94d1"},"dob":{"date":"1986-04-10T18:09:08.456Z","age":38},"registered":{"date":"2004-11-24T13:50:39.652Z","age":19},"phone":"(663) 358 6413","cell":"(650) 673 8773","id":{"name":"NSS","value":"35 31 77 8631 3"},"picture":{"large":"https://randomuser.me/api/portraits/men/84.jpg","medium":"https://randomuser.me/api/portraits/med/men/84.jpg","thumbnail":"https://randomuser.me/api/portraits/thumb/men/84.jpg"},"nat":"MX"}],"info":{"seed":"9f59484956a38921","results":1,"page":1,"version":"1.4"}} 
 </msg>
<msg time="2024-05-24T21:14:05.605153" level="INFO">/opt/hostedtoolcache/Python/3.12.3/x64/lib/python3.12/site-packages/urllib3/connectionpool.py:1103: InsecureRequestWarning: Unverified HTTPS request is being made to host 'randomuser.me'. Adding certificate verification is strongly advised. See: https://urllib3.readthedocs.io/en/latest/advanced-usage.html#tls-warnings
  warnings.warn(</msg>
<msg time="2024-05-24T21:14:05.605315" level="INFO">${response} = &lt;Response [200]&gt;</msg>
<var>${response}</var>
<arg>consultarAPI</arg>
<arg>/api</arg>
<doc>Sends a GET request on a previously created HTTP Session.</doc>
<status status="PASS" start="2024-05-24T21:14:05.512119" elapsed="0.093239"/>
</kw>
<kw name="Should Be Equal As Numbers" owner="BuiltIn">
<msg time="2024-05-24T21:14:05.606626" level="INFO">Argument types are:
&lt;class 'int'&gt;
&lt;class 'str'&gt;</msg>
<arg>${response.status_code}</arg>
<arg>200</arg>
<doc>Fails if objects are unequal after converting them to real numbers.</doc>
<status status="PASS" start="2024-05-24T21:14:05.606049" elapsed="0.000650"/>
</kw>
<kw name="Log" owner="BuiltIn">
<msg time="2024-05-24T21:14:05.607430" level="INFO">200</msg>
<arg>${response.status_code}</arg>
<doc>Logs the given message with the given level.</doc>
<status status="PASS" start="2024-05-24T21:14:05.607073" elapsed="0.000407"/>
</kw>
<kw name="Set Variable" owner="BuiltIn">
<msg time="2024-05-24T21:14:05.608246" level="INFO">${json_data} = {'results': [{'gender': 'male', 'name': {'title': 'Mr', 'first': 'Bruno', 'last': 'Rico'}, 'location': {'street': {'number': 1539, 'name': 'Eje vial Sur Romero'}, 'city': 'Chignahuapan', 'state': 'Yuc...</msg>
<var>${json_data}</var>
<arg>${response.json()}</arg>
<doc>Returns the given values which can then be assigned to a variables.</doc>
<status status="PASS" start="2024-05-24T21:14:05.607806" elapsed="0.000469"/>
</kw>
<kw name="Dictionary Should Contain Key" owner="Collections">
<msg time="2024-05-24T21:14:05.608764" level="INFO">False</msg>
<arg>${json_data}</arg>
<arg>results</arg>
<doc>Fails if ``key`` is not found from ``dictionary``.</doc>
<status status="PASS" start="2024-05-24T21:14:05.608581" elapsed="0.000399"/>
</kw>
<status status="PASS" start="2024-05-24T21:14:05.511860" elapsed="0.097390"/>
</kw>
<doc>Testa se a API responde corretamente e retorna um objeto JSON válido.</doc>
<tag>testeRequisicaoBasica</tag>
<status status="PASS" start="2024-05-24T21:14:05.511273" elapsed="0.098170"/>
</test>
<test id="s1-s1-t3" name="Validar estrutura de resposta" line="22">
<kw name="Teste de Estrutura de Resposta" owner="random-user-service">
<kw name="GET On Session" owner="RequestsLibrary">
<msg time="2024-05-24T21:14:05.703737" level="INFO">GET Request : url=https://randomuser.me/api 
 path_url=/api 
 headers={'User-Agent': 'python-requests/2.32.2', 'Accept-Encoding': 'gzip, deflate', 'Accept': '*/*', 'Connection': 'keep-alive'} 
 body=None 
 </msg>
<msg time="2024-05-24T21:14:05.703845" level="INFO">GET Response : url=https://randomuser.me/api 
 status=200, reason=OK 
 headers={'Date': 'Fri, 24 May 2024 21:14:05 GMT', 'Content-Type': 'application/json; charset=utf-8', 'Transfer-Encoding': 'chunked', 'Connection': 'keep-alive', 'X-Powered-By': 'Express', 'Access-Control-Allow-Origin': '*', 'Cache-Control': 'no-cache', 'ETag': 'W/"490-Y/OZd/GrVIcGhToRihYvOyEVQTY"', 'Vary': 'Accept-Encoding', 'Content-Encoding': 'gzip', 'CF-Cache-Status': 'DYNAMIC', 'Report-To': '{"endpoints":[{"url":"https:\\/\\/a.nel.cloudflare.com\\/report\\/v4?s=7h33969Osg2ckVmgcicHNFNxjec7DCtrzotKgSdS3FfrkjclRlcIcyOQcbdM%2Bp7PWDCHwbPSuubU5W%2BQtXcQOkZhERJ027a%2Ftd%2BYAUjnp1qh%2FLW8pcOY1Hq27jFOMbwL"}],"group":"cf-nel","max_age":604800}', 'NEL': '{"success_fraction":0,"report_to":"cf-nel","max_age":604800}', 'Server': 'cloudflare', 'CF-RAY': '88904b19188c690b-IAD', 'alt-svc': 'h3=":443"; ma=86400'} 
 body={"results":[{"gender":"female","name":{"title":"Mrs","first":"Miriam","last":"Núñez"},"location":{"street":{"number":7785,"name":"Calle de Téllez"},"city":"Vigo","state":"Comunidad de Madrid","country":"Spain","postcode":69539,"coordinates":{"latitude":"-37.9095","longitude":"157.4080"},"timezone":{"offset":"+2:00","description":"Kaliningrad, South Africa"}},"email":"miriam.nunez@example.com","login":{"uuid":"aa68cbf8-a24c-47a7-8ab5-55271eede386","username":"greengoose398","password":"remingto","salt":"ltXCPEUO","md5":"7fc698a794aa594c82dfc201545f8973","sha1":"cad1ea1ea138fd8533e0aa0dbae0b16c6ad2a786","sha256":"79bd605eb7683750bef84f596c92bf7bc4e7123f392af422ad4455129daac88c"},"dob":{"date":"1952-12-08T20:29:58.405Z","age":71},"registered":{"date":"2011-05-30T16:38:55.778Z","age":12},"phone":"988-892-547","cell":"666-255-703","id":{"name":"DNI","value":"75488796-R"},"picture":{"large":"https://randomuser.me/api/portraits/women/9.jpg","medium":"https://randomuser.me/api/portraits/med/women/9.jpg","thumbnail":"https://randomuser.me/api/portraits/thumb/women/9.jpg"},"nat":"ES"}],"info":{"seed":"ce48e810b1ef7ed4","results":1,"page":1,"version":"1.4"}} 
 </msg>
<msg time="2024-05-24T21:14:05.703983" level="INFO">/opt/hostedtoolcache/Python/3.12.3/x64/lib/python3.12/site-packages/urllib3/connectionpool.py:1103: InsecureRequestWarning: Unverified HTTPS request is being made to host 'randomuser.me'. Adding certificate verification is strongly advised. See: https://urllib3.readthedocs.io/en/latest/advanced-usage.html#tls-warnings
  warnings.warn(</msg>
<msg time="2024-05-24T21:14:05.704123" level="INFO">${response} = &lt;Response [200]&gt;</msg>
<var>${response}</var>
<arg>consultarAPI</arg>
<arg>/api</arg>
<doc>Sends a GET request on a previously created HTTP Session.</doc>
<status status="PASS" start="2024-05-24T21:14:05.612251" elapsed="0.091913"/>
</kw>
<kw name="Set Variable" owner="BuiltIn">
<msg time="2024-05-24T21:14:05.705414" level="INFO">${json_data} = {'results': [{'gender': 'female', 'name': {'title': 'Mrs', 'first': 'Miriam', 'last': 'Núñez'}, 'location': {'street': {'number': 7785, 'name': 'Calle de Téllez'}, 'city': 'Vigo', 'state': 'Comunidad ...</msg>
<var>${json_data}</var>
<arg>${response.json()}</arg>
<doc>Returns the given values which can then be assigned to a variables.</doc>
<status status="PASS" start="2024-05-24T21:14:05.704810" elapsed="0.000635"/>
</kw>
<kw name="Log" owner="BuiltIn">
<msg time="2024-05-24T21:14:05.705926" level="INFO">{'results': [{'gender': 'female', 'name': {'title': 'Mrs', 'first': 'Miriam', 'last': 'Núñez'}, 'location': {'street': {'number': 7785, 'name': 'Calle de Téllez'}, 'city': 'Vigo', 'state': 'Comunidad de Madrid', 'country': 'Spain', 'postcode': 69539, 'coordinates': {'latitude': '-37.9095', 'longitude': '157.4080'}, 'timezone': {'offset': '+2:00', 'description': 'Kaliningrad, South Africa'}}, 'email': 'miriam.nunez@example.com', 'login': {'uuid': 'aa68cbf8-a24c-47a7-8ab5-55271eede386', 'username': 'greengoose398', 'password': 'remingto', 'salt': 'ltXCPEUO', 'md5': '7fc698a794aa594c82dfc201545f8973', 'sha1': 'cad1ea1ea138fd8533e0aa0dbae0b16c6ad2a786', 'sha256': '79bd605eb7683750bef84f596c92bf7bc4e7123f392af422ad4455129daac88c'}, 'dob': {'date': '1952-12-08T20:29:58.405Z', 'age': 71}, 'registered': {'date': '2011-05-30T16:38:55.778Z', 'age': 12}, 'phone': '988-892-547', 'cell': '666-255-703', 'id': {'name': 'DNI', 'value': '75488796-R'}, 'picture': {'large': 'https://randomuser.me/api/portraits/women/9.jpg', 'medium': 'https://randomuser.me/api/portraits/med/women/9.jpg', 'thumbnail': 'https://randomuser.me/api/portraits/thumb/women/9.jpg'}, 'nat': 'ES'}], 'info': {'seed': 'ce48e810b1ef7ed4', 'results': 1, 'page': 1, 'version': '1.4'}}</msg>
<arg>${json_data}</arg>
<doc>Logs the given message with the given level.</doc>
<status status="PASS" start="2024-05-24T21:14:05.705764" elapsed="0.000212"/>
</kw>
<kw name="Dictionary Should Contain Key" owner="Collections">
<msg time="2024-05-24T21:14:05.706429" level="INFO">False</msg>
<arg>${json_data}</arg>
<arg>results</arg>
<doc>Fails if ``key`` is not found from ``dictionary``.</doc>
<status status="PASS" start="2024-05-24T21:14:05.706273" elapsed="0.000231"/>
</kw>
<kw name="Should Not Be Empty" owner="BuiltIn">
<msg time="2024-05-24T21:14:05.706955" level="INFO">Length is 2.</msg>
<arg>${json_data}</arg>
<doc>Verifies that the given item is not empty.</doc>
<status status="PASS" start="2024-05-24T21:14:05.706817" elapsed="0.000177"/>
</kw>
<kw name="Create List" owner="BuiltIn">
<msg time="2024-05-24T21:14:05.707440" level="INFO">${expected_keys} = ['gender', 'name', 'location', 'email', 'login']</msg>
<var>${expected_keys}</var>
<arg>gender</arg>
<arg>name</arg>
<arg>location</arg>
<arg>email</arg>
<arg>login</arg>
<doc>Returns a list containing given items.</doc>
<status status="PASS" start="2024-05-24T21:14:05.707289" elapsed="0.000175"/>
</kw>
<for flavor="IN">
<iter>
<kw name="Dictionary Should Contain Key" owner="Collections">
<msg time="2024-05-24T21:14:05.708462" level="INFO">False</msg>
<arg>${json_data['results'][0]}</arg>
<arg>${key}</arg>
<doc>Fails if ``key`` is not found from ``dictionary``.</doc>
<status status="PASS" start="2024-05-24T21:14:05.708054" elapsed="0.000453"/>
</kw>
<kw name="Log" owner="BuiltIn">
<msg time="2024-05-24T21:14:05.709183" level="INFO">{'gender': 'female', 'name': {'title': 'Mrs', 'first': 'Miriam', 'last': 'Núñez'}, 'location': {'street': {'number': 7785, 'name': 'Calle de Téllez'}, 'city': 'Vigo', 'state': 'Comunidad de Madrid', 'country': 'Spain', 'postcode': 69539, 'coordinates': {'latitude': '-37.9095', 'longitude': '157.4080'}, 'timezone': {'offset': '+2:00', 'description': 'Kaliningrad, South Africa'}}, 'email': 'miriam.nunez@example.com', 'login': {'uuid': 'aa68cbf8-a24c-47a7-8ab5-55271eede386', 'username': 'greengoose398', 'password': 'remingto', 'salt': 'ltXCPEUO', 'md5': '7fc698a794aa594c82dfc201545f8973', 'sha1': 'cad1ea1ea138fd8533e0aa0dbae0b16c6ad2a786', 'sha256': '79bd605eb7683750bef84f596c92bf7bc4e7123f392af422ad4455129daac88c'}, 'dob': {'date': '1952-12-08T20:29:58.405Z', 'age': 71}, 'registered': {'date': '2011-05-30T16:38:55.778Z', 'age': 12}, 'phone': '988-892-547', 'cell': '666-255-703', 'id': {'name': 'DNI', 'value': '75488796-R'}, 'picture': {'large': 'https://randomuser.me/api/portraits/women/9.jpg', 'medium': 'https://randomuser.me/api/portraits/med/women/9.jpg', 'thumbnail': 'https://randomuser.me/api/portraits/thumb/women/9.jpg'}, 'nat': 'ES'}</msg>
<arg>${json_data['results'][0]}</arg>
<doc>Logs the given message with the given level.</doc>
<status status="PASS" start="2024-05-24T21:14:05.708812" elapsed="0.000431"/>
</kw>
<kw name="Log" owner="BuiltIn">
<msg time="2024-05-24T21:14:05.709667" level="INFO">gender</msg>
<arg>${key}</arg>
<doc>Logs the given message with the given level.</doc>
<status status="PASS" start="2024-05-24T21:14:05.709541" elapsed="0.000163"/>
</kw>
<var name="${key}">gender</var>
<status status="PASS" start="2024-05-24T21:14:05.707927" elapsed="0.001996"/>
</iter>
<iter>
<kw name="Dictionary Should Contain Key" owner="Collections">
<msg time="2024-05-24T21:14:05.710647" level="INFO">False</msg>
<arg>${json_data['results'][0]}</arg>
<arg>${key}</arg>
<doc>Fails if ``key`` is not found from ``dictionary``.</doc>
<status status="PASS" start="2024-05-24T21:14:05.710228" elapsed="0.000457"/>
</kw>
<kw name="Log" owner="BuiltIn">
<msg time="2024-05-24T21:14:05.711399" level="INFO">{'gender': 'female', 'name': {'title': 'Mrs', 'first': 'Miriam', 'last': 'Núñez'}, 'location': {'street': {'number': 7785, 'name': 'Calle de Téllez'}, 'city': 'Vigo', 'state': 'Comunidad de Madrid', 'country': 'Spain', 'postcode': 69539, 'coordinates': {'latitude': '-37.9095', 'longitude': '157.4080'}, 'timezone': {'offset': '+2:00', 'description': 'Kaliningrad, South Africa'}}, 'email': 'miriam.nunez@example.com', 'login': {'uuid': 'aa68cbf8-a24c-47a7-8ab5-55271eede386', 'username': 'greengoose398', 'password': 'remingto', 'salt': 'ltXCPEUO', 'md5': '7fc698a794aa594c82dfc201545f8973', 'sha1': 'cad1ea1ea138fd8533e0aa0dbae0b16c6ad2a786', 'sha256': '79bd605eb7683750bef84f596c92bf7bc4e7123f392af422ad4455129daac88c'}, 'dob': {'date': '1952-12-08T20:29:58.405Z', 'age': 71}, 'registered': {'date': '2011-05-30T16:38:55.778Z', 'age': 12}, 'phone': '988-892-547', 'cell': '666-255-703', 'id': {'name': 'DNI', 'value': '75488796-R'}, 'picture': {'large': 'https://randomuser.me/api/portraits/women/9.jpg', 'medium': 'https://randomuser.me/api/portraits/med/women/9.jpg', 'thumbnail': 'https://randomuser.me/api/portraits/thumb/women/9.jpg'}, 'nat': 'ES'}</msg>
<arg>${json_data['results'][0]}</arg>
<doc>Logs the given message with the given level.</doc>
<status status="PASS" start="2024-05-24T21:14:05.711014" elapsed="0.000435"/>
</kw>
<kw name="Log" owner="BuiltIn">
<msg time="2024-05-24T21:14:05.711881" level="INFO">name</msg>
<arg>${key}</arg>
<doc>Logs the given message with the given level.</doc>
<status status="PASS" start="2024-05-24T21:14:05.711753" elapsed="0.000165"/>
</kw>
<var name="${key}">name</var>
<status status="PASS" start="2024-05-24T21:14:05.710111" elapsed="0.002031"/>
</iter>
<iter>
<kw name="Dictionary Should Contain Key" owner="Collections">
<msg time="2024-05-24T21:14:05.712816" level="INFO">False</msg>
<arg>${json_data['results'][0]}</arg>
<arg>${key}</arg>
<doc>Fails if ``key`` is not found from ``dictionary``.</doc>
<status status="PASS" start="2024-05-24T21:14:05.712433" elapsed="0.000421"/>
</kw>
<kw name="Log" owner="BuiltIn">
<msg time="2024-05-24T21:14:05.713515" level="INFO">{'gender': 'female', 'name': {'title': 'Mrs', 'first': 'Miriam', 'last': 'Núñez'}, 'location': {'street': {'number': 7785, 'name': 'Calle de Téllez'}, 'city': 'Vigo', 'state': 'Comunidad de Madrid', 'country': 'Spain', 'postcode': 69539, 'coordinates': {'latitude': '-37.9095', 'longitude': '157.4080'}, 'timezone': {'offset': '+2:00', 'description': 'Kaliningrad, South Africa'}}, 'email': 'miriam.nunez@example.com', 'login': {'uuid': 'aa68cbf8-a24c-47a7-8ab5-55271eede386', 'username': 'greengoose398', 'password': 'remingto', 'salt': 'ltXCPEUO', 'md5': '7fc698a794aa594c82dfc201545f8973', 'sha1': 'cad1ea1ea138fd8533e0aa0dbae0b16c6ad2a786', 'sha256': '79bd605eb7683750bef84f596c92bf7bc4e7123f392af422ad4455129daac88c'}, 'dob': {'date': '1952-12-08T20:29:58.405Z', 'age': 71}, 'registered': {'date': '2011-05-30T16:38:55.778Z', 'age': 12}, 'phone': '988-892-547', 'cell': '666-255-703', 'id': {'name': 'DNI', 'value': '75488796-R'}, 'picture': {'large': 'https://randomuser.me/api/portraits/women/9.jpg', 'medium': 'https://randomuser.me/api/portraits/med/women/9.jpg', 'thumbnail': 'https://randomuser.me/api/portraits/thumb/women/9.jpg'}, 'nat': 'ES'}</msg>
<arg>${json_data['results'][0]}</arg>
<doc>Logs the given message with the given level.</doc>
<status status="PASS" start="2024-05-24T21:14:05.713150" elapsed="0.000416"/>
</kw>
<kw name="Log" owner="BuiltIn">
<msg time="2024-05-24T21:14:05.713996" level="INFO">location</msg>
<arg>${key}</arg>
<doc>Logs the given message with the given level.</doc>
<status status="PASS" start="2024-05-24T21:14:05.713865" elapsed="0.000169"/>
</kw>
<var name="${key}">location</var>
<status status="PASS" start="2024-05-24T21:14:05.712320" elapsed="0.001932"/>
</iter>
<iter>
<kw name="Dictionary Should Contain Key" owner="Collections">
<msg time="2024-05-24T21:14:05.715065" level="INFO">False</msg>
<arg>${json_data['results'][0]}</arg>
<arg>${key}</arg>
<doc>Fails if ``key`` is not found from ``dictionary``.</doc>
<status status="PASS" start="2024-05-24T21:14:05.714562" elapsed="0.000542"/>
</kw>
<kw name="Log" owner="BuiltIn">
<msg time="2024-05-24T21:14:05.715765" level="INFO">{'gender': 'female', 'name': {'title': 'Mrs', 'first': 'Miriam', 'last': 'Núñez'}, 'location': {'street': {'number': 7785, 'name': 'Calle de Téllez'}, 'city': 'Vigo', 'state': 'Comunidad de Madrid', 'country': 'Spain', 'postcode': 69539, 'coordinates': {'latitude': '-37.9095', 'longitude': '157.4080'}, 'timezone': {'offset': '+2:00', 'description': 'Kaliningrad, South Africa'}}, 'email': 'miriam.nunez@example.com', 'login': {'uuid': 'aa68cbf8-a24c-47a7-8ab5-55271eede386', 'username': 'greengoose398', 'password': 'remingto', 'salt': 'ltXCPEUO', 'md5': '7fc698a794aa594c82dfc201545f8973', 'sha1': 'cad1ea1ea138fd8533e0aa0dbae0b16c6ad2a786', 'sha256': '79bd605eb7683750bef84f596c92bf7bc4e7123f392af422ad4455129daac88c'}, 'dob': {'date': '1952-12-08T20:29:58.405Z', 'age': 71}, 'registered': {'date': '2011-05-30T16:38:55.778Z', 'age': 12}, 'phone': '988-892-547', 'cell': '666-255-703', 'id': {'name': 'DNI', 'value': '75488796-R'}, 'picture': {'large': 'https://randomuser.me/api/portraits/women/9.jpg', 'medium': 'https://randomuser.me/api/portraits/med/women/9.jpg', 'thumbnail': 'https://randomuser.me/api/portraits/thumb/women/9.jpg'}, 'nat': 'ES'}</msg>
<arg>${json_data['results'][0]}</arg>
<doc>Logs the given message with the given level.</doc>
<status status="PASS" start="2024-05-24T21:14:05.715405" elapsed="0.000410"/>
</kw>
<kw name="Log" owner="BuiltIn">
<msg time="2024-05-24T21:14:05.716241" level="INFO">email</msg>
<arg>${key}</arg>
<doc>Logs the given message with the given level.</doc>
<status status="PASS" start="2024-05-24T21:14:05.716112" elapsed="0.000167"/>
</kw>
<var name="${key}">email</var>
<status status="PASS" start="2024-05-24T21:14:05.714423" elapsed="0.002070"/>
</iter>
<iter>
<kw name="Dictionary Should Contain Key" owner="Collections">
<msg time="2024-05-24T21:14:05.717157" level="INFO">False</msg>
<arg>${json_data['results'][0]}</arg>
<arg>${key}</arg>
<doc>Fails if ``key`` is not found from ``dictionary``.</doc>
<status status="PASS" start="2024-05-24T21:14:05.716777" elapsed="0.000419"/>
</kw>
<kw name="Log" owner="BuiltIn">
<msg time="2024-05-24T21:14:05.717863" level="INFO">{'gender': 'female', 'name': {'title': 'Mrs', 'first': 'Miriam', 'last': 'Núñez'}, 'location': {'street': {'number': 7785, 'name': 'Calle de Téllez'}, 'city': 'Vigo', 'state': 'Comunidad de Madrid', 'country': 'Spain', 'postcode': 69539, 'coordinates': {'latitude': '-37.9095', 'longitude': '157.4080'}, 'timezone': {'offset': '+2:00', 'description': 'Kaliningrad, South Africa'}}, 'email': 'miriam.nunez@example.com', 'login': {'uuid': 'aa68cbf8-a24c-47a7-8ab5-55271eede386', 'username': 'greengoose398', 'password': 'remingto', 'salt': 'ltXCPEUO', 'md5': '7fc698a794aa594c82dfc201545f8973', 'sha1': 'cad1ea1ea138fd8533e0aa0dbae0b16c6ad2a786', 'sha256': '79bd605eb7683750bef84f596c92bf7bc4e7123f392af422ad4455129daac88c'}, 'dob': {'date': '1952-12-08T20:29:58.405Z', 'age': 71}, 'registered': {'date': '2011-05-30T16:38:55.778Z', 'age': 12}, 'phone': '988-892-547', 'cell': '666-255-703', 'id': {'name': 'DNI', 'value': '75488796-R'}, 'picture': {'large': 'https://randomuser.me/api/portraits/women/9.jpg', 'medium': 'https://randomuser.me/api/portraits/med/women/9.jpg', 'thumbnail': 'https://randomuser.me/api/portraits/thumb/women/9.jpg'}, 'nat': 'ES'}</msg>
<arg>${json_data['results'][0]}</arg>
<doc>Logs the given message with the given level.</doc>
<status status="PASS" start="2024-05-24T21:14:05.717496" elapsed="0.000427"/>
</kw>
<kw name="Log" owner="BuiltIn">
<msg time="2024-05-24T21:14:05.718345" level="INFO">login</msg>
<arg>${key}</arg>
<doc>Logs the given message with the given level.</doc>
<status status="PASS" start="2024-05-24T21:14:05.718218" elapsed="0.000165"/>
</kw>
<var name="${key}">login</var>
<status status="PASS" start="2024-05-24T21:14:05.716666" elapsed="0.001990"/>
</iter>
<var>${key}</var>
<value>@{expected_keys}</value>
<status status="PASS" start="2024-05-24T21:14:05.707730" elapsed="0.011055"/>
</for>
<kw name="Create List" owner="BuiltIn">
<msg time="2024-05-24T21:14:05.719129" level="INFO">${expected_keysTwo} = ['username', 'password']</msg>
<var>${expected_keysTwo}</var>
<arg>username</arg>
<arg>password</arg>
<doc>Returns a list containing given items.</doc>
<status status="PASS" start="2024-05-24T21:14:05.718989" elapsed="0.000164"/>
</kw>
<for flavor="IN">
<iter>
<kw name="Dictionary Should Contain Key" owner="Collections">
<msg time="2024-05-24T21:14:05.720039" level="INFO">False</msg>
<arg>${json_data['results'][0]['login']}</arg>
<arg>${keyTwo}</arg>
<doc>Fails if ``key`` is not found from ``dictionary``.</doc>
<status status="PASS" start="2024-05-24T21:14:05.719662" elapsed="0.000415"/>
</kw>
<kw name="Dictionary Should Contain Key" owner="Collections">
<msg time="2024-05-24T21:14:05.720758" level="INFO">False</msg>
<arg>${json_data['results'][0]['login']}</arg>
<arg>${keyTwo}</arg>
<doc>Fails if ``key`` is not found from ``dictionary``.</doc>
<status status="PASS" start="2024-05-24T21:14:05.720374" elapsed="0.000422"/>
</kw>
<kw name="Log" owner="BuiltIn">
<msg time="2024-05-24T21:14:05.721215" level="INFO">username</msg>
<arg>${keyTwo}</arg>
<doc>Logs the given message with the given level.</doc>
<status status="PASS" start="2024-05-24T21:14:05.721087" elapsed="0.000165"/>
</kw>
<var name="${keyTwo}">username</var>
<status status="PASS" start="2024-05-24T21:14:05.719552" elapsed="0.001922"/>
</iter>
<iter>
<kw name="Dictionary Should Contain Key" owner="Collections">
<msg time="2024-05-24T21:14:05.722163" level="INFO">False</msg>
<arg>${json_data['results'][0]['login']}</arg>
<arg>${keyTwo}</arg>
<doc>Fails if ``key`` is not found from ``dictionary``.</doc>
<status status="PASS" start="2024-05-24T21:14:05.721756" elapsed="0.000446"/>
</kw>
<kw name="Dictionary Should Contain Key" owner="Collections">
<msg time="2024-05-24T21:14:05.722911" level="INFO">False</msg>
<arg>${json_data['results'][0]['login']}</arg>
<arg>${keyTwo}</arg>
<doc>Fails if ``key`` is not found from ``dictionary``.</doc>
<status status="PASS" start="2024-05-24T21:14:05.722530" elapsed="0.000419"/>
</kw>
<kw name="Log" owner="BuiltIn">
<msg time="2024-05-24T21:14:05.723367" level="INFO">password</msg>
<arg>${keyTwo}</arg>
<doc>Logs the given message with the given level.</doc>
<status status="PASS" start="2024-05-24T21:14:05.723240" elapsed="0.000165"/>
</kw>
<var name="${keyTwo}">password</var>
<status status="PASS" start="2024-05-24T21:14:05.721646" elapsed="0.001976"/>
</iter>
<var>${keyTwo}</var>
<value>@{expected_keysTwo}</value>
<status status="PASS" start="2024-05-24T21:14:05.719397" elapsed="0.004348"/>
</for>
<status status="PASS" start="2024-05-24T21:14:05.611990" elapsed="0.111901"/>
</kw>
<doc>Testa a estrutura da resposta da API.</doc>
<tag>testeEstruturaResposta</tag>
<status status="PASS" start="2024-05-24T21:14:05.611352" elapsed="0.112702"/>
</test>
<test id="s1-s1-t4" name="Validar tipos de dados" line="28">
<kw name="Teste de Tipos de Dados" owner="random-user-service">
<kw name="GET On Session" owner="RequestsLibrary">
<msg time="2024-05-24T21:14:05.801363" level="INFO">GET Request : url=https://randomuser.me/api 
 path_url=/api 
 headers={'User-Agent': 'python-requests/2.32.2', 'Accept-Encoding': 'gzip, deflate', 'Accept': '*/*', 'Connection': 'keep-alive'} 
 body=None 
 </msg>
<msg time="2024-05-24T21:14:05.801478" level="INFO">GET Response : url=https://randomuser.me/api 
 status=200, reason=OK 
 headers={'Date': 'Fri, 24 May 2024 21:14:05 GMT', 'Content-Type': 'application/json; charset=utf-8', 'Transfer-Encoding': 'chunked', 'Connection': 'keep-alive', 'X-Powered-By': 'Express', 'Access-Control-Allow-Origin': '*', 'Cache-Control': 'no-cache', 'ETag': 'W/"46f-UoNA+b4ii9p4dQbym+CQ4kUw1O8"', 'Vary': 'Accept-Encoding', 'Content-Encoding': 'gzip', 'CF-Cache-Status': 'DYNAMIC', 'Report-To': '{"endpoints":[{"url":"https:\\/\\/a.nel.cloudflare.com\\/report\\/v4?s=vPSAZg%2FyQTKTpMiQyeJww4UYMzTqHMxk5nkbLXMmjFSe7cVfTHBjre0VlpPWf6wWifY9xsdcldHBMWs%2FMAKARLrhxF4IG2A0CwUg4hb2jbK1PCTqmqPYpI40JV7A%2B%2Br1"}],"group":"cf-nel","max_age":604800}', 'NEL': '{"success_fraction":0,"report_to":"cf-nel","max_age":604800}', 'Server': 'cloudflare', 'CF-RAY': '88904b19c98e690b-IAD', 'alt-svc': 'h3=":443"; ma=86400'} 
 body={"results":[{"gender":"female","name":{"title":"Miss","first":"Maeva","last":"Chan"},"location":{"street":{"number":6006,"name":"College Ave"},"city":"Windsor","state":"Québec","country":"Canada","postcode":"Z2K 3A9","coordinates":{"latitude":"-68.8496","longitude":"140.7617"},"timezone":{"offset":"-9:00","description":"Alaska"}},"email":"maeva.chan@example.com","login":{"uuid":"b24194fc-d679-4a29-9bcd-023076829591","username":"tinybear267","password":"rivera","salt":"ABLNjKwQ","md5":"276478382b3a24f3ef2793c7a39f0367","sha1":"0a40315811513f2870d920b545c1442e1ab42d7e","sha256":"e52d4474769ad73bdff6ea025d68af47b1fa8791709f7df19e5bfc817c4c0bc6"},"dob":{"date":"1957-11-14T23:51:47.333Z","age":66},"registered":{"date":"2002-03-24T23:28:16.181Z","age":22},"phone":"K51 P35-0663","cell":"K63 M33-2952","id":{"name":"SIN","value":"483017588"},"picture":{"large":"https://randomuser.me/api/portraits/women/44.jpg","medium":"https://randomuser.me/api/portraits/med/women/44.jpg","thumbnail":"https://randomuser.me/api/portraits/thumb/women/44.jpg"},"nat":"CA"}],"info":{"seed":"a0c51c9d8ad15c2f","results":1,"page":1,"version":"1.4"}} 
 </msg>
<msg time="2024-05-24T21:14:05.801565" level="INFO">/opt/hostedtoolcache/Python/3.12.3/x64/lib/python3.12/site-packages/urllib3/connectionpool.py:1103: InsecureRequestWarning: Unverified HTTPS request is being made to host 'randomuser.me'. Adding certificate verification is strongly advised. See: https://urllib3.readthedocs.io/en/latest/advanced-usage.html#tls-warnings
  warnings.warn(</msg>
<msg time="2024-05-24T21:14:05.801716" level="INFO">${response} = &lt;Response [200]&gt;</msg>
<var>${response}</var>
<arg>consultarAPI</arg>
<arg>/api</arg>
<doc>Sends a GET request on a previously created HTTP Session.</doc>
<status status="PASS" start="2024-05-24T21:14:05.726747" elapsed="0.075020"/>
</kw>
<kw name="Set Variable" owner="BuiltIn">
<msg time="2024-05-24T21:14:05.803108" level="INFO">${json_data} = {'results': [{'gender': 'female', 'name': {'title': 'Miss', 'first': 'Maeva', 'last': 'Chan'}, 'location': {'street': {'number': 6006, 'name': 'College Ave'}, 'city': 'Windsor', 'state': 'Québec', 'co...</msg>
<var>${json_data}</var>
<arg>${response.json()}</arg>
<doc>Returns the given values which can then be assigned to a variables.</doc>
<status status="PASS" start="2024-05-24T21:14:05.802504" elapsed="0.000633"/>
</kw>
<kw name="Log" owner="BuiltIn">
<msg time="2024-05-24T21:14:05.803613" level="INFO">{'results': [{'gender': 'female', 'name': {'title': 'Miss', 'first': 'Maeva', 'last': 'Chan'}, 'location': {'street': {'number': 6006, 'name': 'College Ave'}, 'city': 'Windsor', 'state': 'Québec', 'country': 'Canada', 'postcode': 'Z2K 3A9', 'coordinates': {'latitude': '-68.8496', 'longitude': '140.7617'}, 'timezone': {'offset': '-9:00', 'description': 'Alaska'}}, 'email': 'maeva.chan@example.com', 'login': {'uuid': 'b24194fc-d679-4a29-9bcd-023076829591', 'username': 'tinybear267', 'password': 'rivera', 'salt': 'ABLNjKwQ', 'md5': '276478382b3a24f3ef2793c7a39f0367', 'sha1': '0a40315811513f2870d920b545c1442e1ab42d7e', 'sha256': 'e52d4474769ad73bdff6ea025d68af47b1fa8791709f7df19e5bfc817c4c0bc6'}, 'dob': {'date': '1957-11-14T23:51:47.333Z', 'age': 66}, 'registered': {'date': '2002-03-24T23:28:16.181Z', 'age': 22}, 'phone': 'K51 P35-0663', 'cell': 'K63 M33-2952', 'id': {'name': 'SIN', 'value': '483017588'}, 'picture': {'large': 'https://randomuser.me/api/portraits/women/44.jpg', 'medium': 'https://randomuser.me/api/portraits/med/women/44.jpg', 'thumbnail': 'https://randomuser.me/api/portraits/thumb/women/44.jpg'}, 'nat': 'CA'}], 'info': {'seed': 'a0c51c9d8ad15c2f', 'results': 1, 'page': 1, 'version': '1.4'}}</msg>
<arg>${json_data}</arg>
<doc>Logs the given message with the given level.</doc>
<status status="PASS" start="2024-05-24T21:14:05.803452" elapsed="0.000249"/>
</kw>
<kw name="Should Be String" owner="String">
<arg>${json_data['results'][0]['gender']}</arg>
<doc>Fails if the given ``item`` is not a string.</doc>
<status status="PASS" start="2024-05-24T21:14:05.804007" elapsed="0.000364"/>
</kw>
<kw name="Should Match Regexp" owner="BuiltIn">
<arg>${json_data['results'][0]['email']}</arg>
<arg>^[a-zA-Z0-9._%+-]+@[a-zA-Z0-9.-]+\.[a-zA-Z]{2,}$</arg>
<doc>Fails if ``string`` does not match ``pattern`` as a regular expression.</doc>
<status status="PASS" start="2024-05-24T21:14:05.804564" elapsed="0.000687"/>
</kw>
<kw name="Should Match Regexp" owner="BuiltIn">
<arg>${json_data['results'][0]['dob']['date']}</arg>
<arg>\\d{4}-\\d{2}-\\d{2}T\\d{2}:\\d{2}:\\d{2}\\.\\d{3}Z</arg>
<doc>Fails if ``string`` does not match ``pattern`` as a regular expression.</doc>
<status status="PASS" start="2024-05-24T21:14:05.805450" elapsed="0.000485"/>
</kw>
<kw name="Should Match Regexp" owner="BuiltIn">
<arg>${json_data['results'][0]['registered']['date']}</arg>
<arg>\\d{4}-\\d{2}-\\d{2}T\\d{2}:\\d{2}:\\d{2}\\.\\d{3}Z</arg>
<doc>Fails if ``string`` does not match ``pattern`` as a regular expression.</doc>
<status status="PASS" start="2024-05-24T21:14:05.806126" elapsed="0.000411"/>
</kw>
<kw name="Should Match Regexp" owner="BuiltIn">
<arg>${json_data['results'][0]['picture']['large']}</arg>
<arg>^https?://.*\.(?:png|jpe?g|gif|bmp)$</arg>
<doc>Fails if ``string`` does not match ``pattern`` as a regular expression.</doc>
<status status="PASS" start="2024-05-24T21:14:05.806736" elapsed="0.000467"/>
</kw>
<kw name="Should Match Regexp" owner="BuiltIn">
<arg>${json_data['results'][0]['picture']['medium']}</arg>
<arg>^https?://.*\.(?:png|jpe?g|gif|bmp)$</arg>
<doc>Fails if ``string`` does not match ``pattern`` as a regular expression.</doc>
<status status="PASS" start="2024-05-24T21:14:05.807397" elapsed="0.000353"/>
</kw>
<kw name="Should Match Regexp" owner="BuiltIn">
<arg>${json_data['results'][0]['picture']['thumbnail']}</arg>
<arg>^https?://.*\.(?:png|jpe?g|gif|bmp)$</arg>
<doc>Fails if ``string`` does not match ``pattern`` as a regular expression.</doc>
<status status="PASS" start="2024-05-24T21:14:05.807940" elapsed="0.000349"/>
</kw>
<kw name="Log" owner="BuiltIn">
<msg time="2024-05-24T21:14:05.808792" level="INFO">{'large': 'https://randomuser.me/api/portraits/women/44.jpg', 'medium': 'https://randomuser.me/api/portraits/med/women/44.jpg', 'thumbnail': 'https://randomuser.me/api/portraits/thumb/women/44.jpg'}</msg>
<arg>${json_data['results'][0]['picture']}</arg>
<doc>Logs the given message with the given level.</doc>
<status status="PASS" start="2024-05-24T21:14:05.808473" elapsed="0.000362"/>
</kw>
<status status="PASS" start="2024-05-24T21:14:05.726497" elapsed="0.082598"/>
</kw>
<kw name="Teste de Tipos de Dados - Postcode" owner="random-user-service">
<kw name="GET On Session" owner="RequestsLibrary">
<msg time="2024-05-24T21:14:05.898072" level="INFO">GET Request : url=https://randomuser.me/api 
 path_url=/api 
 headers={'User-Agent': 'python-requests/2.32.2', 'Accept-Encoding': 'gzip, deflate', 'Accept': '*/*', 'Connection': 'keep-alive'} 
 body=None 
 </msg>
<msg time="2024-05-24T21:14:05.898173" level="INFO">GET Response : url=https://randomuser.me/api 
 status=200, reason=OK 
 headers={'Date': 'Fri, 24 May 2024 21:14:05 GMT', 'Content-Type': 'application/json; charset=utf-8', 'Transfer-Encoding': 'chunked', 'Connection': 'keep-alive', 'X-Powered-By': 'Express', 'Access-Control-Allow-Origin': '*', 'Cache-Control': 'no-cache', 'ETag': 'W/"472-d6DyCMm/7MaSnQTSVsfamHt0X7Y"', 'Vary': 'Accept-Encoding', 'Content-Encoding': 'gzip', 'CF-Cache-Status': 'DYNAMIC', 'Report-To': '{"endpoints":[{"url":"https:\\/\\/a.nel.cloudflare.com\\/report\\/v4?s=qToidmw%2FlacQiZ2fs3ZOc1Zo3p3MezMopE5pVqGbcNF6xchCO4qlfQpPWdv8qRPI%2FXSRo3EEoIzvsZijUSF2iEpYk%2FB9F97TrEqagrEOtRSVLywYtnLQCqH%2B9RBwuIzG"}],"group":"cf-nel","max_age":604800}', 'NEL': '{"success_fraction":0,"report_to":"cf-nel","max_age":604800}', 'Server': 'cloudflare', 'CF-RAY': '88904b1a5a35690b-IAD', 'alt-svc': 'h3=":443"; ma=86400'} 
 body={"results":[{"gender":"male","name":{"title":"Mr","first":"Iúri","last":"das Neves"},"location":{"street":{"number":3297,"name":"Rua Onze "},"city":"Cuiabá","state":"Bahia","country":"Brazil","postcode":85717,"coordinates":{"latitude":"-77.8951","longitude":"-88.4241"},"timezone":{"offset":"-3:30","description":"Newfoundland"}},"email":"iuri.dasneves@example.com","login":{"uuid":"8555742d-2b99-4a8a-9325-e4c039be7bf1","username":"blackgoose926","password":"champ1","salt":"lTJJPHPw","md5":"f2ff2148484247c66ac4f26da1e3094d","sha1":"c0cb5b1d693c79d6fd4d761229463a7cab0b6546","sha256":"fc5315b4c5ccd34d5d4ff298096f7cc0130344d69ef55dc305040e740f45f8a0"},"dob":{"date":"1959-12-03T17:03:58.197Z","age":64},"registered":{"date":"2017-11-30T11:35:34.916Z","age":6},"phone":"(26) 7946-9013","cell":"(08) 9683-6512","id":{"name":"CPF","value":"338.437.004-36"},"picture":{"large":"https://randomuser.me/api/portraits/men/0.jpg","medium":"https://randomuser.me/api/portraits/med/men/0.jpg","thumbnail":"https://randomuser.me/api/portraits/thumb/men/0.jpg"},"nat":"BR"}],"info":{"seed":"f7522c6c0c76b566","results":1,"page":1,"version":"1.4"}} 
 </msg>
<msg time="2024-05-24T21:14:05.898247" level="INFO">/opt/hostedtoolcache/Python/3.12.3/x64/lib/python3.12/site-packages/urllib3/connectionpool.py:1103: InsecureRequestWarning: Unverified HTTPS request is being made to host 'randomuser.me'. Adding certificate verification is strongly advised. See: https://urllib3.readthedocs.io/en/latest/advanced-usage.html#tls-warnings
  warnings.warn(</msg>
<msg time="2024-05-24T21:14:05.898378" level="INFO">${response} = &lt;Response [200]&gt;</msg>
<var>${response}</var>
<arg>consultarAPI</arg>
<arg>/api</arg>
<doc>Sends a GET request on a previously created HTTP Session.</doc>
<status status="PASS" start="2024-05-24T21:14:05.809559" elapsed="0.088857"/>
</kw>
<kw name="Set Variable" owner="BuiltIn">
<msg time="2024-05-24T21:14:05.899687" level="INFO">${json_data} = {'results': [{'gender': 'male', 'name': {'title': 'Mr', 'first': 'Iúri', 'last': 'das Neves'}, 'location': {'street': {'number': 3297, 'name': 'Rua Onze '}, 'city': 'Cuiabá', 'state': 'Bahia', 'countr...</msg>
<var>${json_data}</var>
<arg>${response.json()}</arg>
<doc>Returns the given values which can then be assigned to a variables.</doc>
<status status="PASS" start="2024-05-24T21:14:05.899116" elapsed="0.000601"/>
</kw>
<kw name="Log" owner="BuiltIn">
<msg time="2024-05-24T21:14:05.900198" level="INFO">{'results': [{'gender': 'male', 'name': {'title': 'Mr', 'first': 'Iúri', 'last': 'das Neves'}, 'location': {'street': {'number': 3297, 'name': 'Rua Onze '}, 'city': 'Cuiabá', 'state': 'Bahia', 'country': 'Brazil', 'postcode': 85717, 'coordinates': {'latitude': '-77.8951', 'longitude': '-88.4241'}, 'timezone': {'offset': '-3:30', 'description': 'Newfoundland'}}, 'email': 'iuri.dasneves@example.com', 'login': {'uuid': '8555742d-2b99-4a8a-9325-e4c039be7bf1', 'username': 'blackgoose926', 'password': 'champ1', 'salt': 'lTJJPHPw', 'md5': 'f2ff2148484247c66ac4f26da1e3094d', 'sha1': 'c0cb5b1d693c79d6fd4d761229463a7cab0b6546', 'sha256': 'fc5315b4c5ccd34d5d4ff298096f7cc0130344d69ef55dc305040e740f45f8a0'}, 'dob': {'date': '1959-12-03T17:03:58.197Z', 'age': 64}, 'registered': {'date': '2017-11-30T11:35:34.916Z', 'age': 6}, 'phone': '(26) 7946-9013', 'cell': '(08) 9683-6512', 'id': {'name': 'CPF', 'value': '338.437.004-36'}, 'picture': {'large': 'https://randomuser.me/api/portraits/men/0.jpg', 'medium': 'https://randomuser.me/api/portraits/med/men/0.jpg', 'thumbnail': 'https://randomuser.me/api/portraits/thumb/men/0.jpg'}, 'nat': 'BR'}], 'info': {'seed': 'f7522c6c0c76b566', 'results': 1, 'page': 1, 'version': '1.4'}}</msg>
<arg>${json_data}</arg>
<doc>Logs the given message with the given level.</doc>
<status status="PASS" start="2024-05-24T21:14:05.900034" elapsed="0.000249"/>
</kw>
<kw name="Should Be Equal As Numbers" owner="BuiltIn">
<arg>${json_data['results'][0]['location']['postcode']}</arg>
<arg>${json_data['results'][0]['location']['postcode']}</arg>
<doc>Fails if objects are unequal after converting them to real numbers.</doc>
<status status="PASS" start="2024-05-24T21:14:05.900588" elapsed="0.000632"/>
</kw>
<kw name="Log" owner="BuiltIn">
<msg time="2024-05-24T21:14:05.901744" level="INFO">85717</msg>
<arg>${json_data['results'][0]['location']['postcode']}</arg>
<doc>Logs the given message with the given level.</doc>
<status status="PASS" start="2024-05-24T21:14:05.901412" elapsed="0.000373"/>
</kw>
<status status="PASS" start="2024-05-24T21:14:05.809326" elapsed="0.092724"/>
</kw>
<doc>Testa se os tipos de dados na resposta da API estão corretos.</doc>
<tag>testeTiposDados</tag>
<status status="PASS" start="2024-05-24T21:14:05.725909" elapsed="0.176316"/>
</test>
<test id="s1-s1-t5" name="Validar conteudo" line="35">
<kw name="Teste de Tipos de Conteudo" owner="random-user-service">
<kw name="GET On Session" owner="RequestsLibrary">
<msg time="2024-05-24T21:14:06.002710" level="INFO">GET Request : url=https://randomuser.me/api 
 path_url=/api 
 headers={'User-Agent': 'python-requests/2.32.2', 'Accept-Encoding': 'gzip, deflate', 'Accept': '*/*', 'Connection': 'keep-alive'} 
 body=None 
 </msg>
<msg time="2024-05-24T21:14:06.002812" level="INFO">GET Response : url=https://randomuser.me/api 
 status=200, reason=OK 
 headers={'Date': 'Fri, 24 May 2024 21:14:05 GMT', 'Content-Type': 'application/json; charset=utf-8', 'Transfer-Encoding': 'chunked', 'Connection': 'keep-alive', 'X-Powered-By': 'Express', 'Access-Control-Allow-Origin': '*', 'Cache-Control': 'no-cache', 'ETag': 'W/"47f-E7tWzAVvjzftmPwuSpglyQ6StB4"', 'Vary': 'Accept-Encoding', 'Content-Encoding': 'gzip', 'CF-Cache-Status': 'DYNAMIC', 'Report-To': '{"endpoints":[{"url":"https:\\/\\/a.nel.cloudflare.com\\/report\\/v4?s=RX0plNm0jH28d%2Fow6KLFngC8D6WInhnJVEeX04jJ4zAMwvlBcZrw0Af3SN0etibaMTi3zkqFmkzm25qNSkhZ5AtFxuQjTZ2SqnhtHbrgXXeLpJcTi5W%2BHGePvSVUVFPJ"}],"group":"cf-nel","max_age":604800}', 'NEL': '{"success_fraction":0,"report_to":"cf-nel","max_age":604800}', 'Server': 'cloudflare', 'CF-RAY': '88904b1aeb04690b-IAD', 'alt-svc': 'h3=":443"; ma=86400'} 
 body={"results":[{"gender":"male","name":{"title":"Mr","first":"Blake","last":"Pelletier"},"location":{"street":{"number":7874,"name":"St. Catherine St"},"city":"Sidney","state":"New Brunswick","country":"Canada","postcode":"O5S 4V4","coordinates":{"latitude":"-69.0553","longitude":"-174.0670"},"timezone":{"offset":"-9:00","description":"Alaska"}},"email":"blake.pelletier@example.com","login":{"uuid":"2c1cdc32-dca4-4082-a711-420e1e416033","username":"beautifulbird370","password":"honeys","salt":"ZWPqdGk3","md5":"30a35368432d6e85a3bb4d375fa7eb0a","sha1":"441c84dbf13d11a968be0dbe75db1efd82dcd077","sha256":"7a71764a8e6f824cf8ef09d0761435c9ab0b9961f1b9caca36a5c97b27b42449"},"dob":{"date":"1954-09-15T17:30:35.326Z","age":69},"registered":{"date":"2002-07-30T17:26:46.205Z","age":21},"phone":"C92 C40-2130","cell":"J45 G52-2961","id":{"name":"SIN","value":"713519510"},"picture":{"large":"https://randomuser.me/api/portraits/men/93.jpg","medium":"https://randomuser.me/api/portraits/med/men/93.jpg","thumbnail":"https://randomuser.me/api/portraits/thumb/men/93.jpg"},"nat":"CA"}],"info":{"seed":"8dfa9bf2028f6c72","results":1,"page":1,"version":"1.4"}} 
 </msg>
<msg time="2024-05-24T21:14:06.002883" level="INFO">/opt/hostedtoolcache/Python/3.12.3/x64/lib/python3.12/site-packages/urllib3/connectionpool.py:1103: InsecureRequestWarning: Unverified HTTPS request is being made to host 'randomuser.me'. Adding certificate verification is strongly advised. See: https://urllib3.readthedocs.io/en/latest/advanced-usage.html#tls-warnings
  warnings.warn(</msg>
<msg time="2024-05-24T21:14:06.003007" level="INFO">${response} = &lt;Response [200]&gt;</msg>
<var>${response}</var>
<arg>consultarAPI</arg>
<arg>/api</arg>
<doc>Sends a GET request on a previously created HTTP Session.</doc>
<status status="PASS" start="2024-05-24T21:14:05.904821" elapsed="0.098216"/>
</kw>
<kw name="Set Variable" owner="BuiltIn">
<msg time="2024-05-24T21:14:06.004105" level="INFO">${json_data} = {'results': [{'gender': 'male', 'name': {'title': 'Mr', 'first': 'Blake', 'last': 'Pelletier'}, 'location': {'street': {'number': 7874, 'name': 'St. Catherine St'}, 'city': 'Sidney', 'state': 'New Bru...</msg>
<var>${json_data}</var>
<arg>${response.json()}</arg>
<doc>Returns the given values which can then be assigned to a variables.</doc>
<status status="PASS" start="2024-05-24T21:14:06.003577" elapsed="0.000558"/>
</kw>
<kw name="Set Variable" owner="BuiltIn">
<msg time="2024-05-24T21:14:06.004826" level="INFO">${name_title} = Mr</msg>
<var>${name_title}</var>
<arg>${json_data["results"][0]["name"]["title"]}</arg>
<doc>Returns the given values which can then be assigned to a variables.</doc>
<status status="PASS" start="2024-05-24T21:14:06.004440" elapsed="0.000412"/>
</kw>
<kw name="Create List" owner="BuiltIn">
<msg time="2024-05-24T21:14:06.005303" level="INFO">${allowed_titles} = ['Mr', 'Ms', 'Miss', 'Mrs', 'Madame', 'Monsieur']</msg>
<var>${allowed_titles}</var>
<arg>Mr</arg>
<arg>Ms</arg>
<arg>Miss</arg>
<arg>Mrs</arg>
<arg>Madame</arg>
<arg>Monsieur</arg>
<doc>Returns a list containing given items.</doc>
<status status="PASS" start="2024-05-24T21:14:06.005153" elapsed="0.000174"/>
</kw>
<kw name="List Should Contain Value" owner="Collections">
<msg time="2024-05-24T21:14:06.005817" level="INFO">False</msg>
<arg>${allowed_titles}</arg>
<arg>${name_title}</arg>
<doc>Fails if the ``value`` is not found from ``list``.</doc>
<status status="PASS" start="2024-05-24T21:14:06.005629" elapsed="0.000225"/>
</kw>
<kw name="Set Variable" owner="BuiltIn">
<msg time="2024-05-24T21:14:06.006770" level="INFO">${name_country} = CA</msg>
<var>${name_country}</var>
<arg>${json_data["results"][0]["nat"]}</arg>
<doc>Returns the given values which can then be assigned to a variables.</doc>
<status status="PASS" start="2024-05-24T21:14:06.006153" elapsed="0.000652"/>
</kw>
<kw name="Create List" owner="BuiltIn">
<msg time="2024-05-24T21:14:06.007727" level="INFO">${list_country} = ['AD', 'AE', 'AF', 'AG', 'AI', 'AL', 'AM', 'AO', 'AQ', 'AR', 'AS', 'AT', 'AU', 'AW', 'AX', 'AZ', 'BA', 'BB', 'BD', 'BE', 'BF', 'BG', 'BH', 'BI', 'BJ', 'BL', 'BM', 'BN', 'BO', 'BQ', 'BR', 'BS', 'BT', '...</msg>
<var>${list_country}</var>
<arg>AD</arg>
<arg>AE</arg>
<arg>AF</arg>
<arg>AG</arg>
<arg>AI</arg>
<arg>AL</arg>
<arg>AM</arg>
<arg>AO</arg>
<arg>AQ</arg>
<arg>AR</arg>
<arg>AS</arg>
<arg>AT</arg>
<arg>AU</arg>
<arg>AW</arg>
<arg>AX</arg>
<arg>AZ</arg>
<arg>BA</arg>
<arg>BB</arg>
<arg>BD</arg>
<arg>BE</arg>
<arg>BF</arg>
<arg>BG</arg>
<arg>BH</arg>
<arg>BI</arg>
<arg>BJ</arg>
<arg>BL</arg>
<arg>BM</arg>
<arg>BN</arg>
<arg>BO</arg>
<arg>BQ</arg>
<arg>BR</arg>
<arg>BS</arg>
<arg>BT</arg>
<arg>BV</arg>
<arg>BW</arg>
<arg>BY</arg>
<arg>BZ</arg>
<arg>CA</arg>
<arg>CC</arg>
<arg>CD</arg>
<arg>CF</arg>
<arg>CG</arg>
<arg>CH</arg>
<arg>CI</arg>
<arg>CK</arg>
<arg>CL</arg>
<arg>CM</arg>
<arg>CN</arg>
<arg>CO</arg>
<arg>CR</arg>
<arg>CU</arg>
<arg>CV</arg>
<arg>CW</arg>
<arg>CX</arg>
<arg>CY</arg>
<arg>CZ</arg>
<arg>DE</arg>
<arg>DJ</arg>
<arg>DK</arg>
<arg>DM</arg>
<arg>DO</arg>
<arg>DZ</arg>
<arg>EC</arg>
<arg>EE</arg>
<arg>EG</arg>
<arg>EH</arg>
<arg>ER</arg>
<arg>ES</arg>
<arg>ET</arg>
<arg>FI</arg>
<arg>FJ</arg>
<arg>FK</arg>
<arg>FM</arg>
<arg>FO</arg>
<arg>FR</arg>
<arg>GA</arg>
<arg>GB</arg>
<arg>GD</arg>
<arg>GE</arg>
<arg>GF</arg>
<arg>GG</arg>
<arg>GH</arg>
<arg>GI</arg>
<arg>GL</arg>
<arg>GM</arg>
<arg>GN</arg>
<arg>GP</arg>
<arg>GQ</arg>
<arg>GR</arg>
<arg>GS</arg>
<arg>GT</arg>
<arg>GU</arg>
<arg>GW</arg>
<arg>GY</arg>
<arg>HK</arg>
<arg>HM</arg>
<arg>HN</arg>
<arg>HR</arg>
<arg>HT</arg>
<arg>HU</arg>
<arg>ID</arg>
<arg>IE</arg>
<arg>IL</arg>
<arg>IM</arg>
<arg>IN</arg>
<arg>IO</arg>
<arg>IQ</arg>
<arg>IR</arg>
<arg>IS</arg>
<arg>IT</arg>
<arg>JE</arg>
<arg>JM</arg>
<arg>JO</arg>
<arg>JP</arg>
<arg>KE</arg>
<arg>KG</arg>
<arg>KH</arg>
<arg>KI</arg>
<arg>KM</arg>
<arg>KN</arg>
<arg>KP</arg>
<arg>KR</arg>
<arg>KW</arg>
<arg>KY</arg>
<arg>KZ</arg>
<arg>LA</arg>
<arg>LB</arg>
<arg>LC</arg>
<arg>LI</arg>
<arg>LK</arg>
<arg>LR</arg>
<arg>LS</arg>
<arg>LT</arg>
<arg>LU</arg>
<arg>LV</arg>
<arg>LY</arg>
<arg>MA</arg>
<arg>MC</arg>
<arg>MD</arg>
<arg>ME</arg>
<arg>MF</arg>
<arg>MG</arg>
<arg>MH</arg>
<arg>MK</arg>
<arg>ML</arg>
<arg>MM</arg>
<arg>MN</arg>
<arg>MO</arg>
<arg>MP</arg>
<arg>MQ</arg>
<arg>MR</arg>
<arg>MS</arg>
<arg>MT</arg>
<arg>MU</arg>
<arg>MV</arg>
<arg>MW</arg>
<arg>MX</arg>
<arg>MY</arg>
<arg>MZ</arg>
<arg>NA</arg>
<arg>NC</arg>
<arg>NE</arg>
<arg>NF</arg>
<arg>NG</arg>
<arg>NI</arg>
<arg>NL</arg>
<arg>NO</arg>
<arg>NP</arg>
<arg>NR</arg>
<arg>NU</arg>
<arg>NZ</arg>
<arg>OM</arg>
<arg>PA</arg>
<arg>PE</arg>
<arg>PF</arg>
<arg>PG</arg>
<arg>PH</arg>
<arg>PK</arg>
<arg>PL</arg>
<arg>PM</arg>
<arg>PN</arg>
<arg>PR</arg>
<arg>PS</arg>
<arg>PT</arg>
<arg>PW</arg>
<arg>PY</arg>
<arg>QA</arg>
<arg>RE</arg>
<arg>RO</arg>
<arg>RS</arg>
<arg>RU</arg>
<arg>RW</arg>
<arg>SA</arg>
<arg>SB</arg>
<arg>SC</arg>
<arg>SD</arg>
<arg>SE</arg>
<arg>SG</arg>
<arg>SH</arg>
<arg>SI</arg>
<arg>SJ</arg>
<arg>SK</arg>
<arg>SL</arg>
<arg>SM</arg>
<arg>SN</arg>
<arg>SO</arg>
<arg>SR</arg>
<arg>SS</arg>
<arg>ST</arg>
<arg>SV</arg>
<arg>SX</arg>
<arg>SY</arg>
<arg>SZ</arg>
<arg>TC</arg>
<arg>TD</arg>
<arg>TF</arg>
<arg>TG</arg>
<arg>TH</arg>
<arg>TJ</arg>
<arg>TK</arg>
<arg>TL</arg>
<arg>TM</arg>
<arg>TN</arg>
<arg>TO</arg>
<arg>TR</arg>
<arg>TT</arg>
<arg>TV</arg>
<arg>TW</arg>
<arg>TZ</arg>
<arg>UA</arg>
<arg>UG</arg>
<arg>UM</arg>
<arg>US</arg>
<arg>UY</arg>
<arg>UZ</arg>
<arg>VA</arg>
<arg>VC</arg>
<arg>VE</arg>
<arg>VG</arg>
<arg>VI</arg>
<arg>VN</arg>
<arg>VU</arg>
<arg>WF</arg>
<arg>WS</arg>
<arg>XK</arg>
<arg>YE</arg>
<arg>YT</arg>
<arg>ZA</arg>
<arg>ZM</arg>
<arg>ZW</arg>
<doc>Returns a list containing given items.</doc>
<status status="PASS" start="2024-05-24T21:14:06.007132" elapsed="0.000622"/>
</kw>
<kw name="List Should Contain Value" owner="Collections">
<msg time="2024-05-24T21:14:06.008748" level="INFO">False</msg>
<arg>${list_country}</arg>
<arg>${name_country}</arg>
<doc>Fails if the ``value`` is not found from ``list``.</doc>
<status status="PASS" start="2024-05-24T21:14:06.008549" elapsed="0.000234"/>
</kw>
<kw name="Run Keyword If" owner="BuiltIn">
<kw name="Should Be True" owner="BuiltIn">
<arg>${True}</arg>
<doc>Fails if the given condition is not true.</doc>
<status status="PASS" start="2024-05-24T21:14:06.009842" elapsed="0.000144"/>
</kw>
<arg>${json_data["results"][0]["location"]["coordinates"]["latitude"]} &gt;= -90 and ${json_data["results"][0]["location"]["coordinates"]["latitude"]} &lt;= 90</arg>
<arg>Should Be True</arg>
<arg>${True}</arg>
<doc>Runs the given keyword with the given arguments, if ``condition`` is true.</doc>
<status status="PASS" start="2024-05-24T21:14:06.009093" elapsed="0.001019"/>
</kw>
<kw name="Run Keyword If" owner="BuiltIn">
<kw name="Should Be True" owner="BuiltIn">
<arg>${True}</arg>
<doc>Fails if the given condition is not true.</doc>
<status status="PASS" start="2024-05-24T21:14:06.011036" elapsed="0.000140"/>
</kw>
<arg>${json_data["results"][0]["location"]["coordinates"]["longitude"]} &gt;= -180 and ${json_data["results"][0]["location"]["coordinates"]["longitude"]} &lt;= 180</arg>
<arg>Should Be True</arg>
<arg>${True}</arg>
<doc>Runs the given keyword with the given arguments, if ``condition`` is true.</doc>
<status status="PASS" start="2024-05-24T21:14:06.010297" elapsed="0.001003"/>
</kw>
<status status="PASS" start="2024-05-24T21:14:05.904589" elapsed="0.106843"/>
</kw>
<doc>Testa o conteúdo específico dos campos retornados pela API.</doc>
<tag>testeConteudo</tag>
<status status="PASS" start="2024-05-24T21:14:05.904044" elapsed="0.107542"/>
</test>
<status status="PASS" start="2024-05-24T21:14:05.170728" elapsed="0.842797"/>
</suite>
<status status="PASS" start="2024-05-24T21:14:05.156920" elapsed="0.861777"/>
</suite>
<statistics>
<total>
<stat pass="5" fail="0" skip="0">All Tests</stat>
</total>
<tag>
<stat pass="1" fail="0" skip="0">testeConteudo</stat>
<stat pass="1" fail="0" skip="0">testeEstruturaResposta</stat>
<stat pass="1" fail="0" skip="0">testeRequisicaoBasica</stat>
<stat pass="1" fail="0" skip="0">testeTiposDados</stat>
</tag>
<suite>
<stat pass="5" fail="0" skip="0" id="s1" name="Tests">Tests</stat>
<stat pass="5" fail="0" skip="0" id="s1-s1" name="Random-User-Test">Tests.Random-User-Test</stat>
</suite>
</statistics>
<errors>
</errors>
</robot>
