<?xml version="1.0" encoding="UTF-8"?>
<robot generator="Robot 7.0.1 (Python 3.12.4 on linux)" generated="2024-06-18T18:20:35.181993" rpa="false" schemaversion="5">
<suite id="s1" name="Tests" source="/home/runner/work/ApiRandomUser/ApiRandomUser/RamdonUser/tests">
<suite id="s1-s1" name="Random-User-Test" source="/home/runner/work/ApiRandomUser/ApiRandomUser/RamdonUser/tests/random-user-test.robot">
<test id="s1-s1-t1" name="Conectar" line="13">
<kw name="Conectar API" owner="random-user-service">
<kw name="Create Session" owner="RequestsLibrary">
<msg time="2024-06-18T18:20:35.614238" level="INFO">Creating Session using : alias=consultarAPI, url=https://randomuser.me/, headers={},                     cookies={}, auth=None, timeout=None, proxies=None, verify=False,                     debug=0 </msg>
<arg>consultarAPI</arg>
<arg>${URL}</arg>
<doc>Create Session: create a HTTP session to a server</doc>
<status status="PASS" start="2024-06-18T18:20:35.614032" elapsed="0.000401"/>
</kw>
<status status="PASS" start="2024-06-18T18:20:35.612926" elapsed="0.001873"/>
</kw>
<status status="PASS" start="2024-06-18T18:20:35.612361" elapsed="0.002638"/>
</test>
<test id="s1-s1-t2" name="Validar retorno 200 e JSON Válido" line="16">
<kw name="Teste de Requisicao Basica" owner="random-user-service">
<kw name="GET On Session" owner="RequestsLibrary">
<msg time="2024-06-18T18:20:35.709757" level="INFO">GET Request : url=https://randomuser.me/api 
 path_url=/api 
 headers={'User-Agent': 'python-requests/2.32.3', 'Accept-Encoding': 'gzip, deflate', 'Accept': '*/*', 'Connection': 'keep-alive'} 
 body=None 
 </msg>
<msg time="2024-06-18T18:20:35.709919" level="INFO">GET Response : url=https://randomuser.me/api 
 status=200, reason=OK 
 headers={'Date': 'Tue, 18 Jun 2024 18:20:35 GMT', 'Content-Type': 'application/json; charset=utf-8', 'Transfer-Encoding': 'chunked', 'Connection': 'keep-alive', 'X-Powered-By': 'Express', 'Access-Control-Allow-Origin': '*', 'Cache-Control': 'no-cache', 'ETag': 'W/"48c-5lRmHWZyPmVJ78VY1T3ygDVhqFE"', 'Vary': 'Accept-Encoding', 'Content-Encoding': 'gzip', 'CF-Cache-Status': 'DYNAMIC', 'Report-To': '{"endpoints":[{"url":"https:\\/\\/a.nel.cloudflare.com\\/report\\/v4?s=4RtgrySyvcUHIbO2oGdPVh2GtJFIQZI1QADs1tuL0JaGkax%2BRuUi9Gb9rNTq8%2Fy6M%2FtB8XimdVUZodPfHuwGB6YGL0SCiQpReOKa6ylt%2BuWC69Rn3jq%2F54TiLRCu34vs"}],"group":"cf-nel","max_age":604800}', 'NEL': '{"success_fraction":0,"report_to":"cf-nel","max_age":604800}', 'Server': 'cloudflare', 'CF-RAY': '895d4b52dd7ee269-ORD', 'alt-svc': 'h3=":443"; ma=86400'} 
 body={"results":[{"gender":"male","name":{"title":"Mr","first":"Guy","last":"Stephens"},"location":{"street":{"number":5920,"name":"Avondale Ave"},"city":"Nowra","state":"Australian Capital Territory","country":"Australia","postcode":903,"coordinates":{"latitude":"-85.2515","longitude":"-175.4523"},"timezone":{"offset":"+6:00","description":"Almaty, Dhaka, Colombo"}},"email":"guy.stephens@example.com","login":{"uuid":"6dc9090e-3bb3-4895-b30e-bbc5962336e7","username":"angrywolf774","password":"ccccccc","salt":"nSTmIJv7","md5":"5c4f578595770e39a82cfc67411eda0c","sha1":"16186abed31fcb54112126d8fea0cde0995ebf1e","sha256":"947c7aa0b24a59184fd020d077f125cb29b018a0bc631ddf8d85268c802365bb"},"dob":{"date":"1983-10-15T16:39:41.827Z","age":40},"registered":{"date":"2017-11-09T22:40:58.573Z","age":6},"phone":"05-3122-3940","cell":"0492-860-720","id":{"name":"TFN","value":"452267674"},"picture":{"large":"https://randomuser.me/api/portraits/men/34.jpg","medium":"https://randomuser.me/api/portraits/med/men/34.jpg","thumbnail":"https://randomuser.me/api/portraits/thumb/men/34.jpg"},"nat":"AU"}],"info":{"seed":"acc31ee4750acaa1","results":1,"page":1,"version":"1.4"}} 
 </msg>
<msg time="2024-06-18T18:20:35.710011" level="INFO">/opt/hostedtoolcache/Python/3.12.4/x64/lib/python3.12/site-packages/urllib3/connectionpool.py:1099: InsecureRequestWarning: Unverified HTTPS request is being made to host 'randomuser.me'. Adding certificate verification is strongly advised. See: https://urllib3.readthedocs.io/en/latest/advanced-usage.html#tls-warnings
  warnings.warn(</msg>
<msg time="2024-06-18T18:20:35.710182" level="INFO">${response} = &lt;Response [200]&gt;</msg>
<var>${response}</var>
<arg>consultarAPI</arg>
<arg>/api</arg>
<doc>Sends a GET request on a previously created HTTP Session.</doc>
<status status="PASS" start="2024-06-18T18:20:35.617546" elapsed="0.092681"/>
</kw>
<kw name="Should Be Equal As Numbers" owner="BuiltIn">
<msg time="2024-06-18T18:20:35.711280" level="INFO">Argument types are:
&lt;class 'int'&gt;
&lt;class 'str'&gt;</msg>
<arg>${response.status_code}</arg>
<arg>200</arg>
<doc>Fails if objects are unequal after converting them to real numbers.</doc>
<status status="PASS" start="2024-06-18T18:20:35.710812" elapsed="0.000534"/>
</kw>
<kw name="Log" owner="BuiltIn">
<msg time="2024-06-18T18:20:35.712047" level="INFO">200</msg>
<arg>${response.status_code}</arg>
<doc>Logs the given message with the given level.</doc>
<status status="PASS" start="2024-06-18T18:20:35.711689" elapsed="0.000402"/>
</kw>
<kw name="Set Variable" owner="BuiltIn">
<msg time="2024-06-18T18:20:35.712858" level="INFO">${json_data} = {'results': [{'gender': 'male', 'name': {'title': 'Mr', 'first': 'Guy', 'last': 'Stephens'}, 'location': {'street': {'number': 5920, 'name': 'Avondale Ave'}, 'city': 'Nowra', 'state': 'Australian Capi...</msg>
<var>${json_data}</var>
<arg>${response.json()}</arg>
<doc>Returns the given values which can then be assigned to a variables.</doc>
<status status="PASS" start="2024-06-18T18:20:35.712403" elapsed="0.000484"/>
</kw>
<kw name="Dictionary Should Contain Key" owner="Collections">
<arg>${json_data}</arg>
<arg>results</arg>
<doc>Fails if ``key`` is not found from ``dictionary``.</doc>
<status status="PASS" start="2024-06-18T18:20:35.713188" elapsed="0.000176"/>
</kw>
<status status="PASS" start="2024-06-18T18:20:35.617305" elapsed="0.096214"/>
</kw>
<doc>Testa se a API responde corretamente e retorna um objeto JSON válido.</doc>
<tag>testeRequisicaoBasica</tag>
<status status="PASS" start="2024-06-18T18:20:35.616852" elapsed="0.096885"/>
</test>
<test id="s1-s1-t3" name="Validar estrutura de resposta" line="22">
<kw name="Teste de Estrutura de Resposta" owner="random-user-service">
<kw name="GET On Session" owner="RequestsLibrary">
<msg time="2024-06-18T18:20:35.825391" level="INFO">GET Request : url=https://randomuser.me/api 
 path_url=/api 
 headers={'User-Agent': 'python-requests/2.32.3', 'Accept-Encoding': 'gzip, deflate', 'Accept': '*/*', 'Connection': 'keep-alive'} 
 body=None 
 </msg>
<msg time="2024-06-18T18:20:35.825512" level="INFO">GET Response : url=https://randomuser.me/api 
 status=200, reason=OK 
 headers={'Date': 'Tue, 18 Jun 2024 18:20:35 GMT', 'Content-Type': 'application/json; charset=utf-8', 'Transfer-Encoding': 'chunked', 'Connection': 'keep-alive', 'X-Powered-By': 'Express', 'Access-Control-Allow-Origin': '*', 'Cache-Control': 'no-cache', 'ETag': 'W/"494-Cm4VXHtL80SWzy4WeVOru5tPnYQ"', 'Vary': 'Accept-Encoding', 'Content-Encoding': 'gzip', 'CF-Cache-Status': 'DYNAMIC', 'Report-To': '{"endpoints":[{"url":"https:\\/\\/a.nel.cloudflare.com\\/report\\/v4?s=z15vLDuF5tf8Jy%2FgylHEhnHXIh1FRmPRMZYnocUWaT8qCMSQeJjCwuGbUu1fcYG%2B9ql7uE0rbgBXBO8Pq%2F4OTKN0H45O3R5bw7saWryH5rwtnEvWrAD7aAP6%2FArDHU69"}],"group":"cf-nel","max_age":604800}', 'NEL': '{"success_fraction":0,"report_to":"cf-nel","max_age":604800}', 'Server': 'cloudflare', 'CF-RAY': '895d4b534df0e269-ORD', 'alt-svc': 'h3=":443"; ma=86400'} 
 body={"results":[{"gender":"male","name":{"title":"Mr","first":"David","last":"Candelaria"},"location":{"street":{"number":6379,"name":"Boulevard Norte Trejo"},"city":"Mazatán","state":"Queretaro","country":"Mexico","postcode":13971,"coordinates":{"latitude":"29.5878","longitude":"-3.9988"},"timezone":{"offset":"-11:00","description":"Midway Island, Samoa"}},"email":"david.candelaria@example.com","login":{"uuid":"320a27a0-a8d8-442a-96db-86e706c2fb0c","username":"ticklishpanda575","password":"helen","salt":"NG3HrjOe","md5":"44ae9e0f1b0a06b8f63aff2686ccf7df","sha1":"c30f6dd744863ce2efe023f9fb00dbffab066c37","sha256":"a40a9775ea17ac5940ee855dfdddfc70c805abbe7ddcfa3afb12d614f5a6d751"},"dob":{"date":"1967-11-04T00:05:29.346Z","age":56},"registered":{"date":"2020-12-30T03:30:13.944Z","age":3},"phone":"(603) 719 7082","cell":"(634) 728 2658","id":{"name":"NSS","value":"58 95 74 1112 7"},"picture":{"large":"https://randomuser.me/api/portraits/men/47.jpg","medium":"https://randomuser.me/api/portraits/med/men/47.jpg","thumbnail":"https://randomuser.me/api/portraits/thumb/men/47.jpg"},"nat":"MX"}],"info":{"seed":"c21af6d20ed462aa","results":1,"page":1,"version":"1.4"}} 
 </msg>
<msg time="2024-06-18T18:20:35.825705" level="INFO">/opt/hostedtoolcache/Python/3.12.4/x64/lib/python3.12/site-packages/urllib3/connectionpool.py:1099: InsecureRequestWarning: Unverified HTTPS request is being made to host 'randomuser.me'. Adding certificate verification is strongly advised. See: https://urllib3.readthedocs.io/en/latest/advanced-usage.html#tls-warnings
  warnings.warn(</msg>
<msg time="2024-06-18T18:20:35.825838" level="INFO">${response} = &lt;Response [200]&gt;</msg>
<var>${response}</var>
<arg>consultarAPI</arg>
<arg>/api</arg>
<doc>Sends a GET request on a previously created HTTP Session.</doc>
<status status="PASS" start="2024-06-18T18:20:35.716490" elapsed="0.109383"/>
</kw>
<kw name="Set Variable" owner="BuiltIn">
<msg time="2024-06-18T18:20:35.826968" level="INFO">${json_data} = {'results': [{'gender': 'male', 'name': {'title': 'Mr', 'first': 'David', 'last': 'Candelaria'}, 'location': {'street': {'number': 6379, 'name': 'Boulevard Norte Trejo'}, 'city': 'Mazatán', 'state': '...</msg>
<var>${json_data}</var>
<arg>${response.json()}</arg>
<doc>Returns the given values which can then be assigned to a variables.</doc>
<status status="PASS" start="2024-06-18T18:20:35.826423" elapsed="0.000575"/>
</kw>
<kw name="Log" owner="BuiltIn">
<msg time="2024-06-18T18:20:35.827490" level="INFO">{'results': [{'gender': 'male', 'name': {'title': 'Mr', 'first': 'David', 'last': 'Candelaria'}, 'location': {'street': {'number': 6379, 'name': 'Boulevard Norte Trejo'}, 'city': 'Mazatán', 'state': 'Queretaro', 'country': 'Mexico', 'postcode': 13971, 'coordinates': {'latitude': '29.5878', 'longitude': '-3.9988'}, 'timezone': {'offset': '-11:00', 'description': 'Midway Island, Samoa'}}, 'email': 'david.candelaria@example.com', 'login': {'uuid': '320a27a0-a8d8-442a-96db-86e706c2fb0c', 'username': 'ticklishpanda575', 'password': 'helen', 'salt': 'NG3HrjOe', 'md5': '44ae9e0f1b0a06b8f63aff2686ccf7df', 'sha1': 'c30f6dd744863ce2efe023f9fb00dbffab066c37', 'sha256': 'a40a9775ea17ac5940ee855dfdddfc70c805abbe7ddcfa3afb12d614f5a6d751'}, 'dob': {'date': '1967-11-04T00:05:29.346Z', 'age': 56}, 'registered': {'date': '2020-12-30T03:30:13.944Z', 'age': 3}, 'phone': '(603) 719 7082', 'cell': '(634) 728 2658', 'id': {'name': 'NSS', 'value': '58 95 74 1112 7'}, 'picture': {'large': 'https://randomuser.me/api/portraits/men/47.jpg', 'medium': 'https://randomuser.me/api/portraits/med/men/47.jpg', 'thumbnail': 'https://randomuser.me/api/portraits/thumb/men/47.jpg'}, 'nat': 'MX'}], 'info': {'seed': 'c21af6d20ed462aa', 'results': 1, 'page': 1, 'version': '1.4'}}</msg>
<arg>${json_data}</arg>
<doc>Logs the given message with the given level.</doc>
<status status="PASS" start="2024-06-18T18:20:35.827323" elapsed="0.000222"/>
</kw>
<kw name="Dictionary Should Contain Key" owner="Collections">
<arg>${json_data}</arg>
<arg>results</arg>
<doc>Fails if ``key`` is not found from ``dictionary``.</doc>
<status status="PASS" start="2024-06-18T18:20:35.827845" elapsed="0.000165"/>
</kw>
<kw name="Should Not Be Empty" owner="BuiltIn">
<msg time="2024-06-18T18:20:35.828323" level="INFO">Length is 2.</msg>
<arg>${json_data}</arg>
<doc>Verifies that the given item is not empty.</doc>
<status status="PASS" start="2024-06-18T18:20:35.828197" elapsed="0.000167"/>
</kw>
<kw name="Create List" owner="BuiltIn">
<msg time="2024-06-18T18:20:35.828807" level="INFO">${expected_keys} = ['gender', 'name', 'location', 'email', 'login']</msg>
<var>${expected_keys}</var>
<arg>gender</arg>
<arg>name</arg>
<arg>location</arg>
<arg>email</arg>
<arg>login</arg>
<doc>Returns a list containing given items.</doc>
<status status="PASS" start="2024-06-18T18:20:35.828657" elapsed="0.000174"/>
</kw>
<for flavor="IN">
<iter>
<kw name="Dictionary Should Contain Key" owner="Collections">
<arg>${json_data['results'][0]}</arg>
<arg>${key}</arg>
<doc>Fails if ``key`` is not found from ``dictionary``.</doc>
<status status="PASS" start="2024-06-18T18:20:35.829427" elapsed="0.000449"/>
</kw>
<kw name="Log" owner="BuiltIn">
<msg time="2024-06-18T18:20:35.830434" level="INFO">{'gender': 'male', 'name': {'title': 'Mr', 'first': 'David', 'last': 'Candelaria'}, 'location': {'street': {'number': 6379, 'name': 'Boulevard Norte Trejo'}, 'city': 'Mazatán', 'state': 'Queretaro', 'country': 'Mexico', 'postcode': 13971, 'coordinates': {'latitude': '29.5878', 'longitude': '-3.9988'}, 'timezone': {'offset': '-11:00', 'description': 'Midway Island, Samoa'}}, 'email': 'david.candelaria@example.com', 'login': {'uuid': '320a27a0-a8d8-442a-96db-86e706c2fb0c', 'username': 'ticklishpanda575', 'password': 'helen', 'salt': 'NG3HrjOe', 'md5': '44ae9e0f1b0a06b8f63aff2686ccf7df', 'sha1': 'c30f6dd744863ce2efe023f9fb00dbffab066c37', 'sha256': 'a40a9775ea17ac5940ee855dfdddfc70c805abbe7ddcfa3afb12d614f5a6d751'}, 'dob': {'date': '1967-11-04T00:05:29.346Z', 'age': 56}, 'registered': {'date': '2020-12-30T03:30:13.944Z', 'age': 3}, 'phone': '(603) 719 7082', 'cell': '(634) 728 2658', 'id': {'name': 'NSS', 'value': '58 95 74 1112 7'}, 'picture': {'large': 'https://randomuser.me/api/portraits/men/47.jpg', 'medium': 'https://randomuser.me/api/portraits/med/men/47.jpg', 'thumbnail': 'https://randomuser.me/api/portraits/thumb/men/47.jpg'}, 'nat': 'MX'}</msg>
<arg>${json_data['results'][0]}</arg>
<doc>Logs the given message with the given level.</doc>
<status status="PASS" start="2024-06-18T18:20:35.830066" elapsed="0.000419"/>
</kw>
<kw name="Log" owner="BuiltIn">
<msg time="2024-06-18T18:20:35.830913" level="INFO">gender</msg>
<arg>${key}</arg>
<doc>Logs the given message with the given level.</doc>
<status status="PASS" start="2024-06-18T18:20:35.830784" elapsed="0.000167"/>
</kw>
<var name="${key}">gender</var>
<status status="PASS" start="2024-06-18T18:20:35.829295" elapsed="0.001872"/>
</iter>
<iter>
<kw name="Dictionary Should Contain Key" owner="Collections">
<arg>${json_data['results'][0]}</arg>
<arg>${key}</arg>
<doc>Fails if ``key`` is not found from ``dictionary``.</doc>
<status status="PASS" start="2024-06-18T18:20:35.831460" elapsed="0.000387"/>
</kw>
<kw name="Log" owner="BuiltIn">
<msg time="2024-06-18T18:20:35.832391" level="INFO">{'gender': 'male', 'name': {'title': 'Mr', 'first': 'David', 'last': 'Candelaria'}, 'location': {'street': {'number': 6379, 'name': 'Boulevard Norte Trejo'}, 'city': 'Mazatán', 'state': 'Queretaro', 'country': 'Mexico', 'postcode': 13971, 'coordinates': {'latitude': '29.5878', 'longitude': '-3.9988'}, 'timezone': {'offset': '-11:00', 'description': 'Midway Island, Samoa'}}, 'email': 'david.candelaria@example.com', 'login': {'uuid': '320a27a0-a8d8-442a-96db-86e706c2fb0c', 'username': 'ticklishpanda575', 'password': 'helen', 'salt': 'NG3HrjOe', 'md5': '44ae9e0f1b0a06b8f63aff2686ccf7df', 'sha1': 'c30f6dd744863ce2efe023f9fb00dbffab066c37', 'sha256': 'a40a9775ea17ac5940ee855dfdddfc70c805abbe7ddcfa3afb12d614f5a6d751'}, 'dob': {'date': '1967-11-04T00:05:29.346Z', 'age': 56}, 'registered': {'date': '2020-12-30T03:30:13.944Z', 'age': 3}, 'phone': '(603) 719 7082', 'cell': '(634) 728 2658', 'id': {'name': 'NSS', 'value': '58 95 74 1112 7'}, 'picture': {'large': 'https://randomuser.me/api/portraits/men/47.jpg', 'medium': 'https://randomuser.me/api/portraits/med/men/47.jpg', 'thumbnail': 'https://randomuser.me/api/portraits/thumb/men/47.jpg'}, 'nat': 'MX'}</msg>
<arg>${json_data['results'][0]}</arg>
<doc>Logs the given message with the given level.</doc>
<status status="PASS" start="2024-06-18T18:20:35.832033" elapsed="0.000445"/>
</kw>
<kw name="Log" owner="BuiltIn">
<msg time="2024-06-18T18:20:35.832909" level="INFO">name</msg>
<arg>${key}</arg>
<doc>Logs the given message with the given level.</doc>
<status status="PASS" start="2024-06-18T18:20:35.832779" elapsed="0.000168"/>
</kw>
<var name="${key}">name</var>
<status status="PASS" start="2024-06-18T18:20:35.831350" elapsed="0.001818"/>
</iter>
<iter>
<kw name="Dictionary Should Contain Key" owner="Collections">
<arg>${json_data['results'][0]}</arg>
<arg>${key}</arg>
<doc>Fails if ``key`` is not found from ``dictionary``.</doc>
<status status="PASS" start="2024-06-18T18:20:35.833454" elapsed="0.000483"/>
</kw>
<kw name="Log" owner="BuiltIn">
<msg time="2024-06-18T18:20:35.834503" level="INFO">{'gender': 'male', 'name': {'title': 'Mr', 'first': 'David', 'last': 'Candelaria'}, 'location': {'street': {'number': 6379, 'name': 'Boulevard Norte Trejo'}, 'city': 'Mazatán', 'state': 'Queretaro', 'country': 'Mexico', 'postcode': 13971, 'coordinates': {'latitude': '29.5878', 'longitude': '-3.9988'}, 'timezone': {'offset': '-11:00', 'description': 'Midway Island, Samoa'}}, 'email': 'david.candelaria@example.com', 'login': {'uuid': '320a27a0-a8d8-442a-96db-86e706c2fb0c', 'username': 'ticklishpanda575', 'password': 'helen', 'salt': 'NG3HrjOe', 'md5': '44ae9e0f1b0a06b8f63aff2686ccf7df', 'sha1': 'c30f6dd744863ce2efe023f9fb00dbffab066c37', 'sha256': 'a40a9775ea17ac5940ee855dfdddfc70c805abbe7ddcfa3afb12d614f5a6d751'}, 'dob': {'date': '1967-11-04T00:05:29.346Z', 'age': 56}, 'registered': {'date': '2020-12-30T03:30:13.944Z', 'age': 3}, 'phone': '(603) 719 7082', 'cell': '(634) 728 2658', 'id': {'name': 'NSS', 'value': '58 95 74 1112 7'}, 'picture': {'large': 'https://randomuser.me/api/portraits/men/47.jpg', 'medium': 'https://randomuser.me/api/portraits/med/men/47.jpg', 'thumbnail': 'https://randomuser.me/api/portraits/thumb/men/47.jpg'}, 'nat': 'MX'}</msg>
<arg>${json_data['results'][0]}</arg>
<doc>Logs the given message with the given level.</doc>
<status status="PASS" start="2024-06-18T18:20:35.834128" elapsed="0.000425"/>
</kw>
<kw name="Log" owner="BuiltIn">
<msg time="2024-06-18T18:20:35.834993" level="INFO">location</msg>
<arg>${key}</arg>
<doc>Logs the given message with the given level.</doc>
<status status="PASS" start="2024-06-18T18:20:35.834854" elapsed="0.000177"/>
</kw>
<var name="${key}">location</var>
<status status="PASS" start="2024-06-18T18:20:35.833346" elapsed="0.001909"/>
</iter>
<iter>
<kw name="Dictionary Should Contain Key" owner="Collections">
<arg>${json_data['results'][0]}</arg>
<arg>${key}</arg>
<doc>Fails if ``key`` is not found from ``dictionary``.</doc>
<status status="PASS" start="2024-06-18T18:20:35.835530" elapsed="0.000378"/>
</kw>
<kw name="Log" owner="BuiltIn">
<msg time="2024-06-18T18:20:35.836454" level="INFO">{'gender': 'male', 'name': {'title': 'Mr', 'first': 'David', 'last': 'Candelaria'}, 'location': {'street': {'number': 6379, 'name': 'Boulevard Norte Trejo'}, 'city': 'Mazatán', 'state': 'Queretaro', 'country': 'Mexico', 'postcode': 13971, 'coordinates': {'latitude': '29.5878', 'longitude': '-3.9988'}, 'timezone': {'offset': '-11:00', 'description': 'Midway Island, Samoa'}}, 'email': 'david.candelaria@example.com', 'login': {'uuid': '320a27a0-a8d8-442a-96db-86e706c2fb0c', 'username': 'ticklishpanda575', 'password': 'helen', 'salt': 'NG3HrjOe', 'md5': '44ae9e0f1b0a06b8f63aff2686ccf7df', 'sha1': 'c30f6dd744863ce2efe023f9fb00dbffab066c37', 'sha256': 'a40a9775ea17ac5940ee855dfdddfc70c805abbe7ddcfa3afb12d614f5a6d751'}, 'dob': {'date': '1967-11-04T00:05:29.346Z', 'age': 56}, 'registered': {'date': '2020-12-30T03:30:13.944Z', 'age': 3}, 'phone': '(603) 719 7082', 'cell': '(634) 728 2658', 'id': {'name': 'NSS', 'value': '58 95 74 1112 7'}, 'picture': {'large': 'https://randomuser.me/api/portraits/men/47.jpg', 'medium': 'https://randomuser.me/api/portraits/med/men/47.jpg', 'thumbnail': 'https://randomuser.me/api/portraits/thumb/men/47.jpg'}, 'nat': 'MX'}</msg>
<arg>${json_data['results'][0]}</arg>
<doc>Logs the given message with the given level.</doc>
<status status="PASS" start="2024-06-18T18:20:35.836093" elapsed="0.000411"/>
</kw>
<kw name="Log" owner="BuiltIn">
<msg time="2024-06-18T18:20:35.836951" level="INFO">email</msg>
<arg>${key}</arg>
<doc>Logs the given message with the given level.</doc>
<status status="PASS" start="2024-06-18T18:20:35.836802" elapsed="0.000188"/>
</kw>
<var name="${key}">email</var>
<status status="PASS" start="2024-06-18T18:20:35.835422" elapsed="0.001778"/>
</iter>
<iter>
<kw name="Dictionary Should Contain Key" owner="Collections">
<arg>${json_data['results'][0]}</arg>
<arg>${key}</arg>
<doc>Fails if ``key`` is not found from ``dictionary``.</doc>
<status status="PASS" start="2024-06-18T18:20:35.837474" elapsed="0.000453"/>
</kw>
<kw name="Log" owner="BuiltIn">
<msg time="2024-06-18T18:20:35.838475" level="INFO">{'gender': 'male', 'name': {'title': 'Mr', 'first': 'David', 'last': 'Candelaria'}, 'location': {'street': {'number': 6379, 'name': 'Boulevard Norte Trejo'}, 'city': 'Mazatán', 'state': 'Queretaro', 'country': 'Mexico', 'postcode': 13971, 'coordinates': {'latitude': '29.5878', 'longitude': '-3.9988'}, 'timezone': {'offset': '-11:00', 'description': 'Midway Island, Samoa'}}, 'email': 'david.candelaria@example.com', 'login': {'uuid': '320a27a0-a8d8-442a-96db-86e706c2fb0c', 'username': 'ticklishpanda575', 'password': 'helen', 'salt': 'NG3HrjOe', 'md5': '44ae9e0f1b0a06b8f63aff2686ccf7df', 'sha1': 'c30f6dd744863ce2efe023f9fb00dbffab066c37', 'sha256': 'a40a9775ea17ac5940ee855dfdddfc70c805abbe7ddcfa3afb12d614f5a6d751'}, 'dob': {'date': '1967-11-04T00:05:29.346Z', 'age': 56}, 'registered': {'date': '2020-12-30T03:30:13.944Z', 'age': 3}, 'phone': '(603) 719 7082', 'cell': '(634) 728 2658', 'id': {'name': 'NSS', 'value': '58 95 74 1112 7'}, 'picture': {'large': 'https://randomuser.me/api/portraits/men/47.jpg', 'medium': 'https://randomuser.me/api/portraits/med/men/47.jpg', 'thumbnail': 'https://randomuser.me/api/portraits/thumb/men/47.jpg'}, 'nat': 'MX'}</msg>
<arg>${json_data['results'][0]}</arg>
<doc>Logs the given message with the given level.</doc>
<status status="PASS" start="2024-06-18T18:20:35.838113" elapsed="0.000412"/>
</kw>
<kw name="Log" owner="BuiltIn">
<msg time="2024-06-18T18:20:35.839067" level="INFO">login</msg>
<arg>${key}</arg>
<doc>Logs the given message with the given level.</doc>
<status status="PASS" start="2024-06-18T18:20:35.838822" elapsed="0.000284"/>
</kw>
<var name="${key}">login</var>
<status status="PASS" start="2024-06-18T18:20:35.837368" elapsed="0.001961"/>
</iter>
<var>${key}</var>
<value>@{expected_keys}</value>
<status status="PASS" start="2024-06-18T18:20:35.829097" elapsed="0.010353"/>
</for>
<kw name="Create List" owner="BuiltIn">
<msg time="2024-06-18T18:20:35.839777" level="INFO">${expected_keysTwo} = ['username', 'password']</msg>
<var>${expected_keysTwo}</var>
<arg>username</arg>
<arg>password</arg>
<doc>Returns a list containing given items.</doc>
<status status="PASS" start="2024-06-18T18:20:35.839642" elapsed="0.000190"/>
</kw>
<for flavor="IN">
<iter>
<kw name="Dictionary Should Contain Key" owner="Collections">
<arg>${json_data['results'][0]['login']}</arg>
<arg>${keyTwo}</arg>
<doc>Fails if ``key`` is not found from ``dictionary``.</doc>
<status status="PASS" start="2024-06-18T18:20:35.840340" elapsed="0.000391"/>
</kw>
<kw name="Dictionary Should Contain Key" owner="Collections">
<arg>${json_data['results'][0]['login']}</arg>
<arg>${keyTwo}</arg>
<doc>Fails if ``key`` is not found from ``dictionary``.</doc>
<status status="PASS" start="2024-06-18T18:20:35.840912" elapsed="0.000373"/>
</kw>
<kw name="Log" owner="BuiltIn">
<msg time="2024-06-18T18:20:35.841586" level="INFO">username</msg>
<arg>${keyTwo}</arg>
<doc>Logs the given message with the given level.</doc>
<status status="PASS" start="2024-06-18T18:20:35.841465" elapsed="0.000185"/>
</kw>
<var name="${keyTwo}">username</var>
<status status="PASS" start="2024-06-18T18:20:35.840233" elapsed="0.001657"/>
</iter>
<iter>
<kw name="Dictionary Should Contain Key" owner="Collections">
<arg>${json_data['results'][0]['login']}</arg>
<arg>${keyTwo}</arg>
<doc>Fails if ``key`` is not found from ``dictionary``.</doc>
<status status="PASS" start="2024-06-18T18:20:35.842165" elapsed="0.000381"/>
</kw>
<kw name="Dictionary Should Contain Key" owner="Collections">
<arg>${json_data['results'][0]['login']}</arg>
<arg>${keyTwo}</arg>
<doc>Fails if ``key`` is not found from ``dictionary``.</doc>
<status status="PASS" start="2024-06-18T18:20:35.842723" elapsed="0.000378"/>
</kw>
<kw name="Log" owner="BuiltIn">
<msg time="2024-06-18T18:20:35.843398" level="INFO">password</msg>
<arg>${keyTwo}</arg>
<doc>Logs the given message with the given level.</doc>
<status status="PASS" start="2024-06-18T18:20:35.843276" elapsed="0.000160"/>
</kw>
<var name="${keyTwo}">password</var>
<status status="PASS" start="2024-06-18T18:20:35.842059" elapsed="0.001598"/>
</iter>
<var>${keyTwo}</var>
<value>@{expected_keysTwo}</value>
<status status="PASS" start="2024-06-18T18:20:35.840079" elapsed="0.003699"/>
</for>
<status status="PASS" start="2024-06-18T18:20:35.716257" elapsed="0.127665"/>
</kw>
<doc>Testa a estrutura da resposta da API.</doc>
<tag>testeEstruturaResposta</tag>
<status status="PASS" start="2024-06-18T18:20:35.715581" elapsed="0.128500"/>
</test>
<test id="s1-s1-t4" name="Validar tipos de dados" line="28">
<kw name="Teste de Tipos de Dados" owner="random-user-service">
<kw name="GET On Session" owner="RequestsLibrary">
<msg time="2024-06-18T18:20:35.922194" level="INFO">GET Request : url=https://randomuser.me/api 
 path_url=/api 
 headers={'User-Agent': 'python-requests/2.32.3', 'Accept-Encoding': 'gzip, deflate', 'Accept': '*/*', 'Connection': 'keep-alive'} 
 body=None 
 </msg>
<msg time="2024-06-18T18:20:35.922305" level="INFO">GET Response : url=https://randomuser.me/api 
 status=200, reason=OK 
 headers={'Date': 'Tue, 18 Jun 2024 18:20:35 GMT', 'Content-Type': 'application/json; charset=utf-8', 'Transfer-Encoding': 'chunked', 'Connection': 'keep-alive', 'X-Powered-By': 'Express', 'Access-Control-Allow-Origin': '*', 'Cache-Control': 'no-cache', 'ETag': 'W/"48f-WITfgcYPVmXFmupP0lg5Bt51lDg"', 'Vary': 'Accept-Encoding', 'Content-Encoding': 'gzip', 'CF-Cache-Status': 'DYNAMIC', 'Report-To': '{"endpoints":[{"url":"https:\\/\\/a.nel.cloudflare.com\\/report\\/v4?s=4OuCky3gZX9gVChGTPpYH5l2b3t72Ykp%2Fo9vZopPewbwu4oM15rkJZLygGHzPhxKpnTwO7BFJTsVICJrHAVL7lWTfekgk%2BfJxoMF1VWffCNoc%2BSvK6bmARK2pEgdu1Un"}],"group":"cf-nel","max_age":604800}', 'NEL': '{"success_fraction":0,"report_to":"cf-nel","max_age":604800}', 'Server': 'cloudflare', 'CF-RAY': '895d4b541edce269-ORD', 'alt-svc': 'h3=":443"; ma=86400'} 
 body={"results":[{"gender":"female","name":{"title":"Miss","first":"Natividad","last":"Angulo"},"location":{"street":{"number":5903,"name":"Diagonal Nuevo León"},"city":"Matachic","state":"Hidalgo","country":"Mexico","postcode":81389,"coordinates":{"latitude":"25.5668","longitude":"42.5039"},"timezone":{"offset":"-10:00","description":"Hawaii"}},"email":"natividad.angulo@example.com","login":{"uuid":"c0419976-c4db-468c-bfcd-a54face9a00a","username":"ticklishostrich409","password":"robin","salt":"s1SyIXm9","md5":"2ff6e40b9610f53c35c79b7e6efbf097","sha1":"272b3dd02294b7f9d0e11788f021049e04bf013f","sha256":"b47ede8afb95d6d7371555466456588b2d33b270d47d81e677acd036c1f1e1a3"},"dob":{"date":"1962-03-03T12:12:23.128Z","age":62},"registered":{"date":"2022-04-04T13:49:35.324Z","age":2},"phone":"(678) 560 0650","cell":"(613) 827 6345","id":{"name":"NSS","value":"15 81 06 7995 5"},"picture":{"large":"https://randomuser.me/api/portraits/women/64.jpg","medium":"https://randomuser.me/api/portraits/med/women/64.jpg","thumbnail":"https://randomuser.me/api/portraits/thumb/women/64.jpg"},"nat":"MX"}],"info":{"seed":"a10c84f0282d5bc2","results":1,"page":1,"version":"1.4"}} 
 </msg>
<msg time="2024-06-18T18:20:35.922388" level="INFO">/opt/hostedtoolcache/Python/3.12.4/x64/lib/python3.12/site-packages/urllib3/connectionpool.py:1099: InsecureRequestWarning: Unverified HTTPS request is being made to host 'randomuser.me'. Adding certificate verification is strongly advised. See: https://urllib3.readthedocs.io/en/latest/advanced-usage.html#tls-warnings
  warnings.warn(</msg>
<msg time="2024-06-18T18:20:35.922519" level="INFO">${response} = &lt;Response [200]&gt;</msg>
<var>${response}</var>
<arg>consultarAPI</arg>
<arg>/api</arg>
<doc>Sends a GET request on a previously created HTTP Session.</doc>
<status status="PASS" start="2024-06-18T18:20:35.846559" elapsed="0.076006"/>
</kw>
<kw name="Set Variable" owner="BuiltIn">
<msg time="2024-06-18T18:20:35.923731" level="INFO">${json_data} = {'results': [{'gender': 'female', 'name': {'title': 'Miss', 'first': 'Natividad', 'last': 'Angulo'}, 'location': {'street': {'number': 5903, 'name': 'Diagonal Nuevo León'}, 'city': 'Matachic', 'state'...</msg>
<var>${json_data}</var>
<arg>${response.json()}</arg>
<doc>Returns the given values which can then be assigned to a variables.</doc>
<status status="PASS" start="2024-06-18T18:20:35.923176" elapsed="0.000585"/>
</kw>
<kw name="Log" owner="BuiltIn">
<msg time="2024-06-18T18:20:35.924233" level="INFO">{'results': [{'gender': 'female', 'name': {'title': 'Miss', 'first': 'Natividad', 'last': 'Angulo'}, 'location': {'street': {'number': 5903, 'name': 'Diagonal Nuevo León'}, 'city': 'Matachic', 'state': 'Hidalgo', 'country': 'Mexico', 'postcode': 81389, 'coordinates': {'latitude': '25.5668', 'longitude': '42.5039'}, 'timezone': {'offset': '-10:00', 'description': 'Hawaii'}}, 'email': 'natividad.angulo@example.com', 'login': {'uuid': 'c0419976-c4db-468c-bfcd-a54face9a00a', 'username': 'ticklishostrich409', 'password': 'robin', 'salt': 's1SyIXm9', 'md5': '2ff6e40b9610f53c35c79b7e6efbf097', 'sha1': '272b3dd02294b7f9d0e11788f021049e04bf013f', 'sha256': 'b47ede8afb95d6d7371555466456588b2d33b270d47d81e677acd036c1f1e1a3'}, 'dob': {'date': '1962-03-03T12:12:23.128Z', 'age': 62}, 'registered': {'date': '2022-04-04T13:49:35.324Z', 'age': 2}, 'phone': '(678) 560 0650', 'cell': '(613) 827 6345', 'id': {'name': 'NSS', 'value': '15 81 06 7995 5'}, 'picture': {'large': 'https://randomuser.me/api/portraits/women/64.jpg', 'medium': 'https://randomuser.me/api/portraits/med/women/64.jpg', 'thumbnail': 'https://randomuser.me/api/portraits/thumb/women/64.jpg'}, 'nat': 'MX'}], 'info': {'seed': 'a10c84f0282d5bc2', 'results': 1, 'page': 1, 'version': '1.4'}}</msg>
<arg>${json_data}</arg>
<doc>Logs the given message with the given level.</doc>
<status status="PASS" start="2024-06-18T18:20:35.924075" elapsed="0.000210"/>
</kw>
<kw name="Should Be String" owner="String">
<arg>${json_data['results'][0]['gender']}</arg>
<doc>Fails if the given ``item`` is not a string.</doc>
<status status="PASS" start="2024-06-18T18:20:35.924574" elapsed="0.000370"/>
</kw>
<kw name="Should Match Regexp" owner="BuiltIn">
<arg>${json_data['results'][0]['email']}</arg>
<arg>^[a-zA-Z0-9._%+-]+@[a-zA-Z0-9.-]+\.[a-zA-Z]{2,}$</arg>
<doc>Fails if ``string`` does not match ``pattern`` as a regular expression.</doc>
<status status="PASS" start="2024-06-18T18:20:35.925131" elapsed="0.000597"/>
</kw>
<kw name="Should Match Regexp" owner="BuiltIn">
<arg>${json_data['results'][0]['dob']['date']}</arg>
<arg>\\d{4}-\\d{2}-\\d{2}T\\d{2}:\\d{2}:\\d{2}\\.\\d{3}Z</arg>
<doc>Fails if ``string`` does not match ``pattern`` as a regular expression.</doc>
<status status="PASS" start="2024-06-18T18:20:35.925944" elapsed="0.000480"/>
</kw>
<kw name="Should Match Regexp" owner="BuiltIn">
<arg>${json_data['results'][0]['registered']['date']}</arg>
<arg>\\d{4}-\\d{2}-\\d{2}T\\d{2}:\\d{2}:\\d{2}\\.\\d{3}Z</arg>
<doc>Fails if ``string`` does not match ``pattern`` as a regular expression.</doc>
<status status="PASS" start="2024-06-18T18:20:35.926610" elapsed="0.000363"/>
</kw>
<kw name="Should Match Regexp" owner="BuiltIn">
<arg>${json_data['results'][0]['picture']['large']}</arg>
<arg>^https?://.*\.(?:png|jpe?g|gif|bmp)$</arg>
<doc>Fails if ``string`` does not match ``pattern`` as a regular expression.</doc>
<status status="PASS" start="2024-06-18T18:20:35.927159" elapsed="0.000455"/>
</kw>
<kw name="Should Match Regexp" owner="BuiltIn">
<arg>${json_data['results'][0]['picture']['medium']}</arg>
<arg>^https?://.*\.(?:png|jpe?g|gif|bmp)$</arg>
<doc>Fails if ``string`` does not match ``pattern`` as a regular expression.</doc>
<status status="PASS" start="2024-06-18T18:20:35.927799" elapsed="0.000353"/>
</kw>
<kw name="Should Match Regexp" owner="BuiltIn">
<arg>${json_data['results'][0]['picture']['thumbnail']}</arg>
<arg>^https?://.*\.(?:png|jpe?g|gif|bmp)$</arg>
<doc>Fails if ``string`` does not match ``pattern`` as a regular expression.</doc>
<status status="PASS" start="2024-06-18T18:20:35.928334" elapsed="0.000360"/>
</kw>
<kw name="Log" owner="BuiltIn">
<msg time="2024-06-18T18:20:35.929206" level="INFO">{'large': 'https://randomuser.me/api/portraits/women/64.jpg', 'medium': 'https://randomuser.me/api/portraits/med/women/64.jpg', 'thumbnail': 'https://randomuser.me/api/portraits/thumb/women/64.jpg'}</msg>
<arg>${json_data['results'][0]['picture']}</arg>
<doc>Logs the given message with the given level.</doc>
<status status="PASS" start="2024-06-18T18:20:35.928877" elapsed="0.000371"/>
</kw>
<status status="PASS" start="2024-06-18T18:20:35.846335" elapsed="0.083170"/>
</kw>
<kw name="Teste de Tipos de Dados - Postcode" owner="random-user-service">
<kw name="GET On Session" owner="RequestsLibrary">
<msg time="2024-06-18T18:20:36.007437" level="INFO">GET Request : url=https://randomuser.me/api 
 path_url=/api 
 headers={'User-Agent': 'python-requests/2.32.3', 'Accept-Encoding': 'gzip, deflate', 'Accept': '*/*', 'Connection': 'keep-alive'} 
 body=None 
 </msg>
<msg time="2024-06-18T18:20:36.007550" level="INFO">GET Response : url=https://randomuser.me/api 
 status=200, reason=OK 
 headers={'Date': 'Tue, 18 Jun 2024 18:20:36 GMT', 'Content-Type': 'application/json; charset=utf-8', 'Transfer-Encoding': 'chunked', 'Connection': 'keep-alive', 'X-Powered-By': 'Express', 'Access-Control-Allow-Origin': '*', 'Cache-Control': 'no-cache', 'ETag': 'W/"499-a9EDBzGhRE7GXYyoJbLpZnb/Qu0"', 'Vary': 'Accept-Encoding', 'Content-Encoding': 'gzip', 'CF-Cache-Status': 'DYNAMIC', 'Report-To': '{"endpoints":[{"url":"https:\\/\\/a.nel.cloudflare.com\\/report\\/v4?s=zNa%2BJZer2h0MuQoRdysKDQVGCwRjYC8VP1%2FsgUMXy4Q47JantaOH%2BoyhWu5l%2BDQxxpxG4TeB%2B8x245UX1p%2Fj5teuIMhzRLiEdmj6VP89%2Fbt%2B3O9hyy8JSefIS6Tzloyk"}],"group":"cf-nel","max_age":604800}', 'NEL': '{"success_fraction":0,"report_to":"cf-nel","max_age":604800}', 'Server': 'cloudflare', 'CF-RAY': '895d4b549f7fe269-ORD', 'alt-svc': 'h3=":443"; ma=86400'} 
 body={"results":[{"gender":"male","name":{"title":"Mr","first":"Abdénago","last":"Rocha"},"location":{"street":{"number":633,"name":"Rua Santa Maria "},"city":"Araraquara","state":"Roraima","country":"Brazil","postcode":77254,"coordinates":{"latitude":"-79.5320","longitude":"-72.5227"},"timezone":{"offset":"-5:00","description":"Eastern Time (US &amp; Canada), Bogota, Lima"}},"email":"abdenago.rocha@example.com","login":{"uuid":"0d41a0db-c051-4afa-8b32-31ff05ad0586","username":"bluecat284","password":"rated","salt":"UatfN9MX","md5":"d9163623a17239c864d544539b8233b8","sha1":"fe4c9cadb19898042881381af83a088e1563b4dc","sha256":"9dbed3115f0deb9df3dcd132591753d9c29a4a6f74dc9ae7f2bed076bbea0214"},"dob":{"date":"1949-04-29T12:47:59.653Z","age":75},"registered":{"date":"2022-04-01T12:04:27.556Z","age":2},"phone":"(03) 6803-5436","cell":"(68) 4022-5099","id":{"name":"CPF","value":"914.872.108-31"},"picture":{"large":"https://randomuser.me/api/portraits/men/98.jpg","medium":"https://randomuser.me/api/portraits/med/men/98.jpg","thumbnail":"https://randomuser.me/api/portraits/thumb/men/98.jpg"},"nat":"BR"}],"info":{"seed":"fc83a615befd7e04","results":1,"page":1,"version":"1.4"}} 
 </msg>
<msg time="2024-06-18T18:20:36.007661" level="INFO">/opt/hostedtoolcache/Python/3.12.4/x64/lib/python3.12/site-packages/urllib3/connectionpool.py:1099: InsecureRequestWarning: Unverified HTTPS request is being made to host 'randomuser.me'. Adding certificate verification is strongly advised. See: https://urllib3.readthedocs.io/en/latest/advanced-usage.html#tls-warnings
  warnings.warn(</msg>
<msg time="2024-06-18T18:20:36.007797" level="INFO">${response} = &lt;Response [200]&gt;</msg>
<var>${response}</var>
<arg>consultarAPI</arg>
<arg>/api</arg>
<doc>Sends a GET request on a previously created HTTP Session.</doc>
<status status="PASS" start="2024-06-18T18:20:35.930026" elapsed="0.077818"/>
</kw>
<kw name="Set Variable" owner="BuiltIn">
<msg time="2024-06-18T18:20:36.008894" level="INFO">${json_data} = {'results': [{'gender': 'male', 'name': {'title': 'Mr', 'first': 'Abdénago', 'last': 'Rocha'}, 'location': {'street': {'number': 633, 'name': 'Rua Santa Maria '}, 'city': 'Araraquara', 'state': 'Rorai...</msg>
<var>${json_data}</var>
<arg>${response.json()}</arg>
<doc>Returns the given values which can then be assigned to a variables.</doc>
<status status="PASS" start="2024-06-18T18:20:36.008370" elapsed="0.000555"/>
</kw>
<kw name="Log" owner="BuiltIn">
<msg time="2024-06-18T18:20:36.009385" level="INFO">{'results': [{'gender': 'male', 'name': {'title': 'Mr', 'first': 'Abdénago', 'last': 'Rocha'}, 'location': {'street': {'number': 633, 'name': 'Rua Santa Maria '}, 'city': 'Araraquara', 'state': 'Roraima', 'country': 'Brazil', 'postcode': 77254, 'coordinates': {'latitude': '-79.5320', 'longitude': '-72.5227'}, 'timezone': {'offset': '-5:00', 'description': 'Eastern Time (US &amp; Canada), Bogota, Lima'}}, 'email': 'abdenago.rocha@example.com', 'login': {'uuid': '0d41a0db-c051-4afa-8b32-31ff05ad0586', 'username': 'bluecat284', 'password': 'rated', 'salt': 'UatfN9MX', 'md5': 'd9163623a17239c864d544539b8233b8', 'sha1': 'fe4c9cadb19898042881381af83a088e1563b4dc', 'sha256': '9dbed3115f0deb9df3dcd132591753d9c29a4a6f74dc9ae7f2bed076bbea0214'}, 'dob': {'date': '1949-04-29T12:47:59.653Z', 'age': 75}, 'registered': {'date': '2022-04-01T12:04:27.556Z', 'age': 2}, 'phone': '(03) 6803-5436', 'cell': '(68) 4022-5099', 'id': {'name': 'CPF', 'value': '914.872.108-31'}, 'picture': {'large': 'https://randomuser.me/api/portraits/men/98.jpg', 'medium': 'https://randomuser.me/api/portraits/med/men/98.jpg', 'thumbnail': 'https://randomuser.me/api/portraits/thumb/men/98.jpg'}, 'nat': 'BR'}], 'info': {'seed': 'fc83a615befd7e04', 'results': 1, 'page': 1, 'version': '1.4'}}</msg>
<arg>${json_data}</arg>
<doc>Logs the given message with the given level.</doc>
<status status="PASS" start="2024-06-18T18:20:36.009228" elapsed="0.000209"/>
</kw>
<kw name="Should Be Equal As Numbers" owner="BuiltIn">
<arg>${json_data['results'][0]['location']['postcode']}</arg>
<arg>${json_data['results'][0]['location']['postcode']}</arg>
<doc>Fails if objects are unequal after converting them to real numbers.</doc>
<status status="PASS" start="2024-06-18T18:20:36.009763" elapsed="0.000635"/>
</kw>
<kw name="Log" owner="BuiltIn">
<msg time="2024-06-18T18:20:36.010917" level="INFO">77254</msg>
<arg>${json_data['results'][0]['location']['postcode']}</arg>
<doc>Logs the given message with the given level.</doc>
<status status="PASS" start="2024-06-18T18:20:36.010585" elapsed="0.000408"/>
</kw>
<status status="PASS" start="2024-06-18T18:20:35.929760" elapsed="0.081493"/>
</kw>
<doc>Testa se os tipos de dados na resposta da API estão corretos.</doc>
<tag>testeTiposDados</tag>
<status status="PASS" start="2024-06-18T18:20:35.845881" elapsed="0.165542"/>
</test>
<test id="s1-s1-t5" name="Validar conteudo" line="35">
<kw name="Teste de Tipos de Conteudo" owner="random-user-service">
<kw name="GET On Session" owner="RequestsLibrary">
<msg time="2024-06-18T18:20:36.105852" level="INFO">GET Request : url=https://randomuser.me/api 
 path_url=/api 
 headers={'User-Agent': 'python-requests/2.32.3', 'Accept-Encoding': 'gzip, deflate', 'Accept': '*/*', 'Connection': 'keep-alive'} 
 body=None 
 </msg>
<msg time="2024-06-18T18:20:36.105964" level="INFO">GET Response : url=https://randomuser.me/api 
 status=200, reason=OK 
 headers={'Date': 'Tue, 18 Jun 2024 18:20:36 GMT', 'Content-Type': 'application/json; charset=utf-8', 'Transfer-Encoding': 'chunked', 'Connection': 'keep-alive', 'X-Powered-By': 'Express', 'Access-Control-Allow-Origin': '*', 'Cache-Control': 'no-cache', 'ETag': 'W/"479-puGmcLgdgOW8fKBcXhH4C60eYs4"', 'Vary': 'Accept-Encoding', 'Content-Encoding': 'gzip', 'CF-Cache-Status': 'DYNAMIC', 'Report-To': '{"endpoints":[{"url":"https:\\/\\/a.nel.cloudflare.com\\/report\\/v4?s=avTrbgpaQcDCrpsvN88UdFDhBG6MR3POrjMSnP8NE0LX0h6yJZvt8CMS52KTqSvp3pwqyLwtDaexqffUTqDUYtnByWh%2BEVq3xaX64Z0o%2FATj919XCeO%2FxQGGlUSehYiD"}],"group":"cf-nel","max_age":604800}', 'NEL': '{"success_fraction":0,"report_to":"cf-nel","max_age":604800}', 'Server': 'cloudflare', 'CF-RAY': '895d4b551837e269-ORD', 'alt-svc': 'h3=":443"; ma=86400'} 
 body={"results":[{"gender":"male","name":{"title":"Mr","first":"Nawfal","last":"Wansink"},"location":{"street":{"number":7088,"name":"Kortemeestraat"},"city":"Kranenburg","state":"Zeeland","country":"Netherlands","postcode":"8542 QE","coordinates":{"latitude":"35.9587","longitude":"-102.3582"},"timezone":{"offset":"-9:00","description":"Alaska"}},"email":"nawfal.wansink@example.com","login":{"uuid":"af2bf7d9-19a6-405e-856e-fa28d9625c0e","username":"happyswan988","password":"fmale","salt":"eJOxcu5s","md5":"b28de057254adfb6d74d1234df7cb92b","sha1":"1216a5c0c99d63327ac8d8386d92eff2f56983bc","sha256":"d1067b7d7a3e06c120fbe19ff1975a2f88c2044921d48c36f3f850f05b736f13"},"dob":{"date":"1982-02-15T17:32:05.189Z","age":42},"registered":{"date":"2005-07-12T12:09:53.214Z","age":18},"phone":"(086) 3137091","cell":"(06) 90072162","id":{"name":"BSN","value":"43798886"},"picture":{"large":"https://randomuser.me/api/portraits/men/53.jpg","medium":"https://randomuser.me/api/portraits/med/men/53.jpg","thumbnail":"https://randomuser.me/api/portraits/thumb/men/53.jpg"},"nat":"NL"}],"info":{"seed":"654870e80f8b3d46","results":1,"page":1,"version":"1.4"}} 
 </msg>
<msg time="2024-06-18T18:20:36.106049" level="INFO">/opt/hostedtoolcache/Python/3.12.4/x64/lib/python3.12/site-packages/urllib3/connectionpool.py:1099: InsecureRequestWarning: Unverified HTTPS request is being made to host 'randomuser.me'. Adding certificate verification is strongly advised. See: https://urllib3.readthedocs.io/en/latest/advanced-usage.html#tls-warnings
  warnings.warn(</msg>
<msg time="2024-06-18T18:20:36.106168" level="INFO">${response} = &lt;Response [200]&gt;</msg>
<var>${response}</var>
<arg>consultarAPI</arg>
<arg>/api</arg>
<doc>Sends a GET request on a previously created HTTP Session.</doc>
<status status="PASS" start="2024-06-18T18:20:36.014234" elapsed="0.091963"/>
</kw>
<kw name="Set Variable" owner="BuiltIn">
<msg time="2024-06-18T18:20:36.107267" level="INFO">${json_data} = {'results': [{'gender': 'male', 'name': {'title': 'Mr', 'first': 'Nawfal', 'last': 'Wansink'}, 'location': {'street': {'number': 7088, 'name': 'Kortemeestraat'}, 'city': 'Kranenburg', 'state': 'Zeelan...</msg>
<var>${json_data}</var>
<arg>${response.json()}</arg>
<doc>Returns the given values which can then be assigned to a variables.</doc>
<status status="PASS" start="2024-06-18T18:20:36.106740" elapsed="0.000555"/>
</kw>
<kw name="Set Variable" owner="BuiltIn">
<msg time="2024-06-18T18:20:36.108009" level="INFO">${name_title} = Mr</msg>
<var>${name_title}</var>
<arg>${json_data["results"][0]["name"]["title"]}</arg>
<doc>Returns the given values which can then be assigned to a variables.</doc>
<status status="PASS" start="2024-06-18T18:20:36.107610" elapsed="0.000425"/>
</kw>
<kw name="Create List" owner="BuiltIn">
<msg time="2024-06-18T18:20:36.108481" level="INFO">${allowed_titles} = ['Mr', 'Ms', 'Miss', 'Mrs', 'Madame', 'Monsieur']</msg>
<var>${allowed_titles}</var>
<arg>Mr</arg>
<arg>Ms</arg>
<arg>Miss</arg>
<arg>Mrs</arg>
<arg>Madame</arg>
<arg>Monsieur</arg>
<doc>Returns a list containing given items.</doc>
<status status="PASS" start="2024-06-18T18:20:36.108330" elapsed="0.000175"/>
</kw>
<kw name="List Should Contain Value" owner="Collections">
<arg>${allowed_titles}</arg>
<arg>${name_title}</arg>
<doc>Fails if the ``value`` is not found from ``list``.</doc>
<status status="PASS" start="2024-06-18T18:20:36.108798" elapsed="0.000177"/>
</kw>
<kw name="Set Variable" owner="BuiltIn">
<msg time="2024-06-18T18:20:36.109520" level="INFO">${name_country} = NL</msg>
<var>${name_country}</var>
<arg>${json_data["results"][0]["nat"]}</arg>
<doc>Returns the given values which can then be assigned to a variables.</doc>
<status status="PASS" start="2024-06-18T18:20:36.109156" elapsed="0.000389"/>
</kw>
<kw name="Create List" owner="BuiltIn">
<msg time="2024-06-18T18:20:36.110474" level="INFO">${list_country} = ['AD', 'AE', 'AF', 'AG', 'AI', 'AL', 'AM', 'AO', 'AQ', 'AR', 'AS', 'AT', 'AU', 'AW', 'AX', 'AZ', 'BA', 'BB', 'BD', 'BE', 'BF', 'BG', 'BH', 'BI', 'BJ', 'BL', 'BM', 'BN', 'BO', 'BQ', 'BR', 'BS', 'BT', '...</msg>
<var>${list_country}</var>
<arg>AD</arg>
<arg>AE</arg>
<arg>AF</arg>
<arg>AG</arg>
<arg>AI</arg>
<arg>AL</arg>
<arg>AM</arg>
<arg>AO</arg>
<arg>AQ</arg>
<arg>AR</arg>
<arg>AS</arg>
<arg>AT</arg>
<arg>AU</arg>
<arg>AW</arg>
<arg>AX</arg>
<arg>AZ</arg>
<arg>BA</arg>
<arg>BB</arg>
<arg>BD</arg>
<arg>BE</arg>
<arg>BF</arg>
<arg>BG</arg>
<arg>BH</arg>
<arg>BI</arg>
<arg>BJ</arg>
<arg>BL</arg>
<arg>BM</arg>
<arg>BN</arg>
<arg>BO</arg>
<arg>BQ</arg>
<arg>BR</arg>
<arg>BS</arg>
<arg>BT</arg>
<arg>BV</arg>
<arg>BW</arg>
<arg>BY</arg>
<arg>BZ</arg>
<arg>CA</arg>
<arg>CC</arg>
<arg>CD</arg>
<arg>CF</arg>
<arg>CG</arg>
<arg>CH</arg>
<arg>CI</arg>
<arg>CK</arg>
<arg>CL</arg>
<arg>CM</arg>
<arg>CN</arg>
<arg>CO</arg>
<arg>CR</arg>
<arg>CU</arg>
<arg>CV</arg>
<arg>CW</arg>
<arg>CX</arg>
<arg>CY</arg>
<arg>CZ</arg>
<arg>DE</arg>
<arg>DJ</arg>
<arg>DK</arg>
<arg>DM</arg>
<arg>DO</arg>
<arg>DZ</arg>
<arg>EC</arg>
<arg>EE</arg>
<arg>EG</arg>
<arg>EH</arg>
<arg>ER</arg>
<arg>ES</arg>
<arg>ET</arg>
<arg>FI</arg>
<arg>FJ</arg>
<arg>FK</arg>
<arg>FM</arg>
<arg>FO</arg>
<arg>FR</arg>
<arg>GA</arg>
<arg>GB</arg>
<arg>GD</arg>
<arg>GE</arg>
<arg>GF</arg>
<arg>GG</arg>
<arg>GH</arg>
<arg>GI</arg>
<arg>GL</arg>
<arg>GM</arg>
<arg>GN</arg>
<arg>GP</arg>
<arg>GQ</arg>
<arg>GR</arg>
<arg>GS</arg>
<arg>GT</arg>
<arg>GU</arg>
<arg>GW</arg>
<arg>GY</arg>
<arg>HK</arg>
<arg>HM</arg>
<arg>HN</arg>
<arg>HR</arg>
<arg>HT</arg>
<arg>HU</arg>
<arg>ID</arg>
<arg>IE</arg>
<arg>IL</arg>
<arg>IM</arg>
<arg>IN</arg>
<arg>IO</arg>
<arg>IQ</arg>
<arg>IR</arg>
<arg>IS</arg>
<arg>IT</arg>
<arg>JE</arg>
<arg>JM</arg>
<arg>JO</arg>
<arg>JP</arg>
<arg>KE</arg>
<arg>KG</arg>
<arg>KH</arg>
<arg>KI</arg>
<arg>KM</arg>
<arg>KN</arg>
<arg>KP</arg>
<arg>KR</arg>
<arg>KW</arg>
<arg>KY</arg>
<arg>KZ</arg>
<arg>LA</arg>
<arg>LB</arg>
<arg>LC</arg>
<arg>LI</arg>
<arg>LK</arg>
<arg>LR</arg>
<arg>LS</arg>
<arg>LT</arg>
<arg>LU</arg>
<arg>LV</arg>
<arg>LY</arg>
<arg>MA</arg>
<arg>MC</arg>
<arg>MD</arg>
<arg>ME</arg>
<arg>MF</arg>
<arg>MG</arg>
<arg>MH</arg>
<arg>MK</arg>
<arg>ML</arg>
<arg>MM</arg>
<arg>MN</arg>
<arg>MO</arg>
<arg>MP</arg>
<arg>MQ</arg>
<arg>MR</arg>
<arg>MS</arg>
<arg>MT</arg>
<arg>MU</arg>
<arg>MV</arg>
<arg>MW</arg>
<arg>MX</arg>
<arg>MY</arg>
<arg>MZ</arg>
<arg>NA</arg>
<arg>NC</arg>
<arg>NE</arg>
<arg>NF</arg>
<arg>NG</arg>
<arg>NI</arg>
<arg>NL</arg>
<arg>NO</arg>
<arg>NP</arg>
<arg>NR</arg>
<arg>NU</arg>
<arg>NZ</arg>
<arg>OM</arg>
<arg>PA</arg>
<arg>PE</arg>
<arg>PF</arg>
<arg>PG</arg>
<arg>PH</arg>
<arg>PK</arg>
<arg>PL</arg>
<arg>PM</arg>
<arg>PN</arg>
<arg>PR</arg>
<arg>PS</arg>
<arg>PT</arg>
<arg>PW</arg>
<arg>PY</arg>
<arg>QA</arg>
<arg>RE</arg>
<arg>RO</arg>
<arg>RS</arg>
<arg>RU</arg>
<arg>RW</arg>
<arg>SA</arg>
<arg>SB</arg>
<arg>SC</arg>
<arg>SD</arg>
<arg>SE</arg>
<arg>SG</arg>
<arg>SH</arg>
<arg>SI</arg>
<arg>SJ</arg>
<arg>SK</arg>
<arg>SL</arg>
<arg>SM</arg>
<arg>SN</arg>
<arg>SO</arg>
<arg>SR</arg>
<arg>SS</arg>
<arg>ST</arg>
<arg>SV</arg>
<arg>SX</arg>
<arg>SY</arg>
<arg>SZ</arg>
<arg>TC</arg>
<arg>TD</arg>
<arg>TF</arg>
<arg>TG</arg>
<arg>TH</arg>
<arg>TJ</arg>
<arg>TK</arg>
<arg>TL</arg>
<arg>TM</arg>
<arg>TN</arg>
<arg>TO</arg>
<arg>TR</arg>
<arg>TT</arg>
<arg>TV</arg>
<arg>TW</arg>
<arg>TZ</arg>
<arg>UA</arg>
<arg>UG</arg>
<arg>UM</arg>
<arg>US</arg>
<arg>UY</arg>
<arg>UZ</arg>
<arg>VA</arg>
<arg>VC</arg>
<arg>VE</arg>
<arg>VG</arg>
<arg>VI</arg>
<arg>VN</arg>
<arg>VU</arg>
<arg>WF</arg>
<arg>WS</arg>
<arg>XK</arg>
<arg>YE</arg>
<arg>YT</arg>
<arg>ZA</arg>
<arg>ZM</arg>
<arg>ZW</arg>
<doc>Returns a list containing given items.</doc>
<status status="PASS" start="2024-06-18T18:20:36.109873" elapsed="0.000626"/>
</kw>
<kw name="List Should Contain Value" owner="Collections">
<arg>${list_country}</arg>
<arg>${name_country}</arg>
<doc>Fails if the ``value`` is not found from ``list``.</doc>
<status status="PASS" start="2024-06-18T18:20:36.111298" elapsed="0.000204"/>
</kw>
<kw name="Run Keyword If" owner="BuiltIn">
<kw name="Should Be True" owner="BuiltIn">
<arg>${True}</arg>
<doc>Fails if the given condition is not true.</doc>
<status status="PASS" start="2024-06-18T18:20:36.112577" elapsed="0.000143"/>
</kw>
<arg>${json_data["results"][0]["location"]["coordinates"]["latitude"]} &gt;= -90 and ${json_data["results"][0]["location"]["coordinates"]["latitude"]} &lt;= 90</arg>
<arg>Should Be True</arg>
<arg>${True}</arg>
<doc>Runs the given keyword with the given arguments, if ``condition`` is true.</doc>
<status status="PASS" start="2024-06-18T18:20:36.111695" elapsed="0.001151"/>
</kw>
<kw name="Run Keyword If" owner="BuiltIn">
<kw name="Should Be True" owner="BuiltIn">
<arg>${True}</arg>
<doc>Fails if the given condition is not true.</doc>
<status status="PASS" start="2024-06-18T18:20:36.113755" elapsed="0.000140"/>
</kw>
<arg>${json_data["results"][0]["location"]["coordinates"]["longitude"]} &gt;= -180 and ${json_data["results"][0]["location"]["coordinates"]["longitude"]} &lt;= 180</arg>
<arg>Should Be True</arg>
<arg>${True}</arg>
<doc>Runs the given keyword with the given arguments, if ``condition`` is true.</doc>
<status status="PASS" start="2024-06-18T18:20:36.113030" elapsed="0.000988"/>
</kw>
<status status="PASS" start="2024-06-18T18:20:36.013860" elapsed="0.100290"/>
</kw>
<doc>Testa o conteúdo específico dos campos retornados pela API.</doc>
<tag>testeConteudo</tag>
<status status="PASS" start="2024-06-18T18:20:36.013182" elapsed="0.101119"/>
</test>
<status status="PASS" start="2024-06-18T18:20:35.255486" elapsed="0.860770"/>
</suite>
<status status="PASS" start="2024-06-18T18:20:35.228840" elapsed="0.892487"/>
</suite>
<statistics>
<total>
<stat pass="5" fail="0" skip="0">All Tests</stat>
</total>
<tag>
<stat pass="1" fail="0" skip="0">testeConteudo</stat>
<stat pass="1" fail="0" skip="0">testeEstruturaResposta</stat>
<stat pass="1" fail="0" skip="0">testeRequisicaoBasica</stat>
<stat pass="1" fail="0" skip="0">testeTiposDados</stat>
</tag>
<suite>
<stat pass="5" fail="0" skip="0" id="s1" name="Tests">Tests</stat>
<stat pass="5" fail="0" skip="0" id="s1-s1" name="Random-User-Test">Tests.Random-User-Test</stat>
</suite>
</statistics>
<errors>
</errors>
</robot>
