<?xml version="1.0" encoding="UTF-8"?>
<robot generator="Robot 7.0 (Python 3.12.3 on linux)" generated="2024-06-04T20:41:04.986324" rpa="false" schemaversion="5">
<suite id="s1" name="Tests" source="/home/runner/work/ApiRandomUser/ApiRandomUser/RamdonUser/tests">
<suite id="s1-s1" name="Random-User-Test" source="/home/runner/work/ApiRandomUser/ApiRandomUser/RamdonUser/tests/random-user-test.robot">
<test id="s1-s1-t1" name="Conectar" line="13">
<kw name="Conectar API" owner="random-user-service">
<kw name="Create Session" owner="RequestsLibrary">
<msg time="2024-06-04T20:41:05.368524" level="INFO">Creating Session using : alias=consultarAPI, url=https://randomuser.me/, headers={},                     cookies={}, auth=None, timeout=None, proxies=None, verify=False,                     debug=0 </msg>
<arg>consultarAPI</arg>
<arg>${URL}</arg>
<doc>Create Session: create a HTTP session to a server</doc>
<status status="PASS" start="2024-06-04T20:41:05.368325" elapsed="0.000362"/>
</kw>
<status status="PASS" start="2024-06-04T20:41:05.367313" elapsed="0.001754"/>
</kw>
<status status="PASS" start="2024-06-04T20:41:05.366748" elapsed="0.002515"/>
</test>
<test id="s1-s1-t2" name="Validar retorno 200 e JSON Válido" line="16">
<kw name="Teste de Requisicao Basica" owner="random-user-service">
<kw name="GET On Session" owner="RequestsLibrary">
<msg time="2024-06-04T20:41:05.499112" level="INFO">GET Request : url=https://randomuser.me/api 
 path_url=/api 
 headers={'User-Agent': 'python-requests/2.32.3', 'Accept-Encoding': 'gzip, deflate', 'Accept': '*/*', 'Connection': 'keep-alive'} 
 body=None 
 </msg>
<msg time="2024-06-04T20:41:05.499224" level="INFO">GET Response : url=https://randomuser.me/api 
 status=200, reason=OK 
 headers={'Date': 'Tue, 04 Jun 2024 20:41:05 GMT', 'Content-Type': 'application/json; charset=utf-8', 'Transfer-Encoding': 'chunked', 'Connection': 'keep-alive', 'X-Powered-By': 'Express', 'Access-Control-Allow-Origin': '*', 'Cache-Control': 'no-cache', 'ETag': 'W/"48d-he3oc/hXBsRJv8gMoJaAsoxqzsE"', 'Vary': 'Accept-Encoding', 'Content-Encoding': 'gzip', 'CF-Cache-Status': 'DYNAMIC', 'Report-To': '{"endpoints":[{"url":"https:\\/\\/a.nel.cloudflare.com\\/report\\/v4?s=cjenrEpu3QidjhJsMjt97Y5Puw1vVtRW%2FvZmDmRG4KEmnSgGOq%2FF3ho3pWiRhJrH7K6e5JFmjWaIGS860q0K%2BtOvoxhO42hzhJ3Nq8T3JSAC2uDfCl6dguph7A2XzGkV"}],"group":"cf-nel","max_age":604800}', 'NEL': '{"success_fraction":0,"report_to":"cf-nel","max_age":604800}', 'Server': 'cloudflare', 'CF-RAY': '88eabde0cf1b17d2-SJC', 'alt-svc': 'h3=":443"; ma=86400'} 
 body={"results":[{"gender":"male","name":{"title":"Mr","first":"Philip","last":"Martinez"},"location":{"street":{"number":8528,"name":"Miller Ave"},"city":"El Cajon","state":"Utah","country":"United States","postcode":97249,"coordinates":{"latitude":"87.0500","longitude":"-140.9330"},"timezone":{"offset":"-1:00","description":"Azores, Cape Verde Islands"}},"email":"philip.martinez@example.com","login":{"uuid":"c86d84df-0787-46a5-a506-d36c0a656a7e","username":"angrykoala843","password":"franklin","salt":"bDFEyQxk","md5":"96427ba3061d170deaa876b4073309cf","sha1":"0d14b1279441c5834a25b454cce5dc253c964b1f","sha256":"0df784f2f3812ad4c4b16b007e7589ce41609c19c14c2cc28565843cf7f3dc85"},"dob":{"date":"1956-02-13T05:39:14.377Z","age":68},"registered":{"date":"2010-08-14T00:04:54.000Z","age":13},"phone":"(263) 436-4855","cell":"(278) 223-0286","id":{"name":"SSN","value":"431-89-9758"},"picture":{"large":"https://randomuser.me/api/portraits/men/75.jpg","medium":"https://randomuser.me/api/portraits/med/men/75.jpg","thumbnail":"https://randomuser.me/api/portraits/thumb/men/75.jpg"},"nat":"US"}],"info":{"seed":"0b26f11c5c416ffa","results":1,"page":1,"version":"1.4"}} 
 </msg>
<msg time="2024-06-04T20:41:05.499292" level="INFO">/opt/hostedtoolcache/Python/3.12.3/x64/lib/python3.12/site-packages/urllib3/connectionpool.py:1103: InsecureRequestWarning: Unverified HTTPS request is being made to host 'randomuser.me'. Adding certificate verification is strongly advised. See: https://urllib3.readthedocs.io/en/latest/advanced-usage.html#tls-warnings
  warnings.warn(</msg>
<msg time="2024-06-04T20:41:05.499402" level="INFO">${response} = &lt;Response [200]&gt;</msg>
<var>${response}</var>
<arg>consultarAPI</arg>
<arg>/api</arg>
<doc>Sends a GET request on a previously created HTTP Session.</doc>
<status status="PASS" start="2024-06-04T20:41:05.371914" elapsed="0.127530"/>
</kw>
<kw name="Should Be Equal As Numbers" owner="BuiltIn">
<msg time="2024-06-04T20:41:05.500424" level="INFO">Argument types are:
&lt;class 'int'&gt;
&lt;class 'str'&gt;</msg>
<arg>${response.status_code}</arg>
<arg>200</arg>
<doc>Fails if objects are unequal after converting them to real numbers.</doc>
<status status="PASS" start="2024-06-04T20:41:05.499928" elapsed="0.000559"/>
</kw>
<kw name="Log" owner="BuiltIn">
<msg time="2024-06-04T20:41:05.501212" level="INFO">200</msg>
<arg>${response.status_code}</arg>
<doc>Logs the given message with the given level.</doc>
<status status="PASS" start="2024-06-04T20:41:05.500820" elapsed="0.000440"/>
</kw>
<kw name="Set Variable" owner="BuiltIn">
<msg time="2024-06-04T20:41:05.501993" level="INFO">${json_data} = {'results': [{'gender': 'male', 'name': {'title': 'Mr', 'first': 'Philip', 'last': 'Martinez'}, 'location': {'street': {'number': 8528, 'name': 'Miller Ave'}, 'city': 'El Cajon', 'state': 'Utah', 'cou...</msg>
<var>${json_data}</var>
<arg>${response.json()}</arg>
<doc>Returns the given values which can then be assigned to a variables.</doc>
<status status="PASS" start="2024-06-04T20:41:05.501567" elapsed="0.000455"/>
</kw>
<kw name="Dictionary Should Contain Key" owner="Collections">
<msg time="2024-06-04T20:41:05.502496" level="INFO">False</msg>
<arg>${json_data}</arg>
<arg>results</arg>
<doc>Fails if ``key`` is not found from ``dictionary``.</doc>
<status status="PASS" start="2024-06-04T20:41:05.502325" elapsed="0.000336"/>
</kw>
<status status="PASS" start="2024-06-04T20:41:05.371670" elapsed="0.131253"/>
</kw>
<doc>Testa se a API responde corretamente e retorna um objeto JSON válido.</doc>
<tag>testeRequisicaoBasica</tag>
<status status="PASS" start="2024-06-04T20:41:05.371156" elapsed="0.131935"/>
</test>
<test id="s1-s1-t3" name="Validar estrutura de resposta" line="22">
<kw name="Teste de Estrutura de Resposta" owner="random-user-service">
<kw name="GET On Session" owner="RequestsLibrary">
<msg time="2024-06-04T20:41:05.604344" level="INFO">GET Request : url=https://randomuser.me/api 
 path_url=/api 
 headers={'User-Agent': 'python-requests/2.32.3', 'Accept-Encoding': 'gzip, deflate', 'Accept': '*/*', 'Connection': 'keep-alive'} 
 body=None 
 </msg>
<msg time="2024-06-04T20:41:05.604425" level="INFO">GET Response : url=https://randomuser.me/api 
 status=200, reason=OK 
 headers={'Date': 'Tue, 04 Jun 2024 20:41:05 GMT', 'Content-Type': 'application/json; charset=utf-8', 'Transfer-Encoding': 'chunked', 'Connection': 'keep-alive', 'X-Powered-By': 'Express', 'Access-Control-Allow-Origin': '*', 'Cache-Control': 'no-cache', 'ETag': 'W/"46d-3DOcYbQRQT4fXI2HdW5MER4mic4"', 'Vary': 'Accept-Encoding', 'Content-Encoding': 'gzip', 'CF-Cache-Status': 'DYNAMIC', 'Report-To': '{"endpoints":[{"url":"https:\\/\\/a.nel.cloudflare.com\\/report\\/v4?s=oQyWdX6YBmzN5BbqRH49t24kpSeTMZMRLoQLUDrnlZlkj3U%2BJH9X%2Fb8y7nBTkvv0FlQLVPTc0vkj%2BWSZjbrkPa1i6YREX6deVntpALiatI8YaJba2GZNbbCwN%2BdStejE"}],"group":"cf-nel","max_age":604800}', 'NEL': '{"success_fraction":0,"report_to":"cf-nel","max_age":604800}', 'Server': 'cloudflare', 'CF-RAY': '88eabde16fe517d2-SJC', 'alt-svc': 'h3=":443"; ma=86400'} 
 body={"results":[{"gender":"male","name":{"title":"Mr","first":"Terje","last":"Ringdal"},"location":{"street":{"number":3710,"name":"Stålverkskroken"},"city":"Byremo","state":"Nord-Trøndelag","country":"Norway","postcode":"6021","coordinates":{"latitude":"46.6319","longitude":"-49.5328"},"timezone":{"offset":"+3:30","description":"Tehran"}},"email":"terje.ringdal@example.com","login":{"uuid":"ea95d16b-7dd3-4aca-81f3-222cbbace1c7","username":"whiteduck251","password":"asdasd","salt":"C31mPWPc","md5":"ca6afe7bbd8a4a46847b198b7470e87c","sha1":"c5e8b828884fd048b65d056475b2f075d939efe7","sha256":"e2a2dcf022d78a2d0ca7eda28bd7c0089a3f48c69a31ea66d1d732532b67f4aa"},"dob":{"date":"1955-04-08T10:31:31.470Z","age":69},"registered":{"date":"2004-10-20T14:26:15.218Z","age":19},"phone":"76679084","cell":"94225551","id":{"name":"FN","value":"08045534775"},"picture":{"large":"https://randomuser.me/api/portraits/men/80.jpg","medium":"https://randomuser.me/api/portraits/med/men/80.jpg","thumbnail":"https://randomuser.me/api/portraits/thumb/men/80.jpg"},"nat":"NO"}],"info":{"seed":"c8eb04edaa954517","results":1,"page":1,"version":"1.4"}} 
 </msg>
<msg time="2024-06-04T20:41:05.604537" level="INFO">/opt/hostedtoolcache/Python/3.12.3/x64/lib/python3.12/site-packages/urllib3/connectionpool.py:1103: InsecureRequestWarning: Unverified HTTPS request is being made to host 'randomuser.me'. Adding certificate verification is strongly advised. See: https://urllib3.readthedocs.io/en/latest/advanced-usage.html#tls-warnings
  warnings.warn(</msg>
<msg time="2024-06-04T20:41:05.604658" level="INFO">${response} = &lt;Response [200]&gt;</msg>
<var>${response}</var>
<arg>consultarAPI</arg>
<arg>/api</arg>
<doc>Sends a GET request on a previously created HTTP Session.</doc>
<status status="PASS" start="2024-06-04T20:41:05.505690" elapsed="0.099018"/>
</kw>
<kw name="Set Variable" owner="BuiltIn">
<msg time="2024-06-04T20:41:05.605851" level="INFO">${json_data} = {'results': [{'gender': 'male', 'name': {'title': 'Mr', 'first': 'Terje', 'last': 'Ringdal'}, 'location': {'street': {'number': 3710, 'name': 'Stålverkskroken'}, 'city': 'Byremo', 'state': 'Nord-Trønd...</msg>
<var>${json_data}</var>
<arg>${response.json()}</arg>
<doc>Returns the given values which can then be assigned to a variables.</doc>
<status status="PASS" start="2024-06-04T20:41:05.605285" elapsed="0.000596"/>
</kw>
<kw name="Log" owner="BuiltIn">
<msg time="2024-06-04T20:41:05.606350" level="INFO">{'results': [{'gender': 'male', 'name': {'title': 'Mr', 'first': 'Terje', 'last': 'Ringdal'}, 'location': {'street': {'number': 3710, 'name': 'Stålverkskroken'}, 'city': 'Byremo', 'state': 'Nord-Trøndelag', 'country': 'Norway', 'postcode': '6021', 'coordinates': {'latitude': '46.6319', 'longitude': '-49.5328'}, 'timezone': {'offset': '+3:30', 'description': 'Tehran'}}, 'email': 'terje.ringdal@example.com', 'login': {'uuid': 'ea95d16b-7dd3-4aca-81f3-222cbbace1c7', 'username': 'whiteduck251', 'password': 'asdasd', 'salt': 'C31mPWPc', 'md5': 'ca6afe7bbd8a4a46847b198b7470e87c', 'sha1': 'c5e8b828884fd048b65d056475b2f075d939efe7', 'sha256': 'e2a2dcf022d78a2d0ca7eda28bd7c0089a3f48c69a31ea66d1d732532b67f4aa'}, 'dob': {'date': '1955-04-08T10:31:31.470Z', 'age': 69}, 'registered': {'date': '2004-10-20T14:26:15.218Z', 'age': 19}, 'phone': '76679084', 'cell': '94225551', 'id': {'name': 'FN', 'value': '08045534775'}, 'picture': {'large': 'https://randomuser.me/api/portraits/men/80.jpg', 'medium': 'https://randomuser.me/api/portraits/med/men/80.jpg', 'thumbnail': 'https://randomuser.me/api/portraits/thumb/men/80.jpg'}, 'nat': 'NO'}], 'info': {'seed': 'c8eb04edaa954517', 'results': 1, 'page': 1, 'version': '1.4'}}</msg>
<arg>${json_data}</arg>
<doc>Logs the given message with the given level.</doc>
<status status="PASS" start="2024-06-04T20:41:05.606192" elapsed="0.000206"/>
</kw>
<kw name="Dictionary Should Contain Key" owner="Collections">
<msg time="2024-06-04T20:41:05.606839" level="INFO">False</msg>
<arg>${json_data}</arg>
<arg>results</arg>
<doc>Fails if ``key`` is not found from ``dictionary``.</doc>
<status status="PASS" start="2024-06-04T20:41:05.606691" elapsed="0.000185"/>
</kw>
<kw name="Should Not Be Empty" owner="BuiltIn">
<msg time="2024-06-04T20:41:05.607310" level="INFO">Length is 2.</msg>
<arg>${json_data}</arg>
<doc>Verifies that the given item is not empty.</doc>
<status status="PASS" start="2024-06-04T20:41:05.607174" elapsed="0.000175"/>
</kw>
<kw name="Create List" owner="BuiltIn">
<msg time="2024-06-04T20:41:05.607792" level="INFO">${expected_keys} = ['gender', 'name', 'location', 'email', 'login']</msg>
<var>${expected_keys}</var>
<arg>gender</arg>
<arg>name</arg>
<arg>location</arg>
<arg>email</arg>
<arg>login</arg>
<doc>Returns a list containing given items.</doc>
<status status="PASS" start="2024-06-04T20:41:05.607644" elapsed="0.000172"/>
</kw>
<for flavor="IN">
<iter>
<kw name="Dictionary Should Contain Key" owner="Collections">
<msg time="2024-06-04T20:41:05.608767" level="INFO">False</msg>
<arg>${json_data['results'][0]}</arg>
<arg>${key}</arg>
<doc>Fails if ``key`` is not found from ``dictionary``.</doc>
<status status="PASS" start="2024-06-04T20:41:05.608368" elapsed="0.000443"/>
</kw>
<kw name="Log" owner="BuiltIn">
<msg time="2024-06-04T20:41:05.609538" level="INFO">{'gender': 'male', 'name': {'title': 'Mr', 'first': 'Terje', 'last': 'Ringdal'}, 'location': {'street': {'number': 3710, 'name': 'Stålverkskroken'}, 'city': 'Byremo', 'state': 'Nord-Trøndelag', 'country': 'Norway', 'postcode': '6021', 'coordinates': {'latitude': '46.6319', 'longitude': '-49.5328'}, 'timezone': {'offset': '+3:30', 'description': 'Tehran'}}, 'email': 'terje.ringdal@example.com', 'login': {'uuid': 'ea95d16b-7dd3-4aca-81f3-222cbbace1c7', 'username': 'whiteduck251', 'password': 'asdasd', 'salt': 'C31mPWPc', 'md5': 'ca6afe7bbd8a4a46847b198b7470e87c', 'sha1': 'c5e8b828884fd048b65d056475b2f075d939efe7', 'sha256': 'e2a2dcf022d78a2d0ca7eda28bd7c0089a3f48c69a31ea66d1d732532b67f4aa'}, 'dob': {'date': '1955-04-08T10:31:31.470Z', 'age': 69}, 'registered': {'date': '2004-10-20T14:26:15.218Z', 'age': 19}, 'phone': '76679084', 'cell': '94225551', 'id': {'name': 'FN', 'value': '08045534775'}, 'picture': {'large': 'https://randomuser.me/api/portraits/men/80.jpg', 'medium': 'https://randomuser.me/api/portraits/med/men/80.jpg', 'thumbnail': 'https://randomuser.me/api/portraits/thumb/men/80.jpg'}, 'nat': 'NO'}</msg>
<arg>${json_data['results'][0]}</arg>
<doc>Logs the given message with the given level.</doc>
<status status="PASS" start="2024-06-04T20:41:05.609167" elapsed="0.000423"/>
</kw>
<kw name="Log" owner="BuiltIn">
<msg time="2024-06-04T20:41:05.610025" level="INFO">gender</msg>
<arg>${key}</arg>
<doc>Logs the given message with the given level.</doc>
<status status="PASS" start="2024-06-04T20:41:05.609894" elapsed="0.000170"/>
</kw>
<var name="${key}">gender</var>
<status status="PASS" start="2024-06-04T20:41:05.608243" elapsed="0.002037"/>
</iter>
<iter>
<kw name="Dictionary Should Contain Key" owner="Collections">
<msg time="2024-06-04T20:41:05.611050" level="INFO">False</msg>
<arg>${json_data['results'][0]}</arg>
<arg>${key}</arg>
<doc>Fails if ``key`` is not found from ``dictionary``.</doc>
<status status="PASS" start="2024-06-04T20:41:05.610637" elapsed="0.000452"/>
</kw>
<kw name="Log" owner="BuiltIn">
<msg time="2024-06-04T20:41:05.611806" level="INFO">{'gender': 'male', 'name': {'title': 'Mr', 'first': 'Terje', 'last': 'Ringdal'}, 'location': {'street': {'number': 3710, 'name': 'Stålverkskroken'}, 'city': 'Byremo', 'state': 'Nord-Trøndelag', 'country': 'Norway', 'postcode': '6021', 'coordinates': {'latitude': '46.6319', 'longitude': '-49.5328'}, 'timezone': {'offset': '+3:30', 'description': 'Tehran'}}, 'email': 'terje.ringdal@example.com', 'login': {'uuid': 'ea95d16b-7dd3-4aca-81f3-222cbbace1c7', 'username': 'whiteduck251', 'password': 'asdasd', 'salt': 'C31mPWPc', 'md5': 'ca6afe7bbd8a4a46847b198b7470e87c', 'sha1': 'c5e8b828884fd048b65d056475b2f075d939efe7', 'sha256': 'e2a2dcf022d78a2d0ca7eda28bd7c0089a3f48c69a31ea66d1d732532b67f4aa'}, 'dob': {'date': '1955-04-08T10:31:31.470Z', 'age': 69}, 'registered': {'date': '2004-10-20T14:26:15.218Z', 'age': 19}, 'phone': '76679084', 'cell': '94225551', 'id': {'name': 'FN', 'value': '08045534775'}, 'picture': {'large': 'https://randomuser.me/api/portraits/men/80.jpg', 'medium': 'https://randomuser.me/api/portraits/med/men/80.jpg', 'thumbnail': 'https://randomuser.me/api/portraits/thumb/men/80.jpg'}, 'nat': 'NO'}</msg>
<arg>${json_data['results'][0]}</arg>
<doc>Logs the given message with the given level.</doc>
<status status="PASS" start="2024-06-04T20:41:05.611437" elapsed="0.000420"/>
</kw>
<kw name="Log" owner="BuiltIn">
<msg time="2024-06-04T20:41:05.612290" level="INFO">name</msg>
<arg>${key}</arg>
<doc>Logs the given message with the given level.</doc>
<status status="PASS" start="2024-06-04T20:41:05.612158" elapsed="0.000171"/>
</kw>
<var name="${key}">name</var>
<status status="PASS" start="2024-06-04T20:41:05.610467" elapsed="0.002075"/>
</iter>
<iter>
<kw name="Dictionary Should Contain Key" owner="Collections">
<msg time="2024-06-04T20:41:05.613254" level="INFO">False</msg>
<arg>${json_data['results'][0]}</arg>
<arg>${key}</arg>
<doc>Fails if ``key`` is not found from ``dictionary``.</doc>
<status status="PASS" start="2024-06-04T20:41:05.612837" elapsed="0.000455"/>
</kw>
<kw name="Log" owner="BuiltIn">
<msg time="2024-06-04T20:41:05.613967" level="INFO">{'gender': 'male', 'name': {'title': 'Mr', 'first': 'Terje', 'last': 'Ringdal'}, 'location': {'street': {'number': 3710, 'name': 'Stålverkskroken'}, 'city': 'Byremo', 'state': 'Nord-Trøndelag', 'country': 'Norway', 'postcode': '6021', 'coordinates': {'latitude': '46.6319', 'longitude': '-49.5328'}, 'timezone': {'offset': '+3:30', 'description': 'Tehran'}}, 'email': 'terje.ringdal@example.com', 'login': {'uuid': 'ea95d16b-7dd3-4aca-81f3-222cbbace1c7', 'username': 'whiteduck251', 'password': 'asdasd', 'salt': 'C31mPWPc', 'md5': 'ca6afe7bbd8a4a46847b198b7470e87c', 'sha1': 'c5e8b828884fd048b65d056475b2f075d939efe7', 'sha256': 'e2a2dcf022d78a2d0ca7eda28bd7c0089a3f48c69a31ea66d1d732532b67f4aa'}, 'dob': {'date': '1955-04-08T10:31:31.470Z', 'age': 69}, 'registered': {'date': '2004-10-20T14:26:15.218Z', 'age': 19}, 'phone': '76679084', 'cell': '94225551', 'id': {'name': 'FN', 'value': '08045534775'}, 'picture': {'large': 'https://randomuser.me/api/portraits/men/80.jpg', 'medium': 'https://randomuser.me/api/portraits/med/men/80.jpg', 'thumbnail': 'https://randomuser.me/api/portraits/thumb/men/80.jpg'}, 'nat': 'NO'}</msg>
<arg>${json_data['results'][0]}</arg>
<doc>Logs the given message with the given level.</doc>
<status status="PASS" start="2024-06-04T20:41:05.613599" elapsed="0.000427"/>
</kw>
<kw name="Log" owner="BuiltIn">
<msg time="2024-06-04T20:41:05.614457" level="INFO">location</msg>
<arg>${key}</arg>
<doc>Logs the given message with the given level.</doc>
<status status="PASS" start="2024-06-04T20:41:05.614329" elapsed="0.000166"/>
</kw>
<var name="${key}">location</var>
<status status="PASS" start="2024-06-04T20:41:05.612722" elapsed="0.001989"/>
</iter>
<iter>
<kw name="Dictionary Should Contain Key" owner="Collections">
<msg time="2024-06-04T20:41:05.615476" level="INFO">False</msg>
<arg>${json_data['results'][0]}</arg>
<arg>${key}</arg>
<doc>Fails if ``key`` is not found from ``dictionary``.</doc>
<status status="PASS" start="2024-06-04T20:41:05.614995" elapsed="0.000519"/>
</kw>
<kw name="Log" owner="BuiltIn">
<msg time="2024-06-04T20:41:05.616176" level="INFO">{'gender': 'male', 'name': {'title': 'Mr', 'first': 'Terje', 'last': 'Ringdal'}, 'location': {'street': {'number': 3710, 'name': 'Stålverkskroken'}, 'city': 'Byremo', 'state': 'Nord-Trøndelag', 'country': 'Norway', 'postcode': '6021', 'coordinates': {'latitude': '46.6319', 'longitude': '-49.5328'}, 'timezone': {'offset': '+3:30', 'description': 'Tehran'}}, 'email': 'terje.ringdal@example.com', 'login': {'uuid': 'ea95d16b-7dd3-4aca-81f3-222cbbace1c7', 'username': 'whiteduck251', 'password': 'asdasd', 'salt': 'C31mPWPc', 'md5': 'ca6afe7bbd8a4a46847b198b7470e87c', 'sha1': 'c5e8b828884fd048b65d056475b2f075d939efe7', 'sha256': 'e2a2dcf022d78a2d0ca7eda28bd7c0089a3f48c69a31ea66d1d732532b67f4aa'}, 'dob': {'date': '1955-04-08T10:31:31.470Z', 'age': 69}, 'registered': {'date': '2004-10-20T14:26:15.218Z', 'age': 19}, 'phone': '76679084', 'cell': '94225551', 'id': {'name': 'FN', 'value': '08045534775'}, 'picture': {'large': 'https://randomuser.me/api/portraits/men/80.jpg', 'medium': 'https://randomuser.me/api/portraits/med/men/80.jpg', 'thumbnail': 'https://randomuser.me/api/portraits/thumb/men/80.jpg'}, 'nat': 'NO'}</msg>
<arg>${json_data['results'][0]}</arg>
<doc>Logs the given message with the given level.</doc>
<status status="PASS" start="2024-06-04T20:41:05.615815" elapsed="0.000410"/>
</kw>
<kw name="Log" owner="BuiltIn">
<msg time="2024-06-04T20:41:05.616655" level="INFO">email</msg>
<arg>${key}</arg>
<doc>Logs the given message with the given level.</doc>
<status status="PASS" start="2024-06-04T20:41:05.616526" elapsed="0.000167"/>
</kw>
<var name="${key}">email</var>
<status status="PASS" start="2024-06-04T20:41:05.614883" elapsed="0.002059"/>
</iter>
<iter>
<kw name="Dictionary Should Contain Key" owner="Collections">
<msg time="2024-06-04T20:41:05.617630" level="INFO">False</msg>
<arg>${json_data['results'][0]}</arg>
<arg>${key}</arg>
<doc>Fails if ``key`` is not found from ``dictionary``.</doc>
<status status="PASS" start="2024-06-04T20:41:05.617251" elapsed="0.000417"/>
</kw>
<kw name="Log" owner="BuiltIn">
<msg time="2024-06-04T20:41:05.618334" level="INFO">{'gender': 'male', 'name': {'title': 'Mr', 'first': 'Terje', 'last': 'Ringdal'}, 'location': {'street': {'number': 3710, 'name': 'Stålverkskroken'}, 'city': 'Byremo', 'state': 'Nord-Trøndelag', 'country': 'Norway', 'postcode': '6021', 'coordinates': {'latitude': '46.6319', 'longitude': '-49.5328'}, 'timezone': {'offset': '+3:30', 'description': 'Tehran'}}, 'email': 'terje.ringdal@example.com', 'login': {'uuid': 'ea95d16b-7dd3-4aca-81f3-222cbbace1c7', 'username': 'whiteduck251', 'password': 'asdasd', 'salt': 'C31mPWPc', 'md5': 'ca6afe7bbd8a4a46847b198b7470e87c', 'sha1': 'c5e8b828884fd048b65d056475b2f075d939efe7', 'sha256': 'e2a2dcf022d78a2d0ca7eda28bd7c0089a3f48c69a31ea66d1d732532b67f4aa'}, 'dob': {'date': '1955-04-08T10:31:31.470Z', 'age': 69}, 'registered': {'date': '2004-10-20T14:26:15.218Z', 'age': 19}, 'phone': '76679084', 'cell': '94225551', 'id': {'name': 'FN', 'value': '08045534775'}, 'picture': {'large': 'https://randomuser.me/api/portraits/men/80.jpg', 'medium': 'https://randomuser.me/api/portraits/med/men/80.jpg', 'thumbnail': 'https://randomuser.me/api/portraits/thumb/men/80.jpg'}, 'nat': 'NO'}</msg>
<arg>${json_data['results'][0]}</arg>
<doc>Logs the given message with the given level.</doc>
<status status="PASS" start="2024-06-04T20:41:05.617969" elapsed="0.000425"/>
</kw>
<kw name="Log" owner="BuiltIn">
<msg time="2024-06-04T20:41:05.618817" level="INFO">login</msg>
<arg>${key}</arg>
<doc>Logs the given message with the given level.</doc>
<status status="PASS" start="2024-06-04T20:41:05.618690" elapsed="0.000164"/>
</kw>
<var name="${key}">login</var>
<status status="PASS" start="2024-06-04T20:41:05.617136" elapsed="0.001931"/>
</iter>
<var>${key}</var>
<value>@{expected_keys}</value>
<status status="PASS" start="2024-06-04T20:41:05.608067" elapsed="0.011119"/>
</for>
<kw name="Create List" owner="BuiltIn">
<msg time="2024-06-04T20:41:05.619547" level="INFO">${expected_keysTwo} = ['username', 'password']</msg>
<var>${expected_keysTwo}</var>
<arg>username</arg>
<arg>password</arg>
<doc>Returns a list containing given items.</doc>
<status status="PASS" start="2024-06-04T20:41:05.619407" elapsed="0.000168"/>
</kw>
<for flavor="IN">
<iter>
<kw name="Dictionary Should Contain Key" owner="Collections">
<msg time="2024-06-04T20:41:05.620450" level="INFO">False</msg>
<arg>${json_data['results'][0]['login']}</arg>
<arg>${keyTwo}</arg>
<doc>Fails if ``key`` is not found from ``dictionary``.</doc>
<status status="PASS" start="2024-06-04T20:41:05.620071" elapsed="0.000417"/>
</kw>
<kw name="Dictionary Should Contain Key" owner="Collections">
<msg time="2024-06-04T20:41:05.621191" level="INFO">False</msg>
<arg>${json_data['results'][0]['login']}</arg>
<arg>${keyTwo}</arg>
<doc>Fails if ``key`` is not found from ``dictionary``.</doc>
<status status="PASS" start="2024-06-04T20:41:05.620781" elapsed="0.000448"/>
</kw>
<kw name="Log" owner="BuiltIn">
<msg time="2024-06-04T20:41:05.621662" level="INFO">username</msg>
<arg>${keyTwo}</arg>
<doc>Logs the given message with the given level.</doc>
<status status="PASS" start="2024-06-04T20:41:05.621533" elapsed="0.000166"/>
</kw>
<var name="${keyTwo}">username</var>
<status status="PASS" start="2024-06-04T20:41:05.619960" elapsed="0.001954"/>
</iter>
<iter>
<kw name="Dictionary Should Contain Key" owner="Collections">
<msg time="2024-06-04T20:41:05.622575" level="INFO">False</msg>
<arg>${json_data['results'][0]['login']}</arg>
<arg>${keyTwo}</arg>
<doc>Fails if ``key`` is not found from ``dictionary``.</doc>
<status status="PASS" start="2024-06-04T20:41:05.622195" elapsed="0.000418"/>
</kw>
<kw name="Dictionary Should Contain Key" owner="Collections">
<msg time="2024-06-04T20:41:05.623286" level="INFO">False</msg>
<arg>${json_data['results'][0]['login']}</arg>
<arg>${keyTwo}</arg>
<doc>Fails if ``key`` is not found from ``dictionary``.</doc>
<status status="PASS" start="2024-06-04T20:41:05.622904" elapsed="0.000419"/>
</kw>
<kw name="Log" owner="BuiltIn">
<msg time="2024-06-04T20:41:05.623738" level="INFO">password</msg>
<arg>${keyTwo}</arg>
<doc>Logs the given message with the given level.</doc>
<status status="PASS" start="2024-06-04T20:41:05.623612" elapsed="0.000164"/>
</kw>
<var name="${keyTwo}">password</var>
<status status="PASS" start="2024-06-04T20:41:05.622085" elapsed="0.001903"/>
</iter>
<var>${keyTwo}</var>
<value>@{expected_keysTwo}</value>
<status status="PASS" start="2024-06-04T20:41:05.619811" elapsed="0.004294"/>
</for>
<status status="PASS" start="2024-06-04T20:41:05.505454" elapsed="0.118785"/>
</kw>
<doc>Testa a estrutura da resposta da API.</doc>
<tag>testeEstruturaResposta</tag>
<status status="PASS" start="2024-06-04T20:41:05.504863" elapsed="0.119520"/>
</test>
<test id="s1-s1-t4" name="Validar tipos de dados" line="28">
<kw name="Teste de Tipos de Dados" owner="random-user-service">
<kw name="GET On Session" owner="RequestsLibrary">
<msg time="2024-06-04T20:41:05.732153" level="INFO">GET Request : url=https://randomuser.me/api 
 path_url=/api 
 headers={'User-Agent': 'python-requests/2.32.3', 'Accept-Encoding': 'gzip, deflate', 'Accept': '*/*', 'Connection': 'keep-alive'} 
 body=None 
 </msg>
<msg time="2024-06-04T20:41:05.732237" level="INFO">GET Response : url=https://randomuser.me/api 
 status=200, reason=OK 
 headers={'Date': 'Tue, 04 Jun 2024 20:41:05 GMT', 'Content-Type': 'application/json; charset=utf-8', 'Transfer-Encoding': 'chunked', 'Connection': 'keep-alive', 'X-Powered-By': 'Express', 'Access-Control-Allow-Origin': '*', 'Cache-Control': 'no-cache', 'ETag': 'W/"47c-ctiZR7f8xXEDPkz6XtbgqOSPNUM"', 'Vary': 'Accept-Encoding', 'Content-Encoding': 'gzip', 'CF-Cache-Status': 'DYNAMIC', 'Report-To': '{"endpoints":[{"url":"https:\\/\\/a.nel.cloudflare.com\\/report\\/v4?s=cG5lPW7BeRf7xUPK9io%2FptISB6l0ad3B2w1ptSnGeXTQg1DZaj1sAc2B%2BBmLvhqjOoL%2BBfNtct01rTsrQG%2FXGB4e6HOWQ39sqJbBMfYo59lvS0eeMsIItPkLth8%2FvJRv"}],"group":"cf-nel","max_age":604800}', 'NEL': '{"success_fraction":0,"report_to":"cf-nel","max_age":604800}', 'Server': 'cloudflare', 'CF-RAY': '88eabde228a517d2-SJC', 'alt-svc': 'h3=":443"; ma=86400'} 
 body={"results":[{"gender":"female","name":{"title":"Miss","first":"Elif","last":"Kunter"},"location":{"street":{"number":7435,"name":"Filistin Cd"},"city":"Çankırı","state":"Sivas","country":"Turkey","postcode":52004,"coordinates":{"latitude":"66.1173","longitude":"82.8058"},"timezone":{"offset":"-7:00","description":"Mountain Time (US &amp; Canada)"}},"email":"elif.kunter@example.com","login":{"uuid":"4933b93b-7f2c-4f52-8823-42e193244b3b","username":"brownfish224","password":"bonita","salt":"0lW9ukGF","md5":"dea456874a88a459f7b329723a164760","sha1":"ac4efb86d99eae45d55ef8ba02d2c0d1c03dd491","sha256":"c877cc2692cf4969cd6f278de295b8d80925cee3681dcd7e9946994abe96786b"},"dob":{"date":"1994-08-11T13:06:39.164Z","age":29},"registered":{"date":"2003-09-15T23:36:10.536Z","age":20},"phone":"(212)-362-7422","cell":"(423)-963-1514","id":{"name":"","value":null},"picture":{"large":"https://randomuser.me/api/portraits/women/60.jpg","medium":"https://randomuser.me/api/portraits/med/women/60.jpg","thumbnail":"https://randomuser.me/api/portraits/thumb/women/60.jpg"},"nat":"TR"}],"info":{"seed":"6dc04485572c3210","results":1,"page":1,"version":"1.4"}} 
 </msg>
<msg time="2024-06-04T20:41:05.732319" level="INFO">/opt/hostedtoolcache/Python/3.12.3/x64/lib/python3.12/site-packages/urllib3/connectionpool.py:1103: InsecureRequestWarning: Unverified HTTPS request is being made to host 'randomuser.me'. Adding certificate verification is strongly advised. See: https://urllib3.readthedocs.io/en/latest/advanced-usage.html#tls-warnings
  warnings.warn(</msg>
<msg time="2024-06-04T20:41:05.732432" level="INFO">${response} = &lt;Response [200]&gt;</msg>
<var>${response}</var>
<arg>consultarAPI</arg>
<arg>/api</arg>
<doc>Sends a GET request on a previously created HTTP Session.</doc>
<status status="PASS" start="2024-06-04T20:41:05.626938" elapsed="0.105522"/>
</kw>
<kw name="Set Variable" owner="BuiltIn">
<msg time="2024-06-04T20:41:05.733341" level="INFO">${json_data} = {'results': [{'gender': 'female', 'name': {'title': 'Miss', 'first': 'Elif', 'last': 'Kunter'}, 'location': {'street': {'number': 7435, 'name': 'Filistin Cd'}, 'city': 'Çankırı', 'state': 'Sivas', 'co...</msg>
<var>${json_data}</var>
<arg>${response.json()}</arg>
<doc>Returns the given values which can then be assigned to a variables.</doc>
<status status="PASS" start="2024-06-04T20:41:05.732845" elapsed="0.000526"/>
</kw>
<kw name="Log" owner="BuiltIn">
<msg time="2024-06-04T20:41:05.733842" level="INFO">{'results': [{'gender': 'female', 'name': {'title': 'Miss', 'first': 'Elif', 'last': 'Kunter'}, 'location': {'street': {'number': 7435, 'name': 'Filistin Cd'}, 'city': 'Çankırı', 'state': 'Sivas', 'country': 'Turkey', 'postcode': 52004, 'coordinates': {'latitude': '66.1173', 'longitude': '82.8058'}, 'timezone': {'offset': '-7:00', 'description': 'Mountain Time (US &amp; Canada)'}}, 'email': 'elif.kunter@example.com', 'login': {'uuid': '4933b93b-7f2c-4f52-8823-42e193244b3b', 'username': 'brownfish224', 'password': 'bonita', 'salt': '0lW9ukGF', 'md5': 'dea456874a88a459f7b329723a164760', 'sha1': 'ac4efb86d99eae45d55ef8ba02d2c0d1c03dd491', 'sha256': 'c877cc2692cf4969cd6f278de295b8d80925cee3681dcd7e9946994abe96786b'}, 'dob': {'date': '1994-08-11T13:06:39.164Z', 'age': 29}, 'registered': {'date': '2003-09-15T23:36:10.536Z', 'age': 20}, 'phone': '(212)-362-7422', 'cell': '(423)-963-1514', 'id': {'name': '', 'value': None}, 'picture': {'large': 'https://randomuser.me/api/portraits/women/60.jpg', 'medium': 'https://randomuser.me/api/portraits/med/women/60.jpg', 'thumbnail': 'https://randomuser.me/api/portraits/thumb/women/60.jpg'}, 'nat': 'TR'}], 'info': {'seed': '6dc04485572c3210', 'results': 1, 'page': 1, 'version': '1.4'}}</msg>
<arg>${json_data}</arg>
<doc>Logs the given message with the given level.</doc>
<status status="PASS" start="2024-06-04T20:41:05.733683" elapsed="0.000211"/>
</kw>
<kw name="Should Be String" owner="String">
<arg>${json_data['results'][0]['gender']}</arg>
<doc>Fails if the given ``item`` is not a string.</doc>
<status status="PASS" start="2024-06-04T20:41:05.734216" elapsed="0.000367"/>
</kw>
<kw name="Should Match Regexp" owner="BuiltIn">
<arg>${json_data['results'][0]['email']}</arg>
<arg>^[a-zA-Z0-9._%+-]+@[a-zA-Z0-9.-]+\.[a-zA-Z]{2,}$</arg>
<doc>Fails if ``string`` does not match ``pattern`` as a regular expression.</doc>
<status status="PASS" start="2024-06-04T20:41:05.734782" elapsed="0.000615"/>
</kw>
<kw name="Should Match Regexp" owner="BuiltIn">
<arg>${json_data['results'][0]['dob']['date']}</arg>
<arg>\\d{4}-\\d{2}-\\d{2}T\\d{2}:\\d{2}:\\d{2}\\.\\d{3}Z</arg>
<doc>Fails if ``string`` does not match ``pattern`` as a regular expression.</doc>
<status status="PASS" start="2024-06-04T20:41:05.735597" elapsed="0.000482"/>
</kw>
<kw name="Should Match Regexp" owner="BuiltIn">
<arg>${json_data['results'][0]['registered']['date']}</arg>
<arg>\\d{4}-\\d{2}-\\d{2}T\\d{2}:\\d{2}:\\d{2}\\.\\d{3}Z</arg>
<doc>Fails if ``string`` does not match ``pattern`` as a regular expression.</doc>
<status status="PASS" start="2024-06-04T20:41:05.736275" elapsed="0.000364"/>
</kw>
<kw name="Should Match Regexp" owner="BuiltIn">
<arg>${json_data['results'][0]['picture']['large']}</arg>
<arg>^https?://.*\.(?:png|jpe?g|gif|bmp)$</arg>
<doc>Fails if ``string`` does not match ``pattern`` as a regular expression.</doc>
<status status="PASS" start="2024-06-04T20:41:05.736829" elapsed="0.000491"/>
</kw>
<kw name="Should Match Regexp" owner="BuiltIn">
<arg>${json_data['results'][0]['picture']['medium']}</arg>
<arg>^https?://.*\.(?:png|jpe?g|gif|bmp)$</arg>
<doc>Fails if ``string`` does not match ``pattern`` as a regular expression.</doc>
<status status="PASS" start="2024-06-04T20:41:05.737513" elapsed="0.000354"/>
</kw>
<kw name="Should Match Regexp" owner="BuiltIn">
<arg>${json_data['results'][0]['picture']['thumbnail']}</arg>
<arg>^https?://.*\.(?:png|jpe?g|gif|bmp)$</arg>
<doc>Fails if ``string`` does not match ``pattern`` as a regular expression.</doc>
<status status="PASS" start="2024-06-04T20:41:05.738054" elapsed="0.000347"/>
</kw>
<kw name="Log" owner="BuiltIn">
<msg time="2024-06-04T20:41:05.738901" level="INFO">{'large': 'https://randomuser.me/api/portraits/women/60.jpg', 'medium': 'https://randomuser.me/api/portraits/med/women/60.jpg', 'thumbnail': 'https://randomuser.me/api/portraits/thumb/women/60.jpg'}</msg>
<arg>${json_data['results'][0]['picture']}</arg>
<doc>Logs the given message with the given level.</doc>
<status status="PASS" start="2024-06-04T20:41:05.738584" elapsed="0.000359"/>
</kw>
<status status="PASS" start="2024-06-04T20:41:05.626711" elapsed="0.112486"/>
</kw>
<kw name="Teste de Tipos de Dados - Postcode" owner="random-user-service">
<kw name="GET On Session" owner="RequestsLibrary">
<msg time="2024-06-04T20:41:05.842933" level="INFO">GET Request : url=https://randomuser.me/api 
 path_url=/api 
 headers={'User-Agent': 'python-requests/2.32.3', 'Accept-Encoding': 'gzip, deflate', 'Accept': '*/*', 'Connection': 'keep-alive'} 
 body=None 
 </msg>
<msg time="2024-06-04T20:41:05.843015" level="INFO">GET Response : url=https://randomuser.me/api 
 status=200, reason=OK 
 headers={'Date': 'Tue, 04 Jun 2024 20:41:05 GMT', 'Content-Type': 'application/json; charset=utf-8', 'Transfer-Encoding': 'chunked', 'Connection': 'keep-alive', 'X-Powered-By': 'Express', 'Access-Control-Allow-Origin': '*', 'Cache-Control': 'no-cache', 'ETag': 'W/"494-KQSRd88+pCRP7Lu2EdAws1OIM9M"', 'Vary': 'Accept-Encoding', 'Content-Encoding': 'gzip', 'CF-Cache-Status': 'DYNAMIC', 'Report-To': '{"endpoints":[{"url":"https:\\/\\/a.nel.cloudflare.com\\/report\\/v4?s=YkVXJno6xyQKUiaBSzqbjlMkQbbn2ynzZawNBBDm%2Bg2QztcNEvA%2FQ7n2EcDrDqajCH1ZuP%2F%2FebiD6S1XICa2sVfTGfyxe%2BIYr8PpDt%2BirdwFhq3yWQ6P7KvvrUm2jXX9"}],"group":"cf-nel","max_age":604800}', 'NEL': '{"success_fraction":0,"report_to":"cf-nel","max_age":604800}', 'Server': 'cloudflare', 'CF-RAY': '88eabde2e94817d2-SJC', 'alt-svc': 'h3=":443"; ma=86400'} 
 body={"results":[{"gender":"female","name":{"title":"Ms","first":"Aurora","last":"Gallego"},"location":{"street":{"number":725,"name":"Avenida de Salamanca"},"city":"Móstoles","state":"Cantabria","country":"Spain","postcode":77859,"coordinates":{"latitude":"-34.5008","longitude":"87.9774"},"timezone":{"offset":"-3:00","description":"Brazil, Buenos Aires, Georgetown"}},"email":"aurora.gallego@example.com","login":{"uuid":"24f51293-c095-48e2-8786-c5e403dbaf8a","username":"happyrabbit385","password":"lowell","salt":"bLwF5iFE","md5":"f27ddf353e5854719a7e5324721d0375","sha1":"9fe39e3eaeaf85da89942e7a57028e111a9569b6","sha256":"a683f713fd59c3b37d4a1abac00d455b48cea24cfbf7b15703004ae54180c995"},"dob":{"date":"1996-04-01T18:02:29.601Z","age":28},"registered":{"date":"2007-09-27T03:26:13.092Z","age":16},"phone":"928-669-567","cell":"672-637-594","id":{"name":"DNI","value":"05012315-J"},"picture":{"large":"https://randomuser.me/api/portraits/women/3.jpg","medium":"https://randomuser.me/api/portraits/med/women/3.jpg","thumbnail":"https://randomuser.me/api/portraits/thumb/women/3.jpg"},"nat":"ES"}],"info":{"seed":"8c4b489b91242282","results":1,"page":1,"version":"1.4"}} 
 </msg>
<msg time="2024-06-04T20:41:05.843087" level="INFO">/opt/hostedtoolcache/Python/3.12.3/x64/lib/python3.12/site-packages/urllib3/connectionpool.py:1103: InsecureRequestWarning: Unverified HTTPS request is being made to host 'randomuser.me'. Adding certificate verification is strongly advised. See: https://urllib3.readthedocs.io/en/latest/advanced-usage.html#tls-warnings
  warnings.warn(</msg>
<msg time="2024-06-04T20:41:05.843198" level="INFO">${response} = &lt;Response [200]&gt;</msg>
<var>${response}</var>
<arg>consultarAPI</arg>
<arg>/api</arg>
<doc>Sends a GET request on a previously created HTTP Session.</doc>
<status status="PASS" start="2024-06-04T20:41:05.739621" elapsed="0.103616"/>
</kw>
<kw name="Set Variable" owner="BuiltIn">
<msg time="2024-06-04T20:41:05.844161" level="INFO">${json_data} = {'results': [{'gender': 'female', 'name': {'title': 'Ms', 'first': 'Aurora', 'last': 'Gallego'}, 'location': {'street': {'number': 725, 'name': 'Avenida de Salamanca'}, 'city': 'Móstoles', 'state': 'C...</msg>
<var>${json_data}</var>
<arg>${response.json()}</arg>
<doc>Returns the given values which can then be assigned to a variables.</doc>
<status status="PASS" start="2024-06-04T20:41:05.843717" elapsed="0.000474"/>
</kw>
<kw name="Log" owner="BuiltIn">
<msg time="2024-06-04T20:41:05.844649" level="INFO">{'results': [{'gender': 'female', 'name': {'title': 'Ms', 'first': 'Aurora', 'last': 'Gallego'}, 'location': {'street': {'number': 725, 'name': 'Avenida de Salamanca'}, 'city': 'Móstoles', 'state': 'Cantabria', 'country': 'Spain', 'postcode': 77859, 'coordinates': {'latitude': '-34.5008', 'longitude': '87.9774'}, 'timezone': {'offset': '-3:00', 'description': 'Brazil, Buenos Aires, Georgetown'}}, 'email': 'aurora.gallego@example.com', 'login': {'uuid': '24f51293-c095-48e2-8786-c5e403dbaf8a', 'username': 'happyrabbit385', 'password': 'lowell', 'salt': 'bLwF5iFE', 'md5': 'f27ddf353e5854719a7e5324721d0375', 'sha1': '9fe39e3eaeaf85da89942e7a57028e111a9569b6', 'sha256': 'a683f713fd59c3b37d4a1abac00d455b48cea24cfbf7b15703004ae54180c995'}, 'dob': {'date': '1996-04-01T18:02:29.601Z', 'age': 28}, 'registered': {'date': '2007-09-27T03:26:13.092Z', 'age': 16}, 'phone': '928-669-567', 'cell': '672-637-594', 'id': {'name': 'DNI', 'value': '05012315-J'}, 'picture': {'large': 'https://randomuser.me/api/portraits/women/3.jpg', 'medium': 'https://randomuser.me/api/portraits/med/women/3.jpg', 'thumbnail': 'https://randomuser.me/api/portraits/thumb/women/3.jpg'}, 'nat': 'ES'}], 'info': {'seed': '8c4b489b91242282', 'results': 1, 'page': 1, 'version': '1.4'}}</msg>
<arg>${json_data}</arg>
<doc>Logs the given message with the given level.</doc>
<status status="PASS" start="2024-06-04T20:41:05.844495" elapsed="0.000201"/>
</kw>
<kw name="Should Be Equal As Numbers" owner="BuiltIn">
<arg>${json_data['results'][0]['location']['postcode']}</arg>
<arg>${json_data['results'][0]['location']['postcode']}</arg>
<doc>Fails if objects are unequal after converting them to real numbers.</doc>
<status status="PASS" start="2024-06-04T20:41:05.845053" elapsed="0.000608"/>
</kw>
<kw name="Log" owner="BuiltIn">
<msg time="2024-06-04T20:41:05.846225" level="INFO">77859</msg>
<arg>${json_data['results'][0]['location']['postcode']}</arg>
<doc>Logs the given message with the given level.</doc>
<status status="PASS" start="2024-06-04T20:41:05.845881" elapsed="0.000386"/>
</kw>
<status status="PASS" start="2024-06-04T20:41:05.739405" elapsed="0.107110"/>
</kw>
<doc>Testa se os tipos de dados na resposta da API estão corretos.</doc>
<tag>testeTiposDados</tag>
<status status="PASS" start="2024-06-04T20:41:05.626166" elapsed="0.220502"/>
</test>
<test id="s1-s1-t5" name="Validar conteudo" line="35">
<kw name="Teste de Tipos de Conteudo" owner="random-user-service">
<kw name="GET On Session" owner="RequestsLibrary">
<msg time="2024-06-04T20:41:05.933287" level="INFO">GET Request : url=https://randomuser.me/api 
 path_url=/api 
 headers={'User-Agent': 'python-requests/2.32.3', 'Accept-Encoding': 'gzip, deflate', 'Accept': '*/*', 'Connection': 'keep-alive'} 
 body=None 
 </msg>
<msg time="2024-06-04T20:41:05.933368" level="INFO">GET Response : url=https://randomuser.me/api 
 status=200, reason=OK 
 headers={'Date': 'Tue, 04 Jun 2024 20:41:05 GMT', 'Content-Type': 'application/json; charset=utf-8', 'Transfer-Encoding': 'chunked', 'Connection': 'keep-alive', 'X-Powered-By': 'Express', 'Access-Control-Allow-Origin': '*', 'Cache-Control': 'no-cache', 'ETag': 'W/"486-Ka1v1ybB4dt5sjpTcxrn/imbRKA"', 'Vary': 'Accept-Encoding', 'Content-Encoding': 'gzip', 'CF-Cache-Status': 'DYNAMIC', 'Report-To': '{"endpoints":[{"url":"https:\\/\\/a.nel.cloudflare.com\\/report\\/v4?s=6QeCapFFET4eyUJye9Q8cER0ZefAv21jMCwj7vyMFNEPldCIWlN90KnlDRX6a%2Ffgq%2Bfs2Pj2ofTBMRQmDrezzRoCJX3ou6OZ0OsMm5eX1ejDuemrPrQtlVHsB%2BE9FxLS"}],"group":"cf-nel","max_age":604800}', 'NEL': '{"success_fraction":0,"report_to":"cf-nel","max_age":604800}', 'Server': 'cloudflare', 'CF-RAY': '88eabde399e017d2-SJC', 'alt-svc': 'h3=":443"; ma=86400'} 
 body={"results":[{"gender":"female","name":{"title":"Mrs","first":"Willow","last":"Kumar"},"location":{"street":{"number":2139,"name":"Devonport Road"},"city":"Hamilton","state":"Gisborne","country":"New Zealand","postcode":63211,"coordinates":{"latitude":"49.4144","longitude":"27.2648"},"timezone":{"offset":"-7:00","description":"Mountain Time (US &amp; Canada)"}},"email":"willow.kumar@example.com","login":{"uuid":"f6933343-988a-4492-8eeb-de13af0b6e28","username":"sadswan936","password":"thankyou","salt":"FGNpJiU3","md5":"0602f9b5659b53847b7e148fd855dd1e","sha1":"2aca6e511ef4f1166765b0d537cc39590c7d36fa","sha256":"38674215ad658f125ccafe4b27843d6593bb1a3a1ed07a6b5f9150ac84a69541"},"dob":{"date":"1948-05-12T12:09:03.321Z","age":76},"registered":{"date":"2006-02-19T18:03:13.399Z","age":18},"phone":"(906)-381-5242","cell":"(867)-342-2294","id":{"name":"","value":null},"picture":{"large":"https://randomuser.me/api/portraits/women/61.jpg","medium":"https://randomuser.me/api/portraits/med/women/61.jpg","thumbnail":"https://randomuser.me/api/portraits/thumb/women/61.jpg"},"nat":"NZ"}],"info":{"seed":"1c36af4156156231","results":1,"page":1,"version":"1.4"}} 
 </msg>
<msg time="2024-06-04T20:41:05.933442" level="INFO">/opt/hostedtoolcache/Python/3.12.3/x64/lib/python3.12/site-packages/urllib3/connectionpool.py:1103: InsecureRequestWarning: Unverified HTTPS request is being made to host 'randomuser.me'. Adding certificate verification is strongly advised. See: https://urllib3.readthedocs.io/en/latest/advanced-usage.html#tls-warnings
  warnings.warn(</msg>
<msg time="2024-06-04T20:41:05.933565" level="INFO">${response} = &lt;Response [200]&gt;</msg>
<var>${response}</var>
<arg>consultarAPI</arg>
<arg>/api</arg>
<doc>Sends a GET request on a previously created HTTP Session.</doc>
<status status="PASS" start="2024-06-04T20:41:05.848994" elapsed="0.084625"/>
</kw>
<kw name="Set Variable" owner="BuiltIn">
<msg time="2024-06-04T20:41:05.934680" level="INFO">${json_data} = {'results': [{'gender': 'female', 'name': {'title': 'Mrs', 'first': 'Willow', 'last': 'Kumar'}, 'location': {'street': {'number': 2139, 'name': 'Devonport Road'}, 'city': 'Hamilton', 'state': 'Gisborn...</msg>
<var>${json_data}</var>
<arg>${response.json()}</arg>
<doc>Returns the given values which can then be assigned to a variables.</doc>
<status status="PASS" start="2024-06-04T20:41:05.934120" elapsed="0.000588"/>
</kw>
<kw name="Set Variable" owner="BuiltIn">
<msg time="2024-06-04T20:41:05.935385" level="INFO">${name_title} = Mrs</msg>
<var>${name_title}</var>
<arg>${json_data["results"][0]["name"]["title"]}</arg>
<doc>Returns the given values which can then be assigned to a variables.</doc>
<status status="PASS" start="2024-06-04T20:41:05.935012" elapsed="0.000398"/>
</kw>
<kw name="Create List" owner="BuiltIn">
<msg time="2024-06-04T20:41:05.935851" level="INFO">${allowed_titles} = ['Mr', 'Ms', 'Miss', 'Mrs', 'Madame', 'Monsieur']</msg>
<var>${allowed_titles}</var>
<arg>Mr</arg>
<arg>Ms</arg>
<arg>Miss</arg>
<arg>Mrs</arg>
<arg>Madame</arg>
<arg>Monsieur</arg>
<doc>Returns a list containing given items.</doc>
<status status="PASS" start="2024-06-04T20:41:05.935705" elapsed="0.000170"/>
</kw>
<kw name="List Should Contain Value" owner="Collections">
<msg time="2024-06-04T20:41:05.936337" level="INFO">False</msg>
<arg>${allowed_titles}</arg>
<arg>${name_title}</arg>
<doc>Fails if the ``value`` is not found from ``list``.</doc>
<status status="PASS" start="2024-06-04T20:41:05.936172" elapsed="0.000201"/>
</kw>
<kw name="Set Variable" owner="BuiltIn">
<msg time="2024-06-04T20:41:05.937205" level="INFO">${name_country} = NZ</msg>
<var>${name_country}</var>
<arg>${json_data["results"][0]["nat"]}</arg>
<doc>Returns the given values which can then be assigned to a variables.</doc>
<status status="PASS" start="2024-06-04T20:41:05.936659" elapsed="0.000572"/>
</kw>
<kw name="Create List" owner="BuiltIn">
<msg time="2024-06-04T20:41:05.938139" level="INFO">${list_country} = ['AD', 'AE', 'AF', 'AG', 'AI', 'AL', 'AM', 'AO', 'AQ', 'AR', 'AS', 'AT', 'AU', 'AW', 'AX', 'AZ', 'BA', 'BB', 'BD', 'BE', 'BF', 'BG', 'BH', 'BI', 'BJ', 'BL', 'BM', 'BN', 'BO', 'BQ', 'BR', 'BS', 'BT', '...</msg>
<var>${list_country}</var>
<arg>AD</arg>
<arg>AE</arg>
<arg>AF</arg>
<arg>AG</arg>
<arg>AI</arg>
<arg>AL</arg>
<arg>AM</arg>
<arg>AO</arg>
<arg>AQ</arg>
<arg>AR</arg>
<arg>AS</arg>
<arg>AT</arg>
<arg>AU</arg>
<arg>AW</arg>
<arg>AX</arg>
<arg>AZ</arg>
<arg>BA</arg>
<arg>BB</arg>
<arg>BD</arg>
<arg>BE</arg>
<arg>BF</arg>
<arg>BG</arg>
<arg>BH</arg>
<arg>BI</arg>
<arg>BJ</arg>
<arg>BL</arg>
<arg>BM</arg>
<arg>BN</arg>
<arg>BO</arg>
<arg>BQ</arg>
<arg>BR</arg>
<arg>BS</arg>
<arg>BT</arg>
<arg>BV</arg>
<arg>BW</arg>
<arg>BY</arg>
<arg>BZ</arg>
<arg>CA</arg>
<arg>CC</arg>
<arg>CD</arg>
<arg>CF</arg>
<arg>CG</arg>
<arg>CH</arg>
<arg>CI</arg>
<arg>CK</arg>
<arg>CL</arg>
<arg>CM</arg>
<arg>CN</arg>
<arg>CO</arg>
<arg>CR</arg>
<arg>CU</arg>
<arg>CV</arg>
<arg>CW</arg>
<arg>CX</arg>
<arg>CY</arg>
<arg>CZ</arg>
<arg>DE</arg>
<arg>DJ</arg>
<arg>DK</arg>
<arg>DM</arg>
<arg>DO</arg>
<arg>DZ</arg>
<arg>EC</arg>
<arg>EE</arg>
<arg>EG</arg>
<arg>EH</arg>
<arg>ER</arg>
<arg>ES</arg>
<arg>ET</arg>
<arg>FI</arg>
<arg>FJ</arg>
<arg>FK</arg>
<arg>FM</arg>
<arg>FO</arg>
<arg>FR</arg>
<arg>GA</arg>
<arg>GB</arg>
<arg>GD</arg>
<arg>GE</arg>
<arg>GF</arg>
<arg>GG</arg>
<arg>GH</arg>
<arg>GI</arg>
<arg>GL</arg>
<arg>GM</arg>
<arg>GN</arg>
<arg>GP</arg>
<arg>GQ</arg>
<arg>GR</arg>
<arg>GS</arg>
<arg>GT</arg>
<arg>GU</arg>
<arg>GW</arg>
<arg>GY</arg>
<arg>HK</arg>
<arg>HM</arg>
<arg>HN</arg>
<arg>HR</arg>
<arg>HT</arg>
<arg>HU</arg>
<arg>ID</arg>
<arg>IE</arg>
<arg>IL</arg>
<arg>IM</arg>
<arg>IN</arg>
<arg>IO</arg>
<arg>IQ</arg>
<arg>IR</arg>
<arg>IS</arg>
<arg>IT</arg>
<arg>JE</arg>
<arg>JM</arg>
<arg>JO</arg>
<arg>JP</arg>
<arg>KE</arg>
<arg>KG</arg>
<arg>KH</arg>
<arg>KI</arg>
<arg>KM</arg>
<arg>KN</arg>
<arg>KP</arg>
<arg>KR</arg>
<arg>KW</arg>
<arg>KY</arg>
<arg>KZ</arg>
<arg>LA</arg>
<arg>LB</arg>
<arg>LC</arg>
<arg>LI</arg>
<arg>LK</arg>
<arg>LR</arg>
<arg>LS</arg>
<arg>LT</arg>
<arg>LU</arg>
<arg>LV</arg>
<arg>LY</arg>
<arg>MA</arg>
<arg>MC</arg>
<arg>MD</arg>
<arg>ME</arg>
<arg>MF</arg>
<arg>MG</arg>
<arg>MH</arg>
<arg>MK</arg>
<arg>ML</arg>
<arg>MM</arg>
<arg>MN</arg>
<arg>MO</arg>
<arg>MP</arg>
<arg>MQ</arg>
<arg>MR</arg>
<arg>MS</arg>
<arg>MT</arg>
<arg>MU</arg>
<arg>MV</arg>
<arg>MW</arg>
<arg>MX</arg>
<arg>MY</arg>
<arg>MZ</arg>
<arg>NA</arg>
<arg>NC</arg>
<arg>NE</arg>
<arg>NF</arg>
<arg>NG</arg>
<arg>NI</arg>
<arg>NL</arg>
<arg>NO</arg>
<arg>NP</arg>
<arg>NR</arg>
<arg>NU</arg>
<arg>NZ</arg>
<arg>OM</arg>
<arg>PA</arg>
<arg>PE</arg>
<arg>PF</arg>
<arg>PG</arg>
<arg>PH</arg>
<arg>PK</arg>
<arg>PL</arg>
<arg>PM</arg>
<arg>PN</arg>
<arg>PR</arg>
<arg>PS</arg>
<arg>PT</arg>
<arg>PW</arg>
<arg>PY</arg>
<arg>QA</arg>
<arg>RE</arg>
<arg>RO</arg>
<arg>RS</arg>
<arg>RU</arg>
<arg>RW</arg>
<arg>SA</arg>
<arg>SB</arg>
<arg>SC</arg>
<arg>SD</arg>
<arg>SE</arg>
<arg>SG</arg>
<arg>SH</arg>
<arg>SI</arg>
<arg>SJ</arg>
<arg>SK</arg>
<arg>SL</arg>
<arg>SM</arg>
<arg>SN</arg>
<arg>SO</arg>
<arg>SR</arg>
<arg>SS</arg>
<arg>ST</arg>
<arg>SV</arg>
<arg>SX</arg>
<arg>SY</arg>
<arg>SZ</arg>
<arg>TC</arg>
<arg>TD</arg>
<arg>TF</arg>
<arg>TG</arg>
<arg>TH</arg>
<arg>TJ</arg>
<arg>TK</arg>
<arg>TL</arg>
<arg>TM</arg>
<arg>TN</arg>
<arg>TO</arg>
<arg>TR</arg>
<arg>TT</arg>
<arg>TV</arg>
<arg>TW</arg>
<arg>TZ</arg>
<arg>UA</arg>
<arg>UG</arg>
<arg>UM</arg>
<arg>US</arg>
<arg>UY</arg>
<arg>UZ</arg>
<arg>VA</arg>
<arg>VC</arg>
<arg>VE</arg>
<arg>VG</arg>
<arg>VI</arg>
<arg>VN</arg>
<arg>VU</arg>
<arg>WF</arg>
<arg>WS</arg>
<arg>XK</arg>
<arg>YE</arg>
<arg>YT</arg>
<arg>ZA</arg>
<arg>ZM</arg>
<arg>ZW</arg>
<doc>Returns a list containing given items.</doc>
<status status="PASS" start="2024-06-04T20:41:05.937539" elapsed="0.000624"/>
</kw>
<kw name="List Should Contain Value" owner="Collections">
<msg time="2024-06-04T20:41:05.939154" level="INFO">False</msg>
<arg>${list_country}</arg>
<arg>${name_country}</arg>
<doc>Fails if the ``value`` is not found from ``list``.</doc>
<status status="PASS" start="2024-06-04T20:41:05.938952" elapsed="0.000238"/>
</kw>
<kw name="Run Keyword If" owner="BuiltIn">
<kw name="Should Be True" owner="BuiltIn">
<arg>${True}</arg>
<doc>Fails if the given condition is not true.</doc>
<status status="PASS" start="2024-06-04T20:41:05.940219" elapsed="0.000141"/>
</kw>
<arg>${json_data["results"][0]["location"]["coordinates"]["latitude"]} &gt;= -90 and ${json_data["results"][0]["location"]["coordinates"]["latitude"]} &lt;= 90</arg>
<arg>Should Be True</arg>
<arg>${True}</arg>
<doc>Runs the given keyword with the given arguments, if ``condition`` is true.</doc>
<status status="PASS" start="2024-06-04T20:41:05.939500" elapsed="0.000985"/>
</kw>
<kw name="Run Keyword If" owner="BuiltIn">
<kw name="Should Be True" owner="BuiltIn">
<arg>${True}</arg>
<doc>Fails if the given condition is not true.</doc>
<status status="PASS" start="2024-06-04T20:41:05.941401" elapsed="0.000138"/>
</kw>
<arg>${json_data["results"][0]["location"]["coordinates"]["longitude"]} &gt;= -180 and ${json_data["results"][0]["location"]["coordinates"]["longitude"]} &lt;= 180</arg>
<arg>Should Be True</arg>
<arg>${True}</arg>
<doc>Runs the given keyword with the given arguments, if ``condition`` is true.</doc>
<status status="PASS" start="2024-06-04T20:41:05.940669" elapsed="0.000992"/>
</kw>
<status status="PASS" start="2024-06-04T20:41:05.848753" elapsed="0.093032"/>
</kw>
<doc>Testa o conteúdo específico dos campos retornados pela API.</doc>
<tag>testeConteudo</tag>
<status status="PASS" start="2024-06-04T20:41:05.848329" elapsed="0.093595"/>
</test>
<status status="PASS" start="2024-06-04T20:41:05.043775" elapsed="0.899998"/>
</suite>
<status status="PASS" start="2024-06-04T20:41:05.030227" elapsed="0.918546"/>
</suite>
<statistics>
<total>
<stat pass="5" fail="0" skip="0">All Tests</stat>
</total>
<tag>
<stat pass="1" fail="0" skip="0">testeConteudo</stat>
<stat pass="1" fail="0" skip="0">testeEstruturaResposta</stat>
<stat pass="1" fail="0" skip="0">testeRequisicaoBasica</stat>
<stat pass="1" fail="0" skip="0">testeTiposDados</stat>
</tag>
<suite>
<stat pass="5" fail="0" skip="0" id="s1" name="Tests">Tests</stat>
<stat pass="5" fail="0" skip="0" id="s1-s1" name="Random-User-Test">Tests.Random-User-Test</stat>
</suite>
</statistics>
<errors>
</errors>
</robot>
