<?xml version="1.0" encoding="UTF-8"?>
<robot generator="Robot 7.0 (Python 3.12.3 on linux)" generated="2024-05-01T16:17:29.308556" rpa="false" schemaversion="5">
<suite id="s1" name="Tests" source="/home/runner/work/DesafioQAItauRogerioJordao/DesafioQAItauRogerioJordao/RamdonUser/tests">
<suite id="s1-s1" name="Random-User-Test" source="/home/runner/work/DesafioQAItauRogerioJordao/DesafioQAItauRogerioJordao/RamdonUser/tests/random-user-test.robot">
<test id="s1-s1-t1" name="Conectar" line="13">
<kw name="Conectar API" owner="random-user-service">
<kw name="Create Session" owner="RequestsLibrary">
<msg time="2024-05-01T16:17:29.685730" level="INFO">Creating Session using : alias=consultarAPI, url=https://randomuser.me/, headers={},                     cookies={}, auth=None, timeout=None, proxies=None, verify=False,                     debug=0 </msg>
<arg>consultarAPI</arg>
<arg>${URL}</arg>
<doc>Create Session: create a HTTP session to a server</doc>
<status status="PASS" start="2024-05-01T16:17:29.685514" elapsed="0.000422"/>
</kw>
<status status="PASS" start="2024-05-01T16:17:29.684446" elapsed="0.001863"/>
</kw>
<status status="PASS" start="2024-05-01T16:17:29.683777" elapsed="0.002729"/>
</test>
<test id="s1-s1-t2" name="Validar retorno 200 e JSON Válido" line="16">
<kw name="Teste de Requisicao Basica" owner="random-user-service">
<kw name="GET On Session" owner="RequestsLibrary">
<msg time="2024-05-01T16:17:29.926210" level="INFO">GET Request : url=https://randomuser.me/api 
 path_url=/api 
 headers={'User-Agent': 'python-requests/2.31.0', 'Accept-Encoding': 'gzip, deflate', 'Accept': '*/*', 'Connection': 'keep-alive'} 
 body=None 
 </msg>
<msg time="2024-05-01T16:17:29.926393" level="INFO">GET Response : url=https://randomuser.me/api 
 status=200, reason=OK 
 headers={'Date': 'Wed, 01 May 2024 16:17:29 GMT', 'Content-Type': 'application/json; charset=utf-8', 'Transfer-Encoding': 'chunked', 'Connection': 'keep-alive', 'X-Powered-By': 'Express', 'Access-Control-Allow-Origin': '*', 'Cache-Control': 'no-cache', 'ETag': 'W/"465-YS1Wl6ZTy6FV7UmIcR9ackW54Lo"', 'Vary': 'Accept-Encoding', 'Content-Encoding': 'gzip', 'CF-Cache-Status': 'DYNAMIC', 'Report-To': '{"endpoints":[{"url":"https:\\/\\/a.nel.cloudflare.com\\/report\\/v4?s=y3M5euglA5krJjqyLrlCFzzx5uQr51ZcIsF5OIxXfoJ9CQ%2F0BbrpnGWsMVLg37zwtS0a%2Bhf1o7rU8egfOe26W9fI9Va9sPdpwb%2Bo2zRPLgnN2zHNTnSsh9T9P7me4%2F7c"}],"group":"cf-nel","max_age":604800}', 'NEL': '{"success_fraction":0,"report_to":"cf-nel","max_age":604800}', 'Server': 'cloudflare', 'CF-RAY': '87d11501b91681c4-IAD', 'alt-svc': 'h3=":443"; ma=86400'} 
 body={"results":[{"gender":"male","name":{"title":"Mr","first":"Warren","last":"Bell"},"location":{"street":{"number":1819,"name":"Cork Street"},"city":"Drogheda","state":"Fingal","country":"Ireland","postcode":68171,"coordinates":{"latitude":"0.5433","longitude":"-173.8155"},"timezone":{"offset":"-10:00","description":"Hawaii"}},"email":"warren.bell@example.com","login":{"uuid":"f012154a-1b1f-490e-b456-7a0c8c15f8a7","username":"greengoose497","password":"direct","salt":"hTf8La4T","md5":"a9e364e41126468a19467a120f1a6f29","sha1":"0bd4a64a80b416cd9faa8a635c3ec2f28673e048","sha256":"b9933ac04803266daeb779cc22661743213de35a9ffd7cd8f2b7707573bea2d6"},"dob":{"date":"1982-07-08T02:44:47.694Z","age":41},"registered":{"date":"2002-05-25T14:49:16.265Z","age":21},"phone":"041-713-9564","cell":"081-228-8919","id":{"name":"PPS","value":"6357124T"},"picture":{"large":"https://randomuser.me/api/portraits/men/78.jpg","medium":"https://randomuser.me/api/portraits/med/men/78.jpg","thumbnail":"https://randomuser.me/api/portraits/thumb/men/78.jpg"},"nat":"IE"}],"info":{"seed":"c05fb704f8e6736d","results":1,"page":1,"version":"1.4"}} 
 </msg>
<msg time="2024-05-01T16:17:29.926490" level="INFO">/opt/hostedtoolcache/Python/3.12.3/x64/lib/python3.12/site-packages/urllib3/connectionpool.py:1103: InsecureRequestWarning: Unverified HTTPS request is being made to host 'randomuser.me'. Adding certificate verification is strongly advised. See: https://urllib3.readthedocs.io/en/latest/advanced-usage.html#tls-warnings
  warnings.warn(</msg>
<msg time="2024-05-01T16:17:29.926650" level="INFO">${response} = &lt;Response [200]&gt;</msg>
<var>${response}</var>
<arg>consultarAPI</arg>
<arg>/api</arg>
<doc>Sends a GET request on a previously created HTTP Session.</doc>
<status status="PASS" start="2024-05-01T16:17:29.689278" elapsed="0.237410"/>
</kw>
<kw name="Should Be Equal As Numbers" owner="BuiltIn">
<msg time="2024-05-01T16:17:29.927864" level="INFO">Argument types are:
&lt;class 'int'&gt;
&lt;class 'str'&gt;</msg>
<arg>${response.status_code}</arg>
<arg>200</arg>
<doc>Fails if objects are unequal after converting them to real numbers.</doc>
<status status="PASS" start="2024-05-01T16:17:29.927366" elapsed="0.000570"/>
</kw>
<kw name="Log" owner="BuiltIn">
<msg time="2024-05-01T16:17:29.928693" level="INFO">200</msg>
<arg>${response.status_code}</arg>
<doc>Logs the given message with the given level.</doc>
<status status="PASS" start="2024-05-01T16:17:29.928325" elapsed="0.000415"/>
</kw>
<kw name="Set Variable" owner="BuiltIn">
<msg time="2024-05-01T16:17:29.929520" level="INFO">${json_data} = {'results': [{'gender': 'male', 'name': {'title': 'Mr', 'first': 'Warren', 'last': 'Bell'}, 'location': {'street': {'number': 1819, 'name': 'Cork Street'}, 'city': 'Drogheda', 'state': 'Fingal', 'coun...</msg>
<var>${json_data}</var>
<arg>${response.json()}</arg>
<doc>Returns the given values which can then be assigned to a variables.</doc>
<status status="PASS" start="2024-05-01T16:17:29.929062" elapsed="0.000488"/>
</kw>
<kw name="Dictionary Should Contain Key" owner="Collections">
<msg time="2024-05-01T16:17:29.930035" level="INFO">False</msg>
<arg>${json_data}</arg>
<arg>results</arg>
<doc>Fails if ``key`` is not found from ``dictionary``.</doc>
<status status="PASS" start="2024-05-01T16:17:29.929860" elapsed="0.000222"/>
</kw>
<status status="PASS" start="2024-05-01T16:17:29.689025" elapsed="0.241321"/>
</kw>
<doc>Testa se a API responde corretamente e retorna um objeto JSON válido.</doc>
<tag>testeRequisicaoBasica</tag>
<status status="PASS" start="2024-05-01T16:17:29.688474" elapsed="0.242062"/>
</test>
<test id="s1-s1-t3" name="Validar estrutura de resposta" line="22">
<kw name="Teste de Estrutura de Resposta" owner="random-user-service">
<kw name="GET On Session" owner="RequestsLibrary">
<msg time="2024-05-01T16:17:30.020242" level="INFO">GET Request : url=https://randomuser.me/api 
 path_url=/api 
 headers={'User-Agent': 'python-requests/2.31.0', 'Accept-Encoding': 'gzip, deflate', 'Accept': '*/*', 'Connection': 'keep-alive'} 
 body=None 
 </msg>
<msg time="2024-05-01T16:17:30.020345" level="INFO">GET Response : url=https://randomuser.me/api 
 status=200, reason=OK 
 headers={'Date': 'Wed, 01 May 2024 16:17:30 GMT', 'Content-Type': 'application/json; charset=utf-8', 'Transfer-Encoding': 'chunked', 'Connection': 'keep-alive', 'X-Powered-By': 'Express', 'Access-Control-Allow-Origin': '*', 'Cache-Control': 'no-cache', 'ETag': 'W/"49b-dC6T69AUKcOluQnysPYsNT6YAJM"', 'Vary': 'Accept-Encoding', 'Content-Encoding': 'gzip', 'CF-Cache-Status': 'DYNAMIC', 'Report-To': '{"endpoints":[{"url":"https:\\/\\/a.nel.cloudflare.com\\/report\\/v4?s=L476nKBhE0qvEx9O%2FFtIqYDKhyMPpo9Qx4hlxdw5k8zO2rbSrZZ4AccuVk9UIYR6EEgeUc66OheWQueDVn7B0GeKu2%2Bol8fySUso7wAWMc9Dg7GBs2MtSzwwX%2B2D2H4J"}],"group":"cf-nel","max_age":604800}', 'NEL': '{"success_fraction":0,"report_to":"cf-nel","max_age":604800}', 'Server': 'cloudflare', 'CF-RAY': '87d11502197d81c4-IAD', 'alt-svc': 'h3=":443"; ma=86400'} 
 body={"results":[{"gender":"female","name":{"title":"Mrs","first":"Jean","last":"Douglas"},"location":{"street":{"number":5132,"name":"Crockett St"},"city":"Cambridge","state":"Tennessee","country":"United States","postcode":28483,"coordinates":{"latitude":"84.8741","longitude":"48.1188"},"timezone":{"offset":"+4:00","description":"Abu Dhabi, Muscat, Baku, Tbilisi"}},"email":"jean.douglas@example.com","login":{"uuid":"6389822d-3c84-4fb2-9e69-f4225973c655","username":"organiczebra373","password":"gromit","salt":"WFq7Rlw5","md5":"d75fc2b7e6a18cf82974805f9f1664d7","sha1":"96f713646a80fb212e1e738f0bfc784a6690ec10","sha256":"6b7aa3e9940b85aef5c4f8c2b4ee1b352c44ade6aabcc1a69faf0edfba20035f"},"dob":{"date":"1952-10-23T12:58:17.604Z","age":71},"registered":{"date":"2005-10-29T08:40:36.000Z","age":18},"phone":"(642) 833-3792","cell":"(407) 764-3772","id":{"name":"SSN","value":"332-73-7505"},"picture":{"large":"https://randomuser.me/api/portraits/women/36.jpg","medium":"https://randomuser.me/api/portraits/med/women/36.jpg","thumbnail":"https://randomuser.me/api/portraits/thumb/women/36.jpg"},"nat":"US"}],"info":{"seed":"b00dddc45deaf44f","results":1,"page":1,"version":"1.4"}} 
 </msg>
<msg time="2024-05-01T16:17:30.020477" level="INFO">/opt/hostedtoolcache/Python/3.12.3/x64/lib/python3.12/site-packages/urllib3/connectionpool.py:1103: InsecureRequestWarning: Unverified HTTPS request is being made to host 'randomuser.me'. Adding certificate verification is strongly advised. See: https://urllib3.readthedocs.io/en/latest/advanced-usage.html#tls-warnings
  warnings.warn(</msg>
<msg time="2024-05-01T16:17:30.020608" level="INFO">${response} = &lt;Response [200]&gt;</msg>
<var>${response}</var>
<arg>consultarAPI</arg>
<arg>/api</arg>
<doc>Sends a GET request on a previously created HTTP Session.</doc>
<status status="PASS" start="2024-05-01T16:17:29.933308" elapsed="0.087327"/>
</kw>
<kw name="Set Variable" owner="BuiltIn">
<msg time="2024-05-01T16:17:30.021728" level="INFO">${json_data} = {'results': [{'gender': 'female', 'name': {'title': 'Mrs', 'first': 'Jean', 'last': 'Douglas'}, 'location': {'street': {'number': 5132, 'name': 'Crockett St'}, 'city': 'Cambridge', 'state': 'Tennessee...</msg>
<var>${json_data}</var>
<arg>${response.json()}</arg>
<doc>Returns the given values which can then be assigned to a variables.</doc>
<status status="PASS" start="2024-05-01T16:17:30.021191" elapsed="0.000567"/>
</kw>
<kw name="Log" owner="BuiltIn">
<msg time="2024-05-01T16:17:30.022241" level="INFO">{'results': [{'gender': 'female', 'name': {'title': 'Mrs', 'first': 'Jean', 'last': 'Douglas'}, 'location': {'street': {'number': 5132, 'name': 'Crockett St'}, 'city': 'Cambridge', 'state': 'Tennessee', 'country': 'United States', 'postcode': 28483, 'coordinates': {'latitude': '84.8741', 'longitude': '48.1188'}, 'timezone': {'offset': '+4:00', 'description': 'Abu Dhabi, Muscat, Baku, Tbilisi'}}, 'email': 'jean.douglas@example.com', 'login': {'uuid': '6389822d-3c84-4fb2-9e69-f4225973c655', 'username': 'organiczebra373', 'password': 'gromit', 'salt': 'WFq7Rlw5', 'md5': 'd75fc2b7e6a18cf82974805f9f1664d7', 'sha1': '96f713646a80fb212e1e738f0bfc784a6690ec10', 'sha256': '6b7aa3e9940b85aef5c4f8c2b4ee1b352c44ade6aabcc1a69faf0edfba20035f'}, 'dob': {'date': '1952-10-23T12:58:17.604Z', 'age': 71}, 'registered': {'date': '2005-10-29T08:40:36.000Z', 'age': 18}, 'phone': '(642) 833-3792', 'cell': '(407) 764-3772', 'id': {'name': 'SSN', 'value': '332-73-7505'}, 'picture': {'large': 'https://randomuser.me/api/portraits/women/36.jpg', 'medium': 'https://randomuser.me/api/portraits/med/women/36.jpg', 'thumbnail': 'https://randomuser.me/api/portraits/thumb/women/36.jpg'}, 'nat': 'US'}], 'info': {'seed': 'b00dddc45deaf44f', 'results': 1, 'page': 1, 'version': '1.4'}}</msg>
<arg>${json_data}</arg>
<doc>Logs the given message with the given level.</doc>
<status status="PASS" start="2024-05-01T16:17:30.022075" elapsed="0.000216"/>
</kw>
<kw name="Dictionary Should Contain Key" owner="Collections">
<msg time="2024-05-01T16:17:30.022754" level="INFO">False</msg>
<arg>${json_data}</arg>
<arg>results</arg>
<doc>Fails if ``key`` is not found from ``dictionary``.</doc>
<status status="PASS" start="2024-05-01T16:17:30.022586" elapsed="0.000207"/>
</kw>
<kw name="Should Not Be Empty" owner="BuiltIn">
<msg time="2024-05-01T16:17:30.023289" level="INFO">Length is 2.</msg>
<arg>${json_data}</arg>
<doc>Verifies that the given item is not empty.</doc>
<status status="PASS" start="2024-05-01T16:17:30.023138" elapsed="0.000362"/>
</kw>
<kw name="Create List" owner="BuiltIn">
<msg time="2024-05-01T16:17:30.023965" level="INFO">${expected_keys} = ['gender', 'name', 'location', 'email', 'login']</msg>
<var>${expected_keys}</var>
<arg>gender</arg>
<arg>name</arg>
<arg>location</arg>
<arg>email</arg>
<arg>login</arg>
<doc>Returns a list containing given items.</doc>
<status status="PASS" start="2024-05-01T16:17:30.023812" elapsed="0.000178"/>
</kw>
<for flavor="IN">
<iter>
<kw name="Dictionary Should Contain Key" owner="Collections">
<msg time="2024-05-01T16:17:30.024999" level="INFO">False</msg>
<arg>${json_data['results'][0]}</arg>
<arg>${key}</arg>
<doc>Fails if ``key`` is not found from ``dictionary``.</doc>
<status status="PASS" start="2024-05-01T16:17:30.024592" elapsed="0.000445"/>
</kw>
<kw name="Log" owner="BuiltIn">
<msg time="2024-05-01T16:17:30.025714" level="INFO">{'gender': 'female', 'name': {'title': 'Mrs', 'first': 'Jean', 'last': 'Douglas'}, 'location': {'street': {'number': 5132, 'name': 'Crockett St'}, 'city': 'Cambridge', 'state': 'Tennessee', 'country': 'United States', 'postcode': 28483, 'coordinates': {'latitude': '84.8741', 'longitude': '48.1188'}, 'timezone': {'offset': '+4:00', 'description': 'Abu Dhabi, Muscat, Baku, Tbilisi'}}, 'email': 'jean.douglas@example.com', 'login': {'uuid': '6389822d-3c84-4fb2-9e69-f4225973c655', 'username': 'organiczebra373', 'password': 'gromit', 'salt': 'WFq7Rlw5', 'md5': 'd75fc2b7e6a18cf82974805f9f1664d7', 'sha1': '96f713646a80fb212e1e738f0bfc784a6690ec10', 'sha256': '6b7aa3e9940b85aef5c4f8c2b4ee1b352c44ade6aabcc1a69faf0edfba20035f'}, 'dob': {'date': '1952-10-23T12:58:17.604Z', 'age': 71}, 'registered': {'date': '2005-10-29T08:40:36.000Z', 'age': 18}, 'phone': '(642) 833-3792', 'cell': '(407) 764-3772', 'id': {'name': 'SSN', 'value': '332-73-7505'}, 'picture': {'large': 'https://randomuser.me/api/portraits/women/36.jpg', 'medium': 'https://randomuser.me/api/portraits/med/women/36.jpg', 'thumbnail': 'https://randomuser.me/api/portraits/thumb/women/36.jpg'}, 'nat': 'US'}</msg>
<arg>${json_data['results'][0]}</arg>
<doc>Logs the given message with the given level.</doc>
<status status="PASS" start="2024-05-01T16:17:30.025342" elapsed="0.000423"/>
</kw>
<kw name="Log" owner="BuiltIn">
<msg time="2024-05-01T16:17:30.026204" level="INFO">gender</msg>
<arg>${key}</arg>
<doc>Logs the given message with the given level.</doc>
<status status="PASS" start="2024-05-01T16:17:30.026067" elapsed="0.000174"/>
</kw>
<var name="${key}">gender</var>
<status status="PASS" start="2024-05-01T16:17:30.024464" elapsed="0.001993"/>
</iter>
<iter>
<kw name="Dictionary Should Contain Key" owner="Collections">
<msg time="2024-05-01T16:17:30.027178" level="INFO">False</msg>
<arg>${json_data['results'][0]}</arg>
<arg>${key}</arg>
<doc>Fails if ``key`` is not found from ``dictionary``.</doc>
<status status="PASS" start="2024-05-01T16:17:30.026767" elapsed="0.000448"/>
</kw>
<kw name="Log" owner="BuiltIn">
<msg time="2024-05-01T16:17:30.027913" level="INFO">{'gender': 'female', 'name': {'title': 'Mrs', 'first': 'Jean', 'last': 'Douglas'}, 'location': {'street': {'number': 5132, 'name': 'Crockett St'}, 'city': 'Cambridge', 'state': 'Tennessee', 'country': 'United States', 'postcode': 28483, 'coordinates': {'latitude': '84.8741', 'longitude': '48.1188'}, 'timezone': {'offset': '+4:00', 'description': 'Abu Dhabi, Muscat, Baku, Tbilisi'}}, 'email': 'jean.douglas@example.com', 'login': {'uuid': '6389822d-3c84-4fb2-9e69-f4225973c655', 'username': 'organiczebra373', 'password': 'gromit', 'salt': 'WFq7Rlw5', 'md5': 'd75fc2b7e6a18cf82974805f9f1664d7', 'sha1': '96f713646a80fb212e1e738f0bfc784a6690ec10', 'sha256': '6b7aa3e9940b85aef5c4f8c2b4ee1b352c44ade6aabcc1a69faf0edfba20035f'}, 'dob': {'date': '1952-10-23T12:58:17.604Z', 'age': 71}, 'registered': {'date': '2005-10-29T08:40:36.000Z', 'age': 18}, 'phone': '(642) 833-3792', 'cell': '(407) 764-3772', 'id': {'name': 'SSN', 'value': '332-73-7505'}, 'picture': {'large': 'https://randomuser.me/api/portraits/women/36.jpg', 'medium': 'https://randomuser.me/api/portraits/med/women/36.jpg', 'thumbnail': 'https://randomuser.me/api/portraits/thumb/women/36.jpg'}, 'nat': 'US'}</msg>
<arg>${json_data['results'][0]}</arg>
<doc>Logs the given message with the given level.</doc>
<status status="PASS" start="2024-05-01T16:17:30.027548" elapsed="0.000415"/>
</kw>
<kw name="Log" owner="BuiltIn">
<msg time="2024-05-01T16:17:30.028394" level="INFO">name</msg>
<arg>${key}</arg>
<doc>Logs the given message with the given level.</doc>
<status status="PASS" start="2024-05-01T16:17:30.028265" elapsed="0.000167"/>
</kw>
<var name="${key}">name</var>
<status status="PASS" start="2024-05-01T16:17:30.026649" elapsed="0.002001"/>
</iter>
<iter>
<kw name="Dictionary Should Contain Key" owner="Collections">
<msg time="2024-05-01T16:17:30.029332" level="INFO">False</msg>
<arg>${json_data['results'][0]}</arg>
<arg>${key}</arg>
<doc>Fails if ``key`` is not found from ``dictionary``.</doc>
<status status="PASS" start="2024-05-01T16:17:30.028946" elapsed="0.000422"/>
</kw>
<kw name="Log" owner="BuiltIn">
<msg time="2024-05-01T16:17:30.030037" level="INFO">{'gender': 'female', 'name': {'title': 'Mrs', 'first': 'Jean', 'last': 'Douglas'}, 'location': {'street': {'number': 5132, 'name': 'Crockett St'}, 'city': 'Cambridge', 'state': 'Tennessee', 'country': 'United States', 'postcode': 28483, 'coordinates': {'latitude': '84.8741', 'longitude': '48.1188'}, 'timezone': {'offset': '+4:00', 'description': 'Abu Dhabi, Muscat, Baku, Tbilisi'}}, 'email': 'jean.douglas@example.com', 'login': {'uuid': '6389822d-3c84-4fb2-9e69-f4225973c655', 'username': 'organiczebra373', 'password': 'gromit', 'salt': 'WFq7Rlw5', 'md5': 'd75fc2b7e6a18cf82974805f9f1664d7', 'sha1': '96f713646a80fb212e1e738f0bfc784a6690ec10', 'sha256': '6b7aa3e9940b85aef5c4f8c2b4ee1b352c44ade6aabcc1a69faf0edfba20035f'}, 'dob': {'date': '1952-10-23T12:58:17.604Z', 'age': 71}, 'registered': {'date': '2005-10-29T08:40:36.000Z', 'age': 18}, 'phone': '(642) 833-3792', 'cell': '(407) 764-3772', 'id': {'name': 'SSN', 'value': '332-73-7505'}, 'picture': {'large': 'https://randomuser.me/api/portraits/women/36.jpg', 'medium': 'https://randomuser.me/api/portraits/med/women/36.jpg', 'thumbnail': 'https://randomuser.me/api/portraits/thumb/women/36.jpg'}, 'nat': 'US'}</msg>
<arg>${json_data['results'][0]}</arg>
<doc>Logs the given message with the given level.</doc>
<status status="PASS" start="2024-05-01T16:17:30.029679" elapsed="0.000408"/>
</kw>
<kw name="Log" owner="BuiltIn">
<msg time="2024-05-01T16:17:30.030506" level="INFO">location</msg>
<arg>${key}</arg>
<doc>Logs the given message with the given level.</doc>
<status status="PASS" start="2024-05-01T16:17:30.030379" elapsed="0.000164"/>
</kw>
<var name="${key}">location</var>
<status status="PASS" start="2024-05-01T16:17:30.028833" elapsed="0.001921"/>
</iter>
<iter>
<kw name="Dictionary Should Contain Key" owner="Collections">
<msg time="2024-05-01T16:17:30.031460" level="INFO">False</msg>
<arg>${json_data['results'][0]}</arg>
<arg>${key}</arg>
<doc>Fails if ``key`` is not found from ``dictionary``.</doc>
<status status="PASS" start="2024-05-01T16:17:30.031063" elapsed="0.000436"/>
</kw>
<kw name="Log" owner="BuiltIn">
<msg time="2024-05-01T16:17:30.032155" level="INFO">{'gender': 'female', 'name': {'title': 'Mrs', 'first': 'Jean', 'last': 'Douglas'}, 'location': {'street': {'number': 5132, 'name': 'Crockett St'}, 'city': 'Cambridge', 'state': 'Tennessee', 'country': 'United States', 'postcode': 28483, 'coordinates': {'latitude': '84.8741', 'longitude': '48.1188'}, 'timezone': {'offset': '+4:00', 'description': 'Abu Dhabi, Muscat, Baku, Tbilisi'}}, 'email': 'jean.douglas@example.com', 'login': {'uuid': '6389822d-3c84-4fb2-9e69-f4225973c655', 'username': 'organiczebra373', 'password': 'gromit', 'salt': 'WFq7Rlw5', 'md5': 'd75fc2b7e6a18cf82974805f9f1664d7', 'sha1': '96f713646a80fb212e1e738f0bfc784a6690ec10', 'sha256': '6b7aa3e9940b85aef5c4f8c2b4ee1b352c44ade6aabcc1a69faf0edfba20035f'}, 'dob': {'date': '1952-10-23T12:58:17.604Z', 'age': 71}, 'registered': {'date': '2005-10-29T08:40:36.000Z', 'age': 18}, 'phone': '(642) 833-3792', 'cell': '(407) 764-3772', 'id': {'name': 'SSN', 'value': '332-73-7505'}, 'picture': {'large': 'https://randomuser.me/api/portraits/women/36.jpg', 'medium': 'https://randomuser.me/api/portraits/med/women/36.jpg', 'thumbnail': 'https://randomuser.me/api/portraits/thumb/women/36.jpg'}, 'nat': 'US'}</msg>
<arg>${json_data['results'][0]}</arg>
<doc>Logs the given message with the given level.</doc>
<status status="PASS" start="2024-05-01T16:17:30.031801" elapsed="0.000401"/>
</kw>
<kw name="Log" owner="BuiltIn">
<msg time="2024-05-01T16:17:30.032622" level="INFO">email</msg>
<arg>${key}</arg>
<doc>Logs the given message with the given level.</doc>
<status status="PASS" start="2024-05-01T16:17:30.032495" elapsed="0.000164"/>
</kw>
<var name="${key}">email</var>
<status status="PASS" start="2024-05-01T16:17:30.030929" elapsed="0.001945"/>
</iter>
<iter>
<kw name="Dictionary Should Contain Key" owner="Collections">
<msg time="2024-05-01T16:17:30.033540" level="INFO">False</msg>
<arg>${json_data['results'][0]}</arg>
<arg>${key}</arg>
<doc>Fails if ``key`` is not found from ``dictionary``.</doc>
<status status="PASS" start="2024-05-01T16:17:30.033159" elapsed="0.000419"/>
</kw>
<kw name="Log" owner="BuiltIn">
<msg time="2024-05-01T16:17:30.034239" level="INFO">{'gender': 'female', 'name': {'title': 'Mrs', 'first': 'Jean', 'last': 'Douglas'}, 'location': {'street': {'number': 5132, 'name': 'Crockett St'}, 'city': 'Cambridge', 'state': 'Tennessee', 'country': 'United States', 'postcode': 28483, 'coordinates': {'latitude': '84.8741', 'longitude': '48.1188'}, 'timezone': {'offset': '+4:00', 'description': 'Abu Dhabi, Muscat, Baku, Tbilisi'}}, 'email': 'jean.douglas@example.com', 'login': {'uuid': '6389822d-3c84-4fb2-9e69-f4225973c655', 'username': 'organiczebra373', 'password': 'gromit', 'salt': 'WFq7Rlw5', 'md5': 'd75fc2b7e6a18cf82974805f9f1664d7', 'sha1': '96f713646a80fb212e1e738f0bfc784a6690ec10', 'sha256': '6b7aa3e9940b85aef5c4f8c2b4ee1b352c44ade6aabcc1a69faf0edfba20035f'}, 'dob': {'date': '1952-10-23T12:58:17.604Z', 'age': 71}, 'registered': {'date': '2005-10-29T08:40:36.000Z', 'age': 18}, 'phone': '(642) 833-3792', 'cell': '(407) 764-3772', 'id': {'name': 'SSN', 'value': '332-73-7505'}, 'picture': {'large': 'https://randomuser.me/api/portraits/women/36.jpg', 'medium': 'https://randomuser.me/api/portraits/med/women/36.jpg', 'thumbnail': 'https://randomuser.me/api/portraits/thumb/women/36.jpg'}, 'nat': 'US'}</msg>
<arg>${json_data['results'][0]}</arg>
<doc>Logs the given message with the given level.</doc>
<status status="PASS" start="2024-05-01T16:17:30.033878" elapsed="0.000408"/>
</kw>
<kw name="Log" owner="BuiltIn">
<msg time="2024-05-01T16:17:30.034713" level="INFO">login</msg>
<arg>${key}</arg>
<doc>Logs the given message with the given level.</doc>
<status status="PASS" start="2024-05-01T16:17:30.034585" elapsed="0.000166"/>
</kw>
<var name="${key}">login</var>
<status status="PASS" start="2024-05-01T16:17:30.033047" elapsed="0.001975"/>
</iter>
<var>${key}</var>
<value>@{expected_keys}</value>
<status status="PASS" start="2024-05-01T16:17:30.024262" elapsed="0.010890"/>
</for>
<kw name="Create List" owner="BuiltIn">
<msg time="2024-05-01T16:17:30.035498" level="INFO">${expected_keysTwo} = ['username', 'password']</msg>
<var>${expected_keysTwo}</var>
<arg>username</arg>
<arg>password</arg>
<doc>Returns a list containing given items.</doc>
<status status="PASS" start="2024-05-01T16:17:30.035357" elapsed="0.000165"/>
</kw>
<for flavor="IN">
<iter>
<kw name="Dictionary Should Contain Key" owner="Collections">
<msg time="2024-05-01T16:17:30.036439" level="INFO">False</msg>
<arg>${json_data['results'][0]['login']}</arg>
<arg>${keyTwo}</arg>
<doc>Fails if ``key`` is not found from ``dictionary``.</doc>
<status status="PASS" start="2024-05-01T16:17:30.036039" elapsed="0.000438"/>
</kw>
<kw name="Dictionary Should Contain Key" owner="Collections">
<msg time="2024-05-01T16:17:30.037159" level="INFO">False</msg>
<arg>${json_data['results'][0]['login']}</arg>
<arg>${keyTwo}</arg>
<doc>Fails if ``key`` is not found from ``dictionary``.</doc>
<status status="PASS" start="2024-05-01T16:17:30.036778" elapsed="0.000419"/>
</kw>
<kw name="Log" owner="BuiltIn">
<msg time="2024-05-01T16:17:30.037619" level="INFO">username</msg>
<arg>${keyTwo}</arg>
<doc>Logs the given message with the given level.</doc>
<status status="PASS" start="2024-05-01T16:17:30.037492" elapsed="0.000166"/>
</kw>
<var name="${keyTwo}">username</var>
<status status="PASS" start="2024-05-01T16:17:30.035927" elapsed="0.001943"/>
</iter>
<iter>
<kw name="Dictionary Should Contain Key" owner="Collections">
<msg time="2024-05-01T16:17:30.038645" level="INFO">False</msg>
<arg>${json_data['results'][0]['login']}</arg>
<arg>${keyTwo}</arg>
<doc>Fails if ``key`` is not found from ``dictionary``.</doc>
<status status="PASS" start="2024-05-01T16:17:30.038159" elapsed="0.000526"/>
</kw>
<kw name="Dictionary Should Contain Key" owner="Collections">
<msg time="2024-05-01T16:17:30.039406" level="INFO">False</msg>
<arg>${json_data['results'][0]['login']}</arg>
<arg>${keyTwo}</arg>
<doc>Fails if ``key`` is not found from ``dictionary``.</doc>
<status status="PASS" start="2024-05-01T16:17:30.039010" elapsed="0.000433"/>
</kw>
<kw name="Log" owner="BuiltIn">
<msg time="2024-05-01T16:17:30.039872" level="INFO">password</msg>
<arg>${keyTwo}</arg>
<doc>Logs the given message with the given level.</doc>
<status status="PASS" start="2024-05-01T16:17:30.039744" elapsed="0.000165"/>
</kw>
<var name="${keyTwo}">password</var>
<status status="PASS" start="2024-05-01T16:17:30.038044" elapsed="0.002082"/>
</iter>
<var>${keyTwo}</var>
<value>@{expected_keysTwo}</value>
<status status="PASS" start="2024-05-01T16:17:30.035766" elapsed="0.004484"/>
</for>
<status status="PASS" start="2024-05-01T16:17:29.933052" elapsed="0.107346"/>
</kw>
<doc>Testa a estrutura da resposta da API.</doc>
<tag>testeEstruturaResposta</tag>
<status status="PASS" start="2024-05-01T16:17:29.932496" elapsed="0.108066"/>
</test>
<test id="s1-s1-t4" name="Validar tipos de dados" line="28">
<kw name="Teste de Tipos de Dados" owner="random-user-service">
<kw name="GET On Session" owner="RequestsLibrary">
<msg time="2024-05-01T16:17:30.116792" level="INFO">GET Request : url=https://randomuser.me/api 
 path_url=/api 
 headers={'User-Agent': 'python-requests/2.31.0', 'Accept-Encoding': 'gzip, deflate', 'Accept': '*/*', 'Connection': 'keep-alive'} 
 body=None 
 </msg>
<msg time="2024-05-01T16:17:30.116914" level="INFO">GET Response : url=https://randomuser.me/api 
 status=200, reason=OK 
 headers={'Date': 'Wed, 01 May 2024 16:17:30 GMT', 'Content-Type': 'application/json; charset=utf-8', 'Transfer-Encoding': 'chunked', 'Connection': 'keep-alive', 'X-Powered-By': 'Express', 'Access-Control-Allow-Origin': '*', 'Cache-Control': 'no-cache', 'ETag': 'W/"494-ZdIuETzJF6xeEe82VkeD2xm0Qas"', 'Vary': 'Accept-Encoding', 'Content-Encoding': 'gzip', 'CF-Cache-Status': 'DYNAMIC', 'Report-To': '{"endpoints":[{"url":"https:\\/\\/a.nel.cloudflare.com\\/report\\/v4?s=5FgLctDydVQ6oL0J16vtEXQnu8WPBTp58E8Nr63s%2B8r%2BtF7pxQmUmIfeqnwSsWExi17Sgr9IkuCNBoy6ni6zmb09bLi%2BEp6a%2BIa69SFVT7Rre32GUtDuVK3KINy7mrVN"}],"group":"cf-nel","max_age":604800}', 'NEL': '{"success_fraction":0,"report_to":"cf-nel","max_age":604800}', 'Server': 'cloudflare', 'CF-RAY': '87d11502ca5081c4-IAD', 'alt-svc': 'h3=":443"; ma=86400'} 
 body={"results":[{"gender":"male","name":{"title":"Mr","first":"Samu","last":"Jarvi"},"location":{"street":{"number":2791,"name":"Mechelininkatu"},"city":"Liperi","state":"Pirkanmaa","country":"Finland","postcode":21392,"coordinates":{"latitude":"-22.9527","longitude":"-104.3311"},"timezone":{"offset":"+11:00","description":"Magadan, Solomon Islands, New Caledonia"}},"email":"samu.jarvi@example.com","login":{"uuid":"d3f46782-436c-4ee1-a3c5-40be36210ab4","username":"silverfrog349","password":"colombia","salt":"qmAX43hi","md5":"0a34b75082f4b6bcfd36c2d2c1b1fee8","sha1":"a9eeb4963b16ee1675963c2228af52d2411de46a","sha256":"e420efabfa872b5367305e896f8c03dc94e738344185d5ad47ebbd810e2af990"},"dob":{"date":"1944-09-19T19:14:50.730Z","age":79},"registered":{"date":"2016-12-27T15:55:18.127Z","age":7},"phone":"03-310-067","cell":"042-752-80-26","id":{"name":"HETU","value":"NaNNA665undefined"},"picture":{"large":"https://randomuser.me/api/portraits/men/92.jpg","medium":"https://randomuser.me/api/portraits/med/men/92.jpg","thumbnail":"https://randomuser.me/api/portraits/thumb/men/92.jpg"},"nat":"FI"}],"info":{"seed":"4a1f7814503b5e25","results":1,"page":1,"version":"1.4"}} 
 </msg>
<msg time="2024-05-01T16:17:30.116998" level="INFO">/opt/hostedtoolcache/Python/3.12.3/x64/lib/python3.12/site-packages/urllib3/connectionpool.py:1103: InsecureRequestWarning: Unverified HTTPS request is being made to host 'randomuser.me'. Adding certificate verification is strongly advised. See: https://urllib3.readthedocs.io/en/latest/advanced-usage.html#tls-warnings
  warnings.warn(</msg>
<msg time="2024-05-01T16:17:30.117145" level="INFO">${response} = &lt;Response [200]&gt;</msg>
<var>${response}</var>
<arg>consultarAPI</arg>
<arg>/api</arg>
<doc>Sends a GET request on a previously created HTTP Session.</doc>
<status status="PASS" start="2024-05-01T16:17:30.043221" elapsed="0.073958"/>
</kw>
<kw name="Set Variable" owner="BuiltIn">
<msg time="2024-05-01T16:17:30.118390" level="INFO">${json_data} = {'results': [{'gender': 'male', 'name': {'title': 'Mr', 'first': 'Samu', 'last': 'Jarvi'}, 'location': {'street': {'number': 2791, 'name': 'Mechelininkatu'}, 'city': 'Liperi', 'state': 'Pirkanmaa', 'c...</msg>
<var>${json_data}</var>
<arg>${response.json()}</arg>
<doc>Returns the given values which can then be assigned to a variables.</doc>
<status status="PASS" start="2024-05-01T16:17:30.117810" elapsed="0.000610"/>
</kw>
<kw name="Log" owner="BuiltIn">
<msg time="2024-05-01T16:17:30.119047" level="INFO">{'results': [{'gender': 'male', 'name': {'title': 'Mr', 'first': 'Samu', 'last': 'Jarvi'}, 'location': {'street': {'number': 2791, 'name': 'Mechelininkatu'}, 'city': 'Liperi', 'state': 'Pirkanmaa', 'country': 'Finland', 'postcode': 21392, 'coordinates': {'latitude': '-22.9527', 'longitude': '-104.3311'}, 'timezone': {'offset': '+11:00', 'description': 'Magadan, Solomon Islands, New Caledonia'}}, 'email': 'samu.jarvi@example.com', 'login': {'uuid': 'd3f46782-436c-4ee1-a3c5-40be36210ab4', 'username': 'silverfrog349', 'password': 'colombia', 'salt': 'qmAX43hi', 'md5': '0a34b75082f4b6bcfd36c2d2c1b1fee8', 'sha1': 'a9eeb4963b16ee1675963c2228af52d2411de46a', 'sha256': 'e420efabfa872b5367305e896f8c03dc94e738344185d5ad47ebbd810e2af990'}, 'dob': {'date': '1944-09-19T19:14:50.730Z', 'age': 79}, 'registered': {'date': '2016-12-27T15:55:18.127Z', 'age': 7}, 'phone': '03-310-067', 'cell': '042-752-80-26', 'id': {'name': 'HETU', 'value': 'NaNNA665undefined'}, 'picture': {'large': 'https://randomuser.me/api/portraits/men/92.jpg', 'medium': 'https://randomuser.me/api/portraits/med/men/92.jpg', 'thumbnail': 'https://randomuser.me/api/portraits/thumb/men/92.jpg'}, 'nat': 'FI'}], 'info': {'seed': '4a1f7814503b5e25', 'results': 1, 'page': 1, 'version': '1.4'}}</msg>
<arg>${json_data}</arg>
<doc>Logs the given message with the given level.</doc>
<status status="PASS" start="2024-05-01T16:17:30.118815" elapsed="0.000335"/>
</kw>
<kw name="Should Be String" owner="String">
<arg>${json_data['results'][0]['gender']}</arg>
<doc>Fails if the given ``item`` is not a string.</doc>
<status status="PASS" start="2024-05-01T16:17:30.119502" elapsed="0.000403"/>
</kw>
<kw name="Should Match Regexp" owner="BuiltIn">
<arg>${json_data['results'][0]['email']}</arg>
<arg>^[a-zA-Z0-9._%+-]+@[a-zA-Z0-9.-]+\.[a-zA-Z]{2,}$</arg>
<doc>Fails if ``string`` does not match ``pattern`` as a regular expression.</doc>
<status status="PASS" start="2024-05-01T16:17:30.120114" elapsed="0.000547"/>
</kw>
<kw name="Should Match Regexp" owner="BuiltIn">
<arg>${json_data['results'][0]['dob']['date']}</arg>
<arg>\\d{4}-\\d{2}-\\d{2}T\\d{2}:\\d{2}:\\d{2}\\.\\d{3}Z</arg>
<doc>Fails if ``string`` does not match ``pattern`` as a regular expression.</doc>
<status status="PASS" start="2024-05-01T16:17:30.120867" elapsed="0.000511"/>
</kw>
<kw name="Should Match Regexp" owner="BuiltIn">
<arg>${json_data['results'][0]['registered']['date']}</arg>
<arg>\\d{4}-\\d{2}-\\d{2}T\\d{2}:\\d{2}:\\d{2}\\.\\d{3}Z</arg>
<doc>Fails if ``string`` does not match ``pattern`` as a regular expression.</doc>
<status status="PASS" start="2024-05-01T16:17:30.121574" elapsed="0.000382"/>
</kw>
<kw name="Should Match Regexp" owner="BuiltIn">
<arg>${json_data['results'][0]['picture']['large']}</arg>
<arg>^https?://.*\.(?:png|jpe?g|gif|bmp)$</arg>
<doc>Fails if ``string`` does not match ``pattern`` as a regular expression.</doc>
<status status="PASS" start="2024-05-01T16:17:30.122145" elapsed="0.000483"/>
</kw>
<kw name="Should Match Regexp" owner="BuiltIn">
<arg>${json_data['results'][0]['picture']['medium']}</arg>
<arg>^https?://.*\.(?:png|jpe?g|gif|bmp)$</arg>
<doc>Fails if ``string`` does not match ``pattern`` as a regular expression.</doc>
<status status="PASS" start="2024-05-01T16:17:30.122818" elapsed="0.000405"/>
</kw>
<kw name="Should Match Regexp" owner="BuiltIn">
<arg>${json_data['results'][0]['picture']['thumbnail']}</arg>
<arg>^https?://.*\.(?:png|jpe?g|gif|bmp)$</arg>
<doc>Fails if ``string`` does not match ``pattern`` as a regular expression.</doc>
<status status="PASS" start="2024-05-01T16:17:30.123415" elapsed="0.000357"/>
</kw>
<kw name="Log" owner="BuiltIn">
<msg time="2024-05-01T16:17:30.124278" level="INFO">{'large': 'https://randomuser.me/api/portraits/men/92.jpg', 'medium': 'https://randomuser.me/api/portraits/med/men/92.jpg', 'thumbnail': 'https://randomuser.me/api/portraits/thumb/men/92.jpg'}</msg>
<arg>${json_data['results'][0]['picture']}</arg>
<doc>Logs the given message with the given level.</doc>
<status status="PASS" start="2024-05-01T16:17:30.123952" elapsed="0.000368"/>
</kw>
<status status="PASS" start="2024-05-01T16:17:30.042945" elapsed="0.081664"/>
</kw>
<kw name="Teste de Tipos de Dados - Postcode" owner="random-user-service">
<kw name="GET On Session" owner="RequestsLibrary">
<msg time="2024-05-01T16:17:30.238548" level="INFO">GET Request : url=https://randomuser.me/api 
 path_url=/api 
 headers={'User-Agent': 'python-requests/2.31.0', 'Accept-Encoding': 'gzip, deflate', 'Accept': '*/*', 'Connection': 'keep-alive'} 
 body=None 
 </msg>
<msg time="2024-05-01T16:17:30.238647" level="INFO">GET Response : url=https://randomuser.me/api 
 status=200, reason=OK 
 headers={'Date': 'Wed, 01 May 2024 16:17:30 GMT', 'Content-Type': 'application/json; charset=utf-8', 'Transfer-Encoding': 'chunked', 'Connection': 'keep-alive', 'X-Powered-By': 'Express', 'Access-Control-Allow-Origin': '*', 'Cache-Control': 'no-cache', 'ETag': 'W/"48a-LwTcOs+yRkdmeB3mBVLrfN1eyco"', 'Vary': 'Accept-Encoding', 'Content-Encoding': 'gzip', 'CF-Cache-Status': 'DYNAMIC', 'Report-To': '{"endpoints":[{"url":"https:\\/\\/a.nel.cloudflare.com\\/report\\/v4?s=5uCmnSO96mA5YQAE9YAEGgB4q9ZfrNnggsPhrjte0gYM5IkOi2omkE07cOMQOa7huJ4Tkn7PE6ePW7Uj1IPma0Yz%2FKnE3%2BalDWUMFewy8SMn%2BcNXbj2TU4ewzVO%2Bp%2B9O"}],"group":"cf-nel","max_age":604800}', 'NEL': '{"success_fraction":0,"report_to":"cf-nel","max_age":604800}', 'Server': 'cloudflare', 'CF-RAY': '87d115034ae481c4-IAD', 'alt-svc': 'h3=":443"; ma=86400'} 
 body={"results":[{"gender":"female","name":{"title":"Miss","first":"Vassa","last":"Teslenko"},"location":{"street":{"number":2586,"name":"Generala Vitruka"},"city":"Chistyakove","state":"Lvivska","country":"Ukraine","postcode":87419,"coordinates":{"latitude":"80.9691","longitude":"29.8897"},"timezone":{"offset":"-1:00","description":"Azores, Cape Verde Islands"}},"email":"vassa.teslenko@example.com","login":{"uuid":"2d0642f8-df66-461e-afac-f1f399eaa0a1","username":"silverzebra172","password":"over","salt":"7AAAg6y8","md5":"ec948f5997a64d93840c7738120ebbbb","sha1":"4041bb88659288e6d06f43a9520de217b24f26e7","sha256":"26f8b742e39067e1ebc53d84408a1d4660a1d154d6be0e2f6adc92cfa0a919ce"},"dob":{"date":"1998-10-01T23:36:07.817Z","age":25},"registered":{"date":"2006-09-17T11:23:07.676Z","age":17},"phone":"(097) X66-0611","cell":"(098) B23-4084","id":{"name":"","value":null},"picture":{"large":"https://randomuser.me/api/portraits/women/58.jpg","medium":"https://randomuser.me/api/portraits/med/women/58.jpg","thumbnail":"https://randomuser.me/api/portraits/thumb/women/58.jpg"},"nat":"UA"}],"info":{"seed":"527602a9370e2afa","results":1,"page":1,"version":"1.4"}} 
 </msg>
<msg time="2024-05-01T16:17:30.238717" level="INFO">/opt/hostedtoolcache/Python/3.12.3/x64/lib/python3.12/site-packages/urllib3/connectionpool.py:1103: InsecureRequestWarning: Unverified HTTPS request is being made to host 'randomuser.me'. Adding certificate verification is strongly advised. See: https://urllib3.readthedocs.io/en/latest/advanced-usage.html#tls-warnings
  warnings.warn(</msg>
<msg time="2024-05-01T16:17:30.238840" level="INFO">${response} = &lt;Response [200]&gt;</msg>
<var>${response}</var>
<arg>consultarAPI</arg>
<arg>/api</arg>
<doc>Sends a GET request on a previously created HTTP Session.</doc>
<status status="PASS" start="2024-05-01T16:17:30.125091" elapsed="0.113776"/>
</kw>
<kw name="Set Variable" owner="BuiltIn">
<msg time="2024-05-01T16:17:30.239996" level="INFO">${json_data} = {'results': [{'gender': 'female', 'name': {'title': 'Miss', 'first': 'Vassa', 'last': 'Teslenko'}, 'location': {'street': {'number': 2586, 'name': 'Generala Vitruka'}, 'city': 'Chistyakove', 'state': ...</msg>
<var>${json_data}</var>
<arg>${response.json()}</arg>
<doc>Returns the given values which can then be assigned to a variables.</doc>
<status status="PASS" start="2024-05-01T16:17:30.239456" elapsed="0.000569"/>
</kw>
<kw name="Log" owner="BuiltIn">
<msg time="2024-05-01T16:17:30.240493" level="INFO">{'results': [{'gender': 'female', 'name': {'title': 'Miss', 'first': 'Vassa', 'last': 'Teslenko'}, 'location': {'street': {'number': 2586, 'name': 'Generala Vitruka'}, 'city': 'Chistyakove', 'state': 'Lvivska', 'country': 'Ukraine', 'postcode': 87419, 'coordinates': {'latitude': '80.9691', 'longitude': '29.8897'}, 'timezone': {'offset': '-1:00', 'description': 'Azores, Cape Verde Islands'}}, 'email': 'vassa.teslenko@example.com', 'login': {'uuid': '2d0642f8-df66-461e-afac-f1f399eaa0a1', 'username': 'silverzebra172', 'password': 'over', 'salt': '7AAAg6y8', 'md5': 'ec948f5997a64d93840c7738120ebbbb', 'sha1': '4041bb88659288e6d06f43a9520de217b24f26e7', 'sha256': '26f8b742e39067e1ebc53d84408a1d4660a1d154d6be0e2f6adc92cfa0a919ce'}, 'dob': {'date': '1998-10-01T23:36:07.817Z', 'age': 25}, 'registered': {'date': '2006-09-17T11:23:07.676Z', 'age': 17}, 'phone': '(097) X66-0611', 'cell': '(098) B23-4084', 'id': {'name': '', 'value': None}, 'picture': {'large': 'https://randomuser.me/api/portraits/women/58.jpg', 'medium': 'https://randomuser.me/api/portraits/med/women/58.jpg', 'thumbnail': 'https://randomuser.me/api/portraits/thumb/women/58.jpg'}, 'nat': 'UA'}], 'info': {'seed': '527602a9370e2afa', 'results': 1, 'page': 1, 'version': '1.4'}}</msg>
<arg>${json_data}</arg>
<doc>Logs the given message with the given level.</doc>
<status status="PASS" start="2024-05-01T16:17:30.240335" elapsed="0.000242"/>
</kw>
<kw name="Should Be Equal As Numbers" owner="BuiltIn">
<arg>${json_data['results'][0]['location']['postcode']}</arg>
<arg>${json_data['results'][0]['location']['postcode']}</arg>
<doc>Fails if objects are unequal after converting them to real numbers.</doc>
<status status="PASS" start="2024-05-01T16:17:30.241070" elapsed="0.000650"/>
</kw>
<kw name="Log" owner="BuiltIn">
<msg time="2024-05-01T16:17:30.242252" level="INFO">87419</msg>
<arg>${json_data['results'][0]['location']['postcode']}</arg>
<doc>Logs the given message with the given level.</doc>
<status status="PASS" start="2024-05-01T16:17:30.241912" elapsed="0.000379"/>
</kw>
<status status="PASS" start="2024-05-01T16:17:30.124847" elapsed="0.117703"/>
</kw>
<doc>Testa se os tipos de dados na resposta da API estão corretos.</doc>
<tag>testeTiposDados</tag>
<status status="PASS" start="2024-05-01T16:17:30.042348" elapsed="0.200371"/>
</test>
<test id="s1-s1-t5" name="Validar conteudo" line="35">
<kw name="Teste de Tipos de Conteudo" owner="random-user-service">
<kw name="GET On Session" owner="RequestsLibrary">
<msg time="2024-05-01T16:17:30.319205" level="INFO">GET Request : url=https://randomuser.me/api 
 path_url=/api 
 headers={'User-Agent': 'python-requests/2.31.0', 'Accept-Encoding': 'gzip, deflate', 'Accept': '*/*', 'Connection': 'keep-alive'} 
 body=None 
 </msg>
<msg time="2024-05-01T16:17:30.319308" level="INFO">GET Response : url=https://randomuser.me/api 
 status=200, reason=OK 
 headers={'Date': 'Wed, 01 May 2024 16:17:30 GMT', 'Content-Type': 'application/json; charset=utf-8', 'Transfer-Encoding': 'chunked', 'Connection': 'keep-alive', 'X-Powered-By': 'Express', 'Access-Control-Allow-Origin': '*', 'Cache-Control': 'no-cache', 'ETag': 'W/"491-3T3LsxQI0+peXL7KDwX3nKcV8CA"', 'Vary': 'Accept-Encoding', 'Content-Encoding': 'gzip', 'CF-Cache-Status': 'DYNAMIC', 'Report-To': '{"endpoints":[{"url":"https:\\/\\/a.nel.cloudflare.com\\/report\\/v4?s=vyiR8YXmFpp%2Bfola9CCCaGbldIm1IGNBmv9ALim32TsRAy7whpJjHR06McM4FnIwgWE%2BNxPdYc4P3USdXoeS2o3wmj4Ql0Mf3DPA02b0jSBrpIiWi5xVOWR63B9SPpj9"}],"group":"cf-nel","max_age":604800}', 'NEL': '{"success_fraction":0,"report_to":"cf-nel","max_age":604800}', 'Server': 'cloudflare', 'CF-RAY': '87d115040bf281c4-IAD', 'alt-svc': 'h3=":443"; ma=86400'} 
 body={"results":[{"gender":"female","name":{"title":"Mrs","first":"Salwa","last":"Brummer"},"location":{"street":{"number":7438,"name":"Kwintenweg"},"city":"Kalenberg","state":"Noord-Holland","country":"Netherlands","postcode":"9083 DU","coordinates":{"latitude":"31.4943","longitude":"52.2380"},"timezone":{"offset":"-11:00","description":"Midway Island, Samoa"}},"email":"salwa.brummer@example.com","login":{"uuid":"d190bf6a-4aaf-4d59-980e-8be1383c6ed3","username":"tinyleopard720","password":"898989","salt":"PN72vMZG","md5":"89b9c58956c4041d16b2940de5e7c8e8","sha1":"13636d79b976831963083fe0c2523e0a8dc939df","sha256":"e4f2462d528e5cca2293867ca2500450b9bdedff04160ac6f51ba399ed7d7c6f"},"dob":{"date":"1995-06-06T00:16:52.952Z","age":28},"registered":{"date":"2004-06-10T17:26:31.600Z","age":19},"phone":"(052) 8398215","cell":"(06) 76984114","id":{"name":"BSN","value":"85095183"},"picture":{"large":"https://randomuser.me/api/portraits/women/19.jpg","medium":"https://randomuser.me/api/portraits/med/women/19.jpg","thumbnail":"https://randomuser.me/api/portraits/thumb/women/19.jpg"},"nat":"NL"}],"info":{"seed":"9aabcb33128b4896","results":1,"page":1,"version":"1.4"}} 
 </msg>
<msg time="2024-05-01T16:17:30.319382" level="INFO">/opt/hostedtoolcache/Python/3.12.3/x64/lib/python3.12/site-packages/urllib3/connectionpool.py:1103: InsecureRequestWarning: Unverified HTTPS request is being made to host 'randomuser.me'. Adding certificate verification is strongly advised. See: https://urllib3.readthedocs.io/en/latest/advanced-usage.html#tls-warnings
  warnings.warn(</msg>
<msg time="2024-05-01T16:17:30.319512" level="INFO">${response} = &lt;Response [200]&gt;</msg>
<var>${response}</var>
<arg>consultarAPI</arg>
<arg>/api</arg>
<doc>Sends a GET request on a previously created HTTP Session.</doc>
<status status="PASS" start="2024-05-01T16:17:30.245339" elapsed="0.074213"/>
</kw>
<kw name="Set Variable" owner="BuiltIn">
<msg time="2024-05-01T16:17:30.320667" level="INFO">${json_data} = {'results': [{'gender': 'female', 'name': {'title': 'Mrs', 'first': 'Salwa', 'last': 'Brummer'}, 'location': {'street': {'number': 7438, 'name': 'Kwintenweg'}, 'city': 'Kalenberg', 'state': 'Noord-Hol...</msg>
<var>${json_data}</var>
<arg>${response.json()}</arg>
<doc>Returns the given values which can then be assigned to a variables.</doc>
<status status="PASS" start="2024-05-01T16:17:30.320122" elapsed="0.000574"/>
</kw>
<kw name="Set Variable" owner="BuiltIn">
<msg time="2024-05-01T16:17:30.321439" level="INFO">${name_title} = Mrs</msg>
<var>${name_title}</var>
<arg>${json_data["results"][0]["name"]["title"]}</arg>
<doc>Returns the given values which can then be assigned to a variables.</doc>
<status status="PASS" start="2024-05-01T16:17:30.321040" elapsed="0.000424"/>
</kw>
<kw name="Create List" owner="BuiltIn">
<msg time="2024-05-01T16:17:30.321920" level="INFO">${allowed_titles} = ['Mr', 'Ms', 'Miss', 'Mrs', 'Madame', 'Monsieur']</msg>
<var>${allowed_titles}</var>
<arg>Mr</arg>
<arg>Ms</arg>
<arg>Miss</arg>
<arg>Mrs</arg>
<arg>Madame</arg>
<arg>Monsieur</arg>
<doc>Returns a list containing given items.</doc>
<status status="PASS" start="2024-05-01T16:17:30.321770" elapsed="0.000174"/>
</kw>
<kw name="List Should Contain Value" owner="Collections">
<msg time="2024-05-01T16:17:30.322437" level="INFO">False</msg>
<arg>${allowed_titles}</arg>
<arg>${name_title}</arg>
<doc>Fails if the ``value`` is not found from ``list``.</doc>
<status status="PASS" start="2024-05-01T16:17:30.322254" elapsed="0.000223"/>
</kw>
<kw name="Set Variable" owner="BuiltIn">
<msg time="2024-05-01T16:17:30.323206" level="INFO">${name_country} = NL</msg>
<var>${name_country}</var>
<arg>${json_data["results"][0]["nat"]}</arg>
<doc>Returns the given values which can then be assigned to a variables.</doc>
<status status="PASS" start="2024-05-01T16:17:30.322776" elapsed="0.000457"/>
</kw>
<kw name="Create List" owner="BuiltIn">
<msg time="2024-05-01T16:17:30.324146" level="INFO">${list_country} = ['AD', 'AE', 'AF', 'AG', 'AI', 'AL', 'AM', 'AO', 'AQ', 'AR', 'AS', 'AT', 'AU', 'AW', 'AX', 'AZ', 'BA', 'BB', 'BD', 'BE', 'BF', 'BG', 'BH', 'BI', 'BJ', 'BL', 'BM', 'BN', 'BO', 'BQ', 'BR', 'BS', 'BT', '...</msg>
<var>${list_country}</var>
<arg>AD</arg>
<arg>AE</arg>
<arg>AF</arg>
<arg>AG</arg>
<arg>AI</arg>
<arg>AL</arg>
<arg>AM</arg>
<arg>AO</arg>
<arg>AQ</arg>
<arg>AR</arg>
<arg>AS</arg>
<arg>AT</arg>
<arg>AU</arg>
<arg>AW</arg>
<arg>AX</arg>
<arg>AZ</arg>
<arg>BA</arg>
<arg>BB</arg>
<arg>BD</arg>
<arg>BE</arg>
<arg>BF</arg>
<arg>BG</arg>
<arg>BH</arg>
<arg>BI</arg>
<arg>BJ</arg>
<arg>BL</arg>
<arg>BM</arg>
<arg>BN</arg>
<arg>BO</arg>
<arg>BQ</arg>
<arg>BR</arg>
<arg>BS</arg>
<arg>BT</arg>
<arg>BV</arg>
<arg>BW</arg>
<arg>BY</arg>
<arg>BZ</arg>
<arg>CA</arg>
<arg>CC</arg>
<arg>CD</arg>
<arg>CF</arg>
<arg>CG</arg>
<arg>CH</arg>
<arg>CI</arg>
<arg>CK</arg>
<arg>CL</arg>
<arg>CM</arg>
<arg>CN</arg>
<arg>CO</arg>
<arg>CR</arg>
<arg>CU</arg>
<arg>CV</arg>
<arg>CW</arg>
<arg>CX</arg>
<arg>CY</arg>
<arg>CZ</arg>
<arg>DE</arg>
<arg>DJ</arg>
<arg>DK</arg>
<arg>DM</arg>
<arg>DO</arg>
<arg>DZ</arg>
<arg>EC</arg>
<arg>EE</arg>
<arg>EG</arg>
<arg>EH</arg>
<arg>ER</arg>
<arg>ES</arg>
<arg>ET</arg>
<arg>FI</arg>
<arg>FJ</arg>
<arg>FK</arg>
<arg>FM</arg>
<arg>FO</arg>
<arg>FR</arg>
<arg>GA</arg>
<arg>GB</arg>
<arg>GD</arg>
<arg>GE</arg>
<arg>GF</arg>
<arg>GG</arg>
<arg>GH</arg>
<arg>GI</arg>
<arg>GL</arg>
<arg>GM</arg>
<arg>GN</arg>
<arg>GP</arg>
<arg>GQ</arg>
<arg>GR</arg>
<arg>GS</arg>
<arg>GT</arg>
<arg>GU</arg>
<arg>GW</arg>
<arg>GY</arg>
<arg>HK</arg>
<arg>HM</arg>
<arg>HN</arg>
<arg>HR</arg>
<arg>HT</arg>
<arg>HU</arg>
<arg>ID</arg>
<arg>IE</arg>
<arg>IL</arg>
<arg>IM</arg>
<arg>IN</arg>
<arg>IO</arg>
<arg>IQ</arg>
<arg>IR</arg>
<arg>IS</arg>
<arg>IT</arg>
<arg>JE</arg>
<arg>JM</arg>
<arg>JO</arg>
<arg>JP</arg>
<arg>KE</arg>
<arg>KG</arg>
<arg>KH</arg>
<arg>KI</arg>
<arg>KM</arg>
<arg>KN</arg>
<arg>KP</arg>
<arg>KR</arg>
<arg>KW</arg>
<arg>KY</arg>
<arg>KZ</arg>
<arg>LA</arg>
<arg>LB</arg>
<arg>LC</arg>
<arg>LI</arg>
<arg>LK</arg>
<arg>LR</arg>
<arg>LS</arg>
<arg>LT</arg>
<arg>LU</arg>
<arg>LV</arg>
<arg>LY</arg>
<arg>MA</arg>
<arg>MC</arg>
<arg>MD</arg>
<arg>ME</arg>
<arg>MF</arg>
<arg>MG</arg>
<arg>MH</arg>
<arg>MK</arg>
<arg>ML</arg>
<arg>MM</arg>
<arg>MN</arg>
<arg>MO</arg>
<arg>MP</arg>
<arg>MQ</arg>
<arg>MR</arg>
<arg>MS</arg>
<arg>MT</arg>
<arg>MU</arg>
<arg>MV</arg>
<arg>MW</arg>
<arg>MX</arg>
<arg>MY</arg>
<arg>MZ</arg>
<arg>NA</arg>
<arg>NC</arg>
<arg>NE</arg>
<arg>NF</arg>
<arg>NG</arg>
<arg>NI</arg>
<arg>NL</arg>
<arg>NO</arg>
<arg>NP</arg>
<arg>NR</arg>
<arg>NU</arg>
<arg>NZ</arg>
<arg>OM</arg>
<arg>PA</arg>
<arg>PE</arg>
<arg>PF</arg>
<arg>PG</arg>
<arg>PH</arg>
<arg>PK</arg>
<arg>PL</arg>
<arg>PM</arg>
<arg>PN</arg>
<arg>PR</arg>
<arg>PS</arg>
<arg>PT</arg>
<arg>PW</arg>
<arg>PY</arg>
<arg>QA</arg>
<arg>RE</arg>
<arg>RO</arg>
<arg>RS</arg>
<arg>RU</arg>
<arg>RW</arg>
<arg>SA</arg>
<arg>SB</arg>
<arg>SC</arg>
<arg>SD</arg>
<arg>SE</arg>
<arg>SG</arg>
<arg>SH</arg>
<arg>SI</arg>
<arg>SJ</arg>
<arg>SK</arg>
<arg>SL</arg>
<arg>SM</arg>
<arg>SN</arg>
<arg>SO</arg>
<arg>SR</arg>
<arg>SS</arg>
<arg>ST</arg>
<arg>SV</arg>
<arg>SX</arg>
<arg>SY</arg>
<arg>SZ</arg>
<arg>TC</arg>
<arg>TD</arg>
<arg>TF</arg>
<arg>TG</arg>
<arg>TH</arg>
<arg>TJ</arg>
<arg>TK</arg>
<arg>TL</arg>
<arg>TM</arg>
<arg>TN</arg>
<arg>TO</arg>
<arg>TR</arg>
<arg>TT</arg>
<arg>TV</arg>
<arg>TW</arg>
<arg>TZ</arg>
<arg>UA</arg>
<arg>UG</arg>
<arg>UM</arg>
<arg>US</arg>
<arg>UY</arg>
<arg>UZ</arg>
<arg>VA</arg>
<arg>VC</arg>
<arg>VE</arg>
<arg>VG</arg>
<arg>VI</arg>
<arg>VN</arg>
<arg>VU</arg>
<arg>WF</arg>
<arg>WS</arg>
<arg>XK</arg>
<arg>YE</arg>
<arg>YT</arg>
<arg>ZA</arg>
<arg>ZM</arg>
<arg>ZW</arg>
<doc>Returns a list containing given items.</doc>
<status status="PASS" start="2024-05-01T16:17:30.323552" elapsed="0.000620"/>
</kw>
<kw name="List Should Contain Value" owner="Collections">
<msg time="2024-05-01T16:17:30.325187" level="INFO">False</msg>
<arg>${list_country}</arg>
<arg>${name_country}</arg>
<doc>Fails if the ``value`` is not found from ``list``.</doc>
<status status="PASS" start="2024-05-01T16:17:30.324972" elapsed="0.000257"/>
</kw>
<kw name="Run Keyword If" owner="BuiltIn">
<kw name="Should Be True" owner="BuiltIn">
<arg>${True}</arg>
<doc>Fails if the given condition is not true.</doc>
<status status="PASS" start="2024-05-01T16:17:30.326328" elapsed="0.000275"/>
</kw>
<arg>${json_data["results"][0]["location"]["coordinates"]["latitude"]} &gt;= -90 and ${json_data["results"][0]["location"]["coordinates"]["latitude"]} &lt;= 90</arg>
<arg>Should Be True</arg>
<arg>${True}</arg>
<doc>Runs the given keyword with the given arguments, if ``condition`` is true.</doc>
<status status="PASS" start="2024-05-01T16:17:30.325555" elapsed="0.001179"/>
</kw>
<kw name="Run Keyword If" owner="BuiltIn">
<kw name="Should Be True" owner="BuiltIn">
<arg>${True}</arg>
<doc>Fails if the given condition is not true.</doc>
<status status="PASS" start="2024-05-01T16:17:30.327661" elapsed="0.000140"/>
</kw>
<arg>${json_data["results"][0]["location"]["coordinates"]["longitude"]} &gt;= -180 and ${json_data["results"][0]["location"]["coordinates"]["longitude"]} &lt;= 180</arg>
<arg>Should Be True</arg>
<arg>${True}</arg>
<doc>Runs the given keyword with the given arguments, if ``condition`` is true.</doc>
<status status="PASS" start="2024-05-01T16:17:30.326921" elapsed="0.001004"/>
</kw>
<status status="PASS" start="2024-05-01T16:17:30.245102" elapsed="0.082960"/>
</kw>
<doc>Testa o conteúdo específico dos campos retornados pela API.</doc>
<tag>testeConteudo</tag>
<status status="PASS" start="2024-05-01T16:17:30.244648" elapsed="0.083565"/>
</test>
<status status="PASS" start="2024-05-01T16:17:29.369355" elapsed="0.960820"/>
</suite>
<status status="PASS" start="2024-05-01T16:17:29.355193" elapsed="0.980231"/>
</suite>
<statistics>
<total>
<stat pass="5" fail="0" skip="0">All Tests</stat>
</total>
<tag>
<stat pass="1" fail="0" skip="0">testeConteudo</stat>
<stat pass="1" fail="0" skip="0">testeEstruturaResposta</stat>
<stat pass="1" fail="0" skip="0">testeRequisicaoBasica</stat>
<stat pass="1" fail="0" skip="0">testeTiposDados</stat>
</tag>
<suite>
<stat pass="5" fail="0" skip="0" id="s1" name="Tests">Tests</stat>
<stat pass="5" fail="0" skip="0" id="s1-s1" name="Random-User-Test">Tests.Random-User-Test</stat>
</suite>
</statistics>
<errors>
</errors>
</robot>
