<?xml version="1.0" encoding="UTF-8"?>
<robot generator="Robot 7.0 (Python 3.12.3 on linux)" generated="2024-05-27T15:16:21.856089" rpa="false" schemaversion="5">
<suite id="s1" name="Tests" source="/home/runner/work/ApiRandomUser/ApiRandomUser/RamdonUser/tests">
<suite id="s1-s1" name="Random-User-Test" source="/home/runner/work/ApiRandomUser/ApiRandomUser/RamdonUser/tests/random-user-test.robot">
<test id="s1-s1-t1" name="Conectar" line="13">
<kw name="Conectar API" owner="random-user-service">
<kw name="Create Session" owner="RequestsLibrary">
<msg time="2024-05-27T15:16:22.268509" level="INFO">Creating Session using : alias=consultarAPI, url=https://randomuser.me/, headers={},                     cookies={}, auth=None, timeout=None, proxies=None, verify=False,                     debug=0 </msg>
<arg>consultarAPI</arg>
<arg>${URL}</arg>
<doc>Create Session: create a HTTP session to a server</doc>
<status status="PASS" start="2024-05-27T15:16:22.268308" elapsed="0.000380"/>
</kw>
<status status="PASS" start="2024-05-27T15:16:22.267247" elapsed="0.001802"/>
</kw>
<status status="PASS" start="2024-05-27T15:16:22.266717" elapsed="0.002534"/>
</test>
<test id="s1-s1-t2" name="Validar retorno 200 e JSON Válido" line="16">
<kw name="Teste de Requisicao Basica" owner="random-user-service">
<kw name="GET On Session" owner="RequestsLibrary">
<msg time="2024-05-27T15:16:24.245310" level="INFO">GET Request : url=https://randomuser.me/api 
 path_url=/api 
 headers={'User-Agent': 'python-requests/2.32.2', 'Accept-Encoding': 'gzip, deflate', 'Accept': '*/*', 'Connection': 'keep-alive'} 
 body=None 
 </msg>
<msg time="2024-05-27T15:16:24.245472" level="INFO">GET Response : url=https://randomuser.me/api 
 status=200, reason=OK 
 headers={'Date': 'Mon, 27 May 2024 15:16:24 GMT', 'Content-Type': 'application/json; charset=utf-8', 'Transfer-Encoding': 'chunked', 'Connection': 'keep-alive', 'X-Powered-By': 'Express', 'Access-Control-Allow-Origin': '*', 'Cache-Control': 'no-cache', 'ETag': 'W/"48c-6dWTNYVoUjzC//3HUE716KW9glI"', 'Vary': 'Accept-Encoding', 'Content-Encoding': 'gzip', 'CF-Cache-Status': 'DYNAMIC', 'Report-To': '{"endpoints":[{"url":"https:\\/\\/a.nel.cloudflare.com\\/report\\/v4?s=ejBmgGc6OecsAHUWq3YsIkEMEkpIrvPgH%2F2ryZO68GiuhswmKI9ne3ppKntDvvqBq7RVy9VuqjT2FNwLGMbYvIeuvKLsng4KclgKMKqvovElrlBFQOoZSaedQ%2BXw0JM8"}],"group":"cf-nel","max_age":604800}', 'NEL': '{"success_fraction":0,"report_to":"cf-nel","max_age":604800}', 'Server': 'cloudflare', 'CF-RAY': '88a6f7384de89840-SJC', 'alt-svc': 'h3=":443"; ma=86400'} 
 body={"results":[{"gender":"female","name":{"title":"Ms","first":"Vishrutha","last":"Saniel"},"location":{"street":{"number":4524,"name":"Chimanlal Girdharlal Rd"},"city":"Munger","state":"Manipur","country":"India","postcode":78500,"coordinates":{"latitude":"11.9758","longitude":"9.9457"},"timezone":{"offset":"-11:00","description":"Midway Island, Samoa"}},"email":"vishrutha.saniel@example.com","login":{"uuid":"fcd072a9-cfa5-4e67-9bc4-3eaa386fb572","username":"goldenduck920","password":"sammy","salt":"8Pt3yBuU","md5":"354244c111578413d2bf0da2ff439304","sha1":"30d8352668d6c579573a713518d00a7bc8abc0a8","sha256":"55517114f967de3fff0be0b13ce16f8d68a17c0efc24074e97702e262839e607"},"dob":{"date":"1980-05-01T06:51:16.882Z","age":44},"registered":{"date":"2015-01-10T09:18:14.964Z","age":9},"phone":"8397341211","cell":"9436846977","id":{"name":"UIDAI","value":"511926539615"},"picture":{"large":"https://randomuser.me/api/portraits/women/18.jpg","medium":"https://randomuser.me/api/portraits/med/women/18.jpg","thumbnail":"https://randomuser.me/api/portraits/thumb/women/18.jpg"},"nat":"IN"}],"info":{"seed":"5addbc9364cd23f9","results":1,"page":1,"version":"1.4"}} 
 </msg>
<msg time="2024-05-27T15:16:24.245553" level="INFO">/opt/hostedtoolcache/Python/3.12.3/x64/lib/python3.12/site-packages/urllib3/connectionpool.py:1103: InsecureRequestWarning: Unverified HTTPS request is being made to host 'randomuser.me'. Adding certificate verification is strongly advised. See: https://urllib3.readthedocs.io/en/latest/advanced-usage.html#tls-warnings
  warnings.warn(</msg>
<msg time="2024-05-27T15:16:24.245751" level="INFO">${response} = &lt;Response [200]&gt;</msg>
<var>${response}</var>
<arg>consultarAPI</arg>
<arg>/api</arg>
<doc>Sends a GET request on a previously created HTTP Session.</doc>
<status status="PASS" start="2024-05-27T15:16:22.271859" elapsed="1.973927"/>
</kw>
<kw name="Should Be Equal As Numbers" owner="BuiltIn">
<msg time="2024-05-27T15:16:24.246898" level="INFO">Argument types are:
&lt;class 'int'&gt;
&lt;class 'str'&gt;</msg>
<arg>${response.status_code}</arg>
<arg>200</arg>
<doc>Fails if objects are unequal after converting them to real numbers.</doc>
<status status="PASS" start="2024-05-27T15:16:24.246440" elapsed="0.000524"/>
</kw>
<kw name="Log" owner="BuiltIn">
<msg time="2024-05-27T15:16:24.247620" level="INFO">200</msg>
<arg>${response.status_code}</arg>
<doc>Logs the given message with the given level.</doc>
<status status="PASS" start="2024-05-27T15:16:24.247281" elapsed="0.000385"/>
</kw>
<kw name="Set Variable" owner="BuiltIn">
<msg time="2024-05-27T15:16:24.248406" level="INFO">${json_data} = {'results': [{'gender': 'female', 'name': {'title': 'Ms', 'first': 'Vishrutha', 'last': 'Saniel'}, 'location': {'street': {'number': 4524, 'name': 'Chimanlal Girdharlal Rd'}, 'city': 'Munger', 'state'...</msg>
<var>${json_data}</var>
<arg>${response.json()}</arg>
<doc>Returns the given values which can then be assigned to a variables.</doc>
<status status="PASS" start="2024-05-27T15:16:24.247973" elapsed="0.000462"/>
</kw>
<kw name="Dictionary Should Contain Key" owner="Collections">
<msg time="2024-05-27T15:16:24.248898" level="INFO">False</msg>
<arg>${json_data}</arg>
<arg>results</arg>
<doc>Fails if ``key`` is not found from ``dictionary``.</doc>
<status status="PASS" start="2024-05-27T15:16:24.248732" elapsed="0.000360"/>
</kw>
<status status="PASS" start="2024-05-27T15:16:22.271619" elapsed="1.977736"/>
</kw>
<doc>Testa se a API responde corretamente e retorna um objeto JSON válido.</doc>
<tag>testeRequisicaoBasica</tag>
<status status="PASS" start="2024-05-27T15:16:22.271174" elapsed="1.978364"/>
</test>
<test id="s1-s1-t3" name="Validar estrutura de resposta" line="22">
<kw name="Teste de Estrutura de Resposta" owner="random-user-service">
<kw name="GET On Session" owner="RequestsLibrary">
<msg time="2024-05-27T15:16:24.708749" level="INFO">GET Request : url=https://randomuser.me/api 
 path_url=/api 
 headers={'User-Agent': 'python-requests/2.32.2', 'Accept-Encoding': 'gzip, deflate', 'Accept': '*/*', 'Connection': 'keep-alive'} 
 body=None 
 </msg>
<msg time="2024-05-27T15:16:24.708866" level="INFO">GET Response : url=https://randomuser.me/api 
 status=200, reason=OK 
 headers={'Date': 'Mon, 27 May 2024 15:16:24 GMT', 'Content-Type': 'application/json; charset=utf-8', 'Transfer-Encoding': 'chunked', 'Connection': 'keep-alive', 'X-Powered-By': 'Express', 'Access-Control-Allow-Origin': '*', 'Cache-Control': 'no-cache', 'ETag': 'W/"4a8-NXqnWStvRNjMgtnWH7Ii85E0Cik"', 'Vary': 'Accept-Encoding', 'Content-Encoding': 'gzip', 'CF-Cache-Status': 'DYNAMIC', 'Report-To': '{"endpoints":[{"url":"https:\\/\\/a.nel.cloudflare.com\\/report\\/v4?s=inGhSTPXwq3kj4FgE%2BIHTovaxkc58%2Bdj8bKEt%2F5eO5xRChM3WeZkH1gbYoqYTmD2clkwggP6Rjz5gr2BvQnwdegR72%2FdtZPwp467HIMaIvAzmGPocD9xcC%2FzNM4Q%2FUAg"}],"group":"cf-nel","max_age":604800}', 'NEL': '{"success_fraction":0,"report_to":"cf-nel","max_age":604800}', 'Server': 'cloudflare', 'CF-RAY': '88a6f7439bde9840-SJC', 'alt-svc': 'h3=":443"; ma=86400'} 
 body={"results":[{"gender":"male","name":{"title":"Monsieur","first":"Jonas","last":"Gauthier"},"location":{"street":{"number":5223,"name":"Avenue Vauban"},"city":"Törbel","state":"Schaffhausen","country":"Switzerland","postcode":3098,"coordinates":{"latitude":"-62.1481","longitude":"-24.2448"},"timezone":{"offset":"+5:00","description":"Ekaterinburg, Islamabad, Karachi, Tashkent"}},"email":"jonas.gauthier@example.com","login":{"uuid":"85b82d96-3008-4f65-bf3c-6ab431b1547d","username":"brownpeacock439","password":"zoom","salt":"nbaG8zvD","md5":"f8c38353a90196d091aec8d4acb66f2c","sha1":"f31cf3c6fa23cf830fe51d780497e0318f46f9e2","sha256":"3f07f86d701965a37880137d37b496c20ee432ca324268b005cd08f3f685f66f"},"dob":{"date":"1983-02-19T06:47:36.586Z","age":41},"registered":{"date":"2016-05-09T06:35:22.567Z","age":8},"phone":"075 613 24 82","cell":"077 551 77 38","id":{"name":"AVS","value":"756.7636.0481.65"},"picture":{"large":"https://randomuser.me/api/portraits/men/26.jpg","medium":"https://randomuser.me/api/portraits/med/men/26.jpg","thumbnail":"https://randomuser.me/api/portraits/thumb/men/26.jpg"},"nat":"CH"}],"info":{"seed":"474a221569a80239","results":1,"page":1,"version":"1.4"}} 
 </msg>
<msg time="2024-05-27T15:16:24.709026" level="INFO">/opt/hostedtoolcache/Python/3.12.3/x64/lib/python3.12/site-packages/urllib3/connectionpool.py:1103: InsecureRequestWarning: Unverified HTTPS request is being made to host 'randomuser.me'. Adding certificate verification is strongly advised. See: https://urllib3.readthedocs.io/en/latest/advanced-usage.html#tls-warnings
  warnings.warn(</msg>
<msg time="2024-05-27T15:16:24.709202" level="INFO">${response} = &lt;Response [200]&gt;</msg>
<var>${response}</var>
<arg>consultarAPI</arg>
<arg>/api</arg>
<doc>Sends a GET request on a previously created HTTP Session.</doc>
<status status="PASS" start="2024-05-27T15:16:24.252179" elapsed="0.457076"/>
</kw>
<kw name="Set Variable" owner="BuiltIn">
<msg time="2024-05-27T15:16:24.710314" level="INFO">${json_data} = {'results': [{'gender': 'male', 'name': {'title': 'Monsieur', 'first': 'Jonas', 'last': 'Gauthier'}, 'location': {'street': {'number': 5223, 'name': 'Avenue Vauban'}, 'city': 'Törbel', 'state': 'Schaf...</msg>
<var>${json_data}</var>
<arg>${response.json()}</arg>
<doc>Returns the given values which can then be assigned to a variables.</doc>
<status status="PASS" start="2024-05-27T15:16:24.709778" elapsed="0.000567"/>
</kw>
<kw name="Log" owner="BuiltIn">
<msg time="2024-05-27T15:16:24.710817" level="INFO">{'results': [{'gender': 'male', 'name': {'title': 'Monsieur', 'first': 'Jonas', 'last': 'Gauthier'}, 'location': {'street': {'number': 5223, 'name': 'Avenue Vauban'}, 'city': 'Törbel', 'state': 'Schaffhausen', 'country': 'Switzerland', 'postcode': 3098, 'coordinates': {'latitude': '-62.1481', 'longitude': '-24.2448'}, 'timezone': {'offset': '+5:00', 'description': 'Ekaterinburg, Islamabad, Karachi, Tashkent'}}, 'email': 'jonas.gauthier@example.com', 'login': {'uuid': '85b82d96-3008-4f65-bf3c-6ab431b1547d', 'username': 'brownpeacock439', 'password': 'zoom', 'salt': 'nbaG8zvD', 'md5': 'f8c38353a90196d091aec8d4acb66f2c', 'sha1': 'f31cf3c6fa23cf830fe51d780497e0318f46f9e2', 'sha256': '3f07f86d701965a37880137d37b496c20ee432ca324268b005cd08f3f685f66f'}, 'dob': {'date': '1983-02-19T06:47:36.586Z', 'age': 41}, 'registered': {'date': '2016-05-09T06:35:22.567Z', 'age': 8}, 'phone': '075 613 24 82', 'cell': '077 551 77 38', 'id': {'name': 'AVS', 'value': '756.7636.0481.65'}, 'picture': {'large': 'https://randomuser.me/api/portraits/men/26.jpg', 'medium': 'https://randomuser.me/api/portraits/med/men/26.jpg', 'thumbnail': 'https://randomuser.me/api/portraits/thumb/men/26.jpg'}, 'nat': 'CH'}], 'info': {'seed': '474a221569a80239', 'results': 1, 'page': 1, 'version': '1.4'}}</msg>
<arg>${json_data}</arg>
<doc>Logs the given message with the given level.</doc>
<status status="PASS" start="2024-05-27T15:16:24.710655" elapsed="0.000211"/>
</kw>
<kw name="Dictionary Should Contain Key" owner="Collections">
<msg time="2024-05-27T15:16:24.711321" level="INFO">False</msg>
<arg>${json_data}</arg>
<arg>results</arg>
<doc>Fails if ``key`` is not found from ``dictionary``.</doc>
<status status="PASS" start="2024-05-27T15:16:24.711159" elapsed="0.000198"/>
</kw>
<kw name="Should Not Be Empty" owner="BuiltIn">
<msg time="2024-05-27T15:16:24.711792" level="INFO">Length is 2.</msg>
<arg>${json_data}</arg>
<doc>Verifies that the given item is not empty.</doc>
<status status="PASS" start="2024-05-27T15:16:24.711658" elapsed="0.000171"/>
</kw>
<kw name="Create List" owner="BuiltIn">
<msg time="2024-05-27T15:16:24.712284" level="INFO">${expected_keys} = ['gender', 'name', 'location', 'email', 'login']</msg>
<var>${expected_keys}</var>
<arg>gender</arg>
<arg>name</arg>
<arg>location</arg>
<arg>email</arg>
<arg>login</arg>
<doc>Returns a list containing given items.</doc>
<status status="PASS" start="2024-05-27T15:16:24.712122" elapsed="0.000190"/>
</kw>
<for flavor="IN">
<iter>
<kw name="Dictionary Should Contain Key" owner="Collections">
<msg time="2024-05-27T15:16:24.713302" level="INFO">False</msg>
<arg>${json_data['results'][0]}</arg>
<arg>${key}</arg>
<doc>Fails if ``key`` is not found from ``dictionary``.</doc>
<status status="PASS" start="2024-05-27T15:16:24.712898" elapsed="0.000443"/>
</kw>
<kw name="Log" owner="BuiltIn">
<msg time="2024-05-27T15:16:24.714040" level="INFO">{'gender': 'male', 'name': {'title': 'Monsieur', 'first': 'Jonas', 'last': 'Gauthier'}, 'location': {'street': {'number': 5223, 'name': 'Avenue Vauban'}, 'city': 'Törbel', 'state': 'Schaffhausen', 'country': 'Switzerland', 'postcode': 3098, 'coordinates': {'latitude': '-62.1481', 'longitude': '-24.2448'}, 'timezone': {'offset': '+5:00', 'description': 'Ekaterinburg, Islamabad, Karachi, Tashkent'}}, 'email': 'jonas.gauthier@example.com', 'login': {'uuid': '85b82d96-3008-4f65-bf3c-6ab431b1547d', 'username': 'brownpeacock439', 'password': 'zoom', 'salt': 'nbaG8zvD', 'md5': 'f8c38353a90196d091aec8d4acb66f2c', 'sha1': 'f31cf3c6fa23cf830fe51d780497e0318f46f9e2', 'sha256': '3f07f86d701965a37880137d37b496c20ee432ca324268b005cd08f3f685f66f'}, 'dob': {'date': '1983-02-19T06:47:36.586Z', 'age': 41}, 'registered': {'date': '2016-05-09T06:35:22.567Z', 'age': 8}, 'phone': '075 613 24 82', 'cell': '077 551 77 38', 'id': {'name': 'AVS', 'value': '756.7636.0481.65'}, 'picture': {'large': 'https://randomuser.me/api/portraits/men/26.jpg', 'medium': 'https://randomuser.me/api/portraits/med/men/26.jpg', 'thumbnail': 'https://randomuser.me/api/portraits/thumb/men/26.jpg'}, 'nat': 'CH'}</msg>
<arg>${json_data['results'][0]}</arg>
<doc>Logs the given message with the given level.</doc>
<status status="PASS" start="2024-05-27T15:16:24.713643" elapsed="0.000448"/>
</kw>
<kw name="Log" owner="BuiltIn">
<msg time="2024-05-27T15:16:24.714523" level="INFO">gender</msg>
<arg>${key}</arg>
<doc>Logs the given message with the given level.</doc>
<status status="PASS" start="2024-05-27T15:16:24.714394" elapsed="0.000166"/>
</kw>
<var name="${key}">gender</var>
<status status="PASS" start="2024-05-27T15:16:24.712770" elapsed="0.002004"/>
</iter>
<iter>
<kw name="Dictionary Should Contain Key" owner="Collections">
<msg time="2024-05-27T15:16:24.715459" level="INFO">False</msg>
<arg>${json_data['results'][0]}</arg>
<arg>${key}</arg>
<doc>Fails if ``key`` is not found from ``dictionary``.</doc>
<status status="PASS" start="2024-05-27T15:16:24.715079" elapsed="0.000449"/>
</kw>
<kw name="Log" owner="BuiltIn">
<msg time="2024-05-27T15:16:24.716185" level="INFO">{'gender': 'male', 'name': {'title': 'Monsieur', 'first': 'Jonas', 'last': 'Gauthier'}, 'location': {'street': {'number': 5223, 'name': 'Avenue Vauban'}, 'city': 'Törbel', 'state': 'Schaffhausen', 'country': 'Switzerland', 'postcode': 3098, 'coordinates': {'latitude': '-62.1481', 'longitude': '-24.2448'}, 'timezone': {'offset': '+5:00', 'description': 'Ekaterinburg, Islamabad, Karachi, Tashkent'}}, 'email': 'jonas.gauthier@example.com', 'login': {'uuid': '85b82d96-3008-4f65-bf3c-6ab431b1547d', 'username': 'brownpeacock439', 'password': 'zoom', 'salt': 'nbaG8zvD', 'md5': 'f8c38353a90196d091aec8d4acb66f2c', 'sha1': 'f31cf3c6fa23cf830fe51d780497e0318f46f9e2', 'sha256': '3f07f86d701965a37880137d37b496c20ee432ca324268b005cd08f3f685f66f'}, 'dob': {'date': '1983-02-19T06:47:36.586Z', 'age': 41}, 'registered': {'date': '2016-05-09T06:35:22.567Z', 'age': 8}, 'phone': '075 613 24 82', 'cell': '077 551 77 38', 'id': {'name': 'AVS', 'value': '756.7636.0481.65'}, 'picture': {'large': 'https://randomuser.me/api/portraits/men/26.jpg', 'medium': 'https://randomuser.me/api/portraits/med/men/26.jpg', 'thumbnail': 'https://randomuser.me/api/portraits/thumb/men/26.jpg'}, 'nat': 'CH'}</msg>
<arg>${json_data['results'][0]}</arg>
<doc>Logs the given message with the given level.</doc>
<status status="PASS" start="2024-05-27T15:16:24.715828" elapsed="0.000406"/>
</kw>
<kw name="Log" owner="BuiltIn">
<msg time="2024-05-27T15:16:24.716655" level="INFO">name</msg>
<arg>${key}</arg>
<doc>Logs the given message with the given level.</doc>
<status status="PASS" start="2024-05-27T15:16:24.716530" elapsed="0.000161"/>
</kw>
<var name="${key}">name</var>
<status status="PASS" start="2024-05-27T15:16:24.714963" elapsed="0.001947"/>
</iter>
<iter>
<kw name="Dictionary Should Contain Key" owner="Collections">
<msg time="2024-05-27T15:16:24.717580" level="INFO">False</msg>
<arg>${json_data['results'][0]}</arg>
<arg>${key}</arg>
<doc>Fails if ``key`` is not found from ``dictionary``.</doc>
<status status="PASS" start="2024-05-27T15:16:24.717201" elapsed="0.000416"/>
</kw>
<kw name="Log" owner="BuiltIn">
<msg time="2024-05-27T15:16:24.718314" level="INFO">{'gender': 'male', 'name': {'title': 'Monsieur', 'first': 'Jonas', 'last': 'Gauthier'}, 'location': {'street': {'number': 5223, 'name': 'Avenue Vauban'}, 'city': 'Törbel', 'state': 'Schaffhausen', 'country': 'Switzerland', 'postcode': 3098, 'coordinates': {'latitude': '-62.1481', 'longitude': '-24.2448'}, 'timezone': {'offset': '+5:00', 'description': 'Ekaterinburg, Islamabad, Karachi, Tashkent'}}, 'email': 'jonas.gauthier@example.com', 'login': {'uuid': '85b82d96-3008-4f65-bf3c-6ab431b1547d', 'username': 'brownpeacock439', 'password': 'zoom', 'salt': 'nbaG8zvD', 'md5': 'f8c38353a90196d091aec8d4acb66f2c', 'sha1': 'f31cf3c6fa23cf830fe51d780497e0318f46f9e2', 'sha256': '3f07f86d701965a37880137d37b496c20ee432ca324268b005cd08f3f685f66f'}, 'dob': {'date': '1983-02-19T06:47:36.586Z', 'age': 41}, 'registered': {'date': '2016-05-09T06:35:22.567Z', 'age': 8}, 'phone': '075 613 24 82', 'cell': '077 551 77 38', 'id': {'name': 'AVS', 'value': '756.7636.0481.65'}, 'picture': {'large': 'https://randomuser.me/api/portraits/men/26.jpg', 'medium': 'https://randomuser.me/api/portraits/med/men/26.jpg', 'thumbnail': 'https://randomuser.me/api/portraits/thumb/men/26.jpg'}, 'nat': 'CH'}</msg>
<arg>${json_data['results'][0]}</arg>
<doc>Logs the given message with the given level.</doc>
<status status="PASS" start="2024-05-27T15:16:24.717953" elapsed="0.000409"/>
</kw>
<kw name="Log" owner="BuiltIn">
<msg time="2024-05-27T15:16:24.718787" level="INFO">location</msg>
<arg>${key}</arg>
<doc>Logs the given message with the given level.</doc>
<status status="PASS" start="2024-05-27T15:16:24.718661" elapsed="0.000162"/>
</kw>
<var name="${key}">location</var>
<status status="PASS" start="2024-05-27T15:16:24.717089" elapsed="0.001947"/>
</iter>
<iter>
<kw name="Dictionary Should Contain Key" owner="Collections">
<msg time="2024-05-27T15:16:24.719799" level="INFO">False</msg>
<arg>${json_data['results'][0]}</arg>
<arg>${key}</arg>
<doc>Fails if ``key`` is not found from ``dictionary``.</doc>
<status status="PASS" start="2024-05-27T15:16:24.719316" elapsed="0.000520"/>
</kw>
<kw name="Log" owner="BuiltIn">
<msg time="2024-05-27T15:16:24.720488" level="INFO">{'gender': 'male', 'name': {'title': 'Monsieur', 'first': 'Jonas', 'last': 'Gauthier'}, 'location': {'street': {'number': 5223, 'name': 'Avenue Vauban'}, 'city': 'Törbel', 'state': 'Schaffhausen', 'country': 'Switzerland', 'postcode': 3098, 'coordinates': {'latitude': '-62.1481', 'longitude': '-24.2448'}, 'timezone': {'offset': '+5:00', 'description': 'Ekaterinburg, Islamabad, Karachi, Tashkent'}}, 'email': 'jonas.gauthier@example.com', 'login': {'uuid': '85b82d96-3008-4f65-bf3c-6ab431b1547d', 'username': 'brownpeacock439', 'password': 'zoom', 'salt': 'nbaG8zvD', 'md5': 'f8c38353a90196d091aec8d4acb66f2c', 'sha1': 'f31cf3c6fa23cf830fe51d780497e0318f46f9e2', 'sha256': '3f07f86d701965a37880137d37b496c20ee432ca324268b005cd08f3f685f66f'}, 'dob': {'date': '1983-02-19T06:47:36.586Z', 'age': 41}, 'registered': {'date': '2016-05-09T06:35:22.567Z', 'age': 8}, 'phone': '075 613 24 82', 'cell': '077 551 77 38', 'id': {'name': 'AVS', 'value': '756.7636.0481.65'}, 'picture': {'large': 'https://randomuser.me/api/portraits/men/26.jpg', 'medium': 'https://randomuser.me/api/portraits/med/men/26.jpg', 'thumbnail': 'https://randomuser.me/api/portraits/thumb/men/26.jpg'}, 'nat': 'CH'}</msg>
<arg>${json_data['results'][0]}</arg>
<doc>Logs the given message with the given level.</doc>
<status status="PASS" start="2024-05-27T15:16:24.720130" elapsed="0.000407"/>
</kw>
<kw name="Log" owner="BuiltIn">
<msg time="2024-05-27T15:16:24.720958" level="INFO">email</msg>
<arg>${key}</arg>
<doc>Logs the given message with the given level.</doc>
<status status="PASS" start="2024-05-27T15:16:24.720831" elapsed="0.000163"/>
</kw>
<var name="${key}">email</var>
<status status="PASS" start="2024-05-27T15:16:24.719205" elapsed="0.002002"/>
</iter>
<iter>
<kw name="Dictionary Should Contain Key" owner="Collections">
<msg time="2024-05-27T15:16:24.721901" level="INFO">False</msg>
<arg>${json_data['results'][0]}</arg>
<arg>${key}</arg>
<doc>Fails if ``key`` is not found from ``dictionary``.</doc>
<status status="PASS" start="2024-05-27T15:16:24.721497" elapsed="0.000441"/>
</kw>
<kw name="Log" owner="BuiltIn">
<msg time="2024-05-27T15:16:24.722589" level="INFO">{'gender': 'male', 'name': {'title': 'Monsieur', 'first': 'Jonas', 'last': 'Gauthier'}, 'location': {'street': {'number': 5223, 'name': 'Avenue Vauban'}, 'city': 'Törbel', 'state': 'Schaffhausen', 'country': 'Switzerland', 'postcode': 3098, 'coordinates': {'latitude': '-62.1481', 'longitude': '-24.2448'}, 'timezone': {'offset': '+5:00', 'description': 'Ekaterinburg, Islamabad, Karachi, Tashkent'}}, 'email': 'jonas.gauthier@example.com', 'login': {'uuid': '85b82d96-3008-4f65-bf3c-6ab431b1547d', 'username': 'brownpeacock439', 'password': 'zoom', 'salt': 'nbaG8zvD', 'md5': 'f8c38353a90196d091aec8d4acb66f2c', 'sha1': 'f31cf3c6fa23cf830fe51d780497e0318f46f9e2', 'sha256': '3f07f86d701965a37880137d37b496c20ee432ca324268b005cd08f3f685f66f'}, 'dob': {'date': '1983-02-19T06:47:36.586Z', 'age': 41}, 'registered': {'date': '2016-05-09T06:35:22.567Z', 'age': 8}, 'phone': '075 613 24 82', 'cell': '077 551 77 38', 'id': {'name': 'AVS', 'value': '756.7636.0481.65'}, 'picture': {'large': 'https://randomuser.me/api/portraits/men/26.jpg', 'medium': 'https://randomuser.me/api/portraits/med/men/26.jpg', 'thumbnail': 'https://randomuser.me/api/portraits/thumb/men/26.jpg'}, 'nat': 'CH'}</msg>
<arg>${json_data['results'][0]}</arg>
<doc>Logs the given message with the given level.</doc>
<status status="PASS" start="2024-05-27T15:16:24.722232" elapsed="0.000406"/>
</kw>
<kw name="Log" owner="BuiltIn">
<msg time="2024-05-27T15:16:24.723052" level="INFO">login</msg>
<arg>${key}</arg>
<doc>Logs the given message with the given level.</doc>
<status status="PASS" start="2024-05-27T15:16:24.722927" elapsed="0.000192"/>
</kw>
<var name="${key}">login</var>
<status status="PASS" start="2024-05-27T15:16:24.721381" elapsed="0.001956"/>
</iter>
<var>${key}</var>
<value>@{expected_keys}</value>
<status status="PASS" start="2024-05-27T15:16:24.712573" elapsed="0.010884"/>
</for>
<kw name="Create List" owner="BuiltIn">
<msg time="2024-05-27T15:16:24.723785" level="INFO">${expected_keysTwo} = ['username', 'password']</msg>
<var>${expected_keysTwo}</var>
<arg>username</arg>
<arg>password</arg>
<doc>Returns a list containing given items.</doc>
<status status="PASS" start="2024-05-27T15:16:24.723649" elapsed="0.000159"/>
</kw>
<for flavor="IN">
<iter>
<kw name="Dictionary Should Contain Key" owner="Collections">
<msg time="2024-05-27T15:16:24.724688" level="INFO">False</msg>
<arg>${json_data['results'][0]['login']}</arg>
<arg>${keyTwo}</arg>
<doc>Fails if ``key`` is not found from ``dictionary``.</doc>
<status status="PASS" start="2024-05-27T15:16:24.724309" elapsed="0.000416"/>
</kw>
<kw name="Dictionary Should Contain Key" owner="Collections">
<msg time="2024-05-27T15:16:24.725387" level="INFO">False</msg>
<arg>${json_data['results'][0]['login']}</arg>
<arg>${keyTwo}</arg>
<doc>Fails if ``key`` is not found from ``dictionary``.</doc>
<status status="PASS" start="2024-05-27T15:16:24.725016" elapsed="0.000408"/>
</kw>
<kw name="Log" owner="BuiltIn">
<msg time="2024-05-27T15:16:24.725875" level="INFO">username</msg>
<arg>${keyTwo}</arg>
<doc>Logs the given message with the given level.</doc>
<status status="PASS" start="2024-05-27T15:16:24.725736" elapsed="0.000176"/>
</kw>
<var name="${keyTwo}">username</var>
<status status="PASS" start="2024-05-27T15:16:24.724198" elapsed="0.001925"/>
</iter>
<iter>
<kw name="Dictionary Should Contain Key" owner="Collections">
<msg time="2024-05-27T15:16:24.726784" level="INFO">False</msg>
<arg>${json_data['results'][0]['login']}</arg>
<arg>${keyTwo}</arg>
<doc>Fails if ``key`` is not found from ``dictionary``.</doc>
<status status="PASS" start="2024-05-27T15:16:24.726410" elapsed="0.000410"/>
</kw>
<kw name="Dictionary Should Contain Key" owner="Collections">
<msg time="2024-05-27T15:16:24.727488" level="INFO">False</msg>
<arg>${json_data['results'][0]['login']}</arg>
<arg>${keyTwo}</arg>
<doc>Fails if ``key`` is not found from ``dictionary``.</doc>
<status status="PASS" start="2024-05-27T15:16:24.727110" elapsed="0.000414"/>
</kw>
<kw name="Log" owner="BuiltIn">
<msg time="2024-05-27T15:16:24.727939" level="INFO">password</msg>
<arg>${keyTwo}</arg>
<doc>Logs the given message with the given level.</doc>
<status status="PASS" start="2024-05-27T15:16:24.727814" elapsed="0.000161"/>
</kw>
<var name="${keyTwo}">password</var>
<status status="PASS" start="2024-05-27T15:16:24.726295" elapsed="0.001893"/>
</iter>
<var>${keyTwo}</var>
<value>@{expected_keysTwo}</value>
<status status="PASS" start="2024-05-27T15:16:24.724045" elapsed="0.004261"/>
</for>
<status status="PASS" start="2024-05-27T15:16:24.251935" elapsed="0.476509"/>
</kw>
<doc>Testa a estrutura da resposta da API.</doc>
<tag>testeEstruturaResposta</tag>
<status status="PASS" start="2024-05-27T15:16:24.251352" elapsed="0.477247"/>
</test>
<test id="s1-s1-t4" name="Validar tipos de dados" line="28">
<kw name="Teste de Tipos de Dados" owner="random-user-service">
<kw name="GET On Session" owner="RequestsLibrary">
<msg time="2024-05-27T15:16:24.906655" level="INFO">GET Request : url=https://randomuser.me/api 
 path_url=/api 
 headers={'User-Agent': 'python-requests/2.32.2', 'Accept-Encoding': 'gzip, deflate', 'Accept': '*/*', 'Connection': 'keep-alive'} 
 body=None 
 </msg>
<msg time="2024-05-27T15:16:24.906755" level="INFO">GET Response : url=https://randomuser.me/api 
 status=200, reason=OK 
 headers={'Date': 'Mon, 27 May 2024 15:16:24 GMT', 'Content-Type': 'application/json; charset=utf-8', 'Transfer-Encoding': 'chunked', 'Connection': 'keep-alive', 'X-Powered-By': 'Express', 'Access-Control-Allow-Origin': '*', 'Cache-Control': 'no-cache', 'ETag': 'W/"490-9ntj9mBMD8yRJ/NHalDqDIWK9Q0"', 'Vary': 'Accept-Encoding', 'Content-Encoding': 'gzip', 'CF-Cache-Status': 'DYNAMIC', 'Report-To': '{"endpoints":[{"url":"https:\\/\\/a.nel.cloudflare.com\\/report\\/v4?s=8RNMhWwy5yIhonWX3mDk9QvQnCvYMxB1N7fZgusW5N5thSQBoWXkbRttufY0D%2B6agd4d%2B3OkQQa2NhI8yGEjxW9GWkvaoACpZnRK6tcbc6QKEjjgiCbmdXJ4FwVEPFRg"}],"group":"cf-nel","max_age":604800}', 'NEL': '{"success_fraction":0,"report_to":"cf-nel","max_age":604800}', 'Server': 'cloudflare', 'CF-RAY': '88a6f7469d409840-SJC', 'alt-svc': 'h3=":443"; ma=86400'} 
 body={"results":[{"gender":"male","name":{"title":"Mr","first":"محمدامين","last":"حیدری"},"location":{"street":{"number":5350,"name":"میدان صادقیه"},"city":"زاهدان","state":"کرمان","country":"Iran","postcode":48196,"coordinates":{"latitude":"15.8508","longitude":"-5.4590"},"timezone":{"offset":"-1:00","description":"Azores, Cape Verde Islands"}},"email":"mhmdmyn.hydry@example.com","login":{"uuid":"b268c7d6-d632-497b-91b9-23156381ac86","username":"redmouse254","password":"aramis","salt":"2yoiJCR2","md5":"f971747c2216e81be5732ab1c12c7738","sha1":"f771e8ce649c7d4e91a0fbe91ad031fb9a250511","sha256":"03221be1dea20682b184bc59e2a2cbc105c9779c90b75d8c1afc7803ce4f3bd4"},"dob":{"date":"1958-10-26T10:13:52.662Z","age":65},"registered":{"date":"2003-07-11T18:48:35.538Z","age":20},"phone":"042-50675382","cell":"0927-304-4074","id":{"name":"","value":null},"picture":{"large":"https://randomuser.me/api/portraits/men/33.jpg","medium":"https://randomuser.me/api/portraits/med/men/33.jpg","thumbnail":"https://randomuser.me/api/portraits/thumb/men/33.jpg"},"nat":"IR"}],"info":{"seed":"f6590095f581f021","results":1,"page":1,"version":"1.4"}} 
 </msg>
<msg time="2024-05-27T15:16:24.906831" level="INFO">/opt/hostedtoolcache/Python/3.12.3/x64/lib/python3.12/site-packages/urllib3/connectionpool.py:1103: InsecureRequestWarning: Unverified HTTPS request is being made to host 'randomuser.me'. Adding certificate verification is strongly advised. See: https://urllib3.readthedocs.io/en/latest/advanced-usage.html#tls-warnings
  warnings.warn(</msg>
<msg time="2024-05-27T15:16:24.906967" level="INFO">${response} = &lt;Response [200]&gt;</msg>
<var>${response}</var>
<arg>consultarAPI</arg>
<arg>/api</arg>
<doc>Sends a GET request on a previously created HTTP Session.</doc>
<status status="PASS" start="2024-05-27T15:16:24.731133" elapsed="0.175873"/>
</kw>
<kw name="Set Variable" owner="BuiltIn">
<msg time="2024-05-27T15:16:24.908077" level="INFO">${json_data} = {'results': [{'gender': 'male', 'name': {'title': 'Mr', 'first': 'محمدامين', 'last': 'حیدری'}, 'location': {'street': {'number': 5350, 'name': 'میدان صادقیه'}, 'city': 'زاهدان', 'state': 'کرمان', 'cou...</msg>
<var>${json_data}</var>
<arg>${response.json()}</arg>
<doc>Returns the given values which can then be assigned to a variables.</doc>
<status status="PASS" start="2024-05-27T15:16:24.907557" elapsed="0.000550"/>
</kw>
<kw name="Log" owner="BuiltIn">
<msg time="2024-05-27T15:16:24.908578" level="INFO">{'results': [{'gender': 'male', 'name': {'title': 'Mr', 'first': 'محمدامين', 'last': 'حیدری'}, 'location': {'street': {'number': 5350, 'name': 'میدان صادقیه'}, 'city': 'زاهدان', 'state': 'کرمان', 'country': 'Iran', 'postcode': 48196, 'coordinates': {'latitude': '15.8508', 'longitude': '-5.4590'}, 'timezone': {'offset': '-1:00', 'description': 'Azores, Cape Verde Islands'}}, 'email': 'mhmdmyn.hydry@example.com', 'login': {'uuid': 'b268c7d6-d632-497b-91b9-23156381ac86', 'username': 'redmouse254', 'password': 'aramis', 'salt': '2yoiJCR2', 'md5': 'f971747c2216e81be5732ab1c12c7738', 'sha1': 'f771e8ce649c7d4e91a0fbe91ad031fb9a250511', 'sha256': '03221be1dea20682b184bc59e2a2cbc105c9779c90b75d8c1afc7803ce4f3bd4'}, 'dob': {'date': '1958-10-26T10:13:52.662Z', 'age': 65}, 'registered': {'date': '2003-07-11T18:48:35.538Z', 'age': 20}, 'phone': '042-50675382', 'cell': '0927-304-4074', 'id': {'name': '', 'value': None}, 'picture': {'large': 'https://randomuser.me/api/portraits/men/33.jpg', 'medium': 'https://randomuser.me/api/portraits/med/men/33.jpg', 'thumbnail': 'https://randomuser.me/api/portraits/thumb/men/33.jpg'}, 'nat': 'IR'}], 'info': {'seed': 'f6590095f581f021', 'results': 1, 'page': 1, 'version': '1.4'}}</msg>
<arg>${json_data}</arg>
<doc>Logs the given message with the given level.</doc>
<status status="PASS" start="2024-05-27T15:16:24.908416" elapsed="0.000251"/>
</kw>
<kw name="Should Be String" owner="String">
<arg>${json_data['results'][0]['gender']}</arg>
<doc>Fails if the given ``item`` is not a string.</doc>
<status status="PASS" start="2024-05-27T15:16:24.908967" elapsed="0.000370"/>
</kw>
<kw name="Should Match Regexp" owner="BuiltIn">
<arg>${json_data['results'][0]['email']}</arg>
<arg>^[a-zA-Z0-9._%+-]+@[a-zA-Z0-9.-]+\.[a-zA-Z]{2,}$</arg>
<doc>Fails if ``string`` does not match ``pattern`` as a regular expression.</doc>
<status status="PASS" start="2024-05-27T15:16:24.909527" elapsed="0.000705"/>
</kw>
<kw name="Should Match Regexp" owner="BuiltIn">
<arg>${json_data['results'][0]['dob']['date']}</arg>
<arg>\\d{4}-\\d{2}-\\d{2}T\\d{2}:\\d{2}:\\d{2}\\.\\d{3}Z</arg>
<doc>Fails if ``string`` does not match ``pattern`` as a regular expression.</doc>
<status status="PASS" start="2024-05-27T15:16:24.910432" elapsed="0.000485"/>
</kw>
<kw name="Should Match Regexp" owner="BuiltIn">
<arg>${json_data['results'][0]['registered']['date']}</arg>
<arg>\\d{4}-\\d{2}-\\d{2}T\\d{2}:\\d{2}:\\d{2}\\.\\d{3}Z</arg>
<doc>Fails if ``string`` does not match ``pattern`` as a regular expression.</doc>
<status status="PASS" start="2024-05-27T15:16:24.911110" elapsed="0.000364"/>
</kw>
<kw name="Should Match Regexp" owner="BuiltIn">
<arg>${json_data['results'][0]['picture']['large']}</arg>
<arg>^https?://.*\.(?:png|jpe?g|gif|bmp)$</arg>
<doc>Fails if ``string`` does not match ``pattern`` as a regular expression.</doc>
<status status="PASS" start="2024-05-27T15:16:24.911660" elapsed="0.000464"/>
</kw>
<kw name="Should Match Regexp" owner="BuiltIn">
<arg>${json_data['results'][0]['picture']['medium']}</arg>
<arg>^https?://.*\.(?:png|jpe?g|gif|bmp)$</arg>
<doc>Fails if ``string`` does not match ``pattern`` as a regular expression.</doc>
<status status="PASS" start="2024-05-27T15:16:24.912313" elapsed="0.000347"/>
</kw>
<kw name="Should Match Regexp" owner="BuiltIn">
<arg>${json_data['results'][0]['picture']['thumbnail']}</arg>
<arg>^https?://.*\.(?:png|jpe?g|gif|bmp)$</arg>
<doc>Fails if ``string`` does not match ``pattern`` as a regular expression.</doc>
<status status="PASS" start="2024-05-27T15:16:24.912843" elapsed="0.000339"/>
</kw>
<kw name="Log" owner="BuiltIn">
<msg time="2024-05-27T15:16:24.913709" level="INFO">{'large': 'https://randomuser.me/api/portraits/men/33.jpg', 'medium': 'https://randomuser.me/api/portraits/med/men/33.jpg', 'thumbnail': 'https://randomuser.me/api/portraits/thumb/men/33.jpg'}</msg>
<arg>${json_data['results'][0]['picture']}</arg>
<doc>Logs the given message with the given level.</doc>
<status status="PASS" start="2024-05-27T15:16:24.913363" elapsed="0.000387"/>
</kw>
<status status="PASS" start="2024-05-27T15:16:24.730902" elapsed="0.183109"/>
</kw>
<kw name="Teste de Tipos de Dados - Postcode" owner="random-user-service">
<kw name="GET On Session" owner="RequestsLibrary">
<msg time="2024-05-27T15:16:25.001053" level="INFO">GET Request : url=https://randomuser.me/api 
 path_url=/api 
 headers={'User-Agent': 'python-requests/2.32.2', 'Accept-Encoding': 'gzip, deflate', 'Accept': '*/*', 'Connection': 'keep-alive'} 
 body=None 
 </msg>
<msg time="2024-05-27T15:16:25.001155" level="INFO">GET Response : url=https://randomuser.me/api 
 status=200, reason=OK 
 headers={'Date': 'Mon, 27 May 2024 15:16:25 GMT', 'Content-Type': 'application/json; charset=utf-8', 'Transfer-Encoding': 'chunked', 'Connection': 'keep-alive', 'X-Powered-By': 'Express', 'Access-Control-Allow-Origin': '*', 'Cache-Control': 'no-cache', 'ETag': 'W/"48b-+GuAvl+oWmvpZ2DRFkt3ShLeXNk"', 'Vary': 'Accept-Encoding', 'Content-Encoding': 'gzip', 'CF-Cache-Status': 'DYNAMIC', 'Report-To': '{"endpoints":[{"url":"https:\\/\\/a.nel.cloudflare.com\\/report\\/v4?s=U%2BA1%2BcqDkp%2FqIFUowDpB0hwOWz2X9fjI62fGvt2gUhOJz%2F1fJ2QCwvWK0IM1K2OGDH3oxO3qyVkBLY5XDrbb5o7WgkvxAh3OQVu7ZKJRjbVRMgumfXvr6gaZ9a6LPHjj"}],"group":"cf-nel","max_age":604800}', 'NEL': '{"success_fraction":0,"report_to":"cf-nel","max_age":604800}', 'Server': 'cloudflare', 'CF-RAY': '88a6f747bdfb9840-SJC', 'alt-svc': 'h3=":443"; ma=86400'} 
 body={"results":[{"gender":"male","name":{"title":"Mr","first":"علی","last":"محمدخان"},"location":{"street":{"number":4960,"name":"میدان حر"},"city":"سبزوار","state":"قم","country":"Iran","postcode":52831,"coordinates":{"latitude":"18.6671","longitude":"-179.4995"},"timezone":{"offset":"+11:00","description":"Magadan, Solomon Islands, New Caledonia"}},"email":"aaly.mhmdkhn@example.com","login":{"uuid":"99f7b897-3499-43f3-8252-a66f0861ab94","username":"greendog708","password":"birgit","salt":"psLJo9na","md5":"4f3b7d4b4fab268aa3b4762d6ddb3398","sha1":"bb4325cff1754a0ca02c0f3e49f8dfdf9d3f6a9e","sha256":"74df7aaa3b6f40212cd89bba60d417e96415290105329f7be700467a5dcc8dcd"},"dob":{"date":"1966-11-27T16:15:18.076Z","age":57},"registered":{"date":"2010-01-13T02:43:19.712Z","age":14},"phone":"005-30675224","cell":"0914-448-7663","id":{"name":"","value":null},"picture":{"large":"https://randomuser.me/api/portraits/men/98.jpg","medium":"https://randomuser.me/api/portraits/med/men/98.jpg","thumbnail":"https://randomuser.me/api/portraits/thumb/men/98.jpg"},"nat":"IR"}],"info":{"seed":"499606974030b381","results":1,"page":1,"version":"1.4"}} 
 </msg>
<msg time="2024-05-27T15:16:25.001236" level="INFO">/opt/hostedtoolcache/Python/3.12.3/x64/lib/python3.12/site-packages/urllib3/connectionpool.py:1103: InsecureRequestWarning: Unverified HTTPS request is being made to host 'randomuser.me'. Adding certificate verification is strongly advised. See: https://urllib3.readthedocs.io/en/latest/advanced-usage.html#tls-warnings
  warnings.warn(</msg>
<msg time="2024-05-27T15:16:25.001371" level="INFO">${response} = &lt;Response [200]&gt;</msg>
<var>${response}</var>
<arg>consultarAPI</arg>
<arg>/api</arg>
<doc>Sends a GET request on a previously created HTTP Session.</doc>
<status status="PASS" start="2024-05-27T15:16:24.914469" elapsed="0.086945"/>
</kw>
<kw name="Set Variable" owner="BuiltIn">
<msg time="2024-05-27T15:16:25.002758" level="INFO">${json_data} = {'results': [{'gender': 'male', 'name': {'title': 'Mr', 'first': 'علی', 'last': 'محمدخان'}, 'location': {'street': {'number': 4960, 'name': 'میدان حر'}, 'city': 'سبزوار', 'state': 'قم', 'country': 'Ir...</msg>
<var>${json_data}</var>
<arg>${response.json()}</arg>
<doc>Returns the given values which can then be assigned to a variables.</doc>
<status status="PASS" start="2024-05-27T15:16:25.002141" elapsed="0.000648"/>
</kw>
<kw name="Log" owner="BuiltIn">
<msg time="2024-05-27T15:16:25.003269" level="INFO">{'results': [{'gender': 'male', 'name': {'title': 'Mr', 'first': 'علی', 'last': 'محمدخان'}, 'location': {'street': {'number': 4960, 'name': 'میدان حر'}, 'city': 'سبزوار', 'state': 'قم', 'country': 'Iran', 'postcode': 52831, 'coordinates': {'latitude': '18.6671', 'longitude': '-179.4995'}, 'timezone': {'offset': '+11:00', 'description': 'Magadan, Solomon Islands, New Caledonia'}}, 'email': 'aaly.mhmdkhn@example.com', 'login': {'uuid': '99f7b897-3499-43f3-8252-a66f0861ab94', 'username': 'greendog708', 'password': 'birgit', 'salt': 'psLJo9na', 'md5': '4f3b7d4b4fab268aa3b4762d6ddb3398', 'sha1': 'bb4325cff1754a0ca02c0f3e49f8dfdf9d3f6a9e', 'sha256': '74df7aaa3b6f40212cd89bba60d417e96415290105329f7be700467a5dcc8dcd'}, 'dob': {'date': '1966-11-27T16:15:18.076Z', 'age': 57}, 'registered': {'date': '2010-01-13T02:43:19.712Z', 'age': 14}, 'phone': '005-30675224', 'cell': '0914-448-7663', 'id': {'name': '', 'value': None}, 'picture': {'large': 'https://randomuser.me/api/portraits/men/98.jpg', 'medium': 'https://randomuser.me/api/portraits/med/men/98.jpg', 'thumbnail': 'https://randomuser.me/api/portraits/thumb/men/98.jpg'}, 'nat': 'IR'}], 'info': {'seed': '499606974030b381', 'results': 1, 'page': 1, 'version': '1.4'}}</msg>
<arg>${json_data}</arg>
<doc>Logs the given message with the given level.</doc>
<status status="PASS" start="2024-05-27T15:16:25.003108" elapsed="0.000248"/>
</kw>
<kw name="Should Be Equal As Numbers" owner="BuiltIn">
<arg>${json_data['results'][0]['location']['postcode']}</arg>
<arg>${json_data['results'][0]['location']['postcode']}</arg>
<doc>Fails if objects are unequal after converting them to real numbers.</doc>
<status status="PASS" start="2024-05-27T15:16:25.003661" elapsed="0.000635"/>
</kw>
<kw name="Log" owner="BuiltIn">
<msg time="2024-05-27T15:16:25.004836" level="INFO">52831</msg>
<arg>${json_data['results'][0]['location']['postcode']}</arg>
<doc>Logs the given message with the given level.</doc>
<status status="PASS" start="2024-05-27T15:16:25.004488" elapsed="0.000390"/>
</kw>
<status status="PASS" start="2024-05-27T15:16:24.914234" elapsed="0.090905"/>
</kw>
<doc>Testa se os tipos de dados na resposta da API estão corretos.</doc>
<tag>testeTiposDados</tag>
<status status="PASS" start="2024-05-27T15:16:24.730439" elapsed="0.274870"/>
</test>
<test id="s1-s1-t5" name="Validar conteudo" line="35">
<kw name="Teste de Tipos de Conteudo" owner="random-user-service">
<kw name="GET On Session" owner="RequestsLibrary">
<msg time="2024-05-27T15:16:25.300273" level="INFO">GET Request : url=https://randomuser.me/api 
 path_url=/api 
 headers={'User-Agent': 'python-requests/2.32.2', 'Accept-Encoding': 'gzip, deflate', 'Accept': '*/*', 'Connection': 'keep-alive'} 
 body=None 
 </msg>
<msg time="2024-05-27T15:16:25.300405" level="INFO">GET Response : url=https://randomuser.me/api 
 status=200, reason=OK 
 headers={'Date': 'Mon, 27 May 2024 15:16:25 GMT', 'Content-Type': 'application/json; charset=utf-8', 'Transfer-Encoding': 'chunked', 'Connection': 'keep-alive', 'X-Powered-By': 'Express', 'Access-Control-Allow-Origin': '*', 'Cache-Control': 'no-cache', 'ETag': 'W/"498-rHRl4KH/Jv8eCLljtoHyfyQ4evA"', 'Vary': 'Accept-Encoding', 'Content-Encoding': 'gzip', 'CF-Cache-Status': 'DYNAMIC', 'Report-To': '{"endpoints":[{"url":"https:\\/\\/a.nel.cloudflare.com\\/report\\/v4?s=SBm79xYpUYpmGlpMRA7gQw0ksV8KwqPFj4UNGWYrM96c1X9oo8lA2E4THAaMwqDU9%2FAik46WbChhXtRBuWSpg2Scef5Lb6782H9hXkyddYm1lVMjELRLMzyi%2FsEvfmUV"}],"group":"cf-nel","max_age":604800}', 'NEL': '{"success_fraction":0,"report_to":"cf-nel","max_age":604800}', 'Server': 'cloudflare', 'CF-RAY': '88a6f7485e3f9840-SJC', 'alt-svc': 'h3=":443"; ma=86400'} 
 body={"results":[{"gender":"male","name":{"title":"Mr","first":"عباس","last":"کامروا"},"location":{"street":{"number":3099,"name":"میدان ولیعصر (عج)"},"city":"ارومیه","state":"گلستان","country":"Iran","postcode":24832,"coordinates":{"latitude":"20.1632","longitude":"-57.5393"},"timezone":{"offset":"-3:00","description":"Brazil, Buenos Aires, Georgetown"}},"email":"aabs.khmrw@example.com","login":{"uuid":"9d54c1e2-6887-4823-9da7-e8e624832f9a","username":"redladybug939","password":"spirit","salt":"AIGEIlpf","md5":"25218b469dd58d66992222e4f2f3f03d","sha1":"d38dcf47accafc819b787df105e0cca633427ccd","sha256":"ff7e9dccabdcfe023e55efdf9ca68addad93f706d38e0c0bcc06b6f5390bf54f"},"dob":{"date":"1973-04-22T20:45:55.737Z","age":51},"registered":{"date":"2020-04-23T10:51:32.738Z","age":4},"phone":"012-52195609","cell":"0988-469-2324","id":{"name":"","value":null},"picture":{"large":"https://randomuser.me/api/portraits/men/40.jpg","medium":"https://randomuser.me/api/portraits/med/men/40.jpg","thumbnail":"https://randomuser.me/api/portraits/thumb/men/40.jpg"},"nat":"IR"}],"info":{"seed":"856b5d572880f51b","results":1,"page":1,"version":"1.4"}} 
 </msg>
<msg time="2024-05-27T15:16:25.300499" level="INFO">/opt/hostedtoolcache/Python/3.12.3/x64/lib/python3.12/site-packages/urllib3/connectionpool.py:1103: InsecureRequestWarning: Unverified HTTPS request is being made to host 'randomuser.me'. Adding certificate verification is strongly advised. See: https://urllib3.readthedocs.io/en/latest/advanced-usage.html#tls-warnings
  warnings.warn(</msg>
<msg time="2024-05-27T15:16:25.300654" level="INFO">${response} = &lt;Response [200]&gt;</msg>
<var>${response}</var>
<arg>consultarAPI</arg>
<arg>/api</arg>
<doc>Sends a GET request on a previously created HTTP Session.</doc>
<status status="PASS" start="2024-05-27T15:16:25.007896" elapsed="0.292801"/>
</kw>
<kw name="Set Variable" owner="BuiltIn">
<msg time="2024-05-27T15:16:25.302126" level="INFO">${json_data} = {'results': [{'gender': 'male', 'name': {'title': 'Mr', 'first': 'عباس', 'last': 'کامروا'}, 'location': {'street': {'number': 3099, 'name': 'میدان ولیعصر (عج)'}, 'city': 'ارومیه', 'state': 'گلستان', '...</msg>
<var>${json_data}</var>
<arg>${response.json()}</arg>
<doc>Returns the given values which can then be assigned to a variables.</doc>
<status status="PASS" start="2024-05-27T15:16:25.301447" elapsed="0.000711"/>
</kw>
<kw name="Set Variable" owner="BuiltIn">
<msg time="2024-05-27T15:16:25.302855" level="INFO">${name_title} = Mr</msg>
<var>${name_title}</var>
<arg>${json_data["results"][0]["name"]["title"]}</arg>
<doc>Returns the given values which can then be assigned to a variables.</doc>
<status status="PASS" start="2024-05-27T15:16:25.302467" elapsed="0.000414"/>
</kw>
<kw name="Create List" owner="BuiltIn">
<msg time="2024-05-27T15:16:25.303330" level="INFO">${allowed_titles} = ['Mr', 'Ms', 'Miss', 'Mrs', 'Madame', 'Monsieur']</msg>
<var>${allowed_titles}</var>
<arg>Mr</arg>
<arg>Ms</arg>
<arg>Miss</arg>
<arg>Mrs</arg>
<arg>Madame</arg>
<arg>Monsieur</arg>
<doc>Returns a list containing given items.</doc>
<status status="PASS" start="2024-05-27T15:16:25.303181" elapsed="0.000173"/>
</kw>
<kw name="List Should Contain Value" owner="Collections">
<msg time="2024-05-27T15:16:25.303833" level="INFO">False</msg>
<arg>${allowed_titles}</arg>
<arg>${name_title}</arg>
<doc>Fails if the ``value`` is not found from ``list``.</doc>
<status status="PASS" start="2024-05-27T15:16:25.303655" elapsed="0.000215"/>
</kw>
<kw name="Set Variable" owner="BuiltIn">
<msg time="2024-05-27T15:16:25.304741" level="INFO">${name_country} = IR</msg>
<var>${name_country}</var>
<arg>${json_data["results"][0]["nat"]}</arg>
<doc>Returns the given values which can then be assigned to a variables.</doc>
<status status="PASS" start="2024-05-27T15:16:25.304171" elapsed="0.000596"/>
</kw>
<kw name="Create List" owner="BuiltIn">
<msg time="2024-05-27T15:16:25.305714" level="INFO">${list_country} = ['AD', 'AE', 'AF', 'AG', 'AI', 'AL', 'AM', 'AO', 'AQ', 'AR', 'AS', 'AT', 'AU', 'AW', 'AX', 'AZ', 'BA', 'BB', 'BD', 'BE', 'BF', 'BG', 'BH', 'BI', 'BJ', 'BL', 'BM', 'BN', 'BO', 'BQ', 'BR', 'BS', 'BT', '...</msg>
<var>${list_country}</var>
<arg>AD</arg>
<arg>AE</arg>
<arg>AF</arg>
<arg>AG</arg>
<arg>AI</arg>
<arg>AL</arg>
<arg>AM</arg>
<arg>AO</arg>
<arg>AQ</arg>
<arg>AR</arg>
<arg>AS</arg>
<arg>AT</arg>
<arg>AU</arg>
<arg>AW</arg>
<arg>AX</arg>
<arg>AZ</arg>
<arg>BA</arg>
<arg>BB</arg>
<arg>BD</arg>
<arg>BE</arg>
<arg>BF</arg>
<arg>BG</arg>
<arg>BH</arg>
<arg>BI</arg>
<arg>BJ</arg>
<arg>BL</arg>
<arg>BM</arg>
<arg>BN</arg>
<arg>BO</arg>
<arg>BQ</arg>
<arg>BR</arg>
<arg>BS</arg>
<arg>BT</arg>
<arg>BV</arg>
<arg>BW</arg>
<arg>BY</arg>
<arg>BZ</arg>
<arg>CA</arg>
<arg>CC</arg>
<arg>CD</arg>
<arg>CF</arg>
<arg>CG</arg>
<arg>CH</arg>
<arg>CI</arg>
<arg>CK</arg>
<arg>CL</arg>
<arg>CM</arg>
<arg>CN</arg>
<arg>CO</arg>
<arg>CR</arg>
<arg>CU</arg>
<arg>CV</arg>
<arg>CW</arg>
<arg>CX</arg>
<arg>CY</arg>
<arg>CZ</arg>
<arg>DE</arg>
<arg>DJ</arg>
<arg>DK</arg>
<arg>DM</arg>
<arg>DO</arg>
<arg>DZ</arg>
<arg>EC</arg>
<arg>EE</arg>
<arg>EG</arg>
<arg>EH</arg>
<arg>ER</arg>
<arg>ES</arg>
<arg>ET</arg>
<arg>FI</arg>
<arg>FJ</arg>
<arg>FK</arg>
<arg>FM</arg>
<arg>FO</arg>
<arg>FR</arg>
<arg>GA</arg>
<arg>GB</arg>
<arg>GD</arg>
<arg>GE</arg>
<arg>GF</arg>
<arg>GG</arg>
<arg>GH</arg>
<arg>GI</arg>
<arg>GL</arg>
<arg>GM</arg>
<arg>GN</arg>
<arg>GP</arg>
<arg>GQ</arg>
<arg>GR</arg>
<arg>GS</arg>
<arg>GT</arg>
<arg>GU</arg>
<arg>GW</arg>
<arg>GY</arg>
<arg>HK</arg>
<arg>HM</arg>
<arg>HN</arg>
<arg>HR</arg>
<arg>HT</arg>
<arg>HU</arg>
<arg>ID</arg>
<arg>IE</arg>
<arg>IL</arg>
<arg>IM</arg>
<arg>IN</arg>
<arg>IO</arg>
<arg>IQ</arg>
<arg>IR</arg>
<arg>IS</arg>
<arg>IT</arg>
<arg>JE</arg>
<arg>JM</arg>
<arg>JO</arg>
<arg>JP</arg>
<arg>KE</arg>
<arg>KG</arg>
<arg>KH</arg>
<arg>KI</arg>
<arg>KM</arg>
<arg>KN</arg>
<arg>KP</arg>
<arg>KR</arg>
<arg>KW</arg>
<arg>KY</arg>
<arg>KZ</arg>
<arg>LA</arg>
<arg>LB</arg>
<arg>LC</arg>
<arg>LI</arg>
<arg>LK</arg>
<arg>LR</arg>
<arg>LS</arg>
<arg>LT</arg>
<arg>LU</arg>
<arg>LV</arg>
<arg>LY</arg>
<arg>MA</arg>
<arg>MC</arg>
<arg>MD</arg>
<arg>ME</arg>
<arg>MF</arg>
<arg>MG</arg>
<arg>MH</arg>
<arg>MK</arg>
<arg>ML</arg>
<arg>MM</arg>
<arg>MN</arg>
<arg>MO</arg>
<arg>MP</arg>
<arg>MQ</arg>
<arg>MR</arg>
<arg>MS</arg>
<arg>MT</arg>
<arg>MU</arg>
<arg>MV</arg>
<arg>MW</arg>
<arg>MX</arg>
<arg>MY</arg>
<arg>MZ</arg>
<arg>NA</arg>
<arg>NC</arg>
<arg>NE</arg>
<arg>NF</arg>
<arg>NG</arg>
<arg>NI</arg>
<arg>NL</arg>
<arg>NO</arg>
<arg>NP</arg>
<arg>NR</arg>
<arg>NU</arg>
<arg>NZ</arg>
<arg>OM</arg>
<arg>PA</arg>
<arg>PE</arg>
<arg>PF</arg>
<arg>PG</arg>
<arg>PH</arg>
<arg>PK</arg>
<arg>PL</arg>
<arg>PM</arg>
<arg>PN</arg>
<arg>PR</arg>
<arg>PS</arg>
<arg>PT</arg>
<arg>PW</arg>
<arg>PY</arg>
<arg>QA</arg>
<arg>RE</arg>
<arg>RO</arg>
<arg>RS</arg>
<arg>RU</arg>
<arg>RW</arg>
<arg>SA</arg>
<arg>SB</arg>
<arg>SC</arg>
<arg>SD</arg>
<arg>SE</arg>
<arg>SG</arg>
<arg>SH</arg>
<arg>SI</arg>
<arg>SJ</arg>
<arg>SK</arg>
<arg>SL</arg>
<arg>SM</arg>
<arg>SN</arg>
<arg>SO</arg>
<arg>SR</arg>
<arg>SS</arg>
<arg>ST</arg>
<arg>SV</arg>
<arg>SX</arg>
<arg>SY</arg>
<arg>SZ</arg>
<arg>TC</arg>
<arg>TD</arg>
<arg>TF</arg>
<arg>TG</arg>
<arg>TH</arg>
<arg>TJ</arg>
<arg>TK</arg>
<arg>TL</arg>
<arg>TM</arg>
<arg>TN</arg>
<arg>TO</arg>
<arg>TR</arg>
<arg>TT</arg>
<arg>TV</arg>
<arg>TW</arg>
<arg>TZ</arg>
<arg>UA</arg>
<arg>UG</arg>
<arg>UM</arg>
<arg>US</arg>
<arg>UY</arg>
<arg>UZ</arg>
<arg>VA</arg>
<arg>VC</arg>
<arg>VE</arg>
<arg>VG</arg>
<arg>VI</arg>
<arg>VN</arg>
<arg>VU</arg>
<arg>WF</arg>
<arg>WS</arg>
<arg>XK</arg>
<arg>YE</arg>
<arg>YT</arg>
<arg>ZA</arg>
<arg>ZM</arg>
<arg>ZW</arg>
<doc>Returns a list containing given items.</doc>
<status status="PASS" start="2024-05-27T15:16:25.305079" elapsed="0.000665"/>
</kw>
<kw name="List Should Contain Value" owner="Collections">
<msg time="2024-05-27T15:16:25.306750" level="INFO">False</msg>
<arg>${list_country}</arg>
<arg>${name_country}</arg>
<doc>Fails if the ``value`` is not found from ``list``.</doc>
<status status="PASS" start="2024-05-27T15:16:25.306546" elapsed="0.000240"/>
</kw>
<kw name="Run Keyword If" owner="BuiltIn">
<kw name="Should Be True" owner="BuiltIn">
<arg>${True}</arg>
<doc>Fails if the given condition is not true.</doc>
<status status="PASS" start="2024-05-27T15:16:25.307858" elapsed="0.000145"/>
</kw>
<arg>${json_data["results"][0]["location"]["coordinates"]["latitude"]} &gt;= -90 and ${json_data["results"][0]["location"]["coordinates"]["latitude"]} &lt;= 90</arg>
<arg>Should Be True</arg>
<arg>${True}</arg>
<doc>Runs the given keyword with the given arguments, if ``condition`` is true.</doc>
<status status="PASS" start="2024-05-27T15:16:25.307105" elapsed="0.001023"/>
</kw>
<kw name="Run Keyword If" owner="BuiltIn">
<kw name="Should Be True" owner="BuiltIn">
<arg>${True}</arg>
<doc>Fails if the given condition is not true.</doc>
<status status="PASS" start="2024-05-27T15:16:25.308998" elapsed="0.000137"/>
</kw>
<arg>${json_data["results"][0]["location"]["coordinates"]["longitude"]} &gt;= -180 and ${json_data["results"][0]["location"]["coordinates"]["longitude"]} &lt;= 180</arg>
<arg>Should Be True</arg>
<arg>${True}</arg>
<doc>Runs the given keyword with the given arguments, if ``condition`` is true.</doc>
<status status="PASS" start="2024-05-27T15:16:25.308315" elapsed="0.000950"/>
</kw>
<status status="PASS" start="2024-05-27T15:16:25.007660" elapsed="0.301739"/>
</kw>
<doc>Testa o conteúdo específico dos campos retornados pela API.</doc>
<tag>testeConteudo</tag>
<status status="PASS" start="2024-05-27T15:16:25.007127" elapsed="0.302427"/>
</test>
<status status="PASS" start="2024-05-27T15:16:21.913772" elapsed="3.397866"/>
</suite>
<status status="PASS" start="2024-05-27T15:16:21.900292" elapsed="3.416728"/>
</suite>
<statistics>
<total>
<stat pass="5" fail="0" skip="0">All Tests</stat>
</total>
<tag>
<stat pass="1" fail="0" skip="0">testeConteudo</stat>
<stat pass="1" fail="0" skip="0">testeEstruturaResposta</stat>
<stat pass="1" fail="0" skip="0">testeRequisicaoBasica</stat>
<stat pass="1" fail="0" skip="0">testeTiposDados</stat>
</tag>
<suite>
<stat pass="5" fail="0" skip="0" id="s1" name="Tests">Tests</stat>
<stat pass="5" fail="0" skip="0" id="s1-s1" name="Random-User-Test">Tests.Random-User-Test</stat>
</suite>
</statistics>
<errors>
</errors>
</robot>
