<?xml version="1.0" encoding="UTF-8"?>
<robot generator="Robot 7.0.1 (Python 3.12.4 on linux)" generated="2024-07-16T01:08:57.816028" rpa="false" schemaversion="5">
<suite id="s1" name="Tests" source="/home/runner/work/ApiRandomUser/ApiRandomUser/RamdonUser/tests">
<suite id="s1-s1" name="Random-User-Test" source="/home/runner/work/ApiRandomUser/ApiRandomUser/RamdonUser/tests/random-user-test.robot">
<test id="s1-s1-t1" name="Conectar" line="13">
<kw name="Conectar API" owner="random-user-service">
<kw name="Create Session" owner="RequestsLibrary">
<msg time="2024-07-16T01:08:58.222293" level="INFO">Creating Session using : alias=consultarAPI, url=https://randomuser.me/, headers={},                     cookies={}, auth=None, timeout=None, proxies=None, verify=False,                     debug=0 </msg>
<arg>consultarAPI</arg>
<arg>${URL}</arg>
<doc>Create Session: create a HTTP session to a server</doc>
<status status="PASS" start="2024-07-16T01:08:58.222090" elapsed="0.000384"/>
</kw>
<status status="PASS" start="2024-07-16T01:08:58.221063" elapsed="0.001768"/>
</kw>
<status status="PASS" start="2024-07-16T01:08:58.220476" elapsed="0.002544"/>
</test>
<test id="s1-s1-t2" name="Validar retorno 200 e JSON Válido" line="16">
<kw name="Teste de Requisicao Basica" owner="random-user-service">
<kw name="GET On Session" owner="RequestsLibrary">
<msg time="2024-07-16T01:08:58.413711" level="INFO">GET Request : url=https://randomuser.me/api 
 path_url=/api 
 headers={'User-Agent': 'python-requests/2.32.3', 'Accept-Encoding': 'gzip, deflate', 'Accept': '*/*', 'Connection': 'keep-alive'} 
 body=None 
 </msg>
<msg time="2024-07-16T01:08:58.413861" level="INFO">GET Response : url=https://randomuser.me/api 
 status=200, reason=OK 
 headers={'Date': 'Tue, 16 Jul 2024 01:08:58 GMT', 'Content-Type': 'application/json; charset=utf-8', 'Transfer-Encoding': 'chunked', 'Connection': 'keep-alive', 'X-Powered-By': 'Express', 'Access-Control-Allow-Origin': '*', 'Cache-Control': 'no-cache', 'ETag': 'W/"49e-LMwWcU9nHZeSeU2eqnx3DRY3wfM"', 'Vary': 'Accept-Encoding', 'Content-Encoding': 'gzip', 'CF-Cache-Status': 'DYNAMIC', 'Report-To': '{"endpoints":[{"url":"https:\\/\\/a.nel.cloudflare.com\\/report\\/v4?s=ztBineB1377ZzfLfqA3x80e9cXA7bGnkGtPvaZjaovt4Nqh7%2FbF8zhL0mn1UtXBTukClDF88CpkuxQr4d8VjOr8tUAs92MKvPZ97FaOG87KrXruQcnaKVR%2FxsgDBwDiZ"}],"group":"cf-nel","max_age":604800}', 'NEL': '{"success_fraction":0,"report_to":"cf-nel","max_age":604800}', 'Server': 'cloudflare', 'CF-RAY': '8a3e1aa8c9da8f29-IAD', 'alt-svc': 'h3=":443"; ma=86400'} 
 body={"results":[{"gender":"female","name":{"title":"Miss","first":"Martha","last":"Morrison"},"location":{"street":{"number":1151,"name":"Rochestown Road"},"city":"Newcastle West","state":"Leitrim","country":"Ireland","postcode":88733,"coordinates":{"latitude":"0.6374","longitude":"78.6504"},"timezone":{"offset":"-4:00","description":"Atlantic Time (Canada), Caracas, La Paz"}},"email":"martha.morrison@example.com","login":{"uuid":"ba041bb8-d4a9-4837-a938-dfe30238e573","username":"orangesnake976","password":"cococo","salt":"pOIIlCQL","md5":"971025e7b7ef8745b4e12613395de036","sha1":"1ffba4f44a3d2092a0964e052501c501900951e5","sha256":"c591384829686179c696bbd588f28c63bc2f095fd43222342539557a894ebf50"},"dob":{"date":"1997-04-23T07:51:23.693Z","age":27},"registered":{"date":"2007-03-22T06:25:01.516Z","age":17},"phone":"021-259-3417","cell":"081-778-4932","id":{"name":"PPS","value":"4584440T"},"picture":{"large":"https://randomuser.me/api/portraits/women/1.jpg","medium":"https://randomuser.me/api/portraits/med/women/1.jpg","thumbnail":"https://randomuser.me/api/portraits/thumb/women/1.jpg"},"nat":"IE"}],"info":{"seed":"8c250a142c5098b0","results":1,"page":1,"version":"1.4"}} 
 </msg>
<msg time="2024-07-16T01:08:58.413976" level="INFO">/opt/hostedtoolcache/Python/3.12.4/x64/lib/python3.12/site-packages/urllib3/connectionpool.py:1099: InsecureRequestWarning: Unverified HTTPS request is being made to host 'randomuser.me'. Adding certificate verification is strongly advised. See: https://urllib3.readthedocs.io/en/latest/advanced-usage.html#tls-warnings
  warnings.warn(</msg>
<msg time="2024-07-16T01:08:58.414135" level="INFO">${response} = &lt;Response [200]&gt;</msg>
<var>${response}</var>
<arg>consultarAPI</arg>
<arg>/api</arg>
<doc>Sends a GET request on a previously created HTTP Session.</doc>
<status status="PASS" start="2024-07-16T01:08:58.225622" elapsed="0.188559"/>
</kw>
<kw name="Should Be Equal As Numbers" owner="BuiltIn">
<msg time="2024-07-16T01:08:58.415174" level="INFO">Argument types are:
&lt;class 'int'&gt;
&lt;class 'str'&gt;</msg>
<arg>${response.status_code}</arg>
<arg>200</arg>
<doc>Fails if objects are unequal after converting them to real numbers.</doc>
<status status="PASS" start="2024-07-16T01:08:58.414721" elapsed="0.000517"/>
</kw>
<kw name="Log" owner="BuiltIn">
<msg time="2024-07-16T01:08:58.415907" level="INFO">200</msg>
<arg>${response.status_code}</arg>
<doc>Logs the given message with the given level.</doc>
<status status="PASS" start="2024-07-16T01:08:58.415559" elapsed="0.000389"/>
</kw>
<kw name="Set Variable" owner="BuiltIn">
<msg time="2024-07-16T01:08:58.416670" level="INFO">${json_data} = {'results': [{'gender': 'female', 'name': {'title': 'Miss', 'first': 'Martha', 'last': 'Morrison'}, 'location': {'street': {'number': 1151, 'name': 'Rochestown Road'}, 'city': 'Newcastle West', 'state...</msg>
<var>${json_data}</var>
<arg>${response.json()}</arg>
<doc>Returns the given values which can then be assigned to a variables.</doc>
<status status="PASS" start="2024-07-16T01:08:58.416245" elapsed="0.000453"/>
</kw>
<kw name="Dictionary Should Contain Key" owner="Collections">
<arg>${json_data}</arg>
<arg>results</arg>
<doc>Fails if ``key`` is not found from ``dictionary``.</doc>
<status status="PASS" start="2024-07-16T01:08:58.416990" elapsed="0.000161"/>
</kw>
<status status="PASS" start="2024-07-16T01:08:58.225370" elapsed="0.191931"/>
</kw>
<doc>Testa se a API responde corretamente e retorna um objeto JSON válido.</doc>
<tag>testeRequisicaoBasica</tag>
<status status="PASS" start="2024-07-16T01:08:58.224907" elapsed="0.192574"/>
</test>
<test id="s1-s1-t3" name="Validar estrutura de resposta" line="22">
<kw name="Teste de Estrutura de Resposta" owner="random-user-service">
<kw name="GET On Session" owner="RequestsLibrary">
<msg time="2024-07-16T01:08:58.509299" level="INFO">GET Request : url=https://randomuser.me/api 
 path_url=/api 
 headers={'User-Agent': 'python-requests/2.32.3', 'Accept-Encoding': 'gzip, deflate', 'Accept': '*/*', 'Connection': 'keep-alive'} 
 body=None 
 </msg>
<msg time="2024-07-16T01:08:58.509386" level="INFO">GET Response : url=https://randomuser.me/api 
 status=200, reason=OK 
 headers={'Date': 'Tue, 16 Jul 2024 01:08:58 GMT', 'Content-Type': 'application/json; charset=utf-8', 'Transfer-Encoding': 'chunked', 'Connection': 'keep-alive', 'X-Powered-By': 'Express', 'Access-Control-Allow-Origin': '*', 'Cache-Control': 'no-cache', 'ETag': 'W/"45e-Wb5t7Sfpk3CxSn/N1dMffz09mDc"', 'Vary': 'Accept-Encoding', 'Content-Encoding': 'gzip', 'CF-Cache-Status': 'DYNAMIC', 'Report-To': '{"endpoints":[{"url":"https:\\/\\/a.nel.cloudflare.com\\/report\\/v4?s=b0%2Fbx5qRGMHADayk1%2FLFe8IOwrIslyIUGJeNo0pM7avyVUSTpdCR1WgD3eZ0ixzyF5d%2FOW84bt0koQ%2B36zBRAqhhy2nXhAyosx4QGlqFOR6V1Ayns5amV5EjVX%2FlPxzI"}],"group":"cf-nel","max_age":604800}', 'NEL': '{"success_fraction":0,"report_to":"cf-nel","max_age":604800}', 'Server': 'cloudflare', 'CF-RAY': '8a3e1aa92a4b8f29-IAD', 'alt-svc': 'h3=":443"; ma=86400'} 
 body={"results":[{"gender":"male","name":{"title":"Mr","first":"Çetin","last":"Taşlı"},"location":{"street":{"number":9557,"name":"Maçka Cd"},"city":"Ağrı","state":"İzmir","country":"Turkey","postcode":55982,"coordinates":{"latitude":"72.1473","longitude":"-27.8208"},"timezone":{"offset":"+3:30","description":"Tehran"}},"email":"cetin.tasli@example.com","login":{"uuid":"3c9fb068-6ae4-46e9-beae-a7e406551346","username":"purplewolf668","password":"together","salt":"xM5sy5LC","md5":"0ddec3d3ea5ee41867c22a5bb2055241","sha1":"965847146aee9414f034516bbd11df91bd93e8fe","sha256":"4163cf2c70cd303d48870c43446203b2e63379db231b24f81886522498992f61"},"dob":{"date":"1972-02-11T14:09:01.963Z","age":52},"registered":{"date":"2020-04-16T04:58:08.630Z","age":4},"phone":"(043)-312-3373","cell":"(015)-731-8235","id":{"name":"","value":null},"picture":{"large":"https://randomuser.me/api/portraits/men/25.jpg","medium":"https://randomuser.me/api/portraits/med/men/25.jpg","thumbnail":"https://randomuser.me/api/portraits/thumb/men/25.jpg"},"nat":"TR"}],"info":{"seed":"57a34e37327654dc","results":1,"page":1,"version":"1.4"}} 
 </msg>
<msg time="2024-07-16T01:08:58.509513" level="INFO">/opt/hostedtoolcache/Python/3.12.4/x64/lib/python3.12/site-packages/urllib3/connectionpool.py:1099: InsecureRequestWarning: Unverified HTTPS request is being made to host 'randomuser.me'. Adding certificate verification is strongly advised. See: https://urllib3.readthedocs.io/en/latest/advanced-usage.html#tls-warnings
  warnings.warn(</msg>
<msg time="2024-07-16T01:08:58.509647" level="INFO">${response} = &lt;Response [200]&gt;</msg>
<var>${response}</var>
<arg>consultarAPI</arg>
<arg>/api</arg>
<doc>Sends a GET request on a previously created HTTP Session.</doc>
<status status="PASS" start="2024-07-16T01:08:58.420082" elapsed="0.089606"/>
</kw>
<kw name="Set Variable" owner="BuiltIn">
<msg time="2024-07-16T01:08:58.510601" level="INFO">${json_data} = {'results': [{'gender': 'male', 'name': {'title': 'Mr', 'first': 'Çetin', 'last': 'Taşlı'}, 'location': {'street': {'number': 9557, 'name': 'Maçka Cd'}, 'city': 'Ağrı', 'state': 'İzmir', 'country': 'T...</msg>
<var>${json_data}</var>
<arg>${response.json()}</arg>
<doc>Returns the given values which can then be assigned to a variables.</doc>
<status status="PASS" start="2024-07-16T01:08:58.510137" elapsed="0.000495"/>
</kw>
<kw name="Log" owner="BuiltIn">
<msg time="2024-07-16T01:08:58.511101" level="INFO">{'results': [{'gender': 'male', 'name': {'title': 'Mr', 'first': 'Çetin', 'last': 'Taşlı'}, 'location': {'street': {'number': 9557, 'name': 'Maçka Cd'}, 'city': 'Ağrı', 'state': 'İzmir', 'country': 'Turkey', 'postcode': 55982, 'coordinates': {'latitude': '72.1473', 'longitude': '-27.8208'}, 'timezone': {'offset': '+3:30', 'description': 'Tehran'}}, 'email': 'cetin.tasli@example.com', 'login': {'uuid': '3c9fb068-6ae4-46e9-beae-a7e406551346', 'username': 'purplewolf668', 'password': 'together', 'salt': 'xM5sy5LC', 'md5': '0ddec3d3ea5ee41867c22a5bb2055241', 'sha1': '965847146aee9414f034516bbd11df91bd93e8fe', 'sha256': '4163cf2c70cd303d48870c43446203b2e63379db231b24f81886522498992f61'}, 'dob': {'date': '1972-02-11T14:09:01.963Z', 'age': 52}, 'registered': {'date': '2020-04-16T04:58:08.630Z', 'age': 4}, 'phone': '(043)-312-3373', 'cell': '(015)-731-8235', 'id': {'name': '', 'value': None}, 'picture': {'large': 'https://randomuser.me/api/portraits/men/25.jpg', 'medium': 'https://randomuser.me/api/portraits/med/men/25.jpg', 'thumbnail': 'https://randomuser.me/api/portraits/thumb/men/25.jpg'}, 'nat': 'TR'}], 'info': {'seed': '57a34e37327654dc', 'results': 1, 'page': 1, 'version': '1.4'}}</msg>
<arg>${json_data}</arg>
<doc>Logs the given message with the given level.</doc>
<status status="PASS" start="2024-07-16T01:08:58.510941" elapsed="0.000210"/>
</kw>
<kw name="Dictionary Should Contain Key" owner="Collections">
<arg>${json_data}</arg>
<arg>results</arg>
<doc>Fails if ``key`` is not found from ``dictionary``.</doc>
<status status="PASS" start="2024-07-16T01:08:58.511440" elapsed="0.000160"/>
</kw>
<kw name="Should Not Be Empty" owner="BuiltIn">
<msg time="2024-07-16T01:08:58.511906" level="INFO">Length is 2.</msg>
<arg>${json_data}</arg>
<doc>Verifies that the given item is not empty.</doc>
<status status="PASS" start="2024-07-16T01:08:58.511784" elapsed="0.000160"/>
</kw>
<kw name="Create List" owner="BuiltIn">
<msg time="2024-07-16T01:08:58.512389" level="INFO">${expected_keys} = ['gender', 'name', 'location', 'email', 'login']</msg>
<var>${expected_keys}</var>
<arg>gender</arg>
<arg>name</arg>
<arg>location</arg>
<arg>email</arg>
<arg>login</arg>
<doc>Returns a list containing given items.</doc>
<status status="PASS" start="2024-07-16T01:08:58.512240" elapsed="0.000173"/>
</kw>
<for flavor="IN">
<iter>
<kw name="Dictionary Should Contain Key" owner="Collections">
<arg>${json_data['results'][0]}</arg>
<arg>${key}</arg>
<doc>Fails if ``key`` is not found from ``dictionary``.</doc>
<status status="PASS" start="2024-07-16T01:08:58.513126" elapsed="0.000398"/>
</kw>
<kw name="Log" owner="BuiltIn">
<msg time="2024-07-16T01:08:58.514132" level="INFO">{'gender': 'male', 'name': {'title': 'Mr', 'first': 'Çetin', 'last': 'Taşlı'}, 'location': {'street': {'number': 9557, 'name': 'Maçka Cd'}, 'city': 'Ağrı', 'state': 'İzmir', 'country': 'Turkey', 'postcode': 55982, 'coordinates': {'latitude': '72.1473', 'longitude': '-27.8208'}, 'timezone': {'offset': '+3:30', 'description': 'Tehran'}}, 'email': 'cetin.tasli@example.com', 'login': {'uuid': '3c9fb068-6ae4-46e9-beae-a7e406551346', 'username': 'purplewolf668', 'password': 'together', 'salt': 'xM5sy5LC', 'md5': '0ddec3d3ea5ee41867c22a5bb2055241', 'sha1': '965847146aee9414f034516bbd11df91bd93e8fe', 'sha256': '4163cf2c70cd303d48870c43446203b2e63379db231b24f81886522498992f61'}, 'dob': {'date': '1972-02-11T14:09:01.963Z', 'age': 52}, 'registered': {'date': '2020-04-16T04:58:08.630Z', 'age': 4}, 'phone': '(043)-312-3373', 'cell': '(015)-731-8235', 'id': {'name': '', 'value': None}, 'picture': {'large': 'https://randomuser.me/api/portraits/men/25.jpg', 'medium': 'https://randomuser.me/api/portraits/med/men/25.jpg', 'thumbnail': 'https://randomuser.me/api/portraits/thumb/men/25.jpg'}, 'nat': 'TR'}</msg>
<arg>${json_data['results'][0]}</arg>
<doc>Logs the given message with the given level.</doc>
<status status="PASS" start="2024-07-16T01:08:58.513714" elapsed="0.000470"/>
</kw>
<kw name="Log" owner="BuiltIn">
<msg time="2024-07-16T01:08:58.514615" level="INFO">gender</msg>
<arg>${key}</arg>
<doc>Logs the given message with the given level.</doc>
<status status="PASS" start="2024-07-16T01:08:58.514487" elapsed="0.000166"/>
</kw>
<var name="${key}">gender</var>
<status status="PASS" start="2024-07-16T01:08:58.513004" elapsed="0.001867"/>
</iter>
<iter>
<kw name="Dictionary Should Contain Key" owner="Collections">
<arg>${json_data['results'][0]}</arg>
<arg>${key}</arg>
<doc>Fails if ``key`` is not found from ``dictionary``.</doc>
<status status="PASS" start="2024-07-16T01:08:58.515164" elapsed="0.000404"/>
</kw>
<kw name="Log" owner="BuiltIn">
<msg time="2024-07-16T01:08:58.516104" level="INFO">{'gender': 'male', 'name': {'title': 'Mr', 'first': 'Çetin', 'last': 'Taşlı'}, 'location': {'street': {'number': 9557, 'name': 'Maçka Cd'}, 'city': 'Ağrı', 'state': 'İzmir', 'country': 'Turkey', 'postcode': 55982, 'coordinates': {'latitude': '72.1473', 'longitude': '-27.8208'}, 'timezone': {'offset': '+3:30', 'description': 'Tehran'}}, 'email': 'cetin.tasli@example.com', 'login': {'uuid': '3c9fb068-6ae4-46e9-beae-a7e406551346', 'username': 'purplewolf668', 'password': 'together', 'salt': 'xM5sy5LC', 'md5': '0ddec3d3ea5ee41867c22a5bb2055241', 'sha1': '965847146aee9414f034516bbd11df91bd93e8fe', 'sha256': '4163cf2c70cd303d48870c43446203b2e63379db231b24f81886522498992f61'}, 'dob': {'date': '1972-02-11T14:09:01.963Z', 'age': 52}, 'registered': {'date': '2020-04-16T04:58:08.630Z', 'age': 4}, 'phone': '(043)-312-3373', 'cell': '(015)-731-8235', 'id': {'name': '', 'value': None}, 'picture': {'large': 'https://randomuser.me/api/portraits/men/25.jpg', 'medium': 'https://randomuser.me/api/portraits/med/men/25.jpg', 'thumbnail': 'https://randomuser.me/api/portraits/thumb/men/25.jpg'}, 'nat': 'TR'}</msg>
<arg>${json_data['results'][0]}</arg>
<doc>Logs the given message with the given level.</doc>
<status status="PASS" start="2024-07-16T01:08:58.515752" elapsed="0.000436"/>
</kw>
<kw name="Log" owner="BuiltIn">
<msg time="2024-07-16T01:08:58.516613" level="INFO">name</msg>
<arg>${key}</arg>
<doc>Logs the given message with the given level.</doc>
<status status="PASS" start="2024-07-16T01:08:58.516488" elapsed="0.000163"/>
</kw>
<var name="${key}">name</var>
<status status="PASS" start="2024-07-16T01:08:58.515053" elapsed="0.001814"/>
</iter>
<iter>
<kw name="Dictionary Should Contain Key" owner="Collections">
<arg>${json_data['results'][0]}</arg>
<arg>${key}</arg>
<doc>Fails if ``key`` is not found from ``dictionary``.</doc>
<status status="PASS" start="2024-07-16T01:08:58.517150" elapsed="0.000375"/>
</kw>
<kw name="Log" owner="BuiltIn">
<msg time="2024-07-16T01:08:58.518087" level="INFO">{'gender': 'male', 'name': {'title': 'Mr', 'first': 'Çetin', 'last': 'Taşlı'}, 'location': {'street': {'number': 9557, 'name': 'Maçka Cd'}, 'city': 'Ağrı', 'state': 'İzmir', 'country': 'Turkey', 'postcode': 55982, 'coordinates': {'latitude': '72.1473', 'longitude': '-27.8208'}, 'timezone': {'offset': '+3:30', 'description': 'Tehran'}}, 'email': 'cetin.tasli@example.com', 'login': {'uuid': '3c9fb068-6ae4-46e9-beae-a7e406551346', 'username': 'purplewolf668', 'password': 'together', 'salt': 'xM5sy5LC', 'md5': '0ddec3d3ea5ee41867c22a5bb2055241', 'sha1': '965847146aee9414f034516bbd11df91bd93e8fe', 'sha256': '4163cf2c70cd303d48870c43446203b2e63379db231b24f81886522498992f61'}, 'dob': {'date': '1972-02-11T14:09:01.963Z', 'age': 52}, 'registered': {'date': '2020-04-16T04:58:08.630Z', 'age': 4}, 'phone': '(043)-312-3373', 'cell': '(015)-731-8235', 'id': {'name': '', 'value': None}, 'picture': {'large': 'https://randomuser.me/api/portraits/men/25.jpg', 'medium': 'https://randomuser.me/api/portraits/med/men/25.jpg', 'thumbnail': 'https://randomuser.me/api/portraits/thumb/men/25.jpg'}, 'nat': 'TR'}</msg>
<arg>${json_data['results'][0]}</arg>
<doc>Logs the given message with the given level.</doc>
<status status="PASS" start="2024-07-16T01:08:58.517705" elapsed="0.000432"/>
</kw>
<kw name="Log" owner="BuiltIn">
<msg time="2024-07-16T01:08:58.518561" level="INFO">location</msg>
<arg>${key}</arg>
<doc>Logs the given message with the given level.</doc>
<status status="PASS" start="2024-07-16T01:08:58.518435" elapsed="0.000162"/>
</kw>
<var name="${key}">location</var>
<status status="PASS" start="2024-07-16T01:08:58.517042" elapsed="0.001769"/>
</iter>
<iter>
<kw name="Dictionary Should Contain Key" owner="Collections">
<arg>${json_data['results'][0]}</arg>
<arg>${key}</arg>
<doc>Fails if ``key`` is not found from ``dictionary``.</doc>
<status status="PASS" start="2024-07-16T01:08:58.519098" elapsed="0.000378"/>
</kw>
<kw name="Log" owner="BuiltIn">
<msg time="2024-07-16T01:08:58.520001" level="INFO">{'gender': 'male', 'name': {'title': 'Mr', 'first': 'Çetin', 'last': 'Taşlı'}, 'location': {'street': {'number': 9557, 'name': 'Maçka Cd'}, 'city': 'Ağrı', 'state': 'İzmir', 'country': 'Turkey', 'postcode': 55982, 'coordinates': {'latitude': '72.1473', 'longitude': '-27.8208'}, 'timezone': {'offset': '+3:30', 'description': 'Tehran'}}, 'email': 'cetin.tasli@example.com', 'login': {'uuid': '3c9fb068-6ae4-46e9-beae-a7e406551346', 'username': 'purplewolf668', 'password': 'together', 'salt': 'xM5sy5LC', 'md5': '0ddec3d3ea5ee41867c22a5bb2055241', 'sha1': '965847146aee9414f034516bbd11df91bd93e8fe', 'sha256': '4163cf2c70cd303d48870c43446203b2e63379db231b24f81886522498992f61'}, 'dob': {'date': '1972-02-11T14:09:01.963Z', 'age': 52}, 'registered': {'date': '2020-04-16T04:58:08.630Z', 'age': 4}, 'phone': '(043)-312-3373', 'cell': '(015)-731-8235', 'id': {'name': '', 'value': None}, 'picture': {'large': 'https://randomuser.me/api/portraits/men/25.jpg', 'medium': 'https://randomuser.me/api/portraits/med/men/25.jpg', 'thumbnail': 'https://randomuser.me/api/portraits/thumb/men/25.jpg'}, 'nat': 'TR'}</msg>
<arg>${json_data['results'][0]}</arg>
<doc>Logs the given message with the given level.</doc>
<status status="PASS" start="2024-07-16T01:08:58.519654" elapsed="0.000399"/>
</kw>
<kw name="Log" owner="BuiltIn">
<msg time="2024-07-16T01:08:58.520474" level="INFO">email</msg>
<arg>${key}</arg>
<doc>Logs the given message with the given level.</doc>
<status status="PASS" start="2024-07-16T01:08:58.520350" elapsed="0.000161"/>
</kw>
<var name="${key}">email</var>
<status status="PASS" start="2024-07-16T01:08:58.518980" elapsed="0.001743"/>
</iter>
<iter>
<kw name="Dictionary Should Contain Key" owner="Collections">
<arg>${json_data['results'][0]}</arg>
<arg>${key}</arg>
<doc>Fails if ``key`` is not found from ``dictionary``.</doc>
<status status="PASS" start="2024-07-16T01:08:58.521001" elapsed="0.000387"/>
</kw>
<kw name="Log" owner="BuiltIn">
<msg time="2024-07-16T01:08:58.521950" level="INFO">{'gender': 'male', 'name': {'title': 'Mr', 'first': 'Çetin', 'last': 'Taşlı'}, 'location': {'street': {'number': 9557, 'name': 'Maçka Cd'}, 'city': 'Ağrı', 'state': 'İzmir', 'country': 'Turkey', 'postcode': 55982, 'coordinates': {'latitude': '72.1473', 'longitude': '-27.8208'}, 'timezone': {'offset': '+3:30', 'description': 'Tehran'}}, 'email': 'cetin.tasli@example.com', 'login': {'uuid': '3c9fb068-6ae4-46e9-beae-a7e406551346', 'username': 'purplewolf668', 'password': 'together', 'salt': 'xM5sy5LC', 'md5': '0ddec3d3ea5ee41867c22a5bb2055241', 'sha1': '965847146aee9414f034516bbd11df91bd93e8fe', 'sha256': '4163cf2c70cd303d48870c43446203b2e63379db231b24f81886522498992f61'}, 'dob': {'date': '1972-02-11T14:09:01.963Z', 'age': 52}, 'registered': {'date': '2020-04-16T04:58:08.630Z', 'age': 4}, 'phone': '(043)-312-3373', 'cell': '(015)-731-8235', 'id': {'name': '', 'value': None}, 'picture': {'large': 'https://randomuser.me/api/portraits/men/25.jpg', 'medium': 'https://randomuser.me/api/portraits/med/men/25.jpg', 'thumbnail': 'https://randomuser.me/api/portraits/thumb/men/25.jpg'}, 'nat': 'TR'}</msg>
<arg>${json_data['results'][0]}</arg>
<doc>Logs the given message with the given level.</doc>
<status status="PASS" start="2024-07-16T01:08:58.521568" elapsed="0.000451"/>
</kw>
<kw name="Log" owner="BuiltIn">
<msg time="2024-07-16T01:08:58.522445" level="INFO">login</msg>
<arg>${key}</arg>
<doc>Logs the given message with the given level.</doc>
<status status="PASS" start="2024-07-16T01:08:58.522319" elapsed="0.000163"/>
</kw>
<var name="${key}">login</var>
<status status="PASS" start="2024-07-16T01:08:58.520891" elapsed="0.001809"/>
</iter>
<var>${key}</var>
<value>@{expected_keys}</value>
<status status="PASS" start="2024-07-16T01:08:58.512811" elapsed="0.010007"/>
</for>
<kw name="Create List" owner="BuiltIn">
<msg time="2024-07-16T01:08:58.523142" level="INFO">${expected_keysTwo} = ['username', 'password']</msg>
<var>${expected_keysTwo}</var>
<arg>username</arg>
<arg>password</arg>
<doc>Returns a list containing given items.</doc>
<status status="PASS" start="2024-07-16T01:08:58.523009" elapsed="0.000156"/>
</kw>
<for flavor="IN">
<iter>
<kw name="Dictionary Should Contain Key" owner="Collections">
<arg>${json_data['results'][0]['login']}</arg>
<arg>${keyTwo}</arg>
<doc>Fails if ``key`` is not found from ``dictionary``.</doc>
<status status="PASS" start="2024-07-16T01:08:58.523680" elapsed="0.000374"/>
</kw>
<kw name="Dictionary Should Contain Key" owner="Collections">
<arg>${json_data['results'][0]['login']}</arg>
<arg>${keyTwo}</arg>
<doc>Fails if ``key`` is not found from ``dictionary``.</doc>
<status status="PASS" start="2024-07-16T01:08:58.524233" elapsed="0.000371"/>
</kw>
<kw name="Log" owner="BuiltIn">
<msg time="2024-07-16T01:08:58.524902" level="INFO">username</msg>
<arg>${keyTwo}</arg>
<doc>Logs the given message with the given level.</doc>
<status status="PASS" start="2024-07-16T01:08:58.524784" elapsed="0.000154"/>
</kw>
<var name="${keyTwo}">username</var>
<status status="PASS" start="2024-07-16T01:08:58.523574" elapsed="0.001580"/>
</iter>
<iter>
<kw name="Dictionary Should Contain Key" owner="Collections">
<arg>${json_data['results'][0]['login']}</arg>
<arg>${keyTwo}</arg>
<doc>Fails if ``key`` is not found from ``dictionary``.</doc>
<status status="PASS" start="2024-07-16T01:08:58.525428" elapsed="0.000371"/>
</kw>
<kw name="Dictionary Should Contain Key" owner="Collections">
<arg>${json_data['results'][0]['login']}</arg>
<arg>${keyTwo}</arg>
<doc>Fails if ``key`` is not found from ``dictionary``.</doc>
<status status="PASS" start="2024-07-16T01:08:58.526010" elapsed="0.000368"/>
</kw>
<kw name="Log" owner="BuiltIn">
<msg time="2024-07-16T01:08:58.526673" level="INFO">password</msg>
<arg>${keyTwo}</arg>
<doc>Logs the given message with the given level.</doc>
<status status="PASS" start="2024-07-16T01:08:58.526555" elapsed="0.000159"/>
</kw>
<var name="${keyTwo}">password</var>
<status status="PASS" start="2024-07-16T01:08:58.525323" elapsed="0.001622"/>
</iter>
<var>${keyTwo}</var>
<value>@{expected_keysTwo}</value>
<status status="PASS" start="2024-07-16T01:08:58.523423" elapsed="0.003640"/>
</for>
<status status="PASS" start="2024-07-16T01:08:58.419850" elapsed="0.107350"/>
</kw>
<doc>Testa a estrutura da resposta da API.</doc>
<tag>testeEstruturaResposta</tag>
<status status="PASS" start="2024-07-16T01:08:58.419330" elapsed="0.108027"/>
</test>
<test id="s1-s1-t4" name="Validar tipos de dados" line="28">
<kw name="Teste de Tipos de Dados" owner="random-user-service">
<kw name="GET On Session" owner="RequestsLibrary">
<msg time="2024-07-16T01:08:58.611079" level="INFO">GET Request : url=https://randomuser.me/api 
 path_url=/api 
 headers={'User-Agent': 'python-requests/2.32.3', 'Accept-Encoding': 'gzip, deflate', 'Accept': '*/*', 'Connection': 'keep-alive'} 
 body=None 
 </msg>
<msg time="2024-07-16T01:08:58.611155" level="INFO">GET Response : url=https://randomuser.me/api 
 status=200, reason=OK 
 headers={'Date': 'Tue, 16 Jul 2024 01:08:58 GMT', 'Content-Type': 'application/json; charset=utf-8', 'Transfer-Encoding': 'chunked', 'Connection': 'keep-alive', 'X-Powered-By': 'Express', 'Access-Control-Allow-Origin': '*', 'Cache-Control': 'no-cache', 'ETag': 'W/"486-Xqi5Fx6W05ZH+p+kdHEe4hYainM"', 'Vary': 'Accept-Encoding', 'Content-Encoding': 'gzip', 'CF-Cache-Status': 'DYNAMIC', 'Report-To': '{"endpoints":[{"url":"https:\\/\\/a.nel.cloudflare.com\\/report\\/v4?s=QYF5x0NmB49aQQlDM4DGMuQkwe7omlMkdgmJeQ%2FljlB8dlCbV12cEoaueXmjSA4dzP8grRoE5KhjqAunSH2doNvB7MjB3Pc8AI%2Fd56SwTjAjSInQ5iGES%2BJ%2Btwdbz4bB"}],"group":"cf-nel","max_age":604800}', 'NEL': '{"success_fraction":0,"report_to":"cf-nel","max_age":604800}', 'Server': 'cloudflare', 'CF-RAY': '8a3e1aa9db258f29-IAD', 'alt-svc': 'h3=":443"; ma=86400'} 
 body={"results":[{"gender":"female","name":{"title":"Miss","first":"Marie","last":"Thomsen"},"location":{"street":{"number":5478,"name":"Tolstrupvej"},"city":"Juelsminde","state":"Hovedstaden","country":"Denmark","postcode":10203,"coordinates":{"latitude":"-45.8064","longitude":"96.3181"},"timezone":{"offset":"+7:00","description":"Bangkok, Hanoi, Jakarta"}},"email":"marie.thomsen@example.com","login":{"uuid":"af1d8e55-0c06-47ec-a239-08085806fc05","username":"organicbird600","password":"buzzer","salt":"WdyC5X5j","md5":"483e422bfe72c8bb96146765ae9ed32d","sha1":"c09f4f71b08df13659c20ca974382ecc54c7d64a","sha256":"b1d6c49eeef89481cb5c91eac76a492f676b4f1643a07e57afbc5444b7445f2e"},"dob":{"date":"1945-05-05T05:51:34.577Z","age":79},"registered":{"date":"2013-04-28T01:52:00.428Z","age":11},"phone":"50397038","cell":"80447103","id":{"name":"CPR","value":"050545-2816"},"picture":{"large":"https://randomuser.me/api/portraits/women/31.jpg","medium":"https://randomuser.me/api/portraits/med/women/31.jpg","thumbnail":"https://randomuser.me/api/portraits/thumb/women/31.jpg"},"nat":"DK"}],"info":{"seed":"16a785b2fe64df21","results":1,"page":1,"version":"1.4"}} 
 </msg>
<msg time="2024-07-16T01:08:58.611221" level="INFO">/opt/hostedtoolcache/Python/3.12.4/x64/lib/python3.12/site-packages/urllib3/connectionpool.py:1099: InsecureRequestWarning: Unverified HTTPS request is being made to host 'randomuser.me'. Adding certificate verification is strongly advised. See: https://urllib3.readthedocs.io/en/latest/advanced-usage.html#tls-warnings
  warnings.warn(</msg>
<msg time="2024-07-16T01:08:58.611321" level="INFO">${response} = &lt;Response [200]&gt;</msg>
<var>${response}</var>
<arg>consultarAPI</arg>
<arg>/api</arg>
<doc>Sends a GET request on a previously created HTTP Session.</doc>
<status status="PASS" start="2024-07-16T01:08:58.529895" elapsed="0.081460"/>
</kw>
<kw name="Set Variable" owner="BuiltIn">
<msg time="2024-07-16T01:08:58.612260" level="INFO">${json_data} = {'results': [{'gender': 'female', 'name': {'title': 'Miss', 'first': 'Marie', 'last': 'Thomsen'}, 'location': {'street': {'number': 5478, 'name': 'Tolstrupvej'}, 'city': 'Juelsminde', 'state': 'Hoveds...</msg>
<var>${json_data}</var>
<arg>${response.json()}</arg>
<doc>Returns the given values which can then be assigned to a variables.</doc>
<status status="PASS" start="2024-07-16T01:08:58.611813" elapsed="0.000477"/>
</kw>
<kw name="Log" owner="BuiltIn">
<msg time="2024-07-16T01:08:58.612746" level="INFO">{'results': [{'gender': 'female', 'name': {'title': 'Miss', 'first': 'Marie', 'last': 'Thomsen'}, 'location': {'street': {'number': 5478, 'name': 'Tolstrupvej'}, 'city': 'Juelsminde', 'state': 'Hovedstaden', 'country': 'Denmark', 'postcode': 10203, 'coordinates': {'latitude': '-45.8064', 'longitude': '96.3181'}, 'timezone': {'offset': '+7:00', 'description': 'Bangkok, Hanoi, Jakarta'}}, 'email': 'marie.thomsen@example.com', 'login': {'uuid': 'af1d8e55-0c06-47ec-a239-08085806fc05', 'username': 'organicbird600', 'password': 'buzzer', 'salt': 'WdyC5X5j', 'md5': '483e422bfe72c8bb96146765ae9ed32d', 'sha1': 'c09f4f71b08df13659c20ca974382ecc54c7d64a', 'sha256': 'b1d6c49eeef89481cb5c91eac76a492f676b4f1643a07e57afbc5444b7445f2e'}, 'dob': {'date': '1945-05-05T05:51:34.577Z', 'age': 79}, 'registered': {'date': '2013-04-28T01:52:00.428Z', 'age': 11}, 'phone': '50397038', 'cell': '80447103', 'id': {'name': 'CPR', 'value': '050545-2816'}, 'picture': {'large': 'https://randomuser.me/api/portraits/women/31.jpg', 'medium': 'https://randomuser.me/api/portraits/med/women/31.jpg', 'thumbnail': 'https://randomuser.me/api/portraits/thumb/women/31.jpg'}, 'nat': 'DK'}], 'info': {'seed': '16a785b2fe64df21', 'results': 1, 'page': 1, 'version': '1.4'}}</msg>
<arg>${json_data}</arg>
<doc>Logs the given message with the given level.</doc>
<status status="PASS" start="2024-07-16T01:08:58.612593" elapsed="0.000200"/>
</kw>
<kw name="Should Be String" owner="String">
<arg>${json_data['results'][0]['gender']}</arg>
<doc>Fails if the given ``item`` is not a string.</doc>
<status status="PASS" start="2024-07-16T01:08:58.613093" elapsed="0.000362"/>
</kw>
<kw name="Should Match Regexp" owner="BuiltIn">
<arg>${json_data['results'][0]['email']}</arg>
<arg>^[a-zA-Z0-9._%+-]+@[a-zA-Z0-9.-]+\.[a-zA-Z]{2,}$</arg>
<doc>Fails if ``string`` does not match ``pattern`` as a regular expression.</doc>
<status status="PASS" start="2024-07-16T01:08:58.613650" elapsed="0.000599"/>
</kw>
<kw name="Should Match Regexp" owner="BuiltIn">
<arg>${json_data['results'][0]['dob']['date']}</arg>
<arg>\\d{4}-\\d{2}-\\d{2}T\\d{2}:\\d{2}:\\d{2}\\.\\d{3}Z</arg>
<doc>Fails if ``string`` does not match ``pattern`` as a regular expression.</doc>
<status status="PASS" start="2024-07-16T01:08:58.614484" elapsed="0.000491"/>
</kw>
<kw name="Should Match Regexp" owner="BuiltIn">
<arg>${json_data['results'][0]['registered']['date']}</arg>
<arg>\\d{4}-\\d{2}-\\d{2}T\\d{2}:\\d{2}:\\d{2}\\.\\d{3}Z</arg>
<doc>Fails if ``string`` does not match ``pattern`` as a regular expression.</doc>
<status status="PASS" start="2024-07-16T01:08:58.615167" elapsed="0.000366"/>
</kw>
<kw name="Should Match Regexp" owner="BuiltIn">
<arg>${json_data['results'][0]['picture']['large']}</arg>
<arg>^https?://.*\.(?:png|jpe?g|gif|bmp)$</arg>
<doc>Fails if ``string`` does not match ``pattern`` as a regular expression.</doc>
<status status="PASS" start="2024-07-16T01:08:58.615720" elapsed="0.000449"/>
</kw>
<kw name="Should Match Regexp" owner="BuiltIn">
<arg>${json_data['results'][0]['picture']['medium']}</arg>
<arg>^https?://.*\.(?:png|jpe?g|gif|bmp)$</arg>
<doc>Fails if ``string`` does not match ``pattern`` as a regular expression.</doc>
<status status="PASS" start="2024-07-16T01:08:58.616356" elapsed="0.000358"/>
</kw>
<kw name="Should Match Regexp" owner="BuiltIn">
<arg>${json_data['results'][0]['picture']['thumbnail']}</arg>
<arg>^https?://.*\.(?:png|jpe?g|gif|bmp)$</arg>
<doc>Fails if ``string`` does not match ``pattern`` as a regular expression.</doc>
<status status="PASS" start="2024-07-16T01:08:58.616897" elapsed="0.000346"/>
</kw>
<kw name="Log" owner="BuiltIn">
<msg time="2024-07-16T01:08:58.617745" level="INFO">{'large': 'https://randomuser.me/api/portraits/women/31.jpg', 'medium': 'https://randomuser.me/api/portraits/med/women/31.jpg', 'thumbnail': 'https://randomuser.me/api/portraits/thumb/women/31.jpg'}</msg>
<arg>${json_data['results'][0]['picture']}</arg>
<doc>Logs the given message with the given level.</doc>
<status status="PASS" start="2024-07-16T01:08:58.617427" elapsed="0.000360"/>
</kw>
<status status="PASS" start="2024-07-16T01:08:58.529664" elapsed="0.088416"/>
</kw>
<kw name="Teste de Tipos de Dados - Postcode" owner="random-user-service">
<kw name="GET On Session" owner="RequestsLibrary">
<msg time="2024-07-16T01:08:59.077955" level="INFO">GET Request : url=https://randomuser.me/api 
 path_url=/api 
 headers={'User-Agent': 'python-requests/2.32.3', 'Accept-Encoding': 'gzip, deflate', 'Accept': '*/*', 'Connection': 'keep-alive'} 
 body=None 
 </msg>
<msg time="2024-07-16T01:08:59.078047" level="INFO">GET Response : url=https://randomuser.me/api 
 status=200, reason=OK 
 headers={'Date': 'Tue, 16 Jul 2024 01:08:59 GMT', 'Content-Type': 'application/json; charset=utf-8', 'Transfer-Encoding': 'chunked', 'Connection': 'keep-alive', 'X-Powered-By': 'Express', 'Access-Control-Allow-Origin': '*', 'Cache-Control': 'no-cache', 'ETag': 'W/"49c-3m2lSrM5eQzHVpZ+Fsb865BIjIk"', 'Vary': 'Accept-Encoding', 'Content-Encoding': 'gzip', 'CF-Cache-Status': 'DYNAMIC', 'Report-To': '{"endpoints":[{"url":"https:\\/\\/a.nel.cloudflare.com\\/report\\/v4?s=guYz0yiS%2B%2BGdli%2Fm3e18mQVMVswa%2FkLlGrdQD0fA%2FfkSr6NDYa7%2BWIQE4PwFD3tMwoUoxONmVaa3NEP6wO9F8rMVQq7XmeA5UT1%2BxvylGRKooy8KFUFWLhAnKw6wwFsH"}],"group":"cf-nel","max_age":604800}', 'NEL': '{"success_fraction":0,"report_to":"cf-nel","max_age":604800}', 'Server': 'cloudflare', 'CF-RAY': '8a3e1aaa6bc88f29-IAD', 'alt-svc': 'h3=":443"; ma=86400'} 
 body={"results":[{"gender":"female","name":{"title":"Ms","first":"Lourdes","last":"Muñoz"},"location":{"street":{"number":588,"name":"Calle de Arturo Soria"},"city":"Santander","state":"Aragón","country":"Spain","postcode":64490,"coordinates":{"latitude":"-37.3302","longitude":"94.0768"},"timezone":{"offset":"+1:00","description":"Brussels, Copenhagen, Madrid, Paris"}},"email":"lourdes.munoz@example.com","login":{"uuid":"8ae705c0-95c7-4ab2-8cdf-3302a4c53c11","username":"yellowelephant291","password":"stayout","salt":"tXDOSlqV","md5":"b635ffe0cd288658d4c81532d1753fe7","sha1":"0fc5f400f3a4d08e28054c677e011bc11bd043a3","sha256":"a89f0f990a9a61470e0e138b8e69c31580c4a5033a3564877138a9afa097bbac"},"dob":{"date":"1946-02-15T01:36:12.283Z","age":78},"registered":{"date":"2004-12-04T18:13:22.732Z","age":19},"phone":"927-317-007","cell":"686-890-108","id":{"name":"DNI","value":"09100668-Y"},"picture":{"large":"https://randomuser.me/api/portraits/women/61.jpg","medium":"https://randomuser.me/api/portraits/med/women/61.jpg","thumbnail":"https://randomuser.me/api/portraits/thumb/women/61.jpg"},"nat":"ES"}],"info":{"seed":"7f42a34732f5f91b","results":1,"page":1,"version":"1.4"}} 
 </msg>
<msg time="2024-07-16T01:08:59.078119" level="INFO">/opt/hostedtoolcache/Python/3.12.4/x64/lib/python3.12/site-packages/urllib3/connectionpool.py:1099: InsecureRequestWarning: Unverified HTTPS request is being made to host 'randomuser.me'. Adding certificate verification is strongly advised. See: https://urllib3.readthedocs.io/en/latest/advanced-usage.html#tls-warnings
  warnings.warn(</msg>
<msg time="2024-07-16T01:08:59.078230" level="INFO">${response} = &lt;Response [200]&gt;</msg>
<var>${response}</var>
<arg>consultarAPI</arg>
<arg>/api</arg>
<doc>Sends a GET request on a previously created HTTP Session.</doc>
<status status="PASS" start="2024-07-16T01:08:58.618509" elapsed="0.459768"/>
</kw>
<kw name="Set Variable" owner="BuiltIn">
<msg time="2024-07-16T01:08:59.079212" level="INFO">${json_data} = {'results': [{'gender': 'female', 'name': {'title': 'Ms', 'first': 'Lourdes', 'last': 'Muñoz'}, 'location': {'street': {'number': 588, 'name': 'Calle de Arturo Soria'}, 'city': 'Santander', 'state': '...</msg>
<var>${json_data}</var>
<arg>${response.json()}</arg>
<doc>Returns the given values which can then be assigned to a variables.</doc>
<status status="PASS" start="2024-07-16T01:08:59.078744" elapsed="0.000498"/>
</kw>
<kw name="Log" owner="BuiltIn">
<msg time="2024-07-16T01:08:59.079696" level="INFO">{'results': [{'gender': 'female', 'name': {'title': 'Ms', 'first': 'Lourdes', 'last': 'Muñoz'}, 'location': {'street': {'number': 588, 'name': 'Calle de Arturo Soria'}, 'city': 'Santander', 'state': 'Aragón', 'country': 'Spain', 'postcode': 64490, 'coordinates': {'latitude': '-37.3302', 'longitude': '94.0768'}, 'timezone': {'offset': '+1:00', 'description': 'Brussels, Copenhagen, Madrid, Paris'}}, 'email': 'lourdes.munoz@example.com', 'login': {'uuid': '8ae705c0-95c7-4ab2-8cdf-3302a4c53c11', 'username': 'yellowelephant291', 'password': 'stayout', 'salt': 'tXDOSlqV', 'md5': 'b635ffe0cd288658d4c81532d1753fe7', 'sha1': '0fc5f400f3a4d08e28054c677e011bc11bd043a3', 'sha256': 'a89f0f990a9a61470e0e138b8e69c31580c4a5033a3564877138a9afa097bbac'}, 'dob': {'date': '1946-02-15T01:36:12.283Z', 'age': 78}, 'registered': {'date': '2004-12-04T18:13:22.732Z', 'age': 19}, 'phone': '927-317-007', 'cell': '686-890-108', 'id': {'name': 'DNI', 'value': '09100668-Y'}, 'picture': {'large': 'https://randomuser.me/api/portraits/women/61.jpg', 'medium': 'https://randomuser.me/api/portraits/med/women/61.jpg', 'thumbnail': 'https://randomuser.me/api/portraits/thumb/women/61.jpg'}, 'nat': 'ES'}], 'info': {'seed': '7f42a34732f5f91b', 'results': 1, 'page': 1, 'version': '1.4'}}</msg>
<arg>${json_data}</arg>
<doc>Logs the given message with the given level.</doc>
<status status="PASS" start="2024-07-16T01:08:59.079541" elapsed="0.000204"/>
</kw>
<kw name="Should Be Equal As Numbers" owner="BuiltIn">
<arg>${json_data['results'][0]['location']['postcode']}</arg>
<arg>${json_data['results'][0]['location']['postcode']}</arg>
<doc>Fails if objects are unequal after converting them to real numbers.</doc>
<status status="PASS" start="2024-07-16T01:08:59.080032" elapsed="0.000619"/>
</kw>
<kw name="Log" owner="BuiltIn">
<msg time="2024-07-16T01:08:59.081175" level="INFO">64490</msg>
<arg>${json_data['results'][0]['location']['postcode']}</arg>
<doc>Logs the given message with the given level.</doc>
<status status="PASS" start="2024-07-16T01:08:59.080843" elapsed="0.000372"/>
</kw>
<status status="PASS" start="2024-07-16T01:08:58.618293" elapsed="0.463201"/>
</kw>
<doc>Testa se os tipos de dados na resposta da API estão corretos.</doc>
<tag>testeTiposDados</tag>
<status status="PASS" start="2024-07-16T01:08:58.529098" elapsed="0.552559"/>
</test>
<test id="s1-s1-t5" name="Validar conteudo" line="35">
<kw name="Teste de Tipos de Conteudo" owner="random-user-service">
<kw name="GET On Session" owner="RequestsLibrary">
<msg time="2024-07-16T01:08:59.201179" level="INFO">GET Request : url=https://randomuser.me/api 
 path_url=/api 
 headers={'User-Agent': 'python-requests/2.32.3', 'Accept-Encoding': 'gzip, deflate', 'Accept': '*/*', 'Connection': 'keep-alive'} 
 body=None 
 </msg>
<msg time="2024-07-16T01:08:59.201256" level="INFO">GET Response : url=https://randomuser.me/api 
 status=200, reason=OK 
 headers={'Date': 'Tue, 16 Jul 2024 01:08:59 GMT', 'Content-Type': 'application/json; charset=utf-8', 'Transfer-Encoding': 'chunked', 'Connection': 'keep-alive', 'X-Powered-By': 'Express', 'Access-Control-Allow-Origin': '*', 'Cache-Control': 'no-cache', 'ETag': 'W/"476-Kk/lcP99OC4EtqqYDGvec79Omfw"', 'Vary': 'Accept-Encoding', 'Content-Encoding': 'gzip', 'CF-Cache-Status': 'DYNAMIC', 'Report-To': '{"endpoints":[{"url":"https:\\/\\/a.nel.cloudflare.com\\/report\\/v4?s=Xm5AfxZBu%2BXIFaA7d8WIQtFLGJw9RuEPZAkn8grI95VvxQIPUNN2MLvy44RSciFKnFn08cWA1nr3KsLMfumjiDiywekFMJQWKwSuCglVqHVzv%2FBJu3jp0bAA%2BVbg%2BzXC"}],"group":"cf-nel","max_age":604800}', 'NEL': '{"success_fraction":0,"report_to":"cf-nel","max_age":604800}', 'Server': 'cloudflare', 'CF-RAY': '8a3e1aad4ef58f29-IAD', 'alt-svc': 'h3=":443"; ma=86400'} 
 body={"results":[{"gender":"male","name":{"title":"Mr","first":"Kjell","last":"Selnes"},"location":{"street":{"number":5024,"name":"Solhauggata"},"city":"Heggenes","state":"Nordland","country":"Norway","postcode":"4902","coordinates":{"latitude":"44.0319","longitude":"-80.9069"},"timezone":{"offset":"-8:00","description":"Pacific Time (US &amp; Canada)"}},"email":"kjell.selnes@example.com","login":{"uuid":"7b28c474-981f-471c-ab1b-8382efb8e7a3","username":"bigpanda602","password":"rangers1","salt":"KFe9CfVN","md5":"decc72abce2ed8682f7d1cfed84203db","sha1":"b11199aae2fedfcda9a0df8a27720dff1e9b78ec","sha256":"6a1b67d70c5f20f8383d9f70a54ffb9c6574b6bd97b2ddaeb43cdaea0d70c8d2"},"dob":{"date":"1957-04-26T22:43:32.816Z","age":67},"registered":{"date":"2012-06-26T08:54:48.068Z","age":12},"phone":"89758462","cell":"46994445","id":{"name":"FN","value":"26045733563"},"picture":{"large":"https://randomuser.me/api/portraits/men/14.jpg","medium":"https://randomuser.me/api/portraits/med/men/14.jpg","thumbnail":"https://randomuser.me/api/portraits/thumb/men/14.jpg"},"nat":"NO"}],"info":{"seed":"e8e2b2e7297625dc","results":1,"page":1,"version":"1.4"}} 
 </msg>
<msg time="2024-07-16T01:08:59.201344" level="INFO">/opt/hostedtoolcache/Python/3.12.4/x64/lib/python3.12/site-packages/urllib3/connectionpool.py:1099: InsecureRequestWarning: Unverified HTTPS request is being made to host 'randomuser.me'. Adding certificate verification is strongly advised. See: https://urllib3.readthedocs.io/en/latest/advanced-usage.html#tls-warnings
  warnings.warn(</msg>
<msg time="2024-07-16T01:08:59.201453" level="INFO">${response} = &lt;Response [200]&gt;</msg>
<var>${response}</var>
<arg>consultarAPI</arg>
<arg>/api</arg>
<doc>Sends a GET request on a previously created HTTP Session.</doc>
<status status="PASS" start="2024-07-16T01:08:59.084316" elapsed="0.117187"/>
</kw>
<kw name="Set Variable" owner="BuiltIn">
<msg time="2024-07-16T01:08:59.202608" level="INFO">${json_data} = {'results': [{'gender': 'male', 'name': {'title': 'Mr', 'first': 'Kjell', 'last': 'Selnes'}, 'location': {'street': {'number': 5024, 'name': 'Solhauggata'}, 'city': 'Heggenes', 'state': 'Nordland', 'c...</msg>
<var>${json_data}</var>
<arg>${response.json()}</arg>
<doc>Returns the given values which can then be assigned to a variables.</doc>
<status status="PASS" start="2024-07-16T01:08:59.202076" elapsed="0.000561"/>
</kw>
<kw name="Set Variable" owner="BuiltIn">
<msg time="2024-07-16T01:08:59.203312" level="INFO">${name_title} = Mr</msg>
<var>${name_title}</var>
<arg>${json_data["results"][0]["name"]["title"]}</arg>
<doc>Returns the given values which can then be assigned to a variables.</doc>
<status status="PASS" start="2024-07-16T01:08:59.202942" elapsed="0.000396"/>
</kw>
<kw name="Create List" owner="BuiltIn">
<msg time="2024-07-16T01:08:59.203786" level="INFO">${allowed_titles} = ['Mr', 'Ms', 'Miss', 'Mrs', 'Madame', 'Monsieur']</msg>
<var>${allowed_titles}</var>
<arg>Mr</arg>
<arg>Ms</arg>
<arg>Miss</arg>
<arg>Mrs</arg>
<arg>Madame</arg>
<arg>Monsieur</arg>
<doc>Returns a list containing given items.</doc>
<status status="PASS" start="2024-07-16T01:08:59.203637" elapsed="0.000174"/>
</kw>
<kw name="List Should Contain Value" owner="Collections">
<arg>${allowed_titles}</arg>
<arg>${name_title}</arg>
<doc>Fails if the ``value`` is not found from ``list``.</doc>
<status status="PASS" start="2024-07-16T01:08:59.204103" elapsed="0.000173"/>
</kw>
<kw name="Set Variable" owner="BuiltIn">
<msg time="2024-07-16T01:08:59.204833" level="INFO">${name_country} = NO</msg>
<var>${name_country}</var>
<arg>${json_data["results"][0]["nat"]}</arg>
<doc>Returns the given values which can then be assigned to a variables.</doc>
<status status="PASS" start="2024-07-16T01:08:59.204451" elapsed="0.000407"/>
</kw>
<kw name="Create List" owner="BuiltIn">
<msg time="2024-07-16T01:08:59.205743" level="INFO">${list_country} = ['AD', 'AE', 'AF', 'AG', 'AI', 'AL', 'AM', 'AO', 'AQ', 'AR', 'AS', 'AT', 'AU', 'AW', 'AX', 'AZ', 'BA', 'BB', 'BD', 'BE', 'BF', 'BG', 'BH', 'BI', 'BJ', 'BL', 'BM', 'BN', 'BO', 'BQ', 'BR', 'BS', 'BT', '...</msg>
<var>${list_country}</var>
<arg>AD</arg>
<arg>AE</arg>
<arg>AF</arg>
<arg>AG</arg>
<arg>AI</arg>
<arg>AL</arg>
<arg>AM</arg>
<arg>AO</arg>
<arg>AQ</arg>
<arg>AR</arg>
<arg>AS</arg>
<arg>AT</arg>
<arg>AU</arg>
<arg>AW</arg>
<arg>AX</arg>
<arg>AZ</arg>
<arg>BA</arg>
<arg>BB</arg>
<arg>BD</arg>
<arg>BE</arg>
<arg>BF</arg>
<arg>BG</arg>
<arg>BH</arg>
<arg>BI</arg>
<arg>BJ</arg>
<arg>BL</arg>
<arg>BM</arg>
<arg>BN</arg>
<arg>BO</arg>
<arg>BQ</arg>
<arg>BR</arg>
<arg>BS</arg>
<arg>BT</arg>
<arg>BV</arg>
<arg>BW</arg>
<arg>BY</arg>
<arg>BZ</arg>
<arg>CA</arg>
<arg>CC</arg>
<arg>CD</arg>
<arg>CF</arg>
<arg>CG</arg>
<arg>CH</arg>
<arg>CI</arg>
<arg>CK</arg>
<arg>CL</arg>
<arg>CM</arg>
<arg>CN</arg>
<arg>CO</arg>
<arg>CR</arg>
<arg>CU</arg>
<arg>CV</arg>
<arg>CW</arg>
<arg>CX</arg>
<arg>CY</arg>
<arg>CZ</arg>
<arg>DE</arg>
<arg>DJ</arg>
<arg>DK</arg>
<arg>DM</arg>
<arg>DO</arg>
<arg>DZ</arg>
<arg>EC</arg>
<arg>EE</arg>
<arg>EG</arg>
<arg>EH</arg>
<arg>ER</arg>
<arg>ES</arg>
<arg>ET</arg>
<arg>FI</arg>
<arg>FJ</arg>
<arg>FK</arg>
<arg>FM</arg>
<arg>FO</arg>
<arg>FR</arg>
<arg>GA</arg>
<arg>GB</arg>
<arg>GD</arg>
<arg>GE</arg>
<arg>GF</arg>
<arg>GG</arg>
<arg>GH</arg>
<arg>GI</arg>
<arg>GL</arg>
<arg>GM</arg>
<arg>GN</arg>
<arg>GP</arg>
<arg>GQ</arg>
<arg>GR</arg>
<arg>GS</arg>
<arg>GT</arg>
<arg>GU</arg>
<arg>GW</arg>
<arg>GY</arg>
<arg>HK</arg>
<arg>HM</arg>
<arg>HN</arg>
<arg>HR</arg>
<arg>HT</arg>
<arg>HU</arg>
<arg>ID</arg>
<arg>IE</arg>
<arg>IL</arg>
<arg>IM</arg>
<arg>IN</arg>
<arg>IO</arg>
<arg>IQ</arg>
<arg>IR</arg>
<arg>IS</arg>
<arg>IT</arg>
<arg>JE</arg>
<arg>JM</arg>
<arg>JO</arg>
<arg>JP</arg>
<arg>KE</arg>
<arg>KG</arg>
<arg>KH</arg>
<arg>KI</arg>
<arg>KM</arg>
<arg>KN</arg>
<arg>KP</arg>
<arg>KR</arg>
<arg>KW</arg>
<arg>KY</arg>
<arg>KZ</arg>
<arg>LA</arg>
<arg>LB</arg>
<arg>LC</arg>
<arg>LI</arg>
<arg>LK</arg>
<arg>LR</arg>
<arg>LS</arg>
<arg>LT</arg>
<arg>LU</arg>
<arg>LV</arg>
<arg>LY</arg>
<arg>MA</arg>
<arg>MC</arg>
<arg>MD</arg>
<arg>ME</arg>
<arg>MF</arg>
<arg>MG</arg>
<arg>MH</arg>
<arg>MK</arg>
<arg>ML</arg>
<arg>MM</arg>
<arg>MN</arg>
<arg>MO</arg>
<arg>MP</arg>
<arg>MQ</arg>
<arg>MR</arg>
<arg>MS</arg>
<arg>MT</arg>
<arg>MU</arg>
<arg>MV</arg>
<arg>MW</arg>
<arg>MX</arg>
<arg>MY</arg>
<arg>MZ</arg>
<arg>NA</arg>
<arg>NC</arg>
<arg>NE</arg>
<arg>NF</arg>
<arg>NG</arg>
<arg>NI</arg>
<arg>NL</arg>
<arg>NO</arg>
<arg>NP</arg>
<arg>NR</arg>
<arg>NU</arg>
<arg>NZ</arg>
<arg>OM</arg>
<arg>PA</arg>
<arg>PE</arg>
<arg>PF</arg>
<arg>PG</arg>
<arg>PH</arg>
<arg>PK</arg>
<arg>PL</arg>
<arg>PM</arg>
<arg>PN</arg>
<arg>PR</arg>
<arg>PS</arg>
<arg>PT</arg>
<arg>PW</arg>
<arg>PY</arg>
<arg>QA</arg>
<arg>RE</arg>
<arg>RO</arg>
<arg>RS</arg>
<arg>RU</arg>
<arg>RW</arg>
<arg>SA</arg>
<arg>SB</arg>
<arg>SC</arg>
<arg>SD</arg>
<arg>SE</arg>
<arg>SG</arg>
<arg>SH</arg>
<arg>SI</arg>
<arg>SJ</arg>
<arg>SK</arg>
<arg>SL</arg>
<arg>SM</arg>
<arg>SN</arg>
<arg>SO</arg>
<arg>SR</arg>
<arg>SS</arg>
<arg>ST</arg>
<arg>SV</arg>
<arg>SX</arg>
<arg>SY</arg>
<arg>SZ</arg>
<arg>TC</arg>
<arg>TD</arg>
<arg>TF</arg>
<arg>TG</arg>
<arg>TH</arg>
<arg>TJ</arg>
<arg>TK</arg>
<arg>TL</arg>
<arg>TM</arg>
<arg>TN</arg>
<arg>TO</arg>
<arg>TR</arg>
<arg>TT</arg>
<arg>TV</arg>
<arg>TW</arg>
<arg>TZ</arg>
<arg>UA</arg>
<arg>UG</arg>
<arg>UM</arg>
<arg>US</arg>
<arg>UY</arg>
<arg>UZ</arg>
<arg>VA</arg>
<arg>VC</arg>
<arg>VE</arg>
<arg>VG</arg>
<arg>VI</arg>
<arg>VN</arg>
<arg>VU</arg>
<arg>WF</arg>
<arg>WS</arg>
<arg>XK</arg>
<arg>YE</arg>
<arg>YT</arg>
<arg>ZA</arg>
<arg>ZM</arg>
<arg>ZW</arg>
<doc>Returns a list containing given items.</doc>
<status status="PASS" start="2024-07-16T01:08:59.205155" elapsed="0.000613"/>
</kw>
<kw name="List Should Contain Value" owner="Collections">
<arg>${list_country}</arg>
<arg>${name_country}</arg>
<doc>Fails if the ``value`` is not found from ``list``.</doc>
<status status="PASS" start="2024-07-16T01:08:59.206586" elapsed="0.000206"/>
</kw>
<kw name="Run Keyword If" owner="BuiltIn">
<kw name="Should Be True" owner="BuiltIn">
<arg>${True}</arg>
<doc>Fails if the given condition is not true.</doc>
<status status="PASS" start="2024-07-16T01:08:59.207717" elapsed="0.000139"/>
</kw>
<arg>${json_data["results"][0]["location"]["coordinates"]["latitude"]} &gt;= -90 and ${json_data["results"][0]["location"]["coordinates"]["latitude"]} &lt;= 90</arg>
<arg>Should Be True</arg>
<arg>${True}</arg>
<doc>Runs the given keyword with the given arguments, if ``condition`` is true.</doc>
<status status="PASS" start="2024-07-16T01:08:59.206996" elapsed="0.000982"/>
</kw>
<kw name="Run Keyword If" owner="BuiltIn">
<kw name="Should Be True" owner="BuiltIn">
<arg>${True}</arg>
<doc>Fails if the given condition is not true.</doc>
<status status="PASS" start="2024-07-16T01:08:59.208837" elapsed="0.000132"/>
</kw>
<arg>${json_data["results"][0]["location"]["coordinates"]["longitude"]} &gt;= -180 and ${json_data["results"][0]["location"]["coordinates"]["longitude"]} &lt;= 180</arg>
<arg>Should Be True</arg>
<arg>${True}</arg>
<doc>Runs the given keyword with the given arguments, if ``condition`` is true.</doc>
<status status="PASS" start="2024-07-16T01:08:59.208155" elapsed="0.000936"/>
</kw>
<status status="PASS" start="2024-07-16T01:08:59.083954" elapsed="0.125262"/>
</kw>
<doc>Testa o conteúdo específico dos campos retornados pela API.</doc>
<tag>testeConteudo</tag>
<status status="PASS" start="2024-07-16T01:08:59.083430" elapsed="0.125927"/>
</test>
<status status="PASS" start="2024-07-16T01:08:57.875293" elapsed="1.336051"/>
</suite>
<status status="PASS" start="2024-07-16T01:08:57.860599" elapsed="1.355837"/>
</suite>
<statistics>
<total>
<stat pass="5" fail="0" skip="0">All Tests</stat>
</total>
<tag>
<stat pass="1" fail="0" skip="0">testeConteudo</stat>
<stat pass="1" fail="0" skip="0">testeEstruturaResposta</stat>
<stat pass="1" fail="0" skip="0">testeRequisicaoBasica</stat>
<stat pass="1" fail="0" skip="0">testeTiposDados</stat>
</tag>
<suite>
<stat pass="5" fail="0" skip="0" id="s1" name="Tests">Tests</stat>
<stat pass="5" fail="0" skip="0" id="s1-s1" name="Random-User-Test">Tests.Random-User-Test</stat>
</suite>
</statistics>
<errors>
</errors>
</robot>
