<?xml version="1.0" encoding="UTF-8"?>
<robot generator="Robot 7.0.1 (Python 3.12.3 on linux)" generated="2024-06-15T08:17:55.864014" rpa="false" schemaversion="5">
<suite id="s1" name="Tests" source="/home/runner/work/ApiRandomUser/ApiRandomUser/RamdonUser/tests">
<suite id="s1-s1" name="Random-User-Test" source="/home/runner/work/ApiRandomUser/ApiRandomUser/RamdonUser/tests/random-user-test.robot">
<test id="s1-s1-t1" name="Conectar" line="13">
<kw name="Conectar API" owner="random-user-service">
<kw name="Create Session" owner="RequestsLibrary">
<msg time="2024-06-15T08:17:56.253305" level="INFO">Creating Session using : alias=consultarAPI, url=https://randomuser.me/, headers={},                     cookies={}, auth=None, timeout=None, proxies=None, verify=False,                     debug=0 </msg>
<arg>consultarAPI</arg>
<arg>${URL}</arg>
<doc>Create Session: create a HTTP session to a server</doc>
<status status="PASS" start="2024-06-15T08:17:56.253099" elapsed="0.000394"/>
</kw>
<status status="PASS" start="2024-06-15T08:17:56.252039" elapsed="0.001857"/>
</kw>
<status status="PASS" start="2024-06-15T08:17:56.251422" elapsed="0.002670"/>
</test>
<test id="s1-s1-t2" name="Validar retorno 200 e JSON Válido" line="16">
<kw name="Teste de Requisicao Basica" owner="random-user-service">
<kw name="GET On Session" owner="RequestsLibrary">
<msg time="2024-06-15T08:17:56.430679" level="INFO">GET Request : url=https://randomuser.me/api 
 path_url=/api 
 headers={'User-Agent': 'python-requests/2.32.3', 'Accept-Encoding': 'gzip, deflate', 'Accept': '*/*', 'Connection': 'keep-alive'} 
 body=None 
 </msg>
<msg time="2024-06-15T08:17:56.430829" level="INFO">GET Response : url=https://randomuser.me/api 
 status=200, reason=OK 
 headers={'Date': 'Sat, 15 Jun 2024 08:17:56 GMT', 'Content-Type': 'application/json; charset=utf-8', 'Transfer-Encoding': 'chunked', 'Connection': 'keep-alive', 'X-Powered-By': 'Express', 'Access-Control-Allow-Origin': '*', 'Cache-Control': 'no-cache', 'ETag': 'W/"494-yp4iY5hxeJpgXZ3mj3PkEjGFaVY"', 'Vary': 'Accept-Encoding', 'Content-Encoding': 'gzip', 'CF-Cache-Status': 'DYNAMIC', 'Report-To': '{"endpoints":[{"url":"https:\\/\\/a.nel.cloudflare.com\\/report\\/v4?s=EScUeRjcffeMi%2FCVoL7OZpDn1yk269fpSAVdaSRyUOmjsKFEhivAO0PAq6FKxMqw3%2FAsYg4ksqDvc%2FEeqmYBx5y9Oef7NML7sEuKlUZ4%2FFnBhzO9JaE%2BGqGv0hgVXQrD"}],"group":"cf-nel","max_age":604800}', 'NEL': '{"success_fraction":0,"report_to":"cf-nel","max_age":604800}', 'Server': 'cloudflare', 'CF-RAY': '894120677e0d123f-ORD', 'alt-svc': 'h3=":443"; ma=86400'} 
 body={"results":[{"gender":"male","name":{"title":"Mr","first":"Rodrigo","last":"Delgado"},"location":{"street":{"number":9271,"name":"Avenida de Castilla"},"city":"Granada","state":"Melilla","country":"Spain","postcode":18784,"coordinates":{"latitude":"-34.3772","longitude":"-161.5389"},"timezone":{"offset":"+10:00","description":"Eastern Australia, Guam, Vladivostok"}},"email":"rodrigo.delgado@example.com","login":{"uuid":"e3fe15c1-0622-4268-95af-c97ba9517c80","username":"purplewolf809","password":"florida","salt":"ayjjjyHI","md5":"c2b4aade517c121b7ee9c34cd98166df","sha1":"812c6489fb7f405cac17c07604f6931b80a5143b","sha256":"a656e4257dd05118f9fe26dd37ccfb9a888d6170023dde6f68c8d2e2420344ff"},"dob":{"date":"1979-01-16T12:32:17.317Z","age":45},"registered":{"date":"2011-05-20T19:56:02.262Z","age":13},"phone":"965-304-850","cell":"641-432-357","id":{"name":"DNI","value":"68114250-F"},"picture":{"large":"https://randomuser.me/api/portraits/men/69.jpg","medium":"https://randomuser.me/api/portraits/med/men/69.jpg","thumbnail":"https://randomuser.me/api/portraits/thumb/men/69.jpg"},"nat":"ES"}],"info":{"seed":"454d5f09a3d497ef","results":1,"page":1,"version":"1.4"}} 
 </msg>
<msg time="2024-06-15T08:17:56.430909" level="INFO">/opt/hostedtoolcache/Python/3.12.3/x64/lib/python3.12/site-packages/urllib3/connectionpool.py:1103: InsecureRequestWarning: Unverified HTTPS request is being made to host 'randomuser.me'. Adding certificate verification is strongly advised. See: https://urllib3.readthedocs.io/en/latest/advanced-usage.html#tls-warnings
  warnings.warn(</msg>
<msg time="2024-06-15T08:17:56.431063" level="INFO">${response} = &lt;Response [200]&gt;</msg>
<var>${response}</var>
<arg>consultarAPI</arg>
<arg>/api</arg>
<doc>Sends a GET request on a previously created HTTP Session.</doc>
<status status="PASS" start="2024-06-15T08:17:56.256724" elapsed="0.174388"/>
</kw>
<kw name="Should Be Equal As Numbers" owner="BuiltIn">
<msg time="2024-06-15T08:17:56.432357" level="INFO">Argument types are:
&lt;class 'int'&gt;
&lt;class 'str'&gt;</msg>
<arg>${response.status_code}</arg>
<arg>200</arg>
<doc>Fails if objects are unequal after converting them to real numbers.</doc>
<status status="PASS" start="2024-06-15T08:17:56.431784" elapsed="0.000642"/>
</kw>
<kw name="Log" owner="BuiltIn">
<msg time="2024-06-15T08:17:56.433124" level="INFO">200</msg>
<arg>${response.status_code}</arg>
<doc>Logs the given message with the given level.</doc>
<status status="PASS" start="2024-06-15T08:17:56.432773" elapsed="0.000402"/>
</kw>
<kw name="Set Variable" owner="BuiltIn">
<msg time="2024-06-15T08:17:56.433961" level="INFO">${json_data} = {'results': [{'gender': 'male', 'name': {'title': 'Mr', 'first': 'Rodrigo', 'last': 'Delgado'}, 'location': {'street': {'number': 9271, 'name': 'Avenida de Castilla'}, 'city': 'Granada', 'state': 'Mel...</msg>
<var>${json_data}</var>
<arg>${response.json()}</arg>
<doc>Returns the given values which can then be assigned to a variables.</doc>
<status status="PASS" start="2024-06-15T08:17:56.433487" elapsed="0.000504"/>
</kw>
<kw name="Dictionary Should Contain Key" owner="Collections">
<arg>${json_data}</arg>
<arg>results</arg>
<doc>Fails if ``key`` is not found from ``dictionary``.</doc>
<status status="PASS" start="2024-06-15T08:17:56.434296" elapsed="0.000173"/>
</kw>
<status status="PASS" start="2024-06-15T08:17:56.256484" elapsed="0.178143"/>
</kw>
<doc>Testa se a API responde corretamente e retorna um objeto JSON válido.</doc>
<tag>testeRequisicaoBasica</tag>
<status status="PASS" start="2024-06-15T08:17:56.255971" elapsed="0.178835"/>
</test>
<test id="s1-s1-t3" name="Validar estrutura de resposta" line="22">
<kw name="Teste de Estrutura de Resposta" owner="random-user-service">
<kw name="GET On Session" owner="RequestsLibrary">
<msg time="2024-06-15T08:17:56.531971" level="INFO">GET Request : url=https://randomuser.me/api 
 path_url=/api 
 headers={'User-Agent': 'python-requests/2.32.3', 'Accept-Encoding': 'gzip, deflate', 'Accept': '*/*', 'Connection': 'keep-alive'} 
 body=None 
 </msg>
<msg time="2024-06-15T08:17:56.532075" level="INFO">GET Response : url=https://randomuser.me/api 
 status=200, reason=OK 
 headers={'Date': 'Sat, 15 Jun 2024 08:17:56 GMT', 'Content-Type': 'application/json; charset=utf-8', 'Transfer-Encoding': 'chunked', 'Connection': 'keep-alive', 'X-Powered-By': 'Express', 'Access-Control-Allow-Origin': '*', 'Cache-Control': 'no-cache', 'ETag': 'W/"480-MJ2hwbq1DeVc7nVx1zmA8wdOeJo"', 'Vary': 'Accept-Encoding', 'Content-Encoding': 'gzip', 'CF-Cache-Status': 'DYNAMIC', 'Report-To': '{"endpoints":[{"url":"https:\\/\\/a.nel.cloudflare.com\\/report\\/v4?s=X%2F6IFxZ%2FSLC7an3uchO8qubVZtjyrHoEdRFbqa2ufjUyd9BvPOSK6xpcRZR0EmFAq8X4MOVHlnKZOeZdujgj3S1LtnPR93bkCmVD5MCETPHM3Yrju9bG894MbSCf4gYd"}],"group":"cf-nel","max_age":604800}', 'NEL': '{"success_fraction":0,"report_to":"cf-nel","max_age":604800}', 'Server': 'cloudflare', 'CF-RAY': '89412067ce4b123f-ORD', 'alt-svc': 'h3=":443"; ma=86400'} 
 body={"results":[{"gender":"male","name":{"title":"Mr","first":"Coşkun","last":"Bolatlı"},"location":{"street":{"number":1219,"name":"Necatibey Cd"},"city":"Samsun","state":"Kilis","country":"Turkey","postcode":80314,"coordinates":{"latitude":"66.7675","longitude":"-10.0043"},"timezone":{"offset":"+9:00","description":"Tokyo, Seoul, Osaka, Sapporo, Yakutsk"}},"email":"coskun.bolatli@example.com","login":{"uuid":"23e18afc-e269-4355-a0f5-23168f9f73c3","username":"whitefrog241","password":"0069","salt":"4hyLouuk","md5":"20d8c1da7df7674c6f06163a3788905f","sha1":"3db49d243a4ccd4a7f531322dc72c88de990bddf","sha256":"91d5e3b28ba90e2c296a2e46ebbf05c9943c8b68ba6bf203acc63de396c28bc1"},"dob":{"date":"1957-10-09T08:29:18.415Z","age":66},"registered":{"date":"2003-09-09T07:18:53.853Z","age":20},"phone":"(596)-942-7260","cell":"(426)-957-0291","id":{"name":"","value":null},"picture":{"large":"https://randomuser.me/api/portraits/men/40.jpg","medium":"https://randomuser.me/api/portraits/med/men/40.jpg","thumbnail":"https://randomuser.me/api/portraits/thumb/men/40.jpg"},"nat":"TR"}],"info":{"seed":"833941e2cb1f4467","results":1,"page":1,"version":"1.4"}} 
 </msg>
<msg time="2024-06-15T08:17:56.532231" level="INFO">/opt/hostedtoolcache/Python/3.12.3/x64/lib/python3.12/site-packages/urllib3/connectionpool.py:1103: InsecureRequestWarning: Unverified HTTPS request is being made to host 'randomuser.me'. Adding certificate verification is strongly advised. See: https://urllib3.readthedocs.io/en/latest/advanced-usage.html#tls-warnings
  warnings.warn(</msg>
<msg time="2024-06-15T08:17:56.532357" level="INFO">${response} = &lt;Response [200]&gt;</msg>
<var>${response}</var>
<arg>consultarAPI</arg>
<arg>/api</arg>
<doc>Sends a GET request on a previously created HTTP Session.</doc>
<status status="PASS" start="2024-06-15T08:17:56.437650" elapsed="0.094746"/>
</kw>
<kw name="Set Variable" owner="BuiltIn">
<msg time="2024-06-15T08:17:56.533477" level="INFO">${json_data} = {'results': [{'gender': 'male', 'name': {'title': 'Mr', 'first': 'Coşkun', 'last': 'Bolatlı'}, 'location': {'street': {'number': 1219, 'name': 'Necatibey Cd'}, 'city': 'Samsun', 'state': 'Kilis', 'cou...</msg>
<var>${json_data}</var>
<arg>${response.json()}</arg>
<doc>Returns the given values which can then be assigned to a variables.</doc>
<status status="PASS" start="2024-06-15T08:17:56.532941" elapsed="0.000570"/>
</kw>
<kw name="Log" owner="BuiltIn">
<msg time="2024-06-15T08:17:56.534047" level="INFO">{'results': [{'gender': 'male', 'name': {'title': 'Mr', 'first': 'Coşkun', 'last': 'Bolatlı'}, 'location': {'street': {'number': 1219, 'name': 'Necatibey Cd'}, 'city': 'Samsun', 'state': 'Kilis', 'country': 'Turkey', 'postcode': 80314, 'coordinates': {'latitude': '66.7675', 'longitude': '-10.0043'}, 'timezone': {'offset': '+9:00', 'description': 'Tokyo, Seoul, Osaka, Sapporo, Yakutsk'}}, 'email': 'coskun.bolatli@example.com', 'login': {'uuid': '23e18afc-e269-4355-a0f5-23168f9f73c3', 'username': 'whitefrog241', 'password': '0069', 'salt': '4hyLouuk', 'md5': '20d8c1da7df7674c6f06163a3788905f', 'sha1': '3db49d243a4ccd4a7f531322dc72c88de990bddf', 'sha256': '91d5e3b28ba90e2c296a2e46ebbf05c9943c8b68ba6bf203acc63de396c28bc1'}, 'dob': {'date': '1957-10-09T08:29:18.415Z', 'age': 66}, 'registered': {'date': '2003-09-09T07:18:53.853Z', 'age': 20}, 'phone': '(596)-942-7260', 'cell': '(426)-957-0291', 'id': {'name': '', 'value': None}, 'picture': {'large': 'https://randomuser.me/api/portraits/men/40.jpg', 'medium': 'https://randomuser.me/api/portraits/med/men/40.jpg', 'thumbnail': 'https://randomuser.me/api/portraits/thumb/men/40.jpg'}, 'nat': 'TR'}], 'info': {'seed': '833941e2cb1f4467', 'results': 1, 'page': 1, 'version': '1.4'}}</msg>
<arg>${json_data}</arg>
<doc>Logs the given message with the given level.</doc>
<status status="PASS" start="2024-06-15T08:17:56.533868" elapsed="0.000230"/>
</kw>
<kw name="Dictionary Should Contain Key" owner="Collections">
<arg>${json_data}</arg>
<arg>results</arg>
<doc>Fails if ``key`` is not found from ``dictionary``.</doc>
<status status="PASS" start="2024-06-15T08:17:56.534404" elapsed="0.000162"/>
</kw>
<kw name="Should Not Be Empty" owner="BuiltIn">
<msg time="2024-06-15T08:17:56.534873" level="INFO">Length is 2.</msg>
<arg>${json_data}</arg>
<doc>Verifies that the given item is not empty.</doc>
<status status="PASS" start="2024-06-15T08:17:56.534750" elapsed="0.000160"/>
</kw>
<kw name="Create List" owner="BuiltIn">
<msg time="2024-06-15T08:17:56.535344" level="INFO">${expected_keys} = ['gender', 'name', 'location', 'email', 'login']</msg>
<var>${expected_keys}</var>
<arg>gender</arg>
<arg>name</arg>
<arg>location</arg>
<arg>email</arg>
<arg>login</arg>
<doc>Returns a list containing given items.</doc>
<status status="PASS" start="2024-06-15T08:17:56.535197" elapsed="0.000171"/>
</kw>
<for flavor="IN">
<iter>
<kw name="Dictionary Should Contain Key" owner="Collections">
<arg>${json_data['results'][0]}</arg>
<arg>${key}</arg>
<doc>Fails if ``key`` is not found from ``dictionary``.</doc>
<status status="PASS" start="2024-06-15T08:17:56.535947" elapsed="0.000410"/>
</kw>
<kw name="Log" owner="BuiltIn">
<msg time="2024-06-15T08:17:56.536921" level="INFO">{'gender': 'male', 'name': {'title': 'Mr', 'first': 'Coşkun', 'last': 'Bolatlı'}, 'location': {'street': {'number': 1219, 'name': 'Necatibey Cd'}, 'city': 'Samsun', 'state': 'Kilis', 'country': 'Turkey', 'postcode': 80314, 'coordinates': {'latitude': '66.7675', 'longitude': '-10.0043'}, 'timezone': {'offset': '+9:00', 'description': 'Tokyo, Seoul, Osaka, Sapporo, Yakutsk'}}, 'email': 'coskun.bolatli@example.com', 'login': {'uuid': '23e18afc-e269-4355-a0f5-23168f9f73c3', 'username': 'whitefrog241', 'password': '0069', 'salt': '4hyLouuk', 'md5': '20d8c1da7df7674c6f06163a3788905f', 'sha1': '3db49d243a4ccd4a7f531322dc72c88de990bddf', 'sha256': '91d5e3b28ba90e2c296a2e46ebbf05c9943c8b68ba6bf203acc63de396c28bc1'}, 'dob': {'date': '1957-10-09T08:29:18.415Z', 'age': 66}, 'registered': {'date': '2003-09-09T07:18:53.853Z', 'age': 20}, 'phone': '(596)-942-7260', 'cell': '(426)-957-0291', 'id': {'name': '', 'value': None}, 'picture': {'large': 'https://randomuser.me/api/portraits/men/40.jpg', 'medium': 'https://randomuser.me/api/portraits/med/men/40.jpg', 'thumbnail': 'https://randomuser.me/api/portraits/thumb/men/40.jpg'}, 'nat': 'TR'}</msg>
<arg>${json_data['results'][0]}</arg>
<doc>Logs the given message with the given level.</doc>
<status status="PASS" start="2024-06-15T08:17:56.536555" elapsed="0.000429"/>
</kw>
<kw name="Log" owner="BuiltIn">
<msg time="2024-06-15T08:17:56.537418" level="INFO">gender</msg>
<arg>${key}</arg>
<doc>Logs the given message with the given level.</doc>
<status status="PASS" start="2024-06-15T08:17:56.537287" elapsed="0.000169"/>
</kw>
<var name="${key}">gender</var>
<status status="PASS" start="2024-06-15T08:17:56.535819" elapsed="0.001869"/>
</iter>
<iter>
<kw name="Dictionary Should Contain Key" owner="Collections">
<arg>${json_data['results'][0]}</arg>
<arg>${key}</arg>
<doc>Fails if ``key`` is not found from ``dictionary``.</doc>
<status status="PASS" start="2024-06-15T08:17:56.538017" elapsed="0.000389"/>
</kw>
<kw name="Log" owner="BuiltIn">
<msg time="2024-06-15T08:17:56.538946" level="INFO">{'gender': 'male', 'name': {'title': 'Mr', 'first': 'Coşkun', 'last': 'Bolatlı'}, 'location': {'street': {'number': 1219, 'name': 'Necatibey Cd'}, 'city': 'Samsun', 'state': 'Kilis', 'country': 'Turkey', 'postcode': 80314, 'coordinates': {'latitude': '66.7675', 'longitude': '-10.0043'}, 'timezone': {'offset': '+9:00', 'description': 'Tokyo, Seoul, Osaka, Sapporo, Yakutsk'}}, 'email': 'coskun.bolatli@example.com', 'login': {'uuid': '23e18afc-e269-4355-a0f5-23168f9f73c3', 'username': 'whitefrog241', 'password': '0069', 'salt': '4hyLouuk', 'md5': '20d8c1da7df7674c6f06163a3788905f', 'sha1': '3db49d243a4ccd4a7f531322dc72c88de990bddf', 'sha256': '91d5e3b28ba90e2c296a2e46ebbf05c9943c8b68ba6bf203acc63de396c28bc1'}, 'dob': {'date': '1957-10-09T08:29:18.415Z', 'age': 66}, 'registered': {'date': '2003-09-09T07:18:53.853Z', 'age': 20}, 'phone': '(596)-942-7260', 'cell': '(426)-957-0291', 'id': {'name': '', 'value': None}, 'picture': {'large': 'https://randomuser.me/api/portraits/men/40.jpg', 'medium': 'https://randomuser.me/api/portraits/med/men/40.jpg', 'thumbnail': 'https://randomuser.me/api/portraits/thumb/men/40.jpg'}, 'nat': 'TR'}</msg>
<arg>${json_data['results'][0]}</arg>
<doc>Logs the given message with the given level.</doc>
<status status="PASS" start="2024-06-15T08:17:56.538596" elapsed="0.000438"/>
</kw>
<kw name="Log" owner="BuiltIn">
<msg time="2024-06-15T08:17:56.539474" level="INFO">name</msg>
<arg>${key}</arg>
<doc>Logs the given message with the given level.</doc>
<status status="PASS" start="2024-06-15T08:17:56.539338" elapsed="0.000175"/>
</kw>
<var name="${key}">name</var>
<status status="PASS" start="2024-06-15T08:17:56.537902" elapsed="0.001832"/>
</iter>
<iter>
<kw name="Dictionary Should Contain Key" owner="Collections">
<arg>${json_data['results'][0]}</arg>
<arg>${key}</arg>
<doc>Fails if ``key`` is not found from ``dictionary``.</doc>
<status status="PASS" start="2024-06-15T08:17:56.540025" elapsed="0.000380"/>
</kw>
<kw name="Log" owner="BuiltIn">
<msg time="2024-06-15T08:17:56.540949" level="INFO">{'gender': 'male', 'name': {'title': 'Mr', 'first': 'Coşkun', 'last': 'Bolatlı'}, 'location': {'street': {'number': 1219, 'name': 'Necatibey Cd'}, 'city': 'Samsun', 'state': 'Kilis', 'country': 'Turkey', 'postcode': 80314, 'coordinates': {'latitude': '66.7675', 'longitude': '-10.0043'}, 'timezone': {'offset': '+9:00', 'description': 'Tokyo, Seoul, Osaka, Sapporo, Yakutsk'}}, 'email': 'coskun.bolatli@example.com', 'login': {'uuid': '23e18afc-e269-4355-a0f5-23168f9f73c3', 'username': 'whitefrog241', 'password': '0069', 'salt': '4hyLouuk', 'md5': '20d8c1da7df7674c6f06163a3788905f', 'sha1': '3db49d243a4ccd4a7f531322dc72c88de990bddf', 'sha256': '91d5e3b28ba90e2c296a2e46ebbf05c9943c8b68ba6bf203acc63de396c28bc1'}, 'dob': {'date': '1957-10-09T08:29:18.415Z', 'age': 66}, 'registered': {'date': '2003-09-09T07:18:53.853Z', 'age': 20}, 'phone': '(596)-942-7260', 'cell': '(426)-957-0291', 'id': {'name': '', 'value': None}, 'picture': {'large': 'https://randomuser.me/api/portraits/men/40.jpg', 'medium': 'https://randomuser.me/api/portraits/med/men/40.jpg', 'thumbnail': 'https://randomuser.me/api/portraits/thumb/men/40.jpg'}, 'nat': 'TR'}</msg>
<arg>${json_data['results'][0]}</arg>
<doc>Logs the given message with the given level.</doc>
<status status="PASS" start="2024-06-15T08:17:56.540594" elapsed="0.000408"/>
</kw>
<kw name="Log" owner="BuiltIn">
<msg time="2024-06-15T08:17:56.541425" level="INFO">location</msg>
<arg>${key}</arg>
<doc>Logs the given message with the given level.</doc>
<status status="PASS" start="2024-06-15T08:17:56.541298" elapsed="0.000164"/>
</kw>
<var name="${key}">location</var>
<status status="PASS" start="2024-06-15T08:17:56.539915" elapsed="0.001770"/>
</iter>
<iter>
<kw name="Dictionary Should Contain Key" owner="Collections">
<arg>${json_data['results'][0]}</arg>
<arg>${key}</arg>
<doc>Fails if ``key`` is not found from ``dictionary``.</doc>
<status status="PASS" start="2024-06-15T08:17:56.542002" elapsed="0.000378"/>
</kw>
<kw name="Log" owner="BuiltIn">
<msg time="2024-06-15T08:17:56.542926" level="INFO">{'gender': 'male', 'name': {'title': 'Mr', 'first': 'Coşkun', 'last': 'Bolatlı'}, 'location': {'street': {'number': 1219, 'name': 'Necatibey Cd'}, 'city': 'Samsun', 'state': 'Kilis', 'country': 'Turkey', 'postcode': 80314, 'coordinates': {'latitude': '66.7675', 'longitude': '-10.0043'}, 'timezone': {'offset': '+9:00', 'description': 'Tokyo, Seoul, Osaka, Sapporo, Yakutsk'}}, 'email': 'coskun.bolatli@example.com', 'login': {'uuid': '23e18afc-e269-4355-a0f5-23168f9f73c3', 'username': 'whitefrog241', 'password': '0069', 'salt': '4hyLouuk', 'md5': '20d8c1da7df7674c6f06163a3788905f', 'sha1': '3db49d243a4ccd4a7f531322dc72c88de990bddf', 'sha256': '91d5e3b28ba90e2c296a2e46ebbf05c9943c8b68ba6bf203acc63de396c28bc1'}, 'dob': {'date': '1957-10-09T08:29:18.415Z', 'age': 66}, 'registered': {'date': '2003-09-09T07:18:53.853Z', 'age': 20}, 'phone': '(596)-942-7260', 'cell': '(426)-957-0291', 'id': {'name': '', 'value': None}, 'picture': {'large': 'https://randomuser.me/api/portraits/men/40.jpg', 'medium': 'https://randomuser.me/api/portraits/med/men/40.jpg', 'thumbnail': 'https://randomuser.me/api/portraits/thumb/men/40.jpg'}, 'nat': 'TR'}</msg>
<arg>${json_data['results'][0]}</arg>
<doc>Logs the given message with the given level.</doc>
<status status="PASS" start="2024-06-15T08:17:56.542564" elapsed="0.000422"/>
</kw>
<kw name="Log" owner="BuiltIn">
<msg time="2024-06-15T08:17:56.543413" level="INFO">email</msg>
<arg>${key}</arg>
<doc>Logs the given message with the given level.</doc>
<status status="PASS" start="2024-06-15T08:17:56.543285" elapsed="0.000166"/>
</kw>
<var name="${key}">email</var>
<status status="PASS" start="2024-06-15T08:17:56.541884" elapsed="0.001781"/>
</iter>
<iter>
<kw name="Dictionary Should Contain Key" owner="Collections">
<arg>${json_data['results'][0]}</arg>
<arg>${key}</arg>
<doc>Fails if ``key`` is not found from ``dictionary``.</doc>
<status status="PASS" start="2024-06-15T08:17:56.543944" elapsed="0.000388"/>
</kw>
<kw name="Log" owner="BuiltIn">
<msg time="2024-06-15T08:17:56.544873" level="INFO">{'gender': 'male', 'name': {'title': 'Mr', 'first': 'Coşkun', 'last': 'Bolatlı'}, 'location': {'street': {'number': 1219, 'name': 'Necatibey Cd'}, 'city': 'Samsun', 'state': 'Kilis', 'country': 'Turkey', 'postcode': 80314, 'coordinates': {'latitude': '66.7675', 'longitude': '-10.0043'}, 'timezone': {'offset': '+9:00', 'description': 'Tokyo, Seoul, Osaka, Sapporo, Yakutsk'}}, 'email': 'coskun.bolatli@example.com', 'login': {'uuid': '23e18afc-e269-4355-a0f5-23168f9f73c3', 'username': 'whitefrog241', 'password': '0069', 'salt': '4hyLouuk', 'md5': '20d8c1da7df7674c6f06163a3788905f', 'sha1': '3db49d243a4ccd4a7f531322dc72c88de990bddf', 'sha256': '91d5e3b28ba90e2c296a2e46ebbf05c9943c8b68ba6bf203acc63de396c28bc1'}, 'dob': {'date': '1957-10-09T08:29:18.415Z', 'age': 66}, 'registered': {'date': '2003-09-09T07:18:53.853Z', 'age': 20}, 'phone': '(596)-942-7260', 'cell': '(426)-957-0291', 'id': {'name': '', 'value': None}, 'picture': {'large': 'https://randomuser.me/api/portraits/men/40.jpg', 'medium': 'https://randomuser.me/api/portraits/med/men/40.jpg', 'thumbnail': 'https://randomuser.me/api/portraits/thumb/men/40.jpg'}, 'nat': 'TR'}</msg>
<arg>${json_data['results'][0]}</arg>
<doc>Logs the given message with the given level.</doc>
<status status="PASS" start="2024-06-15T08:17:56.544522" elapsed="0.000401"/>
</kw>
<kw name="Log" owner="BuiltIn">
<msg time="2024-06-15T08:17:56.545458" level="INFO">login</msg>
<arg>${key}</arg>
<doc>Logs the given message with the given level.</doc>
<status status="PASS" start="2024-06-15T08:17:56.545218" elapsed="0.000278"/>
</kw>
<var name="${key}">login</var>
<status status="PASS" start="2024-06-15T08:17:56.543836" elapsed="0.001880"/>
</iter>
<var>${key}</var>
<value>@{expected_keys}</value>
<status status="PASS" start="2024-06-15T08:17:56.535626" elapsed="0.010239"/>
</for>
<kw name="Create List" owner="BuiltIn">
<msg time="2024-06-15T08:17:56.546191" level="INFO">${expected_keysTwo} = ['username', 'password']</msg>
<var>${expected_keysTwo}</var>
<arg>username</arg>
<arg>password</arg>
<doc>Returns a list containing given items.</doc>
<status status="PASS" start="2024-06-15T08:17:56.546057" elapsed="0.000158"/>
</kw>
<for flavor="IN">
<iter>
<kw name="Dictionary Should Contain Key" owner="Collections">
<arg>${json_data['results'][0]['login']}</arg>
<arg>${keyTwo}</arg>
<doc>Fails if ``key`` is not found from ``dictionary``.</doc>
<status status="PASS" start="2024-06-15T08:17:56.546745" elapsed="0.000379"/>
</kw>
<kw name="Dictionary Should Contain Key" owner="Collections">
<arg>${json_data['results'][0]['login']}</arg>
<arg>${keyTwo}</arg>
<doc>Fails if ``key`` is not found from ``dictionary``.</doc>
<status status="PASS" start="2024-06-15T08:17:56.547306" elapsed="0.000373"/>
</kw>
<kw name="Log" owner="BuiltIn">
<msg time="2024-06-15T08:17:56.547975" level="INFO">username</msg>
<arg>${keyTwo}</arg>
<doc>Logs the given message with the given level.</doc>
<status status="PASS" start="2024-06-15T08:17:56.547856" elapsed="0.000157"/>
</kw>
<var name="${keyTwo}">username</var>
<status status="PASS" start="2024-06-15T08:17:56.546638" elapsed="0.001596"/>
</iter>
<iter>
<kw name="Dictionary Should Contain Key" owner="Collections">
<arg>${json_data['results'][0]['login']}</arg>
<arg>${keyTwo}</arg>
<doc>Fails if ``key`` is not found from ``dictionary``.</doc>
<status status="PASS" start="2024-06-15T08:17:56.548533" elapsed="0.000378"/>
</kw>
<kw name="Dictionary Should Contain Key" owner="Collections">
<arg>${json_data['results'][0]['login']}</arg>
<arg>${keyTwo}</arg>
<doc>Fails if ``key`` is not found from ``dictionary``.</doc>
<status status="PASS" start="2024-06-15T08:17:56.549092" elapsed="0.000364"/>
</kw>
<kw name="Log" owner="BuiltIn">
<msg time="2024-06-15T08:17:56.549751" level="INFO">password</msg>
<arg>${keyTwo}</arg>
<doc>Logs the given message with the given level.</doc>
<status status="PASS" start="2024-06-15T08:17:56.549634" elapsed="0.000155"/>
</kw>
<var name="${keyTwo}">password</var>
<status status="PASS" start="2024-06-15T08:17:56.548425" elapsed="0.001613"/>
</iter>
<var>${keyTwo}</var>
<value>@{expected_keysTwo}</value>
<status status="PASS" start="2024-06-15T08:17:56.546481" elapsed="0.003678"/>
</for>
<status status="PASS" start="2024-06-15T08:17:56.437416" elapsed="0.112885"/>
</kw>
<doc>Testa a estrutura da resposta da API.</doc>
<tag>testeEstruturaResposta</tag>
<status status="PASS" start="2024-06-15T08:17:56.436648" elapsed="0.113881"/>
</test>
<test id="s1-s1-t4" name="Validar tipos de dados" line="28">
<kw name="Teste de Tipos de Dados" owner="random-user-service">
<kw name="GET On Session" owner="RequestsLibrary">
<msg time="2024-06-15T08:17:56.638736" level="INFO">GET Request : url=https://randomuser.me/api 
 path_url=/api 
 headers={'User-Agent': 'python-requests/2.32.3', 'Accept-Encoding': 'gzip, deflate', 'Accept': '*/*', 'Connection': 'keep-alive'} 
 body=None 
 </msg>
<msg time="2024-06-15T08:17:56.638819" level="INFO">GET Response : url=https://randomuser.me/api 
 status=200, reason=OK 
 headers={'Date': 'Sat, 15 Jun 2024 08:17:56 GMT', 'Content-Type': 'application/json; charset=utf-8', 'Transfer-Encoding': 'chunked', 'Connection': 'keep-alive', 'X-Powered-By': 'Express', 'Access-Control-Allow-Origin': '*', 'Cache-Control': 'no-cache', 'ETag': 'W/"49a-nG/53klEjpJDbB7CPfeM+nPHvKE"', 'Vary': 'Accept-Encoding', 'Content-Encoding': 'gzip', 'CF-Cache-Status': 'DYNAMIC', 'Report-To': '{"endpoints":[{"url":"https:\\/\\/a.nel.cloudflare.com\\/report\\/v4?s=eb6hsaFEwTgQ2eGci90xn0FuzllIUGDzoEQupqjgoKS0qP9iB9igXX%2B%2BwjvQIeo0vCfKFgEDoUEwEwFthGDmwLe05Gy39Yq3XgTS%2FpYalQdqqVMz0hq90z86qq3IP8U2"}],"group":"cf-nel","max_age":604800}', 'NEL': '{"success_fraction":0,"report_to":"cf-nel","max_age":604800}', 'Server': 'cloudflare', 'CF-RAY': '894120687ecb123f-ORD', 'alt-svc': 'h3=":443"; ma=86400'} 
 body={"results":[{"gender":"male","name":{"title":"Mr","first":"Jaël","last":"Van Trier"},"location":{"street":{"number":3120,"name":"Poortstraat"},"city":"Westkapelle","state":"Drenthe","country":"Netherlands","postcode":"0144 VY","coordinates":{"latitude":"37.0855","longitude":"-81.8881"},"timezone":{"offset":"+11:00","description":"Magadan, Solomon Islands, New Caledonia"}},"email":"jael.vantrier@example.com","login":{"uuid":"6ef4fe0d-8bfd-4289-bf65-1e97370998c3","username":"happyfrog206","password":"welcome","salt":"HS83iGKo","md5":"abcdb0e32089afc8ecbdf374f19c4213","sha1":"47a7d2a1a1fba5c092ea5f21f6a6f6b92b300e7c","sha256":"1c045a123921045b54164d675731478305e2e363bbfcd1f28648ed7dedf65d52"},"dob":{"date":"1994-07-06T07:48:09.720Z","age":29},"registered":{"date":"2014-03-07T14:40:30.401Z","age":10},"phone":"(024) 0555729","cell":"(06) 36917772","id":{"name":"BSN","value":"14632261"},"picture":{"large":"https://randomuser.me/api/portraits/men/49.jpg","medium":"https://randomuser.me/api/portraits/med/men/49.jpg","thumbnail":"https://randomuser.me/api/portraits/thumb/men/49.jpg"},"nat":"NL"}],"info":{"seed":"0eb5a5e0fb313e76","results":1,"page":1,"version":"1.4"}} 
 </msg>
<msg time="2024-06-15T08:17:56.638883" level="INFO">/opt/hostedtoolcache/Python/3.12.3/x64/lib/python3.12/site-packages/urllib3/connectionpool.py:1103: InsecureRequestWarning: Unverified HTTPS request is being made to host 'randomuser.me'. Adding certificate verification is strongly advised. See: https://urllib3.readthedocs.io/en/latest/advanced-usage.html#tls-warnings
  warnings.warn(</msg>
<msg time="2024-06-15T08:17:56.638983" level="INFO">${response} = &lt;Response [200]&gt;</msg>
<var>${response}</var>
<arg>consultarAPI</arg>
<arg>/api</arg>
<doc>Sends a GET request on a previously created HTTP Session.</doc>
<status status="PASS" start="2024-06-15T08:17:56.553069" elapsed="0.085955"/>
</kw>
<kw name="Set Variable" owner="BuiltIn">
<msg time="2024-06-15T08:17:56.640098" level="INFO">${json_data} = {'results': [{'gender': 'male', 'name': {'title': 'Mr', 'first': 'Jaël', 'last': 'Van Trier'}, 'location': {'street': {'number': 3120, 'name': 'Poortstraat'}, 'city': 'Westkapelle', 'state': 'Drenthe'...</msg>
<var>${json_data}</var>
<arg>${response.json()}</arg>
<doc>Returns the given values which can then be assigned to a variables.</doc>
<status status="PASS" start="2024-06-15T08:17:56.639532" elapsed="0.000597"/>
</kw>
<kw name="Log" owner="BuiltIn">
<msg time="2024-06-15T08:17:56.640590" level="INFO">{'results': [{'gender': 'male', 'name': {'title': 'Mr', 'first': 'Jaël', 'last': 'Van Trier'}, 'location': {'street': {'number': 3120, 'name': 'Poortstraat'}, 'city': 'Westkapelle', 'state': 'Drenthe', 'country': 'Netherlands', 'postcode': '0144 VY', 'coordinates': {'latitude': '37.0855', 'longitude': '-81.8881'}, 'timezone': {'offset': '+11:00', 'description': 'Magadan, Solomon Islands, New Caledonia'}}, 'email': 'jael.vantrier@example.com', 'login': {'uuid': '6ef4fe0d-8bfd-4289-bf65-1e97370998c3', 'username': 'happyfrog206', 'password': 'welcome', 'salt': 'HS83iGKo', 'md5': 'abcdb0e32089afc8ecbdf374f19c4213', 'sha1': '47a7d2a1a1fba5c092ea5f21f6a6f6b92b300e7c', 'sha256': '1c045a123921045b54164d675731478305e2e363bbfcd1f28648ed7dedf65d52'}, 'dob': {'date': '1994-07-06T07:48:09.720Z', 'age': 29}, 'registered': {'date': '2014-03-07T14:40:30.401Z', 'age': 10}, 'phone': '(024) 0555729', 'cell': '(06) 36917772', 'id': {'name': 'BSN', 'value': '14632261'}, 'picture': {'large': 'https://randomuser.me/api/portraits/men/49.jpg', 'medium': 'https://randomuser.me/api/portraits/med/men/49.jpg', 'thumbnail': 'https://randomuser.me/api/portraits/thumb/men/49.jpg'}, 'nat': 'NL'}], 'info': {'seed': '0eb5a5e0fb313e76', 'results': 1, 'page': 1, 'version': '1.4'}}</msg>
<arg>${json_data}</arg>
<doc>Logs the given message with the given level.</doc>
<status status="PASS" start="2024-06-15T08:17:56.640433" elapsed="0.000206"/>
</kw>
<kw name="Should Be String" owner="String">
<arg>${json_data['results'][0]['gender']}</arg>
<doc>Fails if the given ``item`` is not a string.</doc>
<status status="PASS" start="2024-06-15T08:17:56.640933" elapsed="0.000370"/>
</kw>
<kw name="Should Match Regexp" owner="BuiltIn">
<arg>${json_data['results'][0]['email']}</arg>
<arg>^[a-zA-Z0-9._%+-]+@[a-zA-Z0-9.-]+\.[a-zA-Z]{2,}$</arg>
<doc>Fails if ``string`` does not match ``pattern`` as a regular expression.</doc>
<status status="PASS" start="2024-06-15T08:17:56.641491" elapsed="0.000547"/>
</kw>
<kw name="Should Match Regexp" owner="BuiltIn">
<arg>${json_data['results'][0]['dob']['date']}</arg>
<arg>\\d{4}-\\d{2}-\\d{2}T\\d{2}:\\d{2}:\\d{2}\\.\\d{3}Z</arg>
<doc>Fails if ``string`` does not match ``pattern`` as a regular expression.</doc>
<status status="PASS" start="2024-06-15T08:17:56.642271" elapsed="0.000504"/>
</kw>
<kw name="Should Match Regexp" owner="BuiltIn">
<arg>${json_data['results'][0]['registered']['date']}</arg>
<arg>\\d{4}-\\d{2}-\\d{2}T\\d{2}:\\d{2}:\\d{2}\\.\\d{3}Z</arg>
<doc>Fails if ``string`` does not match ``pattern`` as a regular expression.</doc>
<status status="PASS" start="2024-06-15T08:17:56.642967" elapsed="0.000369"/>
</kw>
<kw name="Should Match Regexp" owner="BuiltIn">
<arg>${json_data['results'][0]['picture']['large']}</arg>
<arg>^https?://.*\.(?:png|jpe?g|gif|bmp)$</arg>
<doc>Fails if ``string`` does not match ``pattern`` as a regular expression.</doc>
<status status="PASS" start="2024-06-15T08:17:56.643522" elapsed="0.000458"/>
</kw>
<kw name="Should Match Regexp" owner="BuiltIn">
<arg>${json_data['results'][0]['picture']['medium']}</arg>
<arg>^https?://.*\.(?:png|jpe?g|gif|bmp)$</arg>
<doc>Fails if ``string`` does not match ``pattern`` as a regular expression.</doc>
<status status="PASS" start="2024-06-15T08:17:56.644173" elapsed="0.000350"/>
</kw>
<kw name="Should Match Regexp" owner="BuiltIn">
<arg>${json_data['results'][0]['picture']['thumbnail']}</arg>
<arg>^https?://.*\.(?:png|jpe?g|gif|bmp)$</arg>
<doc>Fails if ``string`` does not match ``pattern`` as a regular expression.</doc>
<status status="PASS" start="2024-06-15T08:17:56.644712" elapsed="0.000344"/>
</kw>
<kw name="Log" owner="BuiltIn">
<msg time="2024-06-15T08:17:56.645561" level="INFO">{'large': 'https://randomuser.me/api/portraits/men/49.jpg', 'medium': 'https://randomuser.me/api/portraits/med/men/49.jpg', 'thumbnail': 'https://randomuser.me/api/portraits/thumb/men/49.jpg'}</msg>
<arg>${json_data['results'][0]['picture']}</arg>
<doc>Logs the given message with the given level.</doc>
<status status="PASS" start="2024-06-15T08:17:56.645236" elapsed="0.000370"/>
</kw>
<status status="PASS" start="2024-06-15T08:17:56.552838" elapsed="0.093051"/>
</kw>
<kw name="Teste de Tipos de Dados - Postcode" owner="random-user-service">
<kw name="GET On Session" owner="RequestsLibrary">
<msg time="2024-06-15T08:17:56.737159" level="INFO">GET Request : url=https://randomuser.me/api 
 path_url=/api 
 headers={'User-Agent': 'python-requests/2.32.3', 'Accept-Encoding': 'gzip, deflate', 'Accept': '*/*', 'Connection': 'keep-alive'} 
 body=None 
 </msg>
<msg time="2024-06-15T08:17:56.737256" level="INFO">GET Response : url=https://randomuser.me/api 
 status=200, reason=OK 
 headers={'Date': 'Sat, 15 Jun 2024 08:17:56 GMT', 'Content-Type': 'application/json; charset=utf-8', 'Transfer-Encoding': 'chunked', 'Connection': 'keep-alive', 'X-Powered-By': 'Express', 'Access-Control-Allow-Origin': '*', 'Cache-Control': 'no-cache', 'ETag': 'W/"49e-SHITwjkliVMb7PtJjA/nko5K7og"', 'Vary': 'Accept-Encoding', 'Content-Encoding': 'gzip', 'CF-Cache-Status': 'DYNAMIC', 'Report-To': '{"endpoints":[{"url":"https:\\/\\/a.nel.cloudflare.com\\/report\\/v4?s=axnEsUP7uxlfgutojUC6xhgADiL7IjJ6mcAdTtLlt1WNxLNI%2BL7YJp%2FcyHKmgfm4kawFydBqNePDBPrflJOdy31zyEVOpRsQgGO2xVRRTX9diuOTsy5clFqh%2BwX9x7RX"}],"group":"cf-nel","max_age":604800}', 'NEL': '{"success_fraction":0,"report_to":"cf-nel","max_age":604800}', 'Server': 'cloudflare', 'CF-RAY': '894120690f3d123f-ORD', 'alt-svc': 'h3=":443"; ma=86400'} 
 body={"results":[{"gender":"female","name":{"title":"Ms","first":"Noemí","last":"Arguello"},"location":{"street":{"number":1625,"name":"Cerrada Distrito Federal"},"city":"El Abra","state":"Hidalgo","country":"Mexico","postcode":36698,"coordinates":{"latitude":"21.4808","longitude":"48.6296"},"timezone":{"offset":"+2:00","description":"Kaliningrad, South Africa"}},"email":"noemi.arguello@example.com","login":{"uuid":"c0d82436-46bf-4eec-aae9-ee52870bae39","username":"purplewolf895","password":"tinkerbe","salt":"yQ064VlN","md5":"9ace14be1bad0706f63967f8773bba42","sha1":"0fadedc130a23864946bd4a5991422ef19c890c2","sha256":"3e8c3653da23e5955c6af2c70f7e85024f4ec46d29c1ee7b23c8c3073cac725b"},"dob":{"date":"1965-02-06T06:41:07.660Z","age":59},"registered":{"date":"2005-02-01T18:22:50.132Z","age":19},"phone":"(640) 769 2565","cell":"(660) 505 2834","id":{"name":"NSS","value":"54 80 32 6450 9"},"picture":{"large":"https://randomuser.me/api/portraits/women/48.jpg","medium":"https://randomuser.me/api/portraits/med/women/48.jpg","thumbnail":"https://randomuser.me/api/portraits/thumb/women/48.jpg"},"nat":"MX"}],"info":{"seed":"372d4f2c14b33eae","results":1,"page":1,"version":"1.4"}} 
 </msg>
<msg time="2024-06-15T08:17:56.737347" level="INFO">/opt/hostedtoolcache/Python/3.12.3/x64/lib/python3.12/site-packages/urllib3/connectionpool.py:1103: InsecureRequestWarning: Unverified HTTPS request is being made to host 'randomuser.me'. Adding certificate verification is strongly advised. See: https://urllib3.readthedocs.io/en/latest/advanced-usage.html#tls-warnings
  warnings.warn(</msg>
<msg time="2024-06-15T08:17:56.737465" level="INFO">${response} = &lt;Response [200]&gt;</msg>
<var>${response}</var>
<arg>consultarAPI</arg>
<arg>/api</arg>
<doc>Sends a GET request on a previously created HTTP Session.</doc>
<status status="PASS" start="2024-06-15T08:17:56.646336" elapsed="0.091169"/>
</kw>
<kw name="Set Variable" owner="BuiltIn">
<msg time="2024-06-15T08:17:56.738583" level="INFO">${json_data} = {'results': [{'gender': 'female', 'name': {'title': 'Ms', 'first': 'Noemí', 'last': 'Arguello'}, 'location': {'street': {'number': 1625, 'name': 'Cerrada Distrito Federal'}, 'city': 'El Abra', 'state'...</msg>
<var>${json_data}</var>
<arg>${response.json()}</arg>
<doc>Returns the given values which can then be assigned to a variables.</doc>
<status status="PASS" start="2024-06-15T08:17:56.738068" elapsed="0.000546"/>
</kw>
<kw name="Log" owner="BuiltIn">
<msg time="2024-06-15T08:17:56.739085" level="INFO">{'results': [{'gender': 'female', 'name': {'title': 'Ms', 'first': 'Noemí', 'last': 'Arguello'}, 'location': {'street': {'number': 1625, 'name': 'Cerrada Distrito Federal'}, 'city': 'El Abra', 'state': 'Hidalgo', 'country': 'Mexico', 'postcode': 36698, 'coordinates': {'latitude': '21.4808', 'longitude': '48.6296'}, 'timezone': {'offset': '+2:00', 'description': 'Kaliningrad, South Africa'}}, 'email': 'noemi.arguello@example.com', 'login': {'uuid': 'c0d82436-46bf-4eec-aae9-ee52870bae39', 'username': 'purplewolf895', 'password': 'tinkerbe', 'salt': 'yQ064VlN', 'md5': '9ace14be1bad0706f63967f8773bba42', 'sha1': '0fadedc130a23864946bd4a5991422ef19c890c2', 'sha256': '3e8c3653da23e5955c6af2c70f7e85024f4ec46d29c1ee7b23c8c3073cac725b'}, 'dob': {'date': '1965-02-06T06:41:07.660Z', 'age': 59}, 'registered': {'date': '2005-02-01T18:22:50.132Z', 'age': 19}, 'phone': '(640) 769 2565', 'cell': '(660) 505 2834', 'id': {'name': 'NSS', 'value': '54 80 32 6450 9'}, 'picture': {'large': 'https://randomuser.me/api/portraits/women/48.jpg', 'medium': 'https://randomuser.me/api/portraits/med/women/48.jpg', 'thumbnail': 'https://randomuser.me/api/portraits/thumb/women/48.jpg'}, 'nat': 'MX'}], 'info': {'seed': '372d4f2c14b33eae', 'results': 1, 'page': 1, 'version': '1.4'}}</msg>
<arg>${json_data}</arg>
<doc>Logs the given message with the given level.</doc>
<status status="PASS" start="2024-06-15T08:17:56.738926" elapsed="0.000208"/>
</kw>
<kw name="Should Be Equal As Numbers" owner="BuiltIn">
<arg>${json_data['results'][0]['location']['postcode']}</arg>
<arg>${json_data['results'][0]['location']['postcode']}</arg>
<doc>Fails if objects are unequal after converting them to real numbers.</doc>
<status status="PASS" start="2024-06-15T08:17:56.739430" elapsed="0.000626"/>
</kw>
<kw name="Log" owner="BuiltIn">
<msg time="2024-06-15T08:17:56.740575" level="INFO">36698</msg>
<arg>${json_data['results'][0]['location']['postcode']}</arg>
<doc>Logs the given message with the given level.</doc>
<status status="PASS" start="2024-06-15T08:17:56.740244" elapsed="0.000370"/>
</kw>
<status status="PASS" start="2024-06-15T08:17:56.646108" elapsed="0.094788"/>
</kw>
<doc>Testa se os tipos de dados na resposta da API estão corretos.</doc>
<tag>testeTiposDados</tag>
<status status="PASS" start="2024-06-15T08:17:56.552282" elapsed="0.188783"/>
</test>
<test id="s1-s1-t5" name="Validar conteudo" line="35">
<kw name="Teste de Tipos de Conteudo" owner="random-user-service">
<kw name="GET On Session" owner="RequestsLibrary">
<msg time="2024-06-15T08:17:56.831040" level="INFO">GET Request : url=https://randomuser.me/api 
 path_url=/api 
 headers={'User-Agent': 'python-requests/2.32.3', 'Accept-Encoding': 'gzip, deflate', 'Accept': '*/*', 'Connection': 'keep-alive'} 
 body=None 
 </msg>
<msg time="2024-06-15T08:17:56.831148" level="INFO">GET Response : url=https://randomuser.me/api 
 status=200, reason=OK 
 headers={'Date': 'Sat, 15 Jun 2024 08:17:56 GMT', 'Content-Type': 'application/json; charset=utf-8', 'Transfer-Encoding': 'chunked', 'Connection': 'keep-alive', 'X-Powered-By': 'Express', 'Access-Control-Allow-Origin': '*', 'Cache-Control': 'no-cache', 'ETag': 'W/"49e-EQoQuO9lsXNrCqgIcEfzNFjrHRo"', 'Vary': 'Accept-Encoding', 'Content-Encoding': 'gzip', 'CF-Cache-Status': 'DYNAMIC', 'Report-To': '{"endpoints":[{"url":"https:\\/\\/a.nel.cloudflare.com\\/report\\/v4?s=tBakGOoKfl2dXv8Qngz4ONpF55kKYi3xEFClEbgFbITJfE86Dx8fiVApKdNycyR5gDGD%2FnMTTnfMFRT7kqYXAqRfpGLq95GobFpEB%2BTdSPDCpDZfAoyrnXYDUx77eFXm"}],"group":"cf-nel","max_age":604800}', 'NEL': '{"success_fraction":0,"report_to":"cf-nel","max_age":604800}', 'Server': 'cloudflare', 'CF-RAY': '89412069afa6123f-ORD', 'alt-svc': 'h3=":443"; ma=86400'} 
 body={"results":[{"gender":"male","name":{"title":"Mr","first":"Stephen","last":"Porter"},"location":{"street":{"number":2688,"name":"Broadway"},"city":"Inverness","state":"North Yorkshire","country":"United Kingdom","postcode":"BY72 9ZQ","coordinates":{"latitude":"-12.2183","longitude":"-37.0895"},"timezone":{"offset":"+5:30","description":"Bombay, Calcutta, Madras, New Delhi"}},"email":"stephen.porter@example.com","login":{"uuid":"ebb406aa-eb28-4c20-9724-75a05d6b967f","username":"blackfish508","password":"jayhawks","salt":"5TlGVjdf","md5":"b9e79000cffab3ebd003166ffdde282e","sha1":"de14614f4404b539028ac80670454116318688c9","sha256":"e6ff45d9e11337afd49a7b88570eda284f18f8f6da19bf37df0b796e398598fc"},"dob":{"date":"1965-01-26T09:44:13.309Z","age":59},"registered":{"date":"2015-04-20T19:37:50.025Z","age":9},"phone":"01837 580277","cell":"07710 498324","id":{"name":"NINO","value":"RT 14 82 50 Q"},"picture":{"large":"https://randomuser.me/api/portraits/men/1.jpg","medium":"https://randomuser.me/api/portraits/med/men/1.jpg","thumbnail":"https://randomuser.me/api/portraits/thumb/men/1.jpg"},"nat":"GB"}],"info":{"seed":"692402def7030b6d","results":1,"page":1,"version":"1.4"}} 
 </msg>
<msg time="2024-06-15T08:17:56.831222" level="INFO">/opt/hostedtoolcache/Python/3.12.3/x64/lib/python3.12/site-packages/urllib3/connectionpool.py:1103: InsecureRequestWarning: Unverified HTTPS request is being made to host 'randomuser.me'. Adding certificate verification is strongly advised. See: https://urllib3.readthedocs.io/en/latest/advanced-usage.html#tls-warnings
  warnings.warn(</msg>
<msg time="2024-06-15T08:17:56.831340" level="INFO">${response} = &lt;Response [200]&gt;</msg>
<var>${response}</var>
<arg>consultarAPI</arg>
<arg>/api</arg>
<doc>Sends a GET request on a previously created HTTP Session.</doc>
<status status="PASS" start="2024-06-15T08:17:56.743506" elapsed="0.087864"/>
</kw>
<kw name="Set Variable" owner="BuiltIn">
<msg time="2024-06-15T08:17:56.832412" level="INFO">${json_data} = {'results': [{'gender': 'male', 'name': {'title': 'Mr', 'first': 'Stephen', 'last': 'Porter'}, 'location': {'street': {'number': 2688, 'name': 'Broadway'}, 'city': 'Inverness', 'state': 'North Yorkshi...</msg>
<var>${json_data}</var>
<arg>${response.json()}</arg>
<doc>Returns the given values which can then be assigned to a variables.</doc>
<status status="PASS" start="2024-06-15T08:17:56.831907" elapsed="0.000535"/>
</kw>
<kw name="Set Variable" owner="BuiltIn">
<msg time="2024-06-15T08:17:56.833121" level="INFO">${name_title} = Mr</msg>
<var>${name_title}</var>
<arg>${json_data["results"][0]["name"]["title"]}</arg>
<doc>Returns the given values which can then be assigned to a variables.</doc>
<status status="PASS" start="2024-06-15T08:17:56.832744" elapsed="0.000402"/>
</kw>
<kw name="Create List" owner="BuiltIn">
<msg time="2024-06-15T08:17:56.833591" level="INFO">${allowed_titles} = ['Mr', 'Ms', 'Miss', 'Mrs', 'Madame', 'Monsieur']</msg>
<var>${allowed_titles}</var>
<arg>Mr</arg>
<arg>Ms</arg>
<arg>Miss</arg>
<arg>Mrs</arg>
<arg>Madame</arg>
<arg>Monsieur</arg>
<doc>Returns a list containing given items.</doc>
<status status="PASS" start="2024-06-15T08:17:56.833443" elapsed="0.000173"/>
</kw>
<kw name="List Should Contain Value" owner="Collections">
<arg>${allowed_titles}</arg>
<arg>${name_title}</arg>
<doc>Fails if the ``value`` is not found from ``list``.</doc>
<status status="PASS" start="2024-06-15T08:17:56.833988" elapsed="0.000183"/>
</kw>
<kw name="Set Variable" owner="BuiltIn">
<msg time="2024-06-15T08:17:56.834727" level="INFO">${name_country} = GB</msg>
<var>${name_country}</var>
<arg>${json_data["results"][0]["nat"]}</arg>
<doc>Returns the given values which can then be assigned to a variables.</doc>
<status status="PASS" start="2024-06-15T08:17:56.834350" elapsed="0.000401"/>
</kw>
<kw name="Create List" owner="BuiltIn">
<msg time="2024-06-15T08:17:56.835640" level="INFO">${list_country} = ['AD', 'AE', 'AF', 'AG', 'AI', 'AL', 'AM', 'AO', 'AQ', 'AR', 'AS', 'AT', 'AU', 'AW', 'AX', 'AZ', 'BA', 'BB', 'BD', 'BE', 'BF', 'BG', 'BH', 'BI', 'BJ', 'BL', 'BM', 'BN', 'BO', 'BQ', 'BR', 'BS', 'BT', '...</msg>
<var>${list_country}</var>
<arg>AD</arg>
<arg>AE</arg>
<arg>AF</arg>
<arg>AG</arg>
<arg>AI</arg>
<arg>AL</arg>
<arg>AM</arg>
<arg>AO</arg>
<arg>AQ</arg>
<arg>AR</arg>
<arg>AS</arg>
<arg>AT</arg>
<arg>AU</arg>
<arg>AW</arg>
<arg>AX</arg>
<arg>AZ</arg>
<arg>BA</arg>
<arg>BB</arg>
<arg>BD</arg>
<arg>BE</arg>
<arg>BF</arg>
<arg>BG</arg>
<arg>BH</arg>
<arg>BI</arg>
<arg>BJ</arg>
<arg>BL</arg>
<arg>BM</arg>
<arg>BN</arg>
<arg>BO</arg>
<arg>BQ</arg>
<arg>BR</arg>
<arg>BS</arg>
<arg>BT</arg>
<arg>BV</arg>
<arg>BW</arg>
<arg>BY</arg>
<arg>BZ</arg>
<arg>CA</arg>
<arg>CC</arg>
<arg>CD</arg>
<arg>CF</arg>
<arg>CG</arg>
<arg>CH</arg>
<arg>CI</arg>
<arg>CK</arg>
<arg>CL</arg>
<arg>CM</arg>
<arg>CN</arg>
<arg>CO</arg>
<arg>CR</arg>
<arg>CU</arg>
<arg>CV</arg>
<arg>CW</arg>
<arg>CX</arg>
<arg>CY</arg>
<arg>CZ</arg>
<arg>DE</arg>
<arg>DJ</arg>
<arg>DK</arg>
<arg>DM</arg>
<arg>DO</arg>
<arg>DZ</arg>
<arg>EC</arg>
<arg>EE</arg>
<arg>EG</arg>
<arg>EH</arg>
<arg>ER</arg>
<arg>ES</arg>
<arg>ET</arg>
<arg>FI</arg>
<arg>FJ</arg>
<arg>FK</arg>
<arg>FM</arg>
<arg>FO</arg>
<arg>FR</arg>
<arg>GA</arg>
<arg>GB</arg>
<arg>GD</arg>
<arg>GE</arg>
<arg>GF</arg>
<arg>GG</arg>
<arg>GH</arg>
<arg>GI</arg>
<arg>GL</arg>
<arg>GM</arg>
<arg>GN</arg>
<arg>GP</arg>
<arg>GQ</arg>
<arg>GR</arg>
<arg>GS</arg>
<arg>GT</arg>
<arg>GU</arg>
<arg>GW</arg>
<arg>GY</arg>
<arg>HK</arg>
<arg>HM</arg>
<arg>HN</arg>
<arg>HR</arg>
<arg>HT</arg>
<arg>HU</arg>
<arg>ID</arg>
<arg>IE</arg>
<arg>IL</arg>
<arg>IM</arg>
<arg>IN</arg>
<arg>IO</arg>
<arg>IQ</arg>
<arg>IR</arg>
<arg>IS</arg>
<arg>IT</arg>
<arg>JE</arg>
<arg>JM</arg>
<arg>JO</arg>
<arg>JP</arg>
<arg>KE</arg>
<arg>KG</arg>
<arg>KH</arg>
<arg>KI</arg>
<arg>KM</arg>
<arg>KN</arg>
<arg>KP</arg>
<arg>KR</arg>
<arg>KW</arg>
<arg>KY</arg>
<arg>KZ</arg>
<arg>LA</arg>
<arg>LB</arg>
<arg>LC</arg>
<arg>LI</arg>
<arg>LK</arg>
<arg>LR</arg>
<arg>LS</arg>
<arg>LT</arg>
<arg>LU</arg>
<arg>LV</arg>
<arg>LY</arg>
<arg>MA</arg>
<arg>MC</arg>
<arg>MD</arg>
<arg>ME</arg>
<arg>MF</arg>
<arg>MG</arg>
<arg>MH</arg>
<arg>MK</arg>
<arg>ML</arg>
<arg>MM</arg>
<arg>MN</arg>
<arg>MO</arg>
<arg>MP</arg>
<arg>MQ</arg>
<arg>MR</arg>
<arg>MS</arg>
<arg>MT</arg>
<arg>MU</arg>
<arg>MV</arg>
<arg>MW</arg>
<arg>MX</arg>
<arg>MY</arg>
<arg>MZ</arg>
<arg>NA</arg>
<arg>NC</arg>
<arg>NE</arg>
<arg>NF</arg>
<arg>NG</arg>
<arg>NI</arg>
<arg>NL</arg>
<arg>NO</arg>
<arg>NP</arg>
<arg>NR</arg>
<arg>NU</arg>
<arg>NZ</arg>
<arg>OM</arg>
<arg>PA</arg>
<arg>PE</arg>
<arg>PF</arg>
<arg>PG</arg>
<arg>PH</arg>
<arg>PK</arg>
<arg>PL</arg>
<arg>PM</arg>
<arg>PN</arg>
<arg>PR</arg>
<arg>PS</arg>
<arg>PT</arg>
<arg>PW</arg>
<arg>PY</arg>
<arg>QA</arg>
<arg>RE</arg>
<arg>RO</arg>
<arg>RS</arg>
<arg>RU</arg>
<arg>RW</arg>
<arg>SA</arg>
<arg>SB</arg>
<arg>SC</arg>
<arg>SD</arg>
<arg>SE</arg>
<arg>SG</arg>
<arg>SH</arg>
<arg>SI</arg>
<arg>SJ</arg>
<arg>SK</arg>
<arg>SL</arg>
<arg>SM</arg>
<arg>SN</arg>
<arg>SO</arg>
<arg>SR</arg>
<arg>SS</arg>
<arg>ST</arg>
<arg>SV</arg>
<arg>SX</arg>
<arg>SY</arg>
<arg>SZ</arg>
<arg>TC</arg>
<arg>TD</arg>
<arg>TF</arg>
<arg>TG</arg>
<arg>TH</arg>
<arg>TJ</arg>
<arg>TK</arg>
<arg>TL</arg>
<arg>TM</arg>
<arg>TN</arg>
<arg>TO</arg>
<arg>TR</arg>
<arg>TT</arg>
<arg>TV</arg>
<arg>TW</arg>
<arg>TZ</arg>
<arg>UA</arg>
<arg>UG</arg>
<arg>UM</arg>
<arg>US</arg>
<arg>UY</arg>
<arg>UZ</arg>
<arg>VA</arg>
<arg>VC</arg>
<arg>VE</arg>
<arg>VG</arg>
<arg>VI</arg>
<arg>VN</arg>
<arg>VU</arg>
<arg>WF</arg>
<arg>WS</arg>
<arg>XK</arg>
<arg>YE</arg>
<arg>YT</arg>
<arg>ZA</arg>
<arg>ZM</arg>
<arg>ZW</arg>
<doc>Returns a list containing given items.</doc>
<status status="PASS" start="2024-06-15T08:17:56.835044" elapsed="0.000623"/>
</kw>
<kw name="List Should Contain Value" owner="Collections">
<arg>${list_country}</arg>
<arg>${name_country}</arg>
<doc>Fails if the ``value`` is not found from ``list``.</doc>
<status status="PASS" start="2024-06-15T08:17:56.836457" elapsed="0.000202"/>
</kw>
<kw name="Run Keyword If" owner="BuiltIn">
<kw name="Should Be True" owner="BuiltIn">
<arg>${True}</arg>
<doc>Fails if the given condition is not true.</doc>
<status status="PASS" start="2024-06-15T08:17:56.837721" elapsed="0.000166"/>
</kw>
<arg>${json_data["results"][0]["location"]["coordinates"]["latitude"]} &gt;= -90 and ${json_data["results"][0]["location"]["coordinates"]["latitude"]} &lt;= 90</arg>
<arg>Should Be True</arg>
<arg>${True}</arg>
<doc>Runs the given keyword with the given arguments, if ``condition`` is true.</doc>
<status status="PASS" start="2024-06-15T08:17:56.836855" elapsed="0.001166"/>
</kw>
<kw name="Run Keyword If" owner="BuiltIn">
<kw name="Should Be True" owner="BuiltIn">
<arg>${True}</arg>
<doc>Fails if the given condition is not true.</doc>
<status status="PASS" start="2024-06-15T08:17:56.838893" elapsed="0.000137"/>
</kw>
<arg>${json_data["results"][0]["location"]["coordinates"]["longitude"]} &gt;= -180 and ${json_data["results"][0]["location"]["coordinates"]["longitude"]} &lt;= 180</arg>
<arg>Should Be True</arg>
<arg>${True}</arg>
<doc>Runs the given keyword with the given arguments, if ``condition`` is true.</doc>
<status status="PASS" start="2024-06-15T08:17:56.838206" elapsed="0.000948"/>
</kw>
<status status="PASS" start="2024-06-15T08:17:56.743284" elapsed="0.096001"/>
</kw>
<doc>Testa o conteúdo específico dos campos retornados pela API.</doc>
<tag>testeConteudo</tag>
<status status="PASS" start="2024-06-15T08:17:56.742829" elapsed="0.096610"/>
</test>
<status status="PASS" start="2024-06-15T08:17:55.922532" elapsed="0.918829"/>
</suite>
<status status="PASS" start="2024-06-15T08:17:55.908955" elapsed="0.937403"/>
</suite>
<statistics>
<total>
<stat pass="5" fail="0" skip="0">All Tests</stat>
</total>
<tag>
<stat pass="1" fail="0" skip="0">testeConteudo</stat>
<stat pass="1" fail="0" skip="0">testeEstruturaResposta</stat>
<stat pass="1" fail="0" skip="0">testeRequisicaoBasica</stat>
<stat pass="1" fail="0" skip="0">testeTiposDados</stat>
</tag>
<suite>
<stat pass="5" fail="0" skip="0" id="s1" name="Tests">Tests</stat>
<stat pass="5" fail="0" skip="0" id="s1-s1" name="Random-User-Test">Tests.Random-User-Test</stat>
</suite>
</statistics>
<errors>
</errors>
</robot>
