<?xml version="1.0" encoding="UTF-8"?>
<robot generator="Robot 7.0.1 (Python 3.12.4 on linux)" generated="2024-08-01T18:20:14.634556" rpa="false" schemaversion="5">
<suite id="s1" name="Tests" source="/home/runner/work/ApiRandomUser/ApiRandomUser/RamdonUser/tests">
<suite id="s1-s1" name="Random-User-Test" source="/home/runner/work/ApiRandomUser/ApiRandomUser/RamdonUser/tests/random-user-test.robot">
<test id="s1-s1-t1" name="Conectar" line="13">
<kw name="Conectar API" owner="random-user-service">
<kw name="Create Session" owner="RequestsLibrary">
<msg time="2024-08-01T18:20:15.080170" level="INFO">Creating Session using : alias=consultarAPI, url=https://randomuser.me/, headers={},                     cookies={}, auth=None, timeout=None, proxies=None, verify=False,                     debug=0 </msg>
<arg>consultarAPI</arg>
<arg>${URL}</arg>
<doc>Create Session: create a HTTP session to a server</doc>
<status status="PASS" start="2024-08-01T18:20:15.079967" elapsed="0.000396"/>
</kw>
<status status="PASS" start="2024-08-01T18:20:15.078903" elapsed="0.001824"/>
</kw>
<status status="PASS" start="2024-08-01T18:20:15.078298" elapsed="0.002627"/>
</test>
<test id="s1-s1-t2" name="Validar retorno 200 e JSON Válido" line="16">
<kw name="Teste de Requisicao Basica" owner="random-user-service">
<kw name="GET On Session" owner="RequestsLibrary">
<msg time="2024-08-01T18:20:16.158895" level="INFO">GET Request : url=https://randomuser.me/api 
 path_url=/api 
 headers={'User-Agent': 'python-requests/2.32.3', 'Accept-Encoding': 'gzip, deflate', 'Accept': '*/*', 'Connection': 'keep-alive'} 
 body=None 
 </msg>
<msg time="2024-08-01T18:20:16.159069" level="INFO">GET Response : url=https://randomuser.me/api 
 status=200, reason=OK 
 headers={'Date': 'Thu, 01 Aug 2024 18:20:16 GMT', 'Content-Type': 'application/json; charset=utf-8', 'Transfer-Encoding': 'chunked', 'Connection': 'keep-alive', 'X-Powered-By': 'Express', 'Access-Control-Allow-Origin': '*', 'Cache-Control': 'no-cache', 'ETag': 'W/"482-fm05CsFH41O+Xga4QphQBiU+5Zk"', 'Vary': 'Accept-Encoding', 'Content-Encoding': 'gzip', 'CF-Cache-Status': 'DYNAMIC', 'Report-To': '{"endpoints":[{"url":"https:\\/\\/a.nel.cloudflare.com\\/report\\/v4?s=Dd5xPslf8ZR9GZkderyUfkhnTrEsUdtJK9iDFesHJ6SDvZ4mgBKxEq3XJxa4miis5PgdP%2F%2Bjh1hLleCN5nC37IFgKJFPgABIfZerjmn2pbJfXufhR3IKQxjKZutoDIBq"}],"group":"cf-nel","max_age":604800}', 'NEL': '{"success_fraction":0,"report_to":"cf-nel","max_age":604800}', 'Server': 'cloudflare', 'CF-RAY': '8ac7d7527f53cee5-SJC', 'alt-svc': 'h3=":443"; ma=86400'} 
 body={"results":[{"gender":"female","name":{"title":"Mrs","first":"Jennifer","last":"Wright"},"location":{"street":{"number":4244,"name":"White Oak Dr"},"city":"Bundaberg","state":"Western Australia","country":"Australia","postcode":545,"coordinates":{"latitude":"-88.4662","longitude":"83.0506"},"timezone":{"offset":"-10:00","description":"Hawaii"}},"email":"jennifer.wright@example.com","login":{"uuid":"7f916f3f-99b5-4dc6-88c3-625009b4d59e","username":"browngorilla258","password":"silly","salt":"JRx2YBIH","md5":"855ff8d1033fdf85f7e37fc5d7926fa6","sha1":"827abc2b0f0dc5d1d75d1ddcd31444666106aa5e","sha256":"4b1aa79c15dd6e6f54505c96ce5e363d4aff68dc156b00968f2b4dba41b3e6ef"},"dob":{"date":"1964-12-21T09:58:42.052Z","age":59},"registered":{"date":"2002-05-02T07:34:37.656Z","age":22},"phone":"06-7283-5973","cell":"0420-234-092","id":{"name":"TFN","value":"274107720"},"picture":{"large":"https://randomuser.me/api/portraits/women/1.jpg","medium":"https://randomuser.me/api/portraits/med/women/1.jpg","thumbnail":"https://randomuser.me/api/portraits/thumb/women/1.jpg"},"nat":"AU"}],"info":{"seed":"ffecb28763be7b8a","results":1,"page":1,"version":"1.4"}} 
 </msg>
<msg time="2024-08-01T18:20:16.159160" level="INFO">/opt/hostedtoolcache/Python/3.12.4/x64/lib/python3.12/site-packages/urllib3/connectionpool.py:1099: InsecureRequestWarning: Unverified HTTPS request is being made to host 'randomuser.me'. Adding certificate verification is strongly advised. See: https://urllib3.readthedocs.io/en/latest/advanced-usage.html#tls-warnings
  warnings.warn(</msg>
<msg time="2024-08-01T18:20:16.159306" level="INFO">${response} = &lt;Response [200]&gt;</msg>
<var>${response}</var>
<arg>consultarAPI</arg>
<arg>/api</arg>
<doc>Sends a GET request on a previously created HTTP Session.</doc>
<status status="PASS" start="2024-08-01T18:20:15.083590" elapsed="1.075759"/>
</kw>
<kw name="Should Be Equal As Numbers" owner="BuiltIn">
<msg time="2024-08-01T18:20:16.160358" level="INFO">Argument types are:
&lt;class 'int'&gt;
&lt;class 'str'&gt;</msg>
<arg>${response.status_code}</arg>
<arg>200</arg>
<doc>Fails if objects are unequal after converting them to real numbers.</doc>
<status status="PASS" start="2024-08-01T18:20:16.159888" elapsed="0.000535"/>
</kw>
<kw name="Log" owner="BuiltIn">
<msg time="2024-08-01T18:20:16.161089" level="INFO">200</msg>
<arg>${response.status_code}</arg>
<doc>Logs the given message with the given level.</doc>
<status status="PASS" start="2024-08-01T18:20:16.160742" elapsed="0.000390"/>
</kw>
<kw name="Set Variable" owner="BuiltIn">
<msg time="2024-08-01T18:20:16.161870" level="INFO">${json_data} = {'results': [{'gender': 'female', 'name': {'title': 'Mrs', 'first': 'Jennifer', 'last': 'Wright'}, 'location': {'street': {'number': 4244, 'name': 'White Oak Dr'}, 'city': 'Bundaberg', 'state': 'Weste...</msg>
<var>${json_data}</var>
<arg>${response.json()}</arg>
<doc>Returns the given values which can then be assigned to a variables.</doc>
<status status="PASS" start="2024-08-01T18:20:16.161435" elapsed="0.000463"/>
</kw>
<kw name="Dictionary Should Contain Key" owner="Collections">
<arg>${json_data}</arg>
<arg>results</arg>
<doc>Fails if ``key`` is not found from ``dictionary``.</doc>
<status status="PASS" start="2024-08-01T18:20:16.162199" elapsed="0.000361"/>
</kw>
<status status="PASS" start="2024-08-01T18:20:15.083340" elapsed="1.079372"/>
</kw>
<doc>Testa se a API responde corretamente e retorna um objeto JSON válido.</doc>
<tag>testeRequisicaoBasica</tag>
<status status="PASS" start="2024-08-01T18:20:15.082837" elapsed="1.080049"/>
</test>
<test id="s1-s1-t3" name="Validar estrutura de resposta" line="22">
<kw name="Teste de Estrutura de Resposta" owner="random-user-service">
<kw name="GET On Session" owner="RequestsLibrary">
<msg time="2024-08-01T18:20:16.907025" level="INFO">GET Request : url=https://randomuser.me/api 
 path_url=/api 
 headers={'User-Agent': 'python-requests/2.32.3', 'Accept-Encoding': 'gzip, deflate', 'Accept': '*/*', 'Connection': 'keep-alive'} 
 body=None 
 </msg>
<msg time="2024-08-01T18:20:16.907144" level="INFO">GET Response : url=https://randomuser.me/api 
 status=200, reason=OK 
 headers={'Date': 'Thu, 01 Aug 2024 18:20:16 GMT', 'Content-Type': 'application/json; charset=utf-8', 'Transfer-Encoding': 'chunked', 'Connection': 'keep-alive', 'X-Powered-By': 'Express', 'Access-Control-Allow-Origin': '*', 'Cache-Control': 'no-cache', 'ETag': 'W/"484-oh4SZDYnftQ/m3axvIV7M40KZr4"', 'Vary': 'Accept-Encoding', 'Content-Encoding': 'gzip', 'CF-Cache-Status': 'DYNAMIC', 'Report-To': '{"endpoints":[{"url":"https:\\/\\/a.nel.cloudflare.com\\/report\\/v4?s=LNJL7tppJArNx4yOL%2Bch0acv9OgFXE2%2B2PfhYXSm361DUXfSTkzn4n0xCpNTNNV4pRX0e87d8MuB%2FW3GXjwTund27Vnhrlup7gT7hLMlBZaSvA8%2Fmm6DAQ9TjipL6DN2"}],"group":"cf-nel","max_age":604800}', 'NEL': '{"success_fraction":0,"report_to":"cf-nel","max_age":604800}', 'Server': 'cloudflare', 'CF-RAY': '8ac7d7590e41cee5-SJC', 'alt-svc': 'h3=":443"; ma=86400'} 
 body={"results":[{"gender":"female","name":{"title":"Miss","first":"Mirna","last":"Trajković"},"location":{"street":{"number":3560,"name":"Ilije Stojanovića"},"city":"Priština","state":"Zaječar","country":"Serbia","postcode":17019,"coordinates":{"latitude":"59.4789","longitude":"155.8408"},"timezone":{"offset":"+4:30","description":"Kabul"}},"email":"mirna.trajkovic@example.com","login":{"uuid":"9d2a54af-1b5f-4730-9e78-11d44bd3697e","username":"lazybutterfly179","password":"johanna","salt":"Rv7Cmcg5","md5":"eb812c1e4e133ef5314b2b17430c32c7","sha1":"b3a4e982442be58ea7f9027a0ff6b55d0d09064d","sha256":"850c3b3975aa2a5b2c11734a32bc1d2a3c677df9ce251b3074a7a284ee714e64"},"dob":{"date":"1992-11-17T04:58:13.354Z","age":31},"registered":{"date":"2007-07-23T10:13:01.191Z","age":17},"phone":"038-2454-965","cell":"067-5729-801","id":{"name":"SID","value":"070214751"},"picture":{"large":"https://randomuser.me/api/portraits/women/24.jpg","medium":"https://randomuser.me/api/portraits/med/women/24.jpg","thumbnail":"https://randomuser.me/api/portraits/thumb/women/24.jpg"},"nat":"RS"}],"info":{"seed":"a8f344bef5118f22","results":1,"page":1,"version":"1.4"}} 
 </msg>
<msg time="2024-08-01T18:20:16.907293" level="INFO">/opt/hostedtoolcache/Python/3.12.4/x64/lib/python3.12/site-packages/urllib3/connectionpool.py:1099: InsecureRequestWarning: Unverified HTTPS request is being made to host 'randomuser.me'. Adding certificate verification is strongly advised. See: https://urllib3.readthedocs.io/en/latest/advanced-usage.html#tls-warnings
  warnings.warn(</msg>
<msg time="2024-08-01T18:20:16.907426" level="INFO">${response} = &lt;Response [200]&gt;</msg>
<var>${response}</var>
<arg>consultarAPI</arg>
<arg>/api</arg>
<doc>Sends a GET request on a previously created HTTP Session.</doc>
<status status="PASS" start="2024-08-01T18:20:16.165433" elapsed="0.742036"/>
</kw>
<kw name="Set Variable" owner="BuiltIn">
<msg time="2024-08-01T18:20:16.908711" level="INFO">${json_data} = {'results': [{'gender': 'female', 'name': {'title': 'Miss', 'first': 'Mirna', 'last': 'Trajković'}, 'location': {'street': {'number': 3560, 'name': 'Ilije Stojanovića'}, 'city': 'Priština', 'state': '...</msg>
<var>${json_data}</var>
<arg>${response.json()}</arg>
<doc>Returns the given values which can then be assigned to a variables.</doc>
<status status="PASS" start="2024-08-01T18:20:16.908121" elapsed="0.000627"/>
</kw>
<kw name="Log" owner="BuiltIn">
<msg time="2024-08-01T18:20:16.909237" level="INFO">{'results': [{'gender': 'female', 'name': {'title': 'Miss', 'first': 'Mirna', 'last': 'Trajković'}, 'location': {'street': {'number': 3560, 'name': 'Ilije Stojanovića'}, 'city': 'Priština', 'state': 'Zaječar', 'country': 'Serbia', 'postcode': 17019, 'coordinates': {'latitude': '59.4789', 'longitude': '155.8408'}, 'timezone': {'offset': '+4:30', 'description': 'Kabul'}}, 'email': 'mirna.trajkovic@example.com', 'login': {'uuid': '9d2a54af-1b5f-4730-9e78-11d44bd3697e', 'username': 'lazybutterfly179', 'password': 'johanna', 'salt': 'Rv7Cmcg5', 'md5': 'eb812c1e4e133ef5314b2b17430c32c7', 'sha1': 'b3a4e982442be58ea7f9027a0ff6b55d0d09064d', 'sha256': '850c3b3975aa2a5b2c11734a32bc1d2a3c677df9ce251b3074a7a284ee714e64'}, 'dob': {'date': '1992-11-17T04:58:13.354Z', 'age': 31}, 'registered': {'date': '2007-07-23T10:13:01.191Z', 'age': 17}, 'phone': '038-2454-965', 'cell': '067-5729-801', 'id': {'name': 'SID', 'value': '070214751'}, 'picture': {'large': 'https://randomuser.me/api/portraits/women/24.jpg', 'medium': 'https://randomuser.me/api/portraits/med/women/24.jpg', 'thumbnail': 'https://randomuser.me/api/portraits/thumb/women/24.jpg'}, 'nat': 'RS'}], 'info': {'seed': 'a8f344bef5118f22', 'results': 1, 'page': 1, 'version': '1.4'}}</msg>
<arg>${json_data}</arg>
<doc>Logs the given message with the given level.</doc>
<status status="PASS" start="2024-08-01T18:20:16.909065" elapsed="0.000224"/>
</kw>
<kw name="Dictionary Should Contain Key" owner="Collections">
<arg>${json_data}</arg>
<arg>results</arg>
<doc>Fails if ``key`` is not found from ``dictionary``.</doc>
<status status="PASS" start="2024-08-01T18:20:16.909587" elapsed="0.000170"/>
</kw>
<kw name="Should Not Be Empty" owner="BuiltIn">
<msg time="2024-08-01T18:20:16.910064" level="INFO">Length is 2.</msg>
<arg>${json_data}</arg>
<doc>Verifies that the given item is not empty.</doc>
<status status="PASS" start="2024-08-01T18:20:16.909939" elapsed="0.000162"/>
</kw>
<kw name="Create List" owner="BuiltIn">
<msg time="2024-08-01T18:20:16.910601" level="INFO">${expected_keys} = ['gender', 'name', 'location', 'email', 'login']</msg>
<var>${expected_keys}</var>
<arg>gender</arg>
<arg>name</arg>
<arg>location</arg>
<arg>email</arg>
<arg>login</arg>
<doc>Returns a list containing given items.</doc>
<status status="PASS" start="2024-08-01T18:20:16.910437" elapsed="0.000187"/>
</kw>
<for flavor="IN">
<iter>
<kw name="Dictionary Should Contain Key" owner="Collections">
<arg>${json_data['results'][0]}</arg>
<arg>${key}</arg>
<doc>Fails if ``key`` is not found from ``dictionary``.</doc>
<status status="PASS" start="2024-08-01T18:20:16.911227" elapsed="0.000453"/>
</kw>
<kw name="Log" owner="BuiltIn">
<msg time="2024-08-01T18:20:16.912227" level="INFO">{'gender': 'female', 'name': {'title': 'Miss', 'first': 'Mirna', 'last': 'Trajković'}, 'location': {'street': {'number': 3560, 'name': 'Ilije Stojanovića'}, 'city': 'Priština', 'state': 'Zaječar', 'country': 'Serbia', 'postcode': 17019, 'coordinates': {'latitude': '59.4789', 'longitude': '155.8408'}, 'timezone': {'offset': '+4:30', 'description': 'Kabul'}}, 'email': 'mirna.trajkovic@example.com', 'login': {'uuid': '9d2a54af-1b5f-4730-9e78-11d44bd3697e', 'username': 'lazybutterfly179', 'password': 'johanna', 'salt': 'Rv7Cmcg5', 'md5': 'eb812c1e4e133ef5314b2b17430c32c7', 'sha1': 'b3a4e982442be58ea7f9027a0ff6b55d0d09064d', 'sha256': '850c3b3975aa2a5b2c11734a32bc1d2a3c677df9ce251b3074a7a284ee714e64'}, 'dob': {'date': '1992-11-17T04:58:13.354Z', 'age': 31}, 'registered': {'date': '2007-07-23T10:13:01.191Z', 'age': 17}, 'phone': '038-2454-965', 'cell': '067-5729-801', 'id': {'name': 'SID', 'value': '070214751'}, 'picture': {'large': 'https://randomuser.me/api/portraits/women/24.jpg', 'medium': 'https://randomuser.me/api/portraits/med/women/24.jpg', 'thumbnail': 'https://randomuser.me/api/portraits/thumb/women/24.jpg'}, 'nat': 'RS'}</msg>
<arg>${json_data['results'][0]}</arg>
<doc>Logs the given message with the given level.</doc>
<status status="PASS" start="2024-08-01T18:20:16.911868" elapsed="0.000410"/>
</kw>
<kw name="Log" owner="BuiltIn">
<msg time="2024-08-01T18:20:16.912704" level="INFO">gender</msg>
<arg>${key}</arg>
<doc>Logs the given message with the given level.</doc>
<status status="PASS" start="2024-08-01T18:20:16.912576" elapsed="0.000166"/>
</kw>
<var name="${key}">gender</var>
<status status="PASS" start="2024-08-01T18:20:16.911089" elapsed="0.001869"/>
</iter>
<iter>
<kw name="Dictionary Should Contain Key" owner="Collections">
<arg>${json_data['results'][0]}</arg>
<arg>${key}</arg>
<doc>Fails if ``key`` is not found from ``dictionary``.</doc>
<status status="PASS" start="2024-08-01T18:20:16.913252" elapsed="0.000382"/>
</kw>
<kw name="Log" owner="BuiltIn">
<msg time="2024-08-01T18:20:16.914187" level="INFO">{'gender': 'female', 'name': {'title': 'Miss', 'first': 'Mirna', 'last': 'Trajković'}, 'location': {'street': {'number': 3560, 'name': 'Ilije Stojanovića'}, 'city': 'Priština', 'state': 'Zaječar', 'country': 'Serbia', 'postcode': 17019, 'coordinates': {'latitude': '59.4789', 'longitude': '155.8408'}, 'timezone': {'offset': '+4:30', 'description': 'Kabul'}}, 'email': 'mirna.trajkovic@example.com', 'login': {'uuid': '9d2a54af-1b5f-4730-9e78-11d44bd3697e', 'username': 'lazybutterfly179', 'password': 'johanna', 'salt': 'Rv7Cmcg5', 'md5': 'eb812c1e4e133ef5314b2b17430c32c7', 'sha1': 'b3a4e982442be58ea7f9027a0ff6b55d0d09064d', 'sha256': '850c3b3975aa2a5b2c11734a32bc1d2a3c677df9ce251b3074a7a284ee714e64'}, 'dob': {'date': '1992-11-17T04:58:13.354Z', 'age': 31}, 'registered': {'date': '2007-07-23T10:13:01.191Z', 'age': 17}, 'phone': '038-2454-965', 'cell': '067-5729-801', 'id': {'name': 'SID', 'value': '070214751'}, 'picture': {'large': 'https://randomuser.me/api/portraits/women/24.jpg', 'medium': 'https://randomuser.me/api/portraits/med/women/24.jpg', 'thumbnail': 'https://randomuser.me/api/portraits/thumb/women/24.jpg'}, 'nat': 'RS'}</msg>
<arg>${json_data['results'][0]}</arg>
<doc>Logs the given message with the given level.</doc>
<status status="PASS" start="2024-08-01T18:20:16.913814" elapsed="0.000497"/>
</kw>
<kw name="Log" owner="BuiltIn">
<msg time="2024-08-01T18:20:16.914741" level="INFO">name</msg>
<arg>${key}</arg>
<doc>Logs the given message with the given level.</doc>
<status status="PASS" start="2024-08-01T18:20:16.914614" elapsed="0.000164"/>
</kw>
<var name="${key}">name</var>
<status status="PASS" start="2024-08-01T18:20:16.913143" elapsed="0.001855"/>
</iter>
<iter>
<kw name="Dictionary Should Contain Key" owner="Collections">
<arg>${json_data['results'][0]}</arg>
<arg>${key}</arg>
<doc>Fails if ``key`` is not found from ``dictionary``.</doc>
<status status="PASS" start="2024-08-01T18:20:16.915279" elapsed="0.000387"/>
</kw>
<kw name="Log" owner="BuiltIn">
<msg time="2024-08-01T18:20:16.916201" level="INFO">{'gender': 'female', 'name': {'title': 'Miss', 'first': 'Mirna', 'last': 'Trajković'}, 'location': {'street': {'number': 3560, 'name': 'Ilije Stojanovića'}, 'city': 'Priština', 'state': 'Zaječar', 'country': 'Serbia', 'postcode': 17019, 'coordinates': {'latitude': '59.4789', 'longitude': '155.8408'}, 'timezone': {'offset': '+4:30', 'description': 'Kabul'}}, 'email': 'mirna.trajkovic@example.com', 'login': {'uuid': '9d2a54af-1b5f-4730-9e78-11d44bd3697e', 'username': 'lazybutterfly179', 'password': 'johanna', 'salt': 'Rv7Cmcg5', 'md5': 'eb812c1e4e133ef5314b2b17430c32c7', 'sha1': 'b3a4e982442be58ea7f9027a0ff6b55d0d09064d', 'sha256': '850c3b3975aa2a5b2c11734a32bc1d2a3c677df9ce251b3074a7a284ee714e64'}, 'dob': {'date': '1992-11-17T04:58:13.354Z', 'age': 31}, 'registered': {'date': '2007-07-23T10:13:01.191Z', 'age': 17}, 'phone': '038-2454-965', 'cell': '067-5729-801', 'id': {'name': 'SID', 'value': '070214751'}, 'picture': {'large': 'https://randomuser.me/api/portraits/women/24.jpg', 'medium': 'https://randomuser.me/api/portraits/med/women/24.jpg', 'thumbnail': 'https://randomuser.me/api/portraits/thumb/women/24.jpg'}, 'nat': 'RS'}</msg>
<arg>${json_data['results'][0]}</arg>
<doc>Logs the given message with the given level.</doc>
<status status="PASS" start="2024-08-01T18:20:16.915853" elapsed="0.000399"/>
</kw>
<kw name="Log" owner="BuiltIn">
<msg time="2024-08-01T18:20:16.916677" level="INFO">location</msg>
<arg>${key}</arg>
<doc>Logs the given message with the given level.</doc>
<status status="PASS" start="2024-08-01T18:20:16.916550" elapsed="0.000164"/>
</kw>
<var name="${key}">location</var>
<status status="PASS" start="2024-08-01T18:20:16.915172" elapsed="0.001759"/>
</iter>
<iter>
<kw name="Dictionary Should Contain Key" owner="Collections">
<arg>${json_data['results'][0]}</arg>
<arg>${key}</arg>
<doc>Fails if ``key`` is not found from ``dictionary``.</doc>
<status status="PASS" start="2024-08-01T18:20:16.917206" elapsed="0.000373"/>
</kw>
<kw name="Log" owner="BuiltIn">
<msg time="2024-08-01T18:20:16.918271" level="INFO">{'gender': 'female', 'name': {'title': 'Miss', 'first': 'Mirna', 'last': 'Trajković'}, 'location': {'street': {'number': 3560, 'name': 'Ilije Stojanovića'}, 'city': 'Priština', 'state': 'Zaječar', 'country': 'Serbia', 'postcode': 17019, 'coordinates': {'latitude': '59.4789', 'longitude': '155.8408'}, 'timezone': {'offset': '+4:30', 'description': 'Kabul'}}, 'email': 'mirna.trajkovic@example.com', 'login': {'uuid': '9d2a54af-1b5f-4730-9e78-11d44bd3697e', 'username': 'lazybutterfly179', 'password': 'johanna', 'salt': 'Rv7Cmcg5', 'md5': 'eb812c1e4e133ef5314b2b17430c32c7', 'sha1': 'b3a4e982442be58ea7f9027a0ff6b55d0d09064d', 'sha256': '850c3b3975aa2a5b2c11734a32bc1d2a3c677df9ce251b3074a7a284ee714e64'}, 'dob': {'date': '1992-11-17T04:58:13.354Z', 'age': 31}, 'registered': {'date': '2007-07-23T10:13:01.191Z', 'age': 17}, 'phone': '038-2454-965', 'cell': '067-5729-801', 'id': {'name': 'SID', 'value': '070214751'}, 'picture': {'large': 'https://randomuser.me/api/portraits/women/24.jpg', 'medium': 'https://randomuser.me/api/portraits/med/women/24.jpg', 'thumbnail': 'https://randomuser.me/api/portraits/thumb/women/24.jpg'}, 'nat': 'RS'}</msg>
<arg>${json_data['results'][0]}</arg>
<doc>Logs the given message with the given level.</doc>
<status status="PASS" start="2024-08-01T18:20:16.917892" elapsed="0.000433"/>
</kw>
<kw name="Log" owner="BuiltIn">
<msg time="2024-08-01T18:20:16.918767" level="INFO">email</msg>
<arg>${key}</arg>
<doc>Logs the given message with the given level.</doc>
<status status="PASS" start="2024-08-01T18:20:16.918633" elapsed="0.000173"/>
</kw>
<var name="${key}">email</var>
<status status="PASS" start="2024-08-01T18:20:16.917101" elapsed="0.001922"/>
</iter>
<iter>
<kw name="Dictionary Should Contain Key" owner="Collections">
<arg>${json_data['results'][0]}</arg>
<arg>${key}</arg>
<doc>Fails if ``key`` is not found from ``dictionary``.</doc>
<status status="PASS" start="2024-08-01T18:20:16.919303" elapsed="0.000381"/>
</kw>
<kw name="Log" owner="BuiltIn">
<msg time="2024-08-01T18:20:16.920232" level="INFO">{'gender': 'female', 'name': {'title': 'Miss', 'first': 'Mirna', 'last': 'Trajković'}, 'location': {'street': {'number': 3560, 'name': 'Ilije Stojanovića'}, 'city': 'Priština', 'state': 'Zaječar', 'country': 'Serbia', 'postcode': 17019, 'coordinates': {'latitude': '59.4789', 'longitude': '155.8408'}, 'timezone': {'offset': '+4:30', 'description': 'Kabul'}}, 'email': 'mirna.trajkovic@example.com', 'login': {'uuid': '9d2a54af-1b5f-4730-9e78-11d44bd3697e', 'username': 'lazybutterfly179', 'password': 'johanna', 'salt': 'Rv7Cmcg5', 'md5': 'eb812c1e4e133ef5314b2b17430c32c7', 'sha1': 'b3a4e982442be58ea7f9027a0ff6b55d0d09064d', 'sha256': '850c3b3975aa2a5b2c11734a32bc1d2a3c677df9ce251b3074a7a284ee714e64'}, 'dob': {'date': '1992-11-17T04:58:13.354Z', 'age': 31}, 'registered': {'date': '2007-07-23T10:13:01.191Z', 'age': 17}, 'phone': '038-2454-965', 'cell': '067-5729-801', 'id': {'name': 'SID', 'value': '070214751'}, 'picture': {'large': 'https://randomuser.me/api/portraits/women/24.jpg', 'medium': 'https://randomuser.me/api/portraits/med/women/24.jpg', 'thumbnail': 'https://randomuser.me/api/portraits/thumb/women/24.jpg'}, 'nat': 'RS'}</msg>
<arg>${json_data['results'][0]}</arg>
<doc>Logs the given message with the given level.</doc>
<status status="PASS" start="2024-08-01T18:20:16.919865" elapsed="0.000417"/>
</kw>
<kw name="Log" owner="BuiltIn">
<msg time="2024-08-01T18:20:16.920733" level="INFO">login</msg>
<arg>${key}</arg>
<doc>Logs the given message with the given level.</doc>
<status status="PASS" start="2024-08-01T18:20:16.920588" elapsed="0.000191"/>
</kw>
<var name="${key}">login</var>
<status status="PASS" start="2024-08-01T18:20:16.919196" elapsed="0.001836"/>
</iter>
<var>${key}</var>
<value>@{expected_keys}</value>
<status status="PASS" start="2024-08-01T18:20:16.910889" elapsed="0.010267"/>
</for>
<kw name="Create List" owner="BuiltIn">
<msg time="2024-08-01T18:20:16.921511" level="INFO">${expected_keysTwo} = ['username', 'password']</msg>
<var>${expected_keysTwo}</var>
<arg>username</arg>
<arg>password</arg>
<doc>Returns a list containing given items.</doc>
<status status="PASS" start="2024-08-01T18:20:16.921361" elapsed="0.000176"/>
</kw>
<for flavor="IN">
<iter>
<kw name="Dictionary Should Contain Key" owner="Collections">
<arg>${json_data['results'][0]['login']}</arg>
<arg>${keyTwo}</arg>
<doc>Fails if ``key`` is not found from ``dictionary``.</doc>
<status status="PASS" start="2024-08-01T18:20:16.922110" elapsed="0.000426"/>
</kw>
<kw name="Dictionary Should Contain Key" owner="Collections">
<arg>${json_data['results'][0]['login']}</arg>
<arg>${keyTwo}</arg>
<doc>Fails if ``key`` is not found from ``dictionary``.</doc>
<status status="PASS" start="2024-08-01T18:20:16.922714" elapsed="0.000368"/>
</kw>
<kw name="Log" owner="BuiltIn">
<msg time="2024-08-01T18:20:16.923376" level="INFO">username</msg>
<arg>${keyTwo}</arg>
<doc>Logs the given message with the given level.</doc>
<status status="PASS" start="2024-08-01T18:20:16.923257" elapsed="0.000156"/>
</kw>
<var name="${keyTwo}">username</var>
<status status="PASS" start="2024-08-01T18:20:16.922002" elapsed="0.001633"/>
</iter>
<iter>
<kw name="Dictionary Should Contain Key" owner="Collections">
<arg>${json_data['results'][0]['login']}</arg>
<arg>${keyTwo}</arg>
<doc>Fails if ``key`` is not found from ``dictionary``.</doc>
<status status="PASS" start="2024-08-01T18:20:16.923920" elapsed="0.000380"/>
</kw>
<kw name="Dictionary Should Contain Key" owner="Collections">
<arg>${json_data['results'][0]['login']}</arg>
<arg>${keyTwo}</arg>
<doc>Fails if ``key`` is not found from ``dictionary``.</doc>
<status status="PASS" start="2024-08-01T18:20:16.924475" elapsed="0.000365"/>
</kw>
<kw name="Log" owner="BuiltIn">
<msg time="2024-08-01T18:20:16.925138" level="INFO">password</msg>
<arg>${keyTwo}</arg>
<doc>Logs the given message with the given level.</doc>
<status status="PASS" start="2024-08-01T18:20:16.925014" elapsed="0.000160"/>
</kw>
<var name="${keyTwo}">password</var>
<status status="PASS" start="2024-08-01T18:20:16.923810" elapsed="0.001583"/>
</iter>
<var>${keyTwo}</var>
<value>@{expected_keysTwo}</value>
<status status="PASS" start="2024-08-01T18:20:16.921834" elapsed="0.003680"/>
</for>
<status status="PASS" start="2024-08-01T18:20:16.165196" elapsed="0.760459"/>
</kw>
<doc>Testa a estrutura da resposta da API.</doc>
<tag>testeEstruturaResposta</tag>
<status status="PASS" start="2024-08-01T18:20:16.164694" elapsed="0.761120"/>
</test>
<test id="s1-s1-t4" name="Validar tipos de dados" line="28">
<kw name="Teste de Tipos de Dados" owner="random-user-service">
<kw name="GET On Session" owner="RequestsLibrary">
<msg time="2024-08-01T18:20:17.257003" level="INFO">GET Request : url=https://randomuser.me/api 
 path_url=/api 
 headers={'User-Agent': 'python-requests/2.32.3', 'Accept-Encoding': 'gzip, deflate', 'Accept': '*/*', 'Connection': 'keep-alive'} 
 body=None 
 </msg>
<msg time="2024-08-01T18:20:17.257116" level="INFO">GET Response : url=https://randomuser.me/api 
 status=200, reason=OK 
 headers={'Date': 'Thu, 01 Aug 2024 18:20:17 GMT', 'Content-Type': 'application/json; charset=utf-8', 'Transfer-Encoding': 'chunked', 'Connection': 'keep-alive', 'X-Powered-By': 'Express', 'Access-Control-Allow-Origin': '*', 'Cache-Control': 'no-cache', 'ETag': 'W/"478-MOJQVhe4ctu7XJPFeMY/i9uW/Q0"', 'Vary': 'Accept-Encoding', 'Content-Encoding': 'gzip', 'CF-Cache-Status': 'DYNAMIC', 'Report-To': '{"endpoints":[{"url":"https:\\/\\/a.nel.cloudflare.com\\/report\\/v4?s=Jkxiqs3ckpzyHAi%2F7yzRcboRGE%2BaYm%2B0ZDTFfNawmDoRkQH%2FUroJaBUDN4XlYdB4uP9mtdFzT9pe%2Fe3%2BPAh5BT2KfTr6fi2mRO1k7jbx8g31rpN7GoCKRVo6vsRMaLO7"}],"group":"cf-nel","max_age":604800}', 'NEL': '{"success_fraction":0,"report_to":"cf-nel","max_age":604800}', 'Server': 'cloudflare', 'CF-RAY': '8ac7d75ddb7ccee5-SJC', 'alt-svc': 'h3=":443"; ma=86400'} 
 body={"results":[{"gender":"female","name":{"title":"Ms","first":"Begüm","last":"Erberk"},"location":{"street":{"number":7481,"name":"Anafartalar Cd"},"city":"Kilis","state":"İzmir","country":"Turkey","postcode":34819,"coordinates":{"latitude":"68.7309","longitude":"59.5074"},"timezone":{"offset":"+7:00","description":"Bangkok, Hanoi, Jakarta"}},"email":"begum.erberk@example.com","login":{"uuid":"25ecb1f6-44bd-45c4-b6be-6dac95db59b4","username":"tinygorilla838","password":"playa","salt":"pQ2xVrmy","md5":"a6b38f1789c250bb514e0beaf6d027fb","sha1":"42fa058bf9732a951b7fad9335e6b88636456bd3","sha256":"4331e4eb18897ea5693716603ac2e7e35cbe3f449789a22f498ad68ecef48d47"},"dob":{"date":"1981-08-24T21:17:55.460Z","age":42},"registered":{"date":"2018-05-06T05:31:55.093Z","age":6},"phone":"(387)-356-2188","cell":"(655)-582-6009","id":{"name":"","value":null},"picture":{"large":"https://randomuser.me/api/portraits/women/56.jpg","medium":"https://randomuser.me/api/portraits/med/women/56.jpg","thumbnail":"https://randomuser.me/api/portraits/thumb/women/56.jpg"},"nat":"TR"}],"info":{"seed":"49adb687cf73b883","results":1,"page":1,"version":"1.4"}} 
 </msg>
<msg time="2024-08-01T18:20:17.257204" level="INFO">/opt/hostedtoolcache/Python/3.12.4/x64/lib/python3.12/site-packages/urllib3/connectionpool.py:1099: InsecureRequestWarning: Unverified HTTPS request is being made to host 'randomuser.me'. Adding certificate verification is strongly advised. See: https://urllib3.readthedocs.io/en/latest/advanced-usage.html#tls-warnings
  warnings.warn(</msg>
<msg time="2024-08-01T18:20:17.257344" level="INFO">${response} = &lt;Response [200]&gt;</msg>
<var>${response}</var>
<arg>consultarAPI</arg>
<arg>/api</arg>
<doc>Sends a GET request on a previously created HTTP Session.</doc>
<status status="PASS" start="2024-08-01T18:20:16.928452" elapsed="0.328940"/>
</kw>
<kw name="Set Variable" owner="BuiltIn">
<msg time="2024-08-01T18:20:17.258818" level="INFO">${json_data} = {'results': [{'gender': 'female', 'name': {'title': 'Ms', 'first': 'Begüm', 'last': 'Erberk'}, 'location': {'street': {'number': 7481, 'name': 'Anafartalar Cd'}, 'city': 'Kilis', 'state': 'İzmir', 'co...</msg>
<var>${json_data}</var>
<arg>${response.json()}</arg>
<doc>Returns the given values which can then be assigned to a variables.</doc>
<status status="PASS" start="2024-08-01T18:20:17.258154" elapsed="0.000695"/>
</kw>
<kw name="Log" owner="BuiltIn">
<msg time="2024-08-01T18:20:17.259325" level="INFO">{'results': [{'gender': 'female', 'name': {'title': 'Ms', 'first': 'Begüm', 'last': 'Erberk'}, 'location': {'street': {'number': 7481, 'name': 'Anafartalar Cd'}, 'city': 'Kilis', 'state': 'İzmir', 'country': 'Turkey', 'postcode': 34819, 'coordinates': {'latitude': '68.7309', 'longitude': '59.5074'}, 'timezone': {'offset': '+7:00', 'description': 'Bangkok, Hanoi, Jakarta'}}, 'email': 'begum.erberk@example.com', 'login': {'uuid': '25ecb1f6-44bd-45c4-b6be-6dac95db59b4', 'username': 'tinygorilla838', 'password': 'playa', 'salt': 'pQ2xVrmy', 'md5': 'a6b38f1789c250bb514e0beaf6d027fb', 'sha1': '42fa058bf9732a951b7fad9335e6b88636456bd3', 'sha256': '4331e4eb18897ea5693716603ac2e7e35cbe3f449789a22f498ad68ecef48d47'}, 'dob': {'date': '1981-08-24T21:17:55.460Z', 'age': 42}, 'registered': {'date': '2018-05-06T05:31:55.093Z', 'age': 6}, 'phone': '(387)-356-2188', 'cell': '(655)-582-6009', 'id': {'name': '', 'value': None}, 'picture': {'large': 'https://randomuser.me/api/portraits/women/56.jpg', 'medium': 'https://randomuser.me/api/portraits/med/women/56.jpg', 'thumbnail': 'https://randomuser.me/api/portraits/thumb/women/56.jpg'}, 'nat': 'TR'}], 'info': {'seed': '49adb687cf73b883', 'results': 1, 'page': 1, 'version': '1.4'}}</msg>
<arg>${json_data}</arg>
<doc>Logs the given message with the given level.</doc>
<status status="PASS" start="2024-08-01T18:20:17.259164" elapsed="0.000212"/>
</kw>
<kw name="Should Be String" owner="String">
<arg>${json_data['results'][0]['gender']}</arg>
<doc>Fails if the given ``item`` is not a string.</doc>
<status status="PASS" start="2024-08-01T18:20:17.259668" elapsed="0.000371"/>
</kw>
<kw name="Should Match Regexp" owner="BuiltIn">
<arg>${json_data['results'][0]['email']}</arg>
<arg>^[a-zA-Z0-9._%+-]+@[a-zA-Z0-9.-]+\.[a-zA-Z]{2,}$</arg>
<doc>Fails if ``string`` does not match ``pattern`` as a regular expression.</doc>
<status status="PASS" start="2024-08-01T18:20:17.260226" elapsed="0.000513"/>
</kw>
<kw name="Should Match Regexp" owner="BuiltIn">
<arg>${json_data['results'][0]['dob']['date']}</arg>
<arg>\\d{4}-\\d{2}-\\d{2}T\\d{2}:\\d{2}:\\d{2}\\.\\d{3}Z</arg>
<doc>Fails if ``string`` does not match ``pattern`` as a regular expression.</doc>
<status status="PASS" start="2024-08-01T18:20:17.260971" elapsed="0.000627"/>
</kw>
<kw name="Should Match Regexp" owner="BuiltIn">
<arg>${json_data['results'][0]['registered']['date']}</arg>
<arg>\\d{4}-\\d{2}-\\d{2}T\\d{2}:\\d{2}:\\d{2}\\.\\d{3}Z</arg>
<doc>Fails if ``string`` does not match ``pattern`` as a regular expression.</doc>
<status status="PASS" start="2024-08-01T18:20:17.261789" elapsed="0.000371"/>
</kw>
<kw name="Should Match Regexp" owner="BuiltIn">
<arg>${json_data['results'][0]['picture']['large']}</arg>
<arg>^https?://.*\.(?:png|jpe?g|gif|bmp)$</arg>
<doc>Fails if ``string`` does not match ``pattern`` as a regular expression.</doc>
<status status="PASS" start="2024-08-01T18:20:17.262395" elapsed="0.000463"/>
</kw>
<kw name="Should Match Regexp" owner="BuiltIn">
<arg>${json_data['results'][0]['picture']['medium']}</arg>
<arg>^https?://.*\.(?:png|jpe?g|gif|bmp)$</arg>
<doc>Fails if ``string`` does not match ``pattern`` as a regular expression.</doc>
<status status="PASS" start="2024-08-01T18:20:17.263045" elapsed="0.000360"/>
</kw>
<kw name="Should Match Regexp" owner="BuiltIn">
<arg>${json_data['results'][0]['picture']['thumbnail']}</arg>
<arg>^https?://.*\.(?:png|jpe?g|gif|bmp)$</arg>
<doc>Fails if ``string`` does not match ``pattern`` as a regular expression.</doc>
<status status="PASS" start="2024-08-01T18:20:17.263587" elapsed="0.000348"/>
</kw>
<kw name="Log" owner="BuiltIn">
<msg time="2024-08-01T18:20:17.264448" level="INFO">{'large': 'https://randomuser.me/api/portraits/women/56.jpg', 'medium': 'https://randomuser.me/api/portraits/med/women/56.jpg', 'thumbnail': 'https://randomuser.me/api/portraits/thumb/women/56.jpg'}</msg>
<arg>${json_data['results'][0]['picture']}</arg>
<doc>Logs the given message with the given level.</doc>
<status status="PASS" start="2024-08-01T18:20:17.264127" elapsed="0.000365"/>
</kw>
<status status="PASS" start="2024-08-01T18:20:16.928220" elapsed="0.336533"/>
</kw>
<kw name="Teste de Tipos de Dados - Postcode" owner="random-user-service">
<kw name="GET On Session" owner="RequestsLibrary">
<msg time="2024-08-01T18:20:17.685145" level="INFO">GET Request : url=https://randomuser.me/api 
 path_url=/api 
 headers={'User-Agent': 'python-requests/2.32.3', 'Accept-Encoding': 'gzip, deflate', 'Accept': '*/*', 'Connection': 'keep-alive'} 
 body=None 
 </msg>
<msg time="2024-08-01T18:20:17.685245" level="INFO">GET Response : url=https://randomuser.me/api 
 status=200, reason=OK 
 headers={'Date': 'Thu, 01 Aug 2024 18:20:17 GMT', 'Content-Type': 'application/json; charset=utf-8', 'Transfer-Encoding': 'chunked', 'Connection': 'keep-alive', 'X-Powered-By': 'Express', 'Access-Control-Allow-Origin': '*', 'Cache-Control': 'no-cache', 'ETag': 'W/"49f-6uTx4VZ6/A8laS9IHV3R58xrsbo"', 'Vary': 'Accept-Encoding', 'Content-Encoding': 'gzip', 'CF-Cache-Status': 'DYNAMIC', 'Report-To': '{"endpoints":[{"url":"https:\\/\\/a.nel.cloudflare.com\\/report\\/v4?s=UFzDjmMK1GPsp580pWtzwkVBAge8MBqpz8nPJHA8Xb9nfXP6qH2NCS6XSOUnR6TnWHp7XAwk36AhMAFQDbbfi5c%2B1G8UsxaAhTvB7XuokdbP8hQVOypPRCUoNucLBmXm"}],"group":"cf-nel","max_age":604800}', 'NEL': '{"success_fraction":0,"report_to":"cf-nel","max_age":604800}', 'Server': 'cloudflare', 'CF-RAY': '8ac7d75fedfdcee5-SJC', 'alt-svc': 'h3=":443"; ma=86400'} 
 body={"results":[{"gender":"female","name":{"title":"Mrs","first":"یاسمن","last":"زارعی"},"location":{"street":{"number":7473,"name":"آیت الله طالقانی"},"city":"قرچک","state":"بوشهر","country":"Iran","postcode":60693,"coordinates":{"latitude":"16.7985","longitude":"13.6183"},"timezone":{"offset":"+9:00","description":"Tokyo, Seoul, Osaka, Sapporo, Yakutsk"}},"email":"ysmn.zraay@example.com","login":{"uuid":"f39eb0a3-91e0-41f9-940a-c70cf1f14cff","username":"redpeacock501","password":"292929","salt":"f4cg0MLq","md5":"a3b26f31f16312c705218f540ebf586d","sha1":"aeebd5f8eb0d194f93807e7098a43aed3a3b5c51","sha256":"3f4e675a8b797ebfc3fdcfa7376f090d53d3cf2437b027a7d8f68c5ac90f8b24"},"dob":{"date":"1947-06-25T10:06:29.814Z","age":77},"registered":{"date":"2017-11-10T16:53:01.545Z","age":6},"phone":"019-02799086","cell":"0981-554-4082","id":{"name":"","value":null},"picture":{"large":"https://randomuser.me/api/portraits/women/95.jpg","medium":"https://randomuser.me/api/portraits/med/women/95.jpg","thumbnail":"https://randomuser.me/api/portraits/thumb/women/95.jpg"},"nat":"IR"}],"info":{"seed":"feb7d23154a978a5","results":1,"page":1,"version":"1.4"}} 
 </msg>
<msg time="2024-08-01T18:20:17.685319" level="INFO">/opt/hostedtoolcache/Python/3.12.4/x64/lib/python3.12/site-packages/urllib3/connectionpool.py:1099: InsecureRequestWarning: Unverified HTTPS request is being made to host 'randomuser.me'. Adding certificate verification is strongly advised. See: https://urllib3.readthedocs.io/en/latest/advanced-usage.html#tls-warnings
  warnings.warn(</msg>
<msg time="2024-08-01T18:20:17.685441" level="INFO">${response} = &lt;Response [200]&gt;</msg>
<var>${response}</var>
<arg>consultarAPI</arg>
<arg>/api</arg>
<doc>Sends a GET request on a previously created HTTP Session.</doc>
<status status="PASS" start="2024-08-01T18:20:17.265218" elapsed="0.420261"/>
</kw>
<kw name="Set Variable" owner="BuiltIn">
<msg time="2024-08-01T18:20:17.686776" level="INFO">${json_data} = {'results': [{'gender': 'female', 'name': {'title': 'Mrs', 'first': 'یاسمن', 'last': 'زارعی'}, 'location': {'street': {'number': 7473, 'name': 'آیت الله طالقانی'}, 'city': 'قرچک', 'state': 'بوشهر', 'c...</msg>
<var>${json_data}</var>
<arg>${response.json()}</arg>
<doc>Returns the given values which can then be assigned to a variables.</doc>
<status status="PASS" start="2024-08-01T18:20:17.686148" elapsed="0.000660"/>
</kw>
<kw name="Log" owner="BuiltIn">
<msg time="2024-08-01T18:20:17.687301" level="INFO">{'results': [{'gender': 'female', 'name': {'title': 'Mrs', 'first': 'یاسمن', 'last': 'زارعی'}, 'location': {'street': {'number': 7473, 'name': 'آیت الله طالقانی'}, 'city': 'قرچک', 'state': 'بوشهر', 'country': 'Iran', 'postcode': 60693, 'coordinates': {'latitude': '16.7985', 'longitude': '13.6183'}, 'timezone': {'offset': '+9:00', 'description': 'Tokyo, Seoul, Osaka, Sapporo, Yakutsk'}}, 'email': 'ysmn.zraay@example.com', 'login': {'uuid': 'f39eb0a3-91e0-41f9-940a-c70cf1f14cff', 'username': 'redpeacock501', 'password': '292929', 'salt': 'f4cg0MLq', 'md5': 'a3b26f31f16312c705218f540ebf586d', 'sha1': 'aeebd5f8eb0d194f93807e7098a43aed3a3b5c51', 'sha256': '3f4e675a8b797ebfc3fdcfa7376f090d53d3cf2437b027a7d8f68c5ac90f8b24'}, 'dob': {'date': '1947-06-25T10:06:29.814Z', 'age': 77}, 'registered': {'date': '2017-11-10T16:53:01.545Z', 'age': 6}, 'phone': '019-02799086', 'cell': '0981-554-4082', 'id': {'name': '', 'value': None}, 'picture': {'large': 'https://randomuser.me/api/portraits/women/95.jpg', 'medium': 'https://randomuser.me/api/portraits/med/women/95.jpg', 'thumbnail': 'https://randomuser.me/api/portraits/thumb/women/95.jpg'}, 'nat': 'IR'}], 'info': {'seed': 'feb7d23154a978a5', 'results': 1, 'page': 1, 'version': '1.4'}}</msg>
<arg>${json_data}</arg>
<doc>Logs the given message with the given level.</doc>
<status status="PASS" start="2024-08-01T18:20:17.687131" elapsed="0.000221"/>
</kw>
<kw name="Should Be Equal As Numbers" owner="BuiltIn">
<arg>${json_data['results'][0]['location']['postcode']}</arg>
<arg>${json_data['results'][0]['location']['postcode']}</arg>
<doc>Fails if objects are unequal after converting them to real numbers.</doc>
<status status="PASS" start="2024-08-01T18:20:17.687647" elapsed="0.000621"/>
</kw>
<kw name="Log" owner="BuiltIn">
<msg time="2024-08-01T18:20:17.688808" level="INFO">60693</msg>
<arg>${json_data['results'][0]['location']['postcode']}</arg>
<doc>Logs the given message with the given level.</doc>
<status status="PASS" start="2024-08-01T18:20:17.688463" elapsed="0.000386"/>
</kw>
<status status="PASS" start="2024-08-01T18:20:17.264980" elapsed="0.424159"/>
</kw>
<doc>Testa se os tipos de dados na resposta da API estão corretos.</doc>
<tag>testeTiposDados</tag>
<status status="PASS" start="2024-08-01T18:20:16.927626" elapsed="0.761686"/>
</test>
<test id="s1-s1-t5" name="Validar conteudo" line="35">
<kw name="Teste de Tipos de Conteudo" owner="random-user-service">
<kw name="GET On Session" owner="RequestsLibrary">
<msg time="2024-08-01T18:20:17.985208" level="INFO">GET Request : url=https://randomuser.me/api 
 path_url=/api 
 headers={'User-Agent': 'python-requests/2.32.3', 'Accept-Encoding': 'gzip, deflate', 'Accept': '*/*', 'Connection': 'keep-alive'} 
 body=None 
 </msg>
<msg time="2024-08-01T18:20:17.985322" level="INFO">GET Response : url=https://randomuser.me/api 
 status=200, reason=OK 
 headers={'Date': 'Thu, 01 Aug 2024 18:20:17 GMT', 'Content-Type': 'application/json; charset=utf-8', 'Transfer-Encoding': 'chunked', 'Connection': 'keep-alive', 'X-Powered-By': 'Express', 'Access-Control-Allow-Origin': '*', 'Cache-Control': 'no-cache', 'ETag': 'W/"475-MSrEh7RJ4BC6D0Gr8gFU4A8PFmk"', 'Vary': 'Accept-Encoding', 'Content-Encoding': 'gzip', 'CF-Cache-Status': 'DYNAMIC', 'Report-To': '{"endpoints":[{"url":"https:\\/\\/a.nel.cloudflare.com\\/report\\/v4?s=aOiJkZkSaPDM0KWSgwrOHTmsv9F9icTQqkBTyZfXjporcaKA%2FU2x7PxJigoek05epBVsZjpoQZgQuva8Dbbxl%2FBroPHXx4iGsj4%2BaDReaKmkyp9JQ8Ts%2FoW9yZ%2Bw856C"}],"group":"cf-nel","max_age":604800}', 'NEL': '{"success_fraction":0,"report_to":"cf-nel","max_age":604800}', 'Server': 'cloudflare', 'CF-RAY': '8ac7d7629912cee5-SJC', 'alt-svc': 'h3=":443"; ma=86400'} 
 body={"results":[{"gender":"male","name":{"title":"Mr","first":"Mehmet","last":"Düşenkalkar"},"location":{"street":{"number":6781,"name":"Istiklal Cd"},"city":"Çanakkale","state":"Yozgat","country":"Turkey","postcode":19958,"coordinates":{"latitude":"68.1335","longitude":"-178.2922"},"timezone":{"offset":"-3:30","description":"Newfoundland"}},"email":"mehmet.dusenkalkar@example.com","login":{"uuid":"a45a73d1-5aec-47c0-9c29-85b246307be4","username":"blacklion564","password":"second","salt":"uN6VDXb3","md5":"15b9fc08398366f4a44205c6f3411d8b","sha1":"8be979804d01fc45befe6bb46918f8fd289c9def","sha256":"380d94d0ac3f6a989e60ef13e5a34aacffa256054ea5a1fd604ac8e8a7dbc52f"},"dob":{"date":"1964-09-30T17:07:47.811Z","age":59},"registered":{"date":"2017-02-27T00:25:45.006Z","age":7},"phone":"(232)-047-9333","cell":"(304)-028-9304","id":{"name":"","value":null},"picture":{"large":"https://randomuser.me/api/portraits/men/18.jpg","medium":"https://randomuser.me/api/portraits/med/men/18.jpg","thumbnail":"https://randomuser.me/api/portraits/thumb/men/18.jpg"},"nat":"TR"}],"info":{"seed":"ae24fa10c62b59e6","results":1,"page":1,"version":"1.4"}} 
 </msg>
<msg time="2024-08-01T18:20:17.985408" level="INFO">/opt/hostedtoolcache/Python/3.12.4/x64/lib/python3.12/site-packages/urllib3/connectionpool.py:1099: InsecureRequestWarning: Unverified HTTPS request is being made to host 'randomuser.me'. Adding certificate verification is strongly advised. See: https://urllib3.readthedocs.io/en/latest/advanced-usage.html#tls-warnings
  warnings.warn(</msg>
<msg time="2024-08-01T18:20:17.985555" level="INFO">${response} = &lt;Response [200]&gt;</msg>
<var>${response}</var>
<arg>consultarAPI</arg>
<arg>/api</arg>
<doc>Sends a GET request on a previously created HTTP Session.</doc>
<status status="PASS" start="2024-08-01T18:20:17.691899" elapsed="0.293704"/>
</kw>
<kw name="Set Variable" owner="BuiltIn">
<msg time="2024-08-01T18:20:17.986836" level="INFO">${json_data} = {'results': [{'gender': 'male', 'name': {'title': 'Mr', 'first': 'Mehmet', 'last': 'Düşenkalkar'}, 'location': {'street': {'number': 6781, 'name': 'Istiklal Cd'}, 'city': 'Çanakkale', 'state': 'Yozgat...</msg>
<var>${json_data}</var>
<arg>${response.json()}</arg>
<doc>Returns the given values which can then be assigned to a variables.</doc>
<status status="PASS" start="2024-08-01T18:20:17.986250" elapsed="0.000617"/>
</kw>
<kw name="Set Variable" owner="BuiltIn">
<msg time="2024-08-01T18:20:17.987560" level="INFO">${name_title} = Mr</msg>
<var>${name_title}</var>
<arg>${json_data["results"][0]["name"]["title"]}</arg>
<doc>Returns the given values which can then be assigned to a variables.</doc>
<status status="PASS" start="2024-08-01T18:20:17.987182" elapsed="0.000405"/>
</kw>
<kw name="Create List" owner="BuiltIn">
<msg time="2024-08-01T18:20:17.988033" level="INFO">${allowed_titles} = ['Mr', 'Ms', 'Miss', 'Mrs', 'Madame', 'Monsieur']</msg>
<var>${allowed_titles}</var>
<arg>Mr</arg>
<arg>Ms</arg>
<arg>Miss</arg>
<arg>Mrs</arg>
<arg>Madame</arg>
<arg>Monsieur</arg>
<doc>Returns a list containing given items.</doc>
<status status="PASS" start="2024-08-01T18:20:17.987885" elapsed="0.000172"/>
</kw>
<kw name="List Should Contain Value" owner="Collections">
<arg>${allowed_titles}</arg>
<arg>${name_title}</arg>
<doc>Fails if the ``value`` is not found from ``list``.</doc>
<status status="PASS" start="2024-08-01T18:20:17.988353" elapsed="0.000187"/>
</kw>
<kw name="Set Variable" owner="BuiltIn">
<msg time="2024-08-01T18:20:17.989090" level="INFO">${name_country} = TR</msg>
<var>${name_country}</var>
<arg>${json_data["results"][0]["nat"]}</arg>
<doc>Returns the given values which can then be assigned to a variables.</doc>
<status status="PASS" start="2024-08-01T18:20:17.988722" elapsed="0.000394"/>
</kw>
<kw name="Create List" owner="BuiltIn">
<msg time="2024-08-01T18:20:17.989991" level="INFO">${list_country} = ['AD', 'AE', 'AF', 'AG', 'AI', 'AL', 'AM', 'AO', 'AQ', 'AR', 'AS', 'AT', 'AU', 'AW', 'AX', 'AZ', 'BA', 'BB', 'BD', 'BE', 'BF', 'BG', 'BH', 'BI', 'BJ', 'BL', 'BM', 'BN', 'BO', 'BQ', 'BR', 'BS', 'BT', '...</msg>
<var>${list_country}</var>
<arg>AD</arg>
<arg>AE</arg>
<arg>AF</arg>
<arg>AG</arg>
<arg>AI</arg>
<arg>AL</arg>
<arg>AM</arg>
<arg>AO</arg>
<arg>AQ</arg>
<arg>AR</arg>
<arg>AS</arg>
<arg>AT</arg>
<arg>AU</arg>
<arg>AW</arg>
<arg>AX</arg>
<arg>AZ</arg>
<arg>BA</arg>
<arg>BB</arg>
<arg>BD</arg>
<arg>BE</arg>
<arg>BF</arg>
<arg>BG</arg>
<arg>BH</arg>
<arg>BI</arg>
<arg>BJ</arg>
<arg>BL</arg>
<arg>BM</arg>
<arg>BN</arg>
<arg>BO</arg>
<arg>BQ</arg>
<arg>BR</arg>
<arg>BS</arg>
<arg>BT</arg>
<arg>BV</arg>
<arg>BW</arg>
<arg>BY</arg>
<arg>BZ</arg>
<arg>CA</arg>
<arg>CC</arg>
<arg>CD</arg>
<arg>CF</arg>
<arg>CG</arg>
<arg>CH</arg>
<arg>CI</arg>
<arg>CK</arg>
<arg>CL</arg>
<arg>CM</arg>
<arg>CN</arg>
<arg>CO</arg>
<arg>CR</arg>
<arg>CU</arg>
<arg>CV</arg>
<arg>CW</arg>
<arg>CX</arg>
<arg>CY</arg>
<arg>CZ</arg>
<arg>DE</arg>
<arg>DJ</arg>
<arg>DK</arg>
<arg>DM</arg>
<arg>DO</arg>
<arg>DZ</arg>
<arg>EC</arg>
<arg>EE</arg>
<arg>EG</arg>
<arg>EH</arg>
<arg>ER</arg>
<arg>ES</arg>
<arg>ET</arg>
<arg>FI</arg>
<arg>FJ</arg>
<arg>FK</arg>
<arg>FM</arg>
<arg>FO</arg>
<arg>FR</arg>
<arg>GA</arg>
<arg>GB</arg>
<arg>GD</arg>
<arg>GE</arg>
<arg>GF</arg>
<arg>GG</arg>
<arg>GH</arg>
<arg>GI</arg>
<arg>GL</arg>
<arg>GM</arg>
<arg>GN</arg>
<arg>GP</arg>
<arg>GQ</arg>
<arg>GR</arg>
<arg>GS</arg>
<arg>GT</arg>
<arg>GU</arg>
<arg>GW</arg>
<arg>GY</arg>
<arg>HK</arg>
<arg>HM</arg>
<arg>HN</arg>
<arg>HR</arg>
<arg>HT</arg>
<arg>HU</arg>
<arg>ID</arg>
<arg>IE</arg>
<arg>IL</arg>
<arg>IM</arg>
<arg>IN</arg>
<arg>IO</arg>
<arg>IQ</arg>
<arg>IR</arg>
<arg>IS</arg>
<arg>IT</arg>
<arg>JE</arg>
<arg>JM</arg>
<arg>JO</arg>
<arg>JP</arg>
<arg>KE</arg>
<arg>KG</arg>
<arg>KH</arg>
<arg>KI</arg>
<arg>KM</arg>
<arg>KN</arg>
<arg>KP</arg>
<arg>KR</arg>
<arg>KW</arg>
<arg>KY</arg>
<arg>KZ</arg>
<arg>LA</arg>
<arg>LB</arg>
<arg>LC</arg>
<arg>LI</arg>
<arg>LK</arg>
<arg>LR</arg>
<arg>LS</arg>
<arg>LT</arg>
<arg>LU</arg>
<arg>LV</arg>
<arg>LY</arg>
<arg>MA</arg>
<arg>MC</arg>
<arg>MD</arg>
<arg>ME</arg>
<arg>MF</arg>
<arg>MG</arg>
<arg>MH</arg>
<arg>MK</arg>
<arg>ML</arg>
<arg>MM</arg>
<arg>MN</arg>
<arg>MO</arg>
<arg>MP</arg>
<arg>MQ</arg>
<arg>MR</arg>
<arg>MS</arg>
<arg>MT</arg>
<arg>MU</arg>
<arg>MV</arg>
<arg>MW</arg>
<arg>MX</arg>
<arg>MY</arg>
<arg>MZ</arg>
<arg>NA</arg>
<arg>NC</arg>
<arg>NE</arg>
<arg>NF</arg>
<arg>NG</arg>
<arg>NI</arg>
<arg>NL</arg>
<arg>NO</arg>
<arg>NP</arg>
<arg>NR</arg>
<arg>NU</arg>
<arg>NZ</arg>
<arg>OM</arg>
<arg>PA</arg>
<arg>PE</arg>
<arg>PF</arg>
<arg>PG</arg>
<arg>PH</arg>
<arg>PK</arg>
<arg>PL</arg>
<arg>PM</arg>
<arg>PN</arg>
<arg>PR</arg>
<arg>PS</arg>
<arg>PT</arg>
<arg>PW</arg>
<arg>PY</arg>
<arg>QA</arg>
<arg>RE</arg>
<arg>RO</arg>
<arg>RS</arg>
<arg>RU</arg>
<arg>RW</arg>
<arg>SA</arg>
<arg>SB</arg>
<arg>SC</arg>
<arg>SD</arg>
<arg>SE</arg>
<arg>SG</arg>
<arg>SH</arg>
<arg>SI</arg>
<arg>SJ</arg>
<arg>SK</arg>
<arg>SL</arg>
<arg>SM</arg>
<arg>SN</arg>
<arg>SO</arg>
<arg>SR</arg>
<arg>SS</arg>
<arg>ST</arg>
<arg>SV</arg>
<arg>SX</arg>
<arg>SY</arg>
<arg>SZ</arg>
<arg>TC</arg>
<arg>TD</arg>
<arg>TF</arg>
<arg>TG</arg>
<arg>TH</arg>
<arg>TJ</arg>
<arg>TK</arg>
<arg>TL</arg>
<arg>TM</arg>
<arg>TN</arg>
<arg>TO</arg>
<arg>TR</arg>
<arg>TT</arg>
<arg>TV</arg>
<arg>TW</arg>
<arg>TZ</arg>
<arg>UA</arg>
<arg>UG</arg>
<arg>UM</arg>
<arg>US</arg>
<arg>UY</arg>
<arg>UZ</arg>
<arg>VA</arg>
<arg>VC</arg>
<arg>VE</arg>
<arg>VG</arg>
<arg>VI</arg>
<arg>VN</arg>
<arg>VU</arg>
<arg>WF</arg>
<arg>WS</arg>
<arg>XK</arg>
<arg>YE</arg>
<arg>YT</arg>
<arg>ZA</arg>
<arg>ZM</arg>
<arg>ZW</arg>
<doc>Returns a list containing given items.</doc>
<status status="PASS" start="2024-08-01T18:20:17.989401" elapsed="0.000616"/>
</kw>
<kw name="List Should Contain Value" owner="Collections">
<arg>${list_country}</arg>
<arg>${name_country}</arg>
<doc>Fails if the ``value`` is not found from ``list``.</doc>
<status status="PASS" start="2024-08-01T18:20:17.991050" elapsed="0.000215"/>
</kw>
<kw name="Run Keyword If" owner="BuiltIn">
<kw name="Should Be True" owner="BuiltIn">
<arg>${True}</arg>
<doc>Fails if the given condition is not true.</doc>
<status status="PASS" start="2024-08-01T18:20:17.992220" elapsed="0.000141"/>
</kw>
<arg>${json_data["results"][0]["location"]["coordinates"]["latitude"]} &gt;= -90 and ${json_data["results"][0]["location"]["coordinates"]["latitude"]} &lt;= 90</arg>
<arg>Should Be True</arg>
<arg>${True}</arg>
<doc>Runs the given keyword with the given arguments, if ``condition`` is true.</doc>
<status status="PASS" start="2024-08-01T18:20:17.991464" elapsed="0.001021"/>
</kw>
<kw name="Run Keyword If" owner="BuiltIn">
<kw name="Should Be True" owner="BuiltIn">
<arg>${True}</arg>
<doc>Fails if the given condition is not true.</doc>
<status status="PASS" start="2024-08-01T18:20:17.993364" elapsed="0.000135"/>
</kw>
<arg>${json_data["results"][0]["location"]["coordinates"]["longitude"]} &gt;= -180 and ${json_data["results"][0]["location"]["coordinates"]["longitude"]} &lt;= 180</arg>
<arg>Should Be True</arg>
<arg>${True}</arg>
<doc>Runs the given keyword with the given arguments, if ``condition`` is true.</doc>
<status status="PASS" start="2024-08-01T18:20:17.992665" elapsed="0.000955"/>
</kw>
<status status="PASS" start="2024-08-01T18:20:17.691672" elapsed="0.302078"/>
</kw>
<doc>Testa o conteúdo específico dos campos retornados pela API.</doc>
<tag>testeConteudo</tag>
<status status="PASS" start="2024-08-01T18:20:17.691114" elapsed="0.302788"/>
</test>
<status status="PASS" start="2024-08-01T18:20:14.694122" elapsed="3.301802"/>
</suite>
<status status="PASS" start="2024-08-01T18:20:14.679526" elapsed="3.321543"/>
</suite>
<statistics>
<total>
<stat pass="5" fail="0" skip="0">All Tests</stat>
</total>
<tag>
<stat pass="1" fail="0" skip="0">testeConteudo</stat>
<stat pass="1" fail="0" skip="0">testeEstruturaResposta</stat>
<stat pass="1" fail="0" skip="0">testeRequisicaoBasica</stat>
<stat pass="1" fail="0" skip="0">testeTiposDados</stat>
</tag>
<suite>
<stat pass="5" fail="0" skip="0" id="s1" name="Tests">Tests</stat>
<stat pass="5" fail="0" skip="0" id="s1-s1" name="Random-User-Test">Tests.Random-User-Test</stat>
</suite>
</statistics>
<errors>
</errors>
</robot>
