<?xml version="1.0" encoding="UTF-8"?>
<robot generator="Robot 7.0.1 (Python 3.12.4 on linux)" generated="2024-06-21T20:16:32.046619" rpa="false" schemaversion="5">
<suite id="s1" name="Tests" source="/home/runner/work/ApiRandomUser/ApiRandomUser/RamdonUser/tests">
<suite id="s1-s1" name="Random-User-Test" source="/home/runner/work/ApiRandomUser/ApiRandomUser/RamdonUser/tests/random-user-test.robot">
<test id="s1-s1-t1" name="Conectar" line="13">
<kw name="Conectar API" owner="random-user-service">
<kw name="Create Session" owner="RequestsLibrary">
<msg time="2024-06-21T20:16:32.448989" level="INFO">Creating Session using : alias=consultarAPI, url=https://randomuser.me/, headers={},                     cookies={}, auth=None, timeout=None, proxies=None, verify=False,                     debug=0 </msg>
<arg>consultarAPI</arg>
<arg>${URL}</arg>
<doc>Create Session: create a HTTP session to a server</doc>
<status status="PASS" start="2024-06-21T20:16:32.448782" elapsed="0.000380"/>
</kw>
<status status="PASS" start="2024-06-21T20:16:32.447786" elapsed="0.001734"/>
</kw>
<status status="PASS" start="2024-06-21T20:16:32.447155" elapsed="0.002557"/>
</test>
<test id="s1-s1-t2" name="Validar retorno 200 e JSON Válido" line="16">
<kw name="Teste de Requisicao Basica" owner="random-user-service">
<kw name="GET On Session" owner="RequestsLibrary">
<msg time="2024-06-21T20:16:32.670277" level="INFO">GET Request : url=https://randomuser.me/api 
 path_url=/api 
 headers={'User-Agent': 'python-requests/2.32.3', 'Accept-Encoding': 'gzip, deflate', 'Accept': '*/*', 'Connection': 'keep-alive'} 
 body=None 
 </msg>
<msg time="2024-06-21T20:16:32.670461" level="INFO">GET Response : url=https://randomuser.me/api 
 status=200, reason=OK 
 headers={'Date': 'Fri, 21 Jun 2024 20:16:32 GMT', 'Content-Type': 'application/json; charset=utf-8', 'Transfer-Encoding': 'chunked', 'Connection': 'keep-alive', 'X-Powered-By': 'Express', 'Access-Control-Allow-Origin': '*', 'Cache-Control': 'no-cache', 'ETag': 'W/"48b-qRs9nlGZiDX5X/8DsN0cTAG6M+k"', 'Vary': 'Accept-Encoding', 'Content-Encoding': 'gzip', 'CF-Cache-Status': 'DYNAMIC', 'Report-To': '{"endpoints":[{"url":"https:\\/\\/a.nel.cloudflare.com\\/report\\/v4?s=tPnV%2FfhWAdgaKAcctSgxyA439F1nwYikrEfB7NsFH3YNASXfkL1KklxLv5NyX1lQVgCP0p3eHhCWoxqkktsaL%2B%2Fh7iIBaNxfvj5%2Bbb6OIWZx15RPe%2FumCnrZF2prrYCm"}],"group":"cf-nel","max_age":604800}', 'NEL': '{"success_fraction":0,"report_to":"cf-nel","max_age":604800}', 'Server': 'cloudflare', 'CF-RAY': '8976ad4bae6b2710-SJC', 'alt-svc': 'h3=":443"; ma=86400'} 
 body={"results":[{"gender":"male","name":{"title":"Mr","first":"Edouard","last":"Riviere"},"location":{"street":{"number":9474,"name":"Rue de L'Abbaye"},"city":"Champigny-sur-Marne","state":"Loiret","country":"France","postcode":40505,"coordinates":{"latitude":"-20.7983","longitude":"-6.8838"},"timezone":{"offset":"+3:30","description":"Tehran"}},"email":"edouard.riviere@example.com","login":{"uuid":"3d9f8395-c589-4bc7-86d5-f3cf6e59a111","username":"ticklishfrog973","password":"heineken","salt":"UuGKRVCW","md5":"207ae39cb343be9e7be98b1adba84f94","sha1":"996ac62a49cbb056d609b1e2577788fda6cdb1dc","sha256":"dcc985a34600eebe726fceec599f0c59a085953e2eafa5f2285a22e67c17bb9c"},"dob":{"date":"1957-02-26T12:32:41.254Z","age":67},"registered":{"date":"2018-06-01T22:38:44.561Z","age":6},"phone":"02-83-56-10-13","cell":"06-19-63-54-63","id":{"name":"INSEE","value":"1570130639564 06"},"picture":{"large":"https://randomuser.me/api/portraits/men/95.jpg","medium":"https://randomuser.me/api/portraits/med/men/95.jpg","thumbnail":"https://randomuser.me/api/portraits/thumb/men/95.jpg"},"nat":"FR"}],"info":{"seed":"36f9997ade5f1b3c","results":1,"page":1,"version":"1.4"}} 
 </msg>
<msg time="2024-06-21T20:16:32.670558" level="INFO">/opt/hostedtoolcache/Python/3.12.4/x64/lib/python3.12/site-packages/urllib3/connectionpool.py:1099: InsecureRequestWarning: Unverified HTTPS request is being made to host 'randomuser.me'. Adding certificate verification is strongly advised. See: https://urllib3.readthedocs.io/en/latest/advanced-usage.html#tls-warnings
  warnings.warn(</msg>
<msg time="2024-06-21T20:16:32.670725" level="INFO">${response} = &lt;Response [200]&gt;</msg>
<var>${response}</var>
<arg>consultarAPI</arg>
<arg>/api</arg>
<doc>Sends a GET request on a previously created HTTP Session.</doc>
<status status="PASS" start="2024-06-21T20:16:32.452417" elapsed="0.218349"/>
</kw>
<kw name="Should Be Equal As Numbers" owner="BuiltIn">
<msg time="2024-06-21T20:16:32.671962" level="INFO">Argument types are:
&lt;class 'int'&gt;
&lt;class 'str'&gt;</msg>
<arg>${response.status_code}</arg>
<arg>200</arg>
<doc>Fails if objects are unequal after converting them to real numbers.</doc>
<status status="PASS" start="2024-06-21T20:16:32.671435" elapsed="0.000601"/>
</kw>
<kw name="Log" owner="BuiltIn">
<msg time="2024-06-21T20:16:32.672705" level="INFO">200</msg>
<arg>${response.status_code}</arg>
<doc>Logs the given message with the given level.</doc>
<status status="PASS" start="2024-06-21T20:16:32.672356" elapsed="0.000393"/>
</kw>
<kw name="Set Variable" owner="BuiltIn">
<msg time="2024-06-21T20:16:32.673497" level="INFO">${json_data} = {'results': [{'gender': 'male', 'name': {'title': 'Mr', 'first': 'Edouard', 'last': 'Riviere'}, 'location': {'street': {'number': 9474, 'name': "Rue de L'Abbaye"}, 'city': 'Champigny-sur-Marne', 'stat...</msg>
<var>${json_data}</var>
<arg>${response.json()}</arg>
<doc>Returns the given values which can then be assigned to a variables.</doc>
<status status="PASS" start="2024-06-21T20:16:32.673054" elapsed="0.000472"/>
</kw>
<kw name="Dictionary Should Contain Key" owner="Collections">
<arg>${json_data}</arg>
<arg>results</arg>
<doc>Fails if ``key`` is not found from ``dictionary``.</doc>
<status status="PASS" start="2024-06-21T20:16:32.673829" elapsed="0.000172"/>
</kw>
<status status="PASS" start="2024-06-21T20:16:32.452171" elapsed="0.221983"/>
</kw>
<doc>Testa se a API responde corretamente e retorna um objeto JSON válido.</doc>
<tag>testeRequisicaoBasica</tag>
<status status="PASS" start="2024-06-21T20:16:32.451566" elapsed="0.222768"/>
</test>
<test id="s1-s1-t3" name="Validar estrutura de resposta" line="22">
<kw name="Teste de Estrutura de Resposta" owner="random-user-service">
<kw name="GET On Session" owner="RequestsLibrary">
<msg time="2024-06-21T20:16:32.764878" level="INFO">GET Request : url=https://randomuser.me/api 
 path_url=/api 
 headers={'User-Agent': 'python-requests/2.32.3', 'Accept-Encoding': 'gzip, deflate', 'Accept': '*/*', 'Connection': 'keep-alive'} 
 body=None 
 </msg>
<msg time="2024-06-21T20:16:32.764976" level="INFO">GET Response : url=https://randomuser.me/api 
 status=200, reason=OK 
 headers={'Date': 'Fri, 21 Jun 2024 20:16:32 GMT', 'Content-Type': 'application/json; charset=utf-8', 'Transfer-Encoding': 'chunked', 'Connection': 'keep-alive', 'X-Powered-By': 'Express', 'Access-Control-Allow-Origin': '*', 'Cache-Control': 'no-cache', 'ETag': 'W/"483-LdCfMW60L32KfdcpBg3O9g2Zn0M"', 'Vary': 'Accept-Encoding', 'Content-Encoding': 'gzip', 'CF-Cache-Status': 'DYNAMIC', 'Report-To': '{"endpoints":[{"url":"https:\\/\\/a.nel.cloudflare.com\\/report\\/v4?s=NT7QDi3B%2BhmtR3cXDfV2stuwW1dfosj1Xji4qaNwL1MG9cV3tA24%2Bfl9wYMEQqukMf%2BRFNuKuEmHQJt0yHTbMFqQoQmLB3NUnBj2%2FH2Uik5ZTHKnVsVJho5%2F4mGQAi6E"}],"group":"cf-nel","max_age":604800}', 'NEL': '{"success_fraction":0,"report_to":"cf-nel","max_age":604800}', 'Server': 'cloudflare', 'CF-RAY': '8976ad4c4f112710-SJC', 'alt-svc': 'h3=":443"; ma=86400'} 
 body={"results":[{"gender":"male","name":{"title":"Monsieur","first":"Bernard","last":"Lemoine"},"location":{"street":{"number":3149,"name":"Rue Louis-Garrand"},"city":"Lausen","state":"Ticino","country":"Switzerland","postcode":2754,"coordinates":{"latitude":"-63.2327","longitude":"-5.2576"},"timezone":{"offset":"-10:00","description":"Hawaii"}},"email":"bernard.lemoine@example.com","login":{"uuid":"1815e7c9-80a9-412b-bfd4-d29c382e0594","username":"smallfish838","password":"woody1","salt":"HcOLhjTT","md5":"4f77cbb85e7889c7a167728269e7c18f","sha1":"9fc6acb9f6f2c67563d1252e1a85a9bea09bea19","sha256":"0f9d512feaa3584c13d7e79b2dbe688e59fac2ee4b0aa307932ddf3457a3bb90"},"dob":{"date":"1953-01-04T11:49:39.683Z","age":71},"registered":{"date":"2014-04-23T06:26:41.666Z","age":10},"phone":"077 190 35 25","cell":"077 015 00 72","id":{"name":"AVS","value":"756.2233.2699.67"},"picture":{"large":"https://randomuser.me/api/portraits/men/76.jpg","medium":"https://randomuser.me/api/portraits/med/men/76.jpg","thumbnail":"https://randomuser.me/api/portraits/thumb/men/76.jpg"},"nat":"CH"}],"info":{"seed":"e28f474ae8e7974d","results":1,"page":1,"version":"1.4"}} 
 </msg>
<msg time="2024-06-21T20:16:32.765103" level="INFO">/opt/hostedtoolcache/Python/3.12.4/x64/lib/python3.12/site-packages/urllib3/connectionpool.py:1099: InsecureRequestWarning: Unverified HTTPS request is being made to host 'randomuser.me'. Adding certificate verification is strongly advised. See: https://urllib3.readthedocs.io/en/latest/advanced-usage.html#tls-warnings
  warnings.warn(</msg>
<msg time="2024-06-21T20:16:32.765234" level="INFO">${response} = &lt;Response [200]&gt;</msg>
<var>${response}</var>
<arg>consultarAPI</arg>
<arg>/api</arg>
<doc>Sends a GET request on a previously created HTTP Session.</doc>
<status status="PASS" start="2024-06-21T20:16:32.677056" elapsed="0.088221"/>
</kw>
<kw name="Set Variable" owner="BuiltIn">
<msg time="2024-06-21T20:16:32.766447" level="INFO">${json_data} = {'results': [{'gender': 'male', 'name': {'title': 'Monsieur', 'first': 'Bernard', 'last': 'Lemoine'}, 'location': {'street': {'number': 3149, 'name': 'Rue Louis-Garrand'}, 'city': 'Lausen', 'state': '...</msg>
<var>${json_data}</var>
<arg>${response.json()}</arg>
<doc>Returns the given values which can then be assigned to a variables.</doc>
<status status="PASS" start="2024-06-21T20:16:32.765879" elapsed="0.000597"/>
</kw>
<kw name="Log" owner="BuiltIn">
<msg time="2024-06-21T20:16:32.766964" level="INFO">{'results': [{'gender': 'male', 'name': {'title': 'Monsieur', 'first': 'Bernard', 'last': 'Lemoine'}, 'location': {'street': {'number': 3149, 'name': 'Rue Louis-Garrand'}, 'city': 'Lausen', 'state': 'Ticino', 'country': 'Switzerland', 'postcode': 2754, 'coordinates': {'latitude': '-63.2327', 'longitude': '-5.2576'}, 'timezone': {'offset': '-10:00', 'description': 'Hawaii'}}, 'email': 'bernard.lemoine@example.com', 'login': {'uuid': '1815e7c9-80a9-412b-bfd4-d29c382e0594', 'username': 'smallfish838', 'password': 'woody1', 'salt': 'HcOLhjTT', 'md5': '4f77cbb85e7889c7a167728269e7c18f', 'sha1': '9fc6acb9f6f2c67563d1252e1a85a9bea09bea19', 'sha256': '0f9d512feaa3584c13d7e79b2dbe688e59fac2ee4b0aa307932ddf3457a3bb90'}, 'dob': {'date': '1953-01-04T11:49:39.683Z', 'age': 71}, 'registered': {'date': '2014-04-23T06:26:41.666Z', 'age': 10}, 'phone': '077 190 35 25', 'cell': '077 015 00 72', 'id': {'name': 'AVS', 'value': '756.2233.2699.67'}, 'picture': {'large': 'https://randomuser.me/api/portraits/men/76.jpg', 'medium': 'https://randomuser.me/api/portraits/med/men/76.jpg', 'thumbnail': 'https://randomuser.me/api/portraits/thumb/men/76.jpg'}, 'nat': 'CH'}], 'info': {'seed': 'e28f474ae8e7974d', 'results': 1, 'page': 1, 'version': '1.4'}}</msg>
<arg>${json_data}</arg>
<doc>Logs the given message with the given level.</doc>
<status status="PASS" start="2024-06-21T20:16:32.766794" elapsed="0.000220"/>
</kw>
<kw name="Dictionary Should Contain Key" owner="Collections">
<arg>${json_data}</arg>
<arg>results</arg>
<doc>Fails if ``key`` is not found from ``dictionary``.</doc>
<status status="PASS" start="2024-06-21T20:16:32.767322" elapsed="0.000169"/>
</kw>
<kw name="Should Not Be Empty" owner="BuiltIn">
<msg time="2024-06-21T20:16:32.767806" level="INFO">Length is 2.</msg>
<arg>${json_data}</arg>
<doc>Verifies that the given item is not empty.</doc>
<status status="PASS" start="2024-06-21T20:16:32.767675" elapsed="0.000174"/>
</kw>
<kw name="Create List" owner="BuiltIn">
<msg time="2024-06-21T20:16:32.768346" level="INFO">${expected_keys} = ['gender', 'name', 'location', 'email', 'login']</msg>
<var>${expected_keys}</var>
<arg>gender</arg>
<arg>name</arg>
<arg>location</arg>
<arg>email</arg>
<arg>login</arg>
<doc>Returns a list containing given items.</doc>
<status status="PASS" start="2024-06-21T20:16:32.768195" elapsed="0.000176"/>
</kw>
<for flavor="IN">
<iter>
<kw name="Dictionary Should Contain Key" owner="Collections">
<arg>${json_data['results'][0]}</arg>
<arg>${key}</arg>
<doc>Fails if ``key`` is not found from ``dictionary``.</doc>
<status status="PASS" start="2024-06-21T20:16:32.769131" elapsed="0.000412"/>
</kw>
<kw name="Log" owner="BuiltIn">
<msg time="2024-06-21T20:16:32.770095" level="INFO">{'gender': 'male', 'name': {'title': 'Monsieur', 'first': 'Bernard', 'last': 'Lemoine'}, 'location': {'street': {'number': 3149, 'name': 'Rue Louis-Garrand'}, 'city': 'Lausen', 'state': 'Ticino', 'country': 'Switzerland', 'postcode': 2754, 'coordinates': {'latitude': '-63.2327', 'longitude': '-5.2576'}, 'timezone': {'offset': '-10:00', 'description': 'Hawaii'}}, 'email': 'bernard.lemoine@example.com', 'login': {'uuid': '1815e7c9-80a9-412b-bfd4-d29c382e0594', 'username': 'smallfish838', 'password': 'woody1', 'salt': 'HcOLhjTT', 'md5': '4f77cbb85e7889c7a167728269e7c18f', 'sha1': '9fc6acb9f6f2c67563d1252e1a85a9bea09bea19', 'sha256': '0f9d512feaa3584c13d7e79b2dbe688e59fac2ee4b0aa307932ddf3457a3bb90'}, 'dob': {'date': '1953-01-04T11:49:39.683Z', 'age': 71}, 'registered': {'date': '2014-04-23T06:26:41.666Z', 'age': 10}, 'phone': '077 190 35 25', 'cell': '077 015 00 72', 'id': {'name': 'AVS', 'value': '756.2233.2699.67'}, 'picture': {'large': 'https://randomuser.me/api/portraits/men/76.jpg', 'medium': 'https://randomuser.me/api/portraits/med/men/76.jpg', 'thumbnail': 'https://randomuser.me/api/portraits/thumb/men/76.jpg'}, 'nat': 'CH'}</msg>
<arg>${json_data['results'][0]}</arg>
<doc>Logs the given message with the given level.</doc>
<status status="PASS" start="2024-06-21T20:16:32.769732" elapsed="0.000422"/>
</kw>
<kw name="Log" owner="BuiltIn">
<msg time="2024-06-21T20:16:32.770583" level="INFO">gender</msg>
<arg>${key}</arg>
<doc>Logs the given message with the given level.</doc>
<status status="PASS" start="2024-06-21T20:16:32.770454" elapsed="0.000167"/>
</kw>
<var name="${key}">gender</var>
<status status="PASS" start="2024-06-21T20:16:32.769001" elapsed="0.001836"/>
</iter>
<iter>
<kw name="Dictionary Should Contain Key" owner="Collections">
<arg>${json_data['results'][0]}</arg>
<arg>${key}</arg>
<doc>Fails if ``key`` is not found from ``dictionary``.</doc>
<status status="PASS" start="2024-06-21T20:16:32.771131" elapsed="0.000381"/>
</kw>
<kw name="Log" owner="BuiltIn">
<msg time="2024-06-21T20:16:32.772109" level="INFO">{'gender': 'male', 'name': {'title': 'Monsieur', 'first': 'Bernard', 'last': 'Lemoine'}, 'location': {'street': {'number': 3149, 'name': 'Rue Louis-Garrand'}, 'city': 'Lausen', 'state': 'Ticino', 'country': 'Switzerland', 'postcode': 2754, 'coordinates': {'latitude': '-63.2327', 'longitude': '-5.2576'}, 'timezone': {'offset': '-10:00', 'description': 'Hawaii'}}, 'email': 'bernard.lemoine@example.com', 'login': {'uuid': '1815e7c9-80a9-412b-bfd4-d29c382e0594', 'username': 'smallfish838', 'password': 'woody1', 'salt': 'HcOLhjTT', 'md5': '4f77cbb85e7889c7a167728269e7c18f', 'sha1': '9fc6acb9f6f2c67563d1252e1a85a9bea09bea19', 'sha256': '0f9d512feaa3584c13d7e79b2dbe688e59fac2ee4b0aa307932ddf3457a3bb90'}, 'dob': {'date': '1953-01-04T11:49:39.683Z', 'age': 71}, 'registered': {'date': '2014-04-23T06:26:41.666Z', 'age': 10}, 'phone': '077 190 35 25', 'cell': '077 015 00 72', 'id': {'name': 'AVS', 'value': '756.2233.2699.67'}, 'picture': {'large': 'https://randomuser.me/api/portraits/men/76.jpg', 'medium': 'https://randomuser.me/api/portraits/med/men/76.jpg', 'thumbnail': 'https://randomuser.me/api/portraits/thumb/men/76.jpg'}, 'nat': 'CH'}</msg>
<arg>${json_data['results'][0]}</arg>
<doc>Logs the given message with the given level.</doc>
<status status="PASS" start="2024-06-21T20:16:32.771697" elapsed="0.000494"/>
</kw>
<kw name="Log" owner="BuiltIn">
<msg time="2024-06-21T20:16:32.772624" level="INFO">name</msg>
<arg>${key}</arg>
<doc>Logs the given message with the given level.</doc>
<status status="PASS" start="2024-06-21T20:16:32.772494" elapsed="0.000168"/>
</kw>
<var name="${key}">name</var>
<status status="PASS" start="2024-06-21T20:16:32.771021" elapsed="0.001861"/>
</iter>
<iter>
<kw name="Dictionary Should Contain Key" owner="Collections">
<arg>${json_data['results'][0]}</arg>
<arg>${key}</arg>
<doc>Fails if ``key`` is not found from ``dictionary``.</doc>
<status status="PASS" start="2024-06-21T20:16:32.773166" elapsed="0.000395"/>
</kw>
<kw name="Log" owner="BuiltIn">
<msg time="2024-06-21T20:16:32.774091" level="INFO">{'gender': 'male', 'name': {'title': 'Monsieur', 'first': 'Bernard', 'last': 'Lemoine'}, 'location': {'street': {'number': 3149, 'name': 'Rue Louis-Garrand'}, 'city': 'Lausen', 'state': 'Ticino', 'country': 'Switzerland', 'postcode': 2754, 'coordinates': {'latitude': '-63.2327', 'longitude': '-5.2576'}, 'timezone': {'offset': '-10:00', 'description': 'Hawaii'}}, 'email': 'bernard.lemoine@example.com', 'login': {'uuid': '1815e7c9-80a9-412b-bfd4-d29c382e0594', 'username': 'smallfish838', 'password': 'woody1', 'salt': 'HcOLhjTT', 'md5': '4f77cbb85e7889c7a167728269e7c18f', 'sha1': '9fc6acb9f6f2c67563d1252e1a85a9bea09bea19', 'sha256': '0f9d512feaa3584c13d7e79b2dbe688e59fac2ee4b0aa307932ddf3457a3bb90'}, 'dob': {'date': '1953-01-04T11:49:39.683Z', 'age': 71}, 'registered': {'date': '2014-04-23T06:26:41.666Z', 'age': 10}, 'phone': '077 190 35 25', 'cell': '077 015 00 72', 'id': {'name': 'AVS', 'value': '756.2233.2699.67'}, 'picture': {'large': 'https://randomuser.me/api/portraits/men/76.jpg', 'medium': 'https://randomuser.me/api/portraits/med/men/76.jpg', 'thumbnail': 'https://randomuser.me/api/portraits/thumb/men/76.jpg'}, 'nat': 'CH'}</msg>
<arg>${json_data['results'][0]}</arg>
<doc>Logs the given message with the given level.</doc>
<status status="PASS" start="2024-06-21T20:16:32.773742" elapsed="0.000396"/>
</kw>
<kw name="Log" owner="BuiltIn">
<msg time="2024-06-21T20:16:32.774553" level="INFO">location</msg>
<arg>${key}</arg>
<doc>Logs the given message with the given level.</doc>
<status status="PASS" start="2024-06-21T20:16:32.774428" elapsed="0.000162"/>
</kw>
<var name="${key}">location</var>
<status status="PASS" start="2024-06-21T20:16:32.773058" elapsed="0.001755"/>
</iter>
<iter>
<kw name="Dictionary Should Contain Key" owner="Collections">
<arg>${json_data['results'][0]}</arg>
<arg>${key}</arg>
<doc>Fails if ``key`` is not found from ``dictionary``.</doc>
<status status="PASS" start="2024-06-21T20:16:32.775085" elapsed="0.000380"/>
</kw>
<kw name="Log" owner="BuiltIn">
<msg time="2024-06-21T20:16:32.776042" level="INFO">{'gender': 'male', 'name': {'title': 'Monsieur', 'first': 'Bernard', 'last': 'Lemoine'}, 'location': {'street': {'number': 3149, 'name': 'Rue Louis-Garrand'}, 'city': 'Lausen', 'state': 'Ticino', 'country': 'Switzerland', 'postcode': 2754, 'coordinates': {'latitude': '-63.2327', 'longitude': '-5.2576'}, 'timezone': {'offset': '-10:00', 'description': 'Hawaii'}}, 'email': 'bernard.lemoine@example.com', 'login': {'uuid': '1815e7c9-80a9-412b-bfd4-d29c382e0594', 'username': 'smallfish838', 'password': 'woody1', 'salt': 'HcOLhjTT', 'md5': '4f77cbb85e7889c7a167728269e7c18f', 'sha1': '9fc6acb9f6f2c67563d1252e1a85a9bea09bea19', 'sha256': '0f9d512feaa3584c13d7e79b2dbe688e59fac2ee4b0aa307932ddf3457a3bb90'}, 'dob': {'date': '1953-01-04T11:49:39.683Z', 'age': 71}, 'registered': {'date': '2014-04-23T06:26:41.666Z', 'age': 10}, 'phone': '077 190 35 25', 'cell': '077 015 00 72', 'id': {'name': 'AVS', 'value': '756.2233.2699.67'}, 'picture': {'large': 'https://randomuser.me/api/portraits/men/76.jpg', 'medium': 'https://randomuser.me/api/portraits/med/men/76.jpg', 'thumbnail': 'https://randomuser.me/api/portraits/thumb/men/76.jpg'}, 'nat': 'CH'}</msg>
<arg>${json_data['results'][0]}</arg>
<doc>Logs the given message with the given level.</doc>
<status status="PASS" start="2024-06-21T20:16:32.775655" elapsed="0.000437"/>
</kw>
<kw name="Log" owner="BuiltIn">
<msg time="2024-06-21T20:16:32.776513" level="INFO">email</msg>
<arg>${key}</arg>
<doc>Logs the given message with the given level.</doc>
<status status="PASS" start="2024-06-21T20:16:32.776387" elapsed="0.000163"/>
</kw>
<var name="${key}">email</var>
<status status="PASS" start="2024-06-21T20:16:32.774980" elapsed="0.001784"/>
</iter>
<iter>
<kw name="Dictionary Should Contain Key" owner="Collections">
<arg>${json_data['results'][0]}</arg>
<arg>${key}</arg>
<doc>Fails if ``key`` is not found from ``dictionary``.</doc>
<status status="PASS" start="2024-06-21T20:16:32.777037" elapsed="0.000386"/>
</kw>
<kw name="Log" owner="BuiltIn">
<msg time="2024-06-21T20:16:32.777953" level="INFO">{'gender': 'male', 'name': {'title': 'Monsieur', 'first': 'Bernard', 'last': 'Lemoine'}, 'location': {'street': {'number': 3149, 'name': 'Rue Louis-Garrand'}, 'city': 'Lausen', 'state': 'Ticino', 'country': 'Switzerland', 'postcode': 2754, 'coordinates': {'latitude': '-63.2327', 'longitude': '-5.2576'}, 'timezone': {'offset': '-10:00', 'description': 'Hawaii'}}, 'email': 'bernard.lemoine@example.com', 'login': {'uuid': '1815e7c9-80a9-412b-bfd4-d29c382e0594', 'username': 'smallfish838', 'password': 'woody1', 'salt': 'HcOLhjTT', 'md5': '4f77cbb85e7889c7a167728269e7c18f', 'sha1': '9fc6acb9f6f2c67563d1252e1a85a9bea09bea19', 'sha256': '0f9d512feaa3584c13d7e79b2dbe688e59fac2ee4b0aa307932ddf3457a3bb90'}, 'dob': {'date': '1953-01-04T11:49:39.683Z', 'age': 71}, 'registered': {'date': '2014-04-23T06:26:41.666Z', 'age': 10}, 'phone': '077 190 35 25', 'cell': '077 015 00 72', 'id': {'name': 'AVS', 'value': '756.2233.2699.67'}, 'picture': {'large': 'https://randomuser.me/api/portraits/men/76.jpg', 'medium': 'https://randomuser.me/api/portraits/med/men/76.jpg', 'thumbnail': 'https://randomuser.me/api/portraits/thumb/men/76.jpg'}, 'nat': 'CH'}</msg>
<arg>${json_data['results'][0]}</arg>
<doc>Logs the given message with the given level.</doc>
<status status="PASS" start="2024-06-21T20:16:32.777604" elapsed="0.000397"/>
</kw>
<kw name="Log" owner="BuiltIn">
<msg time="2024-06-21T20:16:32.778431" level="INFO">login</msg>
<arg>${key}</arg>
<doc>Logs the given message with the given level.</doc>
<status status="PASS" start="2024-06-21T20:16:32.778299" elapsed="0.000170"/>
</kw>
<var name="${key}">login</var>
<status status="PASS" start="2024-06-21T20:16:32.776931" elapsed="0.001753"/>
</iter>
<var>${key}</var>
<value>@{expected_keys}</value>
<status status="PASS" start="2024-06-21T20:16:32.768798" elapsed="0.010004"/>
</for>
<kw name="Create List" owner="BuiltIn">
<msg time="2024-06-21T20:16:32.779126" level="INFO">${expected_keysTwo} = ['username', 'password']</msg>
<var>${expected_keysTwo}</var>
<arg>username</arg>
<arg>password</arg>
<doc>Returns a list containing given items.</doc>
<status status="PASS" start="2024-06-21T20:16:32.778989" elapsed="0.000161"/>
</kw>
<for flavor="IN">
<iter>
<kw name="Dictionary Should Contain Key" owner="Collections">
<arg>${json_data['results'][0]['login']}</arg>
<arg>${keyTwo}</arg>
<doc>Fails if ``key`` is not found from ``dictionary``.</doc>
<status status="PASS" start="2024-06-21T20:16:32.779668" elapsed="0.000430"/>
</kw>
<kw name="Dictionary Should Contain Key" owner="Collections">
<arg>${json_data['results'][0]['login']}</arg>
<arg>${keyTwo}</arg>
<doc>Fails if ``key`` is not found from ``dictionary``.</doc>
<status status="PASS" start="2024-06-21T20:16:32.780280" elapsed="0.000376"/>
</kw>
<kw name="Log" owner="BuiltIn">
<msg time="2024-06-21T20:16:32.780954" level="INFO">username</msg>
<arg>${keyTwo}</arg>
<doc>Logs the given message with the given level.</doc>
<status status="PASS" start="2024-06-21T20:16:32.780834" elapsed="0.000156"/>
</kw>
<var name="${keyTwo}">username</var>
<status status="PASS" start="2024-06-21T20:16:32.779560" elapsed="0.001651"/>
</iter>
<iter>
<kw name="Dictionary Should Contain Key" owner="Collections">
<arg>${json_data['results'][0]['login']}</arg>
<arg>${keyTwo}</arg>
<doc>Fails if ``key`` is not found from ``dictionary``.</doc>
<status status="PASS" start="2024-06-21T20:16:32.781486" elapsed="0.000383"/>
</kw>
<kw name="Dictionary Should Contain Key" owner="Collections">
<arg>${json_data['results'][0]['login']}</arg>
<arg>${keyTwo}</arg>
<doc>Fails if ``key`` is not found from ``dictionary``.</doc>
<status status="PASS" start="2024-06-21T20:16:32.782044" elapsed="0.000376"/>
</kw>
<kw name="Log" owner="BuiltIn">
<msg time="2024-06-21T20:16:32.782724" level="INFO">password</msg>
<arg>${keyTwo}</arg>
<doc>Logs the given message with the given level.</doc>
<status status="PASS" start="2024-06-21T20:16:32.782603" elapsed="0.000158"/>
</kw>
<var name="${keyTwo}">password</var>
<status status="PASS" start="2024-06-21T20:16:32.781381" elapsed="0.001602"/>
</iter>
<var>${keyTwo}</var>
<value>@{expected_keysTwo}</value>
<status status="PASS" start="2024-06-21T20:16:32.779409" elapsed="0.003692"/>
</for>
<status status="PASS" start="2024-06-21T20:16:32.676826" elapsed="0.106415"/>
</kw>
<doc>Testa a estrutura da resposta da API.</doc>
<tag>testeEstruturaResposta</tag>
<status status="PASS" start="2024-06-21T20:16:32.676211" elapsed="0.107198"/>
</test>
<test id="s1-s1-t4" name="Validar tipos de dados" line="28">
<kw name="Teste de Tipos de Dados" owner="random-user-service">
<kw name="GET On Session" owner="RequestsLibrary">
<msg time="2024-06-21T20:16:32.888152" level="INFO">GET Request : url=https://randomuser.me/api 
 path_url=/api 
 headers={'User-Agent': 'python-requests/2.32.3', 'Accept-Encoding': 'gzip, deflate', 'Accept': '*/*', 'Connection': 'keep-alive'} 
 body=None 
 </msg>
<msg time="2024-06-21T20:16:32.888235" level="INFO">GET Response : url=https://randomuser.me/api 
 status=200, reason=OK 
 headers={'Date': 'Fri, 21 Jun 2024 20:16:32 GMT', 'Content-Type': 'application/json; charset=utf-8', 'Transfer-Encoding': 'chunked', 'Connection': 'keep-alive', 'X-Powered-By': 'Express', 'Access-Control-Allow-Origin': '*', 'Cache-Control': 'no-cache', 'ETag': 'W/"48a-yvkR1HxniWjGfSzPJZ9MAp459co"', 'Vary': 'Accept-Encoding', 'Content-Encoding': 'gzip', 'CF-Cache-Status': 'DYNAMIC', 'Report-To': '{"endpoints":[{"url":"https:\\/\\/a.nel.cloudflare.com\\/report\\/v4?s=HIY6Jkn%2FwxcWiiUPOTH8bNdwK7%2BbHYUMroaTeBMDLWCsEaPU4RmgVJHZXm2%2BAzXWZZBBVWdef97Q8ZOivQ8qBlbZuXBXgkofEzQbCnOV09k8aDCFNSXLOdWmjItGIJqO"}],"group":"cf-nel","max_age":604800}', 'NEL': '{"success_fraction":0,"report_to":"cf-nel","max_age":604800}', 'Server': 'cloudflare', 'CF-RAY': '8976ad4cef822710-SJC', 'alt-svc': 'h3=":443"; ma=86400'} 
 body={"results":[{"gender":"male","name":{"title":"Mr","first":"Lance","last":"Jackson"},"location":{"street":{"number":4520,"name":"Mockingbird Ln"},"city":"Bunbury","state":"Victoria","country":"Australia","postcode":4464,"coordinates":{"latitude":"-82.9791","longitude":"-141.7296"},"timezone":{"offset":"+1:00","description":"Brussels, Copenhagen, Madrid, Paris"}},"email":"lance.jackson@example.com","login":{"uuid":"977783dc-8296-4c7a-9785-8c7644514078","username":"lazyfrog560","password":"hogan","salt":"IiLzXDO1","md5":"0e07055b19979eae8f5422fdf6db3f4a","sha1":"9a77150ec0857774e9cd7747a8437d845ec6cdc8","sha256":"dae4c55b1a313082bbb3b7085d65891e76befd26716787030effa01486b1524f"},"dob":{"date":"1990-01-31T08:34:37.971Z","age":34},"registered":{"date":"2011-11-17T19:45:35.392Z","age":12},"phone":"02-2303-0457","cell":"0439-476-785","id":{"name":"TFN","value":"173922050"},"picture":{"large":"https://randomuser.me/api/portraits/men/39.jpg","medium":"https://randomuser.me/api/portraits/med/men/39.jpg","thumbnail":"https://randomuser.me/api/portraits/thumb/men/39.jpg"},"nat":"AU"}],"info":{"seed":"033692f7e40fcbea","results":1,"page":1,"version":"1.4"}} 
 </msg>
<msg time="2024-06-21T20:16:32.888312" level="INFO">/opt/hostedtoolcache/Python/3.12.4/x64/lib/python3.12/site-packages/urllib3/connectionpool.py:1099: InsecureRequestWarning: Unverified HTTPS request is being made to host 'randomuser.me'. Adding certificate verification is strongly advised. See: https://urllib3.readthedocs.io/en/latest/advanced-usage.html#tls-warnings
  warnings.warn(</msg>
<msg time="2024-06-21T20:16:32.888432" level="INFO">${response} = &lt;Response [200]&gt;</msg>
<var>${response}</var>
<arg>consultarAPI</arg>
<arg>/api</arg>
<doc>Sends a GET request on a previously created HTTP Session.</doc>
<status status="PASS" start="2024-06-21T20:16:32.786159" elapsed="0.102324"/>
</kw>
<kw name="Set Variable" owner="BuiltIn">
<msg time="2024-06-21T20:16:32.889563" level="INFO">${json_data} = {'results': [{'gender': 'male', 'name': {'title': 'Mr', 'first': 'Lance', 'last': 'Jackson'}, 'location': {'street': {'number': 4520, 'name': 'Mockingbird Ln'}, 'city': 'Bunbury', 'state': 'Victoria',...</msg>
<var>${json_data}</var>
<arg>${response.json()}</arg>
<doc>Returns the given values which can then be assigned to a variables.</doc>
<status status="PASS" start="2024-06-21T20:16:32.888984" elapsed="0.000608"/>
</kw>
<kw name="Log" owner="BuiltIn">
<msg time="2024-06-21T20:16:32.890066" level="INFO">{'results': [{'gender': 'male', 'name': {'title': 'Mr', 'first': 'Lance', 'last': 'Jackson'}, 'location': {'street': {'number': 4520, 'name': 'Mockingbird Ln'}, 'city': 'Bunbury', 'state': 'Victoria', 'country': 'Australia', 'postcode': 4464, 'coordinates': {'latitude': '-82.9791', 'longitude': '-141.7296'}, 'timezone': {'offset': '+1:00', 'description': 'Brussels, Copenhagen, Madrid, Paris'}}, 'email': 'lance.jackson@example.com', 'login': {'uuid': '977783dc-8296-4c7a-9785-8c7644514078', 'username': 'lazyfrog560', 'password': 'hogan', 'salt': 'IiLzXDO1', 'md5': '0e07055b19979eae8f5422fdf6db3f4a', 'sha1': '9a77150ec0857774e9cd7747a8437d845ec6cdc8', 'sha256': 'dae4c55b1a313082bbb3b7085d65891e76befd26716787030effa01486b1524f'}, 'dob': {'date': '1990-01-31T08:34:37.971Z', 'age': 34}, 'registered': {'date': '2011-11-17T19:45:35.392Z', 'age': 12}, 'phone': '02-2303-0457', 'cell': '0439-476-785', 'id': {'name': 'TFN', 'value': '173922050'}, 'picture': {'large': 'https://randomuser.me/api/portraits/men/39.jpg', 'medium': 'https://randomuser.me/api/portraits/med/men/39.jpg', 'thumbnail': 'https://randomuser.me/api/portraits/thumb/men/39.jpg'}, 'nat': 'AU'}], 'info': {'seed': '033692f7e40fcbea', 'results': 1, 'page': 1, 'version': '1.4'}}</msg>
<arg>${json_data}</arg>
<doc>Logs the given message with the given level.</doc>
<status status="PASS" start="2024-06-21T20:16:32.889911" elapsed="0.000203"/>
</kw>
<kw name="Should Be String" owner="String">
<arg>${json_data['results'][0]['gender']}</arg>
<doc>Fails if the given ``item`` is not a string.</doc>
<status status="PASS" start="2024-06-21T20:16:32.890404" elapsed="0.000371"/>
</kw>
<kw name="Should Match Regexp" owner="BuiltIn">
<arg>${json_data['results'][0]['email']}</arg>
<arg>^[a-zA-Z0-9._%+-]+@[a-zA-Z0-9.-]+\.[a-zA-Z]{2,}$</arg>
<doc>Fails if ``string`` does not match ``pattern`` as a regular expression.</doc>
<status status="PASS" start="2024-06-21T20:16:32.890985" elapsed="0.000521"/>
</kw>
<kw name="Should Match Regexp" owner="BuiltIn">
<arg>${json_data['results'][0]['dob']['date']}</arg>
<arg>\\d{4}-\\d{2}-\\d{2}T\\d{2}:\\d{2}:\\d{2}\\.\\d{3}Z</arg>
<doc>Fails if ``string`` does not match ``pattern`` as a regular expression.</doc>
<status status="PASS" start="2024-06-21T20:16:32.891737" elapsed="0.000531"/>
</kw>
<kw name="Should Match Regexp" owner="BuiltIn">
<arg>${json_data['results'][0]['registered']['date']}</arg>
<arg>\\d{4}-\\d{2}-\\d{2}T\\d{2}:\\d{2}:\\d{2}\\.\\d{3}Z</arg>
<doc>Fails if ``string`` does not match ``pattern`` as a regular expression.</doc>
<status status="PASS" start="2024-06-21T20:16:32.892462" elapsed="0.000376"/>
</kw>
<kw name="Should Match Regexp" owner="BuiltIn">
<arg>${json_data['results'][0]['picture']['large']}</arg>
<arg>^https?://.*\.(?:png|jpe?g|gif|bmp)$</arg>
<doc>Fails if ``string`` does not match ``pattern`` as a regular expression.</doc>
<status status="PASS" start="2024-06-21T20:16:32.893026" elapsed="0.000459"/>
</kw>
<kw name="Should Match Regexp" owner="BuiltIn">
<arg>${json_data['results'][0]['picture']['medium']}</arg>
<arg>^https?://.*\.(?:png|jpe?g|gif|bmp)$</arg>
<doc>Fails if ``string`` does not match ``pattern`` as a regular expression.</doc>
<status status="PASS" start="2024-06-21T20:16:32.893673" elapsed="0.000356"/>
</kw>
<kw name="Should Match Regexp" owner="BuiltIn">
<arg>${json_data['results'][0]['picture']['thumbnail']}</arg>
<arg>^https?://.*\.(?:png|jpe?g|gif|bmp)$</arg>
<doc>Fails if ``string`` does not match ``pattern`` as a regular expression.</doc>
<status status="PASS" start="2024-06-21T20:16:32.894225" elapsed="0.000348"/>
</kw>
<kw name="Log" owner="BuiltIn">
<msg time="2024-06-21T20:16:32.895077" level="INFO">{'large': 'https://randomuser.me/api/portraits/men/39.jpg', 'medium': 'https://randomuser.me/api/portraits/med/men/39.jpg', 'thumbnail': 'https://randomuser.me/api/portraits/thumb/men/39.jpg'}</msg>
<arg>${json_data['results'][0]['picture']}</arg>
<doc>Logs the given message with the given level.</doc>
<status status="PASS" start="2024-06-21T20:16:32.894752" elapsed="0.000374"/>
</kw>
<status status="PASS" start="2024-06-21T20:16:32.785929" elapsed="0.109448"/>
</kw>
<kw name="Teste de Tipos de Dados - Postcode" owner="random-user-service">
<kw name="GET On Session" owner="RequestsLibrary">
<msg time="2024-06-21T20:16:32.995384" level="INFO">GET Request : url=https://randomuser.me/api 
 path_url=/api 
 headers={'User-Agent': 'python-requests/2.32.3', 'Accept-Encoding': 'gzip, deflate', 'Accept': '*/*', 'Connection': 'keep-alive'} 
 body=None 
 </msg>
<msg time="2024-06-21T20:16:32.995470" level="INFO">GET Response : url=https://randomuser.me/api 
 status=200, reason=OK 
 headers={'Date': 'Fri, 21 Jun 2024 20:16:32 GMT', 'Content-Type': 'application/json; charset=utf-8', 'Transfer-Encoding': 'chunked', 'Connection': 'keep-alive', 'X-Powered-By': 'Express', 'Access-Control-Allow-Origin': '*', 'Cache-Control': 'no-cache', 'ETag': 'W/"47b-IqJBsp1oJxfRAMAs1287S6eikV0"', 'Vary': 'Accept-Encoding', 'Content-Encoding': 'gzip', 'CF-Cache-Status': 'DYNAMIC', 'Report-To': '{"endpoints":[{"url":"https:\\/\\/a.nel.cloudflare.com\\/report\\/v4?s=JXiELf9HfOUc%2FRw7RZC6bp54Y9uuVPqvaCS0b72Fpiztrs2nKyfIcnbrvzSJc424owDk6ioNkAWqECcxdI0Y9S1jCEPBxSXi3hNYw2Zk1brwCSkvPJYKYNhZOBjup%2B8h"}],"group":"cf-nel","max_age":604800}', 'NEL': '{"success_fraction":0,"report_to":"cf-nel","max_age":604800}', 'Server': 'cloudflare', 'CF-RAY': '8976ad4d9fdb2710-SJC', 'alt-svc': 'h3=":443"; ma=86400'} 
 body={"results":[{"gender":"male","name":{"title":"Mr","first":"پرهام","last":"رضاییان"},"location":{"street":{"number":5546,"name":"راستوان"},"city":"بروجرد","state":"همدان","country":"Iran","postcode":71490,"coordinates":{"latitude":"13.9563","longitude":"-147.5632"},"timezone":{"offset":"+9:30","description":"Adelaide, Darwin"}},"email":"prhm.rdyyn@example.com","login":{"uuid":"f3e853ba-02b6-4614-bc79-763c04af3a40","username":"lazymeercat546","password":"rich","salt":"chUxxeqS","md5":"1e82ea94af9d5dd161f35e93c560604c","sha1":"ce978b2df117ca78c735fd3a2cbcd4e15db86a6d","sha256":"07c5a85b5fc2999ac9eba719c450403f9454c759b43d94f70b9de869be7f89ed"},"dob":{"date":"1969-03-03T23:45:30.656Z","age":55},"registered":{"date":"2007-02-20T04:29:43.820Z","age":17},"phone":"003-69262073","cell":"0965-974-1404","id":{"name":"","value":null},"picture":{"large":"https://randomuser.me/api/portraits/men/77.jpg","medium":"https://randomuser.me/api/portraits/med/men/77.jpg","thumbnail":"https://randomuser.me/api/portraits/thumb/men/77.jpg"},"nat":"IR"}],"info":{"seed":"3ed96c698877dd44","results":1,"page":1,"version":"1.4"}} 
 </msg>
<msg time="2024-06-21T20:16:32.995544" level="INFO">/opt/hostedtoolcache/Python/3.12.4/x64/lib/python3.12/site-packages/urllib3/connectionpool.py:1099: InsecureRequestWarning: Unverified HTTPS request is being made to host 'randomuser.me'. Adding certificate verification is strongly advised. See: https://urllib3.readthedocs.io/en/latest/advanced-usage.html#tls-warnings
  warnings.warn(</msg>
<msg time="2024-06-21T20:16:32.995671" level="INFO">${response} = &lt;Response [200]&gt;</msg>
<var>${response}</var>
<arg>consultarAPI</arg>
<arg>/api</arg>
<doc>Sends a GET request on a previously created HTTP Session.</doc>
<status status="PASS" start="2024-06-21T20:16:32.895811" elapsed="0.099907"/>
</kw>
<kw name="Set Variable" owner="BuiltIn">
<msg time="2024-06-21T20:16:32.996989" level="INFO">${json_data} = {'results': [{'gender': 'male', 'name': {'title': 'Mr', 'first': 'پرهام', 'last': 'رضاییان'}, 'location': {'street': {'number': 5546, 'name': 'راستوان'}, 'city': 'بروجرد', 'state': 'همدان', 'country':...</msg>
<var>${json_data}</var>
<arg>${response.json()}</arg>
<doc>Returns the given values which can then be assigned to a variables.</doc>
<status status="PASS" start="2024-06-21T20:16:32.996336" elapsed="0.000684"/>
</kw>
<kw name="Log" owner="BuiltIn">
<msg time="2024-06-21T20:16:32.997486" level="INFO">{'results': [{'gender': 'male', 'name': {'title': 'Mr', 'first': 'پرهام', 'last': 'رضاییان'}, 'location': {'street': {'number': 5546, 'name': 'راستوان'}, 'city': 'بروجرد', 'state': 'همدان', 'country': 'Iran', 'postcode': 71490, 'coordinates': {'latitude': '13.9563', 'longitude': '-147.5632'}, 'timezone': {'offset': '+9:30', 'description': 'Adelaide, Darwin'}}, 'email': 'prhm.rdyyn@example.com', 'login': {'uuid': 'f3e853ba-02b6-4614-bc79-763c04af3a40', 'username': 'lazymeercat546', 'password': 'rich', 'salt': 'chUxxeqS', 'md5': '1e82ea94af9d5dd161f35e93c560604c', 'sha1': 'ce978b2df117ca78c735fd3a2cbcd4e15db86a6d', 'sha256': '07c5a85b5fc2999ac9eba719c450403f9454c759b43d94f70b9de869be7f89ed'}, 'dob': {'date': '1969-03-03T23:45:30.656Z', 'age': 55}, 'registered': {'date': '2007-02-20T04:29:43.820Z', 'age': 17}, 'phone': '003-69262073', 'cell': '0965-974-1404', 'id': {'name': '', 'value': None}, 'picture': {'large': 'https://randomuser.me/api/portraits/men/77.jpg', 'medium': 'https://randomuser.me/api/portraits/med/men/77.jpg', 'thumbnail': 'https://randomuser.me/api/portraits/thumb/men/77.jpg'}, 'nat': 'IR'}], 'info': {'seed': '3ed96c698877dd44', 'results': 1, 'page': 1, 'version': '1.4'}}</msg>
<arg>${json_data}</arg>
<doc>Logs the given message with the given level.</doc>
<status status="PASS" start="2024-06-21T20:16:32.997328" elapsed="0.000208"/>
</kw>
<kw name="Should Be Equal As Numbers" owner="BuiltIn">
<arg>${json_data['results'][0]['location']['postcode']}</arg>
<arg>${json_data['results'][0]['location']['postcode']}</arg>
<doc>Fails if objects are unequal after converting them to real numbers.</doc>
<status status="PASS" start="2024-06-21T20:16:32.997831" elapsed="0.000633"/>
</kw>
<kw name="Log" owner="BuiltIn">
<msg time="2024-06-21T20:16:32.998993" level="INFO">71490</msg>
<arg>${json_data['results'][0]['location']['postcode']}</arg>
<doc>Logs the given message with the given level.</doc>
<status status="PASS" start="2024-06-21T20:16:32.998656" elapsed="0.000386"/>
</kw>
<status status="PASS" start="2024-06-21T20:16:32.895594" elapsed="0.103724"/>
</kw>
<doc>Testa se os tipos de dados na resposta da API estão corretos.</doc>
<tag>testeTiposDados</tag>
<status status="PASS" start="2024-06-21T20:16:32.785251" elapsed="0.214234"/>
</test>
<test id="s1-s1-t5" name="Validar conteudo" line="35">
<kw name="Teste de Tipos de Conteudo" owner="random-user-service">
<kw name="GET On Session" owner="RequestsLibrary">
<msg time="2024-06-21T20:16:33.096463" level="INFO">GET Request : url=https://randomuser.me/api 
 path_url=/api 
 headers={'User-Agent': 'python-requests/2.32.3', 'Accept-Encoding': 'gzip, deflate', 'Accept': '*/*', 'Connection': 'keep-alive'} 
 body=None 
 </msg>
<msg time="2024-06-21T20:16:33.096548" level="INFO">GET Response : url=https://randomuser.me/api 
 status=200, reason=OK 
 headers={'Date': 'Fri, 21 Jun 2024 20:16:33 GMT', 'Content-Type': 'application/json; charset=utf-8', 'Transfer-Encoding': 'chunked', 'Connection': 'keep-alive', 'X-Powered-By': 'Express', 'Access-Control-Allow-Origin': '*', 'Cache-Control': 'no-cache', 'ETag': 'W/"4a8-iUdnosh4rUX5gB0jgpZ06nQvHRI"', 'Vary': 'Accept-Encoding', 'Content-Encoding': 'gzip', 'CF-Cache-Status': 'DYNAMIC', 'Report-To': '{"endpoints":[{"url":"https:\\/\\/a.nel.cloudflare.com\\/report\\/v4?s=len99dhAJ%2BPBSMcx%2FMD366gSkK5kcSZ9GBkLacwq6RCG%2FYSCX8TETXeuxITqeWBybCH0c4xdELnxaI6wnflYLG8THvDKqObTNL0ceZ%2Bzhcnakyk3wf4ic95rKSJ3oves"}],"group":"cf-nel","max_age":604800}', 'NEL': '{"success_fraction":0,"report_to":"cf-nel","max_age":604800}', 'Server': 'cloudflare', 'CF-RAY': '8976ad4e48372710-SJC', 'alt-svc': 'h3=":443"; ma=86400'} 
 body={"results":[{"gender":"male","name":{"title":"Mr","first":"Gaspard","last":"Lacroix"},"location":{"street":{"number":7926,"name":"Rue des Abbesses"},"city":"Saint-Pierre","state":"Seine-Saint-Denis","country":"France","postcode":26174,"coordinates":{"latitude":"-16.6494","longitude":"-2.8628"},"timezone":{"offset":"+5:30","description":"Bombay, Calcutta, Madras, New Delhi"}},"email":"gaspard.lacroix@example.com","login":{"uuid":"57bcbdd2-0e45-4c83-aea0-b994d3dc0dc4","username":"redbear747","password":"swinging","salt":"d5quWFp4","md5":"2edac9f82d71df08b7b236e8986f1512","sha1":"52d66c825d9c42e81d0f50d9a769203ddac79575","sha256":"64374490da4e75de3aabcd7196bf9133f7d1431ef0dac02371e8a773376da6b1"},"dob":{"date":"1979-12-11T06:43:04.158Z","age":44},"registered":{"date":"2014-07-07T03:38:13.485Z","age":9},"phone":"05-28-70-87-27","cell":"06-87-49-50-64","id":{"name":"INSEE","value":"1791165559242 89"},"picture":{"large":"https://randomuser.me/api/portraits/men/25.jpg","medium":"https://randomuser.me/api/portraits/med/men/25.jpg","thumbnail":"https://randomuser.me/api/portraits/thumb/men/25.jpg"},"nat":"FR"}],"info":{"seed":"fec66b6d8ee45126","results":1,"page":1,"version":"1.4"}} 
 </msg>
<msg time="2024-06-21T20:16:33.096635" level="INFO">/opt/hostedtoolcache/Python/3.12.4/x64/lib/python3.12/site-packages/urllib3/connectionpool.py:1099: InsecureRequestWarning: Unverified HTTPS request is being made to host 'randomuser.me'. Adding certificate verification is strongly advised. See: https://urllib3.readthedocs.io/en/latest/advanced-usage.html#tls-warnings
  warnings.warn(</msg>
<msg time="2024-06-21T20:16:33.096758" level="INFO">${response} = &lt;Response [200]&gt;</msg>
<var>${response}</var>
<arg>consultarAPI</arg>
<arg>/api</arg>
<doc>Sends a GET request on a previously created HTTP Session.</doc>
<status status="PASS" start="2024-06-21T20:16:33.002192" elapsed="0.094622"/>
</kw>
<kw name="Set Variable" owner="BuiltIn">
<msg time="2024-06-21T20:16:33.097922" level="INFO">${json_data} = {'results': [{'gender': 'male', 'name': {'title': 'Mr', 'first': 'Gaspard', 'last': 'Lacroix'}, 'location': {'street': {'number': 7926, 'name': 'Rue des Abbesses'}, 'city': 'Saint-Pierre', 'state': 'S...</msg>
<var>${json_data}</var>
<arg>${response.json()}</arg>
<doc>Returns the given values which can then be assigned to a variables.</doc>
<status status="PASS" start="2024-06-21T20:16:33.097359" elapsed="0.000592"/>
</kw>
<kw name="Set Variable" owner="BuiltIn">
<msg time="2024-06-21T20:16:33.098628" level="INFO">${name_title} = Mr</msg>
<var>${name_title}</var>
<arg>${json_data["results"][0]["name"]["title"]}</arg>
<doc>Returns the given values which can then be assigned to a variables.</doc>
<status status="PASS" start="2024-06-21T20:16:33.098254" elapsed="0.000399"/>
</kw>
<kw name="Create List" owner="BuiltIn">
<msg time="2024-06-21T20:16:33.099096" level="INFO">${allowed_titles} = ['Mr', 'Ms', 'Miss', 'Mrs', 'Madame', 'Monsieur']</msg>
<var>${allowed_titles}</var>
<arg>Mr</arg>
<arg>Ms</arg>
<arg>Miss</arg>
<arg>Mrs</arg>
<arg>Madame</arg>
<arg>Monsieur</arg>
<doc>Returns a list containing given items.</doc>
<status status="PASS" start="2024-06-21T20:16:33.098948" elapsed="0.000173"/>
</kw>
<kw name="List Should Contain Value" owner="Collections">
<arg>${allowed_titles}</arg>
<arg>${name_title}</arg>
<doc>Fails if the ``value`` is not found from ``list``.</doc>
<status status="PASS" start="2024-06-21T20:16:33.099420" elapsed="0.000174"/>
</kw>
<kw name="Set Variable" owner="BuiltIn">
<msg time="2024-06-21T20:16:33.100185" level="INFO">${name_country} = FR</msg>
<var>${name_country}</var>
<arg>${json_data["results"][0]["nat"]}</arg>
<doc>Returns the given values which can then be assigned to a variables.</doc>
<status status="PASS" start="2024-06-21T20:16:33.099770" elapsed="0.000442"/>
</kw>
<kw name="Create List" owner="BuiltIn">
<msg time="2024-06-21T20:16:33.101106" level="INFO">${list_country} = ['AD', 'AE', 'AF', 'AG', 'AI', 'AL', 'AM', 'AO', 'AQ', 'AR', 'AS', 'AT', 'AU', 'AW', 'AX', 'AZ', 'BA', 'BB', 'BD', 'BE', 'BF', 'BG', 'BH', 'BI', 'BJ', 'BL', 'BM', 'BN', 'BO', 'BQ', 'BR', 'BS', 'BT', '...</msg>
<var>${list_country}</var>
<arg>AD</arg>
<arg>AE</arg>
<arg>AF</arg>
<arg>AG</arg>
<arg>AI</arg>
<arg>AL</arg>
<arg>AM</arg>
<arg>AO</arg>
<arg>AQ</arg>
<arg>AR</arg>
<arg>AS</arg>
<arg>AT</arg>
<arg>AU</arg>
<arg>AW</arg>
<arg>AX</arg>
<arg>AZ</arg>
<arg>BA</arg>
<arg>BB</arg>
<arg>BD</arg>
<arg>BE</arg>
<arg>BF</arg>
<arg>BG</arg>
<arg>BH</arg>
<arg>BI</arg>
<arg>BJ</arg>
<arg>BL</arg>
<arg>BM</arg>
<arg>BN</arg>
<arg>BO</arg>
<arg>BQ</arg>
<arg>BR</arg>
<arg>BS</arg>
<arg>BT</arg>
<arg>BV</arg>
<arg>BW</arg>
<arg>BY</arg>
<arg>BZ</arg>
<arg>CA</arg>
<arg>CC</arg>
<arg>CD</arg>
<arg>CF</arg>
<arg>CG</arg>
<arg>CH</arg>
<arg>CI</arg>
<arg>CK</arg>
<arg>CL</arg>
<arg>CM</arg>
<arg>CN</arg>
<arg>CO</arg>
<arg>CR</arg>
<arg>CU</arg>
<arg>CV</arg>
<arg>CW</arg>
<arg>CX</arg>
<arg>CY</arg>
<arg>CZ</arg>
<arg>DE</arg>
<arg>DJ</arg>
<arg>DK</arg>
<arg>DM</arg>
<arg>DO</arg>
<arg>DZ</arg>
<arg>EC</arg>
<arg>EE</arg>
<arg>EG</arg>
<arg>EH</arg>
<arg>ER</arg>
<arg>ES</arg>
<arg>ET</arg>
<arg>FI</arg>
<arg>FJ</arg>
<arg>FK</arg>
<arg>FM</arg>
<arg>FO</arg>
<arg>FR</arg>
<arg>GA</arg>
<arg>GB</arg>
<arg>GD</arg>
<arg>GE</arg>
<arg>GF</arg>
<arg>GG</arg>
<arg>GH</arg>
<arg>GI</arg>
<arg>GL</arg>
<arg>GM</arg>
<arg>GN</arg>
<arg>GP</arg>
<arg>GQ</arg>
<arg>GR</arg>
<arg>GS</arg>
<arg>GT</arg>
<arg>GU</arg>
<arg>GW</arg>
<arg>GY</arg>
<arg>HK</arg>
<arg>HM</arg>
<arg>HN</arg>
<arg>HR</arg>
<arg>HT</arg>
<arg>HU</arg>
<arg>ID</arg>
<arg>IE</arg>
<arg>IL</arg>
<arg>IM</arg>
<arg>IN</arg>
<arg>IO</arg>
<arg>IQ</arg>
<arg>IR</arg>
<arg>IS</arg>
<arg>IT</arg>
<arg>JE</arg>
<arg>JM</arg>
<arg>JO</arg>
<arg>JP</arg>
<arg>KE</arg>
<arg>KG</arg>
<arg>KH</arg>
<arg>KI</arg>
<arg>KM</arg>
<arg>KN</arg>
<arg>KP</arg>
<arg>KR</arg>
<arg>KW</arg>
<arg>KY</arg>
<arg>KZ</arg>
<arg>LA</arg>
<arg>LB</arg>
<arg>LC</arg>
<arg>LI</arg>
<arg>LK</arg>
<arg>LR</arg>
<arg>LS</arg>
<arg>LT</arg>
<arg>LU</arg>
<arg>LV</arg>
<arg>LY</arg>
<arg>MA</arg>
<arg>MC</arg>
<arg>MD</arg>
<arg>ME</arg>
<arg>MF</arg>
<arg>MG</arg>
<arg>MH</arg>
<arg>MK</arg>
<arg>ML</arg>
<arg>MM</arg>
<arg>MN</arg>
<arg>MO</arg>
<arg>MP</arg>
<arg>MQ</arg>
<arg>MR</arg>
<arg>MS</arg>
<arg>MT</arg>
<arg>MU</arg>
<arg>MV</arg>
<arg>MW</arg>
<arg>MX</arg>
<arg>MY</arg>
<arg>MZ</arg>
<arg>NA</arg>
<arg>NC</arg>
<arg>NE</arg>
<arg>NF</arg>
<arg>NG</arg>
<arg>NI</arg>
<arg>NL</arg>
<arg>NO</arg>
<arg>NP</arg>
<arg>NR</arg>
<arg>NU</arg>
<arg>NZ</arg>
<arg>OM</arg>
<arg>PA</arg>
<arg>PE</arg>
<arg>PF</arg>
<arg>PG</arg>
<arg>PH</arg>
<arg>PK</arg>
<arg>PL</arg>
<arg>PM</arg>
<arg>PN</arg>
<arg>PR</arg>
<arg>PS</arg>
<arg>PT</arg>
<arg>PW</arg>
<arg>PY</arg>
<arg>QA</arg>
<arg>RE</arg>
<arg>RO</arg>
<arg>RS</arg>
<arg>RU</arg>
<arg>RW</arg>
<arg>SA</arg>
<arg>SB</arg>
<arg>SC</arg>
<arg>SD</arg>
<arg>SE</arg>
<arg>SG</arg>
<arg>SH</arg>
<arg>SI</arg>
<arg>SJ</arg>
<arg>SK</arg>
<arg>SL</arg>
<arg>SM</arg>
<arg>SN</arg>
<arg>SO</arg>
<arg>SR</arg>
<arg>SS</arg>
<arg>ST</arg>
<arg>SV</arg>
<arg>SX</arg>
<arg>SY</arg>
<arg>SZ</arg>
<arg>TC</arg>
<arg>TD</arg>
<arg>TF</arg>
<arg>TG</arg>
<arg>TH</arg>
<arg>TJ</arg>
<arg>TK</arg>
<arg>TL</arg>
<arg>TM</arg>
<arg>TN</arg>
<arg>TO</arg>
<arg>TR</arg>
<arg>TT</arg>
<arg>TV</arg>
<arg>TW</arg>
<arg>TZ</arg>
<arg>UA</arg>
<arg>UG</arg>
<arg>UM</arg>
<arg>US</arg>
<arg>UY</arg>
<arg>UZ</arg>
<arg>VA</arg>
<arg>VC</arg>
<arg>VE</arg>
<arg>VG</arg>
<arg>VI</arg>
<arg>VN</arg>
<arg>VU</arg>
<arg>WF</arg>
<arg>WS</arg>
<arg>XK</arg>
<arg>YE</arg>
<arg>YT</arg>
<arg>ZA</arg>
<arg>ZM</arg>
<arg>ZW</arg>
<doc>Returns a list containing given items.</doc>
<status status="PASS" start="2024-06-21T20:16:33.100507" elapsed="0.000625"/>
</kw>
<kw name="List Should Contain Value" owner="Collections">
<arg>${list_country}</arg>
<arg>${name_country}</arg>
<doc>Fails if the ``value`` is not found from ``list``.</doc>
<status status="PASS" start="2024-06-21T20:16:33.101931" elapsed="0.000200"/>
</kw>
<kw name="Run Keyword If" owner="BuiltIn">
<kw name="Should Be True" owner="BuiltIn">
<arg>${True}</arg>
<doc>Fails if the given condition is not true.</doc>
<status status="PASS" start="2024-06-21T20:16:33.103057" elapsed="0.000141"/>
</kw>
<arg>${json_data["results"][0]["location"]["coordinates"]["latitude"]} &gt;= -90 and ${json_data["results"][0]["location"]["coordinates"]["latitude"]} &lt;= 90</arg>
<arg>Should Be True</arg>
<arg>${True}</arg>
<doc>Runs the given keyword with the given arguments, if ``condition`` is true.</doc>
<status status="PASS" start="2024-06-21T20:16:33.102326" elapsed="0.001005"/>
</kw>
<kw name="Run Keyword If" owner="BuiltIn">
<kw name="Should Be True" owner="BuiltIn">
<arg>${True}</arg>
<doc>Fails if the given condition is not true.</doc>
<status status="PASS" start="2024-06-21T20:16:33.104240" elapsed="0.000139"/>
</kw>
<arg>${json_data["results"][0]["location"]["coordinates"]["longitude"]} &gt;= -180 and ${json_data["results"][0]["location"]["coordinates"]["longitude"]} &lt;= 180</arg>
<arg>Should Be True</arg>
<arg>${True}</arg>
<doc>Runs the given keyword with the given arguments, if ``condition`` is true.</doc>
<status status="PASS" start="2024-06-21T20:16:33.103511" elapsed="0.000991"/>
</kw>
<status status="PASS" start="2024-06-21T20:16:33.001833" elapsed="0.102798"/>
</kw>
<doc>Testa o conteúdo específico dos campos retornados pela API.</doc>
<tag>testeConteudo</tag>
<status status="PASS" start="2024-06-21T20:16:33.001319" elapsed="0.103456"/>
</test>
<status status="PASS" start="2024-06-21T20:16:32.105504" elapsed="1.001203"/>
</suite>
<status status="PASS" start="2024-06-21T20:16:32.091203" elapsed="1.020753"/>
</suite>
<statistics>
<total>
<stat pass="5" fail="0" skip="0">All Tests</stat>
</total>
<tag>
<stat pass="1" fail="0" skip="0">testeConteudo</stat>
<stat pass="1" fail="0" skip="0">testeEstruturaResposta</stat>
<stat pass="1" fail="0" skip="0">testeRequisicaoBasica</stat>
<stat pass="1" fail="0" skip="0">testeTiposDados</stat>
</tag>
<suite>
<stat pass="5" fail="0" skip="0" id="s1" name="Tests">Tests</stat>
<stat pass="5" fail="0" skip="0" id="s1-s1" name="Random-User-Test">Tests.Random-User-Test</stat>
</suite>
</statistics>
<errors>
</errors>
</robot>
