<?xml version="1.0" encoding="UTF-8"?>
<robot generator="Robot 7.0.1 (Python 3.12.3 on linux)" generated="2024-06-19T04:18:23.739756" rpa="false" schemaversion="5">
<suite id="s1" name="Tests" source="/home/runner/work/ApiRandomUser/ApiRandomUser/RamdonUser/tests">
<suite id="s1-s1" name="Random-User-Test" source="/home/runner/work/ApiRandomUser/ApiRandomUser/RamdonUser/tests/random-user-test.robot">
<test id="s1-s1-t1" name="Conectar" line="13">
<kw name="Conectar API" owner="random-user-service">
<kw name="Create Session" owner="RequestsLibrary">
<msg time="2024-06-19T04:18:24.130140" level="INFO">Creating Session using : alias=consultarAPI, url=https://randomuser.me/, headers={},                     cookies={}, auth=None, timeout=None, proxies=None, verify=False,                     debug=0 </msg>
<arg>consultarAPI</arg>
<arg>${URL}</arg>
<doc>Create Session: create a HTTP session to a server</doc>
<status status="PASS" start="2024-06-19T04:18:24.129933" elapsed="0.000410"/>
</kw>
<status status="PASS" start="2024-06-19T04:18:24.128893" elapsed="0.001824"/>
</kw>
<status status="PASS" start="2024-06-19T04:18:24.128353" elapsed="0.002564"/>
</test>
<test id="s1-s1-t2" name="Validar retorno 200 e JSON Válido" line="16">
<kw name="Teste de Requisicao Basica" owner="random-user-service">
<kw name="GET On Session" owner="RequestsLibrary">
<msg time="2024-06-19T04:18:24.315323" level="INFO">GET Request : url=https://randomuser.me/api 
 path_url=/api 
 headers={'User-Agent': 'python-requests/2.32.3', 'Accept-Encoding': 'gzip, deflate', 'Accept': '*/*', 'Connection': 'keep-alive'} 
 body=None 
 </msg>
<msg time="2024-06-19T04:18:24.315454" level="INFO">GET Response : url=https://randomuser.me/api 
 status=200, reason=OK 
 headers={'Date': 'Wed, 19 Jun 2024 04:18:24 GMT', 'Content-Type': 'application/json; charset=utf-8', 'Transfer-Encoding': 'chunked', 'Connection': 'keep-alive', 'X-Powered-By': 'Express', 'Access-Control-Allow-Origin': '*', 'Cache-Control': 'no-cache', 'ETag': 'W/"469-ZlM6eVg5x/JOkHfkSU7acz9HngA"', 'Vary': 'Accept-Encoding', 'Content-Encoding': 'gzip', 'CF-Cache-Status': 'DYNAMIC', 'Report-To': '{"endpoints":[{"url":"https:\\/\\/a.nel.cloudflare.com\\/report\\/v4?s=izdlfufQq8U4jkIije3y%2BW%2FTL9SgLWN4pabEGxH81RmvIcWhWjvhoYV4RR3SM5HQLbCRslHyuE5rVS8XHOdzq3KDO5eBrxglXoFflzCGsCcVwJoRdt37gOsvXEc2Sh72"}],"group":"cf-nel","max_age":604800}', 'NEL': '{"success_fraction":0,"report_to":"cf-nel","max_age":604800}', 'Server': 'cloudflare', 'CF-RAY': '8960b705bff22419-IAD', 'alt-svc': 'h3=":443"; ma=86400'} 
 body={"results":[{"gender":"female","name":{"title":"Miss","first":"Allie","last":"Ray"},"location":{"street":{"number":9723,"name":"Grove Road"},"city":"Donabate","state":"Westmeath","country":"Ireland","postcode":10988,"coordinates":{"latitude":"-3.5962","longitude":"102.5653"},"timezone":{"offset":"+4:30","description":"Kabul"}},"email":"allie.ray@example.com","login":{"uuid":"0b0af44e-08fd-4982-8927-39af842281b7","username":"heavyduck653","password":"blue42","salt":"F92JFjcM","md5":"e6bd79813a0b275dadb1db26f0b4e280","sha1":"637c420ed6a0f5318e250f37140fe97f205a8ab8","sha256":"1ed83e76ae5a511f7cf7249bb7c97bdba92b25275ad9241246ff1e2fd8e365de"},"dob":{"date":"1981-07-24T23:45:45.569Z","age":42},"registered":{"date":"2022-03-20T16:52:56.380Z","age":2},"phone":"031-115-1743","cell":"081-377-5530","id":{"name":"PPS","value":"0242520T"},"picture":{"large":"https://randomuser.me/api/portraits/women/53.jpg","medium":"https://randomuser.me/api/portraits/med/women/53.jpg","thumbnail":"https://randomuser.me/api/portraits/thumb/women/53.jpg"},"nat":"IE"}],"info":{"seed":"a8d05342b698c2d5","results":1,"page":1,"version":"1.4"}} 
 </msg>
<msg time="2024-06-19T04:18:24.315533" level="INFO">/opt/hostedtoolcache/Python/3.12.3/x64/lib/python3.12/site-packages/urllib3/connectionpool.py:1099: InsecureRequestWarning: Unverified HTTPS request is being made to host 'randomuser.me'. Adding certificate verification is strongly advised. See: https://urllib3.readthedocs.io/en/latest/advanced-usage.html#tls-warnings
  warnings.warn(</msg>
<msg time="2024-06-19T04:18:24.315651" level="INFO">${response} = &lt;Response [200]&gt;</msg>
<var>${response}</var>
<arg>consultarAPI</arg>
<arg>/api</arg>
<doc>Sends a GET request on a previously created HTTP Session.</doc>
<status status="PASS" start="2024-06-19T04:18:24.133558" elapsed="0.182136"/>
</kw>
<kw name="Should Be Equal As Numbers" owner="BuiltIn">
<msg time="2024-06-19T04:18:24.316620" level="INFO">Argument types are:
&lt;class 'int'&gt;
&lt;class 'str'&gt;</msg>
<arg>${response.status_code}</arg>
<arg>200</arg>
<doc>Fails if objects are unequal after converting them to real numbers.</doc>
<status status="PASS" start="2024-06-19T04:18:24.316173" elapsed="0.000512"/>
</kw>
<kw name="Log" owner="BuiltIn">
<msg time="2024-06-19T04:18:24.317427" level="INFO">200</msg>
<arg>${response.status_code}</arg>
<doc>Logs the given message with the given level.</doc>
<status status="PASS" start="2024-06-19T04:18:24.317053" elapsed="0.000418"/>
</kw>
<kw name="Set Variable" owner="BuiltIn">
<msg time="2024-06-19T04:18:24.318234" level="INFO">${json_data} = {'results': [{'gender': 'female', 'name': {'title': 'Miss', 'first': 'Allie', 'last': 'Ray'}, 'location': {'street': {'number': 9723, 'name': 'Grove Road'}, 'city': 'Donabate', 'state': 'Westmeath', '...</msg>
<var>${json_data}</var>
<arg>${response.json()}</arg>
<doc>Returns the given values which can then be assigned to a variables.</doc>
<status status="PASS" start="2024-06-19T04:18:24.317791" elapsed="0.000472"/>
</kw>
<kw name="Dictionary Should Contain Key" owner="Collections">
<arg>${json_data}</arg>
<arg>results</arg>
<doc>Fails if ``key`` is not found from ``dictionary``.</doc>
<status status="PASS" start="2024-06-19T04:18:24.318606" elapsed="0.000173"/>
</kw>
<status status="PASS" start="2024-06-19T04:18:24.133309" elapsed="0.185620"/>
</kw>
<doc>Testa se a API responde corretamente e retorna um objeto JSON válido.</doc>
<tag>testeRequisicaoBasica</tag>
<status status="PASS" start="2024-06-19T04:18:24.132824" elapsed="0.186277"/>
</test>
<test id="s1-s1-t3" name="Validar estrutura de resposta" line="22">
<kw name="Teste de Estrutura de Resposta" owner="random-user-service">
<kw name="GET On Session" owner="RequestsLibrary">
<msg time="2024-06-19T04:18:24.435429" level="INFO">GET Request : url=https://randomuser.me/api 
 path_url=/api 
 headers={'User-Agent': 'python-requests/2.32.3', 'Accept-Encoding': 'gzip, deflate', 'Accept': '*/*', 'Connection': 'keep-alive'} 
 body=None 
 </msg>
<msg time="2024-06-19T04:18:24.435521" level="INFO">GET Response : url=https://randomuser.me/api 
 status=200, reason=OK 
 headers={'Date': 'Wed, 19 Jun 2024 04:18:24 GMT', 'Content-Type': 'application/json; charset=utf-8', 'Transfer-Encoding': 'chunked', 'Connection': 'keep-alive', 'X-Powered-By': 'Express', 'Access-Control-Allow-Origin': '*', 'Cache-Control': 'no-cache', 'ETag': 'W/"47d-kc9rj1zow0Sc79xFtG/DgtEWe1w"', 'Vary': 'Accept-Encoding', 'Content-Encoding': 'gzip', 'CF-Cache-Status': 'DYNAMIC', 'Report-To': '{"endpoints":[{"url":"https:\\/\\/a.nel.cloudflare.com\\/report\\/v4?s=iJLKD2f77CvbWrO5DOsjNLFx4gE0aW%2Ffz%2BwwWs5tEgSwb1H6jnErpolIe3%2FGH%2FC3xRqA9JGsbiP7kAAmdbfKVwcHT%2BDcDRr%2FfEnyHytgpHwoSHBLw6atqtF8tKg26iVS"}],"group":"cf-nel","max_age":604800}', 'NEL': '{"success_fraction":0,"report_to":"cf-nel","max_age":604800}', 'Server': 'cloudflare', 'CF-RAY': '8960b70608412419-IAD', 'alt-svc': 'h3=":443"; ma=86400'} 
 body={"results":[{"gender":"male","name":{"title":"Mr","first":"Nicolas","last":"Peña"},"location":{"street":{"number":3155,"name":"Calle de Téllez"},"city":"San Sebastián","state":"País Vasco","country":"Spain","postcode":79731,"coordinates":{"latitude":"-34.7384","longitude":"-108.6260"},"timezone":{"offset":"-3:30","description":"Newfoundland"}},"email":"nicolas.pena@example.com","login":{"uuid":"cb55bbec-988f-4857-b5f7-d8806af0ae42","username":"yellowkoala849","password":"football","salt":"MGF7GvC7","md5":"1c09ee5dfac5d6cd1b64f95ad0854824","sha1":"635978c4f586b1bdceb09acd3b74797b2e9b588e","sha256":"e54aa76d387150d8be4e46dd845bc9b00924189b908fe8930be31bb5cee3b7e8"},"dob":{"date":"1975-04-04T10:01:16.394Z","age":49},"registered":{"date":"2013-07-16T09:54:31.152Z","age":10},"phone":"936-906-821","cell":"613-881-582","id":{"name":"DNI","value":"71930726-W"},"picture":{"large":"https://randomuser.me/api/portraits/men/5.jpg","medium":"https://randomuser.me/api/portraits/med/men/5.jpg","thumbnail":"https://randomuser.me/api/portraits/thumb/men/5.jpg"},"nat":"ES"}],"info":{"seed":"35e88537b7d652f5","results":1,"page":1,"version":"1.4"}} 
 </msg>
<msg time="2024-06-19T04:18:24.435660" level="INFO">/opt/hostedtoolcache/Python/3.12.3/x64/lib/python3.12/site-packages/urllib3/connectionpool.py:1099: InsecureRequestWarning: Unverified HTTPS request is being made to host 'randomuser.me'. Adding certificate verification is strongly advised. See: https://urllib3.readthedocs.io/en/latest/advanced-usage.html#tls-warnings
  warnings.warn(</msg>
<msg time="2024-06-19T04:18:24.435790" level="INFO">${response} = &lt;Response [200]&gt;</msg>
<var>${response}</var>
<arg>consultarAPI</arg>
<arg>/api</arg>
<doc>Sends a GET request on a previously created HTTP Session.</doc>
<status status="PASS" start="2024-06-19T04:18:24.321869" elapsed="0.113962"/>
</kw>
<kw name="Set Variable" owner="BuiltIn">
<msg time="2024-06-19T04:18:24.436839" level="INFO">${json_data} = {'results': [{'gender': 'male', 'name': {'title': 'Mr', 'first': 'Nicolas', 'last': 'Peña'}, 'location': {'street': {'number': 3155, 'name': 'Calle de Téllez'}, 'city': 'San Sebastián', 'state': 'País...</msg>
<var>${json_data}</var>
<arg>${response.json()}</arg>
<doc>Returns the given values which can then be assigned to a variables.</doc>
<status status="PASS" start="2024-06-19T04:18:24.436314" elapsed="0.000559"/>
</kw>
<kw name="Log" owner="BuiltIn">
<msg time="2024-06-19T04:18:24.437390" level="INFO">{'results': [{'gender': 'male', 'name': {'title': 'Mr', 'first': 'Nicolas', 'last': 'Peña'}, 'location': {'street': {'number': 3155, 'name': 'Calle de Téllez'}, 'city': 'San Sebastián', 'state': 'País Vasco', 'country': 'Spain', 'postcode': 79731, 'coordinates': {'latitude': '-34.7384', 'longitude': '-108.6260'}, 'timezone': {'offset': '-3:30', 'description': 'Newfoundland'}}, 'email': 'nicolas.pena@example.com', 'login': {'uuid': 'cb55bbec-988f-4857-b5f7-d8806af0ae42', 'username': 'yellowkoala849', 'password': 'football', 'salt': 'MGF7GvC7', 'md5': '1c09ee5dfac5d6cd1b64f95ad0854824', 'sha1': '635978c4f586b1bdceb09acd3b74797b2e9b588e', 'sha256': 'e54aa76d387150d8be4e46dd845bc9b00924189b908fe8930be31bb5cee3b7e8'}, 'dob': {'date': '1975-04-04T10:01:16.394Z', 'age': 49}, 'registered': {'date': '2013-07-16T09:54:31.152Z', 'age': 10}, 'phone': '936-906-821', 'cell': '613-881-582', 'id': {'name': 'DNI', 'value': '71930726-W'}, 'picture': {'large': 'https://randomuser.me/api/portraits/men/5.jpg', 'medium': 'https://randomuser.me/api/portraits/med/men/5.jpg', 'thumbnail': 'https://randomuser.me/api/portraits/thumb/men/5.jpg'}, 'nat': 'ES'}], 'info': {'seed': '35e88537b7d652f5', 'results': 1, 'page': 1, 'version': '1.4'}}</msg>
<arg>${json_data}</arg>
<doc>Logs the given message with the given level.</doc>
<status status="PASS" start="2024-06-19T04:18:24.437213" elapsed="0.000229"/>
</kw>
<kw name="Dictionary Should Contain Key" owner="Collections">
<arg>${json_data}</arg>
<arg>results</arg>
<doc>Fails if ``key`` is not found from ``dictionary``.</doc>
<status status="PASS" start="2024-06-19T04:18:24.437752" elapsed="0.000167"/>
</kw>
<kw name="Should Not Be Empty" owner="BuiltIn">
<msg time="2024-06-19T04:18:24.438241" level="INFO">Length is 2.</msg>
<arg>${json_data}</arg>
<doc>Verifies that the given item is not empty.</doc>
<status status="PASS" start="2024-06-19T04:18:24.438110" elapsed="0.000170"/>
</kw>
<kw name="Create List" owner="BuiltIn">
<msg time="2024-06-19T04:18:24.438759" level="INFO">${expected_keys} = ['gender', 'name', 'location', 'email', 'login']</msg>
<var>${expected_keys}</var>
<arg>gender</arg>
<arg>name</arg>
<arg>location</arg>
<arg>email</arg>
<arg>login</arg>
<doc>Returns a list containing given items.</doc>
<status status="PASS" start="2024-06-19T04:18:24.438605" elapsed="0.000179"/>
</kw>
<for flavor="IN">
<iter>
<kw name="Dictionary Should Contain Key" owner="Collections">
<arg>${json_data['results'][0]}</arg>
<arg>${key}</arg>
<doc>Fails if ``key`` is not found from ``dictionary``.</doc>
<status status="PASS" start="2024-06-19T04:18:24.439399" elapsed="0.000443"/>
</kw>
<kw name="Log" owner="BuiltIn">
<msg time="2024-06-19T04:18:24.440519" level="INFO">{'gender': 'male', 'name': {'title': 'Mr', 'first': 'Nicolas', 'last': 'Peña'}, 'location': {'street': {'number': 3155, 'name': 'Calle de Téllez'}, 'city': 'San Sebastián', 'state': 'País Vasco', 'country': 'Spain', 'postcode': 79731, 'coordinates': {'latitude': '-34.7384', 'longitude': '-108.6260'}, 'timezone': {'offset': '-3:30', 'description': 'Newfoundland'}}, 'email': 'nicolas.pena@example.com', 'login': {'uuid': 'cb55bbec-988f-4857-b5f7-d8806af0ae42', 'username': 'yellowkoala849', 'password': 'football', 'salt': 'MGF7GvC7', 'md5': '1c09ee5dfac5d6cd1b64f95ad0854824', 'sha1': '635978c4f586b1bdceb09acd3b74797b2e9b588e', 'sha256': 'e54aa76d387150d8be4e46dd845bc9b00924189b908fe8930be31bb5cee3b7e8'}, 'dob': {'date': '1975-04-04T10:01:16.394Z', 'age': 49}, 'registered': {'date': '2013-07-16T09:54:31.152Z', 'age': 10}, 'phone': '936-906-821', 'cell': '613-881-582', 'id': {'name': 'DNI', 'value': '71930726-W'}, 'picture': {'large': 'https://randomuser.me/api/portraits/men/5.jpg', 'medium': 'https://randomuser.me/api/portraits/med/men/5.jpg', 'thumbnail': 'https://randomuser.me/api/portraits/thumb/men/5.jpg'}, 'nat': 'ES'}</msg>
<arg>${json_data['results'][0]}</arg>
<doc>Logs the given message with the given level.</doc>
<status status="PASS" start="2024-06-19T04:18:24.440041" elapsed="0.000530"/>
</kw>
<kw name="Log" owner="BuiltIn">
<msg time="2024-06-19T04:18:24.441007" level="INFO">gender</msg>
<arg>${key}</arg>
<doc>Logs the given message with the given level.</doc>
<status status="PASS" start="2024-06-19T04:18:24.440876" elapsed="0.000169"/>
</kw>
<var name="${key}">gender</var>
<status status="PASS" start="2024-06-19T04:18:24.439245" elapsed="0.002020"/>
</iter>
<iter>
<kw name="Dictionary Should Contain Key" owner="Collections">
<arg>${json_data['results'][0]}</arg>
<arg>${key}</arg>
<doc>Fails if ``key`` is not found from ``dictionary``.</doc>
<status status="PASS" start="2024-06-19T04:18:24.441581" elapsed="0.000393"/>
</kw>
<kw name="Log" owner="BuiltIn">
<msg time="2024-06-19T04:18:24.442546" level="INFO">{'gender': 'male', 'name': {'title': 'Mr', 'first': 'Nicolas', 'last': 'Peña'}, 'location': {'street': {'number': 3155, 'name': 'Calle de Téllez'}, 'city': 'San Sebastián', 'state': 'País Vasco', 'country': 'Spain', 'postcode': 79731, 'coordinates': {'latitude': '-34.7384', 'longitude': '-108.6260'}, 'timezone': {'offset': '-3:30', 'description': 'Newfoundland'}}, 'email': 'nicolas.pena@example.com', 'login': {'uuid': 'cb55bbec-988f-4857-b5f7-d8806af0ae42', 'username': 'yellowkoala849', 'password': 'football', 'salt': 'MGF7GvC7', 'md5': '1c09ee5dfac5d6cd1b64f95ad0854824', 'sha1': '635978c4f586b1bdceb09acd3b74797b2e9b588e', 'sha256': 'e54aa76d387150d8be4e46dd845bc9b00924189b908fe8930be31bb5cee3b7e8'}, 'dob': {'date': '1975-04-04T10:01:16.394Z', 'age': 49}, 'registered': {'date': '2013-07-16T09:54:31.152Z', 'age': 10}, 'phone': '936-906-821', 'cell': '613-881-582', 'id': {'name': 'DNI', 'value': '71930726-W'}, 'picture': {'large': 'https://randomuser.me/api/portraits/men/5.jpg', 'medium': 'https://randomuser.me/api/portraits/med/men/5.jpg', 'thumbnail': 'https://randomuser.me/api/portraits/thumb/men/5.jpg'}, 'nat': 'ES'}</msg>
<arg>${json_data['results'][0]}</arg>
<doc>Logs the given message with the given level.</doc>
<status status="PASS" start="2024-06-19T04:18:24.442158" elapsed="0.000471"/>
</kw>
<kw name="Log" owner="BuiltIn">
<msg time="2024-06-19T04:18:24.443064" level="INFO">name</msg>
<arg>${key}</arg>
<doc>Logs the given message with the given level.</doc>
<status status="PASS" start="2024-06-19T04:18:24.442933" elapsed="0.000168"/>
</kw>
<var name="${key}">name</var>
<status status="PASS" start="2024-06-19T04:18:24.441462" elapsed="0.001861"/>
</iter>
<iter>
<kw name="Dictionary Should Contain Key" owner="Collections">
<arg>${json_data['results'][0]}</arg>
<arg>${key}</arg>
<doc>Fails if ``key`` is not found from ``dictionary``.</doc>
<status status="PASS" start="2024-06-19T04:18:24.443619" elapsed="0.000383"/>
</kw>
<kw name="Log" owner="BuiltIn">
<msg time="2024-06-19T04:18:24.444549" level="INFO">{'gender': 'male', 'name': {'title': 'Mr', 'first': 'Nicolas', 'last': 'Peña'}, 'location': {'street': {'number': 3155, 'name': 'Calle de Téllez'}, 'city': 'San Sebastián', 'state': 'País Vasco', 'country': 'Spain', 'postcode': 79731, 'coordinates': {'latitude': '-34.7384', 'longitude': '-108.6260'}, 'timezone': {'offset': '-3:30', 'description': 'Newfoundland'}}, 'email': 'nicolas.pena@example.com', 'login': {'uuid': 'cb55bbec-988f-4857-b5f7-d8806af0ae42', 'username': 'yellowkoala849', 'password': 'football', 'salt': 'MGF7GvC7', 'md5': '1c09ee5dfac5d6cd1b64f95ad0854824', 'sha1': '635978c4f586b1bdceb09acd3b74797b2e9b588e', 'sha256': 'e54aa76d387150d8be4e46dd845bc9b00924189b908fe8930be31bb5cee3b7e8'}, 'dob': {'date': '1975-04-04T10:01:16.394Z', 'age': 49}, 'registered': {'date': '2013-07-16T09:54:31.152Z', 'age': 10}, 'phone': '936-906-821', 'cell': '613-881-582', 'id': {'name': 'DNI', 'value': '71930726-W'}, 'picture': {'large': 'https://randomuser.me/api/portraits/men/5.jpg', 'medium': 'https://randomuser.me/api/portraits/med/men/5.jpg', 'thumbnail': 'https://randomuser.me/api/portraits/thumb/men/5.jpg'}, 'nat': 'ES'}</msg>
<arg>${json_data['results'][0]}</arg>
<doc>Logs the given message with the given level.</doc>
<status status="PASS" start="2024-06-19T04:18:24.444192" elapsed="0.000406"/>
</kw>
<kw name="Log" owner="BuiltIn">
<msg time="2024-06-19T04:18:24.445045" level="INFO">location</msg>
<arg>${key}</arg>
<doc>Logs the given message with the given level.</doc>
<status status="PASS" start="2024-06-19T04:18:24.444896" elapsed="0.000190"/>
</kw>
<var name="${key}">location</var>
<status status="PASS" start="2024-06-19T04:18:24.443508" elapsed="0.001803"/>
</iter>
<iter>
<kw name="Dictionary Should Contain Key" owner="Collections">
<arg>${json_data['results'][0]}</arg>
<arg>${key}</arg>
<doc>Fails if ``key`` is not found from ``dictionary``.</doc>
<status status="PASS" start="2024-06-19T04:18:24.445596" elapsed="0.000383"/>
</kw>
<kw name="Log" owner="BuiltIn">
<msg time="2024-06-19T04:18:24.446547" level="INFO">{'gender': 'male', 'name': {'title': 'Mr', 'first': 'Nicolas', 'last': 'Peña'}, 'location': {'street': {'number': 3155, 'name': 'Calle de Téllez'}, 'city': 'San Sebastián', 'state': 'País Vasco', 'country': 'Spain', 'postcode': 79731, 'coordinates': {'latitude': '-34.7384', 'longitude': '-108.6260'}, 'timezone': {'offset': '-3:30', 'description': 'Newfoundland'}}, 'email': 'nicolas.pena@example.com', 'login': {'uuid': 'cb55bbec-988f-4857-b5f7-d8806af0ae42', 'username': 'yellowkoala849', 'password': 'football', 'salt': 'MGF7GvC7', 'md5': '1c09ee5dfac5d6cd1b64f95ad0854824', 'sha1': '635978c4f586b1bdceb09acd3b74797b2e9b588e', 'sha256': 'e54aa76d387150d8be4e46dd845bc9b00924189b908fe8930be31bb5cee3b7e8'}, 'dob': {'date': '1975-04-04T10:01:16.394Z', 'age': 49}, 'registered': {'date': '2013-07-16T09:54:31.152Z', 'age': 10}, 'phone': '936-906-821', 'cell': '613-881-582', 'id': {'name': 'DNI', 'value': '71930726-W'}, 'picture': {'large': 'https://randomuser.me/api/portraits/men/5.jpg', 'medium': 'https://randomuser.me/api/portraits/med/men/5.jpg', 'thumbnail': 'https://randomuser.me/api/portraits/thumb/men/5.jpg'}, 'nat': 'ES'}</msg>
<arg>${json_data['results'][0]}</arg>
<doc>Logs the given message with the given level.</doc>
<status status="PASS" start="2024-06-19T04:18:24.446160" elapsed="0.000435"/>
</kw>
<kw name="Log" owner="BuiltIn">
<msg time="2024-06-19T04:18:24.447035" level="INFO">email</msg>
<arg>${key}</arg>
<doc>Logs the given message with the given level.</doc>
<status status="PASS" start="2024-06-19T04:18:24.446907" elapsed="0.000166"/>
</kw>
<var name="${key}">email</var>
<status status="PASS" start="2024-06-19T04:18:24.445487" elapsed="0.001800"/>
</iter>
<iter>
<kw name="Dictionary Should Contain Key" owner="Collections">
<arg>${json_data['results'][0]}</arg>
<arg>${key}</arg>
<doc>Fails if ``key`` is not found from ``dictionary``.</doc>
<status status="PASS" start="2024-06-19T04:18:24.447577" elapsed="0.000377"/>
</kw>
<kw name="Log" owner="BuiltIn">
<msg time="2024-06-19T04:18:24.448491" level="INFO">{'gender': 'male', 'name': {'title': 'Mr', 'first': 'Nicolas', 'last': 'Peña'}, 'location': {'street': {'number': 3155, 'name': 'Calle de Téllez'}, 'city': 'San Sebastián', 'state': 'País Vasco', 'country': 'Spain', 'postcode': 79731, 'coordinates': {'latitude': '-34.7384', 'longitude': '-108.6260'}, 'timezone': {'offset': '-3:30', 'description': 'Newfoundland'}}, 'email': 'nicolas.pena@example.com', 'login': {'uuid': 'cb55bbec-988f-4857-b5f7-d8806af0ae42', 'username': 'yellowkoala849', 'password': 'football', 'salt': 'MGF7GvC7', 'md5': '1c09ee5dfac5d6cd1b64f95ad0854824', 'sha1': '635978c4f586b1bdceb09acd3b74797b2e9b588e', 'sha256': 'e54aa76d387150d8be4e46dd845bc9b00924189b908fe8930be31bb5cee3b7e8'}, 'dob': {'date': '1975-04-04T10:01:16.394Z', 'age': 49}, 'registered': {'date': '2013-07-16T09:54:31.152Z', 'age': 10}, 'phone': '936-906-821', 'cell': '613-881-582', 'id': {'name': 'DNI', 'value': '71930726-W'}, 'picture': {'large': 'https://randomuser.me/api/portraits/men/5.jpg', 'medium': 'https://randomuser.me/api/portraits/med/men/5.jpg', 'thumbnail': 'https://randomuser.me/api/portraits/thumb/men/5.jpg'}, 'nat': 'ES'}</msg>
<arg>${json_data['results'][0]}</arg>
<doc>Logs the given message with the given level.</doc>
<status status="PASS" start="2024-06-19T04:18:24.448135" elapsed="0.000406"/>
</kw>
<kw name="Log" owner="BuiltIn">
<msg time="2024-06-19T04:18:24.449075" level="INFO">login</msg>
<arg>${key}</arg>
<doc>Logs the given message with the given level.</doc>
<status status="PASS" start="2024-06-19T04:18:24.448839" elapsed="0.000274"/>
</kw>
<var name="${key}">login</var>
<status status="PASS" start="2024-06-19T04:18:24.447461" elapsed="0.001878"/>
</iter>
<var>${key}</var>
<value>@{expected_keys}</value>
<status status="PASS" start="2024-06-19T04:18:24.439050" elapsed="0.010419"/>
</for>
<kw name="Create List" owner="BuiltIn">
<msg time="2024-06-19T04:18:24.449820" level="INFO">${expected_keysTwo} = ['username', 'password']</msg>
<var>${expected_keysTwo}</var>
<arg>username</arg>
<arg>password</arg>
<doc>Returns a list containing given items.</doc>
<status status="PASS" start="2024-06-19T04:18:24.449665" elapsed="0.000180"/>
</kw>
<for flavor="IN">
<iter>
<kw name="Dictionary Should Contain Key" owner="Collections">
<arg>${json_data['results'][0]['login']}</arg>
<arg>${keyTwo}</arg>
<doc>Fails if ``key`` is not found from ``dictionary``.</doc>
<status status="PASS" start="2024-06-19T04:18:24.450411" elapsed="0.000391"/>
</kw>
<kw name="Dictionary Should Contain Key" owner="Collections">
<arg>${json_data['results'][0]['login']}</arg>
<arg>${keyTwo}</arg>
<doc>Fails if ``key`` is not found from ``dictionary``.</doc>
<status status="PASS" start="2024-06-19T04:18:24.450985" elapsed="0.000380"/>
</kw>
<kw name="Log" owner="BuiltIn">
<msg time="2024-06-19T04:18:24.451672" level="INFO">username</msg>
<arg>${keyTwo}</arg>
<doc>Logs the given message with the given level.</doc>
<status status="PASS" start="2024-06-19T04:18:24.451548" elapsed="0.000161"/>
</kw>
<var name="${keyTwo}">username</var>
<status status="PASS" start="2024-06-19T04:18:24.450278" elapsed="0.001652"/>
</iter>
<iter>
<kw name="Dictionary Should Contain Key" owner="Collections">
<arg>${json_data['results'][0]['login']}</arg>
<arg>${keyTwo}</arg>
<doc>Fails if ``key`` is not found from ``dictionary``.</doc>
<status status="PASS" start="2024-06-19T04:18:24.452217" elapsed="0.000381"/>
</kw>
<kw name="Dictionary Should Contain Key" owner="Collections">
<arg>${json_data['results'][0]['login']}</arg>
<arg>${keyTwo}</arg>
<doc>Fails if ``key`` is not found from ``dictionary``.</doc>
<status status="PASS" start="2024-06-19T04:18:24.452776" elapsed="0.000447"/>
</kw>
<kw name="Log" owner="BuiltIn">
<msg time="2024-06-19T04:18:24.453725" level="INFO">password</msg>
<arg>${keyTwo}</arg>
<doc>Logs the given message with the given level.</doc>
<status status="PASS" start="2024-06-19T04:18:24.453532" elapsed="0.000252"/>
</kw>
<var name="${keyTwo}">password</var>
<status status="PASS" start="2024-06-19T04:18:24.452109" elapsed="0.002025"/>
</iter>
<var>${keyTwo}</var>
<value>@{expected_keysTwo}</value>
<status status="PASS" start="2024-06-19T04:18:24.450115" elapsed="0.004248"/>
</for>
<status status="PASS" start="2024-06-19T04:18:24.321634" elapsed="0.132977"/>
</kw>
<doc>Testa a estrutura da resposta da API.</doc>
<tag>testeEstruturaResposta</tag>
<status status="PASS" start="2024-06-19T04:18:24.320983" elapsed="0.133911"/>
</test>
<test id="s1-s1-t4" name="Validar tipos de dados" line="28">
<kw name="Teste de Tipos de Dados" owner="random-user-service">
<kw name="GET On Session" owner="RequestsLibrary">
<msg time="2024-06-19T04:18:24.515200" level="INFO">GET Request : url=https://randomuser.me/api 
 path_url=/api 
 headers={'User-Agent': 'python-requests/2.32.3', 'Accept-Encoding': 'gzip, deflate', 'Accept': '*/*', 'Connection': 'keep-alive'} 
 body=None 
 </msg>
<msg time="2024-06-19T04:18:24.515286" level="INFO">GET Response : url=https://randomuser.me/api 
 status=200, reason=OK 
 headers={'Date': 'Wed, 19 Jun 2024 04:18:24 GMT', 'Content-Type': 'application/json; charset=utf-8', 'Transfer-Encoding': 'chunked', 'Connection': 'keep-alive', 'X-Powered-By': 'Express', 'Access-Control-Allow-Origin': '*', 'Cache-Control': 'no-cache', 'ETag': 'W/"495-WK2PvaiWiMnRJ4XZwUMCVDgedG8"', 'Vary': 'Accept-Encoding', 'Content-Encoding': 'gzip', 'CF-Cache-Status': 'DYNAMIC', 'Report-To': '{"endpoints":[{"url":"https:\\/\\/a.nel.cloudflare.com\\/report\\/v4?s=8ip68CAZfLDXWWJnScxMaPA25OM0%2B14vgw%2Bfm1QxB7v7e24TYg2lXK5MhErCvSrFZDPTFKzLhrVgxP67wgWhyUi4lqfUmDYO1wllQexsY23yHDsuKzi9fIjwTKXKEoHI"}],"group":"cf-nel","max_age":604800}', 'NEL': '{"success_fraction":0,"report_to":"cf-nel","max_age":604800}', 'Server': 'cloudflare', 'CF-RAY': '8960b706e9112419-IAD', 'alt-svc': 'h3=":443"; ma=86400'} 
 body={"results":[{"gender":"male","name":{"title":"Mr","first":"August","last":"Madsen"},"location":{"street":{"number":5840,"name":"Teglgårdsparken"},"city":"Odense Sv","state":"Hovedstaden","country":"Denmark","postcode":23074,"coordinates":{"latitude":"-43.5623","longitude":"-151.4241"},"timezone":{"offset":"+5:00","description":"Ekaterinburg, Islamabad, Karachi, Tashkent"}},"email":"august.madsen@example.com","login":{"uuid":"17b9d932-e338-4cae-b592-07c42c750f80","username":"organicdog100","password":"frontier","salt":"4noIUN3E","md5":"7baf0f41bbcd8969ec1232887117251c","sha1":"f37739c54ec78eb8d57e3dc3672e712644985d4f","sha256":"dc8f48f42ef10b17a1833695009958504608f68e5fd85d7afac4e175cf71c466"},"dob":{"date":"1971-05-19T18:59:29.955Z","age":53},"registered":{"date":"2018-05-16T13:50:02.402Z","age":6},"phone":"17430950","cell":"07659864","id":{"name":"CPR","value":"190571-2483"},"picture":{"large":"https://randomuser.me/api/portraits/men/30.jpg","medium":"https://randomuser.me/api/portraits/med/men/30.jpg","thumbnail":"https://randomuser.me/api/portraits/thumb/men/30.jpg"},"nat":"DK"}],"info":{"seed":"ba6d577e868fc0fb","results":1,"page":1,"version":"1.4"}} 
 </msg>
<msg time="2024-06-19T04:18:24.515363" level="INFO">/opt/hostedtoolcache/Python/3.12.3/x64/lib/python3.12/site-packages/urllib3/connectionpool.py:1099: InsecureRequestWarning: Unverified HTTPS request is being made to host 'randomuser.me'. Adding certificate verification is strongly advised. See: https://urllib3.readthedocs.io/en/latest/advanced-usage.html#tls-warnings
  warnings.warn(</msg>
<msg time="2024-06-19T04:18:24.515482" level="INFO">${response} = &lt;Response [200]&gt;</msg>
<var>${response}</var>
<arg>consultarAPI</arg>
<arg>/api</arg>
<doc>Sends a GET request on a previously created HTTP Session.</doc>
<status status="PASS" start="2024-06-19T04:18:24.458672" elapsed="0.056865"/>
</kw>
<kw name="Set Variable" owner="BuiltIn">
<msg time="2024-06-19T04:18:24.516560" level="INFO">${json_data} = {'results': [{'gender': 'male', 'name': {'title': 'Mr', 'first': 'August', 'last': 'Madsen'}, 'location': {'street': {'number': 5840, 'name': 'Teglgårdsparken'}, 'city': 'Odense Sv', 'state': 'Hovedst...</msg>
<var>${json_data}</var>
<arg>${response.json()}</arg>
<doc>Returns the given values which can then be assigned to a variables.</doc>
<status status="PASS" start="2024-06-19T04:18:24.515994" elapsed="0.000600"/>
</kw>
<kw name="Log" owner="BuiltIn">
<msg time="2024-06-19T04:18:24.517058" level="INFO">{'results': [{'gender': 'male', 'name': {'title': 'Mr', 'first': 'August', 'last': 'Madsen'}, 'location': {'street': {'number': 5840, 'name': 'Teglgårdsparken'}, 'city': 'Odense Sv', 'state': 'Hovedstaden', 'country': 'Denmark', 'postcode': 23074, 'coordinates': {'latitude': '-43.5623', 'longitude': '-151.4241'}, 'timezone': {'offset': '+5:00', 'description': 'Ekaterinburg, Islamabad, Karachi, Tashkent'}}, 'email': 'august.madsen@example.com', 'login': {'uuid': '17b9d932-e338-4cae-b592-07c42c750f80', 'username': 'organicdog100', 'password': 'frontier', 'salt': '4noIUN3E', 'md5': '7baf0f41bbcd8969ec1232887117251c', 'sha1': 'f37739c54ec78eb8d57e3dc3672e712644985d4f', 'sha256': 'dc8f48f42ef10b17a1833695009958504608f68e5fd85d7afac4e175cf71c466'}, 'dob': {'date': '1971-05-19T18:59:29.955Z', 'age': 53}, 'registered': {'date': '2018-05-16T13:50:02.402Z', 'age': 6}, 'phone': '17430950', 'cell': '07659864', 'id': {'name': 'CPR', 'value': '190571-2483'}, 'picture': {'large': 'https://randomuser.me/api/portraits/men/30.jpg', 'medium': 'https://randomuser.me/api/portraits/med/men/30.jpg', 'thumbnail': 'https://randomuser.me/api/portraits/thumb/men/30.jpg'}, 'nat': 'DK'}], 'info': {'seed': 'ba6d577e868fc0fb', 'results': 1, 'page': 1, 'version': '1.4'}}</msg>
<arg>${json_data}</arg>
<doc>Logs the given message with the given level.</doc>
<status status="PASS" start="2024-06-19T04:18:24.516901" elapsed="0.000207"/>
</kw>
<kw name="Should Be String" owner="String">
<arg>${json_data['results'][0]['gender']}</arg>
<doc>Fails if the given ``item`` is not a string.</doc>
<status status="PASS" start="2024-06-19T04:18:24.517401" elapsed="0.000365"/>
</kw>
<kw name="Should Match Regexp" owner="BuiltIn">
<arg>${json_data['results'][0]['email']}</arg>
<arg>^[a-zA-Z0-9._%+-]+@[a-zA-Z0-9.-]+\.[a-zA-Z]{2,}$</arg>
<doc>Fails if ``string`` does not match ``pattern`` as a regular expression.</doc>
<status status="PASS" start="2024-06-19T04:18:24.517952" elapsed="0.000559"/>
</kw>
<kw name="Should Match Regexp" owner="BuiltIn">
<arg>${json_data['results'][0]['dob']['date']}</arg>
<arg>\\d{4}-\\d{2}-\\d{2}T\\d{2}:\\d{2}:\\d{2}\\.\\d{3}Z</arg>
<doc>Fails if ``string`` does not match ``pattern`` as a regular expression.</doc>
<status status="PASS" start="2024-06-19T04:18:24.518752" elapsed="0.000502"/>
</kw>
<kw name="Should Match Regexp" owner="BuiltIn">
<arg>${json_data['results'][0]['registered']['date']}</arg>
<arg>\\d{4}-\\d{2}-\\d{2}T\\d{2}:\\d{2}:\\d{2}\\.\\d{3}Z</arg>
<doc>Fails if ``string`` does not match ``pattern`` as a regular expression.</doc>
<status status="PASS" start="2024-06-19T04:18:24.519449" elapsed="0.000371"/>
</kw>
<kw name="Should Match Regexp" owner="BuiltIn">
<arg>${json_data['results'][0]['picture']['large']}</arg>
<arg>^https?://.*\.(?:png|jpe?g|gif|bmp)$</arg>
<doc>Fails if ``string`` does not match ``pattern`` as a regular expression.</doc>
<status status="PASS" start="2024-06-19T04:18:24.520008" elapsed="0.000466"/>
</kw>
<kw name="Should Match Regexp" owner="BuiltIn">
<arg>${json_data['results'][0]['picture']['medium']}</arg>
<arg>^https?://.*\.(?:png|jpe?g|gif|bmp)$</arg>
<doc>Fails if ``string`` does not match ``pattern`` as a regular expression.</doc>
<status status="PASS" start="2024-06-19T04:18:24.520673" elapsed="0.000360"/>
</kw>
<kw name="Should Match Regexp" owner="BuiltIn">
<arg>${json_data['results'][0]['picture']['thumbnail']}</arg>
<arg>^https?://.*\.(?:png|jpe?g|gif|bmp)$</arg>
<doc>Fails if ``string`` does not match ``pattern`` as a regular expression.</doc>
<status status="PASS" start="2024-06-19T04:18:24.521220" elapsed="0.000345"/>
</kw>
<kw name="Log" owner="BuiltIn">
<msg time="2024-06-19T04:18:24.522082" level="INFO">{'large': 'https://randomuser.me/api/portraits/men/30.jpg', 'medium': 'https://randomuser.me/api/portraits/med/men/30.jpg', 'thumbnail': 'https://randomuser.me/api/portraits/thumb/men/30.jpg'}</msg>
<arg>${json_data['results'][0]['picture']}</arg>
<doc>Logs the given message with the given level.</doc>
<status status="PASS" start="2024-06-19T04:18:24.521754" elapsed="0.000370"/>
</kw>
<status status="PASS" start="2024-06-19T04:18:24.458430" elapsed="0.063967"/>
</kw>
<kw name="Teste de Tipos de Dados - Postcode" owner="random-user-service">
<kw name="GET On Session" owner="RequestsLibrary">
<msg time="2024-06-19T04:18:24.609569" level="INFO">GET Request : url=https://randomuser.me/api 
 path_url=/api 
 headers={'User-Agent': 'python-requests/2.32.3', 'Accept-Encoding': 'gzip, deflate', 'Accept': '*/*', 'Connection': 'keep-alive'} 
 body=None 
 </msg>
<msg time="2024-06-19T04:18:24.609653" level="INFO">GET Response : url=https://randomuser.me/api 
 status=200, reason=OK 
 headers={'Date': 'Wed, 19 Jun 2024 04:18:24 GMT', 'Content-Type': 'application/json; charset=utf-8', 'Transfer-Encoding': 'chunked', 'Connection': 'keep-alive', 'X-Powered-By': 'Express', 'Access-Control-Allow-Origin': '*', 'Cache-Control': 'no-cache', 'ETag': 'W/"4aa-g7naO050UwEAPuW8QrlfxLU2VEY"', 'Vary': 'Accept-Encoding', 'Content-Encoding': 'gzip', 'CF-Cache-Status': 'DYNAMIC', 'Report-To': '{"endpoints":[{"url":"https:\\/\\/a.nel.cloudflare.com\\/report\\/v4?s=MbGT2mAFup02feKR%2BkWoNhQKZ%2FCDgUHz7N0GH3xrzlhH1pqYvgznOHvISUiRo2yjh5pF9FBhkJ2OypUMMYwVLjmBktMSG3OSrxFooMauwKfe4UyWTuQXK8TRA88sznt%2B"}],"group":"cf-nel","max_age":604800}', 'NEL': '{"success_fraction":0,"report_to":"cf-nel","max_age":604800}', 'Server': 'cloudflare', 'CF-RAY': '8960b70749742419-IAD', 'alt-svc': 'h3=":443"; ma=86400'} 
 body={"results":[{"gender":"female","name":{"title":"Mrs","first":"Judith","last":"Almonte"},"location":{"street":{"number":753,"name":"Diagonal Nuevo León"},"city":"Castaños","state":"Guerrero","country":"Mexico","postcode":43530,"coordinates":{"latitude":"21.6616","longitude":"133.1237"},"timezone":{"offset":"+11:00","description":"Magadan, Solomon Islands, New Caledonia"}},"email":"judith.almonte@example.com","login":{"uuid":"808f1916-50aa-484f-b6f6-4be8cbf235fb","username":"heavyfish723","password":"wyoming","salt":"bOQIq8Sz","md5":"4cfb40e9edf4e9a7fd8afce3acbe605d","sha1":"2164e5c75d96915d13964a6a79fc2834249f1033","sha256":"697caebeb5248de9de37f7fadbe875a965ed257e37e46adda51c9a6b504585e2"},"dob":{"date":"1994-10-10T04:42:20.166Z","age":29},"registered":{"date":"2012-06-06T18:28:51.061Z","age":12},"phone":"(679) 123 9650","cell":"(601) 924 6968","id":{"name":"NSS","value":"48 06 50 0124 8"},"picture":{"large":"https://randomuser.me/api/portraits/women/72.jpg","medium":"https://randomuser.me/api/portraits/med/women/72.jpg","thumbnail":"https://randomuser.me/api/portraits/thumb/women/72.jpg"},"nat":"MX"}],"info":{"seed":"12e0f688eff685f5","results":1,"page":1,"version":"1.4"}} 
 </msg>
<msg time="2024-06-19T04:18:24.609741" level="INFO">/opt/hostedtoolcache/Python/3.12.3/x64/lib/python3.12/site-packages/urllib3/connectionpool.py:1099: InsecureRequestWarning: Unverified HTTPS request is being made to host 'randomuser.me'. Adding certificate verification is strongly advised. See: https://urllib3.readthedocs.io/en/latest/advanced-usage.html#tls-warnings
  warnings.warn(</msg>
<msg time="2024-06-19T04:18:24.609826" level="INFO">${response} = &lt;Response [200]&gt;</msg>
<var>${response}</var>
<arg>consultarAPI</arg>
<arg>/api</arg>
<doc>Sends a GET request on a previously created HTTP Session.</doc>
<status status="PASS" start="2024-06-19T04:18:24.522841" elapsed="0.087024"/>
</kw>
<kw name="Set Variable" owner="BuiltIn">
<msg time="2024-06-19T04:18:24.610937" level="INFO">${json_data} = {'results': [{'gender': 'female', 'name': {'title': 'Mrs', 'first': 'Judith', 'last': 'Almonte'}, 'location': {'street': {'number': 753, 'name': 'Diagonal Nuevo León'}, 'city': 'Castaños', 'state': 'G...</msg>
<var>${json_data}</var>
<arg>${response.json()}</arg>
<doc>Returns the given values which can then be assigned to a variables.</doc>
<status status="PASS" start="2024-06-19T04:18:24.610359" elapsed="0.000608"/>
</kw>
<kw name="Log" owner="BuiltIn">
<msg time="2024-06-19T04:18:24.611426" level="INFO">{'results': [{'gender': 'female', 'name': {'title': 'Mrs', 'first': 'Judith', 'last': 'Almonte'}, 'location': {'street': {'number': 753, 'name': 'Diagonal Nuevo León'}, 'city': 'Castaños', 'state': 'Guerrero', 'country': 'Mexico', 'postcode': 43530, 'coordinates': {'latitude': '21.6616', 'longitude': '133.1237'}, 'timezone': {'offset': '+11:00', 'description': 'Magadan, Solomon Islands, New Caledonia'}}, 'email': 'judith.almonte@example.com', 'login': {'uuid': '808f1916-50aa-484f-b6f6-4be8cbf235fb', 'username': 'heavyfish723', 'password': 'wyoming', 'salt': 'bOQIq8Sz', 'md5': '4cfb40e9edf4e9a7fd8afce3acbe605d', 'sha1': '2164e5c75d96915d13964a6a79fc2834249f1033', 'sha256': '697caebeb5248de9de37f7fadbe875a965ed257e37e46adda51c9a6b504585e2'}, 'dob': {'date': '1994-10-10T04:42:20.166Z', 'age': 29}, 'registered': {'date': '2012-06-06T18:28:51.061Z', 'age': 12}, 'phone': '(679) 123 9650', 'cell': '(601) 924 6968', 'id': {'name': 'NSS', 'value': '48 06 50 0124 8'}, 'picture': {'large': 'https://randomuser.me/api/portraits/women/72.jpg', 'medium': 'https://randomuser.me/api/portraits/med/women/72.jpg', 'thumbnail': 'https://randomuser.me/api/portraits/thumb/women/72.jpg'}, 'nat': 'MX'}], 'info': {'seed': '12e0f688eff685f5', 'results': 1, 'page': 1, 'version': '1.4'}}</msg>
<arg>${json_data}</arg>
<doc>Logs the given message with the given level.</doc>
<status status="PASS" start="2024-06-19T04:18:24.611271" elapsed="0.000202"/>
</kw>
<kw name="Should Be Equal As Numbers" owner="BuiltIn">
<arg>${json_data['results'][0]['location']['postcode']}</arg>
<arg>${json_data['results'][0]['location']['postcode']}</arg>
<doc>Fails if objects are unequal after converting them to real numbers.</doc>
<status status="PASS" start="2024-06-19T04:18:24.611767" elapsed="0.000613"/>
</kw>
<kw name="Log" owner="BuiltIn">
<msg time="2024-06-19T04:18:24.612911" level="INFO">43530</msg>
<arg>${json_data['results'][0]['location']['postcode']}</arg>
<doc>Logs the given message with the given level.</doc>
<status status="PASS" start="2024-06-19T04:18:24.612571" elapsed="0.000380"/>
</kw>
<status status="PASS" start="2024-06-19T04:18:24.522614" elapsed="0.090611"/>
</kw>
<doc>Testa se os tipos de dados na resposta da API estão corretos.</doc>
<tag>testeTiposDados</tag>
<status status="PASS" start="2024-06-19T04:18:24.457857" elapsed="0.155528"/>
</test>
<test id="s1-s1-t5" name="Validar conteudo" line="35">
<kw name="Teste de Tipos de Conteudo" owner="random-user-service">
<kw name="GET On Session" owner="RequestsLibrary">
<msg time="2024-06-19T04:18:24.712280" level="INFO">GET Request : url=https://randomuser.me/api 
 path_url=/api 
 headers={'User-Agent': 'python-requests/2.32.3', 'Accept-Encoding': 'gzip, deflate', 'Accept': '*/*', 'Connection': 'keep-alive'} 
 body=None 
 </msg>
<msg time="2024-06-19T04:18:24.712367" level="INFO">GET Response : url=https://randomuser.me/api 
 status=200, reason=OK 
 headers={'Date': 'Wed, 19 Jun 2024 04:18:24 GMT', 'Content-Type': 'application/json; charset=utf-8', 'Transfer-Encoding': 'chunked', 'Connection': 'keep-alive', 'X-Powered-By': 'Express', 'Access-Control-Allow-Origin': '*', 'Cache-Control': 'no-cache', 'ETag': 'W/"49f-hCTNgarsvwqncFAUiDs5v4+dsuc"', 'Vary': 'Accept-Encoding', 'Content-Encoding': 'gzip', 'CF-Cache-Status': 'DYNAMIC', 'Report-To': '{"endpoints":[{"url":"https:\\/\\/a.nel.cloudflare.com\\/report\\/v4?s=tMeVSSpOxc9G3CKuIls0VtbQZPed9P20GgttKOjiXFsfSx%2Fg1KsT73qmYb5YW50t87bh6hnxLFOw5UnFrRG0cMLqDIa%2B4v49rm3XWh0kQASLqRQSaZyuXnx2uOeX%2BSLZ"}],"group":"cf-nel","max_age":604800}', 'NEL': '{"success_fraction":0,"report_to":"cf-nel","max_age":604800}', 'Server': 'cloudflare', 'CF-RAY': '8960b707ea062419-IAD', 'alt-svc': 'h3=":443"; ma=86400'} 
 body={"results":[{"gender":"male","name":{"title":"Monsieur","first":"Bruno","last":"Arnaud"},"location":{"street":{"number":9809,"name":"Rue de L'Abbé-Carton"},"city":"Brusino Arsizio","state":"Luzern","country":"Switzerland","postcode":8098,"coordinates":{"latitude":"-57.4794","longitude":"-19.6405"},"timezone":{"offset":"+6:00","description":"Almaty, Dhaka, Colombo"}},"email":"bruno.arnaud@example.com","login":{"uuid":"20cf827d-5031-424b-8fc4-b528cf07ad75","username":"silverelephant737","password":"yvonne","salt":"xameltSr","md5":"4b9f1898567ff30f2c19222bbf85db34","sha1":"bdaf6ba6f5708aa9a51bec5ba049af1f381fc0b1","sha256":"8fb05735fcd0bd518f0ec705eea3f9c8ca59be5f93338f56ea4d02514527fafc"},"dob":{"date":"1962-10-23T16:46:08.342Z","age":61},"registered":{"date":"2005-03-07T02:23:39.794Z","age":19},"phone":"079 046 84 35","cell":"079 821 59 25","id":{"name":"AVS","value":"756.0753.4969.16"},"picture":{"large":"https://randomuser.me/api/portraits/men/51.jpg","medium":"https://randomuser.me/api/portraits/med/men/51.jpg","thumbnail":"https://randomuser.me/api/portraits/thumb/men/51.jpg"},"nat":"CH"}],"info":{"seed":"216af33bde0c4ba1","results":1,"page":1,"version":"1.4"}} 
 </msg>
<msg time="2024-06-19T04:18:24.712443" level="INFO">/opt/hostedtoolcache/Python/3.12.3/x64/lib/python3.12/site-packages/urllib3/connectionpool.py:1099: InsecureRequestWarning: Unverified HTTPS request is being made to host 'randomuser.me'. Adding certificate verification is strongly advised. See: https://urllib3.readthedocs.io/en/latest/advanced-usage.html#tls-warnings
  warnings.warn(</msg>
<msg time="2024-06-19T04:18:24.712563" level="INFO">${response} = &lt;Response [200]&gt;</msg>
<var>${response}</var>
<arg>consultarAPI</arg>
<arg>/api</arg>
<doc>Sends a GET request on a previously created HTTP Session.</doc>
<status status="PASS" start="2024-06-19T04:18:24.615941" elapsed="0.096679"/>
</kw>
<kw name="Set Variable" owner="BuiltIn">
<msg time="2024-06-19T04:18:24.713719" level="INFO">${json_data} = {'results': [{'gender': 'male', 'name': {'title': 'Monsieur', 'first': 'Bruno', 'last': 'Arnaud'}, 'location': {'street': {'number': 9809, 'name': "Rue de L'Abbé-Carton"}, 'city': 'Brusino Arsizio', '...</msg>
<var>${json_data}</var>
<arg>${response.json()}</arg>
<doc>Returns the given values which can then be assigned to a variables.</doc>
<status status="PASS" start="2024-06-19T04:18:24.713150" elapsed="0.000600"/>
</kw>
<kw name="Set Variable" owner="BuiltIn">
<msg time="2024-06-19T04:18:24.714487" level="INFO">${name_title} = Monsieur</msg>
<var>${name_title}</var>
<arg>${json_data["results"][0]["name"]["title"]}</arg>
<doc>Returns the given values which can then be assigned to a variables.</doc>
<status status="PASS" start="2024-06-19T04:18:24.714064" elapsed="0.000450"/>
</kw>
<kw name="Create List" owner="BuiltIn">
<msg time="2024-06-19T04:18:24.714967" level="INFO">${allowed_titles} = ['Mr', 'Ms', 'Miss', 'Mrs', 'Madame', 'Monsieur']</msg>
<var>${allowed_titles}</var>
<arg>Mr</arg>
<arg>Ms</arg>
<arg>Miss</arg>
<arg>Mrs</arg>
<arg>Madame</arg>
<arg>Monsieur</arg>
<doc>Returns a list containing given items.</doc>
<status status="PASS" start="2024-06-19T04:18:24.714815" elapsed="0.000177"/>
</kw>
<kw name="List Should Contain Value" owner="Collections">
<arg>${allowed_titles}</arg>
<arg>${name_title}</arg>
<doc>Fails if the ``value`` is not found from ``list``.</doc>
<status status="PASS" start="2024-06-19T04:18:24.715296" elapsed="0.000175"/>
</kw>
<kw name="Set Variable" owner="BuiltIn">
<msg time="2024-06-19T04:18:24.716038" level="INFO">${name_country} = CH</msg>
<var>${name_country}</var>
<arg>${json_data["results"][0]["nat"]}</arg>
<doc>Returns the given values which can then be assigned to a variables.</doc>
<status status="PASS" start="2024-06-19T04:18:24.715659" elapsed="0.000405"/>
</kw>
<kw name="Create List" owner="BuiltIn">
<msg time="2024-06-19T04:18:24.716970" level="INFO">${list_country} = ['AD', 'AE', 'AF', 'AG', 'AI', 'AL', 'AM', 'AO', 'AQ', 'AR', 'AS', 'AT', 'AU', 'AW', 'AX', 'AZ', 'BA', 'BB', 'BD', 'BE', 'BF', 'BG', 'BH', 'BI', 'BJ', 'BL', 'BM', 'BN', 'BO', 'BQ', 'BR', 'BS', 'BT', '...</msg>
<var>${list_country}</var>
<arg>AD</arg>
<arg>AE</arg>
<arg>AF</arg>
<arg>AG</arg>
<arg>AI</arg>
<arg>AL</arg>
<arg>AM</arg>
<arg>AO</arg>
<arg>AQ</arg>
<arg>AR</arg>
<arg>AS</arg>
<arg>AT</arg>
<arg>AU</arg>
<arg>AW</arg>
<arg>AX</arg>
<arg>AZ</arg>
<arg>BA</arg>
<arg>BB</arg>
<arg>BD</arg>
<arg>BE</arg>
<arg>BF</arg>
<arg>BG</arg>
<arg>BH</arg>
<arg>BI</arg>
<arg>BJ</arg>
<arg>BL</arg>
<arg>BM</arg>
<arg>BN</arg>
<arg>BO</arg>
<arg>BQ</arg>
<arg>BR</arg>
<arg>BS</arg>
<arg>BT</arg>
<arg>BV</arg>
<arg>BW</arg>
<arg>BY</arg>
<arg>BZ</arg>
<arg>CA</arg>
<arg>CC</arg>
<arg>CD</arg>
<arg>CF</arg>
<arg>CG</arg>
<arg>CH</arg>
<arg>CI</arg>
<arg>CK</arg>
<arg>CL</arg>
<arg>CM</arg>
<arg>CN</arg>
<arg>CO</arg>
<arg>CR</arg>
<arg>CU</arg>
<arg>CV</arg>
<arg>CW</arg>
<arg>CX</arg>
<arg>CY</arg>
<arg>CZ</arg>
<arg>DE</arg>
<arg>DJ</arg>
<arg>DK</arg>
<arg>DM</arg>
<arg>DO</arg>
<arg>DZ</arg>
<arg>EC</arg>
<arg>EE</arg>
<arg>EG</arg>
<arg>EH</arg>
<arg>ER</arg>
<arg>ES</arg>
<arg>ET</arg>
<arg>FI</arg>
<arg>FJ</arg>
<arg>FK</arg>
<arg>FM</arg>
<arg>FO</arg>
<arg>FR</arg>
<arg>GA</arg>
<arg>GB</arg>
<arg>GD</arg>
<arg>GE</arg>
<arg>GF</arg>
<arg>GG</arg>
<arg>GH</arg>
<arg>GI</arg>
<arg>GL</arg>
<arg>GM</arg>
<arg>GN</arg>
<arg>GP</arg>
<arg>GQ</arg>
<arg>GR</arg>
<arg>GS</arg>
<arg>GT</arg>
<arg>GU</arg>
<arg>GW</arg>
<arg>GY</arg>
<arg>HK</arg>
<arg>HM</arg>
<arg>HN</arg>
<arg>HR</arg>
<arg>HT</arg>
<arg>HU</arg>
<arg>ID</arg>
<arg>IE</arg>
<arg>IL</arg>
<arg>IM</arg>
<arg>IN</arg>
<arg>IO</arg>
<arg>IQ</arg>
<arg>IR</arg>
<arg>IS</arg>
<arg>IT</arg>
<arg>JE</arg>
<arg>JM</arg>
<arg>JO</arg>
<arg>JP</arg>
<arg>KE</arg>
<arg>KG</arg>
<arg>KH</arg>
<arg>KI</arg>
<arg>KM</arg>
<arg>KN</arg>
<arg>KP</arg>
<arg>KR</arg>
<arg>KW</arg>
<arg>KY</arg>
<arg>KZ</arg>
<arg>LA</arg>
<arg>LB</arg>
<arg>LC</arg>
<arg>LI</arg>
<arg>LK</arg>
<arg>LR</arg>
<arg>LS</arg>
<arg>LT</arg>
<arg>LU</arg>
<arg>LV</arg>
<arg>LY</arg>
<arg>MA</arg>
<arg>MC</arg>
<arg>MD</arg>
<arg>ME</arg>
<arg>MF</arg>
<arg>MG</arg>
<arg>MH</arg>
<arg>MK</arg>
<arg>ML</arg>
<arg>MM</arg>
<arg>MN</arg>
<arg>MO</arg>
<arg>MP</arg>
<arg>MQ</arg>
<arg>MR</arg>
<arg>MS</arg>
<arg>MT</arg>
<arg>MU</arg>
<arg>MV</arg>
<arg>MW</arg>
<arg>MX</arg>
<arg>MY</arg>
<arg>MZ</arg>
<arg>NA</arg>
<arg>NC</arg>
<arg>NE</arg>
<arg>NF</arg>
<arg>NG</arg>
<arg>NI</arg>
<arg>NL</arg>
<arg>NO</arg>
<arg>NP</arg>
<arg>NR</arg>
<arg>NU</arg>
<arg>NZ</arg>
<arg>OM</arg>
<arg>PA</arg>
<arg>PE</arg>
<arg>PF</arg>
<arg>PG</arg>
<arg>PH</arg>
<arg>PK</arg>
<arg>PL</arg>
<arg>PM</arg>
<arg>PN</arg>
<arg>PR</arg>
<arg>PS</arg>
<arg>PT</arg>
<arg>PW</arg>
<arg>PY</arg>
<arg>QA</arg>
<arg>RE</arg>
<arg>RO</arg>
<arg>RS</arg>
<arg>RU</arg>
<arg>RW</arg>
<arg>SA</arg>
<arg>SB</arg>
<arg>SC</arg>
<arg>SD</arg>
<arg>SE</arg>
<arg>SG</arg>
<arg>SH</arg>
<arg>SI</arg>
<arg>SJ</arg>
<arg>SK</arg>
<arg>SL</arg>
<arg>SM</arg>
<arg>SN</arg>
<arg>SO</arg>
<arg>SR</arg>
<arg>SS</arg>
<arg>ST</arg>
<arg>SV</arg>
<arg>SX</arg>
<arg>SY</arg>
<arg>SZ</arg>
<arg>TC</arg>
<arg>TD</arg>
<arg>TF</arg>
<arg>TG</arg>
<arg>TH</arg>
<arg>TJ</arg>
<arg>TK</arg>
<arg>TL</arg>
<arg>TM</arg>
<arg>TN</arg>
<arg>TO</arg>
<arg>TR</arg>
<arg>TT</arg>
<arg>TV</arg>
<arg>TW</arg>
<arg>TZ</arg>
<arg>UA</arg>
<arg>UG</arg>
<arg>UM</arg>
<arg>US</arg>
<arg>UY</arg>
<arg>UZ</arg>
<arg>VA</arg>
<arg>VC</arg>
<arg>VE</arg>
<arg>VG</arg>
<arg>VI</arg>
<arg>VN</arg>
<arg>VU</arg>
<arg>WF</arg>
<arg>WS</arg>
<arg>XK</arg>
<arg>YE</arg>
<arg>YT</arg>
<arg>ZA</arg>
<arg>ZM</arg>
<arg>ZW</arg>
<doc>Returns a list containing given items.</doc>
<status status="PASS" start="2024-06-19T04:18:24.716355" elapsed="0.000641"/>
</kw>
<kw name="List Should Contain Value" owner="Collections">
<arg>${list_country}</arg>
<arg>${name_country}</arg>
<doc>Fails if the ``value`` is not found from ``list``.</doc>
<status status="PASS" start="2024-06-19T04:18:24.717787" elapsed="0.000206"/>
</kw>
<kw name="Run Keyword If" owner="BuiltIn">
<kw name="Should Be True" owner="BuiltIn">
<arg>${True}</arg>
<doc>Fails if the given condition is not true.</doc>
<status status="PASS" start="2024-06-19T04:18:24.719091" elapsed="0.000145"/>
</kw>
<arg>${json_data["results"][0]["location"]["coordinates"]["latitude"]} &gt;= -90 and ${json_data["results"][0]["location"]["coordinates"]["latitude"]} &lt;= 90</arg>
<arg>Should Be True</arg>
<arg>${True}</arg>
<doc>Runs the given keyword with the given arguments, if ``condition`` is true.</doc>
<status status="PASS" start="2024-06-19T04:18:24.718194" elapsed="0.001170"/>
</kw>
<kw name="Run Keyword If" owner="BuiltIn">
<kw name="Should Be True" owner="BuiltIn">
<arg>${True}</arg>
<doc>Fails if the given condition is not true.</doc>
<status status="PASS" start="2024-06-19T04:18:24.720257" elapsed="0.000137"/>
</kw>
<arg>${json_data["results"][0]["location"]["coordinates"]["longitude"]} &gt;= -180 and ${json_data["results"][0]["location"]["coordinates"]["longitude"]} &lt;= 180</arg>
<arg>Should Be True</arg>
<arg>${True}</arg>
<doc>Runs the given keyword with the given arguments, if ``condition`` is true.</doc>
<status status="PASS" start="2024-06-19T04:18:24.719549" elapsed="0.000968"/>
</kw>
<status status="PASS" start="2024-06-19T04:18:24.615721" elapsed="0.104923"/>
</kw>
<doc>Testa o conteúdo específico dos campos retornados pela API.</doc>
<tag>testeConteudo</tag>
<status status="PASS" start="2024-06-19T04:18:24.615188" elapsed="0.105600"/>
</test>
<status status="PASS" start="2024-06-19T04:18:23.798365" elapsed="0.924416"/>
</suite>
<status status="PASS" start="2024-06-19T04:18:23.783972" elapsed="0.943861"/>
</suite>
<statistics>
<total>
<stat pass="5" fail="0" skip="0">All Tests</stat>
</total>
<tag>
<stat pass="1" fail="0" skip="0">testeConteudo</stat>
<stat pass="1" fail="0" skip="0">testeEstruturaResposta</stat>
<stat pass="1" fail="0" skip="0">testeRequisicaoBasica</stat>
<stat pass="1" fail="0" skip="0">testeTiposDados</stat>
</tag>
<suite>
<stat pass="5" fail="0" skip="0" id="s1" name="Tests">Tests</stat>
<stat pass="5" fail="0" skip="0" id="s1-s1" name="Random-User-Test">Tests.Random-User-Test</stat>
</suite>
</statistics>
<errors>
</errors>
</robot>
