<?xml version="1.0" encoding="UTF-8"?>
<robot generator="Robot 7.0 (Python 3.12.3 on linux)" generated="2024-04-29T08:18:59.985723" rpa="false" schemaversion="5">
<suite id="s1" name="Tests" source="/home/runner/work/DesafioQAItauRogerioJordao/DesafioQAItauRogerioJordao/RamdonUser/tests">
<suite id="s1-s1" name="Random-User-Test" source="/home/runner/work/DesafioQAItauRogerioJordao/DesafioQAItauRogerioJordao/RamdonUser/tests/random-user-test.robot">
<test id="s1-s1-t1" name="Conectar" line="13">
<kw name="Conectar API" owner="random-user-service">
<kw name="Create Session" owner="RequestsLibrary">
<msg time="2024-04-29T08:19:00.381853" level="INFO">Creating Session using : alias=consultarAPI, url=https://randomuser.me/, headers={},                     cookies={}, auth=None, timeout=None, proxies=None, verify=False,                     debug=0 </msg>
<arg>consultarAPI</arg>
<arg>${URL}</arg>
<doc>Create Session: create a HTTP session to a server</doc>
<status status="PASS" start="2024-04-29T08:19:00.381655" elapsed="0.000369"/>
</kw>
<status status="PASS" start="2024-04-29T08:19:00.380697" elapsed="0.001676"/>
</kw>
<status status="PASS" start="2024-04-29T08:19:00.380037" elapsed="0.002528"/>
</test>
<test id="s1-s1-t2" name="Validar retorno 200 e JSON Válido" line="16">
<kw name="Teste de Requisicao Basica" owner="random-user-service">
<kw name="GET On Session" owner="RequestsLibrary">
<msg time="2024-04-29T08:19:00.597397" level="INFO">GET Request : url=https://randomuser.me/api 
 path_url=/api 
 headers={'User-Agent': 'python-requests/2.31.0', 'Accept-Encoding': 'gzip, deflate', 'Accept': '*/*', 'Connection': 'keep-alive'} 
 body=None 
 </msg>
<msg time="2024-04-29T08:19:00.597540" level="INFO">GET Response : url=https://randomuser.me/api 
 status=200, reason=OK 
 headers={'Date': 'Mon, 29 Apr 2024 08:19:00 GMT', 'Content-Type': 'application/json; charset=utf-8', 'Transfer-Encoding': 'chunked', 'Connection': 'keep-alive', 'X-Powered-By': 'Express', 'Access-Control-Allow-Origin': '*', 'Cache-Control': 'no-cache', 'ETag': 'W/"49f-m2s8Fsw4AqhsLN6YWNlnDP/r+pU"', 'Vary': 'Accept-Encoding', 'Content-Encoding': 'gzip', 'CF-Cache-Status': 'DYNAMIC', 'Report-To': '{"endpoints":[{"url":"https:\\/\\/a.nel.cloudflare.com\\/report\\/v4?s=KUHFMHdWV48gNClWZncKGCYsaimKnlf%2BlLCzciUGbTXytLiwSJBSgJDbquvCyl8qnJ4TCbTyXo%2B6xPjnH5zKTL97Xp5fLSu6mnfrysB%2FiKqKquZbiReFmZtkMeOdOOAT"}],"group":"cf-nel","max_age":604800}', 'NEL': '{"success_fraction":0,"report_to":"cf-nel","max_age":604800}', 'Server': 'cloudflare', 'CF-RAY': '87bddd583c1b8015-IAD', 'alt-svc': 'h3=":443"; ma=86400'} 
 body={"results":[{"gender":"male","name":{"title":"Mr","first":"Alberto","last":"Alexander"},"location":{"street":{"number":483,"name":"Grange Road"},"city":"York","state":"Derbyshire","country":"United Kingdom","postcode":"W56 9HA","coordinates":{"latitude":"-5.9928","longitude":"-89.5274"},"timezone":{"offset":"+5:30","description":"Bombay, Calcutta, Madras, New Delhi"}},"email":"alberto.alexander@example.com","login":{"uuid":"00b03f4e-0923-44d0-927a-998f791f9514","username":"heavyostrich644","password":"bob123","salt":"cMkpq2aM","md5":"5ef5a076d416be43c20ddbd4d2ee3406","sha1":"b32246f433ae6d45264850a0f1513dd7f3d609a5","sha256":"d7b7516c4904d26908559b5393d2ed2213152e3134f344a224245d8ed08d89da"},"dob":{"date":"1979-11-24T23:57:16.102Z","age":44},"registered":{"date":"2012-05-19T15:55:13.278Z","age":11},"phone":"016974 39811","cell":"07948 042694","id":{"name":"NINO","value":"RG 26 70 21 T"},"picture":{"large":"https://randomuser.me/api/portraits/men/96.jpg","medium":"https://randomuser.me/api/portraits/med/men/96.jpg","thumbnail":"https://randomuser.me/api/portraits/thumb/men/96.jpg"},"nat":"GB"}],"info":{"seed":"15a083e747b11d24","results":1,"page":1,"version":"1.4"}} 
 </msg>
<msg time="2024-04-29T08:19:00.597621" level="INFO">/opt/hostedtoolcache/Python/3.12.3/x64/lib/python3.12/site-packages/urllib3/connectionpool.py:1103: InsecureRequestWarning: Unverified HTTPS request is being made to host 'randomuser.me'. Adding certificate verification is strongly advised. See: https://urllib3.readthedocs.io/en/latest/advanced-usage.html#tls-warnings
  warnings.warn(</msg>
<msg time="2024-04-29T08:19:00.597761" level="INFO">${response} = &lt;Response [200]&gt;</msg>
<var>${response}</var>
<arg>consultarAPI</arg>
<arg>/api</arg>
<doc>Sends a GET request on a previously created HTTP Session.</doc>
<status status="PASS" start="2024-04-29T08:19:00.385286" elapsed="0.212515"/>
</kw>
<kw name="Should Be Equal As Numbers" owner="BuiltIn">
<msg time="2024-04-29T08:19:00.598792" level="INFO">Argument types are:
&lt;class 'int'&gt;
&lt;class 'str'&gt;</msg>
<arg>${response.status_code}</arg>
<arg>200</arg>
<doc>Fails if objects are unequal after converting them to real numbers.</doc>
<status status="PASS" start="2024-04-29T08:19:00.598339" elapsed="0.000517"/>
</kw>
<kw name="Log" owner="BuiltIn">
<msg time="2024-04-29T08:19:00.599577" level="INFO">200</msg>
<arg>${response.status_code}</arg>
<doc>Logs the given message with the given level.</doc>
<status status="PASS" start="2024-04-29T08:19:00.599194" elapsed="0.000424"/>
</kw>
<kw name="Set Variable" owner="BuiltIn">
<msg time="2024-04-29T08:19:00.600354" level="INFO">${json_data} = {'results': [{'gender': 'male', 'name': {'title': 'Mr', 'first': 'Alberto', 'last': 'Alexander'}, 'location': {'street': {'number': 483, 'name': 'Grange Road'}, 'city': 'York', 'state': 'Derbyshire', ...</msg>
<var>${json_data}</var>
<arg>${response.json()}</arg>
<doc>Returns the given values which can then be assigned to a variables.</doc>
<status status="PASS" start="2024-04-29T08:19:00.599919" elapsed="0.000464"/>
</kw>
<kw name="Dictionary Should Contain Key" owner="Collections">
<msg time="2024-04-29T08:19:00.600844" level="INFO">False</msg>
<arg>${json_data}</arg>
<arg>results</arg>
<doc>Fails if ``key`` is not found from ``dictionary``.</doc>
<status status="PASS" start="2024-04-29T08:19:00.600679" elapsed="0.000203"/>
</kw>
<status status="PASS" start="2024-04-29T08:19:00.385041" elapsed="0.216102"/>
</kw>
<doc>Testa se a API responde corretamente e retorna um objeto JSON válido.</doc>
<tag>testeRequisicaoBasica</tag>
<status status="PASS" start="2024-04-29T08:19:00.384512" elapsed="0.216812"/>
</test>
<test id="s1-s1-t3" name="Validar estrutura de resposta" line="22">
<kw name="Teste de Estrutura de Resposta" owner="random-user-service">
<kw name="GET On Session" owner="RequestsLibrary">
<msg time="2024-04-29T08:19:00.648175" level="INFO">GET Request : url=https://randomuser.me/api 
 path_url=/api 
 headers={'User-Agent': 'python-requests/2.31.0', 'Accept-Encoding': 'gzip, deflate', 'Accept': '*/*', 'Connection': 'keep-alive'} 
 body=None 
 </msg>
<msg time="2024-04-29T08:19:00.648242" level="INFO">GET Response : url=https://randomuser.me/api 
 status=200, reason=OK 
 headers={'Date': 'Mon, 29 Apr 2024 08:19:00 GMT', 'Content-Type': 'application/json; charset=utf-8', 'Transfer-Encoding': 'chunked', 'Connection': 'keep-alive', 'X-Powered-By': 'Express', 'Access-Control-Allow-Origin': '*', 'Cache-Control': 'no-cache', 'ETag': 'W/"4a3-Ib0JAzS2jhOLEQPcEkxSQINTP+o"', 'Vary': 'Accept-Encoding', 'Content-Encoding': 'gzip', 'CF-Cache-Status': 'DYNAMIC', 'Report-To': '{"endpoints":[{"url":"https:\\/\\/a.nel.cloudflare.com\\/report\\/v4?s=OD9An2QoFh1dpB%2B4M5bn4zDDRx%2FJUZXiwXim97HAWEho1H54kqQZhTNntMg27yhMkwUZOluctm%2FgS0RavRY3LLhlb4Gf2EED80wYXe4k2jSZf8dqjJJpEMJ7K4zFXWxU"}],"group":"cf-nel","max_age":604800}', 'NEL': '{"success_fraction":0,"report_to":"cf-nel","max_age":604800}', 'Server': 'cloudflare', 'CF-RAY': '87bddd58cc738015-IAD', 'alt-svc': 'h3=":443"; ma=86400'} 
 body={"results":[{"gender":"female","name":{"title":"Ms","first":"Jen","last":"Alexander"},"location":{"street":{"number":3276,"name":"Grange Road"},"city":"Oxford","state":"Cornwall","country":"United Kingdom","postcode":"Q31 9DZ","coordinates":{"latitude":"-12.2094","longitude":"37.4261"},"timezone":{"offset":"+10:00","description":"Eastern Australia, Guam, Vladivostok"}},"email":"jen.alexander@example.com","login":{"uuid":"70ff5392-bbcd-4449-b89e-8379bf44400b","username":"whiteleopard285","password":"mohamed","salt":"SX2trKTH","md5":"7931353708345568fe2da67c65972513","sha1":"5a228f9da5ec23c95a0138eb2e722fe005619107","sha256":"8329a615fdfde2584ce63be26d7b5728bacb81e7dc4d6acb4f8474b1ec34169d"},"dob":{"date":"1972-09-18T00:59:52.195Z","age":51},"registered":{"date":"2013-10-17T07:19:19.787Z","age":10},"phone":"015394 58263","cell":"07818 460447","id":{"name":"NINO","value":"MJ 10 22 77 H"},"picture":{"large":"https://randomuser.me/api/portraits/women/70.jpg","medium":"https://randomuser.me/api/portraits/med/women/70.jpg","thumbnail":"https://randomuser.me/api/portraits/thumb/women/70.jpg"},"nat":"GB"}],"info":{"seed":"ba7beee60c65b685","results":1,"page":1,"version":"1.4"}} 
 </msg>
<msg time="2024-04-29T08:19:00.648341" level="INFO">/opt/hostedtoolcache/Python/3.12.3/x64/lib/python3.12/site-packages/urllib3/connectionpool.py:1103: InsecureRequestWarning: Unverified HTTPS request is being made to host 'randomuser.me'. Adding certificate verification is strongly advised. See: https://urllib3.readthedocs.io/en/latest/advanced-usage.html#tls-warnings
  warnings.warn(</msg>
<msg time="2024-04-29T08:19:00.648433" level="INFO">${response} = &lt;Response [200]&gt;</msg>
<var>${response}</var>
<arg>consultarAPI</arg>
<arg>/api</arg>
<doc>Sends a GET request on a previously created HTTP Session.</doc>
<status status="PASS" start="2024-04-29T08:19:00.603885" elapsed="0.044580"/>
</kw>
<kw name="Set Variable" owner="BuiltIn">
<msg time="2024-04-29T08:19:00.649316" level="INFO">${json_data} = {'results': [{'gender': 'female', 'name': {'title': 'Ms', 'first': 'Jen', 'last': 'Alexander'}, 'location': {'street': {'number': 3276, 'name': 'Grange Road'}, 'city': 'Oxford', 'state': 'Cornwall', '...</msg>
<var>${json_data}</var>
<arg>${response.json()}</arg>
<doc>Returns the given values which can then be assigned to a variables.</doc>
<status status="PASS" start="2024-04-29T08:19:00.648851" elapsed="0.000494"/>
</kw>
<kw name="Log" owner="BuiltIn">
<msg time="2024-04-29T08:19:00.649802" level="INFO">{'results': [{'gender': 'female', 'name': {'title': 'Ms', 'first': 'Jen', 'last': 'Alexander'}, 'location': {'street': {'number': 3276, 'name': 'Grange Road'}, 'city': 'Oxford', 'state': 'Cornwall', 'country': 'United Kingdom', 'postcode': 'Q31 9DZ', 'coordinates': {'latitude': '-12.2094', 'longitude': '37.4261'}, 'timezone': {'offset': '+10:00', 'description': 'Eastern Australia, Guam, Vladivostok'}}, 'email': 'jen.alexander@example.com', 'login': {'uuid': '70ff5392-bbcd-4449-b89e-8379bf44400b', 'username': 'whiteleopard285', 'password': 'mohamed', 'salt': 'SX2trKTH', 'md5': '7931353708345568fe2da67c65972513', 'sha1': '5a228f9da5ec23c95a0138eb2e722fe005619107', 'sha256': '8329a615fdfde2584ce63be26d7b5728bacb81e7dc4d6acb4f8474b1ec34169d'}, 'dob': {'date': '1972-09-18T00:59:52.195Z', 'age': 51}, 'registered': {'date': '2013-10-17T07:19:19.787Z', 'age': 10}, 'phone': '015394 58263', 'cell': '07818 460447', 'id': {'name': 'NINO', 'value': 'MJ 10 22 77 H'}, 'picture': {'large': 'https://randomuser.me/api/portraits/women/70.jpg', 'medium': 'https://randomuser.me/api/portraits/med/women/70.jpg', 'thumbnail': 'https://randomuser.me/api/portraits/thumb/women/70.jpg'}, 'nat': 'GB'}], 'info': {'seed': 'ba7beee60c65b685', 'results': 1, 'page': 1, 'version': '1.4'}}</msg>
<arg>${json_data}</arg>
<doc>Logs the given message with the given level.</doc>
<status status="PASS" start="2024-04-29T08:19:00.649645" elapsed="0.000206"/>
</kw>
<kw name="Dictionary Should Contain Key" owner="Collections">
<msg time="2024-04-29T08:19:00.650298" level="INFO">False</msg>
<arg>${json_data}</arg>
<arg>results</arg>
<doc>Fails if ``key`` is not found from ``dictionary``.</doc>
<status status="PASS" start="2024-04-29T08:19:00.650147" elapsed="0.000188"/>
</kw>
<kw name="Should Not Be Empty" owner="BuiltIn">
<msg time="2024-04-29T08:19:00.650754" level="INFO">Length is 2.</msg>
<arg>${json_data}</arg>
<doc>Verifies that the given item is not empty.</doc>
<status status="PASS" start="2024-04-29T08:19:00.650624" elapsed="0.000168"/>
</kw>
<kw name="Create List" owner="BuiltIn">
<msg time="2024-04-29T08:19:00.651364" level="INFO">${expected_keys} = ['gender', 'name', 'location', 'email', 'login']</msg>
<var>${expected_keys}</var>
<arg>gender</arg>
<arg>name</arg>
<arg>location</arg>
<arg>email</arg>
<arg>login</arg>
<doc>Returns a list containing given items.</doc>
<status status="PASS" start="2024-04-29T08:19:00.651080" elapsed="0.000308"/>
</kw>
<for flavor="IN">
<iter>
<kw name="Dictionary Should Contain Key" owner="Collections">
<msg time="2024-04-29T08:19:00.652423" level="INFO">False</msg>
<arg>${json_data['results'][0]}</arg>
<arg>${key}</arg>
<doc>Fails if ``key`` is not found from ``dictionary``.</doc>
<status status="PASS" start="2024-04-29T08:19:00.652017" elapsed="0.000444"/>
</kw>
<kw name="Log" owner="BuiltIn">
<msg time="2024-04-29T08:19:00.653148" level="INFO">{'gender': 'female', 'name': {'title': 'Ms', 'first': 'Jen', 'last': 'Alexander'}, 'location': {'street': {'number': 3276, 'name': 'Grange Road'}, 'city': 'Oxford', 'state': 'Cornwall', 'country': 'United Kingdom', 'postcode': 'Q31 9DZ', 'coordinates': {'latitude': '-12.2094', 'longitude': '37.4261'}, 'timezone': {'offset': '+10:00', 'description': 'Eastern Australia, Guam, Vladivostok'}}, 'email': 'jen.alexander@example.com', 'login': {'uuid': '70ff5392-bbcd-4449-b89e-8379bf44400b', 'username': 'whiteleopard285', 'password': 'mohamed', 'salt': 'SX2trKTH', 'md5': '7931353708345568fe2da67c65972513', 'sha1': '5a228f9da5ec23c95a0138eb2e722fe005619107', 'sha256': '8329a615fdfde2584ce63be26d7b5728bacb81e7dc4d6acb4f8474b1ec34169d'}, 'dob': {'date': '1972-09-18T00:59:52.195Z', 'age': 51}, 'registered': {'date': '2013-10-17T07:19:19.787Z', 'age': 10}, 'phone': '015394 58263', 'cell': '07818 460447', 'id': {'name': 'NINO', 'value': 'MJ 10 22 77 H'}, 'picture': {'large': 'https://randomuser.me/api/portraits/women/70.jpg', 'medium': 'https://randomuser.me/api/portraits/med/women/70.jpg', 'thumbnail': 'https://randomuser.me/api/portraits/thumb/women/70.jpg'}, 'nat': 'GB'}</msg>
<arg>${json_data['results'][0]}</arg>
<doc>Logs the given message with the given level.</doc>
<status status="PASS" start="2024-04-29T08:19:00.652764" elapsed="0.000431"/>
</kw>
<kw name="Log" owner="BuiltIn">
<msg time="2024-04-29T08:19:00.653614" level="INFO">gender</msg>
<arg>${key}</arg>
<doc>Logs the given message with the given level.</doc>
<status status="PASS" start="2024-04-29T08:19:00.653488" elapsed="0.000162"/>
</kw>
<var name="${key}">gender</var>
<status status="PASS" start="2024-04-29T08:19:00.651893" elapsed="0.001967"/>
</iter>
<iter>
<kw name="Dictionary Should Contain Key" owner="Collections">
<msg time="2024-04-29T08:19:00.654535" level="INFO">False</msg>
<arg>${json_data['results'][0]}</arg>
<arg>${key}</arg>
<doc>Fails if ``key`` is not found from ``dictionary``.</doc>
<status status="PASS" start="2024-04-29T08:19:00.654155" elapsed="0.000416"/>
</kw>
<kw name="Log" owner="BuiltIn">
<msg time="2024-04-29T08:19:00.655268" level="INFO">{'gender': 'female', 'name': {'title': 'Ms', 'first': 'Jen', 'last': 'Alexander'}, 'location': {'street': {'number': 3276, 'name': 'Grange Road'}, 'city': 'Oxford', 'state': 'Cornwall', 'country': 'United Kingdom', 'postcode': 'Q31 9DZ', 'coordinates': {'latitude': '-12.2094', 'longitude': '37.4261'}, 'timezone': {'offset': '+10:00', 'description': 'Eastern Australia, Guam, Vladivostok'}}, 'email': 'jen.alexander@example.com', 'login': {'uuid': '70ff5392-bbcd-4449-b89e-8379bf44400b', 'username': 'whiteleopard285', 'password': 'mohamed', 'salt': 'SX2trKTH', 'md5': '7931353708345568fe2da67c65972513', 'sha1': '5a228f9da5ec23c95a0138eb2e722fe005619107', 'sha256': '8329a615fdfde2584ce63be26d7b5728bacb81e7dc4d6acb4f8474b1ec34169d'}, 'dob': {'date': '1972-09-18T00:59:52.195Z', 'age': 51}, 'registered': {'date': '2013-10-17T07:19:19.787Z', 'age': 10}, 'phone': '015394 58263', 'cell': '07818 460447', 'id': {'name': 'NINO', 'value': 'MJ 10 22 77 H'}, 'picture': {'large': 'https://randomuser.me/api/portraits/women/70.jpg', 'medium': 'https://randomuser.me/api/portraits/med/women/70.jpg', 'thumbnail': 'https://randomuser.me/api/portraits/thumb/women/70.jpg'}, 'nat': 'GB'}</msg>
<arg>${json_data['results'][0]}</arg>
<doc>Logs the given message with the given level.</doc>
<status status="PASS" start="2024-04-29T08:19:00.654905" elapsed="0.000410"/>
</kw>
<kw name="Log" owner="BuiltIn">
<msg time="2024-04-29T08:19:00.655765" level="INFO">name</msg>
<arg>${key}</arg>
<doc>Logs the given message with the given level.</doc>
<status status="PASS" start="2024-04-29T08:19:00.655636" elapsed="0.000166"/>
</kw>
<var name="${key}">name</var>
<status status="PASS" start="2024-04-29T08:19:00.654043" elapsed="0.001971"/>
</iter>
<iter>
<kw name="Dictionary Should Contain Key" owner="Collections">
<msg time="2024-04-29T08:19:00.656681" level="INFO">False</msg>
<arg>${json_data['results'][0]}</arg>
<arg>${key}</arg>
<doc>Fails if ``key`` is not found from ``dictionary``.</doc>
<status status="PASS" start="2024-04-29T08:19:00.656301" elapsed="0.000417"/>
</kw>
<kw name="Log" owner="BuiltIn">
<msg time="2024-04-29T08:19:00.657372" level="INFO">{'gender': 'female', 'name': {'title': 'Ms', 'first': 'Jen', 'last': 'Alexander'}, 'location': {'street': {'number': 3276, 'name': 'Grange Road'}, 'city': 'Oxford', 'state': 'Cornwall', 'country': 'United Kingdom', 'postcode': 'Q31 9DZ', 'coordinates': {'latitude': '-12.2094', 'longitude': '37.4261'}, 'timezone': {'offset': '+10:00', 'description': 'Eastern Australia, Guam, Vladivostok'}}, 'email': 'jen.alexander@example.com', 'login': {'uuid': '70ff5392-bbcd-4449-b89e-8379bf44400b', 'username': 'whiteleopard285', 'password': 'mohamed', 'salt': 'SX2trKTH', 'md5': '7931353708345568fe2da67c65972513', 'sha1': '5a228f9da5ec23c95a0138eb2e722fe005619107', 'sha256': '8329a615fdfde2584ce63be26d7b5728bacb81e7dc4d6acb4f8474b1ec34169d'}, 'dob': {'date': '1972-09-18T00:59:52.195Z', 'age': 51}, 'registered': {'date': '2013-10-17T07:19:19.787Z', 'age': 10}, 'phone': '015394 58263', 'cell': '07818 460447', 'id': {'name': 'NINO', 'value': 'MJ 10 22 77 H'}, 'picture': {'large': 'https://randomuser.me/api/portraits/women/70.jpg', 'medium': 'https://randomuser.me/api/portraits/med/women/70.jpg', 'thumbnail': 'https://randomuser.me/api/portraits/thumb/women/70.jpg'}, 'nat': 'GB'}</msg>
<arg>${json_data['results'][0]}</arg>
<doc>Logs the given message with the given level.</doc>
<status status="PASS" start="2024-04-29T08:19:00.657014" elapsed="0.000405"/>
</kw>
<kw name="Log" owner="BuiltIn">
<msg time="2024-04-29T08:19:00.657831" level="INFO">location</msg>
<arg>${key}</arg>
<doc>Logs the given message with the given level.</doc>
<status status="PASS" start="2024-04-29T08:19:00.657705" elapsed="0.000163"/>
</kw>
<var name="${key}">location</var>
<status status="PASS" start="2024-04-29T08:19:00.656191" elapsed="0.001887"/>
</iter>
<iter>
<kw name="Dictionary Should Contain Key" owner="Collections">
<msg time="2024-04-29T08:19:00.658742" level="INFO">False</msg>
<arg>${json_data['results'][0]}</arg>
<arg>${key}</arg>
<doc>Fails if ``key`` is not found from ``dictionary``.</doc>
<status status="PASS" start="2024-04-29T08:19:00.658362" elapsed="0.000418"/>
</kw>
<kw name="Log" owner="BuiltIn">
<msg time="2024-04-29T08:19:00.659448" level="INFO">{'gender': 'female', 'name': {'title': 'Ms', 'first': 'Jen', 'last': 'Alexander'}, 'location': {'street': {'number': 3276, 'name': 'Grange Road'}, 'city': 'Oxford', 'state': 'Cornwall', 'country': 'United Kingdom', 'postcode': 'Q31 9DZ', 'coordinates': {'latitude': '-12.2094', 'longitude': '37.4261'}, 'timezone': {'offset': '+10:00', 'description': 'Eastern Australia, Guam, Vladivostok'}}, 'email': 'jen.alexander@example.com', 'login': {'uuid': '70ff5392-bbcd-4449-b89e-8379bf44400b', 'username': 'whiteleopard285', 'password': 'mohamed', 'salt': 'SX2trKTH', 'md5': '7931353708345568fe2da67c65972513', 'sha1': '5a228f9da5ec23c95a0138eb2e722fe005619107', 'sha256': '8329a615fdfde2584ce63be26d7b5728bacb81e7dc4d6acb4f8474b1ec34169d'}, 'dob': {'date': '1972-09-18T00:59:52.195Z', 'age': 51}, 'registered': {'date': '2013-10-17T07:19:19.787Z', 'age': 10}, 'phone': '015394 58263', 'cell': '07818 460447', 'id': {'name': 'NINO', 'value': 'MJ 10 22 77 H'}, 'picture': {'large': 'https://randomuser.me/api/portraits/women/70.jpg', 'medium': 'https://randomuser.me/api/portraits/med/women/70.jpg', 'thumbnail': 'https://randomuser.me/api/portraits/thumb/women/70.jpg'}, 'nat': 'GB'}</msg>
<arg>${json_data['results'][0]}</arg>
<doc>Logs the given message with the given level.</doc>
<status status="PASS" start="2024-04-29T08:19:00.659074" elapsed="0.000423"/>
</kw>
<kw name="Log" owner="BuiltIn">
<msg time="2024-04-29T08:19:00.659915" level="INFO">email</msg>
<arg>${key}</arg>
<doc>Logs the given message with the given level.</doc>
<status status="PASS" start="2024-04-29T08:19:00.659790" elapsed="0.000163"/>
</kw>
<var name="${key}">email</var>
<status status="PASS" start="2024-04-29T08:19:00.658251" elapsed="0.001914"/>
</iter>
<iter>
<kw name="Dictionary Should Contain Key" owner="Collections">
<msg time="2024-04-29T08:19:00.660827" level="INFO">False</msg>
<arg>${json_data['results'][0]}</arg>
<arg>${key}</arg>
<doc>Fails if ``key`` is not found from ``dictionary``.</doc>
<status status="PASS" start="2024-04-29T08:19:00.660445" elapsed="0.000419"/>
</kw>
<kw name="Log" owner="BuiltIn">
<msg time="2024-04-29T08:19:00.661521" level="INFO">{'gender': 'female', 'name': {'title': 'Ms', 'first': 'Jen', 'last': 'Alexander'}, 'location': {'street': {'number': 3276, 'name': 'Grange Road'}, 'city': 'Oxford', 'state': 'Cornwall', 'country': 'United Kingdom', 'postcode': 'Q31 9DZ', 'coordinates': {'latitude': '-12.2094', 'longitude': '37.4261'}, 'timezone': {'offset': '+10:00', 'description': 'Eastern Australia, Guam, Vladivostok'}}, 'email': 'jen.alexander@example.com', 'login': {'uuid': '70ff5392-bbcd-4449-b89e-8379bf44400b', 'username': 'whiteleopard285', 'password': 'mohamed', 'salt': 'SX2trKTH', 'md5': '7931353708345568fe2da67c65972513', 'sha1': '5a228f9da5ec23c95a0138eb2e722fe005619107', 'sha256': '8329a615fdfde2584ce63be26d7b5728bacb81e7dc4d6acb4f8474b1ec34169d'}, 'dob': {'date': '1972-09-18T00:59:52.195Z', 'age': 51}, 'registered': {'date': '2013-10-17T07:19:19.787Z', 'age': 10}, 'phone': '015394 58263', 'cell': '07818 460447', 'id': {'name': 'NINO', 'value': 'MJ 10 22 77 H'}, 'picture': {'large': 'https://randomuser.me/api/portraits/women/70.jpg', 'medium': 'https://randomuser.me/api/portraits/med/women/70.jpg', 'thumbnail': 'https://randomuser.me/api/portraits/thumb/women/70.jpg'}, 'nat': 'GB'}</msg>
<arg>${json_data['results'][0]}</arg>
<doc>Logs the given message with the given level.</doc>
<status status="PASS" start="2024-04-29T08:19:00.661160" elapsed="0.000410"/>
</kw>
<kw name="Log" owner="BuiltIn">
<msg time="2024-04-29T08:19:00.661984" level="INFO">login</msg>
<arg>${key}</arg>
<doc>Logs the given message with the given level.</doc>
<status status="PASS" start="2024-04-29T08:19:00.661859" elapsed="0.000196"/>
</kw>
<var name="${key}">login</var>
<status status="PASS" start="2024-04-29T08:19:00.660337" elapsed="0.001938"/>
</iter>
<var>${key}</var>
<value>@{expected_keys}</value>
<status status="PASS" start="2024-04-29T08:19:00.651706" elapsed="0.010691"/>
</for>
<kw name="Create List" owner="BuiltIn">
<msg time="2024-04-29T08:19:00.662722" level="INFO">${expected_keysTwo} = ['username', 'password']</msg>
<var>${expected_keysTwo}</var>
<arg>username</arg>
<arg>password</arg>
<doc>Returns a list containing given items.</doc>
<status status="PASS" start="2024-04-29T08:19:00.662585" elapsed="0.000161"/>
</kw>
<for flavor="IN">
<iter>
<kw name="Dictionary Should Contain Key" owner="Collections">
<msg time="2024-04-29T08:19:00.663666" level="INFO">False</msg>
<arg>${json_data['results'][0]['login']}</arg>
<arg>${keyTwo}</arg>
<doc>Fails if ``key`` is not found from ``dictionary``.</doc>
<status status="PASS" start="2024-04-29T08:19:00.663242" elapsed="0.000462"/>
</kw>
<kw name="Dictionary Should Contain Key" owner="Collections">
<msg time="2024-04-29T08:19:00.664377" level="INFO">False</msg>
<arg>${json_data['results'][0]['login']}</arg>
<arg>${keyTwo}</arg>
<doc>Fails if ``key`` is not found from ``dictionary``.</doc>
<status status="PASS" start="2024-04-29T08:19:00.663997" elapsed="0.000419"/>
</kw>
<kw name="Log" owner="BuiltIn">
<msg time="2024-04-29T08:19:00.664831" level="INFO">username</msg>
<arg>${keyTwo}</arg>
<doc>Logs the given message with the given level.</doc>
<status status="PASS" start="2024-04-29T08:19:00.664704" elapsed="0.000170"/>
</kw>
<var name="${keyTwo}">username</var>
<status status="PASS" start="2024-04-29T08:19:00.663133" elapsed="0.001953"/>
</iter>
<iter>
<kw name="Dictionary Should Contain Key" owner="Collections">
<msg time="2024-04-29T08:19:00.665748" level="INFO">False</msg>
<arg>${json_data['results'][0]['login']}</arg>
<arg>${keyTwo}</arg>
<doc>Fails if ``key`` is not found from ``dictionary``.</doc>
<status status="PASS" start="2024-04-29T08:19:00.665365" elapsed="0.000425"/>
</kw>
<kw name="Dictionary Should Contain Key" owner="Collections">
<msg time="2024-04-29T08:19:00.666535" level="INFO">False</msg>
<arg>${json_data['results'][0]['login']}</arg>
<arg>${keyTwo}</arg>
<doc>Fails if ``key`` is not found from ``dictionary``.</doc>
<status status="PASS" start="2024-04-29T08:19:00.666080" elapsed="0.000493"/>
</kw>
<kw name="Log" owner="BuiltIn">
<msg time="2024-04-29T08:19:00.666999" level="INFO">password</msg>
<arg>${keyTwo}</arg>
<doc>Logs the given message with the given level.</doc>
<status status="PASS" start="2024-04-29T08:19:00.666871" elapsed="0.000166"/>
</kw>
<var name="${keyTwo}">password</var>
<status status="PASS" start="2024-04-29T08:19:00.665257" elapsed="0.001997"/>
</iter>
<var>${keyTwo}</var>
<value>@{expected_keysTwo}</value>
<status status="PASS" start="2024-04-29T08:19:00.662982" elapsed="0.004394"/>
</for>
<status status="PASS" start="2024-04-29T08:19:00.603650" elapsed="0.063890"/>
</kw>
<doc>Testa a estrutura da resposta da API.</doc>
<tag>testeEstruturaResposta</tag>
<status status="PASS" start="2024-04-29T08:19:00.603125" elapsed="0.064571"/>
</test>
<test id="s1-s1-t4" name="Validar tipos de dados" line="28">
<kw name="Teste de Tipos de Dados" owner="random-user-service">
<kw name="GET On Session" owner="RequestsLibrary">
<msg time="2024-04-29T08:19:00.774215" level="INFO">GET Request : url=https://randomuser.me/api 
 path_url=/api 
 headers={'User-Agent': 'python-requests/2.31.0', 'Accept-Encoding': 'gzip, deflate', 'Accept': '*/*', 'Connection': 'keep-alive'} 
 body=None 
 </msg>
<msg time="2024-04-29T08:19:00.774323" level="INFO">GET Response : url=https://randomuser.me/api 
 status=200, reason=OK 
 headers={'Date': 'Mon, 29 Apr 2024 08:19:00 GMT', 'Content-Type': 'application/json; charset=utf-8', 'Transfer-Encoding': 'chunked', 'Connection': 'keep-alive', 'X-Powered-By': 'Express', 'Access-Control-Allow-Origin': '*', 'Cache-Control': 'no-cache', 'ETag': 'W/"484-qo2nUFQrJCGuR3nkzKmd7EshlJs"', 'Vary': 'Accept-Encoding', 'Content-Encoding': 'gzip', 'CF-Cache-Status': 'DYNAMIC', 'Report-To': '{"endpoints":[{"url":"https:\\/\\/a.nel.cloudflare.com\\/report\\/v4?s=qhVJ1Kh8NIMP3oD%2FBgjrHOqiAUtqRCyQJ6g7IJ9wHMfi%2FxLPnwZLN8luXzSzM%2BFu%2F%2FQrW%2F3lVYEyrzsWvXb8SDDRsTh04gVw%2Bf6fbmVCz5t0pLIRCrpKjFdryOy54%2FIG"}],"group":"cf-nel","max_age":604800}', 'NEL': '{"success_fraction":0,"report_to":"cf-nel","max_age":604800}', 'Server': 'cloudflare', 'CF-RAY': '87bddd593cbc8015-IAD', 'alt-svc': 'h3=":443"; ma=86400'} 
 body={"results":[{"gender":"male","name":{"title":"Mr","first":"Same","last":"Ruiz"},"location":{"street":{"number":7008,"name":"Parker Rd"},"city":"Orange","state":"South Australia","country":"Australia","postcode":9286,"coordinates":{"latitude":"-83.3251","longitude":"-122.3579"},"timezone":{"offset":"-3:00","description":"Brazil, Buenos Aires, Georgetown"}},"email":"same.ruiz@example.com","login":{"uuid":"dc5b9a98-cd4a-49f2-b1b3-72e32ca82123","username":"sadelephant504","password":"andrea1","salt":"YYsPL0jB","md5":"d40afd7f76402f6ce789e7fad1b2cffc","sha1":"ffec4fa9960deafb7faa5feeae61ee11320944d1","sha256":"a11423237234515af78e393d8659c5b991ea6f62f2e324a473ecd15534481195"},"dob":{"date":"1952-11-23T16:57:07.998Z","age":71},"registered":{"date":"2020-09-03T00:03:05.422Z","age":3},"phone":"01-7651-0129","cell":"0425-371-552","id":{"name":"TFN","value":"725420274"},"picture":{"large":"https://randomuser.me/api/portraits/men/19.jpg","medium":"https://randomuser.me/api/portraits/med/men/19.jpg","thumbnail":"https://randomuser.me/api/portraits/thumb/men/19.jpg"},"nat":"AU"}],"info":{"seed":"df5c741d00268517","results":1,"page":1,"version":"1.4"}} 
 </msg>
<msg time="2024-04-29T08:19:00.774405" level="INFO">/opt/hostedtoolcache/Python/3.12.3/x64/lib/python3.12/site-packages/urllib3/connectionpool.py:1103: InsecureRequestWarning: Unverified HTTPS request is being made to host 'randomuser.me'. Adding certificate verification is strongly advised. See: https://urllib3.readthedocs.io/en/latest/advanced-usage.html#tls-warnings
  warnings.warn(</msg>
<msg time="2024-04-29T08:19:00.774559" level="INFO">${response} = &lt;Response [200]&gt;</msg>
<var>${response}</var>
<arg>consultarAPI</arg>
<arg>/api</arg>
<doc>Sends a GET request on a previously created HTTP Session.</doc>
<status status="PASS" start="2024-04-29T08:19:00.670124" elapsed="0.104481"/>
</kw>
<kw name="Set Variable" owner="BuiltIn">
<msg time="2024-04-29T08:19:00.775914" level="INFO">${json_data} = {'results': [{'gender': 'male', 'name': {'title': 'Mr', 'first': 'Same', 'last': 'Ruiz'}, 'location': {'street': {'number': 7008, 'name': 'Parker Rd'}, 'city': 'Orange', 'state': 'South Australia', 'c...</msg>
<var>${json_data}</var>
<arg>${response.json()}</arg>
<doc>Returns the given values which can then be assigned to a variables.</doc>
<status status="PASS" start="2024-04-29T08:19:00.775309" elapsed="0.000633"/>
</kw>
<kw name="Log" owner="BuiltIn">
<msg time="2024-04-29T08:19:00.776407" level="INFO">{'results': [{'gender': 'male', 'name': {'title': 'Mr', 'first': 'Same', 'last': 'Ruiz'}, 'location': {'street': {'number': 7008, 'name': 'Parker Rd'}, 'city': 'Orange', 'state': 'South Australia', 'country': 'Australia', 'postcode': 9286, 'coordinates': {'latitude': '-83.3251', 'longitude': '-122.3579'}, 'timezone': {'offset': '-3:00', 'description': 'Brazil, Buenos Aires, Georgetown'}}, 'email': 'same.ruiz@example.com', 'login': {'uuid': 'dc5b9a98-cd4a-49f2-b1b3-72e32ca82123', 'username': 'sadelephant504', 'password': 'andrea1', 'salt': 'YYsPL0jB', 'md5': 'd40afd7f76402f6ce789e7fad1b2cffc', 'sha1': 'ffec4fa9960deafb7faa5feeae61ee11320944d1', 'sha256': 'a11423237234515af78e393d8659c5b991ea6f62f2e324a473ecd15534481195'}, 'dob': {'date': '1952-11-23T16:57:07.998Z', 'age': 71}, 'registered': {'date': '2020-09-03T00:03:05.422Z', 'age': 3}, 'phone': '01-7651-0129', 'cell': '0425-371-552', 'id': {'name': 'TFN', 'value': '725420274'}, 'picture': {'large': 'https://randomuser.me/api/portraits/men/19.jpg', 'medium': 'https://randomuser.me/api/portraits/med/men/19.jpg', 'thumbnail': 'https://randomuser.me/api/portraits/thumb/men/19.jpg'}, 'nat': 'AU'}], 'info': {'seed': 'df5c741d00268517', 'results': 1, 'page': 1, 'version': '1.4'}}</msg>
<arg>${json_data}</arg>
<doc>Logs the given message with the given level.</doc>
<status status="PASS" start="2024-04-29T08:19:00.776252" elapsed="0.000242"/>
</kw>
<kw name="Should Be String" owner="String">
<arg>${json_data['results'][0]['gender']}</arg>
<doc>Fails if the given ``item`` is not a string.</doc>
<status status="PASS" start="2024-04-29T08:19:00.776792" elapsed="0.000366"/>
</kw>
<kw name="Should Match Regexp" owner="BuiltIn">
<arg>${json_data['results'][0]['email']}</arg>
<arg>^[a-zA-Z0-9._%+-]+@[a-zA-Z0-9.-]+\.[a-zA-Z]{2,}$</arg>
<doc>Fails if ``string`` does not match ``pattern`` as a regular expression.</doc>
<status status="PASS" start="2024-04-29T08:19:00.777350" elapsed="0.000531"/>
</kw>
<kw name="Should Match Regexp" owner="BuiltIn">
<arg>${json_data['results'][0]['dob']['date']}</arg>
<arg>\\d{4}-\\d{2}-\\d{2}T\\d{2}:\\d{2}:\\d{2}\\.\\d{3}Z</arg>
<doc>Fails if ``string`` does not match ``pattern`` as a regular expression.</doc>
<status status="PASS" start="2024-04-29T08:19:00.778076" elapsed="0.000490"/>
</kw>
<kw name="Should Match Regexp" owner="BuiltIn">
<arg>${json_data['results'][0]['registered']['date']}</arg>
<arg>\\d{4}-\\d{2}-\\d{2}T\\d{2}:\\d{2}:\\d{2}\\.\\d{3}Z</arg>
<doc>Fails if ``string`` does not match ``pattern`` as a regular expression.</doc>
<status status="PASS" start="2024-04-29T08:19:00.778759" elapsed="0.000366"/>
</kw>
<kw name="Should Match Regexp" owner="BuiltIn">
<arg>${json_data['results'][0]['picture']['large']}</arg>
<arg>^https?://.*\.(?:png|jpe?g|gif|bmp)$</arg>
<doc>Fails if ``string`` does not match ``pattern`` as a regular expression.</doc>
<status status="PASS" start="2024-04-29T08:19:00.779309" elapsed="0.000509"/>
</kw>
<kw name="Should Match Regexp" owner="BuiltIn">
<arg>${json_data['results'][0]['picture']['medium']}</arg>
<arg>^https?://.*\.(?:png|jpe?g|gif|bmp)$</arg>
<doc>Fails if ``string`` does not match ``pattern`` as a regular expression.</doc>
<status status="PASS" start="2024-04-29T08:19:00.780014" elapsed="0.000369"/>
</kw>
<kw name="Should Match Regexp" owner="BuiltIn">
<arg>${json_data['results'][0]['picture']['thumbnail']}</arg>
<arg>^https?://.*\.(?:png|jpe?g|gif|bmp)$</arg>
<doc>Fails if ``string`` does not match ``pattern`` as a regular expression.</doc>
<status status="PASS" start="2024-04-29T08:19:00.780573" elapsed="0.000355"/>
</kw>
<kw name="Log" owner="BuiltIn">
<msg time="2024-04-29T08:19:00.781427" level="INFO">{'large': 'https://randomuser.me/api/portraits/men/19.jpg', 'medium': 'https://randomuser.me/api/portraits/med/men/19.jpg', 'thumbnail': 'https://randomuser.me/api/portraits/thumb/men/19.jpg'}</msg>
<arg>${json_data['results'][0]['picture']}</arg>
<doc>Logs the given message with the given level.</doc>
<status status="PASS" start="2024-04-29T08:19:00.781107" elapsed="0.000361"/>
</kw>
<status status="PASS" start="2024-04-29T08:19:00.669901" elapsed="0.111824"/>
</kw>
<kw name="Teste de Tipos de Dados - Postcode" owner="random-user-service">
<kw name="GET On Session" owner="RequestsLibrary">
<msg time="2024-04-29T08:19:00.849848" level="INFO">GET Request : url=https://randomuser.me/api 
 path_url=/api 
 headers={'User-Agent': 'python-requests/2.31.0', 'Accept-Encoding': 'gzip, deflate', 'Accept': '*/*', 'Connection': 'keep-alive'} 
 body=None 
 </msg>
<msg time="2024-04-29T08:19:00.849934" level="INFO">GET Response : url=https://randomuser.me/api 
 status=200, reason=OK 
 headers={'Date': 'Mon, 29 Apr 2024 08:19:00 GMT', 'Content-Type': 'application/json; charset=utf-8', 'Transfer-Encoding': 'chunked', 'Connection': 'keep-alive', 'X-Powered-By': 'Express', 'Access-Control-Allow-Origin': '*', 'Cache-Control': 'no-cache', 'ETag': 'W/"46e-pocbYpndZQW5fR5EWjmsBRtZWeE"', 'Vary': 'Accept-Encoding', 'Content-Encoding': 'gzip', 'CF-Cache-Status': 'DYNAMIC', 'Report-To': '{"endpoints":[{"url":"https:\\/\\/a.nel.cloudflare.com\\/report\\/v4?s=dGpKGhMGgVBw%2F5rNICWVOk2iPXvLRg0WDdoHM%2B8GvREBAFYnkBbquHougTIf2f%2B49NupkdZ26CIkGxItzlVa%2B1RzRNKtVKkkBk0Kce8rTDStj9sg0ayfBN7YoDyet5O4"}],"group":"cf-nel","max_age":604800}', 'NEL': '{"success_fraction":0,"report_to":"cf-nel","max_age":604800}', 'Server': 'cloudflare', 'CF-RAY': '87bddd59ed5b8015-IAD', 'alt-svc': 'h3=":443"; ma=86400'} 
 body={"results":[{"gender":"male","name":{"title":"Mr","first":"Connor","last":"Pierce"},"location":{"street":{"number":2220,"name":"West Street"},"city":"Buncrana","state":"Wicklow","country":"Ireland","postcode":56465,"coordinates":{"latitude":"3.7032","longitude":"-52.0190"},"timezone":{"offset":"-2:00","description":"Mid-Atlantic"}},"email":"connor.pierce@example.com","login":{"uuid":"2b63f2f8-76f0-41ea-924b-1da3e2998ee2","username":"goldenpanda173","password":"bobobo","salt":"Ez9cg6NM","md5":"e338fc8182d8bcb7551dca9e0f9e19bd","sha1":"e70b9f77a197fa9c38ff6a863914b6cf773109e5","sha256":"a880baacb19bf47956cad54a271b76a222c08d9999c520a159bf56e77ecf1a3b"},"dob":{"date":"1993-08-27T19:20:16.902Z","age":30},"registered":{"date":"2015-06-07T20:40:25.679Z","age":8},"phone":"071-165-5981","cell":"081-306-1645","id":{"name":"PPS","value":"6485378T"},"picture":{"large":"https://randomuser.me/api/portraits/men/19.jpg","medium":"https://randomuser.me/api/portraits/med/men/19.jpg","thumbnail":"https://randomuser.me/api/portraits/thumb/men/19.jpg"},"nat":"IE"}],"info":{"seed":"6902201f8d0aed08","results":1,"page":1,"version":"1.4"}} 
 </msg>
<msg time="2024-04-29T08:19:00.850001" level="INFO">/opt/hostedtoolcache/Python/3.12.3/x64/lib/python3.12/site-packages/urllib3/connectionpool.py:1103: InsecureRequestWarning: Unverified HTTPS request is being made to host 'randomuser.me'. Adding certificate verification is strongly advised. See: https://urllib3.readthedocs.io/en/latest/advanced-usage.html#tls-warnings
  warnings.warn(</msg>
<msg time="2024-04-29T08:19:00.850112" level="INFO">${response} = &lt;Response [200]&gt;</msg>
<var>${response}</var>
<arg>consultarAPI</arg>
<arg>/api</arg>
<doc>Sends a GET request on a previously created HTTP Session.</doc>
<status status="PASS" start="2024-04-29T08:19:00.782191" elapsed="0.067961"/>
</kw>
<kw name="Set Variable" owner="BuiltIn">
<msg time="2024-04-29T08:19:00.851314" level="INFO">${json_data} = {'results': [{'gender': 'male', 'name': {'title': 'Mr', 'first': 'Connor', 'last': 'Pierce'}, 'location': {'street': {'number': 2220, 'name': 'West Street'}, 'city': 'Buncrana', 'state': 'Wicklow', 'c...</msg>
<var>${json_data}</var>
<arg>${response.json()}</arg>
<doc>Returns the given values which can then be assigned to a variables.</doc>
<status status="PASS" start="2024-04-29T08:19:00.850727" elapsed="0.000615"/>
</kw>
<kw name="Log" owner="BuiltIn">
<msg time="2024-04-29T08:19:00.851857" level="INFO">{'results': [{'gender': 'male', 'name': {'title': 'Mr', 'first': 'Connor', 'last': 'Pierce'}, 'location': {'street': {'number': 2220, 'name': 'West Street'}, 'city': 'Buncrana', 'state': 'Wicklow', 'country': 'Ireland', 'postcode': 56465, 'coordinates': {'latitude': '3.7032', 'longitude': '-52.0190'}, 'timezone': {'offset': '-2:00', 'description': 'Mid-Atlantic'}}, 'email': 'connor.pierce@example.com', 'login': {'uuid': '2b63f2f8-76f0-41ea-924b-1da3e2998ee2', 'username': 'goldenpanda173', 'password': 'bobobo', 'salt': 'Ez9cg6NM', 'md5': 'e338fc8182d8bcb7551dca9e0f9e19bd', 'sha1': 'e70b9f77a197fa9c38ff6a863914b6cf773109e5', 'sha256': 'a880baacb19bf47956cad54a271b76a222c08d9999c520a159bf56e77ecf1a3b'}, 'dob': {'date': '1993-08-27T19:20:16.902Z', 'age': 30}, 'registered': {'date': '2015-06-07T20:40:25.679Z', 'age': 8}, 'phone': '071-165-5981', 'cell': '081-306-1645', 'id': {'name': 'PPS', 'value': '6485378T'}, 'picture': {'large': 'https://randomuser.me/api/portraits/men/19.jpg', 'medium': 'https://randomuser.me/api/portraits/med/men/19.jpg', 'thumbnail': 'https://randomuser.me/api/portraits/thumb/men/19.jpg'}, 'nat': 'IE'}], 'info': {'seed': '6902201f8d0aed08', 'results': 1, 'page': 1, 'version': '1.4'}}</msg>
<arg>${json_data}</arg>
<doc>Logs the given message with the given level.</doc>
<status status="PASS" start="2024-04-29T08:19:00.851699" elapsed="0.000238"/>
</kw>
<kw name="Should Be Equal As Numbers" owner="BuiltIn">
<arg>${json_data['results'][0]['location']['postcode']}</arg>
<arg>${json_data['results'][0]['location']['postcode']}</arg>
<doc>Fails if objects are unequal after converting them to real numbers.</doc>
<status status="PASS" start="2024-04-29T08:19:00.852230" elapsed="0.000785"/>
</kw>
<kw name="Log" owner="BuiltIn">
<msg time="2024-04-29T08:19:00.853543" level="INFO">56465</msg>
<arg>${json_data['results'][0]['location']['postcode']}</arg>
<doc>Logs the given message with the given level.</doc>
<status status="PASS" start="2024-04-29T08:19:00.853207" elapsed="0.000376"/>
</kw>
<status status="PASS" start="2024-04-29T08:19:00.781955" elapsed="0.071881"/>
</kw>
<doc>Testa se os tipos de dados na resposta da API estão corretos.</doc>
<tag>testeTiposDados</tag>
<status status="PASS" start="2024-04-29T08:19:00.669465" elapsed="0.184536"/>
</test>
<test id="s1-s1-t5" name="Validar conteudo" line="35">
<kw name="Teste de Tipos de Conteudo" owner="random-user-service">
<kw name="GET On Session" owner="RequestsLibrary">
<msg time="2024-04-29T08:19:00.947724" level="INFO">GET Request : url=https://randomuser.me/api 
 path_url=/api 
 headers={'User-Agent': 'python-requests/2.31.0', 'Accept-Encoding': 'gzip, deflate', 'Accept': '*/*', 'Connection': 'keep-alive'} 
 body=None 
 </msg>
<msg time="2024-04-29T08:19:00.947837" level="INFO">GET Response : url=https://randomuser.me/api 
 status=200, reason=OK 
 headers={'Date': 'Mon, 29 Apr 2024 08:19:00 GMT', 'Content-Type': 'application/json; charset=utf-8', 'Transfer-Encoding': 'chunked', 'Connection': 'keep-alive', 'X-Powered-By': 'Express', 'Access-Control-Allow-Origin': '*', 'Cache-Control': 'no-cache', 'ETag': 'W/"49e-Mu0kpJFyUwsR/RMZKFhfhXFwkRY"', 'Vary': 'Accept-Encoding', 'Content-Encoding': 'gzip', 'CF-Cache-Status': 'DYNAMIC', 'Report-To': '{"endpoints":[{"url":"https:\\/\\/a.nel.cloudflare.com\\/report\\/v4?s=I3r%2BaX2okrmgj60CHOTl6jqVejdyuRF3rTLLbKhwzejtxs7m%2BXQvvS8cnpSt7DeGUMtFtn6HlTTyeQn6ECNk2nfxWx8zIM6HX0U7E%2BAxapmfd04Sr%2FB%2BWqoIWdF773Yf"}],"group":"cf-nel","max_age":604800}', 'NEL': '{"success_fraction":0,"report_to":"cf-nel","max_age":604800}', 'Server': 'cloudflare', 'CF-RAY': '87bddd5a5db08015-IAD', 'alt-svc': 'h3=":443"; ma=86400'} 
 body={"results":[{"gender":"female","name":{"title":"Mrs","first":"Donna","last":"Parfenyuk"},"location":{"street":{"number":5481,"name":"Petra Svinarenka"},"city":"Dokuchaievsk","state":"Donecka","country":"Ukraine","postcode":52284,"coordinates":{"latitude":"75.2237","longitude":"146.1093"},"timezone":{"offset":"-4:00","description":"Atlantic Time (Canada), Caracas, La Paz"}},"email":"donna.parfenyuk@example.com","login":{"uuid":"3a548c43-7f99-4256-8dfc-8feaabf30a45","username":"silverleopard949","password":"written","salt":"8KMkuAs2","md5":"b0c19c68137cc30f8f689fe5a5fbbb27","sha1":"c6ec2b2b2558f722387e6f2d495e17fdc777aeea","sha256":"6e14a4fd5558dd0a5f78d2827bc37f510de312376db79eda1f10fb3bd76193be"},"dob":{"date":"1995-01-03T13:30:35.355Z","age":29},"registered":{"date":"2015-08-19T11:42:03.409Z","age":8},"phone":"(097) Y20-6234","cell":"(099) G46-4833","id":{"name":"","value":null},"picture":{"large":"https://randomuser.me/api/portraits/women/65.jpg","medium":"https://randomuser.me/api/portraits/med/women/65.jpg","thumbnail":"https://randomuser.me/api/portraits/thumb/women/65.jpg"},"nat":"UA"}],"info":{"seed":"b3d2e1e7cc918fe6","results":1,"page":1,"version":"1.4"}} 
 </msg>
<msg time="2024-04-29T08:19:00.947922" level="INFO">/opt/hostedtoolcache/Python/3.12.3/x64/lib/python3.12/site-packages/urllib3/connectionpool.py:1103: InsecureRequestWarning: Unverified HTTPS request is being made to host 'randomuser.me'. Adding certificate verification is strongly advised. See: https://urllib3.readthedocs.io/en/latest/advanced-usage.html#tls-warnings
  warnings.warn(</msg>
<msg time="2024-04-29T08:19:00.948049" level="INFO">${response} = &lt;Response [200]&gt;</msg>
<var>${response}</var>
<arg>consultarAPI</arg>
<arg>/api</arg>
<doc>Sends a GET request on a previously created HTTP Session.</doc>
<status status="PASS" start="2024-04-29T08:19:00.856863" elapsed="0.091221"/>
</kw>
<kw name="Set Variable" owner="BuiltIn">
<msg time="2024-04-29T08:19:00.949134" level="INFO">${json_data} = {'results': [{'gender': 'female', 'name': {'title': 'Mrs', 'first': 'Donna', 'last': 'Parfenyuk'}, 'location': {'street': {'number': 5481, 'name': 'Petra Svinarenka'}, 'city': 'Dokuchaievsk', 'state':...</msg>
<var>${json_data}</var>
<arg>${response.json()}</arg>
<doc>Returns the given values which can then be assigned to a variables.</doc>
<status status="PASS" start="2024-04-29T08:19:00.948623" elapsed="0.000539"/>
</kw>
<kw name="Set Variable" owner="BuiltIn">
<msg time="2024-04-29T08:19:00.949858" level="INFO">${name_title} = Mrs</msg>
<var>${name_title}</var>
<arg>${json_data["results"][0]["name"]["title"]}</arg>
<doc>Returns the given values which can then be assigned to a variables.</doc>
<status status="PASS" start="2024-04-29T08:19:00.949461" elapsed="0.000422"/>
</kw>
<kw name="Create List" owner="BuiltIn">
<msg time="2024-04-29T08:19:00.950323" level="INFO">${allowed_titles} = ['Mr', 'Ms', 'Miss', 'Mrs', 'Madame', 'Monsieur']</msg>
<var>${allowed_titles}</var>
<arg>Mr</arg>
<arg>Ms</arg>
<arg>Miss</arg>
<arg>Mrs</arg>
<arg>Madame</arg>
<arg>Monsieur</arg>
<doc>Returns a list containing given items.</doc>
<status status="PASS" start="2024-04-29T08:19:00.950176" elapsed="0.000170"/>
</kw>
<kw name="List Should Contain Value" owner="Collections">
<msg time="2024-04-29T08:19:00.950816" level="INFO">False</msg>
<arg>${allowed_titles}</arg>
<arg>${name_title}</arg>
<doc>Fails if the ``value`` is not found from ``list``.</doc>
<status status="PASS" start="2024-04-29T08:19:00.950643" elapsed="0.000208"/>
</kw>
<kw name="Set Variable" owner="BuiltIn">
<msg time="2024-04-29T08:19:00.951557" level="INFO">${name_country} = UA</msg>
<var>${name_country}</var>
<arg>${json_data["results"][0]["nat"]}</arg>
<doc>Returns the given values which can then be assigned to a variables.</doc>
<status status="PASS" start="2024-04-29T08:19:00.951131" elapsed="0.000452"/>
</kw>
<kw name="Create List" owner="BuiltIn">
<msg time="2024-04-29T08:19:00.952468" level="INFO">${list_country} = ['AD', 'AE', 'AF', 'AG', 'AI', 'AL', 'AM', 'AO', 'AQ', 'AR', 'AS', 'AT', 'AU', 'AW', 'AX', 'AZ', 'BA', 'BB', 'BD', 'BE', 'BF', 'BG', 'BH', 'BI', 'BJ', 'BL', 'BM', 'BN', 'BO', 'BQ', 'BR', 'BS', 'BT', '...</msg>
<var>${list_country}</var>
<arg>AD</arg>
<arg>AE</arg>
<arg>AF</arg>
<arg>AG</arg>
<arg>AI</arg>
<arg>AL</arg>
<arg>AM</arg>
<arg>AO</arg>
<arg>AQ</arg>
<arg>AR</arg>
<arg>AS</arg>
<arg>AT</arg>
<arg>AU</arg>
<arg>AW</arg>
<arg>AX</arg>
<arg>AZ</arg>
<arg>BA</arg>
<arg>BB</arg>
<arg>BD</arg>
<arg>BE</arg>
<arg>BF</arg>
<arg>BG</arg>
<arg>BH</arg>
<arg>BI</arg>
<arg>BJ</arg>
<arg>BL</arg>
<arg>BM</arg>
<arg>BN</arg>
<arg>BO</arg>
<arg>BQ</arg>
<arg>BR</arg>
<arg>BS</arg>
<arg>BT</arg>
<arg>BV</arg>
<arg>BW</arg>
<arg>BY</arg>
<arg>BZ</arg>
<arg>CA</arg>
<arg>CC</arg>
<arg>CD</arg>
<arg>CF</arg>
<arg>CG</arg>
<arg>CH</arg>
<arg>CI</arg>
<arg>CK</arg>
<arg>CL</arg>
<arg>CM</arg>
<arg>CN</arg>
<arg>CO</arg>
<arg>CR</arg>
<arg>CU</arg>
<arg>CV</arg>
<arg>CW</arg>
<arg>CX</arg>
<arg>CY</arg>
<arg>CZ</arg>
<arg>DE</arg>
<arg>DJ</arg>
<arg>DK</arg>
<arg>DM</arg>
<arg>DO</arg>
<arg>DZ</arg>
<arg>EC</arg>
<arg>EE</arg>
<arg>EG</arg>
<arg>EH</arg>
<arg>ER</arg>
<arg>ES</arg>
<arg>ET</arg>
<arg>FI</arg>
<arg>FJ</arg>
<arg>FK</arg>
<arg>FM</arg>
<arg>FO</arg>
<arg>FR</arg>
<arg>GA</arg>
<arg>GB</arg>
<arg>GD</arg>
<arg>GE</arg>
<arg>GF</arg>
<arg>GG</arg>
<arg>GH</arg>
<arg>GI</arg>
<arg>GL</arg>
<arg>GM</arg>
<arg>GN</arg>
<arg>GP</arg>
<arg>GQ</arg>
<arg>GR</arg>
<arg>GS</arg>
<arg>GT</arg>
<arg>GU</arg>
<arg>GW</arg>
<arg>GY</arg>
<arg>HK</arg>
<arg>HM</arg>
<arg>HN</arg>
<arg>HR</arg>
<arg>HT</arg>
<arg>HU</arg>
<arg>ID</arg>
<arg>IE</arg>
<arg>IL</arg>
<arg>IM</arg>
<arg>IN</arg>
<arg>IO</arg>
<arg>IQ</arg>
<arg>IR</arg>
<arg>IS</arg>
<arg>IT</arg>
<arg>JE</arg>
<arg>JM</arg>
<arg>JO</arg>
<arg>JP</arg>
<arg>KE</arg>
<arg>KG</arg>
<arg>KH</arg>
<arg>KI</arg>
<arg>KM</arg>
<arg>KN</arg>
<arg>KP</arg>
<arg>KR</arg>
<arg>KW</arg>
<arg>KY</arg>
<arg>KZ</arg>
<arg>LA</arg>
<arg>LB</arg>
<arg>LC</arg>
<arg>LI</arg>
<arg>LK</arg>
<arg>LR</arg>
<arg>LS</arg>
<arg>LT</arg>
<arg>LU</arg>
<arg>LV</arg>
<arg>LY</arg>
<arg>MA</arg>
<arg>MC</arg>
<arg>MD</arg>
<arg>ME</arg>
<arg>MF</arg>
<arg>MG</arg>
<arg>MH</arg>
<arg>MK</arg>
<arg>ML</arg>
<arg>MM</arg>
<arg>MN</arg>
<arg>MO</arg>
<arg>MP</arg>
<arg>MQ</arg>
<arg>MR</arg>
<arg>MS</arg>
<arg>MT</arg>
<arg>MU</arg>
<arg>MV</arg>
<arg>MW</arg>
<arg>MX</arg>
<arg>MY</arg>
<arg>MZ</arg>
<arg>NA</arg>
<arg>NC</arg>
<arg>NE</arg>
<arg>NF</arg>
<arg>NG</arg>
<arg>NI</arg>
<arg>NL</arg>
<arg>NO</arg>
<arg>NP</arg>
<arg>NR</arg>
<arg>NU</arg>
<arg>NZ</arg>
<arg>OM</arg>
<arg>PA</arg>
<arg>PE</arg>
<arg>PF</arg>
<arg>PG</arg>
<arg>PH</arg>
<arg>PK</arg>
<arg>PL</arg>
<arg>PM</arg>
<arg>PN</arg>
<arg>PR</arg>
<arg>PS</arg>
<arg>PT</arg>
<arg>PW</arg>
<arg>PY</arg>
<arg>QA</arg>
<arg>RE</arg>
<arg>RO</arg>
<arg>RS</arg>
<arg>RU</arg>
<arg>RW</arg>
<arg>SA</arg>
<arg>SB</arg>
<arg>SC</arg>
<arg>SD</arg>
<arg>SE</arg>
<arg>SG</arg>
<arg>SH</arg>
<arg>SI</arg>
<arg>SJ</arg>
<arg>SK</arg>
<arg>SL</arg>
<arg>SM</arg>
<arg>SN</arg>
<arg>SO</arg>
<arg>SR</arg>
<arg>SS</arg>
<arg>ST</arg>
<arg>SV</arg>
<arg>SX</arg>
<arg>SY</arg>
<arg>SZ</arg>
<arg>TC</arg>
<arg>TD</arg>
<arg>TF</arg>
<arg>TG</arg>
<arg>TH</arg>
<arg>TJ</arg>
<arg>TK</arg>
<arg>TL</arg>
<arg>TM</arg>
<arg>TN</arg>
<arg>TO</arg>
<arg>TR</arg>
<arg>TT</arg>
<arg>TV</arg>
<arg>TW</arg>
<arg>TZ</arg>
<arg>UA</arg>
<arg>UG</arg>
<arg>UM</arg>
<arg>US</arg>
<arg>UY</arg>
<arg>UZ</arg>
<arg>VA</arg>
<arg>VC</arg>
<arg>VE</arg>
<arg>VG</arg>
<arg>VI</arg>
<arg>VN</arg>
<arg>VU</arg>
<arg>WF</arg>
<arg>WS</arg>
<arg>XK</arg>
<arg>YE</arg>
<arg>YT</arg>
<arg>ZA</arg>
<arg>ZM</arg>
<arg>ZW</arg>
<doc>Returns a list containing given items.</doc>
<status status="PASS" start="2024-04-29T08:19:00.951884" elapsed="0.000608"/>
</kw>
<kw name="List Should Contain Value" owner="Collections">
<msg time="2024-04-29T08:19:00.953484" level="INFO">False</msg>
<arg>${list_country}</arg>
<arg>${name_country}</arg>
<doc>Fails if the ``value`` is not found from ``list``.</doc>
<status status="PASS" start="2024-04-29T08:19:00.953285" elapsed="0.000236"/>
</kw>
<kw name="Run Keyword If" owner="BuiltIn">
<kw name="Should Be True" owner="BuiltIn">
<arg>${True}</arg>
<doc>Fails if the given condition is not true.</doc>
<status status="PASS" start="2024-04-29T08:19:00.954582" elapsed="0.000140"/>
</kw>
<arg>${json_data["results"][0]["location"]["coordinates"]["latitude"]} &gt;= -90 and ${json_data["results"][0]["location"]["coordinates"]["latitude"]} &lt;= 90</arg>
<arg>Should Be True</arg>
<arg>${True}</arg>
<doc>Runs the given keyword with the given arguments, if ``condition`` is true.</doc>
<status status="PASS" start="2024-04-29T08:19:00.953828" elapsed="0.001018"/>
</kw>
<kw name="Run Keyword If" owner="BuiltIn">
<kw name="Should Be True" owner="BuiltIn">
<arg>${True}</arg>
<doc>Fails if the given condition is not true.</doc>
<status status="PASS" start="2024-04-29T08:19:00.955765" elapsed="0.000258"/>
</kw>
<arg>${json_data["results"][0]["location"]["coordinates"]["longitude"]} &gt;= -180 and ${json_data["results"][0]["location"]["coordinates"]["longitude"]} &lt;= 180</arg>
<arg>Should Be True</arg>
<arg>${True}</arg>
<doc>Runs the given keyword with the given arguments, if ``condition`` is true.</doc>
<status status="PASS" start="2024-04-29T08:19:00.955027" elapsed="0.001121"/>
</kw>
<status status="PASS" start="2024-04-29T08:19:00.856481" elapsed="0.099797"/>
</kw>
<doc>Testa o conteúdo específico dos campos retornados pela API.</doc>
<tag>testeConteudo</tag>
<status status="PASS" start="2024-04-29T08:19:00.855825" elapsed="0.100603"/>
</test>
<status status="PASS" start="2024-04-29T08:19:00.044527" elapsed="0.913908"/>
</suite>
<status status="PASS" start="2024-04-29T08:19:00.030830" elapsed="0.932950"/>
</suite>
<statistics>
<total>
<stat pass="5" fail="0" skip="0">All Tests</stat>
</total>
<tag>
<stat pass="1" fail="0" skip="0">testeConteudo</stat>
<stat pass="1" fail="0" skip="0">testeEstruturaResposta</stat>
<stat pass="1" fail="0" skip="0">testeRequisicaoBasica</stat>
<stat pass="1" fail="0" skip="0">testeTiposDados</stat>
</tag>
<suite>
<stat pass="5" fail="0" skip="0" id="s1" name="Tests">Tests</stat>
<stat pass="5" fail="0" skip="0" id="s1-s1" name="Random-User-Test">Tests.Random-User-Test</stat>
</suite>
</statistics>
<errors>
</errors>
</robot>
