<?xml version="1.0" encoding="UTF-8"?>
<robot generator="Robot 7.0 (Python 3.12.2 on linux)" generated="2024-04-05T12:24:01.036946" rpa="false" schemaversion="5">
<suite id="s1" name="Tests" source="/home/runner/work/DesafioQAItauRogerioJordao/DesafioQAItauRogerioJordao/RamdonUser/tests">
<suite id="s1-s1" name="Random-User-Test" source="/home/runner/work/DesafioQAItauRogerioJordao/DesafioQAItauRogerioJordao/RamdonUser/tests/random-user-test.robot">
<test id="s1-s1-t1" name="Conectar" line="13">
<kw name="Conectar API" owner="random-user-service">
<kw name="Create Session" owner="RequestsLibrary">
<msg time="2024-04-05T12:24:01.467093" level="INFO">Creating Session using : alias=consultarAPI, url=https://randomuser.me/, headers={},                     cookies={}, auth=None, timeout=None, proxies=None, verify=False,                     debug=0 </msg>
<arg>consultarAPI</arg>
<arg>${URL}</arg>
<doc>Create Session: create a HTTP session to a server</doc>
<status status="PASS" start="2024-04-05T12:24:01.466879" elapsed="0.000397"/>
</kw>
<status status="PASS" start="2024-04-05T12:24:01.465777" elapsed="0.001868"/>
</kw>
<status status="PASS" start="2024-04-05T12:24:01.465050" elapsed="0.002805"/>
</test>
<test id="s1-s1-t2" name="Validar retorno 200 e JSON Válido" line="16">
<kw name="Teste de Requisicao Basica" owner="random-user-service">
<kw name="GET On Session" owner="RequestsLibrary">
<msg time="2024-04-05T12:24:02.508248" level="INFO">GET Request : url=https://randomuser.me/api 
 path_url=/api 
 headers={'User-Agent': 'python-requests/2.31.0', 'Accept-Encoding': 'gzip, deflate', 'Accept': '*/*', 'Connection': 'keep-alive'} 
 body=None 
 </msg>
<msg time="2024-04-05T12:24:02.508408" level="INFO">GET Response : url=https://randomuser.me/api 
 status=200, reason=OK 
 headers={'Date': 'Fri, 05 Apr 2024 12:24:02 GMT', 'Content-Type': 'application/json; charset=utf-8', 'Transfer-Encoding': 'chunked', 'Connection': 'keep-alive', 'X-Powered-By': 'Express', 'Access-Control-Allow-Origin': '*', 'Cache-Control': 'no-cache', 'ETag': 'W/"49d-KvrDLQZ2dts0JCuAlQ0F7itXbBw"', 'Vary': 'Accept-Encoding', 'Content-Encoding': 'gzip', 'CF-Cache-Status': 'DYNAMIC', 'Report-To': '{"endpoints":[{"url":"https:\\/\\/a.nel.cloudflare.com\\/report\\/v4?s=QmKxV3lgU0zTw6%2Bt3mXkK3TwE9A41aSIEjhC0sa%2Byd2MRQ6UOaBW452OMo0HgVRxzG4iLG9s34yqV4kfd8n4otPMHw3Aa%2B7yjfq%2FXiEfpBUmmLRizpRSijy1yrUArXaY"}],"group":"cf-nel","max_age":604800}', 'NEL': '{"success_fraction":0,"report_to":"cf-nel","max_age":604800}', 'Server': 'cloudflare', 'CF-RAY': '86f9834269152256-ORD', 'alt-svc': 'h3=":443"; ma=86400'} 
 body={"results":[{"gender":"male","name":{"title":"Mr","first":"Xavier","last":"Caldeira"},"location":{"street":{"number":8527,"name":"Rua Dom Pedro Ii "},"city":"Juiz de Fora","state":"Ceará","country":"Brazil","postcode":96268,"coordinates":{"latitude":"-73.1241","longitude":"-8.2299"},"timezone":{"offset":"+1:00","description":"Brussels, Copenhagen, Madrid, Paris"}},"email":"xavier.caldeira@example.com","login":{"uuid":"f17d473f-463f-4a43-8889-cf7715551511","username":"lazymeercat813","password":"laptop","salt":"pyo0QqpF","md5":"e805efb13bf261e81ce5d4fef31efe94","sha1":"f6a9ab1c5b97bb8fe0a238011f802d03940700ea","sha256":"ef500d30150d70f03e58f3c46b99f98764c608d0dcdbcf827f0ade0224f1da3b"},"dob":{"date":"1999-10-20T07:22:56.241Z","age":24},"registered":{"date":"2011-07-09T23:41:19.114Z","age":12},"phone":"(03) 3313-1076","cell":"(95) 1482-2036","id":{"name":"CPF","value":"193.806.989-93"},"picture":{"large":"https://randomuser.me/api/portraits/men/44.jpg","medium":"https://randomuser.me/api/portraits/med/men/44.jpg","thumbnail":"https://randomuser.me/api/portraits/thumb/men/44.jpg"},"nat":"BR"}],"info":{"seed":"a200e611e051efb5","results":1,"page":1,"version":"1.4"}} 
 </msg>
<msg time="2024-04-05T12:24:02.508517" level="INFO">/opt/hostedtoolcache/Python/3.12.2/x64/lib/python3.12/site-packages/urllib3/connectionpool.py:1103: InsecureRequestWarning: Unverified HTTPS request is being made to host 'randomuser.me'. Adding certificate verification is strongly advised. See: https://urllib3.readthedocs.io/en/latest/advanced-usage.html#tls-warnings
  warnings.warn(</msg>
<msg time="2024-04-05T12:24:02.508681" level="INFO">${response} = &lt;Response [200]&gt;</msg>
<var>${response}</var>
<arg>consultarAPI</arg>
<arg>/api</arg>
<doc>Sends a GET request on a previously created HTTP Session.</doc>
<status status="PASS" start="2024-04-05T12:24:01.470403" elapsed="1.038324"/>
</kw>
<kw name="Should Be Equal As Numbers" owner="BuiltIn">
<msg time="2024-04-05T12:24:02.509750" level="INFO">Argument types are:
&lt;class 'int'&gt;
&lt;class 'str'&gt;</msg>
<arg>${response.status_code}</arg>
<arg>200</arg>
<doc>Fails if objects are unequal after converting them to real numbers.</doc>
<status status="PASS" start="2024-04-05T12:24:02.509288" elapsed="0.000526"/>
</kw>
<kw name="Log" owner="BuiltIn">
<msg time="2024-04-05T12:24:02.510517" level="INFO">200</msg>
<arg>${response.status_code}</arg>
<doc>Logs the given message with the given level.</doc>
<status status="PASS" start="2024-04-05T12:24:02.510138" elapsed="0.000422"/>
</kw>
<kw name="Set Variable" owner="BuiltIn">
<msg time="2024-04-05T12:24:02.511330" level="INFO">${json_data} = {'results': [{'gender': 'male', 'name': {'title': 'Mr', 'first': 'Xavier', 'last': 'Caldeira'}, 'location': {'street': {'number': 8527, 'name': 'Rua Dom Pedro Ii '}, 'city': 'Juiz de Fora', 'state': '...</msg>
<var>${json_data}</var>
<arg>${response.json()}</arg>
<doc>Returns the given values which can then be assigned to a variables.</doc>
<status status="PASS" start="2024-04-05T12:24:02.510865" elapsed="0.000493"/>
</kw>
<kw name="Dictionary Should Contain Key" owner="Collections">
<msg time="2024-04-05T12:24:02.511830" level="INFO">False</msg>
<arg>${json_data}</arg>
<arg>results</arg>
<doc>Fails if ``key`` is not found from ``dictionary``.</doc>
<status status="PASS" start="2024-04-05T12:24:02.511660" elapsed="0.000209"/>
</kw>
<status status="PASS" start="2024-04-05T12:24:01.470150" elapsed="1.041989"/>
</kw>
<doc>Testa se a API responde corretamente e retorna um objeto JSON válido.</doc>
<tag>testeRequisicaoBasica</tag>
<status status="PASS" start="2024-04-05T12:24:01.469694" elapsed="1.042633"/>
</test>
<test id="s1-s1-t3" name="Validar estrutura de resposta" line="22">
<kw name="Teste de Estrutura de Resposta" owner="random-user-service">
<kw name="GET On Session" owner="RequestsLibrary">
<msg time="2024-04-05T12:24:02.771851" level="INFO">GET Request : url=https://randomuser.me/api 
 path_url=/api 
 headers={'User-Agent': 'python-requests/2.31.0', 'Accept-Encoding': 'gzip, deflate', 'Accept': '*/*', 'Connection': 'keep-alive'} 
 body=None 
 </msg>
<msg time="2024-04-05T12:24:02.771954" level="INFO">GET Response : url=https://randomuser.me/api 
 status=200, reason=OK 
 headers={'Date': 'Fri, 05 Apr 2024 12:24:02 GMT', 'Content-Type': 'application/json; charset=utf-8', 'Transfer-Encoding': 'chunked', 'Connection': 'keep-alive', 'X-Powered-By': 'Express', 'Access-Control-Allow-Origin': '*', 'Cache-Control': 'no-cache', 'ETag': 'W/"46a-TNb3/NmUO378VyNd0qPpmv71JMU"', 'Vary': 'Accept-Encoding', 'Content-Encoding': 'gzip', 'CF-Cache-Status': 'DYNAMIC', 'Report-To': '{"endpoints":[{"url":"https:\\/\\/a.nel.cloudflare.com\\/report\\/v4?s=In%2F%2BHTM9duvwul7c6%2Bm0PEUBjqwOj5SdwtrnipMngHrdpOlU%2ByXXP1hm1YvJ29jTq7yD6USutA63DURHY5IXy%2BjlhIIy%2FwLYXsSHWa6%2BIIj%2Fklk0Iv14k10THSJUyKyq"}],"group":"cf-nel","max_age":604800}', 'NEL': '{"success_fraction":0,"report_to":"cf-nel","max_age":604800}', 'Server': 'cloudflare', 'CF-RAY': '86f98347becd2256-ORD', 'alt-svc': 'h3=":443"; ma=86400'} 
 body={"results":[{"gender":"male","name":{"title":"Mr","first":"Özkan","last":"Arslanoğlu"},"location":{"street":{"number":5089,"name":"Mevlana Cd"},"city":"Kocaeli","state":"Malatya","country":"Turkey","postcode":56418,"coordinates":{"latitude":"66.0909","longitude":"-12.2493"},"timezone":{"offset":"-9:00","description":"Alaska"}},"email":"ozkan.arslanoglu@example.com","login":{"uuid":"e118e888-a987-474b-9555-71c4bf1316fb","username":"goldengoose527","password":"frogger","salt":"PKGEDsSY","md5":"47643f8f5ddd3c766557ae9bc63f664f","sha1":"c88177111e2f777a6a6cab09db72a8676e93844e","sha256":"01f1d46364b943515eb6ad4d6dec2053bbb1ec80d93908acb3ae5cb13729b458"},"dob":{"date":"1950-01-21T22:24:11.663Z","age":74},"registered":{"date":"2018-07-03T12:13:33.336Z","age":5},"phone":"(790)-113-9747","cell":"(537)-630-3866","id":{"name":"","value":null},"picture":{"large":"https://randomuser.me/api/portraits/men/28.jpg","medium":"https://randomuser.me/api/portraits/med/men/28.jpg","thumbnail":"https://randomuser.me/api/portraits/thumb/men/28.jpg"},"nat":"TR"}],"info":{"seed":"2719eafd790a8493","results":1,"page":1,"version":"1.4"}} 
 </msg>
<msg time="2024-04-05T12:24:02.772105" level="INFO">/opt/hostedtoolcache/Python/3.12.2/x64/lib/python3.12/site-packages/urllib3/connectionpool.py:1103: InsecureRequestWarning: Unverified HTTPS request is being made to host 'randomuser.me'. Adding certificate verification is strongly advised. See: https://urllib3.readthedocs.io/en/latest/advanced-usage.html#tls-warnings
  warnings.warn(</msg>
<msg time="2024-04-05T12:24:02.772253" level="INFO">${response} = &lt;Response [200]&gt;</msg>
<var>${response}</var>
<arg>consultarAPI</arg>
<arg>/api</arg>
<doc>Sends a GET request on a previously created HTTP Session.</doc>
<status status="PASS" start="2024-04-05T12:24:02.515006" elapsed="0.257291"/>
</kw>
<kw name="Set Variable" owner="BuiltIn">
<msg time="2024-04-05T12:24:02.773346" level="INFO">${json_data} = {'results': [{'gender': 'male', 'name': {'title': 'Mr', 'first': 'Özkan', 'last': 'Arslanoğlu'}, 'location': {'street': {'number': 5089, 'name': 'Mevlana Cd'}, 'city': 'Kocaeli', 'state': 'Malatya', '...</msg>
<var>${json_data}</var>
<arg>${response.json()}</arg>
<doc>Returns the given values which can then be assigned to a variables.</doc>
<status status="PASS" start="2024-04-05T12:24:02.772802" elapsed="0.000585"/>
</kw>
<kw name="Log" owner="BuiltIn">
<msg time="2024-04-05T12:24:02.773868" level="INFO">{'results': [{'gender': 'male', 'name': {'title': 'Mr', 'first': 'Özkan', 'last': 'Arslanoğlu'}, 'location': {'street': {'number': 5089, 'name': 'Mevlana Cd'}, 'city': 'Kocaeli', 'state': 'Malatya', 'country': 'Turkey', 'postcode': 56418, 'coordinates': {'latitude': '66.0909', 'longitude': '-12.2493'}, 'timezone': {'offset': '-9:00', 'description': 'Alaska'}}, 'email': 'ozkan.arslanoglu@example.com', 'login': {'uuid': 'e118e888-a987-474b-9555-71c4bf1316fb', 'username': 'goldengoose527', 'password': 'frogger', 'salt': 'PKGEDsSY', 'md5': '47643f8f5ddd3c766557ae9bc63f664f', 'sha1': 'c88177111e2f777a6a6cab09db72a8676e93844e', 'sha256': '01f1d46364b943515eb6ad4d6dec2053bbb1ec80d93908acb3ae5cb13729b458'}, 'dob': {'date': '1950-01-21T22:24:11.663Z', 'age': 74}, 'registered': {'date': '2018-07-03T12:13:33.336Z', 'age': 5}, 'phone': '(790)-113-9747', 'cell': '(537)-630-3866', 'id': {'name': '', 'value': None}, 'picture': {'large': 'https://randomuser.me/api/portraits/men/28.jpg', 'medium': 'https://randomuser.me/api/portraits/med/men/28.jpg', 'thumbnail': 'https://randomuser.me/api/portraits/thumb/men/28.jpg'}, 'nat': 'TR'}], 'info': {'seed': '2719eafd790a8493', 'results': 1, 'page': 1, 'version': '1.4'}}</msg>
<arg>${json_data}</arg>
<doc>Logs the given message with the given level.</doc>
<status status="PASS" start="2024-04-05T12:24:02.773704" elapsed="0.000214"/>
</kw>
<kw name="Dictionary Should Contain Key" owner="Collections">
<msg time="2024-04-05T12:24:02.774370" level="INFO">False</msg>
<arg>${json_data}</arg>
<arg>results</arg>
<doc>Fails if ``key`` is not found from ``dictionary``.</doc>
<status status="PASS" start="2024-04-05T12:24:02.774216" elapsed="0.000191"/>
</kw>
<kw name="Should Not Be Empty" owner="BuiltIn">
<msg time="2024-04-05T12:24:02.774876" level="INFO">Length is 2.</msg>
<arg>${json_data}</arg>
<doc>Verifies that the given item is not empty.</doc>
<status status="PASS" start="2024-04-05T12:24:02.774742" elapsed="0.000172"/>
</kw>
<kw name="Create List" owner="BuiltIn">
<msg time="2024-04-05T12:24:02.775366" level="INFO">${expected_keys} = ['gender', 'name', 'location', 'email', 'login']</msg>
<var>${expected_keys}</var>
<arg>gender</arg>
<arg>name</arg>
<arg>location</arg>
<arg>email</arg>
<arg>login</arg>
<doc>Returns a list containing given items.</doc>
<status status="PASS" start="2024-04-05T12:24:02.775208" elapsed="0.000182"/>
</kw>
<for flavor="IN">
<iter>
<kw name="Dictionary Should Contain Key" owner="Collections">
<msg time="2024-04-05T12:24:02.776379" level="INFO">False</msg>
<arg>${json_data['results'][0]}</arg>
<arg>${key}</arg>
<doc>Fails if ``key`` is not found from ``dictionary``.</doc>
<status status="PASS" start="2024-04-05T12:24:02.775964" elapsed="0.000455"/>
</kw>
<kw name="Log" owner="BuiltIn">
<msg time="2024-04-05T12:24:02.777093" level="INFO">{'gender': 'male', 'name': {'title': 'Mr', 'first': 'Özkan', 'last': 'Arslanoğlu'}, 'location': {'street': {'number': 5089, 'name': 'Mevlana Cd'}, 'city': 'Kocaeli', 'state': 'Malatya', 'country': 'Turkey', 'postcode': 56418, 'coordinates': {'latitude': '66.0909', 'longitude': '-12.2493'}, 'timezone': {'offset': '-9:00', 'description': 'Alaska'}}, 'email': 'ozkan.arslanoglu@example.com', 'login': {'uuid': 'e118e888-a987-474b-9555-71c4bf1316fb', 'username': 'goldengoose527', 'password': 'frogger', 'salt': 'PKGEDsSY', 'md5': '47643f8f5ddd3c766557ae9bc63f664f', 'sha1': 'c88177111e2f777a6a6cab09db72a8676e93844e', 'sha256': '01f1d46364b943515eb6ad4d6dec2053bbb1ec80d93908acb3ae5cb13729b458'}, 'dob': {'date': '1950-01-21T22:24:11.663Z', 'age': 74}, 'registered': {'date': '2018-07-03T12:13:33.336Z', 'age': 5}, 'phone': '(790)-113-9747', 'cell': '(537)-630-3866', 'id': {'name': '', 'value': None}, 'picture': {'large': 'https://randomuser.me/api/portraits/men/28.jpg', 'medium': 'https://randomuser.me/api/portraits/med/men/28.jpg', 'thumbnail': 'https://randomuser.me/api/portraits/thumb/men/28.jpg'}, 'nat': 'TR'}</msg>
<arg>${json_data['results'][0]}</arg>
<doc>Logs the given message with the given level.</doc>
<status status="PASS" start="2024-04-05T12:24:02.776724" elapsed="0.000425"/>
</kw>
<kw name="Log" owner="BuiltIn">
<msg time="2024-04-05T12:24:02.777583" level="INFO">gender</msg>
<arg>${key}</arg>
<doc>Logs the given message with the given level.</doc>
<status status="PASS" start="2024-04-05T12:24:02.777453" elapsed="0.000168"/>
</kw>
<var name="${key}">gender</var>
<status status="PASS" start="2024-04-05T12:24:02.775841" elapsed="0.001999"/>
</iter>
<iter>
<kw name="Dictionary Should Contain Key" owner="Collections">
<msg time="2024-04-05T12:24:02.778532" level="INFO">False</msg>
<arg>${json_data['results'][0]}</arg>
<arg>${key}</arg>
<doc>Fails if ``key`` is not found from ``dictionary``.</doc>
<status status="PASS" start="2024-04-05T12:24:02.778139" elapsed="0.000431"/>
</kw>
<kw name="Log" owner="BuiltIn">
<msg time="2024-04-05T12:24:02.779272" level="INFO">{'gender': 'male', 'name': {'title': 'Mr', 'first': 'Özkan', 'last': 'Arslanoğlu'}, 'location': {'street': {'number': 5089, 'name': 'Mevlana Cd'}, 'city': 'Kocaeli', 'state': 'Malatya', 'country': 'Turkey', 'postcode': 56418, 'coordinates': {'latitude': '66.0909', 'longitude': '-12.2493'}, 'timezone': {'offset': '-9:00', 'description': 'Alaska'}}, 'email': 'ozkan.arslanoglu@example.com', 'login': {'uuid': 'e118e888-a987-474b-9555-71c4bf1316fb', 'username': 'goldengoose527', 'password': 'frogger', 'salt': 'PKGEDsSY', 'md5': '47643f8f5ddd3c766557ae9bc63f664f', 'sha1': 'c88177111e2f777a6a6cab09db72a8676e93844e', 'sha256': '01f1d46364b943515eb6ad4d6dec2053bbb1ec80d93908acb3ae5cb13729b458'}, 'dob': {'date': '1950-01-21T22:24:11.663Z', 'age': 74}, 'registered': {'date': '2018-07-03T12:13:33.336Z', 'age': 5}, 'phone': '(790)-113-9747', 'cell': '(537)-630-3866', 'id': {'name': '', 'value': None}, 'picture': {'large': 'https://randomuser.me/api/portraits/men/28.jpg', 'medium': 'https://randomuser.me/api/portraits/med/men/28.jpg', 'thumbnail': 'https://randomuser.me/api/portraits/thumb/men/28.jpg'}, 'nat': 'TR'}</msg>
<arg>${json_data['results'][0]}</arg>
<doc>Logs the given message with the given level.</doc>
<status status="PASS" start="2024-04-05T12:24:02.778909" elapsed="0.000414"/>
</kw>
<kw name="Log" owner="BuiltIn">
<msg time="2024-04-05T12:24:02.779751" level="INFO">name</msg>
<arg>${key}</arg>
<doc>Logs the given message with the given level.</doc>
<status status="PASS" start="2024-04-05T12:24:02.779623" elapsed="0.000165"/>
</kw>
<var name="${key}">name</var>
<status status="PASS" start="2024-04-05T12:24:02.778026" elapsed="0.001980"/>
</iter>
<iter>
<kw name="Dictionary Should Contain Key" owner="Collections">
<msg time="2024-04-05T12:24:02.780670" level="INFO">False</msg>
<arg>${json_data['results'][0]}</arg>
<arg>${key}</arg>
<doc>Fails if ``key`` is not found from ``dictionary``.</doc>
<status status="PASS" start="2024-04-05T12:24:02.780294" elapsed="0.000413"/>
</kw>
<kw name="Log" owner="BuiltIn">
<msg time="2024-04-05T12:24:02.781356" level="INFO">{'gender': 'male', 'name': {'title': 'Mr', 'first': 'Özkan', 'last': 'Arslanoğlu'}, 'location': {'street': {'number': 5089, 'name': 'Mevlana Cd'}, 'city': 'Kocaeli', 'state': 'Malatya', 'country': 'Turkey', 'postcode': 56418, 'coordinates': {'latitude': '66.0909', 'longitude': '-12.2493'}, 'timezone': {'offset': '-9:00', 'description': 'Alaska'}}, 'email': 'ozkan.arslanoglu@example.com', 'login': {'uuid': 'e118e888-a987-474b-9555-71c4bf1316fb', 'username': 'goldengoose527', 'password': 'frogger', 'salt': 'PKGEDsSY', 'md5': '47643f8f5ddd3c766557ae9bc63f664f', 'sha1': 'c88177111e2f777a6a6cab09db72a8676e93844e', 'sha256': '01f1d46364b943515eb6ad4d6dec2053bbb1ec80d93908acb3ae5cb13729b458'}, 'dob': {'date': '1950-01-21T22:24:11.663Z', 'age': 74}, 'registered': {'date': '2018-07-03T12:13:33.336Z', 'age': 5}, 'phone': '(790)-113-9747', 'cell': '(537)-630-3866', 'id': {'name': '', 'value': None}, 'picture': {'large': 'https://randomuser.me/api/portraits/men/28.jpg', 'medium': 'https://randomuser.me/api/portraits/med/men/28.jpg', 'thumbnail': 'https://randomuser.me/api/portraits/thumb/men/28.jpg'}, 'nat': 'TR'}</msg>
<arg>${json_data['results'][0]}</arg>
<doc>Logs the given message with the given level.</doc>
<status status="PASS" start="2024-04-05T12:24:02.781001" elapsed="0.000410"/>
</kw>
<kw name="Log" owner="BuiltIn">
<msg time="2024-04-05T12:24:02.781832" level="INFO">location</msg>
<arg>${key}</arg>
<doc>Logs the given message with the given level.</doc>
<status status="PASS" start="2024-04-05T12:24:02.781705" elapsed="0.000165"/>
</kw>
<var name="${key}">location</var>
<status status="PASS" start="2024-04-05T12:24:02.780184" elapsed="0.001900"/>
</iter>
<iter>
<kw name="Dictionary Should Contain Key" owner="Collections">
<msg time="2024-04-05T12:24:02.782764" level="INFO">False</msg>
<arg>${json_data['results'][0]}</arg>
<arg>${key}</arg>
<doc>Fails if ``key`` is not found from ``dictionary``.</doc>
<status status="PASS" start="2024-04-05T12:24:02.782366" elapsed="0.000436"/>
</kw>
<kw name="Log" owner="BuiltIn">
<msg time="2024-04-05T12:24:02.783455" level="INFO">{'gender': 'male', 'name': {'title': 'Mr', 'first': 'Özkan', 'last': 'Arslanoğlu'}, 'location': {'street': {'number': 5089, 'name': 'Mevlana Cd'}, 'city': 'Kocaeli', 'state': 'Malatya', 'country': 'Turkey', 'postcode': 56418, 'coordinates': {'latitude': '66.0909', 'longitude': '-12.2493'}, 'timezone': {'offset': '-9:00', 'description': 'Alaska'}}, 'email': 'ozkan.arslanoglu@example.com', 'login': {'uuid': 'e118e888-a987-474b-9555-71c4bf1316fb', 'username': 'goldengoose527', 'password': 'frogger', 'salt': 'PKGEDsSY', 'md5': '47643f8f5ddd3c766557ae9bc63f664f', 'sha1': 'c88177111e2f777a6a6cab09db72a8676e93844e', 'sha256': '01f1d46364b943515eb6ad4d6dec2053bbb1ec80d93908acb3ae5cb13729b458'}, 'dob': {'date': '1950-01-21T22:24:11.663Z', 'age': 74}, 'registered': {'date': '2018-07-03T12:13:33.336Z', 'age': 5}, 'phone': '(790)-113-9747', 'cell': '(537)-630-3866', 'id': {'name': '', 'value': None}, 'picture': {'large': 'https://randomuser.me/api/portraits/men/28.jpg', 'medium': 'https://randomuser.me/api/portraits/med/men/28.jpg', 'thumbnail': 'https://randomuser.me/api/portraits/thumb/men/28.jpg'}, 'nat': 'TR'}</msg>
<arg>${json_data['results'][0]}</arg>
<doc>Logs the given message with the given level.</doc>
<status status="PASS" start="2024-04-05T12:24:02.783094" elapsed="0.000411"/>
</kw>
<kw name="Log" owner="BuiltIn">
<msg time="2024-04-05T12:24:02.783925" level="INFO">email</msg>
<arg>${key}</arg>
<doc>Logs the given message with the given level.</doc>
<status status="PASS" start="2024-04-05T12:24:02.783799" elapsed="0.000164"/>
</kw>
<var name="${key}">email</var>
<status status="PASS" start="2024-04-05T12:24:02.782256" elapsed="0.001921"/>
</iter>
<iter>
<kw name="Dictionary Should Contain Key" owner="Collections">
<msg time="2024-04-05T12:24:02.784834" level="INFO">False</msg>
<arg>${json_data['results'][0]}</arg>
<arg>${key}</arg>
<doc>Fails if ``key`` is not found from ``dictionary``.</doc>
<status status="PASS" start="2024-04-05T12:24:02.784454" elapsed="0.000417"/>
</kw>
<kw name="Log" owner="BuiltIn">
<msg time="2024-04-05T12:24:02.785511" level="INFO">{'gender': 'male', 'name': {'title': 'Mr', 'first': 'Özkan', 'last': 'Arslanoğlu'}, 'location': {'street': {'number': 5089, 'name': 'Mevlana Cd'}, 'city': 'Kocaeli', 'state': 'Malatya', 'country': 'Turkey', 'postcode': 56418, 'coordinates': {'latitude': '66.0909', 'longitude': '-12.2493'}, 'timezone': {'offset': '-9:00', 'description': 'Alaska'}}, 'email': 'ozkan.arslanoglu@example.com', 'login': {'uuid': 'e118e888-a987-474b-9555-71c4bf1316fb', 'username': 'goldengoose527', 'password': 'frogger', 'salt': 'PKGEDsSY', 'md5': '47643f8f5ddd3c766557ae9bc63f664f', 'sha1': 'c88177111e2f777a6a6cab09db72a8676e93844e', 'sha256': '01f1d46364b943515eb6ad4d6dec2053bbb1ec80d93908acb3ae5cb13729b458'}, 'dob': {'date': '1950-01-21T22:24:11.663Z', 'age': 74}, 'registered': {'date': '2018-07-03T12:13:33.336Z', 'age': 5}, 'phone': '(790)-113-9747', 'cell': '(537)-630-3866', 'id': {'name': '', 'value': None}, 'picture': {'large': 'https://randomuser.me/api/portraits/men/28.jpg', 'medium': 'https://randomuser.me/api/portraits/med/men/28.jpg', 'thumbnail': 'https://randomuser.me/api/portraits/thumb/men/28.jpg'}, 'nat': 'TR'}</msg>
<arg>${json_data['results'][0]}</arg>
<doc>Logs the given message with the given level.</doc>
<status status="PASS" start="2024-04-05T12:24:02.785161" elapsed="0.000399"/>
</kw>
<kw name="Log" owner="BuiltIn">
<msg time="2024-04-05T12:24:02.785974" level="INFO">login</msg>
<arg>${key}</arg>
<doc>Logs the given message with the given level.</doc>
<status status="PASS" start="2024-04-05T12:24:02.785848" elapsed="0.000266"/>
</kw>
<var name="${key}">login</var>
<status status="PASS" start="2024-04-05T12:24:02.784347" elapsed="0.002010"/>
</iter>
<var>${key}</var>
<value>@{expected_keys}</value>
<status status="PASS" start="2024-04-05T12:24:02.775651" elapsed="0.010858"/>
</for>
<kw name="Create List" owner="BuiltIn">
<msg time="2024-04-05T12:24:02.786876" level="INFO">${expected_keysTwo} = ['username', 'password']</msg>
<var>${expected_keysTwo}</var>
<arg>username</arg>
<arg>password</arg>
<doc>Returns a list containing given items.</doc>
<status status="PASS" start="2024-04-05T12:24:02.786735" elapsed="0.000165"/>
</kw>
<for flavor="IN">
<iter>
<kw name="Dictionary Should Contain Key" owner="Collections">
<msg time="2024-04-05T12:24:02.787775" level="INFO">False</msg>
<arg>${json_data['results'][0]['login']}</arg>
<arg>${keyTwo}</arg>
<doc>Fails if ``key`` is not found from ``dictionary``.</doc>
<status status="PASS" start="2024-04-05T12:24:02.787399" elapsed="0.000412"/>
</kw>
<kw name="Dictionary Should Contain Key" owner="Collections">
<msg time="2024-04-05T12:24:02.788479" level="INFO">False</msg>
<arg>${json_data['results'][0]['login']}</arg>
<arg>${keyTwo}</arg>
<doc>Fails if ``key`` is not found from ``dictionary``.</doc>
<status status="PASS" start="2024-04-05T12:24:02.788107" elapsed="0.000409"/>
</kw>
<kw name="Log" owner="BuiltIn">
<msg time="2024-04-05T12:24:02.788943" level="INFO">username</msg>
<arg>${keyTwo}</arg>
<doc>Logs the given message with the given level.</doc>
<status status="PASS" start="2024-04-05T12:24:02.788809" elapsed="0.000171"/>
</kw>
<var name="${keyTwo}">username</var>
<status status="PASS" start="2024-04-05T12:24:02.787288" elapsed="0.001907"/>
</iter>
<iter>
<kw name="Dictionary Should Contain Key" owner="Collections">
<msg time="2024-04-05T12:24:02.789871" level="INFO">False</msg>
<arg>${json_data['results'][0]['login']}</arg>
<arg>${keyTwo}</arg>
<doc>Fails if ``key`` is not found from ``dictionary``.</doc>
<status status="PASS" start="2024-04-05T12:24:02.789475" elapsed="0.000433"/>
</kw>
<kw name="Dictionary Should Contain Key" owner="Collections">
<msg time="2024-04-05T12:24:02.790614" level="INFO">False</msg>
<arg>${json_data['results'][0]['login']}</arg>
<arg>${keyTwo}</arg>
<doc>Fails if ``key`` is not found from ``dictionary``.</doc>
<status status="PASS" start="2024-04-05T12:24:02.790199" elapsed="0.000451"/>
</kw>
<kw name="Log" owner="BuiltIn">
<msg time="2024-04-05T12:24:02.791068" level="INFO">password</msg>
<arg>${keyTwo}</arg>
<doc>Logs the given message with the given level.</doc>
<status status="PASS" start="2024-04-05T12:24:02.790941" elapsed="0.000165"/>
</kw>
<var name="${keyTwo}">password</var>
<status status="PASS" start="2024-04-05T12:24:02.789367" elapsed="0.001953"/>
</iter>
<var>${keyTwo}</var>
<value>@{expected_keysTwo}</value>
<status status="PASS" start="2024-04-05T12:24:02.787136" elapsed="0.004304"/>
</for>
<status status="PASS" start="2024-04-05T12:24:02.514769" elapsed="0.276814"/>
</kw>
<doc>Testa a estrutura da resposta da API.</doc>
<tag>testeEstruturaResposta</tag>
<status status="PASS" start="2024-04-05T12:24:02.514115" elapsed="0.277633"/>
</test>
<test id="s1-s1-t4" name="Validar tipos de dados" line="28">
<kw name="Teste de Tipos de Dados" owner="random-user-service">
<kw name="GET On Session" owner="RequestsLibrary">
<msg time="2024-04-05T12:24:02.938018" level="INFO">GET Request : url=https://randomuser.me/api 
 path_url=/api 
 headers={'User-Agent': 'python-requests/2.31.0', 'Accept-Encoding': 'gzip, deflate', 'Accept': '*/*', 'Connection': 'keep-alive'} 
 body=None 
 </msg>
<msg time="2024-04-05T12:24:02.938115" level="INFO">GET Response : url=https://randomuser.me/api 
 status=200, reason=OK 
 headers={'Date': 'Fri, 05 Apr 2024 12:24:02 GMT', 'Content-Type': 'application/json; charset=utf-8', 'Transfer-Encoding': 'chunked', 'Connection': 'keep-alive', 'X-Powered-By': 'Express', 'Access-Control-Allow-Origin': '*', 'Cache-Control': 'no-cache', 'ETag': 'W/"496-byuu0fx4mElycu+uYPiIiMI1Kms"', 'Vary': 'Accept-Encoding', 'Content-Encoding': 'gzip', 'CF-Cache-Status': 'DYNAMIC', 'Report-To': '{"endpoints":[{"url":"https:\\/\\/a.nel.cloudflare.com\\/report\\/v4?s=Itb90Gln8l5QF5%2BEexQ%2FwEX5p2Fk0ckvFvlmYpGyeXnHuUwBeFhUhsg4q1MI%2FY30lIukxybFADMoUatBmTKrW%2Fb2oQLidTKTBb%2FJRrY1OqxWJzhT0cfyczDuZxzeq8EI"}],"group":"cf-nel","max_age":604800}', 'NEL': '{"success_fraction":0,"report_to":"cf-nel","max_age":604800}', 'Server': 'cloudflare', 'CF-RAY': '86f98349787b2256-ORD', 'alt-svc': 'h3=":443"; ma=86400'} 
 body={"results":[{"gender":"male","name":{"title":"Mr","first":"Neo","last":"Knarvik"},"location":{"street":{"number":5833,"name":"Solskinnskroken"},"city":"Fotlandsvåg","state":"Finnmark - Finnmárku","country":"Norway","postcode":"8852","coordinates":{"latitude":"40.5148","longitude":"-152.0926"},"timezone":{"offset":"+9:00","description":"Tokyo, Seoul, Osaka, Sapporo, Yakutsk"}},"email":"neo.knarvik@example.com","login":{"uuid":"a6e9c341-d72b-4ddb-a7e8-82435deca599","username":"whitelion575","password":"jiggaman","salt":"YCjS12Qi","md5":"93bcb04540b6b0808d8ef51c5ac47596","sha1":"510aabca40f9433001647e780bd415f8eb9f68ef","sha256":"b1aef4f4e9f95e1d608f6392a88a1fffa5aca2c6d541a2abcefcd8cb5e75e7f0"},"dob":{"date":"1953-05-07T02:18:22.433Z","age":70},"registered":{"date":"2008-03-22T10:37:43.354Z","age":16},"phone":"58876356","cell":"91864005","id":{"name":"FN","value":"07055318195"},"picture":{"large":"https://randomuser.me/api/portraits/men/22.jpg","medium":"https://randomuser.me/api/portraits/med/men/22.jpg","thumbnail":"https://randomuser.me/api/portraits/thumb/men/22.jpg"},"nat":"NO"}],"info":{"seed":"b1c76be25b864952","results":1,"page":1,"version":"1.4"}} 
 </msg>
<msg time="2024-04-05T12:24:02.938181" level="INFO">/opt/hostedtoolcache/Python/3.12.2/x64/lib/python3.12/site-packages/urllib3/connectionpool.py:1103: InsecureRequestWarning: Unverified HTTPS request is being made to host 'randomuser.me'. Adding certificate verification is strongly advised. See: https://urllib3.readthedocs.io/en/latest/advanced-usage.html#tls-warnings
  warnings.warn(</msg>
<msg time="2024-04-05T12:24:02.938317" level="INFO">${response} = &lt;Response [200]&gt;</msg>
<var>${response}</var>
<arg>consultarAPI</arg>
<arg>/api</arg>
<doc>Sends a GET request on a previously created HTTP Session.</doc>
<status status="PASS" start="2024-04-05T12:24:02.794281" elapsed="0.144081"/>
</kw>
<kw name="Set Variable" owner="BuiltIn">
<msg time="2024-04-05T12:24:02.939419" level="INFO">${json_data} = {'results': [{'gender': 'male', 'name': {'title': 'Mr', 'first': 'Neo', 'last': 'Knarvik'}, 'location': {'street': {'number': 5833, 'name': 'Solskinnskroken'}, 'city': 'Fotlandsvåg', 'state': 'Finnmar...</msg>
<var>${json_data}</var>
<arg>${response.json()}</arg>
<doc>Returns the given values which can then be assigned to a variables.</doc>
<status status="PASS" start="2024-04-05T12:24:02.938897" elapsed="0.000551"/>
</kw>
<kw name="Log" owner="BuiltIn">
<msg time="2024-04-05T12:24:02.939920" level="INFO">{'results': [{'gender': 'male', 'name': {'title': 'Mr', 'first': 'Neo', 'last': 'Knarvik'}, 'location': {'street': {'number': 5833, 'name': 'Solskinnskroken'}, 'city': 'Fotlandsvåg', 'state': 'Finnmark - Finnmárku', 'country': 'Norway', 'postcode': '8852', 'coordinates': {'latitude': '40.5148', 'longitude': '-152.0926'}, 'timezone': {'offset': '+9:00', 'description': 'Tokyo, Seoul, Osaka, Sapporo, Yakutsk'}}, 'email': 'neo.knarvik@example.com', 'login': {'uuid': 'a6e9c341-d72b-4ddb-a7e8-82435deca599', 'username': 'whitelion575', 'password': 'jiggaman', 'salt': 'YCjS12Qi', 'md5': '93bcb04540b6b0808d8ef51c5ac47596', 'sha1': '510aabca40f9433001647e780bd415f8eb9f68ef', 'sha256': 'b1aef4f4e9f95e1d608f6392a88a1fffa5aca2c6d541a2abcefcd8cb5e75e7f0'}, 'dob': {'date': '1953-05-07T02:18:22.433Z', 'age': 70}, 'registered': {'date': '2008-03-22T10:37:43.354Z', 'age': 16}, 'phone': '58876356', 'cell': '91864005', 'id': {'name': 'FN', 'value': '07055318195'}, 'picture': {'large': 'https://randomuser.me/api/portraits/men/22.jpg', 'medium': 'https://randomuser.me/api/portraits/med/men/22.jpg', 'thumbnail': 'https://randomuser.me/api/portraits/thumb/men/22.jpg'}, 'nat': 'NO'}], 'info': {'seed': 'b1c76be25b864952', 'results': 1, 'page': 1, 'version': '1.4'}}</msg>
<arg>${json_data}</arg>
<doc>Logs the given message with the given level.</doc>
<status status="PASS" start="2024-04-05T12:24:02.939761" elapsed="0.000208"/>
</kw>
<kw name="Should Be String" owner="String">
<arg>${json_data['results'][0]['gender']}</arg>
<doc>Fails if the given ``item`` is not a string.</doc>
<status status="PASS" start="2024-04-05T12:24:02.940294" elapsed="0.000354"/>
</kw>
<kw name="Should Match Regexp" owner="BuiltIn">
<arg>${json_data['results'][0]['email']}</arg>
<arg>^[a-zA-Z0-9._%+-]+@[a-zA-Z0-9.-]+\.[a-zA-Z]{2,}$</arg>
<doc>Fails if ``string`` does not match ``pattern`` as a regular expression.</doc>
<status status="PASS" start="2024-04-05T12:24:02.940837" elapsed="0.000517"/>
</kw>
<kw name="Should Match Regexp" owner="BuiltIn">
<arg>${json_data['results'][0]['dob']['date']}</arg>
<arg>\\d{4}-\\d{2}-\\d{2}T\\d{2}:\\d{2}:\\d{2}\\.\\d{3}Z</arg>
<doc>Fails if ``string`` does not match ``pattern`` as a regular expression.</doc>
<status status="PASS" start="2024-04-05T12:24:02.941550" elapsed="0.000478"/>
</kw>
<kw name="Should Match Regexp" owner="BuiltIn">
<arg>${json_data['results'][0]['registered']['date']}</arg>
<arg>\\d{4}-\\d{2}-\\d{2}T\\d{2}:\\d{2}:\\d{2}\\.\\d{3}Z</arg>
<doc>Fails if ``string`` does not match ``pattern`` as a regular expression.</doc>
<status status="PASS" start="2024-04-05T12:24:02.942217" elapsed="0.000400"/>
</kw>
<kw name="Should Match Regexp" owner="BuiltIn">
<arg>${json_data['results'][0]['picture']['large']}</arg>
<arg>^https?://.*\.(?:png|jpe?g|gif|bmp)$</arg>
<doc>Fails if ``string`` does not match ``pattern`` as a regular expression.</doc>
<status status="PASS" start="2024-04-05T12:24:02.942804" elapsed="0.000459"/>
</kw>
<kw name="Should Match Regexp" owner="BuiltIn">
<arg>${json_data['results'][0]['picture']['medium']}</arg>
<arg>^https?://.*\.(?:png|jpe?g|gif|bmp)$</arg>
<doc>Fails if ``string`` does not match ``pattern`` as a regular expression.</doc>
<status status="PASS" start="2024-04-05T12:24:02.943450" elapsed="0.000355"/>
</kw>
<kw name="Should Match Regexp" owner="BuiltIn">
<arg>${json_data['results'][0]['picture']['thumbnail']}</arg>
<arg>^https?://.*\.(?:png|jpe?g|gif|bmp)$</arg>
<doc>Fails if ``string`` does not match ``pattern`` as a regular expression.</doc>
<status status="PASS" start="2024-04-05T12:24:02.943987" elapsed="0.000347"/>
</kw>
<kw name="Log" owner="BuiltIn">
<msg time="2024-04-05T12:24:02.944827" level="INFO">{'large': 'https://randomuser.me/api/portraits/men/22.jpg', 'medium': 'https://randomuser.me/api/portraits/med/men/22.jpg', 'thumbnail': 'https://randomuser.me/api/portraits/thumb/men/22.jpg'}</msg>
<arg>${json_data['results'][0]['picture']}</arg>
<doc>Logs the given message with the given level.</doc>
<status status="PASS" start="2024-04-05T12:24:02.944509" elapsed="0.000363"/>
</kw>
<status status="PASS" start="2024-04-05T12:24:02.794055" elapsed="0.151073"/>
</kw>
<kw name="Teste de Tipos de Dados - Postcode" owner="random-user-service">
<kw name="GET On Session" owner="RequestsLibrary">
<msg time="2024-04-05T12:24:02.996218" level="INFO">GET Request : url=https://randomuser.me/api 
 path_url=/api 
 headers={'User-Agent': 'python-requests/2.31.0', 'Accept-Encoding': 'gzip, deflate', 'Accept': '*/*', 'Connection': 'keep-alive'} 
 body=None 
 </msg>
<msg time="2024-04-05T12:24:02.996305" level="INFO">GET Response : url=https://randomuser.me/api 
 status=200, reason=OK 
 headers={'Date': 'Fri, 05 Apr 2024 12:24:02 GMT', 'Content-Type': 'application/json; charset=utf-8', 'Transfer-Encoding': 'chunked', 'Connection': 'keep-alive', 'X-Powered-By': 'Express', 'Access-Control-Allow-Origin': '*', 'Cache-Control': 'no-cache', 'ETag': 'W/"4b2-YXhBj4LWSlTK/XTwvdfcn0CMwSs"', 'Vary': 'Accept-Encoding', 'Content-Encoding': 'gzip', 'CF-Cache-Status': 'DYNAMIC', 'Report-To': '{"endpoints":[{"url":"https:\\/\\/a.nel.cloudflare.com\\/report\\/v4?s=blxoJfXnPvYQwGxOcIDEwy6ztln9JqXCHBUXSvJRsH%2B%2F9%2B1lYTxRUst33HMhQgcB8ydH1v0gM%2FU2MTAG5RlMBY6EkGwDjRXngrQTtBuW%2Bj3UvudVm0qAUheF5XdyF4nR"}],"group":"cf-nel","max_age":604800}', 'NEL': '{"success_fraction":0,"report_to":"cf-nel","max_age":604800}', 'Server': 'cloudflare', 'CF-RAY': '86f9834a695d2256-ORD', 'alt-svc': 'h3=":443"; ma=86400'} 
 body={"results":[{"gender":"female","name":{"title":"Ms","first":"Karla","last":"Portillo"},"location":{"street":{"number":7493,"name":"Peatonal San Marino"},"city":"San Cosme Xalostoc","state":"Morelos","country":"Mexico","postcode":32620,"coordinates":{"latitude":"21.6487","longitude":"90.0946"},"timezone":{"offset":"-5:00","description":"Eastern Time (US &amp; Canada), Bogota, Lima"}},"email":"karla.portillo@example.com","login":{"uuid":"8bd4bca8-43ed-4116-872f-7bc3042c0a71","username":"yellowladybug722","password":"bullfrog","salt":"m72ehybC","md5":"747f67ede7e4845fa9bdaa54d7571e82","sha1":"f3c6e269e30fc38f206c23ab29cf8ba7698de413","sha256":"a8efe944c57f9083d3f0791e4d19f3432ccadda026682ae24960af76834db09e"},"dob":{"date":"1988-01-19T16:34:04.415Z","age":36},"registered":{"date":"2006-11-08T08:24:44.059Z","age":17},"phone":"(631) 806 4037","cell":"(692) 895 8924","id":{"name":"NSS","value":"84 25 21 0777 8"},"picture":{"large":"https://randomuser.me/api/portraits/women/0.jpg","medium":"https://randomuser.me/api/portraits/med/women/0.jpg","thumbnail":"https://randomuser.me/api/portraits/thumb/women/0.jpg"},"nat":"MX"}],"info":{"seed":"d93ea3e45c3092aa","results":1,"page":1,"version":"1.4"}} 
 </msg>
<msg time="2024-04-05T12:24:02.996393" level="INFO">/opt/hostedtoolcache/Python/3.12.2/x64/lib/python3.12/site-packages/urllib3/connectionpool.py:1103: InsecureRequestWarning: Unverified HTTPS request is being made to host 'randomuser.me'. Adding certificate verification is strongly advised. See: https://urllib3.readthedocs.io/en/latest/advanced-usage.html#tls-warnings
  warnings.warn(</msg>
<msg time="2024-04-05T12:24:02.996534" level="INFO">${response} = &lt;Response [200]&gt;</msg>
<var>${response}</var>
<arg>consultarAPI</arg>
<arg>/api</arg>
<doc>Sends a GET request on a previously created HTTP Session.</doc>
<status status="PASS" start="2024-04-05T12:24:02.945764" elapsed="0.050821"/>
</kw>
<kw name="Set Variable" owner="BuiltIn">
<msg time="2024-04-05T12:24:02.997626" level="INFO">${json_data} = {'results': [{'gender': 'female', 'name': {'title': 'Ms', 'first': 'Karla', 'last': 'Portillo'}, 'location': {'street': {'number': 7493, 'name': 'Peatonal San Marino'}, 'city': 'San Cosme Xalostoc', '...</msg>
<var>${json_data}</var>
<arg>${response.json()}</arg>
<doc>Returns the given values which can then be assigned to a variables.</doc>
<status status="PASS" start="2024-04-05T12:24:02.997070" elapsed="0.000585"/>
</kw>
<kw name="Log" owner="BuiltIn">
<msg time="2024-04-05T12:24:02.998107" level="INFO">{'results': [{'gender': 'female', 'name': {'title': 'Ms', 'first': 'Karla', 'last': 'Portillo'}, 'location': {'street': {'number': 7493, 'name': 'Peatonal San Marino'}, 'city': 'San Cosme Xalostoc', 'state': 'Morelos', 'country': 'Mexico', 'postcode': 32620, 'coordinates': {'latitude': '21.6487', 'longitude': '90.0946'}, 'timezone': {'offset': '-5:00', 'description': 'Eastern Time (US &amp; Canada), Bogota, Lima'}}, 'email': 'karla.portillo@example.com', 'login': {'uuid': '8bd4bca8-43ed-4116-872f-7bc3042c0a71', 'username': 'yellowladybug722', 'password': 'bullfrog', 'salt': 'm72ehybC', 'md5': '747f67ede7e4845fa9bdaa54d7571e82', 'sha1': 'f3c6e269e30fc38f206c23ab29cf8ba7698de413', 'sha256': 'a8efe944c57f9083d3f0791e4d19f3432ccadda026682ae24960af76834db09e'}, 'dob': {'date': '1988-01-19T16:34:04.415Z', 'age': 36}, 'registered': {'date': '2006-11-08T08:24:44.059Z', 'age': 17}, 'phone': '(631) 806 4037', 'cell': '(692) 895 8924', 'id': {'name': 'NSS', 'value': '84 25 21 0777 8'}, 'picture': {'large': 'https://randomuser.me/api/portraits/women/0.jpg', 'medium': 'https://randomuser.me/api/portraits/med/women/0.jpg', 'thumbnail': 'https://randomuser.me/api/portraits/thumb/women/0.jpg'}, 'nat': 'MX'}], 'info': {'seed': 'd93ea3e45c3092aa', 'results': 1, 'page': 1, 'version': '1.4'}}</msg>
<arg>${json_data}</arg>
<doc>Logs the given message with the given level.</doc>
<status status="PASS" start="2024-04-05T12:24:02.997956" elapsed="0.000199"/>
</kw>
<kw name="Should Be Equal As Numbers" owner="BuiltIn">
<arg>${json_data['results'][0]['location']['postcode']}</arg>
<arg>${json_data['results'][0]['location']['postcode']}</arg>
<doc>Fails if objects are unequal after converting them to real numbers.</doc>
<status status="PASS" start="2024-04-05T12:24:02.998506" elapsed="0.000636"/>
</kw>
<kw name="Log" owner="BuiltIn">
<msg time="2024-04-05T12:24:02.999664" level="INFO">32620</msg>
<arg>${json_data['results'][0]['location']['postcode']}</arg>
<doc>Logs the given message with the given level.</doc>
<status status="PASS" start="2024-04-05T12:24:02.999332" elapsed="0.000372"/>
</kw>
<status status="PASS" start="2024-04-05T12:24:02.945367" elapsed="0.054591"/>
</kw>
<doc>Testa se os tipos de dados na resposta da API estão corretos.</doc>
<tag>testeTiposDados</tag>
<status status="PASS" start="2024-04-05T12:24:02.793478" elapsed="0.206650"/>
</test>
<test id="s1-s1-t5" name="Validar conteudo" line="35">
<kw name="Teste de Tipos de Conteudo" owner="random-user-service">
<kw name="GET On Session" owner="RequestsLibrary">
<msg time="2024-04-05T12:24:03.099956" level="INFO">GET Request : url=https://randomuser.me/api 
 path_url=/api 
 headers={'User-Agent': 'python-requests/2.31.0', 'Accept-Encoding': 'gzip, deflate', 'Accept': '*/*', 'Connection': 'keep-alive'} 
 body=None 
 </msg>
<msg time="2024-04-05T12:24:03.100067" level="INFO">GET Response : url=https://randomuser.me/api 
 status=200, reason=OK 
 headers={'Date': 'Fri, 05 Apr 2024 12:24:03 GMT', 'Content-Type': 'application/json; charset=utf-8', 'Transfer-Encoding': 'chunked', 'Connection': 'keep-alive', 'X-Powered-By': 'Express', 'Access-Control-Allow-Origin': '*', 'Cache-Control': 'no-cache', 'ETag': 'W/"497-mi36Yar7zHik2EFGlxR+ptUMImw"', 'Vary': 'Accept-Encoding', 'Content-Encoding': 'gzip', 'CF-Cache-Status': 'DYNAMIC', 'Report-To': '{"endpoints":[{"url":"https:\\/\\/a.nel.cloudflare.com\\/report\\/v4?s=hmHxa6PFYr9LWlzbNi%2F8k7vWbL63jNSaB0teJf7oOR%2FTmpA%2BCMCW%2BObFM9mTqPd1d%2F6moYTqfwto8O0WqjJSZsZ4fH9eJf4q9huDUticgXjYN6svnUrhjr9ON8f40bmH"}],"group":"cf-nel","max_age":604800}', 'NEL': '{"success_fraction":0,"report_to":"cf-nel","max_age":604800}', 'Server': 'cloudflare', 'CF-RAY': '86f9834ac9aa2256-ORD', 'alt-svc': 'h3=":443"; ma=86400'} 
 body={"results":[{"gender":"male","name":{"title":"Mr","first":"Lucas","last":"Carmona"},"location":{"street":{"number":984,"name":"Calle de Arturo Soria"},"city":"Alcobendas","state":"Andalucía","country":"Spain","postcode":50027,"coordinates":{"latitude":"-38.1027","longitude":"-149.9925"},"timezone":{"offset":"+10:00","description":"Eastern Australia, Guam, Vladivostok"}},"email":"lucas.carmona@example.com","login":{"uuid":"a2f15007-d6fa-4aa4-9b24-8f98f296ae4c","username":"blueelephant589","password":"racing","salt":"1y8ONQpM","md5":"759194e36a25b5f526d7d89f26bac601","sha1":"d26d78467e55885584e3b874b5a207777701bd22","sha256":"39914ee933c4d7b233c23619a994a1f69940d5be24c04f73d47750ecca7dc4d0"},"dob":{"date":"2001-03-25T20:41:35.352Z","age":23},"registered":{"date":"2014-10-19T08:14:44.140Z","age":9},"phone":"991-646-828","cell":"631-224-301","id":{"name":"DNI","value":"08717937-G"},"picture":{"large":"https://randomuser.me/api/portraits/men/50.jpg","medium":"https://randomuser.me/api/portraits/med/men/50.jpg","thumbnail":"https://randomuser.me/api/portraits/thumb/men/50.jpg"},"nat":"ES"}],"info":{"seed":"7a43a68a5efaae84","results":1,"page":1,"version":"1.4"}} 
 </msg>
<msg time="2024-04-05T12:24:03.100148" level="INFO">/opt/hostedtoolcache/Python/3.12.2/x64/lib/python3.12/site-packages/urllib3/connectionpool.py:1103: InsecureRequestWarning: Unverified HTTPS request is being made to host 'randomuser.me'. Adding certificate verification is strongly advised. See: https://urllib3.readthedocs.io/en/latest/advanced-usage.html#tls-warnings
  warnings.warn(</msg>
<msg time="2024-04-05T12:24:03.100287" level="INFO">${response} = &lt;Response [200]&gt;</msg>
<var>${response}</var>
<arg>consultarAPI</arg>
<arg>/api</arg>
<doc>Sends a GET request on a previously created HTTP Session.</doc>
<status status="PASS" start="2024-04-05T12:24:03.002665" elapsed="0.097667"/>
</kw>
<kw name="Set Variable" owner="BuiltIn">
<msg time="2024-04-05T12:24:03.101258" level="INFO">${json_data} = {'results': [{'gender': 'male', 'name': {'title': 'Mr', 'first': 'Lucas', 'last': 'Carmona'}, 'location': {'street': {'number': 984, 'name': 'Calle de Arturo Soria'}, 'city': 'Alcobendas', 'state': 'A...</msg>
<var>${json_data}</var>
<arg>${response.json()}</arg>
<doc>Returns the given values which can then be assigned to a variables.</doc>
<status status="PASS" start="2024-04-05T12:24:03.100776" elapsed="0.000511"/>
</kw>
<kw name="Set Variable" owner="BuiltIn">
<msg time="2024-04-05T12:24:03.101982" level="INFO">${name_title} = Mr</msg>
<var>${name_title}</var>
<arg>${json_data["results"][0]["name"]["title"]}</arg>
<doc>Returns the given values which can then be assigned to a variables.</doc>
<status status="PASS" start="2024-04-05T12:24:03.101601" elapsed="0.000407"/>
</kw>
<kw name="Create List" owner="BuiltIn">
<msg time="2024-04-05T12:24:03.102495" level="INFO">${allowed_titles} = ['Mr', 'Ms', 'Miss', 'Mrs', 'Madame', 'Monsieur']</msg>
<var>${allowed_titles}</var>
<arg>Mr</arg>
<arg>Ms</arg>
<arg>Miss</arg>
<arg>Mrs</arg>
<arg>Madame</arg>
<arg>Monsieur</arg>
<doc>Returns a list containing given items.</doc>
<status status="PASS" start="2024-04-05T12:24:03.102313" elapsed="0.000209"/>
</kw>
<kw name="List Should Contain Value" owner="Collections">
<msg time="2024-04-05T12:24:03.103014" level="INFO">False</msg>
<arg>${allowed_titles}</arg>
<arg>${name_title}</arg>
<doc>Fails if the ``value`` is not found from ``list``.</doc>
<status status="PASS" start="2024-04-05T12:24:03.102838" elapsed="0.000212"/>
</kw>
<kw name="Set Variable" owner="BuiltIn">
<msg time="2024-04-05T12:24:03.103714" level="INFO">${name_country} = ES</msg>
<var>${name_country}</var>
<arg>${json_data["results"][0]["nat"]}</arg>
<doc>Returns the given values which can then be assigned to a variables.</doc>
<status status="PASS" start="2024-04-05T12:24:03.103339" elapsed="0.000401"/>
</kw>
<kw name="Create List" owner="BuiltIn">
<msg time="2024-04-05T12:24:03.104653" level="INFO">${list_country} = ['AD', 'AE', 'AF', 'AG', 'AI', 'AL', 'AM', 'AO', 'AQ', 'AR', 'AS', 'AT', 'AU', 'AW', 'AX', 'AZ', 'BA', 'BB', 'BD', 'BE', 'BF', 'BG', 'BH', 'BI', 'BJ', 'BL', 'BM', 'BN', 'BO', 'BQ', 'BR', 'BS', 'BT', '...</msg>
<var>${list_country}</var>
<arg>AD</arg>
<arg>AE</arg>
<arg>AF</arg>
<arg>AG</arg>
<arg>AI</arg>
<arg>AL</arg>
<arg>AM</arg>
<arg>AO</arg>
<arg>AQ</arg>
<arg>AR</arg>
<arg>AS</arg>
<arg>AT</arg>
<arg>AU</arg>
<arg>AW</arg>
<arg>AX</arg>
<arg>AZ</arg>
<arg>BA</arg>
<arg>BB</arg>
<arg>BD</arg>
<arg>BE</arg>
<arg>BF</arg>
<arg>BG</arg>
<arg>BH</arg>
<arg>BI</arg>
<arg>BJ</arg>
<arg>BL</arg>
<arg>BM</arg>
<arg>BN</arg>
<arg>BO</arg>
<arg>BQ</arg>
<arg>BR</arg>
<arg>BS</arg>
<arg>BT</arg>
<arg>BV</arg>
<arg>BW</arg>
<arg>BY</arg>
<arg>BZ</arg>
<arg>CA</arg>
<arg>CC</arg>
<arg>CD</arg>
<arg>CF</arg>
<arg>CG</arg>
<arg>CH</arg>
<arg>CI</arg>
<arg>CK</arg>
<arg>CL</arg>
<arg>CM</arg>
<arg>CN</arg>
<arg>CO</arg>
<arg>CR</arg>
<arg>CU</arg>
<arg>CV</arg>
<arg>CW</arg>
<arg>CX</arg>
<arg>CY</arg>
<arg>CZ</arg>
<arg>DE</arg>
<arg>DJ</arg>
<arg>DK</arg>
<arg>DM</arg>
<arg>DO</arg>
<arg>DZ</arg>
<arg>EC</arg>
<arg>EE</arg>
<arg>EG</arg>
<arg>EH</arg>
<arg>ER</arg>
<arg>ES</arg>
<arg>ET</arg>
<arg>FI</arg>
<arg>FJ</arg>
<arg>FK</arg>
<arg>FM</arg>
<arg>FO</arg>
<arg>FR</arg>
<arg>GA</arg>
<arg>GB</arg>
<arg>GD</arg>
<arg>GE</arg>
<arg>GF</arg>
<arg>GG</arg>
<arg>GH</arg>
<arg>GI</arg>
<arg>GL</arg>
<arg>GM</arg>
<arg>GN</arg>
<arg>GP</arg>
<arg>GQ</arg>
<arg>GR</arg>
<arg>GS</arg>
<arg>GT</arg>
<arg>GU</arg>
<arg>GW</arg>
<arg>GY</arg>
<arg>HK</arg>
<arg>HM</arg>
<arg>HN</arg>
<arg>HR</arg>
<arg>HT</arg>
<arg>HU</arg>
<arg>ID</arg>
<arg>IE</arg>
<arg>IL</arg>
<arg>IM</arg>
<arg>IN</arg>
<arg>IO</arg>
<arg>IQ</arg>
<arg>IR</arg>
<arg>IS</arg>
<arg>IT</arg>
<arg>JE</arg>
<arg>JM</arg>
<arg>JO</arg>
<arg>JP</arg>
<arg>KE</arg>
<arg>KG</arg>
<arg>KH</arg>
<arg>KI</arg>
<arg>KM</arg>
<arg>KN</arg>
<arg>KP</arg>
<arg>KR</arg>
<arg>KW</arg>
<arg>KY</arg>
<arg>KZ</arg>
<arg>LA</arg>
<arg>LB</arg>
<arg>LC</arg>
<arg>LI</arg>
<arg>LK</arg>
<arg>LR</arg>
<arg>LS</arg>
<arg>LT</arg>
<arg>LU</arg>
<arg>LV</arg>
<arg>LY</arg>
<arg>MA</arg>
<arg>MC</arg>
<arg>MD</arg>
<arg>ME</arg>
<arg>MF</arg>
<arg>MG</arg>
<arg>MH</arg>
<arg>MK</arg>
<arg>ML</arg>
<arg>MM</arg>
<arg>MN</arg>
<arg>MO</arg>
<arg>MP</arg>
<arg>MQ</arg>
<arg>MR</arg>
<arg>MS</arg>
<arg>MT</arg>
<arg>MU</arg>
<arg>MV</arg>
<arg>MW</arg>
<arg>MX</arg>
<arg>MY</arg>
<arg>MZ</arg>
<arg>NA</arg>
<arg>NC</arg>
<arg>NE</arg>
<arg>NF</arg>
<arg>NG</arg>
<arg>NI</arg>
<arg>NL</arg>
<arg>NO</arg>
<arg>NP</arg>
<arg>NR</arg>
<arg>NU</arg>
<arg>NZ</arg>
<arg>OM</arg>
<arg>PA</arg>
<arg>PE</arg>
<arg>PF</arg>
<arg>PG</arg>
<arg>PH</arg>
<arg>PK</arg>
<arg>PL</arg>
<arg>PM</arg>
<arg>PN</arg>
<arg>PR</arg>
<arg>PS</arg>
<arg>PT</arg>
<arg>PW</arg>
<arg>PY</arg>
<arg>QA</arg>
<arg>RE</arg>
<arg>RO</arg>
<arg>RS</arg>
<arg>RU</arg>
<arg>RW</arg>
<arg>SA</arg>
<arg>SB</arg>
<arg>SC</arg>
<arg>SD</arg>
<arg>SE</arg>
<arg>SG</arg>
<arg>SH</arg>
<arg>SI</arg>
<arg>SJ</arg>
<arg>SK</arg>
<arg>SL</arg>
<arg>SM</arg>
<arg>SN</arg>
<arg>SO</arg>
<arg>SR</arg>
<arg>SS</arg>
<arg>ST</arg>
<arg>SV</arg>
<arg>SX</arg>
<arg>SY</arg>
<arg>SZ</arg>
<arg>TC</arg>
<arg>TD</arg>
<arg>TF</arg>
<arg>TG</arg>
<arg>TH</arg>
<arg>TJ</arg>
<arg>TK</arg>
<arg>TL</arg>
<arg>TM</arg>
<arg>TN</arg>
<arg>TO</arg>
<arg>TR</arg>
<arg>TT</arg>
<arg>TV</arg>
<arg>TW</arg>
<arg>TZ</arg>
<arg>UA</arg>
<arg>UG</arg>
<arg>UM</arg>
<arg>US</arg>
<arg>UY</arg>
<arg>UZ</arg>
<arg>VA</arg>
<arg>VC</arg>
<arg>VE</arg>
<arg>VG</arg>
<arg>VI</arg>
<arg>VN</arg>
<arg>VU</arg>
<arg>WF</arg>
<arg>WS</arg>
<arg>XK</arg>
<arg>YE</arg>
<arg>YT</arg>
<arg>ZA</arg>
<arg>ZM</arg>
<arg>ZW</arg>
<doc>Returns a list containing given items.</doc>
<status status="PASS" start="2024-04-05T12:24:03.104043" elapsed="0.000636"/>
</kw>
<kw name="List Should Contain Value" owner="Collections">
<msg time="2024-04-05T12:24:03.105798" level="INFO">False</msg>
<arg>${list_country}</arg>
<arg>${name_country}</arg>
<doc>Fails if the ``value`` is not found from ``list``.</doc>
<status status="PASS" start="2024-04-05T12:24:03.105593" elapsed="0.000241"/>
</kw>
<kw name="Run Keyword If" owner="BuiltIn">
<kw name="Should Be True" owner="BuiltIn">
<arg>${True}</arg>
<doc>Fails if the given condition is not true.</doc>
<status status="PASS" start="2024-04-05T12:24:03.106920" elapsed="0.000145"/>
</kw>
<arg>${json_data["results"][0]["location"]["coordinates"]["latitude"]} &gt;= -90 and ${json_data["results"][0]["location"]["coordinates"]["latitude"]} &lt;= 90</arg>
<arg>Should Be True</arg>
<arg>${True}</arg>
<doc>Runs the given keyword with the given arguments, if ``condition`` is true.</doc>
<status status="PASS" start="2024-04-05T12:24:03.106146" elapsed="0.001048"/>
</kw>
<kw name="Run Keyword If" owner="BuiltIn">
<kw name="Should Be True" owner="BuiltIn">
<arg>${True}</arg>
<doc>Fails if the given condition is not true.</doc>
<status status="PASS" start="2024-04-05T12:24:03.108088" elapsed="0.000148"/>
</kw>
<arg>${json_data["results"][0]["location"]["coordinates"]["longitude"]} &gt;= -180 and ${json_data["results"][0]["location"]["coordinates"]["longitude"]} &lt;= 180</arg>
<arg>Should Be True</arg>
<arg>${True}</arg>
<doc>Runs the given keyword with the given arguments, if ``condition`` is true.</doc>
<status status="PASS" start="2024-04-05T12:24:03.107378" elapsed="0.000982"/>
</kw>
<status status="PASS" start="2024-04-05T12:24:03.002399" elapsed="0.106091"/>
</kw>
<doc>Testa o conteúdo específico dos campos retornados pela API.</doc>
<tag>testeConteudo</tag>
<status status="PASS" start="2024-04-05T12:24:03.001864" elapsed="0.106777"/>
</test>
<status status="PASS" start="2024-04-05T12:24:01.089726" elapsed="2.020927"/>
</suite>
<status status="PASS" start="2024-04-05T12:24:01.075930" elapsed="2.040309"/>
</suite>
<statistics>
<total>
<stat pass="5" fail="0" skip="0">All Tests</stat>
</total>
<tag>
<stat pass="1" fail="0" skip="0">testeConteudo</stat>
<stat pass="1" fail="0" skip="0">testeEstruturaResposta</stat>
<stat pass="1" fail="0" skip="0">testeRequisicaoBasica</stat>
<stat pass="1" fail="0" skip="0">testeTiposDados</stat>
</tag>
<suite>
<stat pass="5" fail="0" skip="0" id="s1" name="Tests">Tests</stat>
<stat pass="5" fail="0" skip="0" id="s1-s1" name="Random-User-Test">Tests.Random-User-Test</stat>
</suite>
</statistics>
<errors>
</errors>
</robot>
