<?xml version="1.0" encoding="UTF-8"?>
<robot generator="Robot 7.0 (Python 3.12.2 on linux)" generated="2024-04-12T01:55:50.001825" rpa="false" schemaversion="5">
<suite id="s1" name="Tests" source="/home/runner/work/DesafioQAItauRogerioJordao/DesafioQAItauRogerioJordao/RamdonUser/tests">
<suite id="s1-s1" name="Random-User-Test" source="/home/runner/work/DesafioQAItauRogerioJordao/DesafioQAItauRogerioJordao/RamdonUser/tests/random-user-test.robot">
<test id="s1-s1-t1" name="Conectar" line="13">
<kw name="Conectar API" owner="random-user-service">
<kw name="Create Session" owner="RequestsLibrary">
<msg time="2024-04-12T01:55:50.365801" level="INFO">Creating Session using : alias=consultarAPI, url=https://randomuser.me/, headers={},                     cookies={}, auth=None, timeout=None, proxies=None, verify=False,                     debug=0 </msg>
<arg>consultarAPI</arg>
<arg>${URL}</arg>
<doc>Create Session: create a HTTP session to a server</doc>
<status status="PASS" start="2024-04-12T01:55:50.365598" elapsed="0.000376"/>
</kw>
<status status="PASS" start="2024-04-12T01:55:50.364567" elapsed="0.001796"/>
</kw>
<status status="PASS" start="2024-04-12T01:55:50.364024" elapsed="0.002547"/>
</test>
<test id="s1-s1-t2" name="Validar retorno 200 e JSON Válido" line="16">
<kw name="Teste de Requisicao Basica" owner="random-user-service">
<kw name="GET On Session" owner="RequestsLibrary">
<msg time="2024-04-12T01:55:50.537189" level="INFO">GET Request : url=https://randomuser.me/api 
 path_url=/api 
 headers={'User-Agent': 'python-requests/2.31.0', 'Accept-Encoding': 'gzip, deflate', 'Accept': '*/*', 'Connection': 'keep-alive'} 
 body=None 
 </msg>
<msg time="2024-04-12T01:55:50.537355" level="INFO">GET Response : url=https://randomuser.me/api 
 status=200, reason=OK 
 headers={'Date': 'Fri, 12 Apr 2024 01:55:50 GMT', 'Content-Type': 'application/json; charset=utf-8', 'Transfer-Encoding': 'chunked', 'Connection': 'keep-alive', 'X-Powered-By': 'Express', 'Access-Control-Allow-Origin': '*', 'Cache-Control': 'no-cache', 'ETag': 'W/"483-qzxZEtAyj2SAHYMkkyxbU0btXZA"', 'Vary': 'Accept-Encoding', 'Content-Encoding': 'gzip', 'CF-Cache-Status': 'DYNAMIC', 'Report-To': '{"endpoints":[{"url":"https:\\/\\/a.nel.cloudflare.com\\/report\\/v4?s=vi8s0SzSX1L0aZl7ak%2F%2BTQcm%2BNESkBNKsAYhpcoElXIAx2sCNefgrnmEMtK4AynlZPqJXw1vAuJooFVqkeEsthlXW26D5Xsq4vv4an42Hl%2FOSS0W7FDIpLOH5ItQ7Tq%2B"}],"group":"cf-nel","max_age":604800}', 'NEL': '{"success_fraction":0,"report_to":"cf-nel","max_age":604800}', 'Server': 'cloudflare', 'CF-RAY': '872f98b0addf0818-IAD', 'alt-svc': 'h3=":443"; ma=86400'} 
 body={"results":[{"gender":"female","name":{"title":"Ms","first":"ستایش","last":"رضاییان"},"location":{"street":{"number":8719,"name":"پاتریس لومومبا"},"city":"مشهد","state":"کرمان","country":"Iran","postcode":96249,"coordinates":{"latitude":"19.0783","longitude":"66.5107"},"timezone":{"offset":"+5:45","description":"Kathmandu"}},"email":"stysh.rdyyn@example.com","login":{"uuid":"73bbdebd-f980-472c-bde2-a1bb9e52be77","username":"bluemouse198","password":"sweet1","salt":"KHaEiW7Z","md5":"672c5cf3cf3d1e7d26efd4984416fa8d","sha1":"b2d0e09d46c640c5c1fe1d9841924e151a3f79e2","sha256":"765e19e7eadcd21a78cf7338473d32f29940d17af7c15b89cc398dabe61281ef"},"dob":{"date":"1986-10-06T16:02:02.457Z","age":37},"registered":{"date":"2017-01-06T09:38:22.804Z","age":7},"phone":"083-17944724","cell":"0993-313-5843","id":{"name":"","value":null},"picture":{"large":"https://randomuser.me/api/portraits/women/56.jpg","medium":"https://randomuser.me/api/portraits/med/women/56.jpg","thumbnail":"https://randomuser.me/api/portraits/thumb/women/56.jpg"},"nat":"IR"}],"info":{"seed":"42a8780346a7df04","results":1,"page":1,"version":"1.4"}} 
 </msg>
<msg time="2024-04-12T01:55:50.537455" level="INFO">/opt/hostedtoolcache/Python/3.12.2/x64/lib/python3.12/site-packages/urllib3/connectionpool.py:1103: InsecureRequestWarning: Unverified HTTPS request is being made to host 'randomuser.me'. Adding certificate verification is strongly advised. See: https://urllib3.readthedocs.io/en/latest/advanced-usage.html#tls-warnings
  warnings.warn(</msg>
<msg time="2024-04-12T01:55:50.537599" level="INFO">${response} = &lt;Response [200]&gt;</msg>
<var>${response}</var>
<arg>consultarAPI</arg>
<arg>/api</arg>
<doc>Sends a GET request on a previously created HTTP Session.</doc>
<status status="PASS" start="2024-04-12T01:55:50.369182" elapsed="0.168459"/>
</kw>
<kw name="Should Be Equal As Numbers" owner="BuiltIn">
<msg time="2024-04-12T01:55:50.538677" level="INFO">Argument types are:
&lt;class 'int'&gt;
&lt;class 'str'&gt;</msg>
<arg>${response.status_code}</arg>
<arg>200</arg>
<doc>Fails if objects are unequal after converting them to real numbers.</doc>
<status status="PASS" start="2024-04-12T01:55:50.538202" elapsed="0.000551"/>
</kw>
<kw name="Log" owner="BuiltIn">
<msg time="2024-04-12T01:55:50.539485" level="INFO">200</msg>
<arg>${response.status_code}</arg>
<doc>Logs the given message with the given level.</doc>
<status status="PASS" start="2024-04-12T01:55:50.539109" elapsed="0.000421"/>
</kw>
<kw name="Set Variable" owner="BuiltIn">
<msg time="2024-04-12T01:55:50.540350" level="INFO">${json_data} = {'results': [{'gender': 'female', 'name': {'title': 'Ms', 'first': 'ستایش', 'last': 'رضاییان'}, 'location': {'street': {'number': 8719, 'name': 'پاتریس لومومبا'}, 'city': 'مشهد', 'state': 'کرمان', 'co...</msg>
<var>${json_data}</var>
<arg>${response.json()}</arg>
<doc>Returns the given values which can then be assigned to a variables.</doc>
<status status="PASS" start="2024-04-12T01:55:50.539883" elapsed="0.000498"/>
</kw>
<kw name="Dictionary Should Contain Key" owner="Collections">
<msg time="2024-04-12T01:55:50.540874" level="INFO">False</msg>
<arg>${json_data}</arg>
<arg>results</arg>
<doc>Fails if ``key`` is not found from ``dictionary``.</doc>
<status status="PASS" start="2024-04-12T01:55:50.540698" elapsed="0.000218"/>
</kw>
<status status="PASS" start="2024-04-12T01:55:50.368923" elapsed="0.172256"/>
</kw>
<doc>Testa se a API responde corretamente e retorna um objeto JSON válido.</doc>
<tag>testeRequisicaoBasica</tag>
<status status="PASS" start="2024-04-12T01:55:50.368448" elapsed="0.172922"/>
</test>
<test id="s1-s1-t3" name="Validar estrutura de resposta" line="22">
<kw name="Teste de Estrutura de Resposta" owner="random-user-service">
<kw name="GET On Session" owner="RequestsLibrary">
<msg time="2024-04-12T01:55:50.649786" level="INFO">GET Request : url=https://randomuser.me/api 
 path_url=/api 
 headers={'User-Agent': 'python-requests/2.31.0', 'Accept-Encoding': 'gzip, deflate', 'Accept': '*/*', 'Connection': 'keep-alive'} 
 body=None 
 </msg>
<msg time="2024-04-12T01:55:50.649895" level="INFO">GET Response : url=https://randomuser.me/api 
 status=200, reason=OK 
 headers={'Date': 'Fri, 12 Apr 2024 01:55:50 GMT', 'Content-Type': 'application/json; charset=utf-8', 'Transfer-Encoding': 'chunked', 'Connection': 'keep-alive', 'X-Powered-By': 'Express', 'Access-Control-Allow-Origin': '*', 'Cache-Control': 'no-cache', 'ETag': 'W/"4a6-cA0y84Y+rtm4Rm7lt2U7UNl9dEg"', 'Vary': 'Accept-Encoding', 'Content-Encoding': 'gzip', 'CF-Cache-Status': 'DYNAMIC', 'Report-To': '{"endpoints":[{"url":"https:\\/\\/a.nel.cloudflare.com\\/report\\/v4?s=O%2F6mj3vBK4atW%2F%2BHViAidLuXi9%2BMlK73yPdVULCOXWlhCDXubH7Mlm8qN7h%2BH61eR%2FPKOYigUXBfkH8Tpt0g5OxY6tOBoV6auGi0D5ltNnQ5TPNLP%2BPYdojJS2UDRuJu"}],"group":"cf-nel","max_age":604800}', 'NEL': '{"success_fraction":0,"report_to":"cf-nel","max_age":604800}', 'Server': 'cloudflare', 'CF-RAY': '872f98b0ee4b0818-IAD', 'alt-svc': 'h3=":443"; ma=86400'} 
 body={"results":[{"gender":"female","name":{"title":"Miss","first":"یاسمین","last":"یاسمی"},"location":{"street":{"number":1804,"name":"پارک ولیعصر"},"city":"تبریز","state":"بوشهر","country":"Iran","postcode":91939,"coordinates":{"latitude":"21.0172","longitude":"57.4781"},"timezone":{"offset":"+5:00","description":"Ekaterinburg, Islamabad, Karachi, Tashkent"}},"email":"ysmyn.ysmy@example.com","login":{"uuid":"ff0a2e43-e271-45f2-a658-7885f224971a","username":"orangeladybug577","password":"firefigh","salt":"kEet9lxA","md5":"c4886973f16aaa88c6319dba795ac98f","sha1":"cc486310ebcb23000914eed2b2c25c038bf8e921","sha256":"c14eb10d1b1de4ed229399134e47cb4b31a36333ba9205f55038276e86e65a4a"},"dob":{"date":"1973-11-24T06:42:57.316Z","age":50},"registered":{"date":"2009-06-23T12:26:51.607Z","age":14},"phone":"011-25406413","cell":"0971-877-6956","id":{"name":"","value":null},"picture":{"large":"https://randomuser.me/api/portraits/women/94.jpg","medium":"https://randomuser.me/api/portraits/med/women/94.jpg","thumbnail":"https://randomuser.me/api/portraits/thumb/women/94.jpg"},"nat":"IR"}],"info":{"seed":"3be80da8821ad075","results":1,"page":1,"version":"1.4"}} 
 </msg>
<msg time="2024-04-12T01:55:50.650094" level="INFO">/opt/hostedtoolcache/Python/3.12.2/x64/lib/python3.12/site-packages/urllib3/connectionpool.py:1103: InsecureRequestWarning: Unverified HTTPS request is being made to host 'randomuser.me'. Adding certificate verification is strongly advised. See: https://urllib3.readthedocs.io/en/latest/advanced-usage.html#tls-warnings
  warnings.warn(</msg>
<msg time="2024-04-12T01:55:50.650251" level="INFO">${response} = &lt;Response [200]&gt;</msg>
<var>${response}</var>
<arg>consultarAPI</arg>
<arg>/api</arg>
<doc>Sends a GET request on a previously created HTTP Session.</doc>
<status status="PASS" start="2024-04-12T01:55:50.544662" elapsed="0.105638"/>
</kw>
<kw name="Set Variable" owner="BuiltIn">
<msg time="2024-04-12T01:55:50.651340" level="INFO">${json_data} = {'results': [{'gender': 'female', 'name': {'title': 'Miss', 'first': 'یاسمین', 'last': 'یاسمی'}, 'location': {'street': {'number': 1804, 'name': 'پارک ولیعصر'}, 'city': 'تبریز', 'state': 'بوشهر', 'cou...</msg>
<var>${json_data}</var>
<arg>${response.json()}</arg>
<doc>Returns the given values which can then be assigned to a variables.</doc>
<status status="PASS" start="2024-04-12T01:55:50.650818" elapsed="0.000554"/>
</kw>
<kw name="Log" owner="BuiltIn">
<msg time="2024-04-12T01:55:50.651882" level="INFO">{'results': [{'gender': 'female', 'name': {'title': 'Miss', 'first': 'یاسمین', 'last': 'یاسمی'}, 'location': {'street': {'number': 1804, 'name': 'پارک ولیعصر'}, 'city': 'تبریز', 'state': 'بوشهر', 'country': 'Iran', 'postcode': 91939, 'coordinates': {'latitude': '21.0172', 'longitude': '57.4781'}, 'timezone': {'offset': '+5:00', 'description': 'Ekaterinburg, Islamabad, Karachi, Tashkent'}}, 'email': 'ysmyn.ysmy@example.com', 'login': {'uuid': 'ff0a2e43-e271-45f2-a658-7885f224971a', 'username': 'orangeladybug577', 'password': 'firefigh', 'salt': 'kEet9lxA', 'md5': 'c4886973f16aaa88c6319dba795ac98f', 'sha1': 'cc486310ebcb23000914eed2b2c25c038bf8e921', 'sha256': 'c14eb10d1b1de4ed229399134e47cb4b31a36333ba9205f55038276e86e65a4a'}, 'dob': {'date': '1973-11-24T06:42:57.316Z', 'age': 50}, 'registered': {'date': '2009-06-23T12:26:51.607Z', 'age': 14}, 'phone': '011-25406413', 'cell': '0971-877-6956', 'id': {'name': '', 'value': None}, 'picture': {'large': 'https://randomuser.me/api/portraits/women/94.jpg', 'medium': 'https://randomuser.me/api/portraits/med/women/94.jpg', 'thumbnail': 'https://randomuser.me/api/portraits/thumb/women/94.jpg'}, 'nat': 'IR'}], 'info': {'seed': '3be80da8821ad075', 'results': 1, 'page': 1, 'version': '1.4'}}</msg>
<arg>${json_data}</arg>
<doc>Logs the given message with the given level.</doc>
<status status="PASS" start="2024-04-12T01:55:50.651710" elapsed="0.000225"/>
</kw>
<kw name="Dictionary Should Contain Key" owner="Collections">
<msg time="2024-04-12T01:55:50.652426" level="INFO">False</msg>
<arg>${json_data}</arg>
<arg>results</arg>
<doc>Fails if ``key`` is not found from ``dictionary``.</doc>
<status status="PASS" start="2024-04-12T01:55:50.652266" elapsed="0.000198"/>
</kw>
<kw name="Should Not Be Empty" owner="BuiltIn">
<msg time="2024-04-12T01:55:50.652912" level="INFO">Length is 2.</msg>
<arg>${json_data}</arg>
<doc>Verifies that the given item is not empty.</doc>
<status status="PASS" start="2024-04-12T01:55:50.652773" elapsed="0.000179"/>
</kw>
<kw name="Create List" owner="BuiltIn">
<msg time="2024-04-12T01:55:50.653409" level="INFO">${expected_keys} = ['gender', 'name', 'location', 'email', 'login']</msg>
<var>${expected_keys}</var>
<arg>gender</arg>
<arg>name</arg>
<arg>location</arg>
<arg>email</arg>
<arg>login</arg>
<doc>Returns a list containing given items.</doc>
<status status="PASS" start="2024-04-12T01:55:50.653256" elapsed="0.000178"/>
</kw>
<for flavor="IN">
<iter>
<kw name="Dictionary Should Contain Key" owner="Collections">
<msg time="2024-04-12T01:55:50.654476" level="INFO">False</msg>
<arg>${json_data['results'][0]}</arg>
<arg>${key}</arg>
<doc>Fails if ``key`` is not found from ``dictionary``.</doc>
<status status="PASS" start="2024-04-12T01:55:50.654045" elapsed="0.000471"/>
</kw>
<kw name="Log" owner="BuiltIn">
<msg time="2024-04-12T01:55:50.655218" level="INFO">{'gender': 'female', 'name': {'title': 'Miss', 'first': 'یاسمین', 'last': 'یاسمی'}, 'location': {'street': {'number': 1804, 'name': 'پارک ولیعصر'}, 'city': 'تبریز', 'state': 'بوشهر', 'country': 'Iran', 'postcode': 91939, 'coordinates': {'latitude': '21.0172', 'longitude': '57.4781'}, 'timezone': {'offset': '+5:00', 'description': 'Ekaterinburg, Islamabad, Karachi, Tashkent'}}, 'email': 'ysmyn.ysmy@example.com', 'login': {'uuid': 'ff0a2e43-e271-45f2-a658-7885f224971a', 'username': 'orangeladybug577', 'password': 'firefigh', 'salt': 'kEet9lxA', 'md5': 'c4886973f16aaa88c6319dba795ac98f', 'sha1': 'cc486310ebcb23000914eed2b2c25c038bf8e921', 'sha256': 'c14eb10d1b1de4ed229399134e47cb4b31a36333ba9205f55038276e86e65a4a'}, 'dob': {'date': '1973-11-24T06:42:57.316Z', 'age': 50}, 'registered': {'date': '2009-06-23T12:26:51.607Z', 'age': 14}, 'phone': '011-25406413', 'cell': '0971-877-6956', 'id': {'name': '', 'value': None}, 'picture': {'large': 'https://randomuser.me/api/portraits/women/94.jpg', 'medium': 'https://randomuser.me/api/portraits/med/women/94.jpg', 'thumbnail': 'https://randomuser.me/api/portraits/thumb/women/94.jpg'}, 'nat': 'IR'}</msg>
<arg>${json_data['results'][0]}</arg>
<doc>Logs the given message with the given level.</doc>
<status status="PASS" start="2024-04-12T01:55:50.654829" elapsed="0.000444"/>
</kw>
<kw name="Log" owner="BuiltIn">
<msg time="2024-04-12T01:55:50.655745" level="INFO">gender</msg>
<arg>${key}</arg>
<doc>Logs the given message with the given level.</doc>
<status status="PASS" start="2024-04-12T01:55:50.655590" elapsed="0.000196"/>
</kw>
<var name="${key}">gender</var>
<status status="PASS" start="2024-04-12T01:55:50.653896" elapsed="0.002114"/>
</iter>
<iter>
<kw name="Dictionary Should Contain Key" owner="Collections">
<msg time="2024-04-12T01:55:50.656724" level="INFO">False</msg>
<arg>${json_data['results'][0]}</arg>
<arg>${key}</arg>
<doc>Fails if ``key`` is not found from ``dictionary``.</doc>
<status status="PASS" start="2024-04-12T01:55:50.656323" elapsed="0.000505"/>
</kw>
<kw name="Log" owner="BuiltIn">
<msg time="2024-04-12T01:55:50.657527" level="INFO">{'gender': 'female', 'name': {'title': 'Miss', 'first': 'یاسمین', 'last': 'یاسمی'}, 'location': {'street': {'number': 1804, 'name': 'پارک ولیعصر'}, 'city': 'تبریز', 'state': 'بوشهر', 'country': 'Iran', 'postcode': 91939, 'coordinates': {'latitude': '21.0172', 'longitude': '57.4781'}, 'timezone': {'offset': '+5:00', 'description': 'Ekaterinburg, Islamabad, Karachi, Tashkent'}}, 'email': 'ysmyn.ysmy@example.com', 'login': {'uuid': 'ff0a2e43-e271-45f2-a658-7885f224971a', 'username': 'orangeladybug577', 'password': 'firefigh', 'salt': 'kEet9lxA', 'md5': 'c4886973f16aaa88c6319dba795ac98f', 'sha1': 'cc486310ebcb23000914eed2b2c25c038bf8e921', 'sha256': 'c14eb10d1b1de4ed229399134e47cb4b31a36333ba9205f55038276e86e65a4a'}, 'dob': {'date': '1973-11-24T06:42:57.316Z', 'age': 50}, 'registered': {'date': '2009-06-23T12:26:51.607Z', 'age': 14}, 'phone': '011-25406413', 'cell': '0971-877-6956', 'id': {'name': '', 'value': None}, 'picture': {'large': 'https://randomuser.me/api/portraits/women/94.jpg', 'medium': 'https://randomuser.me/api/portraits/med/women/94.jpg', 'thumbnail': 'https://randomuser.me/api/portraits/thumb/women/94.jpg'}, 'nat': 'IR'}</msg>
<arg>${json_data['results'][0]}</arg>
<doc>Logs the given message with the given level.</doc>
<status status="PASS" start="2024-04-12T01:55:50.657149" elapsed="0.000430"/>
</kw>
<kw name="Log" owner="BuiltIn">
<msg time="2024-04-12T01:55:50.658019" level="INFO">name</msg>
<arg>${key}</arg>
<doc>Logs the given message with the given level.</doc>
<status status="PASS" start="2024-04-12T01:55:50.657888" elapsed="0.000206"/>
</kw>
<var name="${key}">name</var>
<status status="PASS" start="2024-04-12T01:55:50.656206" elapsed="0.002114"/>
</iter>
<iter>
<kw name="Dictionary Should Contain Key" owner="Collections">
<msg time="2024-04-12T01:55:50.659052" level="INFO">False</msg>
<arg>${json_data['results'][0]}</arg>
<arg>${key}</arg>
<doc>Fails if ``key`` is not found from ``dictionary``.</doc>
<status status="PASS" start="2024-04-12T01:55:50.658655" elapsed="0.000435"/>
</kw>
<kw name="Log" owner="BuiltIn">
<msg time="2024-04-12T01:55:50.659764" level="INFO">{'gender': 'female', 'name': {'title': 'Miss', 'first': 'یاسمین', 'last': 'یاسمی'}, 'location': {'street': {'number': 1804, 'name': 'پارک ولیعصر'}, 'city': 'تبریز', 'state': 'بوشهر', 'country': 'Iran', 'postcode': 91939, 'coordinates': {'latitude': '21.0172', 'longitude': '57.4781'}, 'timezone': {'offset': '+5:00', 'description': 'Ekaterinburg, Islamabad, Karachi, Tashkent'}}, 'email': 'ysmyn.ysmy@example.com', 'login': {'uuid': 'ff0a2e43-e271-45f2-a658-7885f224971a', 'username': 'orangeladybug577', 'password': 'firefigh', 'salt': 'kEet9lxA', 'md5': 'c4886973f16aaa88c6319dba795ac98f', 'sha1': 'cc486310ebcb23000914eed2b2c25c038bf8e921', 'sha256': 'c14eb10d1b1de4ed229399134e47cb4b31a36333ba9205f55038276e86e65a4a'}, 'dob': {'date': '1973-11-24T06:42:57.316Z', 'age': 50}, 'registered': {'date': '2009-06-23T12:26:51.607Z', 'age': 14}, 'phone': '011-25406413', 'cell': '0971-877-6956', 'id': {'name': '', 'value': None}, 'picture': {'large': 'https://randomuser.me/api/portraits/women/94.jpg', 'medium': 'https://randomuser.me/api/portraits/med/women/94.jpg', 'thumbnail': 'https://randomuser.me/api/portraits/thumb/women/94.jpg'}, 'nat': 'IR'}</msg>
<arg>${json_data['results'][0]}</arg>
<doc>Logs the given message with the given level.</doc>
<status status="PASS" start="2024-04-12T01:55:50.659396" elapsed="0.000423"/>
</kw>
<kw name="Log" owner="BuiltIn">
<msg time="2024-04-12T01:55:50.660247" level="INFO">location</msg>
<arg>${key}</arg>
<doc>Logs the given message with the given level.</doc>
<status status="PASS" start="2024-04-12T01:55:50.660120" elapsed="0.000166"/>
</kw>
<var name="${key}">location</var>
<status status="PASS" start="2024-04-12T01:55:50.658535" elapsed="0.001967"/>
</iter>
<iter>
<kw name="Dictionary Should Contain Key" owner="Collections">
<msg time="2024-04-12T01:55:50.661172" level="INFO">False</msg>
<arg>${json_data['results'][0]}</arg>
<arg>${key}</arg>
<doc>Fails if ``key`` is not found from ``dictionary``.</doc>
<status status="PASS" start="2024-04-12T01:55:50.660790" elapsed="0.000420"/>
</kw>
<kw name="Log" owner="BuiltIn">
<msg time="2024-04-12T01:55:50.661961" level="INFO">{'gender': 'female', 'name': {'title': 'Miss', 'first': 'یاسمین', 'last': 'یاسمی'}, 'location': {'street': {'number': 1804, 'name': 'پارک ولیعصر'}, 'city': 'تبریز', 'state': 'بوشهر', 'country': 'Iran', 'postcode': 91939, 'coordinates': {'latitude': '21.0172', 'longitude': '57.4781'}, 'timezone': {'offset': '+5:00', 'description': 'Ekaterinburg, Islamabad, Karachi, Tashkent'}}, 'email': 'ysmyn.ysmy@example.com', 'login': {'uuid': 'ff0a2e43-e271-45f2-a658-7885f224971a', 'username': 'orangeladybug577', 'password': 'firefigh', 'salt': 'kEet9lxA', 'md5': 'c4886973f16aaa88c6319dba795ac98f', 'sha1': 'cc486310ebcb23000914eed2b2c25c038bf8e921', 'sha256': 'c14eb10d1b1de4ed229399134e47cb4b31a36333ba9205f55038276e86e65a4a'}, 'dob': {'date': '1973-11-24T06:42:57.316Z', 'age': 50}, 'registered': {'date': '2009-06-23T12:26:51.607Z', 'age': 14}, 'phone': '011-25406413', 'cell': '0971-877-6956', 'id': {'name': '', 'value': None}, 'picture': {'large': 'https://randomuser.me/api/portraits/women/94.jpg', 'medium': 'https://randomuser.me/api/portraits/med/women/94.jpg', 'thumbnail': 'https://randomuser.me/api/portraits/thumb/women/94.jpg'}, 'nat': 'IR'}</msg>
<arg>${json_data['results'][0]}</arg>
<doc>Logs the given message with the given level.</doc>
<status status="PASS" start="2024-04-12T01:55:50.661511" elapsed="0.000502"/>
</kw>
<kw name="Log" owner="BuiltIn">
<msg time="2024-04-12T01:55:50.662487" level="INFO">email</msg>
<arg>${key}</arg>
<doc>Logs the given message with the given level.</doc>
<status status="PASS" start="2024-04-12T01:55:50.662354" elapsed="0.000172"/>
</kw>
<var name="${key}">email</var>
<status status="PASS" start="2024-04-12T01:55:50.660678" elapsed="0.002062"/>
</iter>
<iter>
<kw name="Dictionary Should Contain Key" owner="Collections">
<msg time="2024-04-12T01:55:50.663403" level="INFO">False</msg>
<arg>${json_data['results'][0]}</arg>
<arg>${key}</arg>
<doc>Fails if ``key`` is not found from ``dictionary``.</doc>
<status status="PASS" start="2024-04-12T01:55:50.663027" elapsed="0.000413"/>
</kw>
<kw name="Log" owner="BuiltIn">
<msg time="2024-04-12T01:55:50.664108" level="INFO">{'gender': 'female', 'name': {'title': 'Miss', 'first': 'یاسمین', 'last': 'یاسمی'}, 'location': {'street': {'number': 1804, 'name': 'پارک ولیعصر'}, 'city': 'تبریز', 'state': 'بوشهر', 'country': 'Iran', 'postcode': 91939, 'coordinates': {'latitude': '21.0172', 'longitude': '57.4781'}, 'timezone': {'offset': '+5:00', 'description': 'Ekaterinburg, Islamabad, Karachi, Tashkent'}}, 'email': 'ysmyn.ysmy@example.com', 'login': {'uuid': 'ff0a2e43-e271-45f2-a658-7885f224971a', 'username': 'orangeladybug577', 'password': 'firefigh', 'salt': 'kEet9lxA', 'md5': 'c4886973f16aaa88c6319dba795ac98f', 'sha1': 'cc486310ebcb23000914eed2b2c25c038bf8e921', 'sha256': 'c14eb10d1b1de4ed229399134e47cb4b31a36333ba9205f55038276e86e65a4a'}, 'dob': {'date': '1973-11-24T06:42:57.316Z', 'age': 50}, 'registered': {'date': '2009-06-23T12:26:51.607Z', 'age': 14}, 'phone': '011-25406413', 'cell': '0971-877-6956', 'id': {'name': '', 'value': None}, 'picture': {'large': 'https://randomuser.me/api/portraits/women/94.jpg', 'medium': 'https://randomuser.me/api/portraits/med/women/94.jpg', 'thumbnail': 'https://randomuser.me/api/portraits/thumb/women/94.jpg'}, 'nat': 'IR'}</msg>
<arg>${json_data['results'][0]}</arg>
<doc>Logs the given message with the given level.</doc>
<status status="PASS" start="2024-04-12T01:55:50.663737" elapsed="0.000422"/>
</kw>
<kw name="Log" owner="BuiltIn">
<msg time="2024-04-12T01:55:50.664621" level="INFO">login</msg>
<arg>${key}</arg>
<doc>Logs the given message with the given level.</doc>
<status status="PASS" start="2024-04-12T01:55:50.664461" elapsed="0.000200"/>
</kw>
<var name="${key}">login</var>
<status status="PASS" start="2024-04-12T01:55:50.662915" elapsed="0.001966"/>
</iter>
<var>${key}</var>
<value>@{expected_keys}</value>
<status status="PASS" start="2024-04-12T01:55:50.653696" elapsed="0.011312"/>
</for>
<kw name="Create List" owner="BuiltIn">
<msg time="2024-04-12T01:55:50.665350" level="INFO">${expected_keysTwo} = ['username', 'password']</msg>
<var>${expected_keysTwo}</var>
<arg>username</arg>
<arg>password</arg>
<doc>Returns a list containing given items.</doc>
<status status="PASS" start="2024-04-12T01:55:50.665207" elapsed="0.000168"/>
</kw>
<for flavor="IN">
<iter>
<kw name="Dictionary Should Contain Key" owner="Collections">
<msg time="2024-04-12T01:55:50.666408" level="INFO">False</msg>
<arg>${json_data['results'][0]['login']}</arg>
<arg>${keyTwo}</arg>
<doc>Fails if ``key`` is not found from ``dictionary``.</doc>
<status status="PASS" start="2024-04-12T01:55:50.665987" elapsed="0.000459"/>
</kw>
<kw name="Dictionary Should Contain Key" owner="Collections">
<msg time="2024-04-12T01:55:50.667231" level="INFO">False</msg>
<arg>${json_data['results'][0]['login']}</arg>
<arg>${keyTwo}</arg>
<doc>Fails if ``key`` is not found from ``dictionary``.</doc>
<status status="PASS" start="2024-04-12T01:55:50.666751" elapsed="0.000533"/>
</kw>
<kw name="Log" owner="BuiltIn">
<msg time="2024-04-12T01:55:50.667731" level="INFO">username</msg>
<arg>${keyTwo}</arg>
<doc>Logs the given message with the given level.</doc>
<status status="PASS" start="2024-04-12T01:55:50.667601" elapsed="0.000168"/>
</kw>
<var name="${keyTwo}">username</var>
<status status="PASS" start="2024-04-12T01:55:50.665872" elapsed="0.002115"/>
</iter>
<iter>
<kw name="Dictionary Should Contain Key" owner="Collections">
<msg time="2024-04-12T01:55:50.668675" level="INFO">False</msg>
<arg>${json_data['results'][0]['login']}</arg>
<arg>${keyTwo}</arg>
<doc>Fails if ``key`` is not found from ``dictionary``.</doc>
<status status="PASS" start="2024-04-12T01:55:50.668289" elapsed="0.000434"/>
</kw>
<kw name="Dictionary Should Contain Key" owner="Collections">
<msg time="2024-04-12T01:55:50.669394" level="INFO">False</msg>
<arg>${json_data['results'][0]['login']}</arg>
<arg>${keyTwo}</arg>
<doc>Fails if ``key`` is not found from ``dictionary``.</doc>
<status status="PASS" start="2024-04-12T01:55:50.669019" elapsed="0.000412"/>
</kw>
<kw name="Log" owner="BuiltIn">
<msg time="2024-04-12T01:55:50.669850" level="INFO">password</msg>
<arg>${keyTwo}</arg>
<doc>Logs the given message with the given level.</doc>
<status status="PASS" start="2024-04-12T01:55:50.669723" elapsed="0.000165"/>
</kw>
<var name="${keyTwo}">password</var>
<status status="PASS" start="2024-04-12T01:55:50.668163" elapsed="0.001969"/>
</iter>
<var>${keyTwo}</var>
<value>@{expected_keysTwo}</value>
<status status="PASS" start="2024-04-12T01:55:50.665613" elapsed="0.004643"/>
</for>
<status status="PASS" start="2024-04-12T01:55:50.544312" elapsed="0.126089"/>
</kw>
<doc>Testa a estrutura da resposta da API.</doc>
<tag>testeEstruturaResposta</tag>
<status status="PASS" start="2024-04-12T01:55:50.543311" elapsed="0.127254"/>
</test>
<test id="s1-s1-t4" name="Validar tipos de dados" line="28">
<kw name="Teste de Tipos de Dados" owner="random-user-service">
<kw name="GET On Session" owner="RequestsLibrary">
<msg time="2024-04-12T01:55:50.748816" level="INFO">GET Request : url=https://randomuser.me/api 
 path_url=/api 
 headers={'User-Agent': 'python-requests/2.31.0', 'Accept-Encoding': 'gzip, deflate', 'Accept': '*/*', 'Connection': 'keep-alive'} 
 body=None 
 </msg>
<msg time="2024-04-12T01:55:50.748889" level="INFO">GET Response : url=https://randomuser.me/api 
 status=200, reason=OK 
 headers={'Date': 'Fri, 12 Apr 2024 01:55:50 GMT', 'Content-Type': 'application/json; charset=utf-8', 'Transfer-Encoding': 'chunked', 'Connection': 'keep-alive', 'X-Powered-By': 'Express', 'Access-Control-Allow-Origin': '*', 'Cache-Control': 'no-cache', 'ETag': 'W/"4ab-9c7Qw7BSPtLk6Czv3w8OqoqRnnc"', 'Vary': 'Accept-Encoding', 'Content-Encoding': 'gzip', 'CF-Cache-Status': 'DYNAMIC', 'Report-To': '{"endpoints":[{"url":"https:\\/\\/a.nel.cloudflare.com\\/report\\/v4?s=L%2ByTyk9XSX3WoO38%2FKD1qeqQVkBP2eiPyLAFDzQLazWhYLkMFAQnnzizIDgeCg6V%2FNtJV5aMrrSNh6XM%2BcP%2FY%2BRzAYm%2FhBB4%2FZG7PfW5arLED3AP8Gp82mrYTkrhMABK"}],"group":"cf-nel","max_age":604800}', 'NEL': '{"success_fraction":0,"report_to":"cf-nel","max_age":604800}', 'Server': 'cloudflare', 'CF-RAY': '872f98b1bf640818-IAD', 'alt-svc': 'h3=":443"; ma=86400'} 
 body={"results":[{"gender":"female","name":{"title":"Miss","first":"Sharona","last":"Stegehuis"},"location":{"street":{"number":1742,"name":"Hartochstraat"},"city":"Klazienaveen-Noord","state":"Utrecht","country":"Netherlands","postcode":"5461 NQ","coordinates":{"latitude":"36.8372","longitude":"85.7219"},"timezone":{"offset":"-3:00","description":"Brazil, Buenos Aires, Georgetown"}},"email":"sharona.stegehuis@example.com","login":{"uuid":"da052a6c-6d44-454d-95a6-cc3beb2aea1f","username":"heavypeacock803","password":"person","salt":"3pqvs23v","md5":"e98aa7f74c2652814243289bc2b2f0ec","sha1":"1da7a766152eb8ab9dd8a6c84f30bebb73652780","sha256":"6d4692309da047f1d4199470380d630432188cd2afc4e39ee4bfd6487c770830"},"dob":{"date":"1955-08-30T06:32:48.967Z","age":68},"registered":{"date":"2017-04-22T10:25:28.306Z","age":6},"phone":"(0682) 199656","cell":"(06) 43214252","id":{"name":"BSN","value":"81481257"},"picture":{"large":"https://randomuser.me/api/portraits/women/88.jpg","medium":"https://randomuser.me/api/portraits/med/women/88.jpg","thumbnail":"https://randomuser.me/api/portraits/thumb/women/88.jpg"},"nat":"NL"}],"info":{"seed":"e00ae2df59be3ab8","results":1,"page":1,"version":"1.4"}} 
 </msg>
<msg time="2024-04-12T01:55:50.748947" level="INFO">/opt/hostedtoolcache/Python/3.12.2/x64/lib/python3.12/site-packages/urllib3/connectionpool.py:1103: InsecureRequestWarning: Unverified HTTPS request is being made to host 'randomuser.me'. Adding certificate verification is strongly advised. See: https://urllib3.readthedocs.io/en/latest/advanced-usage.html#tls-warnings
  warnings.warn(</msg>
<msg time="2024-04-12T01:55:50.749035" level="INFO">${response} = &lt;Response [200]&gt;</msg>
<var>${response}</var>
<arg>consultarAPI</arg>
<arg>/api</arg>
<doc>Sends a GET request on a previously created HTTP Session.</doc>
<status status="PASS" start="2024-04-12T01:55:50.673112" elapsed="0.075962"/>
</kw>
<kw name="Set Variable" owner="BuiltIn">
<msg time="2024-04-12T01:55:50.750171" level="INFO">${json_data} = {'results': [{'gender': 'female', 'name': {'title': 'Miss', 'first': 'Sharona', 'last': 'Stegehuis'}, 'location': {'street': {'number': 1742, 'name': 'Hartochstraat'}, 'city': 'Klazienaveen-Noord', 's...</msg>
<var>${json_data}</var>
<arg>${response.json()}</arg>
<doc>Returns the given values which can then be assigned to a variables.</doc>
<status status="PASS" start="2024-04-12T01:55:50.749553" elapsed="0.000652"/>
</kw>
<kw name="Log" owner="BuiltIn">
<msg time="2024-04-12T01:55:50.750673" level="INFO">{'results': [{'gender': 'female', 'name': {'title': 'Miss', 'first': 'Sharona', 'last': 'Stegehuis'}, 'location': {'street': {'number': 1742, 'name': 'Hartochstraat'}, 'city': 'Klazienaveen-Noord', 'state': 'Utrecht', 'country': 'Netherlands', 'postcode': '5461 NQ', 'coordinates': {'latitude': '36.8372', 'longitude': '85.7219'}, 'timezone': {'offset': '-3:00', 'description': 'Brazil, Buenos Aires, Georgetown'}}, 'email': 'sharona.stegehuis@example.com', 'login': {'uuid': 'da052a6c-6d44-454d-95a6-cc3beb2aea1f', 'username': 'heavypeacock803', 'password': 'person', 'salt': '3pqvs23v', 'md5': 'e98aa7f74c2652814243289bc2b2f0ec', 'sha1': '1da7a766152eb8ab9dd8a6c84f30bebb73652780', 'sha256': '6d4692309da047f1d4199470380d630432188cd2afc4e39ee4bfd6487c770830'}, 'dob': {'date': '1955-08-30T06:32:48.967Z', 'age': 68}, 'registered': {'date': '2017-04-22T10:25:28.306Z', 'age': 6}, 'phone': '(0682) 199656', 'cell': '(06) 43214252', 'id': {'name': 'BSN', 'value': '81481257'}, 'picture': {'large': 'https://randomuser.me/api/portraits/women/88.jpg', 'medium': 'https://randomuser.me/api/portraits/med/women/88.jpg', 'thumbnail': 'https://randomuser.me/api/portraits/thumb/women/88.jpg'}, 'nat': 'NL'}], 'info': {'seed': 'e00ae2df59be3ab8', 'results': 1, 'page': 1, 'version': '1.4'}}</msg>
<arg>${json_data}</arg>
<doc>Logs the given message with the given level.</doc>
<status status="PASS" start="2024-04-12T01:55:50.750519" elapsed="0.000238"/>
</kw>
<kw name="Should Be String" owner="String">
<arg>${json_data['results'][0]['gender']}</arg>
<doc>Fails if the given ``item`` is not a string.</doc>
<status status="PASS" start="2024-04-12T01:55:50.751061" elapsed="0.000361"/>
</kw>
<kw name="Should Match Regexp" owner="BuiltIn">
<arg>${json_data['results'][0]['email']}</arg>
<arg>^[a-zA-Z0-9._%+-]+@[a-zA-Z0-9.-]+\.[a-zA-Z]{2,}$</arg>
<doc>Fails if ``string`` does not match ``pattern`` as a regular expression.</doc>
<status status="PASS" start="2024-04-12T01:55:50.751616" elapsed="0.000513"/>
</kw>
<kw name="Should Match Regexp" owner="BuiltIn">
<arg>${json_data['results'][0]['dob']['date']}</arg>
<arg>\\d{4}-\\d{2}-\\d{2}T\\d{2}:\\d{2}:\\d{2}\\.\\d{3}Z</arg>
<doc>Fails if ``string`` does not match ``pattern`` as a regular expression.</doc>
<status status="PASS" start="2024-04-12T01:55:50.752326" elapsed="0.000482"/>
</kw>
<kw name="Should Match Regexp" owner="BuiltIn">
<arg>${json_data['results'][0]['registered']['date']}</arg>
<arg>\\d{4}-\\d{2}-\\d{2}T\\d{2}:\\d{2}:\\d{2}\\.\\d{3}Z</arg>
<doc>Fails if ``string`` does not match ``pattern`` as a regular expression.</doc>
<status status="PASS" start="2024-04-12T01:55:50.752998" elapsed="0.000378"/>
</kw>
<kw name="Should Match Regexp" owner="BuiltIn">
<arg>${json_data['results'][0]['picture']['large']}</arg>
<arg>^https?://.*\.(?:png|jpe?g|gif|bmp)$</arg>
<doc>Fails if ``string`` does not match ``pattern`` as a regular expression.</doc>
<status status="PASS" start="2024-04-12T01:55:50.753562" elapsed="0.000454"/>
</kw>
<kw name="Should Match Regexp" owner="BuiltIn">
<arg>${json_data['results'][0]['picture']['medium']}</arg>
<arg>^https?://.*\.(?:png|jpe?g|gif|bmp)$</arg>
<doc>Fails if ``string`` does not match ``pattern`` as a regular expression.</doc>
<status status="PASS" start="2024-04-12T01:55:50.754238" elapsed="0.000358"/>
</kw>
<kw name="Should Match Regexp" owner="BuiltIn">
<arg>${json_data['results'][0]['picture']['thumbnail']}</arg>
<arg>^https?://.*\.(?:png|jpe?g|gif|bmp)$</arg>
<doc>Fails if ``string`` does not match ``pattern`` as a regular expression.</doc>
<status status="PASS" start="2024-04-12T01:55:50.754782" elapsed="0.000352"/>
</kw>
<kw name="Log" owner="BuiltIn">
<msg time="2024-04-12T01:55:50.755648" level="INFO">{'large': 'https://randomuser.me/api/portraits/women/88.jpg', 'medium': 'https://randomuser.me/api/portraits/med/women/88.jpg', 'thumbnail': 'https://randomuser.me/api/portraits/thumb/women/88.jpg'}</msg>
<arg>${json_data['results'][0]['picture']}</arg>
<doc>Logs the given message with the given level.</doc>
<status status="PASS" start="2024-04-12T01:55:50.755314" elapsed="0.000375"/>
</kw>
<status status="PASS" start="2024-04-12T01:55:50.672879" elapsed="0.083062"/>
</kw>
<kw name="Teste de Tipos de Dados - Postcode" owner="random-user-service">
<kw name="GET On Session" owner="RequestsLibrary">
<msg time="2024-04-12T01:55:50.848208" level="INFO">GET Request : url=https://randomuser.me/api 
 path_url=/api 
 headers={'User-Agent': 'python-requests/2.31.0', 'Accept-Encoding': 'gzip, deflate', 'Accept': '*/*', 'Connection': 'keep-alive'} 
 body=None 
 </msg>
<msg time="2024-04-12T01:55:50.848291" level="INFO">GET Response : url=https://randomuser.me/api 
 status=200, reason=OK 
 headers={'Date': 'Fri, 12 Apr 2024 01:55:50 GMT', 'Content-Type': 'application/json; charset=utf-8', 'Transfer-Encoding': 'chunked', 'Connection': 'keep-alive', 'X-Powered-By': 'Express', 'Access-Control-Allow-Origin': '*', 'Cache-Control': 'no-cache', 'ETag': 'W/"48e-NmOL8eOroS0VMwup+3sVxY4ULMw"', 'Vary': 'Accept-Encoding', 'Content-Encoding': 'gzip', 'CF-Cache-Status': 'DYNAMIC', 'Report-To': '{"endpoints":[{"url":"https:\\/\\/a.nel.cloudflare.com\\/report\\/v4?s=CWuUX%2BiOSMkF8Xp4YRrilJXIscN%2FaUIXOgsZSU0TiOIPxegjm%2Bm1gmwV5IKWScAeNE3GibJPaL254I8K2atW3jXVrwWId6EP3xO7qvl1KPmUC0Y6bCq0oevhoixjSRRn"}],"group":"cf-nel","max_age":604800}', 'NEL': '{"success_fraction":0,"report_to":"cf-nel","max_age":604800}', 'Server': 'cloudflare', 'CF-RAY': '872f98b238350818-IAD', 'alt-svc': 'h3=":443"; ma=86400'} 
 body={"results":[{"gender":"male","name":{"title":"Mr","first":"Abeer","last":"Patil"},"location":{"street":{"number":2586,"name":"Maharanipeta"},"city":"Sonipat","state":"Tamil Nadu","country":"India","postcode":16869,"coordinates":{"latitude":"12.3478","longitude":"-98.5489"},"timezone":{"offset":"0:00","description":"Western Europe Time, London, Lisbon, Casablanca"}},"email":"abeer.patil@example.com","login":{"uuid":"0a747ed1-ef4e-4931-9f35-17ddf3c99622","username":"bluegoose206","password":"vinnie","salt":"60q5LohZ","md5":"4597c27271d3ae9a55f17cecad83f2d4","sha1":"573b165f61a31405255ef64b704b3e199ac2b7c2","sha256":"caa8b0e5626649016f4d97c3f6060f050219e6ceda99bd0b813fa56dd8f98905"},"dob":{"date":"1972-11-16T23:04:47.580Z","age":51},"registered":{"date":"2019-07-01T15:02:04.274Z","age":4},"phone":"9275531162","cell":"8966216227","id":{"name":"UIDAI","value":"486571863432"},"picture":{"large":"https://randomuser.me/api/portraits/men/87.jpg","medium":"https://randomuser.me/api/portraits/med/men/87.jpg","thumbnail":"https://randomuser.me/api/portraits/thumb/men/87.jpg"},"nat":"IN"}],"info":{"seed":"867ed580c7457209","results":1,"page":1,"version":"1.4"}} 
 </msg>
<msg time="2024-04-12T01:55:50.848372" level="INFO">/opt/hostedtoolcache/Python/3.12.2/x64/lib/python3.12/site-packages/urllib3/connectionpool.py:1103: InsecureRequestWarning: Unverified HTTPS request is being made to host 'randomuser.me'. Adding certificate verification is strongly advised. See: https://urllib3.readthedocs.io/en/latest/advanced-usage.html#tls-warnings
  warnings.warn(</msg>
<msg time="2024-04-12T01:55:50.848482" level="INFO">${response} = &lt;Response [200]&gt;</msg>
<var>${response}</var>
<arg>consultarAPI</arg>
<arg>/api</arg>
<doc>Sends a GET request on a previously created HTTP Session.</doc>
<status status="PASS" start="2024-04-12T01:55:50.756396" elapsed="0.092129"/>
</kw>
<kw name="Set Variable" owner="BuiltIn">
<msg time="2024-04-12T01:55:50.849629" level="INFO">${json_data} = {'results': [{'gender': 'male', 'name': {'title': 'Mr', 'first': 'Abeer', 'last': 'Patil'}, 'location': {'street': {'number': 2586, 'name': 'Maharanipeta'}, 'city': 'Sonipat', 'state': 'Tamil Nadu', '...</msg>
<var>${json_data}</var>
<arg>${response.json()}</arg>
<doc>Returns the given values which can then be assigned to a variables.</doc>
<status status="PASS" start="2024-04-12T01:55:50.849061" elapsed="0.000596"/>
</kw>
<kw name="Log" owner="BuiltIn">
<msg time="2024-04-12T01:55:50.850196" level="INFO">{'results': [{'gender': 'male', 'name': {'title': 'Mr', 'first': 'Abeer', 'last': 'Patil'}, 'location': {'street': {'number': 2586, 'name': 'Maharanipeta'}, 'city': 'Sonipat', 'state': 'Tamil Nadu', 'country': 'India', 'postcode': 16869, 'coordinates': {'latitude': '12.3478', 'longitude': '-98.5489'}, 'timezone': {'offset': '0:00', 'description': 'Western Europe Time, London, Lisbon, Casablanca'}}, 'email': 'abeer.patil@example.com', 'login': {'uuid': '0a747ed1-ef4e-4931-9f35-17ddf3c99622', 'username': 'bluegoose206', 'password': 'vinnie', 'salt': '60q5LohZ', 'md5': '4597c27271d3ae9a55f17cecad83f2d4', 'sha1': '573b165f61a31405255ef64b704b3e199ac2b7c2', 'sha256': 'caa8b0e5626649016f4d97c3f6060f050219e6ceda99bd0b813fa56dd8f98905'}, 'dob': {'date': '1972-11-16T23:04:47.580Z', 'age': 51}, 'registered': {'date': '2019-07-01T15:02:04.274Z', 'age': 4}, 'phone': '9275531162', 'cell': '8966216227', 'id': {'name': 'UIDAI', 'value': '486571863432'}, 'picture': {'large': 'https://randomuser.me/api/portraits/men/87.jpg', 'medium': 'https://randomuser.me/api/portraits/med/men/87.jpg', 'thumbnail': 'https://randomuser.me/api/portraits/thumb/men/87.jpg'}, 'nat': 'IN'}], 'info': {'seed': '867ed580c7457209', 'results': 1, 'page': 1, 'version': '1.4'}}</msg>
<arg>${json_data}</arg>
<doc>Logs the given message with the given level.</doc>
<status status="PASS" start="2024-04-12T01:55:50.849989" elapsed="0.000289"/>
</kw>
<kw name="Should Be Equal As Numbers" owner="BuiltIn">
<arg>${json_data['results'][0]['location']['postcode']}</arg>
<arg>${json_data['results'][0]['location']['postcode']}</arg>
<doc>Fails if objects are unequal after converting them to real numbers.</doc>
<status status="PASS" start="2024-04-12T01:55:50.850597" elapsed="0.000637"/>
</kw>
<kw name="Log" owner="BuiltIn">
<msg time="2024-04-12T01:55:50.851789" level="INFO">16869</msg>
<arg>${json_data['results'][0]['location']['postcode']}</arg>
<doc>Logs the given message with the given level.</doc>
<status status="PASS" start="2024-04-12T01:55:50.851435" elapsed="0.000396"/>
</kw>
<status status="PASS" start="2024-04-12T01:55:50.756158" elapsed="0.095937"/>
</kw>
<doc>Testa se os tipos de dados na resposta da API estão corretos.</doc>
<tag>testeTiposDados</tag>
<status status="PASS" start="2024-04-12T01:55:50.672333" elapsed="0.179935"/>
</test>
<test id="s1-s1-t5" name="Validar conteudo" line="35">
<kw name="Teste de Tipos de Conteudo" owner="random-user-service">
<kw name="GET On Session" owner="RequestsLibrary">
<msg time="2024-04-12T01:55:50.945938" level="INFO">GET Request : url=https://randomuser.me/api 
 path_url=/api 
 headers={'User-Agent': 'python-requests/2.31.0', 'Accept-Encoding': 'gzip, deflate', 'Accept': '*/*', 'Connection': 'keep-alive'} 
 body=None 
 </msg>
<msg time="2024-04-12T01:55:50.946049" level="INFO">GET Response : url=https://randomuser.me/api 
 status=200, reason=OK 
 headers={'Date': 'Fri, 12 Apr 2024 01:55:50 GMT', 'Content-Type': 'application/json; charset=utf-8', 'Transfer-Encoding': 'chunked', 'Connection': 'keep-alive', 'X-Powered-By': 'Express', 'Access-Control-Allow-Origin': '*', 'Cache-Control': 'no-cache', 'ETag': 'W/"47b-JjC40ZoEZSCmZZ+fHrejvPmX4M0"', 'Vary': 'Accept-Encoding', 'Content-Encoding': 'gzip', 'CF-Cache-Status': 'DYNAMIC', 'Report-To': '{"endpoints":[{"url":"https:\\/\\/a.nel.cloudflare.com\\/report\\/v4?s=aurV3KyVxkJ0KUiu15MFwL8UZtspZvKCvxIg9IfCsR6iphx%2BH1oA0fuXAmXFxf4JSLgwHBztdjn2d%2F0inXVbU0ri%2BaD0GiOxfWKMMFuIqv4HQmXI8bTL2lB6PwNe6Fkg"}],"group":"cf-nel","max_age":604800}', 'NEL': '{"success_fraction":0,"report_to":"cf-nel","max_age":604800}', 'Server': 'cloudflare', 'CF-RAY': '872f98b2d8f10818-IAD', 'alt-svc': 'h3=":443"; ma=86400'} 
 body={"results":[{"gender":"male","name":{"title":"Mr","first":"Anthony","last":"Baker"},"location":{"street":{"number":9513,"name":"West Street"},"city":"Wicklow","state":"Meath","country":"Ireland","postcode":14709,"coordinates":{"latitude":"-2.2373","longitude":"-94.4741"},"timezone":{"offset":"-8:00","description":"Pacific Time (US &amp; Canada)"}},"email":"anthony.baker@example.com","login":{"uuid":"002fffa0-89bc-476b-8c4a-0f5222ae6358","username":"crazymouse151","password":"rolling","salt":"HMUYByUW","md5":"a5b65b85f201b0232acda1ff2bd483c4","sha1":"b0995aa9aeb39716736b8cf7995139811ae0d18b","sha256":"efc93563f03d6e825ef95d115cdba52004aac7372c229e5ba83fcc111f12f706"},"dob":{"date":"2000-01-04T07:53:39.373Z","age":24},"registered":{"date":"2009-05-18T15:07:16.244Z","age":14},"phone":"011-168-4135","cell":"081-812-7486","id":{"name":"PPS","value":"6971305T"},"picture":{"large":"https://randomuser.me/api/portraits/men/14.jpg","medium":"https://randomuser.me/api/portraits/med/men/14.jpg","thumbnail":"https://randomuser.me/api/portraits/thumb/men/14.jpg"},"nat":"IE"}],"info":{"seed":"f213a856eaa1f43e","results":1,"page":1,"version":"1.4"}} 
 </msg>
<msg time="2024-04-12T01:55:50.946133" level="INFO">/opt/hostedtoolcache/Python/3.12.2/x64/lib/python3.12/site-packages/urllib3/connectionpool.py:1103: InsecureRequestWarning: Unverified HTTPS request is being made to host 'randomuser.me'. Adding certificate verification is strongly advised. See: https://urllib3.readthedocs.io/en/latest/advanced-usage.html#tls-warnings
  warnings.warn(</msg>
<msg time="2024-04-12T01:55:50.946250" level="INFO">${response} = &lt;Response [200]&gt;</msg>
<var>${response}</var>
<arg>consultarAPI</arg>
<arg>/api</arg>
<doc>Sends a GET request on a previously created HTTP Session.</doc>
<status status="PASS" start="2024-04-12T01:55:50.855205" elapsed="0.091088"/>
</kw>
<kw name="Set Variable" owner="BuiltIn">
<msg time="2024-04-12T01:55:50.947333" level="INFO">${json_data} = {'results': [{'gender': 'male', 'name': {'title': 'Mr', 'first': 'Anthony', 'last': 'Baker'}, 'location': {'street': {'number': 9513, 'name': 'West Street'}, 'city': 'Wicklow', 'state': 'Meath', 'coun...</msg>
<var>${json_data}</var>
<arg>${response.json()}</arg>
<doc>Returns the given values which can then be assigned to a variables.</doc>
<status status="PASS" start="2024-04-12T01:55:50.946775" elapsed="0.000587"/>
</kw>
<kw name="Set Variable" owner="BuiltIn">
<msg time="2024-04-12T01:55:50.948062" level="INFO">${name_title} = Mr</msg>
<var>${name_title}</var>
<arg>${json_data["results"][0]["name"]["title"]}</arg>
<doc>Returns the given values which can then be assigned to a variables.</doc>
<status status="PASS" start="2024-04-12T01:55:50.947676" elapsed="0.000412"/>
</kw>
<kw name="Create List" owner="BuiltIn">
<msg time="2024-04-12T01:55:50.948542" level="INFO">${allowed_titles} = ['Mr', 'Ms', 'Miss', 'Mrs', 'Madame', 'Monsieur']</msg>
<var>${allowed_titles}</var>
<arg>Mr</arg>
<arg>Ms</arg>
<arg>Miss</arg>
<arg>Mrs</arg>
<arg>Madame</arg>
<arg>Monsieur</arg>
<doc>Returns a list containing given items.</doc>
<status status="PASS" start="2024-04-12T01:55:50.948391" elapsed="0.000176"/>
</kw>
<kw name="List Should Contain Value" owner="Collections">
<msg time="2024-04-12T01:55:50.949056" level="INFO">False</msg>
<arg>${allowed_titles}</arg>
<arg>${name_title}</arg>
<doc>Fails if the ``value`` is not found from ``list``.</doc>
<status status="PASS" start="2024-04-12T01:55:50.948875" elapsed="0.000219"/>
</kw>
<kw name="Set Variable" owner="BuiltIn">
<msg time="2024-04-12T01:55:50.949772" level="INFO">${name_country} = IE</msg>
<var>${name_country}</var>
<arg>${json_data["results"][0]["nat"]}</arg>
<doc>Returns the given values which can then be assigned to a variables.</doc>
<status status="PASS" start="2024-04-12T01:55:50.949393" elapsed="0.000405"/>
</kw>
<kw name="Create List" owner="BuiltIn">
<msg time="2024-04-12T01:55:50.950741" level="INFO">${list_country} = ['AD', 'AE', 'AF', 'AG', 'AI', 'AL', 'AM', 'AO', 'AQ', 'AR', 'AS', 'AT', 'AU', 'AW', 'AX', 'AZ', 'BA', 'BB', 'BD', 'BE', 'BF', 'BG', 'BH', 'BI', 'BJ', 'BL', 'BM', 'BN', 'BO', 'BQ', 'BR', 'BS', 'BT', '...</msg>
<var>${list_country}</var>
<arg>AD</arg>
<arg>AE</arg>
<arg>AF</arg>
<arg>AG</arg>
<arg>AI</arg>
<arg>AL</arg>
<arg>AM</arg>
<arg>AO</arg>
<arg>AQ</arg>
<arg>AR</arg>
<arg>AS</arg>
<arg>AT</arg>
<arg>AU</arg>
<arg>AW</arg>
<arg>AX</arg>
<arg>AZ</arg>
<arg>BA</arg>
<arg>BB</arg>
<arg>BD</arg>
<arg>BE</arg>
<arg>BF</arg>
<arg>BG</arg>
<arg>BH</arg>
<arg>BI</arg>
<arg>BJ</arg>
<arg>BL</arg>
<arg>BM</arg>
<arg>BN</arg>
<arg>BO</arg>
<arg>BQ</arg>
<arg>BR</arg>
<arg>BS</arg>
<arg>BT</arg>
<arg>BV</arg>
<arg>BW</arg>
<arg>BY</arg>
<arg>BZ</arg>
<arg>CA</arg>
<arg>CC</arg>
<arg>CD</arg>
<arg>CF</arg>
<arg>CG</arg>
<arg>CH</arg>
<arg>CI</arg>
<arg>CK</arg>
<arg>CL</arg>
<arg>CM</arg>
<arg>CN</arg>
<arg>CO</arg>
<arg>CR</arg>
<arg>CU</arg>
<arg>CV</arg>
<arg>CW</arg>
<arg>CX</arg>
<arg>CY</arg>
<arg>CZ</arg>
<arg>DE</arg>
<arg>DJ</arg>
<arg>DK</arg>
<arg>DM</arg>
<arg>DO</arg>
<arg>DZ</arg>
<arg>EC</arg>
<arg>EE</arg>
<arg>EG</arg>
<arg>EH</arg>
<arg>ER</arg>
<arg>ES</arg>
<arg>ET</arg>
<arg>FI</arg>
<arg>FJ</arg>
<arg>FK</arg>
<arg>FM</arg>
<arg>FO</arg>
<arg>FR</arg>
<arg>GA</arg>
<arg>GB</arg>
<arg>GD</arg>
<arg>GE</arg>
<arg>GF</arg>
<arg>GG</arg>
<arg>GH</arg>
<arg>GI</arg>
<arg>GL</arg>
<arg>GM</arg>
<arg>GN</arg>
<arg>GP</arg>
<arg>GQ</arg>
<arg>GR</arg>
<arg>GS</arg>
<arg>GT</arg>
<arg>GU</arg>
<arg>GW</arg>
<arg>GY</arg>
<arg>HK</arg>
<arg>HM</arg>
<arg>HN</arg>
<arg>HR</arg>
<arg>HT</arg>
<arg>HU</arg>
<arg>ID</arg>
<arg>IE</arg>
<arg>IL</arg>
<arg>IM</arg>
<arg>IN</arg>
<arg>IO</arg>
<arg>IQ</arg>
<arg>IR</arg>
<arg>IS</arg>
<arg>IT</arg>
<arg>JE</arg>
<arg>JM</arg>
<arg>JO</arg>
<arg>JP</arg>
<arg>KE</arg>
<arg>KG</arg>
<arg>KH</arg>
<arg>KI</arg>
<arg>KM</arg>
<arg>KN</arg>
<arg>KP</arg>
<arg>KR</arg>
<arg>KW</arg>
<arg>KY</arg>
<arg>KZ</arg>
<arg>LA</arg>
<arg>LB</arg>
<arg>LC</arg>
<arg>LI</arg>
<arg>LK</arg>
<arg>LR</arg>
<arg>LS</arg>
<arg>LT</arg>
<arg>LU</arg>
<arg>LV</arg>
<arg>LY</arg>
<arg>MA</arg>
<arg>MC</arg>
<arg>MD</arg>
<arg>ME</arg>
<arg>MF</arg>
<arg>MG</arg>
<arg>MH</arg>
<arg>MK</arg>
<arg>ML</arg>
<arg>MM</arg>
<arg>MN</arg>
<arg>MO</arg>
<arg>MP</arg>
<arg>MQ</arg>
<arg>MR</arg>
<arg>MS</arg>
<arg>MT</arg>
<arg>MU</arg>
<arg>MV</arg>
<arg>MW</arg>
<arg>MX</arg>
<arg>MY</arg>
<arg>MZ</arg>
<arg>NA</arg>
<arg>NC</arg>
<arg>NE</arg>
<arg>NF</arg>
<arg>NG</arg>
<arg>NI</arg>
<arg>NL</arg>
<arg>NO</arg>
<arg>NP</arg>
<arg>NR</arg>
<arg>NU</arg>
<arg>NZ</arg>
<arg>OM</arg>
<arg>PA</arg>
<arg>PE</arg>
<arg>PF</arg>
<arg>PG</arg>
<arg>PH</arg>
<arg>PK</arg>
<arg>PL</arg>
<arg>PM</arg>
<arg>PN</arg>
<arg>PR</arg>
<arg>PS</arg>
<arg>PT</arg>
<arg>PW</arg>
<arg>PY</arg>
<arg>QA</arg>
<arg>RE</arg>
<arg>RO</arg>
<arg>RS</arg>
<arg>RU</arg>
<arg>RW</arg>
<arg>SA</arg>
<arg>SB</arg>
<arg>SC</arg>
<arg>SD</arg>
<arg>SE</arg>
<arg>SG</arg>
<arg>SH</arg>
<arg>SI</arg>
<arg>SJ</arg>
<arg>SK</arg>
<arg>SL</arg>
<arg>SM</arg>
<arg>SN</arg>
<arg>SO</arg>
<arg>SR</arg>
<arg>SS</arg>
<arg>ST</arg>
<arg>SV</arg>
<arg>SX</arg>
<arg>SY</arg>
<arg>SZ</arg>
<arg>TC</arg>
<arg>TD</arg>
<arg>TF</arg>
<arg>TG</arg>
<arg>TH</arg>
<arg>TJ</arg>
<arg>TK</arg>
<arg>TL</arg>
<arg>TM</arg>
<arg>TN</arg>
<arg>TO</arg>
<arg>TR</arg>
<arg>TT</arg>
<arg>TV</arg>
<arg>TW</arg>
<arg>TZ</arg>
<arg>UA</arg>
<arg>UG</arg>
<arg>UM</arg>
<arg>US</arg>
<arg>UY</arg>
<arg>UZ</arg>
<arg>VA</arg>
<arg>VC</arg>
<arg>VE</arg>
<arg>VG</arg>
<arg>VI</arg>
<arg>VN</arg>
<arg>VU</arg>
<arg>WF</arg>
<arg>WS</arg>
<arg>XK</arg>
<arg>YE</arg>
<arg>YT</arg>
<arg>ZA</arg>
<arg>ZM</arg>
<arg>ZW</arg>
<doc>Returns a list containing given items.</doc>
<status status="PASS" start="2024-04-12T01:55:50.950137" elapsed="0.000630"/>
</kw>
<kw name="List Should Contain Value" owner="Collections">
<msg time="2024-04-12T01:55:50.951764" level="INFO">False</msg>
<arg>${list_country}</arg>
<arg>${name_country}</arg>
<doc>Fails if the ``value`` is not found from ``list``.</doc>
<status status="PASS" start="2024-04-12T01:55:50.951553" elapsed="0.000248"/>
</kw>
<kw name="Run Keyword If" owner="BuiltIn">
<kw name="Should Be True" owner="BuiltIn">
<arg>${True}</arg>
<doc>Fails if the given condition is not true.</doc>
<status status="PASS" start="2024-04-12T01:55:50.953015" elapsed="0.000147"/>
</kw>
<arg>${json_data["results"][0]["location"]["coordinates"]["latitude"]} &gt;= -90 and ${json_data["results"][0]["location"]["coordinates"]["latitude"]} &lt;= 90</arg>
<arg>Should Be True</arg>
<arg>${True}</arg>
<doc>Runs the given keyword with the given arguments, if ``condition`` is true.</doc>
<status status="PASS" start="2024-04-12T01:55:50.952116" elapsed="0.001177"/>
</kw>
<kw name="Run Keyword If" owner="BuiltIn">
<kw name="Should Be True" owner="BuiltIn">
<arg>${True}</arg>
<doc>Fails if the given condition is not true.</doc>
<status status="PASS" start="2024-04-12T01:55:50.954224" elapsed="0.000155"/>
</kw>
<arg>${json_data["results"][0]["location"]["coordinates"]["longitude"]} &gt;= -180 and ${json_data["results"][0]["location"]["coordinates"]["longitude"]} &lt;= 180</arg>
<arg>Should Be True</arg>
<arg>${True}</arg>
<doc>Runs the given keyword with the given arguments, if ``condition`` is true.</doc>
<status status="PASS" start="2024-04-12T01:55:50.953483" elapsed="0.001024"/>
</kw>
<status status="PASS" start="2024-04-12T01:55:50.854822" elapsed="0.099819"/>
</kw>
<doc>Testa o conteúdo específico dos campos retornados pela API.</doc>
<tag>testeConteudo</tag>
<status status="PASS" start="2024-04-12T01:55:50.854103" elapsed="0.100695"/>
</test>
<status status="PASS" start="2024-04-12T01:55:50.053806" elapsed="0.902995"/>
</suite>
<status status="PASS" start="2024-04-12T01:55:50.040280" elapsed="0.921955"/>
</suite>
<statistics>
<total>
<stat pass="5" fail="0" skip="0">All Tests</stat>
</total>
<tag>
<stat pass="1" fail="0" skip="0">testeConteudo</stat>
<stat pass="1" fail="0" skip="0">testeEstruturaResposta</stat>
<stat pass="1" fail="0" skip="0">testeRequisicaoBasica</stat>
<stat pass="1" fail="0" skip="0">testeTiposDados</stat>
</tag>
<suite>
<stat pass="5" fail="0" skip="0" id="s1" name="Tests">Tests</stat>
<stat pass="5" fail="0" skip="0" id="s1-s1" name="Random-User-Test">Tests.Random-User-Test</stat>
</suite>
</statistics>
<errors>
</errors>
</robot>
