<?xml version="1.0" encoding="UTF-8"?>
<robot generator="Robot 7.0 (Python 3.12.3 on linux)" generated="2024-05-23T03:15:50.030369" rpa="false" schemaversion="5">
<suite id="s1" name="Tests" source="/home/runner/work/DesafioQAItauRogerioJordao/DesafioQAItauRogerioJordao/RamdonUser/tests">
<suite id="s1-s1" name="Random-User-Test" source="/home/runner/work/DesafioQAItauRogerioJordao/DesafioQAItauRogerioJordao/RamdonUser/tests/random-user-test.robot">
<test id="s1-s1-t1" name="Conectar" line="13">
<kw name="Conectar API" owner="random-user-service">
<kw name="Create Session" owner="RequestsLibrary">
<msg time="2024-05-23T03:15:50.415076" level="INFO">Creating Session using : alias=consultarAPI, url=https://randomuser.me/, headers={},                     cookies={}, auth=None, timeout=None, proxies=None, verify=False,                     debug=0 </msg>
<arg>consultarAPI</arg>
<arg>${URL}</arg>
<doc>Create Session: create a HTTP session to a server</doc>
<status status="PASS" start="2024-05-23T03:15:50.414881" elapsed="0.000362"/>
</kw>
<status status="PASS" start="2024-05-23T03:15:50.413888" elapsed="0.001705"/>
</kw>
<status status="PASS" start="2024-05-23T03:15:50.413353" elapsed="0.002463"/>
</test>
<test id="s1-s1-t2" name="Validar retorno 200 e JSON Válido" line="16">
<kw name="Teste de Requisicao Basica" owner="random-user-service">
<kw name="GET On Session" owner="RequestsLibrary">
<msg time="2024-05-23T03:15:50.607797" level="INFO">GET Request : url=https://randomuser.me/api 
 path_url=/api 
 headers={'User-Agent': 'python-requests/2.32.2', 'Accept-Encoding': 'gzip, deflate', 'Accept': '*/*', 'Connection': 'keep-alive'} 
 body=None 
 </msg>
<msg time="2024-05-23T03:15:50.607938" level="INFO">GET Response : url=https://randomuser.me/api 
 status=200, reason=OK 
 headers={'Date': 'Thu, 23 May 2024 03:15:50 GMT', 'Content-Type': 'application/json; charset=utf-8', 'Transfer-Encoding': 'chunked', 'Connection': 'keep-alive', 'X-Powered-By': 'Express', 'Access-Control-Allow-Origin': '*', 'Cache-Control': 'no-cache', 'ETag': 'W/"490-TKBNAeQ8NSxposEy9y8UfAtlX0E"', 'Vary': 'Accept-Encoding', 'Content-Encoding': 'gzip', 'CF-Cache-Status': 'DYNAMIC', 'Report-To': '{"endpoints":[{"url":"https:\\/\\/a.nel.cloudflare.com\\/report\\/v4?s=T3IDc4GZliNCdouL027bd%2FP4bqabdNynkHKgHsVGHXrcSEgJIEs3dyGslbBDh4sdJ%2BUtY7GRj%2BdFLPyR3autuxKoVfH08fUoZvBt9s5r5x8fGjnQlD36F7ldPZ1c%2BdVs"}],"group":"cf-nel","max_age":604800}', 'NEL': '{"success_fraction":0,"report_to":"cf-nel","max_age":604800}', 'Server': 'cloudflare', 'CF-RAY': '8881e240f8f33952-IAD', 'alt-svc': 'h3=":443"; ma=86400'} 
 body={"results":[{"gender":"male","name":{"title":"Monsieur","first":"Grégory","last":"Da Silva"},"location":{"street":{"number":9385,"name":"Avenue Joliot Curie"},"city":"Untereggen","state":"Glarus","country":"Switzerland","postcode":4042,"coordinates":{"latitude":"-58.3906","longitude":"-66.5884"},"timezone":{"offset":"-10:00","description":"Hawaii"}},"email":"gregory.dasilva@example.com","login":{"uuid":"621f1e58-8779-4a43-8de3-c2e8572514c8","username":"whiteelephant777","password":"stephen","salt":"HDDJProF","md5":"02e52b321313e56904a8bffebfe72801","sha1":"a4701e3e406772488d40e50c4a6057c8aeb07956","sha256":"414ddac8e756759e4448b61e7351ef6f20907884b7e62312fb7ca3a8948789f5"},"dob":{"date":"1953-03-05T13:53:34.725Z","age":71},"registered":{"date":"2020-10-19T19:07:22.599Z","age":3},"phone":"077 131 27 50","cell":"076 945 35 32","id":{"name":"AVS","value":"756.9687.7552.57"},"picture":{"large":"https://randomuser.me/api/portraits/men/55.jpg","medium":"https://randomuser.me/api/portraits/med/men/55.jpg","thumbnail":"https://randomuser.me/api/portraits/thumb/men/55.jpg"},"nat":"CH"}],"info":{"seed":"be0851de8580fcbf","results":1,"page":1,"version":"1.4"}} 
 </msg>
<msg time="2024-05-23T03:15:50.608017" level="INFO">/opt/hostedtoolcache/Python/3.12.3/x64/lib/python3.12/site-packages/urllib3/connectionpool.py:1103: InsecureRequestWarning: Unverified HTTPS request is being made to host 'randomuser.me'. Adding certificate verification is strongly advised. See: https://urllib3.readthedocs.io/en/latest/advanced-usage.html#tls-warnings
  warnings.warn(</msg>
<msg time="2024-05-23T03:15:50.608157" level="INFO">${response} = &lt;Response [200]&gt;</msg>
<var>${response}</var>
<arg>consultarAPI</arg>
<arg>/api</arg>
<doc>Sends a GET request on a previously created HTTP Session.</doc>
<status status="PASS" start="2024-05-23T03:15:50.418345" elapsed="0.189853"/>
</kw>
<kw name="Should Be Equal As Numbers" owner="BuiltIn">
<msg time="2024-05-23T03:15:50.609280" level="INFO">Argument types are:
&lt;class 'int'&gt;
&lt;class 'str'&gt;</msg>
<arg>${response.status_code}</arg>
<arg>200</arg>
<doc>Fails if objects are unequal after converting them to real numbers.</doc>
<status status="PASS" start="2024-05-23T03:15:50.608802" elapsed="0.000546"/>
</kw>
<kw name="Log" owner="BuiltIn">
<msg time="2024-05-23T03:15:50.610079" level="INFO">200</msg>
<arg>${response.status_code}</arg>
<doc>Logs the given message with the given level.</doc>
<status status="PASS" start="2024-05-23T03:15:50.609722" elapsed="0.000405"/>
</kw>
<kw name="Set Variable" owner="BuiltIn">
<msg time="2024-05-23T03:15:50.610889" level="INFO">${json_data} = {'results': [{'gender': 'male', 'name': {'title': 'Monsieur', 'first': 'Grégory', 'last': 'Da Silva'}, 'location': {'street': {'number': 9385, 'name': 'Avenue Joliot Curie'}, 'city': 'Untereggen', 'st...</msg>
<var>${json_data}</var>
<arg>${response.json()}</arg>
<doc>Returns the given values which can then be assigned to a variables.</doc>
<status status="PASS" start="2024-05-23T03:15:50.610447" elapsed="0.000472"/>
</kw>
<kw name="Dictionary Should Contain Key" owner="Collections">
<msg time="2024-05-23T03:15:50.611401" level="INFO">False</msg>
<arg>${json_data}</arg>
<arg>results</arg>
<doc>Fails if ``key`` is not found from ``dictionary``.</doc>
<status status="PASS" start="2024-05-23T03:15:50.611225" elapsed="0.000377"/>
</kw>
<status status="PASS" start="2024-05-23T03:15:50.418095" elapsed="0.193815"/>
</kw>
<doc>Testa se a API responde corretamente e retorna um objeto JSON válido.</doc>
<tag>testeRequisicaoBasica</tag>
<status status="PASS" start="2024-05-23T03:15:50.417646" elapsed="0.194445"/>
</test>
<test id="s1-s1-t3" name="Validar estrutura de resposta" line="22">
<kw name="Teste de Estrutura de Resposta" owner="random-user-service">
<kw name="GET On Session" owner="RequestsLibrary">
<msg time="2024-05-23T03:15:50.697624" level="INFO">GET Request : url=https://randomuser.me/api 
 path_url=/api 
 headers={'User-Agent': 'python-requests/2.32.2', 'Accept-Encoding': 'gzip, deflate', 'Accept': '*/*', 'Connection': 'keep-alive'} 
 body=None 
 </msg>
<msg time="2024-05-23T03:15:50.697701" level="INFO">GET Response : url=https://randomuser.me/api 
 status=200, reason=OK 
 headers={'Date': 'Thu, 23 May 2024 03:15:50 GMT', 'Content-Type': 'application/json; charset=utf-8', 'Transfer-Encoding': 'chunked', 'Connection': 'keep-alive', 'X-Powered-By': 'Express', 'Access-Control-Allow-Origin': '*', 'Cache-Control': 'no-cache', 'ETag': 'W/"497-7mEegXvZGX6SlIJYxXhht60Wzi0"', 'Vary': 'Accept-Encoding', 'Content-Encoding': 'gzip', 'CF-Cache-Status': 'DYNAMIC', 'Report-To': '{"endpoints":[{"url":"https:\\/\\/a.nel.cloudflare.com\\/report\\/v4?s=p79BT8BxkajnVcFajVbBc4MwoxIj1jRaK0XD%2FD4TEPCRt4EK718ZyQP57DIizihTjLl24DNd7WhIQ%2FpuMAxzgu5IpBlpDo%2F1n8igpsWLMz41Z8BE4tzx8SRMrNM9KDx0"}],"group":"cf-nel","max_age":604800}', 'NEL': '{"success_fraction":0,"report_to":"cf-nel","max_age":604800}', 'Server': 'cloudflare', 'CF-RAY': '8881e241595f3952-IAD', 'alt-svc': 'h3=":443"; ma=86400'} 
 body={"results":[{"gender":"male","name":{"title":"Mr","first":"Gregorio","last":"Blanco"},"location":{"street":{"number":675,"name":"Calle de Alberto Aguilera"},"city":"La Coruña","state":"Extremadura","country":"Spain","postcode":72322,"coordinates":{"latitude":"-35.0975","longitude":"-174.4352"},"timezone":{"offset":"-7:00","description":"Mountain Time (US &amp; Canada)"}},"email":"gregorio.blanco@example.com","login":{"uuid":"6021469b-4195-4277-b8a8-8e79fbce35ef","username":"redleopard551","password":"macaroni","salt":"peJuiDBR","md5":"1b0a069e649996b7cdc0700ee1561658","sha1":"d548aa168741fa4eb01b8c818d563cd0bb88cecf","sha256":"5376f0d16bc2a34c9a198c107cd82da72a1016da4f00c697f1f35877b9b1fa73"},"dob":{"date":"1995-11-23T05:42:46.998Z","age":28},"registered":{"date":"2011-08-17T04:07:12.872Z","age":12},"phone":"996-782-399","cell":"682-435-370","id":{"name":"DNI","value":"54557318-O"},"picture":{"large":"https://randomuser.me/api/portraits/men/58.jpg","medium":"https://randomuser.me/api/portraits/med/men/58.jpg","thumbnail":"https://randomuser.me/api/portraits/thumb/men/58.jpg"},"nat":"ES"}],"info":{"seed":"8ed8985f540adb43","results":1,"page":1,"version":"1.4"}} 
 </msg>
<msg time="2024-05-23T03:15:50.697797" level="INFO">/opt/hostedtoolcache/Python/3.12.3/x64/lib/python3.12/site-packages/urllib3/connectionpool.py:1103: InsecureRequestWarning: Unverified HTTPS request is being made to host 'randomuser.me'. Adding certificate verification is strongly advised. See: https://urllib3.readthedocs.io/en/latest/advanced-usage.html#tls-warnings
  warnings.warn(</msg>
<msg time="2024-05-23T03:15:50.697904" level="INFO">${response} = &lt;Response [200]&gt;</msg>
<var>${response}</var>
<arg>consultarAPI</arg>
<arg>/api</arg>
<doc>Sends a GET request on a previously created HTTP Session.</doc>
<status status="PASS" start="2024-05-23T03:15:50.614738" elapsed="0.083205"/>
</kw>
<kw name="Set Variable" owner="BuiltIn">
<msg time="2024-05-23T03:15:50.698941" level="INFO">${json_data} = {'results': [{'gender': 'male', 'name': {'title': 'Mr', 'first': 'Gregorio', 'last': 'Blanco'}, 'location': {'street': {'number': 675, 'name': 'Calle de Alberto Aguilera'}, 'city': 'La Coruña', 'state...</msg>
<var>${json_data}</var>
<arg>${response.json()}</arg>
<doc>Returns the given values which can then be assigned to a variables.</doc>
<status status="PASS" start="2024-05-23T03:15:50.698382" elapsed="0.000588"/>
</kw>
<kw name="Log" owner="BuiltIn">
<msg time="2024-05-23T03:15:50.699443" level="INFO">{'results': [{'gender': 'male', 'name': {'title': 'Mr', 'first': 'Gregorio', 'last': 'Blanco'}, 'location': {'street': {'number': 675, 'name': 'Calle de Alberto Aguilera'}, 'city': 'La Coruña', 'state': 'Extremadura', 'country': 'Spain', 'postcode': 72322, 'coordinates': {'latitude': '-35.0975', 'longitude': '-174.4352'}, 'timezone': {'offset': '-7:00', 'description': 'Mountain Time (US &amp; Canada)'}}, 'email': 'gregorio.blanco@example.com', 'login': {'uuid': '6021469b-4195-4277-b8a8-8e79fbce35ef', 'username': 'redleopard551', 'password': 'macaroni', 'salt': 'peJuiDBR', 'md5': '1b0a069e649996b7cdc0700ee1561658', 'sha1': 'd548aa168741fa4eb01b8c818d563cd0bb88cecf', 'sha256': '5376f0d16bc2a34c9a198c107cd82da72a1016da4f00c697f1f35877b9b1fa73'}, 'dob': {'date': '1995-11-23T05:42:46.998Z', 'age': 28}, 'registered': {'date': '2011-08-17T04:07:12.872Z', 'age': 12}, 'phone': '996-782-399', 'cell': '682-435-370', 'id': {'name': 'DNI', 'value': '54557318-O'}, 'picture': {'large': 'https://randomuser.me/api/portraits/men/58.jpg', 'medium': 'https://randomuser.me/api/portraits/med/men/58.jpg', 'thumbnail': 'https://randomuser.me/api/portraits/thumb/men/58.jpg'}, 'nat': 'ES'}], 'info': {'seed': '8ed8985f540adb43', 'results': 1, 'page': 1, 'version': '1.4'}}</msg>
<arg>${json_data}</arg>
<doc>Logs the given message with the given level.</doc>
<status status="PASS" start="2024-05-23T03:15:50.699285" elapsed="0.000207"/>
</kw>
<kw name="Dictionary Should Contain Key" owner="Collections">
<msg time="2024-05-23T03:15:50.699982" level="INFO">False</msg>
<arg>${json_data}</arg>
<arg>results</arg>
<doc>Fails if ``key`` is not found from ``dictionary``.</doc>
<status status="PASS" start="2024-05-23T03:15:50.699826" elapsed="0.000194"/>
</kw>
<kw name="Should Not Be Empty" owner="BuiltIn">
<msg time="2024-05-23T03:15:50.700463" level="INFO">Length is 2.</msg>
<arg>${json_data}</arg>
<doc>Verifies that the given item is not empty.</doc>
<status status="PASS" start="2024-05-23T03:15:50.700324" elapsed="0.000179"/>
</kw>
<kw name="Create List" owner="BuiltIn">
<msg time="2024-05-23T03:15:50.700955" level="INFO">${expected_keys} = ['gender', 'name', 'location', 'email', 'login']</msg>
<var>${expected_keys}</var>
<arg>gender</arg>
<arg>name</arg>
<arg>location</arg>
<arg>email</arg>
<arg>login</arg>
<doc>Returns a list containing given items.</doc>
<status status="PASS" start="2024-05-23T03:15:50.700801" elapsed="0.000178"/>
</kw>
<for flavor="IN">
<iter>
<kw name="Dictionary Should Contain Key" owner="Collections">
<msg time="2024-05-23T03:15:50.701960" level="INFO">False</msg>
<arg>${json_data['results'][0]}</arg>
<arg>${key}</arg>
<doc>Fails if ``key`` is not found from ``dictionary``.</doc>
<status status="PASS" start="2024-05-23T03:15:50.701559" elapsed="0.000446"/>
</kw>
<kw name="Log" owner="BuiltIn">
<msg time="2024-05-23T03:15:50.702681" level="INFO">{'gender': 'male', 'name': {'title': 'Mr', 'first': 'Gregorio', 'last': 'Blanco'}, 'location': {'street': {'number': 675, 'name': 'Calle de Alberto Aguilera'}, 'city': 'La Coruña', 'state': 'Extremadura', 'country': 'Spain', 'postcode': 72322, 'coordinates': {'latitude': '-35.0975', 'longitude': '-174.4352'}, 'timezone': {'offset': '-7:00', 'description': 'Mountain Time (US &amp; Canada)'}}, 'email': 'gregorio.blanco@example.com', 'login': {'uuid': '6021469b-4195-4277-b8a8-8e79fbce35ef', 'username': 'redleopard551', 'password': 'macaroni', 'salt': 'peJuiDBR', 'md5': '1b0a069e649996b7cdc0700ee1561658', 'sha1': 'd548aa168741fa4eb01b8c818d563cd0bb88cecf', 'sha256': '5376f0d16bc2a34c9a198c107cd82da72a1016da4f00c697f1f35877b9b1fa73'}, 'dob': {'date': '1995-11-23T05:42:46.998Z', 'age': 28}, 'registered': {'date': '2011-08-17T04:07:12.872Z', 'age': 12}, 'phone': '996-782-399', 'cell': '682-435-370', 'id': {'name': 'DNI', 'value': '54557318-O'}, 'picture': {'large': 'https://randomuser.me/api/portraits/men/58.jpg', 'medium': 'https://randomuser.me/api/portraits/med/men/58.jpg', 'thumbnail': 'https://randomuser.me/api/portraits/thumb/men/58.jpg'}, 'nat': 'ES'}</msg>
<arg>${json_data['results'][0]}</arg>
<doc>Logs the given message with the given level.</doc>
<status status="PASS" start="2024-05-23T03:15:50.702308" elapsed="0.000427"/>
</kw>
<kw name="Log" owner="BuiltIn">
<msg time="2024-05-23T03:15:50.703163" level="INFO">gender</msg>
<arg>${key}</arg>
<doc>Logs the given message with the given level.</doc>
<status status="PASS" start="2024-05-23T03:15:50.703034" elapsed="0.000166"/>
</kw>
<var name="${key}">gender</var>
<status status="PASS" start="2024-05-23T03:15:50.701429" elapsed="0.001986"/>
</iter>
<iter>
<kw name="Dictionary Should Contain Key" owner="Collections">
<msg time="2024-05-23T03:15:50.704140" level="INFO">False</msg>
<arg>${json_data['results'][0]}</arg>
<arg>${key}</arg>
<doc>Fails if ``key`` is not found from ``dictionary``.</doc>
<status status="PASS" start="2024-05-23T03:15:50.703750" elapsed="0.000428"/>
</kw>
<kw name="Log" owner="BuiltIn">
<msg time="2024-05-23T03:15:50.704875" level="INFO">{'gender': 'male', 'name': {'title': 'Mr', 'first': 'Gregorio', 'last': 'Blanco'}, 'location': {'street': {'number': 675, 'name': 'Calle de Alberto Aguilera'}, 'city': 'La Coruña', 'state': 'Extremadura', 'country': 'Spain', 'postcode': 72322, 'coordinates': {'latitude': '-35.0975', 'longitude': '-174.4352'}, 'timezone': {'offset': '-7:00', 'description': 'Mountain Time (US &amp; Canada)'}}, 'email': 'gregorio.blanco@example.com', 'login': {'uuid': '6021469b-4195-4277-b8a8-8e79fbce35ef', 'username': 'redleopard551', 'password': 'macaroni', 'salt': 'peJuiDBR', 'md5': '1b0a069e649996b7cdc0700ee1561658', 'sha1': 'd548aa168741fa4eb01b8c818d563cd0bb88cecf', 'sha256': '5376f0d16bc2a34c9a198c107cd82da72a1016da4f00c697f1f35877b9b1fa73'}, 'dob': {'date': '1995-11-23T05:42:46.998Z', 'age': 28}, 'registered': {'date': '2011-08-17T04:07:12.872Z', 'age': 12}, 'phone': '996-782-399', 'cell': '682-435-370', 'id': {'name': 'DNI', 'value': '54557318-O'}, 'picture': {'large': 'https://randomuser.me/api/portraits/men/58.jpg', 'medium': 'https://randomuser.me/api/portraits/med/men/58.jpg', 'thumbnail': 'https://randomuser.me/api/portraits/thumb/men/58.jpg'}, 'nat': 'ES'}</msg>
<arg>${json_data['results'][0]}</arg>
<doc>Logs the given message with the given level.</doc>
<status status="PASS" start="2024-05-23T03:15:50.704505" elapsed="0.000420"/>
</kw>
<kw name="Log" owner="BuiltIn">
<msg time="2024-05-23T03:15:50.705377" level="INFO">name</msg>
<arg>${key}</arg>
<doc>Logs the given message with the given level.</doc>
<status status="PASS" start="2024-05-23T03:15:50.705244" elapsed="0.000170"/>
</kw>
<var name="${key}">name</var>
<status status="PASS" start="2024-05-23T03:15:50.703603" elapsed="0.002046"/>
</iter>
<iter>
<kw name="Dictionary Should Contain Key" owner="Collections">
<msg time="2024-05-23T03:15:50.706340" level="INFO">False</msg>
<arg>${json_data['results'][0]}</arg>
<arg>${key}</arg>
<doc>Fails if ``key`` is not found from ``dictionary``.</doc>
<status status="PASS" start="2024-05-23T03:15:50.705952" elapsed="0.000426"/>
</kw>
<kw name="Log" owner="BuiltIn">
<msg time="2024-05-23T03:15:50.707049" level="INFO">{'gender': 'male', 'name': {'title': 'Mr', 'first': 'Gregorio', 'last': 'Blanco'}, 'location': {'street': {'number': 675, 'name': 'Calle de Alberto Aguilera'}, 'city': 'La Coruña', 'state': 'Extremadura', 'country': 'Spain', 'postcode': 72322, 'coordinates': {'latitude': '-35.0975', 'longitude': '-174.4352'}, 'timezone': {'offset': '-7:00', 'description': 'Mountain Time (US &amp; Canada)'}}, 'email': 'gregorio.blanco@example.com', 'login': {'uuid': '6021469b-4195-4277-b8a8-8e79fbce35ef', 'username': 'redleopard551', 'password': 'macaroni', 'salt': 'peJuiDBR', 'md5': '1b0a069e649996b7cdc0700ee1561658', 'sha1': 'd548aa168741fa4eb01b8c818d563cd0bb88cecf', 'sha256': '5376f0d16bc2a34c9a198c107cd82da72a1016da4f00c697f1f35877b9b1fa73'}, 'dob': {'date': '1995-11-23T05:42:46.998Z', 'age': 28}, 'registered': {'date': '2011-08-17T04:07:12.872Z', 'age': 12}, 'phone': '996-782-399', 'cell': '682-435-370', 'id': {'name': 'DNI', 'value': '54557318-O'}, 'picture': {'large': 'https://randomuser.me/api/portraits/men/58.jpg', 'medium': 'https://randomuser.me/api/portraits/med/men/58.jpg', 'thumbnail': 'https://randomuser.me/api/portraits/thumb/men/58.jpg'}, 'nat': 'ES'}</msg>
<arg>${json_data['results'][0]}</arg>
<doc>Logs the given message with the given level.</doc>
<status status="PASS" start="2024-05-23T03:15:50.706686" elapsed="0.000415"/>
</kw>
<kw name="Log" owner="BuiltIn">
<msg time="2024-05-23T03:15:50.707526" level="INFO">location</msg>
<arg>${key}</arg>
<doc>Logs the given message with the given level.</doc>
<status status="PASS" start="2024-05-23T03:15:50.707400" elapsed="0.000162"/>
</kw>
<var name="${key}">location</var>
<status status="PASS" start="2024-05-23T03:15:50.705839" elapsed="0.001982"/>
</iter>
<iter>
<kw name="Dictionary Should Contain Key" owner="Collections">
<msg time="2024-05-23T03:15:50.708588" level="INFO">False</msg>
<arg>${json_data['results'][0]}</arg>
<arg>${key}</arg>
<doc>Fails if ``key`` is not found from ``dictionary``.</doc>
<status status="PASS" start="2024-05-23T03:15:50.708106" elapsed="0.000521"/>
</kw>
<kw name="Log" owner="BuiltIn">
<msg time="2024-05-23T03:15:50.709285" level="INFO">{'gender': 'male', 'name': {'title': 'Mr', 'first': 'Gregorio', 'last': 'Blanco'}, 'location': {'street': {'number': 675, 'name': 'Calle de Alberto Aguilera'}, 'city': 'La Coruña', 'state': 'Extremadura', 'country': 'Spain', 'postcode': 72322, 'coordinates': {'latitude': '-35.0975', 'longitude': '-174.4352'}, 'timezone': {'offset': '-7:00', 'description': 'Mountain Time (US &amp; Canada)'}}, 'email': 'gregorio.blanco@example.com', 'login': {'uuid': '6021469b-4195-4277-b8a8-8e79fbce35ef', 'username': 'redleopard551', 'password': 'macaroni', 'salt': 'peJuiDBR', 'md5': '1b0a069e649996b7cdc0700ee1561658', 'sha1': 'd548aa168741fa4eb01b8c818d563cd0bb88cecf', 'sha256': '5376f0d16bc2a34c9a198c107cd82da72a1016da4f00c697f1f35877b9b1fa73'}, 'dob': {'date': '1995-11-23T05:42:46.998Z', 'age': 28}, 'registered': {'date': '2011-08-17T04:07:12.872Z', 'age': 12}, 'phone': '996-782-399', 'cell': '682-435-370', 'id': {'name': 'DNI', 'value': '54557318-O'}, 'picture': {'large': 'https://randomuser.me/api/portraits/men/58.jpg', 'medium': 'https://randomuser.me/api/portraits/med/men/58.jpg', 'thumbnail': 'https://randomuser.me/api/portraits/thumb/men/58.jpg'}, 'nat': 'ES'}</msg>
<arg>${json_data['results'][0]}</arg>
<doc>Logs the given message with the given level.</doc>
<status status="PASS" start="2024-05-23T03:15:50.708926" elapsed="0.000411"/>
</kw>
<kw name="Log" owner="BuiltIn">
<msg time="2024-05-23T03:15:50.709760" level="INFO">email</msg>
<arg>${key}</arg>
<doc>Logs the given message with the given level.</doc>
<status status="PASS" start="2024-05-23T03:15:50.709632" elapsed="0.000164"/>
</kw>
<var name="${key}">email</var>
<status status="PASS" start="2024-05-23T03:15:50.707996" elapsed="0.002017"/>
</iter>
<iter>
<kw name="Dictionary Should Contain Key" owner="Collections">
<msg time="2024-05-23T03:15:50.710685" level="INFO">False</msg>
<arg>${json_data['results'][0]}</arg>
<arg>${key}</arg>
<doc>Fails if ``key`` is not found from ``dictionary``.</doc>
<status status="PASS" start="2024-05-23T03:15:50.710301" elapsed="0.000421"/>
</kw>
<kw name="Log" owner="BuiltIn">
<msg time="2024-05-23T03:15:50.711392" level="INFO">{'gender': 'male', 'name': {'title': 'Mr', 'first': 'Gregorio', 'last': 'Blanco'}, 'location': {'street': {'number': 675, 'name': 'Calle de Alberto Aguilera'}, 'city': 'La Coruña', 'state': 'Extremadura', 'country': 'Spain', 'postcode': 72322, 'coordinates': {'latitude': '-35.0975', 'longitude': '-174.4352'}, 'timezone': {'offset': '-7:00', 'description': 'Mountain Time (US &amp; Canada)'}}, 'email': 'gregorio.blanco@example.com', 'login': {'uuid': '6021469b-4195-4277-b8a8-8e79fbce35ef', 'username': 'redleopard551', 'password': 'macaroni', 'salt': 'peJuiDBR', 'md5': '1b0a069e649996b7cdc0700ee1561658', 'sha1': 'd548aa168741fa4eb01b8c818d563cd0bb88cecf', 'sha256': '5376f0d16bc2a34c9a198c107cd82da72a1016da4f00c697f1f35877b9b1fa73'}, 'dob': {'date': '1995-11-23T05:42:46.998Z', 'age': 28}, 'registered': {'date': '2011-08-17T04:07:12.872Z', 'age': 12}, 'phone': '996-782-399', 'cell': '682-435-370', 'id': {'name': 'DNI', 'value': '54557318-O'}, 'picture': {'large': 'https://randomuser.me/api/portraits/men/58.jpg', 'medium': 'https://randomuser.me/api/portraits/med/men/58.jpg', 'thumbnail': 'https://randomuser.me/api/portraits/thumb/men/58.jpg'}, 'nat': 'ES'}</msg>
<arg>${json_data['results'][0]}</arg>
<doc>Logs the given message with the given level.</doc>
<status status="PASS" start="2024-05-23T03:15:50.711026" elapsed="0.000416"/>
</kw>
<kw name="Log" owner="BuiltIn">
<msg time="2024-05-23T03:15:50.711909" level="INFO">login</msg>
<arg>${key}</arg>
<doc>Logs the given message with the given level.</doc>
<status status="PASS" start="2024-05-23T03:15:50.711777" elapsed="0.000170"/>
</kw>
<var name="${key}">login</var>
<status status="PASS" start="2024-05-23T03:15:50.710187" elapsed="0.002008"/>
</iter>
<var>${key}</var>
<value>@{expected_keys}</value>
<status status="PASS" start="2024-05-23T03:15:50.701243" elapsed="0.011078"/>
</for>
<kw name="Create List" owner="BuiltIn">
<msg time="2024-05-23T03:15:50.712656" level="INFO">${expected_keysTwo} = ['username', 'password']</msg>
<var>${expected_keysTwo}</var>
<arg>username</arg>
<arg>password</arg>
<doc>Returns a list containing given items.</doc>
<status status="PASS" start="2024-05-23T03:15:50.712517" elapsed="0.000162"/>
</kw>
<for flavor="IN">
<iter>
<kw name="Dictionary Should Contain Key" owner="Collections">
<msg time="2024-05-23T03:15:50.713569" level="INFO">False</msg>
<arg>${json_data['results'][0]['login']}</arg>
<arg>${keyTwo}</arg>
<doc>Fails if ``key`` is not found from ``dictionary``.</doc>
<status status="PASS" start="2024-05-23T03:15:50.713183" elapsed="0.000424"/>
</kw>
<kw name="Dictionary Should Contain Key" owner="Collections">
<msg time="2024-05-23T03:15:50.714279" level="INFO">False</msg>
<arg>${json_data['results'][0]['login']}</arg>
<arg>${keyTwo}</arg>
<doc>Fails if ``key`` is not found from ``dictionary``.</doc>
<status status="PASS" start="2024-05-23T03:15:50.713905" elapsed="0.000412"/>
</kw>
<kw name="Log" owner="BuiltIn">
<msg time="2024-05-23T03:15:50.714743" level="INFO">username</msg>
<arg>${keyTwo}</arg>
<doc>Logs the given message with the given level.</doc>
<status status="PASS" start="2024-05-23T03:15:50.714618" elapsed="0.000162"/>
</kw>
<var name="${keyTwo}">username</var>
<status status="PASS" start="2024-05-23T03:15:50.713074" elapsed="0.001920"/>
</iter>
<iter>
<kw name="Dictionary Should Contain Key" owner="Collections">
<msg time="2024-05-23T03:15:50.715708" level="INFO">False</msg>
<arg>${json_data['results'][0]['login']}</arg>
<arg>${keyTwo}</arg>
<doc>Fails if ``key`` is not found from ``dictionary``.</doc>
<status status="PASS" start="2024-05-23T03:15:50.715281" elapsed="0.000466"/>
</kw>
<kw name="Dictionary Should Contain Key" owner="Collections">
<msg time="2024-05-23T03:15:50.716417" level="INFO">False</msg>
<arg>${json_data['results'][0]['login']}</arg>
<arg>${keyTwo}</arg>
<doc>Fails if ``key`` is not found from ``dictionary``.</doc>
<status status="PASS" start="2024-05-23T03:15:50.716044" elapsed="0.000409"/>
</kw>
<kw name="Log" owner="BuiltIn">
<msg time="2024-05-23T03:15:50.716871" level="INFO">password</msg>
<arg>${keyTwo}</arg>
<doc>Logs the given message with the given level.</doc>
<status status="PASS" start="2024-05-23T03:15:50.716745" elapsed="0.000162"/>
</kw>
<var name="${keyTwo}">password</var>
<status status="PASS" start="2024-05-23T03:15:50.715172" elapsed="0.001947"/>
</iter>
<var>${keyTwo}</var>
<value>@{expected_keysTwo}</value>
<status status="PASS" start="2024-05-23T03:15:50.712918" elapsed="0.004320"/>
</for>
<status status="PASS" start="2024-05-23T03:15:50.614497" elapsed="0.102876"/>
</kw>
<doc>Testa a estrutura da resposta da API.</doc>
<tag>testeEstruturaResposta</tag>
<status status="PASS" start="2024-05-23T03:15:50.613901" elapsed="0.103621"/>
</test>
<test id="s1-s1-t4" name="Validar tipos de dados" line="28">
<kw name="Teste de Tipos de Dados" owner="random-user-service">
<kw name="GET On Session" owner="RequestsLibrary">
<msg time="2024-05-23T03:15:50.809689" level="INFO">GET Request : url=https://randomuser.me/api 
 path_url=/api 
 headers={'User-Agent': 'python-requests/2.32.2', 'Accept-Encoding': 'gzip, deflate', 'Accept': '*/*', 'Connection': 'keep-alive'} 
 body=None 
 </msg>
<msg time="2024-05-23T03:15:50.809754" level="INFO">GET Response : url=https://randomuser.me/api 
 status=200, reason=OK 
 headers={'Date': 'Thu, 23 May 2024 03:15:50 GMT', 'Content-Type': 'application/json; charset=utf-8', 'Transfer-Encoding': 'chunked', 'Connection': 'keep-alive', 'X-Powered-By': 'Express', 'Access-Control-Allow-Origin': '*', 'Cache-Control': 'no-cache', 'ETag': 'W/"484-pJZeOFtH1/IVjEA2+TXaQcSU/2c"', 'Vary': 'Accept-Encoding', 'Content-Encoding': 'gzip', 'CF-Cache-Status': 'DYNAMIC', 'Report-To': '{"endpoints":[{"url":"https:\\/\\/a.nel.cloudflare.com\\/report\\/v4?s=nwPaeKaShRHqnPH2hUCL0Udle5C23Ek%2FkZ4%2BAN9%2FPBze%2Fxv3sg5vxfgIL8RWr%2F65eDT%2F3e68LMt%2Fm4l8iQzoZwzq46BiwqhjMLbFG0wyvD2F6wG7AYpaPjA4xwbWg5Me"}],"group":"cf-nel","max_age":604800}', 'NEL': '{"success_fraction":0,"report_to":"cf-nel","max_age":604800}', 'Server': 'cloudflare', 'CF-RAY': '8881e2420a323952-IAD', 'alt-svc': 'h3=":443"; ma=86400'} 
 body={"results":[{"gender":"male","name":{"title":"Mr","first":"محمدمهدی","last":"زارعی"},"location":{"street":{"number":7139,"name":"امام خمینی"},"city":"کرمان","state":"سمنان","country":"Iran","postcode":63980,"coordinates":{"latitude":"16.0990","longitude":"-108.0750"},"timezone":{"offset":"-2:00","description":"Mid-Atlantic"}},"email":"mhmdmhdy.zraay@example.com","login":{"uuid":"c46b2e69-145b-4f8d-a64c-8832c6eebdef","username":"crazypeacock577","password":"griffin","salt":"gqwU8GYi","md5":"f01fe2f54c2589c893afede910145da1","sha1":"afb2c0c9531051caf567b5a076a0d380f61365e7","sha256":"aa0f28617b22958a47372734c26b167e036a2081150f36d5ef77d3e9e1792919"},"dob":{"date":"1975-05-09T13:31:22.075Z","age":49},"registered":{"date":"2006-01-02T00:03:25.194Z","age":18},"phone":"074-98788941","cell":"0998-614-8598","id":{"name":"","value":null},"picture":{"large":"https://randomuser.me/api/portraits/men/16.jpg","medium":"https://randomuser.me/api/portraits/med/men/16.jpg","thumbnail":"https://randomuser.me/api/portraits/thumb/men/16.jpg"},"nat":"IR"}],"info":{"seed":"936db17450730ec4","results":1,"page":1,"version":"1.4"}} 
 </msg>
<msg time="2024-05-23T03:15:50.809813" level="INFO">/opt/hostedtoolcache/Python/3.12.3/x64/lib/python3.12/site-packages/urllib3/connectionpool.py:1103: InsecureRequestWarning: Unverified HTTPS request is being made to host 'randomuser.me'. Adding certificate verification is strongly advised. See: https://urllib3.readthedocs.io/en/latest/advanced-usage.html#tls-warnings
  warnings.warn(</msg>
<msg time="2024-05-23T03:15:50.809900" level="INFO">${response} = &lt;Response [200]&gt;</msg>
<var>${response}</var>
<arg>consultarAPI</arg>
<arg>/api</arg>
<doc>Sends a GET request on a previously created HTTP Session.</doc>
<status status="PASS" start="2024-05-23T03:15:50.720037" elapsed="0.089905"/>
</kw>
<kw name="Set Variable" owner="BuiltIn">
<msg time="2024-05-23T03:15:50.810937" level="INFO">${json_data} = {'results': [{'gender': 'male', 'name': {'title': 'Mr', 'first': 'محمدمهدی', 'last': 'زارعی'}, 'location': {'street': {'number': 7139, 'name': 'امام خمینی'}, 'city': 'کرمان', 'state': 'سمنان', 'countr...</msg>
<var>${json_data}</var>
<arg>${response.json()}</arg>
<doc>Returns the given values which can then be assigned to a variables.</doc>
<status status="PASS" start="2024-05-23T03:15:50.810387" elapsed="0.000581"/>
</kw>
<kw name="Log" owner="BuiltIn">
<msg time="2024-05-23T03:15:50.811438" level="INFO">{'results': [{'gender': 'male', 'name': {'title': 'Mr', 'first': 'محمدمهدی', 'last': 'زارعی'}, 'location': {'street': {'number': 7139, 'name': 'امام خمینی'}, 'city': 'کرمان', 'state': 'سمنان', 'country': 'Iran', 'postcode': 63980, 'coordinates': {'latitude': '16.0990', 'longitude': '-108.0750'}, 'timezone': {'offset': '-2:00', 'description': 'Mid-Atlantic'}}, 'email': 'mhmdmhdy.zraay@example.com', 'login': {'uuid': 'c46b2e69-145b-4f8d-a64c-8832c6eebdef', 'username': 'crazypeacock577', 'password': 'griffin', 'salt': 'gqwU8GYi', 'md5': 'f01fe2f54c2589c893afede910145da1', 'sha1': 'afb2c0c9531051caf567b5a076a0d380f61365e7', 'sha256': 'aa0f28617b22958a47372734c26b167e036a2081150f36d5ef77d3e9e1792919'}, 'dob': {'date': '1975-05-09T13:31:22.075Z', 'age': 49}, 'registered': {'date': '2006-01-02T00:03:25.194Z', 'age': 18}, 'phone': '074-98788941', 'cell': '0998-614-8598', 'id': {'name': '', 'value': None}, 'picture': {'large': 'https://randomuser.me/api/portraits/men/16.jpg', 'medium': 'https://randomuser.me/api/portraits/med/men/16.jpg', 'thumbnail': 'https://randomuser.me/api/portraits/thumb/men/16.jpg'}, 'nat': 'IR'}], 'info': {'seed': '936db17450730ec4', 'results': 1, 'page': 1, 'version': '1.4'}}</msg>
<arg>${json_data}</arg>
<doc>Logs the given message with the given level.</doc>
<status status="PASS" start="2024-05-23T03:15:50.811277" elapsed="0.000243"/>
</kw>
<kw name="Should Be String" owner="String">
<arg>${json_data['results'][0]['gender']}</arg>
<doc>Fails if the given ``item`` is not a string.</doc>
<status status="PASS" start="2024-05-23T03:15:50.811864" elapsed="0.000370"/>
</kw>
<kw name="Should Match Regexp" owner="BuiltIn">
<arg>${json_data['results'][0]['email']}</arg>
<arg>^[a-zA-Z0-9._%+-]+@[a-zA-Z0-9.-]+\.[a-zA-Z]{2,}$</arg>
<doc>Fails if ``string`` does not match ``pattern`` as a regular expression.</doc>
<status status="PASS" start="2024-05-23T03:15:50.812427" elapsed="0.000621"/>
</kw>
<kw name="Should Match Regexp" owner="BuiltIn">
<arg>${json_data['results'][0]['dob']['date']}</arg>
<arg>\\d{4}-\\d{2}-\\d{2}T\\d{2}:\\d{2}:\\d{2}\\.\\d{3}Z</arg>
<doc>Fails if ``string`` does not match ``pattern`` as a regular expression.</doc>
<status status="PASS" start="2024-05-23T03:15:50.813247" elapsed="0.000484"/>
</kw>
<kw name="Should Match Regexp" owner="BuiltIn">
<arg>${json_data['results'][0]['registered']['date']}</arg>
<arg>\\d{4}-\\d{2}-\\d{2}T\\d{2}:\\d{2}:\\d{2}\\.\\d{3}Z</arg>
<doc>Fails if ``string`` does not match ``pattern`` as a regular expression.</doc>
<status status="PASS" start="2024-05-23T03:15:50.813926" elapsed="0.000369"/>
</kw>
<kw name="Should Match Regexp" owner="BuiltIn">
<arg>${json_data['results'][0]['picture']['large']}</arg>
<arg>^https?://.*\.(?:png|jpe?g|gif|bmp)$</arg>
<doc>Fails if ``string`` does not match ``pattern`` as a regular expression.</doc>
<status status="PASS" start="2024-05-23T03:15:50.814484" elapsed="0.000463"/>
</kw>
<kw name="Should Match Regexp" owner="BuiltIn">
<arg>${json_data['results'][0]['picture']['medium']}</arg>
<arg>^https?://.*\.(?:png|jpe?g|gif|bmp)$</arg>
<doc>Fails if ``string`` does not match ``pattern`` as a regular expression.</doc>
<status status="PASS" start="2024-05-23T03:15:50.815137" elapsed="0.000348"/>
</kw>
<kw name="Should Match Regexp" owner="BuiltIn">
<arg>${json_data['results'][0]['picture']['thumbnail']}</arg>
<arg>^https?://.*\.(?:png|jpe?g|gif|bmp)$</arg>
<doc>Fails if ``string`` does not match ``pattern`` as a regular expression.</doc>
<status status="PASS" start="2024-05-23T03:15:50.815710" elapsed="0.000367"/>
</kw>
<kw name="Log" owner="BuiltIn">
<msg time="2024-05-23T03:15:50.816585" level="INFO">{'large': 'https://randomuser.me/api/portraits/men/16.jpg', 'medium': 'https://randomuser.me/api/portraits/med/men/16.jpg', 'thumbnail': 'https://randomuser.me/api/portraits/thumb/men/16.jpg'}</msg>
<arg>${json_data['results'][0]['picture']}</arg>
<doc>Logs the given message with the given level.</doc>
<status status="PASS" start="2024-05-23T03:15:50.816262" elapsed="0.000365"/>
</kw>
<status status="PASS" start="2024-05-23T03:15:50.719803" elapsed="0.097079"/>
</kw>
<kw name="Teste de Tipos de Dados - Postcode" owner="random-user-service">
<kw name="GET On Session" owner="RequestsLibrary">
<msg time="2024-05-23T03:15:50.906609" level="INFO">GET Request : url=https://randomuser.me/api 
 path_url=/api 
 headers={'User-Agent': 'python-requests/2.32.2', 'Accept-Encoding': 'gzip, deflate', 'Accept': '*/*', 'Connection': 'keep-alive'} 
 body=None 
 </msg>
<msg time="2024-05-23T03:15:50.906692" level="INFO">GET Response : url=https://randomuser.me/api 
 status=200, reason=OK 
 headers={'Date': 'Thu, 23 May 2024 03:15:50 GMT', 'Content-Type': 'application/json; charset=utf-8', 'Transfer-Encoding': 'chunked', 'Connection': 'keep-alive', 'X-Powered-By': 'Express', 'Access-Control-Allow-Origin': '*', 'Cache-Control': 'no-cache', 'ETag': 'W/"484-H8KHTuqOCs9M3P15j5QjmXgeTM8"', 'Vary': 'Accept-Encoding', 'Content-Encoding': 'gzip', 'CF-Cache-Status': 'DYNAMIC', 'Report-To': '{"endpoints":[{"url":"https:\\/\\/a.nel.cloudflare.com\\/report\\/v4?s=ovyhtSkk08LP%2F%2B7k%2F5LzFascAG%2FCML%2BHJG%2FGHe%2FQjXNLp5FJxl8DrXV5X%2FhHuJaZMIB8IYBXXin0IJGeCt8NWbXqdmOhCU4Tw%2FC9PyDVDEPmFKDMQ6x3lSsFiv1oDb0d"}],"group":"cf-nel","max_age":604800}', 'NEL': '{"success_fraction":0,"report_to":"cf-nel","max_age":604800}', 'Server': 'cloudflare', 'CF-RAY': '8881e2429ac93952-IAD', 'alt-svc': 'h3=":443"; ma=86400'} 
 body={"results":[{"gender":"male","name":{"title":"Mr","first":"Louison","last":"Fournier"},"location":{"street":{"number":592,"name":"Avenue Debourg"},"city":"Asnières-sur-Seine","state":"Aube","country":"France","postcode":40743,"coordinates":{"latitude":"-18.7965","longitude":"-82.0507"},"timezone":{"offset":"-9:00","description":"Alaska"}},"email":"louison.fournier@example.com","login":{"uuid":"85100115-882e-4d35-811b-5bd114c44f46","username":"bigpanda384","password":"autumn","salt":"HGi6ZluF","md5":"13dcd2b905dc4f5a89764104e4e6b9aa","sha1":"aecc72436fba651026b2e4cb19b6525ed3817b76","sha256":"69ad60f4df8f52fbba8a37fa729d1af5fa2e46a830677e79e86f8fc8b10aa66a"},"dob":{"date":"1983-09-21T02:11:10.485Z","age":40},"registered":{"date":"2018-08-24T07:54:00.118Z","age":5},"phone":"01-27-22-92-36","cell":"06-81-90-32-16","id":{"name":"INSEE","value":"1830889912770 10"},"picture":{"large":"https://randomuser.me/api/portraits/men/11.jpg","medium":"https://randomuser.me/api/portraits/med/men/11.jpg","thumbnail":"https://randomuser.me/api/portraits/thumb/men/11.jpg"},"nat":"FR"}],"info":{"seed":"d1db3a61ec0b0bd8","results":1,"page":1,"version":"1.4"}} 
 </msg>
<msg time="2024-05-23T03:15:50.906765" level="INFO">/opt/hostedtoolcache/Python/3.12.3/x64/lib/python3.12/site-packages/urllib3/connectionpool.py:1103: InsecureRequestWarning: Unverified HTTPS request is being made to host 'randomuser.me'. Adding certificate verification is strongly advised. See: https://urllib3.readthedocs.io/en/latest/advanced-usage.html#tls-warnings
  warnings.warn(</msg>
<msg time="2024-05-23T03:15:50.906883" level="INFO">${response} = &lt;Response [200]&gt;</msg>
<var>${response}</var>
<arg>consultarAPI</arg>
<arg>/api</arg>
<doc>Sends a GET request on a previously created HTTP Session.</doc>
<status status="PASS" start="2024-05-23T03:15:50.817308" elapsed="0.089630"/>
</kw>
<kw name="Set Variable" owner="BuiltIn">
<msg time="2024-05-23T03:15:50.907987" level="INFO">${json_data} = {'results': [{'gender': 'male', 'name': {'title': 'Mr', 'first': 'Louison', 'last': 'Fournier'}, 'location': {'street': {'number': 592, 'name': 'Avenue Debourg'}, 'city': 'Asnières-sur-Seine', 'state'...</msg>
<var>${json_data}</var>
<arg>${response.json()}</arg>
<doc>Returns the given values which can then be assigned to a variables.</doc>
<status status="PASS" start="2024-05-23T03:15:50.907413" elapsed="0.000603"/>
</kw>
<kw name="Log" owner="BuiltIn">
<msg time="2024-05-23T03:15:50.908488" level="INFO">{'results': [{'gender': 'male', 'name': {'title': 'Mr', 'first': 'Louison', 'last': 'Fournier'}, 'location': {'street': {'number': 592, 'name': 'Avenue Debourg'}, 'city': 'Asnières-sur-Seine', 'state': 'Aube', 'country': 'France', 'postcode': 40743, 'coordinates': {'latitude': '-18.7965', 'longitude': '-82.0507'}, 'timezone': {'offset': '-9:00', 'description': 'Alaska'}}, 'email': 'louison.fournier@example.com', 'login': {'uuid': '85100115-882e-4d35-811b-5bd114c44f46', 'username': 'bigpanda384', 'password': 'autumn', 'salt': 'HGi6ZluF', 'md5': '13dcd2b905dc4f5a89764104e4e6b9aa', 'sha1': 'aecc72436fba651026b2e4cb19b6525ed3817b76', 'sha256': '69ad60f4df8f52fbba8a37fa729d1af5fa2e46a830677e79e86f8fc8b10aa66a'}, 'dob': {'date': '1983-09-21T02:11:10.485Z', 'age': 40}, 'registered': {'date': '2018-08-24T07:54:00.118Z', 'age': 5}, 'phone': '01-27-22-92-36', 'cell': '06-81-90-32-16', 'id': {'name': 'INSEE', 'value': '1830889912770 10'}, 'picture': {'large': 'https://randomuser.me/api/portraits/men/11.jpg', 'medium': 'https://randomuser.me/api/portraits/med/men/11.jpg', 'thumbnail': 'https://randomuser.me/api/portraits/thumb/men/11.jpg'}, 'nat': 'FR'}], 'info': {'seed': 'd1db3a61ec0b0bd8', 'results': 1, 'page': 1, 'version': '1.4'}}</msg>
<arg>${json_data}</arg>
<doc>Logs the given message with the given level.</doc>
<status status="PASS" start="2024-05-23T03:15:50.908332" elapsed="0.000234"/>
</kw>
<kw name="Should Be Equal As Numbers" owner="BuiltIn">
<arg>${json_data['results'][0]['location']['postcode']}</arg>
<arg>${json_data['results'][0]['location']['postcode']}</arg>
<doc>Fails if objects are unequal after converting them to real numbers.</doc>
<status status="PASS" start="2024-05-23T03:15:50.908863" elapsed="0.000617"/>
</kw>
<kw name="Log" owner="BuiltIn">
<msg time="2024-05-23T03:15:50.910002" level="INFO">40743</msg>
<arg>${json_data['results'][0]['location']['postcode']}</arg>
<doc>Logs the given message with the given level.</doc>
<status status="PASS" start="2024-05-23T03:15:50.909670" elapsed="0.000371"/>
</kw>
<status status="PASS" start="2024-05-23T03:15:50.817091" elapsed="0.093196"/>
</kw>
<doc>Testa se os tipos de dados na resposta da API estão corretos.</doc>
<tag>testeTiposDados</tag>
<status status="PASS" start="2024-05-23T03:15:50.719257" elapsed="0.191184"/>
</test>
<test id="s1-s1-t5" name="Validar conteudo" line="35">
<kw name="Teste de Tipos de Conteudo" owner="random-user-service">
<kw name="GET On Session" owner="RequestsLibrary">
<msg time="2024-05-23T03:15:50.997007" level="INFO">GET Request : url=https://randomuser.me/api 
 path_url=/api 
 headers={'User-Agent': 'python-requests/2.32.2', 'Accept-Encoding': 'gzip, deflate', 'Accept': '*/*', 'Connection': 'keep-alive'} 
 body=None 
 </msg>
<msg time="2024-05-23T03:15:50.997093" level="INFO">GET Response : url=https://randomuser.me/api 
 status=200, reason=OK 
 headers={'Date': 'Thu, 23 May 2024 03:15:50 GMT', 'Content-Type': 'application/json; charset=utf-8', 'Transfer-Encoding': 'chunked', 'Connection': 'keep-alive', 'X-Powered-By': 'Express', 'Access-Control-Allow-Origin': '*', 'Cache-Control': 'no-cache', 'ETag': 'W/"4a6-pub7+SzXwuHcoekQ7t81J0SQ2O0"', 'Vary': 'Accept-Encoding', 'Content-Encoding': 'gzip', 'CF-Cache-Status': 'DYNAMIC', 'Report-To': '{"endpoints":[{"url":"https:\\/\\/a.nel.cloudflare.com\\/report\\/v4?s=twB24arLUMR6CVNLJTBmnIW9SZxO3sd3Ldxr4V%2BUiB6KkMaU48cmOi8BL4FhQUa%2FUopbwGvSOccLbR9FMXaUPbOvTEJB%2F%2FRnEqjnjqBiQ4VzjHQukFGUVAvo%2B7s4K4ln"}],"group":"cf-nel","max_age":604800}', 'NEL': '{"success_fraction":0,"report_to":"cf-nel","max_age":604800}', 'Server': 'cloudflare', 'CF-RAY': '8881e2433b7e3952-IAD', 'alt-svc': 'h3=":443"; ma=86400'} 
 body={"results":[{"gender":"female","name":{"title":"Miss","first":"ثنا","last":"حیدری"},"location":{"street":{"number":4126,"name":"پارک ارم"},"city":"بندرعباس","state":"سیستان و بلوچستان","country":"Iran","postcode":68897,"coordinates":{"latitude":"17.4677","longitude":"80.6772"},"timezone":{"offset":"+4:00","description":"Abu Dhabi, Muscat, Baku, Tbilisi"}},"email":"thn.hydry@example.com","login":{"uuid":"51296e37-a9f4-4525-8e61-61369dbbd704","username":"biggorilla208","password":"george","salt":"K9rvhuF5","md5":"daea5cc0273e151710173bff83ea7d88","sha1":"3d2f6ac2c74ddefdbc09ca4c79cce9650dda9cf1","sha256":"e7eb919a7d2a87f3f4e8427eaea5e45e5cdae8dfc0fb81af31b822b69eb6a948"},"dob":{"date":"1956-05-20T10:03:18.875Z","age":68},"registered":{"date":"2010-10-08T02:56:55.609Z","age":13},"phone":"087-68402447","cell":"0980-706-2915","id":{"name":"","value":null},"picture":{"large":"https://randomuser.me/api/portraits/women/57.jpg","medium":"https://randomuser.me/api/portraits/med/women/57.jpg","thumbnail":"https://randomuser.me/api/portraits/thumb/women/57.jpg"},"nat":"IR"}],"info":{"seed":"221e1d084a5db78a","results":1,"page":1,"version":"1.4"}} 
 </msg>
<msg time="2024-05-23T03:15:50.997169" level="INFO">/opt/hostedtoolcache/Python/3.12.3/x64/lib/python3.12/site-packages/urllib3/connectionpool.py:1103: InsecureRequestWarning: Unverified HTTPS request is being made to host 'randomuser.me'. Adding certificate verification is strongly advised. See: https://urllib3.readthedocs.io/en/latest/advanced-usage.html#tls-warnings
  warnings.warn(</msg>
<msg time="2024-05-23T03:15:50.997277" level="INFO">${response} = &lt;Response [200]&gt;</msg>
<var>${response}</var>
<arg>consultarAPI</arg>
<arg>/api</arg>
<doc>Sends a GET request on a previously created HTTP Session.</doc>
<status status="PASS" start="2024-05-23T03:15:50.912888" elapsed="0.084431"/>
</kw>
<kw name="Set Variable" owner="BuiltIn">
<msg time="2024-05-23T03:15:50.998318" level="INFO">${json_data} = {'results': [{'gender': 'female', 'name': {'title': 'Miss', 'first': 'ثنا', 'last': 'حیدری'}, 'location': {'street': {'number': 4126, 'name': 'پارک ارم'}, 'city': 'بندرعباس', 'state': 'سیستان و بلوچست...</msg>
<var>${json_data}</var>
<arg>${response.json()}</arg>
<doc>Returns the given values which can then be assigned to a variables.</doc>
<status status="PASS" start="2024-05-23T03:15:50.997766" elapsed="0.000583"/>
</kw>
<kw name="Set Variable" owner="BuiltIn">
<msg time="2024-05-23T03:15:50.999034" level="INFO">${name_title} = Miss</msg>
<var>${name_title}</var>
<arg>${json_data["results"][0]["name"]["title"]}</arg>
<doc>Returns the given values which can then be assigned to a variables.</doc>
<status status="PASS" start="2024-05-23T03:15:50.998654" elapsed="0.000405"/>
</kw>
<kw name="Create List" owner="BuiltIn">
<msg time="2024-05-23T03:15:50.999500" level="INFO">${allowed_titles} = ['Mr', 'Ms', 'Miss', 'Mrs', 'Madame', 'Monsieur']</msg>
<var>${allowed_titles}</var>
<arg>Mr</arg>
<arg>Ms</arg>
<arg>Miss</arg>
<arg>Mrs</arg>
<arg>Madame</arg>
<arg>Monsieur</arg>
<doc>Returns a list containing given items.</doc>
<status status="PASS" start="2024-05-23T03:15:50.999353" elapsed="0.000171"/>
</kw>
<kw name="List Should Contain Value" owner="Collections">
<msg time="2024-05-23T03:15:51.000050" level="INFO">False</msg>
<arg>${allowed_titles}</arg>
<arg>${name_title}</arg>
<doc>Fails if the ``value`` is not found from ``list``.</doc>
<status status="PASS" start="2024-05-23T03:15:50.999876" elapsed="0.000210"/>
</kw>
<kw name="Set Variable" owner="BuiltIn">
<msg time="2024-05-23T03:15:51.000880" level="INFO">${name_country} = IR</msg>
<var>${name_country}</var>
<arg>${json_data["results"][0]["nat"]}</arg>
<doc>Returns the given values which can then be assigned to a variables.</doc>
<status status="PASS" start="2024-05-23T03:15:51.000378" elapsed="0.000528"/>
</kw>
<kw name="Create List" owner="BuiltIn">
<msg time="2024-05-23T03:15:51.001809" level="INFO">${list_country} = ['AD', 'AE', 'AF', 'AG', 'AI', 'AL', 'AM', 'AO', 'AQ', 'AR', 'AS', 'AT', 'AU', 'AW', 'AX', 'AZ', 'BA', 'BB', 'BD', 'BE', 'BF', 'BG', 'BH', 'BI', 'BJ', 'BL', 'BM', 'BN', 'BO', 'BQ', 'BR', 'BS', 'BT', '...</msg>
<var>${list_country}</var>
<arg>AD</arg>
<arg>AE</arg>
<arg>AF</arg>
<arg>AG</arg>
<arg>AI</arg>
<arg>AL</arg>
<arg>AM</arg>
<arg>AO</arg>
<arg>AQ</arg>
<arg>AR</arg>
<arg>AS</arg>
<arg>AT</arg>
<arg>AU</arg>
<arg>AW</arg>
<arg>AX</arg>
<arg>AZ</arg>
<arg>BA</arg>
<arg>BB</arg>
<arg>BD</arg>
<arg>BE</arg>
<arg>BF</arg>
<arg>BG</arg>
<arg>BH</arg>
<arg>BI</arg>
<arg>BJ</arg>
<arg>BL</arg>
<arg>BM</arg>
<arg>BN</arg>
<arg>BO</arg>
<arg>BQ</arg>
<arg>BR</arg>
<arg>BS</arg>
<arg>BT</arg>
<arg>BV</arg>
<arg>BW</arg>
<arg>BY</arg>
<arg>BZ</arg>
<arg>CA</arg>
<arg>CC</arg>
<arg>CD</arg>
<arg>CF</arg>
<arg>CG</arg>
<arg>CH</arg>
<arg>CI</arg>
<arg>CK</arg>
<arg>CL</arg>
<arg>CM</arg>
<arg>CN</arg>
<arg>CO</arg>
<arg>CR</arg>
<arg>CU</arg>
<arg>CV</arg>
<arg>CW</arg>
<arg>CX</arg>
<arg>CY</arg>
<arg>CZ</arg>
<arg>DE</arg>
<arg>DJ</arg>
<arg>DK</arg>
<arg>DM</arg>
<arg>DO</arg>
<arg>DZ</arg>
<arg>EC</arg>
<arg>EE</arg>
<arg>EG</arg>
<arg>EH</arg>
<arg>ER</arg>
<arg>ES</arg>
<arg>ET</arg>
<arg>FI</arg>
<arg>FJ</arg>
<arg>FK</arg>
<arg>FM</arg>
<arg>FO</arg>
<arg>FR</arg>
<arg>GA</arg>
<arg>GB</arg>
<arg>GD</arg>
<arg>GE</arg>
<arg>GF</arg>
<arg>GG</arg>
<arg>GH</arg>
<arg>GI</arg>
<arg>GL</arg>
<arg>GM</arg>
<arg>GN</arg>
<arg>GP</arg>
<arg>GQ</arg>
<arg>GR</arg>
<arg>GS</arg>
<arg>GT</arg>
<arg>GU</arg>
<arg>GW</arg>
<arg>GY</arg>
<arg>HK</arg>
<arg>HM</arg>
<arg>HN</arg>
<arg>HR</arg>
<arg>HT</arg>
<arg>HU</arg>
<arg>ID</arg>
<arg>IE</arg>
<arg>IL</arg>
<arg>IM</arg>
<arg>IN</arg>
<arg>IO</arg>
<arg>IQ</arg>
<arg>IR</arg>
<arg>IS</arg>
<arg>IT</arg>
<arg>JE</arg>
<arg>JM</arg>
<arg>JO</arg>
<arg>JP</arg>
<arg>KE</arg>
<arg>KG</arg>
<arg>KH</arg>
<arg>KI</arg>
<arg>KM</arg>
<arg>KN</arg>
<arg>KP</arg>
<arg>KR</arg>
<arg>KW</arg>
<arg>KY</arg>
<arg>KZ</arg>
<arg>LA</arg>
<arg>LB</arg>
<arg>LC</arg>
<arg>LI</arg>
<arg>LK</arg>
<arg>LR</arg>
<arg>LS</arg>
<arg>LT</arg>
<arg>LU</arg>
<arg>LV</arg>
<arg>LY</arg>
<arg>MA</arg>
<arg>MC</arg>
<arg>MD</arg>
<arg>ME</arg>
<arg>MF</arg>
<arg>MG</arg>
<arg>MH</arg>
<arg>MK</arg>
<arg>ML</arg>
<arg>MM</arg>
<arg>MN</arg>
<arg>MO</arg>
<arg>MP</arg>
<arg>MQ</arg>
<arg>MR</arg>
<arg>MS</arg>
<arg>MT</arg>
<arg>MU</arg>
<arg>MV</arg>
<arg>MW</arg>
<arg>MX</arg>
<arg>MY</arg>
<arg>MZ</arg>
<arg>NA</arg>
<arg>NC</arg>
<arg>NE</arg>
<arg>NF</arg>
<arg>NG</arg>
<arg>NI</arg>
<arg>NL</arg>
<arg>NO</arg>
<arg>NP</arg>
<arg>NR</arg>
<arg>NU</arg>
<arg>NZ</arg>
<arg>OM</arg>
<arg>PA</arg>
<arg>PE</arg>
<arg>PF</arg>
<arg>PG</arg>
<arg>PH</arg>
<arg>PK</arg>
<arg>PL</arg>
<arg>PM</arg>
<arg>PN</arg>
<arg>PR</arg>
<arg>PS</arg>
<arg>PT</arg>
<arg>PW</arg>
<arg>PY</arg>
<arg>QA</arg>
<arg>RE</arg>
<arg>RO</arg>
<arg>RS</arg>
<arg>RU</arg>
<arg>RW</arg>
<arg>SA</arg>
<arg>SB</arg>
<arg>SC</arg>
<arg>SD</arg>
<arg>SE</arg>
<arg>SG</arg>
<arg>SH</arg>
<arg>SI</arg>
<arg>SJ</arg>
<arg>SK</arg>
<arg>SL</arg>
<arg>SM</arg>
<arg>SN</arg>
<arg>SO</arg>
<arg>SR</arg>
<arg>SS</arg>
<arg>ST</arg>
<arg>SV</arg>
<arg>SX</arg>
<arg>SY</arg>
<arg>SZ</arg>
<arg>TC</arg>
<arg>TD</arg>
<arg>TF</arg>
<arg>TG</arg>
<arg>TH</arg>
<arg>TJ</arg>
<arg>TK</arg>
<arg>TL</arg>
<arg>TM</arg>
<arg>TN</arg>
<arg>TO</arg>
<arg>TR</arg>
<arg>TT</arg>
<arg>TV</arg>
<arg>TW</arg>
<arg>TZ</arg>
<arg>UA</arg>
<arg>UG</arg>
<arg>UM</arg>
<arg>US</arg>
<arg>UY</arg>
<arg>UZ</arg>
<arg>VA</arg>
<arg>VC</arg>
<arg>VE</arg>
<arg>VG</arg>
<arg>VI</arg>
<arg>VN</arg>
<arg>VU</arg>
<arg>WF</arg>
<arg>WS</arg>
<arg>XK</arg>
<arg>YE</arg>
<arg>YT</arg>
<arg>ZA</arg>
<arg>ZM</arg>
<arg>ZW</arg>
<doc>Returns a list containing given items.</doc>
<status status="PASS" start="2024-05-23T03:15:51.001213" elapsed="0.000621"/>
</kw>
<kw name="List Should Contain Value" owner="Collections">
<msg time="2024-05-23T03:15:51.002818" level="INFO">False</msg>
<arg>${list_country}</arg>
<arg>${name_country}</arg>
<doc>Fails if the ``value`` is not found from ``list``.</doc>
<status status="PASS" start="2024-05-23T03:15:51.002614" elapsed="0.000239"/>
</kw>
<kw name="Run Keyword If" owner="BuiltIn">
<kw name="Should Be True" owner="BuiltIn">
<arg>${True}</arg>
<doc>Fails if the given condition is not true.</doc>
<status status="PASS" start="2024-05-23T03:15:51.003933" elapsed="0.000145"/>
</kw>
<arg>${json_data["results"][0]["location"]["coordinates"]["latitude"]} &gt;= -90 and ${json_data["results"][0]["location"]["coordinates"]["latitude"]} &lt;= 90</arg>
<arg>Should Be True</arg>
<arg>${True}</arg>
<doc>Runs the given keyword with the given arguments, if ``condition`` is true.</doc>
<status status="PASS" start="2024-05-23T03:15:51.003157" elapsed="0.001049"/>
</kw>
<kw name="Run Keyword If" owner="BuiltIn">
<kw name="Should Be True" owner="BuiltIn">
<arg>${True}</arg>
<doc>Fails if the given condition is not true.</doc>
<status status="PASS" start="2024-05-23T03:15:51.005074" elapsed="0.000136"/>
</kw>
<arg>${json_data["results"][0]["location"]["coordinates"]["longitude"]} &gt;= -180 and ${json_data["results"][0]["location"]["coordinates"]["longitude"]} &lt;= 180</arg>
<arg>Should Be True</arg>
<arg>${True}</arg>
<doc>Runs the given keyword with the given arguments, if ``condition`` is true.</doc>
<status status="PASS" start="2024-05-23T03:15:51.004391" elapsed="0.000943"/>
</kw>
<status status="PASS" start="2024-05-23T03:15:50.912670" elapsed="0.092790"/>
</kw>
<doc>Testa o conteúdo específico dos campos retornados pela API.</doc>
<tag>testeConteudo</tag>
<status status="PASS" start="2024-05-23T03:15:50.912163" elapsed="0.093438"/>
</test>
<status status="PASS" start="2024-05-23T03:15:50.087462" elapsed="0.920030"/>
</suite>
<status status="PASS" start="2024-05-23T03:15:50.074122" elapsed="0.938500"/>
</suite>
<statistics>
<total>
<stat pass="5" fail="0" skip="0">All Tests</stat>
</total>
<tag>
<stat pass="1" fail="0" skip="0">testeConteudo</stat>
<stat pass="1" fail="0" skip="0">testeEstruturaResposta</stat>
<stat pass="1" fail="0" skip="0">testeRequisicaoBasica</stat>
<stat pass="1" fail="0" skip="0">testeTiposDados</stat>
</tag>
<suite>
<stat pass="5" fail="0" skip="0" id="s1" name="Tests">Tests</stat>
<stat pass="5" fail="0" skip="0" id="s1-s1" name="Random-User-Test">Tests.Random-User-Test</stat>
</suite>
</statistics>
<errors>
</errors>
</robot>
