<?xml version="1.0" encoding="UTF-8"?>
<robot generator="Robot 7.0.1 (Python 3.12.3 on linux)" generated="2024-06-10T21:14:51.143857" rpa="false" schemaversion="5">
<suite id="s1" name="Tests" source="/home/runner/work/ApiRandomUser/ApiRandomUser/RamdonUser/tests">
<suite id="s1-s1" name="Random-User-Test" source="/home/runner/work/ApiRandomUser/ApiRandomUser/RamdonUser/tests/random-user-test.robot">
<test id="s1-s1-t1" name="Conectar" line="13">
<kw name="Conectar API" owner="random-user-service">
<kw name="Create Session" owner="RequestsLibrary">
<msg time="2024-06-10T21:14:51.527424" level="INFO">Creating Session using : alias=consultarAPI, url=https://randomuser.me/, headers={},                     cookies={}, auth=None, timeout=None, proxies=None, verify=False,                     debug=0 </msg>
<arg>consultarAPI</arg>
<arg>${URL}</arg>
<doc>Create Session: create a HTTP session to a server</doc>
<status status="PASS" start="2024-06-10T21:14:51.527217" elapsed="0.000389"/>
</kw>
<status status="PASS" start="2024-06-10T21:14:51.526244" elapsed="0.001716"/>
</kw>
<status status="PASS" start="2024-06-10T21:14:51.525594" elapsed="0.002558"/>
</test>
<test id="s1-s1-t2" name="Validar retorno 200 e JSON Válido" line="16">
<kw name="Teste de Requisicao Basica" owner="random-user-service">
<kw name="GET On Session" owner="RequestsLibrary">
<msg time="2024-06-10T21:14:51.646380" level="INFO">GET Request : url=https://randomuser.me/api 
 path_url=/api 
 headers={'User-Agent': 'python-requests/2.32.3', 'Accept-Encoding': 'gzip, deflate', 'Accept': '*/*', 'Connection': 'keep-alive'} 
 body=None 
 </msg>
<msg time="2024-06-10T21:14:51.646558" level="INFO">GET Response : url=https://randomuser.me/api 
 status=200, reason=OK 
 headers={'Date': 'Mon, 10 Jun 2024 21:14:51 GMT', 'Content-Type': 'application/json; charset=utf-8', 'Transfer-Encoding': 'chunked', 'Connection': 'keep-alive', 'X-Powered-By': 'Express', 'Access-Control-Allow-Origin': '*', 'Cache-Control': 'no-cache', 'ETag': 'W/"4a3-p7mi/SPd6rewGLGKgkwYRKvmaZI"', 'Vary': 'Accept-Encoding', 'Content-Encoding': 'gzip', 'CF-Cache-Status': 'DYNAMIC', 'Report-To': '{"endpoints":[{"url":"https:\\/\\/a.nel.cloudflare.com\\/report\\/v4?s=ohBxpRk69oMU9AtIAfW5dpwjE8XB%2Fds6Ug%2BRD8IG8l9UymE29%2F5aZLWeD%2BmcRTrRWF%2FgJiakNrN%2FWCoi%2B2AgVF6og3uJzaVcyAb%2BmFdBGTsZfSN96KnQNTLOb06rQ8h2"}],"group":"cf-nel","max_age":604800}', 'NEL': '{"success_fraction":0,"report_to":"cf-nel","max_age":604800}', 'Server': 'cloudflare', 'CF-RAY': '891c5f983e6a67eb-SJC', 'alt-svc': 'h3=":443"; ma=86400'} 
 body={"results":[{"gender":"female","name":{"title":"Ms","first":"Amber","last":"Watts"},"location":{"street":{"number":73,"name":"Springfield Road"},"city":"Birmingham","state":"Wiltshire","country":"United Kingdom","postcode":"T6 9XB","coordinates":{"latitude":"-10.1986","longitude":"83.3793"},"timezone":{"offset":"+1:00","description":"Brussels, Copenhagen, Madrid, Paris"}},"email":"amber.watts@example.com","login":{"uuid":"1fc70c1f-c775-4ccc-a129-f9c68205b74c","username":"organiczebra626","password":"brooks","salt":"DEvVWWNf","md5":"9c1ff6b1934ad9d83f31747d4859494d","sha1":"255af6aa6e2d64c6e21067f1592ea74e47240993","sha256":"3a948e99bd392f5ecfea34e7ae2039d98c8aef4e6578e055167499614fe7df54"},"dob":{"date":"1989-03-23T02:26:52.990Z","age":35},"registered":{"date":"2010-08-21T01:06:29.275Z","age":13},"phone":"016977 06232","cell":"07959 274021","id":{"name":"NINO","value":"ET 59 68 35 M"},"picture":{"large":"https://randomuser.me/api/portraits/women/52.jpg","medium":"https://randomuser.me/api/portraits/med/women/52.jpg","thumbnail":"https://randomuser.me/api/portraits/thumb/women/52.jpg"},"nat":"GB"}],"info":{"seed":"4bf9e87d3648d587","results":1,"page":1,"version":"1.4"}} 
 </msg>
<msg time="2024-06-10T21:14:51.646652" level="INFO">/opt/hostedtoolcache/Python/3.12.3/x64/lib/python3.12/site-packages/urllib3/connectionpool.py:1103: InsecureRequestWarning: Unverified HTTPS request is being made to host 'randomuser.me'. Adding certificate verification is strongly advised. See: https://urllib3.readthedocs.io/en/latest/advanced-usage.html#tls-warnings
  warnings.warn(</msg>
<msg time="2024-06-10T21:14:51.646798" level="INFO">${response} = &lt;Response [200]&gt;</msg>
<var>${response}</var>
<arg>consultarAPI</arg>
<arg>/api</arg>
<doc>Sends a GET request on a previously created HTTP Session.</doc>
<status status="PASS" start="2024-06-10T21:14:51.530778" elapsed="0.116060"/>
</kw>
<kw name="Should Be Equal As Numbers" owner="BuiltIn">
<msg time="2024-06-10T21:14:51.647856" level="INFO">Argument types are:
&lt;class 'int'&gt;
&lt;class 'str'&gt;</msg>
<arg>${response.status_code}</arg>
<arg>200</arg>
<doc>Fails if objects are unequal after converting them to real numbers.</doc>
<status status="PASS" start="2024-06-10T21:14:51.647409" elapsed="0.000510"/>
</kw>
<kw name="Log" owner="BuiltIn">
<msg time="2024-06-10T21:14:51.648574" level="INFO">200</msg>
<arg>${response.status_code}</arg>
<doc>Logs the given message with the given level.</doc>
<status status="PASS" start="2024-06-10T21:14:51.648226" elapsed="0.000395"/>
</kw>
<kw name="Set Variable" owner="BuiltIn">
<msg time="2024-06-10T21:14:51.649355" level="INFO">${json_data} = {'results': [{'gender': 'female', 'name': {'title': 'Ms', 'first': 'Amber', 'last': 'Watts'}, 'location': {'street': {'number': 73, 'name': 'Springfield Road'}, 'city': 'Birmingham', 'state': 'Wiltshi...</msg>
<var>${json_data}</var>
<arg>${response.json()}</arg>
<doc>Returns the given values which can then be assigned to a variables.</doc>
<status status="PASS" start="2024-06-10T21:14:51.648925" elapsed="0.000461"/>
</kw>
<kw name="Dictionary Should Contain Key" owner="Collections">
<arg>${json_data}</arg>
<arg>results</arg>
<doc>Fails if ``key`` is not found from ``dictionary``.</doc>
<status status="PASS" start="2024-06-10T21:14:51.649683" elapsed="0.000163"/>
</kw>
<status status="PASS" start="2024-06-10T21:14:51.530547" elapsed="0.119486"/>
</kw>
<doc>Testa se a API responde corretamente e retorna um objeto JSON válido.</doc>
<tag>testeRequisicaoBasica</tag>
<status status="PASS" start="2024-06-10T21:14:51.530046" elapsed="0.120167"/>
</test>
<test id="s1-s1-t3" name="Validar estrutura de resposta" line="22">
<kw name="Teste de Estrutura de Resposta" owner="random-user-service">
<kw name="GET On Session" owner="RequestsLibrary">
<msg time="2024-06-10T21:14:51.744142" level="INFO">GET Request : url=https://randomuser.me/api 
 path_url=/api 
 headers={'User-Agent': 'python-requests/2.32.3', 'Accept-Encoding': 'gzip, deflate', 'Accept': '*/*', 'Connection': 'keep-alive'} 
 body=None 
 </msg>
<msg time="2024-06-10T21:14:51.744243" level="INFO">GET Response : url=https://randomuser.me/api 
 status=200, reason=OK 
 headers={'Date': 'Mon, 10 Jun 2024 21:14:51 GMT', 'Content-Type': 'application/json; charset=utf-8', 'Transfer-Encoding': 'chunked', 'Connection': 'keep-alive', 'X-Powered-By': 'Express', 'Access-Control-Allow-Origin': '*', 'Cache-Control': 'no-cache', 'ETag': 'W/"4b0-y+ZdmJyclNFc4je8+9qdQbEiiFU"', 'Vary': 'Accept-Encoding', 'Content-Encoding': 'gzip', 'CF-Cache-Status': 'DYNAMIC', 'Report-To': '{"endpoints":[{"url":"https:\\/\\/a.nel.cloudflare.com\\/report\\/v4?s=9Hu6oTaMNFWBH8Lau%2FAERG6DRXxPHVLPlPJ%2BYyN6NAp50xhtTtZuS4VrxE8cjIvq%2Fpg2Ol6LaPq54prGsXh8z2CPd0GMU9F5pDeGd07FdohR8L3DdGU7QoqoE2GoBAKP"}],"group":"cf-nel","max_age":604800}', 'NEL': '{"success_fraction":0,"report_to":"cf-nel","max_age":604800}', 'Server': 'cloudflare', 'CF-RAY': '891c5f98deea67eb-SJC', 'alt-svc': 'h3=":443"; ma=86400'} 
 body={"results":[{"gender":"male","name":{"title":"Mr","first":"Stanley","last":"Johnston"},"location":{"street":{"number":1095,"name":"Grove Road"},"city":"Cardiff","state":"Gloucestershire","country":"United Kingdom","postcode":"UQ2W 5JS","coordinates":{"latitude":"-6.3068","longitude":"-157.4659"},"timezone":{"offset":"0:00","description":"Western Europe Time, London, Lisbon, Casablanca"}},"email":"stanley.johnston@example.com","login":{"uuid":"e7713269-2bcf-406a-bc0e-f2195b6a1759","username":"angrytiger974","password":"romano","salt":"jUW9bxQB","md5":"ba8d4e74f5b2ae0d4636a4ddc9c124d3","sha1":"20b768ae5c10f38a0d94f4b4bdce49afb340ad20","sha256":"10734327923ef91c1c00e4063d7fe4dfc326747f90a00562591032765b52e8cb"},"dob":{"date":"1953-01-10T00:13:45.032Z","age":71},"registered":{"date":"2004-04-01T10:34:01.978Z","age":20},"phone":"016973 56833","cell":"07506 379601","id":{"name":"NINO","value":"EY 58 22 47 V"},"picture":{"large":"https://randomuser.me/api/portraits/men/60.jpg","medium":"https://randomuser.me/api/portraits/med/men/60.jpg","thumbnail":"https://randomuser.me/api/portraits/thumb/men/60.jpg"},"nat":"GB"}],"info":{"seed":"9645988c9e9dd122","results":1,"page":1,"version":"1.4"}} 
 </msg>
<msg time="2024-06-10T21:14:51.744378" level="INFO">/opt/hostedtoolcache/Python/3.12.3/x64/lib/python3.12/site-packages/urllib3/connectionpool.py:1103: InsecureRequestWarning: Unverified HTTPS request is being made to host 'randomuser.me'. Adding certificate verification is strongly advised. See: https://urllib3.readthedocs.io/en/latest/advanced-usage.html#tls-warnings
  warnings.warn(</msg>
<msg time="2024-06-10T21:14:51.744521" level="INFO">${response} = &lt;Response [200]&gt;</msg>
<var>${response}</var>
<arg>consultarAPI</arg>
<arg>/api</arg>
<doc>Sends a GET request on a previously created HTTP Session.</doc>
<status status="PASS" start="2024-06-10T21:14:51.652742" elapsed="0.091826"/>
</kw>
<kw name="Set Variable" owner="BuiltIn">
<msg time="2024-06-10T21:14:51.745548" level="INFO">${json_data} = {'results': [{'gender': 'male', 'name': {'title': 'Mr', 'first': 'Stanley', 'last': 'Johnston'}, 'location': {'street': {'number': 1095, 'name': 'Grove Road'}, 'city': 'Cardiff', 'state': 'Gloucesters...</msg>
<var>${json_data}</var>
<arg>${response.json()}</arg>
<doc>Returns the given values which can then be assigned to a variables.</doc>
<status status="PASS" start="2024-06-10T21:14:51.745048" elapsed="0.000532"/>
</kw>
<kw name="Log" owner="BuiltIn">
<msg time="2024-06-10T21:14:51.746097" level="INFO">{'results': [{'gender': 'male', 'name': {'title': 'Mr', 'first': 'Stanley', 'last': 'Johnston'}, 'location': {'street': {'number': 1095, 'name': 'Grove Road'}, 'city': 'Cardiff', 'state': 'Gloucestershire', 'country': 'United Kingdom', 'postcode': 'UQ2W 5JS', 'coordinates': {'latitude': '-6.3068', 'longitude': '-157.4659'}, 'timezone': {'offset': '0:00', 'description': 'Western Europe Time, London, Lisbon, Casablanca'}}, 'email': 'stanley.johnston@example.com', 'login': {'uuid': 'e7713269-2bcf-406a-bc0e-f2195b6a1759', 'username': 'angrytiger974', 'password': 'romano', 'salt': 'jUW9bxQB', 'md5': 'ba8d4e74f5b2ae0d4636a4ddc9c124d3', 'sha1': '20b768ae5c10f38a0d94f4b4bdce49afb340ad20', 'sha256': '10734327923ef91c1c00e4063d7fe4dfc326747f90a00562591032765b52e8cb'}, 'dob': {'date': '1953-01-10T00:13:45.032Z', 'age': 71}, 'registered': {'date': '2004-04-01T10:34:01.978Z', 'age': 20}, 'phone': '016973 56833', 'cell': '07506 379601', 'id': {'name': 'NINO', 'value': 'EY 58 22 47 V'}, 'picture': {'large': 'https://randomuser.me/api/portraits/men/60.jpg', 'medium': 'https://randomuser.me/api/portraits/med/men/60.jpg', 'thumbnail': 'https://randomuser.me/api/portraits/thumb/men/60.jpg'}, 'nat': 'GB'}], 'info': {'seed': '9645988c9e9dd122', 'results': 1, 'page': 1, 'version': '1.4'}}</msg>
<arg>${json_data}</arg>
<doc>Logs the given message with the given level.</doc>
<status status="PASS" start="2024-06-10T21:14:51.745932" elapsed="0.000219"/>
</kw>
<kw name="Dictionary Should Contain Key" owner="Collections">
<arg>${json_data}</arg>
<arg>results</arg>
<doc>Fails if ``key`` is not found from ``dictionary``.</doc>
<status status="PASS" start="2024-06-10T21:14:51.746453" elapsed="0.000161"/>
</kw>
<kw name="Should Not Be Empty" owner="BuiltIn">
<msg time="2024-06-10T21:14:51.746934" level="INFO">Length is 2.</msg>
<arg>${json_data}</arg>
<doc>Verifies that the given item is not empty.</doc>
<status status="PASS" start="2024-06-10T21:14:51.746799" elapsed="0.000173"/>
</kw>
<kw name="Create List" owner="BuiltIn">
<msg time="2024-06-10T21:14:51.747412" level="INFO">${expected_keys} = ['gender', 'name', 'location', 'email', 'login']</msg>
<var>${expected_keys}</var>
<arg>gender</arg>
<arg>name</arg>
<arg>location</arg>
<arg>email</arg>
<arg>login</arg>
<doc>Returns a list containing given items.</doc>
<status status="PASS" start="2024-06-10T21:14:51.747262" elapsed="0.000174"/>
</kw>
<for flavor="IN">
<iter>
<kw name="Dictionary Should Contain Key" owner="Collections">
<arg>${json_data['results'][0]}</arg>
<arg>${key}</arg>
<doc>Fails if ``key`` is not found from ``dictionary``.</doc>
<status status="PASS" start="2024-06-10T21:14:51.748220" elapsed="0.000404"/>
</kw>
<kw name="Log" owner="BuiltIn">
<msg time="2024-06-10T21:14:51.749179" level="INFO">{'gender': 'male', 'name': {'title': 'Mr', 'first': 'Stanley', 'last': 'Johnston'}, 'location': {'street': {'number': 1095, 'name': 'Grove Road'}, 'city': 'Cardiff', 'state': 'Gloucestershire', 'country': 'United Kingdom', 'postcode': 'UQ2W 5JS', 'coordinates': {'latitude': '-6.3068', 'longitude': '-157.4659'}, 'timezone': {'offset': '0:00', 'description': 'Western Europe Time, London, Lisbon, Casablanca'}}, 'email': 'stanley.johnston@example.com', 'login': {'uuid': 'e7713269-2bcf-406a-bc0e-f2195b6a1759', 'username': 'angrytiger974', 'password': 'romano', 'salt': 'jUW9bxQB', 'md5': 'ba8d4e74f5b2ae0d4636a4ddc9c124d3', 'sha1': '20b768ae5c10f38a0d94f4b4bdce49afb340ad20', 'sha256': '10734327923ef91c1c00e4063d7fe4dfc326747f90a00562591032765b52e8cb'}, 'dob': {'date': '1953-01-10T00:13:45.032Z', 'age': 71}, 'registered': {'date': '2004-04-01T10:34:01.978Z', 'age': 20}, 'phone': '016973 56833', 'cell': '07506 379601', 'id': {'name': 'NINO', 'value': 'EY 58 22 47 V'}, 'picture': {'large': 'https://randomuser.me/api/portraits/men/60.jpg', 'medium': 'https://randomuser.me/api/portraits/med/men/60.jpg', 'thumbnail': 'https://randomuser.me/api/portraits/thumb/men/60.jpg'}, 'nat': 'GB'}</msg>
<arg>${json_data['results'][0]}</arg>
<doc>Logs the given message with the given level.</doc>
<status status="PASS" start="2024-06-10T21:14:51.748813" elapsed="0.000416"/>
</kw>
<kw name="Log" owner="BuiltIn">
<msg time="2024-06-10T21:14:51.749661" level="INFO">gender</msg>
<arg>${key}</arg>
<doc>Logs the given message with the given level.</doc>
<status status="PASS" start="2024-06-10T21:14:51.749526" elapsed="0.000180"/>
</kw>
<var name="${key}">gender</var>
<status status="PASS" start="2024-06-10T21:14:51.748091" elapsed="0.001857"/>
</iter>
<iter>
<kw name="Dictionary Should Contain Key" owner="Collections">
<arg>${json_data['results'][0]}</arg>
<arg>${key}</arg>
<doc>Fails if ``key`` is not found from ``dictionary``.</doc>
<status status="PASS" start="2024-06-10T21:14:51.750251" elapsed="0.000384"/>
</kw>
<kw name="Log" owner="BuiltIn">
<msg time="2024-06-10T21:14:51.751204" level="INFO">{'gender': 'male', 'name': {'title': 'Mr', 'first': 'Stanley', 'last': 'Johnston'}, 'location': {'street': {'number': 1095, 'name': 'Grove Road'}, 'city': 'Cardiff', 'state': 'Gloucestershire', 'country': 'United Kingdom', 'postcode': 'UQ2W 5JS', 'coordinates': {'latitude': '-6.3068', 'longitude': '-157.4659'}, 'timezone': {'offset': '0:00', 'description': 'Western Europe Time, London, Lisbon, Casablanca'}}, 'email': 'stanley.johnston@example.com', 'login': {'uuid': 'e7713269-2bcf-406a-bc0e-f2195b6a1759', 'username': 'angrytiger974', 'password': 'romano', 'salt': 'jUW9bxQB', 'md5': 'ba8d4e74f5b2ae0d4636a4ddc9c124d3', 'sha1': '20b768ae5c10f38a0d94f4b4bdce49afb340ad20', 'sha256': '10734327923ef91c1c00e4063d7fe4dfc326747f90a00562591032765b52e8cb'}, 'dob': {'date': '1953-01-10T00:13:45.032Z', 'age': 71}, 'registered': {'date': '2004-04-01T10:34:01.978Z', 'age': 20}, 'phone': '016973 56833', 'cell': '07506 379601', 'id': {'name': 'NINO', 'value': 'EY 58 22 47 V'}, 'picture': {'large': 'https://randomuser.me/api/portraits/men/60.jpg', 'medium': 'https://randomuser.me/api/portraits/med/men/60.jpg', 'thumbnail': 'https://randomuser.me/api/portraits/thumb/men/60.jpg'}, 'nat': 'GB'}</msg>
<arg>${json_data['results'][0]}</arg>
<doc>Logs the given message with the given level.</doc>
<status status="PASS" start="2024-06-10T21:14:51.750852" elapsed="0.000400"/>
</kw>
<kw name="Log" owner="BuiltIn">
<msg time="2024-06-10T21:14:51.751675" level="INFO">name</msg>
<arg>${key}</arg>
<doc>Logs the given message with the given level.</doc>
<status status="PASS" start="2024-06-10T21:14:51.751547" elapsed="0.000165"/>
</kw>
<var name="${key}">name</var>
<status status="PASS" start="2024-06-10T21:14:51.750136" elapsed="0.001790"/>
</iter>
<iter>
<kw name="Dictionary Should Contain Key" owner="Collections">
<arg>${json_data['results'][0]}</arg>
<arg>${key}</arg>
<doc>Fails if ``key`` is not found from ``dictionary``.</doc>
<status status="PASS" start="2024-06-10T21:14:51.752221" elapsed="0.000376"/>
</kw>
<kw name="Log" owner="BuiltIn">
<msg time="2024-06-10T21:14:51.753135" level="INFO">{'gender': 'male', 'name': {'title': 'Mr', 'first': 'Stanley', 'last': 'Johnston'}, 'location': {'street': {'number': 1095, 'name': 'Grove Road'}, 'city': 'Cardiff', 'state': 'Gloucestershire', 'country': 'United Kingdom', 'postcode': 'UQ2W 5JS', 'coordinates': {'latitude': '-6.3068', 'longitude': '-157.4659'}, 'timezone': {'offset': '0:00', 'description': 'Western Europe Time, London, Lisbon, Casablanca'}}, 'email': 'stanley.johnston@example.com', 'login': {'uuid': 'e7713269-2bcf-406a-bc0e-f2195b6a1759', 'username': 'angrytiger974', 'password': 'romano', 'salt': 'jUW9bxQB', 'md5': 'ba8d4e74f5b2ae0d4636a4ddc9c124d3', 'sha1': '20b768ae5c10f38a0d94f4b4bdce49afb340ad20', 'sha256': '10734327923ef91c1c00e4063d7fe4dfc326747f90a00562591032765b52e8cb'}, 'dob': {'date': '1953-01-10T00:13:45.032Z', 'age': 71}, 'registered': {'date': '2004-04-01T10:34:01.978Z', 'age': 20}, 'phone': '016973 56833', 'cell': '07506 379601', 'id': {'name': 'NINO', 'value': 'EY 58 22 47 V'}, 'picture': {'large': 'https://randomuser.me/api/portraits/men/60.jpg', 'medium': 'https://randomuser.me/api/portraits/med/men/60.jpg', 'thumbnail': 'https://randomuser.me/api/portraits/thumb/men/60.jpg'}, 'nat': 'GB'}</msg>
<arg>${json_data['results'][0]}</arg>
<doc>Logs the given message with the given level.</doc>
<status status="PASS" start="2024-06-10T21:14:51.752783" elapsed="0.000401"/>
</kw>
<kw name="Log" owner="BuiltIn">
<msg time="2024-06-10T21:14:51.753614" level="INFO">location</msg>
<arg>${key}</arg>
<doc>Logs the given message with the given level.</doc>
<status status="PASS" start="2024-06-10T21:14:51.753478" elapsed="0.000172"/>
</kw>
<var name="${key}">location</var>
<status status="PASS" start="2024-06-10T21:14:51.752106" elapsed="0.001782"/>
</iter>
<iter>
<kw name="Dictionary Should Contain Key" owner="Collections">
<arg>${json_data['results'][0]}</arg>
<arg>${key}</arg>
<doc>Fails if ``key`` is not found from ``dictionary``.</doc>
<status status="PASS" start="2024-06-10T21:14:51.754180" elapsed="0.000390"/>
</kw>
<kw name="Log" owner="BuiltIn">
<msg time="2024-06-10T21:14:51.755108" level="INFO">{'gender': 'male', 'name': {'title': 'Mr', 'first': 'Stanley', 'last': 'Johnston'}, 'location': {'street': {'number': 1095, 'name': 'Grove Road'}, 'city': 'Cardiff', 'state': 'Gloucestershire', 'country': 'United Kingdom', 'postcode': 'UQ2W 5JS', 'coordinates': {'latitude': '-6.3068', 'longitude': '-157.4659'}, 'timezone': {'offset': '0:00', 'description': 'Western Europe Time, London, Lisbon, Casablanca'}}, 'email': 'stanley.johnston@example.com', 'login': {'uuid': 'e7713269-2bcf-406a-bc0e-f2195b6a1759', 'username': 'angrytiger974', 'password': 'romano', 'salt': 'jUW9bxQB', 'md5': 'ba8d4e74f5b2ae0d4636a4ddc9c124d3', 'sha1': '20b768ae5c10f38a0d94f4b4bdce49afb340ad20', 'sha256': '10734327923ef91c1c00e4063d7fe4dfc326747f90a00562591032765b52e8cb'}, 'dob': {'date': '1953-01-10T00:13:45.032Z', 'age': 71}, 'registered': {'date': '2004-04-01T10:34:01.978Z', 'age': 20}, 'phone': '016973 56833', 'cell': '07506 379601', 'id': {'name': 'NINO', 'value': 'EY 58 22 47 V'}, 'picture': {'large': 'https://randomuser.me/api/portraits/men/60.jpg', 'medium': 'https://randomuser.me/api/portraits/med/men/60.jpg', 'thumbnail': 'https://randomuser.me/api/portraits/thumb/men/60.jpg'}, 'nat': 'GB'}</msg>
<arg>${json_data['results'][0]}</arg>
<doc>Logs the given message with the given level.</doc>
<status status="PASS" start="2024-06-10T21:14:51.754755" elapsed="0.000403"/>
</kw>
<kw name="Log" owner="BuiltIn">
<msg time="2024-06-10T21:14:51.755588" level="INFO">email</msg>
<arg>${key}</arg>
<doc>Logs the given message with the given level.</doc>
<status status="PASS" start="2024-06-10T21:14:51.755459" elapsed="0.000167"/>
</kw>
<var name="${key}">email</var>
<status status="PASS" start="2024-06-10T21:14:51.754070" elapsed="0.001775"/>
</iter>
<iter>
<kw name="Dictionary Should Contain Key" owner="Collections">
<arg>${json_data['results'][0]}</arg>
<arg>${key}</arg>
<doc>Fails if ``key`` is not found from ``dictionary``.</doc>
<status status="PASS" start="2024-06-10T21:14:51.756127" elapsed="0.000392"/>
</kw>
<kw name="Log" owner="BuiltIn">
<msg time="2024-06-10T21:14:51.757047" level="INFO">{'gender': 'male', 'name': {'title': 'Mr', 'first': 'Stanley', 'last': 'Johnston'}, 'location': {'street': {'number': 1095, 'name': 'Grove Road'}, 'city': 'Cardiff', 'state': 'Gloucestershire', 'country': 'United Kingdom', 'postcode': 'UQ2W 5JS', 'coordinates': {'latitude': '-6.3068', 'longitude': '-157.4659'}, 'timezone': {'offset': '0:00', 'description': 'Western Europe Time, London, Lisbon, Casablanca'}}, 'email': 'stanley.johnston@example.com', 'login': {'uuid': 'e7713269-2bcf-406a-bc0e-f2195b6a1759', 'username': 'angrytiger974', 'password': 'romano', 'salt': 'jUW9bxQB', 'md5': 'ba8d4e74f5b2ae0d4636a4ddc9c124d3', 'sha1': '20b768ae5c10f38a0d94f4b4bdce49afb340ad20', 'sha256': '10734327923ef91c1c00e4063d7fe4dfc326747f90a00562591032765b52e8cb'}, 'dob': {'date': '1953-01-10T00:13:45.032Z', 'age': 71}, 'registered': {'date': '2004-04-01T10:34:01.978Z', 'age': 20}, 'phone': '016973 56833', 'cell': '07506 379601', 'id': {'name': 'NINO', 'value': 'EY 58 22 47 V'}, 'picture': {'large': 'https://randomuser.me/api/portraits/men/60.jpg', 'medium': 'https://randomuser.me/api/portraits/med/men/60.jpg', 'thumbnail': 'https://randomuser.me/api/portraits/thumb/men/60.jpg'}, 'nat': 'GB'}</msg>
<arg>${json_data['results'][0]}</arg>
<doc>Logs the given message with the given level.</doc>
<status status="PASS" start="2024-06-10T21:14:51.756703" elapsed="0.000393"/>
</kw>
<kw name="Log" owner="BuiltIn">
<msg time="2024-06-10T21:14:51.757514" level="INFO">login</msg>
<arg>${key}</arg>
<doc>Logs the given message with the given level.</doc>
<status status="PASS" start="2024-06-10T21:14:51.757386" elapsed="0.000165"/>
</kw>
<var name="${key}">login</var>
<status status="PASS" start="2024-06-10T21:14:51.756019" elapsed="0.001753"/>
</iter>
<var>${key}</var>
<value>@{expected_keys}</value>
<status status="PASS" start="2024-06-10T21:14:51.747891" elapsed="0.010055"/>
</for>
<kw name="Create List" owner="BuiltIn">
<msg time="2024-06-10T21:14:51.758290" level="INFO">${expected_keysTwo} = ['username', 'password']</msg>
<var>${expected_keysTwo}</var>
<arg>username</arg>
<arg>password</arg>
<doc>Returns a list containing given items.</doc>
<status status="PASS" start="2024-06-10T21:14:51.758147" elapsed="0.000166"/>
</kw>
<for flavor="IN">
<iter>
<kw name="Dictionary Should Contain Key" owner="Collections">
<arg>${json_data['results'][0]['login']}</arg>
<arg>${keyTwo}</arg>
<doc>Fails if ``key`` is not found from ``dictionary``.</doc>
<status status="PASS" start="2024-06-10T21:14:51.758817" elapsed="0.000391"/>
</kw>
<kw name="Dictionary Should Contain Key" owner="Collections">
<arg>${json_data['results'][0]['login']}</arg>
<arg>${keyTwo}</arg>
<doc>Fails if ``key`` is not found from ``dictionary``.</doc>
<status status="PASS" start="2024-06-10T21:14:51.759389" elapsed="0.000373"/>
</kw>
<kw name="Log" owner="BuiltIn">
<msg time="2024-06-10T21:14:51.760058" level="INFO">username</msg>
<arg>${keyTwo}</arg>
<doc>Logs the given message with the given level.</doc>
<status status="PASS" start="2024-06-10T21:14:51.759940" elapsed="0.000160"/>
</kw>
<var name="${keyTwo}">username</var>
<status status="PASS" start="2024-06-10T21:14:51.758708" elapsed="0.001615"/>
</iter>
<iter>
<kw name="Dictionary Should Contain Key" owner="Collections">
<arg>${json_data['results'][0]['login']}</arg>
<arg>${keyTwo}</arg>
<doc>Fails if ``key`` is not found from ``dictionary``.</doc>
<status status="PASS" start="2024-06-10T21:14:51.760606" elapsed="0.000382"/>
</kw>
<kw name="Dictionary Should Contain Key" owner="Collections">
<arg>${json_data['results'][0]['login']}</arg>
<arg>${keyTwo}</arg>
<doc>Fails if ``key`` is not found from ``dictionary``.</doc>
<status status="PASS" start="2024-06-10T21:14:51.761163" elapsed="0.000363"/>
</kw>
<kw name="Log" owner="BuiltIn">
<msg time="2024-06-10T21:14:51.761819" level="INFO">password</msg>
<arg>${keyTwo}</arg>
<doc>Logs the given message with the given level.</doc>
<status status="PASS" start="2024-06-10T21:14:51.761701" elapsed="0.000154"/>
</kw>
<var name="${keyTwo}">password</var>
<status status="PASS" start="2024-06-10T21:14:51.760498" elapsed="0.001596"/>
</iter>
<var>${keyTwo}</var>
<value>@{expected_keysTwo}</value>
<status status="PASS" start="2024-06-10T21:14:51.758554" elapsed="0.003658"/>
</for>
<status status="PASS" start="2024-06-10T21:14:51.652507" elapsed="0.109844"/>
</kw>
<doc>Testa a estrutura da resposta da API.</doc>
<tag>testeEstruturaResposta</tag>
<status status="PASS" start="2024-06-10T21:14:51.652007" elapsed="0.110499"/>
</test>
<test id="s1-s1-t4" name="Validar tipos de dados" line="28">
<kw name="Teste de Tipos de Dados" owner="random-user-service">
<kw name="GET On Session" owner="RequestsLibrary">
<msg time="2024-06-10T21:14:51.858418" level="INFO">GET Request : url=https://randomuser.me/api 
 path_url=/api 
 headers={'User-Agent': 'python-requests/2.32.3', 'Accept-Encoding': 'gzip, deflate', 'Accept': '*/*', 'Connection': 'keep-alive'} 
 body=None 
 </msg>
<msg time="2024-06-10T21:14:51.858514" level="INFO">GET Response : url=https://randomuser.me/api 
 status=200, reason=OK 
 headers={'Date': 'Mon, 10 Jun 2024 21:14:51 GMT', 'Content-Type': 'application/json; charset=utf-8', 'Transfer-Encoding': 'chunked', 'Connection': 'keep-alive', 'X-Powered-By': 'Express', 'Access-Control-Allow-Origin': '*', 'Cache-Control': 'no-cache', 'ETag': 'W/"479-M5rIcUcz3ckpVtls3FvTECuoJvY"', 'Vary': 'Accept-Encoding', 'Content-Encoding': 'gzip', 'CF-Cache-Status': 'DYNAMIC', 'Report-To': '{"endpoints":[{"url":"https:\\/\\/a.nel.cloudflare.com\\/report\\/v4?s=%2FKrwP1WeRgzykrWmlFjgU5EKKLZzvCu1%2F2I1SMwO1uiOk3P8enu1lzUBP444GPBrKntd3DWjiWRLtijDOAmHOD01AaadkXwR0mug8C%2BWfwPNm6AgrT8lbiahVDQhOpbs"}],"group":"cf-nel","max_age":604800}', 'NEL': '{"success_fraction":0,"report_to":"cf-nel","max_age":604800}', 'Server': 'cloudflare', 'CF-RAY': '891c5f998f8367eb-SJC', 'alt-svc': 'h3=":443"; ma=86400'} 
 body={"results":[{"gender":"male","name":{"title":"Mr","first":"Storm","last":"Larsen"},"location":{"street":{"number":8100,"name":"Parkvej"},"city":"Sandved","state":"Syddanmark","country":"Denmark","postcode":30223,"coordinates":{"latitude":"-39.8570","longitude":"-144.5630"},"timezone":{"offset":"+5:30","description":"Bombay, Calcutta, Madras, New Delhi"}},"email":"storm.larsen@example.com","login":{"uuid":"e7bc9bd3-26c5-4625-aeba-f5d08073012d","username":"sadmouse980","password":"thedog","salt":"lyXwAjvh","md5":"f83d523a62f90b6319bf183e8ee5b825","sha1":"38c279d03f547d5f59d548df9eddf9a666973335","sha256":"87deed7292f0fb36eb58260d660ea8eb597e79afad4c8ad6fbdcf5a1f7562a7d"},"dob":{"date":"1964-11-29T00:31:31.288Z","age":59},"registered":{"date":"2019-08-13T03:04:28.336Z","age":4},"phone":"50420018","cell":"98939677","id":{"name":"CPR","value":"281164-6182"},"picture":{"large":"https://randomuser.me/api/portraits/men/4.jpg","medium":"https://randomuser.me/api/portraits/med/men/4.jpg","thumbnail":"https://randomuser.me/api/portraits/thumb/men/4.jpg"},"nat":"DK"}],"info":{"seed":"a6bc38954688b5e6","results":1,"page":1,"version":"1.4"}} 
 </msg>
<msg time="2024-06-10T21:14:51.858586" level="INFO">/opt/hostedtoolcache/Python/3.12.3/x64/lib/python3.12/site-packages/urllib3/connectionpool.py:1103: InsecureRequestWarning: Unverified HTTPS request is being made to host 'randomuser.me'. Adding certificate verification is strongly advised. See: https://urllib3.readthedocs.io/en/latest/advanced-usage.html#tls-warnings
  warnings.warn(</msg>
<msg time="2024-06-10T21:14:51.858704" level="INFO">${response} = &lt;Response [200]&gt;</msg>
<var>${response}</var>
<arg>consultarAPI</arg>
<arg>/api</arg>
<doc>Sends a GET request on a previously created HTTP Session.</doc>
<status status="PASS" start="2024-06-10T21:14:51.765036" elapsed="0.093703"/>
</kw>
<kw name="Set Variable" owner="BuiltIn">
<msg time="2024-06-10T21:14:51.859819" level="INFO">${json_data} = {'results': [{'gender': 'male', 'name': {'title': 'Mr', 'first': 'Storm', 'last': 'Larsen'}, 'location': {'street': {'number': 8100, 'name': 'Parkvej'}, 'city': 'Sandved', 'state': 'Syddanmark', 'coun...</msg>
<var>${json_data}</var>
<arg>${response.json()}</arg>
<doc>Returns the given values which can then be assigned to a variables.</doc>
<status status="PASS" start="2024-06-10T21:14:51.859308" elapsed="0.000540"/>
</kw>
<kw name="Log" owner="BuiltIn">
<msg time="2024-06-10T21:14:51.860332" level="INFO">{'results': [{'gender': 'male', 'name': {'title': 'Mr', 'first': 'Storm', 'last': 'Larsen'}, 'location': {'street': {'number': 8100, 'name': 'Parkvej'}, 'city': 'Sandved', 'state': 'Syddanmark', 'country': 'Denmark', 'postcode': 30223, 'coordinates': {'latitude': '-39.8570', 'longitude': '-144.5630'}, 'timezone': {'offset': '+5:30', 'description': 'Bombay, Calcutta, Madras, New Delhi'}}, 'email': 'storm.larsen@example.com', 'login': {'uuid': 'e7bc9bd3-26c5-4625-aeba-f5d08073012d', 'username': 'sadmouse980', 'password': 'thedog', 'salt': 'lyXwAjvh', 'md5': 'f83d523a62f90b6319bf183e8ee5b825', 'sha1': '38c279d03f547d5f59d548df9eddf9a666973335', 'sha256': '87deed7292f0fb36eb58260d660ea8eb597e79afad4c8ad6fbdcf5a1f7562a7d'}, 'dob': {'date': '1964-11-29T00:31:31.288Z', 'age': 59}, 'registered': {'date': '2019-08-13T03:04:28.336Z', 'age': 4}, 'phone': '50420018', 'cell': '98939677', 'id': {'name': 'CPR', 'value': '281164-6182'}, 'picture': {'large': 'https://randomuser.me/api/portraits/men/4.jpg', 'medium': 'https://randomuser.me/api/portraits/med/men/4.jpg', 'thumbnail': 'https://randomuser.me/api/portraits/thumb/men/4.jpg'}, 'nat': 'DK'}], 'info': {'seed': 'a6bc38954688b5e6', 'results': 1, 'page': 1, 'version': '1.4'}}</msg>
<arg>${json_data}</arg>
<doc>Logs the given message with the given level.</doc>
<status status="PASS" start="2024-06-10T21:14:51.860170" elapsed="0.000210"/>
</kw>
<kw name="Should Be String" owner="String">
<arg>${json_data['results'][0]['gender']}</arg>
<doc>Fails if the given ``item`` is not a string.</doc>
<status status="PASS" start="2024-06-10T21:14:51.860674" elapsed="0.000370"/>
</kw>
<kw name="Should Match Regexp" owner="BuiltIn">
<arg>${json_data['results'][0]['email']}</arg>
<arg>^[a-zA-Z0-9._%+-]+@[a-zA-Z0-9.-]+\.[a-zA-Z]{2,}$</arg>
<doc>Fails if ``string`` does not match ``pattern`` as a regular expression.</doc>
<status status="PASS" start="2024-06-10T21:14:51.861273" elapsed="0.000516"/>
</kw>
<kw name="Should Match Regexp" owner="BuiltIn">
<arg>${json_data['results'][0]['dob']['date']}</arg>
<arg>\\d{4}-\\d{2}-\\d{2}T\\d{2}:\\d{2}:\\d{2}\\.\\d{3}Z</arg>
<doc>Fails if ``string`` does not match ``pattern`` as a regular expression.</doc>
<status status="PASS" start="2024-06-10T21:14:51.862022" elapsed="0.000483"/>
</kw>
<kw name="Should Match Regexp" owner="BuiltIn">
<arg>${json_data['results'][0]['registered']['date']}</arg>
<arg>\\d{4}-\\d{2}-\\d{2}T\\d{2}:\\d{2}:\\d{2}\\.\\d{3}Z</arg>
<doc>Fails if ``string`` does not match ``pattern`` as a regular expression.</doc>
<status status="PASS" start="2024-06-10T21:14:51.862695" elapsed="0.000362"/>
</kw>
<kw name="Should Match Regexp" owner="BuiltIn">
<arg>${json_data['results'][0]['picture']['large']}</arg>
<arg>^https?://.*\.(?:png|jpe?g|gif|bmp)$</arg>
<doc>Fails if ``string`` does not match ``pattern`` as a regular expression.</doc>
<status status="PASS" start="2024-06-10T21:14:51.863243" elapsed="0.000460"/>
</kw>
<kw name="Should Match Regexp" owner="BuiltIn">
<arg>${json_data['results'][0]['picture']['medium']}</arg>
<arg>^https?://.*\.(?:png|jpe?g|gif|bmp)$</arg>
<doc>Fails if ``string`` does not match ``pattern`` as a regular expression.</doc>
<status status="PASS" start="2024-06-10T21:14:51.863890" elapsed="0.000362"/>
</kw>
<kw name="Should Match Regexp" owner="BuiltIn">
<arg>${json_data['results'][0]['picture']['thumbnail']}</arg>
<arg>^https?://.*\.(?:png|jpe?g|gif|bmp)$</arg>
<doc>Fails if ``string`` does not match ``pattern`` as a regular expression.</doc>
<status status="PASS" start="2024-06-10T21:14:51.864441" elapsed="0.000352"/>
</kw>
<kw name="Log" owner="BuiltIn">
<msg time="2024-06-10T21:14:51.865303" level="INFO">{'large': 'https://randomuser.me/api/portraits/men/4.jpg', 'medium': 'https://randomuser.me/api/portraits/med/men/4.jpg', 'thumbnail': 'https://randomuser.me/api/portraits/thumb/men/4.jpg'}</msg>
<arg>${json_data['results'][0]['picture']}</arg>
<doc>Logs the given message with the given level.</doc>
<status status="PASS" start="2024-06-10T21:14:51.864977" elapsed="0.000369"/>
</kw>
<status status="PASS" start="2024-06-10T21:14:51.764810" elapsed="0.100799"/>
</kw>
<kw name="Teste de Tipos de Dados - Postcode" owner="random-user-service">
<kw name="GET On Session" owner="RequestsLibrary">
<msg time="2024-06-10T21:14:51.960202" level="INFO">GET Request : url=https://randomuser.me/api 
 path_url=/api 
 headers={'User-Agent': 'python-requests/2.32.3', 'Accept-Encoding': 'gzip, deflate', 'Accept': '*/*', 'Connection': 'keep-alive'} 
 body=None 
 </msg>
<msg time="2024-06-10T21:14:51.960296" level="INFO">GET Response : url=https://randomuser.me/api 
 status=200, reason=OK 
 headers={'Date': 'Mon, 10 Jun 2024 21:14:51 GMT', 'Content-Type': 'application/json; charset=utf-8', 'Transfer-Encoding': 'chunked', 'Connection': 'keep-alive', 'X-Powered-By': 'Express', 'Access-Control-Allow-Origin': '*', 'Cache-Control': 'no-cache', 'ETag': 'W/"469-BiIr4gslz5JSnn3Bd1j+54hPWss"', 'Vary': 'Accept-Encoding', 'Content-Encoding': 'gzip', 'CF-Cache-Status': 'DYNAMIC', 'Report-To': '{"endpoints":[{"url":"https:\\/\\/a.nel.cloudflare.com\\/report\\/v4?s=QJjvP5LYOVWpt9rEn4Rb2HHQnt8sUVT39lCBECKrWIKO%2BO1jqoQ7KJJlaaQ4pGBJLHy0cEmYt7XtQZ7AXLLz6EasPbbxI7LAj084TAZ8ON%2F13b%2BjJjRgcxn6fBDRSoo3"}],"group":"cf-nel","max_age":604800}', 'NEL': '{"success_fraction":0,"report_to":"cf-nel","max_age":604800}', 'Server': 'cloudflare', 'CF-RAY': '891c5f9a2fef67eb-SJC', 'alt-svc': 'h3=":443"; ma=86400'} 
 body={"results":[{"gender":"female","name":{"title":"Ms","first":"Sonali","last":"Rai"},"location":{"street":{"number":8437,"name":"Pali Hill"},"city":"Mango","state":"Kerala","country":"India","postcode":91325,"coordinates":{"latitude":"7.7884","longitude":"158.5712"},"timezone":{"offset":"-3:30","description":"Newfoundland"}},"email":"sonali.rai@example.com","login":{"uuid":"dbe5da97-ef1c-4781-9fd7-20c063ad6eff","username":"heavydog128","password":"sleeper","salt":"0gWBGhL0","md5":"631d5f903dd44bc4679c0e6184e05dd5","sha1":"b938f98d56d3ebb9dcdd4a7f24f68d689d050475","sha256":"9b640c1369f502c4592dfc4b2ebbb8b512a8f6dadf37a003a1abf320702fde30"},"dob":{"date":"1989-06-30T15:29:36.620Z","age":34},"registered":{"date":"2002-04-21T03:15:30.005Z","age":22},"phone":"7684999287","cell":"8955693181","id":{"name":"UIDAI","value":"100095706676"},"picture":{"large":"https://randomuser.me/api/portraits/women/40.jpg","medium":"https://randomuser.me/api/portraits/med/women/40.jpg","thumbnail":"https://randomuser.me/api/portraits/thumb/women/40.jpg"},"nat":"IN"}],"info":{"seed":"123109f25bf973eb","results":1,"page":1,"version":"1.4"}} 
 </msg>
<msg time="2024-06-10T21:14:51.960363" level="INFO">/opt/hostedtoolcache/Python/3.12.3/x64/lib/python3.12/site-packages/urllib3/connectionpool.py:1103: InsecureRequestWarning: Unverified HTTPS request is being made to host 'randomuser.me'. Adding certificate verification is strongly advised. See: https://urllib3.readthedocs.io/en/latest/advanced-usage.html#tls-warnings
  warnings.warn(</msg>
<msg time="2024-06-10T21:14:51.960488" level="INFO">${response} = &lt;Response [200]&gt;</msg>
<var>${response}</var>
<arg>consultarAPI</arg>
<arg>/api</arg>
<doc>Sends a GET request on a previously created HTTP Session.</doc>
<status status="PASS" start="2024-06-10T21:14:51.866096" elapsed="0.094439"/>
</kw>
<kw name="Set Variable" owner="BuiltIn">
<msg time="2024-06-10T21:14:51.961669" level="INFO">${json_data} = {'results': [{'gender': 'female', 'name': {'title': 'Ms', 'first': 'Sonali', 'last': 'Rai'}, 'location': {'street': {'number': 8437, 'name': 'Pali Hill'}, 'city': 'Mango', 'state': 'Kerala', 'country'...</msg>
<var>${json_data}</var>
<arg>${response.json()}</arg>
<doc>Returns the given values which can then be assigned to a variables.</doc>
<status status="PASS" start="2024-06-10T21:14:51.961124" elapsed="0.000575"/>
</kw>
<kw name="Log" owner="BuiltIn">
<msg time="2024-06-10T21:14:51.962190" level="INFO">{'results': [{'gender': 'female', 'name': {'title': 'Ms', 'first': 'Sonali', 'last': 'Rai'}, 'location': {'street': {'number': 8437, 'name': 'Pali Hill'}, 'city': 'Mango', 'state': 'Kerala', 'country': 'India', 'postcode': 91325, 'coordinates': {'latitude': '7.7884', 'longitude': '158.5712'}, 'timezone': {'offset': '-3:30', 'description': 'Newfoundland'}}, 'email': 'sonali.rai@example.com', 'login': {'uuid': 'dbe5da97-ef1c-4781-9fd7-20c063ad6eff', 'username': 'heavydog128', 'password': 'sleeper', 'salt': '0gWBGhL0', 'md5': '631d5f903dd44bc4679c0e6184e05dd5', 'sha1': 'b938f98d56d3ebb9dcdd4a7f24f68d689d050475', 'sha256': '9b640c1369f502c4592dfc4b2ebbb8b512a8f6dadf37a003a1abf320702fde30'}, 'dob': {'date': '1989-06-30T15:29:36.620Z', 'age': 34}, 'registered': {'date': '2002-04-21T03:15:30.005Z', 'age': 22}, 'phone': '7684999287', 'cell': '8955693181', 'id': {'name': 'UIDAI', 'value': '100095706676'}, 'picture': {'large': 'https://randomuser.me/api/portraits/women/40.jpg', 'medium': 'https://randomuser.me/api/portraits/med/women/40.jpg', 'thumbnail': 'https://randomuser.me/api/portraits/thumb/women/40.jpg'}, 'nat': 'IN'}], 'info': {'seed': '123109f25bf973eb', 'results': 1, 'page': 1, 'version': '1.4'}}</msg>
<arg>${json_data}</arg>
<doc>Logs the given message with the given level.</doc>
<status status="PASS" start="2024-06-10T21:14:51.962031" elapsed="0.000206"/>
</kw>
<kw name="Should Be Equal As Numbers" owner="BuiltIn">
<arg>${json_data['results'][0]['location']['postcode']}</arg>
<arg>${json_data['results'][0]['location']['postcode']}</arg>
<doc>Fails if objects are unequal after converting them to real numbers.</doc>
<status status="PASS" start="2024-06-10T21:14:51.962537" elapsed="0.000614"/>
</kw>
<kw name="Log" owner="BuiltIn">
<msg time="2024-06-10T21:14:51.963727" level="INFO">91325</msg>
<arg>${json_data['results'][0]['location']['postcode']}</arg>
<doc>Logs the given message with the given level.</doc>
<status status="PASS" start="2024-06-10T21:14:51.963381" elapsed="0.000386"/>
</kw>
<status status="PASS" start="2024-06-10T21:14:51.865837" elapsed="0.098186"/>
</kw>
<doc>Testa se os tipos de dados na resposta da API estão corretos.</doc>
<tag>testeTiposDados</tag>
<status status="PASS" start="2024-06-10T21:14:51.764268" elapsed="0.199931"/>
</test>
<test id="s1-s1-t5" name="Validar conteudo" line="35">
<kw name="Teste de Tipos de Conteudo" owner="random-user-service">
<kw name="GET On Session" owner="RequestsLibrary">
<msg time="2024-06-10T21:14:52.063367" level="INFO">GET Request : url=https://randomuser.me/api 
 path_url=/api 
 headers={'User-Agent': 'python-requests/2.32.3', 'Accept-Encoding': 'gzip, deflate', 'Accept': '*/*', 'Connection': 'keep-alive'} 
 body=None 
 </msg>
<msg time="2024-06-10T21:14:52.063461" level="INFO">GET Response : url=https://randomuser.me/api 
 status=200, reason=OK 
 headers={'Date': 'Mon, 10 Jun 2024 21:14:52 GMT', 'Content-Type': 'application/json; charset=utf-8', 'Transfer-Encoding': 'chunked', 'Connection': 'keep-alive', 'X-Powered-By': 'Express', 'Access-Control-Allow-Origin': '*', 'Cache-Control': 'no-cache', 'ETag': 'W/"485-ET0Vxk5yv+Rp+SiMKm3OKmEC9WQ"', 'Vary': 'Accept-Encoding', 'Content-Encoding': 'gzip', 'CF-Cache-Status': 'DYNAMIC', 'Report-To': '{"endpoints":[{"url":"https:\\/\\/a.nel.cloudflare.com\\/report\\/v4?s=rZdtUMV5Jrb%2FmB9OfEcIrvsgU%2F6Pzf6FOZgmJsFpQJVLWicO85id3ZxO2cP8Up4zyZqi3QqCdUPCnvLKdXzZML9IJbp65sC7fbqu6nTejsGIXEkbqnSi2zJQ6Ebcpvfd"}],"group":"cf-nel","max_age":604800}', 'NEL': '{"success_fraction":0,"report_to":"cf-nel","max_age":604800}', 'Server': 'cloudflare', 'CF-RAY': '891c5f9ac85767eb-SJC', 'alt-svc': 'h3=":443"; ma=86400'} 
 body={"results":[{"gender":"female","name":{"title":"Miss","first":"Josefine","last":"Petersen"},"location":{"street":{"number":5719,"name":"Rolighedsvej"},"city":"Odense Sv","state":"Hovedstaden","country":"Denmark","postcode":61742,"coordinates":{"latitude":"-40.4119","longitude":"143.7053"},"timezone":{"offset":"+9:30","description":"Adelaide, Darwin"}},"email":"josefine.petersen@example.com","login":{"uuid":"6c2e9a93-94ad-4eab-bcd5-45161868be7a","username":"goldenfrog430","password":"snoopy1","salt":"sP16PR9Y","md5":"fb6f76a79893a1701d323f1141d4144c","sha1":"fe9a01693414868c6d7c0d5a0495fd1b38ac71f3","sha256":"b5f1ab7522997238f2dc1e25fbc8f8a2b08ade2a02a838aa339237ac75e0111f"},"dob":{"date":"1950-04-19T05:14:26.515Z","age":74},"registered":{"date":"2009-12-23T07:31:13.521Z","age":14},"phone":"54579465","cell":"63188894","id":{"name":"CPR","value":"180450-1359"},"picture":{"large":"https://randomuser.me/api/portraits/women/7.jpg","medium":"https://randomuser.me/api/portraits/med/women/7.jpg","thumbnail":"https://randomuser.me/api/portraits/thumb/women/7.jpg"},"nat":"DK"}],"info":{"seed":"9835dc4b45d18580","results":1,"page":1,"version":"1.4"}} 
 </msg>
<msg time="2024-06-10T21:14:52.063548" level="INFO">/opt/hostedtoolcache/Python/3.12.3/x64/lib/python3.12/site-packages/urllib3/connectionpool.py:1103: InsecureRequestWarning: Unverified HTTPS request is being made to host 'randomuser.me'. Adding certificate verification is strongly advised. See: https://urllib3.readthedocs.io/en/latest/advanced-usage.html#tls-warnings
  warnings.warn(</msg>
<msg time="2024-06-10T21:14:52.063681" level="INFO">${response} = &lt;Response [200]&gt;</msg>
<var>${response}</var>
<arg>consultarAPI</arg>
<arg>/api</arg>
<doc>Sends a GET request on a previously created HTTP Session.</doc>
<status status="PASS" start="2024-06-10T21:14:51.966897" elapsed="0.096823"/>
</kw>
<kw name="Set Variable" owner="BuiltIn">
<msg time="2024-06-10T21:14:52.064910" level="INFO">${json_data} = {'results': [{'gender': 'female', 'name': {'title': 'Miss', 'first': 'Josefine', 'last': 'Petersen'}, 'location': {'street': {'number': 5719, 'name': 'Rolighedsvej'}, 'city': 'Odense Sv', 'state': 'Ho...</msg>
<var>${json_data}</var>
<arg>${response.json()}</arg>
<doc>Returns the given values which can then be assigned to a variables.</doc>
<status status="PASS" start="2024-06-10T21:14:52.064347" elapsed="0.000591"/>
</kw>
<kw name="Set Variable" owner="BuiltIn">
<msg time="2024-06-10T21:14:52.065614" level="INFO">${name_title} = Miss</msg>
<var>${name_title}</var>
<arg>${json_data["results"][0]["name"]["title"]}</arg>
<doc>Returns the given values which can then be assigned to a variables.</doc>
<status status="PASS" start="2024-06-10T21:14:52.065239" elapsed="0.000400"/>
</kw>
<kw name="Create List" owner="BuiltIn">
<msg time="2024-06-10T21:14:52.066128" level="INFO">${allowed_titles} = ['Mr', 'Ms', 'Miss', 'Mrs', 'Madame', 'Monsieur']</msg>
<var>${allowed_titles}</var>
<arg>Mr</arg>
<arg>Ms</arg>
<arg>Miss</arg>
<arg>Mrs</arg>
<arg>Madame</arg>
<arg>Monsieur</arg>
<doc>Returns a list containing given items.</doc>
<status status="PASS" start="2024-06-10T21:14:52.065975" elapsed="0.000178"/>
</kw>
<kw name="List Should Contain Value" owner="Collections">
<arg>${allowed_titles}</arg>
<arg>${name_title}</arg>
<doc>Fails if the ``value`` is not found from ``list``.</doc>
<status status="PASS" start="2024-06-10T21:14:52.066452" elapsed="0.000177"/>
</kw>
<kw name="Set Variable" owner="BuiltIn">
<msg time="2024-06-10T21:14:52.067170" level="INFO">${name_country} = DK</msg>
<var>${name_country}</var>
<arg>${json_data["results"][0]["nat"]}</arg>
<doc>Returns the given values which can then be assigned to a variables.</doc>
<status status="PASS" start="2024-06-10T21:14:52.066806" elapsed="0.000388"/>
</kw>
<kw name="Create List" owner="BuiltIn">
<msg time="2024-06-10T21:14:52.068075" level="INFO">${list_country} = ['AD', 'AE', 'AF', 'AG', 'AI', 'AL', 'AM', 'AO', 'AQ', 'AR', 'AS', 'AT', 'AU', 'AW', 'AX', 'AZ', 'BA', 'BB', 'BD', 'BE', 'BF', 'BG', 'BH', 'BI', 'BJ', 'BL', 'BM', 'BN', 'BO', 'BQ', 'BR', 'BS', 'BT', '...</msg>
<var>${list_country}</var>
<arg>AD</arg>
<arg>AE</arg>
<arg>AF</arg>
<arg>AG</arg>
<arg>AI</arg>
<arg>AL</arg>
<arg>AM</arg>
<arg>AO</arg>
<arg>AQ</arg>
<arg>AR</arg>
<arg>AS</arg>
<arg>AT</arg>
<arg>AU</arg>
<arg>AW</arg>
<arg>AX</arg>
<arg>AZ</arg>
<arg>BA</arg>
<arg>BB</arg>
<arg>BD</arg>
<arg>BE</arg>
<arg>BF</arg>
<arg>BG</arg>
<arg>BH</arg>
<arg>BI</arg>
<arg>BJ</arg>
<arg>BL</arg>
<arg>BM</arg>
<arg>BN</arg>
<arg>BO</arg>
<arg>BQ</arg>
<arg>BR</arg>
<arg>BS</arg>
<arg>BT</arg>
<arg>BV</arg>
<arg>BW</arg>
<arg>BY</arg>
<arg>BZ</arg>
<arg>CA</arg>
<arg>CC</arg>
<arg>CD</arg>
<arg>CF</arg>
<arg>CG</arg>
<arg>CH</arg>
<arg>CI</arg>
<arg>CK</arg>
<arg>CL</arg>
<arg>CM</arg>
<arg>CN</arg>
<arg>CO</arg>
<arg>CR</arg>
<arg>CU</arg>
<arg>CV</arg>
<arg>CW</arg>
<arg>CX</arg>
<arg>CY</arg>
<arg>CZ</arg>
<arg>DE</arg>
<arg>DJ</arg>
<arg>DK</arg>
<arg>DM</arg>
<arg>DO</arg>
<arg>DZ</arg>
<arg>EC</arg>
<arg>EE</arg>
<arg>EG</arg>
<arg>EH</arg>
<arg>ER</arg>
<arg>ES</arg>
<arg>ET</arg>
<arg>FI</arg>
<arg>FJ</arg>
<arg>FK</arg>
<arg>FM</arg>
<arg>FO</arg>
<arg>FR</arg>
<arg>GA</arg>
<arg>GB</arg>
<arg>GD</arg>
<arg>GE</arg>
<arg>GF</arg>
<arg>GG</arg>
<arg>GH</arg>
<arg>GI</arg>
<arg>GL</arg>
<arg>GM</arg>
<arg>GN</arg>
<arg>GP</arg>
<arg>GQ</arg>
<arg>GR</arg>
<arg>GS</arg>
<arg>GT</arg>
<arg>GU</arg>
<arg>GW</arg>
<arg>GY</arg>
<arg>HK</arg>
<arg>HM</arg>
<arg>HN</arg>
<arg>HR</arg>
<arg>HT</arg>
<arg>HU</arg>
<arg>ID</arg>
<arg>IE</arg>
<arg>IL</arg>
<arg>IM</arg>
<arg>IN</arg>
<arg>IO</arg>
<arg>IQ</arg>
<arg>IR</arg>
<arg>IS</arg>
<arg>IT</arg>
<arg>JE</arg>
<arg>JM</arg>
<arg>JO</arg>
<arg>JP</arg>
<arg>KE</arg>
<arg>KG</arg>
<arg>KH</arg>
<arg>KI</arg>
<arg>KM</arg>
<arg>KN</arg>
<arg>KP</arg>
<arg>KR</arg>
<arg>KW</arg>
<arg>KY</arg>
<arg>KZ</arg>
<arg>LA</arg>
<arg>LB</arg>
<arg>LC</arg>
<arg>LI</arg>
<arg>LK</arg>
<arg>LR</arg>
<arg>LS</arg>
<arg>LT</arg>
<arg>LU</arg>
<arg>LV</arg>
<arg>LY</arg>
<arg>MA</arg>
<arg>MC</arg>
<arg>MD</arg>
<arg>ME</arg>
<arg>MF</arg>
<arg>MG</arg>
<arg>MH</arg>
<arg>MK</arg>
<arg>ML</arg>
<arg>MM</arg>
<arg>MN</arg>
<arg>MO</arg>
<arg>MP</arg>
<arg>MQ</arg>
<arg>MR</arg>
<arg>MS</arg>
<arg>MT</arg>
<arg>MU</arg>
<arg>MV</arg>
<arg>MW</arg>
<arg>MX</arg>
<arg>MY</arg>
<arg>MZ</arg>
<arg>NA</arg>
<arg>NC</arg>
<arg>NE</arg>
<arg>NF</arg>
<arg>NG</arg>
<arg>NI</arg>
<arg>NL</arg>
<arg>NO</arg>
<arg>NP</arg>
<arg>NR</arg>
<arg>NU</arg>
<arg>NZ</arg>
<arg>OM</arg>
<arg>PA</arg>
<arg>PE</arg>
<arg>PF</arg>
<arg>PG</arg>
<arg>PH</arg>
<arg>PK</arg>
<arg>PL</arg>
<arg>PM</arg>
<arg>PN</arg>
<arg>PR</arg>
<arg>PS</arg>
<arg>PT</arg>
<arg>PW</arg>
<arg>PY</arg>
<arg>QA</arg>
<arg>RE</arg>
<arg>RO</arg>
<arg>RS</arg>
<arg>RU</arg>
<arg>RW</arg>
<arg>SA</arg>
<arg>SB</arg>
<arg>SC</arg>
<arg>SD</arg>
<arg>SE</arg>
<arg>SG</arg>
<arg>SH</arg>
<arg>SI</arg>
<arg>SJ</arg>
<arg>SK</arg>
<arg>SL</arg>
<arg>SM</arg>
<arg>SN</arg>
<arg>SO</arg>
<arg>SR</arg>
<arg>SS</arg>
<arg>ST</arg>
<arg>SV</arg>
<arg>SX</arg>
<arg>SY</arg>
<arg>SZ</arg>
<arg>TC</arg>
<arg>TD</arg>
<arg>TF</arg>
<arg>TG</arg>
<arg>TH</arg>
<arg>TJ</arg>
<arg>TK</arg>
<arg>TL</arg>
<arg>TM</arg>
<arg>TN</arg>
<arg>TO</arg>
<arg>TR</arg>
<arg>TT</arg>
<arg>TV</arg>
<arg>TW</arg>
<arg>TZ</arg>
<arg>UA</arg>
<arg>UG</arg>
<arg>UM</arg>
<arg>US</arg>
<arg>UY</arg>
<arg>UZ</arg>
<arg>VA</arg>
<arg>VC</arg>
<arg>VE</arg>
<arg>VG</arg>
<arg>VI</arg>
<arg>VN</arg>
<arg>VU</arg>
<arg>WF</arg>
<arg>WS</arg>
<arg>XK</arg>
<arg>YE</arg>
<arg>YT</arg>
<arg>ZA</arg>
<arg>ZM</arg>
<arg>ZW</arg>
<doc>Returns a list containing given items.</doc>
<status status="PASS" start="2024-06-10T21:14:52.067486" elapsed="0.000613"/>
</kw>
<kw name="List Should Contain Value" owner="Collections">
<arg>${list_country}</arg>
<arg>${name_country}</arg>
<doc>Fails if the ``value`` is not found from ``list``.</doc>
<status status="PASS" start="2024-06-10T21:14:52.068898" elapsed="0.000204"/>
</kw>
<kw name="Run Keyword If" owner="BuiltIn">
<kw name="Should Be True" owner="BuiltIn">
<arg>${True}</arg>
<doc>Fails if the given condition is not true.</doc>
<status status="PASS" start="2024-06-10T21:14:52.070056" elapsed="0.000142"/>
</kw>
<arg>${json_data["results"][0]["location"]["coordinates"]["latitude"]} &gt;= -90 and ${json_data["results"][0]["location"]["coordinates"]["latitude"]} &lt;= 90</arg>
<arg>Should Be True</arg>
<arg>${True}</arg>
<doc>Runs the given keyword with the given arguments, if ``condition`` is true.</doc>
<status status="PASS" start="2024-06-10T21:14:52.069304" elapsed="0.001018"/>
</kw>
<kw name="Run Keyword If" owner="BuiltIn">
<kw name="Should Be True" owner="BuiltIn">
<arg>${True}</arg>
<doc>Fails if the given condition is not true.</doc>
<status status="PASS" start="2024-06-10T21:14:52.071192" elapsed="0.000136"/>
</kw>
<arg>${json_data["results"][0]["location"]["coordinates"]["longitude"]} &gt;= -180 and ${json_data["results"][0]["location"]["coordinates"]["longitude"]} &lt;= 180</arg>
<arg>Should Be True</arg>
<arg>${True}</arg>
<doc>Runs the given keyword with the given arguments, if ``condition`` is true.</doc>
<status status="PASS" start="2024-06-10T21:14:52.070500" elapsed="0.000951"/>
</kw>
<status status="PASS" start="2024-06-10T21:14:51.966500" elapsed="0.105081"/>
</kw>
<doc>Testa o conteúdo específico dos campos retornados pela API.</doc>
<tag>testeConteudo</tag>
<status status="PASS" start="2024-06-10T21:14:51.965977" elapsed="0.105756"/>
</test>
<status status="PASS" start="2024-06-10T21:14:51.200891" elapsed="0.872815"/>
</suite>
<status status="PASS" start="2024-06-10T21:14:51.187528" elapsed="0.891344"/>
</suite>
<statistics>
<total>
<stat pass="5" fail="0" skip="0">All Tests</stat>
</total>
<tag>
<stat pass="1" fail="0" skip="0">testeConteudo</stat>
<stat pass="1" fail="0" skip="0">testeEstruturaResposta</stat>
<stat pass="1" fail="0" skip="0">testeRequisicaoBasica</stat>
<stat pass="1" fail="0" skip="0">testeTiposDados</stat>
</tag>
<suite>
<stat pass="5" fail="0" skip="0" id="s1" name="Tests">Tests</stat>
<stat pass="5" fail="0" skip="0" id="s1-s1" name="Random-User-Test">Tests.Random-User-Test</stat>
</suite>
</statistics>
<errors>
</errors>
</robot>
