<?xml version="1.0" encoding="UTF-8"?>
<robot generator="Robot 7.0 (Python 3.12.2 on linux)" generated="2024-04-07T06:16:12.223986" rpa="false" schemaversion="5">
<suite id="s1" name="Tests" source="/home/runner/work/DesafioQAItauRogerioJordao/DesafioQAItauRogerioJordao/RamdonUser/tests">
<suite id="s1-s1" name="Random-User-Test" source="/home/runner/work/DesafioQAItauRogerioJordao/DesafioQAItauRogerioJordao/RamdonUser/tests/random-user-test.robot">
<test id="s1-s1-t1" name="Conectar" line="13">
<kw name="Conectar API" owner="random-user-service">
<kw name="Create Session" owner="RequestsLibrary">
<msg time="2024-04-07T06:16:12.578521" level="INFO">Creating Session using : alias=consultarAPI, url=https://randomuser.me/, headers={},                     cookies={}, auth=None, timeout=None, proxies=None, verify=False,                     debug=0 </msg>
<arg>consultarAPI</arg>
<arg>${URL}</arg>
<doc>Create Session: create a HTTP session to a server</doc>
<status status="PASS" start="2024-04-07T06:16:12.578321" elapsed="0.000364"/>
</kw>
<status status="PASS" start="2024-04-07T06:16:12.577344" elapsed="0.001687"/>
</kw>
<status status="PASS" start="2024-04-07T06:16:12.576834" elapsed="0.002404"/>
</test>
<test id="s1-s1-t2" name="Validar retorno 200 e JSON Válido" line="16">
<kw name="Teste de Requisicao Basica" owner="random-user-service">
<kw name="GET On Session" owner="RequestsLibrary">
<msg time="2024-04-07T06:16:12.652868" level="INFO">GET Request : url=https://randomuser.me/api 
 path_url=/api 
 headers={'User-Agent': 'python-requests/2.31.0', 'Accept-Encoding': 'gzip, deflate', 'Accept': '*/*', 'Connection': 'keep-alive'} 
 body=None 
 </msg>
<msg time="2024-04-07T06:16:12.652984" level="INFO">GET Response : url=https://randomuser.me/api 
 status=200, reason=OK 
 headers={'Date': 'Sun, 07 Apr 2024 06:16:12 GMT', 'Content-Type': 'application/json; charset=utf-8', 'Transfer-Encoding': 'chunked', 'Connection': 'keep-alive', 'X-Powered-By': 'Express', 'Access-Control-Allow-Origin': '*', 'Cache-Control': 'no-cache', 'ETag': 'W/"49d-/l0DZG+H6TrVtj0Kd2XbsUT/Bxk"', 'Vary': 'Accept-Encoding', 'Content-Encoding': 'gzip', 'CF-Cache-Status': 'DYNAMIC', 'Report-To': '{"endpoints":[{"url":"https:\\/\\/a.nel.cloudflare.com\\/report\\/v4?s=8AAWHyzVAxsRxPvzebJS3k4AkvI2%2FHsKt4MQCi1Rv9Q7F4JCiHf2y2BroV5tcQNvPeUq2%2FLHAhQwcz8jUswjB7cdy4%2BWrO7rc81XVCDAabg2b%2Busag3HkGFBQEz63GnL"}],"group":"cf-nel","max_age":604800}', 'NEL': '{"success_fraction":0,"report_to":"cf-nel","max_age":604800}', 'Server': 'cloudflare', 'CF-RAY': '8707e336ea368218-IAD', 'alt-svc': 'h3=":443"; ma=86400'} 
 body={"results":[{"gender":"male","name":{"title":"Mr","first":"Nick","last":"Ryan"},"location":{"street":{"number":5516,"name":"The Crescent"},"city":"Winchester","state":"Greater Manchester","country":"United Kingdom","postcode":"PF7J 7AD","coordinates":{"latitude":"-7.4145","longitude":"-102.6695"},"timezone":{"offset":"+9:00","description":"Tokyo, Seoul, Osaka, Sapporo, Yakutsk"}},"email":"nick.ryan@example.com","login":{"uuid":"bce8df6d-3856-44d9-8d82-6d83f5c9b9e5","username":"lazydog476","password":"sonic","salt":"mFtyt1JI","md5":"3e10c72a1e04b2301f13242bd7865805","sha1":"4bee62ce7f1cab13ae5927fae74163af1512c868","sha256":"d96677955bbb81e26ca74943b85295756e56fb016ee2478c3c92778961734ce7"},"dob":{"date":"1990-11-04T15:18:10.363Z","age":33},"registered":{"date":"2012-05-19T01:25:28.160Z","age":11},"phone":"016973 82328","cell":"07793 476563","id":{"name":"NINO","value":"LL 78 13 99 V"},"picture":{"large":"https://randomuser.me/api/portraits/men/20.jpg","medium":"https://randomuser.me/api/portraits/med/men/20.jpg","thumbnail":"https://randomuser.me/api/portraits/thumb/men/20.jpg"},"nat":"GB"}],"info":{"seed":"e153953e4c73bb0a","results":1,"page":1,"version":"1.4"}} 
 </msg>
<msg time="2024-04-07T06:16:12.653086" level="INFO">/opt/hostedtoolcache/Python/3.12.2/x64/lib/python3.12/site-packages/urllib3/connectionpool.py:1103: InsecureRequestWarning: Unverified HTTPS request is being made to host 'randomuser.me'. Adding certificate verification is strongly advised. See: https://urllib3.readthedocs.io/en/latest/advanced-usage.html#tls-warnings
  warnings.warn(</msg>
<msg time="2024-04-07T06:16:12.653207" level="INFO">${response} = &lt;Response [200]&gt;</msg>
<var>${response}</var>
<arg>consultarAPI</arg>
<arg>/api</arg>
<doc>Sends a GET request on a previously created HTTP Session.</doc>
<status status="PASS" start="2024-04-07T06:16:12.581817" elapsed="0.071430"/>
</kw>
<kw name="Should Be Equal As Numbers" owner="BuiltIn">
<msg time="2024-04-07T06:16:12.654251" level="INFO">Argument types are:
&lt;class 'int'&gt;
&lt;class 'str'&gt;</msg>
<arg>${response.status_code}</arg>
<arg>200</arg>
<doc>Fails if objects are unequal after converting them to real numbers.</doc>
<status status="PASS" start="2024-04-07T06:16:12.653769" elapsed="0.000554"/>
</kw>
<kw name="Log" owner="BuiltIn">
<msg time="2024-04-07T06:16:12.655031" level="INFO">200</msg>
<arg>${response.status_code}</arg>
<doc>Logs the given message with the given level.</doc>
<status status="PASS" start="2024-04-07T06:16:12.654669" elapsed="0.000404"/>
</kw>
<kw name="Set Variable" owner="BuiltIn">
<msg time="2024-04-07T06:16:12.655897" level="INFO">${json_data} = {'results': [{'gender': 'male', 'name': {'title': 'Mr', 'first': 'Nick', 'last': 'Ryan'}, 'location': {'street': {'number': 5516, 'name': 'The Crescent'}, 'city': 'Winchester', 'state': 'Greater Manch...</msg>
<var>${json_data}</var>
<arg>${response.json()}</arg>
<doc>Returns the given values which can then be assigned to a variables.</doc>
<status status="PASS" start="2024-04-07T06:16:12.655423" elapsed="0.000503"/>
</kw>
<kw name="Dictionary Should Contain Key" owner="Collections">
<msg time="2024-04-07T06:16:12.656411" level="INFO">False</msg>
<arg>${json_data}</arg>
<arg>results</arg>
<doc>Fails if ``key`` is not found from ``dictionary``.</doc>
<status status="PASS" start="2024-04-07T06:16:12.656237" elapsed="0.000216"/>
</kw>
<status status="PASS" start="2024-04-07T06:16:12.581564" elapsed="0.075156"/>
</kw>
<doc>Testa se a API responde corretamente e retorna um objeto JSON válido.</doc>
<tag>testeRequisicaoBasica</tag>
<status status="PASS" start="2024-04-07T06:16:12.581097" elapsed="0.075803"/>
</test>
<test id="s1-s1-t3" name="Validar estrutura de resposta" line="22">
<kw name="Teste de Estrutura de Resposta" owner="random-user-service">
<kw name="GET On Session" owner="RequestsLibrary">
<msg time="2024-04-07T06:16:12.755278" level="INFO">GET Request : url=https://randomuser.me/api 
 path_url=/api 
 headers={'User-Agent': 'python-requests/2.31.0', 'Accept-Encoding': 'gzip, deflate', 'Accept': '*/*', 'Connection': 'keep-alive'} 
 body=None 
 </msg>
<msg time="2024-04-07T06:16:12.755347" level="INFO">GET Response : url=https://randomuser.me/api 
 status=200, reason=OK 
 headers={'Date': 'Sun, 07 Apr 2024 06:16:12 GMT', 'Content-Type': 'application/json; charset=utf-8', 'Transfer-Encoding': 'chunked', 'Connection': 'keep-alive', 'X-Powered-By': 'Express', 'Access-Control-Allow-Origin': '*', 'Cache-Control': 'no-cache', 'ETag': 'W/"49a-//g3jP+HWTbNR5xJYKoo4qOUI1c"', 'Vary': 'Accept-Encoding', 'Content-Encoding': 'gzip', 'CF-Cache-Status': 'DYNAMIC', 'Report-To': '{"endpoints":[{"url":"https:\\/\\/a.nel.cloudflare.com\\/report\\/v4?s=hw06RHnvsMt1myBuNxw5rkVphXH1qONqBC80ZsxVWoSIiVyKxFlNvW3oMSE%2FwCASbw3Z6Lt%2BtHq2j08lxL2Sm2mzenaY%2FZvxDM%2FQL5Lz4jAj2FwiqCCwbYYUbl1Eo6Kl"}],"group":"cf-nel","max_age":604800}', 'NEL': '{"success_fraction":0,"report_to":"cf-nel","max_age":604800}', 'Server': 'cloudflare', 'CF-RAY': '8707e3372a598218-IAD', 'alt-svc': 'h3=":443"; ma=86400'} 
 body={"results":[{"gender":"female","name":{"title":"Miss","first":"Caroline","last":"Mortensen"},"location":{"street":{"number":4412,"name":"Engdraget"},"city":"Hammel","state":"Nordjylland","country":"Denmark","postcode":50171,"coordinates":{"latitude":"-39.7223","longitude":"59.1856"},"timezone":{"offset":"+11:00","description":"Magadan, Solomon Islands, New Caledonia"}},"email":"caroline.mortensen@example.com","login":{"uuid":"284f724a-7f5a-4022-b615-6abaea508fe9","username":"goldenkoala663","password":"auburn","salt":"7xNckk9A","md5":"d6a3eabf1fa1889b1037bfd345ed57dd","sha1":"19d8ac69f170752a291432f2a552050a84d7384b","sha256":"9ed51e1ff528fb9d67e381ba0ba4a14706b0d4b72c526c26ca760b23a7413f15"},"dob":{"date":"1985-01-10T09:54:31.715Z","age":39},"registered":{"date":"2015-06-04T01:11:53.849Z","age":8},"phone":"63059957","cell":"09999846","id":{"name":"CPR","value":"100185-8100"},"picture":{"large":"https://randomuser.me/api/portraits/women/88.jpg","medium":"https://randomuser.me/api/portraits/med/women/88.jpg","thumbnail":"https://randomuser.me/api/portraits/thumb/women/88.jpg"},"nat":"DK"}],"info":{"seed":"20092049a167306e","results":1,"page":1,"version":"1.4"}} 
 </msg>
<msg time="2024-04-07T06:16:12.755453" level="INFO">/opt/hostedtoolcache/Python/3.12.2/x64/lib/python3.12/site-packages/urllib3/connectionpool.py:1103: InsecureRequestWarning: Unverified HTTPS request is being made to host 'randomuser.me'. Adding certificate verification is strongly advised. See: https://urllib3.readthedocs.io/en/latest/advanced-usage.html#tls-warnings
  warnings.warn(</msg>
<msg time="2024-04-07T06:16:12.755559" level="INFO">${response} = &lt;Response [200]&gt;</msg>
<var>${response}</var>
<arg>consultarAPI</arg>
<arg>/api</arg>
<doc>Sends a GET request on a previously created HTTP Session.</doc>
<status status="PASS" start="2024-04-07T06:16:12.659698" elapsed="0.095902"/>
</kw>
<kw name="Set Variable" owner="BuiltIn">
<msg time="2024-04-07T06:16:12.756646" level="INFO">${json_data} = {'results': [{'gender': 'female', 'name': {'title': 'Miss', 'first': 'Caroline', 'last': 'Mortensen'}, 'location': {'street': {'number': 4412, 'name': 'Engdraget'}, 'city': 'Hammel', 'state': 'Nordjyl...</msg>
<var>${json_data}</var>
<arg>${response.json()}</arg>
<doc>Returns the given values which can then be assigned to a variables.</doc>
<status status="PASS" start="2024-04-07T06:16:12.756088" elapsed="0.000588"/>
</kw>
<kw name="Log" owner="BuiltIn">
<msg time="2024-04-07T06:16:12.757153" level="INFO">{'results': [{'gender': 'female', 'name': {'title': 'Miss', 'first': 'Caroline', 'last': 'Mortensen'}, 'location': {'street': {'number': 4412, 'name': 'Engdraget'}, 'city': 'Hammel', 'state': 'Nordjylland', 'country': 'Denmark', 'postcode': 50171, 'coordinates': {'latitude': '-39.7223', 'longitude': '59.1856'}, 'timezone': {'offset': '+11:00', 'description': 'Magadan, Solomon Islands, New Caledonia'}}, 'email': 'caroline.mortensen@example.com', 'login': {'uuid': '284f724a-7f5a-4022-b615-6abaea508fe9', 'username': 'goldenkoala663', 'password': 'auburn', 'salt': '7xNckk9A', 'md5': 'd6a3eabf1fa1889b1037bfd345ed57dd', 'sha1': '19d8ac69f170752a291432f2a552050a84d7384b', 'sha256': '9ed51e1ff528fb9d67e381ba0ba4a14706b0d4b72c526c26ca760b23a7413f15'}, 'dob': {'date': '1985-01-10T09:54:31.715Z', 'age': 39}, 'registered': {'date': '2015-06-04T01:11:53.849Z', 'age': 8}, 'phone': '63059957', 'cell': '09999846', 'id': {'name': 'CPR', 'value': '100185-8100'}, 'picture': {'large': 'https://randomuser.me/api/portraits/women/88.jpg', 'medium': 'https://randomuser.me/api/portraits/med/women/88.jpg', 'thumbnail': 'https://randomuser.me/api/portraits/thumb/women/88.jpg'}, 'nat': 'DK'}], 'info': {'seed': '20092049a167306e', 'results': 1, 'page': 1, 'version': '1.4'}}</msg>
<arg>${json_data}</arg>
<doc>Logs the given message with the given level.</doc>
<status status="PASS" start="2024-04-07T06:16:12.756992" elapsed="0.000209"/>
</kw>
<kw name="Dictionary Should Contain Key" owner="Collections">
<msg time="2024-04-07T06:16:12.757655" level="INFO">False</msg>
<arg>${json_data}</arg>
<arg>results</arg>
<doc>Fails if ``key`` is not found from ``dictionary``.</doc>
<status status="PASS" start="2024-04-07T06:16:12.757499" elapsed="0.000194"/>
</kw>
<kw name="Should Not Be Empty" owner="BuiltIn">
<msg time="2024-04-07T06:16:12.758121" level="INFO">Length is 2.</msg>
<arg>${json_data}</arg>
<doc>Verifies that the given item is not empty.</doc>
<status status="PASS" start="2024-04-07T06:16:12.757988" elapsed="0.000173"/>
</kw>
<kw name="Create List" owner="BuiltIn">
<msg time="2024-04-07T06:16:12.758612" level="INFO">${expected_keys} = ['gender', 'name', 'location', 'email', 'login']</msg>
<var>${expected_keys}</var>
<arg>gender</arg>
<arg>name</arg>
<arg>location</arg>
<arg>email</arg>
<arg>login</arg>
<doc>Returns a list containing given items.</doc>
<status status="PASS" start="2024-04-07T06:16:12.758455" elapsed="0.000182"/>
</kw>
<for flavor="IN">
<iter>
<kw name="Dictionary Should Contain Key" owner="Collections">
<msg time="2024-04-07T06:16:12.759616" level="INFO">False</msg>
<arg>${json_data['results'][0]}</arg>
<arg>${key}</arg>
<doc>Fails if ``key`` is not found from ``dictionary``.</doc>
<status status="PASS" start="2024-04-07T06:16:12.759218" elapsed="0.000438"/>
</kw>
<kw name="Log" owner="BuiltIn">
<msg time="2024-04-07T06:16:12.760377" level="INFO">{'gender': 'female', 'name': {'title': 'Miss', 'first': 'Caroline', 'last': 'Mortensen'}, 'location': {'street': {'number': 4412, 'name': 'Engdraget'}, 'city': 'Hammel', 'state': 'Nordjylland', 'country': 'Denmark', 'postcode': 50171, 'coordinates': {'latitude': '-39.7223', 'longitude': '59.1856'}, 'timezone': {'offset': '+11:00', 'description': 'Magadan, Solomon Islands, New Caledonia'}}, 'email': 'caroline.mortensen@example.com', 'login': {'uuid': '284f724a-7f5a-4022-b615-6abaea508fe9', 'username': 'goldenkoala663', 'password': 'auburn', 'salt': '7xNckk9A', 'md5': 'd6a3eabf1fa1889b1037bfd345ed57dd', 'sha1': '19d8ac69f170752a291432f2a552050a84d7384b', 'sha256': '9ed51e1ff528fb9d67e381ba0ba4a14706b0d4b72c526c26ca760b23a7413f15'}, 'dob': {'date': '1985-01-10T09:54:31.715Z', 'age': 39}, 'registered': {'date': '2015-06-04T01:11:53.849Z', 'age': 8}, 'phone': '63059957', 'cell': '09999846', 'id': {'name': 'CPR', 'value': '100185-8100'}, 'picture': {'large': 'https://randomuser.me/api/portraits/women/88.jpg', 'medium': 'https://randomuser.me/api/portraits/med/women/88.jpg', 'thumbnail': 'https://randomuser.me/api/portraits/thumb/women/88.jpg'}, 'nat': 'DK'}</msg>
<arg>${json_data['results'][0]}</arg>
<doc>Logs the given message with the given level.</doc>
<status status="PASS" start="2024-04-07T06:16:12.760005" elapsed="0.000422"/>
</kw>
<kw name="Log" owner="BuiltIn">
<msg time="2024-04-07T06:16:12.760863" level="INFO">gender</msg>
<arg>${key}</arg>
<doc>Logs the given message with the given level.</doc>
<status status="PASS" start="2024-04-07T06:16:12.760733" elapsed="0.000168"/>
</kw>
<var name="${key}">gender</var>
<status status="PASS" start="2024-04-07T06:16:12.759076" elapsed="0.002049"/>
</iter>
<iter>
<kw name="Dictionary Should Contain Key" owner="Collections">
<msg time="2024-04-07T06:16:12.761812" level="INFO">False</msg>
<arg>${json_data['results'][0]}</arg>
<arg>${key}</arg>
<doc>Fails if ``key`` is not found from ``dictionary``.</doc>
<status status="PASS" start="2024-04-07T06:16:12.761427" elapsed="0.000423"/>
</kw>
<kw name="Log" owner="BuiltIn">
<msg time="2024-04-07T06:16:12.762539" level="INFO">{'gender': 'female', 'name': {'title': 'Miss', 'first': 'Caroline', 'last': 'Mortensen'}, 'location': {'street': {'number': 4412, 'name': 'Engdraget'}, 'city': 'Hammel', 'state': 'Nordjylland', 'country': 'Denmark', 'postcode': 50171, 'coordinates': {'latitude': '-39.7223', 'longitude': '59.1856'}, 'timezone': {'offset': '+11:00', 'description': 'Magadan, Solomon Islands, New Caledonia'}}, 'email': 'caroline.mortensen@example.com', 'login': {'uuid': '284f724a-7f5a-4022-b615-6abaea508fe9', 'username': 'goldenkoala663', 'password': 'auburn', 'salt': '7xNckk9A', 'md5': 'd6a3eabf1fa1889b1037bfd345ed57dd', 'sha1': '19d8ac69f170752a291432f2a552050a84d7384b', 'sha256': '9ed51e1ff528fb9d67e381ba0ba4a14706b0d4b72c526c26ca760b23a7413f15'}, 'dob': {'date': '1985-01-10T09:54:31.715Z', 'age': 39}, 'registered': {'date': '2015-06-04T01:11:53.849Z', 'age': 8}, 'phone': '63059957', 'cell': '09999846', 'id': {'name': 'CPR', 'value': '100185-8100'}, 'picture': {'large': 'https://randomuser.me/api/portraits/women/88.jpg', 'medium': 'https://randomuser.me/api/portraits/med/women/88.jpg', 'thumbnail': 'https://randomuser.me/api/portraits/thumb/women/88.jpg'}, 'nat': 'DK'}</msg>
<arg>${json_data['results'][0]}</arg>
<doc>Logs the given message with the given level.</doc>
<status status="PASS" start="2024-04-07T06:16:12.762180" elapsed="0.000406"/>
</kw>
<kw name="Log" owner="BuiltIn">
<msg time="2024-04-07T06:16:12.763011" level="INFO">name</msg>
<arg>${key}</arg>
<doc>Logs the given message with the given level.</doc>
<status status="PASS" start="2024-04-07T06:16:12.762884" elapsed="0.000165"/>
</kw>
<var name="${key}">name</var>
<status status="PASS" start="2024-04-07T06:16:12.761314" elapsed="0.001952"/>
</iter>
<iter>
<kw name="Dictionary Should Contain Key" owner="Collections">
<msg time="2024-04-07T06:16:12.763976" level="INFO">False</msg>
<arg>${json_data['results'][0]}</arg>
<arg>${key}</arg>
<doc>Fails if ``key`` is not found from ``dictionary``.</doc>
<status status="PASS" start="2024-04-07T06:16:12.763557" elapsed="0.000457"/>
</kw>
<kw name="Log" owner="BuiltIn">
<msg time="2024-04-07T06:16:12.764675" level="INFO">{'gender': 'female', 'name': {'title': 'Miss', 'first': 'Caroline', 'last': 'Mortensen'}, 'location': {'street': {'number': 4412, 'name': 'Engdraget'}, 'city': 'Hammel', 'state': 'Nordjylland', 'country': 'Denmark', 'postcode': 50171, 'coordinates': {'latitude': '-39.7223', 'longitude': '59.1856'}, 'timezone': {'offset': '+11:00', 'description': 'Magadan, Solomon Islands, New Caledonia'}}, 'email': 'caroline.mortensen@example.com', 'login': {'uuid': '284f724a-7f5a-4022-b615-6abaea508fe9', 'username': 'goldenkoala663', 'password': 'auburn', 'salt': '7xNckk9A', 'md5': 'd6a3eabf1fa1889b1037bfd345ed57dd', 'sha1': '19d8ac69f170752a291432f2a552050a84d7384b', 'sha256': '9ed51e1ff528fb9d67e381ba0ba4a14706b0d4b72c526c26ca760b23a7413f15'}, 'dob': {'date': '1985-01-10T09:54:31.715Z', 'age': 39}, 'registered': {'date': '2015-06-04T01:11:53.849Z', 'age': 8}, 'phone': '63059957', 'cell': '09999846', 'id': {'name': 'CPR', 'value': '100185-8100'}, 'picture': {'large': 'https://randomuser.me/api/portraits/women/88.jpg', 'medium': 'https://randomuser.me/api/portraits/med/women/88.jpg', 'thumbnail': 'https://randomuser.me/api/portraits/thumb/women/88.jpg'}, 'nat': 'DK'}</msg>
<arg>${json_data['results'][0]}</arg>
<doc>Logs the given message with the given level.</doc>
<status status="PASS" start="2024-04-07T06:16:12.764318" elapsed="0.000409"/>
</kw>
<kw name="Log" owner="BuiltIn">
<msg time="2024-04-07T06:16:12.765150" level="INFO">location</msg>
<arg>${key}</arg>
<doc>Logs the given message with the given level.</doc>
<status status="PASS" start="2024-04-07T06:16:12.765023" elapsed="0.000165"/>
</kw>
<var name="${key}">location</var>
<status status="PASS" start="2024-04-07T06:16:12.763447" elapsed="0.001957"/>
</iter>
<iter>
<kw name="Dictionary Should Contain Key" owner="Collections">
<msg time="2024-04-07T06:16:12.766063" level="INFO">False</msg>
<arg>${json_data['results'][0]}</arg>
<arg>${key}</arg>
<doc>Fails if ``key`` is not found from ``dictionary``.</doc>
<status status="PASS" start="2024-04-07T06:16:12.765689" elapsed="0.000412"/>
</kw>
<kw name="Log" owner="BuiltIn">
<msg time="2024-04-07T06:16:12.766763" level="INFO">{'gender': 'female', 'name': {'title': 'Miss', 'first': 'Caroline', 'last': 'Mortensen'}, 'location': {'street': {'number': 4412, 'name': 'Engdraget'}, 'city': 'Hammel', 'state': 'Nordjylland', 'country': 'Denmark', 'postcode': 50171, 'coordinates': {'latitude': '-39.7223', 'longitude': '59.1856'}, 'timezone': {'offset': '+11:00', 'description': 'Magadan, Solomon Islands, New Caledonia'}}, 'email': 'caroline.mortensen@example.com', 'login': {'uuid': '284f724a-7f5a-4022-b615-6abaea508fe9', 'username': 'goldenkoala663', 'password': 'auburn', 'salt': '7xNckk9A', 'md5': 'd6a3eabf1fa1889b1037bfd345ed57dd', 'sha1': '19d8ac69f170752a291432f2a552050a84d7384b', 'sha256': '9ed51e1ff528fb9d67e381ba0ba4a14706b0d4b72c526c26ca760b23a7413f15'}, 'dob': {'date': '1985-01-10T09:54:31.715Z', 'age': 39}, 'registered': {'date': '2015-06-04T01:11:53.849Z', 'age': 8}, 'phone': '63059957', 'cell': '09999846', 'id': {'name': 'CPR', 'value': '100185-8100'}, 'picture': {'large': 'https://randomuser.me/api/portraits/women/88.jpg', 'medium': 'https://randomuser.me/api/portraits/med/women/88.jpg', 'thumbnail': 'https://randomuser.me/api/portraits/thumb/women/88.jpg'}, 'nat': 'DK'}</msg>
<arg>${json_data['results'][0]}</arg>
<doc>Logs the given message with the given level.</doc>
<status status="PASS" start="2024-04-07T06:16:12.766400" elapsed="0.000412"/>
</kw>
<kw name="Log" owner="BuiltIn">
<msg time="2024-04-07T06:16:12.767232" level="INFO">email</msg>
<arg>${key}</arg>
<doc>Logs the given message with the given level.</doc>
<status status="PASS" start="2024-04-07T06:16:12.767106" elapsed="0.000164"/>
</kw>
<var name="${key}">email</var>
<status status="PASS" start="2024-04-07T06:16:12.765580" elapsed="0.001906"/>
</iter>
<iter>
<kw name="Dictionary Should Contain Key" owner="Collections">
<msg time="2024-04-07T06:16:12.768195" level="INFO">False</msg>
<arg>${json_data['results'][0]}</arg>
<arg>${key}</arg>
<doc>Fails if ``key`` is not found from ``dictionary``.</doc>
<status status="PASS" start="2024-04-07T06:16:12.767804" elapsed="0.000429"/>
</kw>
<kw name="Log" owner="BuiltIn">
<msg time="2024-04-07T06:16:12.768893" level="INFO">{'gender': 'female', 'name': {'title': 'Miss', 'first': 'Caroline', 'last': 'Mortensen'}, 'location': {'street': {'number': 4412, 'name': 'Engdraget'}, 'city': 'Hammel', 'state': 'Nordjylland', 'country': 'Denmark', 'postcode': 50171, 'coordinates': {'latitude': '-39.7223', 'longitude': '59.1856'}, 'timezone': {'offset': '+11:00', 'description': 'Magadan, Solomon Islands, New Caledonia'}}, 'email': 'caroline.mortensen@example.com', 'login': {'uuid': '284f724a-7f5a-4022-b615-6abaea508fe9', 'username': 'goldenkoala663', 'password': 'auburn', 'salt': '7xNckk9A', 'md5': 'd6a3eabf1fa1889b1037bfd345ed57dd', 'sha1': '19d8ac69f170752a291432f2a552050a84d7384b', 'sha256': '9ed51e1ff528fb9d67e381ba0ba4a14706b0d4b72c526c26ca760b23a7413f15'}, 'dob': {'date': '1985-01-10T09:54:31.715Z', 'age': 39}, 'registered': {'date': '2015-06-04T01:11:53.849Z', 'age': 8}, 'phone': '63059957', 'cell': '09999846', 'id': {'name': 'CPR', 'value': '100185-8100'}, 'picture': {'large': 'https://randomuser.me/api/portraits/women/88.jpg', 'medium': 'https://randomuser.me/api/portraits/med/women/88.jpg', 'thumbnail': 'https://randomuser.me/api/portraits/thumb/women/88.jpg'}, 'nat': 'DK'}</msg>
<arg>${json_data['results'][0]}</arg>
<doc>Logs the given message with the given level.</doc>
<status status="PASS" start="2024-04-07T06:16:12.768532" elapsed="0.000408"/>
</kw>
<kw name="Log" owner="BuiltIn">
<msg time="2024-04-07T06:16:12.769363" level="INFO">login</msg>
<arg>${key}</arg>
<doc>Logs the given message with the given level.</doc>
<status status="PASS" start="2024-04-07T06:16:12.769236" elapsed="0.000273"/>
</kw>
<var name="${key}">login</var>
<status status="PASS" start="2024-04-07T06:16:12.767661" elapsed="0.002101"/>
</iter>
<var>${key}</var>
<value>@{expected_keys}</value>
<status status="PASS" start="2024-04-07T06:16:12.758894" elapsed="0.010995"/>
</for>
<kw name="Create List" owner="BuiltIn">
<msg time="2024-04-07T06:16:12.770221" level="INFO">${expected_keysTwo} = ['username', 'password']</msg>
<var>${expected_keysTwo}</var>
<arg>username</arg>
<arg>password</arg>
<doc>Returns a list containing given items.</doc>
<status status="PASS" start="2024-04-07T06:16:12.770083" elapsed="0.000162"/>
</kw>
<for flavor="IN">
<iter>
<kw name="Dictionary Should Contain Key" owner="Collections">
<msg time="2024-04-07T06:16:12.771125" level="INFO">False</msg>
<arg>${json_data['results'][0]['login']}</arg>
<arg>${keyTwo}</arg>
<doc>Fails if ``key`` is not found from ``dictionary``.</doc>
<status status="PASS" start="2024-04-07T06:16:12.770745" elapsed="0.000417"/>
</kw>
<kw name="Dictionary Should Contain Key" owner="Collections">
<msg time="2024-04-07T06:16:12.771871" level="INFO">False</msg>
<arg>${json_data['results'][0]['login']}</arg>
<arg>${keyTwo}</arg>
<doc>Fails if ``key`` is not found from ``dictionary``.</doc>
<status status="PASS" start="2024-04-07T06:16:12.771456" elapsed="0.000453"/>
</kw>
<kw name="Log" owner="BuiltIn">
<msg time="2024-04-07T06:16:12.772334" level="INFO">username</msg>
<arg>${keyTwo}</arg>
<doc>Logs the given message with the given level.</doc>
<status status="PASS" start="2024-04-07T06:16:12.772205" elapsed="0.000166"/>
</kw>
<var name="${keyTwo}">username</var>
<status status="PASS" start="2024-04-07T06:16:12.770636" elapsed="0.001951"/>
</iter>
<iter>
<kw name="Dictionary Should Contain Key" owner="Collections">
<msg time="2024-04-07T06:16:12.773238" level="INFO">False</msg>
<arg>${json_data['results'][0]['login']}</arg>
<arg>${keyTwo}</arg>
<doc>Fails if ``key`` is not found from ``dictionary``.</doc>
<status status="PASS" start="2024-04-07T06:16:12.772866" elapsed="0.000408"/>
</kw>
<kw name="Dictionary Should Contain Key" owner="Collections">
<msg time="2024-04-07T06:16:12.773944" level="INFO">False</msg>
<arg>${json_data['results'][0]['login']}</arg>
<arg>${keyTwo}</arg>
<doc>Fails if ``key`` is not found from ``dictionary``.</doc>
<status status="PASS" start="2024-04-07T06:16:12.773566" elapsed="0.000413"/>
</kw>
<kw name="Log" owner="BuiltIn">
<msg time="2024-04-07T06:16:12.774394" level="INFO">password</msg>
<arg>${keyTwo}</arg>
<doc>Logs the given message with the given level.</doc>
<status status="PASS" start="2024-04-07T06:16:12.774269" elapsed="0.000162"/>
</kw>
<var name="${keyTwo}">password</var>
<status status="PASS" start="2024-04-07T06:16:12.772757" elapsed="0.001889"/>
</iter>
<var>${keyTwo}</var>
<value>@{expected_keysTwo}</value>
<status status="PASS" start="2024-04-07T06:16:12.770486" elapsed="0.004292"/>
</for>
<status status="PASS" start="2024-04-07T06:16:12.659462" elapsed="0.115456"/>
</kw>
<doc>Testa a estrutura da resposta da API.</doc>
<tag>testeEstruturaResposta</tag>
<status status="PASS" start="2024-04-07T06:16:12.658739" elapsed="0.116338"/>
</test>
<test id="s1-s1-t4" name="Validar tipos de dados" line="28">
<kw name="Teste de Tipos de Dados" owner="random-user-service">
<kw name="GET On Session" owner="RequestsLibrary">
<msg time="2024-04-07T06:16:12.861881" level="INFO">GET Request : url=https://randomuser.me/api 
 path_url=/api 
 headers={'User-Agent': 'python-requests/2.31.0', 'Accept-Encoding': 'gzip, deflate', 'Accept': '*/*', 'Connection': 'keep-alive'} 
 body=None 
 </msg>
<msg time="2024-04-07T06:16:12.861963" level="INFO">GET Response : url=https://randomuser.me/api 
 status=200, reason=OK 
 headers={'Date': 'Sun, 07 Apr 2024 06:16:12 GMT', 'Content-Type': 'application/json; charset=utf-8', 'Transfer-Encoding': 'chunked', 'Connection': 'keep-alive', 'X-Powered-By': 'Express', 'Access-Control-Allow-Origin': '*', 'Cache-Control': 'no-cache', 'ETag': 'W/"480-Eg+7yrJnUR2ngRoaZxqphug5XLE"', 'Vary': 'Accept-Encoding', 'Content-Encoding': 'gzip', 'CF-Cache-Status': 'DYNAMIC', 'Report-To': '{"endpoints":[{"url":"https:\\/\\/a.nel.cloudflare.com\\/report\\/v4?s=%2ButzWPLARUo2oxAcIzX2EBlhdiE8LgV8bXdv7T2WxEBTolpVLhzSzQZkrEboVMTyxo7PrSQL%2BN9eKzy9vSijFKp7vEM7C7aGi%2BqgqU6EtnuSwZPDaDQj0nIn84J7%2Bi2E"}],"group":"cf-nel","max_age":604800}', 'NEL': '{"success_fraction":0,"report_to":"cf-nel","max_age":604800}', 'Server': 'cloudflare', 'CF-RAY': '8707e337eadc8218-IAD', 'alt-svc': 'h3=":443"; ma=86400'} 
 body={"results":[{"gender":"male","name":{"title":"Mr","first":"Darryl","last":"Rivera"},"location":{"street":{"number":5007,"name":"Miller Ave"},"city":"Perth","state":"Australian Capital Territory","country":"Australia","postcode":3464,"coordinates":{"latitude":"-89.4915","longitude":"-49.1949"},"timezone":{"offset":"-9:00","description":"Alaska"}},"email":"darryl.rivera@example.com","login":{"uuid":"3c188a09-7820-4513-a946-8d82a546c32a","username":"crazygorilla579","password":"mike123","salt":"BGkcvenz","md5":"47b4a9ac9c99f60e9e39f5c9ebb2c310","sha1":"5e2fccbae55ba285908b9c16dd65d560e031968a","sha256":"5f4ba6619565249e3b0640d680b0e419bc0fe25eee3f3b004dbbbe9156386d8b"},"dob":{"date":"1992-08-31T14:54:49.383Z","age":31},"registered":{"date":"2013-07-05T03:39:35.673Z","age":10},"phone":"06-3237-1165","cell":"0464-466-749","id":{"name":"TFN","value":"025221758"},"picture":{"large":"https://randomuser.me/api/portraits/men/17.jpg","medium":"https://randomuser.me/api/portraits/med/men/17.jpg","thumbnail":"https://randomuser.me/api/portraits/thumb/men/17.jpg"},"nat":"AU"}],"info":{"seed":"76c8df2d6ceb5b51","results":1,"page":1,"version":"1.4"}} 
 </msg>
<msg time="2024-04-07T06:16:12.862032" level="INFO">/opt/hostedtoolcache/Python/3.12.2/x64/lib/python3.12/site-packages/urllib3/connectionpool.py:1103: InsecureRequestWarning: Unverified HTTPS request is being made to host 'randomuser.me'. Adding certificate verification is strongly advised. See: https://urllib3.readthedocs.io/en/latest/advanced-usage.html#tls-warnings
  warnings.warn(</msg>
<msg time="2024-04-07T06:16:12.862160" level="INFO">${response} = &lt;Response [200]&gt;</msg>
<var>${response}</var>
<arg>consultarAPI</arg>
<arg>/api</arg>
<doc>Sends a GET request on a previously created HTTP Session.</doc>
<status status="PASS" start="2024-04-07T06:16:12.777603" elapsed="0.084607"/>
</kw>
<kw name="Set Variable" owner="BuiltIn">
<msg time="2024-04-07T06:16:12.863241" level="INFO">${json_data} = {'results': [{'gender': 'male', 'name': {'title': 'Mr', 'first': 'Darryl', 'last': 'Rivera'}, 'location': {'street': {'number': 5007, 'name': 'Miller Ave'}, 'city': 'Perth', 'state': 'Australian Capit...</msg>
<var>${json_data}</var>
<arg>${response.json()}</arg>
<doc>Returns the given values which can then be assigned to a variables.</doc>
<status status="PASS" start="2024-04-07T06:16:12.862683" elapsed="0.000587"/>
</kw>
<kw name="Log" owner="BuiltIn">
<msg time="2024-04-07T06:16:12.863769" level="INFO">{'results': [{'gender': 'male', 'name': {'title': 'Mr', 'first': 'Darryl', 'last': 'Rivera'}, 'location': {'street': {'number': 5007, 'name': 'Miller Ave'}, 'city': 'Perth', 'state': 'Australian Capital Territory', 'country': 'Australia', 'postcode': 3464, 'coordinates': {'latitude': '-89.4915', 'longitude': '-49.1949'}, 'timezone': {'offset': '-9:00', 'description': 'Alaska'}}, 'email': 'darryl.rivera@example.com', 'login': {'uuid': '3c188a09-7820-4513-a946-8d82a546c32a', 'username': 'crazygorilla579', 'password': 'mike123', 'salt': 'BGkcvenz', 'md5': '47b4a9ac9c99f60e9e39f5c9ebb2c310', 'sha1': '5e2fccbae55ba285908b9c16dd65d560e031968a', 'sha256': '5f4ba6619565249e3b0640d680b0e419bc0fe25eee3f3b004dbbbe9156386d8b'}, 'dob': {'date': '1992-08-31T14:54:49.383Z', 'age': 31}, 'registered': {'date': '2013-07-05T03:39:35.673Z', 'age': 10}, 'phone': '06-3237-1165', 'cell': '0464-466-749', 'id': {'name': 'TFN', 'value': '025221758'}, 'picture': {'large': 'https://randomuser.me/api/portraits/men/17.jpg', 'medium': 'https://randomuser.me/api/portraits/med/men/17.jpg', 'thumbnail': 'https://randomuser.me/api/portraits/thumb/men/17.jpg'}, 'nat': 'AU'}], 'info': {'seed': '76c8df2d6ceb5b51', 'results': 1, 'page': 1, 'version': '1.4'}}</msg>
<arg>${json_data}</arg>
<doc>Logs the given message with the given level.</doc>
<status status="PASS" start="2024-04-07T06:16:12.863578" elapsed="0.000276"/>
</kw>
<kw name="Should Be String" owner="String">
<arg>${json_data['results'][0]['gender']}</arg>
<doc>Fails if the given ``item`` is not a string.</doc>
<status status="PASS" start="2024-04-07T06:16:12.864161" elapsed="0.000353"/>
</kw>
<kw name="Should Match Regexp" owner="BuiltIn">
<arg>${json_data['results'][0]['email']}</arg>
<arg>^[a-zA-Z0-9._%+-]+@[a-zA-Z0-9.-]+\.[a-zA-Z]{2,}$</arg>
<doc>Fails if ``string`` does not match ``pattern`` as a regular expression.</doc>
<status status="PASS" start="2024-04-07T06:16:12.864706" elapsed="0.000506"/>
</kw>
<kw name="Should Match Regexp" owner="BuiltIn">
<arg>${json_data['results'][0]['dob']['date']}</arg>
<arg>\\d{4}-\\d{2}-\\d{2}T\\d{2}:\\d{2}:\\d{2}\\.\\d{3}Z</arg>
<doc>Fails if ``string`` does not match ``pattern`` as a regular expression.</doc>
<status status="PASS" start="2024-04-07T06:16:12.865410" elapsed="0.000479"/>
</kw>
<kw name="Should Match Regexp" owner="BuiltIn">
<arg>${json_data['results'][0]['registered']['date']}</arg>
<arg>\\d{4}-\\d{2}-\\d{2}T\\d{2}:\\d{2}:\\d{2}\\.\\d{3}Z</arg>
<doc>Fails if ``string`` does not match ``pattern`` as a regular expression.</doc>
<status status="PASS" start="2024-04-07T06:16:12.866081" elapsed="0.000365"/>
</kw>
<kw name="Should Match Regexp" owner="BuiltIn">
<arg>${json_data['results'][0]['picture']['large']}</arg>
<arg>^https?://.*\.(?:png|jpe?g|gif|bmp)$</arg>
<doc>Fails if ``string`` does not match ``pattern`` as a regular expression.</doc>
<status status="PASS" start="2024-04-07T06:16:12.866633" elapsed="0.000449"/>
</kw>
<kw name="Should Match Regexp" owner="BuiltIn">
<arg>${json_data['results'][0]['picture']['medium']}</arg>
<arg>^https?://.*\.(?:png|jpe?g|gif|bmp)$</arg>
<doc>Fails if ``string`` does not match ``pattern`` as a regular expression.</doc>
<status status="PASS" start="2024-04-07T06:16:12.867273" elapsed="0.000358"/>
</kw>
<kw name="Should Match Regexp" owner="BuiltIn">
<arg>${json_data['results'][0]['picture']['thumbnail']}</arg>
<arg>^https?://.*\.(?:png|jpe?g|gif|bmp)$</arg>
<doc>Fails if ``string`` does not match ``pattern`` as a regular expression.</doc>
<status status="PASS" start="2024-04-07T06:16:12.867849" elapsed="0.000357"/>
</kw>
<kw name="Log" owner="BuiltIn">
<msg time="2024-04-07T06:16:12.868709" level="INFO">{'large': 'https://randomuser.me/api/portraits/men/17.jpg', 'medium': 'https://randomuser.me/api/portraits/med/men/17.jpg', 'thumbnail': 'https://randomuser.me/api/portraits/thumb/men/17.jpg'}</msg>
<arg>${json_data['results'][0]['picture']}</arg>
<doc>Logs the given message with the given level.</doc>
<status status="PASS" start="2024-04-07T06:16:12.868386" elapsed="0.000364"/>
</kw>
<status status="PASS" start="2024-04-07T06:16:12.777374" elapsed="0.091629"/>
</kw>
<kw name="Teste de Tipos de Dados - Postcode" owner="random-user-service">
<kw name="GET On Session" owner="RequestsLibrary">
<msg time="2024-04-07T06:16:12.992052" level="INFO">GET Request : url=https://randomuser.me/api 
 path_url=/api 
 headers={'User-Agent': 'python-requests/2.31.0', 'Accept-Encoding': 'gzip, deflate', 'Accept': '*/*', 'Connection': 'keep-alive'} 
 body=None 
 </msg>
<msg time="2024-04-07T06:16:12.992146" level="INFO">GET Response : url=https://randomuser.me/api 
 status=200, reason=OK 
 headers={'Date': 'Sun, 07 Apr 2024 06:16:12 GMT', 'Content-Type': 'application/json; charset=utf-8', 'Transfer-Encoding': 'chunked', 'Connection': 'keep-alive', 'X-Powered-By': 'Express', 'Access-Control-Allow-Origin': '*', 'Cache-Control': 'no-cache', 'ETag': 'W/"494-/2V7iyMpLFzsFIvq84n+4JrdupQ"', 'Vary': 'Accept-Encoding', 'Content-Encoding': 'gzip', 'CF-Cache-Status': 'DYNAMIC', 'Report-To': '{"endpoints":[{"url":"https:\\/\\/a.nel.cloudflare.com\\/report\\/v4?s=U2WtYo0wGWkg2oB1B6dtMXFpMlWKSnhxUGP6sQNCPUIq85eQwoRW5bWk8Y6KiN6gs4rp%2FiqLjEtw4sTQe08ORPfNjAMm%2Fk%2B2rTJqiudhDdPrTtBFQyGpvwXbeNwNk9o9"}],"group":"cf-nel","max_age":604800}', 'NEL': '{"success_fraction":0,"report_to":"cf-nel","max_age":604800}', 'Server': 'cloudflare', 'CF-RAY': '8707e3387b478218-IAD', 'alt-svc': 'h3=":443"; ma=86400'} 
 body={"results":[{"gender":"male","name":{"title":"Mr","first":"Justin","last":"Leclercq"},"location":{"street":{"number":7996,"name":"Rue Bossuet"},"city":"Montreuil","state":"Vosges","country":"France","postcode":29420,"coordinates":{"latitude":"-19.9934","longitude":"-69.7531"},"timezone":{"offset":"+5:30","description":"Bombay, Calcutta, Madras, New Delhi"}},"email":"justin.leclercq@example.com","login":{"uuid":"68bc78f3-1aed-446b-905f-64103bfc7379","username":"greenwolf488","password":"3000gt","salt":"fN51szRM","md5":"c63f00e249caacf7682a8c00723ed49f","sha1":"169f8e861afa50756831538e6e776acf5144e115","sha256":"d44ee9a317b946e4c599d81d1e3f04072e9b990464654704847935af82575e2a"},"dob":{"date":"1962-04-29T00:13:52.651Z","age":61},"registered":{"date":"2003-10-07T17:45:54.837Z","age":20},"phone":"01-69-74-24-66","cell":"06-49-90-08-81","id":{"name":"INSEE","value":"1620328352920 50"},"picture":{"large":"https://randomuser.me/api/portraits/men/3.jpg","medium":"https://randomuser.me/api/portraits/med/men/3.jpg","thumbnail":"https://randomuser.me/api/portraits/thumb/men/3.jpg"},"nat":"FR"}],"info":{"seed":"c1b1ad7473407a66","results":1,"page":1,"version":"1.4"}} 
 </msg>
<msg time="2024-04-07T06:16:12.992230" level="INFO">/opt/hostedtoolcache/Python/3.12.2/x64/lib/python3.12/site-packages/urllib3/connectionpool.py:1103: InsecureRequestWarning: Unverified HTTPS request is being made to host 'randomuser.me'. Adding certificate verification is strongly advised. See: https://urllib3.readthedocs.io/en/latest/advanced-usage.html#tls-warnings
  warnings.warn(</msg>
<msg time="2024-04-07T06:16:12.992351" level="INFO">${response} = &lt;Response [200]&gt;</msg>
<var>${response}</var>
<arg>consultarAPI</arg>
<arg>/api</arg>
<doc>Sends a GET request on a previously created HTTP Session.</doc>
<status status="PASS" start="2024-04-07T06:16:12.869580" elapsed="0.122826"/>
</kw>
<kw name="Set Variable" owner="BuiltIn">
<msg time="2024-04-07T06:16:12.993434" level="INFO">${json_data} = {'results': [{'gender': 'male', 'name': {'title': 'Mr', 'first': 'Justin', 'last': 'Leclercq'}, 'location': {'street': {'number': 7996, 'name': 'Rue Bossuet'}, 'city': 'Montreuil', 'state': 'Vosges', ...</msg>
<var>${json_data}</var>
<arg>${response.json()}</arg>
<doc>Returns the given values which can then be assigned to a variables.</doc>
<status status="PASS" start="2024-04-07T06:16:12.992895" elapsed="0.000567"/>
</kw>
<kw name="Log" owner="BuiltIn">
<msg time="2024-04-07T06:16:12.993932" level="INFO">{'results': [{'gender': 'male', 'name': {'title': 'Mr', 'first': 'Justin', 'last': 'Leclercq'}, 'location': {'street': {'number': 7996, 'name': 'Rue Bossuet'}, 'city': 'Montreuil', 'state': 'Vosges', 'country': 'France', 'postcode': 29420, 'coordinates': {'latitude': '-19.9934', 'longitude': '-69.7531'}, 'timezone': {'offset': '+5:30', 'description': 'Bombay, Calcutta, Madras, New Delhi'}}, 'email': 'justin.leclercq@example.com', 'login': {'uuid': '68bc78f3-1aed-446b-905f-64103bfc7379', 'username': 'greenwolf488', 'password': '3000gt', 'salt': 'fN51szRM', 'md5': 'c63f00e249caacf7682a8c00723ed49f', 'sha1': '169f8e861afa50756831538e6e776acf5144e115', 'sha256': 'd44ee9a317b946e4c599d81d1e3f04072e9b990464654704847935af82575e2a'}, 'dob': {'date': '1962-04-29T00:13:52.651Z', 'age': 61}, 'registered': {'date': '2003-10-07T17:45:54.837Z', 'age': 20}, 'phone': '01-69-74-24-66', 'cell': '06-49-90-08-81', 'id': {'name': 'INSEE', 'value': '1620328352920 50'}, 'picture': {'large': 'https://randomuser.me/api/portraits/men/3.jpg', 'medium': 'https://randomuser.me/api/portraits/med/men/3.jpg', 'thumbnail': 'https://randomuser.me/api/portraits/thumb/men/3.jpg'}, 'nat': 'FR'}], 'info': {'seed': 'c1b1ad7473407a66', 'results': 1, 'page': 1, 'version': '1.4'}}</msg>
<arg>${json_data}</arg>
<doc>Logs the given message with the given level.</doc>
<status status="PASS" start="2024-04-07T06:16:12.993781" elapsed="0.000226"/>
</kw>
<kw name="Should Be Equal As Numbers" owner="BuiltIn">
<arg>${json_data['results'][0]['location']['postcode']}</arg>
<arg>${json_data['results'][0]['location']['postcode']}</arg>
<doc>Fails if objects are unequal after converting them to real numbers.</doc>
<status status="PASS" start="2024-04-07T06:16:12.994304" elapsed="0.000616"/>
</kw>
<kw name="Log" owner="BuiltIn">
<msg time="2024-04-07T06:16:12.995445" level="INFO">29420</msg>
<arg>${json_data['results'][0]['location']['postcode']}</arg>
<doc>Logs the given message with the given level.</doc>
<status status="PASS" start="2024-04-07T06:16:12.995111" elapsed="0.000373"/>
</kw>
<status status="PASS" start="2024-04-07T06:16:12.869240" elapsed="0.126527"/>
</kw>
<doc>Testa se os tipos de dados na resposta da API estão corretos.</doc>
<tag>testeTiposDados</tag>
<status status="PASS" start="2024-04-07T06:16:12.776857" elapsed="0.219079"/>
</test>
<test id="s1-s1-t5" name="Validar conteudo" line="35">
<kw name="Teste de Tipos de Conteudo" owner="random-user-service">
<kw name="GET On Session" owner="RequestsLibrary">
<msg time="2024-04-07T06:16:13.054628" level="INFO">GET Request : url=https://randomuser.me/api 
 path_url=/api 
 headers={'User-Agent': 'python-requests/2.31.0', 'Accept-Encoding': 'gzip, deflate', 'Accept': '*/*', 'Connection': 'keep-alive'} 
 body=None 
 </msg>
<msg time="2024-04-07T06:16:13.054711" level="INFO">GET Response : url=https://randomuser.me/api 
 status=200, reason=OK 
 headers={'Date': 'Sun, 07 Apr 2024 06:16:13 GMT', 'Content-Type': 'application/json; charset=utf-8', 'Transfer-Encoding': 'chunked', 'Connection': 'keep-alive', 'X-Powered-By': 'Express', 'Access-Control-Allow-Origin': '*', 'Cache-Control': 'no-cache', 'ETag': 'W/"49e-shKooBQQ2J/zU2Ys+ChY1WvG4FI"', 'Vary': 'Accept-Encoding', 'Content-Encoding': 'gzip', 'CF-Cache-Status': 'DYNAMIC', 'Report-To': '{"endpoints":[{"url":"https:\\/\\/a.nel.cloudflare.com\\/report\\/v4?s=ZxeI3I%2BGF5xDcMX4R1lzBwjlgOyBMC%2FwArHZ%2Beoxg0%2FWb3LD%2FNa%2FH2LhDidxmR0szBZay4eURxMFjAz8lQsbgNXTAt53AE%2BNWvYACIH3ojXrG466kkMiC6US6aOCDSpq"}],"group":"cf-nel","max_age":604800}', 'NEL': '{"success_fraction":0,"report_to":"cf-nel","max_age":604800}', 'Server': 'cloudflare', 'CF-RAY': '8707e3394bfe8218-IAD', 'alt-svc': 'h3=":443"; ma=86400'} 
 body={"results":[{"gender":"male","name":{"title":"Mr","first":"Justin","last":"Martinez"},"location":{"street":{"number":5293,"name":"Rue Louis-Garrand"},"city":"Strasbourg","state":"Val-de-Marne","country":"France","postcode":85477,"coordinates":{"latitude":"-16.9107","longitude":"-75.4780"},"timezone":{"offset":"-8:00","description":"Pacific Time (US &amp; Canada)"}},"email":"justin.martinez@example.com","login":{"uuid":"6a28eded-f45a-41b6-9d29-2a4c55de485a","username":"blackmouse233","password":"sunnyday","salt":"8rxMfSxJ","md5":"c8b09ee9f6643bfa318ebc81fb61cde1","sha1":"5b54f90ab20c11087fe3e213415562be84f6f476","sha256":"1c22c290f9166796beabdedd876076a28aff078644ceac2bab95f4b25e650e5c"},"dob":{"date":"1983-03-26T16:31:57.554Z","age":41},"registered":{"date":"2007-06-19T19:50:29.091Z","age":16},"phone":"02-38-92-53-65","cell":"06-70-01-25-95","id":{"name":"INSEE","value":"1830237943429 50"},"picture":{"large":"https://randomuser.me/api/portraits/men/79.jpg","medium":"https://randomuser.me/api/portraits/med/men/79.jpg","thumbnail":"https://randomuser.me/api/portraits/thumb/men/79.jpg"},"nat":"FR"}],"info":{"seed":"6d4725c926b21089","results":1,"page":1,"version":"1.4"}} 
 </msg>
<msg time="2024-04-07T06:16:13.054770" level="INFO">/opt/hostedtoolcache/Python/3.12.2/x64/lib/python3.12/site-packages/urllib3/connectionpool.py:1103: InsecureRequestWarning: Unverified HTTPS request is being made to host 'randomuser.me'. Adding certificate verification is strongly advised. See: https://urllib3.readthedocs.io/en/latest/advanced-usage.html#tls-warnings
  warnings.warn(</msg>
<msg time="2024-04-07T06:16:13.054878" level="INFO">${response} = &lt;Response [200]&gt;</msg>
<var>${response}</var>
<arg>consultarAPI</arg>
<arg>/api</arg>
<doc>Sends a GET request on a previously created HTTP Session.</doc>
<status status="PASS" start="2024-04-07T06:16:12.998375" elapsed="0.056543"/>
</kw>
<kw name="Set Variable" owner="BuiltIn">
<msg time="2024-04-07T06:16:13.055995" level="INFO">${json_data} = {'results': [{'gender': 'male', 'name': {'title': 'Mr', 'first': 'Justin', 'last': 'Martinez'}, 'location': {'street': {'number': 5293, 'name': 'Rue Louis-Garrand'}, 'city': 'Strasbourg', 'state': 'Va...</msg>
<var>${json_data}</var>
<arg>${response.json()}</arg>
<doc>Returns the given values which can then be assigned to a variables.</doc>
<status status="PASS" start="2024-04-07T06:16:13.055369" elapsed="0.000655"/>
</kw>
<kw name="Set Variable" owner="BuiltIn">
<msg time="2024-04-07T06:16:13.056729" level="INFO">${name_title} = Mr</msg>
<var>${name_title}</var>
<arg>${json_data["results"][0]["name"]["title"]}</arg>
<doc>Returns the given values which can then be assigned to a variables.</doc>
<status status="PASS" start="2024-04-07T06:16:13.056342" elapsed="0.000412"/>
</kw>
<kw name="Create List" owner="BuiltIn">
<msg time="2024-04-07T06:16:13.057203" level="INFO">${allowed_titles} = ['Mr', 'Ms', 'Miss', 'Mrs', 'Madame', 'Monsieur']</msg>
<var>${allowed_titles}</var>
<arg>Mr</arg>
<arg>Ms</arg>
<arg>Miss</arg>
<arg>Mrs</arg>
<arg>Madame</arg>
<arg>Monsieur</arg>
<doc>Returns a list containing given items.</doc>
<status status="PASS" start="2024-04-07T06:16:13.057053" elapsed="0.000175"/>
</kw>
<kw name="List Should Contain Value" owner="Collections">
<msg time="2024-04-07T06:16:13.057707" level="INFO">False</msg>
<arg>${allowed_titles}</arg>
<arg>${name_title}</arg>
<doc>Fails if the ``value`` is not found from ``list``.</doc>
<status status="PASS" start="2024-04-07T06:16:13.057537" elapsed="0.000207"/>
</kw>
<kw name="Set Variable" owner="BuiltIn">
<msg time="2024-04-07T06:16:13.058406" level="INFO">${name_country} = FR</msg>
<var>${name_country}</var>
<arg>${json_data["results"][0]["nat"]}</arg>
<doc>Returns the given values which can then be assigned to a variables.</doc>
<status status="PASS" start="2024-04-07T06:16:13.058036" elapsed="0.000402"/>
</kw>
<kw name="Create List" owner="BuiltIn">
<msg time="2024-04-07T06:16:13.059344" level="INFO">${list_country} = ['AD', 'AE', 'AF', 'AG', 'AI', 'AL', 'AM', 'AO', 'AQ', 'AR', 'AS', 'AT', 'AU', 'AW', 'AX', 'AZ', 'BA', 'BB', 'BD', 'BE', 'BF', 'BG', 'BH', 'BI', 'BJ', 'BL', 'BM', 'BN', 'BO', 'BQ', 'BR', 'BS', 'BT', '...</msg>
<var>${list_country}</var>
<arg>AD</arg>
<arg>AE</arg>
<arg>AF</arg>
<arg>AG</arg>
<arg>AI</arg>
<arg>AL</arg>
<arg>AM</arg>
<arg>AO</arg>
<arg>AQ</arg>
<arg>AR</arg>
<arg>AS</arg>
<arg>AT</arg>
<arg>AU</arg>
<arg>AW</arg>
<arg>AX</arg>
<arg>AZ</arg>
<arg>BA</arg>
<arg>BB</arg>
<arg>BD</arg>
<arg>BE</arg>
<arg>BF</arg>
<arg>BG</arg>
<arg>BH</arg>
<arg>BI</arg>
<arg>BJ</arg>
<arg>BL</arg>
<arg>BM</arg>
<arg>BN</arg>
<arg>BO</arg>
<arg>BQ</arg>
<arg>BR</arg>
<arg>BS</arg>
<arg>BT</arg>
<arg>BV</arg>
<arg>BW</arg>
<arg>BY</arg>
<arg>BZ</arg>
<arg>CA</arg>
<arg>CC</arg>
<arg>CD</arg>
<arg>CF</arg>
<arg>CG</arg>
<arg>CH</arg>
<arg>CI</arg>
<arg>CK</arg>
<arg>CL</arg>
<arg>CM</arg>
<arg>CN</arg>
<arg>CO</arg>
<arg>CR</arg>
<arg>CU</arg>
<arg>CV</arg>
<arg>CW</arg>
<arg>CX</arg>
<arg>CY</arg>
<arg>CZ</arg>
<arg>DE</arg>
<arg>DJ</arg>
<arg>DK</arg>
<arg>DM</arg>
<arg>DO</arg>
<arg>DZ</arg>
<arg>EC</arg>
<arg>EE</arg>
<arg>EG</arg>
<arg>EH</arg>
<arg>ER</arg>
<arg>ES</arg>
<arg>ET</arg>
<arg>FI</arg>
<arg>FJ</arg>
<arg>FK</arg>
<arg>FM</arg>
<arg>FO</arg>
<arg>FR</arg>
<arg>GA</arg>
<arg>GB</arg>
<arg>GD</arg>
<arg>GE</arg>
<arg>GF</arg>
<arg>GG</arg>
<arg>GH</arg>
<arg>GI</arg>
<arg>GL</arg>
<arg>GM</arg>
<arg>GN</arg>
<arg>GP</arg>
<arg>GQ</arg>
<arg>GR</arg>
<arg>GS</arg>
<arg>GT</arg>
<arg>GU</arg>
<arg>GW</arg>
<arg>GY</arg>
<arg>HK</arg>
<arg>HM</arg>
<arg>HN</arg>
<arg>HR</arg>
<arg>HT</arg>
<arg>HU</arg>
<arg>ID</arg>
<arg>IE</arg>
<arg>IL</arg>
<arg>IM</arg>
<arg>IN</arg>
<arg>IO</arg>
<arg>IQ</arg>
<arg>IR</arg>
<arg>IS</arg>
<arg>IT</arg>
<arg>JE</arg>
<arg>JM</arg>
<arg>JO</arg>
<arg>JP</arg>
<arg>KE</arg>
<arg>KG</arg>
<arg>KH</arg>
<arg>KI</arg>
<arg>KM</arg>
<arg>KN</arg>
<arg>KP</arg>
<arg>KR</arg>
<arg>KW</arg>
<arg>KY</arg>
<arg>KZ</arg>
<arg>LA</arg>
<arg>LB</arg>
<arg>LC</arg>
<arg>LI</arg>
<arg>LK</arg>
<arg>LR</arg>
<arg>LS</arg>
<arg>LT</arg>
<arg>LU</arg>
<arg>LV</arg>
<arg>LY</arg>
<arg>MA</arg>
<arg>MC</arg>
<arg>MD</arg>
<arg>ME</arg>
<arg>MF</arg>
<arg>MG</arg>
<arg>MH</arg>
<arg>MK</arg>
<arg>ML</arg>
<arg>MM</arg>
<arg>MN</arg>
<arg>MO</arg>
<arg>MP</arg>
<arg>MQ</arg>
<arg>MR</arg>
<arg>MS</arg>
<arg>MT</arg>
<arg>MU</arg>
<arg>MV</arg>
<arg>MW</arg>
<arg>MX</arg>
<arg>MY</arg>
<arg>MZ</arg>
<arg>NA</arg>
<arg>NC</arg>
<arg>NE</arg>
<arg>NF</arg>
<arg>NG</arg>
<arg>NI</arg>
<arg>NL</arg>
<arg>NO</arg>
<arg>NP</arg>
<arg>NR</arg>
<arg>NU</arg>
<arg>NZ</arg>
<arg>OM</arg>
<arg>PA</arg>
<arg>PE</arg>
<arg>PF</arg>
<arg>PG</arg>
<arg>PH</arg>
<arg>PK</arg>
<arg>PL</arg>
<arg>PM</arg>
<arg>PN</arg>
<arg>PR</arg>
<arg>PS</arg>
<arg>PT</arg>
<arg>PW</arg>
<arg>PY</arg>
<arg>QA</arg>
<arg>RE</arg>
<arg>RO</arg>
<arg>RS</arg>
<arg>RU</arg>
<arg>RW</arg>
<arg>SA</arg>
<arg>SB</arg>
<arg>SC</arg>
<arg>SD</arg>
<arg>SE</arg>
<arg>SG</arg>
<arg>SH</arg>
<arg>SI</arg>
<arg>SJ</arg>
<arg>SK</arg>
<arg>SL</arg>
<arg>SM</arg>
<arg>SN</arg>
<arg>SO</arg>
<arg>SR</arg>
<arg>SS</arg>
<arg>ST</arg>
<arg>SV</arg>
<arg>SX</arg>
<arg>SY</arg>
<arg>SZ</arg>
<arg>TC</arg>
<arg>TD</arg>
<arg>TF</arg>
<arg>TG</arg>
<arg>TH</arg>
<arg>TJ</arg>
<arg>TK</arg>
<arg>TL</arg>
<arg>TM</arg>
<arg>TN</arg>
<arg>TO</arg>
<arg>TR</arg>
<arg>TT</arg>
<arg>TV</arg>
<arg>TW</arg>
<arg>TZ</arg>
<arg>UA</arg>
<arg>UG</arg>
<arg>UM</arg>
<arg>US</arg>
<arg>UY</arg>
<arg>UZ</arg>
<arg>VA</arg>
<arg>VC</arg>
<arg>VE</arg>
<arg>VG</arg>
<arg>VI</arg>
<arg>VN</arg>
<arg>VU</arg>
<arg>WF</arg>
<arg>WS</arg>
<arg>XK</arg>
<arg>YE</arg>
<arg>YT</arg>
<arg>ZA</arg>
<arg>ZM</arg>
<arg>ZW</arg>
<doc>Returns a list containing given items.</doc>
<status status="PASS" start="2024-04-07T06:16:13.058747" elapsed="0.000623"/>
</kw>
<kw name="List Should Contain Value" owner="Collections">
<msg time="2024-04-07T06:16:13.060493" level="INFO">False</msg>
<arg>${list_country}</arg>
<arg>${name_country}</arg>
<doc>Fails if the ``value`` is not found from ``list``.</doc>
<status status="PASS" start="2024-04-07T06:16:13.060286" elapsed="0.000245"/>
</kw>
<kw name="Run Keyword If" owner="BuiltIn">
<kw name="Should Be True" owner="BuiltIn">
<arg>${True}</arg>
<doc>Fails if the given condition is not true.</doc>
<status status="PASS" start="2024-04-07T06:16:13.061597" elapsed="0.000147"/>
</kw>
<arg>${json_data["results"][0]["location"]["coordinates"]["latitude"]} &gt;= -90 and ${json_data["results"][0]["location"]["coordinates"]["latitude"]} &lt;= 90</arg>
<arg>Should Be True</arg>
<arg>${True}</arg>
<doc>Runs the given keyword with the given arguments, if ``condition`` is true.</doc>
<status status="PASS" start="2024-04-07T06:16:13.060843" elapsed="0.001028"/>
</kw>
<kw name="Run Keyword If" owner="BuiltIn">
<kw name="Should Be True" owner="BuiltIn">
<arg>${True}</arg>
<doc>Fails if the given condition is not true.</doc>
<status status="PASS" start="2024-04-07T06:16:13.062764" elapsed="0.000139"/>
</kw>
<arg>${json_data["results"][0]["location"]["coordinates"]["longitude"]} &gt;= -180 and ${json_data["results"][0]["location"]["coordinates"]["longitude"]} &lt;= 180</arg>
<arg>Should Be True</arg>
<arg>${True}</arg>
<doc>Runs the given keyword with the given arguments, if ``condition`` is true.</doc>
<status status="PASS" start="2024-04-07T06:16:13.062056" elapsed="0.000972"/>
</kw>
<status status="PASS" start="2024-04-07T06:16:12.998154" elapsed="0.065003"/>
</kw>
<doc>Testa o conteúdo específico dos campos retornados pela API.</doc>
<tag>testeConteudo</tag>
<status status="PASS" start="2024-04-07T06:16:12.997650" elapsed="0.065651"/>
</test>
<status status="PASS" start="2024-04-07T06:16:12.276358" elapsed="0.788893"/>
</suite>
<status status="PASS" start="2024-04-07T06:16:12.262668" elapsed="0.807911"/>
</suite>
<statistics>
<total>
<stat pass="5" fail="0" skip="0">All Tests</stat>
</total>
<tag>
<stat pass="1" fail="0" skip="0">testeConteudo</stat>
<stat pass="1" fail="0" skip="0">testeEstruturaResposta</stat>
<stat pass="1" fail="0" skip="0">testeRequisicaoBasica</stat>
<stat pass="1" fail="0" skip="0">testeTiposDados</stat>
</tag>
<suite>
<stat pass="5" fail="0" skip="0" id="s1" name="Tests">Tests</stat>
<stat pass="5" fail="0" skip="0" id="s1-s1" name="Random-User-Test">Tests.Random-User-Test</stat>
</suite>
</statistics>
<errors>
</errors>
</robot>
