<?xml version="1.0" encoding="UTF-8"?>
<robot generator="Robot 7.0.1 (Python 3.12.4 on linux)" generated="2024-06-25T20:15:19.016187" rpa="false" schemaversion="5">
<suite id="s1" name="Tests" source="/home/runner/work/ApiRandomUser/ApiRandomUser/RamdonUser/tests">
<suite id="s1-s1" name="Random-User-Test" source="/home/runner/work/ApiRandomUser/ApiRandomUser/RamdonUser/tests/random-user-test.robot">
<test id="s1-s1-t1" name="Conectar" line="13">
<kw name="Conectar API" owner="random-user-service">
<kw name="Create Session" owner="RequestsLibrary">
<msg time="2024-06-25T20:15:19.413878" level="INFO">Creating Session using : alias=consultarAPI, url=https://randomuser.me/, headers={},                     cookies={}, auth=None, timeout=None, proxies=None, verify=False,                     debug=0 </msg>
<arg>consultarAPI</arg>
<arg>${URL}</arg>
<doc>Create Session: create a HTTP session to a server</doc>
<status status="PASS" start="2024-06-25T20:15:19.413666" elapsed="0.000395"/>
</kw>
<status status="PASS" start="2024-06-25T20:15:19.412678" elapsed="0.001774"/>
</kw>
<status status="PASS" start="2024-06-25T20:15:19.412132" elapsed="0.002515"/>
</test>
<test id="s1-s1-t2" name="Validar retorno 200 e JSON Válido" line="16">
<kw name="Teste de Requisicao Basica" owner="random-user-service">
<kw name="GET On Session" owner="RequestsLibrary">
<msg time="2024-06-25T20:15:19.638136" level="INFO">GET Request : url=https://randomuser.me/api 
 path_url=/api 
 headers={'User-Agent': 'python-requests/2.32.3', 'Accept-Encoding': 'gzip, deflate', 'Accept': '*/*', 'Connection': 'keep-alive'} 
 body=None 
 </msg>
<msg time="2024-06-25T20:15:19.638337" level="INFO">GET Response : url=https://randomuser.me/api 
 status=200, reason=OK 
 headers={'Date': 'Tue, 25 Jun 2024 20:15:19 GMT', 'Content-Type': 'application/json; charset=utf-8', 'Transfer-Encoding': 'chunked', 'Connection': 'keep-alive', 'X-Powered-By': 'Express', 'Access-Control-Allow-Origin': '*', 'Cache-Control': 'no-cache', 'ETag': 'W/"47a-wlO7vhbBqm+i9I+zeX8DsSRzsTw"', 'Vary': 'Accept-Encoding', 'Content-Encoding': 'gzip', 'CF-Cache-Status': 'DYNAMIC', 'Report-To': '{"endpoints":[{"url":"https:\\/\\/a.nel.cloudflare.com\\/report\\/v4?s=4jOvvFDLpR6l4ZUeM2WCptlb2IMR10TNoTJme3lpPWH%2F8ibOA3y11AADCwZpDkGiS2oZ%2B%2Brb8GRtgXnsxxGKYigvRpEXjMhWsYpFi7KIzmPGVQdi%2B7%2BgOsECpTamNTS5"}],"group":"cf-nel","max_age":604800}', 'NEL': '{"success_fraction":0,"report_to":"cf-nel","max_age":604800}', 'Server': 'cloudflare', 'CF-RAY': '8997a10378b83b42-IAD', 'alt-svc': 'h3=":443"; ma=86400'} 
 body={"results":[{"gender":"male","name":{"title":"Mr","first":"Glen","last":"Ryan"},"location":{"street":{"number":1894,"name":"Mcclellan Rd"},"city":"Nowra","state":"South Australia","country":"Australia","postcode":1687,"coordinates":{"latitude":"-89.4603","longitude":"-139.3921"},"timezone":{"offset":"-11:00","description":"Midway Island, Samoa"}},"email":"glen.ryan@example.com","login":{"uuid":"6c037982-b723-4fab-a40d-72443e6c9b51","username":"angrysnake508","password":"delphi","salt":"TCjo0OR4","md5":"e1f6c2e522e62832b0b74a5f9e6101e1","sha1":"98da748b4d3de8adcacb87d5a31ad02a8ff91574","sha256":"3a0febac26fcc1a8872ce9f7f534e3c77ecc29ab8ff5bf6c0f1c9f96cf90c818"},"dob":{"date":"1954-03-14T10:31:54.897Z","age":70},"registered":{"date":"2007-07-06T12:51:20.442Z","age":16},"phone":"02-8476-6309","cell":"0495-037-856","id":{"name":"TFN","value":"946619555"},"picture":{"large":"https://randomuser.me/api/portraits/men/28.jpg","medium":"https://randomuser.me/api/portraits/med/men/28.jpg","thumbnail":"https://randomuser.me/api/portraits/thumb/men/28.jpg"},"nat":"AU"}],"info":{"seed":"ac3e307325c96446","results":1,"page":1,"version":"1.4"}} 
 </msg>
<msg time="2024-06-25T20:15:19.638435" level="INFO">/opt/hostedtoolcache/Python/3.12.4/x64/lib/python3.12/site-packages/urllib3/connectionpool.py:1099: InsecureRequestWarning: Unverified HTTPS request is being made to host 'randomuser.me'. Adding certificate verification is strongly advised. See: https://urllib3.readthedocs.io/en/latest/advanced-usage.html#tls-warnings
  warnings.warn(</msg>
<msg time="2024-06-25T20:15:19.638613" level="INFO">${response} = &lt;Response [200]&gt;</msg>
<var>${response}</var>
<arg>consultarAPI</arg>
<arg>/api</arg>
<doc>Sends a GET request on a previously created HTTP Session.</doc>
<status status="PASS" start="2024-06-25T20:15:19.417266" elapsed="0.221392"/>
</kw>
<kw name="Should Be Equal As Numbers" owner="BuiltIn">
<msg time="2024-06-25T20:15:19.639806" level="INFO">Argument types are:
&lt;class 'int'&gt;
&lt;class 'str'&gt;</msg>
<arg>${response.status_code}</arg>
<arg>200</arg>
<doc>Fails if objects are unequal after converting them to real numbers.</doc>
<status status="PASS" start="2024-06-25T20:15:19.639301" elapsed="0.000572"/>
</kw>
<kw name="Log" owner="BuiltIn">
<msg time="2024-06-25T20:15:19.640544" level="INFO">200</msg>
<arg>${response.status_code}</arg>
<doc>Logs the given message with the given level.</doc>
<status status="PASS" start="2024-06-25T20:15:19.640194" elapsed="0.000393"/>
</kw>
<kw name="Set Variable" owner="BuiltIn">
<msg time="2024-06-25T20:15:19.641329" level="INFO">${json_data} = {'results': [{'gender': 'male', 'name': {'title': 'Mr', 'first': 'Glen', 'last': 'Ryan'}, 'location': {'street': {'number': 1894, 'name': 'Mcclellan Rd'}, 'city': 'Nowra', 'state': 'South Australia', ...</msg>
<var>${json_data}</var>
<arg>${response.json()}</arg>
<doc>Returns the given values which can then be assigned to a variables.</doc>
<status status="PASS" start="2024-06-25T20:15:19.640890" elapsed="0.000467"/>
</kw>
<kw name="Dictionary Should Contain Key" owner="Collections">
<arg>${json_data}</arg>
<arg>results</arg>
<doc>Fails if ``key`` is not found from ``dictionary``.</doc>
<status status="PASS" start="2024-06-25T20:15:19.641656" elapsed="0.000166"/>
</kw>
<status status="PASS" start="2024-06-25T20:15:19.417000" elapsed="0.224978"/>
</kw>
<doc>Testa se a API responde corretamente e retorna um objeto JSON válido.</doc>
<tag>testeRequisicaoBasica</tag>
<status status="PASS" start="2024-06-25T20:15:19.416509" elapsed="0.225650"/>
</test>
<test id="s1-s1-t3" name="Validar estrutura de resposta" line="22">
<kw name="Teste de Estrutura de Resposta" owner="random-user-service">
<kw name="GET On Session" owner="RequestsLibrary">
<msg time="2024-06-25T20:15:19.747750" level="INFO">GET Request : url=https://randomuser.me/api 
 path_url=/api 
 headers={'User-Agent': 'python-requests/2.32.3', 'Accept-Encoding': 'gzip, deflate', 'Accept': '*/*', 'Connection': 'keep-alive'} 
 body=None 
 </msg>
<msg time="2024-06-25T20:15:19.747838" level="INFO">GET Response : url=https://randomuser.me/api 
 status=200, reason=OK 
 headers={'Date': 'Tue, 25 Jun 2024 20:15:19 GMT', 'Content-Type': 'application/json; charset=utf-8', 'Transfer-Encoding': 'chunked', 'Connection': 'keep-alive', 'X-Powered-By': 'Express', 'Access-Control-Allow-Origin': '*', 'Cache-Control': 'no-cache', 'ETag': 'W/"480-288EDuRHOTHN/koy1UdNqT4x9Mc"', 'Vary': 'Accept-Encoding', 'Content-Encoding': 'gzip', 'CF-Cache-Status': 'DYNAMIC', 'Report-To': '{"endpoints":[{"url":"https:\\/\\/a.nel.cloudflare.com\\/report\\/v4?s=wNx%2FdV4S6TXGcpCAysSKjBYju1%2FHu9qFGuNuv7tyaYdIHkSyE1TdpMXgyr1QnLak9KVCb3aimxMRJAiEvZE1zeT43u9yzUxra0Lk9WymP8bM7nqJRzpuwnP81B2%2Byhc7"}],"group":"cf-nel","max_age":604800}', 'NEL': '{"success_fraction":0,"report_to":"cf-nel","max_age":604800}', 'Server': 'cloudflare', 'CF-RAY': '8997a103c91d3b42-IAD', 'alt-svc': 'h3=":443"; ma=86400'} 
 body={"results":[{"gender":"male","name":{"title":"Mr","first":"Eino","last":"Koistinen"},"location":{"street":{"number":3827,"name":"Hämeenkatu"},"city":"Kronoby","state":"Pirkanmaa","country":"Finland","postcode":19935,"coordinates":{"latitude":"-29.0370","longitude":"-60.3621"},"timezone":{"offset":"-12:00","description":"Eniwetok, Kwajalein"}},"email":"eino.koistinen@example.com","login":{"uuid":"45063581-93c4-44c4-a7ad-c689438fa6a4","username":"redswan826","password":"julie","salt":"KnXsqUs3","md5":"efa78bec37b979c86fdfed81152c4225","sha1":"cf6bcfee2dc12b383bdbf02b19e096b5d78c9487","sha256":"247694dd5a486f7c049caefcdf467d5972145620ce0e2448258ce6e6f4bec4e3"},"dob":{"date":"1967-09-02T02:41:50.061Z","age":56},"registered":{"date":"2013-02-06T20:52:04.906Z","age":11},"phone":"04-259-646","cell":"043-797-67-89","id":{"name":"HETU","value":"NaNNA539undefined"},"picture":{"large":"https://randomuser.me/api/portraits/men/62.jpg","medium":"https://randomuser.me/api/portraits/med/men/62.jpg","thumbnail":"https://randomuser.me/api/portraits/thumb/men/62.jpg"},"nat":"FI"}],"info":{"seed":"d8fbc7d5ca560fd1","results":1,"page":1,"version":"1.4"}} 
 </msg>
<msg time="2024-06-25T20:15:19.747953" level="INFO">/opt/hostedtoolcache/Python/3.12.4/x64/lib/python3.12/site-packages/urllib3/connectionpool.py:1099: InsecureRequestWarning: Unverified HTTPS request is being made to host 'randomuser.me'. Adding certificate verification is strongly advised. See: https://urllib3.readthedocs.io/en/latest/advanced-usage.html#tls-warnings
  warnings.warn(</msg>
<msg time="2024-06-25T20:15:19.748082" level="INFO">${response} = &lt;Response [200]&gt;</msg>
<var>${response}</var>
<arg>consultarAPI</arg>
<arg>/api</arg>
<doc>Sends a GET request on a previously created HTTP Session.</doc>
<status status="PASS" start="2024-06-25T20:15:19.644853" elapsed="0.103269"/>
</kw>
<kw name="Set Variable" owner="BuiltIn">
<msg time="2024-06-25T20:15:19.749216" level="INFO">${json_data} = {'results': [{'gender': 'male', 'name': {'title': 'Mr', 'first': 'Eino', 'last': 'Koistinen'}, 'location': {'street': {'number': 3827, 'name': 'Hämeenkatu'}, 'city': 'Kronoby', 'state': 'Pirkanmaa', '...</msg>
<var>${json_data}</var>
<arg>${response.json()}</arg>
<doc>Returns the given values which can then be assigned to a variables.</doc>
<status status="PASS" start="2024-06-25T20:15:19.748663" elapsed="0.000582"/>
</kw>
<kw name="Log" owner="BuiltIn">
<msg time="2024-06-25T20:15:19.749729" level="INFO">{'results': [{'gender': 'male', 'name': {'title': 'Mr', 'first': 'Eino', 'last': 'Koistinen'}, 'location': {'street': {'number': 3827, 'name': 'Hämeenkatu'}, 'city': 'Kronoby', 'state': 'Pirkanmaa', 'country': 'Finland', 'postcode': 19935, 'coordinates': {'latitude': '-29.0370', 'longitude': '-60.3621'}, 'timezone': {'offset': '-12:00', 'description': 'Eniwetok, Kwajalein'}}, 'email': 'eino.koistinen@example.com', 'login': {'uuid': '45063581-93c4-44c4-a7ad-c689438fa6a4', 'username': 'redswan826', 'password': 'julie', 'salt': 'KnXsqUs3', 'md5': 'efa78bec37b979c86fdfed81152c4225', 'sha1': 'cf6bcfee2dc12b383bdbf02b19e096b5d78c9487', 'sha256': '247694dd5a486f7c049caefcdf467d5972145620ce0e2448258ce6e6f4bec4e3'}, 'dob': {'date': '1967-09-02T02:41:50.061Z', 'age': 56}, 'registered': {'date': '2013-02-06T20:52:04.906Z', 'age': 11}, 'phone': '04-259-646', 'cell': '043-797-67-89', 'id': {'name': 'HETU', 'value': 'NaNNA539undefined'}, 'picture': {'large': 'https://randomuser.me/api/portraits/men/62.jpg', 'medium': 'https://randomuser.me/api/portraits/med/men/62.jpg', 'thumbnail': 'https://randomuser.me/api/portraits/thumb/men/62.jpg'}, 'nat': 'FI'}], 'info': {'seed': 'd8fbc7d5ca560fd1', 'results': 1, 'page': 1, 'version': '1.4'}}</msg>
<arg>${json_data}</arg>
<doc>Logs the given message with the given level.</doc>
<status status="PASS" start="2024-06-25T20:15:19.749560" elapsed="0.000220"/>
</kw>
<kw name="Dictionary Should Contain Key" owner="Collections">
<arg>${json_data}</arg>
<arg>results</arg>
<doc>Fails if ``key`` is not found from ``dictionary``.</doc>
<status status="PASS" start="2024-06-25T20:15:19.750074" elapsed="0.000199"/>
</kw>
<kw name="Should Not Be Empty" owner="BuiltIn">
<msg time="2024-06-25T20:15:19.750602" level="INFO">Length is 2.</msg>
<arg>${json_data}</arg>
<doc>Verifies that the given item is not empty.</doc>
<status status="PASS" start="2024-06-25T20:15:19.750467" elapsed="0.000179"/>
</kw>
<kw name="Create List" owner="BuiltIn">
<msg time="2024-06-25T20:15:19.751255" level="INFO">${expected_keys} = ['gender', 'name', 'location', 'email', 'login']</msg>
<var>${expected_keys}</var>
<arg>gender</arg>
<arg>name</arg>
<arg>location</arg>
<arg>email</arg>
<arg>login</arg>
<doc>Returns a list containing given items.</doc>
<status status="PASS" start="2024-06-25T20:15:19.750952" elapsed="0.000329"/>
</kw>
<for flavor="IN">
<iter>
<kw name="Dictionary Should Contain Key" owner="Collections">
<arg>${json_data['results'][0]}</arg>
<arg>${key}</arg>
<doc>Fails if ``key`` is not found from ``dictionary``.</doc>
<status status="PASS" start="2024-06-25T20:15:19.751868" elapsed="0.000393"/>
</kw>
<kw name="Log" owner="BuiltIn">
<msg time="2024-06-25T20:15:19.752813" level="INFO">{'gender': 'male', 'name': {'title': 'Mr', 'first': 'Eino', 'last': 'Koistinen'}, 'location': {'street': {'number': 3827, 'name': 'Hämeenkatu'}, 'city': 'Kronoby', 'state': 'Pirkanmaa', 'country': 'Finland', 'postcode': 19935, 'coordinates': {'latitude': '-29.0370', 'longitude': '-60.3621'}, 'timezone': {'offset': '-12:00', 'description': 'Eniwetok, Kwajalein'}}, 'email': 'eino.koistinen@example.com', 'login': {'uuid': '45063581-93c4-44c4-a7ad-c689438fa6a4', 'username': 'redswan826', 'password': 'julie', 'salt': 'KnXsqUs3', 'md5': 'efa78bec37b979c86fdfed81152c4225', 'sha1': 'cf6bcfee2dc12b383bdbf02b19e096b5d78c9487', 'sha256': '247694dd5a486f7c049caefcdf467d5972145620ce0e2448258ce6e6f4bec4e3'}, 'dob': {'date': '1967-09-02T02:41:50.061Z', 'age': 56}, 'registered': {'date': '2013-02-06T20:52:04.906Z', 'age': 11}, 'phone': '04-259-646', 'cell': '043-797-67-89', 'id': {'name': 'HETU', 'value': 'NaNNA539undefined'}, 'picture': {'large': 'https://randomuser.me/api/portraits/men/62.jpg', 'medium': 'https://randomuser.me/api/portraits/med/men/62.jpg', 'thumbnail': 'https://randomuser.me/api/portraits/thumb/men/62.jpg'}, 'nat': 'FI'}</msg>
<arg>${json_data['results'][0]}</arg>
<doc>Logs the given message with the given level.</doc>
<status status="PASS" start="2024-06-25T20:15:19.752447" elapsed="0.000426"/>
</kw>
<kw name="Log" owner="BuiltIn">
<msg time="2024-06-25T20:15:19.753300" level="INFO">gender</msg>
<arg>${key}</arg>
<doc>Logs the given message with the given level.</doc>
<status status="PASS" start="2024-06-25T20:15:19.753170" elapsed="0.000168"/>
</kw>
<var name="${key}">gender</var>
<status status="PASS" start="2024-06-25T20:15:19.751741" elapsed="0.001818"/>
</iter>
<iter>
<kw name="Dictionary Should Contain Key" owner="Collections">
<arg>${json_data['results'][0]}</arg>
<arg>${key}</arg>
<doc>Fails if ``key`` is not found from ``dictionary``.</doc>
<status status="PASS" start="2024-06-25T20:15:19.753859" elapsed="0.000415"/>
</kw>
<kw name="Log" owner="BuiltIn">
<msg time="2024-06-25T20:15:19.754814" level="INFO">{'gender': 'male', 'name': {'title': 'Mr', 'first': 'Eino', 'last': 'Koistinen'}, 'location': {'street': {'number': 3827, 'name': 'Hämeenkatu'}, 'city': 'Kronoby', 'state': 'Pirkanmaa', 'country': 'Finland', 'postcode': 19935, 'coordinates': {'latitude': '-29.0370', 'longitude': '-60.3621'}, 'timezone': {'offset': '-12:00', 'description': 'Eniwetok, Kwajalein'}}, 'email': 'eino.koistinen@example.com', 'login': {'uuid': '45063581-93c4-44c4-a7ad-c689438fa6a4', 'username': 'redswan826', 'password': 'julie', 'salt': 'KnXsqUs3', 'md5': 'efa78bec37b979c86fdfed81152c4225', 'sha1': 'cf6bcfee2dc12b383bdbf02b19e096b5d78c9487', 'sha256': '247694dd5a486f7c049caefcdf467d5972145620ce0e2448258ce6e6f4bec4e3'}, 'dob': {'date': '1967-09-02T02:41:50.061Z', 'age': 56}, 'registered': {'date': '2013-02-06T20:52:04.906Z', 'age': 11}, 'phone': '04-259-646', 'cell': '043-797-67-89', 'id': {'name': 'HETU', 'value': 'NaNNA539undefined'}, 'picture': {'large': 'https://randomuser.me/api/portraits/men/62.jpg', 'medium': 'https://randomuser.me/api/portraits/med/men/62.jpg', 'thumbnail': 'https://randomuser.me/api/portraits/thumb/men/62.jpg'}, 'nat': 'FI'}</msg>
<arg>${json_data['results'][0]}</arg>
<doc>Logs the given message with the given level.</doc>
<status status="PASS" start="2024-06-25T20:15:19.754461" elapsed="0.000443"/>
</kw>
<kw name="Log" owner="BuiltIn">
<msg time="2024-06-25T20:15:19.755336" level="INFO">name</msg>
<arg>${key}</arg>
<doc>Logs the given message with the given level.</doc>
<status status="PASS" start="2024-06-25T20:15:19.755207" elapsed="0.000168"/>
</kw>
<var name="${key}">name</var>
<status status="PASS" start="2024-06-25T20:15:19.753745" elapsed="0.001854"/>
</iter>
<iter>
<kw name="Dictionary Should Contain Key" owner="Collections">
<arg>${json_data['results'][0]}</arg>
<arg>${key}</arg>
<doc>Fails if ``key`` is not found from ``dictionary``.</doc>
<status status="PASS" start="2024-06-25T20:15:19.755884" elapsed="0.000385"/>
</kw>
<kw name="Log" owner="BuiltIn">
<msg time="2024-06-25T20:15:19.756803" level="INFO">{'gender': 'male', 'name': {'title': 'Mr', 'first': 'Eino', 'last': 'Koistinen'}, 'location': {'street': {'number': 3827, 'name': 'Hämeenkatu'}, 'city': 'Kronoby', 'state': 'Pirkanmaa', 'country': 'Finland', 'postcode': 19935, 'coordinates': {'latitude': '-29.0370', 'longitude': '-60.3621'}, 'timezone': {'offset': '-12:00', 'description': 'Eniwetok, Kwajalein'}}, 'email': 'eino.koistinen@example.com', 'login': {'uuid': '45063581-93c4-44c4-a7ad-c689438fa6a4', 'username': 'redswan826', 'password': 'julie', 'salt': 'KnXsqUs3', 'md5': 'efa78bec37b979c86fdfed81152c4225', 'sha1': 'cf6bcfee2dc12b383bdbf02b19e096b5d78c9487', 'sha256': '247694dd5a486f7c049caefcdf467d5972145620ce0e2448258ce6e6f4bec4e3'}, 'dob': {'date': '1967-09-02T02:41:50.061Z', 'age': 56}, 'registered': {'date': '2013-02-06T20:52:04.906Z', 'age': 11}, 'phone': '04-259-646', 'cell': '043-797-67-89', 'id': {'name': 'HETU', 'value': 'NaNNA539undefined'}, 'picture': {'large': 'https://randomuser.me/api/portraits/men/62.jpg', 'medium': 'https://randomuser.me/api/portraits/med/men/62.jpg', 'thumbnail': 'https://randomuser.me/api/portraits/thumb/men/62.jpg'}, 'nat': 'FI'}</msg>
<arg>${json_data['results'][0]}</arg>
<doc>Logs the given message with the given level.</doc>
<status status="PASS" start="2024-06-25T20:15:19.756451" elapsed="0.000401"/>
</kw>
<kw name="Log" owner="BuiltIn">
<msg time="2024-06-25T20:15:19.757284" level="INFO">location</msg>
<arg>${key}</arg>
<doc>Logs the given message with the given level.</doc>
<status status="PASS" start="2024-06-25T20:15:19.757155" elapsed="0.000167"/>
</kw>
<var name="${key}">location</var>
<status status="PASS" start="2024-06-25T20:15:19.755775" elapsed="0.001761"/>
</iter>
<iter>
<kw name="Dictionary Should Contain Key" owner="Collections">
<arg>${json_data['results'][0]}</arg>
<arg>${key}</arg>
<doc>Fails if ``key`` is not found from ``dictionary``.</doc>
<status status="PASS" start="2024-06-25T20:15:19.757812" elapsed="0.000382"/>
</kw>
<kw name="Log" owner="BuiltIn">
<msg time="2024-06-25T20:15:19.758786" level="INFO">{'gender': 'male', 'name': {'title': 'Mr', 'first': 'Eino', 'last': 'Koistinen'}, 'location': {'street': {'number': 3827, 'name': 'Hämeenkatu'}, 'city': 'Kronoby', 'state': 'Pirkanmaa', 'country': 'Finland', 'postcode': 19935, 'coordinates': {'latitude': '-29.0370', 'longitude': '-60.3621'}, 'timezone': {'offset': '-12:00', 'description': 'Eniwetok, Kwajalein'}}, 'email': 'eino.koistinen@example.com', 'login': {'uuid': '45063581-93c4-44c4-a7ad-c689438fa6a4', 'username': 'redswan826', 'password': 'julie', 'salt': 'KnXsqUs3', 'md5': 'efa78bec37b979c86fdfed81152c4225', 'sha1': 'cf6bcfee2dc12b383bdbf02b19e096b5d78c9487', 'sha256': '247694dd5a486f7c049caefcdf467d5972145620ce0e2448258ce6e6f4bec4e3'}, 'dob': {'date': '1967-09-02T02:41:50.061Z', 'age': 56}, 'registered': {'date': '2013-02-06T20:52:04.906Z', 'age': 11}, 'phone': '04-259-646', 'cell': '043-797-67-89', 'id': {'name': 'HETU', 'value': 'NaNNA539undefined'}, 'picture': {'large': 'https://randomuser.me/api/portraits/men/62.jpg', 'medium': 'https://randomuser.me/api/portraits/med/men/62.jpg', 'thumbnail': 'https://randomuser.me/api/portraits/thumb/men/62.jpg'}, 'nat': 'FI'}</msg>
<arg>${json_data['results'][0]}</arg>
<doc>Logs the given message with the given level.</doc>
<status status="PASS" start="2024-06-25T20:15:19.758423" elapsed="0.000422"/>
</kw>
<kw name="Log" owner="BuiltIn">
<msg time="2024-06-25T20:15:19.759273" level="INFO">email</msg>
<arg>${key}</arg>
<doc>Logs the given message with the given level.</doc>
<status status="PASS" start="2024-06-25T20:15:19.759143" elapsed="0.000170"/>
</kw>
<var name="${key}">email</var>
<status status="PASS" start="2024-06-25T20:15:19.757705" elapsed="0.001822"/>
</iter>
<iter>
<kw name="Dictionary Should Contain Key" owner="Collections">
<arg>${json_data['results'][0]}</arg>
<arg>${key}</arg>
<doc>Fails if ``key`` is not found from ``dictionary``.</doc>
<status status="PASS" start="2024-06-25T20:15:19.759805" elapsed="0.000396"/>
</kw>
<kw name="Log" owner="BuiltIn">
<msg time="2024-06-25T20:15:19.760742" level="INFO">{'gender': 'male', 'name': {'title': 'Mr', 'first': 'Eino', 'last': 'Koistinen'}, 'location': {'street': {'number': 3827, 'name': 'Hämeenkatu'}, 'city': 'Kronoby', 'state': 'Pirkanmaa', 'country': 'Finland', 'postcode': 19935, 'coordinates': {'latitude': '-29.0370', 'longitude': '-60.3621'}, 'timezone': {'offset': '-12:00', 'description': 'Eniwetok, Kwajalein'}}, 'email': 'eino.koistinen@example.com', 'login': {'uuid': '45063581-93c4-44c4-a7ad-c689438fa6a4', 'username': 'redswan826', 'password': 'julie', 'salt': 'KnXsqUs3', 'md5': 'efa78bec37b979c86fdfed81152c4225', 'sha1': 'cf6bcfee2dc12b383bdbf02b19e096b5d78c9487', 'sha256': '247694dd5a486f7c049caefcdf467d5972145620ce0e2448258ce6e6f4bec4e3'}, 'dob': {'date': '1967-09-02T02:41:50.061Z', 'age': 56}, 'registered': {'date': '2013-02-06T20:52:04.906Z', 'age': 11}, 'phone': '04-259-646', 'cell': '043-797-67-89', 'id': {'name': 'HETU', 'value': 'NaNNA539undefined'}, 'picture': {'large': 'https://randomuser.me/api/portraits/men/62.jpg', 'medium': 'https://randomuser.me/api/portraits/med/men/62.jpg', 'thumbnail': 'https://randomuser.me/api/portraits/thumb/men/62.jpg'}, 'nat': 'FI'}</msg>
<arg>${json_data['results'][0]}</arg>
<doc>Logs the given message with the given level.</doc>
<status status="PASS" start="2024-06-25T20:15:19.760384" elapsed="0.000407"/>
</kw>
<kw name="Log" owner="BuiltIn">
<msg time="2024-06-25T20:15:19.761220" level="INFO">login</msg>
<arg>${key}</arg>
<doc>Logs the given message with the given level.</doc>
<status status="PASS" start="2024-06-25T20:15:19.761085" elapsed="0.000174"/>
</kw>
<var name="${key}">login</var>
<status status="PASS" start="2024-06-25T20:15:19.759698" elapsed="0.001778"/>
</iter>
<var>${key}</var>
<value>@{expected_keys}</value>
<status status="PASS" start="2024-06-25T20:15:19.751545" elapsed="0.010053"/>
</for>
<kw name="Create List" owner="BuiltIn">
<msg time="2024-06-25T20:15:19.761928" level="INFO">${expected_keysTwo} = ['username', 'password']</msg>
<var>${expected_keysTwo}</var>
<arg>username</arg>
<arg>password</arg>
<doc>Returns a list containing given items.</doc>
<status status="PASS" start="2024-06-25T20:15:19.761789" elapsed="0.000163"/>
</kw>
<for flavor="IN">
<iter>
<kw name="Dictionary Should Contain Key" owner="Collections">
<arg>${json_data['results'][0]['login']}</arg>
<arg>${keyTwo}</arg>
<doc>Fails if ``key`` is not found from ``dictionary``.</doc>
<status status="PASS" start="2024-06-25T20:15:19.762505" elapsed="0.000390"/>
</kw>
<kw name="Dictionary Should Contain Key" owner="Collections">
<arg>${json_data['results'][0]['login']}</arg>
<arg>${keyTwo}</arg>
<doc>Fails if ``key`` is not found from ``dictionary``.</doc>
<status status="PASS" start="2024-06-25T20:15:19.763083" elapsed="0.000377"/>
</kw>
<kw name="Log" owner="BuiltIn">
<msg time="2024-06-25T20:15:19.763760" level="INFO">username</msg>
<arg>${keyTwo}</arg>
<doc>Logs the given message with the given level.</doc>
<status status="PASS" start="2024-06-25T20:15:19.763637" elapsed="0.000161"/>
</kw>
<var name="${keyTwo}">username</var>
<status status="PASS" start="2024-06-25T20:15:19.762396" elapsed="0.001628"/>
</iter>
<iter>
<kw name="Dictionary Should Contain Key" owner="Collections">
<arg>${json_data['results'][0]['login']}</arg>
<arg>${keyTwo}</arg>
<doc>Fails if ``key`` is not found from ``dictionary``.</doc>
<status status="PASS" start="2024-06-25T20:15:19.764304" elapsed="0.000389"/>
</kw>
<kw name="Dictionary Should Contain Key" owner="Collections">
<arg>${json_data['results'][0]['login']}</arg>
<arg>${keyTwo}</arg>
<doc>Fails if ``key`` is not found from ``dictionary``.</doc>
<status status="PASS" start="2024-06-25T20:15:19.764872" elapsed="0.000368"/>
</kw>
<kw name="Log" owner="BuiltIn">
<msg time="2024-06-25T20:15:19.765533" level="INFO">password</msg>
<arg>${keyTwo}</arg>
<doc>Logs the given message with the given level.</doc>
<status status="PASS" start="2024-06-25T20:15:19.765415" elapsed="0.000155"/>
</kw>
<var name="${keyTwo}">password</var>
<status status="PASS" start="2024-06-25T20:15:19.764194" elapsed="0.001697"/>
</iter>
<var>${keyTwo}</var>
<value>@{expected_keysTwo}</value>
<status status="PASS" start="2024-06-25T20:15:19.762234" elapsed="0.003778"/>
</for>
<status status="PASS" start="2024-06-25T20:15:19.644608" elapsed="0.121546"/>
</kw>
<doc>Testa a estrutura da resposta da API.</doc>
<tag>testeEstruturaResposta</tag>
<status status="PASS" start="2024-06-25T20:15:19.644024" elapsed="0.122328"/>
</test>
<test id="s1-s1-t4" name="Validar tipos de dados" line="28">
<kw name="Teste de Tipos de Dados" owner="random-user-service">
<kw name="GET On Session" owner="RequestsLibrary">
<msg time="2024-06-25T20:15:19.869116" level="INFO">GET Request : url=https://randomuser.me/api 
 path_url=/api 
 headers={'User-Agent': 'python-requests/2.32.3', 'Accept-Encoding': 'gzip, deflate', 'Accept': '*/*', 'Connection': 'keep-alive'} 
 body=None 
 </msg>
<msg time="2024-06-25T20:15:19.869201" level="INFO">GET Response : url=https://randomuser.me/api 
 status=200, reason=OK 
 headers={'Date': 'Tue, 25 Jun 2024 20:15:19 GMT', 'Content-Type': 'application/json; charset=utf-8', 'Transfer-Encoding': 'chunked', 'Connection': 'keep-alive', 'X-Powered-By': 'Express', 'Access-Control-Allow-Origin': '*', 'Cache-Control': 'no-cache', 'ETag': 'W/"4a4-X/p7+SDZHgkvSYIUxy/evrhnqek"', 'Vary': 'Accept-Encoding', 'Content-Encoding': 'gzip', 'CF-Cache-Status': 'DYNAMIC', 'Report-To': '{"endpoints":[{"url":"https:\\/\\/a.nel.cloudflare.com\\/report\\/v4?s=IKF3uKiVvLfmL9PU3VYKCTF7GJYb8POwGGeZR5NrYvbYPFL%2BYy%2F0rcWkG6cewn0%2F%2BTYoo9gGVLeWRhieDXzVRqkr9kLd03ECQdxzvMp2DOe9yAo64VfEbthM3OsO1%2FTU"}],"group":"cf-nel","max_age":604800}', 'NEL': '{"success_fraction":0,"report_to":"cf-nel","max_age":604800}', 'Server': 'cloudflare', 'CF-RAY': '8997a1049a1b3b42-IAD', 'alt-svc': 'h3=":443"; ma=86400'} 
 body={"results":[{"gender":"female","name":{"title":"Miss","first":"Encarnación","last":"Fuentes"},"location":{"street":{"number":9816,"name":"Avenida del Planetario"},"city":"Córdoba","state":"País Vasco","country":"Spain","postcode":54197,"coordinates":{"latitude":"-33.6234","longitude":"131.7466"},"timezone":{"offset":"-8:00","description":"Pacific Time (US &amp; Canada)"}},"email":"encarnacion.fuentes@example.com","login":{"uuid":"5402f33e-7dda-4134-b108-dbb8cffc3580","username":"orangesnake743","password":"1111111","salt":"Z1PgmsCg","md5":"2e73634cc97789171355b559c81467b4","sha1":"854805883b6f841cafcb6c8f041ab42ecd5589fa","sha256":"420e678791c1b3d2f5ace0b8bf7f7ebf2359d19cdb31e219b36f16ef721567bd"},"dob":{"date":"1986-02-06T09:04:21.422Z","age":38},"registered":{"date":"2013-05-05T19:06:16.503Z","age":11},"phone":"999-723-507","cell":"655-809-146","id":{"name":"DNI","value":"74901346-C"},"picture":{"large":"https://randomuser.me/api/portraits/women/78.jpg","medium":"https://randomuser.me/api/portraits/med/women/78.jpg","thumbnail":"https://randomuser.me/api/portraits/thumb/women/78.jpg"},"nat":"ES"}],"info":{"seed":"f869703bea358696","results":1,"page":1,"version":"1.4"}} 
 </msg>
<msg time="2024-06-25T20:15:19.869268" level="INFO">/opt/hostedtoolcache/Python/3.12.4/x64/lib/python3.12/site-packages/urllib3/connectionpool.py:1099: InsecureRequestWarning: Unverified HTTPS request is being made to host 'randomuser.me'. Adding certificate verification is strongly advised. See: https://urllib3.readthedocs.io/en/latest/advanced-usage.html#tls-warnings
  warnings.warn(</msg>
<msg time="2024-06-25T20:15:19.869375" level="INFO">${response} = &lt;Response [200]&gt;</msg>
<var>${response}</var>
<arg>consultarAPI</arg>
<arg>/api</arg>
<doc>Sends a GET request on a previously created HTTP Session.</doc>
<status status="PASS" start="2024-06-25T20:15:19.768877" elapsed="0.100541"/>
</kw>
<kw name="Set Variable" owner="BuiltIn">
<msg time="2024-06-25T20:15:19.870576" level="INFO">${json_data} = {'results': [{'gender': 'female', 'name': {'title': 'Miss', 'first': 'Encarnación', 'last': 'Fuentes'}, 'location': {'street': {'number': 9816, 'name': 'Avenida del Planetario'}, 'city': 'Córdoba', 's...</msg>
<var>${json_data}</var>
<arg>${response.json()}</arg>
<doc>Returns the given values which can then be assigned to a variables.</doc>
<status status="PASS" start="2024-06-25T20:15:19.869969" elapsed="0.000637"/>
</kw>
<kw name="Log" owner="BuiltIn">
<msg time="2024-06-25T20:15:19.871079" level="INFO">{'results': [{'gender': 'female', 'name': {'title': 'Miss', 'first': 'Encarnación', 'last': 'Fuentes'}, 'location': {'street': {'number': 9816, 'name': 'Avenida del Planetario'}, 'city': 'Córdoba', 'state': 'País Vasco', 'country': 'Spain', 'postcode': 54197, 'coordinates': {'latitude': '-33.6234', 'longitude': '131.7466'}, 'timezone': {'offset': '-8:00', 'description': 'Pacific Time (US &amp; Canada)'}}, 'email': 'encarnacion.fuentes@example.com', 'login': {'uuid': '5402f33e-7dda-4134-b108-dbb8cffc3580', 'username': 'orangesnake743', 'password': '1111111', 'salt': 'Z1PgmsCg', 'md5': '2e73634cc97789171355b559c81467b4', 'sha1': '854805883b6f841cafcb6c8f041ab42ecd5589fa', 'sha256': '420e678791c1b3d2f5ace0b8bf7f7ebf2359d19cdb31e219b36f16ef721567bd'}, 'dob': {'date': '1986-02-06T09:04:21.422Z', 'age': 38}, 'registered': {'date': '2013-05-05T19:06:16.503Z', 'age': 11}, 'phone': '999-723-507', 'cell': '655-809-146', 'id': {'name': 'DNI', 'value': '74901346-C'}, 'picture': {'large': 'https://randomuser.me/api/portraits/women/78.jpg', 'medium': 'https://randomuser.me/api/portraits/med/women/78.jpg', 'thumbnail': 'https://randomuser.me/api/portraits/thumb/women/78.jpg'}, 'nat': 'ES'}], 'info': {'seed': 'f869703bea358696', 'results': 1, 'page': 1, 'version': '1.4'}}</msg>
<arg>${json_data}</arg>
<doc>Logs the given message with the given level.</doc>
<status status="PASS" start="2024-06-25T20:15:19.870920" elapsed="0.000212"/>
</kw>
<kw name="Should Be String" owner="String">
<arg>${json_data['results'][0]['gender']}</arg>
<doc>Fails if the given ``item`` is not a string.</doc>
<status status="PASS" start="2024-06-25T20:15:19.871425" elapsed="0.000369"/>
</kw>
<kw name="Should Match Regexp" owner="BuiltIn">
<arg>${json_data['results'][0]['email']}</arg>
<arg>^[a-zA-Z0-9._%+-]+@[a-zA-Z0-9.-]+\.[a-zA-Z]{2,}$</arg>
<doc>Fails if ``string`` does not match ``pattern`` as a regular expression.</doc>
<status status="PASS" start="2024-06-25T20:15:19.871984" elapsed="0.000526"/>
</kw>
<kw name="Should Match Regexp" owner="BuiltIn">
<arg>${json_data['results'][0]['dob']['date']}</arg>
<arg>\\d{4}-\\d{2}-\\d{2}T\\d{2}:\\d{2}:\\d{2}\\.\\d{3}Z</arg>
<doc>Fails if ``string`` does not match ``pattern`` as a regular expression.</doc>
<status status="PASS" start="2024-06-25T20:15:19.872738" elapsed="0.000494"/>
</kw>
<kw name="Should Match Regexp" owner="BuiltIn">
<arg>${json_data['results'][0]['registered']['date']}</arg>
<arg>\\d{4}-\\d{2}-\\d{2}T\\d{2}:\\d{2}:\\d{2}\\.\\d{3}Z</arg>
<doc>Fails if ``string`` does not match ``pattern`` as a regular expression.</doc>
<status status="PASS" start="2024-06-25T20:15:19.873424" elapsed="0.000368"/>
</kw>
<kw name="Should Match Regexp" owner="BuiltIn">
<arg>${json_data['results'][0]['picture']['large']}</arg>
<arg>^https?://.*\.(?:png|jpe?g|gif|bmp)$</arg>
<doc>Fails if ``string`` does not match ``pattern`` as a regular expression.</doc>
<status status="PASS" start="2024-06-25T20:15:19.873978" elapsed="0.000499"/>
</kw>
<kw name="Should Match Regexp" owner="BuiltIn">
<arg>${json_data['results'][0]['picture']['medium']}</arg>
<arg>^https?://.*\.(?:png|jpe?g|gif|bmp)$</arg>
<doc>Fails if ``string`` does not match ``pattern`` as a regular expression.</doc>
<status status="PASS" start="2024-06-25T20:15:19.874670" elapsed="0.000358"/>
</kw>
<kw name="Should Match Regexp" owner="BuiltIn">
<arg>${json_data['results'][0]['picture']['thumbnail']}</arg>
<arg>^https?://.*\.(?:png|jpe?g|gif|bmp)$</arg>
<doc>Fails if ``string`` does not match ``pattern`` as a regular expression.</doc>
<status status="PASS" start="2024-06-25T20:15:19.875211" elapsed="0.000353"/>
</kw>
<kw name="Log" owner="BuiltIn">
<msg time="2024-06-25T20:15:19.876080" level="INFO">{'large': 'https://randomuser.me/api/portraits/women/78.jpg', 'medium': 'https://randomuser.me/api/portraits/med/women/78.jpg', 'thumbnail': 'https://randomuser.me/api/portraits/thumb/women/78.jpg'}</msg>
<arg>${json_data['results'][0]['picture']}</arg>
<doc>Logs the given message with the given level.</doc>
<status status="PASS" start="2024-06-25T20:15:19.875744" elapsed="0.000379"/>
</kw>
<status status="PASS" start="2024-06-25T20:15:19.768652" elapsed="0.107729"/>
</kw>
<kw name="Teste de Tipos de Dados - Postcode" owner="random-user-service">
<kw name="GET On Session" owner="RequestsLibrary">
<msg time="2024-06-25T20:15:19.948978" level="INFO">GET Request : url=https://randomuser.me/api 
 path_url=/api 
 headers={'User-Agent': 'python-requests/2.32.3', 'Accept-Encoding': 'gzip, deflate', 'Accept': '*/*', 'Connection': 'keep-alive'} 
 body=None 
 </msg>
<msg time="2024-06-25T20:15:19.949067" level="INFO">GET Response : url=https://randomuser.me/api 
 status=200, reason=OK 
 headers={'Date': 'Tue, 25 Jun 2024 20:15:19 GMT', 'Content-Type': 'application/json; charset=utf-8', 'Transfer-Encoding': 'chunked', 'Connection': 'keep-alive', 'X-Powered-By': 'Express', 'Access-Control-Allow-Origin': '*', 'Cache-Control': 'no-cache', 'ETag': 'W/"488-Pfrkwpo7i0eUNnYrnUl2MVI3UgU"', 'Vary': 'Accept-Encoding', 'Content-Encoding': 'gzip', 'CF-Cache-Status': 'DYNAMIC', 'Report-To': '{"endpoints":[{"url":"https:\\/\\/a.nel.cloudflare.com\\/report\\/v4?s=XzHLCNY7u6gVMqGl0MlE%2FpF4FUbCMYsaIxY2hMd5qi%2BEW%2BcMPRxLdTH4eiWDC28EpV3rLP40kaADDPnxhM2iPotcVp%2Bg64ylMAtAp9KcTWodfcU8E6KJJkhRERctZ6mU"}],"group":"cf-nel","max_age":604800}', 'NEL': '{"success_fraction":0,"report_to":"cf-nel","max_age":604800}', 'Server': 'cloudflare', 'CF-RAY': '8997a1054ae43b42-IAD', 'alt-svc': 'h3=":443"; ma=86400'} 
 body={"results":[{"gender":"female","name":{"title":"Ms","first":"Milena","last":"Bærheim"},"location":{"street":{"number":806,"name":"Arups gate"},"city":"Ise","state":"Møre og Romsdal","country":"Norway","postcode":"5034","coordinates":{"latitude":"39.1370","longitude":"18.0080"},"timezone":{"offset":"-3:00","description":"Brazil, Buenos Aires, Georgetown"}},"email":"milena.baerheim@example.com","login":{"uuid":"b1b51056-805b-4ca6-8490-847d5513615c","username":"angrylion333","password":"maxine","salt":"buRUOArq","md5":"732f8da238ed69024a0f7c613f0f75ec","sha1":"22e912835318de826cbbf52307f951243478da92","sha256":"e499393bca448332ae740b3c9c570a520fc269604955d6d8cb461ab583dd7577"},"dob":{"date":"1971-12-06T23:52:59.764Z","age":52},"registered":{"date":"2019-08-26T17:15:46.151Z","age":4},"phone":"31230376","cell":"46093602","id":{"name":"FN","value":"06127121204"},"picture":{"large":"https://randomuser.me/api/portraits/women/34.jpg","medium":"https://randomuser.me/api/portraits/med/women/34.jpg","thumbnail":"https://randomuser.me/api/portraits/thumb/women/34.jpg"},"nat":"NO"}],"info":{"seed":"0ca54bca27064675","results":1,"page":1,"version":"1.4"}} 
 </msg>
<msg time="2024-06-25T20:15:19.949144" level="INFO">/opt/hostedtoolcache/Python/3.12.4/x64/lib/python3.12/site-packages/urllib3/connectionpool.py:1099: InsecureRequestWarning: Unverified HTTPS request is being made to host 'randomuser.me'. Adding certificate verification is strongly advised. See: https://urllib3.readthedocs.io/en/latest/advanced-usage.html#tls-warnings
  warnings.warn(</msg>
<msg time="2024-06-25T20:15:19.949252" level="INFO">${response} = &lt;Response [200]&gt;</msg>
<var>${response}</var>
<arg>consultarAPI</arg>
<arg>/api</arg>
<doc>Sends a GET request on a previously created HTTP Session.</doc>
<status status="PASS" start="2024-06-25T20:15:19.876832" elapsed="0.072460"/>
</kw>
<kw name="Set Variable" owner="BuiltIn">
<msg time="2024-06-25T20:15:19.950452" level="INFO">${json_data} = {'results': [{'gender': 'female', 'name': {'title': 'Ms', 'first': 'Milena', 'last': 'Bærheim'}, 'location': {'street': {'number': 806, 'name': 'Arups gate'}, 'city': 'Ise', 'state': 'Møre og Romsdal'...</msg>
<var>${json_data}</var>
<arg>${response.json()}</arg>
<doc>Returns the given values which can then be assigned to a variables.</doc>
<status status="PASS" start="2024-06-25T20:15:19.949806" elapsed="0.000677"/>
</kw>
<kw name="Log" owner="BuiltIn">
<msg time="2024-06-25T20:15:19.950959" level="INFO">{'results': [{'gender': 'female', 'name': {'title': 'Ms', 'first': 'Milena', 'last': 'Bærheim'}, 'location': {'street': {'number': 806, 'name': 'Arups gate'}, 'city': 'Ise', 'state': 'Møre og Romsdal', 'country': 'Norway', 'postcode': '5034', 'coordinates': {'latitude': '39.1370', 'longitude': '18.0080'}, 'timezone': {'offset': '-3:00', 'description': 'Brazil, Buenos Aires, Georgetown'}}, 'email': 'milena.baerheim@example.com', 'login': {'uuid': 'b1b51056-805b-4ca6-8490-847d5513615c', 'username': 'angrylion333', 'password': 'maxine', 'salt': 'buRUOArq', 'md5': '732f8da238ed69024a0f7c613f0f75ec', 'sha1': '22e912835318de826cbbf52307f951243478da92', 'sha256': 'e499393bca448332ae740b3c9c570a520fc269604955d6d8cb461ab583dd7577'}, 'dob': {'date': '1971-12-06T23:52:59.764Z', 'age': 52}, 'registered': {'date': '2019-08-26T17:15:46.151Z', 'age': 4}, 'phone': '31230376', 'cell': '46093602', 'id': {'name': 'FN', 'value': '06127121204'}, 'picture': {'large': 'https://randomuser.me/api/portraits/women/34.jpg', 'medium': 'https://randomuser.me/api/portraits/med/women/34.jpg', 'thumbnail': 'https://randomuser.me/api/portraits/thumb/women/34.jpg'}, 'nat': 'NO'}], 'info': {'seed': '0ca54bca27064675', 'results': 1, 'page': 1, 'version': '1.4'}}</msg>
<arg>${json_data}</arg>
<doc>Logs the given message with the given level.</doc>
<status status="PASS" start="2024-06-25T20:15:19.950798" elapsed="0.000210"/>
</kw>
<kw name="Should Be Equal As Numbers" owner="BuiltIn">
<arg>${json_data['results'][0]['location']['postcode']}</arg>
<arg>${json_data['results'][0]['location']['postcode']}</arg>
<doc>Fails if objects are unequal after converting them to real numbers.</doc>
<status status="PASS" start="2024-06-25T20:15:19.951315" elapsed="0.000626"/>
</kw>
<kw name="Log" owner="BuiltIn">
<msg time="2024-06-25T20:15:19.952617" level="INFO">5034</msg>
<arg>${json_data['results'][0]['location']['postcode']}</arg>
<doc>Logs the given message with the given level.</doc>
<status status="PASS" start="2024-06-25T20:15:19.952128" elapsed="0.000561"/>
</kw>
<status status="PASS" start="2024-06-25T20:15:19.876602" elapsed="0.076380"/>
</kw>
<doc>Testa se os tipos de dados na resposta da API estão corretos.</doc>
<tag>testeTiposDados</tag>
<status status="PASS" start="2024-06-25T20:15:19.768100" elapsed="0.185048"/>
</test>
<test id="s1-s1-t5" name="Validar conteudo" line="35">
<kw name="Teste de Tipos de Conteudo" owner="random-user-service">
<kw name="GET On Session" owner="RequestsLibrary">
<msg time="2024-06-25T20:15:20.040874" level="INFO">GET Request : url=https://randomuser.me/api 
 path_url=/api 
 headers={'User-Agent': 'python-requests/2.32.3', 'Accept-Encoding': 'gzip, deflate', 'Accept': '*/*', 'Connection': 'keep-alive'} 
 body=None 
 </msg>
<msg time="2024-06-25T20:15:20.040969" level="INFO">GET Response : url=https://randomuser.me/api 
 status=200, reason=OK 
 headers={'Date': 'Tue, 25 Jun 2024 20:15:20 GMT', 'Content-Type': 'application/json; charset=utf-8', 'Transfer-Encoding': 'chunked', 'Connection': 'keep-alive', 'X-Powered-By': 'Express', 'Access-Control-Allow-Origin': '*', 'Cache-Control': 'no-cache', 'ETag': 'W/"4b8-OtfcMG8gofuwMJZARpPUOgcJxGg"', 'Vary': 'Accept-Encoding', 'Content-Encoding': 'gzip', 'CF-Cache-Status': 'DYNAMIC', 'Report-To': '{"endpoints":[{"url":"https:\\/\\/a.nel.cloudflare.com\\/report\\/v4?s=9ICSgoVv5EbqeaDm840GJNUSuFf8fYiy4xOCUojL4j31VTzmcSGZWpdTtw%2By1OBwoPs7S8QwDc1unQ7V1HiOtIEaIr%2FAr6E7J4Nph6XAZ7NUKcKbE8IqsGbVnVRFgAE3"}],"group":"cf-nel","max_age":604800}', 'NEL': '{"success_fraction":0,"report_to":"cf-nel","max_age":604800}', 'Server': 'cloudflare', 'CF-RAY': '8997a105cb9e3b42-IAD', 'alt-svc': 'h3=":443"; ma=86400'} 
 body={"results":[{"gender":"male","name":{"title":"Mr","first":"Andrés","last":"Riojas"},"location":{"street":{"number":9238,"name":"Ampliación Norte Vásquez"},"city":"General  Chávez Talamantes","state":"Durango","country":"Mexico","postcode":27388,"coordinates":{"latitude":"29.1565","longitude":"-20.3796"},"timezone":{"offset":"+10:00","description":"Eastern Australia, Guam, Vladivostok"}},"email":"andres.riojas@example.com","login":{"uuid":"1cee0443-38f8-4dbd-9cf3-3377157a0a50","username":"whiteelephant297","password":"shaman","salt":"oH8GYS2K","md5":"502d1df8ad1c35d91b9beb28254df6f8","sha1":"e533242be98c292e126d8659108c2fb649307acd","sha256":"41f2978ff3268e229b97a7712580d8165dd11534c0707f1c18a2d6ac8772b2a0"},"dob":{"date":"1957-01-21T01:23:59.412Z","age":67},"registered":{"date":"2011-04-29T00:54:09.504Z","age":13},"phone":"(613) 460 6302","cell":"(653) 108 9897","id":{"name":"NSS","value":"89 74 47 4050 7"},"picture":{"large":"https://randomuser.me/api/portraits/men/45.jpg","medium":"https://randomuser.me/api/portraits/med/men/45.jpg","thumbnail":"https://randomuser.me/api/portraits/thumb/men/45.jpg"},"nat":"MX"}],"info":{"seed":"c848789b73581108","results":1,"page":1,"version":"1.4"}} 
 </msg>
<msg time="2024-06-25T20:15:20.041045" level="INFO">/opt/hostedtoolcache/Python/3.12.4/x64/lib/python3.12/site-packages/urllib3/connectionpool.py:1099: InsecureRequestWarning: Unverified HTTPS request is being made to host 'randomuser.me'. Adding certificate verification is strongly advised. See: https://urllib3.readthedocs.io/en/latest/advanced-usage.html#tls-warnings
  warnings.warn(</msg>
<msg time="2024-06-25T20:15:20.041168" level="INFO">${response} = &lt;Response [200]&gt;</msg>
<var>${response}</var>
<arg>consultarAPI</arg>
<arg>/api</arg>
<doc>Sends a GET request on a previously created HTTP Session.</doc>
<status status="PASS" start="2024-06-25T20:15:19.956030" elapsed="0.085187"/>
</kw>
<kw name="Set Variable" owner="BuiltIn">
<msg time="2024-06-25T20:15:20.042371" level="INFO">${json_data} = {'results': [{'gender': 'male', 'name': {'title': 'Mr', 'first': 'Andrés', 'last': 'Riojas'}, 'location': {'street': {'number': 9238, 'name': 'Ampliación Norte Vásquez'}, 'city': 'General  Chávez Tala...</msg>
<var>${json_data}</var>
<arg>${response.json()}</arg>
<doc>Returns the given values which can then be assigned to a variables.</doc>
<status status="PASS" start="2024-06-25T20:15:20.041787" elapsed="0.000615"/>
</kw>
<kw name="Set Variable" owner="BuiltIn">
<msg time="2024-06-25T20:15:20.043093" level="INFO">${name_title} = Mr</msg>
<var>${name_title}</var>
<arg>${json_data["results"][0]["name"]["title"]}</arg>
<doc>Returns the given values which can then be assigned to a variables.</doc>
<status status="PASS" start="2024-06-25T20:15:20.042709" elapsed="0.000410"/>
</kw>
<kw name="Create List" owner="BuiltIn">
<msg time="2024-06-25T20:15:20.043572" level="INFO">${allowed_titles} = ['Mr', 'Ms', 'Miss', 'Mrs', 'Madame', 'Monsieur']</msg>
<var>${allowed_titles}</var>
<arg>Mr</arg>
<arg>Ms</arg>
<arg>Miss</arg>
<arg>Mrs</arg>
<arg>Madame</arg>
<arg>Monsieur</arg>
<doc>Returns a list containing given items.</doc>
<status status="PASS" start="2024-06-25T20:15:20.043421" elapsed="0.000176"/>
</kw>
<kw name="List Should Contain Value" owner="Collections">
<arg>${allowed_titles}</arg>
<arg>${name_title}</arg>
<doc>Fails if the ``value`` is not found from ``list``.</doc>
<status status="PASS" start="2024-06-25T20:15:20.043903" elapsed="0.000183"/>
</kw>
<kw name="Set Variable" owner="BuiltIn">
<msg time="2024-06-25T20:15:20.044630" level="INFO">${name_country} = MX</msg>
<var>${name_country}</var>
<arg>${json_data["results"][0]["nat"]}</arg>
<doc>Returns the given values which can then be assigned to a variables.</doc>
<status status="PASS" start="2024-06-25T20:15:20.044263" elapsed="0.000392"/>
</kw>
<kw name="Create List" owner="BuiltIn">
<msg time="2024-06-25T20:15:20.045551" level="INFO">${list_country} = ['AD', 'AE', 'AF', 'AG', 'AI', 'AL', 'AM', 'AO', 'AQ', 'AR', 'AS', 'AT', 'AU', 'AW', 'AX', 'AZ', 'BA', 'BB', 'BD', 'BE', 'BF', 'BG', 'BH', 'BI', 'BJ', 'BL', 'BM', 'BN', 'BO', 'BQ', 'BR', 'BS', 'BT', '...</msg>
<var>${list_country}</var>
<arg>AD</arg>
<arg>AE</arg>
<arg>AF</arg>
<arg>AG</arg>
<arg>AI</arg>
<arg>AL</arg>
<arg>AM</arg>
<arg>AO</arg>
<arg>AQ</arg>
<arg>AR</arg>
<arg>AS</arg>
<arg>AT</arg>
<arg>AU</arg>
<arg>AW</arg>
<arg>AX</arg>
<arg>AZ</arg>
<arg>BA</arg>
<arg>BB</arg>
<arg>BD</arg>
<arg>BE</arg>
<arg>BF</arg>
<arg>BG</arg>
<arg>BH</arg>
<arg>BI</arg>
<arg>BJ</arg>
<arg>BL</arg>
<arg>BM</arg>
<arg>BN</arg>
<arg>BO</arg>
<arg>BQ</arg>
<arg>BR</arg>
<arg>BS</arg>
<arg>BT</arg>
<arg>BV</arg>
<arg>BW</arg>
<arg>BY</arg>
<arg>BZ</arg>
<arg>CA</arg>
<arg>CC</arg>
<arg>CD</arg>
<arg>CF</arg>
<arg>CG</arg>
<arg>CH</arg>
<arg>CI</arg>
<arg>CK</arg>
<arg>CL</arg>
<arg>CM</arg>
<arg>CN</arg>
<arg>CO</arg>
<arg>CR</arg>
<arg>CU</arg>
<arg>CV</arg>
<arg>CW</arg>
<arg>CX</arg>
<arg>CY</arg>
<arg>CZ</arg>
<arg>DE</arg>
<arg>DJ</arg>
<arg>DK</arg>
<arg>DM</arg>
<arg>DO</arg>
<arg>DZ</arg>
<arg>EC</arg>
<arg>EE</arg>
<arg>EG</arg>
<arg>EH</arg>
<arg>ER</arg>
<arg>ES</arg>
<arg>ET</arg>
<arg>FI</arg>
<arg>FJ</arg>
<arg>FK</arg>
<arg>FM</arg>
<arg>FO</arg>
<arg>FR</arg>
<arg>GA</arg>
<arg>GB</arg>
<arg>GD</arg>
<arg>GE</arg>
<arg>GF</arg>
<arg>GG</arg>
<arg>GH</arg>
<arg>GI</arg>
<arg>GL</arg>
<arg>GM</arg>
<arg>GN</arg>
<arg>GP</arg>
<arg>GQ</arg>
<arg>GR</arg>
<arg>GS</arg>
<arg>GT</arg>
<arg>GU</arg>
<arg>GW</arg>
<arg>GY</arg>
<arg>HK</arg>
<arg>HM</arg>
<arg>HN</arg>
<arg>HR</arg>
<arg>HT</arg>
<arg>HU</arg>
<arg>ID</arg>
<arg>IE</arg>
<arg>IL</arg>
<arg>IM</arg>
<arg>IN</arg>
<arg>IO</arg>
<arg>IQ</arg>
<arg>IR</arg>
<arg>IS</arg>
<arg>IT</arg>
<arg>JE</arg>
<arg>JM</arg>
<arg>JO</arg>
<arg>JP</arg>
<arg>KE</arg>
<arg>KG</arg>
<arg>KH</arg>
<arg>KI</arg>
<arg>KM</arg>
<arg>KN</arg>
<arg>KP</arg>
<arg>KR</arg>
<arg>KW</arg>
<arg>KY</arg>
<arg>KZ</arg>
<arg>LA</arg>
<arg>LB</arg>
<arg>LC</arg>
<arg>LI</arg>
<arg>LK</arg>
<arg>LR</arg>
<arg>LS</arg>
<arg>LT</arg>
<arg>LU</arg>
<arg>LV</arg>
<arg>LY</arg>
<arg>MA</arg>
<arg>MC</arg>
<arg>MD</arg>
<arg>ME</arg>
<arg>MF</arg>
<arg>MG</arg>
<arg>MH</arg>
<arg>MK</arg>
<arg>ML</arg>
<arg>MM</arg>
<arg>MN</arg>
<arg>MO</arg>
<arg>MP</arg>
<arg>MQ</arg>
<arg>MR</arg>
<arg>MS</arg>
<arg>MT</arg>
<arg>MU</arg>
<arg>MV</arg>
<arg>MW</arg>
<arg>MX</arg>
<arg>MY</arg>
<arg>MZ</arg>
<arg>NA</arg>
<arg>NC</arg>
<arg>NE</arg>
<arg>NF</arg>
<arg>NG</arg>
<arg>NI</arg>
<arg>NL</arg>
<arg>NO</arg>
<arg>NP</arg>
<arg>NR</arg>
<arg>NU</arg>
<arg>NZ</arg>
<arg>OM</arg>
<arg>PA</arg>
<arg>PE</arg>
<arg>PF</arg>
<arg>PG</arg>
<arg>PH</arg>
<arg>PK</arg>
<arg>PL</arg>
<arg>PM</arg>
<arg>PN</arg>
<arg>PR</arg>
<arg>PS</arg>
<arg>PT</arg>
<arg>PW</arg>
<arg>PY</arg>
<arg>QA</arg>
<arg>RE</arg>
<arg>RO</arg>
<arg>RS</arg>
<arg>RU</arg>
<arg>RW</arg>
<arg>SA</arg>
<arg>SB</arg>
<arg>SC</arg>
<arg>SD</arg>
<arg>SE</arg>
<arg>SG</arg>
<arg>SH</arg>
<arg>SI</arg>
<arg>SJ</arg>
<arg>SK</arg>
<arg>SL</arg>
<arg>SM</arg>
<arg>SN</arg>
<arg>SO</arg>
<arg>SR</arg>
<arg>SS</arg>
<arg>ST</arg>
<arg>SV</arg>
<arg>SX</arg>
<arg>SY</arg>
<arg>SZ</arg>
<arg>TC</arg>
<arg>TD</arg>
<arg>TF</arg>
<arg>TG</arg>
<arg>TH</arg>
<arg>TJ</arg>
<arg>TK</arg>
<arg>TL</arg>
<arg>TM</arg>
<arg>TN</arg>
<arg>TO</arg>
<arg>TR</arg>
<arg>TT</arg>
<arg>TV</arg>
<arg>TW</arg>
<arg>TZ</arg>
<arg>UA</arg>
<arg>UG</arg>
<arg>UM</arg>
<arg>US</arg>
<arg>UY</arg>
<arg>UZ</arg>
<arg>VA</arg>
<arg>VC</arg>
<arg>VE</arg>
<arg>VG</arg>
<arg>VI</arg>
<arg>VN</arg>
<arg>VU</arg>
<arg>WF</arg>
<arg>WS</arg>
<arg>XK</arg>
<arg>YE</arg>
<arg>YT</arg>
<arg>ZA</arg>
<arg>ZM</arg>
<arg>ZW</arg>
<doc>Returns a list containing given items.</doc>
<status status="PASS" start="2024-06-25T20:15:20.044948" elapsed="0.000629"/>
</kw>
<kw name="List Should Contain Value" owner="Collections">
<arg>${list_country}</arg>
<arg>${name_country}</arg>
<doc>Fails if the ``value`` is not found from ``list``.</doc>
<status status="PASS" start="2024-06-25T20:15:20.046436" elapsed="0.000209"/>
</kw>
<kw name="Run Keyword If" owner="BuiltIn">
<kw name="Should Be True" owner="BuiltIn">
<arg>${True}</arg>
<doc>Fails if the given condition is not true.</doc>
<status status="PASS" start="2024-06-25T20:15:20.047597" elapsed="0.000143"/>
</kw>
<arg>${json_data["results"][0]["location"]["coordinates"]["latitude"]} &gt;= -90 and ${json_data["results"][0]["location"]["coordinates"]["latitude"]} &lt;= 90</arg>
<arg>Should Be True</arg>
<arg>${True}</arg>
<doc>Runs the given keyword with the given arguments, if ``condition`` is true.</doc>
<status status="PASS" start="2024-06-25T20:15:20.046842" elapsed="0.001023"/>
</kw>
<kw name="Run Keyword If" owner="BuiltIn">
<kw name="Should Be True" owner="BuiltIn">
<arg>${True}</arg>
<doc>Fails if the given condition is not true.</doc>
<status status="PASS" start="2024-06-25T20:15:20.048733" elapsed="0.000242"/>
</kw>
<arg>${json_data["results"][0]["location"]["coordinates"]["longitude"]} &gt;= -180 and ${json_data["results"][0]["location"]["coordinates"]["longitude"]} &lt;= 180</arg>
<arg>Should Be True</arg>
<arg>${True}</arg>
<doc>Runs the given keyword with the given arguments, if ``condition`` is true.</doc>
<status status="PASS" start="2024-06-25T20:15:20.048044" elapsed="0.001061"/>
</kw>
<status status="PASS" start="2024-06-25T20:15:19.955661" elapsed="0.093577"/>
</kw>
<doc>Testa o conteúdo específico dos campos retornados pela API.</doc>
<tag>testeConteudo</tag>
<status status="PASS" start="2024-06-25T20:15:19.954964" elapsed="0.094422"/>
</test>
<status status="PASS" start="2024-06-25T20:15:19.075148" elapsed="0.976218"/>
</suite>
<status status="PASS" start="2024-06-25T20:15:19.060723" elapsed="0.995815"/>
</suite>
<statistics>
<total>
<stat pass="5" fail="0" skip="0">All Tests</stat>
</total>
<tag>
<stat pass="1" fail="0" skip="0">testeConteudo</stat>
<stat pass="1" fail="0" skip="0">testeEstruturaResposta</stat>
<stat pass="1" fail="0" skip="0">testeRequisicaoBasica</stat>
<stat pass="1" fail="0" skip="0">testeTiposDados</stat>
</tag>
<suite>
<stat pass="5" fail="0" skip="0" id="s1" name="Tests">Tests</stat>
<stat pass="5" fail="0" skip="0" id="s1-s1" name="Random-User-Test">Tests.Random-User-Test</stat>
</suite>
</statistics>
<errors>
</errors>
</robot>
