<?xml version="1.0" encoding="UTF-8"?>
<robot generator="Robot 7.0 (Python 3.12.3 on linux)" generated="2024-04-19T11:11:56.956703" rpa="false" schemaversion="5">
<suite id="s1" name="Tests" source="/home/runner/work/DesafioQAItauRogerioJordao/DesafioQAItauRogerioJordao/RamdonUser/tests">
<suite id="s1-s1" name="Random-User-Test" source="/home/runner/work/DesafioQAItauRogerioJordao/DesafioQAItauRogerioJordao/RamdonUser/tests/random-user-test.robot">
<test id="s1-s1-t1" name="Conectar" line="13">
<kw name="Conectar API" owner="random-user-service">
<kw name="Create Session" owner="RequestsLibrary">
<msg time="2024-04-19T11:11:57.325202" level="INFO">Creating Session using : alias=consultarAPI, url=https://randomuser.me/, headers={},                     cookies={}, auth=None, timeout=None, proxies=None, verify=False,                     debug=0 </msg>
<arg>consultarAPI</arg>
<arg>${URL}</arg>
<doc>Create Session: create a HTTP session to a server</doc>
<status status="PASS" start="2024-04-19T11:11:57.325025" elapsed="0.000343"/>
</kw>
<status status="PASS" start="2024-04-19T11:11:57.324173" elapsed="0.001512"/>
</kw>
<status status="PASS" start="2024-04-19T11:11:57.323700" elapsed="0.002160"/>
</test>
<test id="s1-s1-t2" name="Validar retorno 200 e JSON Válido" line="16">
<kw name="Teste de Requisicao Basica" owner="random-user-service">
<kw name="GET On Session" owner="RequestsLibrary">
<msg time="2024-04-19T11:11:57.478527" level="INFO">GET Request : url=https://randomuser.me/api 
 path_url=/api 
 headers={'User-Agent': 'python-requests/2.31.0', 'Accept-Encoding': 'gzip, deflate', 'Accept': '*/*', 'Connection': 'keep-alive'} 
 body=None 
 </msg>
<msg time="2024-04-19T11:11:57.478665" level="INFO">GET Response : url=https://randomuser.me/api 
 status=200, reason=OK 
 headers={'Date': 'Fri, 19 Apr 2024 11:11:57 GMT', 'Content-Type': 'application/json; charset=utf-8', 'Transfer-Encoding': 'chunked', 'Connection': 'keep-alive', 'X-Powered-By': 'Express', 'Access-Control-Allow-Origin': '*', 'Cache-Control': 'no-cache', 'ETag': 'W/"47f-TTIzaRxve1BjsTCjbdsMzsG1eNM"', 'Vary': 'Accept-Encoding', 'Content-Encoding': 'gzip', 'CF-Cache-Status': 'DYNAMIC', 'Report-To': '{"endpoints":[{"url":"https:\\/\\/a.nel.cloudflare.com\\/report\\/v4?s=SJpb841wS6TSoLkkJsAIHFTU113IUen46XhqP6EwnwYzNQOL7hphHgEMrDsuRe3r5mAGQFy0pzMxJFUAmFaaF8pUcu3s9rbNIzX8KXlHUgUtTl39nCOBE1uEeM2ZAewL"}],"group":"cf-nel","max_age":604800}', 'NEL': '{"success_fraction":0,"report_to":"cf-nel","max_age":604800}', 'Server': 'cloudflare', 'CF-RAY': '876c74efaecb293b-LAX', 'alt-svc': 'h3=":443"; ma=86400'} 
 body={"results":[{"gender":"male","name":{"title":"Mr","first":"Lenni","last":"Polon"},"location":{"street":{"number":4009,"name":"Korkeavuorenkatu"},"city":"Simo","state":"Pirkanmaa","country":"Finland","postcode":20845,"coordinates":{"latitude":"-25.8508","longitude":"-163.6561"},"timezone":{"offset":"-12:00","description":"Eniwetok, Kwajalein"}},"email":"lenni.polon@example.com","login":{"uuid":"8b065c81-8dfd-4780-904d-c15b20ce6555","username":"brownsnake830","password":"1957","salt":"IZ01CIaZ","md5":"0da731525b0e52f5f792f68c16d34d9c","sha1":"33509627103cd22b3aa267c4d952c0f577516eec","sha256":"6e42d83d23b349ccb1660cbcd3cb29e8778604bbe37bf732acdb4fd4b5892a6d"},"dob":{"date":"1949-07-18T04:54:35.140Z","age":74},"registered":{"date":"2009-08-07T03:54:38.924Z","age":14},"phone":"03-079-433","cell":"043-852-09-48","id":{"name":"HETU","value":"NaNNA287undefined"},"picture":{"large":"https://randomuser.me/api/portraits/men/72.jpg","medium":"https://randomuser.me/api/portraits/med/men/72.jpg","thumbnail":"https://randomuser.me/api/portraits/thumb/men/72.jpg"},"nat":"FI"}],"info":{"seed":"4e5c0597924d29a8","results":1,"page":1,"version":"1.4"}} 
 </msg>
<msg time="2024-04-19T11:11:57.478739" level="INFO">/opt/hostedtoolcache/Python/3.12.3/x64/lib/python3.12/site-packages/urllib3/connectionpool.py:1103: InsecureRequestWarning: Unverified HTTPS request is being made to host 'randomuser.me'. Adding certificate verification is strongly advised. See: https://urllib3.readthedocs.io/en/latest/advanced-usage.html#tls-warnings
  warnings.warn(</msg>
<msg time="2024-04-19T11:11:57.478882" level="INFO">${response} = &lt;Response [200]&gt;</msg>
<var>${response}</var>
<arg>consultarAPI</arg>
<arg>/api</arg>
<doc>Sends a GET request on a previously created HTTP Session.</doc>
<status status="PASS" start="2024-04-19T11:11:57.328245" elapsed="0.150675"/>
</kw>
<kw name="Should Be Equal As Numbers" owner="BuiltIn">
<msg time="2024-04-19T11:11:57.479707" level="INFO">Argument types are:
&lt;class 'int'&gt;
&lt;class 'str'&gt;</msg>
<arg>${response.status_code}</arg>
<arg>200</arg>
<doc>Fails if objects are unequal after converting them to real numbers.</doc>
<status status="PASS" start="2024-04-19T11:11:57.479323" elapsed="0.000442"/>
</kw>
<kw name="Log" owner="BuiltIn">
<msg time="2024-04-19T11:11:57.480421" level="INFO">200</msg>
<arg>${response.status_code}</arg>
<doc>Logs the given message with the given level.</doc>
<status status="PASS" start="2024-04-19T11:11:57.480095" elapsed="0.000375"/>
</kw>
<kw name="Set Variable" owner="BuiltIn">
<msg time="2024-04-19T11:11:57.481222" level="INFO">${json_data} = {'results': [{'gender': 'male', 'name': {'title': 'Mr', 'first': 'Lenni', 'last': 'Polon'}, 'location': {'street': {'number': 4009, 'name': 'Korkeavuorenkatu'}, 'city': 'Simo', 'state': 'Pirkanmaa', '...</msg>
<var>${json_data}</var>
<arg>${response.json()}</arg>
<doc>Returns the given values which can then be assigned to a variables.</doc>
<status status="PASS" start="2024-04-19T11:11:57.480773" elapsed="0.000477"/>
</kw>
<kw name="Dictionary Should Contain Key" owner="Collections">
<msg time="2024-04-19T11:11:57.481711" level="INFO">False</msg>
<arg>${json_data}</arg>
<arg>results</arg>
<doc>Fails if ``key`` is not found from ``dictionary``.</doc>
<status status="PASS" start="2024-04-19T11:11:57.481548" elapsed="0.000202"/>
</kw>
<status status="PASS" start="2024-04-19T11:11:57.328019" elapsed="0.153984"/>
</kw>
<doc>Testa se a API responde corretamente e retorna um objeto JSON válido.</doc>
<tag>testeRequisicaoBasica</tag>
<status status="PASS" start="2024-04-19T11:11:57.327596" elapsed="0.154581"/>
</test>
<test id="s1-s1-t3" name="Validar estrutura de resposta" line="22">
<kw name="Teste de Estrutura de Resposta" owner="random-user-service">
<kw name="GET On Session" owner="RequestsLibrary">
<msg time="2024-04-19T11:11:57.592866" level="INFO">GET Request : url=https://randomuser.me/api 
 path_url=/api 
 headers={'User-Agent': 'python-requests/2.31.0', 'Accept-Encoding': 'gzip, deflate', 'Accept': '*/*', 'Connection': 'keep-alive'} 
 body=None 
 </msg>
<msg time="2024-04-19T11:11:57.592931" level="INFO">GET Response : url=https://randomuser.me/api 
 status=200, reason=OK 
 headers={'Date': 'Fri, 19 Apr 2024 11:11:57 GMT', 'Content-Type': 'application/json; charset=utf-8', 'Transfer-Encoding': 'chunked', 'Connection': 'keep-alive', 'X-Powered-By': 'Express', 'Access-Control-Allow-Origin': '*', 'Cache-Control': 'no-cache', 'ETag': 'W/"469-Li4HSbDdrgrkX/OsH42WoSUTR9E"', 'Vary': 'Accept-Encoding', 'Content-Encoding': 'gzip', 'CF-Cache-Status': 'DYNAMIC', 'Report-To': '{"endpoints":[{"url":"https:\\/\\/a.nel.cloudflare.com\\/report\\/v4?s=5mFdGp9LOXkrGRFwg1sdfV%2FfjrUkhNC5zgSaDKRrOe3G%2F9M37FG2YdILSJRdNYvJiPrDE7gsVhjFddBs9NEMXXfXlgS8ZafvqABQoHbvC3TXKLTWCMcEtDRMtV0Jd7Iq"}],"group":"cf-nel","max_age":604800}', 'NEL': '{"success_fraction":0,"report_to":"cf-nel","max_age":604800}', 'Server': 'cloudflare', 'CF-RAY': '876c74f04f65293b-LAX', 'alt-svc': 'h3=":443"; ma=86400'} 
 body={"results":[{"gender":"male","name":{"title":"Mr","first":"Charlie","last":"Wood"},"location":{"street":{"number":9163,"name":"Deans Avenue"},"city":"Invercargill","state":"Nelson","country":"New Zealand","postcode":28443,"coordinates":{"latitude":"52.1679","longitude":"-91.2560"},"timezone":{"offset":"+3:30","description":"Tehran"}},"email":"charlie.wood@example.com","login":{"uuid":"3e9e3573-be20-4c15-84d4-fefa999d7397","username":"ticklishfish958","password":"doug","salt":"S6kbWfwc","md5":"99e3a3f9033f4e668ed6d5039f4aebc7","sha1":"02ddb3778238b60368eb9352dfc6892a005e0827","sha256":"24b2fd4ed1fa56f2d4ab3dbb7bb2a23542a10839d6230c2080a5e7eb21ea3759"},"dob":{"date":"1996-12-01T10:56:08.784Z","age":27},"registered":{"date":"2021-10-18T23:50:02.447Z","age":2},"phone":"(566)-842-6436","cell":"(232)-626-0700","id":{"name":"","value":null},"picture":{"large":"https://randomuser.me/api/portraits/men/65.jpg","medium":"https://randomuser.me/api/portraits/med/men/65.jpg","thumbnail":"https://randomuser.me/api/portraits/thumb/men/65.jpg"},"nat":"NZ"}],"info":{"seed":"9ad357cd6b719755","results":1,"page":1,"version":"1.4"}} 
 </msg>
<msg time="2024-04-19T11:11:57.593021" level="INFO">/opt/hostedtoolcache/Python/3.12.3/x64/lib/python3.12/site-packages/urllib3/connectionpool.py:1103: InsecureRequestWarning: Unverified HTTPS request is being made to host 'randomuser.me'. Adding certificate verification is strongly advised. See: https://urllib3.readthedocs.io/en/latest/advanced-usage.html#tls-warnings
  warnings.warn(</msg>
<msg time="2024-04-19T11:11:57.593131" level="INFO">${response} = &lt;Response [200]&gt;</msg>
<var>${response}</var>
<arg>consultarAPI</arg>
<arg>/api</arg>
<doc>Sends a GET request on a previously created HTTP Session.</doc>
<status status="PASS" start="2024-04-19T11:11:57.484875" elapsed="0.108296"/>
</kw>
<kw name="Set Variable" owner="BuiltIn">
<msg time="2024-04-19T11:11:57.593998" level="INFO">${json_data} = {'results': [{'gender': 'male', 'name': {'title': 'Mr', 'first': 'Charlie', 'last': 'Wood'}, 'location': {'street': {'number': 9163, 'name': 'Deans Avenue'}, 'city': 'Invercargill', 'state': 'Nelson',...</msg>
<var>${json_data}</var>
<arg>${response.json()}</arg>
<doc>Returns the given values which can then be assigned to a variables.</doc>
<status status="PASS" start="2024-04-19T11:11:57.593549" elapsed="0.000476"/>
</kw>
<kw name="Log" owner="BuiltIn">
<msg time="2024-04-19T11:11:57.594480" level="INFO">{'results': [{'gender': 'male', 'name': {'title': 'Mr', 'first': 'Charlie', 'last': 'Wood'}, 'location': {'street': {'number': 9163, 'name': 'Deans Avenue'}, 'city': 'Invercargill', 'state': 'Nelson', 'country': 'New Zealand', 'postcode': 28443, 'coordinates': {'latitude': '52.1679', 'longitude': '-91.2560'}, 'timezone': {'offset': '+3:30', 'description': 'Tehran'}}, 'email': 'charlie.wood@example.com', 'login': {'uuid': '3e9e3573-be20-4c15-84d4-fefa999d7397', 'username': 'ticklishfish958', 'password': 'doug', 'salt': 'S6kbWfwc', 'md5': '99e3a3f9033f4e668ed6d5039f4aebc7', 'sha1': '02ddb3778238b60368eb9352dfc6892a005e0827', 'sha256': '24b2fd4ed1fa56f2d4ab3dbb7bb2a23542a10839d6230c2080a5e7eb21ea3759'}, 'dob': {'date': '1996-12-01T10:56:08.784Z', 'age': 27}, 'registered': {'date': '2021-10-18T23:50:02.447Z', 'age': 2}, 'phone': '(566)-842-6436', 'cell': '(232)-626-0700', 'id': {'name': '', 'value': None}, 'picture': {'large': 'https://randomuser.me/api/portraits/men/65.jpg', 'medium': 'https://randomuser.me/api/portraits/med/men/65.jpg', 'thumbnail': 'https://randomuser.me/api/portraits/thumb/men/65.jpg'}, 'nat': 'NZ'}], 'info': {'seed': '9ad357cd6b719755', 'results': 1, 'page': 1, 'version': '1.4'}}</msg>
<arg>${json_data}</arg>
<doc>Logs the given message with the given level.</doc>
<status status="PASS" start="2024-04-19T11:11:57.594327" elapsed="0.000201"/>
</kw>
<kw name="Dictionary Should Contain Key" owner="Collections">
<msg time="2024-04-19T11:11:57.595021" level="INFO">False</msg>
<arg>${json_data}</arg>
<arg>results</arg>
<doc>Fails if ``key`` is not found from ``dictionary``.</doc>
<status status="PASS" start="2024-04-19T11:11:57.594861" elapsed="0.000198"/>
</kw>
<kw name="Should Not Be Empty" owner="BuiltIn">
<msg time="2024-04-19T11:11:57.595481" level="INFO">Length is 2.</msg>
<arg>${json_data}</arg>
<doc>Verifies that the given item is not empty.</doc>
<status status="PASS" start="2024-04-19T11:11:57.595351" elapsed="0.000168"/>
</kw>
<kw name="Create List" owner="BuiltIn">
<msg time="2024-04-19T11:11:57.596076" level="INFO">${expected_keys} = ['gender', 'name', 'location', 'email', 'login']</msg>
<var>${expected_keys}</var>
<arg>gender</arg>
<arg>name</arg>
<arg>location</arg>
<arg>email</arg>
<arg>login</arg>
<doc>Returns a list containing given items.</doc>
<status status="PASS" start="2024-04-19T11:11:57.595804" elapsed="0.000296"/>
</kw>
<for flavor="IN">
<iter>
<kw name="Dictionary Should Contain Key" owner="Collections">
<msg time="2024-04-19T11:11:57.597063" level="INFO">False</msg>
<arg>${json_data['results'][0]}</arg>
<arg>${key}</arg>
<doc>Fails if ``key`` is not found from ``dictionary``.</doc>
<status status="PASS" start="2024-04-19T11:11:57.596662" elapsed="0.000439"/>
</kw>
<kw name="Log" owner="BuiltIn">
<msg time="2024-04-19T11:11:57.597759" level="INFO">{'gender': 'male', 'name': {'title': 'Mr', 'first': 'Charlie', 'last': 'Wood'}, 'location': {'street': {'number': 9163, 'name': 'Deans Avenue'}, 'city': 'Invercargill', 'state': 'Nelson', 'country': 'New Zealand', 'postcode': 28443, 'coordinates': {'latitude': '52.1679', 'longitude': '-91.2560'}, 'timezone': {'offset': '+3:30', 'description': 'Tehran'}}, 'email': 'charlie.wood@example.com', 'login': {'uuid': '3e9e3573-be20-4c15-84d4-fefa999d7397', 'username': 'ticklishfish958', 'password': 'doug', 'salt': 'S6kbWfwc', 'md5': '99e3a3f9033f4e668ed6d5039f4aebc7', 'sha1': '02ddb3778238b60368eb9352dfc6892a005e0827', 'sha256': '24b2fd4ed1fa56f2d4ab3dbb7bb2a23542a10839d6230c2080a5e7eb21ea3759'}, 'dob': {'date': '1996-12-01T10:56:08.784Z', 'age': 27}, 'registered': {'date': '2021-10-18T23:50:02.447Z', 'age': 2}, 'phone': '(566)-842-6436', 'cell': '(232)-626-0700', 'id': {'name': '', 'value': None}, 'picture': {'large': 'https://randomuser.me/api/portraits/men/65.jpg', 'medium': 'https://randomuser.me/api/portraits/med/men/65.jpg', 'thumbnail': 'https://randomuser.me/api/portraits/thumb/men/65.jpg'}, 'nat': 'NZ'}</msg>
<arg>${json_data['results'][0]}</arg>
<doc>Logs the given message with the given level.</doc>
<status status="PASS" start="2024-04-19T11:11:57.597397" elapsed="0.000411"/>
</kw>
<kw name="Log" owner="BuiltIn">
<msg time="2024-04-19T11:11:57.598240" level="INFO">gender</msg>
<arg>${key}</arg>
<doc>Logs the given message with the given level.</doc>
<status status="PASS" start="2024-04-19T11:11:57.598113" elapsed="0.000165"/>
</kw>
<var name="${key}">gender</var>
<status status="PASS" start="2024-04-19T11:11:57.596539" elapsed="0.001953"/>
</iter>
<iter>
<kw name="Dictionary Should Contain Key" owner="Collections">
<msg time="2024-04-19T11:11:57.599228" level="INFO">False</msg>
<arg>${json_data['results'][0]}</arg>
<arg>${key}</arg>
<doc>Fails if ``key`` is not found from ``dictionary``.</doc>
<status status="PASS" start="2024-04-19T11:11:57.598792" elapsed="0.000473"/>
</kw>
<kw name="Log" owner="BuiltIn">
<msg time="2024-04-19T11:11:57.599964" level="INFO">{'gender': 'male', 'name': {'title': 'Mr', 'first': 'Charlie', 'last': 'Wood'}, 'location': {'street': {'number': 9163, 'name': 'Deans Avenue'}, 'city': 'Invercargill', 'state': 'Nelson', 'country': 'New Zealand', 'postcode': 28443, 'coordinates': {'latitude': '52.1679', 'longitude': '-91.2560'}, 'timezone': {'offset': '+3:30', 'description': 'Tehran'}}, 'email': 'charlie.wood@example.com', 'login': {'uuid': '3e9e3573-be20-4c15-84d4-fefa999d7397', 'username': 'ticklishfish958', 'password': 'doug', 'salt': 'S6kbWfwc', 'md5': '99e3a3f9033f4e668ed6d5039f4aebc7', 'sha1': '02ddb3778238b60368eb9352dfc6892a005e0827', 'sha256': '24b2fd4ed1fa56f2d4ab3dbb7bb2a23542a10839d6230c2080a5e7eb21ea3759'}, 'dob': {'date': '1996-12-01T10:56:08.784Z', 'age': 27}, 'registered': {'date': '2021-10-18T23:50:02.447Z', 'age': 2}, 'phone': '(566)-842-6436', 'cell': '(232)-626-0700', 'id': {'name': '', 'value': None}, 'picture': {'large': 'https://randomuser.me/api/portraits/men/65.jpg', 'medium': 'https://randomuser.me/api/portraits/med/men/65.jpg', 'thumbnail': 'https://randomuser.me/api/portraits/thumb/men/65.jpg'}, 'nat': 'NZ'}</msg>
<arg>${json_data['results'][0]}</arg>
<doc>Logs the given message with the given level.</doc>
<status status="PASS" start="2024-04-19T11:11:57.599593" elapsed="0.000419"/>
</kw>
<kw name="Log" owner="BuiltIn">
<msg time="2024-04-19T11:11:57.600433" level="INFO">name</msg>
<arg>${key}</arg>
<doc>Logs the given message with the given level.</doc>
<status status="PASS" start="2024-04-19T11:11:57.600305" elapsed="0.000164"/>
</kw>
<var name="${key}">name</var>
<status status="PASS" start="2024-04-19T11:11:57.598677" elapsed="0.002004"/>
</iter>
<iter>
<kw name="Dictionary Should Contain Key" owner="Collections">
<msg time="2024-04-19T11:11:57.601363" level="INFO">False</msg>
<arg>${json_data['results'][0]}</arg>
<arg>${key}</arg>
<doc>Fails if ``key`` is not found from ``dictionary``.</doc>
<status status="PASS" start="2024-04-19T11:11:57.600978" elapsed="0.000422"/>
</kw>
<kw name="Log" owner="BuiltIn">
<msg time="2024-04-19T11:11:57.602057" level="INFO">{'gender': 'male', 'name': {'title': 'Mr', 'first': 'Charlie', 'last': 'Wood'}, 'location': {'street': {'number': 9163, 'name': 'Deans Avenue'}, 'city': 'Invercargill', 'state': 'Nelson', 'country': 'New Zealand', 'postcode': 28443, 'coordinates': {'latitude': '52.1679', 'longitude': '-91.2560'}, 'timezone': {'offset': '+3:30', 'description': 'Tehran'}}, 'email': 'charlie.wood@example.com', 'login': {'uuid': '3e9e3573-be20-4c15-84d4-fefa999d7397', 'username': 'ticklishfish958', 'password': 'doug', 'salt': 'S6kbWfwc', 'md5': '99e3a3f9033f4e668ed6d5039f4aebc7', 'sha1': '02ddb3778238b60368eb9352dfc6892a005e0827', 'sha256': '24b2fd4ed1fa56f2d4ab3dbb7bb2a23542a10839d6230c2080a5e7eb21ea3759'}, 'dob': {'date': '1996-12-01T10:56:08.784Z', 'age': 27}, 'registered': {'date': '2021-10-18T23:50:02.447Z', 'age': 2}, 'phone': '(566)-842-6436', 'cell': '(232)-626-0700', 'id': {'name': '', 'value': None}, 'picture': {'large': 'https://randomuser.me/api/portraits/men/65.jpg', 'medium': 'https://randomuser.me/api/portraits/med/men/65.jpg', 'thumbnail': 'https://randomuser.me/api/portraits/thumb/men/65.jpg'}, 'nat': 'NZ'}</msg>
<arg>${json_data['results'][0]}</arg>
<doc>Logs the given message with the given level.</doc>
<status status="PASS" start="2024-04-19T11:11:57.601699" elapsed="0.000405"/>
</kw>
<kw name="Log" owner="BuiltIn">
<msg time="2024-04-19T11:11:57.602522" level="INFO">location</msg>
<arg>${key}</arg>
<doc>Logs the given message with the given level.</doc>
<status status="PASS" start="2024-04-19T11:11:57.602398" elapsed="0.000161"/>
</kw>
<var name="${key}">location</var>
<status status="PASS" start="2024-04-19T11:11:57.600866" elapsed="0.001902"/>
</iter>
<iter>
<kw name="Dictionary Should Contain Key" owner="Collections">
<msg time="2024-04-19T11:11:57.603465" level="INFO">False</msg>
<arg>${json_data['results'][0]}</arg>
<arg>${key}</arg>
<doc>Fails if ``key`` is not found from ``dictionary``.</doc>
<status status="PASS" start="2024-04-19T11:11:57.603083" elapsed="0.000419"/>
</kw>
<kw name="Log" owner="BuiltIn">
<msg time="2024-04-19T11:11:57.604166" level="INFO">{'gender': 'male', 'name': {'title': 'Mr', 'first': 'Charlie', 'last': 'Wood'}, 'location': {'street': {'number': 9163, 'name': 'Deans Avenue'}, 'city': 'Invercargill', 'state': 'Nelson', 'country': 'New Zealand', 'postcode': 28443, 'coordinates': {'latitude': '52.1679', 'longitude': '-91.2560'}, 'timezone': {'offset': '+3:30', 'description': 'Tehran'}}, 'email': 'charlie.wood@example.com', 'login': {'uuid': '3e9e3573-be20-4c15-84d4-fefa999d7397', 'username': 'ticklishfish958', 'password': 'doug', 'salt': 'S6kbWfwc', 'md5': '99e3a3f9033f4e668ed6d5039f4aebc7', 'sha1': '02ddb3778238b60368eb9352dfc6892a005e0827', 'sha256': '24b2fd4ed1fa56f2d4ab3dbb7bb2a23542a10839d6230c2080a5e7eb21ea3759'}, 'dob': {'date': '1996-12-01T10:56:08.784Z', 'age': 27}, 'registered': {'date': '2021-10-18T23:50:02.447Z', 'age': 2}, 'phone': '(566)-842-6436', 'cell': '(232)-626-0700', 'id': {'name': '', 'value': None}, 'picture': {'large': 'https://randomuser.me/api/portraits/men/65.jpg', 'medium': 'https://randomuser.me/api/portraits/med/men/65.jpg', 'thumbnail': 'https://randomuser.me/api/portraits/thumb/men/65.jpg'}, 'nat': 'NZ'}</msg>
<arg>${json_data['results'][0]}</arg>
<doc>Logs the given message with the given level.</doc>
<status status="PASS" start="2024-04-19T11:11:57.603799" elapsed="0.000416"/>
</kw>
<kw name="Log" owner="BuiltIn">
<msg time="2024-04-19T11:11:57.604631" level="INFO">email</msg>
<arg>${key}</arg>
<doc>Logs the given message with the given level.</doc>
<status status="PASS" start="2024-04-19T11:11:57.604506" elapsed="0.000163"/>
</kw>
<var name="${key}">email</var>
<status status="PASS" start="2024-04-19T11:11:57.602971" elapsed="0.001911"/>
</iter>
<iter>
<kw name="Dictionary Should Contain Key" owner="Collections">
<msg time="2024-04-19T11:11:57.605539" level="INFO">False</msg>
<arg>${json_data['results'][0]}</arg>
<arg>${key}</arg>
<doc>Fails if ``key`` is not found from ``dictionary``.</doc>
<status status="PASS" start="2024-04-19T11:11:57.605162" elapsed="0.000414"/>
</kw>
<kw name="Log" owner="BuiltIn">
<msg time="2024-04-19T11:11:57.606238" level="INFO">{'gender': 'male', 'name': {'title': 'Mr', 'first': 'Charlie', 'last': 'Wood'}, 'location': {'street': {'number': 9163, 'name': 'Deans Avenue'}, 'city': 'Invercargill', 'state': 'Nelson', 'country': 'New Zealand', 'postcode': 28443, 'coordinates': {'latitude': '52.1679', 'longitude': '-91.2560'}, 'timezone': {'offset': '+3:30', 'description': 'Tehran'}}, 'email': 'charlie.wood@example.com', 'login': {'uuid': '3e9e3573-be20-4c15-84d4-fefa999d7397', 'username': 'ticklishfish958', 'password': 'doug', 'salt': 'S6kbWfwc', 'md5': '99e3a3f9033f4e668ed6d5039f4aebc7', 'sha1': '02ddb3778238b60368eb9352dfc6892a005e0827', 'sha256': '24b2fd4ed1fa56f2d4ab3dbb7bb2a23542a10839d6230c2080a5e7eb21ea3759'}, 'dob': {'date': '1996-12-01T10:56:08.784Z', 'age': 27}, 'registered': {'date': '2021-10-18T23:50:02.447Z', 'age': 2}, 'phone': '(566)-842-6436', 'cell': '(232)-626-0700', 'id': {'name': '', 'value': None}, 'picture': {'large': 'https://randomuser.me/api/portraits/men/65.jpg', 'medium': 'https://randomuser.me/api/portraits/med/men/65.jpg', 'thumbnail': 'https://randomuser.me/api/portraits/thumb/men/65.jpg'}, 'nat': 'NZ'}</msg>
<arg>${json_data['results'][0]}</arg>
<doc>Logs the given message with the given level.</doc>
<status status="PASS" start="2024-04-19T11:11:57.605876" elapsed="0.000409"/>
</kw>
<kw name="Log" owner="BuiltIn">
<msg time="2024-04-19T11:11:57.606703" level="INFO">login</msg>
<arg>${key}</arg>
<doc>Logs the given message with the given level.</doc>
<status status="PASS" start="2024-04-19T11:11:57.606578" elapsed="0.000162"/>
</kw>
<var name="${key}">login</var>
<status status="PASS" start="2024-04-19T11:11:57.605052" elapsed="0.001939"/>
</iter>
<var>${key}</var>
<value>@{expected_keys}</value>
<status status="PASS" start="2024-04-19T11:11:57.596357" elapsed="0.010755"/>
</for>
<kw name="Create List" owner="BuiltIn">
<msg time="2024-04-19T11:11:57.607470" level="INFO">${expected_keysTwo} = ['username', 'password']</msg>
<var>${expected_keysTwo}</var>
<arg>username</arg>
<arg>password</arg>
<doc>Returns a list containing given items.</doc>
<status status="PASS" start="2024-04-19T11:11:57.607302" elapsed="0.000193"/>
</kw>
<for flavor="IN">
<iter>
<kw name="Dictionary Should Contain Key" owner="Collections">
<msg time="2024-04-19T11:11:57.608385" level="INFO">False</msg>
<arg>${json_data['results'][0]['login']}</arg>
<arg>${keyTwo}</arg>
<doc>Fails if ``key`` is not found from ``dictionary``.</doc>
<status status="PASS" start="2024-04-19T11:11:57.608003" elapsed="0.000419"/>
</kw>
<kw name="Dictionary Should Contain Key" owner="Collections">
<msg time="2024-04-19T11:11:57.609080" level="INFO">False</msg>
<arg>${json_data['results'][0]['login']}</arg>
<arg>${keyTwo}</arg>
<doc>Fails if ``key`` is not found from ``dictionary``.</doc>
<status status="PASS" start="2024-04-19T11:11:57.608713" elapsed="0.000401"/>
</kw>
<kw name="Log" owner="BuiltIn">
<msg time="2024-04-19T11:11:57.609535" level="INFO">username</msg>
<arg>${keyTwo}</arg>
<doc>Logs the given message with the given level.</doc>
<status status="PASS" start="2024-04-19T11:11:57.609398" elapsed="0.000179"/>
</kw>
<var name="${keyTwo}">username</var>
<status status="PASS" start="2024-04-19T11:11:57.607893" elapsed="0.001897"/>
</iter>
<iter>
<kw name="Dictionary Should Contain Key" owner="Collections">
<msg time="2024-04-19T11:11:57.610451" level="INFO">False</msg>
<arg>${json_data['results'][0]['login']}</arg>
<arg>${keyTwo}</arg>
<doc>Fails if ``key`` is not found from ``dictionary``.</doc>
<status status="PASS" start="2024-04-19T11:11:57.610070" elapsed="0.000422"/>
</kw>
<kw name="Dictionary Should Contain Key" owner="Collections">
<msg time="2024-04-19T11:11:57.611304" level="INFO">False</msg>
<arg>${json_data['results'][0]['login']}</arg>
<arg>${keyTwo}</arg>
<doc>Fails if ``key`` is not found from ``dictionary``.</doc>
<status status="PASS" start="2024-04-19T11:11:57.610835" elapsed="0.000509"/>
</kw>
<kw name="Log" owner="BuiltIn">
<msg time="2024-04-19T11:11:57.611766" level="INFO">password</msg>
<arg>${keyTwo}</arg>
<doc>Logs the given message with the given level.</doc>
<status status="PASS" start="2024-04-19T11:11:57.611638" elapsed="0.000165"/>
</kw>
<var name="${keyTwo}">password</var>
<status status="PASS" start="2024-04-19T11:11:57.609960" elapsed="0.002056"/>
</iter>
<var>${keyTwo}</var>
<value>@{expected_keysTwo}</value>
<status status="PASS" start="2024-04-19T11:11:57.607739" elapsed="0.004398"/>
</for>
<status status="PASS" start="2024-04-19T11:11:57.484652" elapsed="0.127622"/>
</kw>
<doc>Testa a estrutura da resposta da API.</doc>
<tag>testeEstruturaResposta</tag>
<status status="PASS" start="2024-04-19T11:11:57.484066" elapsed="0.128355"/>
</test>
<test id="s1-s1-t4" name="Validar tipos de dados" line="28">
<kw name="Teste de Tipos de Dados" owner="random-user-service">
<kw name="GET On Session" owner="RequestsLibrary">
<msg time="2024-04-19T11:11:57.716608" level="INFO">GET Request : url=https://randomuser.me/api 
 path_url=/api 
 headers={'User-Agent': 'python-requests/2.31.0', 'Accept-Encoding': 'gzip, deflate', 'Accept': '*/*', 'Connection': 'keep-alive'} 
 body=None 
 </msg>
<msg time="2024-04-19T11:11:57.716681" level="INFO">GET Response : url=https://randomuser.me/api 
 status=200, reason=OK 
 headers={'Date': 'Fri, 19 Apr 2024 11:11:57 GMT', 'Content-Type': 'application/json; charset=utf-8', 'Transfer-Encoding': 'chunked', 'Connection': 'keep-alive', 'X-Powered-By': 'Express', 'Access-Control-Allow-Origin': '*', 'Cache-Control': 'no-cache', 'ETag': 'W/"48d-RS72Smjapag1d9hZiheM2E2pImU"', 'Vary': 'Accept-Encoding', 'Content-Encoding': 'gzip', 'CF-Cache-Status': 'DYNAMIC', 'Report-To': '{"endpoints":[{"url":"https:\\/\\/a.nel.cloudflare.com\\/report\\/v4?s=IUhUd3%2Fi6RrazO%2FkO86a5pkis3p8Hgg5zNFsRYayCGRXnMqlqoXmIj7OcciBxuS96iFyr2pFc47Y6AitIDxAVDHCBIDFwDAXznW666%2BWi9Z6CU5eziOyZE5Awr2Ykbem"}],"group":"cf-nel","max_age":604800}', 'NEL': '{"success_fraction":0,"report_to":"cf-nel","max_age":604800}', 'Server': 'cloudflare', 'CF-RAY': '876c74f11feb293b-LAX', 'alt-svc': 'h3=":443"; ma=86400'} 
 body={"results":[{"gender":"male","name":{"title":"Mr","first":"Dominic","last":"Grewal"},"location":{"street":{"number":6390,"name":"3rd St"},"city":"Port Elgin","state":"Nova Scotia","country":"Canada","postcode":"T4A 6V8","coordinates":{"latitude":"-70.0287","longitude":"-145.2036"},"timezone":{"offset":"+4:00","description":"Abu Dhabi, Muscat, Baku, Tbilisi"}},"email":"dominic.grewal@example.com","login":{"uuid":"469a1a7a-7767-483d-b8c7-61b7a3a510d7","username":"smallladybug458","password":"kelvin","salt":"DExCHm1R","md5":"264596dbcf951672307dd6f7326e6f15","sha1":"1a9afe4dfa081704a00240b0afb4111ca2b18b69","sha256":"125ac2d7687bcce0b1546b8e6da6f91f113a64dc15928808c424cc33a5555448"},"dob":{"date":"1950-06-07T06:45:44.984Z","age":73},"registered":{"date":"2016-12-08T19:43:45.211Z","age":7},"phone":"Q26 J00-8476","cell":"H34 G11-9380","id":{"name":"SIN","value":"748002292"},"picture":{"large":"https://randomuser.me/api/portraits/men/46.jpg","medium":"https://randomuser.me/api/portraits/med/men/46.jpg","thumbnail":"https://randomuser.me/api/portraits/thumb/men/46.jpg"},"nat":"CA"}],"info":{"seed":"48393fa8eac8c9a5","results":1,"page":1,"version":"1.4"}} 
 </msg>
<msg time="2024-04-19T11:11:57.716744" level="INFO">/opt/hostedtoolcache/Python/3.12.3/x64/lib/python3.12/site-packages/urllib3/connectionpool.py:1103: InsecureRequestWarning: Unverified HTTPS request is being made to host 'randomuser.me'. Adding certificate verification is strongly advised. See: https://urllib3.readthedocs.io/en/latest/advanced-usage.html#tls-warnings
  warnings.warn(</msg>
<msg time="2024-04-19T11:11:57.716864" level="INFO">${response} = &lt;Response [200]&gt;</msg>
<var>${response}</var>
<arg>consultarAPI</arg>
<arg>/api</arg>
<doc>Sends a GET request on a previously created HTTP Session.</doc>
<status status="PASS" start="2024-04-19T11:11:57.614904" elapsed="0.102000"/>
</kw>
<kw name="Set Variable" owner="BuiltIn">
<msg time="2024-04-19T11:11:57.717750" level="INFO">${json_data} = {'results': [{'gender': 'male', 'name': {'title': 'Mr', 'first': 'Dominic', 'last': 'Grewal'}, 'location': {'street': {'number': 6390, 'name': '3rd St'}, 'city': 'Port Elgin', 'state': 'Nova Scotia', ...</msg>
<var>${json_data}</var>
<arg>${response.json()}</arg>
<doc>Returns the given values which can then be assigned to a variables.</doc>
<status status="PASS" start="2024-04-19T11:11:57.717288" elapsed="0.000490"/>
</kw>
<kw name="Log" owner="BuiltIn">
<msg time="2024-04-19T11:11:57.718242" level="INFO">{'results': [{'gender': 'male', 'name': {'title': 'Mr', 'first': 'Dominic', 'last': 'Grewal'}, 'location': {'street': {'number': 6390, 'name': '3rd St'}, 'city': 'Port Elgin', 'state': 'Nova Scotia', 'country': 'Canada', 'postcode': 'T4A 6V8', 'coordinates': {'latitude': '-70.0287', 'longitude': '-145.2036'}, 'timezone': {'offset': '+4:00', 'description': 'Abu Dhabi, Muscat, Baku, Tbilisi'}}, 'email': 'dominic.grewal@example.com', 'login': {'uuid': '469a1a7a-7767-483d-b8c7-61b7a3a510d7', 'username': 'smallladybug458', 'password': 'kelvin', 'salt': 'DExCHm1R', 'md5': '264596dbcf951672307dd6f7326e6f15', 'sha1': '1a9afe4dfa081704a00240b0afb4111ca2b18b69', 'sha256': '125ac2d7687bcce0b1546b8e6da6f91f113a64dc15928808c424cc33a5555448'}, 'dob': {'date': '1950-06-07T06:45:44.984Z', 'age': 73}, 'registered': {'date': '2016-12-08T19:43:45.211Z', 'age': 7}, 'phone': 'Q26 J00-8476', 'cell': 'H34 G11-9380', 'id': {'name': 'SIN', 'value': '748002292'}, 'picture': {'large': 'https://randomuser.me/api/portraits/men/46.jpg', 'medium': 'https://randomuser.me/api/portraits/med/men/46.jpg', 'thumbnail': 'https://randomuser.me/api/portraits/thumb/men/46.jpg'}, 'nat': 'CA'}], 'info': {'seed': '48393fa8eac8c9a5', 'results': 1, 'page': 1, 'version': '1.4'}}</msg>
<arg>${json_data}</arg>
<doc>Logs the given message with the given level.</doc>
<status status="PASS" start="2024-04-19T11:11:57.718090" elapsed="0.000199"/>
</kw>
<kw name="Should Be String" owner="String">
<arg>${json_data['results'][0]['gender']}</arg>
<doc>Fails if the given ``item`` is not a string.</doc>
<status status="PASS" start="2024-04-19T11:11:57.718609" elapsed="0.000410"/>
</kw>
<kw name="Should Match Regexp" owner="BuiltIn">
<arg>${json_data['results'][0]['email']}</arg>
<arg>^[a-zA-Z0-9._%+-]+@[a-zA-Z0-9.-]+\.[a-zA-Z]{2,}$</arg>
<doc>Fails if ``string`` does not match ``pattern`` as a regular expression.</doc>
<status status="PASS" start="2024-04-19T11:11:57.719203" elapsed="0.000514"/>
</kw>
<kw name="Should Match Regexp" owner="BuiltIn">
<arg>${json_data['results'][0]['dob']['date']}</arg>
<arg>\\d{4}-\\d{2}-\\d{2}T\\d{2}:\\d{2}:\\d{2}\\.\\d{3}Z</arg>
<doc>Fails if ``string`` does not match ``pattern`` as a regular expression.</doc>
<status status="PASS" start="2024-04-19T11:11:57.719916" elapsed="0.000484"/>
</kw>
<kw name="Should Match Regexp" owner="BuiltIn">
<arg>${json_data['results'][0]['registered']['date']}</arg>
<arg>\\d{4}-\\d{2}-\\d{2}T\\d{2}:\\d{2}:\\d{2}\\.\\d{3}Z</arg>
<doc>Fails if ``string`` does not match ``pattern`` as a regular expression.</doc>
<status status="PASS" start="2024-04-19T11:11:57.720591" elapsed="0.000366"/>
</kw>
<kw name="Should Match Regexp" owner="BuiltIn">
<arg>${json_data['results'][0]['picture']['large']}</arg>
<arg>^https?://.*\.(?:png|jpe?g|gif|bmp)$</arg>
<doc>Fails if ``string`` does not match ``pattern`` as a regular expression.</doc>
<status status="PASS" start="2024-04-19T11:11:57.721148" elapsed="0.000464"/>
</kw>
<kw name="Should Match Regexp" owner="BuiltIn">
<arg>${json_data['results'][0]['picture']['medium']}</arg>
<arg>^https?://.*\.(?:png|jpe?g|gif|bmp)$</arg>
<doc>Fails if ``string`` does not match ``pattern`` as a regular expression.</doc>
<status status="PASS" start="2024-04-19T11:11:57.721798" elapsed="0.000349"/>
</kw>
<kw name="Should Match Regexp" owner="BuiltIn">
<arg>${json_data['results'][0]['picture']['thumbnail']}</arg>
<arg>^https?://.*\.(?:png|jpe?g|gif|bmp)$</arg>
<doc>Fails if ``string`` does not match ``pattern`` as a regular expression.</doc>
<status status="PASS" start="2024-04-19T11:11:57.722319" elapsed="0.000323"/>
</kw>
<kw name="Log" owner="BuiltIn">
<msg time="2024-04-19T11:11:57.723130" level="INFO">{'large': 'https://randomuser.me/api/portraits/men/46.jpg', 'medium': 'https://randomuser.me/api/portraits/med/men/46.jpg', 'thumbnail': 'https://randomuser.me/api/portraits/thumb/men/46.jpg'}</msg>
<arg>${json_data['results'][0]['picture']}</arg>
<doc>Logs the given message with the given level.</doc>
<status status="PASS" start="2024-04-19T11:11:57.722826" elapsed="0.000342"/>
</kw>
<status status="PASS" start="2024-04-19T11:11:57.614658" elapsed="0.108741"/>
</kw>
<kw name="Teste de Tipos de Dados - Postcode" owner="random-user-service">
<kw name="GET On Session" owner="RequestsLibrary">
<msg time="2024-04-19T11:11:57.826625" level="INFO">GET Request : url=https://randomuser.me/api 
 path_url=/api 
 headers={'User-Agent': 'python-requests/2.31.0', 'Accept-Encoding': 'gzip, deflate', 'Accept': '*/*', 'Connection': 'keep-alive'} 
 body=None 
 </msg>
<msg time="2024-04-19T11:11:57.826695" level="INFO">GET Response : url=https://randomuser.me/api 
 status=200, reason=OK 
 headers={'Date': 'Fri, 19 Apr 2024 11:11:57 GMT', 'Content-Type': 'application/json; charset=utf-8', 'Transfer-Encoding': 'chunked', 'Connection': 'keep-alive', 'X-Powered-By': 'Express', 'Access-Control-Allow-Origin': '*', 'Cache-Control': 'no-cache', 'ETag': 'W/"488-S+bNTnQL2opg40wGatDO0yM9i04"', 'Vary': 'Accept-Encoding', 'Content-Encoding': 'gzip', 'CF-Cache-Status': 'DYNAMIC', 'Report-To': '{"endpoints":[{"url":"https:\\/\\/a.nel.cloudflare.com\\/report\\/v4?s=sXHv1bkwboLliHM8Sumv6wWQ%2Fh6KhusnRemE8EekCG0lBtuEa1I32xxCsOls6yE01ce1TFCaigJcdqHFtwe9Bt2%2Bk7xj3TCSbXYqWwzafUTXYiRiC2hOmZksoX4F9q08"}],"group":"cf-nel","max_age":604800}', 'NEL': '{"success_fraction":0,"report_to":"cf-nel","max_age":604800}', 'Server': 'cloudflare', 'CF-RAY': '876c74f1c85c293b-LAX', 'alt-svc': 'h3=":443"; ma=86400'} 
 body={"results":[{"gender":"male","name":{"title":"Mr","first":"مهراد","last":"کوتی"},"location":{"street":{"number":7050,"name":"دیباجی"},"city":"زاهدان","state":"یزد","country":"Iran","postcode":63073,"coordinates":{"latitude":"17.1872","longitude":"-57.7423"},"timezone":{"offset":"-5:00","description":"Eastern Time (US &amp; Canada), Bogota, Lima"}},"email":"mhrd.khwty@example.com","login":{"uuid":"ee3b47f9-11bb-46a9-8c89-9b7b223b0c76","username":"orangelion644","password":"roberts","salt":"ffQTyPKa","md5":"abf1ead216383e39daf317daea755d7b","sha1":"6df2ed16a8e58794efe5876f12f9a46189486b68","sha256":"4cc0a6d36dc0b57cf64c12985763f41cf7b93dc3779fd4900e974a1e5216d5c2"},"dob":{"date":"1987-03-02T17:42:09.022Z","age":37},"registered":{"date":"2011-07-13T23:55:13.482Z","age":12},"phone":"011-17074474","cell":"0941-649-2547","id":{"name":"","value":null},"picture":{"large":"https://randomuser.me/api/portraits/men/71.jpg","medium":"https://randomuser.me/api/portraits/med/men/71.jpg","thumbnail":"https://randomuser.me/api/portraits/thumb/men/71.jpg"},"nat":"IR"}],"info":{"seed":"53379a6f73614795","results":1,"page":1,"version":"1.4"}} 
 </msg>
<msg time="2024-04-19T11:11:57.826762" level="INFO">/opt/hostedtoolcache/Python/3.12.3/x64/lib/python3.12/site-packages/urllib3/connectionpool.py:1103: InsecureRequestWarning: Unverified HTTPS request is being made to host 'randomuser.me'. Adding certificate verification is strongly advised. See: https://urllib3.readthedocs.io/en/latest/advanced-usage.html#tls-warnings
  warnings.warn(</msg>
<msg time="2024-04-19T11:11:57.826907" level="INFO">${response} = &lt;Response [200]&gt;</msg>
<var>${response}</var>
<arg>consultarAPI</arg>
<arg>/api</arg>
<doc>Sends a GET request on a previously created HTTP Session.</doc>
<status status="PASS" start="2024-04-19T11:11:57.723799" elapsed="0.103152"/>
</kw>
<kw name="Set Variable" owner="BuiltIn">
<msg time="2024-04-19T11:11:57.827763" level="INFO">${json_data} = {'results': [{'gender': 'male', 'name': {'title': 'Mr', 'first': 'مهراد', 'last': 'کوتی'}, 'location': {'street': {'number': 7050, 'name': 'دیباجی'}, 'city': 'زاهدان', 'state': 'یزد', 'country': 'Iran...</msg>
<var>${json_data}</var>
<arg>${response.json()}</arg>
<doc>Returns the given values which can then be assigned to a variables.</doc>
<status status="PASS" start="2024-04-19T11:11:57.827333" elapsed="0.000459"/>
</kw>
<kw name="Log" owner="BuiltIn">
<msg time="2024-04-19T11:11:57.828250" level="INFO">{'results': [{'gender': 'male', 'name': {'title': 'Mr', 'first': 'مهراد', 'last': 'کوتی'}, 'location': {'street': {'number': 7050, 'name': 'دیباجی'}, 'city': 'زاهدان', 'state': 'یزد', 'country': 'Iran', 'postcode': 63073, 'coordinates': {'latitude': '17.1872', 'longitude': '-57.7423'}, 'timezone': {'offset': '-5:00', 'description': 'Eastern Time (US &amp; Canada), Bogota, Lima'}}, 'email': 'mhrd.khwty@example.com', 'login': {'uuid': 'ee3b47f9-11bb-46a9-8c89-9b7b223b0c76', 'username': 'orangelion644', 'password': 'roberts', 'salt': 'ffQTyPKa', 'md5': 'abf1ead216383e39daf317daea755d7b', 'sha1': '6df2ed16a8e58794efe5876f12f9a46189486b68', 'sha256': '4cc0a6d36dc0b57cf64c12985763f41cf7b93dc3779fd4900e974a1e5216d5c2'}, 'dob': {'date': '1987-03-02T17:42:09.022Z', 'age': 37}, 'registered': {'date': '2011-07-13T23:55:13.482Z', 'age': 12}, 'phone': '011-17074474', 'cell': '0941-649-2547', 'id': {'name': '', 'value': None}, 'picture': {'large': 'https://randomuser.me/api/portraits/men/71.jpg', 'medium': 'https://randomuser.me/api/portraits/med/men/71.jpg', 'thumbnail': 'https://randomuser.me/api/portraits/thumb/men/71.jpg'}, 'nat': 'IR'}], 'info': {'seed': '53379a6f73614795', 'results': 1, 'page': 1, 'version': '1.4'}}</msg>
<arg>${json_data}</arg>
<doc>Logs the given message with the given level.</doc>
<status status="PASS" start="2024-04-19T11:11:57.828096" elapsed="0.000203"/>
</kw>
<kw name="Should Be Equal As Numbers" owner="BuiltIn">
<arg>${json_data['results'][0]['location']['postcode']}</arg>
<arg>${json_data['results'][0]['location']['postcode']}</arg>
<doc>Fails if objects are unequal after converting them to real numbers.</doc>
<status status="PASS" start="2024-04-19T11:11:57.828610" elapsed="0.000732"/>
</kw>
<kw name="Log" owner="BuiltIn">
<msg time="2024-04-19T11:11:57.829857" level="INFO">63073</msg>
<arg>${json_data['results'][0]['location']['postcode']}</arg>
<doc>Logs the given message with the given level.</doc>
<status status="PASS" start="2024-04-19T11:11:57.829545" elapsed="0.000349"/>
</kw>
<status status="PASS" start="2024-04-19T11:11:57.723593" elapsed="0.106531"/>
</kw>
<doc>Testa se os tipos de dados na resposta da API estão corretos.</doc>
<tag>testeTiposDados</tag>
<status status="PASS" start="2024-04-19T11:11:57.614123" elapsed="0.216145"/>
</test>
<test id="s1-s1-t5" name="Validar conteudo" line="35">
<kw name="Teste de Tipos de Conteudo" owner="random-user-service">
<kw name="GET On Session" owner="RequestsLibrary">
<msg time="2024-04-19T11:11:57.931853" level="INFO">GET Request : url=https://randomuser.me/api 
 path_url=/api 
 headers={'User-Agent': 'python-requests/2.31.0', 'Accept-Encoding': 'gzip, deflate', 'Accept': '*/*', 'Connection': 'keep-alive'} 
 body=None 
 </msg>
<msg time="2024-04-19T11:11:57.931924" level="INFO">GET Response : url=https://randomuser.me/api 
 status=200, reason=OK 
 headers={'Date': 'Fri, 19 Apr 2024 11:11:57 GMT', 'Content-Type': 'application/json; charset=utf-8', 'Transfer-Encoding': 'chunked', 'Connection': 'keep-alive', 'X-Powered-By': 'Express', 'Access-Control-Allow-Origin': '*', 'Cache-Control': 'no-cache', 'ETag': 'W/"486-EugvTlvtSSRhHpmHEj8vqZMu3vc"', 'Vary': 'Accept-Encoding', 'Content-Encoding': 'gzip', 'CF-Cache-Status': 'DYNAMIC', 'Report-To': '{"endpoints":[{"url":"https:\\/\\/a.nel.cloudflare.com\\/report\\/v4?s=CuXvnjc1pGO5niV2DSCWbclCppYX4BoeE%2F3lkreDMCIKQvfjaHRlMTI4nhr%2FkVdTLGLo4iI6aiEaiz4aDIHzTAE9bILVZMOdLsiZwZnifSWOL4Iag2Av0kvuSMRqLgsW"}],"group":"cf-nel","max_age":604800}', 'NEL': '{"success_fraction":0,"report_to":"cf-nel","max_age":604800}', 'Server': 'cloudflare', 'CF-RAY': '876c74f278d6293b-LAX', 'alt-svc': 'h3=":443"; ma=86400'} 
 body={"results":[{"gender":"male","name":{"title":"Mr","first":"Väinö","last":"Waara"},"location":{"street":{"number":9700,"name":"Rotuaari"},"city":"Tornio","state":"Kainuu","country":"Finland","postcode":12204,"coordinates":{"latitude":"-26.1365","longitude":"-99.6870"},"timezone":{"offset":"+10:00","description":"Eastern Australia, Guam, Vladivostok"}},"email":"vaino.waara@example.com","login":{"uuid":"feefbe20-bdd2-480a-9110-09cb26911239","username":"bigbird123","password":"baller","salt":"SZZkIbN1","md5":"9da5d069b10243fa97715c4e96e7bf83","sha1":"9758c6409aff4c7adf4f1cf8355d226ee49a3e57","sha256":"9bd7f15c8f4fab3f18851b011b2f622eb81274ce9e8e73af3574e8ae0d4b6192"},"dob":{"date":"1980-01-30T18:34:58.278Z","age":44},"registered":{"date":"2017-12-15T02:46:03.013Z","age":6},"phone":"03-450-112","cell":"045-680-45-58","id":{"name":"HETU","value":"NaNNA731undefined"},"picture":{"large":"https://randomuser.me/api/portraits/men/74.jpg","medium":"https://randomuser.me/api/portraits/med/men/74.jpg","thumbnail":"https://randomuser.me/api/portraits/thumb/men/74.jpg"},"nat":"FI"}],"info":{"seed":"7e7bdd7b125084d3","results":1,"page":1,"version":"1.4"}} 
 </msg>
<msg time="2024-04-19T11:11:57.931989" level="INFO">/opt/hostedtoolcache/Python/3.12.3/x64/lib/python3.12/site-packages/urllib3/connectionpool.py:1103: InsecureRequestWarning: Unverified HTTPS request is being made to host 'randomuser.me'. Adding certificate verification is strongly advised. See: https://urllib3.readthedocs.io/en/latest/advanced-usage.html#tls-warnings
  warnings.warn(</msg>
<msg time="2024-04-19T11:11:57.932085" level="INFO">${response} = &lt;Response [200]&gt;</msg>
<var>${response}</var>
<arg>consultarAPI</arg>
<arg>/api</arg>
<doc>Sends a GET request on a previously created HTTP Session.</doc>
<status status="PASS" start="2024-04-19T11:11:57.833267" elapsed="0.098855"/>
</kw>
<kw name="Set Variable" owner="BuiltIn">
<msg time="2024-04-19T11:11:57.932944" level="INFO">${json_data} = {'results': [{'gender': 'male', 'name': {'title': 'Mr', 'first': 'Väinö', 'last': 'Waara'}, 'location': {'street': {'number': 9700, 'name': 'Rotuaari'}, 'city': 'Tornio', 'state': 'Kainuu', 'country':...</msg>
<var>${json_data}</var>
<arg>${response.json()}</arg>
<doc>Returns the given values which can then be assigned to a variables.</doc>
<status status="PASS" start="2024-04-19T11:11:57.932535" elapsed="0.000436"/>
</kw>
<kw name="Set Variable" owner="BuiltIn">
<msg time="2024-04-19T11:11:57.933619" level="INFO">${name_title} = Mr</msg>
<var>${name_title}</var>
<arg>${json_data["results"][0]["name"]["title"]}</arg>
<doc>Returns the given values which can then be assigned to a variables.</doc>
<status status="PASS" start="2024-04-19T11:11:57.933262" elapsed="0.000381"/>
</kw>
<kw name="Create List" owner="BuiltIn">
<msg time="2024-04-19T11:11:57.934056" level="INFO">${allowed_titles} = ['Mr', 'Ms', 'Miss', 'Mrs', 'Madame', 'Monsieur']</msg>
<var>${allowed_titles}</var>
<arg>Mr</arg>
<arg>Ms</arg>
<arg>Miss</arg>
<arg>Mrs</arg>
<arg>Madame</arg>
<arg>Monsieur</arg>
<doc>Returns a list containing given items.</doc>
<status status="PASS" start="2024-04-19T11:11:57.933919" elapsed="0.000160"/>
</kw>
<kw name="List Should Contain Value" owner="Collections">
<msg time="2024-04-19T11:11:57.934514" level="INFO">False</msg>
<arg>${allowed_titles}</arg>
<arg>${name_title}</arg>
<doc>Fails if the ``value`` is not found from ``list``.</doc>
<status status="PASS" start="2024-04-19T11:11:57.934357" elapsed="0.000189"/>
</kw>
<kw name="Set Variable" owner="BuiltIn">
<msg time="2024-04-19T11:11:57.935250" level="INFO">${name_country} = FI</msg>
<var>${name_country}</var>
<arg>${json_data["results"][0]["nat"]}</arg>
<doc>Returns the given values which can then be assigned to a variables.</doc>
<status status="PASS" start="2024-04-19T11:11:57.934848" elapsed="0.000427"/>
</kw>
<kw name="Create List" owner="BuiltIn">
<msg time="2024-04-19T11:11:57.936188" level="INFO">${list_country} = ['AD', 'AE', 'AF', 'AG', 'AI', 'AL', 'AM', 'AO', 'AQ', 'AR', 'AS', 'AT', 'AU', 'AW', 'AX', 'AZ', 'BA', 'BB', 'BD', 'BE', 'BF', 'BG', 'BH', 'BI', 'BJ', 'BL', 'BM', 'BN', 'BO', 'BQ', 'BR', 'BS', 'BT', '...</msg>
<var>${list_country}</var>
<arg>AD</arg>
<arg>AE</arg>
<arg>AF</arg>
<arg>AG</arg>
<arg>AI</arg>
<arg>AL</arg>
<arg>AM</arg>
<arg>AO</arg>
<arg>AQ</arg>
<arg>AR</arg>
<arg>AS</arg>
<arg>AT</arg>
<arg>AU</arg>
<arg>AW</arg>
<arg>AX</arg>
<arg>AZ</arg>
<arg>BA</arg>
<arg>BB</arg>
<arg>BD</arg>
<arg>BE</arg>
<arg>BF</arg>
<arg>BG</arg>
<arg>BH</arg>
<arg>BI</arg>
<arg>BJ</arg>
<arg>BL</arg>
<arg>BM</arg>
<arg>BN</arg>
<arg>BO</arg>
<arg>BQ</arg>
<arg>BR</arg>
<arg>BS</arg>
<arg>BT</arg>
<arg>BV</arg>
<arg>BW</arg>
<arg>BY</arg>
<arg>BZ</arg>
<arg>CA</arg>
<arg>CC</arg>
<arg>CD</arg>
<arg>CF</arg>
<arg>CG</arg>
<arg>CH</arg>
<arg>CI</arg>
<arg>CK</arg>
<arg>CL</arg>
<arg>CM</arg>
<arg>CN</arg>
<arg>CO</arg>
<arg>CR</arg>
<arg>CU</arg>
<arg>CV</arg>
<arg>CW</arg>
<arg>CX</arg>
<arg>CY</arg>
<arg>CZ</arg>
<arg>DE</arg>
<arg>DJ</arg>
<arg>DK</arg>
<arg>DM</arg>
<arg>DO</arg>
<arg>DZ</arg>
<arg>EC</arg>
<arg>EE</arg>
<arg>EG</arg>
<arg>EH</arg>
<arg>ER</arg>
<arg>ES</arg>
<arg>ET</arg>
<arg>FI</arg>
<arg>FJ</arg>
<arg>FK</arg>
<arg>FM</arg>
<arg>FO</arg>
<arg>FR</arg>
<arg>GA</arg>
<arg>GB</arg>
<arg>GD</arg>
<arg>GE</arg>
<arg>GF</arg>
<arg>GG</arg>
<arg>GH</arg>
<arg>GI</arg>
<arg>GL</arg>
<arg>GM</arg>
<arg>GN</arg>
<arg>GP</arg>
<arg>GQ</arg>
<arg>GR</arg>
<arg>GS</arg>
<arg>GT</arg>
<arg>GU</arg>
<arg>GW</arg>
<arg>GY</arg>
<arg>HK</arg>
<arg>HM</arg>
<arg>HN</arg>
<arg>HR</arg>
<arg>HT</arg>
<arg>HU</arg>
<arg>ID</arg>
<arg>IE</arg>
<arg>IL</arg>
<arg>IM</arg>
<arg>IN</arg>
<arg>IO</arg>
<arg>IQ</arg>
<arg>IR</arg>
<arg>IS</arg>
<arg>IT</arg>
<arg>JE</arg>
<arg>JM</arg>
<arg>JO</arg>
<arg>JP</arg>
<arg>KE</arg>
<arg>KG</arg>
<arg>KH</arg>
<arg>KI</arg>
<arg>KM</arg>
<arg>KN</arg>
<arg>KP</arg>
<arg>KR</arg>
<arg>KW</arg>
<arg>KY</arg>
<arg>KZ</arg>
<arg>LA</arg>
<arg>LB</arg>
<arg>LC</arg>
<arg>LI</arg>
<arg>LK</arg>
<arg>LR</arg>
<arg>LS</arg>
<arg>LT</arg>
<arg>LU</arg>
<arg>LV</arg>
<arg>LY</arg>
<arg>MA</arg>
<arg>MC</arg>
<arg>MD</arg>
<arg>ME</arg>
<arg>MF</arg>
<arg>MG</arg>
<arg>MH</arg>
<arg>MK</arg>
<arg>ML</arg>
<arg>MM</arg>
<arg>MN</arg>
<arg>MO</arg>
<arg>MP</arg>
<arg>MQ</arg>
<arg>MR</arg>
<arg>MS</arg>
<arg>MT</arg>
<arg>MU</arg>
<arg>MV</arg>
<arg>MW</arg>
<arg>MX</arg>
<arg>MY</arg>
<arg>MZ</arg>
<arg>NA</arg>
<arg>NC</arg>
<arg>NE</arg>
<arg>NF</arg>
<arg>NG</arg>
<arg>NI</arg>
<arg>NL</arg>
<arg>NO</arg>
<arg>NP</arg>
<arg>NR</arg>
<arg>NU</arg>
<arg>NZ</arg>
<arg>OM</arg>
<arg>PA</arg>
<arg>PE</arg>
<arg>PF</arg>
<arg>PG</arg>
<arg>PH</arg>
<arg>PK</arg>
<arg>PL</arg>
<arg>PM</arg>
<arg>PN</arg>
<arg>PR</arg>
<arg>PS</arg>
<arg>PT</arg>
<arg>PW</arg>
<arg>PY</arg>
<arg>QA</arg>
<arg>RE</arg>
<arg>RO</arg>
<arg>RS</arg>
<arg>RU</arg>
<arg>RW</arg>
<arg>SA</arg>
<arg>SB</arg>
<arg>SC</arg>
<arg>SD</arg>
<arg>SE</arg>
<arg>SG</arg>
<arg>SH</arg>
<arg>SI</arg>
<arg>SJ</arg>
<arg>SK</arg>
<arg>SL</arg>
<arg>SM</arg>
<arg>SN</arg>
<arg>SO</arg>
<arg>SR</arg>
<arg>SS</arg>
<arg>ST</arg>
<arg>SV</arg>
<arg>SX</arg>
<arg>SY</arg>
<arg>SZ</arg>
<arg>TC</arg>
<arg>TD</arg>
<arg>TF</arg>
<arg>TG</arg>
<arg>TH</arg>
<arg>TJ</arg>
<arg>TK</arg>
<arg>TL</arg>
<arg>TM</arg>
<arg>TN</arg>
<arg>TO</arg>
<arg>TR</arg>
<arg>TT</arg>
<arg>TV</arg>
<arg>TW</arg>
<arg>TZ</arg>
<arg>UA</arg>
<arg>UG</arg>
<arg>UM</arg>
<arg>US</arg>
<arg>UY</arg>
<arg>UZ</arg>
<arg>VA</arg>
<arg>VC</arg>
<arg>VE</arg>
<arg>VG</arg>
<arg>VI</arg>
<arg>VN</arg>
<arg>VU</arg>
<arg>WF</arg>
<arg>WS</arg>
<arg>XK</arg>
<arg>YE</arg>
<arg>YT</arg>
<arg>ZA</arg>
<arg>ZM</arg>
<arg>ZW</arg>
<doc>Returns a list containing given items.</doc>
<status status="PASS" start="2024-04-19T11:11:57.935586" elapsed="0.000628"/>
</kw>
<kw name="List Should Contain Value" owner="Collections">
<msg time="2024-04-19T11:11:57.937144" level="INFO">False</msg>
<arg>${list_country}</arg>
<arg>${name_country}</arg>
<doc>Fails if the ``value`` is not found from ``list``.</doc>
<status status="PASS" start="2024-04-19T11:11:57.936960" elapsed="0.000217"/>
</kw>
<kw name="Run Keyword If" owner="BuiltIn">
<kw name="Should Be True" owner="BuiltIn">
<arg>${True}</arg>
<doc>Fails if the given condition is not true.</doc>
<status status="PASS" start="2024-04-19T11:11:57.938185" elapsed="0.000142"/>
</kw>
<arg>${json_data["results"][0]["location"]["coordinates"]["latitude"]} &gt;= -90 and ${json_data["results"][0]["location"]["coordinates"]["latitude"]} &lt;= 90</arg>
<arg>Should Be True</arg>
<arg>${True}</arg>
<doc>Runs the given keyword with the given arguments, if ``condition`` is true.</doc>
<status status="PASS" start="2024-04-19T11:11:57.937460" elapsed="0.000994"/>
</kw>
<kw name="Run Keyword If" owner="BuiltIn">
<kw name="Should Be True" owner="BuiltIn">
<arg>${True}</arg>
<doc>Fails if the given condition is not true.</doc>
<status status="PASS" start="2024-04-19T11:11:57.939378" elapsed="0.000230"/>
</kw>
<arg>${json_data["results"][0]["location"]["coordinates"]["longitude"]} &gt;= -180 and ${json_data["results"][0]["location"]["coordinates"]["longitude"]} &lt;= 180</arg>
<arg>Should Be True</arg>
<arg>${True}</arg>
<doc>Runs the given keyword with the given arguments, if ``condition`` is true.</doc>
<status status="PASS" start="2024-04-19T11:11:57.938648" elapsed="0.001077"/>
</kw>
<status status="PASS" start="2024-04-19T11:11:57.832931" elapsed="0.106919"/>
</kw>
<doc>Testa o conteúdo específico dos campos retornados pela API.</doc>
<tag>testeConteudo</tag>
<status status="PASS" start="2024-04-19T11:11:57.832290" elapsed="0.107691"/>
</test>
<status status="PASS" start="2024-04-19T11:11:57.026330" elapsed="0.915418"/>
</suite>
<status status="PASS" start="2024-04-19T11:11:57.003770" elapsed="0.942663"/>
</suite>
<statistics>
<total>
<stat pass="5" fail="0" skip="0">All Tests</stat>
</total>
<tag>
<stat pass="1" fail="0" skip="0">testeConteudo</stat>
<stat pass="1" fail="0" skip="0">testeEstruturaResposta</stat>
<stat pass="1" fail="0" skip="0">testeRequisicaoBasica</stat>
<stat pass="1" fail="0" skip="0">testeTiposDados</stat>
</tag>
<suite>
<stat pass="5" fail="0" skip="0" id="s1" name="Tests">Tests</stat>
<stat pass="5" fail="0" skip="0" id="s1-s1" name="Random-User-Test">Tests.Random-User-Test</stat>
</suite>
</statistics>
<errors>
</errors>
</robot>
