<?xml version="1.0" encoding="UTF-8"?>
<robot generator="Robot 7.0.1 (Python 3.12.4 on linux)" generated="2024-07-11T12:29:07.714221" rpa="false" schemaversion="5">
<suite id="s1" name="Tests" source="/home/runner/work/ApiRandomUser/ApiRandomUser/RamdonUser/tests">
<suite id="s1-s1" name="Random-User-Test" source="/home/runner/work/ApiRandomUser/ApiRandomUser/RamdonUser/tests/random-user-test.robot">
<test id="s1-s1-t1" name="Conectar" line="13">
<kw name="Conectar API" owner="random-user-service">
<kw name="Create Session" owner="RequestsLibrary">
<msg time="2024-07-11T12:29:08.133937" level="INFO">Creating Session using : alias=consultarAPI, url=https://randomuser.me/, headers={},                     cookies={}, auth=None, timeout=None, proxies=None, verify=False,                     debug=0 </msg>
<arg>consultarAPI</arg>
<arg>${URL}</arg>
<doc>Create Session: create a HTTP session to a server</doc>
<status status="PASS" start="2024-07-11T12:29:08.133731" elapsed="0.000384"/>
</kw>
<status status="PASS" start="2024-07-11T12:29:08.132728" elapsed="0.001753"/>
</kw>
<status status="PASS" start="2024-07-11T12:29:08.132164" elapsed="0.002511"/>
</test>
<test id="s1-s1-t2" name="Validar retorno 200 e JSON Válido" line="16">
<kw name="Teste de Requisicao Basica" owner="random-user-service">
<kw name="GET On Session" owner="RequestsLibrary">
<msg time="2024-07-11T12:29:08.334801" level="INFO">GET Request : url=https://randomuser.me/api 
 path_url=/api 
 headers={'User-Agent': 'python-requests/2.32.3', 'Accept-Encoding': 'gzip, deflate', 'Accept': '*/*', 'Connection': 'keep-alive'} 
 body=None 
 </msg>
<msg time="2024-07-11T12:29:08.334961" level="INFO">GET Response : url=https://randomuser.me/api 
 status=200, reason=OK 
 headers={'Date': 'Thu, 11 Jul 2024 12:29:08 GMT', 'Content-Type': 'application/json; charset=utf-8', 'Transfer-Encoding': 'chunked', 'Connection': 'keep-alive', 'X-Powered-By': 'Express', 'Access-Control-Allow-Origin': '*', 'Cache-Control': 'no-cache', 'ETag': 'W/"48c-b+ww9CVOVPo+O11OaS//nUbpQ8Q"', 'Vary': 'Accept-Encoding', 'Content-Encoding': 'gzip', 'CF-Cache-Status': 'DYNAMIC', 'Report-To': '{"endpoints":[{"url":"https:\\/\\/a.nel.cloudflare.com\\/report\\/v4?s=TMOpglPk6Nh1qp1WKteMR%2BtT7fkUgs57b8OrlnrOHJN5acSBhEWzztrup2xzk4BpCt4eXpj4s14pW0ht5y0xCWL1z5mubEiPNfEwjtw%2BZ%2FDQMZyfvpjE%2Fgp9%2BMS4c4rE"}],"group":"cf-nel","max_age":604800}', 'NEL': '{"success_fraction":0,"report_to":"cf-nel","max_age":604800}', 'Server': 'cloudflare', 'CF-RAY': '8a18cc1e0c199831-SJC', 'alt-svc': 'h3=":443"; ma=86400'} 
 body={"results":[{"gender":"female","name":{"title":"Mrs","first":"عسل","last":"رضاییان"},"location":{"street":{"number":9589,"name":"نوفل لوشاتو"},"city":"گلستان","state":"ایلام","country":"Iran","postcode":36586,"coordinates":{"latitude":"19.3323","longitude":"139.4477"},"timezone":{"offset":"-12:00","description":"Eniwetok, Kwajalein"}},"email":"aasl.rdyyn@example.com","login":{"uuid":"8370fdf2-4471-4b01-9df5-78d0e6b603ff","username":"goldenladybug602","password":"visa","salt":"sEgSbdu2","md5":"8f1c303ad1dad567cbb4b5a00f41dcb6","sha1":"71a95f4dca62d603348c38c8555154c0a5320cce","sha256":"2af59e5a7e22e09c774571e4dd29d2718c97b76cd40616129356e19f4ef07817"},"dob":{"date":"1993-02-07T00:40:12.130Z","age":31},"registered":{"date":"2002-07-01T00:30:09.373Z","age":22},"phone":"037-40199173","cell":"0907-580-8764","id":{"name":"","value":null},"picture":{"large":"https://randomuser.me/api/portraits/women/88.jpg","medium":"https://randomuser.me/api/portraits/med/women/88.jpg","thumbnail":"https://randomuser.me/api/portraits/thumb/women/88.jpg"},"nat":"IR"}],"info":{"seed":"ca55d98df1779a83","results":1,"page":1,"version":"1.4"}} 
 </msg>
<msg time="2024-07-11T12:29:08.335056" level="INFO">/opt/hostedtoolcache/Python/3.12.4/x64/lib/python3.12/site-packages/urllib3/connectionpool.py:1099: InsecureRequestWarning: Unverified HTTPS request is being made to host 'randomuser.me'. Adding certificate verification is strongly advised. See: https://urllib3.readthedocs.io/en/latest/advanced-usage.html#tls-warnings
  warnings.warn(</msg>
<msg time="2024-07-11T12:29:08.335216" level="INFO">${response} = &lt;Response [200]&gt;</msg>
<var>${response}</var>
<arg>consultarAPI</arg>
<arg>/api</arg>
<doc>Sends a GET request on a previously created HTTP Session.</doc>
<status status="PASS" start="2024-07-11T12:29:08.137303" elapsed="0.197960"/>
</kw>
<kw name="Should Be Equal As Numbers" owner="BuiltIn">
<msg time="2024-07-11T12:29:08.336525" level="INFO">Argument types are:
&lt;class 'int'&gt;
&lt;class 'str'&gt;</msg>
<arg>${response.status_code}</arg>
<arg>200</arg>
<doc>Fails if objects are unequal after converting them to real numbers.</doc>
<status status="PASS" start="2024-07-11T12:29:08.336027" elapsed="0.000579"/>
</kw>
<kw name="Log" owner="BuiltIn">
<msg time="2024-07-11T12:29:08.337339" level="INFO">200</msg>
<arg>${response.status_code}</arg>
<doc>Logs the given message with the given level.</doc>
<status status="PASS" start="2024-07-11T12:29:08.336972" elapsed="0.000411"/>
</kw>
<kw name="Set Variable" owner="BuiltIn">
<msg time="2024-07-11T12:29:08.338148" level="INFO">${json_data} = {'results': [{'gender': 'female', 'name': {'title': 'Mrs', 'first': 'عسل', 'last': 'رضاییان'}, 'location': {'street': {'number': 9589, 'name': 'نوفل لوشاتو'}, 'city': 'گلستان', 'state': 'ایلام', 'coun...</msg>
<var>${json_data}</var>
<arg>${response.json()}</arg>
<doc>Returns the given values which can then be assigned to a variables.</doc>
<status status="PASS" start="2024-07-11T12:29:08.337696" elapsed="0.000484"/>
</kw>
<kw name="Dictionary Should Contain Key" owner="Collections">
<arg>${json_data}</arg>
<arg>results</arg>
<doc>Fails if ``key`` is not found from ``dictionary``.</doc>
<status status="PASS" start="2024-07-11T12:29:08.338494" elapsed="0.000171"/>
</kw>
<status status="PASS" start="2024-07-11T12:29:08.137052" elapsed="0.201770"/>
</kw>
<doc>Testa se a API responde corretamente e retorna um objeto JSON válido.</doc>
<tag>testeRequisicaoBasica</tag>
<status status="PASS" start="2024-07-11T12:29:08.136590" elapsed="0.202417"/>
</test>
<test id="s1-s1-t3" name="Validar estrutura de resposta" line="22">
<kw name="Teste de Estrutura de Resposta" owner="random-user-service">
<kw name="GET On Session" owner="RequestsLibrary">
<msg time="2024-07-11T12:29:08.493072" level="INFO">GET Request : url=https://randomuser.me/api 
 path_url=/api 
 headers={'User-Agent': 'python-requests/2.32.3', 'Accept-Encoding': 'gzip, deflate', 'Accept': '*/*', 'Connection': 'keep-alive'} 
 body=None 
 </msg>
<msg time="2024-07-11T12:29:08.493183" level="INFO">GET Response : url=https://randomuser.me/api 
 status=200, reason=OK 
 headers={'Date': 'Thu, 11 Jul 2024 12:29:08 GMT', 'Content-Type': 'application/json; charset=utf-8', 'Transfer-Encoding': 'chunked', 'Connection': 'keep-alive', 'X-Powered-By': 'Express', 'Access-Control-Allow-Origin': '*', 'Cache-Control': 'no-cache', 'ETag': 'W/"47d-ieCDkS48HmUgLbG/kLOL5NorNGA"', 'Vary': 'Accept-Encoding', 'Content-Encoding': 'gzip', 'CF-Cache-Status': 'DYNAMIC', 'Report-To': '{"endpoints":[{"url":"https:\\/\\/a.nel.cloudflare.com\\/report\\/v4?s=heae7cekOYAXoFWo%2F6ZAe4z7oKrdrGFbOufUmZwSmEbTRvG2yOHXWzuLioF96qL7ovpOCjTJeTeXk3Um%2BVtryG6pcfEJyT6rvqOCSG%2FCk0T6Qi6CEQh6OfrcsJnKiMdD"}],"group":"cf-nel","max_age":604800}', 'NEL': '{"success_fraction":0,"report_to":"cf-nel","max_age":604800}', 'Server': 'cloudflare', 'CF-RAY': '8a18cc1f2c9d9831-SJC', 'alt-svc': 'h3=":443"; ma=86400'} 
 body={"results":[{"gender":"male","name":{"title":"Mr","first":"Sebastian","last":"Liebig"},"location":{"street":{"number":8727,"name":"Birkenstraße"},"city":"Soest","state":"Thüringen","country":"Germany","postcode":49660,"coordinates":{"latitude":"-54.2136","longitude":"-85.8467"},"timezone":{"offset":"+9:30","description":"Adelaide, Darwin"}},"email":"sebastian.liebig@example.com","login":{"uuid":"d8ed1df7-1b87-4cd5-a152-a8c011b523ab","username":"greendog680","password":"aspen","salt":"fTFDW2wk","md5":"7a14a6523865104f5de6765e4ff54f08","sha1":"631bd2367e11a512a5a6d9e1e602c975f6ff66c8","sha256":"e2b4373507a1c19c92573fb523ee12ef898cd63edb409ea35aea47487ad0c63b"},"dob":{"date":"1975-06-21T15:51:54.799Z","age":49},"registered":{"date":"2017-11-24T07:23:39.431Z","age":6},"phone":"0007-3126765","cell":"0177-4856045","id":{"name":"SVNR","value":"55 210675 L 286"},"picture":{"large":"https://randomuser.me/api/portraits/men/5.jpg","medium":"https://randomuser.me/api/portraits/med/men/5.jpg","thumbnail":"https://randomuser.me/api/portraits/thumb/men/5.jpg"},"nat":"DE"}],"info":{"seed":"c91f41c597952c43","results":1,"page":1,"version":"1.4"}} 
 </msg>
<msg time="2024-07-11T12:29:08.493313" level="INFO">/opt/hostedtoolcache/Python/3.12.4/x64/lib/python3.12/site-packages/urllib3/connectionpool.py:1099: InsecureRequestWarning: Unverified HTTPS request is being made to host 'randomuser.me'. Adding certificate verification is strongly advised. See: https://urllib3.readthedocs.io/en/latest/advanced-usage.html#tls-warnings
  warnings.warn(</msg>
<msg time="2024-07-11T12:29:08.493442" level="INFO">${response} = &lt;Response [200]&gt;</msg>
<var>${response}</var>
<arg>consultarAPI</arg>
<arg>/api</arg>
<doc>Sends a GET request on a previously created HTTP Session.</doc>
<status status="PASS" start="2024-07-11T12:29:08.342139" elapsed="0.151348"/>
</kw>
<kw name="Set Variable" owner="BuiltIn">
<msg time="2024-07-11T12:29:08.494552" level="INFO">${json_data} = {'results': [{'gender': 'male', 'name': {'title': 'Mr', 'first': 'Sebastian', 'last': 'Liebig'}, 'location': {'street': {'number': 8727, 'name': 'Birkenstraße'}, 'city': 'Soest', 'state': 'Thüringen',...</msg>
<var>${json_data}</var>
<arg>${response.json()}</arg>
<doc>Returns the given values which can then be assigned to a variables.</doc>
<status status="PASS" start="2024-07-11T12:29:08.494014" elapsed="0.000571"/>
</kw>
<kw name="Log" owner="BuiltIn">
<msg time="2024-07-11T12:29:08.495105" level="INFO">{'results': [{'gender': 'male', 'name': {'title': 'Mr', 'first': 'Sebastian', 'last': 'Liebig'}, 'location': {'street': {'number': 8727, 'name': 'Birkenstraße'}, 'city': 'Soest', 'state': 'Thüringen', 'country': 'Germany', 'postcode': 49660, 'coordinates': {'latitude': '-54.2136', 'longitude': '-85.8467'}, 'timezone': {'offset': '+9:30', 'description': 'Adelaide, Darwin'}}, 'email': 'sebastian.liebig@example.com', 'login': {'uuid': 'd8ed1df7-1b87-4cd5-a152-a8c011b523ab', 'username': 'greendog680', 'password': 'aspen', 'salt': 'fTFDW2wk', 'md5': '7a14a6523865104f5de6765e4ff54f08', 'sha1': '631bd2367e11a512a5a6d9e1e602c975f6ff66c8', 'sha256': 'e2b4373507a1c19c92573fb523ee12ef898cd63edb409ea35aea47487ad0c63b'}, 'dob': {'date': '1975-06-21T15:51:54.799Z', 'age': 49}, 'registered': {'date': '2017-11-24T07:23:39.431Z', 'age': 6}, 'phone': '0007-3126765', 'cell': '0177-4856045', 'id': {'name': 'SVNR', 'value': '55 210675 L 286'}, 'picture': {'large': 'https://randomuser.me/api/portraits/men/5.jpg', 'medium': 'https://randomuser.me/api/portraits/med/men/5.jpg', 'thumbnail': 'https://randomuser.me/api/portraits/thumb/men/5.jpg'}, 'nat': 'DE'}], 'info': {'seed': 'c91f41c597952c43', 'results': 1, 'page': 1, 'version': '1.4'}}</msg>
<arg>${json_data}</arg>
<doc>Logs the given message with the given level.</doc>
<status status="PASS" start="2024-07-11T12:29:08.494931" elapsed="0.000228"/>
</kw>
<kw name="Dictionary Should Contain Key" owner="Collections">
<arg>${json_data}</arg>
<arg>results</arg>
<doc>Fails if ``key`` is not found from ``dictionary``.</doc>
<status status="PASS" start="2024-07-11T12:29:08.495471" elapsed="0.000170"/>
</kw>
<kw name="Should Not Be Empty" owner="BuiltIn">
<msg time="2024-07-11T12:29:08.496030" level="INFO">Length is 2.</msg>
<arg>${json_data}</arg>
<doc>Verifies that the given item is not empty.</doc>
<status status="PASS" start="2024-07-11T12:29:08.495885" elapsed="0.000187"/>
</kw>
<kw name="Create List" owner="BuiltIn">
<msg time="2024-07-11T12:29:08.496543" level="INFO">${expected_keys} = ['gender', 'name', 'location', 'email', 'login']</msg>
<var>${expected_keys}</var>
<arg>gender</arg>
<arg>name</arg>
<arg>location</arg>
<arg>email</arg>
<arg>login</arg>
<doc>Returns a list containing given items.</doc>
<status status="PASS" start="2024-07-11T12:29:08.496389" elapsed="0.000180"/>
</kw>
<for flavor="IN">
<iter>
<kw name="Dictionary Should Contain Key" owner="Collections">
<arg>${json_data['results'][0]}</arg>
<arg>${key}</arg>
<doc>Fails if ``key`` is not found from ``dictionary``.</doc>
<status status="PASS" start="2024-07-11T12:29:08.497348" elapsed="0.000418"/>
</kw>
<kw name="Log" owner="BuiltIn">
<msg time="2024-07-11T12:29:08.498331" level="INFO">{'gender': 'male', 'name': {'title': 'Mr', 'first': 'Sebastian', 'last': 'Liebig'}, 'location': {'street': {'number': 8727, 'name': 'Birkenstraße'}, 'city': 'Soest', 'state': 'Thüringen', 'country': 'Germany', 'postcode': 49660, 'coordinates': {'latitude': '-54.2136', 'longitude': '-85.8467'}, 'timezone': {'offset': '+9:30', 'description': 'Adelaide, Darwin'}}, 'email': 'sebastian.liebig@example.com', 'login': {'uuid': 'd8ed1df7-1b87-4cd5-a152-a8c011b523ab', 'username': 'greendog680', 'password': 'aspen', 'salt': 'fTFDW2wk', 'md5': '7a14a6523865104f5de6765e4ff54f08', 'sha1': '631bd2367e11a512a5a6d9e1e602c975f6ff66c8', 'sha256': 'e2b4373507a1c19c92573fb523ee12ef898cd63edb409ea35aea47487ad0c63b'}, 'dob': {'date': '1975-06-21T15:51:54.799Z', 'age': 49}, 'registered': {'date': '2017-11-24T07:23:39.431Z', 'age': 6}, 'phone': '0007-3126765', 'cell': '0177-4856045', 'id': {'name': 'SVNR', 'value': '55 210675 L 286'}, 'picture': {'large': 'https://randomuser.me/api/portraits/men/5.jpg', 'medium': 'https://randomuser.me/api/portraits/med/men/5.jpg', 'thumbnail': 'https://randomuser.me/api/portraits/thumb/men/5.jpg'}, 'nat': 'DE'}</msg>
<arg>${json_data['results'][0]}</arg>
<doc>Logs the given message with the given level.</doc>
<status status="PASS" start="2024-07-11T12:29:08.497965" elapsed="0.000419"/>
</kw>
<kw name="Log" owner="BuiltIn">
<msg time="2024-07-11T12:29:08.498857" level="INFO">gender</msg>
<arg>${key}</arg>
<doc>Logs the given message with the given level.</doc>
<status status="PASS" start="2024-07-11T12:29:08.498724" elapsed="0.000173"/>
</kw>
<var name="${key}">gender</var>
<status status="PASS" start="2024-07-11T12:29:08.497214" elapsed="0.001914"/>
</iter>
<iter>
<kw name="Dictionary Should Contain Key" owner="Collections">
<arg>${json_data['results'][0]}</arg>
<arg>${key}</arg>
<doc>Fails if ``key`` is not found from ``dictionary``.</doc>
<status status="PASS" start="2024-07-11T12:29:08.499438" elapsed="0.000421"/>
</kw>
<kw name="Log" owner="BuiltIn">
<msg time="2024-07-11T12:29:08.500420" level="INFO">{'gender': 'male', 'name': {'title': 'Mr', 'first': 'Sebastian', 'last': 'Liebig'}, 'location': {'street': {'number': 8727, 'name': 'Birkenstraße'}, 'city': 'Soest', 'state': 'Thüringen', 'country': 'Germany', 'postcode': 49660, 'coordinates': {'latitude': '-54.2136', 'longitude': '-85.8467'}, 'timezone': {'offset': '+9:30', 'description': 'Adelaide, Darwin'}}, 'email': 'sebastian.liebig@example.com', 'login': {'uuid': 'd8ed1df7-1b87-4cd5-a152-a8c011b523ab', 'username': 'greendog680', 'password': 'aspen', 'salt': 'fTFDW2wk', 'md5': '7a14a6523865104f5de6765e4ff54f08', 'sha1': '631bd2367e11a512a5a6d9e1e602c975f6ff66c8', 'sha256': 'e2b4373507a1c19c92573fb523ee12ef898cd63edb409ea35aea47487ad0c63b'}, 'dob': {'date': '1975-06-21T15:51:54.799Z', 'age': 49}, 'registered': {'date': '2017-11-24T07:23:39.431Z', 'age': 6}, 'phone': '0007-3126765', 'cell': '0177-4856045', 'id': {'name': 'SVNR', 'value': '55 210675 L 286'}, 'picture': {'large': 'https://randomuser.me/api/portraits/men/5.jpg', 'medium': 'https://randomuser.me/api/portraits/med/men/5.jpg', 'thumbnail': 'https://randomuser.me/api/portraits/thumb/men/5.jpg'}, 'nat': 'DE'}</msg>
<arg>${json_data['results'][0]}</arg>
<doc>Logs the given message with the given level.</doc>
<status status="PASS" start="2024-07-11T12:29:08.500060" elapsed="0.000445"/>
</kw>
<kw name="Log" owner="BuiltIn">
<msg time="2024-07-11T12:29:08.500945" level="INFO">name</msg>
<arg>${key}</arg>
<doc>Logs the given message with the given level.</doc>
<status status="PASS" start="2024-07-11T12:29:08.500814" elapsed="0.000170"/>
</kw>
<var name="${key}">name</var>
<status status="PASS" start="2024-07-11T12:29:08.499323" elapsed="0.001889"/>
</iter>
<iter>
<kw name="Dictionary Should Contain Key" owner="Collections">
<arg>${json_data['results'][0]}</arg>
<arg>${key}</arg>
<doc>Fails if ``key`` is not found from ``dictionary``.</doc>
<status status="PASS" start="2024-07-11T12:29:08.501507" elapsed="0.000383"/>
</kw>
<kw name="Log" owner="BuiltIn">
<msg time="2024-07-11T12:29:08.502435" level="INFO">{'gender': 'male', 'name': {'title': 'Mr', 'first': 'Sebastian', 'last': 'Liebig'}, 'location': {'street': {'number': 8727, 'name': 'Birkenstraße'}, 'city': 'Soest', 'state': 'Thüringen', 'country': 'Germany', 'postcode': 49660, 'coordinates': {'latitude': '-54.2136', 'longitude': '-85.8467'}, 'timezone': {'offset': '+9:30', 'description': 'Adelaide, Darwin'}}, 'email': 'sebastian.liebig@example.com', 'login': {'uuid': 'd8ed1df7-1b87-4cd5-a152-a8c011b523ab', 'username': 'greendog680', 'password': 'aspen', 'salt': 'fTFDW2wk', 'md5': '7a14a6523865104f5de6765e4ff54f08', 'sha1': '631bd2367e11a512a5a6d9e1e602c975f6ff66c8', 'sha256': 'e2b4373507a1c19c92573fb523ee12ef898cd63edb409ea35aea47487ad0c63b'}, 'dob': {'date': '1975-06-21T15:51:54.799Z', 'age': 49}, 'registered': {'date': '2017-11-24T07:23:39.431Z', 'age': 6}, 'phone': '0007-3126765', 'cell': '0177-4856045', 'id': {'name': 'SVNR', 'value': '55 210675 L 286'}, 'picture': {'large': 'https://randomuser.me/api/portraits/men/5.jpg', 'medium': 'https://randomuser.me/api/portraits/med/men/5.jpg', 'thumbnail': 'https://randomuser.me/api/portraits/thumb/men/5.jpg'}, 'nat': 'DE'}</msg>
<arg>${json_data['results'][0]}</arg>
<doc>Logs the given message with the given level.</doc>
<status status="PASS" start="2024-07-11T12:29:08.502079" elapsed="0.000408"/>
</kw>
<kw name="Log" owner="BuiltIn">
<msg time="2024-07-11T12:29:08.502922" level="INFO">location</msg>
<arg>${key}</arg>
<doc>Logs the given message with the given level.</doc>
<status status="PASS" start="2024-07-11T12:29:08.502793" elapsed="0.000167"/>
</kw>
<var name="${key}">location</var>
<status status="PASS" start="2024-07-11T12:29:08.501395" elapsed="0.001783"/>
</iter>
<iter>
<kw name="Dictionary Should Contain Key" owner="Collections">
<arg>${json_data['results'][0]}</arg>
<arg>${key}</arg>
<doc>Fails if ``key`` is not found from ``dictionary``.</doc>
<status status="PASS" start="2024-07-11T12:29:08.503458" elapsed="0.000414"/>
</kw>
<kw name="Log" owner="BuiltIn">
<msg time="2024-07-11T12:29:08.504444" level="INFO">{'gender': 'male', 'name': {'title': 'Mr', 'first': 'Sebastian', 'last': 'Liebig'}, 'location': {'street': {'number': 8727, 'name': 'Birkenstraße'}, 'city': 'Soest', 'state': 'Thüringen', 'country': 'Germany', 'postcode': 49660, 'coordinates': {'latitude': '-54.2136', 'longitude': '-85.8467'}, 'timezone': {'offset': '+9:30', 'description': 'Adelaide, Darwin'}}, 'email': 'sebastian.liebig@example.com', 'login': {'uuid': 'd8ed1df7-1b87-4cd5-a152-a8c011b523ab', 'username': 'greendog680', 'password': 'aspen', 'salt': 'fTFDW2wk', 'md5': '7a14a6523865104f5de6765e4ff54f08', 'sha1': '631bd2367e11a512a5a6d9e1e602c975f6ff66c8', 'sha256': 'e2b4373507a1c19c92573fb523ee12ef898cd63edb409ea35aea47487ad0c63b'}, 'dob': {'date': '1975-06-21T15:51:54.799Z', 'age': 49}, 'registered': {'date': '2017-11-24T07:23:39.431Z', 'age': 6}, 'phone': '0007-3126765', 'cell': '0177-4856045', 'id': {'name': 'SVNR', 'value': '55 210675 L 286'}, 'picture': {'large': 'https://randomuser.me/api/portraits/men/5.jpg', 'medium': 'https://randomuser.me/api/portraits/med/men/5.jpg', 'thumbnail': 'https://randomuser.me/api/portraits/thumb/men/5.jpg'}, 'nat': 'DE'}</msg>
<arg>${json_data['results'][0]}</arg>
<doc>Logs the given message with the given level.</doc>
<status status="PASS" start="2024-07-11T12:29:08.504089" elapsed="0.000406"/>
</kw>
<kw name="Log" owner="BuiltIn">
<msg time="2024-07-11T12:29:08.504927" level="INFO">email</msg>
<arg>${key}</arg>
<doc>Logs the given message with the given level.</doc>
<status status="PASS" start="2024-07-11T12:29:08.504800" elapsed="0.000167"/>
</kw>
<var name="${key}">email</var>
<status status="PASS" start="2024-07-11T12:29:08.503349" elapsed="0.001839"/>
</iter>
<iter>
<kw name="Dictionary Should Contain Key" owner="Collections">
<arg>${json_data['results'][0]}</arg>
<arg>${key}</arg>
<doc>Fails if ``key`` is not found from ``dictionary``.</doc>
<status status="PASS" start="2024-07-11T12:29:08.505474" elapsed="0.000390"/>
</kw>
<kw name="Log" owner="BuiltIn">
<msg time="2024-07-11T12:29:08.506409" level="INFO">{'gender': 'male', 'name': {'title': 'Mr', 'first': 'Sebastian', 'last': 'Liebig'}, 'location': {'street': {'number': 8727, 'name': 'Birkenstraße'}, 'city': 'Soest', 'state': 'Thüringen', 'country': 'Germany', 'postcode': 49660, 'coordinates': {'latitude': '-54.2136', 'longitude': '-85.8467'}, 'timezone': {'offset': '+9:30', 'description': 'Adelaide, Darwin'}}, 'email': 'sebastian.liebig@example.com', 'login': {'uuid': 'd8ed1df7-1b87-4cd5-a152-a8c011b523ab', 'username': 'greendog680', 'password': 'aspen', 'salt': 'fTFDW2wk', 'md5': '7a14a6523865104f5de6765e4ff54f08', 'sha1': '631bd2367e11a512a5a6d9e1e602c975f6ff66c8', 'sha256': 'e2b4373507a1c19c92573fb523ee12ef898cd63edb409ea35aea47487ad0c63b'}, 'dob': {'date': '1975-06-21T15:51:54.799Z', 'age': 49}, 'registered': {'date': '2017-11-24T07:23:39.431Z', 'age': 6}, 'phone': '0007-3126765', 'cell': '0177-4856045', 'id': {'name': 'SVNR', 'value': '55 210675 L 286'}, 'picture': {'large': 'https://randomuser.me/api/portraits/men/5.jpg', 'medium': 'https://randomuser.me/api/portraits/med/men/5.jpg', 'thumbnail': 'https://randomuser.me/api/portraits/thumb/men/5.jpg'}, 'nat': 'DE'}</msg>
<arg>${json_data['results'][0]}</arg>
<doc>Logs the given message with the given level.</doc>
<status status="PASS" start="2024-07-11T12:29:08.506049" elapsed="0.000410"/>
</kw>
<kw name="Log" owner="BuiltIn">
<msg time="2024-07-11T12:29:08.506885" level="INFO">login</msg>
<arg>${key}</arg>
<doc>Logs the given message with the given level.</doc>
<status status="PASS" start="2024-07-11T12:29:08.506758" elapsed="0.000165"/>
</kw>
<var name="${key}">login</var>
<status status="PASS" start="2024-07-11T12:29:08.505359" elapsed="0.001789"/>
</iter>
<var>${key}</var>
<value>@{expected_keys}</value>
<status status="PASS" start="2024-07-11T12:29:08.497013" elapsed="0.010257"/>
</for>
<kw name="Create List" owner="BuiltIn">
<msg time="2024-07-11T12:29:08.507596" level="INFO">${expected_keysTwo} = ['username', 'password']</msg>
<var>${expected_keysTwo}</var>
<arg>username</arg>
<arg>password</arg>
<doc>Returns a list containing given items.</doc>
<status status="PASS" start="2024-07-11T12:29:08.507462" elapsed="0.000158"/>
</kw>
<for flavor="IN">
<iter>
<kw name="Dictionary Should Contain Key" owner="Collections">
<arg>${json_data['results'][0]['login']}</arg>
<arg>${keyTwo}</arg>
<doc>Fails if ``key`` is not found from ``dictionary``.</doc>
<status status="PASS" start="2024-07-11T12:29:08.508184" elapsed="0.000382"/>
</kw>
<kw name="Dictionary Should Contain Key" owner="Collections">
<arg>${json_data['results'][0]['login']}</arg>
<arg>${keyTwo}</arg>
<doc>Fails if ``key`` is not found from ``dictionary``.</doc>
<status status="PASS" start="2024-07-11T12:29:08.508756" elapsed="0.000391"/>
</kw>
<kw name="Log" owner="BuiltIn">
<msg time="2024-07-11T12:29:08.509457" level="INFO">username</msg>
<arg>${keyTwo}</arg>
<doc>Logs the given message with the given level.</doc>
<status status="PASS" start="2024-07-11T12:29:08.509334" elapsed="0.000162"/>
</kw>
<var name="${keyTwo}">username</var>
<status status="PASS" start="2024-07-11T12:29:08.508073" elapsed="0.001652"/>
</iter>
<iter>
<kw name="Dictionary Should Contain Key" owner="Collections">
<arg>${json_data['results'][0]['login']}</arg>
<arg>${keyTwo}</arg>
<doc>Fails if ``key`` is not found from ``dictionary``.</doc>
<status status="PASS" start="2024-07-11T12:29:08.510008" elapsed="0.000387"/>
</kw>
<kw name="Dictionary Should Contain Key" owner="Collections">
<arg>${json_data['results'][0]['login']}</arg>
<arg>${keyTwo}</arg>
<doc>Fails if ``key`` is not found from ``dictionary``.</doc>
<status status="PASS" start="2024-07-11T12:29:08.510578" elapsed="0.000363"/>
</kw>
<kw name="Log" owner="BuiltIn">
<msg time="2024-07-11T12:29:08.511237" level="INFO">password</msg>
<arg>${keyTwo}</arg>
<doc>Logs the given message with the given level.</doc>
<status status="PASS" start="2024-07-11T12:29:08.511119" elapsed="0.000161"/>
</kw>
<var name="${keyTwo}">password</var>
<status status="PASS" start="2024-07-11T12:29:08.509898" elapsed="0.001605"/>
</iter>
<var>${keyTwo}</var>
<value>@{expected_keysTwo}</value>
<status status="PASS" start="2024-07-11T12:29:08.507916" elapsed="0.003709"/>
</for>
<status status="PASS" start="2024-07-11T12:29:08.341778" elapsed="0.170010"/>
</kw>
<doc>Testa a estrutura da resposta da API.</doc>
<tag>testeEstruturaResposta</tag>
<status status="PASS" start="2024-07-11T12:29:08.340943" elapsed="0.171014"/>
</test>
<test id="s1-s1-t4" name="Validar tipos de dados" line="28">
<kw name="Teste de Tipos de Dados" owner="random-user-service">
<kw name="GET On Session" owner="RequestsLibrary">
<msg time="2024-07-11T12:29:08.599012" level="INFO">GET Request : url=https://randomuser.me/api 
 path_url=/api 
 headers={'User-Agent': 'python-requests/2.32.3', 'Accept-Encoding': 'gzip, deflate', 'Accept': '*/*', 'Connection': 'keep-alive'} 
 body=None 
 </msg>
<msg time="2024-07-11T12:29:08.599085" level="INFO">GET Response : url=https://randomuser.me/api 
 status=200, reason=OK 
 headers={'Date': 'Thu, 11 Jul 2024 12:29:08 GMT', 'Content-Type': 'application/json; charset=utf-8', 'Transfer-Encoding': 'chunked', 'Connection': 'keep-alive', 'X-Powered-By': 'Express', 'Access-Control-Allow-Origin': '*', 'Cache-Control': 'no-cache', 'ETag': 'W/"47b-lmumqH2c/+miUFx+VIjP0LUZSJw"', 'Vary': 'Accept-Encoding', 'Content-Encoding': 'gzip', 'CF-Cache-Status': 'DYNAMIC', 'Report-To': '{"endpoints":[{"url":"https:\\/\\/a.nel.cloudflare.com\\/report\\/v4?s=mxlyR1ZRb%2Fmk%2Bdz30FmfDudG5QP4WqUyWQS8DSpOHh%2BcZJ3V5Zyb47uQufHhpWzJD6LXhNbItipObiOrw%2F9ur4mhXjKqp%2B9TF49FIaz1MVQelK%2BklV4XlJOXiJEWzJF8"}],"group":"cf-nel","max_age":604800}', 'NEL': '{"success_fraction":0,"report_to":"cf-nel","max_age":604800}', 'Server': 'cloudflare', 'CF-RAY': '8a18cc203d209831-SJC', 'alt-svc': 'h3=":443"; ma=86400'} 
 body={"results":[{"gender":"male","name":{"title":"Mr","first":"Dhruv","last":"Anand"},"location":{"street":{"number":8145,"name":"Racecource Rd"},"city":"Gandhidham","state":"Daman and Diu","country":"India","postcode":78954,"coordinates":{"latitude":"7.2237","longitude":"-171.0799"},"timezone":{"offset":"+9:30","description":"Adelaide, Darwin"}},"email":"dhruv.anand@example.com","login":{"uuid":"50eda44c-351d-4c83-8ce1-6851238de004","username":"whitebutterfly467","password":"simmons","salt":"nwgZVHlb","md5":"8e184349c022d0cf340ffb00de35b736","sha1":"3c9a4ed1b156ccc80fd42b125f961ca2b0a6ee92","sha256":"f460dea9c375b31e3f6e656ce75a3249b306c0c6319440d9f9ccc86652159e47"},"dob":{"date":"1974-12-22T23:04:52.774Z","age":49},"registered":{"date":"2009-03-10T09:24:51.797Z","age":15},"phone":"7258900257","cell":"7293180861","id":{"name":"UIDAI","value":"445884088021"},"picture":{"large":"https://randomuser.me/api/portraits/men/8.jpg","medium":"https://randomuser.me/api/portraits/med/men/8.jpg","thumbnail":"https://randomuser.me/api/portraits/thumb/men/8.jpg"},"nat":"IN"}],"info":{"seed":"d8fdd06f25008687","results":1,"page":1,"version":"1.4"}} 
 </msg>
<msg time="2024-07-11T12:29:08.599163" level="INFO">/opt/hostedtoolcache/Python/3.12.4/x64/lib/python3.12/site-packages/urllib3/connectionpool.py:1099: InsecureRequestWarning: Unverified HTTPS request is being made to host 'randomuser.me'. Adding certificate verification is strongly advised. See: https://urllib3.readthedocs.io/en/latest/advanced-usage.html#tls-warnings
  warnings.warn(</msg>
<msg time="2024-07-11T12:29:08.599256" level="INFO">${response} = &lt;Response [200]&gt;</msg>
<var>${response}</var>
<arg>consultarAPI</arg>
<arg>/api</arg>
<doc>Sends a GET request on a previously created HTTP Session.</doc>
<status status="PASS" start="2024-07-11T12:29:08.514614" elapsed="0.084684"/>
</kw>
<kw name="Set Variable" owner="BuiltIn">
<msg time="2024-07-11T12:29:08.600542" level="INFO">${json_data} = {'results': [{'gender': 'male', 'name': {'title': 'Mr', 'first': 'Dhruv', 'last': 'Anand'}, 'location': {'street': {'number': 8145, 'name': 'Racecource Rd'}, 'city': 'Gandhidham', 'state': 'Daman and ...</msg>
<var>${json_data}</var>
<arg>${response.json()}</arg>
<doc>Returns the given values which can then be assigned to a variables.</doc>
<status status="PASS" start="2024-07-11T12:29:08.599868" elapsed="0.000704"/>
</kw>
<kw name="Log" owner="BuiltIn">
<msg time="2024-07-11T12:29:08.601039" level="INFO">{'results': [{'gender': 'male', 'name': {'title': 'Mr', 'first': 'Dhruv', 'last': 'Anand'}, 'location': {'street': {'number': 8145, 'name': 'Racecource Rd'}, 'city': 'Gandhidham', 'state': 'Daman and Diu', 'country': 'India', 'postcode': 78954, 'coordinates': {'latitude': '7.2237', 'longitude': '-171.0799'}, 'timezone': {'offset': '+9:30', 'description': 'Adelaide, Darwin'}}, 'email': 'dhruv.anand@example.com', 'login': {'uuid': '50eda44c-351d-4c83-8ce1-6851238de004', 'username': 'whitebutterfly467', 'password': 'simmons', 'salt': 'nwgZVHlb', 'md5': '8e184349c022d0cf340ffb00de35b736', 'sha1': '3c9a4ed1b156ccc80fd42b125f961ca2b0a6ee92', 'sha256': 'f460dea9c375b31e3f6e656ce75a3249b306c0c6319440d9f9ccc86652159e47'}, 'dob': {'date': '1974-12-22T23:04:52.774Z', 'age': 49}, 'registered': {'date': '2009-03-10T09:24:51.797Z', 'age': 15}, 'phone': '7258900257', 'cell': '7293180861', 'id': {'name': 'UIDAI', 'value': '445884088021'}, 'picture': {'large': 'https://randomuser.me/api/portraits/men/8.jpg', 'medium': 'https://randomuser.me/api/portraits/med/men/8.jpg', 'thumbnail': 'https://randomuser.me/api/portraits/thumb/men/8.jpg'}, 'nat': 'IN'}], 'info': {'seed': 'd8fdd06f25008687', 'results': 1, 'page': 1, 'version': '1.4'}}</msg>
<arg>${json_data}</arg>
<doc>Logs the given message with the given level.</doc>
<status status="PASS" start="2024-07-11T12:29:08.600888" elapsed="0.000198"/>
</kw>
<kw name="Should Be String" owner="String">
<arg>${json_data['results'][0]['gender']}</arg>
<doc>Fails if the given ``item`` is not a string.</doc>
<status status="PASS" start="2024-07-11T12:29:08.601417" elapsed="0.000372"/>
</kw>
<kw name="Should Match Regexp" owner="BuiltIn">
<arg>${json_data['results'][0]['email']}</arg>
<arg>^[a-zA-Z0-9._%+-]+@[a-zA-Z0-9.-]+\.[a-zA-Z]{2,}$</arg>
<doc>Fails if ``string`` does not match ``pattern`` as a regular expression.</doc>
<status status="PASS" start="2024-07-11T12:29:08.601978" elapsed="0.000512"/>
</kw>
<kw name="Should Match Regexp" owner="BuiltIn">
<arg>${json_data['results'][0]['dob']['date']}</arg>
<arg>\\d{4}-\\d{2}-\\d{2}T\\d{2}:\\d{2}:\\d{2}\\.\\d{3}Z</arg>
<doc>Fails if ``string`` does not match ``pattern`` as a regular expression.</doc>
<status status="PASS" start="2024-07-11T12:29:08.602732" elapsed="0.000500"/>
</kw>
<kw name="Should Match Regexp" owner="BuiltIn">
<arg>${json_data['results'][0]['registered']['date']}</arg>
<arg>\\d{4}-\\d{2}-\\d{2}T\\d{2}:\\d{2}:\\d{2}\\.\\d{3}Z</arg>
<doc>Fails if ``string`` does not match ``pattern`` as a regular expression.</doc>
<status status="PASS" start="2024-07-11T12:29:08.603424" elapsed="0.000406"/>
</kw>
<kw name="Should Match Regexp" owner="BuiltIn">
<arg>${json_data['results'][0]['picture']['large']}</arg>
<arg>^https?://.*\.(?:png|jpe?g|gif|bmp)$</arg>
<doc>Fails if ``string`` does not match ``pattern`` as a regular expression.</doc>
<status status="PASS" start="2024-07-11T12:29:08.604033" elapsed="0.000464"/>
</kw>
<kw name="Should Match Regexp" owner="BuiltIn">
<arg>${json_data['results'][0]['picture']['medium']}</arg>
<arg>^https?://.*\.(?:png|jpe?g|gif|bmp)$</arg>
<doc>Fails if ``string`` does not match ``pattern`` as a regular expression.</doc>
<status status="PASS" start="2024-07-11T12:29:08.604688" elapsed="0.000350"/>
</kw>
<kw name="Should Match Regexp" owner="BuiltIn">
<arg>${json_data['results'][0]['picture']['thumbnail']}</arg>
<arg>^https?://.*\.(?:png|jpe?g|gif|bmp)$</arg>
<doc>Fails if ``string`` does not match ``pattern`` as a regular expression.</doc>
<status status="PASS" start="2024-07-11T12:29:08.605222" elapsed="0.000356"/>
</kw>
<kw name="Log" owner="BuiltIn">
<msg time="2024-07-11T12:29:08.606097" level="INFO">{'large': 'https://randomuser.me/api/portraits/men/8.jpg', 'medium': 'https://randomuser.me/api/portraits/med/men/8.jpg', 'thumbnail': 'https://randomuser.me/api/portraits/thumb/men/8.jpg'}</msg>
<arg>${json_data['results'][0]['picture']}</arg>
<doc>Logs the given message with the given level.</doc>
<status status="PASS" start="2024-07-11T12:29:08.605764" elapsed="0.000376"/>
</kw>
<status status="PASS" start="2024-07-11T12:29:08.514384" elapsed="0.092011"/>
</kw>
<kw name="Teste de Tipos de Dados - Postcode" owner="random-user-service">
<kw name="GET On Session" owner="RequestsLibrary">
<msg time="2024-07-11T12:29:08.699678" level="INFO">GET Request : url=https://randomuser.me/api 
 path_url=/api 
 headers={'User-Agent': 'python-requests/2.32.3', 'Accept-Encoding': 'gzip, deflate', 'Accept': '*/*', 'Connection': 'keep-alive'} 
 body=None 
 </msg>
<msg time="2024-07-11T12:29:08.699805" level="INFO">GET Response : url=https://randomuser.me/api 
 status=200, reason=OK 
 headers={'Date': 'Thu, 11 Jul 2024 12:29:08 GMT', 'Content-Type': 'application/json; charset=utf-8', 'Transfer-Encoding': 'chunked', 'Connection': 'keep-alive', 'X-Powered-By': 'Express', 'Access-Control-Allow-Origin': '*', 'Cache-Control': 'no-cache', 'ETag': 'W/"4a2-z7Ni5iYvs7fjEEd7TVCvGAWym8M"', 'Vary': 'Accept-Encoding', 'Content-Encoding': 'gzip', 'CF-Cache-Status': 'DYNAMIC', 'Report-To': '{"endpoints":[{"url":"https:\\/\\/a.nel.cloudflare.com\\/report\\/v4?s=af0qJr2EStG0AScJRaJDRnTlcM74oVnaVvfUyDGxDItFI8zR4NNSq5aWqedS5A%2FAeN6LEwF46SGh0ibfPfpf2p%2FJn6EQv7esTTgAZkmrin16pscI6kUPdkj98hxVvUH0"}],"group":"cf-nel","max_age":604800}', 'NEL': '{"success_fraction":0,"report_to":"cf-nel","max_age":604800}', 'Server': 'cloudflare', 'CF-RAY': '8a18cc20dd8d9831-SJC', 'alt-svc': 'h3=":443"; ma=86400'} 
 body={"results":[{"gender":"female","name":{"title":"Mrs","first":"نازنین","last":"مرادی"},"location":{"street":{"number":3801,"name":"میدان 15خرداد"},"city":"قدس","state":"گلستان","country":"Iran","postcode":13540,"coordinates":{"latitude":"14.6625","longitude":"154.5370"},"timezone":{"offset":"+5:00","description":"Ekaterinburg, Islamabad, Karachi, Tashkent"}},"email":"nznyn.mrdy@example.com","login":{"uuid":"c96a6aae-0657-4595-b8ac-83ad83d66b20","username":"silverlion307","password":"nwo4life","salt":"ywCvKwoH","md5":"bf93dd74e256b56412ddc318e596376f","sha1":"aed95d19af8fdb2ed9edea0257ae8b84173975b7","sha256":"a7547909e2f53a8a777383201cfc68924f573eb593c36070d28706d829aeb582"},"dob":{"date":"1983-06-25T12:08:07.784Z","age":41},"registered":{"date":"2019-04-14T15:02:27.712Z","age":5},"phone":"028-33610361","cell":"0946-678-3774","id":{"name":"","value":null},"picture":{"large":"https://randomuser.me/api/portraits/women/53.jpg","medium":"https://randomuser.me/api/portraits/med/women/53.jpg","thumbnail":"https://randomuser.me/api/portraits/thumb/women/53.jpg"},"nat":"IR"}],"info":{"seed":"a0bbbacfd5c58521","results":1,"page":1,"version":"1.4"}} 
 </msg>
<msg time="2024-07-11T12:29:08.699899" level="INFO">/opt/hostedtoolcache/Python/3.12.4/x64/lib/python3.12/site-packages/urllib3/connectionpool.py:1099: InsecureRequestWarning: Unverified HTTPS request is being made to host 'randomuser.me'. Adding certificate verification is strongly advised. See: https://urllib3.readthedocs.io/en/latest/advanced-usage.html#tls-warnings
  warnings.warn(</msg>
<msg time="2024-07-11T12:29:08.700019" level="INFO">${response} = &lt;Response [200]&gt;</msg>
<var>${response}</var>
<arg>consultarAPI</arg>
<arg>/api</arg>
<doc>Sends a GET request on a previously created HTTP Session.</doc>
<status status="PASS" start="2024-07-11T12:29:08.606830" elapsed="0.093244"/>
</kw>
<kw name="Set Variable" owner="BuiltIn">
<msg time="2024-07-11T12:29:08.701349" level="INFO">${json_data} = {'results': [{'gender': 'female', 'name': {'title': 'Mrs', 'first': 'نازنین', 'last': 'مرادی'}, 'location': {'street': {'number': 3801, 'name': 'میدان 15خرداد'}, 'city': 'قدس', 'state': 'گلستان', 'cou...</msg>
<var>${json_data}</var>
<arg>${response.json()}</arg>
<doc>Returns the given values which can then be assigned to a variables.</doc>
<status status="PASS" start="2024-07-11T12:29:08.700644" elapsed="0.000736"/>
</kw>
<kw name="Log" owner="BuiltIn">
<msg time="2024-07-11T12:29:08.701851" level="INFO">{'results': [{'gender': 'female', 'name': {'title': 'Mrs', 'first': 'نازنین', 'last': 'مرادی'}, 'location': {'street': {'number': 3801, 'name': 'میدان 15خرداد'}, 'city': 'قدس', 'state': 'گلستان', 'country': 'Iran', 'postcode': 13540, 'coordinates': {'latitude': '14.6625', 'longitude': '154.5370'}, 'timezone': {'offset': '+5:00', 'description': 'Ekaterinburg, Islamabad, Karachi, Tashkent'}}, 'email': 'nznyn.mrdy@example.com', 'login': {'uuid': 'c96a6aae-0657-4595-b8ac-83ad83d66b20', 'username': 'silverlion307', 'password': 'nwo4life', 'salt': 'ywCvKwoH', 'md5': 'bf93dd74e256b56412ddc318e596376f', 'sha1': 'aed95d19af8fdb2ed9edea0257ae8b84173975b7', 'sha256': 'a7547909e2f53a8a777383201cfc68924f573eb593c36070d28706d829aeb582'}, 'dob': {'date': '1983-06-25T12:08:07.784Z', 'age': 41}, 'registered': {'date': '2019-04-14T15:02:27.712Z', 'age': 5}, 'phone': '028-33610361', 'cell': '0946-678-3774', 'id': {'name': '', 'value': None}, 'picture': {'large': 'https://randomuser.me/api/portraits/women/53.jpg', 'medium': 'https://randomuser.me/api/portraits/med/women/53.jpg', 'thumbnail': 'https://randomuser.me/api/portraits/thumb/women/53.jpg'}, 'nat': 'IR'}], 'info': {'seed': 'a0bbbacfd5c58521', 'results': 1, 'page': 1, 'version': '1.4'}}</msg>
<arg>${json_data}</arg>
<doc>Logs the given message with the given level.</doc>
<status status="PASS" start="2024-07-11T12:29:08.701695" elapsed="0.000207"/>
</kw>
<kw name="Should Be Equal As Numbers" owner="BuiltIn">
<arg>${json_data['results'][0]['location']['postcode']}</arg>
<arg>${json_data['results'][0]['location']['postcode']}</arg>
<doc>Fails if objects are unequal after converting them to real numbers.</doc>
<status status="PASS" start="2024-07-11T12:29:08.702198" elapsed="0.000627"/>
</kw>
<kw name="Log" owner="BuiltIn">
<msg time="2024-07-11T12:29:08.703366" level="INFO">13540</msg>
<arg>${json_data['results'][0]['location']['postcode']}</arg>
<doc>Logs the given message with the given level.</doc>
<status status="PASS" start="2024-07-11T12:29:08.703020" elapsed="0.000387"/>
</kw>
<status status="PASS" start="2024-07-11T12:29:08.606608" elapsed="0.097078"/>
</kw>
<doc>Testa se os tipos de dados na resposta da API estão corretos.</doc>
<tag>testeTiposDados</tag>
<status status="PASS" start="2024-07-11T12:29:08.513730" elapsed="0.190175"/>
</test>
<test id="s1-s1-t5" name="Validar conteudo" line="35">
<kw name="Teste de Tipos de Conteudo" owner="random-user-service">
<kw name="GET On Session" owner="RequestsLibrary">
<msg time="2024-07-11T12:29:08.804723" level="INFO">GET Request : url=https://randomuser.me/api 
 path_url=/api 
 headers={'User-Agent': 'python-requests/2.32.3', 'Accept-Encoding': 'gzip, deflate', 'Accept': '*/*', 'Connection': 'keep-alive'} 
 body=None 
 </msg>
<msg time="2024-07-11T12:29:08.804802" level="INFO">GET Response : url=https://randomuser.me/api 
 status=200, reason=OK 
 headers={'Date': 'Thu, 11 Jul 2024 12:29:08 GMT', 'Content-Type': 'application/json; charset=utf-8', 'Transfer-Encoding': 'chunked', 'Connection': 'keep-alive', 'X-Powered-By': 'Express', 'Access-Control-Allow-Origin': '*', 'Cache-Control': 'no-cache', 'ETag': 'W/"48d-BkpMeLKg+sJIcJ9rsPUumTQdWBo"', 'Vary': 'Accept-Encoding', 'Content-Encoding': 'gzip', 'CF-Cache-Status': 'DYNAMIC', 'Report-To': '{"endpoints":[{"url":"https:\\/\\/a.nel.cloudflare.com\\/report\\/v4?s=PLgC4rHo%2Fh%2BQIlBbEjLvEIYXwk1lCrEEclLGVECgSXMB%2B8l4PJosPiDLHE5d3Qoi081lgs5h1rQAz%2FJ91ObgXVEXrJziM%2BXSxfmVW7Vgx0pkVrIZWHeSB8B79xfV8bw%2F"}],"group":"cf-nel","max_age":604800}', 'NEL': '{"success_fraction":0,"report_to":"cf-nel","max_age":604800}', 'Server': 'cloudflare', 'CF-RAY': '8a18cc217e209831-SJC', 'alt-svc': 'h3=":443"; ma=86400'} 
 body={"results":[{"gender":"male","name":{"title":"Mr","first":"Benjamin","last":"Christiansen"},"location":{"street":{"number":441,"name":"Bøgevang"},"city":"Støvring ","state":"Danmark","country":"Denmark","postcode":97073,"coordinates":{"latitude":"-43.0192","longitude":"-99.4582"},"timezone":{"offset":"-7:00","description":"Mountain Time (US &amp; Canada)"}},"email":"benjamin.christiansen@example.com","login":{"uuid":"22201d0f-ddda-477f-aa54-75b87010d198","username":"goldenelephant495","password":"oranges","salt":"Z22PDB95","md5":"155f189c4ab512ba2f75294e10395069","sha1":"7a2817afc4fc1c146182d6cf821b807c5231cd40","sha256":"6c926c0532e8c98df435b19168b45106f2a9b4139e1102f805e17b941ac4c800"},"dob":{"date":"1964-03-27T19:22:34.869Z","age":60},"registered":{"date":"2016-08-29T04:23:09.047Z","age":7},"phone":"40108065","cell":"83673726","id":{"name":"CPR","value":"270364-5556"},"picture":{"large":"https://randomuser.me/api/portraits/men/54.jpg","medium":"https://randomuser.me/api/portraits/med/men/54.jpg","thumbnail":"https://randomuser.me/api/portraits/thumb/men/54.jpg"},"nat":"DK"}],"info":{"seed":"9b4c3152b190d290","results":1,"page":1,"version":"1.4"}} 
 </msg>
<msg time="2024-07-11T12:29:08.804888" level="INFO">/opt/hostedtoolcache/Python/3.12.4/x64/lib/python3.12/site-packages/urllib3/connectionpool.py:1099: InsecureRequestWarning: Unverified HTTPS request is being made to host 'randomuser.me'. Adding certificate verification is strongly advised. See: https://urllib3.readthedocs.io/en/latest/advanced-usage.html#tls-warnings
  warnings.warn(</msg>
<msg time="2024-07-11T12:29:08.804999" level="INFO">${response} = &lt;Response [200]&gt;</msg>
<var>${response}</var>
<arg>consultarAPI</arg>
<arg>/api</arg>
<doc>Sends a GET request on a previously created HTTP Session.</doc>
<status status="PASS" start="2024-07-11T12:29:08.707376" elapsed="0.097670"/>
</kw>
<kw name="Set Variable" owner="BuiltIn">
<msg time="2024-07-11T12:29:08.805922" level="INFO">${json_data} = {'results': [{'gender': 'male', 'name': {'title': 'Mr', 'first': 'Benjamin', 'last': 'Christiansen'}, 'location': {'street': {'number': 441, 'name': 'Bøgevang'}, 'city': 'Støvring ', 'state': 'Danmark...</msg>
<var>${json_data}</var>
<arg>${response.json()}</arg>
<doc>Returns the given values which can then be assigned to a variables.</doc>
<status status="PASS" start="2024-07-11T12:29:08.805484" elapsed="0.000467"/>
</kw>
<kw name="Set Variable" owner="BuiltIn">
<msg time="2024-07-11T12:29:08.806623" level="INFO">${name_title} = Mr</msg>
<var>${name_title}</var>
<arg>${json_data["results"][0]["name"]["title"]}</arg>
<doc>Returns the given values which can then be assigned to a variables.</doc>
<status status="PASS" start="2024-07-11T12:29:08.806252" elapsed="0.000396"/>
</kw>
<kw name="Create List" owner="BuiltIn">
<msg time="2024-07-11T12:29:08.807095" level="INFO">${allowed_titles} = ['Mr', 'Ms', 'Miss', 'Mrs', 'Madame', 'Monsieur']</msg>
<var>${allowed_titles}</var>
<arg>Mr</arg>
<arg>Ms</arg>
<arg>Miss</arg>
<arg>Mrs</arg>
<arg>Madame</arg>
<arg>Monsieur</arg>
<doc>Returns a list containing given items.</doc>
<status status="PASS" start="2024-07-11T12:29:08.806941" elapsed="0.000178"/>
</kw>
<kw name="List Should Contain Value" owner="Collections">
<arg>${allowed_titles}</arg>
<arg>${name_title}</arg>
<doc>Fails if the ``value`` is not found from ``list``.</doc>
<status status="PASS" start="2024-07-11T12:29:08.807413" elapsed="0.000171"/>
</kw>
<kw name="Set Variable" owner="BuiltIn">
<msg time="2024-07-11T12:29:08.808190" level="INFO">${name_country} = DK</msg>
<var>${name_country}</var>
<arg>${json_data["results"][0]["nat"]}</arg>
<doc>Returns the given values which can then be assigned to a variables.</doc>
<status status="PASS" start="2024-07-11T12:29:08.807799" elapsed="0.000416"/>
</kw>
<kw name="Create List" owner="BuiltIn">
<msg time="2024-07-11T12:29:08.809124" level="INFO">${list_country} = ['AD', 'AE', 'AF', 'AG', 'AI', 'AL', 'AM', 'AO', 'AQ', 'AR', 'AS', 'AT', 'AU', 'AW', 'AX', 'AZ', 'BA', 'BB', 'BD', 'BE', 'BF', 'BG', 'BH', 'BI', 'BJ', 'BL', 'BM', 'BN', 'BO', 'BQ', 'BR', 'BS', 'BT', '...</msg>
<var>${list_country}</var>
<arg>AD</arg>
<arg>AE</arg>
<arg>AF</arg>
<arg>AG</arg>
<arg>AI</arg>
<arg>AL</arg>
<arg>AM</arg>
<arg>AO</arg>
<arg>AQ</arg>
<arg>AR</arg>
<arg>AS</arg>
<arg>AT</arg>
<arg>AU</arg>
<arg>AW</arg>
<arg>AX</arg>
<arg>AZ</arg>
<arg>BA</arg>
<arg>BB</arg>
<arg>BD</arg>
<arg>BE</arg>
<arg>BF</arg>
<arg>BG</arg>
<arg>BH</arg>
<arg>BI</arg>
<arg>BJ</arg>
<arg>BL</arg>
<arg>BM</arg>
<arg>BN</arg>
<arg>BO</arg>
<arg>BQ</arg>
<arg>BR</arg>
<arg>BS</arg>
<arg>BT</arg>
<arg>BV</arg>
<arg>BW</arg>
<arg>BY</arg>
<arg>BZ</arg>
<arg>CA</arg>
<arg>CC</arg>
<arg>CD</arg>
<arg>CF</arg>
<arg>CG</arg>
<arg>CH</arg>
<arg>CI</arg>
<arg>CK</arg>
<arg>CL</arg>
<arg>CM</arg>
<arg>CN</arg>
<arg>CO</arg>
<arg>CR</arg>
<arg>CU</arg>
<arg>CV</arg>
<arg>CW</arg>
<arg>CX</arg>
<arg>CY</arg>
<arg>CZ</arg>
<arg>DE</arg>
<arg>DJ</arg>
<arg>DK</arg>
<arg>DM</arg>
<arg>DO</arg>
<arg>DZ</arg>
<arg>EC</arg>
<arg>EE</arg>
<arg>EG</arg>
<arg>EH</arg>
<arg>ER</arg>
<arg>ES</arg>
<arg>ET</arg>
<arg>FI</arg>
<arg>FJ</arg>
<arg>FK</arg>
<arg>FM</arg>
<arg>FO</arg>
<arg>FR</arg>
<arg>GA</arg>
<arg>GB</arg>
<arg>GD</arg>
<arg>GE</arg>
<arg>GF</arg>
<arg>GG</arg>
<arg>GH</arg>
<arg>GI</arg>
<arg>GL</arg>
<arg>GM</arg>
<arg>GN</arg>
<arg>GP</arg>
<arg>GQ</arg>
<arg>GR</arg>
<arg>GS</arg>
<arg>GT</arg>
<arg>GU</arg>
<arg>GW</arg>
<arg>GY</arg>
<arg>HK</arg>
<arg>HM</arg>
<arg>HN</arg>
<arg>HR</arg>
<arg>HT</arg>
<arg>HU</arg>
<arg>ID</arg>
<arg>IE</arg>
<arg>IL</arg>
<arg>IM</arg>
<arg>IN</arg>
<arg>IO</arg>
<arg>IQ</arg>
<arg>IR</arg>
<arg>IS</arg>
<arg>IT</arg>
<arg>JE</arg>
<arg>JM</arg>
<arg>JO</arg>
<arg>JP</arg>
<arg>KE</arg>
<arg>KG</arg>
<arg>KH</arg>
<arg>KI</arg>
<arg>KM</arg>
<arg>KN</arg>
<arg>KP</arg>
<arg>KR</arg>
<arg>KW</arg>
<arg>KY</arg>
<arg>KZ</arg>
<arg>LA</arg>
<arg>LB</arg>
<arg>LC</arg>
<arg>LI</arg>
<arg>LK</arg>
<arg>LR</arg>
<arg>LS</arg>
<arg>LT</arg>
<arg>LU</arg>
<arg>LV</arg>
<arg>LY</arg>
<arg>MA</arg>
<arg>MC</arg>
<arg>MD</arg>
<arg>ME</arg>
<arg>MF</arg>
<arg>MG</arg>
<arg>MH</arg>
<arg>MK</arg>
<arg>ML</arg>
<arg>MM</arg>
<arg>MN</arg>
<arg>MO</arg>
<arg>MP</arg>
<arg>MQ</arg>
<arg>MR</arg>
<arg>MS</arg>
<arg>MT</arg>
<arg>MU</arg>
<arg>MV</arg>
<arg>MW</arg>
<arg>MX</arg>
<arg>MY</arg>
<arg>MZ</arg>
<arg>NA</arg>
<arg>NC</arg>
<arg>NE</arg>
<arg>NF</arg>
<arg>NG</arg>
<arg>NI</arg>
<arg>NL</arg>
<arg>NO</arg>
<arg>NP</arg>
<arg>NR</arg>
<arg>NU</arg>
<arg>NZ</arg>
<arg>OM</arg>
<arg>PA</arg>
<arg>PE</arg>
<arg>PF</arg>
<arg>PG</arg>
<arg>PH</arg>
<arg>PK</arg>
<arg>PL</arg>
<arg>PM</arg>
<arg>PN</arg>
<arg>PR</arg>
<arg>PS</arg>
<arg>PT</arg>
<arg>PW</arg>
<arg>PY</arg>
<arg>QA</arg>
<arg>RE</arg>
<arg>RO</arg>
<arg>RS</arg>
<arg>RU</arg>
<arg>RW</arg>
<arg>SA</arg>
<arg>SB</arg>
<arg>SC</arg>
<arg>SD</arg>
<arg>SE</arg>
<arg>SG</arg>
<arg>SH</arg>
<arg>SI</arg>
<arg>SJ</arg>
<arg>SK</arg>
<arg>SL</arg>
<arg>SM</arg>
<arg>SN</arg>
<arg>SO</arg>
<arg>SR</arg>
<arg>SS</arg>
<arg>ST</arg>
<arg>SV</arg>
<arg>SX</arg>
<arg>SY</arg>
<arg>SZ</arg>
<arg>TC</arg>
<arg>TD</arg>
<arg>TF</arg>
<arg>TG</arg>
<arg>TH</arg>
<arg>TJ</arg>
<arg>TK</arg>
<arg>TL</arg>
<arg>TM</arg>
<arg>TN</arg>
<arg>TO</arg>
<arg>TR</arg>
<arg>TT</arg>
<arg>TV</arg>
<arg>TW</arg>
<arg>TZ</arg>
<arg>UA</arg>
<arg>UG</arg>
<arg>UM</arg>
<arg>US</arg>
<arg>UY</arg>
<arg>UZ</arg>
<arg>VA</arg>
<arg>VC</arg>
<arg>VE</arg>
<arg>VG</arg>
<arg>VI</arg>
<arg>VN</arg>
<arg>VU</arg>
<arg>WF</arg>
<arg>WS</arg>
<arg>XK</arg>
<arg>YE</arg>
<arg>YT</arg>
<arg>ZA</arg>
<arg>ZM</arg>
<arg>ZW</arg>
<doc>Returns a list containing given items.</doc>
<status status="PASS" start="2024-07-11T12:29:08.808523" elapsed="0.000626"/>
</kw>
<kw name="List Should Contain Value" owner="Collections">
<arg>${list_country}</arg>
<arg>${name_country}</arg>
<doc>Fails if the ``value`` is not found from ``list``.</doc>
<status status="PASS" start="2024-07-11T12:29:08.809945" elapsed="0.000202"/>
</kw>
<kw name="Run Keyword If" owner="BuiltIn">
<kw name="Should Be True" owner="BuiltIn">
<arg>${True}</arg>
<doc>Fails if the given condition is not true.</doc>
<status status="PASS" start="2024-07-11T12:29:08.811063" elapsed="0.000140"/>
</kw>
<arg>${json_data["results"][0]["location"]["coordinates"]["latitude"]} &gt;= -90 and ${json_data["results"][0]["location"]["coordinates"]["latitude"]} &lt;= 90</arg>
<arg>Should Be True</arg>
<arg>${True}</arg>
<doc>Runs the given keyword with the given arguments, if ``condition`` is true.</doc>
<status status="PASS" start="2024-07-11T12:29:08.810342" elapsed="0.000985"/>
</kw>
<kw name="Run Keyword If" owner="BuiltIn">
<kw name="Should Be True" owner="BuiltIn">
<arg>${True}</arg>
<doc>Fails if the given condition is not true.</doc>
<status status="PASS" start="2024-07-11T12:29:08.812209" elapsed="0.000136"/>
</kw>
<arg>${json_data["results"][0]["location"]["coordinates"]["longitude"]} &gt;= -180 and ${json_data["results"][0]["location"]["coordinates"]["longitude"]} &lt;= 180</arg>
<arg>Should Be True</arg>
<arg>${True}</arg>
<doc>Runs the given keyword with the given arguments, if ``condition`` is true.</doc>
<status status="PASS" start="2024-07-11T12:29:08.811507" elapsed="0.000960"/>
</kw>
<status status="PASS" start="2024-07-11T12:29:08.706784" elapsed="0.105812"/>
</kw>
<doc>Testa o conteúdo específico dos campos retornados pela API.</doc>
<tag>testeConteudo</tag>
<status status="PASS" start="2024-07-11T12:29:08.706092" elapsed="0.106645"/>
</test>
<status status="PASS" start="2024-07-11T12:29:07.772856" elapsed="1.041735"/>
</suite>
<status status="PASS" start="2024-07-11T12:29:07.758526" elapsed="1.061076"/>
</suite>
<statistics>
<total>
<stat pass="5" fail="0" skip="0">All Tests</stat>
</total>
<tag>
<stat pass="1" fail="0" skip="0">testeConteudo</stat>
<stat pass="1" fail="0" skip="0">testeEstruturaResposta</stat>
<stat pass="1" fail="0" skip="0">testeRequisicaoBasica</stat>
<stat pass="1" fail="0" skip="0">testeTiposDados</stat>
</tag>
<suite>
<stat pass="5" fail="0" skip="0" id="s1" name="Tests">Tests</stat>
<stat pass="5" fail="0" skip="0" id="s1-s1" name="Random-User-Test">Tests.Random-User-Test</stat>
</suite>
</statistics>
<errors>
</errors>
</robot>
