<?xml version="1.0" encoding="UTF-8"?>
<robot generator="Robot 7.0 (Python 3.12.3 on linux)" generated="2024-06-02T23:14:14.728047" rpa="false" schemaversion="5">
<suite id="s1" name="Tests" source="/home/runner/work/ApiRandomUser/ApiRandomUser/RamdonUser/tests">
<suite id="s1-s1" name="Random-User-Test" source="/home/runner/work/ApiRandomUser/ApiRandomUser/RamdonUser/tests/random-user-test.robot">
<test id="s1-s1-t1" name="Conectar" line="13">
<kw name="Conectar API" owner="random-user-service">
<kw name="Create Session" owner="RequestsLibrary">
<msg time="2024-06-02T23:14:15.185964" level="INFO">Creating Session using : alias=consultarAPI, url=https://randomuser.me/, headers={},                     cookies={}, auth=None, timeout=None, proxies=None, verify=False,                     debug=0 </msg>
<arg>consultarAPI</arg>
<arg>${URL}</arg>
<doc>Create Session: create a HTTP session to a server</doc>
<status status="PASS" start="2024-06-02T23:14:15.185735" elapsed="0.000442"/>
</kw>
<status status="PASS" start="2024-06-02T23:14:15.184626" elapsed="0.001954"/>
</kw>
<status status="PASS" start="2024-06-02T23:14:15.183973" elapsed="0.002819"/>
</test>
<test id="s1-s1-t2" name="Validar retorno 200 e JSON Válido" line="16">
<kw name="Teste de Requisicao Basica" owner="random-user-service">
<kw name="GET On Session" owner="RequestsLibrary">
<msg time="2024-06-02T23:14:15.359069" level="INFO">GET Request : url=https://randomuser.me/api 
 path_url=/api 
 headers={'User-Agent': 'python-requests/2.32.3', 'Accept-Encoding': 'gzip, deflate', 'Accept': '*/*', 'Connection': 'keep-alive'} 
 body=None 
 </msg>
<msg time="2024-06-02T23:14:15.359262" level="INFO">GET Response : url=https://randomuser.me/api 
 status=200, reason=OK 
 headers={'Date': 'Sun, 02 Jun 2024 23:14:15 GMT', 'Content-Type': 'application/json; charset=utf-8', 'Transfer-Encoding': 'chunked', 'Connection': 'keep-alive', 'X-Powered-By': 'Express', 'Access-Control-Allow-Origin': '*', 'Cache-Control': 'no-cache', 'ETag': 'W/"490-Oqt6BsCeUeEn9WcAEdO5Lrkqv2w"', 'Vary': 'Accept-Encoding', 'Content-Encoding': 'gzip', 'CF-Cache-Status': 'DYNAMIC', 'Report-To': '{"endpoints":[{"url":"https:\\/\\/a.nel.cloudflare.com\\/report\\/v4?s=16Pcr5DAIRI2U6YlH6IeQ65xrqfSlMdiN%2FJhQJEkp8Su9o7x2F6%2BjaHKNt8kVp%2BXgwsF8wI3HL6Gt4S0bFn3DgoYikfFBYNwQeB9PtLJgJUK2g9V099sdEbaiqJIzOjz"}],"group":"cf-nel","max_age":604800}', 'NEL': '{"success_fraction":0,"report_to":"cf-nel","max_age":604800}', 'Server': 'cloudflare', 'CF-RAY': '88db237d498d2ad7-LAX', 'alt-svc': 'h3=":443"; ma=86400'} 
 body={"results":[{"gender":"male","name":{"title":"Mr","first":"Nazariy","last":"Makoviychuk"},"location":{"street":{"number":4767,"name":"Geroyiv Sevastopolya"},"city":"Belz","state":"Ternopilska","country":"Ukraine","postcode":10065,"coordinates":{"latitude":"73.6895","longitude":"-136.1348"},"timezone":{"offset":"-3:00","description":"Brazil, Buenos Aires, Georgetown"}},"email":"nazariy.makoviychuk@example.com","login":{"uuid":"985730c0-188b-41cf-a358-51b3014beea6","username":"greenlion405","password":"chai","salt":"fFFTdV03","md5":"035cf8ff93398d7e1ef125537f17fb21","sha1":"bba7ba89e537a39989f27e26d0c881aab22e9e6b","sha256":"f1f47cb4400129235188a4dc021593d2d29c3fea816cd9ec2013ecce009ccd04"},"dob":{"date":"1948-12-08T03:58:46.676Z","age":75},"registered":{"date":"2017-01-31T16:33:11.455Z","age":7},"phone":"(066) C27-9964","cell":"(067) O88-9169","id":{"name":"","value":null},"picture":{"large":"https://randomuser.me/api/portraits/men/23.jpg","medium":"https://randomuser.me/api/portraits/med/men/23.jpg","thumbnail":"https://randomuser.me/api/portraits/thumb/men/23.jpg"},"nat":"UA"}],"info":{"seed":"81711f0233d479c2","results":1,"page":1,"version":"1.4"}} 
 </msg>
<msg time="2024-06-02T23:14:15.359371" level="INFO">/opt/hostedtoolcache/Python/3.12.3/x64/lib/python3.12/site-packages/urllib3/connectionpool.py:1103: InsecureRequestWarning: Unverified HTTPS request is being made to host 'randomuser.me'. Adding certificate verification is strongly advised. See: https://urllib3.readthedocs.io/en/latest/advanced-usage.html#tls-warnings
  warnings.warn(</msg>
<msg time="2024-06-02T23:14:15.359555" level="INFO">${response} = &lt;Response [200]&gt;</msg>
<var>${response}</var>
<arg>consultarAPI</arg>
<arg>/api</arg>
<doc>Sends a GET request on a previously created HTTP Session.</doc>
<status status="PASS" start="2024-06-02T23:14:15.189610" elapsed="0.170000"/>
</kw>
<kw name="Should Be Equal As Numbers" owner="BuiltIn">
<msg time="2024-06-02T23:14:15.361143" level="INFO">Argument types are:
&lt;class 'int'&gt;
&lt;class 'str'&gt;</msg>
<arg>${response.status_code}</arg>
<arg>200</arg>
<doc>Fails if objects are unequal after converting them to real numbers.</doc>
<status status="PASS" start="2024-06-02T23:14:15.360538" elapsed="0.000686"/>
</kw>
<kw name="Log" owner="BuiltIn">
<msg time="2024-06-02T23:14:15.362184" level="INFO">200</msg>
<arg>${response.status_code}</arg>
<doc>Logs the given message with the given level.</doc>
<status status="PASS" start="2024-06-02T23:14:15.361742" elapsed="0.000496"/>
</kw>
<kw name="Set Variable" owner="BuiltIn">
<msg time="2024-06-02T23:14:15.363112" level="INFO">${json_data} = {'results': [{'gender': 'male', 'name': {'title': 'Mr', 'first': 'Nazariy', 'last': 'Makoviychuk'}, 'location': {'street': {'number': 4767, 'name': 'Geroyiv Sevastopolya'}, 'city': 'Belz', 'state': 'T...</msg>
<var>${json_data}</var>
<arg>${response.json()}</arg>
<doc>Returns the given values which can then be assigned to a variables.</doc>
<status status="PASS" start="2024-06-02T23:14:15.362630" elapsed="0.000512"/>
</kw>
<kw name="Dictionary Should Contain Key" owner="Collections">
<msg time="2024-06-02T23:14:15.363654" level="INFO">False</msg>
<arg>${json_data}</arg>
<arg>results</arg>
<doc>Fails if ``key`` is not found from ``dictionary``.</doc>
<status status="PASS" start="2024-06-02T23:14:15.363472" elapsed="0.000224"/>
</kw>
<status status="PASS" start="2024-06-02T23:14:15.189344" elapsed="0.174620"/>
</kw>
<doc>Testa se a API responde corretamente e retorna um objeto JSON válido.</doc>
<tag>testeRequisicaoBasica</tag>
<status status="PASS" start="2024-06-02T23:14:15.188773" elapsed="0.175388"/>
</test>
<test id="s1-s1-t3" name="Validar estrutura de resposta" line="22">
<kw name="Teste de Estrutura de Resposta" owner="random-user-service">
<kw name="GET On Session" owner="RequestsLibrary">
<msg time="2024-06-02T23:14:15.464609" level="INFO">GET Request : url=https://randomuser.me/api 
 path_url=/api 
 headers={'User-Agent': 'python-requests/2.32.3', 'Accept-Encoding': 'gzip, deflate', 'Accept': '*/*', 'Connection': 'keep-alive'} 
 body=None 
 </msg>
<msg time="2024-06-02T23:14:15.464730" level="INFO">GET Response : url=https://randomuser.me/api 
 status=200, reason=OK 
 headers={'Date': 'Sun, 02 Jun 2024 23:14:15 GMT', 'Content-Type': 'application/json; charset=utf-8', 'Transfer-Encoding': 'chunked', 'Connection': 'keep-alive', 'X-Powered-By': 'Express', 'Access-Control-Allow-Origin': '*', 'Cache-Control': 'no-cache', 'ETag': 'W/"491-RhTk8jdeBoB1QHxg9wFh099zDGM"', 'Vary': 'Accept-Encoding', 'Content-Encoding': 'gzip', 'CF-Cache-Status': 'DYNAMIC', 'Report-To': '{"endpoints":[{"url":"https:\\/\\/a.nel.cloudflare.com\\/report\\/v4?s=6oWut%2BwxlD094l5INcNuvUeRynWAbXsLb%2F33uAEWHjCovDllT6oYlYrwubF%2BaYksXHxnisuKaSPPbUDyPDzXkVDwmiSoB1XO%2BYPlGGi0VVuazVNjVldNYdZ2ihSfl6qs"}],"group":"cf-nel","max_age":604800}', 'NEL': '{"success_fraction":0,"report_to":"cf-nel","max_age":604800}', 'Server': 'cloudflare', 'CF-RAY': '88db237e1a602ad7-LAX', 'alt-svc': 'h3=":443"; ma=86400'} 
 body={"results":[{"gender":"female","name":{"title":"Mrs","first":"Pascale","last":"Klinge"},"location":{"street":{"number":8146,"name":"Friedhofstraße"},"city":"Wörth am Main","state":"Brandenburg","country":"Germany","postcode":89394,"coordinates":{"latitude":"-53.7631","longitude":"172.3626"},"timezone":{"offset":"-3:30","description":"Newfoundland"}},"email":"pascale.klinge@example.com","login":{"uuid":"c764d5f3-e208-4d39-b1af-77393493658b","username":"yellowkoala544","password":"peggy","salt":"haH2mJRf","md5":"fa23429581295400e93a2c40ad4628b5","sha1":"ca09dadf02c8b5cf3e6fa535c65621188002bc92","sha256":"49ea6e80170daad9241fe7d49a73a05b0c8831569a9afee21dc919bb54a5ee75"},"dob":{"date":"1958-05-14T20:42:35.508Z","age":66},"registered":{"date":"2014-02-12T02:53:35.038Z","age":10},"phone":"0252-4357894","cell":"0173-8537492","id":{"name":"SVNR","value":"13 140558 K 630"},"picture":{"large":"https://randomuser.me/api/portraits/women/22.jpg","medium":"https://randomuser.me/api/portraits/med/women/22.jpg","thumbnail":"https://randomuser.me/api/portraits/thumb/women/22.jpg"},"nat":"DE"}],"info":{"seed":"49c4f4eb424a7ced","results":1,"page":1,"version":"1.4"}} 
 </msg>
<msg time="2024-06-02T23:14:15.464883" level="INFO">/opt/hostedtoolcache/Python/3.12.3/x64/lib/python3.12/site-packages/urllib3/connectionpool.py:1103: InsecureRequestWarning: Unverified HTTPS request is being made to host 'randomuser.me'. Adding certificate verification is strongly advised. See: https://urllib3.readthedocs.io/en/latest/advanced-usage.html#tls-warnings
  warnings.warn(</msg>
<msg time="2024-06-02T23:14:15.465044" level="INFO">${response} = &lt;Response [200]&gt;</msg>
<var>${response}</var>
<arg>consultarAPI</arg>
<arg>/api</arg>
<doc>Sends a GET request on a previously created HTTP Session.</doc>
<status status="PASS" start="2024-06-02T23:14:15.367012" elapsed="0.098078"/>
</kw>
<kw name="Set Variable" owner="BuiltIn">
<msg time="2024-06-02T23:14:15.466660" level="INFO">${json_data} = {'results': [{'gender': 'female', 'name': {'title': 'Mrs', 'first': 'Pascale', 'last': 'Klinge'}, 'location': {'street': {'number': 8146, 'name': 'Friedhofstraße'}, 'city': 'Wörth am Main', 'state': '...</msg>
<var>${json_data}</var>
<arg>${response.json()}</arg>
<doc>Returns the given values which can then be assigned to a variables.</doc>
<status status="PASS" start="2024-06-02T23:14:15.465917" elapsed="0.000774"/>
</kw>
<kw name="Log" owner="BuiltIn">
<msg time="2024-06-02T23:14:15.467235" level="INFO">{'results': [{'gender': 'female', 'name': {'title': 'Mrs', 'first': 'Pascale', 'last': 'Klinge'}, 'location': {'street': {'number': 8146, 'name': 'Friedhofstraße'}, 'city': 'Wörth am Main', 'state': 'Brandenburg', 'country': 'Germany', 'postcode': 89394, 'coordinates': {'latitude': '-53.7631', 'longitude': '172.3626'}, 'timezone': {'offset': '-3:30', 'description': 'Newfoundland'}}, 'email': 'pascale.klinge@example.com', 'login': {'uuid': 'c764d5f3-e208-4d39-b1af-77393493658b', 'username': 'yellowkoala544', 'password': 'peggy', 'salt': 'haH2mJRf', 'md5': 'fa23429581295400e93a2c40ad4628b5', 'sha1': 'ca09dadf02c8b5cf3e6fa535c65621188002bc92', 'sha256': '49ea6e80170daad9241fe7d49a73a05b0c8831569a9afee21dc919bb54a5ee75'}, 'dob': {'date': '1958-05-14T20:42:35.508Z', 'age': 66}, 'registered': {'date': '2014-02-12T02:53:35.038Z', 'age': 10}, 'phone': '0252-4357894', 'cell': '0173-8537492', 'id': {'name': 'SVNR', 'value': '13 140558 K 630'}, 'picture': {'large': 'https://randomuser.me/api/portraits/women/22.jpg', 'medium': 'https://randomuser.me/api/portraits/med/women/22.jpg', 'thumbnail': 'https://randomuser.me/api/portraits/thumb/women/22.jpg'}, 'nat': 'DE'}], 'info': {'seed': '49c4f4eb424a7ced', 'results': 1, 'page': 1, 'version': '1.4'}}</msg>
<arg>${json_data}</arg>
<doc>Logs the given message with the given level.</doc>
<status status="PASS" start="2024-06-02T23:14:15.467056" elapsed="0.000238"/>
</kw>
<kw name="Dictionary Should Contain Key" owner="Collections">
<msg time="2024-06-02T23:14:15.467783" level="INFO">False</msg>
<arg>${json_data}</arg>
<arg>results</arg>
<doc>Fails if ``key`` is not found from ``dictionary``.</doc>
<status status="PASS" start="2024-06-02T23:14:15.467617" elapsed="0.000204"/>
</kw>
<kw name="Should Not Be Empty" owner="BuiltIn">
<msg time="2024-06-02T23:14:15.468261" level="INFO">Length is 2.</msg>
<arg>${json_data}</arg>
<doc>Verifies that the given item is not empty.</doc>
<status status="PASS" start="2024-06-02T23:14:15.468121" elapsed="0.000179"/>
</kw>
<kw name="Create List" owner="BuiltIn">
<msg time="2024-06-02T23:14:15.468944" level="INFO">${expected_keys} = ['gender', 'name', 'location', 'email', 'login']</msg>
<var>${expected_keys}</var>
<arg>gender</arg>
<arg>name</arg>
<arg>location</arg>
<arg>email</arg>
<arg>login</arg>
<doc>Returns a list containing given items.</doc>
<status status="PASS" start="2024-06-02T23:14:15.468592" elapsed="0.000378"/>
</kw>
<for flavor="IN">
<iter>
<kw name="Dictionary Should Contain Key" owner="Collections">
<msg time="2024-06-02T23:14:15.470035" level="INFO">False</msg>
<arg>${json_data['results'][0]}</arg>
<arg>${key}</arg>
<doc>Fails if ``key`` is not found from ``dictionary``.</doc>
<status status="PASS" start="2024-06-02T23:14:15.469582" elapsed="0.000492"/>
</kw>
<kw name="Log" owner="BuiltIn">
<msg time="2024-06-02T23:14:15.470752" level="INFO">{'gender': 'female', 'name': {'title': 'Mrs', 'first': 'Pascale', 'last': 'Klinge'}, 'location': {'street': {'number': 8146, 'name': 'Friedhofstraße'}, 'city': 'Wörth am Main', 'state': 'Brandenburg', 'country': 'Germany', 'postcode': 89394, 'coordinates': {'latitude': '-53.7631', 'longitude': '172.3626'}, 'timezone': {'offset': '-3:30', 'description': 'Newfoundland'}}, 'email': 'pascale.klinge@example.com', 'login': {'uuid': 'c764d5f3-e208-4d39-b1af-77393493658b', 'username': 'yellowkoala544', 'password': 'peggy', 'salt': 'haH2mJRf', 'md5': 'fa23429581295400e93a2c40ad4628b5', 'sha1': 'ca09dadf02c8b5cf3e6fa535c65621188002bc92', 'sha256': '49ea6e80170daad9241fe7d49a73a05b0c8831569a9afee21dc919bb54a5ee75'}, 'dob': {'date': '1958-05-14T20:42:35.508Z', 'age': 66}, 'registered': {'date': '2014-02-12T02:53:35.038Z', 'age': 10}, 'phone': '0252-4357894', 'cell': '0173-8537492', 'id': {'name': 'SVNR', 'value': '13 140558 K 630'}, 'picture': {'large': 'https://randomuser.me/api/portraits/women/22.jpg', 'medium': 'https://randomuser.me/api/portraits/med/women/22.jpg', 'thumbnail': 'https://randomuser.me/api/portraits/thumb/women/22.jpg'}, 'nat': 'DE'}</msg>
<arg>${json_data['results'][0]}</arg>
<doc>Logs the given message with the given level.</doc>
<status status="PASS" start="2024-06-02T23:14:15.470377" elapsed="0.000425"/>
</kw>
<kw name="Log" owner="BuiltIn">
<msg time="2024-06-02T23:14:15.471236" level="INFO">gender</msg>
<arg>${key}</arg>
<doc>Logs the given message with the given level.</doc>
<status status="PASS" start="2024-06-02T23:14:15.471107" elapsed="0.000167"/>
</kw>
<var name="${key}">gender</var>
<status status="PASS" start="2024-06-02T23:14:15.469451" elapsed="0.002038"/>
</iter>
<iter>
<kw name="Dictionary Should Contain Key" owner="Collections">
<msg time="2024-06-02T23:14:15.472190" level="INFO">False</msg>
<arg>${json_data['results'][0]}</arg>
<arg>${key}</arg>
<doc>Fails if ``key`` is not found from ``dictionary``.</doc>
<status status="PASS" start="2024-06-02T23:14:15.471799" elapsed="0.000428"/>
</kw>
<kw name="Log" owner="BuiltIn">
<msg time="2024-06-02T23:14:15.472912" level="INFO">{'gender': 'female', 'name': {'title': 'Mrs', 'first': 'Pascale', 'last': 'Klinge'}, 'location': {'street': {'number': 8146, 'name': 'Friedhofstraße'}, 'city': 'Wörth am Main', 'state': 'Brandenburg', 'country': 'Germany', 'postcode': 89394, 'coordinates': {'latitude': '-53.7631', 'longitude': '172.3626'}, 'timezone': {'offset': '-3:30', 'description': 'Newfoundland'}}, 'email': 'pascale.klinge@example.com', 'login': {'uuid': 'c764d5f3-e208-4d39-b1af-77393493658b', 'username': 'yellowkoala544', 'password': 'peggy', 'salt': 'haH2mJRf', 'md5': 'fa23429581295400e93a2c40ad4628b5', 'sha1': 'ca09dadf02c8b5cf3e6fa535c65621188002bc92', 'sha256': '49ea6e80170daad9241fe7d49a73a05b0c8831569a9afee21dc919bb54a5ee75'}, 'dob': {'date': '1958-05-14T20:42:35.508Z', 'age': 66}, 'registered': {'date': '2014-02-12T02:53:35.038Z', 'age': 10}, 'phone': '0252-4357894', 'cell': '0173-8537492', 'id': {'name': 'SVNR', 'value': '13 140558 K 630'}, 'picture': {'large': 'https://randomuser.me/api/portraits/women/22.jpg', 'medium': 'https://randomuser.me/api/portraits/med/women/22.jpg', 'thumbnail': 'https://randomuser.me/api/portraits/thumb/women/22.jpg'}, 'nat': 'DE'}</msg>
<arg>${json_data['results'][0]}</arg>
<doc>Logs the given message with the given level.</doc>
<status status="PASS" start="2024-06-02T23:14:15.472551" elapsed="0.000411"/>
</kw>
<kw name="Log" owner="BuiltIn">
<msg time="2024-06-02T23:14:15.473390" level="INFO">name</msg>
<arg>${key}</arg>
<doc>Logs the given message with the given level.</doc>
<status status="PASS" start="2024-06-02T23:14:15.473263" elapsed="0.000164"/>
</kw>
<var name="${key}">name</var>
<status status="PASS" start="2024-06-02T23:14:15.471683" elapsed="0.001958"/>
</iter>
<iter>
<kw name="Dictionary Should Contain Key" owner="Collections">
<msg time="2024-06-02T23:14:15.474347" level="INFO">False</msg>
<arg>${json_data['results'][0]}</arg>
<arg>${key}</arg>
<doc>Fails if ``key`` is not found from ``dictionary``.</doc>
<status status="PASS" start="2024-06-02T23:14:15.473971" elapsed="0.000413"/>
</kw>
<kw name="Log" owner="BuiltIn">
<msg time="2024-06-02T23:14:15.475033" level="INFO">{'gender': 'female', 'name': {'title': 'Mrs', 'first': 'Pascale', 'last': 'Klinge'}, 'location': {'street': {'number': 8146, 'name': 'Friedhofstraße'}, 'city': 'Wörth am Main', 'state': 'Brandenburg', 'country': 'Germany', 'postcode': 89394, 'coordinates': {'latitude': '-53.7631', 'longitude': '172.3626'}, 'timezone': {'offset': '-3:30', 'description': 'Newfoundland'}}, 'email': 'pascale.klinge@example.com', 'login': {'uuid': 'c764d5f3-e208-4d39-b1af-77393493658b', 'username': 'yellowkoala544', 'password': 'peggy', 'salt': 'haH2mJRf', 'md5': 'fa23429581295400e93a2c40ad4628b5', 'sha1': 'ca09dadf02c8b5cf3e6fa535c65621188002bc92', 'sha256': '49ea6e80170daad9241fe7d49a73a05b0c8831569a9afee21dc919bb54a5ee75'}, 'dob': {'date': '1958-05-14T20:42:35.508Z', 'age': 66}, 'registered': {'date': '2014-02-12T02:53:35.038Z', 'age': 10}, 'phone': '0252-4357894', 'cell': '0173-8537492', 'id': {'name': 'SVNR', 'value': '13 140558 K 630'}, 'picture': {'large': 'https://randomuser.me/api/portraits/women/22.jpg', 'medium': 'https://randomuser.me/api/portraits/med/women/22.jpg', 'thumbnail': 'https://randomuser.me/api/portraits/thumb/women/22.jpg'}, 'nat': 'DE'}</msg>
<arg>${json_data['results'][0]}</arg>
<doc>Logs the given message with the given level.</doc>
<status status="PASS" start="2024-06-02T23:14:15.474678" elapsed="0.000405"/>
</kw>
<kw name="Log" owner="BuiltIn">
<msg time="2024-06-02T23:14:15.475510" level="INFO">location</msg>
<arg>${key}</arg>
<doc>Logs the given message with the given level.</doc>
<status status="PASS" start="2024-06-02T23:14:15.475384" elapsed="0.000163"/>
</kw>
<var name="${key}">location</var>
<status status="PASS" start="2024-06-02T23:14:15.473858" elapsed="0.001900"/>
</iter>
<iter>
<kw name="Dictionary Should Contain Key" owner="Collections">
<msg time="2024-06-02T23:14:15.476431" level="INFO">False</msg>
<arg>${json_data['results'][0]}</arg>
<arg>${key}</arg>
<doc>Fails if ``key`` is not found from ``dictionary``.</doc>
<status status="PASS" start="2024-06-02T23:14:15.476054" elapsed="0.000414"/>
</kw>
<kw name="Log" owner="BuiltIn">
<msg time="2024-06-02T23:14:15.477116" level="INFO">{'gender': 'female', 'name': {'title': 'Mrs', 'first': 'Pascale', 'last': 'Klinge'}, 'location': {'street': {'number': 8146, 'name': 'Friedhofstraße'}, 'city': 'Wörth am Main', 'state': 'Brandenburg', 'country': 'Germany', 'postcode': 89394, 'coordinates': {'latitude': '-53.7631', 'longitude': '172.3626'}, 'timezone': {'offset': '-3:30', 'description': 'Newfoundland'}}, 'email': 'pascale.klinge@example.com', 'login': {'uuid': 'c764d5f3-e208-4d39-b1af-77393493658b', 'username': 'yellowkoala544', 'password': 'peggy', 'salt': 'haH2mJRf', 'md5': 'fa23429581295400e93a2c40ad4628b5', 'sha1': 'ca09dadf02c8b5cf3e6fa535c65621188002bc92', 'sha256': '49ea6e80170daad9241fe7d49a73a05b0c8831569a9afee21dc919bb54a5ee75'}, 'dob': {'date': '1958-05-14T20:42:35.508Z', 'age': 66}, 'registered': {'date': '2014-02-12T02:53:35.038Z', 'age': 10}, 'phone': '0252-4357894', 'cell': '0173-8537492', 'id': {'name': 'SVNR', 'value': '13 140558 K 630'}, 'picture': {'large': 'https://randomuser.me/api/portraits/women/22.jpg', 'medium': 'https://randomuser.me/api/portraits/med/women/22.jpg', 'thumbnail': 'https://randomuser.me/api/portraits/thumb/women/22.jpg'}, 'nat': 'DE'}</msg>
<arg>${json_data['results'][0]}</arg>
<doc>Logs the given message with the given level.</doc>
<status status="PASS" start="2024-06-02T23:14:15.476759" elapsed="0.000407"/>
</kw>
<kw name="Log" owner="BuiltIn">
<msg time="2024-06-02T23:14:15.477591" level="INFO">email</msg>
<arg>${key}</arg>
<doc>Logs the given message with the given level.</doc>
<status status="PASS" start="2024-06-02T23:14:15.477465" elapsed="0.000164"/>
</kw>
<var name="${key}">email</var>
<status status="PASS" start="2024-06-02T23:14:15.475940" elapsed="0.001952"/>
</iter>
<iter>
<kw name="Dictionary Should Contain Key" owner="Collections">
<msg time="2024-06-02T23:14:15.478557" level="INFO">False</msg>
<arg>${json_data['results'][0]}</arg>
<arg>${key}</arg>
<doc>Fails if ``key`` is not found from ``dictionary``.</doc>
<status status="PASS" start="2024-06-02T23:14:15.478173" elapsed="0.000422"/>
</kw>
<kw name="Log" owner="BuiltIn">
<msg time="2024-06-02T23:14:15.479245" level="INFO">{'gender': 'female', 'name': {'title': 'Mrs', 'first': 'Pascale', 'last': 'Klinge'}, 'location': {'street': {'number': 8146, 'name': 'Friedhofstraße'}, 'city': 'Wörth am Main', 'state': 'Brandenburg', 'country': 'Germany', 'postcode': 89394, 'coordinates': {'latitude': '-53.7631', 'longitude': '172.3626'}, 'timezone': {'offset': '-3:30', 'description': 'Newfoundland'}}, 'email': 'pascale.klinge@example.com', 'login': {'uuid': 'c764d5f3-e208-4d39-b1af-77393493658b', 'username': 'yellowkoala544', 'password': 'peggy', 'salt': 'haH2mJRf', 'md5': 'fa23429581295400e93a2c40ad4628b5', 'sha1': 'ca09dadf02c8b5cf3e6fa535c65621188002bc92', 'sha256': '49ea6e80170daad9241fe7d49a73a05b0c8831569a9afee21dc919bb54a5ee75'}, 'dob': {'date': '1958-05-14T20:42:35.508Z', 'age': 66}, 'registered': {'date': '2014-02-12T02:53:35.038Z', 'age': 10}, 'phone': '0252-4357894', 'cell': '0173-8537492', 'id': {'name': 'SVNR', 'value': '13 140558 K 630'}, 'picture': {'large': 'https://randomuser.me/api/portraits/women/22.jpg', 'medium': 'https://randomuser.me/api/portraits/med/women/22.jpg', 'thumbnail': 'https://randomuser.me/api/portraits/thumb/women/22.jpg'}, 'nat': 'DE'}</msg>
<arg>${json_data['results'][0]}</arg>
<doc>Logs the given message with the given level.</doc>
<status status="PASS" start="2024-06-02T23:14:15.478887" elapsed="0.000409"/>
</kw>
<kw name="Log" owner="BuiltIn">
<msg time="2024-06-02T23:14:15.479713" level="INFO">login</msg>
<arg>${key}</arg>
<doc>Logs the given message with the given level.</doc>
<status status="PASS" start="2024-06-02T23:14:15.479587" elapsed="0.000163"/>
</kw>
<var name="${key}">login</var>
<status status="PASS" start="2024-06-02T23:14:15.478063" elapsed="0.001925"/>
</iter>
<var>${key}</var>
<value>@{expected_keys}</value>
<status status="PASS" start="2024-06-02T23:14:15.469243" elapsed="0.010870"/>
</for>
<kw name="Create List" owner="BuiltIn">
<msg time="2024-06-02T23:14:15.480452" level="INFO">${expected_keysTwo} = ['username', 'password']</msg>
<var>${expected_keysTwo}</var>
<arg>username</arg>
<arg>password</arg>
<doc>Returns a list containing given items.</doc>
<status status="PASS" start="2024-06-02T23:14:15.480314" elapsed="0.000161"/>
</kw>
<for flavor="IN">
<iter>
<kw name="Dictionary Should Contain Key" owner="Collections">
<msg time="2024-06-02T23:14:15.481375" level="INFO">False</msg>
<arg>${json_data['results'][0]['login']}</arg>
<arg>${keyTwo}</arg>
<doc>Fails if ``key`` is not found from ``dictionary``.</doc>
<status status="PASS" start="2024-06-02T23:14:15.480981" elapsed="0.000431"/>
</kw>
<kw name="Dictionary Should Contain Key" owner="Collections">
<msg time="2024-06-02T23:14:15.482152" level="INFO">False</msg>
<arg>${json_data['results'][0]['login']}</arg>
<arg>${keyTwo}</arg>
<doc>Fails if ``key`` is not found from ``dictionary``.</doc>
<status status="PASS" start="2024-06-02T23:14:15.481735" elapsed="0.000454"/>
</kw>
<kw name="Log" owner="BuiltIn">
<msg time="2024-06-02T23:14:15.482605" level="INFO">username</msg>
<arg>${keyTwo}</arg>
<doc>Logs the given message with the given level.</doc>
<status status="PASS" start="2024-06-02T23:14:15.482479" elapsed="0.000163"/>
</kw>
<var name="${keyTwo}">username</var>
<status status="PASS" start="2024-06-02T23:14:15.480866" elapsed="0.001989"/>
</iter>
<iter>
<kw name="Dictionary Should Contain Key" owner="Collections">
<msg time="2024-06-02T23:14:15.483515" level="INFO">False</msg>
<arg>${json_data['results'][0]['login']}</arg>
<arg>${keyTwo}</arg>
<doc>Fails if ``key`` is not found from ``dictionary``.</doc>
<status status="PASS" start="2024-06-02T23:14:15.483139" elapsed="0.000414"/>
</kw>
<kw name="Dictionary Should Contain Key" owner="Collections">
<msg time="2024-06-02T23:14:15.484301" level="INFO">False</msg>
<arg>${json_data['results'][0]['login']}</arg>
<arg>${keyTwo}</arg>
<doc>Fails if ``key`` is not found from ``dictionary``.</doc>
<status status="PASS" start="2024-06-02T23:14:15.483843" elapsed="0.000498"/>
</kw>
<kw name="Log" owner="BuiltIn">
<msg time="2024-06-02T23:14:15.484782" level="INFO">password</msg>
<arg>${keyTwo}</arg>
<doc>Logs the given message with the given level.</doc>
<status status="PASS" start="2024-06-02T23:14:15.484656" elapsed="0.000164"/>
</kw>
<var name="${keyTwo}">password</var>
<status status="PASS" start="2024-06-02T23:14:15.483025" elapsed="0.002007"/>
</iter>
<var>${keyTwo}</var>
<value>@{expected_keysTwo}</value>
<status status="PASS" start="2024-06-02T23:14:15.480714" elapsed="0.004438"/>
</for>
<status status="PASS" start="2024-06-02T23:14:15.366751" elapsed="0.118543"/>
</kw>
<doc>Testa a estrutura da resposta da API.</doc>
<tag>testeEstruturaResposta</tag>
<status status="PASS" start="2024-06-02T23:14:15.366085" elapsed="0.119368"/>
</test>
<test id="s1-s1-t4" name="Validar tipos de dados" line="28">
<kw name="Teste de Tipos de Dados" owner="random-user-service">
<kw name="GET On Session" owner="RequestsLibrary">
<msg time="2024-06-02T23:14:15.588553" level="INFO">GET Request : url=https://randomuser.me/api 
 path_url=/api 
 headers={'User-Agent': 'python-requests/2.32.3', 'Accept-Encoding': 'gzip, deflate', 'Accept': '*/*', 'Connection': 'keep-alive'} 
 body=None 
 </msg>
<msg time="2024-06-02T23:14:15.588684" level="INFO">GET Response : url=https://randomuser.me/api 
 status=200, reason=OK 
 headers={'Date': 'Sun, 02 Jun 2024 23:14:15 GMT', 'Content-Type': 'application/json; charset=utf-8', 'Transfer-Encoding': 'chunked', 'Connection': 'keep-alive', 'X-Powered-By': 'Express', 'Access-Control-Allow-Origin': '*', 'Cache-Control': 'no-cache', 'ETag': 'W/"489-BISS9vNutqFupZGo64AQuMUlgYY"', 'Vary': 'Accept-Encoding', 'Content-Encoding': 'gzip', 'CF-Cache-Status': 'DYNAMIC', 'Report-To': '{"endpoints":[{"url":"https:\\/\\/a.nel.cloudflare.com\\/report\\/v4?s=eFq7K6iQVWE3iSpl478gH5sguVkPEoRZ%2F47Y70kDrnE%2F0vcTkfXYPf7eZ9UI%2FW0bI9IFcihbl1BbSFRQ53oNWRriX%2Fhvj3yfdqOnHCakOg9V%2FPpZY%2BWBm%2BJ27fcfAzYN"}],"group":"cf-nel","max_age":604800}', 'NEL': '{"success_fraction":0,"report_to":"cf-nel","max_age":604800}', 'Server': 'cloudflare', 'CF-RAY': '88db237edb2c2ad7-LAX', 'alt-svc': 'h3=":443"; ma=86400'} 
 body={"results":[{"gender":"male","name":{"title":"Mr","first":"Anton","last":"Jørgensen"},"location":{"street":{"number":3177,"name":"Fasanvej"},"city":"Sundby/Erslev","state":"Midtjylland","country":"Denmark","postcode":91773,"coordinates":{"latitude":"-39.3811","longitude":"-23.9198"},"timezone":{"offset":"+4:00","description":"Abu Dhabi, Muscat, Baku, Tbilisi"}},"email":"anton.jorgensen@example.com","login":{"uuid":"14a52d5e-1063-412c-acc3-f94d58b6c859","username":"smallduck962","password":"salmon","salt":"hazoekY5","md5":"c21716c6d0c5e5723af95b7066682c7f","sha1":"eb2fa5317bbac745a7ad0672c62143da913a17d6","sha256":"c7fb1899d1e84045f233f65c46f4abdd6c7b602152fca4e9c193db21c773b4e1"},"dob":{"date":"1979-12-27T14:45:47.793Z","age":44},"registered":{"date":"2007-04-21T04:55:45.966Z","age":17},"phone":"35647535","cell":"00712741","id":{"name":"CPR","value":"271279-9928"},"picture":{"large":"https://randomuser.me/api/portraits/men/85.jpg","medium":"https://randomuser.me/api/portraits/med/men/85.jpg","thumbnail":"https://randomuser.me/api/portraits/thumb/men/85.jpg"},"nat":"DK"}],"info":{"seed":"9a2f96c5e59cb3d8","results":1,"page":1,"version":"1.4"}} 
 </msg>
<msg time="2024-06-02T23:14:15.588796" level="INFO">/opt/hostedtoolcache/Python/3.12.3/x64/lib/python3.12/site-packages/urllib3/connectionpool.py:1103: InsecureRequestWarning: Unverified HTTPS request is being made to host 'randomuser.me'. Adding certificate verification is strongly advised. See: https://urllib3.readthedocs.io/en/latest/advanced-usage.html#tls-warnings
  warnings.warn(</msg>
<msg time="2024-06-02T23:14:15.588949" level="INFO">${response} = &lt;Response [200]&gt;</msg>
<var>${response}</var>
<arg>consultarAPI</arg>
<arg>/api</arg>
<doc>Sends a GET request on a previously created HTTP Session.</doc>
<status status="PASS" start="2024-06-02T23:14:15.488083" elapsed="0.100912"/>
</kw>
<kw name="Set Variable" owner="BuiltIn">
<msg time="2024-06-02T23:14:15.590592" level="INFO">${json_data} = {'results': [{'gender': 'male', 'name': {'title': 'Mr', 'first': 'Anton', 'last': 'Jørgensen'}, 'location': {'street': {'number': 3177, 'name': 'Fasanvej'}, 'city': 'Sundby/Erslev', 'state': 'Midtjyll...</msg>
<var>${json_data}</var>
<arg>${response.json()}</arg>
<doc>Returns the given values which can then be assigned to a variables.</doc>
<status status="PASS" start="2024-06-02T23:14:15.589864" elapsed="0.000760"/>
</kw>
<kw name="Log" owner="BuiltIn">
<msg time="2024-06-02T23:14:15.591244" level="INFO">{'results': [{'gender': 'male', 'name': {'title': 'Mr', 'first': 'Anton', 'last': 'Jørgensen'}, 'location': {'street': {'number': 3177, 'name': 'Fasanvej'}, 'city': 'Sundby/Erslev', 'state': 'Midtjylland', 'country': 'Denmark', 'postcode': 91773, 'coordinates': {'latitude': '-39.3811', 'longitude': '-23.9198'}, 'timezone': {'offset': '+4:00', 'description': 'Abu Dhabi, Muscat, Baku, Tbilisi'}}, 'email': 'anton.jorgensen@example.com', 'login': {'uuid': '14a52d5e-1063-412c-acc3-f94d58b6c859', 'username': 'smallduck962', 'password': 'salmon', 'salt': 'hazoekY5', 'md5': 'c21716c6d0c5e5723af95b7066682c7f', 'sha1': 'eb2fa5317bbac745a7ad0672c62143da913a17d6', 'sha256': 'c7fb1899d1e84045f233f65c46f4abdd6c7b602152fca4e9c193db21c773b4e1'}, 'dob': {'date': '1979-12-27T14:45:47.793Z', 'age': 44}, 'registered': {'date': '2007-04-21T04:55:45.966Z', 'age': 17}, 'phone': '35647535', 'cell': '00712741', 'id': {'name': 'CPR', 'value': '271279-9928'}, 'picture': {'large': 'https://randomuser.me/api/portraits/men/85.jpg', 'medium': 'https://randomuser.me/api/portraits/med/men/85.jpg', 'thumbnail': 'https://randomuser.me/api/portraits/thumb/men/85.jpg'}, 'nat': 'DK'}], 'info': {'seed': '9a2f96c5e59cb3d8', 'results': 1, 'page': 1, 'version': '1.4'}}</msg>
<arg>${json_data}</arg>
<doc>Logs the given message with the given level.</doc>
<status status="PASS" start="2024-06-02T23:14:15.591034" elapsed="0.000311"/>
</kw>
<kw name="Should Be String" owner="String">
<arg>${json_data['results'][0]['gender']}</arg>
<doc>Fails if the given ``item`` is not a string.</doc>
<status status="PASS" start="2024-06-02T23:14:15.591717" elapsed="0.000432"/>
</kw>
<kw name="Should Match Regexp" owner="BuiltIn">
<arg>${json_data['results'][0]['email']}</arg>
<arg>^[a-zA-Z0-9._%+-]+@[a-zA-Z0-9.-]+\.[a-zA-Z]{2,}$</arg>
<doc>Fails if ``string`` does not match ``pattern`` as a regular expression.</doc>
<status status="PASS" start="2024-06-02T23:14:15.592377" elapsed="0.000576"/>
</kw>
<kw name="Should Match Regexp" owner="BuiltIn">
<arg>${json_data['results'][0]['dob']['date']}</arg>
<arg>\\d{4}-\\d{2}-\\d{2}T\\d{2}:\\d{2}:\\d{2}\\.\\d{3}Z</arg>
<doc>Fails if ``string`` does not match ``pattern`` as a regular expression.</doc>
<status status="PASS" start="2024-06-02T23:14:15.593175" elapsed="0.000572"/>
</kw>
<kw name="Should Match Regexp" owner="BuiltIn">
<arg>${json_data['results'][0]['registered']['date']}</arg>
<arg>\\d{4}-\\d{2}-\\d{2}T\\d{2}:\\d{2}:\\d{2}\\.\\d{3}Z</arg>
<doc>Fails if ``string`` does not match ``pattern`` as a regular expression.</doc>
<status status="PASS" start="2024-06-02T23:14:15.593989" elapsed="0.000403"/>
</kw>
<kw name="Should Match Regexp" owner="BuiltIn">
<arg>${json_data['results'][0]['picture']['large']}</arg>
<arg>^https?://.*\.(?:png|jpe?g|gif|bmp)$</arg>
<doc>Fails if ``string`` does not match ``pattern`` as a regular expression.</doc>
<status status="PASS" start="2024-06-02T23:14:15.594600" elapsed="0.000502"/>
</kw>
<kw name="Should Match Regexp" owner="BuiltIn">
<arg>${json_data['results'][0]['picture']['medium']}</arg>
<arg>^https?://.*\.(?:png|jpe?g|gif|bmp)$</arg>
<doc>Fails if ``string`` does not match ``pattern`` as a regular expression.</doc>
<status status="PASS" start="2024-06-02T23:14:15.595306" elapsed="0.000366"/>
</kw>
<kw name="Should Match Regexp" owner="BuiltIn">
<arg>${json_data['results'][0]['picture']['thumbnail']}</arg>
<arg>^https?://.*\.(?:png|jpe?g|gif|bmp)$</arg>
<doc>Fails if ``string`` does not match ``pattern`` as a regular expression.</doc>
<status status="PASS" start="2024-06-02T23:14:15.595868" elapsed="0.000357"/>
</kw>
<kw name="Log" owner="BuiltIn">
<msg time="2024-06-02T23:14:15.596748" level="INFO">{'large': 'https://randomuser.me/api/portraits/men/85.jpg', 'medium': 'https://randomuser.me/api/portraits/med/men/85.jpg', 'thumbnail': 'https://randomuser.me/api/portraits/thumb/men/85.jpg'}</msg>
<arg>${json_data['results'][0]['picture']}</arg>
<doc>Logs the given message with the given level.</doc>
<status status="PASS" start="2024-06-02T23:14:15.596420" elapsed="0.000370"/>
</kw>
<status status="PASS" start="2024-06-02T23:14:15.487844" elapsed="0.109237"/>
</kw>
<kw name="Teste de Tipos de Dados - Postcode" owner="random-user-service">
<kw name="GET On Session" owner="RequestsLibrary">
<msg time="2024-06-02T23:14:15.908856" level="INFO">GET Request : url=https://randomuser.me/api 
 path_url=/api 
 headers={'User-Agent': 'python-requests/2.32.3', 'Accept-Encoding': 'gzip, deflate', 'Accept': '*/*', 'Connection': 'keep-alive'} 
 body=None 
 </msg>
<msg time="2024-06-02T23:14:15.908968" level="INFO">GET Response : url=https://randomuser.me/api 
 status=200, reason=OK 
 headers={'Date': 'Sun, 02 Jun 2024 23:14:15 GMT', 'Content-Type': 'application/json; charset=utf-8', 'Transfer-Encoding': 'chunked', 'Connection': 'keep-alive', 'X-Powered-By': 'Express', 'Access-Control-Allow-Origin': '*', 'Cache-Control': 'no-cache', 'ETag': 'W/"474-69jSZTErYXYAg/PSDyVaP1E8aqs"', 'Vary': 'Accept-Encoding', 'Content-Encoding': 'gzip', 'CF-Cache-Status': 'DYNAMIC', 'Report-To': '{"endpoints":[{"url":"https:\\/\\/a.nel.cloudflare.com\\/report\\/v4?s=SnwI9MEHKWBibqKkF6gfk373ffhfBPv2S7u8wKqA1ndZcVttQkS16LAeRv4kNXg5yPvdtKMI520lueoqf9JaO%2FC8mHKmXld8pOMpEdMtGROLq%2FdWX4avcouoTWb6bWdq"}],"group":"cf-nel","max_age":604800}', 'NEL': '{"success_fraction":0,"report_to":"cf-nel","max_age":604800}', 'Server': 'cloudflare', 'CF-RAY': '88db237f8c122ad7-LAX', 'alt-svc': 'h3=":443"; ma=86400'} 
 body={"results":[{"gender":"female","name":{"title":"Miss","first":"Henrikke","last":"Vårdal"},"location":{"street":{"number":3862,"name":"Bjørnheimveien"},"city":"Finnsnes","state":"Rogaland","country":"Norway","postcode":"1313","coordinates":{"latitude":"45.9591","longitude":"48.4342"},"timezone":{"offset":"+4:30","description":"Kabul"}},"email":"henrikke.vardal@example.com","login":{"uuid":"6e1a6129-e129-4c73-8bc3-bee7934c9524","username":"brownpanda906","password":"rusty","salt":"dkJVBoWR","md5":"bf00133f19b94047860249d489e523e3","sha1":"7e9ca03c72c5d56a34c34383591e13eb099de0ca","sha256":"6bb543dafbd113460c6d33bf8fd09f4ca5ddedfca892a8011706300b3c47c778"},"dob":{"date":"1997-10-25T12:57:54.666Z","age":26},"registered":{"date":"2012-02-21T17:13:28.291Z","age":12},"phone":"32853132","cell":"41875868","id":{"name":"FN","value":"25109715258"},"picture":{"large":"https://randomuser.me/api/portraits/women/59.jpg","medium":"https://randomuser.me/api/portraits/med/women/59.jpg","thumbnail":"https://randomuser.me/api/portraits/thumb/women/59.jpg"},"nat":"NO"}],"info":{"seed":"f38b49c05aafd8c2","results":1,"page":1,"version":"1.4"}} 
 </msg>
<msg time="2024-06-02T23:14:15.909059" level="INFO">/opt/hostedtoolcache/Python/3.12.3/x64/lib/python3.12/site-packages/urllib3/connectionpool.py:1103: InsecureRequestWarning: Unverified HTTPS request is being made to host 'randomuser.me'. Adding certificate verification is strongly advised. See: https://urllib3.readthedocs.io/en/latest/advanced-usage.html#tls-warnings
  warnings.warn(</msg>
<msg time="2024-06-02T23:14:15.909197" level="INFO">${response} = &lt;Response [200]&gt;</msg>
<var>${response}</var>
<arg>consultarAPI</arg>
<arg>/api</arg>
<doc>Sends a GET request on a previously created HTTP Session.</doc>
<status status="PASS" start="2024-06-02T23:14:15.597569" elapsed="0.311672"/>
</kw>
<kw name="Set Variable" owner="BuiltIn">
<msg time="2024-06-02T23:14:15.910883" level="INFO">${json_data} = {'results': [{'gender': 'female', 'name': {'title': 'Miss', 'first': 'Henrikke', 'last': 'Vårdal'}, 'location': {'street': {'number': 3862, 'name': 'Bjørnheimveien'}, 'city': 'Finnsnes', 'state': 'Rog...</msg>
<var>${json_data}</var>
<arg>${response.json()}</arg>
<doc>Returns the given values which can then be assigned to a variables.</doc>
<status status="PASS" start="2024-06-02T23:14:15.909975" elapsed="0.000958"/>
</kw>
<kw name="Log" owner="BuiltIn">
<msg time="2024-06-02T23:14:15.911483" level="INFO">{'results': [{'gender': 'female', 'name': {'title': 'Miss', 'first': 'Henrikke', 'last': 'Vårdal'}, 'location': {'street': {'number': 3862, 'name': 'Bjørnheimveien'}, 'city': 'Finnsnes', 'state': 'Rogaland', 'country': 'Norway', 'postcode': '1313', 'coordinates': {'latitude': '45.9591', 'longitude': '48.4342'}, 'timezone': {'offset': '+4:30', 'description': 'Kabul'}}, 'email': 'henrikke.vardal@example.com', 'login': {'uuid': '6e1a6129-e129-4c73-8bc3-bee7934c9524', 'username': 'brownpanda906', 'password': 'rusty', 'salt': 'dkJVBoWR', 'md5': 'bf00133f19b94047860249d489e523e3', 'sha1': '7e9ca03c72c5d56a34c34383591e13eb099de0ca', 'sha256': '6bb543dafbd113460c6d33bf8fd09f4ca5ddedfca892a8011706300b3c47c778'}, 'dob': {'date': '1997-10-25T12:57:54.666Z', 'age': 26}, 'registered': {'date': '2012-02-21T17:13:28.291Z', 'age': 12}, 'phone': '32853132', 'cell': '41875868', 'id': {'name': 'FN', 'value': '25109715258'}, 'picture': {'large': 'https://randomuser.me/api/portraits/women/59.jpg', 'medium': 'https://randomuser.me/api/portraits/med/women/59.jpg', 'thumbnail': 'https://randomuser.me/api/portraits/thumb/women/59.jpg'}, 'nat': 'NO'}], 'info': {'seed': 'f38b49c05aafd8c2', 'results': 1, 'page': 1, 'version': '1.4'}}</msg>
<arg>${json_data}</arg>
<doc>Logs the given message with the given level.</doc>
<status status="PASS" start="2024-06-02T23:14:15.911319" elapsed="0.000251"/>
</kw>
<kw name="Should Be Equal As Numbers" owner="BuiltIn">
<arg>${json_data['results'][0]['location']['postcode']}</arg>
<arg>${json_data['results'][0]['location']['postcode']}</arg>
<doc>Fails if objects are unequal after converting them to real numbers.</doc>
<status status="PASS" start="2024-06-02T23:14:15.911879" elapsed="0.000823"/>
</kw>
<kw name="Log" owner="BuiltIn">
<msg time="2024-06-02T23:14:15.913268" level="INFO">1313</msg>
<arg>${json_data['results'][0]['location']['postcode']}</arg>
<doc>Logs the given message with the given level.</doc>
<status status="PASS" start="2024-06-02T23:14:15.912898" elapsed="0.000421"/>
</kw>
<status status="PASS" start="2024-06-02T23:14:15.597323" elapsed="0.316317"/>
</kw>
<doc>Testa se os tipos de dados na resposta da API estão corretos.</doc>
<tag>testeTiposDados</tag>
<status status="PASS" start="2024-06-02T23:14:15.487250" elapsed="0.426619"/>
</test>
<test id="s1-s1-t5" name="Validar conteudo" line="35">
<kw name="Teste de Tipos de Conteudo" owner="random-user-service">
<kw name="GET On Session" owner="RequestsLibrary">
<msg time="2024-06-02T23:14:16.022510" level="INFO">GET Request : url=https://randomuser.me/api 
 path_url=/api 
 headers={'User-Agent': 'python-requests/2.32.3', 'Accept-Encoding': 'gzip, deflate', 'Accept': '*/*', 'Connection': 'keep-alive'} 
 body=None 
 </msg>
<msg time="2024-06-02T23:14:16.022638" level="INFO">GET Response : url=https://randomuser.me/api 
 status=200, reason=OK 
 headers={'Date': 'Sun, 02 Jun 2024 23:14:16 GMT', 'Content-Type': 'application/json; charset=utf-8', 'Transfer-Encoding': 'chunked', 'Connection': 'keep-alive', 'X-Powered-By': 'Express', 'Access-Control-Allow-Origin': '*', 'Cache-Control': 'no-cache', 'ETag': 'W/"4a0-vdmM2jtRmr4k2Fs/q8SxCElucp0"', 'Vary': 'Accept-Encoding', 'Content-Encoding': 'gzip', 'CF-Cache-Status': 'DYNAMIC', 'Report-To': '{"endpoints":[{"url":"https:\\/\\/a.nel.cloudflare.com\\/report\\/v4?s=XkHx%2BBl7Ee%2B%2Fa3nL%2BTljmApJhKIdAworZoH1DJ3VgFbr8hC3YdoJf4cm%2Bw72vQOzVaaa3uyRspVlpNw2UtmboMqZlCWBH0tt4X4npXNTnuAMYhuLkkiWbLXv4VsUtmx%2B"}],"group":"cf-nel","max_age":604800}', 'NEL': '{"success_fraction":0,"report_to":"cf-nel","max_age":604800}', 'Server': 'cloudflare', 'CF-RAY': '88db23818e352ad7-LAX', 'alt-svc': 'h3=":443"; ma=86400'} 
 body={"results":[{"gender":"female","name":{"title":"Ms","first":"Olivia","last":"Keranen"},"location":{"street":{"number":4856,"name":"Itsenäisyydenkatu"},"city":"Äänekoski","state":"North Karelia","country":"Finland","postcode":62443,"coordinates":{"latitude":"-27.5968","longitude":"157.0666"},"timezone":{"offset":"+2:00","description":"Kaliningrad, South Africa"}},"email":"olivia.keranen@example.com","login":{"uuid":"b4e874f5-9b18-42db-8ca2-909f57f83479","username":"blacklion100","password":"myspace1","salt":"SgIh1TWW","md5":"10dbd0c5958bf7ef27800aaef8f02d2d","sha1":"b1766941cfad2db65d1fb0987c3bd2ca40a81cdf","sha256":"07cb5ec35b30a7955a06fa99ed439df95b31a8a172f3fc45e78c023fdb36cdb9"},"dob":{"date":"1979-03-15T16:23:33.403Z","age":45},"registered":{"date":"2021-07-26T00:47:46.989Z","age":2},"phone":"05-951-245","cell":"044-823-78-26","id":{"name":"HETU","value":"NaNNA226undefined"},"picture":{"large":"https://randomuser.me/api/portraits/women/33.jpg","medium":"https://randomuser.me/api/portraits/med/women/33.jpg","thumbnail":"https://randomuser.me/api/portraits/thumb/women/33.jpg"},"nat":"FI"}],"info":{"seed":"ab54a613132a5af0","results":1,"page":1,"version":"1.4"}} 
 </msg>
<msg time="2024-06-02T23:14:16.022726" level="INFO">/opt/hostedtoolcache/Python/3.12.3/x64/lib/python3.12/site-packages/urllib3/connectionpool.py:1103: InsecureRequestWarning: Unverified HTTPS request is being made to host 'randomuser.me'. Adding certificate verification is strongly advised. See: https://urllib3.readthedocs.io/en/latest/advanced-usage.html#tls-warnings
  warnings.warn(</msg>
<msg time="2024-06-02T23:14:16.022892" level="INFO">${response} = &lt;Response [200]&gt;</msg>
<var>${response}</var>
<arg>consultarAPI</arg>
<arg>/api</arg>
<doc>Sends a GET request on a previously created HTTP Session.</doc>
<status status="PASS" start="2024-06-02T23:14:15.916547" elapsed="0.106390"/>
</kw>
<kw name="Set Variable" owner="BuiltIn">
<msg time="2024-06-02T23:14:16.024090" level="INFO">${json_data} = {'results': [{'gender': 'female', 'name': {'title': 'Ms', 'first': 'Olivia', 'last': 'Keranen'}, 'location': {'street': {'number': 4856, 'name': 'Itsenäisyydenkatu'}, 'city': 'Äänekoski', 'state': 'No...</msg>
<var>${json_data}</var>
<arg>${response.json()}</arg>
<doc>Returns the given values which can then be assigned to a variables.</doc>
<status status="PASS" start="2024-06-02T23:14:16.023497" elapsed="0.000623"/>
</kw>
<kw name="Set Variable" owner="BuiltIn">
<msg time="2024-06-02T23:14:16.024861" level="INFO">${name_title} = Ms</msg>
<var>${name_title}</var>
<arg>${json_data["results"][0]["name"]["title"]}</arg>
<doc>Returns the given values which can then be assigned to a variables.</doc>
<status status="PASS" start="2024-06-02T23:14:16.024440" elapsed="0.000447"/>
</kw>
<kw name="Create List" owner="BuiltIn">
<msg time="2024-06-02T23:14:16.025339" level="INFO">${allowed_titles} = ['Mr', 'Ms', 'Miss', 'Mrs', 'Madame', 'Monsieur']</msg>
<var>${allowed_titles}</var>
<arg>Mr</arg>
<arg>Ms</arg>
<arg>Miss</arg>
<arg>Mrs</arg>
<arg>Madame</arg>
<arg>Monsieur</arg>
<doc>Returns a list containing given items.</doc>
<status status="PASS" start="2024-06-02T23:14:16.025190" elapsed="0.000174"/>
</kw>
<kw name="List Should Contain Value" owner="Collections">
<msg time="2024-06-02T23:14:16.025912" level="INFO">False</msg>
<arg>${allowed_titles}</arg>
<arg>${name_title}</arg>
<doc>Fails if the ``value`` is not found from ``list``.</doc>
<status status="PASS" start="2024-06-02T23:14:16.025713" elapsed="0.000237"/>
</kw>
<kw name="Set Variable" owner="BuiltIn">
<msg time="2024-06-02T23:14:16.026616" level="INFO">${name_country} = FI</msg>
<var>${name_country}</var>
<arg>${json_data["results"][0]["nat"]}</arg>
<doc>Returns the given values which can then be assigned to a variables.</doc>
<status status="PASS" start="2024-06-02T23:14:16.026243" elapsed="0.000398"/>
</kw>
<kw name="Create List" owner="BuiltIn">
<msg time="2024-06-02T23:14:16.027572" level="INFO">${list_country} = ['AD', 'AE', 'AF', 'AG', 'AI', 'AL', 'AM', 'AO', 'AQ', 'AR', 'AS', 'AT', 'AU', 'AW', 'AX', 'AZ', 'BA', 'BB', 'BD', 'BE', 'BF', 'BG', 'BH', 'BI', 'BJ', 'BL', 'BM', 'BN', 'BO', 'BQ', 'BR', 'BS', 'BT', '...</msg>
<var>${list_country}</var>
<arg>AD</arg>
<arg>AE</arg>
<arg>AF</arg>
<arg>AG</arg>
<arg>AI</arg>
<arg>AL</arg>
<arg>AM</arg>
<arg>AO</arg>
<arg>AQ</arg>
<arg>AR</arg>
<arg>AS</arg>
<arg>AT</arg>
<arg>AU</arg>
<arg>AW</arg>
<arg>AX</arg>
<arg>AZ</arg>
<arg>BA</arg>
<arg>BB</arg>
<arg>BD</arg>
<arg>BE</arg>
<arg>BF</arg>
<arg>BG</arg>
<arg>BH</arg>
<arg>BI</arg>
<arg>BJ</arg>
<arg>BL</arg>
<arg>BM</arg>
<arg>BN</arg>
<arg>BO</arg>
<arg>BQ</arg>
<arg>BR</arg>
<arg>BS</arg>
<arg>BT</arg>
<arg>BV</arg>
<arg>BW</arg>
<arg>BY</arg>
<arg>BZ</arg>
<arg>CA</arg>
<arg>CC</arg>
<arg>CD</arg>
<arg>CF</arg>
<arg>CG</arg>
<arg>CH</arg>
<arg>CI</arg>
<arg>CK</arg>
<arg>CL</arg>
<arg>CM</arg>
<arg>CN</arg>
<arg>CO</arg>
<arg>CR</arg>
<arg>CU</arg>
<arg>CV</arg>
<arg>CW</arg>
<arg>CX</arg>
<arg>CY</arg>
<arg>CZ</arg>
<arg>DE</arg>
<arg>DJ</arg>
<arg>DK</arg>
<arg>DM</arg>
<arg>DO</arg>
<arg>DZ</arg>
<arg>EC</arg>
<arg>EE</arg>
<arg>EG</arg>
<arg>EH</arg>
<arg>ER</arg>
<arg>ES</arg>
<arg>ET</arg>
<arg>FI</arg>
<arg>FJ</arg>
<arg>FK</arg>
<arg>FM</arg>
<arg>FO</arg>
<arg>FR</arg>
<arg>GA</arg>
<arg>GB</arg>
<arg>GD</arg>
<arg>GE</arg>
<arg>GF</arg>
<arg>GG</arg>
<arg>GH</arg>
<arg>GI</arg>
<arg>GL</arg>
<arg>GM</arg>
<arg>GN</arg>
<arg>GP</arg>
<arg>GQ</arg>
<arg>GR</arg>
<arg>GS</arg>
<arg>GT</arg>
<arg>GU</arg>
<arg>GW</arg>
<arg>GY</arg>
<arg>HK</arg>
<arg>HM</arg>
<arg>HN</arg>
<arg>HR</arg>
<arg>HT</arg>
<arg>HU</arg>
<arg>ID</arg>
<arg>IE</arg>
<arg>IL</arg>
<arg>IM</arg>
<arg>IN</arg>
<arg>IO</arg>
<arg>IQ</arg>
<arg>IR</arg>
<arg>IS</arg>
<arg>IT</arg>
<arg>JE</arg>
<arg>JM</arg>
<arg>JO</arg>
<arg>JP</arg>
<arg>KE</arg>
<arg>KG</arg>
<arg>KH</arg>
<arg>KI</arg>
<arg>KM</arg>
<arg>KN</arg>
<arg>KP</arg>
<arg>KR</arg>
<arg>KW</arg>
<arg>KY</arg>
<arg>KZ</arg>
<arg>LA</arg>
<arg>LB</arg>
<arg>LC</arg>
<arg>LI</arg>
<arg>LK</arg>
<arg>LR</arg>
<arg>LS</arg>
<arg>LT</arg>
<arg>LU</arg>
<arg>LV</arg>
<arg>LY</arg>
<arg>MA</arg>
<arg>MC</arg>
<arg>MD</arg>
<arg>ME</arg>
<arg>MF</arg>
<arg>MG</arg>
<arg>MH</arg>
<arg>MK</arg>
<arg>ML</arg>
<arg>MM</arg>
<arg>MN</arg>
<arg>MO</arg>
<arg>MP</arg>
<arg>MQ</arg>
<arg>MR</arg>
<arg>MS</arg>
<arg>MT</arg>
<arg>MU</arg>
<arg>MV</arg>
<arg>MW</arg>
<arg>MX</arg>
<arg>MY</arg>
<arg>MZ</arg>
<arg>NA</arg>
<arg>NC</arg>
<arg>NE</arg>
<arg>NF</arg>
<arg>NG</arg>
<arg>NI</arg>
<arg>NL</arg>
<arg>NO</arg>
<arg>NP</arg>
<arg>NR</arg>
<arg>NU</arg>
<arg>NZ</arg>
<arg>OM</arg>
<arg>PA</arg>
<arg>PE</arg>
<arg>PF</arg>
<arg>PG</arg>
<arg>PH</arg>
<arg>PK</arg>
<arg>PL</arg>
<arg>PM</arg>
<arg>PN</arg>
<arg>PR</arg>
<arg>PS</arg>
<arg>PT</arg>
<arg>PW</arg>
<arg>PY</arg>
<arg>QA</arg>
<arg>RE</arg>
<arg>RO</arg>
<arg>RS</arg>
<arg>RU</arg>
<arg>RW</arg>
<arg>SA</arg>
<arg>SB</arg>
<arg>SC</arg>
<arg>SD</arg>
<arg>SE</arg>
<arg>SG</arg>
<arg>SH</arg>
<arg>SI</arg>
<arg>SJ</arg>
<arg>SK</arg>
<arg>SL</arg>
<arg>SM</arg>
<arg>SN</arg>
<arg>SO</arg>
<arg>SR</arg>
<arg>SS</arg>
<arg>ST</arg>
<arg>SV</arg>
<arg>SX</arg>
<arg>SY</arg>
<arg>SZ</arg>
<arg>TC</arg>
<arg>TD</arg>
<arg>TF</arg>
<arg>TG</arg>
<arg>TH</arg>
<arg>TJ</arg>
<arg>TK</arg>
<arg>TL</arg>
<arg>TM</arg>
<arg>TN</arg>
<arg>TO</arg>
<arg>TR</arg>
<arg>TT</arg>
<arg>TV</arg>
<arg>TW</arg>
<arg>TZ</arg>
<arg>UA</arg>
<arg>UG</arg>
<arg>UM</arg>
<arg>US</arg>
<arg>UY</arg>
<arg>UZ</arg>
<arg>VA</arg>
<arg>VC</arg>
<arg>VE</arg>
<arg>VG</arg>
<arg>VI</arg>
<arg>VN</arg>
<arg>VU</arg>
<arg>WF</arg>
<arg>WS</arg>
<arg>XK</arg>
<arg>YE</arg>
<arg>YT</arg>
<arg>ZA</arg>
<arg>ZM</arg>
<arg>ZW</arg>
<doc>Returns a list containing given items.</doc>
<status status="PASS" start="2024-06-02T23:14:16.026947" elapsed="0.000651"/>
</kw>
<kw name="List Should Contain Value" owner="Collections">
<msg time="2024-06-02T23:14:16.028615" level="INFO">False</msg>
<arg>${list_country}</arg>
<arg>${name_country}</arg>
<doc>Fails if the ``value`` is not found from ``list``.</doc>
<status status="PASS" start="2024-06-02T23:14:16.028399" elapsed="0.000255"/>
</kw>
<kw name="Run Keyword If" owner="BuiltIn">
<kw name="Should Be True" owner="BuiltIn">
<arg>${True}</arg>
<doc>Fails if the given condition is not true.</doc>
<status status="PASS" start="2024-06-02T23:14:16.029758" elapsed="0.000146"/>
</kw>
<arg>${json_data["results"][0]["location"]["coordinates"]["latitude"]} &gt;= -90 and ${json_data["results"][0]["location"]["coordinates"]["latitude"]} &lt;= 90</arg>
<arg>Should Be True</arg>
<arg>${True}</arg>
<doc>Runs the given keyword with the given arguments, if ``condition`` is true.</doc>
<status status="PASS" start="2024-06-02T23:14:16.028973" elapsed="0.001059"/>
</kw>
<kw name="Run Keyword If" owner="BuiltIn">
<kw name="Should Be True" owner="BuiltIn">
<arg>${True}</arg>
<doc>Fails if the given condition is not true.</doc>
<status status="PASS" start="2024-06-02T23:14:16.030912" elapsed="0.000293"/>
</kw>
<arg>${json_data["results"][0]["location"]["coordinates"]["longitude"]} &gt;= -180 and ${json_data["results"][0]["location"]["coordinates"]["longitude"]} &lt;= 180</arg>
<arg>Should Be True</arg>
<arg>${True}</arg>
<doc>Runs the given keyword with the given arguments, if ``condition`` is true.</doc>
<status status="PASS" start="2024-06-02T23:14:16.030217" elapsed="0.001131"/>
</kw>
<status status="PASS" start="2024-06-02T23:14:15.916316" elapsed="0.115168"/>
</kw>
<doc>Testa o conteúdo específico dos campos retornados pela API.</doc>
<tag>testeConteudo</tag>
<status status="PASS" start="2024-06-02T23:14:15.915767" elapsed="0.115880"/>
</test>
<status status="PASS" start="2024-06-02T23:14:14.789850" elapsed="1.243722"/>
</suite>
<status status="PASS" start="2024-06-02T23:14:14.775205" elapsed="1.263568"/>
</suite>
<statistics>
<total>
<stat pass="5" fail="0" skip="0">All Tests</stat>
</total>
<tag>
<stat pass="1" fail="0" skip="0">testeConteudo</stat>
<stat pass="1" fail="0" skip="0">testeEstruturaResposta</stat>
<stat pass="1" fail="0" skip="0">testeRequisicaoBasica</stat>
<stat pass="1" fail="0" skip="0">testeTiposDados</stat>
</tag>
<suite>
<stat pass="5" fail="0" skip="0" id="s1" name="Tests">Tests</stat>
<stat pass="5" fail="0" skip="0" id="s1-s1" name="Random-User-Test">Tests.Random-User-Test</stat>
</suite>
</statistics>
<errors>
</errors>
</robot>
