<?xml version="1.0" encoding="UTF-8"?>
<robot generator="Robot 7.0.1 (Python 3.12.4 on linux)" generated="2024-07-05T17:13:41.936004" rpa="false" schemaversion="5">
<suite id="s1" name="Tests" source="/home/runner/work/ApiRandomUser/ApiRandomUser/RamdonUser/tests">
<suite id="s1-s1" name="Random-User-Test" source="/home/runner/work/ApiRandomUser/ApiRandomUser/RamdonUser/tests/random-user-test.robot">
<test id="s1-s1-t1" name="Conectar" line="13">
<kw name="Conectar API" owner="random-user-service">
<kw name="Create Session" owner="RequestsLibrary">
<msg time="2024-07-05T17:13:42.345167" level="INFO">Creating Session using : alias=consultarAPI, url=https://randomuser.me/, headers={},                     cookies={}, auth=None, timeout=None, proxies=None, verify=False,                     debug=0 </msg>
<arg>consultarAPI</arg>
<arg>${URL}</arg>
<doc>Create Session: create a HTTP session to a server</doc>
<status status="PASS" start="2024-07-05T17:13:42.344937" elapsed="0.000429"/>
</kw>
<status status="PASS" start="2024-07-05T17:13:42.343870" elapsed="0.001875"/>
</kw>
<status status="PASS" start="2024-07-05T17:13:42.343187" elapsed="0.002758"/>
</test>
<test id="s1-s1-t2" name="Validar retorno 200 e JSON Válido" line="16">
<kw name="Teste de Requisicao Basica" owner="random-user-service">
<kw name="GET On Session" owner="RequestsLibrary">
<msg time="2024-07-05T17:13:42.511880" level="INFO">GET Request : url=https://randomuser.me/api 
 path_url=/api 
 headers={'User-Agent': 'python-requests/2.32.3', 'Accept-Encoding': 'gzip, deflate', 'Accept': '*/*', 'Connection': 'keep-alive'} 
 body=None 
 </msg>
<msg time="2024-07-05T17:13:42.512032" level="INFO">GET Response : url=https://randomuser.me/api 
 status=200, reason=OK 
 headers={'Date': 'Fri, 05 Jul 2024 17:13:42 GMT', 'Content-Type': 'application/json; charset=utf-8', 'Transfer-Encoding': 'chunked', 'Connection': 'keep-alive', 'X-Powered-By': 'Express', 'Access-Control-Allow-Origin': '*', 'Cache-Control': 'no-cache', 'ETag': 'W/"48a-Mlo+bIdwv0ifU0kqyWtR7E+MD/8"', 'Vary': 'Accept-Encoding', 'Content-Encoding': 'gzip', 'CF-Cache-Status': 'DYNAMIC', 'Report-To': '{"endpoints":[{"url":"https:\\/\\/a.nel.cloudflare.com\\/report\\/v4?s=ixzUFOtWrCEYkXm%2BC6miGHxueCgpWoMH6btZmHsIqDuxLAM3PZRgdmoehPfxVhWQ9Tgdy8y0xTEHs5Xq88s%2FTRJFonN70BQBtzMLTN9VXFndMvWvkzQuU7wLx3c1Iq6P"}],"group":"cf-nel","max_age":604800}', 'NEL': '{"success_fraction":0,"report_to":"cf-nel","max_age":604800}', 'Server': 'cloudflare', 'CF-RAY': '89e8fcb80d372f10-LAX', 'alt-svc': 'h3=":443"; ma=86400'} 
 body={"results":[{"gender":"male","name":{"title":"Mr","first":"Özkan","last":"Özbir"},"location":{"street":{"number":8277,"name":"Atatürk Sk"},"city":"Adıyaman","state":"Muğla","country":"Turkey","postcode":64824,"coordinates":{"latitude":"67.2626","longitude":"-162.3613"},"timezone":{"offset":"0:00","description":"Western Europe Time, London, Lisbon, Casablanca"}},"email":"ozkan.ozbir@example.com","login":{"uuid":"ef7d0099-320a-4b9c-8637-75d5c9fcf36f","username":"bluekoala533","password":"halflife","salt":"oldOTKXt","md5":"5356ffb1de9db6a4ce824b10b7ff5809","sha1":"4e6a3afb21d06462a80cd420ec097bbdf9bdfc4d","sha256":"ffb70cc47d6bec46cc05c6dff3c213cfaccba816b6358ac641c0568052b4667a"},"dob":{"date":"1962-05-30T21:14:19.595Z","age":62},"registered":{"date":"2019-05-23T19:05:17.225Z","age":5},"phone":"(869)-792-3964","cell":"(592)-102-6074","id":{"name":"","value":null},"picture":{"large":"https://randomuser.me/api/portraits/men/31.jpg","medium":"https://randomuser.me/api/portraits/med/men/31.jpg","thumbnail":"https://randomuser.me/api/portraits/thumb/men/31.jpg"},"nat":"TR"}],"info":{"seed":"07f5923079ceb871","results":1,"page":1,"version":"1.4"}} 
 </msg>
<msg time="2024-07-05T17:13:42.512121" level="INFO">/opt/hostedtoolcache/Python/3.12.4/x64/lib/python3.12/site-packages/urllib3/connectionpool.py:1099: InsecureRequestWarning: Unverified HTTPS request is being made to host 'randomuser.me'. Adding certificate verification is strongly advised. See: https://urllib3.readthedocs.io/en/latest/advanced-usage.html#tls-warnings
  warnings.warn(</msg>
<msg time="2024-07-05T17:13:42.512285" level="INFO">${response} = &lt;Response [200]&gt;</msg>
<var>${response}</var>
<arg>consultarAPI</arg>
<arg>/api</arg>
<doc>Sends a GET request on a previously created HTTP Session.</doc>
<status status="PASS" start="2024-07-05T17:13:42.348720" elapsed="0.163607"/>
</kw>
<kw name="Should Be Equal As Numbers" owner="BuiltIn">
<msg time="2024-07-05T17:13:42.513301" level="INFO">Argument types are:
&lt;class 'int'&gt;
&lt;class 'str'&gt;</msg>
<arg>${response.status_code}</arg>
<arg>200</arg>
<doc>Fails if objects are unequal after converting them to real numbers.</doc>
<status status="PASS" start="2024-07-05T17:13:42.512849" elapsed="0.000515"/>
</kw>
<kw name="Log" owner="BuiltIn">
<msg time="2024-07-05T17:13:42.514023" level="INFO">200</msg>
<arg>${response.status_code}</arg>
<doc>Logs the given message with the given level.</doc>
<status status="PASS" start="2024-07-05T17:13:42.513679" elapsed="0.000386"/>
</kw>
<kw name="Set Variable" owner="BuiltIn">
<msg time="2024-07-05T17:13:42.514849" level="INFO">${json_data} = {'results': [{'gender': 'male', 'name': {'title': 'Mr', 'first': 'Özkan', 'last': 'Özbir'}, 'location': {'street': {'number': 8277, 'name': 'Atatürk Sk'}, 'city': 'Adıyaman', 'state': 'Muğla', 'countr...</msg>
<var>${json_data}</var>
<arg>${response.json()}</arg>
<doc>Returns the given values which can then be assigned to a variables.</doc>
<status status="PASS" start="2024-07-05T17:13:42.514366" elapsed="0.000513"/>
</kw>
<kw name="Dictionary Should Contain Key" owner="Collections">
<arg>${json_data}</arg>
<arg>results</arg>
<doc>Fails if ``key`` is not found from ``dictionary``.</doc>
<status status="PASS" start="2024-07-05T17:13:42.515178" elapsed="0.000170"/>
</kw>
<status status="PASS" start="2024-07-05T17:13:42.348461" elapsed="0.167036"/>
</kw>
<doc>Testa se a API responde corretamente e retorna um objeto JSON válido.</doc>
<tag>testeRequisicaoBasica</tag>
<status status="PASS" start="2024-07-05T17:13:42.347878" elapsed="0.167793"/>
</test>
<test id="s1-s1-t3" name="Validar estrutura de resposta" line="22">
<kw name="Teste de Estrutura de Resposta" owner="random-user-service">
<kw name="GET On Session" owner="RequestsLibrary">
<msg time="2024-07-05T17:13:42.681004" level="INFO">GET Request : url=https://randomuser.me/api 
 path_url=/api 
 headers={'User-Agent': 'python-requests/2.32.3', 'Accept-Encoding': 'gzip, deflate', 'Accept': '*/*', 'Connection': 'keep-alive'} 
 body=None 
 </msg>
<msg time="2024-07-05T17:13:42.681123" level="INFO">GET Response : url=https://randomuser.me/api 
 status=200, reason=OK 
 headers={'Date': 'Fri, 05 Jul 2024 17:13:42 GMT', 'Content-Type': 'application/json; charset=utf-8', 'Transfer-Encoding': 'chunked', 'Connection': 'keep-alive', 'X-Powered-By': 'Express', 'Access-Control-Allow-Origin': '*', 'Cache-Control': 'no-cache', 'ETag': 'W/"482-yhuQqbNS3f6fyCSFhW3HSDyTxg8"', 'Vary': 'Accept-Encoding', 'Content-Encoding': 'gzip', 'CF-Cache-Status': 'DYNAMIC', 'Report-To': '{"endpoints":[{"url":"https:\\/\\/a.nel.cloudflare.com\\/report\\/v4?s=NP74F5I7lJoIe3VsCM04yp7EmoJF47epijsiCpSdOF4kDqv938f9APv6JMO8lHaQbuAGzaSjPunIdu8%2Bjdvz%2Boi6sXusDyhg2AbIeZfSCB4R30ECzeds%2BGIVATTgEm2k"}],"group":"cf-nel","max_age":604800}', 'NEL': '{"success_fraction":0,"report_to":"cf-nel","max_age":604800}', 'Server': 'cloudflare', 'CF-RAY': '89e8fcb8ce532f10-LAX', 'alt-svc': 'h3=":443"; ma=86400'} 
 body={"results":[{"gender":"male","name":{"title":"Mr","first":"Jesus","last":"Márquez"},"location":{"street":{"number":1948,"name":"Calle Nebrija"},"city":"Torrejón de Ardoz","state":"Canarias","country":"Spain","postcode":34066,"coordinates":{"latitude":"-32.4177","longitude":"-47.5850"},"timezone":{"offset":"-11:00","description":"Midway Island, Samoa"}},"email":"jesus.marquez@example.com","login":{"uuid":"8803ee34-5f38-4a34-8ebe-20feae553ba0","username":"sadtiger261","password":"towers","salt":"w0mFPorV","md5":"5dd739bd88e0705d4a79197f3e4d4ffe","sha1":"2ffb7554cd659cbedcf5cc6743ecd2a5144b8a29","sha256":"581fe32acde18d5496090b139dcd9a825d93e4c1df779145b5bf0d62afefe879"},"dob":{"date":"1947-06-07T16:40:56.799Z","age":77},"registered":{"date":"2021-03-14T08:24:38.440Z","age":3},"phone":"969-332-660","cell":"676-446-553","id":{"name":"DNI","value":"13137813-C"},"picture":{"large":"https://randomuser.me/api/portraits/men/89.jpg","medium":"https://randomuser.me/api/portraits/med/men/89.jpg","thumbnail":"https://randomuser.me/api/portraits/thumb/men/89.jpg"},"nat":"ES"}],"info":{"seed":"a804023644b39054","results":1,"page":1,"version":"1.4"}} 
 </msg>
<msg time="2024-07-05T17:13:42.681265" level="INFO">/opt/hostedtoolcache/Python/3.12.4/x64/lib/python3.12/site-packages/urllib3/connectionpool.py:1099: InsecureRequestWarning: Unverified HTTPS request is being made to host 'randomuser.me'. Adding certificate verification is strongly advised. See: https://urllib3.readthedocs.io/en/latest/advanced-usage.html#tls-warnings
  warnings.warn(</msg>
<msg time="2024-07-05T17:13:42.681425" level="INFO">${response} = &lt;Response [200]&gt;</msg>
<var>${response}</var>
<arg>consultarAPI</arg>
<arg>/api</arg>
<doc>Sends a GET request on a previously created HTTP Session.</doc>
<status status="PASS" start="2024-07-05T17:13:42.518207" elapsed="0.163265"/>
</kw>
<kw name="Set Variable" owner="BuiltIn">
<msg time="2024-07-05T17:13:42.682533" level="INFO">${json_data} = {'results': [{'gender': 'male', 'name': {'title': 'Mr', 'first': 'Jesus', 'last': 'Márquez'}, 'location': {'street': {'number': 1948, 'name': 'Calle Nebrija'}, 'city': 'Torrejón de Ardoz', 'state': 'C...</msg>
<var>${json_data}</var>
<arg>${response.json()}</arg>
<doc>Returns the given values which can then be assigned to a variables.</doc>
<status status="PASS" start="2024-07-05T17:13:42.681967" elapsed="0.000598"/>
</kw>
<kw name="Log" owner="BuiltIn">
<msg time="2024-07-05T17:13:42.683050" level="INFO">{'results': [{'gender': 'male', 'name': {'title': 'Mr', 'first': 'Jesus', 'last': 'Márquez'}, 'location': {'street': {'number': 1948, 'name': 'Calle Nebrija'}, 'city': 'Torrejón de Ardoz', 'state': 'Canarias', 'country': 'Spain', 'postcode': 34066, 'coordinates': {'latitude': '-32.4177', 'longitude': '-47.5850'}, 'timezone': {'offset': '-11:00', 'description': 'Midway Island, Samoa'}}, 'email': 'jesus.marquez@example.com', 'login': {'uuid': '8803ee34-5f38-4a34-8ebe-20feae553ba0', 'username': 'sadtiger261', 'password': 'towers', 'salt': 'w0mFPorV', 'md5': '5dd739bd88e0705d4a79197f3e4d4ffe', 'sha1': '2ffb7554cd659cbedcf5cc6743ecd2a5144b8a29', 'sha256': '581fe32acde18d5496090b139dcd9a825d93e4c1df779145b5bf0d62afefe879'}, 'dob': {'date': '1947-06-07T16:40:56.799Z', 'age': 77}, 'registered': {'date': '2021-03-14T08:24:38.440Z', 'age': 3}, 'phone': '969-332-660', 'cell': '676-446-553', 'id': {'name': 'DNI', 'value': '13137813-C'}, 'picture': {'large': 'https://randomuser.me/api/portraits/men/89.jpg', 'medium': 'https://randomuser.me/api/portraits/med/men/89.jpg', 'thumbnail': 'https://randomuser.me/api/portraits/thumb/men/89.jpg'}, 'nat': 'ES'}], 'info': {'seed': 'a804023644b39054', 'results': 1, 'page': 1, 'version': '1.4'}}</msg>
<arg>${json_data}</arg>
<doc>Logs the given message with the given level.</doc>
<status status="PASS" start="2024-07-05T17:13:42.682885" elapsed="0.000228"/>
</kw>
<kw name="Dictionary Should Contain Key" owner="Collections">
<arg>${json_data}</arg>
<arg>results</arg>
<doc>Fails if ``key`` is not found from ``dictionary``.</doc>
<status status="PASS" start="2024-07-05T17:13:42.683415" elapsed="0.000164"/>
</kw>
<kw name="Should Not Be Empty" owner="BuiltIn">
<msg time="2024-07-05T17:13:42.683915" level="INFO">Length is 2.</msg>
<arg>${json_data}</arg>
<doc>Verifies that the given item is not empty.</doc>
<status status="PASS" start="2024-07-05T17:13:42.683779" elapsed="0.000176"/>
</kw>
<kw name="Create List" owner="BuiltIn">
<msg time="2024-07-05T17:13:42.684572" level="INFO">${expected_keys} = ['gender', 'name', 'location', 'email', 'login']</msg>
<var>${expected_keys}</var>
<arg>gender</arg>
<arg>name</arg>
<arg>location</arg>
<arg>email</arg>
<arg>login</arg>
<doc>Returns a list containing given items.</doc>
<status status="PASS" start="2024-07-05T17:13:42.684257" elapsed="0.000341"/>
</kw>
<for flavor="IN">
<iter>
<kw name="Dictionary Should Contain Key" owner="Collections">
<arg>${json_data['results'][0]}</arg>
<arg>${key}</arg>
<doc>Fails if ``key`` is not found from ``dictionary``.</doc>
<status status="PASS" start="2024-07-05T17:13:42.685192" elapsed="0.000407"/>
</kw>
<kw name="Log" owner="BuiltIn">
<msg time="2024-07-05T17:13:42.686160" level="INFO">{'gender': 'male', 'name': {'title': 'Mr', 'first': 'Jesus', 'last': 'Márquez'}, 'location': {'street': {'number': 1948, 'name': 'Calle Nebrija'}, 'city': 'Torrejón de Ardoz', 'state': 'Canarias', 'country': 'Spain', 'postcode': 34066, 'coordinates': {'latitude': '-32.4177', 'longitude': '-47.5850'}, 'timezone': {'offset': '-11:00', 'description': 'Midway Island, Samoa'}}, 'email': 'jesus.marquez@example.com', 'login': {'uuid': '8803ee34-5f38-4a34-8ebe-20feae553ba0', 'username': 'sadtiger261', 'password': 'towers', 'salt': 'w0mFPorV', 'md5': '5dd739bd88e0705d4a79197f3e4d4ffe', 'sha1': '2ffb7554cd659cbedcf5cc6743ecd2a5144b8a29', 'sha256': '581fe32acde18d5496090b139dcd9a825d93e4c1df779145b5bf0d62afefe879'}, 'dob': {'date': '1947-06-07T16:40:56.799Z', 'age': 77}, 'registered': {'date': '2021-03-14T08:24:38.440Z', 'age': 3}, 'phone': '969-332-660', 'cell': '676-446-553', 'id': {'name': 'DNI', 'value': '13137813-C'}, 'picture': {'large': 'https://randomuser.me/api/portraits/men/89.jpg', 'medium': 'https://randomuser.me/api/portraits/med/men/89.jpg', 'thumbnail': 'https://randomuser.me/api/portraits/thumb/men/89.jpg'}, 'nat': 'ES'}</msg>
<arg>${json_data['results'][0]}</arg>
<doc>Logs the given message with the given level.</doc>
<status status="PASS" start="2024-07-05T17:13:42.685792" elapsed="0.000420"/>
</kw>
<kw name="Log" owner="BuiltIn">
<msg time="2024-07-05T17:13:42.686670" level="INFO">gender</msg>
<arg>${key}</arg>
<doc>Logs the given message with the given level.</doc>
<status status="PASS" start="2024-07-05T17:13:42.686539" elapsed="0.000169"/>
</kw>
<var name="${key}">gender</var>
<status status="PASS" start="2024-07-05T17:13:42.685066" elapsed="0.001866"/>
</iter>
<iter>
<kw name="Dictionary Should Contain Key" owner="Collections">
<arg>${json_data['results'][0]}</arg>
<arg>${key}</arg>
<doc>Fails if ``key`` is not found from ``dictionary``.</doc>
<status status="PASS" start="2024-07-05T17:13:42.687239" elapsed="0.000397"/>
</kw>
<kw name="Log" owner="BuiltIn">
<msg time="2024-07-05T17:13:42.688173" level="INFO">{'gender': 'male', 'name': {'title': 'Mr', 'first': 'Jesus', 'last': 'Márquez'}, 'location': {'street': {'number': 1948, 'name': 'Calle Nebrija'}, 'city': 'Torrejón de Ardoz', 'state': 'Canarias', 'country': 'Spain', 'postcode': 34066, 'coordinates': {'latitude': '-32.4177', 'longitude': '-47.5850'}, 'timezone': {'offset': '-11:00', 'description': 'Midway Island, Samoa'}}, 'email': 'jesus.marquez@example.com', 'login': {'uuid': '8803ee34-5f38-4a34-8ebe-20feae553ba0', 'username': 'sadtiger261', 'password': 'towers', 'salt': 'w0mFPorV', 'md5': '5dd739bd88e0705d4a79197f3e4d4ffe', 'sha1': '2ffb7554cd659cbedcf5cc6743ecd2a5144b8a29', 'sha256': '581fe32acde18d5496090b139dcd9a825d93e4c1df779145b5bf0d62afefe879'}, 'dob': {'date': '1947-06-07T16:40:56.799Z', 'age': 77}, 'registered': {'date': '2021-03-14T08:24:38.440Z', 'age': 3}, 'phone': '969-332-660', 'cell': '676-446-553', 'id': {'name': 'DNI', 'value': '13137813-C'}, 'picture': {'large': 'https://randomuser.me/api/portraits/men/89.jpg', 'medium': 'https://randomuser.me/api/portraits/med/men/89.jpg', 'thumbnail': 'https://randomuser.me/api/portraits/thumb/men/89.jpg'}, 'nat': 'ES'}</msg>
<arg>${json_data['results'][0]}</arg>
<doc>Logs the given message with the given level.</doc>
<status status="PASS" start="2024-07-05T17:13:42.687820" elapsed="0.000442"/>
</kw>
<kw name="Log" owner="BuiltIn">
<msg time="2024-07-05T17:13:42.688697" level="INFO">name</msg>
<arg>${key}</arg>
<doc>Logs the given message with the given level.</doc>
<status status="PASS" start="2024-07-05T17:13:42.688566" elapsed="0.000170"/>
</kw>
<var name="${key}">name</var>
<status status="PASS" start="2024-07-05T17:13:42.687120" elapsed="0.001835"/>
</iter>
<iter>
<kw name="Dictionary Should Contain Key" owner="Collections">
<arg>${json_data['results'][0]}</arg>
<arg>${key}</arg>
<doc>Fails if ``key`` is not found from ``dictionary``.</doc>
<status status="PASS" start="2024-07-05T17:13:42.689243" elapsed="0.000382"/>
</kw>
<kw name="Log" owner="BuiltIn">
<msg time="2024-07-05T17:13:42.690159" level="INFO">{'gender': 'male', 'name': {'title': 'Mr', 'first': 'Jesus', 'last': 'Márquez'}, 'location': {'street': {'number': 1948, 'name': 'Calle Nebrija'}, 'city': 'Torrejón de Ardoz', 'state': 'Canarias', 'country': 'Spain', 'postcode': 34066, 'coordinates': {'latitude': '-32.4177', 'longitude': '-47.5850'}, 'timezone': {'offset': '-11:00', 'description': 'Midway Island, Samoa'}}, 'email': 'jesus.marquez@example.com', 'login': {'uuid': '8803ee34-5f38-4a34-8ebe-20feae553ba0', 'username': 'sadtiger261', 'password': 'towers', 'salt': 'w0mFPorV', 'md5': '5dd739bd88e0705d4a79197f3e4d4ffe', 'sha1': '2ffb7554cd659cbedcf5cc6743ecd2a5144b8a29', 'sha256': '581fe32acde18d5496090b139dcd9a825d93e4c1df779145b5bf0d62afefe879'}, 'dob': {'date': '1947-06-07T16:40:56.799Z', 'age': 77}, 'registered': {'date': '2021-03-14T08:24:38.440Z', 'age': 3}, 'phone': '969-332-660', 'cell': '676-446-553', 'id': {'name': 'DNI', 'value': '13137813-C'}, 'picture': {'large': 'https://randomuser.me/api/portraits/men/89.jpg', 'medium': 'https://randomuser.me/api/portraits/med/men/89.jpg', 'thumbnail': 'https://randomuser.me/api/portraits/thumb/men/89.jpg'}, 'nat': 'ES'}</msg>
<arg>${json_data['results'][0]}</arg>
<doc>Logs the given message with the given level.</doc>
<status status="PASS" start="2024-07-05T17:13:42.689808" elapsed="0.000402"/>
</kw>
<kw name="Log" owner="BuiltIn">
<msg time="2024-07-05T17:13:42.690669" level="INFO">location</msg>
<arg>${key}</arg>
<doc>Logs the given message with the given level.</doc>
<status status="PASS" start="2024-07-05T17:13:42.690540" elapsed="0.000166"/>
</kw>
<var name="${key}">location</var>
<status status="PASS" start="2024-07-05T17:13:42.689133" elapsed="0.001788"/>
</iter>
<iter>
<kw name="Dictionary Should Contain Key" owner="Collections">
<arg>${json_data['results'][0]}</arg>
<arg>${key}</arg>
<doc>Fails if ``key`` is not found from ``dictionary``.</doc>
<status status="PASS" start="2024-07-05T17:13:42.691202" elapsed="0.000389"/>
</kw>
<kw name="Log" owner="BuiltIn">
<msg time="2024-07-05T17:13:42.692127" level="INFO">{'gender': 'male', 'name': {'title': 'Mr', 'first': 'Jesus', 'last': 'Márquez'}, 'location': {'street': {'number': 1948, 'name': 'Calle Nebrija'}, 'city': 'Torrejón de Ardoz', 'state': 'Canarias', 'country': 'Spain', 'postcode': 34066, 'coordinates': {'latitude': '-32.4177', 'longitude': '-47.5850'}, 'timezone': {'offset': '-11:00', 'description': 'Midway Island, Samoa'}}, 'email': 'jesus.marquez@example.com', 'login': {'uuid': '8803ee34-5f38-4a34-8ebe-20feae553ba0', 'username': 'sadtiger261', 'password': 'towers', 'salt': 'w0mFPorV', 'md5': '5dd739bd88e0705d4a79197f3e4d4ffe', 'sha1': '2ffb7554cd659cbedcf5cc6743ecd2a5144b8a29', 'sha256': '581fe32acde18d5496090b139dcd9a825d93e4c1df779145b5bf0d62afefe879'}, 'dob': {'date': '1947-06-07T16:40:56.799Z', 'age': 77}, 'registered': {'date': '2021-03-14T08:24:38.440Z', 'age': 3}, 'phone': '969-332-660', 'cell': '676-446-553', 'id': {'name': 'DNI', 'value': '13137813-C'}, 'picture': {'large': 'https://randomuser.me/api/portraits/men/89.jpg', 'medium': 'https://randomuser.me/api/portraits/med/men/89.jpg', 'thumbnail': 'https://randomuser.me/api/portraits/thumb/men/89.jpg'}, 'nat': 'ES'}</msg>
<arg>${json_data['results'][0]}</arg>
<doc>Logs the given message with the given level.</doc>
<status status="PASS" start="2024-07-05T17:13:42.691774" elapsed="0.000404"/>
</kw>
<kw name="Log" owner="BuiltIn">
<msg time="2024-07-05T17:13:42.692617" level="INFO">email</msg>
<arg>${key}</arg>
<doc>Logs the given message with the given level.</doc>
<status status="PASS" start="2024-07-05T17:13:42.692490" elapsed="0.000166"/>
</kw>
<var name="${key}">email</var>
<status status="PASS" start="2024-07-05T17:13:42.691093" elapsed="0.001781"/>
</iter>
<iter>
<kw name="Dictionary Should Contain Key" owner="Collections">
<arg>${json_data['results'][0]}</arg>
<arg>${key}</arg>
<doc>Fails if ``key`` is not found from ``dictionary``.</doc>
<status status="PASS" start="2024-07-05T17:13:42.693158" elapsed="0.000393"/>
</kw>
<kw name="Log" owner="BuiltIn">
<msg time="2024-07-05T17:13:42.694084" level="INFO">{'gender': 'male', 'name': {'title': 'Mr', 'first': 'Jesus', 'last': 'Márquez'}, 'location': {'street': {'number': 1948, 'name': 'Calle Nebrija'}, 'city': 'Torrejón de Ardoz', 'state': 'Canarias', 'country': 'Spain', 'postcode': 34066, 'coordinates': {'latitude': '-32.4177', 'longitude': '-47.5850'}, 'timezone': {'offset': '-11:00', 'description': 'Midway Island, Samoa'}}, 'email': 'jesus.marquez@example.com', 'login': {'uuid': '8803ee34-5f38-4a34-8ebe-20feae553ba0', 'username': 'sadtiger261', 'password': 'towers', 'salt': 'w0mFPorV', 'md5': '5dd739bd88e0705d4a79197f3e4d4ffe', 'sha1': '2ffb7554cd659cbedcf5cc6743ecd2a5144b8a29', 'sha256': '581fe32acde18d5496090b139dcd9a825d93e4c1df779145b5bf0d62afefe879'}, 'dob': {'date': '1947-06-07T16:40:56.799Z', 'age': 77}, 'registered': {'date': '2021-03-14T08:24:38.440Z', 'age': 3}, 'phone': '969-332-660', 'cell': '676-446-553', 'id': {'name': 'DNI', 'value': '13137813-C'}, 'picture': {'large': 'https://randomuser.me/api/portraits/men/89.jpg', 'medium': 'https://randomuser.me/api/portraits/med/men/89.jpg', 'thumbnail': 'https://randomuser.me/api/portraits/thumb/men/89.jpg'}, 'nat': 'ES'}</msg>
<arg>${json_data['results'][0]}</arg>
<doc>Logs the given message with the given level.</doc>
<status status="PASS" start="2024-07-05T17:13:42.693735" elapsed="0.000399"/>
</kw>
<kw name="Log" owner="BuiltIn">
<msg time="2024-07-05T17:13:42.694586" level="INFO">login</msg>
<arg>${key}</arg>
<doc>Logs the given message with the given level.</doc>
<status status="PASS" start="2024-07-05T17:13:42.694448" elapsed="0.000176"/>
</kw>
<var name="${key}">login</var>
<status status="PASS" start="2024-07-05T17:13:42.693045" elapsed="0.001793"/>
</iter>
<var>${key}</var>
<value>@{expected_keys}</value>
<status status="PASS" start="2024-07-05T17:13:42.684870" elapsed="0.010090"/>
</for>
<kw name="Create List" owner="BuiltIn">
<msg time="2024-07-05T17:13:42.695296" level="INFO">${expected_keysTwo} = ['username', 'password']</msg>
<var>${expected_keysTwo}</var>
<arg>username</arg>
<arg>password</arg>
<doc>Returns a list containing given items.</doc>
<status status="PASS" start="2024-07-05T17:13:42.695155" elapsed="0.000165"/>
</kw>
<for flavor="IN">
<iter>
<kw name="Dictionary Should Contain Key" owner="Collections">
<arg>${json_data['results'][0]['login']}</arg>
<arg>${keyTwo}</arg>
<doc>Fails if ``key`` is not found from ``dictionary``.</doc>
<status status="PASS" start="2024-07-05T17:13:42.695844" elapsed="0.000386"/>
</kw>
<kw name="Dictionary Should Contain Key" owner="Collections">
<arg>${json_data['results'][0]['login']}</arg>
<arg>${keyTwo}</arg>
<doc>Fails if ``key`` is not found from ``dictionary``.</doc>
<status status="PASS" start="2024-07-05T17:13:42.696413" elapsed="0.000385"/>
</kw>
<kw name="Log" owner="BuiltIn">
<msg time="2024-07-05T17:13:42.697108" level="INFO">username</msg>
<arg>${keyTwo}</arg>
<doc>Logs the given message with the given level.</doc>
<status status="PASS" start="2024-07-05T17:13:42.696986" elapsed="0.000160"/>
</kw>
<var name="${keyTwo}">username</var>
<status status="PASS" start="2024-07-05T17:13:42.695736" elapsed="0.001636"/>
</iter>
<iter>
<kw name="Dictionary Should Contain Key" owner="Collections">
<arg>${json_data['results'][0]['login']}</arg>
<arg>${keyTwo}</arg>
<doc>Fails if ``key`` is not found from ``dictionary``.</doc>
<status status="PASS" start="2024-07-05T17:13:42.697655" elapsed="0.000385"/>
</kw>
<kw name="Dictionary Should Contain Key" owner="Collections">
<arg>${json_data['results'][0]['login']}</arg>
<arg>${keyTwo}</arg>
<doc>Fails if ``key`` is not found from ``dictionary``.</doc>
<status status="PASS" start="2024-07-05T17:13:42.698220" elapsed="0.000396"/>
</kw>
<kw name="Log" owner="BuiltIn">
<msg time="2024-07-05T17:13:42.698920" level="INFO">password</msg>
<arg>${keyTwo}</arg>
<doc>Logs the given message with the given level.</doc>
<status status="PASS" start="2024-07-05T17:13:42.698802" elapsed="0.000160"/>
</kw>
<var name="${keyTwo}">password</var>
<status status="PASS" start="2024-07-05T17:13:42.697547" elapsed="0.001729"/>
</iter>
<var>${keyTwo}</var>
<value>@{expected_keysTwo}</value>
<status status="PASS" start="2024-07-05T17:13:42.695580" elapsed="0.003819"/>
</for>
<status status="PASS" start="2024-07-05T17:13:42.517975" elapsed="0.181570"/>
</kw>
<doc>Testa a estrutura da resposta da API.</doc>
<tag>testeEstruturaResposta</tag>
<status status="PASS" start="2024-07-05T17:13:42.517481" elapsed="0.182223"/>
</test>
<test id="s1-s1-t4" name="Validar tipos de dados" line="28">
<kw name="Teste de Tipos de Dados" owner="random-user-service">
<kw name="GET On Session" owner="RequestsLibrary">
<msg time="2024-07-05T17:13:42.964921" level="INFO">GET Request : url=https://randomuser.me/api 
 path_url=/api 
 headers={'User-Agent': 'python-requests/2.32.3', 'Accept-Encoding': 'gzip, deflate', 'Accept': '*/*', 'Connection': 'keep-alive'} 
 body=None 
 </msg>
<msg time="2024-07-05T17:13:42.965021" level="INFO">GET Response : url=https://randomuser.me/api 
 status=200, reason=OK 
 headers={'Date': 'Fri, 05 Jul 2024 17:13:42 GMT', 'Content-Type': 'application/json; charset=utf-8', 'Transfer-Encoding': 'chunked', 'Connection': 'keep-alive', 'X-Powered-By': 'Express', 'Access-Control-Allow-Origin': '*', 'Cache-Control': 'no-cache', 'ETag': 'W/"4b0-tgBmZcGWBdsmLnhvDJ4JvNF/l8w"', 'Vary': 'Accept-Encoding', 'Content-Encoding': 'gzip', 'CF-Cache-Status': 'DYNAMIC', 'Report-To': '{"endpoints":[{"url":"https:\\/\\/a.nel.cloudflare.com\\/report\\/v4?s=jDNe3qtFolEGxFtutblcnDWCmsz7CXVZZguxsPC%2B5dMhSFAm2adaBVeU68jlsBYaHBPR6MzRv%2BoRvFxMx103pR5QVOLVS%2F%2BaAyKhDaAP%2BcCVpxcK9tJ2hKnnb6Yyh2FO"}],"group":"cf-nel","max_age":604800}', 'NEL': '{"success_fraction":0,"report_to":"cf-nel","max_age":604800}', 'Server': 'cloudflare', 'CF-RAY': '89e8fcb9efd72f10-LAX', 'alt-svc': 'h3=":443"; ma=86400'} 
 body={"results":[{"gender":"female","name":{"title":"Mademoiselle","first":"Silvana","last":"Robin"},"location":{"street":{"number":4226,"name":"Rue de L'Abbé-Soulange-Bodin"},"city":"Degersheim","state":"Zürich","country":"Switzerland","postcode":2444,"coordinates":{"latitude":"-63.7567","longitude":"122.9485"},"timezone":{"offset":"-8:00","description":"Pacific Time (US &amp; Canada)"}},"email":"silvana.robin@example.com","login":{"uuid":"ee52693f-86b2-4d78-a685-8f03d22c8d96","username":"greenlion987","password":"lumber","salt":"yQk2CI5A","md5":"86af0c1d43675e9b2ec4a98f66e03146","sha1":"6c3863cae51073980c85b79b1e773df3e6b05a6f","sha256":"9a919267ade65a6aa484ec4cac6d415b66e37197857b0df6e0f56fafc0fbb8b6"},"dob":{"date":"1944-11-12T07:43:01.445Z","age":79},"registered":{"date":"2006-09-29T15:10:24.855Z","age":17},"phone":"079 586 38 92","cell":"075 822 31 29","id":{"name":"AVS","value":"756.2764.0199.44"},"picture":{"large":"https://randomuser.me/api/portraits/women/82.jpg","medium":"https://randomuser.me/api/portraits/med/women/82.jpg","thumbnail":"https://randomuser.me/api/portraits/thumb/women/82.jpg"},"nat":"CH"}],"info":{"seed":"746aa857ecd94687","results":1,"page":1,"version":"1.4"}} 
 </msg>
<msg time="2024-07-05T17:13:42.965093" level="INFO">/opt/hostedtoolcache/Python/3.12.4/x64/lib/python3.12/site-packages/urllib3/connectionpool.py:1099: InsecureRequestWarning: Unverified HTTPS request is being made to host 'randomuser.me'. Adding certificate verification is strongly advised. See: https://urllib3.readthedocs.io/en/latest/advanced-usage.html#tls-warnings
  warnings.warn(</msg>
<msg time="2024-07-05T17:13:42.965233" level="INFO">${response} = &lt;Response [200]&gt;</msg>
<var>${response}</var>
<arg>consultarAPI</arg>
<arg>/api</arg>
<doc>Sends a GET request on a previously created HTTP Session.</doc>
<status status="PASS" start="2024-07-05T17:13:42.702190" elapsed="0.263083"/>
</kw>
<kw name="Set Variable" owner="BuiltIn">
<msg time="2024-07-05T17:13:42.966311" level="INFO">${json_data} = {'results': [{'gender': 'female', 'name': {'title': 'Mademoiselle', 'first': 'Silvana', 'last': 'Robin'}, 'location': {'street': {'number': 4226, 'name': "Rue de L'Abbé-Soulange-Bodin"}, 'city': 'Dege...</msg>
<var>${json_data}</var>
<arg>${response.json()}</arg>
<doc>Returns the given values which can then be assigned to a variables.</doc>
<status status="PASS" start="2024-07-05T17:13:42.965787" elapsed="0.000555"/>
</kw>
<kw name="Log" owner="BuiltIn">
<msg time="2024-07-05T17:13:42.966871" level="INFO">{'results': [{'gender': 'female', 'name': {'title': 'Mademoiselle', 'first': 'Silvana', 'last': 'Robin'}, 'location': {'street': {'number': 4226, 'name': "Rue de L'Abbé-Soulange-Bodin"}, 'city': 'Degersheim', 'state': 'Zürich', 'country': 'Switzerland', 'postcode': 2444, 'coordinates': {'latitude': '-63.7567', 'longitude': '122.9485'}, 'timezone': {'offset': '-8:00', 'description': 'Pacific Time (US &amp; Canada)'}}, 'email': 'silvana.robin@example.com', 'login': {'uuid': 'ee52693f-86b2-4d78-a685-8f03d22c8d96', 'username': 'greenlion987', 'password': 'lumber', 'salt': 'yQk2CI5A', 'md5': '86af0c1d43675e9b2ec4a98f66e03146', 'sha1': '6c3863cae51073980c85b79b1e773df3e6b05a6f', 'sha256': '9a919267ade65a6aa484ec4cac6d415b66e37197857b0df6e0f56fafc0fbb8b6'}, 'dob': {'date': '1944-11-12T07:43:01.445Z', 'age': 79}, 'registered': {'date': '2006-09-29T15:10:24.855Z', 'age': 17}, 'phone': '079 586 38 92', 'cell': '075 822 31 29', 'id': {'name': 'AVS', 'value': '756.2764.0199.44'}, 'picture': {'large': 'https://randomuser.me/api/portraits/women/82.jpg', 'medium': 'https://randomuser.me/api/portraits/med/women/82.jpg', 'thumbnail': 'https://randomuser.me/api/portraits/thumb/women/82.jpg'}, 'nat': 'CH'}], 'info': {'seed': '746aa857ecd94687', 'results': 1, 'page': 1, 'version': '1.4'}}</msg>
<arg>${json_data}</arg>
<doc>Logs the given message with the given level.</doc>
<status status="PASS" start="2024-07-05T17:13:42.966707" elapsed="0.000216"/>
</kw>
<kw name="Should Be String" owner="String">
<arg>${json_data['results'][0]['gender']}</arg>
<doc>Fails if the given ``item`` is not a string.</doc>
<status status="PASS" start="2024-07-05T17:13:42.967215" elapsed="0.000360"/>
</kw>
<kw name="Should Match Regexp" owner="BuiltIn">
<arg>${json_data['results'][0]['email']}</arg>
<arg>^[a-zA-Z0-9._%+-]+@[a-zA-Z0-9.-]+\.[a-zA-Z]{2,}$</arg>
<doc>Fails if ``string`` does not match ``pattern`` as a regular expression.</doc>
<status status="PASS" start="2024-07-05T17:13:42.967765" elapsed="0.000513"/>
</kw>
<kw name="Should Match Regexp" owner="BuiltIn">
<arg>${json_data['results'][0]['dob']['date']}</arg>
<arg>\\d{4}-\\d{2}-\\d{2}T\\d{2}:\\d{2}:\\d{2}\\.\\d{3}Z</arg>
<doc>Fails if ``string`` does not match ``pattern`` as a regular expression.</doc>
<status status="PASS" start="2024-07-05T17:13:42.968509" elapsed="0.000482"/>
</kw>
<kw name="Should Match Regexp" owner="BuiltIn">
<arg>${json_data['results'][0]['registered']['date']}</arg>
<arg>\\d{4}-\\d{2}-\\d{2}T\\d{2}:\\d{2}:\\d{2}\\.\\d{3}Z</arg>
<doc>Fails if ``string`` does not match ``pattern`` as a regular expression.</doc>
<status status="PASS" start="2024-07-05T17:13:42.969180" elapsed="0.000363"/>
</kw>
<kw name="Should Match Regexp" owner="BuiltIn">
<arg>${json_data['results'][0]['picture']['large']}</arg>
<arg>^https?://.*\.(?:png|jpe?g|gif|bmp)$</arg>
<doc>Fails if ``string`` does not match ``pattern`` as a regular expression.</doc>
<status status="PASS" start="2024-07-05T17:13:42.969725" elapsed="0.000453"/>
</kw>
<kw name="Should Match Regexp" owner="BuiltIn">
<arg>${json_data['results'][0]['picture']['medium']}</arg>
<arg>^https?://.*\.(?:png|jpe?g|gif|bmp)$</arg>
<doc>Fails if ``string`` does not match ``pattern`` as a regular expression.</doc>
<status status="PASS" start="2024-07-05T17:13:42.970364" elapsed="0.000387"/>
</kw>
<kw name="Should Match Regexp" owner="BuiltIn">
<arg>${json_data['results'][0]['picture']['thumbnail']}</arg>
<arg>^https?://.*\.(?:png|jpe?g|gif|bmp)$</arg>
<doc>Fails if ``string`` does not match ``pattern`` as a regular expression.</doc>
<status status="PASS" start="2024-07-05T17:13:42.970936" elapsed="0.000349"/>
</kw>
<kw name="Log" owner="BuiltIn">
<msg time="2024-07-05T17:13:42.971793" level="INFO">{'large': 'https://randomuser.me/api/portraits/women/82.jpg', 'medium': 'https://randomuser.me/api/portraits/med/women/82.jpg', 'thumbnail': 'https://randomuser.me/api/portraits/thumb/women/82.jpg'}</msg>
<arg>${json_data['results'][0]['picture']}</arg>
<doc>Logs the given message with the given level.</doc>
<status status="PASS" start="2024-07-05T17:13:42.971463" elapsed="0.000372"/>
</kw>
<status status="PASS" start="2024-07-05T17:13:42.701965" elapsed="0.270128"/>
</kw>
<kw name="Teste de Tipos de Dados - Postcode" owner="random-user-service">
<kw name="GET On Session" owner="RequestsLibrary">
<msg time="2024-07-05T17:13:43.090407" level="INFO">GET Request : url=https://randomuser.me/api 
 path_url=/api 
 headers={'User-Agent': 'python-requests/2.32.3', 'Accept-Encoding': 'gzip, deflate', 'Accept': '*/*', 'Connection': 'keep-alive'} 
 body=None 
 </msg>
<msg time="2024-07-05T17:13:43.090581" level="INFO">GET Response : url=https://randomuser.me/api 
 status=200, reason=OK 
 headers={'Date': 'Fri, 05 Jul 2024 17:13:43 GMT', 'Content-Type': 'application/json; charset=utf-8', 'Transfer-Encoding': 'chunked', 'Connection': 'keep-alive', 'X-Powered-By': 'Express', 'Access-Control-Allow-Origin': '*', 'Cache-Control': 'no-cache', 'ETag': 'W/"4a5-NltQwv8dgbr55UyeNAapJyDiWZk"', 'Vary': 'Accept-Encoding', 'Content-Encoding': 'gzip', 'CF-Cache-Status': 'DYNAMIC', 'Report-To': '{"endpoints":[{"url":"https:\\/\\/a.nel.cloudflare.com\\/report\\/v4?s=M3aMrczg7OCffetif7OTkW7ASjv%2B5HWRr151bIEaKZUF1o9CyIs3cqCrkV1WYnOS3CA6hoAmhlg3kEmzjAWy4PgUfY5PODRQm7fIwem4PoJPPMG0HoHN1YeYzxkUvwhs"}],"group":"cf-nel","max_age":604800}', 'NEL': '{"success_fraction":0,"report_to":"cf-nel","max_age":604800}', 'Server': 'cloudflare', 'CF-RAY': '89e8fcbb9a152f10-LAX', 'alt-svc': 'h3=":443"; ma=86400'} 
 body={"results":[{"gender":"male","name":{"title":"Mr","first":"Irmino","last":"Sales"},"location":{"street":{"number":9778,"name":"Avenida Vinícius de Morais"},"city":"São José","state":"Maranhão","country":"Brazil","postcode":56055,"coordinates":{"latitude":"-79.8800","longitude":"-128.7916"},"timezone":{"offset":"+9:00","description":"Tokyo, Seoul, Osaka, Sapporo, Yakutsk"}},"email":"irmino.sales@example.com","login":{"uuid":"8eef0d58-c6e9-40d7-a10f-4f095b56ce72","username":"angryzebra379","password":"attack","salt":"Wy3Mc2Bk","md5":"ec3474f288b2e7557465e1cf6dc0d308","sha1":"5a131b565d9bb660f3f2570cd7fec306fd98e617","sha256":"0b35ccb4b488ad9a3aaa82f901ebe0aefbd2fec791882b92ce147d0a81a6ca48"},"dob":{"date":"2001-04-23T11:11:34.768Z","age":23},"registered":{"date":"2003-03-02T17:46:57.644Z","age":21},"phone":"(37) 3479-4119","cell":"(89) 0116-5546","id":{"name":"CPF","value":"396.884.764-47"},"picture":{"large":"https://randomuser.me/api/portraits/men/57.jpg","medium":"https://randomuser.me/api/portraits/med/men/57.jpg","thumbnail":"https://randomuser.me/api/portraits/thumb/men/57.jpg"},"nat":"BR"}],"info":{"seed":"a8d1e762eb394d11","results":1,"page":1,"version":"1.4"}} 
 </msg>
<msg time="2024-07-05T17:13:43.090668" level="INFO">/opt/hostedtoolcache/Python/3.12.4/x64/lib/python3.12/site-packages/urllib3/connectionpool.py:1099: InsecureRequestWarning: Unverified HTTPS request is being made to host 'randomuser.me'. Adding certificate verification is strongly advised. See: https://urllib3.readthedocs.io/en/latest/advanced-usage.html#tls-warnings
  warnings.warn(</msg>
<msg time="2024-07-05T17:13:43.090827" level="INFO">${response} = &lt;Response [200]&gt;</msg>
<var>${response}</var>
<arg>consultarAPI</arg>
<arg>/api</arg>
<doc>Sends a GET request on a previously created HTTP Session.</doc>
<status status="PASS" start="2024-07-05T17:13:42.972560" elapsed="0.118320"/>
</kw>
<kw name="Set Variable" owner="BuiltIn">
<msg time="2024-07-05T17:13:43.091910" level="INFO">${json_data} = {'results': [{'gender': 'male', 'name': {'title': 'Mr', 'first': 'Irmino', 'last': 'Sales'}, 'location': {'street': {'number': 9778, 'name': 'Avenida Vinícius de Morais'}, 'city': 'São José', 'state':...</msg>
<var>${json_data}</var>
<arg>${response.json()}</arg>
<doc>Returns the given values which can then be assigned to a variables.</doc>
<status status="PASS" start="2024-07-05T17:13:43.091394" elapsed="0.000547"/>
</kw>
<kw name="Log" owner="BuiltIn">
<msg time="2024-07-05T17:13:43.092420" level="INFO">{'results': [{'gender': 'male', 'name': {'title': 'Mr', 'first': 'Irmino', 'last': 'Sales'}, 'location': {'street': {'number': 9778, 'name': 'Avenida Vinícius de Morais'}, 'city': 'São José', 'state': 'Maranhão', 'country': 'Brazil', 'postcode': 56055, 'coordinates': {'latitude': '-79.8800', 'longitude': '-128.7916'}, 'timezone': {'offset': '+9:00', 'description': 'Tokyo, Seoul, Osaka, Sapporo, Yakutsk'}}, 'email': 'irmino.sales@example.com', 'login': {'uuid': '8eef0d58-c6e9-40d7-a10f-4f095b56ce72', 'username': 'angryzebra379', 'password': 'attack', 'salt': 'Wy3Mc2Bk', 'md5': 'ec3474f288b2e7557465e1cf6dc0d308', 'sha1': '5a131b565d9bb660f3f2570cd7fec306fd98e617', 'sha256': '0b35ccb4b488ad9a3aaa82f901ebe0aefbd2fec791882b92ce147d0a81a6ca48'}, 'dob': {'date': '2001-04-23T11:11:34.768Z', 'age': 23}, 'registered': {'date': '2003-03-02T17:46:57.644Z', 'age': 21}, 'phone': '(37) 3479-4119', 'cell': '(89) 0116-5546', 'id': {'name': 'CPF', 'value': '396.884.764-47'}, 'picture': {'large': 'https://randomuser.me/api/portraits/men/57.jpg', 'medium': 'https://randomuser.me/api/portraits/med/men/57.jpg', 'thumbnail': 'https://randomuser.me/api/portraits/thumb/men/57.jpg'}, 'nat': 'BR'}], 'info': {'seed': 'a8d1e762eb394d11', 'results': 1, 'page': 1, 'version': '1.4'}}</msg>
<arg>${json_data}</arg>
<doc>Logs the given message with the given level.</doc>
<status status="PASS" start="2024-07-05T17:13:43.092257" elapsed="0.000213"/>
</kw>
<kw name="Should Be Equal As Numbers" owner="BuiltIn">
<arg>${json_data['results'][0]['location']['postcode']}</arg>
<arg>${json_data['results'][0]['location']['postcode']}</arg>
<doc>Fails if objects are unequal after converting them to real numbers.</doc>
<status status="PASS" start="2024-07-05T17:13:43.092760" elapsed="0.000623"/>
</kw>
<kw name="Log" owner="BuiltIn">
<msg time="2024-07-05T17:13:43.094080" level="INFO">56055</msg>
<arg>${json_data['results'][0]['location']['postcode']}</arg>
<doc>Logs the given message with the given level.</doc>
<status status="PASS" start="2024-07-05T17:13:43.093575" elapsed="0.000546"/>
</kw>
<status status="PASS" start="2024-07-05T17:13:42.972330" elapsed="0.122077"/>
</kw>
<doc>Testa se os tipos de dados na resposta da API estão corretos.</doc>
<tag>testeTiposDados</tag>
<status status="PASS" start="2024-07-05T17:13:42.701497" elapsed="0.393122"/>
</test>
<test id="s1-s1-t5" name="Validar conteudo" line="35">
<kw name="Teste de Tipos de Conteudo" owner="random-user-service">
<kw name="GET On Session" owner="RequestsLibrary">
<msg time="2024-07-05T17:13:43.211537" level="INFO">GET Request : url=https://randomuser.me/api 
 path_url=/api 
 headers={'User-Agent': 'python-requests/2.32.3', 'Accept-Encoding': 'gzip, deflate', 'Accept': '*/*', 'Connection': 'keep-alive'} 
 body=None 
 </msg>
<msg time="2024-07-05T17:13:43.211636" level="INFO">GET Response : url=https://randomuser.me/api 
 status=200, reason=OK 
 headers={'Date': 'Fri, 05 Jul 2024 17:13:43 GMT', 'Content-Type': 'application/json; charset=utf-8', 'Transfer-Encoding': 'chunked', 'Connection': 'keep-alive', 'X-Powered-By': 'Express', 'Access-Control-Allow-Origin': '*', 'Cache-Control': 'no-cache', 'ETag': 'W/"48e-AlKgiB11JiahUj7L/mHwUVrR/fs"', 'Vary': 'Accept-Encoding', 'Content-Encoding': 'gzip', 'CF-Cache-Status': 'DYNAMIC', 'Report-To': '{"endpoints":[{"url":"https:\\/\\/a.nel.cloudflare.com\\/report\\/v4?s=jpAsw0nYbXo2istbGtdSM7MgSpLMi%2FOYE6IVLyw2EQocTyljJ8zF8oPfqTdkD%2BMm4GAlVlFFj1XyhojMwn3ZrO8BRuZR5Vun45niL642RsLWWZHoCkk%2B8qSeY5k7zU%2Fw"}],"group":"cf-nel","max_age":604800}', 'NEL': '{"success_fraction":0,"report_to":"cf-nel","max_age":604800}', 'Server': 'cloudflare', 'CF-RAY': '89e8fcbc6afe2f10-LAX', 'alt-svc': 'h3=":443"; ma=86400'} 
 body={"results":[{"gender":"male","name":{"title":"Mr","first":"Alfred","last":"Fields"},"location":{"street":{"number":2456,"name":"Central St"},"city":"Vancouver","state":"South Dakota","country":"United States","postcode":36642,"coordinates":{"latitude":"87.2906","longitude":"-101.9060"},"timezone":{"offset":"-11:00","description":"Midway Island, Samoa"}},"email":"alfred.fields@example.com","login":{"uuid":"03131ec4-9a5e-4feb-aedf-a6f4568fe9f4","username":"ticklishwolf669","password":"username","salt":"KNv786TN","md5":"90a76e9e63c49b42975d5cf66bf7d8d1","sha1":"35b59c51d2cc3f840e08ac2c57e6438bf83d85e4","sha256":"f540e885fe88ddf814ee29ec0bb38cb86c5aa6388a3727c607a24f8e6feaf159"},"dob":{"date":"1966-04-09T23:19:22.775Z","age":58},"registered":{"date":"2021-11-26T13:25:42.783Z","age":2},"phone":"(445) 995-9217","cell":"(812) 262-9785","id":{"name":"SSN","value":"401-66-9829"},"picture":{"large":"https://randomuser.me/api/portraits/men/29.jpg","medium":"https://randomuser.me/api/portraits/med/men/29.jpg","thumbnail":"https://randomuser.me/api/portraits/thumb/men/29.jpg"},"nat":"US"}],"info":{"seed":"68ed36c926dbbb62","results":1,"page":1,"version":"1.4"}} 
 </msg>
<msg time="2024-07-05T17:13:43.211706" level="INFO">/opt/hostedtoolcache/Python/3.12.4/x64/lib/python3.12/site-packages/urllib3/connectionpool.py:1099: InsecureRequestWarning: Unverified HTTPS request is being made to host 'randomuser.me'. Adding certificate verification is strongly advised. See: https://urllib3.readthedocs.io/en/latest/advanced-usage.html#tls-warnings
  warnings.warn(</msg>
<msg time="2024-07-05T17:13:43.211846" level="INFO">${response} = &lt;Response [200]&gt;</msg>
<var>${response}</var>
<arg>consultarAPI</arg>
<arg>/api</arg>
<doc>Sends a GET request on a previously created HTTP Session.</doc>
<status status="PASS" start="2024-07-05T17:13:43.097373" elapsed="0.114514"/>
</kw>
<kw name="Set Variable" owner="BuiltIn">
<msg time="2024-07-05T17:13:43.212916" level="INFO">${json_data} = {'results': [{'gender': 'male', 'name': {'title': 'Mr', 'first': 'Alfred', 'last': 'Fields'}, 'location': {'street': {'number': 2456, 'name': 'Central St'}, 'city': 'Vancouver', 'state': 'South Dakota...</msg>
<var>${json_data}</var>
<arg>${response.json()}</arg>
<doc>Returns the given values which can then be assigned to a variables.</doc>
<status status="PASS" start="2024-07-05T17:13:43.212408" elapsed="0.000536"/>
</kw>
<kw name="Set Variable" owner="BuiltIn">
<msg time="2024-07-05T17:13:43.213631" level="INFO">${name_title} = Mr</msg>
<var>${name_title}</var>
<arg>${json_data["results"][0]["name"]["title"]}</arg>
<doc>Returns the given values which can then be assigned to a variables.</doc>
<status status="PASS" start="2024-07-05T17:13:43.213246" elapsed="0.000410"/>
</kw>
<kw name="Create List" owner="BuiltIn">
<msg time="2024-07-05T17:13:43.214098" level="INFO">${allowed_titles} = ['Mr', 'Ms', 'Miss', 'Mrs', 'Madame', 'Monsieur']</msg>
<var>${allowed_titles}</var>
<arg>Mr</arg>
<arg>Ms</arg>
<arg>Miss</arg>
<arg>Mrs</arg>
<arg>Madame</arg>
<arg>Monsieur</arg>
<doc>Returns a list containing given items.</doc>
<status status="PASS" start="2024-07-05T17:13:43.213950" elapsed="0.000172"/>
</kw>
<kw name="List Should Contain Value" owner="Collections">
<arg>${allowed_titles}</arg>
<arg>${name_title}</arg>
<doc>Fails if the ``value`` is not found from ``list``.</doc>
<status status="PASS" start="2024-07-05T17:13:43.214472" elapsed="0.000191"/>
</kw>
<kw name="Set Variable" owner="BuiltIn">
<msg time="2024-07-05T17:13:43.215213" level="INFO">${name_country} = US</msg>
<var>${name_country}</var>
<arg>${json_data["results"][0]["nat"]}</arg>
<doc>Returns the given values which can then be assigned to a variables.</doc>
<status status="PASS" start="2024-07-05T17:13:43.214846" elapsed="0.000391"/>
</kw>
<kw name="Create List" owner="BuiltIn">
<msg time="2024-07-05T17:13:43.216135" level="INFO">${list_country} = ['AD', 'AE', 'AF', 'AG', 'AI', 'AL', 'AM', 'AO', 'AQ', 'AR', 'AS', 'AT', 'AU', 'AW', 'AX', 'AZ', 'BA', 'BB', 'BD', 'BE', 'BF', 'BG', 'BH', 'BI', 'BJ', 'BL', 'BM', 'BN', 'BO', 'BQ', 'BR', 'BS', 'BT', '...</msg>
<var>${list_country}</var>
<arg>AD</arg>
<arg>AE</arg>
<arg>AF</arg>
<arg>AG</arg>
<arg>AI</arg>
<arg>AL</arg>
<arg>AM</arg>
<arg>AO</arg>
<arg>AQ</arg>
<arg>AR</arg>
<arg>AS</arg>
<arg>AT</arg>
<arg>AU</arg>
<arg>AW</arg>
<arg>AX</arg>
<arg>AZ</arg>
<arg>BA</arg>
<arg>BB</arg>
<arg>BD</arg>
<arg>BE</arg>
<arg>BF</arg>
<arg>BG</arg>
<arg>BH</arg>
<arg>BI</arg>
<arg>BJ</arg>
<arg>BL</arg>
<arg>BM</arg>
<arg>BN</arg>
<arg>BO</arg>
<arg>BQ</arg>
<arg>BR</arg>
<arg>BS</arg>
<arg>BT</arg>
<arg>BV</arg>
<arg>BW</arg>
<arg>BY</arg>
<arg>BZ</arg>
<arg>CA</arg>
<arg>CC</arg>
<arg>CD</arg>
<arg>CF</arg>
<arg>CG</arg>
<arg>CH</arg>
<arg>CI</arg>
<arg>CK</arg>
<arg>CL</arg>
<arg>CM</arg>
<arg>CN</arg>
<arg>CO</arg>
<arg>CR</arg>
<arg>CU</arg>
<arg>CV</arg>
<arg>CW</arg>
<arg>CX</arg>
<arg>CY</arg>
<arg>CZ</arg>
<arg>DE</arg>
<arg>DJ</arg>
<arg>DK</arg>
<arg>DM</arg>
<arg>DO</arg>
<arg>DZ</arg>
<arg>EC</arg>
<arg>EE</arg>
<arg>EG</arg>
<arg>EH</arg>
<arg>ER</arg>
<arg>ES</arg>
<arg>ET</arg>
<arg>FI</arg>
<arg>FJ</arg>
<arg>FK</arg>
<arg>FM</arg>
<arg>FO</arg>
<arg>FR</arg>
<arg>GA</arg>
<arg>GB</arg>
<arg>GD</arg>
<arg>GE</arg>
<arg>GF</arg>
<arg>GG</arg>
<arg>GH</arg>
<arg>GI</arg>
<arg>GL</arg>
<arg>GM</arg>
<arg>GN</arg>
<arg>GP</arg>
<arg>GQ</arg>
<arg>GR</arg>
<arg>GS</arg>
<arg>GT</arg>
<arg>GU</arg>
<arg>GW</arg>
<arg>GY</arg>
<arg>HK</arg>
<arg>HM</arg>
<arg>HN</arg>
<arg>HR</arg>
<arg>HT</arg>
<arg>HU</arg>
<arg>ID</arg>
<arg>IE</arg>
<arg>IL</arg>
<arg>IM</arg>
<arg>IN</arg>
<arg>IO</arg>
<arg>IQ</arg>
<arg>IR</arg>
<arg>IS</arg>
<arg>IT</arg>
<arg>JE</arg>
<arg>JM</arg>
<arg>JO</arg>
<arg>JP</arg>
<arg>KE</arg>
<arg>KG</arg>
<arg>KH</arg>
<arg>KI</arg>
<arg>KM</arg>
<arg>KN</arg>
<arg>KP</arg>
<arg>KR</arg>
<arg>KW</arg>
<arg>KY</arg>
<arg>KZ</arg>
<arg>LA</arg>
<arg>LB</arg>
<arg>LC</arg>
<arg>LI</arg>
<arg>LK</arg>
<arg>LR</arg>
<arg>LS</arg>
<arg>LT</arg>
<arg>LU</arg>
<arg>LV</arg>
<arg>LY</arg>
<arg>MA</arg>
<arg>MC</arg>
<arg>MD</arg>
<arg>ME</arg>
<arg>MF</arg>
<arg>MG</arg>
<arg>MH</arg>
<arg>MK</arg>
<arg>ML</arg>
<arg>MM</arg>
<arg>MN</arg>
<arg>MO</arg>
<arg>MP</arg>
<arg>MQ</arg>
<arg>MR</arg>
<arg>MS</arg>
<arg>MT</arg>
<arg>MU</arg>
<arg>MV</arg>
<arg>MW</arg>
<arg>MX</arg>
<arg>MY</arg>
<arg>MZ</arg>
<arg>NA</arg>
<arg>NC</arg>
<arg>NE</arg>
<arg>NF</arg>
<arg>NG</arg>
<arg>NI</arg>
<arg>NL</arg>
<arg>NO</arg>
<arg>NP</arg>
<arg>NR</arg>
<arg>NU</arg>
<arg>NZ</arg>
<arg>OM</arg>
<arg>PA</arg>
<arg>PE</arg>
<arg>PF</arg>
<arg>PG</arg>
<arg>PH</arg>
<arg>PK</arg>
<arg>PL</arg>
<arg>PM</arg>
<arg>PN</arg>
<arg>PR</arg>
<arg>PS</arg>
<arg>PT</arg>
<arg>PW</arg>
<arg>PY</arg>
<arg>QA</arg>
<arg>RE</arg>
<arg>RO</arg>
<arg>RS</arg>
<arg>RU</arg>
<arg>RW</arg>
<arg>SA</arg>
<arg>SB</arg>
<arg>SC</arg>
<arg>SD</arg>
<arg>SE</arg>
<arg>SG</arg>
<arg>SH</arg>
<arg>SI</arg>
<arg>SJ</arg>
<arg>SK</arg>
<arg>SL</arg>
<arg>SM</arg>
<arg>SN</arg>
<arg>SO</arg>
<arg>SR</arg>
<arg>SS</arg>
<arg>ST</arg>
<arg>SV</arg>
<arg>SX</arg>
<arg>SY</arg>
<arg>SZ</arg>
<arg>TC</arg>
<arg>TD</arg>
<arg>TF</arg>
<arg>TG</arg>
<arg>TH</arg>
<arg>TJ</arg>
<arg>TK</arg>
<arg>TL</arg>
<arg>TM</arg>
<arg>TN</arg>
<arg>TO</arg>
<arg>TR</arg>
<arg>TT</arg>
<arg>TV</arg>
<arg>TW</arg>
<arg>TZ</arg>
<arg>UA</arg>
<arg>UG</arg>
<arg>UM</arg>
<arg>US</arg>
<arg>UY</arg>
<arg>UZ</arg>
<arg>VA</arg>
<arg>VC</arg>
<arg>VE</arg>
<arg>VG</arg>
<arg>VI</arg>
<arg>VN</arg>
<arg>VU</arg>
<arg>WF</arg>
<arg>WS</arg>
<arg>XK</arg>
<arg>YE</arg>
<arg>YT</arg>
<arg>ZA</arg>
<arg>ZM</arg>
<arg>ZW</arg>
<doc>Returns a list containing given items.</doc>
<status status="PASS" start="2024-07-05T17:13:43.215526" elapsed="0.000640"/>
</kw>
<kw name="List Should Contain Value" owner="Collections">
<arg>${list_country}</arg>
<arg>${name_country}</arg>
<doc>Fails if the ``value`` is not found from ``list``.</doc>
<status status="PASS" start="2024-07-05T17:13:43.216969" elapsed="0.000204"/>
</kw>
<kw name="Run Keyword If" owner="BuiltIn">
<kw name="Should Be True" owner="BuiltIn">
<arg>${True}</arg>
<doc>Fails if the given condition is not true.</doc>
<status status="PASS" start="2024-07-05T17:13:43.218100" elapsed="0.000142"/>
</kw>
<arg>${json_data["results"][0]["location"]["coordinates"]["latitude"]} &gt;= -90 and ${json_data["results"][0]["location"]["coordinates"]["latitude"]} &lt;= 90</arg>
<arg>Should Be True</arg>
<arg>${True}</arg>
<doc>Runs the given keyword with the given arguments, if ``condition`` is true.</doc>
<status status="PASS" start="2024-07-05T17:13:43.217367" elapsed="0.001008"/>
</kw>
<kw name="Run Keyword If" owner="BuiltIn">
<kw name="Should Be True" owner="BuiltIn">
<arg>${True}</arg>
<doc>Fails if the given condition is not true.</doc>
<status status="PASS" start="2024-07-05T17:13:43.219296" elapsed="0.000242"/>
</kw>
<arg>${json_data["results"][0]["location"]["coordinates"]["longitude"]} &gt;= -180 and ${json_data["results"][0]["location"]["coordinates"]["longitude"]} &lt;= 180</arg>
<arg>Should Be True</arg>
<arg>${True}</arg>
<doc>Runs the given keyword with the given arguments, if ``condition`` is true.</doc>
<status status="PASS" start="2024-07-05T17:13:43.218602" elapsed="0.001064"/>
</kw>
<status status="PASS" start="2024-07-05T17:13:43.097006" elapsed="0.122795"/>
</kw>
<doc>Testa o conteúdo específico dos campos retornados pela API.</doc>
<tag>testeConteudo</tag>
<status status="PASS" start="2024-07-05T17:13:43.096363" elapsed="0.123590"/>
</test>
<status status="PASS" start="2024-07-05T17:13:41.996347" elapsed="1.225563"/>
</suite>
<status status="PASS" start="2024-07-05T17:13:41.981542" elapsed="1.245409"/>
</suite>
<statistics>
<total>
<stat pass="5" fail="0" skip="0">All Tests</stat>
</total>
<tag>
<stat pass="1" fail="0" skip="0">testeConteudo</stat>
<stat pass="1" fail="0" skip="0">testeEstruturaResposta</stat>
<stat pass="1" fail="0" skip="0">testeRequisicaoBasica</stat>
<stat pass="1" fail="0" skip="0">testeTiposDados</stat>
</tag>
<suite>
<stat pass="5" fail="0" skip="0" id="s1" name="Tests">Tests</stat>
<stat pass="5" fail="0" skip="0" id="s1-s1" name="Random-User-Test">Tests.Random-User-Test</stat>
</suite>
</statistics>
<errors>
</errors>
</robot>
