<?xml version="1.0" encoding="UTF-8"?>
<robot generator="Robot 7.0.1 (Python 3.12.3 on linux)" generated="2024-06-18T01:06:12.646302" rpa="false" schemaversion="5">
<suite id="s1" name="Tests" source="/home/runner/work/ApiRandomUser/ApiRandomUser/RamdonUser/tests">
<suite id="s1-s1" name="Random-User-Test" source="/home/runner/work/ApiRandomUser/ApiRandomUser/RamdonUser/tests/random-user-test.robot">
<test id="s1-s1-t1" name="Conectar" line="13">
<kw name="Conectar API" owner="random-user-service">
<kw name="Create Session" owner="RequestsLibrary">
<msg time="2024-06-18T01:06:13.030276" level="INFO">Creating Session using : alias=consultarAPI, url=https://randomuser.me/, headers={},                     cookies={}, auth=None, timeout=None, proxies=None, verify=False,                     debug=0 </msg>
<arg>consultarAPI</arg>
<arg>${URL}</arg>
<doc>Create Session: create a HTTP session to a server</doc>
<status status="PASS" start="2024-06-18T01:06:13.030076" elapsed="0.000383"/>
</kw>
<status status="PASS" start="2024-06-18T01:06:13.029033" elapsed="0.001784"/>
</kw>
<status status="PASS" start="2024-06-18T01:06:13.028492" elapsed="0.002529"/>
</test>
<test id="s1-s1-t2" name="Validar retorno 200 e JSON Válido" line="16">
<kw name="Teste de Requisicao Basica" owner="random-user-service">
<kw name="GET On Session" owner="RequestsLibrary">
<msg time="2024-06-18T01:06:13.167262" level="INFO">GET Request : url=https://randomuser.me/api 
 path_url=/api 
 headers={'User-Agent': 'python-requests/2.32.3', 'Accept-Encoding': 'gzip, deflate', 'Accept': '*/*', 'Connection': 'keep-alive'} 
 body=None 
 </msg>
<msg time="2024-06-18T01:06:13.167408" level="INFO">GET Response : url=https://randomuser.me/api 
 status=200, reason=OK 
 headers={'Date': 'Tue, 18 Jun 2024 01:06:13 GMT', 'Content-Type': 'application/json; charset=utf-8', 'Transfer-Encoding': 'chunked', 'Connection': 'keep-alive', 'X-Powered-By': 'Express', 'Access-Control-Allow-Origin': '*', 'Cache-Control': 'no-cache', 'ETag': 'W/"47a-2g96Odyd8XLiT9AAWS2hYZPtPiY"', 'Vary': 'Accept-Encoding', 'Content-Encoding': 'gzip', 'CF-Cache-Status': 'DYNAMIC', 'Report-To': '{"endpoints":[{"url":"https:\\/\\/a.nel.cloudflare.com\\/report\\/v4?s=rjx98NHfLIdb%2FQDPg%2FQzuIu%2BJNMewOglTEx2v2RcFZQDFXFDE7Wj9Hjt%2FuST%2FgU0ntZByOoLmFASATnD3UTfKsHV7hapJk0HUhhuNkRYltf1S3XMn3l3OXsb5C766YBD"}],"group":"cf-nel","max_age":604800}', 'NEL': '{"success_fraction":0,"report_to":"cf-nel","max_age":604800}', 'Server': 'cloudflare', 'CF-RAY': '8957601fbdfa173e-SJC', 'alt-svc': 'h3=":443"; ma=86400'} 
 body={"results":[{"gender":"male","name":{"title":"Mr","first":"Ceyhun","last":"Dağdaş"},"location":{"street":{"number":398,"name":"Atatürk Sk"},"city":"Gaziantep","state":"Eskişehir","country":"Turkey","postcode":23199,"coordinates":{"latitude":"65.7948","longitude":"-5.2993"},"timezone":{"offset":"+2:00","description":"Kaliningrad, South Africa"}},"email":"ceyhun.dagdas@example.com","login":{"uuid":"24800552-1560-484e-af41-f93532089e7a","username":"crazybird961","password":"victory","salt":"fuyaGp6N","md5":"c95afc010832709597ede2f432c0d4b4","sha1":"a808021840174503c540b4683324f35d56834cf6","sha256":"cf7651c766c78eb4c3097dc823b53d84b9e5aba1e0195fa039c51d32dfa3607a"},"dob":{"date":"1978-11-23T07:46:05.602Z","age":45},"registered":{"date":"2006-08-26T14:33:57.160Z","age":17},"phone":"(210)-568-4644","cell":"(815)-755-4505","id":{"name":"","value":null},"picture":{"large":"https://randomuser.me/api/portraits/men/36.jpg","medium":"https://randomuser.me/api/portraits/med/men/36.jpg","thumbnail":"https://randomuser.me/api/portraits/thumb/men/36.jpg"},"nat":"TR"}],"info":{"seed":"ccbfb7e62320b2e2","results":1,"page":1,"version":"1.4"}} 
 </msg>
<msg time="2024-06-18T01:06:13.167492" level="INFO">/opt/hostedtoolcache/Python/3.12.3/x64/lib/python3.12/site-packages/urllib3/connectionpool.py:1099: InsecureRequestWarning: Unverified HTTPS request is being made to host 'randomuser.me'. Adding certificate verification is strongly advised. See: https://urllib3.readthedocs.io/en/latest/advanced-usage.html#tls-warnings
  warnings.warn(</msg>
<msg time="2024-06-18T01:06:13.167630" level="INFO">${response} = &lt;Response [200]&gt;</msg>
<var>${response}</var>
<arg>consultarAPI</arg>
<arg>/api</arg>
<doc>Sends a GET request on a previously created HTTP Session.</doc>
<status status="PASS" start="2024-06-18T01:06:13.033662" elapsed="0.134011"/>
</kw>
<kw name="Should Be Equal As Numbers" owner="BuiltIn">
<msg time="2024-06-18T01:06:13.168679" level="INFO">Argument types are:
&lt;class 'int'&gt;
&lt;class 'str'&gt;</msg>
<arg>${response.status_code}</arg>
<arg>200</arg>
<doc>Fails if objects are unequal after converting them to real numbers.</doc>
<status status="PASS" start="2024-06-18T01:06:13.168215" elapsed="0.000532"/>
</kw>
<kw name="Log" owner="BuiltIn">
<msg time="2024-06-18T01:06:13.169506" level="INFO">200</msg>
<arg>${response.status_code}</arg>
<doc>Logs the given message with the given level.</doc>
<status status="PASS" start="2024-06-18T01:06:13.169136" elapsed="0.000415"/>
</kw>
<kw name="Set Variable" owner="BuiltIn">
<msg time="2024-06-18T01:06:13.170325" level="INFO">${json_data} = {'results': [{'gender': 'male', 'name': {'title': 'Mr', 'first': 'Ceyhun', 'last': 'Dağdaş'}, 'location': {'street': {'number': 398, 'name': 'Atatürk Sk'}, 'city': 'Gaziantep', 'state': 'Eskişehir', '...</msg>
<var>${json_data}</var>
<arg>${response.json()}</arg>
<doc>Returns the given values which can then be assigned to a variables.</doc>
<status status="PASS" start="2024-06-18T01:06:13.169873" elapsed="0.000484"/>
</kw>
<kw name="Dictionary Should Contain Key" owner="Collections">
<arg>${json_data}</arg>
<arg>results</arg>
<doc>Fails if ``key`` is not found from ``dictionary``.</doc>
<status status="PASS" start="2024-06-18T01:06:13.170664" elapsed="0.000173"/>
</kw>
<status status="PASS" start="2024-06-18T01:06:13.033413" elapsed="0.137579"/>
</kw>
<doc>Testa se a API responde corretamente e retorna um objeto JSON válido.</doc>
<tag>testeRequisicaoBasica</tag>
<status status="PASS" start="2024-06-18T01:06:13.032932" elapsed="0.138240"/>
</test>
<test id="s1-s1-t3" name="Validar estrutura de resposta" line="22">
<kw name="Teste de Estrutura de Resposta" owner="random-user-service">
<kw name="GET On Session" owner="RequestsLibrary">
<msg time="2024-06-18T01:06:13.259749" level="INFO">GET Request : url=https://randomuser.me/api 
 path_url=/api 
 headers={'User-Agent': 'python-requests/2.32.3', 'Accept-Encoding': 'gzip, deflate', 'Accept': '*/*', 'Connection': 'keep-alive'} 
 body=None 
 </msg>
<msg time="2024-06-18T01:06:13.259835" level="INFO">GET Response : url=https://randomuser.me/api 
 status=200, reason=OK 
 headers={'Date': 'Tue, 18 Jun 2024 01:06:13 GMT', 'Content-Type': 'application/json; charset=utf-8', 'Transfer-Encoding': 'chunked', 'Connection': 'keep-alive', 'X-Powered-By': 'Express', 'Access-Control-Allow-Origin': '*', 'Cache-Control': 'no-cache', 'ETag': 'W/"492-7/8PluP/s3zgu+S6i3ATbSdF7zY"', 'Vary': 'Accept-Encoding', 'Content-Encoding': 'gzip', 'CF-Cache-Status': 'DYNAMIC', 'Report-To': '{"endpoints":[{"url":"https:\\/\\/a.nel.cloudflare.com\\/report\\/v4?s=6%2Bb34zX3%2Boued7YR14DYPSn9h%2BtO%2FtuAVU%2BTbWIFxWybIIiSA%2BUvFqzmSRx91NfoEW3o9tomKgcXG%2FdKWyKZpH0o3qpmw93VY7K0qI6Yu%2FUbu8maCKOTnOPA2897SugG"}],"group":"cf-nel","max_age":604800}', 'NEL': '{"success_fraction":0,"report_to":"cf-nel","max_age":604800}', 'Server': 'cloudflare', 'CF-RAY': '895760205e78173e-SJC', 'alt-svc': 'h3=":443"; ma=86400'} 
 body={"results":[{"gender":"female","name":{"title":"Miss","first":"Aada","last":"Suomi"},"location":{"street":{"number":8313,"name":"Otavalankatu"},"city":"Posio","state":"Päijät-Häme","country":"Finland","postcode":19919,"coordinates":{"latitude":"-27.0830","longitude":"69.4277"},"timezone":{"offset":"+8:00","description":"Beijing, Perth, Singapore, Hong Kong"}},"email":"aada.suomi@example.com","login":{"uuid":"0e1dd8a9-123f-49bd-8431-dd0c0c727a85","username":"bigswan856","password":"comein","salt":"im8KSYaq","md5":"4649499e2247ce80cc82db9371baa52a","sha1":"8df946c057e90d9a0aa038a4f13134e7fe58c4ae","sha256":"fcd4ed5bcc11c54e9c386757f89beda87e867ce15306f8d777a31d975e8d0dd1"},"dob":{"date":"1945-02-01T13:54:05.639Z","age":79},"registered":{"date":"2018-03-19T01:52:20.272Z","age":6},"phone":"08-414-653","cell":"042-742-79-14","id":{"name":"HETU","value":"NaNNA200undefined"},"picture":{"large":"https://randomuser.me/api/portraits/women/4.jpg","medium":"https://randomuser.me/api/portraits/med/women/4.jpg","thumbnail":"https://randomuser.me/api/portraits/thumb/women/4.jpg"},"nat":"FI"}],"info":{"seed":"8edc8357c4f04a6c","results":1,"page":1,"version":"1.4"}} 
 </msg>
<msg time="2024-06-18T01:06:13.260001" level="INFO">/opt/hostedtoolcache/Python/3.12.3/x64/lib/python3.12/site-packages/urllib3/connectionpool.py:1099: InsecureRequestWarning: Unverified HTTPS request is being made to host 'randomuser.me'. Adding certificate verification is strongly advised. See: https://urllib3.readthedocs.io/en/latest/advanced-usage.html#tls-warnings
  warnings.warn(</msg>
<msg time="2024-06-18T01:06:13.260126" level="INFO">${response} = &lt;Response [200]&gt;</msg>
<var>${response}</var>
<arg>consultarAPI</arg>
<arg>/api</arg>
<doc>Sends a GET request on a previously created HTTP Session.</doc>
<status status="PASS" start="2024-06-18T01:06:13.173971" elapsed="0.086199"/>
</kw>
<kw name="Set Variable" owner="BuiltIn">
<msg time="2024-06-18T01:06:13.261084" level="INFO">${json_data} = {'results': [{'gender': 'female', 'name': {'title': 'Miss', 'first': 'Aada', 'last': 'Suomi'}, 'location': {'street': {'number': 8313, 'name': 'Otavalankatu'}, 'city': 'Posio', 'state': 'Päijät-Häme',...</msg>
<var>${json_data}</var>
<arg>${response.json()}</arg>
<doc>Returns the given values which can then be assigned to a variables.</doc>
<status status="PASS" start="2024-06-18T01:06:13.260625" elapsed="0.000491"/>
</kw>
<kw name="Log" owner="BuiltIn">
<msg time="2024-06-18T01:06:13.261583" level="INFO">{'results': [{'gender': 'female', 'name': {'title': 'Miss', 'first': 'Aada', 'last': 'Suomi'}, 'location': {'street': {'number': 8313, 'name': 'Otavalankatu'}, 'city': 'Posio', 'state': 'Päijät-Häme', 'country': 'Finland', 'postcode': 19919, 'coordinates': {'latitude': '-27.0830', 'longitude': '69.4277'}, 'timezone': {'offset': '+8:00', 'description': 'Beijing, Perth, Singapore, Hong Kong'}}, 'email': 'aada.suomi@example.com', 'login': {'uuid': '0e1dd8a9-123f-49bd-8431-dd0c0c727a85', 'username': 'bigswan856', 'password': 'comein', 'salt': 'im8KSYaq', 'md5': '4649499e2247ce80cc82db9371baa52a', 'sha1': '8df946c057e90d9a0aa038a4f13134e7fe58c4ae', 'sha256': 'fcd4ed5bcc11c54e9c386757f89beda87e867ce15306f8d777a31d975e8d0dd1'}, 'dob': {'date': '1945-02-01T13:54:05.639Z', 'age': 79}, 'registered': {'date': '2018-03-19T01:52:20.272Z', 'age': 6}, 'phone': '08-414-653', 'cell': '042-742-79-14', 'id': {'name': 'HETU', 'value': 'NaNNA200undefined'}, 'picture': {'large': 'https://randomuser.me/api/portraits/women/4.jpg', 'medium': 'https://randomuser.me/api/portraits/med/women/4.jpg', 'thumbnail': 'https://randomuser.me/api/portraits/thumb/women/4.jpg'}, 'nat': 'FI'}], 'info': {'seed': '8edc8357c4f04a6c', 'results': 1, 'page': 1, 'version': '1.4'}}</msg>
<arg>${json_data}</arg>
<doc>Logs the given message with the given level.</doc>
<status status="PASS" start="2024-06-18T01:06:13.261425" elapsed="0.000207"/>
</kw>
<kw name="Dictionary Should Contain Key" owner="Collections">
<arg>${json_data}</arg>
<arg>results</arg>
<doc>Fails if ``key`` is not found from ``dictionary``.</doc>
<status status="PASS" start="2024-06-18T01:06:13.261922" elapsed="0.000167"/>
</kw>
<kw name="Should Not Be Empty" owner="BuiltIn">
<msg time="2024-06-18T01:06:13.262394" level="INFO">Length is 2.</msg>
<arg>${json_data}</arg>
<doc>Verifies that the given item is not empty.</doc>
<status status="PASS" start="2024-06-18T01:06:13.262270" elapsed="0.000161"/>
</kw>
<kw name="Create List" owner="BuiltIn">
<msg time="2024-06-18T01:06:13.262865" level="INFO">${expected_keys} = ['gender', 'name', 'location', 'email', 'login']</msg>
<var>${expected_keys}</var>
<arg>gender</arg>
<arg>name</arg>
<arg>location</arg>
<arg>email</arg>
<arg>login</arg>
<doc>Returns a list containing given items.</doc>
<status status="PASS" start="2024-06-18T01:06:13.262717" elapsed="0.000172"/>
</kw>
<for flavor="IN">
<iter>
<kw name="Dictionary Should Contain Key" owner="Collections">
<arg>${json_data['results'][0]}</arg>
<arg>${key}</arg>
<doc>Fails if ``key`` is not found from ``dictionary``.</doc>
<status status="PASS" start="2024-06-18T01:06:13.263464" elapsed="0.000428"/>
</kw>
<kw name="Log" owner="BuiltIn">
<msg time="2024-06-18T01:06:13.264481" level="INFO">{'gender': 'female', 'name': {'title': 'Miss', 'first': 'Aada', 'last': 'Suomi'}, 'location': {'street': {'number': 8313, 'name': 'Otavalankatu'}, 'city': 'Posio', 'state': 'Päijät-Häme', 'country': 'Finland', 'postcode': 19919, 'coordinates': {'latitude': '-27.0830', 'longitude': '69.4277'}, 'timezone': {'offset': '+8:00', 'description': 'Beijing, Perth, Singapore, Hong Kong'}}, 'email': 'aada.suomi@example.com', 'login': {'uuid': '0e1dd8a9-123f-49bd-8431-dd0c0c727a85', 'username': 'bigswan856', 'password': 'comein', 'salt': 'im8KSYaq', 'md5': '4649499e2247ce80cc82db9371baa52a', 'sha1': '8df946c057e90d9a0aa038a4f13134e7fe58c4ae', 'sha256': 'fcd4ed5bcc11c54e9c386757f89beda87e867ce15306f8d777a31d975e8d0dd1'}, 'dob': {'date': '1945-02-01T13:54:05.639Z', 'age': 79}, 'registered': {'date': '2018-03-19T01:52:20.272Z', 'age': 6}, 'phone': '08-414-653', 'cell': '042-742-79-14', 'id': {'name': 'HETU', 'value': 'NaNNA200undefined'}, 'picture': {'large': 'https://randomuser.me/api/portraits/women/4.jpg', 'medium': 'https://randomuser.me/api/portraits/med/women/4.jpg', 'thumbnail': 'https://randomuser.me/api/portraits/thumb/women/4.jpg'}, 'nat': 'FI'}</msg>
<arg>${json_data['results'][0]}</arg>
<doc>Logs the given message with the given level.</doc>
<status status="PASS" start="2024-06-18T01:06:13.264113" elapsed="0.000420"/>
</kw>
<kw name="Log" owner="BuiltIn">
<msg time="2024-06-18T01:06:13.264960" level="INFO">gender</msg>
<arg>${key}</arg>
<doc>Logs the given message with the given level.</doc>
<status status="PASS" start="2024-06-18T01:06:13.264830" elapsed="0.000170"/>
</kw>
<var name="${key}">gender</var>
<status status="PASS" start="2024-06-18T01:06:13.263337" elapsed="0.001882"/>
</iter>
<iter>
<kw name="Dictionary Should Contain Key" owner="Collections">
<arg>${json_data['results'][0]}</arg>
<arg>${key}</arg>
<doc>Fails if ``key`` is not found from ``dictionary``.</doc>
<status status="PASS" start="2024-06-18T01:06:13.265531" elapsed="0.000391"/>
</kw>
<kw name="Log" owner="BuiltIn">
<msg time="2024-06-18T01:06:13.266454" level="INFO">{'gender': 'female', 'name': {'title': 'Miss', 'first': 'Aada', 'last': 'Suomi'}, 'location': {'street': {'number': 8313, 'name': 'Otavalankatu'}, 'city': 'Posio', 'state': 'Päijät-Häme', 'country': 'Finland', 'postcode': 19919, 'coordinates': {'latitude': '-27.0830', 'longitude': '69.4277'}, 'timezone': {'offset': '+8:00', 'description': 'Beijing, Perth, Singapore, Hong Kong'}}, 'email': 'aada.suomi@example.com', 'login': {'uuid': '0e1dd8a9-123f-49bd-8431-dd0c0c727a85', 'username': 'bigswan856', 'password': 'comein', 'salt': 'im8KSYaq', 'md5': '4649499e2247ce80cc82db9371baa52a', 'sha1': '8df946c057e90d9a0aa038a4f13134e7fe58c4ae', 'sha256': 'fcd4ed5bcc11c54e9c386757f89beda87e867ce15306f8d777a31d975e8d0dd1'}, 'dob': {'date': '1945-02-01T13:54:05.639Z', 'age': 79}, 'registered': {'date': '2018-03-19T01:52:20.272Z', 'age': 6}, 'phone': '08-414-653', 'cell': '042-742-79-14', 'id': {'name': 'HETU', 'value': 'NaNNA200undefined'}, 'picture': {'large': 'https://randomuser.me/api/portraits/women/4.jpg', 'medium': 'https://randomuser.me/api/portraits/med/women/4.jpg', 'thumbnail': 'https://randomuser.me/api/portraits/thumb/women/4.jpg'}, 'nat': 'FI'}</msg>
<arg>${json_data['results'][0]}</arg>
<doc>Logs the given message with the given level.</doc>
<status status="PASS" start="2024-06-18T01:06:13.266105" elapsed="0.000457"/>
</kw>
<kw name="Log" owner="BuiltIn">
<msg time="2024-06-18T01:06:13.266989" level="INFO">name</msg>
<arg>${key}</arg>
<doc>Logs the given message with the given level.</doc>
<status status="PASS" start="2024-06-18T01:06:13.266863" elapsed="0.000164"/>
</kw>
<var name="${key}">name</var>
<status status="PASS" start="2024-06-18T01:06:13.265411" elapsed="0.001840"/>
</iter>
<iter>
<kw name="Dictionary Should Contain Key" owner="Collections">
<arg>${json_data['results'][0]}</arg>
<arg>${key}</arg>
<doc>Fails if ``key`` is not found from ``dictionary``.</doc>
<status status="PASS" start="2024-06-18T01:06:13.267543" elapsed="0.000398"/>
</kw>
<kw name="Log" owner="BuiltIn">
<msg time="2024-06-18T01:06:13.268500" level="INFO">{'gender': 'female', 'name': {'title': 'Miss', 'first': 'Aada', 'last': 'Suomi'}, 'location': {'street': {'number': 8313, 'name': 'Otavalankatu'}, 'city': 'Posio', 'state': 'Päijät-Häme', 'country': 'Finland', 'postcode': 19919, 'coordinates': {'latitude': '-27.0830', 'longitude': '69.4277'}, 'timezone': {'offset': '+8:00', 'description': 'Beijing, Perth, Singapore, Hong Kong'}}, 'email': 'aada.suomi@example.com', 'login': {'uuid': '0e1dd8a9-123f-49bd-8431-dd0c0c727a85', 'username': 'bigswan856', 'password': 'comein', 'salt': 'im8KSYaq', 'md5': '4649499e2247ce80cc82db9371baa52a', 'sha1': '8df946c057e90d9a0aa038a4f13134e7fe58c4ae', 'sha256': 'fcd4ed5bcc11c54e9c386757f89beda87e867ce15306f8d777a31d975e8d0dd1'}, 'dob': {'date': '1945-02-01T13:54:05.639Z', 'age': 79}, 'registered': {'date': '2018-03-19T01:52:20.272Z', 'age': 6}, 'phone': '08-414-653', 'cell': '042-742-79-14', 'id': {'name': 'HETU', 'value': 'NaNNA200undefined'}, 'picture': {'large': 'https://randomuser.me/api/portraits/women/4.jpg', 'medium': 'https://randomuser.me/api/portraits/med/women/4.jpg', 'thumbnail': 'https://randomuser.me/api/portraits/thumb/women/4.jpg'}, 'nat': 'FI'}</msg>
<arg>${json_data['results'][0]}</arg>
<doc>Logs the given message with the given level.</doc>
<status status="PASS" start="2024-06-18T01:06:13.268144" elapsed="0.000407"/>
</kw>
<kw name="Log" owner="BuiltIn">
<msg time="2024-06-18T01:06:13.268968" level="INFO">location</msg>
<arg>${key}</arg>
<doc>Logs the given message with the given level.</doc>
<status status="PASS" start="2024-06-18T01:06:13.268843" elapsed="0.000164"/>
</kw>
<var name="${key}">location</var>
<status status="PASS" start="2024-06-18T01:06:13.267434" elapsed="0.001788"/>
</iter>
<iter>
<kw name="Dictionary Should Contain Key" owner="Collections">
<arg>${json_data['results'][0]}</arg>
<arg>${key}</arg>
<doc>Fails if ``key`` is not found from ``dictionary``.</doc>
<status status="PASS" start="2024-06-18T01:06:13.269501" elapsed="0.000377"/>
</kw>
<kw name="Log" owner="BuiltIn">
<msg time="2024-06-18T01:06:13.270411" level="INFO">{'gender': 'female', 'name': {'title': 'Miss', 'first': 'Aada', 'last': 'Suomi'}, 'location': {'street': {'number': 8313, 'name': 'Otavalankatu'}, 'city': 'Posio', 'state': 'Päijät-Häme', 'country': 'Finland', 'postcode': 19919, 'coordinates': {'latitude': '-27.0830', 'longitude': '69.4277'}, 'timezone': {'offset': '+8:00', 'description': 'Beijing, Perth, Singapore, Hong Kong'}}, 'email': 'aada.suomi@example.com', 'login': {'uuid': '0e1dd8a9-123f-49bd-8431-dd0c0c727a85', 'username': 'bigswan856', 'password': 'comein', 'salt': 'im8KSYaq', 'md5': '4649499e2247ce80cc82db9371baa52a', 'sha1': '8df946c057e90d9a0aa038a4f13134e7fe58c4ae', 'sha256': 'fcd4ed5bcc11c54e9c386757f89beda87e867ce15306f8d777a31d975e8d0dd1'}, 'dob': {'date': '1945-02-01T13:54:05.639Z', 'age': 79}, 'registered': {'date': '2018-03-19T01:52:20.272Z', 'age': 6}, 'phone': '08-414-653', 'cell': '042-742-79-14', 'id': {'name': 'HETU', 'value': 'NaNNA200undefined'}, 'picture': {'large': 'https://randomuser.me/api/portraits/women/4.jpg', 'medium': 'https://randomuser.me/api/portraits/med/women/4.jpg', 'thumbnail': 'https://randomuser.me/api/portraits/thumb/women/4.jpg'}, 'nat': 'FI'}</msg>
<arg>${json_data['results'][0]}</arg>
<doc>Logs the given message with the given level.</doc>
<status status="PASS" start="2024-06-18T01:06:13.270057" elapsed="0.000403"/>
</kw>
<kw name="Log" owner="BuiltIn">
<msg time="2024-06-18T01:06:13.270880" level="INFO">email</msg>
<arg>${key}</arg>
<doc>Logs the given message with the given level.</doc>
<status status="PASS" start="2024-06-18T01:06:13.270753" elapsed="0.000166"/>
</kw>
<var name="${key}">email</var>
<status status="PASS" start="2024-06-18T01:06:13.269394" elapsed="0.001740"/>
</iter>
<iter>
<kw name="Dictionary Should Contain Key" owner="Collections">
<arg>${json_data['results'][0]}</arg>
<arg>${key}</arg>
<doc>Fails if ``key`` is not found from ``dictionary``.</doc>
<status status="PASS" start="2024-06-18T01:06:13.271409" elapsed="0.000378"/>
</kw>
<kw name="Log" owner="BuiltIn">
<msg time="2024-06-18T01:06:13.272379" level="INFO">{'gender': 'female', 'name': {'title': 'Miss', 'first': 'Aada', 'last': 'Suomi'}, 'location': {'street': {'number': 8313, 'name': 'Otavalankatu'}, 'city': 'Posio', 'state': 'Päijät-Häme', 'country': 'Finland', 'postcode': 19919, 'coordinates': {'latitude': '-27.0830', 'longitude': '69.4277'}, 'timezone': {'offset': '+8:00', 'description': 'Beijing, Perth, Singapore, Hong Kong'}}, 'email': 'aada.suomi@example.com', 'login': {'uuid': '0e1dd8a9-123f-49bd-8431-dd0c0c727a85', 'username': 'bigswan856', 'password': 'comein', 'salt': 'im8KSYaq', 'md5': '4649499e2247ce80cc82db9371baa52a', 'sha1': '8df946c057e90d9a0aa038a4f13134e7fe58c4ae', 'sha256': 'fcd4ed5bcc11c54e9c386757f89beda87e867ce15306f8d777a31d975e8d0dd1'}, 'dob': {'date': '1945-02-01T13:54:05.639Z', 'age': 79}, 'registered': {'date': '2018-03-19T01:52:20.272Z', 'age': 6}, 'phone': '08-414-653', 'cell': '042-742-79-14', 'id': {'name': 'HETU', 'value': 'NaNNA200undefined'}, 'picture': {'large': 'https://randomuser.me/api/portraits/women/4.jpg', 'medium': 'https://randomuser.me/api/portraits/med/women/4.jpg', 'thumbnail': 'https://randomuser.me/api/portraits/thumb/women/4.jpg'}, 'nat': 'FI'}</msg>
<arg>${json_data['results'][0]}</arg>
<doc>Logs the given message with the given level.</doc>
<status status="PASS" start="2024-06-18T01:06:13.272017" elapsed="0.000421"/>
</kw>
<kw name="Log" owner="BuiltIn">
<msg time="2024-06-18T01:06:13.272967" level="INFO">login</msg>
<arg>${key}</arg>
<doc>Logs the given message with the given level.</doc>
<status status="PASS" start="2024-06-18T01:06:13.272734" elapsed="0.000270"/>
</kw>
<var name="${key}">login</var>
<status status="PASS" start="2024-06-18T01:06:13.271305" elapsed="0.001917"/>
</iter>
<var>${key}</var>
<value>@{expected_keys}</value>
<status status="PASS" start="2024-06-18T01:06:13.263151" elapsed="0.010193"/>
</for>
<kw name="Create List" owner="BuiltIn">
<msg time="2024-06-18T01:06:13.273665" level="INFO">${expected_keysTwo} = ['username', 'password']</msg>
<var>${expected_keysTwo}</var>
<arg>username</arg>
<arg>password</arg>
<doc>Returns a list containing given items.</doc>
<status status="PASS" start="2024-06-18T01:06:13.273531" elapsed="0.000184"/>
</kw>
<for flavor="IN">
<iter>
<kw name="Dictionary Should Contain Key" owner="Collections">
<arg>${json_data['results'][0]['login']}</arg>
<arg>${keyTwo}</arg>
<doc>Fails if ``key`` is not found from ``dictionary``.</doc>
<status status="PASS" start="2024-06-18T01:06:13.274219" elapsed="0.000402"/>
</kw>
<kw name="Dictionary Should Contain Key" owner="Collections">
<arg>${json_data['results'][0]['login']}</arg>
<arg>${keyTwo}</arg>
<doc>Fails if ``key`` is not found from ``dictionary``.</doc>
<status status="PASS" start="2024-06-18T01:06:13.274804" elapsed="0.000374"/>
</kw>
<kw name="Log" owner="BuiltIn">
<msg time="2024-06-18T01:06:13.275476" level="INFO">username</msg>
<arg>${keyTwo}</arg>
<doc>Logs the given message with the given level.</doc>
<status status="PASS" start="2024-06-18T01:06:13.275358" elapsed="0.000155"/>
</kw>
<var name="${keyTwo}">username</var>
<status status="PASS" start="2024-06-18T01:06:13.274113" elapsed="0.001617"/>
</iter>
<iter>
<kw name="Dictionary Should Contain Key" owner="Collections">
<arg>${json_data['results'][0]['login']}</arg>
<arg>${keyTwo}</arg>
<doc>Fails if ``key`` is not found from ``dictionary``.</doc>
<status status="PASS" start="2024-06-18T01:06:13.276042" elapsed="0.000370"/>
</kw>
<kw name="Dictionary Should Contain Key" owner="Collections">
<arg>${json_data['results'][0]['login']}</arg>
<arg>${keyTwo}</arg>
<doc>Fails if ``key`` is not found from ``dictionary``.</doc>
<status status="PASS" start="2024-06-18T01:06:13.276593" elapsed="0.000429"/>
</kw>
<kw name="Log" owner="BuiltIn">
<msg time="2024-06-18T01:06:13.277324" level="INFO">password</msg>
<arg>${keyTwo}</arg>
<doc>Logs the given message with the given level.</doc>
<status status="PASS" start="2024-06-18T01:06:13.277203" elapsed="0.000158"/>
</kw>
<var name="${keyTwo}">password</var>
<status status="PASS" start="2024-06-18T01:06:13.275926" elapsed="0.001662"/>
</iter>
<var>${keyTwo}</var>
<value>@{expected_keysTwo}</value>
<status status="PASS" start="2024-06-18T01:06:13.273961" elapsed="0.003746"/>
</for>
<status status="PASS" start="2024-06-18T01:06:13.173734" elapsed="0.104109"/>
</kw>
<doc>Testa a estrutura da resposta da API.</doc>
<tag>testeEstruturaResposta</tag>
<status status="PASS" start="2024-06-18T01:06:13.173062" elapsed="0.104931"/>
</test>
<test id="s1-s1-t4" name="Validar tipos de dados" line="28">
<kw name="Teste de Tipos de Dados" owner="random-user-service">
<kw name="GET On Session" owner="RequestsLibrary">
<msg time="2024-06-18T01:06:13.375347" level="INFO">GET Request : url=https://randomuser.me/api 
 path_url=/api 
 headers={'User-Agent': 'python-requests/2.32.3', 'Accept-Encoding': 'gzip, deflate', 'Accept': '*/*', 'Connection': 'keep-alive'} 
 body=None 
 </msg>
<msg time="2024-06-18T01:06:13.375420" level="INFO">GET Response : url=https://randomuser.me/api 
 status=200, reason=OK 
 headers={'Date': 'Tue, 18 Jun 2024 01:06:13 GMT', 'Content-Type': 'application/json; charset=utf-8', 'Transfer-Encoding': 'chunked', 'Connection': 'keep-alive', 'X-Powered-By': 'Express', 'Access-Control-Allow-Origin': '*', 'Cache-Control': 'no-cache', 'ETag': 'W/"499-WoOOUBuxtKobiKF22ndvO+fvcOk"', 'Vary': 'Accept-Encoding', 'Content-Encoding': 'gzip', 'CF-Cache-Status': 'DYNAMIC', 'Report-To': '{"endpoints":[{"url":"https:\\/\\/a.nel.cloudflare.com\\/report\\/v4?s=npEHnXTal3XTnp70hkEAqLY04DVQX4nAhcPj41ns03kvdwyxnHamrq%2Fw2HKxgUkDFDYyjv%2BhXtKPyATo%2BBki1ZwXTPzCzkjzcy91EHvqTVx0o4thfa2aaSy8aXVLSfAe"}],"group":"cf-nel","max_age":604800}', 'NEL': '{"success_fraction":0,"report_to":"cf-nel","max_age":604800}', 'Server': 'cloudflare', 'CF-RAY': '895760210f2c173e-SJC', 'alt-svc': 'h3=":443"; ma=86400'} 
 body={"results":[{"gender":"female","name":{"title":"Mrs","first":"Victoria","last":"Roche"},"location":{"street":{"number":2678,"name":"Cours Charlemagne"},"city":"Toulon","state":"Ariège","country":"France","postcode":95446,"coordinates":{"latitude":"-20.9066","longitude":"71.9444"},"timezone":{"offset":"-1:00","description":"Azores, Cape Verde Islands"}},"email":"victoria.roche@example.com","login":{"uuid":"fe5642e1-f1e3-4138-8244-c26a83ca22a4","username":"goldenrabbit230","password":"ddddd","salt":"f4ngmIHk","md5":"dc7f75f51a320e7deaadd94cd3943244","sha1":"da80e3ab81bf3d2518afac70da57475cb46b4603","sha256":"3b9dfa73ab2fce008f221655d82910fc9b53d12db9c47b34faf978e08f7dd0b0"},"dob":{"date":"1968-07-15T09:14:12.294Z","age":55},"registered":{"date":"2015-04-20T01:38:00.065Z","age":9},"phone":"02-76-11-62-93","cell":"06-17-25-60-96","id":{"name":"INSEE","value":"2680643691843 23"},"picture":{"large":"https://randomuser.me/api/portraits/women/51.jpg","medium":"https://randomuser.me/api/portraits/med/women/51.jpg","thumbnail":"https://randomuser.me/api/portraits/thumb/women/51.jpg"},"nat":"FR"}],"info":{"seed":"1fdf475cb08144a6","results":1,"page":1,"version":"1.4"}} 
 </msg>
<msg time="2024-06-18T01:06:13.375479" level="INFO">/opt/hostedtoolcache/Python/3.12.3/x64/lib/python3.12/site-packages/urllib3/connectionpool.py:1099: InsecureRequestWarning: Unverified HTTPS request is being made to host 'randomuser.me'. Adding certificate verification is strongly advised. See: https://urllib3.readthedocs.io/en/latest/advanced-usage.html#tls-warnings
  warnings.warn(</msg>
<msg time="2024-06-18T01:06:13.375565" level="INFO">${response} = &lt;Response [200]&gt;</msg>
<var>${response}</var>
<arg>consultarAPI</arg>
<arg>/api</arg>
<doc>Sends a GET request on a previously created HTTP Session.</doc>
<status status="PASS" start="2024-06-18T01:06:13.280431" elapsed="0.095167"/>
</kw>
<kw name="Set Variable" owner="BuiltIn">
<msg time="2024-06-18T01:06:13.376476" level="INFO">${json_data} = {'results': [{'gender': 'female', 'name': {'title': 'Mrs', 'first': 'Victoria', 'last': 'Roche'}, 'location': {'street': {'number': 2678, 'name': 'Cours Charlemagne'}, 'city': 'Toulon', 'state': 'Ariè...</msg>
<var>${json_data}</var>
<arg>${response.json()}</arg>
<doc>Returns the given values which can then be assigned to a variables.</doc>
<status status="PASS" start="2024-06-18T01:06:13.376022" elapsed="0.000484"/>
</kw>
<kw name="Log" owner="BuiltIn">
<msg time="2024-06-18T01:06:13.376956" level="INFO">{'results': [{'gender': 'female', 'name': {'title': 'Mrs', 'first': 'Victoria', 'last': 'Roche'}, 'location': {'street': {'number': 2678, 'name': 'Cours Charlemagne'}, 'city': 'Toulon', 'state': 'Ariège', 'country': 'France', 'postcode': 95446, 'coordinates': {'latitude': '-20.9066', 'longitude': '71.9444'}, 'timezone': {'offset': '-1:00', 'description': 'Azores, Cape Verde Islands'}}, 'email': 'victoria.roche@example.com', 'login': {'uuid': 'fe5642e1-f1e3-4138-8244-c26a83ca22a4', 'username': 'goldenrabbit230', 'password': 'ddddd', 'salt': 'f4ngmIHk', 'md5': 'dc7f75f51a320e7deaadd94cd3943244', 'sha1': 'da80e3ab81bf3d2518afac70da57475cb46b4603', 'sha256': '3b9dfa73ab2fce008f221655d82910fc9b53d12db9c47b34faf978e08f7dd0b0'}, 'dob': {'date': '1968-07-15T09:14:12.294Z', 'age': 55}, 'registered': {'date': '2015-04-20T01:38:00.065Z', 'age': 9}, 'phone': '02-76-11-62-93', 'cell': '06-17-25-60-96', 'id': {'name': 'INSEE', 'value': '2680643691843 23'}, 'picture': {'large': 'https://randomuser.me/api/portraits/women/51.jpg', 'medium': 'https://randomuser.me/api/portraits/med/women/51.jpg', 'thumbnail': 'https://randomuser.me/api/portraits/thumb/women/51.jpg'}, 'nat': 'FR'}], 'info': {'seed': '1fdf475cb08144a6', 'results': 1, 'page': 1, 'version': '1.4'}}</msg>
<arg>${json_data}</arg>
<doc>Logs the given message with the given level.</doc>
<status status="PASS" start="2024-06-18T01:06:13.376805" elapsed="0.000201"/>
</kw>
<kw name="Should Be String" owner="String">
<arg>${json_data['results'][0]['gender']}</arg>
<doc>Fails if the given ``item`` is not a string.</doc>
<status status="PASS" start="2024-06-18T01:06:13.377290" elapsed="0.000358"/>
</kw>
<kw name="Should Match Regexp" owner="BuiltIn">
<arg>${json_data['results'][0]['email']}</arg>
<arg>^[a-zA-Z0-9._%+-]+@[a-zA-Z0-9.-]+\.[a-zA-Z]{2,}$</arg>
<doc>Fails if ``string`` does not match ``pattern`` as a regular expression.</doc>
<status status="PASS" start="2024-06-18T01:06:13.377834" elapsed="0.000541"/>
</kw>
<kw name="Should Match Regexp" owner="BuiltIn">
<arg>${json_data['results'][0]['dob']['date']}</arg>
<arg>\\d{4}-\\d{2}-\\d{2}T\\d{2}:\\d{2}:\\d{2}\\.\\d{3}Z</arg>
<doc>Fails if ``string`` does not match ``pattern`` as a regular expression.</doc>
<status status="PASS" start="2024-06-18T01:06:13.378572" elapsed="0.000487"/>
</kw>
<kw name="Should Match Regexp" owner="BuiltIn">
<arg>${json_data['results'][0]['registered']['date']}</arg>
<arg>\\d{4}-\\d{2}-\\d{2}T\\d{2}:\\d{2}:\\d{2}\\.\\d{3}Z</arg>
<doc>Fails if ``string`` does not match ``pattern`` as a regular expression.</doc>
<status status="PASS" start="2024-06-18T01:06:13.379250" elapsed="0.000354"/>
</kw>
<kw name="Should Match Regexp" owner="BuiltIn">
<arg>${json_data['results'][0]['picture']['large']}</arg>
<arg>^https?://.*\.(?:png|jpe?g|gif|bmp)$</arg>
<doc>Fails if ``string`` does not match ``pattern`` as a regular expression.</doc>
<status status="PASS" start="2024-06-18T01:06:13.379786" elapsed="0.000485"/>
</kw>
<kw name="Should Match Regexp" owner="BuiltIn">
<arg>${json_data['results'][0]['picture']['medium']}</arg>
<arg>^https?://.*\.(?:png|jpe?g|gif|bmp)$</arg>
<doc>Fails if ``string`` does not match ``pattern`` as a regular expression.</doc>
<status status="PASS" start="2024-06-18T01:06:13.380464" elapsed="0.000352"/>
</kw>
<kw name="Should Match Regexp" owner="BuiltIn">
<arg>${json_data['results'][0]['picture']['thumbnail']}</arg>
<arg>^https?://.*\.(?:png|jpe?g|gif|bmp)$</arg>
<doc>Fails if ``string`` does not match ``pattern`` as a regular expression.</doc>
<status status="PASS" start="2024-06-18T01:06:13.381004" elapsed="0.000344"/>
</kw>
<kw name="Log" owner="BuiltIn">
<msg time="2024-06-18T01:06:13.381860" level="INFO">{'large': 'https://randomuser.me/api/portraits/women/51.jpg', 'medium': 'https://randomuser.me/api/portraits/med/women/51.jpg', 'thumbnail': 'https://randomuser.me/api/portraits/thumb/women/51.jpg'}</msg>
<arg>${json_data['results'][0]['picture']}</arg>
<doc>Logs the given message with the given level.</doc>
<status status="PASS" start="2024-06-18T01:06:13.381527" elapsed="0.000377"/>
</kw>
<status status="PASS" start="2024-06-18T01:06:13.280203" elapsed="0.101952"/>
</kw>
<kw name="Teste de Tipos de Dados - Postcode" owner="random-user-service">
<kw name="GET On Session" owner="RequestsLibrary">
<msg time="2024-06-18T01:06:13.474628" level="INFO">GET Request : url=https://randomuser.me/api 
 path_url=/api 
 headers={'User-Agent': 'python-requests/2.32.3', 'Accept-Encoding': 'gzip, deflate', 'Accept': '*/*', 'Connection': 'keep-alive'} 
 body=None 
 </msg>
<msg time="2024-06-18T01:06:13.474699" level="INFO">GET Response : url=https://randomuser.me/api 
 status=200, reason=OK 
 headers={'Date': 'Tue, 18 Jun 2024 01:06:13 GMT', 'Content-Type': 'application/json; charset=utf-8', 'Transfer-Encoding': 'chunked', 'Connection': 'keep-alive', 'X-Powered-By': 'Express', 'Access-Control-Allow-Origin': '*', 'Cache-Control': 'no-cache', 'ETag': 'W/"482-toaSLpiDA+mohOenGlNGCgCAR3A"', 'Vary': 'Accept-Encoding', 'Content-Encoding': 'gzip', 'CF-Cache-Status': 'DYNAMIC', 'Report-To': '{"endpoints":[{"url":"https:\\/\\/a.nel.cloudflare.com\\/report\\/v4?s=HuCPqbRn7k2ieoAatdxm1rZuDYllwna7J1BUE0CMYWWDHG9zIijQQYP3VGUPtCDfnAY0iLLFRjBoqXyENrHVvZ76Ihv3nUnOiG1V5g0Yu82lN8cqn2M2Zwp8N07Uz%2Bim"}],"group":"cf-nel","max_age":604800}', 'NEL': '{"success_fraction":0,"report_to":"cf-nel","max_age":604800}', 'Server': 'cloudflare', 'CF-RAY': '89576021af94173e-SJC', 'alt-svc': 'h3=":443"; ma=86400'} 
 body={"results":[{"gender":"male","name":{"title":"Mr","first":"Tanveer","last":"Adiga"},"location":{"street":{"number":5088,"name":"Shakespeare Sarani"},"city":"Jaunpur","state":"Tripura","country":"India","postcode":90267,"coordinates":{"latitude":"7.2282","longitude":"-140.6864"},"timezone":{"offset":"-8:00","description":"Pacific Time (US &amp; Canada)"}},"email":"tanveer.adiga@example.com","login":{"uuid":"e028d6fe-7c90-48e9-9c9e-d3aed09578d2","username":"organicwolf879","password":"rocks","salt":"DYLaI4Kg","md5":"dc8df8fb88b0893af0a1f2be42cdb273","sha1":"9d291332c743620fb092f1e5bc19dee7ee1ef970","sha256":"3c7d6accc92d737e836d87debffb15a9a1aa86fa7a8a58187933311db191c2a3"},"dob":{"date":"1955-08-21T19:30:09.678Z","age":68},"registered":{"date":"2015-04-17T20:22:37.181Z","age":9},"phone":"9053458131","cell":"8704491668","id":{"name":"UIDAI","value":"890180336073"},"picture":{"large":"https://randomuser.me/api/portraits/men/93.jpg","medium":"https://randomuser.me/api/portraits/med/men/93.jpg","thumbnail":"https://randomuser.me/api/portraits/thumb/men/93.jpg"},"nat":"IN"}],"info":{"seed":"f9990d3e3c3d67dd","results":1,"page":1,"version":"1.4"}} 
 </msg>
<msg time="2024-06-18T01:06:13.474775" level="INFO">/opt/hostedtoolcache/Python/3.12.3/x64/lib/python3.12/site-packages/urllib3/connectionpool.py:1099: InsecureRequestWarning: Unverified HTTPS request is being made to host 'randomuser.me'. Adding certificate verification is strongly advised. See: https://urllib3.readthedocs.io/en/latest/advanced-usage.html#tls-warnings
  warnings.warn(</msg>
<msg time="2024-06-18T01:06:13.474876" level="INFO">${response} = &lt;Response [200]&gt;</msg>
<var>${response}</var>
<arg>consultarAPI</arg>
<arg>/api</arg>
<doc>Sends a GET request on a previously created HTTP Session.</doc>
<status status="PASS" start="2024-06-18T01:06:13.382589" elapsed="0.092326"/>
</kw>
<kw name="Set Variable" owner="BuiltIn">
<msg time="2024-06-18T01:06:13.475732" level="INFO">${json_data} = {'results': [{'gender': 'male', 'name': {'title': 'Mr', 'first': 'Tanveer', 'last': 'Adiga'}, 'location': {'street': {'number': 5088, 'name': 'Shakespeare Sarani'}, 'city': 'Jaunpur', 'state': 'Tripur...</msg>
<var>${json_data}</var>
<arg>${response.json()}</arg>
<doc>Returns the given values which can then be assigned to a variables.</doc>
<status status="PASS" start="2024-06-18T01:06:13.475289" elapsed="0.000472"/>
</kw>
<kw name="Log" owner="BuiltIn">
<msg time="2024-06-18T01:06:13.476264" level="INFO">{'results': [{'gender': 'male', 'name': {'title': 'Mr', 'first': 'Tanveer', 'last': 'Adiga'}, 'location': {'street': {'number': 5088, 'name': 'Shakespeare Sarani'}, 'city': 'Jaunpur', 'state': 'Tripura', 'country': 'India', 'postcode': 90267, 'coordinates': {'latitude': '7.2282', 'longitude': '-140.6864'}, 'timezone': {'offset': '-8:00', 'description': 'Pacific Time (US &amp; Canada)'}}, 'email': 'tanveer.adiga@example.com', 'login': {'uuid': 'e028d6fe-7c90-48e9-9c9e-d3aed09578d2', 'username': 'organicwolf879', 'password': 'rocks', 'salt': 'DYLaI4Kg', 'md5': 'dc8df8fb88b0893af0a1f2be42cdb273', 'sha1': '9d291332c743620fb092f1e5bc19dee7ee1ef970', 'sha256': '3c7d6accc92d737e836d87debffb15a9a1aa86fa7a8a58187933311db191c2a3'}, 'dob': {'date': '1955-08-21T19:30:09.678Z', 'age': 68}, 'registered': {'date': '2015-04-17T20:22:37.181Z', 'age': 9}, 'phone': '9053458131', 'cell': '8704491668', 'id': {'name': 'UIDAI', 'value': '890180336073'}, 'picture': {'large': 'https://randomuser.me/api/portraits/men/93.jpg', 'medium': 'https://randomuser.me/api/portraits/med/men/93.jpg', 'thumbnail': 'https://randomuser.me/api/portraits/thumb/men/93.jpg'}, 'nat': 'IN'}], 'info': {'seed': 'f9990d3e3c3d67dd', 'results': 1, 'page': 1, 'version': '1.4'}}</msg>
<arg>${json_data}</arg>
<doc>Logs the given message with the given level.</doc>
<status status="PASS" start="2024-06-18T01:06:13.476108" elapsed="0.000205"/>
</kw>
<kw name="Should Be Equal As Numbers" owner="BuiltIn">
<arg>${json_data['results'][0]['location']['postcode']}</arg>
<arg>${json_data['results'][0]['location']['postcode']}</arg>
<doc>Fails if objects are unequal after converting them to real numbers.</doc>
<status status="PASS" start="2024-06-18T01:06:13.476609" elapsed="0.000609"/>
</kw>
<kw name="Log" owner="BuiltIn">
<msg time="2024-06-18T01:06:13.477737" level="INFO">90267</msg>
<arg>${json_data['results'][0]['location']['postcode']}</arg>
<doc>Logs the given message with the given level.</doc>
<status status="PASS" start="2024-06-18T01:06:13.477407" elapsed="0.000402"/>
</kw>
<status status="PASS" start="2024-06-18T01:06:13.382366" elapsed="0.095695"/>
</kw>
<doc>Testa se os tipos de dados na resposta da API estão corretos.</doc>
<tag>testeTiposDados</tag>
<status status="PASS" start="2024-06-18T01:06:13.279737" elapsed="0.198487"/>
</test>
<test id="s1-s1-t5" name="Validar conteudo" line="35">
<kw name="Teste de Tipos de Conteudo" owner="random-user-service">
<kw name="GET On Session" owner="RequestsLibrary">
<msg time="2024-06-18T01:06:13.567896" level="INFO">GET Request : url=https://randomuser.me/api 
 path_url=/api 
 headers={'User-Agent': 'python-requests/2.32.3', 'Accept-Encoding': 'gzip, deflate', 'Accept': '*/*', 'Connection': 'keep-alive'} 
 body=None 
 </msg>
<msg time="2024-06-18T01:06:13.567983" level="INFO">GET Response : url=https://randomuser.me/api 
 status=200, reason=OK 
 headers={'Date': 'Tue, 18 Jun 2024 01:06:13 GMT', 'Content-Type': 'application/json; charset=utf-8', 'Transfer-Encoding': 'chunked', 'Connection': 'keep-alive', 'X-Powered-By': 'Express', 'Access-Control-Allow-Origin': '*', 'Cache-Control': 'no-cache', 'ETag': 'W/"47c-DNpQ/0F8WOZihR74zaZbWmjXpFo"', 'Vary': 'Accept-Encoding', 'Content-Encoding': 'gzip', 'CF-Cache-Status': 'DYNAMIC', 'Report-To': '{"endpoints":[{"url":"https:\\/\\/a.nel.cloudflare.com\\/report\\/v4?s=ScIsAwB0JPGT6%2Fc%2BE5LI9eaM47B2aE7RQkxBT9uUim9%2F5VdtB5UOO3wedlgUdTxZxrKtEG3yc%2FuTwMHOkPuo%2Fhm2GRQLPYMIjzBzR3iCKl1jfdc1k7NMKcv%2FceaS%2B6ZN"}],"group":"cf-nel","max_age":604800}', 'NEL': '{"success_fraction":0,"report_to":"cf-nel","max_age":604800}', 'Server': 'cloudflare', 'CF-RAY': '895760224ffc173e-SJC', 'alt-svc': 'h3=":443"; ma=86400'} 
 body={"results":[{"gender":"female","name":{"title":"Mrs","first":"Victoria","last":"Andersen"},"location":{"street":{"number":4045,"name":"Ringstedgade"},"city":"Randers Nø","state":"Nordjylland","country":"Denmark","postcode":85395,"coordinates":{"latitude":"-40.8051","longitude":"51.2488"},"timezone":{"offset":"-10:00","description":"Hawaii"}},"email":"victoria.andersen@example.com","login":{"uuid":"f0816aaa-d0f4-40ca-910b-c61b4127c912","username":"sadrabbit485","password":"767676","salt":"a0sbVOfe","md5":"08b70779e2af7c77a436d6424dd0cb4f","sha1":"480567d56c28249e0f9e454372dfefe9765ab42b","sha256":"258610c92e5827def1237484d2af7c612cad775b5668bd339078861cc90a9f95"},"dob":{"date":"1948-08-12T21:02:55.711Z","age":75},"registered":{"date":"2016-06-06T12:03:10.316Z","age":8},"phone":"01475013","cell":"86259832","id":{"name":"CPR","value":"120848-2690"},"picture":{"large":"https://randomuser.me/api/portraits/women/29.jpg","medium":"https://randomuser.me/api/portraits/med/women/29.jpg","thumbnail":"https://randomuser.me/api/portraits/thumb/women/29.jpg"},"nat":"DK"}],"info":{"seed":"d86cf0dffbf9dad5","results":1,"page":1,"version":"1.4"}} 
 </msg>
<msg time="2024-06-18T01:06:13.568063" level="INFO">/opt/hostedtoolcache/Python/3.12.3/x64/lib/python3.12/site-packages/urllib3/connectionpool.py:1099: InsecureRequestWarning: Unverified HTTPS request is being made to host 'randomuser.me'. Adding certificate verification is strongly advised. See: https://urllib3.readthedocs.io/en/latest/advanced-usage.html#tls-warnings
  warnings.warn(</msg>
<msg time="2024-06-18T01:06:13.568164" level="INFO">${response} = &lt;Response [200]&gt;</msg>
<var>${response}</var>
<arg>consultarAPI</arg>
<arg>/api</arg>
<doc>Sends a GET request on a previously created HTTP Session.</doc>
<status status="PASS" start="2024-06-18T01:06:13.480695" elapsed="0.087499"/>
</kw>
<kw name="Set Variable" owner="BuiltIn">
<msg time="2024-06-18T01:06:13.569155" level="INFO">${json_data} = {'results': [{'gender': 'female', 'name': {'title': 'Mrs', 'first': 'Victoria', 'last': 'Andersen'}, 'location': {'street': {'number': 4045, 'name': 'Ringstedgade'}, 'city': 'Randers Nø', 'state': 'No...</msg>
<var>${json_data}</var>
<arg>${response.json()}</arg>
<doc>Returns the given values which can then be assigned to a variables.</doc>
<status status="PASS" start="2024-06-18T01:06:13.568671" elapsed="0.000513"/>
</kw>
<kw name="Set Variable" owner="BuiltIn">
<msg time="2024-06-18T01:06:13.569870" level="INFO">${name_title} = Mrs</msg>
<var>${name_title}</var>
<arg>${json_data["results"][0]["name"]["title"]}</arg>
<doc>Returns the given values which can then be assigned to a variables.</doc>
<status status="PASS" start="2024-06-18T01:06:13.569490" elapsed="0.000405"/>
</kw>
<kw name="Create List" owner="BuiltIn">
<msg time="2024-06-18T01:06:13.570331" level="INFO">${allowed_titles} = ['Mr', 'Ms', 'Miss', 'Mrs', 'Madame', 'Monsieur']</msg>
<var>${allowed_titles}</var>
<arg>Mr</arg>
<arg>Ms</arg>
<arg>Miss</arg>
<arg>Mrs</arg>
<arg>Madame</arg>
<arg>Monsieur</arg>
<doc>Returns a list containing given items.</doc>
<status status="PASS" start="2024-06-18T01:06:13.570186" elapsed="0.000168"/>
</kw>
<kw name="List Should Contain Value" owner="Collections">
<arg>${allowed_titles}</arg>
<arg>${name_title}</arg>
<doc>Fails if the ``value`` is not found from ``list``.</doc>
<status status="PASS" start="2024-06-18T01:06:13.570649" elapsed="0.000172"/>
</kw>
<kw name="Set Variable" owner="BuiltIn">
<msg time="2024-06-18T01:06:13.571358" level="INFO">${name_country} = DK</msg>
<var>${name_country}</var>
<arg>${json_data["results"][0]["nat"]}</arg>
<doc>Returns the given values which can then be assigned to a variables.</doc>
<status status="PASS" start="2024-06-18T01:06:13.570993" elapsed="0.000389"/>
</kw>
<kw name="Create List" owner="BuiltIn">
<msg time="2024-06-18T01:06:13.572300" level="INFO">${list_country} = ['AD', 'AE', 'AF', 'AG', 'AI', 'AL', 'AM', 'AO', 'AQ', 'AR', 'AS', 'AT', 'AU', 'AW', 'AX', 'AZ', 'BA', 'BB', 'BD', 'BE', 'BF', 'BG', 'BH', 'BI', 'BJ', 'BL', 'BM', 'BN', 'BO', 'BQ', 'BR', 'BS', 'BT', '...</msg>
<var>${list_country}</var>
<arg>AD</arg>
<arg>AE</arg>
<arg>AF</arg>
<arg>AG</arg>
<arg>AI</arg>
<arg>AL</arg>
<arg>AM</arg>
<arg>AO</arg>
<arg>AQ</arg>
<arg>AR</arg>
<arg>AS</arg>
<arg>AT</arg>
<arg>AU</arg>
<arg>AW</arg>
<arg>AX</arg>
<arg>AZ</arg>
<arg>BA</arg>
<arg>BB</arg>
<arg>BD</arg>
<arg>BE</arg>
<arg>BF</arg>
<arg>BG</arg>
<arg>BH</arg>
<arg>BI</arg>
<arg>BJ</arg>
<arg>BL</arg>
<arg>BM</arg>
<arg>BN</arg>
<arg>BO</arg>
<arg>BQ</arg>
<arg>BR</arg>
<arg>BS</arg>
<arg>BT</arg>
<arg>BV</arg>
<arg>BW</arg>
<arg>BY</arg>
<arg>BZ</arg>
<arg>CA</arg>
<arg>CC</arg>
<arg>CD</arg>
<arg>CF</arg>
<arg>CG</arg>
<arg>CH</arg>
<arg>CI</arg>
<arg>CK</arg>
<arg>CL</arg>
<arg>CM</arg>
<arg>CN</arg>
<arg>CO</arg>
<arg>CR</arg>
<arg>CU</arg>
<arg>CV</arg>
<arg>CW</arg>
<arg>CX</arg>
<arg>CY</arg>
<arg>CZ</arg>
<arg>DE</arg>
<arg>DJ</arg>
<arg>DK</arg>
<arg>DM</arg>
<arg>DO</arg>
<arg>DZ</arg>
<arg>EC</arg>
<arg>EE</arg>
<arg>EG</arg>
<arg>EH</arg>
<arg>ER</arg>
<arg>ES</arg>
<arg>ET</arg>
<arg>FI</arg>
<arg>FJ</arg>
<arg>FK</arg>
<arg>FM</arg>
<arg>FO</arg>
<arg>FR</arg>
<arg>GA</arg>
<arg>GB</arg>
<arg>GD</arg>
<arg>GE</arg>
<arg>GF</arg>
<arg>GG</arg>
<arg>GH</arg>
<arg>GI</arg>
<arg>GL</arg>
<arg>GM</arg>
<arg>GN</arg>
<arg>GP</arg>
<arg>GQ</arg>
<arg>GR</arg>
<arg>GS</arg>
<arg>GT</arg>
<arg>GU</arg>
<arg>GW</arg>
<arg>GY</arg>
<arg>HK</arg>
<arg>HM</arg>
<arg>HN</arg>
<arg>HR</arg>
<arg>HT</arg>
<arg>HU</arg>
<arg>ID</arg>
<arg>IE</arg>
<arg>IL</arg>
<arg>IM</arg>
<arg>IN</arg>
<arg>IO</arg>
<arg>IQ</arg>
<arg>IR</arg>
<arg>IS</arg>
<arg>IT</arg>
<arg>JE</arg>
<arg>JM</arg>
<arg>JO</arg>
<arg>JP</arg>
<arg>KE</arg>
<arg>KG</arg>
<arg>KH</arg>
<arg>KI</arg>
<arg>KM</arg>
<arg>KN</arg>
<arg>KP</arg>
<arg>KR</arg>
<arg>KW</arg>
<arg>KY</arg>
<arg>KZ</arg>
<arg>LA</arg>
<arg>LB</arg>
<arg>LC</arg>
<arg>LI</arg>
<arg>LK</arg>
<arg>LR</arg>
<arg>LS</arg>
<arg>LT</arg>
<arg>LU</arg>
<arg>LV</arg>
<arg>LY</arg>
<arg>MA</arg>
<arg>MC</arg>
<arg>MD</arg>
<arg>ME</arg>
<arg>MF</arg>
<arg>MG</arg>
<arg>MH</arg>
<arg>MK</arg>
<arg>ML</arg>
<arg>MM</arg>
<arg>MN</arg>
<arg>MO</arg>
<arg>MP</arg>
<arg>MQ</arg>
<arg>MR</arg>
<arg>MS</arg>
<arg>MT</arg>
<arg>MU</arg>
<arg>MV</arg>
<arg>MW</arg>
<arg>MX</arg>
<arg>MY</arg>
<arg>MZ</arg>
<arg>NA</arg>
<arg>NC</arg>
<arg>NE</arg>
<arg>NF</arg>
<arg>NG</arg>
<arg>NI</arg>
<arg>NL</arg>
<arg>NO</arg>
<arg>NP</arg>
<arg>NR</arg>
<arg>NU</arg>
<arg>NZ</arg>
<arg>OM</arg>
<arg>PA</arg>
<arg>PE</arg>
<arg>PF</arg>
<arg>PG</arg>
<arg>PH</arg>
<arg>PK</arg>
<arg>PL</arg>
<arg>PM</arg>
<arg>PN</arg>
<arg>PR</arg>
<arg>PS</arg>
<arg>PT</arg>
<arg>PW</arg>
<arg>PY</arg>
<arg>QA</arg>
<arg>RE</arg>
<arg>RO</arg>
<arg>RS</arg>
<arg>RU</arg>
<arg>RW</arg>
<arg>SA</arg>
<arg>SB</arg>
<arg>SC</arg>
<arg>SD</arg>
<arg>SE</arg>
<arg>SG</arg>
<arg>SH</arg>
<arg>SI</arg>
<arg>SJ</arg>
<arg>SK</arg>
<arg>SL</arg>
<arg>SM</arg>
<arg>SN</arg>
<arg>SO</arg>
<arg>SR</arg>
<arg>SS</arg>
<arg>ST</arg>
<arg>SV</arg>
<arg>SX</arg>
<arg>SY</arg>
<arg>SZ</arg>
<arg>TC</arg>
<arg>TD</arg>
<arg>TF</arg>
<arg>TG</arg>
<arg>TH</arg>
<arg>TJ</arg>
<arg>TK</arg>
<arg>TL</arg>
<arg>TM</arg>
<arg>TN</arg>
<arg>TO</arg>
<arg>TR</arg>
<arg>TT</arg>
<arg>TV</arg>
<arg>TW</arg>
<arg>TZ</arg>
<arg>UA</arg>
<arg>UG</arg>
<arg>UM</arg>
<arg>US</arg>
<arg>UY</arg>
<arg>UZ</arg>
<arg>VA</arg>
<arg>VC</arg>
<arg>VE</arg>
<arg>VG</arg>
<arg>VI</arg>
<arg>VN</arg>
<arg>VU</arg>
<arg>WF</arg>
<arg>WS</arg>
<arg>XK</arg>
<arg>YE</arg>
<arg>YT</arg>
<arg>ZA</arg>
<arg>ZM</arg>
<arg>ZW</arg>
<doc>Returns a list containing given items.</doc>
<status status="PASS" start="2024-06-18T01:06:13.571664" elapsed="0.000663"/>
</kw>
<kw name="List Should Contain Value" owner="Collections">
<arg>${list_country}</arg>
<arg>${name_country}</arg>
<doc>Fails if the ``value`` is not found from ``list``.</doc>
<status status="PASS" start="2024-06-18T01:06:13.573115" elapsed="0.000202"/>
</kw>
<kw name="Run Keyword If" owner="BuiltIn">
<kw name="Should Be True" owner="BuiltIn">
<arg>${True}</arg>
<doc>Fails if the given condition is not true.</doc>
<status status="PASS" start="2024-06-18T01:06:13.574369" elapsed="0.000142"/>
</kw>
<arg>${json_data["results"][0]["location"]["coordinates"]["latitude"]} &gt;= -90 and ${json_data["results"][0]["location"]["coordinates"]["latitude"]} &lt;= 90</arg>
<arg>Should Be True</arg>
<arg>${True}</arg>
<doc>Runs the given keyword with the given arguments, if ``condition`` is true.</doc>
<status status="PASS" start="2024-06-18T01:06:13.573509" elapsed="0.001126"/>
</kw>
<kw name="Run Keyword If" owner="BuiltIn">
<kw name="Should Be True" owner="BuiltIn">
<arg>${True}</arg>
<doc>Fails if the given condition is not true.</doc>
<status status="PASS" start="2024-06-18T01:06:13.575492" elapsed="0.000138"/>
</kw>
<arg>${json_data["results"][0]["location"]["coordinates"]["longitude"]} &gt;= -180 and ${json_data["results"][0]["location"]["coordinates"]["longitude"]} &lt;= 180</arg>
<arg>Should Be True</arg>
<arg>${True}</arg>
<doc>Runs the given keyword with the given arguments, if ``condition`` is true.</doc>
<status status="PASS" start="2024-06-18T01:06:13.574814" elapsed="0.000944"/>
</kw>
<status status="PASS" start="2024-06-18T01:06:13.480472" elapsed="0.095441"/>
</kw>
<doc>Testa o conteúdo específico dos campos retornados pela API.</doc>
<tag>testeConteudo</tag>
<status status="PASS" start="2024-06-18T01:06:13.480012" elapsed="0.096056"/>
</test>
<status status="PASS" start="2024-06-18T01:06:12.703243" elapsed="0.874772"/>
</suite>
<status status="PASS" start="2024-06-18T01:06:12.689860" elapsed="0.893165"/>
</suite>
<statistics>
<total>
<stat pass="5" fail="0" skip="0">All Tests</stat>
</total>
<tag>
<stat pass="1" fail="0" skip="0">testeConteudo</stat>
<stat pass="1" fail="0" skip="0">testeEstruturaResposta</stat>
<stat pass="1" fail="0" skip="0">testeRequisicaoBasica</stat>
<stat pass="1" fail="0" skip="0">testeTiposDados</stat>
</tag>
<suite>
<stat pass="5" fail="0" skip="0" id="s1" name="Tests">Tests</stat>
<stat pass="5" fail="0" skip="0" id="s1-s1" name="Random-User-Test">Tests.Random-User-Test</stat>
</suite>
</statistics>
<errors>
</errors>
</robot>
