<?xml version="1.0" encoding="UTF-8"?>
<robot generator="Robot 7.0 (Python 3.12.2 on linux)" generated="2024-04-05T22:13:21.900191" rpa="false" schemaversion="5">
<suite id="s1" name="Tests" source="/home/runner/work/DesafioQAItauRogerioJordao/DesafioQAItauRogerioJordao/RamdonUser/tests">
<suite id="s1-s1" name="Random-User-Test" source="/home/runner/work/DesafioQAItauRogerioJordao/DesafioQAItauRogerioJordao/RamdonUser/tests/random-user-test.robot">
<test id="s1-s1-t1" name="Conectar" line="13">
<kw name="Conectar API" owner="random-user-service">
<kw name="Create Session" owner="RequestsLibrary">
<msg time="2024-04-05T22:13:22.268576" level="INFO">Creating Session using : alias=consultarAPI, url=https://randomuser.me/, headers={},                     cookies={}, auth=None, timeout=None, proxies=None, verify=False,                     debug=0 </msg>
<arg>consultarAPI</arg>
<arg>${URL}</arg>
<doc>Create Session: create a HTTP session to a server</doc>
<status status="PASS" start="2024-04-05T22:13:22.268379" elapsed="0.000358"/>
</kw>
<status status="PASS" start="2024-04-05T22:13:22.267339" elapsed="0.001751"/>
</kw>
<status status="PASS" start="2024-04-05T22:13:22.266802" elapsed="0.002490"/>
</test>
<test id="s1-s1-t2" name="Validar retorno 200 e JSON Válido" line="16">
<kw name="Teste de Requisicao Basica" owner="random-user-service">
<kw name="GET On Session" owner="RequestsLibrary">
<msg time="2024-04-05T22:13:22.485176" level="INFO">GET Request : url=https://randomuser.me/api 
 path_url=/api 
 headers={'User-Agent': 'python-requests/2.31.0', 'Accept-Encoding': 'gzip, deflate', 'Accept': '*/*', 'Connection': 'keep-alive'} 
 body=None 
 </msg>
<msg time="2024-04-05T22:13:22.485351" level="INFO">GET Response : url=https://randomuser.me/api 
 status=200, reason=OK 
 headers={'Date': 'Fri, 05 Apr 2024 22:13:22 GMT', 'Content-Type': 'application/json; charset=utf-8', 'Transfer-Encoding': 'chunked', 'Connection': 'keep-alive', 'X-Powered-By': 'Express', 'Access-Control-Allow-Origin': '*', 'Cache-Control': 'no-cache', 'ETag': 'W/"4aa-09ZAOq13zqi8+Ce/otGWuew5jlU"', 'Vary': 'Accept-Encoding', 'Content-Encoding': 'gzip', 'CF-Cache-Status': 'DYNAMIC', 'Report-To': '{"endpoints":[{"url":"https:\\/\\/a.nel.cloudflare.com\\/report\\/v4?s=x9M%2B2eLM%2Ba%2BSSZuNfG2czK4dU2E3DeF637eUP0nkZgZsjIpiLjkfULp4zs3QKs3HeoTZZJV5sryF3haO33gr8eszPgB%2BKbKgClMn5fz%2BsKniG4O8nG0gfQr07VvDpzis"}],"group":"cf-nel","max_age":604800}', 'NEL': '{"success_fraction":0,"report_to":"cf-nel","max_age":604800}', 'Server': 'cloudflare', 'CF-RAY': '86fce28f18cf231d-ORD', 'alt-svc': 'h3=":443"; ma=86400'} 
 body={"results":[{"gender":"female","name":{"title":"Ms","first":"Constance","last":"Bailey"},"location":{"street":{"number":9531,"name":"W Belt Line Rd"},"city":"Coral Springs","state":"North Dakota","country":"United States","postcode":82272,"coordinates":{"latitude":"88.6700","longitude":"113.2209"},"timezone":{"offset":"-1:00","description":"Azores, Cape Verde Islands"}},"email":"constance.bailey@example.com","login":{"uuid":"30b6fd3a-cf64-4983-9c55-1d9162cdf14f","username":"goldenbutterfly834","password":"fraser","salt":"0yqLHoLY","md5":"df7f4283f657f69f6c72c95113cf3155","sha1":"2389301dade0faf1617f3f361f175d199accd22b","sha256":"3e88eba72466965328fd90cf966ba0a6fefb8e1b0dccdc48be23ad9737668d37"},"dob":{"date":"1978-09-23T22:32:21.196Z","age":45},"registered":{"date":"2004-01-25T02:58:47.640Z","age":20},"phone":"(378) 912-9095","cell":"(218) 381-8334","id":{"name":"SSN","value":"149-01-4748"},"picture":{"large":"https://randomuser.me/api/portraits/women/38.jpg","medium":"https://randomuser.me/api/portraits/med/women/38.jpg","thumbnail":"https://randomuser.me/api/portraits/thumb/women/38.jpg"},"nat":"US"}],"info":{"seed":"b0ae002051c88a74","results":1,"page":1,"version":"1.4"}} 
 </msg>
<msg time="2024-04-05T22:13:22.485476" level="INFO">/opt/hostedtoolcache/Python/3.12.2/x64/lib/python3.12/site-packages/urllib3/connectionpool.py:1103: InsecureRequestWarning: Unverified HTTPS request is being made to host 'randomuser.me'. Adding certificate verification is strongly advised. See: https://urllib3.readthedocs.io/en/latest/advanced-usage.html#tls-warnings
  warnings.warn(</msg>
<msg time="2024-04-05T22:13:22.485746" level="INFO">${response} = &lt;Response [200]&gt;</msg>
<var>${response}</var>
<arg>consultarAPI</arg>
<arg>/api</arg>
<doc>Sends a GET request on a previously created HTTP Session.</doc>
<status status="PASS" start="2024-04-05T22:13:22.271882" elapsed="0.213902"/>
</kw>
<kw name="Should Be Equal As Numbers" owner="BuiltIn">
<msg time="2024-04-05T22:13:22.486790" level="INFO">Argument types are:
&lt;class 'int'&gt;
&lt;class 'str'&gt;</msg>
<arg>${response.status_code}</arg>
<arg>200</arg>
<doc>Fails if objects are unequal after converting them to real numbers.</doc>
<status status="PASS" start="2024-04-05T22:13:22.486321" elapsed="0.000540"/>
</kw>
<kw name="Log" owner="BuiltIn">
<msg time="2024-04-05T22:13:22.487571" level="INFO">200</msg>
<arg>${response.status_code}</arg>
<doc>Logs the given message with the given level.</doc>
<status status="PASS" start="2024-04-05T22:13:22.487179" elapsed="0.000438"/>
</kw>
<kw name="Set Variable" owner="BuiltIn">
<msg time="2024-04-05T22:13:22.488397" level="INFO">${json_data} = {'results': [{'gender': 'female', 'name': {'title': 'Ms', 'first': 'Constance', 'last': 'Bailey'}, 'location': {'street': {'number': 9531, 'name': 'W Belt Line Rd'}, 'city': 'Coral Springs', 'state': ...</msg>
<var>${json_data}</var>
<arg>${response.json()}</arg>
<doc>Returns the given values which can then be assigned to a variables.</doc>
<status status="PASS" start="2024-04-05T22:13:22.487960" elapsed="0.000465"/>
</kw>
<kw name="Dictionary Should Contain Key" owner="Collections">
<msg time="2024-04-05T22:13:22.488903" level="INFO">False</msg>
<arg>${json_data}</arg>
<arg>results</arg>
<doc>Fails if ``key`` is not found from ``dictionary``.</doc>
<status status="PASS" start="2024-04-05T22:13:22.488733" elapsed="0.000209"/>
</kw>
<status status="PASS" start="2024-04-05T22:13:22.271627" elapsed="0.217578"/>
</kw>
<doc>Testa se a API responde corretamente e retorna um objeto JSON válido.</doc>
<tag>testeRequisicaoBasica</tag>
<status status="PASS" start="2024-04-05T22:13:22.271125" elapsed="0.218299"/>
</test>
<test id="s1-s1-t3" name="Validar estrutura de resposta" line="22">
<kw name="Teste de Estrutura de Resposta" owner="random-user-service">
<kw name="GET On Session" owner="RequestsLibrary">
<msg time="2024-04-05T22:13:22.637164" level="INFO">GET Request : url=https://randomuser.me/api 
 path_url=/api 
 headers={'User-Agent': 'python-requests/2.31.0', 'Accept-Encoding': 'gzip, deflate', 'Accept': '*/*', 'Connection': 'keep-alive'} 
 body=None 
 </msg>
<msg time="2024-04-05T22:13:22.637255" level="INFO">GET Response : url=https://randomuser.me/api 
 status=200, reason=OK 
 headers={'Date': 'Fri, 05 Apr 2024 22:13:22 GMT', 'Content-Type': 'application/json; charset=utf-8', 'Transfer-Encoding': 'chunked', 'Connection': 'keep-alive', 'X-Powered-By': 'Express', 'Access-Control-Allow-Origin': '*', 'Cache-Control': 'no-cache', 'ETag': 'W/"4a7-QiSdpUjd77oY4C3GKPJ5iWf1mgE"', 'Vary': 'Accept-Encoding', 'Content-Encoding': 'gzip', 'CF-Cache-Status': 'DYNAMIC', 'Report-To': '{"endpoints":[{"url":"https:\\/\\/a.nel.cloudflare.com\\/report\\/v4?s=53KSpwW4nexQDnPBYACkSZ9pUUgtlYX7zaWV9tBJqGIFamM054TZ1eiIG3bAuXT0H4gsKNXNL04XX0m%2BzKGn%2BOeDEUj9R%2BL1MUM5mCSrIuI7xH9NqZ%2F4lfTMmJIcExWM"}],"group":"cf-nel","max_age":604800}', 'NEL': '{"success_fraction":0,"report_to":"cf-nel","max_age":604800}', 'Server': 'cloudflare', 'CF-RAY': '86fce28f995d231d-ORD', 'alt-svc': 'h3=":443"; ma=86400'} 
 body={"results":[{"gender":"female","name":{"title":"Mrs","first":"Zeli","last":"Peixoto"},"location":{"street":{"number":8362,"name":"Rua João Xxiii"},"city":"Chapecó","state":"Mato Grosso","country":"Brazil","postcode":61447,"coordinates":{"latitude":"-76.0459","longitude":"3.5740"},"timezone":{"offset":"0:00","description":"Western Europe Time, London, Lisbon, Casablanca"}},"email":"zeli.peixoto@example.com","login":{"uuid":"fb77d636-9aec-4313-a5d9-c999145a4b01","username":"organicpeacock644","password":"soft","salt":"Q6Wofozt","md5":"6e110c70d9adf865ec6d46f2317ca850","sha1":"06d6b774d0f8be4b37d7db7c0136aae31c454ef0","sha256":"595ed29cd654cabdc29c14dc0aaf16ea0f01b081a205f7fb7af6900acae95419"},"dob":{"date":"1977-01-07T13:46:08.212Z","age":47},"registered":{"date":"2013-09-18T15:53:59.080Z","age":10},"phone":"(23) 6270-1971","cell":"(35) 1672-6757","id":{"name":"CPF","value":"139.976.076-84"},"picture":{"large":"https://randomuser.me/api/portraits/women/9.jpg","medium":"https://randomuser.me/api/portraits/med/women/9.jpg","thumbnail":"https://randomuser.me/api/portraits/thumb/women/9.jpg"},"nat":"BR"}],"info":{"seed":"4f72f9802151a007","results":1,"page":1,"version":"1.4"}} 
 </msg>
<msg time="2024-04-05T22:13:22.637390" level="INFO">/opt/hostedtoolcache/Python/3.12.2/x64/lib/python3.12/site-packages/urllib3/connectionpool.py:1103: InsecureRequestWarning: Unverified HTTPS request is being made to host 'randomuser.me'. Adding certificate verification is strongly advised. See: https://urllib3.readthedocs.io/en/latest/advanced-usage.html#tls-warnings
  warnings.warn(</msg>
<msg time="2024-04-05T22:13:22.637521" level="INFO">${response} = &lt;Response [200]&gt;</msg>
<var>${response}</var>
<arg>consultarAPI</arg>
<arg>/api</arg>
<doc>Sends a GET request on a previously created HTTP Session.</doc>
<status status="PASS" start="2024-04-05T22:13:22.492690" elapsed="0.144884"/>
</kw>
<kw name="Set Variable" owner="BuiltIn">
<msg time="2024-04-05T22:13:22.638711" level="INFO">${json_data} = {'results': [{'gender': 'female', 'name': {'title': 'Mrs', 'first': 'Zeli', 'last': 'Peixoto'}, 'location': {'street': {'number': 8362, 'name': 'Rua João Xxiii'}, 'city': 'Chapecó', 'state': 'Mato Gro...</msg>
<var>${json_data}</var>
<arg>${response.json()}</arg>
<doc>Returns the given values which can then be assigned to a variables.</doc>
<status status="PASS" start="2024-04-05T22:13:22.638096" elapsed="0.000647"/>
</kw>
<kw name="Log" owner="BuiltIn">
<msg time="2024-04-05T22:13:22.639232" level="INFO">{'results': [{'gender': 'female', 'name': {'title': 'Mrs', 'first': 'Zeli', 'last': 'Peixoto'}, 'location': {'street': {'number': 8362, 'name': 'Rua João Xxiii'}, 'city': 'Chapecó', 'state': 'Mato Grosso', 'country': 'Brazil', 'postcode': 61447, 'coordinates': {'latitude': '-76.0459', 'longitude': '3.5740'}, 'timezone': {'offset': '0:00', 'description': 'Western Europe Time, London, Lisbon, Casablanca'}}, 'email': 'zeli.peixoto@example.com', 'login': {'uuid': 'fb77d636-9aec-4313-a5d9-c999145a4b01', 'username': 'organicpeacock644', 'password': 'soft', 'salt': 'Q6Wofozt', 'md5': '6e110c70d9adf865ec6d46f2317ca850', 'sha1': '06d6b774d0f8be4b37d7db7c0136aae31c454ef0', 'sha256': '595ed29cd654cabdc29c14dc0aaf16ea0f01b081a205f7fb7af6900acae95419'}, 'dob': {'date': '1977-01-07T13:46:08.212Z', 'age': 47}, 'registered': {'date': '2013-09-18T15:53:59.080Z', 'age': 10}, 'phone': '(23) 6270-1971', 'cell': '(35) 1672-6757', 'id': {'name': 'CPF', 'value': '139.976.076-84'}, 'picture': {'large': 'https://randomuser.me/api/portraits/women/9.jpg', 'medium': 'https://randomuser.me/api/portraits/med/women/9.jpg', 'thumbnail': 'https://randomuser.me/api/portraits/thumb/women/9.jpg'}, 'nat': 'BR'}], 'info': {'seed': '4f72f9802151a007', 'results': 1, 'page': 1, 'version': '1.4'}}</msg>
<arg>${json_data}</arg>
<doc>Logs the given message with the given level.</doc>
<status status="PASS" start="2024-04-05T22:13:22.639064" elapsed="0.000218"/>
</kw>
<kw name="Dictionary Should Contain Key" owner="Collections">
<msg time="2024-04-05T22:13:22.639784" level="INFO">False</msg>
<arg>${json_data}</arg>
<arg>results</arg>
<doc>Fails if ``key`` is not found from ``dictionary``.</doc>
<status status="PASS" start="2024-04-05T22:13:22.639621" elapsed="0.000200"/>
</kw>
<kw name="Should Not Be Empty" owner="BuiltIn">
<msg time="2024-04-05T22:13:22.640262" level="INFO">Length is 2.</msg>
<arg>${json_data}</arg>
<doc>Verifies that the given item is not empty.</doc>
<status status="PASS" start="2024-04-05T22:13:22.640125" elapsed="0.000176"/>
</kw>
<kw name="Create List" owner="BuiltIn">
<msg time="2024-04-05T22:13:22.640758" level="INFO">${expected_keys} = ['gender', 'name', 'location', 'email', 'login']</msg>
<var>${expected_keys}</var>
<arg>gender</arg>
<arg>name</arg>
<arg>location</arg>
<arg>email</arg>
<arg>login</arg>
<doc>Returns a list containing given items.</doc>
<status status="PASS" start="2024-04-05T22:13:22.640604" elapsed="0.000178"/>
</kw>
<for flavor="IN">
<iter>
<kw name="Dictionary Should Contain Key" owner="Collections">
<msg time="2024-04-05T22:13:22.641777" level="INFO">False</msg>
<arg>${json_data['results'][0]}</arg>
<arg>${key}</arg>
<doc>Fails if ``key`` is not found from ``dictionary``.</doc>
<status status="PASS" start="2024-04-05T22:13:22.641365" elapsed="0.000452"/>
</kw>
<kw name="Log" owner="BuiltIn">
<msg time="2024-04-05T22:13:22.642537" level="INFO">{'gender': 'female', 'name': {'title': 'Mrs', 'first': 'Zeli', 'last': 'Peixoto'}, 'location': {'street': {'number': 8362, 'name': 'Rua João Xxiii'}, 'city': 'Chapecó', 'state': 'Mato Grosso', 'country': 'Brazil', 'postcode': 61447, 'coordinates': {'latitude': '-76.0459', 'longitude': '3.5740'}, 'timezone': {'offset': '0:00', 'description': 'Western Europe Time, London, Lisbon, Casablanca'}}, 'email': 'zeli.peixoto@example.com', 'login': {'uuid': 'fb77d636-9aec-4313-a5d9-c999145a4b01', 'username': 'organicpeacock644', 'password': 'soft', 'salt': 'Q6Wofozt', 'md5': '6e110c70d9adf865ec6d46f2317ca850', 'sha1': '06d6b774d0f8be4b37d7db7c0136aae31c454ef0', 'sha256': '595ed29cd654cabdc29c14dc0aaf16ea0f01b081a205f7fb7af6900acae95419'}, 'dob': {'date': '1977-01-07T13:46:08.212Z', 'age': 47}, 'registered': {'date': '2013-09-18T15:53:59.080Z', 'age': 10}, 'phone': '(23) 6270-1971', 'cell': '(35) 1672-6757', 'id': {'name': 'CPF', 'value': '139.976.076-84'}, 'picture': {'large': 'https://randomuser.me/api/portraits/women/9.jpg', 'medium': 'https://randomuser.me/api/portraits/med/women/9.jpg', 'thumbnail': 'https://randomuser.me/api/portraits/thumb/women/9.jpg'}, 'nat': 'BR'}</msg>
<arg>${json_data['results'][0]}</arg>
<doc>Logs the given message with the given level.</doc>
<status status="PASS" start="2024-04-05T22:13:22.642156" elapsed="0.000433"/>
</kw>
<kw name="Log" owner="BuiltIn">
<msg time="2024-04-05T22:13:22.643043" level="INFO">gender</msg>
<arg>${key}</arg>
<doc>Logs the given message with the given level.</doc>
<status status="PASS" start="2024-04-05T22:13:22.642909" elapsed="0.000173"/>
</kw>
<var name="${key}">gender</var>
<status status="PASS" start="2024-04-05T22:13:22.641237" elapsed="0.002066"/>
</iter>
<iter>
<kw name="Dictionary Should Contain Key" owner="Collections">
<msg time="2024-04-05T22:13:22.644041" level="INFO">False</msg>
<arg>${json_data['results'][0]}</arg>
<arg>${key}</arg>
<doc>Fails if ``key`` is not found from ``dictionary``.</doc>
<status status="PASS" start="2024-04-05T22:13:22.643645" elapsed="0.000434"/>
</kw>
<kw name="Log" owner="BuiltIn">
<msg time="2024-04-05T22:13:22.644784" level="INFO">{'gender': 'female', 'name': {'title': 'Mrs', 'first': 'Zeli', 'last': 'Peixoto'}, 'location': {'street': {'number': 8362, 'name': 'Rua João Xxiii'}, 'city': 'Chapecó', 'state': 'Mato Grosso', 'country': 'Brazil', 'postcode': 61447, 'coordinates': {'latitude': '-76.0459', 'longitude': '3.5740'}, 'timezone': {'offset': '0:00', 'description': 'Western Europe Time, London, Lisbon, Casablanca'}}, 'email': 'zeli.peixoto@example.com', 'login': {'uuid': 'fb77d636-9aec-4313-a5d9-c999145a4b01', 'username': 'organicpeacock644', 'password': 'soft', 'salt': 'Q6Wofozt', 'md5': '6e110c70d9adf865ec6d46f2317ca850', 'sha1': '06d6b774d0f8be4b37d7db7c0136aae31c454ef0', 'sha256': '595ed29cd654cabdc29c14dc0aaf16ea0f01b081a205f7fb7af6900acae95419'}, 'dob': {'date': '1977-01-07T13:46:08.212Z', 'age': 47}, 'registered': {'date': '2013-09-18T15:53:59.080Z', 'age': 10}, 'phone': '(23) 6270-1971', 'cell': '(35) 1672-6757', 'id': {'name': 'CPF', 'value': '139.976.076-84'}, 'picture': {'large': 'https://randomuser.me/api/portraits/women/9.jpg', 'medium': 'https://randomuser.me/api/portraits/med/women/9.jpg', 'thumbnail': 'https://randomuser.me/api/portraits/thumb/women/9.jpg'}, 'nat': 'BR'}</msg>
<arg>${json_data['results'][0]}</arg>
<doc>Logs the given message with the given level.</doc>
<status status="PASS" start="2024-04-05T22:13:22.644414" elapsed="0.000420"/>
</kw>
<kw name="Log" owner="BuiltIn">
<msg time="2024-04-05T22:13:22.645273" level="INFO">name</msg>
<arg>${key}</arg>
<doc>Logs the given message with the given level.</doc>
<status status="PASS" start="2024-04-05T22:13:22.645141" elapsed="0.000170"/>
</kw>
<var name="${key}">name</var>
<status status="PASS" start="2024-04-05T22:13:22.643520" elapsed="0.002015"/>
</iter>
<iter>
<kw name="Dictionary Should Contain Key" owner="Collections">
<msg time="2024-04-05T22:13:22.646212" level="INFO">False</msg>
<arg>${json_data['results'][0]}</arg>
<arg>${key}</arg>
<doc>Fails if ``key`` is not found from ``dictionary``.</doc>
<status status="PASS" start="2024-04-05T22:13:22.645833" elapsed="0.000417"/>
</kw>
<kw name="Log" owner="BuiltIn">
<msg time="2024-04-05T22:13:22.646917" level="INFO">{'gender': 'female', 'name': {'title': 'Mrs', 'first': 'Zeli', 'last': 'Peixoto'}, 'location': {'street': {'number': 8362, 'name': 'Rua João Xxiii'}, 'city': 'Chapecó', 'state': 'Mato Grosso', 'country': 'Brazil', 'postcode': 61447, 'coordinates': {'latitude': '-76.0459', 'longitude': '3.5740'}, 'timezone': {'offset': '0:00', 'description': 'Western Europe Time, London, Lisbon, Casablanca'}}, 'email': 'zeli.peixoto@example.com', 'login': {'uuid': 'fb77d636-9aec-4313-a5d9-c999145a4b01', 'username': 'organicpeacock644', 'password': 'soft', 'salt': 'Q6Wofozt', 'md5': '6e110c70d9adf865ec6d46f2317ca850', 'sha1': '06d6b774d0f8be4b37d7db7c0136aae31c454ef0', 'sha256': '595ed29cd654cabdc29c14dc0aaf16ea0f01b081a205f7fb7af6900acae95419'}, 'dob': {'date': '1977-01-07T13:46:08.212Z', 'age': 47}, 'registered': {'date': '2013-09-18T15:53:59.080Z', 'age': 10}, 'phone': '(23) 6270-1971', 'cell': '(35) 1672-6757', 'id': {'name': 'CPF', 'value': '139.976.076-84'}, 'picture': {'large': 'https://randomuser.me/api/portraits/women/9.jpg', 'medium': 'https://randomuser.me/api/portraits/med/women/9.jpg', 'thumbnail': 'https://randomuser.me/api/portraits/thumb/women/9.jpg'}, 'nat': 'BR'}</msg>
<arg>${json_data['results'][0]}</arg>
<doc>Logs the given message with the given level.</doc>
<status status="PASS" start="2024-04-05T22:13:22.646553" elapsed="0.000421"/>
</kw>
<kw name="Log" owner="BuiltIn">
<msg time="2024-04-05T22:13:22.647402" level="INFO">location</msg>
<arg>${key}</arg>
<doc>Logs the given message with the given level.</doc>
<status status="PASS" start="2024-04-05T22:13:22.647273" elapsed="0.000167"/>
</kw>
<var name="${key}">location</var>
<status status="PASS" start="2024-04-05T22:13:22.645718" elapsed="0.001979"/>
</iter>
<iter>
<kw name="Dictionary Should Contain Key" owner="Collections">
<msg time="2024-04-05T22:13:22.648369" level="INFO">False</msg>
<arg>${json_data['results'][0]}</arg>
<arg>${key}</arg>
<doc>Fails if ``key`` is not found from ``dictionary``.</doc>
<status status="PASS" start="2024-04-05T22:13:22.647987" elapsed="0.000420"/>
</kw>
<kw name="Log" owner="BuiltIn">
<msg time="2024-04-05T22:13:22.649075" level="INFO">{'gender': 'female', 'name': {'title': 'Mrs', 'first': 'Zeli', 'last': 'Peixoto'}, 'location': {'street': {'number': 8362, 'name': 'Rua João Xxiii'}, 'city': 'Chapecó', 'state': 'Mato Grosso', 'country': 'Brazil', 'postcode': 61447, 'coordinates': {'latitude': '-76.0459', 'longitude': '3.5740'}, 'timezone': {'offset': '0:00', 'description': 'Western Europe Time, London, Lisbon, Casablanca'}}, 'email': 'zeli.peixoto@example.com', 'login': {'uuid': 'fb77d636-9aec-4313-a5d9-c999145a4b01', 'username': 'organicpeacock644', 'password': 'soft', 'salt': 'Q6Wofozt', 'md5': '6e110c70d9adf865ec6d46f2317ca850', 'sha1': '06d6b774d0f8be4b37d7db7c0136aae31c454ef0', 'sha256': '595ed29cd654cabdc29c14dc0aaf16ea0f01b081a205f7fb7af6900acae95419'}, 'dob': {'date': '1977-01-07T13:46:08.212Z', 'age': 47}, 'registered': {'date': '2013-09-18T15:53:59.080Z', 'age': 10}, 'phone': '(23) 6270-1971', 'cell': '(35) 1672-6757', 'id': {'name': 'CPF', 'value': '139.976.076-84'}, 'picture': {'large': 'https://randomuser.me/api/portraits/women/9.jpg', 'medium': 'https://randomuser.me/api/portraits/med/women/9.jpg', 'thumbnail': 'https://randomuser.me/api/portraits/thumb/women/9.jpg'}, 'nat': 'BR'}</msg>
<arg>${json_data['results'][0]}</arg>
<doc>Logs the given message with the given level.</doc>
<status status="PASS" start="2024-04-05T22:13:22.648708" elapsed="0.000417"/>
</kw>
<kw name="Log" owner="BuiltIn">
<msg time="2024-04-05T22:13:22.649553" level="INFO">email</msg>
<arg>${key}</arg>
<doc>Logs the given message with the given level.</doc>
<status status="PASS" start="2024-04-05T22:13:22.649423" elapsed="0.000168"/>
</kw>
<var name="${key}">email</var>
<status status="PASS" start="2024-04-05T22:13:22.647874" elapsed="0.001932"/>
</iter>
<iter>
<kw name="Dictionary Should Contain Key" owner="Collections">
<msg time="2024-04-05T22:13:22.650493" level="INFO">False</msg>
<arg>${json_data['results'][0]}</arg>
<arg>${key}</arg>
<doc>Fails if ``key`` is not found from ``dictionary``.</doc>
<status status="PASS" start="2024-04-05T22:13:22.650110" elapsed="0.000421"/>
</kw>
<kw name="Log" owner="BuiltIn">
<msg time="2024-04-05T22:13:22.651199" level="INFO">{'gender': 'female', 'name': {'title': 'Mrs', 'first': 'Zeli', 'last': 'Peixoto'}, 'location': {'street': {'number': 8362, 'name': 'Rua João Xxiii'}, 'city': 'Chapecó', 'state': 'Mato Grosso', 'country': 'Brazil', 'postcode': 61447, 'coordinates': {'latitude': '-76.0459', 'longitude': '3.5740'}, 'timezone': {'offset': '0:00', 'description': 'Western Europe Time, London, Lisbon, Casablanca'}}, 'email': 'zeli.peixoto@example.com', 'login': {'uuid': 'fb77d636-9aec-4313-a5d9-c999145a4b01', 'username': 'organicpeacock644', 'password': 'soft', 'salt': 'Q6Wofozt', 'md5': '6e110c70d9adf865ec6d46f2317ca850', 'sha1': '06d6b774d0f8be4b37d7db7c0136aae31c454ef0', 'sha256': '595ed29cd654cabdc29c14dc0aaf16ea0f01b081a205f7fb7af6900acae95419'}, 'dob': {'date': '1977-01-07T13:46:08.212Z', 'age': 47}, 'registered': {'date': '2013-09-18T15:53:59.080Z', 'age': 10}, 'phone': '(23) 6270-1971', 'cell': '(35) 1672-6757', 'id': {'name': 'CPF', 'value': '139.976.076-84'}, 'picture': {'large': 'https://randomuser.me/api/portraits/women/9.jpg', 'medium': 'https://randomuser.me/api/portraits/med/women/9.jpg', 'thumbnail': 'https://randomuser.me/api/portraits/thumb/women/9.jpg'}, 'nat': 'BR'}</msg>
<arg>${json_data['results'][0]}</arg>
<doc>Logs the given message with the given level.</doc>
<status status="PASS" start="2024-04-05T22:13:22.650827" elapsed="0.000422"/>
</kw>
<kw name="Log" owner="BuiltIn">
<msg time="2024-04-05T22:13:22.651714" level="INFO">login</msg>
<arg>${key}</arg>
<doc>Logs the given message with the given level.</doc>
<status status="PASS" start="2024-04-05T22:13:22.651581" elapsed="0.000303"/>
</kw>
<var name="${key}">login</var>
<status status="PASS" start="2024-04-05T22:13:22.649982" elapsed="0.002138"/>
</iter>
<var>${key}</var>
<value>@{expected_keys}</value>
<status status="PASS" start="2024-04-05T22:13:22.641046" elapsed="0.011199"/>
</for>
<kw name="Create List" owner="BuiltIn">
<msg time="2024-04-05T22:13:22.652584" level="INFO">${expected_keysTwo} = ['username', 'password']</msg>
<var>${expected_keysTwo}</var>
<arg>username</arg>
<arg>password</arg>
<doc>Returns a list containing given items.</doc>
<status status="PASS" start="2024-04-05T22:13:22.652444" elapsed="0.000164"/>
</kw>
<for flavor="IN">
<iter>
<kw name="Dictionary Should Contain Key" owner="Collections">
<msg time="2024-04-05T22:13:22.653499" level="INFO">False</msg>
<arg>${json_data['results'][0]['login']}</arg>
<arg>${keyTwo}</arg>
<doc>Fails if ``key`` is not found from ``dictionary``.</doc>
<status status="PASS" start="2024-04-05T22:13:22.653116" elapsed="0.000421"/>
</kw>
<kw name="Dictionary Should Contain Key" owner="Collections">
<msg time="2024-04-05T22:13:22.654222" level="INFO">False</msg>
<arg>${json_data['results'][0]['login']}</arg>
<arg>${keyTwo}</arg>
<doc>Fails if ``key`` is not found from ``dictionary``.</doc>
<status status="PASS" start="2024-04-05T22:13:22.653835" elapsed="0.000426"/>
</kw>
<kw name="Log" owner="BuiltIn">
<msg time="2024-04-05T22:13:22.654684" level="INFO">username</msg>
<arg>${keyTwo}</arg>
<doc>Logs the given message with the given level.</doc>
<status status="PASS" start="2024-04-05T22:13:22.654555" elapsed="0.000167"/>
</kw>
<var name="${keyTwo}">username</var>
<status status="PASS" start="2024-04-05T22:13:22.653003" elapsed="0.001935"/>
</iter>
<iter>
<kw name="Dictionary Should Contain Key" owner="Collections">
<msg time="2024-04-05T22:13:22.655633" level="INFO">False</msg>
<arg>${json_data['results'][0]['login']}</arg>
<arg>${keyTwo}</arg>
<doc>Fails if ``key`` is not found from ``dictionary``.</doc>
<status status="PASS" start="2024-04-05T22:13:22.655224" elapsed="0.000447"/>
</kw>
<kw name="Dictionary Should Contain Key" owner="Collections">
<msg time="2024-04-05T22:13:22.656348" level="INFO">False</msg>
<arg>${json_data['results'][0]['login']}</arg>
<arg>${keyTwo}</arg>
<doc>Fails if ``key`` is not found from ``dictionary``.</doc>
<status status="PASS" start="2024-04-05T22:13:22.655968" elapsed="0.000417"/>
</kw>
<kw name="Log" owner="BuiltIn">
<msg time="2024-04-05T22:13:22.656821" level="INFO">password</msg>
<arg>${keyTwo}</arg>
<doc>Logs the given message with the given level.</doc>
<status status="PASS" start="2024-04-05T22:13:22.656689" elapsed="0.000169"/>
</kw>
<var name="${keyTwo}">password</var>
<status status="PASS" start="2024-04-05T22:13:22.655113" elapsed="0.001965"/>
</iter>
<var>${keyTwo}</var>
<value>@{expected_keysTwo}</value>
<status status="PASS" start="2024-04-05T22:13:22.652850" elapsed="0.004362"/>
</for>
<status status="PASS" start="2024-04-05T22:13:22.492370" elapsed="0.164985"/>
</kw>
<doc>Testa a estrutura da resposta da API.</doc>
<tag>testeEstruturaResposta</tag>
<status status="PASS" start="2024-04-05T22:13:22.491342" elapsed="0.166174"/>
</test>
<test id="s1-s1-t4" name="Validar tipos de dados" line="28">
<kw name="Teste de Tipos de Dados" owner="random-user-service">
<kw name="GET On Session" owner="RequestsLibrary">
<msg time="2024-04-05T22:13:22.705593" level="INFO">GET Request : url=https://randomuser.me/api 
 path_url=/api 
 headers={'User-Agent': 'python-requests/2.31.0', 'Accept-Encoding': 'gzip, deflate', 'Accept': '*/*', 'Connection': 'keep-alive'} 
 body=None 
 </msg>
<msg time="2024-04-05T22:13:22.705666" level="INFO">GET Response : url=https://randomuser.me/api 
 status=200, reason=OK 
 headers={'Date': 'Fri, 05 Apr 2024 22:13:22 GMT', 'Content-Type': 'application/json; charset=utf-8', 'Transfer-Encoding': 'chunked', 'Connection': 'keep-alive', 'X-Powered-By': 'Express', 'Access-Control-Allow-Origin': '*', 'Cache-Control': 'no-cache', 'ETag': 'W/"497-PI6IsNJM+vhkaeInBSBH+VmQJBo"', 'Vary': 'Accept-Encoding', 'Content-Encoding': 'gzip', 'CF-Cache-Status': 'DYNAMIC', 'Report-To': '{"endpoints":[{"url":"https:\\/\\/a.nel.cloudflare.com\\/report\\/v4?s=gVkEkeCVJNlEfBqRcfmQoJte2aCxSyZzvP%2F0YVbMOWaQMcLV7QRet%2F2U5QhMkAX7nYnNxDvjAThvWtEDr7V4Gk3xSH%2F37XuDJwGo68C5EvEVcp15fZvBXohRVXrkK0uq"}],"group":"cf-nel","max_age":604800}', 'NEL': '{"success_fraction":0,"report_to":"cf-nel","max_age":604800}', 'Server': 'cloudflare', 'CF-RAY': '86fce290aaaa231d-ORD', 'alt-svc': 'h3=":443"; ma=86400'} 
 body={"results":[{"gender":"female","name":{"title":"Miss","first":"Martyna","last":"Dahir"},"location":{"street":{"number":8445,"name":"Sølve Solfengs vei"},"city":"Åsen","state":"Trøndelag","country":"Norway","postcode":"4524","coordinates":{"latitude":"39.5607","longitude":"170.9278"},"timezone":{"offset":"-4:00","description":"Atlantic Time (Canada), Caracas, La Paz"}},"email":"martyna.dahir@example.com","login":{"uuid":"a204ddfe-0a18-45a8-98c8-143409254f63","username":"lazybutterfly359","password":"science","salt":"OhGwPHeF","md5":"10a2a786c1d944a9c849604ebc5a1133","sha1":"7968cce9fb367a991279eec69d0e38bf629b1ba8","sha256":"98b2aa8739650fb7fcb6d74cbedcfa2b65029b67f341b79539df5a8d42077388"},"dob":{"date":"1956-03-15T08:35:57.027Z","age":68},"registered":{"date":"2008-05-11T10:56:09.697Z","age":15},"phone":"61339421","cell":"98620972","id":{"name":"FN","value":"15035633895"},"picture":{"large":"https://randomuser.me/api/portraits/women/4.jpg","medium":"https://randomuser.me/api/portraits/med/women/4.jpg","thumbnail":"https://randomuser.me/api/portraits/thumb/women/4.jpg"},"nat":"NO"}],"info":{"seed":"44276b3109145147","results":1,"page":1,"version":"1.4"}} 
 </msg>
<msg time="2024-04-05T22:13:22.705725" level="INFO">/opt/hostedtoolcache/Python/3.12.2/x64/lib/python3.12/site-packages/urllib3/connectionpool.py:1103: InsecureRequestWarning: Unverified HTTPS request is being made to host 'randomuser.me'. Adding certificate verification is strongly advised. See: https://urllib3.readthedocs.io/en/latest/advanced-usage.html#tls-warnings
  warnings.warn(</msg>
<msg time="2024-04-05T22:13:22.705816" level="INFO">${response} = &lt;Response [200]&gt;</msg>
<var>${response}</var>
<arg>consultarAPI</arg>
<arg>/api</arg>
<doc>Sends a GET request on a previously created HTTP Session.</doc>
<status status="PASS" start="2024-04-05T22:13:22.660121" elapsed="0.045733"/>
</kw>
<kw name="Set Variable" owner="BuiltIn">
<msg time="2024-04-05T22:13:22.706930" level="INFO">${json_data} = {'results': [{'gender': 'female', 'name': {'title': 'Miss', 'first': 'Martyna', 'last': 'Dahir'}, 'location': {'street': {'number': 8445, 'name': 'Sølve Solfengs vei'}, 'city': 'Åsen', 'state': 'Trønd...</msg>
<var>${json_data}</var>
<arg>${response.json()}</arg>
<doc>Returns the given values which can then be assigned to a variables.</doc>
<status status="PASS" start="2024-04-05T22:13:22.706327" elapsed="0.000634"/>
</kw>
<kw name="Log" owner="BuiltIn">
<msg time="2024-04-05T22:13:22.707440" level="INFO">{'results': [{'gender': 'female', 'name': {'title': 'Miss', 'first': 'Martyna', 'last': 'Dahir'}, 'location': {'street': {'number': 8445, 'name': 'Sølve Solfengs vei'}, 'city': 'Åsen', 'state': 'Trøndelag', 'country': 'Norway', 'postcode': '4524', 'coordinates': {'latitude': '39.5607', 'longitude': '170.9278'}, 'timezone': {'offset': '-4:00', 'description': 'Atlantic Time (Canada), Caracas, La Paz'}}, 'email': 'martyna.dahir@example.com', 'login': {'uuid': 'a204ddfe-0a18-45a8-98c8-143409254f63', 'username': 'lazybutterfly359', 'password': 'science', 'salt': 'OhGwPHeF', 'md5': '10a2a786c1d944a9c849604ebc5a1133', 'sha1': '7968cce9fb367a991279eec69d0e38bf629b1ba8', 'sha256': '98b2aa8739650fb7fcb6d74cbedcfa2b65029b67f341b79539df5a8d42077388'}, 'dob': {'date': '1956-03-15T08:35:57.027Z', 'age': 68}, 'registered': {'date': '2008-05-11T10:56:09.697Z', 'age': 15}, 'phone': '61339421', 'cell': '98620972', 'id': {'name': 'FN', 'value': '15035633895'}, 'picture': {'large': 'https://randomuser.me/api/portraits/women/4.jpg', 'medium': 'https://randomuser.me/api/portraits/med/women/4.jpg', 'thumbnail': 'https://randomuser.me/api/portraits/thumb/women/4.jpg'}, 'nat': 'NO'}], 'info': {'seed': '44276b3109145147', 'results': 1, 'page': 1, 'version': '1.4'}}</msg>
<arg>${json_data}</arg>
<doc>Logs the given message with the given level.</doc>
<status status="PASS" start="2024-04-05T22:13:22.707279" elapsed="0.000276"/>
</kw>
<kw name="Should Be String" owner="String">
<arg>${json_data['results'][0]['gender']}</arg>
<doc>Fails if the given ``item`` is not a string.</doc>
<status status="PASS" start="2024-04-05T22:13:22.707876" elapsed="0.000370"/>
</kw>
<kw name="Should Match Regexp" owner="BuiltIn">
<arg>${json_data['results'][0]['email']}</arg>
<arg>^[a-zA-Z0-9._%+-]+@[a-zA-Z0-9.-]+\.[a-zA-Z]{2,}$</arg>
<doc>Fails if ``string`` does not match ``pattern`` as a regular expression.</doc>
<status status="PASS" start="2024-04-05T22:13:22.708443" elapsed="0.000517"/>
</kw>
<kw name="Should Match Regexp" owner="BuiltIn">
<arg>${json_data['results'][0]['dob']['date']}</arg>
<arg>\\d{4}-\\d{2}-\\d{2}T\\d{2}:\\d{2}:\\d{2}\\.\\d{3}Z</arg>
<doc>Fails if ``string`` does not match ``pattern`` as a regular expression.</doc>
<status status="PASS" start="2024-04-05T22:13:22.709161" elapsed="0.000497"/>
</kw>
<kw name="Should Match Regexp" owner="BuiltIn">
<arg>${json_data['results'][0]['registered']['date']}</arg>
<arg>\\d{4}-\\d{2}-\\d{2}T\\d{2}:\\d{2}:\\d{2}\\.\\d{3}Z</arg>
<doc>Fails if ``string`` does not match ``pattern`` as a regular expression.</doc>
<status status="PASS" start="2024-04-05T22:13:22.709853" elapsed="0.000374"/>
</kw>
<kw name="Should Match Regexp" owner="BuiltIn">
<arg>${json_data['results'][0]['picture']['large']}</arg>
<arg>^https?://.*\.(?:png|jpe?g|gif|bmp)$</arg>
<doc>Fails if ``string`` does not match ``pattern`` as a regular expression.</doc>
<status status="PASS" start="2024-04-05T22:13:22.710417" elapsed="0.000458"/>
</kw>
<kw name="Should Match Regexp" owner="BuiltIn">
<arg>${json_data['results'][0]['picture']['medium']}</arg>
<arg>^https?://.*\.(?:png|jpe?g|gif|bmp)$</arg>
<doc>Fails if ``string`` does not match ``pattern`` as a regular expression.</doc>
<status status="PASS" start="2024-04-05T22:13:22.711074" elapsed="0.000367"/>
</kw>
<kw name="Should Match Regexp" owner="BuiltIn">
<arg>${json_data['results'][0]['picture']['thumbnail']}</arg>
<arg>^https?://.*\.(?:png|jpe?g|gif|bmp)$</arg>
<doc>Fails if ``string`` does not match ``pattern`` as a regular expression.</doc>
<status status="PASS" start="2024-04-05T22:13:22.711675" elapsed="0.000365"/>
</kw>
<kw name="Log" owner="BuiltIn">
<msg time="2024-04-05T22:13:22.712550" level="INFO">{'large': 'https://randomuser.me/api/portraits/women/4.jpg', 'medium': 'https://randomuser.me/api/portraits/med/women/4.jpg', 'thumbnail': 'https://randomuser.me/api/portraits/thumb/women/4.jpg'}</msg>
<arg>${json_data['results'][0]['picture']}</arg>
<doc>Logs the given message with the given level.</doc>
<status status="PASS" start="2024-04-05T22:13:22.712225" elapsed="0.000366"/>
</kw>
<status status="PASS" start="2024-04-05T22:13:22.659887" elapsed="0.052958"/>
</kw>
<kw name="Teste de Tipos de Dados - Postcode" owner="random-user-service">
<kw name="GET On Session" owner="RequestsLibrary">
<msg time="2024-04-05T22:13:22.807967" level="INFO">GET Request : url=https://randomuser.me/api 
 path_url=/api 
 headers={'User-Agent': 'python-requests/2.31.0', 'Accept-Encoding': 'gzip, deflate', 'Accept': '*/*', 'Connection': 'keep-alive'} 
 body=None 
 </msg>
<msg time="2024-04-05T22:13:22.808054" level="INFO">GET Response : url=https://randomuser.me/api 
 status=200, reason=OK 
 headers={'Date': 'Fri, 05 Apr 2024 22:13:22 GMT', 'Content-Type': 'application/json; charset=utf-8', 'Transfer-Encoding': 'chunked', 'Connection': 'keep-alive', 'X-Powered-By': 'Express', 'Access-Control-Allow-Origin': '*', 'Cache-Control': 'no-cache', 'ETag': 'W/"47e-d9R6/d2I94OCBBCejqiiYSHkhVI"', 'Vary': 'Accept-Encoding', 'Content-Encoding': 'gzip', 'CF-Cache-Status': 'DYNAMIC', 'Report-To': '{"endpoints":[{"url":"https:\\/\\/a.nel.cloudflare.com\\/report\\/v4?s=y5NNjphxyWDNtEpRD7S8%2B7xfRtFtPiGyhviJnlo3EAaZGylrWorrSofGhe3TvCYlxeUMmoxny%2FRkEhNksvSvpVJ3G1Yt422V7je3xKjJ3It92nTOqM2omZeq8FgUGyUQ"}],"group":"cf-nel","max_age":604800}', 'NEL': '{"success_fraction":0,"report_to":"cf-nel","max_age":604800}', 'Server': 'cloudflare', 'CF-RAY': '86fce290fb6e231d-ORD', 'alt-svc': 'h3=":443"; ma=86400'} 
 body={"results":[{"gender":"male","name":{"title":"Mr","first":"Corey","last":"Hayes"},"location":{"street":{"number":1547,"name":"Grove Road"},"city":"Shannon","state":"Cavan","country":"Ireland","postcode":49531,"coordinates":{"latitude":"-1.6269","longitude":"-48.7380"},"timezone":{"offset":"+8:00","description":"Beijing, Perth, Singapore, Hong Kong"}},"email":"corey.hayes@example.com","login":{"uuid":"36d24d07-6084-435c-843e-a3f69b46f1e6","username":"brownwolf713","password":"dracula","salt":"zaGsmuXt","md5":"c3f22df43202de14c20617948bab5da7","sha1":"9715977a1f48d2dffb492f5c18e32f892006e94c","sha256":"7e2bc8596cc487630e90c32371328d884c0dae0eff27c76adcd78edfa4315dea"},"dob":{"date":"1956-03-08T06:14:34.587Z","age":68},"registered":{"date":"2021-07-04T21:40:12.474Z","age":2},"phone":"051-724-9194","cell":"081-254-7104","id":{"name":"PPS","value":"4439317T"},"picture":{"large":"https://randomuser.me/api/portraits/men/42.jpg","medium":"https://randomuser.me/api/portraits/med/men/42.jpg","thumbnail":"https://randomuser.me/api/portraits/thumb/men/42.jpg"},"nat":"IE"}],"info":{"seed":"732809efc4c89693","results":1,"page":1,"version":"1.4"}} 
 </msg>
<msg time="2024-04-05T22:13:22.808144" level="INFO">/opt/hostedtoolcache/Python/3.12.2/x64/lib/python3.12/site-packages/urllib3/connectionpool.py:1103: InsecureRequestWarning: Unverified HTTPS request is being made to host 'randomuser.me'. Adding certificate verification is strongly advised. See: https://urllib3.readthedocs.io/en/latest/advanced-usage.html#tls-warnings
  warnings.warn(</msg>
<msg time="2024-04-05T22:13:22.808244" level="INFO">${response} = &lt;Response [200]&gt;</msg>
<var>${response}</var>
<arg>consultarAPI</arg>
<arg>/api</arg>
<doc>Sends a GET request on a previously created HTTP Session.</doc>
<status status="PASS" start="2024-04-05T22:13:22.713400" elapsed="0.094886"/>
</kw>
<kw name="Set Variable" owner="BuiltIn">
<msg time="2024-04-05T22:13:22.809387" level="INFO">${json_data} = {'results': [{'gender': 'male', 'name': {'title': 'Mr', 'first': 'Corey', 'last': 'Hayes'}, 'location': {'street': {'number': 1547, 'name': 'Grove Road'}, 'city': 'Shannon', 'state': 'Cavan', 'country...</msg>
<var>${json_data}</var>
<arg>${response.json()}</arg>
<doc>Returns the given values which can then be assigned to a variables.</doc>
<status status="PASS" start="2024-04-05T22:13:22.808782" elapsed="0.000632"/>
</kw>
<kw name="Log" owner="BuiltIn">
<msg time="2024-04-05T22:13:22.809873" level="INFO">{'results': [{'gender': 'male', 'name': {'title': 'Mr', 'first': 'Corey', 'last': 'Hayes'}, 'location': {'street': {'number': 1547, 'name': 'Grove Road'}, 'city': 'Shannon', 'state': 'Cavan', 'country': 'Ireland', 'postcode': 49531, 'coordinates': {'latitude': '-1.6269', 'longitude': '-48.7380'}, 'timezone': {'offset': '+8:00', 'description': 'Beijing, Perth, Singapore, Hong Kong'}}, 'email': 'corey.hayes@example.com', 'login': {'uuid': '36d24d07-6084-435c-843e-a3f69b46f1e6', 'username': 'brownwolf713', 'password': 'dracula', 'salt': 'zaGsmuXt', 'md5': 'c3f22df43202de14c20617948bab5da7', 'sha1': '9715977a1f48d2dffb492f5c18e32f892006e94c', 'sha256': '7e2bc8596cc487630e90c32371328d884c0dae0eff27c76adcd78edfa4315dea'}, 'dob': {'date': '1956-03-08T06:14:34.587Z', 'age': 68}, 'registered': {'date': '2021-07-04T21:40:12.474Z', 'age': 2}, 'phone': '051-724-9194', 'cell': '081-254-7104', 'id': {'name': 'PPS', 'value': '4439317T'}, 'picture': {'large': 'https://randomuser.me/api/portraits/men/42.jpg', 'medium': 'https://randomuser.me/api/portraits/med/men/42.jpg', 'thumbnail': 'https://randomuser.me/api/portraits/thumb/men/42.jpg'}, 'nat': 'IE'}], 'info': {'seed': '732809efc4c89693', 'results': 1, 'page': 1, 'version': '1.4'}}</msg>
<arg>${json_data}</arg>
<doc>Logs the given message with the given level.</doc>
<status status="PASS" start="2024-04-05T22:13:22.809719" elapsed="0.000232"/>
</kw>
<kw name="Should Be Equal As Numbers" owner="BuiltIn">
<arg>${json_data['results'][0]['location']['postcode']}</arg>
<arg>${json_data['results'][0]['location']['postcode']}</arg>
<doc>Fails if objects are unequal after converting them to real numbers.</doc>
<status status="PASS" start="2024-04-05T22:13:22.810252" elapsed="0.000635"/>
</kw>
<kw name="Log" owner="BuiltIn">
<msg time="2024-04-05T22:13:22.811423" level="INFO">49531</msg>
<arg>${json_data['results'][0]['location']['postcode']}</arg>
<doc>Logs the given message with the given level.</doc>
<status status="PASS" start="2024-04-05T22:13:22.811081" elapsed="0.000382"/>
</kw>
<status status="PASS" start="2024-04-05T22:13:22.713060" elapsed="0.098703"/>
</kw>
<doc>Testa se os tipos de dados na resposta da API estão corretos.</doc>
<tag>testeTiposDados</tag>
<status status="PASS" start="2024-04-05T22:13:22.659321" elapsed="0.152605"/>
</test>
<test id="s1-s1-t5" name="Validar conteudo" line="35">
<kw name="Teste de Tipos de Conteudo" owner="random-user-service">
<kw name="GET On Session" owner="RequestsLibrary">
<msg time="2024-04-05T22:13:22.901406" level="INFO">GET Request : url=https://randomuser.me/api 
 path_url=/api 
 headers={'User-Agent': 'python-requests/2.31.0', 'Accept-Encoding': 'gzip, deflate', 'Accept': '*/*', 'Connection': 'keep-alive'} 
 body=None 
 </msg>
<msg time="2024-04-05T22:13:22.901493" level="INFO">GET Response : url=https://randomuser.me/api 
 status=200, reason=OK 
 headers={'Date': 'Fri, 05 Apr 2024 22:13:22 GMT', 'Content-Type': 'application/json; charset=utf-8', 'Transfer-Encoding': 'chunked', 'Connection': 'keep-alive', 'X-Powered-By': 'Express', 'Access-Control-Allow-Origin': '*', 'Cache-Control': 'no-cache', 'ETag': 'W/"48b-vqmGUR5y47G/bxIPQvOASGCLYsE"', 'Vary': 'Accept-Encoding', 'Content-Encoding': 'gzip', 'CF-Cache-Status': 'DYNAMIC', 'Report-To': '{"endpoints":[{"url":"https:\\/\\/a.nel.cloudflare.com\\/report\\/v4?s=KpRMRUrSQjUJQEerRqd1KruJYShsG7dPK29AKKc1UoMQ5x5C69DN3Ss9eMdBIKABe19KW9O0koJFRSUc8Sg798rrQl%2F3HjccWJm7ICurOcdSzIQA0kT3wfiNUDPDTWNg"}],"group":"cf-nel","max_age":604800}', 'NEL': '{"success_fraction":0,"report_to":"cf-nel","max_age":604800}', 'Server': 'cloudflare', 'CF-RAY': '86fce2919c1a231d-ORD', 'alt-svc': 'h3=":443"; ma=86400'} 
 body={"results":[{"gender":"female","name":{"title":"Mrs","first":"مرسانا","last":"موسوی"},"location":{"street":{"number":1275,"name":"قدس"},"city":"بیرجند","state":"چهارمحال و بختیاری","country":"Iran","postcode":60805,"coordinates":{"latitude":"14.0435","longitude":"38.5132"},"timezone":{"offset":"-9:00","description":"Alaska"}},"email":"mrsn.mwswy@example.com","login":{"uuid":"aa81294c-9ec5-4979-978d-f26b52af1696","username":"ticklishzebra248","password":"lonesome","salt":"4VwMBKgC","md5":"095e2a5dbf11b06049665d9fce5c54cb","sha1":"b821359cf5489fd22e60c700ed1a8b6ddf682e7e","sha256":"eee11a54c7e864c06201e81250ec1e5268ff7e654ef3813058364e129d17ed0d"},"dob":{"date":"1967-05-17T11:39:06.828Z","age":56},"registered":{"date":"2017-02-15T06:02:41.567Z","age":7},"phone":"016-91363694","cell":"0984-002-7697","id":{"name":"","value":null},"picture":{"large":"https://randomuser.me/api/portraits/women/31.jpg","medium":"https://randomuser.me/api/portraits/med/women/31.jpg","thumbnail":"https://randomuser.me/api/portraits/thumb/women/31.jpg"},"nat":"IR"}],"info":{"seed":"0e54f5f39fd52cff","results":1,"page":1,"version":"1.4"}} 
 </msg>
<msg time="2024-04-05T22:13:22.901572" level="INFO">/opt/hostedtoolcache/Python/3.12.2/x64/lib/python3.12/site-packages/urllib3/connectionpool.py:1103: InsecureRequestWarning: Unverified HTTPS request is being made to host 'randomuser.me'. Adding certificate verification is strongly advised. See: https://urllib3.readthedocs.io/en/latest/advanced-usage.html#tls-warnings
  warnings.warn(</msg>
<msg time="2024-04-05T22:13:22.901692" level="INFO">${response} = &lt;Response [200]&gt;</msg>
<var>${response}</var>
<arg>consultarAPI</arg>
<arg>/api</arg>
<doc>Sends a GET request on a previously created HTTP Session.</doc>
<status status="PASS" start="2024-04-05T22:13:22.814409" elapsed="0.087338"/>
</kw>
<kw name="Set Variable" owner="BuiltIn">
<msg time="2024-04-05T22:13:22.902930" level="INFO">${json_data} = {'results': [{'gender': 'female', 'name': {'title': 'Mrs', 'first': 'مرسانا', 'last': 'موسوی'}, 'location': {'street': {'number': 1275, 'name': 'قدس'}, 'city': 'بیرجند', 'state': 'چهارمحال و بختیاری',...</msg>
<var>${json_data}</var>
<arg>${response.json()}</arg>
<doc>Returns the given values which can then be assigned to a variables.</doc>
<status status="PASS" start="2024-04-05T22:13:22.902334" elapsed="0.000626"/>
</kw>
<kw name="Set Variable" owner="BuiltIn">
<msg time="2024-04-05T22:13:22.903705" level="INFO">${name_title} = Mrs</msg>
<var>${name_title}</var>
<arg>${json_data["results"][0]["name"]["title"]}</arg>
<doc>Returns the given values which can then be assigned to a variables.</doc>
<status status="PASS" start="2024-04-05T22:13:22.903274" elapsed="0.000457"/>
</kw>
<kw name="Create List" owner="BuiltIn">
<msg time="2024-04-05T22:13:22.904191" level="INFO">${allowed_titles} = ['Mr', 'Ms', 'Miss', 'Mrs', 'Madame', 'Monsieur']</msg>
<var>${allowed_titles}</var>
<arg>Mr</arg>
<arg>Ms</arg>
<arg>Miss</arg>
<arg>Mrs</arg>
<arg>Madame</arg>
<arg>Monsieur</arg>
<doc>Returns a list containing given items.</doc>
<status status="PASS" start="2024-04-05T22:13:22.904038" elapsed="0.000178"/>
</kw>
<kw name="List Should Contain Value" owner="Collections">
<msg time="2024-04-05T22:13:22.904708" level="INFO">False</msg>
<arg>${allowed_titles}</arg>
<arg>${name_title}</arg>
<doc>Fails if the ``value`` is not found from ``list``.</doc>
<status status="PASS" start="2024-04-05T22:13:22.904534" elapsed="0.000211"/>
</kw>
<kw name="Set Variable" owner="BuiltIn">
<msg time="2024-04-05T22:13:22.905434" level="INFO">${name_country} = IR</msg>
<var>${name_country}</var>
<arg>${json_data["results"][0]["nat"]}</arg>
<doc>Returns the given values which can then be assigned to a variables.</doc>
<status status="PASS" start="2024-04-05T22:13:22.905047" elapsed="0.000412"/>
</kw>
<kw name="Create List" owner="BuiltIn">
<msg time="2024-04-05T22:13:22.906372" level="INFO">${list_country} = ['AD', 'AE', 'AF', 'AG', 'AI', 'AL', 'AM', 'AO', 'AQ', 'AR', 'AS', 'AT', 'AU', 'AW', 'AX', 'AZ', 'BA', 'BB', 'BD', 'BE', 'BF', 'BG', 'BH', 'BI', 'BJ', 'BL', 'BM', 'BN', 'BO', 'BQ', 'BR', 'BS', 'BT', '...</msg>
<var>${list_country}</var>
<arg>AD</arg>
<arg>AE</arg>
<arg>AF</arg>
<arg>AG</arg>
<arg>AI</arg>
<arg>AL</arg>
<arg>AM</arg>
<arg>AO</arg>
<arg>AQ</arg>
<arg>AR</arg>
<arg>AS</arg>
<arg>AT</arg>
<arg>AU</arg>
<arg>AW</arg>
<arg>AX</arg>
<arg>AZ</arg>
<arg>BA</arg>
<arg>BB</arg>
<arg>BD</arg>
<arg>BE</arg>
<arg>BF</arg>
<arg>BG</arg>
<arg>BH</arg>
<arg>BI</arg>
<arg>BJ</arg>
<arg>BL</arg>
<arg>BM</arg>
<arg>BN</arg>
<arg>BO</arg>
<arg>BQ</arg>
<arg>BR</arg>
<arg>BS</arg>
<arg>BT</arg>
<arg>BV</arg>
<arg>BW</arg>
<arg>BY</arg>
<arg>BZ</arg>
<arg>CA</arg>
<arg>CC</arg>
<arg>CD</arg>
<arg>CF</arg>
<arg>CG</arg>
<arg>CH</arg>
<arg>CI</arg>
<arg>CK</arg>
<arg>CL</arg>
<arg>CM</arg>
<arg>CN</arg>
<arg>CO</arg>
<arg>CR</arg>
<arg>CU</arg>
<arg>CV</arg>
<arg>CW</arg>
<arg>CX</arg>
<arg>CY</arg>
<arg>CZ</arg>
<arg>DE</arg>
<arg>DJ</arg>
<arg>DK</arg>
<arg>DM</arg>
<arg>DO</arg>
<arg>DZ</arg>
<arg>EC</arg>
<arg>EE</arg>
<arg>EG</arg>
<arg>EH</arg>
<arg>ER</arg>
<arg>ES</arg>
<arg>ET</arg>
<arg>FI</arg>
<arg>FJ</arg>
<arg>FK</arg>
<arg>FM</arg>
<arg>FO</arg>
<arg>FR</arg>
<arg>GA</arg>
<arg>GB</arg>
<arg>GD</arg>
<arg>GE</arg>
<arg>GF</arg>
<arg>GG</arg>
<arg>GH</arg>
<arg>GI</arg>
<arg>GL</arg>
<arg>GM</arg>
<arg>GN</arg>
<arg>GP</arg>
<arg>GQ</arg>
<arg>GR</arg>
<arg>GS</arg>
<arg>GT</arg>
<arg>GU</arg>
<arg>GW</arg>
<arg>GY</arg>
<arg>HK</arg>
<arg>HM</arg>
<arg>HN</arg>
<arg>HR</arg>
<arg>HT</arg>
<arg>HU</arg>
<arg>ID</arg>
<arg>IE</arg>
<arg>IL</arg>
<arg>IM</arg>
<arg>IN</arg>
<arg>IO</arg>
<arg>IQ</arg>
<arg>IR</arg>
<arg>IS</arg>
<arg>IT</arg>
<arg>JE</arg>
<arg>JM</arg>
<arg>JO</arg>
<arg>JP</arg>
<arg>KE</arg>
<arg>KG</arg>
<arg>KH</arg>
<arg>KI</arg>
<arg>KM</arg>
<arg>KN</arg>
<arg>KP</arg>
<arg>KR</arg>
<arg>KW</arg>
<arg>KY</arg>
<arg>KZ</arg>
<arg>LA</arg>
<arg>LB</arg>
<arg>LC</arg>
<arg>LI</arg>
<arg>LK</arg>
<arg>LR</arg>
<arg>LS</arg>
<arg>LT</arg>
<arg>LU</arg>
<arg>LV</arg>
<arg>LY</arg>
<arg>MA</arg>
<arg>MC</arg>
<arg>MD</arg>
<arg>ME</arg>
<arg>MF</arg>
<arg>MG</arg>
<arg>MH</arg>
<arg>MK</arg>
<arg>ML</arg>
<arg>MM</arg>
<arg>MN</arg>
<arg>MO</arg>
<arg>MP</arg>
<arg>MQ</arg>
<arg>MR</arg>
<arg>MS</arg>
<arg>MT</arg>
<arg>MU</arg>
<arg>MV</arg>
<arg>MW</arg>
<arg>MX</arg>
<arg>MY</arg>
<arg>MZ</arg>
<arg>NA</arg>
<arg>NC</arg>
<arg>NE</arg>
<arg>NF</arg>
<arg>NG</arg>
<arg>NI</arg>
<arg>NL</arg>
<arg>NO</arg>
<arg>NP</arg>
<arg>NR</arg>
<arg>NU</arg>
<arg>NZ</arg>
<arg>OM</arg>
<arg>PA</arg>
<arg>PE</arg>
<arg>PF</arg>
<arg>PG</arg>
<arg>PH</arg>
<arg>PK</arg>
<arg>PL</arg>
<arg>PM</arg>
<arg>PN</arg>
<arg>PR</arg>
<arg>PS</arg>
<arg>PT</arg>
<arg>PW</arg>
<arg>PY</arg>
<arg>QA</arg>
<arg>RE</arg>
<arg>RO</arg>
<arg>RS</arg>
<arg>RU</arg>
<arg>RW</arg>
<arg>SA</arg>
<arg>SB</arg>
<arg>SC</arg>
<arg>SD</arg>
<arg>SE</arg>
<arg>SG</arg>
<arg>SH</arg>
<arg>SI</arg>
<arg>SJ</arg>
<arg>SK</arg>
<arg>SL</arg>
<arg>SM</arg>
<arg>SN</arg>
<arg>SO</arg>
<arg>SR</arg>
<arg>SS</arg>
<arg>ST</arg>
<arg>SV</arg>
<arg>SX</arg>
<arg>SY</arg>
<arg>SZ</arg>
<arg>TC</arg>
<arg>TD</arg>
<arg>TF</arg>
<arg>TG</arg>
<arg>TH</arg>
<arg>TJ</arg>
<arg>TK</arg>
<arg>TL</arg>
<arg>TM</arg>
<arg>TN</arg>
<arg>TO</arg>
<arg>TR</arg>
<arg>TT</arg>
<arg>TV</arg>
<arg>TW</arg>
<arg>TZ</arg>
<arg>UA</arg>
<arg>UG</arg>
<arg>UM</arg>
<arg>US</arg>
<arg>UY</arg>
<arg>UZ</arg>
<arg>VA</arg>
<arg>VC</arg>
<arg>VE</arg>
<arg>VG</arg>
<arg>VI</arg>
<arg>VN</arg>
<arg>VU</arg>
<arg>WF</arg>
<arg>WS</arg>
<arg>XK</arg>
<arg>YE</arg>
<arg>YT</arg>
<arg>ZA</arg>
<arg>ZM</arg>
<arg>ZW</arg>
<doc>Returns a list containing given items.</doc>
<status status="PASS" start="2024-04-05T22:13:22.905766" elapsed="0.000631"/>
</kw>
<kw name="List Should Contain Value" owner="Collections">
<msg time="2024-04-05T22:13:22.907529" level="INFO">False</msg>
<arg>${list_country}</arg>
<arg>${name_country}</arg>
<doc>Fails if the ``value`` is not found from ``list``.</doc>
<status status="PASS" start="2024-04-05T22:13:22.907292" elapsed="0.000293"/>
</kw>
<kw name="Run Keyword If" owner="BuiltIn">
<kw name="Should Be True" owner="BuiltIn">
<arg>${True}</arg>
<doc>Fails if the given condition is not true.</doc>
<status status="PASS" start="2024-04-05T22:13:22.908698" elapsed="0.000153"/>
</kw>
<arg>${json_data["results"][0]["location"]["coordinates"]["latitude"]} &gt;= -90 and ${json_data["results"][0]["location"]["coordinates"]["latitude"]} &lt;= 90</arg>
<arg>Should Be True</arg>
<arg>${True}</arg>
<doc>Runs the given keyword with the given arguments, if ``condition`` is true.</doc>
<status status="PASS" start="2024-04-05T22:13:22.907943" elapsed="0.001041"/>
</kw>
<kw name="Run Keyword If" owner="BuiltIn">
<kw name="Should Be True" owner="BuiltIn">
<arg>${True}</arg>
<doc>Fails if the given condition is not true.</doc>
<status status="PASS" start="2024-04-05T22:13:22.909881" elapsed="0.000141"/>
</kw>
<arg>${json_data["results"][0]["location"]["coordinates"]["longitude"]} &gt;= -180 and ${json_data["results"][0]["location"]["coordinates"]["longitude"]} &lt;= 180</arg>
<arg>Should Be True</arg>
<arg>${True}</arg>
<doc>Runs the given keyword with the given arguments, if ``condition`` is true.</doc>
<status status="PASS" start="2024-04-05T22:13:22.909173" elapsed="0.000975"/>
</kw>
<status status="PASS" start="2024-04-05T22:13:22.814180" elapsed="0.096099"/>
</kw>
<doc>Testa o conteúdo específico dos campos retornados pela API.</doc>
<tag>testeConteudo</tag>
<status status="PASS" start="2024-04-05T22:13:22.813656" elapsed="0.096771"/>
</test>
<status status="PASS" start="2024-04-05T22:13:21.953022" elapsed="0.959378"/>
</suite>
<status status="PASS" start="2024-04-05T22:13:21.939216" elapsed="0.978703"/>
</suite>
<statistics>
<total>
<stat pass="5" fail="0" skip="0">All Tests</stat>
</total>
<tag>
<stat pass="1" fail="0" skip="0">testeConteudo</stat>
<stat pass="1" fail="0" skip="0">testeEstruturaResposta</stat>
<stat pass="1" fail="0" skip="0">testeRequisicaoBasica</stat>
<stat pass="1" fail="0" skip="0">testeTiposDados</stat>
</tag>
<suite>
<stat pass="5" fail="0" skip="0" id="s1" name="Tests">Tests</stat>
<stat pass="5" fail="0" skip="0" id="s1-s1" name="Random-User-Test">Tests.Random-User-Test</stat>
</suite>
</statistics>
<errors>
</errors>
</robot>
