<?xml version="1.0" encoding="UTF-8"?>
<robot generator="Robot 7.0.1 (Python 3.12.4 on linux)" generated="2024-07-30T13:18:15.180708" rpa="false" schemaversion="5">
<suite id="s1" name="Tests" source="/home/runner/work/ApiRandomUser/ApiRandomUser/RamdonUser/tests">
<suite id="s1-s1" name="Random-User-Test" source="/home/runner/work/ApiRandomUser/ApiRandomUser/RamdonUser/tests/random-user-test.robot">
<test id="s1-s1-t1" name="Conectar" line="13">
<kw name="Conectar API" owner="random-user-service">
<kw name="Create Session" owner="RequestsLibrary">
<msg time="2024-07-30T13:18:15.585588" level="INFO">Creating Session using : alias=consultarAPI, url=https://randomuser.me/, headers={},                     cookies={}, auth=None, timeout=None, proxies=None, verify=False,                     debug=0 </msg>
<arg>consultarAPI</arg>
<arg>${URL}</arg>
<doc>Create Session: create a HTTP session to a server</doc>
<status status="PASS" start="2024-07-30T13:18:15.585380" elapsed="0.000413"/>
</kw>
<status status="PASS" start="2024-07-30T13:18:15.584312" elapsed="0.001901"/>
</kw>
<status status="PASS" start="2024-07-30T13:18:15.583724" elapsed="0.002687"/>
</test>
<test id="s1-s1-t2" name="Validar retorno 200 e JSON Válido" line="16">
<kw name="Teste de Requisicao Basica" owner="random-user-service">
<kw name="GET On Session" owner="RequestsLibrary">
<msg time="2024-07-30T13:18:15.774962" level="INFO">GET Request : url=https://randomuser.me/api 
 path_url=/api 
 headers={'User-Agent': 'python-requests/2.32.3', 'Accept-Encoding': 'gzip, deflate', 'Accept': '*/*', 'Connection': 'keep-alive'} 
 body=None 
 </msg>
<msg time="2024-07-30T13:18:15.775134" level="INFO">GET Response : url=https://randomuser.me/api 
 status=200, reason=OK 
 headers={'Date': 'Tue, 30 Jul 2024 13:18:15 GMT', 'Content-Type': 'application/json; charset=utf-8', 'Transfer-Encoding': 'chunked', 'Connection': 'keep-alive', 'X-Powered-By': 'Express', 'Access-Control-Allow-Origin': '*', 'Cache-Control': 'no-cache', 'ETag': 'W/"474-Hi+RkXBkJqTNGHIam24F5jZgxdw"', 'Vary': 'Accept-Encoding', 'Content-Encoding': 'gzip', 'CF-Cache-Status': 'DYNAMIC', 'Report-To': '{"endpoints":[{"url":"https:\\/\\/a.nel.cloudflare.com\\/report\\/v4?s=Xqt0cubVo3TwZIp3pLoVMCn5hbMyFMVdFnKSZe%2BBZ5%2FTeoKfEUeXKLV9Lx3EICZVaD1ep46LDWAFuozvlw2OCr5tCQvHOli8yB9w5oHzm5gtwySbH1s9GRQDTQ3AExg5"}],"group":"cf-nel","max_age":604800}', 'NEL': '{"success_fraction":0,"report_to":"cf-nel","max_age":604800}', 'Server': 'cloudflare', 'CF-RAY': '8ab5a234497605dc-IAD', 'alt-svc': 'h3=":443"; ma=86400'} 
 body={"results":[{"gender":"female","name":{"title":"Ms","first":"Elisa","last":"Romero"},"location":{"street":{"number":4497,"name":"Calle de Alcalá"},"city":"Cartagena","state":"País Vasco","country":"Spain","postcode":19642,"coordinates":{"latitude":"-37.6011","longitude":"85.4281"},"timezone":{"offset":"+4:30","description":"Kabul"}},"email":"elisa.romero@example.com","login":{"uuid":"4caa742e-1a29-4088-8f73-44f70f40fec5","username":"brownfish348","password":"honeybee","salt":"OjJbHFF7","md5":"a2c3d82b3b163ff77fbfc30e81e047b6","sha1":"0c3fdcdb7b3bd14b93c582609021246aed37783d","sha256":"85c157d2578c76ab751b1f4f5a9c13d0fe01cdffb46374bbbfbbe92e910a9233"},"dob":{"date":"1998-07-07T13:40:47.633Z","age":26},"registered":{"date":"2011-03-20T03:29:55.647Z","age":13},"phone":"992-099-731","cell":"684-902-083","id":{"name":"DNI","value":"90486348-R"},"picture":{"large":"https://randomuser.me/api/portraits/women/2.jpg","medium":"https://randomuser.me/api/portraits/med/women/2.jpg","thumbnail":"https://randomuser.me/api/portraits/thumb/women/2.jpg"},"nat":"ES"}],"info":{"seed":"dfbff22648f06025","results":1,"page":1,"version":"1.4"}} 
 </msg>
<msg time="2024-07-30T13:18:15.775226" level="INFO">/opt/hostedtoolcache/Python/3.12.4/x64/lib/python3.12/site-packages/urllib3/connectionpool.py:1099: InsecureRequestWarning: Unverified HTTPS request is being made to host 'randomuser.me'. Adding certificate verification is strongly advised. See: https://urllib3.readthedocs.io/en/latest/advanced-usage.html#tls-warnings
  warnings.warn(</msg>
<msg time="2024-07-30T13:18:15.775386" level="INFO">${response} = &lt;Response [200]&gt;</msg>
<var>${response}</var>
<arg>consultarAPI</arg>
<arg>/api</arg>
<doc>Sends a GET request on a previously created HTTP Session.</doc>
<status status="PASS" start="2024-07-30T13:18:15.589095" elapsed="0.186335"/>
</kw>
<kw name="Should Be Equal As Numbers" owner="BuiltIn">
<msg time="2024-07-30T13:18:15.776510" level="INFO">Argument types are:
&lt;class 'int'&gt;
&lt;class 'str'&gt;</msg>
<arg>${response.status_code}</arg>
<arg>200</arg>
<doc>Fails if objects are unequal after converting them to real numbers.</doc>
<status status="PASS" start="2024-07-30T13:18:15.776018" elapsed="0.000564"/>
</kw>
<kw name="Log" owner="BuiltIn">
<msg time="2024-07-30T13:18:15.777374" level="INFO">200</msg>
<arg>${response.status_code}</arg>
<doc>Logs the given message with the given level.</doc>
<status status="PASS" start="2024-07-30T13:18:15.776973" elapsed="0.000447"/>
</kw>
<kw name="Set Variable" owner="BuiltIn">
<msg time="2024-07-30T13:18:15.778292" level="INFO">${json_data} = {'results': [{'gender': 'female', 'name': {'title': 'Ms', 'first': 'Elisa', 'last': 'Romero'}, 'location': {'street': {'number': 4497, 'name': 'Calle de Alcalá'}, 'city': 'Cartagena', 'state': 'País V...</msg>
<var>${json_data}</var>
<arg>${response.json()}</arg>
<doc>Returns the given values which can then be assigned to a variables.</doc>
<status status="PASS" start="2024-07-30T13:18:15.777771" elapsed="0.000552"/>
</kw>
<kw name="Dictionary Should Contain Key" owner="Collections">
<arg>${json_data}</arg>
<arg>results</arg>
<doc>Fails if ``key`` is not found from ``dictionary``.</doc>
<status status="PASS" start="2024-07-30T13:18:15.778660" elapsed="0.000356"/>
</kw>
<status status="PASS" start="2024-07-30T13:18:15.588842" elapsed="0.190334"/>
</kw>
<doc>Testa se a API responde corretamente e retorna um objeto JSON válido.</doc>
<tag>testeRequisicaoBasica</tag>
<status status="PASS" start="2024-07-30T13:18:15.588292" elapsed="0.191066"/>
</test>
<test id="s1-s1-t3" name="Validar estrutura de resposta" line="22">
<kw name="Teste de Estrutura de Resposta" owner="random-user-service">
<kw name="GET On Session" owner="RequestsLibrary">
<msg time="2024-07-30T13:18:15.907845" level="INFO">GET Request : url=https://randomuser.me/api 
 path_url=/api 
 headers={'User-Agent': 'python-requests/2.32.3', 'Accept-Encoding': 'gzip, deflate', 'Accept': '*/*', 'Connection': 'keep-alive'} 
 body=None 
 </msg>
<msg time="2024-07-30T13:18:15.907925" level="INFO">GET Response : url=https://randomuser.me/api 
 status=200, reason=OK 
 headers={'Date': 'Tue, 30 Jul 2024 13:18:15 GMT', 'Content-Type': 'application/json; charset=utf-8', 'Transfer-Encoding': 'chunked', 'Connection': 'keep-alive', 'X-Powered-By': 'Express', 'Access-Control-Allow-Origin': '*', 'Cache-Control': 'no-cache', 'ETag': 'W/"480-/J06E8w8GK15tjXVe4dxuZMxMe8"', 'Vary': 'Accept-Encoding', 'Content-Encoding': 'gzip', 'CF-Cache-Status': 'DYNAMIC', 'Report-To': '{"endpoints":[{"url":"https:\\/\\/a.nel.cloudflare.com\\/report\\/v4?s=AdRFtQrW7EU0%2FMIvkhzTp40XH%2Bs2KMJWcnfxG5Sha71i99UsBee%2Be7IGLfOac%2FAziFczwRC3RpJgEq1bkBbqhviJ4CJppPs6GhLZXbKp9bXLw8x5ob5fgPEOqlpZxu1v"}],"group":"cf-nel","max_age":604800}', 'NEL': '{"success_fraction":0,"report_to":"cf-nel","max_age":604800}', 'Server': 'cloudflare', 'CF-RAY': '8ab5a234a9cf05dc-IAD', 'alt-svc': 'h3=":443"; ma=86400'} 
 body={"results":[{"gender":"female","name":{"title":"Ms","first":"Tracy","last":"Lowe"},"location":{"street":{"number":8801,"name":"South Street"},"city":"Ballinasloe","state":"Meath","country":"Ireland","postcode":98826,"coordinates":{"latitude":"-0.3022","longitude":"163.7802"},"timezone":{"offset":"-1:00","description":"Azores, Cape Verde Islands"}},"email":"tracy.lowe@example.com","login":{"uuid":"f8e6eb1a-f943-4f4f-b63f-9e459ec42c1c","username":"whitemouse926","password":"chess","salt":"Jql8r9nA","md5":"0d4af24cda689ad05ff14d4371afddfe","sha1":"43b283bb2001e23445b4c4d9f12f48b0fc22e3d1","sha256":"2111ef2bc9a075c01d61d24adaae32c74d20d76b507f91c4d46fd0dc56463101"},"dob":{"date":"1961-10-26T05:54:04.575Z","age":62},"registered":{"date":"2009-08-06T12:59:33.974Z","age":14},"phone":"071-731-8076","cell":"081-205-1113","id":{"name":"PPS","value":"7217578T"},"picture":{"large":"https://randomuser.me/api/portraits/women/58.jpg","medium":"https://randomuser.me/api/portraits/med/women/58.jpg","thumbnail":"https://randomuser.me/api/portraits/thumb/women/58.jpg"},"nat":"IE"}],"info":{"seed":"03fb7b64711ff44b","results":1,"page":1,"version":"1.4"}} 
 </msg>
<msg time="2024-07-30T13:18:15.908041" level="INFO">/opt/hostedtoolcache/Python/3.12.4/x64/lib/python3.12/site-packages/urllib3/connectionpool.py:1099: InsecureRequestWarning: Unverified HTTPS request is being made to host 'randomuser.me'. Adding certificate verification is strongly advised. See: https://urllib3.readthedocs.io/en/latest/advanced-usage.html#tls-warnings
  warnings.warn(</msg>
<msg time="2024-07-30T13:18:15.908148" level="INFO">${response} = &lt;Response [200]&gt;</msg>
<var>${response}</var>
<arg>consultarAPI</arg>
<arg>/api</arg>
<doc>Sends a GET request on a previously created HTTP Session.</doc>
<status status="PASS" start="2024-07-30T13:18:15.782060" elapsed="0.126127"/>
</kw>
<kw name="Set Variable" owner="BuiltIn">
<msg time="2024-07-30T13:18:15.909106" level="INFO">${json_data} = {'results': [{'gender': 'female', 'name': {'title': 'Ms', 'first': 'Tracy', 'last': 'Lowe'}, 'location': {'street': {'number': 8801, 'name': 'South Street'}, 'city': 'Ballinasloe', 'state': 'Meath', '...</msg>
<var>${json_data}</var>
<arg>${response.json()}</arg>
<doc>Returns the given values which can then be assigned to a variables.</doc>
<status status="PASS" start="2024-07-30T13:18:15.908625" elapsed="0.000510"/>
</kw>
<kw name="Log" owner="BuiltIn">
<msg time="2024-07-30T13:18:15.909601" level="INFO">{'results': [{'gender': 'female', 'name': {'title': 'Ms', 'first': 'Tracy', 'last': 'Lowe'}, 'location': {'street': {'number': 8801, 'name': 'South Street'}, 'city': 'Ballinasloe', 'state': 'Meath', 'country': 'Ireland', 'postcode': 98826, 'coordinates': {'latitude': '-0.3022', 'longitude': '163.7802'}, 'timezone': {'offset': '-1:00', 'description': 'Azores, Cape Verde Islands'}}, 'email': 'tracy.lowe@example.com', 'login': {'uuid': 'f8e6eb1a-f943-4f4f-b63f-9e459ec42c1c', 'username': 'whitemouse926', 'password': 'chess', 'salt': 'Jql8r9nA', 'md5': '0d4af24cda689ad05ff14d4371afddfe', 'sha1': '43b283bb2001e23445b4c4d9f12f48b0fc22e3d1', 'sha256': '2111ef2bc9a075c01d61d24adaae32c74d20d76b507f91c4d46fd0dc56463101'}, 'dob': {'date': '1961-10-26T05:54:04.575Z', 'age': 62}, 'registered': {'date': '2009-08-06T12:59:33.974Z', 'age': 14}, 'phone': '071-731-8076', 'cell': '081-205-1113', 'id': {'name': 'PPS', 'value': '7217578T'}, 'picture': {'large': 'https://randomuser.me/api/portraits/women/58.jpg', 'medium': 'https://randomuser.me/api/portraits/med/women/58.jpg', 'thumbnail': 'https://randomuser.me/api/portraits/thumb/women/58.jpg'}, 'nat': 'IE'}], 'info': {'seed': '03fb7b64711ff44b', 'results': 1, 'page': 1, 'version': '1.4'}}</msg>
<arg>${json_data}</arg>
<doc>Logs the given message with the given level.</doc>
<status status="PASS" start="2024-07-30T13:18:15.909438" elapsed="0.000211"/>
</kw>
<kw name="Dictionary Should Contain Key" owner="Collections">
<arg>${json_data}</arg>
<arg>results</arg>
<doc>Fails if ``key`` is not found from ``dictionary``.</doc>
<status status="PASS" start="2024-07-30T13:18:15.909984" elapsed="0.000168"/>
</kw>
<kw name="Should Not Be Empty" owner="BuiltIn">
<msg time="2024-07-30T13:18:15.910462" level="INFO">Length is 2.</msg>
<arg>${json_data}</arg>
<doc>Verifies that the given item is not empty.</doc>
<status status="PASS" start="2024-07-30T13:18:15.910339" elapsed="0.000160"/>
</kw>
<kw name="Create List" owner="BuiltIn">
<msg time="2024-07-30T13:18:15.910942" level="INFO">${expected_keys} = ['gender', 'name', 'location', 'email', 'login']</msg>
<var>${expected_keys}</var>
<arg>gender</arg>
<arg>name</arg>
<arg>location</arg>
<arg>email</arg>
<arg>login</arg>
<doc>Returns a list containing given items.</doc>
<status status="PASS" start="2024-07-30T13:18:15.910789" elapsed="0.000177"/>
</kw>
<for flavor="IN">
<iter>
<kw name="Dictionary Should Contain Key" owner="Collections">
<arg>${json_data['results'][0]}</arg>
<arg>${key}</arg>
<doc>Fails if ``key`` is not found from ``dictionary``.</doc>
<status status="PASS" start="2024-07-30T13:18:15.911545" elapsed="0.000400"/>
</kw>
<kw name="Log" owner="BuiltIn">
<msg time="2024-07-30T13:18:15.912492" level="INFO">{'gender': 'female', 'name': {'title': 'Ms', 'first': 'Tracy', 'last': 'Lowe'}, 'location': {'street': {'number': 8801, 'name': 'South Street'}, 'city': 'Ballinasloe', 'state': 'Meath', 'country': 'Ireland', 'postcode': 98826, 'coordinates': {'latitude': '-0.3022', 'longitude': '163.7802'}, 'timezone': {'offset': '-1:00', 'description': 'Azores, Cape Verde Islands'}}, 'email': 'tracy.lowe@example.com', 'login': {'uuid': 'f8e6eb1a-f943-4f4f-b63f-9e459ec42c1c', 'username': 'whitemouse926', 'password': 'chess', 'salt': 'Jql8r9nA', 'md5': '0d4af24cda689ad05ff14d4371afddfe', 'sha1': '43b283bb2001e23445b4c4d9f12f48b0fc22e3d1', 'sha256': '2111ef2bc9a075c01d61d24adaae32c74d20d76b507f91c4d46fd0dc56463101'}, 'dob': {'date': '1961-10-26T05:54:04.575Z', 'age': 62}, 'registered': {'date': '2009-08-06T12:59:33.974Z', 'age': 14}, 'phone': '071-731-8076', 'cell': '081-205-1113', 'id': {'name': 'PPS', 'value': '7217578T'}, 'picture': {'large': 'https://randomuser.me/api/portraits/women/58.jpg', 'medium': 'https://randomuser.me/api/portraits/med/women/58.jpg', 'thumbnail': 'https://randomuser.me/api/portraits/thumb/women/58.jpg'}, 'nat': 'IE'}</msg>
<arg>${json_data['results'][0]}</arg>
<doc>Logs the given message with the given level.</doc>
<status status="PASS" start="2024-07-30T13:18:15.912136" elapsed="0.000414"/>
</kw>
<kw name="Log" owner="BuiltIn">
<msg time="2024-07-30T13:18:15.912976" level="INFO">gender</msg>
<arg>${key}</arg>
<doc>Logs the given message with the given level.</doc>
<status status="PASS" start="2024-07-30T13:18:15.912847" elapsed="0.000167"/>
</kw>
<var name="${key}">gender</var>
<status status="PASS" start="2024-07-30T13:18:15.911417" elapsed="0.001813"/>
</iter>
<iter>
<kw name="Dictionary Should Contain Key" owner="Collections">
<arg>${json_data['results'][0]}</arg>
<arg>${key}</arg>
<doc>Fails if ``key`` is not found from ``dictionary``.</doc>
<status status="PASS" start="2024-07-30T13:18:15.913524" elapsed="0.000401"/>
</kw>
<kw name="Log" owner="BuiltIn">
<msg time="2024-07-30T13:18:15.914470" level="INFO">{'gender': 'female', 'name': {'title': 'Ms', 'first': 'Tracy', 'last': 'Lowe'}, 'location': {'street': {'number': 8801, 'name': 'South Street'}, 'city': 'Ballinasloe', 'state': 'Meath', 'country': 'Ireland', 'postcode': 98826, 'coordinates': {'latitude': '-0.3022', 'longitude': '163.7802'}, 'timezone': {'offset': '-1:00', 'description': 'Azores, Cape Verde Islands'}}, 'email': 'tracy.lowe@example.com', 'login': {'uuid': 'f8e6eb1a-f943-4f4f-b63f-9e459ec42c1c', 'username': 'whitemouse926', 'password': 'chess', 'salt': 'Jql8r9nA', 'md5': '0d4af24cda689ad05ff14d4371afddfe', 'sha1': '43b283bb2001e23445b4c4d9f12f48b0fc22e3d1', 'sha256': '2111ef2bc9a075c01d61d24adaae32c74d20d76b507f91c4d46fd0dc56463101'}, 'dob': {'date': '1961-10-26T05:54:04.575Z', 'age': 62}, 'registered': {'date': '2009-08-06T12:59:33.974Z', 'age': 14}, 'phone': '071-731-8076', 'cell': '081-205-1113', 'id': {'name': 'PPS', 'value': '7217578T'}, 'picture': {'large': 'https://randomuser.me/api/portraits/women/58.jpg', 'medium': 'https://randomuser.me/api/portraits/med/women/58.jpg', 'thumbnail': 'https://randomuser.me/api/portraits/thumb/women/58.jpg'}, 'nat': 'IE'}</msg>
<arg>${json_data['results'][0]}</arg>
<doc>Logs the given message with the given level.</doc>
<status status="PASS" start="2024-07-30T13:18:15.914118" elapsed="0.000441"/>
</kw>
<kw name="Log" owner="BuiltIn">
<msg time="2024-07-30T13:18:15.914984" level="INFO">name</msg>
<arg>${key}</arg>
<doc>Logs the given message with the given level.</doc>
<status status="PASS" start="2024-07-30T13:18:15.914856" elapsed="0.000166"/>
</kw>
<var name="${key}">name</var>
<status status="PASS" start="2024-07-30T13:18:15.913412" elapsed="0.001837"/>
</iter>
<iter>
<kw name="Dictionary Should Contain Key" owner="Collections">
<arg>${json_data['results'][0]}</arg>
<arg>${key}</arg>
<doc>Fails if ``key`` is not found from ``dictionary``.</doc>
<status status="PASS" start="2024-07-30T13:18:15.915542" elapsed="0.000389"/>
</kw>
<kw name="Log" owner="BuiltIn">
<msg time="2024-07-30T13:18:15.916472" level="INFO">{'gender': 'female', 'name': {'title': 'Ms', 'first': 'Tracy', 'last': 'Lowe'}, 'location': {'street': {'number': 8801, 'name': 'South Street'}, 'city': 'Ballinasloe', 'state': 'Meath', 'country': 'Ireland', 'postcode': 98826, 'coordinates': {'latitude': '-0.3022', 'longitude': '163.7802'}, 'timezone': {'offset': '-1:00', 'description': 'Azores, Cape Verde Islands'}}, 'email': 'tracy.lowe@example.com', 'login': {'uuid': 'f8e6eb1a-f943-4f4f-b63f-9e459ec42c1c', 'username': 'whitemouse926', 'password': 'chess', 'salt': 'Jql8r9nA', 'md5': '0d4af24cda689ad05ff14d4371afddfe', 'sha1': '43b283bb2001e23445b4c4d9f12f48b0fc22e3d1', 'sha256': '2111ef2bc9a075c01d61d24adaae32c74d20d76b507f91c4d46fd0dc56463101'}, 'dob': {'date': '1961-10-26T05:54:04.575Z', 'age': 62}, 'registered': {'date': '2009-08-06T12:59:33.974Z', 'age': 14}, 'phone': '071-731-8076', 'cell': '081-205-1113', 'id': {'name': 'PPS', 'value': '7217578T'}, 'picture': {'large': 'https://randomuser.me/api/portraits/women/58.jpg', 'medium': 'https://randomuser.me/api/portraits/med/women/58.jpg', 'thumbnail': 'https://randomuser.me/api/portraits/thumb/women/58.jpg'}, 'nat': 'IE'}</msg>
<arg>${json_data['results'][0]}</arg>
<doc>Logs the given message with the given level.</doc>
<status status="PASS" start="2024-07-30T13:18:15.916122" elapsed="0.000397"/>
</kw>
<kw name="Log" owner="BuiltIn">
<msg time="2024-07-30T13:18:15.916939" level="INFO">location</msg>
<arg>${key}</arg>
<doc>Logs the given message with the given level.</doc>
<status status="PASS" start="2024-07-30T13:18:15.916813" elapsed="0.000164"/>
</kw>
<var name="${key}">location</var>
<status status="PASS" start="2024-07-30T13:18:15.915433" elapsed="0.001772"/>
</iter>
<iter>
<kw name="Dictionary Should Contain Key" owner="Collections">
<arg>${json_data['results'][0]}</arg>
<arg>${key}</arg>
<doc>Fails if ``key`` is not found from ``dictionary``.</doc>
<status status="PASS" start="2024-07-30T13:18:15.917485" elapsed="0.000407"/>
</kw>
<kw name="Log" owner="BuiltIn">
<msg time="2024-07-30T13:18:15.918558" level="INFO">{'gender': 'female', 'name': {'title': 'Ms', 'first': 'Tracy', 'last': 'Lowe'}, 'location': {'street': {'number': 8801, 'name': 'South Street'}, 'city': 'Ballinasloe', 'state': 'Meath', 'country': 'Ireland', 'postcode': 98826, 'coordinates': {'latitude': '-0.3022', 'longitude': '163.7802'}, 'timezone': {'offset': '-1:00', 'description': 'Azores, Cape Verde Islands'}}, 'email': 'tracy.lowe@example.com', 'login': {'uuid': 'f8e6eb1a-f943-4f4f-b63f-9e459ec42c1c', 'username': 'whitemouse926', 'password': 'chess', 'salt': 'Jql8r9nA', 'md5': '0d4af24cda689ad05ff14d4371afddfe', 'sha1': '43b283bb2001e23445b4c4d9f12f48b0fc22e3d1', 'sha256': '2111ef2bc9a075c01d61d24adaae32c74d20d76b507f91c4d46fd0dc56463101'}, 'dob': {'date': '1961-10-26T05:54:04.575Z', 'age': 62}, 'registered': {'date': '2009-08-06T12:59:33.974Z', 'age': 14}, 'phone': '071-731-8076', 'cell': '081-205-1113', 'id': {'name': 'PPS', 'value': '7217578T'}, 'picture': {'large': 'https://randomuser.me/api/portraits/women/58.jpg', 'medium': 'https://randomuser.me/api/portraits/med/women/58.jpg', 'thumbnail': 'https://randomuser.me/api/portraits/thumb/women/58.jpg'}, 'nat': 'IE'}</msg>
<arg>${json_data['results'][0]}</arg>
<doc>Logs the given message with the given level.</doc>
<status status="PASS" start="2024-07-30T13:18:15.918204" elapsed="0.000403"/>
</kw>
<kw name="Log" owner="BuiltIn">
<msg time="2024-07-30T13:18:15.919037" level="INFO">email</msg>
<arg>${key}</arg>
<doc>Logs the given message with the given level.</doc>
<status status="PASS" start="2024-07-30T13:18:15.918907" elapsed="0.000169"/>
</kw>
<var name="${key}">email</var>
<status status="PASS" start="2024-07-30T13:18:15.917376" elapsed="0.001916"/>
</iter>
<iter>
<kw name="Dictionary Should Contain Key" owner="Collections">
<arg>${json_data['results'][0]}</arg>
<arg>${key}</arg>
<doc>Fails if ``key`` is not found from ``dictionary``.</doc>
<status status="PASS" start="2024-07-30T13:18:15.919575" elapsed="0.000378"/>
</kw>
<kw name="Log" owner="BuiltIn">
<msg time="2024-07-30T13:18:15.920488" level="INFO">{'gender': 'female', 'name': {'title': 'Ms', 'first': 'Tracy', 'last': 'Lowe'}, 'location': {'street': {'number': 8801, 'name': 'South Street'}, 'city': 'Ballinasloe', 'state': 'Meath', 'country': 'Ireland', 'postcode': 98826, 'coordinates': {'latitude': '-0.3022', 'longitude': '163.7802'}, 'timezone': {'offset': '-1:00', 'description': 'Azores, Cape Verde Islands'}}, 'email': 'tracy.lowe@example.com', 'login': {'uuid': 'f8e6eb1a-f943-4f4f-b63f-9e459ec42c1c', 'username': 'whitemouse926', 'password': 'chess', 'salt': 'Jql8r9nA', 'md5': '0d4af24cda689ad05ff14d4371afddfe', 'sha1': '43b283bb2001e23445b4c4d9f12f48b0fc22e3d1', 'sha256': '2111ef2bc9a075c01d61d24adaae32c74d20d76b507f91c4d46fd0dc56463101'}, 'dob': {'date': '1961-10-26T05:54:04.575Z', 'age': 62}, 'registered': {'date': '2009-08-06T12:59:33.974Z', 'age': 14}, 'phone': '071-731-8076', 'cell': '081-205-1113', 'id': {'name': 'PPS', 'value': '7217578T'}, 'picture': {'large': 'https://randomuser.me/api/portraits/women/58.jpg', 'medium': 'https://randomuser.me/api/portraits/med/women/58.jpg', 'thumbnail': 'https://randomuser.me/api/portraits/thumb/women/58.jpg'}, 'nat': 'IE'}</msg>
<arg>${json_data['results'][0]}</arg>
<doc>Logs the given message with the given level.</doc>
<status status="PASS" start="2024-07-30T13:18:15.920137" elapsed="0.000408"/>
</kw>
<kw name="Log" owner="BuiltIn">
<msg time="2024-07-30T13:18:15.920965" level="INFO">login</msg>
<arg>${key}</arg>
<doc>Logs the given message with the given level.</doc>
<status status="PASS" start="2024-07-30T13:18:15.920837" elapsed="0.000165"/>
</kw>
<var name="${key}">login</var>
<status status="PASS" start="2024-07-30T13:18:15.919466" elapsed="0.001750"/>
</iter>
<var>${key}</var>
<value>@{expected_keys}</value>
<status status="PASS" start="2024-07-30T13:18:15.911227" elapsed="0.010111"/>
</for>
<kw name="Create List" owner="BuiltIn">
<msg time="2024-07-30T13:18:15.921665" level="INFO">${expected_keysTwo} = ['username', 'password']</msg>
<var>${expected_keysTwo}</var>
<arg>username</arg>
<arg>password</arg>
<doc>Returns a list containing given items.</doc>
<status status="PASS" start="2024-07-30T13:18:15.921530" elapsed="0.000159"/>
</kw>
<for flavor="IN">
<iter>
<kw name="Dictionary Should Contain Key" owner="Collections">
<arg>${json_data['results'][0]['login']}</arg>
<arg>${keyTwo}</arg>
<doc>Fails if ``key`` is not found from ``dictionary``.</doc>
<status status="PASS" start="2024-07-30T13:18:15.922249" elapsed="0.000386"/>
</kw>
<kw name="Dictionary Should Contain Key" owner="Collections">
<arg>${json_data['results'][0]['login']}</arg>
<arg>${keyTwo}</arg>
<doc>Fails if ``key`` is not found from ``dictionary``.</doc>
<status status="PASS" start="2024-07-30T13:18:15.922820" elapsed="0.000381"/>
</kw>
<kw name="Log" owner="BuiltIn">
<msg time="2024-07-30T13:18:15.923502" level="INFO">username</msg>
<arg>${keyTwo}</arg>
<doc>Logs the given message with the given level.</doc>
<status status="PASS" start="2024-07-30T13:18:15.923381" elapsed="0.000159"/>
</kw>
<var name="${keyTwo}">username</var>
<status status="PASS" start="2024-07-30T13:18:15.922140" elapsed="0.001621"/>
</iter>
<iter>
<kw name="Dictionary Should Contain Key" owner="Collections">
<arg>${json_data['results'][0]['login']}</arg>
<arg>${keyTwo}</arg>
<doc>Fails if ``key`` is not found from ``dictionary``.</doc>
<status status="PASS" start="2024-07-30T13:18:15.924049" elapsed="0.000379"/>
</kw>
<kw name="Dictionary Should Contain Key" owner="Collections">
<arg>${json_data['results'][0]['login']}</arg>
<arg>${keyTwo}</arg>
<doc>Fails if ``key`` is not found from ``dictionary``.</doc>
<status status="PASS" start="2024-07-30T13:18:15.924610" elapsed="0.000385"/>
</kw>
<kw name="Log" owner="BuiltIn">
<msg time="2024-07-30T13:18:15.925306" level="INFO">password</msg>
<arg>${keyTwo}</arg>
<doc>Logs the given message with the given level.</doc>
<status status="PASS" start="2024-07-30T13:18:15.925175" elapsed="0.000169"/>
</kw>
<var name="${keyTwo}">password</var>
<status status="PASS" start="2024-07-30T13:18:15.923935" elapsed="0.001632"/>
</iter>
<var>${keyTwo}</var>
<value>@{expected_keysTwo}</value>
<status status="PASS" start="2024-07-30T13:18:15.921977" elapsed="0.003714"/>
</for>
<status status="PASS" start="2024-07-30T13:18:15.781786" elapsed="0.144047"/>
</kw>
<doc>Testa a estrutura da resposta da API.</doc>
<tag>testeEstruturaResposta</tag>
<status status="PASS" start="2024-07-30T13:18:15.781243" elapsed="0.144801"/>
</test>
<test id="s1-s1-t4" name="Validar tipos de dados" line="28">
<kw name="Teste de Tipos de Dados" owner="random-user-service">
<kw name="GET On Session" owner="RequestsLibrary">
<msg time="2024-07-30T13:18:16.045643" level="INFO">GET Request : url=https://randomuser.me/api 
 path_url=/api 
 headers={'User-Agent': 'python-requests/2.32.3', 'Accept-Encoding': 'gzip, deflate', 'Accept': '*/*', 'Connection': 'keep-alive'} 
 body=None 
 </msg>
<msg time="2024-07-30T13:18:16.045735" level="INFO">GET Response : url=https://randomuser.me/api 
 status=200, reason=OK 
 headers={'Date': 'Tue, 30 Jul 2024 13:18:16 GMT', 'Content-Type': 'application/json; charset=utf-8', 'Transfer-Encoding': 'chunked', 'Connection': 'keep-alive', 'X-Powered-By': 'Express', 'Access-Control-Allow-Origin': '*', 'Cache-Control': 'no-cache', 'ETag': 'W/"49f-6rAn9koactxdxa6tkMnn+2jrp04"', 'Vary': 'Accept-Encoding', 'Content-Encoding': 'gzip', 'CF-Cache-Status': 'DYNAMIC', 'Report-To': '{"endpoints":[{"url":"https:\\/\\/a.nel.cloudflare.com\\/report\\/v4?s=wJ4ysKN%2Ff%2FjhnCsKSlYEbGHCkxATFp%2BqLZ%2FrDMvo1Jqf9aZDSoliQXThTEyLoq4vhH8fQqFfSgf4Oh07U1z%2Fi7cPeT1xjJE5cj5A9bFEoRiD%2BUvBA8JnEpGckVPJWXtw"}],"group":"cf-nel","max_age":604800}', 'NEL': '{"success_fraction":0,"report_to":"cf-nel","max_age":604800}', 'Server': 'cloudflare', 'CF-RAY': '8ab5a2359a7805dc-IAD', 'alt-svc': 'h3=":443"; ma=86400'} 
 body={"results":[{"gender":"female","name":{"title":"Miss","first":"Alexis","last":"Williams"},"location":{"street":{"number":3331,"name":"Cambridge Terrace"},"city":"Auckland","state":"West Coast","country":"New Zealand","postcode":68784,"coordinates":{"latitude":"54.6938","longitude":"110.3625"},"timezone":{"offset":"+1:00","description":"Brussels, Copenhagen, Madrid, Paris"}},"email":"alexis.williams@example.com","login":{"uuid":"0e07510f-ace4-4ce9-af6c-a51728977749","username":"silverostrich428","password":"helium","salt":"W5qU5K69","md5":"ef7b9d88286a5e5d74d826401013b3b7","sha1":"665a9f91e695d65e2e18de0f704801ae81d899d1","sha256":"409fdb532806f7cec9fa89f41bbd300befeae9887da8d24f50d33ebb0620491e"},"dob":{"date":"1950-09-24T18:38:10.453Z","age":73},"registered":{"date":"2011-10-01T03:01:38.189Z","age":12},"phone":"(554)-442-5665","cell":"(964)-185-9055","id":{"name":"","value":null},"picture":{"large":"https://randomuser.me/api/portraits/women/13.jpg","medium":"https://randomuser.me/api/portraits/med/women/13.jpg","thumbnail":"https://randomuser.me/api/portraits/thumb/women/13.jpg"},"nat":"NZ"}],"info":{"seed":"022634e3ae6baa6b","results":1,"page":1,"version":"1.4"}} 
 </msg>
<msg time="2024-07-30T13:18:16.045819" level="INFO">/opt/hostedtoolcache/Python/3.12.4/x64/lib/python3.12/site-packages/urllib3/connectionpool.py:1099: InsecureRequestWarning: Unverified HTTPS request is being made to host 'randomuser.me'. Adding certificate verification is strongly advised. See: https://urllib3.readthedocs.io/en/latest/advanced-usage.html#tls-warnings
  warnings.warn(</msg>
<msg time="2024-07-30T13:18:16.045993" level="INFO">${response} = &lt;Response [200]&gt;</msg>
<var>${response}</var>
<arg>consultarAPI</arg>
<arg>/api</arg>
<doc>Sends a GET request on a previously created HTTP Session.</doc>
<status status="PASS" start="2024-07-30T13:18:15.928470" elapsed="0.117573"/>
</kw>
<kw name="Set Variable" owner="BuiltIn">
<msg time="2024-07-30T13:18:16.046947" level="INFO">${json_data} = {'results': [{'gender': 'female', 'name': {'title': 'Miss', 'first': 'Alexis', 'last': 'Williams'}, 'location': {'street': {'number': 3331, 'name': 'Cambridge Terrace'}, 'city': 'Auckland', 'state': '...</msg>
<var>${json_data}</var>
<arg>${response.json()}</arg>
<doc>Returns the given values which can then be assigned to a variables.</doc>
<status status="PASS" start="2024-07-30T13:18:16.046456" elapsed="0.000522"/>
</kw>
<kw name="Log" owner="BuiltIn">
<msg time="2024-07-30T13:18:16.047447" level="INFO">{'results': [{'gender': 'female', 'name': {'title': 'Miss', 'first': 'Alexis', 'last': 'Williams'}, 'location': {'street': {'number': 3331, 'name': 'Cambridge Terrace'}, 'city': 'Auckland', 'state': 'West Coast', 'country': 'New Zealand', 'postcode': 68784, 'coordinates': {'latitude': '54.6938', 'longitude': '110.3625'}, 'timezone': {'offset': '+1:00', 'description': 'Brussels, Copenhagen, Madrid, Paris'}}, 'email': 'alexis.williams@example.com', 'login': {'uuid': '0e07510f-ace4-4ce9-af6c-a51728977749', 'username': 'silverostrich428', 'password': 'helium', 'salt': 'W5qU5K69', 'md5': 'ef7b9d88286a5e5d74d826401013b3b7', 'sha1': '665a9f91e695d65e2e18de0f704801ae81d899d1', 'sha256': '409fdb532806f7cec9fa89f41bbd300befeae9887da8d24f50d33ebb0620491e'}, 'dob': {'date': '1950-09-24T18:38:10.453Z', 'age': 73}, 'registered': {'date': '2011-10-01T03:01:38.189Z', 'age': 12}, 'phone': '(554)-442-5665', 'cell': '(964)-185-9055', 'id': {'name': '', 'value': None}, 'picture': {'large': 'https://randomuser.me/api/portraits/women/13.jpg', 'medium': 'https://randomuser.me/api/portraits/med/women/13.jpg', 'thumbnail': 'https://randomuser.me/api/portraits/thumb/women/13.jpg'}, 'nat': 'NZ'}], 'info': {'seed': '022634e3ae6baa6b', 'results': 1, 'page': 1, 'version': '1.4'}}</msg>
<arg>${json_data}</arg>
<doc>Logs the given message with the given level.</doc>
<status status="PASS" start="2024-07-30T13:18:16.047290" elapsed="0.000206"/>
</kw>
<kw name="Should Be String" owner="String">
<arg>${json_data['results'][0]['gender']}</arg>
<doc>Fails if the given ``item`` is not a string.</doc>
<status status="PASS" start="2024-07-30T13:18:16.047793" elapsed="0.000374"/>
</kw>
<kw name="Should Match Regexp" owner="BuiltIn">
<arg>${json_data['results'][0]['email']}</arg>
<arg>^[a-zA-Z0-9._%+-]+@[a-zA-Z0-9.-]+\.[a-zA-Z]{2,}$</arg>
<doc>Fails if ``string`` does not match ``pattern`` as a regular expression.</doc>
<status status="PASS" start="2024-07-30T13:18:16.048364" elapsed="0.000527"/>
</kw>
<kw name="Should Match Regexp" owner="BuiltIn">
<arg>${json_data['results'][0]['dob']['date']}</arg>
<arg>\\d{4}-\\d{2}-\\d{2}T\\d{2}:\\d{2}:\\d{2}\\.\\d{3}Z</arg>
<doc>Fails if ``string`` does not match ``pattern`` as a regular expression.</doc>
<status status="PASS" start="2024-07-30T13:18:16.049127" elapsed="0.000607"/>
</kw>
<kw name="Should Match Regexp" owner="BuiltIn">
<arg>${json_data['results'][0]['registered']['date']}</arg>
<arg>\\d{4}-\\d{2}-\\d{2}T\\d{2}:\\d{2}:\\d{2}\\.\\d{3}Z</arg>
<doc>Fails if ``string`` does not match ``pattern`` as a regular expression.</doc>
<status status="PASS" start="2024-07-30T13:18:16.049958" elapsed="0.000394"/>
</kw>
<kw name="Should Match Regexp" owner="BuiltIn">
<arg>${json_data['results'][0]['picture']['large']}</arg>
<arg>^https?://.*\.(?:png|jpe?g|gif|bmp)$</arg>
<doc>Fails if ``string`` does not match ``pattern`` as a regular expression.</doc>
<status status="PASS" start="2024-07-30T13:18:16.050541" elapsed="0.000467"/>
</kw>
<kw name="Should Match Regexp" owner="BuiltIn">
<arg>${json_data['results'][0]['picture']['medium']}</arg>
<arg>^https?://.*\.(?:png|jpe?g|gif|bmp)$</arg>
<doc>Fails if ``string`` does not match ``pattern`` as a regular expression.</doc>
<status status="PASS" start="2024-07-30T13:18:16.051200" elapsed="0.000358"/>
</kw>
<kw name="Should Match Regexp" owner="BuiltIn">
<arg>${json_data['results'][0]['picture']['thumbnail']}</arg>
<arg>^https?://.*\.(?:png|jpe?g|gif|bmp)$</arg>
<doc>Fails if ``string`` does not match ``pattern`` as a regular expression.</doc>
<status status="PASS" start="2024-07-30T13:18:16.051745" elapsed="0.000354"/>
</kw>
<kw name="Log" owner="BuiltIn">
<msg time="2024-07-30T13:18:16.052609" level="INFO">{'large': 'https://randomuser.me/api/portraits/women/13.jpg', 'medium': 'https://randomuser.me/api/portraits/med/women/13.jpg', 'thumbnail': 'https://randomuser.me/api/portraits/thumb/women/13.jpg'}</msg>
<arg>${json_data['results'][0]['picture']}</arg>
<doc>Logs the given message with the given level.</doc>
<status status="PASS" start="2024-07-30T13:18:16.052280" elapsed="0.000373"/>
</kw>
<status status="PASS" start="2024-07-30T13:18:15.928243" elapsed="0.124669"/>
</kw>
<kw name="Teste de Tipos de Dados - Postcode" owner="random-user-service">
<kw name="GET On Session" owner="RequestsLibrary">
<msg time="2024-07-30T13:18:16.155319" level="INFO">GET Request : url=https://randomuser.me/api 
 path_url=/api 
 headers={'User-Agent': 'python-requests/2.32.3', 'Accept-Encoding': 'gzip, deflate', 'Accept': '*/*', 'Connection': 'keep-alive'} 
 body=None 
 </msg>
<msg time="2024-07-30T13:18:16.155387" level="INFO">GET Response : url=https://randomuser.me/api 
 status=200, reason=OK 
 headers={'Date': 'Tue, 30 Jul 2024 13:18:16 GMT', 'Content-Type': 'application/json; charset=utf-8', 'Transfer-Encoding': 'chunked', 'Connection': 'keep-alive', 'X-Powered-By': 'Express', 'Access-Control-Allow-Origin': '*', 'Cache-Control': 'no-cache', 'ETag': 'W/"496-d8YLeAXid+vKvEvwFr4iVfM45ss"', 'Vary': 'Accept-Encoding', 'Content-Encoding': 'gzip', 'CF-Cache-Status': 'DYNAMIC', 'Report-To': '{"endpoints":[{"url":"https:\\/\\/a.nel.cloudflare.com\\/report\\/v4?s=EVn6Lx38qRxNXXFwdP5SOjwyZBySRe1YNCHEXunmmiO6So7d8GRFuU1bKQeznulxFS%2FgXm%2FCp34EBYGyD4a5oNRWLi5Eqwpz4AcrqKV5Bgb%2B0a6NCsUawpyo5ihH82Y3"}],"group":"cf-nel","max_age":604800}', 'NEL': '{"success_fraction":0,"report_to":"cf-nel","max_age":604800}', 'Server': 'cloudflare', 'CF-RAY': '8ab5a2365b9a05dc-IAD', 'alt-svc': 'h3=":443"; ma=86400'} 
 body={"results":[{"gender":"male","name":{"title":"Mr","first":"Harish","last":"Mardhekar"},"location":{"street":{"number":3900,"name":"Bandstand Promenade"},"city":"Anantapuram","state":"Jharkhand","country":"India","postcode":34077,"coordinates":{"latitude":"8.7061","longitude":"-120.1394"},"timezone":{"offset":"-1:00","description":"Azores, Cape Verde Islands"}},"email":"harish.mardhekar@example.com","login":{"uuid":"67660174-8e5f-4f65-9ed6-8e90c99ef795","username":"ticklishgorilla598","password":"uncencored","salt":"H5w99zvM","md5":"f150f818c8070bdc8fbb72a01500239a","sha1":"d48c000f9d615cc06028534fb9016aafda142c9d","sha256":"9389d8d4b83794d34f3230d13e55f2f50b3417a311fb4c0d66ebcc2225f279d1"},"dob":{"date":"1997-03-31T03:23:51.588Z","age":27},"registered":{"date":"2014-06-29T06:31:59.669Z","age":10},"phone":"9559945340","cell":"9716261699","id":{"name":"UIDAI","value":"417498251308"},"picture":{"large":"https://randomuser.me/api/portraits/men/5.jpg","medium":"https://randomuser.me/api/portraits/med/men/5.jpg","thumbnail":"https://randomuser.me/api/portraits/thumb/men/5.jpg"},"nat":"IN"}],"info":{"seed":"0ce9239f2c8cc156","results":1,"page":1,"version":"1.4"}} 
 </msg>
<msg time="2024-07-30T13:18:16.155447" level="INFO">/opt/hostedtoolcache/Python/3.12.4/x64/lib/python3.12/site-packages/urllib3/connectionpool.py:1099: InsecureRequestWarning: Unverified HTTPS request is being made to host 'randomuser.me'. Adding certificate verification is strongly advised. See: https://urllib3.readthedocs.io/en/latest/advanced-usage.html#tls-warnings
  warnings.warn(</msg>
<msg time="2024-07-30T13:18:16.155557" level="INFO">${response} = &lt;Response [200]&gt;</msg>
<var>${response}</var>
<arg>consultarAPI</arg>
<arg>/api</arg>
<doc>Sends a GET request on a previously created HTTP Session.</doc>
<status status="PASS" start="2024-07-30T13:18:16.053357" elapsed="0.102240"/>
</kw>
<kw name="Set Variable" owner="BuiltIn">
<msg time="2024-07-30T13:18:16.156491" level="INFO">${json_data} = {'results': [{'gender': 'male', 'name': {'title': 'Mr', 'first': 'Harish', 'last': 'Mardhekar'}, 'location': {'street': {'number': 3900, 'name': 'Bandstand Promenade'}, 'city': 'Anantapuram', 'state':...</msg>
<var>${json_data}</var>
<arg>${response.json()}</arg>
<doc>Returns the given values which can then be assigned to a variables.</doc>
<status status="PASS" start="2024-07-30T13:18:16.156045" elapsed="0.000474"/>
</kw>
<kw name="Log" owner="BuiltIn">
<msg time="2024-07-30T13:18:16.156974" level="INFO">{'results': [{'gender': 'male', 'name': {'title': 'Mr', 'first': 'Harish', 'last': 'Mardhekar'}, 'location': {'street': {'number': 3900, 'name': 'Bandstand Promenade'}, 'city': 'Anantapuram', 'state': 'Jharkhand', 'country': 'India', 'postcode': 34077, 'coordinates': {'latitude': '8.7061', 'longitude': '-120.1394'}, 'timezone': {'offset': '-1:00', 'description': 'Azores, Cape Verde Islands'}}, 'email': 'harish.mardhekar@example.com', 'login': {'uuid': '67660174-8e5f-4f65-9ed6-8e90c99ef795', 'username': 'ticklishgorilla598', 'password': 'uncencored', 'salt': 'H5w99zvM', 'md5': 'f150f818c8070bdc8fbb72a01500239a', 'sha1': 'd48c000f9d615cc06028534fb9016aafda142c9d', 'sha256': '9389d8d4b83794d34f3230d13e55f2f50b3417a311fb4c0d66ebcc2225f279d1'}, 'dob': {'date': '1997-03-31T03:23:51.588Z', 'age': 27}, 'registered': {'date': '2014-06-29T06:31:59.669Z', 'age': 10}, 'phone': '9559945340', 'cell': '9716261699', 'id': {'name': 'UIDAI', 'value': '417498251308'}, 'picture': {'large': 'https://randomuser.me/api/portraits/men/5.jpg', 'medium': 'https://randomuser.me/api/portraits/med/men/5.jpg', 'thumbnail': 'https://randomuser.me/api/portraits/thumb/men/5.jpg'}, 'nat': 'IN'}], 'info': {'seed': '0ce9239f2c8cc156', 'results': 1, 'page': 1, 'version': '1.4'}}</msg>
<arg>${json_data}</arg>
<doc>Logs the given message with the given level.</doc>
<status status="PASS" start="2024-07-30T13:18:16.156821" elapsed="0.000209"/>
</kw>
<kw name="Should Be Equal As Numbers" owner="BuiltIn">
<arg>${json_data['results'][0]['location']['postcode']}</arg>
<arg>${json_data['results'][0]['location']['postcode']}</arg>
<doc>Fails if objects are unequal after converting them to real numbers.</doc>
<status status="PASS" start="2024-07-30T13:18:16.157334" elapsed="0.000654"/>
</kw>
<kw name="Log" owner="BuiltIn">
<msg time="2024-07-30T13:18:16.158532" level="INFO">34077</msg>
<arg>${json_data['results'][0]['location']['postcode']}</arg>
<doc>Logs the given message with the given level.</doc>
<status status="PASS" start="2024-07-30T13:18:16.158193" elapsed="0.000379"/>
</kw>
<status status="PASS" start="2024-07-30T13:18:16.053129" elapsed="0.105723"/>
</kw>
<doc>Testa se os tipos de dados na resposta da API estão corretos.</doc>
<tag>testeTiposDados</tag>
<status status="PASS" start="2024-07-30T13:18:15.927782" elapsed="0.231234"/>
</test>
<test id="s1-s1-t5" name="Validar conteudo" line="35">
<kw name="Teste de Tipos de Conteudo" owner="random-user-service">
<kw name="GET On Session" owner="RequestsLibrary">
<msg time="2024-07-30T13:18:16.241648" level="INFO">GET Request : url=https://randomuser.me/api 
 path_url=/api 
 headers={'User-Agent': 'python-requests/2.32.3', 'Accept-Encoding': 'gzip, deflate', 'Accept': '*/*', 'Connection': 'keep-alive'} 
 body=None 
 </msg>
<msg time="2024-07-30T13:18:16.241751" level="INFO">GET Response : url=https://randomuser.me/api 
 status=200, reason=OK 
 headers={'Date': 'Tue, 30 Jul 2024 13:18:16 GMT', 'Content-Type': 'application/json; charset=utf-8', 'Transfer-Encoding': 'chunked', 'Connection': 'keep-alive', 'X-Powered-By': 'Express', 'Access-Control-Allow-Origin': '*', 'Cache-Control': 'no-cache', 'ETag': 'W/"49c-/5/+I/v00Ej8CB4Zrxk+Zj9tFvk"', 'Vary': 'Accept-Encoding', 'Content-Encoding': 'gzip', 'CF-Cache-Status': 'DYNAMIC', 'Report-To': '{"endpoints":[{"url":"https:\\/\\/a.nel.cloudflare.com\\/report\\/v4?s=TLeXfCocOaucz8upzjreS6WsH2EaqmSvoh8oABRj6WOQSsgplF51MmrdwhXT3XfLTt0Oa2k6SrANuGwFrHsP%2FbkysybQE9%2B2eu0JVvmG2W0U1p7QeeIU2wRWQJArztT6"}],"group":"cf-nel","max_age":604800}', 'NEL': '{"success_fraction":0,"report_to":"cf-nel","max_age":604800}', 'Server': 'cloudflare', 'CF-RAY': '8ab5a2370c2605dc-IAD', 'alt-svc': 'h3=":443"; ma=86400'} 
 body={"results":[{"gender":"male","name":{"title":"Mr","first":"Cristóbal","last":"Suarez"},"location":{"street":{"number":2731,"name":"Calle del Pez"},"city":"San Sebastián","state":"Andalucía","country":"Spain","postcode":55814,"coordinates":{"latitude":"-37.5339","longitude":"-102.0060"},"timezone":{"offset":"+11:00","description":"Magadan, Solomon Islands, New Caledonia"}},"email":"cristobal.suarez@example.com","login":{"uuid":"3ef4db08-329a-43b2-9757-fed4b5b54653","username":"greenladybug964","password":"june","salt":"njMOpQi1","md5":"df795b6996650809c55a3f92f91f4e83","sha1":"7988c9dc473fa5beb91430f269cfa9f4c7a2f97b","sha256":"6d342ad7b2b9cf0e6ca8332a7557290f28d1a76737c1be08bb8e939982af5b73"},"dob":{"date":"1995-10-03T02:34:29.179Z","age":28},"registered":{"date":"2019-06-20T00:19:10.913Z","age":5},"phone":"973-732-332","cell":"695-917-827","id":{"name":"DNI","value":"43146788-A"},"picture":{"large":"https://randomuser.me/api/portraits/men/27.jpg","medium":"https://randomuser.me/api/portraits/med/men/27.jpg","thumbnail":"https://randomuser.me/api/portraits/thumb/men/27.jpg"},"nat":"ES"}],"info":{"seed":"4423dea6dfb79097","results":1,"page":1,"version":"1.4"}} 
 </msg>
<msg time="2024-07-30T13:18:16.241836" level="INFO">/opt/hostedtoolcache/Python/3.12.4/x64/lib/python3.12/site-packages/urllib3/connectionpool.py:1099: InsecureRequestWarning: Unverified HTTPS request is being made to host 'randomuser.me'. Adding certificate verification is strongly advised. See: https://urllib3.readthedocs.io/en/latest/advanced-usage.html#tls-warnings
  warnings.warn(</msg>
<msg time="2024-07-30T13:18:16.241999" level="INFO">${response} = &lt;Response [200]&gt;</msg>
<var>${response}</var>
<arg>consultarAPI</arg>
<arg>/api</arg>
<doc>Sends a GET request on a previously created HTTP Session.</doc>
<status status="PASS" start="2024-07-30T13:18:16.162271" elapsed="0.079771"/>
</kw>
<kw name="Set Variable" owner="BuiltIn">
<msg time="2024-07-30T13:18:16.243093" level="INFO">${json_data} = {'results': [{'gender': 'male', 'name': {'title': 'Mr', 'first': 'Cristóbal', 'last': 'Suarez'}, 'location': {'street': {'number': 2731, 'name': 'Calle del Pez'}, 'city': 'San Sebastián', 'state': 'An...</msg>
<var>${json_data}</var>
<arg>${response.json()}</arg>
<doc>Returns the given values which can then be assigned to a variables.</doc>
<status status="PASS" start="2024-07-30T13:18:16.242577" elapsed="0.000546"/>
</kw>
<kw name="Set Variable" owner="BuiltIn">
<msg time="2024-07-30T13:18:16.243828" level="INFO">${name_title} = Mr</msg>
<var>${name_title}</var>
<arg>${json_data["results"][0]["name"]["title"]}</arg>
<doc>Returns the given values which can then be assigned to a variables.</doc>
<status status="PASS" start="2024-07-30T13:18:16.243437" elapsed="0.000416"/>
</kw>
<kw name="Create List" owner="BuiltIn">
<msg time="2024-07-30T13:18:16.244302" level="INFO">${allowed_titles} = ['Mr', 'Ms', 'Miss', 'Mrs', 'Madame', 'Monsieur']</msg>
<var>${allowed_titles}</var>
<arg>Mr</arg>
<arg>Ms</arg>
<arg>Miss</arg>
<arg>Mrs</arg>
<arg>Madame</arg>
<arg>Monsieur</arg>
<doc>Returns a list containing given items.</doc>
<status status="PASS" start="2024-07-30T13:18:16.244152" elapsed="0.000191"/>
</kw>
<kw name="List Should Contain Value" owner="Collections">
<arg>${allowed_titles}</arg>
<arg>${name_title}</arg>
<doc>Fails if the ``value`` is not found from ``list``.</doc>
<status status="PASS" start="2024-07-30T13:18:16.244654" elapsed="0.000183"/>
</kw>
<kw name="Set Variable" owner="BuiltIn">
<msg time="2024-07-30T13:18:16.245394" level="INFO">${name_country} = ES</msg>
<var>${name_country}</var>
<arg>${json_data["results"][0]["nat"]}</arg>
<doc>Returns the given values which can then be assigned to a variables.</doc>
<status status="PASS" start="2024-07-30T13:18:16.245018" elapsed="0.000401"/>
</kw>
<kw name="Create List" owner="BuiltIn">
<msg time="2024-07-30T13:18:16.246331" level="INFO">${list_country} = ['AD', 'AE', 'AF', 'AG', 'AI', 'AL', 'AM', 'AO', 'AQ', 'AR', 'AS', 'AT', 'AU', 'AW', 'AX', 'AZ', 'BA', 'BB', 'BD', 'BE', 'BF', 'BG', 'BH', 'BI', 'BJ', 'BL', 'BM', 'BN', 'BO', 'BQ', 'BR', 'BS', 'BT', '...</msg>
<var>${list_country}</var>
<arg>AD</arg>
<arg>AE</arg>
<arg>AF</arg>
<arg>AG</arg>
<arg>AI</arg>
<arg>AL</arg>
<arg>AM</arg>
<arg>AO</arg>
<arg>AQ</arg>
<arg>AR</arg>
<arg>AS</arg>
<arg>AT</arg>
<arg>AU</arg>
<arg>AW</arg>
<arg>AX</arg>
<arg>AZ</arg>
<arg>BA</arg>
<arg>BB</arg>
<arg>BD</arg>
<arg>BE</arg>
<arg>BF</arg>
<arg>BG</arg>
<arg>BH</arg>
<arg>BI</arg>
<arg>BJ</arg>
<arg>BL</arg>
<arg>BM</arg>
<arg>BN</arg>
<arg>BO</arg>
<arg>BQ</arg>
<arg>BR</arg>
<arg>BS</arg>
<arg>BT</arg>
<arg>BV</arg>
<arg>BW</arg>
<arg>BY</arg>
<arg>BZ</arg>
<arg>CA</arg>
<arg>CC</arg>
<arg>CD</arg>
<arg>CF</arg>
<arg>CG</arg>
<arg>CH</arg>
<arg>CI</arg>
<arg>CK</arg>
<arg>CL</arg>
<arg>CM</arg>
<arg>CN</arg>
<arg>CO</arg>
<arg>CR</arg>
<arg>CU</arg>
<arg>CV</arg>
<arg>CW</arg>
<arg>CX</arg>
<arg>CY</arg>
<arg>CZ</arg>
<arg>DE</arg>
<arg>DJ</arg>
<arg>DK</arg>
<arg>DM</arg>
<arg>DO</arg>
<arg>DZ</arg>
<arg>EC</arg>
<arg>EE</arg>
<arg>EG</arg>
<arg>EH</arg>
<arg>ER</arg>
<arg>ES</arg>
<arg>ET</arg>
<arg>FI</arg>
<arg>FJ</arg>
<arg>FK</arg>
<arg>FM</arg>
<arg>FO</arg>
<arg>FR</arg>
<arg>GA</arg>
<arg>GB</arg>
<arg>GD</arg>
<arg>GE</arg>
<arg>GF</arg>
<arg>GG</arg>
<arg>GH</arg>
<arg>GI</arg>
<arg>GL</arg>
<arg>GM</arg>
<arg>GN</arg>
<arg>GP</arg>
<arg>GQ</arg>
<arg>GR</arg>
<arg>GS</arg>
<arg>GT</arg>
<arg>GU</arg>
<arg>GW</arg>
<arg>GY</arg>
<arg>HK</arg>
<arg>HM</arg>
<arg>HN</arg>
<arg>HR</arg>
<arg>HT</arg>
<arg>HU</arg>
<arg>ID</arg>
<arg>IE</arg>
<arg>IL</arg>
<arg>IM</arg>
<arg>IN</arg>
<arg>IO</arg>
<arg>IQ</arg>
<arg>IR</arg>
<arg>IS</arg>
<arg>IT</arg>
<arg>JE</arg>
<arg>JM</arg>
<arg>JO</arg>
<arg>JP</arg>
<arg>KE</arg>
<arg>KG</arg>
<arg>KH</arg>
<arg>KI</arg>
<arg>KM</arg>
<arg>KN</arg>
<arg>KP</arg>
<arg>KR</arg>
<arg>KW</arg>
<arg>KY</arg>
<arg>KZ</arg>
<arg>LA</arg>
<arg>LB</arg>
<arg>LC</arg>
<arg>LI</arg>
<arg>LK</arg>
<arg>LR</arg>
<arg>LS</arg>
<arg>LT</arg>
<arg>LU</arg>
<arg>LV</arg>
<arg>LY</arg>
<arg>MA</arg>
<arg>MC</arg>
<arg>MD</arg>
<arg>ME</arg>
<arg>MF</arg>
<arg>MG</arg>
<arg>MH</arg>
<arg>MK</arg>
<arg>ML</arg>
<arg>MM</arg>
<arg>MN</arg>
<arg>MO</arg>
<arg>MP</arg>
<arg>MQ</arg>
<arg>MR</arg>
<arg>MS</arg>
<arg>MT</arg>
<arg>MU</arg>
<arg>MV</arg>
<arg>MW</arg>
<arg>MX</arg>
<arg>MY</arg>
<arg>MZ</arg>
<arg>NA</arg>
<arg>NC</arg>
<arg>NE</arg>
<arg>NF</arg>
<arg>NG</arg>
<arg>NI</arg>
<arg>NL</arg>
<arg>NO</arg>
<arg>NP</arg>
<arg>NR</arg>
<arg>NU</arg>
<arg>NZ</arg>
<arg>OM</arg>
<arg>PA</arg>
<arg>PE</arg>
<arg>PF</arg>
<arg>PG</arg>
<arg>PH</arg>
<arg>PK</arg>
<arg>PL</arg>
<arg>PM</arg>
<arg>PN</arg>
<arg>PR</arg>
<arg>PS</arg>
<arg>PT</arg>
<arg>PW</arg>
<arg>PY</arg>
<arg>QA</arg>
<arg>RE</arg>
<arg>RO</arg>
<arg>RS</arg>
<arg>RU</arg>
<arg>RW</arg>
<arg>SA</arg>
<arg>SB</arg>
<arg>SC</arg>
<arg>SD</arg>
<arg>SE</arg>
<arg>SG</arg>
<arg>SH</arg>
<arg>SI</arg>
<arg>SJ</arg>
<arg>SK</arg>
<arg>SL</arg>
<arg>SM</arg>
<arg>SN</arg>
<arg>SO</arg>
<arg>SR</arg>
<arg>SS</arg>
<arg>ST</arg>
<arg>SV</arg>
<arg>SX</arg>
<arg>SY</arg>
<arg>SZ</arg>
<arg>TC</arg>
<arg>TD</arg>
<arg>TF</arg>
<arg>TG</arg>
<arg>TH</arg>
<arg>TJ</arg>
<arg>TK</arg>
<arg>TL</arg>
<arg>TM</arg>
<arg>TN</arg>
<arg>TO</arg>
<arg>TR</arg>
<arg>TT</arg>
<arg>TV</arg>
<arg>TW</arg>
<arg>TZ</arg>
<arg>UA</arg>
<arg>UG</arg>
<arg>UM</arg>
<arg>US</arg>
<arg>UY</arg>
<arg>UZ</arg>
<arg>VA</arg>
<arg>VC</arg>
<arg>VE</arg>
<arg>VG</arg>
<arg>VI</arg>
<arg>VN</arg>
<arg>VU</arg>
<arg>WF</arg>
<arg>WS</arg>
<arg>XK</arg>
<arg>YE</arg>
<arg>YT</arg>
<arg>ZA</arg>
<arg>ZM</arg>
<arg>ZW</arg>
<doc>Returns a list containing given items.</doc>
<status status="PASS" start="2024-07-30T13:18:16.245710" elapsed="0.000648"/>
</kw>
<kw name="List Should Contain Value" owner="Collections">
<arg>${list_country}</arg>
<arg>${name_country}</arg>
<doc>Fails if the ``value`` is not found from ``list``.</doc>
<status status="PASS" start="2024-07-30T13:18:16.247337" elapsed="0.000209"/>
</kw>
<kw name="Run Keyword If" owner="BuiltIn">
<kw name="Should Be True" owner="BuiltIn">
<arg>${True}</arg>
<doc>Fails if the given condition is not true.</doc>
<status status="PASS" start="2024-07-30T13:18:16.248499" elapsed="0.000142"/>
</kw>
<arg>${json_data["results"][0]["location"]["coordinates"]["latitude"]} &gt;= -90 and ${json_data["results"][0]["location"]["coordinates"]["latitude"]} &lt;= 90</arg>
<arg>Should Be True</arg>
<arg>${True}</arg>
<doc>Runs the given keyword with the given arguments, if ``condition`` is true.</doc>
<status status="PASS" start="2024-07-30T13:18:16.247746" elapsed="0.001021"/>
</kw>
<kw name="Run Keyword If" owner="BuiltIn">
<kw name="Should Be True" owner="BuiltIn">
<arg>${True}</arg>
<doc>Fails if the given condition is not true.</doc>
<status status="PASS" start="2024-07-30T13:18:16.249650" elapsed="0.000137"/>
</kw>
<arg>${json_data["results"][0]["location"]["coordinates"]["longitude"]} &gt;= -180 and ${json_data["results"][0]["location"]["coordinates"]["longitude"]} &lt;= 180</arg>
<arg>Should Be True</arg>
<arg>${True}</arg>
<doc>Runs the given keyword with the given arguments, if ``condition`` is true.</doc>
<status status="PASS" start="2024-07-30T13:18:16.248948" elapsed="0.000985"/>
</kw>
<status status="PASS" start="2024-07-30T13:18:16.161887" elapsed="0.088188"/>
</kw>
<doc>Testa o conteúdo específico dos campos retornados pela API.</doc>
<tag>testeConteudo</tag>
<status status="PASS" start="2024-07-30T13:18:16.161168" elapsed="0.089056"/>
</test>
<status status="PASS" start="2024-07-30T13:18:15.239475" elapsed="1.012663"/>
</suite>
<status status="PASS" start="2024-07-30T13:18:15.224962" elapsed="1.032237"/>
</suite>
<statistics>
<total>
<stat pass="5" fail="0" skip="0">All Tests</stat>
</total>
<tag>
<stat pass="1" fail="0" skip="0">testeConteudo</stat>
<stat pass="1" fail="0" skip="0">testeEstruturaResposta</stat>
<stat pass="1" fail="0" skip="0">testeRequisicaoBasica</stat>
<stat pass="1" fail="0" skip="0">testeTiposDados</stat>
</tag>
<suite>
<stat pass="5" fail="0" skip="0" id="s1" name="Tests">Tests</stat>
<stat pass="5" fail="0" skip="0" id="s1-s1" name="Random-User-Test">Tests.Random-User-Test</stat>
</suite>
</statistics>
<errors>
</errors>
</robot>
