<?xml version="1.0" encoding="UTF-8"?>
<robot generator="Robot 7.0 (Python 3.12.3 on linux)" generated="2024-04-19T14:12:48.347981" rpa="false" schemaversion="5">
<suite id="s1" name="Tests" source="/home/runner/work/DesafioQAItauRogerioJordao/DesafioQAItauRogerioJordao/RamdonUser/tests">
<suite id="s1-s1" name="Random-User-Test" source="/home/runner/work/DesafioQAItauRogerioJordao/DesafioQAItauRogerioJordao/RamdonUser/tests/random-user-test.robot">
<test id="s1-s1-t1" name="Conectar" line="13">
<kw name="Conectar API" owner="random-user-service">
<kw name="Create Session" owner="RequestsLibrary">
<msg time="2024-04-19T14:12:48.748503" level="INFO">Creating Session using : alias=consultarAPI, url=https://randomuser.me/, headers={},                     cookies={}, auth=None, timeout=None, proxies=None, verify=False,                     debug=0 </msg>
<arg>consultarAPI</arg>
<arg>${URL}</arg>
<doc>Create Session: create a HTTP session to a server</doc>
<status status="PASS" start="2024-04-19T14:12:48.748252" elapsed="0.000467"/>
</kw>
<status status="PASS" start="2024-04-19T14:12:48.747187" elapsed="0.001923"/>
</kw>
<status status="PASS" start="2024-04-19T14:12:48.746505" elapsed="0.002809"/>
</test>
<test id="s1-s1-t2" name="Validar retorno 200 e JSON Válido" line="16">
<kw name="Teste de Requisicao Basica" owner="random-user-service">
<kw name="GET On Session" owner="RequestsLibrary">
<msg time="2024-04-19T14:12:48.946872" level="INFO">GET Request : url=https://randomuser.me/api 
 path_url=/api 
 headers={'User-Agent': 'python-requests/2.31.0', 'Accept-Encoding': 'gzip, deflate', 'Accept': '*/*', 'Connection': 'keep-alive'} 
 body=None 
 </msg>
<msg time="2024-04-19T14:12:48.947029" level="INFO">GET Response : url=https://randomuser.me/api 
 status=200, reason=OK 
 headers={'Date': 'Fri, 19 Apr 2024 14:12:48 GMT', 'Content-Type': 'application/json; charset=utf-8', 'Transfer-Encoding': 'chunked', 'Connection': 'keep-alive', 'X-Powered-By': 'Express', 'Access-Control-Allow-Origin': '*', 'Cache-Control': 'no-cache', 'ETag': 'W/"49b-PN0+LFyWjCP3CYzov0HZX73pkOg"', 'Vary': 'Accept-Encoding', 'Content-Encoding': 'gzip', 'CF-Cache-Status': 'DYNAMIC', 'Report-To': '{"endpoints":[{"url":"https:\\/\\/a.nel.cloudflare.com\\/report\\/v4?s=fd9VRH9D22SG4RrWm6xh0GYFJnkLwVn6G2bslZRpPpYQ10%2BP5HlOdSw6oABP%2FI%2FiUeZyVIHrucCyt9r6iXyctbysCgJ%2Fwy3x1%2B6aioTf3HdBn9nMPB7yTcP0j4tShBkB"}],"group":"cf-nel","max_age":604800}', 'NEL': '{"success_fraction":0,"report_to":"cf-nel","max_age":604800}', 'Server': 'cloudflare', 'CF-RAY': '876d7ddd1a987c43-LAX', 'alt-svc': 'h3=":443"; ma=86400'} 
 body={"results":[{"gender":"female","name":{"title":"Miss","first":"Lana","last":"Vieira"},"location":{"street":{"number":99,"name":"Avenida da Legalidade"},"city":"Coronel Fabriciano","state":"São Paulo","country":"Brazil","postcode":69322,"coordinates":{"latitude":"-77.3953","longitude":"83.0619"},"timezone":{"offset":"+7:00","description":"Bangkok, Hanoi, Jakarta"}},"email":"lana.vieira@example.com","login":{"uuid":"8f3d004f-a277-47e6-b6e7-d049fb7bb361","username":"heavyswan139","password":"tight","salt":"jBBC7ADz","md5":"45c14fa57a049453b4d3964990a7513b","sha1":"2fcac229bec6ec71d9369b4b2545b4a69b7c112e","sha256":"9e634bb3d773468ff26440f57f772c48370ec9dd5cba919a1debf887b4c77761"},"dob":{"date":"1961-09-28T17:08:44.565Z","age":62},"registered":{"date":"2014-10-02T05:04:43.581Z","age":9},"phone":"(74) 6624-1384","cell":"(11) 1678-1109","id":{"name":"CPF","value":"186.572.399-18"},"picture":{"large":"https://randomuser.me/api/portraits/women/92.jpg","medium":"https://randomuser.me/api/portraits/med/women/92.jpg","thumbnail":"https://randomuser.me/api/portraits/thumb/women/92.jpg"},"nat":"BR"}],"info":{"seed":"91b1e19482b4b488","results":1,"page":1,"version":"1.4"}} 
 </msg>
<msg time="2024-04-19T14:12:48.947116" level="INFO">/opt/hostedtoolcache/Python/3.12.3/x64/lib/python3.12/site-packages/urllib3/connectionpool.py:1103: InsecureRequestWarning: Unverified HTTPS request is being made to host 'randomuser.me'. Adding certificate verification is strongly advised. See: https://urllib3.readthedocs.io/en/latest/advanced-usage.html#tls-warnings
  warnings.warn(</msg>
<msg time="2024-04-19T14:12:48.947290" level="INFO">${response} = &lt;Response [200]&gt;</msg>
<var>${response}</var>
<arg>consultarAPI</arg>
<arg>/api</arg>
<doc>Sends a GET request on a previously created HTTP Session.</doc>
<status status="PASS" start="2024-04-19T14:12:48.752180" elapsed="0.195179"/>
</kw>
<kw name="Should Be Equal As Numbers" owner="BuiltIn">
<msg time="2024-04-19T14:12:48.948404" level="INFO">Argument types are:
&lt;class 'int'&gt;
&lt;class 'str'&gt;</msg>
<arg>${response.status_code}</arg>
<arg>200</arg>
<doc>Fails if objects are unequal after converting them to real numbers.</doc>
<status status="PASS" start="2024-04-19T14:12:48.947919" elapsed="0.000555"/>
</kw>
<kw name="Log" owner="BuiltIn">
<msg time="2024-04-19T14:12:48.949318" level="INFO">200</msg>
<arg>${response.status_code}</arg>
<doc>Logs the given message with the given level.</doc>
<status status="PASS" start="2024-04-19T14:12:48.948929" elapsed="0.000435"/>
</kw>
<kw name="Set Variable" owner="BuiltIn">
<msg time="2024-04-19T14:12:48.950181" level="INFO">${json_data} = {'results': [{'gender': 'female', 'name': {'title': 'Miss', 'first': 'Lana', 'last': 'Vieira'}, 'location': {'street': {'number': 99, 'name': 'Avenida da Legalidade'}, 'city': 'Coronel Fabriciano', 's...</msg>
<var>${json_data}</var>
<arg>${response.json()}</arg>
<doc>Returns the given values which can then be assigned to a variables.</doc>
<status status="PASS" start="2024-04-19T14:12:48.949697" elapsed="0.000513"/>
</kw>
<kw name="Dictionary Should Contain Key" owner="Collections">
<msg time="2024-04-19T14:12:48.950712" level="INFO">False</msg>
<arg>${json_data}</arg>
<arg>results</arg>
<doc>Fails if ``key`` is not found from ``dictionary``.</doc>
<status status="PASS" start="2024-04-19T14:12:48.950535" elapsed="0.000217"/>
</kw>
<status status="PASS" start="2024-04-19T14:12:48.751883" elapsed="0.199139"/>
</kw>
<doc>Testa se a API responde corretamente e retorna um objeto JSON válido.</doc>
<tag>testeRequisicaoBasica</tag>
<status status="PASS" start="2024-04-19T14:12:48.751271" elapsed="0.199942"/>
</test>
<test id="s1-s1-t3" name="Validar estrutura de resposta" line="22">
<kw name="Teste de Estrutura de Resposta" owner="random-user-service">
<kw name="GET On Session" owner="RequestsLibrary">
<msg time="2024-04-19T14:12:49.048450" level="INFO">GET Request : url=https://randomuser.me/api 
 path_url=/api 
 headers={'User-Agent': 'python-requests/2.31.0', 'Accept-Encoding': 'gzip, deflate', 'Accept': '*/*', 'Connection': 'keep-alive'} 
 body=None 
 </msg>
<msg time="2024-04-19T14:12:49.048612" level="INFO">GET Response : url=https://randomuser.me/api 
 status=200, reason=OK 
 headers={'Date': 'Fri, 19 Apr 2024 14:12:49 GMT', 'Content-Type': 'application/json; charset=utf-8', 'Transfer-Encoding': 'chunked', 'Connection': 'keep-alive', 'X-Powered-By': 'Express', 'Access-Control-Allow-Origin': '*', 'Cache-Control': 'no-cache', 'ETag': 'W/"489-3UXNLKrcX7M6j75Jci7Wv6RzXqU"', 'Vary': 'Accept-Encoding', 'Content-Encoding': 'gzip', 'CF-Cache-Status': 'DYNAMIC', 'Report-To': '{"endpoints":[{"url":"https:\\/\\/a.nel.cloudflare.com\\/report\\/v4?s=5lwqNhh4YkVxrAoRGKELZg9qz2O9t6EsAcgWiz%2FilQiMJ%2BdQ1zHSnOLvx6MNlg5wtDTVTEC%2FZmiOIIhy8QJ8R3S3Vb1xeUP7cvS4Tp7ayrKZLi5Ky7qYYVCuKUnxyRIw"}],"group":"cf-nel","max_age":604800}', 'NEL': '{"success_fraction":0,"report_to":"cf-nel","max_age":604800}', 'Server': 'cloudflare', 'CF-RAY': '876d7dddfb317c43-LAX', 'alt-svc': 'h3=":443"; ma=86400'} 
 body={"results":[{"gender":"female","name":{"title":"Miss","first":"Summer","last":"Hughes"},"location":{"street":{"number":4728,"name":"Elizabeth Street"},"city":"Tauranga","state":"Northland","country":"New Zealand","postcode":49787,"coordinates":{"latitude":"49.3897","longitude":"104.6579"},"timezone":{"offset":"-1:00","description":"Azores, Cape Verde Islands"}},"email":"summer.hughes@example.com","login":{"uuid":"f43673c8-7d9e-43e8-9fb1-06cc7f6725c7","username":"bigbear449","password":"primus","salt":"2K4l7Hw9","md5":"9a48cd4a91ba9a113254af639295672f","sha1":"448386bda84e86fec3223b1b973b00d966e41089","sha256":"f23f6d2b6b03a73548e97c7da4e5e858850bf9a5ae24d7dff3004a8d4efd1ca4"},"dob":{"date":"1989-01-17T16:25:24.823Z","age":35},"registered":{"date":"2017-09-08T07:55:26.123Z","age":6},"phone":"(944)-138-4224","cell":"(051)-179-8907","id":{"name":"","value":null},"picture":{"large":"https://randomuser.me/api/portraits/women/46.jpg","medium":"https://randomuser.me/api/portraits/med/women/46.jpg","thumbnail":"https://randomuser.me/api/portraits/thumb/women/46.jpg"},"nat":"NZ"}],"info":{"seed":"07c7f09889baaa76","results":1,"page":1,"version":"1.4"}} 
 </msg>
<msg time="2024-04-19T14:12:49.048755" level="INFO">/opt/hostedtoolcache/Python/3.12.3/x64/lib/python3.12/site-packages/urllib3/connectionpool.py:1103: InsecureRequestWarning: Unverified HTTPS request is being made to host 'randomuser.me'. Adding certificate verification is strongly advised. See: https://urllib3.readthedocs.io/en/latest/advanced-usage.html#tls-warnings
  warnings.warn(</msg>
<msg time="2024-04-19T14:12:49.048913" level="INFO">${response} = &lt;Response [200]&gt;</msg>
<var>${response}</var>
<arg>consultarAPI</arg>
<arg>/api</arg>
<doc>Sends a GET request on a previously created HTTP Session.</doc>
<status status="PASS" start="2024-04-19T14:12:48.954480" elapsed="0.094480"/>
</kw>
<kw name="Set Variable" owner="BuiltIn">
<msg time="2024-04-19T14:12:49.050090" level="INFO">${json_data} = {'results': [{'gender': 'female', 'name': {'title': 'Miss', 'first': 'Summer', 'last': 'Hughes'}, 'location': {'street': {'number': 4728, 'name': 'Elizabeth Street'}, 'city': 'Tauranga', 'state': 'Nor...</msg>
<var>${json_data}</var>
<arg>${response.json()}</arg>
<doc>Returns the given values which can then be assigned to a variables.</doc>
<status status="PASS" start="2024-04-19T14:12:49.049515" elapsed="0.000605"/>
</kw>
<kw name="Log" owner="BuiltIn">
<msg time="2024-04-19T14:12:49.050698" level="INFO">{'results': [{'gender': 'female', 'name': {'title': 'Miss', 'first': 'Summer', 'last': 'Hughes'}, 'location': {'street': {'number': 4728, 'name': 'Elizabeth Street'}, 'city': 'Tauranga', 'state': 'Northland', 'country': 'New Zealand', 'postcode': 49787, 'coordinates': {'latitude': '49.3897', 'longitude': '104.6579'}, 'timezone': {'offset': '-1:00', 'description': 'Azores, Cape Verde Islands'}}, 'email': 'summer.hughes@example.com', 'login': {'uuid': 'f43673c8-7d9e-43e8-9fb1-06cc7f6725c7', 'username': 'bigbear449', 'password': 'primus', 'salt': '2K4l7Hw9', 'md5': '9a48cd4a91ba9a113254af639295672f', 'sha1': '448386bda84e86fec3223b1b973b00d966e41089', 'sha256': 'f23f6d2b6b03a73548e97c7da4e5e858850bf9a5ae24d7dff3004a8d4efd1ca4'}, 'dob': {'date': '1989-01-17T16:25:24.823Z', 'age': 35}, 'registered': {'date': '2017-09-08T07:55:26.123Z', 'age': 6}, 'phone': '(944)-138-4224', 'cell': '(051)-179-8907', 'id': {'name': '', 'value': None}, 'picture': {'large': 'https://randomuser.me/api/portraits/women/46.jpg', 'medium': 'https://randomuser.me/api/portraits/med/women/46.jpg', 'thumbnail': 'https://randomuser.me/api/portraits/thumb/women/46.jpg'}, 'nat': 'NZ'}], 'info': {'seed': '07c7f09889baaa76', 'results': 1, 'page': 1, 'version': '1.4'}}</msg>
<arg>${json_data}</arg>
<doc>Logs the given message with the given level.</doc>
<status status="PASS" start="2024-04-19T14:12:49.050507" elapsed="0.000246"/>
</kw>
<kw name="Dictionary Should Contain Key" owner="Collections">
<msg time="2024-04-19T14:12:49.051274" level="INFO">False</msg>
<arg>${json_data}</arg>
<arg>results</arg>
<doc>Fails if ``key`` is not found from ``dictionary``.</doc>
<status status="PASS" start="2024-04-19T14:12:49.051100" elapsed="0.000214"/>
</kw>
<kw name="Should Not Be Empty" owner="BuiltIn">
<msg time="2024-04-19T14:12:49.051774" level="INFO">Length is 2.</msg>
<arg>${json_data}</arg>
<doc>Verifies that the given item is not empty.</doc>
<status status="PASS" start="2024-04-19T14:12:49.051632" elapsed="0.000184"/>
</kw>
<kw name="Create List" owner="BuiltIn">
<msg time="2024-04-19T14:12:49.052465" level="INFO">${expected_keys} = ['gender', 'name', 'location', 'email', 'login']</msg>
<var>${expected_keys}</var>
<arg>gender</arg>
<arg>name</arg>
<arg>location</arg>
<arg>email</arg>
<arg>login</arg>
<doc>Returns a list containing given items.</doc>
<status status="PASS" start="2024-04-19T14:12:49.052119" elapsed="0.000401"/>
</kw>
<for flavor="IN">
<iter>
<kw name="Dictionary Should Contain Key" owner="Collections">
<msg time="2024-04-19T14:12:49.053596" level="INFO">False</msg>
<arg>${json_data['results'][0]}</arg>
<arg>${key}</arg>
<doc>Fails if ``key`` is not found from ``dictionary``.</doc>
<status status="PASS" start="2024-04-19T14:12:49.053160" elapsed="0.000475"/>
</kw>
<kw name="Log" owner="BuiltIn">
<msg time="2024-04-19T14:12:49.054334" level="INFO">{'gender': 'female', 'name': {'title': 'Miss', 'first': 'Summer', 'last': 'Hughes'}, 'location': {'street': {'number': 4728, 'name': 'Elizabeth Street'}, 'city': 'Tauranga', 'state': 'Northland', 'country': 'New Zealand', 'postcode': 49787, 'coordinates': {'latitude': '49.3897', 'longitude': '104.6579'}, 'timezone': {'offset': '-1:00', 'description': 'Azores, Cape Verde Islands'}}, 'email': 'summer.hughes@example.com', 'login': {'uuid': 'f43673c8-7d9e-43e8-9fb1-06cc7f6725c7', 'username': 'bigbear449', 'password': 'primus', 'salt': '2K4l7Hw9', 'md5': '9a48cd4a91ba9a113254af639295672f', 'sha1': '448386bda84e86fec3223b1b973b00d966e41089', 'sha256': 'f23f6d2b6b03a73548e97c7da4e5e858850bf9a5ae24d7dff3004a8d4efd1ca4'}, 'dob': {'date': '1989-01-17T16:25:24.823Z', 'age': 35}, 'registered': {'date': '2017-09-08T07:55:26.123Z', 'age': 6}, 'phone': '(944)-138-4224', 'cell': '(051)-179-8907', 'id': {'name': '', 'value': None}, 'picture': {'large': 'https://randomuser.me/api/portraits/women/46.jpg', 'medium': 'https://randomuser.me/api/portraits/med/women/46.jpg', 'thumbnail': 'https://randomuser.me/api/portraits/thumb/women/46.jpg'}, 'nat': 'NZ'}</msg>
<arg>${json_data['results'][0]}</arg>
<doc>Logs the given message with the given level.</doc>
<status status="PASS" start="2024-04-19T14:12:49.053946" elapsed="0.000437"/>
</kw>
<kw name="Log" owner="BuiltIn">
<msg time="2024-04-19T14:12:49.054821" level="INFO">gender</msg>
<arg>${key}</arg>
<doc>Logs the given message with the given level.</doc>
<status status="PASS" start="2024-04-19T14:12:49.054688" elapsed="0.000172"/>
</kw>
<var name="${key}">gender</var>
<status status="PASS" start="2024-04-19T14:12:49.053024" elapsed="0.002052"/>
</iter>
<iter>
<kw name="Dictionary Should Contain Key" owner="Collections">
<msg time="2024-04-19T14:12:49.055812" level="INFO">False</msg>
<arg>${json_data['results'][0]}</arg>
<arg>${key}</arg>
<doc>Fails if ``key`` is not found from ``dictionary``.</doc>
<status status="PASS" start="2024-04-19T14:12:49.055399" elapsed="0.000452"/>
</kw>
<kw name="Log" owner="BuiltIn">
<msg time="2024-04-19T14:12:49.056589" level="INFO">{'gender': 'female', 'name': {'title': 'Miss', 'first': 'Summer', 'last': 'Hughes'}, 'location': {'street': {'number': 4728, 'name': 'Elizabeth Street'}, 'city': 'Tauranga', 'state': 'Northland', 'country': 'New Zealand', 'postcode': 49787, 'coordinates': {'latitude': '49.3897', 'longitude': '104.6579'}, 'timezone': {'offset': '-1:00', 'description': 'Azores, Cape Verde Islands'}}, 'email': 'summer.hughes@example.com', 'login': {'uuid': 'f43673c8-7d9e-43e8-9fb1-06cc7f6725c7', 'username': 'bigbear449', 'password': 'primus', 'salt': '2K4l7Hw9', 'md5': '9a48cd4a91ba9a113254af639295672f', 'sha1': '448386bda84e86fec3223b1b973b00d966e41089', 'sha256': 'f23f6d2b6b03a73548e97c7da4e5e858850bf9a5ae24d7dff3004a8d4efd1ca4'}, 'dob': {'date': '1989-01-17T16:25:24.823Z', 'age': 35}, 'registered': {'date': '2017-09-08T07:55:26.123Z', 'age': 6}, 'phone': '(944)-138-4224', 'cell': '(051)-179-8907', 'id': {'name': '', 'value': None}, 'picture': {'large': 'https://randomuser.me/api/portraits/women/46.jpg', 'medium': 'https://randomuser.me/api/portraits/med/women/46.jpg', 'thumbnail': 'https://randomuser.me/api/portraits/thumb/women/46.jpg'}, 'nat': 'NZ'}</msg>
<arg>${json_data['results'][0]}</arg>
<doc>Logs the given message with the given level.</doc>
<status status="PASS" start="2024-04-19T14:12:49.056183" elapsed="0.000456"/>
</kw>
<kw name="Log" owner="BuiltIn">
<msg time="2024-04-19T14:12:49.057144" level="INFO">name</msg>
<arg>${key}</arg>
<doc>Logs the given message with the given level.</doc>
<status status="PASS" start="2024-04-19T14:12:49.056975" elapsed="0.000219"/>
</kw>
<var name="${key}">name</var>
<status status="PASS" start="2024-04-19T14:12:49.055279" elapsed="0.002228"/>
</iter>
<iter>
<kw name="Dictionary Should Contain Key" owner="Collections">
<msg time="2024-04-19T14:12:49.058674" level="INFO">False</msg>
<arg>${json_data['results'][0]}</arg>
<arg>${key}</arg>
<doc>Fails if ``key`` is not found from ``dictionary``.</doc>
<status status="PASS" start="2024-04-19T14:12:49.058022" elapsed="0.000709"/>
</kw>
<kw name="Log" owner="BuiltIn">
<msg time="2024-04-19T14:12:49.059821" level="INFO">{'gender': 'female', 'name': {'title': 'Miss', 'first': 'Summer', 'last': 'Hughes'}, 'location': {'street': {'number': 4728, 'name': 'Elizabeth Street'}, 'city': 'Tauranga', 'state': 'Northland', 'country': 'New Zealand', 'postcode': 49787, 'coordinates': {'latitude': '49.3897', 'longitude': '104.6579'}, 'timezone': {'offset': '-1:00', 'description': 'Azores, Cape Verde Islands'}}, 'email': 'summer.hughes@example.com', 'login': {'uuid': 'f43673c8-7d9e-43e8-9fb1-06cc7f6725c7', 'username': 'bigbear449', 'password': 'primus', 'salt': '2K4l7Hw9', 'md5': '9a48cd4a91ba9a113254af639295672f', 'sha1': '448386bda84e86fec3223b1b973b00d966e41089', 'sha256': 'f23f6d2b6b03a73548e97c7da4e5e858850bf9a5ae24d7dff3004a8d4efd1ca4'}, 'dob': {'date': '1989-01-17T16:25:24.823Z', 'age': 35}, 'registered': {'date': '2017-09-08T07:55:26.123Z', 'age': 6}, 'phone': '(944)-138-4224', 'cell': '(051)-179-8907', 'id': {'name': '', 'value': None}, 'picture': {'large': 'https://randomuser.me/api/portraits/women/46.jpg', 'medium': 'https://randomuser.me/api/portraits/med/women/46.jpg', 'thumbnail': 'https://randomuser.me/api/portraits/thumb/women/46.jpg'}, 'nat': 'NZ'}</msg>
<arg>${json_data['results'][0]}</arg>
<doc>Logs the given message with the given level.</doc>
<status status="PASS" start="2024-04-19T14:12:49.059188" elapsed="0.000726"/>
</kw>
<kw name="Log" owner="BuiltIn">
<msg time="2024-04-19T14:12:49.060628" level="INFO">location</msg>
<arg>${key}</arg>
<doc>Logs the given message with the given level.</doc>
<status status="PASS" start="2024-04-19T14:12:49.060393" elapsed="0.000306"/>
</kw>
<var name="${key}">location</var>
<status status="PASS" start="2024-04-19T14:12:49.057819" elapsed="0.003223"/>
</iter>
<iter>
<kw name="Dictionary Should Contain Key" owner="Collections">
<msg time="2024-04-19T14:12:49.062210" level="INFO">False</msg>
<arg>${json_data['results'][0]}</arg>
<arg>${key}</arg>
<doc>Fails if ``key`` is not found from ``dictionary``.</doc>
<status status="PASS" start="2024-04-19T14:12:49.061535" elapsed="0.000738"/>
</kw>
<kw name="Log" owner="BuiltIn">
<msg time="2024-04-19T14:12:49.063227" level="INFO">{'gender': 'female', 'name': {'title': 'Miss', 'first': 'Summer', 'last': 'Hughes'}, 'location': {'street': {'number': 4728, 'name': 'Elizabeth Street'}, 'city': 'Tauranga', 'state': 'Northland', 'country': 'New Zealand', 'postcode': 49787, 'coordinates': {'latitude': '49.3897', 'longitude': '104.6579'}, 'timezone': {'offset': '-1:00', 'description': 'Azores, Cape Verde Islands'}}, 'email': 'summer.hughes@example.com', 'login': {'uuid': 'f43673c8-7d9e-43e8-9fb1-06cc7f6725c7', 'username': 'bigbear449', 'password': 'primus', 'salt': '2K4l7Hw9', 'md5': '9a48cd4a91ba9a113254af639295672f', 'sha1': '448386bda84e86fec3223b1b973b00d966e41089', 'sha256': 'f23f6d2b6b03a73548e97c7da4e5e858850bf9a5ae24d7dff3004a8d4efd1ca4'}, 'dob': {'date': '1989-01-17T16:25:24.823Z', 'age': 35}, 'registered': {'date': '2017-09-08T07:55:26.123Z', 'age': 6}, 'phone': '(944)-138-4224', 'cell': '(051)-179-8907', 'id': {'name': '', 'value': None}, 'picture': {'large': 'https://randomuser.me/api/portraits/women/46.jpg', 'medium': 'https://randomuser.me/api/portraits/med/women/46.jpg', 'thumbnail': 'https://randomuser.me/api/portraits/thumb/women/46.jpg'}, 'nat': 'NZ'}</msg>
<arg>${json_data['results'][0]}</arg>
<doc>Logs the given message with the given level.</doc>
<status status="PASS" start="2024-04-19T14:12:49.062741" elapsed="0.000540"/>
</kw>
<kw name="Log" owner="BuiltIn">
<msg time="2024-04-19T14:12:49.063738" level="INFO">email</msg>
<arg>${key}</arg>
<doc>Logs the given message with the given level.</doc>
<status status="PASS" start="2024-04-19T14:12:49.063601" elapsed="0.000177"/>
</kw>
<var name="${key}">email</var>
<status status="PASS" start="2024-04-19T14:12:49.061342" elapsed="0.002661"/>
</iter>
<iter>
<kw name="Dictionary Should Contain Key" owner="Collections">
<msg time="2024-04-19T14:12:49.064769" level="INFO">False</msg>
<arg>${json_data['results'][0]}</arg>
<arg>${key}</arg>
<doc>Fails if ``key`` is not found from ``dictionary``.</doc>
<status status="PASS" start="2024-04-19T14:12:49.064306" elapsed="0.000504"/>
</kw>
<kw name="Log" owner="BuiltIn">
<msg time="2024-04-19T14:12:49.065509" level="INFO">{'gender': 'female', 'name': {'title': 'Miss', 'first': 'Summer', 'last': 'Hughes'}, 'location': {'street': {'number': 4728, 'name': 'Elizabeth Street'}, 'city': 'Tauranga', 'state': 'Northland', 'country': 'New Zealand', 'postcode': 49787, 'coordinates': {'latitude': '49.3897', 'longitude': '104.6579'}, 'timezone': {'offset': '-1:00', 'description': 'Azores, Cape Verde Islands'}}, 'email': 'summer.hughes@example.com', 'login': {'uuid': 'f43673c8-7d9e-43e8-9fb1-06cc7f6725c7', 'username': 'bigbear449', 'password': 'primus', 'salt': '2K4l7Hw9', 'md5': '9a48cd4a91ba9a113254af639295672f', 'sha1': '448386bda84e86fec3223b1b973b00d966e41089', 'sha256': 'f23f6d2b6b03a73548e97c7da4e5e858850bf9a5ae24d7dff3004a8d4efd1ca4'}, 'dob': {'date': '1989-01-17T16:25:24.823Z', 'age': 35}, 'registered': {'date': '2017-09-08T07:55:26.123Z', 'age': 6}, 'phone': '(944)-138-4224', 'cell': '(051)-179-8907', 'id': {'name': '', 'value': None}, 'picture': {'large': 'https://randomuser.me/api/portraits/women/46.jpg', 'medium': 'https://randomuser.me/api/portraits/med/women/46.jpg', 'thumbnail': 'https://randomuser.me/api/portraits/thumb/women/46.jpg'}, 'nat': 'NZ'}</msg>
<arg>${json_data['results'][0]}</arg>
<doc>Logs the given message with the given level.</doc>
<status status="PASS" start="2024-04-19T14:12:49.065124" elapsed="0.000434"/>
</kw>
<kw name="Log" owner="BuiltIn">
<msg time="2024-04-19T14:12:49.066003" level="INFO">login</msg>
<arg>${key}</arg>
<doc>Logs the given message with the given level.</doc>
<status status="PASS" start="2024-04-19T14:12:49.065868" elapsed="0.000175"/>
</kw>
<var name="${key}">login</var>
<status status="PASS" start="2024-04-19T14:12:49.064185" elapsed="0.002107"/>
</iter>
<var>${key}</var>
<value>@{expected_keys}</value>
<status status="PASS" start="2024-04-19T14:12:49.052818" elapsed="0.013605"/>
</for>
<kw name="Create List" owner="BuiltIn">
<msg time="2024-04-19T14:12:49.066781" level="INFO">${expected_keysTwo} = ['username', 'password']</msg>
<var>${expected_keysTwo}</var>
<arg>username</arg>
<arg>password</arg>
<doc>Returns a list containing given items.</doc>
<status status="PASS" start="2024-04-19T14:12:49.066636" elapsed="0.000170"/>
</kw>
<for flavor="IN">
<iter>
<kw name="Dictionary Should Contain Key" owner="Collections">
<msg time="2024-04-19T14:12:49.067749" level="INFO">False</msg>
<arg>${json_data['results'][0]['login']}</arg>
<arg>${keyTwo}</arg>
<doc>Fails if ``key`` is not found from ``dictionary``.</doc>
<status status="PASS" start="2024-04-19T14:12:49.067340" elapsed="0.000448"/>
</kw>
<kw name="Dictionary Should Contain Key" owner="Collections">
<msg time="2024-04-19T14:12:49.068526" level="INFO">False</msg>
<arg>${json_data['results'][0]['login']}</arg>
<arg>${keyTwo}</arg>
<doc>Fails if ``key`` is not found from ``dictionary``.</doc>
<status status="PASS" start="2024-04-19T14:12:49.068096" elapsed="0.000474"/>
</kw>
<kw name="Log" owner="BuiltIn">
<msg time="2024-04-19T14:12:49.069014" level="INFO">username</msg>
<arg>${keyTwo}</arg>
<doc>Logs the given message with the given level.</doc>
<status status="PASS" start="2024-04-19T14:12:49.068882" elapsed="0.000176"/>
</kw>
<var name="${keyTwo}">username</var>
<status status="PASS" start="2024-04-19T14:12:49.067225" elapsed="0.002052"/>
</iter>
<iter>
<kw name="Dictionary Should Contain Key" owner="Collections">
<msg time="2024-04-19T14:12:49.069963" level="INFO">False</msg>
<arg>${json_data['results'][0]['login']}</arg>
<arg>${keyTwo}</arg>
<doc>Fails if ``key`` is not found from ``dictionary``.</doc>
<status status="PASS" start="2024-04-19T14:12:49.069566" elapsed="0.000442"/>
</kw>
<kw name="Dictionary Should Contain Key" owner="Collections">
<msg time="2024-04-19T14:12:49.070812" level="INFO">False</msg>
<arg>${json_data['results'][0]['login']}</arg>
<arg>${keyTwo}</arg>
<doc>Fails if ``key`` is not found from ``dictionary``.</doc>
<status status="PASS" start="2024-04-19T14:12:49.070311" elapsed="0.000541"/>
</kw>
<kw name="Log" owner="BuiltIn">
<msg time="2024-04-19T14:12:49.071281" level="INFO">password</msg>
<arg>${keyTwo}</arg>
<doc>Logs the given message with the given level.</doc>
<status status="PASS" start="2024-04-19T14:12:49.071152" elapsed="0.000168"/>
</kw>
<var name="${keyTwo}">password</var>
<status status="PASS" start="2024-04-19T14:12:49.069454" elapsed="0.002089"/>
</iter>
<var>${keyTwo}</var>
<value>@{expected_keysTwo}</value>
<status status="PASS" start="2024-04-19T14:12:49.067056" elapsed="0.004609"/>
</for>
<status status="PASS" start="2024-04-19T14:12:48.954121" elapsed="0.117693"/>
</kw>
<doc>Testa a estrutura da resposta da API.</doc>
<tag>testeEstruturaResposta</tag>
<status status="PASS" start="2024-04-19T14:12:48.953266" elapsed="0.118712"/>
</test>
<test id="s1-s1-t4" name="Validar tipos de dados" line="28">
<kw name="Teste de Tipos de Dados" owner="random-user-service">
<kw name="GET On Session" owner="RequestsLibrary">
<msg time="2024-04-19T14:12:49.172944" level="INFO">GET Request : url=https://randomuser.me/api 
 path_url=/api 
 headers={'User-Agent': 'python-requests/2.31.0', 'Accept-Encoding': 'gzip, deflate', 'Accept': '*/*', 'Connection': 'keep-alive'} 
 body=None 
 </msg>
<msg time="2024-04-19T14:12:49.173048" level="INFO">GET Response : url=https://randomuser.me/api 
 status=200, reason=OK 
 headers={'Date': 'Fri, 19 Apr 2024 14:12:49 GMT', 'Content-Type': 'application/json; charset=utf-8', 'Transfer-Encoding': 'chunked', 'Connection': 'keep-alive', 'X-Powered-By': 'Express', 'Access-Control-Allow-Origin': '*', 'Cache-Control': 'no-cache', 'ETag': 'W/"46d-PHLQvKU3JurOJqoyJXzbDsdYrCQ"', 'Vary': 'Accept-Encoding', 'Content-Encoding': 'gzip', 'CF-Cache-Status': 'DYNAMIC', 'Report-To': '{"endpoints":[{"url":"https:\\/\\/a.nel.cloudflare.com\\/report\\/v4?s=Qnp%2BtLyzagtcCuQOV0ssfc42OSYUw0JIO3lx%2FRpYA%2BjympbTfWSAqNathnDS2WtWbF%2BemXRMJUM%2BmVJMGc6dsrj%2B%2B7u%2BdADngVJ%2FVW%2BWL3L26eDW1iIaVmnfd7Yehr%2BH"}],"group":"cf-nel","max_age":604800}', 'NEL': '{"success_fraction":0,"report_to":"cf-nel","max_age":604800}', 'Server': 'cloudflare', 'CF-RAY': '876d7ddebbe27c43-LAX', 'alt-svc': 'h3=":443"; ma=86400'} 
 body={"results":[{"gender":"male","name":{"title":"Mr","first":"Sven","last":"Finsrud"},"location":{"street":{"number":3394,"name":"Elgveien"},"city":"Frekhaug","state":"Buskerud","country":"Norway","postcode":"0030","coordinates":{"latitude":"41.4278","longitude":"-39.8307"},"timezone":{"offset":"-12:00","description":"Eniwetok, Kwajalein"}},"email":"sven.finsrud@example.com","login":{"uuid":"d3052323-32e5-4d0f-824c-24ed15300cd8","username":"crazyrabbit253","password":"brains","salt":"oj4xYb8X","md5":"8031099704ca29bb5a7107368723c000","sha1":"082da53752c7f47f1975d87196bb68e9171a283a","sha256":"66c0ae9db0861f6eb420af59aa4595034aa7bcd0d5e1bc7058039ada065ef71c"},"dob":{"date":"1959-10-05T18:35:57.805Z","age":64},"registered":{"date":"2019-12-12T01:36:57.420Z","age":4},"phone":"23200885","cell":"40968230","id":{"name":"FN","value":"05105925389"},"picture":{"large":"https://randomuser.me/api/portraits/men/86.jpg","medium":"https://randomuser.me/api/portraits/med/men/86.jpg","thumbnail":"https://randomuser.me/api/portraits/thumb/men/86.jpg"},"nat":"NO"}],"info":{"seed":"e6267acb33599d91","results":1,"page":1,"version":"1.4"}} 
 </msg>
<msg time="2024-04-19T14:12:49.173125" level="INFO">/opt/hostedtoolcache/Python/3.12.3/x64/lib/python3.12/site-packages/urllib3/connectionpool.py:1103: InsecureRequestWarning: Unverified HTTPS request is being made to host 'randomuser.me'. Adding certificate verification is strongly advised. See: https://urllib3.readthedocs.io/en/latest/advanced-usage.html#tls-warnings
  warnings.warn(</msg>
<msg time="2024-04-19T14:12:49.173272" level="INFO">${response} = &lt;Response [200]&gt;</msg>
<var>${response}</var>
<arg>consultarAPI</arg>
<arg>/api</arg>
<doc>Sends a GET request on a previously created HTTP Session.</doc>
<status status="PASS" start="2024-04-19T14:12:49.074585" elapsed="0.098733"/>
</kw>
<kw name="Set Variable" owner="BuiltIn">
<msg time="2024-04-19T14:12:49.174425" level="INFO">${json_data} = {'results': [{'gender': 'male', 'name': {'title': 'Mr', 'first': 'Sven', 'last': 'Finsrud'}, 'location': {'street': {'number': 3394, 'name': 'Elgveien'}, 'city': 'Frekhaug', 'state': 'Buskerud', 'coun...</msg>
<var>${json_data}</var>
<arg>${response.json()}</arg>
<doc>Returns the given values which can then be assigned to a variables.</doc>
<status status="PASS" start="2024-04-19T14:12:49.173868" elapsed="0.000587"/>
</kw>
<kw name="Log" owner="BuiltIn">
<msg time="2024-04-19T14:12:49.175008" level="INFO">{'results': [{'gender': 'male', 'name': {'title': 'Mr', 'first': 'Sven', 'last': 'Finsrud'}, 'location': {'street': {'number': 3394, 'name': 'Elgveien'}, 'city': 'Frekhaug', 'state': 'Buskerud', 'country': 'Norway', 'postcode': '0030', 'coordinates': {'latitude': '41.4278', 'longitude': '-39.8307'}, 'timezone': {'offset': '-12:00', 'description': 'Eniwetok, Kwajalein'}}, 'email': 'sven.finsrud@example.com', 'login': {'uuid': 'd3052323-32e5-4d0f-824c-24ed15300cd8', 'username': 'crazyrabbit253', 'password': 'brains', 'salt': 'oj4xYb8X', 'md5': '8031099704ca29bb5a7107368723c000', 'sha1': '082da53752c7f47f1975d87196bb68e9171a283a', 'sha256': '66c0ae9db0861f6eb420af59aa4595034aa7bcd0d5e1bc7058039ada065ef71c'}, 'dob': {'date': '1959-10-05T18:35:57.805Z', 'age': 64}, 'registered': {'date': '2019-12-12T01:36:57.420Z', 'age': 4}, 'phone': '23200885', 'cell': '40968230', 'id': {'name': 'FN', 'value': '05105925389'}, 'picture': {'large': 'https://randomuser.me/api/portraits/men/86.jpg', 'medium': 'https://randomuser.me/api/portraits/med/men/86.jpg', 'thumbnail': 'https://randomuser.me/api/portraits/thumb/men/86.jpg'}, 'nat': 'NO'}], 'info': {'seed': 'e6267acb33599d91', 'results': 1, 'page': 1, 'version': '1.4'}}</msg>
<arg>${json_data}</arg>
<doc>Logs the given message with the given level.</doc>
<status status="PASS" start="2024-04-19T14:12:49.174830" elapsed="0.000265"/>
</kw>
<kw name="Should Be String" owner="String">
<arg>${json_data['results'][0]['gender']}</arg>
<doc>Fails if the given ``item`` is not a string.</doc>
<status status="PASS" start="2024-04-19T14:12:49.175427" elapsed="0.000390"/>
</kw>
<kw name="Should Match Regexp" owner="BuiltIn">
<arg>${json_data['results'][0]['email']}</arg>
<arg>^[a-zA-Z0-9._%+-]+@[a-zA-Z0-9.-]+\.[a-zA-Z]{2,}$</arg>
<doc>Fails if ``string`` does not match ``pattern`` as a regular expression.</doc>
<status status="PASS" start="2024-04-19T14:12:49.176023" elapsed="0.000584"/>
</kw>
<kw name="Should Match Regexp" owner="BuiltIn">
<arg>${json_data['results'][0]['dob']['date']}</arg>
<arg>\\d{4}-\\d{2}-\\d{2}T\\d{2}:\\d{2}:\\d{2}\\.\\d{3}Z</arg>
<doc>Fails if ``string`` does not match ``pattern`` as a regular expression.</doc>
<status status="PASS" start="2024-04-19T14:12:49.176832" elapsed="0.000519"/>
</kw>
<kw name="Should Match Regexp" owner="BuiltIn">
<arg>${json_data['results'][0]['registered']['date']}</arg>
<arg>\\d{4}-\\d{2}-\\d{2}T\\d{2}:\\d{2}:\\d{2}\\.\\d{3}Z</arg>
<doc>Fails if ``string`` does not match ``pattern`` as a regular expression.</doc>
<status status="PASS" start="2024-04-19T14:12:49.177553" elapsed="0.000389"/>
</kw>
<kw name="Should Match Regexp" owner="BuiltIn">
<arg>${json_data['results'][0]['picture']['large']}</arg>
<arg>^https?://.*\.(?:png|jpe?g|gif|bmp)$</arg>
<doc>Fails if ``string`` does not match ``pattern`` as a regular expression.</doc>
<status status="PASS" start="2024-04-19T14:12:49.178138" elapsed="0.000468"/>
</kw>
<kw name="Should Match Regexp" owner="BuiltIn">
<arg>${json_data['results'][0]['picture']['medium']}</arg>
<arg>^https?://.*\.(?:png|jpe?g|gif|bmp)$</arg>
<doc>Fails if ``string`` does not match ``pattern`` as a regular expression.</doc>
<status status="PASS" start="2024-04-19T14:12:49.178798" elapsed="0.000364"/>
</kw>
<kw name="Should Match Regexp" owner="BuiltIn">
<arg>${json_data['results'][0]['picture']['thumbnail']}</arg>
<arg>^https?://.*\.(?:png|jpe?g|gif|bmp)$</arg>
<doc>Fails if ``string`` does not match ``pattern`` as a regular expression.</doc>
<status status="PASS" start="2024-04-19T14:12:49.179358" elapsed="0.000358"/>
</kw>
<kw name="Log" owner="BuiltIn">
<msg time="2024-04-19T14:12:49.180226" level="INFO">{'large': 'https://randomuser.me/api/portraits/men/86.jpg', 'medium': 'https://randomuser.me/api/portraits/med/men/86.jpg', 'thumbnail': 'https://randomuser.me/api/portraits/thumb/men/86.jpg'}</msg>
<arg>${json_data['results'][0]['picture']}</arg>
<doc>Logs the given message with the given level.</doc>
<status status="PASS" start="2024-04-19T14:12:49.179900" elapsed="0.000368"/>
</kw>
<status status="PASS" start="2024-04-19T14:12:49.074345" elapsed="0.106233"/>
</kw>
<kw name="Teste de Tipos de Dados - Postcode" owner="random-user-service">
<kw name="GET On Session" owner="RequestsLibrary">
<msg time="2024-04-19T14:12:49.276059" level="INFO">GET Request : url=https://randomuser.me/api 
 path_url=/api 
 headers={'User-Agent': 'python-requests/2.31.0', 'Accept-Encoding': 'gzip, deflate', 'Accept': '*/*', 'Connection': 'keep-alive'} 
 body=None 
 </msg>
<msg time="2024-04-19T14:12:49.276158" level="INFO">GET Response : url=https://randomuser.me/api 
 status=200, reason=OK 
 headers={'Date': 'Fri, 19 Apr 2024 14:12:49 GMT', 'Content-Type': 'application/json; charset=utf-8', 'Transfer-Encoding': 'chunked', 'Connection': 'keep-alive', 'X-Powered-By': 'Express', 'Access-Control-Allow-Origin': '*', 'Cache-Control': 'no-cache', 'ETag': 'W/"47c-ioISedN+ICeIVQiBIKQ/BRCDkqM"', 'Vary': 'Accept-Encoding', 'Content-Encoding': 'gzip', 'CF-Cache-Status': 'DYNAMIC', 'Report-To': '{"endpoints":[{"url":"https:\\/\\/a.nel.cloudflare.com\\/report\\/v4?s=O9j18KvUJO8n2u1E3OQAPCncCO9ic11w%2FPDcjocC038LjNczcCrbk%2B21tr8UmjI9HPHRTZ6h4s9ddlBsz6S1D5mjutjNo45T5ZpPLzGppoq2y%2BHq2rtbKT46oojhFsiB"}],"group":"cf-nel","max_age":604800}', 'NEL': '{"success_fraction":0,"report_to":"cf-nel","max_age":604800}', 'Server': 'cloudflare', 'CF-RAY': '876d7ddf6c467c43-LAX', 'alt-svc': 'h3=":443"; ma=86400'} 
 body={"results":[{"gender":"male","name":{"title":"Mr","first":"Caleb","last":"White"},"location":{"street":{"number":63,"name":"Western Hills Drive"},"city":"Tauranga","state":"Northland","country":"New Zealand","postcode":62562,"coordinates":{"latitude":"48.9908","longitude":"-68.9384"},"timezone":{"offset":"-11:00","description":"Midway Island, Samoa"}},"email":"caleb.white@example.com","login":{"uuid":"2d00fc89-2616-49b4-bd7a-1d98ec91cbf7","username":"lazyostrich174","password":"sleeper","salt":"kxfyJRrS","md5":"290e83ce421e30f605e79cb270f0162b","sha1":"ce834c16c4544eed35336a7dd974582ac59a9d95","sha256":"216529549ee7b97477c5055dc24ef73b32fea9f16f8bea1049341e654b8b50bb"},"dob":{"date":"1990-12-19T02:42:06.478Z","age":33},"registered":{"date":"2014-05-18T11:15:59.342Z","age":9},"phone":"(876)-177-9459","cell":"(109)-630-9381","id":{"name":"","value":null},"picture":{"large":"https://randomuser.me/api/portraits/men/50.jpg","medium":"https://randomuser.me/api/portraits/med/men/50.jpg","thumbnail":"https://randomuser.me/api/portraits/thumb/men/50.jpg"},"nat":"NZ"}],"info":{"seed":"d96cdf79d1d11aa8","results":1,"page":1,"version":"1.4"}} 
 </msg>
<msg time="2024-04-19T14:12:49.276229" level="INFO">/opt/hostedtoolcache/Python/3.12.3/x64/lib/python3.12/site-packages/urllib3/connectionpool.py:1103: InsecureRequestWarning: Unverified HTTPS request is being made to host 'randomuser.me'. Adding certificate verification is strongly advised. See: https://urllib3.readthedocs.io/en/latest/advanced-usage.html#tls-warnings
  warnings.warn(</msg>
<msg time="2024-04-19T14:12:49.276371" level="INFO">${response} = &lt;Response [200]&gt;</msg>
<var>${response}</var>
<arg>consultarAPI</arg>
<arg>/api</arg>
<doc>Sends a GET request on a previously created HTTP Session.</doc>
<status status="PASS" start="2024-04-19T14:12:49.181067" elapsed="0.095347"/>
</kw>
<kw name="Set Variable" owner="BuiltIn">
<msg time="2024-04-19T14:12:49.277519" level="INFO">${json_data} = {'results': [{'gender': 'male', 'name': {'title': 'Mr', 'first': 'Caleb', 'last': 'White'}, 'location': {'street': {'number': 63, 'name': 'Western Hills Drive'}, 'city': 'Tauranga', 'state': 'Northlan...</msg>
<var>${json_data}</var>
<arg>${response.json()}</arg>
<doc>Returns the given values which can then be assigned to a variables.</doc>
<status status="PASS" start="2024-04-19T14:12:49.276991" elapsed="0.000556"/>
</kw>
<kw name="Log" owner="BuiltIn">
<msg time="2024-04-19T14:12:49.278026" level="INFO">{'results': [{'gender': 'male', 'name': {'title': 'Mr', 'first': 'Caleb', 'last': 'White'}, 'location': {'street': {'number': 63, 'name': 'Western Hills Drive'}, 'city': 'Tauranga', 'state': 'Northland', 'country': 'New Zealand', 'postcode': 62562, 'coordinates': {'latitude': '48.9908', 'longitude': '-68.9384'}, 'timezone': {'offset': '-11:00', 'description': 'Midway Island, Samoa'}}, 'email': 'caleb.white@example.com', 'login': {'uuid': '2d00fc89-2616-49b4-bd7a-1d98ec91cbf7', 'username': 'lazyostrich174', 'password': 'sleeper', 'salt': 'kxfyJRrS', 'md5': '290e83ce421e30f605e79cb270f0162b', 'sha1': 'ce834c16c4544eed35336a7dd974582ac59a9d95', 'sha256': '216529549ee7b97477c5055dc24ef73b32fea9f16f8bea1049341e654b8b50bb'}, 'dob': {'date': '1990-12-19T02:42:06.478Z', 'age': 33}, 'registered': {'date': '2014-05-18T11:15:59.342Z', 'age': 9}, 'phone': '(876)-177-9459', 'cell': '(109)-630-9381', 'id': {'name': '', 'value': None}, 'picture': {'large': 'https://randomuser.me/api/portraits/men/50.jpg', 'medium': 'https://randomuser.me/api/portraits/med/men/50.jpg', 'thumbnail': 'https://randomuser.me/api/portraits/thumb/men/50.jpg'}, 'nat': 'NZ'}], 'info': {'seed': 'd96cdf79d1d11aa8', 'results': 1, 'page': 1, 'version': '1.4'}}</msg>
<arg>${json_data}</arg>
<doc>Logs the given message with the given level.</doc>
<status status="PASS" start="2024-04-19T14:12:49.277862" elapsed="0.000247"/>
</kw>
<kw name="Should Be Equal As Numbers" owner="BuiltIn">
<arg>${json_data['results'][0]['location']['postcode']}</arg>
<arg>${json_data['results'][0]['location']['postcode']}</arg>
<doc>Fails if objects are unequal after converting them to real numbers.</doc>
<status status="PASS" start="2024-04-19T14:12:49.278415" elapsed="0.000808"/>
</kw>
<kw name="Log" owner="BuiltIn">
<msg time="2024-04-19T14:12:49.279763" level="INFO">62562</msg>
<arg>${json_data['results'][0]['location']['postcode']}</arg>
<doc>Logs the given message with the given level.</doc>
<status status="PASS" start="2024-04-19T14:12:49.279417" elapsed="0.000386"/>
</kw>
<status status="PASS" start="2024-04-19T14:12:49.180820" elapsed="0.099239"/>
</kw>
<doc>Testa se os tipos de dados na resposta da API estão corretos.</doc>
<tag>testeTiposDados</tag>
<status status="PASS" start="2024-04-19T14:12:49.073849" elapsed="0.206379"/>
</test>
<test id="s1-s1-t5" name="Validar conteudo" line="35">
<kw name="Teste de Tipos de Conteudo" owner="random-user-service">
<kw name="GET On Session" owner="RequestsLibrary">
<msg time="2024-04-19T14:12:49.383517" level="INFO">GET Request : url=https://randomuser.me/api 
 path_url=/api 
 headers={'User-Agent': 'python-requests/2.31.0', 'Accept-Encoding': 'gzip, deflate', 'Accept': '*/*', 'Connection': 'keep-alive'} 
 body=None 
 </msg>
<msg time="2024-04-19T14:12:49.383616" level="INFO">GET Response : url=https://randomuser.me/api 
 status=200, reason=OK 
 headers={'Date': 'Fri, 19 Apr 2024 14:12:49 GMT', 'Content-Type': 'application/json; charset=utf-8', 'Transfer-Encoding': 'chunked', 'Connection': 'keep-alive', 'X-Powered-By': 'Express', 'Access-Control-Allow-Origin': '*', 'Cache-Control': 'no-cache', 'ETag': 'W/"490-0yGvhfyzsuvz87no5MrNBYyBF8w"', 'Vary': 'Accept-Encoding', 'Content-Encoding': 'gzip', 'CF-Cache-Status': 'DYNAMIC', 'Report-To': '{"endpoints":[{"url":"https:\\/\\/a.nel.cloudflare.com\\/report\\/v4?s=p0f9Tu56C5xnWihREIWUgqKAZgGzCsFdZ0N593ZotOkZUYF%2BaQQ2PLxcgdZD9A7HcDdrZfpxq%2FbLglM1dJDcXbw1q8YTD1e%2B1FdidS0FT1b4BSkKh3UKwDfkE61FZSn1"}],"group":"cf-nel","max_age":604800}', 'NEL': '{"success_fraction":0,"report_to":"cf-nel","max_age":604800}', 'Server': 'cloudflare', 'CF-RAY': '876d7de00cb17c43-LAX', 'alt-svc': 'h3=":443"; ma=86400'} 
 body={"results":[{"gender":"female","name":{"title":"Ms","first":"Wandana","last":"Kossen"},"location":{"street":{"number":9111,"name":"Hof van Colmschate"},"city":"Jorwert","state":"Friesland","country":"Netherlands","postcode":"9988 RW","coordinates":{"latitude":"34.4429","longitude":"30.2869"},"timezone":{"offset":"-3:30","description":"Newfoundland"}},"email":"wandana.kossen@example.com","login":{"uuid":"f6f5eb63-b781-4b8c-8b59-b131ce614ae9","username":"organicpeacock187","password":"fountain","salt":"BFhQIXdT","md5":"7f1f03f3a348f438c582634bb552e3e3","sha1":"2684a4c1f63f94e6ef432292cab15092fef61fbd","sha256":"885758d753bcabae06f67370eb0039ddaab093b2a85b18f56d1a2c4f3c38948a"},"dob":{"date":"1957-06-17T04:25:49.301Z","age":66},"registered":{"date":"2004-06-01T05:04:27.426Z","age":19},"phone":"(094) 1269596","cell":"(06) 27215122","id":{"name":"BSN","value":"09474920"},"picture":{"large":"https://randomuser.me/api/portraits/women/78.jpg","medium":"https://randomuser.me/api/portraits/med/women/78.jpg","thumbnail":"https://randomuser.me/api/portraits/thumb/women/78.jpg"},"nat":"NL"}],"info":{"seed":"bd2335d6a08697fb","results":1,"page":1,"version":"1.4"}} 
 </msg>
<msg time="2024-04-19T14:12:49.383685" level="INFO">/opt/hostedtoolcache/Python/3.12.3/x64/lib/python3.12/site-packages/urllib3/connectionpool.py:1103: InsecureRequestWarning: Unverified HTTPS request is being made to host 'randomuser.me'. Adding certificate verification is strongly advised. See: https://urllib3.readthedocs.io/en/latest/advanced-usage.html#tls-warnings
  warnings.warn(</msg>
<msg time="2024-04-19T14:12:49.383830" level="INFO">${response} = &lt;Response [200]&gt;</msg>
<var>${response}</var>
<arg>consultarAPI</arg>
<arg>/api</arg>
<doc>Sends a GET request on a previously created HTTP Session.</doc>
<status status="PASS" start="2024-04-19T14:12:49.282767" elapsed="0.101106"/>
</kw>
<kw name="Set Variable" owner="BuiltIn">
<msg time="2024-04-19T14:12:49.384983" level="INFO">${json_data} = {'results': [{'gender': 'female', 'name': {'title': 'Ms', 'first': 'Wandana', 'last': 'Kossen'}, 'location': {'street': {'number': 9111, 'name': 'Hof van Colmschate'}, 'city': 'Jorwert', 'state': 'Fri...</msg>
<var>${json_data}</var>
<arg>${response.json()}</arg>
<doc>Returns the given values which can then be assigned to a variables.</doc>
<status status="PASS" start="2024-04-19T14:12:49.384415" elapsed="0.000597"/>
</kw>
<kw name="Set Variable" owner="BuiltIn">
<msg time="2024-04-19T14:12:49.385738" level="INFO">${name_title} = Ms</msg>
<var>${name_title}</var>
<arg>${json_data["results"][0]["name"]["title"]}</arg>
<doc>Returns the given values which can then be assigned to a variables.</doc>
<status status="PASS" start="2024-04-19T14:12:49.385341" elapsed="0.000422"/>
</kw>
<kw name="Create List" owner="BuiltIn">
<msg time="2024-04-19T14:12:49.386230" level="INFO">${allowed_titles} = ['Mr', 'Ms', 'Miss', 'Mrs', 'Madame', 'Monsieur']</msg>
<var>${allowed_titles}</var>
<arg>Mr</arg>
<arg>Ms</arg>
<arg>Miss</arg>
<arg>Mrs</arg>
<arg>Madame</arg>
<arg>Monsieur</arg>
<doc>Returns a list containing given items.</doc>
<status status="PASS" start="2024-04-19T14:12:49.386078" elapsed="0.000177"/>
</kw>
<kw name="List Should Contain Value" owner="Collections">
<msg time="2024-04-19T14:12:49.386738" level="INFO">False</msg>
<arg>${allowed_titles}</arg>
<arg>${name_title}</arg>
<doc>Fails if the ``value`` is not found from ``list``.</doc>
<status status="PASS" start="2024-04-19T14:12:49.386560" elapsed="0.000215"/>
</kw>
<kw name="Set Variable" owner="BuiltIn">
<msg time="2024-04-19T14:12:49.387455" level="INFO">${name_country} = NL</msg>
<var>${name_country}</var>
<arg>${json_data["results"][0]["nat"]}</arg>
<doc>Returns the given values which can then be assigned to a variables.</doc>
<status status="PASS" start="2024-04-19T14:12:49.387065" elapsed="0.000416"/>
</kw>
<kw name="Create List" owner="BuiltIn">
<msg time="2024-04-19T14:12:49.388371" level="INFO">${list_country} = ['AD', 'AE', 'AF', 'AG', 'AI', 'AL', 'AM', 'AO', 'AQ', 'AR', 'AS', 'AT', 'AU', 'AW', 'AX', 'AZ', 'BA', 'BB', 'BD', 'BE', 'BF', 'BG', 'BH', 'BI', 'BJ', 'BL', 'BM', 'BN', 'BO', 'BQ', 'BR', 'BS', 'BT', '...</msg>
<var>${list_country}</var>
<arg>AD</arg>
<arg>AE</arg>
<arg>AF</arg>
<arg>AG</arg>
<arg>AI</arg>
<arg>AL</arg>
<arg>AM</arg>
<arg>AO</arg>
<arg>AQ</arg>
<arg>AR</arg>
<arg>AS</arg>
<arg>AT</arg>
<arg>AU</arg>
<arg>AW</arg>
<arg>AX</arg>
<arg>AZ</arg>
<arg>BA</arg>
<arg>BB</arg>
<arg>BD</arg>
<arg>BE</arg>
<arg>BF</arg>
<arg>BG</arg>
<arg>BH</arg>
<arg>BI</arg>
<arg>BJ</arg>
<arg>BL</arg>
<arg>BM</arg>
<arg>BN</arg>
<arg>BO</arg>
<arg>BQ</arg>
<arg>BR</arg>
<arg>BS</arg>
<arg>BT</arg>
<arg>BV</arg>
<arg>BW</arg>
<arg>BY</arg>
<arg>BZ</arg>
<arg>CA</arg>
<arg>CC</arg>
<arg>CD</arg>
<arg>CF</arg>
<arg>CG</arg>
<arg>CH</arg>
<arg>CI</arg>
<arg>CK</arg>
<arg>CL</arg>
<arg>CM</arg>
<arg>CN</arg>
<arg>CO</arg>
<arg>CR</arg>
<arg>CU</arg>
<arg>CV</arg>
<arg>CW</arg>
<arg>CX</arg>
<arg>CY</arg>
<arg>CZ</arg>
<arg>DE</arg>
<arg>DJ</arg>
<arg>DK</arg>
<arg>DM</arg>
<arg>DO</arg>
<arg>DZ</arg>
<arg>EC</arg>
<arg>EE</arg>
<arg>EG</arg>
<arg>EH</arg>
<arg>ER</arg>
<arg>ES</arg>
<arg>ET</arg>
<arg>FI</arg>
<arg>FJ</arg>
<arg>FK</arg>
<arg>FM</arg>
<arg>FO</arg>
<arg>FR</arg>
<arg>GA</arg>
<arg>GB</arg>
<arg>GD</arg>
<arg>GE</arg>
<arg>GF</arg>
<arg>GG</arg>
<arg>GH</arg>
<arg>GI</arg>
<arg>GL</arg>
<arg>GM</arg>
<arg>GN</arg>
<arg>GP</arg>
<arg>GQ</arg>
<arg>GR</arg>
<arg>GS</arg>
<arg>GT</arg>
<arg>GU</arg>
<arg>GW</arg>
<arg>GY</arg>
<arg>HK</arg>
<arg>HM</arg>
<arg>HN</arg>
<arg>HR</arg>
<arg>HT</arg>
<arg>HU</arg>
<arg>ID</arg>
<arg>IE</arg>
<arg>IL</arg>
<arg>IM</arg>
<arg>IN</arg>
<arg>IO</arg>
<arg>IQ</arg>
<arg>IR</arg>
<arg>IS</arg>
<arg>IT</arg>
<arg>JE</arg>
<arg>JM</arg>
<arg>JO</arg>
<arg>JP</arg>
<arg>KE</arg>
<arg>KG</arg>
<arg>KH</arg>
<arg>KI</arg>
<arg>KM</arg>
<arg>KN</arg>
<arg>KP</arg>
<arg>KR</arg>
<arg>KW</arg>
<arg>KY</arg>
<arg>KZ</arg>
<arg>LA</arg>
<arg>LB</arg>
<arg>LC</arg>
<arg>LI</arg>
<arg>LK</arg>
<arg>LR</arg>
<arg>LS</arg>
<arg>LT</arg>
<arg>LU</arg>
<arg>LV</arg>
<arg>LY</arg>
<arg>MA</arg>
<arg>MC</arg>
<arg>MD</arg>
<arg>ME</arg>
<arg>MF</arg>
<arg>MG</arg>
<arg>MH</arg>
<arg>MK</arg>
<arg>ML</arg>
<arg>MM</arg>
<arg>MN</arg>
<arg>MO</arg>
<arg>MP</arg>
<arg>MQ</arg>
<arg>MR</arg>
<arg>MS</arg>
<arg>MT</arg>
<arg>MU</arg>
<arg>MV</arg>
<arg>MW</arg>
<arg>MX</arg>
<arg>MY</arg>
<arg>MZ</arg>
<arg>NA</arg>
<arg>NC</arg>
<arg>NE</arg>
<arg>NF</arg>
<arg>NG</arg>
<arg>NI</arg>
<arg>NL</arg>
<arg>NO</arg>
<arg>NP</arg>
<arg>NR</arg>
<arg>NU</arg>
<arg>NZ</arg>
<arg>OM</arg>
<arg>PA</arg>
<arg>PE</arg>
<arg>PF</arg>
<arg>PG</arg>
<arg>PH</arg>
<arg>PK</arg>
<arg>PL</arg>
<arg>PM</arg>
<arg>PN</arg>
<arg>PR</arg>
<arg>PS</arg>
<arg>PT</arg>
<arg>PW</arg>
<arg>PY</arg>
<arg>QA</arg>
<arg>RE</arg>
<arg>RO</arg>
<arg>RS</arg>
<arg>RU</arg>
<arg>RW</arg>
<arg>SA</arg>
<arg>SB</arg>
<arg>SC</arg>
<arg>SD</arg>
<arg>SE</arg>
<arg>SG</arg>
<arg>SH</arg>
<arg>SI</arg>
<arg>SJ</arg>
<arg>SK</arg>
<arg>SL</arg>
<arg>SM</arg>
<arg>SN</arg>
<arg>SO</arg>
<arg>SR</arg>
<arg>SS</arg>
<arg>ST</arg>
<arg>SV</arg>
<arg>SX</arg>
<arg>SY</arg>
<arg>SZ</arg>
<arg>TC</arg>
<arg>TD</arg>
<arg>TF</arg>
<arg>TG</arg>
<arg>TH</arg>
<arg>TJ</arg>
<arg>TK</arg>
<arg>TL</arg>
<arg>TM</arg>
<arg>TN</arg>
<arg>TO</arg>
<arg>TR</arg>
<arg>TT</arg>
<arg>TV</arg>
<arg>TW</arg>
<arg>TZ</arg>
<arg>UA</arg>
<arg>UG</arg>
<arg>UM</arg>
<arg>US</arg>
<arg>UY</arg>
<arg>UZ</arg>
<arg>VA</arg>
<arg>VC</arg>
<arg>VE</arg>
<arg>VG</arg>
<arg>VI</arg>
<arg>VN</arg>
<arg>VU</arg>
<arg>WF</arg>
<arg>WS</arg>
<arg>XK</arg>
<arg>YE</arg>
<arg>YT</arg>
<arg>ZA</arg>
<arg>ZM</arg>
<arg>ZW</arg>
<doc>Returns a list containing given items.</doc>
<status status="PASS" start="2024-04-19T14:12:49.387785" elapsed="0.000611"/>
</kw>
<kw name="List Should Contain Value" owner="Collections">
<msg time="2024-04-19T14:12:49.389439" level="INFO">False</msg>
<arg>${list_country}</arg>
<arg>${name_country}</arg>
<doc>Fails if the ``value`` is not found from ``list``.</doc>
<status status="PASS" start="2024-04-19T14:12:49.389235" elapsed="0.000241"/>
</kw>
<kw name="Run Keyword If" owner="BuiltIn">
<kw name="Should Be True" owner="BuiltIn">
<arg>${True}</arg>
<doc>Fails if the given condition is not true.</doc>
<status status="PASS" start="2024-04-19T14:12:49.390583" elapsed="0.000149"/>
</kw>
<arg>${json_data["results"][0]["location"]["coordinates"]["latitude"]} &gt;= -90 and ${json_data["results"][0]["location"]["coordinates"]["latitude"]} &lt;= 90</arg>
<arg>Should Be True</arg>
<arg>${True}</arg>
<doc>Runs the given keyword with the given arguments, if ``condition`` is true.</doc>
<status status="PASS" start="2024-04-19T14:12:49.389804" elapsed="0.001058"/>
</kw>
<kw name="Run Keyword If" owner="BuiltIn">
<kw name="Should Be True" owner="BuiltIn">
<arg>${True}</arg>
<doc>Fails if the given condition is not true.</doc>
<status status="PASS" start="2024-04-19T14:12:49.391773" elapsed="0.000270"/>
</kw>
<arg>${json_data["results"][0]["location"]["coordinates"]["longitude"]} &gt;= -180 and ${json_data["results"][0]["location"]["coordinates"]["longitude"]} &lt;= 180</arg>
<arg>Should Be True</arg>
<arg>${True}</arg>
<doc>Runs the given keyword with the given arguments, if ``condition`` is true.</doc>
<status status="PASS" start="2024-04-19T14:12:49.391061" elapsed="0.001111"/>
</kw>
<status status="PASS" start="2024-04-19T14:12:49.282535" elapsed="0.109773"/>
</kw>
<doc>Testa o conteúdo específico dos campos retornados pela API.</doc>
<tag>testeConteudo</tag>
<status status="PASS" start="2024-04-19T14:12:49.282043" elapsed="0.110416"/>
</test>
<status status="PASS" start="2024-04-19T14:12:48.416281" elapsed="0.978250"/>
</suite>
<status status="PASS" start="2024-04-19T14:12:48.400365" elapsed="0.999473"/>
</suite>
<statistics>
<total>
<stat pass="5" fail="0" skip="0">All Tests</stat>
</total>
<tag>
<stat pass="1" fail="0" skip="0">testeConteudo</stat>
<stat pass="1" fail="0" skip="0">testeEstruturaResposta</stat>
<stat pass="1" fail="0" skip="0">testeRequisicaoBasica</stat>
<stat pass="1" fail="0" skip="0">testeTiposDados</stat>
</tag>
<suite>
<stat pass="5" fail="0" skip="0" id="s1" name="Tests">Tests</stat>
<stat pass="5" fail="0" skip="0" id="s1-s1" name="Random-User-Test">Tests.Random-User-Test</stat>
</suite>
</statistics>
<errors>
</errors>
</robot>
