<?xml version="1.0" encoding="UTF-8"?>
<robot generator="Robot 7.0.1 (Python 3.12.4 on linux)" generated="2024-08-07T07:14:31.926754" rpa="false" schemaversion="5">
<suite id="s1" name="Tests" source="/home/runner/work/ApiRandomUser/ApiRandomUser/RamdonUser/tests">
<suite id="s1-s1" name="Random-User-Test" source="/home/runner/work/ApiRandomUser/ApiRandomUser/RamdonUser/tests/random-user-test.robot">
<test id="s1-s1-t1" name="Conectar" line="13">
<kw name="Conectar API" owner="random-user-service">
<kw name="Create Session" owner="RequestsLibrary">
<msg time="2024-08-07T07:14:32.345759" level="INFO">Creating Session using : alias=consultarAPI, url=https://randomuser.me/, headers={},                     cookies={}, auth=None, timeout=None, proxies=None, verify=False,                     debug=0 </msg>
<arg>consultarAPI</arg>
<arg>${URL}</arg>
<doc>Create Session: create a HTTP session to a server</doc>
<status status="PASS" start="2024-08-07T07:14:32.345551" elapsed="0.000410"/>
</kw>
<status status="PASS" start="2024-08-07T07:14:32.344418" elapsed="0.001919"/>
</kw>
<status status="PASS" start="2024-08-07T07:14:32.343837" elapsed="0.002699"/>
</test>
<test id="s1-s1-t2" name="Validar retorno 200 e JSON Válido" line="16">
<kw name="Teste de Requisicao Basica" owner="random-user-service">
<kw name="GET On Session" owner="RequestsLibrary">
<msg time="2024-08-07T07:14:32.919069" level="INFO">GET Request : url=https://randomuser.me/api 
 path_url=/api 
 headers={'User-Agent': 'python-requests/2.32.3', 'Accept-Encoding': 'gzip, deflate', 'Accept': '*/*', 'Connection': 'keep-alive'} 
 body=None 
 </msg>
<msg time="2024-08-07T07:14:32.919218" level="INFO">GET Response : url=https://randomuser.me/api 
 status=200, reason=OK 
 headers={'Date': 'Wed, 07 Aug 2024 07:14:32 GMT', 'Content-Type': 'application/json; charset=utf-8', 'Transfer-Encoding': 'chunked', 'Connection': 'keep-alive', 'X-Powered-By': 'Express', 'Access-Control-Allow-Origin': '*', 'Cache-Control': 'no-cache', 'ETag': 'W/"47d-4pwqCxSAPRK7wxlAq2trSgIYzEQ"', 'Vary': 'Accept-Encoding', 'Content-Encoding': 'gzip', 'CF-Cache-Status': 'DYNAMIC', 'Report-To': '{"endpoints":[{"url":"https:\\/\\/a.nel.cloudflare.com\\/report\\/v4?s=Ae4fFjLrcwOMcMe1pRaXhRhVqkFVHaYPIbRI71LGtT5nEoyPVOtgpCsHEaMI6aMxasXzmWcPcgLI6zX5VqFlhRd2I11Rhb0uZkwPNx4ufgR%2FJPS5m6ufHA1dDv8dNdVn"}],"group":"cf-nel","max_age":604800}', 'NEL': '{"success_fraction":0,"report_to":"cf-nel","max_age":604800}', 'Server': 'cloudflare', 'CF-RAY': '8af578685cf91588-SJC', 'alt-svc': 'h3=":443"; ma=86400'} 
 body={"results":[{"gender":"female","name":{"title":"Mrs","first":"Minea","last":"Nevala"},"location":{"street":{"number":5716,"name":"Korkeavuorenkatu"},"city":"Kuopio","state":"Lapland","country":"Finland","postcode":26367,"coordinates":{"latitude":"-24.1810","longitude":"12.9801"},"timezone":{"offset":"+5:45","description":"Kathmandu"}},"email":"minea.nevala@example.com","login":{"uuid":"998b9555-2647-4308-81f2-84c8a9161187","username":"blacklion344","password":"wifes","salt":"zrCnaGIe","md5":"00fc314540d86c05a7efd31a0ce9c4c9","sha1":"516d30358ccd0e5902f49a2aaa098ab5620805d3","sha256":"27e3fd141d2a44672cfe5f3629fde3da335f94ee066959235886af164cda1d9d"},"dob":{"date":"1987-12-28T11:03:29.436Z","age":36},"registered":{"date":"2013-03-18T02:09:02.594Z","age":11},"phone":"06-041-054","cell":"042-966-87-59","id":{"name":"HETU","value":"NaNNA782undefined"},"picture":{"large":"https://randomuser.me/api/portraits/women/64.jpg","medium":"https://randomuser.me/api/portraits/med/women/64.jpg","thumbnail":"https://randomuser.me/api/portraits/thumb/women/64.jpg"},"nat":"FI"}],"info":{"seed":"dc13918f484bf1ec","results":1,"page":1,"version":"1.4"}} 
 </msg>
<msg time="2024-08-07T07:14:32.919294" level="INFO">/opt/hostedtoolcache/Python/3.12.4/x64/lib/python3.12/site-packages/urllib3/connectionpool.py:1099: InsecureRequestWarning: Unverified HTTPS request is being made to host 'randomuser.me'. Adding certificate verification is strongly advised. See: https://urllib3.readthedocs.io/en/latest/advanced-usage.html#tls-warnings
  warnings.warn(</msg>
<msg time="2024-08-07T07:14:32.919452" level="INFO">${response} = &lt;Response [200]&gt;</msg>
<var>${response}</var>
<arg>consultarAPI</arg>
<arg>/api</arg>
<doc>Sends a GET request on a previously created HTTP Session.</doc>
<status status="PASS" start="2024-08-07T07:14:32.349211" elapsed="0.570282"/>
</kw>
<kw name="Should Be Equal As Numbers" owner="BuiltIn">
<msg time="2024-08-07T07:14:32.920473" level="INFO">Argument types are:
&lt;class 'int'&gt;
&lt;class 'str'&gt;</msg>
<arg>${response.status_code}</arg>
<arg>200</arg>
<doc>Fails if objects are unequal after converting them to real numbers.</doc>
<status status="PASS" start="2024-08-07T07:14:32.920018" elapsed="0.000518"/>
</kw>
<kw name="Log" owner="BuiltIn">
<msg time="2024-08-07T07:14:32.921247" level="INFO">200</msg>
<arg>${response.status_code}</arg>
<doc>Logs the given message with the given level.</doc>
<status status="PASS" start="2024-08-07T07:14:32.920848" elapsed="0.000441"/>
</kw>
<kw name="Set Variable" owner="BuiltIn">
<msg time="2024-08-07T07:14:32.922023" level="INFO">${json_data} = {'results': [{'gender': 'female', 'name': {'title': 'Mrs', 'first': 'Minea', 'last': 'Nevala'}, 'location': {'street': {'number': 5716, 'name': 'Korkeavuorenkatu'}, 'city': 'Kuopio', 'state': 'Lapland...</msg>
<var>${json_data}</var>
<arg>${response.json()}</arg>
<doc>Returns the given values which can then be assigned to a variables.</doc>
<status status="PASS" start="2024-08-07T07:14:32.921595" elapsed="0.000457"/>
</kw>
<kw name="Dictionary Should Contain Key" owner="Collections">
<arg>${json_data}</arg>
<arg>results</arg>
<doc>Fails if ``key`` is not found from ``dictionary``.</doc>
<status status="PASS" start="2024-08-07T07:14:32.922352" elapsed="0.000324"/>
</kw>
<status status="PASS" start="2024-08-07T07:14:32.348910" elapsed="0.573922"/>
</kw>
<doc>Testa se a API responde corretamente e retorna um objeto JSON válido.</doc>
<tag>testeRequisicaoBasica</tag>
<status status="PASS" start="2024-08-07T07:14:32.348427" elapsed="0.574577"/>
</test>
<test id="s1-s1-t3" name="Validar estrutura de resposta" line="22">
<kw name="Teste de Estrutura de Resposta" owner="random-user-service">
<kw name="GET On Session" owner="RequestsLibrary">
<msg time="2024-08-07T07:14:33.236643" level="INFO">GET Request : url=https://randomuser.me/api 
 path_url=/api 
 headers={'User-Agent': 'python-requests/2.32.3', 'Accept-Encoding': 'gzip, deflate', 'Accept': '*/*', 'Connection': 'keep-alive'} 
 body=None 
 </msg>
<msg time="2024-08-07T07:14:33.236746" level="INFO">GET Response : url=https://randomuser.me/api 
 status=200, reason=OK 
 headers={'Date': 'Wed, 07 Aug 2024 07:14:33 GMT', 'Content-Type': 'application/json; charset=utf-8', 'Transfer-Encoding': 'chunked', 'Connection': 'keep-alive', 'X-Powered-By': 'Express', 'Access-Control-Allow-Origin': '*', 'Cache-Control': 'no-cache', 'ETag': 'W/"4a3-ZgE4dNxOzNeFUWvAux7FVe9p1eE"', 'Vary': 'Accept-Encoding', 'Content-Encoding': 'gzip', 'CF-Cache-Status': 'DYNAMIC', 'Report-To': '{"endpoints":[{"url":"https:\\/\\/a.nel.cloudflare.com\\/report\\/v4?s=E7XbXnqBrdkxSnOzTi8adMbpQy8vomaYD%2FtCspPotmczHl7YKvPcn1WGoO27OboEcgljI7%2FsarxvKSir2iPOQn2y5AkiU8kQqHATnal5B5BUcHjcHbdON6JssoCVntbk"}],"group":"cf-nel","max_age":604800}', 'NEL': '{"success_fraction":0,"report_to":"cf-nel","max_age":604800}', 'Server': 'cloudflare', 'CF-RAY': '8af5786bcfe31588-SJC', 'alt-svc': 'h3=":443"; ma=86400'} 
 body={"results":[{"gender":"female","name":{"title":"Ms","first":"Martha","last":"Murphy"},"location":{"street":{"number":5509,"name":"Rolling Green Rd"},"city":"Reno","state":"New York","country":"United States","postcode":23977,"coordinates":{"latitude":"82.3925","longitude":"85.8669"},"timezone":{"offset":"+3:00","description":"Baghdad, Riyadh, Moscow, St. Petersburg"}},"email":"martha.murphy@example.com","login":{"uuid":"aad98bba-2f50-4e81-91cb-c43ae6feac91","username":"silverpeacock325","password":"shotgun","salt":"7vd4FfLg","md5":"1770787ac05449e2b17f970f56e6bfbe","sha1":"3ce664ffe9749bc09e99fe45efa48e547e0b1d39","sha256":"54fbb3939dd3df1a60dde36ac9dc9b0ba8295106914a6682f913a75279591c75"},"dob":{"date":"1957-08-29T18:56:48.759Z","age":66},"registered":{"date":"2015-10-02T12:41:47.889Z","age":8},"phone":"(598) 775-1541","cell":"(806) 503-0768","id":{"name":"SSN","value":"315-87-7013"},"picture":{"large":"https://randomuser.me/api/portraits/women/88.jpg","medium":"https://randomuser.me/api/portraits/med/women/88.jpg","thumbnail":"https://randomuser.me/api/portraits/thumb/women/88.jpg"},"nat":"US"}],"info":{"seed":"fac840495a8455e9","results":1,"page":1,"version":"1.4"}} 
 </msg>
<msg time="2024-08-07T07:14:33.236879" level="INFO">/opt/hostedtoolcache/Python/3.12.4/x64/lib/python3.12/site-packages/urllib3/connectionpool.py:1099: InsecureRequestWarning: Unverified HTTPS request is being made to host 'randomuser.me'. Adding certificate verification is strongly advised. See: https://urllib3.readthedocs.io/en/latest/advanced-usage.html#tls-warnings
  warnings.warn(</msg>
<msg time="2024-08-07T07:14:33.237056" level="INFO">${response} = &lt;Response [200]&gt;</msg>
<var>${response}</var>
<arg>consultarAPI</arg>
<arg>/api</arg>
<doc>Sends a GET request on a previously created HTTP Session.</doc>
<status status="PASS" start="2024-08-07T07:14:32.925660" elapsed="0.311442"/>
</kw>
<kw name="Set Variable" owner="BuiltIn">
<msg time="2024-08-07T07:14:33.238143" level="INFO">${json_data} = {'results': [{'gender': 'female', 'name': {'title': 'Ms', 'first': 'Martha', 'last': 'Murphy'}, 'location': {'street': {'number': 5509, 'name': 'Rolling Green Rd'}, 'city': 'Reno', 'state': 'New York'...</msg>
<var>${json_data}</var>
<arg>${response.json()}</arg>
<doc>Returns the given values which can then be assigned to a variables.</doc>
<status status="PASS" start="2024-08-07T07:14:33.237618" elapsed="0.000553"/>
</kw>
<kw name="Log" owner="BuiltIn">
<msg time="2024-08-07T07:14:33.238643" level="INFO">{'results': [{'gender': 'female', 'name': {'title': 'Ms', 'first': 'Martha', 'last': 'Murphy'}, 'location': {'street': {'number': 5509, 'name': 'Rolling Green Rd'}, 'city': 'Reno', 'state': 'New York', 'country': 'United States', 'postcode': 23977, 'coordinates': {'latitude': '82.3925', 'longitude': '85.8669'}, 'timezone': {'offset': '+3:00', 'description': 'Baghdad, Riyadh, Moscow, St. Petersburg'}}, 'email': 'martha.murphy@example.com', 'login': {'uuid': 'aad98bba-2f50-4e81-91cb-c43ae6feac91', 'username': 'silverpeacock325', 'password': 'shotgun', 'salt': '7vd4FfLg', 'md5': '1770787ac05449e2b17f970f56e6bfbe', 'sha1': '3ce664ffe9749bc09e99fe45efa48e547e0b1d39', 'sha256': '54fbb3939dd3df1a60dde36ac9dc9b0ba8295106914a6682f913a75279591c75'}, 'dob': {'date': '1957-08-29T18:56:48.759Z', 'age': 66}, 'registered': {'date': '2015-10-02T12:41:47.889Z', 'age': 8}, 'phone': '(598) 775-1541', 'cell': '(806) 503-0768', 'id': {'name': 'SSN', 'value': '315-87-7013'}, 'picture': {'large': 'https://randomuser.me/api/portraits/women/88.jpg', 'medium': 'https://randomuser.me/api/portraits/med/women/88.jpg', 'thumbnail': 'https://randomuser.me/api/portraits/thumb/women/88.jpg'}, 'nat': 'US'}], 'info': {'seed': 'fac840495a8455e9', 'results': 1, 'page': 1, 'version': '1.4'}}</msg>
<arg>${json_data}</arg>
<doc>Logs the given message with the given level.</doc>
<status status="PASS" start="2024-08-07T07:14:33.238483" elapsed="0.000207"/>
</kw>
<kw name="Dictionary Should Contain Key" owner="Collections">
<arg>${json_data}</arg>
<arg>results</arg>
<doc>Fails if ``key`` is not found from ``dictionary``.</doc>
<status status="PASS" start="2024-08-07T07:14:33.238979" elapsed="0.000163"/>
</kw>
<kw name="Should Not Be Empty" owner="BuiltIn">
<msg time="2024-08-07T07:14:33.239444" level="INFO">Length is 2.</msg>
<arg>${json_data}</arg>
<doc>Verifies that the given item is not empty.</doc>
<status status="PASS" start="2024-08-07T07:14:33.239322" elapsed="0.000159"/>
</kw>
<kw name="Create List" owner="BuiltIn">
<msg time="2024-08-07T07:14:33.239926" level="INFO">${expected_keys} = ['gender', 'name', 'location', 'email', 'login']</msg>
<var>${expected_keys}</var>
<arg>gender</arg>
<arg>name</arg>
<arg>location</arg>
<arg>email</arg>
<arg>login</arg>
<doc>Returns a list containing given items.</doc>
<status status="PASS" start="2024-08-07T07:14:33.239779" elapsed="0.000171"/>
</kw>
<for flavor="IN">
<iter>
<kw name="Dictionary Should Contain Key" owner="Collections">
<arg>${json_data['results'][0]}</arg>
<arg>${key}</arg>
<doc>Fails if ``key`` is not found from ``dictionary``.</doc>
<status status="PASS" start="2024-08-07T07:14:33.240573" elapsed="0.000438"/>
</kw>
<kw name="Log" owner="BuiltIn">
<msg time="2024-08-07T07:14:33.241582" level="INFO">{'gender': 'female', 'name': {'title': 'Ms', 'first': 'Martha', 'last': 'Murphy'}, 'location': {'street': {'number': 5509, 'name': 'Rolling Green Rd'}, 'city': 'Reno', 'state': 'New York', 'country': 'United States', 'postcode': 23977, 'coordinates': {'latitude': '82.3925', 'longitude': '85.8669'}, 'timezone': {'offset': '+3:00', 'description': 'Baghdad, Riyadh, Moscow, St. Petersburg'}}, 'email': 'martha.murphy@example.com', 'login': {'uuid': 'aad98bba-2f50-4e81-91cb-c43ae6feac91', 'username': 'silverpeacock325', 'password': 'shotgun', 'salt': '7vd4FfLg', 'md5': '1770787ac05449e2b17f970f56e6bfbe', 'sha1': '3ce664ffe9749bc09e99fe45efa48e547e0b1d39', 'sha256': '54fbb3939dd3df1a60dde36ac9dc9b0ba8295106914a6682f913a75279591c75'}, 'dob': {'date': '1957-08-29T18:56:48.759Z', 'age': 66}, 'registered': {'date': '2015-10-02T12:41:47.889Z', 'age': 8}, 'phone': '(598) 775-1541', 'cell': '(806) 503-0768', 'id': {'name': 'SSN', 'value': '315-87-7013'}, 'picture': {'large': 'https://randomuser.me/api/portraits/women/88.jpg', 'medium': 'https://randomuser.me/api/portraits/med/women/88.jpg', 'thumbnail': 'https://randomuser.me/api/portraits/thumb/women/88.jpg'}, 'nat': 'US'}</msg>
<arg>${json_data['results'][0]}</arg>
<doc>Logs the given message with the given level.</doc>
<status status="PASS" start="2024-08-07T07:14:33.241220" elapsed="0.000409"/>
</kw>
<kw name="Log" owner="BuiltIn">
<msg time="2024-08-07T07:14:33.242052" level="INFO">gender</msg>
<arg>${key}</arg>
<doc>Logs the given message with the given level.</doc>
<status status="PASS" start="2024-08-07T07:14:33.241925" elapsed="0.000164"/>
</kw>
<var name="${key}">gender</var>
<status status="PASS" start="2024-08-07T07:14:33.240444" elapsed="0.001870"/>
</iter>
<iter>
<kw name="Dictionary Should Contain Key" owner="Collections">
<arg>${json_data['results'][0]}</arg>
<arg>${key}</arg>
<doc>Fails if ``key`` is not found from ``dictionary``.</doc>
<status status="PASS" start="2024-08-07T07:14:33.242617" elapsed="0.000383"/>
</kw>
<kw name="Log" owner="BuiltIn">
<msg time="2024-08-07T07:14:33.243567" level="INFO">{'gender': 'female', 'name': {'title': 'Ms', 'first': 'Martha', 'last': 'Murphy'}, 'location': {'street': {'number': 5509, 'name': 'Rolling Green Rd'}, 'city': 'Reno', 'state': 'New York', 'country': 'United States', 'postcode': 23977, 'coordinates': {'latitude': '82.3925', 'longitude': '85.8669'}, 'timezone': {'offset': '+3:00', 'description': 'Baghdad, Riyadh, Moscow, St. Petersburg'}}, 'email': 'martha.murphy@example.com', 'login': {'uuid': 'aad98bba-2f50-4e81-91cb-c43ae6feac91', 'username': 'silverpeacock325', 'password': 'shotgun', 'salt': '7vd4FfLg', 'md5': '1770787ac05449e2b17f970f56e6bfbe', 'sha1': '3ce664ffe9749bc09e99fe45efa48e547e0b1d39', 'sha256': '54fbb3939dd3df1a60dde36ac9dc9b0ba8295106914a6682f913a75279591c75'}, 'dob': {'date': '1957-08-29T18:56:48.759Z', 'age': 66}, 'registered': {'date': '2015-10-02T12:41:47.889Z', 'age': 8}, 'phone': '(598) 775-1541', 'cell': '(806) 503-0768', 'id': {'name': 'SSN', 'value': '315-87-7013'}, 'picture': {'large': 'https://randomuser.me/api/portraits/women/88.jpg', 'medium': 'https://randomuser.me/api/portraits/med/women/88.jpg', 'thumbnail': 'https://randomuser.me/api/portraits/thumb/women/88.jpg'}, 'nat': 'US'}</msg>
<arg>${json_data['results'][0]}</arg>
<doc>Logs the given message with the given level.</doc>
<status status="PASS" start="2024-08-07T07:14:33.243181" elapsed="0.000434"/>
</kw>
<kw name="Log" owner="BuiltIn">
<msg time="2024-08-07T07:14:33.244030" level="INFO">name</msg>
<arg>${key}</arg>
<doc>Logs the given message with the given level.</doc>
<status status="PASS" start="2024-08-07T07:14:33.243904" elapsed="0.000173"/>
</kw>
<var name="${key}">name</var>
<status status="PASS" start="2024-08-07T07:14:33.242501" elapsed="0.001792"/>
</iter>
<iter>
<kw name="Dictionary Should Contain Key" owner="Collections">
<arg>${json_data['results'][0]}</arg>
<arg>${key}</arg>
<doc>Fails if ``key`` is not found from ``dictionary``.</doc>
<status status="PASS" start="2024-08-07T07:14:33.244579" elapsed="0.000380"/>
</kw>
<kw name="Log" owner="BuiltIn">
<msg time="2024-08-07T07:14:33.245507" level="INFO">{'gender': 'female', 'name': {'title': 'Ms', 'first': 'Martha', 'last': 'Murphy'}, 'location': {'street': {'number': 5509, 'name': 'Rolling Green Rd'}, 'city': 'Reno', 'state': 'New York', 'country': 'United States', 'postcode': 23977, 'coordinates': {'latitude': '82.3925', 'longitude': '85.8669'}, 'timezone': {'offset': '+3:00', 'description': 'Baghdad, Riyadh, Moscow, St. Petersburg'}}, 'email': 'martha.murphy@example.com', 'login': {'uuid': 'aad98bba-2f50-4e81-91cb-c43ae6feac91', 'username': 'silverpeacock325', 'password': 'shotgun', 'salt': '7vd4FfLg', 'md5': '1770787ac05449e2b17f970f56e6bfbe', 'sha1': '3ce664ffe9749bc09e99fe45efa48e547e0b1d39', 'sha256': '54fbb3939dd3df1a60dde36ac9dc9b0ba8295106914a6682f913a75279591c75'}, 'dob': {'date': '1957-08-29T18:56:48.759Z', 'age': 66}, 'registered': {'date': '2015-10-02T12:41:47.889Z', 'age': 8}, 'phone': '(598) 775-1541', 'cell': '(806) 503-0768', 'id': {'name': 'SSN', 'value': '315-87-7013'}, 'picture': {'large': 'https://randomuser.me/api/portraits/women/88.jpg', 'medium': 'https://randomuser.me/api/portraits/med/women/88.jpg', 'thumbnail': 'https://randomuser.me/api/portraits/thumb/women/88.jpg'}, 'nat': 'US'}</msg>
<arg>${json_data['results'][0]}</arg>
<doc>Logs the given message with the given level.</doc>
<status status="PASS" start="2024-08-07T07:14:33.245162" elapsed="0.000392"/>
</kw>
<kw name="Log" owner="BuiltIn">
<msg time="2024-08-07T07:14:33.245982" level="INFO">location</msg>
<arg>${key}</arg>
<doc>Logs the given message with the given level.</doc>
<status status="PASS" start="2024-08-07T07:14:33.245854" elapsed="0.000164"/>
</kw>
<var name="${key}">location</var>
<status status="PASS" start="2024-08-07T07:14:33.244471" elapsed="0.001774"/>
</iter>
<iter>
<kw name="Dictionary Should Contain Key" owner="Collections">
<arg>${json_data['results'][0]}</arg>
<arg>${key}</arg>
<doc>Fails if ``key`` is not found from ``dictionary``.</doc>
<status status="PASS" start="2024-08-07T07:14:33.246559" elapsed="0.000395"/>
</kw>
<kw name="Log" owner="BuiltIn">
<msg time="2024-08-07T07:14:33.247613" level="INFO">{'gender': 'female', 'name': {'title': 'Ms', 'first': 'Martha', 'last': 'Murphy'}, 'location': {'street': {'number': 5509, 'name': 'Rolling Green Rd'}, 'city': 'Reno', 'state': 'New York', 'country': 'United States', 'postcode': 23977, 'coordinates': {'latitude': '82.3925', 'longitude': '85.8669'}, 'timezone': {'offset': '+3:00', 'description': 'Baghdad, Riyadh, Moscow, St. Petersburg'}}, 'email': 'martha.murphy@example.com', 'login': {'uuid': 'aad98bba-2f50-4e81-91cb-c43ae6feac91', 'username': 'silverpeacock325', 'password': 'shotgun', 'salt': '7vd4FfLg', 'md5': '1770787ac05449e2b17f970f56e6bfbe', 'sha1': '3ce664ffe9749bc09e99fe45efa48e547e0b1d39', 'sha256': '54fbb3939dd3df1a60dde36ac9dc9b0ba8295106914a6682f913a75279591c75'}, 'dob': {'date': '1957-08-29T18:56:48.759Z', 'age': 66}, 'registered': {'date': '2015-10-02T12:41:47.889Z', 'age': 8}, 'phone': '(598) 775-1541', 'cell': '(806) 503-0768', 'id': {'name': 'SSN', 'value': '315-87-7013'}, 'picture': {'large': 'https://randomuser.me/api/portraits/women/88.jpg', 'medium': 'https://randomuser.me/api/portraits/med/women/88.jpg', 'thumbnail': 'https://randomuser.me/api/portraits/thumb/women/88.jpg'}, 'nat': 'US'}</msg>
<arg>${json_data['results'][0]}</arg>
<doc>Logs the given message with the given level.</doc>
<status status="PASS" start="2024-08-07T07:14:33.247262" elapsed="0.000398"/>
</kw>
<kw name="Log" owner="BuiltIn">
<msg time="2024-08-07T07:14:33.248089" level="INFO">email</msg>
<arg>${key}</arg>
<doc>Logs the given message with the given level.</doc>
<status status="PASS" start="2024-08-07T07:14:33.247958" elapsed="0.000170"/>
</kw>
<var name="${key}">email</var>
<status status="PASS" start="2024-08-07T07:14:33.246449" elapsed="0.001896"/>
</iter>
<iter>
<kw name="Dictionary Should Contain Key" owner="Collections">
<arg>${json_data['results'][0]}</arg>
<arg>${key}</arg>
<doc>Fails if ``key`` is not found from ``dictionary``.</doc>
<status status="PASS" start="2024-08-07T07:14:33.248629" elapsed="0.000406"/>
</kw>
<kw name="Log" owner="BuiltIn">
<msg time="2024-08-07T07:14:33.249579" level="INFO">{'gender': 'female', 'name': {'title': 'Ms', 'first': 'Martha', 'last': 'Murphy'}, 'location': {'street': {'number': 5509, 'name': 'Rolling Green Rd'}, 'city': 'Reno', 'state': 'New York', 'country': 'United States', 'postcode': 23977, 'coordinates': {'latitude': '82.3925', 'longitude': '85.8669'}, 'timezone': {'offset': '+3:00', 'description': 'Baghdad, Riyadh, Moscow, St. Petersburg'}}, 'email': 'martha.murphy@example.com', 'login': {'uuid': 'aad98bba-2f50-4e81-91cb-c43ae6feac91', 'username': 'silverpeacock325', 'password': 'shotgun', 'salt': '7vd4FfLg', 'md5': '1770787ac05449e2b17f970f56e6bfbe', 'sha1': '3ce664ffe9749bc09e99fe45efa48e547e0b1d39', 'sha256': '54fbb3939dd3df1a60dde36ac9dc9b0ba8295106914a6682f913a75279591c75'}, 'dob': {'date': '1957-08-29T18:56:48.759Z', 'age': 66}, 'registered': {'date': '2015-10-02T12:41:47.889Z', 'age': 8}, 'phone': '(598) 775-1541', 'cell': '(806) 503-0768', 'id': {'name': 'SSN', 'value': '315-87-7013'}, 'picture': {'large': 'https://randomuser.me/api/portraits/women/88.jpg', 'medium': 'https://randomuser.me/api/portraits/med/women/88.jpg', 'thumbnail': 'https://randomuser.me/api/portraits/thumb/women/88.jpg'}, 'nat': 'US'}</msg>
<arg>${json_data['results'][0]}</arg>
<doc>Logs the given message with the given level.</doc>
<status status="PASS" start="2024-08-07T07:14:33.249224" elapsed="0.000403"/>
</kw>
<kw name="Log" owner="BuiltIn">
<msg time="2024-08-07T07:14:33.250046" level="INFO">login</msg>
<arg>${key}</arg>
<doc>Logs the given message with the given level.</doc>
<status status="PASS" start="2024-08-07T07:14:33.249918" elapsed="0.000165"/>
</kw>
<var name="${key}">login</var>
<status status="PASS" start="2024-08-07T07:14:33.248520" elapsed="0.001778"/>
</iter>
<var>${key}</var>
<value>@{expected_keys}</value>
<status status="PASS" start="2024-08-07T07:14:33.240240" elapsed="0.010186"/>
</for>
<kw name="Create List" owner="BuiltIn">
<msg time="2024-08-07T07:14:33.250790" level="INFO">${expected_keysTwo} = ['username', 'password']</msg>
<var>${expected_keysTwo}</var>
<arg>username</arg>
<arg>password</arg>
<doc>Returns a list containing given items.</doc>
<status status="PASS" start="2024-08-07T07:14:33.250650" elapsed="0.000164"/>
</kw>
<for flavor="IN">
<iter>
<kw name="Dictionary Should Contain Key" owner="Collections">
<arg>${json_data['results'][0]['login']}</arg>
<arg>${keyTwo}</arg>
<doc>Fails if ``key`` is not found from ``dictionary``.</doc>
<status status="PASS" start="2024-08-07T07:14:33.251317" elapsed="0.000387"/>
</kw>
<kw name="Dictionary Should Contain Key" owner="Collections">
<arg>${json_data['results'][0]['login']}</arg>
<arg>${keyTwo}</arg>
<doc>Fails if ``key`` is not found from ``dictionary``.</doc>
<status status="PASS" start="2024-08-07T07:14:33.251880" elapsed="0.000371"/>
</kw>
<kw name="Log" owner="BuiltIn">
<msg time="2024-08-07T07:14:33.252557" level="INFO">username</msg>
<arg>${keyTwo}</arg>
<doc>Logs the given message with the given level.</doc>
<status status="PASS" start="2024-08-07T07:14:33.252435" elapsed="0.000159"/>
</kw>
<var name="${keyTwo}">username</var>
<status status="PASS" start="2024-08-07T07:14:33.251211" elapsed="0.001606"/>
</iter>
<iter>
<kw name="Dictionary Should Contain Key" owner="Collections">
<arg>${json_data['results'][0]['login']}</arg>
<arg>${keyTwo}</arg>
<doc>Fails if ``key`` is not found from ``dictionary``.</doc>
<status status="PASS" start="2024-08-07T07:14:33.253123" elapsed="0.000381"/>
</kw>
<kw name="Dictionary Should Contain Key" owner="Collections">
<arg>${json_data['results'][0]['login']}</arg>
<arg>${keyTwo}</arg>
<doc>Fails if ``key`` is not found from ``dictionary``.</doc>
<status status="PASS" start="2024-08-07T07:14:33.253682" elapsed="0.000365"/>
</kw>
<kw name="Log" owner="BuiltIn">
<msg time="2024-08-07T07:14:33.254340" level="INFO">password</msg>
<arg>${keyTwo}</arg>
<doc>Logs the given message with the given level.</doc>
<status status="PASS" start="2024-08-07T07:14:33.254223" elapsed="0.000154"/>
</kw>
<var name="${keyTwo}">password</var>
<status status="PASS" start="2024-08-07T07:14:33.253014" elapsed="0.001587"/>
</iter>
<var>${keyTwo}</var>
<value>@{expected_keysTwo}</value>
<status status="PASS" start="2024-08-07T07:14:33.251055" elapsed="0.003667"/>
</for>
<status status="PASS" start="2024-08-07T07:14:32.925426" elapsed="0.329440"/>
</kw>
<doc>Testa a estrutura da resposta da API.</doc>
<tag>testeEstruturaResposta</tag>
<status status="PASS" start="2024-08-07T07:14:32.924800" elapsed="0.330230"/>
</test>
<test id="s1-s1-t4" name="Validar tipos de dados" line="28">
<kw name="Teste de Tipos de Dados" owner="random-user-service">
<kw name="GET On Session" owner="RequestsLibrary">
<msg time="2024-08-07T07:14:33.619173" level="INFO">GET Request : url=https://randomuser.me/api 
 path_url=/api 
 headers={'User-Agent': 'python-requests/2.32.3', 'Accept-Encoding': 'gzip, deflate', 'Accept': '*/*', 'Connection': 'keep-alive'} 
 body=None 
 </msg>
<msg time="2024-08-07T07:14:33.619281" level="INFO">GET Response : url=https://randomuser.me/api 
 status=200, reason=OK 
 headers={'Date': 'Wed, 07 Aug 2024 07:14:33 GMT', 'Content-Type': 'application/json; charset=utf-8', 'Transfer-Encoding': 'chunked', 'Connection': 'keep-alive', 'X-Powered-By': 'Express', 'Access-Control-Allow-Origin': '*', 'Cache-Control': 'no-cache', 'ETag': 'W/"492-8Stkwnu3XGXQGjk/wZ6nLxIBR/4"', 'Vary': 'Accept-Encoding', 'Content-Encoding': 'gzip', 'CF-Cache-Status': 'DYNAMIC', 'Report-To': '{"endpoints":[{"url":"https:\\/\\/a.nel.cloudflare.com\\/report\\/v4?s=8SOPhCvUFcndNucry1tOJYFhqZPgyfurc5AL92lHwbEz1aMxFvMa6DBrua2QOAUD6F2JkZU1APu%2FETX3epRVBuxFfAunQRvMQrLg1vGAYAL6hU6mqB52DdkZowAbBoPf"}],"group":"cf-nel","max_age":604800}', 'NEL': '{"success_fraction":0,"report_to":"cf-nel","max_age":604800}', 'Server': 'cloudflare', 'CF-RAY': '8af5786dd9b01588-SJC', 'alt-svc': 'h3=":443"; ma=86400'} 
 body={"results":[{"gender":"female","name":{"title":"Ms","first":"Penny","last":"Peterson"},"location":{"street":{"number":5694,"name":"Fincher Rd"},"city":"Geraldton","state":"Northern Territory","country":"Australia","postcode":7310,"coordinates":{"latitude":"-89.6557","longitude":"89.4127"},"timezone":{"offset":"-12:00","description":"Eniwetok, Kwajalein"}},"email":"penny.peterson@example.com","login":{"uuid":"cbe09464-b765-434e-aa90-8ba7bc474fba","username":"beautifullion732","password":"mike123","salt":"Eyvnp5yN","md5":"b9b7da9459d3ae731bf9f65d23576b3e","sha1":"3f287b846e25e62404c6234097e5c9ce2e215fc3","sha256":"b8a724334caaa0d90f3b410e52eaca6160016aade7fcb72a100abb3dcdc4d00d"},"dob":{"date":"1980-11-03T03:18:59.298Z","age":43},"registered":{"date":"2011-06-15T08:05:53.581Z","age":13},"phone":"08-2429-7623","cell":"0436-275-132","id":{"name":"TFN","value":"920495786"},"picture":{"large":"https://randomuser.me/api/portraits/women/71.jpg","medium":"https://randomuser.me/api/portraits/med/women/71.jpg","thumbnail":"https://randomuser.me/api/portraits/thumb/women/71.jpg"},"nat":"AU"}],"info":{"seed":"3d8d3e7cfa87e2f2","results":1,"page":1,"version":"1.4"}} 
 </msg>
<msg time="2024-08-07T07:14:33.619360" level="INFO">/opt/hostedtoolcache/Python/3.12.4/x64/lib/python3.12/site-packages/urllib3/connectionpool.py:1099: InsecureRequestWarning: Unverified HTTPS request is being made to host 'randomuser.me'. Adding certificate verification is strongly advised. See: https://urllib3.readthedocs.io/en/latest/advanced-usage.html#tls-warnings
  warnings.warn(</msg>
<msg time="2024-08-07T07:14:33.619493" level="INFO">${response} = &lt;Response [200]&gt;</msg>
<var>${response}</var>
<arg>consultarAPI</arg>
<arg>/api</arg>
<doc>Sends a GET request on a previously created HTTP Session.</doc>
<status status="PASS" start="2024-08-07T07:14:33.257693" elapsed="0.361831"/>
</kw>
<kw name="Set Variable" owner="BuiltIn">
<msg time="2024-08-07T07:14:33.620607" level="INFO">${json_data} = {'results': [{'gender': 'female', 'name': {'title': 'Ms', 'first': 'Penny', 'last': 'Peterson'}, 'location': {'street': {'number': 5694, 'name': 'Fincher Rd'}, 'city': 'Geraldton', 'state': 'Northern ...</msg>
<var>${json_data}</var>
<arg>${response.json()}</arg>
<doc>Returns the given values which can then be assigned to a variables.</doc>
<status status="PASS" start="2024-08-07T07:14:33.620087" elapsed="0.000548"/>
</kw>
<kw name="Log" owner="BuiltIn">
<msg time="2024-08-07T07:14:33.621147" level="INFO">{'results': [{'gender': 'female', 'name': {'title': 'Ms', 'first': 'Penny', 'last': 'Peterson'}, 'location': {'street': {'number': 5694, 'name': 'Fincher Rd'}, 'city': 'Geraldton', 'state': 'Northern Territory', 'country': 'Australia', 'postcode': 7310, 'coordinates': {'latitude': '-89.6557', 'longitude': '89.4127'}, 'timezone': {'offset': '-12:00', 'description': 'Eniwetok, Kwajalein'}}, 'email': 'penny.peterson@example.com', 'login': {'uuid': 'cbe09464-b765-434e-aa90-8ba7bc474fba', 'username': 'beautifullion732', 'password': 'mike123', 'salt': 'Eyvnp5yN', 'md5': 'b9b7da9459d3ae731bf9f65d23576b3e', 'sha1': '3f287b846e25e62404c6234097e5c9ce2e215fc3', 'sha256': 'b8a724334caaa0d90f3b410e52eaca6160016aade7fcb72a100abb3dcdc4d00d'}, 'dob': {'date': '1980-11-03T03:18:59.298Z', 'age': 43}, 'registered': {'date': '2011-06-15T08:05:53.581Z', 'age': 13}, 'phone': '08-2429-7623', 'cell': '0436-275-132', 'id': {'name': 'TFN', 'value': '920495786'}, 'picture': {'large': 'https://randomuser.me/api/portraits/women/71.jpg', 'medium': 'https://randomuser.me/api/portraits/med/women/71.jpg', 'thumbnail': 'https://randomuser.me/api/portraits/thumb/women/71.jpg'}, 'nat': 'AU'}], 'info': {'seed': '3d8d3e7cfa87e2f2', 'results': 1, 'page': 1, 'version': '1.4'}}</msg>
<arg>${json_data}</arg>
<doc>Logs the given message with the given level.</doc>
<status status="PASS" start="2024-08-07T07:14:33.620946" elapsed="0.000248"/>
</kw>
<kw name="Should Be String" owner="String">
<arg>${json_data['results'][0]['gender']}</arg>
<doc>Fails if the given ``item`` is not a string.</doc>
<status status="PASS" start="2024-08-07T07:14:33.621487" elapsed="0.000368"/>
</kw>
<kw name="Should Match Regexp" owner="BuiltIn">
<arg>${json_data['results'][0]['email']}</arg>
<arg>^[a-zA-Z0-9._%+-]+@[a-zA-Z0-9.-]+\.[a-zA-Z]{2,}$</arg>
<doc>Fails if ``string`` does not match ``pattern`` as a regular expression.</doc>
<status status="PASS" start="2024-08-07T07:14:33.622080" elapsed="0.000516"/>
</kw>
<kw name="Should Match Regexp" owner="BuiltIn">
<arg>${json_data['results'][0]['dob']['date']}</arg>
<arg>\\d{4}-\\d{2}-\\d{2}T\\d{2}:\\d{2}:\\d{2}\\.\\d{3}Z</arg>
<doc>Fails if ``string`` does not match ``pattern`` as a regular expression.</doc>
<status status="PASS" start="2024-08-07T07:14:33.622787" elapsed="0.000636"/>
</kw>
<kw name="Should Match Regexp" owner="BuiltIn">
<arg>${json_data['results'][0]['registered']['date']}</arg>
<arg>\\d{4}-\\d{2}-\\d{2}T\\d{2}:\\d{2}:\\d{2}\\.\\d{3}Z</arg>
<doc>Fails if ``string`` does not match ``pattern`` as a regular expression.</doc>
<status status="PASS" start="2024-08-07T07:14:33.623613" elapsed="0.000370"/>
</kw>
<kw name="Should Match Regexp" owner="BuiltIn">
<arg>${json_data['results'][0]['picture']['large']}</arg>
<arg>^https?://.*\.(?:png|jpe?g|gif|bmp)$</arg>
<doc>Fails if ``string`` does not match ``pattern`` as a regular expression.</doc>
<status status="PASS" start="2024-08-07T07:14:33.624167" elapsed="0.000459"/>
</kw>
<kw name="Should Match Regexp" owner="BuiltIn">
<arg>${json_data['results'][0]['picture']['medium']}</arg>
<arg>^https?://.*\.(?:png|jpe?g|gif|bmp)$</arg>
<doc>Fails if ``string`` does not match ``pattern`` as a regular expression.</doc>
<status status="PASS" start="2024-08-07T07:14:33.624811" elapsed="0.000397"/>
</kw>
<kw name="Should Match Regexp" owner="BuiltIn">
<arg>${json_data['results'][0]['picture']['thumbnail']}</arg>
<arg>^https?://.*\.(?:png|jpe?g|gif|bmp)$</arg>
<doc>Fails if ``string`` does not match ``pattern`` as a regular expression.</doc>
<status status="PASS" start="2024-08-07T07:14:33.625391" elapsed="0.000348"/>
</kw>
<kw name="Log" owner="BuiltIn">
<msg time="2024-08-07T07:14:33.626247" level="INFO">{'large': 'https://randomuser.me/api/portraits/women/71.jpg', 'medium': 'https://randomuser.me/api/portraits/med/women/71.jpg', 'thumbnail': 'https://randomuser.me/api/portraits/thumb/women/71.jpg'}</msg>
<arg>${json_data['results'][0]['picture']}</arg>
<doc>Logs the given message with the given level.</doc>
<status status="PASS" start="2024-08-07T07:14:33.625917" elapsed="0.000374"/>
</kw>
<status status="PASS" start="2024-08-07T07:14:33.257447" elapsed="0.369140"/>
</kw>
<kw name="Teste de Tipos de Dados - Postcode" owner="random-user-service">
<kw name="GET On Session" owner="RequestsLibrary">
<msg time="2024-08-07T07:14:34.083703" level="INFO">GET Request : url=https://randomuser.me/api 
 path_url=/api 
 headers={'User-Agent': 'python-requests/2.32.3', 'Accept-Encoding': 'gzip, deflate', 'Accept': '*/*', 'Connection': 'keep-alive'} 
 body=None 
 </msg>
<msg time="2024-08-07T07:14:34.083816" level="INFO">GET Response : url=https://randomuser.me/api 
 status=200, reason=OK 
 headers={'Date': 'Wed, 07 Aug 2024 07:14:34 GMT', 'Content-Type': 'application/json; charset=utf-8', 'Transfer-Encoding': 'chunked', 'Connection': 'keep-alive', 'X-Powered-By': 'Express', 'Access-Control-Allow-Origin': '*', 'Cache-Control': 'no-cache', 'ETag': 'W/"492-rYKivnD3HkAxZ4tCx1EtSsMPlkY"', 'Vary': 'Accept-Encoding', 'Content-Encoding': 'gzip', 'CF-Cache-Status': 'DYNAMIC', 'Report-To': '{"endpoints":[{"url":"https:\\/\\/a.nel.cloudflare.com\\/report\\/v4?s=9ANzRTAknVcWPaBToPHQrrSIpQwgeiX1PElevzAuZhWa4LYB16Uy%2Bkq49KqsZyRm1%2F9egl5UzSb9YCpzobFCDaXZMS0S1Lr%2FwFvtCdPuqkiQSAaEe%2FycsmivOVRsk9jn"}],"group":"cf-nel","max_age":604800}', 'NEL': '{"success_fraction":0,"report_to":"cf-nel","max_age":604800}', 'Server': 'cloudflare', 'CF-RAY': '8af578702b5b1588-SJC', 'alt-svc': 'h3=":443"; ma=86400'} 
 body={"results":[{"gender":"female","name":{"title":"Ms","first":"Ayat","last":"Ressem"},"location":{"street":{"number":6890,"name":"Schwachs gate"},"city":"Dombås","state":"Finnmark - Finnmárku","country":"Norway","postcode":"6549","coordinates":{"latitude":"46.2795","longitude":"112.3646"},"timezone":{"offset":"+4:00","description":"Abu Dhabi, Muscat, Baku, Tbilisi"}},"email":"ayat.ressem@example.com","login":{"uuid":"2ae9bb14-f759-4978-a09f-f77f377e730f","username":"yellowzebra498","password":"monopoly","salt":"BtMMEHlb","md5":"019dd272e28a2c9234009064038fa732","sha1":"9b343c406d0a5dc49f02cc1334e5b4b2a79c030f","sha256":"c0fb79476383108c5408f38ca8b9ab37229e7bcaf32d4dda024ce429abe31c3e"},"dob":{"date":"1971-06-11T16:06:26.731Z","age":53},"registered":{"date":"2021-12-26T11:01:03.406Z","age":2},"phone":"54842097","cell":"48359712","id":{"name":"FN","value":"11067145854"},"picture":{"large":"https://randomuser.me/api/portraits/women/20.jpg","medium":"https://randomuser.me/api/portraits/med/women/20.jpg","thumbnail":"https://randomuser.me/api/portraits/thumb/women/20.jpg"},"nat":"NO"}],"info":{"seed":"8f73bc217f942fb4","results":1,"page":1,"version":"1.4"}} 
 </msg>
<msg time="2024-08-07T07:14:34.083904" level="INFO">/opt/hostedtoolcache/Python/3.12.4/x64/lib/python3.12/site-packages/urllib3/connectionpool.py:1099: InsecureRequestWarning: Unverified HTTPS request is being made to host 'randomuser.me'. Adding certificate verification is strongly advised. See: https://urllib3.readthedocs.io/en/latest/advanced-usage.html#tls-warnings
  warnings.warn(</msg>
<msg time="2024-08-07T07:14:34.084033" level="INFO">${response} = &lt;Response [200]&gt;</msg>
<var>${response}</var>
<arg>consultarAPI</arg>
<arg>/api</arg>
<doc>Sends a GET request on a previously created HTTP Session.</doc>
<status status="PASS" start="2024-08-07T07:14:33.627053" elapsed="0.457020"/>
</kw>
<kw name="Set Variable" owner="BuiltIn">
<msg time="2024-08-07T07:14:34.085368" level="INFO">${json_data} = {'results': [{'gender': 'female', 'name': {'title': 'Ms', 'first': 'Ayat', 'last': 'Ressem'}, 'location': {'street': {'number': 6890, 'name': 'Schwachs gate'}, 'city': 'Dombås', 'state': 'Finnmark - F...</msg>
<var>${json_data}</var>
<arg>${response.json()}</arg>
<doc>Returns the given values which can then be assigned to a variables.</doc>
<status status="PASS" start="2024-08-07T07:14:34.084725" elapsed="0.000673"/>
</kw>
<kw name="Log" owner="BuiltIn">
<msg time="2024-08-07T07:14:34.085896" level="INFO">{'results': [{'gender': 'female', 'name': {'title': 'Ms', 'first': 'Ayat', 'last': 'Ressem'}, 'location': {'street': {'number': 6890, 'name': 'Schwachs gate'}, 'city': 'Dombås', 'state': 'Finnmark - Finnmárku', 'country': 'Norway', 'postcode': '6549', 'coordinates': {'latitude': '46.2795', 'longitude': '112.3646'}, 'timezone': {'offset': '+4:00', 'description': 'Abu Dhabi, Muscat, Baku, Tbilisi'}}, 'email': 'ayat.ressem@example.com', 'login': {'uuid': '2ae9bb14-f759-4978-a09f-f77f377e730f', 'username': 'yellowzebra498', 'password': 'monopoly', 'salt': 'BtMMEHlb', 'md5': '019dd272e28a2c9234009064038fa732', 'sha1': '9b343c406d0a5dc49f02cc1334e5b4b2a79c030f', 'sha256': 'c0fb79476383108c5408f38ca8b9ab37229e7bcaf32d4dda024ce429abe31c3e'}, 'dob': {'date': '1971-06-11T16:06:26.731Z', 'age': 53}, 'registered': {'date': '2021-12-26T11:01:03.406Z', 'age': 2}, 'phone': '54842097', 'cell': '48359712', 'id': {'name': 'FN', 'value': '11067145854'}, 'picture': {'large': 'https://randomuser.me/api/portraits/women/20.jpg', 'medium': 'https://randomuser.me/api/portraits/med/women/20.jpg', 'thumbnail': 'https://randomuser.me/api/portraits/thumb/women/20.jpg'}, 'nat': 'NO'}], 'info': {'seed': '8f73bc217f942fb4', 'results': 1, 'page': 1, 'version': '1.4'}}</msg>
<arg>${json_data}</arg>
<doc>Logs the given message with the given level.</doc>
<status status="PASS" start="2024-08-07T07:14:34.085729" elapsed="0.000216"/>
</kw>
<kw name="Should Be Equal As Numbers" owner="BuiltIn">
<arg>${json_data['results'][0]['location']['postcode']}</arg>
<arg>${json_data['results'][0]['location']['postcode']}</arg>
<doc>Fails if objects are unequal after converting them to real numbers.</doc>
<status status="PASS" start="2024-08-07T07:14:34.086243" elapsed="0.000633"/>
</kw>
<kw name="Log" owner="BuiltIn">
<msg time="2024-08-07T07:14:34.087444" level="INFO">6549</msg>
<arg>${json_data['results'][0]['location']['postcode']}</arg>
<doc>Logs the given message with the given level.</doc>
<status status="PASS" start="2024-08-07T07:14:34.087100" elapsed="0.000384"/>
</kw>
<status status="PASS" start="2024-08-07T07:14:33.626820" elapsed="0.460927"/>
</kw>
<doc>Testa se os tipos de dados na resposta da API estão corretos.</doc>
<tag>testeTiposDados</tag>
<status status="PASS" start="2024-08-07T07:14:33.256818" elapsed="0.831104"/>
</test>
<test id="s1-s1-t5" name="Validar conteudo" line="35">
<kw name="Teste de Tipos de Conteudo" owner="random-user-service">
<kw name="GET On Session" owner="RequestsLibrary">
<msg time="2024-08-07T07:14:34.237236" level="INFO">GET Request : url=https://randomuser.me/api 
 path_url=/api 
 headers={'User-Agent': 'python-requests/2.32.3', 'Accept-Encoding': 'gzip, deflate', 'Accept': '*/*', 'Connection': 'keep-alive'} 
 body=None 
 </msg>
<msg time="2024-08-07T07:14:34.237333" level="INFO">GET Response : url=https://randomuser.me/api 
 status=200, reason=OK 
 headers={'Date': 'Wed, 07 Aug 2024 07:14:34 GMT', 'Content-Type': 'application/json; charset=utf-8', 'Transfer-Encoding': 'chunked', 'Connection': 'keep-alive', 'X-Powered-By': 'Express', 'Access-Control-Allow-Origin': '*', 'Cache-Control': 'no-cache', 'ETag': 'W/"47f-B6wVxBQfjvu2X8cnFZJY2qfoJuU"', 'Vary': 'Accept-Encoding', 'Content-Encoding': 'gzip', 'CF-Cache-Status': 'DYNAMIC', 'Report-To': '{"endpoints":[{"url":"https:\\/\\/a.nel.cloudflare.com\\/report\\/v4?s=IVedUksSDvh6gGltFlF9%2FCMxYhGEtS9m%2BXIeLYT0q0zmTUluOc%2B9qV2Zp%2BrrWT9d2aCJtkRE5ZXhVCfffJWG0KhtYvvjx2AqZxpCEb1vb%2BuHPaFjEKvc0MLVydk5cfum"}],"group":"cf-nel","max_age":604800}', 'NEL': '{"success_fraction":0,"report_to":"cf-nel","max_age":604800}', 'Server': 'cloudflare', 'CF-RAY': '8af578731db31588-SJC', 'alt-svc': 'h3=":443"; ma=86400'} 
 body={"results":[{"gender":"male","name":{"title":"Mr","first":"Macit","last":"Bakırcıoğlu"},"location":{"street":{"number":5498,"name":"Atatürk Sk"},"city":"Osmaniye","state":"Uşak","country":"Turkey","postcode":71591,"coordinates":{"latitude":"70.5702","longitude":"-20.6500"},"timezone":{"offset":"-8:00","description":"Pacific Time (US &amp; Canada)"}},"email":"macit.bakircioglu@example.com","login":{"uuid":"a2280fca-c189-4bed-b519-c3d673452b2b","username":"bigmeercat811","password":"facial","salt":"VgHMS310","md5":"6b5dec16dfbaa2284ef541141e1bcda0","sha1":"ecd15907703c23695ef57b0bab3db33a22cbf37f","sha256":"849ea0b3cb54b3fb2c0cff47ddfaba8b4634ab8a36d372f32c24c716e9a64d36"},"dob":{"date":"1958-04-07T09:02:07.133Z","age":66},"registered":{"date":"2019-06-16T03:09:28.201Z","age":5},"phone":"(423)-317-1769","cell":"(835)-473-1642","id":{"name":"","value":null},"picture":{"large":"https://randomuser.me/api/portraits/men/40.jpg","medium":"https://randomuser.me/api/portraits/med/men/40.jpg","thumbnail":"https://randomuser.me/api/portraits/thumb/men/40.jpg"},"nat":"TR"}],"info":{"seed":"28c00decabfceb4f","results":1,"page":1,"version":"1.4"}} 
 </msg>
<msg time="2024-08-07T07:14:34.237413" level="INFO">/opt/hostedtoolcache/Python/3.12.4/x64/lib/python3.12/site-packages/urllib3/connectionpool.py:1099: InsecureRequestWarning: Unverified HTTPS request is being made to host 'randomuser.me'. Adding certificate verification is strongly advised. See: https://urllib3.readthedocs.io/en/latest/advanced-usage.html#tls-warnings
  warnings.warn(</msg>
<msg time="2024-08-07T07:14:34.237535" level="INFO">${response} = &lt;Response [200]&gt;</msg>
<var>${response}</var>
<arg>consultarAPI</arg>
<arg>/api</arg>
<doc>Sends a GET request on a previously created HTTP Session.</doc>
<status status="PASS" start="2024-08-07T07:14:34.091310" elapsed="0.146264"/>
</kw>
<kw name="Set Variable" owner="BuiltIn">
<msg time="2024-08-07T07:14:34.238820" level="INFO">${json_data} = {'results': [{'gender': 'male', 'name': {'title': 'Mr', 'first': 'Macit', 'last': 'Bakırcıoğlu'}, 'location': {'street': {'number': 5498, 'name': 'Atatürk Sk'}, 'city': 'Osmaniye', 'state': 'Uşak', 'c...</msg>
<var>${json_data}</var>
<arg>${response.json()}</arg>
<doc>Returns the given values which can then be assigned to a variables.</doc>
<status status="PASS" start="2024-08-07T07:14:34.238213" elapsed="0.000637"/>
</kw>
<kw name="Set Variable" owner="BuiltIn">
<msg time="2024-08-07T07:14:34.239556" level="INFO">${name_title} = Mr</msg>
<var>${name_title}</var>
<arg>${json_data["results"][0]["name"]["title"]}</arg>
<doc>Returns the given values which can then be assigned to a variables.</doc>
<status status="PASS" start="2024-08-07T07:14:34.239164" elapsed="0.000418"/>
</kw>
<kw name="Create List" owner="BuiltIn">
<msg time="2024-08-07T07:14:34.240031" level="INFO">${allowed_titles} = ['Mr', 'Ms', 'Miss', 'Mrs', 'Madame', 'Monsieur']</msg>
<var>${allowed_titles}</var>
<arg>Mr</arg>
<arg>Ms</arg>
<arg>Miss</arg>
<arg>Mrs</arg>
<arg>Madame</arg>
<arg>Monsieur</arg>
<doc>Returns a list containing given items.</doc>
<status status="PASS" start="2024-08-07T07:14:34.239882" elapsed="0.000174"/>
</kw>
<kw name="List Should Contain Value" owner="Collections">
<arg>${allowed_titles}</arg>
<arg>${name_title}</arg>
<doc>Fails if the ``value`` is not found from ``list``.</doc>
<status status="PASS" start="2024-08-07T07:14:34.240358" elapsed="0.000176"/>
</kw>
<kw name="Set Variable" owner="BuiltIn">
<msg time="2024-08-07T07:14:34.241140" level="INFO">${name_country} = TR</msg>
<var>${name_country}</var>
<arg>${json_data["results"][0]["nat"]}</arg>
<doc>Returns the given values which can then be assigned to a variables.</doc>
<status status="PASS" start="2024-08-07T07:14:34.240719" elapsed="0.000447"/>
</kw>
<kw name="Create List" owner="BuiltIn">
<msg time="2024-08-07T07:14:34.242059" level="INFO">${list_country} = ['AD', 'AE', 'AF', 'AG', 'AI', 'AL', 'AM', 'AO', 'AQ', 'AR', 'AS', 'AT', 'AU', 'AW', 'AX', 'AZ', 'BA', 'BB', 'BD', 'BE', 'BF', 'BG', 'BH', 'BI', 'BJ', 'BL', 'BM', 'BN', 'BO', 'BQ', 'BR', 'BS', 'BT', '...</msg>
<var>${list_country}</var>
<arg>AD</arg>
<arg>AE</arg>
<arg>AF</arg>
<arg>AG</arg>
<arg>AI</arg>
<arg>AL</arg>
<arg>AM</arg>
<arg>AO</arg>
<arg>AQ</arg>
<arg>AR</arg>
<arg>AS</arg>
<arg>AT</arg>
<arg>AU</arg>
<arg>AW</arg>
<arg>AX</arg>
<arg>AZ</arg>
<arg>BA</arg>
<arg>BB</arg>
<arg>BD</arg>
<arg>BE</arg>
<arg>BF</arg>
<arg>BG</arg>
<arg>BH</arg>
<arg>BI</arg>
<arg>BJ</arg>
<arg>BL</arg>
<arg>BM</arg>
<arg>BN</arg>
<arg>BO</arg>
<arg>BQ</arg>
<arg>BR</arg>
<arg>BS</arg>
<arg>BT</arg>
<arg>BV</arg>
<arg>BW</arg>
<arg>BY</arg>
<arg>BZ</arg>
<arg>CA</arg>
<arg>CC</arg>
<arg>CD</arg>
<arg>CF</arg>
<arg>CG</arg>
<arg>CH</arg>
<arg>CI</arg>
<arg>CK</arg>
<arg>CL</arg>
<arg>CM</arg>
<arg>CN</arg>
<arg>CO</arg>
<arg>CR</arg>
<arg>CU</arg>
<arg>CV</arg>
<arg>CW</arg>
<arg>CX</arg>
<arg>CY</arg>
<arg>CZ</arg>
<arg>DE</arg>
<arg>DJ</arg>
<arg>DK</arg>
<arg>DM</arg>
<arg>DO</arg>
<arg>DZ</arg>
<arg>EC</arg>
<arg>EE</arg>
<arg>EG</arg>
<arg>EH</arg>
<arg>ER</arg>
<arg>ES</arg>
<arg>ET</arg>
<arg>FI</arg>
<arg>FJ</arg>
<arg>FK</arg>
<arg>FM</arg>
<arg>FO</arg>
<arg>FR</arg>
<arg>GA</arg>
<arg>GB</arg>
<arg>GD</arg>
<arg>GE</arg>
<arg>GF</arg>
<arg>GG</arg>
<arg>GH</arg>
<arg>GI</arg>
<arg>GL</arg>
<arg>GM</arg>
<arg>GN</arg>
<arg>GP</arg>
<arg>GQ</arg>
<arg>GR</arg>
<arg>GS</arg>
<arg>GT</arg>
<arg>GU</arg>
<arg>GW</arg>
<arg>GY</arg>
<arg>HK</arg>
<arg>HM</arg>
<arg>HN</arg>
<arg>HR</arg>
<arg>HT</arg>
<arg>HU</arg>
<arg>ID</arg>
<arg>IE</arg>
<arg>IL</arg>
<arg>IM</arg>
<arg>IN</arg>
<arg>IO</arg>
<arg>IQ</arg>
<arg>IR</arg>
<arg>IS</arg>
<arg>IT</arg>
<arg>JE</arg>
<arg>JM</arg>
<arg>JO</arg>
<arg>JP</arg>
<arg>KE</arg>
<arg>KG</arg>
<arg>KH</arg>
<arg>KI</arg>
<arg>KM</arg>
<arg>KN</arg>
<arg>KP</arg>
<arg>KR</arg>
<arg>KW</arg>
<arg>KY</arg>
<arg>KZ</arg>
<arg>LA</arg>
<arg>LB</arg>
<arg>LC</arg>
<arg>LI</arg>
<arg>LK</arg>
<arg>LR</arg>
<arg>LS</arg>
<arg>LT</arg>
<arg>LU</arg>
<arg>LV</arg>
<arg>LY</arg>
<arg>MA</arg>
<arg>MC</arg>
<arg>MD</arg>
<arg>ME</arg>
<arg>MF</arg>
<arg>MG</arg>
<arg>MH</arg>
<arg>MK</arg>
<arg>ML</arg>
<arg>MM</arg>
<arg>MN</arg>
<arg>MO</arg>
<arg>MP</arg>
<arg>MQ</arg>
<arg>MR</arg>
<arg>MS</arg>
<arg>MT</arg>
<arg>MU</arg>
<arg>MV</arg>
<arg>MW</arg>
<arg>MX</arg>
<arg>MY</arg>
<arg>MZ</arg>
<arg>NA</arg>
<arg>NC</arg>
<arg>NE</arg>
<arg>NF</arg>
<arg>NG</arg>
<arg>NI</arg>
<arg>NL</arg>
<arg>NO</arg>
<arg>NP</arg>
<arg>NR</arg>
<arg>NU</arg>
<arg>NZ</arg>
<arg>OM</arg>
<arg>PA</arg>
<arg>PE</arg>
<arg>PF</arg>
<arg>PG</arg>
<arg>PH</arg>
<arg>PK</arg>
<arg>PL</arg>
<arg>PM</arg>
<arg>PN</arg>
<arg>PR</arg>
<arg>PS</arg>
<arg>PT</arg>
<arg>PW</arg>
<arg>PY</arg>
<arg>QA</arg>
<arg>RE</arg>
<arg>RO</arg>
<arg>RS</arg>
<arg>RU</arg>
<arg>RW</arg>
<arg>SA</arg>
<arg>SB</arg>
<arg>SC</arg>
<arg>SD</arg>
<arg>SE</arg>
<arg>SG</arg>
<arg>SH</arg>
<arg>SI</arg>
<arg>SJ</arg>
<arg>SK</arg>
<arg>SL</arg>
<arg>SM</arg>
<arg>SN</arg>
<arg>SO</arg>
<arg>SR</arg>
<arg>SS</arg>
<arg>ST</arg>
<arg>SV</arg>
<arg>SX</arg>
<arg>SY</arg>
<arg>SZ</arg>
<arg>TC</arg>
<arg>TD</arg>
<arg>TF</arg>
<arg>TG</arg>
<arg>TH</arg>
<arg>TJ</arg>
<arg>TK</arg>
<arg>TL</arg>
<arg>TM</arg>
<arg>TN</arg>
<arg>TO</arg>
<arg>TR</arg>
<arg>TT</arg>
<arg>TV</arg>
<arg>TW</arg>
<arg>TZ</arg>
<arg>UA</arg>
<arg>UG</arg>
<arg>UM</arg>
<arg>US</arg>
<arg>UY</arg>
<arg>UZ</arg>
<arg>VA</arg>
<arg>VC</arg>
<arg>VE</arg>
<arg>VG</arg>
<arg>VI</arg>
<arg>VN</arg>
<arg>VU</arg>
<arg>WF</arg>
<arg>WS</arg>
<arg>XK</arg>
<arg>YE</arg>
<arg>YT</arg>
<arg>ZA</arg>
<arg>ZM</arg>
<arg>ZW</arg>
<doc>Returns a list containing given items.</doc>
<status status="PASS" start="2024-08-07T07:14:34.241461" elapsed="0.000624"/>
</kw>
<kw name="List Should Contain Value" owner="Collections">
<arg>${list_country}</arg>
<arg>${name_country}</arg>
<doc>Fails if the ``value`` is not found from ``list``.</doc>
<status status="PASS" start="2024-08-07T07:14:34.243059" elapsed="0.000210"/>
</kw>
<kw name="Run Keyword If" owner="BuiltIn">
<kw name="Should Be True" owner="BuiltIn">
<arg>${True}</arg>
<doc>Fails if the given condition is not true.</doc>
<status status="PASS" start="2024-08-07T07:14:34.244214" elapsed="0.000141"/>
</kw>
<arg>${json_data["results"][0]["location"]["coordinates"]["latitude"]} &gt;= -90 and ${json_data["results"][0]["location"]["coordinates"]["latitude"]} &lt;= 90</arg>
<arg>Should Be True</arg>
<arg>${True}</arg>
<doc>Runs the given keyword with the given arguments, if ``condition`` is true.</doc>
<status status="PASS" start="2024-08-07T07:14:34.243466" elapsed="0.001014"/>
</kw>
<kw name="Run Keyword If" owner="BuiltIn">
<kw name="Should Be True" owner="BuiltIn">
<arg>${True}</arg>
<doc>Fails if the given condition is not true.</doc>
<status status="PASS" start="2024-08-07T07:14:34.245375" elapsed="0.000137"/>
</kw>
<arg>${json_data["results"][0]["location"]["coordinates"]["longitude"]} &gt;= -180 and ${json_data["results"][0]["location"]["coordinates"]["longitude"]} &lt;= 180</arg>
<arg>Should Be True</arg>
<arg>${True}</arg>
<doc>Runs the given keyword with the given arguments, if ``condition`` is true.</doc>
<status status="PASS" start="2024-08-07T07:14:34.244658" elapsed="0.000976"/>
</kw>
<status status="PASS" start="2024-08-07T07:14:34.090903" elapsed="0.154862"/>
</kw>
<doc>Testa o conteúdo específico dos campos retornados pela API.</doc>
<tag>testeConteudo</tag>
<status status="PASS" start="2024-08-07T07:14:34.090154" elapsed="0.155765"/>
</test>
<status status="PASS" start="2024-08-07T07:14:31.988868" elapsed="2.259029"/>
</suite>
<status status="PASS" start="2024-08-07T07:14:31.973908" elapsed="2.279250"/>
</suite>
<statistics>
<total>
<stat pass="5" fail="0" skip="0">All Tests</stat>
</total>
<tag>
<stat pass="1" fail="0" skip="0">testeConteudo</stat>
<stat pass="1" fail="0" skip="0">testeEstruturaResposta</stat>
<stat pass="1" fail="0" skip="0">testeRequisicaoBasica</stat>
<stat pass="1" fail="0" skip="0">testeTiposDados</stat>
</tag>
<suite>
<stat pass="5" fail="0" skip="0" id="s1" name="Tests">Tests</stat>
<stat pass="5" fail="0" skip="0" id="s1-s1" name="Random-User-Test">Tests.Random-User-Test</stat>
</suite>
</statistics>
<errors>
</errors>
</robot>
