<?xml version="1.0" encoding="UTF-8"?>
<robot generator="Robot 7.0.1 (Python 3.12.4 on linux)" generated="2024-07-25T04:18:43.897940" rpa="false" schemaversion="5">
<suite id="s1" name="Tests" source="/home/runner/work/ApiRandomUser/ApiRandomUser/RamdonUser/tests">
<suite id="s1-s1" name="Random-User-Test" source="/home/runner/work/ApiRandomUser/ApiRandomUser/RamdonUser/tests/random-user-test.robot">
<test id="s1-s1-t1" name="Conectar" line="13">
<kw name="Conectar API" owner="random-user-service">
<kw name="Create Session" owner="RequestsLibrary">
<msg time="2024-07-25T04:18:44.334841" level="INFO">Creating Session using : alias=consultarAPI, url=https://randomuser.me/, headers={},                     cookies={}, auth=None, timeout=None, proxies=None, verify=False,                     debug=0 </msg>
<arg>consultarAPI</arg>
<arg>${URL}</arg>
<doc>Create Session: create a HTTP session to a server</doc>
<status status="PASS" start="2024-07-25T04:18:44.334634" elapsed="0.000416"/>
</kw>
<status status="PASS" start="2024-07-25T04:18:44.333508" elapsed="0.001924"/>
</kw>
<status status="PASS" start="2024-07-25T04:18:44.332859" elapsed="0.002770"/>
</test>
<test id="s1-s1-t2" name="Validar retorno 200 e JSON Válido" line="16">
<kw name="Teste de Requisicao Basica" owner="random-user-service">
<kw name="GET On Session" owner="RequestsLibrary">
<msg time="2024-07-25T04:18:44.411276" level="INFO">GET Request : url=https://randomuser.me/api 
 path_url=/api 
 headers={'User-Agent': 'python-requests/2.32.3', 'Accept-Encoding': 'gzip, deflate', 'Accept': '*/*', 'Connection': 'keep-alive'} 
 body=None 
 </msg>
<msg time="2024-07-25T04:18:44.411439" level="INFO">GET Response : url=https://randomuser.me/api 
 status=200, reason=OK 
 headers={'Date': 'Thu, 25 Jul 2024 04:18:44 GMT', 'Content-Type': 'application/json; charset=utf-8', 'Transfer-Encoding': 'chunked', 'Connection': 'keep-alive', 'X-Powered-By': 'Express', 'Access-Control-Allow-Origin': '*', 'Cache-Control': 'no-cache', 'ETag': 'W/"48a-QymszXFNe0oM+FcEgL+/uS9gjec"', 'Vary': 'Accept-Encoding', 'Content-Encoding': 'gzip', 'CF-Cache-Status': 'DYNAMIC', 'Report-To': '{"endpoints":[{"url":"https:\\/\\/a.nel.cloudflare.com\\/report\\/v4?s=YOdxzFlmg%2Fg%2FJjOHqBjPFL9N5wiOwP4R4AbK7fTXCe8%2Bq46OIVUnyEG7V4Q%2B%2FghMtF8fwz0G3MKgBBoBaw2ugGAHZA7WFckS29jnn6G9aPRVmObZTe2gxP4OCqg63aRS"}],"group":"cf-nel","max_age":604800}', 'NEL': '{"success_fraction":0,"report_to":"cf-nel","max_age":604800}', 'Server': 'cloudflare', 'CF-RAY': '8a8959034f112024-IAD', 'alt-svc': 'h3=":443"; ma=86400'} 
 body={"results":[{"gender":"female","name":{"title":"Mrs","first":"Lydia","last":"Tesfay"},"location":{"street":{"number":2173,"name":"Leiv Eirikssons gate"},"city":"Botten","state":"Troms - Romsa","country":"Norway","postcode":"4008","coordinates":{"latitude":"42.6279","longitude":"153.7115"},"timezone":{"offset":"+2:00","description":"Kaliningrad, South Africa"}},"email":"lydia.tesfay@example.com","login":{"uuid":"9d98371d-993c-41a7-9290-9d0924d7ff10","username":"angrymouse871","password":"modles","salt":"MnXdNEMk","md5":"1bc113923bb467678a20d5940beabbbe","sha1":"3033e5a2c38a02ea5f0d1e0e223337a120fca40e","sha256":"0e869d7e610d1b51d96f919f0d0dc0bb42be491d3f169b0ea337c50eddb4004b"},"dob":{"date":"1945-09-26T22:12:59.556Z","age":78},"registered":{"date":"2014-04-01T15:37:18.466Z","age":10},"phone":"38499102","cell":"97142888","id":{"name":"FN","value":"26094516837"},"picture":{"large":"https://randomuser.me/api/portraits/women/16.jpg","medium":"https://randomuser.me/api/portraits/med/women/16.jpg","thumbnail":"https://randomuser.me/api/portraits/thumb/women/16.jpg"},"nat":"NO"}],"info":{"seed":"f4a60977d444645d","results":1,"page":1,"version":"1.4"}} 
 </msg>
<msg time="2024-07-25T04:18:44.411526" level="INFO">/opt/hostedtoolcache/Python/3.12.4/x64/lib/python3.12/site-packages/urllib3/connectionpool.py:1099: InsecureRequestWarning: Unverified HTTPS request is being made to host 'randomuser.me'. Adding certificate verification is strongly advised. See: https://urllib3.readthedocs.io/en/latest/advanced-usage.html#tls-warnings
  warnings.warn(</msg>
<msg time="2024-07-25T04:18:44.411683" level="INFO">${response} = &lt;Response [200]&gt;</msg>
<var>${response}</var>
<arg>consultarAPI</arg>
<arg>/api</arg>
<doc>Sends a GET request on a previously created HTTP Session.</doc>
<status status="PASS" start="2024-07-25T04:18:44.338412" elapsed="0.073314"/>
</kw>
<kw name="Should Be Equal As Numbers" owner="BuiltIn">
<msg time="2024-07-25T04:18:44.412968" level="INFO">Argument types are:
&lt;class 'int'&gt;
&lt;class 'str'&gt;</msg>
<arg>${response.status_code}</arg>
<arg>200</arg>
<doc>Fails if objects are unequal after converting them to real numbers.</doc>
<status status="PASS" start="2024-07-25T04:18:44.412434" elapsed="0.000602"/>
</kw>
<kw name="Log" owner="BuiltIn">
<msg time="2024-07-25T04:18:44.413795" level="INFO">200</msg>
<arg>${response.status_code}</arg>
<doc>Logs the given message with the given level.</doc>
<status status="PASS" start="2024-07-25T04:18:44.413390" elapsed="0.000452"/>
</kw>
<kw name="Set Variable" owner="BuiltIn">
<msg time="2024-07-25T04:18:44.414752" level="INFO">${json_data} = {'results': [{'gender': 'female', 'name': {'title': 'Mrs', 'first': 'Lydia', 'last': 'Tesfay'}, 'location': {'street': {'number': 2173, 'name': 'Leiv Eirikssons gate'}, 'city': 'Botten', 'state': 'Tro...</msg>
<var>${json_data}</var>
<arg>${response.json()}</arg>
<doc>Returns the given values which can then be assigned to a variables.</doc>
<status status="PASS" start="2024-07-25T04:18:44.414183" elapsed="0.000598"/>
</kw>
<kw name="Dictionary Should Contain Key" owner="Collections">
<arg>${json_data}</arg>
<arg>results</arg>
<doc>Fails if ``key`` is not found from ``dictionary``.</doc>
<status status="PASS" start="2024-07-25T04:18:44.415096" elapsed="0.000454"/>
</kw>
<status status="PASS" start="2024-07-25T04:18:44.338067" elapsed="0.077657"/>
</kw>
<doc>Testa se a API responde corretamente e retorna um objeto JSON válido.</doc>
<tag>testeRequisicaoBasica</tag>
<status status="PASS" start="2024-07-25T04:18:44.337513" elapsed="0.078398"/>
</test>
<test id="s1-s1-t3" name="Validar estrutura de resposta" line="22">
<kw name="Teste de Estrutura de Resposta" owner="random-user-service">
<kw name="GET On Session" owner="RequestsLibrary">
<msg time="2024-07-25T04:18:44.505270" level="INFO">GET Request : url=https://randomuser.me/api 
 path_url=/api 
 headers={'User-Agent': 'python-requests/2.32.3', 'Accept-Encoding': 'gzip, deflate', 'Accept': '*/*', 'Connection': 'keep-alive'} 
 body=None 
 </msg>
<msg time="2024-07-25T04:18:44.505385" level="INFO">GET Response : url=https://randomuser.me/api 
 status=200, reason=OK 
 headers={'Date': 'Thu, 25 Jul 2024 04:18:44 GMT', 'Content-Type': 'application/json; charset=utf-8', 'Transfer-Encoding': 'chunked', 'Connection': 'keep-alive', 'X-Powered-By': 'Express', 'Access-Control-Allow-Origin': '*', 'Cache-Control': 'no-cache', 'ETag': 'W/"497-D8YNDwXrHl1D8S8kep4G/suIWIM"', 'Vary': 'Accept-Encoding', 'Content-Encoding': 'gzip', 'CF-Cache-Status': 'DYNAMIC', 'Report-To': '{"endpoints":[{"url":"https:\\/\\/a.nel.cloudflare.com\\/report\\/v4?s=qn49f7bld9qhkCVoE4By3XxaM6Rbw8iNZpwxWJZ%2FV13fybQEMYXiBRWBVYdcnf%2B4Rt4gGOPjrsQFBQBgy1Bs0%2F14vf5OtyOQkM9ygWbAMtZgaWP%2FTzl5p8DZ8gNnIler"}],"group":"cf-nel","max_age":604800}', 'NEL': '{"success_fraction":0,"report_to":"cf-nel","max_age":604800}', 'Server': 'cloudflare', 'CF-RAY': '8a895903af762024-IAD', 'alt-svc': 'h3=":443"; ma=86400'} 
 body={"results":[{"gender":"male","name":{"title":"Mr","first":"Ekrem","last":"Hendricks"},"location":{"street":{"number":2093,"name":"Ahornweg"},"city":"Bad Sachsa","state":"Mecklenburg-Vorpommern","country":"Germany","postcode":18973,"coordinates":{"latitude":"-53.6072","longitude":"-85.6815"},"timezone":{"offset":"-8:00","description":"Pacific Time (US &amp; Canada)"}},"email":"ekrem.hendricks@example.com","login":{"uuid":"35230171-5d25-432f-9e4b-5105113e88cd","username":"crazypanda430","password":"test1","salt":"vZlvni8v","md5":"4d4d665871b9f7bd1a80b4d6bf035741","sha1":"f4fe9071978fe83dc5471aa6075c2a632dbec19a","sha256":"cb985d4e3f80f3e24b34d790b9cbec2afc6541c7757ca4f855accef9955048a1"},"dob":{"date":"1949-02-27T12:36:37.086Z","age":75},"registered":{"date":"2003-03-16T16:48:13.357Z","age":21},"phone":"0002-8558887","cell":"0179-5204871","id":{"name":"SVNR","value":"89 270249 H 014"},"picture":{"large":"https://randomuser.me/api/portraits/men/36.jpg","medium":"https://randomuser.me/api/portraits/med/men/36.jpg","thumbnail":"https://randomuser.me/api/portraits/thumb/men/36.jpg"},"nat":"DE"}],"info":{"seed":"0c04040f70ad193b","results":1,"page":1,"version":"1.4"}} 
 </msg>
<msg time="2024-07-25T04:18:44.505531" level="INFO">/opt/hostedtoolcache/Python/3.12.4/x64/lib/python3.12/site-packages/urllib3/connectionpool.py:1099: InsecureRequestWarning: Unverified HTTPS request is being made to host 'randomuser.me'. Adding certificate verification is strongly advised. See: https://urllib3.readthedocs.io/en/latest/advanced-usage.html#tls-warnings
  warnings.warn(</msg>
<msg time="2024-07-25T04:18:44.505679" level="INFO">${response} = &lt;Response [200]&gt;</msg>
<var>${response}</var>
<arg>consultarAPI</arg>
<arg>/api</arg>
<doc>Sends a GET request on a previously created HTTP Session.</doc>
<status status="PASS" start="2024-07-25T04:18:44.418699" elapsed="0.087043"/>
</kw>
<kw name="Set Variable" owner="BuiltIn">
<msg time="2024-07-25T04:18:44.507154" level="INFO">${json_data} = {'results': [{'gender': 'male', 'name': {'title': 'Mr', 'first': 'Ekrem', 'last': 'Hendricks'}, 'location': {'street': {'number': 2093, 'name': 'Ahornweg'}, 'city': 'Bad Sachsa', 'state': 'Mecklenburg...</msg>
<var>${json_data}</var>
<arg>${response.json()}</arg>
<doc>Returns the given values which can then be assigned to a variables.</doc>
<status status="PASS" start="2024-07-25T04:18:44.506449" elapsed="0.000734"/>
</kw>
<kw name="Log" owner="BuiltIn">
<msg time="2024-07-25T04:18:44.507729" level="INFO">{'results': [{'gender': 'male', 'name': {'title': 'Mr', 'first': 'Ekrem', 'last': 'Hendricks'}, 'location': {'street': {'number': 2093, 'name': 'Ahornweg'}, 'city': 'Bad Sachsa', 'state': 'Mecklenburg-Vorpommern', 'country': 'Germany', 'postcode': 18973, 'coordinates': {'latitude': '-53.6072', 'longitude': '-85.6815'}, 'timezone': {'offset': '-8:00', 'description': 'Pacific Time (US &amp; Canada)'}}, 'email': 'ekrem.hendricks@example.com', 'login': {'uuid': '35230171-5d25-432f-9e4b-5105113e88cd', 'username': 'crazypanda430', 'password': 'test1', 'salt': 'vZlvni8v', 'md5': '4d4d665871b9f7bd1a80b4d6bf035741', 'sha1': 'f4fe9071978fe83dc5471aa6075c2a632dbec19a', 'sha256': 'cb985d4e3f80f3e24b34d790b9cbec2afc6541c7757ca4f855accef9955048a1'}, 'dob': {'date': '1949-02-27T12:36:37.086Z', 'age': 75}, 'registered': {'date': '2003-03-16T16:48:13.357Z', 'age': 21}, 'phone': '0002-8558887', 'cell': '0179-5204871', 'id': {'name': 'SVNR', 'value': '89 270249 H 014'}, 'picture': {'large': 'https://randomuser.me/api/portraits/men/36.jpg', 'medium': 'https://randomuser.me/api/portraits/med/men/36.jpg', 'thumbnail': 'https://randomuser.me/api/portraits/thumb/men/36.jpg'}, 'nat': 'DE'}], 'info': {'seed': '0c04040f70ad193b', 'results': 1, 'page': 1, 'version': '1.4'}}</msg>
<arg>${json_data}</arg>
<doc>Logs the given message with the given level.</doc>
<status status="PASS" start="2024-07-25T04:18:44.507554" elapsed="0.000227"/>
</kw>
<kw name="Dictionary Should Contain Key" owner="Collections">
<arg>${json_data}</arg>
<arg>results</arg>
<doc>Fails if ``key`` is not found from ``dictionary``.</doc>
<status status="PASS" start="2024-07-25T04:18:44.508075" elapsed="0.000165"/>
</kw>
<kw name="Should Not Be Empty" owner="BuiltIn">
<msg time="2024-07-25T04:18:44.508557" level="INFO">Length is 2.</msg>
<arg>${json_data}</arg>
<doc>Verifies that the given item is not empty.</doc>
<status status="PASS" start="2024-07-25T04:18:44.508431" elapsed="0.000163"/>
</kw>
<kw name="Create List" owner="BuiltIn">
<msg time="2024-07-25T04:18:44.509045" level="INFO">${expected_keys} = ['gender', 'name', 'location', 'email', 'login']</msg>
<var>${expected_keys}</var>
<arg>gender</arg>
<arg>name</arg>
<arg>location</arg>
<arg>email</arg>
<arg>login</arg>
<doc>Returns a list containing given items.</doc>
<status status="PASS" start="2024-07-25T04:18:44.508888" elapsed="0.000182"/>
</kw>
<for flavor="IN">
<iter>
<kw name="Dictionary Should Contain Key" owner="Collections">
<arg>${json_data['results'][0]}</arg>
<arg>${key}</arg>
<doc>Fails if ``key`` is not found from ``dictionary``.</doc>
<status status="PASS" start="2024-07-25T04:18:44.509750" elapsed="0.000421"/>
</kw>
<kw name="Log" owner="BuiltIn">
<msg time="2024-07-25T04:18:44.510718" level="INFO">{'gender': 'male', 'name': {'title': 'Mr', 'first': 'Ekrem', 'last': 'Hendricks'}, 'location': {'street': {'number': 2093, 'name': 'Ahornweg'}, 'city': 'Bad Sachsa', 'state': 'Mecklenburg-Vorpommern', 'country': 'Germany', 'postcode': 18973, 'coordinates': {'latitude': '-53.6072', 'longitude': '-85.6815'}, 'timezone': {'offset': '-8:00', 'description': 'Pacific Time (US &amp; Canada)'}}, 'email': 'ekrem.hendricks@example.com', 'login': {'uuid': '35230171-5d25-432f-9e4b-5105113e88cd', 'username': 'crazypanda430', 'password': 'test1', 'salt': 'vZlvni8v', 'md5': '4d4d665871b9f7bd1a80b4d6bf035741', 'sha1': 'f4fe9071978fe83dc5471aa6075c2a632dbec19a', 'sha256': 'cb985d4e3f80f3e24b34d790b9cbec2afc6541c7757ca4f855accef9955048a1'}, 'dob': {'date': '1949-02-27T12:36:37.086Z', 'age': 75}, 'registered': {'date': '2003-03-16T16:48:13.357Z', 'age': 21}, 'phone': '0002-8558887', 'cell': '0179-5204871', 'id': {'name': 'SVNR', 'value': '89 270249 H 014'}, 'picture': {'large': 'https://randomuser.me/api/portraits/men/36.jpg', 'medium': 'https://randomuser.me/api/portraits/med/men/36.jpg', 'thumbnail': 'https://randomuser.me/api/portraits/thumb/men/36.jpg'}, 'nat': 'DE'}</msg>
<arg>${json_data['results'][0]}</arg>
<doc>Logs the given message with the given level.</doc>
<status status="PASS" start="2024-07-25T04:18:44.510363" elapsed="0.000407"/>
</kw>
<kw name="Log" owner="BuiltIn">
<msg time="2024-07-25T04:18:44.511194" level="INFO">gender</msg>
<arg>${key}</arg>
<doc>Logs the given message with the given level.</doc>
<status status="PASS" start="2024-07-25T04:18:44.511066" elapsed="0.000166"/>
</kw>
<var name="${key}">gender</var>
<status status="PASS" start="2024-07-25T04:18:44.509558" elapsed="0.001894"/>
</iter>
<iter>
<kw name="Dictionary Should Contain Key" owner="Collections">
<arg>${json_data['results'][0]}</arg>
<arg>${key}</arg>
<doc>Fails if ``key`` is not found from ``dictionary``.</doc>
<status status="PASS" start="2024-07-25T04:18:44.511748" elapsed="0.000384"/>
</kw>
<kw name="Log" owner="BuiltIn">
<msg time="2024-07-25T04:18:44.512676" level="INFO">{'gender': 'male', 'name': {'title': 'Mr', 'first': 'Ekrem', 'last': 'Hendricks'}, 'location': {'street': {'number': 2093, 'name': 'Ahornweg'}, 'city': 'Bad Sachsa', 'state': 'Mecklenburg-Vorpommern', 'country': 'Germany', 'postcode': 18973, 'coordinates': {'latitude': '-53.6072', 'longitude': '-85.6815'}, 'timezone': {'offset': '-8:00', 'description': 'Pacific Time (US &amp; Canada)'}}, 'email': 'ekrem.hendricks@example.com', 'login': {'uuid': '35230171-5d25-432f-9e4b-5105113e88cd', 'username': 'crazypanda430', 'password': 'test1', 'salt': 'vZlvni8v', 'md5': '4d4d665871b9f7bd1a80b4d6bf035741', 'sha1': 'f4fe9071978fe83dc5471aa6075c2a632dbec19a', 'sha256': 'cb985d4e3f80f3e24b34d790b9cbec2afc6541c7757ca4f855accef9955048a1'}, 'dob': {'date': '1949-02-27T12:36:37.086Z', 'age': 75}, 'registered': {'date': '2003-03-16T16:48:13.357Z', 'age': 21}, 'phone': '0002-8558887', 'cell': '0179-5204871', 'id': {'name': 'SVNR', 'value': '89 270249 H 014'}, 'picture': {'large': 'https://randomuser.me/api/portraits/men/36.jpg', 'medium': 'https://randomuser.me/api/portraits/med/men/36.jpg', 'thumbnail': 'https://randomuser.me/api/portraits/thumb/men/36.jpg'}, 'nat': 'DE'}</msg>
<arg>${json_data['results'][0]}</arg>
<doc>Logs the given message with the given level.</doc>
<status status="PASS" start="2024-07-25T04:18:44.512313" elapsed="0.000445"/>
</kw>
<kw name="Log" owner="BuiltIn">
<msg time="2024-07-25T04:18:44.513189" level="INFO">name</msg>
<arg>${key}</arg>
<doc>Logs the given message with the given level.</doc>
<status status="PASS" start="2024-07-25T04:18:44.513057" elapsed="0.000173"/>
</kw>
<var name="${key}">name</var>
<status status="PASS" start="2024-07-25T04:18:44.511639" elapsed="0.001826"/>
</iter>
<iter>
<kw name="Dictionary Should Contain Key" owner="Collections">
<arg>${json_data['results'][0]}</arg>
<arg>${key}</arg>
<doc>Fails if ``key`` is not found from ``dictionary``.</doc>
<status status="PASS" start="2024-07-25T04:18:44.513793" elapsed="0.000456"/>
</kw>
<kw name="Log" owner="BuiltIn">
<msg time="2024-07-25T04:18:44.514801" level="INFO">{'gender': 'male', 'name': {'title': 'Mr', 'first': 'Ekrem', 'last': 'Hendricks'}, 'location': {'street': {'number': 2093, 'name': 'Ahornweg'}, 'city': 'Bad Sachsa', 'state': 'Mecklenburg-Vorpommern', 'country': 'Germany', 'postcode': 18973, 'coordinates': {'latitude': '-53.6072', 'longitude': '-85.6815'}, 'timezone': {'offset': '-8:00', 'description': 'Pacific Time (US &amp; Canada)'}}, 'email': 'ekrem.hendricks@example.com', 'login': {'uuid': '35230171-5d25-432f-9e4b-5105113e88cd', 'username': 'crazypanda430', 'password': 'test1', 'salt': 'vZlvni8v', 'md5': '4d4d665871b9f7bd1a80b4d6bf035741', 'sha1': 'f4fe9071978fe83dc5471aa6075c2a632dbec19a', 'sha256': 'cb985d4e3f80f3e24b34d790b9cbec2afc6541c7757ca4f855accef9955048a1'}, 'dob': {'date': '1949-02-27T12:36:37.086Z', 'age': 75}, 'registered': {'date': '2003-03-16T16:48:13.357Z', 'age': 21}, 'phone': '0002-8558887', 'cell': '0179-5204871', 'id': {'name': 'SVNR', 'value': '89 270249 H 014'}, 'picture': {'large': 'https://randomuser.me/api/portraits/men/36.jpg', 'medium': 'https://randomuser.me/api/portraits/med/men/36.jpg', 'thumbnail': 'https://randomuser.me/api/portraits/thumb/men/36.jpg'}, 'nat': 'DE'}</msg>
<arg>${json_data['results'][0]}</arg>
<doc>Logs the given message with the given level.</doc>
<status status="PASS" start="2024-07-25T04:18:44.514448" elapsed="0.000412"/>
</kw>
<kw name="Log" owner="BuiltIn">
<msg time="2024-07-25T04:18:44.515305" level="INFO">location</msg>
<arg>${key}</arg>
<doc>Logs the given message with the given level.</doc>
<status status="PASS" start="2024-07-25T04:18:44.515176" elapsed="0.000167"/>
</kw>
<var name="${key}">location</var>
<status status="PASS" start="2024-07-25T04:18:44.513644" elapsed="0.001917"/>
</iter>
<iter>
<kw name="Dictionary Should Contain Key" owner="Collections">
<arg>${json_data['results'][0]}</arg>
<arg>${key}</arg>
<doc>Fails if ``key`` is not found from ``dictionary``.</doc>
<status status="PASS" start="2024-07-25T04:18:44.515846" elapsed="0.000385"/>
</kw>
<kw name="Log" owner="BuiltIn">
<msg time="2024-07-25T04:18:44.516949" level="INFO">{'gender': 'male', 'name': {'title': 'Mr', 'first': 'Ekrem', 'last': 'Hendricks'}, 'location': {'street': {'number': 2093, 'name': 'Ahornweg'}, 'city': 'Bad Sachsa', 'state': 'Mecklenburg-Vorpommern', 'country': 'Germany', 'postcode': 18973, 'coordinates': {'latitude': '-53.6072', 'longitude': '-85.6815'}, 'timezone': {'offset': '-8:00', 'description': 'Pacific Time (US &amp; Canada)'}}, 'email': 'ekrem.hendricks@example.com', 'login': {'uuid': '35230171-5d25-432f-9e4b-5105113e88cd', 'username': 'crazypanda430', 'password': 'test1', 'salt': 'vZlvni8v', 'md5': '4d4d665871b9f7bd1a80b4d6bf035741', 'sha1': 'f4fe9071978fe83dc5471aa6075c2a632dbec19a', 'sha256': 'cb985d4e3f80f3e24b34d790b9cbec2afc6541c7757ca4f855accef9955048a1'}, 'dob': {'date': '1949-02-27T12:36:37.086Z', 'age': 75}, 'registered': {'date': '2003-03-16T16:48:13.357Z', 'age': 21}, 'phone': '0002-8558887', 'cell': '0179-5204871', 'id': {'name': 'SVNR', 'value': '89 270249 H 014'}, 'picture': {'large': 'https://randomuser.me/api/portraits/men/36.jpg', 'medium': 'https://randomuser.me/api/portraits/med/men/36.jpg', 'thumbnail': 'https://randomuser.me/api/portraits/thumb/men/36.jpg'}, 'nat': 'DE'}</msg>
<arg>${json_data['results'][0]}</arg>
<doc>Logs the given message with the given level.</doc>
<status status="PASS" start="2024-07-25T04:18:44.516586" elapsed="0.000413"/>
</kw>
<kw name="Log" owner="BuiltIn">
<msg time="2024-07-25T04:18:44.517426" level="INFO">email</msg>
<arg>${key}</arg>
<doc>Logs the given message with the given level.</doc>
<status status="PASS" start="2024-07-25T04:18:44.517295" elapsed="0.000170"/>
</kw>
<var name="${key}">email</var>
<status status="PASS" start="2024-07-25T04:18:44.515739" elapsed="0.001959"/>
</iter>
<iter>
<kw name="Dictionary Should Contain Key" owner="Collections">
<arg>${json_data['results'][0]}</arg>
<arg>${key}</arg>
<doc>Fails if ``key`` is not found from ``dictionary``.</doc>
<status status="PASS" start="2024-07-25T04:18:44.518008" elapsed="0.000374"/>
</kw>
<kw name="Log" owner="BuiltIn">
<msg time="2024-07-25T04:18:44.518915" level="INFO">{'gender': 'male', 'name': {'title': 'Mr', 'first': 'Ekrem', 'last': 'Hendricks'}, 'location': {'street': {'number': 2093, 'name': 'Ahornweg'}, 'city': 'Bad Sachsa', 'state': 'Mecklenburg-Vorpommern', 'country': 'Germany', 'postcode': 18973, 'coordinates': {'latitude': '-53.6072', 'longitude': '-85.6815'}, 'timezone': {'offset': '-8:00', 'description': 'Pacific Time (US &amp; Canada)'}}, 'email': 'ekrem.hendricks@example.com', 'login': {'uuid': '35230171-5d25-432f-9e4b-5105113e88cd', 'username': 'crazypanda430', 'password': 'test1', 'salt': 'vZlvni8v', 'md5': '4d4d665871b9f7bd1a80b4d6bf035741', 'sha1': 'f4fe9071978fe83dc5471aa6075c2a632dbec19a', 'sha256': 'cb985d4e3f80f3e24b34d790b9cbec2afc6541c7757ca4f855accef9955048a1'}, 'dob': {'date': '1949-02-27T12:36:37.086Z', 'age': 75}, 'registered': {'date': '2003-03-16T16:48:13.357Z', 'age': 21}, 'phone': '0002-8558887', 'cell': '0179-5204871', 'id': {'name': 'SVNR', 'value': '89 270249 H 014'}, 'picture': {'large': 'https://randomuser.me/api/portraits/men/36.jpg', 'medium': 'https://randomuser.me/api/portraits/med/men/36.jpg', 'thumbnail': 'https://randomuser.me/api/portraits/thumb/men/36.jpg'}, 'nat': 'DE'}</msg>
<arg>${json_data['results'][0]}</arg>
<doc>Logs the given message with the given level.</doc>
<status status="PASS" start="2024-07-25T04:18:44.518567" elapsed="0.000397"/>
</kw>
<kw name="Log" owner="BuiltIn">
<msg time="2024-07-25T04:18:44.519381" level="INFO">login</msg>
<arg>${key}</arg>
<doc>Logs the given message with the given level.</doc>
<status status="PASS" start="2024-07-25T04:18:44.519254" elapsed="0.000165"/>
</kw>
<var name="${key}">login</var>
<status status="PASS" start="2024-07-25T04:18:44.517900" elapsed="0.001732"/>
</iter>
<var>${key}</var>
<value>@{expected_keys}</value>
<status status="PASS" start="2024-07-25T04:18:44.509344" elapsed="0.010409"/>
</for>
<kw name="Create List" owner="BuiltIn">
<msg time="2024-07-25T04:18:44.520120" level="INFO">${expected_keysTwo} = ['username', 'password']</msg>
<var>${expected_keysTwo}</var>
<arg>username</arg>
<arg>password</arg>
<doc>Returns a list containing given items.</doc>
<status status="PASS" start="2024-07-25T04:18:44.519950" elapsed="0.000195"/>
</kw>
<for flavor="IN">
<iter>
<kw name="Dictionary Should Contain Key" owner="Collections">
<arg>${json_data['results'][0]['login']}</arg>
<arg>${keyTwo}</arg>
<doc>Fails if ``key`` is not found from ``dictionary``.</doc>
<status status="PASS" start="2024-07-25T04:18:44.520657" elapsed="0.000377"/>
</kw>
<kw name="Dictionary Should Contain Key" owner="Collections">
<arg>${json_data['results'][0]['login']}</arg>
<arg>${keyTwo}</arg>
<doc>Fails if ``key`` is not found from ``dictionary``.</doc>
<status status="PASS" start="2024-07-25T04:18:44.521214" elapsed="0.000395"/>
</kw>
<kw name="Log" owner="BuiltIn">
<msg time="2024-07-25T04:18:44.521941" level="INFO">username</msg>
<arg>${keyTwo}</arg>
<doc>Logs the given message with the given level.</doc>
<status status="PASS" start="2024-07-25T04:18:44.521815" elapsed="0.000182"/>
</kw>
<var name="${keyTwo}">username</var>
<status status="PASS" start="2024-07-25T04:18:44.520542" elapsed="0.001722"/>
</iter>
<iter>
<kw name="Dictionary Should Contain Key" owner="Collections">
<arg>${json_data['results'][0]['login']}</arg>
<arg>${keyTwo}</arg>
<doc>Fails if ``key`` is not found from ``dictionary``.</doc>
<status status="PASS" start="2024-07-25T04:18:44.522551" elapsed="0.000379"/>
</kw>
<kw name="Dictionary Should Contain Key" owner="Collections">
<arg>${json_data['results'][0]['login']}</arg>
<arg>${keyTwo}</arg>
<doc>Fails if ``key`` is not found from ``dictionary``.</doc>
<status status="PASS" start="2024-07-25T04:18:44.523108" elapsed="0.000367"/>
</kw>
<kw name="Log" owner="BuiltIn">
<msg time="2024-07-25T04:18:44.523773" level="INFO">password</msg>
<arg>${keyTwo}</arg>
<doc>Logs the given message with the given level.</doc>
<status status="PASS" start="2024-07-25T04:18:44.523649" elapsed="0.000161"/>
</kw>
<var name="${keyTwo}">password</var>
<status status="PASS" start="2024-07-25T04:18:44.522438" elapsed="0.001592"/>
</iter>
<var>${keyTwo}</var>
<value>@{expected_keysTwo}</value>
<status status="PASS" start="2024-07-25T04:18:44.520386" elapsed="0.003766"/>
</for>
<status status="PASS" start="2024-07-25T04:18:44.418451" elapsed="0.105846"/>
</kw>
<doc>Testa a estrutura da resposta da API.</doc>
<tag>testeEstruturaResposta</tag>
<status status="PASS" start="2024-07-25T04:18:44.417803" elapsed="0.106660"/>
</test>
<test id="s1-s1-t4" name="Validar tipos de dados" line="28">
<kw name="Teste de Tipos de Dados" owner="random-user-service">
<kw name="GET On Session" owner="RequestsLibrary">
<msg time="2024-07-25T04:18:44.608928" level="INFO">GET Request : url=https://randomuser.me/api 
 path_url=/api 
 headers={'User-Agent': 'python-requests/2.32.3', 'Accept-Encoding': 'gzip, deflate', 'Accept': '*/*', 'Connection': 'keep-alive'} 
 body=None 
 </msg>
<msg time="2024-07-25T04:18:44.609039" level="INFO">GET Response : url=https://randomuser.me/api 
 status=200, reason=OK 
 headers={'Date': 'Thu, 25 Jul 2024 04:18:44 GMT', 'Content-Type': 'application/json; charset=utf-8', 'Transfer-Encoding': 'chunked', 'Connection': 'keep-alive', 'X-Powered-By': 'Express', 'Access-Control-Allow-Origin': '*', 'Cache-Control': 'no-cache', 'ETag': 'W/"48e-uibl6xUR709A3TX9c7r47uCiXgM"', 'Vary': 'Accept-Encoding', 'Content-Encoding': 'gzip', 'CF-Cache-Status': 'DYNAMIC', 'Report-To': '{"endpoints":[{"url":"https:\\/\\/a.nel.cloudflare.com\\/report\\/v4?s=RHDtOQ%2FViDrbqWXoKGDxr28PNBo%2FU4xvNlb9jdfDtI7YOjMR1qfndJwBo0%2Fu1DiH2YlVusE4K9zWtkpGHJRRKXsMTrm7xegpg6iDTHGWJeb2Q9V9QOIPFgol3jlYB35I"}],"group":"cf-nel","max_age":604800}', 'NEL': '{"success_fraction":0,"report_to":"cf-nel","max_age":604800}', 'Server': 'cloudflare', 'CF-RAY': '8a8959044ff62024-IAD', 'alt-svc': 'h3=":443"; ma=86400'} 
 body={"results":[{"gender":"female","name":{"title":"Miss","first":"Elsa","last":"Oja"},"location":{"street":{"number":3435,"name":"Satakennankatu"},"city":"Ranua","state":"Kainuu","country":"Finland","postcode":72700,"coordinates":{"latitude":"-26.8590","longitude":"16.5662"},"timezone":{"offset":"+5:30","description":"Bombay, Calcutta, Madras, New Delhi"}},"email":"elsa.oja@example.com","login":{"uuid":"2a1b5cb3-b1ca-436f-a79b-199bec880143","username":"sadbutterfly622","password":"mitch","salt":"fXNnx7OB","md5":"609dc8956300decee43fbd931cf61af5","sha1":"70d74d6e2e0b64bd18a75c51ae3967b813d79442","sha256":"0e79f0824c280fd437ead4063d9da12ca5aa2c36fa39db383f22e95c5c97072e"},"dob":{"date":"1977-07-03T12:27:20.254Z","age":47},"registered":{"date":"2016-02-05T08:51:21.615Z","age":8},"phone":"08-550-122","cell":"042-626-09-29","id":{"name":"HETU","value":"NaNNA756undefined"},"picture":{"large":"https://randomuser.me/api/portraits/women/86.jpg","medium":"https://randomuser.me/api/portraits/med/women/86.jpg","thumbnail":"https://randomuser.me/api/portraits/thumb/women/86.jpg"},"nat":"FI"}],"info":{"seed":"188b2ce269535acd","results":1,"page":1,"version":"1.4"}} 
 </msg>
<msg time="2024-07-25T04:18:44.609115" level="INFO">/opt/hostedtoolcache/Python/3.12.4/x64/lib/python3.12/site-packages/urllib3/connectionpool.py:1099: InsecureRequestWarning: Unverified HTTPS request is being made to host 'randomuser.me'. Adding certificate verification is strongly advised. See: https://urllib3.readthedocs.io/en/latest/advanced-usage.html#tls-warnings
  warnings.warn(</msg>
<msg time="2024-07-25T04:18:44.609283" level="INFO">${response} = &lt;Response [200]&gt;</msg>
<var>${response}</var>
<arg>consultarAPI</arg>
<arg>/api</arg>
<doc>Sends a GET request on a previously created HTTP Session.</doc>
<status status="PASS" start="2024-07-25T04:18:44.527097" elapsed="0.082244"/>
</kw>
<kw name="Set Variable" owner="BuiltIn">
<msg time="2024-07-25T04:18:44.610634" level="INFO">${json_data} = {'results': [{'gender': 'female', 'name': {'title': 'Miss', 'first': 'Elsa', 'last': 'Oja'}, 'location': {'street': {'number': 3435, 'name': 'Satakennankatu'}, 'city': 'Ranua', 'state': 'Kainuu', 'cou...</msg>
<var>${json_data}</var>
<arg>${response.json()}</arg>
<doc>Returns the given values which can then be assigned to a variables.</doc>
<status status="PASS" start="2024-07-25T04:18:44.610047" elapsed="0.000616"/>
</kw>
<kw name="Log" owner="BuiltIn">
<msg time="2024-07-25T04:18:44.611134" level="INFO">{'results': [{'gender': 'female', 'name': {'title': 'Miss', 'first': 'Elsa', 'last': 'Oja'}, 'location': {'street': {'number': 3435, 'name': 'Satakennankatu'}, 'city': 'Ranua', 'state': 'Kainuu', 'country': 'Finland', 'postcode': 72700, 'coordinates': {'latitude': '-26.8590', 'longitude': '16.5662'}, 'timezone': {'offset': '+5:30', 'description': 'Bombay, Calcutta, Madras, New Delhi'}}, 'email': 'elsa.oja@example.com', 'login': {'uuid': '2a1b5cb3-b1ca-436f-a79b-199bec880143', 'username': 'sadbutterfly622', 'password': 'mitch', 'salt': 'fXNnx7OB', 'md5': '609dc8956300decee43fbd931cf61af5', 'sha1': '70d74d6e2e0b64bd18a75c51ae3967b813d79442', 'sha256': '0e79f0824c280fd437ead4063d9da12ca5aa2c36fa39db383f22e95c5c97072e'}, 'dob': {'date': '1977-07-03T12:27:20.254Z', 'age': 47}, 'registered': {'date': '2016-02-05T08:51:21.615Z', 'age': 8}, 'phone': '08-550-122', 'cell': '042-626-09-29', 'id': {'name': 'HETU', 'value': 'NaNNA756undefined'}, 'picture': {'large': 'https://randomuser.me/api/portraits/women/86.jpg', 'medium': 'https://randomuser.me/api/portraits/med/women/86.jpg', 'thumbnail': 'https://randomuser.me/api/portraits/thumb/women/86.jpg'}, 'nat': 'FI'}], 'info': {'seed': '188b2ce269535acd', 'results': 1, 'page': 1, 'version': '1.4'}}</msg>
<arg>${json_data}</arg>
<doc>Logs the given message with the given level.</doc>
<status status="PASS" start="2024-07-25T04:18:44.610976" elapsed="0.000206"/>
</kw>
<kw name="Should Be String" owner="String">
<arg>${json_data['results'][0]['gender']}</arg>
<doc>Fails if the given ``item`` is not a string.</doc>
<status status="PASS" start="2024-07-25T04:18:44.611472" elapsed="0.000368"/>
</kw>
<kw name="Should Match Regexp" owner="BuiltIn">
<arg>${json_data['results'][0]['email']}</arg>
<arg>^[a-zA-Z0-9._%+-]+@[a-zA-Z0-9.-]+\.[a-zA-Z]{2,}$</arg>
<doc>Fails if ``string`` does not match ``pattern`` as a regular expression.</doc>
<status status="PASS" start="2024-07-25T04:18:44.612029" elapsed="0.000563"/>
</kw>
<kw name="Should Match Regexp" owner="BuiltIn">
<arg>${json_data['results'][0]['dob']['date']}</arg>
<arg>\\d{4}-\\d{2}-\\d{2}T\\d{2}:\\d{2}:\\d{2}\\.\\d{3}Z</arg>
<doc>Fails if ``string`` does not match ``pattern`` as a regular expression.</doc>
<status status="PASS" start="2024-07-25T04:18:44.612807" elapsed="0.000688"/>
</kw>
<kw name="Should Match Regexp" owner="BuiltIn">
<arg>${json_data['results'][0]['registered']['date']}</arg>
<arg>\\d{4}-\\d{2}-\\d{2}T\\d{2}:\\d{2}:\\d{2}\\.\\d{3}Z</arg>
<doc>Fails if ``string`` does not match ``pattern`` as a regular expression.</doc>
<status status="PASS" start="2024-07-25T04:18:44.613789" elapsed="0.000419"/>
</kw>
<kw name="Should Match Regexp" owner="BuiltIn">
<arg>${json_data['results'][0]['picture']['large']}</arg>
<arg>^https?://.*\.(?:png|jpe?g|gif|bmp)$</arg>
<doc>Fails if ``string`` does not match ``pattern`` as a regular expression.</doc>
<status status="PASS" start="2024-07-25T04:18:44.614399" elapsed="0.000472"/>
</kw>
<kw name="Should Match Regexp" owner="BuiltIn">
<arg>${json_data['results'][0]['picture']['medium']}</arg>
<arg>^https?://.*\.(?:png|jpe?g|gif|bmp)$</arg>
<doc>Fails if ``string`` does not match ``pattern`` as a regular expression.</doc>
<status status="PASS" start="2024-07-25T04:18:44.615058" elapsed="0.000354"/>
</kw>
<kw name="Should Match Regexp" owner="BuiltIn">
<arg>${json_data['results'][0]['picture']['thumbnail']}</arg>
<arg>^https?://.*\.(?:png|jpe?g|gif|bmp)$</arg>
<doc>Fails if ``string`` does not match ``pattern`` as a regular expression.</doc>
<status status="PASS" start="2024-07-25T04:18:44.615595" elapsed="0.000350"/>
</kw>
<kw name="Log" owner="BuiltIn">
<msg time="2024-07-25T04:18:44.616450" level="INFO">{'large': 'https://randomuser.me/api/portraits/women/86.jpg', 'medium': 'https://randomuser.me/api/portraits/med/women/86.jpg', 'thumbnail': 'https://randomuser.me/api/portraits/thumb/women/86.jpg'}</msg>
<arg>${json_data['results'][0]['picture']}</arg>
<doc>Logs the given message with the given level.</doc>
<status status="PASS" start="2024-07-25T04:18:44.616124" elapsed="0.000370"/>
</kw>
<status status="PASS" start="2024-07-25T04:18:44.526869" elapsed="0.089957"/>
</kw>
<kw name="Teste de Tipos de Dados - Postcode" owner="random-user-service">
<kw name="GET On Session" owner="RequestsLibrary">
<msg time="2024-07-25T04:18:44.705330" level="INFO">GET Request : url=https://randomuser.me/api 
 path_url=/api 
 headers={'User-Agent': 'python-requests/2.32.3', 'Accept-Encoding': 'gzip, deflate', 'Accept': '*/*', 'Connection': 'keep-alive'} 
 body=None 
 </msg>
<msg time="2024-07-25T04:18:44.705453" level="INFO">GET Response : url=https://randomuser.me/api 
 status=200, reason=OK 
 headers={'Date': 'Thu, 25 Jul 2024 04:18:44 GMT', 'Content-Type': 'application/json; charset=utf-8', 'Transfer-Encoding': 'chunked', 'Connection': 'keep-alive', 'X-Powered-By': 'Express', 'Access-Control-Allow-Origin': '*', 'Cache-Control': 'no-cache', 'ETag': 'W/"4a0-9WbT6atPbNbaiAfm2lH2wZ5Fgt4"', 'Vary': 'Accept-Encoding', 'Content-Encoding': 'gzip', 'CF-Cache-Status': 'DYNAMIC', 'Report-To': '{"endpoints":[{"url":"https:\\/\\/a.nel.cloudflare.com\\/report\\/v4?s=napF%2FSoeNXewkBfwhiSi7PXpoOjmz8h6M0lBszl21FFQoNS6uBKxpa4kaEImlnGH%2Fsfte08z2G0oZ%2B8QBiGPtKNET7qh%2Fae2r67MREfcc87WrBv%2Bt0GfNRZIMIOjgS29"}],"group":"cf-nel","max_age":604800}', 'NEL': '{"success_fraction":0,"report_to":"cf-nel","max_age":604800}', 'Server': 'cloudflare', 'CF-RAY': '8a895904d8732024-IAD', 'alt-svc': 'h3=":443"; ma=86400'} 
 body={"results":[{"gender":"male","name":{"title":"Mr","first":"Louis","last":"Raabe"},"location":{"street":{"number":7252,"name":"Wiesenstraße"},"city":"Laucha an der Unstrut","state":"Sachsen","country":"Germany","postcode":36415,"coordinates":{"latitude":"-54.7679","longitude":"-134.1506"},"timezone":{"offset":"+11:00","description":"Magadan, Solomon Islands, New Caledonia"}},"email":"louis.raabe@example.com","login":{"uuid":"aafbf7c4-67c0-4d15-a579-b4724d726e47","username":"heavylion724","password":"eclipse","salt":"yBYb2hv6","md5":"57a8c7d144f96d9c7c114820af2a5030","sha1":"4d9b2be39b5cfdbdfeb1d22983286a1d43683001","sha256":"f5a7947e0107df3506a8a56ee40382c9b26b6dd53acd7b109a3d310a373e1b8b"},"dob":{"date":"1961-10-29T09:54:32.389Z","age":62},"registered":{"date":"2011-06-21T04:19:08.188Z","age":13},"phone":"0284-1382489","cell":"0174-1358505","id":{"name":"SVNR","value":"65 291061 R 082"},"picture":{"large":"https://randomuser.me/api/portraits/men/15.jpg","medium":"https://randomuser.me/api/portraits/med/men/15.jpg","thumbnail":"https://randomuser.me/api/portraits/thumb/men/15.jpg"},"nat":"DE"}],"info":{"seed":"43a21ec96d3c1bd0","results":1,"page":1,"version":"1.4"}} 
 </msg>
<msg time="2024-07-25T04:18:44.705545" level="INFO">/opt/hostedtoolcache/Python/3.12.4/x64/lib/python3.12/site-packages/urllib3/connectionpool.py:1099: InsecureRequestWarning: Unverified HTTPS request is being made to host 'randomuser.me'. Adding certificate verification is strongly advised. See: https://urllib3.readthedocs.io/en/latest/advanced-usage.html#tls-warnings
  warnings.warn(</msg>
<msg time="2024-07-25T04:18:44.705696" level="INFO">${response} = &lt;Response [200]&gt;</msg>
<var>${response}</var>
<arg>consultarAPI</arg>
<arg>/api</arg>
<doc>Sends a GET request on a previously created HTTP Session.</doc>
<status status="PASS" start="2024-07-25T04:18:44.617321" elapsed="0.088449"/>
</kw>
<kw name="Set Variable" owner="BuiltIn">
<msg time="2024-07-25T04:18:44.707181" level="INFO">${json_data} = {'results': [{'gender': 'male', 'name': {'title': 'Mr', 'first': 'Louis', 'last': 'Raabe'}, 'location': {'street': {'number': 7252, 'name': 'Wiesenstraße'}, 'city': 'Laucha an der Unstrut', 'state': '...</msg>
<var>${json_data}</var>
<arg>${response.json()}</arg>
<doc>Returns the given values which can then be assigned to a variables.</doc>
<status status="PASS" start="2024-07-25T04:18:44.706468" elapsed="0.000745"/>
</kw>
<kw name="Log" owner="BuiltIn">
<msg time="2024-07-25T04:18:44.707866" level="INFO">{'results': [{'gender': 'male', 'name': {'title': 'Mr', 'first': 'Louis', 'last': 'Raabe'}, 'location': {'street': {'number': 7252, 'name': 'Wiesenstraße'}, 'city': 'Laucha an der Unstrut', 'state': 'Sachsen', 'country': 'Germany', 'postcode': 36415, 'coordinates': {'latitude': '-54.7679', 'longitude': '-134.1506'}, 'timezone': {'offset': '+11:00', 'description': 'Magadan, Solomon Islands, New Caledonia'}}, 'email': 'louis.raabe@example.com', 'login': {'uuid': 'aafbf7c4-67c0-4d15-a579-b4724d726e47', 'username': 'heavylion724', 'password': 'eclipse', 'salt': 'yBYb2hv6', 'md5': '57a8c7d144f96d9c7c114820af2a5030', 'sha1': '4d9b2be39b5cfdbdfeb1d22983286a1d43683001', 'sha256': 'f5a7947e0107df3506a8a56ee40382c9b26b6dd53acd7b109a3d310a373e1b8b'}, 'dob': {'date': '1961-10-29T09:54:32.389Z', 'age': 62}, 'registered': {'date': '2011-06-21T04:19:08.188Z', 'age': 13}, 'phone': '0284-1382489', 'cell': '0174-1358505', 'id': {'name': 'SVNR', 'value': '65 291061 R 082'}, 'picture': {'large': 'https://randomuser.me/api/portraits/men/15.jpg', 'medium': 'https://randomuser.me/api/portraits/med/men/15.jpg', 'thumbnail': 'https://randomuser.me/api/portraits/thumb/men/15.jpg'}, 'nat': 'DE'}], 'info': {'seed': '43a21ec96d3c1bd0', 'results': 1, 'page': 1, 'version': '1.4'}}</msg>
<arg>${json_data}</arg>
<doc>Logs the given message with the given level.</doc>
<status status="PASS" start="2024-07-25T04:18:44.707657" elapsed="0.000264"/>
</kw>
<kw name="Should Be Equal As Numbers" owner="BuiltIn">
<arg>${json_data['results'][0]['location']['postcode']}</arg>
<arg>${json_data['results'][0]['location']['postcode']}</arg>
<doc>Fails if objects are unequal after converting them to real numbers.</doc>
<status status="PASS" start="2024-07-25T04:18:44.708302" elapsed="0.000714"/>
</kw>
<kw name="Log" owner="BuiltIn">
<msg time="2024-07-25T04:18:44.709603" level="INFO">36415</msg>
<arg>${json_data['results'][0]['location']['postcode']}</arg>
<doc>Logs the given message with the given level.</doc>
<status status="PASS" start="2024-07-25T04:18:44.709243" elapsed="0.000448"/>
</kw>
<status status="PASS" start="2024-07-25T04:18:44.617065" elapsed="0.092970"/>
</kw>
<doc>Testa se os tipos de dados na resposta da API estão corretos.</doc>
<tag>testeTiposDados</tag>
<status status="PASS" start="2024-07-25T04:18:44.526287" elapsed="0.183933"/>
</test>
<test id="s1-s1-t5" name="Validar conteudo" line="35">
<kw name="Teste de Tipos de Conteudo" owner="random-user-service">
<kw name="GET On Session" owner="RequestsLibrary">
<msg time="2024-07-25T04:18:45.005060" level="INFO">GET Request : url=https://randomuser.me/api 
 path_url=/api 
 headers={'User-Agent': 'python-requests/2.32.3', 'Accept-Encoding': 'gzip, deflate', 'Accept': '*/*', 'Connection': 'keep-alive'} 
 body=None 
 </msg>
<msg time="2024-07-25T04:18:45.005210" level="INFO">GET Response : url=https://randomuser.me/api 
 status=200, reason=OK 
 headers={'Date': 'Thu, 25 Jul 2024 04:18:45 GMT', 'Content-Type': 'application/json; charset=utf-8', 'Transfer-Encoding': 'chunked', 'Connection': 'keep-alive', 'X-Powered-By': 'Express', 'Access-Control-Allow-Origin': '*', 'Cache-Control': 'no-cache', 'ETag': 'W/"473-YYB217PA1H75offrq/FRI5sDI+Y"', 'Vary': 'Accept-Encoding', 'Content-Encoding': 'gzip', 'CF-Cache-Status': 'DYNAMIC', 'Report-To': '{"endpoints":[{"url":"https:\\/\\/a.nel.cloudflare.com\\/report\\/v4?s=%2BpwVnDnZCEyZNfv4Hh6vbzjd4gv9hinMXtoAp0eMOjT%2FLrwu%2Baaoqz1WvnziBnBdd220JSk5jL7DVqv0Q9zPYvgVOOfWLvGFP%2BbVqBGtEBymQnA%2F7PdKgghbxa1d6Nj7"}],"group":"cf-nel","max_age":604800}', 'NEL': '{"success_fraction":0,"report_to":"cf-nel","max_age":604800}', 'Server': 'cloudflare', 'CF-RAY': '8a89590578eb2024-IAD', 'alt-svc': 'h3=":443"; ma=86400'} 
 body={"results":[{"gender":"male","name":{"title":"Mr","first":"Elias","last":"Madsen"},"location":{"street":{"number":3230,"name":"Kirsebærvej"},"city":"Jystrup","state":"Syddanmark","country":"Denmark","postcode":35183,"coordinates":{"latitude":"-39.5423","longitude":"-176.2092"},"timezone":{"offset":"+9:30","description":"Adelaide, Darwin"}},"email":"elias.madsen@example.com","login":{"uuid":"47e565f4-c133-41a0-9f98-7e5664968a73","username":"organiclion528","password":"whiskey","salt":"YgnoeOaY","md5":"257cde845b64fc5c27dcdb7ce13986a3","sha1":"1a62f316e49aa12b3c0e48711fe3db2c94fe973c","sha256":"d4fa7f5e9bd87e0bb9feff7abd7efba7a8c3c249bc238cc0c29157a3513c9acc"},"dob":{"date":"1995-10-16T04:02:00.879Z","age":28},"registered":{"date":"2009-07-05T03:19:10.032Z","age":15},"phone":"42545642","cell":"50877731","id":{"name":"CPR","value":"151095-2824"},"picture":{"large":"https://randomuser.me/api/portraits/men/41.jpg","medium":"https://randomuser.me/api/portraits/med/men/41.jpg","thumbnail":"https://randomuser.me/api/portraits/thumb/men/41.jpg"},"nat":"DK"}],"info":{"seed":"8d7d86f52ee872a2","results":1,"page":1,"version":"1.4"}} 
 </msg>
<msg time="2024-07-25T04:18:45.005295" level="INFO">/opt/hostedtoolcache/Python/3.12.4/x64/lib/python3.12/site-packages/urllib3/connectionpool.py:1099: InsecureRequestWarning: Unverified HTTPS request is being made to host 'randomuser.me'. Adding certificate verification is strongly advised. See: https://urllib3.readthedocs.io/en/latest/advanced-usage.html#tls-warnings
  warnings.warn(</msg>
<msg time="2024-07-25T04:18:45.005447" level="INFO">${response} = &lt;Response [200]&gt;</msg>
<var>${response}</var>
<arg>consultarAPI</arg>
<arg>/api</arg>
<doc>Sends a GET request on a previously created HTTP Session.</doc>
<status status="PASS" start="2024-07-25T04:18:44.712942" elapsed="0.292557"/>
</kw>
<kw name="Set Variable" owner="BuiltIn">
<msg time="2024-07-25T04:18:45.006960" level="INFO">${json_data} = {'results': [{'gender': 'male', 'name': {'title': 'Mr', 'first': 'Elias', 'last': 'Madsen'}, 'location': {'street': {'number': 3230, 'name': 'Kirsebærvej'}, 'city': 'Jystrup', 'state': 'Syddanmark', '...</msg>
<var>${json_data}</var>
<arg>${response.json()}</arg>
<doc>Returns the given values which can then be assigned to a variables.</doc>
<status status="PASS" start="2024-07-25T04:18:45.006374" elapsed="0.000619"/>
</kw>
<kw name="Set Variable" owner="BuiltIn">
<msg time="2024-07-25T04:18:45.007711" level="INFO">${name_title} = Mr</msg>
<var>${name_title}</var>
<arg>${json_data["results"][0]["name"]["title"]}</arg>
<doc>Returns the given values which can then be assigned to a variables.</doc>
<status status="PASS" start="2024-07-25T04:18:45.007327" elapsed="0.000410"/>
</kw>
<kw name="Create List" owner="BuiltIn">
<msg time="2024-07-25T04:18:45.008184" level="INFO">${allowed_titles} = ['Mr', 'Ms', 'Miss', 'Mrs', 'Madame', 'Monsieur']</msg>
<var>${allowed_titles}</var>
<arg>Mr</arg>
<arg>Ms</arg>
<arg>Miss</arg>
<arg>Mrs</arg>
<arg>Madame</arg>
<arg>Monsieur</arg>
<doc>Returns a list containing given items.</doc>
<status status="PASS" start="2024-07-25T04:18:45.008034" elapsed="0.000175"/>
</kw>
<kw name="List Should Contain Value" owner="Collections">
<arg>${allowed_titles}</arg>
<arg>${name_title}</arg>
<doc>Fails if the ``value`` is not found from ``list``.</doc>
<status status="PASS" start="2024-07-25T04:18:45.008508" elapsed="0.000201"/>
</kw>
<kw name="Set Variable" owner="BuiltIn">
<msg time="2024-07-25T04:18:45.009264" level="INFO">${name_country} = DK</msg>
<var>${name_country}</var>
<arg>${json_data["results"][0]["nat"]}</arg>
<doc>Returns the given values which can then be assigned to a variables.</doc>
<status status="PASS" start="2024-07-25T04:18:45.008891" elapsed="0.000398"/>
</kw>
<kw name="Create List" owner="BuiltIn">
<msg time="2024-07-25T04:18:45.010220" level="INFO">${list_country} = ['AD', 'AE', 'AF', 'AG', 'AI', 'AL', 'AM', 'AO', 'AQ', 'AR', 'AS', 'AT', 'AU', 'AW', 'AX', 'AZ', 'BA', 'BB', 'BD', 'BE', 'BF', 'BG', 'BH', 'BI', 'BJ', 'BL', 'BM', 'BN', 'BO', 'BQ', 'BR', 'BS', 'BT', '...</msg>
<var>${list_country}</var>
<arg>AD</arg>
<arg>AE</arg>
<arg>AF</arg>
<arg>AG</arg>
<arg>AI</arg>
<arg>AL</arg>
<arg>AM</arg>
<arg>AO</arg>
<arg>AQ</arg>
<arg>AR</arg>
<arg>AS</arg>
<arg>AT</arg>
<arg>AU</arg>
<arg>AW</arg>
<arg>AX</arg>
<arg>AZ</arg>
<arg>BA</arg>
<arg>BB</arg>
<arg>BD</arg>
<arg>BE</arg>
<arg>BF</arg>
<arg>BG</arg>
<arg>BH</arg>
<arg>BI</arg>
<arg>BJ</arg>
<arg>BL</arg>
<arg>BM</arg>
<arg>BN</arg>
<arg>BO</arg>
<arg>BQ</arg>
<arg>BR</arg>
<arg>BS</arg>
<arg>BT</arg>
<arg>BV</arg>
<arg>BW</arg>
<arg>BY</arg>
<arg>BZ</arg>
<arg>CA</arg>
<arg>CC</arg>
<arg>CD</arg>
<arg>CF</arg>
<arg>CG</arg>
<arg>CH</arg>
<arg>CI</arg>
<arg>CK</arg>
<arg>CL</arg>
<arg>CM</arg>
<arg>CN</arg>
<arg>CO</arg>
<arg>CR</arg>
<arg>CU</arg>
<arg>CV</arg>
<arg>CW</arg>
<arg>CX</arg>
<arg>CY</arg>
<arg>CZ</arg>
<arg>DE</arg>
<arg>DJ</arg>
<arg>DK</arg>
<arg>DM</arg>
<arg>DO</arg>
<arg>DZ</arg>
<arg>EC</arg>
<arg>EE</arg>
<arg>EG</arg>
<arg>EH</arg>
<arg>ER</arg>
<arg>ES</arg>
<arg>ET</arg>
<arg>FI</arg>
<arg>FJ</arg>
<arg>FK</arg>
<arg>FM</arg>
<arg>FO</arg>
<arg>FR</arg>
<arg>GA</arg>
<arg>GB</arg>
<arg>GD</arg>
<arg>GE</arg>
<arg>GF</arg>
<arg>GG</arg>
<arg>GH</arg>
<arg>GI</arg>
<arg>GL</arg>
<arg>GM</arg>
<arg>GN</arg>
<arg>GP</arg>
<arg>GQ</arg>
<arg>GR</arg>
<arg>GS</arg>
<arg>GT</arg>
<arg>GU</arg>
<arg>GW</arg>
<arg>GY</arg>
<arg>HK</arg>
<arg>HM</arg>
<arg>HN</arg>
<arg>HR</arg>
<arg>HT</arg>
<arg>HU</arg>
<arg>ID</arg>
<arg>IE</arg>
<arg>IL</arg>
<arg>IM</arg>
<arg>IN</arg>
<arg>IO</arg>
<arg>IQ</arg>
<arg>IR</arg>
<arg>IS</arg>
<arg>IT</arg>
<arg>JE</arg>
<arg>JM</arg>
<arg>JO</arg>
<arg>JP</arg>
<arg>KE</arg>
<arg>KG</arg>
<arg>KH</arg>
<arg>KI</arg>
<arg>KM</arg>
<arg>KN</arg>
<arg>KP</arg>
<arg>KR</arg>
<arg>KW</arg>
<arg>KY</arg>
<arg>KZ</arg>
<arg>LA</arg>
<arg>LB</arg>
<arg>LC</arg>
<arg>LI</arg>
<arg>LK</arg>
<arg>LR</arg>
<arg>LS</arg>
<arg>LT</arg>
<arg>LU</arg>
<arg>LV</arg>
<arg>LY</arg>
<arg>MA</arg>
<arg>MC</arg>
<arg>MD</arg>
<arg>ME</arg>
<arg>MF</arg>
<arg>MG</arg>
<arg>MH</arg>
<arg>MK</arg>
<arg>ML</arg>
<arg>MM</arg>
<arg>MN</arg>
<arg>MO</arg>
<arg>MP</arg>
<arg>MQ</arg>
<arg>MR</arg>
<arg>MS</arg>
<arg>MT</arg>
<arg>MU</arg>
<arg>MV</arg>
<arg>MW</arg>
<arg>MX</arg>
<arg>MY</arg>
<arg>MZ</arg>
<arg>NA</arg>
<arg>NC</arg>
<arg>NE</arg>
<arg>NF</arg>
<arg>NG</arg>
<arg>NI</arg>
<arg>NL</arg>
<arg>NO</arg>
<arg>NP</arg>
<arg>NR</arg>
<arg>NU</arg>
<arg>NZ</arg>
<arg>OM</arg>
<arg>PA</arg>
<arg>PE</arg>
<arg>PF</arg>
<arg>PG</arg>
<arg>PH</arg>
<arg>PK</arg>
<arg>PL</arg>
<arg>PM</arg>
<arg>PN</arg>
<arg>PR</arg>
<arg>PS</arg>
<arg>PT</arg>
<arg>PW</arg>
<arg>PY</arg>
<arg>QA</arg>
<arg>RE</arg>
<arg>RO</arg>
<arg>RS</arg>
<arg>RU</arg>
<arg>RW</arg>
<arg>SA</arg>
<arg>SB</arg>
<arg>SC</arg>
<arg>SD</arg>
<arg>SE</arg>
<arg>SG</arg>
<arg>SH</arg>
<arg>SI</arg>
<arg>SJ</arg>
<arg>SK</arg>
<arg>SL</arg>
<arg>SM</arg>
<arg>SN</arg>
<arg>SO</arg>
<arg>SR</arg>
<arg>SS</arg>
<arg>ST</arg>
<arg>SV</arg>
<arg>SX</arg>
<arg>SY</arg>
<arg>SZ</arg>
<arg>TC</arg>
<arg>TD</arg>
<arg>TF</arg>
<arg>TG</arg>
<arg>TH</arg>
<arg>TJ</arg>
<arg>TK</arg>
<arg>TL</arg>
<arg>TM</arg>
<arg>TN</arg>
<arg>TO</arg>
<arg>TR</arg>
<arg>TT</arg>
<arg>TV</arg>
<arg>TW</arg>
<arg>TZ</arg>
<arg>UA</arg>
<arg>UG</arg>
<arg>UM</arg>
<arg>US</arg>
<arg>UY</arg>
<arg>UZ</arg>
<arg>VA</arg>
<arg>VC</arg>
<arg>VE</arg>
<arg>VG</arg>
<arg>VI</arg>
<arg>VN</arg>
<arg>VU</arg>
<arg>WF</arg>
<arg>WS</arg>
<arg>XK</arg>
<arg>YE</arg>
<arg>YT</arg>
<arg>ZA</arg>
<arg>ZM</arg>
<arg>ZW</arg>
<doc>Returns a list containing given items.</doc>
<status status="PASS" start="2024-07-25T04:18:45.009577" elapsed="0.000670"/>
</kw>
<kw name="List Should Contain Value" owner="Collections">
<arg>${list_country}</arg>
<arg>${name_country}</arg>
<doc>Fails if the ``value`` is not found from ``list``.</doc>
<status status="PASS" start="2024-07-25T04:18:45.011240" elapsed="0.000210"/>
</kw>
<kw name="Run Keyword If" owner="BuiltIn">
<kw name="Should Be True" owner="BuiltIn">
<arg>${True}</arg>
<doc>Fails if the given condition is not true.</doc>
<status status="PASS" start="2024-07-25T04:18:45.012411" elapsed="0.000142"/>
</kw>
<arg>${json_data["results"][0]["location"]["coordinates"]["latitude"]} &gt;= -90 and ${json_data["results"][0]["location"]["coordinates"]["latitude"]} &lt;= 90</arg>
<arg>Should Be True</arg>
<arg>${True}</arg>
<doc>Runs the given keyword with the given arguments, if ``condition`` is true.</doc>
<status status="PASS" start="2024-07-25T04:18:45.011655" elapsed="0.001032"/>
</kw>
<kw name="Run Keyword If" owner="BuiltIn">
<kw name="Should Be True" owner="BuiltIn">
<arg>${True}</arg>
<doc>Fails if the given condition is not true.</doc>
<status status="PASS" start="2024-07-25T04:18:45.013613" elapsed="0.000203"/>
</kw>
<arg>${json_data["results"][0]["location"]["coordinates"]["longitude"]} &gt;= -180 and ${json_data["results"][0]["location"]["coordinates"]["longitude"]} &lt;= 180</arg>
<arg>Should Be True</arg>
<arg>${True}</arg>
<doc>Runs the given keyword with the given arguments, if ``condition`` is true.</doc>
<status status="PASS" start="2024-07-25T04:18:45.012869" elapsed="0.001093"/>
</kw>
<status status="PASS" start="2024-07-25T04:18:44.712684" elapsed="0.301417"/>
</kw>
<doc>Testa o conteúdo específico dos campos retornados pela API.</doc>
<tag>testeConteudo</tag>
<status status="PASS" start="2024-07-25T04:18:44.712071" elapsed="0.302191"/>
</test>
<status status="PASS" start="2024-07-25T04:18:43.960714" elapsed="1.055537"/>
</suite>
<status status="PASS" start="2024-07-25T04:18:43.945547" elapsed="1.076091"/>
</suite>
<statistics>
<total>
<stat pass="5" fail="0" skip="0">All Tests</stat>
</total>
<tag>
<stat pass="1" fail="0" skip="0">testeConteudo</stat>
<stat pass="1" fail="0" skip="0">testeEstruturaResposta</stat>
<stat pass="1" fail="0" skip="0">testeRequisicaoBasica</stat>
<stat pass="1" fail="0" skip="0">testeTiposDados</stat>
</tag>
<suite>
<stat pass="5" fail="0" skip="0" id="s1" name="Tests">Tests</stat>
<stat pass="5" fail="0" skip="0" id="s1-s1" name="Random-User-Test">Tests.Random-User-Test</stat>
</suite>
</statistics>
<errors>
</errors>
</robot>
