<?xml version="1.0" encoding="UTF-8"?>
<robot generator="Robot 7.0 (Python 3.12.3 on linux)" generated="2024-05-24T18:19:13.524061" rpa="false" schemaversion="5">
<suite id="s1" name="Tests" source="/home/runner/work/DesafioQAItauRogerioJordao/DesafioQAItauRogerioJordao/RamdonUser/tests">
<suite id="s1-s1" name="Random-User-Test" source="/home/runner/work/DesafioQAItauRogerioJordao/DesafioQAItauRogerioJordao/RamdonUser/tests/random-user-test.robot">
<test id="s1-s1-t1" name="Conectar" line="13">
<kw name="Conectar API" owner="random-user-service">
<kw name="Create Session" owner="RequestsLibrary">
<msg time="2024-05-24T18:19:13.951327" level="INFO">Creating Session using : alias=consultarAPI, url=https://randomuser.me/, headers={},                     cookies={}, auth=None, timeout=None, proxies=None, verify=False,                     debug=0 </msg>
<arg>consultarAPI</arg>
<arg>${URL}</arg>
<doc>Create Session: create a HTTP session to a server</doc>
<status status="PASS" start="2024-05-24T18:19:13.951114" elapsed="0.000458"/>
</kw>
<status status="PASS" start="2024-05-24T18:19:13.949989" elapsed="0.001972"/>
</kw>
<status status="PASS" start="2024-05-24T18:19:13.949311" elapsed="0.002844"/>
</test>
<test id="s1-s1-t2" name="Validar retorno 200 e JSON Válido" line="16">
<kw name="Teste de Requisicao Basica" owner="random-user-service">
<kw name="GET On Session" owner="RequestsLibrary">
<msg time="2024-05-24T18:19:15.901587" level="INFO">GET Request : url=https://randomuser.me/api 
 path_url=/api 
 headers={'User-Agent': 'python-requests/2.32.2', 'Accept-Encoding': 'gzip, deflate', 'Accept': '*/*', 'Connection': 'keep-alive'} 
 body=None 
 </msg>
<msg time="2024-05-24T18:19:15.901744" level="INFO">GET Response : url=https://randomuser.me/api 
 status=200, reason=OK 
 headers={'Date': 'Fri, 24 May 2024 18:19:15 GMT', 'Content-Type': 'application/json; charset=utf-8', 'Transfer-Encoding': 'chunked', 'Connection': 'keep-alive', 'X-Powered-By': 'Express', 'Access-Control-Allow-Origin': '*', 'Cache-Control': 'no-cache', 'ETag': 'W/"493-7er6p0tv8cucHzHuKaiOYoc9luA"', 'Vary': 'Accept-Encoding', 'Content-Encoding': 'gzip', 'CF-Cache-Status': 'DYNAMIC', 'Report-To': '{"endpoints":[{"url":"https:\\/\\/a.nel.cloudflare.com\\/report\\/v4?s=aOk7HryJjyURLV7PYk8EUIw2jbSbGVHQ7NE8itWUxWTioYk0nNauTxdruIaoyeU%2BfRspTuZH4P3rI1CRmz%2BCLp3plgXHL4GDoKQxs5NPfVfnuKht%2FgbG6xisAwbNS3Md"}],"group":"cf-nel","max_age":604800}', 'NEL': '{"success_fraction":0,"report_to":"cf-nel","max_age":604800}', 'Server': 'cloudflare', 'CF-RAY': '888f4af47d168005-IAD', 'alt-svc': 'h3=":443"; ma=86400'} 
 body={"results":[{"gender":"male","name":{"title":"Mr","first":"Jerry","last":"Mills"},"location":{"street":{"number":4937,"name":"Oak Lawn Ave"},"city":"Orange","state":"New South Wales","country":"Australia","postcode":4372,"coordinates":{"latitude":"-86.4335","longitude":"-67.7580"},"timezone":{"offset":"+1:00","description":"Brussels, Copenhagen, Madrid, Paris"}},"email":"jerry.mills@example.com","login":{"uuid":"79779a3d-46f4-4ddc-86da-2448d72306e4","username":"ticklishostrich232","password":"happy123","salt":"sy7s2YVb","md5":"15b26aa7c05842074f64a66b65a36a8e","sha1":"26ee35d254e7674c733351d4521a2d16c8e832e4","sha256":"23bc8a0a037bd497726f6ba54a08a98b4f5e86ebfe9cf58d7251d1715ef22346"},"dob":{"date":"1961-02-22T14:09:21.565Z","age":63},"registered":{"date":"2007-11-27T03:44:10.470Z","age":16},"phone":"08-4120-4928","cell":"0429-356-863","id":{"name":"TFN","value":"946818814"},"picture":{"large":"https://randomuser.me/api/portraits/men/51.jpg","medium":"https://randomuser.me/api/portraits/med/men/51.jpg","thumbnail":"https://randomuser.me/api/portraits/thumb/men/51.jpg"},"nat":"AU"}],"info":{"seed":"13b3e635781fd132","results":1,"page":1,"version":"1.4"}} 
 </msg>
<msg time="2024-05-24T18:19:15.901829" level="INFO">/opt/hostedtoolcache/Python/3.12.3/x64/lib/python3.12/site-packages/urllib3/connectionpool.py:1103: InsecureRequestWarning: Unverified HTTPS request is being made to host 'randomuser.me'. Adding certificate verification is strongly advised. See: https://urllib3.readthedocs.io/en/latest/advanced-usage.html#tls-warnings
  warnings.warn(</msg>
<msg time="2024-05-24T18:19:15.901992" level="INFO">${response} = &lt;Response [200]&gt;</msg>
<var>${response}</var>
<arg>consultarAPI</arg>
<arg>/api</arg>
<doc>Sends a GET request on a previously created HTTP Session.</doc>
<status status="PASS" start="2024-05-24T18:19:13.954920" elapsed="1.947120"/>
</kw>
<kw name="Should Be Equal As Numbers" owner="BuiltIn">
<msg time="2024-05-24T18:19:15.903092" level="INFO">Argument types are:
&lt;class 'int'&gt;
&lt;class 'str'&gt;</msg>
<arg>${response.status_code}</arg>
<arg>200</arg>
<doc>Fails if objects are unequal after converting them to real numbers.</doc>
<status status="PASS" start="2024-05-24T18:19:15.902619" elapsed="0.000540"/>
</kw>
<kw name="Log" owner="BuiltIn">
<msg time="2024-05-24T18:19:15.903916" level="INFO">200</msg>
<arg>${response.status_code}</arg>
<doc>Logs the given message with the given level.</doc>
<status status="PASS" start="2024-05-24T18:19:15.903559" elapsed="0.000405"/>
</kw>
<kw name="Set Variable" owner="BuiltIn">
<msg time="2024-05-24T18:19:15.904710" level="INFO">${json_data} = {'results': [{'gender': 'male', 'name': {'title': 'Mr', 'first': 'Jerry', 'last': 'Mills'}, 'location': {'street': {'number': 4937, 'name': 'Oak Lawn Ave'}, 'city': 'Orange', 'state': 'New South Wales...</msg>
<var>${json_data}</var>
<arg>${response.json()}</arg>
<doc>Returns the given values which can then be assigned to a variables.</doc>
<status status="PASS" start="2024-05-24T18:19:15.904277" elapsed="0.000462"/>
</kw>
<kw name="Dictionary Should Contain Key" owner="Collections">
<msg time="2024-05-24T18:19:15.905244" level="INFO">False</msg>
<arg>${json_data}</arg>
<arg>results</arg>
<doc>Fails if ``key`` is not found from ``dictionary``.</doc>
<status status="PASS" start="2024-05-24T18:19:15.905072" elapsed="0.000399"/>
</kw>
<status status="PASS" start="2024-05-24T18:19:13.954657" elapsed="1.951100"/>
</kw>
<doc>Testa se a API responde corretamente e retorna um objeto JSON válido.</doc>
<tag>testeRequisicaoBasica</tag>
<status status="PASS" start="2024-05-24T18:19:13.954069" elapsed="1.951869"/>
</test>
<test id="s1-s1-t3" name="Validar estrutura de resposta" line="22">
<kw name="Teste de Estrutura de Resposta" owner="random-user-service">
<kw name="GET On Session" owner="RequestsLibrary">
<msg time="2024-05-24T18:19:17.172829" level="INFO">GET Request : url=https://randomuser.me/api 
 path_url=/api 
 headers={'User-Agent': 'python-requests/2.32.2', 'Accept-Encoding': 'gzip, deflate', 'Accept': '*/*', 'Connection': 'keep-alive'} 
 body=None 
 </msg>
<msg time="2024-05-24T18:19:17.172933" level="INFO">GET Response : url=https://randomuser.me/api 
 status=200, reason=OK 
 headers={'Date': 'Fri, 24 May 2024 18:19:17 GMT', 'Content-Type': 'application/json; charset=utf-8', 'Transfer-Encoding': 'chunked', 'Connection': 'keep-alive', 'X-Powered-By': 'Express', 'Access-Control-Allow-Origin': '*', 'Cache-Control': 'no-cache', 'ETag': 'W/"48c-pGpA7UTnHHLWz9nKUiP/6e9PA/o"', 'Vary': 'Accept-Encoding', 'Content-Encoding': 'gzip', 'CF-Cache-Status': 'DYNAMIC', 'Report-To': '{"endpoints":[{"url":"https:\\/\\/a.nel.cloudflare.com\\/report\\/v4?s=gFVKNWYApMA0v3MdfejsAebRkMn297CcGimgds79YjwE5B8yV5CzohdPpxS9ZFSYz8j0DOcIChfY6hT8Qog%2B8lRAy4TiMgc9CcHW5aSML9uDyZE6IYOjvrhqn5FD8gL2"}],"group":"cf-nel","max_age":604800}', 'NEL': '{"success_fraction":0,"report_to":"cf-nel","max_age":604800}', 'Server': 'cloudflare', 'CF-RAY': '888f4b007f278005-IAD', 'alt-svc': 'h3=":443"; ma=86400'} 
 body={"results":[{"gender":"male","name":{"title":"Monsieur","first":"Sacha","last":"Blanc"},"location":{"street":{"number":9093,"name":"Rue Chazière"},"city":"Brissago","state":"Uri","country":"Switzerland","postcode":4545,"coordinates":{"latitude":"-60.1005","longitude":"-22.6590"},"timezone":{"offset":"+2:00","description":"Kaliningrad, South Africa"}},"email":"sacha.blanc@example.com","login":{"uuid":"d18e72d9-3aa3-425b-ac86-79656aa9f3a4","username":"lazygorilla502","password":"sheriff","salt":"oPMpjuRy","md5":"de0e6a3e70f12fa9377b97f94f1d52c3","sha1":"7b8ca0eb63e367a79f873d2f24cc1179763a973f","sha256":"94a512efbf1ef65bc1df1cef62eaa84780e02312ada2c9dfc4e44d90edb45993"},"dob":{"date":"1979-09-19T05:00:05.435Z","age":44},"registered":{"date":"2010-04-04T16:39:08.252Z","age":14},"phone":"078 669 26 29","cell":"078 158 42 91","id":{"name":"AVS","value":"756.9488.1036.53"},"picture":{"large":"https://randomuser.me/api/portraits/men/31.jpg","medium":"https://randomuser.me/api/portraits/med/men/31.jpg","thumbnail":"https://randomuser.me/api/portraits/thumb/men/31.jpg"},"nat":"CH"}],"info":{"seed":"1098d7f5579b63a4","results":1,"page":1,"version":"1.4"}} 
 </msg>
<msg time="2024-05-24T18:19:17.173065" level="INFO">/opt/hostedtoolcache/Python/3.12.3/x64/lib/python3.12/site-packages/urllib3/connectionpool.py:1103: InsecureRequestWarning: Unverified HTTPS request is being made to host 'randomuser.me'. Adding certificate verification is strongly advised. See: https://urllib3.readthedocs.io/en/latest/advanced-usage.html#tls-warnings
  warnings.warn(</msg>
<msg time="2024-05-24T18:19:17.173201" level="INFO">${response} = &lt;Response [200]&gt;</msg>
<var>${response}</var>
<arg>consultarAPI</arg>
<arg>/api</arg>
<doc>Sends a GET request on a previously created HTTP Session.</doc>
<status status="PASS" start="2024-05-24T18:19:15.908717" elapsed="1.264525"/>
</kw>
<kw name="Set Variable" owner="BuiltIn">
<msg time="2024-05-24T18:19:17.174497" level="INFO">${json_data} = {'results': [{'gender': 'male', 'name': {'title': 'Monsieur', 'first': 'Sacha', 'last': 'Blanc'}, 'location': {'street': {'number': 9093, 'name': 'Rue Chazière'}, 'city': 'Brissago', 'state': 'Uri', '...</msg>
<var>${json_data}</var>
<arg>${response.json()}</arg>
<doc>Returns the given values which can then be assigned to a variables.</doc>
<status status="PASS" start="2024-05-24T18:19:17.173910" elapsed="0.000618"/>
</kw>
<kw name="Log" owner="BuiltIn">
<msg time="2024-05-24T18:19:17.175017" level="INFO">{'results': [{'gender': 'male', 'name': {'title': 'Monsieur', 'first': 'Sacha', 'last': 'Blanc'}, 'location': {'street': {'number': 9093, 'name': 'Rue Chazière'}, 'city': 'Brissago', 'state': 'Uri', 'country': 'Switzerland', 'postcode': 4545, 'coordinates': {'latitude': '-60.1005', 'longitude': '-22.6590'}, 'timezone': {'offset': '+2:00', 'description': 'Kaliningrad, South Africa'}}, 'email': 'sacha.blanc@example.com', 'login': {'uuid': 'd18e72d9-3aa3-425b-ac86-79656aa9f3a4', 'username': 'lazygorilla502', 'password': 'sheriff', 'salt': 'oPMpjuRy', 'md5': 'de0e6a3e70f12fa9377b97f94f1d52c3', 'sha1': '7b8ca0eb63e367a79f873d2f24cc1179763a973f', 'sha256': '94a512efbf1ef65bc1df1cef62eaa84780e02312ada2c9dfc4e44d90edb45993'}, 'dob': {'date': '1979-09-19T05:00:05.435Z', 'age': 44}, 'registered': {'date': '2010-04-04T16:39:08.252Z', 'age': 14}, 'phone': '078 669 26 29', 'cell': '078 158 42 91', 'id': {'name': 'AVS', 'value': '756.9488.1036.53'}, 'picture': {'large': 'https://randomuser.me/api/portraits/men/31.jpg', 'medium': 'https://randomuser.me/api/portraits/med/men/31.jpg', 'thumbnail': 'https://randomuser.me/api/portraits/thumb/men/31.jpg'}, 'nat': 'CH'}], 'info': {'seed': '1098d7f5579b63a4', 'results': 1, 'page': 1, 'version': '1.4'}}</msg>
<arg>${json_data}</arg>
<doc>Logs the given message with the given level.</doc>
<status status="PASS" start="2024-05-24T18:19:17.174850" elapsed="0.000222"/>
</kw>
<kw name="Dictionary Should Contain Key" owner="Collections">
<msg time="2024-05-24T18:19:17.175582" level="INFO">False</msg>
<arg>${json_data}</arg>
<arg>results</arg>
<doc>Fails if ``key`` is not found from ``dictionary``.</doc>
<status status="PASS" start="2024-05-24T18:19:17.175410" elapsed="0.000211"/>
</kw>
<kw name="Should Not Be Empty" owner="BuiltIn">
<msg time="2024-05-24T18:19:17.176065" level="INFO">Length is 2.</msg>
<arg>${json_data}</arg>
<doc>Verifies that the given item is not empty.</doc>
<status status="PASS" start="2024-05-24T18:19:17.175933" elapsed="0.000175"/>
</kw>
<kw name="Create List" owner="BuiltIn">
<msg time="2024-05-24T18:19:17.176554" level="INFO">${expected_keys} = ['gender', 'name', 'location', 'email', 'login']</msg>
<var>${expected_keys}</var>
<arg>gender</arg>
<arg>name</arg>
<arg>location</arg>
<arg>email</arg>
<arg>login</arg>
<doc>Returns a list containing given items.</doc>
<status status="PASS" start="2024-05-24T18:19:17.176403" elapsed="0.000175"/>
</kw>
<for flavor="IN">
<iter>
<kw name="Dictionary Should Contain Key" owner="Collections">
<msg time="2024-05-24T18:19:17.177584" level="INFO">False</msg>
<arg>${json_data['results'][0]}</arg>
<arg>${key}</arg>
<doc>Fails if ``key`` is not found from ``dictionary``.</doc>
<status status="PASS" start="2024-05-24T18:19:17.177170" elapsed="0.000459"/>
</kw>
<kw name="Log" owner="BuiltIn">
<msg time="2024-05-24T18:19:17.178295" level="INFO">{'gender': 'male', 'name': {'title': 'Monsieur', 'first': 'Sacha', 'last': 'Blanc'}, 'location': {'street': {'number': 9093, 'name': 'Rue Chazière'}, 'city': 'Brissago', 'state': 'Uri', 'country': 'Switzerland', 'postcode': 4545, 'coordinates': {'latitude': '-60.1005', 'longitude': '-22.6590'}, 'timezone': {'offset': '+2:00', 'description': 'Kaliningrad, South Africa'}}, 'email': 'sacha.blanc@example.com', 'login': {'uuid': 'd18e72d9-3aa3-425b-ac86-79656aa9f3a4', 'username': 'lazygorilla502', 'password': 'sheriff', 'salt': 'oPMpjuRy', 'md5': 'de0e6a3e70f12fa9377b97f94f1d52c3', 'sha1': '7b8ca0eb63e367a79f873d2f24cc1179763a973f', 'sha256': '94a512efbf1ef65bc1df1cef62eaa84780e02312ada2c9dfc4e44d90edb45993'}, 'dob': {'date': '1979-09-19T05:00:05.435Z', 'age': 44}, 'registered': {'date': '2010-04-04T16:39:08.252Z', 'age': 14}, 'phone': '078 669 26 29', 'cell': '078 158 42 91', 'id': {'name': 'AVS', 'value': '756.9488.1036.53'}, 'picture': {'large': 'https://randomuser.me/api/portraits/men/31.jpg', 'medium': 'https://randomuser.me/api/portraits/med/men/31.jpg', 'thumbnail': 'https://randomuser.me/api/portraits/thumb/men/31.jpg'}, 'nat': 'CH'}</msg>
<arg>${json_data['results'][0]}</arg>
<doc>Logs the given message with the given level.</doc>
<status status="PASS" start="2024-05-24T18:19:17.177928" elapsed="0.000428"/>
</kw>
<kw name="Log" owner="BuiltIn">
<msg time="2024-05-24T18:19:17.178779" level="INFO">gender</msg>
<arg>${key}</arg>
<doc>Logs the given message with the given level.</doc>
<status status="PASS" start="2024-05-24T18:19:17.178653" elapsed="0.000162"/>
</kw>
<var name="${key}">gender</var>
<status status="PASS" start="2024-05-24T18:19:17.177044" elapsed="0.001988"/>
</iter>
<iter>
<kw name="Dictionary Should Contain Key" owner="Collections">
<msg time="2024-05-24T18:19:17.179744" level="INFO">False</msg>
<arg>${json_data['results'][0]}</arg>
<arg>${key}</arg>
<doc>Fails if ``key`` is not found from ``dictionary``.</doc>
<status status="PASS" start="2024-05-24T18:19:17.179357" elapsed="0.000423"/>
</kw>
<kw name="Log" owner="BuiltIn">
<msg time="2024-05-24T18:19:17.180465" level="INFO">{'gender': 'male', 'name': {'title': 'Monsieur', 'first': 'Sacha', 'last': 'Blanc'}, 'location': {'street': {'number': 9093, 'name': 'Rue Chazière'}, 'city': 'Brissago', 'state': 'Uri', 'country': 'Switzerland', 'postcode': 4545, 'coordinates': {'latitude': '-60.1005', 'longitude': '-22.6590'}, 'timezone': {'offset': '+2:00', 'description': 'Kaliningrad, South Africa'}}, 'email': 'sacha.blanc@example.com', 'login': {'uuid': 'd18e72d9-3aa3-425b-ac86-79656aa9f3a4', 'username': 'lazygorilla502', 'password': 'sheriff', 'salt': 'oPMpjuRy', 'md5': 'de0e6a3e70f12fa9377b97f94f1d52c3', 'sha1': '7b8ca0eb63e367a79f873d2f24cc1179763a973f', 'sha256': '94a512efbf1ef65bc1df1cef62eaa84780e02312ada2c9dfc4e44d90edb45993'}, 'dob': {'date': '1979-09-19T05:00:05.435Z', 'age': 44}, 'registered': {'date': '2010-04-04T16:39:08.252Z', 'age': 14}, 'phone': '078 669 26 29', 'cell': '078 158 42 91', 'id': {'name': 'AVS', 'value': '756.9488.1036.53'}, 'picture': {'large': 'https://randomuser.me/api/portraits/men/31.jpg', 'medium': 'https://randomuser.me/api/portraits/med/men/31.jpg', 'thumbnail': 'https://randomuser.me/api/portraits/thumb/men/31.jpg'}, 'nat': 'CH'}</msg>
<arg>${json_data['results'][0]}</arg>
<doc>Logs the given message with the given level.</doc>
<status status="PASS" start="2024-05-24T18:19:17.180104" elapsed="0.000411"/>
</kw>
<kw name="Log" owner="BuiltIn">
<msg time="2024-05-24T18:19:17.180941" level="INFO">name</msg>
<arg>${key}</arg>
<doc>Logs the given message with the given level.</doc>
<status status="PASS" start="2024-05-24T18:19:17.180814" elapsed="0.000164"/>
</kw>
<var name="${key}">name</var>
<status status="PASS" start="2024-05-24T18:19:17.179221" elapsed="0.001980"/>
</iter>
<iter>
<kw name="Dictionary Should Contain Key" owner="Collections">
<msg time="2024-05-24T18:19:17.181860" level="INFO">False</msg>
<arg>${json_data['results'][0]}</arg>
<arg>${key}</arg>
<doc>Fails if ``key`` is not found from ``dictionary``.</doc>
<status status="PASS" start="2024-05-24T18:19:17.181487" elapsed="0.000410"/>
</kw>
<kw name="Log" owner="BuiltIn">
<msg time="2024-05-24T18:19:17.182558" level="INFO">{'gender': 'male', 'name': {'title': 'Monsieur', 'first': 'Sacha', 'last': 'Blanc'}, 'location': {'street': {'number': 9093, 'name': 'Rue Chazière'}, 'city': 'Brissago', 'state': 'Uri', 'country': 'Switzerland', 'postcode': 4545, 'coordinates': {'latitude': '-60.1005', 'longitude': '-22.6590'}, 'timezone': {'offset': '+2:00', 'description': 'Kaliningrad, South Africa'}}, 'email': 'sacha.blanc@example.com', 'login': {'uuid': 'd18e72d9-3aa3-425b-ac86-79656aa9f3a4', 'username': 'lazygorilla502', 'password': 'sheriff', 'salt': 'oPMpjuRy', 'md5': 'de0e6a3e70f12fa9377b97f94f1d52c3', 'sha1': '7b8ca0eb63e367a79f873d2f24cc1179763a973f', 'sha256': '94a512efbf1ef65bc1df1cef62eaa84780e02312ada2c9dfc4e44d90edb45993'}, 'dob': {'date': '1979-09-19T05:00:05.435Z', 'age': 44}, 'registered': {'date': '2010-04-04T16:39:08.252Z', 'age': 14}, 'phone': '078 669 26 29', 'cell': '078 158 42 91', 'id': {'name': 'AVS', 'value': '756.9488.1036.53'}, 'picture': {'large': 'https://randomuser.me/api/portraits/men/31.jpg', 'medium': 'https://randomuser.me/api/portraits/med/men/31.jpg', 'thumbnail': 'https://randomuser.me/api/portraits/thumb/men/31.jpg'}, 'nat': 'CH'}</msg>
<arg>${json_data['results'][0]}</arg>
<doc>Logs the given message with the given level.</doc>
<status status="PASS" start="2024-05-24T18:19:17.182191" elapsed="0.000417"/>
</kw>
<kw name="Log" owner="BuiltIn">
<msg time="2024-05-24T18:19:17.183029" level="INFO">location</msg>
<arg>${key}</arg>
<doc>Logs the given message with the given level.</doc>
<status status="PASS" start="2024-05-24T18:19:17.182905" elapsed="0.000160"/>
</kw>
<var name="${key}">location</var>
<status status="PASS" start="2024-05-24T18:19:17.181376" elapsed="0.001912"/>
</iter>
<iter>
<kw name="Dictionary Should Contain Key" owner="Collections">
<msg time="2024-05-24T18:19:17.184114" level="INFO">False</msg>
<arg>${json_data['results'][0]}</arg>
<arg>${key}</arg>
<doc>Fails if ``key`` is not found from ``dictionary``.</doc>
<status status="PASS" start="2024-05-24T18:19:17.183610" elapsed="0.000542"/>
</kw>
<kw name="Log" owner="BuiltIn">
<msg time="2024-05-24T18:19:17.184813" level="INFO">{'gender': 'male', 'name': {'title': 'Monsieur', 'first': 'Sacha', 'last': 'Blanc'}, 'location': {'street': {'number': 9093, 'name': 'Rue Chazière'}, 'city': 'Brissago', 'state': 'Uri', 'country': 'Switzerland', 'postcode': 4545, 'coordinates': {'latitude': '-60.1005', 'longitude': '-22.6590'}, 'timezone': {'offset': '+2:00', 'description': 'Kaliningrad, South Africa'}}, 'email': 'sacha.blanc@example.com', 'login': {'uuid': 'd18e72d9-3aa3-425b-ac86-79656aa9f3a4', 'username': 'lazygorilla502', 'password': 'sheriff', 'salt': 'oPMpjuRy', 'md5': 'de0e6a3e70f12fa9377b97f94f1d52c3', 'sha1': '7b8ca0eb63e367a79f873d2f24cc1179763a973f', 'sha256': '94a512efbf1ef65bc1df1cef62eaa84780e02312ada2c9dfc4e44d90edb45993'}, 'dob': {'date': '1979-09-19T05:00:05.435Z', 'age': 44}, 'registered': {'date': '2010-04-04T16:39:08.252Z', 'age': 14}, 'phone': '078 669 26 29', 'cell': '078 158 42 91', 'id': {'name': 'AVS', 'value': '756.9488.1036.53'}, 'picture': {'large': 'https://randomuser.me/api/portraits/men/31.jpg', 'medium': 'https://randomuser.me/api/portraits/med/men/31.jpg', 'thumbnail': 'https://randomuser.me/api/portraits/thumb/men/31.jpg'}, 'nat': 'CH'}</msg>
<arg>${json_data['results'][0]}</arg>
<doc>Logs the given message with the given level.</doc>
<status status="PASS" start="2024-05-24T18:19:17.184451" elapsed="0.000421"/>
</kw>
<kw name="Log" owner="BuiltIn">
<msg time="2024-05-24T18:19:17.185300" level="INFO">email</msg>
<arg>${key}</arg>
<doc>Logs the given message with the given level.</doc>
<status status="PASS" start="2024-05-24T18:19:17.185172" elapsed="0.000166"/>
</kw>
<var name="${key}">email</var>
<status status="PASS" start="2024-05-24T18:19:17.183498" elapsed="0.002055"/>
</iter>
<iter>
<kw name="Dictionary Should Contain Key" owner="Collections">
<msg time="2024-05-24T18:19:17.186210" level="INFO">False</msg>
<arg>${json_data['results'][0]}</arg>
<arg>${key}</arg>
<doc>Fails if ``key`` is not found from ``dictionary``.</doc>
<status status="PASS" start="2024-05-24T18:19:17.185837" elapsed="0.000411"/>
</kw>
<kw name="Log" owner="BuiltIn">
<msg time="2024-05-24T18:19:17.186908" level="INFO">{'gender': 'male', 'name': {'title': 'Monsieur', 'first': 'Sacha', 'last': 'Blanc'}, 'location': {'street': {'number': 9093, 'name': 'Rue Chazière'}, 'city': 'Brissago', 'state': 'Uri', 'country': 'Switzerland', 'postcode': 4545, 'coordinates': {'latitude': '-60.1005', 'longitude': '-22.6590'}, 'timezone': {'offset': '+2:00', 'description': 'Kaliningrad, South Africa'}}, 'email': 'sacha.blanc@example.com', 'login': {'uuid': 'd18e72d9-3aa3-425b-ac86-79656aa9f3a4', 'username': 'lazygorilla502', 'password': 'sheriff', 'salt': 'oPMpjuRy', 'md5': 'de0e6a3e70f12fa9377b97f94f1d52c3', 'sha1': '7b8ca0eb63e367a79f873d2f24cc1179763a973f', 'sha256': '94a512efbf1ef65bc1df1cef62eaa84780e02312ada2c9dfc4e44d90edb45993'}, 'dob': {'date': '1979-09-19T05:00:05.435Z', 'age': 44}, 'registered': {'date': '2010-04-04T16:39:08.252Z', 'age': 14}, 'phone': '078 669 26 29', 'cell': '078 158 42 91', 'id': {'name': 'AVS', 'value': '756.9488.1036.53'}, 'picture': {'large': 'https://randomuser.me/api/portraits/men/31.jpg', 'medium': 'https://randomuser.me/api/portraits/med/men/31.jpg', 'thumbnail': 'https://randomuser.me/api/portraits/thumb/men/31.jpg'}, 'nat': 'CH'}</msg>
<arg>${json_data['results'][0]}</arg>
<doc>Logs the given message with the given level.</doc>
<status status="PASS" start="2024-05-24T18:19:17.186545" elapsed="0.000421"/>
</kw>
<kw name="Log" owner="BuiltIn">
<msg time="2024-05-24T18:19:17.187409" level="INFO">login</msg>
<arg>${key}</arg>
<doc>Logs the given message with the given level.</doc>
<status status="PASS" start="2024-05-24T18:19:17.187260" elapsed="0.000188"/>
</kw>
<var name="${key}">login</var>
<status status="PASS" start="2024-05-24T18:19:17.185726" elapsed="0.001966"/>
</iter>
<var>${key}</var>
<value>@{expected_keys}</value>
<status status="PASS" start="2024-05-24T18:19:17.176841" elapsed="0.010977"/>
</for>
<kw name="Create List" owner="BuiltIn">
<msg time="2024-05-24T18:19:17.188155" level="INFO">${expected_keysTwo} = ['username', 'password']</msg>
<var>${expected_keysTwo}</var>
<arg>username</arg>
<arg>password</arg>
<doc>Returns a list containing given items.</doc>
<status status="PASS" start="2024-05-24T18:19:17.188015" elapsed="0.000163"/>
</kw>
<for flavor="IN">
<iter>
<kw name="Dictionary Should Contain Key" owner="Collections">
<msg time="2024-05-24T18:19:17.189066" level="INFO">False</msg>
<arg>${json_data['results'][0]['login']}</arg>
<arg>${keyTwo}</arg>
<doc>Fails if ``key`` is not found from ``dictionary``.</doc>
<status status="PASS" start="2024-05-24T18:19:17.188685" elapsed="0.000417"/>
</kw>
<kw name="Dictionary Should Contain Key" owner="Collections">
<msg time="2024-05-24T18:19:17.189768" level="INFO">False</msg>
<arg>${json_data['results'][0]['login']}</arg>
<arg>${keyTwo}</arg>
<doc>Fails if ``key`` is not found from ``dictionary``.</doc>
<status status="PASS" start="2024-05-24T18:19:17.189396" elapsed="0.000408"/>
</kw>
<kw name="Log" owner="BuiltIn">
<msg time="2024-05-24T18:19:17.190224" level="INFO">username</msg>
<arg>${keyTwo}</arg>
<doc>Logs the given message with the given level.</doc>
<status status="PASS" start="2024-05-24T18:19:17.190095" elapsed="0.000167"/>
</kw>
<var name="${keyTwo}">username</var>
<status status="PASS" start="2024-05-24T18:19:17.188576" elapsed="0.001900"/>
</iter>
<iter>
<kw name="Dictionary Should Contain Key" owner="Collections">
<msg time="2024-05-24T18:19:17.191138" level="INFO">False</msg>
<arg>${json_data['results'][0]['login']}</arg>
<arg>${keyTwo}</arg>
<doc>Fails if ``key`` is not found from ``dictionary``.</doc>
<status status="PASS" start="2024-05-24T18:19:17.190757" elapsed="0.000417"/>
</kw>
<kw name="Dictionary Should Contain Key" owner="Collections">
<msg time="2024-05-24T18:19:17.191926" level="INFO">False</msg>
<arg>${json_data['results'][0]['login']}</arg>
<arg>${keyTwo}</arg>
<doc>Fails if ``key`` is not found from ``dictionary``.</doc>
<status status="PASS" start="2024-05-24T18:19:17.191545" elapsed="0.000418"/>
</kw>
<kw name="Log" owner="BuiltIn">
<msg time="2024-05-24T18:19:17.192384" level="INFO">password</msg>
<arg>${keyTwo}</arg>
<doc>Logs the given message with the given level.</doc>
<status status="PASS" start="2024-05-24T18:19:17.192256" elapsed="0.000166"/>
</kw>
<var name="${keyTwo}">password</var>
<status status="PASS" start="2024-05-24T18:19:17.190647" elapsed="0.001991"/>
</iter>
<var>${keyTwo}</var>
<value>@{expected_keysTwo}</value>
<status status="PASS" start="2024-05-24T18:19:17.188421" elapsed="0.004337"/>
</for>
<status status="PASS" start="2024-05-24T18:19:15.908401" elapsed="1.284502"/>
</kw>
<doc>Testa a estrutura da resposta da API.</doc>
<tag>testeEstruturaResposta</tag>
<status status="PASS" start="2024-05-24T18:19:15.907834" elapsed="1.285232"/>
</test>
<test id="s1-s1-t4" name="Validar tipos de dados" line="28">
<kw name="Teste de Tipos de Dados" owner="random-user-service">
<kw name="GET On Session" owner="RequestsLibrary">
<msg time="2024-05-24T18:19:17.787657" level="INFO">GET Request : url=https://randomuser.me/api 
 path_url=/api 
 headers={'User-Agent': 'python-requests/2.32.2', 'Accept-Encoding': 'gzip, deflate', 'Accept': '*/*', 'Connection': 'keep-alive'} 
 body=None 
 </msg>
<msg time="2024-05-24T18:19:17.787773" level="INFO">GET Response : url=https://randomuser.me/api 
 status=200, reason=OK 
 headers={'Date': 'Fri, 24 May 2024 18:19:17 GMT', 'Content-Type': 'application/json; charset=utf-8', 'Transfer-Encoding': 'chunked', 'Connection': 'keep-alive', 'X-Powered-By': 'Express', 'Access-Control-Allow-Origin': '*', 'Cache-Control': 'no-cache', 'ETag': 'W/"496-ttNBtYstht4/JkyBMS/B0Wtdzwg"', 'Vary': 'Accept-Encoding', 'Content-Encoding': 'gzip', 'CF-Cache-Status': 'DYNAMIC', 'Report-To': '{"endpoints":[{"url":"https:\\/\\/a.nel.cloudflare.com\\/report\\/v4?s=NXijbfLb4fmiKkZ2i27HVP1tVTNnFIpObBynCO04VGJkNPVzQ%2B%2BMQmKQZwTlyVmqKxERbq5Ms941JwiW9alnmPeIxE7AQEPYUvb9EkXWMAgRaZjLc6UyGvsICQdnpyeh"}],"group":"cf-nel","max_age":604800}', 'NEL': '{"success_fraction":0,"report_to":"cf-nel","max_age":604800}', 'Server': 'cloudflare', 'CF-RAY': '888f4b088acb8005-IAD', 'alt-svc': 'h3=":443"; ma=86400'} 
 body={"results":[{"gender":"male","name":{"title":"Mr","first":"Eitel","last":"Huth"},"location":{"street":{"number":4692,"name":"Beethovenstraße"},"city":"Bützow","state":"Niedersachsen","country":"Germany","postcode":44378,"coordinates":{"latitude":"-55.5173","longitude":"-95.3717"},"timezone":{"offset":"+5:30","description":"Bombay, Calcutta, Madras, New Delhi"}},"email":"eitel.huth@example.com","login":{"uuid":"35b71286-97ff-490f-93c6-e9cff44b6460","username":"silvergorilla938","password":"colleen","salt":"KD87Kb7Z","md5":"f3d1b1e8cd5dbffa036a91ad0bc9ece5","sha1":"570a1271d26f262798bb503f7ad2fa2f29caa14d","sha256":"ee580197f4b1bc990e85c4e95e1b11526fe6e6a03aabedf54005299ae591ab5a"},"dob":{"date":"1979-02-26T04:21:33.930Z","age":45},"registered":{"date":"2017-09-14T06:58:24.038Z","age":6},"phone":"0922-7334053","cell":"0173-7695693","id":{"name":"SVNR","value":"78 250279 H 256"},"picture":{"large":"https://randomuser.me/api/portraits/men/95.jpg","medium":"https://randomuser.me/api/portraits/med/men/95.jpg","thumbnail":"https://randomuser.me/api/portraits/thumb/men/95.jpg"},"nat":"DE"}],"info":{"seed":"c36a2d42e406b6cb","results":1,"page":1,"version":"1.4"}} 
 </msg>
<msg time="2024-05-24T18:19:17.787862" level="INFO">/opt/hostedtoolcache/Python/3.12.3/x64/lib/python3.12/site-packages/urllib3/connectionpool.py:1103: InsecureRequestWarning: Unverified HTTPS request is being made to host 'randomuser.me'. Adding certificate verification is strongly advised. See: https://urllib3.readthedocs.io/en/latest/advanced-usage.html#tls-warnings
  warnings.warn(</msg>
<msg time="2024-05-24T18:19:17.788005" level="INFO">${response} = &lt;Response [200]&gt;</msg>
<var>${response}</var>
<arg>consultarAPI</arg>
<arg>/api</arg>
<doc>Sends a GET request on a previously created HTTP Session.</doc>
<status status="PASS" start="2024-05-24T18:19:17.195639" elapsed="0.592406"/>
</kw>
<kw name="Set Variable" owner="BuiltIn">
<msg time="2024-05-24T18:19:17.789487" level="INFO">${json_data} = {'results': [{'gender': 'male', 'name': {'title': 'Mr', 'first': 'Eitel', 'last': 'Huth'}, 'location': {'street': {'number': 4692, 'name': 'Beethovenstraße'}, 'city': 'Bützow', 'state': 'Niedersachsen...</msg>
<var>${json_data}</var>
<arg>${response.json()}</arg>
<doc>Returns the given values which can then be assigned to a variables.</doc>
<status status="PASS" start="2024-05-24T18:19:17.788965" elapsed="0.000553"/>
</kw>
<kw name="Log" owner="BuiltIn">
<msg time="2024-05-24T18:19:17.792749" level="INFO">{'results': [{'gender': 'male', 'name': {'title': 'Mr', 'first': 'Eitel', 'last': 'Huth'}, 'location': {'street': {'number': 4692, 'name': 'Beethovenstraße'}, 'city': 'Bützow', 'state': 'Niedersachsen', 'country': 'Germany', 'postcode': 44378, 'coordinates': {'latitude': '-55.5173', 'longitude': '-95.3717'}, 'timezone': {'offset': '+5:30', 'description': 'Bombay, Calcutta, Madras, New Delhi'}}, 'email': 'eitel.huth@example.com', 'login': {'uuid': '35b71286-97ff-490f-93c6-e9cff44b6460', 'username': 'silvergorilla938', 'password': 'colleen', 'salt': 'KD87Kb7Z', 'md5': 'f3d1b1e8cd5dbffa036a91ad0bc9ece5', 'sha1': '570a1271d26f262798bb503f7ad2fa2f29caa14d', 'sha256': 'ee580197f4b1bc990e85c4e95e1b11526fe6e6a03aabedf54005299ae591ab5a'}, 'dob': {'date': '1979-02-26T04:21:33.930Z', 'age': 45}, 'registered': {'date': '2017-09-14T06:58:24.038Z', 'age': 6}, 'phone': '0922-7334053', 'cell': '0173-7695693', 'id': {'name': 'SVNR', 'value': '78 250279 H 256'}, 'picture': {'large': 'https://randomuser.me/api/portraits/men/95.jpg', 'medium': 'https://randomuser.me/api/portraits/med/men/95.jpg', 'thumbnail': 'https://randomuser.me/api/portraits/thumb/men/95.jpg'}, 'nat': 'DE'}], 'info': {'seed': 'c36a2d42e406b6cb', 'results': 1, 'page': 1, 'version': '1.4'}}</msg>
<arg>${json_data}</arg>
<doc>Logs the given message with the given level.</doc>
<status status="PASS" start="2024-05-24T18:19:17.792551" elapsed="0.000291"/>
</kw>
<kw name="Should Be String" owner="String">
<arg>${json_data['results'][0]['gender']}</arg>
<doc>Fails if the given ``item`` is not a string.</doc>
<status status="PASS" start="2024-05-24T18:19:17.793200" elapsed="0.000441"/>
</kw>
<kw name="Should Match Regexp" owner="BuiltIn">
<arg>${json_data['results'][0]['email']}</arg>
<arg>^[a-zA-Z0-9._%+-]+@[a-zA-Z0-9.-]+\.[a-zA-Z]{2,}$</arg>
<doc>Fails if ``string`` does not match ``pattern`` as a regular expression.</doc>
<status status="PASS" start="2024-05-24T18:19:17.793880" elapsed="0.000715"/>
</kw>
<kw name="Should Match Regexp" owner="BuiltIn">
<arg>${json_data['results'][0]['dob']['date']}</arg>
<arg>\\d{4}-\\d{2}-\\d{2}T\\d{2}:\\d{2}:\\d{2}\\.\\d{3}Z</arg>
<doc>Fails if ``string`` does not match ``pattern`` as a regular expression.</doc>
<status status="PASS" start="2024-05-24T18:19:17.794842" elapsed="0.000589"/>
</kw>
<kw name="Should Match Regexp" owner="BuiltIn">
<arg>${json_data['results'][0]['registered']['date']}</arg>
<arg>\\d{4}-\\d{2}-\\d{2}T\\d{2}:\\d{2}:\\d{2}\\.\\d{3}Z</arg>
<doc>Fails if ``string`` does not match ``pattern`` as a regular expression.</doc>
<status status="PASS" start="2024-05-24T18:19:17.795645" elapsed="0.000451"/>
</kw>
<kw name="Should Match Regexp" owner="BuiltIn">
<arg>${json_data['results'][0]['picture']['large']}</arg>
<arg>^https?://.*\.(?:png|jpe?g|gif|bmp)$</arg>
<doc>Fails if ``string`` does not match ``pattern`` as a regular expression.</doc>
<status status="PASS" start="2024-05-24T18:19:17.796308" elapsed="0.000561"/>
</kw>
<kw name="Should Match Regexp" owner="BuiltIn">
<arg>${json_data['results'][0]['picture']['medium']}</arg>
<arg>^https?://.*\.(?:png|jpe?g|gif|bmp)$</arg>
<doc>Fails if ``string`` does not match ``pattern`` as a regular expression.</doc>
<status status="PASS" start="2024-05-24T18:19:17.797123" elapsed="0.000426"/>
</kw>
<kw name="Should Match Regexp" owner="BuiltIn">
<arg>${json_data['results'][0]['picture']['thumbnail']}</arg>
<arg>^https?://.*\.(?:png|jpe?g|gif|bmp)$</arg>
<doc>Fails if ``string`` does not match ``pattern`` as a regular expression.</doc>
<status status="PASS" start="2024-05-24T18:19:17.797778" elapsed="0.000430"/>
</kw>
<kw name="Log" owner="BuiltIn">
<msg time="2024-05-24T18:19:17.798808" level="INFO">{'large': 'https://randomuser.me/api/portraits/men/95.jpg', 'medium': 'https://randomuser.me/api/portraits/med/men/95.jpg', 'thumbnail': 'https://randomuser.me/api/portraits/thumb/men/95.jpg'}</msg>
<arg>${json_data['results'][0]['picture']}</arg>
<doc>Logs the given message with the given level.</doc>
<status status="PASS" start="2024-05-24T18:19:17.798433" elapsed="0.000428"/>
</kw>
<status status="PASS" start="2024-05-24T18:19:17.195386" elapsed="0.603776"/>
</kw>
<kw name="Teste de Tipos de Dados - Postcode" owner="random-user-service">
<kw name="GET On Session" owner="RequestsLibrary">
<msg time="2024-05-24T18:19:18.078577" level="INFO">GET Request : url=https://randomuser.me/api 
 path_url=/api 
 headers={'User-Agent': 'python-requests/2.32.2', 'Accept-Encoding': 'gzip, deflate', 'Accept': '*/*', 'Connection': 'keep-alive'} 
 body=None 
 </msg>
<msg time="2024-05-24T18:19:18.078684" level="INFO">GET Response : url=https://randomuser.me/api 
 status=200, reason=OK 
 headers={'Date': 'Fri, 24 May 2024 18:19:18 GMT', 'Content-Type': 'application/json; charset=utf-8', 'Transfer-Encoding': 'chunked', 'Connection': 'keep-alive', 'X-Powered-By': 'Express', 'Access-Control-Allow-Origin': '*', 'Cache-Control': 'no-cache', 'ETag': 'W/"499-DbZB6rs6h6TnE8llhXVXgQNj4bs"', 'Vary': 'Accept-Encoding', 'Content-Encoding': 'gzip', 'CF-Cache-Status': 'DYNAMIC', 'Report-To': '{"endpoints":[{"url":"https:\\/\\/a.nel.cloudflare.com\\/report\\/v4?s=fNHuRozy8gvU3Ow08csvcwYv6EYw53sv%2FarAG5tky1zxguaQpuUCmLQqSyZ4yCCzu47qWcOSE9j2LmxicrrIboGLQSeTxGgTFvyYegNekZ9gcSGQn3WK3ZrtwFkFFmk9"}],"group":"cf-nel","max_age":604800}', 'NEL': '{"success_fraction":0,"report_to":"cf-nel","max_age":604800}', 'Server': 'cloudflare', 'CF-RAY': '888f4b0c48c98005-IAD', 'alt-svc': 'h3=":443"; ma=86400'} 
 body={"results":[{"gender":"female","name":{"title":"Miss","first":"Kelly","last":"Henderson"},"location":{"street":{"number":6744,"name":"Park Lane"},"city":"Mullingar","state":"Dún Laoghaire–Rathdown","country":"Ireland","postcode":57464,"coordinates":{"latitude":"2.3456","longitude":"49.3845"},"timezone":{"offset":"+7:00","description":"Bangkok, Hanoi, Jakarta"}},"email":"kelly.henderson@example.com","login":{"uuid":"964da9a4-8e5b-4fce-b3b5-67141a1c7878","username":"goldengorilla511","password":"radio","salt":"5uT8V4Do","md5":"817b0f37aafe5f21d8c45cccad447ade","sha1":"8991f79e354b7bf12b565edfd38fa1c98a8ba1b7","sha256":"d63372c0288f42b0f9f8918f18cf150efbf55b088677e71f9b675ec05bece345"},"dob":{"date":"1950-01-16T15:39:16.066Z","age":74},"registered":{"date":"2007-10-12T04:49:42.530Z","age":16},"phone":"051-174-5457","cell":"081-042-9906","id":{"name":"PPS","value":"7366335T"},"picture":{"large":"https://randomuser.me/api/portraits/women/11.jpg","medium":"https://randomuser.me/api/portraits/med/women/11.jpg","thumbnail":"https://randomuser.me/api/portraits/thumb/women/11.jpg"},"nat":"IE"}],"info":{"seed":"b4c57c54728b16a9","results":1,"page":1,"version":"1.4"}} 
 </msg>
<msg time="2024-05-24T18:19:18.078759" level="INFO">/opt/hostedtoolcache/Python/3.12.3/x64/lib/python3.12/site-packages/urllib3/connectionpool.py:1103: InsecureRequestWarning: Unverified HTTPS request is being made to host 'randomuser.me'. Adding certificate verification is strongly advised. See: https://urllib3.readthedocs.io/en/latest/advanced-usage.html#tls-warnings
  warnings.warn(</msg>
<msg time="2024-05-24T18:19:18.078885" level="INFO">${response} = &lt;Response [200]&gt;</msg>
<var>${response}</var>
<arg>consultarAPI</arg>
<arg>/api</arg>
<doc>Sends a GET request on a previously created HTTP Session.</doc>
<status status="PASS" start="2024-05-24T18:19:17.799781" elapsed="0.279144"/>
</kw>
<kw name="Set Variable" owner="BuiltIn">
<msg time="2024-05-24T18:19:18.080202" level="INFO">${json_data} = {'results': [{'gender': 'female', 'name': {'title': 'Miss', 'first': 'Kelly', 'last': 'Henderson'}, 'location': {'street': {'number': 6744, 'name': 'Park Lane'}, 'city': 'Mullingar', 'state': 'Dún Lao...</msg>
<var>${json_data}</var>
<arg>${response.json()}</arg>
<doc>Returns the given values which can then be assigned to a variables.</doc>
<status status="PASS" start="2024-05-24T18:19:18.079618" elapsed="0.000614"/>
</kw>
<kw name="Log" owner="BuiltIn">
<msg time="2024-05-24T18:19:18.080731" level="INFO">{'results': [{'gender': 'female', 'name': {'title': 'Miss', 'first': 'Kelly', 'last': 'Henderson'}, 'location': {'street': {'number': 6744, 'name': 'Park Lane'}, 'city': 'Mullingar', 'state': 'Dún Laoghaire–Rathdown', 'country': 'Ireland', 'postcode': 57464, 'coordinates': {'latitude': '2.3456', 'longitude': '49.3845'}, 'timezone': {'offset': '+7:00', 'description': 'Bangkok, Hanoi, Jakarta'}}, 'email': 'kelly.henderson@example.com', 'login': {'uuid': '964da9a4-8e5b-4fce-b3b5-67141a1c7878', 'username': 'goldengorilla511', 'password': 'radio', 'salt': '5uT8V4Do', 'md5': '817b0f37aafe5f21d8c45cccad447ade', 'sha1': '8991f79e354b7bf12b565edfd38fa1c98a8ba1b7', 'sha256': 'd63372c0288f42b0f9f8918f18cf150efbf55b088677e71f9b675ec05bece345'}, 'dob': {'date': '1950-01-16T15:39:16.066Z', 'age': 74}, 'registered': {'date': '2007-10-12T04:49:42.530Z', 'age': 16}, 'phone': '051-174-5457', 'cell': '081-042-9906', 'id': {'name': 'PPS', 'value': '7366335T'}, 'picture': {'large': 'https://randomuser.me/api/portraits/women/11.jpg', 'medium': 'https://randomuser.me/api/portraits/med/women/11.jpg', 'thumbnail': 'https://randomuser.me/api/portraits/thumb/women/11.jpg'}, 'nat': 'IE'}], 'info': {'seed': 'b4c57c54728b16a9', 'results': 1, 'page': 1, 'version': '1.4'}}</msg>
<arg>${json_data}</arg>
<doc>Logs the given message with the given level.</doc>
<status status="PASS" start="2024-05-24T18:19:18.080566" elapsed="0.000256"/>
</kw>
<kw name="Should Be Equal As Numbers" owner="BuiltIn">
<arg>${json_data['results'][0]['location']['postcode']}</arg>
<arg>${json_data['results'][0]['location']['postcode']}</arg>
<doc>Fails if objects are unequal after converting them to real numbers.</doc>
<status status="PASS" start="2024-05-24T18:19:18.081126" elapsed="0.000644"/>
</kw>
<kw name="Log" owner="BuiltIn">
<msg time="2024-05-24T18:19:18.082295" level="INFO">57464</msg>
<arg>${json_data['results'][0]['location']['postcode']}</arg>
<doc>Logs the given message with the given level.</doc>
<status status="PASS" start="2024-05-24T18:19:18.081962" elapsed="0.000374"/>
</kw>
<status status="PASS" start="2024-05-24T18:19:17.799475" elapsed="0.283124"/>
</kw>
<doc>Testa se os tipos de dados na resposta da API estão corretos.</doc>
<tag>testeTiposDados</tag>
<status status="PASS" start="2024-05-24T18:19:17.194864" elapsed="0.887906"/>
</test>
<test id="s1-s1-t5" name="Validar conteudo" line="35">
<kw name="Teste de Tipos de Conteudo" owner="random-user-service">
<kw name="GET On Session" owner="RequestsLibrary">
<msg time="2024-05-24T18:19:18.147419" level="INFO">GET Request : url=https://randomuser.me/api 
 path_url=/api 
 headers={'User-Agent': 'python-requests/2.32.2', 'Accept-Encoding': 'gzip, deflate', 'Accept': '*/*', 'Connection': 'keep-alive'} 
 body=None 
 </msg>
<msg time="2024-05-24T18:19:18.147535" level="INFO">GET Response : url=https://randomuser.me/api 
 status=200, reason=OK 
 headers={'Date': 'Fri, 24 May 2024 18:19:18 GMT', 'Content-Type': 'application/json; charset=utf-8', 'Transfer-Encoding': 'chunked', 'Connection': 'keep-alive', 'X-Powered-By': 'Express', 'Access-Control-Allow-Origin': '*', 'Cache-Control': 'no-cache', 'ETag': 'W/"48c-hS/QNaKGJwFPZMfCalA2HEJObjA"', 'Vary': 'Accept-Encoding', 'Content-Encoding': 'gzip', 'CF-Cache-Status': 'DYNAMIC', 'Report-To': '{"endpoints":[{"url":"https:\\/\\/a.nel.cloudflare.com\\/report\\/v4?s=xjN5sb9Qt%2Fh%2BK9sISujLbG2MGvWdxW2dslQnpZx3r3BdhSUw2%2FdirNoazKjSOo98La%2FW6lcz8MLDXHXce%2BD6HcVsFZyrq89%2FAmfkQYkt6McA9Ywg6565s3ek8aowh0OY"}],"group":"cf-nel","max_age":604800}', 'NEL': '{"success_fraction":0,"report_to":"cf-nel","max_age":604800}', 'Server': 'cloudflare', 'CF-RAY': '888f4b0e1bbe8005-IAD', 'alt-svc': 'h3=":443"; ma=86400'} 
 body={"results":[{"gender":"female","name":{"title":"Ms","first":"Margarita","last":"Sanz"},"location":{"street":{"number":3941,"name":"Calle del Barquillo"},"city":"Orihuela","state":"Ceuta","country":"Spain","postcode":49787,"coordinates":{"latitude":"-32.7320","longitude":"113.1315"},"timezone":{"offset":"-11:00","description":"Midway Island, Samoa"}},"email":"margarita.sanz@example.com","login":{"uuid":"9ee06c97-7292-42c9-9e86-3cb8c8420a2c","username":"greenelephant803","password":"luv2epus","salt":"jLkiWKu6","md5":"1b1c40b059c657b4183a65e7319569bc","sha1":"6a990d7a3744ccc1bd9117e1be14297fd1461253","sha256":"7118e93a1c50e975f857728a99134e2d662c4627dc3ab3d3ad71e5b8171266f9"},"dob":{"date":"1984-11-05T22:20:55.195Z","age":39},"registered":{"date":"2012-12-19T10:39:45.981Z","age":11},"phone":"952-106-187","cell":"649-739-566","id":{"name":"DNI","value":"10255571-F"},"picture":{"large":"https://randomuser.me/api/portraits/women/73.jpg","medium":"https://randomuser.me/api/portraits/med/women/73.jpg","thumbnail":"https://randomuser.me/api/portraits/thumb/women/73.jpg"},"nat":"ES"}],"info":{"seed":"7f81322dfb848932","results":1,"page":1,"version":"1.4"}} 
 </msg>
<msg time="2024-05-24T18:19:18.147618" level="INFO">/opt/hostedtoolcache/Python/3.12.3/x64/lib/python3.12/site-packages/urllib3/connectionpool.py:1103: InsecureRequestWarning: Unverified HTTPS request is being made to host 'randomuser.me'. Adding certificate verification is strongly advised. See: https://urllib3.readthedocs.io/en/latest/advanced-usage.html#tls-warnings
  warnings.warn(</msg>
<msg time="2024-05-24T18:19:18.147752" level="INFO">${response} = &lt;Response [200]&gt;</msg>
<var>${response}</var>
<arg>consultarAPI</arg>
<arg>/api</arg>
<doc>Sends a GET request on a previously created HTTP Session.</doc>
<status status="PASS" start="2024-05-24T18:19:18.085678" elapsed="0.062102"/>
</kw>
<kw name="Set Variable" owner="BuiltIn">
<msg time="2024-05-24T18:19:18.148851" level="INFO">${json_data} = {'results': [{'gender': 'female', 'name': {'title': 'Ms', 'first': 'Margarita', 'last': 'Sanz'}, 'location': {'street': {'number': 3941, 'name': 'Calle del Barquillo'}, 'city': 'Orihuela', 'state': 'C...</msg>
<var>${json_data}</var>
<arg>${response.json()}</arg>
<doc>Returns the given values which can then be assigned to a variables.</doc>
<status status="PASS" start="2024-05-24T18:19:18.148333" elapsed="0.000546"/>
</kw>
<kw name="Set Variable" owner="BuiltIn">
<msg time="2024-05-24T18:19:18.149562" level="INFO">${name_title} = Ms</msg>
<var>${name_title}</var>
<arg>${json_data["results"][0]["name"]["title"]}</arg>
<doc>Returns the given values which can then be assigned to a variables.</doc>
<status status="PASS" start="2024-05-24T18:19:18.149186" elapsed="0.000402"/>
</kw>
<kw name="Create List" owner="BuiltIn">
<msg time="2024-05-24T18:19:18.150034" level="INFO">${allowed_titles} = ['Mr', 'Ms', 'Miss', 'Mrs', 'Madame', 'Monsieur']</msg>
<var>${allowed_titles}</var>
<arg>Mr</arg>
<arg>Ms</arg>
<arg>Miss</arg>
<arg>Mrs</arg>
<arg>Madame</arg>
<arg>Monsieur</arg>
<doc>Returns a list containing given items.</doc>
<status status="PASS" start="2024-05-24T18:19:18.149886" elapsed="0.000172"/>
</kw>
<kw name="List Should Contain Value" owner="Collections">
<msg time="2024-05-24T18:19:18.150530" level="INFO">False</msg>
<arg>${allowed_titles}</arg>
<arg>${name_title}</arg>
<doc>Fails if the ``value`` is not found from ``list``.</doc>
<status status="PASS" start="2024-05-24T18:19:18.150357" elapsed="0.000211"/>
</kw>
<kw name="Set Variable" owner="BuiltIn">
<msg time="2024-05-24T18:19:18.151458" level="INFO">${name_country} = ES</msg>
<var>${name_country}</var>
<arg>${json_data["results"][0]["nat"]}</arg>
<doc>Returns the given values which can then be assigned to a variables.</doc>
<status status="PASS" start="2024-05-24T18:19:18.150852" elapsed="0.000633"/>
</kw>
<kw name="Create List" owner="BuiltIn">
<msg time="2024-05-24T18:19:18.152398" level="INFO">${list_country} = ['AD', 'AE', 'AF', 'AG', 'AI', 'AL', 'AM', 'AO', 'AQ', 'AR', 'AS', 'AT', 'AU', 'AW', 'AX', 'AZ', 'BA', 'BB', 'BD', 'BE', 'BF', 'BG', 'BH', 'BI', 'BJ', 'BL', 'BM', 'BN', 'BO', 'BQ', 'BR', 'BS', 'BT', '...</msg>
<var>${list_country}</var>
<arg>AD</arg>
<arg>AE</arg>
<arg>AF</arg>
<arg>AG</arg>
<arg>AI</arg>
<arg>AL</arg>
<arg>AM</arg>
<arg>AO</arg>
<arg>AQ</arg>
<arg>AR</arg>
<arg>AS</arg>
<arg>AT</arg>
<arg>AU</arg>
<arg>AW</arg>
<arg>AX</arg>
<arg>AZ</arg>
<arg>BA</arg>
<arg>BB</arg>
<arg>BD</arg>
<arg>BE</arg>
<arg>BF</arg>
<arg>BG</arg>
<arg>BH</arg>
<arg>BI</arg>
<arg>BJ</arg>
<arg>BL</arg>
<arg>BM</arg>
<arg>BN</arg>
<arg>BO</arg>
<arg>BQ</arg>
<arg>BR</arg>
<arg>BS</arg>
<arg>BT</arg>
<arg>BV</arg>
<arg>BW</arg>
<arg>BY</arg>
<arg>BZ</arg>
<arg>CA</arg>
<arg>CC</arg>
<arg>CD</arg>
<arg>CF</arg>
<arg>CG</arg>
<arg>CH</arg>
<arg>CI</arg>
<arg>CK</arg>
<arg>CL</arg>
<arg>CM</arg>
<arg>CN</arg>
<arg>CO</arg>
<arg>CR</arg>
<arg>CU</arg>
<arg>CV</arg>
<arg>CW</arg>
<arg>CX</arg>
<arg>CY</arg>
<arg>CZ</arg>
<arg>DE</arg>
<arg>DJ</arg>
<arg>DK</arg>
<arg>DM</arg>
<arg>DO</arg>
<arg>DZ</arg>
<arg>EC</arg>
<arg>EE</arg>
<arg>EG</arg>
<arg>EH</arg>
<arg>ER</arg>
<arg>ES</arg>
<arg>ET</arg>
<arg>FI</arg>
<arg>FJ</arg>
<arg>FK</arg>
<arg>FM</arg>
<arg>FO</arg>
<arg>FR</arg>
<arg>GA</arg>
<arg>GB</arg>
<arg>GD</arg>
<arg>GE</arg>
<arg>GF</arg>
<arg>GG</arg>
<arg>GH</arg>
<arg>GI</arg>
<arg>GL</arg>
<arg>GM</arg>
<arg>GN</arg>
<arg>GP</arg>
<arg>GQ</arg>
<arg>GR</arg>
<arg>GS</arg>
<arg>GT</arg>
<arg>GU</arg>
<arg>GW</arg>
<arg>GY</arg>
<arg>HK</arg>
<arg>HM</arg>
<arg>HN</arg>
<arg>HR</arg>
<arg>HT</arg>
<arg>HU</arg>
<arg>ID</arg>
<arg>IE</arg>
<arg>IL</arg>
<arg>IM</arg>
<arg>IN</arg>
<arg>IO</arg>
<arg>IQ</arg>
<arg>IR</arg>
<arg>IS</arg>
<arg>IT</arg>
<arg>JE</arg>
<arg>JM</arg>
<arg>JO</arg>
<arg>JP</arg>
<arg>KE</arg>
<arg>KG</arg>
<arg>KH</arg>
<arg>KI</arg>
<arg>KM</arg>
<arg>KN</arg>
<arg>KP</arg>
<arg>KR</arg>
<arg>KW</arg>
<arg>KY</arg>
<arg>KZ</arg>
<arg>LA</arg>
<arg>LB</arg>
<arg>LC</arg>
<arg>LI</arg>
<arg>LK</arg>
<arg>LR</arg>
<arg>LS</arg>
<arg>LT</arg>
<arg>LU</arg>
<arg>LV</arg>
<arg>LY</arg>
<arg>MA</arg>
<arg>MC</arg>
<arg>MD</arg>
<arg>ME</arg>
<arg>MF</arg>
<arg>MG</arg>
<arg>MH</arg>
<arg>MK</arg>
<arg>ML</arg>
<arg>MM</arg>
<arg>MN</arg>
<arg>MO</arg>
<arg>MP</arg>
<arg>MQ</arg>
<arg>MR</arg>
<arg>MS</arg>
<arg>MT</arg>
<arg>MU</arg>
<arg>MV</arg>
<arg>MW</arg>
<arg>MX</arg>
<arg>MY</arg>
<arg>MZ</arg>
<arg>NA</arg>
<arg>NC</arg>
<arg>NE</arg>
<arg>NF</arg>
<arg>NG</arg>
<arg>NI</arg>
<arg>NL</arg>
<arg>NO</arg>
<arg>NP</arg>
<arg>NR</arg>
<arg>NU</arg>
<arg>NZ</arg>
<arg>OM</arg>
<arg>PA</arg>
<arg>PE</arg>
<arg>PF</arg>
<arg>PG</arg>
<arg>PH</arg>
<arg>PK</arg>
<arg>PL</arg>
<arg>PM</arg>
<arg>PN</arg>
<arg>PR</arg>
<arg>PS</arg>
<arg>PT</arg>
<arg>PW</arg>
<arg>PY</arg>
<arg>QA</arg>
<arg>RE</arg>
<arg>RO</arg>
<arg>RS</arg>
<arg>RU</arg>
<arg>RW</arg>
<arg>SA</arg>
<arg>SB</arg>
<arg>SC</arg>
<arg>SD</arg>
<arg>SE</arg>
<arg>SG</arg>
<arg>SH</arg>
<arg>SI</arg>
<arg>SJ</arg>
<arg>SK</arg>
<arg>SL</arg>
<arg>SM</arg>
<arg>SN</arg>
<arg>SO</arg>
<arg>SR</arg>
<arg>SS</arg>
<arg>ST</arg>
<arg>SV</arg>
<arg>SX</arg>
<arg>SY</arg>
<arg>SZ</arg>
<arg>TC</arg>
<arg>TD</arg>
<arg>TF</arg>
<arg>TG</arg>
<arg>TH</arg>
<arg>TJ</arg>
<arg>TK</arg>
<arg>TL</arg>
<arg>TM</arg>
<arg>TN</arg>
<arg>TO</arg>
<arg>TR</arg>
<arg>TT</arg>
<arg>TV</arg>
<arg>TW</arg>
<arg>TZ</arg>
<arg>UA</arg>
<arg>UG</arg>
<arg>UM</arg>
<arg>US</arg>
<arg>UY</arg>
<arg>UZ</arg>
<arg>VA</arg>
<arg>VC</arg>
<arg>VE</arg>
<arg>VG</arg>
<arg>VI</arg>
<arg>VN</arg>
<arg>VU</arg>
<arg>WF</arg>
<arg>WS</arg>
<arg>XK</arg>
<arg>YE</arg>
<arg>YT</arg>
<arg>ZA</arg>
<arg>ZM</arg>
<arg>ZW</arg>
<doc>Returns a list containing given items.</doc>
<status status="PASS" start="2024-05-24T18:19:18.151797" elapsed="0.000627"/>
</kw>
<kw name="List Should Contain Value" owner="Collections">
<msg time="2024-05-24T18:19:18.153418" level="INFO">False</msg>
<arg>${list_country}</arg>
<arg>${name_country}</arg>
<doc>Fails if the ``value`` is not found from ``list``.</doc>
<status status="PASS" start="2024-05-24T18:19:18.153214" elapsed="0.000240"/>
</kw>
<kw name="Run Keyword If" owner="BuiltIn">
<kw name="Should Be True" owner="BuiltIn">
<arg>${True}</arg>
<doc>Fails if the given condition is not true.</doc>
<status status="PASS" start="2024-05-24T18:19:18.154526" elapsed="0.000144"/>
</kw>
<arg>${json_data["results"][0]["location"]["coordinates"]["latitude"]} &gt;= -90 and ${json_data["results"][0]["location"]["coordinates"]["latitude"]} &lt;= 90</arg>
<arg>Should Be True</arg>
<arg>${True}</arg>
<doc>Runs the given keyword with the given arguments, if ``condition`` is true.</doc>
<status status="PASS" start="2024-05-24T18:19:18.153764" elapsed="0.001035"/>
</kw>
<kw name="Run Keyword If" owner="BuiltIn">
<kw name="Should Be True" owner="BuiltIn">
<arg>${True}</arg>
<doc>Fails if the given condition is not true.</doc>
<status status="PASS" start="2024-05-24T18:19:18.155710" elapsed="0.000137"/>
</kw>
<arg>${json_data["results"][0]["location"]["coordinates"]["longitude"]} &gt;= -180 and ${json_data["results"][0]["location"]["coordinates"]["longitude"]} &lt;= 180</arg>
<arg>Should Be True</arg>
<arg>${True}</arg>
<doc>Runs the given keyword with the given arguments, if ``condition`` is true.</doc>
<status status="PASS" start="2024-05-24T18:19:18.154982" elapsed="0.000989"/>
</kw>
<status status="PASS" start="2024-05-24T18:19:18.085291" elapsed="0.070813"/>
</kw>
<doc>Testa o conteúdo específico dos campos retornados pela API.</doc>
<tag>testeConteudo</tag>
<status status="PASS" start="2024-05-24T18:19:18.084606" elapsed="0.071650"/>
</test>
<status status="PASS" start="2024-05-24T18:19:13.591611" elapsed="4.566553"/>
</suite>
<status status="PASS" start="2024-05-24T18:19:13.577353" elapsed="4.586180"/>
</suite>
<statistics>
<total>
<stat pass="5" fail="0" skip="0">All Tests</stat>
</total>
<tag>
<stat pass="1" fail="0" skip="0">testeConteudo</stat>
<stat pass="1" fail="0" skip="0">testeEstruturaResposta</stat>
<stat pass="1" fail="0" skip="0">testeRequisicaoBasica</stat>
<stat pass="1" fail="0" skip="0">testeTiposDados</stat>
</tag>
<suite>
<stat pass="5" fail="0" skip="0" id="s1" name="Tests">Tests</stat>
<stat pass="5" fail="0" skip="0" id="s1-s1" name="Random-User-Test">Tests.Random-User-Test</stat>
</suite>
</statistics>
<errors>
</errors>
</robot>
