<?xml version="1.0" encoding="UTF-8"?>
<robot generator="Robot 7.0.1 (Python 3.12.4 on linux)" generated="2024-07-19T03:19:33.501676" rpa="false" schemaversion="5">
<suite id="s1" name="Tests" source="/home/runner/work/ApiRandomUser/ApiRandomUser/RamdonUser/tests">
<suite id="s1-s1" name="Random-User-Test" source="/home/runner/work/ApiRandomUser/ApiRandomUser/RamdonUser/tests/random-user-test.robot">
<test id="s1-s1-t1" name="Conectar" line="13">
<kw name="Conectar API" owner="random-user-service">
<kw name="Create Session" owner="RequestsLibrary">
<msg time="2024-07-19T03:19:33.898212" level="INFO">Creating Session using : alias=consultarAPI, url=https://randomuser.me/, headers={},                     cookies={}, auth=None, timeout=None, proxies=None, verify=False,                     debug=0 </msg>
<arg>consultarAPI</arg>
<arg>${URL}</arg>
<doc>Create Session: create a HTTP session to a server</doc>
<status status="PASS" start="2024-07-19T03:19:33.898012" elapsed="0.000380"/>
</kw>
<status status="PASS" start="2024-07-19T03:19:33.896939" elapsed="0.001809"/>
</kw>
<status status="PASS" start="2024-07-19T03:19:33.896380" elapsed="0.002569"/>
</test>
<test id="s1-s1-t2" name="Validar retorno 200 e JSON Válido" line="16">
<kw name="Teste de Requisicao Basica" owner="random-user-service">
<kw name="GET On Session" owner="RequestsLibrary">
<msg time="2024-07-19T03:19:34.182140" level="INFO">GET Request : url=https://randomuser.me/api 
 path_url=/api 
 headers={'User-Agent': 'python-requests/2.32.3', 'Accept-Encoding': 'gzip, deflate', 'Accept': '*/*', 'Connection': 'keep-alive'} 
 body=None 
 </msg>
<msg time="2024-07-19T03:19:34.182317" level="INFO">GET Response : url=https://randomuser.me/api 
 status=200, reason=OK 
 headers={'Date': 'Fri, 19 Jul 2024 03:19:34 GMT', 'Content-Type': 'application/json; charset=utf-8', 'Transfer-Encoding': 'chunked', 'Connection': 'keep-alive', 'X-Powered-By': 'Express', 'Access-Control-Allow-Origin': '*', 'Cache-Control': 'no-cache', 'ETag': 'W/"498-fbB2YSXpRlaKDAdQ2Si6HsDPWwQ"', 'Vary': 'Accept-Encoding', 'Content-Encoding': 'gzip', 'CF-Cache-Status': 'DYNAMIC', 'Report-To': '{"endpoints":[{"url":"https:\\/\\/a.nel.cloudflare.com\\/report\\/v4?s=uXwcEKdijPaLg7jK%2BpsBHpPUpCXnxYlOqS9zkl6jyEZokZis6JRU67SUG50Sf%2BDATy9jstd72APKUamLH38ipchFGnnhwHLwNL91A0oTCO9qoHoqSDsfDYcFLItI6UyD"}],"group":"cf-nel","max_age":604800}', 'NEL': '{"success_fraction":0,"report_to":"cf-nel","max_age":604800}', 'Server': 'cloudflare', 'CF-RAY': '8a5792166c335b34-IAD', 'alt-svc': 'h3=":443"; ma=86400'} 
 body={"results":[{"gender":"male","name":{"title":"Mr","first":"Jeffry","last":"Rietjens"},"location":{"street":{"number":5612,"name":"Groningenlaan"},"city":"Vlaardingen","state":"Flevoland","country":"Netherlands","postcode":"0076 RU","coordinates":{"latitude":"36.9770","longitude":"-145.4299"},"timezone":{"offset":"-3:00","description":"Brazil, Buenos Aires, Georgetown"}},"email":"jeffry.rietjens@example.com","login":{"uuid":"6958ae27-1624-4eea-a028-d46968f2dbbe","username":"blueleopard857","password":"5555","salt":"gxks43Nz","md5":"d5cc29dc5986b3cb6725641d0fee7f02","sha1":"7b2fe74cdc83f0ee36f3d390d0caac7d9a9847e3","sha256":"18f560d9a407870f48bf8030b521ded21db4d4851b6571fd8df62563115cf525"},"dob":{"date":"1959-05-12T08:50:34.388Z","age":65},"registered":{"date":"2010-05-21T00:13:10.028Z","age":14},"phone":"(045) 9187784","cell":"(06) 40201886","id":{"name":"BSN","value":"05365567"},"picture":{"large":"https://randomuser.me/api/portraits/men/62.jpg","medium":"https://randomuser.me/api/portraits/med/men/62.jpg","thumbnail":"https://randomuser.me/api/portraits/thumb/men/62.jpg"},"nat":"NL"}],"info":{"seed":"2408cca99ac804a1","results":1,"page":1,"version":"1.4"}} 
 </msg>
<msg time="2024-07-19T03:19:34.182437" level="INFO">/opt/hostedtoolcache/Python/3.12.4/x64/lib/python3.12/site-packages/urllib3/connectionpool.py:1099: InsecureRequestWarning: Unverified HTTPS request is being made to host 'randomuser.me'. Adding certificate verification is strongly advised. See: https://urllib3.readthedocs.io/en/latest/advanced-usage.html#tls-warnings
  warnings.warn(</msg>
<msg time="2024-07-19T03:19:34.182614" level="INFO">${response} = &lt;Response [200]&gt;</msg>
<var>${response}</var>
<arg>consultarAPI</arg>
<arg>/api</arg>
<doc>Sends a GET request on a previously created HTTP Session.</doc>
<status status="PASS" start="2024-07-19T03:19:33.901708" elapsed="0.280952"/>
</kw>
<kw name="Should Be Equal As Numbers" owner="BuiltIn">
<msg time="2024-07-19T03:19:34.183853" level="INFO">Argument types are:
&lt;class 'int'&gt;
&lt;class 'str'&gt;</msg>
<arg>${response.status_code}</arg>
<arg>200</arg>
<doc>Fails if objects are unequal after converting them to real numbers.</doc>
<status status="PASS" start="2024-07-19T03:19:34.183254" elapsed="0.000686"/>
</kw>
<kw name="Log" owner="BuiltIn">
<msg time="2024-07-19T03:19:34.184921" level="INFO">200</msg>
<arg>${response.status_code}</arg>
<doc>Logs the given message with the given level.</doc>
<status status="PASS" start="2024-07-19T03:19:34.184392" elapsed="0.000590"/>
</kw>
<kw name="Set Variable" owner="BuiltIn">
<msg time="2024-07-19T03:19:34.186152" level="INFO">${json_data} = {'results': [{'gender': 'male', 'name': {'title': 'Mr', 'first': 'Jeffry', 'last': 'Rietjens'}, 'location': {'street': {'number': 5612, 'name': 'Groningenlaan'}, 'city': 'Vlaardingen', 'state': 'Flevo...</msg>
<var>${json_data}</var>
<arg>${response.json()}</arg>
<doc>Returns the given values which can then be assigned to a variables.</doc>
<status status="PASS" start="2024-07-19T03:19:34.185420" elapsed="0.000784"/>
</kw>
<kw name="Dictionary Should Contain Key" owner="Collections">
<arg>${json_data}</arg>
<arg>results</arg>
<doc>Fails if ``key`` is not found from ``dictionary``.</doc>
<status status="PASS" start="2024-07-19T03:19:34.186685" elapsed="0.000491"/>
</kw>
<status status="PASS" start="2024-07-19T03:19:33.901448" elapsed="0.285985"/>
</kw>
<doc>Testa se a API responde corretamente e retorna um objeto JSON válido.</doc>
<tag>testeRequisicaoBasica</tag>
<status status="PASS" start="2024-07-19T03:19:33.900971" elapsed="0.286723"/>
</test>
<test id="s1-s1-t3" name="Validar estrutura de resposta" line="22">
<kw name="Teste de Estrutura de Resposta" owner="random-user-service">
<kw name="GET On Session" owner="RequestsLibrary">
<msg time="2024-07-19T03:19:34.292723" level="INFO">GET Request : url=https://randomuser.me/api 
 path_url=/api 
 headers={'User-Agent': 'python-requests/2.32.3', 'Accept-Encoding': 'gzip, deflate', 'Accept': '*/*', 'Connection': 'keep-alive'} 
 body=None 
 </msg>
<msg time="2024-07-19T03:19:34.292804" level="INFO">GET Response : url=https://randomuser.me/api 
 status=200, reason=OK 
 headers={'Date': 'Fri, 19 Jul 2024 03:19:34 GMT', 'Content-Type': 'application/json; charset=utf-8', 'Transfer-Encoding': 'chunked', 'Connection': 'keep-alive', 'X-Powered-By': 'Express', 'Access-Control-Allow-Origin': '*', 'Cache-Control': 'no-cache', 'ETag': 'W/"486-xeJcBLG+dtHTz6WFUnr0cz4mpJI"', 'Vary': 'Accept-Encoding', 'Content-Encoding': 'gzip', 'CF-Cache-Status': 'DYNAMIC', 'Report-To': '{"endpoints":[{"url":"https:\\/\\/a.nel.cloudflare.com\\/report\\/v4?s=t1Ilep%2BBh5Z5MMN63j1AP52hyj%2FpyNBgBOOKDVqyWv%2BqOCU4kJYsqAPXMoQpKjeOTdB1HqrMUnUEL6Z1jsQIAVyx1Iw24w9hDzrEtnu%2FSFjIJ%2FzIe%2BAZvOjKwznHhP68"}],"group":"cf-nel","max_age":604800}', 'NEL': '{"success_fraction":0,"report_to":"cf-nel","max_age":604800}', 'Server': 'cloudflare', 'CF-RAY': '8a579216bc6a5b34-IAD', 'alt-svc': 'h3=":443"; ma=86400'} 
 body={"results":[{"gender":"female","name":{"title":"Mrs","first":"Florence","last":"Jones"},"location":{"street":{"number":3044,"name":"Dieppe Ave"},"city":"Russell","state":"Yukon","country":"Canada","postcode":"Q9Q 2T3","coordinates":{"latitude":"-72.6103","longitude":"4.0179"},"timezone":{"offset":"-12:00","description":"Eniwetok, Kwajalein"}},"email":"florence.jones@example.com","login":{"uuid":"779045bf-51b0-4639-b774-4653a63d3db2","username":"goldenelephant448","password":"hotties","salt":"eSaynJDD","md5":"7afd8927d91c143c3a3ddc4aec276edb","sha1":"e347a397cc97807a6f4303578a49ad5068cebec8","sha256":"bdf080a08042d24b1405141237b3c53a0996b4b1727c5bfab338ce8458748b5a"},"dob":{"date":"1963-04-12T20:26:44.031Z","age":61},"registered":{"date":"2006-12-16T16:18:48.816Z","age":17},"phone":"L28 G87-1783","cell":"O17 X17-6323","id":{"name":"SIN","value":"829473453"},"picture":{"large":"https://randomuser.me/api/portraits/women/62.jpg","medium":"https://randomuser.me/api/portraits/med/women/62.jpg","thumbnail":"https://randomuser.me/api/portraits/thumb/women/62.jpg"},"nat":"CA"}],"info":{"seed":"82fc2054bf5d3e31","results":1,"page":1,"version":"1.4"}} 
 </msg>
<msg time="2024-07-19T03:19:34.292923" level="INFO">/opt/hostedtoolcache/Python/3.12.4/x64/lib/python3.12/site-packages/urllib3/connectionpool.py:1099: InsecureRequestWarning: Unverified HTTPS request is being made to host 'randomuser.me'. Adding certificate verification is strongly advised. See: https://urllib3.readthedocs.io/en/latest/advanced-usage.html#tls-warnings
  warnings.warn(</msg>
<msg time="2024-07-19T03:19:34.293050" level="INFO">${response} = &lt;Response [200]&gt;</msg>
<var>${response}</var>
<arg>consultarAPI</arg>
<arg>/api</arg>
<doc>Sends a GET request on a previously created HTTP Session.</doc>
<status status="PASS" start="2024-07-19T03:19:34.192067" elapsed="0.101037"/>
</kw>
<kw name="Set Variable" owner="BuiltIn">
<msg time="2024-07-19T03:19:34.294152" level="INFO">${json_data} = {'results': [{'gender': 'female', 'name': {'title': 'Mrs', 'first': 'Florence', 'last': 'Jones'}, 'location': {'street': {'number': 3044, 'name': 'Dieppe Ave'}, 'city': 'Russell', 'state': 'Yukon', 'c...</msg>
<var>${json_data}</var>
<arg>${response.json()}</arg>
<doc>Returns the given values which can then be assigned to a variables.</doc>
<status status="PASS" start="2024-07-19T03:19:34.293599" elapsed="0.000582"/>
</kw>
<kw name="Log" owner="BuiltIn">
<msg time="2024-07-19T03:19:34.294656" level="INFO">{'results': [{'gender': 'female', 'name': {'title': 'Mrs', 'first': 'Florence', 'last': 'Jones'}, 'location': {'street': {'number': 3044, 'name': 'Dieppe Ave'}, 'city': 'Russell', 'state': 'Yukon', 'country': 'Canada', 'postcode': 'Q9Q 2T3', 'coordinates': {'latitude': '-72.6103', 'longitude': '4.0179'}, 'timezone': {'offset': '-12:00', 'description': 'Eniwetok, Kwajalein'}}, 'email': 'florence.jones@example.com', 'login': {'uuid': '779045bf-51b0-4639-b774-4653a63d3db2', 'username': 'goldenelephant448', 'password': 'hotties', 'salt': 'eSaynJDD', 'md5': '7afd8927d91c143c3a3ddc4aec276edb', 'sha1': 'e347a397cc97807a6f4303578a49ad5068cebec8', 'sha256': 'bdf080a08042d24b1405141237b3c53a0996b4b1727c5bfab338ce8458748b5a'}, 'dob': {'date': '1963-04-12T20:26:44.031Z', 'age': 61}, 'registered': {'date': '2006-12-16T16:18:48.816Z', 'age': 17}, 'phone': 'L28 G87-1783', 'cell': 'O17 X17-6323', 'id': {'name': 'SIN', 'value': '829473453'}, 'picture': {'large': 'https://randomuser.me/api/portraits/women/62.jpg', 'medium': 'https://randomuser.me/api/portraits/med/women/62.jpg', 'thumbnail': 'https://randomuser.me/api/portraits/thumb/women/62.jpg'}, 'nat': 'CA'}], 'info': {'seed': '82fc2054bf5d3e31', 'results': 1, 'page': 1, 'version': '1.4'}}</msg>
<arg>${json_data}</arg>
<doc>Logs the given message with the given level.</doc>
<status status="PASS" start="2024-07-19T03:19:34.294495" elapsed="0.000210"/>
</kw>
<kw name="Dictionary Should Contain Key" owner="Collections">
<arg>${json_data}</arg>
<arg>results</arg>
<doc>Fails if ``key`` is not found from ``dictionary``.</doc>
<status status="PASS" start="2024-07-19T03:19:34.295000" elapsed="0.000216"/>
</kw>
<kw name="Should Not Be Empty" owner="BuiltIn">
<msg time="2024-07-19T03:19:34.295541" level="INFO">Length is 2.</msg>
<arg>${json_data}</arg>
<doc>Verifies that the given item is not empty.</doc>
<status status="PASS" start="2024-07-19T03:19:34.295413" elapsed="0.000168"/>
</kw>
<kw name="Create List" owner="BuiltIn">
<msg time="2024-07-19T03:19:34.296031" level="INFO">${expected_keys} = ['gender', 'name', 'location', 'email', 'login']</msg>
<var>${expected_keys}</var>
<arg>gender</arg>
<arg>name</arg>
<arg>location</arg>
<arg>email</arg>
<arg>login</arg>
<doc>Returns a list containing given items.</doc>
<status status="PASS" start="2024-07-19T03:19:34.295880" elapsed="0.000175"/>
</kw>
<for flavor="IN">
<iter>
<kw name="Dictionary Should Contain Key" owner="Collections">
<arg>${json_data['results'][0]}</arg>
<arg>${key}</arg>
<doc>Fails if ``key`` is not found from ``dictionary``.</doc>
<status status="PASS" start="2024-07-19T03:19:34.296634" elapsed="0.000418"/>
</kw>
<kw name="Log" owner="BuiltIn">
<msg time="2024-07-19T03:19:34.297609" level="INFO">{'gender': 'female', 'name': {'title': 'Mrs', 'first': 'Florence', 'last': 'Jones'}, 'location': {'street': {'number': 3044, 'name': 'Dieppe Ave'}, 'city': 'Russell', 'state': 'Yukon', 'country': 'Canada', 'postcode': 'Q9Q 2T3', 'coordinates': {'latitude': '-72.6103', 'longitude': '4.0179'}, 'timezone': {'offset': '-12:00', 'description': 'Eniwetok, Kwajalein'}}, 'email': 'florence.jones@example.com', 'login': {'uuid': '779045bf-51b0-4639-b774-4653a63d3db2', 'username': 'goldenelephant448', 'password': 'hotties', 'salt': 'eSaynJDD', 'md5': '7afd8927d91c143c3a3ddc4aec276edb', 'sha1': 'e347a397cc97807a6f4303578a49ad5068cebec8', 'sha256': 'bdf080a08042d24b1405141237b3c53a0996b4b1727c5bfab338ce8458748b5a'}, 'dob': {'date': '1963-04-12T20:26:44.031Z', 'age': 61}, 'registered': {'date': '2006-12-16T16:18:48.816Z', 'age': 17}, 'phone': 'L28 G87-1783', 'cell': 'O17 X17-6323', 'id': {'name': 'SIN', 'value': '829473453'}, 'picture': {'large': 'https://randomuser.me/api/portraits/women/62.jpg', 'medium': 'https://randomuser.me/api/portraits/med/women/62.jpg', 'thumbnail': 'https://randomuser.me/api/portraits/thumb/women/62.jpg'}, 'nat': 'CA'}</msg>
<arg>${json_data['results'][0]}</arg>
<doc>Logs the given message with the given level.</doc>
<status status="PASS" start="2024-07-19T03:19:34.297247" elapsed="0.000412"/>
</kw>
<kw name="Log" owner="BuiltIn">
<msg time="2024-07-19T03:19:34.298094" level="INFO">gender</msg>
<arg>${key}</arg>
<doc>Logs the given message with the given level.</doc>
<status status="PASS" start="2024-07-19T03:19:34.297963" elapsed="0.000169"/>
</kw>
<var name="${key}">gender</var>
<status status="PASS" start="2024-07-19T03:19:34.296505" elapsed="0.001849"/>
</iter>
<iter>
<kw name="Dictionary Should Contain Key" owner="Collections">
<arg>${json_data['results'][0]}</arg>
<arg>${key}</arg>
<doc>Fails if ``key`` is not found from ``dictionary``.</doc>
<status status="PASS" start="2024-07-19T03:19:34.298650" elapsed="0.000422"/>
</kw>
<kw name="Log" owner="BuiltIn">
<msg time="2024-07-19T03:19:34.299615" level="INFO">{'gender': 'female', 'name': {'title': 'Mrs', 'first': 'Florence', 'last': 'Jones'}, 'location': {'street': {'number': 3044, 'name': 'Dieppe Ave'}, 'city': 'Russell', 'state': 'Yukon', 'country': 'Canada', 'postcode': 'Q9Q 2T3', 'coordinates': {'latitude': '-72.6103', 'longitude': '4.0179'}, 'timezone': {'offset': '-12:00', 'description': 'Eniwetok, Kwajalein'}}, 'email': 'florence.jones@example.com', 'login': {'uuid': '779045bf-51b0-4639-b774-4653a63d3db2', 'username': 'goldenelephant448', 'password': 'hotties', 'salt': 'eSaynJDD', 'md5': '7afd8927d91c143c3a3ddc4aec276edb', 'sha1': 'e347a397cc97807a6f4303578a49ad5068cebec8', 'sha256': 'bdf080a08042d24b1405141237b3c53a0996b4b1727c5bfab338ce8458748b5a'}, 'dob': {'date': '1963-04-12T20:26:44.031Z', 'age': 61}, 'registered': {'date': '2006-12-16T16:18:48.816Z', 'age': 17}, 'phone': 'L28 G87-1783', 'cell': 'O17 X17-6323', 'id': {'name': 'SIN', 'value': '829473453'}, 'picture': {'large': 'https://randomuser.me/api/portraits/women/62.jpg', 'medium': 'https://randomuser.me/api/portraits/med/women/62.jpg', 'thumbnail': 'https://randomuser.me/api/portraits/thumb/women/62.jpg'}, 'nat': 'CA'}</msg>
<arg>${json_data['results'][0]}</arg>
<doc>Logs the given message with the given level.</doc>
<status status="PASS" start="2024-07-19T03:19:34.299261" elapsed="0.000435"/>
</kw>
<kw name="Log" owner="BuiltIn">
<msg time="2024-07-19T03:19:34.300127" level="INFO">name</msg>
<arg>${key}</arg>
<doc>Logs the given message with the given level.</doc>
<status status="PASS" start="2024-07-19T03:19:34.299999" elapsed="0.000166"/>
</kw>
<var name="${key}">name</var>
<status status="PASS" start="2024-07-19T03:19:34.298539" elapsed="0.001843"/>
</iter>
<iter>
<kw name="Dictionary Should Contain Key" owner="Collections">
<arg>${json_data['results'][0]}</arg>
<arg>${key}</arg>
<doc>Fails if ``key`` is not found from ``dictionary``.</doc>
<status status="PASS" start="2024-07-19T03:19:34.300699" elapsed="0.000383"/>
</kw>
<kw name="Log" owner="BuiltIn">
<msg time="2024-07-19T03:19:34.301619" level="INFO">{'gender': 'female', 'name': {'title': 'Mrs', 'first': 'Florence', 'last': 'Jones'}, 'location': {'street': {'number': 3044, 'name': 'Dieppe Ave'}, 'city': 'Russell', 'state': 'Yukon', 'country': 'Canada', 'postcode': 'Q9Q 2T3', 'coordinates': {'latitude': '-72.6103', 'longitude': '4.0179'}, 'timezone': {'offset': '-12:00', 'description': 'Eniwetok, Kwajalein'}}, 'email': 'florence.jones@example.com', 'login': {'uuid': '779045bf-51b0-4639-b774-4653a63d3db2', 'username': 'goldenelephant448', 'password': 'hotties', 'salt': 'eSaynJDD', 'md5': '7afd8927d91c143c3a3ddc4aec276edb', 'sha1': 'e347a397cc97807a6f4303578a49ad5068cebec8', 'sha256': 'bdf080a08042d24b1405141237b3c53a0996b4b1727c5bfab338ce8458748b5a'}, 'dob': {'date': '1963-04-12T20:26:44.031Z', 'age': 61}, 'registered': {'date': '2006-12-16T16:18:48.816Z', 'age': 17}, 'phone': 'L28 G87-1783', 'cell': 'O17 X17-6323', 'id': {'name': 'SIN', 'value': '829473453'}, 'picture': {'large': 'https://randomuser.me/api/portraits/women/62.jpg', 'medium': 'https://randomuser.me/api/portraits/med/women/62.jpg', 'thumbnail': 'https://randomuser.me/api/portraits/thumb/women/62.jpg'}, 'nat': 'CA'}</msg>
<arg>${json_data['results'][0]}</arg>
<doc>Logs the given message with the given level.</doc>
<status status="PASS" start="2024-07-19T03:19:34.301272" elapsed="0.000396"/>
</kw>
<kw name="Log" owner="BuiltIn">
<msg time="2024-07-19T03:19:34.302088" level="INFO">location</msg>
<arg>${key}</arg>
<doc>Logs the given message with the given level.</doc>
<status status="PASS" start="2024-07-19T03:19:34.301961" elapsed="0.000165"/>
</kw>
<var name="${key}">location</var>
<status status="PASS" start="2024-07-19T03:19:34.300589" elapsed="0.001751"/>
</iter>
<iter>
<kw name="Dictionary Should Contain Key" owner="Collections">
<arg>${json_data['results'][0]}</arg>
<arg>${key}</arg>
<doc>Fails if ``key`` is not found from ``dictionary``.</doc>
<status status="PASS" start="2024-07-19T03:19:34.302623" elapsed="0.000413"/>
</kw>
<kw name="Log" owner="BuiltIn">
<msg time="2024-07-19T03:19:34.303706" level="INFO">{'gender': 'female', 'name': {'title': 'Mrs', 'first': 'Florence', 'last': 'Jones'}, 'location': {'street': {'number': 3044, 'name': 'Dieppe Ave'}, 'city': 'Russell', 'state': 'Yukon', 'country': 'Canada', 'postcode': 'Q9Q 2T3', 'coordinates': {'latitude': '-72.6103', 'longitude': '4.0179'}, 'timezone': {'offset': '-12:00', 'description': 'Eniwetok, Kwajalein'}}, 'email': 'florence.jones@example.com', 'login': {'uuid': '779045bf-51b0-4639-b774-4653a63d3db2', 'username': 'goldenelephant448', 'password': 'hotties', 'salt': 'eSaynJDD', 'md5': '7afd8927d91c143c3a3ddc4aec276edb', 'sha1': 'e347a397cc97807a6f4303578a49ad5068cebec8', 'sha256': 'bdf080a08042d24b1405141237b3c53a0996b4b1727c5bfab338ce8458748b5a'}, 'dob': {'date': '1963-04-12T20:26:44.031Z', 'age': 61}, 'registered': {'date': '2006-12-16T16:18:48.816Z', 'age': 17}, 'phone': 'L28 G87-1783', 'cell': 'O17 X17-6323', 'id': {'name': 'SIN', 'value': '829473453'}, 'picture': {'large': 'https://randomuser.me/api/portraits/women/62.jpg', 'medium': 'https://randomuser.me/api/portraits/med/women/62.jpg', 'thumbnail': 'https://randomuser.me/api/portraits/thumb/women/62.jpg'}, 'nat': 'CA'}</msg>
<arg>${json_data['results'][0]}</arg>
<doc>Logs the given message with the given level.</doc>
<status status="PASS" start="2024-07-19T03:19:34.303354" elapsed="0.000402"/>
</kw>
<kw name="Log" owner="BuiltIn">
<msg time="2024-07-19T03:19:34.304182" level="INFO">email</msg>
<arg>${key}</arg>
<doc>Logs the given message with the given level.</doc>
<status status="PASS" start="2024-07-19T03:19:34.304052" elapsed="0.000168"/>
</kw>
<var name="${key}">email</var>
<status status="PASS" start="2024-07-19T03:19:34.302512" elapsed="0.001922"/>
</iter>
<iter>
<kw name="Dictionary Should Contain Key" owner="Collections">
<arg>${json_data['results'][0]}</arg>
<arg>${key}</arg>
<doc>Fails if ``key`` is not found from ``dictionary``.</doc>
<status status="PASS" start="2024-07-19T03:19:34.304764" elapsed="0.000490"/>
</kw>
<kw name="Log" owner="BuiltIn">
<msg time="2024-07-19T03:19:34.305797" level="INFO">{'gender': 'female', 'name': {'title': 'Mrs', 'first': 'Florence', 'last': 'Jones'}, 'location': {'street': {'number': 3044, 'name': 'Dieppe Ave'}, 'city': 'Russell', 'state': 'Yukon', 'country': 'Canada', 'postcode': 'Q9Q 2T3', 'coordinates': {'latitude': '-72.6103', 'longitude': '4.0179'}, 'timezone': {'offset': '-12:00', 'description': 'Eniwetok, Kwajalein'}}, 'email': 'florence.jones@example.com', 'login': {'uuid': '779045bf-51b0-4639-b774-4653a63d3db2', 'username': 'goldenelephant448', 'password': 'hotties', 'salt': 'eSaynJDD', 'md5': '7afd8927d91c143c3a3ddc4aec276edb', 'sha1': 'e347a397cc97807a6f4303578a49ad5068cebec8', 'sha256': 'bdf080a08042d24b1405141237b3c53a0996b4b1727c5bfab338ce8458748b5a'}, 'dob': {'date': '1963-04-12T20:26:44.031Z', 'age': 61}, 'registered': {'date': '2006-12-16T16:18:48.816Z', 'age': 17}, 'phone': 'L28 G87-1783', 'cell': 'O17 X17-6323', 'id': {'name': 'SIN', 'value': '829473453'}, 'picture': {'large': 'https://randomuser.me/api/portraits/women/62.jpg', 'medium': 'https://randomuser.me/api/portraits/med/women/62.jpg', 'thumbnail': 'https://randomuser.me/api/portraits/thumb/women/62.jpg'}, 'nat': 'CA'}</msg>
<arg>${json_data['results'][0]}</arg>
<doc>Logs the given message with the given level.</doc>
<status status="PASS" start="2024-07-19T03:19:34.305442" elapsed="0.000402"/>
</kw>
<kw name="Log" owner="BuiltIn">
<msg time="2024-07-19T03:19:34.306264" level="INFO">login</msg>
<arg>${key}</arg>
<doc>Logs the given message with the given level.</doc>
<status status="PASS" start="2024-07-19T03:19:34.306137" elapsed="0.000164"/>
</kw>
<var name="${key}">login</var>
<status status="PASS" start="2024-07-19T03:19:34.304610" elapsed="0.001910"/>
</iter>
<var>${key}</var>
<value>@{expected_keys}</value>
<status status="PASS" start="2024-07-19T03:19:34.296317" elapsed="0.010329"/>
</for>
<kw name="Create List" owner="BuiltIn">
<msg time="2024-07-19T03:19:34.306971" level="INFO">${expected_keysTwo} = ['username', 'password']</msg>
<var>${expected_keysTwo}</var>
<arg>username</arg>
<arg>password</arg>
<doc>Returns a list containing given items.</doc>
<status status="PASS" start="2024-07-19T03:19:34.306838" elapsed="0.000157"/>
</kw>
<for flavor="IN">
<iter>
<kw name="Dictionary Should Contain Key" owner="Collections">
<arg>${json_data['results'][0]['login']}</arg>
<arg>${keyTwo}</arg>
<doc>Fails if ``key`` is not found from ``dictionary``.</doc>
<status status="PASS" start="2024-07-19T03:19:34.307564" elapsed="0.000382"/>
</kw>
<kw name="Dictionary Should Contain Key" owner="Collections">
<arg>${json_data['results'][0]['login']}</arg>
<arg>${keyTwo}</arg>
<doc>Fails if ``key`` is not found from ``dictionary``.</doc>
<status status="PASS" start="2024-07-19T03:19:34.308127" elapsed="0.000375"/>
</kw>
<kw name="Log" owner="BuiltIn">
<msg time="2024-07-19T03:19:34.308803" level="INFO">username</msg>
<arg>${keyTwo}</arg>
<doc>Logs the given message with the given level.</doc>
<status status="PASS" start="2024-07-19T03:19:34.308683" elapsed="0.000158"/>
</kw>
<var name="${keyTwo}">username</var>
<status status="PASS" start="2024-07-19T03:19:34.307449" elapsed="0.001611"/>
</iter>
<iter>
<kw name="Dictionary Should Contain Key" owner="Collections">
<arg>${json_data['results'][0]['login']}</arg>
<arg>${keyTwo}</arg>
<doc>Fails if ``key`` is not found from ``dictionary``.</doc>
<status status="PASS" start="2024-07-19T03:19:34.309342" elapsed="0.000375"/>
</kw>
<kw name="Dictionary Should Contain Key" owner="Collections">
<arg>${json_data['results'][0]['login']}</arg>
<arg>${keyTwo}</arg>
<doc>Fails if ``key`` is not found from ``dictionary``.</doc>
<status status="PASS" start="2024-07-19T03:19:34.309896" elapsed="0.000369"/>
</kw>
<kw name="Log" owner="BuiltIn">
<msg time="2024-07-19T03:19:34.310576" level="INFO">password</msg>
<arg>${keyTwo}</arg>
<doc>Logs the given message with the given level.</doc>
<status status="PASS" start="2024-07-19T03:19:34.310441" elapsed="0.000173"/>
</kw>
<var name="${keyTwo}">password</var>
<status status="PASS" start="2024-07-19T03:19:34.309231" elapsed="0.001604"/>
</iter>
<var>${keyTwo}</var>
<value>@{expected_keysTwo}</value>
<status status="PASS" start="2024-07-19T03:19:34.307295" elapsed="0.003660"/>
</for>
<status status="PASS" start="2024-07-19T03:19:34.191716" elapsed="0.119450"/>
</kw>
<doc>Testa a estrutura da resposta da API.</doc>
<tag>testeEstruturaResposta</tag>
<status status="PASS" start="2024-07-19T03:19:34.190930" elapsed="0.120388"/>
</test>
<test id="s1-s1-t4" name="Validar tipos de dados" line="28">
<kw name="Teste de Tipos de Dados" owner="random-user-service">
<kw name="GET On Session" owner="RequestsLibrary">
<msg time="2024-07-19T03:19:34.393417" level="INFO">GET Request : url=https://randomuser.me/api 
 path_url=/api 
 headers={'User-Agent': 'python-requests/2.32.3', 'Accept-Encoding': 'gzip, deflate', 'Accept': '*/*', 'Connection': 'keep-alive'} 
 body=None 
 </msg>
<msg time="2024-07-19T03:19:34.393501" level="INFO">GET Response : url=https://randomuser.me/api 
 status=200, reason=OK 
 headers={'Date': 'Fri, 19 Jul 2024 03:19:34 GMT', 'Content-Type': 'application/json; charset=utf-8', 'Transfer-Encoding': 'chunked', 'Connection': 'keep-alive', 'X-Powered-By': 'Express', 'Access-Control-Allow-Origin': '*', 'Cache-Control': 'no-cache', 'ETag': 'W/"4a1-ATiLYfAlkft/9dCWxqfjuW3lKB8"', 'Vary': 'Accept-Encoding', 'Content-Encoding': 'gzip', 'CF-Cache-Status': 'DYNAMIC', 'Report-To': '{"endpoints":[{"url":"https:\\/\\/a.nel.cloudflare.com\\/report\\/v4?s=n1vvJp1A4GcS8%2B1h8uJRSlFD7cGD%2FdhIUMp2xpJkmF7t7t9ML6Yh2SLsbZ1lCWzp6QfOCjjYVw2H7vERkTSgpmOm3jryWOAul0GICUH8pgCSjd757XS6QDrFYyzadIt%2F"}],"group":"cf-nel","max_age":604800}', 'NEL': '{"success_fraction":0,"report_to":"cf-nel","max_age":604800}', 'Server': 'cloudflare', 'CF-RAY': '8a5792177d455b34-IAD', 'alt-svc': 'h3=":443"; ma=86400'} 
 body={"results":[{"gender":"female","name":{"title":"Mrs","first":"Suzanna","last":"Fuller"},"location":{"street":{"number":5844,"name":"Chester Road"},"city":"Peterborough","state":"Strathclyde","country":"United Kingdom","postcode":"Q24 9FW","coordinates":{"latitude":"-9.3748","longitude":"89.1174"},"timezone":{"offset":"-8:00","description":"Pacific Time (US &amp; Canada)"}},"email":"suzanna.fuller@example.com","login":{"uuid":"e4a291ad-130b-4e30-b6f2-98c04a5cd27a","username":"blackmeercat550","password":"zhang","salt":"pbT3mcoz","md5":"189b0c7ed652294ac20fe34bc1f52060","sha1":"3767e55635855f6fad4001aa7299c6fe64b4fc63","sha256":"e84f1d62d6c53366bdba049b8ad8c84a627bae1a455418a6d554f26248a61ac6"},"dob":{"date":"1987-06-15T21:25:58.721Z","age":37},"registered":{"date":"2003-04-16T12:24:05.388Z","age":21},"phone":"016977 7472","cell":"07983 218601","id":{"name":"NINO","value":"ZS 40 36 63 W"},"picture":{"large":"https://randomuser.me/api/portraits/women/29.jpg","medium":"https://randomuser.me/api/portraits/med/women/29.jpg","thumbnail":"https://randomuser.me/api/portraits/thumb/women/29.jpg"},"nat":"GB"}],"info":{"seed":"81b9d79f4473bede","results":1,"page":1,"version":"1.4"}} 
 </msg>
<msg time="2024-07-19T03:19:34.393560" level="INFO">/opt/hostedtoolcache/Python/3.12.4/x64/lib/python3.12/site-packages/urllib3/connectionpool.py:1099: InsecureRequestWarning: Unverified HTTPS request is being made to host 'randomuser.me'. Adding certificate verification is strongly advised. See: https://urllib3.readthedocs.io/en/latest/advanced-usage.html#tls-warnings
  warnings.warn(</msg>
<msg time="2024-07-19T03:19:34.393646" level="INFO">${response} = &lt;Response [200]&gt;</msg>
<var>${response}</var>
<arg>consultarAPI</arg>
<arg>/api</arg>
<doc>Sends a GET request on a previously created HTTP Session.</doc>
<status status="PASS" start="2024-07-19T03:19:34.313789" elapsed="0.079898"/>
</kw>
<kw name="Set Variable" owner="BuiltIn">
<msg time="2024-07-19T03:19:34.394697" level="INFO">${json_data} = {'results': [{'gender': 'female', 'name': {'title': 'Mrs', 'first': 'Suzanna', 'last': 'Fuller'}, 'location': {'street': {'number': 5844, 'name': 'Chester Road'}, 'city': 'Peterborough', 'state': 'Str...</msg>
<var>${json_data}</var>
<arg>${response.json()}</arg>
<doc>Returns the given values which can then be assigned to a variables.</doc>
<status status="PASS" start="2024-07-19T03:19:34.394132" elapsed="0.000594"/>
</kw>
<kw name="Log" owner="BuiltIn">
<msg time="2024-07-19T03:19:34.395231" level="INFO">{'results': [{'gender': 'female', 'name': {'title': 'Mrs', 'first': 'Suzanna', 'last': 'Fuller'}, 'location': {'street': {'number': 5844, 'name': 'Chester Road'}, 'city': 'Peterborough', 'state': 'Strathclyde', 'country': 'United Kingdom', 'postcode': 'Q24 9FW', 'coordinates': {'latitude': '-9.3748', 'longitude': '89.1174'}, 'timezone': {'offset': '-8:00', 'description': 'Pacific Time (US &amp; Canada)'}}, 'email': 'suzanna.fuller@example.com', 'login': {'uuid': 'e4a291ad-130b-4e30-b6f2-98c04a5cd27a', 'username': 'blackmeercat550', 'password': 'zhang', 'salt': 'pbT3mcoz', 'md5': '189b0c7ed652294ac20fe34bc1f52060', 'sha1': '3767e55635855f6fad4001aa7299c6fe64b4fc63', 'sha256': 'e84f1d62d6c53366bdba049b8ad8c84a627bae1a455418a6d554f26248a61ac6'}, 'dob': {'date': '1987-06-15T21:25:58.721Z', 'age': 37}, 'registered': {'date': '2003-04-16T12:24:05.388Z', 'age': 21}, 'phone': '016977 7472', 'cell': '07983 218601', 'id': {'name': 'NINO', 'value': 'ZS 40 36 63 W'}, 'picture': {'large': 'https://randomuser.me/api/portraits/women/29.jpg', 'medium': 'https://randomuser.me/api/portraits/med/women/29.jpg', 'thumbnail': 'https://randomuser.me/api/portraits/thumb/women/29.jpg'}, 'nat': 'GB'}], 'info': {'seed': '81b9d79f4473bede', 'results': 1, 'page': 1, 'version': '1.4'}}</msg>
<arg>${json_data}</arg>
<doc>Logs the given message with the given level.</doc>
<status status="PASS" start="2024-07-19T03:19:34.395067" elapsed="0.000212"/>
</kw>
<kw name="Should Be String" owner="String">
<arg>${json_data['results'][0]['gender']}</arg>
<doc>Fails if the given ``item`` is not a string.</doc>
<status status="PASS" start="2024-07-19T03:19:34.395570" elapsed="0.000376"/>
</kw>
<kw name="Should Match Regexp" owner="BuiltIn">
<arg>${json_data['results'][0]['email']}</arg>
<arg>^[a-zA-Z0-9._%+-]+@[a-zA-Z0-9.-]+\.[a-zA-Z]{2,}$</arg>
<doc>Fails if ``string`` does not match ``pattern`` as a regular expression.</doc>
<status status="PASS" start="2024-07-19T03:19:34.396136" elapsed="0.000513"/>
</kw>
<kw name="Should Match Regexp" owner="BuiltIn">
<arg>${json_data['results'][0]['dob']['date']}</arg>
<arg>\\d{4}-\\d{2}-\\d{2}T\\d{2}:\\d{2}:\\d{2}\\.\\d{3}Z</arg>
<doc>Fails if ``string`` does not match ``pattern`` as a regular expression.</doc>
<status status="PASS" start="2024-07-19T03:19:34.396879" elapsed="0.000597"/>
</kw>
<kw name="Should Match Regexp" owner="BuiltIn">
<arg>${json_data['results'][0]['registered']['date']}</arg>
<arg>\\d{4}-\\d{2}-\\d{2}T\\d{2}:\\d{2}:\\d{2}\\.\\d{3}Z</arg>
<doc>Fails if ``string`` does not match ``pattern`` as a regular expression.</doc>
<status status="PASS" start="2024-07-19T03:19:34.397670" elapsed="0.000373"/>
</kw>
<kw name="Should Match Regexp" owner="BuiltIn">
<arg>${json_data['results'][0]['picture']['large']}</arg>
<arg>^https?://.*\.(?:png|jpe?g|gif|bmp)$</arg>
<doc>Fails if ``string`` does not match ``pattern`` as a regular expression.</doc>
<status status="PASS" start="2024-07-19T03:19:34.398229" elapsed="0.000457"/>
</kw>
<kw name="Should Match Regexp" owner="BuiltIn">
<arg>${json_data['results'][0]['picture']['medium']}</arg>
<arg>^https?://.*\.(?:png|jpe?g|gif|bmp)$</arg>
<doc>Fails if ``string`` does not match ``pattern`` as a regular expression.</doc>
<status status="PASS" start="2024-07-19T03:19:34.398874" elapsed="0.000378"/>
</kw>
<kw name="Should Match Regexp" owner="BuiltIn">
<arg>${json_data['results'][0]['picture']['thumbnail']}</arg>
<arg>^https?://.*\.(?:png|jpe?g|gif|bmp)$</arg>
<doc>Fails if ``string`` does not match ``pattern`` as a regular expression.</doc>
<status status="PASS" start="2024-07-19T03:19:34.399440" elapsed="0.000352"/>
</kw>
<kw name="Log" owner="BuiltIn">
<msg time="2024-07-19T03:19:34.400299" level="INFO">{'large': 'https://randomuser.me/api/portraits/women/29.jpg', 'medium': 'https://randomuser.me/api/portraits/med/women/29.jpg', 'thumbnail': 'https://randomuser.me/api/portraits/thumb/women/29.jpg'}</msg>
<arg>${json_data['results'][0]['picture']}</arg>
<doc>Logs the given message with the given level.</doc>
<status status="PASS" start="2024-07-19T03:19:34.399975" elapsed="0.000366"/>
</kw>
<status status="PASS" start="2024-07-19T03:19:34.313571" elapsed="0.087025"/>
</kw>
<kw name="Teste de Tipos de Dados - Postcode" owner="random-user-service">
<kw name="GET On Session" owner="RequestsLibrary">
<msg time="2024-07-19T03:19:34.486427" level="INFO">GET Request : url=https://randomuser.me/api 
 path_url=/api 
 headers={'User-Agent': 'python-requests/2.32.3', 'Accept-Encoding': 'gzip, deflate', 'Accept': '*/*', 'Connection': 'keep-alive'} 
 body=None 
 </msg>
<msg time="2024-07-19T03:19:34.486509" level="INFO">GET Response : url=https://randomuser.me/api 
 status=200, reason=OK 
 headers={'Date': 'Fri, 19 Jul 2024 03:19:34 GMT', 'Content-Type': 'application/json; charset=utf-8', 'Transfer-Encoding': 'chunked', 'Connection': 'keep-alive', 'X-Powered-By': 'Express', 'Access-Control-Allow-Origin': '*', 'Cache-Control': 'no-cache', 'ETag': 'W/"483-h17MNb3mgCe3JZnqHqiECnPF4Ss"', 'Vary': 'Accept-Encoding', 'Content-Encoding': 'gzip', 'CF-Cache-Status': 'DYNAMIC', 'Report-To': '{"endpoints":[{"url":"https:\\/\\/a.nel.cloudflare.com\\/report\\/v4?s=I1jljZLyLhoLFZOIpf8o65Gdplz9O5HDRW0Pwwjy3J9hKoyZVnUXxJ6tFHHXSo5oyNNRh0%2BEjdxuQyTdb5N08irkY%2Bzu5iFkMe%2BfvHBqu9BIBTxSXdwCGX8Xi9sTs0sL"}],"group":"cf-nel","max_age":604800}', 'NEL': '{"success_fraction":0,"report_to":"cf-nel","max_age":604800}', 'Server': 'cloudflare', 'CF-RAY': '8a5792180dcc5b34-IAD', 'alt-svc': 'h3=":443"; ma=86400'} 
 body={"results":[{"gender":"female","name":{"title":"Miss","first":"Billie","last":"Hansen"},"location":{"street":{"number":940,"name":"James St"},"city":"Mildura","state":"Tasmania","country":"Australia","postcode":7809,"coordinates":{"latitude":"-83.8982","longitude":"73.7155"},"timezone":{"offset":"+2:00","description":"Kaliningrad, South Africa"}},"email":"billie.hansen@example.com","login":{"uuid":"1538169b-d5e7-4e02-9a89-131edab7b146","username":"organiccat281","password":"lauren","salt":"w5D3aj3O","md5":"de99bdf8641a3710c87bc3d038304d3a","sha1":"8494be8a1c7a4eead7978b5fe416302fc2c85423","sha256":"6cdb5ad4a6d1f49a8df9981529eeb8bf4bd62a948b3bd1492c28284aafe8f050"},"dob":{"date":"1948-06-12T05:11:31.160Z","age":76},"registered":{"date":"2020-10-12T23:24:17.221Z","age":3},"phone":"06-7460-2334","cell":"0437-316-237","id":{"name":"TFN","value":"227473064"},"picture":{"large":"https://randomuser.me/api/portraits/women/81.jpg","medium":"https://randomuser.me/api/portraits/med/women/81.jpg","thumbnail":"https://randomuser.me/api/portraits/thumb/women/81.jpg"},"nat":"AU"}],"info":{"seed":"06f7da3d175fbb9d","results":1,"page":1,"version":"1.4"}} 
 </msg>
<msg time="2024-07-19T03:19:34.486579" level="INFO">/opt/hostedtoolcache/Python/3.12.4/x64/lib/python3.12/site-packages/urllib3/connectionpool.py:1099: InsecureRequestWarning: Unverified HTTPS request is being made to host 'randomuser.me'. Adding certificate verification is strongly advised. See: https://urllib3.readthedocs.io/en/latest/advanced-usage.html#tls-warnings
  warnings.warn(</msg>
<msg time="2024-07-19T03:19:34.486689" level="INFO">${response} = &lt;Response [200]&gt;</msg>
<var>${response}</var>
<arg>consultarAPI</arg>
<arg>/api</arg>
<doc>Sends a GET request on a previously created HTTP Session.</doc>
<status status="PASS" start="2024-07-19T03:19:34.401024" elapsed="0.085707"/>
</kw>
<kw name="Set Variable" owner="BuiltIn">
<msg time="2024-07-19T03:19:34.487776" level="INFO">${json_data} = {'results': [{'gender': 'female', 'name': {'title': 'Miss', 'first': 'Billie', 'last': 'Hansen'}, 'location': {'street': {'number': 940, 'name': 'James St'}, 'city': 'Mildura', 'state': 'Tasmania', 'c...</msg>
<var>${json_data}</var>
<arg>${response.json()}</arg>
<doc>Returns the given values which can then be assigned to a variables.</doc>
<status status="PASS" start="2024-07-19T03:19:34.487213" elapsed="0.000591"/>
</kw>
<kw name="Log" owner="BuiltIn">
<msg time="2024-07-19T03:19:34.488261" level="INFO">{'results': [{'gender': 'female', 'name': {'title': 'Miss', 'first': 'Billie', 'last': 'Hansen'}, 'location': {'street': {'number': 940, 'name': 'James St'}, 'city': 'Mildura', 'state': 'Tasmania', 'country': 'Australia', 'postcode': 7809, 'coordinates': {'latitude': '-83.8982', 'longitude': '73.7155'}, 'timezone': {'offset': '+2:00', 'description': 'Kaliningrad, South Africa'}}, 'email': 'billie.hansen@example.com', 'login': {'uuid': '1538169b-d5e7-4e02-9a89-131edab7b146', 'username': 'organiccat281', 'password': 'lauren', 'salt': 'w5D3aj3O', 'md5': 'de99bdf8641a3710c87bc3d038304d3a', 'sha1': '8494be8a1c7a4eead7978b5fe416302fc2c85423', 'sha256': '6cdb5ad4a6d1f49a8df9981529eeb8bf4bd62a948b3bd1492c28284aafe8f050'}, 'dob': {'date': '1948-06-12T05:11:31.160Z', 'age': 76}, 'registered': {'date': '2020-10-12T23:24:17.221Z', 'age': 3}, 'phone': '06-7460-2334', 'cell': '0437-316-237', 'id': {'name': 'TFN', 'value': '227473064'}, 'picture': {'large': 'https://randomuser.me/api/portraits/women/81.jpg', 'medium': 'https://randomuser.me/api/portraits/med/women/81.jpg', 'thumbnail': 'https://randomuser.me/api/portraits/thumb/women/81.jpg'}, 'nat': 'AU'}], 'info': {'seed': '06f7da3d175fbb9d', 'results': 1, 'page': 1, 'version': '1.4'}}</msg>
<arg>${json_data}</arg>
<doc>Logs the given message with the given level.</doc>
<status status="PASS" start="2024-07-19T03:19:34.488112" elapsed="0.000195"/>
</kw>
<kw name="Should Be Equal As Numbers" owner="BuiltIn">
<arg>${json_data['results'][0]['location']['postcode']}</arg>
<arg>${json_data['results'][0]['location']['postcode']}</arg>
<doc>Fails if objects are unequal after converting them to real numbers.</doc>
<status status="PASS" start="2024-07-19T03:19:34.488599" elapsed="0.000612"/>
</kw>
<kw name="Log" owner="BuiltIn">
<msg time="2024-07-19T03:19:34.489736" level="INFO">7809</msg>
<arg>${json_data['results'][0]['location']['postcode']}</arg>
<doc>Logs the given message with the given level.</doc>
<status status="PASS" start="2024-07-19T03:19:34.489404" elapsed="0.000373"/>
</kw>
<status status="PASS" start="2024-07-19T03:19:34.400803" elapsed="0.089260"/>
</kw>
<doc>Testa se os tipos de dados na resposta da API estão corretos.</doc>
<tag>testeTiposDados</tag>
<status status="PASS" start="2024-07-19T03:19:34.313036" elapsed="0.177185"/>
</test>
<test id="s1-s1-t5" name="Validar conteudo" line="35">
<kw name="Teste de Tipos de Conteudo" owner="random-user-service">
<kw name="GET On Session" owner="RequestsLibrary">
<msg time="2024-07-19T03:19:34.585281" level="INFO">GET Request : url=https://randomuser.me/api 
 path_url=/api 
 headers={'User-Agent': 'python-requests/2.32.3', 'Accept-Encoding': 'gzip, deflate', 'Accept': '*/*', 'Connection': 'keep-alive'} 
 body=None 
 </msg>
<msg time="2024-07-19T03:19:34.585367" level="INFO">GET Response : url=https://randomuser.me/api 
 status=200, reason=OK 
 headers={'Date': 'Fri, 19 Jul 2024 03:19:34 GMT', 'Content-Type': 'application/json; charset=utf-8', 'Transfer-Encoding': 'chunked', 'Connection': 'keep-alive', 'X-Powered-By': 'Express', 'Access-Control-Allow-Origin': '*', 'Cache-Control': 'no-cache', 'ETag': 'W/"489-pvTwIUtGfOYvl5JoUnEDf8uz3/s"', 'Vary': 'Accept-Encoding', 'Content-Encoding': 'gzip', 'CF-Cache-Status': 'DYNAMIC', 'Report-To': '{"endpoints":[{"url":"https:\\/\\/a.nel.cloudflare.com\\/report\\/v4?s=40YvJkkHSabu%2FvOO%2B%2BWc7ZJxuNJ4mTGypHV2RHJmjN7pj%2BAYkYVvwgZz6FYxBydRXpYJ0EqJ%2BVwZ%2BWXC30oAeDnHM9mdmc7JSAwUc4x%2BeNfAJBmK0GQviI5G%2BbIHTzZn"}],"group":"cf-nel","max_age":604800}', 'NEL': '{"success_fraction":0,"report_to":"cf-nel","max_age":604800}', 'Server': 'cloudflare', 'CF-RAY': '8a5792189e395b34-IAD', 'alt-svc': 'h3=":443"; ma=86400'} 
 body={"results":[{"gender":"female","name":{"title":"Mrs","first":"Ayşe","last":"Akyürek"},"location":{"street":{"number":8103,"name":"Filistin Cd"},"city":"Osmaniye","state":"Bitlis","country":"Turkey","postcode":50285,"coordinates":{"latitude":"67.0998","longitude":"80.8475"},"timezone":{"offset":"-6:00","description":"Central Time (US &amp; Canada), Mexico City"}},"email":"ayse.akyurek@example.com","login":{"uuid":"0183c9f2-765a-4fa3-b33c-197a331b6890","username":"smallbird615","password":"comedy","salt":"BuN9On0o","md5":"760f644455f31c0e68df381865235466","sha1":"b326e9868631c7baa0c6a13e4a8fa121276144f3","sha256":"5f3d01586da18991498549576feb7cbccf6e3efdf9066926873875526b09bb8f"},"dob":{"date":"1970-01-06T14:30:34.536Z","age":54},"registered":{"date":"2015-11-11T21:59:22.088Z","age":8},"phone":"(217)-456-0974","cell":"(378)-019-0926","id":{"name":"","value":null},"picture":{"large":"https://randomuser.me/api/portraits/women/22.jpg","medium":"https://randomuser.me/api/portraits/med/women/22.jpg","thumbnail":"https://randomuser.me/api/portraits/thumb/women/22.jpg"},"nat":"TR"}],"info":{"seed":"71e0f81759a2ea93","results":1,"page":1,"version":"1.4"}} 
 </msg>
<msg time="2024-07-19T03:19:34.585449" level="INFO">/opt/hostedtoolcache/Python/3.12.4/x64/lib/python3.12/site-packages/urllib3/connectionpool.py:1099: InsecureRequestWarning: Unverified HTTPS request is being made to host 'randomuser.me'. Adding certificate verification is strongly advised. See: https://urllib3.readthedocs.io/en/latest/advanced-usage.html#tls-warnings
  warnings.warn(</msg>
<msg time="2024-07-19T03:19:34.585567" level="INFO">${response} = &lt;Response [200]&gt;</msg>
<var>${response}</var>
<arg>consultarAPI</arg>
<arg>/api</arg>
<doc>Sends a GET request on a previously created HTTP Session.</doc>
<status status="PASS" start="2024-07-19T03:19:34.492726" elapsed="0.092896"/>
</kw>
<kw name="Set Variable" owner="BuiltIn">
<msg time="2024-07-19T03:19:34.586739" level="INFO">${json_data} = {'results': [{'gender': 'female', 'name': {'title': 'Mrs', 'first': 'Ayşe', 'last': 'Akyürek'}, 'location': {'street': {'number': 8103, 'name': 'Filistin Cd'}, 'city': 'Osmaniye', 'state': 'Bitlis', '...</msg>
<var>${json_data}</var>
<arg>${response.json()}</arg>
<doc>Returns the given values which can then be assigned to a variables.</doc>
<status status="PASS" start="2024-07-19T03:19:34.586142" elapsed="0.000628"/>
</kw>
<kw name="Set Variable" owner="BuiltIn">
<msg time="2024-07-19T03:19:34.587506" level="INFO">${name_title} = Mrs</msg>
<var>${name_title}</var>
<arg>${json_data["results"][0]["name"]["title"]}</arg>
<doc>Returns the given values which can then be assigned to a variables.</doc>
<status status="PASS" start="2024-07-19T03:19:34.587118" elapsed="0.000414"/>
</kw>
<kw name="Create List" owner="BuiltIn">
<msg time="2024-07-19T03:19:34.587973" level="INFO">${allowed_titles} = ['Mr', 'Ms', 'Miss', 'Mrs', 'Madame', 'Monsieur']</msg>
<var>${allowed_titles}</var>
<arg>Mr</arg>
<arg>Ms</arg>
<arg>Miss</arg>
<arg>Mrs</arg>
<arg>Madame</arg>
<arg>Monsieur</arg>
<doc>Returns a list containing given items.</doc>
<status status="PASS" start="2024-07-19T03:19:34.587827" elapsed="0.000170"/>
</kw>
<kw name="List Should Contain Value" owner="Collections">
<arg>${allowed_titles}</arg>
<arg>${name_title}</arg>
<doc>Fails if the ``value`` is not found from ``list``.</doc>
<status status="PASS" start="2024-07-19T03:19:34.588290" elapsed="0.000168"/>
</kw>
<kw name="Set Variable" owner="BuiltIn">
<msg time="2024-07-19T03:19:34.589015" level="INFO">${name_country} = TR</msg>
<var>${name_country}</var>
<arg>${json_data["results"][0]["nat"]}</arg>
<doc>Returns the given values which can then be assigned to a variables.</doc>
<status status="PASS" start="2024-07-19T03:19:34.588644" elapsed="0.000396"/>
</kw>
<kw name="Create List" owner="BuiltIn">
<msg time="2024-07-19T03:19:34.589917" level="INFO">${list_country} = ['AD', 'AE', 'AF', 'AG', 'AI', 'AL', 'AM', 'AO', 'AQ', 'AR', 'AS', 'AT', 'AU', 'AW', 'AX', 'AZ', 'BA', 'BB', 'BD', 'BE', 'BF', 'BG', 'BH', 'BI', 'BJ', 'BL', 'BM', 'BN', 'BO', 'BQ', 'BR', 'BS', 'BT', '...</msg>
<var>${list_country}</var>
<arg>AD</arg>
<arg>AE</arg>
<arg>AF</arg>
<arg>AG</arg>
<arg>AI</arg>
<arg>AL</arg>
<arg>AM</arg>
<arg>AO</arg>
<arg>AQ</arg>
<arg>AR</arg>
<arg>AS</arg>
<arg>AT</arg>
<arg>AU</arg>
<arg>AW</arg>
<arg>AX</arg>
<arg>AZ</arg>
<arg>BA</arg>
<arg>BB</arg>
<arg>BD</arg>
<arg>BE</arg>
<arg>BF</arg>
<arg>BG</arg>
<arg>BH</arg>
<arg>BI</arg>
<arg>BJ</arg>
<arg>BL</arg>
<arg>BM</arg>
<arg>BN</arg>
<arg>BO</arg>
<arg>BQ</arg>
<arg>BR</arg>
<arg>BS</arg>
<arg>BT</arg>
<arg>BV</arg>
<arg>BW</arg>
<arg>BY</arg>
<arg>BZ</arg>
<arg>CA</arg>
<arg>CC</arg>
<arg>CD</arg>
<arg>CF</arg>
<arg>CG</arg>
<arg>CH</arg>
<arg>CI</arg>
<arg>CK</arg>
<arg>CL</arg>
<arg>CM</arg>
<arg>CN</arg>
<arg>CO</arg>
<arg>CR</arg>
<arg>CU</arg>
<arg>CV</arg>
<arg>CW</arg>
<arg>CX</arg>
<arg>CY</arg>
<arg>CZ</arg>
<arg>DE</arg>
<arg>DJ</arg>
<arg>DK</arg>
<arg>DM</arg>
<arg>DO</arg>
<arg>DZ</arg>
<arg>EC</arg>
<arg>EE</arg>
<arg>EG</arg>
<arg>EH</arg>
<arg>ER</arg>
<arg>ES</arg>
<arg>ET</arg>
<arg>FI</arg>
<arg>FJ</arg>
<arg>FK</arg>
<arg>FM</arg>
<arg>FO</arg>
<arg>FR</arg>
<arg>GA</arg>
<arg>GB</arg>
<arg>GD</arg>
<arg>GE</arg>
<arg>GF</arg>
<arg>GG</arg>
<arg>GH</arg>
<arg>GI</arg>
<arg>GL</arg>
<arg>GM</arg>
<arg>GN</arg>
<arg>GP</arg>
<arg>GQ</arg>
<arg>GR</arg>
<arg>GS</arg>
<arg>GT</arg>
<arg>GU</arg>
<arg>GW</arg>
<arg>GY</arg>
<arg>HK</arg>
<arg>HM</arg>
<arg>HN</arg>
<arg>HR</arg>
<arg>HT</arg>
<arg>HU</arg>
<arg>ID</arg>
<arg>IE</arg>
<arg>IL</arg>
<arg>IM</arg>
<arg>IN</arg>
<arg>IO</arg>
<arg>IQ</arg>
<arg>IR</arg>
<arg>IS</arg>
<arg>IT</arg>
<arg>JE</arg>
<arg>JM</arg>
<arg>JO</arg>
<arg>JP</arg>
<arg>KE</arg>
<arg>KG</arg>
<arg>KH</arg>
<arg>KI</arg>
<arg>KM</arg>
<arg>KN</arg>
<arg>KP</arg>
<arg>KR</arg>
<arg>KW</arg>
<arg>KY</arg>
<arg>KZ</arg>
<arg>LA</arg>
<arg>LB</arg>
<arg>LC</arg>
<arg>LI</arg>
<arg>LK</arg>
<arg>LR</arg>
<arg>LS</arg>
<arg>LT</arg>
<arg>LU</arg>
<arg>LV</arg>
<arg>LY</arg>
<arg>MA</arg>
<arg>MC</arg>
<arg>MD</arg>
<arg>ME</arg>
<arg>MF</arg>
<arg>MG</arg>
<arg>MH</arg>
<arg>MK</arg>
<arg>ML</arg>
<arg>MM</arg>
<arg>MN</arg>
<arg>MO</arg>
<arg>MP</arg>
<arg>MQ</arg>
<arg>MR</arg>
<arg>MS</arg>
<arg>MT</arg>
<arg>MU</arg>
<arg>MV</arg>
<arg>MW</arg>
<arg>MX</arg>
<arg>MY</arg>
<arg>MZ</arg>
<arg>NA</arg>
<arg>NC</arg>
<arg>NE</arg>
<arg>NF</arg>
<arg>NG</arg>
<arg>NI</arg>
<arg>NL</arg>
<arg>NO</arg>
<arg>NP</arg>
<arg>NR</arg>
<arg>NU</arg>
<arg>NZ</arg>
<arg>OM</arg>
<arg>PA</arg>
<arg>PE</arg>
<arg>PF</arg>
<arg>PG</arg>
<arg>PH</arg>
<arg>PK</arg>
<arg>PL</arg>
<arg>PM</arg>
<arg>PN</arg>
<arg>PR</arg>
<arg>PS</arg>
<arg>PT</arg>
<arg>PW</arg>
<arg>PY</arg>
<arg>QA</arg>
<arg>RE</arg>
<arg>RO</arg>
<arg>RS</arg>
<arg>RU</arg>
<arg>RW</arg>
<arg>SA</arg>
<arg>SB</arg>
<arg>SC</arg>
<arg>SD</arg>
<arg>SE</arg>
<arg>SG</arg>
<arg>SH</arg>
<arg>SI</arg>
<arg>SJ</arg>
<arg>SK</arg>
<arg>SL</arg>
<arg>SM</arg>
<arg>SN</arg>
<arg>SO</arg>
<arg>SR</arg>
<arg>SS</arg>
<arg>ST</arg>
<arg>SV</arg>
<arg>SX</arg>
<arg>SY</arg>
<arg>SZ</arg>
<arg>TC</arg>
<arg>TD</arg>
<arg>TF</arg>
<arg>TG</arg>
<arg>TH</arg>
<arg>TJ</arg>
<arg>TK</arg>
<arg>TL</arg>
<arg>TM</arg>
<arg>TN</arg>
<arg>TO</arg>
<arg>TR</arg>
<arg>TT</arg>
<arg>TV</arg>
<arg>TW</arg>
<arg>TZ</arg>
<arg>UA</arg>
<arg>UG</arg>
<arg>UM</arg>
<arg>US</arg>
<arg>UY</arg>
<arg>UZ</arg>
<arg>VA</arg>
<arg>VC</arg>
<arg>VE</arg>
<arg>VG</arg>
<arg>VI</arg>
<arg>VN</arg>
<arg>VU</arg>
<arg>WF</arg>
<arg>WS</arg>
<arg>XK</arg>
<arg>YE</arg>
<arg>YT</arg>
<arg>ZA</arg>
<arg>ZM</arg>
<arg>ZW</arg>
<doc>Returns a list containing given items.</doc>
<status status="PASS" start="2024-07-19T03:19:34.589329" elapsed="0.000613"/>
</kw>
<kw name="List Should Contain Value" owner="Collections">
<arg>${list_country}</arg>
<arg>${name_country}</arg>
<doc>Fails if the ``value`` is not found from ``list``.</doc>
<status status="PASS" start="2024-07-19T03:19:34.590868" elapsed="0.000232"/>
</kw>
<kw name="Run Keyword If" owner="BuiltIn">
<kw name="Should Be True" owner="BuiltIn">
<arg>${True}</arg>
<doc>Fails if the given condition is not true.</doc>
<status status="PASS" start="2024-07-19T03:19:34.592040" elapsed="0.000140"/>
</kw>
<arg>${json_data["results"][0]["location"]["coordinates"]["latitude"]} &gt;= -90 and ${json_data["results"][0]["location"]["coordinates"]["latitude"]} &lt;= 90</arg>
<arg>Should Be True</arg>
<arg>${True}</arg>
<doc>Runs the given keyword with the given arguments, if ``condition`` is true.</doc>
<status status="PASS" start="2024-07-19T03:19:34.591301" elapsed="0.001006"/>
</kw>
<kw name="Run Keyword If" owner="BuiltIn">
<kw name="Should Be True" owner="BuiltIn">
<arg>${True}</arg>
<doc>Fails if the given condition is not true.</doc>
<status status="PASS" start="2024-07-19T03:19:34.593171" elapsed="0.000134"/>
</kw>
<arg>${json_data["results"][0]["location"]["coordinates"]["longitude"]} &gt;= -180 and ${json_data["results"][0]["location"]["coordinates"]["longitude"]} &lt;= 180</arg>
<arg>Should Be True</arg>
<arg>${True}</arg>
<doc>Runs the given keyword with the given arguments, if ``condition`` is true.</doc>
<status status="PASS" start="2024-07-19T03:19:34.592489" elapsed="0.000937"/>
</kw>
<status status="PASS" start="2024-07-19T03:19:34.492508" elapsed="0.101043"/>
</kw>
<doc>Testa o conteúdo específico dos campos retornados pela API.</doc>
<tag>testeConteudo</tag>
<status status="PASS" start="2024-07-19T03:19:34.492016" elapsed="0.101674"/>
</test>
<status status="PASS" start="2024-07-19T03:19:33.562559" elapsed="1.033082"/>
</suite>
<status status="PASS" start="2024-07-19T03:19:33.547198" elapsed="1.053418"/>
</suite>
<statistics>
<total>
<stat pass="5" fail="0" skip="0">All Tests</stat>
</total>
<tag>
<stat pass="1" fail="0" skip="0">testeConteudo</stat>
<stat pass="1" fail="0" skip="0">testeEstruturaResposta</stat>
<stat pass="1" fail="0" skip="0">testeRequisicaoBasica</stat>
<stat pass="1" fail="0" skip="0">testeTiposDados</stat>
</tag>
<suite>
<stat pass="5" fail="0" skip="0" id="s1" name="Tests">Tests</stat>
<stat pass="5" fail="0" skip="0" id="s1-s1" name="Random-User-Test">Tests.Random-User-Test</stat>
</suite>
</statistics>
<errors>
</errors>
</robot>
