<?xml version="1.0" encoding="UTF-8"?>
<robot generator="Robot 7.0 (Python 3.12.2 on linux)" generated="2024-04-06T13:15:00.566836" rpa="false" schemaversion="5">
<suite id="s1" name="Tests" source="/home/runner/work/DesafioQAItauRogerioJordao/DesafioQAItauRogerioJordao/RamdonUser/tests">
<suite id="s1-s1" name="Random-User-Test" source="/home/runner/work/DesafioQAItauRogerioJordao/DesafioQAItauRogerioJordao/RamdonUser/tests/random-user-test.robot">
<test id="s1-s1-t1" name="Conectar" line="13">
<kw name="Conectar API" owner="random-user-service">
<kw name="Create Session" owner="RequestsLibrary">
<msg time="2024-04-06T13:15:00.923184" level="INFO">Creating Session using : alias=consultarAPI, url=https://randomuser.me/, headers={},                     cookies={}, auth=None, timeout=None, proxies=None, verify=False,                     debug=0 </msg>
<arg>consultarAPI</arg>
<arg>${URL}</arg>
<doc>Create Session: create a HTTP session to a server</doc>
<status status="PASS" start="2024-04-06T13:15:00.922984" elapsed="0.000413"/>
</kw>
<status status="PASS" start="2024-04-06T13:15:00.921929" elapsed="0.001845"/>
</kw>
<status status="PASS" start="2024-04-06T13:15:00.921363" elapsed="0.002619"/>
</test>
<test id="s1-s1-t2" name="Validar retorno 200 e JSON Válido" line="16">
<kw name="Teste de Requisicao Basica" owner="random-user-service">
<kw name="GET On Session" owner="RequestsLibrary">
<msg time="2024-04-06T13:15:01.161119" level="INFO">GET Request : url=https://randomuser.me/api 
 path_url=/api 
 headers={'User-Agent': 'python-requests/2.31.0', 'Accept-Encoding': 'gzip, deflate', 'Accept': '*/*', 'Connection': 'keep-alive'} 
 body=None 
 </msg>
<msg time="2024-04-06T13:15:01.161272" level="INFO">GET Response : url=https://randomuser.me/api 
 status=200, reason=OK 
 headers={'Date': 'Sat, 06 Apr 2024 13:15:01 GMT', 'Content-Type': 'application/json; charset=utf-8', 'Transfer-Encoding': 'chunked', 'Connection': 'keep-alive', 'X-Powered-By': 'Express', 'Access-Control-Allow-Origin': '*', 'Cache-Control': 'no-cache', 'ETag': 'W/"490-cjRVPHGOO3LWE3dVXINGCsjP4jo"', 'Vary': 'Accept-Encoding', 'Content-Encoding': 'gzip', 'CF-Cache-Status': 'DYNAMIC', 'Report-To': '{"endpoints":[{"url":"https:\\/\\/a.nel.cloudflare.com\\/report\\/v4?s=BOEzhyvHjAAhtCSOD17MBrZOzu0djap%2FJql4vL334U%2Bt%2BfR%2BCjgtXuB%2FJdQxUGNCg2CFfUesNnQbzC1Yt1pHyJiuNvtn%2B2dindVC%2FJIEQsGx1JzcDzlgRQ%2BlN%2F4dpjNW"}],"group":"cf-nel","max_age":604800}', 'NEL': '{"success_fraction":0,"report_to":"cf-nel","max_age":604800}', 'Server': 'cloudflare', 'CF-RAY': '87020b53bcc63b11-IAD', 'alt-svc': 'h3=":443"; ma=86400'} 
 body={"results":[{"gender":"female","name":{"title":"Ms","first":"Violet","last":"Clarke"},"location":{"street":{"number":8327,"name":"Universal Drive"},"city":"Wellington","state":"Otago","country":"New Zealand","postcode":77122,"coordinates":{"latitude":"48.2788","longitude":"7.2840"},"timezone":{"offset":"+9:00","description":"Tokyo, Seoul, Osaka, Sapporo, Yakutsk"}},"email":"violet.clarke@example.com","login":{"uuid":"f1eedee9-b991-4823-a2da-dfdd8814472a","username":"purplesnake954","password":"spock","salt":"LJfHilMj","md5":"5e362e12f157a349e52c5b5a17cb5f10","sha1":"c7aa5e9efa3ee12ccc4e05fc4e677df5e08b56d1","sha256":"0ec4e141d75ee52dcc318f3734525a8682042f9995c4a06a4505df25b9bffdf9"},"dob":{"date":"1990-11-16T10:52:12.081Z","age":33},"registered":{"date":"2019-07-30T07:10:29.127Z","age":4},"phone":"(512)-241-6793","cell":"(265)-919-8337","id":{"name":"","value":null},"picture":{"large":"https://randomuser.me/api/portraits/women/48.jpg","medium":"https://randomuser.me/api/portraits/med/women/48.jpg","thumbnail":"https://randomuser.me/api/portraits/thumb/women/48.jpg"},"nat":"NZ"}],"info":{"seed":"4138cb55660e41e2","results":1,"page":1,"version":"1.4"}} 
 </msg>
<msg time="2024-04-06T13:15:01.161380" level="INFO">/opt/hostedtoolcache/Python/3.12.2/x64/lib/python3.12/site-packages/urllib3/connectionpool.py:1103: InsecureRequestWarning: Unverified HTTPS request is being made to host 'randomuser.me'. Adding certificate verification is strongly advised. See: https://urllib3.readthedocs.io/en/latest/advanced-usage.html#tls-warnings
  warnings.warn(</msg>
<msg time="2024-04-06T13:15:01.161516" level="INFO">${response} = &lt;Response [200]&gt;</msg>
<var>${response}</var>
<arg>consultarAPI</arg>
<arg>/api</arg>
<doc>Sends a GET request on a previously created HTTP Session.</doc>
<status status="PASS" start="2024-04-06T13:15:00.926537" elapsed="0.235021"/>
</kw>
<kw name="Should Be Equal As Numbers" owner="BuiltIn">
<msg time="2024-04-06T13:15:01.162570" level="INFO">Argument types are:
&lt;class 'int'&gt;
&lt;class 'str'&gt;</msg>
<arg>${response.status_code}</arg>
<arg>200</arg>
<doc>Fails if objects are unequal after converting them to real numbers.</doc>
<status status="PASS" start="2024-04-06T13:15:01.162099" elapsed="0.000543"/>
</kw>
<kw name="Log" owner="BuiltIn">
<msg time="2024-04-06T13:15:01.163317" level="INFO">200</msg>
<arg>${response.status_code}</arg>
<doc>Logs the given message with the given level.</doc>
<status status="PASS" start="2024-04-06T13:15:01.162964" elapsed="0.000443"/>
</kw>
<kw name="Set Variable" owner="BuiltIn">
<msg time="2024-04-06T13:15:01.164187" level="INFO">${json_data} = {'results': [{'gender': 'female', 'name': {'title': 'Ms', 'first': 'Violet', 'last': 'Clarke'}, 'location': {'street': {'number': 8327, 'name': 'Universal Drive'}, 'city': 'Wellington', 'state': 'Otag...</msg>
<var>${json_data}</var>
<arg>${response.json()}</arg>
<doc>Returns the given values which can then be assigned to a variables.</doc>
<status status="PASS" start="2024-04-06T13:15:01.163744" elapsed="0.000471"/>
</kw>
<kw name="Dictionary Should Contain Key" owner="Collections">
<msg time="2024-04-06T13:15:01.164689" level="INFO">False</msg>
<arg>${json_data}</arg>
<arg>results</arg>
<doc>Fails if ``key`` is not found from ``dictionary``.</doc>
<status status="PASS" start="2024-04-06T13:15:01.164520" elapsed="0.000216"/>
</kw>
<status status="PASS" start="2024-04-06T13:15:00.926282" elapsed="0.238719"/>
</kw>
<doc>Testa se a API responde corretamente e retorna um objeto JSON válido.</doc>
<tag>testeRequisicaoBasica</tag>
<status status="PASS" start="2024-04-06T13:15:00.925824" elapsed="0.239372"/>
</test>
<test id="s1-s1-t3" name="Validar estrutura de resposta" line="22">
<kw name="Teste de Estrutura de Resposta" owner="random-user-service">
<kw name="GET On Session" owner="RequestsLibrary">
<msg time="2024-04-06T13:15:01.228439" level="INFO">GET Request : url=https://randomuser.me/api 
 path_url=/api 
 headers={'User-Agent': 'python-requests/2.31.0', 'Accept-Encoding': 'gzip, deflate', 'Accept': '*/*', 'Connection': 'keep-alive'} 
 body=None 
 </msg>
<msg time="2024-04-06T13:15:01.228537" level="INFO">GET Response : url=https://randomuser.me/api 
 status=200, reason=OK 
 headers={'Date': 'Sat, 06 Apr 2024 13:15:01 GMT', 'Content-Type': 'application/json; charset=utf-8', 'Transfer-Encoding': 'chunked', 'Connection': 'keep-alive', 'X-Powered-By': 'Express', 'Access-Control-Allow-Origin': '*', 'Cache-Control': 'no-cache', 'ETag': 'W/"495-SGx6aWirPiF8sAcGT7Wq+b6GcL8"', 'Vary': 'Accept-Encoding', 'Content-Encoding': 'gzip', 'CF-Cache-Status': 'DYNAMIC', 'Report-To': '{"endpoints":[{"url":"https:\\/\\/a.nel.cloudflare.com\\/report\\/v4?s=WOvBHaGIpitfAnoM71kZAGg%2FMkrsy0MiJk9nrUugLefEG%2FKsmbKdu4K9xuyb5UZX%2BZK1KTAFxd0egq8KZJC4FjlpMreTHd3flSUu4xQbw7Odfuq6MTHHwTq5HknxWEPK"}],"group":"cf-nel","max_age":604800}', 'NEL': '{"success_fraction":0,"report_to":"cf-nel","max_age":604800}', 'Server': 'cloudflare', 'CF-RAY': '87020b545d693b11-IAD', 'alt-svc': 'h3=":443"; ma=86400'} 
 body={"results":[{"gender":"male","name":{"title":"Mr","first":"Mylan","last":"Fontai"},"location":{"street":{"number":3035,"name":"Place de L'Église"},"city":"Aix-En-Provence","state":"Mayenne","country":"France","postcode":14360,"coordinates":{"latitude":"-20.6037","longitude":"-110.3405"},"timezone":{"offset":"+7:00","description":"Bangkok, Hanoi, Jakarta"}},"email":"mylan.fontai@example.com","login":{"uuid":"b4d440a0-474a-4a48-9f4b-571aa91bf1d4","username":"crazypeacock436","password":"wine","salt":"qCrNMqF3","md5":"191acb7d87ad6f871a03962f16741bd3","sha1":"e6bda62ee99e24ccb1faae262cccf1868fe4317f","sha256":"296ee4cc4a8f059e17e2771d712df17089b80b41eca978f000a8ad7fbd431da1"},"dob":{"date":"1970-08-27T19:14:35.773Z","age":53},"registered":{"date":"2003-11-19T19:27:06.119Z","age":20},"phone":"04-50-69-18-27","cell":"06-16-26-47-74","id":{"name":"INSEE","value":"1700716405802 29"},"picture":{"large":"https://randomuser.me/api/portraits/men/63.jpg","medium":"https://randomuser.me/api/portraits/med/men/63.jpg","thumbnail":"https://randomuser.me/api/portraits/thumb/men/63.jpg"},"nat":"FR"}],"info":{"seed":"7ea97fd4e2c53d30","results":1,"page":1,"version":"1.4"}} 
 </msg>
<msg time="2024-04-06T13:15:01.228681" level="INFO">/opt/hostedtoolcache/Python/3.12.2/x64/lib/python3.12/site-packages/urllib3/connectionpool.py:1103: InsecureRequestWarning: Unverified HTTPS request is being made to host 'randomuser.me'. Adding certificate verification is strongly advised. See: https://urllib3.readthedocs.io/en/latest/advanced-usage.html#tls-warnings
  warnings.warn(</msg>
<msg time="2024-04-06T13:15:01.228805" level="INFO">${response} = &lt;Response [200]&gt;</msg>
<var>${response}</var>
<arg>consultarAPI</arg>
<arg>/api</arg>
<doc>Sends a GET request on a previously created HTTP Session.</doc>
<status status="PASS" start="2024-04-06T13:15:01.168004" elapsed="0.060832"/>
</kw>
<kw name="Set Variable" owner="BuiltIn">
<msg time="2024-04-06T13:15:01.229922" level="INFO">${json_data} = {'results': [{'gender': 'male', 'name': {'title': 'Mr', 'first': 'Mylan', 'last': 'Fontai'}, 'location': {'street': {'number': 3035, 'name': "Place de L'Église"}, 'city': 'Aix-En-Provence', 'state': '...</msg>
<var>${json_data}</var>
<arg>${response.json()}</arg>
<doc>Returns the given values which can then be assigned to a variables.</doc>
<status status="PASS" start="2024-04-06T13:15:01.229388" elapsed="0.000564"/>
</kw>
<kw name="Log" owner="BuiltIn">
<msg time="2024-04-06T13:15:01.230437" level="INFO">{'results': [{'gender': 'male', 'name': {'title': 'Mr', 'first': 'Mylan', 'last': 'Fontai'}, 'location': {'street': {'number': 3035, 'name': "Place de L'Église"}, 'city': 'Aix-En-Provence', 'state': 'Mayenne', 'country': 'France', 'postcode': 14360, 'coordinates': {'latitude': '-20.6037', 'longitude': '-110.3405'}, 'timezone': {'offset': '+7:00', 'description': 'Bangkok, Hanoi, Jakarta'}}, 'email': 'mylan.fontai@example.com', 'login': {'uuid': 'b4d440a0-474a-4a48-9f4b-571aa91bf1d4', 'username': 'crazypeacock436', 'password': 'wine', 'salt': 'qCrNMqF3', 'md5': '191acb7d87ad6f871a03962f16741bd3', 'sha1': 'e6bda62ee99e24ccb1faae262cccf1868fe4317f', 'sha256': '296ee4cc4a8f059e17e2771d712df17089b80b41eca978f000a8ad7fbd431da1'}, 'dob': {'date': '1970-08-27T19:14:35.773Z', 'age': 53}, 'registered': {'date': '2003-11-19T19:27:06.119Z', 'age': 20}, 'phone': '04-50-69-18-27', 'cell': '06-16-26-47-74', 'id': {'name': 'INSEE', 'value': '1700716405802 29'}, 'picture': {'large': 'https://randomuser.me/api/portraits/men/63.jpg', 'medium': 'https://randomuser.me/api/portraits/med/men/63.jpg', 'thumbnail': 'https://randomuser.me/api/portraits/thumb/men/63.jpg'}, 'nat': 'FR'}], 'info': {'seed': '7ea97fd4e2c53d30', 'results': 1, 'page': 1, 'version': '1.4'}}</msg>
<arg>${json_data}</arg>
<doc>Logs the given message with the given level.</doc>
<status status="PASS" start="2024-04-06T13:15:01.230269" elapsed="0.000218"/>
</kw>
<kw name="Dictionary Should Contain Key" owner="Collections">
<msg time="2024-04-06T13:15:01.230947" level="INFO">False</msg>
<arg>${json_data}</arg>
<arg>results</arg>
<doc>Fails if ``key`` is not found from ``dictionary``.</doc>
<status status="PASS" start="2024-04-06T13:15:01.230788" elapsed="0.000197"/>
</kw>
<kw name="Should Not Be Empty" owner="BuiltIn">
<msg time="2024-04-06T13:15:01.231461" level="INFO">Length is 2.</msg>
<arg>${json_data}</arg>
<doc>Verifies that the given item is not empty.</doc>
<status status="PASS" start="2024-04-06T13:15:01.231281" elapsed="0.000230"/>
</kw>
<kw name="Create List" owner="BuiltIn">
<msg time="2024-04-06T13:15:01.231967" level="INFO">${expected_keys} = ['gender', 'name', 'location', 'email', 'login']</msg>
<var>${expected_keys}</var>
<arg>gender</arg>
<arg>name</arg>
<arg>location</arg>
<arg>email</arg>
<arg>login</arg>
<doc>Returns a list containing given items.</doc>
<status status="PASS" start="2024-04-06T13:15:01.231815" elapsed="0.000177"/>
</kw>
<for flavor="IN">
<iter>
<kw name="Dictionary Should Contain Key" owner="Collections">
<msg time="2024-04-06T13:15:01.233004" level="INFO">False</msg>
<arg>${json_data['results'][0]}</arg>
<arg>${key}</arg>
<doc>Fails if ``key`` is not found from ``dictionary``.</doc>
<status status="PASS" start="2024-04-06T13:15:01.232595" elapsed="0.000448"/>
</kw>
<kw name="Log" owner="BuiltIn">
<msg time="2024-04-06T13:15:01.233731" level="INFO">{'gender': 'male', 'name': {'title': 'Mr', 'first': 'Mylan', 'last': 'Fontai'}, 'location': {'street': {'number': 3035, 'name': "Place de L'Église"}, 'city': 'Aix-En-Provence', 'state': 'Mayenne', 'country': 'France', 'postcode': 14360, 'coordinates': {'latitude': '-20.6037', 'longitude': '-110.3405'}, 'timezone': {'offset': '+7:00', 'description': 'Bangkok, Hanoi, Jakarta'}}, 'email': 'mylan.fontai@example.com', 'login': {'uuid': 'b4d440a0-474a-4a48-9f4b-571aa91bf1d4', 'username': 'crazypeacock436', 'password': 'wine', 'salt': 'qCrNMqF3', 'md5': '191acb7d87ad6f871a03962f16741bd3', 'sha1': 'e6bda62ee99e24ccb1faae262cccf1868fe4317f', 'sha256': '296ee4cc4a8f059e17e2771d712df17089b80b41eca978f000a8ad7fbd431da1'}, 'dob': {'date': '1970-08-27T19:14:35.773Z', 'age': 53}, 'registered': {'date': '2003-11-19T19:27:06.119Z', 'age': 20}, 'phone': '04-50-69-18-27', 'cell': '06-16-26-47-74', 'id': {'name': 'INSEE', 'value': '1700716405802 29'}, 'picture': {'large': 'https://randomuser.me/api/portraits/men/63.jpg', 'medium': 'https://randomuser.me/api/portraits/med/men/63.jpg', 'thumbnail': 'https://randomuser.me/api/portraits/thumb/men/63.jpg'}, 'nat': 'FR'}</msg>
<arg>${json_data['results'][0]}</arg>
<doc>Logs the given message with the given level.</doc>
<status status="PASS" start="2024-04-06T13:15:01.233354" elapsed="0.000429"/>
</kw>
<kw name="Log" owner="BuiltIn">
<msg time="2024-04-06T13:15:01.234229" level="INFO">gender</msg>
<arg>${key}</arg>
<doc>Logs the given message with the given level.</doc>
<status status="PASS" start="2024-04-06T13:15:01.234096" elapsed="0.000171"/>
</kw>
<var name="${key}">gender</var>
<status status="PASS" start="2024-04-06T13:15:01.232465" elapsed="0.002027"/>
</iter>
<iter>
<kw name="Dictionary Should Contain Key" owner="Collections">
<msg time="2024-04-06T13:15:01.235193" level="INFO">False</msg>
<arg>${json_data['results'][0]}</arg>
<arg>${key}</arg>
<doc>Fails if ``key`` is not found from ``dictionary``.</doc>
<status status="PASS" start="2024-04-06T13:15:01.234799" elapsed="0.000433"/>
</kw>
<kw name="Log" owner="BuiltIn">
<msg time="2024-04-06T13:15:01.236032" level="INFO">{'gender': 'male', 'name': {'title': 'Mr', 'first': 'Mylan', 'last': 'Fontai'}, 'location': {'street': {'number': 3035, 'name': "Place de L'Église"}, 'city': 'Aix-En-Provence', 'state': 'Mayenne', 'country': 'France', 'postcode': 14360, 'coordinates': {'latitude': '-20.6037', 'longitude': '-110.3405'}, 'timezone': {'offset': '+7:00', 'description': 'Bangkok, Hanoi, Jakarta'}}, 'email': 'mylan.fontai@example.com', 'login': {'uuid': 'b4d440a0-474a-4a48-9f4b-571aa91bf1d4', 'username': 'crazypeacock436', 'password': 'wine', 'salt': 'qCrNMqF3', 'md5': '191acb7d87ad6f871a03962f16741bd3', 'sha1': 'e6bda62ee99e24ccb1faae262cccf1868fe4317f', 'sha256': '296ee4cc4a8f059e17e2771d712df17089b80b41eca978f000a8ad7fbd431da1'}, 'dob': {'date': '1970-08-27T19:14:35.773Z', 'age': 53}, 'registered': {'date': '2003-11-19T19:27:06.119Z', 'age': 20}, 'phone': '04-50-69-18-27', 'cell': '06-16-26-47-74', 'id': {'name': 'INSEE', 'value': '1700716405802 29'}, 'picture': {'large': 'https://randomuser.me/api/portraits/men/63.jpg', 'medium': 'https://randomuser.me/api/portraits/med/men/63.jpg', 'thumbnail': 'https://randomuser.me/api/portraits/thumb/men/63.jpg'}, 'nat': 'FR'}</msg>
<arg>${json_data['results'][0]}</arg>
<doc>Logs the given message with the given level.</doc>
<status status="PASS" start="2024-04-06T13:15:01.235599" elapsed="0.000489"/>
</kw>
<kw name="Log" owner="BuiltIn">
<msg time="2024-04-06T13:15:01.236535" level="INFO">name</msg>
<arg>${key}</arg>
<doc>Logs the given message with the given level.</doc>
<status status="PASS" start="2024-04-06T13:15:01.236402" elapsed="0.000171"/>
</kw>
<var name="${key}">name</var>
<status status="PASS" start="2024-04-06T13:15:01.234682" elapsed="0.002114"/>
</iter>
<iter>
<kw name="Dictionary Should Contain Key" owner="Collections">
<msg time="2024-04-06T13:15:01.237505" level="INFO">False</msg>
<arg>${json_data['results'][0]}</arg>
<arg>${key}</arg>
<doc>Fails if ``key`` is not found from ``dictionary``.</doc>
<status status="PASS" start="2024-04-06T13:15:01.237096" elapsed="0.000449"/>
</kw>
<kw name="Log" owner="BuiltIn">
<msg time="2024-04-06T13:15:01.238229" level="INFO">{'gender': 'male', 'name': {'title': 'Mr', 'first': 'Mylan', 'last': 'Fontai'}, 'location': {'street': {'number': 3035, 'name': "Place de L'Église"}, 'city': 'Aix-En-Provence', 'state': 'Mayenne', 'country': 'France', 'postcode': 14360, 'coordinates': {'latitude': '-20.6037', 'longitude': '-110.3405'}, 'timezone': {'offset': '+7:00', 'description': 'Bangkok, Hanoi, Jakarta'}}, 'email': 'mylan.fontai@example.com', 'login': {'uuid': 'b4d440a0-474a-4a48-9f4b-571aa91bf1d4', 'username': 'crazypeacock436', 'password': 'wine', 'salt': 'qCrNMqF3', 'md5': '191acb7d87ad6f871a03962f16741bd3', 'sha1': 'e6bda62ee99e24ccb1faae262cccf1868fe4317f', 'sha256': '296ee4cc4a8f059e17e2771d712df17089b80b41eca978f000a8ad7fbd431da1'}, 'dob': {'date': '1970-08-27T19:14:35.773Z', 'age': 53}, 'registered': {'date': '2003-11-19T19:27:06.119Z', 'age': 20}, 'phone': '04-50-69-18-27', 'cell': '06-16-26-47-74', 'id': {'name': 'INSEE', 'value': '1700716405802 29'}, 'picture': {'large': 'https://randomuser.me/api/portraits/men/63.jpg', 'medium': 'https://randomuser.me/api/portraits/med/men/63.jpg', 'thumbnail': 'https://randomuser.me/api/portraits/thumb/men/63.jpg'}, 'nat': 'FR'}</msg>
<arg>${json_data['results'][0]}</arg>
<doc>Logs the given message with the given level.</doc>
<status status="PASS" start="2024-04-06T13:15:01.237855" elapsed="0.000429"/>
</kw>
<kw name="Log" owner="BuiltIn">
<msg time="2024-04-06T13:15:01.238711" level="INFO">location</msg>
<arg>${key}</arg>
<doc>Logs the given message with the given level.</doc>
<status status="PASS" start="2024-04-06T13:15:01.238584" elapsed="0.000166"/>
</kw>
<var name="${key}">location</var>
<status status="PASS" start="2024-04-06T13:15:01.236982" elapsed="0.002010"/>
</iter>
<iter>
<kw name="Dictionary Should Contain Key" owner="Collections">
<msg time="2024-04-06T13:15:01.239734" level="INFO">False</msg>
<arg>${json_data['results'][0]}</arg>
<arg>${key}</arg>
<doc>Fails if ``key`` is not found from ``dictionary``.</doc>
<status status="PASS" start="2024-04-06T13:15:01.239298" elapsed="0.000475"/>
</kw>
<kw name="Log" owner="BuiltIn">
<msg time="2024-04-06T13:15:01.240452" level="INFO">{'gender': 'male', 'name': {'title': 'Mr', 'first': 'Mylan', 'last': 'Fontai'}, 'location': {'street': {'number': 3035, 'name': "Place de L'Église"}, 'city': 'Aix-En-Provence', 'state': 'Mayenne', 'country': 'France', 'postcode': 14360, 'coordinates': {'latitude': '-20.6037', 'longitude': '-110.3405'}, 'timezone': {'offset': '+7:00', 'description': 'Bangkok, Hanoi, Jakarta'}}, 'email': 'mylan.fontai@example.com', 'login': {'uuid': 'b4d440a0-474a-4a48-9f4b-571aa91bf1d4', 'username': 'crazypeacock436', 'password': 'wine', 'salt': 'qCrNMqF3', 'md5': '191acb7d87ad6f871a03962f16741bd3', 'sha1': 'e6bda62ee99e24ccb1faae262cccf1868fe4317f', 'sha256': '296ee4cc4a8f059e17e2771d712df17089b80b41eca978f000a8ad7fbd431da1'}, 'dob': {'date': '1970-08-27T19:14:35.773Z', 'age': 53}, 'registered': {'date': '2003-11-19T19:27:06.119Z', 'age': 20}, 'phone': '04-50-69-18-27', 'cell': '06-16-26-47-74', 'id': {'name': 'INSEE', 'value': '1700716405802 29'}, 'picture': {'large': 'https://randomuser.me/api/portraits/men/63.jpg', 'medium': 'https://randomuser.me/api/portraits/med/men/63.jpg', 'thumbnail': 'https://randomuser.me/api/portraits/thumb/men/63.jpg'}, 'nat': 'FR'}</msg>
<arg>${json_data['results'][0]}</arg>
<doc>Logs the given message with the given level.</doc>
<status status="PASS" start="2024-04-06T13:15:01.240088" elapsed="0.000413"/>
</kw>
<kw name="Log" owner="BuiltIn">
<msg time="2024-04-06T13:15:01.240932" level="INFO">email</msg>
<arg>${key}</arg>
<doc>Logs the given message with the given level.</doc>
<status status="PASS" start="2024-04-06T13:15:01.240803" elapsed="0.000167"/>
</kw>
<var name="${key}">email</var>
<status status="PASS" start="2024-04-06T13:15:01.239184" elapsed="0.002003"/>
</iter>
<iter>
<kw name="Dictionary Should Contain Key" owner="Collections">
<msg time="2024-04-06T13:15:01.241879" level="INFO">False</msg>
<arg>${json_data['results'][0]}</arg>
<arg>${key}</arg>
<doc>Fails if ``key`` is not found from ``dictionary``.</doc>
<status status="PASS" start="2024-04-06T13:15:01.241481" elapsed="0.000435"/>
</kw>
<kw name="Log" owner="BuiltIn">
<msg time="2024-04-06T13:15:01.242595" level="INFO">{'gender': 'male', 'name': {'title': 'Mr', 'first': 'Mylan', 'last': 'Fontai'}, 'location': {'street': {'number': 3035, 'name': "Place de L'Église"}, 'city': 'Aix-En-Provence', 'state': 'Mayenne', 'country': 'France', 'postcode': 14360, 'coordinates': {'latitude': '-20.6037', 'longitude': '-110.3405'}, 'timezone': {'offset': '+7:00', 'description': 'Bangkok, Hanoi, Jakarta'}}, 'email': 'mylan.fontai@example.com', 'login': {'uuid': 'b4d440a0-474a-4a48-9f4b-571aa91bf1d4', 'username': 'crazypeacock436', 'password': 'wine', 'salt': 'qCrNMqF3', 'md5': '191acb7d87ad6f871a03962f16741bd3', 'sha1': 'e6bda62ee99e24ccb1faae262cccf1868fe4317f', 'sha256': '296ee4cc4a8f059e17e2771d712df17089b80b41eca978f000a8ad7fbd431da1'}, 'dob': {'date': '1970-08-27T19:14:35.773Z', 'age': 53}, 'registered': {'date': '2003-11-19T19:27:06.119Z', 'age': 20}, 'phone': '04-50-69-18-27', 'cell': '06-16-26-47-74', 'id': {'name': 'INSEE', 'value': '1700716405802 29'}, 'picture': {'large': 'https://randomuser.me/api/portraits/men/63.jpg', 'medium': 'https://randomuser.me/api/portraits/med/men/63.jpg', 'thumbnail': 'https://randomuser.me/api/portraits/thumb/men/63.jpg'}, 'nat': 'FR'}</msg>
<arg>${json_data['results'][0]}</arg>
<doc>Logs the given message with the given level.</doc>
<status status="PASS" start="2024-04-06T13:15:01.242222" elapsed="0.000422"/>
</kw>
<kw name="Log" owner="BuiltIn">
<msg time="2024-04-06T13:15:01.243076" level="INFO">login</msg>
<arg>${key}</arg>
<doc>Logs the given message with the given level.</doc>
<status status="PASS" start="2024-04-06T13:15:01.242946" elapsed="0.000281"/>
</kw>
<var name="${key}">login</var>
<status status="PASS" start="2024-04-06T13:15:01.241361" elapsed="0.002163"/>
</iter>
<var>${key}</var>
<value>@{expected_keys}</value>
<status status="PASS" start="2024-04-06T13:15:01.232265" elapsed="0.011390"/>
</for>
<kw name="Create List" owner="BuiltIn">
<msg time="2024-04-06T13:15:01.244113" level="INFO">${expected_keysTwo} = ['username', 'password']</msg>
<var>${expected_keysTwo}</var>
<arg>username</arg>
<arg>password</arg>
<doc>Returns a list containing given items.</doc>
<status status="PASS" start="2024-04-06T13:15:01.243952" elapsed="0.000185"/>
</kw>
<for flavor="IN">
<iter>
<kw name="Dictionary Should Contain Key" owner="Collections">
<msg time="2024-04-06T13:15:01.245238" level="INFO">False</msg>
<arg>${json_data['results'][0]['login']}</arg>
<arg>${keyTwo}</arg>
<doc>Fails if ``key`` is not found from ``dictionary``.</doc>
<status status="PASS" start="2024-04-06T13:15:01.244661" elapsed="0.000632"/>
</kw>
<kw name="Dictionary Should Contain Key" owner="Collections">
<msg time="2024-04-06T13:15:01.246081" level="INFO">False</msg>
<arg>${json_data['results'][0]['login']}</arg>
<arg>${keyTwo}</arg>
<doc>Fails if ``key`` is not found from ``dictionary``.</doc>
<status status="PASS" start="2024-04-06T13:15:01.245684" elapsed="0.000435"/>
</kw>
<kw name="Log" owner="BuiltIn">
<msg time="2024-04-06T13:15:01.246556" level="INFO">username</msg>
<arg>${keyTwo}</arg>
<doc>Logs the given message with the given level.</doc>
<status status="PASS" start="2024-04-06T13:15:01.246423" elapsed="0.000172"/>
</kw>
<var name="${keyTwo}">username</var>
<status status="PASS" start="2024-04-06T13:15:01.244547" elapsed="0.002267"/>
</iter>
<iter>
<kw name="Dictionary Should Contain Key" owner="Collections">
<msg time="2024-04-06T13:15:01.247526" level="INFO">False</msg>
<arg>${json_data['results'][0]['login']}</arg>
<arg>${keyTwo}</arg>
<doc>Fails if ``key`` is not found from ``dictionary``.</doc>
<status status="PASS" start="2024-04-06T13:15:01.247101" elapsed="0.000465"/>
</kw>
<kw name="Dictionary Should Contain Key" owner="Collections">
<msg time="2024-04-06T13:15:01.248249" level="INFO">False</msg>
<arg>${json_data['results'][0]['login']}</arg>
<arg>${keyTwo}</arg>
<doc>Fails if ``key`` is not found from ``dictionary``.</doc>
<status status="PASS" start="2024-04-06T13:15:01.247869" elapsed="0.000416"/>
</kw>
<kw name="Log" owner="BuiltIn">
<msg time="2024-04-06T13:15:01.248707" level="INFO">password</msg>
<arg>${keyTwo}</arg>
<doc>Logs the given message with the given level.</doc>
<status status="PASS" start="2024-04-06T13:15:01.248578" elapsed="0.000167"/>
</kw>
<var name="${keyTwo}">password</var>
<status status="PASS" start="2024-04-06T13:15:01.246989" elapsed="0.001972"/>
</iter>
<var>${keyTwo}</var>
<value>@{expected_keysTwo}</value>
<status status="PASS" start="2024-04-06T13:15:01.244388" elapsed="0.004694"/>
</for>
<status status="PASS" start="2024-04-06T13:15:01.167760" elapsed="0.081466"/>
</kw>
<doc>Testa a estrutura da resposta da API.</doc>
<tag>testeEstruturaResposta</tag>
<status status="PASS" start="2024-04-06T13:15:01.167051" elapsed="0.082342"/>
</test>
<test id="s1-s1-t4" name="Validar tipos de dados" line="28">
<kw name="Teste de Tipos de Dados" owner="random-user-service">
<kw name="GET On Session" owner="RequestsLibrary">
<msg time="2024-04-06T13:15:01.338164" level="INFO">GET Request : url=https://randomuser.me/api 
 path_url=/api 
 headers={'User-Agent': 'python-requests/2.31.0', 'Accept-Encoding': 'gzip, deflate', 'Accept': '*/*', 'Connection': 'keep-alive'} 
 body=None 
 </msg>
<msg time="2024-04-06T13:15:01.338260" level="INFO">GET Response : url=https://randomuser.me/api 
 status=200, reason=OK 
 headers={'Date': 'Sat, 06 Apr 2024 13:15:01 GMT', 'Content-Type': 'application/json; charset=utf-8', 'Transfer-Encoding': 'chunked', 'Connection': 'keep-alive', 'X-Powered-By': 'Express', 'Access-Control-Allow-Origin': '*', 'Cache-Control': 'no-cache', 'ETag': 'W/"48b-6ykgr/gIGiODQFfFoie9mJAdkxY"', 'Vary': 'Accept-Encoding', 'Content-Encoding': 'gzip', 'CF-Cache-Status': 'DYNAMIC', 'Report-To': '{"endpoints":[{"url":"https:\\/\\/a.nel.cloudflare.com\\/report\\/v4?s=pD1a8RJew4y7551hI09JO6TEB7btyccvC83ynrvzzTjFnnL2c3r%2FkZwJ0UoObi421e1NW0tFqkMrSBLn0H7a1OFOQbG12ETbs08GwgUIYRLHdSL1zgh7BCnoUEthOIZY"}],"group":"cf-nel","max_age":604800}', 'NEL': '{"success_fraction":0,"report_to":"cf-nel","max_age":604800}', 'Server': 'cloudflare', 'CF-RAY': '87020b54ddfe3b11-IAD', 'alt-svc': 'h3=":443"; ma=86400'} 
 body={"results":[{"gender":"female","name":{"title":"Miss","first":"Sofia","last":"Wallace"},"location":{"street":{"number":4119,"name":"Grove Road"},"city":"Gorey","state":"Fingal","country":"Ireland","postcode":11806,"coordinates":{"latitude":"-2.1983","longitude":"169.7326"},"timezone":{"offset":"+10:00","description":"Eastern Australia, Guam, Vladivostok"}},"email":"sofia.wallace@example.com","login":{"uuid":"ee0f6464-017f-4c52-97be-2f283fdc0842","username":"whitedog950","password":"pickle","salt":"eE0WwkhE","md5":"5ad598db390af22f373684883cd7692b","sha1":"5b9f5d1c6e2e9c3b625a018fa31c14e3b6394fe6","sha256":"e03200a293208aab9df0d6c97f919ecd389b037847815d515fe32e5d354d5861"},"dob":{"date":"1954-03-13T07:33:32.156Z","age":70},"registered":{"date":"2013-03-02T03:12:13.347Z","age":11},"phone":"071-870-5316","cell":"081-494-4520","id":{"name":"PPS","value":"9722179T"},"picture":{"large":"https://randomuser.me/api/portraits/women/22.jpg","medium":"https://randomuser.me/api/portraits/med/women/22.jpg","thumbnail":"https://randomuser.me/api/portraits/thumb/women/22.jpg"},"nat":"IE"}],"info":{"seed":"3006727cdb00b889","results":1,"page":1,"version":"1.4"}} 
 </msg>
<msg time="2024-04-06T13:15:01.338335" level="INFO">/opt/hostedtoolcache/Python/3.12.2/x64/lib/python3.12/site-packages/urllib3/connectionpool.py:1103: InsecureRequestWarning: Unverified HTTPS request is being made to host 'randomuser.me'. Adding certificate verification is strongly advised. See: https://urllib3.readthedocs.io/en/latest/advanced-usage.html#tls-warnings
  warnings.warn(</msg>
<msg time="2024-04-06T13:15:01.338480" level="INFO">${response} = &lt;Response [200]&gt;</msg>
<var>${response}</var>
<arg>consultarAPI</arg>
<arg>/api</arg>
<doc>Sends a GET request on a previously created HTTP Session.</doc>
<status status="PASS" start="2024-04-06T13:15:01.251955" elapsed="0.086592"/>
</kw>
<kw name="Set Variable" owner="BuiltIn">
<msg time="2024-04-06T13:15:01.339780" level="INFO">${json_data} = {'results': [{'gender': 'female', 'name': {'title': 'Miss', 'first': 'Sofia', 'last': 'Wallace'}, 'location': {'street': {'number': 4119, 'name': 'Grove Road'}, 'city': 'Gorey', 'state': 'Fingal', 'co...</msg>
<var>${json_data}</var>
<arg>${response.json()}</arg>
<doc>Returns the given values which can then be assigned to a variables.</doc>
<status status="PASS" start="2024-04-06T13:15:01.339110" elapsed="0.000715"/>
</kw>
<kw name="Log" owner="BuiltIn">
<msg time="2024-04-06T13:15:01.340326" level="INFO">{'results': [{'gender': 'female', 'name': {'title': 'Miss', 'first': 'Sofia', 'last': 'Wallace'}, 'location': {'street': {'number': 4119, 'name': 'Grove Road'}, 'city': 'Gorey', 'state': 'Fingal', 'country': 'Ireland', 'postcode': 11806, 'coordinates': {'latitude': '-2.1983', 'longitude': '169.7326'}, 'timezone': {'offset': '+10:00', 'description': 'Eastern Australia, Guam, Vladivostok'}}, 'email': 'sofia.wallace@example.com', 'login': {'uuid': 'ee0f6464-017f-4c52-97be-2f283fdc0842', 'username': 'whitedog950', 'password': 'pickle', 'salt': 'eE0WwkhE', 'md5': '5ad598db390af22f373684883cd7692b', 'sha1': '5b9f5d1c6e2e9c3b625a018fa31c14e3b6394fe6', 'sha256': 'e03200a293208aab9df0d6c97f919ecd389b037847815d515fe32e5d354d5861'}, 'dob': {'date': '1954-03-13T07:33:32.156Z', 'age': 70}, 'registered': {'date': '2013-03-02T03:12:13.347Z', 'age': 11}, 'phone': '071-870-5316', 'cell': '081-494-4520', 'id': {'name': 'PPS', 'value': '9722179T'}, 'picture': {'large': 'https://randomuser.me/api/portraits/women/22.jpg', 'medium': 'https://randomuser.me/api/portraits/med/women/22.jpg', 'thumbnail': 'https://randomuser.me/api/portraits/thumb/women/22.jpg'}, 'nat': 'IE'}], 'info': {'seed': '3006727cdb00b889', 'results': 1, 'page': 1, 'version': '1.4'}}</msg>
<arg>${json_data}</arg>
<doc>Logs the given message with the given level.</doc>
<status status="PASS" start="2024-04-06T13:15:01.340164" elapsed="0.000249"/>
</kw>
<kw name="Should Be String" owner="String">
<arg>${json_data['results'][0]['gender']}</arg>
<doc>Fails if the given ``item`` is not a string.</doc>
<status status="PASS" start="2024-04-06T13:15:01.340719" elapsed="0.000370"/>
</kw>
<kw name="Should Match Regexp" owner="BuiltIn">
<arg>${json_data['results'][0]['email']}</arg>
<arg>^[a-zA-Z0-9._%+-]+@[a-zA-Z0-9.-]+\.[a-zA-Z]{2,}$</arg>
<doc>Fails if ``string`` does not match ``pattern`` as a regular expression.</doc>
<status status="PASS" start="2024-04-06T13:15:01.341285" elapsed="0.000521"/>
</kw>
<kw name="Should Match Regexp" owner="BuiltIn">
<arg>${json_data['results'][0]['dob']['date']}</arg>
<arg>\\d{4}-\\d{2}-\\d{2}T\\d{2}:\\d{2}:\\d{2}\\.\\d{3}Z</arg>
<doc>Fails if ``string`` does not match ``pattern`` as a regular expression.</doc>
<status status="PASS" start="2024-04-06T13:15:01.342013" elapsed="0.000499"/>
</kw>
<kw name="Should Match Regexp" owner="BuiltIn">
<arg>${json_data['results'][0]['registered']['date']}</arg>
<arg>\\d{4}-\\d{2}-\\d{2}T\\d{2}:\\d{2}:\\d{2}\\.\\d{3}Z</arg>
<doc>Fails if ``string`` does not match ``pattern`` as a regular expression.</doc>
<status status="PASS" start="2024-04-06T13:15:01.342706" elapsed="0.000369"/>
</kw>
<kw name="Should Match Regexp" owner="BuiltIn">
<arg>${json_data['results'][0]['picture']['large']}</arg>
<arg>^https?://.*\.(?:png|jpe?g|gif|bmp)$</arg>
<doc>Fails if ``string`` does not match ``pattern`` as a regular expression.</doc>
<status status="PASS" start="2024-04-06T13:15:01.343262" elapsed="0.000525"/>
</kw>
<kw name="Should Match Regexp" owner="BuiltIn">
<arg>${json_data['results'][0]['picture']['medium']}</arg>
<arg>^https?://.*\.(?:png|jpe?g|gif|bmp)$</arg>
<doc>Fails if ``string`` does not match ``pattern`` as a regular expression.</doc>
<status status="PASS" start="2024-04-06T13:15:01.343987" elapsed="0.000365"/>
</kw>
<kw name="Should Match Regexp" owner="BuiltIn">
<arg>${json_data['results'][0]['picture']['thumbnail']}</arg>
<arg>^https?://.*\.(?:png|jpe?g|gif|bmp)$</arg>
<doc>Fails if ``string`` does not match ``pattern`` as a regular expression.</doc>
<status status="PASS" start="2024-04-06T13:15:01.344536" elapsed="0.000347"/>
</kw>
<kw name="Log" owner="BuiltIn">
<msg time="2024-04-06T13:15:01.345381" level="INFO">{'large': 'https://randomuser.me/api/portraits/women/22.jpg', 'medium': 'https://randomuser.me/api/portraits/med/women/22.jpg', 'thumbnail': 'https://randomuser.me/api/portraits/thumb/women/22.jpg'}</msg>
<arg>${json_data['results'][0]['picture']}</arg>
<doc>Logs the given message with the given level.</doc>
<status status="PASS" start="2024-04-06T13:15:01.345061" elapsed="0.000361"/>
</kw>
<status status="PASS" start="2024-04-06T13:15:01.251718" elapsed="0.093964"/>
</kw>
<kw name="Teste de Tipos de Dados - Postcode" owner="random-user-service">
<kw name="GET On Session" owner="RequestsLibrary">
<msg time="2024-04-06T13:15:01.433638" level="INFO">GET Request : url=https://randomuser.me/api 
 path_url=/api 
 headers={'User-Agent': 'python-requests/2.31.0', 'Accept-Encoding': 'gzip, deflate', 'Accept': '*/*', 'Connection': 'keep-alive'} 
 body=None 
 </msg>
<msg time="2024-04-06T13:15:01.433712" level="INFO">GET Response : url=https://randomuser.me/api 
 status=200, reason=OK 
 headers={'Date': 'Sat, 06 Apr 2024 13:15:01 GMT', 'Content-Type': 'application/json; charset=utf-8', 'Transfer-Encoding': 'chunked', 'Connection': 'keep-alive', 'X-Powered-By': 'Express', 'Access-Control-Allow-Origin': '*', 'Cache-Control': 'no-cache', 'ETag': 'W/"495-tzKDyAFsBL1n43mQI6/12R23caI"', 'Vary': 'Accept-Encoding', 'Content-Encoding': 'gzip', 'CF-Cache-Status': 'DYNAMIC', 'Report-To': '{"endpoints":[{"url":"https:\\/\\/a.nel.cloudflare.com\\/report\\/v4?s=Dgpg9uvidh6Ju3zBXS%2BlUQdFxYHF9mB%2BE7g70jQH1O7WtFXzcI%2FFeEhNY%2BS4di2ZNOVKfcWoQyzOR7JJk8nWLZmfRVy66CONJuAmr4LnttD30Ms89GBGh3IqXhuT4KW8"}],"group":"cf-nel","max_age":604800}', 'NEL': '{"success_fraction":0,"report_to":"cf-nel","max_age":604800}', 'Server': 'cloudflare', 'CF-RAY': '87020b556e8e3b11-IAD', 'alt-svc': 'h3=":443"; ma=86400'} 
 body={"results":[{"gender":"male","name":{"title":"Mr","first":"Eetu","last":"Waara"},"location":{"street":{"number":1972,"name":"Pispalan Valtatie"},"city":"Ilomantsi","state":"Uusimaa","country":"Finland","postcode":82443,"coordinates":{"latitude":"-27.7801","longitude":"-3.4041"},"timezone":{"offset":"+10:00","description":"Eastern Australia, Guam, Vladivostok"}},"email":"eetu.waara@example.com","login":{"uuid":"3ef392ec-9462-492c-b4a3-1194a62b25fe","username":"purpleelephant198","password":"deeper","salt":"KqAiMiWE","md5":"294bc22325fe358f33be0b3fe59514bb","sha1":"d23ab8abc75dfc8d75cb380bfb1b16fecb14845b","sha256":"44eb9482e09dfbfb14f3a1542e7c87607a2d686faec80ad78c20faa38db39ff3"},"dob":{"date":"1949-08-13T05:07:23.203Z","age":74},"registered":{"date":"2014-09-17T20:05:23.484Z","age":9},"phone":"07-417-139","cell":"049-866-93-99","id":{"name":"HETU","value":"NaNNA701undefined"},"picture":{"large":"https://randomuser.me/api/portraits/men/27.jpg","medium":"https://randomuser.me/api/portraits/med/men/27.jpg","thumbnail":"https://randomuser.me/api/portraits/thumb/men/27.jpg"},"nat":"FI"}],"info":{"seed":"9da58c2ec5fdd9eb","results":1,"page":1,"version":"1.4"}} 
 </msg>
<msg time="2024-04-06T13:15:01.433786" level="INFO">/opt/hostedtoolcache/Python/3.12.2/x64/lib/python3.12/site-packages/urllib3/connectionpool.py:1103: InsecureRequestWarning: Unverified HTTPS request is being made to host 'randomuser.me'. Adding certificate verification is strongly advised. See: https://urllib3.readthedocs.io/en/latest/advanced-usage.html#tls-warnings
  warnings.warn(</msg>
<msg time="2024-04-06T13:15:01.433905" level="INFO">${response} = &lt;Response [200]&gt;</msg>
<var>${response}</var>
<arg>consultarAPI</arg>
<arg>/api</arg>
<doc>Sends a GET request on a previously created HTTP Session.</doc>
<status status="PASS" start="2024-04-06T13:15:01.346282" elapsed="0.087664"/>
</kw>
<kw name="Set Variable" owner="BuiltIn">
<msg time="2024-04-06T13:15:01.434829" level="INFO">${json_data} = {'results': [{'gender': 'male', 'name': {'title': 'Mr', 'first': 'Eetu', 'last': 'Waara'}, 'location': {'street': {'number': 1972, 'name': 'Pispalan Valtatie'}, 'city': 'Ilomantsi', 'state': 'Uusimaa'...</msg>
<var>${json_data}</var>
<arg>${response.json()}</arg>
<doc>Returns the given values which can then be assigned to a variables.</doc>
<status status="PASS" start="2024-04-06T13:15:01.434354" elapsed="0.000503"/>
</kw>
<kw name="Log" owner="BuiltIn">
<msg time="2024-04-06T13:15:01.435316" level="INFO">{'results': [{'gender': 'male', 'name': {'title': 'Mr', 'first': 'Eetu', 'last': 'Waara'}, 'location': {'street': {'number': 1972, 'name': 'Pispalan Valtatie'}, 'city': 'Ilomantsi', 'state': 'Uusimaa', 'country': 'Finland', 'postcode': 82443, 'coordinates': {'latitude': '-27.7801', 'longitude': '-3.4041'}, 'timezone': {'offset': '+10:00', 'description': 'Eastern Australia, Guam, Vladivostok'}}, 'email': 'eetu.waara@example.com', 'login': {'uuid': '3ef392ec-9462-492c-b4a3-1194a62b25fe', 'username': 'purpleelephant198', 'password': 'deeper', 'salt': 'KqAiMiWE', 'md5': '294bc22325fe358f33be0b3fe59514bb', 'sha1': 'd23ab8abc75dfc8d75cb380bfb1b16fecb14845b', 'sha256': '44eb9482e09dfbfb14f3a1542e7c87607a2d686faec80ad78c20faa38db39ff3'}, 'dob': {'date': '1949-08-13T05:07:23.203Z', 'age': 74}, 'registered': {'date': '2014-09-17T20:05:23.484Z', 'age': 9}, 'phone': '07-417-139', 'cell': '049-866-93-99', 'id': {'name': 'HETU', 'value': 'NaNNA701undefined'}, 'picture': {'large': 'https://randomuser.me/api/portraits/men/27.jpg', 'medium': 'https://randomuser.me/api/portraits/med/men/27.jpg', 'thumbnail': 'https://randomuser.me/api/portraits/thumb/men/27.jpg'}, 'nat': 'FI'}], 'info': {'seed': '9da58c2ec5fdd9eb', 'results': 1, 'page': 1, 'version': '1.4'}}</msg>
<arg>${json_data}</arg>
<doc>Logs the given message with the given level.</doc>
<status status="PASS" start="2024-04-06T13:15:01.435161" elapsed="0.000278"/>
</kw>
<kw name="Should Be Equal As Numbers" owner="BuiltIn">
<arg>${json_data['results'][0]['location']['postcode']}</arg>
<arg>${json_data['results'][0]['location']['postcode']}</arg>
<doc>Fails if objects are unequal after converting them to real numbers.</doc>
<status status="PASS" start="2024-04-06T13:15:01.435754" elapsed="0.000627"/>
</kw>
<kw name="Log" owner="BuiltIn">
<msg time="2024-04-06T13:15:01.436913" level="INFO">82443</msg>
<arg>${json_data['results'][0]['location']['postcode']}</arg>
<doc>Logs the given message with the given level.</doc>
<status status="PASS" start="2024-04-06T13:15:01.436575" elapsed="0.000378"/>
</kw>
<status status="PASS" start="2024-04-06T13:15:01.345907" elapsed="0.091299"/>
</kw>
<doc>Testa se os tipos de dados na resposta da API estão corretos.</doc>
<tag>testeTiposDados</tag>
<status status="PASS" start="2024-04-06T13:15:01.251213" elapsed="0.186165"/>
</test>
<test id="s1-s1-t5" name="Validar conteudo" line="35">
<kw name="Teste de Tipos de Conteudo" owner="random-user-service">
<kw name="GET On Session" owner="RequestsLibrary">
<msg time="2024-04-06T13:15:01.553898" level="INFO">GET Request : url=https://randomuser.me/api 
 path_url=/api 
 headers={'User-Agent': 'python-requests/2.31.0', 'Accept-Encoding': 'gzip, deflate', 'Accept': '*/*', 'Connection': 'keep-alive'} 
 body=None 
 </msg>
<msg time="2024-04-06T13:15:01.554013" level="INFO">GET Response : url=https://randomuser.me/api 
 status=200, reason=OK 
 headers={'Date': 'Sat, 06 Apr 2024 13:15:01 GMT', 'Content-Type': 'application/json; charset=utf-8', 'Transfer-Encoding': 'chunked', 'Connection': 'keep-alive', 'X-Powered-By': 'Express', 'Access-Control-Allow-Origin': '*', 'Cache-Control': 'no-cache', 'ETag': 'W/"479-c/FGwY1ub1oh5STR1r/+FTIMB+Q"', 'Vary': 'Accept-Encoding', 'Content-Encoding': 'gzip', 'CF-Cache-Status': 'DYNAMIC', 'Report-To': '{"endpoints":[{"url":"https:\\/\\/a.nel.cloudflare.com\\/report\\/v4?s=cOzXE82ltJEdtlmmzWKRjKs%2FpHrN2J9CzSXImRYSAFJs%2BjhDEIHc3Am14hEEffgqAsX3massAggbryqv5PRQpU%2BMNq3JRC9PqbtLplxzysn6Ft8SJmEPFyXoitfR5wUw"}],"group":"cf-nel","max_age":604800}', 'NEL': '{"success_fraction":0,"report_to":"cf-nel","max_age":604800}', 'Server': 'cloudflare', 'CF-RAY': '87020b560f463b11-IAD', 'alt-svc': 'h3=":443"; ma=86400'} 
 body={"results":[{"gender":"male","name":{"title":"Mr","first":"Erling","last":"Ulstein"},"location":{"street":{"number":6850,"name":"Mariboes gate"},"city":"Lofthus","state":"Aust-Agder","country":"Norway","postcode":"0675","coordinates":{"latitude":"44.0224","longitude":"-170.7600"},"timezone":{"offset":"-12:00","description":"Eniwetok, Kwajalein"}},"email":"erling.ulstein@example.com","login":{"uuid":"4e0a8718-816d-4f2b-a005-679eb77f95f4","username":"beautifulfrog447","password":"2005","salt":"HfAZ7iTy","md5":"3d33d9441224a5be00e977e47b16d602","sha1":"2ffc2008028b3c3479c2bded3d02e5a36d5d01ea","sha256":"a9aaa1f2ca257bc767d14c3c4a5cbcb02d495f4c43d54b2568d446d000bb7026"},"dob":{"date":"1970-11-04T15:10:21.753Z","age":53},"registered":{"date":"2013-12-25T15:46:18.625Z","age":10},"phone":"74496392","cell":"97463996","id":{"name":"FN","value":"04117038519"},"picture":{"large":"https://randomuser.me/api/portraits/men/92.jpg","medium":"https://randomuser.me/api/portraits/med/men/92.jpg","thumbnail":"https://randomuser.me/api/portraits/thumb/men/92.jpg"},"nat":"NO"}],"info":{"seed":"7194df50bffcf96d","results":1,"page":1,"version":"1.4"}} 
 </msg>
<msg time="2024-04-06T13:15:01.554105" level="INFO">/opt/hostedtoolcache/Python/3.12.2/x64/lib/python3.12/site-packages/urllib3/connectionpool.py:1103: InsecureRequestWarning: Unverified HTTPS request is being made to host 'randomuser.me'. Adding certificate verification is strongly advised. See: https://urllib3.readthedocs.io/en/latest/advanced-usage.html#tls-warnings
  warnings.warn(</msg>
<msg time="2024-04-06T13:15:01.554248" level="INFO">${response} = &lt;Response [200]&gt;</msg>
<var>${response}</var>
<arg>consultarAPI</arg>
<arg>/api</arg>
<doc>Sends a GET request on a previously created HTTP Session.</doc>
<status status="PASS" start="2024-04-06T13:15:01.439889" elapsed="0.114396"/>
</kw>
<kw name="Set Variable" owner="BuiltIn">
<msg time="2024-04-06T13:15:01.555747" level="INFO">${json_data} = {'results': [{'gender': 'male', 'name': {'title': 'Mr', 'first': 'Erling', 'last': 'Ulstein'}, 'location': {'street': {'number': 6850, 'name': 'Mariboes gate'}, 'city': 'Lofthus', 'state': 'Aust-Agder...</msg>
<var>${json_data}</var>
<arg>${response.json()}</arg>
<doc>Returns the given values which can then be assigned to a variables.</doc>
<status status="PASS" start="2024-04-06T13:15:01.554913" elapsed="0.000884"/>
</kw>
<kw name="Set Variable" owner="BuiltIn">
<msg time="2024-04-06T13:15:01.556919" level="INFO">${name_title} = Mr</msg>
<var>${name_title}</var>
<arg>${json_data["results"][0]["name"]["title"]}</arg>
<doc>Returns the given values which can then be assigned to a variables.</doc>
<status status="PASS" start="2024-04-06T13:15:01.556298" elapsed="0.000659"/>
</kw>
<kw name="Create List" owner="BuiltIn">
<msg time="2024-04-06T13:15:01.557614" level="INFO">${allowed_titles} = ['Mr', 'Ms', 'Miss', 'Mrs', 'Madame', 'Monsieur']</msg>
<var>${allowed_titles}</var>
<arg>Mr</arg>
<arg>Ms</arg>
<arg>Miss</arg>
<arg>Mrs</arg>
<arg>Madame</arg>
<arg>Monsieur</arg>
<doc>Returns a list containing given items.</doc>
<status status="PASS" start="2024-04-06T13:15:01.557385" elapsed="0.000268"/>
</kw>
<kw name="List Should Contain Value" owner="Collections">
<msg time="2024-04-06T13:15:01.558353" level="INFO">False</msg>
<arg>${allowed_titles}</arg>
<arg>${name_title}</arg>
<doc>Fails if the ``value`` is not found from ``list``.</doc>
<status status="PASS" start="2024-04-06T13:15:01.558097" elapsed="0.000313"/>
</kw>
<kw name="Set Variable" owner="BuiltIn">
<msg time="2024-04-06T13:15:01.559452" level="INFO">${name_country} = NO</msg>
<var>${name_country}</var>
<arg>${json_data["results"][0]["nat"]}</arg>
<doc>Returns the given values which can then be assigned to a variables.</doc>
<status status="PASS" start="2024-04-06T13:15:01.558839" elapsed="0.000652"/>
</kw>
<kw name="Create List" owner="BuiltIn">
<msg time="2024-04-06T13:15:01.561120" level="INFO">${list_country} = ['AD', 'AE', 'AF', 'AG', 'AI', 'AL', 'AM', 'AO', 'AQ', 'AR', 'AS', 'AT', 'AU', 'AW', 'AX', 'AZ', 'BA', 'BB', 'BD', 'BE', 'BF', 'BG', 'BH', 'BI', 'BJ', 'BL', 'BM', 'BN', 'BO', 'BQ', 'BR', 'BS', 'BT', '...</msg>
<var>${list_country}</var>
<arg>AD</arg>
<arg>AE</arg>
<arg>AF</arg>
<arg>AG</arg>
<arg>AI</arg>
<arg>AL</arg>
<arg>AM</arg>
<arg>AO</arg>
<arg>AQ</arg>
<arg>AR</arg>
<arg>AS</arg>
<arg>AT</arg>
<arg>AU</arg>
<arg>AW</arg>
<arg>AX</arg>
<arg>AZ</arg>
<arg>BA</arg>
<arg>BB</arg>
<arg>BD</arg>
<arg>BE</arg>
<arg>BF</arg>
<arg>BG</arg>
<arg>BH</arg>
<arg>BI</arg>
<arg>BJ</arg>
<arg>BL</arg>
<arg>BM</arg>
<arg>BN</arg>
<arg>BO</arg>
<arg>BQ</arg>
<arg>BR</arg>
<arg>BS</arg>
<arg>BT</arg>
<arg>BV</arg>
<arg>BW</arg>
<arg>BY</arg>
<arg>BZ</arg>
<arg>CA</arg>
<arg>CC</arg>
<arg>CD</arg>
<arg>CF</arg>
<arg>CG</arg>
<arg>CH</arg>
<arg>CI</arg>
<arg>CK</arg>
<arg>CL</arg>
<arg>CM</arg>
<arg>CN</arg>
<arg>CO</arg>
<arg>CR</arg>
<arg>CU</arg>
<arg>CV</arg>
<arg>CW</arg>
<arg>CX</arg>
<arg>CY</arg>
<arg>CZ</arg>
<arg>DE</arg>
<arg>DJ</arg>
<arg>DK</arg>
<arg>DM</arg>
<arg>DO</arg>
<arg>DZ</arg>
<arg>EC</arg>
<arg>EE</arg>
<arg>EG</arg>
<arg>EH</arg>
<arg>ER</arg>
<arg>ES</arg>
<arg>ET</arg>
<arg>FI</arg>
<arg>FJ</arg>
<arg>FK</arg>
<arg>FM</arg>
<arg>FO</arg>
<arg>FR</arg>
<arg>GA</arg>
<arg>GB</arg>
<arg>GD</arg>
<arg>GE</arg>
<arg>GF</arg>
<arg>GG</arg>
<arg>GH</arg>
<arg>GI</arg>
<arg>GL</arg>
<arg>GM</arg>
<arg>GN</arg>
<arg>GP</arg>
<arg>GQ</arg>
<arg>GR</arg>
<arg>GS</arg>
<arg>GT</arg>
<arg>GU</arg>
<arg>GW</arg>
<arg>GY</arg>
<arg>HK</arg>
<arg>HM</arg>
<arg>HN</arg>
<arg>HR</arg>
<arg>HT</arg>
<arg>HU</arg>
<arg>ID</arg>
<arg>IE</arg>
<arg>IL</arg>
<arg>IM</arg>
<arg>IN</arg>
<arg>IO</arg>
<arg>IQ</arg>
<arg>IR</arg>
<arg>IS</arg>
<arg>IT</arg>
<arg>JE</arg>
<arg>JM</arg>
<arg>JO</arg>
<arg>JP</arg>
<arg>KE</arg>
<arg>KG</arg>
<arg>KH</arg>
<arg>KI</arg>
<arg>KM</arg>
<arg>KN</arg>
<arg>KP</arg>
<arg>KR</arg>
<arg>KW</arg>
<arg>KY</arg>
<arg>KZ</arg>
<arg>LA</arg>
<arg>LB</arg>
<arg>LC</arg>
<arg>LI</arg>
<arg>LK</arg>
<arg>LR</arg>
<arg>LS</arg>
<arg>LT</arg>
<arg>LU</arg>
<arg>LV</arg>
<arg>LY</arg>
<arg>MA</arg>
<arg>MC</arg>
<arg>MD</arg>
<arg>ME</arg>
<arg>MF</arg>
<arg>MG</arg>
<arg>MH</arg>
<arg>MK</arg>
<arg>ML</arg>
<arg>MM</arg>
<arg>MN</arg>
<arg>MO</arg>
<arg>MP</arg>
<arg>MQ</arg>
<arg>MR</arg>
<arg>MS</arg>
<arg>MT</arg>
<arg>MU</arg>
<arg>MV</arg>
<arg>MW</arg>
<arg>MX</arg>
<arg>MY</arg>
<arg>MZ</arg>
<arg>NA</arg>
<arg>NC</arg>
<arg>NE</arg>
<arg>NF</arg>
<arg>NG</arg>
<arg>NI</arg>
<arg>NL</arg>
<arg>NO</arg>
<arg>NP</arg>
<arg>NR</arg>
<arg>NU</arg>
<arg>NZ</arg>
<arg>OM</arg>
<arg>PA</arg>
<arg>PE</arg>
<arg>PF</arg>
<arg>PG</arg>
<arg>PH</arg>
<arg>PK</arg>
<arg>PL</arg>
<arg>PM</arg>
<arg>PN</arg>
<arg>PR</arg>
<arg>PS</arg>
<arg>PT</arg>
<arg>PW</arg>
<arg>PY</arg>
<arg>QA</arg>
<arg>RE</arg>
<arg>RO</arg>
<arg>RS</arg>
<arg>RU</arg>
<arg>RW</arg>
<arg>SA</arg>
<arg>SB</arg>
<arg>SC</arg>
<arg>SD</arg>
<arg>SE</arg>
<arg>SG</arg>
<arg>SH</arg>
<arg>SI</arg>
<arg>SJ</arg>
<arg>SK</arg>
<arg>SL</arg>
<arg>SM</arg>
<arg>SN</arg>
<arg>SO</arg>
<arg>SR</arg>
<arg>SS</arg>
<arg>ST</arg>
<arg>SV</arg>
<arg>SX</arg>
<arg>SY</arg>
<arg>SZ</arg>
<arg>TC</arg>
<arg>TD</arg>
<arg>TF</arg>
<arg>TG</arg>
<arg>TH</arg>
<arg>TJ</arg>
<arg>TK</arg>
<arg>TL</arg>
<arg>TM</arg>
<arg>TN</arg>
<arg>TO</arg>
<arg>TR</arg>
<arg>TT</arg>
<arg>TV</arg>
<arg>TW</arg>
<arg>TZ</arg>
<arg>UA</arg>
<arg>UG</arg>
<arg>UM</arg>
<arg>US</arg>
<arg>UY</arg>
<arg>UZ</arg>
<arg>VA</arg>
<arg>VC</arg>
<arg>VE</arg>
<arg>VG</arg>
<arg>VI</arg>
<arg>VN</arg>
<arg>VU</arg>
<arg>WF</arg>
<arg>WS</arg>
<arg>XK</arg>
<arg>YE</arg>
<arg>YT</arg>
<arg>ZA</arg>
<arg>ZM</arg>
<arg>ZW</arg>
<doc>Returns a list containing given items.</doc>
<status status="PASS" start="2024-04-06T13:15:01.559945" elapsed="0.001219"/>
</kw>
<kw name="List Should Contain Value" owner="Collections">
<msg time="2024-04-06T13:15:01.563126" level="INFO">False</msg>
<arg>${list_country}</arg>
<arg>${name_country}</arg>
<doc>Fails if the ``value`` is not found from ``list``.</doc>
<status status="PASS" start="2024-04-06T13:15:01.562763" elapsed="0.000430"/>
</kw>
<kw name="Run Keyword If" owner="BuiltIn">
<kw name="Should Be True" owner="BuiltIn">
<arg>${True}</arg>
<doc>Fails if the given condition is not true.</doc>
<status status="PASS" start="2024-04-06T13:15:01.564970" elapsed="0.000229"/>
</kw>
<arg>${json_data["results"][0]["location"]["coordinates"]["latitude"]} &gt;= -90 and ${json_data["results"][0]["location"]["coordinates"]["latitude"]} &lt;= 90</arg>
<arg>Should Be True</arg>
<arg>${True}</arg>
<doc>Runs the given keyword with the given arguments, if ``condition`` is true.</doc>
<status status="PASS" start="2024-04-06T13:15:01.563717" elapsed="0.001705"/>
</kw>
<kw name="Run Keyword If" owner="BuiltIn">
<kw name="Should Be True" owner="BuiltIn">
<arg>${True}</arg>
<doc>Fails if the given condition is not true.</doc>
<status status="PASS" start="2024-04-06T13:15:01.567047" elapsed="0.000238"/>
</kw>
<arg>${json_data["results"][0]["location"]["coordinates"]["longitude"]} &gt;= -180 and ${json_data["results"][0]["location"]["coordinates"]["longitude"]} &lt;= 180</arg>
<arg>Should Be True</arg>
<arg>${True}</arg>
<doc>Runs the given keyword with the given arguments, if ``condition`` is true.</doc>
<status status="PASS" start="2024-04-06T13:15:01.565764" elapsed="0.001777"/>
</kw>
<status status="PASS" start="2024-04-06T13:15:01.439658" elapsed="0.128125"/>
</kw>
<doc>Testa o conteúdo específico dos campos retornados pela API.</doc>
<tag>testeConteudo</tag>
<status status="PASS" start="2024-04-06T13:15:01.439151" elapsed="0.128927"/>
</test>
<status status="PASS" start="2024-04-06T13:15:00.621773" elapsed="0.949624"/>
</suite>
<status status="PASS" start="2024-04-06T13:15:00.607849" elapsed="0.972777"/>
</suite>
<statistics>
<total>
<stat pass="5" fail="0" skip="0">All Tests</stat>
</total>
<tag>
<stat pass="1" fail="0" skip="0">testeConteudo</stat>
<stat pass="1" fail="0" skip="0">testeEstruturaResposta</stat>
<stat pass="1" fail="0" skip="0">testeRequisicaoBasica</stat>
<stat pass="1" fail="0" skip="0">testeTiposDados</stat>
</tag>
<suite>
<stat pass="5" fail="0" skip="0" id="s1" name="Tests">Tests</stat>
<stat pass="5" fail="0" skip="0" id="s1-s1" name="Random-User-Test">Tests.Random-User-Test</stat>
</suite>
</statistics>
<errors>
</errors>
</robot>
