<?xml version="1.0" encoding="UTF-8"?>
<robot generator="Robot 7.0 (Python 3.12.3 on linux)" generated="2024-05-05T11:11:57.594308" rpa="false" schemaversion="5">
<suite id="s1" name="Tests" source="/home/runner/work/DesafioQAItauRogerioJordao/DesafioQAItauRogerioJordao/RamdonUser/tests">
<suite id="s1-s1" name="Random-User-Test" source="/home/runner/work/DesafioQAItauRogerioJordao/DesafioQAItauRogerioJordao/RamdonUser/tests/random-user-test.robot">
<test id="s1-s1-t1" name="Conectar" line="13">
<kw name="Conectar API" owner="random-user-service">
<kw name="Create Session" owner="RequestsLibrary">
<msg time="2024-05-05T11:11:57.977048" level="INFO">Creating Session using : alias=consultarAPI, url=https://randomuser.me/, headers={},                     cookies={}, auth=None, timeout=None, proxies=None, verify=False,                     debug=0 </msg>
<arg>consultarAPI</arg>
<arg>${URL}</arg>
<doc>Create Session: create a HTTP session to a server</doc>
<status status="PASS" start="2024-05-05T11:11:57.976848" elapsed="0.000385"/>
</kw>
<status status="PASS" start="2024-05-05T11:11:57.975871" elapsed="0.001722"/>
</kw>
<status status="PASS" start="2024-05-05T11:11:57.975243" elapsed="0.002541"/>
</test>
<test id="s1-s1-t2" name="Validar retorno 200 e JSON Válido" line="16">
<kw name="Teste de Requisicao Basica" owner="random-user-service">
<kw name="GET On Session" owner="RequestsLibrary">
<msg time="2024-05-05T11:11:58.045891" level="INFO">GET Request : url=https://randomuser.me/api 
 path_url=/api 
 headers={'User-Agent': 'python-requests/2.31.0', 'Accept-Encoding': 'gzip, deflate', 'Accept': '*/*', 'Connection': 'keep-alive'} 
 body=None 
 </msg>
<msg time="2024-05-05T11:11:58.046016" level="INFO">GET Response : url=https://randomuser.me/api 
 status=200, reason=OK 
 headers={'Date': 'Sun, 05 May 2024 11:11:58 GMT', 'Content-Type': 'application/json; charset=utf-8', 'Transfer-Encoding': 'chunked', 'Connection': 'keep-alive', 'X-Powered-By': 'Express', 'Access-Control-Allow-Origin': '*', 'Cache-Control': 'no-cache', 'ETag': 'W/"494-F/48AMFbeL471WlS1ls5aeJYFVw"', 'Vary': 'Accept-Encoding', 'Content-Encoding': 'gzip', 'CF-Cache-Status': 'DYNAMIC', 'Report-To': '{"endpoints":[{"url":"https:\\/\\/a.nel.cloudflare.com\\/report\\/v4?s=fGKCgqd7%2FfJCtL5jIRgP7Nhmk2jq%2FZIYcqgo6MHslZy0v0aeUtnyR4FYXnoYqe2k2ukJO3EtrzljlCjbglRjIjLwl%2BEz0vA6XS60Xp6QsIHkSiYW9lJXuDYSVoNwf%2F7J"}],"group":"cf-nel","max_age":604800}', 'NEL': '{"success_fraction":0,"report_to":"cf-nel","max_age":604800}', 'Server': 'cloudflare', 'CF-RAY': '87f04af388cc12b7-IAD', 'alt-svc': 'h3=":443"; ma=86400'} 
 body={"results":[{"gender":"male","name":{"title":"Mr","first":"Livio","last":"Leroux"},"location":{"street":{"number":5771,"name":"Rue Duquesne"},"city":"Créteil","state":"Essonne","country":"France","postcode":35916,"coordinates":{"latitude":"-18.0620","longitude":"-139.0616"},"timezone":{"offset":"+4:00","description":"Abu Dhabi, Muscat, Baku, Tbilisi"}},"email":"livio.leroux@example.com","login":{"uuid":"7999e444-f9d3-479e-82d0-3c4964278974","username":"ticklishbird289","password":"bigdawg","salt":"9MYmCJ4F","md5":"9a83555610045ea3e5a0709798aa4617","sha1":"28c54221c1e8f5e207cca22c073d053a9e4af7ec","sha256":"c096c39753011ed21fbb967de0f769b6ab2a3b9c3381c5c56ca2545d2ab3729d"},"dob":{"date":"1988-02-09T06:04:43.147Z","age":36},"registered":{"date":"2007-11-19T14:48:54.546Z","age":16},"phone":"03-21-45-54-26","cell":"06-57-43-52-04","id":{"name":"INSEE","value":"1880100156112 77"},"picture":{"large":"https://randomuser.me/api/portraits/men/57.jpg","medium":"https://randomuser.me/api/portraits/med/men/57.jpg","thumbnail":"https://randomuser.me/api/portraits/thumb/men/57.jpg"},"nat":"FR"}],"info":{"seed":"8aef163d7a551d86","results":1,"page":1,"version":"1.4"}} 
 </msg>
<msg time="2024-05-05T11:11:58.046099" level="INFO">/opt/hostedtoolcache/Python/3.12.3/x64/lib/python3.12/site-packages/urllib3/connectionpool.py:1103: InsecureRequestWarning: Unverified HTTPS request is being made to host 'randomuser.me'. Adding certificate verification is strongly advised. See: https://urllib3.readthedocs.io/en/latest/advanced-usage.html#tls-warnings
  warnings.warn(</msg>
<msg time="2024-05-05T11:11:58.046243" level="INFO">${response} = &lt;Response [200]&gt;</msg>
<var>${response}</var>
<arg>consultarAPI</arg>
<arg>/api</arg>
<doc>Sends a GET request on a previously created HTTP Session.</doc>
<status status="PASS" start="2024-05-05T11:11:57.980554" elapsed="0.065730"/>
</kw>
<kw name="Should Be Equal As Numbers" owner="BuiltIn">
<msg time="2024-05-05T11:11:58.047392" level="INFO">Argument types are:
&lt;class 'int'&gt;
&lt;class 'str'&gt;</msg>
<arg>${response.status_code}</arg>
<arg>200</arg>
<doc>Fails if objects are unequal after converting them to real numbers.</doc>
<status status="PASS" start="2024-05-05T11:11:58.046910" elapsed="0.000548"/>
</kw>
<kw name="Log" owner="BuiltIn">
<msg time="2024-05-05T11:11:58.048152" level="INFO">200</msg>
<arg>${response.status_code}</arg>
<doc>Logs the given message with the given level.</doc>
<status status="PASS" start="2024-05-05T11:11:58.047800" elapsed="0.000394"/>
</kw>
<kw name="Set Variable" owner="BuiltIn">
<msg time="2024-05-05T11:11:58.048951" level="INFO">${json_data} = {'results': [{'gender': 'male', 'name': {'title': 'Mr', 'first': 'Livio', 'last': 'Leroux'}, 'location': {'street': {'number': 5771, 'name': 'Rue Duquesne'}, 'city': 'Créteil', 'state': 'Essonne', 'co...</msg>
<var>${json_data}</var>
<arg>${response.json()}</arg>
<doc>Returns the given values which can then be assigned to a variables.</doc>
<status status="PASS" start="2024-05-05T11:11:58.048502" elapsed="0.000478"/>
</kw>
<kw name="Dictionary Should Contain Key" owner="Collections">
<msg time="2024-05-05T11:11:58.049454" level="INFO">False</msg>
<arg>${json_data}</arg>
<arg>results</arg>
<doc>Fails if ``key`` is not found from ``dictionary``.</doc>
<status status="PASS" start="2024-05-05T11:11:58.049285" elapsed="0.000209"/>
</kw>
<status status="PASS" start="2024-05-05T11:11:57.980309" elapsed="0.069442"/>
</kw>
<doc>Testa se a API responde corretamente e retorna um objeto JSON válido.</doc>
<tag>testeRequisicaoBasica</tag>
<status status="PASS" start="2024-05-05T11:11:57.979778" elapsed="0.070159"/>
</test>
<test id="s1-s1-t3" name="Validar estrutura de resposta" line="22">
<kw name="Teste de Estrutura de Resposta" owner="random-user-service">
<kw name="GET On Session" owner="RequestsLibrary">
<msg time="2024-05-05T11:11:58.173438" level="INFO">GET Request : url=https://randomuser.me/api 
 path_url=/api 
 headers={'User-Agent': 'python-requests/2.31.0', 'Accept-Encoding': 'gzip, deflate', 'Accept': '*/*', 'Connection': 'keep-alive'} 
 body=None 
 </msg>
<msg time="2024-05-05T11:11:58.173569" level="INFO">GET Response : url=https://randomuser.me/api 
 status=200, reason=OK 
 headers={'Date': 'Sun, 05 May 2024 11:11:58 GMT', 'Content-Type': 'application/json; charset=utf-8', 'Transfer-Encoding': 'chunked', 'Connection': 'keep-alive', 'X-Powered-By': 'Express', 'Access-Control-Allow-Origin': '*', 'Cache-Control': 'no-cache', 'ETag': 'W/"480-9d3e7AWmChjrjRmyd856fUzVJ1g"', 'Vary': 'Accept-Encoding', 'Content-Encoding': 'gzip', 'CF-Cache-Status': 'DYNAMIC', 'Report-To': '{"endpoints":[{"url":"https:\\/\\/a.nel.cloudflare.com\\/report\\/v4?s=mBoDXb0QZiXOA8ffqM3h8iQMmMygPbg2E2i%2FpX7e4uuFVbQM7lXXpesY7k3xGGcmydP02lHKZfXVKbA9Uac4j%2F%2BzI7VBov6eHlHznYNyVQ5DnbyuItCGMEPnvBSJr50F"}],"group":"cf-nel","max_age":604800}', 'NEL': '{"success_fraction":0,"report_to":"cf-nel","max_age":604800}', 'Server': 'cloudflare', 'CF-RAY': '87f04af3d8de12b7-IAD', 'alt-svc': 'h3=":443"; ma=86400'} 
 body={"results":[{"gender":"female","name":{"title":"Miss","first":"Munira","last":"Dyrdal"},"location":{"street":{"number":6489,"name":"Sagstuveien"},"city":"Svenevik","state":"Vest-Agder","country":"Norway","postcode":"3960","coordinates":{"latitude":"45.1420","longitude":"84.1290"},"timezone":{"offset":"+2:00","description":"Kaliningrad, South Africa"}},"email":"munira.dyrdal@example.com","login":{"uuid":"b228abcf-befe-4ce1-8282-f8e20beaca32","username":"blackzebra598","password":"looking","salt":"405X6hWj","md5":"9207237864b8b9953d8f98b23254fd80","sha1":"f07f25ab58a86b031fdb4433c929cbd905732f41","sha256":"ec763b1e7c90a6f52c746868e5178729ef5311bc99af7c95764c40347fd7f678"},"dob":{"date":"1997-06-17T08:54:30.643Z","age":26},"registered":{"date":"2005-04-28T02:09:28.629Z","age":19},"phone":"79686212","cell":"47317584","id":{"name":"FN","value":"17069705456"},"picture":{"large":"https://randomuser.me/api/portraits/women/3.jpg","medium":"https://randomuser.me/api/portraits/med/women/3.jpg","thumbnail":"https://randomuser.me/api/portraits/thumb/women/3.jpg"},"nat":"NO"}],"info":{"seed":"605b17a5b8c5c784","results":1,"page":1,"version":"1.4"}} 
 </msg>
<msg time="2024-05-05T11:11:58.173712" level="INFO">/opt/hostedtoolcache/Python/3.12.3/x64/lib/python3.12/site-packages/urllib3/connectionpool.py:1103: InsecureRequestWarning: Unverified HTTPS request is being made to host 'randomuser.me'. Adding certificate verification is strongly advised. See: https://urllib3.readthedocs.io/en/latest/advanced-usage.html#tls-warnings
  warnings.warn(</msg>
<msg time="2024-05-05T11:11:58.173872" level="INFO">${response} = &lt;Response [200]&gt;</msg>
<var>${response}</var>
<arg>consultarAPI</arg>
<arg>/api</arg>
<doc>Sends a GET request on a previously created HTTP Session.</doc>
<status status="PASS" start="2024-05-05T11:11:58.052684" elapsed="0.121235"/>
</kw>
<kw name="Set Variable" owner="BuiltIn">
<msg time="2024-05-05T11:11:58.175188" level="INFO">${json_data} = {'results': [{'gender': 'female', 'name': {'title': 'Miss', 'first': 'Munira', 'last': 'Dyrdal'}, 'location': {'street': {'number': 6489, 'name': 'Sagstuveien'}, 'city': 'Svenevik', 'state': 'Vest-Agd...</msg>
<var>${json_data}</var>
<arg>${response.json()}</arg>
<doc>Returns the given values which can then be assigned to a variables.</doc>
<status status="PASS" start="2024-05-05T11:11:58.174627" elapsed="0.000589"/>
</kw>
<kw name="Log" owner="BuiltIn">
<msg time="2024-05-05T11:11:58.175693" level="INFO">{'results': [{'gender': 'female', 'name': {'title': 'Miss', 'first': 'Munira', 'last': 'Dyrdal'}, 'location': {'street': {'number': 6489, 'name': 'Sagstuveien'}, 'city': 'Svenevik', 'state': 'Vest-Agder', 'country': 'Norway', 'postcode': '3960', 'coordinates': {'latitude': '45.1420', 'longitude': '84.1290'}, 'timezone': {'offset': '+2:00', 'description': 'Kaliningrad, South Africa'}}, 'email': 'munira.dyrdal@example.com', 'login': {'uuid': 'b228abcf-befe-4ce1-8282-f8e20beaca32', 'username': 'blackzebra598', 'password': 'looking', 'salt': '405X6hWj', 'md5': '9207237864b8b9953d8f98b23254fd80', 'sha1': 'f07f25ab58a86b031fdb4433c929cbd905732f41', 'sha256': 'ec763b1e7c90a6f52c746868e5178729ef5311bc99af7c95764c40347fd7f678'}, 'dob': {'date': '1997-06-17T08:54:30.643Z', 'age': 26}, 'registered': {'date': '2005-04-28T02:09:28.629Z', 'age': 19}, 'phone': '79686212', 'cell': '47317584', 'id': {'name': 'FN', 'value': '17069705456'}, 'picture': {'large': 'https://randomuser.me/api/portraits/women/3.jpg', 'medium': 'https://randomuser.me/api/portraits/med/women/3.jpg', 'thumbnail': 'https://randomuser.me/api/portraits/thumb/women/3.jpg'}, 'nat': 'NO'}], 'info': {'seed': '605b17a5b8c5c784', 'results': 1, 'page': 1, 'version': '1.4'}}</msg>
<arg>${json_data}</arg>
<doc>Logs the given message with the given level.</doc>
<status status="PASS" start="2024-05-05T11:11:58.175529" elapsed="0.000213"/>
</kw>
<kw name="Dictionary Should Contain Key" owner="Collections">
<msg time="2024-05-05T11:11:58.176196" level="INFO">False</msg>
<arg>${json_data}</arg>
<arg>results</arg>
<doc>Fails if ``key`` is not found from ``dictionary``.</doc>
<status status="PASS" start="2024-05-05T11:11:58.176040" elapsed="0.000193"/>
</kw>
<kw name="Should Not Be Empty" owner="BuiltIn">
<msg time="2024-05-05T11:11:58.176661" level="INFO">Length is 2.</msg>
<arg>${json_data}</arg>
<doc>Verifies that the given item is not empty.</doc>
<status status="PASS" start="2024-05-05T11:11:58.176526" elapsed="0.000173"/>
</kw>
<kw name="Create List" owner="BuiltIn">
<msg time="2024-05-05T11:11:58.177295" level="INFO">${expected_keys} = ['gender', 'name', 'location', 'email', 'login']</msg>
<var>${expected_keys}</var>
<arg>gender</arg>
<arg>name</arg>
<arg>location</arg>
<arg>email</arg>
<arg>login</arg>
<doc>Returns a list containing given items.</doc>
<status status="PASS" start="2024-05-05T11:11:58.176983" elapsed="0.000336"/>
</kw>
<for flavor="IN">
<iter>
<kw name="Dictionary Should Contain Key" owner="Collections">
<msg time="2024-05-05T11:11:58.178306" level="INFO">False</msg>
<arg>${json_data['results'][0]}</arg>
<arg>${key}</arg>
<doc>Fails if ``key`` is not found from ``dictionary``.</doc>
<status status="PASS" start="2024-05-05T11:11:58.177907" elapsed="0.000462"/>
</kw>
<kw name="Log" owner="BuiltIn">
<msg time="2024-05-05T11:11:58.179047" level="INFO">{'gender': 'female', 'name': {'title': 'Miss', 'first': 'Munira', 'last': 'Dyrdal'}, 'location': {'street': {'number': 6489, 'name': 'Sagstuveien'}, 'city': 'Svenevik', 'state': 'Vest-Agder', 'country': 'Norway', 'postcode': '3960', 'coordinates': {'latitude': '45.1420', 'longitude': '84.1290'}, 'timezone': {'offset': '+2:00', 'description': 'Kaliningrad, South Africa'}}, 'email': 'munira.dyrdal@example.com', 'login': {'uuid': 'b228abcf-befe-4ce1-8282-f8e20beaca32', 'username': 'blackzebra598', 'password': 'looking', 'salt': '405X6hWj', 'md5': '9207237864b8b9953d8f98b23254fd80', 'sha1': 'f07f25ab58a86b031fdb4433c929cbd905732f41', 'sha256': 'ec763b1e7c90a6f52c746868e5178729ef5311bc99af7c95764c40347fd7f678'}, 'dob': {'date': '1997-06-17T08:54:30.643Z', 'age': 26}, 'registered': {'date': '2005-04-28T02:09:28.629Z', 'age': 19}, 'phone': '79686212', 'cell': '47317584', 'id': {'name': 'FN', 'value': '17069705456'}, 'picture': {'large': 'https://randomuser.me/api/portraits/women/3.jpg', 'medium': 'https://randomuser.me/api/portraits/med/women/3.jpg', 'thumbnail': 'https://randomuser.me/api/portraits/thumb/women/3.jpg'}, 'nat': 'NO'}</msg>
<arg>${json_data['results'][0]}</arg>
<doc>Logs the given message with the given level.</doc>
<status status="PASS" start="2024-05-05T11:11:58.178677" elapsed="0.000417"/>
</kw>
<kw name="Log" owner="BuiltIn">
<msg time="2024-05-05T11:11:58.179519" level="INFO">gender</msg>
<arg>${key}</arg>
<doc>Logs the given message with the given level.</doc>
<status status="PASS" start="2024-05-05T11:11:58.179393" elapsed="0.000163"/>
</kw>
<var name="${key}">gender</var>
<status status="PASS" start="2024-05-05T11:11:58.177781" elapsed="0.001988"/>
</iter>
<iter>
<kw name="Dictionary Should Contain Key" owner="Collections">
<msg time="2024-05-05T11:11:58.180458" level="INFO">False</msg>
<arg>${json_data['results'][0]}</arg>
<arg>${key}</arg>
<doc>Fails if ``key`` is not found from ``dictionary``.</doc>
<status status="PASS" start="2024-05-05T11:11:58.180069" elapsed="0.000426"/>
</kw>
<kw name="Log" owner="BuiltIn">
<msg time="2024-05-05T11:11:58.181174" level="INFO">{'gender': 'female', 'name': {'title': 'Miss', 'first': 'Munira', 'last': 'Dyrdal'}, 'location': {'street': {'number': 6489, 'name': 'Sagstuveien'}, 'city': 'Svenevik', 'state': 'Vest-Agder', 'country': 'Norway', 'postcode': '3960', 'coordinates': {'latitude': '45.1420', 'longitude': '84.1290'}, 'timezone': {'offset': '+2:00', 'description': 'Kaliningrad, South Africa'}}, 'email': 'munira.dyrdal@example.com', 'login': {'uuid': 'b228abcf-befe-4ce1-8282-f8e20beaca32', 'username': 'blackzebra598', 'password': 'looking', 'salt': '405X6hWj', 'md5': '9207237864b8b9953d8f98b23254fd80', 'sha1': 'f07f25ab58a86b031fdb4433c929cbd905732f41', 'sha256': 'ec763b1e7c90a6f52c746868e5178729ef5311bc99af7c95764c40347fd7f678'}, 'dob': {'date': '1997-06-17T08:54:30.643Z', 'age': 26}, 'registered': {'date': '2005-04-28T02:09:28.629Z', 'age': 19}, 'phone': '79686212', 'cell': '47317584', 'id': {'name': 'FN', 'value': '17069705456'}, 'picture': {'large': 'https://randomuser.me/api/portraits/women/3.jpg', 'medium': 'https://randomuser.me/api/portraits/med/women/3.jpg', 'thumbnail': 'https://randomuser.me/api/portraits/thumb/women/3.jpg'}, 'nat': 'NO'}</msg>
<arg>${json_data['results'][0]}</arg>
<doc>Logs the given message with the given level.</doc>
<status status="PASS" start="2024-05-05T11:11:58.180816" elapsed="0.000404"/>
</kw>
<kw name="Log" owner="BuiltIn">
<msg time="2024-05-05T11:11:58.181642" level="INFO">name</msg>
<arg>${key}</arg>
<doc>Logs the given message with the given level.</doc>
<status status="PASS" start="2024-05-05T11:11:58.181517" elapsed="0.000161"/>
</kw>
<var name="${key}">name</var>
<status status="PASS" start="2024-05-05T11:11:58.179956" elapsed="0.001932"/>
</iter>
<iter>
<kw name="Dictionary Should Contain Key" owner="Collections">
<msg time="2024-05-05T11:11:58.182596" level="INFO">False</msg>
<arg>${json_data['results'][0]}</arg>
<arg>${key}</arg>
<doc>Fails if ``key`` is not found from ``dictionary``.</doc>
<status status="PASS" start="2024-05-05T11:11:58.182176" elapsed="0.000456"/>
</kw>
<kw name="Log" owner="BuiltIn">
<msg time="2024-05-05T11:11:58.183310" level="INFO">{'gender': 'female', 'name': {'title': 'Miss', 'first': 'Munira', 'last': 'Dyrdal'}, 'location': {'street': {'number': 6489, 'name': 'Sagstuveien'}, 'city': 'Svenevik', 'state': 'Vest-Agder', 'country': 'Norway', 'postcode': '3960', 'coordinates': {'latitude': '45.1420', 'longitude': '84.1290'}, 'timezone': {'offset': '+2:00', 'description': 'Kaliningrad, South Africa'}}, 'email': 'munira.dyrdal@example.com', 'login': {'uuid': 'b228abcf-befe-4ce1-8282-f8e20beaca32', 'username': 'blackzebra598', 'password': 'looking', 'salt': '405X6hWj', 'md5': '9207237864b8b9953d8f98b23254fd80', 'sha1': 'f07f25ab58a86b031fdb4433c929cbd905732f41', 'sha256': 'ec763b1e7c90a6f52c746868e5178729ef5311bc99af7c95764c40347fd7f678'}, 'dob': {'date': '1997-06-17T08:54:30.643Z', 'age': 26}, 'registered': {'date': '2005-04-28T02:09:28.629Z', 'age': 19}, 'phone': '79686212', 'cell': '47317584', 'id': {'name': 'FN', 'value': '17069705456'}, 'picture': {'large': 'https://randomuser.me/api/portraits/women/3.jpg', 'medium': 'https://randomuser.me/api/portraits/med/women/3.jpg', 'thumbnail': 'https://randomuser.me/api/portraits/thumb/women/3.jpg'}, 'nat': 'NO'}</msg>
<arg>${json_data['results'][0]}</arg>
<doc>Logs the given message with the given level.</doc>
<status status="PASS" start="2024-05-05T11:11:58.182935" elapsed="0.000422"/>
</kw>
<kw name="Log" owner="BuiltIn">
<msg time="2024-05-05T11:11:58.183772" level="INFO">location</msg>
<arg>${key}</arg>
<doc>Logs the given message with the given level.</doc>
<status status="PASS" start="2024-05-05T11:11:58.183649" elapsed="0.000160"/>
</kw>
<var name="${key}">location</var>
<status status="PASS" start="2024-05-05T11:11:58.182064" elapsed="0.001957"/>
</iter>
<iter>
<kw name="Dictionary Should Contain Key" owner="Collections">
<msg time="2024-05-05T11:11:58.184684" level="INFO">False</msg>
<arg>${json_data['results'][0]}</arg>
<arg>${key}</arg>
<doc>Fails if ``key`` is not found from ``dictionary``.</doc>
<status status="PASS" start="2024-05-05T11:11:58.184303" elapsed="0.000418"/>
</kw>
<kw name="Log" owner="BuiltIn">
<msg time="2024-05-05T11:11:58.185389" level="INFO">{'gender': 'female', 'name': {'title': 'Miss', 'first': 'Munira', 'last': 'Dyrdal'}, 'location': {'street': {'number': 6489, 'name': 'Sagstuveien'}, 'city': 'Svenevik', 'state': 'Vest-Agder', 'country': 'Norway', 'postcode': '3960', 'coordinates': {'latitude': '45.1420', 'longitude': '84.1290'}, 'timezone': {'offset': '+2:00', 'description': 'Kaliningrad, South Africa'}}, 'email': 'munira.dyrdal@example.com', 'login': {'uuid': 'b228abcf-befe-4ce1-8282-f8e20beaca32', 'username': 'blackzebra598', 'password': 'looking', 'salt': '405X6hWj', 'md5': '9207237864b8b9953d8f98b23254fd80', 'sha1': 'f07f25ab58a86b031fdb4433c929cbd905732f41', 'sha256': 'ec763b1e7c90a6f52c746868e5178729ef5311bc99af7c95764c40347fd7f678'}, 'dob': {'date': '1997-06-17T08:54:30.643Z', 'age': 26}, 'registered': {'date': '2005-04-28T02:09:28.629Z', 'age': 19}, 'phone': '79686212', 'cell': '47317584', 'id': {'name': 'FN', 'value': '17069705456'}, 'picture': {'large': 'https://randomuser.me/api/portraits/women/3.jpg', 'medium': 'https://randomuser.me/api/portraits/med/women/3.jpg', 'thumbnail': 'https://randomuser.me/api/portraits/thumb/women/3.jpg'}, 'nat': 'NO'}</msg>
<arg>${json_data['results'][0]}</arg>
<doc>Logs the given message with the given level.</doc>
<status status="PASS" start="2024-05-05T11:11:58.185022" elapsed="0.000413"/>
</kw>
<kw name="Log" owner="BuiltIn">
<msg time="2024-05-05T11:11:58.185853" level="INFO">email</msg>
<arg>${key}</arg>
<doc>Logs the given message with the given level.</doc>
<status status="PASS" start="2024-05-05T11:11:58.185728" elapsed="0.000162"/>
</kw>
<var name="${key}">email</var>
<status status="PASS" start="2024-05-05T11:11:58.184193" elapsed="0.001906"/>
</iter>
<iter>
<kw name="Dictionary Should Contain Key" owner="Collections">
<msg time="2024-05-05T11:11:58.186806" level="INFO">False</msg>
<arg>${json_data['results'][0]}</arg>
<arg>${key}</arg>
<doc>Fails if ``key`` is not found from ``dictionary``.</doc>
<status status="PASS" start="2024-05-05T11:11:58.186413" elapsed="0.000430"/>
</kw>
<kw name="Log" owner="BuiltIn">
<msg time="2024-05-05T11:11:58.187504" level="INFO">{'gender': 'female', 'name': {'title': 'Miss', 'first': 'Munira', 'last': 'Dyrdal'}, 'location': {'street': {'number': 6489, 'name': 'Sagstuveien'}, 'city': 'Svenevik', 'state': 'Vest-Agder', 'country': 'Norway', 'postcode': '3960', 'coordinates': {'latitude': '45.1420', 'longitude': '84.1290'}, 'timezone': {'offset': '+2:00', 'description': 'Kaliningrad, South Africa'}}, 'email': 'munira.dyrdal@example.com', 'login': {'uuid': 'b228abcf-befe-4ce1-8282-f8e20beaca32', 'username': 'blackzebra598', 'password': 'looking', 'salt': '405X6hWj', 'md5': '9207237864b8b9953d8f98b23254fd80', 'sha1': 'f07f25ab58a86b031fdb4433c929cbd905732f41', 'sha256': 'ec763b1e7c90a6f52c746868e5178729ef5311bc99af7c95764c40347fd7f678'}, 'dob': {'date': '1997-06-17T08:54:30.643Z', 'age': 26}, 'registered': {'date': '2005-04-28T02:09:28.629Z', 'age': 19}, 'phone': '79686212', 'cell': '47317584', 'id': {'name': 'FN', 'value': '17069705456'}, 'picture': {'large': 'https://randomuser.me/api/portraits/women/3.jpg', 'medium': 'https://randomuser.me/api/portraits/med/women/3.jpg', 'thumbnail': 'https://randomuser.me/api/portraits/thumb/women/3.jpg'}, 'nat': 'NO'}</msg>
<arg>${json_data['results'][0]}</arg>
<doc>Logs the given message with the given level.</doc>
<status status="PASS" start="2024-05-05T11:11:58.187138" elapsed="0.000412"/>
</kw>
<kw name="Log" owner="BuiltIn">
<msg time="2024-05-05T11:11:58.187973" level="INFO">login</msg>
<arg>${key}</arg>
<doc>Logs the given message with the given level.</doc>
<status status="PASS" start="2024-05-05T11:11:58.187849" elapsed="0.000161"/>
</kw>
<var name="${key}">login</var>
<status status="PASS" start="2024-05-05T11:11:58.186271" elapsed="0.001951"/>
</iter>
<var>${key}</var>
<value>@{expected_keys}</value>
<status status="PASS" start="2024-05-05T11:11:58.177586" elapsed="0.010780"/>
</for>
<kw name="Create List" owner="BuiltIn">
<msg time="2024-05-05T11:11:58.188691" level="INFO">${expected_keysTwo} = ['username', 'password']</msg>
<var>${expected_keysTwo}</var>
<arg>username</arg>
<arg>password</arg>
<doc>Returns a list containing given items.</doc>
<status status="PASS" start="2024-05-05T11:11:58.188558" elapsed="0.000155"/>
</kw>
<for flavor="IN">
<iter>
<kw name="Dictionary Should Contain Key" owner="Collections">
<msg time="2024-05-05T11:11:58.189609" level="INFO">False</msg>
<arg>${json_data['results'][0]['login']}</arg>
<arg>${keyTwo}</arg>
<doc>Fails if ``key`` is not found from ``dictionary``.</doc>
<status status="PASS" start="2024-05-05T11:11:58.189220" elapsed="0.000426"/>
</kw>
<kw name="Dictionary Should Contain Key" owner="Collections">
<msg time="2024-05-05T11:11:58.190322" level="INFO">False</msg>
<arg>${json_data['results'][0]['login']}</arg>
<arg>${keyTwo}</arg>
<doc>Fails if ``key`` is not found from ``dictionary``.</doc>
<status status="PASS" start="2024-05-05T11:11:58.189940" elapsed="0.000453"/>
</kw>
<kw name="Log" owner="BuiltIn">
<msg time="2024-05-05T11:11:58.190825" level="INFO">username</msg>
<arg>${keyTwo}</arg>
<doc>Logs the given message with the given level.</doc>
<status status="PASS" start="2024-05-05T11:11:58.190699" elapsed="0.000168"/>
</kw>
<var name="${keyTwo}">username</var>
<status status="PASS" start="2024-05-05T11:11:58.189111" elapsed="0.001968"/>
</iter>
<iter>
<kw name="Dictionary Should Contain Key" owner="Collections">
<msg time="2024-05-05T11:11:58.191744" level="INFO">False</msg>
<arg>${json_data['results'][0]['login']}</arg>
<arg>${keyTwo}</arg>
<doc>Fails if ``key`` is not found from ``dictionary``.</doc>
<status status="PASS" start="2024-05-05T11:11:58.191358" elapsed="0.000422"/>
</kw>
<kw name="Dictionary Should Contain Key" owner="Collections">
<msg time="2024-05-05T11:11:58.192533" level="INFO">False</msg>
<arg>${json_data['results'][0]['login']}</arg>
<arg>${keyTwo}</arg>
<doc>Fails if ``key`` is not found from ``dictionary``.</doc>
<status status="PASS" start="2024-05-05T11:11:58.192072" elapsed="0.000499"/>
</kw>
<kw name="Log" owner="BuiltIn">
<msg time="2024-05-05T11:11:58.192991" level="INFO">password</msg>
<arg>${keyTwo}</arg>
<doc>Logs the given message with the given level.</doc>
<status status="PASS" start="2024-05-05T11:11:58.192865" elapsed="0.000163"/>
</kw>
<var name="${keyTwo}">password</var>
<status status="PASS" start="2024-05-05T11:11:58.191248" elapsed="0.001991"/>
</iter>
<var>${keyTwo}</var>
<value>@{expected_keysTwo}</value>
<status status="PASS" start="2024-05-05T11:11:58.188947" elapsed="0.004412"/>
</for>
<status status="PASS" start="2024-05-05T11:11:58.052447" elapsed="0.141050"/>
</kw>
<doc>Testa a estrutura da resposta da API.</doc>
<tag>testeEstruturaResposta</tag>
<status status="PASS" start="2024-05-05T11:11:58.051835" elapsed="0.141819"/>
</test>
<test id="s1-s1-t4" name="Validar tipos de dados" line="28">
<kw name="Teste de Tipos de Dados" owner="random-user-service">
<kw name="GET On Session" owner="RequestsLibrary">
<msg time="2024-05-05T11:11:58.252016" level="INFO">GET Request : url=https://randomuser.me/api 
 path_url=/api 
 headers={'User-Agent': 'python-requests/2.31.0', 'Accept-Encoding': 'gzip, deflate', 'Accept': '*/*', 'Connection': 'keep-alive'} 
 body=None 
 </msg>
<msg time="2024-05-05T11:11:58.252086" level="INFO">GET Response : url=https://randomuser.me/api 
 status=200, reason=OK 
 headers={'Date': 'Sun, 05 May 2024 11:11:58 GMT', 'Content-Type': 'application/json; charset=utf-8', 'Transfer-Encoding': 'chunked', 'Connection': 'keep-alive', 'X-Powered-By': 'Express', 'Access-Control-Allow-Origin': '*', 'Cache-Control': 'no-cache', 'ETag': 'W/"485-lTUO5JmoXblGhxJZIABI9lK3Qbc"', 'Vary': 'Accept-Encoding', 'Content-Encoding': 'gzip', 'CF-Cache-Status': 'DYNAMIC', 'Report-To': '{"endpoints":[{"url":"https:\\/\\/a.nel.cloudflare.com\\/report\\/v4?s=ZkTKjp2TRBspId9Vz76eIhY1xNh1D4yNqiJFuurwzAzTXTpayZIGxmMAF4wtl9tXeLgCJZjTeK7yzw6iZBYArMbBfc%2Bt1vRnnSWQJ6TTpRlOZf%2BuO2PASLn7RSbfHQNa"}],"group":"cf-nel","max_age":604800}', 'NEL': '{"success_fraction":0,"report_to":"cf-nel","max_age":604800}', 'Server': 'cloudflare', 'CF-RAY': '87f04af4b91d12b7-IAD', 'alt-svc': 'h3=":443"; ma=86400'} 
 body={"results":[{"gender":"female","name":{"title":"Ms","first":"Janett","last":"Kowalewski"},"location":{"street":{"number":7373,"name":"Dorfstraße"},"city":"Teltow","state":"Bremen","country":"Germany","postcode":87292,"coordinates":{"latitude":"-47.4051","longitude":"5.5907"},"timezone":{"offset":"-3:30","description":"Newfoundland"}},"email":"janett.kowalewski@example.com","login":{"uuid":"77f5b3d4-d3d6-42a7-9697-1fde8b7b1d60","username":"heavybutterfly983","password":"mario","salt":"lYziOCJz","md5":"686f7de0f37cf9ecc3cc5128de3bda8e","sha1":"a46fb0d12beb145842476e54f3f1a5c16978f422","sha256":"09e4bd647a2e800c3f84549be235594c1f6a4280d3ea8d6cc824e338c32deda5"},"dob":{"date":"1993-09-26T03:41:15.380Z","age":30},"registered":{"date":"2020-03-22T12:20:23.179Z","age":4},"phone":"0747-0830405","cell":"0176-3481787","id":{"name":"SVNR","value":"11 250993 K 723"},"picture":{"large":"https://randomuser.me/api/portraits/women/53.jpg","medium":"https://randomuser.me/api/portraits/med/women/53.jpg","thumbnail":"https://randomuser.me/api/portraits/thumb/women/53.jpg"},"nat":"DE"}],"info":{"seed":"e208177159b828ab","results":1,"page":1,"version":"1.4"}} 
 </msg>
<msg time="2024-05-05T11:11:58.252144" level="INFO">/opt/hostedtoolcache/Python/3.12.3/x64/lib/python3.12/site-packages/urllib3/connectionpool.py:1103: InsecureRequestWarning: Unverified HTTPS request is being made to host 'randomuser.me'. Adding certificate verification is strongly advised. See: https://urllib3.readthedocs.io/en/latest/advanced-usage.html#tls-warnings
  warnings.warn(</msg>
<msg time="2024-05-05T11:11:58.252244" level="INFO">${response} = &lt;Response [200]&gt;</msg>
<var>${response}</var>
<arg>consultarAPI</arg>
<arg>/api</arg>
<doc>Sends a GET request on a previously created HTTP Session.</doc>
<status status="PASS" start="2024-05-05T11:11:58.196244" elapsed="0.056041"/>
</kw>
<kw name="Set Variable" owner="BuiltIn">
<msg time="2024-05-05T11:11:58.253298" level="INFO">${json_data} = {'results': [{'gender': 'female', 'name': {'title': 'Ms', 'first': 'Janett', 'last': 'Kowalewski'}, 'location': {'street': {'number': 7373, 'name': 'Dorfstraße'}, 'city': 'Teltow', 'state': 'Bremen', ...</msg>
<var>${json_data}</var>
<arg>${response.json()}</arg>
<doc>Returns the given values which can then be assigned to a variables.</doc>
<status status="PASS" start="2024-05-05T11:11:58.252741" elapsed="0.000586"/>
</kw>
<kw name="Log" owner="BuiltIn">
<msg time="2024-05-05T11:11:58.253785" level="INFO">{'results': [{'gender': 'female', 'name': {'title': 'Ms', 'first': 'Janett', 'last': 'Kowalewski'}, 'location': {'street': {'number': 7373, 'name': 'Dorfstraße'}, 'city': 'Teltow', 'state': 'Bremen', 'country': 'Germany', 'postcode': 87292, 'coordinates': {'latitude': '-47.4051', 'longitude': '5.5907'}, 'timezone': {'offset': '-3:30', 'description': 'Newfoundland'}}, 'email': 'janett.kowalewski@example.com', 'login': {'uuid': '77f5b3d4-d3d6-42a7-9697-1fde8b7b1d60', 'username': 'heavybutterfly983', 'password': 'mario', 'salt': 'lYziOCJz', 'md5': '686f7de0f37cf9ecc3cc5128de3bda8e', 'sha1': 'a46fb0d12beb145842476e54f3f1a5c16978f422', 'sha256': '09e4bd647a2e800c3f84549be235594c1f6a4280d3ea8d6cc824e338c32deda5'}, 'dob': {'date': '1993-09-26T03:41:15.380Z', 'age': 30}, 'registered': {'date': '2020-03-22T12:20:23.179Z', 'age': 4}, 'phone': '0747-0830405', 'cell': '0176-3481787', 'id': {'name': 'SVNR', 'value': '11 250993 K 723'}, 'picture': {'large': 'https://randomuser.me/api/portraits/women/53.jpg', 'medium': 'https://randomuser.me/api/portraits/med/women/53.jpg', 'thumbnail': 'https://randomuser.me/api/portraits/thumb/women/53.jpg'}, 'nat': 'DE'}], 'info': {'seed': 'e208177159b828ab', 'results': 1, 'page': 1, 'version': '1.4'}}</msg>
<arg>${json_data}</arg>
<doc>Logs the given message with the given level.</doc>
<status status="PASS" start="2024-05-05T11:11:58.253632" elapsed="0.000234"/>
</kw>
<kw name="Should Be String" owner="String">
<arg>${json_data['results'][0]['gender']}</arg>
<doc>Fails if the given ``item`` is not a string.</doc>
<status status="PASS" start="2024-05-05T11:11:58.254166" elapsed="0.000414"/>
</kw>
<kw name="Should Match Regexp" owner="BuiltIn">
<arg>${json_data['results'][0]['email']}</arg>
<arg>^[a-zA-Z0-9._%+-]+@[a-zA-Z0-9.-]+\.[a-zA-Z]{2,}$</arg>
<doc>Fails if ``string`` does not match ``pattern`` as a regular expression.</doc>
<status status="PASS" start="2024-05-05T11:11:58.254773" elapsed="0.000511"/>
</kw>
<kw name="Should Match Regexp" owner="BuiltIn">
<arg>${json_data['results'][0]['dob']['date']}</arg>
<arg>\\d{4}-\\d{2}-\\d{2}T\\d{2}:\\d{2}:\\d{2}\\.\\d{3}Z</arg>
<doc>Fails if ``string`` does not match ``pattern`` as a regular expression.</doc>
<status status="PASS" start="2024-05-05T11:11:58.255478" elapsed="0.000491"/>
</kw>
<kw name="Should Match Regexp" owner="BuiltIn">
<arg>${json_data['results'][0]['registered']['date']}</arg>
<arg>\\d{4}-\\d{2}-\\d{2}T\\d{2}:\\d{2}:\\d{2}\\.\\d{3}Z</arg>
<doc>Fails if ``string`` does not match ``pattern`` as a regular expression.</doc>
<status status="PASS" start="2024-05-05T11:11:58.256158" elapsed="0.000365"/>
</kw>
<kw name="Should Match Regexp" owner="BuiltIn">
<arg>${json_data['results'][0]['picture']['large']}</arg>
<arg>^https?://.*\.(?:png|jpe?g|gif|bmp)$</arg>
<doc>Fails if ``string`` does not match ``pattern`` as a regular expression.</doc>
<status status="PASS" start="2024-05-05T11:11:58.256706" elapsed="0.000461"/>
</kw>
<kw name="Should Match Regexp" owner="BuiltIn">
<arg>${json_data['results'][0]['picture']['medium']}</arg>
<arg>^https?://.*\.(?:png|jpe?g|gif|bmp)$</arg>
<doc>Fails if ``string`` does not match ``pattern`` as a regular expression.</doc>
<status status="PASS" start="2024-05-05T11:11:58.257351" elapsed="0.000358"/>
</kw>
<kw name="Should Match Regexp" owner="BuiltIn">
<arg>${json_data['results'][0]['picture']['thumbnail']}</arg>
<arg>^https?://.*\.(?:png|jpe?g|gif|bmp)$</arg>
<doc>Fails if ``string`` does not match ``pattern`` as a regular expression.</doc>
<status status="PASS" start="2024-05-05T11:11:58.257897" elapsed="0.000380"/>
</kw>
<kw name="Log" owner="BuiltIn">
<msg time="2024-05-05T11:11:58.258797" level="INFO">{'large': 'https://randomuser.me/api/portraits/women/53.jpg', 'medium': 'https://randomuser.me/api/portraits/med/women/53.jpg', 'thumbnail': 'https://randomuser.me/api/portraits/thumb/women/53.jpg'}</msg>
<arg>${json_data['results'][0]['picture']}</arg>
<doc>Logs the given message with the given level.</doc>
<status status="PASS" start="2024-05-05T11:11:58.258477" elapsed="0.000360"/>
</kw>
<status status="PASS" start="2024-05-05T11:11:58.196016" elapsed="0.063072"/>
</kw>
<kw name="Teste de Tipos de Dados - Postcode" owner="random-user-service">
<kw name="GET On Session" owner="RequestsLibrary">
<msg time="2024-05-05T11:11:58.354646" level="INFO">GET Request : url=https://randomuser.me/api 
 path_url=/api 
 headers={'User-Agent': 'python-requests/2.31.0', 'Accept-Encoding': 'gzip, deflate', 'Accept': '*/*', 'Connection': 'keep-alive'} 
 body=None 
 </msg>
<msg time="2024-05-05T11:11:58.354739" level="INFO">GET Response : url=https://randomuser.me/api 
 status=200, reason=OK 
 headers={'Date': 'Sun, 05 May 2024 11:11:58 GMT', 'Content-Type': 'application/json; charset=utf-8', 'Transfer-Encoding': 'chunked', 'Connection': 'keep-alive', 'X-Powered-By': 'Express', 'Access-Control-Allow-Origin': '*', 'Cache-Control': 'no-cache', 'ETag': 'W/"489-yV+lwECNkaIUP20X8pcqgf8o4IY"', 'Vary': 'Accept-Encoding', 'Content-Encoding': 'gzip', 'CF-Cache-Status': 'DYNAMIC', 'Report-To': '{"endpoints":[{"url":"https:\\/\\/a.nel.cloudflare.com\\/report\\/v4?s=CCh5Gy5vg%2Fug2WNM5HlNtcGxqkGyitnZ0PR3dSZa2vew0ys9XfNAiJOMar4GmDoXvxvSM2SawzZSgnRzR5kaMX1oLi0IH50IwjN%2F4Q7OtKbmqzbZqA3%2FlNv2oZzcDeHv"}],"group":"cf-nel","max_age":604800}', 'NEL': '{"success_fraction":0,"report_to":"cf-nel","max_age":604800}', 'Server': 'cloudflare', 'CF-RAY': '87f04af5293d12b7-IAD', 'alt-svc': 'h3=":443"; ma=86400'} 
 body={"results":[{"gender":"female","name":{"title":"Ms","first":"Eliza","last":"Adams"},"location":{"street":{"number":1809,"name":"Mill Road"},"city":"Sallins","state":"Cavan","country":"Ireland","postcode":73268,"coordinates":{"latitude":"2.6113","longitude":"164.2958"},"timezone":{"offset":"+11:00","description":"Magadan, Solomon Islands, New Caledonia"}},"email":"eliza.adams@example.com","login":{"uuid":"50bf26d0-ba3e-4a0d-b9ae-521fc37eefd1","username":"tinygoose243","password":"pa55word","salt":"Np6Nc2BM","md5":"0b4aa3421409382727934c896959ae21","sha1":"882737b4c1b8f73eea6eb16ed0acb9adfe3b6858","sha256":"ed8c8012e67bbf23a06ecfc34474f2cb0b58045a34b1523d12012da89573b94d"},"dob":{"date":"1951-05-22T01:07:10.696Z","age":72},"registered":{"date":"2021-10-13T16:39:12.033Z","age":2},"phone":"021-498-9813","cell":"081-515-9497","id":{"name":"PPS","value":"2683424T"},"picture":{"large":"https://randomuser.me/api/portraits/women/73.jpg","medium":"https://randomuser.me/api/portraits/med/women/73.jpg","thumbnail":"https://randomuser.me/api/portraits/thumb/women/73.jpg"},"nat":"IE"}],"info":{"seed":"f744e1c6b6481199","results":1,"page":1,"version":"1.4"}} 
 </msg>
<msg time="2024-05-05T11:11:58.354811" level="INFO">/opt/hostedtoolcache/Python/3.12.3/x64/lib/python3.12/site-packages/urllib3/connectionpool.py:1103: InsecureRequestWarning: Unverified HTTPS request is being made to host 'randomuser.me'. Adding certificate verification is strongly advised. See: https://urllib3.readthedocs.io/en/latest/advanced-usage.html#tls-warnings
  warnings.warn(</msg>
<msg time="2024-05-05T11:11:58.354951" level="INFO">${response} = &lt;Response [200]&gt;</msg>
<var>${response}</var>
<arg>consultarAPI</arg>
<arg>/api</arg>
<doc>Sends a GET request on a previously created HTTP Session.</doc>
<status status="PASS" start="2024-05-05T11:11:58.259519" elapsed="0.095481"/>
</kw>
<kw name="Set Variable" owner="BuiltIn">
<msg time="2024-05-05T11:11:58.356117" level="INFO">${json_data} = {'results': [{'gender': 'female', 'name': {'title': 'Ms', 'first': 'Eliza', 'last': 'Adams'}, 'location': {'street': {'number': 1809, 'name': 'Mill Road'}, 'city': 'Sallins', 'state': 'Cavan', 'countr...</msg>
<var>${json_data}</var>
<arg>${response.json()}</arg>
<doc>Returns the given values which can then be assigned to a variables.</doc>
<status status="PASS" start="2024-05-05T11:11:58.355563" elapsed="0.000582"/>
</kw>
<kw name="Log" owner="BuiltIn">
<msg time="2024-05-05T11:11:58.356595" level="INFO">{'results': [{'gender': 'female', 'name': {'title': 'Ms', 'first': 'Eliza', 'last': 'Adams'}, 'location': {'street': {'number': 1809, 'name': 'Mill Road'}, 'city': 'Sallins', 'state': 'Cavan', 'country': 'Ireland', 'postcode': 73268, 'coordinates': {'latitude': '2.6113', 'longitude': '164.2958'}, 'timezone': {'offset': '+11:00', 'description': 'Magadan, Solomon Islands, New Caledonia'}}, 'email': 'eliza.adams@example.com', 'login': {'uuid': '50bf26d0-ba3e-4a0d-b9ae-521fc37eefd1', 'username': 'tinygoose243', 'password': 'pa55word', 'salt': 'Np6Nc2BM', 'md5': '0b4aa3421409382727934c896959ae21', 'sha1': '882737b4c1b8f73eea6eb16ed0acb9adfe3b6858', 'sha256': 'ed8c8012e67bbf23a06ecfc34474f2cb0b58045a34b1523d12012da89573b94d'}, 'dob': {'date': '1951-05-22T01:07:10.696Z', 'age': 72}, 'registered': {'date': '2021-10-13T16:39:12.033Z', 'age': 2}, 'phone': '021-498-9813', 'cell': '081-515-9497', 'id': {'name': 'PPS', 'value': '2683424T'}, 'picture': {'large': 'https://randomuser.me/api/portraits/women/73.jpg', 'medium': 'https://randomuser.me/api/portraits/med/women/73.jpg', 'thumbnail': 'https://randomuser.me/api/portraits/thumb/women/73.jpg'}, 'nat': 'IE'}], 'info': {'seed': 'f744e1c6b6481199', 'results': 1, 'page': 1, 'version': '1.4'}}</msg>
<arg>${json_data}</arg>
<doc>Logs the given message with the given level.</doc>
<status status="PASS" start="2024-05-05T11:11:58.356446" elapsed="0.000231"/>
</kw>
<kw name="Should Be Equal As Numbers" owner="BuiltIn">
<arg>${json_data['results'][0]['location']['postcode']}</arg>
<arg>${json_data['results'][0]['location']['postcode']}</arg>
<doc>Fails if objects are unequal after converting them to real numbers.</doc>
<status status="PASS" start="2024-05-05T11:11:58.356975" elapsed="0.000787"/>
</kw>
<kw name="Log" owner="BuiltIn">
<msg time="2024-05-05T11:11:58.358295" level="INFO">73268</msg>
<arg>${json_data['results'][0]['location']['postcode']}</arg>
<doc>Logs the given message with the given level.</doc>
<status status="PASS" start="2024-05-05T11:11:58.357953" elapsed="0.000381"/>
</kw>
<status status="PASS" start="2024-05-05T11:11:58.259303" elapsed="0.099332"/>
</kw>
<doc>Testa se os tipos de dados na resposta da API estão corretos.</doc>
<tag>testeTiposDados</tag>
<status status="PASS" start="2024-05-05T11:11:58.195479" elapsed="0.163320"/>
</test>
<test id="s1-s1-t5" name="Validar conteudo" line="35">
<kw name="Teste de Tipos de Conteudo" owner="random-user-service">
<kw name="GET On Session" owner="RequestsLibrary">
<msg time="2024-05-05T11:11:58.448444" level="INFO">GET Request : url=https://randomuser.me/api 
 path_url=/api 
 headers={'User-Agent': 'python-requests/2.31.0', 'Accept-Encoding': 'gzip, deflate', 'Accept': '*/*', 'Connection': 'keep-alive'} 
 body=None 
 </msg>
<msg time="2024-05-05T11:11:58.448526" level="INFO">GET Response : url=https://randomuser.me/api 
 status=200, reason=OK 
 headers={'Date': 'Sun, 05 May 2024 11:11:58 GMT', 'Content-Type': 'application/json; charset=utf-8', 'Transfer-Encoding': 'chunked', 'Connection': 'keep-alive', 'X-Powered-By': 'Express', 'Access-Control-Allow-Origin': '*', 'Cache-Control': 'no-cache', 'ETag': 'W/"4ac-RXUh+PErEPO/XcEerPUshZfYMRM"', 'Vary': 'Accept-Encoding', 'Content-Encoding': 'gzip', 'CF-Cache-Status': 'DYNAMIC', 'Report-To': '{"endpoints":[{"url":"https:\\/\\/a.nel.cloudflare.com\\/report\\/v4?s=8VucJmWA%2FnuQIcU7As5mjlw95k9Il3%2BK0yAVXXaekuTkY9UfyYZ50btfeisylBEC3X6EogWquLq8OXXFmBJpBVKKqfRZ4vXCJ5k1A2W387MLc3qWZzZfafKiOf1AHCf1"}],"group":"cf-nel","max_age":604800}', 'NEL': '{"success_fraction":0,"report_to":"cf-nel","max_age":604800}', 'Server': 'cloudflare', 'CF-RAY': '87f04af5c97912b7-IAD', 'alt-svc': 'h3=":443"; ma=86400'} 
 body={"results":[{"gender":"female","name":{"title":"Ms","first":"Lilly","last":"Garcia"},"location":{"street":{"number":5849,"name":"Rue de L'Abbé-De-L'Épée"},"city":"Toulouse","state":"Corse-du-Sud","country":"France","postcode":87851,"coordinates":{"latitude":"-17.8777","longitude":"64.3421"},"timezone":{"offset":"-3:00","description":"Brazil, Buenos Aires, Georgetown"}},"email":"lilly.garcia@example.com","login":{"uuid":"85b598e3-d8cb-4fdc-9e49-44d04a7058f6","username":"organicfish362","password":"donovan","salt":"HVS72Uh4","md5":"04eaa862a81766a0db21bcbc646f2c28","sha1":"1a5218a803a97f22f8a4b30755e91420ac42746c","sha256":"3992ecaeaccfe18f3458180154d73e0de557c25a386d297d2e8a9f2a6a4a956a"},"dob":{"date":"1991-07-07T23:23:15.409Z","age":32},"registered":{"date":"2002-03-28T06:00:32.770Z","age":22},"phone":"04-40-35-94-30","cell":"06-77-47-55-83","id":{"name":"INSEE","value":"2910600161848 44"},"picture":{"large":"https://randomuser.me/api/portraits/women/26.jpg","medium":"https://randomuser.me/api/portraits/med/women/26.jpg","thumbnail":"https://randomuser.me/api/portraits/thumb/women/26.jpg"},"nat":"FR"}],"info":{"seed":"1f245e37463f2dd0","results":1,"page":1,"version":"1.4"}} 
 </msg>
<msg time="2024-05-05T11:11:58.448600" level="INFO">/opt/hostedtoolcache/Python/3.12.3/x64/lib/python3.12/site-packages/urllib3/connectionpool.py:1103: InsecureRequestWarning: Unverified HTTPS request is being made to host 'randomuser.me'. Adding certificate verification is strongly advised. See: https://urllib3.readthedocs.io/en/latest/advanced-usage.html#tls-warnings
  warnings.warn(</msg>
<msg time="2024-05-05T11:11:58.448727" level="INFO">${response} = &lt;Response [200]&gt;</msg>
<var>${response}</var>
<arg>consultarAPI</arg>
<arg>/api</arg>
<doc>Sends a GET request on a previously created HTTP Session.</doc>
<status status="PASS" start="2024-05-05T11:11:58.361351" elapsed="0.087425"/>
</kw>
<kw name="Set Variable" owner="BuiltIn">
<msg time="2024-05-05T11:11:58.449887" level="INFO">${json_data} = {'results': [{'gender': 'female', 'name': {'title': 'Ms', 'first': 'Lilly', 'last': 'Garcia'}, 'location': {'street': {'number': 5849, 'name': "Rue de L'Abbé-De-L'Épée"}, 'city': 'Toulouse', 'state': ...</msg>
<var>${json_data}</var>
<arg>${response.json()}</arg>
<doc>Returns the given values which can then be assigned to a variables.</doc>
<status status="PASS" start="2024-05-05T11:11:58.449329" elapsed="0.000588"/>
</kw>
<kw name="Set Variable" owner="BuiltIn">
<msg time="2024-05-05T11:11:58.450658" level="INFO">${name_title} = Ms</msg>
<var>${name_title}</var>
<arg>${json_data["results"][0]["name"]["title"]}</arg>
<doc>Returns the given values which can then be assigned to a variables.</doc>
<status status="PASS" start="2024-05-05T11:11:58.450229" elapsed="0.000454"/>
</kw>
<kw name="Create List" owner="BuiltIn">
<msg time="2024-05-05T11:11:58.451138" level="INFO">${allowed_titles} = ['Mr', 'Ms', 'Miss', 'Mrs', 'Madame', 'Monsieur']</msg>
<var>${allowed_titles}</var>
<arg>Mr</arg>
<arg>Ms</arg>
<arg>Miss</arg>
<arg>Mrs</arg>
<arg>Madame</arg>
<arg>Monsieur</arg>
<doc>Returns a list containing given items.</doc>
<status status="PASS" start="2024-05-05T11:11:58.450988" elapsed="0.000174"/>
</kw>
<kw name="List Should Contain Value" owner="Collections">
<msg time="2024-05-05T11:11:58.451629" level="INFO">False</msg>
<arg>${allowed_titles}</arg>
<arg>${name_title}</arg>
<doc>Fails if the ``value`` is not found from ``list``.</doc>
<status status="PASS" start="2024-05-05T11:11:58.451457" elapsed="0.000208"/>
</kw>
<kw name="Set Variable" owner="BuiltIn">
<msg time="2024-05-05T11:11:58.452329" level="INFO">${name_country} = FR</msg>
<var>${name_country}</var>
<arg>${json_data["results"][0]["nat"]}</arg>
<doc>Returns the given values which can then be assigned to a variables.</doc>
<status status="PASS" start="2024-05-05T11:11:58.451953" elapsed="0.000401"/>
</kw>
<kw name="Create List" owner="BuiltIn">
<msg time="2024-05-05T11:11:58.453234" level="INFO">${list_country} = ['AD', 'AE', 'AF', 'AG', 'AI', 'AL', 'AM', 'AO', 'AQ', 'AR', 'AS', 'AT', 'AU', 'AW', 'AX', 'AZ', 'BA', 'BB', 'BD', 'BE', 'BF', 'BG', 'BH', 'BI', 'BJ', 'BL', 'BM', 'BN', 'BO', 'BQ', 'BR', 'BS', 'BT', '...</msg>
<var>${list_country}</var>
<arg>AD</arg>
<arg>AE</arg>
<arg>AF</arg>
<arg>AG</arg>
<arg>AI</arg>
<arg>AL</arg>
<arg>AM</arg>
<arg>AO</arg>
<arg>AQ</arg>
<arg>AR</arg>
<arg>AS</arg>
<arg>AT</arg>
<arg>AU</arg>
<arg>AW</arg>
<arg>AX</arg>
<arg>AZ</arg>
<arg>BA</arg>
<arg>BB</arg>
<arg>BD</arg>
<arg>BE</arg>
<arg>BF</arg>
<arg>BG</arg>
<arg>BH</arg>
<arg>BI</arg>
<arg>BJ</arg>
<arg>BL</arg>
<arg>BM</arg>
<arg>BN</arg>
<arg>BO</arg>
<arg>BQ</arg>
<arg>BR</arg>
<arg>BS</arg>
<arg>BT</arg>
<arg>BV</arg>
<arg>BW</arg>
<arg>BY</arg>
<arg>BZ</arg>
<arg>CA</arg>
<arg>CC</arg>
<arg>CD</arg>
<arg>CF</arg>
<arg>CG</arg>
<arg>CH</arg>
<arg>CI</arg>
<arg>CK</arg>
<arg>CL</arg>
<arg>CM</arg>
<arg>CN</arg>
<arg>CO</arg>
<arg>CR</arg>
<arg>CU</arg>
<arg>CV</arg>
<arg>CW</arg>
<arg>CX</arg>
<arg>CY</arg>
<arg>CZ</arg>
<arg>DE</arg>
<arg>DJ</arg>
<arg>DK</arg>
<arg>DM</arg>
<arg>DO</arg>
<arg>DZ</arg>
<arg>EC</arg>
<arg>EE</arg>
<arg>EG</arg>
<arg>EH</arg>
<arg>ER</arg>
<arg>ES</arg>
<arg>ET</arg>
<arg>FI</arg>
<arg>FJ</arg>
<arg>FK</arg>
<arg>FM</arg>
<arg>FO</arg>
<arg>FR</arg>
<arg>GA</arg>
<arg>GB</arg>
<arg>GD</arg>
<arg>GE</arg>
<arg>GF</arg>
<arg>GG</arg>
<arg>GH</arg>
<arg>GI</arg>
<arg>GL</arg>
<arg>GM</arg>
<arg>GN</arg>
<arg>GP</arg>
<arg>GQ</arg>
<arg>GR</arg>
<arg>GS</arg>
<arg>GT</arg>
<arg>GU</arg>
<arg>GW</arg>
<arg>GY</arg>
<arg>HK</arg>
<arg>HM</arg>
<arg>HN</arg>
<arg>HR</arg>
<arg>HT</arg>
<arg>HU</arg>
<arg>ID</arg>
<arg>IE</arg>
<arg>IL</arg>
<arg>IM</arg>
<arg>IN</arg>
<arg>IO</arg>
<arg>IQ</arg>
<arg>IR</arg>
<arg>IS</arg>
<arg>IT</arg>
<arg>JE</arg>
<arg>JM</arg>
<arg>JO</arg>
<arg>JP</arg>
<arg>KE</arg>
<arg>KG</arg>
<arg>KH</arg>
<arg>KI</arg>
<arg>KM</arg>
<arg>KN</arg>
<arg>KP</arg>
<arg>KR</arg>
<arg>KW</arg>
<arg>KY</arg>
<arg>KZ</arg>
<arg>LA</arg>
<arg>LB</arg>
<arg>LC</arg>
<arg>LI</arg>
<arg>LK</arg>
<arg>LR</arg>
<arg>LS</arg>
<arg>LT</arg>
<arg>LU</arg>
<arg>LV</arg>
<arg>LY</arg>
<arg>MA</arg>
<arg>MC</arg>
<arg>MD</arg>
<arg>ME</arg>
<arg>MF</arg>
<arg>MG</arg>
<arg>MH</arg>
<arg>MK</arg>
<arg>ML</arg>
<arg>MM</arg>
<arg>MN</arg>
<arg>MO</arg>
<arg>MP</arg>
<arg>MQ</arg>
<arg>MR</arg>
<arg>MS</arg>
<arg>MT</arg>
<arg>MU</arg>
<arg>MV</arg>
<arg>MW</arg>
<arg>MX</arg>
<arg>MY</arg>
<arg>MZ</arg>
<arg>NA</arg>
<arg>NC</arg>
<arg>NE</arg>
<arg>NF</arg>
<arg>NG</arg>
<arg>NI</arg>
<arg>NL</arg>
<arg>NO</arg>
<arg>NP</arg>
<arg>NR</arg>
<arg>NU</arg>
<arg>NZ</arg>
<arg>OM</arg>
<arg>PA</arg>
<arg>PE</arg>
<arg>PF</arg>
<arg>PG</arg>
<arg>PH</arg>
<arg>PK</arg>
<arg>PL</arg>
<arg>PM</arg>
<arg>PN</arg>
<arg>PR</arg>
<arg>PS</arg>
<arg>PT</arg>
<arg>PW</arg>
<arg>PY</arg>
<arg>QA</arg>
<arg>RE</arg>
<arg>RO</arg>
<arg>RS</arg>
<arg>RU</arg>
<arg>RW</arg>
<arg>SA</arg>
<arg>SB</arg>
<arg>SC</arg>
<arg>SD</arg>
<arg>SE</arg>
<arg>SG</arg>
<arg>SH</arg>
<arg>SI</arg>
<arg>SJ</arg>
<arg>SK</arg>
<arg>SL</arg>
<arg>SM</arg>
<arg>SN</arg>
<arg>SO</arg>
<arg>SR</arg>
<arg>SS</arg>
<arg>ST</arg>
<arg>SV</arg>
<arg>SX</arg>
<arg>SY</arg>
<arg>SZ</arg>
<arg>TC</arg>
<arg>TD</arg>
<arg>TF</arg>
<arg>TG</arg>
<arg>TH</arg>
<arg>TJ</arg>
<arg>TK</arg>
<arg>TL</arg>
<arg>TM</arg>
<arg>TN</arg>
<arg>TO</arg>
<arg>TR</arg>
<arg>TT</arg>
<arg>TV</arg>
<arg>TW</arg>
<arg>TZ</arg>
<arg>UA</arg>
<arg>UG</arg>
<arg>UM</arg>
<arg>US</arg>
<arg>UY</arg>
<arg>UZ</arg>
<arg>VA</arg>
<arg>VC</arg>
<arg>VE</arg>
<arg>VG</arg>
<arg>VI</arg>
<arg>VN</arg>
<arg>VU</arg>
<arg>WF</arg>
<arg>WS</arg>
<arg>XK</arg>
<arg>YE</arg>
<arg>YT</arg>
<arg>ZA</arg>
<arg>ZM</arg>
<arg>ZW</arg>
<doc>Returns a list containing given items.</doc>
<status status="PASS" start="2024-05-05T11:11:58.452653" elapsed="0.000606"/>
</kw>
<kw name="List Should Contain Value" owner="Collections">
<msg time="2024-05-05T11:11:58.454249" level="INFO">False</msg>
<arg>${list_country}</arg>
<arg>${name_country}</arg>
<doc>Fails if the ``value`` is not found from ``list``.</doc>
<status status="PASS" start="2024-05-05T11:11:58.454052" elapsed="0.000233"/>
</kw>
<kw name="Run Keyword If" owner="BuiltIn">
<kw name="Should Be True" owner="BuiltIn">
<arg>${True}</arg>
<doc>Fails if the given condition is not true.</doc>
<status status="PASS" start="2024-05-05T11:11:58.455391" elapsed="0.000144"/>
</kw>
<arg>${json_data["results"][0]["location"]["coordinates"]["latitude"]} &gt;= -90 and ${json_data["results"][0]["location"]["coordinates"]["latitude"]} &lt;= 90</arg>
<arg>Should Be True</arg>
<arg>${True}</arg>
<doc>Runs the given keyword with the given arguments, if ``condition`` is true.</doc>
<status status="PASS" start="2024-05-05T11:11:58.454632" elapsed="0.001028"/>
</kw>
<kw name="Run Keyword If" owner="BuiltIn">
<kw name="Should Be True" owner="BuiltIn">
<arg>${True}</arg>
<doc>Fails if the given condition is not true.</doc>
<status status="PASS" start="2024-05-05T11:11:58.456539" elapsed="0.000242"/>
</kw>
<arg>${json_data["results"][0]["location"]["coordinates"]["longitude"]} &gt;= -180 and ${json_data["results"][0]["location"]["coordinates"]["longitude"]} &lt;= 180</arg>
<arg>Should Be True</arg>
<arg>${True}</arg>
<doc>Runs the given keyword with the given arguments, if ``condition`` is true.</doc>
<status status="PASS" start="2024-05-05T11:11:58.455845" elapsed="0.001061"/>
</kw>
<status status="PASS" start="2024-05-05T11:11:58.361122" elapsed="0.095912"/>
</kw>
<doc>Testa o conteúdo específico dos campos retornados pela API.</doc>
<tag>testeConteudo</tag>
<status status="PASS" start="2024-05-05T11:11:58.360564" elapsed="0.096614"/>
</test>
<status status="PASS" start="2024-05-05T11:11:57.655032" elapsed="0.804150"/>
</suite>
<status status="PASS" start="2024-05-05T11:11:57.640200" elapsed="0.824316"/>
</suite>
<statistics>
<total>
<stat pass="5" fail="0" skip="0">All Tests</stat>
</total>
<tag>
<stat pass="1" fail="0" skip="0">testeConteudo</stat>
<stat pass="1" fail="0" skip="0">testeEstruturaResposta</stat>
<stat pass="1" fail="0" skip="0">testeRequisicaoBasica</stat>
<stat pass="1" fail="0" skip="0">testeTiposDados</stat>
</tag>
<suite>
<stat pass="5" fail="0" skip="0" id="s1" name="Tests">Tests</stat>
<stat pass="5" fail="0" skip="0" id="s1-s1" name="Random-User-Test">Tests.Random-User-Test</stat>
</suite>
</statistics>
<errors>
</errors>
</robot>
