<?xml version="1.0" encoding="UTF-8"?>
<robot generator="Robot 7.0 (Python 3.12.3 on linux)" generated="2024-04-26T11:11:48.938341" rpa="false" schemaversion="5">
<suite id="s1" name="Tests" source="/home/runner/work/DesafioQAItauRogerioJordao/DesafioQAItauRogerioJordao/RamdonUser/tests">
<suite id="s1-s1" name="Random-User-Test" source="/home/runner/work/DesafioQAItauRogerioJordao/DesafioQAItauRogerioJordao/RamdonUser/tests/random-user-test.robot">
<test id="s1-s1-t1" name="Conectar" line="13">
<kw name="Conectar API" owner="random-user-service">
<kw name="Create Session" owner="RequestsLibrary">
<msg time="2024-04-26T11:11:49.327079" level="INFO">Creating Session using : alias=consultarAPI, url=https://randomuser.me/, headers={},                     cookies={}, auth=None, timeout=None, proxies=None, verify=False,                     debug=0 </msg>
<arg>consultarAPI</arg>
<arg>${URL}</arg>
<doc>Create Session: create a HTTP session to a server</doc>
<status status="PASS" start="2024-04-26T11:11:49.326890" elapsed="0.000359"/>
</kw>
<status status="PASS" start="2024-04-26T11:11:49.325985" elapsed="0.001607"/>
</kw>
<status status="PASS" start="2024-04-26T11:11:49.325493" elapsed="0.002291"/>
</test>
<test id="s1-s1-t2" name="Validar retorno 200 e JSON Válido" line="16">
<kw name="Teste de Requisicao Basica" owner="random-user-service">
<kw name="GET On Session" owner="RequestsLibrary">
<msg time="2024-04-26T11:11:49.526738" level="INFO">GET Request : url=https://randomuser.me/api 
 path_url=/api 
 headers={'User-Agent': 'python-requests/2.31.0', 'Accept-Encoding': 'gzip, deflate', 'Accept': '*/*', 'Connection': 'keep-alive'} 
 body=None 
 </msg>
<msg time="2024-04-26T11:11:49.526848" level="INFO">GET Response : url=https://randomuser.me/api 
 status=200, reason=OK 
 headers={'Date': 'Fri, 26 Apr 2024 11:11:49 GMT', 'Content-Type': 'application/json; charset=utf-8', 'Transfer-Encoding': 'chunked', 'Connection': 'keep-alive', 'X-Powered-By': 'Express', 'Access-Control-Allow-Origin': '*', 'Cache-Control': 'no-cache', 'ETag': 'W/"487-lLW4NLVfgaQ1Xh9496Q4mK21ixg"', 'Vary': 'Accept-Encoding', 'Content-Encoding': 'gzip', 'CF-Cache-Status': 'DYNAMIC', 'Report-To': '{"endpoints":[{"url":"https:\\/\\/a.nel.cloudflare.com\\/report\\/v4?s=RvCunxqJPnO5FLsHKZXTdk%2FM0a3t3Jp2O%2FenQneM9rrOsxFLME%2F68BPUGMD3SNBjJQJUn9%2BbHn21eUasdOnfqqeqQkjUu0%2F0BgGshBbZJrOzuFQP4XHzb5zJshbJTwuW"}],"group":"cf-nel","max_age":604800}', 'NEL': '{"success_fraction":0,"report_to":"cf-nel","max_age":604800}', 'Server': 'cloudflare', 'CF-RAY': '87a6225e4a4a2a96-ORD', 'alt-svc': 'h3=":443"; ma=86400'} 
 body={"results":[{"gender":"male","name":{"title":"Mr","first":"Vicente","last":"Pastor"},"location":{"street":{"number":6715,"name":"Calle de Alcalá"},"city":"Alicante","state":"Castilla y León","country":"Spain","postcode":64251,"coordinates":{"latitude":"-37.5349","longitude":"-143.9165"},"timezone":{"offset":"+7:00","description":"Bangkok, Hanoi, Jakarta"}},"email":"vicente.pastor@example.com","login":{"uuid":"fbda4159-77dc-480d-a813-d39eb22840c0","username":"bigduck859","password":"kendall","salt":"DD1UIbZl","md5":"636eb8506a2dd21ebc1218f2d753a054","sha1":"eb3c394f6914a49a381a7935e8c380c5ae901e42","sha256":"688c1e7779afc5d5f5e5eaab0865b16db288e0025ebbfa6294d363176bed2966"},"dob":{"date":"1958-08-10T14:59:48.221Z","age":65},"registered":{"date":"2014-05-14T15:16:20.072Z","age":9},"phone":"971-153-070","cell":"680-385-127","id":{"name":"DNI","value":"08876190-L"},"picture":{"large":"https://randomuser.me/api/portraits/men/89.jpg","medium":"https://randomuser.me/api/portraits/med/men/89.jpg","thumbnail":"https://randomuser.me/api/portraits/thumb/men/89.jpg"},"nat":"ES"}],"info":{"seed":"c4f1ce3761bb67ec","results":1,"page":1,"version":"1.4"}} 
 </msg>
<msg time="2024-04-26T11:11:49.526921" level="INFO">/opt/hostedtoolcache/Python/3.12.3/x64/lib/python3.12/site-packages/urllib3/connectionpool.py:1103: InsecureRequestWarning: Unverified HTTPS request is being made to host 'randomuser.me'. Adding certificate verification is strongly advised. See: https://urllib3.readthedocs.io/en/latest/advanced-usage.html#tls-warnings
  warnings.warn(</msg>
<msg time="2024-04-26T11:11:49.527036" level="INFO">${response} = &lt;Response [200]&gt;</msg>
<var>${response}</var>
<arg>consultarAPI</arg>
<arg>/api</arg>
<doc>Sends a GET request on a previously created HTTP Session.</doc>
<status status="PASS" start="2024-04-26T11:11:49.330373" elapsed="0.196704"/>
</kw>
<kw name="Should Be Equal As Numbers" owner="BuiltIn">
<msg time="2024-04-26T11:11:49.527922" level="INFO">Argument types are:
&lt;class 'int'&gt;
&lt;class 'str'&gt;</msg>
<arg>${response.status_code}</arg>
<arg>200</arg>
<doc>Fails if objects are unequal after converting them to real numbers.</doc>
<status status="PASS" start="2024-04-26T11:11:49.527504" elapsed="0.000481"/>
</kw>
<kw name="Log" owner="BuiltIn">
<msg time="2024-04-26T11:11:49.528706" level="INFO">200</msg>
<arg>${response.status_code}</arg>
<doc>Logs the given message with the given level.</doc>
<status status="PASS" start="2024-04-26T11:11:49.528327" elapsed="0.000422"/>
</kw>
<kw name="Set Variable" owner="BuiltIn">
<msg time="2024-04-26T11:11:49.529535" level="INFO">${json_data} = {'results': [{'gender': 'male', 'name': {'title': 'Mr', 'first': 'Vicente', 'last': 'Pastor'}, 'location': {'street': {'number': 6715, 'name': 'Calle de Alcalá'}, 'city': 'Alicante', 'state': 'Castill...</msg>
<var>${json_data}</var>
<arg>${response.json()}</arg>
<doc>Returns the given values which can then be assigned to a variables.</doc>
<status status="PASS" start="2024-04-26T11:11:49.529051" elapsed="0.000514"/>
</kw>
<kw name="Dictionary Should Contain Key" owner="Collections">
<msg time="2024-04-26T11:11:49.530060" level="INFO">False</msg>
<arg>${json_data}</arg>
<arg>results</arg>
<doc>Fails if ``key`` is not found from ``dictionary``.</doc>
<status status="PASS" start="2024-04-26T11:11:49.529876" elapsed="0.000225"/>
</kw>
<status status="PASS" start="2024-04-26T11:11:49.330128" elapsed="0.200228"/>
</kw>
<doc>Testa se a API responde corretamente e retorna um objeto JSON válido.</doc>
<tag>testeRequisicaoBasica</tag>
<status status="PASS" start="2024-04-26T11:11:49.329677" elapsed="0.200856"/>
</test>
<test id="s1-s1-t3" name="Validar estrutura de resposta" line="22">
<kw name="Teste de Estrutura de Resposta" owner="random-user-service">
<kw name="GET On Session" owner="RequestsLibrary">
<msg time="2024-04-26T11:11:49.624864" level="INFO">GET Request : url=https://randomuser.me/api 
 path_url=/api 
 headers={'User-Agent': 'python-requests/2.31.0', 'Accept-Encoding': 'gzip, deflate', 'Accept': '*/*', 'Connection': 'keep-alive'} 
 body=None 
 </msg>
<msg time="2024-04-26T11:11:49.624936" level="INFO">GET Response : url=https://randomuser.me/api 
 status=200, reason=OK 
 headers={'Date': 'Fri, 26 Apr 2024 11:11:49 GMT', 'Content-Type': 'application/json; charset=utf-8', 'Transfer-Encoding': 'chunked', 'Connection': 'keep-alive', 'X-Powered-By': 'Express', 'Access-Control-Allow-Origin': '*', 'Cache-Control': 'no-cache', 'ETag': 'W/"492-czSiCV1cUTqwiItFqsCOw8ucxTY"', 'Vary': 'Accept-Encoding', 'Content-Encoding': 'gzip', 'CF-Cache-Status': 'DYNAMIC', 'Report-To': '{"endpoints":[{"url":"https:\\/\\/a.nel.cloudflare.com\\/report\\/v4?s=a1YlCZZngeBXWK%2B6wd1XGxKlJLtttUfjij301QZTQK9Nb5hGBBkam16ChE%2FQWbN81AD38YLuCJC21703CjwLIVREbrqyVInMYB1Xxikw1Yg7f%2BobIIqQYuyl4%2FhmNoCJ"}],"group":"cf-nel","max_age":604800}', 'NEL': '{"success_fraction":0,"report_to":"cf-nel","max_age":604800}', 'Server': 'cloudflare', 'CF-RAY': '87a6225e9a862a96-ORD', 'alt-svc': 'h3=":443"; ma=86400'} 
 body={"results":[{"gender":"male","name":{"title":"Mr","first":"Mikkel","last":"Christiansen"},"location":{"street":{"number":6757,"name":"Kongelundsvej"},"city":"Sandved","state":"Sjælland","country":"Denmark","postcode":69139,"coordinates":{"latitude":"-39.5732","longitude":"-150.5638"},"timezone":{"offset":"-4:00","description":"Atlantic Time (Canada), Caracas, La Paz"}},"email":"mikkel.christiansen@example.com","login":{"uuid":"a24a6bba-93b1-45d0-9f6e-dda0c78480f4","username":"happyswan856","password":"vincent","salt":"InSeuZb2","md5":"bc17939f8c9730691846aba9543901ea","sha1":"cb204ead16b8b3e4541d2ff03ab94ff9a561d4bf","sha256":"b5e0b906c0963e515362d6403882bc01aa35860784508c72d6798db44e24ec8c"},"dob":{"date":"1991-05-05T10:00:20.661Z","age":32},"registered":{"date":"2015-08-19T05:23:46.274Z","age":8},"phone":"74525093","cell":"82308651","id":{"name":"CPR","value":"050591-1187"},"picture":{"large":"https://randomuser.me/api/portraits/men/0.jpg","medium":"https://randomuser.me/api/portraits/med/men/0.jpg","thumbnail":"https://randomuser.me/api/portraits/thumb/men/0.jpg"},"nat":"DK"}],"info":{"seed":"325fc679c959f424","results":1,"page":1,"version":"1.4"}} 
 </msg>
<msg time="2024-04-26T11:11:49.625033" level="INFO">/opt/hostedtoolcache/Python/3.12.3/x64/lib/python3.12/site-packages/urllib3/connectionpool.py:1103: InsecureRequestWarning: Unverified HTTPS request is being made to host 'randomuser.me'. Adding certificate verification is strongly advised. See: https://urllib3.readthedocs.io/en/latest/advanced-usage.html#tls-warnings
  warnings.warn(</msg>
<msg time="2024-04-26T11:11:49.625125" level="INFO">${response} = &lt;Response [200]&gt;</msg>
<var>${response}</var>
<arg>consultarAPI</arg>
<arg>/api</arg>
<doc>Sends a GET request on a previously created HTTP Session.</doc>
<status status="PASS" start="2024-04-26T11:11:49.533226" elapsed="0.091925"/>
</kw>
<kw name="Set Variable" owner="BuiltIn">
<msg time="2024-04-26T11:11:49.626017" level="INFO">${json_data} = {'results': [{'gender': 'male', 'name': {'title': 'Mr', 'first': 'Mikkel', 'last': 'Christiansen'}, 'location': {'street': {'number': 6757, 'name': 'Kongelundsvej'}, 'city': 'Sandved', 'state': 'Sjæll...</msg>
<var>${json_data}</var>
<arg>${response.json()}</arg>
<doc>Returns the given values which can then be assigned to a variables.</doc>
<status status="PASS" start="2024-04-26T11:11:49.625554" elapsed="0.000494"/>
</kw>
<kw name="Log" owner="BuiltIn">
<msg time="2024-04-26T11:11:49.626513" level="INFO">{'results': [{'gender': 'male', 'name': {'title': 'Mr', 'first': 'Mikkel', 'last': 'Christiansen'}, 'location': {'street': {'number': 6757, 'name': 'Kongelundsvej'}, 'city': 'Sandved', 'state': 'Sjælland', 'country': 'Denmark', 'postcode': 69139, 'coordinates': {'latitude': '-39.5732', 'longitude': '-150.5638'}, 'timezone': {'offset': '-4:00', 'description': 'Atlantic Time (Canada), Caracas, La Paz'}}, 'email': 'mikkel.christiansen@example.com', 'login': {'uuid': 'a24a6bba-93b1-45d0-9f6e-dda0c78480f4', 'username': 'happyswan856', 'password': 'vincent', 'salt': 'InSeuZb2', 'md5': 'bc17939f8c9730691846aba9543901ea', 'sha1': 'cb204ead16b8b3e4541d2ff03ab94ff9a561d4bf', 'sha256': 'b5e0b906c0963e515362d6403882bc01aa35860784508c72d6798db44e24ec8c'}, 'dob': {'date': '1991-05-05T10:00:20.661Z', 'age': 32}, 'registered': {'date': '2015-08-19T05:23:46.274Z', 'age': 8}, 'phone': '74525093', 'cell': '82308651', 'id': {'name': 'CPR', 'value': '050591-1187'}, 'picture': {'large': 'https://randomuser.me/api/portraits/men/0.jpg', 'medium': 'https://randomuser.me/api/portraits/med/men/0.jpg', 'thumbnail': 'https://randomuser.me/api/portraits/thumb/men/0.jpg'}, 'nat': 'DK'}], 'info': {'seed': '325fc679c959f424', 'results': 1, 'page': 1, 'version': '1.4'}}</msg>
<arg>${json_data}</arg>
<doc>Logs the given message with the given level.</doc>
<status status="PASS" start="2024-04-26T11:11:49.626355" elapsed="0.000207"/>
</kw>
<kw name="Dictionary Should Contain Key" owner="Collections">
<msg time="2024-04-26T11:11:49.627010" level="INFO">False</msg>
<arg>${json_data}</arg>
<arg>results</arg>
<doc>Fails if ``key`` is not found from ``dictionary``.</doc>
<status status="PASS" start="2024-04-26T11:11:49.626853" elapsed="0.000194"/>
</kw>
<kw name="Should Not Be Empty" owner="BuiltIn">
<msg time="2024-04-26T11:11:49.627465" level="INFO">Length is 2.</msg>
<arg>${json_data}</arg>
<doc>Verifies that the given item is not empty.</doc>
<status status="PASS" start="2024-04-26T11:11:49.627335" elapsed="0.000298"/>
</kw>
<kw name="Create List" owner="BuiltIn">
<msg time="2024-04-26T11:11:49.628080" level="INFO">${expected_keys} = ['gender', 'name', 'location', 'email', 'login']</msg>
<var>${expected_keys}</var>
<arg>gender</arg>
<arg>name</arg>
<arg>location</arg>
<arg>email</arg>
<arg>login</arg>
<doc>Returns a list containing given items.</doc>
<status status="PASS" start="2024-04-26T11:11:49.627929" elapsed="0.000176"/>
</kw>
<for flavor="IN">
<iter>
<kw name="Dictionary Should Contain Key" owner="Collections">
<msg time="2024-04-26T11:11:49.629078" level="INFO">False</msg>
<arg>${json_data['results'][0]}</arg>
<arg>${key}</arg>
<doc>Fails if ``key`` is not found from ``dictionary``.</doc>
<status status="PASS" start="2024-04-26T11:11:49.628679" elapsed="0.000446"/>
</kw>
<kw name="Log" owner="BuiltIn">
<msg time="2024-04-26T11:11:49.629882" level="INFO">{'gender': 'male', 'name': {'title': 'Mr', 'first': 'Mikkel', 'last': 'Christiansen'}, 'location': {'street': {'number': 6757, 'name': 'Kongelundsvej'}, 'city': 'Sandved', 'state': 'Sjælland', 'country': 'Denmark', 'postcode': 69139, 'coordinates': {'latitude': '-39.5732', 'longitude': '-150.5638'}, 'timezone': {'offset': '-4:00', 'description': 'Atlantic Time (Canada), Caracas, La Paz'}}, 'email': 'mikkel.christiansen@example.com', 'login': {'uuid': 'a24a6bba-93b1-45d0-9f6e-dda0c78480f4', 'username': 'happyswan856', 'password': 'vincent', 'salt': 'InSeuZb2', 'md5': 'bc17939f8c9730691846aba9543901ea', 'sha1': 'cb204ead16b8b3e4541d2ff03ab94ff9a561d4bf', 'sha256': 'b5e0b906c0963e515362d6403882bc01aa35860784508c72d6798db44e24ec8c'}, 'dob': {'date': '1991-05-05T10:00:20.661Z', 'age': 32}, 'registered': {'date': '2015-08-19T05:23:46.274Z', 'age': 8}, 'phone': '74525093', 'cell': '82308651', 'id': {'name': 'CPR', 'value': '050591-1187'}, 'picture': {'large': 'https://randomuser.me/api/portraits/men/0.jpg', 'medium': 'https://randomuser.me/api/portraits/med/men/0.jpg', 'thumbnail': 'https://randomuser.me/api/portraits/thumb/men/0.jpg'}, 'nat': 'DK'}</msg>
<arg>${json_data['results'][0]}</arg>
<doc>Logs the given message with the given level.</doc>
<status status="PASS" start="2024-04-26T11:11:49.629513" elapsed="0.000420"/>
</kw>
<kw name="Log" owner="BuiltIn">
<msg time="2024-04-26T11:11:49.630355" level="INFO">gender</msg>
<arg>${key}</arg>
<doc>Logs the given message with the given level.</doc>
<status status="PASS" start="2024-04-26T11:11:49.630229" elapsed="0.000164"/>
</kw>
<var name="${key}">gender</var>
<status status="PASS" start="2024-04-26T11:11:49.628546" elapsed="0.002057"/>
</iter>
<iter>
<kw name="Dictionary Should Contain Key" owner="Collections">
<msg time="2024-04-26T11:11:49.631289" level="INFO">False</msg>
<arg>${json_data['results'][0]}</arg>
<arg>${key}</arg>
<doc>Fails if ``key`` is not found from ``dictionary``.</doc>
<status status="PASS" start="2024-04-26T11:11:49.630905" elapsed="0.000421"/>
</kw>
<kw name="Log" owner="BuiltIn">
<msg time="2024-04-26T11:11:49.632025" level="INFO">{'gender': 'male', 'name': {'title': 'Mr', 'first': 'Mikkel', 'last': 'Christiansen'}, 'location': {'street': {'number': 6757, 'name': 'Kongelundsvej'}, 'city': 'Sandved', 'state': 'Sjælland', 'country': 'Denmark', 'postcode': 69139, 'coordinates': {'latitude': '-39.5732', 'longitude': '-150.5638'}, 'timezone': {'offset': '-4:00', 'description': 'Atlantic Time (Canada), Caracas, La Paz'}}, 'email': 'mikkel.christiansen@example.com', 'login': {'uuid': 'a24a6bba-93b1-45d0-9f6e-dda0c78480f4', 'username': 'happyswan856', 'password': 'vincent', 'salt': 'InSeuZb2', 'md5': 'bc17939f8c9730691846aba9543901ea', 'sha1': 'cb204ead16b8b3e4541d2ff03ab94ff9a561d4bf', 'sha256': 'b5e0b906c0963e515362d6403882bc01aa35860784508c72d6798db44e24ec8c'}, 'dob': {'date': '1991-05-05T10:00:20.661Z', 'age': 32}, 'registered': {'date': '2015-08-19T05:23:46.274Z', 'age': 8}, 'phone': '74525093', 'cell': '82308651', 'id': {'name': 'CPR', 'value': '050591-1187'}, 'picture': {'large': 'https://randomuser.me/api/portraits/men/0.jpg', 'medium': 'https://randomuser.me/api/portraits/med/men/0.jpg', 'thumbnail': 'https://randomuser.me/api/portraits/thumb/men/0.jpg'}, 'nat': 'DK'}</msg>
<arg>${json_data['results'][0]}</arg>
<doc>Logs the given message with the given level.</doc>
<status status="PASS" start="2024-04-26T11:11:49.631652" elapsed="0.000424"/>
</kw>
<kw name="Log" owner="BuiltIn">
<msg time="2024-04-26T11:11:49.632500" level="INFO">name</msg>
<arg>${key}</arg>
<doc>Logs the given message with the given level.</doc>
<status status="PASS" start="2024-04-26T11:11:49.632373" elapsed="0.000165"/>
</kw>
<var name="${key}">name</var>
<status status="PASS" start="2024-04-26T11:11:49.630789" elapsed="0.001960"/>
</iter>
<iter>
<kw name="Dictionary Should Contain Key" owner="Collections">
<msg time="2024-04-26T11:11:49.633470" level="INFO">False</msg>
<arg>${json_data['results'][0]}</arg>
<arg>${key}</arg>
<doc>Fails if ``key`` is not found from ``dictionary``.</doc>
<status status="PASS" start="2024-04-26T11:11:49.633038" elapsed="0.000469"/>
</kw>
<kw name="Log" owner="BuiltIn">
<msg time="2024-04-26T11:11:49.634173" level="INFO">{'gender': 'male', 'name': {'title': 'Mr', 'first': 'Mikkel', 'last': 'Christiansen'}, 'location': {'street': {'number': 6757, 'name': 'Kongelundsvej'}, 'city': 'Sandved', 'state': 'Sjælland', 'country': 'Denmark', 'postcode': 69139, 'coordinates': {'latitude': '-39.5732', 'longitude': '-150.5638'}, 'timezone': {'offset': '-4:00', 'description': 'Atlantic Time (Canada), Caracas, La Paz'}}, 'email': 'mikkel.christiansen@example.com', 'login': {'uuid': 'a24a6bba-93b1-45d0-9f6e-dda0c78480f4', 'username': 'happyswan856', 'password': 'vincent', 'salt': 'InSeuZb2', 'md5': 'bc17939f8c9730691846aba9543901ea', 'sha1': 'cb204ead16b8b3e4541d2ff03ab94ff9a561d4bf', 'sha256': 'b5e0b906c0963e515362d6403882bc01aa35860784508c72d6798db44e24ec8c'}, 'dob': {'date': '1991-05-05T10:00:20.661Z', 'age': 32}, 'registered': {'date': '2015-08-19T05:23:46.274Z', 'age': 8}, 'phone': '74525093', 'cell': '82308651', 'id': {'name': 'CPR', 'value': '050591-1187'}, 'picture': {'large': 'https://randomuser.me/api/portraits/men/0.jpg', 'medium': 'https://randomuser.me/api/portraits/med/men/0.jpg', 'thumbnail': 'https://randomuser.me/api/portraits/thumb/men/0.jpg'}, 'nat': 'DK'}</msg>
<arg>${json_data['results'][0]}</arg>
<doc>Logs the given message with the given level.</doc>
<status status="PASS" start="2024-04-26T11:11:49.633809" elapsed="0.000413"/>
</kw>
<kw name="Log" owner="BuiltIn">
<msg time="2024-04-26T11:11:49.634648" level="INFO">location</msg>
<arg>${key}</arg>
<doc>Logs the given message with the given level.</doc>
<status status="PASS" start="2024-04-26T11:11:49.634514" elapsed="0.000172"/>
</kw>
<var name="${key}">location</var>
<status status="PASS" start="2024-04-26T11:11:49.632926" elapsed="0.001973"/>
</iter>
<iter>
<kw name="Dictionary Should Contain Key" owner="Collections">
<msg time="2024-04-26T11:11:49.635568" level="INFO">False</msg>
<arg>${json_data['results'][0]}</arg>
<arg>${key}</arg>
<doc>Fails if ``key`` is not found from ``dictionary``.</doc>
<status status="PASS" start="2024-04-26T11:11:49.635183" elapsed="0.000422"/>
</kw>
<kw name="Log" owner="BuiltIn">
<msg time="2024-04-26T11:11:49.636262" level="INFO">{'gender': 'male', 'name': {'title': 'Mr', 'first': 'Mikkel', 'last': 'Christiansen'}, 'location': {'street': {'number': 6757, 'name': 'Kongelundsvej'}, 'city': 'Sandved', 'state': 'Sjælland', 'country': 'Denmark', 'postcode': 69139, 'coordinates': {'latitude': '-39.5732', 'longitude': '-150.5638'}, 'timezone': {'offset': '-4:00', 'description': 'Atlantic Time (Canada), Caracas, La Paz'}}, 'email': 'mikkel.christiansen@example.com', 'login': {'uuid': 'a24a6bba-93b1-45d0-9f6e-dda0c78480f4', 'username': 'happyswan856', 'password': 'vincent', 'salt': 'InSeuZb2', 'md5': 'bc17939f8c9730691846aba9543901ea', 'sha1': 'cb204ead16b8b3e4541d2ff03ab94ff9a561d4bf', 'sha256': 'b5e0b906c0963e515362d6403882bc01aa35860784508c72d6798db44e24ec8c'}, 'dob': {'date': '1991-05-05T10:00:20.661Z', 'age': 32}, 'registered': {'date': '2015-08-19T05:23:46.274Z', 'age': 8}, 'phone': '74525093', 'cell': '82308651', 'id': {'name': 'CPR', 'value': '050591-1187'}, 'picture': {'large': 'https://randomuser.me/api/portraits/men/0.jpg', 'medium': 'https://randomuser.me/api/portraits/med/men/0.jpg', 'thumbnail': 'https://randomuser.me/api/portraits/thumb/men/0.jpg'}, 'nat': 'DK'}</msg>
<arg>${json_data['results'][0]}</arg>
<doc>Logs the given message with the given level.</doc>
<status status="PASS" start="2024-04-26T11:11:49.635902" elapsed="0.000409"/>
</kw>
<kw name="Log" owner="BuiltIn">
<msg time="2024-04-26T11:11:49.636726" level="INFO">email</msg>
<arg>${key}</arg>
<doc>Logs the given message with the given level.</doc>
<status status="PASS" start="2024-04-26T11:11:49.636602" elapsed="0.000161"/>
</kw>
<var name="${key}">email</var>
<status status="PASS" start="2024-04-26T11:11:49.635071" elapsed="0.001904"/>
</iter>
<iter>
<kw name="Dictionary Should Contain Key" owner="Collections">
<msg time="2024-04-26T11:11:49.637672" level="INFO">False</msg>
<arg>${json_data['results'][0]}</arg>
<arg>${key}</arg>
<doc>Fails if ``key`` is not found from ``dictionary``.</doc>
<status status="PASS" start="2024-04-26T11:11:49.637252" elapsed="0.000459"/>
</kw>
<kw name="Log" owner="BuiltIn">
<msg time="2024-04-26T11:11:49.638368" level="INFO">{'gender': 'male', 'name': {'title': 'Mr', 'first': 'Mikkel', 'last': 'Christiansen'}, 'location': {'street': {'number': 6757, 'name': 'Kongelundsvej'}, 'city': 'Sandved', 'state': 'Sjælland', 'country': 'Denmark', 'postcode': 69139, 'coordinates': {'latitude': '-39.5732', 'longitude': '-150.5638'}, 'timezone': {'offset': '-4:00', 'description': 'Atlantic Time (Canada), Caracas, La Paz'}}, 'email': 'mikkel.christiansen@example.com', 'login': {'uuid': 'a24a6bba-93b1-45d0-9f6e-dda0c78480f4', 'username': 'happyswan856', 'password': 'vincent', 'salt': 'InSeuZb2', 'md5': 'bc17939f8c9730691846aba9543901ea', 'sha1': 'cb204ead16b8b3e4541d2ff03ab94ff9a561d4bf', 'sha256': 'b5e0b906c0963e515362d6403882bc01aa35860784508c72d6798db44e24ec8c'}, 'dob': {'date': '1991-05-05T10:00:20.661Z', 'age': 32}, 'registered': {'date': '2015-08-19T05:23:46.274Z', 'age': 8}, 'phone': '74525093', 'cell': '82308651', 'id': {'name': 'CPR', 'value': '050591-1187'}, 'picture': {'large': 'https://randomuser.me/api/portraits/men/0.jpg', 'medium': 'https://randomuser.me/api/portraits/med/men/0.jpg', 'thumbnail': 'https://randomuser.me/api/portraits/thumb/men/0.jpg'}, 'nat': 'DK'}</msg>
<arg>${json_data['results'][0]}</arg>
<doc>Logs the given message with the given level.</doc>
<status status="PASS" start="2024-04-26T11:11:49.638000" elapsed="0.000416"/>
</kw>
<kw name="Log" owner="BuiltIn">
<msg time="2024-04-26T11:11:49.638832" level="INFO">login</msg>
<arg>${key}</arg>
<doc>Logs the given message with the given level.</doc>
<status status="PASS" start="2024-04-26T11:11:49.638707" elapsed="0.000164"/>
</kw>
<var name="${key}">login</var>
<status status="PASS" start="2024-04-26T11:11:49.637142" elapsed="0.001970"/>
</iter>
<var>${key}</var>
<value>@{expected_keys}</value>
<status status="PASS" start="2024-04-26T11:11:49.628363" elapsed="0.010874"/>
</for>
<kw name="Create List" owner="BuiltIn">
<msg time="2024-04-26T11:11:49.639563" level="INFO">${expected_keysTwo} = ['username', 'password']</msg>
<var>${expected_keysTwo}</var>
<arg>username</arg>
<arg>password</arg>
<doc>Returns a list containing given items.</doc>
<status status="PASS" start="2024-04-26T11:11:49.639427" elapsed="0.000159"/>
</kw>
<for flavor="IN">
<iter>
<kw name="Dictionary Should Contain Key" owner="Collections">
<msg time="2024-04-26T11:11:49.640474" level="INFO">False</msg>
<arg>${json_data['results'][0]['login']}</arg>
<arg>${keyTwo}</arg>
<doc>Fails if ``key`` is not found from ``dictionary``.</doc>
<status status="PASS" start="2024-04-26T11:11:49.640083" elapsed="0.000429"/>
</kw>
<kw name="Dictionary Should Contain Key" owner="Collections">
<msg time="2024-04-26T11:11:49.641186" level="INFO">False</msg>
<arg>${json_data['results'][0]['login']}</arg>
<arg>${keyTwo}</arg>
<doc>Fails if ``key`` is not found from ``dictionary``.</doc>
<status status="PASS" start="2024-04-26T11:11:49.640801" elapsed="0.000422"/>
</kw>
<kw name="Log" owner="BuiltIn">
<msg time="2024-04-26T11:11:49.641690" level="INFO">username</msg>
<arg>${keyTwo}</arg>
<doc>Logs the given message with the given level.</doc>
<status status="PASS" start="2024-04-26T11:11:49.641562" elapsed="0.000171"/>
</kw>
<var name="${keyTwo}">username</var>
<status status="PASS" start="2024-04-26T11:11:49.639974" elapsed="0.001972"/>
</iter>
<iter>
<kw name="Dictionary Should Contain Key" owner="Collections">
<msg time="2024-04-26T11:11:49.642688" level="INFO">False</msg>
<arg>${json_data['results'][0]['login']}</arg>
<arg>${keyTwo}</arg>
<doc>Fails if ``key`` is not found from ``dictionary``.</doc>
<status status="PASS" start="2024-04-26T11:11:49.642224" elapsed="0.000509"/>
</kw>
<kw name="Dictionary Should Contain Key" owner="Collections">
<msg time="2024-04-26T11:11:49.643414" level="INFO">False</msg>
<arg>${json_data['results'][0]['login']}</arg>
<arg>${keyTwo}</arg>
<doc>Fails if ``key`` is not found from ``dictionary``.</doc>
<status status="PASS" start="2024-04-26T11:11:49.643034" elapsed="0.000417"/>
</kw>
<kw name="Log" owner="BuiltIn">
<msg time="2024-04-26T11:11:49.643867" level="INFO">password</msg>
<arg>${keyTwo}</arg>
<doc>Logs the given message with the given level.</doc>
<status status="PASS" start="2024-04-26T11:11:49.643740" elapsed="0.000165"/>
</kw>
<var name="${keyTwo}">password</var>
<status status="PASS" start="2024-04-26T11:11:49.642115" elapsed="0.002003"/>
</iter>
<var>${keyTwo}</var>
<value>@{expected_keysTwo}</value>
<status status="PASS" start="2024-04-26T11:11:49.639819" elapsed="0.004419"/>
</for>
<status status="PASS" start="2024-04-26T11:11:49.532993" elapsed="0.111385"/>
</kw>
<doc>Testa a estrutura da resposta da API.</doc>
<tag>testeEstruturaResposta</tag>
<status status="PASS" start="2024-04-26T11:11:49.532398" elapsed="0.112125"/>
</test>
<test id="s1-s1-t4" name="Validar tipos de dados" line="28">
<kw name="Teste de Tipos de Dados" owner="random-user-service">
<kw name="GET On Session" owner="RequestsLibrary">
<msg time="2024-04-26T11:11:49.722240" level="INFO">GET Request : url=https://randomuser.me/api 
 path_url=/api 
 headers={'User-Agent': 'python-requests/2.31.0', 'Accept-Encoding': 'gzip, deflate', 'Accept': '*/*', 'Connection': 'keep-alive'} 
 body=None 
 </msg>
<msg time="2024-04-26T11:11:49.722304" level="INFO">GET Response : url=https://randomuser.me/api 
 status=200, reason=OK 
 headers={'Date': 'Fri, 26 Apr 2024 11:11:49 GMT', 'Content-Type': 'application/json; charset=utf-8', 'Transfer-Encoding': 'chunked', 'Connection': 'keep-alive', 'X-Powered-By': 'Express', 'Access-Control-Allow-Origin': '*', 'Cache-Control': 'no-cache', 'ETag': 'W/"486-4KcfNm+IuZbUzCjPd8N34LV7OH0"', 'Vary': 'Accept-Encoding', 'Content-Encoding': 'gzip', 'CF-Cache-Status': 'DYNAMIC', 'Report-To': '{"endpoints":[{"url":"https:\\/\\/a.nel.cloudflare.com\\/report\\/v4?s=%2FH81nFMP9zXgYHKQB6DkXSHlVFELVK4Zdg30bh42QBNUTU%2FLqN4Xotmi4bgLfFLVC0%2FQNoVoaGx9lMxU1mi2nNLf%2BINZmYC2ymMgBUD7IpqejxC2Ck8Pw0rVtHpOv0oD"}],"group":"cf-nel","max_age":604800}', 'NEL': '{"success_fraction":0,"report_to":"cf-nel","max_age":604800}', 'Server': 'cloudflare', 'CF-RAY': '87a6225f4b232a96-ORD', 'alt-svc': 'h3=":443"; ma=86400'} 
 body={"results":[{"gender":"male","name":{"title":"Mr","first":"Jesus","last":"Vázquez"},"location":{"street":{"number":5246,"name":"Avenida de América"},"city":"Bilbao","state":"Andalucía","country":"Spain","postcode":13329,"coordinates":{"latitude":"-38.1671","longitude":"-67.6450"},"timezone":{"offset":"+6:00","description":"Almaty, Dhaka, Colombo"}},"email":"jesus.vazquez@example.com","login":{"uuid":"8fc80100-5a9e-44bd-a2f6-87c44cebaaae","username":"yellowgorilla577","password":"beautifu","salt":"wPM3tT2O","md5":"1fd68f77e56a6230881b169703ac56f9","sha1":"a512e79e29b86a339c3dad694513ca7438b2034f","sha256":"f91fa33b8c3b88cf2e47b6fde065addf5f37ab37f1aa5ef2049fd49b243b2b4c"},"dob":{"date":"1972-07-20T09:04:43.537Z","age":51},"registered":{"date":"2018-07-08T05:05:30.264Z","age":5},"phone":"927-976-668","cell":"690-359-293","id":{"name":"DNI","value":"00310725-C"},"picture":{"large":"https://randomuser.me/api/portraits/men/27.jpg","medium":"https://randomuser.me/api/portraits/med/men/27.jpg","thumbnail":"https://randomuser.me/api/portraits/thumb/men/27.jpg"},"nat":"ES"}],"info":{"seed":"024bb6a88fddc2d4","results":1,"page":1,"version":"1.4"}} 
 </msg>
<msg time="2024-04-26T11:11:49.722368" level="INFO">/opt/hostedtoolcache/Python/3.12.3/x64/lib/python3.12/site-packages/urllib3/connectionpool.py:1103: InsecureRequestWarning: Unverified HTTPS request is being made to host 'randomuser.me'. Adding certificate verification is strongly advised. See: https://urllib3.readthedocs.io/en/latest/advanced-usage.html#tls-warnings
  warnings.warn(</msg>
<msg time="2024-04-26T11:11:49.722454" level="INFO">${response} = &lt;Response [200]&gt;</msg>
<var>${response}</var>
<arg>consultarAPI</arg>
<arg>/api</arg>
<doc>Sends a GET request on a previously created HTTP Session.</doc>
<status status="PASS" start="2024-04-26T11:11:49.647044" elapsed="0.075450"/>
</kw>
<kw name="Set Variable" owner="BuiltIn">
<msg time="2024-04-26T11:11:49.723541" level="INFO">${json_data} = {'results': [{'gender': 'male', 'name': {'title': 'Mr', 'first': 'Jesus', 'last': 'Vázquez'}, 'location': {'street': {'number': 5246, 'name': 'Avenida de América'}, 'city': 'Bilbao', 'state': 'Andaluc...</msg>
<var>${json_data}</var>
<arg>${response.json()}</arg>
<doc>Returns the given values which can then be assigned to a variables.</doc>
<status status="PASS" start="2024-04-26T11:11:49.722952" elapsed="0.000619"/>
</kw>
<kw name="Log" owner="BuiltIn">
<msg time="2024-04-26T11:11:49.724035" level="INFO">{'results': [{'gender': 'male', 'name': {'title': 'Mr', 'first': 'Jesus', 'last': 'Vázquez'}, 'location': {'street': {'number': 5246, 'name': 'Avenida de América'}, 'city': 'Bilbao', 'state': 'Andalucía', 'country': 'Spain', 'postcode': 13329, 'coordinates': {'latitude': '-38.1671', 'longitude': '-67.6450'}, 'timezone': {'offset': '+6:00', 'description': 'Almaty, Dhaka, Colombo'}}, 'email': 'jesus.vazquez@example.com', 'login': {'uuid': '8fc80100-5a9e-44bd-a2f6-87c44cebaaae', 'username': 'yellowgorilla577', 'password': 'beautifu', 'salt': 'wPM3tT2O', 'md5': '1fd68f77e56a6230881b169703ac56f9', 'sha1': 'a512e79e29b86a339c3dad694513ca7438b2034f', 'sha256': 'f91fa33b8c3b88cf2e47b6fde065addf5f37ab37f1aa5ef2049fd49b243b2b4c'}, 'dob': {'date': '1972-07-20T09:04:43.537Z', 'age': 51}, 'registered': {'date': '2018-07-08T05:05:30.264Z', 'age': 5}, 'phone': '927-976-668', 'cell': '690-359-293', 'id': {'name': 'DNI', 'value': '00310725-C'}, 'picture': {'large': 'https://randomuser.me/api/portraits/men/27.jpg', 'medium': 'https://randomuser.me/api/portraits/med/men/27.jpg', 'thumbnail': 'https://randomuser.me/api/portraits/thumb/men/27.jpg'}, 'nat': 'ES'}], 'info': {'seed': '024bb6a88fddc2d4', 'results': 1, 'page': 1, 'version': '1.4'}}</msg>
<arg>${json_data}</arg>
<doc>Logs the given message with the given level.</doc>
<status status="PASS" start="2024-04-26T11:11:49.723874" elapsed="0.000240"/>
</kw>
<kw name="Should Be String" owner="String">
<arg>${json_data['results'][0]['gender']}</arg>
<doc>Fails if the given ``item`` is not a string.</doc>
<status status="PASS" start="2024-04-26T11:11:49.724429" elapsed="0.000357"/>
</kw>
<kw name="Should Match Regexp" owner="BuiltIn">
<arg>${json_data['results'][0]['email']}</arg>
<arg>^[a-zA-Z0-9._%+-]+@[a-zA-Z0-9.-]+\.[a-zA-Z]{2,}$</arg>
<doc>Fails if ``string`` does not match ``pattern`` as a regular expression.</doc>
<status status="PASS" start="2024-04-26T11:11:49.724978" elapsed="0.000550"/>
</kw>
<kw name="Should Match Regexp" owner="BuiltIn">
<arg>${json_data['results'][0]['dob']['date']}</arg>
<arg>\\d{4}-\\d{2}-\\d{2}T\\d{2}:\\d{2}:\\d{2}\\.\\d{3}Z</arg>
<doc>Fails if ``string`` does not match ``pattern`` as a regular expression.</doc>
<status status="PASS" start="2024-04-26T11:11:49.725727" elapsed="0.000494"/>
</kw>
<kw name="Should Match Regexp" owner="BuiltIn">
<arg>${json_data['results'][0]['registered']['date']}</arg>
<arg>\\d{4}-\\d{2}-\\d{2}T\\d{2}:\\d{2}:\\d{2}\\.\\d{3}Z</arg>
<doc>Fails if ``string`` does not match ``pattern`` as a regular expression.</doc>
<status status="PASS" start="2024-04-26T11:11:49.726412" elapsed="0.000365"/>
</kw>
<kw name="Should Match Regexp" owner="BuiltIn">
<arg>${json_data['results'][0]['picture']['large']}</arg>
<arg>^https?://.*\.(?:png|jpe?g|gif|bmp)$</arg>
<doc>Fails if ``string`` does not match ``pattern`` as a regular expression.</doc>
<status status="PASS" start="2024-04-26T11:11:49.726962" elapsed="0.000458"/>
</kw>
<kw name="Should Match Regexp" owner="BuiltIn">
<arg>${json_data['results'][0]['picture']['medium']}</arg>
<arg>^https?://.*\.(?:png|jpe?g|gif|bmp)$</arg>
<doc>Fails if ``string`` does not match ``pattern`` as a regular expression.</doc>
<status status="PASS" start="2024-04-26T11:11:49.727605" elapsed="0.000363"/>
</kw>
<kw name="Should Match Regexp" owner="BuiltIn">
<arg>${json_data['results'][0]['picture']['thumbnail']}</arg>
<arg>^https?://.*\.(?:png|jpe?g|gif|bmp)$</arg>
<doc>Fails if ``string`` does not match ``pattern`` as a regular expression.</doc>
<status status="PASS" start="2024-04-26T11:11:49.728156" elapsed="0.000349"/>
</kw>
<kw name="Log" owner="BuiltIn">
<msg time="2024-04-26T11:11:49.729004" level="INFO">{'large': 'https://randomuser.me/api/portraits/men/27.jpg', 'medium': 'https://randomuser.me/api/portraits/med/men/27.jpg', 'thumbnail': 'https://randomuser.me/api/portraits/thumb/men/27.jpg'}</msg>
<arg>${json_data['results'][0]['picture']}</arg>
<doc>Logs the given message with the given level.</doc>
<status status="PASS" start="2024-04-26T11:11:49.728685" elapsed="0.000360"/>
</kw>
<status status="PASS" start="2024-04-26T11:11:49.646824" elapsed="0.082499"/>
</kw>
<kw name="Teste de Tipos de Dados - Postcode" owner="random-user-service">
<kw name="GET On Session" owner="RequestsLibrary">
<msg time="2024-04-26T11:11:49.835858" level="INFO">GET Request : url=https://randomuser.me/api 
 path_url=/api 
 headers={'User-Agent': 'python-requests/2.31.0', 'Accept-Encoding': 'gzip, deflate', 'Accept': '*/*', 'Connection': 'keep-alive'} 
 body=None 
 </msg>
<msg time="2024-04-26T11:11:49.835951" level="INFO">GET Response : url=https://randomuser.me/api 
 status=200, reason=OK 
 headers={'Date': 'Fri, 26 Apr 2024 11:11:49 GMT', 'Content-Type': 'application/json; charset=utf-8', 'Transfer-Encoding': 'chunked', 'Connection': 'keep-alive', 'X-Powered-By': 'Express', 'Access-Control-Allow-Origin': '*', 'Cache-Control': 'no-cache', 'ETag': 'W/"489-B3rtm5i/uGeZDN1LRLNiRMVeTfY"', 'Vary': 'Accept-Encoding', 'Content-Encoding': 'gzip', 'CF-Cache-Status': 'DYNAMIC', 'Report-To': '{"endpoints":[{"url":"https:\\/\\/a.nel.cloudflare.com\\/report\\/v4?s=P8vtzL%2B3Qb4uqz8YiZFhxoCqfM7Bcs7t%2Fl9breMezIL2ZoVHHVvSgZvI257RvU1ESK1Wr9Z3xTWlUHOQ%2BBvXKUDPeEW4WYGQ%2FnYFmfrIZOFL2C8qeR1vFhB0pnO0YoHM"}],"group":"cf-nel","max_age":604800}', 'NEL': '{"success_fraction":0,"report_to":"cf-nel","max_age":604800}', 'Server': 'cloudflare', 'CF-RAY': '87a6225fdb8a2a96-ORD', 'alt-svc': 'h3=":443"; ma=86400'} 
 body={"results":[{"gender":"female","name":{"title":"Mrs","first":"Ruža","last":"Ilić"},"location":{"street":{"number":7212,"name":"Ariljačka"},"city":"Trgovište","state":"Podunavlje","country":"Serbia","postcode":49525,"coordinates":{"latitude":"57.9621","longitude":"144.4638"},"timezone":{"offset":"-7:00","description":"Mountain Time (US &amp; Canada)"}},"email":"ruza.ilic@example.com","login":{"uuid":"b372b0d8-7247-4d7c-907f-40cbd19d04e1","username":"yellowelephant116","password":"jayhawk","salt":"kqBYDXLa","md5":"8728cd0b9fd3129805d6c5a5aed32a28","sha1":"975a89a9271520ff46d158574a1419071f78d8f1","sha256":"d9a794ecb346d6236f6f2fa1fe117b519da9e82adfb6174bd2cb217b3b525290"},"dob":{"date":"1987-12-25T02:40:50.785Z","age":36},"registered":{"date":"2016-07-18T10:45:12.679Z","age":7},"phone":"016-8029-077","cell":"063-2459-503","id":{"name":"SID","value":"589456051"},"picture":{"large":"https://randomuser.me/api/portraits/women/81.jpg","medium":"https://randomuser.me/api/portraits/med/women/81.jpg","thumbnail":"https://randomuser.me/api/portraits/thumb/women/81.jpg"},"nat":"RS"}],"info":{"seed":"cdf4fbe6799ed885","results":1,"page":1,"version":"1.4"}} 
 </msg>
<msg time="2024-04-26T11:11:49.836035" level="INFO">/opt/hostedtoolcache/Python/3.12.3/x64/lib/python3.12/site-packages/urllib3/connectionpool.py:1103: InsecureRequestWarning: Unverified HTTPS request is being made to host 'randomuser.me'. Adding certificate verification is strongly advised. See: https://urllib3.readthedocs.io/en/latest/advanced-usage.html#tls-warnings
  warnings.warn(</msg>
<msg time="2024-04-26T11:11:49.836157" level="INFO">${response} = &lt;Response [200]&gt;</msg>
<var>${response}</var>
<arg>consultarAPI</arg>
<arg>/api</arg>
<doc>Sends a GET request on a previously created HTTP Session.</doc>
<status status="PASS" start="2024-04-26T11:11:49.729763" elapsed="0.106448"/>
</kw>
<kw name="Set Variable" owner="BuiltIn">
<msg time="2024-04-26T11:11:49.837310" level="INFO">${json_data} = {'results': [{'gender': 'female', 'name': {'title': 'Mrs', 'first': 'Ruža', 'last': 'Ilić'}, 'location': {'street': {'number': 7212, 'name': 'Ariljačka'}, 'city': 'Trgovište', 'state': 'Podunavlje', '...</msg>
<var>${json_data}</var>
<arg>${response.json()}</arg>
<doc>Returns the given values which can then be assigned to a variables.</doc>
<status status="PASS" start="2024-04-26T11:11:49.836695" elapsed="0.000651"/>
</kw>
<kw name="Log" owner="BuiltIn">
<msg time="2024-04-26T11:11:49.837837" level="INFO">{'results': [{'gender': 'female', 'name': {'title': 'Mrs', 'first': 'Ruža', 'last': 'Ilić'}, 'location': {'street': {'number': 7212, 'name': 'Ariljačka'}, 'city': 'Trgovište', 'state': 'Podunavlje', 'country': 'Serbia', 'postcode': 49525, 'coordinates': {'latitude': '57.9621', 'longitude': '144.4638'}, 'timezone': {'offset': '-7:00', 'description': 'Mountain Time (US &amp; Canada)'}}, 'email': 'ruza.ilic@example.com', 'login': {'uuid': 'b372b0d8-7247-4d7c-907f-40cbd19d04e1', 'username': 'yellowelephant116', 'password': 'jayhawk', 'salt': 'kqBYDXLa', 'md5': '8728cd0b9fd3129805d6c5a5aed32a28', 'sha1': '975a89a9271520ff46d158574a1419071f78d8f1', 'sha256': 'd9a794ecb346d6236f6f2fa1fe117b519da9e82adfb6174bd2cb217b3b525290'}, 'dob': {'date': '1987-12-25T02:40:50.785Z', 'age': 36}, 'registered': {'date': '2016-07-18T10:45:12.679Z', 'age': 7}, 'phone': '016-8029-077', 'cell': '063-2459-503', 'id': {'name': 'SID', 'value': '589456051'}, 'picture': {'large': 'https://randomuser.me/api/portraits/women/81.jpg', 'medium': 'https://randomuser.me/api/portraits/med/women/81.jpg', 'thumbnail': 'https://randomuser.me/api/portraits/thumb/women/81.jpg'}, 'nat': 'RS'}], 'info': {'seed': 'cdf4fbe6799ed885', 'results': 1, 'page': 1, 'version': '1.4'}}</msg>
<arg>${json_data}</arg>
<doc>Logs the given message with the given level.</doc>
<status status="PASS" start="2024-04-26T11:11:49.837675" elapsed="0.000245"/>
</kw>
<kw name="Should Be Equal As Numbers" owner="BuiltIn">
<arg>${json_data['results'][0]['location']['postcode']}</arg>
<arg>${json_data['results'][0]['location']['postcode']}</arg>
<doc>Fails if objects are unequal after converting them to real numbers.</doc>
<status status="PASS" start="2024-04-26T11:11:49.838362" elapsed="0.000623"/>
</kw>
<kw name="Log" owner="BuiltIn">
<msg time="2024-04-26T11:11:49.839520" level="INFO">49525</msg>
<arg>${json_data['results'][0]['location']['postcode']}</arg>
<doc>Logs the given message with the given level.</doc>
<status status="PASS" start="2024-04-26T11:11:49.839180" elapsed="0.000381"/>
</kw>
<status status="PASS" start="2024-04-26T11:11:49.729539" elapsed="0.110276"/>
</kw>
<doc>Testa se os tipos de dados na resposta da API estão corretos.</doc>
<tag>testeTiposDados</tag>
<status status="PASS" start="2024-04-26T11:11:49.646325" elapsed="0.193651"/>
</test>
<test id="s1-s1-t5" name="Validar conteudo" line="35">
<kw name="Teste de Tipos de Conteudo" owner="random-user-service">
<kw name="GET On Session" owner="RequestsLibrary">
<msg time="2024-04-26T11:11:49.921791" level="INFO">GET Request : url=https://randomuser.me/api 
 path_url=/api 
 headers={'User-Agent': 'python-requests/2.31.0', 'Accept-Encoding': 'gzip, deflate', 'Accept': '*/*', 'Connection': 'keep-alive'} 
 body=None 
 </msg>
<msg time="2024-04-26T11:11:49.921875" level="INFO">GET Response : url=https://randomuser.me/api 
 status=200, reason=OK 
 headers={'Date': 'Fri, 26 Apr 2024 11:11:49 GMT', 'Content-Type': 'application/json; charset=utf-8', 'Transfer-Encoding': 'chunked', 'Connection': 'keep-alive', 'X-Powered-By': 'Express', 'Access-Control-Allow-Origin': '*', 'Cache-Control': 'no-cache', 'ETag': 'W/"47d-mAJdGa6Iu0HLaA7h3ZK1RfNNSxY"', 'Vary': 'Accept-Encoding', 'Content-Encoding': 'gzip', 'CF-Cache-Status': 'DYNAMIC', 'Report-To': '{"endpoints":[{"url":"https:\\/\\/a.nel.cloudflare.com\\/report\\/v4?s=JVMEuPHz4YN5IW%2BmTj5lMwxKW1ICkYGO%2BCtZF9Cs9aqlzvH841B5fm3%2BshuMTFq%2BrC2UL8sutLwfdAsibVWghf1v9FAVrnRpshueJBb44a0ki3vSUkVcyLz3isTwuaU4"}],"group":"cf-nel","max_age":604800}', 'NEL': '{"success_fraction":0,"report_to":"cf-nel","max_age":604800}', 'Server': 'cloudflare', 'CF-RAY': '87a622608c0b2a96-ORD', 'alt-svc': 'h3=":443"; ma=86400'} 
 body={"results":[{"gender":"male","name":{"title":"Mr","first":"Ethan","last":"Slawa"},"location":{"street":{"number":9510,"name":"Cedar St"},"city":"Field","state":"Québec","country":"Canada","postcode":"I4S 3D2","coordinates":{"latitude":"-67.4330","longitude":"-29.9014"},"timezone":{"offset":"+1:00","description":"Brussels, Copenhagen, Madrid, Paris"}},"email":"ethan.slawa@example.com","login":{"uuid":"5d7f35c2-3be4-470a-b9a0-ba3c9893109a","username":"redbear762","password":"mpegs","salt":"oS3tEbOB","md5":"e8097eb6d5841edf58093a954cab476e","sha1":"25acadfaee003e41de89240268ea7c40afa41e22","sha256":"e8c2568cf534385861401092713f895030580d6f93a11a57e0cec5fa13b10deb"},"dob":{"date":"1982-12-07T23:12:52.469Z","age":41},"registered":{"date":"2006-08-04T11:45:28.384Z","age":17},"phone":"P55 G00-5668","cell":"H67 J69-8365","id":{"name":"SIN","value":"193351657"},"picture":{"large":"https://randomuser.me/api/portraits/men/77.jpg","medium":"https://randomuser.me/api/portraits/med/men/77.jpg","thumbnail":"https://randomuser.me/api/portraits/thumb/men/77.jpg"},"nat":"CA"}],"info":{"seed":"da9efbd7df7bb966","results":1,"page":1,"version":"1.4"}} 
 </msg>
<msg time="2024-04-26T11:11:49.921950" level="INFO">/opt/hostedtoolcache/Python/3.12.3/x64/lib/python3.12/site-packages/urllib3/connectionpool.py:1103: InsecureRequestWarning: Unverified HTTPS request is being made to host 'randomuser.me'. Adding certificate verification is strongly advised. See: https://urllib3.readthedocs.io/en/latest/advanced-usage.html#tls-warnings
  warnings.warn(</msg>
<msg time="2024-04-26T11:11:49.922069" level="INFO">${response} = &lt;Response [200]&gt;</msg>
<var>${response}</var>
<arg>consultarAPI</arg>
<arg>/api</arg>
<doc>Sends a GET request on a previously created HTTP Session.</doc>
<status status="PASS" start="2024-04-26T11:11:49.842499" elapsed="0.079623"/>
</kw>
<kw name="Set Variable" owner="BuiltIn">
<msg time="2024-04-26T11:11:49.923214" level="INFO">${json_data} = {'results': [{'gender': 'male', 'name': {'title': 'Mr', 'first': 'Ethan', 'last': 'Slawa'}, 'location': {'street': {'number': 9510, 'name': 'Cedar St'}, 'city': 'Field', 'state': 'Québec', 'country': ...</msg>
<var>${json_data}</var>
<arg>${response.json()}</arg>
<doc>Returns the given values which can then be assigned to a variables.</doc>
<status status="PASS" start="2024-04-26T11:11:49.922668" elapsed="0.000574"/>
</kw>
<kw name="Set Variable" owner="BuiltIn">
<msg time="2024-04-26T11:11:49.923941" level="INFO">${name_title} = Mr</msg>
<var>${name_title}</var>
<arg>${json_data["results"][0]["name"]["title"]}</arg>
<doc>Returns the given values which can then be assigned to a variables.</doc>
<status status="PASS" start="2024-04-26T11:11:49.923557" elapsed="0.000409"/>
</kw>
<kw name="Create List" owner="BuiltIn">
<msg time="2024-04-26T11:11:49.924412" level="INFO">${allowed_titles} = ['Mr', 'Ms', 'Miss', 'Mrs', 'Madame', 'Monsieur']</msg>
<var>${allowed_titles}</var>
<arg>Mr</arg>
<arg>Ms</arg>
<arg>Miss</arg>
<arg>Mrs</arg>
<arg>Madame</arg>
<arg>Monsieur</arg>
<doc>Returns a list containing given items.</doc>
<status status="PASS" start="2024-04-26T11:11:49.924263" elapsed="0.000174"/>
</kw>
<kw name="List Should Contain Value" owner="Collections">
<msg time="2024-04-26T11:11:49.924901" level="INFO">False</msg>
<arg>${allowed_titles}</arg>
<arg>${name_title}</arg>
<doc>Fails if the ``value`` is not found from ``list``.</doc>
<status status="PASS" start="2024-04-26T11:11:49.924733" elapsed="0.000205"/>
</kw>
<kw name="Set Variable" owner="BuiltIn">
<msg time="2024-04-26T11:11:49.925646" level="INFO">${name_country} = CA</msg>
<var>${name_country}</var>
<arg>${json_data["results"][0]["nat"]}</arg>
<doc>Returns the given values which can then be assigned to a variables.</doc>
<status status="PASS" start="2024-04-26T11:11:49.925223" elapsed="0.000449"/>
</kw>
<kw name="Create List" owner="BuiltIn">
<msg time="2024-04-26T11:11:49.926571" level="INFO">${list_country} = ['AD', 'AE', 'AF', 'AG', 'AI', 'AL', 'AM', 'AO', 'AQ', 'AR', 'AS', 'AT', 'AU', 'AW', 'AX', 'AZ', 'BA', 'BB', 'BD', 'BE', 'BF', 'BG', 'BH', 'BI', 'BJ', 'BL', 'BM', 'BN', 'BO', 'BQ', 'BR', 'BS', 'BT', '...</msg>
<var>${list_country}</var>
<arg>AD</arg>
<arg>AE</arg>
<arg>AF</arg>
<arg>AG</arg>
<arg>AI</arg>
<arg>AL</arg>
<arg>AM</arg>
<arg>AO</arg>
<arg>AQ</arg>
<arg>AR</arg>
<arg>AS</arg>
<arg>AT</arg>
<arg>AU</arg>
<arg>AW</arg>
<arg>AX</arg>
<arg>AZ</arg>
<arg>BA</arg>
<arg>BB</arg>
<arg>BD</arg>
<arg>BE</arg>
<arg>BF</arg>
<arg>BG</arg>
<arg>BH</arg>
<arg>BI</arg>
<arg>BJ</arg>
<arg>BL</arg>
<arg>BM</arg>
<arg>BN</arg>
<arg>BO</arg>
<arg>BQ</arg>
<arg>BR</arg>
<arg>BS</arg>
<arg>BT</arg>
<arg>BV</arg>
<arg>BW</arg>
<arg>BY</arg>
<arg>BZ</arg>
<arg>CA</arg>
<arg>CC</arg>
<arg>CD</arg>
<arg>CF</arg>
<arg>CG</arg>
<arg>CH</arg>
<arg>CI</arg>
<arg>CK</arg>
<arg>CL</arg>
<arg>CM</arg>
<arg>CN</arg>
<arg>CO</arg>
<arg>CR</arg>
<arg>CU</arg>
<arg>CV</arg>
<arg>CW</arg>
<arg>CX</arg>
<arg>CY</arg>
<arg>CZ</arg>
<arg>DE</arg>
<arg>DJ</arg>
<arg>DK</arg>
<arg>DM</arg>
<arg>DO</arg>
<arg>DZ</arg>
<arg>EC</arg>
<arg>EE</arg>
<arg>EG</arg>
<arg>EH</arg>
<arg>ER</arg>
<arg>ES</arg>
<arg>ET</arg>
<arg>FI</arg>
<arg>FJ</arg>
<arg>FK</arg>
<arg>FM</arg>
<arg>FO</arg>
<arg>FR</arg>
<arg>GA</arg>
<arg>GB</arg>
<arg>GD</arg>
<arg>GE</arg>
<arg>GF</arg>
<arg>GG</arg>
<arg>GH</arg>
<arg>GI</arg>
<arg>GL</arg>
<arg>GM</arg>
<arg>GN</arg>
<arg>GP</arg>
<arg>GQ</arg>
<arg>GR</arg>
<arg>GS</arg>
<arg>GT</arg>
<arg>GU</arg>
<arg>GW</arg>
<arg>GY</arg>
<arg>HK</arg>
<arg>HM</arg>
<arg>HN</arg>
<arg>HR</arg>
<arg>HT</arg>
<arg>HU</arg>
<arg>ID</arg>
<arg>IE</arg>
<arg>IL</arg>
<arg>IM</arg>
<arg>IN</arg>
<arg>IO</arg>
<arg>IQ</arg>
<arg>IR</arg>
<arg>IS</arg>
<arg>IT</arg>
<arg>JE</arg>
<arg>JM</arg>
<arg>JO</arg>
<arg>JP</arg>
<arg>KE</arg>
<arg>KG</arg>
<arg>KH</arg>
<arg>KI</arg>
<arg>KM</arg>
<arg>KN</arg>
<arg>KP</arg>
<arg>KR</arg>
<arg>KW</arg>
<arg>KY</arg>
<arg>KZ</arg>
<arg>LA</arg>
<arg>LB</arg>
<arg>LC</arg>
<arg>LI</arg>
<arg>LK</arg>
<arg>LR</arg>
<arg>LS</arg>
<arg>LT</arg>
<arg>LU</arg>
<arg>LV</arg>
<arg>LY</arg>
<arg>MA</arg>
<arg>MC</arg>
<arg>MD</arg>
<arg>ME</arg>
<arg>MF</arg>
<arg>MG</arg>
<arg>MH</arg>
<arg>MK</arg>
<arg>ML</arg>
<arg>MM</arg>
<arg>MN</arg>
<arg>MO</arg>
<arg>MP</arg>
<arg>MQ</arg>
<arg>MR</arg>
<arg>MS</arg>
<arg>MT</arg>
<arg>MU</arg>
<arg>MV</arg>
<arg>MW</arg>
<arg>MX</arg>
<arg>MY</arg>
<arg>MZ</arg>
<arg>NA</arg>
<arg>NC</arg>
<arg>NE</arg>
<arg>NF</arg>
<arg>NG</arg>
<arg>NI</arg>
<arg>NL</arg>
<arg>NO</arg>
<arg>NP</arg>
<arg>NR</arg>
<arg>NU</arg>
<arg>NZ</arg>
<arg>OM</arg>
<arg>PA</arg>
<arg>PE</arg>
<arg>PF</arg>
<arg>PG</arg>
<arg>PH</arg>
<arg>PK</arg>
<arg>PL</arg>
<arg>PM</arg>
<arg>PN</arg>
<arg>PR</arg>
<arg>PS</arg>
<arg>PT</arg>
<arg>PW</arg>
<arg>PY</arg>
<arg>QA</arg>
<arg>RE</arg>
<arg>RO</arg>
<arg>RS</arg>
<arg>RU</arg>
<arg>RW</arg>
<arg>SA</arg>
<arg>SB</arg>
<arg>SC</arg>
<arg>SD</arg>
<arg>SE</arg>
<arg>SG</arg>
<arg>SH</arg>
<arg>SI</arg>
<arg>SJ</arg>
<arg>SK</arg>
<arg>SL</arg>
<arg>SM</arg>
<arg>SN</arg>
<arg>SO</arg>
<arg>SR</arg>
<arg>SS</arg>
<arg>ST</arg>
<arg>SV</arg>
<arg>SX</arg>
<arg>SY</arg>
<arg>SZ</arg>
<arg>TC</arg>
<arg>TD</arg>
<arg>TF</arg>
<arg>TG</arg>
<arg>TH</arg>
<arg>TJ</arg>
<arg>TK</arg>
<arg>TL</arg>
<arg>TM</arg>
<arg>TN</arg>
<arg>TO</arg>
<arg>TR</arg>
<arg>TT</arg>
<arg>TV</arg>
<arg>TW</arg>
<arg>TZ</arg>
<arg>UA</arg>
<arg>UG</arg>
<arg>UM</arg>
<arg>US</arg>
<arg>UY</arg>
<arg>UZ</arg>
<arg>VA</arg>
<arg>VC</arg>
<arg>VE</arg>
<arg>VG</arg>
<arg>VI</arg>
<arg>VN</arg>
<arg>VU</arg>
<arg>WF</arg>
<arg>WS</arg>
<arg>XK</arg>
<arg>YE</arg>
<arg>YT</arg>
<arg>ZA</arg>
<arg>ZM</arg>
<arg>ZW</arg>
<doc>Returns a list containing given items.</doc>
<status status="PASS" start="2024-04-26T11:11:49.925976" elapsed="0.000620"/>
</kw>
<kw name="List Should Contain Value" owner="Collections">
<msg time="2024-04-26T11:11:49.927586" level="INFO">False</msg>
<arg>${list_country}</arg>
<arg>${name_country}</arg>
<doc>Fails if the ``value`` is not found from ``list``.</doc>
<status status="PASS" start="2024-04-26T11:11:49.927387" elapsed="0.000235"/>
</kw>
<kw name="Run Keyword If" owner="BuiltIn">
<kw name="Should Be True" owner="BuiltIn">
<arg>${True}</arg>
<doc>Fails if the given condition is not true.</doc>
<status status="PASS" start="2024-04-26T11:11:49.928685" elapsed="0.000246"/>
</kw>
<arg>${json_data["results"][0]["location"]["coordinates"]["latitude"]} &gt;= -90 and ${json_data["results"][0]["location"]["coordinates"]["latitude"]} &lt;= 90</arg>
<arg>Should Be True</arg>
<arg>${True}</arg>
<doc>Runs the given keyword with the given arguments, if ``condition`` is true.</doc>
<status status="PASS" start="2024-04-26T11:11:49.927931" elapsed="0.001132"/>
</kw>
<kw name="Run Keyword If" owner="BuiltIn">
<kw name="Should Be True" owner="BuiltIn">
<arg>${True}</arg>
<doc>Fails if the given condition is not true.</doc>
<status status="PASS" start="2024-04-26T11:11:49.929991" elapsed="0.000139"/>
</kw>
<arg>${json_data["results"][0]["location"]["coordinates"]["longitude"]} &gt;= -180 and ${json_data["results"][0]["location"]["coordinates"]["longitude"]} &lt;= 180</arg>
<arg>Should Be True</arg>
<arg>${True}</arg>
<doc>Runs the given keyword with the given arguments, if ``condition`` is true.</doc>
<status status="PASS" start="2024-04-26T11:11:49.929251" elapsed="0.001005"/>
</kw>
<status status="PASS" start="2024-04-26T11:11:49.842276" elapsed="0.088109"/>
</kw>
<doc>Testa o conteúdo específico dos campos retornados pela API.</doc>
<tag>testeConteudo</tag>
<status status="PASS" start="2024-04-26T11:11:49.841771" elapsed="0.088756"/>
</test>
<status status="PASS" start="2024-04-26T11:11:49.001885" elapsed="0.930572"/>
</suite>
<status status="PASS" start="2024-04-26T11:11:48.987469" elapsed="0.950177"/>
</suite>
<statistics>
<total>
<stat pass="5" fail="0" skip="0">All Tests</stat>
</total>
<tag>
<stat pass="1" fail="0" skip="0">testeConteudo</stat>
<stat pass="1" fail="0" skip="0">testeEstruturaResposta</stat>
<stat pass="1" fail="0" skip="0">testeRequisicaoBasica</stat>
<stat pass="1" fail="0" skip="0">testeTiposDados</stat>
</tag>
<suite>
<stat pass="5" fail="0" skip="0" id="s1" name="Tests">Tests</stat>
<stat pass="5" fail="0" skip="0" id="s1-s1" name="Random-User-Test">Tests.Random-User-Test</stat>
</suite>
</statistics>
<errors>
</errors>
</robot>
