<?xml version="1.0" encoding="UTF-8"?>
<robot generator="Robot 7.0 (Python 3.12.3 on linux)" generated="2024-05-21T23:15:26.134972" rpa="false" schemaversion="5">
<suite id="s1" name="Tests" source="/home/runner/work/DesafioQAItauRogerioJordao/DesafioQAItauRogerioJordao/RamdonUser/tests">
<suite id="s1-s1" name="Random-User-Test" source="/home/runner/work/DesafioQAItauRogerioJordao/DesafioQAItauRogerioJordao/RamdonUser/tests/random-user-test.robot">
<test id="s1-s1-t1" name="Conectar" line="13">
<kw name="Conectar API" owner="random-user-service">
<kw name="Create Session" owner="RequestsLibrary">
<msg time="2024-05-21T23:15:26.555298" level="INFO">Creating Session using : alias=consultarAPI, url=https://randomuser.me/, headers={},                     cookies={}, auth=None, timeout=None, proxies=None, verify=False,                     debug=0 </msg>
<arg>consultarAPI</arg>
<arg>${URL}</arg>
<doc>Create Session: create a HTTP session to a server</doc>
<status status="PASS" start="2024-05-21T23:15:26.555093" elapsed="0.000395"/>
</kw>
<status status="PASS" start="2024-05-21T23:15:26.554030" elapsed="0.001826"/>
</kw>
<status status="PASS" start="2024-05-21T23:15:26.553408" elapsed="0.002678"/>
</test>
<test id="s1-s1-t2" name="Validar retorno 200 e JSON Válido" line="16">
<kw name="Teste de Requisicao Basica" owner="random-user-service">
<kw name="GET On Session" owner="RequestsLibrary">
<msg time="2024-05-21T23:15:26.787277" level="INFO">GET Request : url=https://randomuser.me/api 
 path_url=/api 
 headers={'User-Agent': 'python-requests/2.32.2', 'Accept-Encoding': 'gzip, deflate', 'Accept': '*/*', 'Connection': 'keep-alive'} 
 body=None 
 </msg>
<msg time="2024-05-21T23:15:26.787449" level="INFO">GET Response : url=https://randomuser.me/api 
 status=200, reason=OK 
 headers={'Date': 'Tue, 21 May 2024 23:15:26 GMT', 'Content-Type': 'application/json; charset=utf-8', 'Transfer-Encoding': 'chunked', 'Connection': 'keep-alive', 'X-Powered-By': 'Express', 'Access-Control-Allow-Origin': '*', 'Cache-Control': 'no-cache', 'ETag': 'W/"4b7-ilI8bN50vKMzNkeUe3B7ObTQn2I"', 'Vary': 'Accept-Encoding', 'Content-Encoding': 'gzip', 'CF-Cache-Status': 'DYNAMIC', 'Report-To': '{"endpoints":[{"url":"https:\\/\\/a.nel.cloudflare.com\\/report\\/v4?s=i3ok8zh4U9ADL7CSZVpKkzOzuRqBPTgDHdEXhv2%2BjNBxTo79UEsWkK2L2rSLYrIIt6SwJS1TyrgmAPuHhR4vUvmKEmG9AsWsdznlrvrX0wWKkO39NtRllTfW%2F%2FIArEsl"}],"group":"cf-nel","max_age":604800}', 'NEL': '{"success_fraction":0,"report_to":"cf-nel","max_age":604800}', 'Server': 'cloudflare', 'CF-RAY': '887844bc29748f1a-IAD', 'alt-svc': 'h3=":443"; ma=86400'} 
 body={"results":[{"gender":"female","name":{"title":"Ms","first":"Fabíola","last":"Monteiro"},"location":{"street":{"number":7889,"name":"Rua Vinte E Quatro de Outubro"},"city":"Caruaru","state":"Tocantins","country":"Brazil","postcode":91698,"coordinates":{"latitude":"-74.1553","longitude":"119.3058"},"timezone":{"offset":"-4:00","description":"Atlantic Time (Canada), Caracas, La Paz"}},"email":"fabiola.monteiro@example.com","login":{"uuid":"59e4cf3f-edaf-4535-b5db-89409cf6c981","username":"sadleopard630","password":"slayer1","salt":"YN9unvBw","md5":"a5a06b634b94f66eb8136d5efa12d37a","sha1":"00977f543e03ab8057c66aa539b127b0535f8ef4","sha256":"69db07a53c40a5338975ae84f7a186a47c2dcf1911cf9a3c87e39cb85d8b65a7"},"dob":{"date":"1961-03-24T06:18:09.674Z","age":63},"registered":{"date":"2002-11-11T18:59:03.277Z","age":21},"phone":"(79) 4755-0628","cell":"(12) 7140-0904","id":{"name":"CPF","value":"299.185.558-36"},"picture":{"large":"https://randomuser.me/api/portraits/women/56.jpg","medium":"https://randomuser.me/api/portraits/med/women/56.jpg","thumbnail":"https://randomuser.me/api/portraits/thumb/women/56.jpg"},"nat":"BR"}],"info":{"seed":"d41b327879be6e96","results":1,"page":1,"version":"1.4"}} 
 </msg>
<msg time="2024-05-21T23:15:26.787543" level="INFO">/opt/hostedtoolcache/Python/3.12.3/x64/lib/python3.12/site-packages/urllib3/connectionpool.py:1103: InsecureRequestWarning: Unverified HTTPS request is being made to host 'randomuser.me'. Adding certificate verification is strongly advised. See: https://urllib3.readthedocs.io/en/latest/advanced-usage.html#tls-warnings
  warnings.warn(</msg>
<msg time="2024-05-21T23:15:26.787717" level="INFO">${response} = &lt;Response [200]&gt;</msg>
<var>${response}</var>
<arg>consultarAPI</arg>
<arg>/api</arg>
<doc>Sends a GET request on a previously created HTTP Session.</doc>
<status status="PASS" start="2024-05-21T23:15:26.558704" elapsed="0.229055"/>
</kw>
<kw name="Should Be Equal As Numbers" owner="BuiltIn">
<msg time="2024-05-21T23:15:26.788956" level="INFO">Argument types are:
&lt;class 'int'&gt;
&lt;class 'str'&gt;</msg>
<arg>${response.status_code}</arg>
<arg>200</arg>
<doc>Fails if objects are unequal after converting them to real numbers.</doc>
<status status="PASS" start="2024-05-21T23:15:26.788448" elapsed="0.000577"/>
</kw>
<kw name="Log" owner="BuiltIn">
<msg time="2024-05-21T23:15:26.789796" level="INFO">200</msg>
<arg>${response.status_code}</arg>
<doc>Logs the given message with the given level.</doc>
<status status="PASS" start="2024-05-21T23:15:26.789390" elapsed="0.000455"/>
</kw>
<kw name="Set Variable" owner="BuiltIn">
<msg time="2024-05-21T23:15:26.790616" level="INFO">${json_data} = {'results': [{'gender': 'female', 'name': {'title': 'Ms', 'first': 'Fabíola', 'last': 'Monteiro'}, 'location': {'street': {'number': 7889, 'name': 'Rua Vinte E Quatro de Outubro'}, 'city': 'Caruaru', ...</msg>
<var>${json_data}</var>
<arg>${response.json()}</arg>
<doc>Returns the given values which can then be assigned to a variables.</doc>
<status status="PASS" start="2024-05-21T23:15:26.790167" elapsed="0.000479"/>
</kw>
<kw name="Dictionary Should Contain Key" owner="Collections">
<msg time="2024-05-21T23:15:26.791128" level="INFO">False</msg>
<arg>${json_data}</arg>
<arg>results</arg>
<doc>Fails if ``key`` is not found from ``dictionary``.</doc>
<status status="PASS" start="2024-05-21T23:15:26.790952" elapsed="0.000384"/>
</kw>
<status status="PASS" start="2024-05-21T23:15:26.558461" elapsed="0.233145"/>
</kw>
<doc>Testa se a API responde corretamente e retorna um objeto JSON válido.</doc>
<tag>testeRequisicaoBasica</tag>
<status status="PASS" start="2024-05-21T23:15:26.557955" elapsed="0.233840"/>
</test>
<test id="s1-s1-t3" name="Validar estrutura de resposta" line="22">
<kw name="Teste de Estrutura de Resposta" owner="random-user-service">
<kw name="GET On Session" owner="RequestsLibrary">
<msg time="2024-05-21T23:15:26.884197" level="INFO">GET Request : url=https://randomuser.me/api 
 path_url=/api 
 headers={'User-Agent': 'python-requests/2.32.2', 'Accept-Encoding': 'gzip, deflate', 'Accept': '*/*', 'Connection': 'keep-alive'} 
 body=None 
 </msg>
<msg time="2024-05-21T23:15:26.884300" level="INFO">GET Response : url=https://randomuser.me/api 
 status=200, reason=OK 
 headers={'Date': 'Tue, 21 May 2024 23:15:26 GMT', 'Content-Type': 'application/json; charset=utf-8', 'Transfer-Encoding': 'chunked', 'Connection': 'keep-alive', 'X-Powered-By': 'Express', 'Access-Control-Allow-Origin': '*', 'Cache-Control': 'no-cache', 'ETag': 'W/"4a3-9+mB0LqmHYtW2U8D5AHgt5OBw7M"', 'Vary': 'Accept-Encoding', 'Content-Encoding': 'gzip', 'CF-Cache-Status': 'DYNAMIC', 'Report-To': '{"endpoints":[{"url":"https:\\/\\/a.nel.cloudflare.com\\/report\\/v4?s=tllpD2qpQ234QGRIcVKsCiZtKax2C6ppxzHjt5vAmHdR8%2FSqk5rGB%2B9hAruDWq0xXfhaaIoYyoW%2BUFB%2BHIjGZVZI0pij5f%2Bq%2FTeCxWs%2F%2FBI35dcZMjn8fcxxNC5CPlsk"}],"group":"cf-nel","max_age":604800}', 'NEL': '{"success_fraction":0,"report_to":"cf-nel","max_age":604800}', 'Server': 'cloudflare', 'CF-RAY': '887844bc79ba8f1a-IAD', 'alt-svc': 'h3=":443"; ma=86400'} 
 body={"results":[{"gender":"male","name":{"title":"Mr","first":"Tomothy","last":"Chavez"},"location":{"street":{"number":5550,"name":"W Dallas St"},"city":"Bathurst","state":"Australian Capital Territory","country":"Australia","postcode":9799,"coordinates":{"latitude":"-81.5725","longitude":"-168.8548"},"timezone":{"offset":"+9:00","description":"Tokyo, Seoul, Osaka, Sapporo, Yakutsk"}},"email":"tomothy.chavez@example.com","login":{"uuid":"e2e8e102-3e9f-4495-86ed-a70d172f160e","username":"tinysnake710","password":"ggggggg","salt":"m5L7rKuF","md5":"9cd2e19d05888d7e257e964f1b9627a5","sha1":"04ea9dc37c989334c9c5ac6aff98007d50fbcbaf","sha256":"d6153fba884e4fc7e58166059d7709055c878b465ab18d15aebb3fad0e4dcddd"},"dob":{"date":"1970-02-02T04:22:19.674Z","age":54},"registered":{"date":"2003-01-11T03:55:36.727Z","age":21},"phone":"00-4190-4098","cell":"0435-633-483","id":{"name":"TFN","value":"253469292"},"picture":{"large":"https://randomuser.me/api/portraits/men/81.jpg","medium":"https://randomuser.me/api/portraits/med/men/81.jpg","thumbnail":"https://randomuser.me/api/portraits/thumb/men/81.jpg"},"nat":"AU"}],"info":{"seed":"b022ab4cae6f32b6","results":1,"page":1,"version":"1.4"}} 
 </msg>
<msg time="2024-05-21T23:15:26.884423" level="INFO">/opt/hostedtoolcache/Python/3.12.3/x64/lib/python3.12/site-packages/urllib3/connectionpool.py:1103: InsecureRequestWarning: Unverified HTTPS request is being made to host 'randomuser.me'. Adding certificate verification is strongly advised. See: https://urllib3.readthedocs.io/en/latest/advanced-usage.html#tls-warnings
  warnings.warn(</msg>
<msg time="2024-05-21T23:15:26.884564" level="INFO">${response} = &lt;Response [200]&gt;</msg>
<var>${response}</var>
<arg>consultarAPI</arg>
<arg>/api</arg>
<doc>Sends a GET request on a previously created HTTP Session.</doc>
<status status="PASS" start="2024-05-21T23:15:26.794598" elapsed="0.090005"/>
</kw>
<kw name="Set Variable" owner="BuiltIn">
<msg time="2024-05-21T23:15:26.885750" level="INFO">${json_data} = {'results': [{'gender': 'male', 'name': {'title': 'Mr', 'first': 'Tomothy', 'last': 'Chavez'}, 'location': {'street': {'number': 5550, 'name': 'W Dallas St'}, 'city': 'Bathurst', 'state': 'Australian ...</msg>
<var>${json_data}</var>
<arg>${response.json()}</arg>
<doc>Returns the given values which can then be assigned to a variables.</doc>
<status status="PASS" start="2024-05-21T23:15:26.885195" elapsed="0.000585"/>
</kw>
<kw name="Log" owner="BuiltIn">
<msg time="2024-05-21T23:15:26.886254" level="INFO">{'results': [{'gender': 'male', 'name': {'title': 'Mr', 'first': 'Tomothy', 'last': 'Chavez'}, 'location': {'street': {'number': 5550, 'name': 'W Dallas St'}, 'city': 'Bathurst', 'state': 'Australian Capital Territory', 'country': 'Australia', 'postcode': 9799, 'coordinates': {'latitude': '-81.5725', 'longitude': '-168.8548'}, 'timezone': {'offset': '+9:00', 'description': 'Tokyo, Seoul, Osaka, Sapporo, Yakutsk'}}, 'email': 'tomothy.chavez@example.com', 'login': {'uuid': 'e2e8e102-3e9f-4495-86ed-a70d172f160e', 'username': 'tinysnake710', 'password': 'ggggggg', 'salt': 'm5L7rKuF', 'md5': '9cd2e19d05888d7e257e964f1b9627a5', 'sha1': '04ea9dc37c989334c9c5ac6aff98007d50fbcbaf', 'sha256': 'd6153fba884e4fc7e58166059d7709055c878b465ab18d15aebb3fad0e4dcddd'}, 'dob': {'date': '1970-02-02T04:22:19.674Z', 'age': 54}, 'registered': {'date': '2003-01-11T03:55:36.727Z', 'age': 21}, 'phone': '00-4190-4098', 'cell': '0435-633-483', 'id': {'name': 'TFN', 'value': '253469292'}, 'picture': {'large': 'https://randomuser.me/api/portraits/men/81.jpg', 'medium': 'https://randomuser.me/api/portraits/med/men/81.jpg', 'thumbnail': 'https://randomuser.me/api/portraits/thumb/men/81.jpg'}, 'nat': 'AU'}], 'info': {'seed': 'b022ab4cae6f32b6', 'results': 1, 'page': 1, 'version': '1.4'}}</msg>
<arg>${json_data}</arg>
<doc>Logs the given message with the given level.</doc>
<status status="PASS" start="2024-05-21T23:15:26.886093" elapsed="0.000210"/>
</kw>
<kw name="Dictionary Should Contain Key" owner="Collections">
<msg time="2024-05-21T23:15:26.886755" level="INFO">False</msg>
<arg>${json_data}</arg>
<arg>results</arg>
<doc>Fails if ``key`` is not found from ``dictionary``.</doc>
<status status="PASS" start="2024-05-21T23:15:26.886598" elapsed="0.000194"/>
</kw>
<kw name="Should Not Be Empty" owner="BuiltIn">
<msg time="2024-05-21T23:15:26.887234" level="INFO">Length is 2.</msg>
<arg>${json_data}</arg>
<doc>Verifies that the given item is not empty.</doc>
<status status="PASS" start="2024-05-21T23:15:26.887100" elapsed="0.000179"/>
</kw>
<kw name="Create List" owner="BuiltIn">
<msg time="2024-05-21T23:15:26.887735" level="INFO">${expected_keys} = ['gender', 'name', 'location', 'email', 'login']</msg>
<var>${expected_keys}</var>
<arg>gender</arg>
<arg>name</arg>
<arg>location</arg>
<arg>email</arg>
<arg>login</arg>
<doc>Returns a list containing given items.</doc>
<status status="PASS" start="2024-05-21T23:15:26.887580" elapsed="0.000180"/>
</kw>
<for flavor="IN">
<iter>
<kw name="Dictionary Should Contain Key" owner="Collections">
<msg time="2024-05-21T23:15:26.888865" level="INFO">False</msg>
<arg>${json_data['results'][0]}</arg>
<arg>${key}</arg>
<doc>Fails if ``key`` is not found from ``dictionary``.</doc>
<status status="PASS" start="2024-05-21T23:15:26.888444" elapsed="0.000466"/>
</kw>
<kw name="Log" owner="BuiltIn">
<msg time="2024-05-21T23:15:26.889596" level="INFO">{'gender': 'male', 'name': {'title': 'Mr', 'first': 'Tomothy', 'last': 'Chavez'}, 'location': {'street': {'number': 5550, 'name': 'W Dallas St'}, 'city': 'Bathurst', 'state': 'Australian Capital Territory', 'country': 'Australia', 'postcode': 9799, 'coordinates': {'latitude': '-81.5725', 'longitude': '-168.8548'}, 'timezone': {'offset': '+9:00', 'description': 'Tokyo, Seoul, Osaka, Sapporo, Yakutsk'}}, 'email': 'tomothy.chavez@example.com', 'login': {'uuid': 'e2e8e102-3e9f-4495-86ed-a70d172f160e', 'username': 'tinysnake710', 'password': 'ggggggg', 'salt': 'm5L7rKuF', 'md5': '9cd2e19d05888d7e257e964f1b9627a5', 'sha1': '04ea9dc37c989334c9c5ac6aff98007d50fbcbaf', 'sha256': 'd6153fba884e4fc7e58166059d7709055c878b465ab18d15aebb3fad0e4dcddd'}, 'dob': {'date': '1970-02-02T04:22:19.674Z', 'age': 54}, 'registered': {'date': '2003-01-11T03:55:36.727Z', 'age': 21}, 'phone': '00-4190-4098', 'cell': '0435-633-483', 'id': {'name': 'TFN', 'value': '253469292'}, 'picture': {'large': 'https://randomuser.me/api/portraits/men/81.jpg', 'medium': 'https://randomuser.me/api/portraits/med/men/81.jpg', 'thumbnail': 'https://randomuser.me/api/portraits/thumb/men/81.jpg'}, 'nat': 'AU'}</msg>
<arg>${json_data['results'][0]}</arg>
<doc>Logs the given message with the given level.</doc>
<status status="PASS" start="2024-05-21T23:15:26.889218" elapsed="0.000429"/>
</kw>
<kw name="Log" owner="BuiltIn">
<msg time="2024-05-21T23:15:26.890084" level="INFO">gender</msg>
<arg>${key}</arg>
<doc>Logs the given message with the given level.</doc>
<status status="PASS" start="2024-05-21T23:15:26.889954" elapsed="0.000169"/>
</kw>
<var name="${key}">gender</var>
<status status="PASS" start="2024-05-21T23:15:26.888298" elapsed="0.002047"/>
</iter>
<iter>
<kw name="Dictionary Should Contain Key" owner="Collections">
<msg time="2024-05-21T23:15:26.891040" level="INFO">False</msg>
<arg>${json_data['results'][0]}</arg>
<arg>${key}</arg>
<doc>Fails if ``key`` is not found from ``dictionary``.</doc>
<status status="PASS" start="2024-05-21T23:15:26.890653" elapsed="0.000425"/>
</kw>
<kw name="Log" owner="BuiltIn">
<msg time="2024-05-21T23:15:26.891764" level="INFO">{'gender': 'male', 'name': {'title': 'Mr', 'first': 'Tomothy', 'last': 'Chavez'}, 'location': {'street': {'number': 5550, 'name': 'W Dallas St'}, 'city': 'Bathurst', 'state': 'Australian Capital Territory', 'country': 'Australia', 'postcode': 9799, 'coordinates': {'latitude': '-81.5725', 'longitude': '-168.8548'}, 'timezone': {'offset': '+9:00', 'description': 'Tokyo, Seoul, Osaka, Sapporo, Yakutsk'}}, 'email': 'tomothy.chavez@example.com', 'login': {'uuid': 'e2e8e102-3e9f-4495-86ed-a70d172f160e', 'username': 'tinysnake710', 'password': 'ggggggg', 'salt': 'm5L7rKuF', 'md5': '9cd2e19d05888d7e257e964f1b9627a5', 'sha1': '04ea9dc37c989334c9c5ac6aff98007d50fbcbaf', 'sha256': 'd6153fba884e4fc7e58166059d7709055c878b465ab18d15aebb3fad0e4dcddd'}, 'dob': {'date': '1970-02-02T04:22:19.674Z', 'age': 54}, 'registered': {'date': '2003-01-11T03:55:36.727Z', 'age': 21}, 'phone': '00-4190-4098', 'cell': '0435-633-483', 'id': {'name': 'TFN', 'value': '253469292'}, 'picture': {'large': 'https://randomuser.me/api/portraits/men/81.jpg', 'medium': 'https://randomuser.me/api/portraits/med/men/81.jpg', 'thumbnail': 'https://randomuser.me/api/portraits/thumb/men/81.jpg'}, 'nat': 'AU'}</msg>
<arg>${json_data['results'][0]}</arg>
<doc>Logs the given message with the given level.</doc>
<status status="PASS" start="2024-05-21T23:15:26.891405" elapsed="0.000408"/>
</kw>
<kw name="Log" owner="BuiltIn">
<msg time="2024-05-21T23:15:26.892280" level="INFO">name</msg>
<arg>${key}</arg>
<doc>Logs the given message with the given level.</doc>
<status status="PASS" start="2024-05-21T23:15:26.892149" elapsed="0.000168"/>
</kw>
<var name="${key}">name</var>
<status status="PASS" start="2024-05-21T23:15:26.890538" elapsed="0.001995"/>
</iter>
<iter>
<kw name="Dictionary Should Contain Key" owner="Collections">
<msg time="2024-05-21T23:15:26.893222" level="INFO">False</msg>
<arg>${json_data['results'][0]}</arg>
<arg>${key}</arg>
<doc>Fails if ``key`` is not found from ``dictionary``.</doc>
<status status="PASS" start="2024-05-21T23:15:26.892823" elapsed="0.000445"/>
</kw>
<kw name="Log" owner="BuiltIn">
<msg time="2024-05-21T23:15:26.893969" level="INFO">{'gender': 'male', 'name': {'title': 'Mr', 'first': 'Tomothy', 'last': 'Chavez'}, 'location': {'street': {'number': 5550, 'name': 'W Dallas St'}, 'city': 'Bathurst', 'state': 'Australian Capital Territory', 'country': 'Australia', 'postcode': 9799, 'coordinates': {'latitude': '-81.5725', 'longitude': '-168.8548'}, 'timezone': {'offset': '+9:00', 'description': 'Tokyo, Seoul, Osaka, Sapporo, Yakutsk'}}, 'email': 'tomothy.chavez@example.com', 'login': {'uuid': 'e2e8e102-3e9f-4495-86ed-a70d172f160e', 'username': 'tinysnake710', 'password': 'ggggggg', 'salt': 'm5L7rKuF', 'md5': '9cd2e19d05888d7e257e964f1b9627a5', 'sha1': '04ea9dc37c989334c9c5ac6aff98007d50fbcbaf', 'sha256': 'd6153fba884e4fc7e58166059d7709055c878b465ab18d15aebb3fad0e4dcddd'}, 'dob': {'date': '1970-02-02T04:22:19.674Z', 'age': 54}, 'registered': {'date': '2003-01-11T03:55:36.727Z', 'age': 21}, 'phone': '00-4190-4098', 'cell': '0435-633-483', 'id': {'name': 'TFN', 'value': '253469292'}, 'picture': {'large': 'https://randomuser.me/api/portraits/men/81.jpg', 'medium': 'https://randomuser.me/api/portraits/med/men/81.jpg', 'thumbnail': 'https://randomuser.me/api/portraits/thumb/men/81.jpg'}, 'nat': 'AU'}</msg>
<arg>${json_data['results'][0]}</arg>
<doc>Logs the given message with the given level.</doc>
<status status="PASS" start="2024-05-21T23:15:26.893599" elapsed="0.000418"/>
</kw>
<kw name="Log" owner="BuiltIn">
<msg time="2024-05-21T23:15:26.894441" level="INFO">location</msg>
<arg>${key}</arg>
<doc>Logs the given message with the given level.</doc>
<status status="PASS" start="2024-05-21T23:15:26.894314" elapsed="0.000166"/>
</kw>
<var name="${key}">location</var>
<status status="PASS" start="2024-05-21T23:15:26.892712" elapsed="0.001987"/>
</iter>
<iter>
<kw name="Dictionary Should Contain Key" owner="Collections">
<msg time="2024-05-21T23:15:26.895489" level="INFO">False</msg>
<arg>${json_data['results'][0]}</arg>
<arg>${key}</arg>
<doc>Fails if ``key`` is not found from ``dictionary``.</doc>
<status status="PASS" start="2024-05-21T23:15:26.894984" elapsed="0.000544"/>
</kw>
<kw name="Log" owner="BuiltIn">
<msg time="2024-05-21T23:15:26.896223" level="INFO">{'gender': 'male', 'name': {'title': 'Mr', 'first': 'Tomothy', 'last': 'Chavez'}, 'location': {'street': {'number': 5550, 'name': 'W Dallas St'}, 'city': 'Bathurst', 'state': 'Australian Capital Territory', 'country': 'Australia', 'postcode': 9799, 'coordinates': {'latitude': '-81.5725', 'longitude': '-168.8548'}, 'timezone': {'offset': '+9:00', 'description': 'Tokyo, Seoul, Osaka, Sapporo, Yakutsk'}}, 'email': 'tomothy.chavez@example.com', 'login': {'uuid': 'e2e8e102-3e9f-4495-86ed-a70d172f160e', 'username': 'tinysnake710', 'password': 'ggggggg', 'salt': 'm5L7rKuF', 'md5': '9cd2e19d05888d7e257e964f1b9627a5', 'sha1': '04ea9dc37c989334c9c5ac6aff98007d50fbcbaf', 'sha256': 'd6153fba884e4fc7e58166059d7709055c878b465ab18d15aebb3fad0e4dcddd'}, 'dob': {'date': '1970-02-02T04:22:19.674Z', 'age': 54}, 'registered': {'date': '2003-01-11T03:55:36.727Z', 'age': 21}, 'phone': '00-4190-4098', 'cell': '0435-633-483', 'id': {'name': 'TFN', 'value': '253469292'}, 'picture': {'large': 'https://randomuser.me/api/portraits/men/81.jpg', 'medium': 'https://randomuser.me/api/portraits/med/men/81.jpg', 'thumbnail': 'https://randomuser.me/api/portraits/thumb/men/81.jpg'}, 'nat': 'AU'}</msg>
<arg>${json_data['results'][0]}</arg>
<doc>Logs the given message with the given level.</doc>
<status status="PASS" start="2024-05-21T23:15:26.895829" elapsed="0.000454"/>
</kw>
<kw name="Log" owner="BuiltIn">
<msg time="2024-05-21T23:15:26.896714" level="INFO">email</msg>
<arg>${key}</arg>
<doc>Logs the given message with the given level.</doc>
<status status="PASS" start="2024-05-21T23:15:26.896584" elapsed="0.000168"/>
</kw>
<var name="${key}">email</var>
<status status="PASS" start="2024-05-21T23:15:26.894873" elapsed="0.002095"/>
</iter>
<iter>
<kw name="Dictionary Should Contain Key" owner="Collections">
<msg time="2024-05-21T23:15:26.897630" level="INFO">False</msg>
<arg>${json_data['results'][0]}</arg>
<arg>${key}</arg>
<doc>Fails if ``key`` is not found from ``dictionary``.</doc>
<status status="PASS" start="2024-05-21T23:15:26.897255" elapsed="0.000413"/>
</kw>
<kw name="Log" owner="BuiltIn">
<msg time="2024-05-21T23:15:26.898334" level="INFO">{'gender': 'male', 'name': {'title': 'Mr', 'first': 'Tomothy', 'last': 'Chavez'}, 'location': {'street': {'number': 5550, 'name': 'W Dallas St'}, 'city': 'Bathurst', 'state': 'Australian Capital Territory', 'country': 'Australia', 'postcode': 9799, 'coordinates': {'latitude': '-81.5725', 'longitude': '-168.8548'}, 'timezone': {'offset': '+9:00', 'description': 'Tokyo, Seoul, Osaka, Sapporo, Yakutsk'}}, 'email': 'tomothy.chavez@example.com', 'login': {'uuid': 'e2e8e102-3e9f-4495-86ed-a70d172f160e', 'username': 'tinysnake710', 'password': 'ggggggg', 'salt': 'm5L7rKuF', 'md5': '9cd2e19d05888d7e257e964f1b9627a5', 'sha1': '04ea9dc37c989334c9c5ac6aff98007d50fbcbaf', 'sha256': 'd6153fba884e4fc7e58166059d7709055c878b465ab18d15aebb3fad0e4dcddd'}, 'dob': {'date': '1970-02-02T04:22:19.674Z', 'age': 54}, 'registered': {'date': '2003-01-11T03:55:36.727Z', 'age': 21}, 'phone': '00-4190-4098', 'cell': '0435-633-483', 'id': {'name': 'TFN', 'value': '253469292'}, 'picture': {'large': 'https://randomuser.me/api/portraits/men/81.jpg', 'medium': 'https://randomuser.me/api/portraits/med/men/81.jpg', 'thumbnail': 'https://randomuser.me/api/portraits/thumb/men/81.jpg'}, 'nat': 'AU'}</msg>
<arg>${json_data['results'][0]}</arg>
<doc>Logs the given message with the given level.</doc>
<status status="PASS" start="2024-05-21T23:15:26.897969" elapsed="0.000413"/>
</kw>
<kw name="Log" owner="BuiltIn">
<msg time="2024-05-21T23:15:26.898808" level="INFO">login</msg>
<arg>${key}</arg>
<doc>Logs the given message with the given level.</doc>
<status status="PASS" start="2024-05-21T23:15:26.898680" elapsed="0.000196"/>
</kw>
<var name="${key}">login</var>
<status status="PASS" start="2024-05-21T23:15:26.897145" elapsed="0.001958"/>
</iter>
<var>${key}</var>
<value>@{expected_keys}</value>
<status status="PASS" start="2024-05-21T23:15:26.888067" elapsed="0.011158"/>
</for>
<kw name="Create List" owner="BuiltIn">
<msg time="2024-05-21T23:15:26.899560" level="INFO">${expected_keysTwo} = ['username', 'password']</msg>
<var>${expected_keysTwo}</var>
<arg>username</arg>
<arg>password</arg>
<doc>Returns a list containing given items.</doc>
<status status="PASS" start="2024-05-21T23:15:26.899422" elapsed="0.000162"/>
</kw>
<for flavor="IN">
<iter>
<kw name="Dictionary Should Contain Key" owner="Collections">
<msg time="2024-05-21T23:15:26.900523" level="INFO">False</msg>
<arg>${json_data['results'][0]['login']}</arg>
<arg>${keyTwo}</arg>
<doc>Fails if ``key`` is not found from ``dictionary``.</doc>
<status status="PASS" start="2024-05-21T23:15:26.900132" elapsed="0.000429"/>
</kw>
<kw name="Dictionary Should Contain Key" owner="Collections">
<msg time="2024-05-21T23:15:26.901242" level="INFO">False</msg>
<arg>${json_data['results'][0]['login']}</arg>
<arg>${keyTwo}</arg>
<doc>Fails if ``key`` is not found from ``dictionary``.</doc>
<status status="PASS" start="2024-05-21T23:15:26.900861" elapsed="0.000419"/>
</kw>
<kw name="Log" owner="BuiltIn">
<msg time="2024-05-21T23:15:26.901706" level="INFO">username</msg>
<arg>${keyTwo}</arg>
<doc>Logs the given message with the given level.</doc>
<status status="PASS" start="2024-05-21T23:15:26.901577" elapsed="0.000167"/>
</kw>
<var name="${keyTwo}">username</var>
<status status="PASS" start="2024-05-21T23:15:26.900019" elapsed="0.001938"/>
</iter>
<iter>
<kw name="Dictionary Should Contain Key" owner="Collections">
<msg time="2024-05-21T23:15:26.902628" level="INFO">False</msg>
<arg>${json_data['results'][0]['login']}</arg>
<arg>${keyTwo}</arg>
<doc>Fails if ``key`` is not found from ``dictionary``.</doc>
<status status="PASS" start="2024-05-21T23:15:26.902237" elapsed="0.000429"/>
</kw>
<kw name="Dictionary Should Contain Key" owner="Collections">
<msg time="2024-05-21T23:15:26.903345" level="INFO">False</msg>
<arg>${json_data['results'][0]['login']}</arg>
<arg>${keyTwo}</arg>
<doc>Fails if ``key`` is not found from ``dictionary``.</doc>
<status status="PASS" start="2024-05-21T23:15:26.902966" elapsed="0.000416"/>
</kw>
<kw name="Log" owner="BuiltIn">
<msg time="2024-05-21T23:15:26.903802" level="INFO">password</msg>
<arg>${keyTwo}</arg>
<doc>Logs the given message with the given level.</doc>
<status status="PASS" start="2024-05-21T23:15:26.903675" elapsed="0.000165"/>
</kw>
<var name="${keyTwo}">password</var>
<status status="PASS" start="2024-05-21T23:15:26.902128" elapsed="0.001975"/>
</iter>
<var>${keyTwo}</var>
<value>@{expected_keysTwo}</value>
<status status="PASS" start="2024-05-21T23:15:26.899827" elapsed="0.004398"/>
</for>
<status status="PASS" start="2024-05-21T23:15:26.794352" elapsed="0.110016"/>
</kw>
<doc>Testa a estrutura da resposta da API.</doc>
<tag>testeEstruturaResposta</tag>
<status status="PASS" start="2024-05-21T23:15:26.793733" elapsed="0.110794"/>
</test>
<test id="s1-s1-t4" name="Validar tipos de dados" line="28">
<kw name="Teste de Tipos de Dados" owner="random-user-service">
<kw name="GET On Session" owner="RequestsLibrary">
<msg time="2024-05-21T23:15:26.984935" level="INFO">GET Request : url=https://randomuser.me/api 
 path_url=/api 
 headers={'User-Agent': 'python-requests/2.32.2', 'Accept-Encoding': 'gzip, deflate', 'Accept': '*/*', 'Connection': 'keep-alive'} 
 body=None 
 </msg>
<msg time="2024-05-21T23:15:26.985037" level="INFO">GET Response : url=https://randomuser.me/api 
 status=200, reason=OK 
 headers={'Date': 'Tue, 21 May 2024 23:15:26 GMT', 'Content-Type': 'application/json; charset=utf-8', 'Transfer-Encoding': 'chunked', 'Connection': 'keep-alive', 'X-Powered-By': 'Express', 'Access-Control-Allow-Origin': '*', 'Cache-Control': 'no-cache', 'ETag': 'W/"487-snC5kKyYFk2V4Va/1FwXvhfceDU"', 'Vary': 'Accept-Encoding', 'Content-Encoding': 'gzip', 'CF-Cache-Status': 'DYNAMIC', 'Report-To': '{"endpoints":[{"url":"https:\\/\\/a.nel.cloudflare.com\\/report\\/v4?s=AUWsYF5Sc%2BbJv79u7ELsjieJxAjExdkFRIYyFt183bO9s71YDLx%2BTMD4KmhrP0%2BF%2F3q2PPCnZtqx%2FJxbNi48f7bn7VbQ7i6S7dQjGEoX%2B%2FSDPaEuTOeWzSHd03DYhY7M"}],"group":"cf-nel","max_age":604800}', 'NEL': '{"success_fraction":0,"report_to":"cf-nel","max_age":604800}', 'Server': 'cloudflare', 'CF-RAY': '887844bd2a558f1a-IAD', 'alt-svc': 'h3=":443"; ma=86400'} 
 body={"results":[{"gender":"female","name":{"title":"Madame","first":"Vesna","last":"Robin"},"location":{"street":{"number":1255,"name":"Rue des Ecrivains"},"city":"Veysonnaz","state":"Bern","country":"Switzerland","postcode":5381,"coordinates":{"latitude":"-57.6083","longitude":"88.6280"},"timezone":{"offset":"+4:30","description":"Kabul"}},"email":"vesna.robin@example.com","login":{"uuid":"feea2be3-212f-410f-a48c-3728ce7f2dbf","username":"silverelephant509","password":"liverpoo","salt":"hk0eb0zq","md5":"b766a0aae925f0f0b03e2ef41f659741","sha1":"e7ade2adef781691175258442f116c32539af92e","sha256":"0969b5c56e068139295c7a9b6f9e3e6b666ab663965287f6e45a8128e9f9090a"},"dob":{"date":"1953-01-07T12:23:52.006Z","age":71},"registered":{"date":"2012-10-29T22:49:01.945Z","age":11},"phone":"079 187 96 20","cell":"075 432 95 49","id":{"name":"AVS","value":"756.7049.2291.03"},"picture":{"large":"https://randomuser.me/api/portraits/women/76.jpg","medium":"https://randomuser.me/api/portraits/med/women/76.jpg","thumbnail":"https://randomuser.me/api/portraits/thumb/women/76.jpg"},"nat":"CH"}],"info":{"seed":"e86df7e9472faa1c","results":1,"page":1,"version":"1.4"}} 
 </msg>
<msg time="2024-05-21T23:15:26.985107" level="INFO">/opt/hostedtoolcache/Python/3.12.3/x64/lib/python3.12/site-packages/urllib3/connectionpool.py:1103: InsecureRequestWarning: Unverified HTTPS request is being made to host 'randomuser.me'. Adding certificate verification is strongly advised. See: https://urllib3.readthedocs.io/en/latest/advanced-usage.html#tls-warnings
  warnings.warn(</msg>
<msg time="2024-05-21T23:15:26.985234" level="INFO">${response} = &lt;Response [200]&gt;</msg>
<var>${response}</var>
<arg>consultarAPI</arg>
<arg>/api</arg>
<doc>Sends a GET request on a previously created HTTP Session.</doc>
<status status="PASS" start="2024-05-21T23:15:26.907070" elapsed="0.078203"/>
</kw>
<kw name="Set Variable" owner="BuiltIn">
<msg time="2024-05-21T23:15:26.986455" level="INFO">${json_data} = {'results': [{'gender': 'female', 'name': {'title': 'Madame', 'first': 'Vesna', 'last': 'Robin'}, 'location': {'street': {'number': 1255, 'name': 'Rue des Ecrivains'}, 'city': 'Veysonnaz', 'state': 'B...</msg>
<var>${json_data}</var>
<arg>${response.json()}</arg>
<doc>Returns the given values which can then be assigned to a variables.</doc>
<status status="PASS" start="2024-05-21T23:15:26.985875" elapsed="0.000611"/>
</kw>
<kw name="Log" owner="BuiltIn">
<msg time="2024-05-21T23:15:26.986963" level="INFO">{'results': [{'gender': 'female', 'name': {'title': 'Madame', 'first': 'Vesna', 'last': 'Robin'}, 'location': {'street': {'number': 1255, 'name': 'Rue des Ecrivains'}, 'city': 'Veysonnaz', 'state': 'Bern', 'country': 'Switzerland', 'postcode': 5381, 'coordinates': {'latitude': '-57.6083', 'longitude': '88.6280'}, 'timezone': {'offset': '+4:30', 'description': 'Kabul'}}, 'email': 'vesna.robin@example.com', 'login': {'uuid': 'feea2be3-212f-410f-a48c-3728ce7f2dbf', 'username': 'silverelephant509', 'password': 'liverpoo', 'salt': 'hk0eb0zq', 'md5': 'b766a0aae925f0f0b03e2ef41f659741', 'sha1': 'e7ade2adef781691175258442f116c32539af92e', 'sha256': '0969b5c56e068139295c7a9b6f9e3e6b666ab663965287f6e45a8128e9f9090a'}, 'dob': {'date': '1953-01-07T12:23:52.006Z', 'age': 71}, 'registered': {'date': '2012-10-29T22:49:01.945Z', 'age': 11}, 'phone': '079 187 96 20', 'cell': '075 432 95 49', 'id': {'name': 'AVS', 'value': '756.7049.2291.03'}, 'picture': {'large': 'https://randomuser.me/api/portraits/women/76.jpg', 'medium': 'https://randomuser.me/api/portraits/med/women/76.jpg', 'thumbnail': 'https://randomuser.me/api/portraits/thumb/women/76.jpg'}, 'nat': 'CH'}], 'info': {'seed': 'e86df7e9472faa1c', 'results': 1, 'page': 1, 'version': '1.4'}}</msg>
<arg>${json_data}</arg>
<doc>Logs the given message with the given level.</doc>
<status status="PASS" start="2024-05-21T23:15:26.986799" elapsed="0.000251"/>
</kw>
<kw name="Should Be String" owner="String">
<arg>${json_data['results'][0]['gender']}</arg>
<doc>Fails if the given ``item`` is not a string.</doc>
<status status="PASS" start="2024-05-21T23:15:26.987351" elapsed="0.000365"/>
</kw>
<kw name="Should Match Regexp" owner="BuiltIn">
<arg>${json_data['results'][0]['email']}</arg>
<arg>^[a-zA-Z0-9._%+-]+@[a-zA-Z0-9.-]+\.[a-zA-Z]{2,}$</arg>
<doc>Fails if ``string`` does not match ``pattern`` as a regular expression.</doc>
<status status="PASS" start="2024-05-21T23:15:26.987945" elapsed="0.000686"/>
</kw>
<kw name="Should Match Regexp" owner="BuiltIn">
<arg>${json_data['results'][0]['dob']['date']}</arg>
<arg>\\d{4}-\\d{2}-\\d{2}T\\d{2}:\\d{2}:\\d{2}\\.\\d{3}Z</arg>
<doc>Fails if ``string`` does not match ``pattern`` as a regular expression.</doc>
<status status="PASS" start="2024-05-21T23:15:26.988830" elapsed="0.000490"/>
</kw>
<kw name="Should Match Regexp" owner="BuiltIn">
<arg>${json_data['results'][0]['registered']['date']}</arg>
<arg>\\d{4}-\\d{2}-\\d{2}T\\d{2}:\\d{2}:\\d{2}\\.\\d{3}Z</arg>
<doc>Fails if ``string`` does not match ``pattern`` as a regular expression.</doc>
<status status="PASS" start="2024-05-21T23:15:26.989516" elapsed="0.000368"/>
</kw>
<kw name="Should Match Regexp" owner="BuiltIn">
<arg>${json_data['results'][0]['picture']['large']}</arg>
<arg>^https?://.*\.(?:png|jpe?g|gif|bmp)$</arg>
<doc>Fails if ``string`` does not match ``pattern`` as a regular expression.</doc>
<status status="PASS" start="2024-05-21T23:15:26.990073" elapsed="0.000467"/>
</kw>
<kw name="Should Match Regexp" owner="BuiltIn">
<arg>${json_data['results'][0]['picture']['medium']}</arg>
<arg>^https?://.*\.(?:png|jpe?g|gif|bmp)$</arg>
<doc>Fails if ``string`` does not match ``pattern`` as a regular expression.</doc>
<status status="PASS" start="2024-05-21T23:15:26.990736" elapsed="0.000356"/>
</kw>
<kw name="Should Match Regexp" owner="BuiltIn">
<arg>${json_data['results'][0]['picture']['thumbnail']}</arg>
<arg>^https?://.*\.(?:png|jpe?g|gif|bmp)$</arg>
<doc>Fails if ``string`` does not match ``pattern`` as a regular expression.</doc>
<status status="PASS" start="2024-05-21T23:15:26.991285" elapsed="0.000351"/>
</kw>
<kw name="Log" owner="BuiltIn">
<msg time="2024-05-21T23:15:26.992183" level="INFO">{'large': 'https://randomuser.me/api/portraits/women/76.jpg', 'medium': 'https://randomuser.me/api/portraits/med/women/76.jpg', 'thumbnail': 'https://randomuser.me/api/portraits/thumb/women/76.jpg'}</msg>
<arg>${json_data['results'][0]['picture']}</arg>
<doc>Logs the given message with the given level.</doc>
<status status="PASS" start="2024-05-21T23:15:26.991820" elapsed="0.000406"/>
</kw>
<status status="PASS" start="2024-05-21T23:15:26.906830" elapsed="0.085660"/>
</kw>
<kw name="Teste de Tipos de Dados - Postcode" owner="random-user-service">
<kw name="GET On Session" owner="RequestsLibrary">
<msg time="2024-05-21T23:15:27.081681" level="INFO">GET Request : url=https://randomuser.me/api 
 path_url=/api 
 headers={'User-Agent': 'python-requests/2.32.2', 'Accept-Encoding': 'gzip, deflate', 'Accept': '*/*', 'Connection': 'keep-alive'} 
 body=None 
 </msg>
<msg time="2024-05-21T23:15:27.081789" level="INFO">GET Response : url=https://randomuser.me/api 
 status=200, reason=OK 
 headers={'Date': 'Tue, 21 May 2024 23:15:27 GMT', 'Content-Type': 'application/json; charset=utf-8', 'Transfer-Encoding': 'chunked', 'Connection': 'keep-alive', 'X-Powered-By': 'Express', 'Access-Control-Allow-Origin': '*', 'Cache-Control': 'no-cache', 'ETag': 'W/"471-jFpKp+BQ4fPotQD9rT0e7F9RshE"', 'Vary': 'Accept-Encoding', 'Content-Encoding': 'gzip', 'CF-Cache-Status': 'DYNAMIC', 'Report-To': '{"endpoints":[{"url":"https:\\/\\/a.nel.cloudflare.com\\/report\\/v4?s=YgFZBENsKmFDD7yp3kAOsCVucIOVB4x7lpzOoumsmBBAyjB4GilFXRY4HdD62nGbVJpNiX6eQ8xItP9ikABEcBT9OLy8mN1jqHbgtlV1SIIFmMaCIY1lnn3TIkrfX1qS"}],"group":"cf-nel","max_age":604800}', 'NEL': '{"success_fraction":0,"report_to":"cf-nel","max_age":604800}', 'Server': 'cloudflare', 'CF-RAY': '887844bdbaf18f1a-IAD', 'alt-svc': 'h3=":443"; ma=86400'} 
 body={"results":[{"gender":"male","name":{"title":"Mr","first":"Sinook","last":"Mikitin"},"location":{"street":{"number":8429,"name":"Ivana Mikolaychuka"},"city":"Rovenki","state":"Zakarpatska","country":"Ukraine","postcode":70606,"coordinates":{"latitude":"73.3715","longitude":"-127.2089"},"timezone":{"offset":"+5:45","description":"Kathmandu"}},"email":"sinook.mikitin@example.com","login":{"uuid":"c9bd9b4a-df5e-4059-b774-dce920cfe2bf","username":"lazyfish855","password":"hughes","salt":"19v3cuK0","md5":"fdc7067ce292cd50fdfdeeddbabf00dc","sha1":"09f03ed4d08afc303f4d6761fa1dff44c03acea7","sha256":"5b69b8e12bf3ed1a6924a5dd297312662effe86907ab73752f180373b7f8c83d"},"dob":{"date":"1988-08-08T11:58:13.929Z","age":35},"registered":{"date":"2020-10-11T18:48:09.268Z","age":3},"phone":"(067) A79-9179","cell":"(068) F76-4698","id":{"name":"","value":null},"picture":{"large":"https://randomuser.me/api/portraits/men/62.jpg","medium":"https://randomuser.me/api/portraits/med/men/62.jpg","thumbnail":"https://randomuser.me/api/portraits/thumb/men/62.jpg"},"nat":"UA"}],"info":{"seed":"d3c90bead2973645","results":1,"page":1,"version":"1.4"}} 
 </msg>
<msg time="2024-05-21T23:15:27.081873" level="INFO">/opt/hostedtoolcache/Python/3.12.3/x64/lib/python3.12/site-packages/urllib3/connectionpool.py:1103: InsecureRequestWarning: Unverified HTTPS request is being made to host 'randomuser.me'. Adding certificate verification is strongly advised. See: https://urllib3.readthedocs.io/en/latest/advanced-usage.html#tls-warnings
  warnings.warn(</msg>
<msg time="2024-05-21T23:15:27.082021" level="INFO">${response} = &lt;Response [200]&gt;</msg>
<var>${response}</var>
<arg>consultarAPI</arg>
<arg>/api</arg>
<doc>Sends a GET request on a previously created HTTP Session.</doc>
<status status="PASS" start="2024-05-21T23:15:26.992950" elapsed="0.089120"/>
</kw>
<kw name="Set Variable" owner="BuiltIn">
<msg time="2024-05-21T23:15:27.083324" level="INFO">${json_data} = {'results': [{'gender': 'male', 'name': {'title': 'Mr', 'first': 'Sinook', 'last': 'Mikitin'}, 'location': {'street': {'number': 8429, 'name': 'Ivana Mikolaychuka'}, 'city': 'Rovenki', 'state': 'Zakar...</msg>
<var>${json_data}</var>
<arg>${response.json()}</arg>
<doc>Returns the given values which can then be assigned to a variables.</doc>
<status status="PASS" start="2024-05-21T23:15:27.082734" elapsed="0.000619"/>
</kw>
<kw name="Log" owner="BuiltIn">
<msg time="2024-05-21T23:15:27.083835" level="INFO">{'results': [{'gender': 'male', 'name': {'title': 'Mr', 'first': 'Sinook', 'last': 'Mikitin'}, 'location': {'street': {'number': 8429, 'name': 'Ivana Mikolaychuka'}, 'city': 'Rovenki', 'state': 'Zakarpatska', 'country': 'Ukraine', 'postcode': 70606, 'coordinates': {'latitude': '73.3715', 'longitude': '-127.2089'}, 'timezone': {'offset': '+5:45', 'description': 'Kathmandu'}}, 'email': 'sinook.mikitin@example.com', 'login': {'uuid': 'c9bd9b4a-df5e-4059-b774-dce920cfe2bf', 'username': 'lazyfish855', 'password': 'hughes', 'salt': '19v3cuK0', 'md5': 'fdc7067ce292cd50fdfdeeddbabf00dc', 'sha1': '09f03ed4d08afc303f4d6761fa1dff44c03acea7', 'sha256': '5b69b8e12bf3ed1a6924a5dd297312662effe86907ab73752f180373b7f8c83d'}, 'dob': {'date': '1988-08-08T11:58:13.929Z', 'age': 35}, 'registered': {'date': '2020-10-11T18:48:09.268Z', 'age': 3}, 'phone': '(067) A79-9179', 'cell': '(068) F76-4698', 'id': {'name': '', 'value': None}, 'picture': {'large': 'https://randomuser.me/api/portraits/men/62.jpg', 'medium': 'https://randomuser.me/api/portraits/med/men/62.jpg', 'thumbnail': 'https://randomuser.me/api/portraits/thumb/men/62.jpg'}, 'nat': 'UA'}], 'info': {'seed': 'd3c90bead2973645', 'results': 1, 'page': 1, 'version': '1.4'}}</msg>
<arg>${json_data}</arg>
<doc>Logs the given message with the given level.</doc>
<status status="PASS" start="2024-05-21T23:15:27.083677" elapsed="0.000275"/>
</kw>
<kw name="Should Be Equal As Numbers" owner="BuiltIn">
<arg>${json_data['results'][0]['location']['postcode']}</arg>
<arg>${json_data['results'][0]['location']['postcode']}</arg>
<doc>Fails if objects are unequal after converting them to real numbers.</doc>
<status status="PASS" start="2024-05-21T23:15:27.084266" elapsed="0.000633"/>
</kw>
<kw name="Log" owner="BuiltIn">
<msg time="2024-05-21T23:15:27.085432" level="INFO">70606</msg>
<arg>${json_data['results'][0]['location']['postcode']}</arg>
<doc>Logs the given message with the given level.</doc>
<status status="PASS" start="2024-05-21T23:15:27.085093" elapsed="0.000381"/>
</kw>
<status status="PASS" start="2024-05-21T23:15:26.992718" elapsed="0.093016"/>
</kw>
<doc>Testa se os tipos de dados na resposta da API estão corretos.</doc>
<tag>testeTiposDados</tag>
<status status="PASS" start="2024-05-21T23:15:26.906294" elapsed="0.179610"/>
</test>
<test id="s1-s1-t5" name="Validar conteudo" line="35">
<kw name="Teste de Tipos de Conteudo" owner="random-user-service">
<kw name="GET On Session" owner="RequestsLibrary">
<msg time="2024-05-21T23:15:27.181321" level="INFO">GET Request : url=https://randomuser.me/api 
 path_url=/api 
 headers={'User-Agent': 'python-requests/2.32.2', 'Accept-Encoding': 'gzip, deflate', 'Accept': '*/*', 'Connection': 'keep-alive'} 
 body=None 
 </msg>
<msg time="2024-05-21T23:15:27.181427" level="INFO">GET Response : url=https://randomuser.me/api 
 status=200, reason=OK 
 headers={'Date': 'Tue, 21 May 2024 23:15:27 GMT', 'Content-Type': 'application/json; charset=utf-8', 'Transfer-Encoding': 'chunked', 'Connection': 'keep-alive', 'X-Powered-By': 'Express', 'Access-Control-Allow-Origin': '*', 'Cache-Control': 'no-cache', 'ETag': 'W/"49a-8vACf3WKrwlfgWHuBBMbZ/T5Geo"', 'Vary': 'Accept-Encoding', 'Content-Encoding': 'gzip', 'CF-Cache-Status': 'DYNAMIC', 'Report-To': '{"endpoints":[{"url":"https:\\/\\/a.nel.cloudflare.com\\/report\\/v4?s=rb5olxc%2BZb%2BVRYtSUWmpQC%2FkwS3e2LSlcy5sE2xk1hdhUrCzui5epAwFnrxTuiE5iHfa74BntDe%2BaGDE24m%2Fu8DFGOvaCvCdnS8AxZj%2FE929tx1N36qi30%2Bfm7uh4DjZ"}],"group":"cf-nel","max_age":604800}', 'NEL': '{"success_fraction":0,"report_to":"cf-nel","max_age":604800}', 'Server': 'cloudflare', 'CF-RAY': '887844be4b9a8f1a-IAD', 'alt-svc': 'h3=":443"; ma=86400'} 
 body={"results":[{"gender":"female","name":{"title":"Ms","first":"Tessa","last":"Runkel"},"location":{"street":{"number":2164,"name":"Talstraße"},"city":"Bad Bramstedt","state":"Saarland","country":"Germany","postcode":94850,"coordinates":{"latitude":"-53.6792","longitude":"77.9874"},"timezone":{"offset":"-3:00","description":"Brazil, Buenos Aires, Georgetown"}},"email":"tessa.runkel@example.com","login":{"uuid":"ebf53e0b-fade-4c84-baef-4e84fb886f63","username":"yellowelephant939","password":"turbo1","salt":"P13WGp7P","md5":"5c3e974f2ee8192c71537f7f6578b558","sha1":"01b7c006f4dd45e92b5623c9af867a87d5b1abe8","sha256":"7de9daf21d68cae2230a0b634678a8432dccb55d2fde13810f9b4b6b7aeea560"},"dob":{"date":"1976-01-11T17:43:27.602Z","age":48},"registered":{"date":"2008-04-17T11:47:33.746Z","age":16},"phone":"0755-4942914","cell":"0173-6631188","id":{"name":"SVNR","value":"72 110176 R 665"},"picture":{"large":"https://randomuser.me/api/portraits/women/94.jpg","medium":"https://randomuser.me/api/portraits/med/women/94.jpg","thumbnail":"https://randomuser.me/api/portraits/thumb/women/94.jpg"},"nat":"DE"}],"info":{"seed":"0f42c3fc6f9ab736","results":1,"page":1,"version":"1.4"}} 
 </msg>
<msg time="2024-05-21T23:15:27.181499" level="INFO">/opt/hostedtoolcache/Python/3.12.3/x64/lib/python3.12/site-packages/urllib3/connectionpool.py:1103: InsecureRequestWarning: Unverified HTTPS request is being made to host 'randomuser.me'. Adding certificate verification is strongly advised. See: https://urllib3.readthedocs.io/en/latest/advanced-usage.html#tls-warnings
  warnings.warn(</msg>
<msg time="2024-05-21T23:15:27.181638" level="INFO">${response} = &lt;Response [200]&gt;</msg>
<var>${response}</var>
<arg>consultarAPI</arg>
<arg>/api</arg>
<doc>Sends a GET request on a previously created HTTP Session.</doc>
<status status="PASS" start="2024-05-21T23:15:27.088462" elapsed="0.093216"/>
</kw>
<kw name="Set Variable" owner="BuiltIn">
<msg time="2024-05-21T23:15:27.182873" level="INFO">${json_data} = {'results': [{'gender': 'female', 'name': {'title': 'Ms', 'first': 'Tessa', 'last': 'Runkel'}, 'location': {'street': {'number': 2164, 'name': 'Talstraße'}, 'city': 'Bad Bramstedt', 'state': 'Saarland...</msg>
<var>${json_data}</var>
<arg>${response.json()}</arg>
<doc>Returns the given values which can then be assigned to a variables.</doc>
<status status="PASS" start="2024-05-21T23:15:27.182295" elapsed="0.000608"/>
</kw>
<kw name="Set Variable" owner="BuiltIn">
<msg time="2024-05-21T23:15:27.183598" level="INFO">${name_title} = Ms</msg>
<var>${name_title}</var>
<arg>${json_data["results"][0]["name"]["title"]}</arg>
<doc>Returns the given values which can then be assigned to a variables.</doc>
<status status="PASS" start="2024-05-21T23:15:27.183213" elapsed="0.000410"/>
</kw>
<kw name="Create List" owner="BuiltIn">
<msg time="2024-05-21T23:15:27.184113" level="INFO">${allowed_titles} = ['Mr', 'Ms', 'Miss', 'Mrs', 'Madame', 'Monsieur']</msg>
<var>${allowed_titles}</var>
<arg>Mr</arg>
<arg>Ms</arg>
<arg>Miss</arg>
<arg>Mrs</arg>
<arg>Madame</arg>
<arg>Monsieur</arg>
<doc>Returns a list containing given items.</doc>
<status status="PASS" start="2024-05-21T23:15:27.183958" elapsed="0.000179"/>
</kw>
<kw name="List Should Contain Value" owner="Collections">
<msg time="2024-05-21T23:15:27.184614" level="INFO">False</msg>
<arg>${allowed_titles}</arg>
<arg>${name_title}</arg>
<doc>Fails if the ``value`` is not found from ``list``.</doc>
<status status="PASS" start="2024-05-21T23:15:27.184439" elapsed="0.000212"/>
</kw>
<kw name="Set Variable" owner="BuiltIn">
<msg time="2024-05-21T23:15:27.185501" level="INFO">${name_country} = DE</msg>
<var>${name_country}</var>
<arg>${json_data["results"][0]["nat"]}</arg>
<doc>Returns the given values which can then be assigned to a variables.</doc>
<status status="PASS" start="2024-05-21T23:15:27.184944" elapsed="0.000582"/>
</kw>
<kw name="Create List" owner="BuiltIn">
<msg time="2024-05-21T23:15:27.186434" level="INFO">${list_country} = ['AD', 'AE', 'AF', 'AG', 'AI', 'AL', 'AM', 'AO', 'AQ', 'AR', 'AS', 'AT', 'AU', 'AW', 'AX', 'AZ', 'BA', 'BB', 'BD', 'BE', 'BF', 'BG', 'BH', 'BI', 'BJ', 'BL', 'BM', 'BN', 'BO', 'BQ', 'BR', 'BS', 'BT', '...</msg>
<var>${list_country}</var>
<arg>AD</arg>
<arg>AE</arg>
<arg>AF</arg>
<arg>AG</arg>
<arg>AI</arg>
<arg>AL</arg>
<arg>AM</arg>
<arg>AO</arg>
<arg>AQ</arg>
<arg>AR</arg>
<arg>AS</arg>
<arg>AT</arg>
<arg>AU</arg>
<arg>AW</arg>
<arg>AX</arg>
<arg>AZ</arg>
<arg>BA</arg>
<arg>BB</arg>
<arg>BD</arg>
<arg>BE</arg>
<arg>BF</arg>
<arg>BG</arg>
<arg>BH</arg>
<arg>BI</arg>
<arg>BJ</arg>
<arg>BL</arg>
<arg>BM</arg>
<arg>BN</arg>
<arg>BO</arg>
<arg>BQ</arg>
<arg>BR</arg>
<arg>BS</arg>
<arg>BT</arg>
<arg>BV</arg>
<arg>BW</arg>
<arg>BY</arg>
<arg>BZ</arg>
<arg>CA</arg>
<arg>CC</arg>
<arg>CD</arg>
<arg>CF</arg>
<arg>CG</arg>
<arg>CH</arg>
<arg>CI</arg>
<arg>CK</arg>
<arg>CL</arg>
<arg>CM</arg>
<arg>CN</arg>
<arg>CO</arg>
<arg>CR</arg>
<arg>CU</arg>
<arg>CV</arg>
<arg>CW</arg>
<arg>CX</arg>
<arg>CY</arg>
<arg>CZ</arg>
<arg>DE</arg>
<arg>DJ</arg>
<arg>DK</arg>
<arg>DM</arg>
<arg>DO</arg>
<arg>DZ</arg>
<arg>EC</arg>
<arg>EE</arg>
<arg>EG</arg>
<arg>EH</arg>
<arg>ER</arg>
<arg>ES</arg>
<arg>ET</arg>
<arg>FI</arg>
<arg>FJ</arg>
<arg>FK</arg>
<arg>FM</arg>
<arg>FO</arg>
<arg>FR</arg>
<arg>GA</arg>
<arg>GB</arg>
<arg>GD</arg>
<arg>GE</arg>
<arg>GF</arg>
<arg>GG</arg>
<arg>GH</arg>
<arg>GI</arg>
<arg>GL</arg>
<arg>GM</arg>
<arg>GN</arg>
<arg>GP</arg>
<arg>GQ</arg>
<arg>GR</arg>
<arg>GS</arg>
<arg>GT</arg>
<arg>GU</arg>
<arg>GW</arg>
<arg>GY</arg>
<arg>HK</arg>
<arg>HM</arg>
<arg>HN</arg>
<arg>HR</arg>
<arg>HT</arg>
<arg>HU</arg>
<arg>ID</arg>
<arg>IE</arg>
<arg>IL</arg>
<arg>IM</arg>
<arg>IN</arg>
<arg>IO</arg>
<arg>IQ</arg>
<arg>IR</arg>
<arg>IS</arg>
<arg>IT</arg>
<arg>JE</arg>
<arg>JM</arg>
<arg>JO</arg>
<arg>JP</arg>
<arg>KE</arg>
<arg>KG</arg>
<arg>KH</arg>
<arg>KI</arg>
<arg>KM</arg>
<arg>KN</arg>
<arg>KP</arg>
<arg>KR</arg>
<arg>KW</arg>
<arg>KY</arg>
<arg>KZ</arg>
<arg>LA</arg>
<arg>LB</arg>
<arg>LC</arg>
<arg>LI</arg>
<arg>LK</arg>
<arg>LR</arg>
<arg>LS</arg>
<arg>LT</arg>
<arg>LU</arg>
<arg>LV</arg>
<arg>LY</arg>
<arg>MA</arg>
<arg>MC</arg>
<arg>MD</arg>
<arg>ME</arg>
<arg>MF</arg>
<arg>MG</arg>
<arg>MH</arg>
<arg>MK</arg>
<arg>ML</arg>
<arg>MM</arg>
<arg>MN</arg>
<arg>MO</arg>
<arg>MP</arg>
<arg>MQ</arg>
<arg>MR</arg>
<arg>MS</arg>
<arg>MT</arg>
<arg>MU</arg>
<arg>MV</arg>
<arg>MW</arg>
<arg>MX</arg>
<arg>MY</arg>
<arg>MZ</arg>
<arg>NA</arg>
<arg>NC</arg>
<arg>NE</arg>
<arg>NF</arg>
<arg>NG</arg>
<arg>NI</arg>
<arg>NL</arg>
<arg>NO</arg>
<arg>NP</arg>
<arg>NR</arg>
<arg>NU</arg>
<arg>NZ</arg>
<arg>OM</arg>
<arg>PA</arg>
<arg>PE</arg>
<arg>PF</arg>
<arg>PG</arg>
<arg>PH</arg>
<arg>PK</arg>
<arg>PL</arg>
<arg>PM</arg>
<arg>PN</arg>
<arg>PR</arg>
<arg>PS</arg>
<arg>PT</arg>
<arg>PW</arg>
<arg>PY</arg>
<arg>QA</arg>
<arg>RE</arg>
<arg>RO</arg>
<arg>RS</arg>
<arg>RU</arg>
<arg>RW</arg>
<arg>SA</arg>
<arg>SB</arg>
<arg>SC</arg>
<arg>SD</arg>
<arg>SE</arg>
<arg>SG</arg>
<arg>SH</arg>
<arg>SI</arg>
<arg>SJ</arg>
<arg>SK</arg>
<arg>SL</arg>
<arg>SM</arg>
<arg>SN</arg>
<arg>SO</arg>
<arg>SR</arg>
<arg>SS</arg>
<arg>ST</arg>
<arg>SV</arg>
<arg>SX</arg>
<arg>SY</arg>
<arg>SZ</arg>
<arg>TC</arg>
<arg>TD</arg>
<arg>TF</arg>
<arg>TG</arg>
<arg>TH</arg>
<arg>TJ</arg>
<arg>TK</arg>
<arg>TL</arg>
<arg>TM</arg>
<arg>TN</arg>
<arg>TO</arg>
<arg>TR</arg>
<arg>TT</arg>
<arg>TV</arg>
<arg>TW</arg>
<arg>TZ</arg>
<arg>UA</arg>
<arg>UG</arg>
<arg>UM</arg>
<arg>US</arg>
<arg>UY</arg>
<arg>UZ</arg>
<arg>VA</arg>
<arg>VC</arg>
<arg>VE</arg>
<arg>VG</arg>
<arg>VI</arg>
<arg>VN</arg>
<arg>VU</arg>
<arg>WF</arg>
<arg>WS</arg>
<arg>XK</arg>
<arg>YE</arg>
<arg>YT</arg>
<arg>ZA</arg>
<arg>ZM</arg>
<arg>ZW</arg>
<doc>Returns a list containing given items.</doc>
<status status="PASS" start="2024-05-21T23:15:27.185835" elapsed="0.000625"/>
</kw>
<kw name="List Should Contain Value" owner="Collections">
<msg time="2024-05-21T23:15:27.187451" level="INFO">False</msg>
<arg>${list_country}</arg>
<arg>${name_country}</arg>
<doc>Fails if the ``value`` is not found from ``list``.</doc>
<status status="PASS" start="2024-05-21T23:15:27.187244" elapsed="0.000243"/>
</kw>
<kw name="Run Keyword If" owner="BuiltIn">
<kw name="Should Be True" owner="BuiltIn">
<arg>${True}</arg>
<doc>Fails if the given condition is not true.</doc>
<status status="PASS" start="2024-05-21T23:15:27.188581" elapsed="0.000149"/>
</kw>
<arg>${json_data["results"][0]["location"]["coordinates"]["latitude"]} &gt;= -90 and ${json_data["results"][0]["location"]["coordinates"]["latitude"]} &lt;= 90</arg>
<arg>Should Be True</arg>
<arg>${True}</arg>
<doc>Runs the given keyword with the given arguments, if ``condition`` is true.</doc>
<status status="PASS" start="2024-05-21T23:15:27.187794" elapsed="0.001063"/>
</kw>
<kw name="Run Keyword If" owner="BuiltIn">
<kw name="Should Be True" owner="BuiltIn">
<arg>${True}</arg>
<doc>Fails if the given condition is not true.</doc>
<status status="PASS" start="2024-05-21T23:15:27.189721" elapsed="0.000139"/>
</kw>
<arg>${json_data["results"][0]["location"]["coordinates"]["longitude"]} &gt;= -180 and ${json_data["results"][0]["location"]["coordinates"]["longitude"]} &lt;= 180</arg>
<arg>Should Be True</arg>
<arg>${True}</arg>
<doc>Runs the given keyword with the given arguments, if ``condition`` is true.</doc>
<status status="PASS" start="2024-05-21T23:15:27.189039" elapsed="0.000944"/>
</kw>
<status status="PASS" start="2024-05-21T23:15:27.088230" elapsed="0.101884"/>
</kw>
<doc>Testa o conteúdo específico dos campos retornados pela API.</doc>
<tag>testeConteudo</tag>
<status status="PASS" start="2024-05-21T23:15:27.087669" elapsed="0.102594"/>
</test>
<status status="PASS" start="2024-05-21T23:15:26.195129" elapsed="0.997127"/>
</suite>
<status status="PASS" start="2024-05-21T23:15:26.180919" elapsed="1.016496"/>
</suite>
<statistics>
<total>
<stat pass="5" fail="0" skip="0">All Tests</stat>
</total>
<tag>
<stat pass="1" fail="0" skip="0">testeConteudo</stat>
<stat pass="1" fail="0" skip="0">testeEstruturaResposta</stat>
<stat pass="1" fail="0" skip="0">testeRequisicaoBasica</stat>
<stat pass="1" fail="0" skip="0">testeTiposDados</stat>
</tag>
<suite>
<stat pass="5" fail="0" skip="0" id="s1" name="Tests">Tests</stat>
<stat pass="5" fail="0" skip="0" id="s1-s1" name="Random-User-Test">Tests.Random-User-Test</stat>
</suite>
</statistics>
<errors>
</errors>
</robot>
