<?xml version="1.0" encoding="UTF-8"?>
<robot generator="Robot 7.0.1 (Python 3.12.4 on linux)" generated="2024-07-22T21:14:48.301114" rpa="false" schemaversion="5">
<suite id="s1" name="Tests" source="/home/runner/work/ApiRandomUser/ApiRandomUser/RamdonUser/tests">
<suite id="s1-s1" name="Random-User-Test" source="/home/runner/work/ApiRandomUser/ApiRandomUser/RamdonUser/tests/random-user-test.robot">
<test id="s1-s1-t1" name="Conectar" line="13">
<kw name="Conectar API" owner="random-user-service">
<kw name="Create Session" owner="RequestsLibrary">
<msg time="2024-07-22T21:14:48.703273" level="INFO">Creating Session using : alias=consultarAPI, url=https://randomuser.me/, headers={},                     cookies={}, auth=None, timeout=None, proxies=None, verify=False,                     debug=0 </msg>
<arg>consultarAPI</arg>
<arg>${URL}</arg>
<doc>Create Session: create a HTTP session to a server</doc>
<status status="PASS" start="2024-07-22T21:14:48.703054" elapsed="0.000408"/>
</kw>
<status status="PASS" start="2024-07-22T21:14:48.702022" elapsed="0.001795"/>
</kw>
<status status="PASS" start="2024-07-22T21:14:48.701411" elapsed="0.002597"/>
</test>
<test id="s1-s1-t2" name="Validar retorno 200 e JSON Válido" line="16">
<kw name="Teste de Requisicao Basica" owner="random-user-service">
<kw name="GET On Session" owner="RequestsLibrary">
<msg time="2024-07-22T21:14:48.795396" level="INFO">GET Request : url=https://randomuser.me/api 
 path_url=/api 
 headers={'User-Agent': 'python-requests/2.32.3', 'Accept-Encoding': 'gzip, deflate', 'Accept': '*/*', 'Connection': 'keep-alive'} 
 body=None 
 </msg>
<msg time="2024-07-22T21:14:48.795575" level="INFO">GET Response : url=https://randomuser.me/api 
 status=200, reason=OK 
 headers={'Date': 'Mon, 22 Jul 2024 21:14:48 GMT', 'Content-Type': 'application/json; charset=utf-8', 'Transfer-Encoding': 'chunked', 'Connection': 'keep-alive', 'X-Powered-By': 'Express', 'Access-Control-Allow-Origin': '*', 'Cache-Control': 'no-cache', 'ETag': 'W/"48c-GYxHUL4OhxMbqDnj7ZbEzLuMb/0"', 'Vary': 'Accept-Encoding', 'Content-Encoding': 'gzip', 'CF-Cache-Status': 'DYNAMIC', 'Report-To': '{"endpoints":[{"url":"https:\\/\\/a.nel.cloudflare.com\\/report\\/v4?s=1EcMfT1VyXYRBSR1BhVeN%2FDD9g%2B7eEHna2AR9ByB%2Fgpwxu0sjrKWNH7rYRlNpX90%2BM3Q2K8OiNIa6lsKMOunT0wwoWvN%2FOU6ypTQrXZqOUIW8haqm%2FpIc6pcW0O7jKW5"}],"group":"cf-nel","max_age":604800}', 'NEL': '{"success_fraction":0,"report_to":"cf-nel","max_age":604800}', 'Server': 'cloudflare', 'CF-RAY': '8a7671468db02412-IAD', 'alt-svc': 'h3=":443"; ma=86400'} 
 body={"results":[{"gender":"male","name":{"title":"Mr","first":"Dileep","last":"Hiremath"},"location":{"street":{"number":513,"name":"Raviwar Peth"},"city":"Thoothukudi","state":"Nagaland","country":"India","postcode":37485,"coordinates":{"latitude":"6.0859","longitude":"-104.9341"},"timezone":{"offset":"+9:00","description":"Tokyo, Seoul, Osaka, Sapporo, Yakutsk"}},"email":"dileep.hiremath@example.com","login":{"uuid":"55d0ceb4-e5a7-4f4f-8f92-4fc17ca06b44","username":"organicdog374","password":"video1","salt":"5wPB9q9b","md5":"0116bcff6eb615561d54d94785cfda0d","sha1":"df47b571c4055e36dddcc18cda3c16c938e60fa8","sha256":"7f91b73e1365dbee1c757cbb90632be0f64ad0b8efb5a90a322a4169f76ad521"},"dob":{"date":"2000-03-03T03:39:36.105Z","age":24},"registered":{"date":"2017-09-19T12:12:36.670Z","age":6},"phone":"8860473276","cell":"8725232041","id":{"name":"UIDAI","value":"265021903581"},"picture":{"large":"https://randomuser.me/api/portraits/men/8.jpg","medium":"https://randomuser.me/api/portraits/med/men/8.jpg","thumbnail":"https://randomuser.me/api/portraits/thumb/men/8.jpg"},"nat":"IN"}],"info":{"seed":"58ee0132cec1c8c5","results":1,"page":1,"version":"1.4"}} 
 </msg>
<msg time="2024-07-22T21:14:48.795673" level="INFO">/opt/hostedtoolcache/Python/3.12.4/x64/lib/python3.12/site-packages/urllib3/connectionpool.py:1099: InsecureRequestWarning: Unverified HTTPS request is being made to host 'randomuser.me'. Adding certificate verification is strongly advised. See: https://urllib3.readthedocs.io/en/latest/advanced-usage.html#tls-warnings
  warnings.warn(</msg>
<msg time="2024-07-22T21:14:48.795823" level="INFO">${response} = &lt;Response [200]&gt;</msg>
<var>${response}</var>
<arg>consultarAPI</arg>
<arg>/api</arg>
<doc>Sends a GET request on a previously created HTTP Session.</doc>
<status status="PASS" start="2024-07-22T21:14:48.706647" elapsed="0.089217"/>
</kw>
<kw name="Should Be Equal As Numbers" owner="BuiltIn">
<msg time="2024-07-22T21:14:48.796890" level="INFO">Argument types are:
&lt;class 'int'&gt;
&lt;class 'str'&gt;</msg>
<arg>${response.status_code}</arg>
<arg>200</arg>
<doc>Fails if objects are unequal after converting them to real numbers.</doc>
<status status="PASS" start="2024-07-22T21:14:48.796417" elapsed="0.000540"/>
</kw>
<kw name="Log" owner="BuiltIn">
<msg time="2024-07-22T21:14:48.797637" level="INFO">200</msg>
<arg>${response.status_code}</arg>
<doc>Logs the given message with the given level.</doc>
<status status="PASS" start="2024-07-22T21:14:48.797275" elapsed="0.000404"/>
</kw>
<kw name="Set Variable" owner="BuiltIn">
<msg time="2024-07-22T21:14:48.798421" level="INFO">${json_data} = {'results': [{'gender': 'male', 'name': {'title': 'Mr', 'first': 'Dileep', 'last': 'Hiremath'}, 'location': {'street': {'number': 513, 'name': 'Raviwar Peth'}, 'city': 'Thoothukudi', 'state': 'Nagalan...</msg>
<var>${json_data}</var>
<arg>${response.json()}</arg>
<doc>Returns the given values which can then be assigned to a variables.</doc>
<status status="PASS" start="2024-07-22T21:14:48.797986" elapsed="0.000464"/>
</kw>
<kw name="Dictionary Should Contain Key" owner="Collections">
<arg>${json_data}</arg>
<arg>results</arg>
<doc>Fails if ``key`` is not found from ``dictionary``.</doc>
<status status="PASS" start="2024-07-22T21:14:48.798753" elapsed="0.000324"/>
</kw>
<status status="PASS" start="2024-07-22T21:14:48.706398" elapsed="0.092861"/>
</kw>
<doc>Testa se a API responde corretamente e retorna um objeto JSON válido.</doc>
<tag>testeRequisicaoBasica</tag>
<status status="PASS" start="2024-07-22T21:14:48.705877" elapsed="0.093565"/>
</test>
<test id="s1-s1-t3" name="Validar estrutura de resposta" line="22">
<kw name="Teste de Estrutura de Resposta" owner="random-user-service">
<kw name="GET On Session" owner="RequestsLibrary">
<msg time="2024-07-22T21:14:48.890494" level="INFO">GET Request : url=https://randomuser.me/api 
 path_url=/api 
 headers={'User-Agent': 'python-requests/2.32.3', 'Accept-Encoding': 'gzip, deflate', 'Accept': '*/*', 'Connection': 'keep-alive'} 
 body=None 
 </msg>
<msg time="2024-07-22T21:14:48.890629" level="INFO">GET Response : url=https://randomuser.me/api 
 status=200, reason=OK 
 headers={'Date': 'Mon, 22 Jul 2024 21:14:48 GMT', 'Content-Type': 'application/json; charset=utf-8', 'Transfer-Encoding': 'chunked', 'Connection': 'keep-alive', 'X-Powered-By': 'Express', 'Access-Control-Allow-Origin': '*', 'Cache-Control': 'no-cache', 'ETag': 'W/"479-Catr7gI7LeUJD5yLHCVgH6QnFTk"', 'Vary': 'Accept-Encoding', 'Content-Encoding': 'gzip', 'CF-Cache-Status': 'DYNAMIC', 'Report-To': '{"endpoints":[{"url":"https:\\/\\/a.nel.cloudflare.com\\/report\\/v4?s=YAmkFCXkY62Rb4wivJ2PjHWwWATHHtTehCl54yhPlulAKg1ay1nwLhMHGCfQ5W%2BmCpJflHsok0%2Bbd1mr3qIji%2FmmAu0OAcyY%2FnhADT4x6tKx%2Bh%2BUEqS6CExi%2FDq0RYRJ"}],"group":"cf-nel","max_age":604800}', 'NEL': '{"success_fraction":0,"report_to":"cf-nel","max_age":604800}', 'Server': 'cloudflare', 'CF-RAY': '8a7671470e422412-IAD', 'alt-svc': 'h3=":443"; ma=86400'} 
 body={"results":[{"gender":"male","name":{"title":"Mr","first":"Valtteri","last":"Kalm"},"location":{"street":{"number":5428,"name":"Rotuaari"},"city":"Rauma","state":"Southern Ostrobothnia","country":"Finland","postcode":24693,"coordinates":{"latitude":"-23.8350","longitude":"-17.5477"},"timezone":{"offset":"-9:00","description":"Alaska"}},"email":"valtteri.kalm@example.com","login":{"uuid":"e318bbc2-2261-4793-907d-c0d54aa961f1","username":"heavysnake830","password":"22222","salt":"ijxgBKm3","md5":"d9cceacba9dcdb3ba7257f9b3dbecc74","sha1":"59ae9cedd97b6fd0bf7c9c5702143e4e609bbc32","sha256":"843484e9265685e626872aed1c0e70630c16d89e02725180ebe95b7812af3c78"},"dob":{"date":"1946-05-20T10:00:12.153Z","age":78},"registered":{"date":"2019-10-14T01:03:34.531Z","age":4},"phone":"04-666-409","cell":"040-156-32-20","id":{"name":"HETU","value":"NaNNA123undefined"},"picture":{"large":"https://randomuser.me/api/portraits/men/36.jpg","medium":"https://randomuser.me/api/portraits/med/men/36.jpg","thumbnail":"https://randomuser.me/api/portraits/thumb/men/36.jpg"},"nat":"FI"}],"info":{"seed":"9a91aefbd151c7a5","results":1,"page":1,"version":"1.4"}} 
 </msg>
<msg time="2024-07-22T21:14:48.890770" level="INFO">/opt/hostedtoolcache/Python/3.12.4/x64/lib/python3.12/site-packages/urllib3/connectionpool.py:1099: InsecureRequestWarning: Unverified HTTPS request is being made to host 'randomuser.me'. Adding certificate verification is strongly advised. See: https://urllib3.readthedocs.io/en/latest/advanced-usage.html#tls-warnings
  warnings.warn(</msg>
<msg time="2024-07-22T21:14:48.890913" level="INFO">${response} = &lt;Response [200]&gt;</msg>
<var>${response}</var>
<arg>consultarAPI</arg>
<arg>/api</arg>
<doc>Sends a GET request on a previously created HTTP Session.</doc>
<status status="PASS" start="2024-07-22T21:14:48.802127" elapsed="0.088827"/>
</kw>
<kw name="Set Variable" owner="BuiltIn">
<msg time="2024-07-22T21:14:48.892212" level="INFO">${json_data} = {'results': [{'gender': 'male', 'name': {'title': 'Mr', 'first': 'Valtteri', 'last': 'Kalm'}, 'location': {'street': {'number': 5428, 'name': 'Rotuaari'}, 'city': 'Rauma', 'state': 'Southern Ostroboth...</msg>
<var>${json_data}</var>
<arg>${response.json()}</arg>
<doc>Returns the given values which can then be assigned to a variables.</doc>
<status status="PASS" start="2024-07-22T21:14:48.891569" elapsed="0.000672"/>
</kw>
<kw name="Log" owner="BuiltIn">
<msg time="2024-07-22T21:14:48.892753" level="INFO">{'results': [{'gender': 'male', 'name': {'title': 'Mr', 'first': 'Valtteri', 'last': 'Kalm'}, 'location': {'street': {'number': 5428, 'name': 'Rotuaari'}, 'city': 'Rauma', 'state': 'Southern Ostrobothnia', 'country': 'Finland', 'postcode': 24693, 'coordinates': {'latitude': '-23.8350', 'longitude': '-17.5477'}, 'timezone': {'offset': '-9:00', 'description': 'Alaska'}}, 'email': 'valtteri.kalm@example.com', 'login': {'uuid': 'e318bbc2-2261-4793-907d-c0d54aa961f1', 'username': 'heavysnake830', 'password': '22222', 'salt': 'ijxgBKm3', 'md5': 'd9cceacba9dcdb3ba7257f9b3dbecc74', 'sha1': '59ae9cedd97b6fd0bf7c9c5702143e4e609bbc32', 'sha256': '843484e9265685e626872aed1c0e70630c16d89e02725180ebe95b7812af3c78'}, 'dob': {'date': '1946-05-20T10:00:12.153Z', 'age': 78}, 'registered': {'date': '2019-10-14T01:03:34.531Z', 'age': 4}, 'phone': '04-666-409', 'cell': '040-156-32-20', 'id': {'name': 'HETU', 'value': 'NaNNA123undefined'}, 'picture': {'large': 'https://randomuser.me/api/portraits/men/36.jpg', 'medium': 'https://randomuser.me/api/portraits/med/men/36.jpg', 'thumbnail': 'https://randomuser.me/api/portraits/thumb/men/36.jpg'}, 'nat': 'FI'}], 'info': {'seed': '9a91aefbd151c7a5', 'results': 1, 'page': 1, 'version': '1.4'}}</msg>
<arg>${json_data}</arg>
<doc>Logs the given message with the given level.</doc>
<status status="PASS" start="2024-07-22T21:14:48.892546" elapsed="0.000258"/>
</kw>
<kw name="Dictionary Should Contain Key" owner="Collections">
<arg>${json_data}</arg>
<arg>results</arg>
<doc>Fails if ``key`` is not found from ``dictionary``.</doc>
<status status="PASS" start="2024-07-22T21:14:48.893102" elapsed="0.000178"/>
</kw>
<kw name="Should Not Be Empty" owner="BuiltIn">
<msg time="2024-07-22T21:14:48.893585" level="INFO">Length is 2.</msg>
<arg>${json_data}</arg>
<doc>Verifies that the given item is not empty.</doc>
<status status="PASS" start="2024-07-22T21:14:48.893462" elapsed="0.000159"/>
</kw>
<kw name="Create List" owner="BuiltIn">
<msg time="2024-07-22T21:14:48.894067" level="INFO">${expected_keys} = ['gender', 'name', 'location', 'email', 'login']</msg>
<var>${expected_keys}</var>
<arg>gender</arg>
<arg>name</arg>
<arg>location</arg>
<arg>email</arg>
<arg>login</arg>
<doc>Returns a list containing given items.</doc>
<status status="PASS" start="2024-07-22T21:14:48.893914" elapsed="0.000176"/>
</kw>
<for flavor="IN">
<iter>
<kw name="Dictionary Should Contain Key" owner="Collections">
<arg>${json_data['results'][0]}</arg>
<arg>${key}</arg>
<doc>Fails if ``key`` is not found from ``dictionary``.</doc>
<status status="PASS" start="2024-07-22T21:14:48.894664" elapsed="0.000402"/>
</kw>
<kw name="Log" owner="BuiltIn">
<msg time="2024-07-22T21:14:48.895640" level="INFO">{'gender': 'male', 'name': {'title': 'Mr', 'first': 'Valtteri', 'last': 'Kalm'}, 'location': {'street': {'number': 5428, 'name': 'Rotuaari'}, 'city': 'Rauma', 'state': 'Southern Ostrobothnia', 'country': 'Finland', 'postcode': 24693, 'coordinates': {'latitude': '-23.8350', 'longitude': '-17.5477'}, 'timezone': {'offset': '-9:00', 'description': 'Alaska'}}, 'email': 'valtteri.kalm@example.com', 'login': {'uuid': 'e318bbc2-2261-4793-907d-c0d54aa961f1', 'username': 'heavysnake830', 'password': '22222', 'salt': 'ijxgBKm3', 'md5': 'd9cceacba9dcdb3ba7257f9b3dbecc74', 'sha1': '59ae9cedd97b6fd0bf7c9c5702143e4e609bbc32', 'sha256': '843484e9265685e626872aed1c0e70630c16d89e02725180ebe95b7812af3c78'}, 'dob': {'date': '1946-05-20T10:00:12.153Z', 'age': 78}, 'registered': {'date': '2019-10-14T01:03:34.531Z', 'age': 4}, 'phone': '04-666-409', 'cell': '040-156-32-20', 'id': {'name': 'HETU', 'value': 'NaNNA123undefined'}, 'picture': {'large': 'https://randomuser.me/api/portraits/men/36.jpg', 'medium': 'https://randomuser.me/api/portraits/med/men/36.jpg', 'thumbnail': 'https://randomuser.me/api/portraits/thumb/men/36.jpg'}, 'nat': 'FI'}</msg>
<arg>${json_data['results'][0]}</arg>
<doc>Logs the given message with the given level.</doc>
<status status="PASS" start="2024-07-22T21:14:48.895280" elapsed="0.000408"/>
</kw>
<kw name="Log" owner="BuiltIn">
<msg time="2024-07-22T21:14:48.896105" level="INFO">gender</msg>
<arg>${key}</arg>
<doc>Logs the given message with the given level.</doc>
<status status="PASS" start="2024-07-22T21:14:48.895978" elapsed="0.000165"/>
</kw>
<var name="${key}">gender</var>
<status status="PASS" start="2024-07-22T21:14:48.894537" elapsed="0.001821"/>
</iter>
<iter>
<kw name="Dictionary Should Contain Key" owner="Collections">
<arg>${json_data['results'][0]}</arg>
<arg>${key}</arg>
<doc>Fails if ``key`` is not found from ``dictionary``.</doc>
<status status="PASS" start="2024-07-22T21:14:48.896655" elapsed="0.000388"/>
</kw>
<kw name="Log" owner="BuiltIn">
<msg time="2024-07-22T21:14:48.897573" level="INFO">{'gender': 'male', 'name': {'title': 'Mr', 'first': 'Valtteri', 'last': 'Kalm'}, 'location': {'street': {'number': 5428, 'name': 'Rotuaari'}, 'city': 'Rauma', 'state': 'Southern Ostrobothnia', 'country': 'Finland', 'postcode': 24693, 'coordinates': {'latitude': '-23.8350', 'longitude': '-17.5477'}, 'timezone': {'offset': '-9:00', 'description': 'Alaska'}}, 'email': 'valtteri.kalm@example.com', 'login': {'uuid': 'e318bbc2-2261-4793-907d-c0d54aa961f1', 'username': 'heavysnake830', 'password': '22222', 'salt': 'ijxgBKm3', 'md5': 'd9cceacba9dcdb3ba7257f9b3dbecc74', 'sha1': '59ae9cedd97b6fd0bf7c9c5702143e4e609bbc32', 'sha256': '843484e9265685e626872aed1c0e70630c16d89e02725180ebe95b7812af3c78'}, 'dob': {'date': '1946-05-20T10:00:12.153Z', 'age': 78}, 'registered': {'date': '2019-10-14T01:03:34.531Z', 'age': 4}, 'phone': '04-666-409', 'cell': '040-156-32-20', 'id': {'name': 'HETU', 'value': 'NaNNA123undefined'}, 'picture': {'large': 'https://randomuser.me/api/portraits/men/36.jpg', 'medium': 'https://randomuser.me/api/portraits/med/men/36.jpg', 'thumbnail': 'https://randomuser.me/api/portraits/thumb/men/36.jpg'}, 'nat': 'FI'}</msg>
<arg>${json_data['results'][0]}</arg>
<doc>Logs the given message with the given level.</doc>
<status status="PASS" start="2024-07-22T21:14:48.897223" elapsed="0.000429"/>
</kw>
<kw name="Log" owner="BuiltIn">
<msg time="2024-07-22T21:14:48.898072" level="INFO">name</msg>
<arg>${key}</arg>
<doc>Logs the given message with the given level.</doc>
<status status="PASS" start="2024-07-22T21:14:48.897946" elapsed="0.000163"/>
</kw>
<var name="${key}">name</var>
<status status="PASS" start="2024-07-22T21:14:48.896545" elapsed="0.001776"/>
</iter>
<iter>
<kw name="Dictionary Should Contain Key" owner="Collections">
<arg>${json_data['results'][0]}</arg>
<arg>${key}</arg>
<doc>Fails if ``key`` is not found from ``dictionary``.</doc>
<status status="PASS" start="2024-07-22T21:14:48.898601" elapsed="0.000382"/>
</kw>
<kw name="Log" owner="BuiltIn">
<msg time="2024-07-22T21:14:48.899543" level="INFO">{'gender': 'male', 'name': {'title': 'Mr', 'first': 'Valtteri', 'last': 'Kalm'}, 'location': {'street': {'number': 5428, 'name': 'Rotuaari'}, 'city': 'Rauma', 'state': 'Southern Ostrobothnia', 'country': 'Finland', 'postcode': 24693, 'coordinates': {'latitude': '-23.8350', 'longitude': '-17.5477'}, 'timezone': {'offset': '-9:00', 'description': 'Alaska'}}, 'email': 'valtteri.kalm@example.com', 'login': {'uuid': 'e318bbc2-2261-4793-907d-c0d54aa961f1', 'username': 'heavysnake830', 'password': '22222', 'salt': 'ijxgBKm3', 'md5': 'd9cceacba9dcdb3ba7257f9b3dbecc74', 'sha1': '59ae9cedd97b6fd0bf7c9c5702143e4e609bbc32', 'sha256': '843484e9265685e626872aed1c0e70630c16d89e02725180ebe95b7812af3c78'}, 'dob': {'date': '1946-05-20T10:00:12.153Z', 'age': 78}, 'registered': {'date': '2019-10-14T01:03:34.531Z', 'age': 4}, 'phone': '04-666-409', 'cell': '040-156-32-20', 'id': {'name': 'HETU', 'value': 'NaNNA123undefined'}, 'picture': {'large': 'https://randomuser.me/api/portraits/men/36.jpg', 'medium': 'https://randomuser.me/api/portraits/med/men/36.jpg', 'thumbnail': 'https://randomuser.me/api/portraits/thumb/men/36.jpg'}, 'nat': 'FI'}</msg>
<arg>${json_data['results'][0]}</arg>
<doc>Logs the given message with the given level.</doc>
<status status="PASS" start="2024-07-22T21:14:48.899166" elapsed="0.000425"/>
</kw>
<kw name="Log" owner="BuiltIn">
<msg time="2024-07-22T21:14:48.900004" level="INFO">location</msg>
<arg>${key}</arg>
<doc>Logs the given message with the given level.</doc>
<status status="PASS" start="2024-07-22T21:14:48.899880" elapsed="0.000160"/>
</kw>
<var name="${key}">location</var>
<status status="PASS" start="2024-07-22T21:14:48.898496" elapsed="0.001758"/>
</iter>
<iter>
<kw name="Dictionary Should Contain Key" owner="Collections">
<arg>${json_data['results'][0]}</arg>
<arg>${key}</arg>
<doc>Fails if ``key`` is not found from ``dictionary``.</doc>
<status status="PASS" start="2024-07-22T21:14:48.900527" elapsed="0.000379"/>
</kw>
<kw name="Log" owner="BuiltIn">
<msg time="2024-07-22T21:14:48.901589" level="INFO">{'gender': 'male', 'name': {'title': 'Mr', 'first': 'Valtteri', 'last': 'Kalm'}, 'location': {'street': {'number': 5428, 'name': 'Rotuaari'}, 'city': 'Rauma', 'state': 'Southern Ostrobothnia', 'country': 'Finland', 'postcode': 24693, 'coordinates': {'latitude': '-23.8350', 'longitude': '-17.5477'}, 'timezone': {'offset': '-9:00', 'description': 'Alaska'}}, 'email': 'valtteri.kalm@example.com', 'login': {'uuid': 'e318bbc2-2261-4793-907d-c0d54aa961f1', 'username': 'heavysnake830', 'password': '22222', 'salt': 'ijxgBKm3', 'md5': 'd9cceacba9dcdb3ba7257f9b3dbecc74', 'sha1': '59ae9cedd97b6fd0bf7c9c5702143e4e609bbc32', 'sha256': '843484e9265685e626872aed1c0e70630c16d89e02725180ebe95b7812af3c78'}, 'dob': {'date': '1946-05-20T10:00:12.153Z', 'age': 78}, 'registered': {'date': '2019-10-14T01:03:34.531Z', 'age': 4}, 'phone': '04-666-409', 'cell': '040-156-32-20', 'id': {'name': 'HETU', 'value': 'NaNNA123undefined'}, 'picture': {'large': 'https://randomuser.me/api/portraits/men/36.jpg', 'medium': 'https://randomuser.me/api/portraits/med/men/36.jpg', 'thumbnail': 'https://randomuser.me/api/portraits/thumb/men/36.jpg'}, 'nat': 'FI'}</msg>
<arg>${json_data['results'][0]}</arg>
<doc>Logs the given message with the given level.</doc>
<status status="PASS" start="2024-07-22T21:14:48.901204" elapsed="0.000433"/>
</kw>
<kw name="Log" owner="BuiltIn">
<msg time="2024-07-22T21:14:48.902058" level="INFO">email</msg>
<arg>${key}</arg>
<doc>Logs the given message with the given level.</doc>
<status status="PASS" start="2024-07-22T21:14:48.901931" elapsed="0.000164"/>
</kw>
<var name="${key}">email</var>
<status status="PASS" start="2024-07-22T21:14:48.900422" elapsed="0.001882"/>
</iter>
<iter>
<kw name="Dictionary Should Contain Key" owner="Collections">
<arg>${json_data['results'][0]}</arg>
<arg>${key}</arg>
<doc>Fails if ``key`` is not found from ``dictionary``.</doc>
<status status="PASS" start="2024-07-22T21:14:48.902581" elapsed="0.000371"/>
</kw>
<kw name="Log" owner="BuiltIn">
<msg time="2024-07-22T21:14:48.903493" level="INFO">{'gender': 'male', 'name': {'title': 'Mr', 'first': 'Valtteri', 'last': 'Kalm'}, 'location': {'street': {'number': 5428, 'name': 'Rotuaari'}, 'city': 'Rauma', 'state': 'Southern Ostrobothnia', 'country': 'Finland', 'postcode': 24693, 'coordinates': {'latitude': '-23.8350', 'longitude': '-17.5477'}, 'timezone': {'offset': '-9:00', 'description': 'Alaska'}}, 'email': 'valtteri.kalm@example.com', 'login': {'uuid': 'e318bbc2-2261-4793-907d-c0d54aa961f1', 'username': 'heavysnake830', 'password': '22222', 'salt': 'ijxgBKm3', 'md5': 'd9cceacba9dcdb3ba7257f9b3dbecc74', 'sha1': '59ae9cedd97b6fd0bf7c9c5702143e4e609bbc32', 'sha256': '843484e9265685e626872aed1c0e70630c16d89e02725180ebe95b7812af3c78'}, 'dob': {'date': '1946-05-20T10:00:12.153Z', 'age': 78}, 'registered': {'date': '2019-10-14T01:03:34.531Z', 'age': 4}, 'phone': '04-666-409', 'cell': '040-156-32-20', 'id': {'name': 'HETU', 'value': 'NaNNA123undefined'}, 'picture': {'large': 'https://randomuser.me/api/portraits/men/36.jpg', 'medium': 'https://randomuser.me/api/portraits/med/men/36.jpg', 'thumbnail': 'https://randomuser.me/api/portraits/thumb/men/36.jpg'}, 'nat': 'FI'}</msg>
<arg>${json_data['results'][0]}</arg>
<doc>Logs the given message with the given level.</doc>
<status status="PASS" start="2024-07-22T21:14:48.903130" elapsed="0.000410"/>
</kw>
<kw name="Log" owner="BuiltIn">
<msg time="2024-07-22T21:14:48.903952" level="INFO">login</msg>
<arg>${key}</arg>
<doc>Logs the given message with the given level.</doc>
<status status="PASS" start="2024-07-22T21:14:48.903829" elapsed="0.000160"/>
</kw>
<var name="${key}">login</var>
<status status="PASS" start="2024-07-22T21:14:48.902474" elapsed="0.001724"/>
</iter>
<var>${key}</var>
<value>@{expected_keys}</value>
<status status="PASS" start="2024-07-22T21:14:48.894348" elapsed="0.009970"/>
</for>
<kw name="Create List" owner="BuiltIn">
<msg time="2024-07-22T21:14:48.904632" level="INFO">${expected_keysTwo} = ['username', 'password']</msg>
<var>${expected_keysTwo}</var>
<arg>username</arg>
<arg>password</arg>
<doc>Returns a list containing given items.</doc>
<status status="PASS" start="2024-07-22T21:14:48.904502" elapsed="0.000153"/>
</kw>
<for flavor="IN">
<iter>
<kw name="Dictionary Should Contain Key" owner="Collections">
<arg>${json_data['results'][0]['login']}</arg>
<arg>${keyTwo}</arg>
<doc>Fails if ``key`` is not found from ``dictionary``.</doc>
<status status="PASS" start="2024-07-22T21:14:48.905167" elapsed="0.000383"/>
</kw>
<kw name="Dictionary Should Contain Key" owner="Collections">
<arg>${json_data['results'][0]['login']}</arg>
<arg>${keyTwo}</arg>
<doc>Fails if ``key`` is not found from ``dictionary``.</doc>
<status status="PASS" start="2024-07-22T21:14:48.905728" elapsed="0.000361"/>
</kw>
<kw name="Log" owner="BuiltIn">
<msg time="2024-07-22T21:14:48.906383" level="INFO">username</msg>
<arg>${keyTwo}</arg>
<doc>Logs the given message with the given level.</doc>
<status status="PASS" start="2024-07-22T21:14:48.906266" elapsed="0.000154"/>
</kw>
<var name="${keyTwo}">username</var>
<status status="PASS" start="2024-07-22T21:14:48.905060" elapsed="0.001577"/>
</iter>
<iter>
<kw name="Dictionary Should Contain Key" owner="Collections">
<arg>${json_data['results'][0]['login']}</arg>
<arg>${keyTwo}</arg>
<doc>Fails if ``key`` is not found from ``dictionary``.</doc>
<status status="PASS" start="2024-07-22T21:14:48.906924" elapsed="0.000410"/>
</kw>
<kw name="Dictionary Should Contain Key" owner="Collections">
<arg>${json_data['results'][0]['login']}</arg>
<arg>${keyTwo}</arg>
<doc>Fails if ``key`` is not found from ``dictionary``.</doc>
<status status="PASS" start="2024-07-22T21:14:48.907513" elapsed="0.000359"/>
</kw>
<kw name="Log" owner="BuiltIn">
<msg time="2024-07-22T21:14:48.908165" level="INFO">password</msg>
<arg>${keyTwo}</arg>
<doc>Logs the given message with the given level.</doc>
<status status="PASS" start="2024-07-22T21:14:48.908044" elapsed="0.000156"/>
</kw>
<var name="${keyTwo}">password</var>
<status status="PASS" start="2024-07-22T21:14:48.906806" elapsed="0.001609"/>
</iter>
<var>${keyTwo}</var>
<value>@{expected_keysTwo}</value>
<status status="PASS" start="2024-07-22T21:14:48.904910" elapsed="0.003624"/>
</for>
<status status="PASS" start="2024-07-22T21:14:48.801877" elapsed="0.106796"/>
</kw>
<doc>Testa a estrutura da resposta da API.</doc>
<tag>testeEstruturaResposta</tag>
<status status="PASS" start="2024-07-22T21:14:48.801310" elapsed="0.107519"/>
</test>
<test id="s1-s1-t4" name="Validar tipos de dados" line="28">
<kw name="Teste de Tipos de Dados" owner="random-user-service">
<kw name="GET On Session" owner="RequestsLibrary">
<msg time="2024-07-22T21:14:48.997647" level="INFO">GET Request : url=https://randomuser.me/api 
 path_url=/api 
 headers={'User-Agent': 'python-requests/2.32.3', 'Accept-Encoding': 'gzip, deflate', 'Accept': '*/*', 'Connection': 'keep-alive'} 
 body=None 
 </msg>
<msg time="2024-07-22T21:14:48.997729" level="INFO">GET Response : url=https://randomuser.me/api 
 status=200, reason=OK 
 headers={'Date': 'Mon, 22 Jul 2024 21:14:48 GMT', 'Content-Type': 'application/json; charset=utf-8', 'Transfer-Encoding': 'chunked', 'Connection': 'keep-alive', 'X-Powered-By': 'Express', 'Access-Control-Allow-Origin': '*', 'Cache-Control': 'no-cache', 'ETag': 'W/"463-+jHQVE14LopaJgdZUCO/WKqIJ1g"', 'Vary': 'Accept-Encoding', 'Content-Encoding': 'gzip', 'CF-Cache-Status': 'DYNAMIC', 'Report-To': '{"endpoints":[{"url":"https:\\/\\/a.nel.cloudflare.com\\/report\\/v4?s=d421JudJXyy15JXtks%2BzOp%2FqJpYg5jAdhpnHvxqxYra%2FDnqKPOsgN5CSkcHhkbIzL%2FI69MMZdmPKLC%2FYZj%2FER7JwoqEflKay9zLES8Jdxm081shj3NLD6Q2Eux4uNhOm"}],"group":"cf-nel","max_age":604800}', 'NEL': '{"success_fraction":0,"report_to":"cf-nel","max_age":604800}', 'Server': 'cloudflare', 'CF-RAY': '8a767147bee92412-IAD', 'alt-svc': 'h3=":443"; ma=86400'} 
 body={"results":[{"gender":"male","name":{"title":"Mr","first":"Girish","last":"Bhoja"},"location":{"street":{"number":317,"name":"Tilak Marg"},"city":"Guna","state":"Meghalaya","country":"India","postcode":12116,"coordinates":{"latitude":"10.9481","longitude":"-45.3428"},"timezone":{"offset":"+4:30","description":"Kabul"}},"email":"girish.bhoja@example.com","login":{"uuid":"62a0f5a0-8ef4-40af-ad3b-6467da0bc91c","username":"bluepeacock476","password":"sparky","salt":"H39pbO9j","md5":"430e8becd2a20c7e969dea122afcf6dc","sha1":"5f0bc8c8951c6bb12d0e446d40fd5a58df569928","sha256":"3d3ea573cda963725498e33faab7e4246cad7ff5b458da09b01fbeffdf5dfb85"},"dob":{"date":"1961-11-20T04:49:30.035Z","age":62},"registered":{"date":"2009-10-21T00:09:35.319Z","age":14},"phone":"9607850709","cell":"8153562475","id":{"name":"UIDAI","value":"150562393561"},"picture":{"large":"https://randomuser.me/api/portraits/men/45.jpg","medium":"https://randomuser.me/api/portraits/med/men/45.jpg","thumbnail":"https://randomuser.me/api/portraits/thumb/men/45.jpg"},"nat":"IN"}],"info":{"seed":"b0c6a67ea7ac8600","results":1,"page":1,"version":"1.4"}} 
 </msg>
<msg time="2024-07-22T21:14:48.997791" level="INFO">/opt/hostedtoolcache/Python/3.12.4/x64/lib/python3.12/site-packages/urllib3/connectionpool.py:1099: InsecureRequestWarning: Unverified HTTPS request is being made to host 'randomuser.me'. Adding certificate verification is strongly advised. See: https://urllib3.readthedocs.io/en/latest/advanced-usage.html#tls-warnings
  warnings.warn(</msg>
<msg time="2024-07-22T21:14:48.997901" level="INFO">${response} = &lt;Response [200]&gt;</msg>
<var>${response}</var>
<arg>consultarAPI</arg>
<arg>/api</arg>
<doc>Sends a GET request on a previously created HTTP Session.</doc>
<status status="PASS" start="2024-07-22T21:14:48.911317" elapsed="0.086625"/>
</kw>
<kw name="Set Variable" owner="BuiltIn">
<msg time="2024-07-22T21:14:48.998866" level="INFO">${json_data} = {'results': [{'gender': 'male', 'name': {'title': 'Mr', 'first': 'Girish', 'last': 'Bhoja'}, 'location': {'street': {'number': 317, 'name': 'Tilak Marg'}, 'city': 'Guna', 'state': 'Meghalaya', 'countr...</msg>
<var>${json_data}</var>
<arg>${response.json()}</arg>
<doc>Returns the given values which can then be assigned to a variables.</doc>
<status status="PASS" start="2024-07-22T21:14:48.998379" elapsed="0.000515"/>
</kw>
<kw name="Log" owner="BuiltIn">
<msg time="2024-07-22T21:14:48.999388" level="INFO">{'results': [{'gender': 'male', 'name': {'title': 'Mr', 'first': 'Girish', 'last': 'Bhoja'}, 'location': {'street': {'number': 317, 'name': 'Tilak Marg'}, 'city': 'Guna', 'state': 'Meghalaya', 'country': 'India', 'postcode': 12116, 'coordinates': {'latitude': '10.9481', 'longitude': '-45.3428'}, 'timezone': {'offset': '+4:30', 'description': 'Kabul'}}, 'email': 'girish.bhoja@example.com', 'login': {'uuid': '62a0f5a0-8ef4-40af-ad3b-6467da0bc91c', 'username': 'bluepeacock476', 'password': 'sparky', 'salt': 'H39pbO9j', 'md5': '430e8becd2a20c7e969dea122afcf6dc', 'sha1': '5f0bc8c8951c6bb12d0e446d40fd5a58df569928', 'sha256': '3d3ea573cda963725498e33faab7e4246cad7ff5b458da09b01fbeffdf5dfb85'}, 'dob': {'date': '1961-11-20T04:49:30.035Z', 'age': 62}, 'registered': {'date': '2009-10-21T00:09:35.319Z', 'age': 14}, 'phone': '9607850709', 'cell': '8153562475', 'id': {'name': 'UIDAI', 'value': '150562393561'}, 'picture': {'large': 'https://randomuser.me/api/portraits/men/45.jpg', 'medium': 'https://randomuser.me/api/portraits/med/men/45.jpg', 'thumbnail': 'https://randomuser.me/api/portraits/thumb/men/45.jpg'}, 'nat': 'IN'}], 'info': {'seed': 'b0c6a67ea7ac8600', 'results': 1, 'page': 1, 'version': '1.4'}}</msg>
<arg>${json_data}</arg>
<doc>Logs the given message with the given level.</doc>
<status status="PASS" start="2024-07-22T21:14:48.999195" elapsed="0.000242"/>
</kw>
<kw name="Should Be String" owner="String">
<arg>${json_data['results'][0]['gender']}</arg>
<doc>Fails if the given ``item`` is not a string.</doc>
<status status="PASS" start="2024-07-22T21:14:48.999732" elapsed="0.000365"/>
</kw>
<kw name="Should Match Regexp" owner="BuiltIn">
<arg>${json_data['results'][0]['email']}</arg>
<arg>^[a-zA-Z0-9._%+-]+@[a-zA-Z0-9.-]+\.[a-zA-Z]{2,}$</arg>
<doc>Fails if ``string`` does not match ``pattern`` as a regular expression.</doc>
<status status="PASS" start="2024-07-22T21:14:49.000284" elapsed="0.000520"/>
</kw>
<kw name="Should Match Regexp" owner="BuiltIn">
<arg>${json_data['results'][0]['dob']['date']}</arg>
<arg>\\d{4}-\\d{2}-\\d{2}T\\d{2}:\\d{2}:\\d{2}\\.\\d{3}Z</arg>
<doc>Fails if ``string`` does not match ``pattern`` as a regular expression.</doc>
<status status="PASS" start="2024-07-22T21:14:49.001033" elapsed="0.000666"/>
</kw>
<kw name="Should Match Regexp" owner="BuiltIn">
<arg>${json_data['results'][0]['registered']['date']}</arg>
<arg>\\d{4}-\\d{2}-\\d{2}T\\d{2}:\\d{2}:\\d{2}\\.\\d{3}Z</arg>
<doc>Fails if ``string`` does not match ``pattern`` as a regular expression.</doc>
<status status="PASS" start="2024-07-22T21:14:49.001980" elapsed="0.000658"/>
</kw>
<kw name="Should Match Regexp" owner="BuiltIn">
<arg>${json_data['results'][0]['picture']['large']}</arg>
<arg>^https?://.*\.(?:png|jpe?g|gif|bmp)$</arg>
<doc>Fails if ``string`` does not match ``pattern`` as a regular expression.</doc>
<status status="PASS" start="2024-07-22T21:14:49.002917" elapsed="0.000774"/>
</kw>
<kw name="Should Match Regexp" owner="BuiltIn">
<arg>${json_data['results'][0]['picture']['medium']}</arg>
<arg>^https?://.*\.(?:png|jpe?g|gif|bmp)$</arg>
<doc>Fails if ``string`` does not match ``pattern`` as a regular expression.</doc>
<status status="PASS" start="2024-07-22T21:14:49.004023" elapsed="0.000612"/>
</kw>
<kw name="Should Match Regexp" owner="BuiltIn">
<arg>${json_data['results'][0]['picture']['thumbnail']}</arg>
<arg>^https?://.*\.(?:png|jpe?g|gif|bmp)$</arg>
<doc>Fails if ``string`` does not match ``pattern`` as a regular expression.</doc>
<status status="PASS" start="2024-07-22T21:14:49.004949" elapsed="0.000632"/>
</kw>
<kw name="Log" owner="BuiltIn">
<msg time="2024-07-22T21:14:49.006410" level="INFO">{'large': 'https://randomuser.me/api/portraits/men/45.jpg', 'medium': 'https://randomuser.me/api/portraits/med/men/45.jpg', 'thumbnail': 'https://randomuser.me/api/portraits/thumb/men/45.jpg'}</msg>
<arg>${json_data['results'][0]['picture']}</arg>
<doc>Logs the given message with the given level.</doc>
<status status="PASS" start="2024-07-22T21:14:49.005883" elapsed="0.000600"/>
</kw>
<status status="PASS" start="2024-07-22T21:14:48.911059" elapsed="0.095805"/>
</kw>
<kw name="Teste de Tipos de Dados - Postcode" owner="random-user-service">
<kw name="GET On Session" owner="RequestsLibrary">
<msg time="2024-07-22T21:14:49.087850" level="INFO">GET Request : url=https://randomuser.me/api 
 path_url=/api 
 headers={'User-Agent': 'python-requests/2.32.3', 'Accept-Encoding': 'gzip, deflate', 'Accept': '*/*', 'Connection': 'keep-alive'} 
 body=None 
 </msg>
<msg time="2024-07-22T21:14:49.087962" level="INFO">GET Response : url=https://randomuser.me/api 
 status=200, reason=OK 
 headers={'Date': 'Mon, 22 Jul 2024 21:14:49 GMT', 'Content-Type': 'application/json; charset=utf-8', 'Transfer-Encoding': 'chunked', 'Connection': 'keep-alive', 'X-Powered-By': 'Express', 'Access-Control-Allow-Origin': '*', 'Cache-Control': 'no-cache', 'ETag': 'W/"484-xspu5DbwK4GP/rOQUkTZgHWDXG4"', 'Vary': 'Accept-Encoding', 'Content-Encoding': 'gzip', 'CF-Cache-Status': 'DYNAMIC', 'Report-To': '{"endpoints":[{"url":"https:\\/\\/a.nel.cloudflare.com\\/report\\/v4?s=S9YKaBRl2rwt2CjaF4svxExwt%2FxZqboiNdk%2BtiEaPocbm%2FX0kFNSiQ8gpnphMr46z2iY0Sg0NxG0KyiWElXrAKItUm1buTS3V6MpxaaniCGX7q18EI3tWeazYB%2BpQxMc"}],"group":"cf-nel","max_age":604800}', 'NEL': '{"success_fraction":0,"report_to":"cf-nel","max_age":604800}', 'Server': 'cloudflare', 'CF-RAY': '8a7671484f8a2412-IAD', 'alt-svc': 'h3=":443"; ma=86400'} 
 body={"results":[{"gender":"male","name":{"title":"Mr","first":"Thibaut","last":"Muller"},"location":{"street":{"number":7422,"name":"Cours Charlemagne"},"city":"Aix-En-Provence","state":"Indre","country":"France","postcode":19824,"coordinates":{"latitude":"-13.2082","longitude":"-151.9718"},"timezone":{"offset":"+5:45","description":"Kathmandu"}},"email":"thibaut.muller@example.com","login":{"uuid":"ebbb2071-73ab-48c9-842b-98b16de23df4","username":"blackpanda621","password":"crunch","salt":"EnNUFWLs","md5":"1a8384dd67f3fba846edf7039bf13b33","sha1":"40a6474ffdadb4d64c246dd18c1136f81e808961","sha256":"509ff8b06ef81a1a34b772e7e77136f6b29e29cf3a21440a3d17ea6291e82a9c"},"dob":{"date":"1975-06-22T22:46:55.410Z","age":49},"registered":{"date":"2016-07-23T01:01:21.592Z","age":7},"phone":"02-89-12-89-21","cell":"06-03-16-71-43","id":{"name":"INSEE","value":"1750538906597 47"},"picture":{"large":"https://randomuser.me/api/portraits/men/7.jpg","medium":"https://randomuser.me/api/portraits/med/men/7.jpg","thumbnail":"https://randomuser.me/api/portraits/thumb/men/7.jpg"},"nat":"FR"}],"info":{"seed":"66e36e83f1c411b9","results":1,"page":1,"version":"1.4"}} 
 </msg>
<msg time="2024-07-22T21:14:49.088047" level="INFO">/opt/hostedtoolcache/Python/3.12.4/x64/lib/python3.12/site-packages/urllib3/connectionpool.py:1099: InsecureRequestWarning: Unverified HTTPS request is being made to host 'randomuser.me'. Adding certificate verification is strongly advised. See: https://urllib3.readthedocs.io/en/latest/advanced-usage.html#tls-warnings
  warnings.warn(</msg>
<msg time="2024-07-22T21:14:49.088190" level="INFO">${response} = &lt;Response [200]&gt;</msg>
<var>${response}</var>
<arg>consultarAPI</arg>
<arg>/api</arg>
<doc>Sends a GET request on a previously created HTTP Session.</doc>
<status status="PASS" start="2024-07-22T21:14:49.007612" elapsed="0.080632"/>
</kw>
<kw name="Set Variable" owner="BuiltIn">
<msg time="2024-07-22T21:14:49.089512" level="INFO">${json_data} = {'results': [{'gender': 'male', 'name': {'title': 'Mr', 'first': 'Thibaut', 'last': 'Muller'}, 'location': {'street': {'number': 7422, 'name': 'Cours Charlemagne'}, 'city': 'Aix-En-Provence', 'state':...</msg>
<var>${json_data}</var>
<arg>${response.json()}</arg>
<doc>Returns the given values which can then be assigned to a variables.</doc>
<status status="PASS" start="2024-07-22T21:14:49.088900" elapsed="0.000642"/>
</kw>
<kw name="Log" owner="BuiltIn">
<msg time="2024-07-22T21:14:49.090012" level="INFO">{'results': [{'gender': 'male', 'name': {'title': 'Mr', 'first': 'Thibaut', 'last': 'Muller'}, 'location': {'street': {'number': 7422, 'name': 'Cours Charlemagne'}, 'city': 'Aix-En-Provence', 'state': 'Indre', 'country': 'France', 'postcode': 19824, 'coordinates': {'latitude': '-13.2082', 'longitude': '-151.9718'}, 'timezone': {'offset': '+5:45', 'description': 'Kathmandu'}}, 'email': 'thibaut.muller@example.com', 'login': {'uuid': 'ebbb2071-73ab-48c9-842b-98b16de23df4', 'username': 'blackpanda621', 'password': 'crunch', 'salt': 'EnNUFWLs', 'md5': '1a8384dd67f3fba846edf7039bf13b33', 'sha1': '40a6474ffdadb4d64c246dd18c1136f81e808961', 'sha256': '509ff8b06ef81a1a34b772e7e77136f6b29e29cf3a21440a3d17ea6291e82a9c'}, 'dob': {'date': '1975-06-22T22:46:55.410Z', 'age': 49}, 'registered': {'date': '2016-07-23T01:01:21.592Z', 'age': 7}, 'phone': '02-89-12-89-21', 'cell': '06-03-16-71-43', 'id': {'name': 'INSEE', 'value': '1750538906597 47'}, 'picture': {'large': 'https://randomuser.me/api/portraits/men/7.jpg', 'medium': 'https://randomuser.me/api/portraits/med/men/7.jpg', 'thumbnail': 'https://randomuser.me/api/portraits/thumb/men/7.jpg'}, 'nat': 'FR'}], 'info': {'seed': '66e36e83f1c411b9', 'results': 1, 'page': 1, 'version': '1.4'}}</msg>
<arg>${json_data}</arg>
<doc>Logs the given message with the given level.</doc>
<status status="PASS" start="2024-07-22T21:14:49.089855" elapsed="0.000206"/>
</kw>
<kw name="Should Be Equal As Numbers" owner="BuiltIn">
<arg>${json_data['results'][0]['location']['postcode']}</arg>
<arg>${json_data['results'][0]['location']['postcode']}</arg>
<doc>Fails if objects are unequal after converting them to real numbers.</doc>
<status status="PASS" start="2024-07-22T21:14:49.090356" elapsed="0.000635"/>
</kw>
<kw name="Log" owner="BuiltIn">
<msg time="2024-07-22T21:14:49.091564" level="INFO">19824</msg>
<arg>${json_data['results'][0]['location']['postcode']}</arg>
<doc>Logs the given message with the given level.</doc>
<status status="PASS" start="2024-07-22T21:14:49.091185" elapsed="0.000420"/>
</kw>
<status status="PASS" start="2024-07-22T21:14:49.007206" elapsed="0.084661"/>
</kw>
<doc>Testa se os tipos de dados na resposta da API estão corretos.</doc>
<tag>testeTiposDados</tag>
<status status="PASS" start="2024-07-22T21:14:48.910630" elapsed="0.181444"/>
</test>
<test id="s1-s1-t5" name="Validar conteudo" line="35">
<kw name="Teste de Tipos de Conteudo" owner="random-user-service">
<kw name="GET On Session" owner="RequestsLibrary">
<msg time="2024-07-22T21:14:49.205117" level="INFO">GET Request : url=https://randomuser.me/api 
 path_url=/api 
 headers={'User-Agent': 'python-requests/2.32.3', 'Accept-Encoding': 'gzip, deflate', 'Accept': '*/*', 'Connection': 'keep-alive'} 
 body=None 
 </msg>
<msg time="2024-07-22T21:14:49.205228" level="INFO">GET Response : url=https://randomuser.me/api 
 status=200, reason=OK 
 headers={'Date': 'Mon, 22 Jul 2024 21:14:49 GMT', 'Content-Type': 'application/json; charset=utf-8', 'Transfer-Encoding': 'chunked', 'Connection': 'keep-alive', 'X-Powered-By': 'Express', 'Access-Control-Allow-Origin': '*', 'Cache-Control': 'no-cache', 'ETag': 'W/"4a4-gH2XWeuzwxXMvTnPkGGYpuRBncA"', 'Vary': 'Accept-Encoding', 'Content-Encoding': 'gzip', 'CF-Cache-Status': 'DYNAMIC', 'Report-To': '{"endpoints":[{"url":"https:\\/\\/a.nel.cloudflare.com\\/report\\/v4?s=qh66SJb5lwbuR3OZ7CCvQz5JEZSHZoy44TSd%2BOO8KFTMhDjdqcEwVTsAgdGObIBnnOdF6dkcunr3nwR3zSHEAjXorfKSt3m3LVKTKsJnZjrnWwR0fo5Jd25Ti1%2Fstx50"}],"group":"cf-nel","max_age":604800}', 'NEL': '{"success_fraction":0,"report_to":"cf-nel","max_age":604800}', 'Server': 'cloudflare', 'CF-RAY': '8a767148d8102412-IAD', 'alt-svc': 'h3=":443"; ma=86400'} 
 body={"results":[{"gender":"male","name":{"title":"Mr","first":"Moses","last":"Van der Heijden"},"location":{"street":{"number":6122,"name":"Kortvoort"},"city":"Dinteloord","state":"Zeeland","country":"Netherlands","postcode":"1117 SN","coordinates":{"latitude":"36.5092","longitude":"-45.3788"},"timezone":{"offset":"+1:00","description":"Brussels, Copenhagen, Madrid, Paris"}},"email":"moses.vanderheijden@example.com","login":{"uuid":"ac79f2e1-d058-4622-acdc-18a6952beffa","username":"ticklishpeacock181","password":"saratoga","salt":"2cuFxji4","md5":"c50e008e7178827a5938ffb0ca5a243a","sha1":"796b5a284efa59c498da4cc3c12eac2e10e523cc","sha256":"4c8a5380786a927b2afac0b16e097dc6f3691f63bf4db17b09b83bbf65968eff"},"dob":{"date":"1973-04-01T09:37:47.254Z","age":51},"registered":{"date":"2015-06-14T18:43:45.798Z","age":9},"phone":"(053) 1799965","cell":"(06) 36446558","id":{"name":"BSN","value":"96351524"},"picture":{"large":"https://randomuser.me/api/portraits/men/42.jpg","medium":"https://randomuser.me/api/portraits/med/men/42.jpg","thumbnail":"https://randomuser.me/api/portraits/thumb/men/42.jpg"},"nat":"NL"}],"info":{"seed":"a3fdde8656724d27","results":1,"page":1,"version":"1.4"}} 
 </msg>
<msg time="2024-07-22T21:14:49.205312" level="INFO">/opt/hostedtoolcache/Python/3.12.4/x64/lib/python3.12/site-packages/urllib3/connectionpool.py:1099: InsecureRequestWarning: Unverified HTTPS request is being made to host 'randomuser.me'. Adding certificate verification is strongly advised. See: https://urllib3.readthedocs.io/en/latest/advanced-usage.html#tls-warnings
  warnings.warn(</msg>
<msg time="2024-07-22T21:14:49.205460" level="INFO">${response} = &lt;Response [200]&gt;</msg>
<var>${response}</var>
<arg>consultarAPI</arg>
<arg>/api</arg>
<doc>Sends a GET request on a previously created HTTP Session.</doc>
<status status="PASS" start="2024-07-22T21:14:49.094660" elapsed="0.110844"/>
</kw>
<kw name="Set Variable" owner="BuiltIn">
<msg time="2024-07-22T21:14:49.206719" level="INFO">${json_data} = {'results': [{'gender': 'male', 'name': {'title': 'Mr', 'first': 'Moses', 'last': 'Van der Heijden'}, 'location': {'street': {'number': 6122, 'name': 'Kortvoort'}, 'city': 'Dinteloord', 'state': 'Zeel...</msg>
<var>${json_data}</var>
<arg>${response.json()}</arg>
<doc>Returns the given values which can then be assigned to a variables.</doc>
<status status="PASS" start="2024-07-22T21:14:49.206137" elapsed="0.000611"/>
</kw>
<kw name="Set Variable" owner="BuiltIn">
<msg time="2024-07-22T21:14:49.207488" level="INFO">${name_title} = Mr</msg>
<var>${name_title}</var>
<arg>${json_data["results"][0]["name"]["title"]}</arg>
<doc>Returns the given values which can then be assigned to a variables.</doc>
<status status="PASS" start="2024-07-22T21:14:49.207058" elapsed="0.000456"/>
</kw>
<kw name="Create List" owner="BuiltIn">
<msg time="2024-07-22T21:14:49.207961" level="INFO">${allowed_titles} = ['Mr', 'Ms', 'Miss', 'Mrs', 'Madame', 'Monsieur']</msg>
<var>${allowed_titles}</var>
<arg>Mr</arg>
<arg>Ms</arg>
<arg>Miss</arg>
<arg>Mrs</arg>
<arg>Madame</arg>
<arg>Monsieur</arg>
<doc>Returns a list containing given items.</doc>
<status status="PASS" start="2024-07-22T21:14:49.207813" elapsed="0.000173"/>
</kw>
<kw name="List Should Contain Value" owner="Collections">
<arg>${allowed_titles}</arg>
<arg>${name_title}</arg>
<doc>Fails if the ``value`` is not found from ``list``.</doc>
<status status="PASS" start="2024-07-22T21:14:49.208284" elapsed="0.000175"/>
</kw>
<kw name="Set Variable" owner="BuiltIn">
<msg time="2024-07-22T21:14:49.209026" level="INFO">${name_country} = NL</msg>
<var>${name_country}</var>
<arg>${json_data["results"][0]["nat"]}</arg>
<doc>Returns the given values which can then be assigned to a variables.</doc>
<status status="PASS" start="2024-07-22T21:14:49.208651" elapsed="0.000400"/>
</kw>
<kw name="Create List" owner="BuiltIn">
<msg time="2024-07-22T21:14:49.209936" level="INFO">${list_country} = ['AD', 'AE', 'AF', 'AG', 'AI', 'AL', 'AM', 'AO', 'AQ', 'AR', 'AS', 'AT', 'AU', 'AW', 'AX', 'AZ', 'BA', 'BB', 'BD', 'BE', 'BF', 'BG', 'BH', 'BI', 'BJ', 'BL', 'BM', 'BN', 'BO', 'BQ', 'BR', 'BS', 'BT', '...</msg>
<var>${list_country}</var>
<arg>AD</arg>
<arg>AE</arg>
<arg>AF</arg>
<arg>AG</arg>
<arg>AI</arg>
<arg>AL</arg>
<arg>AM</arg>
<arg>AO</arg>
<arg>AQ</arg>
<arg>AR</arg>
<arg>AS</arg>
<arg>AT</arg>
<arg>AU</arg>
<arg>AW</arg>
<arg>AX</arg>
<arg>AZ</arg>
<arg>BA</arg>
<arg>BB</arg>
<arg>BD</arg>
<arg>BE</arg>
<arg>BF</arg>
<arg>BG</arg>
<arg>BH</arg>
<arg>BI</arg>
<arg>BJ</arg>
<arg>BL</arg>
<arg>BM</arg>
<arg>BN</arg>
<arg>BO</arg>
<arg>BQ</arg>
<arg>BR</arg>
<arg>BS</arg>
<arg>BT</arg>
<arg>BV</arg>
<arg>BW</arg>
<arg>BY</arg>
<arg>BZ</arg>
<arg>CA</arg>
<arg>CC</arg>
<arg>CD</arg>
<arg>CF</arg>
<arg>CG</arg>
<arg>CH</arg>
<arg>CI</arg>
<arg>CK</arg>
<arg>CL</arg>
<arg>CM</arg>
<arg>CN</arg>
<arg>CO</arg>
<arg>CR</arg>
<arg>CU</arg>
<arg>CV</arg>
<arg>CW</arg>
<arg>CX</arg>
<arg>CY</arg>
<arg>CZ</arg>
<arg>DE</arg>
<arg>DJ</arg>
<arg>DK</arg>
<arg>DM</arg>
<arg>DO</arg>
<arg>DZ</arg>
<arg>EC</arg>
<arg>EE</arg>
<arg>EG</arg>
<arg>EH</arg>
<arg>ER</arg>
<arg>ES</arg>
<arg>ET</arg>
<arg>FI</arg>
<arg>FJ</arg>
<arg>FK</arg>
<arg>FM</arg>
<arg>FO</arg>
<arg>FR</arg>
<arg>GA</arg>
<arg>GB</arg>
<arg>GD</arg>
<arg>GE</arg>
<arg>GF</arg>
<arg>GG</arg>
<arg>GH</arg>
<arg>GI</arg>
<arg>GL</arg>
<arg>GM</arg>
<arg>GN</arg>
<arg>GP</arg>
<arg>GQ</arg>
<arg>GR</arg>
<arg>GS</arg>
<arg>GT</arg>
<arg>GU</arg>
<arg>GW</arg>
<arg>GY</arg>
<arg>HK</arg>
<arg>HM</arg>
<arg>HN</arg>
<arg>HR</arg>
<arg>HT</arg>
<arg>HU</arg>
<arg>ID</arg>
<arg>IE</arg>
<arg>IL</arg>
<arg>IM</arg>
<arg>IN</arg>
<arg>IO</arg>
<arg>IQ</arg>
<arg>IR</arg>
<arg>IS</arg>
<arg>IT</arg>
<arg>JE</arg>
<arg>JM</arg>
<arg>JO</arg>
<arg>JP</arg>
<arg>KE</arg>
<arg>KG</arg>
<arg>KH</arg>
<arg>KI</arg>
<arg>KM</arg>
<arg>KN</arg>
<arg>KP</arg>
<arg>KR</arg>
<arg>KW</arg>
<arg>KY</arg>
<arg>KZ</arg>
<arg>LA</arg>
<arg>LB</arg>
<arg>LC</arg>
<arg>LI</arg>
<arg>LK</arg>
<arg>LR</arg>
<arg>LS</arg>
<arg>LT</arg>
<arg>LU</arg>
<arg>LV</arg>
<arg>LY</arg>
<arg>MA</arg>
<arg>MC</arg>
<arg>MD</arg>
<arg>ME</arg>
<arg>MF</arg>
<arg>MG</arg>
<arg>MH</arg>
<arg>MK</arg>
<arg>ML</arg>
<arg>MM</arg>
<arg>MN</arg>
<arg>MO</arg>
<arg>MP</arg>
<arg>MQ</arg>
<arg>MR</arg>
<arg>MS</arg>
<arg>MT</arg>
<arg>MU</arg>
<arg>MV</arg>
<arg>MW</arg>
<arg>MX</arg>
<arg>MY</arg>
<arg>MZ</arg>
<arg>NA</arg>
<arg>NC</arg>
<arg>NE</arg>
<arg>NF</arg>
<arg>NG</arg>
<arg>NI</arg>
<arg>NL</arg>
<arg>NO</arg>
<arg>NP</arg>
<arg>NR</arg>
<arg>NU</arg>
<arg>NZ</arg>
<arg>OM</arg>
<arg>PA</arg>
<arg>PE</arg>
<arg>PF</arg>
<arg>PG</arg>
<arg>PH</arg>
<arg>PK</arg>
<arg>PL</arg>
<arg>PM</arg>
<arg>PN</arg>
<arg>PR</arg>
<arg>PS</arg>
<arg>PT</arg>
<arg>PW</arg>
<arg>PY</arg>
<arg>QA</arg>
<arg>RE</arg>
<arg>RO</arg>
<arg>RS</arg>
<arg>RU</arg>
<arg>RW</arg>
<arg>SA</arg>
<arg>SB</arg>
<arg>SC</arg>
<arg>SD</arg>
<arg>SE</arg>
<arg>SG</arg>
<arg>SH</arg>
<arg>SI</arg>
<arg>SJ</arg>
<arg>SK</arg>
<arg>SL</arg>
<arg>SM</arg>
<arg>SN</arg>
<arg>SO</arg>
<arg>SR</arg>
<arg>SS</arg>
<arg>ST</arg>
<arg>SV</arg>
<arg>SX</arg>
<arg>SY</arg>
<arg>SZ</arg>
<arg>TC</arg>
<arg>TD</arg>
<arg>TF</arg>
<arg>TG</arg>
<arg>TH</arg>
<arg>TJ</arg>
<arg>TK</arg>
<arg>TL</arg>
<arg>TM</arg>
<arg>TN</arg>
<arg>TO</arg>
<arg>TR</arg>
<arg>TT</arg>
<arg>TV</arg>
<arg>TW</arg>
<arg>TZ</arg>
<arg>UA</arg>
<arg>UG</arg>
<arg>UM</arg>
<arg>US</arg>
<arg>UY</arg>
<arg>UZ</arg>
<arg>VA</arg>
<arg>VC</arg>
<arg>VE</arg>
<arg>VG</arg>
<arg>VI</arg>
<arg>VN</arg>
<arg>VU</arg>
<arg>WF</arg>
<arg>WS</arg>
<arg>XK</arg>
<arg>YE</arg>
<arg>YT</arg>
<arg>ZA</arg>
<arg>ZM</arg>
<arg>ZW</arg>
<doc>Returns a list containing given items.</doc>
<status status="PASS" start="2024-07-22T21:14:49.209344" elapsed="0.000617"/>
</kw>
<kw name="List Should Contain Value" owner="Collections">
<arg>${list_country}</arg>
<arg>${name_country}</arg>
<doc>Fails if the ``value`` is not found from ``list``.</doc>
<status status="PASS" start="2024-07-22T21:14:49.210937" elapsed="0.000207"/>
</kw>
<kw name="Run Keyword If" owner="BuiltIn">
<kw name="Should Be True" owner="BuiltIn">
<arg>${True}</arg>
<doc>Fails if the given condition is not true.</doc>
<status status="PASS" start="2024-07-22T21:14:49.212125" elapsed="0.000141"/>
</kw>
<arg>${json_data["results"][0]["location"]["coordinates"]["latitude"]} &gt;= -90 and ${json_data["results"][0]["location"]["coordinates"]["latitude"]} &lt;= 90</arg>
<arg>Should Be True</arg>
<arg>${True}</arg>
<doc>Runs the given keyword with the given arguments, if ``condition`` is true.</doc>
<status status="PASS" start="2024-07-22T21:14:49.211383" elapsed="0.001008"/>
</kw>
<kw name="Run Keyword If" owner="BuiltIn">
<kw name="Should Be True" owner="BuiltIn">
<arg>${True}</arg>
<doc>Fails if the given condition is not true.</doc>
<status status="PASS" start="2024-07-22T21:14:49.213275" elapsed="0.000136"/>
</kw>
<arg>${json_data["results"][0]["location"]["coordinates"]["longitude"]} &gt;= -180 and ${json_data["results"][0]["location"]["coordinates"]["longitude"]} &lt;= 180</arg>
<arg>Should Be True</arg>
<arg>${True}</arg>
<doc>Runs the given keyword with the given arguments, if ``condition`` is true.</doc>
<status status="PASS" start="2024-07-22T21:14:49.212573" elapsed="0.000964"/>
</kw>
<status status="PASS" start="2024-07-22T21:14:49.094420" elapsed="0.119252"/>
</kw>
<doc>Testa o conteúdo específico dos campos retornados pela API.</doc>
<tag>testeConteudo</tag>
<status status="PASS" start="2024-07-22T21:14:49.093895" elapsed="0.119928"/>
</test>
<status status="PASS" start="2024-07-22T21:14:48.370040" elapsed="0.845858"/>
</suite>
<status status="PASS" start="2024-07-22T21:14:48.355689" elapsed="0.865265"/>
</suite>
<statistics>
<total>
<stat pass="5" fail="0" skip="0">All Tests</stat>
</total>
<tag>
<stat pass="1" fail="0" skip="0">testeConteudo</stat>
<stat pass="1" fail="0" skip="0">testeEstruturaResposta</stat>
<stat pass="1" fail="0" skip="0">testeRequisicaoBasica</stat>
<stat pass="1" fail="0" skip="0">testeTiposDados</stat>
</tag>
<suite>
<stat pass="5" fail="0" skip="0" id="s1" name="Tests">Tests</stat>
<stat pass="5" fail="0" skip="0" id="s1-s1" name="Random-User-Test">Tests.Random-User-Test</stat>
</suite>
</statistics>
<errors>
</errors>
</robot>
