<?xml version="1.0" encoding="UTF-8"?>
<robot generator="Robot 7.0 (Python 3.12.2 on linux)" generated="2024-03-22T06:17:23.752350" rpa="false" schemaversion="5">
<suite id="s1" name="Tests" source="/home/runner/work/DesafioQAItauRogerioJordao/DesafioQAItauRogerioJordao/RamdonUser/tests">
<suite id="s1-s1" name="Random-User-Test" source="/home/runner/work/DesafioQAItauRogerioJordao/DesafioQAItauRogerioJordao/RamdonUser/tests/random-user-test.robot">
<test id="s1-s1-t1" name="Conectar" line="13">
<kw name="Conectar API" owner="random-user-service">
<kw name="Create Session" owner="RequestsLibrary">
<msg time="2024-03-22T06:17:24.103346" level="INFO">Creating Session using : alias=consultarAPI, url=https://randomuser.me/, headers={},                     cookies={}, auth=None, timeout=None, proxies=None, verify=False,                     debug=0 </msg>
<arg>consultarAPI</arg>
<arg>${URL}</arg>
<doc>Create Session: create a HTTP session to a server</doc>
<status status="PASS" start="2024-03-22T06:17:24.103118" elapsed="0.000425"/>
</kw>
<status status="PASS" start="2024-03-22T06:17:24.102033" elapsed="0.001878"/>
</kw>
<status status="PASS" start="2024-03-22T06:17:24.101399" elapsed="0.002717"/>
</test>
<test id="s1-s1-t2" name="Validar retorno 200 e JSON Válido" line="16">
<kw name="Teste de Requisicao Basica" owner="random-user-service">
<kw name="GET On Session" owner="RequestsLibrary">
<msg time="2024-03-22T06:17:24.680472" level="INFO">GET Request : url=https://randomuser.me/api 
 path_url=/api 
 headers={'User-Agent': 'python-requests/2.31.0', 'Accept-Encoding': 'gzip, deflate', 'Accept': '*/*', 'Connection': 'keep-alive'} 
 body=None 
 </msg>
<msg time="2024-03-22T06:17:24.680622" level="INFO">GET Response : url=https://randomuser.me/api 
 status=200, reason=OK 
 headers={'Date': 'Fri, 22 Mar 2024 06:17:24 GMT', 'Content-Type': 'application/json; charset=utf-8', 'Transfer-Encoding': 'chunked', 'Connection': 'keep-alive', 'X-Powered-By': 'Express', 'Access-Control-Allow-Origin': '*', 'Cache-Control': 'no-cache', 'ETag': 'W/"486-cvY6G4s2JAycgsPzvbjvIvgytsc"', 'Vary': 'Accept-Encoding', 'Content-Encoding': 'gzip', 'CF-Cache-Status': 'DYNAMIC', 'Report-To': '{"endpoints":[{"url":"https:\\/\\/a.nel.cloudflare.com\\/report\\/v4?s=6fYb4Vg1K6Y3H8QQz3AgPz2w5EiBAYDgclXRy458E2MQQNcWgAA6G3vVwfCxMZFWyNr3D%2FYrQ09goK3QO1ehFYlN%2B9NtHpsB%2F6tmO2cpsPKbrYtksW1wx0%2FuYCBoPk%2Fc"}],"group":"cf-nel","max_age":604800}', 'NEL': '{"success_fraction":0,"report_to":"cf-nel","max_age":604800}', 'Server': 'cloudflare', 'CF-RAY': '86840ef8be600911-LAX', 'alt-svc': 'h3=":443"; ma=86400'} 
 body={"results":[{"gender":"female","name":{"title":"Miss","first":"Ceyhan","last":"Erbay"},"location":{"street":{"number":935,"name":"Kushimoto Sk"},"city":"Aydın","state":"Edirne","country":"Turkey","postcode":65567,"coordinates":{"latitude":"65.4080","longitude":"73.3773"},"timezone":{"offset":"+5:30","description":"Bombay, Calcutta, Madras, New Delhi"}},"email":"ceyhan.erbay@example.com","login":{"uuid":"352b1314-9af8-4795-b142-ce4bff66d971","username":"blackpeacock925","password":"daniels","salt":"N0HCKtCg","md5":"1d11c1647d692ae144de5e0fd7a00356","sha1":"eefd0a431eb7e07ddb327e0402a045c79b9ccd88","sha256":"e3235278413eb9d1f934949742026928725e9e20b6ba522f6f3ca527858f22c6"},"dob":{"date":"1959-04-21T10:01:23.077Z","age":64},"registered":{"date":"2016-09-18T20:45:45.716Z","age":7},"phone":"(944)-854-1814","cell":"(665)-483-4942","id":{"name":"","value":null},"picture":{"large":"https://randomuser.me/api/portraits/women/94.jpg","medium":"https://randomuser.me/api/portraits/med/women/94.jpg","thumbnail":"https://randomuser.me/api/portraits/thumb/women/94.jpg"},"nat":"TR"}],"info":{"seed":"74025f62b4268333","results":1,"page":1,"version":"1.4"}} 
 </msg>
<msg time="2024-03-22T06:17:24.680737" level="INFO">/opt/hostedtoolcache/Python/3.12.2/x64/lib/python3.12/site-packages/urllib3/connectionpool.py:1103: InsecureRequestWarning: Unverified HTTPS request is being made to host 'randomuser.me'. Adding certificate verification is strongly advised. See: https://urllib3.readthedocs.io/en/latest/advanced-usage.html#tls-warnings
  warnings.warn(</msg>
<msg time="2024-03-22T06:17:24.680894" level="INFO">${response} = &lt;Response [200]&gt;</msg>
<var>${response}</var>
<arg>consultarAPI</arg>
<arg>/api</arg>
<doc>Sends a GET request on a previously created HTTP Session.</doc>
<status status="PASS" start="2024-03-22T06:17:24.106785" elapsed="0.574161"/>
</kw>
<kw name="Should Be Equal As Numbers" owner="BuiltIn">
<msg time="2024-03-22T06:17:24.681910" level="INFO">Argument types are:
&lt;class 'int'&gt;
&lt;class 'str'&gt;</msg>
<arg>${response.status_code}</arg>
<arg>200</arg>
<doc>Fails if objects are unequal after converting them to real numbers.</doc>
<status status="PASS" start="2024-03-22T06:17:24.681447" elapsed="0.000528"/>
</kw>
<kw name="Log" owner="BuiltIn">
<msg time="2024-03-22T06:17:24.682642" level="INFO">200</msg>
<arg>${response.status_code}</arg>
<doc>Logs the given message with the given level.</doc>
<status status="PASS" start="2024-03-22T06:17:24.682289" elapsed="0.000395"/>
</kw>
<kw name="Set Variable" owner="BuiltIn">
<msg time="2024-03-22T06:17:24.683443" level="INFO">${json_data} = {'results': [{'gender': 'female', 'name': {'title': 'Miss', 'first': 'Ceyhan', 'last': 'Erbay'}, 'location': {'street': {'number': 935, 'name': 'Kushimoto Sk'}, 'city': 'Aydın', 'state': 'Edirne', 'co...</msg>
<var>${json_data}</var>
<arg>${response.json()}</arg>
<doc>Returns the given values which can then be assigned to a variables.</doc>
<status status="PASS" start="2024-03-22T06:17:24.683000" elapsed="0.000472"/>
</kw>
<kw name="Dictionary Should Contain Key" owner="Collections">
<msg time="2024-03-22T06:17:24.683936" level="INFO">False</msg>
<arg>${json_data}</arg>
<arg>results</arg>
<doc>Fails if ``key`` is not found from ``dictionary``.</doc>
<status status="PASS" start="2024-03-22T06:17:24.683771" elapsed="0.000202"/>
</kw>
<status status="PASS" start="2024-03-22T06:17:24.106537" elapsed="0.577718"/>
</kw>
<doc>Testa se a API responde corretamente e retorna um objeto JSON válido.</doc>
<tag>testeRequisicaoBasica</tag>
<status status="PASS" start="2024-03-22T06:17:24.105991" elapsed="0.578463"/>
</test>
<test id="s1-s1-t3" name="Validar estrutura de resposta" line="22">
<kw name="Teste de Estrutura de Resposta" owner="random-user-service">
<kw name="GET On Session" owner="RequestsLibrary">
<msg time="2024-03-22T06:17:24.784917" level="INFO">GET Request : url=https://randomuser.me/api 
 path_url=/api 
 headers={'User-Agent': 'python-requests/2.31.0', 'Accept-Encoding': 'gzip, deflate', 'Accept': '*/*', 'Connection': 'keep-alive'} 
 body=None 
 </msg>
<msg time="2024-03-22T06:17:24.785002" level="INFO">GET Response : url=https://randomuser.me/api 
 status=200, reason=OK 
 headers={'Date': 'Fri, 22 Mar 2024 06:17:24 GMT', 'Content-Type': 'application/json; charset=utf-8', 'Transfer-Encoding': 'chunked', 'Connection': 'keep-alive', 'X-Powered-By': 'Express', 'Access-Control-Allow-Origin': '*', 'Cache-Control': 'no-cache', 'ETag': 'W/"4aa-jBm6qdcGyy7e5t/662gaN+mZ5P0"', 'Vary': 'Accept-Encoding', 'Content-Encoding': 'gzip', 'CF-Cache-Status': 'DYNAMIC', 'Report-To': '{"endpoints":[{"url":"https:\\/\\/a.nel.cloudflare.com\\/report\\/v4?s=%2BGD6xRPzLMbHTHFJVpQYfmkaOeKgrlyYkRotxMXw5dy5WO5CLRxvrku3ewslvQGFTTOICzSxljpAOpESi3gTV6oeJutQf%2F9mhljprnmtE5I0OGkpGB%2Fl7%2BkQ1DS31r7l"}],"group":"cf-nel","max_age":604800}', 'NEL': '{"success_fraction":0,"report_to":"cf-nel","max_age":604800}', 'Server': 'cloudflare', 'CF-RAY': '86840ef95f3a0911-LAX', 'alt-svc': 'h3=":443"; ma=86400'} 
 body={"results":[{"gender":"female","name":{"title":"Mademoiselle","first":"Gioia","last":"Joly"},"location":{"street":{"number":7233,"name":"Rue du Village"},"city":"Chippis","state":"Neuchâtel","country":"Switzerland","postcode":8583,"coordinates":{"latitude":"-63.0068","longitude":"3.0914"},"timezone":{"offset":"-5:00","description":"Eastern Time (US &amp; Canada), Bogota, Lima"}},"email":"gioia.joly@example.com","login":{"uuid":"57f4bd27-f33c-4953-a900-521093d77ce8","username":"beautifulfrog242","password":"13579","salt":"omXMwoPI","md5":"65670f228a71ddff522485b45125daa1","sha1":"d1f7f8bcf73701654a0d2661978485d9aff2a53e","sha256":"feb9d218368ea6b61d49f2a4abaa05e014d7e6049a9675d3c71221e69dfb3f5b"},"dob":{"date":"1949-08-29T09:30:51.936Z","age":74},"registered":{"date":"2002-04-26T22:07:19.150Z","age":21},"phone":"077 478 50 23","cell":"076 636 79 26","id":{"name":"AVS","value":"756.0726.3920.62"},"picture":{"large":"https://randomuser.me/api/portraits/women/58.jpg","medium":"https://randomuser.me/api/portraits/med/women/58.jpg","thumbnail":"https://randomuser.me/api/portraits/thumb/women/58.jpg"},"nat":"CH"}],"info":{"seed":"87eb388d7605e097","results":1,"page":1,"version":"1.4"}} 
 </msg>
<msg time="2024-03-22T06:17:24.785141" level="INFO">/opt/hostedtoolcache/Python/3.12.2/x64/lib/python3.12/site-packages/urllib3/connectionpool.py:1103: InsecureRequestWarning: Unverified HTTPS request is being made to host 'randomuser.me'. Adding certificate verification is strongly advised. See: https://urllib3.readthedocs.io/en/latest/advanced-usage.html#tls-warnings
  warnings.warn(</msg>
<msg time="2024-03-22T06:17:24.785285" level="INFO">${response} = &lt;Response [200]&gt;</msg>
<var>${response}</var>
<arg>consultarAPI</arg>
<arg>/api</arg>
<doc>Sends a GET request on a previously created HTTP Session.</doc>
<status status="PASS" start="2024-03-22T06:17:24.687238" elapsed="0.098100"/>
</kw>
<kw name="Set Variable" owner="BuiltIn">
<msg time="2024-03-22T06:17:24.786199" level="INFO">${json_data} = {'results': [{'gender': 'female', 'name': {'title': 'Mademoiselle', 'first': 'Gioia', 'last': 'Joly'}, 'location': {'street': {'number': 7233, 'name': 'Rue du Village'}, 'city': 'Chippis', 'state': 'N...</msg>
<var>${json_data}</var>
<arg>${response.json()}</arg>
<doc>Returns the given values which can then be assigned to a variables.</doc>
<status status="PASS" start="2024-03-22T06:17:24.785732" elapsed="0.000495"/>
</kw>
<kw name="Log" owner="BuiltIn">
<msg time="2024-03-22T06:17:24.786689" level="INFO">{'results': [{'gender': 'female', 'name': {'title': 'Mademoiselle', 'first': 'Gioia', 'last': 'Joly'}, 'location': {'street': {'number': 7233, 'name': 'Rue du Village'}, 'city': 'Chippis', 'state': 'Neuchâtel', 'country': 'Switzerland', 'postcode': 8583, 'coordinates': {'latitude': '-63.0068', 'longitude': '3.0914'}, 'timezone': {'offset': '-5:00', 'description': 'Eastern Time (US &amp; Canada), Bogota, Lima'}}, 'email': 'gioia.joly@example.com', 'login': {'uuid': '57f4bd27-f33c-4953-a900-521093d77ce8', 'username': 'beautifulfrog242', 'password': '13579', 'salt': 'omXMwoPI', 'md5': '65670f228a71ddff522485b45125daa1', 'sha1': 'd1f7f8bcf73701654a0d2661978485d9aff2a53e', 'sha256': 'feb9d218368ea6b61d49f2a4abaa05e014d7e6049a9675d3c71221e69dfb3f5b'}, 'dob': {'date': '1949-08-29T09:30:51.936Z', 'age': 74}, 'registered': {'date': '2002-04-26T22:07:19.150Z', 'age': 21}, 'phone': '077 478 50 23', 'cell': '076 636 79 26', 'id': {'name': 'AVS', 'value': '756.0726.3920.62'}, 'picture': {'large': 'https://randomuser.me/api/portraits/women/58.jpg', 'medium': 'https://randomuser.me/api/portraits/med/women/58.jpg', 'thumbnail': 'https://randomuser.me/api/portraits/thumb/women/58.jpg'}, 'nat': 'CH'}], 'info': {'seed': '87eb388d7605e097', 'results': 1, 'page': 1, 'version': '1.4'}}</msg>
<arg>${json_data}</arg>
<doc>Logs the given message with the given level.</doc>
<status status="PASS" start="2024-03-22T06:17:24.786530" elapsed="0.000210"/>
</kw>
<kw name="Dictionary Should Contain Key" owner="Collections">
<msg time="2024-03-22T06:17:24.787181" level="INFO">False</msg>
<arg>${json_data}</arg>
<arg>results</arg>
<doc>Fails if ``key`` is not found from ``dictionary``.</doc>
<status status="PASS" start="2024-03-22T06:17:24.787031" elapsed="0.000187"/>
</kw>
<kw name="Should Not Be Empty" owner="BuiltIn">
<msg time="2024-03-22T06:17:24.787641" level="INFO">Length is 2.</msg>
<arg>${json_data}</arg>
<doc>Verifies that the given item is not empty.</doc>
<status status="PASS" start="2024-03-22T06:17:24.787512" elapsed="0.000167"/>
</kw>
<kw name="Create List" owner="BuiltIn">
<msg time="2024-03-22T06:17:24.788110" level="INFO">${expected_keys} = ['gender', 'name', 'location', 'email', 'login']</msg>
<var>${expected_keys}</var>
<arg>gender</arg>
<arg>name</arg>
<arg>location</arg>
<arg>email</arg>
<arg>login</arg>
<doc>Returns a list containing given items.</doc>
<status status="PASS" start="2024-03-22T06:17:24.787964" elapsed="0.000170"/>
</kw>
<for flavor="IN">
<iter>
<kw name="Dictionary Should Contain Key" owner="Collections">
<msg time="2024-03-22T06:17:24.789147" level="INFO">False</msg>
<arg>${json_data['results'][0]}</arg>
<arg>${key}</arg>
<doc>Fails if ``key`` is not found from ``dictionary``.</doc>
<status status="PASS" start="2024-03-22T06:17:24.788749" elapsed="0.000436"/>
</kw>
<kw name="Log" owner="BuiltIn">
<msg time="2024-03-22T06:17:24.789847" level="INFO">{'gender': 'female', 'name': {'title': 'Mademoiselle', 'first': 'Gioia', 'last': 'Joly'}, 'location': {'street': {'number': 7233, 'name': 'Rue du Village'}, 'city': 'Chippis', 'state': 'Neuchâtel', 'country': 'Switzerland', 'postcode': 8583, 'coordinates': {'latitude': '-63.0068', 'longitude': '3.0914'}, 'timezone': {'offset': '-5:00', 'description': 'Eastern Time (US &amp; Canada), Bogota, Lima'}}, 'email': 'gioia.joly@example.com', 'login': {'uuid': '57f4bd27-f33c-4953-a900-521093d77ce8', 'username': 'beautifulfrog242', 'password': '13579', 'salt': 'omXMwoPI', 'md5': '65670f228a71ddff522485b45125daa1', 'sha1': 'd1f7f8bcf73701654a0d2661978485d9aff2a53e', 'sha256': 'feb9d218368ea6b61d49f2a4abaa05e014d7e6049a9675d3c71221e69dfb3f5b'}, 'dob': {'date': '1949-08-29T09:30:51.936Z', 'age': 74}, 'registered': {'date': '2002-04-26T22:07:19.150Z', 'age': 21}, 'phone': '077 478 50 23', 'cell': '076 636 79 26', 'id': {'name': 'AVS', 'value': '756.0726.3920.62'}, 'picture': {'large': 'https://randomuser.me/api/portraits/women/58.jpg', 'medium': 'https://randomuser.me/api/portraits/med/women/58.jpg', 'thumbnail': 'https://randomuser.me/api/portraits/thumb/women/58.jpg'}, 'nat': 'CH'}</msg>
<arg>${json_data['results'][0]}</arg>
<doc>Logs the given message with the given level.</doc>
<status status="PASS" start="2024-03-22T06:17:24.789485" elapsed="0.000419"/>
</kw>
<kw name="Log" owner="BuiltIn">
<msg time="2024-03-22T06:17:24.790351" level="INFO">gender</msg>
<arg>${key}</arg>
<doc>Logs the given message with the given level.</doc>
<status status="PASS" start="2024-03-22T06:17:24.790222" elapsed="0.000168"/>
</kw>
<var name="${key}">gender</var>
<status status="PASS" start="2024-03-22T06:17:24.788626" elapsed="0.001982"/>
</iter>
<iter>
<kw name="Dictionary Should Contain Key" owner="Collections">
<msg time="2024-03-22T06:17:24.791289" level="INFO">False</msg>
<arg>${json_data['results'][0]}</arg>
<arg>${key}</arg>
<doc>Fails if ``key`` is not found from ``dictionary``.</doc>
<status status="PASS" start="2024-03-22T06:17:24.790908" elapsed="0.000454"/>
</kw>
<kw name="Log" owner="BuiltIn">
<msg time="2024-03-22T06:17:24.792020" level="INFO">{'gender': 'female', 'name': {'title': 'Mademoiselle', 'first': 'Gioia', 'last': 'Joly'}, 'location': {'street': {'number': 7233, 'name': 'Rue du Village'}, 'city': 'Chippis', 'state': 'Neuchâtel', 'country': 'Switzerland', 'postcode': 8583, 'coordinates': {'latitude': '-63.0068', 'longitude': '3.0914'}, 'timezone': {'offset': '-5:00', 'description': 'Eastern Time (US &amp; Canada), Bogota, Lima'}}, 'email': 'gioia.joly@example.com', 'login': {'uuid': '57f4bd27-f33c-4953-a900-521093d77ce8', 'username': 'beautifulfrog242', 'password': '13579', 'salt': 'omXMwoPI', 'md5': '65670f228a71ddff522485b45125daa1', 'sha1': 'd1f7f8bcf73701654a0d2661978485d9aff2a53e', 'sha256': 'feb9d218368ea6b61d49f2a4abaa05e014d7e6049a9675d3c71221e69dfb3f5b'}, 'dob': {'date': '1949-08-29T09:30:51.936Z', 'age': 74}, 'registered': {'date': '2002-04-26T22:07:19.150Z', 'age': 21}, 'phone': '077 478 50 23', 'cell': '076 636 79 26', 'id': {'name': 'AVS', 'value': '756.0726.3920.62'}, 'picture': {'large': 'https://randomuser.me/api/portraits/women/58.jpg', 'medium': 'https://randomuser.me/api/portraits/med/women/58.jpg', 'thumbnail': 'https://randomuser.me/api/portraits/thumb/women/58.jpg'}, 'nat': 'CH'}</msg>
<arg>${json_data['results'][0]}</arg>
<doc>Logs the given message with the given level.</doc>
<status status="PASS" start="2024-03-22T06:17:24.791662" elapsed="0.000408"/>
</kw>
<kw name="Log" owner="BuiltIn">
<msg time="2024-03-22T06:17:24.792525" level="INFO">name</msg>
<arg>${key}</arg>
<doc>Logs the given message with the given level.</doc>
<status status="PASS" start="2024-03-22T06:17:24.792396" elapsed="0.000166"/>
</kw>
<var name="${key}">name</var>
<status status="PASS" start="2024-03-22T06:17:24.790795" elapsed="0.001983"/>
</iter>
<iter>
<kw name="Dictionary Should Contain Key" owner="Collections">
<msg time="2024-03-22T06:17:24.793430" level="INFO">False</msg>
<arg>${json_data['results'][0]}</arg>
<arg>${key}</arg>
<doc>Fails if ``key`` is not found from ``dictionary``.</doc>
<status status="PASS" start="2024-03-22T06:17:24.793062" elapsed="0.000405"/>
</kw>
<kw name="Log" owner="BuiltIn">
<msg time="2024-03-22T06:17:24.794121" level="INFO">{'gender': 'female', 'name': {'title': 'Mademoiselle', 'first': 'Gioia', 'last': 'Joly'}, 'location': {'street': {'number': 7233, 'name': 'Rue du Village'}, 'city': 'Chippis', 'state': 'Neuchâtel', 'country': 'Switzerland', 'postcode': 8583, 'coordinates': {'latitude': '-63.0068', 'longitude': '3.0914'}, 'timezone': {'offset': '-5:00', 'description': 'Eastern Time (US &amp; Canada), Bogota, Lima'}}, 'email': 'gioia.joly@example.com', 'login': {'uuid': '57f4bd27-f33c-4953-a900-521093d77ce8', 'username': 'beautifulfrog242', 'password': '13579', 'salt': 'omXMwoPI', 'md5': '65670f228a71ddff522485b45125daa1', 'sha1': 'd1f7f8bcf73701654a0d2661978485d9aff2a53e', 'sha256': 'feb9d218368ea6b61d49f2a4abaa05e014d7e6049a9675d3c71221e69dfb3f5b'}, 'dob': {'date': '1949-08-29T09:30:51.936Z', 'age': 74}, 'registered': {'date': '2002-04-26T22:07:19.150Z', 'age': 21}, 'phone': '077 478 50 23', 'cell': '076 636 79 26', 'id': {'name': 'AVS', 'value': '756.0726.3920.62'}, 'picture': {'large': 'https://randomuser.me/api/portraits/women/58.jpg', 'medium': 'https://randomuser.me/api/portraits/med/women/58.jpg', 'thumbnail': 'https://randomuser.me/api/portraits/thumb/women/58.jpg'}, 'nat': 'CH'}</msg>
<arg>${json_data['results'][0]}</arg>
<doc>Logs the given message with the given level.</doc>
<status status="PASS" start="2024-03-22T06:17:24.793764" elapsed="0.000412"/>
</kw>
<kw name="Log" owner="BuiltIn">
<msg time="2024-03-22T06:17:24.794594" level="INFO">location</msg>
<arg>${key}</arg>
<doc>Logs the given message with the given level.</doc>
<status status="PASS" start="2024-03-22T06:17:24.794469" elapsed="0.000162"/>
</kw>
<var name="${key}">location</var>
<status status="PASS" start="2024-03-22T06:17:24.792953" elapsed="0.001892"/>
</iter>
<iter>
<kw name="Dictionary Should Contain Key" owner="Collections">
<msg time="2024-03-22T06:17:24.795500" level="INFO">False</msg>
<arg>${json_data['results'][0]}</arg>
<arg>${key}</arg>
<doc>Fails if ``key`` is not found from ``dictionary``.</doc>
<status status="PASS" start="2024-03-22T06:17:24.795126" elapsed="0.000410"/>
</kw>
<kw name="Log" owner="BuiltIn">
<msg time="2024-03-22T06:17:24.796182" level="INFO">{'gender': 'female', 'name': {'title': 'Mademoiselle', 'first': 'Gioia', 'last': 'Joly'}, 'location': {'street': {'number': 7233, 'name': 'Rue du Village'}, 'city': 'Chippis', 'state': 'Neuchâtel', 'country': 'Switzerland', 'postcode': 8583, 'coordinates': {'latitude': '-63.0068', 'longitude': '3.0914'}, 'timezone': {'offset': '-5:00', 'description': 'Eastern Time (US &amp; Canada), Bogota, Lima'}}, 'email': 'gioia.joly@example.com', 'login': {'uuid': '57f4bd27-f33c-4953-a900-521093d77ce8', 'username': 'beautifulfrog242', 'password': '13579', 'salt': 'omXMwoPI', 'md5': '65670f228a71ddff522485b45125daa1', 'sha1': 'd1f7f8bcf73701654a0d2661978485d9aff2a53e', 'sha256': 'feb9d218368ea6b61d49f2a4abaa05e014d7e6049a9675d3c71221e69dfb3f5b'}, 'dob': {'date': '1949-08-29T09:30:51.936Z', 'age': 74}, 'registered': {'date': '2002-04-26T22:07:19.150Z', 'age': 21}, 'phone': '077 478 50 23', 'cell': '076 636 79 26', 'id': {'name': 'AVS', 'value': '756.0726.3920.62'}, 'picture': {'large': 'https://randomuser.me/api/portraits/women/58.jpg', 'medium': 'https://randomuser.me/api/portraits/med/women/58.jpg', 'thumbnail': 'https://randomuser.me/api/portraits/thumb/women/58.jpg'}, 'nat': 'CH'}</msg>
<arg>${json_data['results'][0]}</arg>
<doc>Logs the given message with the given level.</doc>
<status status="PASS" start="2024-03-22T06:17:24.795827" elapsed="0.000442"/>
</kw>
<kw name="Log" owner="BuiltIn">
<msg time="2024-03-22T06:17:24.796693" level="INFO">email</msg>
<arg>${key}</arg>
<doc>Logs the given message with the given level.</doc>
<status status="PASS" start="2024-03-22T06:17:24.796567" elapsed="0.000163"/>
</kw>
<var name="${key}">email</var>
<status status="PASS" start="2024-03-22T06:17:24.795017" elapsed="0.001938"/>
</iter>
<iter>
<kw name="Dictionary Should Contain Key" owner="Collections">
<msg time="2024-03-22T06:17:24.797610" level="INFO">False</msg>
<arg>${json_data['results'][0]}</arg>
<arg>${key}</arg>
<doc>Fails if ``key`` is not found from ``dictionary``.</doc>
<status status="PASS" start="2024-03-22T06:17:24.797241" elapsed="0.000406"/>
</kw>
<kw name="Log" owner="BuiltIn">
<msg time="2024-03-22T06:17:24.798292" level="INFO">{'gender': 'female', 'name': {'title': 'Mademoiselle', 'first': 'Gioia', 'last': 'Joly'}, 'location': {'street': {'number': 7233, 'name': 'Rue du Village'}, 'city': 'Chippis', 'state': 'Neuchâtel', 'country': 'Switzerland', 'postcode': 8583, 'coordinates': {'latitude': '-63.0068', 'longitude': '3.0914'}, 'timezone': {'offset': '-5:00', 'description': 'Eastern Time (US &amp; Canada), Bogota, Lima'}}, 'email': 'gioia.joly@example.com', 'login': {'uuid': '57f4bd27-f33c-4953-a900-521093d77ce8', 'username': 'beautifulfrog242', 'password': '13579', 'salt': 'omXMwoPI', 'md5': '65670f228a71ddff522485b45125daa1', 'sha1': 'd1f7f8bcf73701654a0d2661978485d9aff2a53e', 'sha256': 'feb9d218368ea6b61d49f2a4abaa05e014d7e6049a9675d3c71221e69dfb3f5b'}, 'dob': {'date': '1949-08-29T09:30:51.936Z', 'age': 74}, 'registered': {'date': '2002-04-26T22:07:19.150Z', 'age': 21}, 'phone': '077 478 50 23', 'cell': '076 636 79 26', 'id': {'name': 'AVS', 'value': '756.0726.3920.62'}, 'picture': {'large': 'https://randomuser.me/api/portraits/women/58.jpg', 'medium': 'https://randomuser.me/api/portraits/med/women/58.jpg', 'thumbnail': 'https://randomuser.me/api/portraits/thumb/women/58.jpg'}, 'nat': 'CH'}</msg>
<arg>${json_data['results'][0]}</arg>
<doc>Logs the given message with the given level.</doc>
<status status="PASS" start="2024-03-22T06:17:24.797932" elapsed="0.000410"/>
</kw>
<kw name="Log" owner="BuiltIn">
<msg time="2024-03-22T06:17:24.798786" level="INFO">login</msg>
<arg>${key}</arg>
<doc>Logs the given message with the given level.</doc>
<status status="PASS" start="2024-03-22T06:17:24.798658" elapsed="0.000266"/>
</kw>
<var name="${key}">login</var>
<status status="PASS" start="2024-03-22T06:17:24.797126" elapsed="0.002022"/>
</iter>
<var>${key}</var>
<value>@{expected_keys}</value>
<status status="PASS" start="2024-03-22T06:17:24.788439" elapsed="0.010831"/>
</for>
<kw name="Create List" owner="BuiltIn">
<msg time="2024-03-22T06:17:24.799598" level="INFO">${expected_keysTwo} = ['username', 'password']</msg>
<var>${expected_keysTwo}</var>
<arg>username</arg>
<arg>password</arg>
<doc>Returns a list containing given items.</doc>
<status status="PASS" start="2024-03-22T06:17:24.799462" elapsed="0.000159"/>
</kw>
<for flavor="IN">
<iter>
<kw name="Dictionary Should Contain Key" owner="Collections">
<msg time="2024-03-22T06:17:24.800526" level="INFO">False</msg>
<arg>${json_data['results'][0]['login']}</arg>
<arg>${keyTwo}</arg>
<doc>Fails if ``key`` is not found from ``dictionary``.</doc>
<status status="PASS" start="2024-03-22T06:17:24.800117" elapsed="0.000448"/>
</kw>
<kw name="Dictionary Should Contain Key" owner="Collections">
<msg time="2024-03-22T06:17:24.801255" level="INFO">False</msg>
<arg>${json_data['results'][0]['login']}</arg>
<arg>${keyTwo}</arg>
<doc>Fails if ``key`` is not found from ``dictionary``.</doc>
<status status="PASS" start="2024-03-22T06:17:24.800864" elapsed="0.000428"/>
</kw>
<kw name="Log" owner="BuiltIn">
<msg time="2024-03-22T06:17:24.801708" level="INFO">username</msg>
<arg>${keyTwo}</arg>
<doc>Logs the given message with the given level.</doc>
<status status="PASS" start="2024-03-22T06:17:24.801583" elapsed="0.000161"/>
</kw>
<var name="${keyTwo}">username</var>
<status status="PASS" start="2024-03-22T06:17:24.800007" elapsed="0.001947"/>
</iter>
<iter>
<kw name="Dictionary Should Contain Key" owner="Collections">
<msg time="2024-03-22T06:17:24.802601" level="INFO">False</msg>
<arg>${json_data['results'][0]['login']}</arg>
<arg>${keyTwo}</arg>
<doc>Fails if ``key`` is not found from ``dictionary``.</doc>
<status status="PASS" start="2024-03-22T06:17:24.802231" elapsed="0.000407"/>
</kw>
<kw name="Dictionary Should Contain Key" owner="Collections">
<msg time="2024-03-22T06:17:24.803296" level="INFO">False</msg>
<arg>${json_data['results'][0]['login']}</arg>
<arg>${keyTwo}</arg>
<doc>Fails if ``key`` is not found from ``dictionary``.</doc>
<status status="PASS" start="2024-03-22T06:17:24.802926" elapsed="0.000406"/>
</kw>
<kw name="Log" owner="BuiltIn">
<msg time="2024-03-22T06:17:24.803748" level="INFO">password</msg>
<arg>${keyTwo}</arg>
<doc>Logs the given message with the given level.</doc>
<status status="PASS" start="2024-03-22T06:17:24.803621" elapsed="0.000164"/>
</kw>
<var name="${keyTwo}">password</var>
<status status="PASS" start="2024-03-22T06:17:24.802124" elapsed="0.001873"/>
</iter>
<var>${keyTwo}</var>
<value>@{expected_keysTwo}</value>
<status status="PASS" start="2024-03-22T06:17:24.799857" elapsed="0.004259"/>
</for>
<status status="PASS" start="2024-03-22T06:17:24.687003" elapsed="0.117291"/>
</kw>
<doc>Testa a estrutura da resposta da API.</doc>
<tag>testeEstruturaResposta</tag>
<status status="PASS" start="2024-03-22T06:17:24.686260" elapsed="0.118197"/>
</test>
<test id="s1-s1-t4" name="Validar tipos de dados" line="28">
<kw name="Teste de Tipos de Dados" owner="random-user-service">
<kw name="GET On Session" owner="RequestsLibrary">
<msg time="2024-03-22T06:17:24.901712" level="INFO">GET Request : url=https://randomuser.me/api 
 path_url=/api 
 headers={'User-Agent': 'python-requests/2.31.0', 'Accept-Encoding': 'gzip, deflate', 'Accept': '*/*', 'Connection': 'keep-alive'} 
 body=None 
 </msg>
<msg time="2024-03-22T06:17:24.901805" level="INFO">GET Response : url=https://randomuser.me/api 
 status=200, reason=OK 
 headers={'Date': 'Fri, 22 Mar 2024 06:17:24 GMT', 'Content-Type': 'application/json; charset=utf-8', 'Transfer-Encoding': 'chunked', 'Connection': 'keep-alive', 'X-Powered-By': 'Express', 'Access-Control-Allow-Origin': '*', 'Cache-Control': 'no-cache', 'ETag': 'W/"493-KaM66ypqB4fOwyl0MY0rQjtlsiU"', 'Vary': 'Accept-Encoding', 'Content-Encoding': 'gzip', 'CF-Cache-Status': 'DYNAMIC', 'Report-To': '{"endpoints":[{"url":"https:\\/\\/a.nel.cloudflare.com\\/report\\/v4?s=hTDb45PNhaKTMr9RvOEdy2eA%2BrC3oiln4Pa8Ic9nFifTmTRH6Gxw8%2BRR2DVyr1dgEN9eUpkzeYZrfarijIl9zKEcMe%2Fj2RCM3IggftR5CROutwqYhVZzcPVumX2Qgb5T"}],"group":"cf-nel","max_age":604800}', 'NEL': '{"success_fraction":0,"report_to":"cf-nel","max_age":604800}', 'Server': 'cloudflare', 'CF-RAY': '86840efa1ff10911-LAX', 'alt-svc': 'h3=":443"; ma=86400'} 
 body={"results":[{"gender":"male","name":{"title":"Mr","first":"Ramzi","last":"Bakkeren"},"location":{"street":{"number":7721,"name":"Drossaardruwe"},"city":"Baard","state":"Utrecht","country":"Netherlands","postcode":"4855 HM","coordinates":{"latitude":"34.2537","longitude":"-98.2281"},"timezone":{"offset":"-6:00","description":"Central Time (US &amp; Canada), Mexico City"}},"email":"ramzi.bakkeren@example.com","login":{"uuid":"b03c70c9-3eb6-44bb-820d-480c3919e3ad","username":"angryswan339","password":"boris","salt":"p5RypTTq","md5":"faa3c705affe836ee3034363beb296c9","sha1":"27a9bda359486cc132aec057ad1477280f3a9eac","sha256":"7d523f7afd7580cbf7a0b1dea83942f39ef74748a856bab7ae39fafdd05133ea"},"dob":{"date":"1973-03-01T13:41:41.000Z","age":51},"registered":{"date":"2002-08-15T12:15:18.038Z","age":21},"phone":"(0402) 336206","cell":"(06) 99115171","id":{"name":"BSN","value":"34357184"},"picture":{"large":"https://randomuser.me/api/portraits/men/77.jpg","medium":"https://randomuser.me/api/portraits/med/men/77.jpg","thumbnail":"https://randomuser.me/api/portraits/thumb/men/77.jpg"},"nat":"NL"}],"info":{"seed":"4355858408e19138","results":1,"page":1,"version":"1.4"}} 
 </msg>
<msg time="2024-03-22T06:17:24.901876" level="INFO">/opt/hostedtoolcache/Python/3.12.2/x64/lib/python3.12/site-packages/urllib3/connectionpool.py:1103: InsecureRequestWarning: Unverified HTTPS request is being made to host 'randomuser.me'. Adding certificate verification is strongly advised. See: https://urllib3.readthedocs.io/en/latest/advanced-usage.html#tls-warnings
  warnings.warn(</msg>
<msg time="2024-03-22T06:17:24.902017" level="INFO">${response} = &lt;Response [200]&gt;</msg>
<var>${response}</var>
<arg>consultarAPI</arg>
<arg>/api</arg>
<doc>Sends a GET request on a previously created HTTP Session.</doc>
<status status="PASS" start="2024-03-22T06:17:24.806952" elapsed="0.095108"/>
</kw>
<kw name="Set Variable" owner="BuiltIn">
<msg time="2024-03-22T06:17:24.903070" level="INFO">${json_data} = {'results': [{'gender': 'male', 'name': {'title': 'Mr', 'first': 'Ramzi', 'last': 'Bakkeren'}, 'location': {'street': {'number': 7721, 'name': 'Drossaardruwe'}, 'city': 'Baard', 'state': 'Utrecht', 'c...</msg>
<var>${json_data}</var>
<arg>${response.json()}</arg>
<doc>Returns the given values which can then be assigned to a variables.</doc>
<status status="PASS" start="2024-03-22T06:17:24.902558" elapsed="0.000540"/>
</kw>
<kw name="Log" owner="BuiltIn">
<msg time="2024-03-22T06:17:24.903574" level="INFO">{'results': [{'gender': 'male', 'name': {'title': 'Mr', 'first': 'Ramzi', 'last': 'Bakkeren'}, 'location': {'street': {'number': 7721, 'name': 'Drossaardruwe'}, 'city': 'Baard', 'state': 'Utrecht', 'country': 'Netherlands', 'postcode': '4855 HM', 'coordinates': {'latitude': '34.2537', 'longitude': '-98.2281'}, 'timezone': {'offset': '-6:00', 'description': 'Central Time (US &amp; Canada), Mexico City'}}, 'email': 'ramzi.bakkeren@example.com', 'login': {'uuid': 'b03c70c9-3eb6-44bb-820d-480c3919e3ad', 'username': 'angryswan339', 'password': 'boris', 'salt': 'p5RypTTq', 'md5': 'faa3c705affe836ee3034363beb296c9', 'sha1': '27a9bda359486cc132aec057ad1477280f3a9eac', 'sha256': '7d523f7afd7580cbf7a0b1dea83942f39ef74748a856bab7ae39fafdd05133ea'}, 'dob': {'date': '1973-03-01T13:41:41.000Z', 'age': 51}, 'registered': {'date': '2002-08-15T12:15:18.038Z', 'age': 21}, 'phone': '(0402) 336206', 'cell': '(06) 99115171', 'id': {'name': 'BSN', 'value': '34357184'}, 'picture': {'large': 'https://randomuser.me/api/portraits/men/77.jpg', 'medium': 'https://randomuser.me/api/portraits/med/men/77.jpg', 'thumbnail': 'https://randomuser.me/api/portraits/thumb/men/77.jpg'}, 'nat': 'NL'}], 'info': {'seed': '4355858408e19138', 'results': 1, 'page': 1, 'version': '1.4'}}</msg>
<arg>${json_data}</arg>
<doc>Logs the given message with the given level.</doc>
<status status="PASS" start="2024-03-22T06:17:24.903415" elapsed="0.000246"/>
</kw>
<kw name="Should Be String" owner="String">
<arg>${json_data['results'][0]['gender']}</arg>
<doc>Fails if the given ``item`` is not a string.</doc>
<status status="PASS" start="2024-03-22T06:17:24.903961" elapsed="0.000414"/>
</kw>
<kw name="Should Match Regexp" owner="BuiltIn">
<arg>${json_data['results'][0]['email']}</arg>
<arg>^[a-zA-Z0-9._%+-]+@[a-zA-Z0-9.-]+\.[a-zA-Z]{2,}$</arg>
<doc>Fails if ``string`` does not match ``pattern`` as a regular expression.</doc>
<status status="PASS" start="2024-03-22T06:17:24.904571" elapsed="0.000520"/>
</kw>
<kw name="Should Match Regexp" owner="BuiltIn">
<arg>${json_data['results'][0]['dob']['date']}</arg>
<arg>\\d{4}-\\d{2}-\\d{2}T\\d{2}:\\d{2}:\\d{2}\\.\\d{3}Z</arg>
<doc>Fails if ``string`` does not match ``pattern`` as a regular expression.</doc>
<status status="PASS" start="2024-03-22T06:17:24.905286" elapsed="0.000488"/>
</kw>
<kw name="Should Match Regexp" owner="BuiltIn">
<arg>${json_data['results'][0]['registered']['date']}</arg>
<arg>\\d{4}-\\d{2}-\\d{2}T\\d{2}:\\d{2}:\\d{2}\\.\\d{3}Z</arg>
<doc>Fails if ``string`` does not match ``pattern`` as a regular expression.</doc>
<status status="PASS" start="2024-03-22T06:17:24.905966" elapsed="0.000375"/>
</kw>
<kw name="Should Match Regexp" owner="BuiltIn">
<arg>${json_data['results'][0]['picture']['large']}</arg>
<arg>^https?://.*\.(?:png|jpe?g|gif|bmp)$</arg>
<doc>Fails if ``string`` does not match ``pattern`` as a regular expression.</doc>
<status status="PASS" start="2024-03-22T06:17:24.906526" elapsed="0.000454"/>
</kw>
<kw name="Should Match Regexp" owner="BuiltIn">
<arg>${json_data['results'][0]['picture']['medium']}</arg>
<arg>^https?://.*\.(?:png|jpe?g|gif|bmp)$</arg>
<doc>Fails if ``string`` does not match ``pattern`` as a regular expression.</doc>
<status status="PASS" start="2024-03-22T06:17:24.907169" elapsed="0.000353"/>
</kw>
<kw name="Should Match Regexp" owner="BuiltIn">
<arg>${json_data['results'][0]['picture']['thumbnail']}</arg>
<arg>^https?://.*\.(?:png|jpe?g|gif|bmp)$</arg>
<doc>Fails if ``string`` does not match ``pattern`` as a regular expression.</doc>
<status status="PASS" start="2024-03-22T06:17:24.907704" elapsed="0.000349"/>
</kw>
<kw name="Log" owner="BuiltIn">
<msg time="2024-03-22T06:17:24.908580" level="INFO">{'large': 'https://randomuser.me/api/portraits/men/77.jpg', 'medium': 'https://randomuser.me/api/portraits/med/men/77.jpg', 'thumbnail': 'https://randomuser.me/api/portraits/thumb/men/77.jpg'}</msg>
<arg>${json_data['results'][0]['picture']}</arg>
<doc>Logs the given message with the given level.</doc>
<status status="PASS" start="2024-03-22T06:17:24.908251" elapsed="0.000375"/>
</kw>
<status status="PASS" start="2024-03-22T06:17:24.806722" elapsed="0.102160"/>
</kw>
<kw name="Teste de Tipos de Dados - Postcode" owner="random-user-service">
<kw name="GET On Session" owner="RequestsLibrary">
<msg time="2024-03-22T06:17:25.007066" level="INFO">GET Request : url=https://randomuser.me/api 
 path_url=/api 
 headers={'User-Agent': 'python-requests/2.31.0', 'Accept-Encoding': 'gzip, deflate', 'Accept': '*/*', 'Connection': 'keep-alive'} 
 body=None 
 </msg>
<msg time="2024-03-22T06:17:25.007146" level="INFO">GET Response : url=https://randomuser.me/api 
 status=200, reason=OK 
 headers={'Date': 'Fri, 22 Mar 2024 06:17:25 GMT', 'Content-Type': 'application/json; charset=utf-8', 'Transfer-Encoding': 'chunked', 'Connection': 'keep-alive', 'X-Powered-By': 'Express', 'Access-Control-Allow-Origin': '*', 'Cache-Control': 'no-cache', 'ETag': 'W/"482-3CwvjK1N+6xi7ZFThRcGgHxKzEU"', 'Vary': 'Accept-Encoding', 'Content-Encoding': 'gzip', 'CF-Cache-Status': 'DYNAMIC', 'Report-To': '{"endpoints":[{"url":"https:\\/\\/a.nel.cloudflare.com\\/report\\/v4?s=CsnJaVQXAt0SyxQnIDRJVC0XJofqirS2lyCx7cxF2kVfqe68VN1Bs2lPvS5CugzKVdGW3tSLM%2FEQkN4N5JIWg%2BBeg5j7uENZOsSrrQOFxL12rX1hCwtv4dGhTwtONOYX"}],"group":"cf-nel","max_age":604800}', 'NEL': '{"success_fraction":0,"report_to":"cf-nel","max_age":604800}', 'Server': 'cloudflare', 'CF-RAY': '86840efab8b20911-LAX', 'alt-svc': 'h3=":443"; ma=86400'} 
 body={"results":[{"gender":"female","name":{"title":"Mrs","first":"Sarah","last":"Clarke"},"location":{"street":{"number":7477,"name":"King Edward Street"},"city":"Wellington","state":"Northland","country":"New Zealand","postcode":55622,"coordinates":{"latitude":"52.8820","longitude":"140.2718"},"timezone":{"offset":"+5:45","description":"Kathmandu"}},"email":"sarah.clarke@example.com","login":{"uuid":"d18bb7e8-8a64-4993-bb16-1ce93b91c9cb","username":"happybutterfly797","password":"aaaaaaa","salt":"OyqLJmoS","md5":"8529d7048b66ce0e5d5ca60757059a5a","sha1":"9238e2726e32b164915accf74ffe88fab7dad21c","sha256":"fa5714d0a08eae195337c5b1b59ef32bc566ffced73ca38930f8ffdd1da698e2"},"dob":{"date":"1997-02-15T02:56:55.560Z","age":27},"registered":{"date":"2013-08-02T16:52:23.237Z","age":10},"phone":"(750)-757-7161","cell":"(079)-307-4905","id":{"name":"","value":null},"picture":{"large":"https://randomuser.me/api/portraits/women/19.jpg","medium":"https://randomuser.me/api/portraits/med/women/19.jpg","thumbnail":"https://randomuser.me/api/portraits/thumb/women/19.jpg"},"nat":"NZ"}],"info":{"seed":"378b719886557b14","results":1,"page":1,"version":"1.4"}} 
 </msg>
<msg time="2024-03-22T06:17:25.007230" level="INFO">/opt/hostedtoolcache/Python/3.12.2/x64/lib/python3.12/site-packages/urllib3/connectionpool.py:1103: InsecureRequestWarning: Unverified HTTPS request is being made to host 'randomuser.me'. Adding certificate verification is strongly advised. See: https://urllib3.readthedocs.io/en/latest/advanced-usage.html#tls-warnings
  warnings.warn(</msg>
<msg time="2024-03-22T06:17:25.007367" level="INFO">${response} = &lt;Response [200]&gt;</msg>
<var>${response}</var>
<arg>consultarAPI</arg>
<arg>/api</arg>
<doc>Sends a GET request on a previously created HTTP Session.</doc>
<status status="PASS" start="2024-03-22T06:17:24.909484" elapsed="0.097932"/>
</kw>
<kw name="Set Variable" owner="BuiltIn">
<msg time="2024-03-22T06:17:25.008406" level="INFO">${json_data} = {'results': [{'gender': 'female', 'name': {'title': 'Mrs', 'first': 'Sarah', 'last': 'Clarke'}, 'location': {'street': {'number': 7477, 'name': 'King Edward Street'}, 'city': 'Wellington', 'state': 'N...</msg>
<var>${json_data}</var>
<arg>${response.json()}</arg>
<doc>Returns the given values which can then be assigned to a variables.</doc>
<status status="PASS" start="2024-03-22T06:17:25.007916" elapsed="0.000518"/>
</kw>
<kw name="Log" owner="BuiltIn">
<msg time="2024-03-22T06:17:25.008895" level="INFO">{'results': [{'gender': 'female', 'name': {'title': 'Mrs', 'first': 'Sarah', 'last': 'Clarke'}, 'location': {'street': {'number': 7477, 'name': 'King Edward Street'}, 'city': 'Wellington', 'state': 'Northland', 'country': 'New Zealand', 'postcode': 55622, 'coordinates': {'latitude': '52.8820', 'longitude': '140.2718'}, 'timezone': {'offset': '+5:45', 'description': 'Kathmandu'}}, 'email': 'sarah.clarke@example.com', 'login': {'uuid': 'd18bb7e8-8a64-4993-bb16-1ce93b91c9cb', 'username': 'happybutterfly797', 'password': 'aaaaaaa', 'salt': 'OyqLJmoS', 'md5': '8529d7048b66ce0e5d5ca60757059a5a', 'sha1': '9238e2726e32b164915accf74ffe88fab7dad21c', 'sha256': 'fa5714d0a08eae195337c5b1b59ef32bc566ffced73ca38930f8ffdd1da698e2'}, 'dob': {'date': '1997-02-15T02:56:55.560Z', 'age': 27}, 'registered': {'date': '2013-08-02T16:52:23.237Z', 'age': 10}, 'phone': '(750)-757-7161', 'cell': '(079)-307-4905', 'id': {'name': '', 'value': None}, 'picture': {'large': 'https://randomuser.me/api/portraits/women/19.jpg', 'medium': 'https://randomuser.me/api/portraits/med/women/19.jpg', 'thumbnail': 'https://randomuser.me/api/portraits/thumb/women/19.jpg'}, 'nat': 'NZ'}], 'info': {'seed': '378b719886557b14', 'results': 1, 'page': 1, 'version': '1.4'}}</msg>
<arg>${json_data}</arg>
<doc>Logs the given message with the given level.</doc>
<status status="PASS" start="2024-03-22T06:17:25.008736" elapsed="0.000235"/>
</kw>
<kw name="Should Be Equal As Numbers" owner="BuiltIn">
<arg>${json_data['results'][0]['location']['postcode']}</arg>
<arg>${json_data['results'][0]['location']['postcode']}</arg>
<doc>Fails if objects are unequal after converting them to real numbers.</doc>
<status status="PASS" start="2024-03-22T06:17:25.009272" elapsed="0.000620"/>
</kw>
<kw name="Log" owner="BuiltIn">
<msg time="2024-03-22T06:17:25.010418" level="INFO">55622</msg>
<arg>${json_data['results'][0]['location']['postcode']}</arg>
<doc>Logs the given message with the given level.</doc>
<status status="PASS" start="2024-03-22T06:17:25.010081" elapsed="0.000377"/>
</kw>
<status status="PASS" start="2024-03-22T06:17:24.909112" elapsed="0.101599"/>
</kw>
<doc>Testa se os tipos de dados na resposta da API estão corretos.</doc>
<tag>testeTiposDados</tag>
<status status="PASS" start="2024-03-22T06:17:24.806190" elapsed="0.204690"/>
</test>
<test id="s1-s1-t5" name="Validar conteudo" line="35">
<kw name="Teste de Tipos de Conteudo" owner="random-user-service">
<kw name="GET On Session" owner="RequestsLibrary">
<msg time="2024-03-22T06:17:25.105416" level="INFO">GET Request : url=https://randomuser.me/api 
 path_url=/api 
 headers={'User-Agent': 'python-requests/2.31.0', 'Accept-Encoding': 'gzip, deflate', 'Accept': '*/*', 'Connection': 'keep-alive'} 
 body=None 
 </msg>
<msg time="2024-03-22T06:17:25.105517" level="INFO">GET Response : url=https://randomuser.me/api 
 status=200, reason=OK 
 headers={'Date': 'Fri, 22 Mar 2024 06:17:25 GMT', 'Content-Type': 'application/json; charset=utf-8', 'Transfer-Encoding': 'chunked', 'Connection': 'keep-alive', 'X-Powered-By': 'Express', 'Access-Control-Allow-Origin': '*', 'Cache-Control': 'no-cache', 'ETag': 'W/"497-GcgHmzS4ET7VDppQvSVfjn9DF3A"', 'Vary': 'Accept-Encoding', 'Content-Encoding': 'gzip', 'CF-Cache-Status': 'DYNAMIC', 'Report-To': '{"endpoints":[{"url":"https:\\/\\/a.nel.cloudflare.com\\/report\\/v4?s=%2B7P72H1DVhhxL%2BkzmHYZMunwdFclO8hwsleC1bb0DO%2F2yl8Q1XkRH%2FyQuVIu8OzlchIqw%2FbFSheukGL6dznLJf9ofv1SLzkWAYa4za0Kaf5yNdjrvVEivHGp8XKQb3aq"}],"group":"cf-nel","max_age":604800}', 'NEL': '{"success_fraction":0,"report_to":"cf-nel","max_age":604800}', 'Server': 'cloudflare', 'CF-RAY': '86840efb59a30911-LAX', 'alt-svc': 'h3=":443"; ma=86400'} 
 body={"results":[{"gender":"female","name":{"title":"Miss","first":"Manuela","last":"Ibáñez"},"location":{"street":{"number":6182,"name":"Calle de Téllez"},"city":"Santander","state":"Ceuta","country":"Spain","postcode":20685,"coordinates":{"latitude":"-34.2225","longitude":"65.5098"},"timezone":{"offset":"+8:00","description":"Beijing, Perth, Singapore, Hong Kong"}},"email":"manuela.ibanez@example.com","login":{"uuid":"970d9bc6-1917-4b09-b574-80a6c92dd420","username":"brownlion109","password":"javelin","salt":"JeBSdLSu","md5":"0ee18aa6e5653eab9b3cc254ee801f19","sha1":"7efad09061600acc42184685f1945ea8ec1d4afd","sha256":"e3f2282f621ded6eda915388fcf7a2f65f10533554b24c1ceedac2f2fd7453f7"},"dob":{"date":"1982-05-30T15:15:06.618Z","age":41},"registered":{"date":"2009-12-26T11:44:27.114Z","age":14},"phone":"951-882-101","cell":"649-177-505","id":{"name":"DNI","value":"40864082-Q"},"picture":{"large":"https://randomuser.me/api/portraits/women/76.jpg","medium":"https://randomuser.me/api/portraits/med/women/76.jpg","thumbnail":"https://randomuser.me/api/portraits/thumb/women/76.jpg"},"nat":"ES"}],"info":{"seed":"9c4e21ef3833c75e","results":1,"page":1,"version":"1.4"}} 
 </msg>
<msg time="2024-03-22T06:17:25.105601" level="INFO">/opt/hostedtoolcache/Python/3.12.2/x64/lib/python3.12/site-packages/urllib3/connectionpool.py:1103: InsecureRequestWarning: Unverified HTTPS request is being made to host 'randomuser.me'. Adding certificate verification is strongly advised. See: https://urllib3.readthedocs.io/en/latest/advanced-usage.html#tls-warnings
  warnings.warn(</msg>
<msg time="2024-03-22T06:17:25.105745" level="INFO">${response} = &lt;Response [200]&gt;</msg>
<var>${response}</var>
<arg>consultarAPI</arg>
<arg>/api</arg>
<doc>Sends a GET request on a previously created HTTP Session.</doc>
<status status="PASS" start="2024-03-22T06:17:25.013297" elapsed="0.092498"/>
</kw>
<kw name="Set Variable" owner="BuiltIn">
<msg time="2024-03-22T06:17:25.106936" level="INFO">${json_data} = {'results': [{'gender': 'female', 'name': {'title': 'Miss', 'first': 'Manuela', 'last': 'Ibáñez'}, 'location': {'street': {'number': 6182, 'name': 'Calle de Téllez'}, 'city': 'Santander', 'state': 'Ce...</msg>
<var>${json_data}</var>
<arg>${response.json()}</arg>
<doc>Returns the given values which can then be assigned to a variables.</doc>
<status status="PASS" start="2024-03-22T06:17:25.106391" elapsed="0.000575"/>
</kw>
<kw name="Set Variable" owner="BuiltIn">
<msg time="2024-03-22T06:17:25.107655" level="INFO">${name_title} = Miss</msg>
<var>${name_title}</var>
<arg>${json_data["results"][0]["name"]["title"]}</arg>
<doc>Returns the given values which can then be assigned to a variables.</doc>
<status status="PASS" start="2024-03-22T06:17:25.107271" elapsed="0.000409"/>
</kw>
<kw name="Create List" owner="BuiltIn">
<msg time="2024-03-22T06:17:25.108124" level="INFO">${allowed_titles} = ['Mr', 'Ms', 'Miss', 'Mrs', 'Madame', 'Monsieur']</msg>
<var>${allowed_titles}</var>
<arg>Mr</arg>
<arg>Ms</arg>
<arg>Miss</arg>
<arg>Mrs</arg>
<arg>Madame</arg>
<arg>Monsieur</arg>
<doc>Returns a list containing given items.</doc>
<status status="PASS" start="2024-03-22T06:17:25.107977" elapsed="0.000170"/>
</kw>
<kw name="List Should Contain Value" owner="Collections">
<msg time="2024-03-22T06:17:25.108678" level="INFO">False</msg>
<arg>${allowed_titles}</arg>
<arg>${name_title}</arg>
<doc>Fails if the ``value`` is not found from ``list``.</doc>
<status status="PASS" start="2024-03-22T06:17:25.108505" elapsed="0.000209"/>
</kw>
<kw name="Set Variable" owner="BuiltIn">
<msg time="2024-03-22T06:17:25.109373" level="INFO">${name_country} = ES</msg>
<var>${name_country}</var>
<arg>${json_data["results"][0]["nat"]}</arg>
<doc>Returns the given values which can then be assigned to a variables.</doc>
<status status="PASS" start="2024-03-22T06:17:25.109000" elapsed="0.000398"/>
</kw>
<kw name="Create List" owner="BuiltIn">
<msg time="2024-03-22T06:17:25.110307" level="INFO">${list_country} = ['AD', 'AE', 'AF', 'AG', 'AI', 'AL', 'AM', 'AO', 'AQ', 'AR', 'AS', 'AT', 'AU', 'AW', 'AX', 'AZ', 'BA', 'BB', 'BD', 'BE', 'BF', 'BG', 'BH', 'BI', 'BJ', 'BL', 'BM', 'BN', 'BO', 'BQ', 'BR', 'BS', 'BT', '...</msg>
<var>${list_country}</var>
<arg>AD</arg>
<arg>AE</arg>
<arg>AF</arg>
<arg>AG</arg>
<arg>AI</arg>
<arg>AL</arg>
<arg>AM</arg>
<arg>AO</arg>
<arg>AQ</arg>
<arg>AR</arg>
<arg>AS</arg>
<arg>AT</arg>
<arg>AU</arg>
<arg>AW</arg>
<arg>AX</arg>
<arg>AZ</arg>
<arg>BA</arg>
<arg>BB</arg>
<arg>BD</arg>
<arg>BE</arg>
<arg>BF</arg>
<arg>BG</arg>
<arg>BH</arg>
<arg>BI</arg>
<arg>BJ</arg>
<arg>BL</arg>
<arg>BM</arg>
<arg>BN</arg>
<arg>BO</arg>
<arg>BQ</arg>
<arg>BR</arg>
<arg>BS</arg>
<arg>BT</arg>
<arg>BV</arg>
<arg>BW</arg>
<arg>BY</arg>
<arg>BZ</arg>
<arg>CA</arg>
<arg>CC</arg>
<arg>CD</arg>
<arg>CF</arg>
<arg>CG</arg>
<arg>CH</arg>
<arg>CI</arg>
<arg>CK</arg>
<arg>CL</arg>
<arg>CM</arg>
<arg>CN</arg>
<arg>CO</arg>
<arg>CR</arg>
<arg>CU</arg>
<arg>CV</arg>
<arg>CW</arg>
<arg>CX</arg>
<arg>CY</arg>
<arg>CZ</arg>
<arg>DE</arg>
<arg>DJ</arg>
<arg>DK</arg>
<arg>DM</arg>
<arg>DO</arg>
<arg>DZ</arg>
<arg>EC</arg>
<arg>EE</arg>
<arg>EG</arg>
<arg>EH</arg>
<arg>ER</arg>
<arg>ES</arg>
<arg>ET</arg>
<arg>FI</arg>
<arg>FJ</arg>
<arg>FK</arg>
<arg>FM</arg>
<arg>FO</arg>
<arg>FR</arg>
<arg>GA</arg>
<arg>GB</arg>
<arg>GD</arg>
<arg>GE</arg>
<arg>GF</arg>
<arg>GG</arg>
<arg>GH</arg>
<arg>GI</arg>
<arg>GL</arg>
<arg>GM</arg>
<arg>GN</arg>
<arg>GP</arg>
<arg>GQ</arg>
<arg>GR</arg>
<arg>GS</arg>
<arg>GT</arg>
<arg>GU</arg>
<arg>GW</arg>
<arg>GY</arg>
<arg>HK</arg>
<arg>HM</arg>
<arg>HN</arg>
<arg>HR</arg>
<arg>HT</arg>
<arg>HU</arg>
<arg>ID</arg>
<arg>IE</arg>
<arg>IL</arg>
<arg>IM</arg>
<arg>IN</arg>
<arg>IO</arg>
<arg>IQ</arg>
<arg>IR</arg>
<arg>IS</arg>
<arg>IT</arg>
<arg>JE</arg>
<arg>JM</arg>
<arg>JO</arg>
<arg>JP</arg>
<arg>KE</arg>
<arg>KG</arg>
<arg>KH</arg>
<arg>KI</arg>
<arg>KM</arg>
<arg>KN</arg>
<arg>KP</arg>
<arg>KR</arg>
<arg>KW</arg>
<arg>KY</arg>
<arg>KZ</arg>
<arg>LA</arg>
<arg>LB</arg>
<arg>LC</arg>
<arg>LI</arg>
<arg>LK</arg>
<arg>LR</arg>
<arg>LS</arg>
<arg>LT</arg>
<arg>LU</arg>
<arg>LV</arg>
<arg>LY</arg>
<arg>MA</arg>
<arg>MC</arg>
<arg>MD</arg>
<arg>ME</arg>
<arg>MF</arg>
<arg>MG</arg>
<arg>MH</arg>
<arg>MK</arg>
<arg>ML</arg>
<arg>MM</arg>
<arg>MN</arg>
<arg>MO</arg>
<arg>MP</arg>
<arg>MQ</arg>
<arg>MR</arg>
<arg>MS</arg>
<arg>MT</arg>
<arg>MU</arg>
<arg>MV</arg>
<arg>MW</arg>
<arg>MX</arg>
<arg>MY</arg>
<arg>MZ</arg>
<arg>NA</arg>
<arg>NC</arg>
<arg>NE</arg>
<arg>NF</arg>
<arg>NG</arg>
<arg>NI</arg>
<arg>NL</arg>
<arg>NO</arg>
<arg>NP</arg>
<arg>NR</arg>
<arg>NU</arg>
<arg>NZ</arg>
<arg>OM</arg>
<arg>PA</arg>
<arg>PE</arg>
<arg>PF</arg>
<arg>PG</arg>
<arg>PH</arg>
<arg>PK</arg>
<arg>PL</arg>
<arg>PM</arg>
<arg>PN</arg>
<arg>PR</arg>
<arg>PS</arg>
<arg>PT</arg>
<arg>PW</arg>
<arg>PY</arg>
<arg>QA</arg>
<arg>RE</arg>
<arg>RO</arg>
<arg>RS</arg>
<arg>RU</arg>
<arg>RW</arg>
<arg>SA</arg>
<arg>SB</arg>
<arg>SC</arg>
<arg>SD</arg>
<arg>SE</arg>
<arg>SG</arg>
<arg>SH</arg>
<arg>SI</arg>
<arg>SJ</arg>
<arg>SK</arg>
<arg>SL</arg>
<arg>SM</arg>
<arg>SN</arg>
<arg>SO</arg>
<arg>SR</arg>
<arg>SS</arg>
<arg>ST</arg>
<arg>SV</arg>
<arg>SX</arg>
<arg>SY</arg>
<arg>SZ</arg>
<arg>TC</arg>
<arg>TD</arg>
<arg>TF</arg>
<arg>TG</arg>
<arg>TH</arg>
<arg>TJ</arg>
<arg>TK</arg>
<arg>TL</arg>
<arg>TM</arg>
<arg>TN</arg>
<arg>TO</arg>
<arg>TR</arg>
<arg>TT</arg>
<arg>TV</arg>
<arg>TW</arg>
<arg>TZ</arg>
<arg>UA</arg>
<arg>UG</arg>
<arg>UM</arg>
<arg>US</arg>
<arg>UY</arg>
<arg>UZ</arg>
<arg>VA</arg>
<arg>VC</arg>
<arg>VE</arg>
<arg>VG</arg>
<arg>VI</arg>
<arg>VN</arg>
<arg>VU</arg>
<arg>WF</arg>
<arg>WS</arg>
<arg>XK</arg>
<arg>YE</arg>
<arg>YT</arg>
<arg>ZA</arg>
<arg>ZM</arg>
<arg>ZW</arg>
<doc>Returns a list containing given items.</doc>
<status status="PASS" start="2024-03-22T06:17:25.109710" elapsed="0.000623"/>
</kw>
<kw name="List Should Contain Value" owner="Collections">
<msg time="2024-03-22T06:17:25.111442" level="INFO">False</msg>
<arg>${list_country}</arg>
<arg>${name_country}</arg>
<doc>Fails if the ``value`` is not found from ``list``.</doc>
<status status="PASS" start="2024-03-22T06:17:25.111238" elapsed="0.000240"/>
</kw>
<kw name="Run Keyword If" owner="BuiltIn">
<kw name="Should Be True" owner="BuiltIn">
<arg>${True}</arg>
<doc>Fails if the given condition is not true.</doc>
<status status="PASS" start="2024-03-22T06:17:25.112608" elapsed="0.000147"/>
</kw>
<arg>${json_data["results"][0]["location"]["coordinates"]["latitude"]} &gt;= -90 and ${json_data["results"][0]["location"]["coordinates"]["latitude"]} &lt;= 90</arg>
<arg>Should Be True</arg>
<arg>${True}</arg>
<doc>Runs the given keyword with the given arguments, if ``condition`` is true.</doc>
<status status="PASS" start="2024-03-22T06:17:25.111792" elapsed="0.001099"/>
</kw>
<kw name="Run Keyword If" owner="BuiltIn">
<kw name="Should Be True" owner="BuiltIn">
<arg>${True}</arg>
<doc>Fails if the given condition is not true.</doc>
<status status="PASS" start="2024-03-22T06:17:25.113807" elapsed="0.000140"/>
</kw>
<arg>${json_data["results"][0]["location"]["coordinates"]["longitude"]} &gt;= -180 and ${json_data["results"][0]["location"]["coordinates"]["longitude"]} &lt;= 180</arg>
<arg>Should Be True</arg>
<arg>${True}</arg>
<doc>Runs the given keyword with the given arguments, if ``condition`` is true.</doc>
<status status="PASS" start="2024-03-22T06:17:25.113079" elapsed="0.000993"/>
</kw>
<status status="PASS" start="2024-03-22T06:17:25.013075" elapsed="0.101130"/>
</kw>
<doc>Testa o conteúdo específico dos campos retornados pela API.</doc>
<tag>testeConteudo</tag>
<status status="PASS" start="2024-03-22T06:17:25.012635" elapsed="0.101727"/>
</test>
<status status="PASS" start="2024-03-22T06:17:23.804959" elapsed="1.311394"/>
</suite>
<status status="PASS" start="2024-03-22T06:17:23.791069" elapsed="1.330630"/>
</suite>
<statistics>
<total>
<stat pass="5" fail="0" skip="0">All Tests</stat>
</total>
<tag>
<stat pass="1" fail="0" skip="0">testeConteudo</stat>
<stat pass="1" fail="0" skip="0">testeEstruturaResposta</stat>
<stat pass="1" fail="0" skip="0">testeRequisicaoBasica</stat>
<stat pass="1" fail="0" skip="0">testeTiposDados</stat>
</tag>
<suite>
<stat pass="5" fail="0" skip="0" id="s1" name="Tests">Tests</stat>
<stat pass="5" fail="0" skip="0" id="s1-s1" name="Random-User-Test">Tests.Random-User-Test</stat>
</suite>
</statistics>
<errors>
</errors>
</robot>
