<?xml version="1.0" encoding="UTF-8"?>
<robot generator="Robot 7.0.1 (Python 3.12.4 on linux)" generated="2024-07-12T17:14:38.497518" rpa="false" schemaversion="5">
<suite id="s1" name="Tests" source="/home/runner/work/ApiRandomUser/ApiRandomUser/RamdonUser/tests">
<suite id="s1-s1" name="Random-User-Test" source="/home/runner/work/ApiRandomUser/ApiRandomUser/RamdonUser/tests/random-user-test.robot">
<test id="s1-s1-t1" name="Conectar" line="13">
<kw name="Conectar API" owner="random-user-service">
<kw name="Create Session" owner="RequestsLibrary">
<msg time="2024-07-12T17:14:38.881785" level="INFO">Creating Session using : alias=consultarAPI, url=https://randomuser.me/, headers={},                     cookies={}, auth=None, timeout=None, proxies=None, verify=False,                     debug=0 </msg>
<arg>consultarAPI</arg>
<arg>${URL}</arg>
<doc>Create Session: create a HTTP session to a server</doc>
<status status="PASS" start="2024-07-12T17:14:38.881565" elapsed="0.000394"/>
</kw>
<status status="PASS" start="2024-07-12T17:14:38.880352" elapsed="0.002087"/>
</kw>
<status status="PASS" start="2024-07-12T17:14:38.879805" elapsed="0.002839"/>
</test>
<test id="s1-s1-t2" name="Validar retorno 200 e JSON Válido" line="16">
<kw name="Teste de Requisicao Basica" owner="random-user-service">
<kw name="GET On Session" owner="RequestsLibrary">
<msg time="2024-07-12T17:14:39.097162" level="INFO">GET Request : url=https://randomuser.me/api 
 path_url=/api 
 headers={'User-Agent': 'python-requests/2.32.3', 'Accept-Encoding': 'gzip, deflate', 'Accept': '*/*', 'Connection': 'keep-alive'} 
 body=None 
 </msg>
<msg time="2024-07-12T17:14:39.097283" level="INFO">GET Response : url=https://randomuser.me/api 
 status=200, reason=OK 
 headers={'Date': 'Fri, 12 Jul 2024 17:14:39 GMT', 'Content-Type': 'application/json; charset=utf-8', 'Transfer-Encoding': 'chunked', 'Connection': 'keep-alive', 'X-Powered-By': 'Express', 'Access-Control-Allow-Origin': '*', 'Cache-Control': 'no-cache', 'ETag': 'W/"494-imo/wAVhM0kD+mco3ALMHvMMN28"', 'Vary': 'Accept-Encoding', 'Content-Encoding': 'gzip', 'CF-Cache-Status': 'DYNAMIC', 'Report-To': '{"endpoints":[{"url":"https:\\/\\/a.nel.cloudflare.com\\/report\\/v4?s=tbhchJYGOl39fW1NspXj7koBC9MZRPazfu4htbL7zfnhj7OoqNLc3I78UZc4mP0A57FqZBcaQyE9DJnKVEXAWF%2BibCwygiX3QzPDxpPm3uIouzXGQR1F4LXdgVlRIdCm"}],"group":"cf-nel","max_age":604800}', 'NEL': '{"success_fraction":0,"report_to":"cf-nel","max_age":604800}', 'Server': 'cloudflare', 'CF-RAY': '8a22abb9ee5c879b-IAD', 'alt-svc': 'h3=":443"; ma=86400'} 
 body={"results":[{"gender":"female","name":{"title":"Miss","first":"Lillian","last":"Gray"},"location":{"street":{"number":6583,"name":"Church Road"},"city":"Greystones","state":"Dún Laoghaire–Rathdown","country":"Ireland","postcode":51808,"coordinates":{"latitude":"-0.2797","longitude":"149.9433"},"timezone":{"offset":"+7:00","description":"Bangkok, Hanoi, Jakarta"}},"email":"lillian.gray@example.com","login":{"uuid":"a53da164-7bec-4651-9267-21a7fdb6ca15","username":"heavydog181","password":"gopher","salt":"T6Wyvf3i","md5":"7c0eadcabf3ce11cf440ae8a350e05a1","sha1":"73bd47df7c9b0f7e4c61a6d359aca7fd8f9b7d6f","sha256":"a7f2b75e74da79f7f38cd1f20babd303a60a3178d4151b5ea5821c73dad6b0d6"},"dob":{"date":"1981-01-22T21:29:15.576Z","age":43},"registered":{"date":"2012-03-25T12:42:58.975Z","age":12},"phone":"061-637-6131","cell":"081-884-2448","id":{"name":"PPS","value":"1521918T"},"picture":{"large":"https://randomuser.me/api/portraits/women/93.jpg","medium":"https://randomuser.me/api/portraits/med/women/93.jpg","thumbnail":"https://randomuser.me/api/portraits/thumb/women/93.jpg"},"nat":"IE"}],"info":{"seed":"3ccb1e702ba09b88","results":1,"page":1,"version":"1.4"}} 
 </msg>
<msg time="2024-07-12T17:14:39.097362" level="INFO">/opt/hostedtoolcache/Python/3.12.4/x64/lib/python3.12/site-packages/urllib3/connectionpool.py:1099: InsecureRequestWarning: Unverified HTTPS request is being made to host 'randomuser.me'. Adding certificate verification is strongly advised. See: https://urllib3.readthedocs.io/en/latest/advanced-usage.html#tls-warnings
  warnings.warn(</msg>
<msg time="2024-07-12T17:14:39.097492" level="INFO">${response} = &lt;Response [200]&gt;</msg>
<var>${response}</var>
<arg>consultarAPI</arg>
<arg>/api</arg>
<doc>Sends a GET request on a previously created HTTP Session.</doc>
<status status="PASS" start="2024-07-12T17:14:38.885388" elapsed="0.212145"/>
</kw>
<kw name="Should Be Equal As Numbers" owner="BuiltIn">
<msg time="2024-07-12T17:14:39.098595" level="INFO">Argument types are:
&lt;class 'int'&gt;
&lt;class 'str'&gt;</msg>
<arg>${response.status_code}</arg>
<arg>200</arg>
<doc>Fails if objects are unequal after converting them to real numbers.</doc>
<status status="PASS" start="2024-07-12T17:14:39.098113" elapsed="0.000546"/>
</kw>
<kw name="Log" owner="BuiltIn">
<msg time="2024-07-12T17:14:39.099320" level="INFO">200</msg>
<arg>${response.status_code}</arg>
<doc>Logs the given message with the given level.</doc>
<status status="PASS" start="2024-07-12T17:14:39.098972" elapsed="0.000391"/>
</kw>
<kw name="Set Variable" owner="BuiltIn">
<msg time="2024-07-12T17:14:39.100098" level="INFO">${json_data} = {'results': [{'gender': 'female', 'name': {'title': 'Miss', 'first': 'Lillian', 'last': 'Gray'}, 'location': {'street': {'number': 6583, 'name': 'Church Road'}, 'city': 'Greystones', 'state': 'Dún Lao...</msg>
<var>${json_data}</var>
<arg>${response.json()}</arg>
<doc>Returns the given values which can then be assigned to a variables.</doc>
<status status="PASS" start="2024-07-12T17:14:39.099663" elapsed="0.000464"/>
</kw>
<kw name="Dictionary Should Contain Key" owner="Collections">
<arg>${json_data}</arg>
<arg>results</arg>
<doc>Fails if ``key`` is not found from ``dictionary``.</doc>
<status status="PASS" start="2024-07-12T17:14:39.100421" elapsed="0.000159"/>
</kw>
<status status="PASS" start="2024-07-12T17:14:38.885139" elapsed="0.215585"/>
</kw>
<doc>Testa se a API responde corretamente e retorna um objeto JSON válido.</doc>
<tag>testeRequisicaoBasica</tag>
<status status="PASS" start="2024-07-12T17:14:38.884674" elapsed="0.216214"/>
</test>
<test id="s1-s1-t3" name="Validar estrutura de resposta" line="22">
<kw name="Teste de Estrutura de Resposta" owner="random-user-service">
<kw name="GET On Session" owner="RequestsLibrary">
<msg time="2024-07-12T17:14:39.198856" level="INFO">GET Request : url=https://randomuser.me/api 
 path_url=/api 
 headers={'User-Agent': 'python-requests/2.32.3', 'Accept-Encoding': 'gzip, deflate', 'Accept': '*/*', 'Connection': 'keep-alive'} 
 body=None 
 </msg>
<msg time="2024-07-12T17:14:39.198951" level="INFO">GET Response : url=https://randomuser.me/api 
 status=200, reason=OK 
 headers={'Date': 'Fri, 12 Jul 2024 17:14:39 GMT', 'Content-Type': 'application/json; charset=utf-8', 'Transfer-Encoding': 'chunked', 'Connection': 'keep-alive', 'X-Powered-By': 'Express', 'Access-Control-Allow-Origin': '*', 'Cache-Control': 'no-cache', 'ETag': 'W/"493-HtDccV3CaZ2r8Hn10QVJp2BmP94"', 'Vary': 'Accept-Encoding', 'Content-Encoding': 'gzip', 'CF-Cache-Status': 'DYNAMIC', 'Report-To': '{"endpoints":[{"url":"https:\\/\\/a.nel.cloudflare.com\\/report\\/v4?s=wug2NE5QglYQ17heDIP5BnUIb%2FLQ5HRMrfA%2B9LlH%2B07D%2BYM6rkd4Kzo1NySmUiGdHDZYEydayUKBD%2FmtID8EpESAMGEUOlrIy30LtISjzVeOskiz3ZX6foO8Cho6DFGQ"}],"group":"cf-nel","max_age":604800}', 'NEL': '{"success_fraction":0,"report_to":"cf-nel","max_age":604800}', 'Server': 'cloudflare', 'CF-RAY': '8a22abba6f85879b-IAD', 'alt-svc': 'h3=":443"; ma=86400'} 
 body={"results":[{"gender":"male","name":{"title":"Mr","first":"Rudolfo","last":"Cavalcanti"},"location":{"street":{"number":5117,"name":"Rua Dois"},"city":"Juiz de Fora","state":"Ceará","country":"Brazil","postcode":46158,"coordinates":{"latitude":"-75.5358","longitude":"-122.1804"},"timezone":{"offset":"-7:00","description":"Mountain Time (US &amp; Canada)"}},"email":"rudolfo.cavalcanti@example.com","login":{"uuid":"d2384726-8b82-4034-92c1-ea2389f885e5","username":"silverbird924","password":"better","salt":"FSFjbpte","md5":"36df330b5ac0e365e77efc3bc533ec9a","sha1":"3f1df0c55d3683599f2bd8f6fb720cde0678dd17","sha256":"6775409052137bc44f1c2ceaecd03c241af2ff46bdb77c421a34426d8fc55259"},"dob":{"date":"1981-09-17T19:17:31.080Z","age":42},"registered":{"date":"2005-12-30T01:43:50.705Z","age":18},"phone":"(56) 9553-8345","cell":"(93) 2462-9975","id":{"name":"CPF","value":"148.717.285-14"},"picture":{"large":"https://randomuser.me/api/portraits/men/21.jpg","medium":"https://randomuser.me/api/portraits/med/men/21.jpg","thumbnail":"https://randomuser.me/api/portraits/thumb/men/21.jpg"},"nat":"BR"}],"info":{"seed":"a20770909db680f8","results":1,"page":1,"version":"1.4"}} 
 </msg>
<msg time="2024-07-12T17:14:39.199086" level="INFO">/opt/hostedtoolcache/Python/3.12.4/x64/lib/python3.12/site-packages/urllib3/connectionpool.py:1099: InsecureRequestWarning: Unverified HTTPS request is being made to host 'randomuser.me'. Adding certificate verification is strongly advised. See: https://urllib3.readthedocs.io/en/latest/advanced-usage.html#tls-warnings
  warnings.warn(</msg>
<msg time="2024-07-12T17:14:39.199229" level="INFO">${response} = &lt;Response [200]&gt;</msg>
<var>${response}</var>
<arg>consultarAPI</arg>
<arg>/api</arg>
<doc>Sends a GET request on a previously created HTTP Session.</doc>
<status status="PASS" start="2024-07-12T17:14:39.103477" elapsed="0.095806"/>
</kw>
<kw name="Set Variable" owner="BuiltIn">
<msg time="2024-07-12T17:14:39.200318" level="INFO">${json_data} = {'results': [{'gender': 'male', 'name': {'title': 'Mr', 'first': 'Rudolfo', 'last': 'Cavalcanti'}, 'location': {'street': {'number': 5117, 'name': 'Rua Dois'}, 'city': 'Juiz de Fora', 'state': 'Ceará'...</msg>
<var>${json_data}</var>
<arg>${response.json()}</arg>
<doc>Returns the given values which can then be assigned to a variables.</doc>
<status status="PASS" start="2024-07-12T17:14:39.199759" elapsed="0.000588"/>
</kw>
<kw name="Log" owner="BuiltIn">
<msg time="2024-07-12T17:14:39.200812" level="INFO">{'results': [{'gender': 'male', 'name': {'title': 'Mr', 'first': 'Rudolfo', 'last': 'Cavalcanti'}, 'location': {'street': {'number': 5117, 'name': 'Rua Dois'}, 'city': 'Juiz de Fora', 'state': 'Ceará', 'country': 'Brazil', 'postcode': 46158, 'coordinates': {'latitude': '-75.5358', 'longitude': '-122.1804'}, 'timezone': {'offset': '-7:00', 'description': 'Mountain Time (US &amp; Canada)'}}, 'email': 'rudolfo.cavalcanti@example.com', 'login': {'uuid': 'd2384726-8b82-4034-92c1-ea2389f885e5', 'username': 'silverbird924', 'password': 'better', 'salt': 'FSFjbpte', 'md5': '36df330b5ac0e365e77efc3bc533ec9a', 'sha1': '3f1df0c55d3683599f2bd8f6fb720cde0678dd17', 'sha256': '6775409052137bc44f1c2ceaecd03c241af2ff46bdb77c421a34426d8fc55259'}, 'dob': {'date': '1981-09-17T19:17:31.080Z', 'age': 42}, 'registered': {'date': '2005-12-30T01:43:50.705Z', 'age': 18}, 'phone': '(56) 9553-8345', 'cell': '(93) 2462-9975', 'id': {'name': 'CPF', 'value': '148.717.285-14'}, 'picture': {'large': 'https://randomuser.me/api/portraits/men/21.jpg', 'medium': 'https://randomuser.me/api/portraits/med/men/21.jpg', 'thumbnail': 'https://randomuser.me/api/portraits/thumb/men/21.jpg'}, 'nat': 'BR'}], 'info': {'seed': 'a20770909db680f8', 'results': 1, 'page': 1, 'version': '1.4'}}</msg>
<arg>${json_data}</arg>
<doc>Logs the given message with the given level.</doc>
<status status="PASS" start="2024-07-12T17:14:39.200655" elapsed="0.000209"/>
</kw>
<kw name="Dictionary Should Contain Key" owner="Collections">
<arg>${json_data}</arg>
<arg>results</arg>
<doc>Fails if ``key`` is not found from ``dictionary``.</doc>
<status status="PASS" start="2024-07-12T17:14:39.201151" elapsed="0.000160"/>
</kw>
<kw name="Should Not Be Empty" owner="BuiltIn">
<msg time="2024-07-12T17:14:39.201616" level="INFO">Length is 2.</msg>
<arg>${json_data}</arg>
<doc>Verifies that the given item is not empty.</doc>
<status status="PASS" start="2024-07-12T17:14:39.201489" elapsed="0.000164"/>
</kw>
<kw name="Create List" owner="BuiltIn">
<msg time="2024-07-12T17:14:39.202121" level="INFO">${expected_keys} = ['gender', 'name', 'location', 'email', 'login']</msg>
<var>${expected_keys}</var>
<arg>gender</arg>
<arg>name</arg>
<arg>location</arg>
<arg>email</arg>
<arg>login</arg>
<doc>Returns a list containing given items.</doc>
<status status="PASS" start="2024-07-12T17:14:39.201941" elapsed="0.000205"/>
</kw>
<for flavor="IN">
<iter>
<kw name="Dictionary Should Contain Key" owner="Collections">
<arg>${json_data['results'][0]}</arg>
<arg>${key}</arg>
<doc>Fails if ``key`` is not found from ``dictionary``.</doc>
<status status="PASS" start="2024-07-12T17:14:39.202849" elapsed="0.000396"/>
</kw>
<kw name="Log" owner="BuiltIn">
<msg time="2024-07-12T17:14:39.203786" level="INFO">{'gender': 'male', 'name': {'title': 'Mr', 'first': 'Rudolfo', 'last': 'Cavalcanti'}, 'location': {'street': {'number': 5117, 'name': 'Rua Dois'}, 'city': 'Juiz de Fora', 'state': 'Ceará', 'country': 'Brazil', 'postcode': 46158, 'coordinates': {'latitude': '-75.5358', 'longitude': '-122.1804'}, 'timezone': {'offset': '-7:00', 'description': 'Mountain Time (US &amp; Canada)'}}, 'email': 'rudolfo.cavalcanti@example.com', 'login': {'uuid': 'd2384726-8b82-4034-92c1-ea2389f885e5', 'username': 'silverbird924', 'password': 'better', 'salt': 'FSFjbpte', 'md5': '36df330b5ac0e365e77efc3bc533ec9a', 'sha1': '3f1df0c55d3683599f2bd8f6fb720cde0678dd17', 'sha256': '6775409052137bc44f1c2ceaecd03c241af2ff46bdb77c421a34426d8fc55259'}, 'dob': {'date': '1981-09-17T19:17:31.080Z', 'age': 42}, 'registered': {'date': '2005-12-30T01:43:50.705Z', 'age': 18}, 'phone': '(56) 9553-8345', 'cell': '(93) 2462-9975', 'id': {'name': 'CPF', 'value': '148.717.285-14'}, 'picture': {'large': 'https://randomuser.me/api/portraits/men/21.jpg', 'medium': 'https://randomuser.me/api/portraits/med/men/21.jpg', 'thumbnail': 'https://randomuser.me/api/portraits/thumb/men/21.jpg'}, 'nat': 'BR'}</msg>
<arg>${json_data['results'][0]}</arg>
<doc>Logs the given message with the given level.</doc>
<status status="PASS" start="2024-07-12T17:14:39.203434" elapsed="0.000405"/>
</kw>
<kw name="Log" owner="BuiltIn">
<msg time="2024-07-12T17:14:39.204260" level="INFO">gender</msg>
<arg>${key}</arg>
<doc>Logs the given message with the given level.</doc>
<status status="PASS" start="2024-07-12T17:14:39.204134" elapsed="0.000162"/>
</kw>
<var name="${key}">gender</var>
<status status="PASS" start="2024-07-12T17:14:39.202727" elapsed="0.001781"/>
</iter>
<iter>
<kw name="Dictionary Should Contain Key" owner="Collections">
<arg>${json_data['results'][0]}</arg>
<arg>${key}</arg>
<doc>Fails if ``key`` is not found from ``dictionary``.</doc>
<status status="PASS" start="2024-07-12T17:14:39.204805" elapsed="0.000391"/>
</kw>
<kw name="Log" owner="BuiltIn">
<msg time="2024-07-12T17:14:39.205723" level="INFO">{'gender': 'male', 'name': {'title': 'Mr', 'first': 'Rudolfo', 'last': 'Cavalcanti'}, 'location': {'street': {'number': 5117, 'name': 'Rua Dois'}, 'city': 'Juiz de Fora', 'state': 'Ceará', 'country': 'Brazil', 'postcode': 46158, 'coordinates': {'latitude': '-75.5358', 'longitude': '-122.1804'}, 'timezone': {'offset': '-7:00', 'description': 'Mountain Time (US &amp; Canada)'}}, 'email': 'rudolfo.cavalcanti@example.com', 'login': {'uuid': 'd2384726-8b82-4034-92c1-ea2389f885e5', 'username': 'silverbird924', 'password': 'better', 'salt': 'FSFjbpte', 'md5': '36df330b5ac0e365e77efc3bc533ec9a', 'sha1': '3f1df0c55d3683599f2bd8f6fb720cde0678dd17', 'sha256': '6775409052137bc44f1c2ceaecd03c241af2ff46bdb77c421a34426d8fc55259'}, 'dob': {'date': '1981-09-17T19:17:31.080Z', 'age': 42}, 'registered': {'date': '2005-12-30T01:43:50.705Z', 'age': 18}, 'phone': '(56) 9553-8345', 'cell': '(93) 2462-9975', 'id': {'name': 'CPF', 'value': '148.717.285-14'}, 'picture': {'large': 'https://randomuser.me/api/portraits/men/21.jpg', 'medium': 'https://randomuser.me/api/portraits/med/men/21.jpg', 'thumbnail': 'https://randomuser.me/api/portraits/thumb/men/21.jpg'}, 'nat': 'BR'}</msg>
<arg>${json_data['results'][0]}</arg>
<doc>Logs the given message with the given level.</doc>
<status status="PASS" start="2024-07-12T17:14:39.205375" elapsed="0.000433"/>
</kw>
<kw name="Log" owner="BuiltIn">
<msg time="2024-07-12T17:14:39.206263" level="INFO">name</msg>
<arg>${key}</arg>
<doc>Logs the given message with the given level.</doc>
<status status="PASS" start="2024-07-12T17:14:39.206136" elapsed="0.000164"/>
</kw>
<var name="${key}">name</var>
<status status="PASS" start="2024-07-12T17:14:39.204689" elapsed="0.001824"/>
</iter>
<iter>
<kw name="Dictionary Should Contain Key" owner="Collections">
<arg>${json_data['results'][0]}</arg>
<arg>${key}</arg>
<doc>Fails if ``key`` is not found from ``dictionary``.</doc>
<status status="PASS" start="2024-07-12T17:14:39.206794" elapsed="0.000373"/>
</kw>
<kw name="Log" owner="BuiltIn">
<msg time="2024-07-12T17:14:39.207697" level="INFO">{'gender': 'male', 'name': {'title': 'Mr', 'first': 'Rudolfo', 'last': 'Cavalcanti'}, 'location': {'street': {'number': 5117, 'name': 'Rua Dois'}, 'city': 'Juiz de Fora', 'state': 'Ceará', 'country': 'Brazil', 'postcode': 46158, 'coordinates': {'latitude': '-75.5358', 'longitude': '-122.1804'}, 'timezone': {'offset': '-7:00', 'description': 'Mountain Time (US &amp; Canada)'}}, 'email': 'rudolfo.cavalcanti@example.com', 'login': {'uuid': 'd2384726-8b82-4034-92c1-ea2389f885e5', 'username': 'silverbird924', 'password': 'better', 'salt': 'FSFjbpte', 'md5': '36df330b5ac0e365e77efc3bc533ec9a', 'sha1': '3f1df0c55d3683599f2bd8f6fb720cde0678dd17', 'sha256': '6775409052137bc44f1c2ceaecd03c241af2ff46bdb77c421a34426d8fc55259'}, 'dob': {'date': '1981-09-17T19:17:31.080Z', 'age': 42}, 'registered': {'date': '2005-12-30T01:43:50.705Z', 'age': 18}, 'phone': '(56) 9553-8345', 'cell': '(93) 2462-9975', 'id': {'name': 'CPF', 'value': '148.717.285-14'}, 'picture': {'large': 'https://randomuser.me/api/portraits/men/21.jpg', 'medium': 'https://randomuser.me/api/portraits/med/men/21.jpg', 'thumbnail': 'https://randomuser.me/api/portraits/thumb/men/21.jpg'}, 'nat': 'BR'}</msg>
<arg>${json_data['results'][0]}</arg>
<doc>Logs the given message with the given level.</doc>
<status status="PASS" start="2024-07-12T17:14:39.207346" elapsed="0.000402"/>
</kw>
<kw name="Log" owner="BuiltIn">
<msg time="2024-07-12T17:14:39.208170" level="INFO">location</msg>
<arg>${key}</arg>
<doc>Logs the given message with the given level.</doc>
<status status="PASS" start="2024-07-12T17:14:39.208046" elapsed="0.000161"/>
</kw>
<var name="${key}">location</var>
<status status="PASS" start="2024-07-12T17:14:39.206686" elapsed="0.001731"/>
</iter>
<iter>
<kw name="Dictionary Should Contain Key" owner="Collections">
<arg>${json_data['results'][0]}</arg>
<arg>${key}</arg>
<doc>Fails if ``key`` is not found from ``dictionary``.</doc>
<status status="PASS" start="2024-07-12T17:14:39.208690" elapsed="0.000385"/>
</kw>
<kw name="Log" owner="BuiltIn">
<msg time="2024-07-12T17:14:39.209610" level="INFO">{'gender': 'male', 'name': {'title': 'Mr', 'first': 'Rudolfo', 'last': 'Cavalcanti'}, 'location': {'street': {'number': 5117, 'name': 'Rua Dois'}, 'city': 'Juiz de Fora', 'state': 'Ceará', 'country': 'Brazil', 'postcode': 46158, 'coordinates': {'latitude': '-75.5358', 'longitude': '-122.1804'}, 'timezone': {'offset': '-7:00', 'description': 'Mountain Time (US &amp; Canada)'}}, 'email': 'rudolfo.cavalcanti@example.com', 'login': {'uuid': 'd2384726-8b82-4034-92c1-ea2389f885e5', 'username': 'silverbird924', 'password': 'better', 'salt': 'FSFjbpte', 'md5': '36df330b5ac0e365e77efc3bc533ec9a', 'sha1': '3f1df0c55d3683599f2bd8f6fb720cde0678dd17', 'sha256': '6775409052137bc44f1c2ceaecd03c241af2ff46bdb77c421a34426d8fc55259'}, 'dob': {'date': '1981-09-17T19:17:31.080Z', 'age': 42}, 'registered': {'date': '2005-12-30T01:43:50.705Z', 'age': 18}, 'phone': '(56) 9553-8345', 'cell': '(93) 2462-9975', 'id': {'name': 'CPF', 'value': '148.717.285-14'}, 'picture': {'large': 'https://randomuser.me/api/portraits/men/21.jpg', 'medium': 'https://randomuser.me/api/portraits/med/men/21.jpg', 'thumbnail': 'https://randomuser.me/api/portraits/thumb/men/21.jpg'}, 'nat': 'BR'}</msg>
<arg>${json_data['results'][0]}</arg>
<doc>Logs the given message with the given level.</doc>
<status status="PASS" start="2024-07-12T17:14:39.209259" elapsed="0.000402"/>
</kw>
<kw name="Log" owner="BuiltIn">
<msg time="2024-07-12T17:14:39.210109" level="INFO">email</msg>
<arg>${key}</arg>
<doc>Logs the given message with the given level.</doc>
<status status="PASS" start="2024-07-12T17:14:39.209951" elapsed="0.000197"/>
</kw>
<var name="${key}">email</var>
<status status="PASS" start="2024-07-12T17:14:39.208585" elapsed="0.001785"/>
</iter>
<iter>
<kw name="Dictionary Should Contain Key" owner="Collections">
<arg>${json_data['results'][0]}</arg>
<arg>${key}</arg>
<doc>Fails if ``key`` is not found from ``dictionary``.</doc>
<status status="PASS" start="2024-07-12T17:14:39.210650" elapsed="0.000385"/>
</kw>
<kw name="Log" owner="BuiltIn">
<msg time="2024-07-12T17:14:39.211567" level="INFO">{'gender': 'male', 'name': {'title': 'Mr', 'first': 'Rudolfo', 'last': 'Cavalcanti'}, 'location': {'street': {'number': 5117, 'name': 'Rua Dois'}, 'city': 'Juiz de Fora', 'state': 'Ceará', 'country': 'Brazil', 'postcode': 46158, 'coordinates': {'latitude': '-75.5358', 'longitude': '-122.1804'}, 'timezone': {'offset': '-7:00', 'description': 'Mountain Time (US &amp; Canada)'}}, 'email': 'rudolfo.cavalcanti@example.com', 'login': {'uuid': 'd2384726-8b82-4034-92c1-ea2389f885e5', 'username': 'silverbird924', 'password': 'better', 'salt': 'FSFjbpte', 'md5': '36df330b5ac0e365e77efc3bc533ec9a', 'sha1': '3f1df0c55d3683599f2bd8f6fb720cde0678dd17', 'sha256': '6775409052137bc44f1c2ceaecd03c241af2ff46bdb77c421a34426d8fc55259'}, 'dob': {'date': '1981-09-17T19:17:31.080Z', 'age': 42}, 'registered': {'date': '2005-12-30T01:43:50.705Z', 'age': 18}, 'phone': '(56) 9553-8345', 'cell': '(93) 2462-9975', 'id': {'name': 'CPF', 'value': '148.717.285-14'}, 'picture': {'large': 'https://randomuser.me/api/portraits/men/21.jpg', 'medium': 'https://randomuser.me/api/portraits/med/men/21.jpg', 'thumbnail': 'https://randomuser.me/api/portraits/thumb/men/21.jpg'}, 'nat': 'BR'}</msg>
<arg>${json_data['results'][0]}</arg>
<doc>Logs the given message with the given level.</doc>
<status status="PASS" start="2024-07-12T17:14:39.211213" elapsed="0.000405"/>
</kw>
<kw name="Log" owner="BuiltIn">
<msg time="2024-07-12T17:14:39.212031" level="INFO">login</msg>
<arg>${key}</arg>
<doc>Logs the given message with the given level.</doc>
<status status="PASS" start="2024-07-12T17:14:39.211907" elapsed="0.000161"/>
</kw>
<var name="${key}">login</var>
<status status="PASS" start="2024-07-12T17:14:39.210539" elapsed="0.001746"/>
</iter>
<var>${key}</var>
<value>@{expected_keys}</value>
<status status="PASS" start="2024-07-12T17:14:39.202543" elapsed="0.009860"/>
</for>
<kw name="Create List" owner="BuiltIn">
<msg time="2024-07-12T17:14:39.212718" level="INFO">${expected_keysTwo} = ['username', 'password']</msg>
<var>${expected_keysTwo}</var>
<arg>username</arg>
<arg>password</arg>
<doc>Returns a list containing given items.</doc>
<status status="PASS" start="2024-07-12T17:14:39.212587" elapsed="0.000185"/>
</kw>
<for flavor="IN">
<iter>
<kw name="Dictionary Should Contain Key" owner="Collections">
<arg>${json_data['results'][0]['login']}</arg>
<arg>${keyTwo}</arg>
<doc>Fails if ``key`` is not found from ``dictionary``.</doc>
<status status="PASS" start="2024-07-12T17:14:39.213265" elapsed="0.000387"/>
</kw>
<kw name="Dictionary Should Contain Key" owner="Collections">
<arg>${json_data['results'][0]['login']}</arg>
<arg>${keyTwo}</arg>
<doc>Fails if ``key`` is not found from ``dictionary``.</doc>
<status status="PASS" start="2024-07-12T17:14:39.213832" elapsed="0.000423"/>
</kw>
<kw name="Log" owner="BuiltIn">
<msg time="2024-07-12T17:14:39.214583" level="INFO">username</msg>
<arg>${keyTwo}</arg>
<doc>Logs the given message with the given level.</doc>
<status status="PASS" start="2024-07-12T17:14:39.214440" elapsed="0.000188"/>
</kw>
<var name="${keyTwo}">username</var>
<status status="PASS" start="2024-07-12T17:14:39.213161" elapsed="0.001698"/>
</iter>
<iter>
<kw name="Dictionary Should Contain Key" owner="Collections">
<arg>${json_data['results'][0]['login']}</arg>
<arg>${keyTwo}</arg>
<doc>Fails if ``key`` is not found from ``dictionary``.</doc>
<status status="PASS" start="2024-07-12T17:14:39.215144" elapsed="0.000382"/>
</kw>
<kw name="Dictionary Should Contain Key" owner="Collections">
<arg>${json_data['results'][0]['login']}</arg>
<arg>${keyTwo}</arg>
<doc>Fails if ``key`` is not found from ``dictionary``.</doc>
<status status="PASS" start="2024-07-12T17:14:39.215700" elapsed="0.000377"/>
</kw>
<kw name="Log" owner="BuiltIn">
<msg time="2024-07-12T17:14:39.216376" level="INFO">password</msg>
<arg>${keyTwo}</arg>
<doc>Logs the given message with the given level.</doc>
<status status="PASS" start="2024-07-12T17:14:39.216259" elapsed="0.000167"/>
</kw>
<var name="${keyTwo}">password</var>
<status status="PASS" start="2024-07-12T17:14:39.215038" elapsed="0.001607"/>
</iter>
<var>${keyTwo}</var>
<value>@{expected_keysTwo}</value>
<status status="PASS" start="2024-07-12T17:14:39.213012" elapsed="0.003752"/>
</for>
<status status="PASS" start="2024-07-12T17:14:39.103253" elapsed="0.113671"/>
</kw>
<doc>Testa a estrutura da resposta da API.</doc>
<tag>testeEstruturaResposta</tag>
<status status="PASS" start="2024-07-12T17:14:39.102781" elapsed="0.114325"/>
</test>
<test id="s1-s1-t4" name="Validar tipos de dados" line="28">
<kw name="Teste de Tipos de Dados" owner="random-user-service">
<kw name="GET On Session" owner="RequestsLibrary">
<msg time="2024-07-12T17:14:39.298111" level="INFO">GET Request : url=https://randomuser.me/api 
 path_url=/api 
 headers={'User-Agent': 'python-requests/2.32.3', 'Accept-Encoding': 'gzip, deflate', 'Accept': '*/*', 'Connection': 'keep-alive'} 
 body=None 
 </msg>
<msg time="2024-07-12T17:14:39.298193" level="INFO">GET Response : url=https://randomuser.me/api 
 status=200, reason=OK 
 headers={'Date': 'Fri, 12 Jul 2024 17:14:39 GMT', 'Content-Type': 'application/json; charset=utf-8', 'Transfer-Encoding': 'chunked', 'Connection': 'keep-alive', 'X-Powered-By': 'Express', 'Access-Control-Allow-Origin': '*', 'Cache-Control': 'no-cache', 'ETag': 'W/"49d-u2VBTCubnzl1nBgW+NNTTBuUrGo"', 'Vary': 'Accept-Encoding', 'Content-Encoding': 'gzip', 'CF-Cache-Status': 'DYNAMIC', 'Report-To': '{"endpoints":[{"url":"https:\\/\\/a.nel.cloudflare.com\\/report\\/v4?s=d7F%2F4de5rL53vdT4s5YrKE6LxfB2e0RGe4iCgWhMfuohcXX3R6rTsq8rD06ZT7IH%2BOf5xLahHx5UX%2BXkrV6a9ushMD5Np79R2%2BZrQSWo6bhTsHuoyLef6hYBTEKdnhKb"}],"group":"cf-nel","max_age":604800}', 'NEL': '{"success_fraction":0,"report_to":"cf-nel","max_age":604800}', 'Server': 'cloudflare', 'CF-RAY': '8a22abbb2989879b-IAD', 'alt-svc': 'h3=":443"; ma=86400'} 
 body={"results":[{"gender":"male","name":{"title":"Mr","first":"Wessel","last":"Beeftink"},"location":{"street":{"number":7881,"name":"Frank Doucettestraat"},"city":"Gendt","state":"Limburg","country":"Netherlands","postcode":"6143 KW","coordinates":{"latitude":"36.9314","longitude":"-91.2016"},"timezone":{"offset":"+8:00","description":"Beijing, Perth, Singapore, Hong Kong"}},"email":"wessel.beeftink@example.com","login":{"uuid":"f0dc847e-6d8f-4620-afac-ee6d5e0668e1","username":"purplerabbit888","password":"vh5150","salt":"AYF7xjbN","md5":"9cb11d09e756d852eba2741135541527","sha1":"db9a422f34f55a75f7db15a2f2b934352060acfc","sha256":"2a2bebe23e7656202b1b6d16402cb4680d52b2e692dd3a5eb49f197cb34a5fac"},"dob":{"date":"1997-01-02T18:01:24.827Z","age":27},"registered":{"date":"2009-12-14T15:45:38.758Z","age":14},"phone":"(038) 0445902","cell":"(06) 34519756","id":{"name":"BSN","value":"67019379"},"picture":{"large":"https://randomuser.me/api/portraits/men/84.jpg","medium":"https://randomuser.me/api/portraits/med/men/84.jpg","thumbnail":"https://randomuser.me/api/portraits/thumb/men/84.jpg"},"nat":"NL"}],"info":{"seed":"b90a8caafab65c17","results":1,"page":1,"version":"1.4"}} 
 </msg>
<msg time="2024-07-12T17:14:39.298266" level="INFO">/opt/hostedtoolcache/Python/3.12.4/x64/lib/python3.12/site-packages/urllib3/connectionpool.py:1099: InsecureRequestWarning: Unverified HTTPS request is being made to host 'randomuser.me'. Adding certificate verification is strongly advised. See: https://urllib3.readthedocs.io/en/latest/advanced-usage.html#tls-warnings
  warnings.warn(</msg>
<msg time="2024-07-12T17:14:39.298388" level="INFO">${response} = &lt;Response [200]&gt;</msg>
<var>${response}</var>
<arg>consultarAPI</arg>
<arg>/api</arg>
<doc>Sends a GET request on a previously created HTTP Session.</doc>
<status status="PASS" start="2024-07-12T17:14:39.219851" elapsed="0.078589"/>
</kw>
<kw name="Set Variable" owner="BuiltIn">
<msg time="2024-07-12T17:14:39.299421" level="INFO">${json_data} = {'results': [{'gender': 'male', 'name': {'title': 'Mr', 'first': 'Wessel', 'last': 'Beeftink'}, 'location': {'street': {'number': 7881, 'name': 'Frank Doucettestraat'}, 'city': 'Gendt', 'state': 'Limb...</msg>
<var>${json_data}</var>
<arg>${response.json()}</arg>
<doc>Returns the given values which can then be assigned to a variables.</doc>
<status status="PASS" start="2024-07-12T17:14:39.298873" elapsed="0.000576"/>
</kw>
<kw name="Log" owner="BuiltIn">
<msg time="2024-07-12T17:14:39.299898" level="INFO">{'results': [{'gender': 'male', 'name': {'title': 'Mr', 'first': 'Wessel', 'last': 'Beeftink'}, 'location': {'street': {'number': 7881, 'name': 'Frank Doucettestraat'}, 'city': 'Gendt', 'state': 'Limburg', 'country': 'Netherlands', 'postcode': '6143 KW', 'coordinates': {'latitude': '36.9314', 'longitude': '-91.2016'}, 'timezone': {'offset': '+8:00', 'description': 'Beijing, Perth, Singapore, Hong Kong'}}, 'email': 'wessel.beeftink@example.com', 'login': {'uuid': 'f0dc847e-6d8f-4620-afac-ee6d5e0668e1', 'username': 'purplerabbit888', 'password': 'vh5150', 'salt': 'AYF7xjbN', 'md5': '9cb11d09e756d852eba2741135541527', 'sha1': 'db9a422f34f55a75f7db15a2f2b934352060acfc', 'sha256': '2a2bebe23e7656202b1b6d16402cb4680d52b2e692dd3a5eb49f197cb34a5fac'}, 'dob': {'date': '1997-01-02T18:01:24.827Z', 'age': 27}, 'registered': {'date': '2009-12-14T15:45:38.758Z', 'age': 14}, 'phone': '(038) 0445902', 'cell': '(06) 34519756', 'id': {'name': 'BSN', 'value': '67019379'}, 'picture': {'large': 'https://randomuser.me/api/portraits/men/84.jpg', 'medium': 'https://randomuser.me/api/portraits/med/men/84.jpg', 'thumbnail': 'https://randomuser.me/api/portraits/thumb/men/84.jpg'}, 'nat': 'NL'}], 'info': {'seed': 'b90a8caafab65c17', 'results': 1, 'page': 1, 'version': '1.4'}}</msg>
<arg>${json_data}</arg>
<doc>Logs the given message with the given level.</doc>
<status status="PASS" start="2024-07-12T17:14:39.299752" elapsed="0.000193"/>
</kw>
<kw name="Should Be String" owner="String">
<arg>${json_data['results'][0]['gender']}</arg>
<doc>Fails if the given ``item`` is not a string.</doc>
<status status="PASS" start="2024-07-12T17:14:39.300228" elapsed="0.000357"/>
</kw>
<kw name="Should Match Regexp" owner="BuiltIn">
<arg>${json_data['results'][0]['email']}</arg>
<arg>^[a-zA-Z0-9._%+-]+@[a-zA-Z0-9.-]+\.[a-zA-Z]{2,}$</arg>
<doc>Fails if ``string`` does not match ``pattern`` as a regular expression.</doc>
<status status="PASS" start="2024-07-12T17:14:39.300768" elapsed="0.000542"/>
</kw>
<kw name="Should Match Regexp" owner="BuiltIn">
<arg>${json_data['results'][0]['dob']['date']}</arg>
<arg>\\d{4}-\\d{2}-\\d{2}T\\d{2}:\\d{2}:\\d{2}\\.\\d{3}Z</arg>
<doc>Fails if ``string`` does not match ``pattern`` as a regular expression.</doc>
<status status="PASS" start="2024-07-12T17:14:39.301506" elapsed="0.000499"/>
</kw>
<kw name="Should Match Regexp" owner="BuiltIn">
<arg>${json_data['results'][0]['registered']['date']}</arg>
<arg>\\d{4}-\\d{2}-\\d{2}T\\d{2}:\\d{2}:\\d{2}\\.\\d{3}Z</arg>
<doc>Fails if ``string`` does not match ``pattern`` as a regular expression.</doc>
<status status="PASS" start="2024-07-12T17:14:39.302233" elapsed="0.000366"/>
</kw>
<kw name="Should Match Regexp" owner="BuiltIn">
<arg>${json_data['results'][0]['picture']['large']}</arg>
<arg>^https?://.*\.(?:png|jpe?g|gif|bmp)$</arg>
<doc>Fails if ``string`` does not match ``pattern`` as a regular expression.</doc>
<status status="PASS" start="2024-07-12T17:14:39.302783" elapsed="0.000486"/>
</kw>
<kw name="Should Match Regexp" owner="BuiltIn">
<arg>${json_data['results'][0]['picture']['medium']}</arg>
<arg>^https?://.*\.(?:png|jpe?g|gif|bmp)$</arg>
<doc>Fails if ``string`` does not match ``pattern`` as a regular expression.</doc>
<status status="PASS" start="2024-07-12T17:14:39.303454" elapsed="0.000349"/>
</kw>
<kw name="Should Match Regexp" owner="BuiltIn">
<arg>${json_data['results'][0]['picture']['thumbnail']}</arg>
<arg>^https?://.*\.(?:png|jpe?g|gif|bmp)$</arg>
<doc>Fails if ``string`` does not match ``pattern`` as a regular expression.</doc>
<status status="PASS" start="2024-07-12T17:14:39.303982" elapsed="0.000342"/>
</kw>
<kw name="Log" owner="BuiltIn">
<msg time="2024-07-12T17:14:39.304828" level="INFO">{'large': 'https://randomuser.me/api/portraits/men/84.jpg', 'medium': 'https://randomuser.me/api/portraits/med/men/84.jpg', 'thumbnail': 'https://randomuser.me/api/portraits/thumb/men/84.jpg'}</msg>
<arg>${json_data['results'][0]['picture']}</arg>
<doc>Logs the given message with the given level.</doc>
<status status="PASS" start="2024-07-12T17:14:39.304505" elapsed="0.000364"/>
</kw>
<status status="PASS" start="2024-07-12T17:14:39.219617" elapsed="0.085500"/>
</kw>
<kw name="Teste de Tipos de Dados - Postcode" owner="random-user-service">
<kw name="GET On Session" owner="RequestsLibrary">
<msg time="2024-07-12T17:14:39.398069" level="INFO">GET Request : url=https://randomuser.me/api 
 path_url=/api 
 headers={'User-Agent': 'python-requests/2.32.3', 'Accept-Encoding': 'gzip, deflate', 'Accept': '*/*', 'Connection': 'keep-alive'} 
 body=None 
 </msg>
<msg time="2024-07-12T17:14:39.398156" level="INFO">GET Response : url=https://randomuser.me/api 
 status=200, reason=OK 
 headers={'Date': 'Fri, 12 Jul 2024 17:14:39 GMT', 'Content-Type': 'application/json; charset=utf-8', 'Transfer-Encoding': 'chunked', 'Connection': 'keep-alive', 'X-Powered-By': 'Express', 'Access-Control-Allow-Origin': '*', 'Cache-Control': 'no-cache', 'ETag': 'W/"497-zyEmNRKfkWiG7VY8y7uGQ8IACQM"', 'Vary': 'Accept-Encoding', 'Content-Encoding': 'gzip', 'CF-Cache-Status': 'DYNAMIC', 'Report-To': '{"endpoints":[{"url":"https:\\/\\/a.nel.cloudflare.com\\/report\\/v4?s=kFltFHcCD%2BVtGTgKAM0x6DVPUX2P4bGs8p0DjG6OyqRsUBv5inV2MJ60iRmx2RsxPlA11%2BuAtC4x9SE0mumXdV%2Fla%2F8kvxupRPpeMYa1phccmVdhelsMAV%2Fu76agwGt7"}],"group":"cf-nel","max_age":604800}', 'NEL': '{"success_fraction":0,"report_to":"cf-nel","max_age":604800}', 'Server': 'cloudflare', 'CF-RAY': '8a22abbbaae6879b-IAD', 'alt-svc': 'h3=":443"; ma=86400'} 
 body={"results":[{"gender":"female","name":{"title":"Ms","first":"Isabela","last":"Mateo"},"location":{"street":{"number":2635,"name":"Peatonal Arreola"},"city":"Tequila","state":"Coahuila","country":"Mexico","postcode":10833,"coordinates":{"latitude":"26.4220","longitude":"61.4791"},"timezone":{"offset":"-8:00","description":"Pacific Time (US &amp; Canada)"}},"email":"isabela.mateo@example.com","login":{"uuid":"88b24be3-0f21-484d-8bcf-8cd8d8c355b4","username":"yellowleopard813","password":"secrets","salt":"9jfHsZqU","md5":"6140d4b71b11aa02ff0315d0c00553bb","sha1":"e9f5a6a118e386a756d9a36690ac1ceb65c9fd39","sha256":"53a4e4a6ded0fdc48ddb35abd9659539b4f3d665172dcacfe4a12309666c051d"},"dob":{"date":"1994-02-17T17:38:29.275Z","age":30},"registered":{"date":"2012-08-05T12:26:21.499Z","age":11},"phone":"(657) 233 7218","cell":"(622) 788 2334","id":{"name":"NSS","value":"40 25 57 7388 1"},"picture":{"large":"https://randomuser.me/api/portraits/women/80.jpg","medium":"https://randomuser.me/api/portraits/med/women/80.jpg","thumbnail":"https://randomuser.me/api/portraits/thumb/women/80.jpg"},"nat":"MX"}],"info":{"seed":"01501ab78240f99e","results":1,"page":1,"version":"1.4"}} 
 </msg>
<msg time="2024-07-12T17:14:39.398230" level="INFO">/opt/hostedtoolcache/Python/3.12.4/x64/lib/python3.12/site-packages/urllib3/connectionpool.py:1099: InsecureRequestWarning: Unverified HTTPS request is being made to host 'randomuser.me'. Adding certificate verification is strongly advised. See: https://urllib3.readthedocs.io/en/latest/advanced-usage.html#tls-warnings
  warnings.warn(</msg>
<msg time="2024-07-12T17:14:39.398341" level="INFO">${response} = &lt;Response [200]&gt;</msg>
<var>${response}</var>
<arg>consultarAPI</arg>
<arg>/api</arg>
<doc>Sends a GET request on a previously created HTTP Session.</doc>
<status status="PASS" start="2024-07-12T17:14:39.305528" elapsed="0.092867"/>
</kw>
<kw name="Set Variable" owner="BuiltIn">
<msg time="2024-07-12T17:14:39.399472" level="INFO">${json_data} = {'results': [{'gender': 'female', 'name': {'title': 'Ms', 'first': 'Isabela', 'last': 'Mateo'}, 'location': {'street': {'number': 2635, 'name': 'Peatonal Arreola'}, 'city': 'Tequila', 'state': 'Coahui...</msg>
<var>${json_data}</var>
<arg>${response.json()}</arg>
<doc>Returns the given values which can then be assigned to a variables.</doc>
<status status="PASS" start="2024-07-12T17:14:39.398911" elapsed="0.000589"/>
</kw>
<kw name="Log" owner="BuiltIn">
<msg time="2024-07-12T17:14:39.399951" level="INFO">{'results': [{'gender': 'female', 'name': {'title': 'Ms', 'first': 'Isabela', 'last': 'Mateo'}, 'location': {'street': {'number': 2635, 'name': 'Peatonal Arreola'}, 'city': 'Tequila', 'state': 'Coahuila', 'country': 'Mexico', 'postcode': 10833, 'coordinates': {'latitude': '26.4220', 'longitude': '61.4791'}, 'timezone': {'offset': '-8:00', 'description': 'Pacific Time (US &amp; Canada)'}}, 'email': 'isabela.mateo@example.com', 'login': {'uuid': '88b24be3-0f21-484d-8bcf-8cd8d8c355b4', 'username': 'yellowleopard813', 'password': 'secrets', 'salt': '9jfHsZqU', 'md5': '6140d4b71b11aa02ff0315d0c00553bb', 'sha1': 'e9f5a6a118e386a756d9a36690ac1ceb65c9fd39', 'sha256': '53a4e4a6ded0fdc48ddb35abd9659539b4f3d665172dcacfe4a12309666c051d'}, 'dob': {'date': '1994-02-17T17:38:29.275Z', 'age': 30}, 'registered': {'date': '2012-08-05T12:26:21.499Z', 'age': 11}, 'phone': '(657) 233 7218', 'cell': '(622) 788 2334', 'id': {'name': 'NSS', 'value': '40 25 57 7388 1'}, 'picture': {'large': 'https://randomuser.me/api/portraits/women/80.jpg', 'medium': 'https://randomuser.me/api/portraits/med/women/80.jpg', 'thumbnail': 'https://randomuser.me/api/portraits/thumb/women/80.jpg'}, 'nat': 'MX'}], 'info': {'seed': '01501ab78240f99e', 'results': 1, 'page': 1, 'version': '1.4'}}</msg>
<arg>${json_data}</arg>
<doc>Logs the given message with the given level.</doc>
<status status="PASS" start="2024-07-12T17:14:39.399802" elapsed="0.000196"/>
</kw>
<kw name="Should Be Equal As Numbers" owner="BuiltIn">
<arg>${json_data['results'][0]['location']['postcode']}</arg>
<arg>${json_data['results'][0]['location']['postcode']}</arg>
<doc>Fails if objects are unequal after converting them to real numbers.</doc>
<status status="PASS" start="2024-07-12T17:14:39.400287" elapsed="0.000613"/>
</kw>
<kw name="Log" owner="BuiltIn">
<msg time="2024-07-12T17:14:39.401413" level="INFO">10833</msg>
<arg>${json_data['results'][0]['location']['postcode']}</arg>
<doc>Logs the given message with the given level.</doc>
<status status="PASS" start="2024-07-12T17:14:39.401083" elapsed="0.000402"/>
</kw>
<status status="PASS" start="2024-07-12T17:14:39.305319" elapsed="0.096416"/>
</kw>
<doc>Testa se os tipos de dados na resposta da API estão corretos.</doc>
<tag>testeTiposDados</tag>
<status status="PASS" start="2024-07-12T17:14:39.219013" elapsed="0.182875"/>
</test>
<test id="s1-s1-t5" name="Validar conteudo" line="35">
<kw name="Teste de Tipos de Conteudo" owner="random-user-service">
<kw name="GET On Session" owner="RequestsLibrary">
<msg time="2024-07-12T17:14:39.522145" level="INFO">GET Request : url=https://randomuser.me/api 
 path_url=/api 
 headers={'User-Agent': 'python-requests/2.32.3', 'Accept-Encoding': 'gzip, deflate', 'Accept': '*/*', 'Connection': 'keep-alive'} 
 body=None 
 </msg>
<msg time="2024-07-12T17:14:39.522229" level="INFO">GET Response : url=https://randomuser.me/api 
 status=200, reason=OK 
 headers={'Date': 'Fri, 12 Jul 2024 17:14:39 GMT', 'Content-Type': 'application/json; charset=utf-8', 'Transfer-Encoding': 'chunked', 'Connection': 'keep-alive', 'X-Powered-By': 'Express', 'Access-Control-Allow-Origin': '*', 'Cache-Control': 'no-cache', 'ETag': 'W/"491-PE2WRoqxtOm0hgPEUOsf1u7wCNM"', 'Vary': 'Accept-Encoding', 'Content-Encoding': 'gzip', 'CF-Cache-Status': 'DYNAMIC', 'Report-To': '{"endpoints":[{"url":"https:\\/\\/a.nel.cloudflare.com\\/report\\/v4?s=EDz15BXuzodpGjflr2zl%2BxE2V2z4EmSs%2BEbYx46J05Q%2FL8cELKLRUK0%2BQxWxLxablwaB%2BBTVFrwvtjBSPwB0EEaBOutjQnEgSjkprEGUMdfLeLXUhMs8TnL5PWRkU22R"}],"group":"cf-nel","max_age":604800}', 'NEL': '{"success_fraction":0,"report_to":"cf-nel","max_age":604800}', 'Server': 'cloudflare', 'CF-RAY': '8a22abbc4c2a879b-IAD', 'alt-svc': 'h3=":443"; ma=86400'} 
 body={"results":[{"gender":"male","name":{"title":"Mr","first":"Sénio","last":"Melo"},"location":{"street":{"number":9082,"name":"Rua Três"},"city":"Catanduva","state":"Pernambuco","country":"Brazil","postcode":67251,"coordinates":{"latitude":"-77.9570","longitude":"-167.8777"},"timezone":{"offset":"-4:00","description":"Atlantic Time (Canada), Caracas, La Paz"}},"email":"senio.melo@example.com","login":{"uuid":"e94ee39a-7a29-48b7-bc24-da04191531af","username":"blackfish855","password":"silent","salt":"ENlKFTBm","md5":"bb859cdff186b903f37783d1bd0a3073","sha1":"ddcef5dd8fde45db9ca04981653a9da800c0d631","sha256":"4c316b22119feaddad668c2d9cd98dccb5510bbfcf8fb532aa9dc593f3f6bd91"},"dob":{"date":"1982-10-23T18:08:37.417Z","age":41},"registered":{"date":"2003-01-12T04:46:53.256Z","age":21},"phone":"(06) 1321-6923","cell":"(19) 3939-3818","id":{"name":"CPF","value":"339.484.649-43"},"picture":{"large":"https://randomuser.me/api/portraits/men/27.jpg","medium":"https://randomuser.me/api/portraits/med/men/27.jpg","thumbnail":"https://randomuser.me/api/portraits/thumb/men/27.jpg"},"nat":"BR"}],"info":{"seed":"4dde61ace868b8ed","results":1,"page":1,"version":"1.4"}} 
 </msg>
<msg time="2024-07-12T17:14:39.522316" level="INFO">/opt/hostedtoolcache/Python/3.12.4/x64/lib/python3.12/site-packages/urllib3/connectionpool.py:1099: InsecureRequestWarning: Unverified HTTPS request is being made to host 'randomuser.me'. Adding certificate verification is strongly advised. See: https://urllib3.readthedocs.io/en/latest/advanced-usage.html#tls-warnings
  warnings.warn(</msg>
<msg time="2024-07-12T17:14:39.522425" level="INFO">${response} = &lt;Response [200]&gt;</msg>
<var>${response}</var>
<arg>consultarAPI</arg>
<arg>/api</arg>
<doc>Sends a GET request on a previously created HTTP Session.</doc>
<status status="PASS" start="2024-07-12T17:14:39.404489" elapsed="0.117978"/>
</kw>
<kw name="Set Variable" owner="BuiltIn">
<msg time="2024-07-12T17:14:39.523446" level="INFO">${json_data} = {'results': [{'gender': 'male', 'name': {'title': 'Mr', 'first': 'Sénio', 'last': 'Melo'}, 'location': {'street': {'number': 9082, 'name': 'Rua Três'}, 'city': 'Catanduva', 'state': 'Pernambuco', 'cou...</msg>
<var>${json_data}</var>
<arg>${response.json()}</arg>
<doc>Returns the given values which can then be assigned to a variables.</doc>
<status status="PASS" start="2024-07-12T17:14:39.523006" elapsed="0.000469"/>
</kw>
<kw name="Set Variable" owner="BuiltIn">
<msg time="2024-07-12T17:14:39.524145" level="INFO">${name_title} = Mr</msg>
<var>${name_title}</var>
<arg>${json_data["results"][0]["name"]["title"]}</arg>
<doc>Returns the given values which can then be assigned to a variables.</doc>
<status status="PASS" start="2024-07-12T17:14:39.523776" elapsed="0.000394"/>
</kw>
<kw name="Create List" owner="BuiltIn">
<msg time="2024-07-12T17:14:39.524612" level="INFO">${allowed_titles} = ['Mr', 'Ms', 'Miss', 'Mrs', 'Madame', 'Monsieur']</msg>
<var>${allowed_titles}</var>
<arg>Mr</arg>
<arg>Ms</arg>
<arg>Miss</arg>
<arg>Mrs</arg>
<arg>Madame</arg>
<arg>Monsieur</arg>
<doc>Returns a list containing given items.</doc>
<status status="PASS" start="2024-07-12T17:14:39.524465" elapsed="0.000171"/>
</kw>
<kw name="List Should Contain Value" owner="Collections">
<arg>${allowed_titles}</arg>
<arg>${name_title}</arg>
<doc>Fails if the ``value`` is not found from ``list``.</doc>
<status status="PASS" start="2024-07-12T17:14:39.524929" elapsed="0.000167"/>
</kw>
<kw name="Set Variable" owner="BuiltIn">
<msg time="2024-07-12T17:14:39.525632" level="INFO">${name_country} = BR</msg>
<var>${name_country}</var>
<arg>${json_data["results"][0]["nat"]}</arg>
<doc>Returns the given values which can then be assigned to a variables.</doc>
<status status="PASS" start="2024-07-12T17:14:39.525273" elapsed="0.000383"/>
</kw>
<kw name="Create List" owner="BuiltIn">
<msg time="2024-07-12T17:14:39.526575" level="INFO">${list_country} = ['AD', 'AE', 'AF', 'AG', 'AI', 'AL', 'AM', 'AO', 'AQ', 'AR', 'AS', 'AT', 'AU', 'AW', 'AX', 'AZ', 'BA', 'BB', 'BD', 'BE', 'BF', 'BG', 'BH', 'BI', 'BJ', 'BL', 'BM', 'BN', 'BO', 'BQ', 'BR', 'BS', 'BT', '...</msg>
<var>${list_country}</var>
<arg>AD</arg>
<arg>AE</arg>
<arg>AF</arg>
<arg>AG</arg>
<arg>AI</arg>
<arg>AL</arg>
<arg>AM</arg>
<arg>AO</arg>
<arg>AQ</arg>
<arg>AR</arg>
<arg>AS</arg>
<arg>AT</arg>
<arg>AU</arg>
<arg>AW</arg>
<arg>AX</arg>
<arg>AZ</arg>
<arg>BA</arg>
<arg>BB</arg>
<arg>BD</arg>
<arg>BE</arg>
<arg>BF</arg>
<arg>BG</arg>
<arg>BH</arg>
<arg>BI</arg>
<arg>BJ</arg>
<arg>BL</arg>
<arg>BM</arg>
<arg>BN</arg>
<arg>BO</arg>
<arg>BQ</arg>
<arg>BR</arg>
<arg>BS</arg>
<arg>BT</arg>
<arg>BV</arg>
<arg>BW</arg>
<arg>BY</arg>
<arg>BZ</arg>
<arg>CA</arg>
<arg>CC</arg>
<arg>CD</arg>
<arg>CF</arg>
<arg>CG</arg>
<arg>CH</arg>
<arg>CI</arg>
<arg>CK</arg>
<arg>CL</arg>
<arg>CM</arg>
<arg>CN</arg>
<arg>CO</arg>
<arg>CR</arg>
<arg>CU</arg>
<arg>CV</arg>
<arg>CW</arg>
<arg>CX</arg>
<arg>CY</arg>
<arg>CZ</arg>
<arg>DE</arg>
<arg>DJ</arg>
<arg>DK</arg>
<arg>DM</arg>
<arg>DO</arg>
<arg>DZ</arg>
<arg>EC</arg>
<arg>EE</arg>
<arg>EG</arg>
<arg>EH</arg>
<arg>ER</arg>
<arg>ES</arg>
<arg>ET</arg>
<arg>FI</arg>
<arg>FJ</arg>
<arg>FK</arg>
<arg>FM</arg>
<arg>FO</arg>
<arg>FR</arg>
<arg>GA</arg>
<arg>GB</arg>
<arg>GD</arg>
<arg>GE</arg>
<arg>GF</arg>
<arg>GG</arg>
<arg>GH</arg>
<arg>GI</arg>
<arg>GL</arg>
<arg>GM</arg>
<arg>GN</arg>
<arg>GP</arg>
<arg>GQ</arg>
<arg>GR</arg>
<arg>GS</arg>
<arg>GT</arg>
<arg>GU</arg>
<arg>GW</arg>
<arg>GY</arg>
<arg>HK</arg>
<arg>HM</arg>
<arg>HN</arg>
<arg>HR</arg>
<arg>HT</arg>
<arg>HU</arg>
<arg>ID</arg>
<arg>IE</arg>
<arg>IL</arg>
<arg>IM</arg>
<arg>IN</arg>
<arg>IO</arg>
<arg>IQ</arg>
<arg>IR</arg>
<arg>IS</arg>
<arg>IT</arg>
<arg>JE</arg>
<arg>JM</arg>
<arg>JO</arg>
<arg>JP</arg>
<arg>KE</arg>
<arg>KG</arg>
<arg>KH</arg>
<arg>KI</arg>
<arg>KM</arg>
<arg>KN</arg>
<arg>KP</arg>
<arg>KR</arg>
<arg>KW</arg>
<arg>KY</arg>
<arg>KZ</arg>
<arg>LA</arg>
<arg>LB</arg>
<arg>LC</arg>
<arg>LI</arg>
<arg>LK</arg>
<arg>LR</arg>
<arg>LS</arg>
<arg>LT</arg>
<arg>LU</arg>
<arg>LV</arg>
<arg>LY</arg>
<arg>MA</arg>
<arg>MC</arg>
<arg>MD</arg>
<arg>ME</arg>
<arg>MF</arg>
<arg>MG</arg>
<arg>MH</arg>
<arg>MK</arg>
<arg>ML</arg>
<arg>MM</arg>
<arg>MN</arg>
<arg>MO</arg>
<arg>MP</arg>
<arg>MQ</arg>
<arg>MR</arg>
<arg>MS</arg>
<arg>MT</arg>
<arg>MU</arg>
<arg>MV</arg>
<arg>MW</arg>
<arg>MX</arg>
<arg>MY</arg>
<arg>MZ</arg>
<arg>NA</arg>
<arg>NC</arg>
<arg>NE</arg>
<arg>NF</arg>
<arg>NG</arg>
<arg>NI</arg>
<arg>NL</arg>
<arg>NO</arg>
<arg>NP</arg>
<arg>NR</arg>
<arg>NU</arg>
<arg>NZ</arg>
<arg>OM</arg>
<arg>PA</arg>
<arg>PE</arg>
<arg>PF</arg>
<arg>PG</arg>
<arg>PH</arg>
<arg>PK</arg>
<arg>PL</arg>
<arg>PM</arg>
<arg>PN</arg>
<arg>PR</arg>
<arg>PS</arg>
<arg>PT</arg>
<arg>PW</arg>
<arg>PY</arg>
<arg>QA</arg>
<arg>RE</arg>
<arg>RO</arg>
<arg>RS</arg>
<arg>RU</arg>
<arg>RW</arg>
<arg>SA</arg>
<arg>SB</arg>
<arg>SC</arg>
<arg>SD</arg>
<arg>SE</arg>
<arg>SG</arg>
<arg>SH</arg>
<arg>SI</arg>
<arg>SJ</arg>
<arg>SK</arg>
<arg>SL</arg>
<arg>SM</arg>
<arg>SN</arg>
<arg>SO</arg>
<arg>SR</arg>
<arg>SS</arg>
<arg>ST</arg>
<arg>SV</arg>
<arg>SX</arg>
<arg>SY</arg>
<arg>SZ</arg>
<arg>TC</arg>
<arg>TD</arg>
<arg>TF</arg>
<arg>TG</arg>
<arg>TH</arg>
<arg>TJ</arg>
<arg>TK</arg>
<arg>TL</arg>
<arg>TM</arg>
<arg>TN</arg>
<arg>TO</arg>
<arg>TR</arg>
<arg>TT</arg>
<arg>TV</arg>
<arg>TW</arg>
<arg>TZ</arg>
<arg>UA</arg>
<arg>UG</arg>
<arg>UM</arg>
<arg>US</arg>
<arg>UY</arg>
<arg>UZ</arg>
<arg>VA</arg>
<arg>VC</arg>
<arg>VE</arg>
<arg>VG</arg>
<arg>VI</arg>
<arg>VN</arg>
<arg>VU</arg>
<arg>WF</arg>
<arg>WS</arg>
<arg>XK</arg>
<arg>YE</arg>
<arg>YT</arg>
<arg>ZA</arg>
<arg>ZM</arg>
<arg>ZW</arg>
<doc>Returns a list containing given items.</doc>
<status status="PASS" start="2024-07-12T17:14:39.525941" elapsed="0.000660"/>
</kw>
<kw name="List Should Contain Value" owner="Collections">
<arg>${list_country}</arg>
<arg>${name_country}</arg>
<doc>Fails if the ``value`` is not found from ``list``.</doc>
<status status="PASS" start="2024-07-12T17:14:39.527396" elapsed="0.000200"/>
</kw>
<kw name="Run Keyword If" owner="BuiltIn">
<kw name="Should Be True" owner="BuiltIn">
<arg>${True}</arg>
<doc>Fails if the given condition is not true.</doc>
<status status="PASS" start="2024-07-12T17:14:39.528522" elapsed="0.000139"/>
</kw>
<arg>${json_data["results"][0]["location"]["coordinates"]["latitude"]} &gt;= -90 and ${json_data["results"][0]["location"]["coordinates"]["latitude"]} &lt;= 90</arg>
<arg>Should Be True</arg>
<arg>${True}</arg>
<doc>Runs the given keyword with the given arguments, if ``condition`` is true.</doc>
<status status="PASS" start="2024-07-12T17:14:39.527788" elapsed="0.000995"/>
</kw>
<kw name="Run Keyword If" owner="BuiltIn">
<kw name="Should Be True" owner="BuiltIn">
<arg>${True}</arg>
<doc>Fails if the given condition is not true.</doc>
<status status="PASS" start="2024-07-12T17:14:39.529644" elapsed="0.000135"/>
</kw>
<arg>${json_data["results"][0]["location"]["coordinates"]["longitude"]} &gt;= -180 and ${json_data["results"][0]["location"]["coordinates"]["longitude"]} &lt;= 180</arg>
<arg>Should Be True</arg>
<arg>${True}</arg>
<doc>Runs the given keyword with the given arguments, if ``condition`` is true.</doc>
<status status="PASS" start="2024-07-12T17:14:39.528962" elapsed="0.000939"/>
</kw>
<status status="PASS" start="2024-07-12T17:14:39.404148" elapsed="0.125898"/>
</kw>
<doc>Testa o conteúdo específico dos campos retornados pela API.</doc>
<tag>testeConteudo</tag>
<status status="PASS" start="2024-07-12T17:14:39.403644" elapsed="0.126551"/>
</test>
<status status="PASS" start="2024-07-12T17:14:38.555180" elapsed="0.976899"/>
</suite>
<status status="PASS" start="2024-07-12T17:14:38.541173" elapsed="0.995985"/>
</suite>
<statistics>
<total>
<stat pass="5" fail="0" skip="0">All Tests</stat>
</total>
<tag>
<stat pass="1" fail="0" skip="0">testeConteudo</stat>
<stat pass="1" fail="0" skip="0">testeEstruturaResposta</stat>
<stat pass="1" fail="0" skip="0">testeRequisicaoBasica</stat>
<stat pass="1" fail="0" skip="0">testeTiposDados</stat>
</tag>
<suite>
<stat pass="5" fail="0" skip="0" id="s1" name="Tests">Tests</stat>
<stat pass="5" fail="0" skip="0" id="s1-s1" name="Random-User-Test">Tests.Random-User-Test</stat>
</suite>
</statistics>
<errors>
</errors>
</robot>
