<?xml version="1.0" encoding="UTF-8"?>
<robot generator="Robot 7.0 (Python 3.12.3 on linux)" generated="2024-04-27T04:15:52.712887" rpa="false" schemaversion="5">
<suite id="s1" name="Tests" source="/home/runner/work/DesafioQAItauRogerioJordao/DesafioQAItauRogerioJordao/RamdonUser/tests">
<suite id="s1-s1" name="Random-User-Test" source="/home/runner/work/DesafioQAItauRogerioJordao/DesafioQAItauRogerioJordao/RamdonUser/tests/random-user-test.robot">
<test id="s1-s1-t1" name="Conectar" line="13">
<kw name="Conectar API" owner="random-user-service">
<kw name="Create Session" owner="RequestsLibrary">
<msg time="2024-04-27T04:15:53.075422" level="INFO">Creating Session using : alias=consultarAPI, url=https://randomuser.me/, headers={},                     cookies={}, auth=None, timeout=None, proxies=None, verify=False,                     debug=0 </msg>
<arg>consultarAPI</arg>
<arg>${URL}</arg>
<doc>Create Session: create a HTTP session to a server</doc>
<status status="PASS" start="2024-04-27T04:15:53.075229" elapsed="0.000366"/>
</kw>
<status status="PASS" start="2024-04-27T04:15:53.074295" elapsed="0.001650"/>
</kw>
<status status="PASS" start="2024-04-27T04:15:53.073680" elapsed="0.002458"/>
</test>
<test id="s1-s1-t2" name="Validar retorno 200 e JSON Válido" line="16">
<kw name="Teste de Requisicao Basica" owner="random-user-service">
<kw name="GET On Session" owner="RequestsLibrary">
<msg time="2024-04-27T04:15:53.249471" level="INFO">GET Request : url=https://randomuser.me/api 
 path_url=/api 
 headers={'User-Agent': 'python-requests/2.31.0', 'Accept-Encoding': 'gzip, deflate', 'Accept': '*/*', 'Connection': 'keep-alive'} 
 body=None 
 </msg>
<msg time="2024-04-27T04:15:53.249628" level="INFO">GET Response : url=https://randomuser.me/api 
 status=200, reason=OK 
 headers={'Date': 'Sat, 27 Apr 2024 04:15:53 GMT', 'Content-Type': 'application/json; charset=utf-8', 'Transfer-Encoding': 'chunked', 'Connection': 'keep-alive', 'X-Powered-By': 'Express', 'Access-Control-Allow-Origin': '*', 'Cache-Control': 'no-cache', 'ETag': 'W/"4a3-LX4n9Cws+ITC8uzaoMsUR5iCmkI"', 'Vary': 'Accept-Encoding', 'Content-Encoding': 'gzip', 'CF-Cache-Status': 'DYNAMIC', 'Report-To': '{"endpoints":[{"url":"https:\\/\\/a.nel.cloudflare.com\\/report\\/v4?s=mO5NgDF1QmgUIPDwrqhjiLk6fVNk6wOjjN8VHH%2FOG1dqomNLemdKVoPAx2b98u92A1819sQt8PrW%2BPBPBavW9SolYdV9a%2FkGe7%2FJVI9xN0YkhzndVb%2FfynTk6N68HXHu"}],"group":"cf-nel","max_age":604800}', 'NEL': '{"success_fraction":0,"report_to":"cf-nel","max_age":604800}', 'Server': 'cloudflare', 'CF-RAY': '87abfe75a8846fb5-IAD', 'alt-svc': 'h3=":443"; ma=86400'} 
 body={"results":[{"gender":"female","name":{"title":"Ms","first":"Jeanette","last":"Fox"},"location":{"street":{"number":1178,"name":"Karen Dr"},"city":"Geelong","state":"Australian Capital Territory","country":"Australia","postcode":2536,"coordinates":{"latitude":"-88.6677","longitude":"164.1947"},"timezone":{"offset":"+5:30","description":"Bombay, Calcutta, Madras, New Delhi"}},"email":"jeanette.fox@example.com","login":{"uuid":"74cb1661-4974-4ea5-bed0-df57cecd4d0a","username":"beautifulswan983","password":"stoney","salt":"KCs5Nw73","md5":"28393dd03919be9898968dd9e7dc3e84","sha1":"d04f7cdb27a04ade97a440a79c0c971b3c3be945","sha256":"594e082112c06a86839672d8f2a133208fd0c656cdbc855cc8b701acaffecca0"},"dob":{"date":"1965-01-08T22:47:41.749Z","age":59},"registered":{"date":"2012-02-19T13:07:16.523Z","age":12},"phone":"09-7828-0670","cell":"0484-091-319","id":{"name":"TFN","value":"999309183"},"picture":{"large":"https://randomuser.me/api/portraits/women/75.jpg","medium":"https://randomuser.me/api/portraits/med/women/75.jpg","thumbnail":"https://randomuser.me/api/portraits/thumb/women/75.jpg"},"nat":"AU"}],"info":{"seed":"f8fba742bbbc85d4","results":1,"page":1,"version":"1.4"}} 
 </msg>
<msg time="2024-04-27T04:15:53.249722" level="INFO">/opt/hostedtoolcache/Python/3.12.3/x64/lib/python3.12/site-packages/urllib3/connectionpool.py:1103: InsecureRequestWarning: Unverified HTTPS request is being made to host 'randomuser.me'. Adding certificate verification is strongly advised. See: https://urllib3.readthedocs.io/en/latest/advanced-usage.html#tls-warnings
  warnings.warn(</msg>
<msg time="2024-04-27T04:15:53.249898" level="INFO">${response} = &lt;Response [200]&gt;</msg>
<var>${response}</var>
<arg>consultarAPI</arg>
<arg>/api</arg>
<doc>Sends a GET request on a previously created HTTP Session.</doc>
<status status="PASS" start="2024-04-27T04:15:53.078775" elapsed="0.171164"/>
</kw>
<kw name="Should Be Equal As Numbers" owner="BuiltIn">
<msg time="2024-04-27T04:15:53.250875" level="INFO">Argument types are:
&lt;class 'int'&gt;
&lt;class 'str'&gt;</msg>
<arg>${response.status_code}</arg>
<arg>200</arg>
<doc>Fails if objects are unequal after converting them to real numbers.</doc>
<status status="PASS" start="2024-04-27T04:15:53.250442" elapsed="0.000498"/>
</kw>
<kw name="Log" owner="BuiltIn">
<msg time="2024-04-27T04:15:53.251649" level="INFO">200</msg>
<arg>${response.status_code}</arg>
<doc>Logs the given message with the given level.</doc>
<status status="PASS" start="2024-04-27T04:15:53.251285" elapsed="0.000407"/>
</kw>
<kw name="Set Variable" owner="BuiltIn">
<msg time="2024-04-27T04:15:53.252450" level="INFO">${json_data} = {'results': [{'gender': 'female', 'name': {'title': 'Ms', 'first': 'Jeanette', 'last': 'Fox'}, 'location': {'street': {'number': 1178, 'name': 'Karen Dr'}, 'city': 'Geelong', 'state': 'Australian Capi...</msg>
<var>${json_data}</var>
<arg>${response.json()}</arg>
<doc>Returns the given values which can then be assigned to a variables.</doc>
<status status="PASS" start="2024-04-27T04:15:53.252001" elapsed="0.000479"/>
</kw>
<kw name="Dictionary Should Contain Key" owner="Collections">
<msg time="2024-04-27T04:15:53.252955" level="INFO">False</msg>
<arg>${json_data}</arg>
<arg>results</arg>
<doc>Fails if ``key`` is not found from ``dictionary``.</doc>
<status status="PASS" start="2024-04-27T04:15:53.252784" elapsed="0.000212"/>
</kw>
<status status="PASS" start="2024-04-27T04:15:53.078532" elapsed="0.174722"/>
</kw>
<doc>Testa se a API responde corretamente e retorna um objeto JSON válido.</doc>
<tag>testeRequisicaoBasica</tag>
<status status="PASS" start="2024-04-27T04:15:53.077999" elapsed="0.175445"/>
</test>
<test id="s1-s1-t3" name="Validar estrutura de resposta" line="22">
<kw name="Teste de Estrutura de Resposta" owner="random-user-service">
<kw name="GET On Session" owner="RequestsLibrary">
<msg time="2024-04-27T04:15:53.365694" level="INFO">GET Request : url=https://randomuser.me/api 
 path_url=/api 
 headers={'User-Agent': 'python-requests/2.31.0', 'Accept-Encoding': 'gzip, deflate', 'Accept': '*/*', 'Connection': 'keep-alive'} 
 body=None 
 </msg>
<msg time="2024-04-27T04:15:53.365782" level="INFO">GET Response : url=https://randomuser.me/api 
 status=200, reason=OK 
 headers={'Date': 'Sat, 27 Apr 2024 04:15:53 GMT', 'Content-Type': 'application/json; charset=utf-8', 'Transfer-Encoding': 'chunked', 'Connection': 'keep-alive', 'X-Powered-By': 'Express', 'Access-Control-Allow-Origin': '*', 'Cache-Control': 'no-cache', 'ETag': 'W/"47f-8UEncIipeAS8IfCVUgi8HlgSnWk"', 'Vary': 'Accept-Encoding', 'Content-Encoding': 'gzip', 'CF-Cache-Status': 'DYNAMIC', 'Report-To': '{"endpoints":[{"url":"https:\\/\\/a.nel.cloudflare.com\\/report\\/v4?s=63M6wGjj%2F287IrCul7EEXT952zx2abIX%2FkyCaWRIqDaSJOhbst26H4a24c%2FvQkK4u3GPYWR0160Q0iJXqZsLFVrPkx%2FKuuntjqkqg1hDiET62YK%2BEaIFIDK3cVWdfsJB"}],"group":"cf-nel","max_age":604800}', 'NEL': '{"success_fraction":0,"report_to":"cf-nel","max_age":604800}', 'Server': 'cloudflare', 'CF-RAY': '87abfe75e8a86fb5-IAD', 'alt-svc': 'h3=":443"; ma=86400'} 
 body={"results":[{"gender":"male","name":{"title":"Mr","first":"Hunter","last":"Taylor"},"location":{"street":{"number":3893,"name":"Bridge Street"},"city":"Greymouth","state":"Auckland","country":"New Zealand","postcode":20155,"coordinates":{"latitude":"48.6781","longitude":"-137.7646"},"timezone":{"offset":"+7:00","description":"Bangkok, Hanoi, Jakarta"}},"email":"hunter.taylor@example.com","login":{"uuid":"7bc61301-3dd4-4a10-af64-f0e0303b7a50","username":"happyelephant944","password":"whocares","salt":"nYZpQfaP","md5":"0c450965b2f3c54899f1f097eb5117ed","sha1":"6377911e58ab9cad1e0b99f91ebaf0b3aa03de8a","sha256":"88575f424d57cadbf00047fd7c8527415b11e6f368795a35aecbfc3538d2cd56"},"dob":{"date":"1947-08-10T12:35:09.785Z","age":76},"registered":{"date":"2020-05-23T05:52:26.429Z","age":3},"phone":"(202)-746-3073","cell":"(775)-929-0361","id":{"name":"","value":null},"picture":{"large":"https://randomuser.me/api/portraits/men/4.jpg","medium":"https://randomuser.me/api/portraits/med/men/4.jpg","thumbnail":"https://randomuser.me/api/portraits/thumb/men/4.jpg"},"nat":"NZ"}],"info":{"seed":"b3a8912dccb8523d","results":1,"page":1,"version":"1.4"}} 
 </msg>
<msg time="2024-04-27T04:15:53.365913" level="INFO">/opt/hostedtoolcache/Python/3.12.3/x64/lib/python3.12/site-packages/urllib3/connectionpool.py:1103: InsecureRequestWarning: Unverified HTTPS request is being made to host 'randomuser.me'. Adding certificate verification is strongly advised. See: https://urllib3.readthedocs.io/en/latest/advanced-usage.html#tls-warnings
  warnings.warn(</msg>
<msg time="2024-04-27T04:15:53.366063" level="INFO">${response} = &lt;Response [200]&gt;</msg>
<var>${response}</var>
<arg>consultarAPI</arg>
<arg>/api</arg>
<doc>Sends a GET request on a previously created HTTP Session.</doc>
<status status="PASS" start="2024-04-27T04:15:53.256023" elapsed="0.110080"/>
</kw>
<kw name="Set Variable" owner="BuiltIn">
<msg time="2024-04-27T04:15:53.366957" level="INFO">${json_data} = {'results': [{'gender': 'male', 'name': {'title': 'Mr', 'first': 'Hunter', 'last': 'Taylor'}, 'location': {'street': {'number': 3893, 'name': 'Bridge Street'}, 'city': 'Greymouth', 'state': 'Auckland'...</msg>
<var>${json_data}</var>
<arg>${response.json()}</arg>
<doc>Returns the given values which can then be assigned to a variables.</doc>
<status status="PASS" start="2024-04-27T04:15:53.366490" elapsed="0.000495"/>
</kw>
<kw name="Log" owner="BuiltIn">
<msg time="2024-04-27T04:15:53.367443" level="INFO">{'results': [{'gender': 'male', 'name': {'title': 'Mr', 'first': 'Hunter', 'last': 'Taylor'}, 'location': {'street': {'number': 3893, 'name': 'Bridge Street'}, 'city': 'Greymouth', 'state': 'Auckland', 'country': 'New Zealand', 'postcode': 20155, 'coordinates': {'latitude': '48.6781', 'longitude': '-137.7646'}, 'timezone': {'offset': '+7:00', 'description': 'Bangkok, Hanoi, Jakarta'}}, 'email': 'hunter.taylor@example.com', 'login': {'uuid': '7bc61301-3dd4-4a10-af64-f0e0303b7a50', 'username': 'happyelephant944', 'password': 'whocares', 'salt': 'nYZpQfaP', 'md5': '0c450965b2f3c54899f1f097eb5117ed', 'sha1': '6377911e58ab9cad1e0b99f91ebaf0b3aa03de8a', 'sha256': '88575f424d57cadbf00047fd7c8527415b11e6f368795a35aecbfc3538d2cd56'}, 'dob': {'date': '1947-08-10T12:35:09.785Z', 'age': 76}, 'registered': {'date': '2020-05-23T05:52:26.429Z', 'age': 3}, 'phone': '(202)-746-3073', 'cell': '(775)-929-0361', 'id': {'name': '', 'value': None}, 'picture': {'large': 'https://randomuser.me/api/portraits/men/4.jpg', 'medium': 'https://randomuser.me/api/portraits/med/men/4.jpg', 'thumbnail': 'https://randomuser.me/api/portraits/thumb/men/4.jpg'}, 'nat': 'NZ'}], 'info': {'seed': 'b3a8912dccb8523d', 'results': 1, 'page': 1, 'version': '1.4'}}</msg>
<arg>${json_data}</arg>
<doc>Logs the given message with the given level.</doc>
<status status="PASS" start="2024-04-27T04:15:53.367290" elapsed="0.000201"/>
</kw>
<kw name="Dictionary Should Contain Key" owner="Collections">
<msg time="2024-04-27T04:15:53.367939" level="INFO">False</msg>
<arg>${json_data}</arg>
<arg>results</arg>
<doc>Fails if ``key`` is not found from ``dictionary``.</doc>
<status status="PASS" start="2024-04-27T04:15:53.367780" elapsed="0.000197"/>
</kw>
<kw name="Should Not Be Empty" owner="BuiltIn">
<msg time="2024-04-27T04:15:53.368397" level="INFO">Length is 2.</msg>
<arg>${json_data}</arg>
<doc>Verifies that the given item is not empty.</doc>
<status status="PASS" start="2024-04-27T04:15:53.368268" elapsed="0.000298"/>
</kw>
<kw name="Create List" owner="BuiltIn">
<msg time="2024-04-27T04:15:53.369013" level="INFO">${expected_keys} = ['gender', 'name', 'location', 'email', 'login']</msg>
<var>${expected_keys}</var>
<arg>gender</arg>
<arg>name</arg>
<arg>location</arg>
<arg>email</arg>
<arg>login</arg>
<doc>Returns a list containing given items.</doc>
<status status="PASS" start="2024-04-27T04:15:53.368861" elapsed="0.000176"/>
</kw>
<for flavor="IN">
<iter>
<kw name="Dictionary Should Contain Key" owner="Collections">
<msg time="2024-04-27T04:15:53.370009" level="INFO">False</msg>
<arg>${json_data['results'][0]}</arg>
<arg>${key}</arg>
<doc>Fails if ``key`` is not found from ``dictionary``.</doc>
<status status="PASS" start="2024-04-27T04:15:53.369602" elapsed="0.000445"/>
</kw>
<kw name="Log" owner="BuiltIn">
<msg time="2024-04-27T04:15:53.370746" level="INFO">{'gender': 'male', 'name': {'title': 'Mr', 'first': 'Hunter', 'last': 'Taylor'}, 'location': {'street': {'number': 3893, 'name': 'Bridge Street'}, 'city': 'Greymouth', 'state': 'Auckland', 'country': 'New Zealand', 'postcode': 20155, 'coordinates': {'latitude': '48.6781', 'longitude': '-137.7646'}, 'timezone': {'offset': '+7:00', 'description': 'Bangkok, Hanoi, Jakarta'}}, 'email': 'hunter.taylor@example.com', 'login': {'uuid': '7bc61301-3dd4-4a10-af64-f0e0303b7a50', 'username': 'happyelephant944', 'password': 'whocares', 'salt': 'nYZpQfaP', 'md5': '0c450965b2f3c54899f1f097eb5117ed', 'sha1': '6377911e58ab9cad1e0b99f91ebaf0b3aa03de8a', 'sha256': '88575f424d57cadbf00047fd7c8527415b11e6f368795a35aecbfc3538d2cd56'}, 'dob': {'date': '1947-08-10T12:35:09.785Z', 'age': 76}, 'registered': {'date': '2020-05-23T05:52:26.429Z', 'age': 3}, 'phone': '(202)-746-3073', 'cell': '(775)-929-0361', 'id': {'name': '', 'value': None}, 'picture': {'large': 'https://randomuser.me/api/portraits/men/4.jpg', 'medium': 'https://randomuser.me/api/portraits/med/men/4.jpg', 'thumbnail': 'https://randomuser.me/api/portraits/thumb/men/4.jpg'}, 'nat': 'NZ'}</msg>
<arg>${json_data['results'][0]}</arg>
<doc>Logs the given message with the given level.</doc>
<status status="PASS" start="2024-04-27T04:15:53.370380" elapsed="0.000414"/>
</kw>
<kw name="Log" owner="BuiltIn">
<msg time="2024-04-27T04:15:53.371214" level="INFO">gender</msg>
<arg>${key}</arg>
<doc>Logs the given message with the given level.</doc>
<status status="PASS" start="2024-04-27T04:15:53.371088" elapsed="0.000163"/>
</kw>
<var name="${key}">gender</var>
<status status="PASS" start="2024-04-27T04:15:53.369478" elapsed="0.001986"/>
</iter>
<iter>
<kw name="Dictionary Should Contain Key" owner="Collections">
<msg time="2024-04-27T04:15:53.372146" level="INFO">False</msg>
<arg>${json_data['results'][0]}</arg>
<arg>${key}</arg>
<doc>Fails if ``key`` is not found from ``dictionary``.</doc>
<status status="PASS" start="2024-04-27T04:15:53.371763" elapsed="0.000421"/>
</kw>
<kw name="Log" owner="BuiltIn">
<msg time="2024-04-27T04:15:53.372873" level="INFO">{'gender': 'male', 'name': {'title': 'Mr', 'first': 'Hunter', 'last': 'Taylor'}, 'location': {'street': {'number': 3893, 'name': 'Bridge Street'}, 'city': 'Greymouth', 'state': 'Auckland', 'country': 'New Zealand', 'postcode': 20155, 'coordinates': {'latitude': '48.6781', 'longitude': '-137.7646'}, 'timezone': {'offset': '+7:00', 'description': 'Bangkok, Hanoi, Jakarta'}}, 'email': 'hunter.taylor@example.com', 'login': {'uuid': '7bc61301-3dd4-4a10-af64-f0e0303b7a50', 'username': 'happyelephant944', 'password': 'whocares', 'salt': 'nYZpQfaP', 'md5': '0c450965b2f3c54899f1f097eb5117ed', 'sha1': '6377911e58ab9cad1e0b99f91ebaf0b3aa03de8a', 'sha256': '88575f424d57cadbf00047fd7c8527415b11e6f368795a35aecbfc3538d2cd56'}, 'dob': {'date': '1947-08-10T12:35:09.785Z', 'age': 76}, 'registered': {'date': '2020-05-23T05:52:26.429Z', 'age': 3}, 'phone': '(202)-746-3073', 'cell': '(775)-929-0361', 'id': {'name': '', 'value': None}, 'picture': {'large': 'https://randomuser.me/api/portraits/men/4.jpg', 'medium': 'https://randomuser.me/api/portraits/med/men/4.jpg', 'thumbnail': 'https://randomuser.me/api/portraits/thumb/men/4.jpg'}, 'nat': 'NZ'}</msg>
<arg>${json_data['results'][0]}</arg>
<doc>Logs the given message with the given level.</doc>
<status status="PASS" start="2024-04-27T04:15:53.372504" elapsed="0.000416"/>
</kw>
<kw name="Log" owner="BuiltIn">
<msg time="2024-04-27T04:15:53.373340" level="INFO">name</msg>
<arg>${key}</arg>
<doc>Logs the given message with the given level.</doc>
<status status="PASS" start="2024-04-27T04:15:53.373214" elapsed="0.000164"/>
</kw>
<var name="${key}">name</var>
<status status="PASS" start="2024-04-27T04:15:53.371648" elapsed="0.001944"/>
</iter>
<iter>
<kw name="Dictionary Should Contain Key" owner="Collections">
<msg time="2024-04-27T04:15:53.374294" level="INFO">False</msg>
<arg>${json_data['results'][0]}</arg>
<arg>${key}</arg>
<doc>Fails if ``key`` is not found from ``dictionary``.</doc>
<status status="PASS" start="2024-04-27T04:15:53.373880" elapsed="0.000455"/>
</kw>
<kw name="Log" owner="BuiltIn">
<msg time="2024-04-27T04:15:53.374999" level="INFO">{'gender': 'male', 'name': {'title': 'Mr', 'first': 'Hunter', 'last': 'Taylor'}, 'location': {'street': {'number': 3893, 'name': 'Bridge Street'}, 'city': 'Greymouth', 'state': 'Auckland', 'country': 'New Zealand', 'postcode': 20155, 'coordinates': {'latitude': '48.6781', 'longitude': '-137.7646'}, 'timezone': {'offset': '+7:00', 'description': 'Bangkok, Hanoi, Jakarta'}}, 'email': 'hunter.taylor@example.com', 'login': {'uuid': '7bc61301-3dd4-4a10-af64-f0e0303b7a50', 'username': 'happyelephant944', 'password': 'whocares', 'salt': 'nYZpQfaP', 'md5': '0c450965b2f3c54899f1f097eb5117ed', 'sha1': '6377911e58ab9cad1e0b99f91ebaf0b3aa03de8a', 'sha256': '88575f424d57cadbf00047fd7c8527415b11e6f368795a35aecbfc3538d2cd56'}, 'dob': {'date': '1947-08-10T12:35:09.785Z', 'age': 76}, 'registered': {'date': '2020-05-23T05:52:26.429Z', 'age': 3}, 'phone': '(202)-746-3073', 'cell': '(775)-929-0361', 'id': {'name': '', 'value': None}, 'picture': {'large': 'https://randomuser.me/api/portraits/men/4.jpg', 'medium': 'https://randomuser.me/api/portraits/med/men/4.jpg', 'thumbnail': 'https://randomuser.me/api/portraits/thumb/men/4.jpg'}, 'nat': 'NZ'}</msg>
<arg>${json_data['results'][0]}</arg>
<doc>Logs the given message with the given level.</doc>
<status status="PASS" start="2024-04-27T04:15:53.374641" elapsed="0.000406"/>
</kw>
<kw name="Log" owner="BuiltIn">
<msg time="2024-04-27T04:15:53.375465" level="INFO">location</msg>
<arg>${key}</arg>
<doc>Logs the given message with the given level.</doc>
<status status="PASS" start="2024-04-27T04:15:53.375339" elapsed="0.000164"/>
</kw>
<var name="${key}">location</var>
<status status="PASS" start="2024-04-27T04:15:53.373770" elapsed="0.001946"/>
</iter>
<iter>
<kw name="Dictionary Should Contain Key" owner="Collections">
<msg time="2024-04-27T04:15:53.376387" level="INFO">False</msg>
<arg>${json_data['results'][0]}</arg>
<arg>${key}</arg>
<doc>Fails if ``key`` is not found from ``dictionary``.</doc>
<status status="PASS" start="2024-04-27T04:15:53.376000" elapsed="0.000424"/>
</kw>
<kw name="Log" owner="BuiltIn">
<msg time="2024-04-27T04:15:53.377075" level="INFO">{'gender': 'male', 'name': {'title': 'Mr', 'first': 'Hunter', 'last': 'Taylor'}, 'location': {'street': {'number': 3893, 'name': 'Bridge Street'}, 'city': 'Greymouth', 'state': 'Auckland', 'country': 'New Zealand', 'postcode': 20155, 'coordinates': {'latitude': '48.6781', 'longitude': '-137.7646'}, 'timezone': {'offset': '+7:00', 'description': 'Bangkok, Hanoi, Jakarta'}}, 'email': 'hunter.taylor@example.com', 'login': {'uuid': '7bc61301-3dd4-4a10-af64-f0e0303b7a50', 'username': 'happyelephant944', 'password': 'whocares', 'salt': 'nYZpQfaP', 'md5': '0c450965b2f3c54899f1f097eb5117ed', 'sha1': '6377911e58ab9cad1e0b99f91ebaf0b3aa03de8a', 'sha256': '88575f424d57cadbf00047fd7c8527415b11e6f368795a35aecbfc3538d2cd56'}, 'dob': {'date': '1947-08-10T12:35:09.785Z', 'age': 76}, 'registered': {'date': '2020-05-23T05:52:26.429Z', 'age': 3}, 'phone': '(202)-746-3073', 'cell': '(775)-929-0361', 'id': {'name': '', 'value': None}, 'picture': {'large': 'https://randomuser.me/api/portraits/men/4.jpg', 'medium': 'https://randomuser.me/api/portraits/med/men/4.jpg', 'thumbnail': 'https://randomuser.me/api/portraits/thumb/men/4.jpg'}, 'nat': 'NZ'}</msg>
<arg>${json_data['results'][0]}</arg>
<doc>Logs the given message with the given level.</doc>
<status status="PASS" start="2024-04-27T04:15:53.376717" elapsed="0.000406"/>
</kw>
<kw name="Log" owner="BuiltIn">
<msg time="2024-04-27T04:15:53.377536" level="INFO">email</msg>
<arg>${key}</arg>
<doc>Logs the given message with the given level.</doc>
<status status="PASS" start="2024-04-27T04:15:53.377411" elapsed="0.000162"/>
</kw>
<var name="${key}">email</var>
<status status="PASS" start="2024-04-27T04:15:53.375890" elapsed="0.001894"/>
</iter>
<iter>
<kw name="Dictionary Should Contain Key" owner="Collections">
<msg time="2024-04-27T04:15:53.378501" level="INFO">False</msg>
<arg>${json_data['results'][0]}</arg>
<arg>${key}</arg>
<doc>Fails if ``key`` is not found from ``dictionary``.</doc>
<status status="PASS" start="2024-04-27T04:15:53.378069" elapsed="0.000470"/>
</kw>
<kw name="Log" owner="BuiltIn">
<msg time="2024-04-27T04:15:53.379202" level="INFO">{'gender': 'male', 'name': {'title': 'Mr', 'first': 'Hunter', 'last': 'Taylor'}, 'location': {'street': {'number': 3893, 'name': 'Bridge Street'}, 'city': 'Greymouth', 'state': 'Auckland', 'country': 'New Zealand', 'postcode': 20155, 'coordinates': {'latitude': '48.6781', 'longitude': '-137.7646'}, 'timezone': {'offset': '+7:00', 'description': 'Bangkok, Hanoi, Jakarta'}}, 'email': 'hunter.taylor@example.com', 'login': {'uuid': '7bc61301-3dd4-4a10-af64-f0e0303b7a50', 'username': 'happyelephant944', 'password': 'whocares', 'salt': 'nYZpQfaP', 'md5': '0c450965b2f3c54899f1f097eb5117ed', 'sha1': '6377911e58ab9cad1e0b99f91ebaf0b3aa03de8a', 'sha256': '88575f424d57cadbf00047fd7c8527415b11e6f368795a35aecbfc3538d2cd56'}, 'dob': {'date': '1947-08-10T12:35:09.785Z', 'age': 76}, 'registered': {'date': '2020-05-23T05:52:26.429Z', 'age': 3}, 'phone': '(202)-746-3073', 'cell': '(775)-929-0361', 'id': {'name': '', 'value': None}, 'picture': {'large': 'https://randomuser.me/api/portraits/men/4.jpg', 'medium': 'https://randomuser.me/api/portraits/med/men/4.jpg', 'thumbnail': 'https://randomuser.me/api/portraits/thumb/men/4.jpg'}, 'nat': 'NZ'}</msg>
<arg>${json_data['results'][0]}</arg>
<doc>Logs the given message with the given level.</doc>
<status status="PASS" start="2024-04-27T04:15:53.378835" elapsed="0.000415"/>
</kw>
<kw name="Log" owner="BuiltIn">
<msg time="2024-04-27T04:15:53.379665" level="INFO">login</msg>
<arg>${key}</arg>
<doc>Logs the given message with the given level.</doc>
<status status="PASS" start="2024-04-27T04:15:53.379539" elapsed="0.000164"/>
</kw>
<var name="${key}">login</var>
<status status="PASS" start="2024-04-27T04:15:53.377959" elapsed="0.001955"/>
</iter>
<var>${key}</var>
<value>@{expected_keys}</value>
<status status="PASS" start="2024-04-27T04:15:53.369293" elapsed="0.010764"/>
</for>
<kw name="Create List" owner="BuiltIn">
<msg time="2024-04-27T04:15:53.380391" level="INFO">${expected_keysTwo} = ['username', 'password']</msg>
<var>${expected_keysTwo}</var>
<arg>username</arg>
<arg>password</arg>
<doc>Returns a list containing given items.</doc>
<status status="PASS" start="2024-04-27T04:15:53.380255" elapsed="0.000159"/>
</kw>
<for flavor="IN">
<iter>
<kw name="Dictionary Should Contain Key" owner="Collections">
<msg time="2024-04-27T04:15:53.381296" level="INFO">False</msg>
<arg>${json_data['results'][0]['login']}</arg>
<arg>${keyTwo}</arg>
<doc>Fails if ``key`` is not found from ``dictionary``.</doc>
<status status="PASS" start="2024-04-27T04:15:53.380910" elapsed="0.000423"/>
</kw>
<kw name="Dictionary Should Contain Key" owner="Collections">
<msg time="2024-04-27T04:15:53.382014" level="INFO">False</msg>
<arg>${json_data['results'][0]['login']}</arg>
<arg>${keyTwo}</arg>
<doc>Fails if ``key`` is not found from ``dictionary``.</doc>
<status status="PASS" start="2024-04-27T04:15:53.381621" elapsed="0.000430"/>
</kw>
<kw name="Log" owner="BuiltIn">
<msg time="2024-04-27T04:15:53.382500" level="INFO">username</msg>
<arg>${keyTwo}</arg>
<doc>Logs the given message with the given level.</doc>
<status status="PASS" start="2024-04-27T04:15:53.382372" elapsed="0.000172"/>
</kw>
<var name="${keyTwo}">username</var>
<status status="PASS" start="2024-04-27T04:15:53.380801" elapsed="0.001961"/>
</iter>
<iter>
<kw name="Dictionary Should Contain Key" owner="Collections">
<msg time="2024-04-27T04:15:53.383504" level="INFO">False</msg>
<arg>${json_data['results'][0]['login']}</arg>
<arg>${keyTwo}</arg>
<doc>Fails if ``key`` is not found from ``dictionary``.</doc>
<status status="PASS" start="2024-04-27T04:15:53.383040" elapsed="0.000509"/>
</kw>
<kw name="Dictionary Should Contain Key" owner="Collections">
<msg time="2024-04-27T04:15:53.384227" level="INFO">False</msg>
<arg>${json_data['results'][0]['login']}</arg>
<arg>${keyTwo}</arg>
<doc>Fails if ``key`` is not found from ``dictionary``.</doc>
<status status="PASS" start="2024-04-27T04:15:53.383846" elapsed="0.000417"/>
</kw>
<kw name="Log" owner="BuiltIn">
<msg time="2024-04-27T04:15:53.384679" level="INFO">password</msg>
<arg>${keyTwo}</arg>
<doc>Logs the given message with the given level.</doc>
<status status="PASS" start="2024-04-27T04:15:53.384551" elapsed="0.000164"/>
</kw>
<var name="${keyTwo}">password</var>
<status status="PASS" start="2024-04-27T04:15:53.382932" elapsed="0.001997"/>
</iter>
<var>${keyTwo}</var>
<value>@{expected_keysTwo}</value>
<status status="PASS" start="2024-04-27T04:15:53.380650" elapsed="0.004398"/>
</for>
<status status="PASS" start="2024-04-27T04:15:53.255787" elapsed="0.129399"/>
</kw>
<doc>Testa a estrutura da resposta da API.</doc>
<tag>testeEstruturaResposta</tag>
<status status="PASS" start="2024-04-27T04:15:53.255305" elapsed="0.130029"/>
</test>
<test id="s1-s1-t4" name="Validar tipos de dados" line="28">
<kw name="Teste de Tipos de Dados" owner="random-user-service">
<kw name="GET On Session" owner="RequestsLibrary">
<msg time="2024-04-27T04:15:53.456146" level="INFO">GET Request : url=https://randomuser.me/api 
 path_url=/api 
 headers={'User-Agent': 'python-requests/2.31.0', 'Accept-Encoding': 'gzip, deflate', 'Accept': '*/*', 'Connection': 'keep-alive'} 
 body=None 
 </msg>
<msg time="2024-04-27T04:15:53.456232" level="INFO">GET Response : url=https://randomuser.me/api 
 status=200, reason=OK 
 headers={'Date': 'Sat, 27 Apr 2024 04:15:53 GMT', 'Content-Type': 'application/json; charset=utf-8', 'Transfer-Encoding': 'chunked', 'Connection': 'keep-alive', 'X-Powered-By': 'Express', 'Access-Control-Allow-Origin': '*', 'Cache-Control': 'no-cache', 'ETag': 'W/"4a6-l1lGUVdkv+1ealJiVN6eQDWTzlo"', 'Vary': 'Accept-Encoding', 'Content-Encoding': 'gzip', 'CF-Cache-Status': 'DYNAMIC', 'Report-To': '{"endpoints":[{"url":"https:\\/\\/a.nel.cloudflare.com\\/report\\/v4?s=vLuX3byHumLyISVB%2ForA%2BnnErNrRUrofpnKyX2O3%2B3O6vfZ69WgElXYyLIgzlyzpCSKrIH7WG%2FI5PXFza80ZZN6XrG9aMwlVHVtDqGusw45jHvZN5G2PmkokXZQ63aF8"}],"group":"cf-nel","max_age":604800}', 'NEL': '{"success_fraction":0,"report_to":"cf-nel","max_age":604800}', 'Server': 'cloudflare', 'CF-RAY': '87abfe76b9496fb5-IAD', 'alt-svc': 'h3=":443"; ma=86400'} 
 body={"results":[{"gender":"female","name":{"title":"Miss","first":"Cristal","last":"Navarrete"},"location":{"street":{"number":3440,"name":"Peatonal Coahuila de Zaragoza"},"city":"González","state":"Tabasco","country":"Mexico","postcode":94792,"coordinates":{"latitude":"24.6886","longitude":"43.1170"},"timezone":{"offset":"+2:00","description":"Kaliningrad, South Africa"}},"email":"cristal.navarrete@example.com","login":{"uuid":"49385b5d-fdcd-4527-8848-08618a784a16","username":"lazybear593","password":"dian","salt":"1W1viCdI","md5":"9e48f639cbf5b71b90969dd371bead79","sha1":"9270c267ae0e7a4235a6536f881dacf2816e5312","sha256":"c3696d56060ecd6d8727a12da326b0055e16771c48d4d91017417158a602aef4"},"dob":{"date":"1966-08-01T16:12:48.221Z","age":57},"registered":{"date":"2003-07-29T01:55:00.361Z","age":20},"phone":"(664) 526 1415","cell":"(647) 220 8573","id":{"name":"NSS","value":"78 42 60 1726 3"},"picture":{"large":"https://randomuser.me/api/portraits/women/50.jpg","medium":"https://randomuser.me/api/portraits/med/women/50.jpg","thumbnail":"https://randomuser.me/api/portraits/thumb/women/50.jpg"},"nat":"MX"}],"info":{"seed":"ee6a9d97d412ed0a","results":1,"page":1,"version":"1.4"}} 
 </msg>
<msg time="2024-04-27T04:15:53.456311" level="INFO">/opt/hostedtoolcache/Python/3.12.3/x64/lib/python3.12/site-packages/urllib3/connectionpool.py:1103: InsecureRequestWarning: Unverified HTTPS request is being made to host 'randomuser.me'. Adding certificate verification is strongly advised. See: https://urllib3.readthedocs.io/en/latest/advanced-usage.html#tls-warnings
  warnings.warn(</msg>
<msg time="2024-04-27T04:15:53.456425" level="INFO">${response} = &lt;Response [200]&gt;</msg>
<var>${response}</var>
<arg>consultarAPI</arg>
<arg>/api</arg>
<doc>Sends a GET request on a previously created HTTP Session.</doc>
<status status="PASS" start="2024-04-27T04:15:53.387773" elapsed="0.068693"/>
</kw>
<kw name="Set Variable" owner="BuiltIn">
<msg time="2024-04-27T04:15:53.457335" level="INFO">${json_data} = {'results': [{'gender': 'female', 'name': {'title': 'Miss', 'first': 'Cristal', 'last': 'Navarrete'}, 'location': {'street': {'number': 3440, 'name': 'Peatonal Coahuila de Zaragoza'}, 'city': 'Gonzále...</msg>
<var>${json_data}</var>
<arg>${response.json()}</arg>
<doc>Returns the given values which can then be assigned to a variables.</doc>
<status status="PASS" start="2024-04-27T04:15:53.456851" elapsed="0.000514"/>
</kw>
<kw name="Log" owner="BuiltIn">
<msg time="2024-04-27T04:15:53.457822" level="INFO">{'results': [{'gender': 'female', 'name': {'title': 'Miss', 'first': 'Cristal', 'last': 'Navarrete'}, 'location': {'street': {'number': 3440, 'name': 'Peatonal Coahuila de Zaragoza'}, 'city': 'González', 'state': 'Tabasco', 'country': 'Mexico', 'postcode': 94792, 'coordinates': {'latitude': '24.6886', 'longitude': '43.1170'}, 'timezone': {'offset': '+2:00', 'description': 'Kaliningrad, South Africa'}}, 'email': 'cristal.navarrete@example.com', 'login': {'uuid': '49385b5d-fdcd-4527-8848-08618a784a16', 'username': 'lazybear593', 'password': 'dian', 'salt': '1W1viCdI', 'md5': '9e48f639cbf5b71b90969dd371bead79', 'sha1': '9270c267ae0e7a4235a6536f881dacf2816e5312', 'sha256': 'c3696d56060ecd6d8727a12da326b0055e16771c48d4d91017417158a602aef4'}, 'dob': {'date': '1966-08-01T16:12:48.221Z', 'age': 57}, 'registered': {'date': '2003-07-29T01:55:00.361Z', 'age': 20}, 'phone': '(664) 526 1415', 'cell': '(647) 220 8573', 'id': {'name': 'NSS', 'value': '78 42 60 1726 3'}, 'picture': {'large': 'https://randomuser.me/api/portraits/women/50.jpg', 'medium': 'https://randomuser.me/api/portraits/med/women/50.jpg', 'thumbnail': 'https://randomuser.me/api/portraits/thumb/women/50.jpg'}, 'nat': 'MX'}], 'info': {'seed': 'ee6a9d97d412ed0a', 'results': 1, 'page': 1, 'version': '1.4'}}</msg>
<arg>${json_data}</arg>
<doc>Logs the given message with the given level.</doc>
<status status="PASS" start="2024-04-27T04:15:53.457669" elapsed="0.000233"/>
</kw>
<kw name="Should Be String" owner="String">
<arg>${json_data['results'][0]['gender']}</arg>
<doc>Fails if the given ``item`` is not a string.</doc>
<status status="PASS" start="2024-04-27T04:15:53.458201" elapsed="0.000399"/>
</kw>
<kw name="Should Match Regexp" owner="BuiltIn">
<arg>${json_data['results'][0]['email']}</arg>
<arg>^[a-zA-Z0-9._%+-]+@[a-zA-Z0-9.-]+\.[a-zA-Z]{2,}$</arg>
<doc>Fails if ``string`` does not match ``pattern`` as a regular expression.</doc>
<status status="PASS" start="2024-04-27T04:15:53.458788" elapsed="0.000503"/>
</kw>
<kw name="Should Match Regexp" owner="BuiltIn">
<arg>${json_data['results'][0]['dob']['date']}</arg>
<arg>\\d{4}-\\d{2}-\\d{2}T\\d{2}:\\d{2}:\\d{2}\\.\\d{3}Z</arg>
<doc>Fails if ``string`` does not match ``pattern`` as a regular expression.</doc>
<status status="PASS" start="2024-04-27T04:15:53.459483" elapsed="0.000491"/>
</kw>
<kw name="Should Match Regexp" owner="BuiltIn">
<arg>${json_data['results'][0]['registered']['date']}</arg>
<arg>\\d{4}-\\d{2}-\\d{2}T\\d{2}:\\d{2}:\\d{2}\\.\\d{3}Z</arg>
<doc>Fails if ``string`` does not match ``pattern`` as a regular expression.</doc>
<status status="PASS" start="2024-04-27T04:15:53.460163" elapsed="0.000366"/>
</kw>
<kw name="Should Match Regexp" owner="BuiltIn">
<arg>${json_data['results'][0]['picture']['large']}</arg>
<arg>^https?://.*\.(?:png|jpe?g|gif|bmp)$</arg>
<doc>Fails if ``string`` does not match ``pattern`` as a regular expression.</doc>
<status status="PASS" start="2024-04-27T04:15:53.460712" elapsed="0.000458"/>
</kw>
<kw name="Should Match Regexp" owner="BuiltIn">
<arg>${json_data['results'][0]['picture']['medium']}</arg>
<arg>^https?://.*\.(?:png|jpe?g|gif|bmp)$</arg>
<doc>Fails if ``string`` does not match ``pattern`` as a regular expression.</doc>
<status status="PASS" start="2024-04-27T04:15:53.461355" elapsed="0.000360"/>
</kw>
<kw name="Should Match Regexp" owner="BuiltIn">
<arg>${json_data['results'][0]['picture']['thumbnail']}</arg>
<arg>^https?://.*\.(?:png|jpe?g|gif|bmp)$</arg>
<doc>Fails if ``string`` does not match ``pattern`` as a regular expression.</doc>
<status status="PASS" start="2024-04-27T04:15:53.461902" elapsed="0.000372"/>
</kw>
<kw name="Log" owner="BuiltIn">
<msg time="2024-04-27T04:15:53.462791" level="INFO">{'large': 'https://randomuser.me/api/portraits/women/50.jpg', 'medium': 'https://randomuser.me/api/portraits/med/women/50.jpg', 'thumbnail': 'https://randomuser.me/api/portraits/thumb/women/50.jpg'}</msg>
<arg>${json_data['results'][0]['picture']}</arg>
<doc>Logs the given message with the given level.</doc>
<status status="PASS" start="2024-04-27T04:15:53.462467" elapsed="0.000366"/>
</kw>
<status status="PASS" start="2024-04-27T04:15:53.387554" elapsed="0.075528"/>
</kw>
<kw name="Teste de Tipos de Dados - Postcode" owner="random-user-service">
<kw name="GET On Session" owner="RequestsLibrary">
<msg time="2024-04-27T04:15:53.550806" level="INFO">GET Request : url=https://randomuser.me/api 
 path_url=/api 
 headers={'User-Agent': 'python-requests/2.31.0', 'Accept-Encoding': 'gzip, deflate', 'Accept': '*/*', 'Connection': 'keep-alive'} 
 body=None 
 </msg>
<msg time="2024-04-27T04:15:53.550883" level="INFO">GET Response : url=https://randomuser.me/api 
 status=200, reason=OK 
 headers={'Date': 'Sat, 27 Apr 2024 04:15:53 GMT', 'Content-Type': 'application/json; charset=utf-8', 'Transfer-Encoding': 'chunked', 'Connection': 'keep-alive', 'X-Powered-By': 'Express', 'Access-Control-Allow-Origin': '*', 'Cache-Control': 'no-cache', 'ETag': 'W/"4a0-XDYzoEYPf9+dVRB8QtuaeKnZku4"', 'Vary': 'Accept-Encoding', 'Content-Encoding': 'gzip', 'CF-Cache-Status': 'DYNAMIC', 'Report-To': '{"endpoints":[{"url":"https:\\/\\/a.nel.cloudflare.com\\/report\\/v4?s=lZLgQ6wlIPTU728zD8xfM98RamOnYRdNn7Ua8RH84a5I7j8wxcPkf8jQXeUyvDZSHgsx5Xvxdo7IoIsxc3Ecxud3Q2wIYU55Rq%2F715Pr51ls0pd5XzIxaYmHgbrLe6dI"}],"group":"cf-nel","max_age":604800}', 'NEL': '{"success_fraction":0,"report_to":"cf-nel","max_age":604800}', 'Server': 'cloudflare', 'CF-RAY': '87abfe7729bc6fb5-IAD', 'alt-svc': 'h3=":443"; ma=86400'} 
 body={"results":[{"gender":"female","name":{"title":"Mrs","first":"Cindy","last":"Häring"},"location":{"street":{"number":6738,"name":"Burgstraße"},"city":"Oestrich-Winkel","state":"Berlin","country":"Germany","postcode":46603,"coordinates":{"latitude":"-49.5998","longitude":"146.1149"},"timezone":{"offset":"-5:00","description":"Eastern Time (US &amp; Canada), Bogota, Lima"}},"email":"cindy.haring@example.com","login":{"uuid":"25a4a3a2-6225-4d50-a340-f34b47a6c8c7","username":"angrywolf293","password":"daemon","salt":"jivZudlo","md5":"1592f0d18eedc1d36c612b1874f16574","sha1":"6a0f5dffbae8d191648591a6170c6881631f6a1a","sha256":"8b11824b5f87a76a8345d48b9694ec5d2acb43e95489ae973b2e1f309fadb751"},"dob":{"date":"1961-10-11T02:47:45.516Z","age":62},"registered":{"date":"2016-10-03T06:45:06.688Z","age":7},"phone":"0463-8574152","cell":"0170-4528908","id":{"name":"SVNR","value":"75 101061 H 913"},"picture":{"large":"https://randomuser.me/api/portraits/women/24.jpg","medium":"https://randomuser.me/api/portraits/med/women/24.jpg","thumbnail":"https://randomuser.me/api/portraits/thumb/women/24.jpg"},"nat":"DE"}],"info":{"seed":"414a6095d08e3c1f","results":1,"page":1,"version":"1.4"}} 
 </msg>
<msg time="2024-04-27T04:15:53.550958" level="INFO">/opt/hostedtoolcache/Python/3.12.3/x64/lib/python3.12/site-packages/urllib3/connectionpool.py:1103: InsecureRequestWarning: Unverified HTTPS request is being made to host 'randomuser.me'. Adding certificate verification is strongly advised. See: https://urllib3.readthedocs.io/en/latest/advanced-usage.html#tls-warnings
  warnings.warn(</msg>
<msg time="2024-04-27T04:15:53.551083" level="INFO">${response} = &lt;Response [200]&gt;</msg>
<var>${response}</var>
<arg>consultarAPI</arg>
<arg>/api</arg>
<doc>Sends a GET request on a previously created HTTP Session.</doc>
<status status="PASS" start="2024-04-27T04:15:53.463516" elapsed="0.087618"/>
</kw>
<kw name="Set Variable" owner="BuiltIn">
<msg time="2024-04-27T04:15:53.552025" level="INFO">${json_data} = {'results': [{'gender': 'female', 'name': {'title': 'Mrs', 'first': 'Cindy', 'last': 'Häring'}, 'location': {'street': {'number': 6738, 'name': 'Burgstraße'}, 'city': 'Oestrich-Winkel', 'state': 'Berl...</msg>
<var>${json_data}</var>
<arg>${response.json()}</arg>
<doc>Returns the given values which can then be assigned to a variables.</doc>
<status status="PASS" start="2024-04-27T04:15:53.551565" elapsed="0.000489"/>
</kw>
<kw name="Log" owner="BuiltIn">
<msg time="2024-04-27T04:15:53.552526" level="INFO">{'results': [{'gender': 'female', 'name': {'title': 'Mrs', 'first': 'Cindy', 'last': 'Häring'}, 'location': {'street': {'number': 6738, 'name': 'Burgstraße'}, 'city': 'Oestrich-Winkel', 'state': 'Berlin', 'country': 'Germany', 'postcode': 46603, 'coordinates': {'latitude': '-49.5998', 'longitude': '146.1149'}, 'timezone': {'offset': '-5:00', 'description': 'Eastern Time (US &amp; Canada), Bogota, Lima'}}, 'email': 'cindy.haring@example.com', 'login': {'uuid': '25a4a3a2-6225-4d50-a340-f34b47a6c8c7', 'username': 'angrywolf293', 'password': 'daemon', 'salt': 'jivZudlo', 'md5': '1592f0d18eedc1d36c612b1874f16574', 'sha1': '6a0f5dffbae8d191648591a6170c6881631f6a1a', 'sha256': '8b11824b5f87a76a8345d48b9694ec5d2acb43e95489ae973b2e1f309fadb751'}, 'dob': {'date': '1961-10-11T02:47:45.516Z', 'age': 62}, 'registered': {'date': '2016-10-03T06:45:06.688Z', 'age': 7}, 'phone': '0463-8574152', 'cell': '0170-4528908', 'id': {'name': 'SVNR', 'value': '75 101061 H 913'}, 'picture': {'large': 'https://randomuser.me/api/portraits/women/24.jpg', 'medium': 'https://randomuser.me/api/portraits/med/women/24.jpg', 'thumbnail': 'https://randomuser.me/api/portraits/thumb/women/24.jpg'}, 'nat': 'DE'}], 'info': {'seed': '414a6095d08e3c1f', 'results': 1, 'page': 1, 'version': '1.4'}}</msg>
<arg>${json_data}</arg>
<doc>Logs the given message with the given level.</doc>
<status status="PASS" start="2024-04-27T04:15:53.552363" elapsed="0.000246"/>
</kw>
<kw name="Should Be Equal As Numbers" owner="BuiltIn">
<arg>${json_data['results'][0]['location']['postcode']}</arg>
<arg>${json_data['results'][0]['location']['postcode']}</arg>
<doc>Fails if objects are unequal after converting them to real numbers.</doc>
<status status="PASS" start="2024-04-27T04:15:53.553038" elapsed="0.000619"/>
</kw>
<kw name="Log" owner="BuiltIn">
<msg time="2024-04-27T04:15:53.554181" level="INFO">46603</msg>
<arg>${json_data['results'][0]['location']['postcode']}</arg>
<doc>Logs the given message with the given level.</doc>
<status status="PASS" start="2024-04-27T04:15:53.553848" elapsed="0.000373"/>
</kw>
<status status="PASS" start="2024-04-27T04:15:53.463292" elapsed="0.091232"/>
</kw>
<doc>Testa se os tipos de dados na resposta da API estão corretos.</doc>
<tag>testeTiposDados</tag>
<status status="PASS" start="2024-04-27T04:15:53.387135" elapsed="0.167548"/>
</test>
<test id="s1-s1-t5" name="Validar conteudo" line="35">
<kw name="Teste de Tipos de Conteudo" owner="random-user-service">
<kw name="GET On Session" owner="RequestsLibrary">
<msg time="2024-04-27T04:15:53.650931" level="INFO">GET Request : url=https://randomuser.me/api 
 path_url=/api 
 headers={'User-Agent': 'python-requests/2.31.0', 'Accept-Encoding': 'gzip, deflate', 'Accept': '*/*', 'Connection': 'keep-alive'} 
 body=None 
 </msg>
<msg time="2024-04-27T04:15:53.651018" level="INFO">GET Response : url=https://randomuser.me/api 
 status=200, reason=OK 
 headers={'Date': 'Sat, 27 Apr 2024 04:15:53 GMT', 'Content-Type': 'application/json; charset=utf-8', 'Transfer-Encoding': 'chunked', 'Connection': 'keep-alive', 'X-Powered-By': 'Express', 'Access-Control-Allow-Origin': '*', 'Cache-Control': 'no-cache', 'ETag': 'W/"49b-EftJvSil93y9EVbU/aDGPqm8IUI"', 'Vary': 'Accept-Encoding', 'Content-Encoding': 'gzip', 'CF-Cache-Status': 'DYNAMIC', 'Report-To': '{"endpoints":[{"url":"https:\\/\\/a.nel.cloudflare.com\\/report\\/v4?s=Ue%2F1QO9dTro3x6gIbWdaALJh4Rq0hex4MIv26GoGv0GDQalBpTEVld08qGauOrK%2FfAwaxNzRguK3ASpNRmhHbLkRppJnbsQgdLIQxdy38W%2FrDeaevNX4%2BBxPLJBkaBWn"}],"group":"cf-nel","max_age":604800}', 'NEL': '{"success_fraction":0,"report_to":"cf-nel","max_age":604800}', 'Server': 'cloudflare', 'CF-RAY': '87abfe77ca1a6fb5-IAD', 'alt-svc': 'h3=":443"; ma=86400'} 
 body={"results":[{"gender":"female","name":{"title":"Miss","first":"Lia","last":"Fontai"},"location":{"street":{"number":3837,"name":"Rue de L'Abbé-Roger-Derry"},"city":"Roubaix","state":"Vosges","country":"France","postcode":99555,"coordinates":{"latitude":"-18.9143","longitude":"24.6992"},"timezone":{"offset":"+2:00","description":"Kaliningrad, South Africa"}},"email":"lia.fontai@example.com","login":{"uuid":"852869cf-f312-4bc5-949c-b884b1e9ab4b","username":"silverpanda597","password":"malone","salt":"lfiTYt2q","md5":"df1be999d1e2648503614c3aa5f4cfe9","sha1":"3d23fd9d505efab3a18af1fdd386057e417840b5","sha256":"50ee5b32b72f4a7ee5d15506e8957534b53a63153809fb8b248ed0465d73090a"},"dob":{"date":"1975-05-07T04:10:50.813Z","age":48},"registered":{"date":"2008-07-07T08:40:13.383Z","age":15},"phone":"01-96-66-27-82","cell":"06-76-23-67-56","id":{"name":"INSEE","value":"2750492427971 06"},"picture":{"large":"https://randomuser.me/api/portraits/women/70.jpg","medium":"https://randomuser.me/api/portraits/med/women/70.jpg","thumbnail":"https://randomuser.me/api/portraits/thumb/women/70.jpg"},"nat":"FR"}],"info":{"seed":"7b077520623c8c82","results":1,"page":1,"version":"1.4"}} 
 </msg>
<msg time="2024-04-27T04:15:53.651095" level="INFO">/opt/hostedtoolcache/Python/3.12.3/x64/lib/python3.12/site-packages/urllib3/connectionpool.py:1103: InsecureRequestWarning: Unverified HTTPS request is being made to host 'randomuser.me'. Adding certificate verification is strongly advised. See: https://urllib3.readthedocs.io/en/latest/advanced-usage.html#tls-warnings
  warnings.warn(</msg>
<msg time="2024-04-27T04:15:53.651232" level="INFO">${response} = &lt;Response [200]&gt;</msg>
<var>${response}</var>
<arg>consultarAPI</arg>
<arg>/api</arg>
<doc>Sends a GET request on a previously created HTTP Session.</doc>
<status status="PASS" start="2024-04-27T04:15:53.557041" elapsed="0.094248"/>
</kw>
<kw name="Set Variable" owner="BuiltIn">
<msg time="2024-04-27T04:15:53.652186" level="INFO">${json_data} = {'results': [{'gender': 'female', 'name': {'title': 'Miss', 'first': 'Lia', 'last': 'Fontai'}, 'location': {'street': {'number': 3837, 'name': "Rue de L'Abbé-Roger-Derry"}, 'city': 'Roubaix', 'state':...</msg>
<var>${json_data}</var>
<arg>${response.json()}</arg>
<doc>Returns the given values which can then be assigned to a variables.</doc>
<status status="PASS" start="2024-04-27T04:15:53.651748" elapsed="0.000468"/>
</kw>
<kw name="Set Variable" owner="BuiltIn">
<msg time="2024-04-27T04:15:53.652900" level="INFO">${name_title} = Miss</msg>
<var>${name_title}</var>
<arg>${json_data["results"][0]["name"]["title"]}</arg>
<doc>Returns the given values which can then be assigned to a variables.</doc>
<status status="PASS" start="2024-04-27T04:15:53.652519" elapsed="0.000412"/>
</kw>
<kw name="Create List" owner="BuiltIn">
<msg time="2024-04-27T04:15:53.653374" level="INFO">${allowed_titles} = ['Mr', 'Ms', 'Miss', 'Mrs', 'Madame', 'Monsieur']</msg>
<var>${allowed_titles}</var>
<arg>Mr</arg>
<arg>Ms</arg>
<arg>Miss</arg>
<arg>Mrs</arg>
<arg>Madame</arg>
<arg>Monsieur</arg>
<doc>Returns a list containing given items.</doc>
<status status="PASS" start="2024-04-27T04:15:53.653226" elapsed="0.000172"/>
</kw>
<kw name="List Should Contain Value" owner="Collections">
<msg time="2024-04-27T04:15:53.653861" level="INFO">False</msg>
<arg>${allowed_titles}</arg>
<arg>${name_title}</arg>
<doc>Fails if the ``value`` is not found from ``list``.</doc>
<status status="PASS" start="2024-04-27T04:15:53.653694" elapsed="0.000204"/>
</kw>
<kw name="Set Variable" owner="BuiltIn">
<msg time="2024-04-27T04:15:53.654608" level="INFO">${name_country} = FR</msg>
<var>${name_country}</var>
<arg>${json_data["results"][0]["nat"]}</arg>
<doc>Returns the given values which can then be assigned to a variables.</doc>
<status status="PASS" start="2024-04-27T04:15:53.654182" elapsed="0.000451"/>
</kw>
<kw name="Create List" owner="BuiltIn">
<msg time="2024-04-27T04:15:53.655524" level="INFO">${list_country} = ['AD', 'AE', 'AF', 'AG', 'AI', 'AL', 'AM', 'AO', 'AQ', 'AR', 'AS', 'AT', 'AU', 'AW', 'AX', 'AZ', 'BA', 'BB', 'BD', 'BE', 'BF', 'BG', 'BH', 'BI', 'BJ', 'BL', 'BM', 'BN', 'BO', 'BQ', 'BR', 'BS', 'BT', '...</msg>
<var>${list_country}</var>
<arg>AD</arg>
<arg>AE</arg>
<arg>AF</arg>
<arg>AG</arg>
<arg>AI</arg>
<arg>AL</arg>
<arg>AM</arg>
<arg>AO</arg>
<arg>AQ</arg>
<arg>AR</arg>
<arg>AS</arg>
<arg>AT</arg>
<arg>AU</arg>
<arg>AW</arg>
<arg>AX</arg>
<arg>AZ</arg>
<arg>BA</arg>
<arg>BB</arg>
<arg>BD</arg>
<arg>BE</arg>
<arg>BF</arg>
<arg>BG</arg>
<arg>BH</arg>
<arg>BI</arg>
<arg>BJ</arg>
<arg>BL</arg>
<arg>BM</arg>
<arg>BN</arg>
<arg>BO</arg>
<arg>BQ</arg>
<arg>BR</arg>
<arg>BS</arg>
<arg>BT</arg>
<arg>BV</arg>
<arg>BW</arg>
<arg>BY</arg>
<arg>BZ</arg>
<arg>CA</arg>
<arg>CC</arg>
<arg>CD</arg>
<arg>CF</arg>
<arg>CG</arg>
<arg>CH</arg>
<arg>CI</arg>
<arg>CK</arg>
<arg>CL</arg>
<arg>CM</arg>
<arg>CN</arg>
<arg>CO</arg>
<arg>CR</arg>
<arg>CU</arg>
<arg>CV</arg>
<arg>CW</arg>
<arg>CX</arg>
<arg>CY</arg>
<arg>CZ</arg>
<arg>DE</arg>
<arg>DJ</arg>
<arg>DK</arg>
<arg>DM</arg>
<arg>DO</arg>
<arg>DZ</arg>
<arg>EC</arg>
<arg>EE</arg>
<arg>EG</arg>
<arg>EH</arg>
<arg>ER</arg>
<arg>ES</arg>
<arg>ET</arg>
<arg>FI</arg>
<arg>FJ</arg>
<arg>FK</arg>
<arg>FM</arg>
<arg>FO</arg>
<arg>FR</arg>
<arg>GA</arg>
<arg>GB</arg>
<arg>GD</arg>
<arg>GE</arg>
<arg>GF</arg>
<arg>GG</arg>
<arg>GH</arg>
<arg>GI</arg>
<arg>GL</arg>
<arg>GM</arg>
<arg>GN</arg>
<arg>GP</arg>
<arg>GQ</arg>
<arg>GR</arg>
<arg>GS</arg>
<arg>GT</arg>
<arg>GU</arg>
<arg>GW</arg>
<arg>GY</arg>
<arg>HK</arg>
<arg>HM</arg>
<arg>HN</arg>
<arg>HR</arg>
<arg>HT</arg>
<arg>HU</arg>
<arg>ID</arg>
<arg>IE</arg>
<arg>IL</arg>
<arg>IM</arg>
<arg>IN</arg>
<arg>IO</arg>
<arg>IQ</arg>
<arg>IR</arg>
<arg>IS</arg>
<arg>IT</arg>
<arg>JE</arg>
<arg>JM</arg>
<arg>JO</arg>
<arg>JP</arg>
<arg>KE</arg>
<arg>KG</arg>
<arg>KH</arg>
<arg>KI</arg>
<arg>KM</arg>
<arg>KN</arg>
<arg>KP</arg>
<arg>KR</arg>
<arg>KW</arg>
<arg>KY</arg>
<arg>KZ</arg>
<arg>LA</arg>
<arg>LB</arg>
<arg>LC</arg>
<arg>LI</arg>
<arg>LK</arg>
<arg>LR</arg>
<arg>LS</arg>
<arg>LT</arg>
<arg>LU</arg>
<arg>LV</arg>
<arg>LY</arg>
<arg>MA</arg>
<arg>MC</arg>
<arg>MD</arg>
<arg>ME</arg>
<arg>MF</arg>
<arg>MG</arg>
<arg>MH</arg>
<arg>MK</arg>
<arg>ML</arg>
<arg>MM</arg>
<arg>MN</arg>
<arg>MO</arg>
<arg>MP</arg>
<arg>MQ</arg>
<arg>MR</arg>
<arg>MS</arg>
<arg>MT</arg>
<arg>MU</arg>
<arg>MV</arg>
<arg>MW</arg>
<arg>MX</arg>
<arg>MY</arg>
<arg>MZ</arg>
<arg>NA</arg>
<arg>NC</arg>
<arg>NE</arg>
<arg>NF</arg>
<arg>NG</arg>
<arg>NI</arg>
<arg>NL</arg>
<arg>NO</arg>
<arg>NP</arg>
<arg>NR</arg>
<arg>NU</arg>
<arg>NZ</arg>
<arg>OM</arg>
<arg>PA</arg>
<arg>PE</arg>
<arg>PF</arg>
<arg>PG</arg>
<arg>PH</arg>
<arg>PK</arg>
<arg>PL</arg>
<arg>PM</arg>
<arg>PN</arg>
<arg>PR</arg>
<arg>PS</arg>
<arg>PT</arg>
<arg>PW</arg>
<arg>PY</arg>
<arg>QA</arg>
<arg>RE</arg>
<arg>RO</arg>
<arg>RS</arg>
<arg>RU</arg>
<arg>RW</arg>
<arg>SA</arg>
<arg>SB</arg>
<arg>SC</arg>
<arg>SD</arg>
<arg>SE</arg>
<arg>SG</arg>
<arg>SH</arg>
<arg>SI</arg>
<arg>SJ</arg>
<arg>SK</arg>
<arg>SL</arg>
<arg>SM</arg>
<arg>SN</arg>
<arg>SO</arg>
<arg>SR</arg>
<arg>SS</arg>
<arg>ST</arg>
<arg>SV</arg>
<arg>SX</arg>
<arg>SY</arg>
<arg>SZ</arg>
<arg>TC</arg>
<arg>TD</arg>
<arg>TF</arg>
<arg>TG</arg>
<arg>TH</arg>
<arg>TJ</arg>
<arg>TK</arg>
<arg>TL</arg>
<arg>TM</arg>
<arg>TN</arg>
<arg>TO</arg>
<arg>TR</arg>
<arg>TT</arg>
<arg>TV</arg>
<arg>TW</arg>
<arg>TZ</arg>
<arg>UA</arg>
<arg>UG</arg>
<arg>UM</arg>
<arg>US</arg>
<arg>UY</arg>
<arg>UZ</arg>
<arg>VA</arg>
<arg>VC</arg>
<arg>VE</arg>
<arg>VG</arg>
<arg>VI</arg>
<arg>VN</arg>
<arg>VU</arg>
<arg>WF</arg>
<arg>WS</arg>
<arg>XK</arg>
<arg>YE</arg>
<arg>YT</arg>
<arg>ZA</arg>
<arg>ZM</arg>
<arg>ZW</arg>
<doc>Returns a list containing given items.</doc>
<status status="PASS" start="2024-04-27T04:15:53.654934" elapsed="0.000616"/>
</kw>
<kw name="List Should Contain Value" owner="Collections">
<msg time="2024-04-27T04:15:53.656534" level="INFO">False</msg>
<arg>${list_country}</arg>
<arg>${name_country}</arg>
<doc>Fails if the ``value`` is not found from ``list``.</doc>
<status status="PASS" start="2024-04-27T04:15:53.656336" elapsed="0.000234"/>
</kw>
<kw name="Run Keyword If" owner="BuiltIn">
<kw name="Should Be True" owner="BuiltIn">
<arg>${True}</arg>
<doc>Fails if the given condition is not true.</doc>
<status status="PASS" start="2024-04-27T04:15:53.657626" elapsed="0.000242"/>
</kw>
<arg>${json_data["results"][0]["location"]["coordinates"]["latitude"]} &gt;= -90 and ${json_data["results"][0]["location"]["coordinates"]["latitude"]} &lt;= 90</arg>
<arg>Should Be True</arg>
<arg>${True}</arg>
<doc>Runs the given keyword with the given arguments, if ``condition`` is true.</doc>
<status status="PASS" start="2024-04-27T04:15:53.656879" elapsed="0.001118"/>
</kw>
<kw name="Run Keyword If" owner="BuiltIn">
<kw name="Should Be True" owner="BuiltIn">
<arg>${True}</arg>
<doc>Fails if the given condition is not true.</doc>
<status status="PASS" start="2024-04-27T04:15:53.658919" elapsed="0.000137"/>
</kw>
<arg>${json_data["results"][0]["location"]["coordinates"]["longitude"]} &gt;= -180 and ${json_data["results"][0]["location"]["coordinates"]["longitude"]} &lt;= 180</arg>
<arg>Should Be True</arg>
<arg>${True}</arg>
<doc>Runs the given keyword with the given arguments, if ``condition`` is true.</doc>
<status status="PASS" start="2024-04-27T04:15:53.658182" elapsed="0.000997"/>
</kw>
<status status="PASS" start="2024-04-27T04:15:53.556822" elapsed="0.102482"/>
</kw>
<doc>Testa o conteúdo específico dos campos retornados pela API.</doc>
<tag>testeConteudo</tag>
<status status="PASS" start="2024-04-27T04:15:53.556396" elapsed="0.103048"/>
</test>
<status status="PASS" start="2024-04-27T04:15:52.769305" elapsed="0.892044"/>
</suite>
<status status="PASS" start="2024-04-27T04:15:52.756103" elapsed="0.910331"/>
</suite>
<statistics>
<total>
<stat pass="5" fail="0" skip="0">All Tests</stat>
</total>
<tag>
<stat pass="1" fail="0" skip="0">testeConteudo</stat>
<stat pass="1" fail="0" skip="0">testeEstruturaResposta</stat>
<stat pass="1" fail="0" skip="0">testeRequisicaoBasica</stat>
<stat pass="1" fail="0" skip="0">testeTiposDados</stat>
</tag>
<suite>
<stat pass="5" fail="0" skip="0" id="s1" name="Tests">Tests</stat>
<stat pass="5" fail="0" skip="0" id="s1-s1" name="Random-User-Test">Tests.Random-User-Test</stat>
</suite>
</statistics>
<errors>
</errors>
</robot>
