<?xml version="1.0" encoding="UTF-8"?>
<robot generator="Robot 7.0.1 (Python 3.12.4 on linux)" generated="2024-07-28T02:36:05.852493" rpa="false" schemaversion="5">
<suite id="s1" name="Tests" source="/home/runner/work/ApiRandomUser/ApiRandomUser/RamdonUser/tests">
<suite id="s1-s1" name="Random-User-Test" source="/home/runner/work/ApiRandomUser/ApiRandomUser/RamdonUser/tests/random-user-test.robot">
<test id="s1-s1-t1" name="Conectar" line="13">
<kw name="Conectar API" owner="random-user-service">
<kw name="Create Session" owner="RequestsLibrary">
<msg time="2024-07-28T02:36:06.274490" level="INFO">Creating Session using : alias=consultarAPI, url=https://randomuser.me/, headers={},                     cookies={}, auth=None, timeout=None, proxies=None, verify=False,                     debug=0 </msg>
<arg>consultarAPI</arg>
<arg>${URL}</arg>
<doc>Create Session: create a HTTP session to a server</doc>
<status status="PASS" start="2024-07-28T02:36:06.274274" elapsed="0.000417"/>
</kw>
<status status="PASS" start="2024-07-28T02:36:06.273135" elapsed="0.001944"/>
</kw>
<status status="PASS" start="2024-07-28T02:36:06.272547" elapsed="0.002740"/>
</test>
<test id="s1-s1-t2" name="Validar retorno 200 e JSON Válido" line="16">
<kw name="Teste de Requisicao Basica" owner="random-user-service">
<kw name="GET On Session" owner="RequestsLibrary">
<msg time="2024-07-28T02:36:06.368228" level="INFO">GET Request : url=https://randomuser.me/api 
 path_url=/api 
 headers={'User-Agent': 'python-requests/2.32.3', 'Accept-Encoding': 'gzip, deflate', 'Accept': '*/*', 'Connection': 'keep-alive'} 
 body=None 
 </msg>
<msg time="2024-07-28T02:36:06.368389" level="INFO">GET Response : url=https://randomuser.me/api 
 status=200, reason=OK 
 headers={'Date': 'Sun, 28 Jul 2024 02:36:06 GMT', 'Content-Type': 'application/json; charset=utf-8', 'Transfer-Encoding': 'chunked', 'Connection': 'keep-alive', 'X-Powered-By': 'Express', 'Access-Control-Allow-Origin': '*', 'Cache-Control': 'no-cache', 'ETag': 'W/"4b1-aENPVTeIa39mA8bpdUL4jjf3lCk"', 'Vary': 'Accept-Encoding', 'Content-Encoding': 'gzip', 'CF-Cache-Status': 'DYNAMIC', 'Report-To': '{"endpoints":[{"url":"https:\\/\\/a.nel.cloudflare.com\\/report\\/v4?s=3WTgtSIC07iCDA3Bjzla5s3tt7Zx%2BlVy8f%2Fw%2BsLb%2FeTmYzc6sZG%2FDrQ8CbUxIZwWHSPnu2onhO7x8%2BQhudqH6L0Cg7eq246m0rOqtwwMGXMA3Wvej1WvL%2FD4dKrbxWcq"}],"group":"cf-nel","max_age":604800}', 'NEL': '{"success_fraction":0,"report_to":"cf-nel","max_age":604800}', 'Server': 'cloudflare', 'CF-RAY': '8aa17acb7ccf023b-ORD', 'alt-svc': 'h3=":443"; ma=86400'} 
 body={"results":[{"gender":"male","name":{"title":"Mr","first":"Lucien","last":"Gaillard"},"location":{"street":{"number":6081,"name":"Rue Abel-Ferry"},"city":"Courbevoie","state":"Pyrénées-Atlantiques","country":"France","postcode":27446,"coordinates":{"latitude":"-19.1687","longitude":"-63.2488"},"timezone":{"offset":"-5:00","description":"Eastern Time (US &amp; Canada), Bogota, Lima"}},"email":"lucien.gaillard@example.com","login":{"uuid":"853954c3-7535-498c-b9eb-f864281e3e70","username":"tinypanda995","password":"message","salt":"ExnxJFUC","md5":"5269938e3934e90976284caa9166ad73","sha1":"febb5bb75362146aa1f4831559ae0fbdf3477f11","sha256":"11fb18c5bf0e8685f4a9d410bcff4785a070b8fda54b1f6caa64a0c69490bc56"},"dob":{"date":"1974-05-13T19:46:08.373Z","age":50},"registered":{"date":"2010-04-27T09:11:20.270Z","age":14},"phone":"01-51-81-94-02","cell":"06-46-63-74-14","id":{"name":"INSEE","value":"1740429639628 57"},"picture":{"large":"https://randomuser.me/api/portraits/men/27.jpg","medium":"https://randomuser.me/api/portraits/med/men/27.jpg","thumbnail":"https://randomuser.me/api/portraits/thumb/men/27.jpg"},"nat":"FR"}],"info":{"seed":"53ec889a5364e3ad","results":1,"page":1,"version":"1.4"}} 
 </msg>
<msg time="2024-07-28T02:36:06.368477" level="INFO">/opt/hostedtoolcache/Python/3.12.4/x64/lib/python3.12/site-packages/urllib3/connectionpool.py:1099: InsecureRequestWarning: Unverified HTTPS request is being made to host 'randomuser.me'. Adding certificate verification is strongly advised. See: https://urllib3.readthedocs.io/en/latest/advanced-usage.html#tls-warnings
  warnings.warn(</msg>
<msg time="2024-07-28T02:36:06.368625" level="INFO">${response} = &lt;Response [200]&gt;</msg>
<var>${response}</var>
<arg>consultarAPI</arg>
<arg>/api</arg>
<doc>Sends a GET request on a previously created HTTP Session.</doc>
<status status="PASS" start="2024-07-28T02:36:06.278050" elapsed="0.090616"/>
</kw>
<kw name="Should Be Equal As Numbers" owner="BuiltIn">
<msg time="2024-07-28T02:36:06.369735" level="INFO">Argument types are:
&lt;class 'int'&gt;
&lt;class 'str'&gt;</msg>
<arg>${response.status_code}</arg>
<arg>200</arg>
<doc>Fails if objects are unequal after converting them to real numbers.</doc>
<status status="PASS" start="2024-07-28T02:36:06.369219" elapsed="0.000582"/>
</kw>
<kw name="Log" owner="BuiltIn">
<msg time="2024-07-28T02:36:06.370488" level="INFO">200</msg>
<arg>${response.status_code}</arg>
<doc>Logs the given message with the given level.</doc>
<status status="PASS" start="2024-07-28T02:36:06.370126" elapsed="0.000406"/>
</kw>
<kw name="Set Variable" owner="BuiltIn">
<msg time="2024-07-28T02:36:06.371291" level="INFO">${json_data} = {'results': [{'gender': 'male', 'name': {'title': 'Mr', 'first': 'Lucien', 'last': 'Gaillard'}, 'location': {'street': {'number': 6081, 'name': 'Rue Abel-Ferry'}, 'city': 'Courbevoie', 'state': 'Pyrén...</msg>
<var>${json_data}</var>
<arg>${response.json()}</arg>
<doc>Returns the given values which can then be assigned to a variables.</doc>
<status status="PASS" start="2024-07-28T02:36:06.370840" elapsed="0.000483"/>
</kw>
<kw name="Dictionary Should Contain Key" owner="Collections">
<arg>${json_data}</arg>
<arg>results</arg>
<doc>Fails if ``key`` is not found from ``dictionary``.</doc>
<status status="PASS" start="2024-07-28T02:36:06.371637" elapsed="0.000332"/>
</kw>
<status status="PASS" start="2024-07-28T02:36:06.277780" elapsed="0.094347"/>
</kw>
<doc>Testa se a API responde corretamente e retorna um objeto JSON válido.</doc>
<tag>testeRequisicaoBasica</tag>
<status status="PASS" start="2024-07-28T02:36:06.277275" elapsed="0.095030"/>
</test>
<test id="s1-s1-t3" name="Validar estrutura de resposta" line="22">
<kw name="Teste de Estrutura de Resposta" owner="random-user-service">
<kw name="GET On Session" owner="RequestsLibrary">
<msg time="2024-07-28T02:36:06.462091" level="INFO">GET Request : url=https://randomuser.me/api 
 path_url=/api 
 headers={'User-Agent': 'python-requests/2.32.3', 'Accept-Encoding': 'gzip, deflate', 'Accept': '*/*', 'Connection': 'keep-alive'} 
 body=None 
 </msg>
<msg time="2024-07-28T02:36:06.462210" level="INFO">GET Response : url=https://randomuser.me/api 
 status=200, reason=OK 
 headers={'Date': 'Sun, 28 Jul 2024 02:36:06 GMT', 'Content-Type': 'application/json; charset=utf-8', 'Transfer-Encoding': 'chunked', 'Connection': 'keep-alive', 'X-Powered-By': 'Express', 'Access-Control-Allow-Origin': '*', 'Cache-Control': 'no-cache', 'ETag': 'W/"482-hjHAByJviIVm8n3+FTwFFZd6fLI"', 'Vary': 'Accept-Encoding', 'Content-Encoding': 'gzip', 'CF-Cache-Status': 'DYNAMIC', 'Report-To': '{"endpoints":[{"url":"https:\\/\\/a.nel.cloudflare.com\\/report\\/v4?s=vKuMCG4tbry3YspH%2F7u%2BR5X%2BnA%2FW7MU9gSw46uqcnQo93LMQ%2BqYOnNSRCQ%2BAiDA1gJgR%2FBmb3c%2FhoIjy86YZKNAeu9VExR4IorCaNyZvROgVWYsKWu2Ra9zHJLSDY95z"}],"group":"cf-nel","max_age":604800}', 'NEL': '{"success_fraction":0,"report_to":"cf-nel","max_age":604800}', 'Server': 'cloudflare', 'CF-RAY': '8aa17acbdd5d023b-ORD', 'alt-svc': 'h3=":443"; ma=86400'} 
 body={"results":[{"gender":"male","name":{"title":"Mr","first":"Svetozar","last":"Šotra"},"location":{"street":{"number":1108,"name":"Milovana Milenkovića"},"city":"Kovin","state":"Šumadija","country":"Serbia","postcode":28837,"coordinates":{"latitude":"62.0159","longitude":"-76.2034"},"timezone":{"offset":"-12:00","description":"Eniwetok, Kwajalein"}},"email":"svetozar.sotra@example.com","login":{"uuid":"cb0185d3-d03f-41c6-b0f5-ff4e7fd05e5f","username":"whitefrog988","password":"789987","salt":"2cm9fXBR","md5":"32d5af67f014c60e14eb4a7cb8601842","sha1":"e66ac4b8881c3c90898a1dbc75180786d51b27af","sha256":"56f879c81cd4dcf716d5b41389106f8fcf6cb52b7e4489efc5975a1500e66c25"},"dob":{"date":"1999-07-17T00:07:24.938Z","age":25},"registered":{"date":"2007-12-31T05:51:53.001Z","age":16},"phone":"029-8039-393","cell":"067-3583-818","id":{"name":"SID","value":"649935597"},"picture":{"large":"https://randomuser.me/api/portraits/men/90.jpg","medium":"https://randomuser.me/api/portraits/med/men/90.jpg","thumbnail":"https://randomuser.me/api/portraits/thumb/men/90.jpg"},"nat":"RS"}],"info":{"seed":"6625a9d1cad3b80d","results":1,"page":1,"version":"1.4"}} 
 </msg>
<msg time="2024-07-28T02:36:06.462368" level="INFO">/opt/hostedtoolcache/Python/3.12.4/x64/lib/python3.12/site-packages/urllib3/connectionpool.py:1099: InsecureRequestWarning: Unverified HTTPS request is being made to host 'randomuser.me'. Adding certificate verification is strongly advised. See: https://urllib3.readthedocs.io/en/latest/advanced-usage.html#tls-warnings
  warnings.warn(</msg>
<msg time="2024-07-28T02:36:06.462498" level="INFO">${response} = &lt;Response [200]&gt;</msg>
<var>${response}</var>
<arg>consultarAPI</arg>
<arg>/api</arg>
<doc>Sends a GET request on a previously created HTTP Session.</doc>
<status status="PASS" start="2024-07-28T02:36:06.375364" elapsed="0.087170"/>
</kw>
<kw name="Set Variable" owner="BuiltIn">
<msg time="2024-07-28T02:36:06.463638" level="INFO">${json_data} = {'results': [{'gender': 'male', 'name': {'title': 'Mr', 'first': 'Svetozar', 'last': 'Šotra'}, 'location': {'street': {'number': 1108, 'name': 'Milovana Milenkovića'}, 'city': 'Kovin', 'state': 'Šumad...</msg>
<var>${json_data}</var>
<arg>${response.json()}</arg>
<doc>Returns the given values which can then be assigned to a variables.</doc>
<status status="PASS" start="2024-07-28T02:36:06.463086" elapsed="0.000583"/>
</kw>
<kw name="Log" owner="BuiltIn">
<msg time="2024-07-28T02:36:06.464159" level="INFO">{'results': [{'gender': 'male', 'name': {'title': 'Mr', 'first': 'Svetozar', 'last': 'Šotra'}, 'location': {'street': {'number': 1108, 'name': 'Milovana Milenkovića'}, 'city': 'Kovin', 'state': 'Šumadija', 'country': 'Serbia', 'postcode': 28837, 'coordinates': {'latitude': '62.0159', 'longitude': '-76.2034'}, 'timezone': {'offset': '-12:00', 'description': 'Eniwetok, Kwajalein'}}, 'email': 'svetozar.sotra@example.com', 'login': {'uuid': 'cb0185d3-d03f-41c6-b0f5-ff4e7fd05e5f', 'username': 'whitefrog988', 'password': '789987', 'salt': '2cm9fXBR', 'md5': '32d5af67f014c60e14eb4a7cb8601842', 'sha1': 'e66ac4b8881c3c90898a1dbc75180786d51b27af', 'sha256': '56f879c81cd4dcf716d5b41389106f8fcf6cb52b7e4489efc5975a1500e66c25'}, 'dob': {'date': '1999-07-17T00:07:24.938Z', 'age': 25}, 'registered': {'date': '2007-12-31T05:51:53.001Z', 'age': 16}, 'phone': '029-8039-393', 'cell': '067-3583-818', 'id': {'name': 'SID', 'value': '649935597'}, 'picture': {'large': 'https://randomuser.me/api/portraits/men/90.jpg', 'medium': 'https://randomuser.me/api/portraits/med/men/90.jpg', 'thumbnail': 'https://randomuser.me/api/portraits/thumb/men/90.jpg'}, 'nat': 'RS'}], 'info': {'seed': '6625a9d1cad3b80d', 'results': 1, 'page': 1, 'version': '1.4'}}</msg>
<arg>${json_data}</arg>
<doc>Logs the given message with the given level.</doc>
<status status="PASS" start="2024-07-28T02:36:06.463985" elapsed="0.000227"/>
</kw>
<kw name="Dictionary Should Contain Key" owner="Collections">
<arg>${json_data}</arg>
<arg>results</arg>
<doc>Fails if ``key`` is not found from ``dictionary``.</doc>
<status status="PASS" start="2024-07-28T02:36:06.464514" elapsed="0.000171"/>
</kw>
<kw name="Should Not Be Empty" owner="BuiltIn">
<msg time="2024-07-28T02:36:06.465007" level="INFO">Length is 2.</msg>
<arg>${json_data}</arg>
<doc>Verifies that the given item is not empty.</doc>
<status status="PASS" start="2024-07-28T02:36:06.464874" elapsed="0.000173"/>
</kw>
<kw name="Create List" owner="BuiltIn">
<msg time="2024-07-28T02:36:06.465545" level="INFO">${expected_keys} = ['gender', 'name', 'location', 'email', 'login']</msg>
<var>${expected_keys}</var>
<arg>gender</arg>
<arg>name</arg>
<arg>location</arg>
<arg>email</arg>
<arg>login</arg>
<doc>Returns a list containing given items.</doc>
<status status="PASS" start="2024-07-28T02:36:06.465367" elapsed="0.000203"/>
</kw>
<for flavor="IN">
<iter>
<kw name="Dictionary Should Contain Key" owner="Collections">
<arg>${json_data['results'][0]}</arg>
<arg>${key}</arg>
<doc>Fails if ``key`` is not found from ``dictionary``.</doc>
<status status="PASS" start="2024-07-28T02:36:06.466181" elapsed="0.000423"/>
</kw>
<kw name="Log" owner="BuiltIn">
<msg time="2024-07-28T02:36:06.467167" level="INFO">{'gender': 'male', 'name': {'title': 'Mr', 'first': 'Svetozar', 'last': 'Šotra'}, 'location': {'street': {'number': 1108, 'name': 'Milovana Milenkovića'}, 'city': 'Kovin', 'state': 'Šumadija', 'country': 'Serbia', 'postcode': 28837, 'coordinates': {'latitude': '62.0159', 'longitude': '-76.2034'}, 'timezone': {'offset': '-12:00', 'description': 'Eniwetok, Kwajalein'}}, 'email': 'svetozar.sotra@example.com', 'login': {'uuid': 'cb0185d3-d03f-41c6-b0f5-ff4e7fd05e5f', 'username': 'whitefrog988', 'password': '789987', 'salt': '2cm9fXBR', 'md5': '32d5af67f014c60e14eb4a7cb8601842', 'sha1': 'e66ac4b8881c3c90898a1dbc75180786d51b27af', 'sha256': '56f879c81cd4dcf716d5b41389106f8fcf6cb52b7e4489efc5975a1500e66c25'}, 'dob': {'date': '1999-07-17T00:07:24.938Z', 'age': 25}, 'registered': {'date': '2007-12-31T05:51:53.001Z', 'age': 16}, 'phone': '029-8039-393', 'cell': '067-3583-818', 'id': {'name': 'SID', 'value': '649935597'}, 'picture': {'large': 'https://randomuser.me/api/portraits/men/90.jpg', 'medium': 'https://randomuser.me/api/portraits/med/men/90.jpg', 'thumbnail': 'https://randomuser.me/api/portraits/thumb/men/90.jpg'}, 'nat': 'RS'}</msg>
<arg>${json_data['results'][0]}</arg>
<doc>Logs the given message with the given level.</doc>
<status status="PASS" start="2024-07-28T02:36:06.466795" elapsed="0.000424"/>
</kw>
<kw name="Log" owner="BuiltIn">
<msg time="2024-07-28T02:36:06.467659" level="INFO">gender</msg>
<arg>${key}</arg>
<doc>Logs the given message with the given level.</doc>
<status status="PASS" start="2024-07-28T02:36:06.467524" elapsed="0.000175"/>
</kw>
<var name="${key}">gender</var>
<status status="PASS" start="2024-07-28T02:36:06.466052" elapsed="0.001870"/>
</iter>
<iter>
<kw name="Dictionary Should Contain Key" owner="Collections">
<arg>${json_data['results'][0]}</arg>
<arg>${key}</arg>
<doc>Fails if ``key`` is not found from ``dictionary``.</doc>
<status status="PASS" start="2024-07-28T02:36:06.468226" elapsed="0.000389"/>
</kw>
<kw name="Log" owner="BuiltIn">
<msg time="2024-07-28T02:36:06.469166" level="INFO">{'gender': 'male', 'name': {'title': 'Mr', 'first': 'Svetozar', 'last': 'Šotra'}, 'location': {'street': {'number': 1108, 'name': 'Milovana Milenkovića'}, 'city': 'Kovin', 'state': 'Šumadija', 'country': 'Serbia', 'postcode': 28837, 'coordinates': {'latitude': '62.0159', 'longitude': '-76.2034'}, 'timezone': {'offset': '-12:00', 'description': 'Eniwetok, Kwajalein'}}, 'email': 'svetozar.sotra@example.com', 'login': {'uuid': 'cb0185d3-d03f-41c6-b0f5-ff4e7fd05e5f', 'username': 'whitefrog988', 'password': '789987', 'salt': '2cm9fXBR', 'md5': '32d5af67f014c60e14eb4a7cb8601842', 'sha1': 'e66ac4b8881c3c90898a1dbc75180786d51b27af', 'sha256': '56f879c81cd4dcf716d5b41389106f8fcf6cb52b7e4489efc5975a1500e66c25'}, 'dob': {'date': '1999-07-17T00:07:24.938Z', 'age': 25}, 'registered': {'date': '2007-12-31T05:51:53.001Z', 'age': 16}, 'phone': '029-8039-393', 'cell': '067-3583-818', 'id': {'name': 'SID', 'value': '649935597'}, 'picture': {'large': 'https://randomuser.me/api/portraits/men/90.jpg', 'medium': 'https://randomuser.me/api/portraits/med/men/90.jpg', 'thumbnail': 'https://randomuser.me/api/portraits/thumb/men/90.jpg'}, 'nat': 'RS'}</msg>
<arg>${json_data['results'][0]}</arg>
<doc>Logs the given message with the given level.</doc>
<status status="PASS" start="2024-07-28T02:36:06.468802" elapsed="0.000449"/>
</kw>
<kw name="Log" owner="BuiltIn">
<msg time="2024-07-28T02:36:06.469710" level="INFO">name</msg>
<arg>${key}</arg>
<doc>Logs the given message with the given level.</doc>
<status status="PASS" start="2024-07-28T02:36:06.469580" elapsed="0.000169"/>
</kw>
<var name="${key}">name</var>
<status status="PASS" start="2024-07-28T02:36:06.468114" elapsed="0.001853"/>
</iter>
<iter>
<kw name="Dictionary Should Contain Key" owner="Collections">
<arg>${json_data['results'][0]}</arg>
<arg>${key}</arg>
<doc>Fails if ``key`` is not found from ``dictionary``.</doc>
<status status="PASS" start="2024-07-28T02:36:06.470258" elapsed="0.000390"/>
</kw>
<kw name="Log" owner="BuiltIn">
<msg time="2024-07-28T02:36:06.471196" level="INFO">{'gender': 'male', 'name': {'title': 'Mr', 'first': 'Svetozar', 'last': 'Šotra'}, 'location': {'street': {'number': 1108, 'name': 'Milovana Milenkovića'}, 'city': 'Kovin', 'state': 'Šumadija', 'country': 'Serbia', 'postcode': 28837, 'coordinates': {'latitude': '62.0159', 'longitude': '-76.2034'}, 'timezone': {'offset': '-12:00', 'description': 'Eniwetok, Kwajalein'}}, 'email': 'svetozar.sotra@example.com', 'login': {'uuid': 'cb0185d3-d03f-41c6-b0f5-ff4e7fd05e5f', 'username': 'whitefrog988', 'password': '789987', 'salt': '2cm9fXBR', 'md5': '32d5af67f014c60e14eb4a7cb8601842', 'sha1': 'e66ac4b8881c3c90898a1dbc75180786d51b27af', 'sha256': '56f879c81cd4dcf716d5b41389106f8fcf6cb52b7e4489efc5975a1500e66c25'}, 'dob': {'date': '1999-07-17T00:07:24.938Z', 'age': 25}, 'registered': {'date': '2007-12-31T05:51:53.001Z', 'age': 16}, 'phone': '029-8039-393', 'cell': '067-3583-818', 'id': {'name': 'SID', 'value': '649935597'}, 'picture': {'large': 'https://randomuser.me/api/portraits/men/90.jpg', 'medium': 'https://randomuser.me/api/portraits/med/men/90.jpg', 'thumbnail': 'https://randomuser.me/api/portraits/thumb/men/90.jpg'}, 'nat': 'RS'}</msg>
<arg>${json_data['results'][0]}</arg>
<doc>Logs the given message with the given level.</doc>
<status status="PASS" start="2024-07-28T02:36:06.470841" elapsed="0.000406"/>
</kw>
<kw name="Log" owner="BuiltIn">
<msg time="2024-07-28T02:36:06.471685" level="INFO">location</msg>
<arg>${key}</arg>
<doc>Logs the given message with the given level.</doc>
<status status="PASS" start="2024-07-28T02:36:06.471553" elapsed="0.000170"/>
</kw>
<var name="${key}">location</var>
<status status="PASS" start="2024-07-28T02:36:06.470149" elapsed="0.001793"/>
</iter>
<iter>
<kw name="Dictionary Should Contain Key" owner="Collections">
<arg>${json_data['results'][0]}</arg>
<arg>${key}</arg>
<doc>Fails if ``key`` is not found from ``dictionary``.</doc>
<status status="PASS" start="2024-07-28T02:36:06.472233" elapsed="0.000386"/>
</kw>
<kw name="Log" owner="BuiltIn">
<msg time="2024-07-28T02:36:06.473294" level="INFO">{'gender': 'male', 'name': {'title': 'Mr', 'first': 'Svetozar', 'last': 'Šotra'}, 'location': {'street': {'number': 1108, 'name': 'Milovana Milenkovića'}, 'city': 'Kovin', 'state': 'Šumadija', 'country': 'Serbia', 'postcode': 28837, 'coordinates': {'latitude': '62.0159', 'longitude': '-76.2034'}, 'timezone': {'offset': '-12:00', 'description': 'Eniwetok, Kwajalein'}}, 'email': 'svetozar.sotra@example.com', 'login': {'uuid': 'cb0185d3-d03f-41c6-b0f5-ff4e7fd05e5f', 'username': 'whitefrog988', 'password': '789987', 'salt': '2cm9fXBR', 'md5': '32d5af67f014c60e14eb4a7cb8601842', 'sha1': 'e66ac4b8881c3c90898a1dbc75180786d51b27af', 'sha256': '56f879c81cd4dcf716d5b41389106f8fcf6cb52b7e4489efc5975a1500e66c25'}, 'dob': {'date': '1999-07-17T00:07:24.938Z', 'age': 25}, 'registered': {'date': '2007-12-31T05:51:53.001Z', 'age': 16}, 'phone': '029-8039-393', 'cell': '067-3583-818', 'id': {'name': 'SID', 'value': '649935597'}, 'picture': {'large': 'https://randomuser.me/api/portraits/men/90.jpg', 'medium': 'https://randomuser.me/api/portraits/med/men/90.jpg', 'thumbnail': 'https://randomuser.me/api/portraits/thumb/men/90.jpg'}, 'nat': 'RS'}</msg>
<arg>${json_data['results'][0]}</arg>
<doc>Logs the given message with the given level.</doc>
<status status="PASS" start="2024-07-28T02:36:06.472933" elapsed="0.000441"/>
</kw>
<kw name="Log" owner="BuiltIn">
<msg time="2024-07-28T02:36:06.473819" level="INFO">email</msg>
<arg>${key}</arg>
<doc>Logs the given message with the given level.</doc>
<status status="PASS" start="2024-07-28T02:36:06.473687" elapsed="0.000172"/>
</kw>
<var name="${key}">email</var>
<status status="PASS" start="2024-07-28T02:36:06.472126" elapsed="0.001951"/>
</iter>
<iter>
<kw name="Dictionary Should Contain Key" owner="Collections">
<arg>${json_data['results'][0]}</arg>
<arg>${key}</arg>
<doc>Fails if ``key`` is not found from ``dictionary``.</doc>
<status status="PASS" start="2024-07-28T02:36:06.474363" elapsed="0.000391"/>
</kw>
<kw name="Log" owner="BuiltIn">
<msg time="2024-07-28T02:36:06.475297" level="INFO">{'gender': 'male', 'name': {'title': 'Mr', 'first': 'Svetozar', 'last': 'Šotra'}, 'location': {'street': {'number': 1108, 'name': 'Milovana Milenkovića'}, 'city': 'Kovin', 'state': 'Šumadija', 'country': 'Serbia', 'postcode': 28837, 'coordinates': {'latitude': '62.0159', 'longitude': '-76.2034'}, 'timezone': {'offset': '-12:00', 'description': 'Eniwetok, Kwajalein'}}, 'email': 'svetozar.sotra@example.com', 'login': {'uuid': 'cb0185d3-d03f-41c6-b0f5-ff4e7fd05e5f', 'username': 'whitefrog988', 'password': '789987', 'salt': '2cm9fXBR', 'md5': '32d5af67f014c60e14eb4a7cb8601842', 'sha1': 'e66ac4b8881c3c90898a1dbc75180786d51b27af', 'sha256': '56f879c81cd4dcf716d5b41389106f8fcf6cb52b7e4489efc5975a1500e66c25'}, 'dob': {'date': '1999-07-17T00:07:24.938Z', 'age': 25}, 'registered': {'date': '2007-12-31T05:51:53.001Z', 'age': 16}, 'phone': '029-8039-393', 'cell': '067-3583-818', 'id': {'name': 'SID', 'value': '649935597'}, 'picture': {'large': 'https://randomuser.me/api/portraits/men/90.jpg', 'medium': 'https://randomuser.me/api/portraits/med/men/90.jpg', 'thumbnail': 'https://randomuser.me/api/portraits/thumb/men/90.jpg'}, 'nat': 'RS'}</msg>
<arg>${json_data['results'][0]}</arg>
<doc>Logs the given message with the given level.</doc>
<status status="PASS" start="2024-07-28T02:36:06.474939" elapsed="0.000409"/>
</kw>
<kw name="Log" owner="BuiltIn">
<msg time="2024-07-28T02:36:06.475777" level="INFO">login</msg>
<arg>${key}</arg>
<doc>Logs the given message with the given level.</doc>
<status status="PASS" start="2024-07-28T02:36:06.475646" elapsed="0.000171"/>
</kw>
<var name="${key}">login</var>
<status status="PASS" start="2024-07-28T02:36:06.474254" elapsed="0.001782"/>
</iter>
<var>${key}</var>
<value>@{expected_keys}</value>
<status status="PASS" start="2024-07-28T02:36:06.465845" elapsed="0.010315"/>
</for>
<kw name="Create List" owner="BuiltIn">
<msg time="2024-07-28T02:36:06.476492" level="INFO">${expected_keysTwo} = ['username', 'password']</msg>
<var>${expected_keysTwo}</var>
<arg>username</arg>
<arg>password</arg>
<doc>Returns a list containing given items.</doc>
<status status="PASS" start="2024-07-28T02:36:06.476355" elapsed="0.000161"/>
</kw>
<for flavor="IN">
<iter>
<kw name="Dictionary Should Contain Key" owner="Collections">
<arg>${json_data['results'][0]['login']}</arg>
<arg>${keyTwo}</arg>
<doc>Fails if ``key`` is not found from ``dictionary``.</doc>
<status status="PASS" start="2024-07-28T02:36:06.477053" elapsed="0.000414"/>
</kw>
<kw name="Dictionary Should Contain Key" owner="Collections">
<arg>${json_data['results'][0]['login']}</arg>
<arg>${keyTwo}</arg>
<doc>Fails if ``key`` is not found from ``dictionary``.</doc>
<status status="PASS" start="2024-07-28T02:36:06.477653" elapsed="0.000376"/>
</kw>
<kw name="Log" owner="BuiltIn">
<msg time="2024-07-28T02:36:06.478327" level="INFO">username</msg>
<arg>${keyTwo}</arg>
<doc>Logs the given message with the given level.</doc>
<status status="PASS" start="2024-07-28T02:36:06.478207" elapsed="0.000157"/>
</kw>
<var name="${keyTwo}">username</var>
<status status="PASS" start="2024-07-28T02:36:06.476946" elapsed="0.001642"/>
</iter>
<iter>
<kw name="Dictionary Should Contain Key" owner="Collections">
<arg>${json_data['results'][0]['login']}</arg>
<arg>${keyTwo}</arg>
<doc>Fails if ``key`` is not found from ``dictionary``.</doc>
<status status="PASS" start="2024-07-28T02:36:06.478877" elapsed="0.000385"/>
</kw>
<kw name="Dictionary Should Contain Key" owner="Collections">
<arg>${json_data['results'][0]['login']}</arg>
<arg>${keyTwo}</arg>
<doc>Fails if ``key`` is not found from ``dictionary``.</doc>
<status status="PASS" start="2024-07-28T02:36:06.479441" elapsed="0.000369"/>
</kw>
<kw name="Log" owner="BuiltIn">
<msg time="2024-07-28T02:36:06.480111" level="INFO">password</msg>
<arg>${keyTwo}</arg>
<doc>Logs the given message with the given level.</doc>
<status status="PASS" start="2024-07-28T02:36:06.479985" elapsed="0.000164"/>
</kw>
<var name="${keyTwo}">password</var>
<status status="PASS" start="2024-07-28T02:36:06.478764" elapsed="0.001605"/>
</iter>
<var>${keyTwo}</var>
<value>@{expected_keysTwo}</value>
<status status="PASS" start="2024-07-28T02:36:06.476788" elapsed="0.003705"/>
</for>
<status status="PASS" start="2024-07-28T02:36:06.375022" elapsed="0.105614"/>
</kw>
<doc>Testa a estrutura da resposta da API.</doc>
<tag>testeEstruturaResposta</tag>
<status status="PASS" start="2024-07-28T02:36:06.374226" elapsed="0.106571"/>
</test>
<test id="s1-s1-t4" name="Validar tipos de dados" line="28">
<kw name="Teste de Tipos de Dados" owner="random-user-service">
<kw name="GET On Session" owner="RequestsLibrary">
<msg time="2024-07-28T02:36:06.564537" level="INFO">GET Request : url=https://randomuser.me/api 
 path_url=/api 
 headers={'User-Agent': 'python-requests/2.32.3', 'Accept-Encoding': 'gzip, deflate', 'Accept': '*/*', 'Connection': 'keep-alive'} 
 body=None 
 </msg>
<msg time="2024-07-28T02:36:06.564639" level="INFO">GET Response : url=https://randomuser.me/api 
 status=200, reason=OK 
 headers={'Date': 'Sun, 28 Jul 2024 02:36:06 GMT', 'Content-Type': 'application/json; charset=utf-8', 'Transfer-Encoding': 'chunked', 'Connection': 'keep-alive', 'X-Powered-By': 'Express', 'Access-Control-Allow-Origin': '*', 'Cache-Control': 'no-cache', 'ETag': 'W/"48d-OgNfv4dfg9kNkW8D/i30smP8i20"', 'Vary': 'Accept-Encoding', 'Content-Encoding': 'gzip', 'CF-Cache-Status': 'DYNAMIC', 'Report-To': '{"endpoints":[{"url":"https:\\/\\/a.nel.cloudflare.com\\/report\\/v4?s=cmd6Xd6wRclsIah%2BuYd3RprusxQnfLXKOsMHfEQ80DWpr0vc5XXaO%2Bjb4r%2F1IeGwfa5x%2FYi9XrwifIeqBqEORNfS8pxh02Helx3jOxCwYVfA32L8b58rcecDhC2Sga%2FZ"}],"group":"cf-nel","max_age":604800}', 'NEL': '{"success_fraction":0,"report_to":"cf-nel","max_age":604800}', 'Server': 'cloudflare', 'CF-RAY': '8aa17acc8e29023b-ORD', 'alt-svc': 'h3=":443"; ma=86400'} 
 body={"results":[{"gender":"male","name":{"title":"Mr","first":"Nitesh","last":"Nagane"},"location":{"street":{"number":4096,"name":"Sitabuldi Main Rd"},"city":"Indore","state":"Telangana","country":"India","postcode":10234,"coordinates":{"latitude":"10.4831","longitude":"-157.4622"},"timezone":{"offset":"+5:30","description":"Bombay, Calcutta, Madras, New Delhi"}},"email":"nitesh.nagane@example.com","login":{"uuid":"a8b6e6e0-6f20-4b6c-ba01-fca779f06aa6","username":"angrycat959","password":"outoutout","salt":"z9iaTAU9","md5":"7595a5c839217d11965cdde87df8ed60","sha1":"ba74245528f7bde9123a1404673c18d0efb9e3ba","sha256":"a7c9aaf3a6bfb3eb985b57b6829e73be6b652b4b1f3977e8eeaff097903a8a5a"},"dob":{"date":"1987-11-12T22:32:58.351Z","age":36},"registered":{"date":"2015-08-16T02:11:30.922Z","age":8},"phone":"8590366429","cell":"8591708187","id":{"name":"UIDAI","value":"513755115034"},"picture":{"large":"https://randomuser.me/api/portraits/men/45.jpg","medium":"https://randomuser.me/api/portraits/med/men/45.jpg","thumbnail":"https://randomuser.me/api/portraits/thumb/men/45.jpg"},"nat":"IN"}],"info":{"seed":"4753a9bf10ee0674","results":1,"page":1,"version":"1.4"}} 
 </msg>
<msg time="2024-07-28T02:36:06.564713" level="INFO">/opt/hostedtoolcache/Python/3.12.4/x64/lib/python3.12/site-packages/urllib3/connectionpool.py:1099: InsecureRequestWarning: Unverified HTTPS request is being made to host 'randomuser.me'. Adding certificate verification is strongly advised. See: https://urllib3.readthedocs.io/en/latest/advanced-usage.html#tls-warnings
  warnings.warn(</msg>
<msg time="2024-07-28T02:36:06.564839" level="INFO">${response} = &lt;Response [200]&gt;</msg>
<var>${response}</var>
<arg>consultarAPI</arg>
<arg>/api</arg>
<doc>Sends a GET request on a previously created HTTP Session.</doc>
<status status="PASS" start="2024-07-28T02:36:06.483474" elapsed="0.081406"/>
</kw>
<kw name="Set Variable" owner="BuiltIn">
<msg time="2024-07-28T02:36:06.566182" level="INFO">${json_data} = {'results': [{'gender': 'male', 'name': {'title': 'Mr', 'first': 'Nitesh', 'last': 'Nagane'}, 'location': {'street': {'number': 4096, 'name': 'Sitabuldi Main Rd'}, 'city': 'Indore', 'state': 'Telangan...</msg>
<var>${json_data}</var>
<arg>${response.json()}</arg>
<doc>Returns the given values which can then be assigned to a variables.</doc>
<status status="PASS" start="2024-07-28T02:36:06.565578" elapsed="0.000633"/>
</kw>
<kw name="Log" owner="BuiltIn">
<msg time="2024-07-28T02:36:06.566698" level="INFO">{'results': [{'gender': 'male', 'name': {'title': 'Mr', 'first': 'Nitesh', 'last': 'Nagane'}, 'location': {'street': {'number': 4096, 'name': 'Sitabuldi Main Rd'}, 'city': 'Indore', 'state': 'Telangana', 'country': 'India', 'postcode': 10234, 'coordinates': {'latitude': '10.4831', 'longitude': '-157.4622'}, 'timezone': {'offset': '+5:30', 'description': 'Bombay, Calcutta, Madras, New Delhi'}}, 'email': 'nitesh.nagane@example.com', 'login': {'uuid': 'a8b6e6e0-6f20-4b6c-ba01-fca779f06aa6', 'username': 'angrycat959', 'password': 'outoutout', 'salt': 'z9iaTAU9', 'md5': '7595a5c839217d11965cdde87df8ed60', 'sha1': 'ba74245528f7bde9123a1404673c18d0efb9e3ba', 'sha256': 'a7c9aaf3a6bfb3eb985b57b6829e73be6b652b4b1f3977e8eeaff097903a8a5a'}, 'dob': {'date': '1987-11-12T22:32:58.351Z', 'age': 36}, 'registered': {'date': '2015-08-16T02:11:30.922Z', 'age': 8}, 'phone': '8590366429', 'cell': '8591708187', 'id': {'name': 'UIDAI', 'value': '513755115034'}, 'picture': {'large': 'https://randomuser.me/api/portraits/men/45.jpg', 'medium': 'https://randomuser.me/api/portraits/med/men/45.jpg', 'thumbnail': 'https://randomuser.me/api/portraits/thumb/men/45.jpg'}, 'nat': 'IN'}], 'info': {'seed': '4753a9bf10ee0674', 'results': 1, 'page': 1, 'version': '1.4'}}</msg>
<arg>${json_data}</arg>
<doc>Logs the given message with the given level.</doc>
<status status="PASS" start="2024-07-28T02:36:06.566539" elapsed="0.000209"/>
</kw>
<kw name="Should Be String" owner="String">
<arg>${json_data['results'][0]['gender']}</arg>
<doc>Fails if the given ``item`` is not a string.</doc>
<status status="PASS" start="2024-07-28T02:36:06.567046" elapsed="0.000373"/>
</kw>
<kw name="Should Match Regexp" owner="BuiltIn">
<arg>${json_data['results'][0]['email']}</arg>
<arg>^[a-zA-Z0-9._%+-]+@[a-zA-Z0-9.-]+\.[a-zA-Z]{2,}$</arg>
<doc>Fails if ``string`` does not match ``pattern`` as a regular expression.</doc>
<status status="PASS" start="2024-07-28T02:36:06.567613" elapsed="0.000519"/>
</kw>
<kw name="Should Match Regexp" owner="BuiltIn">
<arg>${json_data['results'][0]['dob']['date']}</arg>
<arg>\\d{4}-\\d{2}-\\d{2}T\\d{2}:\\d{2}:\\d{2}\\.\\d{3}Z</arg>
<doc>Fails if ``string`` does not match ``pattern`` as a regular expression.</doc>
<status status="PASS" start="2024-07-28T02:36:06.568367" elapsed="0.000670"/>
</kw>
<kw name="Should Match Regexp" owner="BuiltIn">
<arg>${json_data['results'][0]['registered']['date']}</arg>
<arg>\\d{4}-\\d{2}-\\d{2}T\\d{2}:\\d{2}:\\d{2}\\.\\d{3}Z</arg>
<doc>Fails if ``string`` does not match ``pattern`` as a regular expression.</doc>
<status status="PASS" start="2024-07-28T02:36:06.569232" elapsed="0.000417"/>
</kw>
<kw name="Should Match Regexp" owner="BuiltIn">
<arg>${json_data['results'][0]['picture']['large']}</arg>
<arg>^https?://.*\.(?:png|jpe?g|gif|bmp)$</arg>
<doc>Fails if ``string`` does not match ``pattern`` as a regular expression.</doc>
<status status="PASS" start="2024-07-28T02:36:06.569841" elapsed="0.000468"/>
</kw>
<kw name="Should Match Regexp" owner="BuiltIn">
<arg>${json_data['results'][0]['picture']['medium']}</arg>
<arg>^https?://.*\.(?:png|jpe?g|gif|bmp)$</arg>
<doc>Fails if ``string`` does not match ``pattern`` as a regular expression.</doc>
<status status="PASS" start="2024-07-28T02:36:06.570500" elapsed="0.000361"/>
</kw>
<kw name="Should Match Regexp" owner="BuiltIn">
<arg>${json_data['results'][0]['picture']['thumbnail']}</arg>
<arg>^https?://.*\.(?:png|jpe?g|gif|bmp)$</arg>
<doc>Fails if ``string`` does not match ``pattern`` as a regular expression.</doc>
<status status="PASS" start="2024-07-28T02:36:06.571048" elapsed="0.000351"/>
</kw>
<kw name="Log" owner="BuiltIn">
<msg time="2024-07-28T02:36:06.571905" level="INFO">{'large': 'https://randomuser.me/api/portraits/men/45.jpg', 'medium': 'https://randomuser.me/api/portraits/med/men/45.jpg', 'thumbnail': 'https://randomuser.me/api/portraits/thumb/men/45.jpg'}</msg>
<arg>${json_data['results'][0]['picture']}</arg>
<doc>Logs the given message with the given level.</doc>
<status status="PASS" start="2024-07-28T02:36:06.571580" elapsed="0.000368"/>
</kw>
<status status="PASS" start="2024-07-28T02:36:06.483244" elapsed="0.088973"/>
</kw>
<kw name="Teste de Tipos de Dados - Postcode" owner="random-user-service">
<kw name="GET On Session" owner="RequestsLibrary">
<msg time="2024-07-28T02:36:06.776656" level="INFO">GET Request : url=https://randomuser.me/api 
 path_url=/api 
 headers={'User-Agent': 'python-requests/2.32.3', 'Accept-Encoding': 'gzip, deflate', 'Accept': '*/*', 'Connection': 'keep-alive'} 
 body=None 
 </msg>
<msg time="2024-07-28T02:36:06.776766" level="INFO">GET Response : url=https://randomuser.me/api 
 status=200, reason=OK 
 headers={'Date': 'Sun, 28 Jul 2024 02:36:06 GMT', 'Content-Type': 'application/json; charset=utf-8', 'Transfer-Encoding': 'chunked', 'Connection': 'keep-alive', 'X-Powered-By': 'Express', 'Access-Control-Allow-Origin': '*', 'Cache-Control': 'no-cache', 'ETag': 'W/"49d-p1vXWniCFQ2WBA8LK95tnsdhGiw"', 'Vary': 'Accept-Encoding', 'Content-Encoding': 'gzip', 'CF-Cache-Status': 'DYNAMIC', 'Report-To': '{"endpoints":[{"url":"https:\\/\\/a.nel.cloudflare.com\\/report\\/v4?s=RkXqJvhQjNcauCoTr07e7xzmRds5mFePE1aGSHySjkwU3ivrodMjp%2BpcNpoIkyGi93a%2Fl4SK3KK7N%2BKQKHpNvHMPF6DJdl%2BwqdUcOameoPYxY%2Fw1EO7iqf0MxXFd%2B%2BXW"}],"group":"cf-nel","max_age":604800}', 'NEL': '{"success_fraction":0,"report_to":"cf-nel","max_age":604800}', 'Server': 'cloudflare', 'CF-RAY': '8aa17acd1ed6023b-ORD', 'alt-svc': 'h3=":443"; ma=86400'} 
 body={"results":[{"gender":"male","name":{"title":"Mr","first":"Svyatoslav","last":"Dmitrichenko"},"location":{"street":{"number":178,"name":"Mezhova"},"city":"Kalmiuske","state":"Ternopilska","country":"Ukraine","postcode":73542,"coordinates":{"latitude":"80.7802","longitude":"-143.5481"},"timezone":{"offset":"+11:00","description":"Magadan, Solomon Islands, New Caledonia"}},"email":"svyatoslav.dmitrichenko@example.com","login":{"uuid":"c4f086cb-192e-4ac1-a07a-792239ac3253","username":"heavyostrich515","password":"262626","salt":"hLh6NXfA","md5":"51dffba8b8f2a49c6991b342f63dcb36","sha1":"5ae629f04fcbb8e12c8d6adaf58515c9eea60423","sha256":"cf008ffe466554a5be5e003f080cc0db05d15ae7c71dca257599a1aa39d28eec"},"dob":{"date":"1978-07-16T04:43:09.654Z","age":46},"registered":{"date":"2005-04-18T22:50:48.740Z","age":19},"phone":"(067) Q67-2132","cell":"(098) T74-9336","id":{"name":"","value":null},"picture":{"large":"https://randomuser.me/api/portraits/men/15.jpg","medium":"https://randomuser.me/api/portraits/med/men/15.jpg","thumbnail":"https://randomuser.me/api/portraits/thumb/men/15.jpg"},"nat":"UA"}],"info":{"seed":"05c460eadedf8594","results":1,"page":1,"version":"1.4"}} 
 </msg>
<msg time="2024-07-28T02:36:06.776853" level="INFO">/opt/hostedtoolcache/Python/3.12.4/x64/lib/python3.12/site-packages/urllib3/connectionpool.py:1099: InsecureRequestWarning: Unverified HTTPS request is being made to host 'randomuser.me'. Adding certificate verification is strongly advised. See: https://urllib3.readthedocs.io/en/latest/advanced-usage.html#tls-warnings
  warnings.warn(</msg>
<msg time="2024-07-28T02:36:06.776982" level="INFO">${response} = &lt;Response [200]&gt;</msg>
<var>${response}</var>
<arg>consultarAPI</arg>
<arg>/api</arg>
<doc>Sends a GET request on a previously created HTTP Session.</doc>
<status status="PASS" start="2024-07-28T02:36:06.572692" elapsed="0.204319"/>
</kw>
<kw name="Set Variable" owner="BuiltIn">
<msg time="2024-07-28T02:36:06.778144" level="INFO">${json_data} = {'results': [{'gender': 'male', 'name': {'title': 'Mr', 'first': 'Svyatoslav', 'last': 'Dmitrichenko'}, 'location': {'street': {'number': 178, 'name': 'Mezhova'}, 'city': 'Kalmiuske', 'state': 'Ternop...</msg>
<var>${json_data}</var>
<arg>${response.json()}</arg>
<doc>Returns the given values which can then be assigned to a variables.</doc>
<status status="PASS" start="2024-07-28T02:36:06.777574" elapsed="0.000610"/>
</kw>
<kw name="Log" owner="BuiltIn">
<msg time="2024-07-28T02:36:06.778675" level="INFO">{'results': [{'gender': 'male', 'name': {'title': 'Mr', 'first': 'Svyatoslav', 'last': 'Dmitrichenko'}, 'location': {'street': {'number': 178, 'name': 'Mezhova'}, 'city': 'Kalmiuske', 'state': 'Ternopilska', 'country': 'Ukraine', 'postcode': 73542, 'coordinates': {'latitude': '80.7802', 'longitude': '-143.5481'}, 'timezone': {'offset': '+11:00', 'description': 'Magadan, Solomon Islands, New Caledonia'}}, 'email': 'svyatoslav.dmitrichenko@example.com', 'login': {'uuid': 'c4f086cb-192e-4ac1-a07a-792239ac3253', 'username': 'heavyostrich515', 'password': '262626', 'salt': 'hLh6NXfA', 'md5': '51dffba8b8f2a49c6991b342f63dcb36', 'sha1': '5ae629f04fcbb8e12c8d6adaf58515c9eea60423', 'sha256': 'cf008ffe466554a5be5e003f080cc0db05d15ae7c71dca257599a1aa39d28eec'}, 'dob': {'date': '1978-07-16T04:43:09.654Z', 'age': 46}, 'registered': {'date': '2005-04-18T22:50:48.740Z', 'age': 19}, 'phone': '(067) Q67-2132', 'cell': '(098) T74-9336', 'id': {'name': '', 'value': None}, 'picture': {'large': 'https://randomuser.me/api/portraits/men/15.jpg', 'medium': 'https://randomuser.me/api/portraits/med/men/15.jpg', 'thumbnail': 'https://randomuser.me/api/portraits/thumb/men/15.jpg'}, 'nat': 'UA'}], 'info': {'seed': '05c460eadedf8594', 'results': 1, 'page': 1, 'version': '1.4'}}</msg>
<arg>${json_data}</arg>
<doc>Logs the given message with the given level.</doc>
<status status="PASS" start="2024-07-28T02:36:06.778514" elapsed="0.000209"/>
</kw>
<kw name="Should Be Equal As Numbers" owner="BuiltIn">
<arg>${json_data['results'][0]['location']['postcode']}</arg>
<arg>${json_data['results'][0]['location']['postcode']}</arg>
<doc>Fails if objects are unequal after converting them to real numbers.</doc>
<status status="PASS" start="2024-07-28T02:36:06.779013" elapsed="0.000627"/>
</kw>
<kw name="Log" owner="BuiltIn">
<msg time="2024-07-28T02:36:06.780169" level="INFO">73542</msg>
<arg>${json_data['results'][0]['location']['postcode']}</arg>
<doc>Logs the given message with the given level.</doc>
<status status="PASS" start="2024-07-28T02:36:06.779836" elapsed="0.000374"/>
</kw>
<status status="PASS" start="2024-07-28T02:36:06.572452" elapsed="0.208050"/>
</kw>
<doc>Testa se os tipos de dados na resposta da API estão corretos.</doc>
<tag>testeTiposDados</tag>
<status status="PASS" start="2024-07-28T02:36:06.482648" elapsed="0.298025"/>
</test>
<test id="s1-s1-t5" name="Validar conteudo" line="35">
<kw name="Teste de Tipos de Conteudo" owner="random-user-service">
<kw name="GET On Session" owner="RequestsLibrary">
<msg time="2024-07-28T02:36:06.836433" level="INFO">GET Request : url=https://randomuser.me/api 
 path_url=/api 
 headers={'User-Agent': 'python-requests/2.32.3', 'Accept-Encoding': 'gzip, deflate', 'Accept': '*/*', 'Connection': 'keep-alive'} 
 body=None 
 </msg>
<msg time="2024-07-28T02:36:06.836543" level="INFO">GET Response : url=https://randomuser.me/api 
 status=200, reason=OK 
 headers={'Date': 'Sun, 28 Jul 2024 02:36:06 GMT', 'Content-Type': 'application/json; charset=utf-8', 'Transfer-Encoding': 'chunked', 'Connection': 'keep-alive', 'X-Powered-By': 'Express', 'Access-Control-Allow-Origin': '*', 'Cache-Control': 'no-cache', 'ETag': 'W/"4a0-C3ZilsLboCuRvADgxobQW+WXrj4"', 'Vary': 'Accept-Encoding', 'Content-Encoding': 'gzip', 'CF-Cache-Status': 'DYNAMIC', 'Report-To': '{"endpoints":[{"url":"https:\\/\\/a.nel.cloudflare.com\\/report\\/v4?s=q8zwbCVIuGYoIcURDcMDBUByQiwoSKTrRl7bvZ0UYo4pJTRjlSisydFsMgTBq%2BKtEcRDRvKyfQ3HcntQEd5ySsoTuxuYknKXPGCo9vhkOJ1fKpI0Z1kSuXtjqNMJvt6%2F"}],"group":"cf-nel","max_age":604800}', 'NEL': '{"success_fraction":0,"report_to":"cf-nel","max_age":604800}', 'Server': 'cloudflare', 'CF-RAY': '8aa17ace6894023b-ORD', 'alt-svc': 'h3=":443"; ma=86400'} 
 body={"results":[{"gender":"male","name":{"title":"Mr","first":"Etienne","last":"Bouchard"},"location":{"street":{"number":3802,"name":"22nd Ave"},"city":"Fauquier","state":"Saskatchewan","country":"Canada","postcode":"D6V 7A4","coordinates":{"latitude":"-67.6216","longitude":"-84.3492"},"timezone":{"offset":"0:00","description":"Western Europe Time, London, Lisbon, Casablanca"}},"email":"etienne.bouchard@example.com","login":{"uuid":"516605ed-d448-4df4-a7e1-4fea2ad1012c","username":"tinybutterfly371","password":"hungry","salt":"1stIY8ql","md5":"ca37932a9739e4fd0f8ed95149448e34","sha1":"ca676c526f64bff327ce4a7c6a29d7559bb6ea8b","sha256":"f2589bee0e24571ba305e1c3fe04031bcf4c4cb1e3b9be0dccb6f1ca016003b3"},"dob":{"date":"2000-11-26T00:54:19.481Z","age":23},"registered":{"date":"2021-01-06T17:20:08.485Z","age":3},"phone":"E68 C01-1721","cell":"P71 U72-2029","id":{"name":"SIN","value":"684243827"},"picture":{"large":"https://randomuser.me/api/portraits/men/64.jpg","medium":"https://randomuser.me/api/portraits/med/men/64.jpg","thumbnail":"https://randomuser.me/api/portraits/thumb/men/64.jpg"},"nat":"CA"}],"info":{"seed":"3c6f9c751b8ae9d3","results":1,"page":1,"version":"1.4"}} 
 </msg>
<msg time="2024-07-28T02:36:06.836630" level="INFO">/opt/hostedtoolcache/Python/3.12.4/x64/lib/python3.12/site-packages/urllib3/connectionpool.py:1099: InsecureRequestWarning: Unverified HTTPS request is being made to host 'randomuser.me'. Adding certificate verification is strongly advised. See: https://urllib3.readthedocs.io/en/latest/advanced-usage.html#tls-warnings
  warnings.warn(</msg>
<msg time="2024-07-28T02:36:06.836769" level="INFO">${response} = &lt;Response [200]&gt;</msg>
<var>${response}</var>
<arg>consultarAPI</arg>
<arg>/api</arg>
<doc>Sends a GET request on a previously created HTTP Session.</doc>
<status status="PASS" start="2024-07-28T02:36:06.783252" elapsed="0.053564"/>
</kw>
<kw name="Set Variable" owner="BuiltIn">
<msg time="2024-07-28T02:36:06.838108" level="INFO">${json_data} = {'results': [{'gender': 'male', 'name': {'title': 'Mr', 'first': 'Etienne', 'last': 'Bouchard'}, 'location': {'street': {'number': 3802, 'name': '22nd Ave'}, 'city': 'Fauquier', 'state': 'Saskatchewan...</msg>
<var>${json_data}</var>
<arg>${response.json()}</arg>
<doc>Returns the given values which can then be assigned to a variables.</doc>
<status status="PASS" start="2024-07-28T02:36:06.837527" elapsed="0.000610"/>
</kw>
<kw name="Set Variable" owner="BuiltIn">
<msg time="2024-07-28T02:36:06.838852" level="INFO">${name_title} = Mr</msg>
<var>${name_title}</var>
<arg>${json_data["results"][0]["name"]["title"]}</arg>
<doc>Returns the given values which can then be assigned to a variables.</doc>
<status status="PASS" start="2024-07-28T02:36:06.838459" elapsed="0.000419"/>
</kw>
<kw name="Create List" owner="BuiltIn">
<msg time="2024-07-28T02:36:06.839324" level="INFO">${allowed_titles} = ['Mr', 'Ms', 'Miss', 'Mrs', 'Madame', 'Monsieur']</msg>
<var>${allowed_titles}</var>
<arg>Mr</arg>
<arg>Ms</arg>
<arg>Miss</arg>
<arg>Mrs</arg>
<arg>Madame</arg>
<arg>Monsieur</arg>
<doc>Returns a list containing given items.</doc>
<status status="PASS" start="2024-07-28T02:36:06.839173" elapsed="0.000177"/>
</kw>
<kw name="List Should Contain Value" owner="Collections">
<arg>${allowed_titles}</arg>
<arg>${name_title}</arg>
<doc>Fails if the ``value`` is not found from ``list``.</doc>
<status status="PASS" start="2024-07-28T02:36:06.839648" elapsed="0.000183"/>
</kw>
<kw name="Set Variable" owner="BuiltIn">
<msg time="2024-07-28T02:36:06.840383" level="INFO">${name_country} = CA</msg>
<var>${name_country}</var>
<arg>${json_data["results"][0]["nat"]}</arg>
<doc>Returns the given values which can then be assigned to a variables.</doc>
<status status="PASS" start="2024-07-28T02:36:06.840010" elapsed="0.000398"/>
</kw>
<kw name="Create List" owner="BuiltIn">
<msg time="2024-07-28T02:36:06.841285" level="INFO">${list_country} = ['AD', 'AE', 'AF', 'AG', 'AI', 'AL', 'AM', 'AO', 'AQ', 'AR', 'AS', 'AT', 'AU', 'AW', 'AX', 'AZ', 'BA', 'BB', 'BD', 'BE', 'BF', 'BG', 'BH', 'BI', 'BJ', 'BL', 'BM', 'BN', 'BO', 'BQ', 'BR', 'BS', 'BT', '...</msg>
<var>${list_country}</var>
<arg>AD</arg>
<arg>AE</arg>
<arg>AF</arg>
<arg>AG</arg>
<arg>AI</arg>
<arg>AL</arg>
<arg>AM</arg>
<arg>AO</arg>
<arg>AQ</arg>
<arg>AR</arg>
<arg>AS</arg>
<arg>AT</arg>
<arg>AU</arg>
<arg>AW</arg>
<arg>AX</arg>
<arg>AZ</arg>
<arg>BA</arg>
<arg>BB</arg>
<arg>BD</arg>
<arg>BE</arg>
<arg>BF</arg>
<arg>BG</arg>
<arg>BH</arg>
<arg>BI</arg>
<arg>BJ</arg>
<arg>BL</arg>
<arg>BM</arg>
<arg>BN</arg>
<arg>BO</arg>
<arg>BQ</arg>
<arg>BR</arg>
<arg>BS</arg>
<arg>BT</arg>
<arg>BV</arg>
<arg>BW</arg>
<arg>BY</arg>
<arg>BZ</arg>
<arg>CA</arg>
<arg>CC</arg>
<arg>CD</arg>
<arg>CF</arg>
<arg>CG</arg>
<arg>CH</arg>
<arg>CI</arg>
<arg>CK</arg>
<arg>CL</arg>
<arg>CM</arg>
<arg>CN</arg>
<arg>CO</arg>
<arg>CR</arg>
<arg>CU</arg>
<arg>CV</arg>
<arg>CW</arg>
<arg>CX</arg>
<arg>CY</arg>
<arg>CZ</arg>
<arg>DE</arg>
<arg>DJ</arg>
<arg>DK</arg>
<arg>DM</arg>
<arg>DO</arg>
<arg>DZ</arg>
<arg>EC</arg>
<arg>EE</arg>
<arg>EG</arg>
<arg>EH</arg>
<arg>ER</arg>
<arg>ES</arg>
<arg>ET</arg>
<arg>FI</arg>
<arg>FJ</arg>
<arg>FK</arg>
<arg>FM</arg>
<arg>FO</arg>
<arg>FR</arg>
<arg>GA</arg>
<arg>GB</arg>
<arg>GD</arg>
<arg>GE</arg>
<arg>GF</arg>
<arg>GG</arg>
<arg>GH</arg>
<arg>GI</arg>
<arg>GL</arg>
<arg>GM</arg>
<arg>GN</arg>
<arg>GP</arg>
<arg>GQ</arg>
<arg>GR</arg>
<arg>GS</arg>
<arg>GT</arg>
<arg>GU</arg>
<arg>GW</arg>
<arg>GY</arg>
<arg>HK</arg>
<arg>HM</arg>
<arg>HN</arg>
<arg>HR</arg>
<arg>HT</arg>
<arg>HU</arg>
<arg>ID</arg>
<arg>IE</arg>
<arg>IL</arg>
<arg>IM</arg>
<arg>IN</arg>
<arg>IO</arg>
<arg>IQ</arg>
<arg>IR</arg>
<arg>IS</arg>
<arg>IT</arg>
<arg>JE</arg>
<arg>JM</arg>
<arg>JO</arg>
<arg>JP</arg>
<arg>KE</arg>
<arg>KG</arg>
<arg>KH</arg>
<arg>KI</arg>
<arg>KM</arg>
<arg>KN</arg>
<arg>KP</arg>
<arg>KR</arg>
<arg>KW</arg>
<arg>KY</arg>
<arg>KZ</arg>
<arg>LA</arg>
<arg>LB</arg>
<arg>LC</arg>
<arg>LI</arg>
<arg>LK</arg>
<arg>LR</arg>
<arg>LS</arg>
<arg>LT</arg>
<arg>LU</arg>
<arg>LV</arg>
<arg>LY</arg>
<arg>MA</arg>
<arg>MC</arg>
<arg>MD</arg>
<arg>ME</arg>
<arg>MF</arg>
<arg>MG</arg>
<arg>MH</arg>
<arg>MK</arg>
<arg>ML</arg>
<arg>MM</arg>
<arg>MN</arg>
<arg>MO</arg>
<arg>MP</arg>
<arg>MQ</arg>
<arg>MR</arg>
<arg>MS</arg>
<arg>MT</arg>
<arg>MU</arg>
<arg>MV</arg>
<arg>MW</arg>
<arg>MX</arg>
<arg>MY</arg>
<arg>MZ</arg>
<arg>NA</arg>
<arg>NC</arg>
<arg>NE</arg>
<arg>NF</arg>
<arg>NG</arg>
<arg>NI</arg>
<arg>NL</arg>
<arg>NO</arg>
<arg>NP</arg>
<arg>NR</arg>
<arg>NU</arg>
<arg>NZ</arg>
<arg>OM</arg>
<arg>PA</arg>
<arg>PE</arg>
<arg>PF</arg>
<arg>PG</arg>
<arg>PH</arg>
<arg>PK</arg>
<arg>PL</arg>
<arg>PM</arg>
<arg>PN</arg>
<arg>PR</arg>
<arg>PS</arg>
<arg>PT</arg>
<arg>PW</arg>
<arg>PY</arg>
<arg>QA</arg>
<arg>RE</arg>
<arg>RO</arg>
<arg>RS</arg>
<arg>RU</arg>
<arg>RW</arg>
<arg>SA</arg>
<arg>SB</arg>
<arg>SC</arg>
<arg>SD</arg>
<arg>SE</arg>
<arg>SG</arg>
<arg>SH</arg>
<arg>SI</arg>
<arg>SJ</arg>
<arg>SK</arg>
<arg>SL</arg>
<arg>SM</arg>
<arg>SN</arg>
<arg>SO</arg>
<arg>SR</arg>
<arg>SS</arg>
<arg>ST</arg>
<arg>SV</arg>
<arg>SX</arg>
<arg>SY</arg>
<arg>SZ</arg>
<arg>TC</arg>
<arg>TD</arg>
<arg>TF</arg>
<arg>TG</arg>
<arg>TH</arg>
<arg>TJ</arg>
<arg>TK</arg>
<arg>TL</arg>
<arg>TM</arg>
<arg>TN</arg>
<arg>TO</arg>
<arg>TR</arg>
<arg>TT</arg>
<arg>TV</arg>
<arg>TW</arg>
<arg>TZ</arg>
<arg>UA</arg>
<arg>UG</arg>
<arg>UM</arg>
<arg>US</arg>
<arg>UY</arg>
<arg>UZ</arg>
<arg>VA</arg>
<arg>VC</arg>
<arg>VE</arg>
<arg>VG</arg>
<arg>VI</arg>
<arg>VN</arg>
<arg>VU</arg>
<arg>WF</arg>
<arg>WS</arg>
<arg>XK</arg>
<arg>YE</arg>
<arg>YT</arg>
<arg>ZA</arg>
<arg>ZM</arg>
<arg>ZW</arg>
<doc>Returns a list containing given items.</doc>
<status status="PASS" start="2024-07-28T02:36:06.840693" elapsed="0.000617"/>
</kw>
<kw name="List Should Contain Value" owner="Collections">
<arg>${list_country}</arg>
<arg>${name_country}</arg>
<doc>Fails if the ``value`` is not found from ``list``.</doc>
<status status="PASS" start="2024-07-28T02:36:06.842360" elapsed="0.000215"/>
</kw>
<kw name="Run Keyword If" owner="BuiltIn">
<kw name="Should Be True" owner="BuiltIn">
<arg>${True}</arg>
<doc>Fails if the given condition is not true.</doc>
<status status="PASS" start="2024-07-28T02:36:06.843530" elapsed="0.000144"/>
</kw>
<arg>${json_data["results"][0]["location"]["coordinates"]["latitude"]} &gt;= -90 and ${json_data["results"][0]["location"]["coordinates"]["latitude"]} &lt;= 90</arg>
<arg>Should Be True</arg>
<arg>${True}</arg>
<doc>Runs the given keyword with the given arguments, if ``condition`` is true.</doc>
<status status="PASS" start="2024-07-28T02:36:06.842778" elapsed="0.001023"/>
</kw>
<kw name="Run Keyword If" owner="BuiltIn">
<kw name="Should Be True" owner="BuiltIn">
<arg>${True}</arg>
<doc>Fails if the given condition is not true.</doc>
<status status="PASS" start="2024-07-28T02:36:06.844672" elapsed="0.000136"/>
</kw>
<arg>${json_data["results"][0]["location"]["coordinates"]["longitude"]} &gt;= -180 and ${json_data["results"][0]["location"]["coordinates"]["longitude"]} &lt;= 180</arg>
<arg>Should Be True</arg>
<arg>${True}</arg>
<doc>Runs the given keyword with the given arguments, if ``condition`` is true.</doc>
<status status="PASS" start="2024-07-28T02:36:06.843983" elapsed="0.000947"/>
</kw>
<status status="PASS" start="2024-07-28T02:36:06.783023" elapsed="0.062038"/>
</kw>
<doc>Testa o conteúdo específico dos campos retornados pela API.</doc>
<tag>testeConteudo</tag>
<status status="PASS" start="2024-07-28T02:36:06.782472" elapsed="0.062742"/>
</test>
<status status="PASS" start="2024-07-28T02:36:05.919124" elapsed="0.928121"/>
</suite>
<status status="PASS" start="2024-07-28T02:36:05.901942" elapsed="0.950744"/>
</suite>
<statistics>
<total>
<stat pass="5" fail="0" skip="0">All Tests</stat>
</total>
<tag>
<stat pass="1" fail="0" skip="0">testeConteudo</stat>
<stat pass="1" fail="0" skip="0">testeEstruturaResposta</stat>
<stat pass="1" fail="0" skip="0">testeRequisicaoBasica</stat>
<stat pass="1" fail="0" skip="0">testeTiposDados</stat>
</tag>
<suite>
<stat pass="5" fail="0" skip="0" id="s1" name="Tests">Tests</stat>
<stat pass="5" fail="0" skip="0" id="s1-s1" name="Random-User-Test">Tests.Random-User-Test</stat>
</suite>
</statistics>
<errors>
</errors>
</robot>
