<?xml version="1.0" encoding="UTF-8"?>
<robot generator="Robot 7.0.1 (Python 3.12.3 on linux)" generated="2024-06-13T18:20:47.739753" rpa="false" schemaversion="5">
<suite id="s1" name="Tests" source="/home/runner/work/ApiRandomUser/ApiRandomUser/RamdonUser/tests">
<suite id="s1-s1" name="Random-User-Test" source="/home/runner/work/ApiRandomUser/ApiRandomUser/RamdonUser/tests/random-user-test.robot">
<test id="s1-s1-t1" name="Conectar" line="13">
<kw name="Conectar API" owner="random-user-service">
<kw name="Create Session" owner="RequestsLibrary">
<msg time="2024-06-13T18:20:48.178058" level="INFO">Creating Session using : alias=consultarAPI, url=https://randomuser.me/, headers={},                     cookies={}, auth=None, timeout=None, proxies=None, verify=False,                     debug=0 </msg>
<arg>consultarAPI</arg>
<arg>${URL}</arg>
<doc>Create Session: create a HTTP session to a server</doc>
<status status="PASS" start="2024-06-13T18:20:48.177848" elapsed="0.000400"/>
</kw>
<status status="PASS" start="2024-06-13T18:20:48.176755" elapsed="0.001865"/>
</kw>
<status status="PASS" start="2024-06-13T18:20:48.176204" elapsed="0.002615"/>
</test>
<test id="s1-s1-t2" name="Validar retorno 200 e JSON Válido" line="16">
<kw name="Teste de Requisicao Basica" owner="random-user-service">
<kw name="GET On Session" owner="RequestsLibrary">
<msg time="2024-06-13T18:20:48.743291" level="INFO">GET Request : url=https://randomuser.me/api 
 path_url=/api 
 headers={'User-Agent': 'python-requests/2.32.3', 'Accept-Encoding': 'gzip, deflate', 'Accept': '*/*', 'Connection': 'keep-alive'} 
 body=None 
 </msg>
<msg time="2024-06-13T18:20:48.743446" level="INFO">GET Response : url=https://randomuser.me/api 
 status=200, reason=OK 
 headers={'Date': 'Thu, 13 Jun 2024 18:20:48 GMT', 'Content-Type': 'application/json; charset=utf-8', 'Transfer-Encoding': 'chunked', 'Connection': 'keep-alive', 'X-Powered-By': 'Express', 'Access-Control-Allow-Origin': '*', 'Cache-Control': 'no-cache', 'ETag': 'W/"48f-YUBvtYEldtwwVI+25AyeoGuJdcY"', 'Vary': 'Accept-Encoding', 'Content-Encoding': 'gzip', 'CF-Cache-Status': 'DYNAMIC', 'Report-To': '{"endpoints":[{"url":"https:\\/\\/a.nel.cloudflare.com\\/report\\/v4?s=lC2UePwxPkFzfVD5UKEyWryvaxM36cwSJjEHS1iWDfkU6HIi3MPzdqyW%2Bxbe47%2FOMCbfYOBQrErcdC1TIZ1JLq4xUXEYa971L%2FeuhiQSOLnr0Qn%2FJ8sTZKR9VTljpbnO"}],"group":"cf-nel","max_age":604800}', 'NEL': '{"success_fraction":0,"report_to":"cf-nel","max_age":604800}', 'Server': 'cloudflare', 'CF-RAY': '893418c25eb93b50-IAD', 'alt-svc': 'h3=":443"; ma=86400'} 
 body={"results":[{"gender":"male","name":{"title":"Mr","first":"Shane","last":"Soto"},"location":{"street":{"number":3278,"name":"Lakeshore Rd"},"city":"Los Lunas","state":"New York","country":"United States","postcode":87946,"coordinates":{"latitude":"84.9013","longitude":"-5.3561"},"timezone":{"offset":"-3:00","description":"Brazil, Buenos Aires, Georgetown"}},"email":"shane.soto@example.com","login":{"uuid":"ed55689d-2c55-4ee4-9df7-bc1937f56792","username":"yellowkoala748","password":"soccer10","salt":"kXux74qZ","md5":"5ead1d42038ccb927931bb9f98183cb6","sha1":"eaf65279da3437147592d0486c138d64bcbcf21a","sha256":"2cb8748faa44a48c5a0adf72b0641e943df6596c89dfb62753ce5a366e4f6073"},"dob":{"date":"1988-02-24T17:28:49.610Z","age":36},"registered":{"date":"2004-06-15T11:10:36.688Z","age":19},"phone":"(349) 444-5183","cell":"(683) 969-0525","id":{"name":"SSN","value":"759-92-2466"},"picture":{"large":"https://randomuser.me/api/portraits/men/59.jpg","medium":"https://randomuser.me/api/portraits/med/men/59.jpg","thumbnail":"https://randomuser.me/api/portraits/thumb/men/59.jpg"},"nat":"US"}],"info":{"seed":"8122e8f9af97edb5","results":1,"page":1,"version":"1.4"}} 
 </msg>
<msg time="2024-06-13T18:20:48.743533" level="INFO">/opt/hostedtoolcache/Python/3.12.3/x64/lib/python3.12/site-packages/urllib3/connectionpool.py:1103: InsecureRequestWarning: Unverified HTTPS request is being made to host 'randomuser.me'. Adding certificate verification is strongly advised. See: https://urllib3.readthedocs.io/en/latest/advanced-usage.html#tls-warnings
  warnings.warn(</msg>
<msg time="2024-06-13T18:20:48.743678" level="INFO">${response} = &lt;Response [200]&gt;</msg>
<var>${response}</var>
<arg>consultarAPI</arg>
<arg>/api</arg>
<doc>Sends a GET request on a previously created HTTP Session.</doc>
<status status="PASS" start="2024-06-13T18:20:48.181397" elapsed="0.562321"/>
</kw>
<kw name="Should Be Equal As Numbers" owner="BuiltIn">
<msg time="2024-06-13T18:20:48.744868" level="INFO">Argument types are:
&lt;class 'int'&gt;
&lt;class 'str'&gt;</msg>
<arg>${response.status_code}</arg>
<arg>200</arg>
<doc>Fails if objects are unequal after converting them to real numbers.</doc>
<status status="PASS" start="2024-06-13T18:20:48.744382" elapsed="0.000551"/>
</kw>
<kw name="Log" owner="BuiltIn">
<msg time="2024-06-13T18:20:48.745670" level="INFO">200</msg>
<arg>${response.status_code}</arg>
<doc>Logs the given message with the given level.</doc>
<status status="PASS" start="2024-06-13T18:20:48.745273" elapsed="0.000453"/>
</kw>
<kw name="Set Variable" owner="BuiltIn">
<msg time="2024-06-13T18:20:48.746467" level="INFO">${json_data} = {'results': [{'gender': 'male', 'name': {'title': 'Mr', 'first': 'Shane', 'last': 'Soto'}, 'location': {'street': {'number': 3278, 'name': 'Lakeshore Rd'}, 'city': 'Los Lunas', 'state': 'New York', 'c...</msg>
<var>${json_data}</var>
<arg>${response.json()}</arg>
<doc>Returns the given values which can then be assigned to a variables.</doc>
<status status="PASS" start="2024-06-13T18:20:48.746046" elapsed="0.000451"/>
</kw>
<kw name="Dictionary Should Contain Key" owner="Collections">
<arg>${json_data}</arg>
<arg>results</arg>
<doc>Fails if ``key`` is not found from ``dictionary``.</doc>
<status status="PASS" start="2024-06-13T18:20:48.746795" elapsed="0.000164"/>
</kw>
<status status="PASS" start="2024-06-13T18:20:48.181153" elapsed="0.565960"/>
</kw>
<doc>Testa se a API responde corretamente e retorna um objeto JSON válido.</doc>
<tag>testeRequisicaoBasica</tag>
<status status="PASS" start="2024-06-13T18:20:48.180689" elapsed="0.566599"/>
</test>
<test id="s1-s1-t3" name="Validar estrutura de resposta" line="22">
<kw name="Teste de Estrutura de Resposta" owner="random-user-service">
<kw name="GET On Session" owner="RequestsLibrary">
<msg time="2024-06-13T18:20:48.844168" level="INFO">GET Request : url=https://randomuser.me/api 
 path_url=/api 
 headers={'User-Agent': 'python-requests/2.32.3', 'Accept-Encoding': 'gzip, deflate', 'Accept': '*/*', 'Connection': 'keep-alive'} 
 body=None 
 </msg>
<msg time="2024-06-13T18:20:48.844259" level="INFO">GET Response : url=https://randomuser.me/api 
 status=200, reason=OK 
 headers={'Date': 'Thu, 13 Jun 2024 18:20:48 GMT', 'Content-Type': 'application/json; charset=utf-8', 'Transfer-Encoding': 'chunked', 'Connection': 'keep-alive', 'X-Powered-By': 'Express', 'Access-Control-Allow-Origin': '*', 'Cache-Control': 'no-cache', 'ETag': 'W/"485-7ouk3gybXinsKVwCfLwXsm0uEqo"', 'Vary': 'Accept-Encoding', 'Content-Encoding': 'gzip', 'CF-Cache-Status': 'DYNAMIC', 'Report-To': '{"endpoints":[{"url":"https:\\/\\/a.nel.cloudflare.com\\/report\\/v4?s=NYmxclR2UEnGrYJs0pqevhYY89SWBQbvQ54iR0l%2F10grVbWHFMGEnUo7wOarXhEaP5NtoLVoybi06ydlqmcxpv8bLqIZPbaVWR1xxUD757dntX%2Bf%2B15UYWpzfR%2F4fNL3"}],"group":"cf-nel","max_age":604800}', 'NEL': '{"success_fraction":0,"report_to":"cf-nel","max_age":604800}', 'Server': 'cloudflare', 'CF-RAY': '893418c4ba373b50-IAD', 'alt-svc': 'h3=":443"; ma=86400'} 
 body={"results":[{"gender":"male","name":{"title":"Mr","first":"Leon","last":"Henry"},"location":{"street":{"number":8350,"name":"Homestead Rd"},"city":"Geraldton","state":"Queensland","country":"Australia","postcode":7305,"coordinates":{"latitude":"-82.2668","longitude":"-150.9383"},"timezone":{"offset":"+1:00","description":"Brussels, Copenhagen, Madrid, Paris"}},"email":"leon.henry@example.com","login":{"uuid":"967d6662-1646-4c19-a5d0-b5748952234c","username":"tinybear727","password":"emma","salt":"fytyWfMy","md5":"269e95c3fd0bb22114feab091804c86b","sha1":"775ebd6f7ca4e901c885fd876bd46c7f2dcd9a4d","sha256":"38ced2fd21847985a551687a3459ff1839da2e3151600b473850d2ba5b0604c5"},"dob":{"date":"1962-12-08T04:36:54.906Z","age":61},"registered":{"date":"2011-02-10T09:17:39.251Z","age":13},"phone":"05-6311-2280","cell":"0455-715-458","id":{"name":"TFN","value":"914975839"},"picture":{"large":"https://randomuser.me/api/portraits/men/30.jpg","medium":"https://randomuser.me/api/portraits/med/men/30.jpg","thumbnail":"https://randomuser.me/api/portraits/thumb/men/30.jpg"},"nat":"AU"}],"info":{"seed":"a6ff18c343474b17","results":1,"page":1,"version":"1.4"}} 
 </msg>
<msg time="2024-06-13T18:20:48.844396" level="INFO">/opt/hostedtoolcache/Python/3.12.3/x64/lib/python3.12/site-packages/urllib3/connectionpool.py:1103: InsecureRequestWarning: Unverified HTTPS request is being made to host 'randomuser.me'. Adding certificate verification is strongly advised. See: https://urllib3.readthedocs.io/en/latest/advanced-usage.html#tls-warnings
  warnings.warn(</msg>
<msg time="2024-06-13T18:20:48.844521" level="INFO">${response} = &lt;Response [200]&gt;</msg>
<var>${response}</var>
<arg>consultarAPI</arg>
<arg>/api</arg>
<doc>Sends a GET request on a previously created HTTP Session.</doc>
<status status="PASS" start="2024-06-13T18:20:48.750120" elapsed="0.094440"/>
</kw>
<kw name="Set Variable" owner="BuiltIn">
<msg time="2024-06-13T18:20:48.845730" level="INFO">${json_data} = {'results': [{'gender': 'male', 'name': {'title': 'Mr', 'first': 'Leon', 'last': 'Henry'}, 'location': {'street': {'number': 8350, 'name': 'Homestead Rd'}, 'city': 'Geraldton', 'state': 'Queensland', ...</msg>
<var>${json_data}</var>
<arg>${response.json()}</arg>
<doc>Returns the given values which can then be assigned to a variables.</doc>
<status status="PASS" start="2024-06-13T18:20:48.845138" elapsed="0.000622"/>
</kw>
<kw name="Log" owner="BuiltIn">
<msg time="2024-06-13T18:20:48.846234" level="INFO">{'results': [{'gender': 'male', 'name': {'title': 'Mr', 'first': 'Leon', 'last': 'Henry'}, 'location': {'street': {'number': 8350, 'name': 'Homestead Rd'}, 'city': 'Geraldton', 'state': 'Queensland', 'country': 'Australia', 'postcode': 7305, 'coordinates': {'latitude': '-82.2668', 'longitude': '-150.9383'}, 'timezone': {'offset': '+1:00', 'description': 'Brussels, Copenhagen, Madrid, Paris'}}, 'email': 'leon.henry@example.com', 'login': {'uuid': '967d6662-1646-4c19-a5d0-b5748952234c', 'username': 'tinybear727', 'password': 'emma', 'salt': 'fytyWfMy', 'md5': '269e95c3fd0bb22114feab091804c86b', 'sha1': '775ebd6f7ca4e901c885fd876bd46c7f2dcd9a4d', 'sha256': '38ced2fd21847985a551687a3459ff1839da2e3151600b473850d2ba5b0604c5'}, 'dob': {'date': '1962-12-08T04:36:54.906Z', 'age': 61}, 'registered': {'date': '2011-02-10T09:17:39.251Z', 'age': 13}, 'phone': '05-6311-2280', 'cell': '0455-715-458', 'id': {'name': 'TFN', 'value': '914975839'}, 'picture': {'large': 'https://randomuser.me/api/portraits/men/30.jpg', 'medium': 'https://randomuser.me/api/portraits/med/men/30.jpg', 'thumbnail': 'https://randomuser.me/api/portraits/thumb/men/30.jpg'}, 'nat': 'AU'}], 'info': {'seed': 'a6ff18c343474b17', 'results': 1, 'page': 1, 'version': '1.4'}}</msg>
<arg>${json_data}</arg>
<doc>Logs the given message with the given level.</doc>
<status status="PASS" start="2024-06-13T18:20:48.846074" elapsed="0.000208"/>
</kw>
<kw name="Dictionary Should Contain Key" owner="Collections">
<arg>${json_data}</arg>
<arg>results</arg>
<doc>Fails if ``key`` is not found from ``dictionary``.</doc>
<status status="PASS" start="2024-06-13T18:20:48.846575" elapsed="0.000160"/>
</kw>
<kw name="Should Not Be Empty" owner="BuiltIn">
<msg time="2024-06-13T18:20:48.847041" level="INFO">Length is 2.</msg>
<arg>${json_data}</arg>
<doc>Verifies that the given item is not empty.</doc>
<status status="PASS" start="2024-06-13T18:20:48.846918" elapsed="0.000160"/>
</kw>
<kw name="Create List" owner="BuiltIn">
<msg time="2024-06-13T18:20:48.847511" level="INFO">${expected_keys} = ['gender', 'name', 'location', 'email', 'login']</msg>
<var>${expected_keys}</var>
<arg>gender</arg>
<arg>name</arg>
<arg>location</arg>
<arg>email</arg>
<arg>login</arg>
<doc>Returns a list containing given items.</doc>
<status status="PASS" start="2024-06-13T18:20:48.847365" elapsed="0.000169"/>
</kw>
<for flavor="IN">
<iter>
<kw name="Dictionary Should Contain Key" owner="Collections">
<arg>${json_data['results'][0]}</arg>
<arg>${key}</arg>
<doc>Fails if ``key`` is not found from ``dictionary``.</doc>
<status status="PASS" start="2024-06-13T18:20:48.848115" elapsed="0.000400"/>
</kw>
<kw name="Log" owner="BuiltIn">
<msg time="2024-06-13T18:20:48.849063" level="INFO">{'gender': 'male', 'name': {'title': 'Mr', 'first': 'Leon', 'last': 'Henry'}, 'location': {'street': {'number': 8350, 'name': 'Homestead Rd'}, 'city': 'Geraldton', 'state': 'Queensland', 'country': 'Australia', 'postcode': 7305, 'coordinates': {'latitude': '-82.2668', 'longitude': '-150.9383'}, 'timezone': {'offset': '+1:00', 'description': 'Brussels, Copenhagen, Madrid, Paris'}}, 'email': 'leon.henry@example.com', 'login': {'uuid': '967d6662-1646-4c19-a5d0-b5748952234c', 'username': 'tinybear727', 'password': 'emma', 'salt': 'fytyWfMy', 'md5': '269e95c3fd0bb22114feab091804c86b', 'sha1': '775ebd6f7ca4e901c885fd876bd46c7f2dcd9a4d', 'sha256': '38ced2fd21847985a551687a3459ff1839da2e3151600b473850d2ba5b0604c5'}, 'dob': {'date': '1962-12-08T04:36:54.906Z', 'age': 61}, 'registered': {'date': '2011-02-10T09:17:39.251Z', 'age': 13}, 'phone': '05-6311-2280', 'cell': '0455-715-458', 'id': {'name': 'TFN', 'value': '914975839'}, 'picture': {'large': 'https://randomuser.me/api/portraits/men/30.jpg', 'medium': 'https://randomuser.me/api/portraits/med/men/30.jpg', 'thumbnail': 'https://randomuser.me/api/portraits/thumb/men/30.jpg'}, 'nat': 'AU'}</msg>
<arg>${json_data['results'][0]}</arg>
<doc>Logs the given message with the given level.</doc>
<status status="PASS" start="2024-06-13T18:20:48.848706" elapsed="0.000406"/>
</kw>
<kw name="Log" owner="BuiltIn">
<msg time="2024-06-13T18:20:48.849547" level="INFO">gender</msg>
<arg>${key}</arg>
<doc>Logs the given message with the given level.</doc>
<status status="PASS" start="2024-06-13T18:20:48.849420" elapsed="0.000189"/>
</kw>
<var name="${key}">gender</var>
<status status="PASS" start="2024-06-13T18:20:48.847994" elapsed="0.001852"/>
</iter>
<iter>
<kw name="Dictionary Should Contain Key" owner="Collections">
<arg>${json_data['results'][0]}</arg>
<arg>${key}</arg>
<doc>Fails if ``key`` is not found from ``dictionary``.</doc>
<status status="PASS" start="2024-06-13T18:20:48.850158" elapsed="0.000391"/>
</kw>
<kw name="Log" owner="BuiltIn">
<msg time="2024-06-13T18:20:48.851075" level="INFO">{'gender': 'male', 'name': {'title': 'Mr', 'first': 'Leon', 'last': 'Henry'}, 'location': {'street': {'number': 8350, 'name': 'Homestead Rd'}, 'city': 'Geraldton', 'state': 'Queensland', 'country': 'Australia', 'postcode': 7305, 'coordinates': {'latitude': '-82.2668', 'longitude': '-150.9383'}, 'timezone': {'offset': '+1:00', 'description': 'Brussels, Copenhagen, Madrid, Paris'}}, 'email': 'leon.henry@example.com', 'login': {'uuid': '967d6662-1646-4c19-a5d0-b5748952234c', 'username': 'tinybear727', 'password': 'emma', 'salt': 'fytyWfMy', 'md5': '269e95c3fd0bb22114feab091804c86b', 'sha1': '775ebd6f7ca4e901c885fd876bd46c7f2dcd9a4d', 'sha256': '38ced2fd21847985a551687a3459ff1839da2e3151600b473850d2ba5b0604c5'}, 'dob': {'date': '1962-12-08T04:36:54.906Z', 'age': 61}, 'registered': {'date': '2011-02-10T09:17:39.251Z', 'age': 13}, 'phone': '05-6311-2280', 'cell': '0455-715-458', 'id': {'name': 'TFN', 'value': '914975839'}, 'picture': {'large': 'https://randomuser.me/api/portraits/men/30.jpg', 'medium': 'https://randomuser.me/api/portraits/med/men/30.jpg', 'thumbnail': 'https://randomuser.me/api/portraits/thumb/men/30.jpg'}, 'nat': 'AU'}</msg>
<arg>${json_data['results'][0]}</arg>
<doc>Logs the given message with the given level.</doc>
<status status="PASS" start="2024-06-13T18:20:48.850732" elapsed="0.000430"/>
</kw>
<kw name="Log" owner="BuiltIn">
<msg time="2024-06-13T18:20:48.851595" level="INFO">name</msg>
<arg>${key}</arg>
<doc>Logs the given message with the given level.</doc>
<status status="PASS" start="2024-06-13T18:20:48.851464" elapsed="0.000169"/>
</kw>
<var name="${key}">name</var>
<status status="PASS" start="2024-06-13T18:20:48.850032" elapsed="0.001822"/>
</iter>
<iter>
<kw name="Dictionary Should Contain Key" owner="Collections">
<arg>${json_data['results'][0]}</arg>
<arg>${key}</arg>
<doc>Fails if ``key`` is not found from ``dictionary``.</doc>
<status status="PASS" start="2024-06-13T18:20:48.852144" elapsed="0.000391"/>
</kw>
<kw name="Log" owner="BuiltIn">
<msg time="2024-06-13T18:20:48.853063" level="INFO">{'gender': 'male', 'name': {'title': 'Mr', 'first': 'Leon', 'last': 'Henry'}, 'location': {'street': {'number': 8350, 'name': 'Homestead Rd'}, 'city': 'Geraldton', 'state': 'Queensland', 'country': 'Australia', 'postcode': 7305, 'coordinates': {'latitude': '-82.2668', 'longitude': '-150.9383'}, 'timezone': {'offset': '+1:00', 'description': 'Brussels, Copenhagen, Madrid, Paris'}}, 'email': 'leon.henry@example.com', 'login': {'uuid': '967d6662-1646-4c19-a5d0-b5748952234c', 'username': 'tinybear727', 'password': 'emma', 'salt': 'fytyWfMy', 'md5': '269e95c3fd0bb22114feab091804c86b', 'sha1': '775ebd6f7ca4e901c885fd876bd46c7f2dcd9a4d', 'sha256': '38ced2fd21847985a551687a3459ff1839da2e3151600b473850d2ba5b0604c5'}, 'dob': {'date': '1962-12-08T04:36:54.906Z', 'age': 61}, 'registered': {'date': '2011-02-10T09:17:39.251Z', 'age': 13}, 'phone': '05-6311-2280', 'cell': '0455-715-458', 'id': {'name': 'TFN', 'value': '914975839'}, 'picture': {'large': 'https://randomuser.me/api/portraits/men/30.jpg', 'medium': 'https://randomuser.me/api/portraits/med/men/30.jpg', 'thumbnail': 'https://randomuser.me/api/portraits/thumb/men/30.jpg'}, 'nat': 'AU'}</msg>
<arg>${json_data['results'][0]}</arg>
<doc>Logs the given message with the given level.</doc>
<status status="PASS" start="2024-06-13T18:20:48.852721" elapsed="0.000388"/>
</kw>
<kw name="Log" owner="BuiltIn">
<msg time="2024-06-13T18:20:48.853525" level="INFO">location</msg>
<arg>${key}</arg>
<doc>Logs the given message with the given level.</doc>
<status status="PASS" start="2024-06-13T18:20:48.853402" elapsed="0.000161"/>
</kw>
<var name="${key}">location</var>
<status status="PASS" start="2024-06-13T18:20:48.852035" elapsed="0.001786"/>
</iter>
<iter>
<kw name="Dictionary Should Contain Key" owner="Collections">
<arg>${json_data['results'][0]}</arg>
<arg>${key}</arg>
<doc>Fails if ``key`` is not found from ``dictionary``.</doc>
<status status="PASS" start="2024-06-13T18:20:48.854100" elapsed="0.000380"/>
</kw>
<kw name="Log" owner="BuiltIn">
<msg time="2024-06-13T18:20:48.855010" level="INFO">{'gender': 'male', 'name': {'title': 'Mr', 'first': 'Leon', 'last': 'Henry'}, 'location': {'street': {'number': 8350, 'name': 'Homestead Rd'}, 'city': 'Geraldton', 'state': 'Queensland', 'country': 'Australia', 'postcode': 7305, 'coordinates': {'latitude': '-82.2668', 'longitude': '-150.9383'}, 'timezone': {'offset': '+1:00', 'description': 'Brussels, Copenhagen, Madrid, Paris'}}, 'email': 'leon.henry@example.com', 'login': {'uuid': '967d6662-1646-4c19-a5d0-b5748952234c', 'username': 'tinybear727', 'password': 'emma', 'salt': 'fytyWfMy', 'md5': '269e95c3fd0bb22114feab091804c86b', 'sha1': '775ebd6f7ca4e901c885fd876bd46c7f2dcd9a4d', 'sha256': '38ced2fd21847985a551687a3459ff1839da2e3151600b473850d2ba5b0604c5'}, 'dob': {'date': '1962-12-08T04:36:54.906Z', 'age': 61}, 'registered': {'date': '2011-02-10T09:17:39.251Z', 'age': 13}, 'phone': '05-6311-2280', 'cell': '0455-715-458', 'id': {'name': 'TFN', 'value': '914975839'}, 'picture': {'large': 'https://randomuser.me/api/portraits/men/30.jpg', 'medium': 'https://randomuser.me/api/portraits/med/men/30.jpg', 'thumbnail': 'https://randomuser.me/api/portraits/thumb/men/30.jpg'}, 'nat': 'AU'}</msg>
<arg>${json_data['results'][0]}</arg>
<doc>Logs the given message with the given level.</doc>
<status status="PASS" start="2024-06-13T18:20:48.854659" elapsed="0.000398"/>
</kw>
<kw name="Log" owner="BuiltIn">
<msg time="2024-06-13T18:20:48.855475" level="INFO">email</msg>
<arg>${key}</arg>
<doc>Logs the given message with the given level.</doc>
<status status="PASS" start="2024-06-13T18:20:48.855350" elapsed="0.000163"/>
</kw>
<var name="${key}">email</var>
<status status="PASS" start="2024-06-13T18:20:48.853993" elapsed="0.001734"/>
</iter>
<iter>
<kw name="Dictionary Should Contain Key" owner="Collections">
<arg>${json_data['results'][0]}</arg>
<arg>${key}</arg>
<doc>Fails if ``key`` is not found from ``dictionary``.</doc>
<status status="PASS" start="2024-06-13T18:20:48.856004" elapsed="0.000370"/>
</kw>
<kw name="Log" owner="BuiltIn">
<msg time="2024-06-13T18:20:48.856903" level="INFO">{'gender': 'male', 'name': {'title': 'Mr', 'first': 'Leon', 'last': 'Henry'}, 'location': {'street': {'number': 8350, 'name': 'Homestead Rd'}, 'city': 'Geraldton', 'state': 'Queensland', 'country': 'Australia', 'postcode': 7305, 'coordinates': {'latitude': '-82.2668', 'longitude': '-150.9383'}, 'timezone': {'offset': '+1:00', 'description': 'Brussels, Copenhagen, Madrid, Paris'}}, 'email': 'leon.henry@example.com', 'login': {'uuid': '967d6662-1646-4c19-a5d0-b5748952234c', 'username': 'tinybear727', 'password': 'emma', 'salt': 'fytyWfMy', 'md5': '269e95c3fd0bb22114feab091804c86b', 'sha1': '775ebd6f7ca4e901c885fd876bd46c7f2dcd9a4d', 'sha256': '38ced2fd21847985a551687a3459ff1839da2e3151600b473850d2ba5b0604c5'}, 'dob': {'date': '1962-12-08T04:36:54.906Z', 'age': 61}, 'registered': {'date': '2011-02-10T09:17:39.251Z', 'age': 13}, 'phone': '05-6311-2280', 'cell': '0455-715-458', 'id': {'name': 'TFN', 'value': '914975839'}, 'picture': {'large': 'https://randomuser.me/api/portraits/men/30.jpg', 'medium': 'https://randomuser.me/api/portraits/med/men/30.jpg', 'thumbnail': 'https://randomuser.me/api/portraits/thumb/men/30.jpg'}, 'nat': 'AU'}</msg>
<arg>${json_data['results'][0]}</arg>
<doc>Logs the given message with the given level.</doc>
<status status="PASS" start="2024-06-13T18:20:48.856560" elapsed="0.000399"/>
</kw>
<kw name="Log" owner="BuiltIn">
<msg time="2024-06-13T18:20:48.857481" level="INFO">login</msg>
<arg>${key}</arg>
<doc>Logs the given message with the given level.</doc>
<status status="PASS" start="2024-06-13T18:20:48.857251" elapsed="0.000268"/>
</kw>
<var name="${key}">login</var>
<status status="PASS" start="2024-06-13T18:20:48.855896" elapsed="0.001873"/>
</iter>
<var>${key}</var>
<value>@{expected_keys}</value>
<status status="PASS" start="2024-06-13T18:20:48.847802" elapsed="0.010087"/>
</for>
<kw name="Create List" owner="BuiltIn">
<msg time="2024-06-13T18:20:48.858208" level="INFO">${expected_keysTwo} = ['username', 'password']</msg>
<var>${expected_keysTwo}</var>
<arg>username</arg>
<arg>password</arg>
<doc>Returns a list containing given items.</doc>
<status status="PASS" start="2024-06-13T18:20:48.858076" elapsed="0.000156"/>
</kw>
<for flavor="IN">
<iter>
<kw name="Dictionary Should Contain Key" owner="Collections">
<arg>${json_data['results'][0]['login']}</arg>
<arg>${keyTwo}</arg>
<doc>Fails if ``key`` is not found from ``dictionary``.</doc>
<status status="PASS" start="2024-06-13T18:20:48.858758" elapsed="0.000379"/>
</kw>
<kw name="Dictionary Should Contain Key" owner="Collections">
<arg>${json_data['results'][0]['login']}</arg>
<arg>${keyTwo}</arg>
<doc>Fails if ``key`` is not found from ``dictionary``.</doc>
<status status="PASS" start="2024-06-13T18:20:48.859315" elapsed="0.000372"/>
</kw>
<kw name="Log" owner="BuiltIn">
<msg time="2024-06-13T18:20:48.859981" level="INFO">username</msg>
<arg>${keyTwo}</arg>
<doc>Logs the given message with the given level.</doc>
<status status="PASS" start="2024-06-13T18:20:48.859862" elapsed="0.000155"/>
</kw>
<var name="${keyTwo}">username</var>
<status status="PASS" start="2024-06-13T18:20:48.858651" elapsed="0.001585"/>
</iter>
<iter>
<kw name="Dictionary Should Contain Key" owner="Collections">
<arg>${json_data['results'][0]['login']}</arg>
<arg>${keyTwo}</arg>
<doc>Fails if ``key`` is not found from ``dictionary``.</doc>
<status status="PASS" start="2024-06-13T18:20:48.860522" elapsed="0.000386"/>
</kw>
<kw name="Dictionary Should Contain Key" owner="Collections">
<arg>${json_data['results'][0]['login']}</arg>
<arg>${keyTwo}</arg>
<doc>Fails if ``key`` is not found from ``dictionary``.</doc>
<status status="PASS" start="2024-06-13T18:20:48.861088" elapsed="0.000371"/>
</kw>
<kw name="Log" owner="BuiltIn">
<msg time="2024-06-13T18:20:48.861795" level="INFO">password</msg>
<arg>${keyTwo}</arg>
<doc>Logs the given message with the given level.</doc>
<status status="PASS" start="2024-06-13T18:20:48.861667" elapsed="0.000165"/>
</kw>
<var name="${keyTwo}">password</var>
<status status="PASS" start="2024-06-13T18:20:48.860414" elapsed="0.001641"/>
</iter>
<var>${keyTwo}</var>
<value>@{expected_keysTwo}</value>
<status status="PASS" start="2024-06-13T18:20:48.858498" elapsed="0.003678"/>
</for>
<status status="PASS" start="2024-06-13T18:20:48.749888" elapsed="0.112432"/>
</kw>
<doc>Testa a estrutura da resposta da API.</doc>
<tag>testeEstruturaResposta</tag>
<status status="PASS" start="2024-06-13T18:20:48.749083" elapsed="0.113395"/>
</test>
<test id="s1-s1-t4" name="Validar tipos de dados" line="28">
<kw name="Teste de Tipos de Dados" owner="random-user-service">
<kw name="GET On Session" owner="RequestsLibrary">
<msg time="2024-06-13T18:20:48.909101" level="INFO">GET Request : url=https://randomuser.me/api 
 path_url=/api 
 headers={'User-Agent': 'python-requests/2.32.3', 'Accept-Encoding': 'gzip, deflate', 'Accept': '*/*', 'Connection': 'keep-alive'} 
 body=None 
 </msg>
<msg time="2024-06-13T18:20:48.909166" level="INFO">GET Response : url=https://randomuser.me/api 
 status=200, reason=OK 
 headers={'Date': 'Thu, 13 Jun 2024 18:20:48 GMT', 'Content-Type': 'application/json; charset=utf-8', 'Transfer-Encoding': 'chunked', 'Connection': 'keep-alive', 'X-Powered-By': 'Express', 'Access-Control-Allow-Origin': '*', 'Cache-Control': 'no-cache', 'ETag': 'W/"4a5-5OaIf2TOpDL2LSV6eIyC+qR0yQ0"', 'Vary': 'Accept-Encoding', 'Content-Encoding': 'gzip', 'CF-Cache-Status': 'DYNAMIC', 'Report-To': '{"endpoints":[{"url":"https:\\/\\/a.nel.cloudflare.com\\/report\\/v4?s=t%2BlF4m%2FjHYs4Bbn6QK%2FJDTYFiZa0w0ikUbYQmuK0suzi4NpZBtWbKFOCot8l15%2B65XrfbvKqARorXaibkR5ax6zhkir4x6fXB6nVzxAU56EAYNlYph2El1Vg3MiD2gP0"}],"group":"cf-nel","max_age":604800}', 'NEL': '{"success_fraction":0,"report_to":"cf-nel","max_age":604800}', 'Server': 'cloudflare', 'CF-RAY': '893418c56b5f3b50-IAD', 'alt-svc': 'h3=":443"; ma=86400'} 
 body={"results":[{"gender":"male","name":{"title":"Mr","first":"Jacek","last":"Behm"},"location":{"street":{"number":6061,"name":"Ahornweg"},"city":"Waldeck-Frankenberg","state":"Mecklenburg-Vorpommern","country":"Germany","postcode":64579,"coordinates":{"latitude":"-47.9228","longitude":"-65.2118"},"timezone":{"offset":"+8:00","description":"Beijing, Perth, Singapore, Hong Kong"}},"email":"jacek.behm@example.com","login":{"uuid":"80d90e79-bfd0-4ca0-8d21-d015b133018d","username":"blackbutterfly859","password":"skylar","salt":"Q03cWPcF","md5":"80059ba227acafbc0e57c825c36181c0","sha1":"774efc32f04d086de4403eec4fb7c6b0803eab9c","sha256":"bbda6d5fec7a4a26360b81fc97678a070f9957d3aca9b2075fbaff2e277d6129"},"dob":{"date":"1945-12-03T01:21:49.399Z","age":78},"registered":{"date":"2003-07-26T10:27:35.133Z","age":20},"phone":"0711-2005832","cell":"0173-3783647","id":{"name":"SVNR","value":"43 021245 B 426"},"picture":{"large":"https://randomuser.me/api/portraits/men/32.jpg","medium":"https://randomuser.me/api/portraits/med/men/32.jpg","thumbnail":"https://randomuser.me/api/portraits/thumb/men/32.jpg"},"nat":"DE"}],"info":{"seed":"773f32a9645db934","results":1,"page":1,"version":"1.4"}} 
 </msg>
<msg time="2024-06-13T18:20:48.909224" level="INFO">/opt/hostedtoolcache/Python/3.12.3/x64/lib/python3.12/site-packages/urllib3/connectionpool.py:1103: InsecureRequestWarning: Unverified HTTPS request is being made to host 'randomuser.me'. Adding certificate verification is strongly advised. See: https://urllib3.readthedocs.io/en/latest/advanced-usage.html#tls-warnings
  warnings.warn(</msg>
<msg time="2024-06-13T18:20:48.909308" level="INFO">${response} = &lt;Response [200]&gt;</msg>
<var>${response}</var>
<arg>consultarAPI</arg>
<arg>/api</arg>
<doc>Sends a GET request on a previously created HTTP Session.</doc>
<status status="PASS" start="2024-06-13T18:20:48.865037" elapsed="0.044307"/>
</kw>
<kw name="Set Variable" owner="BuiltIn">
<msg time="2024-06-13T18:20:48.910423" level="INFO">${json_data} = {'results': [{'gender': 'male', 'name': {'title': 'Mr', 'first': 'Jacek', 'last': 'Behm'}, 'location': {'street': {'number': 6061, 'name': 'Ahornweg'}, 'city': 'Waldeck-Frankenberg', 'state': 'Mecklen...</msg>
<var>${json_data}</var>
<arg>${response.json()}</arg>
<doc>Returns the given values which can then be assigned to a variables.</doc>
<status status="PASS" start="2024-06-13T18:20:48.909843" elapsed="0.000609"/>
</kw>
<kw name="Log" owner="BuiltIn">
<msg time="2024-06-13T18:20:48.910908" level="INFO">{'results': [{'gender': 'male', 'name': {'title': 'Mr', 'first': 'Jacek', 'last': 'Behm'}, 'location': {'street': {'number': 6061, 'name': 'Ahornweg'}, 'city': 'Waldeck-Frankenberg', 'state': 'Mecklenburg-Vorpommern', 'country': 'Germany', 'postcode': 64579, 'coordinates': {'latitude': '-47.9228', 'longitude': '-65.2118'}, 'timezone': {'offset': '+8:00', 'description': 'Beijing, Perth, Singapore, Hong Kong'}}, 'email': 'jacek.behm@example.com', 'login': {'uuid': '80d90e79-bfd0-4ca0-8d21-d015b133018d', 'username': 'blackbutterfly859', 'password': 'skylar', 'salt': 'Q03cWPcF', 'md5': '80059ba227acafbc0e57c825c36181c0', 'sha1': '774efc32f04d086de4403eec4fb7c6b0803eab9c', 'sha256': 'bbda6d5fec7a4a26360b81fc97678a070f9957d3aca9b2075fbaff2e277d6129'}, 'dob': {'date': '1945-12-03T01:21:49.399Z', 'age': 78}, 'registered': {'date': '2003-07-26T10:27:35.133Z', 'age': 20}, 'phone': '0711-2005832', 'cell': '0173-3783647', 'id': {'name': 'SVNR', 'value': '43 021245 B 426'}, 'picture': {'large': 'https://randomuser.me/api/portraits/men/32.jpg', 'medium': 'https://randomuser.me/api/portraits/med/men/32.jpg', 'thumbnail': 'https://randomuser.me/api/portraits/thumb/men/32.jpg'}, 'nat': 'DE'}], 'info': {'seed': '773f32a9645db934', 'results': 1, 'page': 1, 'version': '1.4'}}</msg>
<arg>${json_data}</arg>
<doc>Logs the given message with the given level.</doc>
<status status="PASS" start="2024-06-13T18:20:48.910758" elapsed="0.000195"/>
</kw>
<kw name="Should Be String" owner="String">
<arg>${json_data['results'][0]['gender']}</arg>
<doc>Fails if the given ``item`` is not a string.</doc>
<status status="PASS" start="2024-06-13T18:20:48.911252" elapsed="0.000366"/>
</kw>
<kw name="Should Match Regexp" owner="BuiltIn">
<arg>${json_data['results'][0]['email']}</arg>
<arg>^[a-zA-Z0-9._%+-]+@[a-zA-Z0-9.-]+\.[a-zA-Z]{2,}$</arg>
<doc>Fails if ``string`` does not match ``pattern`` as a regular expression.</doc>
<status status="PASS" start="2024-06-13T18:20:48.911808" elapsed="0.000507"/>
</kw>
<kw name="Should Match Regexp" owner="BuiltIn">
<arg>${json_data['results'][0]['dob']['date']}</arg>
<arg>\\d{4}-\\d{2}-\\d{2}T\\d{2}:\\d{2}:\\d{2}\\.\\d{3}Z</arg>
<doc>Fails if ``string`` does not match ``pattern`` as a regular expression.</doc>
<status status="PASS" start="2024-06-13T18:20:48.912542" elapsed="0.000500"/>
</kw>
<kw name="Should Match Regexp" owner="BuiltIn">
<arg>${json_data['results'][0]['registered']['date']}</arg>
<arg>\\d{4}-\\d{2}-\\d{2}T\\d{2}:\\d{2}:\\d{2}\\.\\d{3}Z</arg>
<doc>Fails if ``string`` does not match ``pattern`` as a regular expression.</doc>
<status status="PASS" start="2024-06-13T18:20:48.913232" elapsed="0.000393"/>
</kw>
<kw name="Should Match Regexp" owner="BuiltIn">
<arg>${json_data['results'][0]['picture']['large']}</arg>
<arg>^https?://.*\.(?:png|jpe?g|gif|bmp)$</arg>
<doc>Fails if ``string`` does not match ``pattern`` as a regular expression.</doc>
<status status="PASS" start="2024-06-13T18:20:48.913831" elapsed="0.000458"/>
</kw>
<kw name="Should Match Regexp" owner="BuiltIn">
<arg>${json_data['results'][0]['picture']['medium']}</arg>
<arg>^https?://.*\.(?:png|jpe?g|gif|bmp)$</arg>
<doc>Fails if ``string`` does not match ``pattern`` as a regular expression.</doc>
<status status="PASS" start="2024-06-13T18:20:48.914478" elapsed="0.000347"/>
</kw>
<kw name="Should Match Regexp" owner="BuiltIn">
<arg>${json_data['results'][0]['picture']['thumbnail']}</arg>
<arg>^https?://.*\.(?:png|jpe?g|gif|bmp)$</arg>
<doc>Fails if ``string`` does not match ``pattern`` as a regular expression.</doc>
<status status="PASS" start="2024-06-13T18:20:48.915012" elapsed="0.000348"/>
</kw>
<kw name="Log" owner="BuiltIn">
<msg time="2024-06-13T18:20:48.915857" level="INFO">{'large': 'https://randomuser.me/api/portraits/men/32.jpg', 'medium': 'https://randomuser.me/api/portraits/med/men/32.jpg', 'thumbnail': 'https://randomuser.me/api/portraits/thumb/men/32.jpg'}</msg>
<arg>${json_data['results'][0]['picture']}</arg>
<doc>Logs the given message with the given level.</doc>
<status status="PASS" start="2024-06-13T18:20:48.915539" elapsed="0.000360"/>
</kw>
<status status="PASS" start="2024-06-13T18:20:48.864806" elapsed="0.051348"/>
</kw>
<kw name="Teste de Tipos de Dados - Postcode" owner="random-user-service">
<kw name="GET On Session" owner="RequestsLibrary">
<msg time="2024-06-13T18:20:49.003091" level="INFO">GET Request : url=https://randomuser.me/api 
 path_url=/api 
 headers={'User-Agent': 'python-requests/2.32.3', 'Accept-Encoding': 'gzip, deflate', 'Accept': '*/*', 'Connection': 'keep-alive'} 
 body=None 
 </msg>
<msg time="2024-06-13T18:20:49.003161" level="INFO">GET Response : url=https://randomuser.me/api 
 status=200, reason=OK 
 headers={'Date': 'Thu, 13 Jun 2024 18:20:49 GMT', 'Content-Type': 'application/json; charset=utf-8', 'Transfer-Encoding': 'chunked', 'Connection': 'keep-alive', 'X-Powered-By': 'Express', 'Access-Control-Allow-Origin': '*', 'Cache-Control': 'no-cache', 'ETag': 'W/"493-UySM/oUY7N0sekrR2Ogx4pKbY+E"', 'Vary': 'Accept-Encoding', 'Content-Encoding': 'gzip', 'CF-Cache-Status': 'DYNAMIC', 'Report-To': '{"endpoints":[{"url":"https:\\/\\/a.nel.cloudflare.com\\/report\\/v4?s=JdZTSq7Fo131hqkt2FbPJ0H1zmgnB7I6TwzUuUMyr%2BfsJSkRtDM%2Fr4Cx73v3RkI3YT8S15nrssAwzzODx6Oij6%2FvfkRnnP0GKMx6ZTvq3%2B9%2Foxx6SZYbOSLTOZAl74hV"}],"group":"cf-nel","max_age":604800}', 'NEL': '{"success_fraction":0,"report_to":"cf-nel","max_age":604800}', 'Server': 'cloudflare', 'CF-RAY': '893418c5cbbc3b50-IAD', 'alt-svc': 'h3=":443"; ma=86400'} 
 body={"results":[{"gender":"male","name":{"title":"Mr","first":"Hanns","last":"Ammon"},"location":{"street":{"number":3442,"name":"Brunnenstraße"},"city":"Stadtlohn","state":"Bayern","country":"Germany","postcode":81441,"coordinates":{"latitude":"-53.4462","longitude":"-97.1754"},"timezone":{"offset":"+5:00","description":"Ekaterinburg, Islamabad, Karachi, Tashkent"}},"email":"hanns.ammon@example.com","login":{"uuid":"50a52d1c-9a03-4760-9e46-7050cf4e5576","username":"goldengorilla513","password":"swim","salt":"LNaoDAcL","md5":"c26021f6efc31f9d92646f634a87ff99","sha1":"b14d9335993a3b92558a1350b4f7c48e4db88a7c","sha256":"c3e2b7b9776c6694a6a730cbb9d1dfb9adcffdab5bc66e49b8430cfed417af03"},"dob":{"date":"1947-02-25T06:16:01.029Z","age":77},"registered":{"date":"2009-04-23T08:25:22.258Z","age":15},"phone":"0793-9334443","cell":"0178-4220094","id":{"name":"SVNR","value":"46 250247 A 482"},"picture":{"large":"https://randomuser.me/api/portraits/men/3.jpg","medium":"https://randomuser.me/api/portraits/med/men/3.jpg","thumbnail":"https://randomuser.me/api/portraits/thumb/men/3.jpg"},"nat":"DE"}],"info":{"seed":"7a2b8283e0a73e82","results":1,"page":1,"version":"1.4"}} 
 </msg>
<msg time="2024-06-13T18:20:49.003235" level="INFO">/opt/hostedtoolcache/Python/3.12.3/x64/lib/python3.12/site-packages/urllib3/connectionpool.py:1103: InsecureRequestWarning: Unverified HTTPS request is being made to host 'randomuser.me'. Adding certificate verification is strongly advised. See: https://urllib3.readthedocs.io/en/latest/advanced-usage.html#tls-warnings
  warnings.warn(</msg>
<msg time="2024-06-13T18:20:49.003328" level="INFO">${response} = &lt;Response [200]&gt;</msg>
<var>${response}</var>
<arg>consultarAPI</arg>
<arg>/api</arg>
<doc>Sends a GET request on a previously created HTTP Session.</doc>
<status status="PASS" start="2024-06-13T18:20:48.916595" elapsed="0.086765"/>
</kw>
<kw name="Set Variable" owner="BuiltIn">
<msg time="2024-06-13T18:20:49.004219" level="INFO">${json_data} = {'results': [{'gender': 'male', 'name': {'title': 'Mr', 'first': 'Hanns', 'last': 'Ammon'}, 'location': {'street': {'number': 3442, 'name': 'Brunnenstraße'}, 'city': 'Stadtlohn', 'state': 'Bayern', 'c...</msg>
<var>${json_data}</var>
<arg>${response.json()}</arg>
<doc>Returns the given values which can then be assigned to a variables.</doc>
<status status="PASS" start="2024-06-13T18:20:49.003765" elapsed="0.000483"/>
</kw>
<kw name="Log" owner="BuiltIn">
<msg time="2024-06-13T18:20:49.004705" level="INFO">{'results': [{'gender': 'male', 'name': {'title': 'Mr', 'first': 'Hanns', 'last': 'Ammon'}, 'location': {'street': {'number': 3442, 'name': 'Brunnenstraße'}, 'city': 'Stadtlohn', 'state': 'Bayern', 'country': 'Germany', 'postcode': 81441, 'coordinates': {'latitude': '-53.4462', 'longitude': '-97.1754'}, 'timezone': {'offset': '+5:00', 'description': 'Ekaterinburg, Islamabad, Karachi, Tashkent'}}, 'email': 'hanns.ammon@example.com', 'login': {'uuid': '50a52d1c-9a03-4760-9e46-7050cf4e5576', 'username': 'goldengorilla513', 'password': 'swim', 'salt': 'LNaoDAcL', 'md5': 'c26021f6efc31f9d92646f634a87ff99', 'sha1': 'b14d9335993a3b92558a1350b4f7c48e4db88a7c', 'sha256': 'c3e2b7b9776c6694a6a730cbb9d1dfb9adcffdab5bc66e49b8430cfed417af03'}, 'dob': {'date': '1947-02-25T06:16:01.029Z', 'age': 77}, 'registered': {'date': '2009-04-23T08:25:22.258Z', 'age': 15}, 'phone': '0793-9334443', 'cell': '0178-4220094', 'id': {'name': 'SVNR', 'value': '46 250247 A 482'}, 'picture': {'large': 'https://randomuser.me/api/portraits/men/3.jpg', 'medium': 'https://randomuser.me/api/portraits/med/men/3.jpg', 'thumbnail': 'https://randomuser.me/api/portraits/thumb/men/3.jpg'}, 'nat': 'DE'}], 'info': {'seed': '7a2b8283e0a73e82', 'results': 1, 'page': 1, 'version': '1.4'}}</msg>
<arg>${json_data}</arg>
<doc>Logs the given message with the given level.</doc>
<status status="PASS" start="2024-06-13T18:20:49.004550" elapsed="0.000215"/>
</kw>
<kw name="Should Be Equal As Numbers" owner="BuiltIn">
<arg>${json_data['results'][0]['location']['postcode']}</arg>
<arg>${json_data['results'][0]['location']['postcode']}</arg>
<doc>Fails if objects are unequal after converting them to real numbers.</doc>
<status status="PASS" start="2024-06-13T18:20:49.005061" elapsed="0.000671"/>
</kw>
<kw name="Log" owner="BuiltIn">
<msg time="2024-06-13T18:20:49.006261" level="INFO">81441</msg>
<arg>${json_data['results'][0]['location']['postcode']}</arg>
<doc>Logs the given message with the given level.</doc>
<status status="PASS" start="2024-06-13T18:20:49.005926" elapsed="0.000376"/>
</kw>
<status status="PASS" start="2024-06-13T18:20:48.916369" elapsed="0.090214"/>
</kw>
<doc>Testa se os tipos de dados na resposta da API estão corretos.</doc>
<tag>testeTiposDados</tag>
<status status="PASS" start="2024-06-13T18:20:48.864234" elapsed="0.142516"/>
</test>
<test id="s1-s1-t5" name="Validar conteudo" line="35">
<kw name="Teste de Tipos de Conteudo" owner="random-user-service">
<kw name="GET On Session" owner="RequestsLibrary">
<msg time="2024-06-13T18:20:49.107233" level="INFO">GET Request : url=https://randomuser.me/api 
 path_url=/api 
 headers={'User-Agent': 'python-requests/2.32.3', 'Accept-Encoding': 'gzip, deflate', 'Accept': '*/*', 'Connection': 'keep-alive'} 
 body=None 
 </msg>
<msg time="2024-06-13T18:20:49.107336" level="INFO">GET Response : url=https://randomuser.me/api 
 status=200, reason=OK 
 headers={'Date': 'Thu, 13 Jun 2024 18:20:49 GMT', 'Content-Type': 'application/json; charset=utf-8', 'Transfer-Encoding': 'chunked', 'Connection': 'keep-alive', 'X-Powered-By': 'Express', 'Access-Control-Allow-Origin': '*', 'Cache-Control': 'no-cache', 'ETag': 'W/"48b-gV6nVgOB0iORkdKA2RHZyXii+04"', 'Vary': 'Accept-Encoding', 'Content-Encoding': 'gzip', 'CF-Cache-Status': 'DYNAMIC', 'Report-To': '{"endpoints":[{"url":"https:\\/\\/a.nel.cloudflare.com\\/report\\/v4?s=1D7MuJerqFYvL2vT6IUNsXKHrDtZ4NUIZ67Xc%2BW0Gltd%2BdKm9IBh5N3Oj%2FEti4nRyavXc8b0HofIE5SK2ZOA1EdHPeBX6hvAhDCYCgXcTusIJJ%2FExl8OhI8Inq8L4p87"}],"group":"cf-nel","max_age":604800}', 'NEL': '{"success_fraction":0,"report_to":"cf-nel","max_age":604800}', 'Server': 'cloudflare', 'CF-RAY': '893418c65c973b50-IAD', 'alt-svc': 'h3=":443"; ma=86400'} 
 body={"results":[{"gender":"male","name":{"title":"Mr","first":"آرتين","last":"كامياران"},"location":{"street":{"number":3364,"name":"آفریقا"},"city":"بندرعباس","state":"آذربایجان غربی","country":"Iran","postcode":73605,"coordinates":{"latitude":"13.7826","longitude":"-170.0065"},"timezone":{"offset":"+9:30","description":"Adelaide, Darwin"}},"email":"artyn.kmyrn@example.com","login":{"uuid":"08e5030b-091d-438d-babe-adf06fa2d1d9","username":"sadtiger680","password":"niang","salt":"cMe1lF10","md5":"0e85d7530d9f9930361bf9a862037f6d","sha1":"5aa1409d12f8ce1b0a7bedc568579abff3f26d86","sha256":"9153e37ddf61eb6e26b8c25a67e37c09dd92b00e23a25ed3fab2ea775727d841"},"dob":{"date":"1993-11-22T19:34:50.793Z","age":30},"registered":{"date":"2021-09-05T19:13:50.490Z","age":2},"phone":"049-61808591","cell":"0987-673-6344","id":{"name":"","value":null},"picture":{"large":"https://randomuser.me/api/portraits/men/2.jpg","medium":"https://randomuser.me/api/portraits/med/men/2.jpg","thumbnail":"https://randomuser.me/api/portraits/thumb/men/2.jpg"},"nat":"IR"}],"info":{"seed":"ebe2f990284dbf00","results":1,"page":1,"version":"1.4"}} 
 </msg>
<msg time="2024-06-13T18:20:49.107415" level="INFO">/opt/hostedtoolcache/Python/3.12.3/x64/lib/python3.12/site-packages/urllib3/connectionpool.py:1103: InsecureRequestWarning: Unverified HTTPS request is being made to host 'randomuser.me'. Adding certificate verification is strongly advised. See: https://urllib3.readthedocs.io/en/latest/advanced-usage.html#tls-warnings
  warnings.warn(</msg>
<msg time="2024-06-13T18:20:49.107522" level="INFO">${response} = &lt;Response [200]&gt;</msg>
<var>${response}</var>
<arg>consultarAPI</arg>
<arg>/api</arg>
<doc>Sends a GET request on a previously created HTTP Session.</doc>
<status status="PASS" start="2024-06-13T18:20:49.009237" elapsed="0.098323"/>
</kw>
<kw name="Set Variable" owner="BuiltIn">
<msg time="2024-06-13T18:20:49.108565" level="INFO">${json_data} = {'results': [{'gender': 'male', 'name': {'title': 'Mr', 'first': 'آرتين', 'last': 'كامياران'}, 'location': {'street': {'number': 3364, 'name': 'آفریقا'}, 'city': 'بندرعباس', 'state': 'آذربایجان غربی',...</msg>
<var>${json_data}</var>
<arg>${response.json()}</arg>
<doc>Returns the given values which can then be assigned to a variables.</doc>
<status status="PASS" start="2024-06-13T18:20:49.108050" elapsed="0.000545"/>
</kw>
<kw name="Set Variable" owner="BuiltIn">
<msg time="2024-06-13T18:20:49.109285" level="INFO">${name_title} = Mr</msg>
<var>${name_title}</var>
<arg>${json_data["results"][0]["name"]["title"]}</arg>
<doc>Returns the given values which can then be assigned to a variables.</doc>
<status status="PASS" start="2024-06-13T18:20:49.108906" elapsed="0.000405"/>
</kw>
<kw name="Create List" owner="BuiltIn">
<msg time="2024-06-13T18:20:49.109832" level="INFO">${allowed_titles} = ['Mr', 'Ms', 'Miss', 'Mrs', 'Madame', 'Monsieur']</msg>
<var>${allowed_titles}</var>
<arg>Mr</arg>
<arg>Ms</arg>
<arg>Miss</arg>
<arg>Mrs</arg>
<arg>Madame</arg>
<arg>Monsieur</arg>
<doc>Returns a list containing given items.</doc>
<status status="PASS" start="2024-06-13T18:20:49.109661" elapsed="0.000195"/>
</kw>
<kw name="List Should Contain Value" owner="Collections">
<arg>${allowed_titles}</arg>
<arg>${name_title}</arg>
<doc>Fails if the ``value`` is not found from ``list``.</doc>
<status status="PASS" start="2024-06-13T18:20:49.110169" elapsed="0.000178"/>
</kw>
<kw name="Set Variable" owner="BuiltIn">
<msg time="2024-06-13T18:20:49.110939" level="INFO">${name_country} = IR</msg>
<var>${name_country}</var>
<arg>${json_data["results"][0]["nat"]}</arg>
<doc>Returns the given values which can then be assigned to a variables.</doc>
<status status="PASS" start="2024-06-13T18:20:49.110552" elapsed="0.000412"/>
</kw>
<kw name="Create List" owner="BuiltIn">
<msg time="2024-06-13T18:20:49.111862" level="INFO">${list_country} = ['AD', 'AE', 'AF', 'AG', 'AI', 'AL', 'AM', 'AO', 'AQ', 'AR', 'AS', 'AT', 'AU', 'AW', 'AX', 'AZ', 'BA', 'BB', 'BD', 'BE', 'BF', 'BG', 'BH', 'BI', 'BJ', 'BL', 'BM', 'BN', 'BO', 'BQ', 'BR', 'BS', 'BT', '...</msg>
<var>${list_country}</var>
<arg>AD</arg>
<arg>AE</arg>
<arg>AF</arg>
<arg>AG</arg>
<arg>AI</arg>
<arg>AL</arg>
<arg>AM</arg>
<arg>AO</arg>
<arg>AQ</arg>
<arg>AR</arg>
<arg>AS</arg>
<arg>AT</arg>
<arg>AU</arg>
<arg>AW</arg>
<arg>AX</arg>
<arg>AZ</arg>
<arg>BA</arg>
<arg>BB</arg>
<arg>BD</arg>
<arg>BE</arg>
<arg>BF</arg>
<arg>BG</arg>
<arg>BH</arg>
<arg>BI</arg>
<arg>BJ</arg>
<arg>BL</arg>
<arg>BM</arg>
<arg>BN</arg>
<arg>BO</arg>
<arg>BQ</arg>
<arg>BR</arg>
<arg>BS</arg>
<arg>BT</arg>
<arg>BV</arg>
<arg>BW</arg>
<arg>BY</arg>
<arg>BZ</arg>
<arg>CA</arg>
<arg>CC</arg>
<arg>CD</arg>
<arg>CF</arg>
<arg>CG</arg>
<arg>CH</arg>
<arg>CI</arg>
<arg>CK</arg>
<arg>CL</arg>
<arg>CM</arg>
<arg>CN</arg>
<arg>CO</arg>
<arg>CR</arg>
<arg>CU</arg>
<arg>CV</arg>
<arg>CW</arg>
<arg>CX</arg>
<arg>CY</arg>
<arg>CZ</arg>
<arg>DE</arg>
<arg>DJ</arg>
<arg>DK</arg>
<arg>DM</arg>
<arg>DO</arg>
<arg>DZ</arg>
<arg>EC</arg>
<arg>EE</arg>
<arg>EG</arg>
<arg>EH</arg>
<arg>ER</arg>
<arg>ES</arg>
<arg>ET</arg>
<arg>FI</arg>
<arg>FJ</arg>
<arg>FK</arg>
<arg>FM</arg>
<arg>FO</arg>
<arg>FR</arg>
<arg>GA</arg>
<arg>GB</arg>
<arg>GD</arg>
<arg>GE</arg>
<arg>GF</arg>
<arg>GG</arg>
<arg>GH</arg>
<arg>GI</arg>
<arg>GL</arg>
<arg>GM</arg>
<arg>GN</arg>
<arg>GP</arg>
<arg>GQ</arg>
<arg>GR</arg>
<arg>GS</arg>
<arg>GT</arg>
<arg>GU</arg>
<arg>GW</arg>
<arg>GY</arg>
<arg>HK</arg>
<arg>HM</arg>
<arg>HN</arg>
<arg>HR</arg>
<arg>HT</arg>
<arg>HU</arg>
<arg>ID</arg>
<arg>IE</arg>
<arg>IL</arg>
<arg>IM</arg>
<arg>IN</arg>
<arg>IO</arg>
<arg>IQ</arg>
<arg>IR</arg>
<arg>IS</arg>
<arg>IT</arg>
<arg>JE</arg>
<arg>JM</arg>
<arg>JO</arg>
<arg>JP</arg>
<arg>KE</arg>
<arg>KG</arg>
<arg>KH</arg>
<arg>KI</arg>
<arg>KM</arg>
<arg>KN</arg>
<arg>KP</arg>
<arg>KR</arg>
<arg>KW</arg>
<arg>KY</arg>
<arg>KZ</arg>
<arg>LA</arg>
<arg>LB</arg>
<arg>LC</arg>
<arg>LI</arg>
<arg>LK</arg>
<arg>LR</arg>
<arg>LS</arg>
<arg>LT</arg>
<arg>LU</arg>
<arg>LV</arg>
<arg>LY</arg>
<arg>MA</arg>
<arg>MC</arg>
<arg>MD</arg>
<arg>ME</arg>
<arg>MF</arg>
<arg>MG</arg>
<arg>MH</arg>
<arg>MK</arg>
<arg>ML</arg>
<arg>MM</arg>
<arg>MN</arg>
<arg>MO</arg>
<arg>MP</arg>
<arg>MQ</arg>
<arg>MR</arg>
<arg>MS</arg>
<arg>MT</arg>
<arg>MU</arg>
<arg>MV</arg>
<arg>MW</arg>
<arg>MX</arg>
<arg>MY</arg>
<arg>MZ</arg>
<arg>NA</arg>
<arg>NC</arg>
<arg>NE</arg>
<arg>NF</arg>
<arg>NG</arg>
<arg>NI</arg>
<arg>NL</arg>
<arg>NO</arg>
<arg>NP</arg>
<arg>NR</arg>
<arg>NU</arg>
<arg>NZ</arg>
<arg>OM</arg>
<arg>PA</arg>
<arg>PE</arg>
<arg>PF</arg>
<arg>PG</arg>
<arg>PH</arg>
<arg>PK</arg>
<arg>PL</arg>
<arg>PM</arg>
<arg>PN</arg>
<arg>PR</arg>
<arg>PS</arg>
<arg>PT</arg>
<arg>PW</arg>
<arg>PY</arg>
<arg>QA</arg>
<arg>RE</arg>
<arg>RO</arg>
<arg>RS</arg>
<arg>RU</arg>
<arg>RW</arg>
<arg>SA</arg>
<arg>SB</arg>
<arg>SC</arg>
<arg>SD</arg>
<arg>SE</arg>
<arg>SG</arg>
<arg>SH</arg>
<arg>SI</arg>
<arg>SJ</arg>
<arg>SK</arg>
<arg>SL</arg>
<arg>SM</arg>
<arg>SN</arg>
<arg>SO</arg>
<arg>SR</arg>
<arg>SS</arg>
<arg>ST</arg>
<arg>SV</arg>
<arg>SX</arg>
<arg>SY</arg>
<arg>SZ</arg>
<arg>TC</arg>
<arg>TD</arg>
<arg>TF</arg>
<arg>TG</arg>
<arg>TH</arg>
<arg>TJ</arg>
<arg>TK</arg>
<arg>TL</arg>
<arg>TM</arg>
<arg>TN</arg>
<arg>TO</arg>
<arg>TR</arg>
<arg>TT</arg>
<arg>TV</arg>
<arg>TW</arg>
<arg>TZ</arg>
<arg>UA</arg>
<arg>UG</arg>
<arg>UM</arg>
<arg>US</arg>
<arg>UY</arg>
<arg>UZ</arg>
<arg>VA</arg>
<arg>VC</arg>
<arg>VE</arg>
<arg>VG</arg>
<arg>VI</arg>
<arg>VN</arg>
<arg>VU</arg>
<arg>WF</arg>
<arg>WS</arg>
<arg>XK</arg>
<arg>YE</arg>
<arg>YT</arg>
<arg>ZA</arg>
<arg>ZM</arg>
<arg>ZW</arg>
<doc>Returns a list containing given items.</doc>
<status status="PASS" start="2024-06-13T18:20:49.111261" elapsed="0.000627"/>
</kw>
<kw name="List Should Contain Value" owner="Collections">
<arg>${list_country}</arg>
<arg>${name_country}</arg>
<doc>Fails if the ``value`` is not found from ``list``.</doc>
<status status="PASS" start="2024-06-13T18:20:49.112683" elapsed="0.000204"/>
</kw>
<kw name="Run Keyword If" owner="BuiltIn">
<kw name="Should Be True" owner="BuiltIn">
<arg>${True}</arg>
<doc>Fails if the given condition is not true.</doc>
<status status="PASS" start="2024-06-13T18:20:49.113971" elapsed="0.000142"/>
</kw>
<arg>${json_data["results"][0]["location"]["coordinates"]["latitude"]} &gt;= -90 and ${json_data["results"][0]["location"]["coordinates"]["latitude"]} &lt;= 90</arg>
<arg>Should Be True</arg>
<arg>${True}</arg>
<doc>Runs the given keyword with the given arguments, if ``condition`` is true.</doc>
<status status="PASS" start="2024-06-13T18:20:49.113082" elapsed="0.001157"/>
</kw>
<kw name="Run Keyword If" owner="BuiltIn">
<kw name="Should Be True" owner="BuiltIn">
<arg>${True}</arg>
<doc>Fails if the given condition is not true.</doc>
<status status="PASS" start="2024-06-13T18:20:49.115112" elapsed="0.000138"/>
</kw>
<arg>${json_data["results"][0]["location"]["coordinates"]["longitude"]} &gt;= -180 and ${json_data["results"][0]["location"]["coordinates"]["longitude"]} &lt;= 180</arg>
<arg>Should Be True</arg>
<arg>${True}</arg>
<doc>Runs the given keyword with the given arguments, if ``condition`` is true.</doc>
<status status="PASS" start="2024-06-13T18:20:49.114420" elapsed="0.000954"/>
</kw>
<status status="PASS" start="2024-06-13T18:20:49.009004" elapsed="0.106503"/>
</kw>
<doc>Testa o conteúdo específico dos campos retornados pela API.</doc>
<tag>testeConteudo</tag>
<status status="PASS" start="2024-06-13T18:20:49.008472" elapsed="0.107187"/>
</test>
<status status="PASS" start="2024-06-13T18:20:47.797453" elapsed="1.320100"/>
</suite>
<status status="PASS" start="2024-06-13T18:20:47.783886" elapsed="1.338736"/>
</suite>
<statistics>
<total>
<stat pass="5" fail="0" skip="0">All Tests</stat>
</total>
<tag>
<stat pass="1" fail="0" skip="0">testeConteudo</stat>
<stat pass="1" fail="0" skip="0">testeEstruturaResposta</stat>
<stat pass="1" fail="0" skip="0">testeRequisicaoBasica</stat>
<stat pass="1" fail="0" skip="0">testeTiposDados</stat>
</tag>
<suite>
<stat pass="5" fail="0" skip="0" id="s1" name="Tests">Tests</stat>
<stat pass="5" fail="0" skip="0" id="s1-s1" name="Random-User-Test">Tests.Random-User-Test</stat>
</suite>
</statistics>
<errors>
</errors>
</robot>
