<?xml version="1.0" encoding="UTF-8"?>
<robot generator="Robot 7.0.1 (Python 3.12.4 on linux)" generated="2024-06-27T17:15:19.648747" rpa="false" schemaversion="5">
<suite id="s1" name="Tests" source="/home/runner/work/ApiRandomUser/ApiRandomUser/RamdonUser/tests">
<suite id="s1-s1" name="Random-User-Test" source="/home/runner/work/ApiRandomUser/ApiRandomUser/RamdonUser/tests/random-user-test.robot">
<test id="s1-s1-t1" name="Conectar" line="13">
<kw name="Conectar API" owner="random-user-service">
<kw name="Create Session" owner="RequestsLibrary">
<msg time="2024-06-27T17:15:20.075159" level="INFO">Creating Session using : alias=consultarAPI, url=https://randomuser.me/, headers={},                     cookies={}, auth=None, timeout=None, proxies=None, verify=False,                     debug=0 </msg>
<arg>consultarAPI</arg>
<arg>${URL}</arg>
<doc>Create Session: create a HTTP session to a server</doc>
<status status="PASS" start="2024-06-27T17:15:20.074935" elapsed="0.000426"/>
</kw>
<status status="PASS" start="2024-06-27T17:15:20.073918" elapsed="0.001860"/>
</kw>
<status status="PASS" start="2024-06-27T17:15:20.073140" elapsed="0.002838"/>
</test>
<test id="s1-s1-t2" name="Validar retorno 200 e JSON Válido" line="16">
<kw name="Teste de Requisicao Basica" owner="random-user-service">
<kw name="GET On Session" owner="RequestsLibrary">
<msg time="2024-06-27T17:15:20.244120" level="INFO">GET Request : url=https://randomuser.me/api 
 path_url=/api 
 headers={'User-Agent': 'python-requests/2.32.3', 'Accept-Encoding': 'gzip, deflate', 'Accept': '*/*', 'Connection': 'keep-alive'} 
 body=None 
 </msg>
<msg time="2024-06-27T17:15:20.244288" level="INFO">GET Response : url=https://randomuser.me/api 
 status=200, reason=OK 
 headers={'Date': 'Thu, 27 Jun 2024 17:15:20 GMT', 'Content-Type': 'application/json; charset=utf-8', 'Transfer-Encoding': 'chunked', 'Connection': 'keep-alive', 'X-Powered-By': 'Express', 'Access-Control-Allow-Origin': '*', 'Cache-Control': 'no-cache', 'ETag': 'W/"4a7-35vsBSmI3KkBIBCi/5dlasyMfH0"', 'Vary': 'Accept-Encoding', 'Content-Encoding': 'gzip', 'CF-Cache-Status': 'DYNAMIC', 'Report-To': '{"endpoints":[{"url":"https:\\/\\/a.nel.cloudflare.com\\/report\\/v4?s=XwbAU9x6GWvxQDZrbTekp6Tw0ej4T4cgNIWizsk7ELsUFvaNZ2iVkZ3Nig7Cv5TJ7icdLAsclKL%2FTnvExpcw8D2aHQhTMyzCj1FRHt0aftVZOUWj2bMU8Dcue%2FXehLSh"}],"group":"cf-nel","max_age":604800}', 'NEL': '{"success_fraction":0,"report_to":"cf-nel","max_age":604800}', 'Server': 'cloudflare', 'CF-RAY': '89a7141aaee8cf45-SJC', 'alt-svc': 'h3=":443"; ma=86400'} 
 body={"results":[{"gender":"female","name":{"title":"Mrs","first":"Marija","last":"Silić"},"location":{"street":{"number":5695,"name":"DragolЈuba Jeličića "},"city":"Prizren","state":"Kosovska Mitrovica","country":"Serbia","postcode":44763,"coordinates":{"latitude":"58.3562","longitude":"67.5691"},"timezone":{"offset":"+9:00","description":"Tokyo, Seoul, Osaka, Sapporo, Yakutsk"}},"email":"marija.silic@example.com","login":{"uuid":"7a9e93a4-6644-4ffd-9599-a7ca9ce06831","username":"organicmouse536","password":"morgan1","salt":"zsq80Zhv","md5":"c9a4ec142f98410c17e20f83f8d595f5","sha1":"8509080b08372fd98e98356e233c74056530e50a","sha256":"fd4ff1316bed33a5024c30b5f6beceb04f90c583368a7e84c0586aca5b537118"},"dob":{"date":"1987-04-16T04:10:05.622Z","age":37},"registered":{"date":"2014-11-29T00:17:08.682Z","age":9},"phone":"039-0451-057","cell":"067-4126-422","id":{"name":"SID","value":"240269242"},"picture":{"large":"https://randomuser.me/api/portraits/women/55.jpg","medium":"https://randomuser.me/api/portraits/med/women/55.jpg","thumbnail":"https://randomuser.me/api/portraits/thumb/women/55.jpg"},"nat":"RS"}],"info":{"seed":"e2822cc6a4dcbc19","results":1,"page":1,"version":"1.4"}} 
 </msg>
<msg time="2024-06-27T17:15:20.244377" level="INFO">/opt/hostedtoolcache/Python/3.12.4/x64/lib/python3.12/site-packages/urllib3/connectionpool.py:1099: InsecureRequestWarning: Unverified HTTPS request is being made to host 'randomuser.me'. Adding certificate verification is strongly advised. See: https://urllib3.readthedocs.io/en/latest/advanced-usage.html#tls-warnings
  warnings.warn(</msg>
<msg time="2024-06-27T17:15:20.244538" level="INFO">${response} = &lt;Response [200]&gt;</msg>
<var>${response}</var>
<arg>consultarAPI</arg>
<arg>/api</arg>
<doc>Sends a GET request on a previously created HTTP Session.</doc>
<status status="PASS" start="2024-06-27T17:15:20.078581" elapsed="0.165990"/>
</kw>
<kw name="Should Be Equal As Numbers" owner="BuiltIn">
<msg time="2024-06-27T17:15:20.245552" level="INFO">Argument types are:
&lt;class 'int'&gt;
&lt;class 'str'&gt;</msg>
<arg>${response.status_code}</arg>
<arg>200</arg>
<doc>Fails if objects are unequal after converting them to real numbers.</doc>
<status status="PASS" start="2024-06-27T17:15:20.245087" elapsed="0.000528"/>
</kw>
<kw name="Log" owner="BuiltIn">
<msg time="2024-06-27T17:15:20.246278" level="INFO">200</msg>
<arg>${response.status_code}</arg>
<doc>Logs the given message with the given level.</doc>
<status status="PASS" start="2024-06-27T17:15:20.245928" elapsed="0.000393"/>
</kw>
<kw name="Set Variable" owner="BuiltIn">
<msg time="2024-06-27T17:15:20.247088" level="INFO">${json_data} = {'results': [{'gender': 'female', 'name': {'title': 'Mrs', 'first': 'Marija', 'last': 'Silić'}, 'location': {'street': {'number': 5695, 'name': 'DragolЈuba Jeličića '}, 'city': 'Prizren', 'state': 'Ko...</msg>
<var>${json_data}</var>
<arg>${response.json()}</arg>
<doc>Returns the given values which can then be assigned to a variables.</doc>
<status status="PASS" start="2024-06-27T17:15:20.246631" elapsed="0.000488"/>
</kw>
<kw name="Dictionary Should Contain Key" owner="Collections">
<arg>${json_data}</arg>
<arg>results</arg>
<doc>Fails if ``key`` is not found from ``dictionary``.</doc>
<status status="PASS" start="2024-06-27T17:15:20.247421" elapsed="0.000208"/>
</kw>
<status status="PASS" start="2024-06-27T17:15:20.078318" elapsed="0.169465"/>
</kw>
<doc>Testa se a API responde corretamente e retorna um objeto JSON válido.</doc>
<tag>testeRequisicaoBasica</tag>
<status status="PASS" start="2024-06-27T17:15:20.077853" elapsed="0.170107"/>
</test>
<test id="s1-s1-t3" name="Validar estrutura de resposta" line="22">
<kw name="Teste de Estrutura de Resposta" owner="random-user-service">
<kw name="GET On Session" owner="RequestsLibrary">
<msg time="2024-06-27T17:15:20.361771" level="INFO">GET Request : url=https://randomuser.me/api 
 path_url=/api 
 headers={'User-Agent': 'python-requests/2.32.3', 'Accept-Encoding': 'gzip, deflate', 'Accept': '*/*', 'Connection': 'keep-alive'} 
 body=None 
 </msg>
<msg time="2024-06-27T17:15:20.361862" level="INFO">GET Response : url=https://randomuser.me/api 
 status=200, reason=OK 
 headers={'Date': 'Thu, 27 Jun 2024 17:15:20 GMT', 'Content-Type': 'application/json; charset=utf-8', 'Transfer-Encoding': 'chunked', 'Connection': 'keep-alive', 'X-Powered-By': 'Express', 'Access-Control-Allow-Origin': '*', 'Cache-Control': 'no-cache', 'ETag': 'W/"4ab-k0sSAFzvmhpzIh9G/YLQ/i9qsHM"', 'Vary': 'Accept-Encoding', 'Content-Encoding': 'gzip', 'CF-Cache-Status': 'DYNAMIC', 'Report-To': '{"endpoints":[{"url":"https:\\/\\/a.nel.cloudflare.com\\/report\\/v4?s=GCyo1Sw1MMQGpHhwkqYP0D0ep3fCM90L2JDkS5SooXvdGQBCijXjhWKzANyT1Mt2F67SrERXgjA9iBgVZWsi4cocjGXpK%2FNwlvHhhQubNRYPp15wCmCNCAEUlVYdadUm"}],"group":"cf-nel","max_age":604800}', 'NEL': '{"success_fraction":0,"report_to":"cf-nel","max_age":604800}', 'Server': 'cloudflare', 'CF-RAY': '89a7141b9fb4cf45-SJC', 'alt-svc': 'h3=":443"; ma=86400'} 
 body={"results":[{"gender":"male","name":{"title":"Mr","first":"Elmer","last":"Sanders"},"location":{"street":{"number":6458,"name":"Alexander Road"},"city":"Belfast","state":"Oxfordshire","country":"United Kingdom","postcode":"R34 6TH","coordinates":{"latitude":"-10.4074","longitude":"-92.4071"},"timezone":{"offset":"0:00","description":"Western Europe Time, London, Lisbon, Casablanca"}},"email":"elmer.sanders@example.com","login":{"uuid":"4d7a01b1-15ce-41a6-b995-a273fffdf9e6","username":"purplefrog701","password":"more","salt":"fvV6ePAS","md5":"3311c59237a59140bb14dd0bf5e0fce6","sha1":"12b7089c53d0e01d5db2a88f1753a2b4cb5fc2c1","sha256":"739fb1a72880216f0e33086ce1929e5f4d1f1209fcb3e8ebf4434f23df7e758a"},"dob":{"date":"1953-07-17T12:14:07.224Z","age":70},"registered":{"date":"2012-03-13T22:44:18.094Z","age":12},"phone":"0115761 531 2911","cell":"07823 122700","id":{"name":"NINO","value":"KN 68 79 79 N"},"picture":{"large":"https://randomuser.me/api/portraits/men/22.jpg","medium":"https://randomuser.me/api/portraits/med/men/22.jpg","thumbnail":"https://randomuser.me/api/portraits/thumb/men/22.jpg"},"nat":"GB"}],"info":{"seed":"0defcd865f9b4837","results":1,"page":1,"version":"1.4"}} 
 </msg>
<msg time="2024-06-27T17:15:20.361985" level="INFO">/opt/hostedtoolcache/Python/3.12.4/x64/lib/python3.12/site-packages/urllib3/connectionpool.py:1099: InsecureRequestWarning: Unverified HTTPS request is being made to host 'randomuser.me'. Adding certificate verification is strongly advised. See: https://urllib3.readthedocs.io/en/latest/advanced-usage.html#tls-warnings
  warnings.warn(</msg>
<msg time="2024-06-27T17:15:20.362126" level="INFO">${response} = &lt;Response [200]&gt;</msg>
<var>${response}</var>
<arg>consultarAPI</arg>
<arg>/api</arg>
<doc>Sends a GET request on a previously created HTTP Session.</doc>
<status status="PASS" start="2024-06-27T17:15:20.250520" elapsed="0.111653"/>
</kw>
<kw name="Set Variable" owner="BuiltIn">
<msg time="2024-06-27T17:15:20.363146" level="INFO">${json_data} = {'results': [{'gender': 'male', 'name': {'title': 'Mr', 'first': 'Elmer', 'last': 'Sanders'}, 'location': {'street': {'number': 6458, 'name': 'Alexander Road'}, 'city': 'Belfast', 'state': 'Oxfordshir...</msg>
<var>${json_data}</var>
<arg>${response.json()}</arg>
<doc>Returns the given values which can then be assigned to a variables.</doc>
<status status="PASS" start="2024-06-27T17:15:20.362649" elapsed="0.000525"/>
</kw>
<kw name="Log" owner="BuiltIn">
<msg time="2024-06-27T17:15:20.363726" level="INFO">{'results': [{'gender': 'male', 'name': {'title': 'Mr', 'first': 'Elmer', 'last': 'Sanders'}, 'location': {'street': {'number': 6458, 'name': 'Alexander Road'}, 'city': 'Belfast', 'state': 'Oxfordshire', 'country': 'United Kingdom', 'postcode': 'R34 6TH', 'coordinates': {'latitude': '-10.4074', 'longitude': '-92.4071'}, 'timezone': {'offset': '0:00', 'description': 'Western Europe Time, London, Lisbon, Casablanca'}}, 'email': 'elmer.sanders@example.com', 'login': {'uuid': '4d7a01b1-15ce-41a6-b995-a273fffdf9e6', 'username': 'purplefrog701', 'password': 'more', 'salt': 'fvV6ePAS', 'md5': '3311c59237a59140bb14dd0bf5e0fce6', 'sha1': '12b7089c53d0e01d5db2a88f1753a2b4cb5fc2c1', 'sha256': '739fb1a72880216f0e33086ce1929e5f4d1f1209fcb3e8ebf4434f23df7e758a'}, 'dob': {'date': '1953-07-17T12:14:07.224Z', 'age': 70}, 'registered': {'date': '2012-03-13T22:44:18.094Z', 'age': 12}, 'phone': '0115761 531 2911', 'cell': '07823 122700', 'id': {'name': 'NINO', 'value': 'KN 68 79 79 N'}, 'picture': {'large': 'https://randomuser.me/api/portraits/men/22.jpg', 'medium': 'https://randomuser.me/api/portraits/med/men/22.jpg', 'thumbnail': 'https://randomuser.me/api/portraits/thumb/men/22.jpg'}, 'nat': 'GB'}], 'info': {'seed': '0defcd865f9b4837', 'results': 1, 'page': 1, 'version': '1.4'}}</msg>
<arg>${json_data}</arg>
<doc>Logs the given message with the given level.</doc>
<status status="PASS" start="2024-06-27T17:15:20.363516" elapsed="0.000290"/>
</kw>
<kw name="Dictionary Should Contain Key" owner="Collections">
<arg>${json_data}</arg>
<arg>results</arg>
<doc>Fails if ``key`` is not found from ``dictionary``.</doc>
<status status="PASS" start="2024-06-27T17:15:20.364227" elapsed="0.000231"/>
</kw>
<kw name="Should Not Be Empty" owner="BuiltIn">
<msg time="2024-06-27T17:15:20.364977" level="INFO">Length is 2.</msg>
<arg>${json_data}</arg>
<doc>Verifies that the given item is not empty.</doc>
<status status="PASS" start="2024-06-27T17:15:20.364752" elapsed="0.000285"/>
</kw>
<kw name="Create List" owner="BuiltIn">
<msg time="2024-06-27T17:15:20.365721" level="INFO">${expected_keys} = ['gender', 'name', 'location', 'email', 'login']</msg>
<var>${expected_keys}</var>
<arg>gender</arg>
<arg>name</arg>
<arg>location</arg>
<arg>email</arg>
<arg>login</arg>
<doc>Returns a list containing given items.</doc>
<status status="PASS" start="2024-06-27T17:15:20.365488" elapsed="0.000289"/>
</kw>
<for flavor="IN">
<iter>
<kw name="Dictionary Should Contain Key" owner="Collections">
<arg>${json_data['results'][0]}</arg>
<arg>${key}</arg>
<doc>Fails if ``key`` is not found from ``dictionary``.</doc>
<status status="PASS" start="2024-06-27T17:15:20.366928" elapsed="0.000690"/>
</kw>
<kw name="Log" owner="BuiltIn">
<msg time="2024-06-27T17:15:20.368488" level="INFO">{'gender': 'male', 'name': {'title': 'Mr', 'first': 'Elmer', 'last': 'Sanders'}, 'location': {'street': {'number': 6458, 'name': 'Alexander Road'}, 'city': 'Belfast', 'state': 'Oxfordshire', 'country': 'United Kingdom', 'postcode': 'R34 6TH', 'coordinates': {'latitude': '-10.4074', 'longitude': '-92.4071'}, 'timezone': {'offset': '0:00', 'description': 'Western Europe Time, London, Lisbon, Casablanca'}}, 'email': 'elmer.sanders@example.com', 'login': {'uuid': '4d7a01b1-15ce-41a6-b995-a273fffdf9e6', 'username': 'purplefrog701', 'password': 'more', 'salt': 'fvV6ePAS', 'md5': '3311c59237a59140bb14dd0bf5e0fce6', 'sha1': '12b7089c53d0e01d5db2a88f1753a2b4cb5fc2c1', 'sha256': '739fb1a72880216f0e33086ce1929e5f4d1f1209fcb3e8ebf4434f23df7e758a'}, 'dob': {'date': '1953-07-17T12:14:07.224Z', 'age': 70}, 'registered': {'date': '2012-03-13T22:44:18.094Z', 'age': 12}, 'phone': '0115761 531 2911', 'cell': '07823 122700', 'id': {'name': 'NINO', 'value': 'KN 68 79 79 N'}, 'picture': {'large': 'https://randomuser.me/api/portraits/men/22.jpg', 'medium': 'https://randomuser.me/api/portraits/med/men/22.jpg', 'thumbnail': 'https://randomuser.me/api/portraits/thumb/men/22.jpg'}, 'nat': 'GB'}</msg>
<arg>${json_data['results'][0]}</arg>
<doc>Logs the given message with the given level.</doc>
<status status="PASS" start="2024-06-27T17:15:20.367914" elapsed="0.000653"/>
</kw>
<kw name="Log" owner="BuiltIn">
<msg time="2024-06-27T17:15:20.369176" level="INFO">gender</msg>
<arg>${key}</arg>
<doc>Logs the given message with the given level.</doc>
<status status="PASS" start="2024-06-27T17:15:20.368991" elapsed="0.000246"/>
</kw>
<var name="${key}">gender</var>
<status status="PASS" start="2024-06-27T17:15:20.366724" elapsed="0.002822"/>
</iter>
<iter>
<kw name="Dictionary Should Contain Key" owner="Collections">
<arg>${json_data['results'][0]}</arg>
<arg>${key}</arg>
<doc>Fails if ``key`` is not found from ``dictionary``.</doc>
<status status="PASS" start="2024-06-27T17:15:20.370080" elapsed="0.000661"/>
</kw>
<kw name="Log" owner="BuiltIn">
<msg time="2024-06-27T17:15:20.371757" level="INFO">{'gender': 'male', 'name': {'title': 'Mr', 'first': 'Elmer', 'last': 'Sanders'}, 'location': {'street': {'number': 6458, 'name': 'Alexander Road'}, 'city': 'Belfast', 'state': 'Oxfordshire', 'country': 'United Kingdom', 'postcode': 'R34 6TH', 'coordinates': {'latitude': '-10.4074', 'longitude': '-92.4071'}, 'timezone': {'offset': '0:00', 'description': 'Western Europe Time, London, Lisbon, Casablanca'}}, 'email': 'elmer.sanders@example.com', 'login': {'uuid': '4d7a01b1-15ce-41a6-b995-a273fffdf9e6', 'username': 'purplefrog701', 'password': 'more', 'salt': 'fvV6ePAS', 'md5': '3311c59237a59140bb14dd0bf5e0fce6', 'sha1': '12b7089c53d0e01d5db2a88f1753a2b4cb5fc2c1', 'sha256': '739fb1a72880216f0e33086ce1929e5f4d1f1209fcb3e8ebf4434f23df7e758a'}, 'dob': {'date': '1953-07-17T12:14:07.224Z', 'age': 70}, 'registered': {'date': '2012-03-13T22:44:18.094Z', 'age': 12}, 'phone': '0115761 531 2911', 'cell': '07823 122700', 'id': {'name': 'NINO', 'value': 'KN 68 79 79 N'}, 'picture': {'large': 'https://randomuser.me/api/portraits/men/22.jpg', 'medium': 'https://randomuser.me/api/portraits/med/men/22.jpg', 'thumbnail': 'https://randomuser.me/api/portraits/thumb/men/22.jpg'}, 'nat': 'GB'}</msg>
<arg>${json_data['results'][0]}</arg>
<doc>Logs the given message with the given level.</doc>
<status status="PASS" start="2024-06-27T17:15:20.371101" elapsed="0.000735"/>
</kw>
<kw name="Log" owner="BuiltIn">
<msg time="2024-06-27T17:15:20.372430" level="INFO">name</msg>
<arg>${key}</arg>
<doc>Logs the given message with the given level.</doc>
<status status="PASS" start="2024-06-27T17:15:20.372292" elapsed="0.000177"/>
</kw>
<var name="${key}">name</var>
<status status="PASS" start="2024-06-27T17:15:20.369825" elapsed="0.002899"/>
</iter>
<iter>
<kw name="Dictionary Should Contain Key" owner="Collections">
<arg>${json_data['results'][0]}</arg>
<arg>${key}</arg>
<doc>Fails if ``key`` is not found from ``dictionary``.</doc>
<status status="PASS" start="2024-06-27T17:15:20.373016" elapsed="0.000421"/>
</kw>
<kw name="Log" owner="BuiltIn">
<msg time="2024-06-27T17:15:20.374213" level="INFO">{'gender': 'male', 'name': {'title': 'Mr', 'first': 'Elmer', 'last': 'Sanders'}, 'location': {'street': {'number': 6458, 'name': 'Alexander Road'}, 'city': 'Belfast', 'state': 'Oxfordshire', 'country': 'United Kingdom', 'postcode': 'R34 6TH', 'coordinates': {'latitude': '-10.4074', 'longitude': '-92.4071'}, 'timezone': {'offset': '0:00', 'description': 'Western Europe Time, London, Lisbon, Casablanca'}}, 'email': 'elmer.sanders@example.com', 'login': {'uuid': '4d7a01b1-15ce-41a6-b995-a273fffdf9e6', 'username': 'purplefrog701', 'password': 'more', 'salt': 'fvV6ePAS', 'md5': '3311c59237a59140bb14dd0bf5e0fce6', 'sha1': '12b7089c53d0e01d5db2a88f1753a2b4cb5fc2c1', 'sha256': '739fb1a72880216f0e33086ce1929e5f4d1f1209fcb3e8ebf4434f23df7e758a'}, 'dob': {'date': '1953-07-17T12:14:07.224Z', 'age': 70}, 'registered': {'date': '2012-03-13T22:44:18.094Z', 'age': 12}, 'phone': '0115761 531 2911', 'cell': '07823 122700', 'id': {'name': 'NINO', 'value': 'KN 68 79 79 N'}, 'picture': {'large': 'https://randomuser.me/api/portraits/men/22.jpg', 'medium': 'https://randomuser.me/api/portraits/med/men/22.jpg', 'thumbnail': 'https://randomuser.me/api/portraits/thumb/men/22.jpg'}, 'nat': 'GB'}</msg>
<arg>${json_data['results'][0]}</arg>
<doc>Logs the given message with the given level.</doc>
<status status="PASS" start="2024-06-27T17:15:20.373626" elapsed="0.000661"/>
</kw>
<kw name="Log" owner="BuiltIn">
<msg time="2024-06-27T17:15:20.374737" level="INFO">location</msg>
<arg>${key}</arg>
<doc>Logs the given message with the given level.</doc>
<status status="PASS" start="2024-06-27T17:15:20.374608" elapsed="0.000167"/>
</kw>
<var name="${key}">location</var>
<status status="PASS" start="2024-06-27T17:15:20.372905" elapsed="0.002088"/>
</iter>
<iter>
<kw name="Dictionary Should Contain Key" owner="Collections">
<arg>${json_data['results'][0]}</arg>
<arg>${key}</arg>
<doc>Fails if ``key`` is not found from ``dictionary``.</doc>
<status status="PASS" start="2024-06-27T17:15:20.375278" elapsed="0.000427"/>
</kw>
<kw name="Log" owner="BuiltIn">
<msg time="2024-06-27T17:15:20.376243" level="INFO">{'gender': 'male', 'name': {'title': 'Mr', 'first': 'Elmer', 'last': 'Sanders'}, 'location': {'street': {'number': 6458, 'name': 'Alexander Road'}, 'city': 'Belfast', 'state': 'Oxfordshire', 'country': 'United Kingdom', 'postcode': 'R34 6TH', 'coordinates': {'latitude': '-10.4074', 'longitude': '-92.4071'}, 'timezone': {'offset': '0:00', 'description': 'Western Europe Time, London, Lisbon, Casablanca'}}, 'email': 'elmer.sanders@example.com', 'login': {'uuid': '4d7a01b1-15ce-41a6-b995-a273fffdf9e6', 'username': 'purplefrog701', 'password': 'more', 'salt': 'fvV6ePAS', 'md5': '3311c59237a59140bb14dd0bf5e0fce6', 'sha1': '12b7089c53d0e01d5db2a88f1753a2b4cb5fc2c1', 'sha256': '739fb1a72880216f0e33086ce1929e5f4d1f1209fcb3e8ebf4434f23df7e758a'}, 'dob': {'date': '1953-07-17T12:14:07.224Z', 'age': 70}, 'registered': {'date': '2012-03-13T22:44:18.094Z', 'age': 12}, 'phone': '0115761 531 2911', 'cell': '07823 122700', 'id': {'name': 'NINO', 'value': 'KN 68 79 79 N'}, 'picture': {'large': 'https://randomuser.me/api/portraits/men/22.jpg', 'medium': 'https://randomuser.me/api/portraits/med/men/22.jpg', 'thumbnail': 'https://randomuser.me/api/portraits/thumb/men/22.jpg'}, 'nat': 'GB'}</msg>
<arg>${json_data['results'][0]}</arg>
<doc>Logs the given message with the given level.</doc>
<status status="PASS" start="2024-06-27T17:15:20.375890" elapsed="0.000400"/>
</kw>
<kw name="Log" owner="BuiltIn">
<msg time="2024-06-27T17:15:20.376706" level="INFO">email</msg>
<arg>${key}</arg>
<doc>Logs the given message with the given level.</doc>
<status status="PASS" start="2024-06-27T17:15:20.376582" elapsed="0.000182"/>
</kw>
<var name="${key}">email</var>
<status status="PASS" start="2024-06-27T17:15:20.375170" elapsed="0.001820"/>
</iter>
<iter>
<kw name="Dictionary Should Contain Key" owner="Collections">
<arg>${json_data['results'][0]}</arg>
<arg>${key}</arg>
<doc>Fails if ``key`` is not found from ``dictionary``.</doc>
<status status="PASS" start="2024-06-27T17:15:20.377272" elapsed="0.000384"/>
</kw>
<kw name="Log" owner="BuiltIn">
<msg time="2024-06-27T17:15:20.378195" level="INFO">{'gender': 'male', 'name': {'title': 'Mr', 'first': 'Elmer', 'last': 'Sanders'}, 'location': {'street': {'number': 6458, 'name': 'Alexander Road'}, 'city': 'Belfast', 'state': 'Oxfordshire', 'country': 'United Kingdom', 'postcode': 'R34 6TH', 'coordinates': {'latitude': '-10.4074', 'longitude': '-92.4071'}, 'timezone': {'offset': '0:00', 'description': 'Western Europe Time, London, Lisbon, Casablanca'}}, 'email': 'elmer.sanders@example.com', 'login': {'uuid': '4d7a01b1-15ce-41a6-b995-a273fffdf9e6', 'username': 'purplefrog701', 'password': 'more', 'salt': 'fvV6ePAS', 'md5': '3311c59237a59140bb14dd0bf5e0fce6', 'sha1': '12b7089c53d0e01d5db2a88f1753a2b4cb5fc2c1', 'sha256': '739fb1a72880216f0e33086ce1929e5f4d1f1209fcb3e8ebf4434f23df7e758a'}, 'dob': {'date': '1953-07-17T12:14:07.224Z', 'age': 70}, 'registered': {'date': '2012-03-13T22:44:18.094Z', 'age': 12}, 'phone': '0115761 531 2911', 'cell': '07823 122700', 'id': {'name': 'NINO', 'value': 'KN 68 79 79 N'}, 'picture': {'large': 'https://randomuser.me/api/portraits/men/22.jpg', 'medium': 'https://randomuser.me/api/portraits/med/men/22.jpg', 'thumbnail': 'https://randomuser.me/api/portraits/thumb/men/22.jpg'}, 'nat': 'GB'}</msg>
<arg>${json_data['results'][0]}</arg>
<doc>Logs the given message with the given level.</doc>
<status status="PASS" start="2024-06-27T17:15:20.377836" elapsed="0.000407"/>
</kw>
<kw name="Log" owner="BuiltIn">
<msg time="2024-06-27T17:15:20.378659" level="INFO">login</msg>
<arg>${key}</arg>
<doc>Logs the given message with the given level.</doc>
<status status="PASS" start="2024-06-27T17:15:20.378531" elapsed="0.000166"/>
</kw>
<var name="${key}">login</var>
<status status="PASS" start="2024-06-27T17:15:20.377161" elapsed="0.001758"/>
</iter>
<var>${key}</var>
<value>@{expected_keys}</value>
<status status="PASS" start="2024-06-27T17:15:20.366409" elapsed="0.012654"/>
</for>
<kw name="Create List" owner="BuiltIn">
<msg time="2024-06-27T17:15:20.379392" level="INFO">${expected_keysTwo} = ['username', 'password']</msg>
<var>${expected_keysTwo}</var>
<arg>username</arg>
<arg>password</arg>
<doc>Returns a list containing given items.</doc>
<status status="PASS" start="2024-06-27T17:15:20.379256" elapsed="0.000160"/>
</kw>
<for flavor="IN">
<iter>
<kw name="Dictionary Should Contain Key" owner="Collections">
<arg>${json_data['results'][0]['login']}</arg>
<arg>${keyTwo}</arg>
<doc>Fails if ``key`` is not found from ``dictionary``.</doc>
<status status="PASS" start="2024-06-27T17:15:20.379944" elapsed="0.000379"/>
</kw>
<kw name="Dictionary Should Contain Key" owner="Collections">
<arg>${json_data['results'][0]['login']}</arg>
<arg>${keyTwo}</arg>
<doc>Fails if ``key`` is not found from ``dictionary``.</doc>
<status status="PASS" start="2024-06-27T17:15:20.380501" elapsed="0.000374"/>
</kw>
<kw name="Log" owner="BuiltIn">
<msg time="2024-06-27T17:15:20.381178" level="INFO">username</msg>
<arg>${keyTwo}</arg>
<doc>Logs the given message with the given level.</doc>
<status status="PASS" start="2024-06-27T17:15:20.381055" elapsed="0.000160"/>
</kw>
<var name="${keyTwo}">username</var>
<status status="PASS" start="2024-06-27T17:15:20.379839" elapsed="0.001593"/>
</iter>
<iter>
<kw name="Dictionary Should Contain Key" owner="Collections">
<arg>${json_data['results'][0]['login']}</arg>
<arg>${keyTwo}</arg>
<doc>Fails if ``key`` is not found from ``dictionary``.</doc>
<status status="PASS" start="2024-06-27T17:15:20.381703" elapsed="0.000380"/>
</kw>
<kw name="Dictionary Should Contain Key" owner="Collections">
<arg>${json_data['results'][0]['login']}</arg>
<arg>${keyTwo}</arg>
<doc>Fails if ``key`` is not found from ``dictionary``.</doc>
<status status="PASS" start="2024-06-27T17:15:20.382259" elapsed="0.000363"/>
</kw>
<kw name="Log" owner="BuiltIn">
<msg time="2024-06-27T17:15:20.382911" level="INFO">password</msg>
<arg>${keyTwo}</arg>
<doc>Logs the given message with the given level.</doc>
<status status="PASS" start="2024-06-27T17:15:20.382795" elapsed="0.000157"/>
</kw>
<var name="${keyTwo}">password</var>
<status status="PASS" start="2024-06-27T17:15:20.381599" elapsed="0.001572"/>
</iter>
<var>${keyTwo}</var>
<value>@{expected_keysTwo}</value>
<status status="PASS" start="2024-06-27T17:15:20.379686" elapsed="0.003603"/>
</for>
<status status="PASS" start="2024-06-27T17:15:20.250293" elapsed="0.133136"/>
</kw>
<doc>Testa a estrutura da resposta da API.</doc>
<tag>testeEstruturaResposta</tag>
<status status="PASS" start="2024-06-27T17:15:20.249799" elapsed="0.133824"/>
</test>
<test id="s1-s1-t4" name="Validar tipos de dados" line="28">
<kw name="Teste de Tipos de Dados" owner="random-user-service">
<kw name="GET On Session" owner="RequestsLibrary">
<msg time="2024-06-27T17:15:20.485524" level="INFO">GET Request : url=https://randomuser.me/api 
 path_url=/api 
 headers={'User-Agent': 'python-requests/2.32.3', 'Accept-Encoding': 'gzip, deflate', 'Accept': '*/*', 'Connection': 'keep-alive'} 
 body=None 
 </msg>
<msg time="2024-06-27T17:15:20.485635" level="INFO">GET Response : url=https://randomuser.me/api 
 status=200, reason=OK 
 headers={'Date': 'Thu, 27 Jun 2024 17:15:20 GMT', 'Content-Type': 'application/json; charset=utf-8', 'Transfer-Encoding': 'chunked', 'Connection': 'keep-alive', 'X-Powered-By': 'Express', 'Access-Control-Allow-Origin': '*', 'Cache-Control': 'no-cache', 'ETag': 'W/"481-wifB8DtypoSVb9Twso8Vzgd8nsQ"', 'Vary': 'Accept-Encoding', 'Content-Encoding': 'gzip', 'CF-Cache-Status': 'DYNAMIC', 'Report-To': '{"endpoints":[{"url":"https:\\/\\/a.nel.cloudflare.com\\/report\\/v4?s=%2BBHmPzoNqnNqcfYltEmUdzXOqQhcGxk57E9%2BOFluY3HINL9ADJsl9Tt%2BnIgNG0q87VFiGUibvDAqMF2mXcq%2FHe3TqaEjKLktn2pELvMHyBswuMvCFZNuVAsYQt9wqBC9"}],"group":"cf-nel","max_age":604800}', 'NEL': '{"success_fraction":0,"report_to":"cf-nel","max_age":604800}', 'Server': 'cloudflare', 'CF-RAY': '89a7141c688ccf45-SJC', 'alt-svc': 'h3=":443"; ma=86400'} 
 body={"results":[{"gender":"female","name":{"title":"Mrs","first":"Divya","last":"Rai"},"location":{"street":{"number":2445,"name":"Ashoka Rd"},"city":"Chandigarh","state":"Nagaland","country":"India","postcode":83229,"coordinates":{"latitude":"8.0118","longitude":"33.3754"},"timezone":{"offset":"+4:00","description":"Abu Dhabi, Muscat, Baku, Tbilisi"}},"email":"divya.rai@example.com","login":{"uuid":"3b79303b-da05-469b-bec0-ef8c07ffda53","username":"angrytiger999","password":"sanity72","salt":"PavyLR04","md5":"cf0b8417d16c47efd98c97dc29f4a5b6","sha1":"ba997824e4a5334b24ac51fafaa2747b77e89970","sha256":"e9fdfd052ab12b4b29d20d365c33868aad3bed9f08b5b623aef6ac6cca3063aa"},"dob":{"date":"1973-12-05T01:29:58.810Z","age":50},"registered":{"date":"2018-01-31T20:41:44.901Z","age":6},"phone":"8998632641","cell":"7109999099","id":{"name":"UIDAI","value":"922140912963"},"picture":{"large":"https://randomuser.me/api/portraits/women/5.jpg","medium":"https://randomuser.me/api/portraits/med/women/5.jpg","thumbnail":"https://randomuser.me/api/portraits/thumb/women/5.jpg"},"nat":"IN"}],"info":{"seed":"418dd321c498ad8c","results":1,"page":1,"version":"1.4"}} 
 </msg>
<msg time="2024-06-27T17:15:20.485718" level="INFO">/opt/hostedtoolcache/Python/3.12.4/x64/lib/python3.12/site-packages/urllib3/connectionpool.py:1099: InsecureRequestWarning: Unverified HTTPS request is being made to host 'randomuser.me'. Adding certificate verification is strongly advised. See: https://urllib3.readthedocs.io/en/latest/advanced-usage.html#tls-warnings
  warnings.warn(</msg>
<msg time="2024-06-27T17:15:20.485860" level="INFO">${response} = &lt;Response [200]&gt;</msg>
<var>${response}</var>
<arg>consultarAPI</arg>
<arg>/api</arg>
<doc>Sends a GET request on a previously created HTTP Session.</doc>
<status status="PASS" start="2024-06-27T17:15:20.386267" elapsed="0.099637"/>
</kw>
<kw name="Set Variable" owner="BuiltIn">
<msg time="2024-06-27T17:15:20.486955" level="INFO">${json_data} = {'results': [{'gender': 'female', 'name': {'title': 'Mrs', 'first': 'Divya', 'last': 'Rai'}, 'location': {'street': {'number': 2445, 'name': 'Ashoka Rd'}, 'city': 'Chandigarh', 'state': 'Nagaland', 'c...</msg>
<var>${json_data}</var>
<arg>${response.json()}</arg>
<doc>Returns the given values which can then be assigned to a variables.</doc>
<status status="PASS" start="2024-06-27T17:15:20.486431" elapsed="0.000555"/>
</kw>
<kw name="Log" owner="BuiltIn">
<msg time="2024-06-27T17:15:20.487448" level="INFO">{'results': [{'gender': 'female', 'name': {'title': 'Mrs', 'first': 'Divya', 'last': 'Rai'}, 'location': {'street': {'number': 2445, 'name': 'Ashoka Rd'}, 'city': 'Chandigarh', 'state': 'Nagaland', 'country': 'India', 'postcode': 83229, 'coordinates': {'latitude': '8.0118', 'longitude': '33.3754'}, 'timezone': {'offset': '+4:00', 'description': 'Abu Dhabi, Muscat, Baku, Tbilisi'}}, 'email': 'divya.rai@example.com', 'login': {'uuid': '3b79303b-da05-469b-bec0-ef8c07ffda53', 'username': 'angrytiger999', 'password': 'sanity72', 'salt': 'PavyLR04', 'md5': 'cf0b8417d16c47efd98c97dc29f4a5b6', 'sha1': 'ba997824e4a5334b24ac51fafaa2747b77e89970', 'sha256': 'e9fdfd052ab12b4b29d20d365c33868aad3bed9f08b5b623aef6ac6cca3063aa'}, 'dob': {'date': '1973-12-05T01:29:58.810Z', 'age': 50}, 'registered': {'date': '2018-01-31T20:41:44.901Z', 'age': 6}, 'phone': '8998632641', 'cell': '7109999099', 'id': {'name': 'UIDAI', 'value': '922140912963'}, 'picture': {'large': 'https://randomuser.me/api/portraits/women/5.jpg', 'medium': 'https://randomuser.me/api/portraits/med/women/5.jpg', 'thumbnail': 'https://randomuser.me/api/portraits/thumb/women/5.jpg'}, 'nat': 'IN'}], 'info': {'seed': '418dd321c498ad8c', 'results': 1, 'page': 1, 'version': '1.4'}}</msg>
<arg>${json_data}</arg>
<doc>Logs the given message with the given level.</doc>
<status status="PASS" start="2024-06-27T17:15:20.487290" elapsed="0.000248"/>
</kw>
<kw name="Should Be String" owner="String">
<arg>${json_data['results'][0]['gender']}</arg>
<doc>Fails if the given ``item`` is not a string.</doc>
<status status="PASS" start="2024-06-27T17:15:20.487856" elapsed="0.000369"/>
</kw>
<kw name="Should Match Regexp" owner="BuiltIn">
<arg>${json_data['results'][0]['email']}</arg>
<arg>^[a-zA-Z0-9._%+-]+@[a-zA-Z0-9.-]+\.[a-zA-Z]{2,}$</arg>
<doc>Fails if ``string`` does not match ``pattern`` as a regular expression.</doc>
<status status="PASS" start="2024-06-27T17:15:20.488448" elapsed="0.000524"/>
</kw>
<kw name="Should Match Regexp" owner="BuiltIn">
<arg>${json_data['results'][0]['dob']['date']}</arg>
<arg>\\d{4}-\\d{2}-\\d{2}T\\d{2}:\\d{2}:\\d{2}\\.\\d{3}Z</arg>
<doc>Fails if ``string`` does not match ``pattern`` as a regular expression.</doc>
<status status="PASS" start="2024-06-27T17:15:20.489163" elapsed="0.000486"/>
</kw>
<kw name="Should Match Regexp" owner="BuiltIn">
<arg>${json_data['results'][0]['registered']['date']}</arg>
<arg>\\d{4}-\\d{2}-\\d{2}T\\d{2}:\\d{2}:\\d{2}\\.\\d{3}Z</arg>
<doc>Fails if ``string`` does not match ``pattern`` as a regular expression.</doc>
<status status="PASS" start="2024-06-27T17:15:20.489838" elapsed="0.000364"/>
</kw>
<kw name="Should Match Regexp" owner="BuiltIn">
<arg>${json_data['results'][0]['picture']['large']}</arg>
<arg>^https?://.*\.(?:png|jpe?g|gif|bmp)$</arg>
<doc>Fails if ``string`` does not match ``pattern`` as a regular expression.</doc>
<status status="PASS" start="2024-06-27T17:15:20.490383" elapsed="0.000465"/>
</kw>
<kw name="Should Match Regexp" owner="BuiltIn">
<arg>${json_data['results'][0]['picture']['medium']}</arg>
<arg>^https?://.*\.(?:png|jpe?g|gif|bmp)$</arg>
<doc>Fails if ``string`` does not match ``pattern`` as a regular expression.</doc>
<status status="PASS" start="2024-06-27T17:15:20.491033" elapsed="0.000348"/>
</kw>
<kw name="Should Match Regexp" owner="BuiltIn">
<arg>${json_data['results'][0]['picture']['thumbnail']}</arg>
<arg>^https?://.*\.(?:png|jpe?g|gif|bmp)$</arg>
<doc>Fails if ``string`` does not match ``pattern`` as a regular expression.</doc>
<status status="PASS" start="2024-06-27T17:15:20.491628" elapsed="0.000360"/>
</kw>
<kw name="Log" owner="BuiltIn">
<msg time="2024-06-27T17:15:20.492515" level="INFO">{'large': 'https://randomuser.me/api/portraits/women/5.jpg', 'medium': 'https://randomuser.me/api/portraits/med/women/5.jpg', 'thumbnail': 'https://randomuser.me/api/portraits/thumb/women/5.jpg'}</msg>
<arg>${json_data['results'][0]['picture']}</arg>
<doc>Logs the given message with the given level.</doc>
<status status="PASS" start="2024-06-27T17:15:20.492175" elapsed="0.000380"/>
</kw>
<status status="PASS" start="2024-06-27T17:15:20.386040" elapsed="0.106771"/>
</kw>
<kw name="Teste de Tipos de Dados - Postcode" owner="random-user-service">
<kw name="GET On Session" owner="RequestsLibrary">
<msg time="2024-06-27T17:15:20.591866" level="INFO">GET Request : url=https://randomuser.me/api 
 path_url=/api 
 headers={'User-Agent': 'python-requests/2.32.3', 'Accept-Encoding': 'gzip, deflate', 'Accept': '*/*', 'Connection': 'keep-alive'} 
 body=None 
 </msg>
<msg time="2024-06-27T17:15:20.591963" level="INFO">GET Response : url=https://randomuser.me/api 
 status=200, reason=OK 
 headers={'Date': 'Thu, 27 Jun 2024 17:15:20 GMT', 'Content-Type': 'application/json; charset=utf-8', 'Transfer-Encoding': 'chunked', 'Connection': 'keep-alive', 'X-Powered-By': 'Express', 'Access-Control-Allow-Origin': '*', 'Cache-Control': 'no-cache', 'ETag': 'W/"487-AeF+aTbhLEuPjiHNqtfpyRsXx8A"', 'Vary': 'Accept-Encoding', 'Content-Encoding': 'gzip', 'CF-Cache-Status': 'DYNAMIC', 'Report-To': '{"endpoints":[{"url":"https:\\/\\/a.nel.cloudflare.com\\/report\\/v4?s=Ajlu3vTZzX8oQ7PGLIWgHW7nbdS437fXZv1MapI8jXOX29aOS61ssl6yz7otnjbcguO8ajtq62CaFMag2Yj%2B03KXhjPsGI2%2FNoy7v2f8GTZkjQOaD34HE%2B29mUPkTwIV"}],"group":"cf-nel","max_age":604800}', 'NEL': '{"success_fraction":0,"report_to":"cf-nel","max_age":604800}', 'Server': 'cloudflare', 'CF-RAY': '89a7141d190fcf45-SJC', 'alt-svc': 'h3=":443"; ma=86400'} 
 body={"results":[{"gender":"female","name":{"title":"Miss","first":"Varvara","last":"Hmelnickiy"},"location":{"street":{"number":63,"name":"Vasilya Kuchera"},"city":"Rudki","state":"Volinska","country":"Ukraine","postcode":49910,"coordinates":{"latitude":"79.3121","longitude":"18.8572"},"timezone":{"offset":"+6:00","description":"Almaty, Dhaka, Colombo"}},"email":"varvara.hmelnickiy@example.com","login":{"uuid":"2e2c07c1-7816-4df8-96a3-e8b1940401fa","username":"bluetiger555","password":"natalia","salt":"FgzZ8HLy","md5":"fb2f2b8119a0fca14644dd8146845357","sha1":"c57171177db946db44052706a18c52b34e11a22a","sha256":"d6357b87eff95e5d7ac76b520a25b8d42eab18e71ce3e9f1a4692c10da5f8ce8"},"dob":{"date":"1986-04-19T18:16:32.247Z","age":38},"registered":{"date":"2003-10-16T08:01:19.393Z","age":20},"phone":"(068) A20-0966","cell":"(066) G87-5785","id":{"name":"","value":null},"picture":{"large":"https://randomuser.me/api/portraits/women/57.jpg","medium":"https://randomuser.me/api/portraits/med/women/57.jpg","thumbnail":"https://randomuser.me/api/portraits/thumb/women/57.jpg"},"nat":"UA"}],"info":{"seed":"4f0bcaa09465cfce","results":1,"page":1,"version":"1.4"}} 
 </msg>
<msg time="2024-06-27T17:15:20.592032" level="INFO">/opt/hostedtoolcache/Python/3.12.4/x64/lib/python3.12/site-packages/urllib3/connectionpool.py:1099: InsecureRequestWarning: Unverified HTTPS request is being made to host 'randomuser.me'. Adding certificate verification is strongly advised. See: https://urllib3.readthedocs.io/en/latest/advanced-usage.html#tls-warnings
  warnings.warn(</msg>
<msg time="2024-06-27T17:15:20.592170" level="INFO">${response} = &lt;Response [200]&gt;</msg>
<var>${response}</var>
<arg>consultarAPI</arg>
<arg>/api</arg>
<doc>Sends a GET request on a previously created HTTP Session.</doc>
<status status="PASS" start="2024-06-27T17:15:20.493263" elapsed="0.098973"/>
</kw>
<kw name="Set Variable" owner="BuiltIn">
<msg time="2024-06-27T17:15:20.593251" level="INFO">${json_data} = {'results': [{'gender': 'female', 'name': {'title': 'Miss', 'first': 'Varvara', 'last': 'Hmelnickiy'}, 'location': {'street': {'number': 63, 'name': 'Vasilya Kuchera'}, 'city': 'Rudki', 'state': 'Voli...</msg>
<var>${json_data}</var>
<arg>${response.json()}</arg>
<doc>Returns the given values which can then be assigned to a variables.</doc>
<status status="PASS" start="2024-06-27T17:15:20.592725" elapsed="0.000554"/>
</kw>
<kw name="Log" owner="BuiltIn">
<msg time="2024-06-27T17:15:20.593751" level="INFO">{'results': [{'gender': 'female', 'name': {'title': 'Miss', 'first': 'Varvara', 'last': 'Hmelnickiy'}, 'location': {'street': {'number': 63, 'name': 'Vasilya Kuchera'}, 'city': 'Rudki', 'state': 'Volinska', 'country': 'Ukraine', 'postcode': 49910, 'coordinates': {'latitude': '79.3121', 'longitude': '18.8572'}, 'timezone': {'offset': '+6:00', 'description': 'Almaty, Dhaka, Colombo'}}, 'email': 'varvara.hmelnickiy@example.com', 'login': {'uuid': '2e2c07c1-7816-4df8-96a3-e8b1940401fa', 'username': 'bluetiger555', 'password': 'natalia', 'salt': 'FgzZ8HLy', 'md5': 'fb2f2b8119a0fca14644dd8146845357', 'sha1': 'c57171177db946db44052706a18c52b34e11a22a', 'sha256': 'd6357b87eff95e5d7ac76b520a25b8d42eab18e71ce3e9f1a4692c10da5f8ce8'}, 'dob': {'date': '1986-04-19T18:16:32.247Z', 'age': 38}, 'registered': {'date': '2003-10-16T08:01:19.393Z', 'age': 20}, 'phone': '(068) A20-0966', 'cell': '(066) G87-5785', 'id': {'name': '', 'value': None}, 'picture': {'large': 'https://randomuser.me/api/portraits/women/57.jpg', 'medium': 'https://randomuser.me/api/portraits/med/women/57.jpg', 'thumbnail': 'https://randomuser.me/api/portraits/thumb/women/57.jpg'}, 'nat': 'UA'}], 'info': {'seed': '4f0bcaa09465cfce', 'results': 1, 'page': 1, 'version': '1.4'}}</msg>
<arg>${json_data}</arg>
<doc>Logs the given message with the given level.</doc>
<status status="PASS" start="2024-06-27T17:15:20.593591" elapsed="0.000208"/>
</kw>
<kw name="Should Be Equal As Numbers" owner="BuiltIn">
<arg>${json_data['results'][0]['location']['postcode']}</arg>
<arg>${json_data['results'][0]['location']['postcode']}</arg>
<doc>Fails if objects are unequal after converting them to real numbers.</doc>
<status status="PASS" start="2024-06-27T17:15:20.594095" elapsed="0.000636"/>
</kw>
<kw name="Log" owner="BuiltIn">
<msg time="2024-06-27T17:15:20.595303" level="INFO">49910</msg>
<arg>${json_data['results'][0]['location']['postcode']}</arg>
<doc>Logs the given message with the given level.</doc>
<status status="PASS" start="2024-06-27T17:15:20.594957" elapsed="0.000387"/>
</kw>
<status status="PASS" start="2024-06-27T17:15:20.493037" elapsed="0.102613"/>
</kw>
<doc>Testa se os tipos de dados na resposta da API estão corretos.</doc>
<tag>testeTiposDados</tag>
<status status="PASS" start="2024-06-27T17:15:20.385398" elapsed="0.210425"/>
</test>
<test id="s1-s1-t5" name="Validar conteudo" line="35">
<kw name="Teste de Tipos de Conteudo" owner="random-user-service">
<kw name="GET On Session" owner="RequestsLibrary">
<msg time="2024-06-27T17:15:20.684122" level="INFO">GET Request : url=https://randomuser.me/api 
 path_url=/api 
 headers={'User-Agent': 'python-requests/2.32.3', 'Accept-Encoding': 'gzip, deflate', 'Accept': '*/*', 'Connection': 'keep-alive'} 
 body=None 
 </msg>
<msg time="2024-06-27T17:15:20.684220" level="INFO">GET Response : url=https://randomuser.me/api 
 status=200, reason=OK 
 headers={'Date': 'Thu, 27 Jun 2024 17:15:20 GMT', 'Content-Type': 'application/json; charset=utf-8', 'Transfer-Encoding': 'chunked', 'Connection': 'keep-alive', 'X-Powered-By': 'Express', 'Access-Control-Allow-Origin': '*', 'Cache-Control': 'no-cache', 'ETag': 'W/"4b2-WKCAWuFJgfDdIMvPoH5fvYDm+wU"', 'Vary': 'Accept-Encoding', 'Content-Encoding': 'gzip', 'CF-Cache-Status': 'DYNAMIC', 'Report-To': '{"endpoints":[{"url":"https:\\/\\/a.nel.cloudflare.com\\/report\\/v4?s=G5THsoOlcai4xV%2FzFL%2F%2B7%2Fk6teGZu48Je7V5roznq%2FLBe%2BSGzyM6pq5pT2AVaUfYJAQMgTolsUAhVqC%2B594zxBtcCJHm8C7hLlZVOUGa%2FNVZqWvd0ZdnNEPJXdjxt7h6"}],"group":"cf-nel","max_age":604800}', 'NEL': '{"success_fraction":0,"report_to":"cf-nel","max_age":604800}', 'Server': 'cloudflare', 'CF-RAY': '89a7141db9a2cf45-SJC', 'alt-svc': 'h3=":443"; ma=86400'} 
 body={"results":[{"gender":"female","name":{"title":"Madame","first":"Ariane","last":"Fleury"},"location":{"street":{"number":3289,"name":"Rue de L'Abbé-De-L'Épée"},"city":"Hasle (Lu)","state":"Bern","country":"Switzerland","postcode":7248,"coordinates":{"latitude":"-62.0774","longitude":"109.9768"},"timezone":{"offset":"-5:00","description":"Eastern Time (US &amp; Canada), Bogota, Lima"}},"email":"ariane.fleury@example.com","login":{"uuid":"14535853-7535-4ebc-9ff7-c6a2dfbc2035","username":"heavyrabbit484","password":"zhan","salt":"vnv5RXg9","md5":"610dbf8fcb8da59b2caaeb0921bbdfa7","sha1":"a0951b1e4181efa542e863abbb32d683373fd649","sha256":"136f979d0ec0af67e790cbf9cdb8af53879e3f48b6b3c68edb7a02638a2d6428"},"dob":{"date":"1981-05-20T06:04:45.360Z","age":43},"registered":{"date":"2005-03-21T18:04:28.340Z","age":19},"phone":"078 102 30 68","cell":"077 248 14 74","id":{"name":"AVS","value":"756.7865.6024.17"},"picture":{"large":"https://randomuser.me/api/portraits/women/80.jpg","medium":"https://randomuser.me/api/portraits/med/women/80.jpg","thumbnail":"https://randomuser.me/api/portraits/thumb/women/80.jpg"},"nat":"CH"}],"info":{"seed":"d7bcf9c9dc3fe184","results":1,"page":1,"version":"1.4"}} 
 </msg>
<msg time="2024-06-27T17:15:20.684313" level="INFO">/opt/hostedtoolcache/Python/3.12.4/x64/lib/python3.12/site-packages/urllib3/connectionpool.py:1099: InsecureRequestWarning: Unverified HTTPS request is being made to host 'randomuser.me'. Adding certificate verification is strongly advised. See: https://urllib3.readthedocs.io/en/latest/advanced-usage.html#tls-warnings
  warnings.warn(</msg>
<msg time="2024-06-27T17:15:20.684453" level="INFO">${response} = &lt;Response [200]&gt;</msg>
<var>${response}</var>
<arg>consultarAPI</arg>
<arg>/api</arg>
<doc>Sends a GET request on a previously created HTTP Session.</doc>
<status status="PASS" start="2024-06-27T17:15:20.598474" elapsed="0.086022"/>
</kw>
<kw name="Set Variable" owner="BuiltIn">
<msg time="2024-06-27T17:15:20.685541" level="INFO">${json_data} = {'results': [{'gender': 'female', 'name': {'title': 'Madame', 'first': 'Ariane', 'last': 'Fleury'}, 'location': {'street': {'number': 3289, 'name': "Rue de L'Abbé-De-L'Épée"}, 'city': 'Hasle (Lu)', 's...</msg>
<var>${json_data}</var>
<arg>${response.json()}</arg>
<doc>Returns the given values which can then be assigned to a variables.</doc>
<status status="PASS" start="2024-06-27T17:15:20.685022" elapsed="0.000549"/>
</kw>
<kw name="Set Variable" owner="BuiltIn">
<msg time="2024-06-27T17:15:20.686247" level="INFO">${name_title} = Madame</msg>
<var>${name_title}</var>
<arg>${json_data["results"][0]["name"]["title"]}</arg>
<doc>Returns the given values which can then be assigned to a variables.</doc>
<status status="PASS" start="2024-06-27T17:15:20.685875" elapsed="0.000397"/>
</kw>
<kw name="Create List" owner="BuiltIn">
<msg time="2024-06-27T17:15:20.686715" level="INFO">${allowed_titles} = ['Mr', 'Ms', 'Miss', 'Mrs', 'Madame', 'Monsieur']</msg>
<var>${allowed_titles}</var>
<arg>Mr</arg>
<arg>Ms</arg>
<arg>Miss</arg>
<arg>Mrs</arg>
<arg>Madame</arg>
<arg>Monsieur</arg>
<doc>Returns a list containing given items.</doc>
<status status="PASS" start="2024-06-27T17:15:20.686569" elapsed="0.000170"/>
</kw>
<kw name="List Should Contain Value" owner="Collections">
<arg>${allowed_titles}</arg>
<arg>${name_title}</arg>
<doc>Fails if the ``value`` is not found from ``list``.</doc>
<status status="PASS" start="2024-06-27T17:15:20.687032" elapsed="0.000174"/>
</kw>
<kw name="Set Variable" owner="BuiltIn">
<msg time="2024-06-27T17:15:20.687769" level="INFO">${name_country} = CH</msg>
<var>${name_country}</var>
<arg>${json_data["results"][0]["nat"]}</arg>
<doc>Returns the given values which can then be assigned to a variables.</doc>
<status status="PASS" start="2024-06-27T17:15:20.687378" elapsed="0.000416"/>
</kw>
<kw name="Create List" owner="BuiltIn">
<msg time="2024-06-27T17:15:20.688710" level="INFO">${list_country} = ['AD', 'AE', 'AF', 'AG', 'AI', 'AL', 'AM', 'AO', 'AQ', 'AR', 'AS', 'AT', 'AU', 'AW', 'AX', 'AZ', 'BA', 'BB', 'BD', 'BE', 'BF', 'BG', 'BH', 'BI', 'BJ', 'BL', 'BM', 'BN', 'BO', 'BQ', 'BR', 'BS', 'BT', '...</msg>
<var>${list_country}</var>
<arg>AD</arg>
<arg>AE</arg>
<arg>AF</arg>
<arg>AG</arg>
<arg>AI</arg>
<arg>AL</arg>
<arg>AM</arg>
<arg>AO</arg>
<arg>AQ</arg>
<arg>AR</arg>
<arg>AS</arg>
<arg>AT</arg>
<arg>AU</arg>
<arg>AW</arg>
<arg>AX</arg>
<arg>AZ</arg>
<arg>BA</arg>
<arg>BB</arg>
<arg>BD</arg>
<arg>BE</arg>
<arg>BF</arg>
<arg>BG</arg>
<arg>BH</arg>
<arg>BI</arg>
<arg>BJ</arg>
<arg>BL</arg>
<arg>BM</arg>
<arg>BN</arg>
<arg>BO</arg>
<arg>BQ</arg>
<arg>BR</arg>
<arg>BS</arg>
<arg>BT</arg>
<arg>BV</arg>
<arg>BW</arg>
<arg>BY</arg>
<arg>BZ</arg>
<arg>CA</arg>
<arg>CC</arg>
<arg>CD</arg>
<arg>CF</arg>
<arg>CG</arg>
<arg>CH</arg>
<arg>CI</arg>
<arg>CK</arg>
<arg>CL</arg>
<arg>CM</arg>
<arg>CN</arg>
<arg>CO</arg>
<arg>CR</arg>
<arg>CU</arg>
<arg>CV</arg>
<arg>CW</arg>
<arg>CX</arg>
<arg>CY</arg>
<arg>CZ</arg>
<arg>DE</arg>
<arg>DJ</arg>
<arg>DK</arg>
<arg>DM</arg>
<arg>DO</arg>
<arg>DZ</arg>
<arg>EC</arg>
<arg>EE</arg>
<arg>EG</arg>
<arg>EH</arg>
<arg>ER</arg>
<arg>ES</arg>
<arg>ET</arg>
<arg>FI</arg>
<arg>FJ</arg>
<arg>FK</arg>
<arg>FM</arg>
<arg>FO</arg>
<arg>FR</arg>
<arg>GA</arg>
<arg>GB</arg>
<arg>GD</arg>
<arg>GE</arg>
<arg>GF</arg>
<arg>GG</arg>
<arg>GH</arg>
<arg>GI</arg>
<arg>GL</arg>
<arg>GM</arg>
<arg>GN</arg>
<arg>GP</arg>
<arg>GQ</arg>
<arg>GR</arg>
<arg>GS</arg>
<arg>GT</arg>
<arg>GU</arg>
<arg>GW</arg>
<arg>GY</arg>
<arg>HK</arg>
<arg>HM</arg>
<arg>HN</arg>
<arg>HR</arg>
<arg>HT</arg>
<arg>HU</arg>
<arg>ID</arg>
<arg>IE</arg>
<arg>IL</arg>
<arg>IM</arg>
<arg>IN</arg>
<arg>IO</arg>
<arg>IQ</arg>
<arg>IR</arg>
<arg>IS</arg>
<arg>IT</arg>
<arg>JE</arg>
<arg>JM</arg>
<arg>JO</arg>
<arg>JP</arg>
<arg>KE</arg>
<arg>KG</arg>
<arg>KH</arg>
<arg>KI</arg>
<arg>KM</arg>
<arg>KN</arg>
<arg>KP</arg>
<arg>KR</arg>
<arg>KW</arg>
<arg>KY</arg>
<arg>KZ</arg>
<arg>LA</arg>
<arg>LB</arg>
<arg>LC</arg>
<arg>LI</arg>
<arg>LK</arg>
<arg>LR</arg>
<arg>LS</arg>
<arg>LT</arg>
<arg>LU</arg>
<arg>LV</arg>
<arg>LY</arg>
<arg>MA</arg>
<arg>MC</arg>
<arg>MD</arg>
<arg>ME</arg>
<arg>MF</arg>
<arg>MG</arg>
<arg>MH</arg>
<arg>MK</arg>
<arg>ML</arg>
<arg>MM</arg>
<arg>MN</arg>
<arg>MO</arg>
<arg>MP</arg>
<arg>MQ</arg>
<arg>MR</arg>
<arg>MS</arg>
<arg>MT</arg>
<arg>MU</arg>
<arg>MV</arg>
<arg>MW</arg>
<arg>MX</arg>
<arg>MY</arg>
<arg>MZ</arg>
<arg>NA</arg>
<arg>NC</arg>
<arg>NE</arg>
<arg>NF</arg>
<arg>NG</arg>
<arg>NI</arg>
<arg>NL</arg>
<arg>NO</arg>
<arg>NP</arg>
<arg>NR</arg>
<arg>NU</arg>
<arg>NZ</arg>
<arg>OM</arg>
<arg>PA</arg>
<arg>PE</arg>
<arg>PF</arg>
<arg>PG</arg>
<arg>PH</arg>
<arg>PK</arg>
<arg>PL</arg>
<arg>PM</arg>
<arg>PN</arg>
<arg>PR</arg>
<arg>PS</arg>
<arg>PT</arg>
<arg>PW</arg>
<arg>PY</arg>
<arg>QA</arg>
<arg>RE</arg>
<arg>RO</arg>
<arg>RS</arg>
<arg>RU</arg>
<arg>RW</arg>
<arg>SA</arg>
<arg>SB</arg>
<arg>SC</arg>
<arg>SD</arg>
<arg>SE</arg>
<arg>SG</arg>
<arg>SH</arg>
<arg>SI</arg>
<arg>SJ</arg>
<arg>SK</arg>
<arg>SL</arg>
<arg>SM</arg>
<arg>SN</arg>
<arg>SO</arg>
<arg>SR</arg>
<arg>SS</arg>
<arg>ST</arg>
<arg>SV</arg>
<arg>SX</arg>
<arg>SY</arg>
<arg>SZ</arg>
<arg>TC</arg>
<arg>TD</arg>
<arg>TF</arg>
<arg>TG</arg>
<arg>TH</arg>
<arg>TJ</arg>
<arg>TK</arg>
<arg>TL</arg>
<arg>TM</arg>
<arg>TN</arg>
<arg>TO</arg>
<arg>TR</arg>
<arg>TT</arg>
<arg>TV</arg>
<arg>TW</arg>
<arg>TZ</arg>
<arg>UA</arg>
<arg>UG</arg>
<arg>UM</arg>
<arg>US</arg>
<arg>UY</arg>
<arg>UZ</arg>
<arg>VA</arg>
<arg>VC</arg>
<arg>VE</arg>
<arg>VG</arg>
<arg>VI</arg>
<arg>VN</arg>
<arg>VU</arg>
<arg>WF</arg>
<arg>WS</arg>
<arg>XK</arg>
<arg>YE</arg>
<arg>YT</arg>
<arg>ZA</arg>
<arg>ZM</arg>
<arg>ZW</arg>
<doc>Returns a list containing given items.</doc>
<status status="PASS" start="2024-06-27T17:15:20.688118" elapsed="0.000617"/>
</kw>
<kw name="List Should Contain Value" owner="Collections">
<arg>${list_country}</arg>
<arg>${name_country}</arg>
<doc>Fails if the ``value`` is not found from ``list``.</doc>
<status status="PASS" start="2024-06-27T17:15:20.689532" elapsed="0.000206"/>
</kw>
<kw name="Run Keyword If" owner="BuiltIn">
<kw name="Should Be True" owner="BuiltIn">
<arg>${True}</arg>
<doc>Fails if the given condition is not true.</doc>
<status status="PASS" start="2024-06-27T17:15:20.690680" elapsed="0.000142"/>
</kw>
<arg>${json_data["results"][0]["location"]["coordinates"]["latitude"]} &gt;= -90 and ${json_data["results"][0]["location"]["coordinates"]["latitude"]} &lt;= 90</arg>
<arg>Should Be True</arg>
<arg>${True}</arg>
<doc>Runs the given keyword with the given arguments, if ``condition`` is true.</doc>
<status status="PASS" start="2024-06-27T17:15:20.689934" elapsed="0.001010"/>
</kw>
<kw name="Run Keyword If" owner="BuiltIn">
<kw name="Should Be True" owner="BuiltIn">
<arg>${True}</arg>
<doc>Fails if the given condition is not true.</doc>
<status status="PASS" start="2024-06-27T17:15:20.691844" elapsed="0.000137"/>
</kw>
<arg>${json_data["results"][0]["location"]["coordinates"]["longitude"]} &gt;= -180 and ${json_data["results"][0]["location"]["coordinates"]["longitude"]} &lt;= 180</arg>
<arg>Should Be True</arg>
<arg>${True}</arg>
<doc>Runs the given keyword with the given arguments, if ``condition`` is true.</doc>
<status status="PASS" start="2024-06-27T17:15:20.691122" elapsed="0.000983"/>
</kw>
<status status="PASS" start="2024-06-27T17:15:20.598090" elapsed="0.094150"/>
</kw>
<doc>Testa o conteúdo específico dos campos retornados pela API.</doc>
<tag>testeConteudo</tag>
<status status="PASS" start="2024-06-27T17:15:20.597631" elapsed="0.094800"/>
</test>
<status status="PASS" start="2024-06-27T17:15:19.707433" elapsed="0.986912"/>
</suite>
<status status="PASS" start="2024-06-27T17:15:19.693121" elapsed="1.006515"/>
</suite>
<statistics>
<total>
<stat pass="5" fail="0" skip="0">All Tests</stat>
</total>
<tag>
<stat pass="1" fail="0" skip="0">testeConteudo</stat>
<stat pass="1" fail="0" skip="0">testeEstruturaResposta</stat>
<stat pass="1" fail="0" skip="0">testeRequisicaoBasica</stat>
<stat pass="1" fail="0" skip="0">testeTiposDados</stat>
</tag>
<suite>
<stat pass="5" fail="0" skip="0" id="s1" name="Tests">Tests</stat>
<stat pass="5" fail="0" skip="0" id="s1-s1" name="Random-User-Test">Tests.Random-User-Test</stat>
</suite>
</statistics>
<errors>
</errors>
</robot>
