<?xml version="1.0" encoding="UTF-8"?>
<robot generator="Robot 7.0 (Python 3.12.3 on linux)" generated="2024-05-18T03:15:59.252575" rpa="false" schemaversion="5">
<suite id="s1" name="Tests" source="/home/runner/work/DesafioQAItauRogerioJordao/DesafioQAItauRogerioJordao/RamdonUser/tests">
<suite id="s1-s1" name="Random-User-Test" source="/home/runner/work/DesafioQAItauRogerioJordao/DesafioQAItauRogerioJordao/RamdonUser/tests/random-user-test.robot">
<test id="s1-s1-t1" name="Conectar" line="13">
<kw name="Conectar API" owner="random-user-service">
<kw name="Create Session" owner="RequestsLibrary">
<msg time="2024-05-18T03:15:59.648397" level="INFO">Creating Session using : alias=consultarAPI, url=https://randomuser.me/, headers={},                     cookies={}, auth=None, timeout=None, proxies=None, verify=False,                     debug=0 </msg>
<arg>consultarAPI</arg>
<arg>${URL}</arg>
<doc>Create Session: create a HTTP session to a server</doc>
<status status="PASS" start="2024-05-18T03:15:59.648180" elapsed="0.000407"/>
</kw>
<status status="PASS" start="2024-05-18T03:15:59.647161" elapsed="0.001838"/>
</kw>
<status status="PASS" start="2024-05-18T03:15:59.646549" elapsed="0.002658"/>
</test>
<test id="s1-s1-t2" name="Validar retorno 200 e JSON Válido" line="16">
<kw name="Teste de Requisicao Basica" owner="random-user-service">
<kw name="GET On Session" owner="RequestsLibrary">
<msg time="2024-05-18T03:15:59.724122" level="INFO">GET Request : url=https://randomuser.me/api 
 path_url=/api 
 headers={'User-Agent': 'python-requests/2.31.0', 'Accept-Encoding': 'gzip, deflate', 'Accept': '*/*', 'Connection': 'keep-alive'} 
 body=None 
 </msg>
<msg time="2024-05-18T03:15:59.724310" level="INFO">GET Response : url=https://randomuser.me/api 
 status=200, reason=OK 
 headers={'Date': 'Sat, 18 May 2024 03:15:59 GMT', 'Content-Type': 'application/json; charset=utf-8', 'Transfer-Encoding': 'chunked', 'Connection': 'keep-alive', 'X-Powered-By': 'Express', 'Access-Control-Allow-Origin': '*', 'Cache-Control': 'no-cache', 'ETag': 'W/"493-x5gdIqhZanLSbOctmMY6yRxyOcU"', 'Vary': 'Accept-Encoding', 'Content-Encoding': 'gzip', 'CF-Cache-Status': 'DYNAMIC', 'Report-To': '{"endpoints":[{"url":"https:\\/\\/a.nel.cloudflare.com\\/report\\/v4?s=3wVsA1Q6cZQ9ohUKQDQLD7yGL%2FWkwn4WljnkX5L%2FXd6cGslYcyyCWUbzQGhbjmH%2FLew29zcC0qJww%2BICjJvv9ggH6eMO1TLRDtMLtZlWybKB7S5s984rYYeRIgIoMEvF"}],"group":"cf-nel","max_age":604800}', 'NEL': '{"success_fraction":0,"report_to":"cf-nel","max_age":604800}', 'Server': 'cloudflare', 'CF-RAY': '8858af9a184382ce-IAD', 'alt-svc': 'h3=":443"; ma=86400'} 
 body={"results":[{"gender":"male","name":{"title":"Mr","first":"Uriel","last":"Pineda"},"location":{"street":{"number":6988,"name":"Callejón Sur Pulido"},"city":"San Ramón","state":"Nayarit","country":"Mexico","postcode":55269,"coordinates":{"latitude":"24.7540","longitude":"-177.9901"},"timezone":{"offset":"-1:00","description":"Azores, Cape Verde Islands"}},"email":"uriel.pineda@example.com","login":{"uuid":"eb6b3c88-70b5-4f6e-8a6b-ab7322e04e20","username":"heavypeacock695","password":"peachy","salt":"CcQw8x3X","md5":"c92e0ff04d4ac2c81aa8272274b6c540","sha1":"187427fc251c58e7dbbade1e20823303d47696d3","sha256":"dfd6ba0e5e36bbedd494a5b662b2f4be669aa74da3a7f4e18ce197db91f8e1d3"},"dob":{"date":"1985-01-22T02:31:51.945Z","age":39},"registered":{"date":"2011-04-19T18:13:18.674Z","age":13},"phone":"(611) 802 9106","cell":"(680) 573 1031","id":{"name":"NSS","value":"04 36 57 8866 8"},"picture":{"large":"https://randomuser.me/api/portraits/men/18.jpg","medium":"https://randomuser.me/api/portraits/med/men/18.jpg","thumbnail":"https://randomuser.me/api/portraits/thumb/men/18.jpg"},"nat":"MX"}],"info":{"seed":"64af54128df54d68","results":1,"page":1,"version":"1.4"}} 
 </msg>
<msg time="2024-05-18T03:15:59.724412" level="INFO">/opt/hostedtoolcache/Python/3.12.3/x64/lib/python3.12/site-packages/urllib3/connectionpool.py:1103: InsecureRequestWarning: Unverified HTTPS request is being made to host 'randomuser.me'. Adding certificate verification is strongly advised. See: https://urllib3.readthedocs.io/en/latest/advanced-usage.html#tls-warnings
  warnings.warn(</msg>
<msg time="2024-05-18T03:15:59.724573" level="INFO">${response} = &lt;Response [200]&gt;</msg>
<var>${response}</var>
<arg>consultarAPI</arg>
<arg>/api</arg>
<doc>Sends a GET request on a previously created HTTP Session.</doc>
<status status="PASS" start="2024-05-18T03:15:59.651923" elapsed="0.072735"/>
</kw>
<kw name="Should Be Equal As Numbers" owner="BuiltIn">
<msg time="2024-05-18T03:15:59.725927" level="INFO">Argument types are:
&lt;class 'int'&gt;
&lt;class 'str'&gt;</msg>
<arg>${response.status_code}</arg>
<arg>200</arg>
<doc>Fails if objects are unequal after converting them to real numbers.</doc>
<status status="PASS" start="2024-05-18T03:15:59.725401" elapsed="0.000602"/>
</kw>
<kw name="Log" owner="BuiltIn">
<msg time="2024-05-18T03:15:59.726842" level="INFO">200</msg>
<arg>${response.status_code}</arg>
<doc>Logs the given message with the given level.</doc>
<status status="PASS" start="2024-05-18T03:15:59.726436" elapsed="0.000456"/>
</kw>
<kw name="Set Variable" owner="BuiltIn">
<msg time="2024-05-18T03:15:59.727758" level="INFO">${json_data} = {'results': [{'gender': 'male', 'name': {'title': 'Mr', 'first': 'Uriel', 'last': 'Pineda'}, 'location': {'street': {'number': 6988, 'name': 'Callejón Sur Pulido'}, 'city': 'San Ramón', 'state': 'Naya...</msg>
<var>${json_data}</var>
<arg>${response.json()}</arg>
<doc>Returns the given values which can then be assigned to a variables.</doc>
<status status="PASS" start="2024-05-18T03:15:59.727264" elapsed="0.000527"/>
</kw>
<kw name="Dictionary Should Contain Key" owner="Collections">
<msg time="2024-05-18T03:15:59.728284" level="INFO">False</msg>
<arg>${json_data}</arg>
<arg>results</arg>
<doc>Fails if ``key`` is not found from ``dictionary``.</doc>
<status status="PASS" start="2024-05-18T03:15:59.728108" elapsed="0.000215"/>
</kw>
<status status="PASS" start="2024-05-18T03:15:59.651664" elapsed="0.076922"/>
</kw>
<doc>Testa se a API responde corretamente e retorna um objeto JSON válido.</doc>
<tag>testeRequisicaoBasica</tag>
<status status="PASS" start="2024-05-18T03:15:59.651115" elapsed="0.077708"/>
</test>
<test id="s1-s1-t3" name="Validar estrutura de resposta" line="22">
<kw name="Teste de Estrutura de Resposta" owner="random-user-service">
<kw name="GET On Session" owner="RequestsLibrary">
<msg time="2024-05-18T03:15:59.832356" level="INFO">GET Request : url=https://randomuser.me/api 
 path_url=/api 
 headers={'User-Agent': 'python-requests/2.31.0', 'Accept-Encoding': 'gzip, deflate', 'Accept': '*/*', 'Connection': 'keep-alive'} 
 body=None 
 </msg>
<msg time="2024-05-18T03:15:59.832474" level="INFO">GET Response : url=https://randomuser.me/api 
 status=200, reason=OK 
 headers={'Date': 'Sat, 18 May 2024 03:15:59 GMT', 'Content-Type': 'application/json; charset=utf-8', 'Transfer-Encoding': 'chunked', 'Connection': 'keep-alive', 'X-Powered-By': 'Express', 'Access-Control-Allow-Origin': '*', 'Cache-Control': 'no-cache', 'ETag': 'W/"487-pIr2B3zb1Odc+gtm6FDssm3n5n4"', 'Vary': 'Accept-Encoding', 'Content-Encoding': 'gzip', 'CF-Cache-Status': 'DYNAMIC', 'Report-To': '{"endpoints":[{"url":"https:\\/\\/a.nel.cloudflare.com\\/report\\/v4?s=a9yCJrb5go%2BEVV9UCRnVowruU5TE49RI%2BNYnbYTTGWQqwR1TDg3flXwvmaHsazxeHZ8vpUK3SKhV7Ivwgq5tvc8Wyqi7XtkdC8HonFLL0dK7LNmJ3pA8z%2FndZAOvXP%2FX"}],"group":"cf-nel","max_age":604800}', 'NEL': '{"success_fraction":0,"report_to":"cf-nel","max_age":604800}', 'Server': 'cloudflare', 'CF-RAY': '8858af9a588482ce-IAD', 'alt-svc': 'h3=":443"; ma=86400'} 
 body={"results":[{"gender":"female","name":{"title":"Ms","first":"Hannah","last":"Steward"},"location":{"street":{"number":8316,"name":"College St"},"city":"Hervey Bay","state":"Queensland","country":"Australia","postcode":4362,"coordinates":{"latitude":"-88.2828","longitude":"151.1195"},"timezone":{"offset":"+9:30","description":"Adelaide, Darwin"}},"email":"hannah.steward@example.com","login":{"uuid":"6dfed176-07ae-4e03-a3ac-75f8f2165b9c","username":"silverladybug426","password":"nurses","salt":"BQ56dnjn","md5":"ff710771ffaeb7864ef08f377a243d06","sha1":"1f70432da1eac29176413abe8e5797e221a28cda","sha256":"b31e176403fc5c8dea1e7dd76993dd2f7594b0b878cfe1abf3e44dcac81dfe1d"},"dob":{"date":"1999-02-09T17:15:22.925Z","age":25},"registered":{"date":"2013-07-25T13:25:59.333Z","age":10},"phone":"01-0337-5702","cell":"0421-822-748","id":{"name":"TFN","value":"791933165"},"picture":{"large":"https://randomuser.me/api/portraits/women/92.jpg","medium":"https://randomuser.me/api/portraits/med/women/92.jpg","thumbnail":"https://randomuser.me/api/portraits/thumb/women/92.jpg"},"nat":"AU"}],"info":{"seed":"ef5d2446f0cb9867","results":1,"page":1,"version":"1.4"}} 
 </msg>
<msg time="2024-05-18T03:15:59.832648" level="INFO">/opt/hostedtoolcache/Python/3.12.3/x64/lib/python3.12/site-packages/urllib3/connectionpool.py:1103: InsecureRequestWarning: Unverified HTTPS request is being made to host 'randomuser.me'. Adding certificate verification is strongly advised. See: https://urllib3.readthedocs.io/en/latest/advanced-usage.html#tls-warnings
  warnings.warn(</msg>
<msg time="2024-05-18T03:15:59.832794" level="INFO">${response} = &lt;Response [200]&gt;</msg>
<var>${response}</var>
<arg>consultarAPI</arg>
<arg>/api</arg>
<doc>Sends a GET request on a previously created HTTP Session.</doc>
<status status="PASS" start="2024-05-18T03:15:59.731617" elapsed="0.101217"/>
</kw>
<kw name="Set Variable" owner="BuiltIn">
<msg time="2024-05-18T03:15:59.834070" level="INFO">${json_data} = {'results': [{'gender': 'female', 'name': {'title': 'Ms', 'first': 'Hannah', 'last': 'Steward'}, 'location': {'street': {'number': 8316, 'name': 'College St'}, 'city': 'Hervey Bay', 'state': 'Queensla...</msg>
<var>${json_data}</var>
<arg>${response.json()}</arg>
<doc>Returns the given values which can then be assigned to a variables.</doc>
<status status="PASS" start="2024-05-18T03:15:59.833464" elapsed="0.000636"/>
</kw>
<kw name="Log" owner="BuiltIn">
<msg time="2024-05-18T03:15:59.834579" level="INFO">{'results': [{'gender': 'female', 'name': {'title': 'Ms', 'first': 'Hannah', 'last': 'Steward'}, 'location': {'street': {'number': 8316, 'name': 'College St'}, 'city': 'Hervey Bay', 'state': 'Queensland', 'country': 'Australia', 'postcode': 4362, 'coordinates': {'latitude': '-88.2828', 'longitude': '151.1195'}, 'timezone': {'offset': '+9:30', 'description': 'Adelaide, Darwin'}}, 'email': 'hannah.steward@example.com', 'login': {'uuid': '6dfed176-07ae-4e03-a3ac-75f8f2165b9c', 'username': 'silverladybug426', 'password': 'nurses', 'salt': 'BQ56dnjn', 'md5': 'ff710771ffaeb7864ef08f377a243d06', 'sha1': '1f70432da1eac29176413abe8e5797e221a28cda', 'sha256': 'b31e176403fc5c8dea1e7dd76993dd2f7594b0b878cfe1abf3e44dcac81dfe1d'}, 'dob': {'date': '1999-02-09T17:15:22.925Z', 'age': 25}, 'registered': {'date': '2013-07-25T13:25:59.333Z', 'age': 10}, 'phone': '01-0337-5702', 'cell': '0421-822-748', 'id': {'name': 'TFN', 'value': '791933165'}, 'picture': {'large': 'https://randomuser.me/api/portraits/women/92.jpg', 'medium': 'https://randomuser.me/api/portraits/med/women/92.jpg', 'thumbnail': 'https://randomuser.me/api/portraits/thumb/women/92.jpg'}, 'nat': 'AU'}], 'info': {'seed': 'ef5d2446f0cb9867', 'results': 1, 'page': 1, 'version': '1.4'}}</msg>
<arg>${json_data}</arg>
<doc>Logs the given message with the given level.</doc>
<status status="PASS" start="2024-05-18T03:15:59.834414" elapsed="0.000217"/>
</kw>
<kw name="Dictionary Should Contain Key" owner="Collections">
<msg time="2024-05-18T03:15:59.835093" level="INFO">False</msg>
<arg>${json_data}</arg>
<arg>results</arg>
<doc>Fails if ``key`` is not found from ``dictionary``.</doc>
<status status="PASS" start="2024-05-18T03:15:59.834935" elapsed="0.000195"/>
</kw>
<kw name="Should Not Be Empty" owner="BuiltIn">
<msg time="2024-05-18T03:15:59.835570" level="INFO">Length is 2.</msg>
<arg>${json_data}</arg>
<doc>Verifies that the given item is not empty.</doc>
<status status="PASS" start="2024-05-18T03:15:59.835431" elapsed="0.000178"/>
</kw>
<kw name="Create List" owner="BuiltIn">
<msg time="2024-05-18T03:15:59.836230" level="INFO">${expected_keys} = ['gender', 'name', 'location', 'email', 'login']</msg>
<var>${expected_keys}</var>
<arg>gender</arg>
<arg>name</arg>
<arg>location</arg>
<arg>email</arg>
<arg>login</arg>
<doc>Returns a list containing given items.</doc>
<status status="PASS" start="2024-05-18T03:15:59.835904" elapsed="0.000352"/>
</kw>
<for flavor="IN">
<iter>
<kw name="Dictionary Should Contain Key" owner="Collections">
<msg time="2024-05-18T03:15:59.837311" level="INFO">False</msg>
<arg>${json_data['results'][0]}</arg>
<arg>${key}</arg>
<doc>Fails if ``key`` is not found from ``dictionary``.</doc>
<status status="PASS" start="2024-05-18T03:15:59.836910" elapsed="0.000440"/>
</kw>
<kw name="Log" owner="BuiltIn">
<msg time="2024-05-18T03:15:59.838024" level="INFO">{'gender': 'female', 'name': {'title': 'Ms', 'first': 'Hannah', 'last': 'Steward'}, 'location': {'street': {'number': 8316, 'name': 'College St'}, 'city': 'Hervey Bay', 'state': 'Queensland', 'country': 'Australia', 'postcode': 4362, 'coordinates': {'latitude': '-88.2828', 'longitude': '151.1195'}, 'timezone': {'offset': '+9:30', 'description': 'Adelaide, Darwin'}}, 'email': 'hannah.steward@example.com', 'login': {'uuid': '6dfed176-07ae-4e03-a3ac-75f8f2165b9c', 'username': 'silverladybug426', 'password': 'nurses', 'salt': 'BQ56dnjn', 'md5': 'ff710771ffaeb7864ef08f377a243d06', 'sha1': '1f70432da1eac29176413abe8e5797e221a28cda', 'sha256': 'b31e176403fc5c8dea1e7dd76993dd2f7594b0b878cfe1abf3e44dcac81dfe1d'}, 'dob': {'date': '1999-02-09T17:15:22.925Z', 'age': 25}, 'registered': {'date': '2013-07-25T13:25:59.333Z', 'age': 10}, 'phone': '01-0337-5702', 'cell': '0421-822-748', 'id': {'name': 'TFN', 'value': '791933165'}, 'picture': {'large': 'https://randomuser.me/api/portraits/women/92.jpg', 'medium': 'https://randomuser.me/api/portraits/med/women/92.jpg', 'thumbnail': 'https://randomuser.me/api/portraits/thumb/women/92.jpg'}, 'nat': 'AU'}</msg>
<arg>${json_data['results'][0]}</arg>
<doc>Logs the given message with the given level.</doc>
<status status="PASS" start="2024-05-18T03:15:59.837654" elapsed="0.000420"/>
</kw>
<kw name="Log" owner="BuiltIn">
<msg time="2024-05-18T03:15:59.838509" level="INFO">gender</msg>
<arg>${key}</arg>
<doc>Logs the given message with the given level.</doc>
<status status="PASS" start="2024-05-18T03:15:59.838380" elapsed="0.000168"/>
</kw>
<var name="${key}">gender</var>
<status status="PASS" start="2024-05-18T03:15:59.836775" elapsed="0.001990"/>
</iter>
<iter>
<kw name="Dictionary Should Contain Key" owner="Collections">
<msg time="2024-05-18T03:15:59.839459" level="INFO">False</msg>
<arg>${json_data['results'][0]}</arg>
<arg>${key}</arg>
<doc>Fails if ``key`` is not found from ``dictionary``.</doc>
<status status="PASS" start="2024-05-18T03:15:59.839073" elapsed="0.000425"/>
</kw>
<kw name="Log" owner="BuiltIn">
<msg time="2024-05-18T03:15:59.840200" level="INFO">{'gender': 'female', 'name': {'title': 'Ms', 'first': 'Hannah', 'last': 'Steward'}, 'location': {'street': {'number': 8316, 'name': 'College St'}, 'city': 'Hervey Bay', 'state': 'Queensland', 'country': 'Australia', 'postcode': 4362, 'coordinates': {'latitude': '-88.2828', 'longitude': '151.1195'}, 'timezone': {'offset': '+9:30', 'description': 'Adelaide, Darwin'}}, 'email': 'hannah.steward@example.com', 'login': {'uuid': '6dfed176-07ae-4e03-a3ac-75f8f2165b9c', 'username': 'silverladybug426', 'password': 'nurses', 'salt': 'BQ56dnjn', 'md5': 'ff710771ffaeb7864ef08f377a243d06', 'sha1': '1f70432da1eac29176413abe8e5797e221a28cda', 'sha256': 'b31e176403fc5c8dea1e7dd76993dd2f7594b0b878cfe1abf3e44dcac81dfe1d'}, 'dob': {'date': '1999-02-09T17:15:22.925Z', 'age': 25}, 'registered': {'date': '2013-07-25T13:25:59.333Z', 'age': 10}, 'phone': '01-0337-5702', 'cell': '0421-822-748', 'id': {'name': 'TFN', 'value': '791933165'}, 'picture': {'large': 'https://randomuser.me/api/portraits/women/92.jpg', 'medium': 'https://randomuser.me/api/portraits/med/women/92.jpg', 'thumbnail': 'https://randomuser.me/api/portraits/thumb/women/92.jpg'}, 'nat': 'AU'}</msg>
<arg>${json_data['results'][0]}</arg>
<doc>Logs the given message with the given level.</doc>
<status status="PASS" start="2024-05-18T03:15:59.839839" elapsed="0.000420"/>
</kw>
<kw name="Log" owner="BuiltIn">
<msg time="2024-05-18T03:15:59.840714" level="INFO">name</msg>
<arg>${key}</arg>
<doc>Logs the given message with the given level.</doc>
<status status="PASS" start="2024-05-18T03:15:59.840561" elapsed="0.000193"/>
</kw>
<var name="${key}">name</var>
<status status="PASS" start="2024-05-18T03:15:59.838957" elapsed="0.002018"/>
</iter>
<iter>
<kw name="Dictionary Should Contain Key" owner="Collections">
<msg time="2024-05-18T03:15:59.841655" level="INFO">False</msg>
<arg>${json_data['results'][0]}</arg>
<arg>${key}</arg>
<doc>Fails if ``key`` is not found from ``dictionary``.</doc>
<status status="PASS" start="2024-05-18T03:15:59.841269" elapsed="0.000424"/>
</kw>
<kw name="Log" owner="BuiltIn">
<msg time="2024-05-18T03:15:59.842407" level="INFO">{'gender': 'female', 'name': {'title': 'Ms', 'first': 'Hannah', 'last': 'Steward'}, 'location': {'street': {'number': 8316, 'name': 'College St'}, 'city': 'Hervey Bay', 'state': 'Queensland', 'country': 'Australia', 'postcode': 4362, 'coordinates': {'latitude': '-88.2828', 'longitude': '151.1195'}, 'timezone': {'offset': '+9:30', 'description': 'Adelaide, Darwin'}}, 'email': 'hannah.steward@example.com', 'login': {'uuid': '6dfed176-07ae-4e03-a3ac-75f8f2165b9c', 'username': 'silverladybug426', 'password': 'nurses', 'salt': 'BQ56dnjn', 'md5': 'ff710771ffaeb7864ef08f377a243d06', 'sha1': '1f70432da1eac29176413abe8e5797e221a28cda', 'sha256': 'b31e176403fc5c8dea1e7dd76993dd2f7594b0b878cfe1abf3e44dcac81dfe1d'}, 'dob': {'date': '1999-02-09T17:15:22.925Z', 'age': 25}, 'registered': {'date': '2013-07-25T13:25:59.333Z', 'age': 10}, 'phone': '01-0337-5702', 'cell': '0421-822-748', 'id': {'name': 'TFN', 'value': '791933165'}, 'picture': {'large': 'https://randomuser.me/api/portraits/women/92.jpg', 'medium': 'https://randomuser.me/api/portraits/med/women/92.jpg', 'thumbnail': 'https://randomuser.me/api/portraits/thumb/women/92.jpg'}, 'nat': 'AU'}</msg>
<arg>${json_data['results'][0]}</arg>
<doc>Logs the given message with the given level.</doc>
<status status="PASS" start="2024-05-18T03:15:59.841990" elapsed="0.000477"/>
</kw>
<kw name="Log" owner="BuiltIn">
<msg time="2024-05-18T03:15:59.843007" level="INFO">location</msg>
<arg>${key}</arg>
<doc>Logs the given message with the given level.</doc>
<status status="PASS" start="2024-05-18T03:15:59.842849" elapsed="0.000206"/>
</kw>
<var name="${key}">location</var>
<status status="PASS" start="2024-05-18T03:15:59.841154" elapsed="0.002163"/>
</iter>
<iter>
<kw name="Dictionary Should Contain Key" owner="Collections">
<msg time="2024-05-18T03:15:59.844133" level="INFO">False</msg>
<arg>${json_data['results'][0]}</arg>
<arg>${key}</arg>
<doc>Fails if ``key`` is not found from ``dictionary``.</doc>
<status status="PASS" start="2024-05-18T03:15:59.843664" elapsed="0.000518"/>
</kw>
<kw name="Log" owner="BuiltIn">
<msg time="2024-05-18T03:15:59.845003" level="INFO">{'gender': 'female', 'name': {'title': 'Ms', 'first': 'Hannah', 'last': 'Steward'}, 'location': {'street': {'number': 8316, 'name': 'College St'}, 'city': 'Hervey Bay', 'state': 'Queensland', 'country': 'Australia', 'postcode': 4362, 'coordinates': {'latitude': '-88.2828', 'longitude': '151.1195'}, 'timezone': {'offset': '+9:30', 'description': 'Adelaide, Darwin'}}, 'email': 'hannah.steward@example.com', 'login': {'uuid': '6dfed176-07ae-4e03-a3ac-75f8f2165b9c', 'username': 'silverladybug426', 'password': 'nurses', 'salt': 'BQ56dnjn', 'md5': 'ff710771ffaeb7864ef08f377a243d06', 'sha1': '1f70432da1eac29176413abe8e5797e221a28cda', 'sha256': 'b31e176403fc5c8dea1e7dd76993dd2f7594b0b878cfe1abf3e44dcac81dfe1d'}, 'dob': {'date': '1999-02-09T17:15:22.925Z', 'age': 25}, 'registered': {'date': '2013-07-25T13:25:59.333Z', 'age': 10}, 'phone': '01-0337-5702', 'cell': '0421-822-748', 'id': {'name': 'TFN', 'value': '791933165'}, 'picture': {'large': 'https://randomuser.me/api/portraits/women/92.jpg', 'medium': 'https://randomuser.me/api/portraits/med/women/92.jpg', 'thumbnail': 'https://randomuser.me/api/portraits/thumb/women/92.jpg'}, 'nat': 'AU'}</msg>
<arg>${json_data['results'][0]}</arg>
<doc>Logs the given message with the given level.</doc>
<status status="PASS" start="2024-05-18T03:15:59.844538" elapsed="0.000518"/>
</kw>
<kw name="Log" owner="BuiltIn">
<msg time="2024-05-18T03:15:59.845569" level="INFO">email</msg>
<arg>${key}</arg>
<doc>Logs the given message with the given level.</doc>
<status status="PASS" start="2024-05-18T03:15:59.845407" elapsed="0.000202"/>
</kw>
<var name="${key}">email</var>
<status status="PASS" start="2024-05-18T03:15:59.843522" elapsed="0.002316"/>
</iter>
<iter>
<kw name="Dictionary Should Contain Key" owner="Collections">
<msg time="2024-05-18T03:15:59.846510" level="INFO">False</msg>
<arg>${json_data['results'][0]}</arg>
<arg>${key}</arg>
<doc>Fails if ``key`` is not found from ``dictionary``.</doc>
<status status="PASS" start="2024-05-18T03:15:59.846129" elapsed="0.000420"/>
</kw>
<kw name="Log" owner="BuiltIn">
<msg time="2024-05-18T03:15:59.847210" level="INFO">{'gender': 'female', 'name': {'title': 'Ms', 'first': 'Hannah', 'last': 'Steward'}, 'location': {'street': {'number': 8316, 'name': 'College St'}, 'city': 'Hervey Bay', 'state': 'Queensland', 'country': 'Australia', 'postcode': 4362, 'coordinates': {'latitude': '-88.2828', 'longitude': '151.1195'}, 'timezone': {'offset': '+9:30', 'description': 'Adelaide, Darwin'}}, 'email': 'hannah.steward@example.com', 'login': {'uuid': '6dfed176-07ae-4e03-a3ac-75f8f2165b9c', 'username': 'silverladybug426', 'password': 'nurses', 'salt': 'BQ56dnjn', 'md5': 'ff710771ffaeb7864ef08f377a243d06', 'sha1': '1f70432da1eac29176413abe8e5797e221a28cda', 'sha256': 'b31e176403fc5c8dea1e7dd76993dd2f7594b0b878cfe1abf3e44dcac81dfe1d'}, 'dob': {'date': '1999-02-09T17:15:22.925Z', 'age': 25}, 'registered': {'date': '2013-07-25T13:25:59.333Z', 'age': 10}, 'phone': '01-0337-5702', 'cell': '0421-822-748', 'id': {'name': 'TFN', 'value': '791933165'}, 'picture': {'large': 'https://randomuser.me/api/portraits/women/92.jpg', 'medium': 'https://randomuser.me/api/portraits/med/women/92.jpg', 'thumbnail': 'https://randomuser.me/api/portraits/thumb/women/92.jpg'}, 'nat': 'AU'}</msg>
<arg>${json_data['results'][0]}</arg>
<doc>Logs the given message with the given level.</doc>
<status status="PASS" start="2024-05-18T03:15:59.846847" elapsed="0.000412"/>
</kw>
<kw name="Log" owner="BuiltIn">
<msg time="2024-05-18T03:15:59.847689" level="INFO">login</msg>
<arg>${key}</arg>
<doc>Logs the given message with the given level.</doc>
<status status="PASS" start="2024-05-18T03:15:59.847562" elapsed="0.000166"/>
</kw>
<var name="${key}">login</var>
<status status="PASS" start="2024-05-18T03:15:59.846015" elapsed="0.001959"/>
</iter>
<var>${key}</var>
<value>@{expected_keys}</value>
<status status="PASS" start="2024-05-18T03:15:59.836540" elapsed="0.011563"/>
</for>
<kw name="Create List" owner="BuiltIn">
<msg time="2024-05-18T03:15:59.848437" level="INFO">${expected_keysTwo} = ['username', 'password']</msg>
<var>${expected_keysTwo}</var>
<arg>username</arg>
<arg>password</arg>
<doc>Returns a list containing given items.</doc>
<status status="PASS" start="2024-05-18T03:15:59.848298" elapsed="0.000163"/>
</kw>
<for flavor="IN">
<iter>
<kw name="Dictionary Should Contain Key" owner="Collections">
<msg time="2024-05-18T03:15:59.849405" level="INFO">False</msg>
<arg>${json_data['results'][0]['login']}</arg>
<arg>${keyTwo}</arg>
<doc>Fails if ``key`` is not found from ``dictionary``.</doc>
<status status="PASS" start="2024-05-18T03:15:59.849015" elapsed="0.000428"/>
</kw>
<kw name="Dictionary Should Contain Key" owner="Collections">
<msg time="2024-05-18T03:15:59.850121" level="INFO">False</msg>
<arg>${json_data['results'][0]['login']}</arg>
<arg>${keyTwo}</arg>
<doc>Fails if ``key`` is not found from ``dictionary``.</doc>
<status status="PASS" start="2024-05-18T03:15:59.849745" elapsed="0.000414"/>
</kw>
<kw name="Log" owner="BuiltIn">
<msg time="2024-05-18T03:15:59.850587" level="INFO">username</msg>
<arg>${keyTwo}</arg>
<doc>Logs the given message with the given level.</doc>
<status status="PASS" start="2024-05-18T03:15:59.850459" elapsed="0.000172"/>
</kw>
<var name="${keyTwo}">username</var>
<status status="PASS" start="2024-05-18T03:15:59.848903" elapsed="0.001945"/>
</iter>
<iter>
<kw name="Dictionary Should Contain Key" owner="Collections">
<msg time="2024-05-18T03:15:59.851514" level="INFO">False</msg>
<arg>${json_data['results'][0]['login']}</arg>
<arg>${keyTwo}</arg>
<doc>Fails if ``key`` is not found from ``dictionary``.</doc>
<status status="PASS" start="2024-05-18T03:15:59.851133" elapsed="0.000419"/>
</kw>
<kw name="Dictionary Should Contain Key" owner="Collections">
<msg time="2024-05-18T03:15:59.852316" level="INFO">False</msg>
<arg>${json_data['results'][0]['login']}</arg>
<arg>${keyTwo}</arg>
<doc>Fails if ``key`` is not found from ``dictionary``.</doc>
<status status="PASS" start="2024-05-18T03:15:59.851850" elapsed="0.000506"/>
</kw>
<kw name="Log" owner="BuiltIn">
<msg time="2024-05-18T03:15:59.852830" level="INFO">password</msg>
<arg>${keyTwo}</arg>
<doc>Logs the given message with the given level.</doc>
<status status="PASS" start="2024-05-18T03:15:59.852695" elapsed="0.000174"/>
</kw>
<var name="${keyTwo}">password</var>
<status status="PASS" start="2024-05-18T03:15:59.851020" elapsed="0.002072"/>
</iter>
<var>${keyTwo}</var>
<value>@{expected_keysTwo}</value>
<status status="PASS" start="2024-05-18T03:15:59.848742" elapsed="0.004472"/>
</for>
<status status="PASS" start="2024-05-18T03:15:59.731375" elapsed="0.121983"/>
</kw>
<doc>Testa a estrutura da resposta da API.</doc>
<tag>testeEstruturaResposta</tag>
<status status="PASS" start="2024-05-18T03:15:59.730733" elapsed="0.122786"/>
</test>
<test id="s1-s1-t4" name="Validar tipos de dados" line="28">
<kw name="Teste de Tipos de Dados" owner="random-user-service">
<kw name="GET On Session" owner="RequestsLibrary">
<msg time="2024-05-18T03:15:59.925334" level="INFO">GET Request : url=https://randomuser.me/api 
 path_url=/api 
 headers={'User-Agent': 'python-requests/2.31.0', 'Accept-Encoding': 'gzip, deflate', 'Accept': '*/*', 'Connection': 'keep-alive'} 
 body=None 
 </msg>
<msg time="2024-05-18T03:15:59.925440" level="INFO">GET Response : url=https://randomuser.me/api 
 status=200, reason=OK 
 headers={'Date': 'Sat, 18 May 2024 03:15:59 GMT', 'Content-Type': 'application/json; charset=utf-8', 'Transfer-Encoding': 'chunked', 'Connection': 'keep-alive', 'X-Powered-By': 'Express', 'Access-Control-Allow-Origin': '*', 'Cache-Control': 'no-cache', 'ETag': 'W/"492-sw/UC5rllyhfSMc51upYBeMpUhM"', 'Vary': 'Accept-Encoding', 'Content-Encoding': 'gzip', 'CF-Cache-Status': 'DYNAMIC', 'Report-To': '{"endpoints":[{"url":"https:\\/\\/a.nel.cloudflare.com\\/report\\/v4?s=BEP%2BypumKi0VwUtgoLcoWbaKt2CjiqHfO6qWDSm8w8gWiVdyA32hRGVKdTK%2BsxyY7cq%2BTNn2F43QVCS5LWBWjF4TNUUUEizQTOYXBBy13z5qnYUlh5GG8gSWpwEvjl9h"}],"group":"cf-nel","max_age":604800}', 'NEL': '{"success_fraction":0,"report_to":"cf-nel","max_age":604800}', 'Server': 'cloudflare', 'CF-RAY': '8858af9b199c82ce-IAD', 'alt-svc': 'h3=":443"; ma=86400'} 
 body={"results":[{"gender":"female","name":{"title":"Miss","first":"Arianna","last":"Peck"},"location":{"street":{"number":4443,"name":"Edwards Rd"},"city":"Seattle","state":"South Dakota","country":"United States","postcode":85736,"coordinates":{"latitude":"83.4557","longitude":"96.3332"},"timezone":{"offset":"-7:00","description":"Mountain Time (US &amp; Canada)"}},"email":"arianna.peck@example.com","login":{"uuid":"1a4273dc-dfdb-42d9-ab22-15b42cc73dc5","username":"blackcat409","password":"bosco","salt":"02Uk3KkT","md5":"1855ea08b49281e4565356adbef66b40","sha1":"58b01b3443e7fa97b9654283c2647f9c0b9b5bfa","sha256":"375d1c40965fac541b11d6614ed32e99eb8092dc60a506367f96e79b798f2dd8"},"dob":{"date":"1985-03-27T09:51:50.230Z","age":39},"registered":{"date":"2007-12-07T15:23:19.792Z","age":16},"phone":"(874) 387-3651","cell":"(614) 794-5871","id":{"name":"SSN","value":"066-92-7925"},"picture":{"large":"https://randomuser.me/api/portraits/women/16.jpg","medium":"https://randomuser.me/api/portraits/med/women/16.jpg","thumbnail":"https://randomuser.me/api/portraits/thumb/women/16.jpg"},"nat":"US"}],"info":{"seed":"879ebce6483966a8","results":1,"page":1,"version":"1.4"}} 
 </msg>
<msg time="2024-05-18T03:15:59.925524" level="INFO">/opt/hostedtoolcache/Python/3.12.3/x64/lib/python3.12/site-packages/urllib3/connectionpool.py:1103: InsecureRequestWarning: Unverified HTTPS request is being made to host 'randomuser.me'. Adding certificate verification is strongly advised. See: https://urllib3.readthedocs.io/en/latest/advanced-usage.html#tls-warnings
  warnings.warn(</msg>
<msg time="2024-05-18T03:15:59.925676" level="INFO">${response} = &lt;Response [200]&gt;</msg>
<var>${response}</var>
<arg>consultarAPI</arg>
<arg>/api</arg>
<doc>Sends a GET request on a previously created HTTP Session.</doc>
<status status="PASS" start="2024-05-18T03:15:59.856103" elapsed="0.069620"/>
</kw>
<kw name="Set Variable" owner="BuiltIn">
<msg time="2024-05-18T03:15:59.926923" level="INFO">${json_data} = {'results': [{'gender': 'female', 'name': {'title': 'Miss', 'first': 'Arianna', 'last': 'Peck'}, 'location': {'street': {'number': 4443, 'name': 'Edwards Rd'}, 'city': 'Seattle', 'state': 'South Dakot...</msg>
<var>${json_data}</var>
<arg>${response.json()}</arg>
<doc>Returns the given values which can then be assigned to a variables.</doc>
<status status="PASS" start="2024-05-18T03:15:59.926353" elapsed="0.000600"/>
</kw>
<kw name="Log" owner="BuiltIn">
<msg time="2024-05-18T03:15:59.927427" level="INFO">{'results': [{'gender': 'female', 'name': {'title': 'Miss', 'first': 'Arianna', 'last': 'Peck'}, 'location': {'street': {'number': 4443, 'name': 'Edwards Rd'}, 'city': 'Seattle', 'state': 'South Dakota', 'country': 'United States', 'postcode': 85736, 'coordinates': {'latitude': '83.4557', 'longitude': '96.3332'}, 'timezone': {'offset': '-7:00', 'description': 'Mountain Time (US &amp; Canada)'}}, 'email': 'arianna.peck@example.com', 'login': {'uuid': '1a4273dc-dfdb-42d9-ab22-15b42cc73dc5', 'username': 'blackcat409', 'password': 'bosco', 'salt': '02Uk3KkT', 'md5': '1855ea08b49281e4565356adbef66b40', 'sha1': '58b01b3443e7fa97b9654283c2647f9c0b9b5bfa', 'sha256': '375d1c40965fac541b11d6614ed32e99eb8092dc60a506367f96e79b798f2dd8'}, 'dob': {'date': '1985-03-27T09:51:50.230Z', 'age': 39}, 'registered': {'date': '2007-12-07T15:23:19.792Z', 'age': 16}, 'phone': '(874) 387-3651', 'cell': '(614) 794-5871', 'id': {'name': 'SSN', 'value': '066-92-7925'}, 'picture': {'large': 'https://randomuser.me/api/portraits/women/16.jpg', 'medium': 'https://randomuser.me/api/portraits/med/women/16.jpg', 'thumbnail': 'https://randomuser.me/api/portraits/thumb/women/16.jpg'}, 'nat': 'US'}], 'info': {'seed': '879ebce6483966a8', 'results': 1, 'page': 1, 'version': '1.4'}}</msg>
<arg>${json_data}</arg>
<doc>Logs the given message with the given level.</doc>
<status status="PASS" start="2024-05-18T03:15:59.927271" elapsed="0.000241"/>
</kw>
<kw name="Should Be String" owner="String">
<arg>${json_data['results'][0]['gender']}</arg>
<doc>Fails if the given ``item`` is not a string.</doc>
<status status="PASS" start="2024-05-18T03:15:59.927813" elapsed="0.000363"/>
</kw>
<kw name="Should Match Regexp" owner="BuiltIn">
<arg>${json_data['results'][0]['email']}</arg>
<arg>^[a-zA-Z0-9._%+-]+@[a-zA-Z0-9.-]+\.[a-zA-Z]{2,}$</arg>
<doc>Fails if ``string`` does not match ``pattern`` as a regular expression.</doc>
<status status="PASS" start="2024-05-18T03:15:59.928369" elapsed="0.000566"/>
</kw>
<kw name="Should Match Regexp" owner="BuiltIn">
<arg>${json_data['results'][0]['dob']['date']}</arg>
<arg>\\d{4}-\\d{2}-\\d{2}T\\d{2}:\\d{2}:\\d{2}\\.\\d{3}Z</arg>
<doc>Fails if ``string`` does not match ``pattern`` as a regular expression.</doc>
<status status="PASS" start="2024-05-18T03:15:59.929132" elapsed="0.000495"/>
</kw>
<kw name="Should Match Regexp" owner="BuiltIn">
<arg>${json_data['results'][0]['registered']['date']}</arg>
<arg>\\d{4}-\\d{2}-\\d{2}T\\d{2}:\\d{2}:\\d{2}\\.\\d{3}Z</arg>
<doc>Fails if ``string`` does not match ``pattern`` as a regular expression.</doc>
<status status="PASS" start="2024-05-18T03:15:59.929819" elapsed="0.000371"/>
</kw>
<kw name="Should Match Regexp" owner="BuiltIn">
<arg>${json_data['results'][0]['picture']['large']}</arg>
<arg>^https?://.*\.(?:png|jpe?g|gif|bmp)$</arg>
<doc>Fails if ``string`` does not match ``pattern`` as a regular expression.</doc>
<status status="PASS" start="2024-05-18T03:15:59.930378" elapsed="0.000464"/>
</kw>
<kw name="Should Match Regexp" owner="BuiltIn">
<arg>${json_data['results'][0]['picture']['medium']}</arg>
<arg>^https?://.*\.(?:png|jpe?g|gif|bmp)$</arg>
<doc>Fails if ``string`` does not match ``pattern`` as a regular expression.</doc>
<status status="PASS" start="2024-05-18T03:15:59.931034" elapsed="0.000359"/>
</kw>
<kw name="Should Match Regexp" owner="BuiltIn">
<arg>${json_data['results'][0]['picture']['thumbnail']}</arg>
<arg>^https?://.*\.(?:png|jpe?g|gif|bmp)$</arg>
<doc>Fails if ``string`` does not match ``pattern`` as a regular expression.</doc>
<status status="PASS" start="2024-05-18T03:15:59.931588" elapsed="0.000353"/>
</kw>
<kw name="Log" owner="BuiltIn">
<msg time="2024-05-18T03:15:59.932447" level="INFO">{'large': 'https://randomuser.me/api/portraits/women/16.jpg', 'medium': 'https://randomuser.me/api/portraits/med/women/16.jpg', 'thumbnail': 'https://randomuser.me/api/portraits/thumb/women/16.jpg'}</msg>
<arg>${json_data['results'][0]['picture']}</arg>
<doc>Logs the given message with the given level.</doc>
<status status="PASS" start="2024-05-18T03:15:59.932124" elapsed="0.000365"/>
</kw>
<status status="PASS" start="2024-05-18T03:15:59.855864" elapsed="0.076912"/>
</kw>
<kw name="Teste de Tipos de Dados - Postcode" owner="random-user-service">
<kw name="GET On Session" owner="RequestsLibrary">
<msg time="2024-05-18T03:16:00.029668" level="INFO">GET Request : url=https://randomuser.me/api 
 path_url=/api 
 headers={'User-Agent': 'python-requests/2.31.0', 'Accept-Encoding': 'gzip, deflate', 'Accept': '*/*', 'Connection': 'keep-alive'} 
 body=None 
 </msg>
<msg time="2024-05-18T03:16:00.029779" level="INFO">GET Response : url=https://randomuser.me/api 
 status=200, reason=OK 
 headers={'Date': 'Sat, 18 May 2024 03:16:00 GMT', 'Content-Type': 'application/json; charset=utf-8', 'Transfer-Encoding': 'chunked', 'Connection': 'keep-alive', 'X-Powered-By': 'Express', 'Access-Control-Allow-Origin': '*', 'Cache-Control': 'no-cache', 'ETag': 'W/"486-VbtoTmr/557Gidg54Iz9R9WOapY"', 'Vary': 'Accept-Encoding', 'Content-Encoding': 'gzip', 'CF-Cache-Status': 'DYNAMIC', 'Report-To': '{"endpoints":[{"url":"https:\\/\\/a.nel.cloudflare.com\\/report\\/v4?s=Y0XVMuSQq8ihXugp2qGL0kRAglItJKubbzgp3GJLU7Xlgc7faVDsfTreuXGOss3KJK6%2FgAUEELkEUi9tc%2FyYuF3%2FHXa7xVkBmD3rrs54dKbqN3sRvcZ4VUc7KI2KPJ%2Bj"}],"group":"cf-nel","max_age":604800}', 'NEL': '{"success_fraction":0,"report_to":"cf-nel","max_age":604800}', 'Server': 'cloudflare', 'CF-RAY': '8858af9b9a4182ce-IAD', 'alt-svc': 'h3=":443"; ma=86400'} 
 body={"results":[{"gender":"male","name":{"title":"Mr","first":"Glen","last":"Craig"},"location":{"street":{"number":5428,"name":"Hogan St"},"city":"Ontario","state":"Oregon","country":"United States","postcode":18645,"coordinates":{"latitude":"83.1485","longitude":"-49.9011"},"timezone":{"offset":"+1:00","description":"Brussels, Copenhagen, Madrid, Paris"}},"email":"glen.craig@example.com","login":{"uuid":"62785ab1-198f-4d73-a2e8-537907826e42","username":"whitelion421","password":"brady","salt":"gKH9YCn3","md5":"a02162b020ecbeb13bdd3849313a28d0","sha1":"89ef6d876e1f4fc0930f7e09f93670ad27650d1d","sha256":"97371306e626fcf084171209d417aeade144323e960b35c30e7676836fa29d3f"},"dob":{"date":"1956-09-03T06:33:19.757Z","age":67},"registered":{"date":"2012-04-10T17:44:38.080Z","age":12},"phone":"(245) 348-2125","cell":"(458) 292-1615","id":{"name":"SSN","value":"855-80-7962"},"picture":{"large":"https://randomuser.me/api/portraits/men/61.jpg","medium":"https://randomuser.me/api/portraits/med/men/61.jpg","thumbnail":"https://randomuser.me/api/portraits/thumb/men/61.jpg"},"nat":"US"}],"info":{"seed":"ea9b0b52aa953d4d","results":1,"page":1,"version":"1.4"}} 
 </msg>
<msg time="2024-05-18T03:16:00.029860" level="INFO">/opt/hostedtoolcache/Python/3.12.3/x64/lib/python3.12/site-packages/urllib3/connectionpool.py:1103: InsecureRequestWarning: Unverified HTTPS request is being made to host 'randomuser.me'. Adding certificate verification is strongly advised. See: https://urllib3.readthedocs.io/en/latest/advanced-usage.html#tls-warnings
  warnings.warn(</msg>
<msg time="2024-05-18T03:16:00.029992" level="INFO">${response} = &lt;Response [200]&gt;</msg>
<var>${response}</var>
<arg>consultarAPI</arg>
<arg>/api</arg>
<doc>Sends a GET request on a previously created HTTP Session.</doc>
<status status="PASS" start="2024-05-18T03:15:59.933255" elapsed="0.096777"/>
</kw>
<kw name="Set Variable" owner="BuiltIn">
<msg time="2024-05-18T03:16:00.031255" level="INFO">${json_data} = {'results': [{'gender': 'male', 'name': {'title': 'Mr', 'first': 'Glen', 'last': 'Craig'}, 'location': {'street': {'number': 5428, 'name': 'Hogan St'}, 'city': 'Ontario', 'state': 'Oregon', 'country':...</msg>
<var>${json_data}</var>
<arg>${response.json()}</arg>
<doc>Returns the given values which can then be assigned to a variables.</doc>
<status status="PASS" start="2024-05-18T03:16:00.030666" elapsed="0.000618"/>
</kw>
<kw name="Log" owner="BuiltIn">
<msg time="2024-05-18T03:16:00.031751" level="INFO">{'results': [{'gender': 'male', 'name': {'title': 'Mr', 'first': 'Glen', 'last': 'Craig'}, 'location': {'street': {'number': 5428, 'name': 'Hogan St'}, 'city': 'Ontario', 'state': 'Oregon', 'country': 'United States', 'postcode': 18645, 'coordinates': {'latitude': '83.1485', 'longitude': '-49.9011'}, 'timezone': {'offset': '+1:00', 'description': 'Brussels, Copenhagen, Madrid, Paris'}}, 'email': 'glen.craig@example.com', 'login': {'uuid': '62785ab1-198f-4d73-a2e8-537907826e42', 'username': 'whitelion421', 'password': 'brady', 'salt': 'gKH9YCn3', 'md5': 'a02162b020ecbeb13bdd3849313a28d0', 'sha1': '89ef6d876e1f4fc0930f7e09f93670ad27650d1d', 'sha256': '97371306e626fcf084171209d417aeade144323e960b35c30e7676836fa29d3f'}, 'dob': {'date': '1956-09-03T06:33:19.757Z', 'age': 67}, 'registered': {'date': '2012-04-10T17:44:38.080Z', 'age': 12}, 'phone': '(245) 348-2125', 'cell': '(458) 292-1615', 'id': {'name': 'SSN', 'value': '855-80-7962'}, 'picture': {'large': 'https://randomuser.me/api/portraits/men/61.jpg', 'medium': 'https://randomuser.me/api/portraits/med/men/61.jpg', 'thumbnail': 'https://randomuser.me/api/portraits/thumb/men/61.jpg'}, 'nat': 'US'}], 'info': {'seed': 'ea9b0b52aa953d4d', 'results': 1, 'page': 1, 'version': '1.4'}}</msg>
<arg>${json_data}</arg>
<doc>Logs the given message with the given level.</doc>
<status status="PASS" start="2024-05-18T03:16:00.031596" elapsed="0.000238"/>
</kw>
<kw name="Should Be Equal As Numbers" owner="BuiltIn">
<arg>${json_data['results'][0]['location']['postcode']}</arg>
<arg>${json_data['results'][0]['location']['postcode']}</arg>
<doc>Fails if objects are unequal after converting them to real numbers.</doc>
<status status="PASS" start="2024-05-18T03:16:00.032143" elapsed="0.000857"/>
</kw>
<kw name="Log" owner="BuiltIn">
<msg time="2024-05-18T03:16:00.033535" level="INFO">18645</msg>
<arg>${json_data['results'][0]['location']['postcode']}</arg>
<doc>Logs the given message with the given level.</doc>
<status status="PASS" start="2024-05-18T03:16:00.033199" elapsed="0.000377"/>
</kw>
<status status="PASS" start="2024-05-18T03:15:59.933020" elapsed="0.100817"/>
</kw>
<doc>Testa se os tipos de dados na resposta da API estão corretos.</doc>
<tag>testeTiposDados</tag>
<status status="PASS" start="2024-05-18T03:15:59.855295" elapsed="0.178716"/>
</test>
<test id="s1-s1-t5" name="Validar conteudo" line="35">
<kw name="Teste de Tipos de Conteudo" owner="random-user-service">
<kw name="GET On Session" owner="RequestsLibrary">
<msg time="2024-05-18T03:16:00.131985" level="INFO">GET Request : url=https://randomuser.me/api 
 path_url=/api 
 headers={'User-Agent': 'python-requests/2.31.0', 'Accept-Encoding': 'gzip, deflate', 'Accept': '*/*', 'Connection': 'keep-alive'} 
 body=None 
 </msg>
<msg time="2024-05-18T03:16:00.132096" level="INFO">GET Response : url=https://randomuser.me/api 
 status=200, reason=OK 
 headers={'Date': 'Sat, 18 May 2024 03:16:00 GMT', 'Content-Type': 'application/json; charset=utf-8', 'Transfer-Encoding': 'chunked', 'Connection': 'keep-alive', 'X-Powered-By': 'Express', 'Access-Control-Allow-Origin': '*', 'Cache-Control': 'no-cache', 'ETag': 'W/"4a5-JjeBGrrQoFugFP+8nCTkC7as1IA"', 'Vary': 'Accept-Encoding', 'Content-Encoding': 'gzip', 'CF-Cache-Status': 'DYNAMIC', 'Report-To': '{"endpoints":[{"url":"https:\\/\\/a.nel.cloudflare.com\\/report\\/v4?s=LhK7WwxELv93jTT0VZa6tBuE%2FhJSVTZUloa6dq1grhw8vmpQAjT972ObUon0qY6wdopky1ZwLPqjhSiTjYyQK2LVzxSPR4Z1bVO7cXz9px0jnvKY3S9NfGBsdbRYo7Zw"}],"group":"cf-nel","max_age":604800}', 'NEL': '{"success_fraction":0,"report_to":"cf-nel","max_age":604800}', 'Server': 'cloudflare', 'CF-RAY': '8858af9c3aea82ce-IAD', 'alt-svc': 'h3=":443"; ma=86400'} 
 body={"results":[{"gender":"female","name":{"title":"Madame","first":"Catia","last":"Caron"},"location":{"street":{"number":9550,"name":"Rue Barrier"},"city":"Ossingen","state":"Solothurn","country":"Switzerland","postcode":6752,"coordinates":{"latitude":"-63.0576","longitude":"48.3025"},"timezone":{"offset":"-6:00","description":"Central Time (US &amp; Canada), Mexico City"}},"email":"catia.caron@example.com","login":{"uuid":"2233f6aa-07a3-4171-b3a9-ba0d8aaaad31","username":"organicostrich681","password":"pandora","salt":"EOngChln","md5":"bf8581cd1c96e8de43f6aece0b55a3d1","sha1":"8329e214113430d988a2fa9f3ba1cd2483dc72fa","sha256":"559bc04ee0f7d573d8a215d496f4873106a7c1d9932f500d5b34febc8cec52a4"},"dob":{"date":"1945-09-09T16:23:49.047Z","age":78},"registered":{"date":"2019-01-08T08:46:38.169Z","age":5},"phone":"078 682 11 76","cell":"076 192 78 74","id":{"name":"AVS","value":"756.5692.4932.09"},"picture":{"large":"https://randomuser.me/api/portraits/women/49.jpg","medium":"https://randomuser.me/api/portraits/med/women/49.jpg","thumbnail":"https://randomuser.me/api/portraits/thumb/women/49.jpg"},"nat":"CH"}],"info":{"seed":"92c051b61909a581","results":1,"page":1,"version":"1.4"}} 
 </msg>
<msg time="2024-05-18T03:16:00.132170" level="INFO">/opt/hostedtoolcache/Python/3.12.3/x64/lib/python3.12/site-packages/urllib3/connectionpool.py:1103: InsecureRequestWarning: Unverified HTTPS request is being made to host 'randomuser.me'. Adding certificate verification is strongly advised. See: https://urllib3.readthedocs.io/en/latest/advanced-usage.html#tls-warnings
  warnings.warn(</msg>
<msg time="2024-05-18T03:16:00.132284" level="INFO">${response} = &lt;Response [200]&gt;</msg>
<var>${response}</var>
<arg>consultarAPI</arg>
<arg>/api</arg>
<doc>Sends a GET request on a previously created HTTP Session.</doc>
<status status="PASS" start="2024-05-18T03:16:00.036569" elapsed="0.095743"/>
</kw>
<kw name="Set Variable" owner="BuiltIn">
<msg time="2024-05-18T03:16:00.133424" level="INFO">${json_data} = {'results': [{'gender': 'female', 'name': {'title': 'Madame', 'first': 'Catia', 'last': 'Caron'}, 'location': {'street': {'number': 9550, 'name': 'Rue Barrier'}, 'city': 'Ossingen', 'state': 'Solothur...</msg>
<var>${json_data}</var>
<arg>${response.json()}</arg>
<doc>Returns the given values which can then be assigned to a variables.</doc>
<status status="PASS" start="2024-05-18T03:16:00.132916" elapsed="0.000538"/>
</kw>
<kw name="Set Variable" owner="BuiltIn">
<msg time="2024-05-18T03:16:00.134147" level="INFO">${name_title} = Madame</msg>
<var>${name_title}</var>
<arg>${json_data["results"][0]["name"]["title"]}</arg>
<doc>Returns the given values which can then be assigned to a variables.</doc>
<status status="PASS" start="2024-05-18T03:16:00.133761" elapsed="0.000412"/>
</kw>
<kw name="Create List" owner="BuiltIn">
<msg time="2024-05-18T03:16:00.134624" level="INFO">${allowed_titles} = ['Mr', 'Ms', 'Miss', 'Mrs', 'Madame', 'Monsieur']</msg>
<var>${allowed_titles}</var>
<arg>Mr</arg>
<arg>Ms</arg>
<arg>Miss</arg>
<arg>Mrs</arg>
<arg>Madame</arg>
<arg>Monsieur</arg>
<doc>Returns a list containing given items.</doc>
<status status="PASS" start="2024-05-18T03:16:00.134476" elapsed="0.000172"/>
</kw>
<kw name="List Should Contain Value" owner="Collections">
<msg time="2024-05-18T03:16:00.135120" level="INFO">False</msg>
<arg>${allowed_titles}</arg>
<arg>${name_title}</arg>
<doc>Fails if the ``value`` is not found from ``list``.</doc>
<status status="PASS" start="2024-05-18T03:16:00.134946" elapsed="0.000210"/>
</kw>
<kw name="Set Variable" owner="BuiltIn">
<msg time="2024-05-18T03:16:00.135831" level="INFO">${name_country} = CH</msg>
<var>${name_country}</var>
<arg>${json_data["results"][0]["nat"]}</arg>
<doc>Returns the given values which can then be assigned to a variables.</doc>
<status status="PASS" start="2024-05-18T03:16:00.135456" elapsed="0.000400"/>
</kw>
<kw name="Create List" owner="BuiltIn">
<msg time="2024-05-18T03:16:00.136784" level="INFO">${list_country} = ['AD', 'AE', 'AF', 'AG', 'AI', 'AL', 'AM', 'AO', 'AQ', 'AR', 'AS', 'AT', 'AU', 'AW', 'AX', 'AZ', 'BA', 'BB', 'BD', 'BE', 'BF', 'BG', 'BH', 'BI', 'BJ', 'BL', 'BM', 'BN', 'BO', 'BQ', 'BR', 'BS', 'BT', '...</msg>
<var>${list_country}</var>
<arg>AD</arg>
<arg>AE</arg>
<arg>AF</arg>
<arg>AG</arg>
<arg>AI</arg>
<arg>AL</arg>
<arg>AM</arg>
<arg>AO</arg>
<arg>AQ</arg>
<arg>AR</arg>
<arg>AS</arg>
<arg>AT</arg>
<arg>AU</arg>
<arg>AW</arg>
<arg>AX</arg>
<arg>AZ</arg>
<arg>BA</arg>
<arg>BB</arg>
<arg>BD</arg>
<arg>BE</arg>
<arg>BF</arg>
<arg>BG</arg>
<arg>BH</arg>
<arg>BI</arg>
<arg>BJ</arg>
<arg>BL</arg>
<arg>BM</arg>
<arg>BN</arg>
<arg>BO</arg>
<arg>BQ</arg>
<arg>BR</arg>
<arg>BS</arg>
<arg>BT</arg>
<arg>BV</arg>
<arg>BW</arg>
<arg>BY</arg>
<arg>BZ</arg>
<arg>CA</arg>
<arg>CC</arg>
<arg>CD</arg>
<arg>CF</arg>
<arg>CG</arg>
<arg>CH</arg>
<arg>CI</arg>
<arg>CK</arg>
<arg>CL</arg>
<arg>CM</arg>
<arg>CN</arg>
<arg>CO</arg>
<arg>CR</arg>
<arg>CU</arg>
<arg>CV</arg>
<arg>CW</arg>
<arg>CX</arg>
<arg>CY</arg>
<arg>CZ</arg>
<arg>DE</arg>
<arg>DJ</arg>
<arg>DK</arg>
<arg>DM</arg>
<arg>DO</arg>
<arg>DZ</arg>
<arg>EC</arg>
<arg>EE</arg>
<arg>EG</arg>
<arg>EH</arg>
<arg>ER</arg>
<arg>ES</arg>
<arg>ET</arg>
<arg>FI</arg>
<arg>FJ</arg>
<arg>FK</arg>
<arg>FM</arg>
<arg>FO</arg>
<arg>FR</arg>
<arg>GA</arg>
<arg>GB</arg>
<arg>GD</arg>
<arg>GE</arg>
<arg>GF</arg>
<arg>GG</arg>
<arg>GH</arg>
<arg>GI</arg>
<arg>GL</arg>
<arg>GM</arg>
<arg>GN</arg>
<arg>GP</arg>
<arg>GQ</arg>
<arg>GR</arg>
<arg>GS</arg>
<arg>GT</arg>
<arg>GU</arg>
<arg>GW</arg>
<arg>GY</arg>
<arg>HK</arg>
<arg>HM</arg>
<arg>HN</arg>
<arg>HR</arg>
<arg>HT</arg>
<arg>HU</arg>
<arg>ID</arg>
<arg>IE</arg>
<arg>IL</arg>
<arg>IM</arg>
<arg>IN</arg>
<arg>IO</arg>
<arg>IQ</arg>
<arg>IR</arg>
<arg>IS</arg>
<arg>IT</arg>
<arg>JE</arg>
<arg>JM</arg>
<arg>JO</arg>
<arg>JP</arg>
<arg>KE</arg>
<arg>KG</arg>
<arg>KH</arg>
<arg>KI</arg>
<arg>KM</arg>
<arg>KN</arg>
<arg>KP</arg>
<arg>KR</arg>
<arg>KW</arg>
<arg>KY</arg>
<arg>KZ</arg>
<arg>LA</arg>
<arg>LB</arg>
<arg>LC</arg>
<arg>LI</arg>
<arg>LK</arg>
<arg>LR</arg>
<arg>LS</arg>
<arg>LT</arg>
<arg>LU</arg>
<arg>LV</arg>
<arg>LY</arg>
<arg>MA</arg>
<arg>MC</arg>
<arg>MD</arg>
<arg>ME</arg>
<arg>MF</arg>
<arg>MG</arg>
<arg>MH</arg>
<arg>MK</arg>
<arg>ML</arg>
<arg>MM</arg>
<arg>MN</arg>
<arg>MO</arg>
<arg>MP</arg>
<arg>MQ</arg>
<arg>MR</arg>
<arg>MS</arg>
<arg>MT</arg>
<arg>MU</arg>
<arg>MV</arg>
<arg>MW</arg>
<arg>MX</arg>
<arg>MY</arg>
<arg>MZ</arg>
<arg>NA</arg>
<arg>NC</arg>
<arg>NE</arg>
<arg>NF</arg>
<arg>NG</arg>
<arg>NI</arg>
<arg>NL</arg>
<arg>NO</arg>
<arg>NP</arg>
<arg>NR</arg>
<arg>NU</arg>
<arg>NZ</arg>
<arg>OM</arg>
<arg>PA</arg>
<arg>PE</arg>
<arg>PF</arg>
<arg>PG</arg>
<arg>PH</arg>
<arg>PK</arg>
<arg>PL</arg>
<arg>PM</arg>
<arg>PN</arg>
<arg>PR</arg>
<arg>PS</arg>
<arg>PT</arg>
<arg>PW</arg>
<arg>PY</arg>
<arg>QA</arg>
<arg>RE</arg>
<arg>RO</arg>
<arg>RS</arg>
<arg>RU</arg>
<arg>RW</arg>
<arg>SA</arg>
<arg>SB</arg>
<arg>SC</arg>
<arg>SD</arg>
<arg>SE</arg>
<arg>SG</arg>
<arg>SH</arg>
<arg>SI</arg>
<arg>SJ</arg>
<arg>SK</arg>
<arg>SL</arg>
<arg>SM</arg>
<arg>SN</arg>
<arg>SO</arg>
<arg>SR</arg>
<arg>SS</arg>
<arg>ST</arg>
<arg>SV</arg>
<arg>SX</arg>
<arg>SY</arg>
<arg>SZ</arg>
<arg>TC</arg>
<arg>TD</arg>
<arg>TF</arg>
<arg>TG</arg>
<arg>TH</arg>
<arg>TJ</arg>
<arg>TK</arg>
<arg>TL</arg>
<arg>TM</arg>
<arg>TN</arg>
<arg>TO</arg>
<arg>TR</arg>
<arg>TT</arg>
<arg>TV</arg>
<arg>TW</arg>
<arg>TZ</arg>
<arg>UA</arg>
<arg>UG</arg>
<arg>UM</arg>
<arg>US</arg>
<arg>UY</arg>
<arg>UZ</arg>
<arg>VA</arg>
<arg>VC</arg>
<arg>VE</arg>
<arg>VG</arg>
<arg>VI</arg>
<arg>VN</arg>
<arg>VU</arg>
<arg>WF</arg>
<arg>WS</arg>
<arg>XK</arg>
<arg>YE</arg>
<arg>YT</arg>
<arg>ZA</arg>
<arg>ZM</arg>
<arg>ZW</arg>
<doc>Returns a list containing given items.</doc>
<status status="PASS" start="2024-05-18T03:16:00.136156" elapsed="0.000656"/>
</kw>
<kw name="List Should Contain Value" owner="Collections">
<msg time="2024-05-18T03:16:00.137796" level="INFO">False</msg>
<arg>${list_country}</arg>
<arg>${name_country}</arg>
<doc>Fails if the ``value`` is not found from ``list``.</doc>
<status status="PASS" start="2024-05-18T03:16:00.137598" elapsed="0.000235"/>
</kw>
<kw name="Run Keyword If" owner="BuiltIn">
<kw name="Should Be True" owner="BuiltIn">
<arg>${True}</arg>
<doc>Fails if the given condition is not true.</doc>
<status status="PASS" start="2024-05-18T03:16:00.138894" elapsed="0.000143"/>
</kw>
<arg>${json_data["results"][0]["location"]["coordinates"]["latitude"]} &gt;= -90 and ${json_data["results"][0]["location"]["coordinates"]["latitude"]} &lt;= 90</arg>
<arg>Should Be True</arg>
<arg>${True}</arg>
<doc>Runs the given keyword with the given arguments, if ``condition`` is true.</doc>
<status status="PASS" start="2024-05-18T03:16:00.138146" elapsed="0.001018"/>
</kw>
<kw name="Run Keyword If" owner="BuiltIn">
<kw name="Should Be True" owner="BuiltIn">
<arg>${True}</arg>
<doc>Fails if the given condition is not true.</doc>
<status status="PASS" start="2024-05-18T03:16:00.140040" elapsed="0.000254"/>
</kw>
<arg>${json_data["results"][0]["location"]["coordinates"]["longitude"]} &gt;= -180 and ${json_data["results"][0]["location"]["coordinates"]["longitude"]} &lt;= 180</arg>
<arg>Should Be True</arg>
<arg>${True}</arg>
<doc>Runs the given keyword with the given arguments, if ``condition`` is true.</doc>
<status status="PASS" start="2024-05-18T03:16:00.139349" elapsed="0.001072"/>
</kw>
<status status="PASS" start="2024-05-18T03:16:00.036335" elapsed="0.104220"/>
</kw>
<doc>Testa o conteúdo específico dos campos retornados pela API.</doc>
<tag>testeConteudo</tag>
<status status="PASS" start="2024-05-18T03:16:00.035781" elapsed="0.104960"/>
</test>
<status status="PASS" start="2024-05-18T03:15:59.313155" elapsed="0.829504"/>
</suite>
<status status="PASS" start="2024-05-18T03:15:59.298101" elapsed="0.849650"/>
</suite>
<statistics>
<total>
<stat pass="5" fail="0" skip="0">All Tests</stat>
</total>
<tag>
<stat pass="1" fail="0" skip="0">testeConteudo</stat>
<stat pass="1" fail="0" skip="0">testeEstruturaResposta</stat>
<stat pass="1" fail="0" skip="0">testeRequisicaoBasica</stat>
<stat pass="1" fail="0" skip="0">testeTiposDados</stat>
</tag>
<suite>
<stat pass="5" fail="0" skip="0" id="s1" name="Tests">Tests</stat>
<stat pass="5" fail="0" skip="0" id="s1-s1" name="Random-User-Test">Tests.Random-User-Test</stat>
</suite>
</statistics>
<errors>
</errors>
</robot>
