<?xml version="1.0" encoding="UTF-8"?>
<robot generator="Robot 7.0.1 (Python 3.12.4 on linux)" generated="2024-08-10T10:16:45.479133" rpa="false" schemaversion="5">
<suite id="s1" name="Tests" source="/home/runner/work/ApiRandomUser/ApiRandomUser/RamdonUser/tests">
<suite id="s1-s1" name="Random-User-Test" source="/home/runner/work/ApiRandomUser/ApiRandomUser/RamdonUser/tests/random-user-test.robot">
<test id="s1-s1-t1" name="Conectar" line="13">
<kw name="Conectar API" owner="random-user-service">
<kw name="Create Session" owner="RequestsLibrary">
<msg time="2024-08-10T10:16:45.873048" level="INFO">Creating Session using : alias=consultarAPI, url=https://randomuser.me/, headers={},                     cookies={}, auth=None, timeout=None, proxies=None, verify=False,                     debug=0 </msg>
<arg>consultarAPI</arg>
<arg>${URL}</arg>
<doc>Create Session: create a HTTP session to a server</doc>
<status status="PASS" start="2024-08-10T10:16:45.872860" elapsed="0.000350"/>
</kw>
<status status="PASS" start="2024-08-10T10:16:45.871874" elapsed="0.001678"/>
</kw>
<status status="PASS" start="2024-08-10T10:16:45.871365" elapsed="0.002379"/>
</test>
<test id="s1-s1-t2" name="Validar retorno 200 e JSON Válido" line="16">
<kw name="Teste de Requisicao Basica" owner="random-user-service">
<kw name="GET On Session" owner="RequestsLibrary">
<msg time="2024-08-10T10:16:46.611011" level="INFO">GET Request : url=https://randomuser.me/api 
 path_url=/api 
 headers={'User-Agent': 'python-requests/2.32.3', 'Accept-Encoding': 'gzip, deflate', 'Accept': '*/*', 'Connection': 'keep-alive'} 
 body=None 
 </msg>
<msg time="2024-08-10T10:16:46.611131" level="INFO">GET Response : url=https://randomuser.me/api 
 status=200, reason=OK 
 headers={'Date': 'Sat, 10 Aug 2024 10:16:46 GMT', 'Content-Type': 'application/json; charset=utf-8', 'Transfer-Encoding': 'chunked', 'Connection': 'keep-alive', 'X-Powered-By': 'Express', 'Access-Control-Allow-Origin': '*', 'Cache-Control': 'no-cache', 'ETag': 'W/"4a3-jI57jjBZTEqKtIKYRMSwI4V1v7c"', 'Vary': 'Accept-Encoding', 'Content-Encoding': 'gzip', 'CF-Cache-Status': 'DYNAMIC', 'Report-To': '{"endpoints":[{"url":"https:\\/\\/a.nel.cloudflare.com\\/report\\/v4?s=w0QkGFNr1kxZVIM3b36MzltJjPyvEmK6J5FxFMoJdUJztTL%2FeOE3R8tMucTDYVRPIYYN17fe7bwmWwdA0rJURSf3m8nm1wr0GiBuo87nL7FHf7oqHTzv11rKLgvkRVLa"}],"group":"cf-nel","max_age":604800}', 'NEL': '{"success_fraction":0,"report_to":"cf-nel","max_age":604800}', 'Server': 'cloudflare', 'CF-RAY': '8b0f3b778b43cfb8-SJC', 'alt-svc': 'h3=":443"; ma=86400'} 
 body={"results":[{"gender":"female","name":{"title":"Miss","first":"Aada","last":"Saarela"},"location":{"street":{"number":8272,"name":"Verkatehtaankatu"},"city":"Lumijoki","state":"Åland","country":"Finland","postcode":16335,"coordinates":{"latitude":"-21.5900","longitude":"148.7128"},"timezone":{"offset":"-5:00","description":"Eastern Time (US &amp; Canada), Bogota, Lima"}},"email":"aada.saarela@example.com","login":{"uuid":"0c34df7f-10c0-406a-b2d7-dad7e3028144","username":"heavyswan693","password":"skywalker","salt":"dVacyNSj","md5":"5bf489a782d7f7ab2b280fe6971ff7bd","sha1":"a2b64497cdb07ba1ed98f18bda6db3f0a00da816","sha256":"fd01daf15503c8237fdbbd6edd0895d58247f228d8e317ebdfb53b12412fcfaa"},"dob":{"date":"1991-08-21T22:03:27.174Z","age":32},"registered":{"date":"2011-03-06T23:48:52.802Z","age":13},"phone":"03-015-022","cell":"043-355-42-11","id":{"name":"HETU","value":"NaNNA022undefined"},"picture":{"large":"https://randomuser.me/api/portraits/women/88.jpg","medium":"https://randomuser.me/api/portraits/med/women/88.jpg","thumbnail":"https://randomuser.me/api/portraits/thumb/women/88.jpg"},"nat":"FI"}],"info":{"seed":"4486bf8cd2ca2778","results":1,"page":1,"version":"1.4"}} 
 </msg>
<msg time="2024-08-10T10:16:46.611206" level="INFO">/opt/hostedtoolcache/Python/3.12.4/x64/lib/python3.12/site-packages/urllib3/connectionpool.py:1099: InsecureRequestWarning: Unverified HTTPS request is being made to host 'randomuser.me'. Adding certificate verification is strongly advised. See: https://urllib3.readthedocs.io/en/latest/advanced-usage.html#tls-warnings
  warnings.warn(</msg>
<msg time="2024-08-10T10:16:46.611322" level="INFO">${response} = &lt;Response [200]&gt;</msg>
<var>${response}</var>
<arg>consultarAPI</arg>
<arg>/api</arg>
<doc>Sends a GET request on a previously created HTTP Session.</doc>
<status status="PASS" start="2024-08-10T10:16:45.876332" elapsed="0.735032"/>
</kw>
<kw name="Should Be Equal As Numbers" owner="BuiltIn">
<msg time="2024-08-10T10:16:46.612408" level="INFO">Argument types are:
&lt;class 'int'&gt;
&lt;class 'str'&gt;</msg>
<arg>${response.status_code}</arg>
<arg>200</arg>
<doc>Fails if objects are unequal after converting them to real numbers.</doc>
<status status="PASS" start="2024-08-10T10:16:46.611906" elapsed="0.000564"/>
</kw>
<kw name="Log" owner="BuiltIn">
<msg time="2024-08-10T10:16:46.613130" level="INFO">200</msg>
<arg>${response.status_code}</arg>
<doc>Logs the given message with the given level.</doc>
<status status="PASS" start="2024-08-10T10:16:46.612787" elapsed="0.000386"/>
</kw>
<kw name="Set Variable" owner="BuiltIn">
<msg time="2024-08-10T10:16:46.613912" level="INFO">${json_data} = {'results': [{'gender': 'female', 'name': {'title': 'Miss', 'first': 'Aada', 'last': 'Saarela'}, 'location': {'street': {'number': 8272, 'name': 'Verkatehtaankatu'}, 'city': 'Lumijoki', 'state': 'Ålan...</msg>
<var>${json_data}</var>
<arg>${response.json()}</arg>
<doc>Returns the given values which can then be assigned to a variables.</doc>
<status status="PASS" start="2024-08-10T10:16:46.613479" elapsed="0.000461"/>
</kw>
<kw name="Dictionary Should Contain Key" owner="Collections">
<arg>${json_data}</arg>
<arg>results</arg>
<doc>Fails if ``key`` is not found from ``dictionary``.</doc>
<status status="PASS" start="2024-08-10T10:16:46.614239" elapsed="0.000332"/>
</kw>
<status status="PASS" start="2024-08-10T10:16:45.876091" elapsed="0.738643"/>
</kw>
<doc>Testa se a API responde corretamente e retorna um objeto JSON válido.</doc>
<tag>testeRequisicaoBasica</tag>
<status status="PASS" start="2024-08-10T10:16:45.875645" elapsed="0.739254"/>
</test>
<test id="s1-s1-t3" name="Validar estrutura de resposta" line="22">
<kw name="Teste de Estrutura de Resposta" owner="random-user-service">
<kw name="GET On Session" owner="RequestsLibrary">
<msg time="2024-08-10T10:16:46.704067" level="INFO">GET Request : url=https://randomuser.me/api 
 path_url=/api 
 headers={'User-Agent': 'python-requests/2.32.3', 'Accept-Encoding': 'gzip, deflate', 'Accept': '*/*', 'Connection': 'keep-alive'} 
 body=None 
 </msg>
<msg time="2024-08-10T10:16:46.704153" level="INFO">GET Response : url=https://randomuser.me/api 
 status=200, reason=OK 
 headers={'Date': 'Sat, 10 Aug 2024 10:16:46 GMT', 'Content-Type': 'application/json; charset=utf-8', 'Transfer-Encoding': 'chunked', 'Connection': 'keep-alive', 'X-Powered-By': 'Express', 'Access-Control-Allow-Origin': '*', 'Cache-Control': 'no-cache', 'ETag': 'W/"480-FP5rlSuv28cbyr1Bal+mwV1iN2o"', 'Vary': 'Accept-Encoding', 'Content-Encoding': 'gzip', 'CF-Cache-Status': 'DYNAMIC', 'Report-To': '{"endpoints":[{"url":"https:\\/\\/a.nel.cloudflare.com\\/report\\/v4?s=ZgxakJh1faZX%2FtM5PtzS92Z8%2BEkHBWGsN3fClaR27IFb7V4pA3mQ6gqUOdaFpD1YyhcuPnqoqFMoWoECD8tUxgM6Yi9MHjazLCX0RBY6%2B%2BiOEOJZ2r17a1YBU61QcSyQ"}],"group":"cf-nel","max_age":604800}', 'NEL': '{"success_fraction":0,"report_to":"cf-nel","max_age":604800}', 'Server': 'cloudflare', 'CF-RAY': '8b0f3b7b5d69cfb8-SJC', 'alt-svc': 'h3=":443"; ma=86400'} 
 body={"results":[{"gender":"female","name":{"title":"Ms","first":"Lene","last":"Løvlien"},"location":{"street":{"number":3917,"name":"Josefines gate"},"city":"Rypefjord","state":"Oslo","country":"Norway","postcode":"5453","coordinates":{"latitude":"44.3963","longitude":"65.3220"},"timezone":{"offset":"-7:00","description":"Mountain Time (US &amp; Canada)"}},"email":"lene.lovlien@example.com","login":{"uuid":"88e366a9-0470-4426-9809-80d786778c57","username":"purpleleopard141","password":"4040","salt":"sEbqlzhH","md5":"1b92c8abced68d5ac39db752ee4e56eb","sha1":"51b4aef68cf47cb60c2941f715617505f6b64a32","sha256":"5ecb7447319c51338b93e99366b03b51f15b5cafe7b2c2a28acae70298a0f19f"},"dob":{"date":"1991-11-07T10:14:38.770Z","age":32},"registered":{"date":"2011-08-17T07:02:11.027Z","age":12},"phone":"54457343","cell":"97536678","id":{"name":"FN","value":"07119102663"},"picture":{"large":"https://randomuser.me/api/portraits/women/53.jpg","medium":"https://randomuser.me/api/portraits/med/women/53.jpg","thumbnail":"https://randomuser.me/api/portraits/thumb/women/53.jpg"},"nat":"NO"}],"info":{"seed":"7dbd80f2a1a96077","results":1,"page":1,"version":"1.4"}} 
 </msg>
<msg time="2024-08-10T10:16:46.704249" level="INFO">/opt/hostedtoolcache/Python/3.12.4/x64/lib/python3.12/site-packages/urllib3/connectionpool.py:1099: InsecureRequestWarning: Unverified HTTPS request is being made to host 'randomuser.me'. Adding certificate verification is strongly advised. See: https://urllib3.readthedocs.io/en/latest/advanced-usage.html#tls-warnings
  warnings.warn(</msg>
<msg time="2024-08-10T10:16:46.704344" level="INFO">${response} = &lt;Response [200]&gt;</msg>
<var>${response}</var>
<arg>consultarAPI</arg>
<arg>/api</arg>
<doc>Sends a GET request on a previously created HTTP Session.</doc>
<status status="PASS" start="2024-08-10T10:16:46.617484" elapsed="0.086900"/>
</kw>
<kw name="Set Variable" owner="BuiltIn">
<msg time="2024-08-10T10:16:46.705384" level="INFO">${json_data} = {'results': [{'gender': 'female', 'name': {'title': 'Ms', 'first': 'Lene', 'last': 'Løvlien'}, 'location': {'street': {'number': 3917, 'name': 'Josefines gate'}, 'city': 'Rypefjord', 'state': 'Oslo', ...</msg>
<var>${json_data}</var>
<arg>${response.json()}</arg>
<doc>Returns the given values which can then be assigned to a variables.</doc>
<status status="PASS" start="2024-08-10T10:16:46.704827" elapsed="0.000586"/>
</kw>
<kw name="Log" owner="BuiltIn">
<msg time="2024-08-10T10:16:46.705876" level="INFO">{'results': [{'gender': 'female', 'name': {'title': 'Ms', 'first': 'Lene', 'last': 'Løvlien'}, 'location': {'street': {'number': 3917, 'name': 'Josefines gate'}, 'city': 'Rypefjord', 'state': 'Oslo', 'country': 'Norway', 'postcode': '5453', 'coordinates': {'latitude': '44.3963', 'longitude': '65.3220'}, 'timezone': {'offset': '-7:00', 'description': 'Mountain Time (US &amp; Canada)'}}, 'email': 'lene.lovlien@example.com', 'login': {'uuid': '88e366a9-0470-4426-9809-80d786778c57', 'username': 'purpleleopard141', 'password': '4040', 'salt': 'sEbqlzhH', 'md5': '1b92c8abced68d5ac39db752ee4e56eb', 'sha1': '51b4aef68cf47cb60c2941f715617505f6b64a32', 'sha256': '5ecb7447319c51338b93e99366b03b51f15b5cafe7b2c2a28acae70298a0f19f'}, 'dob': {'date': '1991-11-07T10:14:38.770Z', 'age': 32}, 'registered': {'date': '2011-08-17T07:02:11.027Z', 'age': 12}, 'phone': '54457343', 'cell': '97536678', 'id': {'name': 'FN', 'value': '07119102663'}, 'picture': {'large': 'https://randomuser.me/api/portraits/women/53.jpg', 'medium': 'https://randomuser.me/api/portraits/med/women/53.jpg', 'thumbnail': 'https://randomuser.me/api/portraits/thumb/women/53.jpg'}, 'nat': 'NO'}], 'info': {'seed': '7dbd80f2a1a96077', 'results': 1, 'page': 1, 'version': '1.4'}}</msg>
<arg>${json_data}</arg>
<doc>Logs the given message with the given level.</doc>
<status status="PASS" start="2024-08-10T10:16:46.705718" elapsed="0.000208"/>
</kw>
<kw name="Dictionary Should Contain Key" owner="Collections">
<arg>${json_data}</arg>
<arg>results</arg>
<doc>Fails if ``key`` is not found from ``dictionary``.</doc>
<status status="PASS" start="2024-08-10T10:16:46.706215" elapsed="0.000158"/>
</kw>
<kw name="Should Not Be Empty" owner="BuiltIn">
<msg time="2024-08-10T10:16:46.706728" level="INFO">Length is 2.</msg>
<arg>${json_data}</arg>
<doc>Verifies that the given item is not empty.</doc>
<status status="PASS" start="2024-08-10T10:16:46.706590" elapsed="0.000176"/>
</kw>
<kw name="Create List" owner="BuiltIn">
<msg time="2024-08-10T10:16:46.707204" level="INFO">${expected_keys} = ['gender', 'name', 'location', 'email', 'login']</msg>
<var>${expected_keys}</var>
<arg>gender</arg>
<arg>name</arg>
<arg>location</arg>
<arg>email</arg>
<arg>login</arg>
<doc>Returns a list containing given items.</doc>
<status status="PASS" start="2024-08-10T10:16:46.707052" elapsed="0.000176"/>
</kw>
<for flavor="IN">
<iter>
<kw name="Dictionary Should Contain Key" owner="Collections">
<arg>${json_data['results'][0]}</arg>
<arg>${key}</arg>
<doc>Fails if ``key`` is not found from ``dictionary``.</doc>
<status status="PASS" start="2024-08-10T10:16:46.707782" elapsed="0.000408"/>
</kw>
<kw name="Log" owner="BuiltIn">
<msg time="2024-08-10T10:16:46.708752" level="INFO">{'gender': 'female', 'name': {'title': 'Ms', 'first': 'Lene', 'last': 'Løvlien'}, 'location': {'street': {'number': 3917, 'name': 'Josefines gate'}, 'city': 'Rypefjord', 'state': 'Oslo', 'country': 'Norway', 'postcode': '5453', 'coordinates': {'latitude': '44.3963', 'longitude': '65.3220'}, 'timezone': {'offset': '-7:00', 'description': 'Mountain Time (US &amp; Canada)'}}, 'email': 'lene.lovlien@example.com', 'login': {'uuid': '88e366a9-0470-4426-9809-80d786778c57', 'username': 'purpleleopard141', 'password': '4040', 'salt': 'sEbqlzhH', 'md5': '1b92c8abced68d5ac39db752ee4e56eb', 'sha1': '51b4aef68cf47cb60c2941f715617505f6b64a32', 'sha256': '5ecb7447319c51338b93e99366b03b51f15b5cafe7b2c2a28acae70298a0f19f'}, 'dob': {'date': '1991-11-07T10:14:38.770Z', 'age': 32}, 'registered': {'date': '2011-08-17T07:02:11.027Z', 'age': 12}, 'phone': '54457343', 'cell': '97536678', 'id': {'name': 'FN', 'value': '07119102663'}, 'picture': {'large': 'https://randomuser.me/api/portraits/women/53.jpg', 'medium': 'https://randomuser.me/api/portraits/med/women/53.jpg', 'thumbnail': 'https://randomuser.me/api/portraits/thumb/women/53.jpg'}, 'nat': 'NO'}</msg>
<arg>${json_data['results'][0]}</arg>
<doc>Logs the given message with the given level.</doc>
<status status="PASS" start="2024-08-10T10:16:46.708390" elapsed="0.000423"/>
</kw>
<kw name="Log" owner="BuiltIn">
<msg time="2024-08-10T10:16:46.709237" level="INFO">gender</msg>
<arg>${key}</arg>
<doc>Logs the given message with the given level.</doc>
<status status="PASS" start="2024-08-10T10:16:46.709107" elapsed="0.000167"/>
</kw>
<var name="${key}">gender</var>
<status status="PASS" start="2024-08-10T10:16:46.707661" elapsed="0.001829"/>
</iter>
<iter>
<kw name="Dictionary Should Contain Key" owner="Collections">
<arg>${json_data['results'][0]}</arg>
<arg>${key}</arg>
<doc>Fails if ``key`` is not found from ``dictionary``.</doc>
<status status="PASS" start="2024-08-10T10:16:46.709785" elapsed="0.000399"/>
</kw>
<kw name="Log" owner="BuiltIn">
<msg time="2024-08-10T10:16:46.710760" level="INFO">{'gender': 'female', 'name': {'title': 'Ms', 'first': 'Lene', 'last': 'Løvlien'}, 'location': {'street': {'number': 3917, 'name': 'Josefines gate'}, 'city': 'Rypefjord', 'state': 'Oslo', 'country': 'Norway', 'postcode': '5453', 'coordinates': {'latitude': '44.3963', 'longitude': '65.3220'}, 'timezone': {'offset': '-7:00', 'description': 'Mountain Time (US &amp; Canada)'}}, 'email': 'lene.lovlien@example.com', 'login': {'uuid': '88e366a9-0470-4426-9809-80d786778c57', 'username': 'purpleleopard141', 'password': '4040', 'salt': 'sEbqlzhH', 'md5': '1b92c8abced68d5ac39db752ee4e56eb', 'sha1': '51b4aef68cf47cb60c2941f715617505f6b64a32', 'sha256': '5ecb7447319c51338b93e99366b03b51f15b5cafe7b2c2a28acae70298a0f19f'}, 'dob': {'date': '1991-11-07T10:14:38.770Z', 'age': 32}, 'registered': {'date': '2011-08-17T07:02:11.027Z', 'age': 12}, 'phone': '54457343', 'cell': '97536678', 'id': {'name': 'FN', 'value': '07119102663'}, 'picture': {'large': 'https://randomuser.me/api/portraits/women/53.jpg', 'medium': 'https://randomuser.me/api/portraits/med/women/53.jpg', 'thumbnail': 'https://randomuser.me/api/portraits/thumb/women/53.jpg'}, 'nat': 'NO'}</msg>
<arg>${json_data['results'][0]}</arg>
<doc>Logs the given message with the given level.</doc>
<status status="PASS" start="2024-08-10T10:16:46.710368" elapsed="0.000478"/>
</kw>
<kw name="Log" owner="BuiltIn">
<msg time="2024-08-10T10:16:46.711279" level="INFO">name</msg>
<arg>${key}</arg>
<doc>Logs the given message with the given level.</doc>
<status status="PASS" start="2024-08-10T10:16:46.711149" elapsed="0.000167"/>
</kw>
<var name="${key}">name</var>
<status status="PASS" start="2024-08-10T10:16:46.709668" elapsed="0.001864"/>
</iter>
<iter>
<kw name="Dictionary Should Contain Key" owner="Collections">
<arg>${json_data['results'][0]}</arg>
<arg>${key}</arg>
<doc>Fails if ``key`` is not found from ``dictionary``.</doc>
<status status="PASS" start="2024-08-10T10:16:46.711816" elapsed="0.000381"/>
</kw>
<kw name="Log" owner="BuiltIn">
<msg time="2024-08-10T10:16:46.712723" level="INFO">{'gender': 'female', 'name': {'title': 'Ms', 'first': 'Lene', 'last': 'Løvlien'}, 'location': {'street': {'number': 3917, 'name': 'Josefines gate'}, 'city': 'Rypefjord', 'state': 'Oslo', 'country': 'Norway', 'postcode': '5453', 'coordinates': {'latitude': '44.3963', 'longitude': '65.3220'}, 'timezone': {'offset': '-7:00', 'description': 'Mountain Time (US &amp; Canada)'}}, 'email': 'lene.lovlien@example.com', 'login': {'uuid': '88e366a9-0470-4426-9809-80d786778c57', 'username': 'purpleleopard141', 'password': '4040', 'salt': 'sEbqlzhH', 'md5': '1b92c8abced68d5ac39db752ee4e56eb', 'sha1': '51b4aef68cf47cb60c2941f715617505f6b64a32', 'sha256': '5ecb7447319c51338b93e99366b03b51f15b5cafe7b2c2a28acae70298a0f19f'}, 'dob': {'date': '1991-11-07T10:14:38.770Z', 'age': 32}, 'registered': {'date': '2011-08-17T07:02:11.027Z', 'age': 12}, 'phone': '54457343', 'cell': '97536678', 'id': {'name': 'FN', 'value': '07119102663'}, 'picture': {'large': 'https://randomuser.me/api/portraits/women/53.jpg', 'medium': 'https://randomuser.me/api/portraits/med/women/53.jpg', 'thumbnail': 'https://randomuser.me/api/portraits/thumb/women/53.jpg'}, 'nat': 'NO'}</msg>
<arg>${json_data['results'][0]}</arg>
<doc>Logs the given message with the given level.</doc>
<status status="PASS" start="2024-08-10T10:16:46.712377" elapsed="0.000397"/>
</kw>
<kw name="Log" owner="BuiltIn">
<msg time="2024-08-10T10:16:46.713206" level="INFO">location</msg>
<arg>${key}</arg>
<doc>Logs the given message with the given level.</doc>
<status status="PASS" start="2024-08-10T10:16:46.713078" elapsed="0.000165"/>
</kw>
<var name="${key}">location</var>
<status status="PASS" start="2024-08-10T10:16:46.711706" elapsed="0.001755"/>
</iter>
<iter>
<kw name="Dictionary Should Contain Key" owner="Collections">
<arg>${json_data['results'][0]}</arg>
<arg>${key}</arg>
<doc>Fails if ``key`` is not found from ``dictionary``.</doc>
<status status="PASS" start="2024-08-10T10:16:46.713735" elapsed="0.000386"/>
</kw>
<kw name="Log" owner="BuiltIn">
<msg time="2024-08-10T10:16:46.714799" level="INFO">{'gender': 'female', 'name': {'title': 'Ms', 'first': 'Lene', 'last': 'Løvlien'}, 'location': {'street': {'number': 3917, 'name': 'Josefines gate'}, 'city': 'Rypefjord', 'state': 'Oslo', 'country': 'Norway', 'postcode': '5453', 'coordinates': {'latitude': '44.3963', 'longitude': '65.3220'}, 'timezone': {'offset': '-7:00', 'description': 'Mountain Time (US &amp; Canada)'}}, 'email': 'lene.lovlien@example.com', 'login': {'uuid': '88e366a9-0470-4426-9809-80d786778c57', 'username': 'purpleleopard141', 'password': '4040', 'salt': 'sEbqlzhH', 'md5': '1b92c8abced68d5ac39db752ee4e56eb', 'sha1': '51b4aef68cf47cb60c2941f715617505f6b64a32', 'sha256': '5ecb7447319c51338b93e99366b03b51f15b5cafe7b2c2a28acae70298a0f19f'}, 'dob': {'date': '1991-11-07T10:14:38.770Z', 'age': 32}, 'registered': {'date': '2011-08-17T07:02:11.027Z', 'age': 12}, 'phone': '54457343', 'cell': '97536678', 'id': {'name': 'FN', 'value': '07119102663'}, 'picture': {'large': 'https://randomuser.me/api/portraits/women/53.jpg', 'medium': 'https://randomuser.me/api/portraits/med/women/53.jpg', 'thumbnail': 'https://randomuser.me/api/portraits/thumb/women/53.jpg'}, 'nat': 'NO'}</msg>
<arg>${json_data['results'][0]}</arg>
<doc>Logs the given message with the given level.</doc>
<status status="PASS" start="2024-08-10T10:16:46.714409" elapsed="0.000441"/>
</kw>
<kw name="Log" owner="BuiltIn">
<msg time="2024-08-10T10:16:46.715279" level="INFO">email</msg>
<arg>${key}</arg>
<doc>Logs the given message with the given level.</doc>
<status status="PASS" start="2024-08-10T10:16:46.715149" elapsed="0.000168"/>
</kw>
<var name="${key}">email</var>
<status status="PASS" start="2024-08-10T10:16:46.713629" elapsed="0.001902"/>
</iter>
<iter>
<kw name="Dictionary Should Contain Key" owner="Collections">
<arg>${json_data['results'][0]}</arg>
<arg>${key}</arg>
<doc>Fails if ``key`` is not found from ``dictionary``.</doc>
<status status="PASS" start="2024-08-10T10:16:46.715811" elapsed="0.000371"/>
</kw>
<kw name="Log" owner="BuiltIn">
<msg time="2024-08-10T10:16:46.716707" level="INFO">{'gender': 'female', 'name': {'title': 'Ms', 'first': 'Lene', 'last': 'Løvlien'}, 'location': {'street': {'number': 3917, 'name': 'Josefines gate'}, 'city': 'Rypefjord', 'state': 'Oslo', 'country': 'Norway', 'postcode': '5453', 'coordinates': {'latitude': '44.3963', 'longitude': '65.3220'}, 'timezone': {'offset': '-7:00', 'description': 'Mountain Time (US &amp; Canada)'}}, 'email': 'lene.lovlien@example.com', 'login': {'uuid': '88e366a9-0470-4426-9809-80d786778c57', 'username': 'purpleleopard141', 'password': '4040', 'salt': 'sEbqlzhH', 'md5': '1b92c8abced68d5ac39db752ee4e56eb', 'sha1': '51b4aef68cf47cb60c2941f715617505f6b64a32', 'sha256': '5ecb7447319c51338b93e99366b03b51f15b5cafe7b2c2a28acae70298a0f19f'}, 'dob': {'date': '1991-11-07T10:14:38.770Z', 'age': 32}, 'registered': {'date': '2011-08-17T07:02:11.027Z', 'age': 12}, 'phone': '54457343', 'cell': '97536678', 'id': {'name': 'FN', 'value': '07119102663'}, 'picture': {'large': 'https://randomuser.me/api/portraits/women/53.jpg', 'medium': 'https://randomuser.me/api/portraits/med/women/53.jpg', 'thumbnail': 'https://randomuser.me/api/portraits/thumb/women/53.jpg'}, 'nat': 'NO'}</msg>
<arg>${json_data['results'][0]}</arg>
<doc>Logs the given message with the given level.</doc>
<status status="PASS" start="2024-08-10T10:16:46.716361" elapsed="0.000395"/>
</kw>
<kw name="Log" owner="BuiltIn">
<msg time="2024-08-10T10:16:46.717176" level="INFO">login</msg>
<arg>${key}</arg>
<doc>Logs the given message with the given level.</doc>
<status status="PASS" start="2024-08-10T10:16:46.717047" elapsed="0.000166"/>
</kw>
<var name="${key}">login</var>
<status status="PASS" start="2024-08-10T10:16:46.715702" elapsed="0.001727"/>
</iter>
<var>${key}</var>
<value>@{expected_keys}</value>
<status status="PASS" start="2024-08-10T10:16:46.707484" elapsed="0.010063"/>
</for>
<kw name="Create List" owner="BuiltIn">
<msg time="2024-08-10T10:16:46.717867" level="INFO">${expected_keysTwo} = ['username', 'password']</msg>
<var>${expected_keysTwo}</var>
<arg>username</arg>
<arg>password</arg>
<doc>Returns a list containing given items.</doc>
<status status="PASS" start="2024-08-10T10:16:46.717733" elapsed="0.000157"/>
</kw>
<for flavor="IN">
<iter>
<kw name="Dictionary Should Contain Key" owner="Collections">
<arg>${json_data['results'][0]['login']}</arg>
<arg>${keyTwo}</arg>
<doc>Fails if ``key`` is not found from ``dictionary``.</doc>
<status status="PASS" start="2024-08-10T10:16:46.718410" elapsed="0.000420"/>
</kw>
<kw name="Dictionary Should Contain Key" owner="Collections">
<arg>${json_data['results'][0]['login']}</arg>
<arg>${keyTwo}</arg>
<doc>Fails if ``key`` is not found from ``dictionary``.</doc>
<status status="PASS" start="2024-08-10T10:16:46.719011" elapsed="0.000374"/>
</kw>
<kw name="Log" owner="BuiltIn">
<msg time="2024-08-10T10:16:46.719681" level="INFO">username</msg>
<arg>${keyTwo}</arg>
<doc>Logs the given message with the given level.</doc>
<status status="PASS" start="2024-08-10T10:16:46.719562" elapsed="0.000156"/>
</kw>
<var name="${keyTwo}">username</var>
<status status="PASS" start="2024-08-10T10:16:46.718303" elapsed="0.001641"/>
</iter>
<iter>
<kw name="Dictionary Should Contain Key" owner="Collections">
<arg>${json_data['results'][0]['login']}</arg>
<arg>${keyTwo}</arg>
<doc>Fails if ``key`` is not found from ``dictionary``.</doc>
<status status="PASS" start="2024-08-10T10:16:46.720220" elapsed="0.000385"/>
</kw>
<kw name="Dictionary Should Contain Key" owner="Collections">
<arg>${json_data['results'][0]['login']}</arg>
<arg>${keyTwo}</arg>
<doc>Fails if ``key`` is not found from ``dictionary``.</doc>
<status status="PASS" start="2024-08-10T10:16:46.720784" elapsed="0.000366"/>
</kw>
<kw name="Log" owner="BuiltIn">
<msg time="2024-08-10T10:16:46.721443" level="INFO">password</msg>
<arg>${keyTwo}</arg>
<doc>Logs the given message with the given level.</doc>
<status status="PASS" start="2024-08-10T10:16:46.721325" elapsed="0.000155"/>
</kw>
<var name="${keyTwo}">password</var>
<status status="PASS" start="2024-08-10T10:16:46.720114" elapsed="0.001585"/>
</iter>
<var>${keyTwo}</var>
<value>@{expected_keysTwo}</value>
<status status="PASS" start="2024-08-10T10:16:46.718151" elapsed="0.003670"/>
</for>
<status status="PASS" start="2024-08-10T10:16:46.617257" elapsed="0.104700"/>
</kw>
<doc>Testa a estrutura da resposta da API.</doc>
<tag>testeEstruturaResposta</tag>
<status status="PASS" start="2024-08-10T10:16:46.616684" elapsed="0.105418"/>
</test>
<test id="s1-s1-t4" name="Validar tipos de dados" line="28">
<kw name="Teste de Tipos de Dados" owner="random-user-service">
<kw name="GET On Session" owner="RequestsLibrary">
<msg time="2024-08-10T10:16:46.824744" level="INFO">GET Request : url=https://randomuser.me/api 
 path_url=/api 
 headers={'User-Agent': 'python-requests/2.32.3', 'Accept-Encoding': 'gzip, deflate', 'Accept': '*/*', 'Connection': 'keep-alive'} 
 body=None 
 </msg>
<msg time="2024-08-10T10:16:46.824838" level="INFO">GET Response : url=https://randomuser.me/api 
 status=200, reason=OK 
 headers={'Date': 'Sat, 10 Aug 2024 10:16:46 GMT', 'Content-Type': 'application/json; charset=utf-8', 'Transfer-Encoding': 'chunked', 'Connection': 'keep-alive', 'X-Powered-By': 'Express', 'Access-Control-Allow-Origin': '*', 'Cache-Control': 'no-cache', 'ETag': 'W/"488-RBlhUkvkvlU3SCNbgO3CCUYyyFg"', 'Vary': 'Accept-Encoding', 'Content-Encoding': 'gzip', 'CF-Cache-Status': 'DYNAMIC', 'Report-To': '{"endpoints":[{"url":"https:\\/\\/a.nel.cloudflare.com\\/report\\/v4?s=HJaWhikfsC7waCxNoY2IKfwIQbHuPYfnnf4txeZfZ%2Bb33%2BEp0wuUnZtVpbc33uQxqEXybU0%2BrmLCdEravAqqppxGzZqFbedO7ikdZOmNqnYq89wKa9X2cCTq7emdRWNp"}],"group":"cf-nel","max_age":604800}', 'NEL': '{"success_fraction":0,"report_to":"cf-nel","max_age":604800}', 'Server': 'cloudflare', 'CF-RAY': '8b0f3b7c0dc9cfb8-SJC', 'alt-svc': 'h3=":443"; ma=86400'} 
 body={"results":[{"gender":"male","name":{"title":"Mr","first":"Sammy","last":"Taylor"},"location":{"street":{"number":5010,"name":"The Drive"},"city":"Longford","state":"Kilkenny","country":"Ireland","postcode":82415,"coordinates":{"latitude":"3.0320","longitude":"-33.2276"},"timezone":{"offset":"+11:00","description":"Magadan, Solomon Islands, New Caledonia"}},"email":"sammy.taylor@example.com","login":{"uuid":"def8e97c-1e52-4b5a-b493-59b4e067673d","username":"organicduck387","password":"cornell","salt":"h6ukUvMm","md5":"8687e83479521cceafec020c06d0d3a0","sha1":"4c0cff990010dcc3d60a787a217f2f11ddfd1253","sha256":"22a1c362d727083faf6adafddcfb9b263bf7570131a33fe2a8bbd5ab46c276a4"},"dob":{"date":"1977-04-27T14:42:31.059Z","age":47},"registered":{"date":"2016-08-19T03:32:23.021Z","age":7},"phone":"071-034-4418","cell":"081-956-8818","id":{"name":"PPS","value":"8418891T"},"picture":{"large":"https://randomuser.me/api/portraits/men/25.jpg","medium":"https://randomuser.me/api/portraits/med/men/25.jpg","thumbnail":"https://randomuser.me/api/portraits/thumb/men/25.jpg"},"nat":"IE"}],"info":{"seed":"167ce8b1993a3905","results":1,"page":1,"version":"1.4"}} 
 </msg>
<msg time="2024-08-10T10:16:46.824911" level="INFO">/opt/hostedtoolcache/Python/3.12.4/x64/lib/python3.12/site-packages/urllib3/connectionpool.py:1099: InsecureRequestWarning: Unverified HTTPS request is being made to host 'randomuser.me'. Adding certificate verification is strongly advised. See: https://urllib3.readthedocs.io/en/latest/advanced-usage.html#tls-warnings
  warnings.warn(</msg>
<msg time="2024-08-10T10:16:46.825026" level="INFO">${response} = &lt;Response [200]&gt;</msg>
<var>${response}</var>
<arg>consultarAPI</arg>
<arg>/api</arg>
<doc>Sends a GET request on a previously created HTTP Session.</doc>
<status status="PASS" start="2024-08-10T10:16:46.724595" elapsed="0.100485"/>
</kw>
<kw name="Set Variable" owner="BuiltIn">
<msg time="2024-08-10T10:16:46.826138" level="INFO">${json_data} = {'results': [{'gender': 'male', 'name': {'title': 'Mr', 'first': 'Sammy', 'last': 'Taylor'}, 'location': {'street': {'number': 5010, 'name': 'The Drive'}, 'city': 'Longford', 'state': 'Kilkenny', 'cou...</msg>
<var>${json_data}</var>
<arg>${response.json()}</arg>
<doc>Returns the given values which can then be assigned to a variables.</doc>
<status status="PASS" start="2024-08-10T10:16:46.825585" elapsed="0.000582"/>
</kw>
<kw name="Log" owner="BuiltIn">
<msg time="2024-08-10T10:16:46.826669" level="INFO">{'results': [{'gender': 'male', 'name': {'title': 'Mr', 'first': 'Sammy', 'last': 'Taylor'}, 'location': {'street': {'number': 5010, 'name': 'The Drive'}, 'city': 'Longford', 'state': 'Kilkenny', 'country': 'Ireland', 'postcode': 82415, 'coordinates': {'latitude': '3.0320', 'longitude': '-33.2276'}, 'timezone': {'offset': '+11:00', 'description': 'Magadan, Solomon Islands, New Caledonia'}}, 'email': 'sammy.taylor@example.com', 'login': {'uuid': 'def8e97c-1e52-4b5a-b493-59b4e067673d', 'username': 'organicduck387', 'password': 'cornell', 'salt': 'h6ukUvMm', 'md5': '8687e83479521cceafec020c06d0d3a0', 'sha1': '4c0cff990010dcc3d60a787a217f2f11ddfd1253', 'sha256': '22a1c362d727083faf6adafddcfb9b263bf7570131a33fe2a8bbd5ab46c276a4'}, 'dob': {'date': '1977-04-27T14:42:31.059Z', 'age': 47}, 'registered': {'date': '2016-08-19T03:32:23.021Z', 'age': 7}, 'phone': '071-034-4418', 'cell': '081-956-8818', 'id': {'name': 'PPS', 'value': '8418891T'}, 'picture': {'large': 'https://randomuser.me/api/portraits/men/25.jpg', 'medium': 'https://randomuser.me/api/portraits/med/men/25.jpg', 'thumbnail': 'https://randomuser.me/api/portraits/thumb/men/25.jpg'}, 'nat': 'IE'}], 'info': {'seed': '167ce8b1993a3905', 'results': 1, 'page': 1, 'version': '1.4'}}</msg>
<arg>${json_data}</arg>
<doc>Logs the given message with the given level.</doc>
<status status="PASS" start="2024-08-10T10:16:46.826471" elapsed="0.000244"/>
</kw>
<kw name="Should Be String" owner="String">
<arg>${json_data['results'][0]['gender']}</arg>
<doc>Fails if the given ``item`` is not a string.</doc>
<status status="PASS" start="2024-08-10T10:16:46.827008" elapsed="0.000358"/>
</kw>
<kw name="Should Match Regexp" owner="BuiltIn">
<arg>${json_data['results'][0]['email']}</arg>
<arg>^[a-zA-Z0-9._%+-]+@[a-zA-Z0-9.-]+\.[a-zA-Z]{2,}$</arg>
<doc>Fails if ``string`` does not match ``pattern`` as a regular expression.</doc>
<status status="PASS" start="2024-08-10T10:16:46.827557" elapsed="0.000503"/>
</kw>
<kw name="Should Match Regexp" owner="BuiltIn">
<arg>${json_data['results'][0]['dob']['date']}</arg>
<arg>\\d{4}-\\d{2}-\\d{2}T\\d{2}:\\d{2}:\\d{2}\\.\\d{3}Z</arg>
<doc>Fails if ``string`` does not match ``pattern`` as a regular expression.</doc>
<status status="PASS" start="2024-08-10T10:16:46.828285" elapsed="0.000596"/>
</kw>
<kw name="Should Match Regexp" owner="BuiltIn">
<arg>${json_data['results'][0]['registered']['date']}</arg>
<arg>\\d{4}-\\d{2}-\\d{2}T\\d{2}:\\d{2}:\\d{2}\\.\\d{3}Z</arg>
<doc>Fails if ``string`` does not match ``pattern`` as a regular expression.</doc>
<status status="PASS" start="2024-08-10T10:16:46.829076" elapsed="0.000371"/>
</kw>
<kw name="Should Match Regexp" owner="BuiltIn">
<arg>${json_data['results'][0]['picture']['large']}</arg>
<arg>^https?://.*\.(?:png|jpe?g|gif|bmp)$</arg>
<doc>Fails if ``string`` does not match ``pattern`` as a regular expression.</doc>
<status status="PASS" start="2024-08-10T10:16:46.829632" elapsed="0.000459"/>
</kw>
<kw name="Should Match Regexp" owner="BuiltIn">
<arg>${json_data['results'][0]['picture']['medium']}</arg>
<arg>^https?://.*\.(?:png|jpe?g|gif|bmp)$</arg>
<doc>Fails if ``string`` does not match ``pattern`` as a regular expression.</doc>
<status status="PASS" start="2024-08-10T10:16:46.830278" elapsed="0.000384"/>
</kw>
<kw name="Should Match Regexp" owner="BuiltIn">
<arg>${json_data['results'][0]['picture']['thumbnail']}</arg>
<arg>^https?://.*\.(?:png|jpe?g|gif|bmp)$</arg>
<doc>Fails if ``string`` does not match ``pattern`` as a regular expression.</doc>
<status status="PASS" start="2024-08-10T10:16:46.830846" elapsed="0.000352"/>
</kw>
<kw name="Log" owner="BuiltIn">
<msg time="2024-08-10T10:16:46.831698" level="INFO">{'large': 'https://randomuser.me/api/portraits/men/25.jpg', 'medium': 'https://randomuser.me/api/portraits/med/men/25.jpg', 'thumbnail': 'https://randomuser.me/api/portraits/thumb/men/25.jpg'}</msg>
<arg>${json_data['results'][0]['picture']}</arg>
<doc>Logs the given message with the given level.</doc>
<status status="PASS" start="2024-08-10T10:16:46.831377" elapsed="0.000362"/>
</kw>
<status status="PASS" start="2024-08-10T10:16:46.724378" elapsed="0.107614"/>
</kw>
<kw name="Teste de Tipos de Dados - Postcode" owner="random-user-service">
<kw name="GET On Session" owner="RequestsLibrary">
<msg time="2024-08-10T10:16:46.930054" level="INFO">GET Request : url=https://randomuser.me/api 
 path_url=/api 
 headers={'User-Agent': 'python-requests/2.32.3', 'Accept-Encoding': 'gzip, deflate', 'Accept': '*/*', 'Connection': 'keep-alive'} 
 body=None 
 </msg>
<msg time="2024-08-10T10:16:46.930138" level="INFO">GET Response : url=https://randomuser.me/api 
 status=200, reason=OK 
 headers={'Date': 'Sat, 10 Aug 2024 10:16:46 GMT', 'Content-Type': 'application/json; charset=utf-8', 'Transfer-Encoding': 'chunked', 'Connection': 'keep-alive', 'X-Powered-By': 'Express', 'Access-Control-Allow-Origin': '*', 'Cache-Control': 'no-cache', 'ETag': 'W/"49a-8Yvu6rOyaqWYGvscwoU6kDLGf5k"', 'Vary': 'Accept-Encoding', 'Content-Encoding': 'gzip', 'cf-cache-status': 'DYNAMIC', 'Report-To': '{"endpoints":[{"url":"https:\\/\\/a.nel.cloudflare.com\\/report\\/v4?s=c7JN1altUlHMsZO4aSMfXGoSbhqAjpK0XaMhwPjGXS1guVM7Vx09pWWsEktN91yPJDRi%2B1o919PwGUJqwu8vSCjXq4Bumw52L3RybT2dUQoFNo0P1FH%2F210sRixLReYZ"}],"group":"cf-nel","max_age":604800}', 'NEL': '{"success_fraction":0,"report_to":"cf-nel","max_age":604800}', 'Server': 'cloudflare', 'CF-RAY': '8b0f3b7cbe2dcfb8-SJC', 'alt-svc': 'h3=":443"; ma=86400'} 
 body={"results":[{"gender":"female","name":{"title":"Mrs","first":"Aada","last":"Pollari"},"location":{"street":{"number":8288,"name":"Satakennankatu"},"city":"Äänekoski","state":"Southern Ostrobothnia","country":"Finland","postcode":30500,"coordinates":{"latitude":"-27.6617","longitude":"76.8778"},"timezone":{"offset":"-11:00","description":"Midway Island, Samoa"}},"email":"aada.pollari@example.com","login":{"uuid":"0b70dcfb-3117-474f-b5f3-9c350e6427cc","username":"bluemeercat798","password":"wolfen","salt":"gfCDq9Qx","md5":"0e4edbb74a9f661a96b634d62cd0ed5e","sha1":"67df27a7037dc5f145f23da7f182bbf2a5976c7a","sha256":"5a1d74de9059271c27dbed7aa3bb51071cfed7a79668ff34d7ce951071c71516"},"dob":{"date":"1955-07-05T23:46:43.737Z","age":69},"registered":{"date":"2009-03-27T04:26:44.488Z","age":15},"phone":"09-321-477","cell":"047-048-69-64","id":{"name":"HETU","value":"NaNNA652undefined"},"picture":{"large":"https://randomuser.me/api/portraits/women/0.jpg","medium":"https://randomuser.me/api/portraits/med/women/0.jpg","thumbnail":"https://randomuser.me/api/portraits/thumb/women/0.jpg"},"nat":"FI"}],"info":{"seed":"d0bd040acebcc4df","results":1,"page":1,"version":"1.4"}} 
 </msg>
<msg time="2024-08-10T10:16:46.930211" level="INFO">/opt/hostedtoolcache/Python/3.12.4/x64/lib/python3.12/site-packages/urllib3/connectionpool.py:1099: InsecureRequestWarning: Unverified HTTPS request is being made to host 'randomuser.me'. Adding certificate verification is strongly advised. See: https://urllib3.readthedocs.io/en/latest/advanced-usage.html#tls-warnings
  warnings.warn(</msg>
<msg time="2024-08-10T10:16:46.930327" level="INFO">${response} = &lt;Response [200]&gt;</msg>
<var>${response}</var>
<arg>consultarAPI</arg>
<arg>/api</arg>
<doc>Sends a GET request on a previously created HTTP Session.</doc>
<status status="PASS" start="2024-08-10T10:16:46.832410" elapsed="0.097958"/>
</kw>
<kw name="Set Variable" owner="BuiltIn">
<msg time="2024-08-10T10:16:46.931257" level="INFO">${json_data} = {'results': [{'gender': 'female', 'name': {'title': 'Mrs', 'first': 'Aada', 'last': 'Pollari'}, 'location': {'street': {'number': 8288, 'name': 'Satakennankatu'}, 'city': 'Äänekoski', 'state': 'Southe...</msg>
<var>${json_data}</var>
<arg>${response.json()}</arg>
<doc>Returns the given values which can then be assigned to a variables.</doc>
<status status="PASS" start="2024-08-10T10:16:46.930806" elapsed="0.000481"/>
</kw>
<kw name="Log" owner="BuiltIn">
<msg time="2024-08-10T10:16:46.931742" level="INFO">{'results': [{'gender': 'female', 'name': {'title': 'Mrs', 'first': 'Aada', 'last': 'Pollari'}, 'location': {'street': {'number': 8288, 'name': 'Satakennankatu'}, 'city': 'Äänekoski', 'state': 'Southern Ostrobothnia', 'country': 'Finland', 'postcode': 30500, 'coordinates': {'latitude': '-27.6617', 'longitude': '76.8778'}, 'timezone': {'offset': '-11:00', 'description': 'Midway Island, Samoa'}}, 'email': 'aada.pollari@example.com', 'login': {'uuid': '0b70dcfb-3117-474f-b5f3-9c350e6427cc', 'username': 'bluemeercat798', 'password': 'wolfen', 'salt': 'gfCDq9Qx', 'md5': '0e4edbb74a9f661a96b634d62cd0ed5e', 'sha1': '67df27a7037dc5f145f23da7f182bbf2a5976c7a', 'sha256': '5a1d74de9059271c27dbed7aa3bb51071cfed7a79668ff34d7ce951071c71516'}, 'dob': {'date': '1955-07-05T23:46:43.737Z', 'age': 69}, 'registered': {'date': '2009-03-27T04:26:44.488Z', 'age': 15}, 'phone': '09-321-477', 'cell': '047-048-69-64', 'id': {'name': 'HETU', 'value': 'NaNNA652undefined'}, 'picture': {'large': 'https://randomuser.me/api/portraits/women/0.jpg', 'medium': 'https://randomuser.me/api/portraits/med/women/0.jpg', 'thumbnail': 'https://randomuser.me/api/portraits/thumb/women/0.jpg'}, 'nat': 'FI'}], 'info': {'seed': 'd0bd040acebcc4df', 'results': 1, 'page': 1, 'version': '1.4'}}</msg>
<arg>${json_data}</arg>
<doc>Logs the given message with the given level.</doc>
<status status="PASS" start="2024-08-10T10:16:46.931589" elapsed="0.000200"/>
</kw>
<kw name="Should Be Equal As Numbers" owner="BuiltIn">
<arg>${json_data['results'][0]['location']['postcode']}</arg>
<arg>${json_data['results'][0]['location']['postcode']}</arg>
<doc>Fails if objects are unequal after converting them to real numbers.</doc>
<status status="PASS" start="2024-08-10T10:16:46.932085" elapsed="0.000609"/>
</kw>
<kw name="Log" owner="BuiltIn">
<msg time="2024-08-10T10:16:46.933222" level="INFO">30500</msg>
<arg>${json_data['results'][0]['location']['postcode']}</arg>
<doc>Logs the given message with the given level.</doc>
<status status="PASS" start="2024-08-10T10:16:46.932881" elapsed="0.000381"/>
</kw>
<status status="PASS" start="2024-08-10T10:16:46.832199" elapsed="0.101339"/>
</kw>
<doc>Testa se os tipos de dados na resposta da API estão corretos.</doc>
<tag>testeTiposDados</tag>
<status status="PASS" start="2024-08-10T10:16:46.723865" elapsed="0.209831"/>
</test>
<test id="s1-s1-t5" name="Validar conteudo" line="35">
<kw name="Teste de Tipos de Conteudo" owner="random-user-service">
<kw name="GET On Session" owner="RequestsLibrary">
<msg time="2024-08-10T10:16:47.028137" level="INFO">GET Request : url=https://randomuser.me/api 
 path_url=/api 
 headers={'User-Agent': 'python-requests/2.32.3', 'Accept-Encoding': 'gzip, deflate', 'Accept': '*/*', 'Connection': 'keep-alive'} 
 body=None 
 </msg>
<msg time="2024-08-10T10:16:47.028222" level="INFO">GET Response : url=https://randomuser.me/api 
 status=200, reason=OK 
 headers={'Date': 'Sat, 10 Aug 2024 10:16:47 GMT', 'Content-Type': 'application/json; charset=utf-8', 'Transfer-Encoding': 'chunked', 'Connection': 'keep-alive', 'X-Powered-By': 'Express', 'Access-Control-Allow-Origin': '*', 'Cache-Control': 'no-cache', 'ETag': 'W/"4a4-yYSC3mas0XmOEcHYjbI3UTqmhZo"', 'Vary': 'Accept-Encoding', 'Content-Encoding': 'gzip', 'cf-cache-status': 'DYNAMIC', 'Report-To': '{"endpoints":[{"url":"https:\\/\\/a.nel.cloudflare.com\\/report\\/v4?s=HVZe%2Fdk4qysW2tFhAHMw1JqEr3OYtsGxAzylhNpe%2FFhzxXyBsJj9lY0k6uGxdUv9on2faAENQj%2BKoLoHdcl3OgKPUa3DjuRcMAW6GVNjj8343H0U3aonTOqiWX5ubzZg"}],"group":"cf-nel","max_age":604800}', 'NEL': '{"success_fraction":0,"report_to":"cf-nel","max_age":604800}', 'Server': 'cloudflare', 'CF-RAY': '8b0f3b7d5e78cfb8-SJC', 'alt-svc': 'h3=":443"; ma=86400'} 
 body={"results":[{"gender":"male","name":{"title":"Mr","first":"Boanerges","last":"Duarte"},"location":{"street":{"number":6747,"name":"Rua Pernambuco "},"city":"Montes Claros","state":"Paraíba","country":"Brazil","postcode":65299,"coordinates":{"latitude":"-74.4958","longitude":"-11.2710"},"timezone":{"offset":"+11:00","description":"Magadan, Solomon Islands, New Caledonia"}},"email":"boanerges.duarte@example.com","login":{"uuid":"36fa8989-58db-444e-b258-0e99355c0d71","username":"goldenlion145","password":"blake","salt":"xHZTtr6U","md5":"5eb71d289a4b764a0ae3534bae2753a4","sha1":"28533a40be5e4cbd9e636848018289aab4596885","sha256":"da3075c991437e64591413a77d86e788aa30c00963ee5de097e87663716c87a3"},"dob":{"date":"1995-11-14T03:14:41.466Z","age":28},"registered":{"date":"2013-11-08T03:43:35.225Z","age":10},"phone":"(23) 3708-4014","cell":"(02) 9469-9558","id":{"name":"CPF","value":"872.188.686-14"},"picture":{"large":"https://randomuser.me/api/portraits/men/58.jpg","medium":"https://randomuser.me/api/portraits/med/men/58.jpg","thumbnail":"https://randomuser.me/api/portraits/thumb/men/58.jpg"},"nat":"BR"}],"info":{"seed":"dcee313e6ead58e7","results":1,"page":1,"version":"1.4"}} 
 </msg>
<msg time="2024-08-10T10:16:47.028296" level="INFO">/opt/hostedtoolcache/Python/3.12.4/x64/lib/python3.12/site-packages/urllib3/connectionpool.py:1099: InsecureRequestWarning: Unverified HTTPS request is being made to host 'randomuser.me'. Adding certificate verification is strongly advised. See: https://urllib3.readthedocs.io/en/latest/advanced-usage.html#tls-warnings
  warnings.warn(</msg>
<msg time="2024-08-10T10:16:47.028407" level="INFO">${response} = &lt;Response [200]&gt;</msg>
<var>${response}</var>
<arg>consultarAPI</arg>
<arg>/api</arg>
<doc>Sends a GET request on a previously created HTTP Session.</doc>
<status status="PASS" start="2024-08-10T10:16:46.936163" elapsed="0.092284"/>
</kw>
<kw name="Set Variable" owner="BuiltIn">
<msg time="2024-08-10T10:16:47.029347" level="INFO">${json_data} = {'results': [{'gender': 'male', 'name': {'title': 'Mr', 'first': 'Boanerges', 'last': 'Duarte'}, 'location': {'street': {'number': 6747, 'name': 'Rua Pernambuco '}, 'city': 'Montes Claros', 'state': '...</msg>
<var>${json_data}</var>
<arg>${response.json()}</arg>
<doc>Returns the given values which can then be assigned to a variables.</doc>
<status status="PASS" start="2024-08-10T10:16:47.028894" elapsed="0.000482"/>
</kw>
<kw name="Set Variable" owner="BuiltIn">
<msg time="2024-08-10T10:16:47.030063" level="INFO">${name_title} = Mr</msg>
<var>${name_title}</var>
<arg>${json_data["results"][0]["name"]["title"]}</arg>
<doc>Returns the given values which can then be assigned to a variables.</doc>
<status status="PASS" start="2024-08-10T10:16:47.029677" elapsed="0.000412"/>
</kw>
<kw name="Create List" owner="BuiltIn">
<msg time="2024-08-10T10:16:47.030574" level="INFO">${allowed_titles} = ['Mr', 'Ms', 'Miss', 'Mrs', 'Madame', 'Monsieur']</msg>
<var>${allowed_titles}</var>
<arg>Mr</arg>
<arg>Ms</arg>
<arg>Miss</arg>
<arg>Mrs</arg>
<arg>Madame</arg>
<arg>Monsieur</arg>
<doc>Returns a list containing given items.</doc>
<status status="PASS" start="2024-08-10T10:16:47.030381" elapsed="0.000228"/>
</kw>
<kw name="List Should Contain Value" owner="Collections">
<arg>${allowed_titles}</arg>
<arg>${name_title}</arg>
<doc>Fails if the ``value`` is not found from ``list``.</doc>
<status status="PASS" start="2024-08-10T10:16:47.030910" elapsed="0.000171"/>
</kw>
<kw name="Set Variable" owner="BuiltIn">
<msg time="2024-08-10T10:16:47.031640" level="INFO">${name_country} = BR</msg>
<var>${name_country}</var>
<arg>${json_data["results"][0]["nat"]}</arg>
<doc>Returns the given values which can then be assigned to a variables.</doc>
<status status="PASS" start="2024-08-10T10:16:47.031266" elapsed="0.000399"/>
</kw>
<kw name="Create List" owner="BuiltIn">
<msg time="2024-08-10T10:16:47.032561" level="INFO">${list_country} = ['AD', 'AE', 'AF', 'AG', 'AI', 'AL', 'AM', 'AO', 'AQ', 'AR', 'AS', 'AT', 'AU', 'AW', 'AX', 'AZ', 'BA', 'BB', 'BD', 'BE', 'BF', 'BG', 'BH', 'BI', 'BJ', 'BL', 'BM', 'BN', 'BO', 'BQ', 'BR', 'BS', 'BT', '...</msg>
<var>${list_country}</var>
<arg>AD</arg>
<arg>AE</arg>
<arg>AF</arg>
<arg>AG</arg>
<arg>AI</arg>
<arg>AL</arg>
<arg>AM</arg>
<arg>AO</arg>
<arg>AQ</arg>
<arg>AR</arg>
<arg>AS</arg>
<arg>AT</arg>
<arg>AU</arg>
<arg>AW</arg>
<arg>AX</arg>
<arg>AZ</arg>
<arg>BA</arg>
<arg>BB</arg>
<arg>BD</arg>
<arg>BE</arg>
<arg>BF</arg>
<arg>BG</arg>
<arg>BH</arg>
<arg>BI</arg>
<arg>BJ</arg>
<arg>BL</arg>
<arg>BM</arg>
<arg>BN</arg>
<arg>BO</arg>
<arg>BQ</arg>
<arg>BR</arg>
<arg>BS</arg>
<arg>BT</arg>
<arg>BV</arg>
<arg>BW</arg>
<arg>BY</arg>
<arg>BZ</arg>
<arg>CA</arg>
<arg>CC</arg>
<arg>CD</arg>
<arg>CF</arg>
<arg>CG</arg>
<arg>CH</arg>
<arg>CI</arg>
<arg>CK</arg>
<arg>CL</arg>
<arg>CM</arg>
<arg>CN</arg>
<arg>CO</arg>
<arg>CR</arg>
<arg>CU</arg>
<arg>CV</arg>
<arg>CW</arg>
<arg>CX</arg>
<arg>CY</arg>
<arg>CZ</arg>
<arg>DE</arg>
<arg>DJ</arg>
<arg>DK</arg>
<arg>DM</arg>
<arg>DO</arg>
<arg>DZ</arg>
<arg>EC</arg>
<arg>EE</arg>
<arg>EG</arg>
<arg>EH</arg>
<arg>ER</arg>
<arg>ES</arg>
<arg>ET</arg>
<arg>FI</arg>
<arg>FJ</arg>
<arg>FK</arg>
<arg>FM</arg>
<arg>FO</arg>
<arg>FR</arg>
<arg>GA</arg>
<arg>GB</arg>
<arg>GD</arg>
<arg>GE</arg>
<arg>GF</arg>
<arg>GG</arg>
<arg>GH</arg>
<arg>GI</arg>
<arg>GL</arg>
<arg>GM</arg>
<arg>GN</arg>
<arg>GP</arg>
<arg>GQ</arg>
<arg>GR</arg>
<arg>GS</arg>
<arg>GT</arg>
<arg>GU</arg>
<arg>GW</arg>
<arg>GY</arg>
<arg>HK</arg>
<arg>HM</arg>
<arg>HN</arg>
<arg>HR</arg>
<arg>HT</arg>
<arg>HU</arg>
<arg>ID</arg>
<arg>IE</arg>
<arg>IL</arg>
<arg>IM</arg>
<arg>IN</arg>
<arg>IO</arg>
<arg>IQ</arg>
<arg>IR</arg>
<arg>IS</arg>
<arg>IT</arg>
<arg>JE</arg>
<arg>JM</arg>
<arg>JO</arg>
<arg>JP</arg>
<arg>KE</arg>
<arg>KG</arg>
<arg>KH</arg>
<arg>KI</arg>
<arg>KM</arg>
<arg>KN</arg>
<arg>KP</arg>
<arg>KR</arg>
<arg>KW</arg>
<arg>KY</arg>
<arg>KZ</arg>
<arg>LA</arg>
<arg>LB</arg>
<arg>LC</arg>
<arg>LI</arg>
<arg>LK</arg>
<arg>LR</arg>
<arg>LS</arg>
<arg>LT</arg>
<arg>LU</arg>
<arg>LV</arg>
<arg>LY</arg>
<arg>MA</arg>
<arg>MC</arg>
<arg>MD</arg>
<arg>ME</arg>
<arg>MF</arg>
<arg>MG</arg>
<arg>MH</arg>
<arg>MK</arg>
<arg>ML</arg>
<arg>MM</arg>
<arg>MN</arg>
<arg>MO</arg>
<arg>MP</arg>
<arg>MQ</arg>
<arg>MR</arg>
<arg>MS</arg>
<arg>MT</arg>
<arg>MU</arg>
<arg>MV</arg>
<arg>MW</arg>
<arg>MX</arg>
<arg>MY</arg>
<arg>MZ</arg>
<arg>NA</arg>
<arg>NC</arg>
<arg>NE</arg>
<arg>NF</arg>
<arg>NG</arg>
<arg>NI</arg>
<arg>NL</arg>
<arg>NO</arg>
<arg>NP</arg>
<arg>NR</arg>
<arg>NU</arg>
<arg>NZ</arg>
<arg>OM</arg>
<arg>PA</arg>
<arg>PE</arg>
<arg>PF</arg>
<arg>PG</arg>
<arg>PH</arg>
<arg>PK</arg>
<arg>PL</arg>
<arg>PM</arg>
<arg>PN</arg>
<arg>PR</arg>
<arg>PS</arg>
<arg>PT</arg>
<arg>PW</arg>
<arg>PY</arg>
<arg>QA</arg>
<arg>RE</arg>
<arg>RO</arg>
<arg>RS</arg>
<arg>RU</arg>
<arg>RW</arg>
<arg>SA</arg>
<arg>SB</arg>
<arg>SC</arg>
<arg>SD</arg>
<arg>SE</arg>
<arg>SG</arg>
<arg>SH</arg>
<arg>SI</arg>
<arg>SJ</arg>
<arg>SK</arg>
<arg>SL</arg>
<arg>SM</arg>
<arg>SN</arg>
<arg>SO</arg>
<arg>SR</arg>
<arg>SS</arg>
<arg>ST</arg>
<arg>SV</arg>
<arg>SX</arg>
<arg>SY</arg>
<arg>SZ</arg>
<arg>TC</arg>
<arg>TD</arg>
<arg>TF</arg>
<arg>TG</arg>
<arg>TH</arg>
<arg>TJ</arg>
<arg>TK</arg>
<arg>TL</arg>
<arg>TM</arg>
<arg>TN</arg>
<arg>TO</arg>
<arg>TR</arg>
<arg>TT</arg>
<arg>TV</arg>
<arg>TW</arg>
<arg>TZ</arg>
<arg>UA</arg>
<arg>UG</arg>
<arg>UM</arg>
<arg>US</arg>
<arg>UY</arg>
<arg>UZ</arg>
<arg>VA</arg>
<arg>VC</arg>
<arg>VE</arg>
<arg>VG</arg>
<arg>VI</arg>
<arg>VN</arg>
<arg>VU</arg>
<arg>WF</arg>
<arg>WS</arg>
<arg>XK</arg>
<arg>YE</arg>
<arg>YT</arg>
<arg>ZA</arg>
<arg>ZM</arg>
<arg>ZW</arg>
<doc>Returns a list containing given items.</doc>
<status status="PASS" start="2024-08-10T10:16:47.031958" elapsed="0.000628"/>
</kw>
<kw name="List Should Contain Value" owner="Collections">
<arg>${list_country}</arg>
<arg>${name_country}</arg>
<doc>Fails if the ``value`` is not found from ``list``.</doc>
<status status="PASS" start="2024-08-10T10:16:47.033507" elapsed="0.000212"/>
</kw>
<kw name="Run Keyword If" owner="BuiltIn">
<kw name="Should Be True" owner="BuiltIn">
<arg>${True}</arg>
<doc>Fails if the given condition is not true.</doc>
<status status="PASS" start="2024-08-10T10:16:47.034675" elapsed="0.000142"/>
</kw>
<arg>${json_data["results"][0]["location"]["coordinates"]["latitude"]} &gt;= -90 and ${json_data["results"][0]["location"]["coordinates"]["latitude"]} &lt;= 90</arg>
<arg>Should Be True</arg>
<arg>${True}</arg>
<doc>Runs the given keyword with the given arguments, if ``condition`` is true.</doc>
<status status="PASS" start="2024-08-10T10:16:47.033913" elapsed="0.001029"/>
</kw>
<kw name="Run Keyword If" owner="BuiltIn">
<kw name="Should Be True" owner="BuiltIn">
<arg>${True}</arg>
<doc>Fails if the given condition is not true.</doc>
<status status="PASS" start="2024-08-10T10:16:47.035805" elapsed="0.000136"/>
</kw>
<arg>${json_data["results"][0]["location"]["coordinates"]["longitude"]} &gt;= -180 and ${json_data["results"][0]["location"]["coordinates"]["longitude"]} &lt;= 180</arg>
<arg>Should Be True</arg>
<arg>${True}</arg>
<doc>Runs the given keyword with the given arguments, if ``condition`` is true.</doc>
<status status="PASS" start="2024-08-10T10:16:47.035121" elapsed="0.000940"/>
</kw>
<status status="PASS" start="2024-08-10T10:16:46.935944" elapsed="0.100240"/>
</kw>
<doc>Testa o conteúdo específico dos campos retornados pela API.</doc>
<tag>testeConteudo</tag>
<status status="PASS" start="2024-08-10T10:16:46.935449" elapsed="0.100877"/>
</test>
<status status="PASS" start="2024-08-10T10:16:45.537958" elapsed="1.500212"/>
</suite>
<status status="PASS" start="2024-08-10T10:16:45.523651" elapsed="1.519490"/>
</suite>
<statistics>
<total>
<stat pass="5" fail="0" skip="0">All Tests</stat>
</total>
<tag>
<stat pass="1" fail="0" skip="0">testeConteudo</stat>
<stat pass="1" fail="0" skip="0">testeEstruturaResposta</stat>
<stat pass="1" fail="0" skip="0">testeRequisicaoBasica</stat>
<stat pass="1" fail="0" skip="0">testeTiposDados</stat>
</tag>
<suite>
<stat pass="5" fail="0" skip="0" id="s1" name="Tests">Tests</stat>
<stat pass="5" fail="0" skip="0" id="s1-s1" name="Random-User-Test">Tests.Random-User-Test</stat>
</suite>
</statistics>
<errors>
</errors>
</robot>
