<?xml version="1.0" encoding="UTF-8"?>
<robot generator="Robot 7.0 (Python 3.12.3 on linux)" generated="2024-05-29T01:07:17.782699" rpa="false" schemaversion="5">
<suite id="s1" name="Tests" source="/home/runner/work/ApiRandomUser/ApiRandomUser/RamdonUser/tests">
<suite id="s1-s1" name="Random-User-Test" source="/home/runner/work/ApiRandomUser/ApiRandomUser/RamdonUser/tests/random-user-test.robot">
<test id="s1-s1-t1" name="Conectar" line="13">
<kw name="Conectar API" owner="random-user-service">
<kw name="Create Session" owner="RequestsLibrary">
<msg time="2024-05-29T01:07:18.203765" level="INFO">Creating Session using : alias=consultarAPI, url=https://randomuser.me/, headers={},                     cookies={}, auth=None, timeout=None, proxies=None, verify=False,                     debug=0 </msg>
<arg>consultarAPI</arg>
<arg>${URL}</arg>
<doc>Create Session: create a HTTP session to a server</doc>
<status status="PASS" start="2024-05-29T01:07:18.203562" elapsed="0.000387"/>
</kw>
<status status="PASS" start="2024-05-29T01:07:18.202581" elapsed="0.001808"/>
</kw>
<status status="PASS" start="2024-05-29T01:07:18.201998" elapsed="0.002636"/>
</test>
<test id="s1-s1-t2" name="Validar retorno 200 e JSON Válido" line="16">
<kw name="Teste de Requisicao Basica" owner="random-user-service">
<kw name="GET On Session" owner="RequestsLibrary">
<msg time="2024-05-29T01:07:18.295177" level="INFO">GET Request : url=https://randomuser.me/api 
 path_url=/api 
 headers={'User-Agent': 'python-requests/2.32.2', 'Accept-Encoding': 'gzip, deflate', 'Accept': '*/*', 'Connection': 'keep-alive'} 
 body=None 
 </msg>
<msg time="2024-05-29T01:07:18.295298" level="INFO">GET Response : url=https://randomuser.me/api 
 status=200, reason=OK 
 headers={'Date': 'Wed, 29 May 2024 01:07:18 GMT', 'Content-Type': 'application/json; charset=utf-8', 'Transfer-Encoding': 'chunked', 'Connection': 'keep-alive', 'X-Powered-By': 'Express', 'Access-Control-Allow-Origin': '*', 'Cache-Control': 'no-cache', 'ETag': 'W/"488-KyfEl/y/xXPZ3JNGLFIZanzc+2w"', 'Vary': 'Accept-Encoding', 'Content-Encoding': 'gzip', 'CF-Cache-Status': 'DYNAMIC', 'Report-To': '{"endpoints":[{"url":"https:\\/\\/a.nel.cloudflare.com\\/report\\/v4?s=c1OHOpXZSXk2Gi0Q6SY%2Bcy%2FdPRrivoGK06z4Wna0%2FrRnTy8w21q9POxQx4MDux26XafVBKQWOMSSH0yQwNenrz9uIx8aB6pkJOmz5aeokvov3C4BH2gAfJO0jTz%2FEl5M"}],"group":"cf-nel","max_age":604800}', 'NEL': '{"success_fraction":0,"report_to":"cf-nel","max_age":604800}', 'Server': 'cloudflare', 'CF-RAY': '88b2963708e11135-ORD', 'alt-svc': 'h3=":443"; ma=86400'} 
 body={"results":[{"gender":"female","name":{"title":"Ms","first":"Dianne","last":"Morales"},"location":{"street":{"number":3000,"name":"E Sandy Lake Rd"},"city":"Las Cruces","state":"Ohio","country":"United States","postcode":66632,"coordinates":{"latitude":"83.0007","longitude":"94.8521"},"timezone":{"offset":"-3:30","description":"Newfoundland"}},"email":"dianne.morales@example.com","login":{"uuid":"49c4437a-a3a4-406d-90a2-bd3921619804","username":"bigpeacock859","password":"parker","salt":"oOscyZwc","md5":"26eacaf7d4779033e4de6600d32f6a8b","sha1":"175d9ad4e9ccfe46c2907b7e5f0bba8f606089d0","sha256":"5a2e3abdb8f2990e743e6c5840dbbcfb5d25e4998996fb1470858215f3823bd4"},"dob":{"date":"1956-12-10T19:13:55.262Z","age":67},"registered":{"date":"2014-05-11T20:59:39.552Z","age":10},"phone":"(230) 650-2475","cell":"(502) 374-5272","id":{"name":"SSN","value":"899-26-2316"},"picture":{"large":"https://randomuser.me/api/portraits/women/14.jpg","medium":"https://randomuser.me/api/portraits/med/women/14.jpg","thumbnail":"https://randomuser.me/api/portraits/thumb/women/14.jpg"},"nat":"US"}],"info":{"seed":"9ba06d82b45f0c42","results":1,"page":1,"version":"1.4"}} 
 </msg>
<msg time="2024-05-29T01:07:18.295368" level="INFO">/opt/hostedtoolcache/Python/3.12.3/x64/lib/python3.12/site-packages/urllib3/connectionpool.py:1103: InsecureRequestWarning: Unverified HTTPS request is being made to host 'randomuser.me'. Adding certificate verification is strongly advised. See: https://urllib3.readthedocs.io/en/latest/advanced-usage.html#tls-warnings
  warnings.warn(</msg>
<msg time="2024-05-29T01:07:18.295499" level="INFO">${response} = &lt;Response [200]&gt;</msg>
<var>${response}</var>
<arg>consultarAPI</arg>
<arg>/api</arg>
<doc>Sends a GET request on a previously created HTTP Session.</doc>
<status status="PASS" start="2024-05-29T01:07:18.207373" elapsed="0.088171"/>
</kw>
<kw name="Should Be Equal As Numbers" owner="BuiltIn">
<msg time="2024-05-29T01:07:18.296384" level="INFO">Argument types are:
&lt;class 'int'&gt;
&lt;class 'str'&gt;</msg>
<arg>${response.status_code}</arg>
<arg>200</arg>
<doc>Fails if objects are unequal after converting them to real numbers.</doc>
<status status="PASS" start="2024-05-29T01:07:18.295965" elapsed="0.000484"/>
</kw>
<kw name="Log" owner="BuiltIn">
<msg time="2024-05-29T01:07:18.297227" level="INFO">200</msg>
<arg>${response.status_code}</arg>
<doc>Logs the given message with the given level.</doc>
<status status="PASS" start="2024-05-29T01:07:18.296847" elapsed="0.000429"/>
</kw>
<kw name="Set Variable" owner="BuiltIn">
<msg time="2024-05-29T01:07:18.298020" level="INFO">${json_data} = {'results': [{'gender': 'female', 'name': {'title': 'Ms', 'first': 'Dianne', 'last': 'Morales'}, 'location': {'street': {'number': 3000, 'name': 'E Sandy Lake Rd'}, 'city': 'Las Cruces', 'state': 'Ohi...</msg>
<var>${json_data}</var>
<arg>${response.json()}</arg>
<doc>Returns the given values which can then be assigned to a variables.</doc>
<status status="PASS" start="2024-05-29T01:07:18.297586" elapsed="0.000462"/>
</kw>
<kw name="Dictionary Should Contain Key" owner="Collections">
<msg time="2024-05-29T01:07:18.298517" level="INFO">False</msg>
<arg>${json_data}</arg>
<arg>results</arg>
<doc>Fails if ``key`` is not found from ``dictionary``.</doc>
<status status="PASS" start="2024-05-29T01:07:18.298352" elapsed="0.000203"/>
</kw>
<status status="PASS" start="2024-05-29T01:07:18.207119" elapsed="0.091694"/>
</kw>
<doc>Testa se a API responde corretamente e retorna um objeto JSON válido.</doc>
<tag>testeRequisicaoBasica</tag>
<status status="PASS" start="2024-05-29T01:07:18.206647" elapsed="0.092339"/>
</test>
<test id="s1-s1-t3" name="Validar estrutura de resposta" line="22">
<kw name="Teste de Estrutura de Resposta" owner="random-user-service">
<kw name="GET On Session" owner="RequestsLibrary">
<msg time="2024-05-29T01:07:18.386199" level="INFO">GET Request : url=https://randomuser.me/api 
 path_url=/api 
 headers={'User-Agent': 'python-requests/2.32.2', 'Accept-Encoding': 'gzip, deflate', 'Accept': '*/*', 'Connection': 'keep-alive'} 
 body=None 
 </msg>
<msg time="2024-05-29T01:07:18.386275" level="INFO">GET Response : url=https://randomuser.me/api 
 status=200, reason=OK 
 headers={'Date': 'Wed, 29 May 2024 01:07:18 GMT', 'Content-Type': 'application/json; charset=utf-8', 'Transfer-Encoding': 'chunked', 'Connection': 'keep-alive', 'X-Powered-By': 'Express', 'Access-Control-Allow-Origin': '*', 'Cache-Control': 'no-cache', 'ETag': 'W/"474-4+3xXL945mcBT3zk+b99DxyNT2M"', 'Vary': 'Accept-Encoding', 'Content-Encoding': 'gzip', 'CF-Cache-Status': 'DYNAMIC', 'Report-To': '{"endpoints":[{"url":"https:\\/\\/a.nel.cloudflare.com\\/report\\/v4?s=G5yQRA2c%2FHQ%2B0Hzm3KKkEkPIsZYfmfR5R47526Ql7R81tOsJpotjWTJJhL%2BZycNrWADT3OGbGj2DHMy5uy%2FPqt2hipFd8%2FOGuv0ufhBqzXx5gw7sht2eRxC5HV1X2Ykj"}],"group":"cf-nel","max_age":604800}', 'NEL': '{"success_fraction":0,"report_to":"cf-nel","max_age":604800}', 'Server': 'cloudflare', 'CF-RAY': '88b29637697b1135-ORD', 'alt-svc': 'h3=":443"; ma=86400'} 
 body={"results":[{"gender":"female","name":{"title":"Mrs","first":"Samantha","last":"Green"},"location":{"street":{"number":1444,"name":"Anzac Drive"},"city":"Greymouth","state":"Wellington","country":"New Zealand","postcode":17783,"coordinates":{"latitude":"47.5881","longitude":"146.4571"},"timezone":{"offset":"-10:00","description":"Hawaii"}},"email":"samantha.green@example.com","login":{"uuid":"d361203e-1f40-4b97-bd0b-075dff6014fb","username":"sadbear504","password":"420247","salt":"0qcTKEn1","md5":"83bf2cab53805bb84550d6d80e67ab42","sha1":"afdbf72a1527855441231134e75202242b2fc63d","sha256":"5e1bfedaee1f3488dac97b88edd5ba7d8bedd33dde87ab2a02a5e51253f76c12"},"dob":{"date":"1962-06-16T12:33:28.347Z","age":61},"registered":{"date":"2019-02-22T11:03:56.229Z","age":5},"phone":"(940)-029-7171","cell":"(932)-967-6338","id":{"name":"","value":null},"picture":{"large":"https://randomuser.me/api/portraits/women/93.jpg","medium":"https://randomuser.me/api/portraits/med/women/93.jpg","thumbnail":"https://randomuser.me/api/portraits/thumb/women/93.jpg"},"nat":"NZ"}],"info":{"seed":"dd33d420a4e25a26","results":1,"page":1,"version":"1.4"}} 
 </msg>
<msg time="2024-05-29T01:07:18.386367" level="INFO">/opt/hostedtoolcache/Python/3.12.3/x64/lib/python3.12/site-packages/urllib3/connectionpool.py:1103: InsecureRequestWarning: Unverified HTTPS request is being made to host 'randomuser.me'. Adding certificate verification is strongly advised. See: https://urllib3.readthedocs.io/en/latest/advanced-usage.html#tls-warnings
  warnings.warn(</msg>
<msg time="2024-05-29T01:07:18.386479" level="INFO">${response} = &lt;Response [200]&gt;</msg>
<var>${response}</var>
<arg>consultarAPI</arg>
<arg>/api</arg>
<doc>Sends a GET request on a previously created HTTP Session.</doc>
<status status="PASS" start="2024-05-29T01:07:18.301558" elapsed="0.084963"/>
</kw>
<kw name="Set Variable" owner="BuiltIn">
<msg time="2024-05-29T01:07:18.387357" level="INFO">${json_data} = {'results': [{'gender': 'female', 'name': {'title': 'Mrs', 'first': 'Samantha', 'last': 'Green'}, 'location': {'street': {'number': 1444, 'name': 'Anzac Drive'}, 'city': 'Greymouth', 'state': 'Welling...</msg>
<var>${json_data}</var>
<arg>${response.json()}</arg>
<doc>Returns the given values which can then be assigned to a variables.</doc>
<status status="PASS" start="2024-05-29T01:07:18.386898" elapsed="0.000488"/>
</kw>
<kw name="Log" owner="BuiltIn">
<msg time="2024-05-29T01:07:18.387857" level="INFO">{'results': [{'gender': 'female', 'name': {'title': 'Mrs', 'first': 'Samantha', 'last': 'Green'}, 'location': {'street': {'number': 1444, 'name': 'Anzac Drive'}, 'city': 'Greymouth', 'state': 'Wellington', 'country': 'New Zealand', 'postcode': 17783, 'coordinates': {'latitude': '47.5881', 'longitude': '146.4571'}, 'timezone': {'offset': '-10:00', 'description': 'Hawaii'}}, 'email': 'samantha.green@example.com', 'login': {'uuid': 'd361203e-1f40-4b97-bd0b-075dff6014fb', 'username': 'sadbear504', 'password': '420247', 'salt': '0qcTKEn1', 'md5': '83bf2cab53805bb84550d6d80e67ab42', 'sha1': 'afdbf72a1527855441231134e75202242b2fc63d', 'sha256': '5e1bfedaee1f3488dac97b88edd5ba7d8bedd33dde87ab2a02a5e51253f76c12'}, 'dob': {'date': '1962-06-16T12:33:28.347Z', 'age': 61}, 'registered': {'date': '2019-02-22T11:03:56.229Z', 'age': 5}, 'phone': '(940)-029-7171', 'cell': '(932)-967-6338', 'id': {'name': '', 'value': None}, 'picture': {'large': 'https://randomuser.me/api/portraits/women/93.jpg', 'medium': 'https://randomuser.me/api/portraits/med/women/93.jpg', 'thumbnail': 'https://randomuser.me/api/portraits/thumb/women/93.jpg'}, 'nat': 'NZ'}], 'info': {'seed': 'dd33d420a4e25a26', 'results': 1, 'page': 1, 'version': '1.4'}}</msg>
<arg>${json_data}</arg>
<doc>Logs the given message with the given level.</doc>
<status status="PASS" start="2024-05-29T01:07:18.387691" elapsed="0.000230"/>
</kw>
<kw name="Dictionary Should Contain Key" owner="Collections">
<msg time="2024-05-29T01:07:18.388380" level="INFO">False</msg>
<arg>${json_data}</arg>
<arg>results</arg>
<doc>Fails if ``key`` is not found from ``dictionary``.</doc>
<status status="PASS" start="2024-05-29T01:07:18.388228" elapsed="0.000194"/>
</kw>
<kw name="Should Not Be Empty" owner="BuiltIn">
<msg time="2024-05-29T01:07:18.388885" level="INFO">Length is 2.</msg>
<arg>${json_data}</arg>
<doc>Verifies that the given item is not empty.</doc>
<status status="PASS" start="2024-05-29T01:07:18.388716" elapsed="0.000220"/>
</kw>
<kw name="Create List" owner="BuiltIn">
<msg time="2024-05-29T01:07:18.389534" level="INFO">${expected_keys} = ['gender', 'name', 'location', 'email', 'login']</msg>
<var>${expected_keys}</var>
<arg>gender</arg>
<arg>name</arg>
<arg>location</arg>
<arg>email</arg>
<arg>login</arg>
<doc>Returns a list containing given items.</doc>
<status status="PASS" start="2024-05-29T01:07:18.389245" elapsed="0.000313"/>
</kw>
<for flavor="IN">
<iter>
<kw name="Dictionary Should Contain Key" owner="Collections">
<msg time="2024-05-29T01:07:18.390557" level="INFO">False</msg>
<arg>${json_data['results'][0]}</arg>
<arg>${key}</arg>
<doc>Fails if ``key`` is not found from ``dictionary``.</doc>
<status status="PASS" start="2024-05-29T01:07:18.390145" elapsed="0.000455"/>
</kw>
<kw name="Log" owner="BuiltIn">
<msg time="2024-05-29T01:07:18.391270" level="INFO">{'gender': 'female', 'name': {'title': 'Mrs', 'first': 'Samantha', 'last': 'Green'}, 'location': {'street': {'number': 1444, 'name': 'Anzac Drive'}, 'city': 'Greymouth', 'state': 'Wellington', 'country': 'New Zealand', 'postcode': 17783, 'coordinates': {'latitude': '47.5881', 'longitude': '146.4571'}, 'timezone': {'offset': '-10:00', 'description': 'Hawaii'}}, 'email': 'samantha.green@example.com', 'login': {'uuid': 'd361203e-1f40-4b97-bd0b-075dff6014fb', 'username': 'sadbear504', 'password': '420247', 'salt': '0qcTKEn1', 'md5': '83bf2cab53805bb84550d6d80e67ab42', 'sha1': 'afdbf72a1527855441231134e75202242b2fc63d', 'sha256': '5e1bfedaee1f3488dac97b88edd5ba7d8bedd33dde87ab2a02a5e51253f76c12'}, 'dob': {'date': '1962-06-16T12:33:28.347Z', 'age': 61}, 'registered': {'date': '2019-02-22T11:03:56.229Z', 'age': 5}, 'phone': '(940)-029-7171', 'cell': '(932)-967-6338', 'id': {'name': '', 'value': None}, 'picture': {'large': 'https://randomuser.me/api/portraits/women/93.jpg', 'medium': 'https://randomuser.me/api/portraits/med/women/93.jpg', 'thumbnail': 'https://randomuser.me/api/portraits/thumb/women/93.jpg'}, 'nat': 'NZ'}</msg>
<arg>${json_data['results'][0]}</arg>
<doc>Logs the given message with the given level.</doc>
<status status="PASS" start="2024-05-29T01:07:18.390904" elapsed="0.000415"/>
</kw>
<kw name="Log" owner="BuiltIn">
<msg time="2024-05-29T01:07:18.391744" level="INFO">gender</msg>
<arg>${key}</arg>
<doc>Logs the given message with the given level.</doc>
<status status="PASS" start="2024-05-29T01:07:18.391616" elapsed="0.000167"/>
</kw>
<var name="${key}">gender</var>
<status status="PASS" start="2024-05-29T01:07:18.390020" elapsed="0.001980"/>
</iter>
<iter>
<kw name="Dictionary Should Contain Key" owner="Collections">
<msg time="2024-05-29T01:07:18.392692" level="INFO">False</msg>
<arg>${json_data['results'][0]}</arg>
<arg>${key}</arg>
<doc>Fails if ``key`` is not found from ``dictionary``.</doc>
<status status="PASS" start="2024-05-29T01:07:18.392304" elapsed="0.000425"/>
</kw>
<kw name="Log" owner="BuiltIn">
<msg time="2024-05-29T01:07:18.393452" level="INFO">{'gender': 'female', 'name': {'title': 'Mrs', 'first': 'Samantha', 'last': 'Green'}, 'location': {'street': {'number': 1444, 'name': 'Anzac Drive'}, 'city': 'Greymouth', 'state': 'Wellington', 'country': 'New Zealand', 'postcode': 17783, 'coordinates': {'latitude': '47.5881', 'longitude': '146.4571'}, 'timezone': {'offset': '-10:00', 'description': 'Hawaii'}}, 'email': 'samantha.green@example.com', 'login': {'uuid': 'd361203e-1f40-4b97-bd0b-075dff6014fb', 'username': 'sadbear504', 'password': '420247', 'salt': '0qcTKEn1', 'md5': '83bf2cab53805bb84550d6d80e67ab42', 'sha1': 'afdbf72a1527855441231134e75202242b2fc63d', 'sha256': '5e1bfedaee1f3488dac97b88edd5ba7d8bedd33dde87ab2a02a5e51253f76c12'}, 'dob': {'date': '1962-06-16T12:33:28.347Z', 'age': 61}, 'registered': {'date': '2019-02-22T11:03:56.229Z', 'age': 5}, 'phone': '(940)-029-7171', 'cell': '(932)-967-6338', 'id': {'name': '', 'value': None}, 'picture': {'large': 'https://randomuser.me/api/portraits/women/93.jpg', 'medium': 'https://randomuser.me/api/portraits/med/women/93.jpg', 'thumbnail': 'https://randomuser.me/api/portraits/thumb/women/93.jpg'}, 'nat': 'NZ'}</msg>
<arg>${json_data['results'][0]}</arg>
<doc>Logs the given message with the given level.</doc>
<status status="PASS" start="2024-05-29T01:07:18.393090" elapsed="0.000412"/>
</kw>
<kw name="Log" owner="BuiltIn">
<msg time="2024-05-29T01:07:18.393922" level="INFO">name</msg>
<arg>${key}</arg>
<doc>Logs the given message with the given level.</doc>
<status status="PASS" start="2024-05-29T01:07:18.393799" elapsed="0.000161"/>
</kw>
<var name="${key}">name</var>
<status status="PASS" start="2024-05-29T01:07:18.392189" elapsed="0.001996"/>
</iter>
<iter>
<kw name="Dictionary Should Contain Key" owner="Collections">
<msg time="2024-05-29T01:07:18.394849" level="INFO">False</msg>
<arg>${json_data['results'][0]}</arg>
<arg>${key}</arg>
<doc>Fails if ``key`` is not found from ``dictionary``.</doc>
<status status="PASS" start="2024-05-29T01:07:18.394475" elapsed="0.000412"/>
</kw>
<kw name="Log" owner="BuiltIn">
<msg time="2024-05-29T01:07:18.395534" level="INFO">{'gender': 'female', 'name': {'title': 'Mrs', 'first': 'Samantha', 'last': 'Green'}, 'location': {'street': {'number': 1444, 'name': 'Anzac Drive'}, 'city': 'Greymouth', 'state': 'Wellington', 'country': 'New Zealand', 'postcode': 17783, 'coordinates': {'latitude': '47.5881', 'longitude': '146.4571'}, 'timezone': {'offset': '-10:00', 'description': 'Hawaii'}}, 'email': 'samantha.green@example.com', 'login': {'uuid': 'd361203e-1f40-4b97-bd0b-075dff6014fb', 'username': 'sadbear504', 'password': '420247', 'salt': '0qcTKEn1', 'md5': '83bf2cab53805bb84550d6d80e67ab42', 'sha1': 'afdbf72a1527855441231134e75202242b2fc63d', 'sha256': '5e1bfedaee1f3488dac97b88edd5ba7d8bedd33dde87ab2a02a5e51253f76c12'}, 'dob': {'date': '1962-06-16T12:33:28.347Z', 'age': 61}, 'registered': {'date': '2019-02-22T11:03:56.229Z', 'age': 5}, 'phone': '(940)-029-7171', 'cell': '(932)-967-6338', 'id': {'name': '', 'value': None}, 'picture': {'large': 'https://randomuser.me/api/portraits/women/93.jpg', 'medium': 'https://randomuser.me/api/portraits/med/women/93.jpg', 'thumbnail': 'https://randomuser.me/api/portraits/thumb/women/93.jpg'}, 'nat': 'NZ'}</msg>
<arg>${json_data['results'][0]}</arg>
<doc>Logs the given message with the given level.</doc>
<status status="PASS" start="2024-05-29T01:07:18.395182" elapsed="0.000410"/>
</kw>
<kw name="Log" owner="BuiltIn">
<msg time="2024-05-29T01:07:18.396014" level="INFO">location</msg>
<arg>${key}</arg>
<doc>Logs the given message with the given level.</doc>
<status status="PASS" start="2024-05-29T01:07:18.395888" elapsed="0.000164"/>
</kw>
<var name="${key}">location</var>
<status status="PASS" start="2024-05-29T01:07:18.394365" elapsed="0.001904"/>
</iter>
<iter>
<kw name="Dictionary Should Contain Key" owner="Collections">
<msg time="2024-05-29T01:07:18.396963" level="INFO">False</msg>
<arg>${json_data['results'][0]}</arg>
<arg>${key}</arg>
<doc>Fails if ``key`` is not found from ``dictionary``.</doc>
<status status="PASS" start="2024-05-29T01:07:18.396553" elapsed="0.000448"/>
</kw>
<kw name="Log" owner="BuiltIn">
<msg time="2024-05-29T01:07:18.397685" level="INFO">{'gender': 'female', 'name': {'title': 'Mrs', 'first': 'Samantha', 'last': 'Green'}, 'location': {'street': {'number': 1444, 'name': 'Anzac Drive'}, 'city': 'Greymouth', 'state': 'Wellington', 'country': 'New Zealand', 'postcode': 17783, 'coordinates': {'latitude': '47.5881', 'longitude': '146.4571'}, 'timezone': {'offset': '-10:00', 'description': 'Hawaii'}}, 'email': 'samantha.green@example.com', 'login': {'uuid': 'd361203e-1f40-4b97-bd0b-075dff6014fb', 'username': 'sadbear504', 'password': '420247', 'salt': '0qcTKEn1', 'md5': '83bf2cab53805bb84550d6d80e67ab42', 'sha1': 'afdbf72a1527855441231134e75202242b2fc63d', 'sha256': '5e1bfedaee1f3488dac97b88edd5ba7d8bedd33dde87ab2a02a5e51253f76c12'}, 'dob': {'date': '1962-06-16T12:33:28.347Z', 'age': 61}, 'registered': {'date': '2019-02-22T11:03:56.229Z', 'age': 5}, 'phone': '(940)-029-7171', 'cell': '(932)-967-6338', 'id': {'name': '', 'value': None}, 'picture': {'large': 'https://randomuser.me/api/portraits/women/93.jpg', 'medium': 'https://randomuser.me/api/portraits/med/women/93.jpg', 'thumbnail': 'https://randomuser.me/api/portraits/thumb/women/93.jpg'}, 'nat': 'NZ'}</msg>
<arg>${json_data['results'][0]}</arg>
<doc>Logs the given message with the given level.</doc>
<status status="PASS" start="2024-05-29T01:07:18.397328" elapsed="0.000406"/>
</kw>
<kw name="Log" owner="BuiltIn">
<msg time="2024-05-29T01:07:18.398169" level="INFO">email</msg>
<arg>${key}</arg>
<doc>Logs the given message with the given level.</doc>
<status status="PASS" start="2024-05-29T01:07:18.398034" elapsed="0.000173"/>
</kw>
<var name="${key}">email</var>
<status status="PASS" start="2024-05-29T01:07:18.396439" elapsed="0.001988"/>
</iter>
<iter>
<kw name="Dictionary Should Contain Key" owner="Collections">
<msg time="2024-05-29T01:07:18.399095" level="INFO">False</msg>
<arg>${json_data['results'][0]}</arg>
<arg>${key}</arg>
<doc>Fails if ``key`` is not found from ``dictionary``.</doc>
<status status="PASS" start="2024-05-29T01:07:18.398709" elapsed="0.000424"/>
</kw>
<kw name="Log" owner="BuiltIn">
<msg time="2024-05-29T01:07:18.399796" level="INFO">{'gender': 'female', 'name': {'title': 'Mrs', 'first': 'Samantha', 'last': 'Green'}, 'location': {'street': {'number': 1444, 'name': 'Anzac Drive'}, 'city': 'Greymouth', 'state': 'Wellington', 'country': 'New Zealand', 'postcode': 17783, 'coordinates': {'latitude': '47.5881', 'longitude': '146.4571'}, 'timezone': {'offset': '-10:00', 'description': 'Hawaii'}}, 'email': 'samantha.green@example.com', 'login': {'uuid': 'd361203e-1f40-4b97-bd0b-075dff6014fb', 'username': 'sadbear504', 'password': '420247', 'salt': '0qcTKEn1', 'md5': '83bf2cab53805bb84550d6d80e67ab42', 'sha1': 'afdbf72a1527855441231134e75202242b2fc63d', 'sha256': '5e1bfedaee1f3488dac97b88edd5ba7d8bedd33dde87ab2a02a5e51253f76c12'}, 'dob': {'date': '1962-06-16T12:33:28.347Z', 'age': 61}, 'registered': {'date': '2019-02-22T11:03:56.229Z', 'age': 5}, 'phone': '(940)-029-7171', 'cell': '(932)-967-6338', 'id': {'name': '', 'value': None}, 'picture': {'large': 'https://randomuser.me/api/portraits/women/93.jpg', 'medium': 'https://randomuser.me/api/portraits/med/women/93.jpg', 'thumbnail': 'https://randomuser.me/api/portraits/thumb/women/93.jpg'}, 'nat': 'NZ'}</msg>
<arg>${json_data['results'][0]}</arg>
<doc>Logs the given message with the given level.</doc>
<status status="PASS" start="2024-05-29T01:07:18.399430" elapsed="0.000414"/>
</kw>
<kw name="Log" owner="BuiltIn">
<msg time="2024-05-29T01:07:18.400261" level="INFO">login</msg>
<arg>${key}</arg>
<doc>Logs the given message with the given level.</doc>
<status status="PASS" start="2024-05-29T01:07:18.400136" elapsed="0.000163"/>
</kw>
<var name="${key}">login</var>
<status status="PASS" start="2024-05-29T01:07:18.398599" elapsed="0.001916"/>
</iter>
<var>${key}</var>
<value>@{expected_keys}</value>
<status status="PASS" start="2024-05-29T01:07:18.389832" elapsed="0.010802"/>
</for>
<kw name="Create List" owner="BuiltIn">
<msg time="2024-05-29T01:07:18.401042" level="INFO">${expected_keysTwo} = ['username', 'password']</msg>
<var>${expected_keysTwo}</var>
<arg>username</arg>
<arg>password</arg>
<doc>Returns a list containing given items.</doc>
<status status="PASS" start="2024-05-29T01:07:18.400885" elapsed="0.000180"/>
</kw>
<for flavor="IN">
<iter>
<kw name="Dictionary Should Contain Key" owner="Collections">
<msg time="2024-05-29T01:07:18.401942" level="INFO">False</msg>
<arg>${json_data['results'][0]['login']}</arg>
<arg>${keyTwo}</arg>
<doc>Fails if ``key`` is not found from ``dictionary``.</doc>
<status status="PASS" start="2024-05-29T01:07:18.401563" elapsed="0.000417"/>
</kw>
<kw name="Dictionary Should Contain Key" owner="Collections">
<msg time="2024-05-29T01:07:18.402661" level="INFO">False</msg>
<arg>${json_data['results'][0]['login']}</arg>
<arg>${keyTwo}</arg>
<doc>Fails if ``key`` is not found from ``dictionary``.</doc>
<status status="PASS" start="2024-05-29T01:07:18.402280" elapsed="0.000419"/>
</kw>
<kw name="Log" owner="BuiltIn">
<msg time="2024-05-29T01:07:18.403117" level="INFO">username</msg>
<arg>${keyTwo}</arg>
<doc>Logs the given message with the given level.</doc>
<status status="PASS" start="2024-05-29T01:07:18.402990" elapsed="0.000164"/>
</kw>
<var name="${keyTwo}">username</var>
<status status="PASS" start="2024-05-29T01:07:18.401455" elapsed="0.001914"/>
</iter>
<iter>
<kw name="Dictionary Should Contain Key" owner="Collections">
<msg time="2024-05-29T01:07:18.404031" level="INFO">False</msg>
<arg>${json_data['results'][0]['login']}</arg>
<arg>${keyTwo}</arg>
<doc>Fails if ``key`` is not found from ``dictionary``.</doc>
<status status="PASS" start="2024-05-29T01:07:18.403657" elapsed="0.000411"/>
</kw>
<kw name="Dictionary Should Contain Key" owner="Collections">
<msg time="2024-05-29T01:07:18.404836" level="INFO">False</msg>
<arg>${json_data['results'][0]['login']}</arg>
<arg>${keyTwo}</arg>
<doc>Fails if ``key`` is not found from ``dictionary``.</doc>
<status status="PASS" start="2024-05-29T01:07:18.404363" elapsed="0.000527"/>
</kw>
<kw name="Log" owner="BuiltIn">
<msg time="2024-05-29T01:07:18.405333" level="INFO">password</msg>
<arg>${keyTwo}</arg>
<doc>Logs the given message with the given level.</doc>
<status status="PASS" start="2024-05-29T01:07:18.405204" elapsed="0.000167"/>
</kw>
<var name="${keyTwo}">password</var>
<status status="PASS" start="2024-05-29T01:07:18.403539" elapsed="0.002049"/>
</iter>
<var>${keyTwo}</var>
<value>@{expected_keysTwo}</value>
<status status="PASS" start="2024-05-29T01:07:18.401304" elapsed="0.004405"/>
</for>
<status status="PASS" start="2024-05-29T01:07:18.301322" elapsed="0.104529"/>
</kw>
<doc>Testa a estrutura da resposta da API.</doc>
<tag>testeEstruturaResposta</tag>
<status status="PASS" start="2024-05-29T01:07:18.300823" elapsed="0.105188"/>
</test>
<test id="s1-s1-t4" name="Validar tipos de dados" line="28">
<kw name="Teste de Tipos de Dados" owner="random-user-service">
<kw name="GET On Session" owner="RequestsLibrary">
<msg time="2024-05-29T01:07:18.494655" level="INFO">GET Request : url=https://randomuser.me/api 
 path_url=/api 
 headers={'User-Agent': 'python-requests/2.32.2', 'Accept-Encoding': 'gzip, deflate', 'Accept': '*/*', 'Connection': 'keep-alive'} 
 body=None 
 </msg>
<msg time="2024-05-29T01:07:18.494741" level="INFO">GET Response : url=https://randomuser.me/api 
 status=200, reason=OK 
 headers={'Date': 'Wed, 29 May 2024 01:07:18 GMT', 'Content-Type': 'application/json; charset=utf-8', 'Transfer-Encoding': 'chunked', 'Connection': 'keep-alive', 'X-Powered-By': 'Express', 'Access-Control-Allow-Origin': '*', 'Cache-Control': 'no-cache', 'ETag': 'W/"474-x7PFPsyGftL4ffbXPZ5DK3LJhmY"', 'Vary': 'Accept-Encoding', 'Content-Encoding': 'gzip', 'CF-Cache-Status': 'DYNAMIC', 'Report-To': '{"endpoints":[{"url":"https:\\/\\/a.nel.cloudflare.com\\/report\\/v4?s=lMeQnndP0rZmNIK2VE9I8wlSV4VXIEzfw6oqLZhBbknWjIb6IxlYBHjDIOzj4050ubErje4KayR5bpcZjmvxZOH42V4H5Vd1RXtSUyqbpnvX5pdnnJMJm%2BX%2BKMm4lsEF"}],"group":"cf-nel","max_age":604800}', 'NEL': '{"success_fraction":0,"report_to":"cf-nel","max_age":604800}', 'Server': 'cloudflare', 'CF-RAY': '88b296380a731135-ORD', 'alt-svc': 'h3=":443"; ma=86400'} 
 body={"results":[{"gender":"male","name":{"title":"Mr","first":"Çetin","last":"Solmaz"},"location":{"street":{"number":8351,"name":"Kushimoto Sk"},"city":"Hatay","state":"Burdur","country":"Turkey","postcode":74055,"coordinates":{"latitude":"65.5276","longitude":"-45.6675"},"timezone":{"offset":"+6:00","description":"Almaty, Dhaka, Colombo"}},"email":"cetin.solmaz@example.com","login":{"uuid":"3bcd362b-d076-4a44-85d6-76ab032003ec","username":"ticklishgorilla524","password":"freddie","salt":"2bDxMrqH","md5":"4da7921dd5aeb8186bf4c5b513cb8216","sha1":"4155d5d19476ab6060d0a8155d323501cc97fe0d","sha256":"058ae64a8f0acf90549d82438caa9eee959ecf0e1c1f8c9d01baafc48da03600"},"dob":{"date":"1969-04-08T08:25:31.685Z","age":55},"registered":{"date":"2015-12-03T20:40:54.238Z","age":8},"phone":"(011)-002-9856","cell":"(934)-727-0021","id":{"name":"","value":null},"picture":{"large":"https://randomuser.me/api/portraits/men/71.jpg","medium":"https://randomuser.me/api/portraits/med/men/71.jpg","thumbnail":"https://randomuser.me/api/portraits/thumb/men/71.jpg"},"nat":"TR"}],"info":{"seed":"e79867f28930bd00","results":1,"page":1,"version":"1.4"}} 
 </msg>
<msg time="2024-05-29T01:07:18.494816" level="INFO">/opt/hostedtoolcache/Python/3.12.3/x64/lib/python3.12/site-packages/urllib3/connectionpool.py:1103: InsecureRequestWarning: Unverified HTTPS request is being made to host 'randomuser.me'. Adding certificate verification is strongly advised. See: https://urllib3.readthedocs.io/en/latest/advanced-usage.html#tls-warnings
  warnings.warn(</msg>
<msg time="2024-05-29T01:07:18.494967" level="INFO">${response} = &lt;Response [200]&gt;</msg>
<var>${response}</var>
<arg>consultarAPI</arg>
<arg>/api</arg>
<doc>Sends a GET request on a previously created HTTP Session.</doc>
<status status="PASS" start="2024-05-29T01:07:18.408479" elapsed="0.086541"/>
</kw>
<kw name="Set Variable" owner="BuiltIn">
<msg time="2024-05-29T01:07:18.495955" level="INFO">${json_data} = {'results': [{'gender': 'male', 'name': {'title': 'Mr', 'first': 'Çetin', 'last': 'Solmaz'}, 'location': {'street': {'number': 8351, 'name': 'Kushimoto Sk'}, 'city': 'Hatay', 'state': 'Burdur', 'count...</msg>
<var>${json_data}</var>
<arg>${response.json()}</arg>
<doc>Returns the given values which can then be assigned to a variables.</doc>
<status status="PASS" start="2024-05-29T01:07:18.495506" elapsed="0.000477"/>
</kw>
<kw name="Log" owner="BuiltIn">
<msg time="2024-05-29T01:07:18.496446" level="INFO">{'results': [{'gender': 'male', 'name': {'title': 'Mr', 'first': 'Çetin', 'last': 'Solmaz'}, 'location': {'street': {'number': 8351, 'name': 'Kushimoto Sk'}, 'city': 'Hatay', 'state': 'Burdur', 'country': 'Turkey', 'postcode': 74055, 'coordinates': {'latitude': '65.5276', 'longitude': '-45.6675'}, 'timezone': {'offset': '+6:00', 'description': 'Almaty, Dhaka, Colombo'}}, 'email': 'cetin.solmaz@example.com', 'login': {'uuid': '3bcd362b-d076-4a44-85d6-76ab032003ec', 'username': 'ticklishgorilla524', 'password': 'freddie', 'salt': '2bDxMrqH', 'md5': '4da7921dd5aeb8186bf4c5b513cb8216', 'sha1': '4155d5d19476ab6060d0a8155d323501cc97fe0d', 'sha256': '058ae64a8f0acf90549d82438caa9eee959ecf0e1c1f8c9d01baafc48da03600'}, 'dob': {'date': '1969-04-08T08:25:31.685Z', 'age': 55}, 'registered': {'date': '2015-12-03T20:40:54.238Z', 'age': 8}, 'phone': '(011)-002-9856', 'cell': '(934)-727-0021', 'id': {'name': '', 'value': None}, 'picture': {'large': 'https://randomuser.me/api/portraits/men/71.jpg', 'medium': 'https://randomuser.me/api/portraits/med/men/71.jpg', 'thumbnail': 'https://randomuser.me/api/portraits/thumb/men/71.jpg'}, 'nat': 'TR'}], 'info': {'seed': 'e79867f28930bd00', 'results': 1, 'page': 1, 'version': '1.4'}}</msg>
<arg>${json_data}</arg>
<doc>Logs the given message with the given level.</doc>
<status status="PASS" start="2024-05-29T01:07:18.496292" elapsed="0.000201"/>
</kw>
<kw name="Should Be String" owner="String">
<arg>${json_data['results'][0]['gender']}</arg>
<doc>Fails if the given ``item`` is not a string.</doc>
<status status="PASS" start="2024-05-29T01:07:18.496851" elapsed="0.000369"/>
</kw>
<kw name="Should Match Regexp" owner="BuiltIn">
<arg>${json_data['results'][0]['email']}</arg>
<arg>^[a-zA-Z0-9._%+-]+@[a-zA-Z0-9.-]+\.[a-zA-Z]{2,}$</arg>
<doc>Fails if ``string`` does not match ``pattern`` as a regular expression.</doc>
<status status="PASS" start="2024-05-29T01:07:18.497414" elapsed="0.000542"/>
</kw>
<kw name="Should Match Regexp" owner="BuiltIn">
<arg>${json_data['results'][0]['dob']['date']}</arg>
<arg>\\d{4}-\\d{2}-\\d{2}T\\d{2}:\\d{2}:\\d{2}\\.\\d{3}Z</arg>
<doc>Fails if ``string`` does not match ``pattern`` as a regular expression.</doc>
<status status="PASS" start="2024-05-29T01:07:18.498157" elapsed="0.000490"/>
</kw>
<kw name="Should Match Regexp" owner="BuiltIn">
<arg>${json_data['results'][0]['registered']['date']}</arg>
<arg>\\d{4}-\\d{2}-\\d{2}T\\d{2}:\\d{2}:\\d{2}\\.\\d{3}Z</arg>
<doc>Fails if ``string`` does not match ``pattern`` as a regular expression.</doc>
<status status="PASS" start="2024-05-29T01:07:18.498841" elapsed="0.000376"/>
</kw>
<kw name="Should Match Regexp" owner="BuiltIn">
<arg>${json_data['results'][0]['picture']['large']}</arg>
<arg>^https?://.*\.(?:png|jpe?g|gif|bmp)$</arg>
<doc>Fails if ``string`` does not match ``pattern`` as a regular expression.</doc>
<status status="PASS" start="2024-05-29T01:07:18.499407" elapsed="0.000474"/>
</kw>
<kw name="Should Match Regexp" owner="BuiltIn">
<arg>${json_data['results'][0]['picture']['medium']}</arg>
<arg>^https?://.*\.(?:png|jpe?g|gif|bmp)$</arg>
<doc>Fails if ``string`` does not match ``pattern`` as a regular expression.</doc>
<status status="PASS" start="2024-05-29T01:07:18.500075" elapsed="0.000355"/>
</kw>
<kw name="Should Match Regexp" owner="BuiltIn">
<arg>${json_data['results'][0]['picture']['thumbnail']}</arg>
<arg>^https?://.*\.(?:png|jpe?g|gif|bmp)$</arg>
<doc>Fails if ``string`` does not match ``pattern`` as a regular expression.</doc>
<status status="PASS" start="2024-05-29T01:07:18.500617" elapsed="0.000385"/>
</kw>
<kw name="Log" owner="BuiltIn">
<msg time="2024-05-29T01:07:18.501522" level="INFO">{'large': 'https://randomuser.me/api/portraits/men/71.jpg', 'medium': 'https://randomuser.me/api/portraits/med/men/71.jpg', 'thumbnail': 'https://randomuser.me/api/portraits/thumb/men/71.jpg'}</msg>
<arg>${json_data['results'][0]['picture']}</arg>
<doc>Logs the given message with the given level.</doc>
<status status="PASS" start="2024-05-29T01:07:18.501195" elapsed="0.000369"/>
</kw>
<status status="PASS" start="2024-05-29T01:07:18.408249" elapsed="0.093569"/>
</kw>
<kw name="Teste de Tipos de Dados - Postcode" owner="random-user-service">
<kw name="GET On Session" owner="RequestsLibrary">
<msg time="2024-05-29T01:07:18.592177" level="INFO">GET Request : url=https://randomuser.me/api 
 path_url=/api 
 headers={'User-Agent': 'python-requests/2.32.2', 'Accept-Encoding': 'gzip, deflate', 'Accept': '*/*', 'Connection': 'keep-alive'} 
 body=None 
 </msg>
<msg time="2024-05-29T01:07:18.592254" level="INFO">GET Response : url=https://randomuser.me/api 
 status=200, reason=OK 
 headers={'Date': 'Wed, 29 May 2024 01:07:18 GMT', 'Content-Type': 'application/json; charset=utf-8', 'Transfer-Encoding': 'chunked', 'Connection': 'keep-alive', 'X-Powered-By': 'Express', 'Access-Control-Allow-Origin': '*', 'Cache-Control': 'no-cache', 'ETag': 'W/"48b-fSujr0m1E4HS6z3oaRRomYBx+wg"', 'Vary': 'Accept-Encoding', 'Content-Encoding': 'gzip', 'CF-Cache-Status': 'DYNAMIC', 'Report-To': '{"endpoints":[{"url":"https:\\/\\/a.nel.cloudflare.com\\/report\\/v4?s=CI%2F3J3aOOGn4%2BLqJ3IxIHT6V5KCwyOm7FAKma59FdGWnyMcGPd7YCtIeXVVs6mZOrpWCvfezmdhp1ItzxaO3yfXOkSQ5oqq%2BT%2BMB4f2uI4iZ%2BULwxaTLet2EDPF4atkT"}],"group":"cf-nel","max_age":604800}', 'NEL': '{"success_fraction":0,"report_to":"cf-nel","max_age":604800}', 'Server': 'cloudflare', 'CF-RAY': '88b29638ab501135-ORD', 'alt-svc': 'h3=":443"; ma=86400'} 
 body={"results":[{"gender":"male","name":{"title":"Mr","first":"Kasper","last":"Rasmussen"},"location":{"street":{"number":1922,"name":"Højskolevej"},"city":"Bælum","state":"Midtjylland","country":"Denmark","postcode":70017,"coordinates":{"latitude":"-44.1133","longitude":"-134.6787"},"timezone":{"offset":"+11:00","description":"Magadan, Solomon Islands, New Caledonia"}},"email":"kasper.rasmussen@example.com","login":{"uuid":"7ef3526a-d76d-4f5c-bc23-9d31fdd38ac6","username":"blackduck613","password":"shui","salt":"1Ez20uWl","md5":"92b5884fa55121c3efbc5fb73e6cefc1","sha1":"c286de91e29b89955e9966e0008fa3783a161e12","sha256":"c68917153d0fc155cc5e1224450d229ffb445bd21ae2ae879854932d76f1f4f8"},"dob":{"date":"1994-04-22T13:58:08.137Z","age":30},"registered":{"date":"2006-08-12T09:17:11.668Z","age":17},"phone":"98815684","cell":"69657965","id":{"name":"CPR","value":"220494-5660"},"picture":{"large":"https://randomuser.me/api/portraits/men/9.jpg","medium":"https://randomuser.me/api/portraits/med/men/9.jpg","thumbnail":"https://randomuser.me/api/portraits/thumb/men/9.jpg"},"nat":"DK"}],"info":{"seed":"709b51c06921aa96","results":1,"page":1,"version":"1.4"}} 
 </msg>
<msg time="2024-05-29T01:07:18.592322" level="INFO">/opt/hostedtoolcache/Python/3.12.3/x64/lib/python3.12/site-packages/urllib3/connectionpool.py:1103: InsecureRequestWarning: Unverified HTTPS request is being made to host 'randomuser.me'. Adding certificate verification is strongly advised. See: https://urllib3.readthedocs.io/en/latest/advanced-usage.html#tls-warnings
  warnings.warn(</msg>
<msg time="2024-05-29T01:07:18.592423" level="INFO">${response} = &lt;Response [200]&gt;</msg>
<var>${response}</var>
<arg>consultarAPI</arg>
<arg>/api</arg>
<doc>Sends a GET request on a previously created HTTP Session.</doc>
<status status="PASS" start="2024-05-29T01:07:18.502260" elapsed="0.090202"/>
</kw>
<kw name="Set Variable" owner="BuiltIn">
<msg time="2024-05-29T01:07:18.593359" level="INFO">${json_data} = {'results': [{'gender': 'male', 'name': {'title': 'Mr', 'first': 'Kasper', 'last': 'Rasmussen'}, 'location': {'street': {'number': 1922, 'name': 'Højskolevej'}, 'city': 'Bælum', 'state': 'Midtjylland'...</msg>
<var>${json_data}</var>
<arg>${response.json()}</arg>
<doc>Returns the given values which can then be assigned to a variables.</doc>
<status status="PASS" start="2024-05-29T01:07:18.592896" elapsed="0.000500"/>
</kw>
<kw name="Log" owner="BuiltIn">
<msg time="2024-05-29T01:07:18.593878" level="INFO">{'results': [{'gender': 'male', 'name': {'title': 'Mr', 'first': 'Kasper', 'last': 'Rasmussen'}, 'location': {'street': {'number': 1922, 'name': 'Højskolevej'}, 'city': 'Bælum', 'state': 'Midtjylland', 'country': 'Denmark', 'postcode': 70017, 'coordinates': {'latitude': '-44.1133', 'longitude': '-134.6787'}, 'timezone': {'offset': '+11:00', 'description': 'Magadan, Solomon Islands, New Caledonia'}}, 'email': 'kasper.rasmussen@example.com', 'login': {'uuid': '7ef3526a-d76d-4f5c-bc23-9d31fdd38ac6', 'username': 'blackduck613', 'password': 'shui', 'salt': '1Ez20uWl', 'md5': '92b5884fa55121c3efbc5fb73e6cefc1', 'sha1': 'c286de91e29b89955e9966e0008fa3783a161e12', 'sha256': 'c68917153d0fc155cc5e1224450d229ffb445bd21ae2ae879854932d76f1f4f8'}, 'dob': {'date': '1994-04-22T13:58:08.137Z', 'age': 30}, 'registered': {'date': '2006-08-12T09:17:11.668Z', 'age': 17}, 'phone': '98815684', 'cell': '69657965', 'id': {'name': 'CPR', 'value': '220494-5660'}, 'picture': {'large': 'https://randomuser.me/api/portraits/men/9.jpg', 'medium': 'https://randomuser.me/api/portraits/med/men/9.jpg', 'thumbnail': 'https://randomuser.me/api/portraits/thumb/men/9.jpg'}, 'nat': 'DK'}], 'info': {'seed': '709b51c06921aa96', 'results': 1, 'page': 1, 'version': '1.4'}}</msg>
<arg>${json_data}</arg>
<doc>Logs the given message with the given level.</doc>
<status status="PASS" start="2024-05-29T01:07:18.593724" elapsed="0.000201"/>
</kw>
<kw name="Should Be Equal As Numbers" owner="BuiltIn">
<arg>${json_data['results'][0]['location']['postcode']}</arg>
<arg>${json_data['results'][0]['location']['postcode']}</arg>
<doc>Fails if objects are unequal after converting them to real numbers.</doc>
<status status="PASS" start="2024-05-29T01:07:18.594224" elapsed="0.000759"/>
</kw>
<kw name="Log" owner="BuiltIn">
<msg time="2024-05-29T01:07:18.595584" level="INFO">70017</msg>
<arg>${json_data['results'][0]['location']['postcode']}</arg>
<doc>Logs the given message with the given level.</doc>
<status status="PASS" start="2024-05-29T01:07:18.595243" elapsed="0.000382"/>
</kw>
<status status="PASS" start="2024-05-29T01:07:18.502030" elapsed="0.093850"/>
</kw>
<doc>Testa se os tipos de dados na resposta da API estão corretos.</doc>
<tag>testeTiposDados</tag>
<status status="PASS" start="2024-05-29T01:07:18.407788" elapsed="0.188254"/>
</test>
<test id="s1-s1-t5" name="Validar conteudo" line="35">
<kw name="Teste de Tipos de Conteudo" owner="random-user-service">
<kw name="GET On Session" owner="RequestsLibrary">
<msg time="2024-05-29T01:07:18.691219" level="INFO">GET Request : url=https://randomuser.me/api 
 path_url=/api 
 headers={'User-Agent': 'python-requests/2.32.2', 'Accept-Encoding': 'gzip, deflate', 'Accept': '*/*', 'Connection': 'keep-alive'} 
 body=None 
 </msg>
<msg time="2024-05-29T01:07:18.691298" level="INFO">GET Response : url=https://randomuser.me/api 
 status=200, reason=OK 
 headers={'Date': 'Wed, 29 May 2024 01:07:18 GMT', 'Content-Type': 'application/json; charset=utf-8', 'Transfer-Encoding': 'chunked', 'Connection': 'keep-alive', 'X-Powered-By': 'Express', 'Access-Control-Allow-Origin': '*', 'Cache-Control': 'no-cache', 'ETag': 'W/"49c-coFtR92dznAvOkAx9XL3dbK4LkE"', 'Vary': 'Accept-Encoding', 'Content-Encoding': 'gzip', 'CF-Cache-Status': 'DYNAMIC', 'Report-To': '{"endpoints":[{"url":"https:\\/\\/a.nel.cloudflare.com\\/report\\/v4?s=Ggp0d0F0Yh2onEv0aDRPecoBBxrqRfPcpvKsKLA2TRzD0LOUp9OvWvunlr%2BU%2FzJRRVuDwWaMOYSQUvT6HgI%2BuUKon%2FuSHuaLlkH%2Fp91WMlyrwX4yhLdHQvygumySgY0w"}],"group":"cf-nel","max_age":604800}', 'NEL': '{"success_fraction":0,"report_to":"cf-nel","max_age":604800}', 'Server': 'cloudflare', 'CF-RAY': '88b296394c0c1135-ORD', 'alt-svc': 'h3=":443"; ma=86400'} 
 body={"results":[{"gender":"female","name":{"title":"Mrs","first":"Nastasija","last":"Raspopović"},"location":{"street":{"number":4878,"name":"Pijaca Cerak"},"city":"Mali Zvornik","state":"Jablanica","country":"Serbia","postcode":19676,"coordinates":{"latitude":"59.1996","longitude":"20.9946"},"timezone":{"offset":"+7:00","description":"Bangkok, Hanoi, Jakarta"}},"email":"nastasija.raspopovic@example.com","login":{"uuid":"a98c7a72-1aab-4a62-836d-7b53f662aafd","username":"ticklishladybug754","password":"grils","salt":"QOSPxlFl","md5":"ab752df3b383ff8d31211fd464b78660","sha1":"2120758df95d66d8eee38de0b99931c781b825f2","sha256":"c6b6975135a08c1906fbec9e799075715fd8ab2fbae7a6efb4ac8474a4909068"},"dob":{"date":"1963-10-23T06:13:53.613Z","age":60},"registered":{"date":"2006-10-23T22:01:59.811Z","age":17},"phone":"024-1669-864","cell":"063-2597-718","id":{"name":"SID","value":"672364165"},"picture":{"large":"https://randomuser.me/api/portraits/women/93.jpg","medium":"https://randomuser.me/api/portraits/med/women/93.jpg","thumbnail":"https://randomuser.me/api/portraits/thumb/women/93.jpg"},"nat":"RS"}],"info":{"seed":"fef8a7e542aa38a9","results":1,"page":1,"version":"1.4"}} 
 </msg>
<msg time="2024-05-29T01:07:18.691368" level="INFO">/opt/hostedtoolcache/Python/3.12.3/x64/lib/python3.12/site-packages/urllib3/connectionpool.py:1103: InsecureRequestWarning: Unverified HTTPS request is being made to host 'randomuser.me'. Adding certificate verification is strongly advised. See: https://urllib3.readthedocs.io/en/latest/advanced-usage.html#tls-warnings
  warnings.warn(</msg>
<msg time="2024-05-29T01:07:18.691480" level="INFO">${response} = &lt;Response [200]&gt;</msg>
<var>${response}</var>
<arg>consultarAPI</arg>
<arg>/api</arg>
<doc>Sends a GET request on a previously created HTTP Session.</doc>
<status status="PASS" start="2024-05-29T01:07:18.598762" elapsed="0.092757"/>
</kw>
<kw name="Set Variable" owner="BuiltIn">
<msg time="2024-05-29T01:07:18.692422" level="INFO">${json_data} = {'results': [{'gender': 'female', 'name': {'title': 'Mrs', 'first': 'Nastasija', 'last': 'Raspopović'}, 'location': {'street': {'number': 4878, 'name': 'Pijaca Cerak'}, 'city': 'Mali Zvornik', 'state'...</msg>
<var>${json_data}</var>
<arg>${response.json()}</arg>
<doc>Returns the given values which can then be assigned to a variables.</doc>
<status status="PASS" start="2024-05-29T01:07:18.691968" elapsed="0.000484"/>
</kw>
<kw name="Set Variable" owner="BuiltIn">
<msg time="2024-05-29T01:07:18.693220" level="INFO">${name_title} = Mrs</msg>
<var>${name_title}</var>
<arg>${json_data["results"][0]["name"]["title"]}</arg>
<doc>Returns the given values which can then be assigned to a variables.</doc>
<status status="PASS" start="2024-05-29T01:07:18.692768" elapsed="0.000478"/>
</kw>
<kw name="Create List" owner="BuiltIn">
<msg time="2024-05-29T01:07:18.693698" level="INFO">${allowed_titles} = ['Mr', 'Ms', 'Miss', 'Mrs', 'Madame', 'Monsieur']</msg>
<var>${allowed_titles}</var>
<arg>Mr</arg>
<arg>Ms</arg>
<arg>Miss</arg>
<arg>Mrs</arg>
<arg>Madame</arg>
<arg>Monsieur</arg>
<doc>Returns a list containing given items.</doc>
<status status="PASS" start="2024-05-29T01:07:18.693549" elapsed="0.000173"/>
</kw>
<kw name="List Should Contain Value" owner="Collections">
<msg time="2024-05-29T01:07:18.694202" level="INFO">False</msg>
<arg>${allowed_titles}</arg>
<arg>${name_title}</arg>
<doc>Fails if the ``value`` is not found from ``list``.</doc>
<status status="PASS" start="2024-05-29T01:07:18.694027" elapsed="0.000212"/>
</kw>
<kw name="Set Variable" owner="BuiltIn">
<msg time="2024-05-29T01:07:18.694901" level="INFO">${name_country} = RS</msg>
<var>${name_country}</var>
<arg>${json_data["results"][0]["nat"]}</arg>
<doc>Returns the given values which can then be assigned to a variables.</doc>
<status status="PASS" start="2024-05-29T01:07:18.694525" elapsed="0.000401"/>
</kw>
<kw name="Create List" owner="BuiltIn">
<msg time="2024-05-29T01:07:18.695815" level="INFO">${list_country} = ['AD', 'AE', 'AF', 'AG', 'AI', 'AL', 'AM', 'AO', 'AQ', 'AR', 'AS', 'AT', 'AU', 'AW', 'AX', 'AZ', 'BA', 'BB', 'BD', 'BE', 'BF', 'BG', 'BH', 'BI', 'BJ', 'BL', 'BM', 'BN', 'BO', 'BQ', 'BR', 'BS', 'BT', '...</msg>
<var>${list_country}</var>
<arg>AD</arg>
<arg>AE</arg>
<arg>AF</arg>
<arg>AG</arg>
<arg>AI</arg>
<arg>AL</arg>
<arg>AM</arg>
<arg>AO</arg>
<arg>AQ</arg>
<arg>AR</arg>
<arg>AS</arg>
<arg>AT</arg>
<arg>AU</arg>
<arg>AW</arg>
<arg>AX</arg>
<arg>AZ</arg>
<arg>BA</arg>
<arg>BB</arg>
<arg>BD</arg>
<arg>BE</arg>
<arg>BF</arg>
<arg>BG</arg>
<arg>BH</arg>
<arg>BI</arg>
<arg>BJ</arg>
<arg>BL</arg>
<arg>BM</arg>
<arg>BN</arg>
<arg>BO</arg>
<arg>BQ</arg>
<arg>BR</arg>
<arg>BS</arg>
<arg>BT</arg>
<arg>BV</arg>
<arg>BW</arg>
<arg>BY</arg>
<arg>BZ</arg>
<arg>CA</arg>
<arg>CC</arg>
<arg>CD</arg>
<arg>CF</arg>
<arg>CG</arg>
<arg>CH</arg>
<arg>CI</arg>
<arg>CK</arg>
<arg>CL</arg>
<arg>CM</arg>
<arg>CN</arg>
<arg>CO</arg>
<arg>CR</arg>
<arg>CU</arg>
<arg>CV</arg>
<arg>CW</arg>
<arg>CX</arg>
<arg>CY</arg>
<arg>CZ</arg>
<arg>DE</arg>
<arg>DJ</arg>
<arg>DK</arg>
<arg>DM</arg>
<arg>DO</arg>
<arg>DZ</arg>
<arg>EC</arg>
<arg>EE</arg>
<arg>EG</arg>
<arg>EH</arg>
<arg>ER</arg>
<arg>ES</arg>
<arg>ET</arg>
<arg>FI</arg>
<arg>FJ</arg>
<arg>FK</arg>
<arg>FM</arg>
<arg>FO</arg>
<arg>FR</arg>
<arg>GA</arg>
<arg>GB</arg>
<arg>GD</arg>
<arg>GE</arg>
<arg>GF</arg>
<arg>GG</arg>
<arg>GH</arg>
<arg>GI</arg>
<arg>GL</arg>
<arg>GM</arg>
<arg>GN</arg>
<arg>GP</arg>
<arg>GQ</arg>
<arg>GR</arg>
<arg>GS</arg>
<arg>GT</arg>
<arg>GU</arg>
<arg>GW</arg>
<arg>GY</arg>
<arg>HK</arg>
<arg>HM</arg>
<arg>HN</arg>
<arg>HR</arg>
<arg>HT</arg>
<arg>HU</arg>
<arg>ID</arg>
<arg>IE</arg>
<arg>IL</arg>
<arg>IM</arg>
<arg>IN</arg>
<arg>IO</arg>
<arg>IQ</arg>
<arg>IR</arg>
<arg>IS</arg>
<arg>IT</arg>
<arg>JE</arg>
<arg>JM</arg>
<arg>JO</arg>
<arg>JP</arg>
<arg>KE</arg>
<arg>KG</arg>
<arg>KH</arg>
<arg>KI</arg>
<arg>KM</arg>
<arg>KN</arg>
<arg>KP</arg>
<arg>KR</arg>
<arg>KW</arg>
<arg>KY</arg>
<arg>KZ</arg>
<arg>LA</arg>
<arg>LB</arg>
<arg>LC</arg>
<arg>LI</arg>
<arg>LK</arg>
<arg>LR</arg>
<arg>LS</arg>
<arg>LT</arg>
<arg>LU</arg>
<arg>LV</arg>
<arg>LY</arg>
<arg>MA</arg>
<arg>MC</arg>
<arg>MD</arg>
<arg>ME</arg>
<arg>MF</arg>
<arg>MG</arg>
<arg>MH</arg>
<arg>MK</arg>
<arg>ML</arg>
<arg>MM</arg>
<arg>MN</arg>
<arg>MO</arg>
<arg>MP</arg>
<arg>MQ</arg>
<arg>MR</arg>
<arg>MS</arg>
<arg>MT</arg>
<arg>MU</arg>
<arg>MV</arg>
<arg>MW</arg>
<arg>MX</arg>
<arg>MY</arg>
<arg>MZ</arg>
<arg>NA</arg>
<arg>NC</arg>
<arg>NE</arg>
<arg>NF</arg>
<arg>NG</arg>
<arg>NI</arg>
<arg>NL</arg>
<arg>NO</arg>
<arg>NP</arg>
<arg>NR</arg>
<arg>NU</arg>
<arg>NZ</arg>
<arg>OM</arg>
<arg>PA</arg>
<arg>PE</arg>
<arg>PF</arg>
<arg>PG</arg>
<arg>PH</arg>
<arg>PK</arg>
<arg>PL</arg>
<arg>PM</arg>
<arg>PN</arg>
<arg>PR</arg>
<arg>PS</arg>
<arg>PT</arg>
<arg>PW</arg>
<arg>PY</arg>
<arg>QA</arg>
<arg>RE</arg>
<arg>RO</arg>
<arg>RS</arg>
<arg>RU</arg>
<arg>RW</arg>
<arg>SA</arg>
<arg>SB</arg>
<arg>SC</arg>
<arg>SD</arg>
<arg>SE</arg>
<arg>SG</arg>
<arg>SH</arg>
<arg>SI</arg>
<arg>SJ</arg>
<arg>SK</arg>
<arg>SL</arg>
<arg>SM</arg>
<arg>SN</arg>
<arg>SO</arg>
<arg>SR</arg>
<arg>SS</arg>
<arg>ST</arg>
<arg>SV</arg>
<arg>SX</arg>
<arg>SY</arg>
<arg>SZ</arg>
<arg>TC</arg>
<arg>TD</arg>
<arg>TF</arg>
<arg>TG</arg>
<arg>TH</arg>
<arg>TJ</arg>
<arg>TK</arg>
<arg>TL</arg>
<arg>TM</arg>
<arg>TN</arg>
<arg>TO</arg>
<arg>TR</arg>
<arg>TT</arg>
<arg>TV</arg>
<arg>TW</arg>
<arg>TZ</arg>
<arg>UA</arg>
<arg>UG</arg>
<arg>UM</arg>
<arg>US</arg>
<arg>UY</arg>
<arg>UZ</arg>
<arg>VA</arg>
<arg>VC</arg>
<arg>VE</arg>
<arg>VG</arg>
<arg>VI</arg>
<arg>VN</arg>
<arg>VU</arg>
<arg>WF</arg>
<arg>WS</arg>
<arg>XK</arg>
<arg>YE</arg>
<arg>YT</arg>
<arg>ZA</arg>
<arg>ZM</arg>
<arg>ZW</arg>
<doc>Returns a list containing given items.</doc>
<status status="PASS" start="2024-05-29T01:07:18.695224" elapsed="0.000616"/>
</kw>
<kw name="List Should Contain Value" owner="Collections">
<msg time="2024-05-29T01:07:18.696839" level="INFO">False</msg>
<arg>${list_country}</arg>
<arg>${name_country}</arg>
<doc>Fails if the ``value`` is not found from ``list``.</doc>
<status status="PASS" start="2024-05-29T01:07:18.696616" elapsed="0.000262"/>
</kw>
<kw name="Run Keyword If" owner="BuiltIn">
<kw name="Should Be True" owner="BuiltIn">
<arg>${True}</arg>
<doc>Fails if the given condition is not true.</doc>
<status status="PASS" start="2024-05-29T01:07:18.697942" elapsed="0.000142"/>
</kw>
<arg>${json_data["results"][0]["location"]["coordinates"]["latitude"]} &gt;= -90 and ${json_data["results"][0]["location"]["coordinates"]["latitude"]} &lt;= 90</arg>
<arg>Should Be True</arg>
<arg>${True}</arg>
<doc>Runs the given keyword with the given arguments, if ``condition`` is true.</doc>
<status status="PASS" start="2024-05-29T01:07:18.697194" elapsed="0.001015"/>
</kw>
<kw name="Run Keyword If" owner="BuiltIn">
<kw name="Should Be True" owner="BuiltIn">
<arg>${True}</arg>
<doc>Fails if the given condition is not true.</doc>
<status status="PASS" start="2024-05-29T01:07:18.699076" elapsed="0.000248"/>
</kw>
<arg>${json_data["results"][0]["location"]["coordinates"]["longitude"]} &gt;= -180 and ${json_data["results"][0]["location"]["coordinates"]["longitude"]} &lt;= 180</arg>
<arg>Should Be True</arg>
<arg>${True}</arg>
<doc>Runs the given keyword with the given arguments, if ``condition`` is true.</doc>
<status status="PASS" start="2024-05-29T01:07:18.698392" elapsed="0.001059"/>
</kw>
<status status="PASS" start="2024-05-29T01:07:18.598485" elapsed="0.101097"/>
</kw>
<doc>Testa o conteúdo específico dos campos retornados pela API.</doc>
<tag>testeConteudo</tag>
<status status="PASS" start="2024-05-29T01:07:18.597881" elapsed="0.101847"/>
</test>
<status status="PASS" start="2024-05-29T01:07:17.840247" elapsed="0.861455"/>
</suite>
<status status="PASS" start="2024-05-29T01:07:17.826544" elapsed="0.880346"/>
</suite>
<statistics>
<total>
<stat pass="5" fail="0" skip="0">All Tests</stat>
</total>
<tag>
<stat pass="1" fail="0" skip="0">testeConteudo</stat>
<stat pass="1" fail="0" skip="0">testeEstruturaResposta</stat>
<stat pass="1" fail="0" skip="0">testeRequisicaoBasica</stat>
<stat pass="1" fail="0" skip="0">testeTiposDados</stat>
</tag>
<suite>
<stat pass="5" fail="0" skip="0" id="s1" name="Tests">Tests</stat>
<stat pass="5" fail="0" skip="0" id="s1-s1" name="Random-User-Test">Tests.Random-User-Test</stat>
</suite>
</statistics>
<errors>
</errors>
</robot>
