<?xml version="1.0" encoding="UTF-8"?>
<robot generator="Robot 7.0.1 (Python 3.12.4 on linux)" generated="2024-06-28T15:15:35.183355" rpa="false" schemaversion="5">
<suite id="s1" name="Tests" source="/home/runner/work/ApiRandomUser/ApiRandomUser/RamdonUser/tests">
<suite id="s1-s1" name="Random-User-Test" source="/home/runner/work/ApiRandomUser/ApiRandomUser/RamdonUser/tests/random-user-test.robot">
<test id="s1-s1-t1" name="Conectar" line="13">
<kw name="Conectar API" owner="random-user-service">
<kw name="Create Session" owner="RequestsLibrary">
<msg time="2024-06-28T15:15:35.586911" level="INFO">Creating Session using : alias=consultarAPI, url=https://randomuser.me/, headers={},                     cookies={}, auth=None, timeout=None, proxies=None, verify=False,                     debug=0 </msg>
<arg>consultarAPI</arg>
<arg>${URL}</arg>
<doc>Create Session: create a HTTP session to a server</doc>
<status status="PASS" start="2024-06-28T15:15:35.586707" elapsed="0.000381"/>
</kw>
<status status="PASS" start="2024-06-28T15:15:35.585748" elapsed="0.001702"/>
</kw>
<status status="PASS" start="2024-06-28T15:15:35.585183" elapsed="0.002495"/>
</test>
<test id="s1-s1-t2" name="Validar retorno 200 e JSON Válido" line="16">
<kw name="Teste de Requisicao Basica" owner="random-user-service">
<kw name="GET On Session" owner="RequestsLibrary">
<msg time="2024-06-28T15:15:36.270861" level="INFO">GET Request : url=https://randomuser.me/api 
 path_url=/api 
 headers={'User-Agent': 'python-requests/2.32.3', 'Accept-Encoding': 'gzip, deflate', 'Accept': '*/*', 'Connection': 'keep-alive'} 
 body=None 
 </msg>
<msg time="2024-06-28T15:15:36.271045" level="INFO">GET Response : url=https://randomuser.me/api 
 status=200, reason=OK 
 headers={'Date': 'Fri, 28 Jun 2024 15:15:36 GMT', 'Content-Type': 'application/json; charset=utf-8', 'Transfer-Encoding': 'chunked', 'Connection': 'keep-alive', 'X-Powered-By': 'Express', 'Access-Control-Allow-Origin': '*', 'Cache-Control': 'no-cache', 'ETag': 'W/"4c3-2XKp3LhNFhaGCP8UBHWcNB+Ga30"', 'Vary': 'Accept-Encoding', 'Content-Encoding': 'gzip', 'CF-Cache-Status': 'DYNAMIC', 'Report-To': '{"endpoints":[{"url":"https:\\/\\/a.nel.cloudflare.com\\/report\\/v4?s=4Q9L0eP3DxDw51ZphuaDFsa26GaZKGtqLXMYli7yLZoZ8y%2Fl%2FobU5Kfc8kO5OLDjYfygZdSyVcUeygkLxrV3w8hhpIXNhWj2E95UuTWoit4mYSxDmKCONvA8Lnx%2BVZD6"}],"group":"cf-nel","max_age":604800}', 'NEL': '{"success_fraction":0,"report_to":"cf-nel","max_age":604800}', 'Server': 'cloudflare', 'CF-RAY': '89aea2149a615233-LAX', 'alt-svc': 'h3=":443"; ma=86400'} 
 body={"results":[{"gender":"female","name":{"title":"Ms","first":"فاطمه زهرا","last":"گلشن"},"location":{"street":{"number":7831,"name":"آیت الله طالقانی"},"city":"قم","state":"کهگیلویه و بویراحمد","country":"Iran","postcode":64257,"coordinates":{"latitude":"17.6042","longitude":"66.7406"},"timezone":{"offset":"-4:00","description":"Atlantic Time (Canada), Caracas, La Paz"}},"email":"ftmhzhr.glshn@example.com","login":{"uuid":"9ef4c0be-90b9-4ac4-8642-ade24cd65135","username":"blueostrich883","password":"dogwood","salt":"bRLNXrUy","md5":"febdec8b612f073113f34ea18c597c57","sha1":"1d765aa9a2316427da9f7a55db0e46ee003feff3","sha256":"5e03ed19bbd7886cd1ab49fa1977d6b856efa6df9322e41560f01861e65dc25d"},"dob":{"date":"1997-10-18T09:22:42.221Z","age":26},"registered":{"date":"2005-12-10T18:33:01.081Z","age":18},"phone":"078-43023491","cell":"0937-173-4798","id":{"name":"","value":null},"picture":{"large":"https://randomuser.me/api/portraits/women/24.jpg","medium":"https://randomuser.me/api/portraits/med/women/24.jpg","thumbnail":"https://randomuser.me/api/portraits/thumb/women/24.jpg"},"nat":"IR"}],"info":{"seed":"89db56aaee1b0265","results":1,"page":1,"version":"1.4"}} 
 </msg>
<msg time="2024-06-28T15:15:36.271150" level="INFO">/opt/hostedtoolcache/Python/3.12.4/x64/lib/python3.12/site-packages/urllib3/connectionpool.py:1099: InsecureRequestWarning: Unverified HTTPS request is being made to host 'randomuser.me'. Adding certificate verification is strongly advised. See: https://urllib3.readthedocs.io/en/latest/advanced-usage.html#tls-warnings
  warnings.warn(</msg>
<msg time="2024-06-28T15:15:36.271293" level="INFO">${response} = &lt;Response [200]&gt;</msg>
<var>${response}</var>
<arg>consultarAPI</arg>
<arg>/api</arg>
<doc>Sends a GET request on a previously created HTTP Session.</doc>
<status status="PASS" start="2024-06-28T15:15:35.590223" elapsed="0.681114"/>
</kw>
<kw name="Should Be Equal As Numbers" owner="BuiltIn">
<msg time="2024-06-28T15:15:36.272391" level="INFO">Argument types are:
&lt;class 'int'&gt;
&lt;class 'str'&gt;</msg>
<arg>${response.status_code}</arg>
<arg>200</arg>
<doc>Fails if objects are unequal after converting them to real numbers.</doc>
<status status="PASS" start="2024-06-28T15:15:36.271934" elapsed="0.000520"/>
</kw>
<kw name="Log" owner="BuiltIn">
<msg time="2024-06-28T15:15:36.273118" level="INFO">200</msg>
<arg>${response.status_code}</arg>
<doc>Logs the given message with the given level.</doc>
<status status="PASS" start="2024-06-28T15:15:36.272764" elapsed="0.000395"/>
</kw>
<kw name="Set Variable" owner="BuiltIn">
<msg time="2024-06-28T15:15:36.273915" level="INFO">${json_data} = {'results': [{'gender': 'female', 'name': {'title': 'Ms', 'first': 'فاطمه زهرا', 'last': 'گلشن'}, 'location': {'street': {'number': 7831, 'name': 'آیت الله طالقانی'}, 'city': 'قم', 'state': 'کهگیلویه ...</msg>
<var>${json_data}</var>
<arg>${response.json()}</arg>
<doc>Returns the given values which can then be assigned to a variables.</doc>
<status status="PASS" start="2024-06-28T15:15:36.273459" elapsed="0.000486"/>
</kw>
<kw name="Dictionary Should Contain Key" owner="Collections">
<arg>${json_data}</arg>
<arg>results</arg>
<doc>Fails if ``key`` is not found from ``dictionary``.</doc>
<status status="PASS" start="2024-06-28T15:15:36.274250" elapsed="0.000164"/>
</kw>
<status status="PASS" start="2024-06-28T15:15:35.589979" elapsed="0.684586"/>
</kw>
<doc>Testa se a API responde corretamente e retorna um objeto JSON válido.</doc>
<tag>testeRequisicaoBasica</tag>
<status status="PASS" start="2024-06-28T15:15:35.589517" elapsed="0.685221"/>
</test>
<test id="s1-s1-t3" name="Validar estrutura de resposta" line="22">
<kw name="Teste de Estrutura de Resposta" owner="random-user-service">
<kw name="GET On Session" owner="RequestsLibrary">
<msg time="2024-06-28T15:15:36.443068" level="INFO">GET Request : url=https://randomuser.me/api 
 path_url=/api 
 headers={'User-Agent': 'python-requests/2.32.3', 'Accept-Encoding': 'gzip, deflate', 'Accept': '*/*', 'Connection': 'keep-alive'} 
 body=None 
 </msg>
<msg time="2024-06-28T15:15:36.443173" level="INFO">GET Response : url=https://randomuser.me/api 
 status=200, reason=OK 
 headers={'Date': 'Fri, 28 Jun 2024 15:15:36 GMT', 'Content-Type': 'application/json; charset=utf-8', 'Transfer-Encoding': 'chunked', 'Connection': 'keep-alive', 'X-Powered-By': 'Express', 'Access-Control-Allow-Origin': '*', 'Cache-Control': 'no-cache', 'ETag': 'W/"48a-O/xRNn/432IKY5LZZL3a8QXGRKU"', 'Vary': 'Accept-Encoding', 'Content-Encoding': 'gzip', 'CF-Cache-Status': 'DYNAMIC', 'Report-To': '{"endpoints":[{"url":"https:\\/\\/a.nel.cloudflare.com\\/report\\/v4?s=S1IRWzJ59iSItaGjWdtd13W4g3qRGQeMOJ25eV%2Fn7xlI%2FT79a%2BmFuOn5M8fV4FFqYj3Oq0jlbVeTdEkrUT8UaN7z0YY2IDB7evVZKmiR7ixZ3FUXDOW%2FgxKuzqzsG46e"}],"group":"cf-nel","max_age":604800}', 'NEL': '{"success_fraction":0,"report_to":"cf-nel","max_age":604800}', 'Server': 'cloudflare', 'CF-RAY': '89aea217cd445233-LAX', 'alt-svc': 'h3=":443"; ma=86400'} 
 body={"results":[{"gender":"male","name":{"title":"Mr","first":"Nathan","last":"Edwards"},"location":{"street":{"number":4292,"name":"Tay Street"},"city":"Gisborne","state":"Gisborne","country":"New Zealand","postcode":87073,"coordinates":{"latitude":"48.1506","longitude":"-39.2697"},"timezone":{"offset":"-4:00","description":"Atlantic Time (Canada), Caracas, La Paz"}},"email":"nathan.edwards@example.com","login":{"uuid":"c246d23d-e82b-4b97-ad2b-f43e583fccc7","username":"blackpanda959","password":"skirt","salt":"3GkSUKDk","md5":"ce6805da9d566776f38ff3035614ec3a","sha1":"923803e9346e30274957cffd2f59b2c454b0ec51","sha256":"41dc0acebd6ee1819763ef3684231d9e20bcbbd15ba3e66eeea86cd7f03219d3"},"dob":{"date":"1959-01-12T11:03:43.684Z","age":65},"registered":{"date":"2006-07-09T16:43:22.024Z","age":17},"phone":"(352)-977-7431","cell":"(745)-538-0629","id":{"name":"","value":null},"picture":{"large":"https://randomuser.me/api/portraits/men/90.jpg","medium":"https://randomuser.me/api/portraits/med/men/90.jpg","thumbnail":"https://randomuser.me/api/portraits/thumb/men/90.jpg"},"nat":"NZ"}],"info":{"seed":"6b17b6c0e5860bd6","results":1,"page":1,"version":"1.4"}} 
 </msg>
<msg time="2024-06-28T15:15:36.443313" level="INFO">/opt/hostedtoolcache/Python/3.12.4/x64/lib/python3.12/site-packages/urllib3/connectionpool.py:1099: InsecureRequestWarning: Unverified HTTPS request is being made to host 'randomuser.me'. Adding certificate verification is strongly advised. See: https://urllib3.readthedocs.io/en/latest/advanced-usage.html#tls-warnings
  warnings.warn(</msg>
<msg time="2024-06-28T15:15:36.443448" level="INFO">${response} = &lt;Response [200]&gt;</msg>
<var>${response}</var>
<arg>consultarAPI</arg>
<arg>/api</arg>
<doc>Sends a GET request on a previously created HTTP Session.</doc>
<status status="PASS" start="2024-06-28T15:15:36.277439" elapsed="0.166050"/>
</kw>
<kw name="Set Variable" owner="BuiltIn">
<msg time="2024-06-28T15:15:36.444620" level="INFO">${json_data} = {'results': [{'gender': 'male', 'name': {'title': 'Mr', 'first': 'Nathan', 'last': 'Edwards'}, 'location': {'street': {'number': 4292, 'name': 'Tay Street'}, 'city': 'Gisborne', 'state': 'Gisborne', '...</msg>
<var>${json_data}</var>
<arg>${response.json()}</arg>
<doc>Returns the given values which can then be assigned to a variables.</doc>
<status status="PASS" start="2024-06-28T15:15:36.444076" elapsed="0.000571"/>
</kw>
<kw name="Log" owner="BuiltIn">
<msg time="2024-06-28T15:15:36.445141" level="INFO">{'results': [{'gender': 'male', 'name': {'title': 'Mr', 'first': 'Nathan', 'last': 'Edwards'}, 'location': {'street': {'number': 4292, 'name': 'Tay Street'}, 'city': 'Gisborne', 'state': 'Gisborne', 'country': 'New Zealand', 'postcode': 87073, 'coordinates': {'latitude': '48.1506', 'longitude': '-39.2697'}, 'timezone': {'offset': '-4:00', 'description': 'Atlantic Time (Canada), Caracas, La Paz'}}, 'email': 'nathan.edwards@example.com', 'login': {'uuid': 'c246d23d-e82b-4b97-ad2b-f43e583fccc7', 'username': 'blackpanda959', 'password': 'skirt', 'salt': '3GkSUKDk', 'md5': 'ce6805da9d566776f38ff3035614ec3a', 'sha1': '923803e9346e30274957cffd2f59b2c454b0ec51', 'sha256': '41dc0acebd6ee1819763ef3684231d9e20bcbbd15ba3e66eeea86cd7f03219d3'}, 'dob': {'date': '1959-01-12T11:03:43.684Z', 'age': 65}, 'registered': {'date': '2006-07-09T16:43:22.024Z', 'age': 17}, 'phone': '(352)-977-7431', 'cell': '(745)-538-0629', 'id': {'name': '', 'value': None}, 'picture': {'large': 'https://randomuser.me/api/portraits/men/90.jpg', 'medium': 'https://randomuser.me/api/portraits/med/men/90.jpg', 'thumbnail': 'https://randomuser.me/api/portraits/thumb/men/90.jpg'}, 'nat': 'NZ'}], 'info': {'seed': '6b17b6c0e5860bd6', 'results': 1, 'page': 1, 'version': '1.4'}}</msg>
<arg>${json_data}</arg>
<doc>Logs the given message with the given level.</doc>
<status status="PASS" start="2024-06-28T15:15:36.444982" elapsed="0.000207"/>
</kw>
<kw name="Dictionary Should Contain Key" owner="Collections">
<arg>${json_data}</arg>
<arg>results</arg>
<doc>Fails if ``key`` is not found from ``dictionary``.</doc>
<status status="PASS" start="2024-06-28T15:15:36.445484" elapsed="0.000162"/>
</kw>
<kw name="Should Not Be Empty" owner="BuiltIn">
<msg time="2024-06-28T15:15:36.445961" level="INFO">Length is 2.</msg>
<arg>${json_data}</arg>
<doc>Verifies that the given item is not empty.</doc>
<status status="PASS" start="2024-06-28T15:15:36.445829" elapsed="0.000171"/>
</kw>
<kw name="Create List" owner="BuiltIn">
<msg time="2024-06-28T15:15:36.446443" level="INFO">${expected_keys} = ['gender', 'name', 'location', 'email', 'login']</msg>
<var>${expected_keys}</var>
<arg>gender</arg>
<arg>name</arg>
<arg>location</arg>
<arg>email</arg>
<arg>login</arg>
<doc>Returns a list containing given items.</doc>
<status status="PASS" start="2024-06-28T15:15:36.446290" elapsed="0.000177"/>
</kw>
<for flavor="IN">
<iter>
<kw name="Dictionary Should Contain Key" owner="Collections">
<arg>${json_data['results'][0]}</arg>
<arg>${key}</arg>
<doc>Fails if ``key`` is not found from ``dictionary``.</doc>
<status status="PASS" start="2024-06-28T15:15:36.447189" elapsed="0.000394"/>
</kw>
<kw name="Log" owner="BuiltIn">
<msg time="2024-06-28T15:15:36.448182" level="INFO">{'gender': 'male', 'name': {'title': 'Mr', 'first': 'Nathan', 'last': 'Edwards'}, 'location': {'street': {'number': 4292, 'name': 'Tay Street'}, 'city': 'Gisborne', 'state': 'Gisborne', 'country': 'New Zealand', 'postcode': 87073, 'coordinates': {'latitude': '48.1506', 'longitude': '-39.2697'}, 'timezone': {'offset': '-4:00', 'description': 'Atlantic Time (Canada), Caracas, La Paz'}}, 'email': 'nathan.edwards@example.com', 'login': {'uuid': 'c246d23d-e82b-4b97-ad2b-f43e583fccc7', 'username': 'blackpanda959', 'password': 'skirt', 'salt': '3GkSUKDk', 'md5': 'ce6805da9d566776f38ff3035614ec3a', 'sha1': '923803e9346e30274957cffd2f59b2c454b0ec51', 'sha256': '41dc0acebd6ee1819763ef3684231d9e20bcbbd15ba3e66eeea86cd7f03219d3'}, 'dob': {'date': '1959-01-12T11:03:43.684Z', 'age': 65}, 'registered': {'date': '2006-07-09T16:43:22.024Z', 'age': 17}, 'phone': '(352)-977-7431', 'cell': '(745)-538-0629', 'id': {'name': '', 'value': None}, 'picture': {'large': 'https://randomuser.me/api/portraits/men/90.jpg', 'medium': 'https://randomuser.me/api/portraits/med/men/90.jpg', 'thumbnail': 'https://randomuser.me/api/portraits/thumb/men/90.jpg'}, 'nat': 'NZ'}</msg>
<arg>${json_data['results'][0]}</arg>
<doc>Logs the given message with the given level.</doc>
<status status="PASS" start="2024-06-28T15:15:36.447820" elapsed="0.000410"/>
</kw>
<kw name="Log" owner="BuiltIn">
<msg time="2024-06-28T15:15:36.448653" level="INFO">gender</msg>
<arg>${key}</arg>
<doc>Logs the given message with the given level.</doc>
<status status="PASS" start="2024-06-28T15:15:36.448526" elapsed="0.000163"/>
</kw>
<var name="${key}">gender</var>
<status status="PASS" start="2024-06-28T15:15:36.447067" elapsed="0.001836"/>
</iter>
<iter>
<kw name="Dictionary Should Contain Key" owner="Collections">
<arg>${json_data['results'][0]}</arg>
<arg>${key}</arg>
<doc>Fails if ``key`` is not found from ``dictionary``.</doc>
<status status="PASS" start="2024-06-28T15:15:36.449202" elapsed="0.000387"/>
</kw>
<kw name="Log" owner="BuiltIn">
<msg time="2024-06-28T15:15:36.450110" level="INFO">{'gender': 'male', 'name': {'title': 'Mr', 'first': 'Nathan', 'last': 'Edwards'}, 'location': {'street': {'number': 4292, 'name': 'Tay Street'}, 'city': 'Gisborne', 'state': 'Gisborne', 'country': 'New Zealand', 'postcode': 87073, 'coordinates': {'latitude': '48.1506', 'longitude': '-39.2697'}, 'timezone': {'offset': '-4:00', 'description': 'Atlantic Time (Canada), Caracas, La Paz'}}, 'email': 'nathan.edwards@example.com', 'login': {'uuid': 'c246d23d-e82b-4b97-ad2b-f43e583fccc7', 'username': 'blackpanda959', 'password': 'skirt', 'salt': '3GkSUKDk', 'md5': 'ce6805da9d566776f38ff3035614ec3a', 'sha1': '923803e9346e30274957cffd2f59b2c454b0ec51', 'sha256': '41dc0acebd6ee1819763ef3684231d9e20bcbbd15ba3e66eeea86cd7f03219d3'}, 'dob': {'date': '1959-01-12T11:03:43.684Z', 'age': 65}, 'registered': {'date': '2006-07-09T16:43:22.024Z', 'age': 17}, 'phone': '(352)-977-7431', 'cell': '(745)-538-0629', 'id': {'name': '', 'value': None}, 'picture': {'large': 'https://randomuser.me/api/portraits/men/90.jpg', 'medium': 'https://randomuser.me/api/portraits/med/men/90.jpg', 'thumbnail': 'https://randomuser.me/api/portraits/thumb/men/90.jpg'}, 'nat': 'NZ'}</msg>
<arg>${json_data['results'][0]}</arg>
<doc>Logs the given message with the given level.</doc>
<status status="PASS" start="2024-06-28T15:15:36.449768" elapsed="0.000420"/>
</kw>
<kw name="Log" owner="BuiltIn">
<msg time="2024-06-28T15:15:36.450611" level="INFO">name</msg>
<arg>${key}</arg>
<doc>Logs the given message with the given level.</doc>
<status status="PASS" start="2024-06-28T15:15:36.450483" elapsed="0.000165"/>
</kw>
<var name="${key}">name</var>
<status status="PASS" start="2024-06-28T15:15:36.449093" elapsed="0.001771"/>
</iter>
<iter>
<kw name="Dictionary Should Contain Key" owner="Collections">
<arg>${json_data['results'][0]}</arg>
<arg>${key}</arg>
<doc>Fails if ``key`` is not found from ``dictionary``.</doc>
<status status="PASS" start="2024-06-28T15:15:36.451144" elapsed="0.000375"/>
</kw>
<kw name="Log" owner="BuiltIn">
<msg time="2024-06-28T15:15:36.452066" level="INFO">{'gender': 'male', 'name': {'title': 'Mr', 'first': 'Nathan', 'last': 'Edwards'}, 'location': {'street': {'number': 4292, 'name': 'Tay Street'}, 'city': 'Gisborne', 'state': 'Gisborne', 'country': 'New Zealand', 'postcode': 87073, 'coordinates': {'latitude': '48.1506', 'longitude': '-39.2697'}, 'timezone': {'offset': '-4:00', 'description': 'Atlantic Time (Canada), Caracas, La Paz'}}, 'email': 'nathan.edwards@example.com', 'login': {'uuid': 'c246d23d-e82b-4b97-ad2b-f43e583fccc7', 'username': 'blackpanda959', 'password': 'skirt', 'salt': '3GkSUKDk', 'md5': 'ce6805da9d566776f38ff3035614ec3a', 'sha1': '923803e9346e30274957cffd2f59b2c454b0ec51', 'sha256': '41dc0acebd6ee1819763ef3684231d9e20bcbbd15ba3e66eeea86cd7f03219d3'}, 'dob': {'date': '1959-01-12T11:03:43.684Z', 'age': 65}, 'registered': {'date': '2006-07-09T16:43:22.024Z', 'age': 17}, 'phone': '(352)-977-7431', 'cell': '(745)-538-0629', 'id': {'name': '', 'value': None}, 'picture': {'large': 'https://randomuser.me/api/portraits/men/90.jpg', 'medium': 'https://randomuser.me/api/portraits/med/men/90.jpg', 'thumbnail': 'https://randomuser.me/api/portraits/thumb/men/90.jpg'}, 'nat': 'NZ'}</msg>
<arg>${json_data['results'][0]}</arg>
<doc>Logs the given message with the given level.</doc>
<status status="PASS" start="2024-06-28T15:15:36.451719" elapsed="0.000393"/>
</kw>
<kw name="Log" owner="BuiltIn">
<msg time="2024-06-28T15:15:36.452534" level="INFO">location</msg>
<arg>${key}</arg>
<doc>Logs the given message with the given level.</doc>
<status status="PASS" start="2024-06-28T15:15:36.452408" elapsed="0.000162"/>
</kw>
<var name="${key}">location</var>
<status status="PASS" start="2024-06-28T15:15:36.451039" elapsed="0.001744"/>
</iter>
<iter>
<kw name="Dictionary Should Contain Key" owner="Collections">
<arg>${json_data['results'][0]}</arg>
<arg>${key}</arg>
<doc>Fails if ``key`` is not found from ``dictionary``.</doc>
<status status="PASS" start="2024-06-28T15:15:36.453058" elapsed="0.000382"/>
</kw>
<kw name="Log" owner="BuiltIn">
<msg time="2024-06-28T15:15:36.453973" level="INFO">{'gender': 'male', 'name': {'title': 'Mr', 'first': 'Nathan', 'last': 'Edwards'}, 'location': {'street': {'number': 4292, 'name': 'Tay Street'}, 'city': 'Gisborne', 'state': 'Gisborne', 'country': 'New Zealand', 'postcode': 87073, 'coordinates': {'latitude': '48.1506', 'longitude': '-39.2697'}, 'timezone': {'offset': '-4:00', 'description': 'Atlantic Time (Canada), Caracas, La Paz'}}, 'email': 'nathan.edwards@example.com', 'login': {'uuid': 'c246d23d-e82b-4b97-ad2b-f43e583fccc7', 'username': 'blackpanda959', 'password': 'skirt', 'salt': '3GkSUKDk', 'md5': 'ce6805da9d566776f38ff3035614ec3a', 'sha1': '923803e9346e30274957cffd2f59b2c454b0ec51', 'sha256': '41dc0acebd6ee1819763ef3684231d9e20bcbbd15ba3e66eeea86cd7f03219d3'}, 'dob': {'date': '1959-01-12T11:03:43.684Z', 'age': 65}, 'registered': {'date': '2006-07-09T16:43:22.024Z', 'age': 17}, 'phone': '(352)-977-7431', 'cell': '(745)-538-0629', 'id': {'name': '', 'value': None}, 'picture': {'large': 'https://randomuser.me/api/portraits/men/90.jpg', 'medium': 'https://randomuser.me/api/portraits/med/men/90.jpg', 'thumbnail': 'https://randomuser.me/api/portraits/thumb/men/90.jpg'}, 'nat': 'NZ'}</msg>
<arg>${json_data['results'][0]}</arg>
<doc>Logs the given message with the given level.</doc>
<status status="PASS" start="2024-06-28T15:15:36.453618" elapsed="0.000402"/>
</kw>
<kw name="Log" owner="BuiltIn">
<msg time="2024-06-28T15:15:36.454444" level="INFO">email</msg>
<arg>${key}</arg>
<doc>Logs the given message with the given level.</doc>
<status status="PASS" start="2024-06-28T15:15:36.454317" elapsed="0.000164"/>
</kw>
<var name="${key}">email</var>
<status status="PASS" start="2024-06-28T15:15:36.452951" elapsed="0.001748"/>
</iter>
<iter>
<kw name="Dictionary Should Contain Key" owner="Collections">
<arg>${json_data['results'][0]}</arg>
<arg>${key}</arg>
<doc>Fails if ``key`` is not found from ``dictionary``.</doc>
<status status="PASS" start="2024-06-28T15:15:36.454988" elapsed="0.000382"/>
</kw>
<kw name="Log" owner="BuiltIn">
<msg time="2024-06-28T15:15:36.455927" level="INFO">{'gender': 'male', 'name': {'title': 'Mr', 'first': 'Nathan', 'last': 'Edwards'}, 'location': {'street': {'number': 4292, 'name': 'Tay Street'}, 'city': 'Gisborne', 'state': 'Gisborne', 'country': 'New Zealand', 'postcode': 87073, 'coordinates': {'latitude': '48.1506', 'longitude': '-39.2697'}, 'timezone': {'offset': '-4:00', 'description': 'Atlantic Time (Canada), Caracas, La Paz'}}, 'email': 'nathan.edwards@example.com', 'login': {'uuid': 'c246d23d-e82b-4b97-ad2b-f43e583fccc7', 'username': 'blackpanda959', 'password': 'skirt', 'salt': '3GkSUKDk', 'md5': 'ce6805da9d566776f38ff3035614ec3a', 'sha1': '923803e9346e30274957cffd2f59b2c454b0ec51', 'sha256': '41dc0acebd6ee1819763ef3684231d9e20bcbbd15ba3e66eeea86cd7f03219d3'}, 'dob': {'date': '1959-01-12T11:03:43.684Z', 'age': 65}, 'registered': {'date': '2006-07-09T16:43:22.024Z', 'age': 17}, 'phone': '(352)-977-7431', 'cell': '(745)-538-0629', 'id': {'name': '', 'value': None}, 'picture': {'large': 'https://randomuser.me/api/portraits/men/90.jpg', 'medium': 'https://randomuser.me/api/portraits/med/men/90.jpg', 'thumbnail': 'https://randomuser.me/api/portraits/thumb/men/90.jpg'}, 'nat': 'NZ'}</msg>
<arg>${json_data['results'][0]}</arg>
<doc>Logs the given message with the given level.</doc>
<status status="PASS" start="2024-06-28T15:15:36.455548" elapsed="0.000426"/>
</kw>
<kw name="Log" owner="BuiltIn">
<msg time="2024-06-28T15:15:36.456390" level="INFO">login</msg>
<arg>${key}</arg>
<doc>Logs the given message with the given level.</doc>
<status status="PASS" start="2024-06-28T15:15:36.456264" elapsed="0.000162"/>
</kw>
<var name="${key}">login</var>
<status status="PASS" start="2024-06-28T15:15:36.454870" elapsed="0.001774"/>
</iter>
<var>${key}</var>
<value>@{expected_keys}</value>
<status status="PASS" start="2024-06-28T15:15:36.446876" elapsed="0.009888"/>
</for>
<kw name="Create List" owner="BuiltIn">
<msg time="2024-06-28T15:15:36.457083" level="INFO">${expected_keysTwo} = ['username', 'password']</msg>
<var>${expected_keysTwo}</var>
<arg>username</arg>
<arg>password</arg>
<doc>Returns a list containing given items.</doc>
<status status="PASS" start="2024-06-28T15:15:36.456951" elapsed="0.000156"/>
</kw>
<for flavor="IN">
<iter>
<kw name="Dictionary Should Contain Key" owner="Collections">
<arg>${json_data['results'][0]['login']}</arg>
<arg>${keyTwo}</arg>
<doc>Fails if ``key`` is not found from ``dictionary``.</doc>
<status status="PASS" start="2024-06-28T15:15:36.457626" elapsed="0.000377"/>
</kw>
<kw name="Dictionary Should Contain Key" owner="Collections">
<arg>${json_data['results'][0]['login']}</arg>
<arg>${keyTwo}</arg>
<doc>Fails if ``key`` is not found from ``dictionary``.</doc>
<status status="PASS" start="2024-06-28T15:15:36.458180" elapsed="0.000378"/>
</kw>
<kw name="Log" owner="BuiltIn">
<msg time="2024-06-28T15:15:36.458861" level="INFO">username</msg>
<arg>${keyTwo}</arg>
<doc>Logs the given message with the given level.</doc>
<status status="PASS" start="2024-06-28T15:15:36.458737" elapsed="0.000162"/>
</kw>
<var name="${keyTwo}">username</var>
<status status="PASS" start="2024-06-28T15:15:36.457520" elapsed="0.001596"/>
</iter>
<iter>
<kw name="Dictionary Should Contain Key" owner="Collections">
<arg>${json_data['results'][0]['login']}</arg>
<arg>${keyTwo}</arg>
<doc>Fails if ``key`` is not found from ``dictionary``.</doc>
<status status="PASS" start="2024-06-28T15:15:36.459393" elapsed="0.000412"/>
</kw>
<kw name="Dictionary Should Contain Key" owner="Collections">
<arg>${json_data['results'][0]['login']}</arg>
<arg>${keyTwo}</arg>
<doc>Fails if ``key`` is not found from ``dictionary``.</doc>
<status status="PASS" start="2024-06-28T15:15:36.459982" elapsed="0.000364"/>
</kw>
<kw name="Log" owner="BuiltIn">
<msg time="2024-06-28T15:15:36.460636" level="INFO">password</msg>
<arg>${keyTwo}</arg>
<doc>Logs the given message with the given level.</doc>
<status status="PASS" start="2024-06-28T15:15:36.460519" elapsed="0.000159"/>
</kw>
<var name="${keyTwo}">password</var>
<status status="PASS" start="2024-06-28T15:15:36.459288" elapsed="0.001606"/>
</iter>
<var>${keyTwo}</var>
<value>@{expected_keysTwo}</value>
<status status="PASS" start="2024-06-28T15:15:36.457368" elapsed="0.003645"/>
</for>
<status status="PASS" start="2024-06-28T15:15:36.277211" elapsed="0.183940"/>
</kw>
<doc>Testa a estrutura da resposta da API.</doc>
<tag>testeEstruturaResposta</tag>
<status status="PASS" start="2024-06-28T15:15:36.276622" elapsed="0.184691"/>
</test>
<test id="s1-s1-t4" name="Validar tipos de dados" line="28">
<kw name="Teste de Tipos de Dados" owner="random-user-service">
<kw name="GET On Session" owner="RequestsLibrary">
<msg time="2024-06-28T15:15:36.564313" level="INFO">GET Request : url=https://randomuser.me/api 
 path_url=/api 
 headers={'User-Agent': 'python-requests/2.32.3', 'Accept-Encoding': 'gzip, deflate', 'Accept': '*/*', 'Connection': 'keep-alive'} 
 body=None 
 </msg>
<msg time="2024-06-28T15:15:36.564421" level="INFO">GET Response : url=https://randomuser.me/api 
 status=200, reason=OK 
 headers={'Date': 'Fri, 28 Jun 2024 15:15:36 GMT', 'Content-Type': 'application/json; charset=utf-8', 'Transfer-Encoding': 'chunked', 'Connection': 'keep-alive', 'X-Powered-By': 'Express', 'Access-Control-Allow-Origin': '*', 'Cache-Control': 'no-cache', 'ETag': 'W/"4c1-/HtVGQuVmSnr9JK5eBFAEm8uZJ0"', 'Vary': 'Accept-Encoding', 'Content-Encoding': 'gzip', 'CF-Cache-Status': 'DYNAMIC', 'Report-To': '{"endpoints":[{"url":"https:\\/\\/a.nel.cloudflare.com\\/report\\/v4?s=1GZoImoJX2pWJd7sXYADLzXs7UsF9Dqzv99jm29E9YfvHZoT9vX8bY7E8%2FT1sY3FvwV38rbxktCUZWq7X%2F%2BODMiWM81IkcitOUTFMk%2Bizuz9Pj%2B5kA7ysrWEQ8U8Zwfj"}],"group":"cf-nel","max_age":604800}', 'NEL': '{"success_fraction":0,"report_to":"cf-nel","max_age":604800}', 'Server': 'cloudflare', 'CF-RAY': '89aea218ee775233-LAX', 'alt-svc': 'h3=":443"; ma=86400'} 
 body={"results":[{"gender":"male","name":{"title":"Mr","first":"Santiago","last":"Bahena"},"location":{"street":{"number":2184,"name":"Andador Norte Porras"},"city":"Vicente Guerrero (Algodones)","state":"Oaxaca","country":"Mexico","postcode":24678,"coordinates":{"latitude":"28.9963","longitude":"-103.1345"},"timezone":{"offset":"0:00","description":"Western Europe Time, London, Lisbon, Casablanca"}},"email":"santiago.bahena@example.com","login":{"uuid":"e1731f92-ddde-455e-9af1-1a447626546c","username":"yellowbutterfly158","password":"newton","salt":"Z1Z6vw6h","md5":"c8fd8ca97a70fde68673b2d774ffcbf7","sha1":"04621e7f06f1a8003e12567dbcf94325de2e3086","sha256":"7dbde2681ffbde44221ef1a9a61107f509f2f20db9dd2ee8cae7d458c7c24270"},"dob":{"date":"1982-01-07T04:09:16.776Z","age":42},"registered":{"date":"2008-01-22T19:20:58.436Z","age":16},"phone":"(644) 133 2475","cell":"(617) 508 1384","id":{"name":"NSS","value":"51 28 59 8628 3"},"picture":{"large":"https://randomuser.me/api/portraits/men/29.jpg","medium":"https://randomuser.me/api/portraits/med/men/29.jpg","thumbnail":"https://randomuser.me/api/portraits/thumb/men/29.jpg"},"nat":"MX"}],"info":{"seed":"75eb951608eb2ae2","results":1,"page":1,"version":"1.4"}} 
 </msg>
<msg time="2024-06-28T15:15:36.564509" level="INFO">/opt/hostedtoolcache/Python/3.12.4/x64/lib/python3.12/site-packages/urllib3/connectionpool.py:1099: InsecureRequestWarning: Unverified HTTPS request is being made to host 'randomuser.me'. Adding certificate verification is strongly advised. See: https://urllib3.readthedocs.io/en/latest/advanced-usage.html#tls-warnings
  warnings.warn(</msg>
<msg time="2024-06-28T15:15:36.564651" level="INFO">${response} = &lt;Response [200]&gt;</msg>
<var>${response}</var>
<arg>consultarAPI</arg>
<arg>/api</arg>
<doc>Sends a GET request on a previously created HTTP Session.</doc>
<status status="PASS" start="2024-06-28T15:15:36.463973" elapsed="0.100716"/>
</kw>
<kw name="Set Variable" owner="BuiltIn">
<msg time="2024-06-28T15:15:36.565874" level="INFO">${json_data} = {'results': [{'gender': 'male', 'name': {'title': 'Mr', 'first': 'Santiago', 'last': 'Bahena'}, 'location': {'street': {'number': 2184, 'name': 'Andador Norte Porras'}, 'city': 'Vicente Guerrero (Algo...</msg>
<var>${json_data}</var>
<arg>${response.json()}</arg>
<doc>Returns the given values which can then be assigned to a variables.</doc>
<status status="PASS" start="2024-06-28T15:15:36.565305" elapsed="0.000601"/>
</kw>
<kw name="Log" owner="BuiltIn">
<msg time="2024-06-28T15:15:36.566370" level="INFO">{'results': [{'gender': 'male', 'name': {'title': 'Mr', 'first': 'Santiago', 'last': 'Bahena'}, 'location': {'street': {'number': 2184, 'name': 'Andador Norte Porras'}, 'city': 'Vicente Guerrero (Algodones)', 'state': 'Oaxaca', 'country': 'Mexico', 'postcode': 24678, 'coordinates': {'latitude': '28.9963', 'longitude': '-103.1345'}, 'timezone': {'offset': '0:00', 'description': 'Western Europe Time, London, Lisbon, Casablanca'}}, 'email': 'santiago.bahena@example.com', 'login': {'uuid': 'e1731f92-ddde-455e-9af1-1a447626546c', 'username': 'yellowbutterfly158', 'password': 'newton', 'salt': 'Z1Z6vw6h', 'md5': 'c8fd8ca97a70fde68673b2d774ffcbf7', 'sha1': '04621e7f06f1a8003e12567dbcf94325de2e3086', 'sha256': '7dbde2681ffbde44221ef1a9a61107f509f2f20db9dd2ee8cae7d458c7c24270'}, 'dob': {'date': '1982-01-07T04:09:16.776Z', 'age': 42}, 'registered': {'date': '2008-01-22T19:20:58.436Z', 'age': 16}, 'phone': '(644) 133 2475', 'cell': '(617) 508 1384', 'id': {'name': 'NSS', 'value': '51 28 59 8628 3'}, 'picture': {'large': 'https://randomuser.me/api/portraits/men/29.jpg', 'medium': 'https://randomuser.me/api/portraits/med/men/29.jpg', 'thumbnail': 'https://randomuser.me/api/portraits/thumb/men/29.jpg'}, 'nat': 'MX'}], 'info': {'seed': '75eb951608eb2ae2', 'results': 1, 'page': 1, 'version': '1.4'}}</msg>
<arg>${json_data}</arg>
<doc>Logs the given message with the given level.</doc>
<status status="PASS" start="2024-06-28T15:15:36.566214" elapsed="0.000202"/>
</kw>
<kw name="Should Be String" owner="String">
<arg>${json_data['results'][0]['gender']}</arg>
<doc>Fails if the given ``item`` is not a string.</doc>
<status status="PASS" start="2024-06-28T15:15:36.566702" elapsed="0.000360"/>
</kw>
<kw name="Should Match Regexp" owner="BuiltIn">
<arg>${json_data['results'][0]['email']}</arg>
<arg>^[a-zA-Z0-9._%+-]+@[a-zA-Z0-9.-]+\.[a-zA-Z]{2,}$</arg>
<doc>Fails if ``string`` does not match ``pattern`` as a regular expression.</doc>
<status status="PASS" start="2024-06-28T15:15:36.567250" elapsed="0.000558"/>
</kw>
<kw name="Should Match Regexp" owner="BuiltIn">
<arg>${json_data['results'][0]['dob']['date']}</arg>
<arg>\\d{4}-\\d{2}-\\d{2}T\\d{2}:\\d{2}:\\d{2}\\.\\d{3}Z</arg>
<doc>Fails if ``string`` does not match ``pattern`` as a regular expression.</doc>
<status status="PASS" start="2024-06-28T15:15:36.568039" elapsed="0.000481"/>
</kw>
<kw name="Should Match Regexp" owner="BuiltIn">
<arg>${json_data['results'][0]['registered']['date']}</arg>
<arg>\\d{4}-\\d{2}-\\d{2}T\\d{2}:\\d{2}:\\d{2}\\.\\d{3}Z</arg>
<doc>Fails if ``string`` does not match ``pattern`` as a regular expression.</doc>
<status status="PASS" start="2024-06-28T15:15:36.568708" elapsed="0.000363"/>
</kw>
<kw name="Should Match Regexp" owner="BuiltIn">
<arg>${json_data['results'][0]['picture']['large']}</arg>
<arg>^https?://.*\.(?:png|jpe?g|gif|bmp)$</arg>
<doc>Fails if ``string`` does not match ``pattern`` as a regular expression.</doc>
<status status="PASS" start="2024-06-28T15:15:36.569254" elapsed="0.000445"/>
</kw>
<kw name="Should Match Regexp" owner="BuiltIn">
<arg>${json_data['results'][0]['picture']['medium']}</arg>
<arg>^https?://.*\.(?:png|jpe?g|gif|bmp)$</arg>
<doc>Fails if ``string`` does not match ``pattern`` as a regular expression.</doc>
<status status="PASS" start="2024-06-28T15:15:36.569880" elapsed="0.000350"/>
</kw>
<kw name="Should Match Regexp" owner="BuiltIn">
<arg>${json_data['results'][0]['picture']['thumbnail']}</arg>
<arg>^https?://.*\.(?:png|jpe?g|gif|bmp)$</arg>
<doc>Fails if ``string`` does not match ``pattern`` as a regular expression.</doc>
<status status="PASS" start="2024-06-28T15:15:36.570407" elapsed="0.000343"/>
</kw>
<kw name="Log" owner="BuiltIn">
<msg time="2024-06-28T15:15:36.571253" level="INFO">{'large': 'https://randomuser.me/api/portraits/men/29.jpg', 'medium': 'https://randomuser.me/api/portraits/med/men/29.jpg', 'thumbnail': 'https://randomuser.me/api/portraits/thumb/men/29.jpg'}</msg>
<arg>${json_data['results'][0]['picture']}</arg>
<doc>Logs the given message with the given level.</doc>
<status status="PASS" start="2024-06-28T15:15:36.570928" elapsed="0.000367"/>
</kw>
<status status="PASS" start="2024-06-28T15:15:36.463743" elapsed="0.107808"/>
</kw>
<kw name="Teste de Tipos de Dados - Postcode" owner="random-user-service">
<kw name="GET On Session" owner="RequestsLibrary">
<msg time="2024-06-28T15:15:36.673628" level="INFO">GET Request : url=https://randomuser.me/api 
 path_url=/api 
 headers={'User-Agent': 'python-requests/2.32.3', 'Accept-Encoding': 'gzip, deflate', 'Accept': '*/*', 'Connection': 'keep-alive'} 
 body=None 
 </msg>
<msg time="2024-06-28T15:15:36.673716" level="INFO">GET Response : url=https://randomuser.me/api 
 status=200, reason=OK 
 headers={'Date': 'Fri, 28 Jun 2024 15:15:36 GMT', 'Content-Type': 'application/json; charset=utf-8', 'Transfer-Encoding': 'chunked', 'Connection': 'keep-alive', 'X-Powered-By': 'Express', 'Access-Control-Allow-Origin': '*', 'Cache-Control': 'no-cache', 'ETag': 'W/"4b6-UCo+qy9ob4d+JcTaYXMhGZabGt4"', 'Vary': 'Accept-Encoding', 'Content-Encoding': 'gzip', 'CF-Cache-Status': 'DYNAMIC', 'Report-To': '{"endpoints":[{"url":"https:\\/\\/a.nel.cloudflare.com\\/report\\/v4?s=tEvOqM7zibszVTYzUUe4Phl9sxMgSs6IKxvuC0B7t1szONWbo8pqWWfkZsIbMfcwptlT8F8GYaxJQMeKCYr0Lnykn5epbrXjhRoqsxzoWEc6CaI6A8n4%2F7BTAfGeX0u%2F"}],"group":"cf-nel","max_age":604800}', 'NEL': '{"success_fraction":0,"report_to":"cf-nel","max_age":604800}', 'Server': 'cloudflare', 'CF-RAY': '89aea2199f305233-LAX', 'alt-svc': 'h3=":443"; ma=86400'} 
 body={"results":[{"gender":"female","name":{"title":"Ms","first":"Alexandra","last":"Carpentier"},"location":{"street":{"number":2448,"name":"Place du 8 Novembre 1942"},"city":"Limoges","state":"Rhône","country":"France","postcode":70609,"coordinates":{"latitude":"-20.4665","longitude":"8.4721"},"timezone":{"offset":"-6:00","description":"Central Time (US &amp; Canada), Mexico City"}},"email":"alexandra.carpentier@example.com","login":{"uuid":"02e3346c-ab97-41a0-b3f3-01ae362e7abc","username":"brownbear179","password":"wannabe","salt":"TJDfOcTl","md5":"f62fcff04a6af0b523c41c3ba406df83","sha1":"f68652ee59d82de22b8d9ce4cf27a76b32004689","sha256":"3c196037ef71ed7bdaf95f9be6f26b2b41d3273354fcb1f39e67396e7de4ede3"},"dob":{"date":"1980-05-05T05:34:35.564Z","age":44},"registered":{"date":"2020-12-04T05:43:35.417Z","age":3},"phone":"02-18-46-77-32","cell":"06-04-67-04-21","id":{"name":"INSEE","value":"2800431818508 35"},"picture":{"large":"https://randomuser.me/api/portraits/women/19.jpg","medium":"https://randomuser.me/api/portraits/med/women/19.jpg","thumbnail":"https://randomuser.me/api/portraits/thumb/women/19.jpg"},"nat":"FR"}],"info":{"seed":"3f73b757799a5c26","results":1,"page":1,"version":"1.4"}} 
 </msg>
<msg time="2024-06-28T15:15:36.673793" level="INFO">/opt/hostedtoolcache/Python/3.12.4/x64/lib/python3.12/site-packages/urllib3/connectionpool.py:1099: InsecureRequestWarning: Unverified HTTPS request is being made to host 'randomuser.me'. Adding certificate verification is strongly advised. See: https://urllib3.readthedocs.io/en/latest/advanced-usage.html#tls-warnings
  warnings.warn(</msg>
<msg time="2024-06-28T15:15:36.673910" level="INFO">${response} = &lt;Response [200]&gt;</msg>
<var>${response}</var>
<arg>consultarAPI</arg>
<arg>/api</arg>
<doc>Sends a GET request on a previously created HTTP Session.</doc>
<status status="PASS" start="2024-06-28T15:15:36.572040" elapsed="0.101910"/>
</kw>
<kw name="Set Variable" owner="BuiltIn">
<msg time="2024-06-28T15:15:36.675081" level="INFO">${json_data} = {'results': [{'gender': 'female', 'name': {'title': 'Ms', 'first': 'Alexandra', 'last': 'Carpentier'}, 'location': {'street': {'number': 2448, 'name': 'Place du 8 Novembre 1942'}, 'city': 'Limoges', '...</msg>
<var>${json_data}</var>
<arg>${response.json()}</arg>
<doc>Returns the given values which can then be assigned to a variables.</doc>
<status status="PASS" start="2024-06-28T15:15:36.674528" elapsed="0.000582"/>
</kw>
<kw name="Log" owner="BuiltIn">
<msg time="2024-06-28T15:15:36.675576" level="INFO">{'results': [{'gender': 'female', 'name': {'title': 'Ms', 'first': 'Alexandra', 'last': 'Carpentier'}, 'location': {'street': {'number': 2448, 'name': 'Place du 8 Novembre 1942'}, 'city': 'Limoges', 'state': 'Rhône', 'country': 'France', 'postcode': 70609, 'coordinates': {'latitude': '-20.4665', 'longitude': '8.4721'}, 'timezone': {'offset': '-6:00', 'description': 'Central Time (US &amp; Canada), Mexico City'}}, 'email': 'alexandra.carpentier@example.com', 'login': {'uuid': '02e3346c-ab97-41a0-b3f3-01ae362e7abc', 'username': 'brownbear179', 'password': 'wannabe', 'salt': 'TJDfOcTl', 'md5': 'f62fcff04a6af0b523c41c3ba406df83', 'sha1': 'f68652ee59d82de22b8d9ce4cf27a76b32004689', 'sha256': '3c196037ef71ed7bdaf95f9be6f26b2b41d3273354fcb1f39e67396e7de4ede3'}, 'dob': {'date': '1980-05-05T05:34:35.564Z', 'age': 44}, 'registered': {'date': '2020-12-04T05:43:35.417Z', 'age': 3}, 'phone': '02-18-46-77-32', 'cell': '06-04-67-04-21', 'id': {'name': 'INSEE', 'value': '2800431818508 35'}, 'picture': {'large': 'https://randomuser.me/api/portraits/women/19.jpg', 'medium': 'https://randomuser.me/api/portraits/med/women/19.jpg', 'thumbnail': 'https://randomuser.me/api/portraits/thumb/women/19.jpg'}, 'nat': 'FR'}], 'info': {'seed': '3f73b757799a5c26', 'results': 1, 'page': 1, 'version': '1.4'}}</msg>
<arg>${json_data}</arg>
<doc>Logs the given message with the given level.</doc>
<status status="PASS" start="2024-06-28T15:15:36.675417" elapsed="0.000249"/>
</kw>
<kw name="Should Be Equal As Numbers" owner="BuiltIn">
<arg>${json_data['results'][0]['location']['postcode']}</arg>
<arg>${json_data['results'][0]['location']['postcode']}</arg>
<doc>Fails if objects are unequal after converting them to real numbers.</doc>
<status status="PASS" start="2024-06-28T15:15:36.675982" elapsed="0.000624"/>
</kw>
<kw name="Log" owner="BuiltIn">
<msg time="2024-06-28T15:15:36.677123" level="INFO">70609</msg>
<arg>${json_data['results'][0]['location']['postcode']}</arg>
<doc>Logs the given message with the given level.</doc>
<status status="PASS" start="2024-06-28T15:15:36.676793" elapsed="0.000407"/>
</kw>
<status status="PASS" start="2024-06-28T15:15:36.571810" elapsed="0.105649"/>
</kw>
<doc>Testa se os tipos de dados na resposta da API estão corretos.</doc>
<tag>testeTiposDados</tag>
<status status="PASS" start="2024-06-28T15:15:36.463061" elapsed="0.214563"/>
</test>
<test id="s1-s1-t5" name="Validar conteudo" line="35">
<kw name="Teste de Tipos de Conteudo" owner="random-user-service">
<kw name="GET On Session" owner="RequestsLibrary">
<msg time="2024-06-28T15:15:36.778394" level="INFO">GET Request : url=https://randomuser.me/api 
 path_url=/api 
 headers={'User-Agent': 'python-requests/2.32.3', 'Accept-Encoding': 'gzip, deflate', 'Accept': '*/*', 'Connection': 'keep-alive'} 
 body=None 
 </msg>
<msg time="2024-06-28T15:15:36.778483" level="INFO">GET Response : url=https://randomuser.me/api 
 status=200, reason=OK 
 headers={'Date': 'Fri, 28 Jun 2024 15:15:36 GMT', 'Content-Type': 'application/json; charset=utf-8', 'Transfer-Encoding': 'chunked', 'Connection': 'keep-alive', 'X-Powered-By': 'Express', 'Access-Control-Allow-Origin': '*', 'Cache-Control': 'no-cache', 'ETag': 'W/"497-it7iUjJsjD8+IaHUFm/egn+R9Ms"', 'Vary': 'Accept-Encoding', 'Content-Encoding': 'gzip', 'CF-Cache-Status': 'DYNAMIC', 'Report-To': '{"endpoints":[{"url":"https:\\/\\/a.nel.cloudflare.com\\/report\\/v4?s=1XHfeFwExz0jrn9s%2B3LT%2BYk28TwIv%2FNtq%2FWXtP6lw4kZWPcVaWmW%2FsTMPbplLLeZz62TRtu9rrC4oqKAqbgrpi7oQOdJ1p%2BYkFCwPEec8OLdfKpvWEkjCUHFljRZuQVY"}],"group":"cf-nel","max_age":604800}', 'NEL': '{"success_fraction":0,"report_to":"cf-nel","max_age":604800}', 'Server': 'cloudflare', 'CF-RAY': '89aea21a4fc25233-LAX', 'alt-svc': 'h3=":443"; ma=86400'} 
 body={"results":[{"gender":"female","name":{"title":"Ms","first":"Elaine","last":"Wilson"},"location":{"street":{"number":8145,"name":"Samaritan Dr"},"city":"Lakeland","state":"Arkansas","country":"United States","postcode":85877,"coordinates":{"latitude":"81.4327","longitude":"10.8459"},"timezone":{"offset":"-7:00","description":"Mountain Time (US &amp; Canada)"}},"email":"elaine.wilson@example.com","login":{"uuid":"4fd2db70-dd91-455a-b2b9-6b8543485cfb","username":"orangegorilla757","password":"piazza","salt":"2MewuN9i","md5":"eca1576a4d66150f2039aa9ac7525646","sha1":"e796ce1a2342e04afc71da3df0fd75022508959f","sha256":"5e7c9e8c8ad06662ed77db0ff8106702c0a5c64c74713a5f443b5c9e5fc22927"},"dob":{"date":"1975-06-08T05:41:16.907Z","age":49},"registered":{"date":"2008-09-18T19:42:45.377Z","age":15},"phone":"(335) 479-6410","cell":"(234) 321-7756","id":{"name":"SSN","value":"045-38-6930"},"picture":{"large":"https://randomuser.me/api/portraits/women/25.jpg","medium":"https://randomuser.me/api/portraits/med/women/25.jpg","thumbnail":"https://randomuser.me/api/portraits/thumb/women/25.jpg"},"nat":"US"}],"info":{"seed":"b5387dbb562e66aa","results":1,"page":1,"version":"1.4"}} 
 </msg>
<msg time="2024-06-28T15:15:36.778579" level="INFO">/opt/hostedtoolcache/Python/3.12.4/x64/lib/python3.12/site-packages/urllib3/connectionpool.py:1099: InsecureRequestWarning: Unverified HTTPS request is being made to host 'randomuser.me'. Adding certificate verification is strongly advised. See: https://urllib3.readthedocs.io/en/latest/advanced-usage.html#tls-warnings
  warnings.warn(</msg>
<msg time="2024-06-28T15:15:36.778697" level="INFO">${response} = &lt;Response [200]&gt;</msg>
<var>${response}</var>
<arg>consultarAPI</arg>
<arg>/api</arg>
<doc>Sends a GET request on a previously created HTTP Session.</doc>
<status status="PASS" start="2024-06-28T15:15:36.681058" elapsed="0.097675"/>
</kw>
<kw name="Set Variable" owner="BuiltIn">
<msg time="2024-06-28T15:15:36.779737" level="INFO">${json_data} = {'results': [{'gender': 'female', 'name': {'title': 'Ms', 'first': 'Elaine', 'last': 'Wilson'}, 'location': {'street': {'number': 8145, 'name': 'Samaritan Dr'}, 'city': 'Lakeland', 'state': 'Arkansas'...</msg>
<var>${json_data}</var>
<arg>${response.json()}</arg>
<doc>Returns the given values which can then be assigned to a variables.</doc>
<status status="PASS" start="2024-06-28T15:15:36.779221" elapsed="0.000546"/>
</kw>
<kw name="Set Variable" owner="BuiltIn">
<msg time="2024-06-28T15:15:36.780458" level="INFO">${name_title} = Ms</msg>
<var>${name_title}</var>
<arg>${json_data["results"][0]["name"]["title"]}</arg>
<doc>Returns the given values which can then be assigned to a variables.</doc>
<status status="PASS" start="2024-06-28T15:15:36.780071" elapsed="0.000412"/>
</kw>
<kw name="Create List" owner="BuiltIn">
<msg time="2024-06-28T15:15:36.780921" level="INFO">${allowed_titles} = ['Mr', 'Ms', 'Miss', 'Mrs', 'Madame', 'Monsieur']</msg>
<var>${allowed_titles}</var>
<arg>Mr</arg>
<arg>Ms</arg>
<arg>Miss</arg>
<arg>Mrs</arg>
<arg>Madame</arg>
<arg>Monsieur</arg>
<doc>Returns a list containing given items.</doc>
<status status="PASS" start="2024-06-28T15:15:36.780774" elapsed="0.000171"/>
</kw>
<kw name="List Should Contain Value" owner="Collections">
<arg>${allowed_titles}</arg>
<arg>${name_title}</arg>
<doc>Fails if the ``value`` is not found from ``list``.</doc>
<status status="PASS" start="2024-06-28T15:15:36.781246" elapsed="0.000177"/>
</kw>
<kw name="Set Variable" owner="BuiltIn">
<msg time="2024-06-28T15:15:36.781956" level="INFO">${name_country} = US</msg>
<var>${name_country}</var>
<arg>${json_data["results"][0]["nat"]}</arg>
<doc>Returns the given values which can then be assigned to a variables.</doc>
<status status="PASS" start="2024-06-28T15:15:36.781597" elapsed="0.000382"/>
</kw>
<kw name="Create List" owner="BuiltIn">
<msg time="2024-06-28T15:15:36.782868" level="INFO">${list_country} = ['AD', 'AE', 'AF', 'AG', 'AI', 'AL', 'AM', 'AO', 'AQ', 'AR', 'AS', 'AT', 'AU', 'AW', 'AX', 'AZ', 'BA', 'BB', 'BD', 'BE', 'BF', 'BG', 'BH', 'BI', 'BJ', 'BL', 'BM', 'BN', 'BO', 'BQ', 'BR', 'BS', 'BT', '...</msg>
<var>${list_country}</var>
<arg>AD</arg>
<arg>AE</arg>
<arg>AF</arg>
<arg>AG</arg>
<arg>AI</arg>
<arg>AL</arg>
<arg>AM</arg>
<arg>AO</arg>
<arg>AQ</arg>
<arg>AR</arg>
<arg>AS</arg>
<arg>AT</arg>
<arg>AU</arg>
<arg>AW</arg>
<arg>AX</arg>
<arg>AZ</arg>
<arg>BA</arg>
<arg>BB</arg>
<arg>BD</arg>
<arg>BE</arg>
<arg>BF</arg>
<arg>BG</arg>
<arg>BH</arg>
<arg>BI</arg>
<arg>BJ</arg>
<arg>BL</arg>
<arg>BM</arg>
<arg>BN</arg>
<arg>BO</arg>
<arg>BQ</arg>
<arg>BR</arg>
<arg>BS</arg>
<arg>BT</arg>
<arg>BV</arg>
<arg>BW</arg>
<arg>BY</arg>
<arg>BZ</arg>
<arg>CA</arg>
<arg>CC</arg>
<arg>CD</arg>
<arg>CF</arg>
<arg>CG</arg>
<arg>CH</arg>
<arg>CI</arg>
<arg>CK</arg>
<arg>CL</arg>
<arg>CM</arg>
<arg>CN</arg>
<arg>CO</arg>
<arg>CR</arg>
<arg>CU</arg>
<arg>CV</arg>
<arg>CW</arg>
<arg>CX</arg>
<arg>CY</arg>
<arg>CZ</arg>
<arg>DE</arg>
<arg>DJ</arg>
<arg>DK</arg>
<arg>DM</arg>
<arg>DO</arg>
<arg>DZ</arg>
<arg>EC</arg>
<arg>EE</arg>
<arg>EG</arg>
<arg>EH</arg>
<arg>ER</arg>
<arg>ES</arg>
<arg>ET</arg>
<arg>FI</arg>
<arg>FJ</arg>
<arg>FK</arg>
<arg>FM</arg>
<arg>FO</arg>
<arg>FR</arg>
<arg>GA</arg>
<arg>GB</arg>
<arg>GD</arg>
<arg>GE</arg>
<arg>GF</arg>
<arg>GG</arg>
<arg>GH</arg>
<arg>GI</arg>
<arg>GL</arg>
<arg>GM</arg>
<arg>GN</arg>
<arg>GP</arg>
<arg>GQ</arg>
<arg>GR</arg>
<arg>GS</arg>
<arg>GT</arg>
<arg>GU</arg>
<arg>GW</arg>
<arg>GY</arg>
<arg>HK</arg>
<arg>HM</arg>
<arg>HN</arg>
<arg>HR</arg>
<arg>HT</arg>
<arg>HU</arg>
<arg>ID</arg>
<arg>IE</arg>
<arg>IL</arg>
<arg>IM</arg>
<arg>IN</arg>
<arg>IO</arg>
<arg>IQ</arg>
<arg>IR</arg>
<arg>IS</arg>
<arg>IT</arg>
<arg>JE</arg>
<arg>JM</arg>
<arg>JO</arg>
<arg>JP</arg>
<arg>KE</arg>
<arg>KG</arg>
<arg>KH</arg>
<arg>KI</arg>
<arg>KM</arg>
<arg>KN</arg>
<arg>KP</arg>
<arg>KR</arg>
<arg>KW</arg>
<arg>KY</arg>
<arg>KZ</arg>
<arg>LA</arg>
<arg>LB</arg>
<arg>LC</arg>
<arg>LI</arg>
<arg>LK</arg>
<arg>LR</arg>
<arg>LS</arg>
<arg>LT</arg>
<arg>LU</arg>
<arg>LV</arg>
<arg>LY</arg>
<arg>MA</arg>
<arg>MC</arg>
<arg>MD</arg>
<arg>ME</arg>
<arg>MF</arg>
<arg>MG</arg>
<arg>MH</arg>
<arg>MK</arg>
<arg>ML</arg>
<arg>MM</arg>
<arg>MN</arg>
<arg>MO</arg>
<arg>MP</arg>
<arg>MQ</arg>
<arg>MR</arg>
<arg>MS</arg>
<arg>MT</arg>
<arg>MU</arg>
<arg>MV</arg>
<arg>MW</arg>
<arg>MX</arg>
<arg>MY</arg>
<arg>MZ</arg>
<arg>NA</arg>
<arg>NC</arg>
<arg>NE</arg>
<arg>NF</arg>
<arg>NG</arg>
<arg>NI</arg>
<arg>NL</arg>
<arg>NO</arg>
<arg>NP</arg>
<arg>NR</arg>
<arg>NU</arg>
<arg>NZ</arg>
<arg>OM</arg>
<arg>PA</arg>
<arg>PE</arg>
<arg>PF</arg>
<arg>PG</arg>
<arg>PH</arg>
<arg>PK</arg>
<arg>PL</arg>
<arg>PM</arg>
<arg>PN</arg>
<arg>PR</arg>
<arg>PS</arg>
<arg>PT</arg>
<arg>PW</arg>
<arg>PY</arg>
<arg>QA</arg>
<arg>RE</arg>
<arg>RO</arg>
<arg>RS</arg>
<arg>RU</arg>
<arg>RW</arg>
<arg>SA</arg>
<arg>SB</arg>
<arg>SC</arg>
<arg>SD</arg>
<arg>SE</arg>
<arg>SG</arg>
<arg>SH</arg>
<arg>SI</arg>
<arg>SJ</arg>
<arg>SK</arg>
<arg>SL</arg>
<arg>SM</arg>
<arg>SN</arg>
<arg>SO</arg>
<arg>SR</arg>
<arg>SS</arg>
<arg>ST</arg>
<arg>SV</arg>
<arg>SX</arg>
<arg>SY</arg>
<arg>SZ</arg>
<arg>TC</arg>
<arg>TD</arg>
<arg>TF</arg>
<arg>TG</arg>
<arg>TH</arg>
<arg>TJ</arg>
<arg>TK</arg>
<arg>TL</arg>
<arg>TM</arg>
<arg>TN</arg>
<arg>TO</arg>
<arg>TR</arg>
<arg>TT</arg>
<arg>TV</arg>
<arg>TW</arg>
<arg>TZ</arg>
<arg>UA</arg>
<arg>UG</arg>
<arg>UM</arg>
<arg>US</arg>
<arg>UY</arg>
<arg>UZ</arg>
<arg>VA</arg>
<arg>VC</arg>
<arg>VE</arg>
<arg>VG</arg>
<arg>VI</arg>
<arg>VN</arg>
<arg>VU</arg>
<arg>WF</arg>
<arg>WS</arg>
<arg>XK</arg>
<arg>YE</arg>
<arg>YT</arg>
<arg>ZA</arg>
<arg>ZM</arg>
<arg>ZW</arg>
<doc>Returns a list containing given items.</doc>
<status status="PASS" start="2024-06-28T15:15:36.782276" elapsed="0.000617"/>
</kw>
<kw name="List Should Contain Value" owner="Collections">
<arg>${list_country}</arg>
<arg>${name_country}</arg>
<doc>Fails if the ``value`` is not found from ``list``.</doc>
<status status="PASS" start="2024-06-28T15:15:36.783726" elapsed="0.000207"/>
</kw>
<kw name="Run Keyword If" owner="BuiltIn">
<kw name="Should Be True" owner="BuiltIn">
<arg>${True}</arg>
<doc>Fails if the given condition is not true.</doc>
<status status="PASS" start="2024-06-28T15:15:36.784870" elapsed="0.000145"/>
</kw>
<arg>${json_data["results"][0]["location"]["coordinates"]["latitude"]} &gt;= -90 and ${json_data["results"][0]["location"]["coordinates"]["latitude"]} &lt;= 90</arg>
<arg>Should Be True</arg>
<arg>${True}</arg>
<doc>Runs the given keyword with the given arguments, if ``condition`` is true.</doc>
<status status="PASS" start="2024-06-28T15:15:36.784128" elapsed="0.001012"/>
</kw>
<kw name="Run Keyword If" owner="BuiltIn">
<kw name="Should Be True" owner="BuiltIn">
<arg>${True}</arg>
<doc>Fails if the given condition is not true.</doc>
<status status="PASS" start="2024-06-28T15:15:36.786017" elapsed="0.000137"/>
</kw>
<arg>${json_data["results"][0]["location"]["coordinates"]["longitude"]} &gt;= -180 and ${json_data["results"][0]["location"]["coordinates"]["longitude"]} &lt;= 180</arg>
<arg>Should Be True</arg>
<arg>${True}</arg>
<doc>Runs the given keyword with the given arguments, if ``condition`` is true.</doc>
<status status="PASS" start="2024-06-28T15:15:36.785320" elapsed="0.000955"/>
</kw>
<status status="PASS" start="2024-06-28T15:15:36.680471" elapsed="0.105933"/>
</kw>
<doc>Testa o conteúdo específico dos campos retornados pela API.</doc>
<tag>testeConteudo</tag>
<status status="PASS" start="2024-06-28T15:15:36.679764" elapsed="0.106788"/>
</test>
<status status="PASS" start="2024-06-28T15:15:35.242992" elapsed="1.545591"/>
</suite>
<status status="PASS" start="2024-06-28T15:15:35.228476" elapsed="1.565353"/>
</suite>
<statistics>
<total>
<stat pass="5" fail="0" skip="0">All Tests</stat>
</total>
<tag>
<stat pass="1" fail="0" skip="0">testeConteudo</stat>
<stat pass="1" fail="0" skip="0">testeEstruturaResposta</stat>
<stat pass="1" fail="0" skip="0">testeRequisicaoBasica</stat>
<stat pass="1" fail="0" skip="0">testeTiposDados</stat>
</tag>
<suite>
<stat pass="5" fail="0" skip="0" id="s1" name="Tests">Tests</stat>
<stat pass="5" fail="0" skip="0" id="s1-s1" name="Random-User-Test">Tests.Random-User-Test</stat>
</suite>
</statistics>
<errors>
</errors>
</robot>
