<?xml version="1.0" encoding="UTF-8"?>
<robot generator="Robot 7.0 (Python 3.12.3 on linux)" generated="2024-05-04T17:12:05.716650" rpa="false" schemaversion="5">
<suite id="s1" name="Tests" source="/home/runner/work/DesafioQAItauRogerioJordao/DesafioQAItauRogerioJordao/RamdonUser/tests">
<suite id="s1-s1" name="Random-User-Test" source="/home/runner/work/DesafioQAItauRogerioJordao/DesafioQAItauRogerioJordao/RamdonUser/tests/random-user-test.robot">
<test id="s1-s1-t1" name="Conectar" line="13">
<kw name="Conectar API" owner="random-user-service">
<kw name="Create Session" owner="RequestsLibrary">
<msg time="2024-05-04T17:12:06.102740" level="INFO">Creating Session using : alias=consultarAPI, url=https://randomuser.me/, headers={},                     cookies={}, auth=None, timeout=None, proxies=None, verify=False,                     debug=0 </msg>
<arg>consultarAPI</arg>
<arg>${URL}</arg>
<doc>Create Session: create a HTTP session to a server</doc>
<status status="PASS" start="2024-05-04T17:12:06.102530" elapsed="0.000398"/>
</kw>
<status status="PASS" start="2024-05-04T17:12:06.101527" elapsed="0.001767"/>
</kw>
<status status="PASS" start="2024-05-04T17:12:06.100892" elapsed="0.002597"/>
</test>
<test id="s1-s1-t2" name="Validar retorno 200 e JSON Válido" line="16">
<kw name="Teste de Requisicao Basica" owner="random-user-service">
<kw name="GET On Session" owner="RequestsLibrary">
<msg time="2024-05-04T17:12:06.191922" level="INFO">GET Request : url=https://randomuser.me/api 
 path_url=/api 
 headers={'User-Agent': 'python-requests/2.31.0', 'Accept-Encoding': 'gzip, deflate', 'Accept': '*/*', 'Connection': 'keep-alive'} 
 body=None 
 </msg>
<msg time="2024-05-04T17:12:06.192050" level="INFO">GET Response : url=https://randomuser.me/api 
 status=200, reason=OK 
 headers={'Date': 'Sat, 04 May 2024 17:12:06 GMT', 'Content-Type': 'application/json; charset=utf-8', 'Transfer-Encoding': 'chunked', 'Connection': 'keep-alive', 'X-Powered-By': 'Express', 'Access-Control-Allow-Origin': '*', 'Cache-Control': 'no-cache', 'ETag': 'W/"47a-EuXjri29RSfEGGKn6C60Pfbysd0"', 'Vary': 'Accept-Encoding', 'Content-Encoding': 'gzip', 'CF-Cache-Status': 'DYNAMIC', 'Report-To': '{"endpoints":[{"url":"https:\\/\\/a.nel.cloudflare.com\\/report\\/v4?s=aUTaV5Q2NEpH%2BX%2FpVuEKrudSMCLE%2BCr%2Fq9TzJGZ9E3wPZyzL2sqVtmzl1H80NRigPCrKBM6HOCXcY%2BsVxeGhxPTo3QgoMcqCJBNtY1cOOewNgBafBV0fGjT4RU%2FZIpS2"}],"group":"cf-nel","max_age":604800}', 'NEL': '{"success_fraction":0,"report_to":"cf-nel","max_age":604800}', 'Server': 'cloudflare', 'CF-RAY': '87ea1d1e6c01112d-ORD', 'alt-svc': 'h3=":443"; ma=86400'} 
 body={"results":[{"gender":"female","name":{"title":"Mrs","first":"Alice","last":"Zhang"},"location":{"street":{"number":4660,"name":"Ferry Road"},"city":"Napier","state":"Nelson","country":"New Zealand","postcode":93602,"coordinates":{"latitude":"53.5812","longitude":"135.3690"},"timezone":{"offset":"+2:00","description":"Kaliningrad, South Africa"}},"email":"alice.zhang@example.com","login":{"uuid":"0f587477-e1a6-497a-b685-39cb6f9cd5fe","username":"goldenduck616","password":"kelly","salt":"hQAKCQmx","md5":"ecfb5a9a4abf1f892b7b6447eb25b373","sha1":"c80fd56fed2ef55535afb9acdee78c78fc7e3101","sha256":"a6d767f5f3a5b379eee702f0b2657c9aa6f1c376d4639c8caefcc40d3e0b446b"},"dob":{"date":"1989-10-21T13:28:31.857Z","age":34},"registered":{"date":"2017-04-08T06:21:42.802Z","age":7},"phone":"(967)-839-9140","cell":"(893)-948-2115","id":{"name":"","value":null},"picture":{"large":"https://randomuser.me/api/portraits/women/39.jpg","medium":"https://randomuser.me/api/portraits/med/women/39.jpg","thumbnail":"https://randomuser.me/api/portraits/thumb/women/39.jpg"},"nat":"NZ"}],"info":{"seed":"a366ba71abee97a8","results":1,"page":1,"version":"1.4"}} 
 </msg>
<msg time="2024-05-04T17:12:06.192128" level="INFO">/opt/hostedtoolcache/Python/3.12.3/x64/lib/python3.12/site-packages/urllib3/connectionpool.py:1103: InsecureRequestWarning: Unverified HTTPS request is being made to host 'randomuser.me'. Adding certificate verification is strongly advised. See: https://urllib3.readthedocs.io/en/latest/advanced-usage.html#tls-warnings
  warnings.warn(</msg>
<msg time="2024-05-04T17:12:06.192262" level="INFO">${response} = &lt;Response [200]&gt;</msg>
<var>${response}</var>
<arg>consultarAPI</arg>
<arg>/api</arg>
<doc>Sends a GET request on a previously created HTTP Session.</doc>
<status status="PASS" start="2024-05-04T17:12:06.106236" elapsed="0.086059"/>
</kw>
<kw name="Should Be Equal As Numbers" owner="BuiltIn">
<msg time="2024-05-04T17:12:06.193179" level="INFO">Argument types are:
&lt;class 'int'&gt;
&lt;class 'str'&gt;</msg>
<arg>${response.status_code}</arg>
<arg>200</arg>
<doc>Fails if objects are unequal after converting them to real numbers.</doc>
<status status="PASS" start="2024-05-04T17:12:06.192740" elapsed="0.000505"/>
</kw>
<kw name="Log" owner="BuiltIn">
<msg time="2024-05-04T17:12:06.193945" level="INFO">200</msg>
<arg>${response.status_code}</arg>
<doc>Logs the given message with the given level.</doc>
<status status="PASS" start="2024-05-04T17:12:06.193587" elapsed="0.000401"/>
</kw>
<kw name="Set Variable" owner="BuiltIn">
<msg time="2024-05-04T17:12:06.194736" level="INFO">${json_data} = {'results': [{'gender': 'female', 'name': {'title': 'Mrs', 'first': 'Alice', 'last': 'Zhang'}, 'location': {'street': {'number': 4660, 'name': 'Ferry Road'}, 'city': 'Napier', 'state': 'Nelson', 'coun...</msg>
<var>${json_data}</var>
<arg>${response.json()}</arg>
<doc>Returns the given values which can then be assigned to a variables.</doc>
<status status="PASS" start="2024-05-04T17:12:06.194291" elapsed="0.000474"/>
</kw>
<kw name="Dictionary Should Contain Key" owner="Collections">
<msg time="2024-05-04T17:12:06.195237" level="INFO">False</msg>
<arg>${json_data}</arg>
<arg>results</arg>
<doc>Fails if ``key`` is not found from ``dictionary``.</doc>
<status status="PASS" start="2024-05-04T17:12:06.195066" elapsed="0.000213"/>
</kw>
<status status="PASS" start="2024-05-04T17:12:06.105985" elapsed="0.089551"/>
</kw>
<doc>Testa se a API responde corretamente e retorna um objeto JSON válido.</doc>
<tag>testeRequisicaoBasica</tag>
<status status="PASS" start="2024-05-04T17:12:06.105450" elapsed="0.090265"/>
</test>
<test id="s1-s1-t3" name="Validar estrutura de resposta" line="22">
<kw name="Teste de Estrutura de Resposta" owner="random-user-service">
<kw name="GET On Session" owner="RequestsLibrary">
<msg time="2024-05-04T17:12:06.302261" level="INFO">GET Request : url=https://randomuser.me/api 
 path_url=/api 
 headers={'User-Agent': 'python-requests/2.31.0', 'Accept-Encoding': 'gzip, deflate', 'Accept': '*/*', 'Connection': 'keep-alive'} 
 body=None 
 </msg>
<msg time="2024-05-04T17:12:06.302356" level="INFO">GET Response : url=https://randomuser.me/api 
 status=200, reason=OK 
 headers={'Date': 'Sat, 04 May 2024 17:12:06 GMT', 'Content-Type': 'application/json; charset=utf-8', 'Transfer-Encoding': 'chunked', 'Connection': 'keep-alive', 'X-Powered-By': 'Express', 'Access-Control-Allow-Origin': '*', 'Cache-Control': 'no-cache', 'ETag': 'W/"483-fEN3Ok33Yfx2Q1WNV1mryqvB3DY"', 'Vary': 'Accept-Encoding', 'Content-Encoding': 'gzip', 'CF-Cache-Status': 'DYNAMIC', 'Report-To': '{"endpoints":[{"url":"https:\\/\\/a.nel.cloudflare.com\\/report\\/v4?s=YG0igrW7EDqpdppN12%2FennUL0tUF77vJDNMgbl9soSY72Wj44F8T01NWdKk9VifR0NHkfDu6BDoE7CHse8XZR4Cb%2Bfam56SrvVSV0lhej0MvMid%2F2Fpu4zV9iSpUTLJd"}],"group":"cf-nel","max_age":604800}', 'NEL': '{"success_fraction":0,"report_to":"cf-nel","max_age":604800}', 'Server': 'cloudflare', 'CF-RAY': '87ea1d1ecc8d112d-ORD', 'alt-svc': 'h3=":443"; ma=86400'} 
 body={"results":[{"gender":"female","name":{"title":"Miss","first":"Marlene","last":"Trydal"},"location":{"street":{"number":6582,"name":"Manglebergveien"},"city":"Ålvik","state":"Hedmark","country":"Norway","postcode":"0060","coordinates":{"latitude":"41.8295","longitude":"133.0982"},"timezone":{"offset":"-12:00","description":"Eniwetok, Kwajalein"}},"email":"marlene.trydal@example.com","login":{"uuid":"ae50a8f5-91ac-46dc-8dfd-0fb5659f9cfc","username":"ticklishbird948","password":"virginie","salt":"hOWxYWXZ","md5":"c2c6439695d19408bedaf96418665415","sha1":"170148f07719718e1b38156e52daf732428e0759","sha256":"55a8dccd5e68818bc9d791213fe1a833b062239aa20967379822b6fb562f8517"},"dob":{"date":"1986-09-23T02:46:40.167Z","age":37},"registered":{"date":"2009-06-13T21:32:06.635Z","age":14},"phone":"56957987","cell":"91268979","id":{"name":"FN","value":"23098627448"},"picture":{"large":"https://randomuser.me/api/portraits/women/36.jpg","medium":"https://randomuser.me/api/portraits/med/women/36.jpg","thumbnail":"https://randomuser.me/api/portraits/thumb/women/36.jpg"},"nat":"NO"}],"info":{"seed":"a29e525cbf7a5492","results":1,"page":1,"version":"1.4"}} 
 </msg>
<msg time="2024-05-04T17:12:06.302479" level="INFO">/opt/hostedtoolcache/Python/3.12.3/x64/lib/python3.12/site-packages/urllib3/connectionpool.py:1103: InsecureRequestWarning: Unverified HTTPS request is being made to host 'randomuser.me'. Adding certificate verification is strongly advised. See: https://urllib3.readthedocs.io/en/latest/advanced-usage.html#tls-warnings
  warnings.warn(</msg>
<msg time="2024-05-04T17:12:06.302607" level="INFO">${response} = &lt;Response [200]&gt;</msg>
<var>${response}</var>
<arg>consultarAPI</arg>
<arg>/api</arg>
<doc>Sends a GET request on a previously created HTTP Session.</doc>
<status status="PASS" start="2024-05-04T17:12:06.198487" elapsed="0.104167"/>
</kw>
<kw name="Set Variable" owner="BuiltIn">
<msg time="2024-05-04T17:12:06.303879" level="INFO">${json_data} = {'results': [{'gender': 'female', 'name': {'title': 'Miss', 'first': 'Marlene', 'last': 'Trydal'}, 'location': {'street': {'number': 6582, 'name': 'Manglebergveien'}, 'city': 'Ålvik', 'state': 'Hedmar...</msg>
<var>${json_data}</var>
<arg>${response.json()}</arg>
<doc>Returns the given values which can then be assigned to a variables.</doc>
<status status="PASS" start="2024-05-04T17:12:06.303253" elapsed="0.000658"/>
</kw>
<kw name="Log" owner="BuiltIn">
<msg time="2024-05-04T17:12:06.304423" level="INFO">{'results': [{'gender': 'female', 'name': {'title': 'Miss', 'first': 'Marlene', 'last': 'Trydal'}, 'location': {'street': {'number': 6582, 'name': 'Manglebergveien'}, 'city': 'Ålvik', 'state': 'Hedmark', 'country': 'Norway', 'postcode': '0060', 'coordinates': {'latitude': '41.8295', 'longitude': '133.0982'}, 'timezone': {'offset': '-12:00', 'description': 'Eniwetok, Kwajalein'}}, 'email': 'marlene.trydal@example.com', 'login': {'uuid': 'ae50a8f5-91ac-46dc-8dfd-0fb5659f9cfc', 'username': 'ticklishbird948', 'password': 'virginie', 'salt': 'hOWxYWXZ', 'md5': 'c2c6439695d19408bedaf96418665415', 'sha1': '170148f07719718e1b38156e52daf732428e0759', 'sha256': '55a8dccd5e68818bc9d791213fe1a833b062239aa20967379822b6fb562f8517'}, 'dob': {'date': '1986-09-23T02:46:40.167Z', 'age': 37}, 'registered': {'date': '2009-06-13T21:32:06.635Z', 'age': 14}, 'phone': '56957987', 'cell': '91268979', 'id': {'name': 'FN', 'value': '23098627448'}, 'picture': {'large': 'https://randomuser.me/api/portraits/women/36.jpg', 'medium': 'https://randomuser.me/api/portraits/med/women/36.jpg', 'thumbnail': 'https://randomuser.me/api/portraits/thumb/women/36.jpg'}, 'nat': 'NO'}], 'info': {'seed': 'a29e525cbf7a5492', 'results': 1, 'page': 1, 'version': '1.4'}}</msg>
<arg>${json_data}</arg>
<doc>Logs the given message with the given level.</doc>
<status status="PASS" start="2024-05-04T17:12:06.304253" elapsed="0.000222"/>
</kw>
<kw name="Dictionary Should Contain Key" owner="Collections">
<msg time="2024-05-04T17:12:06.304951" level="INFO">False</msg>
<arg>${json_data}</arg>
<arg>results</arg>
<doc>Fails if ``key`` is not found from ``dictionary``.</doc>
<status status="PASS" start="2024-05-04T17:12:06.304784" elapsed="0.000205"/>
</kw>
<kw name="Should Not Be Empty" owner="BuiltIn">
<msg time="2024-05-04T17:12:06.305425" level="INFO">Length is 2.</msg>
<arg>${json_data}</arg>
<doc>Verifies that the given item is not empty.</doc>
<status status="PASS" start="2024-05-04T17:12:06.305286" elapsed="0.000350"/>
</kw>
<kw name="Create List" owner="BuiltIn">
<msg time="2024-05-04T17:12:06.306098" level="INFO">${expected_keys} = ['gender', 'name', 'location', 'email', 'login']</msg>
<var>${expected_keys}</var>
<arg>gender</arg>
<arg>name</arg>
<arg>location</arg>
<arg>email</arg>
<arg>login</arg>
<doc>Returns a list containing given items.</doc>
<status status="PASS" start="2024-05-04T17:12:06.305939" elapsed="0.000185"/>
</kw>
<for flavor="IN">
<iter>
<kw name="Dictionary Should Contain Key" owner="Collections">
<msg time="2024-05-04T17:12:06.307154" level="INFO">False</msg>
<arg>${json_data['results'][0]}</arg>
<arg>${key}</arg>
<doc>Fails if ``key`` is not found from ``dictionary``.</doc>
<status status="PASS" start="2024-05-04T17:12:06.306730" elapsed="0.000464"/>
</kw>
<kw name="Log" owner="BuiltIn">
<msg time="2024-05-04T17:12:06.307903" level="INFO">{'gender': 'female', 'name': {'title': 'Miss', 'first': 'Marlene', 'last': 'Trydal'}, 'location': {'street': {'number': 6582, 'name': 'Manglebergveien'}, 'city': 'Ålvik', 'state': 'Hedmark', 'country': 'Norway', 'postcode': '0060', 'coordinates': {'latitude': '41.8295', 'longitude': '133.0982'}, 'timezone': {'offset': '-12:00', 'description': 'Eniwetok, Kwajalein'}}, 'email': 'marlene.trydal@example.com', 'login': {'uuid': 'ae50a8f5-91ac-46dc-8dfd-0fb5659f9cfc', 'username': 'ticklishbird948', 'password': 'virginie', 'salt': 'hOWxYWXZ', 'md5': 'c2c6439695d19408bedaf96418665415', 'sha1': '170148f07719718e1b38156e52daf732428e0759', 'sha256': '55a8dccd5e68818bc9d791213fe1a833b062239aa20967379822b6fb562f8517'}, 'dob': {'date': '1986-09-23T02:46:40.167Z', 'age': 37}, 'registered': {'date': '2009-06-13T21:32:06.635Z', 'age': 14}, 'phone': '56957987', 'cell': '91268979', 'id': {'name': 'FN', 'value': '23098627448'}, 'picture': {'large': 'https://randomuser.me/api/portraits/women/36.jpg', 'medium': 'https://randomuser.me/api/portraits/med/women/36.jpg', 'thumbnail': 'https://randomuser.me/api/portraits/thumb/women/36.jpg'}, 'nat': 'NO'}</msg>
<arg>${json_data['results'][0]}</arg>
<doc>Logs the given message with the given level.</doc>
<status status="PASS" start="2024-05-04T17:12:06.307496" elapsed="0.000459"/>
</kw>
<kw name="Log" owner="BuiltIn">
<msg time="2024-05-04T17:12:06.308389" level="INFO">gender</msg>
<arg>${key}</arg>
<doc>Logs the given message with the given level.</doc>
<status status="PASS" start="2024-05-04T17:12:06.308260" elapsed="0.000167"/>
</kw>
<var name="${key}">gender</var>
<status status="PASS" start="2024-05-04T17:12:06.306595" elapsed="0.002046"/>
</iter>
<iter>
<kw name="Dictionary Should Contain Key" owner="Collections">
<msg time="2024-05-04T17:12:06.309341" level="INFO">False</msg>
<arg>${json_data['results'][0]}</arg>
<arg>${key}</arg>
<doc>Fails if ``key`` is not found from ``dictionary``.</doc>
<status status="PASS" start="2024-05-04T17:12:06.308953" elapsed="0.000427"/>
</kw>
<kw name="Log" owner="BuiltIn">
<msg time="2024-05-04T17:12:06.310075" level="INFO">{'gender': 'female', 'name': {'title': 'Miss', 'first': 'Marlene', 'last': 'Trydal'}, 'location': {'street': {'number': 6582, 'name': 'Manglebergveien'}, 'city': 'Ålvik', 'state': 'Hedmark', 'country': 'Norway', 'postcode': '0060', 'coordinates': {'latitude': '41.8295', 'longitude': '133.0982'}, 'timezone': {'offset': '-12:00', 'description': 'Eniwetok, Kwajalein'}}, 'email': 'marlene.trydal@example.com', 'login': {'uuid': 'ae50a8f5-91ac-46dc-8dfd-0fb5659f9cfc', 'username': 'ticklishbird948', 'password': 'virginie', 'salt': 'hOWxYWXZ', 'md5': 'c2c6439695d19408bedaf96418665415', 'sha1': '170148f07719718e1b38156e52daf732428e0759', 'sha256': '55a8dccd5e68818bc9d791213fe1a833b062239aa20967379822b6fb562f8517'}, 'dob': {'date': '1986-09-23T02:46:40.167Z', 'age': 37}, 'registered': {'date': '2009-06-13T21:32:06.635Z', 'age': 14}, 'phone': '56957987', 'cell': '91268979', 'id': {'name': 'FN', 'value': '23098627448'}, 'picture': {'large': 'https://randomuser.me/api/portraits/women/36.jpg', 'medium': 'https://randomuser.me/api/portraits/med/women/36.jpg', 'thumbnail': 'https://randomuser.me/api/portraits/thumb/women/36.jpg'}, 'nat': 'NO'}</msg>
<arg>${json_data['results'][0]}</arg>
<doc>Logs the given message with the given level.</doc>
<status status="PASS" start="2024-05-04T17:12:06.309705" elapsed="0.000420"/>
</kw>
<kw name="Log" owner="BuiltIn">
<msg time="2024-05-04T17:12:06.310548" level="INFO">name</msg>
<arg>${key}</arg>
<doc>Logs the given message with the given level.</doc>
<status status="PASS" start="2024-05-04T17:12:06.310421" elapsed="0.000166"/>
</kw>
<var name="${key}">name</var>
<status status="PASS" start="2024-05-04T17:12:06.308834" elapsed="0.001965"/>
</iter>
<iter>
<kw name="Dictionary Should Contain Key" owner="Collections">
<msg time="2024-05-04T17:12:06.311480" level="INFO">False</msg>
<arg>${json_data['results'][0]}</arg>
<arg>${key}</arg>
<doc>Fails if ``key`` is not found from ``dictionary``.</doc>
<status status="PASS" start="2024-05-04T17:12:06.311094" elapsed="0.000424"/>
</kw>
<kw name="Log" owner="BuiltIn">
<msg time="2024-05-04T17:12:06.312220" level="INFO">{'gender': 'female', 'name': {'title': 'Miss', 'first': 'Marlene', 'last': 'Trydal'}, 'location': {'street': {'number': 6582, 'name': 'Manglebergveien'}, 'city': 'Ålvik', 'state': 'Hedmark', 'country': 'Norway', 'postcode': '0060', 'coordinates': {'latitude': '41.8295', 'longitude': '133.0982'}, 'timezone': {'offset': '-12:00', 'description': 'Eniwetok, Kwajalein'}}, 'email': 'marlene.trydal@example.com', 'login': {'uuid': 'ae50a8f5-91ac-46dc-8dfd-0fb5659f9cfc', 'username': 'ticklishbird948', 'password': 'virginie', 'salt': 'hOWxYWXZ', 'md5': 'c2c6439695d19408bedaf96418665415', 'sha1': '170148f07719718e1b38156e52daf732428e0759', 'sha256': '55a8dccd5e68818bc9d791213fe1a833b062239aa20967379822b6fb562f8517'}, 'dob': {'date': '1986-09-23T02:46:40.167Z', 'age': 37}, 'registered': {'date': '2009-06-13T21:32:06.635Z', 'age': 14}, 'phone': '56957987', 'cell': '91268979', 'id': {'name': 'FN', 'value': '23098627448'}, 'picture': {'large': 'https://randomuser.me/api/portraits/women/36.jpg', 'medium': 'https://randomuser.me/api/portraits/med/women/36.jpg', 'thumbnail': 'https://randomuser.me/api/portraits/thumb/women/36.jpg'}, 'nat': 'NO'}</msg>
<arg>${json_data['results'][0]}</arg>
<doc>Logs the given message with the given level.</doc>
<status status="PASS" start="2024-05-04T17:12:06.311845" elapsed="0.000425"/>
</kw>
<kw name="Log" owner="BuiltIn">
<msg time="2024-05-04T17:12:06.312699" level="INFO">location</msg>
<arg>${key}</arg>
<doc>Logs the given message with the given level.</doc>
<status status="PASS" start="2024-05-04T17:12:06.312568" elapsed="0.000171"/>
</kw>
<var name="${key}">location</var>
<status status="PASS" start="2024-05-04T17:12:06.310981" elapsed="0.001972"/>
</iter>
<iter>
<kw name="Dictionary Should Contain Key" owner="Collections">
<msg time="2024-05-04T17:12:06.313622" level="INFO">False</msg>
<arg>${json_data['results'][0]}</arg>
<arg>${key}</arg>
<doc>Fails if ``key`` is not found from ``dictionary``.</doc>
<status status="PASS" start="2024-05-04T17:12:06.313239" elapsed="0.000421"/>
</kw>
<kw name="Log" owner="BuiltIn">
<msg time="2024-05-04T17:12:06.314317" level="INFO">{'gender': 'female', 'name': {'title': 'Miss', 'first': 'Marlene', 'last': 'Trydal'}, 'location': {'street': {'number': 6582, 'name': 'Manglebergveien'}, 'city': 'Ålvik', 'state': 'Hedmark', 'country': 'Norway', 'postcode': '0060', 'coordinates': {'latitude': '41.8295', 'longitude': '133.0982'}, 'timezone': {'offset': '-12:00', 'description': 'Eniwetok, Kwajalein'}}, 'email': 'marlene.trydal@example.com', 'login': {'uuid': 'ae50a8f5-91ac-46dc-8dfd-0fb5659f9cfc', 'username': 'ticklishbird948', 'password': 'virginie', 'salt': 'hOWxYWXZ', 'md5': 'c2c6439695d19408bedaf96418665415', 'sha1': '170148f07719718e1b38156e52daf732428e0759', 'sha256': '55a8dccd5e68818bc9d791213fe1a833b062239aa20967379822b6fb562f8517'}, 'dob': {'date': '1986-09-23T02:46:40.167Z', 'age': 37}, 'registered': {'date': '2009-06-13T21:32:06.635Z', 'age': 14}, 'phone': '56957987', 'cell': '91268979', 'id': {'name': 'FN', 'value': '23098627448'}, 'picture': {'large': 'https://randomuser.me/api/portraits/women/36.jpg', 'medium': 'https://randomuser.me/api/portraits/med/women/36.jpg', 'thumbnail': 'https://randomuser.me/api/portraits/thumb/women/36.jpg'}, 'nat': 'NO'}</msg>
<arg>${json_data['results'][0]}</arg>
<doc>Logs the given message with the given level.</doc>
<status status="PASS" start="2024-05-04T17:12:06.313955" elapsed="0.000412"/>
</kw>
<kw name="Log" owner="BuiltIn">
<msg time="2024-05-04T17:12:06.314787" level="INFO">email</msg>
<arg>${key}</arg>
<doc>Logs the given message with the given level.</doc>
<status status="PASS" start="2024-05-04T17:12:06.314660" elapsed="0.000166"/>
</kw>
<var name="${key}">email</var>
<status status="PASS" start="2024-05-04T17:12:06.313127" elapsed="0.001913"/>
</iter>
<iter>
<kw name="Dictionary Should Contain Key" owner="Collections">
<msg time="2024-05-04T17:12:06.315715" level="INFO">False</msg>
<arg>${json_data['results'][0]}</arg>
<arg>${key}</arg>
<doc>Fails if ``key`` is not found from ``dictionary``.</doc>
<status status="PASS" start="2024-05-04T17:12:06.315327" elapsed="0.000426"/>
</kw>
<kw name="Log" owner="BuiltIn">
<msg time="2024-05-04T17:12:06.316481" level="INFO">{'gender': 'female', 'name': {'title': 'Miss', 'first': 'Marlene', 'last': 'Trydal'}, 'location': {'street': {'number': 6582, 'name': 'Manglebergveien'}, 'city': 'Ålvik', 'state': 'Hedmark', 'country': 'Norway', 'postcode': '0060', 'coordinates': {'latitude': '41.8295', 'longitude': '133.0982'}, 'timezone': {'offset': '-12:00', 'description': 'Eniwetok, Kwajalein'}}, 'email': 'marlene.trydal@example.com', 'login': {'uuid': 'ae50a8f5-91ac-46dc-8dfd-0fb5659f9cfc', 'username': 'ticklishbird948', 'password': 'virginie', 'salt': 'hOWxYWXZ', 'md5': 'c2c6439695d19408bedaf96418665415', 'sha1': '170148f07719718e1b38156e52daf732428e0759', 'sha256': '55a8dccd5e68818bc9d791213fe1a833b062239aa20967379822b6fb562f8517'}, 'dob': {'date': '1986-09-23T02:46:40.167Z', 'age': 37}, 'registered': {'date': '2009-06-13T21:32:06.635Z', 'age': 14}, 'phone': '56957987', 'cell': '91268979', 'id': {'name': 'FN', 'value': '23098627448'}, 'picture': {'large': 'https://randomuser.me/api/portraits/women/36.jpg', 'medium': 'https://randomuser.me/api/portraits/med/women/36.jpg', 'thumbnail': 'https://randomuser.me/api/portraits/thumb/women/36.jpg'}, 'nat': 'NO'}</msg>
<arg>${json_data['results'][0]}</arg>
<doc>Logs the given message with the given level.</doc>
<status status="PASS" start="2024-05-04T17:12:06.316088" elapsed="0.000442"/>
</kw>
<kw name="Log" owner="BuiltIn">
<msg time="2024-05-04T17:12:06.316956" level="INFO">login</msg>
<arg>${key}</arg>
<doc>Logs the given message with the given level.</doc>
<status status="PASS" start="2024-05-04T17:12:06.316828" elapsed="0.000167"/>
</kw>
<var name="${key}">login</var>
<status status="PASS" start="2024-05-04T17:12:06.315214" elapsed="0.002000"/>
</iter>
<var>${key}</var>
<value>@{expected_keys}</value>
<status status="PASS" start="2024-05-04T17:12:06.306398" elapsed="0.010961"/>
</for>
<kw name="Create List" owner="BuiltIn">
<msg time="2024-05-04T17:12:06.317699" level="INFO">${expected_keysTwo} = ['username', 'password']</msg>
<var>${expected_keysTwo}</var>
<arg>username</arg>
<arg>password</arg>
<doc>Returns a list containing given items.</doc>
<status status="PASS" start="2024-05-04T17:12:06.317560" elapsed="0.000164"/>
</kw>
<for flavor="IN">
<iter>
<kw name="Dictionary Should Contain Key" owner="Collections">
<msg time="2024-05-04T17:12:06.318625" level="INFO">False</msg>
<arg>${json_data['results'][0]['login']}</arg>
<arg>${keyTwo}</arg>
<doc>Fails if ``key`` is not found from ``dictionary``.</doc>
<status status="PASS" start="2024-05-04T17:12:06.318230" elapsed="0.000433"/>
</kw>
<kw name="Dictionary Should Contain Key" owner="Collections">
<msg time="2024-05-04T17:12:06.319337" level="INFO">False</msg>
<arg>${json_data['results'][0]['login']}</arg>
<arg>${keyTwo}</arg>
<doc>Fails if ``key`` is not found from ``dictionary``.</doc>
<status status="PASS" start="2024-05-04T17:12:06.318955" elapsed="0.000420"/>
</kw>
<kw name="Log" owner="BuiltIn">
<msg time="2024-05-04T17:12:06.319817" level="INFO">username</msg>
<arg>${keyTwo}</arg>
<doc>Logs the given message with the given level.</doc>
<status status="PASS" start="2024-05-04T17:12:06.319663" elapsed="0.000201"/>
</kw>
<var name="${keyTwo}">username</var>
<status status="PASS" start="2024-05-04T17:12:06.318119" elapsed="0.001962"/>
</iter>
<iter>
<kw name="Dictionary Should Contain Key" owner="Collections">
<msg time="2024-05-04T17:12:06.320841" level="INFO">False</msg>
<arg>${json_data['results'][0]['login']}</arg>
<arg>${keyTwo}</arg>
<doc>Fails if ``key`` is not found from ``dictionary``.</doc>
<status status="PASS" start="2024-05-04T17:12:06.320363" elapsed="0.000519"/>
</kw>
<kw name="Dictionary Should Contain Key" owner="Collections">
<msg time="2024-05-04T17:12:06.321563" level="INFO">False</msg>
<arg>${json_data['results'][0]['login']}</arg>
<arg>${keyTwo}</arg>
<doc>Fails if ``key`` is not found from ``dictionary``.</doc>
<status status="PASS" start="2024-05-04T17:12:06.321183" elapsed="0.000418"/>
</kw>
<kw name="Log" owner="BuiltIn">
<msg time="2024-05-04T17:12:06.322018" level="INFO">password</msg>
<arg>${keyTwo}</arg>
<doc>Logs the given message with the given level.</doc>
<status status="PASS" start="2024-05-04T17:12:06.321895" elapsed="0.000160"/>
</kw>
<var name="${keyTwo}">password</var>
<status status="PASS" start="2024-05-04T17:12:06.320254" elapsed="0.002012"/>
</iter>
<var>${keyTwo}</var>
<value>@{expected_keysTwo}</value>
<status status="PASS" start="2024-05-04T17:12:06.317963" elapsed="0.004422"/>
</for>
<status status="PASS" start="2024-05-04T17:12:06.198251" elapsed="0.124276"/>
</kw>
<doc>Testa a estrutura da resposta da API.</doc>
<tag>testeEstruturaResposta</tag>
<status status="PASS" start="2024-05-04T17:12:06.197680" elapsed="0.125014"/>
</test>
<test id="s1-s1-t4" name="Validar tipos de dados" line="28">
<kw name="Teste de Tipos de Dados" owner="random-user-service">
<kw name="GET On Session" owner="RequestsLibrary">
<msg time="2024-05-04T17:12:06.407109" level="INFO">GET Request : url=https://randomuser.me/api 
 path_url=/api 
 headers={'User-Agent': 'python-requests/2.31.0', 'Accept-Encoding': 'gzip, deflate', 'Accept': '*/*', 'Connection': 'keep-alive'} 
 body=None 
 </msg>
<msg time="2024-05-04T17:12:06.407198" level="INFO">GET Response : url=https://randomuser.me/api 
 status=200, reason=OK 
 headers={'Date': 'Sat, 04 May 2024 17:12:06 GMT', 'Content-Type': 'application/json; charset=utf-8', 'Transfer-Encoding': 'chunked', 'Connection': 'keep-alive', 'X-Powered-By': 'Express', 'Access-Control-Allow-Origin': '*', 'Cache-Control': 'no-cache', 'ETag': 'W/"475-wreLnLE9itAAg75OtG5oL9aoagw"', 'Vary': 'Accept-Encoding', 'Content-Encoding': 'gzip', 'CF-Cache-Status': 'DYNAMIC', 'Report-To': '{"endpoints":[{"url":"https:\\/\\/a.nel.cloudflare.com\\/report\\/v4?s=zzJYuk7OQwdYa0fHzWrW3eo7RjoIzeu3WXlxFCD%2F3OYxtp2GJ4vml0k79H%2BYmm%2B0s8of37hmoCILfxG7dJdRVkO52z1%2FXUSIzIhylhnL6djFtVm8FKQKxEiStof7YgzR"}],"group":"cf-nel","max_age":604800}', 'NEL': '{"success_fraction":0,"report_to":"cf-nel","max_age":604800}', 'Server': 'cloudflare', 'CF-RAY': '87ea1d1f8da0112d-ORD', 'alt-svc': 'h3=":443"; ma=86400'} 
 body={"results":[{"gender":"female","name":{"title":"Ms","first":"Prisha","last":"Bangera"},"location":{"street":{"number":6981,"name":"Pali Hill"},"city":"Siwan","state":"Jharkhand","country":"India","postcode":90902,"coordinates":{"latitude":"4.6324","longitude":"86.3682"},"timezone":{"offset":"-12:00","description":"Eniwetok, Kwajalein"}},"email":"prisha.bangera@example.com","login":{"uuid":"91b0bad6-eddc-4e7c-9800-3d7e02aeabf5","username":"angryduck842","password":"1987","salt":"ZYV5EY1G","md5":"e33a8de569080ad4e8d7a0d1fc4d9369","sha1":"f3537e69ccd463a06b9d170e14bd221aac089f49","sha256":"03aeeeda1c0f74500ff07002b60bfc64651be55e7dc4aefe197a6992b5324f84"},"dob":{"date":"1971-03-23T21:08:55.883Z","age":53},"registered":{"date":"2020-05-18T00:53:16.091Z","age":3},"phone":"7696793844","cell":"8990213511","id":{"name":"UIDAI","value":"930919829268"},"picture":{"large":"https://randomuser.me/api/portraits/women/0.jpg","medium":"https://randomuser.me/api/portraits/med/women/0.jpg","thumbnail":"https://randomuser.me/api/portraits/thumb/women/0.jpg"},"nat":"IN"}],"info":{"seed":"8051a48fbe42f153","results":1,"page":1,"version":"1.4"}} 
 </msg>
<msg time="2024-05-04T17:12:06.407265" level="INFO">/opt/hostedtoolcache/Python/3.12.3/x64/lib/python3.12/site-packages/urllib3/connectionpool.py:1103: InsecureRequestWarning: Unverified HTTPS request is being made to host 'randomuser.me'. Adding certificate verification is strongly advised. See: https://urllib3.readthedocs.io/en/latest/advanced-usage.html#tls-warnings
  warnings.warn(</msg>
<msg time="2024-05-04T17:12:06.407374" level="INFO">${response} = &lt;Response [200]&gt;</msg>
<var>${response}</var>
<arg>consultarAPI</arg>
<arg>/api</arg>
<doc>Sends a GET request on a previously created HTTP Session.</doc>
<status status="PASS" start="2024-05-04T17:12:06.325362" elapsed="0.082051"/>
</kw>
<kw name="Set Variable" owner="BuiltIn">
<msg time="2024-05-04T17:12:06.408548" level="INFO">${json_data} = {'results': [{'gender': 'female', 'name': {'title': 'Ms', 'first': 'Prisha', 'last': 'Bangera'}, 'location': {'street': {'number': 6981, 'name': 'Pali Hill'}, 'city': 'Siwan', 'state': 'Jharkhand', 'c...</msg>
<var>${json_data}</var>
<arg>${response.json()}</arg>
<doc>Returns the given values which can then be assigned to a variables.</doc>
<status status="PASS" start="2024-05-04T17:12:06.407984" elapsed="0.000593"/>
</kw>
<kw name="Log" owner="BuiltIn">
<msg time="2024-05-04T17:12:06.409058" level="INFO">{'results': [{'gender': 'female', 'name': {'title': 'Ms', 'first': 'Prisha', 'last': 'Bangera'}, 'location': {'street': {'number': 6981, 'name': 'Pali Hill'}, 'city': 'Siwan', 'state': 'Jharkhand', 'country': 'India', 'postcode': 90902, 'coordinates': {'latitude': '4.6324', 'longitude': '86.3682'}, 'timezone': {'offset': '-12:00', 'description': 'Eniwetok, Kwajalein'}}, 'email': 'prisha.bangera@example.com', 'login': {'uuid': '91b0bad6-eddc-4e7c-9800-3d7e02aeabf5', 'username': 'angryduck842', 'password': '1987', 'salt': 'ZYV5EY1G', 'md5': 'e33a8de569080ad4e8d7a0d1fc4d9369', 'sha1': 'f3537e69ccd463a06b9d170e14bd221aac089f49', 'sha256': '03aeeeda1c0f74500ff07002b60bfc64651be55e7dc4aefe197a6992b5324f84'}, 'dob': {'date': '1971-03-23T21:08:55.883Z', 'age': 53}, 'registered': {'date': '2020-05-18T00:53:16.091Z', 'age': 3}, 'phone': '7696793844', 'cell': '8990213511', 'id': {'name': 'UIDAI', 'value': '930919829268'}, 'picture': {'large': 'https://randomuser.me/api/portraits/women/0.jpg', 'medium': 'https://randomuser.me/api/portraits/med/women/0.jpg', 'thumbnail': 'https://randomuser.me/api/portraits/thumb/women/0.jpg'}, 'nat': 'IN'}], 'info': {'seed': '8051a48fbe42f153', 'results': 1, 'page': 1, 'version': '1.4'}}</msg>
<arg>${json_data}</arg>
<doc>Logs the given message with the given level.</doc>
<status status="PASS" start="2024-05-04T17:12:06.408900" elapsed="0.000243"/>
</kw>
<kw name="Should Be String" owner="String">
<arg>${json_data['results'][0]['gender']}</arg>
<doc>Fails if the given ``item`` is not a string.</doc>
<status status="PASS" start="2024-05-04T17:12:06.409450" elapsed="0.000373"/>
</kw>
<kw name="Should Match Regexp" owner="BuiltIn">
<arg>${json_data['results'][0]['email']}</arg>
<arg>^[a-zA-Z0-9._%+-]+@[a-zA-Z0-9.-]+\.[a-zA-Z]{2,}$</arg>
<doc>Fails if ``string`` does not match ``pattern`` as a regular expression.</doc>
<status status="PASS" start="2024-05-04T17:12:06.410017" elapsed="0.000523"/>
</kw>
<kw name="Should Match Regexp" owner="BuiltIn">
<arg>${json_data['results'][0]['dob']['date']}</arg>
<arg>\\d{4}-\\d{2}-\\d{2}T\\d{2}:\\d{2}:\\d{2}\\.\\d{3}Z</arg>
<doc>Fails if ``string`` does not match ``pattern`` as a regular expression.</doc>
<status status="PASS" start="2024-05-04T17:12:06.410735" elapsed="0.000502"/>
</kw>
<kw name="Should Match Regexp" owner="BuiltIn">
<arg>${json_data['results'][0]['registered']['date']}</arg>
<arg>\\d{4}-\\d{2}-\\d{2}T\\d{2}:\\d{2}:\\d{2}\\.\\d{3}Z</arg>
<doc>Fails if ``string`` does not match ``pattern`` as a regular expression.</doc>
<status status="PASS" start="2024-05-04T17:12:06.411432" elapsed="0.000400"/>
</kw>
<kw name="Should Match Regexp" owner="BuiltIn">
<arg>${json_data['results'][0]['picture']['large']}</arg>
<arg>^https?://.*\.(?:png|jpe?g|gif|bmp)$</arg>
<doc>Fails if ``string`` does not match ``pattern`` as a regular expression.</doc>
<status status="PASS" start="2024-05-04T17:12:06.412030" elapsed="0.000474"/>
</kw>
<kw name="Should Match Regexp" owner="BuiltIn">
<arg>${json_data['results'][0]['picture']['medium']}</arg>
<arg>^https?://.*\.(?:png|jpe?g|gif|bmp)$</arg>
<doc>Fails if ``string`` does not match ``pattern`` as a regular expression.</doc>
<status status="PASS" start="2024-05-04T17:12:06.412695" elapsed="0.000370"/>
</kw>
<kw name="Should Match Regexp" owner="BuiltIn">
<arg>${json_data['results'][0]['picture']['thumbnail']}</arg>
<arg>^https?://.*\.(?:png|jpe?g|gif|bmp)$</arg>
<doc>Fails if ``string`` does not match ``pattern`` as a regular expression.</doc>
<status status="PASS" start="2024-05-04T17:12:06.413257" elapsed="0.000353"/>
</kw>
<kw name="Log" owner="BuiltIn">
<msg time="2024-05-04T17:12:06.414117" level="INFO">{'large': 'https://randomuser.me/api/portraits/women/0.jpg', 'medium': 'https://randomuser.me/api/portraits/med/women/0.jpg', 'thumbnail': 'https://randomuser.me/api/portraits/thumb/women/0.jpg'}</msg>
<arg>${json_data['results'][0]['picture']}</arg>
<doc>Logs the given message with the given level.</doc>
<status status="PASS" start="2024-05-04T17:12:06.413793" elapsed="0.000366"/>
</kw>
<status status="PASS" start="2024-05-04T17:12:06.325128" elapsed="0.089289"/>
</kw>
<kw name="Teste de Tipos de Dados - Postcode" owner="random-user-service">
<kw name="GET On Session" owner="RequestsLibrary">
<msg time="2024-05-04T17:12:06.491501" level="INFO">GET Request : url=https://randomuser.me/api 
 path_url=/api 
 headers={'User-Agent': 'python-requests/2.31.0', 'Accept-Encoding': 'gzip, deflate', 'Accept': '*/*', 'Connection': 'keep-alive'} 
 body=None 
 </msg>
<msg time="2024-05-04T17:12:06.491570" level="INFO">GET Response : url=https://randomuser.me/api 
 status=200, reason=OK 
 headers={'Date': 'Sat, 04 May 2024 17:12:06 GMT', 'Content-Type': 'application/json; charset=utf-8', 'Transfer-Encoding': 'chunked', 'Connection': 'keep-alive', 'X-Powered-By': 'Express', 'Access-Control-Allow-Origin': '*', 'Cache-Control': 'no-cache', 'ETag': 'W/"48c-H+pMCzvyiz4k72v9ZeLTCusTo88"', 'Vary': 'Accept-Encoding', 'Content-Encoding': 'gzip', 'CF-Cache-Status': 'DYNAMIC', 'Report-To': '{"endpoints":[{"url":"https:\\/\\/a.nel.cloudflare.com\\/report\\/v4?s=tM5ViXGpKlwHFhLZe0ElEA7ZLX%2F%2BvlR1Ogc1BxEWGoowlTY8EnJp6qwbN4AqnNqz3bNNVE46jJLFEDKAPiyQO8e%2B3C1Q0X%2BVw%2BEccvj1Ie3YWRtrds6obf5%2FzB3AgLlV"}],"group":"cf-nel","max_age":604800}', 'NEL': '{"success_fraction":0,"report_to":"cf-nel","max_age":604800}', 'Server': 'cloudflare', 'CF-RAY': '87ea1d201e48112d-ORD', 'alt-svc': 'h3=":443"; ma=86400'} 
 body={"results":[{"gender":"male","name":{"title":"Mr","first":"Joseph","last":"Wang"},"location":{"street":{"number":3589,"name":"Fenton Street"},"city":"Upper Hutt","state":"Wellington","country":"New Zealand","postcode":40299,"coordinates":{"latitude":"47.8966","longitude":"-127.8129"},"timezone":{"offset":"+10:00","description":"Eastern Australia, Guam, Vladivostok"}},"email":"joseph.wang@example.com","login":{"uuid":"9df54de5-1192-45fd-88ab-670e1d313563","username":"redpeacock486","password":"lovebug","salt":"gdJjt92W","md5":"5f58996307300d51a90d06ca1aa3bda3","sha1":"230a2b9e917058ed1272d99f970b6a8cfb6648c3","sha256":"494cc9f0d553a0afd435c93e88793c96388b1ba443fda40fc55aa2168793cf2a"},"dob":{"date":"1970-03-02T08:24:11.305Z","age":54},"registered":{"date":"2002-04-25T20:28:20.983Z","age":22},"phone":"(082)-023-4201","cell":"(419)-220-4922","id":{"name":"","value":null},"picture":{"large":"https://randomuser.me/api/portraits/men/91.jpg","medium":"https://randomuser.me/api/portraits/med/men/91.jpg","thumbnail":"https://randomuser.me/api/portraits/thumb/men/91.jpg"},"nat":"NZ"}],"info":{"seed":"aaa39cec7370586b","results":1,"page":1,"version":"1.4"}} 
 </msg>
<msg time="2024-05-04T17:12:06.491630" level="INFO">/opt/hostedtoolcache/Python/3.12.3/x64/lib/python3.12/site-packages/urllib3/connectionpool.py:1103: InsecureRequestWarning: Unverified HTTPS request is being made to host 'randomuser.me'. Adding certificate verification is strongly advised. See: https://urllib3.readthedocs.io/en/latest/advanced-usage.html#tls-warnings
  warnings.warn(</msg>
<msg time="2024-05-04T17:12:06.491722" level="INFO">${response} = &lt;Response [200]&gt;</msg>
<var>${response}</var>
<arg>consultarAPI</arg>
<arg>/api</arg>
<doc>Sends a GET request on a previously created HTTP Session.</doc>
<status status="PASS" start="2024-05-04T17:12:06.414877" elapsed="0.076885"/>
</kw>
<kw name="Set Variable" owner="BuiltIn">
<msg time="2024-05-04T17:12:06.492828" level="INFO">${json_data} = {'results': [{'gender': 'male', 'name': {'title': 'Mr', 'first': 'Joseph', 'last': 'Wang'}, 'location': {'street': {'number': 3589, 'name': 'Fenton Street'}, 'city': 'Upper Hutt', 'state': 'Wellington...</msg>
<var>${json_data}</var>
<arg>${response.json()}</arg>
<doc>Returns the given values which can then be assigned to a variables.</doc>
<status status="PASS" start="2024-05-04T17:12:06.492258" elapsed="0.000599"/>
</kw>
<kw name="Log" owner="BuiltIn">
<msg time="2024-05-04T17:12:06.493324" level="INFO">{'results': [{'gender': 'male', 'name': {'title': 'Mr', 'first': 'Joseph', 'last': 'Wang'}, 'location': {'street': {'number': 3589, 'name': 'Fenton Street'}, 'city': 'Upper Hutt', 'state': 'Wellington', 'country': 'New Zealand', 'postcode': 40299, 'coordinates': {'latitude': '47.8966', 'longitude': '-127.8129'}, 'timezone': {'offset': '+10:00', 'description': 'Eastern Australia, Guam, Vladivostok'}}, 'email': 'joseph.wang@example.com', 'login': {'uuid': '9df54de5-1192-45fd-88ab-670e1d313563', 'username': 'redpeacock486', 'password': 'lovebug', 'salt': 'gdJjt92W', 'md5': '5f58996307300d51a90d06ca1aa3bda3', 'sha1': '230a2b9e917058ed1272d99f970b6a8cfb6648c3', 'sha256': '494cc9f0d553a0afd435c93e88793c96388b1ba443fda40fc55aa2168793cf2a'}, 'dob': {'date': '1970-03-02T08:24:11.305Z', 'age': 54}, 'registered': {'date': '2002-04-25T20:28:20.983Z', 'age': 22}, 'phone': '(082)-023-4201', 'cell': '(419)-220-4922', 'id': {'name': '', 'value': None}, 'picture': {'large': 'https://randomuser.me/api/portraits/men/91.jpg', 'medium': 'https://randomuser.me/api/portraits/med/men/91.jpg', 'thumbnail': 'https://randomuser.me/api/portraits/thumb/men/91.jpg'}, 'nat': 'NZ'}], 'info': {'seed': 'aaa39cec7370586b', 'results': 1, 'page': 1, 'version': '1.4'}}</msg>
<arg>${json_data}</arg>
<doc>Logs the given message with the given level.</doc>
<status status="PASS" start="2024-05-04T17:12:06.493169" elapsed="0.000234"/>
</kw>
<kw name="Should Be Equal As Numbers" owner="BuiltIn">
<arg>${json_data['results'][0]['location']['postcode']}</arg>
<arg>${json_data['results'][0]['location']['postcode']}</arg>
<doc>Fails if objects are unequal after converting them to real numbers.</doc>
<status status="PASS" start="2024-05-04T17:12:06.493852" elapsed="0.000632"/>
</kw>
<kw name="Log" owner="BuiltIn">
<msg time="2024-05-04T17:12:06.495015" level="INFO">40299</msg>
<arg>${json_data['results'][0]['location']['postcode']}</arg>
<doc>Logs the given message with the given level.</doc>
<status status="PASS" start="2024-05-04T17:12:06.494678" elapsed="0.000379"/>
</kw>
<status status="PASS" start="2024-05-04T17:12:06.414644" elapsed="0.080665"/>
</kw>
<doc>Testa se os tipos de dados na resposta da API estão corretos.</doc>
<tag>testeTiposDados</tag>
<status status="PASS" start="2024-05-04T17:12:06.324578" elapsed="0.170896"/>
</test>
<test id="s1-s1-t5" name="Validar conteudo" line="35">
<kw name="Teste de Tipos de Conteudo" owner="random-user-service">
<kw name="GET On Session" owner="RequestsLibrary">
<msg time="2024-05-04T17:12:06.586186" level="INFO">GET Request : url=https://randomuser.me/api 
 path_url=/api 
 headers={'User-Agent': 'python-requests/2.31.0', 'Accept-Encoding': 'gzip, deflate', 'Accept': '*/*', 'Connection': 'keep-alive'} 
 body=None 
 </msg>
<msg time="2024-05-04T17:12:06.586294" level="INFO">GET Response : url=https://randomuser.me/api 
 status=200, reason=OK 
 headers={'Date': 'Sat, 04 May 2024 17:12:06 GMT', 'Content-Type': 'application/json; charset=utf-8', 'Transfer-Encoding': 'chunked', 'Connection': 'keep-alive', 'X-Powered-By': 'Express', 'Access-Control-Allow-Origin': '*', 'Cache-Control': 'no-cache', 'ETag': 'W/"4a3-WFcRd/9MoyAuV43UfTAQ8+NtUK8"', 'Vary': 'Accept-Encoding', 'Content-Encoding': 'gzip', 'CF-Cache-Status': 'DYNAMIC', 'Report-To': '{"endpoints":[{"url":"https:\\/\\/a.nel.cloudflare.com\\/report\\/v4?s=T%2BQ41ekY3FazUWjIh%2BYvL3J%2FkoMH1j6uUnawJ2L%2FkeoLTPqRLV2NdDf510rRJHjczeC%2Fodu8ZYk5YXI71hNN%2BbGvKzE9Jp8tV4IomjkF24DL2ykY9GtgwdApufn%2Bh5zl"}],"group":"cf-nel","max_age":604800}', 'NEL': '{"success_fraction":0,"report_to":"cf-nel","max_age":604800}', 'Server': 'cloudflare', 'CF-RAY': '87ea1d20aef8112d-ORD', 'alt-svc': 'h3=":443"; ma=86400'} 
 body={"results":[{"gender":"female","name":{"title":"Miss","first":"Charlotte","last":"Harcourt"},"location":{"street":{"number":4342,"name":"Dalhousie Ave"},"city":"Charlottetown","state":"Yukon","country":"Canada","postcode":"N7J 0Q6","coordinates":{"latitude":"-64.3521","longitude":"45.5343"},"timezone":{"offset":"+9:00","description":"Tokyo, Seoul, Osaka, Sapporo, Yakutsk"}},"email":"charlotte.harcourt@example.com","login":{"uuid":"462e652f-71f7-4352-b7dd-84bfd3d0316f","username":"smalllion372","password":"subaru","salt":"h7DlwiDB","md5":"0d203d2d491bc10004bbf2bfc32d81cb","sha1":"e9d2e9e0c3701ebe3be97c160cb1a94b153da1f3","sha256":"3079c9f22ca0e9385096b00859fa8470d074383ea5dea0faa2ac2589fc1ff29e"},"dob":{"date":"1985-09-20T14:06:22.562Z","age":38},"registered":{"date":"2021-03-09T16:26:26.172Z","age":3},"phone":"G80 F14-9893","cell":"N15 G86-2005","id":{"name":"SIN","value":"487081093"},"picture":{"large":"https://randomuser.me/api/portraits/women/79.jpg","medium":"https://randomuser.me/api/portraits/med/women/79.jpg","thumbnail":"https://randomuser.me/api/portraits/thumb/women/79.jpg"},"nat":"CA"}],"info":{"seed":"ac9d5e510ff8b65b","results":1,"page":1,"version":"1.4"}} 
 </msg>
<msg time="2024-05-04T17:12:06.586375" level="INFO">/opt/hostedtoolcache/Python/3.12.3/x64/lib/python3.12/site-packages/urllib3/connectionpool.py:1103: InsecureRequestWarning: Unverified HTTPS request is being made to host 'randomuser.me'. Adding certificate verification is strongly advised. See: https://urllib3.readthedocs.io/en/latest/advanced-usage.html#tls-warnings
  warnings.warn(</msg>
<msg time="2024-05-04T17:12:06.586516" level="INFO">${response} = &lt;Response [200]&gt;</msg>
<var>${response}</var>
<arg>consultarAPI</arg>
<arg>/api</arg>
<doc>Sends a GET request on a previously created HTTP Session.</doc>
<status status="PASS" start="2024-05-04T17:12:06.498404" elapsed="0.088162"/>
</kw>
<kw name="Set Variable" owner="BuiltIn">
<msg time="2024-05-04T17:12:06.587755" level="INFO">${json_data} = {'results': [{'gender': 'female', 'name': {'title': 'Miss', 'first': 'Charlotte', 'last': 'Harcourt'}, 'location': {'street': {'number': 4342, 'name': 'Dalhousie Ave'}, 'city': 'Charlottetown', 'state...</msg>
<var>${json_data}</var>
<arg>${response.json()}</arg>
<doc>Returns the given values which can then be assigned to a variables.</doc>
<status status="PASS" start="2024-05-04T17:12:06.587188" elapsed="0.000637"/>
</kw>
<kw name="Set Variable" owner="BuiltIn">
<msg time="2024-05-04T17:12:06.588530" level="INFO">${name_title} = Miss</msg>
<var>${name_title}</var>
<arg>${json_data["results"][0]["name"]["title"]}</arg>
<doc>Returns the given values which can then be assigned to a variables.</doc>
<status status="PASS" start="2024-05-04T17:12:06.588140" elapsed="0.000415"/>
</kw>
<kw name="Create List" owner="BuiltIn">
<msg time="2024-05-04T17:12:06.589003" level="INFO">${allowed_titles} = ['Mr', 'Ms', 'Miss', 'Mrs', 'Madame', 'Monsieur']</msg>
<var>${allowed_titles}</var>
<arg>Mr</arg>
<arg>Ms</arg>
<arg>Miss</arg>
<arg>Mrs</arg>
<arg>Madame</arg>
<arg>Monsieur</arg>
<doc>Returns a list containing given items.</doc>
<status status="PASS" start="2024-05-04T17:12:06.588855" elapsed="0.000173"/>
</kw>
<kw name="List Should Contain Value" owner="Collections">
<msg time="2024-05-04T17:12:06.589496" level="INFO">False</msg>
<arg>${allowed_titles}</arg>
<arg>${name_title}</arg>
<doc>Fails if the ``value`` is not found from ``list``.</doc>
<status status="PASS" start="2024-05-04T17:12:06.589325" elapsed="0.000208"/>
</kw>
<kw name="Set Variable" owner="BuiltIn">
<msg time="2024-05-04T17:12:06.590202" level="INFO">${name_country} = CA</msg>
<var>${name_country}</var>
<arg>${json_data["results"][0]["nat"]}</arg>
<doc>Returns the given values which can then be assigned to a variables.</doc>
<status status="PASS" start="2024-05-04T17:12:06.589823" elapsed="0.000404"/>
</kw>
<kw name="Create List" owner="BuiltIn">
<msg time="2024-05-04T17:12:06.591109" level="INFO">${list_country} = ['AD', 'AE', 'AF', 'AG', 'AI', 'AL', 'AM', 'AO', 'AQ', 'AR', 'AS', 'AT', 'AU', 'AW', 'AX', 'AZ', 'BA', 'BB', 'BD', 'BE', 'BF', 'BG', 'BH', 'BI', 'BJ', 'BL', 'BM', 'BN', 'BO', 'BQ', 'BR', 'BS', 'BT', '...</msg>
<var>${list_country}</var>
<arg>AD</arg>
<arg>AE</arg>
<arg>AF</arg>
<arg>AG</arg>
<arg>AI</arg>
<arg>AL</arg>
<arg>AM</arg>
<arg>AO</arg>
<arg>AQ</arg>
<arg>AR</arg>
<arg>AS</arg>
<arg>AT</arg>
<arg>AU</arg>
<arg>AW</arg>
<arg>AX</arg>
<arg>AZ</arg>
<arg>BA</arg>
<arg>BB</arg>
<arg>BD</arg>
<arg>BE</arg>
<arg>BF</arg>
<arg>BG</arg>
<arg>BH</arg>
<arg>BI</arg>
<arg>BJ</arg>
<arg>BL</arg>
<arg>BM</arg>
<arg>BN</arg>
<arg>BO</arg>
<arg>BQ</arg>
<arg>BR</arg>
<arg>BS</arg>
<arg>BT</arg>
<arg>BV</arg>
<arg>BW</arg>
<arg>BY</arg>
<arg>BZ</arg>
<arg>CA</arg>
<arg>CC</arg>
<arg>CD</arg>
<arg>CF</arg>
<arg>CG</arg>
<arg>CH</arg>
<arg>CI</arg>
<arg>CK</arg>
<arg>CL</arg>
<arg>CM</arg>
<arg>CN</arg>
<arg>CO</arg>
<arg>CR</arg>
<arg>CU</arg>
<arg>CV</arg>
<arg>CW</arg>
<arg>CX</arg>
<arg>CY</arg>
<arg>CZ</arg>
<arg>DE</arg>
<arg>DJ</arg>
<arg>DK</arg>
<arg>DM</arg>
<arg>DO</arg>
<arg>DZ</arg>
<arg>EC</arg>
<arg>EE</arg>
<arg>EG</arg>
<arg>EH</arg>
<arg>ER</arg>
<arg>ES</arg>
<arg>ET</arg>
<arg>FI</arg>
<arg>FJ</arg>
<arg>FK</arg>
<arg>FM</arg>
<arg>FO</arg>
<arg>FR</arg>
<arg>GA</arg>
<arg>GB</arg>
<arg>GD</arg>
<arg>GE</arg>
<arg>GF</arg>
<arg>GG</arg>
<arg>GH</arg>
<arg>GI</arg>
<arg>GL</arg>
<arg>GM</arg>
<arg>GN</arg>
<arg>GP</arg>
<arg>GQ</arg>
<arg>GR</arg>
<arg>GS</arg>
<arg>GT</arg>
<arg>GU</arg>
<arg>GW</arg>
<arg>GY</arg>
<arg>HK</arg>
<arg>HM</arg>
<arg>HN</arg>
<arg>HR</arg>
<arg>HT</arg>
<arg>HU</arg>
<arg>ID</arg>
<arg>IE</arg>
<arg>IL</arg>
<arg>IM</arg>
<arg>IN</arg>
<arg>IO</arg>
<arg>IQ</arg>
<arg>IR</arg>
<arg>IS</arg>
<arg>IT</arg>
<arg>JE</arg>
<arg>JM</arg>
<arg>JO</arg>
<arg>JP</arg>
<arg>KE</arg>
<arg>KG</arg>
<arg>KH</arg>
<arg>KI</arg>
<arg>KM</arg>
<arg>KN</arg>
<arg>KP</arg>
<arg>KR</arg>
<arg>KW</arg>
<arg>KY</arg>
<arg>KZ</arg>
<arg>LA</arg>
<arg>LB</arg>
<arg>LC</arg>
<arg>LI</arg>
<arg>LK</arg>
<arg>LR</arg>
<arg>LS</arg>
<arg>LT</arg>
<arg>LU</arg>
<arg>LV</arg>
<arg>LY</arg>
<arg>MA</arg>
<arg>MC</arg>
<arg>MD</arg>
<arg>ME</arg>
<arg>MF</arg>
<arg>MG</arg>
<arg>MH</arg>
<arg>MK</arg>
<arg>ML</arg>
<arg>MM</arg>
<arg>MN</arg>
<arg>MO</arg>
<arg>MP</arg>
<arg>MQ</arg>
<arg>MR</arg>
<arg>MS</arg>
<arg>MT</arg>
<arg>MU</arg>
<arg>MV</arg>
<arg>MW</arg>
<arg>MX</arg>
<arg>MY</arg>
<arg>MZ</arg>
<arg>NA</arg>
<arg>NC</arg>
<arg>NE</arg>
<arg>NF</arg>
<arg>NG</arg>
<arg>NI</arg>
<arg>NL</arg>
<arg>NO</arg>
<arg>NP</arg>
<arg>NR</arg>
<arg>NU</arg>
<arg>NZ</arg>
<arg>OM</arg>
<arg>PA</arg>
<arg>PE</arg>
<arg>PF</arg>
<arg>PG</arg>
<arg>PH</arg>
<arg>PK</arg>
<arg>PL</arg>
<arg>PM</arg>
<arg>PN</arg>
<arg>PR</arg>
<arg>PS</arg>
<arg>PT</arg>
<arg>PW</arg>
<arg>PY</arg>
<arg>QA</arg>
<arg>RE</arg>
<arg>RO</arg>
<arg>RS</arg>
<arg>RU</arg>
<arg>RW</arg>
<arg>SA</arg>
<arg>SB</arg>
<arg>SC</arg>
<arg>SD</arg>
<arg>SE</arg>
<arg>SG</arg>
<arg>SH</arg>
<arg>SI</arg>
<arg>SJ</arg>
<arg>SK</arg>
<arg>SL</arg>
<arg>SM</arg>
<arg>SN</arg>
<arg>SO</arg>
<arg>SR</arg>
<arg>SS</arg>
<arg>ST</arg>
<arg>SV</arg>
<arg>SX</arg>
<arg>SY</arg>
<arg>SZ</arg>
<arg>TC</arg>
<arg>TD</arg>
<arg>TF</arg>
<arg>TG</arg>
<arg>TH</arg>
<arg>TJ</arg>
<arg>TK</arg>
<arg>TL</arg>
<arg>TM</arg>
<arg>TN</arg>
<arg>TO</arg>
<arg>TR</arg>
<arg>TT</arg>
<arg>TV</arg>
<arg>TW</arg>
<arg>TZ</arg>
<arg>UA</arg>
<arg>UG</arg>
<arg>UM</arg>
<arg>US</arg>
<arg>UY</arg>
<arg>UZ</arg>
<arg>VA</arg>
<arg>VC</arg>
<arg>VE</arg>
<arg>VG</arg>
<arg>VI</arg>
<arg>VN</arg>
<arg>VU</arg>
<arg>WF</arg>
<arg>WS</arg>
<arg>XK</arg>
<arg>YE</arg>
<arg>YT</arg>
<arg>ZA</arg>
<arg>ZM</arg>
<arg>ZW</arg>
<doc>Returns a list containing given items.</doc>
<status status="PASS" start="2024-05-04T17:12:06.590527" elapsed="0.000607"/>
</kw>
<kw name="List Should Contain Value" owner="Collections">
<msg time="2024-05-04T17:12:06.592160" level="INFO">False</msg>
<arg>${list_country}</arg>
<arg>${name_country}</arg>
<doc>Fails if the ``value`` is not found from ``list``.</doc>
<status status="PASS" start="2024-05-04T17:12:06.591958" elapsed="0.000239"/>
</kw>
<kw name="Run Keyword If" owner="BuiltIn">
<kw name="Should Be True" owner="BuiltIn">
<arg>${True}</arg>
<doc>Fails if the given condition is not true.</doc>
<status status="PASS" start="2024-05-04T17:12:06.593271" elapsed="0.000257"/>
</kw>
<arg>${json_data["results"][0]["location"]["coordinates"]["latitude"]} &gt;= -90 and ${json_data["results"][0]["location"]["coordinates"]["latitude"]} &lt;= 90</arg>
<arg>Should Be True</arg>
<arg>${True}</arg>
<doc>Runs the given keyword with the given arguments, if ``condition`` is true.</doc>
<status status="PASS" start="2024-05-04T17:12:06.592513" elapsed="0.001147"/>
</kw>
<kw name="Run Keyword If" owner="BuiltIn">
<kw name="Should Be True" owner="BuiltIn">
<arg>${True}</arg>
<doc>Fails if the given condition is not true.</doc>
<status status="PASS" start="2024-05-04T17:12:06.594564" elapsed="0.000140"/>
</kw>
<arg>${json_data["results"][0]["location"]["coordinates"]["longitude"]} &gt;= -180 and ${json_data["results"][0]["location"]["coordinates"]["longitude"]} &lt;= 180</arg>
<arg>Should Be True</arg>
<arg>${True}</arg>
<doc>Runs the given keyword with the given arguments, if ``condition`` is true.</doc>
<status status="PASS" start="2024-05-04T17:12:06.593850" elapsed="0.000979"/>
</kw>
<status status="PASS" start="2024-05-04T17:12:06.498026" elapsed="0.096935"/>
</kw>
<doc>Testa o conteúdo específico dos campos retornados pela API.</doc>
<tag>testeConteudo</tag>
<status status="PASS" start="2024-05-04T17:12:06.497340" elapsed="0.097777"/>
</test>
<status status="PASS" start="2024-05-04T17:12:05.774360" elapsed="0.822855"/>
</suite>
<status status="PASS" start="2024-05-04T17:12:05.760659" elapsed="0.841770"/>
</suite>
<statistics>
<total>
<stat pass="5" fail="0" skip="0">All Tests</stat>
</total>
<tag>
<stat pass="1" fail="0" skip="0">testeConteudo</stat>
<stat pass="1" fail="0" skip="0">testeEstruturaResposta</stat>
<stat pass="1" fail="0" skip="0">testeRequisicaoBasica</stat>
<stat pass="1" fail="0" skip="0">testeTiposDados</stat>
</tag>
<suite>
<stat pass="5" fail="0" skip="0" id="s1" name="Tests">Tests</stat>
<stat pass="5" fail="0" skip="0" id="s1-s1" name="Random-User-Test">Tests.Random-User-Test</stat>
</suite>
</statistics>
<errors>
</errors>
</robot>
