<?xml version="1.0" encoding="UTF-8"?>
<robot generator="Robot 7.0 (Python 3.12.3 on linux)" generated="2024-06-09T21:14:10.852162" rpa="false" schemaversion="5">
<suite id="s1" name="Tests" source="/home/runner/work/ApiRandomUser/ApiRandomUser/RamdonUser/tests">
<suite id="s1-s1" name="Random-User-Test" source="/home/runner/work/ApiRandomUser/ApiRandomUser/RamdonUser/tests/random-user-test.robot">
<test id="s1-s1-t1" name="Conectar" line="13">
<kw name="Conectar API" owner="random-user-service">
<kw name="Create Session" owner="RequestsLibrary">
<msg time="2024-06-09T21:14:11.260387" level="INFO">Creating Session using : alias=consultarAPI, url=https://randomuser.me/, headers={},                     cookies={}, auth=None, timeout=None, proxies=None, verify=False,                     debug=0 </msg>
<arg>consultarAPI</arg>
<arg>${URL}</arg>
<doc>Create Session: create a HTTP session to a server</doc>
<status status="PASS" start="2024-06-09T21:14:11.260183" elapsed="0.000378"/>
</kw>
<status status="PASS" start="2024-06-09T21:14:11.259146" elapsed="0.001772"/>
</kw>
<status status="PASS" start="2024-06-09T21:14:11.258553" elapsed="0.002564"/>
</test>
<test id="s1-s1-t2" name="Validar retorno 200 e JSON Válido" line="16">
<kw name="Teste de Requisicao Basica" owner="random-user-service">
<kw name="GET On Session" owner="RequestsLibrary">
<msg time="2024-06-09T21:14:11.415848" level="INFO">GET Request : url=https://randomuser.me/api 
 path_url=/api 
 headers={'User-Agent': 'python-requests/2.32.3', 'Accept-Encoding': 'gzip, deflate', 'Accept': '*/*', 'Connection': 'keep-alive'} 
 body=None 
 </msg>
<msg time="2024-06-09T21:14:11.415984" level="INFO">GET Response : url=https://randomuser.me/api 
 status=200, reason=OK 
 headers={'Date': 'Sun, 09 Jun 2024 21:14:11 GMT', 'Content-Type': 'application/json; charset=utf-8', 'Transfer-Encoding': 'chunked', 'Connection': 'keep-alive', 'X-Powered-By': 'Express', 'Access-Control-Allow-Origin': '*', 'Cache-Control': 'no-cache', 'ETag': 'W/"47b-len3IvqrYw9w4Q6pFoGm+XRSWWE"', 'Vary': 'Accept-Encoding', 'Content-Encoding': 'gzip', 'CF-Cache-Status': 'DYNAMIC', 'Report-To': '{"endpoints":[{"url":"https:\\/\\/a.nel.cloudflare.com\\/report\\/v4?s=T5Qrg516IWeheqZL7GiZdCICUjEQN8o1IsSjJsxDvBYVTXrEnZXfY4R8gvZ%2FT8RtfINtSREWzDnySJzUy1rFhF%2BU6SOnCXlk5ma%2F8uPaExAoyeI24kmCPJHWwGCAGKaF"}],"group":"cf-nel","max_age":604800}', 'NEL': '{"success_fraction":0,"report_to":"cf-nel","max_age":604800}', 'Server': 'cloudflare', 'CF-RAY': '8914213caaaf2015-IAD', 'alt-svc': 'h3=":443"; ma=86400'} 
 body={"results":[{"gender":"male","name":{"title":"Mr","first":"Albert","last":"Kristensen"},"location":{"street":{"number":6160,"name":"Fyrrevej"},"city":"Sandved","state":"Sjælland","country":"Denmark","postcode":41810,"coordinates":{"latitude":"-43.4580","longitude":"-135.7403"},"timezone":{"offset":"-11:00","description":"Midway Island, Samoa"}},"email":"albert.kristensen@example.com","login":{"uuid":"05093bc5-8ac0-45e5-9866-a1a28958a146","username":"greengoose692","password":"lexmark","salt":"IPWcv4tJ","md5":"3694d405b5d5b6c1405698c89a8a16ae","sha1":"3cc8d8bbdefcf63ecbe59ce78772b998d57bf6df","sha256":"28e5448a4feba6e04abf65e1baad3485b811b15d130f5e2a63d520353327dac2"},"dob":{"date":"1950-06-27T22:28:09.585Z","age":73},"registered":{"date":"2015-06-28T03:14:14.579Z","age":8},"phone":"55356124","cell":"45369206","id":{"name":"CPR","value":"270650-9160"},"picture":{"large":"https://randomuser.me/api/portraits/men/16.jpg","medium":"https://randomuser.me/api/portraits/med/men/16.jpg","thumbnail":"https://randomuser.me/api/portraits/thumb/men/16.jpg"},"nat":"DK"}],"info":{"seed":"65d97e664adf0783","results":1,"page":1,"version":"1.4"}} 
 </msg>
<msg time="2024-06-09T21:14:11.416071" level="INFO">/opt/hostedtoolcache/Python/3.12.3/x64/lib/python3.12/site-packages/urllib3/connectionpool.py:1103: InsecureRequestWarning: Unverified HTTPS request is being made to host 'randomuser.me'. Adding certificate verification is strongly advised. See: https://urllib3.readthedocs.io/en/latest/advanced-usage.html#tls-warnings
  warnings.warn(</msg>
<msg time="2024-06-09T21:14:11.416208" level="INFO">${response} = &lt;Response [200]&gt;</msg>
<var>${response}</var>
<arg>consultarAPI</arg>
<arg>/api</arg>
<doc>Sends a GET request on a previously created HTTP Session.</doc>
<status status="PASS" start="2024-06-09T21:14:11.263816" elapsed="0.152444"/>
</kw>
<kw name="Should Be Equal As Numbers" owner="BuiltIn">
<msg time="2024-06-09T21:14:11.417347" level="INFO">Argument types are:
&lt;class 'int'&gt;
&lt;class 'str'&gt;</msg>
<arg>${response.status_code}</arg>
<arg>200</arg>
<doc>Fails if objects are unequal after converting them to real numbers.</doc>
<status status="PASS" start="2024-06-09T21:14:11.416857" elapsed="0.000553"/>
</kw>
<kw name="Log" owner="BuiltIn">
<msg time="2024-06-09T21:14:11.418153" level="INFO">200</msg>
<arg>${response.status_code}</arg>
<doc>Logs the given message with the given level.</doc>
<status status="PASS" start="2024-06-09T21:14:11.417803" elapsed="0.000397"/>
</kw>
<kw name="Set Variable" owner="BuiltIn">
<msg time="2024-06-09T21:14:11.418952" level="INFO">${json_data} = {'results': [{'gender': 'male', 'name': {'title': 'Mr', 'first': 'Albert', 'last': 'Kristensen'}, 'location': {'street': {'number': 6160, 'name': 'Fyrrevej'}, 'city': 'Sandved', 'state': 'Sjælland', '...</msg>
<var>${json_data}</var>
<arg>${response.json()}</arg>
<doc>Returns the given values which can then be assigned to a variables.</doc>
<status status="PASS" start="2024-06-09T21:14:11.418515" elapsed="0.000466"/>
</kw>
<kw name="Dictionary Should Contain Key" owner="Collections">
<msg time="2024-06-09T21:14:11.419473" level="INFO">False</msg>
<arg>${json_data}</arg>
<arg>results</arg>
<doc>Fails if ``key`` is not found from ``dictionary``.</doc>
<status status="PASS" start="2024-06-09T21:14:11.419285" elapsed="0.000360"/>
</kw>
<status status="PASS" start="2024-06-09T21:14:11.263569" elapsed="0.156338"/>
</kw>
<doc>Testa se a API responde corretamente e retorna um objeto JSON válido.</doc>
<tag>testeRequisicaoBasica</tag>
<status status="PASS" start="2024-06-09T21:14:11.263040" elapsed="0.157041"/>
</test>
<test id="s1-s1-t3" name="Validar estrutura de resposta" line="22">
<kw name="Teste de Estrutura de Resposta" owner="random-user-service">
<kw name="GET On Session" owner="RequestsLibrary">
<msg time="2024-06-09T21:14:11.511435" level="INFO">GET Request : url=https://randomuser.me/api 
 path_url=/api 
 headers={'User-Agent': 'python-requests/2.32.3', 'Accept-Encoding': 'gzip, deflate', 'Accept': '*/*', 'Connection': 'keep-alive'} 
 body=None 
 </msg>
<msg time="2024-06-09T21:14:11.511501" level="INFO">GET Response : url=https://randomuser.me/api 
 status=200, reason=OK 
 headers={'Date': 'Sun, 09 Jun 2024 21:14:11 GMT', 'Content-Type': 'application/json; charset=utf-8', 'Transfer-Encoding': 'chunked', 'Connection': 'keep-alive', 'X-Powered-By': 'Express', 'Access-Control-Allow-Origin': '*', 'Cache-Control': 'no-cache', 'ETag': 'W/"469-PWK5T069ypW756coAlQNlk2ew/0"', 'Vary': 'Accept-Encoding', 'Content-Encoding': 'gzip', 'CF-Cache-Status': 'DYNAMIC', 'Report-To': '{"endpoints":[{"url":"https:\\/\\/a.nel.cloudflare.com\\/report\\/v4?s=4K1qsmWIaH93VZ9iUEqgJmcDLWSOy8e%2Fyy8LJZIi8kxtuuOL5IAL7%2BEyq0OrX4aXOU5TArtGWCRFvWQvh0JAAH5pLMwwW%2FnbY0up4Md8J%2BvpHpt2xL%2B3iD1nYUUN6jie"}],"group":"cf-nel","max_age":604800}', 'NEL': '{"success_fraction":0,"report_to":"cf-nel","max_age":604800}', 'Server': 'cloudflare', 'CF-RAY': '8914213d6b8d2015-IAD', 'alt-svc': 'h3=":443"; ma=86400'} 
 body={"results":[{"gender":"male","name":{"title":"Mr","first":"Leo","last":"Kowalski"},"location":{"street":{"number":9634,"name":"Vimy St"},"city":"Chatham","state":"Québec","country":"Canada","postcode":"Q3I 2J9","coordinates":{"latitude":"-72.6120","longitude":"-148.5617"},"timezone":{"offset":"-2:00","description":"Mid-Atlantic"}},"email":"leo.kowalski@example.com","login":{"uuid":"876ff2d5-f3f1-4f30-8d65-2811f6c2fcfc","username":"happyfrog236","password":"smile","salt":"8p9g0ocb","md5":"809d8fd22c9631803fc04d7df4a7da89","sha1":"2b000e029fec03670ac2d7fc152f6871c8aea4cf","sha256":"d1df2c19a496bea2076f40e04c7dfefefa2dc0997f3e51dae4f2e2a0764a6b03"},"dob":{"date":"1974-11-14T03:17:12.617Z","age":49},"registered":{"date":"2004-08-31T05:37:03.636Z","age":19},"phone":"Y47 D97-9779","cell":"L33 W40-1561","id":{"name":"SIN","value":"462513409"},"picture":{"large":"https://randomuser.me/api/portraits/men/8.jpg","medium":"https://randomuser.me/api/portraits/med/men/8.jpg","thumbnail":"https://randomuser.me/api/portraits/thumb/men/8.jpg"},"nat":"CA"}],"info":{"seed":"b498f90c60620506","results":1,"page":1,"version":"1.4"}} 
 </msg>
<msg time="2024-06-09T21:14:11.511596" level="INFO">/opt/hostedtoolcache/Python/3.12.3/x64/lib/python3.12/site-packages/urllib3/connectionpool.py:1103: InsecureRequestWarning: Unverified HTTPS request is being made to host 'randomuser.me'. Adding certificate verification is strongly advised. See: https://urllib3.readthedocs.io/en/latest/advanced-usage.html#tls-warnings
  warnings.warn(</msg>
<msg time="2024-06-09T21:14:11.511685" level="INFO">${response} = &lt;Response [200]&gt;</msg>
<var>${response}</var>
<arg>consultarAPI</arg>
<arg>/api</arg>
<doc>Sends a GET request on a previously created HTTP Session.</doc>
<status status="PASS" start="2024-06-09T21:14:11.422651" elapsed="0.089060"/>
</kw>
<kw name="Set Variable" owner="BuiltIn">
<msg time="2024-06-09T21:14:11.512549" level="INFO">${json_data} = {'results': [{'gender': 'male', 'name': {'title': 'Mr', 'first': 'Leo', 'last': 'Kowalski'}, 'location': {'street': {'number': 9634, 'name': 'Vimy St'}, 'city': 'Chatham', 'state': 'Québec', 'country'...</msg>
<var>${json_data}</var>
<arg>${response.json()}</arg>
<doc>Returns the given values which can then be assigned to a variables.</doc>
<status status="PASS" start="2024-06-09T21:14:11.512091" elapsed="0.000487"/>
</kw>
<kw name="Log" owner="BuiltIn">
<msg time="2024-06-09T21:14:11.513051" level="INFO">{'results': [{'gender': 'male', 'name': {'title': 'Mr', 'first': 'Leo', 'last': 'Kowalski'}, 'location': {'street': {'number': 9634, 'name': 'Vimy St'}, 'city': 'Chatham', 'state': 'Québec', 'country': 'Canada', 'postcode': 'Q3I 2J9', 'coordinates': {'latitude': '-72.6120', 'longitude': '-148.5617'}, 'timezone': {'offset': '-2:00', 'description': 'Mid-Atlantic'}}, 'email': 'leo.kowalski@example.com', 'login': {'uuid': '876ff2d5-f3f1-4f30-8d65-2811f6c2fcfc', 'username': 'happyfrog236', 'password': 'smile', 'salt': '8p9g0ocb', 'md5': '809d8fd22c9631803fc04d7df4a7da89', 'sha1': '2b000e029fec03670ac2d7fc152f6871c8aea4cf', 'sha256': 'd1df2c19a496bea2076f40e04c7dfefefa2dc0997f3e51dae4f2e2a0764a6b03'}, 'dob': {'date': '1974-11-14T03:17:12.617Z', 'age': 49}, 'registered': {'date': '2004-08-31T05:37:03.636Z', 'age': 19}, 'phone': 'Y47 D97-9779', 'cell': 'L33 W40-1561', 'id': {'name': 'SIN', 'value': '462513409'}, 'picture': {'large': 'https://randomuser.me/api/portraits/men/8.jpg', 'medium': 'https://randomuser.me/api/portraits/med/men/8.jpg', 'thumbnail': 'https://randomuser.me/api/portraits/thumb/men/8.jpg'}, 'nat': 'CA'}], 'info': {'seed': 'b498f90c60620506', 'results': 1, 'page': 1, 'version': '1.4'}}</msg>
<arg>${json_data}</arg>
<doc>Logs the given message with the given level.</doc>
<status status="PASS" start="2024-06-09T21:14:11.512885" elapsed="0.000216"/>
</kw>
<kw name="Dictionary Should Contain Key" owner="Collections">
<msg time="2024-06-09T21:14:11.513586" level="INFO">False</msg>
<arg>${json_data}</arg>
<arg>results</arg>
<doc>Fails if ``key`` is not found from ``dictionary``.</doc>
<status status="PASS" start="2024-06-09T21:14:11.513395" elapsed="0.000229"/>
</kw>
<kw name="Should Not Be Empty" owner="BuiltIn">
<msg time="2024-06-09T21:14:11.514062" level="INFO">Length is 2.</msg>
<arg>${json_data}</arg>
<doc>Verifies that the given item is not empty.</doc>
<status status="PASS" start="2024-06-09T21:14:11.513930" elapsed="0.000170"/>
</kw>
<kw name="Create List" owner="BuiltIn">
<msg time="2024-06-09T21:14:11.514544" level="INFO">${expected_keys} = ['gender', 'name', 'location', 'email', 'login']</msg>
<var>${expected_keys}</var>
<arg>gender</arg>
<arg>name</arg>
<arg>location</arg>
<arg>email</arg>
<arg>login</arg>
<doc>Returns a list containing given items.</doc>
<status status="PASS" start="2024-06-09T21:14:11.514394" elapsed="0.000174"/>
</kw>
<for flavor="IN">
<iter>
<kw name="Dictionary Should Contain Key" owner="Collections">
<msg time="2024-06-09T21:14:11.515534" level="INFO">False</msg>
<arg>${json_data['results'][0]}</arg>
<arg>${key}</arg>
<doc>Fails if ``key`` is not found from ``dictionary``.</doc>
<status status="PASS" start="2024-06-09T21:14:11.515134" elapsed="0.000442"/>
</kw>
<kw name="Log" owner="BuiltIn">
<msg time="2024-06-09T21:14:11.516247" level="INFO">{'gender': 'male', 'name': {'title': 'Mr', 'first': 'Leo', 'last': 'Kowalski'}, 'location': {'street': {'number': 9634, 'name': 'Vimy St'}, 'city': 'Chatham', 'state': 'Québec', 'country': 'Canada', 'postcode': 'Q3I 2J9', 'coordinates': {'latitude': '-72.6120', 'longitude': '-148.5617'}, 'timezone': {'offset': '-2:00', 'description': 'Mid-Atlantic'}}, 'email': 'leo.kowalski@example.com', 'login': {'uuid': '876ff2d5-f3f1-4f30-8d65-2811f6c2fcfc', 'username': 'happyfrog236', 'password': 'smile', 'salt': '8p9g0ocb', 'md5': '809d8fd22c9631803fc04d7df4a7da89', 'sha1': '2b000e029fec03670ac2d7fc152f6871c8aea4cf', 'sha256': 'd1df2c19a496bea2076f40e04c7dfefefa2dc0997f3e51dae4f2e2a0764a6b03'}, 'dob': {'date': '1974-11-14T03:17:12.617Z', 'age': 49}, 'registered': {'date': '2004-08-31T05:37:03.636Z', 'age': 19}, 'phone': 'Y47 D97-9779', 'cell': 'L33 W40-1561', 'id': {'name': 'SIN', 'value': '462513409'}, 'picture': {'large': 'https://randomuser.me/api/portraits/men/8.jpg', 'medium': 'https://randomuser.me/api/portraits/med/men/8.jpg', 'thumbnail': 'https://randomuser.me/api/portraits/thumb/men/8.jpg'}, 'nat': 'CA'}</msg>
<arg>${json_data['results'][0]}</arg>
<doc>Logs the given message with the given level.</doc>
<status status="PASS" start="2024-06-09T21:14:11.515876" elapsed="0.000428"/>
</kw>
<kw name="Log" owner="BuiltIn">
<msg time="2024-06-09T21:14:11.516755" level="INFO">gender</msg>
<arg>${key}</arg>
<doc>Logs the given message with the given level.</doc>
<status status="PASS" start="2024-06-09T21:14:11.516618" elapsed="0.000174"/>
</kw>
<var name="${key}">gender</var>
<status status="PASS" start="2024-06-09T21:14:11.515002" elapsed="0.002007"/>
</iter>
<iter>
<kw name="Dictionary Should Contain Key" owner="Collections">
<msg time="2024-06-09T21:14:11.517725" level="INFO">False</msg>
<arg>${json_data['results'][0]}</arg>
<arg>${key}</arg>
<doc>Fails if ``key`` is not found from ``dictionary``.</doc>
<status status="PASS" start="2024-06-09T21:14:11.517312" elapsed="0.000451"/>
</kw>
<kw name="Log" owner="BuiltIn">
<msg time="2024-06-09T21:14:11.518447" level="INFO">{'gender': 'male', 'name': {'title': 'Mr', 'first': 'Leo', 'last': 'Kowalski'}, 'location': {'street': {'number': 9634, 'name': 'Vimy St'}, 'city': 'Chatham', 'state': 'Québec', 'country': 'Canada', 'postcode': 'Q3I 2J9', 'coordinates': {'latitude': '-72.6120', 'longitude': '-148.5617'}, 'timezone': {'offset': '-2:00', 'description': 'Mid-Atlantic'}}, 'email': 'leo.kowalski@example.com', 'login': {'uuid': '876ff2d5-f3f1-4f30-8d65-2811f6c2fcfc', 'username': 'happyfrog236', 'password': 'smile', 'salt': '8p9g0ocb', 'md5': '809d8fd22c9631803fc04d7df4a7da89', 'sha1': '2b000e029fec03670ac2d7fc152f6871c8aea4cf', 'sha256': 'd1df2c19a496bea2076f40e04c7dfefefa2dc0997f3e51dae4f2e2a0764a6b03'}, 'dob': {'date': '1974-11-14T03:17:12.617Z', 'age': 49}, 'registered': {'date': '2004-08-31T05:37:03.636Z', 'age': 19}, 'phone': 'Y47 D97-9779', 'cell': 'L33 W40-1561', 'id': {'name': 'SIN', 'value': '462513409'}, 'picture': {'large': 'https://randomuser.me/api/portraits/men/8.jpg', 'medium': 'https://randomuser.me/api/portraits/med/men/8.jpg', 'thumbnail': 'https://randomuser.me/api/portraits/thumb/men/8.jpg'}, 'nat': 'CA'}</msg>
<arg>${json_data['results'][0]}</arg>
<doc>Logs the given message with the given level.</doc>
<status status="PASS" start="2024-06-09T21:14:11.518085" elapsed="0.000412"/>
</kw>
<kw name="Log" owner="BuiltIn">
<msg time="2024-06-09T21:14:11.518959" level="INFO">name</msg>
<arg>${key}</arg>
<doc>Logs the given message with the given level.</doc>
<status status="PASS" start="2024-06-09T21:14:11.518825" elapsed="0.000171"/>
</kw>
<var name="${key}">name</var>
<status status="PASS" start="2024-06-09T21:14:11.517196" elapsed="0.002015"/>
</iter>
<iter>
<kw name="Dictionary Should Contain Key" owner="Collections">
<msg time="2024-06-09T21:14:11.519877" level="INFO">False</msg>
<arg>${json_data['results'][0]}</arg>
<arg>${key}</arg>
<doc>Fails if ``key`` is not found from ``dictionary``.</doc>
<status status="PASS" start="2024-06-09T21:14:11.519504" elapsed="0.000410"/>
</kw>
<kw name="Log" owner="BuiltIn">
<msg time="2024-06-09T21:14:11.520605" level="INFO">{'gender': 'male', 'name': {'title': 'Mr', 'first': 'Leo', 'last': 'Kowalski'}, 'location': {'street': {'number': 9634, 'name': 'Vimy St'}, 'city': 'Chatham', 'state': 'Québec', 'country': 'Canada', 'postcode': 'Q3I 2J9', 'coordinates': {'latitude': '-72.6120', 'longitude': '-148.5617'}, 'timezone': {'offset': '-2:00', 'description': 'Mid-Atlantic'}}, 'email': 'leo.kowalski@example.com', 'login': {'uuid': '876ff2d5-f3f1-4f30-8d65-2811f6c2fcfc', 'username': 'happyfrog236', 'password': 'smile', 'salt': '8p9g0ocb', 'md5': '809d8fd22c9631803fc04d7df4a7da89', 'sha1': '2b000e029fec03670ac2d7fc152f6871c8aea4cf', 'sha256': 'd1df2c19a496bea2076f40e04c7dfefefa2dc0997f3e51dae4f2e2a0764a6b03'}, 'dob': {'date': '1974-11-14T03:17:12.617Z', 'age': 49}, 'registered': {'date': '2004-08-31T05:37:03.636Z', 'age': 19}, 'phone': 'Y47 D97-9779', 'cell': 'L33 W40-1561', 'id': {'name': 'SIN', 'value': '462513409'}, 'picture': {'large': 'https://randomuser.me/api/portraits/men/8.jpg', 'medium': 'https://randomuser.me/api/portraits/med/men/8.jpg', 'thumbnail': 'https://randomuser.me/api/portraits/thumb/men/8.jpg'}, 'nat': 'CA'}</msg>
<arg>${json_data['results'][0]}</arg>
<doc>Logs the given message with the given level.</doc>
<status status="PASS" start="2024-06-09T21:14:11.520239" elapsed="0.000415"/>
</kw>
<kw name="Log" owner="BuiltIn">
<msg time="2024-06-09T21:14:11.521080" level="INFO">location</msg>
<arg>${key}</arg>
<doc>Logs the given message with the given level.</doc>
<status status="PASS" start="2024-06-09T21:14:11.520956" elapsed="0.000162"/>
</kw>
<var name="${key}">location</var>
<status status="PASS" start="2024-06-09T21:14:11.519390" elapsed="0.001941"/>
</iter>
<iter>
<kw name="Dictionary Should Contain Key" owner="Collections">
<msg time="2024-06-09T21:14:11.522126" level="INFO">False</msg>
<arg>${json_data['results'][0]}</arg>
<arg>${key}</arg>
<doc>Fails if ``key`` is not found from ``dictionary``.</doc>
<status status="PASS" start="2024-06-09T21:14:11.521638" elapsed="0.000525"/>
</kw>
<kw name="Log" owner="BuiltIn">
<msg time="2024-06-09T21:14:11.522818" level="INFO">{'gender': 'male', 'name': {'title': 'Mr', 'first': 'Leo', 'last': 'Kowalski'}, 'location': {'street': {'number': 9634, 'name': 'Vimy St'}, 'city': 'Chatham', 'state': 'Québec', 'country': 'Canada', 'postcode': 'Q3I 2J9', 'coordinates': {'latitude': '-72.6120', 'longitude': '-148.5617'}, 'timezone': {'offset': '-2:00', 'description': 'Mid-Atlantic'}}, 'email': 'leo.kowalski@example.com', 'login': {'uuid': '876ff2d5-f3f1-4f30-8d65-2811f6c2fcfc', 'username': 'happyfrog236', 'password': 'smile', 'salt': '8p9g0ocb', 'md5': '809d8fd22c9631803fc04d7df4a7da89', 'sha1': '2b000e029fec03670ac2d7fc152f6871c8aea4cf', 'sha256': 'd1df2c19a496bea2076f40e04c7dfefefa2dc0997f3e51dae4f2e2a0764a6b03'}, 'dob': {'date': '1974-11-14T03:17:12.617Z', 'age': 49}, 'registered': {'date': '2004-08-31T05:37:03.636Z', 'age': 19}, 'phone': 'Y47 D97-9779', 'cell': 'L33 W40-1561', 'id': {'name': 'SIN', 'value': '462513409'}, 'picture': {'large': 'https://randomuser.me/api/portraits/men/8.jpg', 'medium': 'https://randomuser.me/api/portraits/med/men/8.jpg', 'thumbnail': 'https://randomuser.me/api/portraits/thumb/men/8.jpg'}, 'nat': 'CA'}</msg>
<arg>${json_data['results'][0]}</arg>
<doc>Logs the given message with the given level.</doc>
<status status="PASS" start="2024-06-09T21:14:11.522461" elapsed="0.000405"/>
</kw>
<kw name="Log" owner="BuiltIn">
<msg time="2024-06-09T21:14:11.523288" level="INFO">email</msg>
<arg>${key}</arg>
<doc>Logs the given message with the given level.</doc>
<status status="PASS" start="2024-06-09T21:14:11.523161" elapsed="0.000164"/>
</kw>
<var name="${key}">email</var>
<status status="PASS" start="2024-06-09T21:14:11.521523" elapsed="0.002026"/>
</iter>
<iter>
<kw name="Dictionary Should Contain Key" owner="Collections">
<msg time="2024-06-09T21:14:11.524222" level="INFO">False</msg>
<arg>${json_data['results'][0]}</arg>
<arg>${key}</arg>
<doc>Fails if ``key`` is not found from ``dictionary``.</doc>
<status status="PASS" start="2024-06-09T21:14:11.523841" elapsed="0.000418"/>
</kw>
<kw name="Log" owner="BuiltIn">
<msg time="2024-06-09T21:14:11.524907" level="INFO">{'gender': 'male', 'name': {'title': 'Mr', 'first': 'Leo', 'last': 'Kowalski'}, 'location': {'street': {'number': 9634, 'name': 'Vimy St'}, 'city': 'Chatham', 'state': 'Québec', 'country': 'Canada', 'postcode': 'Q3I 2J9', 'coordinates': {'latitude': '-72.6120', 'longitude': '-148.5617'}, 'timezone': {'offset': '-2:00', 'description': 'Mid-Atlantic'}}, 'email': 'leo.kowalski@example.com', 'login': {'uuid': '876ff2d5-f3f1-4f30-8d65-2811f6c2fcfc', 'username': 'happyfrog236', 'password': 'smile', 'salt': '8p9g0ocb', 'md5': '809d8fd22c9631803fc04d7df4a7da89', 'sha1': '2b000e029fec03670ac2d7fc152f6871c8aea4cf', 'sha256': 'd1df2c19a496bea2076f40e04c7dfefefa2dc0997f3e51dae4f2e2a0764a6b03'}, 'dob': {'date': '1974-11-14T03:17:12.617Z', 'age': 49}, 'registered': {'date': '2004-08-31T05:37:03.636Z', 'age': 19}, 'phone': 'Y47 D97-9779', 'cell': 'L33 W40-1561', 'id': {'name': 'SIN', 'value': '462513409'}, 'picture': {'large': 'https://randomuser.me/api/portraits/men/8.jpg', 'medium': 'https://randomuser.me/api/portraits/med/men/8.jpg', 'thumbnail': 'https://randomuser.me/api/portraits/thumb/men/8.jpg'}, 'nat': 'CA'}</msg>
<arg>${json_data['results'][0]}</arg>
<doc>Logs the given message with the given level.</doc>
<status status="PASS" start="2024-06-09T21:14:11.524554" elapsed="0.000401"/>
</kw>
<kw name="Log" owner="BuiltIn">
<msg time="2024-06-09T21:14:11.525368" level="INFO">login</msg>
<arg>${key}</arg>
<doc>Logs the given message with the given level.</doc>
<status status="PASS" start="2024-06-09T21:14:11.525242" elapsed="0.000163"/>
</kw>
<var name="${key}">login</var>
<status status="PASS" start="2024-06-09T21:14:11.523730" elapsed="0.001912"/>
</iter>
<var>${key}</var>
<value>@{expected_keys}</value>
<status status="PASS" start="2024-06-09T21:14:11.514821" elapsed="0.010944"/>
</for>
<kw name="Create List" owner="BuiltIn">
<msg time="2024-06-09T21:14:11.526124" level="INFO">${expected_keysTwo} = ['username', 'password']</msg>
<var>${expected_keysTwo}</var>
<arg>username</arg>
<arg>password</arg>
<doc>Returns a list containing given items.</doc>
<status status="PASS" start="2024-06-09T21:14:11.525986" elapsed="0.000161"/>
</kw>
<for flavor="IN">
<iter>
<kw name="Dictionary Should Contain Key" owner="Collections">
<msg time="2024-06-09T21:14:11.527130" level="INFO">False</msg>
<arg>${json_data['results'][0]['login']}</arg>
<arg>${keyTwo}</arg>
<doc>Fails if ``key`` is not found from ``dictionary``.</doc>
<status status="PASS" start="2024-06-09T21:14:11.526732" elapsed="0.000442"/>
</kw>
<kw name="Dictionary Should Contain Key" owner="Collections">
<msg time="2024-06-09T21:14:11.527860" level="INFO">False</msg>
<arg>${json_data['results'][0]['login']}</arg>
<arg>${keyTwo}</arg>
<doc>Fails if ``key`` is not found from ``dictionary``.</doc>
<status status="PASS" start="2024-06-09T21:14:11.527484" elapsed="0.000413"/>
</kw>
<kw name="Log" owner="BuiltIn">
<msg time="2024-06-09T21:14:11.528314" level="INFO">username</msg>
<arg>${keyTwo}</arg>
<doc>Logs the given message with the given level.</doc>
<status status="PASS" start="2024-06-09T21:14:11.528188" elapsed="0.000162"/>
</kw>
<var name="${keyTwo}">username</var>
<status status="PASS" start="2024-06-09T21:14:11.526609" elapsed="0.001951"/>
</iter>
<iter>
<kw name="Dictionary Should Contain Key" owner="Collections">
<msg time="2024-06-09T21:14:11.529235" level="INFO">False</msg>
<arg>${json_data['results'][0]['login']}</arg>
<arg>${keyTwo}</arg>
<doc>Fails if ``key`` is not found from ``dictionary``.</doc>
<status status="PASS" start="2024-06-09T21:14:11.528845" elapsed="0.000427"/>
</kw>
<kw name="Dictionary Should Contain Key" owner="Collections">
<msg time="2024-06-09T21:14:11.529963" level="INFO">False</msg>
<arg>${json_data['results'][0]['login']}</arg>
<arg>${keyTwo}</arg>
<doc>Fails if ``key`` is not found from ``dictionary``.</doc>
<status status="PASS" start="2024-06-09T21:14:11.529583" elapsed="0.000417"/>
</kw>
<kw name="Log" owner="BuiltIn">
<msg time="2024-06-09T21:14:11.530439" level="INFO">password</msg>
<arg>${keyTwo}</arg>
<doc>Logs the given message with the given level.</doc>
<status status="PASS" start="2024-06-09T21:14:11.530312" elapsed="0.000163"/>
</kw>
<var name="${keyTwo}">password</var>
<status status="PASS" start="2024-06-09T21:14:11.528736" elapsed="0.001956"/>
</iter>
<var>${keyTwo}</var>
<value>@{expected_keysTwo}</value>
<status status="PASS" start="2024-06-09T21:14:11.526425" elapsed="0.004385"/>
</for>
<status status="PASS" start="2024-06-09T21:14:11.422416" elapsed="0.108530"/>
</kw>
<doc>Testa a estrutura da resposta da API.</doc>
<tag>testeEstruturaResposta</tag>
<status status="PASS" start="2024-06-09T21:14:11.421937" elapsed="0.109155"/>
</test>
<test id="s1-s1-t4" name="Validar tipos de dados" line="28">
<kw name="Teste de Tipos de Dados" owner="random-user-service">
<kw name="GET On Session" owner="RequestsLibrary">
<msg time="2024-06-09T21:14:11.633033" level="INFO">GET Request : url=https://randomuser.me/api 
 path_url=/api 
 headers={'User-Agent': 'python-requests/2.32.3', 'Accept-Encoding': 'gzip, deflate', 'Accept': '*/*', 'Connection': 'keep-alive'} 
 body=None 
 </msg>
<msg time="2024-06-09T21:14:11.633122" level="INFO">GET Response : url=https://randomuser.me/api 
 status=200, reason=OK 
 headers={'Date': 'Sun, 09 Jun 2024 21:14:11 GMT', 'Content-Type': 'application/json; charset=utf-8', 'Transfer-Encoding': 'chunked', 'Connection': 'keep-alive', 'X-Powered-By': 'Express', 'Access-Control-Allow-Origin': '*', 'Cache-Control': 'no-cache', 'ETag': 'W/"493-sAN6TskToo0Eml7Ms7gaSfw6QoE"', 'Vary': 'Accept-Encoding', 'Content-Encoding': 'gzip', 'CF-Cache-Status': 'DYNAMIC', 'Report-To': '{"endpoints":[{"url":"https:\\/\\/a.nel.cloudflare.com\\/report\\/v4?s=0jfjzXCnXNSPlGyR9tz61GriDjkogpt4gjypSCRnraHu1AJthcRhSElcvgfpD4dig%2BWzXAA7T2p%2FFryP1x6qVlMG92JE5fqH%2FqKyXgPPParvzpu%2FSZhF3OmyElhiBO%2B1"}],"group":"cf-nel","max_age":604800}', 'NEL': '{"success_fraction":0,"report_to":"cf-nel","max_age":604800}', 'Server': 'cloudflare', 'CF-RAY': '8914213e1c532015-IAD', 'alt-svc': 'h3=":443"; ma=86400'} 
 body={"results":[{"gender":"male","name":{"title":"Mr","first":"Mohamed","last":"Ruiz"},"location":{"street":{"number":1329,"name":"Calle del Barquillo"},"city":"Burgos","state":"Cantabria","country":"Spain","postcode":25904,"coordinates":{"latitude":"-34.3972","longitude":"-100.0233"},"timezone":{"offset":"+3:00","description":"Baghdad, Riyadh, Moscow, St. Petersburg"}},"email":"mohamed.ruiz@example.com","login":{"uuid":"cd92c232-954a-49da-b5a7-375b65681a1f","username":"purpleladybug296","password":"eating","salt":"MutPK1Pm","md5":"1b6c1177655c5a38614b0bfbe3803830","sha1":"b250a06058f06cb734a88ca7fa67542c3ca71759","sha256":"7ad2c37496b00fcc126bd031930acae4e056c05995783279decf9023507b6412"},"dob":{"date":"1970-12-29T11:43:44.149Z","age":53},"registered":{"date":"2009-04-30T17:04:31.168Z","age":15},"phone":"943-350-619","cell":"677-828-359","id":{"name":"DNI","value":"38366731-I"},"picture":{"large":"https://randomuser.me/api/portraits/men/72.jpg","medium":"https://randomuser.me/api/portraits/med/men/72.jpg","thumbnail":"https://randomuser.me/api/portraits/thumb/men/72.jpg"},"nat":"ES"}],"info":{"seed":"bffe055f7ee433a9","results":1,"page":1,"version":"1.4"}} 
 </msg>
<msg time="2024-06-09T21:14:11.633198" level="INFO">/opt/hostedtoolcache/Python/3.12.3/x64/lib/python3.12/site-packages/urllib3/connectionpool.py:1103: InsecureRequestWarning: Unverified HTTPS request is being made to host 'randomuser.me'. Adding certificate verification is strongly advised. See: https://urllib3.readthedocs.io/en/latest/advanced-usage.html#tls-warnings
  warnings.warn(</msg>
<msg time="2024-06-09T21:14:11.633314" level="INFO">${response} = &lt;Response [200]&gt;</msg>
<var>${response}</var>
<arg>consultarAPI</arg>
<arg>/api</arg>
<doc>Sends a GET request on a previously created HTTP Session.</doc>
<status status="PASS" start="2024-06-09T21:14:11.533493" elapsed="0.099859"/>
</kw>
<kw name="Set Variable" owner="BuiltIn">
<msg time="2024-06-09T21:14:11.634266" level="INFO">${json_data} = {'results': [{'gender': 'male', 'name': {'title': 'Mr', 'first': 'Mohamed', 'last': 'Ruiz'}, 'location': {'street': {'number': 1329, 'name': 'Calle del Barquillo'}, 'city': 'Burgos', 'state': 'Cantabr...</msg>
<var>${json_data}</var>
<arg>${response.json()}</arg>
<doc>Returns the given values which can then be assigned to a variables.</doc>
<status status="PASS" start="2024-06-09T21:14:11.633799" elapsed="0.000496"/>
</kw>
<kw name="Log" owner="BuiltIn">
<msg time="2024-06-09T21:14:11.634765" level="INFO">{'results': [{'gender': 'male', 'name': {'title': 'Mr', 'first': 'Mohamed', 'last': 'Ruiz'}, 'location': {'street': {'number': 1329, 'name': 'Calle del Barquillo'}, 'city': 'Burgos', 'state': 'Cantabria', 'country': 'Spain', 'postcode': 25904, 'coordinates': {'latitude': '-34.3972', 'longitude': '-100.0233'}, 'timezone': {'offset': '+3:00', 'description': 'Baghdad, Riyadh, Moscow, St. Petersburg'}}, 'email': 'mohamed.ruiz@example.com', 'login': {'uuid': 'cd92c232-954a-49da-b5a7-375b65681a1f', 'username': 'purpleladybug296', 'password': 'eating', 'salt': 'MutPK1Pm', 'md5': '1b6c1177655c5a38614b0bfbe3803830', 'sha1': 'b250a06058f06cb734a88ca7fa67542c3ca71759', 'sha256': '7ad2c37496b00fcc126bd031930acae4e056c05995783279decf9023507b6412'}, 'dob': {'date': '1970-12-29T11:43:44.149Z', 'age': 53}, 'registered': {'date': '2009-04-30T17:04:31.168Z', 'age': 15}, 'phone': '943-350-619', 'cell': '677-828-359', 'id': {'name': 'DNI', 'value': '38366731-I'}, 'picture': {'large': 'https://randomuser.me/api/portraits/men/72.jpg', 'medium': 'https://randomuser.me/api/portraits/med/men/72.jpg', 'thumbnail': 'https://randomuser.me/api/portraits/thumb/men/72.jpg'}, 'nat': 'ES'}], 'info': {'seed': 'bffe055f7ee433a9', 'results': 1, 'page': 1, 'version': '1.4'}}</msg>
<arg>${json_data}</arg>
<doc>Logs the given message with the given level.</doc>
<status status="PASS" start="2024-06-09T21:14:11.634610" elapsed="0.000203"/>
</kw>
<kw name="Should Be String" owner="String">
<arg>${json_data['results'][0]['gender']}</arg>
<doc>Fails if the given ``item`` is not a string.</doc>
<status status="PASS" start="2024-06-09T21:14:11.635143" elapsed="0.000361"/>
</kw>
<kw name="Should Match Regexp" owner="BuiltIn">
<arg>${json_data['results'][0]['email']}</arg>
<arg>^[a-zA-Z0-9._%+-]+@[a-zA-Z0-9.-]+\.[a-zA-Z]{2,}$</arg>
<doc>Fails if ``string`` does not match ``pattern`` as a regular expression.</doc>
<status status="PASS" start="2024-06-09T21:14:11.635706" elapsed="0.000619"/>
</kw>
<kw name="Should Match Regexp" owner="BuiltIn">
<arg>${json_data['results'][0]['dob']['date']}</arg>
<arg>\\d{4}-\\d{2}-\\d{2}T\\d{2}:\\d{2}:\\d{2}\\.\\d{3}Z</arg>
<doc>Fails if ``string`` does not match ``pattern`` as a regular expression.</doc>
<status status="PASS" start="2024-06-09T21:14:11.636524" elapsed="0.000492"/>
</kw>
<kw name="Should Match Regexp" owner="BuiltIn">
<arg>${json_data['results'][0]['registered']['date']}</arg>
<arg>\\d{4}-\\d{2}-\\d{2}T\\d{2}:\\d{2}:\\d{2}\\.\\d{3}Z</arg>
<doc>Fails if ``string`` does not match ``pattern`` as a regular expression.</doc>
<status status="PASS" start="2024-06-09T21:14:11.637212" elapsed="0.000429"/>
</kw>
<kw name="Should Match Regexp" owner="BuiltIn">
<arg>${json_data['results'][0]['picture']['large']}</arg>
<arg>^https?://.*\.(?:png|jpe?g|gif|bmp)$</arg>
<doc>Fails if ``string`` does not match ``pattern`` as a regular expression.</doc>
<status status="PASS" start="2024-06-09T21:14:11.637837" elapsed="0.000473"/>
</kw>
<kw name="Should Match Regexp" owner="BuiltIn">
<arg>${json_data['results'][0]['picture']['medium']}</arg>
<arg>^https?://.*\.(?:png|jpe?g|gif|bmp)$</arg>
<doc>Fails if ``string`` does not match ``pattern`` as a regular expression.</doc>
<status status="PASS" start="2024-06-09T21:14:11.638501" elapsed="0.000353"/>
</kw>
<kw name="Should Match Regexp" owner="BuiltIn">
<arg>${json_data['results'][0]['picture']['thumbnail']}</arg>
<arg>^https?://.*\.(?:png|jpe?g|gif|bmp)$</arg>
<doc>Fails if ``string`` does not match ``pattern`` as a regular expression.</doc>
<status status="PASS" start="2024-06-09T21:14:11.639045" elapsed="0.000351"/>
</kw>
<kw name="Log" owner="BuiltIn">
<msg time="2024-06-09T21:14:11.639907" level="INFO">{'large': 'https://randomuser.me/api/portraits/men/72.jpg', 'medium': 'https://randomuser.me/api/portraits/med/men/72.jpg', 'thumbnail': 'https://randomuser.me/api/portraits/thumb/men/72.jpg'}</msg>
<arg>${json_data['results'][0]['picture']}</arg>
<doc>Logs the given message with the given level.</doc>
<status status="PASS" start="2024-06-09T21:14:11.639586" elapsed="0.000363"/>
</kw>
<status status="PASS" start="2024-06-09T21:14:11.533270" elapsed="0.106934"/>
</kw>
<kw name="Teste de Tipos de Dados - Postcode" owner="random-user-service">
<kw name="GET On Session" owner="RequestsLibrary">
<msg time="2024-06-09T21:14:11.722582" level="INFO">GET Request : url=https://randomuser.me/api 
 path_url=/api 
 headers={'User-Agent': 'python-requests/2.32.3', 'Accept-Encoding': 'gzip, deflate', 'Accept': '*/*', 'Connection': 'keep-alive'} 
 body=None 
 </msg>
<msg time="2024-06-09T21:14:11.722661" level="INFO">GET Response : url=https://randomuser.me/api 
 status=200, reason=OK 
 headers={'Date': 'Sun, 09 Jun 2024 21:14:11 GMT', 'Content-Type': 'application/json; charset=utf-8', 'Transfer-Encoding': 'chunked', 'Connection': 'keep-alive', 'X-Powered-By': 'Express', 'Access-Control-Allow-Origin': '*', 'Cache-Control': 'no-cache', 'ETag': 'W/"48c-m6FtyO6DR10dGqboNjQyI2lHtrU"', 'Vary': 'Accept-Encoding', 'Content-Encoding': 'gzip', 'CF-Cache-Status': 'DYNAMIC', 'Report-To': '{"endpoints":[{"url":"https:\\/\\/a.nel.cloudflare.com\\/report\\/v4?s=ilyiRHFLGu%2BjsmNwdVewoUA3Hgwn9OkYz422HBDrDlizYGKwvhIVLOEB%2FJ5g1WvU6igkID2Qyye5cFse%2BSupHo5PmS%2FjW%2BUVVSVRIkT6YEBBM5tdV11xJgVJTq9cKkOw"}],"group":"cf-nel","max_age":604800}', 'NEL': '{"success_fraction":0,"report_to":"cf-nel","max_age":604800}', 'Server': 'cloudflare', 'CF-RAY': '8914213ecd1a2015-IAD', 'alt-svc': 'h3=":443"; ma=86400'} 
 body={"results":[{"gender":"male","name":{"title":"Mr","first":"كيان","last":"رضاییان"},"location":{"street":{"number":7853,"name":"رسالت"},"city":"بندرعباس","state":"کرمان","country":"Iran","postcode":26146,"coordinates":{"latitude":"20.7594","longitude":"-129.5344"},"timezone":{"offset":"+1:00","description":"Brussels, Copenhagen, Madrid, Paris"}},"email":"kyn.rdyyn@example.com","login":{"uuid":"a37c53c2-87cb-42ff-8094-416a7691d5d3","username":"organicfish332","password":"13579","salt":"GDVRk88a","md5":"db38d56f61da03242799f96d5adf910e","sha1":"55915ef91ff9e75a3c11f92dc82baf67239800d9","sha256":"1e7350f537ec23da3cd7f71726fcb89703b3fba218fa3db7551340655858fe52"},"dob":{"date":"1950-09-17T01:37:18.692Z","age":73},"registered":{"date":"2010-09-21T15:10:35.500Z","age":13},"phone":"044-61838106","cell":"0968-355-1491","id":{"name":"","value":null},"picture":{"large":"https://randomuser.me/api/portraits/men/64.jpg","medium":"https://randomuser.me/api/portraits/med/men/64.jpg","thumbnail":"https://randomuser.me/api/portraits/thumb/men/64.jpg"},"nat":"IR"}],"info":{"seed":"a2656b6468587ed1","results":1,"page":1,"version":"1.4"}} 
 </msg>
<msg time="2024-06-09T21:14:11.722719" level="INFO">/opt/hostedtoolcache/Python/3.12.3/x64/lib/python3.12/site-packages/urllib3/connectionpool.py:1103: InsecureRequestWarning: Unverified HTTPS request is being made to host 'randomuser.me'. Adding certificate verification is strongly advised. See: https://urllib3.readthedocs.io/en/latest/advanced-usage.html#tls-warnings
  warnings.warn(</msg>
<msg time="2024-06-09T21:14:11.722799" level="INFO">${response} = &lt;Response [200]&gt;</msg>
<var>${response}</var>
<arg>consultarAPI</arg>
<arg>/api</arg>
<doc>Sends a GET request on a previously created HTTP Session.</doc>
<status status="PASS" start="2024-06-09T21:14:11.640638" elapsed="0.082188"/>
</kw>
<kw name="Set Variable" owner="BuiltIn">
<msg time="2024-06-09T21:14:11.723628" level="INFO">${json_data} = {'results': [{'gender': 'male', 'name': {'title': 'Mr', 'first': 'كيان', 'last': 'رضاییان'}, 'location': {'street': {'number': 7853, 'name': 'رسالت'}, 'city': 'بندرعباس', 'state': 'کرمان', 'country': ...</msg>
<var>${json_data}</var>
<arg>${response.json()}</arg>
<doc>Returns the given values which can then be assigned to a variables.</doc>
<status status="PASS" start="2024-06-09T21:14:11.723180" elapsed="0.000478"/>
</kw>
<kw name="Log" owner="BuiltIn">
<msg time="2024-06-09T21:14:11.724115" level="INFO">{'results': [{'gender': 'male', 'name': {'title': 'Mr', 'first': 'كيان', 'last': 'رضاییان'}, 'location': {'street': {'number': 7853, 'name': 'رسالت'}, 'city': 'بندرعباس', 'state': 'کرمان', 'country': 'Iran', 'postcode': 26146, 'coordinates': {'latitude': '20.7594', 'longitude': '-129.5344'}, 'timezone': {'offset': '+1:00', 'description': 'Brussels, Copenhagen, Madrid, Paris'}}, 'email': 'kyn.rdyyn@example.com', 'login': {'uuid': 'a37c53c2-87cb-42ff-8094-416a7691d5d3', 'username': 'organicfish332', 'password': '13579', 'salt': 'GDVRk88a', 'md5': 'db38d56f61da03242799f96d5adf910e', 'sha1': '55915ef91ff9e75a3c11f92dc82baf67239800d9', 'sha256': '1e7350f537ec23da3cd7f71726fcb89703b3fba218fa3db7551340655858fe52'}, 'dob': {'date': '1950-09-17T01:37:18.692Z', 'age': 73}, 'registered': {'date': '2010-09-21T15:10:35.500Z', 'age': 13}, 'phone': '044-61838106', 'cell': '0968-355-1491', 'id': {'name': '', 'value': None}, 'picture': {'large': 'https://randomuser.me/api/portraits/men/64.jpg', 'medium': 'https://randomuser.me/api/portraits/med/men/64.jpg', 'thumbnail': 'https://randomuser.me/api/portraits/thumb/men/64.jpg'}, 'nat': 'IR'}], 'info': {'seed': 'a2656b6468587ed1', 'results': 1, 'page': 1, 'version': '1.4'}}</msg>
<arg>${json_data}</arg>
<doc>Logs the given message with the given level.</doc>
<status status="PASS" start="2024-06-09T21:14:11.723961" elapsed="0.000203"/>
</kw>
<kw name="Should Be Equal As Numbers" owner="BuiltIn">
<arg>${json_data['results'][0]['location']['postcode']}</arg>
<arg>${json_data['results'][0]['location']['postcode']}</arg>
<doc>Fails if objects are unequal after converting them to real numbers.</doc>
<status status="PASS" start="2024-06-09T21:14:11.724458" elapsed="0.000645"/>
</kw>
<kw name="Log" owner="BuiltIn">
<msg time="2024-06-09T21:14:11.725669" level="INFO">26146</msg>
<arg>${json_data['results'][0]['location']['postcode']}</arg>
<doc>Logs the given message with the given level.</doc>
<status status="PASS" start="2024-06-09T21:14:11.725293" elapsed="0.000417"/>
</kw>
<status status="PASS" start="2024-06-09T21:14:11.640417" elapsed="0.085550"/>
</kw>
<doc>Testa se os tipos de dados na resposta da API estão corretos.</doc>
<tag>testeTiposDados</tag>
<status status="PASS" start="2024-06-09T21:14:11.532831" elapsed="0.193292"/>
</test>
<test id="s1-s1-t5" name="Validar conteudo" line="35">
<kw name="Teste de Tipos de Conteudo" owner="random-user-service">
<kw name="GET On Session" owner="RequestsLibrary">
<msg time="2024-06-09T21:14:11.812107" level="INFO">GET Request : url=https://randomuser.me/api 
 path_url=/api 
 headers={'User-Agent': 'python-requests/2.32.3', 'Accept-Encoding': 'gzip, deflate', 'Accept': '*/*', 'Connection': 'keep-alive'} 
 body=None 
 </msg>
<msg time="2024-06-09T21:14:11.812183" level="INFO">GET Response : url=https://randomuser.me/api 
 status=200, reason=OK 
 headers={'Date': 'Sun, 09 Jun 2024 21:14:11 GMT', 'Content-Type': 'application/json; charset=utf-8', 'Transfer-Encoding': 'chunked', 'Connection': 'keep-alive', 'X-Powered-By': 'Express', 'Access-Control-Allow-Origin': '*', 'Cache-Control': 'no-cache', 'ETag': 'W/"4a0-2Fm81ukAB+SKavI3jd60u0bjbpk"', 'Vary': 'Accept-Encoding', 'Content-Encoding': 'gzip', 'CF-Cache-Status': 'DYNAMIC', 'Report-To': '{"endpoints":[{"url":"https:\\/\\/a.nel.cloudflare.com\\/report\\/v4?s=anw9r%2FRaeaSYOMM%2BazYcT7248ytqogZAOYajzXcfmA4U7VLjFExUHtXED3o6%2BoDlE0yNHTqOCjDvDjH8yO2nPZXBujtAVPpEwLCNmENeJy%2BLajGiT6PonDAd6%2BmCbPyf"}],"group":"cf-nel","max_age":604800}', 'NEL': '{"success_fraction":0,"report_to":"cf-nel","max_age":604800}', 'Server': 'cloudflare', 'CF-RAY': '8914213f5dcd2015-IAD', 'alt-svc': 'h3=":443"; ma=86400'} 
 body={"results":[{"gender":"male","name":{"title":"Mr","first":"Vicente","last":"Lucero"},"location":{"street":{"number":2792,"name":"Prolongación Alemán"},"city":"Ejido Chiapas 1","state":"Quintana Roo","country":"Mexico","postcode":21267,"coordinates":{"latitude":"28.1424","longitude":"-117.2368"},"timezone":{"offset":"-7:00","description":"Mountain Time (US &amp; Canada)"}},"email":"vicente.lucero@example.com","login":{"uuid":"f734d3b2-085a-4dc8-9746-9370213b97f9","username":"crazygorilla612","password":"jeeper","salt":"cGvPYUFg","md5":"3847114579f3ee3e8aa42984543ff78b","sha1":"1ae9b2e9984faf94c5bc52021ba211047a60220b","sha256":"43887435821c5a9ff93410f60ec46b264dc6d040daf75199e9e86269de08a724"},"dob":{"date":"1956-08-18T20:05:10.724Z","age":67},"registered":{"date":"2011-08-12T18:11:36.460Z","age":12},"phone":"(611) 275 4951","cell":"(659) 544 5678","id":{"name":"NSS","value":"72 50 50 6421 4"},"picture":{"large":"https://randomuser.me/api/portraits/men/1.jpg","medium":"https://randomuser.me/api/portraits/med/men/1.jpg","thumbnail":"https://randomuser.me/api/portraits/thumb/men/1.jpg"},"nat":"MX"}],"info":{"seed":"d2020f189a770d07","results":1,"page":1,"version":"1.4"}} 
 </msg>
<msg time="2024-06-09T21:14:11.812257" level="INFO">/opt/hostedtoolcache/Python/3.12.3/x64/lib/python3.12/site-packages/urllib3/connectionpool.py:1103: InsecureRequestWarning: Unverified HTTPS request is being made to host 'randomuser.me'. Adding certificate verification is strongly advised. See: https://urllib3.readthedocs.io/en/latest/advanced-usage.html#tls-warnings
  warnings.warn(</msg>
<msg time="2024-06-09T21:14:11.812368" level="INFO">${response} = &lt;Response [200]&gt;</msg>
<var>${response}</var>
<arg>consultarAPI</arg>
<arg>/api</arg>
<doc>Sends a GET request on a previously created HTTP Session.</doc>
<status status="PASS" start="2024-06-09T21:14:11.728709" elapsed="0.083710"/>
</kw>
<kw name="Set Variable" owner="BuiltIn">
<msg time="2024-06-09T21:14:11.813547" level="INFO">${json_data} = {'results': [{'gender': 'male', 'name': {'title': 'Mr', 'first': 'Vicente', 'last': 'Lucero'}, 'location': {'street': {'number': 2792, 'name': 'Prolongación Alemán'}, 'city': 'Ejido Chiapas 1', 'state...</msg>
<var>${json_data}</var>
<arg>${response.json()}</arg>
<doc>Returns the given values which can then be assigned to a variables.</doc>
<status status="PASS" start="2024-06-09T21:14:11.812941" elapsed="0.000639"/>
</kw>
<kw name="Set Variable" owner="BuiltIn">
<msg time="2024-06-09T21:14:11.814281" level="INFO">${name_title} = Mr</msg>
<var>${name_title}</var>
<arg>${json_data["results"][0]["name"]["title"]}</arg>
<doc>Returns the given values which can then be assigned to a variables.</doc>
<status status="PASS" start="2024-06-09T21:14:11.813897" elapsed="0.000410"/>
</kw>
<kw name="Create List" owner="BuiltIn">
<msg time="2024-06-09T21:14:11.814751" level="INFO">${allowed_titles} = ['Mr', 'Ms', 'Miss', 'Mrs', 'Madame', 'Monsieur']</msg>
<var>${allowed_titles}</var>
<arg>Mr</arg>
<arg>Ms</arg>
<arg>Miss</arg>
<arg>Mrs</arg>
<arg>Madame</arg>
<arg>Monsieur</arg>
<doc>Returns a list containing given items.</doc>
<status status="PASS" start="2024-06-09T21:14:11.814605" elapsed="0.000172"/>
</kw>
<kw name="List Should Contain Value" owner="Collections">
<msg time="2024-06-09T21:14:11.815259" level="INFO">False</msg>
<arg>${allowed_titles}</arg>
<arg>${name_title}</arg>
<doc>Fails if the ``value`` is not found from ``list``.</doc>
<status status="PASS" start="2024-06-09T21:14:11.815076" elapsed="0.000219"/>
</kw>
<kw name="Set Variable" owner="BuiltIn">
<msg time="2024-06-09T21:14:11.816089" level="INFO">${name_country} = MX</msg>
<var>${name_country}</var>
<arg>${json_data["results"][0]["nat"]}</arg>
<doc>Returns the given values which can then be assigned to a variables.</doc>
<status status="PASS" start="2024-06-09T21:14:11.815586" elapsed="0.000533"/>
</kw>
<kw name="Create List" owner="BuiltIn">
<msg time="2024-06-09T21:14:11.817021" level="INFO">${list_country} = ['AD', 'AE', 'AF', 'AG', 'AI', 'AL', 'AM', 'AO', 'AQ', 'AR', 'AS', 'AT', 'AU', 'AW', 'AX', 'AZ', 'BA', 'BB', 'BD', 'BE', 'BF', 'BG', 'BH', 'BI', 'BJ', 'BL', 'BM', 'BN', 'BO', 'BQ', 'BR', 'BS', 'BT', '...</msg>
<var>${list_country}</var>
<arg>AD</arg>
<arg>AE</arg>
<arg>AF</arg>
<arg>AG</arg>
<arg>AI</arg>
<arg>AL</arg>
<arg>AM</arg>
<arg>AO</arg>
<arg>AQ</arg>
<arg>AR</arg>
<arg>AS</arg>
<arg>AT</arg>
<arg>AU</arg>
<arg>AW</arg>
<arg>AX</arg>
<arg>AZ</arg>
<arg>BA</arg>
<arg>BB</arg>
<arg>BD</arg>
<arg>BE</arg>
<arg>BF</arg>
<arg>BG</arg>
<arg>BH</arg>
<arg>BI</arg>
<arg>BJ</arg>
<arg>BL</arg>
<arg>BM</arg>
<arg>BN</arg>
<arg>BO</arg>
<arg>BQ</arg>
<arg>BR</arg>
<arg>BS</arg>
<arg>BT</arg>
<arg>BV</arg>
<arg>BW</arg>
<arg>BY</arg>
<arg>BZ</arg>
<arg>CA</arg>
<arg>CC</arg>
<arg>CD</arg>
<arg>CF</arg>
<arg>CG</arg>
<arg>CH</arg>
<arg>CI</arg>
<arg>CK</arg>
<arg>CL</arg>
<arg>CM</arg>
<arg>CN</arg>
<arg>CO</arg>
<arg>CR</arg>
<arg>CU</arg>
<arg>CV</arg>
<arg>CW</arg>
<arg>CX</arg>
<arg>CY</arg>
<arg>CZ</arg>
<arg>DE</arg>
<arg>DJ</arg>
<arg>DK</arg>
<arg>DM</arg>
<arg>DO</arg>
<arg>DZ</arg>
<arg>EC</arg>
<arg>EE</arg>
<arg>EG</arg>
<arg>EH</arg>
<arg>ER</arg>
<arg>ES</arg>
<arg>ET</arg>
<arg>FI</arg>
<arg>FJ</arg>
<arg>FK</arg>
<arg>FM</arg>
<arg>FO</arg>
<arg>FR</arg>
<arg>GA</arg>
<arg>GB</arg>
<arg>GD</arg>
<arg>GE</arg>
<arg>GF</arg>
<arg>GG</arg>
<arg>GH</arg>
<arg>GI</arg>
<arg>GL</arg>
<arg>GM</arg>
<arg>GN</arg>
<arg>GP</arg>
<arg>GQ</arg>
<arg>GR</arg>
<arg>GS</arg>
<arg>GT</arg>
<arg>GU</arg>
<arg>GW</arg>
<arg>GY</arg>
<arg>HK</arg>
<arg>HM</arg>
<arg>HN</arg>
<arg>HR</arg>
<arg>HT</arg>
<arg>HU</arg>
<arg>ID</arg>
<arg>IE</arg>
<arg>IL</arg>
<arg>IM</arg>
<arg>IN</arg>
<arg>IO</arg>
<arg>IQ</arg>
<arg>IR</arg>
<arg>IS</arg>
<arg>IT</arg>
<arg>JE</arg>
<arg>JM</arg>
<arg>JO</arg>
<arg>JP</arg>
<arg>KE</arg>
<arg>KG</arg>
<arg>KH</arg>
<arg>KI</arg>
<arg>KM</arg>
<arg>KN</arg>
<arg>KP</arg>
<arg>KR</arg>
<arg>KW</arg>
<arg>KY</arg>
<arg>KZ</arg>
<arg>LA</arg>
<arg>LB</arg>
<arg>LC</arg>
<arg>LI</arg>
<arg>LK</arg>
<arg>LR</arg>
<arg>LS</arg>
<arg>LT</arg>
<arg>LU</arg>
<arg>LV</arg>
<arg>LY</arg>
<arg>MA</arg>
<arg>MC</arg>
<arg>MD</arg>
<arg>ME</arg>
<arg>MF</arg>
<arg>MG</arg>
<arg>MH</arg>
<arg>MK</arg>
<arg>ML</arg>
<arg>MM</arg>
<arg>MN</arg>
<arg>MO</arg>
<arg>MP</arg>
<arg>MQ</arg>
<arg>MR</arg>
<arg>MS</arg>
<arg>MT</arg>
<arg>MU</arg>
<arg>MV</arg>
<arg>MW</arg>
<arg>MX</arg>
<arg>MY</arg>
<arg>MZ</arg>
<arg>NA</arg>
<arg>NC</arg>
<arg>NE</arg>
<arg>NF</arg>
<arg>NG</arg>
<arg>NI</arg>
<arg>NL</arg>
<arg>NO</arg>
<arg>NP</arg>
<arg>NR</arg>
<arg>NU</arg>
<arg>NZ</arg>
<arg>OM</arg>
<arg>PA</arg>
<arg>PE</arg>
<arg>PF</arg>
<arg>PG</arg>
<arg>PH</arg>
<arg>PK</arg>
<arg>PL</arg>
<arg>PM</arg>
<arg>PN</arg>
<arg>PR</arg>
<arg>PS</arg>
<arg>PT</arg>
<arg>PW</arg>
<arg>PY</arg>
<arg>QA</arg>
<arg>RE</arg>
<arg>RO</arg>
<arg>RS</arg>
<arg>RU</arg>
<arg>RW</arg>
<arg>SA</arg>
<arg>SB</arg>
<arg>SC</arg>
<arg>SD</arg>
<arg>SE</arg>
<arg>SG</arg>
<arg>SH</arg>
<arg>SI</arg>
<arg>SJ</arg>
<arg>SK</arg>
<arg>SL</arg>
<arg>SM</arg>
<arg>SN</arg>
<arg>SO</arg>
<arg>SR</arg>
<arg>SS</arg>
<arg>ST</arg>
<arg>SV</arg>
<arg>SX</arg>
<arg>SY</arg>
<arg>SZ</arg>
<arg>TC</arg>
<arg>TD</arg>
<arg>TF</arg>
<arg>TG</arg>
<arg>TH</arg>
<arg>TJ</arg>
<arg>TK</arg>
<arg>TL</arg>
<arg>TM</arg>
<arg>TN</arg>
<arg>TO</arg>
<arg>TR</arg>
<arg>TT</arg>
<arg>TV</arg>
<arg>TW</arg>
<arg>TZ</arg>
<arg>UA</arg>
<arg>UG</arg>
<arg>UM</arg>
<arg>US</arg>
<arg>UY</arg>
<arg>UZ</arg>
<arg>VA</arg>
<arg>VC</arg>
<arg>VE</arg>
<arg>VG</arg>
<arg>VI</arg>
<arg>VN</arg>
<arg>VU</arg>
<arg>WF</arg>
<arg>WS</arg>
<arg>XK</arg>
<arg>YE</arg>
<arg>YT</arg>
<arg>ZA</arg>
<arg>ZM</arg>
<arg>ZW</arg>
<doc>Returns a list containing given items.</doc>
<status status="PASS" start="2024-06-09T21:14:11.816427" elapsed="0.000619"/>
</kw>
<kw name="List Should Contain Value" owner="Collections">
<msg time="2024-06-09T21:14:11.818078" level="INFO">False</msg>
<arg>${list_country}</arg>
<arg>${name_country}</arg>
<doc>Fails if the ``value`` is not found from ``list``.</doc>
<status status="PASS" start="2024-06-09T21:14:11.817867" elapsed="0.000247"/>
</kw>
<kw name="Run Keyword If" owner="BuiltIn">
<kw name="Should Be True" owner="BuiltIn">
<arg>${True}</arg>
<doc>Fails if the given condition is not true.</doc>
<status status="PASS" start="2024-06-09T21:14:11.819165" elapsed="0.000143"/>
</kw>
<arg>${json_data["results"][0]["location"]["coordinates"]["latitude"]} &gt;= -90 and ${json_data["results"][0]["location"]["coordinates"]["latitude"]} &lt;= 90</arg>
<arg>Should Be True</arg>
<arg>${True}</arg>
<doc>Runs the given keyword with the given arguments, if ``condition`` is true.</doc>
<status status="PASS" start="2024-06-09T21:14:11.818429" elapsed="0.001003"/>
</kw>
<kw name="Run Keyword If" owner="BuiltIn">
<kw name="Should Be True" owner="BuiltIn">
<arg>${True}</arg>
<doc>Fails if the given condition is not true.</doc>
<status status="PASS" start="2024-06-09T21:14:11.820315" elapsed="0.000139"/>
</kw>
<arg>${json_data["results"][0]["location"]["coordinates"]["longitude"]} &gt;= -180 and ${json_data["results"][0]["location"]["coordinates"]["longitude"]} &lt;= 180</arg>
<arg>Should Be True</arg>
<arg>${True}</arg>
<doc>Runs the given keyword with the given arguments, if ``condition`` is true.</doc>
<status status="PASS" start="2024-06-09T21:14:11.819616" elapsed="0.000961"/>
</kw>
<status status="PASS" start="2024-06-09T21:14:11.728467" elapsed="0.092237"/>
</kw>
<doc>Testa o conteúdo específico dos campos retornados pela API.</doc>
<tag>testeConteudo</tag>
<status status="PASS" start="2024-06-09T21:14:11.727966" elapsed="0.092877"/>
</test>
<status status="PASS" start="2024-06-09T21:14:10.908663" elapsed="0.914125"/>
</suite>
<status status="PASS" start="2024-06-09T21:14:10.895221" elapsed="0.932732"/>
</suite>
<statistics>
<total>
<stat pass="5" fail="0" skip="0">All Tests</stat>
</total>
<tag>
<stat pass="1" fail="0" skip="0">testeConteudo</stat>
<stat pass="1" fail="0" skip="0">testeEstruturaResposta</stat>
<stat pass="1" fail="0" skip="0">testeRequisicaoBasica</stat>
<stat pass="1" fail="0" skip="0">testeTiposDados</stat>
</tag>
<suite>
<stat pass="5" fail="0" skip="0" id="s1" name="Tests">Tests</stat>
<stat pass="5" fail="0" skip="0" id="s1-s1" name="Random-User-Test">Tests.Random-User-Test</stat>
</suite>
</statistics>
<errors>
</errors>
</robot>
