<?xml version="1.0" encoding="UTF-8"?>
<robot generator="Robot 7.0 (Python 3.12.2 on linux)" generated="2024-04-15T05:12:37.880165" rpa="false" schemaversion="5">
<suite id="s1" name="Tests" source="/home/runner/work/DesafioQAItauRogerioJordao/DesafioQAItauRogerioJordao/RamdonUser/tests">
<suite id="s1-s1" name="Random-User-Test" source="/home/runner/work/DesafioQAItauRogerioJordao/DesafioQAItauRogerioJordao/RamdonUser/tests/random-user-test.robot">
<test id="s1-s1-t1" name="Conectar" line="13">
<kw name="Conectar API" owner="random-user-service">
<kw name="Create Session" owner="RequestsLibrary">
<msg time="2024-04-15T05:12:38.287472" level="INFO">Creating Session using : alias=consultarAPI, url=https://randomuser.me/, headers={},                     cookies={}, auth=None, timeout=None, proxies=None, verify=False,                     debug=0 </msg>
<arg>consultarAPI</arg>
<arg>${URL}</arg>
<doc>Create Session: create a HTTP session to a server</doc>
<status status="PASS" start="2024-04-15T05:12:38.287271" elapsed="0.000404"/>
</kw>
<status status="PASS" start="2024-04-15T05:12:38.286266" elapsed="0.001802"/>
</kw>
<status status="PASS" start="2024-04-15T05:12:38.285685" elapsed="0.002594"/>
</test>
<test id="s1-s1-t2" name="Validar retorno 200 e JSON Válido" line="16">
<kw name="Teste de Requisicao Basica" owner="random-user-service">
<kw name="GET On Session" owner="RequestsLibrary">
<msg time="2024-04-15T05:12:38.553361" level="INFO">GET Request : url=https://randomuser.me/api 
 path_url=/api 
 headers={'User-Agent': 'python-requests/2.31.0', 'Accept-Encoding': 'gzip, deflate', 'Accept': '*/*', 'Connection': 'keep-alive'} 
 body=None 
 </msg>
<msg time="2024-04-15T05:12:38.553571" level="INFO">GET Response : url=https://randomuser.me/api 
 status=200, reason=OK 
 headers={'Date': 'Mon, 15 Apr 2024 05:12:38 GMT', 'Content-Type': 'application/json; charset=utf-8', 'Transfer-Encoding': 'chunked', 'Connection': 'keep-alive', 'X-Powered-By': 'Express', 'Access-Control-Allow-Origin': '*', 'Cache-Control': 'no-cache', 'ETag': 'W/"49b-CiKbrS5EO6FCysFrns3+UfE9t4s"', 'Vary': 'Accept-Encoding', 'Content-Encoding': 'gzip', 'CF-Cache-Status': 'DYNAMIC', 'Report-To': '{"endpoints":[{"url":"https:\\/\\/a.nel.cloudflare.com\\/report\\/v4?s=pIzJm35Eb03CqSpvqC2Gg8CaWDa3vK8CYgBupBN2YC6OTp6hdSikPBHR6l2jJ2ogOZ6c3e%2BHtDb3gROggrdvzlzwwYjegP9T5sVrzCk95NtdSeGE4GgpGxOHdbeoS%2Frc"}],"group":"cf-nel","max_age":604800}', 'NEL': '{"success_fraction":0,"report_to":"cf-nel","max_age":604800}', 'Server': 'cloudflare', 'CF-RAY': '874971186db66432-SJC', 'alt-svc': 'h3=":443"; ma=86400'} 
 body={"results":[{"gender":"male","name":{"title":"Mr","first":"Ramon","last":"Lee"},"location":{"street":{"number":2869,"name":"Church Street"},"city":"Lichfield","state":"Buckinghamshire","country":"United Kingdom","postcode":"K9 0NU","coordinates":{"latitude":"-12.4532","longitude":"-141.1020"},"timezone":{"offset":"+9:00","description":"Tokyo, Seoul, Osaka, Sapporo, Yakutsk"}},"email":"ramon.lee@example.com","login":{"uuid":"c8d4270b-aa2c-4828-9452-168b0305cc7a","username":"greencat202","password":"dollars","salt":"NQjVGiHJ","md5":"ca46e1866fc539899edcc87e36764931","sha1":"e0cac00fc1ba0cec1c8c1bac89ef3582391150ef","sha256":"fe6de965edb779ddc41118b8c1293ec0326d41ad5e36e708d8a81a41a2916ebc"},"dob":{"date":"1968-03-09T02:43:13.513Z","age":56},"registered":{"date":"2012-06-28T23:43:10.474Z","age":11},"phone":"016977 8252","cell":"07345 072752","id":{"name":"NINO","value":"GP 32 94 35 E"},"picture":{"large":"https://randomuser.me/api/portraits/men/69.jpg","medium":"https://randomuser.me/api/portraits/med/men/69.jpg","thumbnail":"https://randomuser.me/api/portraits/thumb/men/69.jpg"},"nat":"GB"}],"info":{"seed":"4adec933aca94d03","results":1,"page":1,"version":"1.4"}} 
 </msg>
<msg time="2024-04-15T05:12:38.553690" level="INFO">/opt/hostedtoolcache/Python/3.12.2/x64/lib/python3.12/site-packages/urllib3/connectionpool.py:1103: InsecureRequestWarning: Unverified HTTPS request is being made to host 'randomuser.me'. Adding certificate verification is strongly advised. See: https://urllib3.readthedocs.io/en/latest/advanced-usage.html#tls-warnings
  warnings.warn(</msg>
<msg time="2024-04-15T05:12:38.553879" level="INFO">${response} = &lt;Response [200]&gt;</msg>
<var>${response}</var>
<arg>consultarAPI</arg>
<arg>/api</arg>
<doc>Sends a GET request on a previously created HTTP Session.</doc>
<status status="PASS" start="2024-04-15T05:12:38.290855" elapsed="0.263075"/>
</kw>
<kw name="Should Be Equal As Numbers" owner="BuiltIn">
<msg time="2024-04-15T05:12:38.555056" level="INFO">Argument types are:
&lt;class 'int'&gt;
&lt;class 'str'&gt;</msg>
<arg>${response.status_code}</arg>
<arg>200</arg>
<doc>Fails if objects are unequal after converting them to real numbers.</doc>
<status status="PASS" start="2024-04-15T05:12:38.554577" elapsed="0.000545"/>
</kw>
<kw name="Log" owner="BuiltIn">
<msg time="2024-04-15T05:12:38.555838" level="INFO">200</msg>
<arg>${response.status_code}</arg>
<doc>Logs the given message with the given level.</doc>
<status status="PASS" start="2024-04-15T05:12:38.555446" elapsed="0.000442"/>
</kw>
<kw name="Set Variable" owner="BuiltIn">
<msg time="2024-04-15T05:12:38.556684" level="INFO">${json_data} = {'results': [{'gender': 'male', 'name': {'title': 'Mr', 'first': 'Ramon', 'last': 'Lee'}, 'location': {'street': {'number': 2869, 'name': 'Church Street'}, 'city': 'Lichfield', 'state': 'Buckinghamshi...</msg>
<var>${json_data}</var>
<arg>${response.json()}</arg>
<doc>Returns the given values which can then be assigned to a variables.</doc>
<status status="PASS" start="2024-04-15T05:12:38.556229" elapsed="0.000484"/>
</kw>
<kw name="Dictionary Should Contain Key" owner="Collections">
<msg time="2024-04-15T05:12:38.557194" level="INFO">False</msg>
<arg>${json_data}</arg>
<arg>results</arg>
<doc>Fails if ``key`` is not found from ``dictionary``.</doc>
<status status="PASS" start="2024-04-15T05:12:38.557017" elapsed="0.000218"/>
</kw>
<status status="PASS" start="2024-04-15T05:12:38.290596" elapsed="0.266906"/>
</kw>
<doc>Testa se a API responde corretamente e retorna um objeto JSON válido.</doc>
<tag>testeRequisicaoBasica</tag>
<status status="PASS" start="2024-04-15T05:12:38.290132" elapsed="0.267560"/>
</test>
<test id="s1-s1-t3" name="Validar estrutura de resposta" line="22">
<kw name="Teste de Estrutura de Resposta" owner="random-user-service">
<kw name="GET On Session" owner="RequestsLibrary">
<msg time="2024-04-15T05:12:38.845877" level="INFO">GET Request : url=https://randomuser.me/api 
 path_url=/api 
 headers={'User-Agent': 'python-requests/2.31.0', 'Accept-Encoding': 'gzip, deflate', 'Accept': '*/*', 'Connection': 'keep-alive'} 
 body=None 
 </msg>
<msg time="2024-04-15T05:12:38.845994" level="INFO">GET Response : url=https://randomuser.me/api 
 status=200, reason=OK 
 headers={'Date': 'Mon, 15 Apr 2024 05:12:38 GMT', 'Content-Type': 'application/json; charset=utf-8', 'Transfer-Encoding': 'chunked', 'Connection': 'keep-alive', 'X-Powered-By': 'Express', 'Access-Control-Allow-Origin': '*', 'Cache-Control': 'no-cache', 'ETag': 'W/"48a-bGDQIHRlIQbIsELQu8ooMNLGP7k"', 'Vary': 'Accept-Encoding', 'Content-Encoding': 'gzip', 'CF-Cache-Status': 'DYNAMIC', 'Report-To': '{"endpoints":[{"url":"https:\\/\\/a.nel.cloudflare.com\\/report\\/v4?s=ld5T6U2oxprpbQIxKfZzTZ9ZoPwUaSuvgl9fmM1hcoqo4MTmyASYgaRjxeqXPxGMXMaBYr3mZgNXV%2B2FtyvjB35hWB4RYbPJWIdji79Tb56k4Qxg%2BgYw79pFVQYakDy8"}],"group":"cf-nel","max_age":604800}', 'NEL': '{"success_fraction":0,"report_to":"cf-nel","max_age":604800}', 'Server': 'cloudflare', 'CF-RAY': '874971190e576432-SJC', 'alt-svc': 'h3=":443"; ma=86400'} 
 body={"results":[{"gender":"female","name":{"title":"Mrs","first":"Tijana","last":"Ilić"},"location":{"street":{"number":3775,"name":"Ilije Čalića"},"city":"Novi Sad","state":"Toplica","country":"Serbia","postcode":89080,"coordinates":{"latitude":"58.3876","longitude":"34.7347"},"timezone":{"offset":"+10:00","description":"Eastern Australia, Guam, Vladivostok"}},"email":"tijana.ilic@example.com","login":{"uuid":"e38f648e-e694-438c-9546-1f4a0ec2ef51","username":"happybird951","password":"dolly","salt":"xMtoGW1v","md5":"0c2f3fd026333000fbab19a3a49a52ea","sha1":"497083b74b4519ed08b2fb4324452db717ceda21","sha256":"7a0fc667d1b3d33cd74f7d1d78abe5caee2cfa9801d4c3e744a200acd9b1f098"},"dob":{"date":"1958-12-04T23:50:56.801Z","age":65},"registered":{"date":"2015-11-24T20:51:27.605Z","age":8},"phone":"037-1993-177","cell":"068-6124-623","id":{"name":"SID","value":"223335363"},"picture":{"large":"https://randomuser.me/api/portraits/women/1.jpg","medium":"https://randomuser.me/api/portraits/med/women/1.jpg","thumbnail":"https://randomuser.me/api/portraits/thumb/women/1.jpg"},"nat":"RS"}],"info":{"seed":"a64716c400338893","results":1,"page":1,"version":"1.4"}} 
 </msg>
<msg time="2024-04-15T05:12:38.846150" level="INFO">/opt/hostedtoolcache/Python/3.12.2/x64/lib/python3.12/site-packages/urllib3/connectionpool.py:1103: InsecureRequestWarning: Unverified HTTPS request is being made to host 'randomuser.me'. Adding certificate verification is strongly advised. See: https://urllib3.readthedocs.io/en/latest/advanced-usage.html#tls-warnings
  warnings.warn(</msg>
<msg time="2024-04-15T05:12:38.846293" level="INFO">${response} = &lt;Response [200]&gt;</msg>
<var>${response}</var>
<arg>consultarAPI</arg>
<arg>/api</arg>
<doc>Sends a GET request on a previously created HTTP Session.</doc>
<status status="PASS" start="2024-04-15T05:12:38.560307" elapsed="0.286023"/>
</kw>
<kw name="Set Variable" owner="BuiltIn">
<msg time="2024-04-15T05:12:38.847423" level="INFO">${json_data} = {'results': [{'gender': 'female', 'name': {'title': 'Mrs', 'first': 'Tijana', 'last': 'Ilić'}, 'location': {'street': {'number': 3775, 'name': 'Ilije Čalića'}, 'city': 'Novi Sad', 'state': 'Toplica', ...</msg>
<var>${json_data}</var>
<arg>${response.json()}</arg>
<doc>Returns the given values which can then be assigned to a variables.</doc>
<status status="PASS" start="2024-04-15T05:12:38.846877" elapsed="0.000577"/>
</kw>
<kw name="Log" owner="BuiltIn">
<msg time="2024-04-15T05:12:38.848016" level="INFO">{'results': [{'gender': 'female', 'name': {'title': 'Mrs', 'first': 'Tijana', 'last': 'Ilić'}, 'location': {'street': {'number': 3775, 'name': 'Ilije Čalića'}, 'city': 'Novi Sad', 'state': 'Toplica', 'country': 'Serbia', 'postcode': 89080, 'coordinates': {'latitude': '58.3876', 'longitude': '34.7347'}, 'timezone': {'offset': '+10:00', 'description': 'Eastern Australia, Guam, Vladivostok'}}, 'email': 'tijana.ilic@example.com', 'login': {'uuid': 'e38f648e-e694-438c-9546-1f4a0ec2ef51', 'username': 'happybird951', 'password': 'dolly', 'salt': 'xMtoGW1v', 'md5': '0c2f3fd026333000fbab19a3a49a52ea', 'sha1': '497083b74b4519ed08b2fb4324452db717ceda21', 'sha256': '7a0fc667d1b3d33cd74f7d1d78abe5caee2cfa9801d4c3e744a200acd9b1f098'}, 'dob': {'date': '1958-12-04T23:50:56.801Z', 'age': 65}, 'registered': {'date': '2015-11-24T20:51:27.605Z', 'age': 8}, 'phone': '037-1993-177', 'cell': '068-6124-623', 'id': {'name': 'SID', 'value': '223335363'}, 'picture': {'large': 'https://randomuser.me/api/portraits/women/1.jpg', 'medium': 'https://randomuser.me/api/portraits/med/women/1.jpg', 'thumbnail': 'https://randomuser.me/api/portraits/thumb/women/1.jpg'}, 'nat': 'RS'}], 'info': {'seed': 'a64716c400338893', 'results': 1, 'page': 1, 'version': '1.4'}}</msg>
<arg>${json_data}</arg>
<doc>Logs the given message with the given level.</doc>
<status status="PASS" start="2024-04-15T05:12:38.847837" elapsed="0.000230"/>
</kw>
<kw name="Dictionary Should Contain Key" owner="Collections">
<msg time="2024-04-15T05:12:38.848541" level="INFO">False</msg>
<arg>${json_data}</arg>
<arg>results</arg>
<doc>Fails if ``key`` is not found from ``dictionary``.</doc>
<status status="PASS" start="2024-04-15T05:12:38.848370" elapsed="0.000209"/>
</kw>
<kw name="Should Not Be Empty" owner="BuiltIn">
<msg time="2024-04-15T05:12:38.849017" level="INFO">Length is 2.</msg>
<arg>${json_data}</arg>
<doc>Verifies that the given item is not empty.</doc>
<status status="PASS" start="2024-04-15T05:12:38.848885" elapsed="0.000172"/>
</kw>
<kw name="Create List" owner="BuiltIn">
<msg time="2024-04-15T05:12:38.849661" level="INFO">${expected_keys} = ['gender', 'name', 'location', 'email', 'login']</msg>
<var>${expected_keys}</var>
<arg>gender</arg>
<arg>name</arg>
<arg>location</arg>
<arg>email</arg>
<arg>login</arg>
<doc>Returns a list containing given items.</doc>
<status status="PASS" start="2024-04-15T05:12:38.849349" elapsed="0.000341"/>
</kw>
<for flavor="IN">
<iter>
<kw name="Dictionary Should Contain Key" owner="Collections">
<msg time="2024-04-15T05:12:38.850763" level="INFO">False</msg>
<arg>${json_data['results'][0]}</arg>
<arg>${key}</arg>
<doc>Fails if ``key`` is not found from ``dictionary``.</doc>
<status status="PASS" start="2024-04-15T05:12:38.850339" elapsed="0.000462"/>
</kw>
<kw name="Log" owner="BuiltIn">
<msg time="2024-04-15T05:12:38.851469" level="INFO">{'gender': 'female', 'name': {'title': 'Mrs', 'first': 'Tijana', 'last': 'Ilić'}, 'location': {'street': {'number': 3775, 'name': 'Ilije Čalića'}, 'city': 'Novi Sad', 'state': 'Toplica', 'country': 'Serbia', 'postcode': 89080, 'coordinates': {'latitude': '58.3876', 'longitude': '34.7347'}, 'timezone': {'offset': '+10:00', 'description': 'Eastern Australia, Guam, Vladivostok'}}, 'email': 'tijana.ilic@example.com', 'login': {'uuid': 'e38f648e-e694-438c-9546-1f4a0ec2ef51', 'username': 'happybird951', 'password': 'dolly', 'salt': 'xMtoGW1v', 'md5': '0c2f3fd026333000fbab19a3a49a52ea', 'sha1': '497083b74b4519ed08b2fb4324452db717ceda21', 'sha256': '7a0fc667d1b3d33cd74f7d1d78abe5caee2cfa9801d4c3e744a200acd9b1f098'}, 'dob': {'date': '1958-12-04T23:50:56.801Z', 'age': 65}, 'registered': {'date': '2015-11-24T20:51:27.605Z', 'age': 8}, 'phone': '037-1993-177', 'cell': '068-6124-623', 'id': {'name': 'SID', 'value': '223335363'}, 'picture': {'large': 'https://randomuser.me/api/portraits/women/1.jpg', 'medium': 'https://randomuser.me/api/portraits/med/women/1.jpg', 'thumbnail': 'https://randomuser.me/api/portraits/thumb/women/1.jpg'}, 'nat': 'RS'}</msg>
<arg>${json_data['results'][0]}</arg>
<doc>Logs the given message with the given level.</doc>
<status status="PASS" start="2024-04-15T05:12:38.851100" elapsed="0.000421"/>
</kw>
<kw name="Log" owner="BuiltIn">
<msg time="2024-04-15T05:12:38.851979" level="INFO">gender</msg>
<arg>${key}</arg>
<doc>Logs the given message with the given level.</doc>
<status status="PASS" start="2024-04-15T05:12:38.851841" elapsed="0.000176"/>
</kw>
<var name="${key}">gender</var>
<status status="PASS" start="2024-04-15T05:12:38.850213" elapsed="0.002034"/>
</iter>
<iter>
<kw name="Dictionary Should Contain Key" owner="Collections">
<msg time="2024-04-15T05:12:38.852931" level="INFO">False</msg>
<arg>${json_data['results'][0]}</arg>
<arg>${key}</arg>
<doc>Fails if ``key`` is not found from ``dictionary``.</doc>
<status status="PASS" start="2024-04-15T05:12:38.852547" elapsed="0.000421"/>
</kw>
<kw name="Log" owner="BuiltIn">
<msg time="2024-04-15T05:12:38.853654" level="INFO">{'gender': 'female', 'name': {'title': 'Mrs', 'first': 'Tijana', 'last': 'Ilić'}, 'location': {'street': {'number': 3775, 'name': 'Ilije Čalića'}, 'city': 'Novi Sad', 'state': 'Toplica', 'country': 'Serbia', 'postcode': 89080, 'coordinates': {'latitude': '58.3876', 'longitude': '34.7347'}, 'timezone': {'offset': '+10:00', 'description': 'Eastern Australia, Guam, Vladivostok'}}, 'email': 'tijana.ilic@example.com', 'login': {'uuid': 'e38f648e-e694-438c-9546-1f4a0ec2ef51', 'username': 'happybird951', 'password': 'dolly', 'salt': 'xMtoGW1v', 'md5': '0c2f3fd026333000fbab19a3a49a52ea', 'sha1': '497083b74b4519ed08b2fb4324452db717ceda21', 'sha256': '7a0fc667d1b3d33cd74f7d1d78abe5caee2cfa9801d4c3e744a200acd9b1f098'}, 'dob': {'date': '1958-12-04T23:50:56.801Z', 'age': 65}, 'registered': {'date': '2015-11-24T20:51:27.605Z', 'age': 8}, 'phone': '037-1993-177', 'cell': '068-6124-623', 'id': {'name': 'SID', 'value': '223335363'}, 'picture': {'large': 'https://randomuser.me/api/portraits/women/1.jpg', 'medium': 'https://randomuser.me/api/portraits/med/women/1.jpg', 'thumbnail': 'https://randomuser.me/api/portraits/thumb/women/1.jpg'}, 'nat': 'RS'}</msg>
<arg>${json_data['results'][0]}</arg>
<doc>Logs the given message with the given level.</doc>
<status status="PASS" start="2024-04-15T05:12:38.853293" elapsed="0.000410"/>
</kw>
<kw name="Log" owner="BuiltIn">
<msg time="2024-04-15T05:12:38.854130" level="INFO">name</msg>
<arg>${key}</arg>
<doc>Logs the given message with the given level.</doc>
<status status="PASS" start="2024-04-15T05:12:38.854003" elapsed="0.000165"/>
</kw>
<var name="${key}">name</var>
<status status="PASS" start="2024-04-15T05:12:38.852432" elapsed="0.001966"/>
</iter>
<iter>
<kw name="Dictionary Should Contain Key" owner="Collections">
<msg time="2024-04-15T05:12:38.855059" level="INFO">False</msg>
<arg>${json_data['results'][0]}</arg>
<arg>${key}</arg>
<doc>Fails if ``key`` is not found from ``dictionary``.</doc>
<status status="PASS" start="2024-04-15T05:12:38.854687" elapsed="0.000409"/>
</kw>
<kw name="Log" owner="BuiltIn">
<msg time="2024-04-15T05:12:38.855752" level="INFO">{'gender': 'female', 'name': {'title': 'Mrs', 'first': 'Tijana', 'last': 'Ilić'}, 'location': {'street': {'number': 3775, 'name': 'Ilije Čalića'}, 'city': 'Novi Sad', 'state': 'Toplica', 'country': 'Serbia', 'postcode': 89080, 'coordinates': {'latitude': '58.3876', 'longitude': '34.7347'}, 'timezone': {'offset': '+10:00', 'description': 'Eastern Australia, Guam, Vladivostok'}}, 'email': 'tijana.ilic@example.com', 'login': {'uuid': 'e38f648e-e694-438c-9546-1f4a0ec2ef51', 'username': 'happybird951', 'password': 'dolly', 'salt': 'xMtoGW1v', 'md5': '0c2f3fd026333000fbab19a3a49a52ea', 'sha1': '497083b74b4519ed08b2fb4324452db717ceda21', 'sha256': '7a0fc667d1b3d33cd74f7d1d78abe5caee2cfa9801d4c3e744a200acd9b1f098'}, 'dob': {'date': '1958-12-04T23:50:56.801Z', 'age': 65}, 'registered': {'date': '2015-11-24T20:51:27.605Z', 'age': 8}, 'phone': '037-1993-177', 'cell': '068-6124-623', 'id': {'name': 'SID', 'value': '223335363'}, 'picture': {'large': 'https://randomuser.me/api/portraits/women/1.jpg', 'medium': 'https://randomuser.me/api/portraits/med/women/1.jpg', 'thumbnail': 'https://randomuser.me/api/portraits/thumb/women/1.jpg'}, 'nat': 'RS'}</msg>
<arg>${json_data['results'][0]}</arg>
<doc>Logs the given message with the given level.</doc>
<status status="PASS" start="2024-04-15T05:12:38.855393" elapsed="0.000432"/>
</kw>
<kw name="Log" owner="BuiltIn">
<msg time="2024-04-15T05:12:38.856259" level="INFO">location</msg>
<arg>${key}</arg>
<doc>Logs the given message with the given level.</doc>
<status status="PASS" start="2024-04-15T05:12:38.856132" elapsed="0.000164"/>
</kw>
<var name="${key}">location</var>
<status status="PASS" start="2024-04-15T05:12:38.854577" elapsed="0.001935"/>
</iter>
<iter>
<kw name="Dictionary Should Contain Key" owner="Collections">
<msg time="2024-04-15T05:12:38.857168" level="INFO">False</msg>
<arg>${json_data['results'][0]}</arg>
<arg>${key}</arg>
<doc>Fails if ``key`` is not found from ``dictionary``.</doc>
<status status="PASS" start="2024-04-15T05:12:38.856793" elapsed="0.000412"/>
</kw>
<kw name="Log" owner="BuiltIn">
<msg time="2024-04-15T05:12:38.857870" level="INFO">{'gender': 'female', 'name': {'title': 'Mrs', 'first': 'Tijana', 'last': 'Ilić'}, 'location': {'street': {'number': 3775, 'name': 'Ilije Čalića'}, 'city': 'Novi Sad', 'state': 'Toplica', 'country': 'Serbia', 'postcode': 89080, 'coordinates': {'latitude': '58.3876', 'longitude': '34.7347'}, 'timezone': {'offset': '+10:00', 'description': 'Eastern Australia, Guam, Vladivostok'}}, 'email': 'tijana.ilic@example.com', 'login': {'uuid': 'e38f648e-e694-438c-9546-1f4a0ec2ef51', 'username': 'happybird951', 'password': 'dolly', 'salt': 'xMtoGW1v', 'md5': '0c2f3fd026333000fbab19a3a49a52ea', 'sha1': '497083b74b4519ed08b2fb4324452db717ceda21', 'sha256': '7a0fc667d1b3d33cd74f7d1d78abe5caee2cfa9801d4c3e744a200acd9b1f098'}, 'dob': {'date': '1958-12-04T23:50:56.801Z', 'age': 65}, 'registered': {'date': '2015-11-24T20:51:27.605Z', 'age': 8}, 'phone': '037-1993-177', 'cell': '068-6124-623', 'id': {'name': 'SID', 'value': '223335363'}, 'picture': {'large': 'https://randomuser.me/api/portraits/women/1.jpg', 'medium': 'https://randomuser.me/api/portraits/med/women/1.jpg', 'thumbnail': 'https://randomuser.me/api/portraits/thumb/women/1.jpg'}, 'nat': 'RS'}</msg>
<arg>${json_data['results'][0]}</arg>
<doc>Logs the given message with the given level.</doc>
<status status="PASS" start="2024-04-15T05:12:38.857504" elapsed="0.000415"/>
</kw>
<kw name="Log" owner="BuiltIn">
<msg time="2024-04-15T05:12:38.858340" level="INFO">email</msg>
<arg>${key}</arg>
<doc>Logs the given message with the given level.</doc>
<status status="PASS" start="2024-04-15T05:12:38.858214" elapsed="0.000164"/>
</kw>
<var name="${key}">email</var>
<status status="PASS" start="2024-04-15T05:12:38.856683" elapsed="0.001910"/>
</iter>
<iter>
<kw name="Dictionary Should Contain Key" owner="Collections">
<msg time="2024-04-15T05:12:38.859264" level="INFO">False</msg>
<arg>${json_data['results'][0]}</arg>
<arg>${key}</arg>
<doc>Fails if ``key`` is not found from ``dictionary``.</doc>
<status status="PASS" start="2024-04-15T05:12:38.858888" elapsed="0.000414"/>
</kw>
<kw name="Log" owner="BuiltIn">
<msg time="2024-04-15T05:12:38.859991" level="INFO">{'gender': 'female', 'name': {'title': 'Mrs', 'first': 'Tijana', 'last': 'Ilić'}, 'location': {'street': {'number': 3775, 'name': 'Ilije Čalića'}, 'city': 'Novi Sad', 'state': 'Toplica', 'country': 'Serbia', 'postcode': 89080, 'coordinates': {'latitude': '58.3876', 'longitude': '34.7347'}, 'timezone': {'offset': '+10:00', 'description': 'Eastern Australia, Guam, Vladivostok'}}, 'email': 'tijana.ilic@example.com', 'login': {'uuid': 'e38f648e-e694-438c-9546-1f4a0ec2ef51', 'username': 'happybird951', 'password': 'dolly', 'salt': 'xMtoGW1v', 'md5': '0c2f3fd026333000fbab19a3a49a52ea', 'sha1': '497083b74b4519ed08b2fb4324452db717ceda21', 'sha256': '7a0fc667d1b3d33cd74f7d1d78abe5caee2cfa9801d4c3e744a200acd9b1f098'}, 'dob': {'date': '1958-12-04T23:50:56.801Z', 'age': 65}, 'registered': {'date': '2015-11-24T20:51:27.605Z', 'age': 8}, 'phone': '037-1993-177', 'cell': '068-6124-623', 'id': {'name': 'SID', 'value': '223335363'}, 'picture': {'large': 'https://randomuser.me/api/portraits/women/1.jpg', 'medium': 'https://randomuser.me/api/portraits/med/women/1.jpg', 'thumbnail': 'https://randomuser.me/api/portraits/thumb/women/1.jpg'}, 'nat': 'RS'}</msg>
<arg>${json_data['results'][0]}</arg>
<doc>Logs the given message with the given level.</doc>
<status status="PASS" start="2024-04-15T05:12:38.859596" elapsed="0.000444"/>
</kw>
<kw name="Log" owner="BuiltIn">
<msg time="2024-04-15T05:12:38.860460" level="INFO">login</msg>
<arg>${key}</arg>
<doc>Logs the given message with the given level.</doc>
<status status="PASS" start="2024-04-15T05:12:38.860334" elapsed="0.000163"/>
</kw>
<var name="${key}">login</var>
<status status="PASS" start="2024-04-15T05:12:38.858771" elapsed="0.001967"/>
</iter>
<var>${key}</var>
<value>@{expected_keys}</value>
<status status="PASS" start="2024-04-15T05:12:38.850008" elapsed="0.010854"/>
</for>
<kw name="Create List" owner="BuiltIn">
<msg time="2024-04-15T05:12:38.861193" level="INFO">${expected_keysTwo} = ['username', 'password']</msg>
<var>${expected_keysTwo}</var>
<arg>username</arg>
<arg>password</arg>
<doc>Returns a list containing given items.</doc>
<status status="PASS" start="2024-04-15T05:12:38.861056" elapsed="0.000160"/>
</kw>
<for flavor="IN">
<iter>
<kw name="Dictionary Should Contain Key" owner="Collections">
<msg time="2024-04-15T05:12:38.862090" level="INFO">False</msg>
<arg>${json_data['results'][0]['login']}</arg>
<arg>${keyTwo}</arg>
<doc>Fails if ``key`` is not found from ``dictionary``.</doc>
<status status="PASS" start="2024-04-15T05:12:38.861717" elapsed="0.000409"/>
</kw>
<kw name="Dictionary Should Contain Key" owner="Collections">
<msg time="2024-04-15T05:12:38.862815" level="INFO">False</msg>
<arg>${json_data['results'][0]['login']}</arg>
<arg>${keyTwo}</arg>
<doc>Fails if ``key`` is not found from ``dictionary``.</doc>
<status status="PASS" start="2024-04-15T05:12:38.862420" elapsed="0.000433"/>
</kw>
<kw name="Log" owner="BuiltIn">
<msg time="2024-04-15T05:12:38.863267" level="INFO">username</msg>
<arg>${keyTwo}</arg>
<doc>Logs the given message with the given level.</doc>
<status status="PASS" start="2024-04-15T05:12:38.863143" elapsed="0.000161"/>
</kw>
<var name="${keyTwo}">username</var>
<status status="PASS" start="2024-04-15T05:12:38.861609" elapsed="0.001907"/>
</iter>
<iter>
<kw name="Dictionary Should Contain Key" owner="Collections">
<msg time="2024-04-15T05:12:38.864235" level="INFO">False</msg>
<arg>${json_data['results'][0]['login']}</arg>
<arg>${keyTwo}</arg>
<doc>Fails if ``key`` is not found from ``dictionary``.</doc>
<status status="PASS" start="2024-04-15T05:12:38.863822" elapsed="0.000451"/>
</kw>
<kw name="Dictionary Should Contain Key" owner="Collections">
<msg time="2024-04-15T05:12:38.865037" level="INFO">False</msg>
<arg>${json_data['results'][0]['login']}</arg>
<arg>${keyTwo}</arg>
<doc>Fails if ``key`` is not found from ``dictionary``.</doc>
<status status="PASS" start="2024-04-15T05:12:38.864569" elapsed="0.000507"/>
</kw>
<kw name="Log" owner="BuiltIn">
<msg time="2024-04-15T05:12:38.865496" level="INFO">password</msg>
<arg>${keyTwo}</arg>
<doc>Logs the given message with the given level.</doc>
<status status="PASS" start="2024-04-15T05:12:38.865370" elapsed="0.000165"/>
</kw>
<var name="${keyTwo}">password</var>
<status status="PASS" start="2024-04-15T05:12:38.863686" elapsed="0.002063"/>
</iter>
<var>${keyTwo}</var>
<value>@{expected_keysTwo}</value>
<status status="PASS" start="2024-04-15T05:12:38.861455" elapsed="0.004415"/>
</for>
<status status="PASS" start="2024-04-15T05:12:38.560065" elapsed="0.305946"/>
</kw>
<doc>Testa a estrutura da resposta da API.</doc>
<tag>testeEstruturaResposta</tag>
<status status="PASS" start="2024-04-15T05:12:38.559528" elapsed="0.306648"/>
</test>
<test id="s1-s1-t4" name="Validar tipos de dados" line="28">
<kw name="Teste de Tipos de Dados" owner="random-user-service">
<kw name="GET On Session" owner="RequestsLibrary">
<msg time="2024-04-15T05:12:38.962708" level="INFO">GET Request : url=https://randomuser.me/api 
 path_url=/api 
 headers={'User-Agent': 'python-requests/2.31.0', 'Accept-Encoding': 'gzip, deflate', 'Accept': '*/*', 'Connection': 'keep-alive'} 
 body=None 
 </msg>
<msg time="2024-04-15T05:12:38.962811" level="INFO">GET Response : url=https://randomuser.me/api 
 status=200, reason=OK 
 headers={'Date': 'Mon, 15 Apr 2024 05:12:38 GMT', 'Content-Type': 'application/json; charset=utf-8', 'Transfer-Encoding': 'chunked', 'Connection': 'keep-alive', 'X-Powered-By': 'Express', 'Access-Control-Allow-Origin': '*', 'Cache-Control': 'no-cache', 'ETag': 'W/"487-tyHqSMAvVDNHOm+7stauNjSCfSk"', 'Vary': 'Accept-Encoding', 'Content-Encoding': 'gzip', 'CF-Cache-Status': 'DYNAMIC', 'Report-To': '{"endpoints":[{"url":"https:\\/\\/a.nel.cloudflare.com\\/report\\/v4?s=s1u8z%2BUTQbiaYYZs0z%2Bmmkp0h7uTTH1Fypxlomuqf8Ze0YisNqKNLaz5SHobjQoEDRqfno8b7aSHv4cUVZXojPDBddl%2BvtEoiE4skZ1eoYDyMc4p97ura9%2BIqHrY%2F0aE"}],"group":"cf-nel","max_age":604800}', 'NEL': '{"success_fraction":0,"report_to":"cf-nel","max_age":604800}', 'Server': 'cloudflare', 'CF-RAY': '8749711af80d6432-SJC', 'alt-svc': 'h3=":443"; ma=86400'} 
 body={"results":[{"gender":"female","name":{"title":"Miss","first":"Ülkü","last":"Yetkiner"},"location":{"street":{"number":1601,"name":"Doktorlar Cd"},"city":"Isparta","state":"Sakarya","country":"Turkey","postcode":40617,"coordinates":{"latitude":"71.7708","longitude":"157.9044"},"timezone":{"offset":"-7:00","description":"Mountain Time (US &amp; Canada)"}},"email":"ulku.yetkiner@example.com","login":{"uuid":"dd03226a-52f0-485a-9475-98fe243157dd","username":"goldenmeercat584","password":"huskies","salt":"l9aIuN2r","md5":"bd6863bc3a0158a99bcd8246e8370dab","sha1":"adff1897bb11ab5c5dcf3f536ce689ae4ae79e1f","sha256":"341fb006bb2f380efbe620cf8fc4cca74ebe70387b87a7f8b8cbcd52460ae6b5"},"dob":{"date":"1998-03-13T19:19:46.648Z","age":26},"registered":{"date":"2020-03-05T23:38:45.469Z","age":4},"phone":"(221)-348-8615","cell":"(359)-078-4478","id":{"name":"","value":null},"picture":{"large":"https://randomuser.me/api/portraits/women/16.jpg","medium":"https://randomuser.me/api/portraits/med/women/16.jpg","thumbnail":"https://randomuser.me/api/portraits/thumb/women/16.jpg"},"nat":"TR"}],"info":{"seed":"aaca6ed20634cc6a","results":1,"page":1,"version":"1.4"}} 
 </msg>
<msg time="2024-04-15T05:12:38.962886" level="INFO">/opt/hostedtoolcache/Python/3.12.2/x64/lib/python3.12/site-packages/urllib3/connectionpool.py:1103: InsecureRequestWarning: Unverified HTTPS request is being made to host 'randomuser.me'. Adding certificate verification is strongly advised. See: https://urllib3.readthedocs.io/en/latest/advanced-usage.html#tls-warnings
  warnings.warn(</msg>
<msg time="2024-04-15T05:12:38.963009" level="INFO">${response} = &lt;Response [200]&gt;</msg>
<var>${response}</var>
<arg>consultarAPI</arg>
<arg>/api</arg>
<doc>Sends a GET request on a previously created HTTP Session.</doc>
<status status="PASS" start="2024-04-15T05:12:38.868661" elapsed="0.094373"/>
</kw>
<kw name="Set Variable" owner="BuiltIn">
<msg time="2024-04-15T05:12:38.964192" level="INFO">${json_data} = {'results': [{'gender': 'female', 'name': {'title': 'Miss', 'first': 'Ülkü', 'last': 'Yetkiner'}, 'location': {'street': {'number': 1601, 'name': 'Doktorlar Cd'}, 'city': 'Isparta', 'state': 'Sakarya'...</msg>
<var>${json_data}</var>
<arg>${response.json()}</arg>
<doc>Returns the given values which can then be assigned to a variables.</doc>
<status status="PASS" start="2024-04-15T05:12:38.963608" elapsed="0.000616"/>
</kw>
<kw name="Log" owner="BuiltIn">
<msg time="2024-04-15T05:12:38.964723" level="INFO">{'results': [{'gender': 'female', 'name': {'title': 'Miss', 'first': 'Ülkü', 'last': 'Yetkiner'}, 'location': {'street': {'number': 1601, 'name': 'Doktorlar Cd'}, 'city': 'Isparta', 'state': 'Sakarya', 'country': 'Turkey', 'postcode': 40617, 'coordinates': {'latitude': '71.7708', 'longitude': '157.9044'}, 'timezone': {'offset': '-7:00', 'description': 'Mountain Time (US &amp; Canada)'}}, 'email': 'ulku.yetkiner@example.com', 'login': {'uuid': 'dd03226a-52f0-485a-9475-98fe243157dd', 'username': 'goldenmeercat584', 'password': 'huskies', 'salt': 'l9aIuN2r', 'md5': 'bd6863bc3a0158a99bcd8246e8370dab', 'sha1': 'adff1897bb11ab5c5dcf3f536ce689ae4ae79e1f', 'sha256': '341fb006bb2f380efbe620cf8fc4cca74ebe70387b87a7f8b8cbcd52460ae6b5'}, 'dob': {'date': '1998-03-13T19:19:46.648Z', 'age': 26}, 'registered': {'date': '2020-03-05T23:38:45.469Z', 'age': 4}, 'phone': '(221)-348-8615', 'cell': '(359)-078-4478', 'id': {'name': '', 'value': None}, 'picture': {'large': 'https://randomuser.me/api/portraits/women/16.jpg', 'medium': 'https://randomuser.me/api/portraits/med/women/16.jpg', 'thumbnail': 'https://randomuser.me/api/portraits/thumb/women/16.jpg'}, 'nat': 'TR'}], 'info': {'seed': 'aaca6ed20634cc6a', 'results': 1, 'page': 1, 'version': '1.4'}}</msg>
<arg>${json_data}</arg>
<doc>Logs the given message with the given level.</doc>
<status status="PASS" start="2024-04-15T05:12:38.964558" elapsed="0.000255"/>
</kw>
<kw name="Should Be String" owner="String">
<arg>${json_data['results'][0]['gender']}</arg>
<doc>Fails if the given ``item`` is not a string.</doc>
<status status="PASS" start="2024-04-15T05:12:38.965113" elapsed="0.000367"/>
</kw>
<kw name="Should Match Regexp" owner="BuiltIn">
<arg>${json_data['results'][0]['email']}</arg>
<arg>^[a-zA-Z0-9._%+-]+@[a-zA-Z0-9.-]+\.[a-zA-Z]{2,}$</arg>
<doc>Fails if ``string`` does not match ``pattern`` as a regular expression.</doc>
<status status="PASS" start="2024-04-15T05:12:38.965671" elapsed="0.000518"/>
</kw>
<kw name="Should Match Regexp" owner="BuiltIn">
<arg>${json_data['results'][0]['dob']['date']}</arg>
<arg>\\d{4}-\\d{2}-\\d{2}T\\d{2}:\\d{2}:\\d{2}\\.\\d{3}Z</arg>
<doc>Fails if ``string`` does not match ``pattern`` as a regular expression.</doc>
<status status="PASS" start="2024-04-15T05:12:38.966387" elapsed="0.000469"/>
</kw>
<kw name="Should Match Regexp" owner="BuiltIn">
<arg>${json_data['results'][0]['registered']['date']}</arg>
<arg>\\d{4}-\\d{2}-\\d{2}T\\d{2}:\\d{2}:\\d{2}\\.\\d{3}Z</arg>
<doc>Fails if ``string`` does not match ``pattern`` as a regular expression.</doc>
<status status="PASS" start="2024-04-15T05:12:38.967046" elapsed="0.000369"/>
</kw>
<kw name="Should Match Regexp" owner="BuiltIn">
<arg>${json_data['results'][0]['picture']['large']}</arg>
<arg>^https?://.*\.(?:png|jpe?g|gif|bmp)$</arg>
<doc>Fails if ``string`` does not match ``pattern`` as a regular expression.</doc>
<status status="PASS" start="2024-04-15T05:12:38.967603" elapsed="0.000499"/>
</kw>
<kw name="Should Match Regexp" owner="BuiltIn">
<arg>${json_data['results'][0]['picture']['medium']}</arg>
<arg>^https?://.*\.(?:png|jpe?g|gif|bmp)$</arg>
<doc>Fails if ``string`` does not match ``pattern`` as a regular expression.</doc>
<status status="PASS" start="2024-04-15T05:12:38.968291" elapsed="0.000350"/>
</kw>
<kw name="Should Match Regexp" owner="BuiltIn">
<arg>${json_data['results'][0]['picture']['thumbnail']}</arg>
<arg>^https?://.*\.(?:png|jpe?g|gif|bmp)$</arg>
<doc>Fails if ``string`` does not match ``pattern`` as a regular expression.</doc>
<status status="PASS" start="2024-04-15T05:12:38.968831" elapsed="0.000351"/>
</kw>
<kw name="Log" owner="BuiltIn">
<msg time="2024-04-15T05:12:38.969702" level="INFO">{'large': 'https://randomuser.me/api/portraits/women/16.jpg', 'medium': 'https://randomuser.me/api/portraits/med/women/16.jpg', 'thumbnail': 'https://randomuser.me/api/portraits/thumb/women/16.jpg'}</msg>
<arg>${json_data['results'][0]['picture']}</arg>
<doc>Logs the given message with the given level.</doc>
<status status="PASS" start="2024-04-15T05:12:38.969371" elapsed="0.000373"/>
</kw>
<status status="PASS" start="2024-04-15T05:12:38.868423" elapsed="0.101613"/>
</kw>
<kw name="Teste de Tipos de Dados - Postcode" owner="random-user-service">
<kw name="GET On Session" owner="RequestsLibrary">
<msg time="2024-04-15T05:12:39.057751" level="INFO">GET Request : url=https://randomuser.me/api 
 path_url=/api 
 headers={'User-Agent': 'python-requests/2.31.0', 'Accept-Encoding': 'gzip, deflate', 'Accept': '*/*', 'Connection': 'keep-alive'} 
 body=None 
 </msg>
<msg time="2024-04-15T05:12:39.057851" level="INFO">GET Response : url=https://randomuser.me/api 
 status=200, reason=OK 
 headers={'Date': 'Mon, 15 Apr 2024 05:12:39 GMT', 'Content-Type': 'application/json; charset=utf-8', 'Transfer-Encoding': 'chunked', 'Connection': 'keep-alive', 'X-Powered-By': 'Express', 'Access-Control-Allow-Origin': '*', 'Cache-Control': 'no-cache', 'ETag': 'W/"49b-5/9MJPNueAjPkEwD+KuvNvl9pLU"', 'Vary': 'Accept-Encoding', 'Content-Encoding': 'gzip', 'CF-Cache-Status': 'DYNAMIC', 'Report-To': '{"endpoints":[{"url":"https:\\/\\/a.nel.cloudflare.com\\/report\\/v4?s=FtvukIefSdWcFh0rc0UjBQT70pNDgPPk7WmLuoEp3QQWx%2FJzMA7arhC%2FLbFeljG1Wr2S2ORER451gGM0Dsntll8e4Z2G%2Fo18QrFDJYvHwYq2OC8gaaYeYRqWpj0ldLTi"}],"group":"cf-nel","max_age":604800}', 'NEL': '{"success_fraction":0,"report_to":"cf-nel","max_age":604800}', 'Server': 'cloudflare', 'CF-RAY': '8749711b98c36432-SJC', 'alt-svc': 'h3=":443"; ma=86400'} 
 body={"results":[{"gender":"male","name":{"title":"Mr","first":"Maël","last":"Marchand"},"location":{"street":{"number":3400,"name":"Rue de la Mairie"},"city":"Dijon","state":"Aveyron","country":"France","postcode":15308,"coordinates":{"latitude":"-18.2648","longitude":"-46.6203"},"timezone":{"offset":"+11:00","description":"Magadan, Solomon Islands, New Caledonia"}},"email":"mael.marchand@example.com","login":{"uuid":"a9f5a510-37a0-40af-85ea-f6015cf54562","username":"tinymouse987","password":"elwood","salt":"nDObdO7G","md5":"d712455a6eab760c58562c119f3a9aff","sha1":"80fc311e21e010e23f743d8a71f29adec09e7ad3","sha256":"3dc2f4d9cd4176820e59b5b1ae784e3688c08cd916e05b1af4e70aaf2f31de89"},"dob":{"date":"1967-01-01T13:46:50.101Z","age":57},"registered":{"date":"2003-01-15T03:46:10.738Z","age":21},"phone":"02-89-32-34-19","cell":"06-93-77-55-45","id":{"name":"INSEE","value":"1670084480716 41"},"picture":{"large":"https://randomuser.me/api/portraits/men/11.jpg","medium":"https://randomuser.me/api/portraits/med/men/11.jpg","thumbnail":"https://randomuser.me/api/portraits/thumb/men/11.jpg"},"nat":"FR"}],"info":{"seed":"fef629962e704c3b","results":1,"page":1,"version":"1.4"}} 
 </msg>
<msg time="2024-04-15T05:12:39.057925" level="INFO">/opt/hostedtoolcache/Python/3.12.2/x64/lib/python3.12/site-packages/urllib3/connectionpool.py:1103: InsecureRequestWarning: Unverified HTTPS request is being made to host 'randomuser.me'. Adding certificate verification is strongly advised. See: https://urllib3.readthedocs.io/en/latest/advanced-usage.html#tls-warnings
  warnings.warn(</msg>
<msg time="2024-04-15T05:12:39.058048" level="INFO">${response} = &lt;Response [200]&gt;</msg>
<var>${response}</var>
<arg>consultarAPI</arg>
<arg>/api</arg>
<doc>Sends a GET request on a previously created HTTP Session.</doc>
<status status="PASS" start="2024-04-15T05:12:38.970576" elapsed="0.087500"/>
</kw>
<kw name="Set Variable" owner="BuiltIn">
<msg time="2024-04-15T05:12:39.059161" level="INFO">${json_data} = {'results': [{'gender': 'male', 'name': {'title': 'Mr', 'first': 'Maël', 'last': 'Marchand'}, 'location': {'street': {'number': 3400, 'name': 'Rue de la Mairie'}, 'city': 'Dijon', 'state': 'Aveyron', ...</msg>
<var>${json_data}</var>
<arg>${response.json()}</arg>
<doc>Returns the given values which can then be assigned to a variables.</doc>
<status status="PASS" start="2024-04-15T05:12:39.058635" elapsed="0.000556"/>
</kw>
<kw name="Log" owner="BuiltIn">
<msg time="2024-04-15T05:12:39.059670" level="INFO">{'results': [{'gender': 'male', 'name': {'title': 'Mr', 'first': 'Maël', 'last': 'Marchand'}, 'location': {'street': {'number': 3400, 'name': 'Rue de la Mairie'}, 'city': 'Dijon', 'state': 'Aveyron', 'country': 'France', 'postcode': 15308, 'coordinates': {'latitude': '-18.2648', 'longitude': '-46.6203'}, 'timezone': {'offset': '+11:00', 'description': 'Magadan, Solomon Islands, New Caledonia'}}, 'email': 'mael.marchand@example.com', 'login': {'uuid': 'a9f5a510-37a0-40af-85ea-f6015cf54562', 'username': 'tinymouse987', 'password': 'elwood', 'salt': 'nDObdO7G', 'md5': 'd712455a6eab760c58562c119f3a9aff', 'sha1': '80fc311e21e010e23f743d8a71f29adec09e7ad3', 'sha256': '3dc2f4d9cd4176820e59b5b1ae784e3688c08cd916e05b1af4e70aaf2f31de89'}, 'dob': {'date': '1967-01-01T13:46:50.101Z', 'age': 57}, 'registered': {'date': '2003-01-15T03:46:10.738Z', 'age': 21}, 'phone': '02-89-32-34-19', 'cell': '06-93-77-55-45', 'id': {'name': 'INSEE', 'value': '1670084480716 41'}, 'picture': {'large': 'https://randomuser.me/api/portraits/men/11.jpg', 'medium': 'https://randomuser.me/api/portraits/med/men/11.jpg', 'thumbnail': 'https://randomuser.me/api/portraits/thumb/men/11.jpg'}, 'nat': 'FR'}], 'info': {'seed': 'fef629962e704c3b', 'results': 1, 'page': 1, 'version': '1.4'}}</msg>
<arg>${json_data}</arg>
<doc>Logs the given message with the given level.</doc>
<status status="PASS" start="2024-04-15T05:12:39.059504" elapsed="0.000253"/>
</kw>
<kw name="Should Be Equal As Numbers" owner="BuiltIn">
<arg>${json_data['results'][0]['location']['postcode']}</arg>
<arg>${json_data['results'][0]['location']['postcode']}</arg>
<doc>Fails if objects are unequal after converting them to real numbers.</doc>
<status status="PASS" start="2024-04-15T05:12:39.060105" elapsed="0.000809"/>
</kw>
<kw name="Log" owner="BuiltIn">
<msg time="2024-04-15T05:12:39.061442" level="INFO">15308</msg>
<arg>${json_data['results'][0]['location']['postcode']}</arg>
<doc>Logs the given message with the given level.</doc>
<status status="PASS" start="2024-04-15T05:12:39.061107" elapsed="0.000375"/>
</kw>
<status status="PASS" start="2024-04-15T05:12:38.970329" elapsed="0.091409"/>
</kw>
<doc>Testa se os tipos de dados na resposta da API estão corretos.</doc>
<tag>testeTiposDados</tag>
<status status="PASS" start="2024-04-15T05:12:38.867945" elapsed="0.193964"/>
</test>
<test id="s1-s1-t5" name="Validar conteudo" line="35">
<kw name="Teste de Tipos de Conteudo" owner="random-user-service">
<kw name="GET On Session" owner="RequestsLibrary">
<msg time="2024-04-15T05:12:39.160548" level="INFO">GET Request : url=https://randomuser.me/api 
 path_url=/api 
 headers={'User-Agent': 'python-requests/2.31.0', 'Accept-Encoding': 'gzip, deflate', 'Accept': '*/*', 'Connection': 'keep-alive'} 
 body=None 
 </msg>
<msg time="2024-04-15T05:12:39.160667" level="INFO">GET Response : url=https://randomuser.me/api 
 status=200, reason=OK 
 headers={'Date': 'Mon, 15 Apr 2024 05:12:39 GMT', 'Content-Type': 'application/json; charset=utf-8', 'Transfer-Encoding': 'chunked', 'Connection': 'keep-alive', 'X-Powered-By': 'Express', 'Access-Control-Allow-Origin': '*', 'Cache-Control': 'no-cache', 'ETag': 'W/"49d-8ReAN1VjhhEfAiWGy7tjaJwJEb0"', 'Vary': 'Accept-Encoding', 'Content-Encoding': 'gzip', 'CF-Cache-Status': 'DYNAMIC', 'Report-To': '{"endpoints":[{"url":"https:\\/\\/a.nel.cloudflare.com\\/report\\/v4?s=YcopAyWkG1oWTzjXhZmm1mP8%2BGQ1Hv4KD6ZkVDOXe9S59XU5xjNcVoc%2BWXcQn3Nx9dD2Fy%2FB9MzEbdjs2Tu2WeO%2FbjCzP6bmS9nudRW%2FcXbjyPJEwkpnkT6kX%2FFpQWML"}],"group":"cf-nel","max_age":604800}', 'NEL': '{"success_fraction":0,"report_to":"cf-nel","max_age":604800}', 'Server': 'cloudflare', 'CF-RAY': '8749711c39416432-SJC', 'alt-svc': 'h3=":443"; ma=86400'} 
 body={"results":[{"gender":"female","name":{"title":"Miss","first":"Julija","last":"Obradović"},"location":{"street":{"number":4327,"name":"Milana Mijalkovića"},"city":"Čačak","state":"South Bačka","country":"Serbia","postcode":41222,"coordinates":{"latitude":"63.4863","longitude":"35.3153"},"timezone":{"offset":"-1:00","description":"Azores, Cape Verde Islands"}},"email":"julija.obradovic@example.com","login":{"uuid":"5736682c-5d4f-49c7-9a7d-9e338c46a6f7","username":"ticklishmeercat939","password":"japan","salt":"1q8JWELP","md5":"4416c3c7deae7847f1b32fc9f14432d9","sha1":"f697a955765463726e31a428905d766722c3f164","sha256":"baae773779b6bfbc1e618872b90ebad4ff96db0ecfa6b04dc37b3565324814d3"},"dob":{"date":"1956-05-22T01:17:54.065Z","age":67},"registered":{"date":"2006-03-31T12:06:23.169Z","age":18},"phone":"033-3639-421","cell":"065-4019-156","id":{"name":"SID","value":"689298276"},"picture":{"large":"https://randomuser.me/api/portraits/women/54.jpg","medium":"https://randomuser.me/api/portraits/med/women/54.jpg","thumbnail":"https://randomuser.me/api/portraits/thumb/women/54.jpg"},"nat":"RS"}],"info":{"seed":"bc32af8ef499b229","results":1,"page":1,"version":"1.4"}} 
 </msg>
<msg time="2024-04-15T05:12:39.160761" level="INFO">/opt/hostedtoolcache/Python/3.12.2/x64/lib/python3.12/site-packages/urllib3/connectionpool.py:1103: InsecureRequestWarning: Unverified HTTPS request is being made to host 'randomuser.me'. Adding certificate verification is strongly advised. See: https://urllib3.readthedocs.io/en/latest/advanced-usage.html#tls-warnings
  warnings.warn(</msg>
<msg time="2024-04-15T05:12:39.160899" level="INFO">${response} = &lt;Response [200]&gt;</msg>
<var>${response}</var>
<arg>consultarAPI</arg>
<arg>/api</arg>
<doc>Sends a GET request on a previously created HTTP Session.</doc>
<status status="PASS" start="2024-04-15T05:12:39.064847" elapsed="0.096080"/>
</kw>
<kw name="Set Variable" owner="BuiltIn">
<msg time="2024-04-15T05:12:39.162063" level="INFO">${json_data} = {'results': [{'gender': 'female', 'name': {'title': 'Miss', 'first': 'Julija', 'last': 'Obradović'}, 'location': {'street': {'number': 4327, 'name': 'Milana Mijalkovića'}, 'city': 'Čačak', 'state': 'S...</msg>
<var>${json_data}</var>
<arg>${response.json()}</arg>
<doc>Returns the given values which can then be assigned to a variables.</doc>
<status status="PASS" start="2024-04-15T05:12:39.161527" elapsed="0.000566"/>
</kw>
<kw name="Set Variable" owner="BuiltIn">
<msg time="2024-04-15T05:12:39.162798" level="INFO">${name_title} = Miss</msg>
<var>${name_title}</var>
<arg>${json_data["results"][0]["name"]["title"]}</arg>
<doc>Returns the given values which can then be assigned to a variables.</doc>
<status status="PASS" start="2024-04-15T05:12:39.162406" elapsed="0.000418"/>
</kw>
<kw name="Create List" owner="BuiltIn">
<msg time="2024-04-15T05:12:39.163273" level="INFO">${allowed_titles} = ['Mr', 'Ms', 'Miss', 'Mrs', 'Madame', 'Monsieur']</msg>
<var>${allowed_titles}</var>
<arg>Mr</arg>
<arg>Ms</arg>
<arg>Miss</arg>
<arg>Mrs</arg>
<arg>Madame</arg>
<arg>Monsieur</arg>
<doc>Returns a list containing given items.</doc>
<status status="PASS" start="2024-04-15T05:12:39.163124" elapsed="0.000173"/>
</kw>
<kw name="List Should Contain Value" owner="Collections">
<msg time="2024-04-15T05:12:39.163819" level="INFO">False</msg>
<arg>${allowed_titles}</arg>
<arg>${name_title}</arg>
<doc>Fails if the ``value`` is not found from ``list``.</doc>
<status status="PASS" start="2024-04-15T05:12:39.163600" elapsed="0.000269"/>
</kw>
<kw name="Set Variable" owner="BuiltIn">
<msg time="2024-04-15T05:12:39.164565" level="INFO">${name_country} = RS</msg>
<var>${name_country}</var>
<arg>${json_data["results"][0]["nat"]}</arg>
<doc>Returns the given values which can then be assigned to a variables.</doc>
<status status="PASS" start="2024-04-15T05:12:39.164172" elapsed="0.000428"/>
</kw>
<kw name="Create List" owner="BuiltIn">
<msg time="2024-04-15T05:12:39.165661" level="INFO">${list_country} = ['AD', 'AE', 'AF', 'AG', 'AI', 'AL', 'AM', 'AO', 'AQ', 'AR', 'AS', 'AT', 'AU', 'AW', 'AX', 'AZ', 'BA', 'BB', 'BD', 'BE', 'BF', 'BG', 'BH', 'BI', 'BJ', 'BL', 'BM', 'BN', 'BO', 'BQ', 'BR', 'BS', 'BT', '...</msg>
<var>${list_country}</var>
<arg>AD</arg>
<arg>AE</arg>
<arg>AF</arg>
<arg>AG</arg>
<arg>AI</arg>
<arg>AL</arg>
<arg>AM</arg>
<arg>AO</arg>
<arg>AQ</arg>
<arg>AR</arg>
<arg>AS</arg>
<arg>AT</arg>
<arg>AU</arg>
<arg>AW</arg>
<arg>AX</arg>
<arg>AZ</arg>
<arg>BA</arg>
<arg>BB</arg>
<arg>BD</arg>
<arg>BE</arg>
<arg>BF</arg>
<arg>BG</arg>
<arg>BH</arg>
<arg>BI</arg>
<arg>BJ</arg>
<arg>BL</arg>
<arg>BM</arg>
<arg>BN</arg>
<arg>BO</arg>
<arg>BQ</arg>
<arg>BR</arg>
<arg>BS</arg>
<arg>BT</arg>
<arg>BV</arg>
<arg>BW</arg>
<arg>BY</arg>
<arg>BZ</arg>
<arg>CA</arg>
<arg>CC</arg>
<arg>CD</arg>
<arg>CF</arg>
<arg>CG</arg>
<arg>CH</arg>
<arg>CI</arg>
<arg>CK</arg>
<arg>CL</arg>
<arg>CM</arg>
<arg>CN</arg>
<arg>CO</arg>
<arg>CR</arg>
<arg>CU</arg>
<arg>CV</arg>
<arg>CW</arg>
<arg>CX</arg>
<arg>CY</arg>
<arg>CZ</arg>
<arg>DE</arg>
<arg>DJ</arg>
<arg>DK</arg>
<arg>DM</arg>
<arg>DO</arg>
<arg>DZ</arg>
<arg>EC</arg>
<arg>EE</arg>
<arg>EG</arg>
<arg>EH</arg>
<arg>ER</arg>
<arg>ES</arg>
<arg>ET</arg>
<arg>FI</arg>
<arg>FJ</arg>
<arg>FK</arg>
<arg>FM</arg>
<arg>FO</arg>
<arg>FR</arg>
<arg>GA</arg>
<arg>GB</arg>
<arg>GD</arg>
<arg>GE</arg>
<arg>GF</arg>
<arg>GG</arg>
<arg>GH</arg>
<arg>GI</arg>
<arg>GL</arg>
<arg>GM</arg>
<arg>GN</arg>
<arg>GP</arg>
<arg>GQ</arg>
<arg>GR</arg>
<arg>GS</arg>
<arg>GT</arg>
<arg>GU</arg>
<arg>GW</arg>
<arg>GY</arg>
<arg>HK</arg>
<arg>HM</arg>
<arg>HN</arg>
<arg>HR</arg>
<arg>HT</arg>
<arg>HU</arg>
<arg>ID</arg>
<arg>IE</arg>
<arg>IL</arg>
<arg>IM</arg>
<arg>IN</arg>
<arg>IO</arg>
<arg>IQ</arg>
<arg>IR</arg>
<arg>IS</arg>
<arg>IT</arg>
<arg>JE</arg>
<arg>JM</arg>
<arg>JO</arg>
<arg>JP</arg>
<arg>KE</arg>
<arg>KG</arg>
<arg>KH</arg>
<arg>KI</arg>
<arg>KM</arg>
<arg>KN</arg>
<arg>KP</arg>
<arg>KR</arg>
<arg>KW</arg>
<arg>KY</arg>
<arg>KZ</arg>
<arg>LA</arg>
<arg>LB</arg>
<arg>LC</arg>
<arg>LI</arg>
<arg>LK</arg>
<arg>LR</arg>
<arg>LS</arg>
<arg>LT</arg>
<arg>LU</arg>
<arg>LV</arg>
<arg>LY</arg>
<arg>MA</arg>
<arg>MC</arg>
<arg>MD</arg>
<arg>ME</arg>
<arg>MF</arg>
<arg>MG</arg>
<arg>MH</arg>
<arg>MK</arg>
<arg>ML</arg>
<arg>MM</arg>
<arg>MN</arg>
<arg>MO</arg>
<arg>MP</arg>
<arg>MQ</arg>
<arg>MR</arg>
<arg>MS</arg>
<arg>MT</arg>
<arg>MU</arg>
<arg>MV</arg>
<arg>MW</arg>
<arg>MX</arg>
<arg>MY</arg>
<arg>MZ</arg>
<arg>NA</arg>
<arg>NC</arg>
<arg>NE</arg>
<arg>NF</arg>
<arg>NG</arg>
<arg>NI</arg>
<arg>NL</arg>
<arg>NO</arg>
<arg>NP</arg>
<arg>NR</arg>
<arg>NU</arg>
<arg>NZ</arg>
<arg>OM</arg>
<arg>PA</arg>
<arg>PE</arg>
<arg>PF</arg>
<arg>PG</arg>
<arg>PH</arg>
<arg>PK</arg>
<arg>PL</arg>
<arg>PM</arg>
<arg>PN</arg>
<arg>PR</arg>
<arg>PS</arg>
<arg>PT</arg>
<arg>PW</arg>
<arg>PY</arg>
<arg>QA</arg>
<arg>RE</arg>
<arg>RO</arg>
<arg>RS</arg>
<arg>RU</arg>
<arg>RW</arg>
<arg>SA</arg>
<arg>SB</arg>
<arg>SC</arg>
<arg>SD</arg>
<arg>SE</arg>
<arg>SG</arg>
<arg>SH</arg>
<arg>SI</arg>
<arg>SJ</arg>
<arg>SK</arg>
<arg>SL</arg>
<arg>SM</arg>
<arg>SN</arg>
<arg>SO</arg>
<arg>SR</arg>
<arg>SS</arg>
<arg>ST</arg>
<arg>SV</arg>
<arg>SX</arg>
<arg>SY</arg>
<arg>SZ</arg>
<arg>TC</arg>
<arg>TD</arg>
<arg>TF</arg>
<arg>TG</arg>
<arg>TH</arg>
<arg>TJ</arg>
<arg>TK</arg>
<arg>TL</arg>
<arg>TM</arg>
<arg>TN</arg>
<arg>TO</arg>
<arg>TR</arg>
<arg>TT</arg>
<arg>TV</arg>
<arg>TW</arg>
<arg>TZ</arg>
<arg>UA</arg>
<arg>UG</arg>
<arg>UM</arg>
<arg>US</arg>
<arg>UY</arg>
<arg>UZ</arg>
<arg>VA</arg>
<arg>VC</arg>
<arg>VE</arg>
<arg>VG</arg>
<arg>VI</arg>
<arg>VN</arg>
<arg>VU</arg>
<arg>WF</arg>
<arg>WS</arg>
<arg>XK</arg>
<arg>YE</arg>
<arg>YT</arg>
<arg>ZA</arg>
<arg>ZM</arg>
<arg>ZW</arg>
<doc>Returns a list containing given items.</doc>
<status status="PASS" start="2024-04-15T05:12:39.165010" elapsed="0.000676"/>
</kw>
<kw name="List Should Contain Value" owner="Collections">
<msg time="2024-04-15T05:12:39.166684" level="INFO">False</msg>
<arg>${list_country}</arg>
<arg>${name_country}</arg>
<doc>Fails if the ``value`` is not found from ``list``.</doc>
<status status="PASS" start="2024-04-15T05:12:39.166473" elapsed="0.000249"/>
</kw>
<kw name="Run Keyword If" owner="BuiltIn">
<kw name="Should Be True" owner="BuiltIn">
<arg>${True}</arg>
<doc>Fails if the given condition is not true.</doc>
<status status="PASS" start="2024-04-15T05:12:39.167835" elapsed="0.000155"/>
</kw>
<arg>${json_data["results"][0]["location"]["coordinates"]["latitude"]} &gt;= -90 and ${json_data["results"][0]["location"]["coordinates"]["latitude"]} &lt;= 90</arg>
<arg>Should Be True</arg>
<arg>${True}</arg>
<doc>Runs the given keyword with the given arguments, if ``condition`` is true.</doc>
<status status="PASS" start="2024-04-15T05:12:39.167038" elapsed="0.001086"/>
</kw>
<kw name="Run Keyword If" owner="BuiltIn">
<kw name="Should Be True" owner="BuiltIn">
<arg>${True}</arg>
<doc>Fails if the given condition is not true.</doc>
<status status="PASS" start="2024-04-15T05:12:39.169015" elapsed="0.000274"/>
</kw>
<arg>${json_data["results"][0]["location"]["coordinates"]["longitude"]} &gt;= -180 and ${json_data["results"][0]["location"]["coordinates"]["longitude"]} &lt;= 180</arg>
<arg>Should Be True</arg>
<arg>${True}</arg>
<doc>Runs the given keyword with the given arguments, if ``condition`` is true.</doc>
<status status="PASS" start="2024-04-15T05:12:39.168313" elapsed="0.001106"/>
</kw>
<status status="PASS" start="2024-04-15T05:12:39.064467" elapsed="0.105088"/>
</kw>
<doc>Testa o conteúdo específico dos campos retornados pela API.</doc>
<tag>testeConteudo</tag>
<status status="PASS" start="2024-04-15T05:12:39.063741" elapsed="0.105979"/>
</test>
<status status="PASS" start="2024-04-15T05:12:37.935108" elapsed="1.236617"/>
</suite>
<status status="PASS" start="2024-04-15T05:12:37.920795" elapsed="1.256450"/>
</suite>
<statistics>
<total>
<stat pass="5" fail="0" skip="0">All Tests</stat>
</total>
<tag>
<stat pass="1" fail="0" skip="0">testeConteudo</stat>
<stat pass="1" fail="0" skip="0">testeEstruturaResposta</stat>
<stat pass="1" fail="0" skip="0">testeRequisicaoBasica</stat>
<stat pass="1" fail="0" skip="0">testeTiposDados</stat>
</tag>
<suite>
<stat pass="5" fail="0" skip="0" id="s1" name="Tests">Tests</stat>
<stat pass="5" fail="0" skip="0" id="s1-s1" name="Random-User-Test">Tests.Random-User-Test</stat>
</suite>
</statistics>
<errors>
</errors>
</robot>
