<?xml version="1.0" encoding="UTF-8"?>
<robot generator="Robot 7.0 (Python 3.12.3 on linux)" generated="2024-05-30T23:15:19.796227" rpa="false" schemaversion="5">
<suite id="s1" name="Tests" source="/home/runner/work/ApiRandomUser/ApiRandomUser/RamdonUser/tests">
<suite id="s1-s1" name="Random-User-Test" source="/home/runner/work/ApiRandomUser/ApiRandomUser/RamdonUser/tests/random-user-test.robot">
<test id="s1-s1-t1" name="Conectar" line="13">
<kw name="Conectar API" owner="random-user-service">
<kw name="Create Session" owner="RequestsLibrary">
<msg time="2024-05-30T23:15:20.177218" level="INFO">Creating Session using : alias=consultarAPI, url=https://randomuser.me/, headers={},                     cookies={}, auth=None, timeout=None, proxies=None, verify=False,                     debug=0 </msg>
<arg>consultarAPI</arg>
<arg>${URL}</arg>
<doc>Create Session: create a HTTP session to a server</doc>
<status status="PASS" start="2024-05-30T23:15:20.177012" elapsed="0.000372"/>
</kw>
<status status="PASS" start="2024-05-30T23:15:20.175993" elapsed="0.001750"/>
</kw>
<status status="PASS" start="2024-05-30T23:15:20.175460" elapsed="0.002475"/>
</test>
<test id="s1-s1-t2" name="Validar retorno 200 e JSON Válido" line="16">
<kw name="Teste de Requisicao Basica" owner="random-user-service">
<kw name="GET On Session" owner="RequestsLibrary">
<msg time="2024-05-30T23:15:20.322574" level="INFO">GET Request : url=https://randomuser.me/api 
 path_url=/api 
 headers={'User-Agent': 'python-requests/2.32.3', 'Accept-Encoding': 'gzip, deflate', 'Accept': '*/*', 'Connection': 'keep-alive'} 
 body=None 
 </msg>
<msg time="2024-05-30T23:15:20.322684" level="INFO">GET Response : url=https://randomuser.me/api 
 status=200, reason=OK 
 headers={'Date': 'Thu, 30 May 2024 23:15:20 GMT', 'Content-Type': 'application/json; charset=utf-8', 'Transfer-Encoding': 'chunked', 'Connection': 'keep-alive', 'X-Powered-By': 'Express', 'Access-Control-Allow-Origin': '*', 'Cache-Control': 'no-cache', 'ETag': 'W/"48b-3BzWSrIcahjglPqJefJ2B4D4GZ8"', 'Vary': 'Accept-Encoding', 'Content-Encoding': 'gzip', 'CF-Cache-Status': 'DYNAMIC', 'Report-To': '{"endpoints":[{"url":"https:\\/\\/a.nel.cloudflare.com\\/report\\/v4?s=jdgk6TH7vm2sLIdKAELm%2FSCxtR1OcXKsF9d9yVw6rrtW1ZY45fZgw7a1IF4QvRhE7H7Oz8Kbb8VUnuKmjhcWp%2F2cNmb6lGfUZ%2FHkFUz%2Bmnm0sVdRTK%2Fi%2FVzYYSmJ5Pc4"}],"group":"cf-nel","max_age":604800}', 'NEL': '{"success_fraction":0,"report_to":"cf-nel","max_age":604800}', 'Server': 'cloudflare', 'CF-RAY': '88c26cf37fc7102a-LAX', 'alt-svc': 'h3=":443"; ma=86400'} 
 body={"results":[{"gender":"female","name":{"title":"Mrs","first":"Donna","last":"Burke"},"location":{"street":{"number":7553,"name":"Jones Road"},"city":"Skerries","state":"Sligo","country":"Ireland","postcode":57092,"coordinates":{"latitude":"3.3714","longitude":"86.0356"},"timezone":{"offset":"-5:00","description":"Eastern Time (US &amp; Canada), Bogota, Lima"}},"email":"donna.burke@example.com","login":{"uuid":"41a4c5dc-88e0-448f-9dc7-c5ec1d8f9d52","username":"heavyrabbit384","password":"shogun","salt":"F4cqF721","md5":"be15755f7781ca1308bf650cfa59bb24","sha1":"8945ab219d504c4b918ad02c6e35c95adaea670e","sha256":"36de5f241f88d4ef01fe49d4cd9366d69eacec0945255b28b6822daf16c07694"},"dob":{"date":"1996-07-26T20:17:21.773Z","age":27},"registered":{"date":"2017-08-22T10:40:42.205Z","age":6},"phone":"071-595-8312","cell":"081-482-6462","id":{"name":"PPS","value":"3541336T"},"picture":{"large":"https://randomuser.me/api/portraits/women/11.jpg","medium":"https://randomuser.me/api/portraits/med/women/11.jpg","thumbnail":"https://randomuser.me/api/portraits/thumb/women/11.jpg"},"nat":"IE"}],"info":{"seed":"d3401fb0ee575cd0","results":1,"page":1,"version":"1.4"}} 
 </msg>
<msg time="2024-05-30T23:15:20.322759" level="INFO">/opt/hostedtoolcache/Python/3.12.3/x64/lib/python3.12/site-packages/urllib3/connectionpool.py:1103: InsecureRequestWarning: Unverified HTTPS request is being made to host 'randomuser.me'. Adding certificate verification is strongly advised. See: https://urllib3.readthedocs.io/en/latest/advanced-usage.html#tls-warnings
  warnings.warn(</msg>
<msg time="2024-05-30T23:15:20.322891" level="INFO">${response} = &lt;Response [200]&gt;</msg>
<var>${response}</var>
<arg>consultarAPI</arg>
<arg>/api</arg>
<doc>Sends a GET request on a previously created HTTP Session.</doc>
<status status="PASS" start="2024-05-30T23:15:20.180563" elapsed="0.142371"/>
</kw>
<kw name="Should Be Equal As Numbers" owner="BuiltIn">
<msg time="2024-05-30T23:15:20.323751" level="INFO">Argument types are:
&lt;class 'int'&gt;
&lt;class 'str'&gt;</msg>
<arg>${response.status_code}</arg>
<arg>200</arg>
<doc>Fails if objects are unequal after converting them to real numbers.</doc>
<status status="PASS" start="2024-05-30T23:15:20.323338" elapsed="0.000478"/>
</kw>
<kw name="Log" owner="BuiltIn">
<msg time="2024-05-30T23:15:20.324510" level="INFO">200</msg>
<arg>${response.status_code}</arg>
<doc>Logs the given message with the given level.</doc>
<status status="PASS" start="2024-05-30T23:15:20.324162" elapsed="0.000396"/>
</kw>
<kw name="Set Variable" owner="BuiltIn">
<msg time="2024-05-30T23:15:20.325306" level="INFO">${json_data} = {'results': [{'gender': 'female', 'name': {'title': 'Mrs', 'first': 'Donna', 'last': 'Burke'}, 'location': {'street': {'number': 7553, 'name': 'Jones Road'}, 'city': 'Skerries', 'state': 'Sligo', 'cou...</msg>
<var>${json_data}</var>
<arg>${response.json()}</arg>
<doc>Returns the given values which can then be assigned to a variables.</doc>
<status status="PASS" start="2024-05-30T23:15:20.324867" elapsed="0.000468"/>
</kw>
<kw name="Dictionary Should Contain Key" owner="Collections">
<msg time="2024-05-30T23:15:20.325812" level="INFO">False</msg>
<arg>${json_data}</arg>
<arg>results</arg>
<doc>Fails if ``key`` is not found from ``dictionary``.</doc>
<status status="PASS" start="2024-05-30T23:15:20.325639" elapsed="0.000375"/>
</kw>
<status status="PASS" start="2024-05-30T23:15:20.180317" elapsed="0.145974"/>
</kw>
<doc>Testa se a API responde corretamente e retorna um objeto JSON válido.</doc>
<tag>testeRequisicaoBasica</tag>
<status status="PASS" start="2024-05-30T23:15:20.179835" elapsed="0.146627"/>
</test>
<test id="s1-s1-t3" name="Validar estrutura de resposta" line="22">
<kw name="Teste de Estrutura de Resposta" owner="random-user-service">
<kw name="GET On Session" owner="RequestsLibrary">
<msg time="2024-05-30T23:15:20.430502" level="INFO">GET Request : url=https://randomuser.me/api 
 path_url=/api 
 headers={'User-Agent': 'python-requests/2.32.3', 'Accept-Encoding': 'gzip, deflate', 'Accept': '*/*', 'Connection': 'keep-alive'} 
 body=None 
 </msg>
<msg time="2024-05-30T23:15:20.430592" level="INFO">GET Response : url=https://randomuser.me/api 
 status=200, reason=OK 
 headers={'Date': 'Thu, 30 May 2024 23:15:20 GMT', 'Content-Type': 'application/json; charset=utf-8', 'Transfer-Encoding': 'chunked', 'Connection': 'keep-alive', 'X-Powered-By': 'Express', 'Access-Control-Allow-Origin': '*', 'Cache-Control': 'no-cache', 'ETag': 'W/"492-H3nYVBv2mdfIeZmhIWofG2somS4"', 'Vary': 'Accept-Encoding', 'Content-Encoding': 'gzip', 'CF-Cache-Status': 'DYNAMIC', 'Report-To': '{"endpoints":[{"url":"https:\\/\\/a.nel.cloudflare.com\\/report\\/v4?s=GA94ehiGCtcWgPqXkSsoAyB7fJye%2FiH8aNtqDgTf2eaWlNsdSZetBJyjaA9EnNWTaLGy5RB2xRF4nusAakPkJl9bStJrWiOa9d%2BNWyOtDM%2F9yQkqKWiIQBEUS5VRW7mr"}],"group":"cf-nel","max_age":604800}', 'NEL': '{"success_fraction":0,"report_to":"cf-nel","max_age":604800}', 'Server': 'cloudflare', 'CF-RAY': '88c26cf418b3102a-LAX', 'alt-svc': 'h3=":443"; ma=86400'} 
 body={"results":[{"gender":"female","name":{"title":"Ms","first":"Jasmine","last":"Novak"},"location":{"street":{"number":5943,"name":"36th Ave"},"city":"Red Rock","state":"Ontario","country":"Canada","postcode":"W0Y 9L6","coordinates":{"latitude":"-70.7880","longitude":"137.4521"},"timezone":{"offset":"-3:00","description":"Brazil, Buenos Aires, Georgetown"}},"email":"jasmine.novak@example.com","login":{"uuid":"9bf591ba-1949-4096-b273-3a53ace0aed3","username":"brownelephant674","password":"insanity","salt":"LpJaKx9k","md5":"ccffc599940409311baa35ea5ebe0697","sha1":"9b21db11d1aa6202e56aad066fa42f153df8fba8","sha256":"4e5bcdd68ffbd95a42109792d11d75a4b49eb3548929035e99093d9ca63f5fb8"},"dob":{"date":"1964-01-05T13:03:23.262Z","age":60},"registered":{"date":"2006-04-08T01:33:55.312Z","age":18},"phone":"U90 R98-2252","cell":"W70 W38-3705","id":{"name":"SIN","value":"934065897"},"picture":{"large":"https://randomuser.me/api/portraits/women/66.jpg","medium":"https://randomuser.me/api/portraits/med/women/66.jpg","thumbnail":"https://randomuser.me/api/portraits/thumb/women/66.jpg"},"nat":"CA"}],"info":{"seed":"cdb3140c43badc1b","results":1,"page":1,"version":"1.4"}} 
 </msg>
<msg time="2024-05-30T23:15:20.430720" level="INFO">/opt/hostedtoolcache/Python/3.12.3/x64/lib/python3.12/site-packages/urllib3/connectionpool.py:1103: InsecureRequestWarning: Unverified HTTPS request is being made to host 'randomuser.me'. Adding certificate verification is strongly advised. See: https://urllib3.readthedocs.io/en/latest/advanced-usage.html#tls-warnings
  warnings.warn(</msg>
<msg time="2024-05-30T23:15:20.430838" level="INFO">${response} = &lt;Response [200]&gt;</msg>
<var>${response}</var>
<arg>consultarAPI</arg>
<arg>/api</arg>
<doc>Sends a GET request on a previously created HTTP Session.</doc>
<status status="PASS" start="2024-05-30T23:15:20.328984" elapsed="0.101895"/>
</kw>
<kw name="Set Variable" owner="BuiltIn">
<msg time="2024-05-30T23:15:20.431755" level="INFO">${json_data} = {'results': [{'gender': 'female', 'name': {'title': 'Ms', 'first': 'Jasmine', 'last': 'Novak'}, 'location': {'street': {'number': 5943, 'name': '36th Ave'}, 'city': 'Red Rock', 'state': 'Ontario', 'co...</msg>
<var>${json_data}</var>
<arg>${response.json()}</arg>
<doc>Returns the given values which can then be assigned to a variables.</doc>
<status status="PASS" start="2024-05-30T23:15:20.431271" elapsed="0.000514"/>
</kw>
<kw name="Log" owner="BuiltIn">
<msg time="2024-05-30T23:15:20.432253" level="INFO">{'results': [{'gender': 'female', 'name': {'title': 'Ms', 'first': 'Jasmine', 'last': 'Novak'}, 'location': {'street': {'number': 5943, 'name': '36th Ave'}, 'city': 'Red Rock', 'state': 'Ontario', 'country': 'Canada', 'postcode': 'W0Y 9L6', 'coordinates': {'latitude': '-70.7880', 'longitude': '137.4521'}, 'timezone': {'offset': '-3:00', 'description': 'Brazil, Buenos Aires, Georgetown'}}, 'email': 'jasmine.novak@example.com', 'login': {'uuid': '9bf591ba-1949-4096-b273-3a53ace0aed3', 'username': 'brownelephant674', 'password': 'insanity', 'salt': 'LpJaKx9k', 'md5': 'ccffc599940409311baa35ea5ebe0697', 'sha1': '9b21db11d1aa6202e56aad066fa42f153df8fba8', 'sha256': '4e5bcdd68ffbd95a42109792d11d75a4b49eb3548929035e99093d9ca63f5fb8'}, 'dob': {'date': '1964-01-05T13:03:23.262Z', 'age': 60}, 'registered': {'date': '2006-04-08T01:33:55.312Z', 'age': 18}, 'phone': 'U90 R98-2252', 'cell': 'W70 W38-3705', 'id': {'name': 'SIN', 'value': '934065897'}, 'picture': {'large': 'https://randomuser.me/api/portraits/women/66.jpg', 'medium': 'https://randomuser.me/api/portraits/med/women/66.jpg', 'thumbnail': 'https://randomuser.me/api/portraits/thumb/women/66.jpg'}, 'nat': 'CA'}], 'info': {'seed': 'cdb3140c43badc1b', 'results': 1, 'page': 1, 'version': '1.4'}}</msg>
<arg>${json_data}</arg>
<doc>Logs the given message with the given level.</doc>
<status status="PASS" start="2024-05-30T23:15:20.432095" elapsed="0.000206"/>
</kw>
<kw name="Dictionary Should Contain Key" owner="Collections">
<msg time="2024-05-30T23:15:20.432761" level="INFO">False</msg>
<arg>${json_data}</arg>
<arg>results</arg>
<doc>Fails if ``key`` is not found from ``dictionary``.</doc>
<status status="PASS" start="2024-05-30T23:15:20.432601" elapsed="0.000198"/>
</kw>
<kw name="Should Not Be Empty" owner="BuiltIn">
<msg time="2024-05-30T23:15:20.433230" level="INFO">Length is 2.</msg>
<arg>${json_data}</arg>
<doc>Verifies that the given item is not empty.</doc>
<status status="PASS" start="2024-05-30T23:15:20.433096" elapsed="0.000179"/>
</kw>
<kw name="Create List" owner="BuiltIn">
<msg time="2024-05-30T23:15:20.433720" level="INFO">${expected_keys} = ['gender', 'name', 'location', 'email', 'login']</msg>
<var>${expected_keys}</var>
<arg>gender</arg>
<arg>name</arg>
<arg>location</arg>
<arg>email</arg>
<arg>login</arg>
<doc>Returns a list containing given items.</doc>
<status status="PASS" start="2024-05-30T23:15:20.433571" elapsed="0.000173"/>
</kw>
<for flavor="IN">
<iter>
<kw name="Dictionary Should Contain Key" owner="Collections">
<msg time="2024-05-30T23:15:20.434761" level="INFO">False</msg>
<arg>${json_data['results'][0]}</arg>
<arg>${key}</arg>
<doc>Fails if ``key`` is not found from ``dictionary``.</doc>
<status status="PASS" start="2024-05-30T23:15:20.434351" elapsed="0.000455"/>
</kw>
<kw name="Log" owner="BuiltIn">
<msg time="2024-05-30T23:15:20.435474" level="INFO">{'gender': 'female', 'name': {'title': 'Ms', 'first': 'Jasmine', 'last': 'Novak'}, 'location': {'street': {'number': 5943, 'name': '36th Ave'}, 'city': 'Red Rock', 'state': 'Ontario', 'country': 'Canada', 'postcode': 'W0Y 9L6', 'coordinates': {'latitude': '-70.7880', 'longitude': '137.4521'}, 'timezone': {'offset': '-3:00', 'description': 'Brazil, Buenos Aires, Georgetown'}}, 'email': 'jasmine.novak@example.com', 'login': {'uuid': '9bf591ba-1949-4096-b273-3a53ace0aed3', 'username': 'brownelephant674', 'password': 'insanity', 'salt': 'LpJaKx9k', 'md5': 'ccffc599940409311baa35ea5ebe0697', 'sha1': '9b21db11d1aa6202e56aad066fa42f153df8fba8', 'sha256': '4e5bcdd68ffbd95a42109792d11d75a4b49eb3548929035e99093d9ca63f5fb8'}, 'dob': {'date': '1964-01-05T13:03:23.262Z', 'age': 60}, 'registered': {'date': '2006-04-08T01:33:55.312Z', 'age': 18}, 'phone': 'U90 R98-2252', 'cell': 'W70 W38-3705', 'id': {'name': 'SIN', 'value': '934065897'}, 'picture': {'large': 'https://randomuser.me/api/portraits/women/66.jpg', 'medium': 'https://randomuser.me/api/portraits/med/women/66.jpg', 'thumbnail': 'https://randomuser.me/api/portraits/thumb/women/66.jpg'}, 'nat': 'CA'}</msg>
<arg>${json_data['results'][0]}</arg>
<doc>Logs the given message with the given level.</doc>
<status status="PASS" start="2024-05-30T23:15:20.435110" elapsed="0.000413"/>
</kw>
<kw name="Log" owner="BuiltIn">
<msg time="2024-05-30T23:15:20.435952" level="INFO">gender</msg>
<arg>${key}</arg>
<doc>Logs the given message with the given level.</doc>
<status status="PASS" start="2024-05-30T23:15:20.435822" elapsed="0.000167"/>
</kw>
<var name="${key}">gender</var>
<status status="PASS" start="2024-05-30T23:15:20.434223" elapsed="0.001980"/>
</iter>
<iter>
<kw name="Dictionary Should Contain Key" owner="Collections">
<msg time="2024-05-30T23:15:20.436896" level="INFO">False</msg>
<arg>${json_data['results'][0]}</arg>
<arg>${key}</arg>
<doc>Fails if ``key`` is not found from ``dictionary``.</doc>
<status status="PASS" start="2024-05-30T23:15:20.436510" elapsed="0.000425"/>
</kw>
<kw name="Log" owner="BuiltIn">
<msg time="2024-05-30T23:15:20.437623" level="INFO">{'gender': 'female', 'name': {'title': 'Ms', 'first': 'Jasmine', 'last': 'Novak'}, 'location': {'street': {'number': 5943, 'name': '36th Ave'}, 'city': 'Red Rock', 'state': 'Ontario', 'country': 'Canada', 'postcode': 'W0Y 9L6', 'coordinates': {'latitude': '-70.7880', 'longitude': '137.4521'}, 'timezone': {'offset': '-3:00', 'description': 'Brazil, Buenos Aires, Georgetown'}}, 'email': 'jasmine.novak@example.com', 'login': {'uuid': '9bf591ba-1949-4096-b273-3a53ace0aed3', 'username': 'brownelephant674', 'password': 'insanity', 'salt': 'LpJaKx9k', 'md5': 'ccffc599940409311baa35ea5ebe0697', 'sha1': '9b21db11d1aa6202e56aad066fa42f153df8fba8', 'sha256': '4e5bcdd68ffbd95a42109792d11d75a4b49eb3548929035e99093d9ca63f5fb8'}, 'dob': {'date': '1964-01-05T13:03:23.262Z', 'age': 60}, 'registered': {'date': '2006-04-08T01:33:55.312Z', 'age': 18}, 'phone': 'U90 R98-2252', 'cell': 'W70 W38-3705', 'id': {'name': 'SIN', 'value': '934065897'}, 'picture': {'large': 'https://randomuser.me/api/portraits/women/66.jpg', 'medium': 'https://randomuser.me/api/portraits/med/women/66.jpg', 'thumbnail': 'https://randomuser.me/api/portraits/thumb/women/66.jpg'}, 'nat': 'CA'}</msg>
<arg>${json_data['results'][0]}</arg>
<doc>Logs the given message with the given level.</doc>
<status status="PASS" start="2024-05-30T23:15:20.437258" elapsed="0.000415"/>
</kw>
<kw name="Log" owner="BuiltIn">
<msg time="2024-05-30T23:15:20.438134" level="INFO">name</msg>
<arg>${key}</arg>
<doc>Logs the given message with the given level.</doc>
<status status="PASS" start="2024-05-30T23:15:20.437993" elapsed="0.000179"/>
</kw>
<var name="${key}">name</var>
<status status="PASS" start="2024-05-30T23:15:20.436392" elapsed="0.002004"/>
</iter>
<iter>
<kw name="Dictionary Should Contain Key" owner="Collections">
<msg time="2024-05-30T23:15:20.439074" level="INFO">False</msg>
<arg>${json_data['results'][0]}</arg>
<arg>${key}</arg>
<doc>Fails if ``key`` is not found from ``dictionary``.</doc>
<status status="PASS" start="2024-05-30T23:15:20.438689" elapsed="0.000423"/>
</kw>
<kw name="Log" owner="BuiltIn">
<msg time="2024-05-30T23:15:20.439791" level="INFO">{'gender': 'female', 'name': {'title': 'Ms', 'first': 'Jasmine', 'last': 'Novak'}, 'location': {'street': {'number': 5943, 'name': '36th Ave'}, 'city': 'Red Rock', 'state': 'Ontario', 'country': 'Canada', 'postcode': 'W0Y 9L6', 'coordinates': {'latitude': '-70.7880', 'longitude': '137.4521'}, 'timezone': {'offset': '-3:00', 'description': 'Brazil, Buenos Aires, Georgetown'}}, 'email': 'jasmine.novak@example.com', 'login': {'uuid': '9bf591ba-1949-4096-b273-3a53ace0aed3', 'username': 'brownelephant674', 'password': 'insanity', 'salt': 'LpJaKx9k', 'md5': 'ccffc599940409311baa35ea5ebe0697', 'sha1': '9b21db11d1aa6202e56aad066fa42f153df8fba8', 'sha256': '4e5bcdd68ffbd95a42109792d11d75a4b49eb3548929035e99093d9ca63f5fb8'}, 'dob': {'date': '1964-01-05T13:03:23.262Z', 'age': 60}, 'registered': {'date': '2006-04-08T01:33:55.312Z', 'age': 18}, 'phone': 'U90 R98-2252', 'cell': 'W70 W38-3705', 'id': {'name': 'SIN', 'value': '934065897'}, 'picture': {'large': 'https://randomuser.me/api/portraits/women/66.jpg', 'medium': 'https://randomuser.me/api/portraits/med/women/66.jpg', 'thumbnail': 'https://randomuser.me/api/portraits/thumb/women/66.jpg'}, 'nat': 'CA'}</msg>
<arg>${json_data['results'][0]}</arg>
<doc>Logs the given message with the given level.</doc>
<status status="PASS" start="2024-05-30T23:15:20.439426" elapsed="0.000413"/>
</kw>
<kw name="Log" owner="BuiltIn">
<msg time="2024-05-30T23:15:20.440264" level="INFO">location</msg>
<arg>${key}</arg>
<doc>Logs the given message with the given level.</doc>
<status status="PASS" start="2024-05-30T23:15:20.440138" elapsed="0.000164"/>
</kw>
<var name="${key}">location</var>
<status status="PASS" start="2024-05-30T23:15:20.438575" elapsed="0.001940"/>
</iter>
<iter>
<kw name="Dictionary Should Contain Key" owner="Collections">
<msg time="2024-05-30T23:15:20.441284" level="INFO">False</msg>
<arg>${json_data['results'][0]}</arg>
<arg>${key}</arg>
<doc>Fails if ``key`` is not found from ``dictionary``.</doc>
<status status="PASS" start="2024-05-30T23:15:20.440800" elapsed="0.000522"/>
</kw>
<kw name="Log" owner="BuiltIn">
<msg time="2024-05-30T23:15:20.442004" level="INFO">{'gender': 'female', 'name': {'title': 'Ms', 'first': 'Jasmine', 'last': 'Novak'}, 'location': {'street': {'number': 5943, 'name': '36th Ave'}, 'city': 'Red Rock', 'state': 'Ontario', 'country': 'Canada', 'postcode': 'W0Y 9L6', 'coordinates': {'latitude': '-70.7880', 'longitude': '137.4521'}, 'timezone': {'offset': '-3:00', 'description': 'Brazil, Buenos Aires, Georgetown'}}, 'email': 'jasmine.novak@example.com', 'login': {'uuid': '9bf591ba-1949-4096-b273-3a53ace0aed3', 'username': 'brownelephant674', 'password': 'insanity', 'salt': 'LpJaKx9k', 'md5': 'ccffc599940409311baa35ea5ebe0697', 'sha1': '9b21db11d1aa6202e56aad066fa42f153df8fba8', 'sha256': '4e5bcdd68ffbd95a42109792d11d75a4b49eb3548929035e99093d9ca63f5fb8'}, 'dob': {'date': '1964-01-05T13:03:23.262Z', 'age': 60}, 'registered': {'date': '2006-04-08T01:33:55.312Z', 'age': 18}, 'phone': 'U90 R98-2252', 'cell': 'W70 W38-3705', 'id': {'name': 'SIN', 'value': '934065897'}, 'picture': {'large': 'https://randomuser.me/api/portraits/women/66.jpg', 'medium': 'https://randomuser.me/api/portraits/med/women/66.jpg', 'thumbnail': 'https://randomuser.me/api/portraits/thumb/women/66.jpg'}, 'nat': 'CA'}</msg>
<arg>${json_data['results'][0]}</arg>
<doc>Logs the given message with the given level.</doc>
<status status="PASS" start="2024-05-30T23:15:20.441623" elapsed="0.000432"/>
</kw>
<kw name="Log" owner="BuiltIn">
<msg time="2024-05-30T23:15:20.442492" level="INFO">email</msg>
<arg>${key}</arg>
<doc>Logs the given message with the given level.</doc>
<status status="PASS" start="2024-05-30T23:15:20.442363" elapsed="0.000166"/>
</kw>
<var name="${key}">email</var>
<status status="PASS" start="2024-05-30T23:15:20.440689" elapsed="0.002055"/>
</iter>
<iter>
<kw name="Dictionary Should Contain Key" owner="Collections">
<msg time="2024-05-30T23:15:20.443417" level="INFO">False</msg>
<arg>${json_data['results'][0]}</arg>
<arg>${key}</arg>
<doc>Fails if ``key`` is not found from ``dictionary``.</doc>
<status status="PASS" start="2024-05-30T23:15:20.443032" elapsed="0.000421"/>
</kw>
<kw name="Log" owner="BuiltIn">
<msg time="2024-05-30T23:15:20.444106" level="INFO">{'gender': 'female', 'name': {'title': 'Ms', 'first': 'Jasmine', 'last': 'Novak'}, 'location': {'street': {'number': 5943, 'name': '36th Ave'}, 'city': 'Red Rock', 'state': 'Ontario', 'country': 'Canada', 'postcode': 'W0Y 9L6', 'coordinates': {'latitude': '-70.7880', 'longitude': '137.4521'}, 'timezone': {'offset': '-3:00', 'description': 'Brazil, Buenos Aires, Georgetown'}}, 'email': 'jasmine.novak@example.com', 'login': {'uuid': '9bf591ba-1949-4096-b273-3a53ace0aed3', 'username': 'brownelephant674', 'password': 'insanity', 'salt': 'LpJaKx9k', 'md5': 'ccffc599940409311baa35ea5ebe0697', 'sha1': '9b21db11d1aa6202e56aad066fa42f153df8fba8', 'sha256': '4e5bcdd68ffbd95a42109792d11d75a4b49eb3548929035e99093d9ca63f5fb8'}, 'dob': {'date': '1964-01-05T13:03:23.262Z', 'age': 60}, 'registered': {'date': '2006-04-08T01:33:55.312Z', 'age': 18}, 'phone': 'U90 R98-2252', 'cell': 'W70 W38-3705', 'id': {'name': 'SIN', 'value': '934065897'}, 'picture': {'large': 'https://randomuser.me/api/portraits/women/66.jpg', 'medium': 'https://randomuser.me/api/portraits/med/women/66.jpg', 'thumbnail': 'https://randomuser.me/api/portraits/thumb/women/66.jpg'}, 'nat': 'CA'}</msg>
<arg>${json_data['results'][0]}</arg>
<doc>Logs the given message with the given level.</doc>
<status status="PASS" start="2024-05-30T23:15:20.443747" elapsed="0.000407"/>
</kw>
<kw name="Log" owner="BuiltIn">
<msg time="2024-05-30T23:15:20.444571" level="INFO">login</msg>
<arg>${key}</arg>
<doc>Logs the given message with the given level.</doc>
<status status="PASS" start="2024-05-30T23:15:20.444444" elapsed="0.000164"/>
</kw>
<var name="${key}">login</var>
<status status="PASS" start="2024-05-30T23:15:20.442919" elapsed="0.001928"/>
</iter>
<var>${key}</var>
<value>@{expected_keys}</value>
<status status="PASS" start="2024-05-30T23:15:20.434027" elapsed="0.010945"/>
</for>
<kw name="Create List" owner="BuiltIn">
<msg time="2024-05-30T23:15:20.445302" level="INFO">${expected_keysTwo} = ['username', 'password']</msg>
<var>${expected_keysTwo}</var>
<arg>username</arg>
<arg>password</arg>
<doc>Returns a list containing given items.</doc>
<status status="PASS" start="2024-05-30T23:15:20.445165" elapsed="0.000160"/>
</kw>
<for flavor="IN">
<iter>
<kw name="Dictionary Should Contain Key" owner="Collections">
<msg time="2024-05-30T23:15:20.446238" level="INFO">False</msg>
<arg>${json_data['results'][0]['login']}</arg>
<arg>${keyTwo}</arg>
<doc>Fails if ``key`` is not found from ``dictionary``.</doc>
<status status="PASS" start="2024-05-30T23:15:20.445830" elapsed="0.000445"/>
</kw>
<kw name="Dictionary Should Contain Key" owner="Collections">
<msg time="2024-05-30T23:15:20.446956" level="INFO">False</msg>
<arg>${json_data['results'][0]['login']}</arg>
<arg>${keyTwo}</arg>
<doc>Fails if ``key`` is not found from ``dictionary``.</doc>
<status status="PASS" start="2024-05-30T23:15:20.446572" elapsed="0.000423"/>
</kw>
<kw name="Log" owner="BuiltIn">
<msg time="2024-05-30T23:15:20.447417" level="INFO">username</msg>
<arg>${keyTwo}</arg>
<doc>Logs the given message with the given level.</doc>
<status status="PASS" start="2024-05-30T23:15:20.447289" elapsed="0.000165"/>
</kw>
<var name="${keyTwo}">username</var>
<status status="PASS" start="2024-05-30T23:15:20.445718" elapsed="0.001947"/>
</iter>
<iter>
<kw name="Dictionary Should Contain Key" owner="Collections">
<msg time="2024-05-30T23:15:20.448326" level="INFO">False</msg>
<arg>${json_data['results'][0]['login']}</arg>
<arg>${keyTwo}</arg>
<doc>Fails if ``key`` is not found from ``dictionary``.</doc>
<status status="PASS" start="2024-05-30T23:15:20.447947" elapsed="0.000416"/>
</kw>
<kw name="Dictionary Should Contain Key" owner="Collections">
<msg time="2024-05-30T23:15:20.449041" level="INFO">False</msg>
<arg>${json_data['results'][0]['login']}</arg>
<arg>${keyTwo}</arg>
<doc>Fails if ``key`` is not found from ``dictionary``.</doc>
<status status="PASS" start="2024-05-30T23:15:20.448656" elapsed="0.000422"/>
</kw>
<kw name="Log" owner="BuiltIn">
<msg time="2024-05-30T23:15:20.449499" level="INFO">password</msg>
<arg>${keyTwo}</arg>
<doc>Logs the given message with the given level.</doc>
<status status="PASS" start="2024-05-30T23:15:20.449372" elapsed="0.000164"/>
</kw>
<var name="${keyTwo}">password</var>
<status status="PASS" start="2024-05-30T23:15:20.447837" elapsed="0.001911"/>
</iter>
<var>${keyTwo}</var>
<value>@{expected_keysTwo}</value>
<status status="PASS" start="2024-05-30T23:15:20.445563" elapsed="0.004306"/>
</for>
<status status="PASS" start="2024-05-30T23:15:20.328748" elapsed="0.121323"/>
</kw>
<doc>Testa a estrutura da resposta da API.</doc>
<tag>testeEstruturaResposta</tag>
<status status="PASS" start="2024-05-30T23:15:20.328252" elapsed="0.121971"/>
</test>
<test id="s1-s1-t4" name="Validar tipos de dados" line="28">
<kw name="Teste de Tipos de Dados" owner="random-user-service">
<kw name="GET On Session" owner="RequestsLibrary">
<msg time="2024-05-30T23:15:20.559737" level="INFO">GET Request : url=https://randomuser.me/api 
 path_url=/api 
 headers={'User-Agent': 'python-requests/2.32.3', 'Accept-Encoding': 'gzip, deflate', 'Accept': '*/*', 'Connection': 'keep-alive'} 
 body=None 
 </msg>
<msg time="2024-05-30T23:15:20.559801" level="INFO">GET Response : url=https://randomuser.me/api 
 status=200, reason=OK 
 headers={'Date': 'Thu, 30 May 2024 23:15:20 GMT', 'Content-Type': 'application/json; charset=utf-8', 'Transfer-Encoding': 'chunked', 'Connection': 'keep-alive', 'X-Powered-By': 'Express', 'Access-Control-Allow-Origin': '*', 'Cache-Control': 'no-cache', 'ETag': 'W/"4aa-j2yCAizzde2ot3RMM5hqDsOYYXc"', 'Vary': 'Accept-Encoding', 'Content-Encoding': 'gzip', 'CF-Cache-Status': 'DYNAMIC', 'Report-To': '{"endpoints":[{"url":"https:\\/\\/a.nel.cloudflare.com\\/report\\/v4?s=xCQL%2BiUINSJQ%2BSUU4rAVGDilpvFt8vv7CZhzORz0w2zv1TMdXGZIaa%2FztJkY4AabEamowuVmDoRjMvnxiPCkKsgHn4zoNNOO1CO9qYXKcqIENWOU8aTVaksygTqztSXN"}],"group":"cf-nel","max_age":604800}', 'NEL': '{"success_fraction":0,"report_to":"cf-nel","max_age":604800}', 'Server': 'cloudflare', 'CF-RAY': '88c26cf4d9c6102a-LAX', 'alt-svc': 'h3=":443"; ma=86400'} 
 body={"results":[{"gender":"female","name":{"title":"Ms","first":"Jeanne","last":"Lambert"},"location":{"street":{"number":3917,"name":"Green Rd"},"city":"Ennis","state":"Rhode Island","country":"United States","postcode":19798,"coordinates":{"latitude":"83.9567","longitude":"29.7102"},"timezone":{"offset":"0:00","description":"Western Europe Time, London, Lisbon, Casablanca"}},"email":"jeanne.lambert@example.com","login":{"uuid":"78d7654c-1b9c-421d-aed1-de91c4e9ac5c","username":"beautifulsnake940","password":"snake1","salt":"SJUkeZO3","md5":"3bdd3686faa7ca9e33f5769c22654751","sha1":"e567fdfa9b879c073db9ce739de1e49cfb3c4999","sha256":"6b98c1c690ef3d4dbf2ade5103217a52f9a7acc42a44fde6bcb71cf4a60cf334"},"dob":{"date":"1978-12-25T22:10:28.982Z","age":45},"registered":{"date":"2004-05-14T21:50:18.930Z","age":20},"phone":"(496) 773-7645","cell":"(534) 852-5381","id":{"name":"SSN","value":"804-79-7123"},"picture":{"large":"https://randomuser.me/api/portraits/women/76.jpg","medium":"https://randomuser.me/api/portraits/med/women/76.jpg","thumbnail":"https://randomuser.me/api/portraits/thumb/women/76.jpg"},"nat":"US"}],"info":{"seed":"a0aa78b8afb60288","results":1,"page":1,"version":"1.4"}} 
 </msg>
<msg time="2024-05-30T23:15:20.559861" level="INFO">/opt/hostedtoolcache/Python/3.12.3/x64/lib/python3.12/site-packages/urllib3/connectionpool.py:1103: InsecureRequestWarning: Unverified HTTPS request is being made to host 'randomuser.me'. Adding certificate verification is strongly advised. See: https://urllib3.readthedocs.io/en/latest/advanced-usage.html#tls-warnings
  warnings.warn(</msg>
<msg time="2024-05-30T23:15:20.559966" level="INFO">${response} = &lt;Response [200]&gt;</msg>
<var>${response}</var>
<arg>consultarAPI</arg>
<arg>/api</arg>
<doc>Sends a GET request on a previously created HTTP Session.</doc>
<status status="PASS" start="2024-05-30T23:15:20.452666" elapsed="0.107341"/>
</kw>
<kw name="Set Variable" owner="BuiltIn">
<msg time="2024-05-30T23:15:20.560862" level="INFO">${json_data} = {'results': [{'gender': 'female', 'name': {'title': 'Ms', 'first': 'Jeanne', 'last': 'Lambert'}, 'location': {'street': {'number': 3917, 'name': 'Green Rd'}, 'city': 'Ennis', 'state': 'Rhode Island', ...</msg>
<var>${json_data}</var>
<arg>${response.json()}</arg>
<doc>Returns the given values which can then be assigned to a variables.</doc>
<status status="PASS" start="2024-05-30T23:15:20.560390" elapsed="0.000502"/>
</kw>
<kw name="Log" owner="BuiltIn">
<msg time="2024-05-30T23:15:20.561354" level="INFO">{'results': [{'gender': 'female', 'name': {'title': 'Ms', 'first': 'Jeanne', 'last': 'Lambert'}, 'location': {'street': {'number': 3917, 'name': 'Green Rd'}, 'city': 'Ennis', 'state': 'Rhode Island', 'country': 'United States', 'postcode': 19798, 'coordinates': {'latitude': '83.9567', 'longitude': '29.7102'}, 'timezone': {'offset': '0:00', 'description': 'Western Europe Time, London, Lisbon, Casablanca'}}, 'email': 'jeanne.lambert@example.com', 'login': {'uuid': '78d7654c-1b9c-421d-aed1-de91c4e9ac5c', 'username': 'beautifulsnake940', 'password': 'snake1', 'salt': 'SJUkeZO3', 'md5': '3bdd3686faa7ca9e33f5769c22654751', 'sha1': 'e567fdfa9b879c073db9ce739de1e49cfb3c4999', 'sha256': '6b98c1c690ef3d4dbf2ade5103217a52f9a7acc42a44fde6bcb71cf4a60cf334'}, 'dob': {'date': '1978-12-25T22:10:28.982Z', 'age': 45}, 'registered': {'date': '2004-05-14T21:50:18.930Z', 'age': 20}, 'phone': '(496) 773-7645', 'cell': '(534) 852-5381', 'id': {'name': 'SSN', 'value': '804-79-7123'}, 'picture': {'large': 'https://randomuser.me/api/portraits/women/76.jpg', 'medium': 'https://randomuser.me/api/portraits/med/women/76.jpg', 'thumbnail': 'https://randomuser.me/api/portraits/thumb/women/76.jpg'}, 'nat': 'US'}], 'info': {'seed': 'a0aa78b8afb60288', 'results': 1, 'page': 1, 'version': '1.4'}}</msg>
<arg>${json_data}</arg>
<doc>Logs the given message with the given level.</doc>
<status status="PASS" start="2024-05-30T23:15:20.561202" elapsed="0.000234"/>
</kw>
<kw name="Should Be String" owner="String">
<arg>${json_data['results'][0]['gender']}</arg>
<doc>Fails if the given ``item`` is not a string.</doc>
<status status="PASS" start="2024-05-30T23:15:20.561735" elapsed="0.000411"/>
</kw>
<kw name="Should Match Regexp" owner="BuiltIn">
<arg>${json_data['results'][0]['email']}</arg>
<arg>^[a-zA-Z0-9._%+-]+@[a-zA-Z0-9.-]+\.[a-zA-Z]{2,}$</arg>
<doc>Fails if ``string`` does not match ``pattern`` as a regular expression.</doc>
<status status="PASS" start="2024-05-30T23:15:20.562340" elapsed="0.000629"/>
</kw>
<kw name="Should Match Regexp" owner="BuiltIn">
<arg>${json_data['results'][0]['dob']['date']}</arg>
<arg>\\d{4}-\\d{2}-\\d{2}T\\d{2}:\\d{2}:\\d{2}\\.\\d{3}Z</arg>
<doc>Fails if ``string`` does not match ``pattern`` as a regular expression.</doc>
<status status="PASS" start="2024-05-30T23:15:20.563168" elapsed="0.000482"/>
</kw>
<kw name="Should Match Regexp" owner="BuiltIn">
<arg>${json_data['results'][0]['registered']['date']}</arg>
<arg>\\d{4}-\\d{2}-\\d{2}T\\d{2}:\\d{2}:\\d{2}\\.\\d{3}Z</arg>
<doc>Fails if ``string`` does not match ``pattern`` as a regular expression.</doc>
<status status="PASS" start="2024-05-30T23:15:20.563844" elapsed="0.000366"/>
</kw>
<kw name="Should Match Regexp" owner="BuiltIn">
<arg>${json_data['results'][0]['picture']['large']}</arg>
<arg>^https?://.*\.(?:png|jpe?g|gif|bmp)$</arg>
<doc>Fails if ``string`` does not match ``pattern`` as a regular expression.</doc>
<status status="PASS" start="2024-05-30T23:15:20.564401" elapsed="0.000457"/>
</kw>
<kw name="Should Match Regexp" owner="BuiltIn">
<arg>${json_data['results'][0]['picture']['medium']}</arg>
<arg>^https?://.*\.(?:png|jpe?g|gif|bmp)$</arg>
<doc>Fails if ``string`` does not match ``pattern`` as a regular expression.</doc>
<status status="PASS" start="2024-05-30T23:15:20.565047" elapsed="0.000349"/>
</kw>
<kw name="Should Match Regexp" owner="BuiltIn">
<arg>${json_data['results'][0]['picture']['thumbnail']}</arg>
<arg>^https?://.*\.(?:png|jpe?g|gif|bmp)$</arg>
<doc>Fails if ``string`` does not match ``pattern`` as a regular expression.</doc>
<status status="PASS" start="2024-05-30T23:15:20.565582" elapsed="0.000344"/>
</kw>
<kw name="Log" owner="BuiltIn">
<msg time="2024-05-30T23:15:20.566457" level="INFO">{'large': 'https://randomuser.me/api/portraits/women/76.jpg', 'medium': 'https://randomuser.me/api/portraits/med/women/76.jpg', 'thumbnail': 'https://randomuser.me/api/portraits/thumb/women/76.jpg'}</msg>
<arg>${json_data['results'][0]['picture']}</arg>
<doc>Logs the given message with the given level.</doc>
<status status="PASS" start="2024-05-30T23:15:20.566134" elapsed="0.000365"/>
</kw>
<status status="PASS" start="2024-05-30T23:15:20.452438" elapsed="0.114314"/>
</kw>
<kw name="Teste de Tipos de Dados - Postcode" owner="random-user-service">
<kw name="GET On Session" owner="RequestsLibrary">
<msg time="2024-05-30T23:15:20.680258" level="INFO">GET Request : url=https://randomuser.me/api 
 path_url=/api 
 headers={'User-Agent': 'python-requests/2.32.3', 'Accept-Encoding': 'gzip, deflate', 'Accept': '*/*', 'Connection': 'keep-alive'} 
 body=None 
 </msg>
<msg time="2024-05-30T23:15:20.680322" level="INFO">GET Response : url=https://randomuser.me/api 
 status=200, reason=OK 
 headers={'Date': 'Thu, 30 May 2024 23:15:20 GMT', 'Content-Type': 'application/json; charset=utf-8', 'Transfer-Encoding': 'chunked', 'Connection': 'keep-alive', 'X-Powered-By': 'Express', 'Access-Control-Allow-Origin': '*', 'Cache-Control': 'no-cache', 'ETag': 'W/"4ac-9o7bXa1WR6cPJKMC05g+Gwl2ezI"', 'Vary': 'Accept-Encoding', 'Content-Encoding': 'gzip', 'CF-Cache-Status': 'DYNAMIC', 'Report-To': '{"endpoints":[{"url":"https:\\/\\/a.nel.cloudflare.com\\/report\\/v4?s=C%2BoVlWRDpo7Glim2sJYv6ckOgmYBoLX3VHgQm8onl%2FoBl7K%2FYCrCSBQBY9qF8%2Bunvyneyx9rq8QNzK8Qkna3Gkf3q00XubUZ4byjcVZC8hLEZXQ1Hj%2BWUI2MYJFUAFg8"}],"group":"cf-nel","max_age":604800}', 'NEL': '{"success_fraction":0,"report_to":"cf-nel","max_age":604800}', 'Server': 'cloudflare', 'CF-RAY': '88c26cf59aca102a-LAX', 'alt-svc': 'h3=":443"; ma=86400'} 
 body={"results":[{"gender":"female","name":{"title":"Mrs","first":"Maiara","last":"Mendes"},"location":{"street":{"number":2908,"name":"Travessa dos Martírios"},"city":"Paulo Afonso","state":"Rio Grande do Sul","country":"Brazil","postcode":72361,"coordinates":{"latitude":"-81.0119","longitude":"175.1465"},"timezone":{"offset":"-1:00","description":"Azores, Cape Verde Islands"}},"email":"maiara.mendes@example.com","login":{"uuid":"a9764fac-b6b3-4e04-92fc-4b6fc07dc36a","username":"smallelephant731","password":"willow","salt":"xSn3bqYj","md5":"88f968549c39d3791f448cb82230f9f2","sha1":"fd21e5f954d6ad1ab1ac97459b7e0c696e81b763","sha256":"f20a6b089324fe4881165fa3981fedefb559248aad2be667084aa06e0939b7d3"},"dob":{"date":"1968-01-01T21:16:07.053Z","age":56},"registered":{"date":"2021-07-07T03:46:28.809Z","age":2},"phone":"(04) 8824-6490","cell":"(63) 5112-6817","id":{"name":"CPF","value":"951.614.208-13"},"picture":{"large":"https://randomuser.me/api/portraits/women/78.jpg","medium":"https://randomuser.me/api/portraits/med/women/78.jpg","thumbnail":"https://randomuser.me/api/portraits/thumb/women/78.jpg"},"nat":"BR"}],"info":{"seed":"963464f61e627d37","results":1,"page":1,"version":"1.4"}} 
 </msg>
<msg time="2024-05-30T23:15:20.680383" level="INFO">/opt/hostedtoolcache/Python/3.12.3/x64/lib/python3.12/site-packages/urllib3/connectionpool.py:1103: InsecureRequestWarning: Unverified HTTPS request is being made to host 'randomuser.me'. Adding certificate verification is strongly advised. See: https://urllib3.readthedocs.io/en/latest/advanced-usage.html#tls-warnings
  warnings.warn(</msg>
<msg time="2024-05-30T23:15:20.680491" level="INFO">${response} = &lt;Response [200]&gt;</msg>
<var>${response}</var>
<arg>consultarAPI</arg>
<arg>/api</arg>
<doc>Sends a GET request on a previously created HTTP Session.</doc>
<status status="PASS" start="2024-05-30T23:15:20.567181" elapsed="0.113349"/>
</kw>
<kw name="Set Variable" owner="BuiltIn">
<msg time="2024-05-30T23:15:20.681392" level="INFO">${json_data} = {'results': [{'gender': 'female', 'name': {'title': 'Mrs', 'first': 'Maiara', 'last': 'Mendes'}, 'location': {'street': {'number': 2908, 'name': 'Travessa dos Martírios'}, 'city': 'Paulo Afonso', 'sta...</msg>
<var>${json_data}</var>
<arg>${response.json()}</arg>
<doc>Returns the given values which can then be assigned to a variables.</doc>
<status status="PASS" start="2024-05-30T23:15:20.680923" elapsed="0.000499"/>
</kw>
<kw name="Log" owner="BuiltIn">
<msg time="2024-05-30T23:15:20.681882" level="INFO">{'results': [{'gender': 'female', 'name': {'title': 'Mrs', 'first': 'Maiara', 'last': 'Mendes'}, 'location': {'street': {'number': 2908, 'name': 'Travessa dos Martírios'}, 'city': 'Paulo Afonso', 'state': 'Rio Grande do Sul', 'country': 'Brazil', 'postcode': 72361, 'coordinates': {'latitude': '-81.0119', 'longitude': '175.1465'}, 'timezone': {'offset': '-1:00', 'description': 'Azores, Cape Verde Islands'}}, 'email': 'maiara.mendes@example.com', 'login': {'uuid': 'a9764fac-b6b3-4e04-92fc-4b6fc07dc36a', 'username': 'smallelephant731', 'password': 'willow', 'salt': 'xSn3bqYj', 'md5': '88f968549c39d3791f448cb82230f9f2', 'sha1': 'fd21e5f954d6ad1ab1ac97459b7e0c696e81b763', 'sha256': 'f20a6b089324fe4881165fa3981fedefb559248aad2be667084aa06e0939b7d3'}, 'dob': {'date': '1968-01-01T21:16:07.053Z', 'age': 56}, 'registered': {'date': '2021-07-07T03:46:28.809Z', 'age': 2}, 'phone': '(04) 8824-6490', 'cell': '(63) 5112-6817', 'id': {'name': 'CPF', 'value': '951.614.208-13'}, 'picture': {'large': 'https://randomuser.me/api/portraits/women/78.jpg', 'medium': 'https://randomuser.me/api/portraits/med/women/78.jpg', 'thumbnail': 'https://randomuser.me/api/portraits/thumb/women/78.jpg'}, 'nat': 'BR'}], 'info': {'seed': '963464f61e627d37', 'results': 1, 'page': 1, 'version': '1.4'}}</msg>
<arg>${json_data}</arg>
<doc>Logs the given message with the given level.</doc>
<status status="PASS" start="2024-05-30T23:15:20.681728" elapsed="0.000276"/>
</kw>
<kw name="Should Be Equal As Numbers" owner="BuiltIn">
<arg>${json_data['results'][0]['location']['postcode']}</arg>
<arg>${json_data['results'][0]['location']['postcode']}</arg>
<doc>Fails if objects are unequal after converting them to real numbers.</doc>
<status status="PASS" start="2024-05-30T23:15:20.682324" elapsed="0.000607"/>
</kw>
<kw name="Log" owner="BuiltIn">
<msg time="2024-05-30T23:15:20.683459" level="INFO">72361</msg>
<arg>${json_data['results'][0]['location']['postcode']}</arg>
<doc>Logs the given message with the given level.</doc>
<status status="PASS" start="2024-05-30T23:15:20.683121" elapsed="0.000379"/>
</kw>
<status status="PASS" start="2024-05-30T23:15:20.566962" elapsed="0.116787"/>
</kw>
<doc>Testa se os tipos de dados na resposta da API estão corretos.</doc>
<tag>testeTiposDados</tag>
<status status="PASS" start="2024-05-30T23:15:20.451967" elapsed="0.231935"/>
</test>
<test id="s1-s1-t5" name="Validar conteudo" line="35">
<kw name="Teste de Tipos de Conteudo" owner="random-user-service">
<kw name="GET On Session" owner="RequestsLibrary">
<msg time="2024-05-30T23:15:20.789996" level="INFO">GET Request : url=https://randomuser.me/api 
 path_url=/api 
 headers={'User-Agent': 'python-requests/2.32.3', 'Accept-Encoding': 'gzip, deflate', 'Accept': '*/*', 'Connection': 'keep-alive'} 
 body=None 
 </msg>
<msg time="2024-05-30T23:15:20.790083" level="INFO">GET Response : url=https://randomuser.me/api 
 status=200, reason=OK 
 headers={'Date': 'Thu, 30 May 2024 23:15:20 GMT', 'Content-Type': 'application/json; charset=utf-8', 'Transfer-Encoding': 'chunked', 'Connection': 'keep-alive', 'X-Powered-By': 'Express', 'Access-Control-Allow-Origin': '*', 'Cache-Control': 'no-cache', 'ETag': 'W/"484-PSWL7Oa0POljx0jvV1jdfqtDknM"', 'Vary': 'Accept-Encoding', 'Content-Encoding': 'gzip', 'CF-Cache-Status': 'DYNAMIC', 'Report-To': '{"endpoints":[{"url":"https:\\/\\/a.nel.cloudflare.com\\/report\\/v4?s=ZNInCPknEO6J3WBcF%2BB3l5dSfH2VbR6OXuDoRDFu%2F4c01lRvaz%2Bvr%2FejK8vDn9b%2FgVNBfhoM%2B9GvdAmqM3dwFuTRbK6%2FOCi9yYoM0csfv5iuft8SLk8QrEuXQCO54J3E"}],"group":"cf-nel","max_age":604800}', 'NEL': '{"success_fraction":0,"report_to":"cf-nel","max_age":604800}', 'Server': 'cloudflare', 'CF-RAY': '88c26cf65bd1102a-LAX', 'alt-svc': 'h3=":443"; ma=86400'} 
 body={"results":[{"gender":"male","name":{"title":"Mr","first":"Lyubomil","last":"Goroshko"},"location":{"street":{"number":1901,"name":"Proskurivska"},"city":"Pereshchepine","state":"Hmelnicka","country":"Ukraine","postcode":66328,"coordinates":{"latitude":"76.1659","longitude":"-62.1313"},"timezone":{"offset":"+9:30","description":"Adelaide, Darwin"}},"email":"lyubomil.goroshko@example.com","login":{"uuid":"83e3baea-85a9-4161-96f8-824e83942bad","username":"yellowleopard568","password":"gallaries","salt":"GvQKhyg2","md5":"495af63070c00ea438e691cb210298be","sha1":"77f7d17d7df2e2c05b08cb198dd19a336fa490a8","sha256":"53b9da2b77dc7cb47ba3e4a022faf819195845a13ca0bfadd57896459b6abffd"},"dob":{"date":"1953-02-27T12:35:19.996Z","age":71},"registered":{"date":"2008-05-03T22:00:11.082Z","age":16},"phone":"(096) G53-1768","cell":"(068) O23-0321","id":{"name":"","value":null},"picture":{"large":"https://randomuser.me/api/portraits/men/87.jpg","medium":"https://randomuser.me/api/portraits/med/men/87.jpg","thumbnail":"https://randomuser.me/api/portraits/thumb/men/87.jpg"},"nat":"UA"}],"info":{"seed":"1bf8e29dfbe617a7","results":1,"page":1,"version":"1.4"}} 
 </msg>
<msg time="2024-05-30T23:15:20.790162" level="INFO">/opt/hostedtoolcache/Python/3.12.3/x64/lib/python3.12/site-packages/urllib3/connectionpool.py:1103: InsecureRequestWarning: Unverified HTTPS request is being made to host 'randomuser.me'. Adding certificate verification is strongly advised. See: https://urllib3.readthedocs.io/en/latest/advanced-usage.html#tls-warnings
  warnings.warn(</msg>
<msg time="2024-05-30T23:15:20.790305" level="INFO">${response} = &lt;Response [200]&gt;</msg>
<var>${response}</var>
<arg>consultarAPI</arg>
<arg>/api</arg>
<doc>Sends a GET request on a previously created HTTP Session.</doc>
<status status="PASS" start="2024-05-30T23:15:20.686823" elapsed="0.103554"/>
</kw>
<kw name="Set Variable" owner="BuiltIn">
<msg time="2024-05-30T23:15:20.791185" level="INFO">${json_data} = {'results': [{'gender': 'male', 'name': {'title': 'Mr', 'first': 'Lyubomil', 'last': 'Goroshko'}, 'location': {'street': {'number': 1901, 'name': 'Proskurivska'}, 'city': 'Pereshchepine', 'state': 'Hm...</msg>
<var>${json_data}</var>
<arg>${response.json()}</arg>
<doc>Returns the given values which can then be assigned to a variables.</doc>
<status status="PASS" start="2024-05-30T23:15:20.790729" elapsed="0.000485"/>
</kw>
<kw name="Set Variable" owner="BuiltIn">
<msg time="2024-05-30T23:15:20.791890" level="INFO">${name_title} = Mr</msg>
<var>${name_title}</var>
<arg>${json_data["results"][0]["name"]["title"]}</arg>
<doc>Returns the given values which can then be assigned to a variables.</doc>
<status status="PASS" start="2024-05-30T23:15:20.791515" elapsed="0.000400"/>
</kw>
<kw name="Create List" owner="BuiltIn">
<msg time="2024-05-30T23:15:20.792358" level="INFO">${allowed_titles} = ['Mr', 'Ms', 'Miss', 'Mrs', 'Madame', 'Monsieur']</msg>
<var>${allowed_titles}</var>
<arg>Mr</arg>
<arg>Ms</arg>
<arg>Miss</arg>
<arg>Mrs</arg>
<arg>Madame</arg>
<arg>Monsieur</arg>
<doc>Returns a list containing given items.</doc>
<status status="PASS" start="2024-05-30T23:15:20.792210" elapsed="0.000171"/>
</kw>
<kw name="List Should Contain Value" owner="Collections">
<msg time="2024-05-30T23:15:20.792853" level="INFO">False</msg>
<arg>${allowed_titles}</arg>
<arg>${name_title}</arg>
<doc>Fails if the ``value`` is not found from ``list``.</doc>
<status status="PASS" start="2024-05-30T23:15:20.792684" elapsed="0.000205"/>
</kw>
<kw name="Set Variable" owner="BuiltIn">
<msg time="2024-05-30T23:15:20.793689" level="INFO">${name_country} = UA</msg>
<var>${name_country}</var>
<arg>${json_data["results"][0]["nat"]}</arg>
<doc>Returns the given values which can then be assigned to a variables.</doc>
<status status="PASS" start="2024-05-30T23:15:20.793182" elapsed="0.000532"/>
</kw>
<kw name="Create List" owner="BuiltIn">
<msg time="2024-05-30T23:15:20.794661" level="INFO">${list_country} = ['AD', 'AE', 'AF', 'AG', 'AI', 'AL', 'AM', 'AO', 'AQ', 'AR', 'AS', 'AT', 'AU', 'AW', 'AX', 'AZ', 'BA', 'BB', 'BD', 'BE', 'BF', 'BG', 'BH', 'BI', 'BJ', 'BL', 'BM', 'BN', 'BO', 'BQ', 'BR', 'BS', 'BT', '...</msg>
<var>${list_country}</var>
<arg>AD</arg>
<arg>AE</arg>
<arg>AF</arg>
<arg>AG</arg>
<arg>AI</arg>
<arg>AL</arg>
<arg>AM</arg>
<arg>AO</arg>
<arg>AQ</arg>
<arg>AR</arg>
<arg>AS</arg>
<arg>AT</arg>
<arg>AU</arg>
<arg>AW</arg>
<arg>AX</arg>
<arg>AZ</arg>
<arg>BA</arg>
<arg>BB</arg>
<arg>BD</arg>
<arg>BE</arg>
<arg>BF</arg>
<arg>BG</arg>
<arg>BH</arg>
<arg>BI</arg>
<arg>BJ</arg>
<arg>BL</arg>
<arg>BM</arg>
<arg>BN</arg>
<arg>BO</arg>
<arg>BQ</arg>
<arg>BR</arg>
<arg>BS</arg>
<arg>BT</arg>
<arg>BV</arg>
<arg>BW</arg>
<arg>BY</arg>
<arg>BZ</arg>
<arg>CA</arg>
<arg>CC</arg>
<arg>CD</arg>
<arg>CF</arg>
<arg>CG</arg>
<arg>CH</arg>
<arg>CI</arg>
<arg>CK</arg>
<arg>CL</arg>
<arg>CM</arg>
<arg>CN</arg>
<arg>CO</arg>
<arg>CR</arg>
<arg>CU</arg>
<arg>CV</arg>
<arg>CW</arg>
<arg>CX</arg>
<arg>CY</arg>
<arg>CZ</arg>
<arg>DE</arg>
<arg>DJ</arg>
<arg>DK</arg>
<arg>DM</arg>
<arg>DO</arg>
<arg>DZ</arg>
<arg>EC</arg>
<arg>EE</arg>
<arg>EG</arg>
<arg>EH</arg>
<arg>ER</arg>
<arg>ES</arg>
<arg>ET</arg>
<arg>FI</arg>
<arg>FJ</arg>
<arg>FK</arg>
<arg>FM</arg>
<arg>FO</arg>
<arg>FR</arg>
<arg>GA</arg>
<arg>GB</arg>
<arg>GD</arg>
<arg>GE</arg>
<arg>GF</arg>
<arg>GG</arg>
<arg>GH</arg>
<arg>GI</arg>
<arg>GL</arg>
<arg>GM</arg>
<arg>GN</arg>
<arg>GP</arg>
<arg>GQ</arg>
<arg>GR</arg>
<arg>GS</arg>
<arg>GT</arg>
<arg>GU</arg>
<arg>GW</arg>
<arg>GY</arg>
<arg>HK</arg>
<arg>HM</arg>
<arg>HN</arg>
<arg>HR</arg>
<arg>HT</arg>
<arg>HU</arg>
<arg>ID</arg>
<arg>IE</arg>
<arg>IL</arg>
<arg>IM</arg>
<arg>IN</arg>
<arg>IO</arg>
<arg>IQ</arg>
<arg>IR</arg>
<arg>IS</arg>
<arg>IT</arg>
<arg>JE</arg>
<arg>JM</arg>
<arg>JO</arg>
<arg>JP</arg>
<arg>KE</arg>
<arg>KG</arg>
<arg>KH</arg>
<arg>KI</arg>
<arg>KM</arg>
<arg>KN</arg>
<arg>KP</arg>
<arg>KR</arg>
<arg>KW</arg>
<arg>KY</arg>
<arg>KZ</arg>
<arg>LA</arg>
<arg>LB</arg>
<arg>LC</arg>
<arg>LI</arg>
<arg>LK</arg>
<arg>LR</arg>
<arg>LS</arg>
<arg>LT</arg>
<arg>LU</arg>
<arg>LV</arg>
<arg>LY</arg>
<arg>MA</arg>
<arg>MC</arg>
<arg>MD</arg>
<arg>ME</arg>
<arg>MF</arg>
<arg>MG</arg>
<arg>MH</arg>
<arg>MK</arg>
<arg>ML</arg>
<arg>MM</arg>
<arg>MN</arg>
<arg>MO</arg>
<arg>MP</arg>
<arg>MQ</arg>
<arg>MR</arg>
<arg>MS</arg>
<arg>MT</arg>
<arg>MU</arg>
<arg>MV</arg>
<arg>MW</arg>
<arg>MX</arg>
<arg>MY</arg>
<arg>MZ</arg>
<arg>NA</arg>
<arg>NC</arg>
<arg>NE</arg>
<arg>NF</arg>
<arg>NG</arg>
<arg>NI</arg>
<arg>NL</arg>
<arg>NO</arg>
<arg>NP</arg>
<arg>NR</arg>
<arg>NU</arg>
<arg>NZ</arg>
<arg>OM</arg>
<arg>PA</arg>
<arg>PE</arg>
<arg>PF</arg>
<arg>PG</arg>
<arg>PH</arg>
<arg>PK</arg>
<arg>PL</arg>
<arg>PM</arg>
<arg>PN</arg>
<arg>PR</arg>
<arg>PS</arg>
<arg>PT</arg>
<arg>PW</arg>
<arg>PY</arg>
<arg>QA</arg>
<arg>RE</arg>
<arg>RO</arg>
<arg>RS</arg>
<arg>RU</arg>
<arg>RW</arg>
<arg>SA</arg>
<arg>SB</arg>
<arg>SC</arg>
<arg>SD</arg>
<arg>SE</arg>
<arg>SG</arg>
<arg>SH</arg>
<arg>SI</arg>
<arg>SJ</arg>
<arg>SK</arg>
<arg>SL</arg>
<arg>SM</arg>
<arg>SN</arg>
<arg>SO</arg>
<arg>SR</arg>
<arg>SS</arg>
<arg>ST</arg>
<arg>SV</arg>
<arg>SX</arg>
<arg>SY</arg>
<arg>SZ</arg>
<arg>TC</arg>
<arg>TD</arg>
<arg>TF</arg>
<arg>TG</arg>
<arg>TH</arg>
<arg>TJ</arg>
<arg>TK</arg>
<arg>TL</arg>
<arg>TM</arg>
<arg>TN</arg>
<arg>TO</arg>
<arg>TR</arg>
<arg>TT</arg>
<arg>TV</arg>
<arg>TW</arg>
<arg>TZ</arg>
<arg>UA</arg>
<arg>UG</arg>
<arg>UM</arg>
<arg>US</arg>
<arg>UY</arg>
<arg>UZ</arg>
<arg>VA</arg>
<arg>VC</arg>
<arg>VE</arg>
<arg>VG</arg>
<arg>VI</arg>
<arg>VN</arg>
<arg>VU</arg>
<arg>WF</arg>
<arg>WS</arg>
<arg>XK</arg>
<arg>YE</arg>
<arg>YT</arg>
<arg>ZA</arg>
<arg>ZM</arg>
<arg>ZW</arg>
<doc>Returns a list containing given items.</doc>
<status status="PASS" start="2024-05-30T23:15:20.794065" elapsed="0.000622"/>
</kw>
<kw name="List Should Contain Value" owner="Collections">
<msg time="2024-05-30T23:15:20.795670" level="INFO">False</msg>
<arg>${list_country}</arg>
<arg>${name_country}</arg>
<doc>Fails if the ``value`` is not found from ``list``.</doc>
<status status="PASS" start="2024-05-30T23:15:20.795466" elapsed="0.000239"/>
</kw>
<kw name="Run Keyword If" owner="BuiltIn">
<kw name="Should Be True" owner="BuiltIn">
<arg>${True}</arg>
<doc>Fails if the given condition is not true.</doc>
<status status="PASS" start="2024-05-30T23:15:20.796762" elapsed="0.000141"/>
</kw>
<arg>${json_data["results"][0]["location"]["coordinates"]["latitude"]} &gt;= -90 and ${json_data["results"][0]["location"]["coordinates"]["latitude"]} &lt;= 90</arg>
<arg>Should Be True</arg>
<arg>${True}</arg>
<doc>Runs the given keyword with the given arguments, if ``condition`` is true.</doc>
<status status="PASS" start="2024-05-30T23:15:20.796024" elapsed="0.001004"/>
</kw>
<kw name="Run Keyword If" owner="BuiltIn">
<kw name="Should Be True" owner="BuiltIn">
<arg>${True}</arg>
<doc>Fails if the given condition is not true.</doc>
<status status="PASS" start="2024-05-30T23:15:20.797903" elapsed="0.000168"/>
</kw>
<arg>${json_data["results"][0]["location"]["coordinates"]["longitude"]} &gt;= -180 and ${json_data["results"][0]["location"]["coordinates"]["longitude"]} &lt;= 180</arg>
<arg>Should Be True</arg>
<arg>${True}</arg>
<doc>Runs the given keyword with the given arguments, if ``condition`` is true.</doc>
<status status="PASS" start="2024-05-30T23:15:20.797214" elapsed="0.000980"/>
</kw>
<status status="PASS" start="2024-05-30T23:15:20.686450" elapsed="0.111871"/>
</kw>
<doc>Testa o conteúdo específico dos campos retornados pela API.</doc>
<tag>testeConteudo</tag>
<status status="PASS" start="2024-05-30T23:15:20.685750" elapsed="0.112707"/>
</test>
<status status="PASS" start="2024-05-30T23:15:19.854119" elapsed="0.946265"/>
</suite>
<status status="PASS" start="2024-05-30T23:15:19.840772" elapsed="0.964679"/>
</suite>
<statistics>
<total>
<stat pass="5" fail="0" skip="0">All Tests</stat>
</total>
<tag>
<stat pass="1" fail="0" skip="0">testeConteudo</stat>
<stat pass="1" fail="0" skip="0">testeEstruturaResposta</stat>
<stat pass="1" fail="0" skip="0">testeRequisicaoBasica</stat>
<stat pass="1" fail="0" skip="0">testeTiposDados</stat>
</tag>
<suite>
<stat pass="5" fail="0" skip="0" id="s1" name="Tests">Tests</stat>
<stat pass="5" fail="0" skip="0" id="s1-s1" name="Random-User-Test">Tests.Random-User-Test</stat>
</suite>
</statistics>
<errors>
</errors>
</robot>
