<?xml version="1.0" encoding="UTF-8"?>
<robot generator="Robot 7.0.1 (Python 3.12.4 on linux)" generated="2024-08-10T14:13:43.110620" rpa="false" schemaversion="5">
<suite id="s1" name="Tests" source="/home/runner/work/ApiRandomUser/ApiRandomUser/RamdonUser/tests">
<suite id="s1-s1" name="Random-User-Test" source="/home/runner/work/ApiRandomUser/ApiRandomUser/RamdonUser/tests/random-user-test.robot">
<test id="s1-s1-t1" name="Conectar" line="13">
<kw name="Conectar API" owner="random-user-service">
<kw name="Create Session" owner="RequestsLibrary">
<msg time="2024-08-10T14:13:43.505776" level="INFO">Creating Session using : alias=consultarAPI, url=https://randomuser.me/, headers={},                     cookies={}, auth=None, timeout=None, proxies=None, verify=False,                     debug=0 </msg>
<arg>consultarAPI</arg>
<arg>${URL}</arg>
<doc>Create Session: create a HTTP session to a server</doc>
<status status="PASS" start="2024-08-10T14:13:43.505581" elapsed="0.000363"/>
</kw>
<status status="PASS" start="2024-08-10T14:13:43.504543" elapsed="0.001752"/>
</kw>
<status status="PASS" start="2024-08-10T14:13:43.503993" elapsed="0.002499"/>
</test>
<test id="s1-s1-t2" name="Validar retorno 200 e JSON Válido" line="16">
<kw name="Teste de Requisicao Basica" owner="random-user-service">
<kw name="GET On Session" owner="RequestsLibrary">
<msg time="2024-08-10T14:13:43.667303" level="INFO">GET Request : url=https://randomuser.me/api 
 path_url=/api 
 headers={'User-Agent': 'python-requests/2.32.3', 'Accept-Encoding': 'gzip, deflate', 'Accept': '*/*', 'Connection': 'keep-alive'} 
 body=None 
 </msg>
<msg time="2024-08-10T14:13:43.667458" level="INFO">GET Response : url=https://randomuser.me/api 
 status=200, reason=OK 
 headers={'Date': 'Sat, 10 Aug 2024 14:13:43 GMT', 'Content-Type': 'application/json; charset=utf-8', 'Transfer-Encoding': 'chunked', 'Connection': 'keep-alive', 'X-Powered-By': 'Express', 'Access-Control-Allow-Origin': '*', 'Cache-Control': 'no-cache', 'ETag': 'W/"471-f2JhOP/fdeBc6yOuk7IBsiJ2aUc"', 'Vary': 'Accept-Encoding', 'Content-Encoding': 'gzip', 'CF-Cache-Status': 'DYNAMIC', 'Report-To': '{"endpoints":[{"url":"https:\\/\\/a.nel.cloudflare.com\\/report\\/v4?s=2%2FLgsRoLuLJLhQN5q64iCLV8%2F3Dulbf%2F%2BTHcMfeaSn6qd4Z6zZWeAh0F0HO4%2BS2SEjq9fsfDiqLU%2FGSZdHeudlh2CKCAJdUKi5FzQLsygs%2FZtGIeXU7ENwsyd4uurRG%2F"}],"group":"cf-nel","max_age":604800}', 'NEL': '{"success_fraction":0,"report_to":"cf-nel","max_age":604800}', 'Server': 'cloudflare', 'CF-RAY': '8b10969359ae7cef-LAX', 'alt-svc': 'h3=":443"; ma=86400'} 
 body={"results":[{"gender":"female","name":{"title":"Ms","first":"Amelia","last":"Welch"},"location":{"street":{"number":2030,"name":"Grafton Street"},"city":"Buncrana","state":"Dublin City","country":"Ireland","postcode":80973,"coordinates":{"latitude":"3.3494","longitude":"97.0901"},"timezone":{"offset":"+5:45","description":"Kathmandu"}},"email":"amelia.welch@example.com","login":{"uuid":"1feb3323-cf0b-4d9f-a96a-89d31948aad6","username":"redlion622","password":"gidget","salt":"9aS1M7zM","md5":"5a4dd6257185e32f1af99517f7bd08a2","sha1":"19f85b19ffc3b91a5eb8bdb902c3337f0040ad96","sha256":"58330a2c595296a664a2645958026f6d13a74feca18017d66c974ed3801edffd"},"dob":{"date":"1993-03-14T00:50:05.961Z","age":31},"registered":{"date":"2006-01-31T17:21:50.923Z","age":18},"phone":"041-256-6847","cell":"081-954-5701","id":{"name":"PPS","value":"3679414T"},"picture":{"large":"https://randomuser.me/api/portraits/women/9.jpg","medium":"https://randomuser.me/api/portraits/med/women/9.jpg","thumbnail":"https://randomuser.me/api/portraits/thumb/women/9.jpg"},"nat":"IE"}],"info":{"seed":"51ab943c543049a8","results":1,"page":1,"version":"1.4"}} 
 </msg>
<msg time="2024-08-10T14:13:43.667549" level="INFO">/opt/hostedtoolcache/Python/3.12.4/x64/lib/python3.12/site-packages/urllib3/connectionpool.py:1099: InsecureRequestWarning: Unverified HTTPS request is being made to host 'randomuser.me'. Adding certificate verification is strongly advised. See: https://urllib3.readthedocs.io/en/latest/advanced-usage.html#tls-warnings
  warnings.warn(</msg>
<msg time="2024-08-10T14:13:43.667668" level="INFO">${response} = &lt;Response [200]&gt;</msg>
<var>${response}</var>
<arg>consultarAPI</arg>
<arg>/api</arg>
<doc>Sends a GET request on a previously created HTTP Session.</doc>
<status status="PASS" start="2024-08-10T14:13:43.509125" elapsed="0.158581"/>
</kw>
<kw name="Should Be Equal As Numbers" owner="BuiltIn">
<msg time="2024-08-10T14:13:43.668569" level="INFO">Argument types are:
&lt;class 'int'&gt;
&lt;class 'str'&gt;</msg>
<arg>${response.status_code}</arg>
<arg>200</arg>
<doc>Fails if objects are unequal after converting them to real numbers.</doc>
<status status="PASS" start="2024-08-10T14:13:43.668154" elapsed="0.000478"/>
</kw>
<kw name="Log" owner="BuiltIn">
<msg time="2024-08-10T14:13:43.669313" level="INFO">200</msg>
<arg>${response.status_code}</arg>
<doc>Logs the given message with the given level.</doc>
<status status="PASS" start="2024-08-10T14:13:43.668953" elapsed="0.000404"/>
</kw>
<kw name="Set Variable" owner="BuiltIn">
<msg time="2024-08-10T14:13:43.670114" level="INFO">${json_data} = {'results': [{'gender': 'female', 'name': {'title': 'Ms', 'first': 'Amelia', 'last': 'Welch'}, 'location': {'street': {'number': 2030, 'name': 'Grafton Street'}, 'city': 'Buncrana', 'state': 'Dublin C...</msg>
<var>${json_data}</var>
<arg>${response.json()}</arg>
<doc>Returns the given values which can then be assigned to a variables.</doc>
<status status="PASS" start="2024-08-10T14:13:43.669677" elapsed="0.000464"/>
</kw>
<kw name="Dictionary Should Contain Key" owner="Collections">
<arg>${json_data}</arg>
<arg>results</arg>
<doc>Fails if ``key`` is not found from ``dictionary``.</doc>
<status status="PASS" start="2024-08-10T14:13:43.670448" elapsed="0.000305"/>
</kw>
<status status="PASS" start="2024-08-10T14:13:43.508877" elapsed="0.162032"/>
</kw>
<doc>Testa se a API responde corretamente e retorna um objeto JSON válido.</doc>
<tag>testeRequisicaoBasica</tag>
<status status="PASS" start="2024-08-10T14:13:43.508424" elapsed="0.162655"/>
</test>
<test id="s1-s1-t3" name="Validar estrutura de resposta" line="22">
<kw name="Teste de Estrutura de Resposta" owner="random-user-service">
<kw name="GET On Session" owner="RequestsLibrary">
<msg time="2024-08-10T14:13:43.782784" level="INFO">GET Request : url=https://randomuser.me/api 
 path_url=/api 
 headers={'User-Agent': 'python-requests/2.32.3', 'Accept-Encoding': 'gzip, deflate', 'Accept': '*/*', 'Connection': 'keep-alive'} 
 body=None 
 </msg>
<msg time="2024-08-10T14:13:43.782856" level="INFO">GET Response : url=https://randomuser.me/api 
 status=200, reason=OK 
 headers={'Date': 'Sat, 10 Aug 2024 14:13:43 GMT', 'Content-Type': 'application/json; charset=utf-8', 'Transfer-Encoding': 'chunked', 'Connection': 'keep-alive', 'X-Powered-By': 'Express', 'Access-Control-Allow-Origin': '*', 'Cache-Control': 'no-cache', 'ETag': 'W/"464-4S7u/8DPNODZxawMUyW7Wo7ai2A"', 'Vary': 'Accept-Encoding', 'Content-Encoding': 'gzip', 'CF-Cache-Status': 'DYNAMIC', 'Report-To': '{"endpoints":[{"url":"https:\\/\\/a.nel.cloudflare.com\\/report\\/v4?s=5mtG3sIlD%2Fq2J4%2BhZtj10f%2Fqwc7vbDDguW25%2FKb2nyGKll97kdWPt36j6COXUf3mDy8ACae%2FLkONlNtZPh1Ko%2BSCKP5lOXmVblboEPfG2xjYK3AWb41kr0kvyoxxiZ6I"}],"group":"cf-nel","max_age":604800}', 'NEL': '{"success_fraction":0,"report_to":"cf-nel","max_age":604800}', 'Server': 'cloudflare', 'CF-RAY': '8b109693fa297cef-LAX', 'alt-svc': 'h3=":443"; ma=86400'} 
 body={"results":[{"gender":"male","name":{"title":"Mr","first":"Liam","last":"Patel"},"location":{"street":{"number":4221,"name":"Grand Ave"},"city":"Waterloo","state":"Québec","country":"Canada","postcode":"O0S 2W0","coordinates":{"latitude":"-70.0905","longitude":"-43.0154"},"timezone":{"offset":"+3:30","description":"Tehran"}},"email":"liam.patel@example.com","login":{"uuid":"8b968fd7-3a7d-4582-a973-5e4f78305963","username":"lazyduck413","password":"marvin","salt":"mOEYtGlP","md5":"bc794519312f83bf8a2df3af2e143280","sha1":"559741ebeee0fa14b92ec2372f1c67604afcf064","sha256":"51a6c6e66da5b6382a2072fbd53cf5e9db13f44baf3e9853666f8511bdadc74b"},"dob":{"date":"1997-08-13T14:02:21.959Z","age":26},"registered":{"date":"2008-03-30T17:42:30.015Z","age":16},"phone":"M52 B35-4224","cell":"U04 Y14-3516","id":{"name":"SIN","value":"104705074"},"picture":{"large":"https://randomuser.me/api/portraits/men/95.jpg","medium":"https://randomuser.me/api/portraits/med/men/95.jpg","thumbnail":"https://randomuser.me/api/portraits/thumb/men/95.jpg"},"nat":"CA"}],"info":{"seed":"477f024f60393590","results":1,"page":1,"version":"1.4"}} 
 </msg>
<msg time="2024-08-10T14:13:43.782962" level="INFO">/opt/hostedtoolcache/Python/3.12.4/x64/lib/python3.12/site-packages/urllib3/connectionpool.py:1099: InsecureRequestWarning: Unverified HTTPS request is being made to host 'randomuser.me'. Adding certificate verification is strongly advised. See: https://urllib3.readthedocs.io/en/latest/advanced-usage.html#tls-warnings
  warnings.warn(</msg>
<msg time="2024-08-10T14:13:43.783064" level="INFO">${response} = &lt;Response [200]&gt;</msg>
<var>${response}</var>
<arg>consultarAPI</arg>
<arg>/api</arg>
<doc>Sends a GET request on a previously created HTTP Session.</doc>
<status status="PASS" start="2024-08-10T14:13:43.673721" elapsed="0.109385"/>
</kw>
<kw name="Set Variable" owner="BuiltIn">
<msg time="2024-08-10T14:13:43.784219" level="INFO">${json_data} = {'results': [{'gender': 'male', 'name': {'title': 'Mr', 'first': 'Liam', 'last': 'Patel'}, 'location': {'street': {'number': 4221, 'name': 'Grand Ave'}, 'city': 'Waterloo', 'state': 'Québec', 'country...</msg>
<var>${json_data}</var>
<arg>${response.json()}</arg>
<doc>Returns the given values which can then be assigned to a variables.</doc>
<status status="PASS" start="2024-08-10T14:13:43.783612" elapsed="0.000638"/>
</kw>
<kw name="Log" owner="BuiltIn">
<msg time="2024-08-10T14:13:43.784732" level="INFO">{'results': [{'gender': 'male', 'name': {'title': 'Mr', 'first': 'Liam', 'last': 'Patel'}, 'location': {'street': {'number': 4221, 'name': 'Grand Ave'}, 'city': 'Waterloo', 'state': 'Québec', 'country': 'Canada', 'postcode': 'O0S 2W0', 'coordinates': {'latitude': '-70.0905', 'longitude': '-43.0154'}, 'timezone': {'offset': '+3:30', 'description': 'Tehran'}}, 'email': 'liam.patel@example.com', 'login': {'uuid': '8b968fd7-3a7d-4582-a973-5e4f78305963', 'username': 'lazyduck413', 'password': 'marvin', 'salt': 'mOEYtGlP', 'md5': 'bc794519312f83bf8a2df3af2e143280', 'sha1': '559741ebeee0fa14b92ec2372f1c67604afcf064', 'sha256': '51a6c6e66da5b6382a2072fbd53cf5e9db13f44baf3e9853666f8511bdadc74b'}, 'dob': {'date': '1997-08-13T14:02:21.959Z', 'age': 26}, 'registered': {'date': '2008-03-30T17:42:30.015Z', 'age': 16}, 'phone': 'M52 B35-4224', 'cell': 'U04 Y14-3516', 'id': {'name': 'SIN', 'value': '104705074'}, 'picture': {'large': 'https://randomuser.me/api/portraits/men/95.jpg', 'medium': 'https://randomuser.me/api/portraits/med/men/95.jpg', 'thumbnail': 'https://randomuser.me/api/portraits/thumb/men/95.jpg'}, 'nat': 'CA'}], 'info': {'seed': '477f024f60393590', 'results': 1, 'page': 1, 'version': '1.4'}}</msg>
<arg>${json_data}</arg>
<doc>Logs the given message with the given level.</doc>
<status status="PASS" start="2024-08-10T14:13:43.784566" elapsed="0.000216"/>
</kw>
<kw name="Dictionary Should Contain Key" owner="Collections">
<arg>${json_data}</arg>
<arg>results</arg>
<doc>Fails if ``key`` is not found from ``dictionary``.</doc>
<status status="PASS" start="2024-08-10T14:13:43.785079" elapsed="0.000167"/>
</kw>
<kw name="Should Not Be Empty" owner="BuiltIn">
<msg time="2024-08-10T14:13:43.785557" level="INFO">Length is 2.</msg>
<arg>${json_data}</arg>
<doc>Verifies that the given item is not empty.</doc>
<status status="PASS" start="2024-08-10T14:13:43.785431" elapsed="0.000164"/>
</kw>
<kw name="Create List" owner="BuiltIn">
<msg time="2024-08-10T14:13:43.786034" level="INFO">${expected_keys} = ['gender', 'name', 'location', 'email', 'login']</msg>
<var>${expected_keys}</var>
<arg>gender</arg>
<arg>name</arg>
<arg>location</arg>
<arg>email</arg>
<arg>login</arg>
<doc>Returns a list containing given items.</doc>
<status status="PASS" start="2024-08-10T14:13:43.785880" elapsed="0.000179"/>
</kw>
<for flavor="IN">
<iter>
<kw name="Dictionary Should Contain Key" owner="Collections">
<arg>${json_data['results'][0]}</arg>
<arg>${key}</arg>
<doc>Fails if ``key`` is not found from ``dictionary``.</doc>
<status status="PASS" start="2024-08-10T14:13:43.786642" elapsed="0.000409"/>
</kw>
<kw name="Log" owner="BuiltIn">
<msg time="2024-08-10T14:13:43.787664" level="INFO">{'gender': 'male', 'name': {'title': 'Mr', 'first': 'Liam', 'last': 'Patel'}, 'location': {'street': {'number': 4221, 'name': 'Grand Ave'}, 'city': 'Waterloo', 'state': 'Québec', 'country': 'Canada', 'postcode': 'O0S 2W0', 'coordinates': {'latitude': '-70.0905', 'longitude': '-43.0154'}, 'timezone': {'offset': '+3:30', 'description': 'Tehran'}}, 'email': 'liam.patel@example.com', 'login': {'uuid': '8b968fd7-3a7d-4582-a973-5e4f78305963', 'username': 'lazyduck413', 'password': 'marvin', 'salt': 'mOEYtGlP', 'md5': 'bc794519312f83bf8a2df3af2e143280', 'sha1': '559741ebeee0fa14b92ec2372f1c67604afcf064', 'sha256': '51a6c6e66da5b6382a2072fbd53cf5e9db13f44baf3e9853666f8511bdadc74b'}, 'dob': {'date': '1997-08-13T14:02:21.959Z', 'age': 26}, 'registered': {'date': '2008-03-30T17:42:30.015Z', 'age': 16}, 'phone': 'M52 B35-4224', 'cell': 'U04 Y14-3516', 'id': {'name': 'SIN', 'value': '104705074'}, 'picture': {'large': 'https://randomuser.me/api/portraits/men/95.jpg', 'medium': 'https://randomuser.me/api/portraits/med/men/95.jpg', 'thumbnail': 'https://randomuser.me/api/portraits/thumb/men/95.jpg'}, 'nat': 'CA'}</msg>
<arg>${json_data['results'][0]}</arg>
<doc>Logs the given message with the given level.</doc>
<status status="PASS" start="2024-08-10T14:13:43.787281" elapsed="0.000435"/>
</kw>
<kw name="Log" owner="BuiltIn">
<msg time="2024-08-10T14:13:43.788144" level="INFO">gender</msg>
<arg>${key}</arg>
<doc>Logs the given message with the given level.</doc>
<status status="PASS" start="2024-08-10T14:13:43.788015" elapsed="0.000168"/>
</kw>
<var name="${key}">gender</var>
<status status="PASS" start="2024-08-10T14:13:43.786512" elapsed="0.001888"/>
</iter>
<iter>
<kw name="Dictionary Should Contain Key" owner="Collections">
<arg>${json_data['results'][0]}</arg>
<arg>${key}</arg>
<doc>Fails if ``key`` is not found from ``dictionary``.</doc>
<status status="PASS" start="2024-08-10T14:13:43.788704" elapsed="0.000387"/>
</kw>
<kw name="Log" owner="BuiltIn">
<msg time="2024-08-10T14:13:43.789631" level="INFO">{'gender': 'male', 'name': {'title': 'Mr', 'first': 'Liam', 'last': 'Patel'}, 'location': {'street': {'number': 4221, 'name': 'Grand Ave'}, 'city': 'Waterloo', 'state': 'Québec', 'country': 'Canada', 'postcode': 'O0S 2W0', 'coordinates': {'latitude': '-70.0905', 'longitude': '-43.0154'}, 'timezone': {'offset': '+3:30', 'description': 'Tehran'}}, 'email': 'liam.patel@example.com', 'login': {'uuid': '8b968fd7-3a7d-4582-a973-5e4f78305963', 'username': 'lazyduck413', 'password': 'marvin', 'salt': 'mOEYtGlP', 'md5': 'bc794519312f83bf8a2df3af2e143280', 'sha1': '559741ebeee0fa14b92ec2372f1c67604afcf064', 'sha256': '51a6c6e66da5b6382a2072fbd53cf5e9db13f44baf3e9853666f8511bdadc74b'}, 'dob': {'date': '1997-08-13T14:02:21.959Z', 'age': 26}, 'registered': {'date': '2008-03-30T17:42:30.015Z', 'age': 16}, 'phone': 'M52 B35-4224', 'cell': 'U04 Y14-3516', 'id': {'name': 'SIN', 'value': '104705074'}, 'picture': {'large': 'https://randomuser.me/api/portraits/men/95.jpg', 'medium': 'https://randomuser.me/api/portraits/med/men/95.jpg', 'thumbnail': 'https://randomuser.me/api/portraits/thumb/men/95.jpg'}, 'nat': 'CA'}</msg>
<arg>${json_data['results'][0]}</arg>
<doc>Logs the given message with the given level.</doc>
<status status="PASS" start="2024-08-10T14:13:43.789277" elapsed="0.000434"/>
</kw>
<kw name="Log" owner="BuiltIn">
<msg time="2024-08-10T14:13:43.790166" level="INFO">name</msg>
<arg>${key}</arg>
<doc>Logs the given message with the given level.</doc>
<status status="PASS" start="2024-08-10T14:13:43.790035" elapsed="0.000168"/>
</kw>
<var name="${key}">name</var>
<status status="PASS" start="2024-08-10T14:13:43.788584" elapsed="0.001835"/>
</iter>
<iter>
<kw name="Dictionary Should Contain Key" owner="Collections">
<arg>${json_data['results'][0]}</arg>
<arg>${key}</arg>
<doc>Fails if ``key`` is not found from ``dictionary``.</doc>
<status status="PASS" start="2024-08-10T14:13:43.790727" elapsed="0.000428"/>
</kw>
<kw name="Log" owner="BuiltIn">
<msg time="2024-08-10T14:13:43.791739" level="INFO">{'gender': 'male', 'name': {'title': 'Mr', 'first': 'Liam', 'last': 'Patel'}, 'location': {'street': {'number': 4221, 'name': 'Grand Ave'}, 'city': 'Waterloo', 'state': 'Québec', 'country': 'Canada', 'postcode': 'O0S 2W0', 'coordinates': {'latitude': '-70.0905', 'longitude': '-43.0154'}, 'timezone': {'offset': '+3:30', 'description': 'Tehran'}}, 'email': 'liam.patel@example.com', 'login': {'uuid': '8b968fd7-3a7d-4582-a973-5e4f78305963', 'username': 'lazyduck413', 'password': 'marvin', 'salt': 'mOEYtGlP', 'md5': 'bc794519312f83bf8a2df3af2e143280', 'sha1': '559741ebeee0fa14b92ec2372f1c67604afcf064', 'sha256': '51a6c6e66da5b6382a2072fbd53cf5e9db13f44baf3e9853666f8511bdadc74b'}, 'dob': {'date': '1997-08-13T14:02:21.959Z', 'age': 26}, 'registered': {'date': '2008-03-30T17:42:30.015Z', 'age': 16}, 'phone': 'M52 B35-4224', 'cell': 'U04 Y14-3516', 'id': {'name': 'SIN', 'value': '104705074'}, 'picture': {'large': 'https://randomuser.me/api/portraits/men/95.jpg', 'medium': 'https://randomuser.me/api/portraits/med/men/95.jpg', 'thumbnail': 'https://randomuser.me/api/portraits/thumb/men/95.jpg'}, 'nat': 'CA'}</msg>
<arg>${json_data['results'][0]}</arg>
<doc>Logs the given message with the given level.</doc>
<status status="PASS" start="2024-08-10T14:13:43.791382" elapsed="0.000408"/>
</kw>
<kw name="Log" owner="BuiltIn">
<msg time="2024-08-10T14:13:43.792222" level="INFO">location</msg>
<arg>${key}</arg>
<doc>Logs the given message with the given level.</doc>
<status status="PASS" start="2024-08-10T14:13:43.792094" elapsed="0.000166"/>
</kw>
<var name="${key}">location</var>
<status status="PASS" start="2024-08-10T14:13:43.790606" elapsed="0.001866"/>
</iter>
<iter>
<kw name="Dictionary Should Contain Key" owner="Collections">
<arg>${json_data['results'][0]}</arg>
<arg>${key}</arg>
<doc>Fails if ``key`` is not found from ``dictionary``.</doc>
<status status="PASS" start="2024-08-10T14:13:43.792753" elapsed="0.000392"/>
</kw>
<kw name="Log" owner="BuiltIn">
<msg time="2024-08-10T14:13:43.793793" level="INFO">{'gender': 'male', 'name': {'title': 'Mr', 'first': 'Liam', 'last': 'Patel'}, 'location': {'street': {'number': 4221, 'name': 'Grand Ave'}, 'city': 'Waterloo', 'state': 'Québec', 'country': 'Canada', 'postcode': 'O0S 2W0', 'coordinates': {'latitude': '-70.0905', 'longitude': '-43.0154'}, 'timezone': {'offset': '+3:30', 'description': 'Tehran'}}, 'email': 'liam.patel@example.com', 'login': {'uuid': '8b968fd7-3a7d-4582-a973-5e4f78305963', 'username': 'lazyduck413', 'password': 'marvin', 'salt': 'mOEYtGlP', 'md5': 'bc794519312f83bf8a2df3af2e143280', 'sha1': '559741ebeee0fa14b92ec2372f1c67604afcf064', 'sha256': '51a6c6e66da5b6382a2072fbd53cf5e9db13f44baf3e9853666f8511bdadc74b'}, 'dob': {'date': '1997-08-13T14:02:21.959Z', 'age': 26}, 'registered': {'date': '2008-03-30T17:42:30.015Z', 'age': 16}, 'phone': 'M52 B35-4224', 'cell': 'U04 Y14-3516', 'id': {'name': 'SIN', 'value': '104705074'}, 'picture': {'large': 'https://randomuser.me/api/portraits/men/95.jpg', 'medium': 'https://randomuser.me/api/portraits/med/men/95.jpg', 'thumbnail': 'https://randomuser.me/api/portraits/thumb/men/95.jpg'}, 'nat': 'CA'}</msg>
<arg>${json_data['results'][0]}</arg>
<doc>Logs the given message with the given level.</doc>
<status status="PASS" start="2024-08-10T14:13:43.793437" elapsed="0.000415"/>
</kw>
<kw name="Log" owner="BuiltIn">
<msg time="2024-08-10T14:13:43.794283" level="INFO">email</msg>
<arg>${key}</arg>
<doc>Logs the given message with the given level.</doc>
<status status="PASS" start="2024-08-10T14:13:43.794152" elapsed="0.000169"/>
</kw>
<var name="${key}">email</var>
<status status="PASS" start="2024-08-10T14:13:43.792645" elapsed="0.001895"/>
</iter>
<iter>
<kw name="Dictionary Should Contain Key" owner="Collections">
<arg>${json_data['results'][0]}</arg>
<arg>${key}</arg>
<doc>Fails if ``key`` is not found from ``dictionary``.</doc>
<status status="PASS" start="2024-08-10T14:13:43.794825" elapsed="0.000376"/>
</kw>
<kw name="Log" owner="BuiltIn">
<msg time="2024-08-10T14:13:43.795800" level="INFO">{'gender': 'male', 'name': {'title': 'Mr', 'first': 'Liam', 'last': 'Patel'}, 'location': {'street': {'number': 4221, 'name': 'Grand Ave'}, 'city': 'Waterloo', 'state': 'Québec', 'country': 'Canada', 'postcode': 'O0S 2W0', 'coordinates': {'latitude': '-70.0905', 'longitude': '-43.0154'}, 'timezone': {'offset': '+3:30', 'description': 'Tehran'}}, 'email': 'liam.patel@example.com', 'login': {'uuid': '8b968fd7-3a7d-4582-a973-5e4f78305963', 'username': 'lazyduck413', 'password': 'marvin', 'salt': 'mOEYtGlP', 'md5': 'bc794519312f83bf8a2df3af2e143280', 'sha1': '559741ebeee0fa14b92ec2372f1c67604afcf064', 'sha256': '51a6c6e66da5b6382a2072fbd53cf5e9db13f44baf3e9853666f8511bdadc74b'}, 'dob': {'date': '1997-08-13T14:02:21.959Z', 'age': 26}, 'registered': {'date': '2008-03-30T17:42:30.015Z', 'age': 16}, 'phone': 'M52 B35-4224', 'cell': 'U04 Y14-3516', 'id': {'name': 'SIN', 'value': '104705074'}, 'picture': {'large': 'https://randomuser.me/api/portraits/men/95.jpg', 'medium': 'https://randomuser.me/api/portraits/med/men/95.jpg', 'thumbnail': 'https://randomuser.me/api/portraits/thumb/men/95.jpg'}, 'nat': 'CA'}</msg>
<arg>${json_data['results'][0]}</arg>
<doc>Logs the given message with the given level.</doc>
<status status="PASS" start="2024-08-10T14:13:43.795434" elapsed="0.000414"/>
</kw>
<kw name="Log" owner="BuiltIn">
<msg time="2024-08-10T14:13:43.796267" level="INFO">login</msg>
<arg>${key}</arg>
<doc>Logs the given message with the given level.</doc>
<status status="PASS" start="2024-08-10T14:13:43.796140" elapsed="0.000164"/>
</kw>
<var name="${key}">login</var>
<status status="PASS" start="2024-08-10T14:13:43.794716" elapsed="0.001808"/>
</iter>
<var>${key}</var>
<value>@{expected_keys}</value>
<status status="PASS" start="2024-08-10T14:13:43.786319" elapsed="0.010326"/>
</for>
<kw name="Create List" owner="BuiltIn">
<msg time="2024-08-10T14:13:43.796972" level="INFO">${expected_keysTwo} = ['username', 'password']</msg>
<var>${expected_keysTwo}</var>
<arg>username</arg>
<arg>password</arg>
<doc>Returns a list containing given items.</doc>
<status status="PASS" start="2024-08-10T14:13:43.796836" elapsed="0.000160"/>
</kw>
<for flavor="IN">
<iter>
<kw name="Dictionary Should Contain Key" owner="Collections">
<arg>${json_data['results'][0]['login']}</arg>
<arg>${keyTwo}</arg>
<doc>Fails if ``key`` is not found from ``dictionary``.</doc>
<status status="PASS" start="2024-08-10T14:13:43.797535" elapsed="0.000390"/>
</kw>
<kw name="Dictionary Should Contain Key" owner="Collections">
<arg>${json_data['results'][0]['login']}</arg>
<arg>${keyTwo}</arg>
<doc>Fails if ``key`` is not found from ``dictionary``.</doc>
<status status="PASS" start="2024-08-10T14:13:43.798112" elapsed="0.000374"/>
</kw>
<kw name="Log" owner="BuiltIn">
<msg time="2024-08-10T14:13:43.798785" level="INFO">username</msg>
<arg>${keyTwo}</arg>
<doc>Logs the given message with the given level.</doc>
<status status="PASS" start="2024-08-10T14:13:43.798664" elapsed="0.000160"/>
</kw>
<var name="${keyTwo}">username</var>
<status status="PASS" start="2024-08-10T14:13:43.797426" elapsed="0.001617"/>
</iter>
<iter>
<kw name="Dictionary Should Contain Key" owner="Collections">
<arg>${json_data['results'][0]['login']}</arg>
<arg>${keyTwo}</arg>
<doc>Fails if ``key`` is not found from ``dictionary``.</doc>
<status status="PASS" start="2024-08-10T14:13:43.799362" elapsed="0.000391"/>
</kw>
<kw name="Dictionary Should Contain Key" owner="Collections">
<arg>${json_data['results'][0]['login']}</arg>
<arg>${keyTwo}</arg>
<doc>Fails if ``key`` is not found from ``dictionary``.</doc>
<status status="PASS" start="2024-08-10T14:13:43.799933" elapsed="0.000370"/>
</kw>
<kw name="Log" owner="BuiltIn">
<msg time="2024-08-10T14:13:43.800603" level="INFO">password</msg>
<arg>${keyTwo}</arg>
<doc>Logs the given message with the given level.</doc>
<status status="PASS" start="2024-08-10T14:13:43.800483" elapsed="0.000158"/>
</kw>
<var name="${keyTwo}">password</var>
<status status="PASS" start="2024-08-10T14:13:43.799244" elapsed="0.001616"/>
</iter>
<var>${keyTwo}</var>
<value>@{expected_keysTwo}</value>
<status status="PASS" start="2024-08-10T14:13:43.797266" elapsed="0.003717"/>
</for>
<status status="PASS" start="2024-08-10T14:13:43.673490" elapsed="0.127635"/>
</kw>
<doc>Testa a estrutura da resposta da API.</doc>
<tag>testeEstruturaResposta</tag>
<status status="PASS" start="2024-08-10T14:13:43.672982" elapsed="0.128294"/>
</test>
<test id="s1-s1-t4" name="Validar tipos de dados" line="28">
<kw name="Teste de Tipos de Dados" owner="random-user-service">
<kw name="GET On Session" owner="RequestsLibrary">
<msg time="2024-08-10T14:13:43.926594" level="INFO">GET Request : url=https://randomuser.me/api 
 path_url=/api 
 headers={'User-Agent': 'python-requests/2.32.3', 'Accept-Encoding': 'gzip, deflate', 'Accept': '*/*', 'Connection': 'keep-alive'} 
 body=None 
 </msg>
<msg time="2024-08-10T14:13:43.926659" level="INFO">GET Response : url=https://randomuser.me/api 
 status=200, reason=OK 
 headers={'Date': 'Sat, 10 Aug 2024 14:13:43 GMT', 'Content-Type': 'application/json; charset=utf-8', 'Transfer-Encoding': 'chunked', 'Connection': 'keep-alive', 'X-Powered-By': 'Express', 'Access-Control-Allow-Origin': '*', 'Cache-Control': 'no-cache', 'ETag': 'W/"4a6-tXZpN3NDAg3DFE+ONX84DpX4vz8"', 'Vary': 'Accept-Encoding', 'Content-Encoding': 'gzip', 'CF-Cache-Status': 'DYNAMIC', 'Report-To': '{"endpoints":[{"url":"https:\\/\\/a.nel.cloudflare.com\\/report\\/v4?s=B4OnF8pWkePWaMNq7ZfmILUWBcGYBDUJmSGsrqZivo8%2B1TyT11sbcX9krhA3YqYvPCJjS6uGPTStJYQVlMaiXy0pJYMyINVO%2FWviDM43REeFgAeOdIsBIn85kgFc1vnZ"}],"group":"cf-nel","max_age":604800}', 'NEL': '{"success_fraction":0,"report_to":"cf-nel","max_age":604800}', 'Server': 'cloudflare', 'CF-RAY': '8b109694cac07cef-LAX', 'alt-svc': 'h3=":443"; ma=86400'} 
 body={"results":[{"gender":"male","name":{"title":"Mr","first":"Peetu","last":"Pulkkinen"},"location":{"street":{"number":1089,"name":"Hermiankatu"},"city":"Heinola","state":"Ostrobothnia","country":"Finland","postcode":65867,"coordinates":{"latitude":"-25.0419","longitude":"-136.2829"},"timezone":{"offset":"0:00","description":"Western Europe Time, London, Lisbon, Casablanca"}},"email":"peetu.pulkkinen@example.com","login":{"uuid":"cb713179-34c3-4cd1-ba54-23c4e8126720","username":"greenelephant244","password":"parrot","salt":"pqVnWZeD","md5":"948f013fe489d8b967bfe7dfdb79432a","sha1":"10306eb85d8498eb5fe73d8fec02a6bc2bfed18b","sha256":"ecb09d03664f6d0f636840ba3be724194969cb2e2721b63c8dcb0a5cfdb1a867"},"dob":{"date":"1956-05-29T08:34:12.758Z","age":68},"registered":{"date":"2017-11-23T23:56:56.392Z","age":6},"phone":"09-501-341","cell":"040-374-37-43","id":{"name":"HETU","value":"NaNNA319undefined"},"picture":{"large":"https://randomuser.me/api/portraits/men/27.jpg","medium":"https://randomuser.me/api/portraits/med/men/27.jpg","thumbnail":"https://randomuser.me/api/portraits/thumb/men/27.jpg"},"nat":"FI"}],"info":{"seed":"39b1b088a7ce35a1","results":1,"page":1,"version":"1.4"}} 
 </msg>
<msg time="2024-08-10T14:13:43.926717" level="INFO">/opt/hostedtoolcache/Python/3.12.4/x64/lib/python3.12/site-packages/urllib3/connectionpool.py:1099: InsecureRequestWarning: Unverified HTTPS request is being made to host 'randomuser.me'. Adding certificate verification is strongly advised. See: https://urllib3.readthedocs.io/en/latest/advanced-usage.html#tls-warnings
  warnings.warn(</msg>
<msg time="2024-08-10T14:13:43.926800" level="INFO">${response} = &lt;Response [200]&gt;</msg>
<var>${response}</var>
<arg>consultarAPI</arg>
<arg>/api</arg>
<doc>Sends a GET request on a previously created HTTP Session.</doc>
<status status="PASS" start="2024-08-10T14:13:43.803721" elapsed="0.123104"/>
</kw>
<kw name="Set Variable" owner="BuiltIn">
<msg time="2024-08-10T14:13:43.927770" level="INFO">${json_data} = {'results': [{'gender': 'male', 'name': {'title': 'Mr', 'first': 'Peetu', 'last': 'Pulkkinen'}, 'location': {'street': {'number': 1089, 'name': 'Hermiankatu'}, 'city': 'Heinola', 'state': 'Ostrobothni...</msg>
<var>${json_data}</var>
<arg>${response.json()}</arg>
<doc>Returns the given values which can then be assigned to a variables.</doc>
<status status="PASS" start="2024-08-10T14:13:43.927281" elapsed="0.000518"/>
</kw>
<kw name="Log" owner="BuiltIn">
<msg time="2024-08-10T14:13:43.928261" level="INFO">{'results': [{'gender': 'male', 'name': {'title': 'Mr', 'first': 'Peetu', 'last': 'Pulkkinen'}, 'location': {'street': {'number': 1089, 'name': 'Hermiankatu'}, 'city': 'Heinola', 'state': 'Ostrobothnia', 'country': 'Finland', 'postcode': 65867, 'coordinates': {'latitude': '-25.0419', 'longitude': '-136.2829'}, 'timezone': {'offset': '0:00', 'description': 'Western Europe Time, London, Lisbon, Casablanca'}}, 'email': 'peetu.pulkkinen@example.com', 'login': {'uuid': 'cb713179-34c3-4cd1-ba54-23c4e8126720', 'username': 'greenelephant244', 'password': 'parrot', 'salt': 'pqVnWZeD', 'md5': '948f013fe489d8b967bfe7dfdb79432a', 'sha1': '10306eb85d8498eb5fe73d8fec02a6bc2bfed18b', 'sha256': 'ecb09d03664f6d0f636840ba3be724194969cb2e2721b63c8dcb0a5cfdb1a867'}, 'dob': {'date': '1956-05-29T08:34:12.758Z', 'age': 68}, 'registered': {'date': '2017-11-23T23:56:56.392Z', 'age': 6}, 'phone': '09-501-341', 'cell': '040-374-37-43', 'id': {'name': 'HETU', 'value': 'NaNNA319undefined'}, 'picture': {'large': 'https://randomuser.me/api/portraits/men/27.jpg', 'medium': 'https://randomuser.me/api/portraits/med/men/27.jpg', 'thumbnail': 'https://randomuser.me/api/portraits/thumb/men/27.jpg'}, 'nat': 'FI'}], 'info': {'seed': '39b1b088a7ce35a1', 'results': 1, 'page': 1, 'version': '1.4'}}</msg>
<arg>${json_data}</arg>
<doc>Logs the given message with the given level.</doc>
<status status="PASS" start="2024-08-10T14:13:43.928108" elapsed="0.000200"/>
</kw>
<kw name="Should Be String" owner="String">
<arg>${json_data['results'][0]['gender']}</arg>
<doc>Fails if the given ``item`` is not a string.</doc>
<status status="PASS" start="2024-08-10T14:13:43.928599" elapsed="0.000358"/>
</kw>
<kw name="Should Match Regexp" owner="BuiltIn">
<arg>${json_data['results'][0]['email']}</arg>
<arg>^[a-zA-Z0-9._%+-]+@[a-zA-Z0-9.-]+\.[a-zA-Z]{2,}$</arg>
<doc>Fails if ``string`` does not match ``pattern`` as a regular expression.</doc>
<status status="PASS" start="2024-08-10T14:13:43.929151" elapsed="0.000516"/>
</kw>
<kw name="Should Match Regexp" owner="BuiltIn">
<arg>${json_data['results'][0]['dob']['date']}</arg>
<arg>\\d{4}-\\d{2}-\\d{2}T\\d{2}:\\d{2}:\\d{2}\\.\\d{3}Z</arg>
<doc>Fails if ``string`` does not match ``pattern`` as a regular expression.</doc>
<status status="PASS" start="2024-08-10T14:13:43.929896" elapsed="0.000611"/>
</kw>
<kw name="Should Match Regexp" owner="BuiltIn">
<arg>${json_data['results'][0]['registered']['date']}</arg>
<arg>\\d{4}-\\d{2}-\\d{2}T\\d{2}:\\d{2}:\\d{2}\\.\\d{3}Z</arg>
<doc>Fails if ``string`` does not match ``pattern`` as a regular expression.</doc>
<status status="PASS" start="2024-08-10T14:13:43.930702" elapsed="0.000371"/>
</kw>
<kw name="Should Match Regexp" owner="BuiltIn">
<arg>${json_data['results'][0]['picture']['large']}</arg>
<arg>^https?://.*\.(?:png|jpe?g|gif|bmp)$</arg>
<doc>Fails if ``string`` does not match ``pattern`` as a regular expression.</doc>
<status status="PASS" start="2024-08-10T14:13:43.931281" elapsed="0.000472"/>
</kw>
<kw name="Should Match Regexp" owner="BuiltIn">
<arg>${json_data['results'][0]['picture']['medium']}</arg>
<arg>^https?://.*\.(?:png|jpe?g|gif|bmp)$</arg>
<doc>Fails if ``string`` does not match ``pattern`` as a regular expression.</doc>
<status status="PASS" start="2024-08-10T14:13:43.931941" elapsed="0.000359"/>
</kw>
<kw name="Should Match Regexp" owner="BuiltIn">
<arg>${json_data['results'][0]['picture']['thumbnail']}</arg>
<arg>^https?://.*\.(?:png|jpe?g|gif|bmp)$</arg>
<doc>Fails if ``string`` does not match ``pattern`` as a regular expression.</doc>
<status status="PASS" start="2024-08-10T14:13:43.932486" elapsed="0.000349"/>
</kw>
<kw name="Log" owner="BuiltIn">
<msg time="2024-08-10T14:13:43.933339" level="INFO">{'large': 'https://randomuser.me/api/portraits/men/27.jpg', 'medium': 'https://randomuser.me/api/portraits/med/men/27.jpg', 'thumbnail': 'https://randomuser.me/api/portraits/thumb/men/27.jpg'}</msg>
<arg>${json_data['results'][0]['picture']}</arg>
<doc>Logs the given message with the given level.</doc>
<status status="PASS" start="2024-08-10T14:13:43.933015" elapsed="0.000366"/>
</kw>
<status status="PASS" start="2024-08-10T14:13:43.803502" elapsed="0.130134"/>
</kw>
<kw name="Teste de Tipos de Dados - Postcode" owner="random-user-service">
<kw name="GET On Session" owner="RequestsLibrary">
<msg time="2024-08-10T14:13:44.051583" level="INFO">GET Request : url=https://randomuser.me/api 
 path_url=/api 
 headers={'User-Agent': 'python-requests/2.32.3', 'Accept-Encoding': 'gzip, deflate', 'Accept': '*/*', 'Connection': 'keep-alive'} 
 body=None 
 </msg>
<msg time="2024-08-10T14:13:44.051665" level="INFO">GET Response : url=https://randomuser.me/api 
 status=200, reason=OK 
 headers={'Date': 'Sat, 10 Aug 2024 14:13:44 GMT', 'Content-Type': 'application/json; charset=utf-8', 'Transfer-Encoding': 'chunked', 'Connection': 'keep-alive', 'X-Powered-By': 'Express', 'Access-Control-Allow-Origin': '*', 'Cache-Control': 'no-cache', 'ETag': 'W/"49d-kdzmbnsnlykN/DU1IM6NrPgmxq8"', 'Vary': 'Accept-Encoding', 'Content-Encoding': 'gzip', 'cf-cache-status': 'DYNAMIC', 'Report-To': '{"endpoints":[{"url":"https:\\/\\/a.nel.cloudflare.com\\/report\\/v4?s=%2FHUmpfFm16awr3XcwSLnK9SIVAR958bmee2N2cf%2FtVpPZs340YVkTVPnMwVBXb08GFflYVsz2PZvEB0IlCUHgWwrdbSw%2FHNft8GR3yZ6GdFM3pzfPRXQhj0bZEuLEnhv"}],"group":"cf-nel","max_age":604800}', 'NEL': '{"success_fraction":0,"report_to":"cf-nel","max_age":604800}', 'Server': 'cloudflare', 'CF-RAY': '8b1096959b777cef-LAX', 'alt-svc': 'h3=":443"; ma=86400'} 
 body={"results":[{"gender":"male","name":{"title":"Mr","first":"Micheal","last":"Carlson"},"location":{"street":{"number":5404,"name":"Washington Ave"},"city":"Townsville","state":"Queensland","country":"Australia","postcode":9764,"coordinates":{"latitude":"-87.8990","longitude":"-145.6655"},"timezone":{"offset":"-4:00","description":"Atlantic Time (Canada), Caracas, La Paz"}},"email":"micheal.carlson@example.com","login":{"uuid":"b148fd79-d16c-4f40-9321-7ddd85a0e5ea","username":"blackbutterfly535","password":"cococo","salt":"ZgzW9qaL","md5":"cf7f52e3ef62284738ef6918b868facf","sha1":"0baed5ec0d2c720edb6a8c837db815d3c19ec3e4","sha256":"59b27e7a018ffe08f2016a52bedf3437949282ac8cbd7719b17adfd53c11b4bb"},"dob":{"date":"1993-12-30T05:08:39.392Z","age":30},"registered":{"date":"2019-05-29T14:24:18.563Z","age":5},"phone":"05-3609-3969","cell":"0480-779-024","id":{"name":"TFN","value":"690273758"},"picture":{"large":"https://randomuser.me/api/portraits/men/84.jpg","medium":"https://randomuser.me/api/portraits/med/men/84.jpg","thumbnail":"https://randomuser.me/api/portraits/thumb/men/84.jpg"},"nat":"AU"}],"info":{"seed":"8b655017ede13f80","results":1,"page":1,"version":"1.4"}} 
 </msg>
<msg time="2024-08-10T14:13:44.051738" level="INFO">/opt/hostedtoolcache/Python/3.12.4/x64/lib/python3.12/site-packages/urllib3/connectionpool.py:1099: InsecureRequestWarning: Unverified HTTPS request is being made to host 'randomuser.me'. Adding certificate verification is strongly advised. See: https://urllib3.readthedocs.io/en/latest/advanced-usage.html#tls-warnings
  warnings.warn(</msg>
<msg time="2024-08-10T14:13:44.051854" level="INFO">${response} = &lt;Response [200]&gt;</msg>
<var>${response}</var>
<arg>consultarAPI</arg>
<arg>/api</arg>
<doc>Sends a GET request on a previously created HTTP Session.</doc>
<status status="PASS" start="2024-08-10T14:13:43.934064" elapsed="0.117831"/>
</kw>
<kw name="Set Variable" owner="BuiltIn">
<msg time="2024-08-10T14:13:44.052880" level="INFO">${json_data} = {'results': [{'gender': 'male', 'name': {'title': 'Mr', 'first': 'Micheal', 'last': 'Carlson'}, 'location': {'street': {'number': 5404, 'name': 'Washington Ave'}, 'city': 'Townsville', 'state': 'Queen...</msg>
<var>${json_data}</var>
<arg>${response.json()}</arg>
<doc>Returns the given values which can then be assigned to a variables.</doc>
<status status="PASS" start="2024-08-10T14:13:44.052433" elapsed="0.000475"/>
</kw>
<kw name="Log" owner="BuiltIn">
<msg time="2024-08-10T14:13:44.053351" level="INFO">{'results': [{'gender': 'male', 'name': {'title': 'Mr', 'first': 'Micheal', 'last': 'Carlson'}, 'location': {'street': {'number': 5404, 'name': 'Washington Ave'}, 'city': 'Townsville', 'state': 'Queensland', 'country': 'Australia', 'postcode': 9764, 'coordinates': {'latitude': '-87.8990', 'longitude': '-145.6655'}, 'timezone': {'offset': '-4:00', 'description': 'Atlantic Time (Canada), Caracas, La Paz'}}, 'email': 'micheal.carlson@example.com', 'login': {'uuid': 'b148fd79-d16c-4f40-9321-7ddd85a0e5ea', 'username': 'blackbutterfly535', 'password': 'cococo', 'salt': 'ZgzW9qaL', 'md5': 'cf7f52e3ef62284738ef6918b868facf', 'sha1': '0baed5ec0d2c720edb6a8c837db815d3c19ec3e4', 'sha256': '59b27e7a018ffe08f2016a52bedf3437949282ac8cbd7719b17adfd53c11b4bb'}, 'dob': {'date': '1993-12-30T05:08:39.392Z', 'age': 30}, 'registered': {'date': '2019-05-29T14:24:18.563Z', 'age': 5}, 'phone': '05-3609-3969', 'cell': '0480-779-024', 'id': {'name': 'TFN', 'value': '690273758'}, 'picture': {'large': 'https://randomuser.me/api/portraits/men/84.jpg', 'medium': 'https://randomuser.me/api/portraits/med/men/84.jpg', 'thumbnail': 'https://randomuser.me/api/portraits/thumb/men/84.jpg'}, 'nat': 'AU'}], 'info': {'seed': '8b655017ede13f80', 'results': 1, 'page': 1, 'version': '1.4'}}</msg>
<arg>${json_data}</arg>
<doc>Logs the given message with the given level.</doc>
<status status="PASS" start="2024-08-10T14:13:44.053201" elapsed="0.000196"/>
</kw>
<kw name="Should Be Equal As Numbers" owner="BuiltIn">
<arg>${json_data['results'][0]['location']['postcode']}</arg>
<arg>${json_data['results'][0]['location']['postcode']}</arg>
<doc>Fails if objects are unequal after converting them to real numbers.</doc>
<status status="PASS" start="2024-08-10T14:13:44.053689" elapsed="0.000617"/>
</kw>
<kw name="Log" owner="BuiltIn">
<msg time="2024-08-10T14:13:44.054832" level="INFO">9764</msg>
<arg>${json_data['results'][0]['location']['postcode']}</arg>
<doc>Logs the given message with the given level.</doc>
<status status="PASS" start="2024-08-10T14:13:44.054492" elapsed="0.000380"/>
</kw>
<status status="PASS" start="2024-08-10T14:13:43.933847" elapsed="0.121297"/>
</kw>
<doc>Testa se os tipos de dados na resposta da API estão corretos.</doc>
<tag>testeTiposDados</tag>
<status status="PASS" start="2024-08-10T14:13:43.803040" elapsed="0.252301"/>
</test>
<test id="s1-s1-t5" name="Validar conteudo" line="35">
<kw name="Teste de Tipos de Conteudo" owner="random-user-service">
<kw name="GET On Session" owner="RequestsLibrary">
<msg time="2024-08-10T14:13:44.154851" level="INFO">GET Request : url=https://randomuser.me/api 
 path_url=/api 
 headers={'User-Agent': 'python-requests/2.32.3', 'Accept-Encoding': 'gzip, deflate', 'Accept': '*/*', 'Connection': 'keep-alive'} 
 body=None 
 </msg>
<msg time="2024-08-10T14:13:44.154934" level="INFO">GET Response : url=https://randomuser.me/api 
 status=200, reason=OK 
 headers={'Date': 'Sat, 10 Aug 2024 14:13:44 GMT', 'Content-Type': 'application/json; charset=utf-8', 'Transfer-Encoding': 'chunked', 'Connection': 'keep-alive', 'X-Powered-By': 'Express', 'Access-Control-Allow-Origin': '*', 'Cache-Control': 'no-cache', 'ETag': 'W/"47a-GxJTXuE5JwvP5mfokKq0QXbkIkQ"', 'Vary': 'Accept-Encoding', 'Content-Encoding': 'gzip', 'CF-Cache-Status': 'DYNAMIC', 'Report-To': '{"endpoints":[{"url":"https:\\/\\/a.nel.cloudflare.com\\/report\\/v4?s=fLyYS1sXomtalOSx2DXAhokyd3iC8vONI3IIzkXAqmxAGSJQReeuli0uIZTpMJKlhLaGKLRH%2B3ZdIejbzSwBsP6DZZC9mdo78JHAZNoSrOHmMwmrZOmUbjaKrvEUpRVj"}],"group":"cf-nel","max_age":604800}', 'NEL': '{"success_fraction":0,"report_to":"cf-nel","max_age":604800}', 'Server': 'cloudflare', 'CF-RAY': '8b1096966c087cef-LAX', 'alt-svc': 'h3=":443"; ma=86400'} 
 body={"results":[{"gender":"female","name":{"title":"Mrs","first":"Angie","last":"Long"},"location":{"street":{"number":5679,"name":"Park Lane"},"city":"Thurles","state":"Longford","country":"Ireland","postcode":26340,"coordinates":{"latitude":"-1.8991","longitude":"44.3057"},"timezone":{"offset":"+7:00","description":"Bangkok, Hanoi, Jakarta"}},"email":"angie.long@example.com","login":{"uuid":"189c99d8-22af-43d9-b1a8-1d097fb0562b","username":"orangebird851","password":"nature","salt":"iO0n1Kme","md5":"76ec4d12e16f91b75ecd0a8d2234af76","sha1":"15c756892f2a187a1dd550af95970e5f0bef84e7","sha256":"28a42e39fcb7d1315e149ba6dc78af3d22872e91417f641c924adabf2f02362b"},"dob":{"date":"1946-08-13T09:08:47.438Z","age":77},"registered":{"date":"2013-10-29T09:27:05.253Z","age":10},"phone":"071-703-4171","cell":"081-245-5949","id":{"name":"PPS","value":"7062279T"},"picture":{"large":"https://randomuser.me/api/portraits/women/47.jpg","medium":"https://randomuser.me/api/portraits/med/women/47.jpg","thumbnail":"https://randomuser.me/api/portraits/thumb/women/47.jpg"},"nat":"IE"}],"info":{"seed":"12eaf795edd5461d","results":1,"page":1,"version":"1.4"}} 
 </msg>
<msg time="2024-08-10T14:13:44.155005" level="INFO">/opt/hostedtoolcache/Python/3.12.4/x64/lib/python3.12/site-packages/urllib3/connectionpool.py:1099: InsecureRequestWarning: Unverified HTTPS request is being made to host 'randomuser.me'. Adding certificate verification is strongly advised. See: https://urllib3.readthedocs.io/en/latest/advanced-usage.html#tls-warnings
  warnings.warn(</msg>
<msg time="2024-08-10T14:13:44.155133" level="INFO">${response} = &lt;Response [200]&gt;</msg>
<var>${response}</var>
<arg>consultarAPI</arg>
<arg>/api</arg>
<doc>Sends a GET request on a previously created HTTP Session.</doc>
<status status="PASS" start="2024-08-10T14:13:44.058050" elapsed="0.097137"/>
</kw>
<kw name="Set Variable" owner="BuiltIn">
<msg time="2024-08-10T14:13:44.156267" level="INFO">${json_data} = {'results': [{'gender': 'female', 'name': {'title': 'Mrs', 'first': 'Angie', 'last': 'Long'}, 'location': {'street': {'number': 5679, 'name': 'Park Lane'}, 'city': 'Thurles', 'state': 'Longford', 'cou...</msg>
<var>${json_data}</var>
<arg>${response.json()}</arg>
<doc>Returns the given values which can then be assigned to a variables.</doc>
<status status="PASS" start="2024-08-10T14:13:44.155717" elapsed="0.000579"/>
</kw>
<kw name="Set Variable" owner="BuiltIn">
<msg time="2024-08-10T14:13:44.156978" level="INFO">${name_title} = Mrs</msg>
<var>${name_title}</var>
<arg>${json_data["results"][0]["name"]["title"]}</arg>
<doc>Returns the given values which can then be assigned to a variables.</doc>
<status status="PASS" start="2024-08-10T14:13:44.156597" elapsed="0.000406"/>
</kw>
<kw name="Create List" owner="BuiltIn">
<msg time="2024-08-10T14:13:44.157451" level="INFO">${allowed_titles} = ['Mr', 'Ms', 'Miss', 'Mrs', 'Madame', 'Monsieur']</msg>
<var>${allowed_titles}</var>
<arg>Mr</arg>
<arg>Ms</arg>
<arg>Miss</arg>
<arg>Mrs</arg>
<arg>Madame</arg>
<arg>Monsieur</arg>
<doc>Returns a list containing given items.</doc>
<status status="PASS" start="2024-08-10T14:13:44.157300" elapsed="0.000176"/>
</kw>
<kw name="List Should Contain Value" owner="Collections">
<arg>${allowed_titles}</arg>
<arg>${name_title}</arg>
<doc>Fails if the ``value`` is not found from ``list``.</doc>
<status status="PASS" start="2024-08-10T14:13:44.157768" elapsed="0.000173"/>
</kw>
<kw name="Set Variable" owner="BuiltIn">
<msg time="2024-08-10T14:13:44.158499" level="INFO">${name_country} = IE</msg>
<var>${name_country}</var>
<arg>${json_data["results"][0]["nat"]}</arg>
<doc>Returns the given values which can then be assigned to a variables.</doc>
<status status="PASS" start="2024-08-10T14:13:44.158125" elapsed="0.000399"/>
</kw>
<kw name="Create List" owner="BuiltIn">
<msg time="2024-08-10T14:13:44.159448" level="INFO">${list_country} = ['AD', 'AE', 'AF', 'AG', 'AI', 'AL', 'AM', 'AO', 'AQ', 'AR', 'AS', 'AT', 'AU', 'AW', 'AX', 'AZ', 'BA', 'BB', 'BD', 'BE', 'BF', 'BG', 'BH', 'BI', 'BJ', 'BL', 'BM', 'BN', 'BO', 'BQ', 'BR', 'BS', 'BT', '...</msg>
<var>${list_country}</var>
<arg>AD</arg>
<arg>AE</arg>
<arg>AF</arg>
<arg>AG</arg>
<arg>AI</arg>
<arg>AL</arg>
<arg>AM</arg>
<arg>AO</arg>
<arg>AQ</arg>
<arg>AR</arg>
<arg>AS</arg>
<arg>AT</arg>
<arg>AU</arg>
<arg>AW</arg>
<arg>AX</arg>
<arg>AZ</arg>
<arg>BA</arg>
<arg>BB</arg>
<arg>BD</arg>
<arg>BE</arg>
<arg>BF</arg>
<arg>BG</arg>
<arg>BH</arg>
<arg>BI</arg>
<arg>BJ</arg>
<arg>BL</arg>
<arg>BM</arg>
<arg>BN</arg>
<arg>BO</arg>
<arg>BQ</arg>
<arg>BR</arg>
<arg>BS</arg>
<arg>BT</arg>
<arg>BV</arg>
<arg>BW</arg>
<arg>BY</arg>
<arg>BZ</arg>
<arg>CA</arg>
<arg>CC</arg>
<arg>CD</arg>
<arg>CF</arg>
<arg>CG</arg>
<arg>CH</arg>
<arg>CI</arg>
<arg>CK</arg>
<arg>CL</arg>
<arg>CM</arg>
<arg>CN</arg>
<arg>CO</arg>
<arg>CR</arg>
<arg>CU</arg>
<arg>CV</arg>
<arg>CW</arg>
<arg>CX</arg>
<arg>CY</arg>
<arg>CZ</arg>
<arg>DE</arg>
<arg>DJ</arg>
<arg>DK</arg>
<arg>DM</arg>
<arg>DO</arg>
<arg>DZ</arg>
<arg>EC</arg>
<arg>EE</arg>
<arg>EG</arg>
<arg>EH</arg>
<arg>ER</arg>
<arg>ES</arg>
<arg>ET</arg>
<arg>FI</arg>
<arg>FJ</arg>
<arg>FK</arg>
<arg>FM</arg>
<arg>FO</arg>
<arg>FR</arg>
<arg>GA</arg>
<arg>GB</arg>
<arg>GD</arg>
<arg>GE</arg>
<arg>GF</arg>
<arg>GG</arg>
<arg>GH</arg>
<arg>GI</arg>
<arg>GL</arg>
<arg>GM</arg>
<arg>GN</arg>
<arg>GP</arg>
<arg>GQ</arg>
<arg>GR</arg>
<arg>GS</arg>
<arg>GT</arg>
<arg>GU</arg>
<arg>GW</arg>
<arg>GY</arg>
<arg>HK</arg>
<arg>HM</arg>
<arg>HN</arg>
<arg>HR</arg>
<arg>HT</arg>
<arg>HU</arg>
<arg>ID</arg>
<arg>IE</arg>
<arg>IL</arg>
<arg>IM</arg>
<arg>IN</arg>
<arg>IO</arg>
<arg>IQ</arg>
<arg>IR</arg>
<arg>IS</arg>
<arg>IT</arg>
<arg>JE</arg>
<arg>JM</arg>
<arg>JO</arg>
<arg>JP</arg>
<arg>KE</arg>
<arg>KG</arg>
<arg>KH</arg>
<arg>KI</arg>
<arg>KM</arg>
<arg>KN</arg>
<arg>KP</arg>
<arg>KR</arg>
<arg>KW</arg>
<arg>KY</arg>
<arg>KZ</arg>
<arg>LA</arg>
<arg>LB</arg>
<arg>LC</arg>
<arg>LI</arg>
<arg>LK</arg>
<arg>LR</arg>
<arg>LS</arg>
<arg>LT</arg>
<arg>LU</arg>
<arg>LV</arg>
<arg>LY</arg>
<arg>MA</arg>
<arg>MC</arg>
<arg>MD</arg>
<arg>ME</arg>
<arg>MF</arg>
<arg>MG</arg>
<arg>MH</arg>
<arg>MK</arg>
<arg>ML</arg>
<arg>MM</arg>
<arg>MN</arg>
<arg>MO</arg>
<arg>MP</arg>
<arg>MQ</arg>
<arg>MR</arg>
<arg>MS</arg>
<arg>MT</arg>
<arg>MU</arg>
<arg>MV</arg>
<arg>MW</arg>
<arg>MX</arg>
<arg>MY</arg>
<arg>MZ</arg>
<arg>NA</arg>
<arg>NC</arg>
<arg>NE</arg>
<arg>NF</arg>
<arg>NG</arg>
<arg>NI</arg>
<arg>NL</arg>
<arg>NO</arg>
<arg>NP</arg>
<arg>NR</arg>
<arg>NU</arg>
<arg>NZ</arg>
<arg>OM</arg>
<arg>PA</arg>
<arg>PE</arg>
<arg>PF</arg>
<arg>PG</arg>
<arg>PH</arg>
<arg>PK</arg>
<arg>PL</arg>
<arg>PM</arg>
<arg>PN</arg>
<arg>PR</arg>
<arg>PS</arg>
<arg>PT</arg>
<arg>PW</arg>
<arg>PY</arg>
<arg>QA</arg>
<arg>RE</arg>
<arg>RO</arg>
<arg>RS</arg>
<arg>RU</arg>
<arg>RW</arg>
<arg>SA</arg>
<arg>SB</arg>
<arg>SC</arg>
<arg>SD</arg>
<arg>SE</arg>
<arg>SG</arg>
<arg>SH</arg>
<arg>SI</arg>
<arg>SJ</arg>
<arg>SK</arg>
<arg>SL</arg>
<arg>SM</arg>
<arg>SN</arg>
<arg>SO</arg>
<arg>SR</arg>
<arg>SS</arg>
<arg>ST</arg>
<arg>SV</arg>
<arg>SX</arg>
<arg>SY</arg>
<arg>SZ</arg>
<arg>TC</arg>
<arg>TD</arg>
<arg>TF</arg>
<arg>TG</arg>
<arg>TH</arg>
<arg>TJ</arg>
<arg>TK</arg>
<arg>TL</arg>
<arg>TM</arg>
<arg>TN</arg>
<arg>TO</arg>
<arg>TR</arg>
<arg>TT</arg>
<arg>TV</arg>
<arg>TW</arg>
<arg>TZ</arg>
<arg>UA</arg>
<arg>UG</arg>
<arg>UM</arg>
<arg>US</arg>
<arg>UY</arg>
<arg>UZ</arg>
<arg>VA</arg>
<arg>VC</arg>
<arg>VE</arg>
<arg>VG</arg>
<arg>VI</arg>
<arg>VN</arg>
<arg>VU</arg>
<arg>WF</arg>
<arg>WS</arg>
<arg>XK</arg>
<arg>YE</arg>
<arg>YT</arg>
<arg>ZA</arg>
<arg>ZM</arg>
<arg>ZW</arg>
<doc>Returns a list containing given items.</doc>
<status status="PASS" start="2024-08-10T14:13:44.158822" elapsed="0.000653"/>
</kw>
<kw name="List Should Contain Value" owner="Collections">
<arg>${list_country}</arg>
<arg>${name_country}</arg>
<doc>Fails if the ``value`` is not found from ``list``.</doc>
<status status="PASS" start="2024-08-10T14:13:44.160396" elapsed="0.000209"/>
</kw>
<kw name="Run Keyword If" owner="BuiltIn">
<kw name="Should Be True" owner="BuiltIn">
<arg>${True}</arg>
<doc>Fails if the given condition is not true.</doc>
<status status="PASS" start="2024-08-10T14:13:44.161535" elapsed="0.000141"/>
</kw>
<arg>${json_data["results"][0]["location"]["coordinates"]["latitude"]} &gt;= -90 and ${json_data["results"][0]["location"]["coordinates"]["latitude"]} &lt;= 90</arg>
<arg>Should Be True</arg>
<arg>${True}</arg>
<doc>Runs the given keyword with the given arguments, if ``condition`` is true.</doc>
<status status="PASS" start="2024-08-10T14:13:44.160801" elapsed="0.000999"/>
</kw>
<kw name="Run Keyword If" owner="BuiltIn">
<kw name="Should Be True" owner="BuiltIn">
<arg>${True}</arg>
<doc>Fails if the given condition is not true.</doc>
<status status="PASS" start="2024-08-10T14:13:44.162662" elapsed="0.000136"/>
</kw>
<arg>${json_data["results"][0]["location"]["coordinates"]["longitude"]} &gt;= -180 and ${json_data["results"][0]["location"]["coordinates"]["longitude"]} &lt;= 180</arg>
<arg>Should Be True</arg>
<arg>${True}</arg>
<doc>Runs the given keyword with the given arguments, if ``condition`` is true.</doc>
<status status="PASS" start="2024-08-10T14:13:44.161978" elapsed="0.000942"/>
</kw>
<status status="PASS" start="2024-08-10T14:13:44.057691" elapsed="0.105354"/>
</kw>
<doc>Testa o conteúdo específico dos campos retornados pela API.</doc>
<tag>testeConteudo</tag>
<status status="PASS" start="2024-08-10T14:13:44.057059" elapsed="0.106127"/>
</test>
<status status="PASS" start="2024-08-10T14:13:43.169623" elapsed="0.995430"/>
</suite>
<status status="PASS" start="2024-08-10T14:13:43.155417" elapsed="1.014620"/>
</suite>
<statistics>
<total>
<stat pass="5" fail="0" skip="0">All Tests</stat>
</total>
<tag>
<stat pass="1" fail="0" skip="0">testeConteudo</stat>
<stat pass="1" fail="0" skip="0">testeEstruturaResposta</stat>
<stat pass="1" fail="0" skip="0">testeRequisicaoBasica</stat>
<stat pass="1" fail="0" skip="0">testeTiposDados</stat>
</tag>
<suite>
<stat pass="5" fail="0" skip="0" id="s1" name="Tests">Tests</stat>
<stat pass="5" fail="0" skip="0" id="s1-s1" name="Random-User-Test">Tests.Random-User-Test</stat>
</suite>
</statistics>
<errors>
</errors>
</robot>
