<?xml version="1.0" encoding="UTF-8"?>
<robot generator="Robot 7.0.1 (Python 3.12.3 on linux)" generated="2024-06-11T06:20:23.468618" rpa="false" schemaversion="5">
<suite id="s1" name="Tests" source="/home/runner/work/ApiRandomUser/ApiRandomUser/RamdonUser/tests">
<suite id="s1-s1" name="Random-User-Test" source="/home/runner/work/ApiRandomUser/ApiRandomUser/RamdonUser/tests/random-user-test.robot">
<test id="s1-s1-t1" name="Conectar" line="13">
<kw name="Conectar API" owner="random-user-service">
<kw name="Create Session" owner="RequestsLibrary">
<msg time="2024-06-11T06:20:23.873715" level="INFO">Creating Session using : alias=consultarAPI, url=https://randomuser.me/, headers={},                     cookies={}, auth=None, timeout=None, proxies=None, verify=False,                     debug=0 </msg>
<arg>consultarAPI</arg>
<arg>${URL}</arg>
<doc>Create Session: create a HTTP session to a server</doc>
<status status="PASS" start="2024-06-11T06:20:23.873505" elapsed="0.000409"/>
</kw>
<status status="PASS" start="2024-06-11T06:20:23.872426" elapsed="0.001857"/>
</kw>
<status status="PASS" start="2024-06-11T06:20:23.871784" elapsed="0.002696"/>
</test>
<test id="s1-s1-t2" name="Validar retorno 200 e JSON Válido" line="16">
<kw name="Teste de Requisicao Basica" owner="random-user-service">
<kw name="GET On Session" owner="RequestsLibrary">
<msg time="2024-06-11T06:20:24.101067" level="INFO">GET Request : url=https://randomuser.me/api 
 path_url=/api 
 headers={'User-Agent': 'python-requests/2.32.3', 'Accept-Encoding': 'gzip, deflate', 'Accept': '*/*', 'Connection': 'keep-alive'} 
 body=None 
 </msg>
<msg time="2024-06-11T06:20:24.101237" level="INFO">GET Response : url=https://randomuser.me/api 
 status=200, reason=OK 
 headers={'Date': 'Tue, 11 Jun 2024 06:20:24 GMT', 'Content-Type': 'application/json; charset=utf-8', 'Transfer-Encoding': 'chunked', 'Connection': 'keep-alive', 'X-Powered-By': 'Express', 'Access-Control-Allow-Origin': '*', 'Cache-Control': 'no-cache', 'ETag': 'W/"494-6hJokeXfTvhLvJPEl5U1osnPE7s"', 'Vary': 'Accept-Encoding', 'Content-Encoding': 'gzip', 'CF-Cache-Status': 'DYNAMIC', 'Report-To': '{"endpoints":[{"url":"https:\\/\\/a.nel.cloudflare.com\\/report\\/v4?s=UczimA6cNm0LVnjqbqNZW%2B4AMB6Syu%2BaHenasy0yuTrFXiSXt4AgRnh%2Fa%2BiWpqq6jOIPcn6sckF%2BGAEOGm3cKHRD2aqkfWFjAKuCGS8yPUj8vZ2n1Gre%2B0WaeNNTichm"}],"group":"cf-nel","max_age":604800}', 'NEL': '{"success_fraction":0,"report_to":"cf-nel","max_age":604800}', 'Server': 'cloudflare', 'CF-RAY': '891f7eba688d29b5-IAD', 'alt-svc': 'h3=":443"; ma=86400'} 
 body={"results":[{"gender":"male","name":{"title":"Mr","first":"Diego","last":"Pascual"},"location":{"street":{"number":3519,"name":"Calle de Alcalá"},"city":"Alcalá de Henares","state":"Cataluña","country":"Spain","postcode":10937,"coordinates":{"latitude":"-38.4032","longitude":"-141.6903"},"timezone":{"offset":"-3:00","description":"Brazil, Buenos Aires, Georgetown"}},"email":"diego.pascual@example.com","login":{"uuid":"4b554060-ae2a-452a-9977-c959276cf2cf","username":"heavyladybug777","password":"mimi","salt":"O4kOuhNt","md5":"ebc9de4e50ca722d7c910685206e1164","sha1":"942f8a34d091307039aea96049413d152ea5cc8a","sha256":"92af507ba83feed7bbe2ad5a0e1df7f93093e01833a90879cc7d2ffa9d6066cd"},"dob":{"date":"1980-01-28T00:59:57.278Z","age":44},"registered":{"date":"2009-07-14T22:33:50.298Z","age":14},"phone":"914-379-189","cell":"643-621-488","id":{"name":"DNI","value":"01913600-B"},"picture":{"large":"https://randomuser.me/api/portraits/men/60.jpg","medium":"https://randomuser.me/api/portraits/med/men/60.jpg","thumbnail":"https://randomuser.me/api/portraits/thumb/men/60.jpg"},"nat":"ES"}],"info":{"seed":"310eb71b0f1ba6de","results":1,"page":1,"version":"1.4"}} 
 </msg>
<msg time="2024-06-11T06:20:24.101321" level="INFO">/opt/hostedtoolcache/Python/3.12.3/x64/lib/python3.12/site-packages/urllib3/connectionpool.py:1103: InsecureRequestWarning: Unverified HTTPS request is being made to host 'randomuser.me'. Adding certificate verification is strongly advised. See: https://urllib3.readthedocs.io/en/latest/advanced-usage.html#tls-warnings
  warnings.warn(</msg>
<msg time="2024-06-11T06:20:24.101466" level="INFO">${response} = &lt;Response [200]&gt;</msg>
<var>${response}</var>
<arg>consultarAPI</arg>
<arg>/api</arg>
<doc>Sends a GET request on a previously created HTTP Session.</doc>
<status status="PASS" start="2024-06-11T06:20:23.877214" elapsed="0.224292"/>
</kw>
<kw name="Should Be Equal As Numbers" owner="BuiltIn">
<msg time="2024-06-11T06:20:24.102812" level="INFO">Argument types are:
&lt;class 'int'&gt;
&lt;class 'str'&gt;</msg>
<arg>${response.status_code}</arg>
<arg>200</arg>
<doc>Fails if objects are unequal after converting them to real numbers.</doc>
<status status="PASS" start="2024-06-11T06:20:24.102185" elapsed="0.000697"/>
</kw>
<kw name="Log" owner="BuiltIn">
<msg time="2024-06-11T06:20:24.103636" level="INFO">200</msg>
<arg>${response.status_code}</arg>
<doc>Logs the given message with the given level.</doc>
<status status="PASS" start="2024-06-11T06:20:24.103235" elapsed="0.000449"/>
</kw>
<kw name="Set Variable" owner="BuiltIn">
<msg time="2024-06-11T06:20:24.104434" level="INFO">${json_data} = {'results': [{'gender': 'male', 'name': {'title': 'Mr', 'first': 'Diego', 'last': 'Pascual'}, 'location': {'street': {'number': 3519, 'name': 'Calle de Alcalá'}, 'city': 'Alcalá de Henares', 'state': ...</msg>
<var>${json_data}</var>
<arg>${response.json()}</arg>
<doc>Returns the given values which can then be assigned to a variables.</doc>
<status status="PASS" start="2024-06-11T06:20:24.103995" elapsed="0.000470"/>
</kw>
<kw name="Dictionary Should Contain Key" owner="Collections">
<arg>${json_data}</arg>
<arg>results</arg>
<doc>Fails if ``key`` is not found from ``dictionary``.</doc>
<status status="PASS" start="2024-06-11T06:20:24.104772" elapsed="0.000172"/>
</kw>
<status status="PASS" start="2024-06-11T06:20:23.876963" elapsed="0.228136"/>
</kw>
<doc>Testa se a API responde corretamente e retorna um objeto JSON válido.</doc>
<tag>testeRequisicaoBasica</tag>
<status status="PASS" start="2024-06-11T06:20:23.876421" elapsed="0.228858"/>
</test>
<test id="s1-s1-t3" name="Validar estrutura de resposta" line="22">
<kw name="Teste de Estrutura de Resposta" owner="random-user-service">
<kw name="GET On Session" owner="RequestsLibrary">
<msg time="2024-06-11T06:20:24.201858" level="INFO">GET Request : url=https://randomuser.me/api 
 path_url=/api 
 headers={'User-Agent': 'python-requests/2.32.3', 'Accept-Encoding': 'gzip, deflate', 'Accept': '*/*', 'Connection': 'keep-alive'} 
 body=None 
 </msg>
<msg time="2024-06-11T06:20:24.201960" level="INFO">GET Response : url=https://randomuser.me/api 
 status=200, reason=OK 
 headers={'Date': 'Tue, 11 Jun 2024 06:20:24 GMT', 'Content-Type': 'application/json; charset=utf-8', 'Transfer-Encoding': 'chunked', 'Connection': 'keep-alive', 'X-Powered-By': 'Express', 'Access-Control-Allow-Origin': '*', 'Cache-Control': 'no-cache', 'ETag': 'W/"473-xoZmdX4T2y6dbKu75BijnYVsouo"', 'Vary': 'Accept-Encoding', 'Content-Encoding': 'gzip', 'CF-Cache-Status': 'DYNAMIC', 'Report-To': '{"endpoints":[{"url":"https:\\/\\/a.nel.cloudflare.com\\/report\\/v4?s=jTyILbMYXlHhTjOR9y36HCOysZubaNIM4W%2FZ7qlOyE%2FFKsVZzEjCugMDWLlPtSTLkdlqhmTiEi20hwmXC7eWgn%2BOKBKtiALzV4wZ8liTjfu%2F9HX4JhoxQXk9gsBE%2FIBJ"}],"group":"cf-nel","max_age":604800}', 'NEL': '{"success_fraction":0,"report_to":"cf-nel","max_age":604800}', 'Server': 'cloudflare', 'CF-RAY': '891f7ebaa8d029b5-IAD', 'alt-svc': 'h3=":443"; ma=86400'} 
 body={"results":[{"gender":"male","name":{"title":"Mr","first":"Francisco","last":"May"},"location":{"street":{"number":6182,"name":"Dane St"},"city":"Laredo","state":"Oklahoma","country":"United States","postcode":58211,"coordinates":{"latitude":"88.4157","longitude":"-116.9890"},"timezone":{"offset":"+4:30","description":"Kabul"}},"email":"francisco.may@example.com","login":{"uuid":"59a927b8-195e-48d5-9d18-c6a83ab853fd","username":"beautifullion775","password":"static","salt":"fKw5IZwZ","md5":"caedfab9c927c1f8423577947086c88e","sha1":"d8c366cda9117596f5b38039048485c4e46d93d6","sha256":"6c1ae243f85d3e76e263b2c1af786d934c41f483a119f682fa1d9147d7ded0e3"},"dob":{"date":"1967-12-11T12:58:20.987Z","age":56},"registered":{"date":"2015-04-29T17:09:38.599Z","age":9},"phone":"(367) 631-9830","cell":"(904) 565-8453","id":{"name":"SSN","value":"045-41-5355"},"picture":{"large":"https://randomuser.me/api/portraits/men/51.jpg","medium":"https://randomuser.me/api/portraits/med/men/51.jpg","thumbnail":"https://randomuser.me/api/portraits/thumb/men/51.jpg"},"nat":"US"}],"info":{"seed":"e2a7d35746ecc729","results":1,"page":1,"version":"1.4"}} 
 </msg>
<msg time="2024-06-11T06:20:24.202110" level="INFO">/opt/hostedtoolcache/Python/3.12.3/x64/lib/python3.12/site-packages/urllib3/connectionpool.py:1103: InsecureRequestWarning: Unverified HTTPS request is being made to host 'randomuser.me'. Adding certificate verification is strongly advised. See: https://urllib3.readthedocs.io/en/latest/advanced-usage.html#tls-warnings
  warnings.warn(</msg>
<msg time="2024-06-11T06:20:24.202237" level="INFO">${response} = &lt;Response [200]&gt;</msg>
<var>${response}</var>
<arg>consultarAPI</arg>
<arg>/api</arg>
<doc>Sends a GET request on a previously created HTTP Session.</doc>
<status status="PASS" start="2024-06-11T06:20:24.108161" elapsed="0.094104"/>
</kw>
<kw name="Set Variable" owner="BuiltIn">
<msg time="2024-06-11T06:20:24.203316" level="INFO">${json_data} = {'results': [{'gender': 'male', 'name': {'title': 'Mr', 'first': 'Francisco', 'last': 'May'}, 'location': {'street': {'number': 6182, 'name': 'Dane St'}, 'city': 'Laredo', 'state': 'Oklahoma', 'countr...</msg>
<var>${json_data}</var>
<arg>${response.json()}</arg>
<doc>Returns the given values which can then be assigned to a variables.</doc>
<status status="PASS" start="2024-06-11T06:20:24.202803" elapsed="0.000543"/>
</kw>
<kw name="Log" owner="BuiltIn">
<msg time="2024-06-11T06:20:24.203871" level="INFO">{'results': [{'gender': 'male', 'name': {'title': 'Mr', 'first': 'Francisco', 'last': 'May'}, 'location': {'street': {'number': 6182, 'name': 'Dane St'}, 'city': 'Laredo', 'state': 'Oklahoma', 'country': 'United States', 'postcode': 58211, 'coordinates': {'latitude': '88.4157', 'longitude': '-116.9890'}, 'timezone': {'offset': '+4:30', 'description': 'Kabul'}}, 'email': 'francisco.may@example.com', 'login': {'uuid': '59a927b8-195e-48d5-9d18-c6a83ab853fd', 'username': 'beautifullion775', 'password': 'static', 'salt': 'fKw5IZwZ', 'md5': 'caedfab9c927c1f8423577947086c88e', 'sha1': 'd8c366cda9117596f5b38039048485c4e46d93d6', 'sha256': '6c1ae243f85d3e76e263b2c1af786d934c41f483a119f682fa1d9147d7ded0e3'}, 'dob': {'date': '1967-12-11T12:58:20.987Z', 'age': 56}, 'registered': {'date': '2015-04-29T17:09:38.599Z', 'age': 9}, 'phone': '(367) 631-9830', 'cell': '(904) 565-8453', 'id': {'name': 'SSN', 'value': '045-41-5355'}, 'picture': {'large': 'https://randomuser.me/api/portraits/men/51.jpg', 'medium': 'https://randomuser.me/api/portraits/med/men/51.jpg', 'thumbnail': 'https://randomuser.me/api/portraits/thumb/men/51.jpg'}, 'nat': 'US'}], 'info': {'seed': 'e2a7d35746ecc729', 'results': 1, 'page': 1, 'version': '1.4'}}</msg>
<arg>${json_data}</arg>
<doc>Logs the given message with the given level.</doc>
<status status="PASS" start="2024-06-11T06:20:24.203709" elapsed="0.000210"/>
</kw>
<kw name="Dictionary Should Contain Key" owner="Collections">
<arg>${json_data}</arg>
<arg>results</arg>
<doc>Fails if ``key`` is not found from ``dictionary``.</doc>
<status status="PASS" start="2024-06-11T06:20:24.204211" elapsed="0.000162"/>
</kw>
<kw name="Should Not Be Empty" owner="BuiltIn">
<msg time="2024-06-11T06:20:24.204684" level="INFO">Length is 2.</msg>
<arg>${json_data}</arg>
<doc>Verifies that the given item is not empty.</doc>
<status status="PASS" start="2024-06-11T06:20:24.204557" elapsed="0.000164"/>
</kw>
<kw name="Create List" owner="BuiltIn">
<msg time="2024-06-11T06:20:24.205156" level="INFO">${expected_keys} = ['gender', 'name', 'location', 'email', 'login']</msg>
<var>${expected_keys}</var>
<arg>gender</arg>
<arg>name</arg>
<arg>location</arg>
<arg>email</arg>
<arg>login</arg>
<doc>Returns a list containing given items.</doc>
<status status="PASS" start="2024-06-11T06:20:24.205009" elapsed="0.000170"/>
</kw>
<for flavor="IN">
<iter>
<kw name="Dictionary Should Contain Key" owner="Collections">
<arg>${json_data['results'][0]}</arg>
<arg>${key}</arg>
<doc>Fails if ``key`` is not found from ``dictionary``.</doc>
<status status="PASS" start="2024-06-11T06:20:24.205772" elapsed="0.000400"/>
</kw>
<kw name="Log" owner="BuiltIn">
<msg time="2024-06-11T06:20:24.206724" level="INFO">{'gender': 'male', 'name': {'title': 'Mr', 'first': 'Francisco', 'last': 'May'}, 'location': {'street': {'number': 6182, 'name': 'Dane St'}, 'city': 'Laredo', 'state': 'Oklahoma', 'country': 'United States', 'postcode': 58211, 'coordinates': {'latitude': '88.4157', 'longitude': '-116.9890'}, 'timezone': {'offset': '+4:30', 'description': 'Kabul'}}, 'email': 'francisco.may@example.com', 'login': {'uuid': '59a927b8-195e-48d5-9d18-c6a83ab853fd', 'username': 'beautifullion775', 'password': 'static', 'salt': 'fKw5IZwZ', 'md5': 'caedfab9c927c1f8423577947086c88e', 'sha1': 'd8c366cda9117596f5b38039048485c4e46d93d6', 'sha256': '6c1ae243f85d3e76e263b2c1af786d934c41f483a119f682fa1d9147d7ded0e3'}, 'dob': {'date': '1967-12-11T12:58:20.987Z', 'age': 56}, 'registered': {'date': '2015-04-29T17:09:38.599Z', 'age': 9}, 'phone': '(367) 631-9830', 'cell': '(904) 565-8453', 'id': {'name': 'SSN', 'value': '045-41-5355'}, 'picture': {'large': 'https://randomuser.me/api/portraits/men/51.jpg', 'medium': 'https://randomuser.me/api/portraits/med/men/51.jpg', 'thumbnail': 'https://randomuser.me/api/portraits/thumb/men/51.jpg'}, 'nat': 'US'}</msg>
<arg>${json_data['results'][0]}</arg>
<doc>Logs the given message with the given level.</doc>
<status status="PASS" start="2024-06-11T06:20:24.206363" elapsed="0.000409"/>
</kw>
<kw name="Log" owner="BuiltIn">
<msg time="2024-06-11T06:20:24.207205" level="INFO">gender</msg>
<arg>${key}</arg>
<doc>Logs the given message with the given level.</doc>
<status status="PASS" start="2024-06-11T06:20:24.207069" elapsed="0.000174"/>
</kw>
<var name="${key}">gender</var>
<status status="PASS" start="2024-06-11T06:20:24.205644" elapsed="0.001842"/>
</iter>
<iter>
<kw name="Dictionary Should Contain Key" owner="Collections">
<arg>${json_data['results'][0]}</arg>
<arg>${key}</arg>
<doc>Fails if ``key`` is not found from ``dictionary``.</doc>
<status status="PASS" start="2024-06-11T06:20:24.207787" elapsed="0.000397"/>
</kw>
<kw name="Log" owner="BuiltIn">
<msg time="2024-06-11T06:20:24.208710" level="INFO">{'gender': 'male', 'name': {'title': 'Mr', 'first': 'Francisco', 'last': 'May'}, 'location': {'street': {'number': 6182, 'name': 'Dane St'}, 'city': 'Laredo', 'state': 'Oklahoma', 'country': 'United States', 'postcode': 58211, 'coordinates': {'latitude': '88.4157', 'longitude': '-116.9890'}, 'timezone': {'offset': '+4:30', 'description': 'Kabul'}}, 'email': 'francisco.may@example.com', 'login': {'uuid': '59a927b8-195e-48d5-9d18-c6a83ab853fd', 'username': 'beautifullion775', 'password': 'static', 'salt': 'fKw5IZwZ', 'md5': 'caedfab9c927c1f8423577947086c88e', 'sha1': 'd8c366cda9117596f5b38039048485c4e46d93d6', 'sha256': '6c1ae243f85d3e76e263b2c1af786d934c41f483a119f682fa1d9147d7ded0e3'}, 'dob': {'date': '1967-12-11T12:58:20.987Z', 'age': 56}, 'registered': {'date': '2015-04-29T17:09:38.599Z', 'age': 9}, 'phone': '(367) 631-9830', 'cell': '(904) 565-8453', 'id': {'name': 'SSN', 'value': '045-41-5355'}, 'picture': {'large': 'https://randomuser.me/api/portraits/men/51.jpg', 'medium': 'https://randomuser.me/api/portraits/med/men/51.jpg', 'thumbnail': 'https://randomuser.me/api/portraits/thumb/men/51.jpg'}, 'nat': 'US'}</msg>
<arg>${json_data['results'][0]}</arg>
<doc>Logs the given message with the given level.</doc>
<status status="PASS" start="2024-06-11T06:20:24.208367" elapsed="0.000433"/>
</kw>
<kw name="Log" owner="BuiltIn">
<msg time="2024-06-11T06:20:24.209230" level="INFO">name</msg>
<arg>${key}</arg>
<doc>Logs the given message with the given level.</doc>
<status status="PASS" start="2024-06-11T06:20:24.209097" elapsed="0.000171"/>
</kw>
<var name="${key}">name</var>
<status status="PASS" start="2024-06-11T06:20:24.207675" elapsed="0.001809"/>
</iter>
<iter>
<kw name="Dictionary Should Contain Key" owner="Collections">
<arg>${json_data['results'][0]}</arg>
<arg>${key}</arg>
<doc>Fails if ``key`` is not found from ``dictionary``.</doc>
<status status="PASS" start="2024-06-11T06:20:24.209771" elapsed="0.000390"/>
</kw>
<kw name="Log" owner="BuiltIn">
<msg time="2024-06-11T06:20:24.210690" level="INFO">{'gender': 'male', 'name': {'title': 'Mr', 'first': 'Francisco', 'last': 'May'}, 'location': {'street': {'number': 6182, 'name': 'Dane St'}, 'city': 'Laredo', 'state': 'Oklahoma', 'country': 'United States', 'postcode': 58211, 'coordinates': {'latitude': '88.4157', 'longitude': '-116.9890'}, 'timezone': {'offset': '+4:30', 'description': 'Kabul'}}, 'email': 'francisco.may@example.com', 'login': {'uuid': '59a927b8-195e-48d5-9d18-c6a83ab853fd', 'username': 'beautifullion775', 'password': 'static', 'salt': 'fKw5IZwZ', 'md5': 'caedfab9c927c1f8423577947086c88e', 'sha1': 'd8c366cda9117596f5b38039048485c4e46d93d6', 'sha256': '6c1ae243f85d3e76e263b2c1af786d934c41f483a119f682fa1d9147d7ded0e3'}, 'dob': {'date': '1967-12-11T12:58:20.987Z', 'age': 56}, 'registered': {'date': '2015-04-29T17:09:38.599Z', 'age': 9}, 'phone': '(367) 631-9830', 'cell': '(904) 565-8453', 'id': {'name': 'SSN', 'value': '045-41-5355'}, 'picture': {'large': 'https://randomuser.me/api/portraits/men/51.jpg', 'medium': 'https://randomuser.me/api/portraits/med/men/51.jpg', 'thumbnail': 'https://randomuser.me/api/portraits/thumb/men/51.jpg'}, 'nat': 'US'}</msg>
<arg>${json_data['results'][0]}</arg>
<doc>Logs the given message with the given level.</doc>
<status status="PASS" start="2024-06-11T06:20:24.210347" elapsed="0.000390"/>
</kw>
<kw name="Log" owner="BuiltIn">
<msg time="2024-06-11T06:20:24.211155" level="INFO">location</msg>
<arg>${key}</arg>
<doc>Logs the given message with the given level.</doc>
<status status="PASS" start="2024-06-11T06:20:24.211029" elapsed="0.000162"/>
</kw>
<var name="${key}">location</var>
<status status="PASS" start="2024-06-11T06:20:24.209663" elapsed="0.001778"/>
</iter>
<iter>
<kw name="Dictionary Should Contain Key" owner="Collections">
<arg>${json_data['results'][0]}</arg>
<arg>${key}</arg>
<doc>Fails if ``key`` is not found from ``dictionary``.</doc>
<status status="PASS" start="2024-06-11T06:20:24.211732" elapsed="0.000371"/>
</kw>
<kw name="Log" owner="BuiltIn">
<msg time="2024-06-11T06:20:24.212633" level="INFO">{'gender': 'male', 'name': {'title': 'Mr', 'first': 'Francisco', 'last': 'May'}, 'location': {'street': {'number': 6182, 'name': 'Dane St'}, 'city': 'Laredo', 'state': 'Oklahoma', 'country': 'United States', 'postcode': 58211, 'coordinates': {'latitude': '88.4157', 'longitude': '-116.9890'}, 'timezone': {'offset': '+4:30', 'description': 'Kabul'}}, 'email': 'francisco.may@example.com', 'login': {'uuid': '59a927b8-195e-48d5-9d18-c6a83ab853fd', 'username': 'beautifullion775', 'password': 'static', 'salt': 'fKw5IZwZ', 'md5': 'caedfab9c927c1f8423577947086c88e', 'sha1': 'd8c366cda9117596f5b38039048485c4e46d93d6', 'sha256': '6c1ae243f85d3e76e263b2c1af786d934c41f483a119f682fa1d9147d7ded0e3'}, 'dob': {'date': '1967-12-11T12:58:20.987Z', 'age': 56}, 'registered': {'date': '2015-04-29T17:09:38.599Z', 'age': 9}, 'phone': '(367) 631-9830', 'cell': '(904) 565-8453', 'id': {'name': 'SSN', 'value': '045-41-5355'}, 'picture': {'large': 'https://randomuser.me/api/portraits/men/51.jpg', 'medium': 'https://randomuser.me/api/portraits/med/men/51.jpg', 'thumbnail': 'https://randomuser.me/api/portraits/thumb/men/51.jpg'}, 'nat': 'US'}</msg>
<arg>${json_data['results'][0]}</arg>
<doc>Logs the given message with the given level.</doc>
<status status="PASS" start="2024-06-11T06:20:24.212282" elapsed="0.000406"/>
</kw>
<kw name="Log" owner="BuiltIn">
<msg time="2024-06-11T06:20:24.213109" level="INFO">email</msg>
<arg>${key}</arg>
<doc>Logs the given message with the given level.</doc>
<status status="PASS" start="2024-06-11T06:20:24.212982" elapsed="0.000166"/>
</kw>
<var name="${key}">email</var>
<status status="PASS" start="2024-06-11T06:20:24.211624" elapsed="0.001739"/>
</iter>
<iter>
<kw name="Dictionary Should Contain Key" owner="Collections">
<arg>${json_data['results'][0]}</arg>
<arg>${key}</arg>
<doc>Fails if ``key`` is not found from ``dictionary``.</doc>
<status status="PASS" start="2024-06-11T06:20:24.213642" elapsed="0.000371"/>
</kw>
<kw name="Log" owner="BuiltIn">
<msg time="2024-06-11T06:20:24.214541" level="INFO">{'gender': 'male', 'name': {'title': 'Mr', 'first': 'Francisco', 'last': 'May'}, 'location': {'street': {'number': 6182, 'name': 'Dane St'}, 'city': 'Laredo', 'state': 'Oklahoma', 'country': 'United States', 'postcode': 58211, 'coordinates': {'latitude': '88.4157', 'longitude': '-116.9890'}, 'timezone': {'offset': '+4:30', 'description': 'Kabul'}}, 'email': 'francisco.may@example.com', 'login': {'uuid': '59a927b8-195e-48d5-9d18-c6a83ab853fd', 'username': 'beautifullion775', 'password': 'static', 'salt': 'fKw5IZwZ', 'md5': 'caedfab9c927c1f8423577947086c88e', 'sha1': 'd8c366cda9117596f5b38039048485c4e46d93d6', 'sha256': '6c1ae243f85d3e76e263b2c1af786d934c41f483a119f682fa1d9147d7ded0e3'}, 'dob': {'date': '1967-12-11T12:58:20.987Z', 'age': 56}, 'registered': {'date': '2015-04-29T17:09:38.599Z', 'age': 9}, 'phone': '(367) 631-9830', 'cell': '(904) 565-8453', 'id': {'name': 'SSN', 'value': '045-41-5355'}, 'picture': {'large': 'https://randomuser.me/api/portraits/men/51.jpg', 'medium': 'https://randomuser.me/api/portraits/med/men/51.jpg', 'thumbnail': 'https://randomuser.me/api/portraits/thumb/men/51.jpg'}, 'nat': 'US'}</msg>
<arg>${json_data['results'][0]}</arg>
<doc>Logs the given message with the given level.</doc>
<status status="PASS" start="2024-06-11T06:20:24.214199" elapsed="0.000390"/>
</kw>
<kw name="Log" owner="BuiltIn">
<msg time="2024-06-11T06:20:24.215118" level="INFO">login</msg>
<arg>${key}</arg>
<doc>Logs the given message with the given level.</doc>
<status status="PASS" start="2024-06-11T06:20:24.214877" elapsed="0.000278"/>
</kw>
<var name="${key}">login</var>
<status status="PASS" start="2024-06-11T06:20:24.213535" elapsed="0.001857"/>
</iter>
<var>${key}</var>
<value>@{expected_keys}</value>
<status status="PASS" start="2024-06-11T06:20:24.205451" elapsed="0.010066"/>
</for>
<kw name="Create List" owner="BuiltIn">
<msg time="2024-06-11T06:20:24.215840" level="INFO">${expected_keysTwo} = ['username', 'password']</msg>
<var>${expected_keysTwo}</var>
<arg>username</arg>
<arg>password</arg>
<doc>Returns a list containing given items.</doc>
<status status="PASS" start="2024-06-11T06:20:24.215707" elapsed="0.000156"/>
</kw>
<for flavor="IN">
<iter>
<kw name="Dictionary Should Contain Key" owner="Collections">
<arg>${json_data['results'][0]['login']}</arg>
<arg>${keyTwo}</arg>
<doc>Fails if ``key`` is not found from ``dictionary``.</doc>
<status status="PASS" start="2024-06-11T06:20:24.216390" elapsed="0.000384"/>
</kw>
<kw name="Dictionary Should Contain Key" owner="Collections">
<arg>${json_data['results'][0]['login']}</arg>
<arg>${keyTwo}</arg>
<doc>Fails if ``key`` is not found from ``dictionary``.</doc>
<status status="PASS" start="2024-06-11T06:20:24.216952" elapsed="0.000371"/>
</kw>
<kw name="Log" owner="BuiltIn">
<msg time="2024-06-11T06:20:24.217616" level="INFO">username</msg>
<arg>${keyTwo}</arg>
<doc>Logs the given message with the given level.</doc>
<status status="PASS" start="2024-06-11T06:20:24.217497" elapsed="0.000156"/>
</kw>
<var name="${keyTwo}">username</var>
<status status="PASS" start="2024-06-11T06:20:24.216284" elapsed="0.001591"/>
</iter>
<iter>
<kw name="Dictionary Should Contain Key" owner="Collections">
<arg>${json_data['results'][0]['login']}</arg>
<arg>${keyTwo}</arg>
<doc>Fails if ``key`` is not found from ``dictionary``.</doc>
<status status="PASS" start="2024-06-11T06:20:24.218158" elapsed="0.000371"/>
</kw>
<kw name="Dictionary Should Contain Key" owner="Collections">
<arg>${json_data['results'][0]['login']}</arg>
<arg>${keyTwo}</arg>
<doc>Fails if ``key`` is not found from ``dictionary``.</doc>
<status status="PASS" start="2024-06-11T06:20:24.218704" elapsed="0.000358"/>
</kw>
<kw name="Log" owner="BuiltIn">
<msg time="2024-06-11T06:20:24.219353" level="INFO">password</msg>
<arg>${keyTwo}</arg>
<doc>Logs the given message with the given level.</doc>
<status status="PASS" start="2024-06-11T06:20:24.219234" elapsed="0.000177"/>
</kw>
<var name="${keyTwo}">password</var>
<status status="PASS" start="2024-06-11T06:20:24.218052" elapsed="0.001588"/>
</iter>
<var>${keyTwo}</var>
<value>@{expected_keysTwo}</value>
<status status="PASS" start="2024-06-11T06:20:24.216128" elapsed="0.003633"/>
</for>
<status status="PASS" start="2024-06-11T06:20:24.107924" elapsed="0.111980"/>
</kw>
<doc>Testa a estrutura da resposta da API.</doc>
<tag>testeEstruturaResposta</tag>
<status status="PASS" start="2024-06-11T06:20:24.107106" elapsed="0.112957"/>
</test>
<test id="s1-s1-t4" name="Validar tipos de dados" line="28">
<kw name="Teste de Tipos de Dados" owner="random-user-service">
<kw name="GET On Session" owner="RequestsLibrary">
<msg time="2024-06-11T06:20:24.305821" level="INFO">GET Request : url=https://randomuser.me/api 
 path_url=/api 
 headers={'User-Agent': 'python-requests/2.32.3', 'Accept-Encoding': 'gzip, deflate', 'Accept': '*/*', 'Connection': 'keep-alive'} 
 body=None 
 </msg>
<msg time="2024-06-11T06:20:24.305917" level="INFO">GET Response : url=https://randomuser.me/api 
 status=200, reason=OK 
 headers={'Date': 'Tue, 11 Jun 2024 06:20:24 GMT', 'Content-Type': 'application/json; charset=utf-8', 'Transfer-Encoding': 'chunked', 'Connection': 'keep-alive', 'X-Powered-By': 'Express', 'Access-Control-Allow-Origin': '*', 'Cache-Control': 'no-cache', 'ETag': 'W/"491-iXvcABQi7JgWZmy2uI68ZHgk07c"', 'Vary': 'Accept-Encoding', 'Content-Encoding': 'gzip', 'CF-Cache-Status': 'DYNAMIC', 'Report-To': '{"endpoints":[{"url":"https:\\/\\/a.nel.cloudflare.com\\/report\\/v4?s=U05sqbRkW7X7acJFvNDxvO1GYMScLF%2FBhato%2F9DnBM9qUwHQBpPVvKVDqYbCJxMcFbnQ4R0ORvefXbmVVuuWXVwvuRaEaAus1NhaHm98zFqOfkEQ0jE%2F8Gu3ZwYrhfii"}],"group":"cf-nel","max_age":604800}', 'NEL': '{"success_fraction":0,"report_to":"cf-nel","max_age":604800}', 'Server': 'cloudflare', 'CF-RAY': '891f7ebb696929b5-IAD', 'alt-svc': 'h3=":443"; ma=86400'} 
 body={"results":[{"gender":"female","name":{"title":"Mrs","first":"Sarah","last":"Morgan"},"location":{"street":{"number":8506,"name":"Thornridge Cir"},"city":"Charlotte","state":"Oregon","country":"United States","postcode":99282,"coordinates":{"latitude":"87.8293","longitude":"133.8308"},"timezone":{"offset":"+6:00","description":"Almaty, Dhaka, Colombo"}},"email":"sarah.morgan@example.com","login":{"uuid":"d96cdd2b-fee1-42e5-bb89-e522f4f7cf84","username":"purpletiger415","password":"kipper","salt":"56fi3t0Q","md5":"5820b45a8afd9f9370b4404c67aa985a","sha1":"55057d1d50dfd8a57e355d9ea6bff4f56b5bb167","sha256":"a2cc8e6606d448dc778e1f3b5de065b3c2fef80303871db6c409483cf2af2768"},"dob":{"date":"1952-04-23T22:16:47.548Z","age":72},"registered":{"date":"2005-10-27T04:53:04.725Z","age":18},"phone":"(494) 895-2572","cell":"(360) 936-8694","id":{"name":"SSN","value":"593-76-8701"},"picture":{"large":"https://randomuser.me/api/portraits/women/91.jpg","medium":"https://randomuser.me/api/portraits/med/women/91.jpg","thumbnail":"https://randomuser.me/api/portraits/thumb/women/91.jpg"},"nat":"US"}],"info":{"seed":"7a0a7d34d3f570a8","results":1,"page":1,"version":"1.4"}} 
 </msg>
<msg time="2024-06-11T06:20:24.305985" level="INFO">/opt/hostedtoolcache/Python/3.12.3/x64/lib/python3.12/site-packages/urllib3/connectionpool.py:1103: InsecureRequestWarning: Unverified HTTPS request is being made to host 'randomuser.me'. Adding certificate verification is strongly advised. See: https://urllib3.readthedocs.io/en/latest/advanced-usage.html#tls-warnings
  warnings.warn(</msg>
<msg time="2024-06-11T06:20:24.306099" level="INFO">${response} = &lt;Response [200]&gt;</msg>
<var>${response}</var>
<arg>consultarAPI</arg>
<arg>/api</arg>
<doc>Sends a GET request on a previously created HTTP Session.</doc>
<status status="PASS" start="2024-06-11T06:20:24.222493" elapsed="0.083635"/>
</kw>
<kw name="Set Variable" owner="BuiltIn">
<msg time="2024-06-11T06:20:24.307164" level="INFO">${json_data} = {'results': [{'gender': 'female', 'name': {'title': 'Mrs', 'first': 'Sarah', 'last': 'Morgan'}, 'location': {'street': {'number': 8506, 'name': 'Thornridge Cir'}, 'city': 'Charlotte', 'state': 'Oregon...</msg>
<var>${json_data}</var>
<arg>${response.json()}</arg>
<doc>Returns the given values which can then be assigned to a variables.</doc>
<status status="PASS" start="2024-06-11T06:20:24.306659" elapsed="0.000535"/>
</kw>
<kw name="Log" owner="BuiltIn">
<msg time="2024-06-11T06:20:24.307701" level="INFO">{'results': [{'gender': 'female', 'name': {'title': 'Mrs', 'first': 'Sarah', 'last': 'Morgan'}, 'location': {'street': {'number': 8506, 'name': 'Thornridge Cir'}, 'city': 'Charlotte', 'state': 'Oregon', 'country': 'United States', 'postcode': 99282, 'coordinates': {'latitude': '87.8293', 'longitude': '133.8308'}, 'timezone': {'offset': '+6:00', 'description': 'Almaty, Dhaka, Colombo'}}, 'email': 'sarah.morgan@example.com', 'login': {'uuid': 'd96cdd2b-fee1-42e5-bb89-e522f4f7cf84', 'username': 'purpletiger415', 'password': 'kipper', 'salt': '56fi3t0Q', 'md5': '5820b45a8afd9f9370b4404c67aa985a', 'sha1': '55057d1d50dfd8a57e355d9ea6bff4f56b5bb167', 'sha256': 'a2cc8e6606d448dc778e1f3b5de065b3c2fef80303871db6c409483cf2af2768'}, 'dob': {'date': '1952-04-23T22:16:47.548Z', 'age': 72}, 'registered': {'date': '2005-10-27T04:53:04.725Z', 'age': 18}, 'phone': '(494) 895-2572', 'cell': '(360) 936-8694', 'id': {'name': 'SSN', 'value': '593-76-8701'}, 'picture': {'large': 'https://randomuser.me/api/portraits/women/91.jpg', 'medium': 'https://randomuser.me/api/portraits/med/women/91.jpg', 'thumbnail': 'https://randomuser.me/api/portraits/thumb/women/91.jpg'}, 'nat': 'US'}], 'info': {'seed': '7a0a7d34d3f570a8', 'results': 1, 'page': 1, 'version': '1.4'}}</msg>
<arg>${json_data}</arg>
<doc>Logs the given message with the given level.</doc>
<status status="PASS" start="2024-06-11T06:20:24.307542" elapsed="0.000207"/>
</kw>
<kw name="Should Be String" owner="String">
<arg>${json_data['results'][0]['gender']}</arg>
<doc>Fails if the given ``item`` is not a string.</doc>
<status status="PASS" start="2024-06-11T06:20:24.308050" elapsed="0.000366"/>
</kw>
<kw name="Should Match Regexp" owner="BuiltIn">
<arg>${json_data['results'][0]['email']}</arg>
<arg>^[a-zA-Z0-9._%+-]+@[a-zA-Z0-9.-]+\.[a-zA-Z]{2,}$</arg>
<doc>Fails if ``string`` does not match ``pattern`` as a regular expression.</doc>
<status status="PASS" start="2024-06-11T06:20:24.308604" elapsed="0.000519"/>
</kw>
<kw name="Should Match Regexp" owner="BuiltIn">
<arg>${json_data['results'][0]['dob']['date']}</arg>
<arg>\\d{4}-\\d{2}-\\d{2}T\\d{2}:\\d{2}:\\d{2}\\.\\d{3}Z</arg>
<doc>Fails if ``string`` does not match ``pattern`` as a regular expression.</doc>
<status status="PASS" start="2024-06-11T06:20:24.309359" elapsed="0.000500"/>
</kw>
<kw name="Should Match Regexp" owner="BuiltIn">
<arg>${json_data['results'][0]['registered']['date']}</arg>
<arg>\\d{4}-\\d{2}-\\d{2}T\\d{2}:\\d{2}:\\d{2}\\.\\d{3}Z</arg>
<doc>Fails if ``string`` does not match ``pattern`` as a regular expression.</doc>
<status status="PASS" start="2024-06-11T06:20:24.310051" elapsed="0.000363"/>
</kw>
<kw name="Should Match Regexp" owner="BuiltIn">
<arg>${json_data['results'][0]['picture']['large']}</arg>
<arg>^https?://.*\.(?:png|jpe?g|gif|bmp)$</arg>
<doc>Fails if ``string`` does not match ``pattern`` as a regular expression.</doc>
<status status="PASS" start="2024-06-11T06:20:24.310598" elapsed="0.000450"/>
</kw>
<kw name="Should Match Regexp" owner="BuiltIn">
<arg>${json_data['results'][0]['picture']['medium']}</arg>
<arg>^https?://.*\.(?:png|jpe?g|gif|bmp)$</arg>
<doc>Fails if ``string`` does not match ``pattern`` as a regular expression.</doc>
<status status="PASS" start="2024-06-11T06:20:24.311237" elapsed="0.000381"/>
</kw>
<kw name="Should Match Regexp" owner="BuiltIn">
<arg>${json_data['results'][0]['picture']['thumbnail']}</arg>
<arg>^https?://.*\.(?:png|jpe?g|gif|bmp)$</arg>
<doc>Fails if ``string`` does not match ``pattern`` as a regular expression.</doc>
<status status="PASS" start="2024-06-11T06:20:24.311808" elapsed="0.000352"/>
</kw>
<kw name="Log" owner="BuiltIn">
<msg time="2024-06-11T06:20:24.312665" level="INFO">{'large': 'https://randomuser.me/api/portraits/women/91.jpg', 'medium': 'https://randomuser.me/api/portraits/med/women/91.jpg', 'thumbnail': 'https://randomuser.me/api/portraits/thumb/women/91.jpg'}</msg>
<arg>${json_data['results'][0]['picture']}</arg>
<doc>Logs the given message with the given level.</doc>
<status status="PASS" start="2024-06-11T06:20:24.312337" elapsed="0.000370"/>
</kw>
<status status="PASS" start="2024-06-11T06:20:24.222264" elapsed="0.090704"/>
</kw>
<kw name="Teste de Tipos de Dados - Postcode" owner="random-user-service">
<kw name="GET On Session" owner="RequestsLibrary">
<msg time="2024-06-11T06:20:24.401760" level="INFO">GET Request : url=https://randomuser.me/api 
 path_url=/api 
 headers={'User-Agent': 'python-requests/2.32.3', 'Accept-Encoding': 'gzip, deflate', 'Accept': '*/*', 'Connection': 'keep-alive'} 
 body=None 
 </msg>
<msg time="2024-06-11T06:20:24.401859" level="INFO">GET Response : url=https://randomuser.me/api 
 status=200, reason=OK 
 headers={'Date': 'Tue, 11 Jun 2024 06:20:24 GMT', 'Content-Type': 'application/json; charset=utf-8', 'Transfer-Encoding': 'chunked', 'Connection': 'keep-alive', 'X-Powered-By': 'Express', 'Access-Control-Allow-Origin': '*', 'Cache-Control': 'no-cache', 'ETag': 'W/"49a-wiQn4TM2CZ6Jc5JlcvdrWJisujo"', 'Vary': 'Accept-Encoding', 'Content-Encoding': 'gzip', 'CF-Cache-Status': 'DYNAMIC', 'Report-To': '{"endpoints":[{"url":"https:\\/\\/a.nel.cloudflare.com\\/report\\/v4?s=68eK9GVNPfTnx05ajp%2Bue0al1S5pcdHbM89P2mZgWl%2FcFOr7qHE3JFz%2BDr4md7XZ1FYBoDaZEqjEvud93Y1ghxHMCBxHvEaPany0zRKE%2Bhlt13Izmysfg3npfWNwmUAS"}],"group":"cf-nel","max_age":604800}', 'NEL': '{"success_fraction":0,"report_to":"cf-nel","max_age":604800}', 'Server': 'cloudflare', 'CF-RAY': '891f7ebbf9ed29b5-IAD', 'alt-svc': 'h3=":443"; ma=86400'} 
 body={"results":[{"gender":"male","name":{"title":"Mr","first":"Sergio","last":"Castillo"},"location":{"street":{"number":5438,"name":"Oak Lawn Ave"},"city":"Pittsburgh","state":"Montana","country":"United States","postcode":30459,"coordinates":{"latitude":"83.0190","longitude":"-6.2846"},"timezone":{"offset":"+8:00","description":"Beijing, Perth, Singapore, Hong Kong"}},"email":"sergio.castillo@example.com","login":{"uuid":"d2d89a83-1abd-43a7-a7fb-e1dd6830cb05","username":"yellowpanda922","password":"jojojo","salt":"eOTZpPB4","md5":"74fb73fcc64333621d618d22c475e12c","sha1":"339beaeacc41cceb5e3c25290590f468e0268eee","sha256":"33e31a821c37495d8c36cb33ed8df0db4c19b5748c23bf3a10701aee9ba4178a"},"dob":{"date":"1951-01-07T17:34:37.200Z","age":73},"registered":{"date":"2018-11-08T03:50:42.656Z","age":5},"phone":"(552) 277-0392","cell":"(972) 226-8778","id":{"name":"SSN","value":"195-40-8960"},"picture":{"large":"https://randomuser.me/api/portraits/men/84.jpg","medium":"https://randomuser.me/api/portraits/med/men/84.jpg","thumbnail":"https://randomuser.me/api/portraits/thumb/men/84.jpg"},"nat":"US"}],"info":{"seed":"7e4e247ed92293ef","results":1,"page":1,"version":"1.4"}} 
 </msg>
<msg time="2024-06-11T06:20:24.401949" level="INFO">/opt/hostedtoolcache/Python/3.12.3/x64/lib/python3.12/site-packages/urllib3/connectionpool.py:1103: InsecureRequestWarning: Unverified HTTPS request is being made to host 'randomuser.me'. Adding certificate verification is strongly advised. See: https://urllib3.readthedocs.io/en/latest/advanced-usage.html#tls-warnings
  warnings.warn(</msg>
<msg time="2024-06-11T06:20:24.402071" level="INFO">${response} = &lt;Response [200]&gt;</msg>
<var>${response}</var>
<arg>consultarAPI</arg>
<arg>/api</arg>
<doc>Sends a GET request on a previously created HTTP Session.</doc>
<status status="PASS" start="2024-06-11T06:20:24.313435" elapsed="0.088678"/>
</kw>
<kw name="Set Variable" owner="BuiltIn">
<msg time="2024-06-11T06:20:24.403134" level="INFO">${json_data} = {'results': [{'gender': 'male', 'name': {'title': 'Mr', 'first': 'Sergio', 'last': 'Castillo'}, 'location': {'street': {'number': 5438, 'name': 'Oak Lawn Ave'}, 'city': 'Pittsburgh', 'state': 'Montana...</msg>
<var>${json_data}</var>
<arg>${response.json()}</arg>
<doc>Returns the given values which can then be assigned to a variables.</doc>
<status status="PASS" start="2024-06-11T06:20:24.402632" elapsed="0.000533"/>
</kw>
<kw name="Log" owner="BuiltIn">
<msg time="2024-06-11T06:20:24.403673" level="INFO">{'results': [{'gender': 'male', 'name': {'title': 'Mr', 'first': 'Sergio', 'last': 'Castillo'}, 'location': {'street': {'number': 5438, 'name': 'Oak Lawn Ave'}, 'city': 'Pittsburgh', 'state': 'Montana', 'country': 'United States', 'postcode': 30459, 'coordinates': {'latitude': '83.0190', 'longitude': '-6.2846'}, 'timezone': {'offset': '+8:00', 'description': 'Beijing, Perth, Singapore, Hong Kong'}}, 'email': 'sergio.castillo@example.com', 'login': {'uuid': 'd2d89a83-1abd-43a7-a7fb-e1dd6830cb05', 'username': 'yellowpanda922', 'password': 'jojojo', 'salt': 'eOTZpPB4', 'md5': '74fb73fcc64333621d618d22c475e12c', 'sha1': '339beaeacc41cceb5e3c25290590f468e0268eee', 'sha256': '33e31a821c37495d8c36cb33ed8df0db4c19b5748c23bf3a10701aee9ba4178a'}, 'dob': {'date': '1951-01-07T17:34:37.200Z', 'age': 73}, 'registered': {'date': '2018-11-08T03:50:42.656Z', 'age': 5}, 'phone': '(552) 277-0392', 'cell': '(972) 226-8778', 'id': {'name': 'SSN', 'value': '195-40-8960'}, 'picture': {'large': 'https://randomuser.me/api/portraits/men/84.jpg', 'medium': 'https://randomuser.me/api/portraits/med/men/84.jpg', 'thumbnail': 'https://randomuser.me/api/portraits/thumb/men/84.jpg'}, 'nat': 'US'}], 'info': {'seed': '7e4e247ed92293ef', 'results': 1, 'page': 1, 'version': '1.4'}}</msg>
<arg>${json_data}</arg>
<doc>Logs the given message with the given level.</doc>
<status status="PASS" start="2024-06-11T06:20:24.403512" elapsed="0.000208"/>
</kw>
<kw name="Should Be Equal As Numbers" owner="BuiltIn">
<arg>${json_data['results'][0]['location']['postcode']}</arg>
<arg>${json_data['results'][0]['location']['postcode']}</arg>
<doc>Fails if objects are unequal after converting them to real numbers.</doc>
<status status="PASS" start="2024-06-11T06:20:24.404017" elapsed="0.000613"/>
</kw>
<kw name="Log" owner="BuiltIn">
<msg time="2024-06-11T06:20:24.405156" level="INFO">30459</msg>
<arg>${json_data['results'][0]['location']['postcode']}</arg>
<doc>Logs the given message with the given level.</doc>
<status status="PASS" start="2024-06-11T06:20:24.404819" elapsed="0.000377"/>
</kw>
<status status="PASS" start="2024-06-11T06:20:24.313198" elapsed="0.092282"/>
</kw>
<doc>Testa se os tipos de dados na resposta da API estão corretos.</doc>
<tag>testeTiposDados</tag>
<status status="PASS" start="2024-06-11T06:20:24.221799" elapsed="0.183852"/>
</test>
<test id="s1-s1-t5" name="Validar conteudo" line="35">
<kw name="Teste de Tipos de Conteudo" owner="random-user-service">
<kw name="GET On Session" owner="RequestsLibrary">
<msg time="2024-06-11T06:20:24.501549" level="INFO">GET Request : url=https://randomuser.me/api 
 path_url=/api 
 headers={'User-Agent': 'python-requests/2.32.3', 'Accept-Encoding': 'gzip, deflate', 'Accept': '*/*', 'Connection': 'keep-alive'} 
 body=None 
 </msg>
<msg time="2024-06-11T06:20:24.501644" level="INFO">GET Response : url=https://randomuser.me/api 
 status=200, reason=OK 
 headers={'Date': 'Tue, 11 Jun 2024 06:20:24 GMT', 'Content-Type': 'application/json; charset=utf-8', 'Transfer-Encoding': 'chunked', 'Connection': 'keep-alive', 'X-Powered-By': 'Express', 'Access-Control-Allow-Origin': '*', 'Cache-Control': 'no-cache', 'ETag': 'W/"494-F1LNpFK5cBGtYZOsxsQScwoC24M"', 'Vary': 'Accept-Encoding', 'Content-Encoding': 'gzip', 'CF-Cache-Status': 'DYNAMIC', 'Report-To': '{"endpoints":[{"url":"https:\\/\\/a.nel.cloudflare.com\\/report\\/v4?s=80JuvEtgdquckXq2XPGNPpBfGEOpxaS9RDKIElbrodJm%2FKi9wclPNx1p1NrJz%2BfFDPay0mk7X0yZeOZYjU5a41BXJ5QTZJYTlKwqFQ4GrHPayOTiuveKTW1hL02uV3Gv"}],"group":"cf-nel","max_age":604800}', 'NEL': '{"success_fraction":0,"report_to":"cf-nel","max_age":604800}', 'Server': 'cloudflare', 'CF-RAY': '891f7ebc8a6829b5-IAD', 'alt-svc': 'h3=":443"; ma=86400'} 
 body={"results":[{"gender":"male","name":{"title":"Mr","first":"Olivier","last":"Young"},"location":{"street":{"number":4108,"name":"20th Ave"},"city":"Cochrane","state":"British Columbia","country":"Canada","postcode":"Y6O 5N5","coordinates":{"latitude":"-69.7438","longitude":"-131.5683"},"timezone":{"offset":"+3:00","description":"Baghdad, Riyadh, Moscow, St. Petersburg"}},"email":"olivier.young@example.com","login":{"uuid":"bf960313-1c32-42b6-9f05-9de6f24a5b33","username":"angryfrog649","password":"wwwwww","salt":"fUoikSxf","md5":"26591788d494209f1947bccbdb0f8dc1","sha1":"0349b9a89e748af61bb33241273cc0e5a0d1a95e","sha256":"9b06fbe0d87e4dd74ffdeef1058bfdbd5950d1e35bc4ca6c5f30f5d2372e5e98"},"dob":{"date":"1991-01-28T18:15:37.707Z","age":33},"registered":{"date":"2020-10-15T10:54:43.499Z","age":3},"phone":"Z12 R37-2127","cell":"M47 Z85-1723","id":{"name":"SIN","value":"245299938"},"picture":{"large":"https://randomuser.me/api/portraits/men/43.jpg","medium":"https://randomuser.me/api/portraits/med/men/43.jpg","thumbnail":"https://randomuser.me/api/portraits/thumb/men/43.jpg"},"nat":"CA"}],"info":{"seed":"42ea53eefe5bcd4a","results":1,"page":1,"version":"1.4"}} 
 </msg>
<msg time="2024-06-11T06:20:24.501722" level="INFO">/opt/hostedtoolcache/Python/3.12.3/x64/lib/python3.12/site-packages/urllib3/connectionpool.py:1103: InsecureRequestWarning: Unverified HTTPS request is being made to host 'randomuser.me'. Adding certificate verification is strongly advised. See: https://urllib3.readthedocs.io/en/latest/advanced-usage.html#tls-warnings
  warnings.warn(</msg>
<msg time="2024-06-11T06:20:24.501843" level="INFO">${response} = &lt;Response [200]&gt;</msg>
<var>${response}</var>
<arg>consultarAPI</arg>
<arg>/api</arg>
<doc>Sends a GET request on a previously created HTTP Session.</doc>
<status status="PASS" start="2024-06-11T06:20:24.408417" elapsed="0.093465"/>
</kw>
<kw name="Set Variable" owner="BuiltIn">
<msg time="2024-06-11T06:20:24.502852" level="INFO">${json_data} = {'results': [{'gender': 'male', 'name': {'title': 'Mr', 'first': 'Olivier', 'last': 'Young'}, 'location': {'street': {'number': 4108, 'name': '20th Ave'}, 'city': 'Cochrane', 'state': 'British Columbi...</msg>
<var>${json_data}</var>
<arg>${response.json()}</arg>
<doc>Returns the given values which can then be assigned to a variables.</doc>
<status status="PASS" start="2024-06-11T06:20:24.502366" elapsed="0.000515"/>
</kw>
<kw name="Set Variable" owner="BuiltIn">
<msg time="2024-06-11T06:20:24.503604" level="INFO">${name_title} = Mr</msg>
<var>${name_title}</var>
<arg>${json_data["results"][0]["name"]["title"]}</arg>
<doc>Returns the given values which can then be assigned to a variables.</doc>
<status status="PASS" start="2024-06-11T06:20:24.503184" elapsed="0.000445"/>
</kw>
<kw name="Create List" owner="BuiltIn">
<msg time="2024-06-11T06:20:24.504087" level="INFO">${allowed_titles} = ['Mr', 'Ms', 'Miss', 'Mrs', 'Madame', 'Monsieur']</msg>
<var>${allowed_titles}</var>
<arg>Mr</arg>
<arg>Ms</arg>
<arg>Miss</arg>
<arg>Mrs</arg>
<arg>Madame</arg>
<arg>Monsieur</arg>
<doc>Returns a list containing given items.</doc>
<status status="PASS" start="2024-06-11T06:20:24.503936" elapsed="0.000176"/>
</kw>
<kw name="List Should Contain Value" owner="Collections">
<arg>${allowed_titles}</arg>
<arg>${name_title}</arg>
<doc>Fails if the ``value`` is not found from ``list``.</doc>
<status status="PASS" start="2024-06-11T06:20:24.504414" elapsed="0.000179"/>
</kw>
<kw name="Set Variable" owner="BuiltIn">
<msg time="2024-06-11T06:20:24.505171" level="INFO">${name_country} = CA</msg>
<var>${name_country}</var>
<arg>${json_data["results"][0]["nat"]}</arg>
<doc>Returns the given values which can then be assigned to a variables.</doc>
<status status="PASS" start="2024-06-11T06:20:24.504800" elapsed="0.000397"/>
</kw>
<kw name="Create List" owner="BuiltIn">
<msg time="2024-06-11T06:20:24.506083" level="INFO">${list_country} = ['AD', 'AE', 'AF', 'AG', 'AI', 'AL', 'AM', 'AO', 'AQ', 'AR', 'AS', 'AT', 'AU', 'AW', 'AX', 'AZ', 'BA', 'BB', 'BD', 'BE', 'BF', 'BG', 'BH', 'BI', 'BJ', 'BL', 'BM', 'BN', 'BO', 'BQ', 'BR', 'BS', 'BT', '...</msg>
<var>${list_country}</var>
<arg>AD</arg>
<arg>AE</arg>
<arg>AF</arg>
<arg>AG</arg>
<arg>AI</arg>
<arg>AL</arg>
<arg>AM</arg>
<arg>AO</arg>
<arg>AQ</arg>
<arg>AR</arg>
<arg>AS</arg>
<arg>AT</arg>
<arg>AU</arg>
<arg>AW</arg>
<arg>AX</arg>
<arg>AZ</arg>
<arg>BA</arg>
<arg>BB</arg>
<arg>BD</arg>
<arg>BE</arg>
<arg>BF</arg>
<arg>BG</arg>
<arg>BH</arg>
<arg>BI</arg>
<arg>BJ</arg>
<arg>BL</arg>
<arg>BM</arg>
<arg>BN</arg>
<arg>BO</arg>
<arg>BQ</arg>
<arg>BR</arg>
<arg>BS</arg>
<arg>BT</arg>
<arg>BV</arg>
<arg>BW</arg>
<arg>BY</arg>
<arg>BZ</arg>
<arg>CA</arg>
<arg>CC</arg>
<arg>CD</arg>
<arg>CF</arg>
<arg>CG</arg>
<arg>CH</arg>
<arg>CI</arg>
<arg>CK</arg>
<arg>CL</arg>
<arg>CM</arg>
<arg>CN</arg>
<arg>CO</arg>
<arg>CR</arg>
<arg>CU</arg>
<arg>CV</arg>
<arg>CW</arg>
<arg>CX</arg>
<arg>CY</arg>
<arg>CZ</arg>
<arg>DE</arg>
<arg>DJ</arg>
<arg>DK</arg>
<arg>DM</arg>
<arg>DO</arg>
<arg>DZ</arg>
<arg>EC</arg>
<arg>EE</arg>
<arg>EG</arg>
<arg>EH</arg>
<arg>ER</arg>
<arg>ES</arg>
<arg>ET</arg>
<arg>FI</arg>
<arg>FJ</arg>
<arg>FK</arg>
<arg>FM</arg>
<arg>FO</arg>
<arg>FR</arg>
<arg>GA</arg>
<arg>GB</arg>
<arg>GD</arg>
<arg>GE</arg>
<arg>GF</arg>
<arg>GG</arg>
<arg>GH</arg>
<arg>GI</arg>
<arg>GL</arg>
<arg>GM</arg>
<arg>GN</arg>
<arg>GP</arg>
<arg>GQ</arg>
<arg>GR</arg>
<arg>GS</arg>
<arg>GT</arg>
<arg>GU</arg>
<arg>GW</arg>
<arg>GY</arg>
<arg>HK</arg>
<arg>HM</arg>
<arg>HN</arg>
<arg>HR</arg>
<arg>HT</arg>
<arg>HU</arg>
<arg>ID</arg>
<arg>IE</arg>
<arg>IL</arg>
<arg>IM</arg>
<arg>IN</arg>
<arg>IO</arg>
<arg>IQ</arg>
<arg>IR</arg>
<arg>IS</arg>
<arg>IT</arg>
<arg>JE</arg>
<arg>JM</arg>
<arg>JO</arg>
<arg>JP</arg>
<arg>KE</arg>
<arg>KG</arg>
<arg>KH</arg>
<arg>KI</arg>
<arg>KM</arg>
<arg>KN</arg>
<arg>KP</arg>
<arg>KR</arg>
<arg>KW</arg>
<arg>KY</arg>
<arg>KZ</arg>
<arg>LA</arg>
<arg>LB</arg>
<arg>LC</arg>
<arg>LI</arg>
<arg>LK</arg>
<arg>LR</arg>
<arg>LS</arg>
<arg>LT</arg>
<arg>LU</arg>
<arg>LV</arg>
<arg>LY</arg>
<arg>MA</arg>
<arg>MC</arg>
<arg>MD</arg>
<arg>ME</arg>
<arg>MF</arg>
<arg>MG</arg>
<arg>MH</arg>
<arg>MK</arg>
<arg>ML</arg>
<arg>MM</arg>
<arg>MN</arg>
<arg>MO</arg>
<arg>MP</arg>
<arg>MQ</arg>
<arg>MR</arg>
<arg>MS</arg>
<arg>MT</arg>
<arg>MU</arg>
<arg>MV</arg>
<arg>MW</arg>
<arg>MX</arg>
<arg>MY</arg>
<arg>MZ</arg>
<arg>NA</arg>
<arg>NC</arg>
<arg>NE</arg>
<arg>NF</arg>
<arg>NG</arg>
<arg>NI</arg>
<arg>NL</arg>
<arg>NO</arg>
<arg>NP</arg>
<arg>NR</arg>
<arg>NU</arg>
<arg>NZ</arg>
<arg>OM</arg>
<arg>PA</arg>
<arg>PE</arg>
<arg>PF</arg>
<arg>PG</arg>
<arg>PH</arg>
<arg>PK</arg>
<arg>PL</arg>
<arg>PM</arg>
<arg>PN</arg>
<arg>PR</arg>
<arg>PS</arg>
<arg>PT</arg>
<arg>PW</arg>
<arg>PY</arg>
<arg>QA</arg>
<arg>RE</arg>
<arg>RO</arg>
<arg>RS</arg>
<arg>RU</arg>
<arg>RW</arg>
<arg>SA</arg>
<arg>SB</arg>
<arg>SC</arg>
<arg>SD</arg>
<arg>SE</arg>
<arg>SG</arg>
<arg>SH</arg>
<arg>SI</arg>
<arg>SJ</arg>
<arg>SK</arg>
<arg>SL</arg>
<arg>SM</arg>
<arg>SN</arg>
<arg>SO</arg>
<arg>SR</arg>
<arg>SS</arg>
<arg>ST</arg>
<arg>SV</arg>
<arg>SX</arg>
<arg>SY</arg>
<arg>SZ</arg>
<arg>TC</arg>
<arg>TD</arg>
<arg>TF</arg>
<arg>TG</arg>
<arg>TH</arg>
<arg>TJ</arg>
<arg>TK</arg>
<arg>TL</arg>
<arg>TM</arg>
<arg>TN</arg>
<arg>TO</arg>
<arg>TR</arg>
<arg>TT</arg>
<arg>TV</arg>
<arg>TW</arg>
<arg>TZ</arg>
<arg>UA</arg>
<arg>UG</arg>
<arg>UM</arg>
<arg>US</arg>
<arg>UY</arg>
<arg>UZ</arg>
<arg>VA</arg>
<arg>VC</arg>
<arg>VE</arg>
<arg>VG</arg>
<arg>VI</arg>
<arg>VN</arg>
<arg>VU</arg>
<arg>WF</arg>
<arg>WS</arg>
<arg>XK</arg>
<arg>YE</arg>
<arg>YT</arg>
<arg>ZA</arg>
<arg>ZM</arg>
<arg>ZW</arg>
<doc>Returns a list containing given items.</doc>
<status status="PASS" start="2024-06-11T06:20:24.505491" elapsed="0.000617"/>
</kw>
<kw name="List Should Contain Value" owner="Collections">
<arg>${list_country}</arg>
<arg>${name_country}</arg>
<doc>Fails if the ``value`` is not found from ``list``.</doc>
<status status="PASS" start="2024-06-11T06:20:24.506904" elapsed="0.000203"/>
</kw>
<kw name="Run Keyword If" owner="BuiltIn">
<kw name="Should Be True" owner="BuiltIn">
<arg>${True}</arg>
<doc>Fails if the given condition is not true.</doc>
<status status="PASS" start="2024-06-11T06:20:24.508213" elapsed="0.000142"/>
</kw>
<arg>${json_data["results"][0]["location"]["coordinates"]["latitude"]} &gt;= -90 and ${json_data["results"][0]["location"]["coordinates"]["latitude"]} &lt;= 90</arg>
<arg>Should Be True</arg>
<arg>${True}</arg>
<doc>Runs the given keyword with the given arguments, if ``condition`` is true.</doc>
<status status="PASS" start="2024-06-11T06:20:24.507303" elapsed="0.001178"/>
</kw>
<kw name="Run Keyword If" owner="BuiltIn">
<kw name="Should Be True" owner="BuiltIn">
<arg>${True}</arg>
<doc>Fails if the given condition is not true.</doc>
<status status="PASS" start="2024-06-11T06:20:24.509346" elapsed="0.000138"/>
</kw>
<arg>${json_data["results"][0]["location"]["coordinates"]["longitude"]} &gt;= -180 and ${json_data["results"][0]["location"]["coordinates"]["longitude"]} &lt;= 180</arg>
<arg>Should Be True</arg>
<arg>${True}</arg>
<doc>Runs the given keyword with the given arguments, if ``condition`` is true.</doc>
<status status="PASS" start="2024-06-11T06:20:24.508661" elapsed="0.000945"/>
</kw>
<status status="PASS" start="2024-06-11T06:20:24.408049" elapsed="0.101688"/>
</kw>
<doc>Testa o conteúdo específico dos campos retornados pela API.</doc>
<tag>testeConteudo</tag>
<status status="PASS" start="2024-06-11T06:20:24.407393" elapsed="0.102493"/>
</test>
<status status="PASS" start="2024-06-11T06:20:23.529264" elapsed="0.982540"/>
</suite>
<status status="PASS" start="2024-06-11T06:20:23.515178" elapsed="1.002201"/>
</suite>
<statistics>
<total>
<stat pass="5" fail="0" skip="0">All Tests</stat>
</total>
<tag>
<stat pass="1" fail="0" skip="0">testeConteudo</stat>
<stat pass="1" fail="0" skip="0">testeEstruturaResposta</stat>
<stat pass="1" fail="0" skip="0">testeRequisicaoBasica</stat>
<stat pass="1" fail="0" skip="0">testeTiposDados</stat>
</tag>
<suite>
<stat pass="5" fail="0" skip="0" id="s1" name="Tests">Tests</stat>
<stat pass="5" fail="0" skip="0" id="s1-s1" name="Random-User-Test">Tests.Random-User-Test</stat>
</suite>
</statistics>
<errors>
</errors>
</robot>
