<?xml version="1.0" encoding="UTF-8"?>
<robot generator="Robot 7.0.1 (Python 3.12.4 on linux)" generated="2024-07-01T21:14:37.551812" rpa="false" schemaversion="5">
<suite id="s1" name="Tests" source="/home/runner/work/ApiRandomUser/ApiRandomUser/RamdonUser/tests">
<suite id="s1-s1" name="Random-User-Test" source="/home/runner/work/ApiRandomUser/ApiRandomUser/RamdonUser/tests/random-user-test.robot">
<test id="s1-s1-t1" name="Conectar" line="13">
<kw name="Conectar API" owner="random-user-service">
<kw name="Create Session" owner="RequestsLibrary">
<msg time="2024-07-01T21:14:37.959929" level="INFO">Creating Session using : alias=consultarAPI, url=https://randomuser.me/, headers={},                     cookies={}, auth=None, timeout=None, proxies=None, verify=False,                     debug=0 </msg>
<arg>consultarAPI</arg>
<arg>${URL}</arg>
<doc>Create Session: create a HTTP session to a server</doc>
<status status="PASS" start="2024-07-01T21:14:37.959709" elapsed="0.000411"/>
</kw>
<status status="PASS" start="2024-07-01T21:14:37.958662" elapsed="0.001824"/>
</kw>
<status status="PASS" start="2024-07-01T21:14:37.957978" elapsed="0.002703"/>
</test>
<test id="s1-s1-t2" name="Validar retorno 200 e JSON Válido" line="16">
<kw name="Teste de Requisicao Basica" owner="random-user-service">
<kw name="GET On Session" owner="RequestsLibrary">
<msg time="2024-07-01T21:14:38.181392" level="INFO">GET Request : url=https://randomuser.me/api 
 path_url=/api 
 headers={'User-Agent': 'python-requests/2.32.3', 'Accept-Encoding': 'gzip, deflate', 'Accept': '*/*', 'Connection': 'keep-alive'} 
 body=None 
 </msg>
<msg time="2024-07-01T21:14:38.181552" level="INFO">GET Response : url=https://randomuser.me/api 
 status=200, reason=OK 
 headers={'Date': 'Mon, 01 Jul 2024 21:14:38 GMT', 'Content-Type': 'application/json; charset=utf-8', 'Transfer-Encoding': 'chunked', 'Connection': 'keep-alive', 'X-Powered-By': 'Express', 'Access-Control-Allow-Origin': '*', 'Cache-Control': 'no-cache', 'ETag': 'W/"49d-eEElNX3qXbaFZwfJIAgBZROXg/E"', 'Vary': 'Accept-Encoding', 'Content-Encoding': 'gzip', 'CF-Cache-Status': 'DYNAMIC', 'Report-To': '{"endpoints":[{"url":"https:\\/\\/a.nel.cloudflare.com\\/report\\/v4?s=HdkIkqk3jeq3WOacTxvoR68NutpOFi%2BxLzBh75hJyzifyNvRRXq6qBb20G6D672GQzCztxTpefZUDWi%2B2gcl6s3ZNTihQEuX9lpECHKqtuH8ZzV5%2BEXodWYcnUVmb4%2Bb"}],"group":"cf-nel","max_age":604800}', 'NEL': '{"success_fraction":0,"report_to":"cf-nel","max_age":604800}', 'Server': 'cloudflare', 'CF-RAY': '89c96824691f7ff3-IAD', 'alt-svc': 'h3=":443"; ma=86400'} 
 body={"results":[{"gender":"male","name":{"title":"Mr","first":"Bastien","last":"Vidal"},"location":{"street":{"number":3341,"name":"Rue des Ecrivains"},"city":"Lille","state":"Haute-Corse","country":"France","postcode":64204,"coordinates":{"latitude":"-17.1726","longitude":"-144.5661"},"timezone":{"offset":"+8:00","description":"Beijing, Perth, Singapore, Hong Kong"}},"email":"bastien.vidal@example.com","login":{"uuid":"2fd5b659-b45b-4695-97f5-0d3668672b96","username":"yellowfrog102","password":"hockey","salt":"TsvRAKvZ","md5":"f3690ed6c4d13600a798cf981eb59c1b","sha1":"ab95bb9fb1d773dbe12f545930a071457286d760","sha256":"7154e681fa07d40919cb4844f1eca5472f11e09ba2de9926863afea7ce913fb8"},"dob":{"date":"1992-06-20T00:52:32.135Z","age":32},"registered":{"date":"2006-01-14T14:20:37.332Z","age":18},"phone":"03-54-41-65-35","cell":"06-71-60-71-65","id":{"name":"INSEE","value":"1920540973668 86"},"picture":{"large":"https://randomuser.me/api/portraits/men/38.jpg","medium":"https://randomuser.me/api/portraits/med/men/38.jpg","thumbnail":"https://randomuser.me/api/portraits/thumb/men/38.jpg"},"nat":"FR"}],"info":{"seed":"ddca7471c56d6a34","results":1,"page":1,"version":"1.4"}} 
 </msg>
<msg time="2024-07-01T21:14:38.181636" level="INFO">/opt/hostedtoolcache/Python/3.12.4/x64/lib/python3.12/site-packages/urllib3/connectionpool.py:1099: InsecureRequestWarning: Unverified HTTPS request is being made to host 'randomuser.me'. Adding certificate verification is strongly advised. See: https://urllib3.readthedocs.io/en/latest/advanced-usage.html#tls-warnings
  warnings.warn(</msg>
<msg time="2024-07-01T21:14:38.181792" level="INFO">${response} = &lt;Response [200]&gt;</msg>
<var>${response}</var>
<arg>consultarAPI</arg>
<arg>/api</arg>
<doc>Sends a GET request on a previously created HTTP Session.</doc>
<status status="PASS" start="2024-07-01T21:14:37.963404" elapsed="0.218431"/>
</kw>
<kw name="Should Be Equal As Numbers" owner="BuiltIn">
<msg time="2024-07-01T21:14:38.183078" level="INFO">Argument types are:
&lt;class 'int'&gt;
&lt;class 'str'&gt;</msg>
<arg>${response.status_code}</arg>
<arg>200</arg>
<doc>Fails if objects are unequal after converting them to real numbers.</doc>
<status status="PASS" start="2024-07-01T21:14:38.182505" elapsed="0.000644"/>
</kw>
<kw name="Log" owner="BuiltIn">
<msg time="2024-07-01T21:14:38.183905" level="INFO">200</msg>
<arg>${response.status_code}</arg>
<doc>Logs the given message with the given level.</doc>
<status status="PASS" start="2024-07-01T21:14:38.183523" elapsed="0.000427"/>
</kw>
<kw name="Set Variable" owner="BuiltIn">
<msg time="2024-07-01T21:14:38.184725" level="INFO">${json_data} = {'results': [{'gender': 'male', 'name': {'title': 'Mr', 'first': 'Bastien', 'last': 'Vidal'}, 'location': {'street': {'number': 3341, 'name': 'Rue des Ecrivains'}, 'city': 'Lille', 'state': 'Haute-Cor...</msg>
<var>${json_data}</var>
<arg>${response.json()}</arg>
<doc>Returns the given values which can then be assigned to a variables.</doc>
<status status="PASS" start="2024-07-01T21:14:38.184280" elapsed="0.000473"/>
</kw>
<kw name="Dictionary Should Contain Key" owner="Collections">
<arg>${json_data}</arg>
<arg>results</arg>
<doc>Fails if ``key`` is not found from ``dictionary``.</doc>
<status status="PASS" start="2024-07-01T21:14:38.185058" elapsed="0.000174"/>
</kw>
<status status="PASS" start="2024-07-01T21:14:37.963149" elapsed="0.222239"/>
</kw>
<doc>Testa se a API responde corretamente e retorna um objeto JSON válido.</doc>
<tag>testeRequisicaoBasica</tag>
<status status="PASS" start="2024-07-01T21:14:37.962559" elapsed="0.223007"/>
</test>
<test id="s1-s1-t3" name="Validar estrutura de resposta" line="22">
<kw name="Teste de Estrutura de Resposta" owner="random-user-service">
<kw name="GET On Session" owner="RequestsLibrary">
<msg time="2024-07-01T21:14:38.276839" level="INFO">GET Request : url=https://randomuser.me/api 
 path_url=/api 
 headers={'User-Agent': 'python-requests/2.32.3', 'Accept-Encoding': 'gzip, deflate', 'Accept': '*/*', 'Connection': 'keep-alive'} 
 body=None 
 </msg>
<msg time="2024-07-01T21:14:38.276963" level="INFO">GET Response : url=https://randomuser.me/api 
 status=200, reason=OK 
 headers={'Date': 'Mon, 01 Jul 2024 21:14:38 GMT', 'Content-Type': 'application/json; charset=utf-8', 'Transfer-Encoding': 'chunked', 'Connection': 'keep-alive', 'X-Powered-By': 'Express', 'Access-Control-Allow-Origin': '*', 'Cache-Control': 'no-cache', 'ETag': 'W/"486-iqxfX4sglmDfbhrri/hUCjvD93k"', 'Vary': 'Accept-Encoding', 'Content-Encoding': 'gzip', 'CF-Cache-Status': 'DYNAMIC', 'Report-To': '{"endpoints":[{"url":"https:\\/\\/a.nel.cloudflare.com\\/report\\/v4?s=2IWl48O5oBQh9Z%2Fy1mDjNaLMfZHbJy1irKEUlDymm6LtXj%2F%2BcKr6FitsB%2BjUuYQcN%2BsSN%2FejQ4l5pfqoKvio9WvOZpD%2F42d%2FtPnUV63lwZDuHdywQA7%2FDgNx%2BcF5Cxrd"}],"group":"cf-nel","max_age":604800}', 'NEL': '{"success_fraction":0,"report_to":"cf-nel","max_age":604800}', 'Server': 'cloudflare', 'CF-RAY': '89c96824a9797ff3-IAD', 'alt-svc': 'h3=":443"; ma=86400'} 
 body={"results":[{"gender":"male","name":{"title":"Mr","first":"Barış","last":"Özdoğan"},"location":{"street":{"number":5078,"name":"Filistin Cd"},"city":"Bilecik","state":"Trabzon","country":"Turkey","postcode":91294,"coordinates":{"latitude":"70.2703","longitude":"-128.0369"},"timezone":{"offset":"+5:30","description":"Bombay, Calcutta, Madras, New Delhi"}},"email":"baris.ozdogan@example.com","login":{"uuid":"2fb892ce-7332-4030-b288-bcb44e8bf73d","username":"orangeleopard759","password":"beemer","salt":"EnoidoaQ","md5":"51eae98a571d6137e004c1891d2fa73a","sha1":"109d0d0a4821e986c7c1212bdf2b7808650b2e7f","sha256":"2461b124d734d8a2265258c4b09376a27e61098860df3e933eaae963ad800331"},"dob":{"date":"1989-02-14T00:50:11.995Z","age":35},"registered":{"date":"2016-04-17T17:19:03.895Z","age":8},"phone":"(285)-794-2814","cell":"(816)-116-0691","id":{"name":"","value":null},"picture":{"large":"https://randomuser.me/api/portraits/men/29.jpg","medium":"https://randomuser.me/api/portraits/med/men/29.jpg","thumbnail":"https://randomuser.me/api/portraits/thumb/men/29.jpg"},"nat":"TR"}],"info":{"seed":"4e8c826c3aebebfc","results":1,"page":1,"version":"1.4"}} 
 </msg>
<msg time="2024-07-01T21:14:38.277122" level="INFO">/opt/hostedtoolcache/Python/3.12.4/x64/lib/python3.12/site-packages/urllib3/connectionpool.py:1099: InsecureRequestWarning: Unverified HTTPS request is being made to host 'randomuser.me'. Adding certificate verification is strongly advised. See: https://urllib3.readthedocs.io/en/latest/advanced-usage.html#tls-warnings
  warnings.warn(</msg>
<msg time="2024-07-01T21:14:38.277276" level="INFO">${response} = &lt;Response [200]&gt;</msg>
<var>${response}</var>
<arg>consultarAPI</arg>
<arg>/api</arg>
<doc>Sends a GET request on a previously created HTTP Session.</doc>
<status status="PASS" start="2024-07-01T21:14:38.188605" elapsed="0.088723"/>
</kw>
<kw name="Set Variable" owner="BuiltIn">
<msg time="2024-07-01T21:14:38.278592" level="INFO">${json_data} = {'results': [{'gender': 'male', 'name': {'title': 'Mr', 'first': 'Barış', 'last': 'Özdoğan'}, 'location': {'street': {'number': 5078, 'name': 'Filistin Cd'}, 'city': 'Bilecik', 'state': 'Trabzon', 'co...</msg>
<var>${json_data}</var>
<arg>${response.json()}</arg>
<doc>Returns the given values which can then be assigned to a variables.</doc>
<status status="PASS" start="2024-07-01T21:14:38.277988" elapsed="0.000635"/>
</kw>
<kw name="Log" owner="BuiltIn">
<msg time="2024-07-01T21:14:38.279215" level="INFO">{'results': [{'gender': 'male', 'name': {'title': 'Mr', 'first': 'Barış', 'last': 'Özdoğan'}, 'location': {'street': {'number': 5078, 'name': 'Filistin Cd'}, 'city': 'Bilecik', 'state': 'Trabzon', 'country': 'Turkey', 'postcode': 91294, 'coordinates': {'latitude': '70.2703', 'longitude': '-128.0369'}, 'timezone': {'offset': '+5:30', 'description': 'Bombay, Calcutta, Madras, New Delhi'}}, 'email': 'baris.ozdogan@example.com', 'login': {'uuid': '2fb892ce-7332-4030-b288-bcb44e8bf73d', 'username': 'orangeleopard759', 'password': 'beemer', 'salt': 'EnoidoaQ', 'md5': '51eae98a571d6137e004c1891d2fa73a', 'sha1': '109d0d0a4821e986c7c1212bdf2b7808650b2e7f', 'sha256': '2461b124d734d8a2265258c4b09376a27e61098860df3e933eaae963ad800331'}, 'dob': {'date': '1989-02-14T00:50:11.995Z', 'age': 35}, 'registered': {'date': '2016-04-17T17:19:03.895Z', 'age': 8}, 'phone': '(285)-794-2814', 'cell': '(816)-116-0691', 'id': {'name': '', 'value': None}, 'picture': {'large': 'https://randomuser.me/api/portraits/men/29.jpg', 'medium': 'https://randomuser.me/api/portraits/med/men/29.jpg', 'thumbnail': 'https://randomuser.me/api/portraits/thumb/men/29.jpg'}, 'nat': 'TR'}], 'info': {'seed': '4e8c826c3aebebfc', 'results': 1, 'page': 1, 'version': '1.4'}}</msg>
<arg>${json_data}</arg>
<doc>Logs the given message with the given level.</doc>
<status status="PASS" start="2024-07-01T21:14:38.279023" elapsed="0.000244"/>
</kw>
<kw name="Dictionary Should Contain Key" owner="Collections">
<arg>${json_data}</arg>
<arg>results</arg>
<doc>Fails if ``key`` is not found from ``dictionary``.</doc>
<status status="PASS" start="2024-07-01T21:14:38.279580" elapsed="0.000172"/>
</kw>
<kw name="Should Not Be Empty" owner="BuiltIn">
<msg time="2024-07-01T21:14:38.280089" level="INFO">Length is 2.</msg>
<arg>${json_data}</arg>
<doc>Verifies that the given item is not empty.</doc>
<status status="PASS" start="2024-07-01T21:14:38.279943" elapsed="0.000194"/>
</kw>
<kw name="Create List" owner="BuiltIn">
<msg time="2024-07-01T21:14:38.280596" level="INFO">${expected_keys} = ['gender', 'name', 'location', 'email', 'login']</msg>
<var>${expected_keys}</var>
<arg>gender</arg>
<arg>name</arg>
<arg>location</arg>
<arg>email</arg>
<arg>login</arg>
<doc>Returns a list containing given items.</doc>
<status status="PASS" start="2024-07-01T21:14:38.280436" elapsed="0.000185"/>
</kw>
<for flavor="IN">
<iter>
<kw name="Dictionary Should Contain Key" owner="Collections">
<arg>${json_data['results'][0]}</arg>
<arg>${key}</arg>
<doc>Fails if ``key`` is not found from ``dictionary``.</doc>
<status status="PASS" start="2024-07-01T21:14:38.281371" elapsed="0.000421"/>
</kw>
<kw name="Log" owner="BuiltIn">
<msg time="2024-07-01T21:14:38.282351" level="INFO">{'gender': 'male', 'name': {'title': 'Mr', 'first': 'Barış', 'last': 'Özdoğan'}, 'location': {'street': {'number': 5078, 'name': 'Filistin Cd'}, 'city': 'Bilecik', 'state': 'Trabzon', 'country': 'Turkey', 'postcode': 91294, 'coordinates': {'latitude': '70.2703', 'longitude': '-128.0369'}, 'timezone': {'offset': '+5:30', 'description': 'Bombay, Calcutta, Madras, New Delhi'}}, 'email': 'baris.ozdogan@example.com', 'login': {'uuid': '2fb892ce-7332-4030-b288-bcb44e8bf73d', 'username': 'orangeleopard759', 'password': 'beemer', 'salt': 'EnoidoaQ', 'md5': '51eae98a571d6137e004c1891d2fa73a', 'sha1': '109d0d0a4821e986c7c1212bdf2b7808650b2e7f', 'sha256': '2461b124d734d8a2265258c4b09376a27e61098860df3e933eaae963ad800331'}, 'dob': {'date': '1989-02-14T00:50:11.995Z', 'age': 35}, 'registered': {'date': '2016-04-17T17:19:03.895Z', 'age': 8}, 'phone': '(285)-794-2814', 'cell': '(816)-116-0691', 'id': {'name': '', 'value': None}, 'picture': {'large': 'https://randomuser.me/api/portraits/men/29.jpg', 'medium': 'https://randomuser.me/api/portraits/med/men/29.jpg', 'thumbnail': 'https://randomuser.me/api/portraits/thumb/men/29.jpg'}, 'nat': 'TR'}</msg>
<arg>${json_data['results'][0]}</arg>
<doc>Logs the given message with the given level.</doc>
<status status="PASS" start="2024-07-01T21:14:38.281982" elapsed="0.000419"/>
</kw>
<kw name="Log" owner="BuiltIn">
<msg time="2024-07-01T21:14:38.282828" level="INFO">gender</msg>
<arg>${key}</arg>
<doc>Logs the given message with the given level.</doc>
<status status="PASS" start="2024-07-01T21:14:38.282700" elapsed="0.000165"/>
</kw>
<var name="${key}">gender</var>
<status status="PASS" start="2024-07-01T21:14:38.281247" elapsed="0.001877"/>
</iter>
<iter>
<kw name="Dictionary Should Contain Key" owner="Collections">
<arg>${json_data['results'][0]}</arg>
<arg>${key}</arg>
<doc>Fails if ``key`` is not found from ``dictionary``.</doc>
<status status="PASS" start="2024-07-01T21:14:38.283433" elapsed="0.000402"/>
</kw>
<kw name="Log" owner="BuiltIn">
<msg time="2024-07-01T21:14:38.284402" level="INFO">{'gender': 'male', 'name': {'title': 'Mr', 'first': 'Barış', 'last': 'Özdoğan'}, 'location': {'street': {'number': 5078, 'name': 'Filistin Cd'}, 'city': 'Bilecik', 'state': 'Trabzon', 'country': 'Turkey', 'postcode': 91294, 'coordinates': {'latitude': '70.2703', 'longitude': '-128.0369'}, 'timezone': {'offset': '+5:30', 'description': 'Bombay, Calcutta, Madras, New Delhi'}}, 'email': 'baris.ozdogan@example.com', 'login': {'uuid': '2fb892ce-7332-4030-b288-bcb44e8bf73d', 'username': 'orangeleopard759', 'password': 'beemer', 'salt': 'EnoidoaQ', 'md5': '51eae98a571d6137e004c1891d2fa73a', 'sha1': '109d0d0a4821e986c7c1212bdf2b7808650b2e7f', 'sha256': '2461b124d734d8a2265258c4b09376a27e61098860df3e933eaae963ad800331'}, 'dob': {'date': '1989-02-14T00:50:11.995Z', 'age': 35}, 'registered': {'date': '2016-04-17T17:19:03.895Z', 'age': 8}, 'phone': '(285)-794-2814', 'cell': '(816)-116-0691', 'id': {'name': '', 'value': None}, 'picture': {'large': 'https://randomuser.me/api/portraits/men/29.jpg', 'medium': 'https://randomuser.me/api/portraits/med/men/29.jpg', 'thumbnail': 'https://randomuser.me/api/portraits/thumb/men/29.jpg'}, 'nat': 'TR'}</msg>
<arg>${json_data['results'][0]}</arg>
<doc>Logs the given message with the given level.</doc>
<status status="PASS" start="2024-07-01T21:14:38.284017" elapsed="0.000468"/>
</kw>
<kw name="Log" owner="BuiltIn">
<msg time="2024-07-01T21:14:38.284916" level="INFO">name</msg>
<arg>${key}</arg>
<doc>Logs the given message with the given level.</doc>
<status status="PASS" start="2024-07-01T21:14:38.284789" elapsed="0.000165"/>
</kw>
<var name="${key}">name</var>
<status status="PASS" start="2024-07-01T21:14:38.283318" elapsed="0.001853"/>
</iter>
<iter>
<kw name="Dictionary Should Contain Key" owner="Collections">
<arg>${json_data['results'][0]}</arg>
<arg>${key}</arg>
<doc>Fails if ``key`` is not found from ``dictionary``.</doc>
<status status="PASS" start="2024-07-01T21:14:38.285462" elapsed="0.000381"/>
</kw>
<kw name="Log" owner="BuiltIn">
<msg time="2024-07-01T21:14:38.286380" level="INFO">{'gender': 'male', 'name': {'title': 'Mr', 'first': 'Barış', 'last': 'Özdoğan'}, 'location': {'street': {'number': 5078, 'name': 'Filistin Cd'}, 'city': 'Bilecik', 'state': 'Trabzon', 'country': 'Turkey', 'postcode': 91294, 'coordinates': {'latitude': '70.2703', 'longitude': '-128.0369'}, 'timezone': {'offset': '+5:30', 'description': 'Bombay, Calcutta, Madras, New Delhi'}}, 'email': 'baris.ozdogan@example.com', 'login': {'uuid': '2fb892ce-7332-4030-b288-bcb44e8bf73d', 'username': 'orangeleopard759', 'password': 'beemer', 'salt': 'EnoidoaQ', 'md5': '51eae98a571d6137e004c1891d2fa73a', 'sha1': '109d0d0a4821e986c7c1212bdf2b7808650b2e7f', 'sha256': '2461b124d734d8a2265258c4b09376a27e61098860df3e933eaae963ad800331'}, 'dob': {'date': '1989-02-14T00:50:11.995Z', 'age': 35}, 'registered': {'date': '2016-04-17T17:19:03.895Z', 'age': 8}, 'phone': '(285)-794-2814', 'cell': '(816)-116-0691', 'id': {'name': '', 'value': None}, 'picture': {'large': 'https://randomuser.me/api/portraits/men/29.jpg', 'medium': 'https://randomuser.me/api/portraits/med/men/29.jpg', 'thumbnail': 'https://randomuser.me/api/portraits/thumb/men/29.jpg'}, 'nat': 'TR'}</msg>
<arg>${json_data['results'][0]}</arg>
<doc>Logs the given message with the given level.</doc>
<status status="PASS" start="2024-07-01T21:14:38.286025" elapsed="0.000405"/>
</kw>
<kw name="Log" owner="BuiltIn">
<msg time="2024-07-01T21:14:38.286861" level="INFO">location</msg>
<arg>${key}</arg>
<doc>Logs the given message with the given level.</doc>
<status status="PASS" start="2024-07-01T21:14:38.286734" elapsed="0.000165"/>
</kw>
<var name="${key}">location</var>
<status status="PASS" start="2024-07-01T21:14:38.285353" elapsed="0.001811"/>
</iter>
<iter>
<kw name="Dictionary Should Contain Key" owner="Collections">
<arg>${json_data['results'][0]}</arg>
<arg>${key}</arg>
<doc>Fails if ``key`` is not found from ``dictionary``.</doc>
<status status="PASS" start="2024-07-01T21:14:38.287443" elapsed="0.000381"/>
</kw>
<kw name="Log" owner="BuiltIn">
<msg time="2024-07-01T21:14:38.288360" level="INFO">{'gender': 'male', 'name': {'title': 'Mr', 'first': 'Barış', 'last': 'Özdoğan'}, 'location': {'street': {'number': 5078, 'name': 'Filistin Cd'}, 'city': 'Bilecik', 'state': 'Trabzon', 'country': 'Turkey', 'postcode': 91294, 'coordinates': {'latitude': '70.2703', 'longitude': '-128.0369'}, 'timezone': {'offset': '+5:30', 'description': 'Bombay, Calcutta, Madras, New Delhi'}}, 'email': 'baris.ozdogan@example.com', 'login': {'uuid': '2fb892ce-7332-4030-b288-bcb44e8bf73d', 'username': 'orangeleopard759', 'password': 'beemer', 'salt': 'EnoidoaQ', 'md5': '51eae98a571d6137e004c1891d2fa73a', 'sha1': '109d0d0a4821e986c7c1212bdf2b7808650b2e7f', 'sha256': '2461b124d734d8a2265258c4b09376a27e61098860df3e933eaae963ad800331'}, 'dob': {'date': '1989-02-14T00:50:11.995Z', 'age': 35}, 'registered': {'date': '2016-04-17T17:19:03.895Z', 'age': 8}, 'phone': '(285)-794-2814', 'cell': '(816)-116-0691', 'id': {'name': '', 'value': None}, 'picture': {'large': 'https://randomuser.me/api/portraits/men/29.jpg', 'medium': 'https://randomuser.me/api/portraits/med/men/29.jpg', 'thumbnail': 'https://randomuser.me/api/portraits/thumb/men/29.jpg'}, 'nat': 'TR'}</msg>
<arg>${json_data['results'][0]}</arg>
<doc>Logs the given message with the given level.</doc>
<status status="PASS" start="2024-07-01T21:14:38.288006" elapsed="0.000404"/>
</kw>
<kw name="Log" owner="BuiltIn">
<msg time="2024-07-01T21:14:38.288847" level="INFO">email</msg>
<arg>${key}</arg>
<doc>Logs the given message with the given level.</doc>
<status status="PASS" start="2024-07-01T21:14:38.288719" elapsed="0.000166"/>
</kw>
<var name="${key}">email</var>
<status status="PASS" start="2024-07-01T21:14:38.287336" elapsed="0.001767"/>
</iter>
<iter>
<kw name="Dictionary Should Contain Key" owner="Collections">
<arg>${json_data['results'][0]}</arg>
<arg>${key}</arg>
<doc>Fails if ``key`` is not found from ``dictionary``.</doc>
<status status="PASS" start="2024-07-01T21:14:38.289390" elapsed="0.000389"/>
</kw>
<kw name="Log" owner="BuiltIn">
<msg time="2024-07-01T21:14:38.290337" level="INFO">{'gender': 'male', 'name': {'title': 'Mr', 'first': 'Barış', 'last': 'Özdoğan'}, 'location': {'street': {'number': 5078, 'name': 'Filistin Cd'}, 'city': 'Bilecik', 'state': 'Trabzon', 'country': 'Turkey', 'postcode': 91294, 'coordinates': {'latitude': '70.2703', 'longitude': '-128.0369'}, 'timezone': {'offset': '+5:30', 'description': 'Bombay, Calcutta, Madras, New Delhi'}}, 'email': 'baris.ozdogan@example.com', 'login': {'uuid': '2fb892ce-7332-4030-b288-bcb44e8bf73d', 'username': 'orangeleopard759', 'password': 'beemer', 'salt': 'EnoidoaQ', 'md5': '51eae98a571d6137e004c1891d2fa73a', 'sha1': '109d0d0a4821e986c7c1212bdf2b7808650b2e7f', 'sha256': '2461b124d734d8a2265258c4b09376a27e61098860df3e933eaae963ad800331'}, 'dob': {'date': '1989-02-14T00:50:11.995Z', 'age': 35}, 'registered': {'date': '2016-04-17T17:19:03.895Z', 'age': 8}, 'phone': '(285)-794-2814', 'cell': '(816)-116-0691', 'id': {'name': '', 'value': None}, 'picture': {'large': 'https://randomuser.me/api/portraits/men/29.jpg', 'medium': 'https://randomuser.me/api/portraits/med/men/29.jpg', 'thumbnail': 'https://randomuser.me/api/portraits/thumb/men/29.jpg'}, 'nat': 'TR'}</msg>
<arg>${json_data['results'][0]}</arg>
<doc>Logs the given message with the given level.</doc>
<status status="PASS" start="2024-07-01T21:14:38.289963" elapsed="0.000423"/>
</kw>
<kw name="Log" owner="BuiltIn">
<msg time="2024-07-01T21:14:38.290805" level="INFO">login</msg>
<arg>${key}</arg>
<doc>Logs the given message with the given level.</doc>
<status status="PASS" start="2024-07-01T21:14:38.290679" elapsed="0.000162"/>
</kw>
<var name="${key}">login</var>
<status status="PASS" start="2024-07-01T21:14:38.289278" elapsed="0.001814"/>
</iter>
<var>${key}</var>
<value>@{expected_keys}</value>
<status status="PASS" start="2024-07-01T21:14:38.281047" elapsed="0.010168"/>
</for>
<kw name="Create List" owner="BuiltIn">
<msg time="2024-07-01T21:14:38.291544" level="INFO">${expected_keysTwo} = ['username', 'password']</msg>
<var>${expected_keysTwo}</var>
<arg>username</arg>
<arg>password</arg>
<doc>Returns a list containing given items.</doc>
<status status="PASS" start="2024-07-01T21:14:38.291409" elapsed="0.000189"/>
</kw>
<for flavor="IN">
<iter>
<kw name="Dictionary Should Contain Key" owner="Collections">
<arg>${json_data['results'][0]['login']}</arg>
<arg>${keyTwo}</arg>
<doc>Fails if ``key`` is not found from ``dictionary``.</doc>
<status status="PASS" start="2024-07-01T21:14:38.292112" elapsed="0.000393"/>
</kw>
<kw name="Dictionary Should Contain Key" owner="Collections">
<arg>${json_data['results'][0]['login']}</arg>
<arg>${keyTwo}</arg>
<doc>Fails if ``key`` is not found from ``dictionary``.</doc>
<status status="PASS" start="2024-07-01T21:14:38.292686" elapsed="0.000369"/>
</kw>
<kw name="Log" owner="BuiltIn">
<msg time="2024-07-01T21:14:38.293361" level="INFO">username</msg>
<arg>${keyTwo}</arg>
<doc>Logs the given message with the given level.</doc>
<status status="PASS" start="2024-07-01T21:14:38.293239" elapsed="0.000159"/>
</kw>
<var name="${keyTwo}">username</var>
<status status="PASS" start="2024-07-01T21:14:38.292000" elapsed="0.001615"/>
</iter>
<iter>
<kw name="Dictionary Should Contain Key" owner="Collections">
<arg>${json_data['results'][0]['login']}</arg>
<arg>${keyTwo}</arg>
<doc>Fails if ``key`` is not found from ``dictionary``.</doc>
<status status="PASS" start="2024-07-01T21:14:38.293892" elapsed="0.000378"/>
</kw>
<kw name="Dictionary Should Contain Key" owner="Collections">
<arg>${json_data['results'][0]['login']}</arg>
<arg>${keyTwo}</arg>
<doc>Fails if ``key`` is not found from ``dictionary``.</doc>
<status status="PASS" start="2024-07-01T21:14:38.294445" elapsed="0.000361"/>
</kw>
<kw name="Log" owner="BuiltIn">
<msg time="2024-07-01T21:14:38.295128" level="INFO">password</msg>
<arg>${keyTwo}</arg>
<doc>Logs the given message with the given level.</doc>
<status status="PASS" start="2024-07-01T21:14:38.295000" elapsed="0.000169"/>
</kw>
<var name="${keyTwo}">password</var>
<status status="PASS" start="2024-07-01T21:14:38.293786" elapsed="0.001599"/>
</iter>
<var>${keyTwo}</var>
<value>@{expected_keysTwo}</value>
<status status="PASS" start="2024-07-01T21:14:38.291840" elapsed="0.003663"/>
</for>
<status status="PASS" start="2024-07-01T21:14:38.188264" elapsed="0.107379"/>
</kw>
<doc>Testa a estrutura da resposta da API.</doc>
<tag>testeEstruturaResposta</tag>
<status status="PASS" start="2024-07-01T21:14:38.187471" elapsed="0.108330"/>
</test>
<test id="s1-s1-t4" name="Validar tipos de dados" line="28">
<kw name="Teste de Tipos de Dados" owner="random-user-service">
<kw name="GET On Session" owner="RequestsLibrary">
<msg time="2024-07-01T21:14:38.726190" level="INFO">GET Request : url=https://randomuser.me/api 
 path_url=/api 
 headers={'User-Agent': 'python-requests/2.32.3', 'Accept-Encoding': 'gzip, deflate', 'Accept': '*/*', 'Connection': 'keep-alive'} 
 body=None 
 </msg>
<msg time="2024-07-01T21:14:38.726296" level="INFO">GET Response : url=https://randomuser.me/api 
 status=200, reason=OK 
 headers={'Date': 'Mon, 01 Jul 2024 21:14:38 GMT', 'Content-Type': 'application/json; charset=utf-8', 'Transfer-Encoding': 'chunked', 'Connection': 'keep-alive', 'X-Powered-By': 'Express', 'Access-Control-Allow-Origin': '*', 'Cache-Control': 'no-cache', 'ETag': 'W/"48a-7oNLp0s6w0EwF0f1fZWv1jhoqoA"', 'Vary': 'Accept-Encoding', 'Content-Encoding': 'gzip', 'CF-Cache-Status': 'DYNAMIC', 'Report-To': '{"endpoints":[{"url":"https:\\/\\/a.nel.cloudflare.com\\/report\\/v4?s=BuFjdCKZBhYHti8Qz6ZjhgxLjl%2FumiZuXL6Ll6Cd5woHT0rIsMr%2FjjffF2qZGi5TRnMEhVSRDo%2FzfkkVyJWr%2BzvJeqi8exYbPJtSmz5Q%2BVEnaBbjHPxNDkmJNOnAK5Wa"}],"group":"cf-nel","max_age":604800}', 'NEL': '{"success_fraction":0,"report_to":"cf-nel","max_age":604800}', 'Server': 'cloudflare', 'CF-RAY': '89c968255a587ff3-IAD', 'alt-svc': 'h3=":443"; ma=86400'} 
 body={"results":[{"gender":"male","name":{"title":"Mr","first":"Gregory","last":"Cook"},"location":{"street":{"number":1656,"name":"Rochestown Road"},"city":"Mountmellick","state":"Kerry","country":"Ireland","postcode":57335,"coordinates":{"latitude":"3.9368","longitude":"-5.1975"},"timezone":{"offset":"+5:00","description":"Ekaterinburg, Islamabad, Karachi, Tashkent"}},"email":"gregory.cook@example.com","login":{"uuid":"62b2ba58-ce53-4561-95b7-2ec320acea64","username":"sadkoala217","password":"ford","salt":"X6unvxet","md5":"d2cfab88d1d798a0f2bf78da366f6757","sha1":"1eebf183489019b13ba0f9e0cdf2fbb14993ea1c","sha256":"6c0b29eaa11bed8c8cc7377e02079f0483161ebd47f11cc198e20dab61cc564c"},"dob":{"date":"1995-12-22T04:48:34.318Z","age":28},"registered":{"date":"2017-07-27T22:12:35.889Z","age":6},"phone":"021-068-8643","cell":"081-620-0559","id":{"name":"PPS","value":"7690730T"},"picture":{"large":"https://randomuser.me/api/portraits/men/21.jpg","medium":"https://randomuser.me/api/portraits/med/men/21.jpg","thumbnail":"https://randomuser.me/api/portraits/thumb/men/21.jpg"},"nat":"IE"}],"info":{"seed":"05ceec1632a8af63","results":1,"page":1,"version":"1.4"}} 
 </msg>
<msg time="2024-07-01T21:14:38.726363" level="INFO">/opt/hostedtoolcache/Python/3.12.4/x64/lib/python3.12/site-packages/urllib3/connectionpool.py:1099: InsecureRequestWarning: Unverified HTTPS request is being made to host 'randomuser.me'. Adding certificate verification is strongly advised. See: https://urllib3.readthedocs.io/en/latest/advanced-usage.html#tls-warnings
  warnings.warn(</msg>
<msg time="2024-07-01T21:14:38.726489" level="INFO">${response} = &lt;Response [200]&gt;</msg>
<var>${response}</var>
<arg>consultarAPI</arg>
<arg>/api</arg>
<doc>Sends a GET request on a previously created HTTP Session.</doc>
<status status="PASS" start="2024-07-01T21:14:38.298470" elapsed="0.428060"/>
</kw>
<kw name="Set Variable" owner="BuiltIn">
<msg time="2024-07-01T21:14:38.727752" level="INFO">${json_data} = {'results': [{'gender': 'male', 'name': {'title': 'Mr', 'first': 'Gregory', 'last': 'Cook'}, 'location': {'street': {'number': 1656, 'name': 'Rochestown Road'}, 'city': 'Mountmellick', 'state': 'Kerry...</msg>
<var>${json_data}</var>
<arg>${response.json()}</arg>
<doc>Returns the given values which can then be assigned to a variables.</doc>
<status status="PASS" start="2024-07-01T21:14:38.727189" elapsed="0.000592"/>
</kw>
<kw name="Log" owner="BuiltIn">
<msg time="2024-07-01T21:14:38.728259" level="INFO">{'results': [{'gender': 'male', 'name': {'title': 'Mr', 'first': 'Gregory', 'last': 'Cook'}, 'location': {'street': {'number': 1656, 'name': 'Rochestown Road'}, 'city': 'Mountmellick', 'state': 'Kerry', 'country': 'Ireland', 'postcode': 57335, 'coordinates': {'latitude': '3.9368', 'longitude': '-5.1975'}, 'timezone': {'offset': '+5:00', 'description': 'Ekaterinburg, Islamabad, Karachi, Tashkent'}}, 'email': 'gregory.cook@example.com', 'login': {'uuid': '62b2ba58-ce53-4561-95b7-2ec320acea64', 'username': 'sadkoala217', 'password': 'ford', 'salt': 'X6unvxet', 'md5': 'd2cfab88d1d798a0f2bf78da366f6757', 'sha1': '1eebf183489019b13ba0f9e0cdf2fbb14993ea1c', 'sha256': '6c0b29eaa11bed8c8cc7377e02079f0483161ebd47f11cc198e20dab61cc564c'}, 'dob': {'date': '1995-12-22T04:48:34.318Z', 'age': 28}, 'registered': {'date': '2017-07-27T22:12:35.889Z', 'age': 6}, 'phone': '021-068-8643', 'cell': '081-620-0559', 'id': {'name': 'PPS', 'value': '7690730T'}, 'picture': {'large': 'https://randomuser.me/api/portraits/men/21.jpg', 'medium': 'https://randomuser.me/api/portraits/med/men/21.jpg', 'thumbnail': 'https://randomuser.me/api/portraits/thumb/men/21.jpg'}, 'nat': 'IE'}], 'info': {'seed': '05ceec1632a8af63', 'results': 1, 'page': 1, 'version': '1.4'}}</msg>
<arg>${json_data}</arg>
<doc>Logs the given message with the given level.</doc>
<status status="PASS" start="2024-07-01T21:14:38.728101" elapsed="0.000206"/>
</kw>
<kw name="Should Be String" owner="String">
<arg>${json_data['results'][0]['gender']}</arg>
<doc>Fails if the given ``item`` is not a string.</doc>
<status status="PASS" start="2024-07-01T21:14:38.728600" elapsed="0.000363"/>
</kw>
<kw name="Should Match Regexp" owner="BuiltIn">
<arg>${json_data['results'][0]['email']}</arg>
<arg>^[a-zA-Z0-9._%+-]+@[a-zA-Z0-9.-]+\.[a-zA-Z]{2,}$</arg>
<doc>Fails if ``string`` does not match ``pattern`` as a regular expression.</doc>
<status status="PASS" start="2024-07-01T21:14:38.729150" elapsed="0.000517"/>
</kw>
<kw name="Should Match Regexp" owner="BuiltIn">
<arg>${json_data['results'][0]['dob']['date']}</arg>
<arg>\\d{4}-\\d{2}-\\d{2}T\\d{2}:\\d{2}:\\d{2}\\.\\d{3}Z</arg>
<doc>Fails if ``string`` does not match ``pattern`` as a regular expression.</doc>
<status status="PASS" start="2024-07-01T21:14:38.729890" elapsed="0.000476"/>
</kw>
<kw name="Should Match Regexp" owner="BuiltIn">
<arg>${json_data['results'][0]['registered']['date']}</arg>
<arg>\\d{4}-\\d{2}-\\d{2}T\\d{2}:\\d{2}:\\d{2}\\.\\d{3}Z</arg>
<doc>Fails if ``string`` does not match ``pattern`` as a regular expression.</doc>
<status status="PASS" start="2024-07-01T21:14:38.730551" elapsed="0.000365"/>
</kw>
<kw name="Should Match Regexp" owner="BuiltIn">
<arg>${json_data['results'][0]['picture']['large']}</arg>
<arg>^https?://.*\.(?:png|jpe?g|gif|bmp)$</arg>
<doc>Fails if ``string`` does not match ``pattern`` as a regular expression.</doc>
<status status="PASS" start="2024-07-01T21:14:38.731139" elapsed="0.000454"/>
</kw>
<kw name="Should Match Regexp" owner="BuiltIn">
<arg>${json_data['results'][0]['picture']['medium']}</arg>
<arg>^https?://.*\.(?:png|jpe?g|gif|bmp)$</arg>
<doc>Fails if ``string`` does not match ``pattern`` as a regular expression.</doc>
<status status="PASS" start="2024-07-01T21:14:38.731775" elapsed="0.000344"/>
</kw>
<kw name="Should Match Regexp" owner="BuiltIn">
<arg>${json_data['results'][0]['picture']['thumbnail']}</arg>
<arg>^https?://.*\.(?:png|jpe?g|gif|bmp)$</arg>
<doc>Fails if ``string`` does not match ``pattern`` as a regular expression.</doc>
<status status="PASS" start="2024-07-01T21:14:38.732296" elapsed="0.000346"/>
</kw>
<kw name="Log" owner="BuiltIn">
<msg time="2024-07-01T21:14:38.733140" level="INFO">{'large': 'https://randomuser.me/api/portraits/men/21.jpg', 'medium': 'https://randomuser.me/api/portraits/med/men/21.jpg', 'thumbnail': 'https://randomuser.me/api/portraits/thumb/men/21.jpg'}</msg>
<arg>${json_data['results'][0]['picture']}</arg>
<doc>Logs the given message with the given level.</doc>
<status status="PASS" start="2024-07-01T21:14:38.732821" elapsed="0.000360"/>
</kw>
<status status="PASS" start="2024-07-01T21:14:38.298238" elapsed="0.435200"/>
</kw>
<kw name="Teste de Tipos de Dados - Postcode" owner="random-user-service">
<kw name="GET On Session" owner="RequestsLibrary">
<msg time="2024-07-01T21:14:38.820367" level="INFO">GET Request : url=https://randomuser.me/api 
 path_url=/api 
 headers={'User-Agent': 'python-requests/2.32.3', 'Accept-Encoding': 'gzip, deflate', 'Accept': '*/*', 'Connection': 'keep-alive'} 
 body=None 
 </msg>
<msg time="2024-07-01T21:14:38.820469" level="INFO">GET Response : url=https://randomuser.me/api 
 status=200, reason=OK 
 headers={'Date': 'Mon, 01 Jul 2024 21:14:38 GMT', 'Content-Type': 'application/json; charset=utf-8', 'Transfer-Encoding': 'chunked', 'Connection': 'keep-alive', 'X-Powered-By': 'Express', 'Access-Control-Allow-Origin': '*', 'Cache-Control': 'no-cache', 'ETag': 'W/"4a1-OKhkLH4v8UBPHSteGfnnG1fYLDg"', 'Vary': 'Accept-Encoding', 'Content-Encoding': 'gzip', 'CF-Cache-Status': 'DYNAMIC', 'Report-To': '{"endpoints":[{"url":"https:\\/\\/a.nel.cloudflare.com\\/report\\/v4?s=W0TQ7hsZSSWTbIFXl%2FUHZN0O2TUhqFwzCsvtWblimOMShrXnE3TUdc9aWtWrwbJncw5NoORzDQY%2FajOwSNKk3CGz41zuP%2FMTpBftB8r9wj3QPlDLRxFLjIbZrtYsWBbE"}],"group":"cf-nel","max_age":604800}', 'NEL': '{"success_fraction":0,"report_to":"cf-nel","max_age":604800}', 'Server': 'cloudflare', 'CF-RAY': '89c968281e7e7ff3-IAD', 'alt-svc': 'h3=":443"; ma=86400'} 
 body={"results":[{"gender":"male","name":{"title":"Mr","first":"Pablo","last":"Canales"},"location":{"street":{"number":3480,"name":"Corredor Sur Arevalo"},"city":"Tlacojalpan","state":"Guanajuato","country":"Mexico","postcode":52786,"coordinates":{"latitude":"27.4051","longitude":"-163.5431"},"timezone":{"offset":"+9:00","description":"Tokyo, Seoul, Osaka, Sapporo, Yakutsk"}},"email":"pablo.canales@example.com","login":{"uuid":"c2d58e57-9b9e-4057-be7e-925c390fba2c","username":"heavywolf630","password":"theone","salt":"MSK5cwCR","md5":"ea7047d8f512c56ffcf42a2327c4e0ba","sha1":"fa2ef2e9dcb3ec4e0f6792023ec12ee8305f4d08","sha256":"d757272709b03bcb8f2faa9bbd7a1d4e98b21da12e1fae28fe38fefc98e026f1"},"dob":{"date":"1954-04-16T00:40:03.701Z","age":70},"registered":{"date":"2008-09-07T22:55:13.229Z","age":15},"phone":"(625) 096 6171","cell":"(650) 826 3815","id":{"name":"NSS","value":"76 40 51 6207 7"},"picture":{"large":"https://randomuser.me/api/portraits/men/78.jpg","medium":"https://randomuser.me/api/portraits/med/men/78.jpg","thumbnail":"https://randomuser.me/api/portraits/thumb/men/78.jpg"},"nat":"MX"}],"info":{"seed":"daa37fd5c0fa0266","results":1,"page":1,"version":"1.4"}} 
 </msg>
<msg time="2024-07-01T21:14:38.820537" level="INFO">/opt/hostedtoolcache/Python/3.12.4/x64/lib/python3.12/site-packages/urllib3/connectionpool.py:1099: InsecureRequestWarning: Unverified HTTPS request is being made to host 'randomuser.me'. Adding certificate verification is strongly advised. See: https://urllib3.readthedocs.io/en/latest/advanced-usage.html#tls-warnings
  warnings.warn(</msg>
<msg time="2024-07-01T21:14:38.820660" level="INFO">${response} = &lt;Response [200]&gt;</msg>
<var>${response}</var>
<arg>consultarAPI</arg>
<arg>/api</arg>
<doc>Sends a GET request on a previously created HTTP Session.</doc>
<status status="PASS" start="2024-07-01T21:14:38.733894" elapsed="0.086808"/>
</kw>
<kw name="Set Variable" owner="BuiltIn">
<msg time="2024-07-01T21:14:38.821908" level="INFO">${json_data} = {'results': [{'gender': 'male', 'name': {'title': 'Mr', 'first': 'Pablo', 'last': 'Canales'}, 'location': {'street': {'number': 3480, 'name': 'Corredor Sur Arevalo'}, 'city': 'Tlacojalpan', 'state': '...</msg>
<var>${json_data}</var>
<arg>${response.json()}</arg>
<doc>Returns the given values which can then be assigned to a variables.</doc>
<status status="PASS" start="2024-07-01T21:14:38.821334" elapsed="0.000602"/>
</kw>
<kw name="Log" owner="BuiltIn">
<msg time="2024-07-01T21:14:38.822398" level="INFO">{'results': [{'gender': 'male', 'name': {'title': 'Mr', 'first': 'Pablo', 'last': 'Canales'}, 'location': {'street': {'number': 3480, 'name': 'Corredor Sur Arevalo'}, 'city': 'Tlacojalpan', 'state': 'Guanajuato', 'country': 'Mexico', 'postcode': 52786, 'coordinates': {'latitude': '27.4051', 'longitude': '-163.5431'}, 'timezone': {'offset': '+9:00', 'description': 'Tokyo, Seoul, Osaka, Sapporo, Yakutsk'}}, 'email': 'pablo.canales@example.com', 'login': {'uuid': 'c2d58e57-9b9e-4057-be7e-925c390fba2c', 'username': 'heavywolf630', 'password': 'theone', 'salt': 'MSK5cwCR', 'md5': 'ea7047d8f512c56ffcf42a2327c4e0ba', 'sha1': 'fa2ef2e9dcb3ec4e0f6792023ec12ee8305f4d08', 'sha256': 'd757272709b03bcb8f2faa9bbd7a1d4e98b21da12e1fae28fe38fefc98e026f1'}, 'dob': {'date': '1954-04-16T00:40:03.701Z', 'age': 70}, 'registered': {'date': '2008-09-07T22:55:13.229Z', 'age': 15}, 'phone': '(625) 096 6171', 'cell': '(650) 826 3815', 'id': {'name': 'NSS', 'value': '76 40 51 6207 7'}, 'picture': {'large': 'https://randomuser.me/api/portraits/men/78.jpg', 'medium': 'https://randomuser.me/api/portraits/med/men/78.jpg', 'thumbnail': 'https://randomuser.me/api/portraits/thumb/men/78.jpg'}, 'nat': 'MX'}], 'info': {'seed': 'daa37fd5c0fa0266', 'results': 1, 'page': 1, 'version': '1.4'}}</msg>
<arg>${json_data}</arg>
<doc>Logs the given message with the given level.</doc>
<status status="PASS" start="2024-07-01T21:14:38.822242" elapsed="0.000202"/>
</kw>
<kw name="Should Be Equal As Numbers" owner="BuiltIn">
<arg>${json_data['results'][0]['location']['postcode']}</arg>
<arg>${json_data['results'][0]['location']['postcode']}</arg>
<doc>Fails if objects are unequal after converting them to real numbers.</doc>
<status status="PASS" start="2024-07-01T21:14:38.822738" elapsed="0.000671"/>
</kw>
<kw name="Log" owner="BuiltIn">
<msg time="2024-07-01T21:14:38.823934" level="INFO">52786</msg>
<arg>${json_data['results'][0]['location']['postcode']}</arg>
<doc>Logs the given message with the given level.</doc>
<status status="PASS" start="2024-07-01T21:14:38.823596" elapsed="0.000377"/>
</kw>
<status status="PASS" start="2024-07-01T21:14:38.733666" elapsed="0.090589"/>
</kw>
<doc>Testa se os tipos de dados na resposta da API estão corretos.</doc>
<tag>testeTiposDados</tag>
<status status="PASS" start="2024-07-01T21:14:38.297561" elapsed="0.526861"/>
</test>
<test id="s1-s1-t5" name="Validar conteudo" line="35">
<kw name="Teste de Tipos de Conteudo" owner="random-user-service">
<kw name="GET On Session" owner="RequestsLibrary">
<msg time="2024-07-01T21:14:38.888346" level="INFO">GET Request : url=https://randomuser.me/api 
 path_url=/api 
 headers={'User-Agent': 'python-requests/2.32.3', 'Accept-Encoding': 'gzip, deflate', 'Accept': '*/*', 'Connection': 'keep-alive'} 
 body=None 
 </msg>
<msg time="2024-07-01T21:14:38.888460" level="INFO">GET Response : url=https://randomuser.me/api 
 status=200, reason=OK 
 headers={'Date': 'Mon, 01 Jul 2024 21:14:38 GMT', 'Content-Type': 'application/json; charset=utf-8', 'Transfer-Encoding': 'chunked', 'Connection': 'keep-alive', 'X-Powered-By': 'Express', 'Access-Control-Allow-Origin': '*', 'Cache-Control': 'no-cache', 'ETag': 'W/"483-AzEvccp92zGST0Eo41tKwA4iG/c"', 'Vary': 'Accept-Encoding', 'Content-Encoding': 'gzip', 'CF-Cache-Status': 'DYNAMIC', 'Report-To': '{"endpoints":[{"url":"https:\\/\\/a.nel.cloudflare.com\\/report\\/v4?s=2k4qiJGRPYBZtdAPdGeNpmfoAmM3EvZndkaTOtKKSCSN%2B0TQT2StJ7%2Bv%2Bhg28rYkQABPHq014bu4A59jwFfUhO0BeABGPROPoUo0%2BR0vz%2FJElv1ryNhjYpyp9nV7nqjY"}],"group":"cf-nel","max_age":604800}', 'NEL': '{"success_fraction":0,"report_to":"cf-nel","max_age":604800}', 'Server': 'cloudflare', 'CF-RAY': '89c96828af337ff3-IAD', 'alt-svc': 'h3=":443"; ma=86400'} 
 body={"results":[{"gender":"male","name":{"title":"Mr","first":"Alexander","last":"Larsen"},"location":{"street":{"number":8793,"name":"Kirkevænget"},"city":"Overby Lyng","state":"Danmark","country":"Denmark","postcode":62060,"coordinates":{"latitude":"-42.3774","longitude":"-34.7297"},"timezone":{"offset":"-8:00","description":"Pacific Time (US &amp; Canada)"}},"email":"alexander.larsen@example.com","login":{"uuid":"062e6909-c71c-4c76-81b4-7ef4fe09f090","username":"redelephant547","password":"aaron1","salt":"XEgVVEyc","md5":"53001440189006457cd5d615ac16bbaf","sha1":"b007028b5e1b922ffdf2f8dd7ef1a5e813401e55","sha256":"ff849c6f8114d34910fcec950345bcfb4ac1ac47f60b1c127892f0abf85157ed"},"dob":{"date":"1997-02-11T01:09:54.617Z","age":27},"registered":{"date":"2021-06-28T15:12:49.820Z","age":3},"phone":"99059060","cell":"34353109","id":{"name":"CPR","value":"100297-4063"},"picture":{"large":"https://randomuser.me/api/portraits/men/26.jpg","medium":"https://randomuser.me/api/portraits/med/men/26.jpg","thumbnail":"https://randomuser.me/api/portraits/thumb/men/26.jpg"},"nat":"DK"}],"info":{"seed":"547462aae8673e67","results":1,"page":1,"version":"1.4"}} 
 </msg>
<msg time="2024-07-01T21:14:38.888574" level="INFO">/opt/hostedtoolcache/Python/3.12.4/x64/lib/python3.12/site-packages/urllib3/connectionpool.py:1099: InsecureRequestWarning: Unverified HTTPS request is being made to host 'randomuser.me'. Adding certificate verification is strongly advised. See: https://urllib3.readthedocs.io/en/latest/advanced-usage.html#tls-warnings
  warnings.warn(</msg>
<msg time="2024-07-01T21:14:38.888703" level="INFO">${response} = &lt;Response [200]&gt;</msg>
<var>${response}</var>
<arg>consultarAPI</arg>
<arg>/api</arg>
<doc>Sends a GET request on a previously created HTTP Session.</doc>
<status status="PASS" start="2024-07-01T21:14:38.827111" elapsed="0.061633"/>
</kw>
<kw name="Set Variable" owner="BuiltIn">
<msg time="2024-07-01T21:14:38.889971" level="INFO">${json_data} = {'results': [{'gender': 'male', 'name': {'title': 'Mr', 'first': 'Alexander', 'last': 'Larsen'}, 'location': {'street': {'number': 8793, 'name': 'Kirkevænget'}, 'city': 'Overby Lyng', 'state': 'Danmar...</msg>
<var>${json_data}</var>
<arg>${response.json()}</arg>
<doc>Returns the given values which can then be assigned to a variables.</doc>
<status status="PASS" start="2024-07-01T21:14:38.889406" elapsed="0.000594"/>
</kw>
<kw name="Set Variable" owner="BuiltIn">
<msg time="2024-07-01T21:14:38.890694" level="INFO">${name_title} = Mr</msg>
<var>${name_title}</var>
<arg>${json_data["results"][0]["name"]["title"]}</arg>
<doc>Returns the given values which can then be assigned to a variables.</doc>
<status status="PASS" start="2024-07-01T21:14:38.890310" elapsed="0.000408"/>
</kw>
<kw name="Create List" owner="BuiltIn">
<msg time="2024-07-01T21:14:38.891204" level="INFO">${allowed_titles} = ['Mr', 'Ms', 'Miss', 'Mrs', 'Madame', 'Monsieur']</msg>
<var>${allowed_titles}</var>
<arg>Mr</arg>
<arg>Ms</arg>
<arg>Miss</arg>
<arg>Mrs</arg>
<arg>Madame</arg>
<arg>Monsieur</arg>
<doc>Returns a list containing given items.</doc>
<status status="PASS" start="2024-07-01T21:14:38.891044" elapsed="0.000183"/>
</kw>
<kw name="List Should Contain Value" owner="Collections">
<arg>${allowed_titles}</arg>
<arg>${name_title}</arg>
<doc>Fails if the ``value`` is not found from ``list``.</doc>
<status status="PASS" start="2024-07-01T21:14:38.891524" elapsed="0.000181"/>
</kw>
<kw name="Set Variable" owner="BuiltIn">
<msg time="2024-07-01T21:14:38.892246" level="INFO">${name_country} = DK</msg>
<var>${name_country}</var>
<arg>${json_data["results"][0]["nat"]}</arg>
<doc>Returns the given values which can then be assigned to a variables.</doc>
<status status="PASS" start="2024-07-01T21:14:38.891882" elapsed="0.000387"/>
</kw>
<kw name="Create List" owner="BuiltIn">
<msg time="2024-07-01T21:14:38.893151" level="INFO">${list_country} = ['AD', 'AE', 'AF', 'AG', 'AI', 'AL', 'AM', 'AO', 'AQ', 'AR', 'AS', 'AT', 'AU', 'AW', 'AX', 'AZ', 'BA', 'BB', 'BD', 'BE', 'BF', 'BG', 'BH', 'BI', 'BJ', 'BL', 'BM', 'BN', 'BO', 'BQ', 'BR', 'BS', 'BT', '...</msg>
<var>${list_country}</var>
<arg>AD</arg>
<arg>AE</arg>
<arg>AF</arg>
<arg>AG</arg>
<arg>AI</arg>
<arg>AL</arg>
<arg>AM</arg>
<arg>AO</arg>
<arg>AQ</arg>
<arg>AR</arg>
<arg>AS</arg>
<arg>AT</arg>
<arg>AU</arg>
<arg>AW</arg>
<arg>AX</arg>
<arg>AZ</arg>
<arg>BA</arg>
<arg>BB</arg>
<arg>BD</arg>
<arg>BE</arg>
<arg>BF</arg>
<arg>BG</arg>
<arg>BH</arg>
<arg>BI</arg>
<arg>BJ</arg>
<arg>BL</arg>
<arg>BM</arg>
<arg>BN</arg>
<arg>BO</arg>
<arg>BQ</arg>
<arg>BR</arg>
<arg>BS</arg>
<arg>BT</arg>
<arg>BV</arg>
<arg>BW</arg>
<arg>BY</arg>
<arg>BZ</arg>
<arg>CA</arg>
<arg>CC</arg>
<arg>CD</arg>
<arg>CF</arg>
<arg>CG</arg>
<arg>CH</arg>
<arg>CI</arg>
<arg>CK</arg>
<arg>CL</arg>
<arg>CM</arg>
<arg>CN</arg>
<arg>CO</arg>
<arg>CR</arg>
<arg>CU</arg>
<arg>CV</arg>
<arg>CW</arg>
<arg>CX</arg>
<arg>CY</arg>
<arg>CZ</arg>
<arg>DE</arg>
<arg>DJ</arg>
<arg>DK</arg>
<arg>DM</arg>
<arg>DO</arg>
<arg>DZ</arg>
<arg>EC</arg>
<arg>EE</arg>
<arg>EG</arg>
<arg>EH</arg>
<arg>ER</arg>
<arg>ES</arg>
<arg>ET</arg>
<arg>FI</arg>
<arg>FJ</arg>
<arg>FK</arg>
<arg>FM</arg>
<arg>FO</arg>
<arg>FR</arg>
<arg>GA</arg>
<arg>GB</arg>
<arg>GD</arg>
<arg>GE</arg>
<arg>GF</arg>
<arg>GG</arg>
<arg>GH</arg>
<arg>GI</arg>
<arg>GL</arg>
<arg>GM</arg>
<arg>GN</arg>
<arg>GP</arg>
<arg>GQ</arg>
<arg>GR</arg>
<arg>GS</arg>
<arg>GT</arg>
<arg>GU</arg>
<arg>GW</arg>
<arg>GY</arg>
<arg>HK</arg>
<arg>HM</arg>
<arg>HN</arg>
<arg>HR</arg>
<arg>HT</arg>
<arg>HU</arg>
<arg>ID</arg>
<arg>IE</arg>
<arg>IL</arg>
<arg>IM</arg>
<arg>IN</arg>
<arg>IO</arg>
<arg>IQ</arg>
<arg>IR</arg>
<arg>IS</arg>
<arg>IT</arg>
<arg>JE</arg>
<arg>JM</arg>
<arg>JO</arg>
<arg>JP</arg>
<arg>KE</arg>
<arg>KG</arg>
<arg>KH</arg>
<arg>KI</arg>
<arg>KM</arg>
<arg>KN</arg>
<arg>KP</arg>
<arg>KR</arg>
<arg>KW</arg>
<arg>KY</arg>
<arg>KZ</arg>
<arg>LA</arg>
<arg>LB</arg>
<arg>LC</arg>
<arg>LI</arg>
<arg>LK</arg>
<arg>LR</arg>
<arg>LS</arg>
<arg>LT</arg>
<arg>LU</arg>
<arg>LV</arg>
<arg>LY</arg>
<arg>MA</arg>
<arg>MC</arg>
<arg>MD</arg>
<arg>ME</arg>
<arg>MF</arg>
<arg>MG</arg>
<arg>MH</arg>
<arg>MK</arg>
<arg>ML</arg>
<arg>MM</arg>
<arg>MN</arg>
<arg>MO</arg>
<arg>MP</arg>
<arg>MQ</arg>
<arg>MR</arg>
<arg>MS</arg>
<arg>MT</arg>
<arg>MU</arg>
<arg>MV</arg>
<arg>MW</arg>
<arg>MX</arg>
<arg>MY</arg>
<arg>MZ</arg>
<arg>NA</arg>
<arg>NC</arg>
<arg>NE</arg>
<arg>NF</arg>
<arg>NG</arg>
<arg>NI</arg>
<arg>NL</arg>
<arg>NO</arg>
<arg>NP</arg>
<arg>NR</arg>
<arg>NU</arg>
<arg>NZ</arg>
<arg>OM</arg>
<arg>PA</arg>
<arg>PE</arg>
<arg>PF</arg>
<arg>PG</arg>
<arg>PH</arg>
<arg>PK</arg>
<arg>PL</arg>
<arg>PM</arg>
<arg>PN</arg>
<arg>PR</arg>
<arg>PS</arg>
<arg>PT</arg>
<arg>PW</arg>
<arg>PY</arg>
<arg>QA</arg>
<arg>RE</arg>
<arg>RO</arg>
<arg>RS</arg>
<arg>RU</arg>
<arg>RW</arg>
<arg>SA</arg>
<arg>SB</arg>
<arg>SC</arg>
<arg>SD</arg>
<arg>SE</arg>
<arg>SG</arg>
<arg>SH</arg>
<arg>SI</arg>
<arg>SJ</arg>
<arg>SK</arg>
<arg>SL</arg>
<arg>SM</arg>
<arg>SN</arg>
<arg>SO</arg>
<arg>SR</arg>
<arg>SS</arg>
<arg>ST</arg>
<arg>SV</arg>
<arg>SX</arg>
<arg>SY</arg>
<arg>SZ</arg>
<arg>TC</arg>
<arg>TD</arg>
<arg>TF</arg>
<arg>TG</arg>
<arg>TH</arg>
<arg>TJ</arg>
<arg>TK</arg>
<arg>TL</arg>
<arg>TM</arg>
<arg>TN</arg>
<arg>TO</arg>
<arg>TR</arg>
<arg>TT</arg>
<arg>TV</arg>
<arg>TW</arg>
<arg>TZ</arg>
<arg>UA</arg>
<arg>UG</arg>
<arg>UM</arg>
<arg>US</arg>
<arg>UY</arg>
<arg>UZ</arg>
<arg>VA</arg>
<arg>VC</arg>
<arg>VE</arg>
<arg>VG</arg>
<arg>VI</arg>
<arg>VN</arg>
<arg>VU</arg>
<arg>WF</arg>
<arg>WS</arg>
<arg>XK</arg>
<arg>YE</arg>
<arg>YT</arg>
<arg>ZA</arg>
<arg>ZM</arg>
<arg>ZW</arg>
<doc>Returns a list containing given items.</doc>
<status status="PASS" start="2024-07-01T21:14:38.892556" elapsed="0.000620"/>
</kw>
<kw name="List Should Contain Value" owner="Collections">
<arg>${list_country}</arg>
<arg>${name_country}</arg>
<doc>Fails if the ``value`` is not found from ``list``.</doc>
<status status="PASS" start="2024-07-01T21:14:38.893969" elapsed="0.000202"/>
</kw>
<kw name="Run Keyword If" owner="BuiltIn">
<kw name="Should Be True" owner="BuiltIn">
<arg>${True}</arg>
<doc>Fails if the given condition is not true.</doc>
<status status="PASS" start="2024-07-01T21:14:38.895137" elapsed="0.000141"/>
</kw>
<arg>${json_data["results"][0]["location"]["coordinates"]["latitude"]} &gt;= -90 and ${json_data["results"][0]["location"]["coordinates"]["latitude"]} &lt;= 90</arg>
<arg>Should Be True</arg>
<arg>${True}</arg>
<doc>Runs the given keyword with the given arguments, if ``condition`` is true.</doc>
<status status="PASS" start="2024-07-01T21:14:38.894364" elapsed="0.001037"/>
</kw>
<kw name="Run Keyword If" owner="BuiltIn">
<kw name="Should Be True" owner="BuiltIn">
<arg>${True}</arg>
<doc>Fails if the given condition is not true.</doc>
<status status="PASS" start="2024-07-01T21:14:38.896265" elapsed="0.000133"/>
</kw>
<arg>${json_data["results"][0]["location"]["coordinates"]["longitude"]} &gt;= -180 and ${json_data["results"][0]["location"]["coordinates"]["longitude"]} &lt;= 180</arg>
<arg>Should Be True</arg>
<arg>${True}</arg>
<doc>Runs the given keyword with the given arguments, if ``condition`` is true.</doc>
<status status="PASS" start="2024-07-01T21:14:38.895579" elapsed="0.000953"/>
</kw>
<status status="PASS" start="2024-07-01T21:14:38.826697" elapsed="0.069966"/>
</kw>
<doc>Testa o conteúdo específico dos campos retornados pela API.</doc>
<tag>testeConteudo</tag>
<status status="PASS" start="2024-07-01T21:14:38.826164" elapsed="0.070698"/>
</test>
<status status="PASS" start="2024-07-01T21:14:37.610990" elapsed="1.288073"/>
</suite>
<status status="PASS" start="2024-07-01T21:14:37.596489" elapsed="1.307772"/>
</suite>
<statistics>
<total>
<stat pass="5" fail="0" skip="0">All Tests</stat>
</total>
<tag>
<stat pass="1" fail="0" skip="0">testeConteudo</stat>
<stat pass="1" fail="0" skip="0">testeEstruturaResposta</stat>
<stat pass="1" fail="0" skip="0">testeRequisicaoBasica</stat>
<stat pass="1" fail="0" skip="0">testeTiposDados</stat>
</tag>
<suite>
<stat pass="5" fail="0" skip="0" id="s1" name="Tests">Tests</stat>
<stat pass="5" fail="0" skip="0" id="s1-s1" name="Random-User-Test">Tests.Random-User-Test</stat>
</suite>
</statistics>
<errors>
</errors>
</robot>
