<?xml version="1.0" encoding="UTF-8"?>
<robot generator="Robot 7.0.1 (Python 3.12.4 on linux)" generated="2024-07-29T14:14:45.176694" rpa="false" schemaversion="5">
<suite id="s1" name="Tests" source="/home/runner/work/ApiRandomUser/ApiRandomUser/RamdonUser/tests">
<suite id="s1-s1" name="Random-User-Test" source="/home/runner/work/ApiRandomUser/ApiRandomUser/RamdonUser/tests/random-user-test.robot">
<test id="s1-s1-t1" name="Conectar" line="13">
<kw name="Conectar API" owner="random-user-service">
<kw name="Create Session" owner="RequestsLibrary">
<msg time="2024-07-29T14:14:45.595749" level="INFO">Creating Session using : alias=consultarAPI, url=https://randomuser.me/, headers={},                     cookies={}, auth=None, timeout=None, proxies=None, verify=False,                     debug=0 </msg>
<arg>consultarAPI</arg>
<arg>${URL}</arg>
<doc>Create Session: create a HTTP session to a server</doc>
<status status="PASS" start="2024-07-29T14:14:45.595533" elapsed="0.000423"/>
</kw>
<status status="PASS" start="2024-07-29T14:14:45.594418" elapsed="0.001960"/>
</kw>
<status status="PASS" start="2024-07-29T14:14:45.593833" elapsed="0.002744"/>
</test>
<test id="s1-s1-t2" name="Validar retorno 200 e JSON Válido" line="16">
<kw name="Teste de Requisicao Basica" owner="random-user-service">
<kw name="GET On Session" owner="RequestsLibrary">
<msg time="2024-07-29T14:14:45.730391" level="INFO">GET Request : url=https://randomuser.me/api 
 path_url=/api 
 headers={'User-Agent': 'python-requests/2.32.3', 'Accept-Encoding': 'gzip, deflate', 'Accept': '*/*', 'Connection': 'keep-alive'} 
 body=None 
 </msg>
<msg time="2024-07-29T14:14:45.730554" level="INFO">GET Response : url=https://randomuser.me/api 
 status=200, reason=OK 
 headers={'Date': 'Mon, 29 Jul 2024 14:14:45 GMT', 'Content-Type': 'application/json; charset=utf-8', 'Transfer-Encoding': 'chunked', 'Connection': 'keep-alive', 'X-Powered-By': 'Express', 'Access-Control-Allow-Origin': '*', 'Cache-Control': 'no-cache', 'ETag': 'W/"4ae-O9bAf1SzzVScUOjnXSFaw3d0xBs"', 'Vary': 'Accept-Encoding', 'Content-Encoding': 'gzip', 'CF-Cache-Status': 'DYNAMIC', 'Report-To': '{"endpoints":[{"url":"https:\\/\\/a.nel.cloudflare.com\\/report\\/v4?s=DR8%2Byv1cwE%2FvkunVth3GmYy1B5JAr826J%2BSM6T%2BwUpSZYQxpRGSS3wQul28S9AbeGZ8NCB7CP1rc4fxGpGWgjlm9PIF3QZt26GwiSxNpAQVs5mlxx79o98rPNuKxuOFO"}],"group":"cf-nel","max_age":604800}', 'NEL': '{"success_fraction":0,"report_to":"cf-nel","max_age":604800}', 'Server': 'cloudflare', 'CF-RAY': '8aadb7972a20176d-SJC', 'alt-svc': 'h3=":443"; ma=86400'} 
 body={"results":[{"gender":"female","name":{"title":"Mrs","first":"Mitzy","last":"Guzmán"},"location":{"street":{"number":9764,"name":"Boulevard Ramírez"},"city":"Rincón de Romos","state":"Yucatan","country":"Mexico","postcode":20963,"coordinates":{"latitude":"23.0721","longitude":"159.1568"},"timezone":{"offset":"+5:00","description":"Ekaterinburg, Islamabad, Karachi, Tashkent"}},"email":"mitzy.guzman@example.com","login":{"uuid":"b6aaf2af-1c11-404e-80b7-7515419afc6d","username":"lazyladybug434","password":"plane","salt":"Vffaq4Gd","md5":"736858e707eaaddcee6d9b7ad3244541","sha1":"36bac874525d54c2c4c434118912d4936dddb5b3","sha256":"87eef59a9379ea6a3f4bda3f9eea2beac94b7a41882baafc78c3a7b1d47ec7a9"},"dob":{"date":"1950-10-08T12:13:59.741Z","age":73},"registered":{"date":"2009-03-04T06:39:52.482Z","age":15},"phone":"(615) 697 4861","cell":"(621) 799 0165","id":{"name":"NSS","value":"95 51 60 5315 9"},"picture":{"large":"https://randomuser.me/api/portraits/women/30.jpg","medium":"https://randomuser.me/api/portraits/med/women/30.jpg","thumbnail":"https://randomuser.me/api/portraits/thumb/women/30.jpg"},"nat":"MX"}],"info":{"seed":"62c4a7ddd071dd39","results":1,"page":1,"version":"1.4"}} 
 </msg>
<msg time="2024-07-29T14:14:45.730641" level="INFO">/opt/hostedtoolcache/Python/3.12.4/x64/lib/python3.12/site-packages/urllib3/connectionpool.py:1099: InsecureRequestWarning: Unverified HTTPS request is being made to host 'randomuser.me'. Adding certificate verification is strongly advised. See: https://urllib3.readthedocs.io/en/latest/advanced-usage.html#tls-warnings
  warnings.warn(</msg>
<msg time="2024-07-29T14:14:45.730782" level="INFO">${response} = &lt;Response [200]&gt;</msg>
<var>${response}</var>
<arg>consultarAPI</arg>
<arg>/api</arg>
<doc>Sends a GET request on a previously created HTTP Session.</doc>
<status status="PASS" start="2024-07-29T14:14:45.599206" elapsed="0.131607"/>
</kw>
<kw name="Should Be Equal As Numbers" owner="BuiltIn">
<msg time="2024-07-29T14:14:45.731933" level="INFO">Argument types are:
&lt;class 'int'&gt;
&lt;class 'str'&gt;</msg>
<arg>${response.status_code}</arg>
<arg>200</arg>
<doc>Fails if objects are unequal after converting them to real numbers.</doc>
<status status="PASS" start="2024-07-29T14:14:45.731451" elapsed="0.000587"/>
</kw>
<kw name="Log" owner="BuiltIn">
<msg time="2024-07-29T14:14:45.732729" level="INFO">200</msg>
<arg>${response.status_code}</arg>
<doc>Logs the given message with the given level.</doc>
<status status="PASS" start="2024-07-29T14:14:45.732377" elapsed="0.000394"/>
</kw>
<kw name="Set Variable" owner="BuiltIn">
<msg time="2024-07-29T14:14:45.733538" level="INFO">${json_data} = {'results': [{'gender': 'female', 'name': {'title': 'Mrs', 'first': 'Mitzy', 'last': 'Guzmán'}, 'location': {'street': {'number': 9764, 'name': 'Boulevard Ramírez'}, 'city': 'Rincón de Romos', 'state'...</msg>
<var>${json_data}</var>
<arg>${response.json()}</arg>
<doc>Returns the given values which can then be assigned to a variables.</doc>
<status status="PASS" start="2024-07-29T14:14:45.733081" elapsed="0.000488"/>
</kw>
<kw name="Dictionary Should Contain Key" owner="Collections">
<arg>${json_data}</arg>
<arg>results</arg>
<doc>Fails if ``key`` is not found from ``dictionary``.</doc>
<status status="PASS" start="2024-07-29T14:14:45.733875" elapsed="0.000335"/>
</kw>
<status status="PASS" start="2024-07-29T14:14:45.598950" elapsed="0.135419"/>
</kw>
<doc>Testa se a API responde corretamente e retorna um objeto JSON válido.</doc>
<tag>testeRequisicaoBasica</tag>
<status status="PASS" start="2024-07-29T14:14:45.598469" elapsed="0.136078"/>
</test>
<test id="s1-s1-t3" name="Validar estrutura de resposta" line="22">
<kw name="Teste de Estrutura de Resposta" owner="random-user-service">
<kw name="GET On Session" owner="RequestsLibrary">
<msg time="2024-07-29T14:14:45.870956" level="INFO">GET Request : url=https://randomuser.me/api 
 path_url=/api 
 headers={'User-Agent': 'python-requests/2.32.3', 'Accept-Encoding': 'gzip, deflate', 'Accept': '*/*', 'Connection': 'keep-alive'} 
 body=None 
 </msg>
<msg time="2024-07-29T14:14:45.871073" level="INFO">GET Response : url=https://randomuser.me/api 
 status=200, reason=OK 
 headers={'Date': 'Mon, 29 Jul 2024 14:14:45 GMT', 'Content-Type': 'application/json; charset=utf-8', 'Transfer-Encoding': 'chunked', 'Connection': 'keep-alive', 'X-Powered-By': 'Express', 'Access-Control-Allow-Origin': '*', 'Cache-Control': 'no-cache', 'ETag': 'W/"488-5lmADect1DPx9SvHPvCJUoOfqxM"', 'Vary': 'Accept-Encoding', 'Content-Encoding': 'gzip', 'cf-cache-status': 'DYNAMIC', 'Report-To': '{"endpoints":[{"url":"https:\\/\\/a.nel.cloudflare.com\\/report\\/v4?s=u5JSROGvOgoe6M8MTYhUveiQJ5jJnJxusjXZfI9QdJc8%2FC389btolhlDDEdcI1wEL6e2QnLXocqsx%2FI0lcu%2FOqXkPXGc0JMMp5017MgLNlG6QkiqkwHuAmHeaqtfmIib"}],"group":"cf-nel","max_age":604800}', 'NEL': '{"success_fraction":0,"report_to":"cf-nel","max_age":604800}', 'Server': 'cloudflare', 'CF-RAY': '8aadb797ead1176d-SJC', 'alt-svc': 'h3=":443"; ma=86400'} 
 body={"results":[{"gender":"female","name":{"title":"Mrs","first":"Magdalena","last":"Iglesias"},"location":{"street":{"number":1244,"name":"Calle de Atocha"},"city":"Guadalajara","state":"Islas Baleares","country":"Spain","postcode":71214,"coordinates":{"latitude":"-33.2015","longitude":"125.6498"},"timezone":{"offset":"-10:00","description":"Hawaii"}},"email":"magdalena.iglesias@example.com","login":{"uuid":"9771165b-aa6a-4b99-9c7c-aa970e882acf","username":"silvermouse669","password":"junior","salt":"NxPRMKZV","md5":"8bd91b86af94edc560fc8c2ba866f944","sha1":"60baa5bf413301941af8a3652ce3bf87330e04a6","sha256":"24d3bb168c58062130a41b0c615967d481b903e4ab7694c465bb3bcdb67f20ff"},"dob":{"date":"1979-06-06T10:29:19.285Z","age":45},"registered":{"date":"2012-04-06T10:55:10.132Z","age":12},"phone":"985-516-796","cell":"615-673-751","id":{"name":"DNI","value":"42555718-H"},"picture":{"large":"https://randomuser.me/api/portraits/women/1.jpg","medium":"https://randomuser.me/api/portraits/med/women/1.jpg","thumbnail":"https://randomuser.me/api/portraits/thumb/women/1.jpg"},"nat":"ES"}],"info":{"seed":"c79fb4dd640c04e4","results":1,"page":1,"version":"1.4"}} 
 </msg>
<msg time="2024-07-29T14:14:45.871219" level="INFO">/opt/hostedtoolcache/Python/3.12.4/x64/lib/python3.12/site-packages/urllib3/connectionpool.py:1099: InsecureRequestWarning: Unverified HTTPS request is being made to host 'randomuser.me'. Adding certificate verification is strongly advised. See: https://urllib3.readthedocs.io/en/latest/advanced-usage.html#tls-warnings
  warnings.warn(</msg>
<msg time="2024-07-29T14:14:45.871379" level="INFO">${response} = &lt;Response [200]&gt;</msg>
<var>${response}</var>
<arg>consultarAPI</arg>
<arg>/api</arg>
<doc>Sends a GET request on a previously created HTTP Session.</doc>
<status status="PASS" start="2024-07-29T14:14:45.737192" elapsed="0.134229"/>
</kw>
<kw name="Set Variable" owner="BuiltIn">
<msg time="2024-07-29T14:14:45.872522" level="INFO">${json_data} = {'results': [{'gender': 'female', 'name': {'title': 'Mrs', 'first': 'Magdalena', 'last': 'Iglesias'}, 'location': {'street': {'number': 1244, 'name': 'Calle de Atocha'}, 'city': 'Guadalajara', 'state'...</msg>
<var>${json_data}</var>
<arg>${response.json()}</arg>
<doc>Returns the given values which can then be assigned to a variables.</doc>
<status status="PASS" start="2024-07-29T14:14:45.871940" elapsed="0.000611"/>
</kw>
<kw name="Log" owner="BuiltIn">
<msg time="2024-07-29T14:14:45.873039" level="INFO">{'results': [{'gender': 'female', 'name': {'title': 'Mrs', 'first': 'Magdalena', 'last': 'Iglesias'}, 'location': {'street': {'number': 1244, 'name': 'Calle de Atocha'}, 'city': 'Guadalajara', 'state': 'Islas Baleares', 'country': 'Spain', 'postcode': 71214, 'coordinates': {'latitude': '-33.2015', 'longitude': '125.6498'}, 'timezone': {'offset': '-10:00', 'description': 'Hawaii'}}, 'email': 'magdalena.iglesias@example.com', 'login': {'uuid': '9771165b-aa6a-4b99-9c7c-aa970e882acf', 'username': 'silvermouse669', 'password': 'junior', 'salt': 'NxPRMKZV', 'md5': '8bd91b86af94edc560fc8c2ba866f944', 'sha1': '60baa5bf413301941af8a3652ce3bf87330e04a6', 'sha256': '24d3bb168c58062130a41b0c615967d481b903e4ab7694c465bb3bcdb67f20ff'}, 'dob': {'date': '1979-06-06T10:29:19.285Z', 'age': 45}, 'registered': {'date': '2012-04-06T10:55:10.132Z', 'age': 12}, 'phone': '985-516-796', 'cell': '615-673-751', 'id': {'name': 'DNI', 'value': '42555718-H'}, 'picture': {'large': 'https://randomuser.me/api/portraits/women/1.jpg', 'medium': 'https://randomuser.me/api/portraits/med/women/1.jpg', 'thumbnail': 'https://randomuser.me/api/portraits/thumb/women/1.jpg'}, 'nat': 'ES'}], 'info': {'seed': 'c79fb4dd640c04e4', 'results': 1, 'page': 1, 'version': '1.4'}}</msg>
<arg>${json_data}</arg>
<doc>Logs the given message with the given level.</doc>
<status status="PASS" start="2024-07-29T14:14:45.872869" elapsed="0.000220"/>
</kw>
<kw name="Dictionary Should Contain Key" owner="Collections">
<arg>${json_data}</arg>
<arg>results</arg>
<doc>Fails if ``key`` is not found from ``dictionary``.</doc>
<status status="PASS" start="2024-07-29T14:14:45.873393" elapsed="0.000169"/>
</kw>
<kw name="Should Not Be Empty" owner="BuiltIn">
<msg time="2024-07-29T14:14:45.873885" level="INFO">Length is 2.</msg>
<arg>${json_data}</arg>
<doc>Verifies that the given item is not empty.</doc>
<status status="PASS" start="2024-07-29T14:14:45.873754" elapsed="0.000170"/>
</kw>
<kw name="Create List" owner="BuiltIn">
<msg time="2024-07-29T14:14:45.874379" level="INFO">${expected_keys} = ['gender', 'name', 'location', 'email', 'login']</msg>
<var>${expected_keys}</var>
<arg>gender</arg>
<arg>name</arg>
<arg>location</arg>
<arg>email</arg>
<arg>login</arg>
<doc>Returns a list containing given items.</doc>
<status status="PASS" start="2024-07-29T14:14:45.874223" elapsed="0.000181"/>
</kw>
<for flavor="IN">
<iter>
<kw name="Dictionary Should Contain Key" owner="Collections">
<arg>${json_data['results'][0]}</arg>
<arg>${key}</arg>
<doc>Fails if ``key`` is not found from ``dictionary``.</doc>
<status status="PASS" start="2024-07-29T14:14:45.875007" elapsed="0.000425"/>
</kw>
<kw name="Log" owner="BuiltIn">
<msg time="2024-07-29T14:14:45.876026" level="INFO">{'gender': 'female', 'name': {'title': 'Mrs', 'first': 'Magdalena', 'last': 'Iglesias'}, 'location': {'street': {'number': 1244, 'name': 'Calle de Atocha'}, 'city': 'Guadalajara', 'state': 'Islas Baleares', 'country': 'Spain', 'postcode': 71214, 'coordinates': {'latitude': '-33.2015', 'longitude': '125.6498'}, 'timezone': {'offset': '-10:00', 'description': 'Hawaii'}}, 'email': 'magdalena.iglesias@example.com', 'login': {'uuid': '9771165b-aa6a-4b99-9c7c-aa970e882acf', 'username': 'silvermouse669', 'password': 'junior', 'salt': 'NxPRMKZV', 'md5': '8bd91b86af94edc560fc8c2ba866f944', 'sha1': '60baa5bf413301941af8a3652ce3bf87330e04a6', 'sha256': '24d3bb168c58062130a41b0c615967d481b903e4ab7694c465bb3bcdb67f20ff'}, 'dob': {'date': '1979-06-06T10:29:19.285Z', 'age': 45}, 'registered': {'date': '2012-04-06T10:55:10.132Z', 'age': 12}, 'phone': '985-516-796', 'cell': '615-673-751', 'id': {'name': 'DNI', 'value': '42555718-H'}, 'picture': {'large': 'https://randomuser.me/api/portraits/women/1.jpg', 'medium': 'https://randomuser.me/api/portraits/med/women/1.jpg', 'thumbnail': 'https://randomuser.me/api/portraits/thumb/women/1.jpg'}, 'nat': 'ES'}</msg>
<arg>${json_data['results'][0]}</arg>
<doc>Logs the given message with the given level.</doc>
<status status="PASS" start="2024-07-29T14:14:45.875629" elapsed="0.000451"/>
</kw>
<kw name="Log" owner="BuiltIn">
<msg time="2024-07-29T14:14:45.876516" level="INFO">gender</msg>
<arg>${key}</arg>
<doc>Logs the given message with the given level.</doc>
<status status="PASS" start="2024-07-29T14:14:45.876383" elapsed="0.000172"/>
</kw>
<var name="${key}">gender</var>
<status status="PASS" start="2024-07-29T14:14:45.874876" elapsed="0.001906"/>
</iter>
<iter>
<kw name="Dictionary Should Contain Key" owner="Collections">
<arg>${json_data['results'][0]}</arg>
<arg>${key}</arg>
<doc>Fails if ``key`` is not found from ``dictionary``.</doc>
<status status="PASS" start="2024-07-29T14:14:45.877086" elapsed="0.000389"/>
</kw>
<kw name="Log" owner="BuiltIn">
<msg time="2024-07-29T14:14:45.878015" level="INFO">{'gender': 'female', 'name': {'title': 'Mrs', 'first': 'Magdalena', 'last': 'Iglesias'}, 'location': {'street': {'number': 1244, 'name': 'Calle de Atocha'}, 'city': 'Guadalajara', 'state': 'Islas Baleares', 'country': 'Spain', 'postcode': 71214, 'coordinates': {'latitude': '-33.2015', 'longitude': '125.6498'}, 'timezone': {'offset': '-10:00', 'description': 'Hawaii'}}, 'email': 'magdalena.iglesias@example.com', 'login': {'uuid': '9771165b-aa6a-4b99-9c7c-aa970e882acf', 'username': 'silvermouse669', 'password': 'junior', 'salt': 'NxPRMKZV', 'md5': '8bd91b86af94edc560fc8c2ba866f944', 'sha1': '60baa5bf413301941af8a3652ce3bf87330e04a6', 'sha256': '24d3bb168c58062130a41b0c615967d481b903e4ab7694c465bb3bcdb67f20ff'}, 'dob': {'date': '1979-06-06T10:29:19.285Z', 'age': 45}, 'registered': {'date': '2012-04-06T10:55:10.132Z', 'age': 12}, 'phone': '985-516-796', 'cell': '615-673-751', 'id': {'name': 'DNI', 'value': '42555718-H'}, 'picture': {'large': 'https://randomuser.me/api/portraits/women/1.jpg', 'medium': 'https://randomuser.me/api/portraits/med/women/1.jpg', 'thumbnail': 'https://randomuser.me/api/portraits/thumb/women/1.jpg'}, 'nat': 'ES'}</msg>
<arg>${json_data['results'][0]}</arg>
<doc>Logs the given message with the given level.</doc>
<status status="PASS" start="2024-07-29T14:14:45.877658" elapsed="0.000450"/>
</kw>
<kw name="Log" owner="BuiltIn">
<msg time="2024-07-29T14:14:45.878544" level="INFO">name</msg>
<arg>${key}</arg>
<doc>Logs the given message with the given level.</doc>
<status status="PASS" start="2024-07-29T14:14:45.878414" elapsed="0.000168"/>
</kw>
<var name="${key}">name</var>
<status status="PASS" start="2024-07-29T14:14:45.876974" elapsed="0.001833"/>
</iter>
<iter>
<kw name="Dictionary Should Contain Key" owner="Collections">
<arg>${json_data['results'][0]}</arg>
<arg>${key}</arg>
<doc>Fails if ``key`` is not found from ``dictionary``.</doc>
<status status="PASS" start="2024-07-29T14:14:45.879095" elapsed="0.000395"/>
</kw>
<kw name="Log" owner="BuiltIn">
<msg time="2024-07-29T14:14:45.880045" level="INFO">{'gender': 'female', 'name': {'title': 'Mrs', 'first': 'Magdalena', 'last': 'Iglesias'}, 'location': {'street': {'number': 1244, 'name': 'Calle de Atocha'}, 'city': 'Guadalajara', 'state': 'Islas Baleares', 'country': 'Spain', 'postcode': 71214, 'coordinates': {'latitude': '-33.2015', 'longitude': '125.6498'}, 'timezone': {'offset': '-10:00', 'description': 'Hawaii'}}, 'email': 'magdalena.iglesias@example.com', 'login': {'uuid': '9771165b-aa6a-4b99-9c7c-aa970e882acf', 'username': 'silvermouse669', 'password': 'junior', 'salt': 'NxPRMKZV', 'md5': '8bd91b86af94edc560fc8c2ba866f944', 'sha1': '60baa5bf413301941af8a3652ce3bf87330e04a6', 'sha256': '24d3bb168c58062130a41b0c615967d481b903e4ab7694c465bb3bcdb67f20ff'}, 'dob': {'date': '1979-06-06T10:29:19.285Z', 'age': 45}, 'registered': {'date': '2012-04-06T10:55:10.132Z', 'age': 12}, 'phone': '985-516-796', 'cell': '615-673-751', 'id': {'name': 'DNI', 'value': '42555718-H'}, 'picture': {'large': 'https://randomuser.me/api/portraits/women/1.jpg', 'medium': 'https://randomuser.me/api/portraits/med/women/1.jpg', 'thumbnail': 'https://randomuser.me/api/portraits/thumb/women/1.jpg'}, 'nat': 'ES'}</msg>
<arg>${json_data['results'][0]}</arg>
<doc>Logs the given message with the given level.</doc>
<status status="PASS" start="2024-07-29T14:14:45.879678" elapsed="0.000417"/>
</kw>
<kw name="Log" owner="BuiltIn">
<msg time="2024-07-29T14:14:45.880533" level="INFO">location</msg>
<arg>${key}</arg>
<doc>Logs the given message with the given level.</doc>
<status status="PASS" start="2024-07-29T14:14:45.880397" elapsed="0.000174"/>
</kw>
<var name="${key}">location</var>
<status status="PASS" start="2024-07-29T14:14:45.878987" elapsed="0.001808"/>
</iter>
<iter>
<kw name="Dictionary Should Contain Key" owner="Collections">
<arg>${json_data['results'][0]}</arg>
<arg>${key}</arg>
<doc>Fails if ``key`` is not found from ``dictionary``.</doc>
<status status="PASS" start="2024-07-29T14:14:45.881093" elapsed="0.000384"/>
</kw>
<kw name="Log" owner="BuiltIn">
<msg time="2024-07-29T14:14:45.882153" level="INFO">{'gender': 'female', 'name': {'title': 'Mrs', 'first': 'Magdalena', 'last': 'Iglesias'}, 'location': {'street': {'number': 1244, 'name': 'Calle de Atocha'}, 'city': 'Guadalajara', 'state': 'Islas Baleares', 'country': 'Spain', 'postcode': 71214, 'coordinates': {'latitude': '-33.2015', 'longitude': '125.6498'}, 'timezone': {'offset': '-10:00', 'description': 'Hawaii'}}, 'email': 'magdalena.iglesias@example.com', 'login': {'uuid': '9771165b-aa6a-4b99-9c7c-aa970e882acf', 'username': 'silvermouse669', 'password': 'junior', 'salt': 'NxPRMKZV', 'md5': '8bd91b86af94edc560fc8c2ba866f944', 'sha1': '60baa5bf413301941af8a3652ce3bf87330e04a6', 'sha256': '24d3bb168c58062130a41b0c615967d481b903e4ab7694c465bb3bcdb67f20ff'}, 'dob': {'date': '1979-06-06T10:29:19.285Z', 'age': 45}, 'registered': {'date': '2012-04-06T10:55:10.132Z', 'age': 12}, 'phone': '985-516-796', 'cell': '615-673-751', 'id': {'name': 'DNI', 'value': '42555718-H'}, 'picture': {'large': 'https://randomuser.me/api/portraits/women/1.jpg', 'medium': 'https://randomuser.me/api/portraits/med/women/1.jpg', 'thumbnail': 'https://randomuser.me/api/portraits/thumb/women/1.jpg'}, 'nat': 'ES'}</msg>
<arg>${json_data['results'][0]}</arg>
<doc>Logs the given message with the given level.</doc>
<status status="PASS" start="2024-07-29T14:14:45.881801" elapsed="0.000400"/>
</kw>
<kw name="Log" owner="BuiltIn">
<msg time="2024-07-29T14:14:45.882633" level="INFO">email</msg>
<arg>${key}</arg>
<doc>Logs the given message with the given level.</doc>
<status status="PASS" start="2024-07-29T14:14:45.882501" elapsed="0.000171"/>
</kw>
<var name="${key}">email</var>
<status status="PASS" start="2024-07-29T14:14:45.880972" elapsed="0.001914"/>
</iter>
<iter>
<kw name="Dictionary Should Contain Key" owner="Collections">
<arg>${json_data['results'][0]}</arg>
<arg>${key}</arg>
<doc>Fails if ``key`` is not found from ``dictionary``.</doc>
<status status="PASS" start="2024-07-29T14:14:45.883173" elapsed="0.000375"/>
</kw>
<kw name="Log" owner="BuiltIn">
<msg time="2024-07-29T14:14:45.884107" level="INFO">{'gender': 'female', 'name': {'title': 'Mrs', 'first': 'Magdalena', 'last': 'Iglesias'}, 'location': {'street': {'number': 1244, 'name': 'Calle de Atocha'}, 'city': 'Guadalajara', 'state': 'Islas Baleares', 'country': 'Spain', 'postcode': 71214, 'coordinates': {'latitude': '-33.2015', 'longitude': '125.6498'}, 'timezone': {'offset': '-10:00', 'description': 'Hawaii'}}, 'email': 'magdalena.iglesias@example.com', 'login': {'uuid': '9771165b-aa6a-4b99-9c7c-aa970e882acf', 'username': 'silvermouse669', 'password': 'junior', 'salt': 'NxPRMKZV', 'md5': '8bd91b86af94edc560fc8c2ba866f944', 'sha1': '60baa5bf413301941af8a3652ce3bf87330e04a6', 'sha256': '24d3bb168c58062130a41b0c615967d481b903e4ab7694c465bb3bcdb67f20ff'}, 'dob': {'date': '1979-06-06T10:29:19.285Z', 'age': 45}, 'registered': {'date': '2012-04-06T10:55:10.132Z', 'age': 12}, 'phone': '985-516-796', 'cell': '615-673-751', 'id': {'name': 'DNI', 'value': '42555718-H'}, 'picture': {'large': 'https://randomuser.me/api/portraits/women/1.jpg', 'medium': 'https://randomuser.me/api/portraits/med/women/1.jpg', 'thumbnail': 'https://randomuser.me/api/portraits/thumb/women/1.jpg'}, 'nat': 'ES'}</msg>
<arg>${json_data['results'][0]}</arg>
<doc>Logs the given message with the given level.</doc>
<status status="PASS" start="2024-07-29T14:14:45.883727" elapsed="0.000427"/>
</kw>
<kw name="Log" owner="BuiltIn">
<msg time="2024-07-29T14:14:45.884581" level="INFO">login</msg>
<arg>${key}</arg>
<doc>Logs the given message with the given level.</doc>
<status status="PASS" start="2024-07-29T14:14:45.884450" elapsed="0.000170"/>
</kw>
<var name="${key}">login</var>
<status status="PASS" start="2024-07-29T14:14:45.883063" elapsed="0.001775"/>
</iter>
<var>${key}</var>
<value>@{expected_keys}</value>
<status status="PASS" start="2024-07-29T14:14:45.874673" elapsed="0.010287"/>
</for>
<kw name="Create List" owner="BuiltIn">
<msg time="2024-07-29T14:14:45.885298" level="INFO">${expected_keysTwo} = ['username', 'password']</msg>
<var>${expected_keysTwo}</var>
<arg>username</arg>
<arg>password</arg>
<doc>Returns a list containing given items.</doc>
<status status="PASS" start="2024-07-29T14:14:45.885157" elapsed="0.000166"/>
</kw>
<for flavor="IN">
<iter>
<kw name="Dictionary Should Contain Key" owner="Collections">
<arg>${json_data['results'][0]['login']}</arg>
<arg>${keyTwo}</arg>
<doc>Fails if ``key`` is not found from ``dictionary``.</doc>
<status status="PASS" start="2024-07-29T14:14:45.885857" elapsed="0.000386"/>
</kw>
<kw name="Dictionary Should Contain Key" owner="Collections">
<arg>${json_data['results'][0]['login']}</arg>
<arg>${keyTwo}</arg>
<doc>Fails if ``key`` is not found from ``dictionary``.</doc>
<status status="PASS" start="2024-07-29T14:14:45.886424" elapsed="0.000379"/>
</kw>
<kw name="Log" owner="BuiltIn">
<msg time="2024-07-29T14:14:45.887101" level="INFO">username</msg>
<arg>${keyTwo}</arg>
<doc>Logs the given message with the given level.</doc>
<status status="PASS" start="2024-07-29T14:14:45.886981" elapsed="0.000159"/>
</kw>
<var name="${keyTwo}">username</var>
<status status="PASS" start="2024-07-29T14:14:45.885750" elapsed="0.001609"/>
</iter>
<iter>
<kw name="Dictionary Should Contain Key" owner="Collections">
<arg>${json_data['results'][0]['login']}</arg>
<arg>${keyTwo}</arg>
<doc>Fails if ``key`` is not found from ``dictionary``.</doc>
<status status="PASS" start="2024-07-29T14:14:45.887646" elapsed="0.000410"/>
</kw>
<kw name="Dictionary Should Contain Key" owner="Collections">
<arg>${json_data['results'][0]['login']}</arg>
<arg>${keyTwo}</arg>
<doc>Fails if ``key`` is not found from ``dictionary``.</doc>
<status status="PASS" start="2024-07-29T14:14:45.888238" elapsed="0.000372"/>
</kw>
<kw name="Log" owner="BuiltIn">
<msg time="2024-07-29T14:14:45.888926" level="INFO">password</msg>
<arg>${keyTwo}</arg>
<doc>Logs the given message with the given level.</doc>
<status status="PASS" start="2024-07-29T14:14:45.888798" elapsed="0.000167"/>
</kw>
<var name="${keyTwo}">password</var>
<status status="PASS" start="2024-07-29T14:14:45.887534" elapsed="0.001653"/>
</iter>
<var>${keyTwo}</var>
<value>@{expected_keysTwo}</value>
<status status="PASS" start="2024-07-29T14:14:45.885589" elapsed="0.003721"/>
</for>
<status status="PASS" start="2024-07-29T14:14:45.736952" elapsed="0.152503"/>
</kw>
<doc>Testa a estrutura da resposta da API.</doc>
<tag>testeEstruturaResposta</tag>
<status status="PASS" start="2024-07-29T14:14:45.736425" elapsed="0.153196"/>
</test>
<test id="s1-s1-t4" name="Validar tipos de dados" line="28">
<kw name="Teste de Tipos de Dados" owner="random-user-service">
<kw name="GET On Session" owner="RequestsLibrary">
<msg time="2024-07-29T14:14:46.017266" level="INFO">GET Request : url=https://randomuser.me/api 
 path_url=/api 
 headers={'User-Agent': 'python-requests/2.32.3', 'Accept-Encoding': 'gzip, deflate', 'Accept': '*/*', 'Connection': 'keep-alive'} 
 body=None 
 </msg>
<msg time="2024-07-29T14:14:46.017383" level="INFO">GET Response : url=https://randomuser.me/api 
 status=200, reason=OK 
 headers={'Date': 'Mon, 29 Jul 2024 14:14:46 GMT', 'Content-Type': 'application/json; charset=utf-8', 'Transfer-Encoding': 'chunked', 'Connection': 'keep-alive', 'X-Powered-By': 'Express', 'Access-Control-Allow-Origin': '*', 'Cache-Control': 'no-cache', 'ETag': 'W/"49f-TsK1dh1QZBHODnpHG5QBKBZFi6E"', 'Vary': 'Accept-Encoding', 'Content-Encoding': 'gzip', 'CF-Cache-Status': 'DYNAMIC', 'Report-To': '{"endpoints":[{"url":"https:\\/\\/a.nel.cloudflare.com\\/report\\/v4?s=yjtI5IkCLGLXNqz4p0POGe1HwWy2Ex8np5ih%2BL6fSPi9Bg3xu686SHQIxyxXGH%2ByprP1zq%2BuKbSTMQiZKLcUH6r%2F0rqJ5lS6dehhRbvIyRf%2BxEycNHlzviRgG4%2FbvnXJ"}],"group":"cf-nel","max_age":604800}', 'NEL': '{"success_fraction":0,"report_to":"cf-nel","max_age":604800}', 'Server': 'cloudflare', 'CF-RAY': '8aadb798db77176d-SJC', 'alt-svc': 'h3=":443"; ma=86400'} 
 body={"results":[{"gender":"male","name":{"title":"Mr","first":"Hotyan","last":"Zaporozhchenko"},"location":{"street":{"number":4231,"name":"Kohannya"},"city":"Nadvirna","state":"Ternopilska","country":"Ukraine","postcode":89359,"coordinates":{"latitude":"73.9404","longitude":"-119.7581"},"timezone":{"offset":"0:00","description":"Western Europe Time, London, Lisbon, Casablanca"}},"email":"hotyan.zaporozhchenko@example.com","login":{"uuid":"e57679ce-9a2b-4647-acab-50b28f71de4a","username":"purplepanda416","password":"science","salt":"KNkRAqB3","md5":"abbed8229d6b6341039c2bb49c61ab4a","sha1":"3431a07f025cf23c8a7db812135840f8a5ad3804","sha256":"fe548d77dff99e1aac4df7c4f7330b64fd9cf1c3e2b3f8e2fb41c517ea522fe0"},"dob":{"date":"1945-09-20T04:51:11.229Z","age":78},"registered":{"date":"2016-05-12T20:46:38.321Z","age":8},"phone":"(096) Z41-8926","cell":"(067) D08-3582","id":{"name":"","value":null},"picture":{"large":"https://randomuser.me/api/portraits/men/17.jpg","medium":"https://randomuser.me/api/portraits/med/men/17.jpg","thumbnail":"https://randomuser.me/api/portraits/thumb/men/17.jpg"},"nat":"UA"}],"info":{"seed":"f1d9689928a44330","results":1,"page":1,"version":"1.4"}} 
 </msg>
<msg time="2024-07-29T14:14:46.017466" level="INFO">/opt/hostedtoolcache/Python/3.12.4/x64/lib/python3.12/site-packages/urllib3/connectionpool.py:1099: InsecureRequestWarning: Unverified HTTPS request is being made to host 'randomuser.me'. Adding certificate verification is strongly advised. See: https://urllib3.readthedocs.io/en/latest/advanced-usage.html#tls-warnings
  warnings.warn(</msg>
<msg time="2024-07-29T14:14:46.017614" level="INFO">${response} = &lt;Response [200]&gt;</msg>
<var>${response}</var>
<arg>consultarAPI</arg>
<arg>/api</arg>
<doc>Sends a GET request on a previously created HTTP Session.</doc>
<status status="PASS" start="2024-07-29T14:14:45.892131" elapsed="0.125530"/>
</kw>
<kw name="Set Variable" owner="BuiltIn">
<msg time="2024-07-29T14:14:46.018815" level="INFO">${json_data} = {'results': [{'gender': 'male', 'name': {'title': 'Mr', 'first': 'Hotyan', 'last': 'Zaporozhchenko'}, 'location': {'street': {'number': 4231, 'name': 'Kohannya'}, 'city': 'Nadvirna', 'state': 'Ternopi...</msg>
<var>${json_data}</var>
<arg>${response.json()}</arg>
<doc>Returns the given values which can then be assigned to a variables.</doc>
<status status="PASS" start="2024-07-29T14:14:46.018270" elapsed="0.000575"/>
</kw>
<kw name="Log" owner="BuiltIn">
<msg time="2024-07-29T14:14:46.019332" level="INFO">{'results': [{'gender': 'male', 'name': {'title': 'Mr', 'first': 'Hotyan', 'last': 'Zaporozhchenko'}, 'location': {'street': {'number': 4231, 'name': 'Kohannya'}, 'city': 'Nadvirna', 'state': 'Ternopilska', 'country': 'Ukraine', 'postcode': 89359, 'coordinates': {'latitude': '73.9404', 'longitude': '-119.7581'}, 'timezone': {'offset': '0:00', 'description': 'Western Europe Time, London, Lisbon, Casablanca'}}, 'email': 'hotyan.zaporozhchenko@example.com', 'login': {'uuid': 'e57679ce-9a2b-4647-acab-50b28f71de4a', 'username': 'purplepanda416', 'password': 'science', 'salt': 'KNkRAqB3', 'md5': 'abbed8229d6b6341039c2bb49c61ab4a', 'sha1': '3431a07f025cf23c8a7db812135840f8a5ad3804', 'sha256': 'fe548d77dff99e1aac4df7c4f7330b64fd9cf1c3e2b3f8e2fb41c517ea522fe0'}, 'dob': {'date': '1945-09-20T04:51:11.229Z', 'age': 78}, 'registered': {'date': '2016-05-12T20:46:38.321Z', 'age': 8}, 'phone': '(096) Z41-8926', 'cell': '(067) D08-3582', 'id': {'name': '', 'value': None}, 'picture': {'large': 'https://randomuser.me/api/portraits/men/17.jpg', 'medium': 'https://randomuser.me/api/portraits/med/men/17.jpg', 'thumbnail': 'https://randomuser.me/api/portraits/thumb/men/17.jpg'}, 'nat': 'UA'}], 'info': {'seed': 'f1d9689928a44330', 'results': 1, 'page': 1, 'version': '1.4'}}</msg>
<arg>${json_data}</arg>
<doc>Logs the given message with the given level.</doc>
<status status="PASS" start="2024-07-29T14:14:46.019168" elapsed="0.000212"/>
</kw>
<kw name="Should Be String" owner="String">
<arg>${json_data['results'][0]['gender']}</arg>
<doc>Fails if the given ``item`` is not a string.</doc>
<status status="PASS" start="2024-07-29T14:14:46.019678" elapsed="0.000433"/>
</kw>
<kw name="Should Match Regexp" owner="BuiltIn">
<arg>${json_data['results'][0]['email']}</arg>
<arg>^[a-zA-Z0-9._%+-]+@[a-zA-Z0-9.-]+\.[a-zA-Z]{2,}$</arg>
<doc>Fails if ``string`` does not match ``pattern`` as a regular expression.</doc>
<status status="PASS" start="2024-07-29T14:14:46.020324" elapsed="0.000531"/>
</kw>
<kw name="Should Match Regexp" owner="BuiltIn">
<arg>${json_data['results'][0]['dob']['date']}</arg>
<arg>\\d{4}-\\d{2}-\\d{2}T\\d{2}:\\d{2}:\\d{2}\\.\\d{3}Z</arg>
<doc>Fails if ``string`` does not match ``pattern`` as a regular expression.</doc>
<status status="PASS" start="2024-07-29T14:14:46.021097" elapsed="0.000658"/>
</kw>
<kw name="Should Match Regexp" owner="BuiltIn">
<arg>${json_data['results'][0]['registered']['date']}</arg>
<arg>\\d{4}-\\d{2}-\\d{2}T\\d{2}:\\d{2}:\\d{2}\\.\\d{3}Z</arg>
<doc>Fails if ``string`` does not match ``pattern`` as a regular expression.</doc>
<status status="PASS" start="2024-07-29T14:14:46.021953" elapsed="0.000376"/>
</kw>
<kw name="Should Match Regexp" owner="BuiltIn">
<arg>${json_data['results'][0]['picture']['large']}</arg>
<arg>^https?://.*\.(?:png|jpe?g|gif|bmp)$</arg>
<doc>Fails if ``string`` does not match ``pattern`` as a regular expression.</doc>
<status status="PASS" start="2024-07-29T14:14:46.022518" elapsed="0.000469"/>
</kw>
<kw name="Should Match Regexp" owner="BuiltIn">
<arg>${json_data['results'][0]['picture']['medium']}</arg>
<arg>^https?://.*\.(?:png|jpe?g|gif|bmp)$</arg>
<doc>Fails if ``string`` does not match ``pattern`` as a regular expression.</doc>
<status status="PASS" start="2024-07-29T14:14:46.023183" elapsed="0.000364"/>
</kw>
<kw name="Should Match Regexp" owner="BuiltIn">
<arg>${json_data['results'][0]['picture']['thumbnail']}</arg>
<arg>^https?://.*\.(?:png|jpe?g|gif|bmp)$</arg>
<doc>Fails if ``string`` does not match ``pattern`` as a regular expression.</doc>
<status status="PASS" start="2024-07-29T14:14:46.023735" elapsed="0.000408"/>
</kw>
<kw name="Log" owner="BuiltIn">
<msg time="2024-07-29T14:14:46.024675" level="INFO">{'large': 'https://randomuser.me/api/portraits/men/17.jpg', 'medium': 'https://randomuser.me/api/portraits/med/men/17.jpg', 'thumbnail': 'https://randomuser.me/api/portraits/thumb/men/17.jpg'}</msg>
<arg>${json_data['results'][0]['picture']}</arg>
<doc>Logs the given message with the given level.</doc>
<status status="PASS" start="2024-07-29T14:14:46.024333" elapsed="0.000390"/>
</kw>
<status status="PASS" start="2024-07-29T14:14:45.891873" elapsed="0.133145"/>
</kw>
<kw name="Teste de Tipos de Dados - Postcode" owner="random-user-service">
<kw name="GET On Session" owner="RequestsLibrary">
<msg time="2024-07-29T14:14:46.119323" level="INFO">GET Request : url=https://randomuser.me/api 
 path_url=/api 
 headers={'User-Agent': 'python-requests/2.32.3', 'Accept-Encoding': 'gzip, deflate', 'Accept': '*/*', 'Connection': 'keep-alive'} 
 body=None 
 </msg>
<msg time="2024-07-29T14:14:46.119437" level="INFO">GET Response : url=https://randomuser.me/api 
 status=200, reason=OK 
 headers={'Date': 'Mon, 29 Jul 2024 14:14:46 GMT', 'Content-Type': 'application/json; charset=utf-8', 'Transfer-Encoding': 'chunked', 'Connection': 'keep-alive', 'X-Powered-By': 'Express', 'Access-Control-Allow-Origin': '*', 'Cache-Control': 'no-cache', 'ETag': 'W/"491-//ldT3ovZqYCZt4M/RcG0E6Tc7s"', 'Vary': 'Accept-Encoding', 'Content-Encoding': 'gzip', 'CF-Cache-Status': 'DYNAMIC', 'Report-To': '{"endpoints":[{"url":"https:\\/\\/a.nel.cloudflare.com\\/report\\/v4?s=Yvz9D%2Fy%2FIeWgamK%2Fau8rppnNYV%2BEVCaZsTLSPUkrHUpRqQwmwdTfAs%2Fim07BWIsDuBR6QppAxOr0H0VnzZvMELiZxMih59ZZxS4O5yEaGN6joFgu1U8gumTOZ%2BmhJ%2Bt1"}],"group":"cf-nel","max_age":604800}', 'NEL': '{"success_fraction":0,"report_to":"cf-nel","max_age":604800}', 'Server': 'cloudflare', 'CF-RAY': '8aadb799ac15176d-SJC', 'alt-svc': 'h3=":443"; ma=86400'} 
 body={"results":[{"gender":"female","name":{"title":"Ms","first":"Debbie","last":"Kim"},"location":{"street":{"number":8733,"name":"Oak Lawn Ave"},"city":"Hayward","state":"Oregon","country":"United States","postcode":74686,"coordinates":{"latitude":"85.8954","longitude":"13.6958"},"timezone":{"offset":"+4:00","description":"Abu Dhabi, Muscat, Baku, Tbilisi"}},"email":"debbie.kim@example.com","login":{"uuid":"37e9d96b-b952-4907-bde8-bb7761eb8a87","username":"orangepanda730","password":"target","salt":"KvlKcETZ","md5":"d956a3d44313f85d48f9cca16c0a7f66","sha1":"d33f73f5f02404cbca0ca5624d18b27a457ffaeb","sha256":"21c278141d0a851342b066e808b18f3d3fee58f3be2690346352bba56f17e575"},"dob":{"date":"1972-06-09T20:57:33.638Z","age":52},"registered":{"date":"2012-01-17T06:06:14.247Z","age":12},"phone":"(296) 665-4222","cell":"(298) 707-0821","id":{"name":"SSN","value":"432-31-9441"},"picture":{"large":"https://randomuser.me/api/portraits/women/41.jpg","medium":"https://randomuser.me/api/portraits/med/women/41.jpg","thumbnail":"https://randomuser.me/api/portraits/thumb/women/41.jpg"},"nat":"US"}],"info":{"seed":"c7750f71ee07871d","results":1,"page":1,"version":"1.4"}} 
 </msg>
<msg time="2024-07-29T14:14:46.119516" level="INFO">/opt/hostedtoolcache/Python/3.12.4/x64/lib/python3.12/site-packages/urllib3/connectionpool.py:1099: InsecureRequestWarning: Unverified HTTPS request is being made to host 'randomuser.me'. Adding certificate verification is strongly advised. See: https://urllib3.readthedocs.io/en/latest/advanced-usage.html#tls-warnings
  warnings.warn(</msg>
<msg time="2024-07-29T14:14:46.119674" level="INFO">${response} = &lt;Response [200]&gt;</msg>
<var>${response}</var>
<arg>consultarAPI</arg>
<arg>/api</arg>
<doc>Sends a GET request on a previously created HTTP Session.</doc>
<status status="PASS" start="2024-07-29T14:14:46.025529" elapsed="0.094186"/>
</kw>
<kw name="Set Variable" owner="BuiltIn">
<msg time="2024-07-29T14:14:46.120807" level="INFO">${json_data} = {'results': [{'gender': 'female', 'name': {'title': 'Ms', 'first': 'Debbie', 'last': 'Kim'}, 'location': {'street': {'number': 8733, 'name': 'Oak Lawn Ave'}, 'city': 'Hayward', 'state': 'Oregon', 'cou...</msg>
<var>${json_data}</var>
<arg>${response.json()}</arg>
<doc>Returns the given values which can then be assigned to a variables.</doc>
<status status="PASS" start="2024-07-29T14:14:46.120288" elapsed="0.000549"/>
</kw>
<kw name="Log" owner="BuiltIn">
<msg time="2024-07-29T14:14:46.121326" level="INFO">{'results': [{'gender': 'female', 'name': {'title': 'Ms', 'first': 'Debbie', 'last': 'Kim'}, 'location': {'street': {'number': 8733, 'name': 'Oak Lawn Ave'}, 'city': 'Hayward', 'state': 'Oregon', 'country': 'United States', 'postcode': 74686, 'coordinates': {'latitude': '85.8954', 'longitude': '13.6958'}, 'timezone': {'offset': '+4:00', 'description': 'Abu Dhabi, Muscat, Baku, Tbilisi'}}, 'email': 'debbie.kim@example.com', 'login': {'uuid': '37e9d96b-b952-4907-bde8-bb7761eb8a87', 'username': 'orangepanda730', 'password': 'target', 'salt': 'KvlKcETZ', 'md5': 'd956a3d44313f85d48f9cca16c0a7f66', 'sha1': 'd33f73f5f02404cbca0ca5624d18b27a457ffaeb', 'sha256': '21c278141d0a851342b066e808b18f3d3fee58f3be2690346352bba56f17e575'}, 'dob': {'date': '1972-06-09T20:57:33.638Z', 'age': 52}, 'registered': {'date': '2012-01-17T06:06:14.247Z', 'age': 12}, 'phone': '(296) 665-4222', 'cell': '(298) 707-0821', 'id': {'name': 'SSN', 'value': '432-31-9441'}, 'picture': {'large': 'https://randomuser.me/api/portraits/women/41.jpg', 'medium': 'https://randomuser.me/api/portraits/med/women/41.jpg', 'thumbnail': 'https://randomuser.me/api/portraits/thumb/women/41.jpg'}, 'nat': 'US'}], 'info': {'seed': 'c7750f71ee07871d', 'results': 1, 'page': 1, 'version': '1.4'}}</msg>
<arg>${json_data}</arg>
<doc>Logs the given message with the given level.</doc>
<status status="PASS" start="2024-07-29T14:14:46.121158" elapsed="0.000214"/>
</kw>
<kw name="Should Be Equal As Numbers" owner="BuiltIn">
<arg>${json_data['results'][0]['location']['postcode']}</arg>
<arg>${json_data['results'][0]['location']['postcode']}</arg>
<doc>Fails if objects are unequal after converting them to real numbers.</doc>
<status status="PASS" start="2024-07-29T14:14:46.121671" elapsed="0.000640"/>
</kw>
<kw name="Log" owner="BuiltIn">
<msg time="2024-07-29T14:14:46.122840" level="INFO">74686</msg>
<arg>${json_data['results'][0]['location']['postcode']}</arg>
<doc>Logs the given message with the given level.</doc>
<status status="PASS" start="2024-07-29T14:14:46.122506" elapsed="0.000373"/>
</kw>
<status status="PASS" start="2024-07-29T14:14:46.025265" elapsed="0.097908"/>
</kw>
<doc>Testa se os tipos de dados na resposta da API estão corretos.</doc>
<tag>testeTiposDados</tag>
<status status="PASS" start="2024-07-29T14:14:45.891385" elapsed="0.231966"/>
</test>
<test id="s1-s1-t5" name="Validar conteudo" line="35">
<kw name="Teste de Tipos de Conteudo" owner="random-user-service">
<kw name="GET On Session" owner="RequestsLibrary">
<msg time="2024-07-29T14:14:46.238477" level="INFO">GET Request : url=https://randomuser.me/api 
 path_url=/api 
 headers={'User-Agent': 'python-requests/2.32.3', 'Accept-Encoding': 'gzip, deflate', 'Accept': '*/*', 'Connection': 'keep-alive'} 
 body=None 
 </msg>
<msg time="2024-07-29T14:14:46.238591" level="INFO">GET Response : url=https://randomuser.me/api 
 status=200, reason=OK 
 headers={'Date': 'Mon, 29 Jul 2024 14:14:46 GMT', 'Content-Type': 'application/json; charset=utf-8', 'Transfer-Encoding': 'chunked', 'Connection': 'keep-alive', 'X-Powered-By': 'Express', 'Access-Control-Allow-Origin': '*', 'Cache-Control': 'no-cache', 'ETag': 'W/"47a-8iWcnJL3Rv2e0pzEGrt8AsJIxQI"', 'Vary': 'Accept-Encoding', 'Content-Encoding': 'gzip', 'CF-Cache-Status': 'DYNAMIC', 'Report-To': '{"endpoints":[{"url":"https:\\/\\/a.nel.cloudflare.com\\/report\\/v4?s=vzSSGbdT30CWrg9NajOSwLKKyNh5GWLaoP9HRc%2FvA%2BgbLdlFm4Kv3zYc27a451nCKgPZO4H9gZJSgzbnuiUuUlad%2Bgv9S8oj6ZRRMZq1XleO9nJgoZT3hRmgiUo%2FUlOV"}],"group":"cf-nel","max_age":604800}', 'NEL': '{"success_fraction":0,"report_to":"cf-nel","max_age":604800}', 'Server': 'cloudflare', 'CF-RAY': '8aadb79a4c95176d-SJC', 'alt-svc': 'h3=":443"; ma=86400'} 
 body={"results":[{"gender":"female","name":{"title":"Ms","first":"Macey","last":"Alkan"},"location":{"street":{"number":9865,"name":"Borselestraat"},"city":"Loosduinen","state":"Zeeland","country":"Netherlands","postcode":"4308 IE","coordinates":{"latitude":"30.4746","longitude":"53.1426"},"timezone":{"offset":"+3:30","description":"Tehran"}},"email":"macey.alkan@example.com","login":{"uuid":"90f9f37d-ee07-4f40-9fc5-8187c6735959","username":"goldenlion210","password":"shadow","salt":"4cD7pb29","md5":"c7929b461297f77e4c23569ada16490e","sha1":"8016f6f5480b962cecc097942353ba9411049b7d","sha256":"225be4592c432b2968e60a432770e61a439cc3a71358ed9883724ec1dd39c2c4"},"dob":{"date":"1974-07-15T02:07:58.451Z","age":50},"registered":{"date":"2012-03-02T07:06:14.691Z","age":12},"phone":"(034) 2363537","cell":"(06) 50122342","id":{"name":"BSN","value":"19702768"},"picture":{"large":"https://randomuser.me/api/portraits/women/78.jpg","medium":"https://randomuser.me/api/portraits/med/women/78.jpg","thumbnail":"https://randomuser.me/api/portraits/thumb/women/78.jpg"},"nat":"NL"}],"info":{"seed":"d7805d73845bee9a","results":1,"page":1,"version":"1.4"}} 
 </msg>
<msg time="2024-07-29T14:14:46.238673" level="INFO">/opt/hostedtoolcache/Python/3.12.4/x64/lib/python3.12/site-packages/urllib3/connectionpool.py:1099: InsecureRequestWarning: Unverified HTTPS request is being made to host 'randomuser.me'. Adding certificate verification is strongly advised. See: https://urllib3.readthedocs.io/en/latest/advanced-usage.html#tls-warnings
  warnings.warn(</msg>
<msg time="2024-07-29T14:14:46.238823" level="INFO">${response} = &lt;Response [200]&gt;</msg>
<var>${response}</var>
<arg>consultarAPI</arg>
<arg>/api</arg>
<doc>Sends a GET request on a previously created HTTP Session.</doc>
<status status="PASS" start="2024-07-29T14:14:46.126000" elapsed="0.112855"/>
</kw>
<kw name="Set Variable" owner="BuiltIn">
<msg time="2024-07-29T14:14:46.239950" level="INFO">${json_data} = {'results': [{'gender': 'female', 'name': {'title': 'Ms', 'first': 'Macey', 'last': 'Alkan'}, 'location': {'street': {'number': 9865, 'name': 'Borselestraat'}, 'city': 'Loosduinen', 'state': 'Zeeland'...</msg>
<var>${json_data}</var>
<arg>${response.json()}</arg>
<doc>Returns the given values which can then be assigned to a variables.</doc>
<status status="PASS" start="2024-07-29T14:14:46.239415" elapsed="0.000605"/>
</kw>
<kw name="Set Variable" owner="BuiltIn">
<msg time="2024-07-29T14:14:46.240773" level="INFO">${name_title} = Ms</msg>
<var>${name_title}</var>
<arg>${json_data["results"][0]["name"]["title"]}</arg>
<doc>Returns the given values which can then be assigned to a variables.</doc>
<status status="PASS" start="2024-07-29T14:14:46.240377" elapsed="0.000422"/>
</kw>
<kw name="Create List" owner="BuiltIn">
<msg time="2024-07-29T14:14:46.241269" level="INFO">${allowed_titles} = ['Mr', 'Ms', 'Miss', 'Mrs', 'Madame', 'Monsieur']</msg>
<var>${allowed_titles}</var>
<arg>Mr</arg>
<arg>Ms</arg>
<arg>Miss</arg>
<arg>Mrs</arg>
<arg>Madame</arg>
<arg>Monsieur</arg>
<doc>Returns a list containing given items.</doc>
<status status="PASS" start="2024-07-29T14:14:46.241114" elapsed="0.000180"/>
</kw>
<kw name="List Should Contain Value" owner="Collections">
<arg>${allowed_titles}</arg>
<arg>${name_title}</arg>
<doc>Fails if the ``value`` is not found from ``list``.</doc>
<status status="PASS" start="2024-07-29T14:14:46.241595" elapsed="0.000195"/>
</kw>
<kw name="Set Variable" owner="BuiltIn">
<msg time="2024-07-29T14:14:46.242362" level="INFO">${name_country} = NL</msg>
<var>${name_country}</var>
<arg>${json_data["results"][0]["nat"]}</arg>
<doc>Returns the given values which can then be assigned to a variables.</doc>
<status status="PASS" start="2024-07-29T14:14:46.241976" elapsed="0.000411"/>
</kw>
<kw name="Create List" owner="BuiltIn">
<msg time="2024-07-29T14:14:46.243271" level="INFO">${list_country} = ['AD', 'AE', 'AF', 'AG', 'AI', 'AL', 'AM', 'AO', 'AQ', 'AR', 'AS', 'AT', 'AU', 'AW', 'AX', 'AZ', 'BA', 'BB', 'BD', 'BE', 'BF', 'BG', 'BH', 'BI', 'BJ', 'BL', 'BM', 'BN', 'BO', 'BQ', 'BR', 'BS', 'BT', '...</msg>
<var>${list_country}</var>
<arg>AD</arg>
<arg>AE</arg>
<arg>AF</arg>
<arg>AG</arg>
<arg>AI</arg>
<arg>AL</arg>
<arg>AM</arg>
<arg>AO</arg>
<arg>AQ</arg>
<arg>AR</arg>
<arg>AS</arg>
<arg>AT</arg>
<arg>AU</arg>
<arg>AW</arg>
<arg>AX</arg>
<arg>AZ</arg>
<arg>BA</arg>
<arg>BB</arg>
<arg>BD</arg>
<arg>BE</arg>
<arg>BF</arg>
<arg>BG</arg>
<arg>BH</arg>
<arg>BI</arg>
<arg>BJ</arg>
<arg>BL</arg>
<arg>BM</arg>
<arg>BN</arg>
<arg>BO</arg>
<arg>BQ</arg>
<arg>BR</arg>
<arg>BS</arg>
<arg>BT</arg>
<arg>BV</arg>
<arg>BW</arg>
<arg>BY</arg>
<arg>BZ</arg>
<arg>CA</arg>
<arg>CC</arg>
<arg>CD</arg>
<arg>CF</arg>
<arg>CG</arg>
<arg>CH</arg>
<arg>CI</arg>
<arg>CK</arg>
<arg>CL</arg>
<arg>CM</arg>
<arg>CN</arg>
<arg>CO</arg>
<arg>CR</arg>
<arg>CU</arg>
<arg>CV</arg>
<arg>CW</arg>
<arg>CX</arg>
<arg>CY</arg>
<arg>CZ</arg>
<arg>DE</arg>
<arg>DJ</arg>
<arg>DK</arg>
<arg>DM</arg>
<arg>DO</arg>
<arg>DZ</arg>
<arg>EC</arg>
<arg>EE</arg>
<arg>EG</arg>
<arg>EH</arg>
<arg>ER</arg>
<arg>ES</arg>
<arg>ET</arg>
<arg>FI</arg>
<arg>FJ</arg>
<arg>FK</arg>
<arg>FM</arg>
<arg>FO</arg>
<arg>FR</arg>
<arg>GA</arg>
<arg>GB</arg>
<arg>GD</arg>
<arg>GE</arg>
<arg>GF</arg>
<arg>GG</arg>
<arg>GH</arg>
<arg>GI</arg>
<arg>GL</arg>
<arg>GM</arg>
<arg>GN</arg>
<arg>GP</arg>
<arg>GQ</arg>
<arg>GR</arg>
<arg>GS</arg>
<arg>GT</arg>
<arg>GU</arg>
<arg>GW</arg>
<arg>GY</arg>
<arg>HK</arg>
<arg>HM</arg>
<arg>HN</arg>
<arg>HR</arg>
<arg>HT</arg>
<arg>HU</arg>
<arg>ID</arg>
<arg>IE</arg>
<arg>IL</arg>
<arg>IM</arg>
<arg>IN</arg>
<arg>IO</arg>
<arg>IQ</arg>
<arg>IR</arg>
<arg>IS</arg>
<arg>IT</arg>
<arg>JE</arg>
<arg>JM</arg>
<arg>JO</arg>
<arg>JP</arg>
<arg>KE</arg>
<arg>KG</arg>
<arg>KH</arg>
<arg>KI</arg>
<arg>KM</arg>
<arg>KN</arg>
<arg>KP</arg>
<arg>KR</arg>
<arg>KW</arg>
<arg>KY</arg>
<arg>KZ</arg>
<arg>LA</arg>
<arg>LB</arg>
<arg>LC</arg>
<arg>LI</arg>
<arg>LK</arg>
<arg>LR</arg>
<arg>LS</arg>
<arg>LT</arg>
<arg>LU</arg>
<arg>LV</arg>
<arg>LY</arg>
<arg>MA</arg>
<arg>MC</arg>
<arg>MD</arg>
<arg>ME</arg>
<arg>MF</arg>
<arg>MG</arg>
<arg>MH</arg>
<arg>MK</arg>
<arg>ML</arg>
<arg>MM</arg>
<arg>MN</arg>
<arg>MO</arg>
<arg>MP</arg>
<arg>MQ</arg>
<arg>MR</arg>
<arg>MS</arg>
<arg>MT</arg>
<arg>MU</arg>
<arg>MV</arg>
<arg>MW</arg>
<arg>MX</arg>
<arg>MY</arg>
<arg>MZ</arg>
<arg>NA</arg>
<arg>NC</arg>
<arg>NE</arg>
<arg>NF</arg>
<arg>NG</arg>
<arg>NI</arg>
<arg>NL</arg>
<arg>NO</arg>
<arg>NP</arg>
<arg>NR</arg>
<arg>NU</arg>
<arg>NZ</arg>
<arg>OM</arg>
<arg>PA</arg>
<arg>PE</arg>
<arg>PF</arg>
<arg>PG</arg>
<arg>PH</arg>
<arg>PK</arg>
<arg>PL</arg>
<arg>PM</arg>
<arg>PN</arg>
<arg>PR</arg>
<arg>PS</arg>
<arg>PT</arg>
<arg>PW</arg>
<arg>PY</arg>
<arg>QA</arg>
<arg>RE</arg>
<arg>RO</arg>
<arg>RS</arg>
<arg>RU</arg>
<arg>RW</arg>
<arg>SA</arg>
<arg>SB</arg>
<arg>SC</arg>
<arg>SD</arg>
<arg>SE</arg>
<arg>SG</arg>
<arg>SH</arg>
<arg>SI</arg>
<arg>SJ</arg>
<arg>SK</arg>
<arg>SL</arg>
<arg>SM</arg>
<arg>SN</arg>
<arg>SO</arg>
<arg>SR</arg>
<arg>SS</arg>
<arg>ST</arg>
<arg>SV</arg>
<arg>SX</arg>
<arg>SY</arg>
<arg>SZ</arg>
<arg>TC</arg>
<arg>TD</arg>
<arg>TF</arg>
<arg>TG</arg>
<arg>TH</arg>
<arg>TJ</arg>
<arg>TK</arg>
<arg>TL</arg>
<arg>TM</arg>
<arg>TN</arg>
<arg>TO</arg>
<arg>TR</arg>
<arg>TT</arg>
<arg>TV</arg>
<arg>TW</arg>
<arg>TZ</arg>
<arg>UA</arg>
<arg>UG</arg>
<arg>UM</arg>
<arg>US</arg>
<arg>UY</arg>
<arg>UZ</arg>
<arg>VA</arg>
<arg>VC</arg>
<arg>VE</arg>
<arg>VG</arg>
<arg>VI</arg>
<arg>VN</arg>
<arg>VU</arg>
<arg>WF</arg>
<arg>WS</arg>
<arg>XK</arg>
<arg>YE</arg>
<arg>YT</arg>
<arg>ZA</arg>
<arg>ZM</arg>
<arg>ZW</arg>
<doc>Returns a list containing given items.</doc>
<status status="PASS" start="2024-07-29T14:14:46.242676" elapsed="0.000621"/>
</kw>
<kw name="List Should Contain Value" owner="Collections">
<arg>${list_country}</arg>
<arg>${name_country}</arg>
<doc>Fails if the ``value`` is not found from ``list``.</doc>
<status status="PASS" start="2024-07-29T14:14:46.244325" elapsed="0.000219"/>
</kw>
<kw name="Run Keyword If" owner="BuiltIn">
<kw name="Should Be True" owner="BuiltIn">
<arg>${True}</arg>
<doc>Fails if the given condition is not true.</doc>
<status status="PASS" start="2024-07-29T14:14:46.245531" elapsed="0.000155"/>
</kw>
<arg>${json_data["results"][0]["location"]["coordinates"]["latitude"]} &gt;= -90 and ${json_data["results"][0]["location"]["coordinates"]["latitude"]} &lt;= 90</arg>
<arg>Should Be True</arg>
<arg>${True}</arg>
<doc>Runs the given keyword with the given arguments, if ``condition`` is true.</doc>
<status status="PASS" start="2024-07-29T14:14:46.244747" elapsed="0.001067"/>
</kw>
<kw name="Run Keyword If" owner="BuiltIn">
<kw name="Should Be True" owner="BuiltIn">
<arg>${True}</arg>
<doc>Fails if the given condition is not true.</doc>
<status status="PASS" start="2024-07-29T14:14:46.246701" elapsed="0.000150"/>
</kw>
<arg>${json_data["results"][0]["location"]["coordinates"]["longitude"]} &gt;= -180 and ${json_data["results"][0]["location"]["coordinates"]["longitude"]} &lt;= 180</arg>
<arg>Should Be True</arg>
<arg>${True}</arg>
<doc>Runs the given keyword with the given arguments, if ``condition`` is true.</doc>
<status status="PASS" start="2024-07-29T14:14:46.246000" elapsed="0.000979"/>
</kw>
<status status="PASS" start="2024-07-29T14:14:46.125761" elapsed="0.121352"/>
</kw>
<doc>Testa o conteúdo específico dos campos retornados pela API.</doc>
<tag>testeConteudo</tag>
<status status="PASS" start="2024-07-29T14:14:46.125187" elapsed="0.122087"/>
</test>
<status status="PASS" start="2024-07-29T14:14:45.238566" elapsed="1.010774"/>
</suite>
<status status="PASS" start="2024-07-29T14:14:45.223654" elapsed="1.030911"/>
</suite>
<statistics>
<total>
<stat pass="5" fail="0" skip="0">All Tests</stat>
</total>
<tag>
<stat pass="1" fail="0" skip="0">testeConteudo</stat>
<stat pass="1" fail="0" skip="0">testeEstruturaResposta</stat>
<stat pass="1" fail="0" skip="0">testeRequisicaoBasica</stat>
<stat pass="1" fail="0" skip="0">testeTiposDados</stat>
</tag>
<suite>
<stat pass="5" fail="0" skip="0" id="s1" name="Tests">Tests</stat>
<stat pass="5" fail="0" skip="0" id="s1-s1" name="Random-User-Test">Tests.Random-User-Test</stat>
</suite>
</statistics>
<errors>
</errors>
</robot>
