<?xml version="1.0" encoding="UTF-8"?>
<robot generator="Robot 7.0 (Python 3.12.3 on linux)" generated="2024-05-12T11:12:04.714307" rpa="false" schemaversion="5">
<suite id="s1" name="Tests" source="/home/runner/work/DesafioQAItauRogerioJordao/DesafioQAItauRogerioJordao/RamdonUser/tests">
<suite id="s1-s1" name="Random-User-Test" source="/home/runner/work/DesafioQAItauRogerioJordao/DesafioQAItauRogerioJordao/RamdonUser/tests/random-user-test.robot">
<test id="s1-s1-t1" name="Conectar" line="13">
<kw name="Conectar API" owner="random-user-service">
<kw name="Create Session" owner="RequestsLibrary">
<msg time="2024-05-12T11:12:05.077992" level="INFO">Creating Session using : alias=consultarAPI, url=https://randomuser.me/, headers={},                     cookies={}, auth=None, timeout=None, proxies=None, verify=False,                     debug=0 </msg>
<arg>consultarAPI</arg>
<arg>${URL}</arg>
<doc>Create Session: create a HTTP session to a server</doc>
<status status="PASS" start="2024-05-12T11:12:05.077759" elapsed="0.000414"/>
</kw>
<status status="PASS" start="2024-05-12T11:12:05.076793" elapsed="0.001747"/>
</kw>
<status status="PASS" start="2024-05-12T11:12:05.076179" elapsed="0.002559"/>
</test>
<test id="s1-s1-t2" name="Validar retorno 200 e JSON Válido" line="16">
<kw name="Teste de Requisicao Basica" owner="random-user-service">
<kw name="GET On Session" owner="RequestsLibrary">
<msg time="2024-05-12T11:12:06.107175" level="INFO">GET Request : url=https://randomuser.me/api 
 path_url=/api 
 headers={'User-Agent': 'python-requests/2.31.0', 'Accept-Encoding': 'gzip, deflate', 'Accept': '*/*', 'Connection': 'keep-alive'} 
 body=None 
 </msg>
<msg time="2024-05-12T11:12:06.107323" level="INFO">GET Response : url=https://randomuser.me/api 
 status=200, reason=OK 
 headers={'Date': 'Sun, 12 May 2024 11:12:06 GMT', 'Content-Type': 'application/json; charset=utf-8', 'Transfer-Encoding': 'chunked', 'Connection': 'keep-alive', 'X-Powered-By': 'Express', 'Access-Control-Allow-Origin': '*', 'Cache-Control': 'no-cache', 'ETag': 'W/"491-etj0YcUFRzhiKTf8P0TSVXb5k4w"', 'Vary': 'Accept-Encoding', 'Content-Encoding': 'gzip', 'CF-Cache-Status': 'DYNAMIC', 'Report-To': '{"endpoints":[{"url":"https:\\/\\/a.nel.cloudflare.com\\/report\\/v4?s=DE3oneBV%2B0ab66Fp5gcQpe38l2dS6byutG25iZVQuDfIs65A4Xhxthm7jyxUllW7edho%2BMLjaZ6BWJGaUQPwSBi5roT21YO3GFgn5mRkW0idy%2BU920C9GUCn33ssld4M"}],"group":"cf-nel","max_age":604800}', 'NEL': '{"success_fraction":0,"report_to":"cf-nel","max_age":604800}', 'Server': 'cloudflare', 'CF-RAY': '8829f8bffe180684-IAD', 'alt-svc': 'h3=":443"; ma=86400'} 
 body={"results":[{"gender":"female","name":{"title":"Ms","first":"Oona","last":"Autio"},"location":{"street":{"number":2146,"name":"Satakennankatu"},"city":"Huittinen","state":"Northern Savonia","country":"Finland","postcode":76016,"coordinates":{"latitude":"-25.4979","longitude":"161.5680"},"timezone":{"offset":"+9:30","description":"Adelaide, Darwin"}},"email":"oona.autio@example.com","login":{"uuid":"b0de3c17-bfef-4eb6-92f7-1833a8188288","username":"heavybutterfly561","password":"windsor","salt":"8406Txei","md5":"67a7227a8cab7d0badc0194d19e46d1e","sha1":"fec303dee87fbb157c41c876f6ed64e49027798e","sha256":"43574afa926ff59fc814c9adeb8525e9db3e181df29fe009da6dc7d290b98a65"},"dob":{"date":"1958-02-06T05:54:06.748Z","age":66},"registered":{"date":"2006-06-14T05:03:44.780Z","age":17},"phone":"06-055-155","cell":"047-845-95-70","id":{"name":"HETU","value":"NaNNA078undefined"},"picture":{"large":"https://randomuser.me/api/portraits/women/62.jpg","medium":"https://randomuser.me/api/portraits/med/women/62.jpg","thumbnail":"https://randomuser.me/api/portraits/thumb/women/62.jpg"},"nat":"FI"}],"info":{"seed":"62b173c1f78dc990","results":1,"page":1,"version":"1.4"}} 
 </msg>
<msg time="2024-05-12T11:12:06.107403" level="INFO">/opt/hostedtoolcache/Python/3.12.3/x64/lib/python3.12/site-packages/urllib3/connectionpool.py:1103: InsecureRequestWarning: Unverified HTTPS request is being made to host 'randomuser.me'. Adding certificate verification is strongly advised. See: https://urllib3.readthedocs.io/en/latest/advanced-usage.html#tls-warnings
  warnings.warn(</msg>
<msg time="2024-05-12T11:12:06.107538" level="INFO">${response} = &lt;Response [200]&gt;</msg>
<var>${response}</var>
<arg>consultarAPI</arg>
<arg>/api</arg>
<doc>Sends a GET request on a previously created HTTP Session.</doc>
<status status="PASS" start="2024-05-12T11:12:05.081428" elapsed="1.026152"/>
</kw>
<kw name="Should Be Equal As Numbers" owner="BuiltIn">
<msg time="2024-05-12T11:12:06.108603" level="INFO">Argument types are:
&lt;class 'int'&gt;
&lt;class 'str'&gt;</msg>
<arg>${response.status_code}</arg>
<arg>200</arg>
<doc>Fails if objects are unequal after converting them to real numbers.</doc>
<status status="PASS" start="2024-05-12T11:12:06.108139" elapsed="0.000527"/>
</kw>
<kw name="Log" owner="BuiltIn">
<msg time="2024-05-12T11:12:06.109326" level="INFO">200</msg>
<arg>${response.status_code}</arg>
<doc>Logs the given message with the given level.</doc>
<status status="PASS" start="2024-05-12T11:12:06.108983" elapsed="0.000383"/>
</kw>
<kw name="Set Variable" owner="BuiltIn">
<msg time="2024-05-12T11:12:06.110158" level="INFO">${json_data} = {'results': [{'gender': 'female', 'name': {'title': 'Ms', 'first': 'Oona', 'last': 'Autio'}, 'location': {'street': {'number': 2146, 'name': 'Satakennankatu'}, 'city': 'Huittinen', 'state': 'Northern ...</msg>
<var>${json_data}</var>
<arg>${response.json()}</arg>
<doc>Returns the given values which can then be assigned to a variables.</doc>
<status status="PASS" start="2024-05-12T11:12:06.109667" elapsed="0.000519"/>
</kw>
<kw name="Dictionary Should Contain Key" owner="Collections">
<msg time="2024-05-12T11:12:06.110651" level="INFO">False</msg>
<arg>${json_data}</arg>
<arg>results</arg>
<doc>Fails if ``key`` is not found from ``dictionary``.</doc>
<status status="PASS" start="2024-05-12T11:12:06.110484" elapsed="0.000206"/>
</kw>
<status status="PASS" start="2024-05-12T11:12:05.081166" elapsed="1.029781"/>
</kw>
<doc>Testa se a API responde corretamente e retorna um objeto JSON válido.</doc>
<tag>testeRequisicaoBasica</tag>
<status status="PASS" start="2024-05-12T11:12:05.080631" elapsed="1.030504"/>
</test>
<test id="s1-s1-t3" name="Validar estrutura de resposta" line="22">
<kw name="Teste de Estrutura de Resposta" owner="random-user-service">
<kw name="GET On Session" owner="RequestsLibrary">
<msg time="2024-05-12T11:12:06.560793" level="INFO">GET Request : url=https://randomuser.me/api 
 path_url=/api 
 headers={'User-Agent': 'python-requests/2.31.0', 'Accept-Encoding': 'gzip, deflate', 'Accept': '*/*', 'Connection': 'keep-alive'} 
 body=None 
 </msg>
<msg time="2024-05-12T11:12:06.560892" level="INFO">GET Response : url=https://randomuser.me/api 
 status=200, reason=OK 
 headers={'Date': 'Sun, 12 May 2024 11:12:06 GMT', 'Content-Type': 'application/json; charset=utf-8', 'Transfer-Encoding': 'chunked', 'Connection': 'keep-alive', 'X-Powered-By': 'Express', 'Access-Control-Allow-Origin': '*', 'Cache-Control': 'no-cache', 'ETag': 'W/"49d-z8UmZ7Opd24dIamUp/OJDwHntbg"', 'Vary': 'Accept-Encoding', 'Content-Encoding': 'gzip', 'CF-Cache-Status': 'DYNAMIC', 'Report-To': '{"endpoints":[{"url":"https:\\/\\/a.nel.cloudflare.com\\/report\\/v4?s=tLzO12VkCaFfvVB63Oe5pSAiStICpnIR8BzLfDqDVXxUJ3Abx%2FOJbAhpcYuIuJT0prK1RsqEGG1Xey76Xd6Qjc8ERwKlozT%2Frk6WCz%2BVH52pULVvB2HToM75E2ZXvX9A"}],"group":"cf-nel","max_age":604800}', 'NEL': '{"success_fraction":0,"report_to":"cf-nel","max_age":604800}', 'Server': 'cloudflare', 'CF-RAY': '8829f8c639cd0684-IAD', 'alt-svc': 'h3=":443"; ma=86400'} 
 body={"results":[{"gender":"male","name":{"title":"Mr","first":"Micah","last":"Van Lokven"},"location":{"street":{"number":2170,"name":"Beukersmolen"},"city":"Rozenburg Nh","state":"Limburg","country":"Netherlands","postcode":"2342 ZD","coordinates":{"latitude":"37.5796","longitude":"-137.3287"},"timezone":{"offset":"+1:00","description":"Brussels, Copenhagen, Madrid, Paris"}},"email":"micah.vanlokven@example.com","login":{"uuid":"9d732b7c-fa4a-49f0-903a-85ee5352ffa7","username":"blueostrich559","password":"01234567","salt":"7QqPM9av","md5":"cc33986fca23c180a3362a6125c49143","sha1":"3d095379bf20438438a1a4d80f48fbbe337ff143","sha256":"574f65cdaed91402073900223b1af2b4a5a3d4ddb6f7629a10c8c5f92b5ac798"},"dob":{"date":"1963-11-26T00:22:35.820Z","age":60},"registered":{"date":"2020-02-25T16:28:33.927Z","age":4},"phone":"(032) 3199648","cell":"(06) 56711788","id":{"name":"BSN","value":"43290683"},"picture":{"large":"https://randomuser.me/api/portraits/men/88.jpg","medium":"https://randomuser.me/api/portraits/med/men/88.jpg","thumbnail":"https://randomuser.me/api/portraits/thumb/men/88.jpg"},"nat":"NL"}],"info":{"seed":"e121862356ed8664","results":1,"page":1,"version":"1.4"}} 
 </msg>
<msg time="2024-05-12T11:12:06.561021" level="INFO">/opt/hostedtoolcache/Python/3.12.3/x64/lib/python3.12/site-packages/urllib3/connectionpool.py:1103: InsecureRequestWarning: Unverified HTTPS request is being made to host 'randomuser.me'. Adding certificate verification is strongly advised. See: https://urllib3.readthedocs.io/en/latest/advanced-usage.html#tls-warnings
  warnings.warn(</msg>
<msg time="2024-05-12T11:12:06.561146" level="INFO">${response} = &lt;Response [200]&gt;</msg>
<var>${response}</var>
<arg>consultarAPI</arg>
<arg>/api</arg>
<doc>Sends a GET request on a previously created HTTP Session.</doc>
<status status="PASS" start="2024-05-12T11:12:06.114073" elapsed="0.447101"/>
</kw>
<kw name="Set Variable" owner="BuiltIn">
<msg time="2024-05-12T11:12:06.562275" level="INFO">${json_data} = {'results': [{'gender': 'male', 'name': {'title': 'Mr', 'first': 'Micah', 'last': 'Van Lokven'}, 'location': {'street': {'number': 2170, 'name': 'Beukersmolen'}, 'city': 'Rozenburg Nh', 'state': 'Limb...</msg>
<var>${json_data}</var>
<arg>${response.json()}</arg>
<doc>Returns the given values which can then be assigned to a variables.</doc>
<status status="PASS" start="2024-05-12T11:12:06.561706" elapsed="0.000597"/>
</kw>
<kw name="Log" owner="BuiltIn">
<msg time="2024-05-12T11:12:06.562775" level="INFO">{'results': [{'gender': 'male', 'name': {'title': 'Mr', 'first': 'Micah', 'last': 'Van Lokven'}, 'location': {'street': {'number': 2170, 'name': 'Beukersmolen'}, 'city': 'Rozenburg Nh', 'state': 'Limburg', 'country': 'Netherlands', 'postcode': '2342 ZD', 'coordinates': {'latitude': '37.5796', 'longitude': '-137.3287'}, 'timezone': {'offset': '+1:00', 'description': 'Brussels, Copenhagen, Madrid, Paris'}}, 'email': 'micah.vanlokven@example.com', 'login': {'uuid': '9d732b7c-fa4a-49f0-903a-85ee5352ffa7', 'username': 'blueostrich559', 'password': '01234567', 'salt': '7QqPM9av', 'md5': 'cc33986fca23c180a3362a6125c49143', 'sha1': '3d095379bf20438438a1a4d80f48fbbe337ff143', 'sha256': '574f65cdaed91402073900223b1af2b4a5a3d4ddb6f7629a10c8c5f92b5ac798'}, 'dob': {'date': '1963-11-26T00:22:35.820Z', 'age': 60}, 'registered': {'date': '2020-02-25T16:28:33.927Z', 'age': 4}, 'phone': '(032) 3199648', 'cell': '(06) 56711788', 'id': {'name': 'BSN', 'value': '43290683'}, 'picture': {'large': 'https://randomuser.me/api/portraits/men/88.jpg', 'medium': 'https://randomuser.me/api/portraits/med/men/88.jpg', 'thumbnail': 'https://randomuser.me/api/portraits/thumb/men/88.jpg'}, 'nat': 'NL'}], 'info': {'seed': 'e121862356ed8664', 'results': 1, 'page': 1, 'version': '1.4'}}</msg>
<arg>${json_data}</arg>
<doc>Logs the given message with the given level.</doc>
<status status="PASS" start="2024-05-12T11:12:06.562611" elapsed="0.000212"/>
</kw>
<kw name="Dictionary Should Contain Key" owner="Collections">
<msg time="2024-05-12T11:12:06.563275" level="INFO">False</msg>
<arg>${json_data}</arg>
<arg>results</arg>
<doc>Fails if ``key`` is not found from ``dictionary``.</doc>
<status status="PASS" start="2024-05-12T11:12:06.563120" elapsed="0.000192"/>
</kw>
<kw name="Should Not Be Empty" owner="BuiltIn">
<msg time="2024-05-12T11:12:06.563732" level="INFO">Length is 2.</msg>
<arg>${json_data}</arg>
<doc>Verifies that the given item is not empty.</doc>
<status status="PASS" start="2024-05-12T11:12:06.563599" elapsed="0.000171"/>
</kw>
<kw name="Create List" owner="BuiltIn">
<msg time="2024-05-12T11:12:06.564369" level="INFO">${expected_keys} = ['gender', 'name', 'location', 'email', 'login']</msg>
<var>${expected_keys}</var>
<arg>gender</arg>
<arg>name</arg>
<arg>location</arg>
<arg>email</arg>
<arg>login</arg>
<doc>Returns a list containing given items.</doc>
<status status="PASS" start="2024-05-12T11:12:06.564062" elapsed="0.000331"/>
</kw>
<for flavor="IN">
<iter>
<kw name="Dictionary Should Contain Key" owner="Collections">
<msg time="2024-05-12T11:12:06.565377" level="INFO">False</msg>
<arg>${json_data['results'][0]}</arg>
<arg>${key}</arg>
<doc>Fails if ``key`` is not found from ``dictionary``.</doc>
<status status="PASS" start="2024-05-12T11:12:06.564983" elapsed="0.000431"/>
</kw>
<kw name="Log" owner="BuiltIn">
<msg time="2024-05-12T11:12:06.566097" level="INFO">{'gender': 'male', 'name': {'title': 'Mr', 'first': 'Micah', 'last': 'Van Lokven'}, 'location': {'street': {'number': 2170, 'name': 'Beukersmolen'}, 'city': 'Rozenburg Nh', 'state': 'Limburg', 'country': 'Netherlands', 'postcode': '2342 ZD', 'coordinates': {'latitude': '37.5796', 'longitude': '-137.3287'}, 'timezone': {'offset': '+1:00', 'description': 'Brussels, Copenhagen, Madrid, Paris'}}, 'email': 'micah.vanlokven@example.com', 'login': {'uuid': '9d732b7c-fa4a-49f0-903a-85ee5352ffa7', 'username': 'blueostrich559', 'password': '01234567', 'salt': '7QqPM9av', 'md5': 'cc33986fca23c180a3362a6125c49143', 'sha1': '3d095379bf20438438a1a4d80f48fbbe337ff143', 'sha256': '574f65cdaed91402073900223b1af2b4a5a3d4ddb6f7629a10c8c5f92b5ac798'}, 'dob': {'date': '1963-11-26T00:22:35.820Z', 'age': 60}, 'registered': {'date': '2020-02-25T16:28:33.927Z', 'age': 4}, 'phone': '(032) 3199648', 'cell': '(06) 56711788', 'id': {'name': 'BSN', 'value': '43290683'}, 'picture': {'large': 'https://randomuser.me/api/portraits/men/88.jpg', 'medium': 'https://randomuser.me/api/portraits/med/men/88.jpg', 'thumbnail': 'https://randomuser.me/api/portraits/thumb/men/88.jpg'}, 'nat': 'NL'}</msg>
<arg>${json_data['results'][0]}</arg>
<doc>Logs the given message with the given level.</doc>
<status status="PASS" start="2024-05-12T11:12:06.565710" elapsed="0.000435"/>
</kw>
<kw name="Log" owner="BuiltIn">
<msg time="2024-05-12T11:12:06.566567" level="INFO">gender</msg>
<arg>${key}</arg>
<doc>Logs the given message with the given level.</doc>
<status status="PASS" start="2024-05-12T11:12:06.566440" elapsed="0.000164"/>
</kw>
<var name="${key}">gender</var>
<status status="PASS" start="2024-05-12T11:12:06.564856" elapsed="0.001960"/>
</iter>
<iter>
<kw name="Dictionary Should Contain Key" owner="Collections">
<msg time="2024-05-12T11:12:06.567500" level="INFO">False</msg>
<arg>${json_data['results'][0]}</arg>
<arg>${key}</arg>
<doc>Fails if ``key`` is not found from ``dictionary``.</doc>
<status status="PASS" start="2024-05-12T11:12:06.567112" elapsed="0.000424"/>
</kw>
<kw name="Log" owner="BuiltIn">
<msg time="2024-05-12T11:12:06.568216" level="INFO">{'gender': 'male', 'name': {'title': 'Mr', 'first': 'Micah', 'last': 'Van Lokven'}, 'location': {'street': {'number': 2170, 'name': 'Beukersmolen'}, 'city': 'Rozenburg Nh', 'state': 'Limburg', 'country': 'Netherlands', 'postcode': '2342 ZD', 'coordinates': {'latitude': '37.5796', 'longitude': '-137.3287'}, 'timezone': {'offset': '+1:00', 'description': 'Brussels, Copenhagen, Madrid, Paris'}}, 'email': 'micah.vanlokven@example.com', 'login': {'uuid': '9d732b7c-fa4a-49f0-903a-85ee5352ffa7', 'username': 'blueostrich559', 'password': '01234567', 'salt': '7QqPM9av', 'md5': 'cc33986fca23c180a3362a6125c49143', 'sha1': '3d095379bf20438438a1a4d80f48fbbe337ff143', 'sha256': '574f65cdaed91402073900223b1af2b4a5a3d4ddb6f7629a10c8c5f92b5ac798'}, 'dob': {'date': '1963-11-26T00:22:35.820Z', 'age': 60}, 'registered': {'date': '2020-02-25T16:28:33.927Z', 'age': 4}, 'phone': '(032) 3199648', 'cell': '(06) 56711788', 'id': {'name': 'BSN', 'value': '43290683'}, 'picture': {'large': 'https://randomuser.me/api/portraits/men/88.jpg', 'medium': 'https://randomuser.me/api/portraits/med/men/88.jpg', 'thumbnail': 'https://randomuser.me/api/portraits/thumb/men/88.jpg'}, 'nat': 'NL'}</msg>
<arg>${json_data['results'][0]}</arg>
<doc>Logs the given message with the given level.</doc>
<status status="PASS" start="2024-05-12T11:12:06.567859" elapsed="0.000404"/>
</kw>
<kw name="Log" owner="BuiltIn">
<msg time="2024-05-12T11:12:06.568690" level="INFO">name</msg>
<arg>${key}</arg>
<doc>Logs the given message with the given level.</doc>
<status status="PASS" start="2024-05-12T11:12:06.568563" elapsed="0.000163"/>
</kw>
<var name="${key}">name</var>
<status status="PASS" start="2024-05-12T11:12:06.566998" elapsed="0.001938"/>
</iter>
<iter>
<kw name="Dictionary Should Contain Key" owner="Collections">
<msg time="2024-05-12T11:12:06.569604" level="INFO">False</msg>
<arg>${json_data['results'][0]}</arg>
<arg>${key}</arg>
<doc>Fails if ``key`` is not found from ``dictionary``.</doc>
<status status="PASS" start="2024-05-12T11:12:06.569222" elapsed="0.000419"/>
</kw>
<kw name="Log" owner="BuiltIn">
<msg time="2024-05-12T11:12:06.570332" level="INFO">{'gender': 'male', 'name': {'title': 'Mr', 'first': 'Micah', 'last': 'Van Lokven'}, 'location': {'street': {'number': 2170, 'name': 'Beukersmolen'}, 'city': 'Rozenburg Nh', 'state': 'Limburg', 'country': 'Netherlands', 'postcode': '2342 ZD', 'coordinates': {'latitude': '37.5796', 'longitude': '-137.3287'}, 'timezone': {'offset': '+1:00', 'description': 'Brussels, Copenhagen, Madrid, Paris'}}, 'email': 'micah.vanlokven@example.com', 'login': {'uuid': '9d732b7c-fa4a-49f0-903a-85ee5352ffa7', 'username': 'blueostrich559', 'password': '01234567', 'salt': '7QqPM9av', 'md5': 'cc33986fca23c180a3362a6125c49143', 'sha1': '3d095379bf20438438a1a4d80f48fbbe337ff143', 'sha256': '574f65cdaed91402073900223b1af2b4a5a3d4ddb6f7629a10c8c5f92b5ac798'}, 'dob': {'date': '1963-11-26T00:22:35.820Z', 'age': 60}, 'registered': {'date': '2020-02-25T16:28:33.927Z', 'age': 4}, 'phone': '(032) 3199648', 'cell': '(06) 56711788', 'id': {'name': 'BSN', 'value': '43290683'}, 'picture': {'large': 'https://randomuser.me/api/portraits/men/88.jpg', 'medium': 'https://randomuser.me/api/portraits/med/men/88.jpg', 'thumbnail': 'https://randomuser.me/api/portraits/thumb/men/88.jpg'}, 'nat': 'NL'}</msg>
<arg>${json_data['results'][0]}</arg>
<doc>Logs the given message with the given level.</doc>
<status status="PASS" start="2024-05-12T11:12:06.569958" elapsed="0.000420"/>
</kw>
<kw name="Log" owner="BuiltIn">
<msg time="2024-05-12T11:12:06.570791" level="INFO">location</msg>
<arg>${key}</arg>
<doc>Logs the given message with the given level.</doc>
<status status="PASS" start="2024-05-12T11:12:06.570666" elapsed="0.000161"/>
</kw>
<var name="${key}">location</var>
<status status="PASS" start="2024-05-12T11:12:06.569110" elapsed="0.001925"/>
</iter>
<iter>
<kw name="Dictionary Should Contain Key" owner="Collections">
<msg time="2024-05-12T11:12:06.571691" level="INFO">False</msg>
<arg>${json_data['results'][0]}</arg>
<arg>${key}</arg>
<doc>Fails if ``key`` is not found from ``dictionary``.</doc>
<status status="PASS" start="2024-05-12T11:12:06.571315" elapsed="0.000412"/>
</kw>
<kw name="Log" owner="BuiltIn">
<msg time="2024-05-12T11:12:06.572373" level="INFO">{'gender': 'male', 'name': {'title': 'Mr', 'first': 'Micah', 'last': 'Van Lokven'}, 'location': {'street': {'number': 2170, 'name': 'Beukersmolen'}, 'city': 'Rozenburg Nh', 'state': 'Limburg', 'country': 'Netherlands', 'postcode': '2342 ZD', 'coordinates': {'latitude': '37.5796', 'longitude': '-137.3287'}, 'timezone': {'offset': '+1:00', 'description': 'Brussels, Copenhagen, Madrid, Paris'}}, 'email': 'micah.vanlokven@example.com', 'login': {'uuid': '9d732b7c-fa4a-49f0-903a-85ee5352ffa7', 'username': 'blueostrich559', 'password': '01234567', 'salt': '7QqPM9av', 'md5': 'cc33986fca23c180a3362a6125c49143', 'sha1': '3d095379bf20438438a1a4d80f48fbbe337ff143', 'sha256': '574f65cdaed91402073900223b1af2b4a5a3d4ddb6f7629a10c8c5f92b5ac798'}, 'dob': {'date': '1963-11-26T00:22:35.820Z', 'age': 60}, 'registered': {'date': '2020-02-25T16:28:33.927Z', 'age': 4}, 'phone': '(032) 3199648', 'cell': '(06) 56711788', 'id': {'name': 'BSN', 'value': '43290683'}, 'picture': {'large': 'https://randomuser.me/api/portraits/men/88.jpg', 'medium': 'https://randomuser.me/api/portraits/med/men/88.jpg', 'thumbnail': 'https://randomuser.me/api/portraits/thumb/men/88.jpg'}, 'nat': 'NL'}</msg>
<arg>${json_data['results'][0]}</arg>
<doc>Logs the given message with the given level.</doc>
<status status="PASS" start="2024-05-12T11:12:06.572020" elapsed="0.000400"/>
</kw>
<kw name="Log" owner="BuiltIn">
<msg time="2024-05-12T11:12:06.572834" level="INFO">email</msg>
<arg>${key}</arg>
<doc>Logs the given message with the given level.</doc>
<status status="PASS" start="2024-05-12T11:12:06.572709" elapsed="0.000161"/>
</kw>
<var name="${key}">email</var>
<status status="PASS" start="2024-05-12T11:12:06.571204" elapsed="0.001883"/>
</iter>
<iter>
<kw name="Dictionary Should Contain Key" owner="Collections">
<msg time="2024-05-12T11:12:06.573754" level="INFO">False</msg>
<arg>${json_data['results'][0]}</arg>
<arg>${key}</arg>
<doc>Fails if ``key`` is not found from ``dictionary``.</doc>
<status status="PASS" start="2024-05-12T11:12:06.573367" elapsed="0.000424"/>
</kw>
<kw name="Log" owner="BuiltIn">
<msg time="2024-05-12T11:12:06.574474" level="INFO">{'gender': 'male', 'name': {'title': 'Mr', 'first': 'Micah', 'last': 'Van Lokven'}, 'location': {'street': {'number': 2170, 'name': 'Beukersmolen'}, 'city': 'Rozenburg Nh', 'state': 'Limburg', 'country': 'Netherlands', 'postcode': '2342 ZD', 'coordinates': {'latitude': '37.5796', 'longitude': '-137.3287'}, 'timezone': {'offset': '+1:00', 'description': 'Brussels, Copenhagen, Madrid, Paris'}}, 'email': 'micah.vanlokven@example.com', 'login': {'uuid': '9d732b7c-fa4a-49f0-903a-85ee5352ffa7', 'username': 'blueostrich559', 'password': '01234567', 'salt': '7QqPM9av', 'md5': 'cc33986fca23c180a3362a6125c49143', 'sha1': '3d095379bf20438438a1a4d80f48fbbe337ff143', 'sha256': '574f65cdaed91402073900223b1af2b4a5a3d4ddb6f7629a10c8c5f92b5ac798'}, 'dob': {'date': '1963-11-26T00:22:35.820Z', 'age': 60}, 'registered': {'date': '2020-02-25T16:28:33.927Z', 'age': 4}, 'phone': '(032) 3199648', 'cell': '(06) 56711788', 'id': {'name': 'BSN', 'value': '43290683'}, 'picture': {'large': 'https://randomuser.me/api/portraits/men/88.jpg', 'medium': 'https://randomuser.me/api/portraits/med/men/88.jpg', 'thumbnail': 'https://randomuser.me/api/portraits/thumb/men/88.jpg'}, 'nat': 'NL'}</msg>
<arg>${json_data['results'][0]}</arg>
<doc>Logs the given message with the given level.</doc>
<status status="PASS" start="2024-05-12T11:12:06.574113" elapsed="0.000408"/>
</kw>
<kw name="Log" owner="BuiltIn">
<msg time="2024-05-12T11:12:06.574942" level="INFO">login</msg>
<arg>${key}</arg>
<doc>Logs the given message with the given level.</doc>
<status status="PASS" start="2024-05-12T11:12:06.574816" elapsed="0.000162"/>
</kw>
<var name="${key}">login</var>
<status status="PASS" start="2024-05-12T11:12:06.573256" elapsed="0.001959"/>
</iter>
<var>${key}</var>
<value>@{expected_keys}</value>
<status status="PASS" start="2024-05-12T11:12:06.564662" elapsed="0.010674"/>
</for>
<kw name="Create List" owner="BuiltIn">
<msg time="2024-05-12T11:12:06.575670" level="INFO">${expected_keysTwo} = ['username', 'password']</msg>
<var>${expected_keysTwo}</var>
<arg>username</arg>
<arg>password</arg>
<doc>Returns a list containing given items.</doc>
<status status="PASS" start="2024-05-12T11:12:06.575534" elapsed="0.000159"/>
</kw>
<for flavor="IN">
<iter>
<kw name="Dictionary Should Contain Key" owner="Collections">
<msg time="2024-05-12T11:12:06.576583" level="INFO">False</msg>
<arg>${json_data['results'][0]['login']}</arg>
<arg>${keyTwo}</arg>
<doc>Fails if ``key`` is not found from ``dictionary``.</doc>
<status status="PASS" start="2024-05-12T11:12:06.576193" elapsed="0.000428"/>
</kw>
<kw name="Dictionary Should Contain Key" owner="Collections">
<msg time="2024-05-12T11:12:06.577290" level="INFO">False</msg>
<arg>${json_data['results'][0]['login']}</arg>
<arg>${keyTwo}</arg>
<doc>Fails if ``key`` is not found from ``dictionary``.</doc>
<status status="PASS" start="2024-05-12T11:12:06.576915" elapsed="0.000412"/>
</kw>
<kw name="Log" owner="BuiltIn">
<msg time="2024-05-12T11:12:06.577736" level="INFO">username</msg>
<arg>${keyTwo}</arg>
<doc>Logs the given message with the given level.</doc>
<status status="PASS" start="2024-05-12T11:12:06.577611" elapsed="0.000167"/>
</kw>
<var name="${keyTwo}">username</var>
<status status="PASS" start="2024-05-12T11:12:06.576082" elapsed="0.001942"/>
</iter>
<iter>
<kw name="Dictionary Should Contain Key" owner="Collections">
<msg time="2024-05-12T11:12:06.578692" level="INFO">False</msg>
<arg>${json_data['results'][0]['login']}</arg>
<arg>${keyTwo}</arg>
<doc>Fails if ``key`` is not found from ``dictionary``.</doc>
<status status="PASS" start="2024-05-12T11:12:06.578308" elapsed="0.000421"/>
</kw>
<kw name="Dictionary Should Contain Key" owner="Collections">
<msg time="2024-05-12T11:12:06.579486" level="INFO">False</msg>
<arg>${json_data['results'][0]['login']}</arg>
<arg>${keyTwo}</arg>
<doc>Fails if ``key`` is not found from ``dictionary``.</doc>
<status status="PASS" start="2024-05-12T11:12:06.579021" elapsed="0.000502"/>
</kw>
<kw name="Log" owner="BuiltIn">
<msg time="2024-05-12T11:12:06.579944" level="INFO">password</msg>
<arg>${keyTwo}</arg>
<doc>Logs the given message with the given level.</doc>
<status status="PASS" start="2024-05-12T11:12:06.579816" elapsed="0.000164"/>
</kw>
<var name="${keyTwo}">password</var>
<status status="PASS" start="2024-05-12T11:12:06.578196" elapsed="0.001993"/>
</iter>
<var>${keyTwo}</var>
<value>@{expected_keysTwo}</value>
<status status="PASS" start="2024-05-12T11:12:06.575929" elapsed="0.004381"/>
</for>
<status status="PASS" start="2024-05-12T11:12:06.113700" elapsed="0.466753"/>
</kw>
<doc>Testa a estrutura da resposta da API.</doc>
<tag>testeEstruturaResposta</tag>
<status status="PASS" start="2024-05-12T11:12:06.112942" elapsed="0.467672"/>
</test>
<test id="s1-s1-t4" name="Validar tipos de dados" line="28">
<kw name="Teste de Tipos de Dados" owner="random-user-service">
<kw name="GET On Session" owner="RequestsLibrary">
<msg time="2024-05-12T11:12:06.777111" level="INFO">GET Request : url=https://randomuser.me/api 
 path_url=/api 
 headers={'User-Agent': 'python-requests/2.31.0', 'Accept-Encoding': 'gzip, deflate', 'Accept': '*/*', 'Connection': 'keep-alive'} 
 body=None 
 </msg>
<msg time="2024-05-12T11:12:06.777219" level="INFO">GET Response : url=https://randomuser.me/api 
 status=200, reason=OK 
 headers={'Date': 'Sun, 12 May 2024 11:12:06 GMT', 'Content-Type': 'application/json; charset=utf-8', 'Transfer-Encoding': 'chunked', 'Connection': 'keep-alive', 'X-Powered-By': 'Express', 'Access-Control-Allow-Origin': '*', 'Cache-Control': 'no-cache', 'ETag': 'W/"479-72lXogwTJ6bI+S2JQ6CKMbyYat0"', 'Vary': 'Accept-Encoding', 'Content-Encoding': 'gzip', 'CF-Cache-Status': 'DYNAMIC', 'Report-To': '{"endpoints":[{"url":"https:\\/\\/a.nel.cloudflare.com\\/report\\/v4?s=sUpcH15xMKSPNd4wpCvSuz9L%2BewMT%2BFRkpQzNaUgEio6BKW4dIUK76cvUF110mJV%2FjFQ0v7QebapYN%2Bl7xxbWwR73x66RVUm5C2SqvFTz89shsihVA0OR3iP8u14%2B3ob"}],"group":"cf-nel","max_age":604800}', 'NEL': '{"success_fraction":0,"report_to":"cf-nel","max_age":604800}', 'Server': 'cloudflare', 'CF-RAY': '8829f8c92b470684-IAD', 'alt-svc': 'h3=":443"; ma=86400'} 
 body={"results":[{"gender":"male","name":{"title":"Mr","first":"Chatura","last":"Holla"},"location":{"street":{"number":7885,"name":"Carter Rd Promenade"},"city":"Vijayanagaram","state":"Lakshadweep","country":"India","postcode":26697,"coordinates":{"latitude":"6.3993","longitude":"-123.6703"},"timezone":{"offset":"+4:30","description":"Kabul"}},"email":"chatura.holla@example.com","login":{"uuid":"45ac2f82-0bf4-4ff6-8ec5-5e19e1aa090a","username":"silvergoose421","password":"trust","salt":"cR8r79yW","md5":"fc5e4fe8bd8e0efded20157030548b22","sha1":"ea98744fb18f69a20f38c1ab1508487fbbb3ed58","sha256":"9b3d5bcd6043739732df48727de5473221391ce4e5a92a9dab8fa5b3b09ef55c"},"dob":{"date":"1995-07-21T10:41:28.882Z","age":28},"registered":{"date":"2004-08-19T18:34:10.124Z","age":19},"phone":"9066050612","cell":"7781156045","id":{"name":"UIDAI","value":"922828273443"},"picture":{"large":"https://randomuser.me/api/portraits/men/61.jpg","medium":"https://randomuser.me/api/portraits/med/men/61.jpg","thumbnail":"https://randomuser.me/api/portraits/thumb/men/61.jpg"},"nat":"IN"}],"info":{"seed":"0062c9d14a23b452","results":1,"page":1,"version":"1.4"}} 
 </msg>
<msg time="2024-05-12T11:12:06.777298" level="INFO">/opt/hostedtoolcache/Python/3.12.3/x64/lib/python3.12/site-packages/urllib3/connectionpool.py:1103: InsecureRequestWarning: Unverified HTTPS request is being made to host 'randomuser.me'. Adding certificate verification is strongly advised. See: https://urllib3.readthedocs.io/en/latest/advanced-usage.html#tls-warnings
  warnings.warn(</msg>
<msg time="2024-05-12T11:12:06.777441" level="INFO">${response} = &lt;Response [200]&gt;</msg>
<var>${response}</var>
<arg>consultarAPI</arg>
<arg>/api</arg>
<doc>Sends a GET request on a previously created HTTP Session.</doc>
<status status="PASS" start="2024-05-12T11:12:06.583230" elapsed="0.194258"/>
</kw>
<kw name="Set Variable" owner="BuiltIn">
<msg time="2024-05-12T11:12:06.778746" level="INFO">${json_data} = {'results': [{'gender': 'male', 'name': {'title': 'Mr', 'first': 'Chatura', 'last': 'Holla'}, 'location': {'street': {'number': 7885, 'name': 'Carter Rd Promenade'}, 'city': 'Vijayanagaram', 'state': ...</msg>
<var>${json_data}</var>
<arg>${response.json()}</arg>
<doc>Returns the given values which can then be assigned to a variables.</doc>
<status status="PASS" start="2024-05-12T11:12:06.778185" elapsed="0.000589"/>
</kw>
<kw name="Log" owner="BuiltIn">
<msg time="2024-05-12T11:12:06.779248" level="INFO">{'results': [{'gender': 'male', 'name': {'title': 'Mr', 'first': 'Chatura', 'last': 'Holla'}, 'location': {'street': {'number': 7885, 'name': 'Carter Rd Promenade'}, 'city': 'Vijayanagaram', 'state': 'Lakshadweep', 'country': 'India', 'postcode': 26697, 'coordinates': {'latitude': '6.3993', 'longitude': '-123.6703'}, 'timezone': {'offset': '+4:30', 'description': 'Kabul'}}, 'email': 'chatura.holla@example.com', 'login': {'uuid': '45ac2f82-0bf4-4ff6-8ec5-5e19e1aa090a', 'username': 'silvergoose421', 'password': 'trust', 'salt': 'cR8r79yW', 'md5': 'fc5e4fe8bd8e0efded20157030548b22', 'sha1': 'ea98744fb18f69a20f38c1ab1508487fbbb3ed58', 'sha256': '9b3d5bcd6043739732df48727de5473221391ce4e5a92a9dab8fa5b3b09ef55c'}, 'dob': {'date': '1995-07-21T10:41:28.882Z', 'age': 28}, 'registered': {'date': '2004-08-19T18:34:10.124Z', 'age': 19}, 'phone': '9066050612', 'cell': '7781156045', 'id': {'name': 'UIDAI', 'value': '922828273443'}, 'picture': {'large': 'https://randomuser.me/api/portraits/men/61.jpg', 'medium': 'https://randomuser.me/api/portraits/med/men/61.jpg', 'thumbnail': 'https://randomuser.me/api/portraits/thumb/men/61.jpg'}, 'nat': 'IN'}], 'info': {'seed': '0062c9d14a23b452', 'results': 1, 'page': 1, 'version': '1.4'}}</msg>
<arg>${json_data}</arg>
<doc>Logs the given message with the given level.</doc>
<status status="PASS" start="2024-05-12T11:12:06.779089" elapsed="0.000242"/>
</kw>
<kw name="Should Be String" owner="String">
<arg>${json_data['results'][0]['gender']}</arg>
<doc>Fails if the given ``item`` is not a string.</doc>
<status status="PASS" start="2024-05-12T11:12:06.779632" elapsed="0.000367"/>
</kw>
<kw name="Should Match Regexp" owner="BuiltIn">
<arg>${json_data['results'][0]['email']}</arg>
<arg>^[a-zA-Z0-9._%+-]+@[a-zA-Z0-9.-]+\.[a-zA-Z]{2,}$</arg>
<doc>Fails if ``string`` does not match ``pattern`` as a regular expression.</doc>
<status status="PASS" start="2024-05-12T11:12:06.780189" elapsed="0.000514"/>
</kw>
<kw name="Should Match Regexp" owner="BuiltIn">
<arg>${json_data['results'][0]['dob']['date']}</arg>
<arg>\\d{4}-\\d{2}-\\d{2}T\\d{2}:\\d{2}:\\d{2}\\.\\d{3}Z</arg>
<doc>Fails if ``string`` does not match ``pattern`` as a regular expression.</doc>
<status status="PASS" start="2024-05-12T11:12:06.780896" elapsed="0.000483"/>
</kw>
<kw name="Should Match Regexp" owner="BuiltIn">
<arg>${json_data['results'][0]['registered']['date']}</arg>
<arg>\\d{4}-\\d{2}-\\d{2}T\\d{2}:\\d{2}:\\d{2}\\.\\d{3}Z</arg>
<doc>Fails if ``string`` does not match ``pattern`` as a regular expression.</doc>
<status status="PASS" start="2024-05-12T11:12:06.781567" elapsed="0.000401"/>
</kw>
<kw name="Should Match Regexp" owner="BuiltIn">
<arg>${json_data['results'][0]['picture']['large']}</arg>
<arg>^https?://.*\.(?:png|jpe?g|gif|bmp)$</arg>
<doc>Fails if ``string`` does not match ``pattern`` as a regular expression.</doc>
<status status="PASS" start="2024-05-12T11:12:06.782166" elapsed="0.000459"/>
</kw>
<kw name="Should Match Regexp" owner="BuiltIn">
<arg>${json_data['results'][0]['picture']['medium']}</arg>
<arg>^https?://.*\.(?:png|jpe?g|gif|bmp)$</arg>
<doc>Fails if ``string`` does not match ``pattern`` as a regular expression.</doc>
<status status="PASS" start="2024-05-12T11:12:06.782811" elapsed="0.000357"/>
</kw>
<kw name="Should Match Regexp" owner="BuiltIn">
<arg>${json_data['results'][0]['picture']['thumbnail']}</arg>
<arg>^https?://.*\.(?:png|jpe?g|gif|bmp)$</arg>
<doc>Fails if ``string`` does not match ``pattern`` as a regular expression.</doc>
<status status="PASS" start="2024-05-12T11:12:06.783358" elapsed="0.000346"/>
</kw>
<kw name="Log" owner="BuiltIn">
<msg time="2024-05-12T11:12:06.784200" level="INFO">{'large': 'https://randomuser.me/api/portraits/men/61.jpg', 'medium': 'https://randomuser.me/api/portraits/med/men/61.jpg', 'thumbnail': 'https://randomuser.me/api/portraits/thumb/men/61.jpg'}</msg>
<arg>${json_data['results'][0]['picture']}</arg>
<doc>Logs the given message with the given level.</doc>
<status status="PASS" start="2024-05-12T11:12:06.783881" elapsed="0.000359"/>
</kw>
<status status="PASS" start="2024-05-12T11:12:06.582998" elapsed="0.201498"/>
</kw>
<kw name="Teste de Tipos de Dados - Postcode" owner="random-user-service">
<kw name="GET On Session" owner="RequestsLibrary">
<msg time="2024-05-12T11:12:06.867380" level="INFO">GET Request : url=https://randomuser.me/api 
 path_url=/api 
 headers={'User-Agent': 'python-requests/2.31.0', 'Accept-Encoding': 'gzip, deflate', 'Accept': '*/*', 'Connection': 'keep-alive'} 
 body=None 
 </msg>
<msg time="2024-05-12T11:12:06.867479" level="INFO">GET Response : url=https://randomuser.me/api 
 status=200, reason=OK 
 headers={'Date': 'Sun, 12 May 2024 11:12:06 GMT', 'Content-Type': 'application/json; charset=utf-8', 'Transfer-Encoding': 'chunked', 'Connection': 'keep-alive', 'X-Powered-By': 'Express', 'Access-Control-Allow-Origin': '*', 'Cache-Control': 'no-cache', 'ETag': 'W/"492-L7ueXZMBiJDdteTYYVL+Av8E+4c"', 'Vary': 'Accept-Encoding', 'Content-Encoding': 'gzip', 'CF-Cache-Status': 'DYNAMIC', 'Report-To': '{"endpoints":[{"url":"https:\\/\\/a.nel.cloudflare.com\\/report\\/v4?s=5DZmbixnxMDnb1XtKWEeSQYBpwLZ8dJopMsrC%2Fsikd4gTb5iZ160nz1oUSKXeZCRaT0iZvHojOvqYMa3kUwwjY9EOvfI08ve4vdacO7351%2Bq4bjE%2FWfVSH%2F%2F2nYZ1FR2"}],"group":"cf-nel","max_age":604800}', 'NEL': '{"success_fraction":0,"report_to":"cf-nel","max_age":604800}', 'Server': 'cloudflare', 'CF-RAY': '8829f8ca6be90684-IAD', 'alt-svc': 'h3=":443"; ma=86400'} 
 body={"results":[{"gender":"male","name":{"title":"Mr","first":"Tommy","last":"Sullivan"},"location":{"street":{"number":6986,"name":"Eason Rd"},"city":"Coffs Harbour","state":"South Australia","country":"Australia","postcode":6170,"coordinates":{"latitude":"-86.9220","longitude":"-25.1739"},"timezone":{"offset":"-3:00","description":"Brazil, Buenos Aires, Georgetown"}},"email":"tommy.sullivan@example.com","login":{"uuid":"ee5b3489-4a75-461e-8961-f49a6cafd54f","username":"happybird992","password":"matthew","salt":"qODvAg6X","md5":"e007a642f160b27e48fe429649750bd9","sha1":"09132e94a77f75722b0a8a531ff1c21b563d4167","sha256":"983ec4bfb617e7b737b681f7c6fb08557f9a74fa00966a1ed38391a3b028b113"},"dob":{"date":"1960-03-12T23:26:40.563Z","age":64},"registered":{"date":"2014-04-14T14:10:36.079Z","age":10},"phone":"04-7698-3299","cell":"0441-769-083","id":{"name":"TFN","value":"207486711"},"picture":{"large":"https://randomuser.me/api/portraits/men/68.jpg","medium":"https://randomuser.me/api/portraits/med/men/68.jpg","thumbnail":"https://randomuser.me/api/portraits/thumb/men/68.jpg"},"nat":"AU"}],"info":{"seed":"812718887b833a4d","results":1,"page":1,"version":"1.4"}} 
 </msg>
<msg time="2024-05-12T11:12:06.867546" level="INFO">/opt/hostedtoolcache/Python/3.12.3/x64/lib/python3.12/site-packages/urllib3/connectionpool.py:1103: InsecureRequestWarning: Unverified HTTPS request is being made to host 'randomuser.me'. Adding certificate verification is strongly advised. See: https://urllib3.readthedocs.io/en/latest/advanced-usage.html#tls-warnings
  warnings.warn(</msg>
<msg time="2024-05-12T11:12:06.867669" level="INFO">${response} = &lt;Response [200]&gt;</msg>
<var>${response}</var>
<arg>consultarAPI</arg>
<arg>/api</arg>
<doc>Sends a GET request on a previously created HTTP Session.</doc>
<status status="PASS" start="2024-05-12T11:12:06.784953" elapsed="0.082756"/>
</kw>
<kw name="Set Variable" owner="BuiltIn">
<msg time="2024-05-12T11:12:06.868917" level="INFO">${json_data} = {'results': [{'gender': 'male', 'name': {'title': 'Mr', 'first': 'Tommy', 'last': 'Sullivan'}, 'location': {'street': {'number': 6986, 'name': 'Eason Rd'}, 'city': 'Coffs Harbour', 'state': 'South Aus...</msg>
<var>${json_data}</var>
<arg>${response.json()}</arg>
<doc>Returns the given values which can then be assigned to a variables.</doc>
<status status="PASS" start="2024-05-12T11:12:06.868336" elapsed="0.000608"/>
</kw>
<kw name="Log" owner="BuiltIn">
<msg time="2024-05-12T11:12:06.869406" level="INFO">{'results': [{'gender': 'male', 'name': {'title': 'Mr', 'first': 'Tommy', 'last': 'Sullivan'}, 'location': {'street': {'number': 6986, 'name': 'Eason Rd'}, 'city': 'Coffs Harbour', 'state': 'South Australia', 'country': 'Australia', 'postcode': 6170, 'coordinates': {'latitude': '-86.9220', 'longitude': '-25.1739'}, 'timezone': {'offset': '-3:00', 'description': 'Brazil, Buenos Aires, Georgetown'}}, 'email': 'tommy.sullivan@example.com', 'login': {'uuid': 'ee5b3489-4a75-461e-8961-f49a6cafd54f', 'username': 'happybird992', 'password': 'matthew', 'salt': 'qODvAg6X', 'md5': 'e007a642f160b27e48fe429649750bd9', 'sha1': '09132e94a77f75722b0a8a531ff1c21b563d4167', 'sha256': '983ec4bfb617e7b737b681f7c6fb08557f9a74fa00966a1ed38391a3b028b113'}, 'dob': {'date': '1960-03-12T23:26:40.563Z', 'age': 64}, 'registered': {'date': '2014-04-14T14:10:36.079Z', 'age': 10}, 'phone': '04-7698-3299', 'cell': '0441-769-083', 'id': {'name': 'TFN', 'value': '207486711'}, 'picture': {'large': 'https://randomuser.me/api/portraits/men/68.jpg', 'medium': 'https://randomuser.me/api/portraits/med/men/68.jpg', 'thumbnail': 'https://randomuser.me/api/portraits/thumb/men/68.jpg'}, 'nat': 'AU'}], 'info': {'seed': '812718887b833a4d', 'results': 1, 'page': 1, 'version': '1.4'}}</msg>
<arg>${json_data}</arg>
<doc>Logs the given message with the given level.</doc>
<status status="PASS" start="2024-05-12T11:12:06.869250" elapsed="0.000237"/>
</kw>
<kw name="Should Be Equal As Numbers" owner="BuiltIn">
<arg>${json_data['results'][0]['location']['postcode']}</arg>
<arg>${json_data['results'][0]['location']['postcode']}</arg>
<doc>Fails if objects are unequal after converting them to real numbers.</doc>
<status status="PASS" start="2024-05-12T11:12:06.869785" elapsed="0.000854"/>
</kw>
<kw name="Log" owner="BuiltIn">
<msg time="2024-05-12T11:12:06.871174" level="INFO">6170</msg>
<arg>${json_data['results'][0]['location']['postcode']}</arg>
<doc>Logs the given message with the given level.</doc>
<status status="PASS" start="2024-05-12T11:12:06.870836" elapsed="0.000378"/>
</kw>
<status status="PASS" start="2024-05-12T11:12:06.784725" elapsed="0.086743"/>
</kw>
<doc>Testa se os tipos de dados na resposta da API estão corretos.</doc>
<tag>testeTiposDados</tag>
<status status="PASS" start="2024-05-12T11:12:06.582414" elapsed="0.289222"/>
</test>
<test id="s1-s1-t5" name="Validar conteudo" line="35">
<kw name="Teste de Tipos de Conteudo" owner="random-user-service">
<kw name="GET On Session" owner="RequestsLibrary">
<msg time="2024-05-12T11:12:06.918084" level="INFO">GET Request : url=https://randomuser.me/api 
 path_url=/api 
 headers={'User-Agent': 'python-requests/2.31.0', 'Accept-Encoding': 'gzip, deflate', 'Accept': '*/*', 'Connection': 'keep-alive'} 
 body=None 
 </msg>
<msg time="2024-05-12T11:12:06.918178" level="INFO">GET Response : url=https://randomuser.me/api 
 status=200, reason=OK 
 headers={'Date': 'Sun, 12 May 2024 11:12:06 GMT', 'Content-Type': 'application/json; charset=utf-8', 'Transfer-Encoding': 'chunked', 'Connection': 'keep-alive', 'X-Powered-By': 'Express', 'Access-Control-Allow-Origin': '*', 'Cache-Control': 'no-cache', 'ETag': 'W/"488-L4w5X3uWh4c1iv+FJXOZsgmjA8s"', 'Vary': 'Accept-Encoding', 'Content-Encoding': 'gzip', 'CF-Cache-Status': 'DYNAMIC', 'Report-To': '{"endpoints":[{"url":"https:\\/\\/a.nel.cloudflare.com\\/report\\/v4?s=2qDaDsCEMy6Ci87W%2BWzHrPdt5Hb1G9MdgOQsSIBSb%2F5bOhlBAsGeWrK%2FXD3XyZeHvbeXfSyf9h%2Bve7rwLYElou%2BDTRqFKr2tzpA3EtdhKfgOu%2FbwjfImiSc1xGUk9FXZ"}],"group":"cf-nel","max_age":604800}', 'NEL': '{"success_fraction":0,"report_to":"cf-nel","max_age":604800}', 'Server': 'cloudflare', 'CF-RAY': '8829f8cafc2e0684-IAD', 'alt-svc': 'h3=":443"; ma=86400'} 
 body={"results":[{"gender":"male","name":{"title":"Mr","first":"Valtteri","last":"Remes"},"location":{"street":{"number":1398,"name":"Myllypuronkatu"},"city":"Miehikkälä","state":"Southern Savonia","country":"Finland","postcode":68537,"coordinates":{"latitude":"-22.4704","longitude":"-149.6945"},"timezone":{"offset":"+3:30","description":"Tehran"}},"email":"valtteri.remes@example.com","login":{"uuid":"ec9278da-02a5-43a8-a769-7dfe766bba1b","username":"happymouse505","password":"hollywood","salt":"ckQwoPGj","md5":"64cb204370e67e6b0fe27dcf448eec59","sha1":"a756189524b7579ff63a8be5aca401d04d3a66aa","sha256":"89c467097101fe3ec03fcd872a81002f6b2777ccc5f721dc56a3fdb51533af54"},"dob":{"date":"1991-04-29T17:29:17.750Z","age":33},"registered":{"date":"2021-06-07T15:58:41.987Z","age":2},"phone":"05-337-660","cell":"047-547-69-08","id":{"name":"HETU","value":"NaNNA967undefined"},"picture":{"large":"https://randomuser.me/api/portraits/men/88.jpg","medium":"https://randomuser.me/api/portraits/med/men/88.jpg","thumbnail":"https://randomuser.me/api/portraits/thumb/men/88.jpg"},"nat":"FI"}],"info":{"seed":"9c50c27a6e3adfbb","results":1,"page":1,"version":"1.4"}} 
 </msg>
<msg time="2024-05-12T11:12:06.918253" level="INFO">/opt/hostedtoolcache/Python/3.12.3/x64/lib/python3.12/site-packages/urllib3/connectionpool.py:1103: InsecureRequestWarning: Unverified HTTPS request is being made to host 'randomuser.me'. Adding certificate verification is strongly advised. See: https://urllib3.readthedocs.io/en/latest/advanced-usage.html#tls-warnings
  warnings.warn(</msg>
<msg time="2024-05-12T11:12:06.918354" level="INFO">${response} = &lt;Response [200]&gt;</msg>
<var>${response}</var>
<arg>consultarAPI</arg>
<arg>/api</arg>
<doc>Sends a GET request on a previously created HTTP Session.</doc>
<status status="PASS" start="2024-05-12T11:12:06.874177" elapsed="0.044217"/>
</kw>
<kw name="Set Variable" owner="BuiltIn">
<msg time="2024-05-12T11:12:06.919486" level="INFO">${json_data} = {'results': [{'gender': 'male', 'name': {'title': 'Mr', 'first': 'Valtteri', 'last': 'Remes'}, 'location': {'street': {'number': 1398, 'name': 'Myllypuronkatu'}, 'city': 'Miehikkälä', 'state': 'Southe...</msg>
<var>${json_data}</var>
<arg>${response.json()}</arg>
<doc>Returns the given values which can then be assigned to a variables.</doc>
<status status="PASS" start="2024-05-12T11:12:06.918913" elapsed="0.000602"/>
</kw>
<kw name="Set Variable" owner="BuiltIn">
<msg time="2024-05-12T11:12:06.920205" level="INFO">${name_title} = Mr</msg>
<var>${name_title}</var>
<arg>${json_data["results"][0]["name"]["title"]}</arg>
<doc>Returns the given values which can then be assigned to a variables.</doc>
<status status="PASS" start="2024-05-12T11:12:06.919821" elapsed="0.000409"/>
</kw>
<kw name="Create List" owner="BuiltIn">
<msg time="2024-05-12T11:12:06.920677" level="INFO">${allowed_titles} = ['Mr', 'Ms', 'Miss', 'Mrs', 'Madame', 'Monsieur']</msg>
<var>${allowed_titles}</var>
<arg>Mr</arg>
<arg>Ms</arg>
<arg>Miss</arg>
<arg>Mrs</arg>
<arg>Madame</arg>
<arg>Monsieur</arg>
<doc>Returns a list containing given items.</doc>
<status status="PASS" start="2024-05-12T11:12:06.920528" elapsed="0.000173"/>
</kw>
<kw name="List Should Contain Value" owner="Collections">
<msg time="2024-05-12T11:12:06.921168" level="INFO">False</msg>
<arg>${allowed_titles}</arg>
<arg>${name_title}</arg>
<doc>Fails if the ``value`` is not found from ``list``.</doc>
<status status="PASS" start="2024-05-12T11:12:06.920997" elapsed="0.000207"/>
</kw>
<kw name="Set Variable" owner="BuiltIn">
<msg time="2024-05-12T11:12:06.921867" level="INFO">${name_country} = FI</msg>
<var>${name_country}</var>
<arg>${json_data["results"][0]["nat"]}</arg>
<doc>Returns the given values which can then be assigned to a variables.</doc>
<status status="PASS" start="2024-05-12T11:12:06.921491" elapsed="0.000401"/>
</kw>
<kw name="Create List" owner="BuiltIn">
<msg time="2024-05-12T11:12:06.922823" level="INFO">${list_country} = ['AD', 'AE', 'AF', 'AG', 'AI', 'AL', 'AM', 'AO', 'AQ', 'AR', 'AS', 'AT', 'AU', 'AW', 'AX', 'AZ', 'BA', 'BB', 'BD', 'BE', 'BF', 'BG', 'BH', 'BI', 'BJ', 'BL', 'BM', 'BN', 'BO', 'BQ', 'BR', 'BS', 'BT', '...</msg>
<var>${list_country}</var>
<arg>AD</arg>
<arg>AE</arg>
<arg>AF</arg>
<arg>AG</arg>
<arg>AI</arg>
<arg>AL</arg>
<arg>AM</arg>
<arg>AO</arg>
<arg>AQ</arg>
<arg>AR</arg>
<arg>AS</arg>
<arg>AT</arg>
<arg>AU</arg>
<arg>AW</arg>
<arg>AX</arg>
<arg>AZ</arg>
<arg>BA</arg>
<arg>BB</arg>
<arg>BD</arg>
<arg>BE</arg>
<arg>BF</arg>
<arg>BG</arg>
<arg>BH</arg>
<arg>BI</arg>
<arg>BJ</arg>
<arg>BL</arg>
<arg>BM</arg>
<arg>BN</arg>
<arg>BO</arg>
<arg>BQ</arg>
<arg>BR</arg>
<arg>BS</arg>
<arg>BT</arg>
<arg>BV</arg>
<arg>BW</arg>
<arg>BY</arg>
<arg>BZ</arg>
<arg>CA</arg>
<arg>CC</arg>
<arg>CD</arg>
<arg>CF</arg>
<arg>CG</arg>
<arg>CH</arg>
<arg>CI</arg>
<arg>CK</arg>
<arg>CL</arg>
<arg>CM</arg>
<arg>CN</arg>
<arg>CO</arg>
<arg>CR</arg>
<arg>CU</arg>
<arg>CV</arg>
<arg>CW</arg>
<arg>CX</arg>
<arg>CY</arg>
<arg>CZ</arg>
<arg>DE</arg>
<arg>DJ</arg>
<arg>DK</arg>
<arg>DM</arg>
<arg>DO</arg>
<arg>DZ</arg>
<arg>EC</arg>
<arg>EE</arg>
<arg>EG</arg>
<arg>EH</arg>
<arg>ER</arg>
<arg>ES</arg>
<arg>ET</arg>
<arg>FI</arg>
<arg>FJ</arg>
<arg>FK</arg>
<arg>FM</arg>
<arg>FO</arg>
<arg>FR</arg>
<arg>GA</arg>
<arg>GB</arg>
<arg>GD</arg>
<arg>GE</arg>
<arg>GF</arg>
<arg>GG</arg>
<arg>GH</arg>
<arg>GI</arg>
<arg>GL</arg>
<arg>GM</arg>
<arg>GN</arg>
<arg>GP</arg>
<arg>GQ</arg>
<arg>GR</arg>
<arg>GS</arg>
<arg>GT</arg>
<arg>GU</arg>
<arg>GW</arg>
<arg>GY</arg>
<arg>HK</arg>
<arg>HM</arg>
<arg>HN</arg>
<arg>HR</arg>
<arg>HT</arg>
<arg>HU</arg>
<arg>ID</arg>
<arg>IE</arg>
<arg>IL</arg>
<arg>IM</arg>
<arg>IN</arg>
<arg>IO</arg>
<arg>IQ</arg>
<arg>IR</arg>
<arg>IS</arg>
<arg>IT</arg>
<arg>JE</arg>
<arg>JM</arg>
<arg>JO</arg>
<arg>JP</arg>
<arg>KE</arg>
<arg>KG</arg>
<arg>KH</arg>
<arg>KI</arg>
<arg>KM</arg>
<arg>KN</arg>
<arg>KP</arg>
<arg>KR</arg>
<arg>KW</arg>
<arg>KY</arg>
<arg>KZ</arg>
<arg>LA</arg>
<arg>LB</arg>
<arg>LC</arg>
<arg>LI</arg>
<arg>LK</arg>
<arg>LR</arg>
<arg>LS</arg>
<arg>LT</arg>
<arg>LU</arg>
<arg>LV</arg>
<arg>LY</arg>
<arg>MA</arg>
<arg>MC</arg>
<arg>MD</arg>
<arg>ME</arg>
<arg>MF</arg>
<arg>MG</arg>
<arg>MH</arg>
<arg>MK</arg>
<arg>ML</arg>
<arg>MM</arg>
<arg>MN</arg>
<arg>MO</arg>
<arg>MP</arg>
<arg>MQ</arg>
<arg>MR</arg>
<arg>MS</arg>
<arg>MT</arg>
<arg>MU</arg>
<arg>MV</arg>
<arg>MW</arg>
<arg>MX</arg>
<arg>MY</arg>
<arg>MZ</arg>
<arg>NA</arg>
<arg>NC</arg>
<arg>NE</arg>
<arg>NF</arg>
<arg>NG</arg>
<arg>NI</arg>
<arg>NL</arg>
<arg>NO</arg>
<arg>NP</arg>
<arg>NR</arg>
<arg>NU</arg>
<arg>NZ</arg>
<arg>OM</arg>
<arg>PA</arg>
<arg>PE</arg>
<arg>PF</arg>
<arg>PG</arg>
<arg>PH</arg>
<arg>PK</arg>
<arg>PL</arg>
<arg>PM</arg>
<arg>PN</arg>
<arg>PR</arg>
<arg>PS</arg>
<arg>PT</arg>
<arg>PW</arg>
<arg>PY</arg>
<arg>QA</arg>
<arg>RE</arg>
<arg>RO</arg>
<arg>RS</arg>
<arg>RU</arg>
<arg>RW</arg>
<arg>SA</arg>
<arg>SB</arg>
<arg>SC</arg>
<arg>SD</arg>
<arg>SE</arg>
<arg>SG</arg>
<arg>SH</arg>
<arg>SI</arg>
<arg>SJ</arg>
<arg>SK</arg>
<arg>SL</arg>
<arg>SM</arg>
<arg>SN</arg>
<arg>SO</arg>
<arg>SR</arg>
<arg>SS</arg>
<arg>ST</arg>
<arg>SV</arg>
<arg>SX</arg>
<arg>SY</arg>
<arg>SZ</arg>
<arg>TC</arg>
<arg>TD</arg>
<arg>TF</arg>
<arg>TG</arg>
<arg>TH</arg>
<arg>TJ</arg>
<arg>TK</arg>
<arg>TL</arg>
<arg>TM</arg>
<arg>TN</arg>
<arg>TO</arg>
<arg>TR</arg>
<arg>TT</arg>
<arg>TV</arg>
<arg>TW</arg>
<arg>TZ</arg>
<arg>UA</arg>
<arg>UG</arg>
<arg>UM</arg>
<arg>US</arg>
<arg>UY</arg>
<arg>UZ</arg>
<arg>VA</arg>
<arg>VC</arg>
<arg>VE</arg>
<arg>VG</arg>
<arg>VI</arg>
<arg>VN</arg>
<arg>VU</arg>
<arg>WF</arg>
<arg>WS</arg>
<arg>XK</arg>
<arg>YE</arg>
<arg>YT</arg>
<arg>ZA</arg>
<arg>ZM</arg>
<arg>ZW</arg>
<doc>Returns a list containing given items.</doc>
<status status="PASS" start="2024-05-12T11:12:06.922239" elapsed="0.000608"/>
</kw>
<kw name="List Should Contain Value" owner="Collections">
<msg time="2024-05-12T11:12:06.923829" level="INFO">False</msg>
<arg>${list_country}</arg>
<arg>${name_country}</arg>
<doc>Fails if the ``value`` is not found from ``list``.</doc>
<status status="PASS" start="2024-05-12T11:12:06.923633" elapsed="0.000231"/>
</kw>
<kw name="Run Keyword If" owner="BuiltIn">
<kw name="Should Be True" owner="BuiltIn">
<arg>${True}</arg>
<doc>Fails if the given condition is not true.</doc>
<status status="PASS" start="2024-05-12T11:12:06.924915" elapsed="0.000143"/>
</kw>
<arg>${json_data["results"][0]["location"]["coordinates"]["latitude"]} &gt;= -90 and ${json_data["results"][0]["location"]["coordinates"]["latitude"]} &lt;= 90</arg>
<arg>Should Be True</arg>
<arg>${True}</arg>
<doc>Runs the given keyword with the given arguments, if ``condition`` is true.</doc>
<status status="PASS" start="2024-05-12T11:12:06.924171" elapsed="0.001011"/>
</kw>
<kw name="Run Keyword If" owner="BuiltIn">
<kw name="Should Be True" owner="BuiltIn">
<arg>${True}</arg>
<doc>Fails if the given condition is not true.</doc>
<status status="PASS" start="2024-05-12T11:12:06.926082" elapsed="0.000250"/>
</kw>
<arg>${json_data["results"][0]["location"]["coordinates"]["longitude"]} &gt;= -180 and ${json_data["results"][0]["location"]["coordinates"]["longitude"]} &lt;= 180</arg>
<arg>Should Be True</arg>
<arg>${True}</arg>
<doc>Runs the given keyword with the given arguments, if ``condition`` is true.</doc>
<status status="PASS" start="2024-05-12T11:12:06.925363" elapsed="0.001095"/>
</kw>
<status status="PASS" start="2024-05-12T11:12:06.873943" elapsed="0.052647"/>
</kw>
<doc>Testa o conteúdo específico dos campos retornados pela API.</doc>
<tag>testeConteudo</tag>
<status status="PASS" start="2024-05-12T11:12:06.873388" elapsed="0.053351"/>
</test>
<status status="PASS" start="2024-05-12T11:12:04.772836" elapsed="2.155874"/>
</suite>
<status status="PASS" start="2024-05-12T11:12:04.759061" elapsed="2.174891"/>
</suite>
<statistics>
<total>
<stat pass="5" fail="0" skip="0">All Tests</stat>
</total>
<tag>
<stat pass="1" fail="0" skip="0">testeConteudo</stat>
<stat pass="1" fail="0" skip="0">testeEstruturaResposta</stat>
<stat pass="1" fail="0" skip="0">testeRequisicaoBasica</stat>
<stat pass="1" fail="0" skip="0">testeTiposDados</stat>
</tag>
<suite>
<stat pass="5" fail="0" skip="0" id="s1" name="Tests">Tests</stat>
<stat pass="5" fail="0" skip="0" id="s1-s1" name="Random-User-Test">Tests.Random-User-Test</stat>
</suite>
</statistics>
<errors>
</errors>
</robot>
