<?xml version="1.0" encoding="UTF-8"?>
<robot generator="Robot 7.0.1 (Python 3.12.4 on linux)" generated="2024-07-12T22:13:56.915224" rpa="false" schemaversion="5">
<suite id="s1" name="Tests" source="/home/runner/work/ApiRandomUser/ApiRandomUser/RamdonUser/tests">
<suite id="s1-s1" name="Random-User-Test" source="/home/runner/work/ApiRandomUser/ApiRandomUser/RamdonUser/tests/random-user-test.robot">
<test id="s1-s1-t1" name="Conectar" line="13">
<kw name="Conectar API" owner="random-user-service">
<kw name="Create Session" owner="RequestsLibrary">
<msg time="2024-07-12T22:13:57.320837" level="INFO">Creating Session using : alias=consultarAPI, url=https://randomuser.me/, headers={},                     cookies={}, auth=None, timeout=None, proxies=None, verify=False,                     debug=0 </msg>
<arg>consultarAPI</arg>
<arg>${URL}</arg>
<doc>Create Session: create a HTTP session to a server</doc>
<status status="PASS" start="2024-07-12T22:13:57.320635" elapsed="0.000379"/>
</kw>
<status status="PASS" start="2024-07-12T22:13:57.319643" elapsed="0.001731"/>
</kw>
<status status="PASS" start="2024-07-12T22:13:57.319094" elapsed="0.002468"/>
</test>
<test id="s1-s1-t2" name="Validar retorno 200 e JSON Válido" line="16">
<kw name="Teste de Requisicao Basica" owner="random-user-service">
<kw name="GET On Session" owner="RequestsLibrary">
<msg time="2024-07-12T22:13:57.584707" level="INFO">GET Request : url=https://randomuser.me/api 
 path_url=/api 
 headers={'User-Agent': 'python-requests/2.32.3', 'Accept-Encoding': 'gzip, deflate', 'Accept': '*/*', 'Connection': 'keep-alive'} 
 body=None 
 </msg>
<msg time="2024-07-12T22:13:57.584852" level="INFO">GET Response : url=https://randomuser.me/api 
 status=200, reason=OK 
 headers={'Date': 'Fri, 12 Jul 2024 22:13:57 GMT', 'Content-Type': 'application/json; charset=utf-8', 'Transfer-Encoding': 'chunked', 'Connection': 'keep-alive', 'X-Powered-By': 'Express', 'Access-Control-Allow-Origin': '*', 'Cache-Control': 'no-cache', 'ETag': 'W/"47d-GkPpyn6x+R8fvrFeoiTPsiHtZvc"', 'Vary': 'Accept-Encoding', 'Content-Encoding': 'gzip', 'CF-Cache-Status': 'DYNAMIC', 'Report-To': '{"endpoints":[{"url":"https:\\/\\/a.nel.cloudflare.com\\/report\\/v4?s=SRepK3u17%2BbP8S7Qb3wjZUB2gbo0datwlO%2F%2FZ%2Bq7hTvOKl%2Bd6rL1XGm%2FrrauSmwq8%2BNMfKMt6iMPtha340MDJIbGqHX1OhzFfgyjtN%2Bs1WkkYTvjSXHDnPNgErU8nBHs"}],"group":"cf-nel","max_age":604800}', 'NEL': '{"success_fraction":0,"report_to":"cf-nel","max_age":604800}', 'Server': 'cloudflare', 'CF-RAY': '8a24622a4a4508f2-LAX', 'alt-svc': 'h3=":443"; ma=86400'} 
 body={"results":[{"gender":"female","name":{"title":"Ms","first":"Andrea","last":"Jensen"},"location":{"street":{"number":1428,"name":"Rypevej"},"city":"Aarhus","state":"Danmark","country":"Denmark","postcode":17150,"coordinates":{"latitude":"-40.1251","longitude":"171.5698"},"timezone":{"offset":"-8:00","description":"Pacific Time (US &amp; Canada)"}},"email":"andrea.jensen@example.com","login":{"uuid":"13d22a00-1b68-4c35-8769-62153b8c7e61","username":"purplegorilla260","password":"glenn","salt":"RzGVpvGC","md5":"799656da39100b6174b160db9d7eba6a","sha1":"baf89b31a0833b431da991dd3b4e9913a2c14cc4","sha256":"9aff1c763c079d733c95c070aaeb43dea03a171a807b2fc4d5fc8476a70f0026"},"dob":{"date":"1951-09-02T11:08:03.075Z","age":72},"registered":{"date":"2008-11-29T19:47:16.457Z","age":15},"phone":"75749418","cell":"22731277","id":{"name":"CPR","value":"020951-0238"},"picture":{"large":"https://randomuser.me/api/portraits/women/24.jpg","medium":"https://randomuser.me/api/portraits/med/women/24.jpg","thumbnail":"https://randomuser.me/api/portraits/thumb/women/24.jpg"},"nat":"DK"}],"info":{"seed":"d02729e9b51b0f25","results":1,"page":1,"version":"1.4"}} 
 </msg>
<msg time="2024-07-12T22:13:57.584941" level="INFO">/opt/hostedtoolcache/Python/3.12.4/x64/lib/python3.12/site-packages/urllib3/connectionpool.py:1099: InsecureRequestWarning: Unverified HTTPS request is being made to host 'randomuser.me'. Adding certificate verification is strongly advised. See: https://urllib3.readthedocs.io/en/latest/advanced-usage.html#tls-warnings
  warnings.warn(</msg>
<msg time="2024-07-12T22:13:57.585074" level="INFO">${response} = &lt;Response [200]&gt;</msg>
<var>${response}</var>
<arg>consultarAPI</arg>
<arg>/api</arg>
<doc>Sends a GET request on a previously created HTTP Session.</doc>
<status status="PASS" start="2024-07-12T22:13:57.324169" elapsed="0.260945"/>
</kw>
<kw name="Should Be Equal As Numbers" owner="BuiltIn">
<msg time="2024-07-12T22:13:57.586117" level="INFO">Argument types are:
&lt;class 'int'&gt;
&lt;class 'str'&gt;</msg>
<arg>${response.status_code}</arg>
<arg>200</arg>
<doc>Fails if objects are unequal after converting them to real numbers.</doc>
<status status="PASS" start="2024-07-12T22:13:57.585666" elapsed="0.000514"/>
</kw>
<kw name="Log" owner="BuiltIn">
<msg time="2024-07-12T22:13:57.586833" level="INFO">200</msg>
<arg>${response.status_code}</arg>
<doc>Logs the given message with the given level.</doc>
<status status="PASS" start="2024-07-12T22:13:57.586487" elapsed="0.000386"/>
</kw>
<kw name="Set Variable" owner="BuiltIn">
<msg time="2024-07-12T22:13:57.587584" level="INFO">${json_data} = {'results': [{'gender': 'female', 'name': {'title': 'Ms', 'first': 'Andrea', 'last': 'Jensen'}, 'location': {'street': {'number': 1428, 'name': 'Rypevej'}, 'city': 'Aarhus', 'state': 'Danmark', 'count...</msg>
<var>${json_data}</var>
<arg>${response.json()}</arg>
<doc>Returns the given values which can then be assigned to a variables.</doc>
<status status="PASS" start="2024-07-12T22:13:57.587166" elapsed="0.000445"/>
</kw>
<kw name="Dictionary Should Contain Key" owner="Collections">
<arg>${json_data}</arg>
<arg>results</arg>
<doc>Fails if ``key`` is not found from ``dictionary``.</doc>
<status status="PASS" start="2024-07-12T22:13:57.587899" elapsed="0.000196"/>
</kw>
<status status="PASS" start="2024-07-12T22:13:57.323886" elapsed="0.264360"/>
</kw>
<doc>Testa se a API responde corretamente e retorna um objeto JSON válido.</doc>
<tag>testeRequisicaoBasica</tag>
<status status="PASS" start="2024-07-12T22:13:57.323420" elapsed="0.265004"/>
</test>
<test id="s1-s1-t3" name="Validar estrutura de resposta" line="22">
<kw name="Teste de Estrutura de Resposta" owner="random-user-service">
<kw name="GET On Session" owner="RequestsLibrary">
<msg time="2024-07-12T22:13:57.690774" level="INFO">GET Request : url=https://randomuser.me/api 
 path_url=/api 
 headers={'User-Agent': 'python-requests/2.32.3', 'Accept-Encoding': 'gzip, deflate', 'Accept': '*/*', 'Connection': 'keep-alive'} 
 body=None 
 </msg>
<msg time="2024-07-12T22:13:57.690884" level="INFO">GET Response : url=https://randomuser.me/api 
 status=200, reason=OK 
 headers={'Date': 'Fri, 12 Jul 2024 22:13:57 GMT', 'Content-Type': 'application/json; charset=utf-8', 'Transfer-Encoding': 'chunked', 'Connection': 'keep-alive', 'X-Powered-By': 'Express', 'Access-Control-Allow-Origin': '*', 'Cache-Control': 'no-cache', 'ETag': 'W/"496-zX0BaAsEg/vUhy5Kl0acFe/mPpE"', 'Vary': 'Accept-Encoding', 'Content-Encoding': 'gzip', 'CF-Cache-Status': 'DYNAMIC', 'Report-To': '{"endpoints":[{"url":"https:\\/\\/a.nel.cloudflare.com\\/report\\/v4?s=UxR4Q2Y3Cr3FfYCqeTnciNr1m0%2B1SmY06HQRRYxH0xO8D%2FTJ5ONewcIEnYaOM0S9SuInAYJO6PIEoS8K6l%2FH7DUwagFW1D1BvX95LlDKQb0JEP0ExHP%2FqHqJ2M8iUKsM"}],"group":"cf-nel","max_age":604800}', 'NEL': '{"success_fraction":0,"report_to":"cf-nel","max_age":604800}', 'Server': 'cloudflare', 'CF-RAY': '8a24622afb2a08f2-LAX', 'alt-svc': 'h3=":443"; ma=86400'} 
 body={"results":[{"gender":"female","name":{"title":"Mrs","first":"Sarita","last":"Mardhekar"},"location":{"street":{"number":2307,"name":"Bannerghatta Rd"},"city":"Dharmavaram","state":"Madhya Pradesh","country":"India","postcode":32983,"coordinates":{"latitude":"9.0852","longitude":"98.8541"},"timezone":{"offset":"+2:00","description":"Kaliningrad, South Africa"}},"email":"sarita.mardhekar@example.com","login":{"uuid":"b8583048-40bc-43dc-acff-a0e6d45506e8","username":"whitemouse152","password":"zhuan","salt":"aTVo1V3W","md5":"aa0b2ac4556182679087e7fb84670df0","sha1":"2493992898a45c4c80536756162ac62d88e9862a","sha256":"5520ca6c8766dfec8f18d67d8e04fda808a4a77d14a2ce0d9fe25b15e71e2114"},"dob":{"date":"1997-04-06T01:40:01.639Z","age":27},"registered":{"date":"2010-09-22T17:45:17.358Z","age":13},"phone":"7330395610","cell":"7286834562","id":{"name":"UIDAI","value":"327922885254"},"picture":{"large":"https://randomuser.me/api/portraits/women/83.jpg","medium":"https://randomuser.me/api/portraits/med/women/83.jpg","thumbnail":"https://randomuser.me/api/portraits/thumb/women/83.jpg"},"nat":"IN"}],"info":{"seed":"9dbb05a6feafa7c7","results":1,"page":1,"version":"1.4"}} 
 </msg>
<msg time="2024-07-12T22:13:57.691026" level="INFO">/opt/hostedtoolcache/Python/3.12.4/x64/lib/python3.12/site-packages/urllib3/connectionpool.py:1099: InsecureRequestWarning: Unverified HTTPS request is being made to host 'randomuser.me'. Adding certificate verification is strongly advised. See: https://urllib3.readthedocs.io/en/latest/advanced-usage.html#tls-warnings
  warnings.warn(</msg>
<msg time="2024-07-12T22:13:57.691155" level="INFO">${response} = &lt;Response [200]&gt;</msg>
<var>${response}</var>
<arg>consultarAPI</arg>
<arg>/api</arg>
<doc>Sends a GET request on a previously created HTTP Session.</doc>
<status status="PASS" start="2024-07-12T22:13:57.590978" elapsed="0.100223"/>
</kw>
<kw name="Set Variable" owner="BuiltIn">
<msg time="2024-07-12T22:13:57.692235" level="INFO">${json_data} = {'results': [{'gender': 'female', 'name': {'title': 'Mrs', 'first': 'Sarita', 'last': 'Mardhekar'}, 'location': {'street': {'number': 2307, 'name': 'Bannerghatta Rd'}, 'city': 'Dharmavaram', 'state': ...</msg>
<var>${json_data}</var>
<arg>${response.json()}</arg>
<doc>Returns the given values which can then be assigned to a variables.</doc>
<status status="PASS" start="2024-07-12T22:13:57.691688" elapsed="0.000576"/>
</kw>
<kw name="Log" owner="BuiltIn">
<msg time="2024-07-12T22:13:57.692762" level="INFO">{'results': [{'gender': 'female', 'name': {'title': 'Mrs', 'first': 'Sarita', 'last': 'Mardhekar'}, 'location': {'street': {'number': 2307, 'name': 'Bannerghatta Rd'}, 'city': 'Dharmavaram', 'state': 'Madhya Pradesh', 'country': 'India', 'postcode': 32983, 'coordinates': {'latitude': '9.0852', 'longitude': '98.8541'}, 'timezone': {'offset': '+2:00', 'description': 'Kaliningrad, South Africa'}}, 'email': 'sarita.mardhekar@example.com', 'login': {'uuid': 'b8583048-40bc-43dc-acff-a0e6d45506e8', 'username': 'whitemouse152', 'password': 'zhuan', 'salt': 'aTVo1V3W', 'md5': 'aa0b2ac4556182679087e7fb84670df0', 'sha1': '2493992898a45c4c80536756162ac62d88e9862a', 'sha256': '5520ca6c8766dfec8f18d67d8e04fda808a4a77d14a2ce0d9fe25b15e71e2114'}, 'dob': {'date': '1997-04-06T01:40:01.639Z', 'age': 27}, 'registered': {'date': '2010-09-22T17:45:17.358Z', 'age': 13}, 'phone': '7330395610', 'cell': '7286834562', 'id': {'name': 'UIDAI', 'value': '327922885254'}, 'picture': {'large': 'https://randomuser.me/api/portraits/women/83.jpg', 'medium': 'https://randomuser.me/api/portraits/med/women/83.jpg', 'thumbnail': 'https://randomuser.me/api/portraits/thumb/women/83.jpg'}, 'nat': 'IN'}], 'info': {'seed': '9dbb05a6feafa7c7', 'results': 1, 'page': 1, 'version': '1.4'}}</msg>
<arg>${json_data}</arg>
<doc>Logs the given message with the given level.</doc>
<status status="PASS" start="2024-07-12T22:13:57.692574" elapsed="0.000236"/>
</kw>
<kw name="Dictionary Should Contain Key" owner="Collections">
<arg>${json_data}</arg>
<arg>results</arg>
<doc>Fails if ``key`` is not found from ``dictionary``.</doc>
<status status="PASS" start="2024-07-12T22:13:57.693097" elapsed="0.000153"/>
</kw>
<kw name="Should Not Be Empty" owner="BuiltIn">
<msg time="2024-07-12T22:13:57.693555" level="INFO">Length is 2.</msg>
<arg>${json_data}</arg>
<doc>Verifies that the given item is not empty.</doc>
<status status="PASS" start="2024-07-12T22:13:57.693425" elapsed="0.000169"/>
</kw>
<kw name="Create List" owner="BuiltIn">
<msg time="2024-07-12T22:13:57.694219" level="INFO">${expected_keys} = ['gender', 'name', 'location', 'email', 'login']</msg>
<var>${expected_keys}</var>
<arg>gender</arg>
<arg>name</arg>
<arg>location</arg>
<arg>email</arg>
<arg>login</arg>
<doc>Returns a list containing given items.</doc>
<status status="PASS" start="2024-07-12T22:13:57.693902" elapsed="0.000342"/>
</kw>
<for flavor="IN">
<iter>
<kw name="Dictionary Should Contain Key" owner="Collections">
<arg>${json_data['results'][0]}</arg>
<arg>${key}</arg>
<doc>Fails if ``key`` is not found from ``dictionary``.</doc>
<status status="PASS" start="2024-07-12T22:13:57.694814" elapsed="0.000398"/>
</kw>
<kw name="Log" owner="BuiltIn">
<msg time="2024-07-12T22:13:57.695747" level="INFO">{'gender': 'female', 'name': {'title': 'Mrs', 'first': 'Sarita', 'last': 'Mardhekar'}, 'location': {'street': {'number': 2307, 'name': 'Bannerghatta Rd'}, 'city': 'Dharmavaram', 'state': 'Madhya Pradesh', 'country': 'India', 'postcode': 32983, 'coordinates': {'latitude': '9.0852', 'longitude': '98.8541'}, 'timezone': {'offset': '+2:00', 'description': 'Kaliningrad, South Africa'}}, 'email': 'sarita.mardhekar@example.com', 'login': {'uuid': 'b8583048-40bc-43dc-acff-a0e6d45506e8', 'username': 'whitemouse152', 'password': 'zhuan', 'salt': 'aTVo1V3W', 'md5': 'aa0b2ac4556182679087e7fb84670df0', 'sha1': '2493992898a45c4c80536756162ac62d88e9862a', 'sha256': '5520ca6c8766dfec8f18d67d8e04fda808a4a77d14a2ce0d9fe25b15e71e2114'}, 'dob': {'date': '1997-04-06T01:40:01.639Z', 'age': 27}, 'registered': {'date': '2010-09-22T17:45:17.358Z', 'age': 13}, 'phone': '7330395610', 'cell': '7286834562', 'id': {'name': 'UIDAI', 'value': '327922885254'}, 'picture': {'large': 'https://randomuser.me/api/portraits/women/83.jpg', 'medium': 'https://randomuser.me/api/portraits/med/women/83.jpg', 'thumbnail': 'https://randomuser.me/api/portraits/thumb/women/83.jpg'}, 'nat': 'IN'}</msg>
<arg>${json_data['results'][0]}</arg>
<doc>Logs the given message with the given level.</doc>
<status status="PASS" start="2024-07-12T22:13:57.695396" elapsed="0.000399"/>
</kw>
<kw name="Log" owner="BuiltIn">
<msg time="2024-07-12T22:13:57.696257" level="INFO">gender</msg>
<arg>${key}</arg>
<doc>Logs the given message with the given level.</doc>
<status status="PASS" start="2024-07-12T22:13:57.696127" elapsed="0.000168"/>
</kw>
<var name="${key}">gender</var>
<status status="PASS" start="2024-07-12T22:13:57.694694" elapsed="0.001812"/>
</iter>
<iter>
<kw name="Dictionary Should Contain Key" owner="Collections">
<arg>${json_data['results'][0]}</arg>
<arg>${key}</arg>
<doc>Fails if ``key`` is not found from ``dictionary``.</doc>
<status status="PASS" start="2024-07-12T22:13:57.696794" elapsed="0.000380"/>
</kw>
<kw name="Log" owner="BuiltIn">
<msg time="2024-07-12T22:13:57.697687" level="INFO">{'gender': 'female', 'name': {'title': 'Mrs', 'first': 'Sarita', 'last': 'Mardhekar'}, 'location': {'street': {'number': 2307, 'name': 'Bannerghatta Rd'}, 'city': 'Dharmavaram', 'state': 'Madhya Pradesh', 'country': 'India', 'postcode': 32983, 'coordinates': {'latitude': '9.0852', 'longitude': '98.8541'}, 'timezone': {'offset': '+2:00', 'description': 'Kaliningrad, South Africa'}}, 'email': 'sarita.mardhekar@example.com', 'login': {'uuid': 'b8583048-40bc-43dc-acff-a0e6d45506e8', 'username': 'whitemouse152', 'password': 'zhuan', 'salt': 'aTVo1V3W', 'md5': 'aa0b2ac4556182679087e7fb84670df0', 'sha1': '2493992898a45c4c80536756162ac62d88e9862a', 'sha256': '5520ca6c8766dfec8f18d67d8e04fda808a4a77d14a2ce0d9fe25b15e71e2114'}, 'dob': {'date': '1997-04-06T01:40:01.639Z', 'age': 27}, 'registered': {'date': '2010-09-22T17:45:17.358Z', 'age': 13}, 'phone': '7330395610', 'cell': '7286834562', 'id': {'name': 'UIDAI', 'value': '327922885254'}, 'picture': {'large': 'https://randomuser.me/api/portraits/women/83.jpg', 'medium': 'https://randomuser.me/api/portraits/med/women/83.jpg', 'thumbnail': 'https://randomuser.me/api/portraits/thumb/women/83.jpg'}, 'nat': 'IN'}</msg>
<arg>${json_data['results'][0]}</arg>
<doc>Logs the given message with the given level.</doc>
<status status="PASS" start="2024-07-12T22:13:57.697349" elapsed="0.000419"/>
</kw>
<kw name="Log" owner="BuiltIn">
<msg time="2024-07-12T22:13:57.698186" level="INFO">name</msg>
<arg>${key}</arg>
<doc>Logs the given message with the given level.</doc>
<status status="PASS" start="2024-07-12T22:13:57.698061" elapsed="0.000163"/>
</kw>
<var name="${key}">name</var>
<status status="PASS" start="2024-07-12T22:13:57.696684" elapsed="0.001753"/>
</iter>
<iter>
<kw name="Dictionary Should Contain Key" owner="Collections">
<arg>${json_data['results'][0]}</arg>
<arg>${key}</arg>
<doc>Fails if ``key`` is not found from ``dictionary``.</doc>
<status status="PASS" start="2024-07-12T22:13:57.698713" elapsed="0.000372"/>
</kw>
<kw name="Log" owner="BuiltIn">
<msg time="2024-07-12T22:13:57.699600" level="INFO">{'gender': 'female', 'name': {'title': 'Mrs', 'first': 'Sarita', 'last': 'Mardhekar'}, 'location': {'street': {'number': 2307, 'name': 'Bannerghatta Rd'}, 'city': 'Dharmavaram', 'state': 'Madhya Pradesh', 'country': 'India', 'postcode': 32983, 'coordinates': {'latitude': '9.0852', 'longitude': '98.8541'}, 'timezone': {'offset': '+2:00', 'description': 'Kaliningrad, South Africa'}}, 'email': 'sarita.mardhekar@example.com', 'login': {'uuid': 'b8583048-40bc-43dc-acff-a0e6d45506e8', 'username': 'whitemouse152', 'password': 'zhuan', 'salt': 'aTVo1V3W', 'md5': 'aa0b2ac4556182679087e7fb84670df0', 'sha1': '2493992898a45c4c80536756162ac62d88e9862a', 'sha256': '5520ca6c8766dfec8f18d67d8e04fda808a4a77d14a2ce0d9fe25b15e71e2114'}, 'dob': {'date': '1997-04-06T01:40:01.639Z', 'age': 27}, 'registered': {'date': '2010-09-22T17:45:17.358Z', 'age': 13}, 'phone': '7330395610', 'cell': '7286834562', 'id': {'name': 'UIDAI', 'value': '327922885254'}, 'picture': {'large': 'https://randomuser.me/api/portraits/women/83.jpg', 'medium': 'https://randomuser.me/api/portraits/med/women/83.jpg', 'thumbnail': 'https://randomuser.me/api/portraits/thumb/women/83.jpg'}, 'nat': 'IN'}</msg>
<arg>${json_data['results'][0]}</arg>
<doc>Logs the given message with the given level.</doc>
<status status="PASS" start="2024-07-12T22:13:57.699262" elapsed="0.000387"/>
</kw>
<kw name="Log" owner="BuiltIn">
<msg time="2024-07-12T22:13:57.700106" level="INFO">location</msg>
<arg>${key}</arg>
<doc>Logs the given message with the given level.</doc>
<status status="PASS" start="2024-07-12T22:13:57.699942" elapsed="0.000204"/>
</kw>
<var name="${key}">location</var>
<status status="PASS" start="2024-07-12T22:13:57.698608" elapsed="0.001757"/>
</iter>
<iter>
<kw name="Dictionary Should Contain Key" owner="Collections">
<arg>${json_data['results'][0]}</arg>
<arg>${key}</arg>
<doc>Fails if ``key`` is not found from ``dictionary``.</doc>
<status status="PASS" start="2024-07-12T22:13:57.700644" elapsed="0.000380"/>
</kw>
<kw name="Log" owner="BuiltIn">
<msg time="2024-07-12T22:13:57.701570" level="INFO">{'gender': 'female', 'name': {'title': 'Mrs', 'first': 'Sarita', 'last': 'Mardhekar'}, 'location': {'street': {'number': 2307, 'name': 'Bannerghatta Rd'}, 'city': 'Dharmavaram', 'state': 'Madhya Pradesh', 'country': 'India', 'postcode': 32983, 'coordinates': {'latitude': '9.0852', 'longitude': '98.8541'}, 'timezone': {'offset': '+2:00', 'description': 'Kaliningrad, South Africa'}}, 'email': 'sarita.mardhekar@example.com', 'login': {'uuid': 'b8583048-40bc-43dc-acff-a0e6d45506e8', 'username': 'whitemouse152', 'password': 'zhuan', 'salt': 'aTVo1V3W', 'md5': 'aa0b2ac4556182679087e7fb84670df0', 'sha1': '2493992898a45c4c80536756162ac62d88e9862a', 'sha256': '5520ca6c8766dfec8f18d67d8e04fda808a4a77d14a2ce0d9fe25b15e71e2114'}, 'dob': {'date': '1997-04-06T01:40:01.639Z', 'age': 27}, 'registered': {'date': '2010-09-22T17:45:17.358Z', 'age': 13}, 'phone': '7330395610', 'cell': '7286834562', 'id': {'name': 'UIDAI', 'value': '327922885254'}, 'picture': {'large': 'https://randomuser.me/api/portraits/women/83.jpg', 'medium': 'https://randomuser.me/api/portraits/med/women/83.jpg', 'thumbnail': 'https://randomuser.me/api/portraits/thumb/women/83.jpg'}, 'nat': 'IN'}</msg>
<arg>${json_data['results'][0]}</arg>
<doc>Logs the given message with the given level.</doc>
<status status="PASS" start="2024-07-12T22:13:57.701217" elapsed="0.000402"/>
</kw>
<kw name="Log" owner="BuiltIn">
<msg time="2024-07-12T22:13:57.702033" level="INFO">email</msg>
<arg>${key}</arg>
<doc>Logs the given message with the given level.</doc>
<status status="PASS" start="2024-07-12T22:13:57.701905" elapsed="0.000167"/>
</kw>
<var name="${key}">email</var>
<status status="PASS" start="2024-07-12T22:13:57.700534" elapsed="0.001746"/>
</iter>
<iter>
<kw name="Dictionary Should Contain Key" owner="Collections">
<arg>${json_data['results'][0]}</arg>
<arg>${key}</arg>
<doc>Fails if ``key`` is not found from ``dictionary``.</doc>
<status status="PASS" start="2024-07-12T22:13:57.702557" elapsed="0.000375"/>
</kw>
<kw name="Log" owner="BuiltIn">
<msg time="2024-07-12T22:13:57.703455" level="INFO">{'gender': 'female', 'name': {'title': 'Mrs', 'first': 'Sarita', 'last': 'Mardhekar'}, 'location': {'street': {'number': 2307, 'name': 'Bannerghatta Rd'}, 'city': 'Dharmavaram', 'state': 'Madhya Pradesh', 'country': 'India', 'postcode': 32983, 'coordinates': {'latitude': '9.0852', 'longitude': '98.8541'}, 'timezone': {'offset': '+2:00', 'description': 'Kaliningrad, South Africa'}}, 'email': 'sarita.mardhekar@example.com', 'login': {'uuid': 'b8583048-40bc-43dc-acff-a0e6d45506e8', 'username': 'whitemouse152', 'password': 'zhuan', 'salt': 'aTVo1V3W', 'md5': 'aa0b2ac4556182679087e7fb84670df0', 'sha1': '2493992898a45c4c80536756162ac62d88e9862a', 'sha256': '5520ca6c8766dfec8f18d67d8e04fda808a4a77d14a2ce0d9fe25b15e71e2114'}, 'dob': {'date': '1997-04-06T01:40:01.639Z', 'age': 27}, 'registered': {'date': '2010-09-22T17:45:17.358Z', 'age': 13}, 'phone': '7330395610', 'cell': '7286834562', 'id': {'name': 'UIDAI', 'value': '327922885254'}, 'picture': {'large': 'https://randomuser.me/api/portraits/women/83.jpg', 'medium': 'https://randomuser.me/api/portraits/med/women/83.jpg', 'thumbnail': 'https://randomuser.me/api/portraits/thumb/women/83.jpg'}, 'nat': 'IN'}</msg>
<arg>${json_data['results'][0]}</arg>
<doc>Logs the given message with the given level.</doc>
<status status="PASS" start="2024-07-12T22:13:57.703110" elapsed="0.000394"/>
</kw>
<kw name="Log" owner="BuiltIn">
<msg time="2024-07-12T22:13:57.703914" level="INFO">login</msg>
<arg>${key}</arg>
<doc>Logs the given message with the given level.</doc>
<status status="PASS" start="2024-07-12T22:13:57.703789" elapsed="0.000162"/>
</kw>
<var name="${key}">login</var>
<status status="PASS" start="2024-07-12T22:13:57.702446" elapsed="0.001743"/>
</iter>
<var>${key}</var>
<value>@{expected_keys}</value>
<status status="PASS" start="2024-07-12T22:13:57.694505" elapsed="0.009806"/>
</for>
<kw name="Create List" owner="BuiltIn">
<msg time="2024-07-12T22:13:57.704639" level="INFO">${expected_keysTwo} = ['username', 'password']</msg>
<var>${expected_keysTwo}</var>
<arg>username</arg>
<arg>password</arg>
<doc>Returns a list containing given items.</doc>
<status status="PASS" start="2024-07-12T22:13:57.704499" elapsed="0.000192"/>
</kw>
<for flavor="IN">
<iter>
<kw name="Dictionary Should Contain Key" owner="Collections">
<arg>${json_data['results'][0]['login']}</arg>
<arg>${keyTwo}</arg>
<doc>Fails if ``key`` is not found from ``dictionary``.</doc>
<status status="PASS" start="2024-07-12T22:13:57.705191" elapsed="0.000385"/>
</kw>
<kw name="Dictionary Should Contain Key" owner="Collections">
<arg>${json_data['results'][0]['login']}</arg>
<arg>${keyTwo}</arg>
<doc>Fails if ``key`` is not found from ``dictionary``.</doc>
<status status="PASS" start="2024-07-12T22:13:57.705756" elapsed="0.000368"/>
</kw>
<kw name="Log" owner="BuiltIn">
<msg time="2024-07-12T22:13:57.706422" level="INFO">username</msg>
<arg>${keyTwo}</arg>
<doc>Logs the given message with the given level.</doc>
<status status="PASS" start="2024-07-12T22:13:57.706303" elapsed="0.000157"/>
</kw>
<var name="${keyTwo}">username</var>
<status status="PASS" start="2024-07-12T22:13:57.705086" elapsed="0.001594"/>
</iter>
<iter>
<kw name="Dictionary Should Contain Key" owner="Collections">
<arg>${json_data['results'][0]['login']}</arg>
<arg>${keyTwo}</arg>
<doc>Fails if ``key`` is not found from ``dictionary``.</doc>
<status status="PASS" start="2024-07-12T22:13:57.706951" elapsed="0.000383"/>
</kw>
<kw name="Dictionary Should Contain Key" owner="Collections">
<arg>${json_data['results'][0]['login']}</arg>
<arg>${keyTwo}</arg>
<doc>Fails if ``key`` is not found from ``dictionary``.</doc>
<status status="PASS" start="2024-07-12T22:13:57.707511" elapsed="0.000362"/>
</kw>
<kw name="Log" owner="BuiltIn">
<msg time="2024-07-12T22:13:57.708208" level="INFO">password</msg>
<arg>${keyTwo}</arg>
<doc>Logs the given message with the given level.</doc>
<status status="PASS" start="2024-07-12T22:13:57.708081" elapsed="0.000171"/>
</kw>
<var name="${keyTwo}">password</var>
<status status="PASS" start="2024-07-12T22:13:57.706847" elapsed="0.001719"/>
</iter>
<var>${keyTwo}</var>
<value>@{expected_keysTwo}</value>
<status status="PASS" start="2024-07-12T22:13:57.704932" elapsed="0.003753"/>
</for>
<status status="PASS" start="2024-07-12T22:13:57.590747" elapsed="0.118079"/>
</kw>
<doc>Testa a estrutura da resposta da API.</doc>
<tag>testeEstruturaResposta</tag>
<status status="PASS" start="2024-07-12T22:13:57.590239" elapsed="0.118741"/>
</test>
<test id="s1-s1-t4" name="Validar tipos de dados" line="28">
<kw name="Teste de Tipos de Dados" owner="random-user-service">
<kw name="GET On Session" owner="RequestsLibrary">
<msg time="2024-07-12T22:13:57.812830" level="INFO">GET Request : url=https://randomuser.me/api 
 path_url=/api 
 headers={'User-Agent': 'python-requests/2.32.3', 'Accept-Encoding': 'gzip, deflate', 'Accept': '*/*', 'Connection': 'keep-alive'} 
 body=None 
 </msg>
<msg time="2024-07-12T22:13:57.812940" level="INFO">GET Response : url=https://randomuser.me/api 
 status=200, reason=OK 
 headers={'Date': 'Fri, 12 Jul 2024 22:13:57 GMT', 'Content-Type': 'application/json; charset=utf-8', 'Transfer-Encoding': 'chunked', 'Connection': 'keep-alive', 'X-Powered-By': 'Express', 'Access-Control-Allow-Origin': '*', 'Cache-Control': 'no-cache', 'ETag': 'W/"4ae-yTbctVyV0qeaZaR/hCNCpuevurg"', 'Vary': 'Accept-Encoding', 'Content-Encoding': 'gzip', 'CF-Cache-Status': 'DYNAMIC', 'Report-To': '{"endpoints":[{"url":"https:\\/\\/a.nel.cloudflare.com\\/report\\/v4?s=yrkmkNVLIfvDrvPvWykJ%2FuZzy0PgDKRhn9GfDz8tswZuwhLuc%2B7LZomsr68OrWFdGo14KtMCQN8qGvPlrGWMdtTh8yutQBxFeJyCuHtKSXm8%2FtXHHrwmWWrLdYP3lD92"}],"group":"cf-nel","max_age":604800}', 'NEL': '{"success_fraction":0,"report_to":"cf-nel","max_age":604800}', 'Server': 'cloudflare', 'CF-RAY': '8a24622bbc5608f2-LAX', 'alt-svc': 'h3=":443"; ma=86400'} 
 body={"results":[{"gender":"female","name":{"title":"Miss","first":"Martha","last":"Bailey"},"location":{"street":{"number":7503,"name":"West Street"},"city":"Wolverhampton","state":"Bedfordshire","country":"United Kingdom","postcode":"M7L 6UF","coordinates":{"latitude":"-10.3122","longitude":"37.7200"},"timezone":{"offset":"+9:00","description":"Tokyo, Seoul, Osaka, Sapporo, Yakutsk"}},"email":"martha.bailey@example.com","login":{"uuid":"a03ecff0-618d-4fa5-9bad-97fb0b1cdfc4","username":"ticklishmeercat518","password":"ou8122","salt":"hHY8PvuR","md5":"9ed6aee9c287ea8ae8ff2bd481ca672c","sha1":"72873cc78dc145a1b2054626c5e43d201f275d41","sha256":"caf3211b33aeeb1935b96f8ac188e8089e6ae72721ae107abcbdd32b5b9486b9"},"dob":{"date":"1999-09-04T04:17:21.476Z","age":24},"registered":{"date":"2017-01-24T17:47:36.404Z","age":7},"phone":"015242 78472","cell":"07994 171076","id":{"name":"NINO","value":"MA 55 07 15 S"},"picture":{"large":"https://randomuser.me/api/portraits/women/2.jpg","medium":"https://randomuser.me/api/portraits/med/women/2.jpg","thumbnail":"https://randomuser.me/api/portraits/thumb/women/2.jpg"},"nat":"GB"}],"info":{"seed":"ab2232e026567a57","results":1,"page":1,"version":"1.4"}} 
 </msg>
<msg time="2024-07-12T22:13:57.813020" level="INFO">/opt/hostedtoolcache/Python/3.12.4/x64/lib/python3.12/site-packages/urllib3/connectionpool.py:1099: InsecureRequestWarning: Unverified HTTPS request is being made to host 'randomuser.me'. Adding certificate verification is strongly advised. See: https://urllib3.readthedocs.io/en/latest/advanced-usage.html#tls-warnings
  warnings.warn(</msg>
<msg time="2024-07-12T22:13:57.813168" level="INFO">${response} = &lt;Response [200]&gt;</msg>
<var>${response}</var>
<arg>consultarAPI</arg>
<arg>/api</arg>
<doc>Sends a GET request on a previously created HTTP Session.</doc>
<status status="PASS" start="2024-07-12T22:13:57.711516" elapsed="0.101699"/>
</kw>
<kw name="Set Variable" owner="BuiltIn">
<msg time="2024-07-12T22:13:57.814379" level="INFO">${json_data} = {'results': [{'gender': 'female', 'name': {'title': 'Miss', 'first': 'Martha', 'last': 'Bailey'}, 'location': {'street': {'number': 7503, 'name': 'West Street'}, 'city': 'Wolverhampton', 'state': 'Bed...</msg>
<var>${json_data}</var>
<arg>${response.json()}</arg>
<doc>Returns the given values which can then be assigned to a variables.</doc>
<status status="PASS" start="2024-07-12T22:13:57.813836" elapsed="0.000572"/>
</kw>
<kw name="Log" owner="BuiltIn">
<msg time="2024-07-12T22:13:57.814882" level="INFO">{'results': [{'gender': 'female', 'name': {'title': 'Miss', 'first': 'Martha', 'last': 'Bailey'}, 'location': {'street': {'number': 7503, 'name': 'West Street'}, 'city': 'Wolverhampton', 'state': 'Bedfordshire', 'country': 'United Kingdom', 'postcode': 'M7L 6UF', 'coordinates': {'latitude': '-10.3122', 'longitude': '37.7200'}, 'timezone': {'offset': '+9:00', 'description': 'Tokyo, Seoul, Osaka, Sapporo, Yakutsk'}}, 'email': 'martha.bailey@example.com', 'login': {'uuid': 'a03ecff0-618d-4fa5-9bad-97fb0b1cdfc4', 'username': 'ticklishmeercat518', 'password': 'ou8122', 'salt': 'hHY8PvuR', 'md5': '9ed6aee9c287ea8ae8ff2bd481ca672c', 'sha1': '72873cc78dc145a1b2054626c5e43d201f275d41', 'sha256': 'caf3211b33aeeb1935b96f8ac188e8089e6ae72721ae107abcbdd32b5b9486b9'}, 'dob': {'date': '1999-09-04T04:17:21.476Z', 'age': 24}, 'registered': {'date': '2017-01-24T17:47:36.404Z', 'age': 7}, 'phone': '015242 78472', 'cell': '07994 171076', 'id': {'name': 'NINO', 'value': 'MA 55 07 15 S'}, 'picture': {'large': 'https://randomuser.me/api/portraits/women/2.jpg', 'medium': 'https://randomuser.me/api/portraits/med/women/2.jpg', 'thumbnail': 'https://randomuser.me/api/portraits/thumb/women/2.jpg'}, 'nat': 'GB'}], 'info': {'seed': 'ab2232e026567a57', 'results': 1, 'page': 1, 'version': '1.4'}}</msg>
<arg>${json_data}</arg>
<doc>Logs the given message with the given level.</doc>
<status status="PASS" start="2024-07-12T22:13:57.814732" elapsed="0.000200"/>
</kw>
<kw name="Should Be String" owner="String">
<arg>${json_data['results'][0]['gender']}</arg>
<doc>Fails if the given ``item`` is not a string.</doc>
<status status="PASS" start="2024-07-12T22:13:57.815216" elapsed="0.000363"/>
</kw>
<kw name="Should Match Regexp" owner="BuiltIn">
<arg>${json_data['results'][0]['email']}</arg>
<arg>^[a-zA-Z0-9._%+-]+@[a-zA-Z0-9.-]+\.[a-zA-Z]{2,}$</arg>
<doc>Fails if ``string`` does not match ``pattern`` as a regular expression.</doc>
<status status="PASS" start="2024-07-12T22:13:57.815806" elapsed="0.000562"/>
</kw>
<kw name="Should Match Regexp" owner="BuiltIn">
<arg>${json_data['results'][0]['dob']['date']}</arg>
<arg>\\d{4}-\\d{2}-\\d{2}T\\d{2}:\\d{2}:\\d{2}\\.\\d{3}Z</arg>
<doc>Fails if ``string`` does not match ``pattern`` as a regular expression.</doc>
<status status="PASS" start="2024-07-12T22:13:57.816560" elapsed="0.000482"/>
</kw>
<kw name="Should Match Regexp" owner="BuiltIn">
<arg>${json_data['results'][0]['registered']['date']}</arg>
<arg>\\d{4}-\\d{2}-\\d{2}T\\d{2}:\\d{2}:\\d{2}\\.\\d{3}Z</arg>
<doc>Fails if ``string`` does not match ``pattern`` as a regular expression.</doc>
<status status="PASS" start="2024-07-12T22:13:57.817232" elapsed="0.000371"/>
</kw>
<kw name="Should Match Regexp" owner="BuiltIn">
<arg>${json_data['results'][0]['picture']['large']}</arg>
<arg>^https?://.*\.(?:png|jpe?g|gif|bmp)$</arg>
<doc>Fails if ``string`` does not match ``pattern`` as a regular expression.</doc>
<status status="PASS" start="2024-07-12T22:13:57.817783" elapsed="0.000453"/>
</kw>
<kw name="Should Match Regexp" owner="BuiltIn">
<arg>${json_data['results'][0]['picture']['medium']}</arg>
<arg>^https?://.*\.(?:png|jpe?g|gif|bmp)$</arg>
<doc>Fails if ``string`` does not match ``pattern`` as a regular expression.</doc>
<status status="PASS" start="2024-07-12T22:13:57.818421" elapsed="0.000349"/>
</kw>
<kw name="Should Match Regexp" owner="BuiltIn">
<arg>${json_data['results'][0]['picture']['thumbnail']}</arg>
<arg>^https?://.*\.(?:png|jpe?g|gif|bmp)$</arg>
<doc>Fails if ``string`` does not match ``pattern`` as a regular expression.</doc>
<status status="PASS" start="2024-07-12T22:13:57.818949" elapsed="0.000342"/>
</kw>
<kw name="Log" owner="BuiltIn">
<msg time="2024-07-12T22:13:57.819796" level="INFO">{'large': 'https://randomuser.me/api/portraits/women/2.jpg', 'medium': 'https://randomuser.me/api/portraits/med/women/2.jpg', 'thumbnail': 'https://randomuser.me/api/portraits/thumb/women/2.jpg'}</msg>
<arg>${json_data['results'][0]['picture']}</arg>
<doc>Logs the given message with the given level.</doc>
<status status="PASS" start="2024-07-12T22:13:57.819471" elapsed="0.000368"/>
</kw>
<status status="PASS" start="2024-07-12T22:13:57.711293" elapsed="0.108833"/>
</kw>
<kw name="Teste de Tipos de Dados - Postcode" owner="random-user-service">
<kw name="GET On Session" owner="RequestsLibrary">
<msg time="2024-07-12T22:13:57.920137" level="INFO">GET Request : url=https://randomuser.me/api 
 path_url=/api 
 headers={'User-Agent': 'python-requests/2.32.3', 'Accept-Encoding': 'gzip, deflate', 'Accept': '*/*', 'Connection': 'keep-alive'} 
 body=None 
 </msg>
<msg time="2024-07-12T22:13:57.920252" level="INFO">GET Response : url=https://randomuser.me/api 
 status=200, reason=OK 
 headers={'Date': 'Fri, 12 Jul 2024 22:13:57 GMT', 'Content-Type': 'application/json; charset=utf-8', 'Transfer-Encoding': 'chunked', 'Connection': 'keep-alive', 'X-Powered-By': 'Express', 'Access-Control-Allow-Origin': '*', 'Cache-Control': 'no-cache', 'ETag': 'W/"49d-BD+5/2IuabFaZ0FTYR04X6Y4PRM"', 'Vary': 'Accept-Encoding', 'Content-Encoding': 'gzip', 'CF-Cache-Status': 'DYNAMIC', 'Report-To': '{"endpoints":[{"url":"https:\\/\\/a.nel.cloudflare.com\\/report\\/v4?s=CE8t%2FIHtIItj6AKLZGIZW0bFqASiXzSVmTGysnw3IqZ2tWk9zSLYWRL0otr0N8OjW4aHgvRB%2BgQ45U3si2dRtdk0NPIL8vIJXKzqZnJAiEUsmaTVStz71jz7j9r9iepX"}],"group":"cf-nel","max_age":604800}', 'NEL': '{"success_fraction":0,"report_to":"cf-nel","max_age":604800}', 'Server': 'cloudflare', 'CF-RAY': '8a24622c6d5308f2-LAX', 'alt-svc': 'h3=":443"; ma=86400'} 
 body={"results":[{"gender":"female","name":{"title":"Miss","first":"Asunción","last":"Vicente"},"location":{"street":{"number":1284,"name":"Calle Covadonga"},"city":"Torrente","state":"Andalucía","country":"Spain","postcode":44521,"coordinates":{"latitude":"-37.5895","longitude":"1.9667"},"timezone":{"offset":"-5:00","description":"Eastern Time (US &amp; Canada), Bogota, Lima"}},"email":"asuncion.vicente@example.com","login":{"uuid":"1f3323e0-6f32-4522-a657-4c7e5668cd24","username":"lazyfish780","password":"elvis1","salt":"0okujkyB","md5":"0cd28ed104748768dd8e1ef73ee07a23","sha1":"61bd55a6797010a2b6a3b8d064f4635d2c3bd79a","sha256":"949274feb120026b91a253b35d5ce6404d36a9b92c522e29e36f7343992167d5"},"dob":{"date":"1972-08-22T06:30:37.525Z","age":51},"registered":{"date":"2020-07-08T22:13:12.659Z","age":4},"phone":"944-578-137","cell":"663-096-910","id":{"name":"DNI","value":"90147705-P"},"picture":{"large":"https://randomuser.me/api/portraits/women/36.jpg","medium":"https://randomuser.me/api/portraits/med/women/36.jpg","thumbnail":"https://randomuser.me/api/portraits/thumb/women/36.jpg"},"nat":"ES"}],"info":{"seed":"753a3cb9e1d70956","results":1,"page":1,"version":"1.4"}} 
 </msg>
<msg time="2024-07-12T22:13:57.920342" level="INFO">/opt/hostedtoolcache/Python/3.12.4/x64/lib/python3.12/site-packages/urllib3/connectionpool.py:1099: InsecureRequestWarning: Unverified HTTPS request is being made to host 'randomuser.me'. Adding certificate verification is strongly advised. See: https://urllib3.readthedocs.io/en/latest/advanced-usage.html#tls-warnings
  warnings.warn(</msg>
<msg time="2024-07-12T22:13:57.920468" level="INFO">${response} = &lt;Response [200]&gt;</msg>
<var>${response}</var>
<arg>consultarAPI</arg>
<arg>/api</arg>
<doc>Sends a GET request on a previously created HTTP Session.</doc>
<status status="PASS" start="2024-07-12T22:13:57.820590" elapsed="0.099917"/>
</kw>
<kw name="Set Variable" owner="BuiltIn">
<msg time="2024-07-12T22:13:57.921547" level="INFO">${json_data} = {'results': [{'gender': 'female', 'name': {'title': 'Miss', 'first': 'Asunción', 'last': 'Vicente'}, 'location': {'street': {'number': 1284, 'name': 'Calle Covadonga'}, 'city': 'Torrente', 'state': 'A...</msg>
<var>${json_data}</var>
<arg>${response.json()}</arg>
<doc>Returns the given values which can then be assigned to a variables.</doc>
<status status="PASS" start="2024-07-12T22:13:57.921027" elapsed="0.000551"/>
</kw>
<kw name="Log" owner="BuiltIn">
<msg time="2024-07-12T22:13:57.922046" level="INFO">{'results': [{'gender': 'female', 'name': {'title': 'Miss', 'first': 'Asunción', 'last': 'Vicente'}, 'location': {'street': {'number': 1284, 'name': 'Calle Covadonga'}, 'city': 'Torrente', 'state': 'Andalucía', 'country': 'Spain', 'postcode': 44521, 'coordinates': {'latitude': '-37.5895', 'longitude': '1.9667'}, 'timezone': {'offset': '-5:00', 'description': 'Eastern Time (US &amp; Canada), Bogota, Lima'}}, 'email': 'asuncion.vicente@example.com', 'login': {'uuid': '1f3323e0-6f32-4522-a657-4c7e5668cd24', 'username': 'lazyfish780', 'password': 'elvis1', 'salt': '0okujkyB', 'md5': '0cd28ed104748768dd8e1ef73ee07a23', 'sha1': '61bd55a6797010a2b6a3b8d064f4635d2c3bd79a', 'sha256': '949274feb120026b91a253b35d5ce6404d36a9b92c522e29e36f7343992167d5'}, 'dob': {'date': '1972-08-22T06:30:37.525Z', 'age': 51}, 'registered': {'date': '2020-07-08T22:13:12.659Z', 'age': 4}, 'phone': '944-578-137', 'cell': '663-096-910', 'id': {'name': 'DNI', 'value': '90147705-P'}, 'picture': {'large': 'https://randomuser.me/api/portraits/women/36.jpg', 'medium': 'https://randomuser.me/api/portraits/med/women/36.jpg', 'thumbnail': 'https://randomuser.me/api/portraits/thumb/women/36.jpg'}, 'nat': 'ES'}], 'info': {'seed': '753a3cb9e1d70956', 'results': 1, 'page': 1, 'version': '1.4'}}</msg>
<arg>${json_data}</arg>
<doc>Logs the given message with the given level.</doc>
<status status="PASS" start="2024-07-12T22:13:57.921882" elapsed="0.000215"/>
</kw>
<kw name="Should Be Equal As Numbers" owner="BuiltIn">
<arg>${json_data['results'][0]['location']['postcode']}</arg>
<arg>${json_data['results'][0]['location']['postcode']}</arg>
<doc>Fails if objects are unequal after converting them to real numbers.</doc>
<status status="PASS" start="2024-07-12T22:13:57.922386" elapsed="0.000618"/>
</kw>
<kw name="Log" owner="BuiltIn">
<msg time="2024-07-12T22:13:57.923722" level="INFO">44521</msg>
<arg>${json_data['results'][0]['location']['postcode']}</arg>
<doc>Logs the given message with the given level.</doc>
<status status="PASS" start="2024-07-12T22:13:57.923223" elapsed="0.000540"/>
</kw>
<status status="PASS" start="2024-07-12T22:13:57.820358" elapsed="0.103699"/>
</kw>
<doc>Testa se os tipos de dados na resposta da API estão corretos.</doc>
<tag>testeTiposDados</tag>
<status status="PASS" start="2024-07-12T22:13:57.710756" elapsed="0.213477"/>
</test>
<test id="s1-s1-t5" name="Validar conteudo" line="35">
<kw name="Teste de Tipos de Conteudo" owner="random-user-service">
<kw name="GET On Session" owner="RequestsLibrary">
<msg time="2024-07-12T22:13:58.034157" level="INFO">GET Request : url=https://randomuser.me/api 
 path_url=/api 
 headers={'User-Agent': 'python-requests/2.32.3', 'Accept-Encoding': 'gzip, deflate', 'Accept': '*/*', 'Connection': 'keep-alive'} 
 body=None 
 </msg>
<msg time="2024-07-12T22:13:58.034267" level="INFO">GET Response : url=https://randomuser.me/api 
 status=200, reason=OK 
 headers={'Date': 'Fri, 12 Jul 2024 22:13:58 GMT', 'Content-Type': 'application/json; charset=utf-8', 'Transfer-Encoding': 'chunked', 'Connection': 'keep-alive', 'X-Powered-By': 'Express', 'Access-Control-Allow-Origin': '*', 'Cache-Control': 'no-cache', 'ETag': 'W/"49c-jEz5SNGVBEnU/rQPgJ7dK8OmjSE"', 'Vary': 'Accept-Encoding', 'Content-Encoding': 'gzip', 'CF-Cache-Status': 'DYNAMIC', 'Report-To': '{"endpoints":[{"url":"https:\\/\\/a.nel.cloudflare.com\\/report\\/v4?s=a%2FM9wCpoqMu5vhLEZ1zcFUDDvtJGNULFo0V0blk%2BXn9gHcoRahVUtiVSLSBPbX%2BINaSxTKJekvC5uGbZg%2FtlCHYJttu9BFaUcskVLnHLqwUcCKaxyHRUbSF9zo2mnFOC"}],"group":"cf-nel","max_age":604800}', 'NEL': '{"success_fraction":0,"report_to":"cf-nel","max_age":604800}', 'Server': 'cloudflare', 'CF-RAY': '8a24622d1e4008f2-LAX', 'alt-svc': 'h3=":443"; ma=86400'} 
 body={"results":[{"gender":"male","name":{"title":"Mr","first":"Mikael","last":"Toro"},"location":{"street":{"number":6062,"name":"Bulevardi"},"city":"Rantasalmi","state":"Central Finland","country":"Finland","postcode":36597,"coordinates":{"latitude":"-25.2378","longitude":"-171.1737"},"timezone":{"offset":"+10:00","description":"Eastern Australia, Guam, Vladivostok"}},"email":"mikael.toro@example.com","login":{"uuid":"9ef90b04-7786-4f52-94c6-538f64839b0b","username":"silvergorilla426","password":"deeznuts","salt":"DDHz9viw","md5":"394068aa04ffdd29ad6834dfe2cf1fcd","sha1":"7a86d156204fc5d28a895b954e002102f7d26b17","sha256":"2265b5c486b56afba7944c8e9d91e0fa759d529122d3de5751b2dd2f8a281b10"},"dob":{"date":"1957-10-08T15:51:43.920Z","age":66},"registered":{"date":"2012-11-21T16:57:22.004Z","age":11},"phone":"05-252-670","cell":"047-551-18-20","id":{"name":"HETU","value":"NaNNA337undefined"},"picture":{"large":"https://randomuser.me/api/portraits/men/94.jpg","medium":"https://randomuser.me/api/portraits/med/men/94.jpg","thumbnail":"https://randomuser.me/api/portraits/thumb/men/94.jpg"},"nat":"FI"}],"info":{"seed":"828eeed05feee6ce","results":1,"page":1,"version":"1.4"}} 
 </msg>
<msg time="2024-07-12T22:13:58.034347" level="INFO">/opt/hostedtoolcache/Python/3.12.4/x64/lib/python3.12/site-packages/urllib3/connectionpool.py:1099: InsecureRequestWarning: Unverified HTTPS request is being made to host 'randomuser.me'. Adding certificate verification is strongly advised. See: https://urllib3.readthedocs.io/en/latest/advanced-usage.html#tls-warnings
  warnings.warn(</msg>
<msg time="2024-07-12T22:13:58.034482" level="INFO">${response} = &lt;Response [200]&gt;</msg>
<var>${response}</var>
<arg>consultarAPI</arg>
<arg>/api</arg>
<doc>Sends a GET request on a previously created HTTP Session.</doc>
<status status="PASS" start="2024-07-12T22:13:57.926621" elapsed="0.107899"/>
</kw>
<kw name="Set Variable" owner="BuiltIn">
<msg time="2024-07-12T22:13:58.035835" level="INFO">${json_data} = {'results': [{'gender': 'male', 'name': {'title': 'Mr', 'first': 'Mikael', 'last': 'Toro'}, 'location': {'street': {'number': 6062, 'name': 'Bulevardi'}, 'city': 'Rantasalmi', 'state': 'Central Finlan...</msg>
<var>${json_data}</var>
<arg>${response.json()}</arg>
<doc>Returns the given values which can then be assigned to a variables.</doc>
<status status="PASS" start="2024-07-12T22:13:58.035242" elapsed="0.000622"/>
</kw>
<kw name="Set Variable" owner="BuiltIn">
<msg time="2024-07-12T22:13:58.036604" level="INFO">${name_title} = Mr</msg>
<var>${name_title}</var>
<arg>${json_data["results"][0]["name"]["title"]}</arg>
<doc>Returns the given values which can then be assigned to a variables.</doc>
<status status="PASS" start="2024-07-12T22:13:58.036222" elapsed="0.000408"/>
</kw>
<kw name="Create List" owner="BuiltIn">
<msg time="2024-07-12T22:13:58.037068" level="INFO">${allowed_titles} = ['Mr', 'Ms', 'Miss', 'Mrs', 'Madame', 'Monsieur']</msg>
<var>${allowed_titles}</var>
<arg>Mr</arg>
<arg>Ms</arg>
<arg>Miss</arg>
<arg>Mrs</arg>
<arg>Madame</arg>
<arg>Monsieur</arg>
<doc>Returns a list containing given items.</doc>
<status status="PASS" start="2024-07-12T22:13:58.036922" elapsed="0.000170"/>
</kw>
<kw name="List Should Contain Value" owner="Collections">
<arg>${allowed_titles}</arg>
<arg>${name_title}</arg>
<doc>Fails if the ``value`` is not found from ``list``.</doc>
<status status="PASS" start="2024-07-12T22:13:58.037383" elapsed="0.000178"/>
</kw>
<kw name="Set Variable" owner="BuiltIn">
<msg time="2024-07-12T22:13:58.038106" level="INFO">${name_country} = FI</msg>
<var>${name_country}</var>
<arg>${json_data["results"][0]["nat"]}</arg>
<doc>Returns the given values which can then be assigned to a variables.</doc>
<status status="PASS" start="2024-07-12T22:13:58.037738" elapsed="0.000393"/>
</kw>
<kw name="Create List" owner="BuiltIn">
<msg time="2024-07-12T22:13:58.039008" level="INFO">${list_country} = ['AD', 'AE', 'AF', 'AG', 'AI', 'AL', 'AM', 'AO', 'AQ', 'AR', 'AS', 'AT', 'AU', 'AW', 'AX', 'AZ', 'BA', 'BB', 'BD', 'BE', 'BF', 'BG', 'BH', 'BI', 'BJ', 'BL', 'BM', 'BN', 'BO', 'BQ', 'BR', 'BS', 'BT', '...</msg>
<var>${list_country}</var>
<arg>AD</arg>
<arg>AE</arg>
<arg>AF</arg>
<arg>AG</arg>
<arg>AI</arg>
<arg>AL</arg>
<arg>AM</arg>
<arg>AO</arg>
<arg>AQ</arg>
<arg>AR</arg>
<arg>AS</arg>
<arg>AT</arg>
<arg>AU</arg>
<arg>AW</arg>
<arg>AX</arg>
<arg>AZ</arg>
<arg>BA</arg>
<arg>BB</arg>
<arg>BD</arg>
<arg>BE</arg>
<arg>BF</arg>
<arg>BG</arg>
<arg>BH</arg>
<arg>BI</arg>
<arg>BJ</arg>
<arg>BL</arg>
<arg>BM</arg>
<arg>BN</arg>
<arg>BO</arg>
<arg>BQ</arg>
<arg>BR</arg>
<arg>BS</arg>
<arg>BT</arg>
<arg>BV</arg>
<arg>BW</arg>
<arg>BY</arg>
<arg>BZ</arg>
<arg>CA</arg>
<arg>CC</arg>
<arg>CD</arg>
<arg>CF</arg>
<arg>CG</arg>
<arg>CH</arg>
<arg>CI</arg>
<arg>CK</arg>
<arg>CL</arg>
<arg>CM</arg>
<arg>CN</arg>
<arg>CO</arg>
<arg>CR</arg>
<arg>CU</arg>
<arg>CV</arg>
<arg>CW</arg>
<arg>CX</arg>
<arg>CY</arg>
<arg>CZ</arg>
<arg>DE</arg>
<arg>DJ</arg>
<arg>DK</arg>
<arg>DM</arg>
<arg>DO</arg>
<arg>DZ</arg>
<arg>EC</arg>
<arg>EE</arg>
<arg>EG</arg>
<arg>EH</arg>
<arg>ER</arg>
<arg>ES</arg>
<arg>ET</arg>
<arg>FI</arg>
<arg>FJ</arg>
<arg>FK</arg>
<arg>FM</arg>
<arg>FO</arg>
<arg>FR</arg>
<arg>GA</arg>
<arg>GB</arg>
<arg>GD</arg>
<arg>GE</arg>
<arg>GF</arg>
<arg>GG</arg>
<arg>GH</arg>
<arg>GI</arg>
<arg>GL</arg>
<arg>GM</arg>
<arg>GN</arg>
<arg>GP</arg>
<arg>GQ</arg>
<arg>GR</arg>
<arg>GS</arg>
<arg>GT</arg>
<arg>GU</arg>
<arg>GW</arg>
<arg>GY</arg>
<arg>HK</arg>
<arg>HM</arg>
<arg>HN</arg>
<arg>HR</arg>
<arg>HT</arg>
<arg>HU</arg>
<arg>ID</arg>
<arg>IE</arg>
<arg>IL</arg>
<arg>IM</arg>
<arg>IN</arg>
<arg>IO</arg>
<arg>IQ</arg>
<arg>IR</arg>
<arg>IS</arg>
<arg>IT</arg>
<arg>JE</arg>
<arg>JM</arg>
<arg>JO</arg>
<arg>JP</arg>
<arg>KE</arg>
<arg>KG</arg>
<arg>KH</arg>
<arg>KI</arg>
<arg>KM</arg>
<arg>KN</arg>
<arg>KP</arg>
<arg>KR</arg>
<arg>KW</arg>
<arg>KY</arg>
<arg>KZ</arg>
<arg>LA</arg>
<arg>LB</arg>
<arg>LC</arg>
<arg>LI</arg>
<arg>LK</arg>
<arg>LR</arg>
<arg>LS</arg>
<arg>LT</arg>
<arg>LU</arg>
<arg>LV</arg>
<arg>LY</arg>
<arg>MA</arg>
<arg>MC</arg>
<arg>MD</arg>
<arg>ME</arg>
<arg>MF</arg>
<arg>MG</arg>
<arg>MH</arg>
<arg>MK</arg>
<arg>ML</arg>
<arg>MM</arg>
<arg>MN</arg>
<arg>MO</arg>
<arg>MP</arg>
<arg>MQ</arg>
<arg>MR</arg>
<arg>MS</arg>
<arg>MT</arg>
<arg>MU</arg>
<arg>MV</arg>
<arg>MW</arg>
<arg>MX</arg>
<arg>MY</arg>
<arg>MZ</arg>
<arg>NA</arg>
<arg>NC</arg>
<arg>NE</arg>
<arg>NF</arg>
<arg>NG</arg>
<arg>NI</arg>
<arg>NL</arg>
<arg>NO</arg>
<arg>NP</arg>
<arg>NR</arg>
<arg>NU</arg>
<arg>NZ</arg>
<arg>OM</arg>
<arg>PA</arg>
<arg>PE</arg>
<arg>PF</arg>
<arg>PG</arg>
<arg>PH</arg>
<arg>PK</arg>
<arg>PL</arg>
<arg>PM</arg>
<arg>PN</arg>
<arg>PR</arg>
<arg>PS</arg>
<arg>PT</arg>
<arg>PW</arg>
<arg>PY</arg>
<arg>QA</arg>
<arg>RE</arg>
<arg>RO</arg>
<arg>RS</arg>
<arg>RU</arg>
<arg>RW</arg>
<arg>SA</arg>
<arg>SB</arg>
<arg>SC</arg>
<arg>SD</arg>
<arg>SE</arg>
<arg>SG</arg>
<arg>SH</arg>
<arg>SI</arg>
<arg>SJ</arg>
<arg>SK</arg>
<arg>SL</arg>
<arg>SM</arg>
<arg>SN</arg>
<arg>SO</arg>
<arg>SR</arg>
<arg>SS</arg>
<arg>ST</arg>
<arg>SV</arg>
<arg>SX</arg>
<arg>SY</arg>
<arg>SZ</arg>
<arg>TC</arg>
<arg>TD</arg>
<arg>TF</arg>
<arg>TG</arg>
<arg>TH</arg>
<arg>TJ</arg>
<arg>TK</arg>
<arg>TL</arg>
<arg>TM</arg>
<arg>TN</arg>
<arg>TO</arg>
<arg>TR</arg>
<arg>TT</arg>
<arg>TV</arg>
<arg>TW</arg>
<arg>TZ</arg>
<arg>UA</arg>
<arg>UG</arg>
<arg>UM</arg>
<arg>US</arg>
<arg>UY</arg>
<arg>UZ</arg>
<arg>VA</arg>
<arg>VC</arg>
<arg>VE</arg>
<arg>VG</arg>
<arg>VI</arg>
<arg>VN</arg>
<arg>VU</arg>
<arg>WF</arg>
<arg>WS</arg>
<arg>XK</arg>
<arg>YE</arg>
<arg>YT</arg>
<arg>ZA</arg>
<arg>ZM</arg>
<arg>ZW</arg>
<doc>Returns a list containing given items.</doc>
<status status="PASS" start="2024-07-12T22:13:58.038421" elapsed="0.000612"/>
</kw>
<kw name="List Should Contain Value" owner="Collections">
<arg>${list_country}</arg>
<arg>${name_country}</arg>
<doc>Fails if the ``value`` is not found from ``list``.</doc>
<status status="PASS" start="2024-07-12T22:13:58.039820" elapsed="0.000218"/>
</kw>
<kw name="Run Keyword If" owner="BuiltIn">
<kw name="Should Be True" owner="BuiltIn">
<arg>${True}</arg>
<doc>Fails if the given condition is not true.</doc>
<status status="PASS" start="2024-07-12T22:13:58.040998" elapsed="0.000143"/>
</kw>
<arg>${json_data["results"][0]["location"]["coordinates"]["latitude"]} &gt;= -90 and ${json_data["results"][0]["location"]["coordinates"]["latitude"]} &lt;= 90</arg>
<arg>Should Be True</arg>
<arg>${True}</arg>
<doc>Runs the given keyword with the given arguments, if ``condition`` is true.</doc>
<status status="PASS" start="2024-07-12T22:13:58.040240" elapsed="0.001025"/>
</kw>
<kw name="Run Keyword If" owner="BuiltIn">
<kw name="Should Be True" owner="BuiltIn">
<arg>${True}</arg>
<doc>Fails if the given condition is not true.</doc>
<status status="PASS" start="2024-07-12T22:13:58.042124" elapsed="0.000238"/>
</kw>
<arg>${json_data["results"][0]["location"]["coordinates"]["longitude"]} &gt;= -180 and ${json_data["results"][0]["location"]["coordinates"]["longitude"]} &lt;= 180</arg>
<arg>Should Be True</arg>
<arg>${True}</arg>
<doc>Runs the given keyword with the given arguments, if ``condition`` is true.</doc>
<status status="PASS" start="2024-07-12T22:13:58.041441" elapsed="0.001047"/>
</kw>
<status status="PASS" start="2024-07-12T22:13:57.926404" elapsed="0.116218"/>
</kw>
<doc>Testa o conteúdo específico dos campos retornados pela API.</doc>
<tag>testeConteudo</tag>
<status status="PASS" start="2024-07-12T22:13:57.925960" elapsed="0.116814"/>
</test>
<status status="PASS" start="2024-07-12T22:13:56.975506" elapsed="1.069328"/>
</suite>
<status status="PASS" start="2024-07-12T22:13:56.960273" elapsed="1.089581"/>
</suite>
<statistics>
<total>
<stat pass="5" fail="0" skip="0">All Tests</stat>
</total>
<tag>
<stat pass="1" fail="0" skip="0">testeConteudo</stat>
<stat pass="1" fail="0" skip="0">testeEstruturaResposta</stat>
<stat pass="1" fail="0" skip="0">testeRequisicaoBasica</stat>
<stat pass="1" fail="0" skip="0">testeTiposDados</stat>
</tag>
<suite>
<stat pass="5" fail="0" skip="0" id="s1" name="Tests">Tests</stat>
<stat pass="5" fail="0" skip="0" id="s1-s1" name="Random-User-Test">Tests.Random-User-Test</stat>
</suite>
</statistics>
<errors>
</errors>
</robot>
