<?xml version="1.0" encoding="UTF-8"?>
<robot generator="Robot 7.0.1 (Python 3.12.3 on linux)" generated="2024-06-19T06:20:55.109605" rpa="false" schemaversion="5">
<suite id="s1" name="Tests" source="/home/runner/work/ApiRandomUser/ApiRandomUser/RamdonUser/tests">
<suite id="s1-s1" name="Random-User-Test" source="/home/runner/work/ApiRandomUser/ApiRandomUser/RamdonUser/tests/random-user-test.robot">
<test id="s1-s1-t1" name="Conectar" line="13">
<kw name="Conectar API" owner="random-user-service">
<kw name="Create Session" owner="RequestsLibrary">
<msg time="2024-06-19T06:20:55.530591" level="INFO">Creating Session using : alias=consultarAPI, url=https://randomuser.me/, headers={},                     cookies={}, auth=None, timeout=None, proxies=None, verify=False,                     debug=0 </msg>
<arg>consultarAPI</arg>
<arg>${URL}</arg>
<doc>Create Session: create a HTTP session to a server</doc>
<status status="PASS" start="2024-06-19T06:20:55.530387" elapsed="0.000394"/>
</kw>
<status status="PASS" start="2024-06-19T06:20:55.529397" elapsed="0.001758"/>
</kw>
<status status="PASS" start="2024-06-19T06:20:55.528831" elapsed="0.002522"/>
</test>
<test id="s1-s1-t2" name="Validar retorno 200 e JSON Válido" line="16">
<kw name="Teste de Requisicao Basica" owner="random-user-service">
<kw name="GET On Session" owner="RequestsLibrary">
<msg time="2024-06-19T06:20:55.644875" level="INFO">GET Request : url=https://randomuser.me/api 
 path_url=/api 
 headers={'User-Agent': 'python-requests/2.32.3', 'Accept-Encoding': 'gzip, deflate', 'Accept': '*/*', 'Connection': 'keep-alive'} 
 body=None 
 </msg>
<msg time="2024-06-19T06:20:55.645040" level="INFO">GET Response : url=https://randomuser.me/api 
 status=200, reason=OK 
 headers={'Date': 'Wed, 19 Jun 2024 06:20:55 GMT', 'Content-Type': 'application/json; charset=utf-8', 'Transfer-Encoding': 'chunked', 'Connection': 'keep-alive', 'X-Powered-By': 'Express', 'Access-Control-Allow-Origin': '*', 'Cache-Control': 'no-cache', 'ETag': 'W/"47a-HLUPZWL6JzQMG7HvptZvUsv55pk"', 'Vary': 'Accept-Encoding', 'Content-Encoding': 'gzip', 'CF-Cache-Status': 'DYNAMIC', 'Report-To': '{"endpoints":[{"url":"https:\\/\\/a.nel.cloudflare.com\\/report\\/v4?s=%2BSzx6ZZ0xn2IseG2%2FdydKGFwCrxEu%2FjB5f251XPJgu7LnMEF8vZ9aFlMbn%2FylSbq4npV3jwLBg6WBDPXTLpwSvBFqMfan7gsjRTACfPfcl1JZcPff4o%2Ff4Utalo2ARX6"}],"group":"cf-nel","max_age":604800}', 'NEL': '{"success_fraction":0,"report_to":"cf-nel","max_age":604800}', 'Server': 'cloudflare', 'CF-RAY': '89616a7f4a6b96cc-SJC', 'alt-svc': 'h3=":443"; ma=86400'} 
 body={"results":[{"gender":"male","name":{"title":"Mr","first":"Arjun","last":"Tuenter"},"location":{"street":{"number":8235,"name":"Antoniusweg"},"city":"Oosterstreek","state":"Overijssel","country":"Netherlands","postcode":"6878 MD","coordinates":{"latitude":"30.9704","longitude":"-157.9104"},"timezone":{"offset":"+5:45","description":"Kathmandu"}},"email":"arjun.tuenter@example.com","login":{"uuid":"1bbd1aaa-aec0-46f8-a8c5-c8c745b53892","username":"smallfrog790","password":"lane","salt":"N6Wbz9Ij","md5":"990798c799595c0a3ce853926e2adc6d","sha1":"30ec9ef2be7b056a31835bf77deb697812802073","sha256":"7b69f8331788b6048ef8e6f796680c63d261bccc29644962591973940b577da4"},"dob":{"date":"1973-04-17T13:21:04.776Z","age":51},"registered":{"date":"2017-05-18T06:28:14.824Z","age":7},"phone":"(023) 6315516","cell":"(06) 30084614","id":{"name":"BSN","value":"64221673"},"picture":{"large":"https://randomuser.me/api/portraits/men/49.jpg","medium":"https://randomuser.me/api/portraits/med/men/49.jpg","thumbnail":"https://randomuser.me/api/portraits/thumb/men/49.jpg"},"nat":"NL"}],"info":{"seed":"f073e8451750403f","results":1,"page":1,"version":"1.4"}} 
 </msg>
<msg time="2024-06-19T06:20:55.645130" level="INFO">/opt/hostedtoolcache/Python/3.12.3/x64/lib/python3.12/site-packages/urllib3/connectionpool.py:1099: InsecureRequestWarning: Unverified HTTPS request is being made to host 'randomuser.me'. Adding certificate verification is strongly advised. See: https://urllib3.readthedocs.io/en/latest/advanced-usage.html#tls-warnings
  warnings.warn(</msg>
<msg time="2024-06-19T06:20:55.645276" level="INFO">${response} = &lt;Response [200]&gt;</msg>
<var>${response}</var>
<arg>consultarAPI</arg>
<arg>/api</arg>
<doc>Sends a GET request on a previously created HTTP Session.</doc>
<status status="PASS" start="2024-06-19T06:20:55.533997" elapsed="0.111322"/>
</kw>
<kw name="Should Be Equal As Numbers" owner="BuiltIn">
<msg time="2024-06-19T06:20:55.646518" level="INFO">Argument types are:
&lt;class 'int'&gt;
&lt;class 'str'&gt;</msg>
<arg>${response.status_code}</arg>
<arg>200</arg>
<doc>Fails if objects are unequal after converting them to real numbers.</doc>
<status status="PASS" start="2024-06-19T06:20:55.646013" elapsed="0.000576"/>
</kw>
<kw name="Log" owner="BuiltIn">
<msg time="2024-06-19T06:20:55.647304" level="INFO">200</msg>
<arg>${response.status_code}</arg>
<doc>Logs the given message with the given level.</doc>
<status status="PASS" start="2024-06-19T06:20:55.646948" elapsed="0.000401"/>
</kw>
<kw name="Set Variable" owner="BuiltIn">
<msg time="2024-06-19T06:20:55.648111" level="INFO">${json_data} = {'results': [{'gender': 'male', 'name': {'title': 'Mr', 'first': 'Arjun', 'last': 'Tuenter'}, 'location': {'street': {'number': 8235, 'name': 'Antoniusweg'}, 'city': 'Oosterstreek', 'state': 'Overijss...</msg>
<var>${json_data}</var>
<arg>${response.json()}</arg>
<doc>Returns the given values which can then be assigned to a variables.</doc>
<status status="PASS" start="2024-06-19T06:20:55.647674" elapsed="0.000469"/>
</kw>
<kw name="Dictionary Should Contain Key" owner="Collections">
<arg>${json_data}</arg>
<arg>results</arg>
<doc>Fails if ``key`` is not found from ``dictionary``.</doc>
<status status="PASS" start="2024-06-19T06:20:55.648496" elapsed="0.000174"/>
</kw>
<status status="PASS" start="2024-06-19T06:20:55.533758" elapsed="0.115068"/>
</kw>
<doc>Testa se a API responde corretamente e retorna um objeto JSON válido.</doc>
<tag>testeRequisicaoBasica</tag>
<status status="PASS" start="2024-06-19T06:20:55.533289" elapsed="0.115718"/>
</test>
<test id="s1-s1-t3" name="Validar estrutura de resposta" line="22">
<kw name="Teste de Estrutura de Resposta" owner="random-user-service">
<kw name="GET On Session" owner="RequestsLibrary">
<msg time="2024-06-19T06:20:55.745228" level="INFO">GET Request : url=https://randomuser.me/api 
 path_url=/api 
 headers={'User-Agent': 'python-requests/2.32.3', 'Accept-Encoding': 'gzip, deflate', 'Accept': '*/*', 'Connection': 'keep-alive'} 
 body=None 
 </msg>
<msg time="2024-06-19T06:20:55.745318" level="INFO">GET Response : url=https://randomuser.me/api 
 status=200, reason=OK 
 headers={'Date': 'Wed, 19 Jun 2024 06:20:55 GMT', 'Content-Type': 'application/json; charset=utf-8', 'Transfer-Encoding': 'chunked', 'Connection': 'keep-alive', 'X-Powered-By': 'Express', 'Access-Control-Allow-Origin': '*', 'Cache-Control': 'no-cache', 'ETag': 'W/"488-DqX8UnMumZ0z9l4chrRANMkhbWM"', 'Vary': 'Accept-Encoding', 'Content-Encoding': 'gzip', 'CF-Cache-Status': 'DYNAMIC', 'Report-To': '{"endpoints":[{"url":"https:\\/\\/a.nel.cloudflare.com\\/report\\/v4?s=FzoTD%2F4yGhs%2Fu9bbOdKEOaKsXToAe0SZ9pLzI0HZt8PuOMnjg7ZBYC%2BAcfczAWjvDgd%2B%2FN%2BYkArys2M7zX6vn3zWgNUOKOLspz6kofcDAoxk0Ni4lEpStdlYP%2BFmAb2U"}],"group":"cf-nel","max_age":604800}', 'NEL': '{"success_fraction":0,"report_to":"cf-nel","max_age":604800}', 'Server': 'cloudflare', 'CF-RAY': '89616a7fdad196cc-SJC', 'alt-svc': 'h3=":443"; ma=86400'} 
 body={"results":[{"gender":"female","name":{"title":"Ms","first":"یلدا","last":"سهيلي راد"},"location":{"street":{"number":2541,"name":"پاتریس لومومبا"},"city":"قرچک","state":"مرکزی","country":"Iran","postcode":72011,"coordinates":{"latitude":"14.7575","longitude":"16.5823"},"timezone":{"offset":"+4:30","description":"Kabul"}},"email":"yld.shylyrd@example.com","login":{"uuid":"f6ca4eaa-b826-4acc-a9c8-103b8491de38","username":"orangebutterfly126","password":"sabrina1","salt":"FkzPXXxL","md5":"0eb37f4b42a3b52817ade02dfb1c738f","sha1":"a277890867cbf569d92fc98333eaf5eba12133a7","sha256":"7b61ae59d801ad962599183a9a8ffae0c9d13a28159f5b0c23c7716e720f1241"},"dob":{"date":"1958-10-21T11:24:52.108Z","age":65},"registered":{"date":"2016-05-22T03:26:26.597Z","age":8},"phone":"035-18925827","cell":"0915-636-2495","id":{"name":"","value":null},"picture":{"large":"https://randomuser.me/api/portraits/women/51.jpg","medium":"https://randomuser.me/api/portraits/med/women/51.jpg","thumbnail":"https://randomuser.me/api/portraits/thumb/women/51.jpg"},"nat":"IR"}],"info":{"seed":"6786c99d9a84c76d","results":1,"page":1,"version":"1.4"}} 
 </msg>
<msg time="2024-06-19T06:20:55.745442" level="INFO">/opt/hostedtoolcache/Python/3.12.3/x64/lib/python3.12/site-packages/urllib3/connectionpool.py:1099: InsecureRequestWarning: Unverified HTTPS request is being made to host 'randomuser.me'. Adding certificate verification is strongly advised. See: https://urllib3.readthedocs.io/en/latest/advanced-usage.html#tls-warnings
  warnings.warn(</msg>
<msg time="2024-06-19T06:20:55.745560" level="INFO">${response} = &lt;Response [200]&gt;</msg>
<var>${response}</var>
<arg>consultarAPI</arg>
<arg>/api</arg>
<doc>Sends a GET request on a previously created HTTP Session.</doc>
<status status="PASS" start="2024-06-19T06:20:55.651687" elapsed="0.093916"/>
</kw>
<kw name="Set Variable" owner="BuiltIn">
<msg time="2024-06-19T06:20:55.746789" level="INFO">${json_data} = {'results': [{'gender': 'female', 'name': {'title': 'Ms', 'first': 'یلدا', 'last': 'سهيلي راد'}, 'location': {'street': {'number': 2541, 'name': 'پاتریس لومومبا'}, 'city': 'قرچک', 'state': 'مرکزی', 'c...</msg>
<var>${json_data}</var>
<arg>${response.json()}</arg>
<doc>Returns the given values which can then be assigned to a variables.</doc>
<status status="PASS" start="2024-06-19T06:20:55.746189" elapsed="0.000640"/>
</kw>
<kw name="Log" owner="BuiltIn">
<msg time="2024-06-19T06:20:55.747331" level="INFO">{'results': [{'gender': 'female', 'name': {'title': 'Ms', 'first': 'یلدا', 'last': 'سهيلي راد'}, 'location': {'street': {'number': 2541, 'name': 'پاتریس لومومبا'}, 'city': 'قرچک', 'state': 'مرکزی', 'country': 'Iran', 'postcode': 72011, 'coordinates': {'latitude': '14.7575', 'longitude': '16.5823'}, 'timezone': {'offset': '+4:30', 'description': 'Kabul'}}, 'email': 'yld.shylyrd@example.com', 'login': {'uuid': 'f6ca4eaa-b826-4acc-a9c8-103b8491de38', 'username': 'orangebutterfly126', 'password': 'sabrina1', 'salt': 'FkzPXXxL', 'md5': '0eb37f4b42a3b52817ade02dfb1c738f', 'sha1': 'a277890867cbf569d92fc98333eaf5eba12133a7', 'sha256': '7b61ae59d801ad962599183a9a8ffae0c9d13a28159f5b0c23c7716e720f1241'}, 'dob': {'date': '1958-10-21T11:24:52.108Z', 'age': 65}, 'registered': {'date': '2016-05-22T03:26:26.597Z', 'age': 8}, 'phone': '035-18925827', 'cell': '0915-636-2495', 'id': {'name': '', 'value': None}, 'picture': {'large': 'https://randomuser.me/api/portraits/women/51.jpg', 'medium': 'https://randomuser.me/api/portraits/med/women/51.jpg', 'thumbnail': 'https://randomuser.me/api/portraits/thumb/women/51.jpg'}, 'nat': 'IR'}], 'info': {'seed': '6786c99d9a84c76d', 'results': 1, 'page': 1, 'version': '1.4'}}</msg>
<arg>${json_data}</arg>
<doc>Logs the given message with the given level.</doc>
<status status="PASS" start="2024-06-19T06:20:55.747156" elapsed="0.000232"/>
</kw>
<kw name="Dictionary Should Contain Key" owner="Collections">
<arg>${json_data}</arg>
<arg>results</arg>
<doc>Fails if ``key`` is not found from ``dictionary``.</doc>
<status status="PASS" start="2024-06-19T06:20:55.747691" elapsed="0.000164"/>
</kw>
<kw name="Should Not Be Empty" owner="BuiltIn">
<msg time="2024-06-19T06:20:55.748211" level="INFO">Length is 2.</msg>
<arg>${json_data}</arg>
<doc>Verifies that the given item is not empty.</doc>
<status status="PASS" start="2024-06-19T06:20:55.748050" elapsed="0.000214"/>
</kw>
<kw name="Create List" owner="BuiltIn">
<msg time="2024-06-19T06:20:55.748730" level="INFO">${expected_keys} = ['gender', 'name', 'location', 'email', 'login']</msg>
<var>${expected_keys}</var>
<arg>gender</arg>
<arg>name</arg>
<arg>location</arg>
<arg>email</arg>
<arg>login</arg>
<doc>Returns a list containing given items.</doc>
<status status="PASS" start="2024-06-19T06:20:55.748579" elapsed="0.000175"/>
</kw>
<for flavor="IN">
<iter>
<kw name="Dictionary Should Contain Key" owner="Collections">
<arg>${json_data['results'][0]}</arg>
<arg>${key}</arg>
<doc>Fails if ``key`` is not found from ``dictionary``.</doc>
<status status="PASS" start="2024-06-19T06:20:55.749511" elapsed="0.000559"/>
</kw>
<kw name="Log" owner="BuiltIn">
<msg time="2024-06-19T06:20:55.750950" level="INFO">{'gender': 'female', 'name': {'title': 'Ms', 'first': 'یلدا', 'last': 'سهيلي راد'}, 'location': {'street': {'number': 2541, 'name': 'پاتریس لومومبا'}, 'city': 'قرچک', 'state': 'مرکزی', 'country': 'Iran', 'postcode': 72011, 'coordinates': {'latitude': '14.7575', 'longitude': '16.5823'}, 'timezone': {'offset': '+4:30', 'description': 'Kabul'}}, 'email': 'yld.shylyrd@example.com', 'login': {'uuid': 'f6ca4eaa-b826-4acc-a9c8-103b8491de38', 'username': 'orangebutterfly126', 'password': 'sabrina1', 'salt': 'FkzPXXxL', 'md5': '0eb37f4b42a3b52817ade02dfb1c738f', 'sha1': 'a277890867cbf569d92fc98333eaf5eba12133a7', 'sha256': '7b61ae59d801ad962599183a9a8ffae0c9d13a28159f5b0c23c7716e720f1241'}, 'dob': {'date': '1958-10-21T11:24:52.108Z', 'age': 65}, 'registered': {'date': '2016-05-22T03:26:26.597Z', 'age': 8}, 'phone': '035-18925827', 'cell': '0915-636-2495', 'id': {'name': '', 'value': None}, 'picture': {'large': 'https://randomuser.me/api/portraits/women/51.jpg', 'medium': 'https://randomuser.me/api/portraits/med/women/51.jpg', 'thumbnail': 'https://randomuser.me/api/portraits/thumb/women/51.jpg'}, 'nat': 'IR'}</msg>
<arg>${json_data['results'][0]}</arg>
<doc>Logs the given message with the given level.</doc>
<status status="PASS" start="2024-06-19T06:20:55.750352" elapsed="0.000675"/>
</kw>
<kw name="Log" owner="BuiltIn">
<msg time="2024-06-19T06:20:55.751508" level="INFO">gender</msg>
<arg>${key}</arg>
<doc>Logs the given message with the given level.</doc>
<status status="PASS" start="2024-06-19T06:20:55.751372" elapsed="0.000177"/>
</kw>
<var name="${key}">gender</var>
<status status="PASS" start="2024-06-19T06:20:55.749380" elapsed="0.002392"/>
</iter>
<iter>
<kw name="Dictionary Should Contain Key" owner="Collections">
<arg>${json_data['results'][0]}</arg>
<arg>${key}</arg>
<doc>Fails if ``key`` is not found from ``dictionary``.</doc>
<status status="PASS" start="2024-06-19T06:20:55.752085" elapsed="0.000426"/>
</kw>
<kw name="Log" owner="BuiltIn">
<msg time="2024-06-19T06:20:55.753065" level="INFO">{'gender': 'female', 'name': {'title': 'Ms', 'first': 'یلدا', 'last': 'سهيلي راد'}, 'location': {'street': {'number': 2541, 'name': 'پاتریس لومومبا'}, 'city': 'قرچک', 'state': 'مرکزی', 'country': 'Iran', 'postcode': 72011, 'coordinates': {'latitude': '14.7575', 'longitude': '16.5823'}, 'timezone': {'offset': '+4:30', 'description': 'Kabul'}}, 'email': 'yld.shylyrd@example.com', 'login': {'uuid': 'f6ca4eaa-b826-4acc-a9c8-103b8491de38', 'username': 'orangebutterfly126', 'password': 'sabrina1', 'salt': 'FkzPXXxL', 'md5': '0eb37f4b42a3b52817ade02dfb1c738f', 'sha1': 'a277890867cbf569d92fc98333eaf5eba12133a7', 'sha256': '7b61ae59d801ad962599183a9a8ffae0c9d13a28159f5b0c23c7716e720f1241'}, 'dob': {'date': '1958-10-21T11:24:52.108Z', 'age': 65}, 'registered': {'date': '2016-05-22T03:26:26.597Z', 'age': 8}, 'phone': '035-18925827', 'cell': '0915-636-2495', 'id': {'name': '', 'value': None}, 'picture': {'large': 'https://randomuser.me/api/portraits/women/51.jpg', 'medium': 'https://randomuser.me/api/portraits/med/women/51.jpg', 'thumbnail': 'https://randomuser.me/api/portraits/thumb/women/51.jpg'}, 'nat': 'IR'}</msg>
<arg>${json_data['results'][0]}</arg>
<doc>Logs the given message with the given level.</doc>
<status status="PASS" start="2024-06-19T06:20:55.752705" elapsed="0.000452"/>
</kw>
<kw name="Log" owner="BuiltIn">
<msg time="2024-06-19T06:20:55.753596" level="INFO">name</msg>
<arg>${key}</arg>
<doc>Logs the given message with the given level.</doc>
<status status="PASS" start="2024-06-19T06:20:55.753466" elapsed="0.000178"/>
</kw>
<var name="${key}">name</var>
<status status="PASS" start="2024-06-19T06:20:55.751969" elapsed="0.001903"/>
</iter>
<iter>
<kw name="Dictionary Should Contain Key" owner="Collections">
<arg>${json_data['results'][0]}</arg>
<arg>${key}</arg>
<doc>Fails if ``key`` is not found from ``dictionary``.</doc>
<status status="PASS" start="2024-06-19T06:20:55.754187" elapsed="0.000381"/>
</kw>
<kw name="Log" owner="BuiltIn">
<msg time="2024-06-19T06:20:55.755116" level="INFO">{'gender': 'female', 'name': {'title': 'Ms', 'first': 'یلدا', 'last': 'سهيلي راد'}, 'location': {'street': {'number': 2541, 'name': 'پاتریس لومومبا'}, 'city': 'قرچک', 'state': 'مرکزی', 'country': 'Iran', 'postcode': 72011, 'coordinates': {'latitude': '14.7575', 'longitude': '16.5823'}, 'timezone': {'offset': '+4:30', 'description': 'Kabul'}}, 'email': 'yld.shylyrd@example.com', 'login': {'uuid': 'f6ca4eaa-b826-4acc-a9c8-103b8491de38', 'username': 'orangebutterfly126', 'password': 'sabrina1', 'salt': 'FkzPXXxL', 'md5': '0eb37f4b42a3b52817ade02dfb1c738f', 'sha1': 'a277890867cbf569d92fc98333eaf5eba12133a7', 'sha256': '7b61ae59d801ad962599183a9a8ffae0c9d13a28159f5b0c23c7716e720f1241'}, 'dob': {'date': '1958-10-21T11:24:52.108Z', 'age': 65}, 'registered': {'date': '2016-05-22T03:26:26.597Z', 'age': 8}, 'phone': '035-18925827', 'cell': '0915-636-2495', 'id': {'name': '', 'value': None}, 'picture': {'large': 'https://randomuser.me/api/portraits/women/51.jpg', 'medium': 'https://randomuser.me/api/portraits/med/women/51.jpg', 'thumbnail': 'https://randomuser.me/api/portraits/thumb/women/51.jpg'}, 'nat': 'IR'}</msg>
<arg>${json_data['results'][0]}</arg>
<doc>Logs the given message with the given level.</doc>
<status status="PASS" start="2024-06-19T06:20:55.754763" elapsed="0.000408"/>
</kw>
<kw name="Log" owner="BuiltIn">
<msg time="2024-06-19T06:20:55.755599" level="INFO">location</msg>
<arg>${key}</arg>
<doc>Logs the given message with the given level.</doc>
<status status="PASS" start="2024-06-19T06:20:55.755473" elapsed="0.000162"/>
</kw>
<var name="${key}">location</var>
<status status="PASS" start="2024-06-19T06:20:55.754068" elapsed="0.001782"/>
</iter>
<iter>
<kw name="Dictionary Should Contain Key" owner="Collections">
<arg>${json_data['results'][0]}</arg>
<arg>${key}</arg>
<doc>Fails if ``key`` is not found from ``dictionary``.</doc>
<status status="PASS" start="2024-06-19T06:20:55.756134" elapsed="0.000426"/>
</kw>
<kw name="Log" owner="BuiltIn">
<msg time="2024-06-19T06:20:55.757106" level="INFO">{'gender': 'female', 'name': {'title': 'Ms', 'first': 'یلدا', 'last': 'سهيلي راد'}, 'location': {'street': {'number': 2541, 'name': 'پاتریس لومومبا'}, 'city': 'قرچک', 'state': 'مرکزی', 'country': 'Iran', 'postcode': 72011, 'coordinates': {'latitude': '14.7575', 'longitude': '16.5823'}, 'timezone': {'offset': '+4:30', 'description': 'Kabul'}}, 'email': 'yld.shylyrd@example.com', 'login': {'uuid': 'f6ca4eaa-b826-4acc-a9c8-103b8491de38', 'username': 'orangebutterfly126', 'password': 'sabrina1', 'salt': 'FkzPXXxL', 'md5': '0eb37f4b42a3b52817ade02dfb1c738f', 'sha1': 'a277890867cbf569d92fc98333eaf5eba12133a7', 'sha256': '7b61ae59d801ad962599183a9a8ffae0c9d13a28159f5b0c23c7716e720f1241'}, 'dob': {'date': '1958-10-21T11:24:52.108Z', 'age': 65}, 'registered': {'date': '2016-05-22T03:26:26.597Z', 'age': 8}, 'phone': '035-18925827', 'cell': '0915-636-2495', 'id': {'name': '', 'value': None}, 'picture': {'large': 'https://randomuser.me/api/portraits/women/51.jpg', 'medium': 'https://randomuser.me/api/portraits/med/women/51.jpg', 'thumbnail': 'https://randomuser.me/api/portraits/thumb/women/51.jpg'}, 'nat': 'IR'}</msg>
<arg>${json_data['results'][0]}</arg>
<doc>Logs the given message with the given level.</doc>
<status status="PASS" start="2024-06-19T06:20:55.756748" elapsed="0.000410"/>
</kw>
<kw name="Log" owner="BuiltIn">
<msg time="2024-06-19T06:20:55.757585" level="INFO">email</msg>
<arg>${key}</arg>
<doc>Logs the given message with the given level.</doc>
<status status="PASS" start="2024-06-19T06:20:55.757457" elapsed="0.000166"/>
</kw>
<var name="${key}">email</var>
<status status="PASS" start="2024-06-19T06:20:55.756025" elapsed="0.001816"/>
</iter>
<iter>
<kw name="Dictionary Should Contain Key" owner="Collections">
<arg>${json_data['results'][0]}</arg>
<arg>${key}</arg>
<doc>Fails if ``key`` is not found from ``dictionary``.</doc>
<status status="PASS" start="2024-06-19T06:20:55.758138" elapsed="0.000393"/>
</kw>
<kw name="Log" owner="BuiltIn">
<msg time="2024-06-19T06:20:55.759092" level="INFO">{'gender': 'female', 'name': {'title': 'Ms', 'first': 'یلدا', 'last': 'سهيلي راد'}, 'location': {'street': {'number': 2541, 'name': 'پاتریس لومومبا'}, 'city': 'قرچک', 'state': 'مرکزی', 'country': 'Iran', 'postcode': 72011, 'coordinates': {'latitude': '14.7575', 'longitude': '16.5823'}, 'timezone': {'offset': '+4:30', 'description': 'Kabul'}}, 'email': 'yld.shylyrd@example.com', 'login': {'uuid': 'f6ca4eaa-b826-4acc-a9c8-103b8491de38', 'username': 'orangebutterfly126', 'password': 'sabrina1', 'salt': 'FkzPXXxL', 'md5': '0eb37f4b42a3b52817ade02dfb1c738f', 'sha1': 'a277890867cbf569d92fc98333eaf5eba12133a7', 'sha256': '7b61ae59d801ad962599183a9a8ffae0c9d13a28159f5b0c23c7716e720f1241'}, 'dob': {'date': '1958-10-21T11:24:52.108Z', 'age': 65}, 'registered': {'date': '2016-05-22T03:26:26.597Z', 'age': 8}, 'phone': '035-18925827', 'cell': '0915-636-2495', 'id': {'name': '', 'value': None}, 'picture': {'large': 'https://randomuser.me/api/portraits/women/51.jpg', 'medium': 'https://randomuser.me/api/portraits/med/women/51.jpg', 'thumbnail': 'https://randomuser.me/api/portraits/thumb/women/51.jpg'}, 'nat': 'IR'}</msg>
<arg>${json_data['results'][0]}</arg>
<doc>Logs the given message with the given level.</doc>
<status status="PASS" start="2024-06-19T06:20:55.758721" elapsed="0.000423"/>
</kw>
<kw name="Log" owner="BuiltIn">
<msg time="2024-06-19T06:20:55.759568" level="INFO">login</msg>
<arg>${key}</arg>
<doc>Logs the given message with the given level.</doc>
<status status="PASS" start="2024-06-19T06:20:55.759441" elapsed="0.000165"/>
</kw>
<var name="${key}">login</var>
<status status="PASS" start="2024-06-19T06:20:55.758021" elapsed="0.001798"/>
</iter>
<var>${key}</var>
<value>@{expected_keys}</value>
<status status="PASS" start="2024-06-19T06:20:55.749179" elapsed="0.010761"/>
</for>
<kw name="Create List" owner="BuiltIn">
<msg time="2024-06-19T06:20:55.760313" level="INFO">${expected_keysTwo} = ['username', 'password']</msg>
<var>${expected_keysTwo}</var>
<arg>username</arg>
<arg>password</arg>
<doc>Returns a list containing given items.</doc>
<status status="PASS" start="2024-06-19T06:20:55.760136" elapsed="0.000231"/>
</kw>
<for flavor="IN">
<iter>
<kw name="Dictionary Should Contain Key" owner="Collections">
<arg>${json_data['results'][0]['login']}</arg>
<arg>${keyTwo}</arg>
<doc>Fails if ``key`` is not found from ``dictionary``.</doc>
<status status="PASS" start="2024-06-19T06:20:55.760892" elapsed="0.000386"/>
</kw>
<kw name="Dictionary Should Contain Key" owner="Collections">
<arg>${json_data['results'][0]['login']}</arg>
<arg>${keyTwo}</arg>
<doc>Fails if ``key`` is not found from ``dictionary``.</doc>
<status status="PASS" start="2024-06-19T06:20:55.761464" elapsed="0.000389"/>
</kw>
<kw name="Log" owner="BuiltIn">
<msg time="2024-06-19T06:20:55.762155" level="INFO">username</msg>
<arg>${keyTwo}</arg>
<doc>Logs the given message with the given level.</doc>
<status status="PASS" start="2024-06-19T06:20:55.762034" elapsed="0.000163"/>
</kw>
<var name="${keyTwo}">username</var>
<status status="PASS" start="2024-06-19T06:20:55.760781" elapsed="0.001639"/>
</iter>
<iter>
<kw name="Dictionary Should Contain Key" owner="Collections">
<arg>${json_data['results'][0]['login']}</arg>
<arg>${keyTwo}</arg>
<doc>Fails if ``key`` is not found from ``dictionary``.</doc>
<status status="PASS" start="2024-06-19T06:20:55.762698" elapsed="0.000389"/>
</kw>
<kw name="Dictionary Should Contain Key" owner="Collections">
<arg>${json_data['results'][0]['login']}</arg>
<arg>${keyTwo}</arg>
<doc>Fails if ``key`` is not found from ``dictionary``.</doc>
<status status="PASS" start="2024-06-19T06:20:55.763268" elapsed="0.000376"/>
</kw>
<kw name="Log" owner="BuiltIn">
<msg time="2024-06-19T06:20:55.763941" level="INFO">password</msg>
<arg>${keyTwo}</arg>
<doc>Logs the given message with the given level.</doc>
<status status="PASS" start="2024-06-19T06:20:55.763821" elapsed="0.000157"/>
</kw>
<var name="${keyTwo}">password</var>
<status status="PASS" start="2024-06-19T06:20:55.762591" elapsed="0.001634"/>
</iter>
<var>${keyTwo}</var>
<value>@{expected_keysTwo}</value>
<status status="PASS" start="2024-06-19T06:20:55.760616" elapsed="0.003735"/>
</for>
<status status="PASS" start="2024-06-19T06:20:55.651428" elapsed="0.113066"/>
</kw>
<doc>Testa a estrutura da resposta da API.</doc>
<tag>testeEstruturaResposta</tag>
<status status="PASS" start="2024-06-19T06:20:55.650902" elapsed="0.113752"/>
</test>
<test id="s1-s1-t4" name="Validar tipos de dados" line="28">
<kw name="Teste de Tipos de Dados" owner="random-user-service">
<kw name="GET On Session" owner="RequestsLibrary">
<msg time="2024-06-19T06:20:55.849357" level="INFO">GET Request : url=https://randomuser.me/api 
 path_url=/api 
 headers={'User-Agent': 'python-requests/2.32.3', 'Accept-Encoding': 'gzip, deflate', 'Accept': '*/*', 'Connection': 'keep-alive'} 
 body=None 
 </msg>
<msg time="2024-06-19T06:20:55.849457" level="INFO">GET Response : url=https://randomuser.me/api 
 status=200, reason=OK 
 headers={'Date': 'Wed, 19 Jun 2024 06:20:55 GMT', 'Content-Type': 'application/json; charset=utf-8', 'Transfer-Encoding': 'chunked', 'Connection': 'keep-alive', 'X-Powered-By': 'Express', 'Access-Control-Allow-Origin': '*', 'Cache-Control': 'no-cache', 'ETag': 'W/"47a-lb5m8QN2TcozKUIF/POZmbepdM4"', 'Vary': 'Accept-Encoding', 'Content-Encoding': 'gzip', 'CF-Cache-Status': 'DYNAMIC', 'Report-To': '{"endpoints":[{"url":"https:\\/\\/a.nel.cloudflare.com\\/report\\/v4?s=7HMYGNyefKIfYWCpwAA5XqEP%2BMyUavd%2Fh7N72quo5iVptlvOLpOao2YiPv6iLiuEtlJcSW3EUfrj2MHp0IyHV5%2B3VnYrQwIHmn98t3kLq2JIdymtsZzWmwqbjDMTnt3o"}],"group":"cf-nel","max_age":604800}', 'NEL': '{"success_fraction":0,"report_to":"cf-nel","max_age":604800}', 'Server': 'cloudflare', 'CF-RAY': '89616a809b8e96cc-SJC', 'alt-svc': 'h3=":443"; ma=86400'} 
 body={"results":[{"gender":"female","name":{"title":"Ms","first":"Magdalena","last":"Engelsen"},"location":{"street":{"number":2981,"name":"Frydenlundgata"},"city":"Gran","state":"Troms - Romsa","country":"Norway","postcode":"3135","coordinates":{"latitude":"46.1073","longitude":"14.2144"},"timezone":{"offset":"+5:45","description":"Kathmandu"}},"email":"magdalena.engelsen@example.com","login":{"uuid":"92bb433d-6863-4d82-a72a-2a54c86287f9","username":"redcat671","password":"billyboy","salt":"FAo2GljD","md5":"14ac9ff29e749cf0a9a8eaecc5a9864f","sha1":"a67b0ff8954784788ee4791d03d528dad9fa40fd","sha256":"07c1838b7e971464b1ebe4e5189d740a517c18f6ee17fb5a72a9a85ace219aae"},"dob":{"date":"1964-11-12T02:26:47.738Z","age":59},"registered":{"date":"2008-05-11T21:51:47.761Z","age":16},"phone":"64154951","cell":"98060988","id":{"name":"FN","value":"12116417667"},"picture":{"large":"https://randomuser.me/api/portraits/women/73.jpg","medium":"https://randomuser.me/api/portraits/med/women/73.jpg","thumbnail":"https://randomuser.me/api/portraits/thumb/women/73.jpg"},"nat":"NO"}],"info":{"seed":"67a0a74e3f6b0519","results":1,"page":1,"version":"1.4"}} 
 </msg>
<msg time="2024-06-19T06:20:55.849535" level="INFO">/opt/hostedtoolcache/Python/3.12.3/x64/lib/python3.12/site-packages/urllib3/connectionpool.py:1099: InsecureRequestWarning: Unverified HTTPS request is being made to host 'randomuser.me'. Adding certificate verification is strongly advised. See: https://urllib3.readthedocs.io/en/latest/advanced-usage.html#tls-warnings
  warnings.warn(</msg>
<msg time="2024-06-19T06:20:55.849664" level="INFO">${response} = &lt;Response [200]&gt;</msg>
<var>${response}</var>
<arg>consultarAPI</arg>
<arg>/api</arg>
<doc>Sends a GET request on a previously created HTTP Session.</doc>
<status status="PASS" start="2024-06-19T06:20:55.767211" elapsed="0.082494"/>
</kw>
<kw name="Set Variable" owner="BuiltIn">
<msg time="2024-06-19T06:20:55.850738" level="INFO">${json_data} = {'results': [{'gender': 'female', 'name': {'title': 'Ms', 'first': 'Magdalena', 'last': 'Engelsen'}, 'location': {'street': {'number': 2981, 'name': 'Frydenlundgata'}, 'city': 'Gran', 'state': 'Troms ...</msg>
<var>${json_data}</var>
<arg>${response.json()}</arg>
<doc>Returns the given values which can then be assigned to a variables.</doc>
<status status="PASS" start="2024-06-19T06:20:55.850206" elapsed="0.000561"/>
</kw>
<kw name="Log" owner="BuiltIn">
<msg time="2024-06-19T06:20:55.851276" level="INFO">{'results': [{'gender': 'female', 'name': {'title': 'Ms', 'first': 'Magdalena', 'last': 'Engelsen'}, 'location': {'street': {'number': 2981, 'name': 'Frydenlundgata'}, 'city': 'Gran', 'state': 'Troms - Romsa', 'country': 'Norway', 'postcode': '3135', 'coordinates': {'latitude': '46.1073', 'longitude': '14.2144'}, 'timezone': {'offset': '+5:45', 'description': 'Kathmandu'}}, 'email': 'magdalena.engelsen@example.com', 'login': {'uuid': '92bb433d-6863-4d82-a72a-2a54c86287f9', 'username': 'redcat671', 'password': 'billyboy', 'salt': 'FAo2GljD', 'md5': '14ac9ff29e749cf0a9a8eaecc5a9864f', 'sha1': 'a67b0ff8954784788ee4791d03d528dad9fa40fd', 'sha256': '07c1838b7e971464b1ebe4e5189d740a517c18f6ee17fb5a72a9a85ace219aae'}, 'dob': {'date': '1964-11-12T02:26:47.738Z', 'age': 59}, 'registered': {'date': '2008-05-11T21:51:47.761Z', 'age': 16}, 'phone': '64154951', 'cell': '98060988', 'id': {'name': 'FN', 'value': '12116417667'}, 'picture': {'large': 'https://randomuser.me/api/portraits/women/73.jpg', 'medium': 'https://randomuser.me/api/portraits/med/women/73.jpg', 'thumbnail': 'https://randomuser.me/api/portraits/thumb/women/73.jpg'}, 'nat': 'NO'}], 'info': {'seed': '67a0a74e3f6b0519', 'results': 1, 'page': 1, 'version': '1.4'}}</msg>
<arg>${json_data}</arg>
<doc>Logs the given message with the given level.</doc>
<status status="PASS" start="2024-06-19T06:20:55.851109" elapsed="0.000216"/>
</kw>
<kw name="Should Be String" owner="String">
<arg>${json_data['results'][0]['gender']}</arg>
<doc>Fails if the given ``item`` is not a string.</doc>
<status status="PASS" start="2024-06-19T06:20:55.851636" elapsed="0.000369"/>
</kw>
<kw name="Should Match Regexp" owner="BuiltIn">
<arg>${json_data['results'][0]['email']}</arg>
<arg>^[a-zA-Z0-9._%+-]+@[a-zA-Z0-9.-]+\.[a-zA-Z]{2,}$</arg>
<doc>Fails if ``string`` does not match ``pattern`` as a regular expression.</doc>
<status status="PASS" start="2024-06-19T06:20:55.852242" elapsed="0.000537"/>
</kw>
<kw name="Should Match Regexp" owner="BuiltIn">
<arg>${json_data['results'][0]['dob']['date']}</arg>
<arg>\\d{4}-\\d{2}-\\d{2}T\\d{2}:\\d{2}:\\d{2}\\.\\d{3}Z</arg>
<doc>Fails if ``string`` does not match ``pattern`` as a regular expression.</doc>
<status status="PASS" start="2024-06-19T06:20:55.853024" elapsed="0.000495"/>
</kw>
<kw name="Should Match Regexp" owner="BuiltIn">
<arg>${json_data['results'][0]['registered']['date']}</arg>
<arg>\\d{4}-\\d{2}-\\d{2}T\\d{2}:\\d{2}:\\d{2}\\.\\d{3}Z</arg>
<doc>Fails if ``string`` does not match ``pattern`` as a regular expression.</doc>
<status status="PASS" start="2024-06-19T06:20:55.853715" elapsed="0.000367"/>
</kw>
<kw name="Should Match Regexp" owner="BuiltIn">
<arg>${json_data['results'][0]['picture']['large']}</arg>
<arg>^https?://.*\.(?:png|jpe?g|gif|bmp)$</arg>
<doc>Fails if ``string`` does not match ``pattern`` as a regular expression.</doc>
<status status="PASS" start="2024-06-19T06:20:55.854269" elapsed="0.000464"/>
</kw>
<kw name="Should Match Regexp" owner="BuiltIn">
<arg>${json_data['results'][0]['picture']['medium']}</arg>
<arg>^https?://.*\.(?:png|jpe?g|gif|bmp)$</arg>
<doc>Fails if ``string`` does not match ``pattern`` as a regular expression.</doc>
<status status="PASS" start="2024-06-19T06:20:55.854925" elapsed="0.000364"/>
</kw>
<kw name="Should Match Regexp" owner="BuiltIn">
<arg>${json_data['results'][0]['picture']['thumbnail']}</arg>
<arg>^https?://.*\.(?:png|jpe?g|gif|bmp)$</arg>
<doc>Fails if ``string`` does not match ``pattern`` as a regular expression.</doc>
<status status="PASS" start="2024-06-19T06:20:55.855474" elapsed="0.000358"/>
</kw>
<kw name="Log" owner="BuiltIn">
<msg time="2024-06-19T06:20:55.856384" level="INFO">{'large': 'https://randomuser.me/api/portraits/women/73.jpg', 'medium': 'https://randomuser.me/api/portraits/med/women/73.jpg', 'thumbnail': 'https://randomuser.me/api/portraits/thumb/women/73.jpg'}</msg>
<arg>${json_data['results'][0]['picture']}</arg>
<doc>Logs the given message with the given level.</doc>
<status status="PASS" start="2024-06-19T06:20:55.856022" elapsed="0.000407"/>
</kw>
<status status="PASS" start="2024-06-19T06:20:55.766978" elapsed="0.089721"/>
</kw>
<kw name="Teste de Tipos de Dados - Postcode" owner="random-user-service">
<kw name="GET On Session" owner="RequestsLibrary">
<msg time="2024-06-19T06:20:55.956250" level="INFO">GET Request : url=https://randomuser.me/api 
 path_url=/api 
 headers={'User-Agent': 'python-requests/2.32.3', 'Accept-Encoding': 'gzip, deflate', 'Accept': '*/*', 'Connection': 'keep-alive'} 
 body=None 
 </msg>
<msg time="2024-06-19T06:20:55.956353" level="INFO">GET Response : url=https://randomuser.me/api 
 status=200, reason=OK 
 headers={'Date': 'Wed, 19 Jun 2024 06:20:55 GMT', 'Content-Type': 'application/json; charset=utf-8', 'Transfer-Encoding': 'chunked', 'Connection': 'keep-alive', 'X-Powered-By': 'Express', 'Access-Control-Allow-Origin': '*', 'Cache-Control': 'no-cache', 'ETag': 'W/"492-Mu7rHnsN6GF36S6w7MErFvXbePM"', 'Vary': 'Accept-Encoding', 'Content-Encoding': 'gzip', 'CF-Cache-Status': 'DYNAMIC', 'Report-To': '{"endpoints":[{"url":"https:\\/\\/a.nel.cloudflare.com\\/report\\/v4?s=TXYETfbyjHxHLOwvdGqpfyWU6ewXABexCPtuz4XOZlK0yqVxOHfbH4UncIW8Ixi5cFb7o97JXdIv4%2BZPhwcyd8sONGVJjRrT2GnZyXCQ1n8JjWYP3fixbQhNt%2BNeUomV"}],"group":"cf-nel","max_age":604800}', 'NEL': '{"success_fraction":0,"report_to":"cf-nel","max_age":604800}', 'Server': 'cloudflare', 'CF-RAY': '89616a812bda96cc-SJC', 'alt-svc': 'h3=":443"; ma=86400'} 
 body={"results":[{"gender":"male","name":{"title":"Mr","first":"William","last":"Mortensen"},"location":{"street":{"number":560,"name":"Egehegnet"},"city":"Branderup J","state":"Nordjylland","country":"Denmark","postcode":84303,"coordinates":{"latitude":"-45.6454","longitude":"-73.4090"},"timezone":{"offset":"-5:00","description":"Eastern Time (US &amp; Canada), Bogota, Lima"}},"email":"william.mortensen@example.com","login":{"uuid":"f830228d-e23a-4ef2-914f-e0acc68df521","username":"crazyzebra926","password":"adidas","salt":"4imQ60kv","md5":"4bd7318eb2e2a1a65eeb2a6b71e2eba4","sha1":"7e4492b04fffd59f21c5e8a5cbbd6e1329c1d1e0","sha256":"558de0743dc3746195e2f39201f3f697811d43062510fe06a64e3bcaa21cc05c"},"dob":{"date":"1947-05-11T16:23:56.105Z","age":77},"registered":{"date":"2015-02-05T09:45:51.462Z","age":9},"phone":"73589310","cell":"08539267","id":{"name":"CPR","value":"110547-3612"},"picture":{"large":"https://randomuser.me/api/portraits/men/80.jpg","medium":"https://randomuser.me/api/portraits/med/men/80.jpg","thumbnail":"https://randomuser.me/api/portraits/thumb/men/80.jpg"},"nat":"DK"}],"info":{"seed":"6b08f5d2ff94ea76","results":1,"page":1,"version":"1.4"}} 
 </msg>
<msg time="2024-06-19T06:20:55.956417" level="INFO">/opt/hostedtoolcache/Python/3.12.3/x64/lib/python3.12/site-packages/urllib3/connectionpool.py:1099: InsecureRequestWarning: Unverified HTTPS request is being made to host 'randomuser.me'. Adding certificate verification is strongly advised. See: https://urllib3.readthedocs.io/en/latest/advanced-usage.html#tls-warnings
  warnings.warn(</msg>
<msg time="2024-06-19T06:20:55.956518" level="INFO">${response} = &lt;Response [200]&gt;</msg>
<var>${response}</var>
<arg>consultarAPI</arg>
<arg>/api</arg>
<doc>Sends a GET request on a previously created HTTP Session.</doc>
<status status="PASS" start="2024-06-19T06:20:55.857168" elapsed="0.099383"/>
</kw>
<kw name="Set Variable" owner="BuiltIn">
<msg time="2024-06-19T06:20:55.957573" level="INFO">${json_data} = {'results': [{'gender': 'male', 'name': {'title': 'Mr', 'first': 'William', 'last': 'Mortensen'}, 'location': {'street': {'number': 560, 'name': 'Egehegnet'}, 'city': 'Branderup J', 'state': 'Nordjyll...</msg>
<var>${json_data}</var>
<arg>${response.json()}</arg>
<doc>Returns the given values which can then be assigned to a variables.</doc>
<status status="PASS" start="2024-06-19T06:20:55.956986" elapsed="0.000616"/>
</kw>
<kw name="Log" owner="BuiltIn">
<msg time="2024-06-19T06:20:55.958087" level="INFO">{'results': [{'gender': 'male', 'name': {'title': 'Mr', 'first': 'William', 'last': 'Mortensen'}, 'location': {'street': {'number': 560, 'name': 'Egehegnet'}, 'city': 'Branderup J', 'state': 'Nordjylland', 'country': 'Denmark', 'postcode': 84303, 'coordinates': {'latitude': '-45.6454', 'longitude': '-73.4090'}, 'timezone': {'offset': '-5:00', 'description': 'Eastern Time (US &amp; Canada), Bogota, Lima'}}, 'email': 'william.mortensen@example.com', 'login': {'uuid': 'f830228d-e23a-4ef2-914f-e0acc68df521', 'username': 'crazyzebra926', 'password': 'adidas', 'salt': '4imQ60kv', 'md5': '4bd7318eb2e2a1a65eeb2a6b71e2eba4', 'sha1': '7e4492b04fffd59f21c5e8a5cbbd6e1329c1d1e0', 'sha256': '558de0743dc3746195e2f39201f3f697811d43062510fe06a64e3bcaa21cc05c'}, 'dob': {'date': '1947-05-11T16:23:56.105Z', 'age': 77}, 'registered': {'date': '2015-02-05T09:45:51.462Z', 'age': 9}, 'phone': '73589310', 'cell': '08539267', 'id': {'name': 'CPR', 'value': '110547-3612'}, 'picture': {'large': 'https://randomuser.me/api/portraits/men/80.jpg', 'medium': 'https://randomuser.me/api/portraits/med/men/80.jpg', 'thumbnail': 'https://randomuser.me/api/portraits/thumb/men/80.jpg'}, 'nat': 'DK'}], 'info': {'seed': '6b08f5d2ff94ea76', 'results': 1, 'page': 1, 'version': '1.4'}}</msg>
<arg>${json_data}</arg>
<doc>Logs the given message with the given level.</doc>
<status status="PASS" start="2024-06-19T06:20:55.957926" elapsed="0.000211"/>
</kw>
<kw name="Should Be Equal As Numbers" owner="BuiltIn">
<arg>${json_data['results'][0]['location']['postcode']}</arg>
<arg>${json_data['results'][0]['location']['postcode']}</arg>
<doc>Fails if objects are unequal after converting them to real numbers.</doc>
<status status="PASS" start="2024-06-19T06:20:55.958443" elapsed="0.000623"/>
</kw>
<kw name="Log" owner="BuiltIn">
<msg time="2024-06-19T06:20:55.959601" level="INFO">84303</msg>
<arg>${json_data['results'][0]['location']['postcode']}</arg>
<doc>Logs the given message with the given level.</doc>
<status status="PASS" start="2024-06-19T06:20:55.959264" elapsed="0.000377"/>
</kw>
<status status="PASS" start="2024-06-19T06:20:55.856932" elapsed="0.103002"/>
</kw>
<doc>Testa se os tipos de dados na resposta da API estão corretos.</doc>
<tag>testeTiposDados</tag>
<status status="PASS" start="2024-06-19T06:20:55.766426" elapsed="0.193682"/>
</test>
<test id="s1-s1-t5" name="Validar conteudo" line="35">
<kw name="Teste de Tipos de Conteudo" owner="random-user-service">
<kw name="GET On Session" owner="RequestsLibrary">
<msg time="2024-06-19T06:20:56.060910" level="INFO">GET Request : url=https://randomuser.me/api 
 path_url=/api 
 headers={'User-Agent': 'python-requests/2.32.3', 'Accept-Encoding': 'gzip, deflate', 'Accept': '*/*', 'Connection': 'keep-alive'} 
 body=None 
 </msg>
<msg time="2024-06-19T06:20:56.061029" level="INFO">GET Response : url=https://randomuser.me/api 
 status=200, reason=OK 
 headers={'Date': 'Wed, 19 Jun 2024 06:20:56 GMT', 'Content-Type': 'application/json; charset=utf-8', 'Transfer-Encoding': 'chunked', 'Connection': 'keep-alive', 'X-Powered-By': 'Express', 'Access-Control-Allow-Origin': '*', 'Cache-Control': 'no-cache', 'ETag': 'W/"469-9OKqoMtIDtEl42YyUHAgNomBi2o"', 'Vary': 'Accept-Encoding', 'Content-Encoding': 'gzip', 'CF-Cache-Status': 'DYNAMIC', 'Report-To': '{"endpoints":[{"url":"https:\\/\\/a.nel.cloudflare.com\\/report\\/v4?s=4Viy6QILv1FzZa7YAy09Y5kf8Nf98HCId1qsmlrN4XUPd%2BmHihdJL90OdklgdvvNUPgzCSksHctnS155l14TQgMe0d2jBf4d9wxm21bdUoTZ%2FaMCuLS%2BMH4RlQAEg57S"}],"group":"cf-nel","max_age":604800}', 'NEL': '{"success_fraction":0,"report_to":"cf-nel","max_age":604800}', 'Server': 'cloudflare', 'CF-RAY': '89616a81cc3b96cc-SJC', 'alt-svc': 'h3=":443"; ma=86400'} 
 body={"results":[{"gender":"male","name":{"title":"Mr","first":"Albert","last":"Nielsen"},"location":{"street":{"number":1326,"name":"Kirkebyvej"},"city":"Noerre Alslev","state":"Syddanmark","country":"Denmark","postcode":77986,"coordinates":{"latitude":"-42.7060","longitude":"-24.9743"},"timezone":{"offset":"+3:30","description":"Tehran"}},"email":"albert.nielsen@example.com","login":{"uuid":"099268dc-8f0a-4b2b-927d-5210073ce281","username":"lazyswan396","password":"bummer","salt":"H0dOUiUM","md5":"32980b83ca0d0f03f073d5797753b21d","sha1":"f42fa7de23ee28eaca244f793f6a558b35548ffc","sha256":"9594598b776ebf20f5d1607e5e5a9fa1562ab22f4fca2c8b4b26f44621d34203"},"dob":{"date":"1952-05-27T08:48:24.004Z","age":72},"registered":{"date":"2003-08-26T07:37:12.753Z","age":20},"phone":"04279151","cell":"65668824","id":{"name":"CPR","value":"270552-6155"},"picture":{"large":"https://randomuser.me/api/portraits/men/1.jpg","medium":"https://randomuser.me/api/portraits/med/men/1.jpg","thumbnail":"https://randomuser.me/api/portraits/thumb/men/1.jpg"},"nat":"DK"}],"info":{"seed":"9e03266b5958909f","results":1,"page":1,"version":"1.4"}} 
 </msg>
<msg time="2024-06-19T06:20:56.061158" level="INFO">/opt/hostedtoolcache/Python/3.12.3/x64/lib/python3.12/site-packages/urllib3/connectionpool.py:1099: InsecureRequestWarning: Unverified HTTPS request is being made to host 'randomuser.me'. Adding certificate verification is strongly advised. See: https://urllib3.readthedocs.io/en/latest/advanced-usage.html#tls-warnings
  warnings.warn(</msg>
<msg time="2024-06-19T06:20:56.061319" level="INFO">${response} = &lt;Response [200]&gt;</msg>
<var>${response}</var>
<arg>consultarAPI</arg>
<arg>/api</arg>
<doc>Sends a GET request on a previously created HTTP Session.</doc>
<status status="PASS" start="2024-06-19T06:20:55.962793" elapsed="0.098586"/>
</kw>
<kw name="Set Variable" owner="BuiltIn">
<msg time="2024-06-19T06:20:56.062910" level="INFO">${json_data} = {'results': [{'gender': 'male', 'name': {'title': 'Mr', 'first': 'Albert', 'last': 'Nielsen'}, 'location': {'street': {'number': 1326, 'name': 'Kirkebyvej'}, 'city': 'Noerre Alslev', 'state': 'Syddanm...</msg>
<var>${json_data}</var>
<arg>${response.json()}</arg>
<doc>Returns the given values which can then be assigned to a variables.</doc>
<status status="PASS" start="2024-06-19T06:20:56.062094" elapsed="0.000846"/>
</kw>
<kw name="Set Variable" owner="BuiltIn">
<msg time="2024-06-19T06:20:56.063667" level="INFO">${name_title} = Mr</msg>
<var>${name_title}</var>
<arg>${json_data["results"][0]["name"]["title"]}</arg>
<doc>Returns the given values which can then be assigned to a variables.</doc>
<status status="PASS" start="2024-06-19T06:20:56.063269" elapsed="0.000423"/>
</kw>
<kw name="Create List" owner="BuiltIn">
<msg time="2024-06-19T06:20:56.064137" level="INFO">${allowed_titles} = ['Mr', 'Ms', 'Miss', 'Mrs', 'Madame', 'Monsieur']</msg>
<var>${allowed_titles}</var>
<arg>Mr</arg>
<arg>Ms</arg>
<arg>Miss</arg>
<arg>Mrs</arg>
<arg>Madame</arg>
<arg>Monsieur</arg>
<doc>Returns a list containing given items.</doc>
<status status="PASS" start="2024-06-19T06:20:56.063988" elapsed="0.000173"/>
</kw>
<kw name="List Should Contain Value" owner="Collections">
<arg>${allowed_titles}</arg>
<arg>${name_title}</arg>
<doc>Fails if the ``value`` is not found from ``list``.</doc>
<status status="PASS" start="2024-06-19T06:20:56.064512" elapsed="0.000179"/>
</kw>
<kw name="Set Variable" owner="BuiltIn">
<msg time="2024-06-19T06:20:56.065236" level="INFO">${name_country} = DK</msg>
<var>${name_country}</var>
<arg>${json_data["results"][0]["nat"]}</arg>
<doc>Returns the given values which can then be assigned to a variables.</doc>
<status status="PASS" start="2024-06-19T06:20:56.064869" elapsed="0.000392"/>
</kw>
<kw name="Create List" owner="BuiltIn">
<msg time="2024-06-19T06:20:56.066178" level="INFO">${list_country} = ['AD', 'AE', 'AF', 'AG', 'AI', 'AL', 'AM', 'AO', 'AQ', 'AR', 'AS', 'AT', 'AU', 'AW', 'AX', 'AZ', 'BA', 'BB', 'BD', 'BE', 'BF', 'BG', 'BH', 'BI', 'BJ', 'BL', 'BM', 'BN', 'BO', 'BQ', 'BR', 'BS', 'BT', '...</msg>
<var>${list_country}</var>
<arg>AD</arg>
<arg>AE</arg>
<arg>AF</arg>
<arg>AG</arg>
<arg>AI</arg>
<arg>AL</arg>
<arg>AM</arg>
<arg>AO</arg>
<arg>AQ</arg>
<arg>AR</arg>
<arg>AS</arg>
<arg>AT</arg>
<arg>AU</arg>
<arg>AW</arg>
<arg>AX</arg>
<arg>AZ</arg>
<arg>BA</arg>
<arg>BB</arg>
<arg>BD</arg>
<arg>BE</arg>
<arg>BF</arg>
<arg>BG</arg>
<arg>BH</arg>
<arg>BI</arg>
<arg>BJ</arg>
<arg>BL</arg>
<arg>BM</arg>
<arg>BN</arg>
<arg>BO</arg>
<arg>BQ</arg>
<arg>BR</arg>
<arg>BS</arg>
<arg>BT</arg>
<arg>BV</arg>
<arg>BW</arg>
<arg>BY</arg>
<arg>BZ</arg>
<arg>CA</arg>
<arg>CC</arg>
<arg>CD</arg>
<arg>CF</arg>
<arg>CG</arg>
<arg>CH</arg>
<arg>CI</arg>
<arg>CK</arg>
<arg>CL</arg>
<arg>CM</arg>
<arg>CN</arg>
<arg>CO</arg>
<arg>CR</arg>
<arg>CU</arg>
<arg>CV</arg>
<arg>CW</arg>
<arg>CX</arg>
<arg>CY</arg>
<arg>CZ</arg>
<arg>DE</arg>
<arg>DJ</arg>
<arg>DK</arg>
<arg>DM</arg>
<arg>DO</arg>
<arg>DZ</arg>
<arg>EC</arg>
<arg>EE</arg>
<arg>EG</arg>
<arg>EH</arg>
<arg>ER</arg>
<arg>ES</arg>
<arg>ET</arg>
<arg>FI</arg>
<arg>FJ</arg>
<arg>FK</arg>
<arg>FM</arg>
<arg>FO</arg>
<arg>FR</arg>
<arg>GA</arg>
<arg>GB</arg>
<arg>GD</arg>
<arg>GE</arg>
<arg>GF</arg>
<arg>GG</arg>
<arg>GH</arg>
<arg>GI</arg>
<arg>GL</arg>
<arg>GM</arg>
<arg>GN</arg>
<arg>GP</arg>
<arg>GQ</arg>
<arg>GR</arg>
<arg>GS</arg>
<arg>GT</arg>
<arg>GU</arg>
<arg>GW</arg>
<arg>GY</arg>
<arg>HK</arg>
<arg>HM</arg>
<arg>HN</arg>
<arg>HR</arg>
<arg>HT</arg>
<arg>HU</arg>
<arg>ID</arg>
<arg>IE</arg>
<arg>IL</arg>
<arg>IM</arg>
<arg>IN</arg>
<arg>IO</arg>
<arg>IQ</arg>
<arg>IR</arg>
<arg>IS</arg>
<arg>IT</arg>
<arg>JE</arg>
<arg>JM</arg>
<arg>JO</arg>
<arg>JP</arg>
<arg>KE</arg>
<arg>KG</arg>
<arg>KH</arg>
<arg>KI</arg>
<arg>KM</arg>
<arg>KN</arg>
<arg>KP</arg>
<arg>KR</arg>
<arg>KW</arg>
<arg>KY</arg>
<arg>KZ</arg>
<arg>LA</arg>
<arg>LB</arg>
<arg>LC</arg>
<arg>LI</arg>
<arg>LK</arg>
<arg>LR</arg>
<arg>LS</arg>
<arg>LT</arg>
<arg>LU</arg>
<arg>LV</arg>
<arg>LY</arg>
<arg>MA</arg>
<arg>MC</arg>
<arg>MD</arg>
<arg>ME</arg>
<arg>MF</arg>
<arg>MG</arg>
<arg>MH</arg>
<arg>MK</arg>
<arg>ML</arg>
<arg>MM</arg>
<arg>MN</arg>
<arg>MO</arg>
<arg>MP</arg>
<arg>MQ</arg>
<arg>MR</arg>
<arg>MS</arg>
<arg>MT</arg>
<arg>MU</arg>
<arg>MV</arg>
<arg>MW</arg>
<arg>MX</arg>
<arg>MY</arg>
<arg>MZ</arg>
<arg>NA</arg>
<arg>NC</arg>
<arg>NE</arg>
<arg>NF</arg>
<arg>NG</arg>
<arg>NI</arg>
<arg>NL</arg>
<arg>NO</arg>
<arg>NP</arg>
<arg>NR</arg>
<arg>NU</arg>
<arg>NZ</arg>
<arg>OM</arg>
<arg>PA</arg>
<arg>PE</arg>
<arg>PF</arg>
<arg>PG</arg>
<arg>PH</arg>
<arg>PK</arg>
<arg>PL</arg>
<arg>PM</arg>
<arg>PN</arg>
<arg>PR</arg>
<arg>PS</arg>
<arg>PT</arg>
<arg>PW</arg>
<arg>PY</arg>
<arg>QA</arg>
<arg>RE</arg>
<arg>RO</arg>
<arg>RS</arg>
<arg>RU</arg>
<arg>RW</arg>
<arg>SA</arg>
<arg>SB</arg>
<arg>SC</arg>
<arg>SD</arg>
<arg>SE</arg>
<arg>SG</arg>
<arg>SH</arg>
<arg>SI</arg>
<arg>SJ</arg>
<arg>SK</arg>
<arg>SL</arg>
<arg>SM</arg>
<arg>SN</arg>
<arg>SO</arg>
<arg>SR</arg>
<arg>SS</arg>
<arg>ST</arg>
<arg>SV</arg>
<arg>SX</arg>
<arg>SY</arg>
<arg>SZ</arg>
<arg>TC</arg>
<arg>TD</arg>
<arg>TF</arg>
<arg>TG</arg>
<arg>TH</arg>
<arg>TJ</arg>
<arg>TK</arg>
<arg>TL</arg>
<arg>TM</arg>
<arg>TN</arg>
<arg>TO</arg>
<arg>TR</arg>
<arg>TT</arg>
<arg>TV</arg>
<arg>TW</arg>
<arg>TZ</arg>
<arg>UA</arg>
<arg>UG</arg>
<arg>UM</arg>
<arg>US</arg>
<arg>UY</arg>
<arg>UZ</arg>
<arg>VA</arg>
<arg>VC</arg>
<arg>VE</arg>
<arg>VG</arg>
<arg>VI</arg>
<arg>VN</arg>
<arg>VU</arg>
<arg>WF</arg>
<arg>WS</arg>
<arg>XK</arg>
<arg>YE</arg>
<arg>YT</arg>
<arg>ZA</arg>
<arg>ZM</arg>
<arg>ZW</arg>
<doc>Returns a list containing given items.</doc>
<status status="PASS" start="2024-06-19T06:20:56.065551" elapsed="0.000653"/>
</kw>
<kw name="List Should Contain Value" owner="Collections">
<arg>${list_country}</arg>
<arg>${name_country}</arg>
<doc>Fails if the ``value`` is not found from ``list``.</doc>
<status status="PASS" start="2024-06-19T06:20:56.066998" elapsed="0.000207"/>
</kw>
<kw name="Run Keyword If" owner="BuiltIn">
<kw name="Should Be True" owner="BuiltIn">
<arg>${True}</arg>
<doc>Fails if the given condition is not true.</doc>
<status status="PASS" start="2024-06-19T06:20:56.068160" elapsed="0.000172"/>
</kw>
<arg>${json_data["results"][0]["location"]["coordinates"]["latitude"]} &gt;= -90 and ${json_data["results"][0]["location"]["coordinates"]["latitude"]} &lt;= 90</arg>
<arg>Should Be True</arg>
<arg>${True}</arg>
<doc>Runs the given keyword with the given arguments, if ``condition`` is true.</doc>
<status status="PASS" start="2024-06-19T06:20:56.067407" elapsed="0.001051"/>
</kw>
<kw name="Run Keyword If" owner="BuiltIn">
<kw name="Should Be True" owner="BuiltIn">
<arg>${True}</arg>
<doc>Fails if the given condition is not true.</doc>
<status status="PASS" start="2024-06-19T06:20:56.069331" elapsed="0.000139"/>
</kw>
<arg>${json_data["results"][0]["location"]["coordinates"]["longitude"]} &gt;= -180 and ${json_data["results"][0]["location"]["coordinates"]["longitude"]} &lt;= 180</arg>
<arg>Should Be True</arg>
<arg>${True}</arg>
<doc>Runs the given keyword with the given arguments, if ``condition`` is true.</doc>
<status status="PASS" start="2024-06-19T06:20:56.068642" elapsed="0.000952"/>
</kw>
<status status="PASS" start="2024-06-19T06:20:55.962405" elapsed="0.107318"/>
</kw>
<doc>Testa o conteúdo específico dos campos retornados pela API.</doc>
<tag>testeConteudo</tag>
<status status="PASS" start="2024-06-19T06:20:55.961949" elapsed="0.107929"/>
</test>
<status status="PASS" start="2024-06-19T06:20:55.168018" elapsed="0.903819"/>
</suite>
<status status="PASS" start="2024-06-19T06:20:55.154151" elapsed="0.923035"/>
</suite>
<statistics>
<total>
<stat pass="5" fail="0" skip="0">All Tests</stat>
</total>
<tag>
<stat pass="1" fail="0" skip="0">testeConteudo</stat>
<stat pass="1" fail="0" skip="0">testeEstruturaResposta</stat>
<stat pass="1" fail="0" skip="0">testeRequisicaoBasica</stat>
<stat pass="1" fail="0" skip="0">testeTiposDados</stat>
</tag>
<suite>
<stat pass="5" fail="0" skip="0" id="s1" name="Tests">Tests</stat>
<stat pass="5" fail="0" skip="0" id="s1-s1" name="Random-User-Test">Tests.Random-User-Test</stat>
</suite>
</statistics>
<errors>
</errors>
</robot>
