<?xml version="1.0" encoding="UTF-8"?>
<robot generator="Robot 7.0.1 (Python 3.12.4 on linux)" generated="2024-07-19T10:15:45.591863" rpa="false" schemaversion="5">
<suite id="s1" name="Tests" source="/home/runner/work/ApiRandomUser/ApiRandomUser/RamdonUser/tests">
<suite id="s1-s1" name="Random-User-Test" source="/home/runner/work/ApiRandomUser/ApiRandomUser/RamdonUser/tests/random-user-test.robot">
<test id="s1-s1-t1" name="Conectar" line="13">
<kw name="Conectar API" owner="random-user-service">
<kw name="Create Session" owner="RequestsLibrary">
<msg time="2024-07-19T10:15:45.995347" level="INFO">Creating Session using : alias=consultarAPI, url=https://randomuser.me/, headers={},                     cookies={}, auth=None, timeout=None, proxies=None, verify=False,                     debug=0 </msg>
<arg>consultarAPI</arg>
<arg>${URL}</arg>
<doc>Create Session: create a HTTP session to a server</doc>
<status status="PASS" start="2024-07-19T10:15:45.995129" elapsed="0.000408"/>
</kw>
<status status="PASS" start="2024-07-19T10:15:45.994031" elapsed="0.001880"/>
</kw>
<status status="PASS" start="2024-07-19T10:15:45.993366" elapsed="0.002744"/>
</test>
<test id="s1-s1-t2" name="Validar retorno 200 e JSON Válido" line="16">
<kw name="Teste de Requisicao Basica" owner="random-user-service">
<kw name="GET On Session" owner="RequestsLibrary">
<msg time="2024-07-19T10:15:46.168440" level="INFO">GET Request : url=https://randomuser.me/api 
 path_url=/api 
 headers={'User-Agent': 'python-requests/2.32.3', 'Accept-Encoding': 'gzip, deflate', 'Accept': '*/*', 'Connection': 'keep-alive'} 
 body=None 
 </msg>
<msg time="2024-07-19T10:15:46.168614" level="INFO">GET Response : url=https://randomuser.me/api 
 status=200, reason=OK 
 headers={'Date': 'Fri, 19 Jul 2024 10:15:46 GMT', 'Content-Type': 'application/json; charset=utf-8', 'Transfer-Encoding': 'chunked', 'Connection': 'keep-alive', 'X-Powered-By': 'Express', 'Access-Control-Allow-Origin': '*', 'Cache-Control': 'no-cache', 'ETag': 'W/"496-h56K2vjN9Ipq4howeYOy/7Gvo/s"', 'Vary': 'Accept-Encoding', 'Content-Encoding': 'gzip', 'CF-Cache-Status': 'DYNAMIC', 'Report-To': '{"endpoints":[{"url":"https:\\/\\/a.nel.cloudflare.com\\/report\\/v4?s=5iHu7GNKdc5ZClG3VTMzpggGLoOUZ%2Bab6v95NYratxM13KmwOFWf0iLSgzM9FviJERzLQSUvMQHe80PDmKVnGYq%2BbgWaynoA%2BNYEXkirkn%2BN6TLY9QAUTR26V9k%2F4J9Q"}],"group":"cf-nel","max_age":604800}', 'NEL': '{"success_fraction":0,"report_to":"cf-nel","max_age":604800}', 'Server': 'cloudflare', 'CF-RAY': '8a59f3c15af69c8a-IAD', 'alt-svc': 'h3=":443"; ma=86400'} 
 body={"results":[{"gender":"female","name":{"title":"Mrs","first":"Swathi","last":"Pujari"},"location":{"street":{"number":8343,"name":"Mall Rd"},"city":"Shivpuri","state":"Lakshadweep","country":"India","postcode":64360,"coordinates":{"latitude":"9.3977","longitude":"11.1431"},"timezone":{"offset":"+5:00","description":"Ekaterinburg, Islamabad, Karachi, Tashkent"}},"email":"swathi.pujari@example.com","login":{"uuid":"eb6bd7d8-90f4-4877-8db3-3d2eccc69408","username":"blueelephant869","password":"pictere","salt":"c9rHBBH1","md5":"6605298aac65d69e5efe4a95755a428f","sha1":"8e4f28b01804f6476bd903b780f66a02fd8dca83","sha256":"bf735be10342830ed3570d2bd5e2461b60b53e80f009bd3927308bd872ae4e9d"},"dob":{"date":"1955-04-17T11:00:24.271Z","age":69},"registered":{"date":"2021-02-01T22:09:09.661Z","age":3},"phone":"9745305465","cell":"9489488534","id":{"name":"UIDAI","value":"739163798808"},"picture":{"large":"https://randomuser.me/api/portraits/women/76.jpg","medium":"https://randomuser.me/api/portraits/med/women/76.jpg","thumbnail":"https://randomuser.me/api/portraits/thumb/women/76.jpg"},"nat":"IN"}],"info":{"seed":"a11e8e64f2f6f18d","results":1,"page":1,"version":"1.4"}} 
 </msg>
<msg time="2024-07-19T10:15:46.168709" level="INFO">/opt/hostedtoolcache/Python/3.12.4/x64/lib/python3.12/site-packages/urllib3/connectionpool.py:1099: InsecureRequestWarning: Unverified HTTPS request is being made to host 'randomuser.me'. Adding certificate verification is strongly advised. See: https://urllib3.readthedocs.io/en/latest/advanced-usage.html#tls-warnings
  warnings.warn(</msg>
<msg time="2024-07-19T10:15:46.168877" level="INFO">${response} = &lt;Response [200]&gt;</msg>
<var>${response}</var>
<arg>consultarAPI</arg>
<arg>/api</arg>
<doc>Sends a GET request on a previously created HTTP Session.</doc>
<status status="PASS" start="2024-07-19T10:15:45.998846" elapsed="0.170081"/>
</kw>
<kw name="Should Be Equal As Numbers" owner="BuiltIn">
<msg time="2024-07-19T10:15:46.170115" level="INFO">Argument types are:
&lt;class 'int'&gt;
&lt;class 'str'&gt;</msg>
<arg>${response.status_code}</arg>
<arg>200</arg>
<doc>Fails if objects are unequal after converting them to real numbers.</doc>
<status status="PASS" start="2024-07-19T10:15:46.169610" elapsed="0.000576"/>
</kw>
<kw name="Log" owner="BuiltIn">
<msg time="2024-07-19T10:15:46.170988" level="INFO">200</msg>
<arg>${response.status_code}</arg>
<doc>Logs the given message with the given level.</doc>
<status status="PASS" start="2024-07-19T10:15:46.170611" elapsed="0.000421"/>
</kw>
<kw name="Set Variable" owner="BuiltIn">
<msg time="2024-07-19T10:15:46.171795" level="INFO">${json_data} = {'results': [{'gender': 'female', 'name': {'title': 'Mrs', 'first': 'Swathi', 'last': 'Pujari'}, 'location': {'street': {'number': 8343, 'name': 'Mall Rd'}, 'city': 'Shivpuri', 'state': 'Lakshadweep',...</msg>
<var>${json_data}</var>
<arg>${response.json()}</arg>
<doc>Returns the given values which can then be assigned to a variables.</doc>
<status status="PASS" start="2024-07-19T10:15:46.171357" elapsed="0.000466"/>
</kw>
<kw name="Dictionary Should Contain Key" owner="Collections">
<arg>${json_data}</arg>
<arg>results</arg>
<doc>Fails if ``key`` is not found from ``dictionary``.</doc>
<status status="PASS" start="2024-07-19T10:15:46.172139" elapsed="0.000331"/>
</kw>
<status status="PASS" start="2024-07-19T10:15:45.998587" elapsed="0.174043"/>
</kw>
<doc>Testa se a API responde corretamente e retorna um objeto JSON válido.</doc>
<tag>testeRequisicaoBasica</tag>
<status status="PASS" start="2024-07-19T10:15:45.997992" elapsed="0.174817"/>
</test>
<test id="s1-s1-t3" name="Validar estrutura de resposta" line="22">
<kw name="Teste de Estrutura de Resposta" owner="random-user-service">
<kw name="GET On Session" owner="RequestsLibrary">
<msg time="2024-07-19T10:15:46.272176" level="INFO">GET Request : url=https://randomuser.me/api 
 path_url=/api 
 headers={'User-Agent': 'python-requests/2.32.3', 'Accept-Encoding': 'gzip, deflate', 'Accept': '*/*', 'Connection': 'keep-alive'} 
 body=None 
 </msg>
<msg time="2024-07-19T10:15:46.272268" level="INFO">GET Response : url=https://randomuser.me/api 
 status=200, reason=OK 
 headers={'Date': 'Fri, 19 Jul 2024 10:15:46 GMT', 'Content-Type': 'application/json; charset=utf-8', 'Transfer-Encoding': 'chunked', 'Connection': 'keep-alive', 'X-Powered-By': 'Express', 'Access-Control-Allow-Origin': '*', 'Cache-Control': 'no-cache', 'ETag': 'W/"481-tJ149BO2NRz+jPMsjmNFQiye2Nw"', 'Vary': 'Accept-Encoding', 'Content-Encoding': 'gzip', 'CF-Cache-Status': 'DYNAMIC', 'Report-To': '{"endpoints":[{"url":"https:\\/\\/a.nel.cloudflare.com\\/report\\/v4?s=0bfRRLn3nOvuZ2TMM%2BKxnxhRPtVmZA2EI7U1Ys8BdUdjIBP8Uz9vWsITkc37GSVHkmaUN1ARGypRB9KNHSm5pVHT4%2BoUiEj3OJ4P5fTFtjFgrgetItDlkPP8gGJX0X9h"}],"group":"cf-nel","max_age":604800}', 'NEL': '{"success_fraction":0,"report_to":"cf-nel","max_age":604800}', 'Server': 'cloudflare', 'CF-RAY': '8a59f3c19b279c8a-IAD', 'alt-svc': 'h3=":443"; ma=86400'} 
 body={"results":[{"gender":"male","name":{"title":"Mr","first":"Olai","last":"Mardal"},"location":{"street":{"number":2789,"name":"Sjølyst plass"},"city":"Vikavågen","state":"Vestfold","country":"Norway","postcode":"6751","coordinates":{"latitude":"41.9886","longitude":"-128.7017"},"timezone":{"offset":"+1:00","description":"Brussels, Copenhagen, Madrid, Paris"}},"email":"olai.mardal@example.com","login":{"uuid":"b874cefa-47bb-4801-9d3f-db6a4dbdca66","username":"bluewolf851","password":"stefan","salt":"qBSRFchx","md5":"4a1460c9b426b95cf19a58a9edd10ef9","sha1":"936db79c195db47e2e38e678bcc3afbf28431d9b","sha256":"c913fd1ed3d3940e451c48939cb149ff9751a28c45ac72e538d3b697759a4b57"},"dob":{"date":"1984-01-23T12:48:19.622Z","age":40},"registered":{"date":"2010-10-16T11:38:25.145Z","age":13},"phone":"38787644","cell":"91457649","id":{"name":"FN","value":"23018410354"},"picture":{"large":"https://randomuser.me/api/portraits/men/64.jpg","medium":"https://randomuser.me/api/portraits/med/men/64.jpg","thumbnail":"https://randomuser.me/api/portraits/thumb/men/64.jpg"},"nat":"NO"}],"info":{"seed":"8128193aaf7684b0","results":1,"page":1,"version":"1.4"}} 
 </msg>
<msg time="2024-07-19T10:15:46.272394" level="INFO">/opt/hostedtoolcache/Python/3.12.4/x64/lib/python3.12/site-packages/urllib3/connectionpool.py:1099: InsecureRequestWarning: Unverified HTTPS request is being made to host 'randomuser.me'. Adding certificate verification is strongly advised. See: https://urllib3.readthedocs.io/en/latest/advanced-usage.html#tls-warnings
  warnings.warn(</msg>
<msg time="2024-07-19T10:15:46.272517" level="INFO">${response} = &lt;Response [200]&gt;</msg>
<var>${response}</var>
<arg>consultarAPI</arg>
<arg>/api</arg>
<doc>Sends a GET request on a previously created HTTP Session.</doc>
<status status="PASS" start="2024-07-19T10:15:46.175544" elapsed="0.097014"/>
</kw>
<kw name="Set Variable" owner="BuiltIn">
<msg time="2024-07-19T10:15:46.273783" level="INFO">${json_data} = {'results': [{'gender': 'male', 'name': {'title': 'Mr', 'first': 'Olai', 'last': 'Mardal'}, 'location': {'street': {'number': 2789, 'name': 'Sjølyst plass'}, 'city': 'Vikavågen', 'state': 'Vestfold', ...</msg>
<var>${json_data}</var>
<arg>${response.json()}</arg>
<doc>Returns the given values which can then be assigned to a variables.</doc>
<status status="PASS" start="2024-07-19T10:15:46.273155" elapsed="0.000659"/>
</kw>
<kw name="Log" owner="BuiltIn">
<msg time="2024-07-19T10:15:46.274331" level="INFO">{'results': [{'gender': 'male', 'name': {'title': 'Mr', 'first': 'Olai', 'last': 'Mardal'}, 'location': {'street': {'number': 2789, 'name': 'Sjølyst plass'}, 'city': 'Vikavågen', 'state': 'Vestfold', 'country': 'Norway', 'postcode': '6751', 'coordinates': {'latitude': '41.9886', 'longitude': '-128.7017'}, 'timezone': {'offset': '+1:00', 'description': 'Brussels, Copenhagen, Madrid, Paris'}}, 'email': 'olai.mardal@example.com', 'login': {'uuid': 'b874cefa-47bb-4801-9d3f-db6a4dbdca66', 'username': 'bluewolf851', 'password': 'stefan', 'salt': 'qBSRFchx', 'md5': '4a1460c9b426b95cf19a58a9edd10ef9', 'sha1': '936db79c195db47e2e38e678bcc3afbf28431d9b', 'sha256': 'c913fd1ed3d3940e451c48939cb149ff9751a28c45ac72e538d3b697759a4b57'}, 'dob': {'date': '1984-01-23T12:48:19.622Z', 'age': 40}, 'registered': {'date': '2010-10-16T11:38:25.145Z', 'age': 13}, 'phone': '38787644', 'cell': '91457649', 'id': {'name': 'FN', 'value': '23018410354'}, 'picture': {'large': 'https://randomuser.me/api/portraits/men/64.jpg', 'medium': 'https://randomuser.me/api/portraits/med/men/64.jpg', 'thumbnail': 'https://randomuser.me/api/portraits/thumb/men/64.jpg'}, 'nat': 'NO'}], 'info': {'seed': '8128193aaf7684b0', 'results': 1, 'page': 1, 'version': '1.4'}}</msg>
<arg>${json_data}</arg>
<doc>Logs the given message with the given level.</doc>
<status status="PASS" start="2024-07-19T10:15:46.274159" elapsed="0.000262"/>
</kw>
<kw name="Dictionary Should Contain Key" owner="Collections">
<arg>${json_data}</arg>
<arg>results</arg>
<doc>Fails if ``key`` is not found from ``dictionary``.</doc>
<status status="PASS" start="2024-07-19T10:15:46.274750" elapsed="0.000166"/>
</kw>
<kw name="Should Not Be Empty" owner="BuiltIn">
<msg time="2024-07-19T10:15:46.275241" level="INFO">Length is 2.</msg>
<arg>${json_data}</arg>
<doc>Verifies that the given item is not empty.</doc>
<status status="PASS" start="2024-07-19T10:15:46.275106" elapsed="0.000174"/>
</kw>
<kw name="Create List" owner="BuiltIn">
<msg time="2024-07-19T10:15:46.275738" level="INFO">${expected_keys} = ['gender', 'name', 'location', 'email', 'login']</msg>
<var>${expected_keys}</var>
<arg>gender</arg>
<arg>name</arg>
<arg>location</arg>
<arg>email</arg>
<arg>login</arg>
<doc>Returns a list containing given items.</doc>
<status status="PASS" start="2024-07-19T10:15:46.275575" elapsed="0.000187"/>
</kw>
<for flavor="IN">
<iter>
<kw name="Dictionary Should Contain Key" owner="Collections">
<arg>${json_data['results'][0]}</arg>
<arg>${key}</arg>
<doc>Fails if ``key`` is not found from ``dictionary``.</doc>
<status status="PASS" start="2024-07-19T10:15:46.276365" elapsed="0.000415"/>
</kw>
<kw name="Log" owner="BuiltIn">
<msg time="2024-07-19T10:15:46.277328" level="INFO">{'gender': 'male', 'name': {'title': 'Mr', 'first': 'Olai', 'last': 'Mardal'}, 'location': {'street': {'number': 2789, 'name': 'Sjølyst plass'}, 'city': 'Vikavågen', 'state': 'Vestfold', 'country': 'Norway', 'postcode': '6751', 'coordinates': {'latitude': '41.9886', 'longitude': '-128.7017'}, 'timezone': {'offset': '+1:00', 'description': 'Brussels, Copenhagen, Madrid, Paris'}}, 'email': 'olai.mardal@example.com', 'login': {'uuid': 'b874cefa-47bb-4801-9d3f-db6a4dbdca66', 'username': 'bluewolf851', 'password': 'stefan', 'salt': 'qBSRFchx', 'md5': '4a1460c9b426b95cf19a58a9edd10ef9', 'sha1': '936db79c195db47e2e38e678bcc3afbf28431d9b', 'sha256': 'c913fd1ed3d3940e451c48939cb149ff9751a28c45ac72e538d3b697759a4b57'}, 'dob': {'date': '1984-01-23T12:48:19.622Z', 'age': 40}, 'registered': {'date': '2010-10-16T11:38:25.145Z', 'age': 13}, 'phone': '38787644', 'cell': '91457649', 'id': {'name': 'FN', 'value': '23018410354'}, 'picture': {'large': 'https://randomuser.me/api/portraits/men/64.jpg', 'medium': 'https://randomuser.me/api/portraits/med/men/64.jpg', 'thumbnail': 'https://randomuser.me/api/portraits/thumb/men/64.jpg'}, 'nat': 'NO'}</msg>
<arg>${json_data['results'][0]}</arg>
<doc>Logs the given message with the given level.</doc>
<status status="PASS" start="2024-07-19T10:15:46.276970" elapsed="0.000409"/>
</kw>
<kw name="Log" owner="BuiltIn">
<msg time="2024-07-19T10:15:46.277812" level="INFO">gender</msg>
<arg>${key}</arg>
<doc>Logs the given message with the given level.</doc>
<status status="PASS" start="2024-07-19T10:15:46.277684" elapsed="0.000166"/>
</kw>
<var name="${key}">gender</var>
<status status="PASS" start="2024-07-19T10:15:46.276233" elapsed="0.001833"/>
</iter>
<iter>
<kw name="Dictionary Should Contain Key" owner="Collections">
<arg>${json_data['results'][0]}</arg>
<arg>${key}</arg>
<doc>Fails if ``key`` is not found from ``dictionary``.</doc>
<status status="PASS" start="2024-07-19T10:15:46.278400" elapsed="0.000420"/>
</kw>
<kw name="Log" owner="BuiltIn">
<msg time="2024-07-19T10:15:46.279368" level="INFO">{'gender': 'male', 'name': {'title': 'Mr', 'first': 'Olai', 'last': 'Mardal'}, 'location': {'street': {'number': 2789, 'name': 'Sjølyst plass'}, 'city': 'Vikavågen', 'state': 'Vestfold', 'country': 'Norway', 'postcode': '6751', 'coordinates': {'latitude': '41.9886', 'longitude': '-128.7017'}, 'timezone': {'offset': '+1:00', 'description': 'Brussels, Copenhagen, Madrid, Paris'}}, 'email': 'olai.mardal@example.com', 'login': {'uuid': 'b874cefa-47bb-4801-9d3f-db6a4dbdca66', 'username': 'bluewolf851', 'password': 'stefan', 'salt': 'qBSRFchx', 'md5': '4a1460c9b426b95cf19a58a9edd10ef9', 'sha1': '936db79c195db47e2e38e678bcc3afbf28431d9b', 'sha256': 'c913fd1ed3d3940e451c48939cb149ff9751a28c45ac72e538d3b697759a4b57'}, 'dob': {'date': '1984-01-23T12:48:19.622Z', 'age': 40}, 'registered': {'date': '2010-10-16T11:38:25.145Z', 'age': 13}, 'phone': '38787644', 'cell': '91457649', 'id': {'name': 'FN', 'value': '23018410354'}, 'picture': {'large': 'https://randomuser.me/api/portraits/men/64.jpg', 'medium': 'https://randomuser.me/api/portraits/med/men/64.jpg', 'thumbnail': 'https://randomuser.me/api/portraits/thumb/men/64.jpg'}, 'nat': 'NO'}</msg>
<arg>${json_data['results'][0]}</arg>
<doc>Logs the given message with the given level.</doc>
<status status="PASS" start="2024-07-19T10:15:46.279007" elapsed="0.000444"/>
</kw>
<kw name="Log" owner="BuiltIn">
<msg time="2024-07-19T10:15:46.279881" level="INFO">name</msg>
<arg>${key}</arg>
<doc>Logs the given message with the given level.</doc>
<status status="PASS" start="2024-07-19T10:15:46.279753" elapsed="0.000166"/>
</kw>
<var name="${key}">name</var>
<status status="PASS" start="2024-07-19T10:15:46.278254" elapsed="0.001881"/>
</iter>
<iter>
<kw name="Dictionary Should Contain Key" owner="Collections">
<arg>${json_data['results'][0]}</arg>
<arg>${key}</arg>
<doc>Fails if ``key`` is not found from ``dictionary``.</doc>
<status status="PASS" start="2024-07-19T10:15:46.280418" elapsed="0.000380"/>
</kw>
<kw name="Log" owner="BuiltIn">
<msg time="2024-07-19T10:15:46.281346" level="INFO">{'gender': 'male', 'name': {'title': 'Mr', 'first': 'Olai', 'last': 'Mardal'}, 'location': {'street': {'number': 2789, 'name': 'Sjølyst plass'}, 'city': 'Vikavågen', 'state': 'Vestfold', 'country': 'Norway', 'postcode': '6751', 'coordinates': {'latitude': '41.9886', 'longitude': '-128.7017'}, 'timezone': {'offset': '+1:00', 'description': 'Brussels, Copenhagen, Madrid, Paris'}}, 'email': 'olai.mardal@example.com', 'login': {'uuid': 'b874cefa-47bb-4801-9d3f-db6a4dbdca66', 'username': 'bluewolf851', 'password': 'stefan', 'salt': 'qBSRFchx', 'md5': '4a1460c9b426b95cf19a58a9edd10ef9', 'sha1': '936db79c195db47e2e38e678bcc3afbf28431d9b', 'sha256': 'c913fd1ed3d3940e451c48939cb149ff9751a28c45ac72e538d3b697759a4b57'}, 'dob': {'date': '1984-01-23T12:48:19.622Z', 'age': 40}, 'registered': {'date': '2010-10-16T11:38:25.145Z', 'age': 13}, 'phone': '38787644', 'cell': '91457649', 'id': {'name': 'FN', 'value': '23018410354'}, 'picture': {'large': 'https://randomuser.me/api/portraits/men/64.jpg', 'medium': 'https://randomuser.me/api/portraits/med/men/64.jpg', 'thumbnail': 'https://randomuser.me/api/portraits/thumb/men/64.jpg'}, 'nat': 'NO'}</msg>
<arg>${json_data['results'][0]}</arg>
<doc>Logs the given message with the given level.</doc>
<status status="PASS" start="2024-07-19T10:15:46.280989" elapsed="0.000407"/>
</kw>
<kw name="Log" owner="BuiltIn">
<msg time="2024-07-19T10:15:46.281816" level="INFO">location</msg>
<arg>${key}</arg>
<doc>Logs the given message with the given level.</doc>
<status status="PASS" start="2024-07-19T10:15:46.281690" elapsed="0.000164"/>
</kw>
<var name="${key}">location</var>
<status status="PASS" start="2024-07-19T10:15:46.280312" elapsed="0.001755"/>
</iter>
<iter>
<kw name="Dictionary Should Contain Key" owner="Collections">
<arg>${json_data['results'][0]}</arg>
<arg>${key}</arg>
<doc>Fails if ``key`` is not found from ``dictionary``.</doc>
<status status="PASS" start="2024-07-19T10:15:46.282370" elapsed="0.000400"/>
</kw>
<kw name="Log" owner="BuiltIn">
<msg time="2024-07-19T10:15:46.283441" level="INFO">{'gender': 'male', 'name': {'title': 'Mr', 'first': 'Olai', 'last': 'Mardal'}, 'location': {'street': {'number': 2789, 'name': 'Sjølyst plass'}, 'city': 'Vikavågen', 'state': 'Vestfold', 'country': 'Norway', 'postcode': '6751', 'coordinates': {'latitude': '41.9886', 'longitude': '-128.7017'}, 'timezone': {'offset': '+1:00', 'description': 'Brussels, Copenhagen, Madrid, Paris'}}, 'email': 'olai.mardal@example.com', 'login': {'uuid': 'b874cefa-47bb-4801-9d3f-db6a4dbdca66', 'username': 'bluewolf851', 'password': 'stefan', 'salt': 'qBSRFchx', 'md5': '4a1460c9b426b95cf19a58a9edd10ef9', 'sha1': '936db79c195db47e2e38e678bcc3afbf28431d9b', 'sha256': 'c913fd1ed3d3940e451c48939cb149ff9751a28c45ac72e538d3b697759a4b57'}, 'dob': {'date': '1984-01-23T12:48:19.622Z', 'age': 40}, 'registered': {'date': '2010-10-16T11:38:25.145Z', 'age': 13}, 'phone': '38787644', 'cell': '91457649', 'id': {'name': 'FN', 'value': '23018410354'}, 'picture': {'large': 'https://randomuser.me/api/portraits/men/64.jpg', 'medium': 'https://randomuser.me/api/portraits/med/men/64.jpg', 'thumbnail': 'https://randomuser.me/api/portraits/thumb/men/64.jpg'}, 'nat': 'NO'}</msg>
<arg>${json_data['results'][0]}</arg>
<doc>Logs the given message with the given level.</doc>
<status status="PASS" start="2024-07-19T10:15:46.283081" elapsed="0.000409"/>
</kw>
<kw name="Log" owner="BuiltIn">
<msg time="2024-07-19T10:15:46.283917" level="INFO">email</msg>
<arg>${key}</arg>
<doc>Logs the given message with the given level.</doc>
<status status="PASS" start="2024-07-19T10:15:46.283790" elapsed="0.000165"/>
</kw>
<var name="${key}">email</var>
<status status="PASS" start="2024-07-19T10:15:46.282239" elapsed="0.001932"/>
</iter>
<iter>
<kw name="Dictionary Should Contain Key" owner="Collections">
<arg>${json_data['results'][0]}</arg>
<arg>${key}</arg>
<doc>Fails if ``key`` is not found from ``dictionary``.</doc>
<status status="PASS" start="2024-07-19T10:15:46.284454" elapsed="0.000374"/>
</kw>
<kw name="Log" owner="BuiltIn">
<msg time="2024-07-19T10:15:46.285368" level="INFO">{'gender': 'male', 'name': {'title': 'Mr', 'first': 'Olai', 'last': 'Mardal'}, 'location': {'street': {'number': 2789, 'name': 'Sjølyst plass'}, 'city': 'Vikavågen', 'state': 'Vestfold', 'country': 'Norway', 'postcode': '6751', 'coordinates': {'latitude': '41.9886', 'longitude': '-128.7017'}, 'timezone': {'offset': '+1:00', 'description': 'Brussels, Copenhagen, Madrid, Paris'}}, 'email': 'olai.mardal@example.com', 'login': {'uuid': 'b874cefa-47bb-4801-9d3f-db6a4dbdca66', 'username': 'bluewolf851', 'password': 'stefan', 'salt': 'qBSRFchx', 'md5': '4a1460c9b426b95cf19a58a9edd10ef9', 'sha1': '936db79c195db47e2e38e678bcc3afbf28431d9b', 'sha256': 'c913fd1ed3d3940e451c48939cb149ff9751a28c45ac72e538d3b697759a4b57'}, 'dob': {'date': '1984-01-23T12:48:19.622Z', 'age': 40}, 'registered': {'date': '2010-10-16T11:38:25.145Z', 'age': 13}, 'phone': '38787644', 'cell': '91457649', 'id': {'name': 'FN', 'value': '23018410354'}, 'picture': {'large': 'https://randomuser.me/api/portraits/men/64.jpg', 'medium': 'https://randomuser.me/api/portraits/med/men/64.jpg', 'thumbnail': 'https://randomuser.me/api/portraits/thumb/men/64.jpg'}, 'nat': 'NO'}</msg>
<arg>${json_data['results'][0]}</arg>
<doc>Logs the given message with the given level.</doc>
<status status="PASS" start="2024-07-19T10:15:46.285010" elapsed="0.000407"/>
</kw>
<kw name="Log" owner="BuiltIn">
<msg time="2024-07-19T10:15:46.285850" level="INFO">login</msg>
<arg>${key}</arg>
<doc>Logs the given message with the given level.</doc>
<status status="PASS" start="2024-07-19T10:15:46.285714" elapsed="0.000172"/>
</kw>
<var name="${key}">login</var>
<status status="PASS" start="2024-07-19T10:15:46.284346" elapsed="0.001759"/>
</iter>
<var>${key}</var>
<value>@{expected_keys}</value>
<status status="PASS" start="2024-07-19T10:15:46.276037" elapsed="0.010193"/>
</for>
<kw name="Create List" owner="BuiltIn">
<msg time="2024-07-19T10:15:46.286611" level="INFO">${expected_keysTwo} = ['username', 'password']</msg>
<var>${expected_keysTwo}</var>
<arg>username</arg>
<arg>password</arg>
<doc>Returns a list containing given items.</doc>
<status status="PASS" start="2024-07-19T10:15:46.286471" elapsed="0.000164"/>
</kw>
<for flavor="IN">
<iter>
<kw name="Dictionary Should Contain Key" owner="Collections">
<arg>${json_data['results'][0]['login']}</arg>
<arg>${keyTwo}</arg>
<doc>Fails if ``key`` is not found from ``dictionary``.</doc>
<status status="PASS" start="2024-07-19T10:15:46.287203" elapsed="0.000391"/>
</kw>
<kw name="Dictionary Should Contain Key" owner="Collections">
<arg>${json_data['results'][0]['login']}</arg>
<arg>${keyTwo}</arg>
<doc>Fails if ``key`` is not found from ``dictionary``.</doc>
<status status="PASS" start="2024-07-19T10:15:46.287778" elapsed="0.000372"/>
</kw>
<kw name="Log" owner="BuiltIn">
<msg time="2024-07-19T10:15:46.288447" level="INFO">username</msg>
<arg>${keyTwo}</arg>
<doc>Logs the given message with the given level.</doc>
<status status="PASS" start="2024-07-19T10:15:46.288328" elapsed="0.000156"/>
</kw>
<var name="${keyTwo}">username</var>
<status status="PASS" start="2024-07-19T10:15:46.287096" elapsed="0.001609"/>
</iter>
<iter>
<kw name="Dictionary Should Contain Key" owner="Collections">
<arg>${json_data['results'][0]['login']}</arg>
<arg>${keyTwo}</arg>
<doc>Fails if ``key`` is not found from ``dictionary``.</doc>
<status status="PASS" start="2024-07-19T10:15:46.288988" elapsed="0.000377"/>
</kw>
<kw name="Dictionary Should Contain Key" owner="Collections">
<arg>${json_data['results'][0]['login']}</arg>
<arg>${keyTwo}</arg>
<doc>Fails if ``key`` is not found from ``dictionary``.</doc>
<status status="PASS" start="2024-07-19T10:15:46.289544" elapsed="0.000374"/>
</kw>
<kw name="Log" owner="BuiltIn">
<msg time="2024-07-19T10:15:46.290222" level="INFO">password</msg>
<arg>${keyTwo}</arg>
<doc>Logs the given message with the given level.</doc>
<status status="PASS" start="2024-07-19T10:15:46.290096" elapsed="0.000162"/>
</kw>
<var name="${keyTwo}">password</var>
<status status="PASS" start="2024-07-19T10:15:46.288879" elapsed="0.001634"/>
</iter>
<var>${keyTwo}</var>
<value>@{expected_keysTwo}</value>
<status status="PASS" start="2024-07-19T10:15:46.286935" elapsed="0.003703"/>
</for>
<status status="PASS" start="2024-07-19T10:15:46.175304" elapsed="0.115475"/>
</kw>
<doc>Testa a estrutura da resposta da API.</doc>
<tag>testeEstruturaResposta</tag>
<status status="PASS" start="2024-07-19T10:15:46.174709" elapsed="0.116228"/>
</test>
<test id="s1-s1-t4" name="Validar tipos de dados" line="28">
<kw name="Teste de Tipos de Dados" owner="random-user-service">
<kw name="GET On Session" owner="RequestsLibrary">
<msg time="2024-07-19T10:15:46.366058" level="INFO">GET Request : url=https://randomuser.me/api 
 path_url=/api 
 headers={'User-Agent': 'python-requests/2.32.3', 'Accept-Encoding': 'gzip, deflate', 'Accept': '*/*', 'Connection': 'keep-alive'} 
 body=None 
 </msg>
<msg time="2024-07-19T10:15:46.366159" level="INFO">GET Response : url=https://randomuser.me/api 
 status=200, reason=OK 
 headers={'Date': 'Fri, 19 Jul 2024 10:15:46 GMT', 'Content-Type': 'application/json; charset=utf-8', 'Transfer-Encoding': 'chunked', 'Connection': 'keep-alive', 'X-Powered-By': 'Express', 'Access-Control-Allow-Origin': '*', 'Cache-Control': 'no-cache', 'ETag': 'W/"497-lspC6FSzvcgoEZIeYuWFfOyIWv4"', 'Vary': 'Accept-Encoding', 'Content-Encoding': 'gzip', 'CF-Cache-Status': 'DYNAMIC', 'Report-To': '{"endpoints":[{"url":"https:\\/\\/a.nel.cloudflare.com\\/report\\/v4?s=XHXuO5rGiOMDFld8lEuDX%2FHg0xDCB7jZIRNOateR2%2BkjI0y0heeAFOwxnYux9Rnzrnh16aB6ko%2F1KiAmGS1iwFLL%2BxV9ar5YgZMRDVZhCsiGKezSxBybfoiX9WSTb7z2"}],"group":"cf-nel","max_age":604800}', 'NEL': '{"success_fraction":0,"report_to":"cf-nel","max_age":604800}', 'Server': 'cloudflare', 'CF-RAY': '8a59f3c25bb59c8a-IAD', 'alt-svc': 'h3=":443"; ma=86400'} 
 body={"results":[{"gender":"male","name":{"title":"Mr","first":"Juan","last":"Hidalgo"},"location":{"street":{"number":3999,"name":"Avenida del Planetario"},"city":"Ferrol","state":"Extremadura","country":"Spain","postcode":70339,"coordinates":{"latitude":"-36.8633","longitude":"-140.5643"},"timezone":{"offset":"-5:00","description":"Eastern Time (US &amp; Canada), Bogota, Lima"}},"email":"juan.hidalgo@example.com","login":{"uuid":"a636249a-c36f-4a09-953a-305a7fbe52d9","username":"bluemouse278","password":"firefire","salt":"XnA7OdJe","md5":"9928665e1788b47b80acd916421456f6","sha1":"beba53659d6a82ca2fc08ccb054f1d555808556d","sha256":"76efe0e420d1389c721cc3f2d06bb5e567a26cdd38e4ed0ce454703d4d5bddbb"},"dob":{"date":"1945-06-08T11:12:19.720Z","age":79},"registered":{"date":"2009-06-16T14:50:56.429Z","age":15},"phone":"949-793-185","cell":"653-399-925","id":{"name":"DNI","value":"04255922-P"},"picture":{"large":"https://randomuser.me/api/portraits/men/64.jpg","medium":"https://randomuser.me/api/portraits/med/men/64.jpg","thumbnail":"https://randomuser.me/api/portraits/thumb/men/64.jpg"},"nat":"ES"}],"info":{"seed":"2095ec92ab9e7ef8","results":1,"page":1,"version":"1.4"}} 
 </msg>
<msg time="2024-07-19T10:15:46.366236" level="INFO">/opt/hostedtoolcache/Python/3.12.4/x64/lib/python3.12/site-packages/urllib3/connectionpool.py:1099: InsecureRequestWarning: Unverified HTTPS request is being made to host 'randomuser.me'. Adding certificate verification is strongly advised. See: https://urllib3.readthedocs.io/en/latest/advanced-usage.html#tls-warnings
  warnings.warn(</msg>
<msg time="2024-07-19T10:15:46.366392" level="INFO">${response} = &lt;Response [200]&gt;</msg>
<var>${response}</var>
<arg>consultarAPI</arg>
<arg>/api</arg>
<doc>Sends a GET request on a previously created HTTP Session.</doc>
<status status="PASS" start="2024-07-19T10:15:46.293491" elapsed="0.072942"/>
</kw>
<kw name="Set Variable" owner="BuiltIn">
<msg time="2024-07-19T10:15:46.367406" level="INFO">${json_data} = {'results': [{'gender': 'male', 'name': {'title': 'Mr', 'first': 'Juan', 'last': 'Hidalgo'}, 'location': {'street': {'number': 3999, 'name': 'Avenida del Planetario'}, 'city': 'Ferrol', 'state': 'Extr...</msg>
<var>${json_data}</var>
<arg>${response.json()}</arg>
<doc>Returns the given values which can then be assigned to a variables.</doc>
<status status="PASS" start="2024-07-19T10:15:46.366894" elapsed="0.000542"/>
</kw>
<kw name="Log" owner="BuiltIn">
<msg time="2024-07-19T10:15:46.367938" level="INFO">{'results': [{'gender': 'male', 'name': {'title': 'Mr', 'first': 'Juan', 'last': 'Hidalgo'}, 'location': {'street': {'number': 3999, 'name': 'Avenida del Planetario'}, 'city': 'Ferrol', 'state': 'Extremadura', 'country': 'Spain', 'postcode': 70339, 'coordinates': {'latitude': '-36.8633', 'longitude': '-140.5643'}, 'timezone': {'offset': '-5:00', 'description': 'Eastern Time (US &amp; Canada), Bogota, Lima'}}, 'email': 'juan.hidalgo@example.com', 'login': {'uuid': 'a636249a-c36f-4a09-953a-305a7fbe52d9', 'username': 'bluemouse278', 'password': 'firefire', 'salt': 'XnA7OdJe', 'md5': '9928665e1788b47b80acd916421456f6', 'sha1': 'beba53659d6a82ca2fc08ccb054f1d555808556d', 'sha256': '76efe0e420d1389c721cc3f2d06bb5e567a26cdd38e4ed0ce454703d4d5bddbb'}, 'dob': {'date': '1945-06-08T11:12:19.720Z', 'age': 79}, 'registered': {'date': '2009-06-16T14:50:56.429Z', 'age': 15}, 'phone': '949-793-185', 'cell': '653-399-925', 'id': {'name': 'DNI', 'value': '04255922-P'}, 'picture': {'large': 'https://randomuser.me/api/portraits/men/64.jpg', 'medium': 'https://randomuser.me/api/portraits/med/men/64.jpg', 'thumbnail': 'https://randomuser.me/api/portraits/thumb/men/64.jpg'}, 'nat': 'ES'}], 'info': {'seed': '2095ec92ab9e7ef8', 'results': 1, 'page': 1, 'version': '1.4'}}</msg>
<arg>${json_data}</arg>
<doc>Logs the given message with the given level.</doc>
<status status="PASS" start="2024-07-19T10:15:46.367776" elapsed="0.000213"/>
</kw>
<kw name="Should Be String" owner="String">
<arg>${json_data['results'][0]['gender']}</arg>
<doc>Fails if the given ``item`` is not a string.</doc>
<status status="PASS" start="2024-07-19T10:15:46.368292" elapsed="0.000396"/>
</kw>
<kw name="Should Match Regexp" owner="BuiltIn">
<arg>${json_data['results'][0]['email']}</arg>
<arg>^[a-zA-Z0-9._%+-]+@[a-zA-Z0-9.-]+\.[a-zA-Z]{2,}$</arg>
<doc>Fails if ``string`` does not match ``pattern`` as a regular expression.</doc>
<status status="PASS" start="2024-07-19T10:15:46.368921" elapsed="0.000535"/>
</kw>
<kw name="Should Match Regexp" owner="BuiltIn">
<arg>${json_data['results'][0]['dob']['date']}</arg>
<arg>\\d{4}-\\d{2}-\\d{2}T\\d{2}:\\d{2}:\\d{2}\\.\\d{3}Z</arg>
<doc>Fails if ``string`` does not match ``pattern`` as a regular expression.</doc>
<status status="PASS" start="2024-07-19T10:15:46.369700" elapsed="0.000681"/>
</kw>
<kw name="Should Match Regexp" owner="BuiltIn">
<arg>${json_data['results'][0]['registered']['date']}</arg>
<arg>\\d{4}-\\d{2}-\\d{2}T\\d{2}:\\d{2}:\\d{2}\\.\\d{3}Z</arg>
<doc>Fails if ``string`` does not match ``pattern`` as a regular expression.</doc>
<status status="PASS" start="2024-07-19T10:15:46.370589" elapsed="0.000381"/>
</kw>
<kw name="Should Match Regexp" owner="BuiltIn">
<arg>${json_data['results'][0]['picture']['large']}</arg>
<arg>^https?://.*\.(?:png|jpe?g|gif|bmp)$</arg>
<doc>Fails if ``string`` does not match ``pattern`` as a regular expression.</doc>
<status status="PASS" start="2024-07-19T10:15:46.371163" elapsed="0.000464"/>
</kw>
<kw name="Should Match Regexp" owner="BuiltIn">
<arg>${json_data['results'][0]['picture']['medium']}</arg>
<arg>^https?://.*\.(?:png|jpe?g|gif|bmp)$</arg>
<doc>Fails if ``string`` does not match ``pattern`` as a regular expression.</doc>
<status status="PASS" start="2024-07-19T10:15:46.371823" elapsed="0.000357"/>
</kw>
<kw name="Should Match Regexp" owner="BuiltIn">
<arg>${json_data['results'][0]['picture']['thumbnail']}</arg>
<arg>^https?://.*\.(?:png|jpe?g|gif|bmp)$</arg>
<doc>Fails if ``string`` does not match ``pattern`` as a regular expression.</doc>
<status status="PASS" start="2024-07-19T10:15:46.372370" elapsed="0.000355"/>
</kw>
<kw name="Log" owner="BuiltIn">
<msg time="2024-07-19T10:15:46.373242" level="INFO">{'large': 'https://randomuser.me/api/portraits/men/64.jpg', 'medium': 'https://randomuser.me/api/portraits/med/men/64.jpg', 'thumbnail': 'https://randomuser.me/api/portraits/thumb/men/64.jpg'}</msg>
<arg>${json_data['results'][0]['picture']}</arg>
<doc>Logs the given message with the given level.</doc>
<status status="PASS" start="2024-07-19T10:15:46.372913" elapsed="0.000372"/>
</kw>
<status status="PASS" start="2024-07-19T10:15:46.293264" elapsed="0.080290"/>
</kw>
<kw name="Teste de Tipos de Dados - Postcode" owner="random-user-service">
<kw name="GET On Session" owner="RequestsLibrary">
<msg time="2024-07-19T10:15:46.465987" level="INFO">GET Request : url=https://randomuser.me/api 
 path_url=/api 
 headers={'User-Agent': 'python-requests/2.32.3', 'Accept-Encoding': 'gzip, deflate', 'Accept': '*/*', 'Connection': 'keep-alive'} 
 body=None 
 </msg>
<msg time="2024-07-19T10:15:46.466095" level="INFO">GET Response : url=https://randomuser.me/api 
 status=200, reason=OK 
 headers={'Date': 'Fri, 19 Jul 2024 10:15:46 GMT', 'Content-Type': 'application/json; charset=utf-8', 'Transfer-Encoding': 'chunked', 'Connection': 'keep-alive', 'X-Powered-By': 'Express', 'Access-Control-Allow-Origin': '*', 'Cache-Control': 'no-cache', 'ETag': 'W/"48b-msB/X4EPG4yDaOefMiO8OzcJFfk"', 'Vary': 'Accept-Encoding', 'Content-Encoding': 'gzip', 'CF-Cache-Status': 'DYNAMIC', 'Report-To': '{"endpoints":[{"url":"https:\\/\\/a.nel.cloudflare.com\\/report\\/v4?s=a%2BePnvmLGrDYsWs8zW1V5IJbDMKh5pPUEsxSQspdVE2V1pb0S2UxGSvhk9PMMtsGcRQ2eJ9wk1J6BYx4XyiX%2Bm%2Bj8vKJlRa7QKhd5lna7MwaOeEc1fxwYWarA6evTLnU"}],"group":"cf-nel","max_age":604800}', 'NEL': '{"success_fraction":0,"report_to":"cf-nel","max_age":604800}', 'Server': 'cloudflare', 'CF-RAY': '8a59f3c2dc199c8a-IAD', 'alt-svc': 'h3=":443"; ma=86400'} 
 body={"results":[{"gender":"male","name":{"title":"Mr","first":"Juan","last":"Anderson"},"location":{"street":{"number":6430,"name":"Spring St"},"city":"Geelong","state":"Victoria","country":"Australia","postcode":9114,"coordinates":{"latitude":"-82.0238","longitude":"-56.1840"},"timezone":{"offset":"+9:00","description":"Tokyo, Seoul, Osaka, Sapporo, Yakutsk"}},"email":"juan.anderson@example.com","login":{"uuid":"80eac6d5-6c58-47d9-b916-59344905af1f","username":"biggorilla395","password":"mississi","salt":"AXuFC2Ln","md5":"499d4b8b589490cec1967331bb2b9d83","sha1":"47afa92b399fb94ad58553c2523d7ac5027545e3","sha256":"6cbd3d4919991a2857427ce13be5bd0196c894220f9c86ebc042c34eec75d127"},"dob":{"date":"1978-11-13T18:18:11.924Z","age":45},"registered":{"date":"2006-07-28T18:07:10.104Z","age":17},"phone":"02-5036-9191","cell":"0484-087-709","id":{"name":"TFN","value":"229054661"},"picture":{"large":"https://randomuser.me/api/portraits/men/27.jpg","medium":"https://randomuser.me/api/portraits/med/men/27.jpg","thumbnail":"https://randomuser.me/api/portraits/thumb/men/27.jpg"},"nat":"AU"}],"info":{"seed":"03ffc973a6fe015e","results":1,"page":1,"version":"1.4"}} 
 </msg>
<msg time="2024-07-19T10:15:46.466175" level="INFO">/opt/hostedtoolcache/Python/3.12.4/x64/lib/python3.12/site-packages/urllib3/connectionpool.py:1099: InsecureRequestWarning: Unverified HTTPS request is being made to host 'randomuser.me'. Adding certificate verification is strongly advised. See: https://urllib3.readthedocs.io/en/latest/advanced-usage.html#tls-warnings
  warnings.warn(</msg>
<msg time="2024-07-19T10:15:46.466302" level="INFO">${response} = &lt;Response [200]&gt;</msg>
<var>${response}</var>
<arg>consultarAPI</arg>
<arg>/api</arg>
<doc>Sends a GET request on a previously created HTTP Session.</doc>
<status status="PASS" start="2024-07-19T10:15:46.374019" elapsed="0.092351"/>
</kw>
<kw name="Set Variable" owner="BuiltIn">
<msg time="2024-07-19T10:15:46.467495" level="INFO">${json_data} = {'results': [{'gender': 'male', 'name': {'title': 'Mr', 'first': 'Juan', 'last': 'Anderson'}, 'location': {'street': {'number': 6430, 'name': 'Spring St'}, 'city': 'Geelong', 'state': 'Victoria', 'cou...</msg>
<var>${json_data}</var>
<arg>${response.json()}</arg>
<doc>Returns the given values which can then be assigned to a variables.</doc>
<status status="PASS" start="2024-07-19T10:15:46.466931" elapsed="0.000594"/>
</kw>
<kw name="Log" owner="BuiltIn">
<msg time="2024-07-19T10:15:46.468036" level="INFO">{'results': [{'gender': 'male', 'name': {'title': 'Mr', 'first': 'Juan', 'last': 'Anderson'}, 'location': {'street': {'number': 6430, 'name': 'Spring St'}, 'city': 'Geelong', 'state': 'Victoria', 'country': 'Australia', 'postcode': 9114, 'coordinates': {'latitude': '-82.0238', 'longitude': '-56.1840'}, 'timezone': {'offset': '+9:00', 'description': 'Tokyo, Seoul, Osaka, Sapporo, Yakutsk'}}, 'email': 'juan.anderson@example.com', 'login': {'uuid': '80eac6d5-6c58-47d9-b916-59344905af1f', 'username': 'biggorilla395', 'password': 'mississi', 'salt': 'AXuFC2Ln', 'md5': '499d4b8b589490cec1967331bb2b9d83', 'sha1': '47afa92b399fb94ad58553c2523d7ac5027545e3', 'sha256': '6cbd3d4919991a2857427ce13be5bd0196c894220f9c86ebc042c34eec75d127'}, 'dob': {'date': '1978-11-13T18:18:11.924Z', 'age': 45}, 'registered': {'date': '2006-07-28T18:07:10.104Z', 'age': 17}, 'phone': '02-5036-9191', 'cell': '0484-087-709', 'id': {'name': 'TFN', 'value': '229054661'}, 'picture': {'large': 'https://randomuser.me/api/portraits/men/27.jpg', 'medium': 'https://randomuser.me/api/portraits/med/men/27.jpg', 'thumbnail': 'https://randomuser.me/api/portraits/thumb/men/27.jpg'}, 'nat': 'AU'}], 'info': {'seed': '03ffc973a6fe015e', 'results': 1, 'page': 1, 'version': '1.4'}}</msg>
<arg>${json_data}</arg>
<doc>Logs the given message with the given level.</doc>
<status status="PASS" start="2024-07-19T10:15:46.467873" elapsed="0.000212"/>
</kw>
<kw name="Should Be Equal As Numbers" owner="BuiltIn">
<arg>${json_data['results'][0]['location']['postcode']}</arg>
<arg>${json_data['results'][0]['location']['postcode']}</arg>
<doc>Fails if objects are unequal after converting them to real numbers.</doc>
<status status="PASS" start="2024-07-19T10:15:46.468394" elapsed="0.000661"/>
</kw>
<kw name="Log" owner="BuiltIn">
<msg time="2024-07-19T10:15:46.469609" level="INFO">9114</msg>
<arg>${json_data['results'][0]['location']['postcode']}</arg>
<doc>Logs the given message with the given level.</doc>
<status status="PASS" start="2024-07-19T10:15:46.469266" elapsed="0.000383"/>
</kw>
<status status="PASS" start="2024-07-19T10:15:46.373784" elapsed="0.096165"/>
</kw>
<doc>Testa se os tipos de dados na resposta da API estão corretos.</doc>
<tag>testeTiposDados</tag>
<status status="PASS" start="2024-07-19T10:15:46.292701" elapsed="0.177430"/>
</test>
<test id="s1-s1-t5" name="Validar conteudo" line="35">
<kw name="Teste de Tipos de Conteudo" owner="random-user-service">
<kw name="GET On Session" owner="RequestsLibrary">
<msg time="2024-07-19T10:15:46.573578" level="INFO">GET Request : url=https://randomuser.me/api 
 path_url=/api 
 headers={'User-Agent': 'python-requests/2.32.3', 'Accept-Encoding': 'gzip, deflate', 'Accept': '*/*', 'Connection': 'keep-alive'} 
 body=None 
 </msg>
<msg time="2024-07-19T10:15:46.573683" level="INFO">GET Response : url=https://randomuser.me/api 
 status=200, reason=OK 
 headers={'Date': 'Fri, 19 Jul 2024 10:15:46 GMT', 'Content-Type': 'application/json; charset=utf-8', 'Transfer-Encoding': 'chunked', 'Connection': 'keep-alive', 'X-Powered-By': 'Express', 'Access-Control-Allow-Origin': '*', 'Cache-Control': 'no-cache', 'ETag': 'W/"4a0-dIxgBbY9i6MsPHhXI8RzwX+HGKk"', 'Vary': 'Accept-Encoding', 'Content-Encoding': 'gzip', 'CF-Cache-Status': 'DYNAMIC', 'Report-To': '{"endpoints":[{"url":"https:\\/\\/a.nel.cloudflare.com\\/report\\/v4?s=KuxUloMmv4M%2BXGgFQW%2FTdBier7WqCCJXIIy%2F2LkJFv7ybP5Mls9Bz7D8PUIImrRIjK7cr7RwuEQQe8sIoCY2bZTBDCO6%2BMwTAbnNoJDJiFWrJl7si9hP6sfgSu%2FPLbSw"}],"group":"cf-nel","max_age":604800}', 'NEL': '{"success_fraction":0,"report_to":"cf-nel","max_age":604800}', 'Server': 'cloudflare', 'CF-RAY': '8a59f3c37c919c8a-IAD', 'alt-svc': 'h3=":443"; ma=86400'} 
 body={"results":[{"gender":"female","name":{"title":"Ms","first":"Snežana","last":"Stevanović"},"location":{"street":{"number":656,"name":"Sedmog Jula"},"city":"Valjevo","state":"Pomoravlje","country":"Serbia","postcode":50556,"coordinates":{"latitude":"61.8505","longitude":"132.9845"},"timezone":{"offset":"+9:00","description":"Tokyo, Seoul, Osaka, Sapporo, Yakutsk"}},"email":"snezana.stevanovic@example.com","login":{"uuid":"ccfe1ce9-70d1-4c9a-8249-f815620c0d0b","username":"organiczebra562","password":"desmond","salt":"a2hWJPGh","md5":"68bac2dca80f913a30d73d2bd1dc36fe","sha1":"61d01178e8bd473872ab26c2043e1dc8c3f3b553","sha256":"ecc7c7a75dd56cf5b2da9b6af7f0d4d33058e0fb4194ab78d2e7c6f1cc6116b1"},"dob":{"date":"1949-02-24T13:10:08.625Z","age":75},"registered":{"date":"2008-09-26T10:06:46.867Z","age":15},"phone":"010-7080-751","cell":"066-9681-375","id":{"name":"SID","value":"058402773"},"picture":{"large":"https://randomuser.me/api/portraits/women/39.jpg","medium":"https://randomuser.me/api/portraits/med/women/39.jpg","thumbnail":"https://randomuser.me/api/portraits/thumb/women/39.jpg"},"nat":"RS"}],"info":{"seed":"8974cfa107e21749","results":1,"page":1,"version":"1.4"}} 
 </msg>
<msg time="2024-07-19T10:15:46.573767" level="INFO">/opt/hostedtoolcache/Python/3.12.4/x64/lib/python3.12/site-packages/urllib3/connectionpool.py:1099: InsecureRequestWarning: Unverified HTTPS request is being made to host 'randomuser.me'. Adding certificate verification is strongly advised. See: https://urllib3.readthedocs.io/en/latest/advanced-usage.html#tls-warnings
  warnings.warn(</msg>
<msg time="2024-07-19T10:15:46.573882" level="INFO">${response} = &lt;Response [200]&gt;</msg>
<var>${response}</var>
<arg>consultarAPI</arg>
<arg>/api</arg>
<doc>Sends a GET request on a previously created HTTP Session.</doc>
<status status="PASS" start="2024-07-19T10:15:46.472673" elapsed="0.101249"/>
</kw>
<kw name="Set Variable" owner="BuiltIn">
<msg time="2024-07-19T10:15:46.575127" level="INFO">${json_data} = {'results': [{'gender': 'female', 'name': {'title': 'Ms', 'first': 'Snežana', 'last': 'Stevanović'}, 'location': {'street': {'number': 656, 'name': 'Sedmog Jula'}, 'city': 'Valjevo', 'state': 'Pomorav...</msg>
<var>${json_data}</var>
<arg>${response.json()}</arg>
<doc>Returns the given values which can then be assigned to a variables.</doc>
<status status="PASS" start="2024-07-19T10:15:46.574565" elapsed="0.000594"/>
</kw>
<kw name="Set Variable" owner="BuiltIn">
<msg time="2024-07-19T10:15:46.575856" level="INFO">${name_title} = Ms</msg>
<var>${name_title}</var>
<arg>${json_data["results"][0]["name"]["title"]}</arg>
<doc>Returns the given values which can then be assigned to a variables.</doc>
<status status="PASS" start="2024-07-19T10:15:46.575471" elapsed="0.000411"/>
</kw>
<kw name="Create List" owner="BuiltIn">
<msg time="2024-07-19T10:15:46.576332" level="INFO">${allowed_titles} = ['Mr', 'Ms', 'Miss', 'Mrs', 'Madame', 'Monsieur']</msg>
<var>${allowed_titles}</var>
<arg>Mr</arg>
<arg>Ms</arg>
<arg>Miss</arg>
<arg>Mrs</arg>
<arg>Madame</arg>
<arg>Monsieur</arg>
<doc>Returns a list containing given items.</doc>
<status status="PASS" start="2024-07-19T10:15:46.576184" elapsed="0.000172"/>
</kw>
<kw name="List Should Contain Value" owner="Collections">
<arg>${allowed_titles}</arg>
<arg>${name_title}</arg>
<doc>Fails if the ``value`` is not found from ``list``.</doc>
<status status="PASS" start="2024-07-19T10:15:46.576656" elapsed="0.000175"/>
</kw>
<kw name="Set Variable" owner="BuiltIn">
<msg time="2024-07-19T10:15:46.577399" level="INFO">${name_country} = RS</msg>
<var>${name_country}</var>
<arg>${json_data["results"][0]["nat"]}</arg>
<doc>Returns the given values which can then be assigned to a variables.</doc>
<status status="PASS" start="2024-07-19T10:15:46.577020" elapsed="0.000405"/>
</kw>
<kw name="Create List" owner="BuiltIn">
<msg time="2024-07-19T10:15:46.578321" level="INFO">${list_country} = ['AD', 'AE', 'AF', 'AG', 'AI', 'AL', 'AM', 'AO', 'AQ', 'AR', 'AS', 'AT', 'AU', 'AW', 'AX', 'AZ', 'BA', 'BB', 'BD', 'BE', 'BF', 'BG', 'BH', 'BI', 'BJ', 'BL', 'BM', 'BN', 'BO', 'BQ', 'BR', 'BS', 'BT', '...</msg>
<var>${list_country}</var>
<arg>AD</arg>
<arg>AE</arg>
<arg>AF</arg>
<arg>AG</arg>
<arg>AI</arg>
<arg>AL</arg>
<arg>AM</arg>
<arg>AO</arg>
<arg>AQ</arg>
<arg>AR</arg>
<arg>AS</arg>
<arg>AT</arg>
<arg>AU</arg>
<arg>AW</arg>
<arg>AX</arg>
<arg>AZ</arg>
<arg>BA</arg>
<arg>BB</arg>
<arg>BD</arg>
<arg>BE</arg>
<arg>BF</arg>
<arg>BG</arg>
<arg>BH</arg>
<arg>BI</arg>
<arg>BJ</arg>
<arg>BL</arg>
<arg>BM</arg>
<arg>BN</arg>
<arg>BO</arg>
<arg>BQ</arg>
<arg>BR</arg>
<arg>BS</arg>
<arg>BT</arg>
<arg>BV</arg>
<arg>BW</arg>
<arg>BY</arg>
<arg>BZ</arg>
<arg>CA</arg>
<arg>CC</arg>
<arg>CD</arg>
<arg>CF</arg>
<arg>CG</arg>
<arg>CH</arg>
<arg>CI</arg>
<arg>CK</arg>
<arg>CL</arg>
<arg>CM</arg>
<arg>CN</arg>
<arg>CO</arg>
<arg>CR</arg>
<arg>CU</arg>
<arg>CV</arg>
<arg>CW</arg>
<arg>CX</arg>
<arg>CY</arg>
<arg>CZ</arg>
<arg>DE</arg>
<arg>DJ</arg>
<arg>DK</arg>
<arg>DM</arg>
<arg>DO</arg>
<arg>DZ</arg>
<arg>EC</arg>
<arg>EE</arg>
<arg>EG</arg>
<arg>EH</arg>
<arg>ER</arg>
<arg>ES</arg>
<arg>ET</arg>
<arg>FI</arg>
<arg>FJ</arg>
<arg>FK</arg>
<arg>FM</arg>
<arg>FO</arg>
<arg>FR</arg>
<arg>GA</arg>
<arg>GB</arg>
<arg>GD</arg>
<arg>GE</arg>
<arg>GF</arg>
<arg>GG</arg>
<arg>GH</arg>
<arg>GI</arg>
<arg>GL</arg>
<arg>GM</arg>
<arg>GN</arg>
<arg>GP</arg>
<arg>GQ</arg>
<arg>GR</arg>
<arg>GS</arg>
<arg>GT</arg>
<arg>GU</arg>
<arg>GW</arg>
<arg>GY</arg>
<arg>HK</arg>
<arg>HM</arg>
<arg>HN</arg>
<arg>HR</arg>
<arg>HT</arg>
<arg>HU</arg>
<arg>ID</arg>
<arg>IE</arg>
<arg>IL</arg>
<arg>IM</arg>
<arg>IN</arg>
<arg>IO</arg>
<arg>IQ</arg>
<arg>IR</arg>
<arg>IS</arg>
<arg>IT</arg>
<arg>JE</arg>
<arg>JM</arg>
<arg>JO</arg>
<arg>JP</arg>
<arg>KE</arg>
<arg>KG</arg>
<arg>KH</arg>
<arg>KI</arg>
<arg>KM</arg>
<arg>KN</arg>
<arg>KP</arg>
<arg>KR</arg>
<arg>KW</arg>
<arg>KY</arg>
<arg>KZ</arg>
<arg>LA</arg>
<arg>LB</arg>
<arg>LC</arg>
<arg>LI</arg>
<arg>LK</arg>
<arg>LR</arg>
<arg>LS</arg>
<arg>LT</arg>
<arg>LU</arg>
<arg>LV</arg>
<arg>LY</arg>
<arg>MA</arg>
<arg>MC</arg>
<arg>MD</arg>
<arg>ME</arg>
<arg>MF</arg>
<arg>MG</arg>
<arg>MH</arg>
<arg>MK</arg>
<arg>ML</arg>
<arg>MM</arg>
<arg>MN</arg>
<arg>MO</arg>
<arg>MP</arg>
<arg>MQ</arg>
<arg>MR</arg>
<arg>MS</arg>
<arg>MT</arg>
<arg>MU</arg>
<arg>MV</arg>
<arg>MW</arg>
<arg>MX</arg>
<arg>MY</arg>
<arg>MZ</arg>
<arg>NA</arg>
<arg>NC</arg>
<arg>NE</arg>
<arg>NF</arg>
<arg>NG</arg>
<arg>NI</arg>
<arg>NL</arg>
<arg>NO</arg>
<arg>NP</arg>
<arg>NR</arg>
<arg>NU</arg>
<arg>NZ</arg>
<arg>OM</arg>
<arg>PA</arg>
<arg>PE</arg>
<arg>PF</arg>
<arg>PG</arg>
<arg>PH</arg>
<arg>PK</arg>
<arg>PL</arg>
<arg>PM</arg>
<arg>PN</arg>
<arg>PR</arg>
<arg>PS</arg>
<arg>PT</arg>
<arg>PW</arg>
<arg>PY</arg>
<arg>QA</arg>
<arg>RE</arg>
<arg>RO</arg>
<arg>RS</arg>
<arg>RU</arg>
<arg>RW</arg>
<arg>SA</arg>
<arg>SB</arg>
<arg>SC</arg>
<arg>SD</arg>
<arg>SE</arg>
<arg>SG</arg>
<arg>SH</arg>
<arg>SI</arg>
<arg>SJ</arg>
<arg>SK</arg>
<arg>SL</arg>
<arg>SM</arg>
<arg>SN</arg>
<arg>SO</arg>
<arg>SR</arg>
<arg>SS</arg>
<arg>ST</arg>
<arg>SV</arg>
<arg>SX</arg>
<arg>SY</arg>
<arg>SZ</arg>
<arg>TC</arg>
<arg>TD</arg>
<arg>TF</arg>
<arg>TG</arg>
<arg>TH</arg>
<arg>TJ</arg>
<arg>TK</arg>
<arg>TL</arg>
<arg>TM</arg>
<arg>TN</arg>
<arg>TO</arg>
<arg>TR</arg>
<arg>TT</arg>
<arg>TV</arg>
<arg>TW</arg>
<arg>TZ</arg>
<arg>UA</arg>
<arg>UG</arg>
<arg>UM</arg>
<arg>US</arg>
<arg>UY</arg>
<arg>UZ</arg>
<arg>VA</arg>
<arg>VC</arg>
<arg>VE</arg>
<arg>VG</arg>
<arg>VI</arg>
<arg>VN</arg>
<arg>VU</arg>
<arg>WF</arg>
<arg>WS</arg>
<arg>XK</arg>
<arg>YE</arg>
<arg>YT</arg>
<arg>ZA</arg>
<arg>ZM</arg>
<arg>ZW</arg>
<doc>Returns a list containing given items.</doc>
<status status="PASS" start="2024-07-19T10:15:46.577724" elapsed="0.000650"/>
</kw>
<kw name="List Should Contain Value" owner="Collections">
<arg>${list_country}</arg>
<arg>${name_country}</arg>
<doc>Fails if the ``value`` is not found from ``list``.</doc>
<status status="PASS" start="2024-07-19T10:15:46.579363" elapsed="0.000210"/>
</kw>
<kw name="Run Keyword If" owner="BuiltIn">
<kw name="Should Be True" owner="BuiltIn">
<arg>${True}</arg>
<doc>Fails if the given condition is not true.</doc>
<status status="PASS" start="2024-07-19T10:15:46.580517" elapsed="0.000141"/>
</kw>
<arg>${json_data["results"][0]["location"]["coordinates"]["latitude"]} &gt;= -90 and ${json_data["results"][0]["location"]["coordinates"]["latitude"]} &lt;= 90</arg>
<arg>Should Be True</arg>
<arg>${True}</arg>
<doc>Runs the given keyword with the given arguments, if ``condition`` is true.</doc>
<status status="PASS" start="2024-07-19T10:15:46.579776" elapsed="0.001008"/>
</kw>
<kw name="Run Keyword If" owner="BuiltIn">
<kw name="Should Be True" owner="BuiltIn">
<arg>${True}</arg>
<doc>Fails if the given condition is not true.</doc>
<status status="PASS" start="2024-07-19T10:15:46.581651" elapsed="0.000135"/>
</kw>
<arg>${json_data["results"][0]["location"]["coordinates"]["longitude"]} &gt;= -180 and ${json_data["results"][0]["location"]["coordinates"]["longitude"]} &lt;= 180</arg>
<arg>Should Be True</arg>
<arg>${True}</arg>
<doc>Runs the given keyword with the given arguments, if ``condition`` is true.</doc>
<status status="PASS" start="2024-07-19T10:15:46.580968" elapsed="0.000940"/>
</kw>
<status status="PASS" start="2024-07-19T10:15:46.472444" elapsed="0.109600"/>
</kw>
<doc>Testa o conteúdo específico dos campos retornados pela API.</doc>
<tag>testeConteudo</tag>
<status status="PASS" start="2024-07-19T10:15:46.471976" elapsed="0.110221"/>
</test>
<status status="PASS" start="2024-07-19T10:15:45.651308" elapsed="0.932903"/>
</suite>
<status status="PASS" start="2024-07-19T10:15:45.636482" elapsed="0.952806"/>
</suite>
<statistics>
<total>
<stat pass="5" fail="0" skip="0">All Tests</stat>
</total>
<tag>
<stat pass="1" fail="0" skip="0">testeConteudo</stat>
<stat pass="1" fail="0" skip="0">testeEstruturaResposta</stat>
<stat pass="1" fail="0" skip="0">testeRequisicaoBasica</stat>
<stat pass="1" fail="0" skip="0">testeTiposDados</stat>
</tag>
<suite>
<stat pass="5" fail="0" skip="0" id="s1" name="Tests">Tests</stat>
<stat pass="5" fail="0" skip="0" id="s1-s1" name="Random-User-Test">Tests.Random-User-Test</stat>
</suite>
</statistics>
<errors>
</errors>
</robot>
