<?xml version="1.0" encoding="UTF-8"?>
<robot generator="Robot 7.0.1 (Python 3.12.4 on linux)" generated="2024-06-20T06:20:32.757344" rpa="false" schemaversion="5">
<suite id="s1" name="Tests" source="/home/runner/work/ApiRandomUser/ApiRandomUser/RamdonUser/tests">
<suite id="s1-s1" name="Random-User-Test" source="/home/runner/work/ApiRandomUser/ApiRandomUser/RamdonUser/tests/random-user-test.robot">
<test id="s1-s1-t1" name="Conectar" line="13">
<kw name="Conectar API" owner="random-user-service">
<kw name="Create Session" owner="RequestsLibrary">
<msg time="2024-06-20T06:20:33.148509" level="INFO">Creating Session using : alias=consultarAPI, url=https://randomuser.me/, headers={},                     cookies={}, auth=None, timeout=None, proxies=None, verify=False,                     debug=0 </msg>
<arg>consultarAPI</arg>
<arg>${URL}</arg>
<doc>Create Session: create a HTTP session to a server</doc>
<status status="PASS" start="2024-06-20T06:20:33.148302" elapsed="0.000371"/>
</kw>
<status status="PASS" start="2024-06-20T06:20:33.147359" elapsed="0.001664"/>
</kw>
<status status="PASS" start="2024-06-20T06:20:33.146704" elapsed="0.002509"/>
</test>
<test id="s1-s1-t2" name="Validar retorno 200 e JSON Válido" line="16">
<kw name="Teste de Requisicao Basica" owner="random-user-service">
<kw name="GET On Session" owner="RequestsLibrary">
<msg time="2024-06-20T06:20:33.341319" level="INFO">GET Request : url=https://randomuser.me/api 
 path_url=/api 
 headers={'User-Agent': 'python-requests/2.32.3', 'Accept-Encoding': 'gzip, deflate', 'Accept': '*/*', 'Connection': 'keep-alive'} 
 body=None 
 </msg>
<msg time="2024-06-20T06:20:33.341459" level="INFO">GET Response : url=https://randomuser.me/api 
 status=200, reason=OK 
 headers={'Date': 'Thu, 20 Jun 2024 06:20:33 GMT', 'Content-Type': 'application/json; charset=utf-8', 'Transfer-Encoding': 'chunked', 'Connection': 'keep-alive', 'X-Powered-By': 'Express', 'Access-Control-Allow-Origin': '*', 'Cache-Control': 'no-cache', 'ETag': 'W/"4a8-KKzAUxnK37Vbwy++eVZ7RvkdDVI"', 'Vary': 'Accept-Encoding', 'Content-Encoding': 'gzip', 'CF-Cache-Status': 'DYNAMIC', 'Report-To': '{"endpoints":[{"url":"https:\\/\\/a.nel.cloudflare.com\\/report\\/v4?s=5JWd5VNI9ttk3JIzXzUO4eZF9v4Q02w9UJ2x%2BZ%2BI20Bv%2B%2FruWiEoZWQNCyAcJYu4qD%2FhfxOjtbqK2A2nWckQ4M3oIaVUNysqpIKEY8ehL8nBsycdquH8rUUQZvzbmykS"}],"group":"cf-nel","max_age":604800}', 'NEL': '{"success_fraction":0,"report_to":"cf-nel","max_age":604800}', 'Server': 'cloudflare', 'CF-RAY': '8969a7537ade5349-LAX', 'alt-svc': 'h3=":443"; ma=86400'} 
 body={"results":[{"gender":"male","name":{"title":"Mr","first":"Walter","last":"Turner"},"location":{"street":{"number":7369,"name":"Spring Hill Rd"},"city":"Sydney","state":"Australian Capital Territory","country":"Australia","postcode":335,"coordinates":{"latitude":"-85.0321","longitude":"-35.1555"},"timezone":{"offset":"0:00","description":"Western Europe Time, London, Lisbon, Casablanca"}},"email":"walter.turner@example.com","login":{"uuid":"fe7bcc03-1e88-4a9c-acc3-e07ddcc7f727","username":"smallduck907","password":"ripple","salt":"e4HGOLVj","md5":"a03dc45a422c8f254e43977bf3cd2e1d","sha1":"f95f6b306ba0cfc9e8c453a3ef6462ac448b15f5","sha256":"e44e77aa9a24a765f22a15c561368007527f85c053b52eb82fd6117f0d239e24"},"dob":{"date":"1945-08-18T22:40:43.390Z","age":78},"registered":{"date":"2011-07-16T18:36:07.427Z","age":12},"phone":"08-8849-4144","cell":"0478-661-400","id":{"name":"TFN","value":"832654202"},"picture":{"large":"https://randomuser.me/api/portraits/men/84.jpg","medium":"https://randomuser.me/api/portraits/med/men/84.jpg","thumbnail":"https://randomuser.me/api/portraits/thumb/men/84.jpg"},"nat":"AU"}],"info":{"seed":"85ceac57e05e1356","results":1,"page":1,"version":"1.4"}} 
 </msg>
<msg time="2024-06-20T06:20:33.341544" level="INFO">/opt/hostedtoolcache/Python/3.12.4/x64/lib/python3.12/site-packages/urllib3/connectionpool.py:1099: InsecureRequestWarning: Unverified HTTPS request is being made to host 'randomuser.me'. Adding certificate verification is strongly advised. See: https://urllib3.readthedocs.io/en/latest/advanced-usage.html#tls-warnings
  warnings.warn(</msg>
<msg time="2024-06-20T06:20:33.341675" level="INFO">${response} = &lt;Response [200]&gt;</msg>
<var>${response}</var>
<arg>consultarAPI</arg>
<arg>/api</arg>
<doc>Sends a GET request on a previously created HTTP Session.</doc>
<status status="PASS" start="2024-06-20T06:20:33.151754" elapsed="0.189967"/>
</kw>
<kw name="Should Be Equal As Numbers" owner="BuiltIn">
<msg time="2024-06-20T06:20:33.342604" level="INFO">Argument types are:
&lt;class 'int'&gt;
&lt;class 'str'&gt;</msg>
<arg>${response.status_code}</arg>
<arg>200</arg>
<doc>Fails if objects are unequal after converting them to real numbers.</doc>
<status status="PASS" start="2024-06-20T06:20:33.342167" elapsed="0.000507"/>
</kw>
<kw name="Log" owner="BuiltIn">
<msg time="2024-06-20T06:20:33.343381" level="INFO">200</msg>
<arg>${response.status_code}</arg>
<doc>Logs the given message with the given level.</doc>
<status status="PASS" start="2024-06-20T06:20:33.342993" elapsed="0.000431"/>
</kw>
<kw name="Set Variable" owner="BuiltIn">
<msg time="2024-06-20T06:20:33.344192" level="INFO">${json_data} = {'results': [{'gender': 'male', 'name': {'title': 'Mr', 'first': 'Walter', 'last': 'Turner'}, 'location': {'street': {'number': 7369, 'name': 'Spring Hill Rd'}, 'city': 'Sydney', 'state': 'Australian ...</msg>
<var>${json_data}</var>
<arg>${response.json()}</arg>
<doc>Returns the given values which can then be assigned to a variables.</doc>
<status status="PASS" start="2024-06-20T06:20:33.343755" elapsed="0.000465"/>
</kw>
<kw name="Dictionary Should Contain Key" owner="Collections">
<arg>${json_data}</arg>
<arg>results</arg>
<doc>Fails if ``key`` is not found from ``dictionary``.</doc>
<status status="PASS" start="2024-06-20T06:20:33.344520" elapsed="0.000171"/>
</kw>
<status status="PASS" start="2024-06-20T06:20:33.151515" elapsed="0.193323"/>
</kw>
<doc>Testa se a API responde corretamente e retorna um objeto JSON válido.</doc>
<tag>testeRequisicaoBasica</tag>
<status status="PASS" start="2024-06-20T06:20:33.151052" elapsed="0.193951"/>
</test>
<test id="s1-s1-t3" name="Validar estrutura de resposta" line="22">
<kw name="Teste de Estrutura de Resposta" owner="random-user-service">
<kw name="GET On Session" owner="RequestsLibrary">
<msg time="2024-06-20T06:20:33.483332" level="INFO">GET Request : url=https://randomuser.me/api 
 path_url=/api 
 headers={'User-Agent': 'python-requests/2.32.3', 'Accept-Encoding': 'gzip, deflate', 'Accept': '*/*', 'Connection': 'keep-alive'} 
 body=None 
 </msg>
<msg time="2024-06-20T06:20:33.483433" level="INFO">GET Response : url=https://randomuser.me/api 
 status=200, reason=OK 
 headers={'Date': 'Thu, 20 Jun 2024 06:20:33 GMT', 'Content-Type': 'application/json; charset=utf-8', 'Transfer-Encoding': 'chunked', 'Connection': 'keep-alive', 'X-Powered-By': 'Express', 'Access-Control-Allow-Origin': '*', 'Cache-Control': 'no-cache', 'ETag': 'W/"496-e0lIGzy7fU9/V7T8PVGrFuDMHeI"', 'Vary': 'Accept-Encoding', 'Content-Encoding': 'gzip', 'CF-Cache-Status': 'DYNAMIC', 'Report-To': '{"endpoints":[{"url":"https:\\/\\/a.nel.cloudflare.com\\/report\\/v4?s=ONqh5FdP86fnYfY31U3cL3EgT4PcvkW7xhd%2F9UGYkM7g0KshvVD55rNgBpHDfA3eFeqX029MXbP17C%2FDgyUF8Kd%2Fpm3RK2R%2Fri%2FlHMyBa5w9FYyUfJaK6AEgj%2BtRypZ%2F"}],"group":"cf-nel","max_age":604800}', 'NEL': '{"success_fraction":0,"report_to":"cf-nel","max_age":604800}', 'Server': 'cloudflare', 'CF-RAY': '8969a7547bf75349-LAX', 'alt-svc': 'h3=":443"; ma=86400'} 
 body={"results":[{"gender":"female","name":{"title":"Mrs","first":"Josefine","last":"Poulsen"},"location":{"street":{"number":6883,"name":"Magnoliavej"},"city":"Beder","state":"Syddanmark","country":"Denmark","postcode":70367,"coordinates":{"latitude":"-43.7794","longitude":"78.4426"},"timezone":{"offset":"-6:00","description":"Central Time (US &amp; Canada), Mexico City"}},"email":"josefine.poulsen@example.com","login":{"uuid":"6d93b81f-aa36-4e6b-a069-844bf8ff234b","username":"purpleleopard359","password":"hannah","salt":"PmA5zR6d","md5":"05f233085c38d763ded4089d6de3bee5","sha1":"831d34cd0ce2740110a96770e156272425a0a096","sha256":"9392b9d9398da749de16046ff6a783e795cc817229d26352fd4a70806e604502"},"dob":{"date":"1961-07-15T08:51:19.277Z","age":62},"registered":{"date":"2017-01-24T05:29:37.736Z","age":7},"phone":"59912270","cell":"13372156","id":{"name":"CPR","value":"150761-7386"},"picture":{"large":"https://randomuser.me/api/portraits/women/91.jpg","medium":"https://randomuser.me/api/portraits/med/women/91.jpg","thumbnail":"https://randomuser.me/api/portraits/thumb/women/91.jpg"},"nat":"DK"}],"info":{"seed":"39206f8899644dc2","results":1,"page":1,"version":"1.4"}} 
 </msg>
<msg time="2024-06-20T06:20:33.483577" level="INFO">/opt/hostedtoolcache/Python/3.12.4/x64/lib/python3.12/site-packages/urllib3/connectionpool.py:1099: InsecureRequestWarning: Unverified HTTPS request is being made to host 'randomuser.me'. Adding certificate verification is strongly advised. See: https://urllib3.readthedocs.io/en/latest/advanced-usage.html#tls-warnings
  warnings.warn(</msg>
<msg time="2024-06-20T06:20:33.483706" level="INFO">${response} = &lt;Response [200]&gt;</msg>
<var>${response}</var>
<arg>consultarAPI</arg>
<arg>/api</arg>
<doc>Sends a GET request on a previously created HTTP Session.</doc>
<status status="PASS" start="2024-06-20T06:20:33.347545" elapsed="0.136208"/>
</kw>
<kw name="Set Variable" owner="BuiltIn">
<msg time="2024-06-20T06:20:33.484768" level="INFO">${json_data} = {'results': [{'gender': 'female', 'name': {'title': 'Mrs', 'first': 'Josefine', 'last': 'Poulsen'}, 'location': {'street': {'number': 6883, 'name': 'Magnoliavej'}, 'city': 'Beder', 'state': 'Syddanmar...</msg>
<var>${json_data}</var>
<arg>${response.json()}</arg>
<doc>Returns the given values which can then be assigned to a variables.</doc>
<status status="PASS" start="2024-06-20T06:20:33.484261" elapsed="0.000536"/>
</kw>
<kw name="Log" owner="BuiltIn">
<msg time="2024-06-20T06:20:33.485263" level="INFO">{'results': [{'gender': 'female', 'name': {'title': 'Mrs', 'first': 'Josefine', 'last': 'Poulsen'}, 'location': {'street': {'number': 6883, 'name': 'Magnoliavej'}, 'city': 'Beder', 'state': 'Syddanmark', 'country': 'Denmark', 'postcode': 70367, 'coordinates': {'latitude': '-43.7794', 'longitude': '78.4426'}, 'timezone': {'offset': '-6:00', 'description': 'Central Time (US &amp; Canada), Mexico City'}}, 'email': 'josefine.poulsen@example.com', 'login': {'uuid': '6d93b81f-aa36-4e6b-a069-844bf8ff234b', 'username': 'purpleleopard359', 'password': 'hannah', 'salt': 'PmA5zR6d', 'md5': '05f233085c38d763ded4089d6de3bee5', 'sha1': '831d34cd0ce2740110a96770e156272425a0a096', 'sha256': '9392b9d9398da749de16046ff6a783e795cc817229d26352fd4a70806e604502'}, 'dob': {'date': '1961-07-15T08:51:19.277Z', 'age': 62}, 'registered': {'date': '2017-01-24T05:29:37.736Z', 'age': 7}, 'phone': '59912270', 'cell': '13372156', 'id': {'name': 'CPR', 'value': '150761-7386'}, 'picture': {'large': 'https://randomuser.me/api/portraits/women/91.jpg', 'medium': 'https://randomuser.me/api/portraits/med/women/91.jpg', 'thumbnail': 'https://randomuser.me/api/portraits/thumb/women/91.jpg'}, 'nat': 'DK'}], 'info': {'seed': '39206f8899644dc2', 'results': 1, 'page': 1, 'version': '1.4'}}</msg>
<arg>${json_data}</arg>
<doc>Logs the given message with the given level.</doc>
<status status="PASS" start="2024-06-20T06:20:33.485106" elapsed="0.000207"/>
</kw>
<kw name="Dictionary Should Contain Key" owner="Collections">
<arg>${json_data}</arg>
<arg>results</arg>
<doc>Fails if ``key`` is not found from ``dictionary``.</doc>
<status status="PASS" start="2024-06-20T06:20:33.485601" elapsed="0.000164"/>
</kw>
<kw name="Should Not Be Empty" owner="BuiltIn">
<msg time="2024-06-20T06:20:33.486073" level="INFO">Length is 2.</msg>
<arg>${json_data}</arg>
<doc>Verifies that the given item is not empty.</doc>
<status status="PASS" start="2024-06-20T06:20:33.485948" elapsed="0.000163"/>
</kw>
<kw name="Create List" owner="BuiltIn">
<msg time="2024-06-20T06:20:33.486706" level="INFO">${expected_keys} = ['gender', 'name', 'location', 'email', 'login']</msg>
<var>${expected_keys}</var>
<arg>gender</arg>
<arg>name</arg>
<arg>location</arg>
<arg>email</arg>
<arg>login</arg>
<doc>Returns a list containing given items.</doc>
<status status="PASS" start="2024-06-20T06:20:33.486401" elapsed="0.000330"/>
</kw>
<for flavor="IN">
<iter>
<kw name="Dictionary Should Contain Key" owner="Collections">
<arg>${json_data['results'][0]}</arg>
<arg>${key}</arg>
<doc>Fails if ``key`` is not found from ``dictionary``.</doc>
<status status="PASS" start="2024-06-20T06:20:33.487348" elapsed="0.000399"/>
</kw>
<kw name="Log" owner="BuiltIn">
<msg time="2024-06-20T06:20:33.488299" level="INFO">{'gender': 'female', 'name': {'title': 'Mrs', 'first': 'Josefine', 'last': 'Poulsen'}, 'location': {'street': {'number': 6883, 'name': 'Magnoliavej'}, 'city': 'Beder', 'state': 'Syddanmark', 'country': 'Denmark', 'postcode': 70367, 'coordinates': {'latitude': '-43.7794', 'longitude': '78.4426'}, 'timezone': {'offset': '-6:00', 'description': 'Central Time (US &amp; Canada), Mexico City'}}, 'email': 'josefine.poulsen@example.com', 'login': {'uuid': '6d93b81f-aa36-4e6b-a069-844bf8ff234b', 'username': 'purpleleopard359', 'password': 'hannah', 'salt': 'PmA5zR6d', 'md5': '05f233085c38d763ded4089d6de3bee5', 'sha1': '831d34cd0ce2740110a96770e156272425a0a096', 'sha256': '9392b9d9398da749de16046ff6a783e795cc817229d26352fd4a70806e604502'}, 'dob': {'date': '1961-07-15T08:51:19.277Z', 'age': 62}, 'registered': {'date': '2017-01-24T05:29:37.736Z', 'age': 7}, 'phone': '59912270', 'cell': '13372156', 'id': {'name': 'CPR', 'value': '150761-7386'}, 'picture': {'large': 'https://randomuser.me/api/portraits/women/91.jpg', 'medium': 'https://randomuser.me/api/portraits/med/women/91.jpg', 'thumbnail': 'https://randomuser.me/api/portraits/thumb/women/91.jpg'}, 'nat': 'DK'}</msg>
<arg>${json_data['results'][0]}</arg>
<doc>Logs the given message with the given level.</doc>
<status status="PASS" start="2024-06-20T06:20:33.487939" elapsed="0.000418"/>
</kw>
<kw name="Log" owner="BuiltIn">
<msg time="2024-06-20T06:20:33.488775" level="INFO">gender</msg>
<arg>${key}</arg>
<doc>Logs the given message with the given level.</doc>
<status status="PASS" start="2024-06-20T06:20:33.488648" elapsed="0.000165"/>
</kw>
<var name="${key}">gender</var>
<status status="PASS" start="2024-06-20T06:20:33.487224" elapsed="0.001799"/>
</iter>
<iter>
<kw name="Dictionary Should Contain Key" owner="Collections">
<arg>${json_data['results'][0]}</arg>
<arg>${key}</arg>
<doc>Fails if ``key`` is not found from ``dictionary``.</doc>
<status status="PASS" start="2024-06-20T06:20:33.489311" elapsed="0.000391"/>
</kw>
<kw name="Log" owner="BuiltIn">
<msg time="2024-06-20T06:20:33.490275" level="INFO">{'gender': 'female', 'name': {'title': 'Mrs', 'first': 'Josefine', 'last': 'Poulsen'}, 'location': {'street': {'number': 6883, 'name': 'Magnoliavej'}, 'city': 'Beder', 'state': 'Syddanmark', 'country': 'Denmark', 'postcode': 70367, 'coordinates': {'latitude': '-43.7794', 'longitude': '78.4426'}, 'timezone': {'offset': '-6:00', 'description': 'Central Time (US &amp; Canada), Mexico City'}}, 'email': 'josefine.poulsen@example.com', 'login': {'uuid': '6d93b81f-aa36-4e6b-a069-844bf8ff234b', 'username': 'purpleleopard359', 'password': 'hannah', 'salt': 'PmA5zR6d', 'md5': '05f233085c38d763ded4089d6de3bee5', 'sha1': '831d34cd0ce2740110a96770e156272425a0a096', 'sha256': '9392b9d9398da749de16046ff6a783e795cc817229d26352fd4a70806e604502'}, 'dob': {'date': '1961-07-15T08:51:19.277Z', 'age': 62}, 'registered': {'date': '2017-01-24T05:29:37.736Z', 'age': 7}, 'phone': '59912270', 'cell': '13372156', 'id': {'name': 'CPR', 'value': '150761-7386'}, 'picture': {'large': 'https://randomuser.me/api/portraits/women/91.jpg', 'medium': 'https://randomuser.me/api/portraits/med/women/91.jpg', 'thumbnail': 'https://randomuser.me/api/portraits/thumb/women/91.jpg'}, 'nat': 'DK'}</msg>
<arg>${json_data['results'][0]}</arg>
<doc>Logs the given message with the given level.</doc>
<status status="PASS" start="2024-06-20T06:20:33.489886" elapsed="0.000450"/>
</kw>
<kw name="Log" owner="BuiltIn">
<msg time="2024-06-20T06:20:33.490755" level="INFO">name</msg>
<arg>${key}</arg>
<doc>Logs the given message with the given level.</doc>
<status status="PASS" start="2024-06-20T06:20:33.490628" elapsed="0.000173"/>
</kw>
<var name="${key}">name</var>
<status status="PASS" start="2024-06-20T06:20:33.489203" elapsed="0.001813"/>
</iter>
<iter>
<kw name="Dictionary Should Contain Key" owner="Collections">
<arg>${json_data['results'][0]}</arg>
<arg>${key}</arg>
<doc>Fails if ``key`` is not found from ``dictionary``.</doc>
<status status="PASS" start="2024-06-20T06:20:33.491323" elapsed="0.000386"/>
</kw>
<kw name="Log" owner="BuiltIn">
<msg time="2024-06-20T06:20:33.492244" level="INFO">{'gender': 'female', 'name': {'title': 'Mrs', 'first': 'Josefine', 'last': 'Poulsen'}, 'location': {'street': {'number': 6883, 'name': 'Magnoliavej'}, 'city': 'Beder', 'state': 'Syddanmark', 'country': 'Denmark', 'postcode': 70367, 'coordinates': {'latitude': '-43.7794', 'longitude': '78.4426'}, 'timezone': {'offset': '-6:00', 'description': 'Central Time (US &amp; Canada), Mexico City'}}, 'email': 'josefine.poulsen@example.com', 'login': {'uuid': '6d93b81f-aa36-4e6b-a069-844bf8ff234b', 'username': 'purpleleopard359', 'password': 'hannah', 'salt': 'PmA5zR6d', 'md5': '05f233085c38d763ded4089d6de3bee5', 'sha1': '831d34cd0ce2740110a96770e156272425a0a096', 'sha256': '9392b9d9398da749de16046ff6a783e795cc817229d26352fd4a70806e604502'}, 'dob': {'date': '1961-07-15T08:51:19.277Z', 'age': 62}, 'registered': {'date': '2017-01-24T05:29:37.736Z', 'age': 7}, 'phone': '59912270', 'cell': '13372156', 'id': {'name': 'CPR', 'value': '150761-7386'}, 'picture': {'large': 'https://randomuser.me/api/portraits/women/91.jpg', 'medium': 'https://randomuser.me/api/portraits/med/women/91.jpg', 'thumbnail': 'https://randomuser.me/api/portraits/thumb/women/91.jpg'}, 'nat': 'DK'}</msg>
<arg>${json_data['results'][0]}</arg>
<doc>Logs the given message with the given level.</doc>
<status status="PASS" start="2024-06-20T06:20:33.491888" elapsed="0.000407"/>
</kw>
<kw name="Log" owner="BuiltIn">
<msg time="2024-06-20T06:20:33.492712" level="INFO">location</msg>
<arg>${key}</arg>
<doc>Logs the given message with the given level.</doc>
<status status="PASS" start="2024-06-20T06:20:33.492585" elapsed="0.000165"/>
</kw>
<var name="${key}">location</var>
<status status="PASS" start="2024-06-20T06:20:33.491213" elapsed="0.001786"/>
</iter>
<iter>
<kw name="Dictionary Should Contain Key" owner="Collections">
<arg>${json_data['results'][0]}</arg>
<arg>${key}</arg>
<doc>Fails if ``key`` is not found from ``dictionary``.</doc>
<status status="PASS" start="2024-06-20T06:20:33.493285" elapsed="0.000395"/>
</kw>
<kw name="Log" owner="BuiltIn">
<msg time="2024-06-20T06:20:33.494213" level="INFO">{'gender': 'female', 'name': {'title': 'Mrs', 'first': 'Josefine', 'last': 'Poulsen'}, 'location': {'street': {'number': 6883, 'name': 'Magnoliavej'}, 'city': 'Beder', 'state': 'Syddanmark', 'country': 'Denmark', 'postcode': 70367, 'coordinates': {'latitude': '-43.7794', 'longitude': '78.4426'}, 'timezone': {'offset': '-6:00', 'description': 'Central Time (US &amp; Canada), Mexico City'}}, 'email': 'josefine.poulsen@example.com', 'login': {'uuid': '6d93b81f-aa36-4e6b-a069-844bf8ff234b', 'username': 'purpleleopard359', 'password': 'hannah', 'salt': 'PmA5zR6d', 'md5': '05f233085c38d763ded4089d6de3bee5', 'sha1': '831d34cd0ce2740110a96770e156272425a0a096', 'sha256': '9392b9d9398da749de16046ff6a783e795cc817229d26352fd4a70806e604502'}, 'dob': {'date': '1961-07-15T08:51:19.277Z', 'age': 62}, 'registered': {'date': '2017-01-24T05:29:37.736Z', 'age': 7}, 'phone': '59912270', 'cell': '13372156', 'id': {'name': 'CPR', 'value': '150761-7386'}, 'picture': {'large': 'https://randomuser.me/api/portraits/women/91.jpg', 'medium': 'https://randomuser.me/api/portraits/med/women/91.jpg', 'thumbnail': 'https://randomuser.me/api/portraits/thumb/women/91.jpg'}, 'nat': 'DK'}</msg>
<arg>${json_data['results'][0]}</arg>
<doc>Logs the given message with the given level.</doc>
<status status="PASS" start="2024-06-20T06:20:33.493865" elapsed="0.000401"/>
</kw>
<kw name="Log" owner="BuiltIn">
<msg time="2024-06-20T06:20:33.494696" level="INFO">email</msg>
<arg>${key}</arg>
<doc>Logs the given message with the given level.</doc>
<status status="PASS" start="2024-06-20T06:20:33.494569" elapsed="0.000165"/>
</kw>
<var name="${key}">email</var>
<status status="PASS" start="2024-06-20T06:20:33.493175" elapsed="0.001770"/>
</iter>
<iter>
<kw name="Dictionary Should Contain Key" owner="Collections">
<arg>${json_data['results'][0]}</arg>
<arg>${key}</arg>
<doc>Fails if ``key`` is not found from ``dictionary``.</doc>
<status status="PASS" start="2024-06-20T06:20:33.495240" elapsed="0.000396"/>
</kw>
<kw name="Log" owner="BuiltIn">
<msg time="2024-06-20T06:20:33.496173" level="INFO">{'gender': 'female', 'name': {'title': 'Mrs', 'first': 'Josefine', 'last': 'Poulsen'}, 'location': {'street': {'number': 6883, 'name': 'Magnoliavej'}, 'city': 'Beder', 'state': 'Syddanmark', 'country': 'Denmark', 'postcode': 70367, 'coordinates': {'latitude': '-43.7794', 'longitude': '78.4426'}, 'timezone': {'offset': '-6:00', 'description': 'Central Time (US &amp; Canada), Mexico City'}}, 'email': 'josefine.poulsen@example.com', 'login': {'uuid': '6d93b81f-aa36-4e6b-a069-844bf8ff234b', 'username': 'purpleleopard359', 'password': 'hannah', 'salt': 'PmA5zR6d', 'md5': '05f233085c38d763ded4089d6de3bee5', 'sha1': '831d34cd0ce2740110a96770e156272425a0a096', 'sha256': '9392b9d9398da749de16046ff6a783e795cc817229d26352fd4a70806e604502'}, 'dob': {'date': '1961-07-15T08:51:19.277Z', 'age': 62}, 'registered': {'date': '2017-01-24T05:29:37.736Z', 'age': 7}, 'phone': '59912270', 'cell': '13372156', 'id': {'name': 'CPR', 'value': '150761-7386'}, 'picture': {'large': 'https://randomuser.me/api/portraits/women/91.jpg', 'medium': 'https://randomuser.me/api/portraits/med/women/91.jpg', 'thumbnail': 'https://randomuser.me/api/portraits/thumb/women/91.jpg'}, 'nat': 'DK'}</msg>
<arg>${json_data['results'][0]}</arg>
<doc>Logs the given message with the given level.</doc>
<status status="PASS" start="2024-06-20T06:20:33.495817" elapsed="0.000414"/>
</kw>
<kw name="Log" owner="BuiltIn">
<msg time="2024-06-20T06:20:33.496653" level="INFO">login</msg>
<arg>${key}</arg>
<doc>Logs the given message with the given level.</doc>
<status status="PASS" start="2024-06-20T06:20:33.496525" elapsed="0.000165"/>
</kw>
<var name="${key}">login</var>
<status status="PASS" start="2024-06-20T06:20:33.495115" elapsed="0.001787"/>
</iter>
<var>${key}</var>
<value>@{expected_keys}</value>
<status status="PASS" start="2024-06-20T06:20:33.486996" elapsed="0.010025"/>
</for>
<kw name="Create List" owner="BuiltIn">
<msg time="2024-06-20T06:20:33.497375" level="INFO">${expected_keysTwo} = ['username', 'password']</msg>
<var>${expected_keysTwo}</var>
<arg>username</arg>
<arg>password</arg>
<doc>Returns a list containing given items.</doc>
<status status="PASS" start="2024-06-20T06:20:33.497208" elapsed="0.000191"/>
</kw>
<for flavor="IN">
<iter>
<kw name="Dictionary Should Contain Key" owner="Collections">
<arg>${json_data['results'][0]['login']}</arg>
<arg>${keyTwo}</arg>
<doc>Fails if ``key`` is not found from ``dictionary``.</doc>
<status status="PASS" start="2024-06-20T06:20:33.497895" elapsed="0.000384"/>
</kw>
<kw name="Dictionary Should Contain Key" owner="Collections">
<arg>${json_data['results'][0]['login']}</arg>
<arg>${keyTwo}</arg>
<doc>Fails if ``key`` is not found from ``dictionary``.</doc>
<status status="PASS" start="2024-06-20T06:20:33.498466" elapsed="0.000368"/>
</kw>
<kw name="Log" owner="BuiltIn">
<msg time="2024-06-20T06:20:33.499128" level="INFO">username</msg>
<arg>${keyTwo}</arg>
<doc>Logs the given message with the given level.</doc>
<status status="PASS" start="2024-06-20T06:20:33.499009" elapsed="0.000154"/>
</kw>
<var name="${keyTwo}">username</var>
<status status="PASS" start="2024-06-20T06:20:33.497789" elapsed="0.001619"/>
</iter>
<iter>
<kw name="Dictionary Should Contain Key" owner="Collections">
<arg>${json_data['results'][0]['login']}</arg>
<arg>${keyTwo}</arg>
<doc>Fails if ``key`` is not found from ``dictionary``.</doc>
<status status="PASS" start="2024-06-20T06:20:33.499696" elapsed="0.000406"/>
</kw>
<kw name="Dictionary Should Contain Key" owner="Collections">
<arg>${json_data['results'][0]['login']}</arg>
<arg>${keyTwo}</arg>
<doc>Fails if ``key`` is not found from ``dictionary``.</doc>
<status status="PASS" start="2024-06-20T06:20:33.500290" elapsed="0.000377"/>
</kw>
<kw name="Log" owner="BuiltIn">
<msg time="2024-06-20T06:20:33.500960" level="INFO">password</msg>
<arg>${keyTwo}</arg>
<doc>Logs the given message with the given level.</doc>
<status status="PASS" start="2024-06-20T06:20:33.500841" elapsed="0.000155"/>
</kw>
<var name="${keyTwo}">password</var>
<status status="PASS" start="2024-06-20T06:20:33.499589" elapsed="0.001718"/>
</iter>
<var>${keyTwo}</var>
<value>@{expected_keysTwo}</value>
<status status="PASS" start="2024-06-20T06:20:33.497636" elapsed="0.003792"/>
</for>
<status status="PASS" start="2024-06-20T06:20:33.347311" elapsed="0.154254"/>
</kw>
<doc>Testa a estrutura da resposta da API.</doc>
<tag>testeEstruturaResposta</tag>
<status status="PASS" start="2024-06-20T06:20:33.346790" elapsed="0.154930"/>
</test>
<test id="s1-s1-t4" name="Validar tipos de dados" line="28">
<kw name="Teste de Tipos de Dados" owner="random-user-service">
<kw name="GET On Session" owner="RequestsLibrary">
<msg time="2024-06-20T06:20:33.691029" level="INFO">GET Request : url=https://randomuser.me/api 
 path_url=/api 
 headers={'User-Agent': 'python-requests/2.32.3', 'Accept-Encoding': 'gzip, deflate', 'Accept': '*/*', 'Connection': 'keep-alive'} 
 body=None 
 </msg>
<msg time="2024-06-20T06:20:33.691115" level="INFO">GET Response : url=https://randomuser.me/api 
 status=200, reason=OK 
 headers={'Date': 'Thu, 20 Jun 2024 06:20:33 GMT', 'Content-Type': 'application/json; charset=utf-8', 'Transfer-Encoding': 'chunked', 'Connection': 'keep-alive', 'X-Powered-By': 'Express', 'Access-Control-Allow-Origin': '*', 'Cache-Control': 'no-cache', 'ETag': 'W/"486-SX2KzMpqKD8TPDQkszz2NerCxIg"', 'Vary': 'Accept-Encoding', 'Content-Encoding': 'gzip', 'CF-Cache-Status': 'DYNAMIC', 'Report-To': '{"endpoints":[{"url":"https:\\/\\/a.nel.cloudflare.com\\/report\\/v4?s=SMjjvFkEZyhJZMdn9E4tw%2FQSyGJFB0MquEsHjQaDnuuGJhHLDh6ve61OHqB3qwYBlP0C6FIUDUrztgf6a%2Fb4LyLVqrRxuu9nbGz4mV4CzklZ1ptSFmrlo3IfrXJfyiDk"}],"group":"cf-nel","max_age":604800}', 'NEL': '{"success_fraction":0,"report_to":"cf-nel","max_age":604800}', 'Server': 'cloudflare', 'CF-RAY': '8969a7556cf95349-LAX', 'alt-svc': 'h3=":443"; ma=86400'} 
 body={"results":[{"gender":"female","name":{"title":"Miss","first":"Afşar","last":"Saygıner"},"location":{"street":{"number":920,"name":"Atatürk Sk"},"city":"Manisa","state":"Hakkâri","country":"Turkey","postcode":42755,"coordinates":{"latitude":"69.2275","longitude":"163.2170"},"timezone":{"offset":"-8:00","description":"Pacific Time (US &amp; Canada)"}},"email":"afsar.sayginer@example.com","login":{"uuid":"1b521085-5e1c-40e8-a558-bc06ddfa25d5","username":"orangepanda801","password":"elcamino","salt":"4fVc3F4u","md5":"5d2e3ee8aa686fe4c6dae43e0f674d74","sha1":"575597cf4db9167a8c06d464d62bbe8293328b3f","sha256":"94e97be352fa00a21145f596692b03587cb0be50b023875e9eca363d4bddb9e0"},"dob":{"date":"1947-05-21T00:35:26.606Z","age":77},"registered":{"date":"2010-01-15T16:20:08.699Z","age":14},"phone":"(896)-138-3643","cell":"(691)-316-5757","id":{"name":"","value":null},"picture":{"large":"https://randomuser.me/api/portraits/women/82.jpg","medium":"https://randomuser.me/api/portraits/med/women/82.jpg","thumbnail":"https://randomuser.me/api/portraits/thumb/women/82.jpg"},"nat":"TR"}],"info":{"seed":"26b468f2b5c25eca","results":1,"page":1,"version":"1.4"}} 
 </msg>
<msg time="2024-06-20T06:20:33.691220" level="INFO">/opt/hostedtoolcache/Python/3.12.4/x64/lib/python3.12/site-packages/urllib3/connectionpool.py:1099: InsecureRequestWarning: Unverified HTTPS request is being made to host 'randomuser.me'. Adding certificate verification is strongly advised. See: https://urllib3.readthedocs.io/en/latest/advanced-usage.html#tls-warnings
  warnings.warn(</msg>
<msg time="2024-06-20T06:20:33.691338" level="INFO">${response} = &lt;Response [200]&gt;</msg>
<var>${response}</var>
<arg>consultarAPI</arg>
<arg>/api</arg>
<doc>Sends a GET request on a previously created HTTP Session.</doc>
<status status="PASS" start="2024-06-20T06:20:33.504162" elapsed="0.187217"/>
</kw>
<kw name="Set Variable" owner="BuiltIn">
<msg time="2024-06-20T06:20:33.692268" level="INFO">${json_data} = {'results': [{'gender': 'female', 'name': {'title': 'Miss', 'first': 'Afşar', 'last': 'Saygıner'}, 'location': {'street': {'number': 920, 'name': 'Atatürk Sk'}, 'city': 'Manisa', 'state': 'Hakkâri', '...</msg>
<var>${json_data}</var>
<arg>${response.json()}</arg>
<doc>Returns the given values which can then be assigned to a variables.</doc>
<status status="PASS" start="2024-06-20T06:20:33.691795" elapsed="0.000503"/>
</kw>
<kw name="Log" owner="BuiltIn">
<msg time="2024-06-20T06:20:33.692760" level="INFO">{'results': [{'gender': 'female', 'name': {'title': 'Miss', 'first': 'Afşar', 'last': 'Saygıner'}, 'location': {'street': {'number': 920, 'name': 'Atatürk Sk'}, 'city': 'Manisa', 'state': 'Hakkâri', 'country': 'Turkey', 'postcode': 42755, 'coordinates': {'latitude': '69.2275', 'longitude': '163.2170'}, 'timezone': {'offset': '-8:00', 'description': 'Pacific Time (US &amp; Canada)'}}, 'email': 'afsar.sayginer@example.com', 'login': {'uuid': '1b521085-5e1c-40e8-a558-bc06ddfa25d5', 'username': 'orangepanda801', 'password': 'elcamino', 'salt': '4fVc3F4u', 'md5': '5d2e3ee8aa686fe4c6dae43e0f674d74', 'sha1': '575597cf4db9167a8c06d464d62bbe8293328b3f', 'sha256': '94e97be352fa00a21145f596692b03587cb0be50b023875e9eca363d4bddb9e0'}, 'dob': {'date': '1947-05-21T00:35:26.606Z', 'age': 77}, 'registered': {'date': '2010-01-15T16:20:08.699Z', 'age': 14}, 'phone': '(896)-138-3643', 'cell': '(691)-316-5757', 'id': {'name': '', 'value': None}, 'picture': {'large': 'https://randomuser.me/api/portraits/women/82.jpg', 'medium': 'https://randomuser.me/api/portraits/med/women/82.jpg', 'thumbnail': 'https://randomuser.me/api/portraits/thumb/women/82.jpg'}, 'nat': 'TR'}], 'info': {'seed': '26b468f2b5c25eca', 'results': 1, 'page': 1, 'version': '1.4'}}</msg>
<arg>${json_data}</arg>
<doc>Logs the given message with the given level.</doc>
<status status="PASS" start="2024-06-20T06:20:33.692598" elapsed="0.000213"/>
</kw>
<kw name="Should Be String" owner="String">
<arg>${json_data['results'][0]['gender']}</arg>
<doc>Fails if the given ``item`` is not a string.</doc>
<status status="PASS" start="2024-06-20T06:20:33.693100" elapsed="0.000362"/>
</kw>
<kw name="Should Match Regexp" owner="BuiltIn">
<arg>${json_data['results'][0]['email']}</arg>
<arg>^[a-zA-Z0-9._%+-]+@[a-zA-Z0-9.-]+\.[a-zA-Z]{2,}$</arg>
<doc>Fails if ``string`` does not match ``pattern`` as a regular expression.</doc>
<status status="PASS" start="2024-06-20T06:20:33.693647" elapsed="0.000561"/>
</kw>
<kw name="Should Match Regexp" owner="BuiltIn">
<arg>${json_data['results'][0]['dob']['date']}</arg>
<arg>\\d{4}-\\d{2}-\\d{2}T\\d{2}:\\d{2}:\\d{2}\\.\\d{3}Z</arg>
<doc>Fails if ``string`` does not match ``pattern`` as a regular expression.</doc>
<status status="PASS" start="2024-06-20T06:20:33.694400" elapsed="0.000485"/>
</kw>
<kw name="Should Match Regexp" owner="BuiltIn">
<arg>${json_data['results'][0]['registered']['date']}</arg>
<arg>\\d{4}-\\d{2}-\\d{2}T\\d{2}:\\d{2}:\\d{2}\\.\\d{3}Z</arg>
<doc>Fails if ``string`` does not match ``pattern`` as a regular expression.</doc>
<status status="PASS" start="2024-06-20T06:20:33.695071" elapsed="0.000394"/>
</kw>
<kw name="Should Match Regexp" owner="BuiltIn">
<arg>${json_data['results'][0]['picture']['large']}</arg>
<arg>^https?://.*\.(?:png|jpe?g|gif|bmp)$</arg>
<doc>Fails if ``string`` does not match ``pattern`` as a regular expression.</doc>
<status status="PASS" start="2024-06-20T06:20:33.695651" elapsed="0.000469"/>
</kw>
<kw name="Should Match Regexp" owner="BuiltIn">
<arg>${json_data['results'][0]['picture']['medium']}</arg>
<arg>^https?://.*\.(?:png|jpe?g|gif|bmp)$</arg>
<doc>Fails if ``string`` does not match ``pattern`` as a regular expression.</doc>
<status status="PASS" start="2024-06-20T06:20:33.696306" elapsed="0.000350"/>
</kw>
<kw name="Should Match Regexp" owner="BuiltIn">
<arg>${json_data['results'][0]['picture']['thumbnail']}</arg>
<arg>^https?://.*\.(?:png|jpe?g|gif|bmp)$</arg>
<doc>Fails if ``string`` does not match ``pattern`` as a regular expression.</doc>
<status status="PASS" start="2024-06-20T06:20:33.696837" elapsed="0.000351"/>
</kw>
<kw name="Log" owner="BuiltIn">
<msg time="2024-06-20T06:20:33.697743" level="INFO">{'large': 'https://randomuser.me/api/portraits/women/82.jpg', 'medium': 'https://randomuser.me/api/portraits/med/women/82.jpg', 'thumbnail': 'https://randomuser.me/api/portraits/thumb/women/82.jpg'}</msg>
<arg>${json_data['results'][0]['picture']}</arg>
<doc>Logs the given message with the given level.</doc>
<status status="PASS" start="2024-06-20T06:20:33.697409" elapsed="0.000376"/>
</kw>
<status status="PASS" start="2024-06-20T06:20:33.503940" elapsed="0.194098"/>
</kw>
<kw name="Teste de Tipos de Dados - Postcode" owner="random-user-service">
<kw name="GET On Session" owner="RequestsLibrary">
<msg time="2024-06-20T06:20:33.817079" level="INFO">GET Request : url=https://randomuser.me/api 
 path_url=/api 
 headers={'User-Agent': 'python-requests/2.32.3', 'Accept-Encoding': 'gzip, deflate', 'Accept': '*/*', 'Connection': 'keep-alive'} 
 body=None 
 </msg>
<msg time="2024-06-20T06:20:33.817168" level="INFO">GET Response : url=https://randomuser.me/api 
 status=200, reason=OK 
 headers={'Date': 'Thu, 20 Jun 2024 06:20:33 GMT', 'Content-Type': 'application/json; charset=utf-8', 'Transfer-Encoding': 'chunked', 'Connection': 'keep-alive', 'X-Powered-By': 'Express', 'Access-Control-Allow-Origin': '*', 'Cache-Control': 'no-cache', 'ETag': 'W/"467-RDJ8i9xe23WD96c6ryKnZXkTvsg"', 'Vary': 'Accept-Encoding', 'Content-Encoding': 'gzip', 'CF-Cache-Status': 'DYNAMIC', 'Report-To': '{"endpoints":[{"url":"https:\\/\\/a.nel.cloudflare.com\\/report\\/v4?s=ImIS38or7%2BfDWmzwss7E0Wt723mTUMRPNeKCl4XyGzikjxpNGN2hv4qdabm%2FoR7X4yUsc1R7BGeGOxNt%2Bmk%2Bazm8JDZAypAMTeWwlTGgvU0h4%2FgVUoJGNa0xhb7wuMbE"}],"group":"cf-nel","max_age":604800}', 'NEL': '{"success_fraction":0,"report_to":"cf-nel","max_age":604800}', 'Server': 'cloudflare', 'CF-RAY': '8969a756ae0f5349-LAX', 'alt-svc': 'h3=":443"; ma=86400'} 
 body={"results":[{"gender":"female","name":{"title":"Ms","first":"Ayşe","last":"Başoğlu"},"location":{"street":{"number":2648,"name":"Filistin Cd"},"city":"Aydın","state":"Manisa","country":"Turkey","postcode":30905,"coordinates":{"latitude":"72.4934","longitude":"91.6006"},"timezone":{"offset":"+3:30","description":"Tehran"}},"email":"ayse.basoglu@example.com","login":{"uuid":"03b94918-3af6-40e0-a6e0-244d993b563a","username":"angrydog366","password":"thunderb","salt":"P9zc5cQz","md5":"7ea6816c3e19efbc7c1b8fc99e8fccb1","sha1":"4ef6c08eb5ac1b26cde9934bf683325eb0de7e1c","sha256":"05f21dc28048ac555f56a8e092976ce05a30567418e01a81959d273a6a707827"},"dob":{"date":"1961-04-27T15:02:44.351Z","age":63},"registered":{"date":"2019-09-10T03:47:39.351Z","age":4},"phone":"(527)-342-6955","cell":"(289)-122-7755","id":{"name":"","value":null},"picture":{"large":"https://randomuser.me/api/portraits/women/55.jpg","medium":"https://randomuser.me/api/portraits/med/women/55.jpg","thumbnail":"https://randomuser.me/api/portraits/thumb/women/55.jpg"},"nat":"TR"}],"info":{"seed":"7c46bee1bc26ad59","results":1,"page":1,"version":"1.4"}} 
 </msg>
<msg time="2024-06-20T06:20:33.817249" level="INFO">/opt/hostedtoolcache/Python/3.12.4/x64/lib/python3.12/site-packages/urllib3/connectionpool.py:1099: InsecureRequestWarning: Unverified HTTPS request is being made to host 'randomuser.me'. Adding certificate verification is strongly advised. See: https://urllib3.readthedocs.io/en/latest/advanced-usage.html#tls-warnings
  warnings.warn(</msg>
<msg time="2024-06-20T06:20:33.817364" level="INFO">${response} = &lt;Response [200]&gt;</msg>
<var>${response}</var>
<arg>consultarAPI</arg>
<arg>/api</arg>
<doc>Sends a GET request on a previously created HTTP Session.</doc>
<status status="PASS" start="2024-06-20T06:20:33.698476" elapsed="0.118934"/>
</kw>
<kw name="Set Variable" owner="BuiltIn">
<msg time="2024-06-20T06:20:33.818319" level="INFO">${json_data} = {'results': [{'gender': 'female', 'name': {'title': 'Ms', 'first': 'Ayşe', 'last': 'Başoğlu'}, 'location': {'street': {'number': 2648, 'name': 'Filistin Cd'}, 'city': 'Aydın', 'state': 'Manisa', 'coun...</msg>
<var>${json_data}</var>
<arg>${response.json()}</arg>
<doc>Returns the given values which can then be assigned to a variables.</doc>
<status status="PASS" start="2024-06-20T06:20:33.817853" elapsed="0.000496"/>
</kw>
<kw name="Log" owner="BuiltIn">
<msg time="2024-06-20T06:20:33.818806" level="INFO">{'results': [{'gender': 'female', 'name': {'title': 'Ms', 'first': 'Ayşe', 'last': 'Başoğlu'}, 'location': {'street': {'number': 2648, 'name': 'Filistin Cd'}, 'city': 'Aydın', 'state': 'Manisa', 'country': 'Turkey', 'postcode': 30905, 'coordinates': {'latitude': '72.4934', 'longitude': '91.6006'}, 'timezone': {'offset': '+3:30', 'description': 'Tehran'}}, 'email': 'ayse.basoglu@example.com', 'login': {'uuid': '03b94918-3af6-40e0-a6e0-244d993b563a', 'username': 'angrydog366', 'password': 'thunderb', 'salt': 'P9zc5cQz', 'md5': '7ea6816c3e19efbc7c1b8fc99e8fccb1', 'sha1': '4ef6c08eb5ac1b26cde9934bf683325eb0de7e1c', 'sha256': '05f21dc28048ac555f56a8e092976ce05a30567418e01a81959d273a6a707827'}, 'dob': {'date': '1961-04-27T15:02:44.351Z', 'age': 63}, 'registered': {'date': '2019-09-10T03:47:39.351Z', 'age': 4}, 'phone': '(527)-342-6955', 'cell': '(289)-122-7755', 'id': {'name': '', 'value': None}, 'picture': {'large': 'https://randomuser.me/api/portraits/women/55.jpg', 'medium': 'https://randomuser.me/api/portraits/med/women/55.jpg', 'thumbnail': 'https://randomuser.me/api/portraits/thumb/women/55.jpg'}, 'nat': 'TR'}], 'info': {'seed': '7c46bee1bc26ad59', 'results': 1, 'page': 1, 'version': '1.4'}}</msg>
<arg>${json_data}</arg>
<doc>Logs the given message with the given level.</doc>
<status status="PASS" start="2024-06-20T06:20:33.818646" elapsed="0.000208"/>
</kw>
<kw name="Should Be Equal As Numbers" owner="BuiltIn">
<arg>${json_data['results'][0]['location']['postcode']}</arg>
<arg>${json_data['results'][0]['location']['postcode']}</arg>
<doc>Fails if objects are unequal after converting them to real numbers.</doc>
<status status="PASS" start="2024-06-20T06:20:33.819152" elapsed="0.000667"/>
</kw>
<kw name="Log" owner="BuiltIn">
<msg time="2024-06-20T06:20:33.820474" level="INFO">30905</msg>
<arg>${json_data['results'][0]['location']['postcode']}</arg>
<doc>Logs the given message with the given level.</doc>
<status status="PASS" start="2024-06-20T06:20:33.820006" elapsed="0.000509"/>
</kw>
<status status="PASS" start="2024-06-20T06:20:33.698255" elapsed="0.122546"/>
</kw>
<doc>Testa se os tipos de dados na resposta da API estão corretos.</doc>
<tag>testeTiposDados</tag>
<status status="PASS" start="2024-06-20T06:20:33.503488" elapsed="0.317473"/>
</test>
<test id="s1-s1-t5" name="Validar conteudo" line="35">
<kw name="Teste de Tipos de Conteudo" owner="random-user-service">
<kw name="GET On Session" owner="RequestsLibrary">
<msg time="2024-06-20T06:20:33.923109" level="INFO">GET Request : url=https://randomuser.me/api 
 path_url=/api 
 headers={'User-Agent': 'python-requests/2.32.3', 'Accept-Encoding': 'gzip, deflate', 'Accept': '*/*', 'Connection': 'keep-alive'} 
 body=None 
 </msg>
<msg time="2024-06-20T06:20:33.923228" level="INFO">GET Response : url=https://randomuser.me/api 
 status=200, reason=OK 
 headers={'Date': 'Thu, 20 Jun 2024 06:20:33 GMT', 'Content-Type': 'application/json; charset=utf-8', 'Transfer-Encoding': 'chunked', 'Connection': 'keep-alive', 'X-Powered-By': 'Express', 'Access-Control-Allow-Origin': '*', 'Cache-Control': 'no-cache', 'ETag': 'W/"4a4-NRgwX5o3QxMChNunmUscC/HNbZA"', 'Vary': 'Accept-Encoding', 'Content-Encoding': 'gzip', 'CF-Cache-Status': 'DYNAMIC', 'Report-To': '{"endpoints":[{"url":"https:\\/\\/a.nel.cloudflare.com\\/report\\/v4?s=MlfeorwyqysrjOXHpCm2X%2BjW4S0fJLCI3FAa2Ad0wzOKW8Eu%2BA%2FW7C0hEJ07LcU9%2B5CY3%2B%2B1Ut%2Fho8G189rEkz5NJovQ9esoqLZVUYxr4UPOf4veliH6PDuQNGKjqSjo"}],"group":"cf-nel","max_age":604800}', 'NEL': '{"success_fraction":0,"report_to":"cf-nel","max_age":604800}', 'Server': 'cloudflare', 'CF-RAY': '8969a7576efe5349-LAX', 'alt-svc': 'h3=":443"; ma=86400'} 
 body={"results":[{"gender":"female","name":{"title":"Mrs","first":"Zakia","last":"Storms"},"location":{"street":{"number":5571,"name":"Burgemeester Geuzestraat"},"city":"Meppen","state":"Zuid-Holland","country":"Netherlands","postcode":"9957 HR","coordinates":{"latitude":"38.2503","longitude":"124.6284"},"timezone":{"offset":"-3:00","description":"Brazil, Buenos Aires, Georgetown"}},"email":"zakia.storms@example.com","login":{"uuid":"fa85838f-ce6e-4fb6-ab92-16cc98de4b2b","username":"blackbird442","password":"masamune","salt":"5A57UANU","md5":"acac8c1df112950ff1cbe8ab9e563da7","sha1":"bdd264f6438253247fb4acd2b124d57fe07d5a93","sha256":"556d0708885e2b99c7c444aacb622c58828c48634f06a0e0fc4ffc7d5f40dd1d"},"dob":{"date":"1989-09-02T01:03:08.866Z","age":34},"registered":{"date":"2018-05-18T04:45:50.591Z","age":6},"phone":"(0599) 897843","cell":"(06) 57610135","id":{"name":"BSN","value":"01656075"},"picture":{"large":"https://randomuser.me/api/portraits/women/54.jpg","medium":"https://randomuser.me/api/portraits/med/women/54.jpg","thumbnail":"https://randomuser.me/api/portraits/thumb/women/54.jpg"},"nat":"NL"}],"info":{"seed":"6843a1ca292fdee2","results":1,"page":1,"version":"1.4"}} 
 </msg>
<msg time="2024-06-20T06:20:33.923306" level="INFO">/opt/hostedtoolcache/Python/3.12.4/x64/lib/python3.12/site-packages/urllib3/connectionpool.py:1099: InsecureRequestWarning: Unverified HTTPS request is being made to host 'randomuser.me'. Adding certificate verification is strongly advised. See: https://urllib3.readthedocs.io/en/latest/advanced-usage.html#tls-warnings
  warnings.warn(</msg>
<msg time="2024-06-20T06:20:33.923408" level="INFO">${response} = &lt;Response [200]&gt;</msg>
<var>${response}</var>
<arg>consultarAPI</arg>
<arg>/api</arg>
<doc>Sends a GET request on a previously created HTTP Session.</doc>
<status status="PASS" start="2024-06-20T06:20:33.823340" elapsed="0.100109"/>
</kw>
<kw name="Set Variable" owner="BuiltIn">
<msg time="2024-06-20T06:20:33.924308" level="INFO">${json_data} = {'results': [{'gender': 'female', 'name': {'title': 'Mrs', 'first': 'Zakia', 'last': 'Storms'}, 'location': {'street': {'number': 5571, 'name': 'Burgemeester Geuzestraat'}, 'city': 'Meppen', 'state': ...</msg>
<var>${json_data}</var>
<arg>${response.json()}</arg>
<doc>Returns the given values which can then be assigned to a variables.</doc>
<status status="PASS" start="2024-06-20T06:20:33.923881" elapsed="0.000456"/>
</kw>
<kw name="Set Variable" owner="BuiltIn">
<msg time="2024-06-20T06:20:33.925013" level="INFO">${name_title} = Mrs</msg>
<var>${name_title}</var>
<arg>${json_data["results"][0]["name"]["title"]}</arg>
<doc>Returns the given values which can then be assigned to a variables.</doc>
<status status="PASS" start="2024-06-20T06:20:33.924633" elapsed="0.000404"/>
</kw>
<kw name="Create List" owner="BuiltIn">
<msg time="2024-06-20T06:20:33.925480" level="INFO">${allowed_titles} = ['Mr', 'Ms', 'Miss', 'Mrs', 'Madame', 'Monsieur']</msg>
<var>${allowed_titles}</var>
<arg>Mr</arg>
<arg>Ms</arg>
<arg>Miss</arg>
<arg>Mrs</arg>
<arg>Madame</arg>
<arg>Monsieur</arg>
<doc>Returns a list containing given items.</doc>
<status status="PASS" start="2024-06-20T06:20:33.925331" elapsed="0.000173"/>
</kw>
<kw name="List Should Contain Value" owner="Collections">
<arg>${allowed_titles}</arg>
<arg>${name_title}</arg>
<doc>Fails if the ``value`` is not found from ``list``.</doc>
<status status="PASS" start="2024-06-20T06:20:33.925812" elapsed="0.000179"/>
</kw>
<kw name="Set Variable" owner="BuiltIn">
<msg time="2024-06-20T06:20:33.926534" level="INFO">${name_country} = NL</msg>
<var>${name_country}</var>
<arg>${json_data["results"][0]["nat"]}</arg>
<doc>Returns the given values which can then be assigned to a variables.</doc>
<status status="PASS" start="2024-06-20T06:20:33.926169" elapsed="0.000390"/>
</kw>
<kw name="Create List" owner="BuiltIn">
<msg time="2024-06-20T06:20:33.927465" level="INFO">${list_country} = ['AD', 'AE', 'AF', 'AG', 'AI', 'AL', 'AM', 'AO', 'AQ', 'AR', 'AS', 'AT', 'AU', 'AW', 'AX', 'AZ', 'BA', 'BB', 'BD', 'BE', 'BF', 'BG', 'BH', 'BI', 'BJ', 'BL', 'BM', 'BN', 'BO', 'BQ', 'BR', 'BS', 'BT', '...</msg>
<var>${list_country}</var>
<arg>AD</arg>
<arg>AE</arg>
<arg>AF</arg>
<arg>AG</arg>
<arg>AI</arg>
<arg>AL</arg>
<arg>AM</arg>
<arg>AO</arg>
<arg>AQ</arg>
<arg>AR</arg>
<arg>AS</arg>
<arg>AT</arg>
<arg>AU</arg>
<arg>AW</arg>
<arg>AX</arg>
<arg>AZ</arg>
<arg>BA</arg>
<arg>BB</arg>
<arg>BD</arg>
<arg>BE</arg>
<arg>BF</arg>
<arg>BG</arg>
<arg>BH</arg>
<arg>BI</arg>
<arg>BJ</arg>
<arg>BL</arg>
<arg>BM</arg>
<arg>BN</arg>
<arg>BO</arg>
<arg>BQ</arg>
<arg>BR</arg>
<arg>BS</arg>
<arg>BT</arg>
<arg>BV</arg>
<arg>BW</arg>
<arg>BY</arg>
<arg>BZ</arg>
<arg>CA</arg>
<arg>CC</arg>
<arg>CD</arg>
<arg>CF</arg>
<arg>CG</arg>
<arg>CH</arg>
<arg>CI</arg>
<arg>CK</arg>
<arg>CL</arg>
<arg>CM</arg>
<arg>CN</arg>
<arg>CO</arg>
<arg>CR</arg>
<arg>CU</arg>
<arg>CV</arg>
<arg>CW</arg>
<arg>CX</arg>
<arg>CY</arg>
<arg>CZ</arg>
<arg>DE</arg>
<arg>DJ</arg>
<arg>DK</arg>
<arg>DM</arg>
<arg>DO</arg>
<arg>DZ</arg>
<arg>EC</arg>
<arg>EE</arg>
<arg>EG</arg>
<arg>EH</arg>
<arg>ER</arg>
<arg>ES</arg>
<arg>ET</arg>
<arg>FI</arg>
<arg>FJ</arg>
<arg>FK</arg>
<arg>FM</arg>
<arg>FO</arg>
<arg>FR</arg>
<arg>GA</arg>
<arg>GB</arg>
<arg>GD</arg>
<arg>GE</arg>
<arg>GF</arg>
<arg>GG</arg>
<arg>GH</arg>
<arg>GI</arg>
<arg>GL</arg>
<arg>GM</arg>
<arg>GN</arg>
<arg>GP</arg>
<arg>GQ</arg>
<arg>GR</arg>
<arg>GS</arg>
<arg>GT</arg>
<arg>GU</arg>
<arg>GW</arg>
<arg>GY</arg>
<arg>HK</arg>
<arg>HM</arg>
<arg>HN</arg>
<arg>HR</arg>
<arg>HT</arg>
<arg>HU</arg>
<arg>ID</arg>
<arg>IE</arg>
<arg>IL</arg>
<arg>IM</arg>
<arg>IN</arg>
<arg>IO</arg>
<arg>IQ</arg>
<arg>IR</arg>
<arg>IS</arg>
<arg>IT</arg>
<arg>JE</arg>
<arg>JM</arg>
<arg>JO</arg>
<arg>JP</arg>
<arg>KE</arg>
<arg>KG</arg>
<arg>KH</arg>
<arg>KI</arg>
<arg>KM</arg>
<arg>KN</arg>
<arg>KP</arg>
<arg>KR</arg>
<arg>KW</arg>
<arg>KY</arg>
<arg>KZ</arg>
<arg>LA</arg>
<arg>LB</arg>
<arg>LC</arg>
<arg>LI</arg>
<arg>LK</arg>
<arg>LR</arg>
<arg>LS</arg>
<arg>LT</arg>
<arg>LU</arg>
<arg>LV</arg>
<arg>LY</arg>
<arg>MA</arg>
<arg>MC</arg>
<arg>MD</arg>
<arg>ME</arg>
<arg>MF</arg>
<arg>MG</arg>
<arg>MH</arg>
<arg>MK</arg>
<arg>ML</arg>
<arg>MM</arg>
<arg>MN</arg>
<arg>MO</arg>
<arg>MP</arg>
<arg>MQ</arg>
<arg>MR</arg>
<arg>MS</arg>
<arg>MT</arg>
<arg>MU</arg>
<arg>MV</arg>
<arg>MW</arg>
<arg>MX</arg>
<arg>MY</arg>
<arg>MZ</arg>
<arg>NA</arg>
<arg>NC</arg>
<arg>NE</arg>
<arg>NF</arg>
<arg>NG</arg>
<arg>NI</arg>
<arg>NL</arg>
<arg>NO</arg>
<arg>NP</arg>
<arg>NR</arg>
<arg>NU</arg>
<arg>NZ</arg>
<arg>OM</arg>
<arg>PA</arg>
<arg>PE</arg>
<arg>PF</arg>
<arg>PG</arg>
<arg>PH</arg>
<arg>PK</arg>
<arg>PL</arg>
<arg>PM</arg>
<arg>PN</arg>
<arg>PR</arg>
<arg>PS</arg>
<arg>PT</arg>
<arg>PW</arg>
<arg>PY</arg>
<arg>QA</arg>
<arg>RE</arg>
<arg>RO</arg>
<arg>RS</arg>
<arg>RU</arg>
<arg>RW</arg>
<arg>SA</arg>
<arg>SB</arg>
<arg>SC</arg>
<arg>SD</arg>
<arg>SE</arg>
<arg>SG</arg>
<arg>SH</arg>
<arg>SI</arg>
<arg>SJ</arg>
<arg>SK</arg>
<arg>SL</arg>
<arg>SM</arg>
<arg>SN</arg>
<arg>SO</arg>
<arg>SR</arg>
<arg>SS</arg>
<arg>ST</arg>
<arg>SV</arg>
<arg>SX</arg>
<arg>SY</arg>
<arg>SZ</arg>
<arg>TC</arg>
<arg>TD</arg>
<arg>TF</arg>
<arg>TG</arg>
<arg>TH</arg>
<arg>TJ</arg>
<arg>TK</arg>
<arg>TL</arg>
<arg>TM</arg>
<arg>TN</arg>
<arg>TO</arg>
<arg>TR</arg>
<arg>TT</arg>
<arg>TV</arg>
<arg>TW</arg>
<arg>TZ</arg>
<arg>UA</arg>
<arg>UG</arg>
<arg>UM</arg>
<arg>US</arg>
<arg>UY</arg>
<arg>UZ</arg>
<arg>VA</arg>
<arg>VC</arg>
<arg>VE</arg>
<arg>VG</arg>
<arg>VI</arg>
<arg>VN</arg>
<arg>VU</arg>
<arg>WF</arg>
<arg>WS</arg>
<arg>XK</arg>
<arg>YE</arg>
<arg>YT</arg>
<arg>ZA</arg>
<arg>ZM</arg>
<arg>ZW</arg>
<doc>Returns a list containing given items.</doc>
<status status="PASS" start="2024-06-20T06:20:33.926843" elapsed="0.000648"/>
</kw>
<kw name="List Should Contain Value" owner="Collections">
<arg>${list_country}</arg>
<arg>${name_country}</arg>
<doc>Fails if the ``value`` is not found from ``list``.</doc>
<status status="PASS" start="2024-06-20T06:20:33.928295" elapsed="0.000207"/>
</kw>
<kw name="Run Keyword If" owner="BuiltIn">
<kw name="Should Be True" owner="BuiltIn">
<arg>${True}</arg>
<doc>Fails if the given condition is not true.</doc>
<status status="PASS" start="2024-06-20T06:20:33.929447" elapsed="0.000140"/>
</kw>
<arg>${json_data["results"][0]["location"]["coordinates"]["latitude"]} &gt;= -90 and ${json_data["results"][0]["location"]["coordinates"]["latitude"]} &lt;= 90</arg>
<arg>Should Be True</arg>
<arg>${True}</arg>
<doc>Runs the given keyword with the given arguments, if ``condition`` is true.</doc>
<status status="PASS" start="2024-06-20T06:20:33.928702" elapsed="0.001010"/>
</kw>
<kw name="Run Keyword If" owner="BuiltIn">
<kw name="Should Be True" owner="BuiltIn">
<arg>${True}</arg>
<doc>Fails if the given condition is not true.</doc>
<status status="PASS" start="2024-06-20T06:20:33.930565" elapsed="0.000226"/>
</kw>
<arg>${json_data["results"][0]["location"]["coordinates"]["longitude"]} &gt;= -180 and ${json_data["results"][0]["location"]["coordinates"]["longitude"]} &lt;= 180</arg>
<arg>Should Be True</arg>
<arg>${True}</arg>
<doc>Runs the given keyword with the given arguments, if ``condition`` is true.</doc>
<status status="PASS" start="2024-06-20T06:20:33.929890" elapsed="0.001027"/>
</kw>
<status status="PASS" start="2024-06-20T06:20:33.823101" elapsed="0.107944"/>
</kw>
<doc>Testa o conteúdo específico dos campos retornados pela API.</doc>
<tag>testeConteudo</tag>
<status status="PASS" start="2024-06-20T06:20:33.822664" elapsed="0.108540"/>
</test>
<status status="PASS" start="2024-06-20T06:20:32.815817" elapsed="1.117250"/>
</suite>
<status status="PASS" start="2024-06-20T06:20:32.801526" elapsed="1.136547"/>
</suite>
<statistics>
<total>
<stat pass="5" fail="0" skip="0">All Tests</stat>
</total>
<tag>
<stat pass="1" fail="0" skip="0">testeConteudo</stat>
<stat pass="1" fail="0" skip="0">testeEstruturaResposta</stat>
<stat pass="1" fail="0" skip="0">testeRequisicaoBasica</stat>
<stat pass="1" fail="0" skip="0">testeTiposDados</stat>
</tag>
<suite>
<stat pass="5" fail="0" skip="0" id="s1" name="Tests">Tests</stat>
<stat pass="5" fail="0" skip="0" id="s1-s1" name="Random-User-Test">Tests.Random-User-Test</stat>
</suite>
</statistics>
<errors>
</errors>
</robot>
