<?xml version="1.0" encoding="UTF-8"?>
<robot generator="Robot 7.0.1 (Python 3.12.4 on linux)" generated="2024-06-29T23:14:54.687680" rpa="false" schemaversion="5">
<suite id="s1" name="Tests" source="/home/runner/work/ApiRandomUser/ApiRandomUser/RamdonUser/tests">
<suite id="s1-s1" name="Random-User-Test" source="/home/runner/work/ApiRandomUser/ApiRandomUser/RamdonUser/tests/random-user-test.robot">
<test id="s1-s1-t1" name="Conectar" line="13">
<kw name="Conectar API" owner="random-user-service">
<kw name="Create Session" owner="RequestsLibrary">
<msg time="2024-06-29T23:14:55.106902" level="INFO">Creating Session using : alias=consultarAPI, url=https://randomuser.me/, headers={},                     cookies={}, auth=None, timeout=None, proxies=None, verify=False,                     debug=0 </msg>
<arg>consultarAPI</arg>
<arg>${URL}</arg>
<doc>Create Session: create a HTTP session to a server</doc>
<status status="PASS" start="2024-06-29T23:14:55.106691" elapsed="0.000413"/>
</kw>
<status status="PASS" start="2024-06-29T23:14:55.105695" elapsed="0.001782"/>
</kw>
<status status="PASS" start="2024-06-29T23:14:55.105096" elapsed="0.002573"/>
</test>
<test id="s1-s1-t2" name="Validar retorno 200 e JSON Válido" line="16">
<kw name="Teste de Requisicao Basica" owner="random-user-service">
<kw name="GET On Session" owner="RequestsLibrary">
<msg time="2024-06-29T23:14:55.289725" level="INFO">GET Request : url=https://randomuser.me/api 
 path_url=/api 
 headers={'User-Agent': 'python-requests/2.32.3', 'Accept-Encoding': 'gzip, deflate', 'Accept': '*/*', 'Connection': 'keep-alive'} 
 body=None 
 </msg>
<msg time="2024-06-29T23:14:55.289900" level="INFO">GET Response : url=https://randomuser.me/api 
 status=200, reason=OK 
 headers={'Date': 'Sat, 29 Jun 2024 23:14:55 GMT', 'Content-Type': 'application/json; charset=utf-8', 'Transfer-Encoding': 'chunked', 'Connection': 'keep-alive', 'X-Powered-By': 'Express', 'Access-Control-Allow-Origin': '*', 'Cache-Control': 'no-cache', 'ETag': 'W/"497-RHI0o2JOZtnJ2EnvH7vuG2h4jcM"', 'Vary': 'Accept-Encoding', 'Content-Encoding': 'gzip', 'CF-Cache-Status': 'DYNAMIC', 'Report-To': '{"endpoints":[{"url":"https:\\/\\/a.nel.cloudflare.com\\/report\\/v4?s=bV6T8NfhVleE4OxuRN%2F%2BhzVmFjNdQgpIQFxEmNpnqSmoKiWifAuTmPYn%2B0y2CWOaFEgVLB2ByiRCo4dLQNz%2B6uwTku5k2HadGFP30uyt1C0xBk2Lew3d0GZlKPBw1ji9"}],"group":"cf-nel","max_age":604800}', 'NEL': '{"success_fraction":0,"report_to":"cf-nel","max_age":604800}', 'Server': 'cloudflare', 'CF-RAY': '89b99d9749f738f9-IAD', 'alt-svc': 'h3=":443"; ma=86400'} 
 body={"results":[{"gender":"male","name":{"title":"Mr","first":"Alexander","last":"Pelletier"},"location":{"street":{"number":6642,"name":"King St"},"city":"Maidstone","state":"Manitoba","country":"Canada","postcode":"F5N 4X6","coordinates":{"latitude":"-71.5824","longitude":"-139.5332"},"timezone":{"offset":"+5:30","description":"Bombay, Calcutta, Madras, New Delhi"}},"email":"alexander.pelletier@example.com","login":{"uuid":"0cba8924-9b9d-4ace-bdff-b87fe3013926","username":"yellowzebra753","password":"surfer","salt":"JTJYNV6D","md5":"633f827e30fb51acd895dbfa2f37ed82","sha1":"b6ebb3505dcf8be28d7fecb8c693dc148816c6f6","sha256":"762975cf437165a4be52ea528227f38c92f271b34795cdaa0730d962f9713999"},"dob":{"date":"1974-03-22T18:44:29.998Z","age":50},"registered":{"date":"2011-03-24T08:14:32.494Z","age":13},"phone":"Y10 B15-1477","cell":"R13 A39-0460","id":{"name":"SIN","value":"529805327"},"picture":{"large":"https://randomuser.me/api/portraits/men/95.jpg","medium":"https://randomuser.me/api/portraits/med/men/95.jpg","thumbnail":"https://randomuser.me/api/portraits/thumb/men/95.jpg"},"nat":"CA"}],"info":{"seed":"136f5903a8caf02a","results":1,"page":1,"version":"1.4"}} 
 </msg>
<msg time="2024-06-29T23:14:55.289996" level="INFO">/opt/hostedtoolcache/Python/3.12.4/x64/lib/python3.12/site-packages/urllib3/connectionpool.py:1099: InsecureRequestWarning: Unverified HTTPS request is being made to host 'randomuser.me'. Adding certificate verification is strongly advised. See: https://urllib3.readthedocs.io/en/latest/advanced-usage.html#tls-warnings
  warnings.warn(</msg>
<msg time="2024-06-29T23:14:55.290144" level="INFO">${response} = &lt;Response [200]&gt;</msg>
<var>${response}</var>
<arg>consultarAPI</arg>
<arg>/api</arg>
<doc>Sends a GET request on a previously created HTTP Session.</doc>
<status status="PASS" start="2024-06-29T23:14:55.110342" elapsed="0.179845"/>
</kw>
<kw name="Should Be Equal As Numbers" owner="BuiltIn">
<msg time="2024-06-29T23:14:55.291221" level="INFO">Argument types are:
&lt;class 'int'&gt;
&lt;class 'str'&gt;</msg>
<arg>${response.status_code}</arg>
<arg>200</arg>
<doc>Fails if objects are unequal after converting them to real numbers.</doc>
<status status="PASS" start="2024-06-29T23:14:55.290755" elapsed="0.000531"/>
</kw>
<kw name="Log" owner="BuiltIn">
<msg time="2024-06-29T23:14:55.291967" level="INFO">200</msg>
<arg>${response.status_code}</arg>
<doc>Logs the given message with the given level.</doc>
<status status="PASS" start="2024-06-29T23:14:55.291611" elapsed="0.000398"/>
</kw>
<kw name="Set Variable" owner="BuiltIn">
<msg time="2024-06-29T23:14:55.292749" level="INFO">${json_data} = {'results': [{'gender': 'male', 'name': {'title': 'Mr', 'first': 'Alexander', 'last': 'Pelletier'}, 'location': {'street': {'number': 6642, 'name': 'King St'}, 'city': 'Maidstone', 'state': 'Manitoba'...</msg>
<var>${json_data}</var>
<arg>${response.json()}</arg>
<doc>Returns the given values which can then be assigned to a variables.</doc>
<status status="PASS" start="2024-06-29T23:14:55.292313" elapsed="0.000464"/>
</kw>
<kw name="Dictionary Should Contain Key" owner="Collections">
<arg>${json_data}</arg>
<arg>results</arg>
<doc>Fails if ``key`` is not found from ``dictionary``.</doc>
<status status="PASS" start="2024-06-29T23:14:55.293125" elapsed="0.000164"/>
</kw>
<status status="PASS" start="2024-06-29T23:14:55.110086" elapsed="0.183357"/>
</kw>
<doc>Testa se a API responde corretamente e retorna um objeto JSON válido.</doc>
<tag>testeRequisicaoBasica</tag>
<status status="PASS" start="2024-06-29T23:14:55.109602" elapsed="0.184024"/>
</test>
<test id="s1-s1-t3" name="Validar estrutura de resposta" line="22">
<kw name="Teste de Estrutura de Resposta" owner="random-user-service">
<kw name="GET On Session" owner="RequestsLibrary">
<msg time="2024-06-29T23:14:55.378830" level="INFO">GET Request : url=https://randomuser.me/api 
 path_url=/api 
 headers={'User-Agent': 'python-requests/2.32.3', 'Accept-Encoding': 'gzip, deflate', 'Accept': '*/*', 'Connection': 'keep-alive'} 
 body=None 
 </msg>
<msg time="2024-06-29T23:14:55.378947" level="INFO">GET Response : url=https://randomuser.me/api 
 status=200, reason=OK 
 headers={'Date': 'Sat, 29 Jun 2024 23:14:55 GMT', 'Content-Type': 'application/json; charset=utf-8', 'Transfer-Encoding': 'chunked', 'Connection': 'keep-alive', 'X-Powered-By': 'Express', 'Access-Control-Allow-Origin': '*', 'Cache-Control': 'no-cache', 'ETag': 'W/"498-7QKPLPkCZ0yXmzRA0DJckp3+D84"', 'Vary': 'Accept-Encoding', 'Content-Encoding': 'gzip', 'CF-Cache-Status': 'DYNAMIC', 'Report-To': '{"endpoints":[{"url":"https:\\/\\/a.nel.cloudflare.com\\/report\\/v4?s=zCB0HeSW6D09vjinxQRRNxoPX68zDmGaZXZcDfPhBGcCaVTM0LxfJ9VKNnE0dedTvAJK6bNe7XG0rJMIHEEKRrj928nzQ1TOEKJw5SadQszkd4RHT%2Fj7cL2n0ykC4CRq"}],"group":"cf-nel","max_age":604800}', 'NEL': '{"success_fraction":0,"report_to":"cf-nel","max_age":604800}', 'Server': 'cloudflare', 'CF-RAY': '89b99d979a5938f9-IAD', 'alt-svc': 'h3=":443"; ma=86400'} 
 body={"results":[{"gender":"male","name":{"title":"Mr","first":"Mathéo","last":"Arnaud"},"location":{"street":{"number":992,"name":"Avenue Debrousse"},"city":"Champigny-sur-Marne","state":"Aisne","country":"France","postcode":46328,"coordinates":{"latitude":"-19.0535","longitude":"-20.1559"},"timezone":{"offset":"+2:00","description":"Kaliningrad, South Africa"}},"email":"matheo.arnaud@example.com","login":{"uuid":"a0810306-092b-4242-81f3-361f43c75467","username":"yellowduck319","password":"asdzxc","salt":"dJiRjtjb","md5":"4fff5ffdf5c28a4752fe9e8046e8bc08","sha1":"82e9ae5bcaa82e9aa132c11285bc1279189dc8b4","sha256":"61f62edbd0e9ad50cdbc1735a1d9ea6895767bd9b3463f3b64d81945183fdfa7"},"dob":{"date":"1968-12-10T02:33:41.226Z","age":55},"registered":{"date":"2004-08-16T10:46:34.505Z","age":19},"phone":"02-17-43-34-48","cell":"06-24-97-77-38","id":{"name":"INSEE","value":"1681120212792 63"},"picture":{"large":"https://randomuser.me/api/portraits/men/97.jpg","medium":"https://randomuser.me/api/portraits/med/men/97.jpg","thumbnail":"https://randomuser.me/api/portraits/thumb/men/97.jpg"},"nat":"FR"}],"info":{"seed":"f363e53abd084822","results":1,"page":1,"version":"1.4"}} 
 </msg>
<msg time="2024-06-29T23:14:55.379100" level="INFO">/opt/hostedtoolcache/Python/3.12.4/x64/lib/python3.12/site-packages/urllib3/connectionpool.py:1099: InsecureRequestWarning: Unverified HTTPS request is being made to host 'randomuser.me'. Adding certificate verification is strongly advised. See: https://urllib3.readthedocs.io/en/latest/advanced-usage.html#tls-warnings
  warnings.warn(</msg>
<msg time="2024-06-29T23:14:55.379234" level="INFO">${response} = &lt;Response [200]&gt;</msg>
<var>${response}</var>
<arg>consultarAPI</arg>
<arg>/api</arg>
<doc>Sends a GET request on a previously created HTTP Session.</doc>
<status status="PASS" start="2024-06-29T23:14:55.296663" elapsed="0.082601"/>
</kw>
<kw name="Set Variable" owner="BuiltIn">
<msg time="2024-06-29T23:14:55.380331" level="INFO">${json_data} = {'results': [{'gender': 'male', 'name': {'title': 'Mr', 'first': 'Mathéo', 'last': 'Arnaud'}, 'location': {'street': {'number': 992, 'name': 'Avenue Debrousse'}, 'city': 'Champigny-sur-Marne', 'state'...</msg>
<var>${json_data}</var>
<arg>${response.json()}</arg>
<doc>Returns the given values which can then be assigned to a variables.</doc>
<status status="PASS" start="2024-06-29T23:14:55.379809" elapsed="0.000551"/>
</kw>
<kw name="Log" owner="BuiltIn">
<msg time="2024-06-29T23:14:55.380875" level="INFO">{'results': [{'gender': 'male', 'name': {'title': 'Mr', 'first': 'Mathéo', 'last': 'Arnaud'}, 'location': {'street': {'number': 992, 'name': 'Avenue Debrousse'}, 'city': 'Champigny-sur-Marne', 'state': 'Aisne', 'country': 'France', 'postcode': 46328, 'coordinates': {'latitude': '-19.0535', 'longitude': '-20.1559'}, 'timezone': {'offset': '+2:00', 'description': 'Kaliningrad, South Africa'}}, 'email': 'matheo.arnaud@example.com', 'login': {'uuid': 'a0810306-092b-4242-81f3-361f43c75467', 'username': 'yellowduck319', 'password': 'asdzxc', 'salt': 'dJiRjtjb', 'md5': '4fff5ffdf5c28a4752fe9e8046e8bc08', 'sha1': '82e9ae5bcaa82e9aa132c11285bc1279189dc8b4', 'sha256': '61f62edbd0e9ad50cdbc1735a1d9ea6895767bd9b3463f3b64d81945183fdfa7'}, 'dob': {'date': '1968-12-10T02:33:41.226Z', 'age': 55}, 'registered': {'date': '2004-08-16T10:46:34.505Z', 'age': 19}, 'phone': '02-17-43-34-48', 'cell': '06-24-97-77-38', 'id': {'name': 'INSEE', 'value': '1681120212792 63'}, 'picture': {'large': 'https://randomuser.me/api/portraits/men/97.jpg', 'medium': 'https://randomuser.me/api/portraits/med/men/97.jpg', 'thumbnail': 'https://randomuser.me/api/portraits/thumb/men/97.jpg'}, 'nat': 'FR'}], 'info': {'seed': 'f363e53abd084822', 'results': 1, 'page': 1, 'version': '1.4'}}</msg>
<arg>${json_data}</arg>
<doc>Logs the given message with the given level.</doc>
<status status="PASS" start="2024-06-29T23:14:55.380669" elapsed="0.000271"/>
</kw>
<kw name="Dictionary Should Contain Key" owner="Collections">
<arg>${json_data}</arg>
<arg>results</arg>
<doc>Fails if ``key`` is not found from ``dictionary``.</doc>
<status status="PASS" start="2024-06-29T23:14:55.381242" elapsed="0.000165"/>
</kw>
<kw name="Should Not Be Empty" owner="BuiltIn">
<msg time="2024-06-29T23:14:55.381722" level="INFO">Length is 2.</msg>
<arg>${json_data}</arg>
<doc>Verifies that the given item is not empty.</doc>
<status status="PASS" start="2024-06-29T23:14:55.381593" elapsed="0.000169"/>
</kw>
<kw name="Create List" owner="BuiltIn">
<msg time="2024-06-29T23:14:55.382219" level="INFO">${expected_keys} = ['gender', 'name', 'location', 'email', 'login']</msg>
<var>${expected_keys}</var>
<arg>gender</arg>
<arg>name</arg>
<arg>location</arg>
<arg>email</arg>
<arg>login</arg>
<doc>Returns a list containing given items.</doc>
<status status="PASS" start="2024-06-29T23:14:55.382056" elapsed="0.000187"/>
</kw>
<for flavor="IN">
<iter>
<kw name="Dictionary Should Contain Key" owner="Collections">
<arg>${json_data['results'][0]}</arg>
<arg>${key}</arg>
<doc>Fails if ``key`` is not found from ``dictionary``.</doc>
<status status="PASS" start="2024-06-29T23:14:55.382992" elapsed="0.000405"/>
</kw>
<kw name="Log" owner="BuiltIn">
<msg time="2024-06-29T23:14:55.383953" level="INFO">{'gender': 'male', 'name': {'title': 'Mr', 'first': 'Mathéo', 'last': 'Arnaud'}, 'location': {'street': {'number': 992, 'name': 'Avenue Debrousse'}, 'city': 'Champigny-sur-Marne', 'state': 'Aisne', 'country': 'France', 'postcode': 46328, 'coordinates': {'latitude': '-19.0535', 'longitude': '-20.1559'}, 'timezone': {'offset': '+2:00', 'description': 'Kaliningrad, South Africa'}}, 'email': 'matheo.arnaud@example.com', 'login': {'uuid': 'a0810306-092b-4242-81f3-361f43c75467', 'username': 'yellowduck319', 'password': 'asdzxc', 'salt': 'dJiRjtjb', 'md5': '4fff5ffdf5c28a4752fe9e8046e8bc08', 'sha1': '82e9ae5bcaa82e9aa132c11285bc1279189dc8b4', 'sha256': '61f62edbd0e9ad50cdbc1735a1d9ea6895767bd9b3463f3b64d81945183fdfa7'}, 'dob': {'date': '1968-12-10T02:33:41.226Z', 'age': 55}, 'registered': {'date': '2004-08-16T10:46:34.505Z', 'age': 19}, 'phone': '02-17-43-34-48', 'cell': '06-24-97-77-38', 'id': {'name': 'INSEE', 'value': '1681120212792 63'}, 'picture': {'large': 'https://randomuser.me/api/portraits/men/97.jpg', 'medium': 'https://randomuser.me/api/portraits/med/men/97.jpg', 'thumbnail': 'https://randomuser.me/api/portraits/thumb/men/97.jpg'}, 'nat': 'FR'}</msg>
<arg>${json_data['results'][0]}</arg>
<doc>Logs the given message with the given level.</doc>
<status status="PASS" start="2024-06-29T23:14:55.383590" elapsed="0.000412"/>
</kw>
<kw name="Log" owner="BuiltIn">
<msg time="2024-06-29T23:14:55.384433" level="INFO">gender</msg>
<arg>${key}</arg>
<doc>Logs the given message with the given level.</doc>
<status status="PASS" start="2024-06-29T23:14:55.384306" elapsed="0.000165"/>
</kw>
<var name="${key}">gender</var>
<status status="PASS" start="2024-06-29T23:14:55.382869" elapsed="0.001819"/>
</iter>
<iter>
<kw name="Dictionary Should Contain Key" owner="Collections">
<arg>${json_data['results'][0]}</arg>
<arg>${key}</arg>
<doc>Fails if ``key`` is not found from ``dictionary``.</doc>
<status status="PASS" start="2024-06-29T23:14:55.385016" elapsed="0.000390"/>
</kw>
<kw name="Log" owner="BuiltIn">
<msg time="2024-06-29T23:14:55.385932" level="INFO">{'gender': 'male', 'name': {'title': 'Mr', 'first': 'Mathéo', 'last': 'Arnaud'}, 'location': {'street': {'number': 992, 'name': 'Avenue Debrousse'}, 'city': 'Champigny-sur-Marne', 'state': 'Aisne', 'country': 'France', 'postcode': 46328, 'coordinates': {'latitude': '-19.0535', 'longitude': '-20.1559'}, 'timezone': {'offset': '+2:00', 'description': 'Kaliningrad, South Africa'}}, 'email': 'matheo.arnaud@example.com', 'login': {'uuid': 'a0810306-092b-4242-81f3-361f43c75467', 'username': 'yellowduck319', 'password': 'asdzxc', 'salt': 'dJiRjtjb', 'md5': '4fff5ffdf5c28a4752fe9e8046e8bc08', 'sha1': '82e9ae5bcaa82e9aa132c11285bc1279189dc8b4', 'sha256': '61f62edbd0e9ad50cdbc1735a1d9ea6895767bd9b3463f3b64d81945183fdfa7'}, 'dob': {'date': '1968-12-10T02:33:41.226Z', 'age': 55}, 'registered': {'date': '2004-08-16T10:46:34.505Z', 'age': 19}, 'phone': '02-17-43-34-48', 'cell': '06-24-97-77-38', 'id': {'name': 'INSEE', 'value': '1681120212792 63'}, 'picture': {'large': 'https://randomuser.me/api/portraits/men/97.jpg', 'medium': 'https://randomuser.me/api/portraits/med/men/97.jpg', 'thumbnail': 'https://randomuser.me/api/portraits/thumb/men/97.jpg'}, 'nat': 'FR'}</msg>
<arg>${json_data['results'][0]}</arg>
<doc>Logs the given message with the given level.</doc>
<status status="PASS" start="2024-06-29T23:14:55.385586" elapsed="0.000426"/>
</kw>
<kw name="Log" owner="BuiltIn">
<msg time="2024-06-29T23:14:55.386436" level="INFO">name</msg>
<arg>${key}</arg>
<doc>Logs the given message with the given level.</doc>
<status status="PASS" start="2024-06-29T23:14:55.386309" elapsed="0.000165"/>
</kw>
<var name="${key}">name</var>
<status status="PASS" start="2024-06-29T23:14:55.384904" elapsed="0.001788"/>
</iter>
<iter>
<kw name="Dictionary Should Contain Key" owner="Collections">
<arg>${json_data['results'][0]}</arg>
<arg>${key}</arg>
<doc>Fails if ``key`` is not found from ``dictionary``.</doc>
<status status="PASS" start="2024-06-29T23:14:55.386973" elapsed="0.000374"/>
</kw>
<kw name="Log" owner="BuiltIn">
<msg time="2024-06-29T23:14:55.387872" level="INFO">{'gender': 'male', 'name': {'title': 'Mr', 'first': 'Mathéo', 'last': 'Arnaud'}, 'location': {'street': {'number': 992, 'name': 'Avenue Debrousse'}, 'city': 'Champigny-sur-Marne', 'state': 'Aisne', 'country': 'France', 'postcode': 46328, 'coordinates': {'latitude': '-19.0535', 'longitude': '-20.1559'}, 'timezone': {'offset': '+2:00', 'description': 'Kaliningrad, South Africa'}}, 'email': 'matheo.arnaud@example.com', 'login': {'uuid': 'a0810306-092b-4242-81f3-361f43c75467', 'username': 'yellowduck319', 'password': 'asdzxc', 'salt': 'dJiRjtjb', 'md5': '4fff5ffdf5c28a4752fe9e8046e8bc08', 'sha1': '82e9ae5bcaa82e9aa132c11285bc1279189dc8b4', 'sha256': '61f62edbd0e9ad50cdbc1735a1d9ea6895767bd9b3463f3b64d81945183fdfa7'}, 'dob': {'date': '1968-12-10T02:33:41.226Z', 'age': 55}, 'registered': {'date': '2004-08-16T10:46:34.505Z', 'age': 19}, 'phone': '02-17-43-34-48', 'cell': '06-24-97-77-38', 'id': {'name': 'INSEE', 'value': '1681120212792 63'}, 'picture': {'large': 'https://randomuser.me/api/portraits/men/97.jpg', 'medium': 'https://randomuser.me/api/portraits/med/men/97.jpg', 'thumbnail': 'https://randomuser.me/api/portraits/thumb/men/97.jpg'}, 'nat': 'FR'}</msg>
<arg>${json_data['results'][0]}</arg>
<doc>Logs the given message with the given level.</doc>
<status status="PASS" start="2024-06-29T23:14:55.387525" elapsed="0.000399"/>
</kw>
<kw name="Log" owner="BuiltIn">
<msg time="2024-06-29T23:14:55.388345" level="INFO">location</msg>
<arg>${key}</arg>
<doc>Logs the given message with the given level.</doc>
<status status="PASS" start="2024-06-29T23:14:55.388221" elapsed="0.000161"/>
</kw>
<var name="${key}">location</var>
<status status="PASS" start="2024-06-29T23:14:55.386866" elapsed="0.001736"/>
</iter>
<iter>
<kw name="Dictionary Should Contain Key" owner="Collections">
<arg>${json_data['results'][0]}</arg>
<arg>${key}</arg>
<doc>Fails if ``key`` is not found from ``dictionary``.</doc>
<status status="PASS" start="2024-06-29T23:14:55.388913" elapsed="0.000397"/>
</kw>
<kw name="Log" owner="BuiltIn">
<msg time="2024-06-29T23:14:55.389853" level="INFO">{'gender': 'male', 'name': {'title': 'Mr', 'first': 'Mathéo', 'last': 'Arnaud'}, 'location': {'street': {'number': 992, 'name': 'Avenue Debrousse'}, 'city': 'Champigny-sur-Marne', 'state': 'Aisne', 'country': 'France', 'postcode': 46328, 'coordinates': {'latitude': '-19.0535', 'longitude': '-20.1559'}, 'timezone': {'offset': '+2:00', 'description': 'Kaliningrad, South Africa'}}, 'email': 'matheo.arnaud@example.com', 'login': {'uuid': 'a0810306-092b-4242-81f3-361f43c75467', 'username': 'yellowduck319', 'password': 'asdzxc', 'salt': 'dJiRjtjb', 'md5': '4fff5ffdf5c28a4752fe9e8046e8bc08', 'sha1': '82e9ae5bcaa82e9aa132c11285bc1279189dc8b4', 'sha256': '61f62edbd0e9ad50cdbc1735a1d9ea6895767bd9b3463f3b64d81945183fdfa7'}, 'dob': {'date': '1968-12-10T02:33:41.226Z', 'age': 55}, 'registered': {'date': '2004-08-16T10:46:34.505Z', 'age': 19}, 'phone': '02-17-43-34-48', 'cell': '06-24-97-77-38', 'id': {'name': 'INSEE', 'value': '1681120212792 63'}, 'picture': {'large': 'https://randomuser.me/api/portraits/men/97.jpg', 'medium': 'https://randomuser.me/api/portraits/med/men/97.jpg', 'thumbnail': 'https://randomuser.me/api/portraits/thumb/men/97.jpg'}, 'nat': 'FR'}</msg>
<arg>${json_data['results'][0]}</arg>
<doc>Logs the given message with the given level.</doc>
<status status="PASS" start="2024-06-29T23:14:55.389499" elapsed="0.000404"/>
</kw>
<kw name="Log" owner="BuiltIn">
<msg time="2024-06-29T23:14:55.390321" level="INFO">email</msg>
<arg>${key}</arg>
<doc>Logs the given message with the given level.</doc>
<status status="PASS" start="2024-06-29T23:14:55.390197" elapsed="0.000163"/>
</kw>
<var name="${key}">email</var>
<status status="PASS" start="2024-06-29T23:14:55.388771" elapsed="0.001812"/>
</iter>
<iter>
<kw name="Dictionary Should Contain Key" owner="Collections">
<arg>${json_data['results'][0]}</arg>
<arg>${key}</arg>
<doc>Fails if ``key`` is not found from ``dictionary``.</doc>
<status status="PASS" start="2024-06-29T23:14:55.390865" elapsed="0.000377"/>
</kw>
<kw name="Log" owner="BuiltIn">
<msg time="2024-06-29T23:14:55.391780" level="INFO">{'gender': 'male', 'name': {'title': 'Mr', 'first': 'Mathéo', 'last': 'Arnaud'}, 'location': {'street': {'number': 992, 'name': 'Avenue Debrousse'}, 'city': 'Champigny-sur-Marne', 'state': 'Aisne', 'country': 'France', 'postcode': 46328, 'coordinates': {'latitude': '-19.0535', 'longitude': '-20.1559'}, 'timezone': {'offset': '+2:00', 'description': 'Kaliningrad, South Africa'}}, 'email': 'matheo.arnaud@example.com', 'login': {'uuid': 'a0810306-092b-4242-81f3-361f43c75467', 'username': 'yellowduck319', 'password': 'asdzxc', 'salt': 'dJiRjtjb', 'md5': '4fff5ffdf5c28a4752fe9e8046e8bc08', 'sha1': '82e9ae5bcaa82e9aa132c11285bc1279189dc8b4', 'sha256': '61f62edbd0e9ad50cdbc1735a1d9ea6895767bd9b3463f3b64d81945183fdfa7'}, 'dob': {'date': '1968-12-10T02:33:41.226Z', 'age': 55}, 'registered': {'date': '2004-08-16T10:46:34.505Z', 'age': 19}, 'phone': '02-17-43-34-48', 'cell': '06-24-97-77-38', 'id': {'name': 'INSEE', 'value': '1681120212792 63'}, 'picture': {'large': 'https://randomuser.me/api/portraits/men/97.jpg', 'medium': 'https://randomuser.me/api/portraits/med/men/97.jpg', 'thumbnail': 'https://randomuser.me/api/portraits/thumb/men/97.jpg'}, 'nat': 'FR'}</msg>
<arg>${json_data['results'][0]}</arg>
<doc>Logs the given message with the given level.</doc>
<status status="PASS" start="2024-06-29T23:14:55.391424" elapsed="0.000405"/>
</kw>
<kw name="Log" owner="BuiltIn">
<msg time="2024-06-29T23:14:55.392242" level="INFO">login</msg>
<arg>${key}</arg>
<doc>Logs the given message with the given level.</doc>
<status status="PASS" start="2024-06-29T23:14:55.392119" elapsed="0.000160"/>
</kw>
<var name="${key}">login</var>
<status status="PASS" start="2024-06-29T23:14:55.390753" elapsed="0.001748"/>
</iter>
<var>${key}</var>
<value>@{expected_keys}</value>
<status status="PASS" start="2024-06-29T23:14:55.382671" elapsed="0.009952"/>
</for>
<kw name="Create List" owner="BuiltIn">
<msg time="2024-06-29T23:14:55.392992" level="INFO">${expected_keysTwo} = ['username', 'password']</msg>
<var>${expected_keysTwo}</var>
<arg>username</arg>
<arg>password</arg>
<doc>Returns a list containing given items.</doc>
<status status="PASS" start="2024-06-29T23:14:55.392844" elapsed="0.000203"/>
</kw>
<for flavor="IN">
<iter>
<kw name="Dictionary Should Contain Key" owner="Collections">
<arg>${json_data['results'][0]['login']}</arg>
<arg>${keyTwo}</arg>
<doc>Fails if ``key`` is not found from ``dictionary``.</doc>
<status status="PASS" start="2024-06-29T23:14:55.393560" elapsed="0.000392"/>
</kw>
<kw name="Dictionary Should Contain Key" owner="Collections">
<arg>${json_data['results'][0]['login']}</arg>
<arg>${keyTwo}</arg>
<doc>Fails if ``key`` is not found from ``dictionary``.</doc>
<status status="PASS" start="2024-06-29T23:14:55.394135" elapsed="0.000370"/>
</kw>
<kw name="Log" owner="BuiltIn">
<msg time="2024-06-29T23:14:55.394810" level="INFO">username</msg>
<arg>${keyTwo}</arg>
<doc>Logs the given message with the given level.</doc>
<status status="PASS" start="2024-06-29T23:14:55.394685" elapsed="0.000163"/>
</kw>
<var name="${keyTwo}">username</var>
<status status="PASS" start="2024-06-29T23:14:55.393455" elapsed="0.001613"/>
</iter>
<iter>
<kw name="Dictionary Should Contain Key" owner="Collections">
<arg>${json_data['results'][0]['login']}</arg>
<arg>${keyTwo}</arg>
<doc>Fails if ``key`` is not found from ``dictionary``.</doc>
<status status="PASS" start="2024-06-29T23:14:55.395343" elapsed="0.000381"/>
</kw>
<kw name="Dictionary Should Contain Key" owner="Collections">
<arg>${json_data['results'][0]['login']}</arg>
<arg>${keyTwo}</arg>
<doc>Fails if ``key`` is not found from ``dictionary``.</doc>
<status status="PASS" start="2024-06-29T23:14:55.395899" elapsed="0.000364"/>
</kw>
<kw name="Log" owner="BuiltIn">
<msg time="2024-06-29T23:14:55.396553" level="INFO">password</msg>
<arg>${keyTwo}</arg>
<doc>Logs the given message with the given level.</doc>
<status status="PASS" start="2024-06-29T23:14:55.396435" elapsed="0.000160"/>
</kw>
<var name="${keyTwo}">password</var>
<status status="PASS" start="2024-06-29T23:14:55.395239" elapsed="0.001576"/>
</iter>
<var>${keyTwo}</var>
<value>@{expected_keysTwo}</value>
<status status="PASS" start="2024-06-29T23:14:55.393298" elapsed="0.003712"/>
</for>
<status status="PASS" start="2024-06-29T23:14:55.296321" elapsed="0.100841"/>
</kw>
<doc>Testa a estrutura da resposta da API.</doc>
<tag>testeEstruturaResposta</tag>
<status status="PASS" start="2024-06-29T23:14:55.295513" elapsed="0.101809"/>
</test>
<test id="s1-s1-t4" name="Validar tipos de dados" line="28">
<kw name="Teste de Tipos de Dados" owner="random-user-service">
<kw name="GET On Session" owner="RequestsLibrary">
<msg time="2024-06-29T23:14:55.481041" level="INFO">GET Request : url=https://randomuser.me/api 
 path_url=/api 
 headers={'User-Agent': 'python-requests/2.32.3', 'Accept-Encoding': 'gzip, deflate', 'Accept': '*/*', 'Connection': 'keep-alive'} 
 body=None 
 </msg>
<msg time="2024-06-29T23:14:55.481150" level="INFO">GET Response : url=https://randomuser.me/api 
 status=200, reason=OK 
 headers={'Date': 'Sat, 29 Jun 2024 23:14:55 GMT', 'Content-Type': 'application/json; charset=utf-8', 'Transfer-Encoding': 'chunked', 'Connection': 'keep-alive', 'X-Powered-By': 'Express', 'Access-Control-Allow-Origin': '*', 'Cache-Control': 'no-cache', 'ETag': 'W/"497-7RHQ8bDZ/Wb5s9VFG9Ir58mgbOk"', 'Vary': 'Accept-Encoding', 'Content-Encoding': 'gzip', 'CF-Cache-Status': 'DYNAMIC', 'Report-To': '{"endpoints":[{"url":"https:\\/\\/a.nel.cloudflare.com\\/report\\/v4?s=QwxlFxm4qw000%2BWbhFGYsQ5OOqGWonz9%2FDpsUQbBk4bHZ8N5R35BfFh2zZMHmYLwZZxHNz8lvCWculmkM97y1ED%2FizSqV36bZAOqB0KUjEoO7vzucU9r%2FmOfjCs%2FizeU"}],"group":"cf-nel","max_age":604800}', 'NEL': '{"success_fraction":0,"report_to":"cf-nel","max_age":604800}', 'Server': 'cloudflare', 'CF-RAY': '89b99d984b1138f9-IAD', 'alt-svc': 'h3=":443"; ma=86400'} 
 body={"results":[{"gender":"male","name":{"title":"Mr","first":"Kenneth","last":"Thompson"},"location":{"street":{"number":3256,"name":"Westheimer Rd"},"city":"Eureka","state":"Arkansas","country":"United States","postcode":17711,"coordinates":{"latitude":"88.8304","longitude":"-175.4490"},"timezone":{"offset":"+4:00","description":"Abu Dhabi, Muscat, Baku, Tbilisi"}},"email":"kenneth.thompson@example.com","login":{"uuid":"9e95f411-59b6-4099-906a-e0199486ca62","username":"happymouse933","password":"22222","salt":"wLRxaJK2","md5":"e0c0194756630aa712d3609b10e33c7b","sha1":"10887d5601779959ef55e5652d9f7db2f3b4b702","sha256":"0e78d73b15046e8b776b35ae15cc0d73a37cef564a77564d6f8e7db54d222ed6"},"dob":{"date":"1946-09-24T22:31:53.949Z","age":77},"registered":{"date":"2003-09-05T22:49:11.752Z","age":20},"phone":"(625) 576-3153","cell":"(285) 235-3476","id":{"name":"SSN","value":"596-65-4042"},"picture":{"large":"https://randomuser.me/api/portraits/men/56.jpg","medium":"https://randomuser.me/api/portraits/med/men/56.jpg","thumbnail":"https://randomuser.me/api/portraits/thumb/men/56.jpg"},"nat":"US"}],"info":{"seed":"63e94eb2b31b7e8b","results":1,"page":1,"version":"1.4"}} 
 </msg>
<msg time="2024-06-29T23:14:55.481232" level="INFO">/opt/hostedtoolcache/Python/3.12.4/x64/lib/python3.12/site-packages/urllib3/connectionpool.py:1099: InsecureRequestWarning: Unverified HTTPS request is being made to host 'randomuser.me'. Adding certificate verification is strongly advised. See: https://urllib3.readthedocs.io/en/latest/advanced-usage.html#tls-warnings
  warnings.warn(</msg>
<msg time="2024-06-29T23:14:55.481369" level="INFO">${response} = &lt;Response [200]&gt;</msg>
<var>${response}</var>
<arg>consultarAPI</arg>
<arg>/api</arg>
<doc>Sends a GET request on a previously created HTTP Session.</doc>
<status status="PASS" start="2024-06-29T23:14:55.399911" elapsed="0.081501"/>
</kw>
<kw name="Set Variable" owner="BuiltIn">
<msg time="2024-06-29T23:14:55.482687" level="INFO">${json_data} = {'results': [{'gender': 'male', 'name': {'title': 'Mr', 'first': 'Kenneth', 'last': 'Thompson'}, 'location': {'street': {'number': 3256, 'name': 'Westheimer Rd'}, 'city': 'Eureka', 'state': 'Arkansas'...</msg>
<var>${json_data}</var>
<arg>${response.json()}</arg>
<doc>Returns the given values which can then be assigned to a variables.</doc>
<status status="PASS" start="2024-06-29T23:14:55.482068" elapsed="0.000647"/>
</kw>
<kw name="Log" owner="BuiltIn">
<msg time="2024-06-29T23:14:55.483198" level="INFO">{'results': [{'gender': 'male', 'name': {'title': 'Mr', 'first': 'Kenneth', 'last': 'Thompson'}, 'location': {'street': {'number': 3256, 'name': 'Westheimer Rd'}, 'city': 'Eureka', 'state': 'Arkansas', 'country': 'United States', 'postcode': 17711, 'coordinates': {'latitude': '88.8304', 'longitude': '-175.4490'}, 'timezone': {'offset': '+4:00', 'description': 'Abu Dhabi, Muscat, Baku, Tbilisi'}}, 'email': 'kenneth.thompson@example.com', 'login': {'uuid': '9e95f411-59b6-4099-906a-e0199486ca62', 'username': 'happymouse933', 'password': '22222', 'salt': 'wLRxaJK2', 'md5': 'e0c0194756630aa712d3609b10e33c7b', 'sha1': '10887d5601779959ef55e5652d9f7db2f3b4b702', 'sha256': '0e78d73b15046e8b776b35ae15cc0d73a37cef564a77564d6f8e7db54d222ed6'}, 'dob': {'date': '1946-09-24T22:31:53.949Z', 'age': 77}, 'registered': {'date': '2003-09-05T22:49:11.752Z', 'age': 20}, 'phone': '(625) 576-3153', 'cell': '(285) 235-3476', 'id': {'name': 'SSN', 'value': '596-65-4042'}, 'picture': {'large': 'https://randomuser.me/api/portraits/men/56.jpg', 'medium': 'https://randomuser.me/api/portraits/med/men/56.jpg', 'thumbnail': 'https://randomuser.me/api/portraits/thumb/men/56.jpg'}, 'nat': 'US'}], 'info': {'seed': '63e94eb2b31b7e8b', 'results': 1, 'page': 1, 'version': '1.4'}}</msg>
<arg>${json_data}</arg>
<doc>Logs the given message with the given level.</doc>
<status status="PASS" start="2024-06-29T23:14:55.483041" elapsed="0.000203"/>
</kw>
<kw name="Should Be String" owner="String">
<arg>${json_data['results'][0]['gender']}</arg>
<doc>Fails if the given ``item`` is not a string.</doc>
<status status="PASS" start="2024-06-29T23:14:55.483536" elapsed="0.000369"/>
</kw>
<kw name="Should Match Regexp" owner="BuiltIn">
<arg>${json_data['results'][0]['email']}</arg>
<arg>^[a-zA-Z0-9._%+-]+@[a-zA-Z0-9.-]+\.[a-zA-Z]{2,}$</arg>
<doc>Fails if ``string`` does not match ``pattern`` as a regular expression.</doc>
<status status="PASS" start="2024-06-29T23:14:55.484092" elapsed="0.000555"/>
</kw>
<kw name="Should Match Regexp" owner="BuiltIn">
<arg>${json_data['results'][0]['dob']['date']}</arg>
<arg>\\d{4}-\\d{2}-\\d{2}T\\d{2}:\\d{2}:\\d{2}\\.\\d{3}Z</arg>
<doc>Fails if ``string`` does not match ``pattern`` as a regular expression.</doc>
<status status="PASS" start="2024-06-29T23:14:55.484887" elapsed="0.000495"/>
</kw>
<kw name="Should Match Regexp" owner="BuiltIn">
<arg>${json_data['results'][0]['registered']['date']}</arg>
<arg>\\d{4}-\\d{2}-\\d{2}T\\d{2}:\\d{2}:\\d{2}\\.\\d{3}Z</arg>
<doc>Fails if ``string`` does not match ``pattern`` as a regular expression.</doc>
<status status="PASS" start="2024-06-29T23:14:55.485569" elapsed="0.000362"/>
</kw>
<kw name="Should Match Regexp" owner="BuiltIn">
<arg>${json_data['results'][0]['picture']['large']}</arg>
<arg>^https?://.*\.(?:png|jpe?g|gif|bmp)$</arg>
<doc>Fails if ``string`` does not match ``pattern`` as a regular expression.</doc>
<status status="PASS" start="2024-06-29T23:14:55.486112" elapsed="0.000454"/>
</kw>
<kw name="Should Match Regexp" owner="BuiltIn">
<arg>${json_data['results'][0]['picture']['medium']}</arg>
<arg>^https?://.*\.(?:png|jpe?g|gif|bmp)$</arg>
<doc>Fails if ``string`` does not match ``pattern`` as a regular expression.</doc>
<status status="PASS" start="2024-06-29T23:14:55.486749" elapsed="0.000386"/>
</kw>
<kw name="Should Match Regexp" owner="BuiltIn">
<arg>${json_data['results'][0]['picture']['thumbnail']}</arg>
<arg>^https?://.*\.(?:png|jpe?g|gif|bmp)$</arg>
<doc>Fails if ``string`` does not match ``pattern`` as a regular expression.</doc>
<status status="PASS" start="2024-06-29T23:14:55.487317" elapsed="0.000349"/>
</kw>
<kw name="Log" owner="BuiltIn">
<msg time="2024-06-29T23:14:55.488176" level="INFO">{'large': 'https://randomuser.me/api/portraits/men/56.jpg', 'medium': 'https://randomuser.me/api/portraits/med/men/56.jpg', 'thumbnail': 'https://randomuser.me/api/portraits/thumb/men/56.jpg'}</msg>
<arg>${json_data['results'][0]['picture']}</arg>
<doc>Logs the given message with the given level.</doc>
<status status="PASS" start="2024-06-29T23:14:55.487848" elapsed="0.000369"/>
</kw>
<status status="PASS" start="2024-06-29T23:14:55.399681" elapsed="0.088800"/>
</kw>
<kw name="Teste de Tipos de Dados - Postcode" owner="random-user-service">
<kw name="GET On Session" owner="RequestsLibrary">
<msg time="2024-06-29T23:14:55.584784" level="INFO">GET Request : url=https://randomuser.me/api 
 path_url=/api 
 headers={'User-Agent': 'python-requests/2.32.3', 'Accept-Encoding': 'gzip, deflate', 'Accept': '*/*', 'Connection': 'keep-alive'} 
 body=None 
 </msg>
<msg time="2024-06-29T23:14:55.584913" level="INFO">GET Response : url=https://randomuser.me/api 
 status=200, reason=OK 
 headers={'Date': 'Sat, 29 Jun 2024 23:14:55 GMT', 'Content-Type': 'application/json; charset=utf-8', 'Transfer-Encoding': 'chunked', 'Connection': 'keep-alive', 'X-Powered-By': 'Express', 'Access-Control-Allow-Origin': '*', 'Cache-Control': 'no-cache', 'ETag': 'W/"4a0-jOUng35dGxrL+oLX2co9a6GLh0s"', 'Vary': 'Accept-Encoding', 'Content-Encoding': 'gzip', 'CF-Cache-Status': 'DYNAMIC', 'Report-To': '{"endpoints":[{"url":"https:\\/\\/a.nel.cloudflare.com\\/report\\/v4?s=e9SDHMGiINT2tgyXfOI4CkYNXIRo4lmtLp0hlv1wCDXERycKgQW2MTbwdAKD3gGnAq%2BiE9TZ3CaPNYtGQYNXNUjAzlU9Q8a66fTlHjiurC1zmU6vOtdOfrOL%2BCUM60wW"}],"group":"cf-nel","max_age":604800}', 'NEL': '{"success_fraction":0,"report_to":"cf-nel","max_age":604800}', 'Server': 'cloudflare', 'CF-RAY': '89b99d98dbc538f9-IAD', 'alt-svc': 'h3=":443"; ma=86400'} 
 body={"results":[{"gender":"female","name":{"title":"Miss","first":"Lya","last":"Gaillard"},"location":{"street":{"number":8330,"name":"Avenue Tony-Garnier"},"city":"Aix-En-Provence","state":"Loir-et-Cher","country":"France","postcode":72620,"coordinates":{"latitude":"-17.0098","longitude":"121.2881"},"timezone":{"offset":"+2:00","description":"Kaliningrad, South Africa"}},"email":"lya.gaillard@example.com","login":{"uuid":"a508d108-b144-4d5d-9d01-c416113a5c62","username":"bigrabbit344","password":"2002","salt":"fsrYuZJY","md5":"3174995a3e2e824524afa5c04f189063","sha1":"616332b69a7329e7e02776609df609f4da84e5a1","sha256":"2b2e2a952eab249aec2e0584b653e0a3d85e0340fd98b3a2968a79674d39daf4"},"dob":{"date":"1951-01-15T19:41:48.835Z","age":73},"registered":{"date":"2009-11-14T14:55:05.804Z","age":14},"phone":"01-26-37-41-16","cell":"06-80-78-08-36","id":{"name":"INSEE","value":"2510090568133 11"},"picture":{"large":"https://randomuser.me/api/portraits/women/8.jpg","medium":"https://randomuser.me/api/portraits/med/women/8.jpg","thumbnail":"https://randomuser.me/api/portraits/thumb/women/8.jpg"},"nat":"FR"}],"info":{"seed":"bdb0d9fe2bd3b033","results":1,"page":1,"version":"1.4"}} 
 </msg>
<msg time="2024-06-29T23:14:55.584987" level="INFO">/opt/hostedtoolcache/Python/3.12.4/x64/lib/python3.12/site-packages/urllib3/connectionpool.py:1099: InsecureRequestWarning: Unverified HTTPS request is being made to host 'randomuser.me'. Adding certificate verification is strongly advised. See: https://urllib3.readthedocs.io/en/latest/advanced-usage.html#tls-warnings
  warnings.warn(</msg>
<msg time="2024-06-29T23:14:55.585110" level="INFO">${response} = &lt;Response [200]&gt;</msg>
<var>${response}</var>
<arg>consultarAPI</arg>
<arg>/api</arg>
<doc>Sends a GET request on a previously created HTTP Session.</doc>
<status status="PASS" start="2024-06-29T23:14:55.488979" elapsed="0.096172"/>
</kw>
<kw name="Set Variable" owner="BuiltIn">
<msg time="2024-06-29T23:14:55.586357" level="INFO">${json_data} = {'results': [{'gender': 'female', 'name': {'title': 'Miss', 'first': 'Lya', 'last': 'Gaillard'}, 'location': {'street': {'number': 8330, 'name': 'Avenue Tony-Garnier'}, 'city': 'Aix-En-Provence', 'sta...</msg>
<var>${json_data}</var>
<arg>${response.json()}</arg>
<doc>Returns the given values which can then be assigned to a variables.</doc>
<status status="PASS" start="2024-06-29T23:14:55.585783" elapsed="0.000602"/>
</kw>
<kw name="Log" owner="BuiltIn">
<msg time="2024-06-29T23:14:55.586862" level="INFO">{'results': [{'gender': 'female', 'name': {'title': 'Miss', 'first': 'Lya', 'last': 'Gaillard'}, 'location': {'street': {'number': 8330, 'name': 'Avenue Tony-Garnier'}, 'city': 'Aix-En-Provence', 'state': 'Loir-et-Cher', 'country': 'France', 'postcode': 72620, 'coordinates': {'latitude': '-17.0098', 'longitude': '121.2881'}, 'timezone': {'offset': '+2:00', 'description': 'Kaliningrad, South Africa'}}, 'email': 'lya.gaillard@example.com', 'login': {'uuid': 'a508d108-b144-4d5d-9d01-c416113a5c62', 'username': 'bigrabbit344', 'password': '2002', 'salt': 'fsrYuZJY', 'md5': '3174995a3e2e824524afa5c04f189063', 'sha1': '616332b69a7329e7e02776609df609f4da84e5a1', 'sha256': '2b2e2a952eab249aec2e0584b653e0a3d85e0340fd98b3a2968a79674d39daf4'}, 'dob': {'date': '1951-01-15T19:41:48.835Z', 'age': 73}, 'registered': {'date': '2009-11-14T14:55:05.804Z', 'age': 14}, 'phone': '01-26-37-41-16', 'cell': '06-80-78-08-36', 'id': {'name': 'INSEE', 'value': '2510090568133 11'}, 'picture': {'large': 'https://randomuser.me/api/portraits/women/8.jpg', 'medium': 'https://randomuser.me/api/portraits/med/women/8.jpg', 'thumbnail': 'https://randomuser.me/api/portraits/thumb/women/8.jpg'}, 'nat': 'FR'}], 'info': {'seed': 'bdb0d9fe2bd3b033', 'results': 1, 'page': 1, 'version': '1.4'}}</msg>
<arg>${json_data}</arg>
<doc>Logs the given message with the given level.</doc>
<status status="PASS" start="2024-06-29T23:14:55.586700" elapsed="0.000209"/>
</kw>
<kw name="Should Be Equal As Numbers" owner="BuiltIn">
<arg>${json_data['results'][0]['location']['postcode']}</arg>
<arg>${json_data['results'][0]['location']['postcode']}</arg>
<doc>Fails if objects are unequal after converting them to real numbers.</doc>
<status status="PASS" start="2024-06-29T23:14:55.587205" elapsed="0.000627"/>
</kw>
<kw name="Log" owner="BuiltIn">
<msg time="2024-06-29T23:14:55.588349" level="INFO">72620</msg>
<arg>${json_data['results'][0]['location']['postcode']}</arg>
<doc>Logs the given message with the given level.</doc>
<status status="PASS" start="2024-06-29T23:14:55.588019" elapsed="0.000405"/>
</kw>
<status status="PASS" start="2024-06-29T23:14:55.488718" elapsed="0.099970"/>
</kw>
<doc>Testa se os tipos de dados na resposta da API estão corretos.</doc>
<tag>testeTiposDados</tag>
<status status="PASS" start="2024-06-29T23:14:55.399069" elapsed="0.189830"/>
</test>
<test id="s1-s1-t5" name="Validar conteudo" line="35">
<kw name="Teste de Tipos de Conteudo" owner="random-user-service">
<kw name="GET On Session" owner="RequestsLibrary">
<msg time="2024-06-29T23:14:55.680567" level="INFO">GET Request : url=https://randomuser.me/api 
 path_url=/api 
 headers={'User-Agent': 'python-requests/2.32.3', 'Accept-Encoding': 'gzip, deflate', 'Accept': '*/*', 'Connection': 'keep-alive'} 
 body=None 
 </msg>
<msg time="2024-06-29T23:14:55.680677" level="INFO">GET Response : url=https://randomuser.me/api 
 status=200, reason=OK 
 headers={'Date': 'Sat, 29 Jun 2024 23:14:55 GMT', 'Content-Type': 'application/json; charset=utf-8', 'Transfer-Encoding': 'chunked', 'Connection': 'keep-alive', 'X-Powered-By': 'Express', 'Access-Control-Allow-Origin': '*', 'Cache-Control': 'no-cache', 'ETag': 'W/"499-FYp0Na0lICJzLJroIrM8wJeyBqA"', 'Vary': 'Accept-Encoding', 'Content-Encoding': 'gzip', 'CF-Cache-Status': 'DYNAMIC', 'Report-To': '{"endpoints":[{"url":"https:\\/\\/a.nel.cloudflare.com\\/report\\/v4?s=6jmJVH80mEeEqfg5VzKxMkNkvzMr7sXMgBElIfNwBYC6NVBTqIm%2B7dbp1%2Fx1ZOvXuzEhMfDKiwAX2EzhMeQhyIpjaMxJDqCabFC4Mdne7knCCGaA5Tqrgj6ejmOVL4s9"}],"group":"cf-nel","max_age":604800}', 'NEL': '{"success_fraction":0,"report_to":"cf-nel","max_age":604800}', 'Server': 'cloudflare', 'CF-RAY': '89b99d997c7d38f9-IAD', 'alt-svc': 'h3=":443"; ma=86400'} 
 body={"results":[{"gender":"male","name":{"title":"Mr","first":"Bernardo","last":"Mateo"},"location":{"street":{"number":1451,"name":"Continuación Mares"},"city":"San Diego","state":"Veracruz","country":"Mexico","postcode":19826,"coordinates":{"latitude":"29.1620","longitude":"-127.6256"},"timezone":{"offset":"+4:00","description":"Abu Dhabi, Muscat, Baku, Tbilisi"}},"email":"bernardo.mateo@example.com","login":{"uuid":"28927ae1-218f-463d-8154-fa9b64abbd9e","username":"goldenfish991","password":"aaron1","salt":"hfG0Ap2r","md5":"d63efdb313ffc23dd8eef33300a0b6f9","sha1":"4664c4805d08614c91a553ea45c83d35ff378e12","sha256":"bdcf1de93cc3a17ce789c889975033246af0411b32cae9dbb9161113bba7a283"},"dob":{"date":"1980-08-11T14:21:30.015Z","age":43},"registered":{"date":"2014-08-11T20:50:13.385Z","age":9},"phone":"(633) 677 8683","cell":"(677) 088 8623","id":{"name":"NSS","value":"69 17 20 7666 8"},"picture":{"large":"https://randomuser.me/api/portraits/men/68.jpg","medium":"https://randomuser.me/api/portraits/med/men/68.jpg","thumbnail":"https://randomuser.me/api/portraits/thumb/men/68.jpg"},"nat":"MX"}],"info":{"seed":"f16cd1b72a0b9de3","results":1,"page":1,"version":"1.4"}} 
 </msg>
<msg time="2024-06-29T23:14:55.680777" level="INFO">/opt/hostedtoolcache/Python/3.12.4/x64/lib/python3.12/site-packages/urllib3/connectionpool.py:1099: InsecureRequestWarning: Unverified HTTPS request is being made to host 'randomuser.me'. Adding certificate verification is strongly advised. See: https://urllib3.readthedocs.io/en/latest/advanced-usage.html#tls-warnings
  warnings.warn(</msg>
<msg time="2024-06-29T23:14:55.680922" level="INFO">${response} = &lt;Response [200]&gt;</msg>
<var>${response}</var>
<arg>consultarAPI</arg>
<arg>/api</arg>
<doc>Sends a GET request on a previously created HTTP Session.</doc>
<status status="PASS" start="2024-06-29T23:14:55.591592" elapsed="0.089372"/>
</kw>
<kw name="Set Variable" owner="BuiltIn">
<msg time="2024-06-29T23:14:55.682118" level="INFO">${json_data} = {'results': [{'gender': 'male', 'name': {'title': 'Mr', 'first': 'Bernardo', 'last': 'Mateo'}, 'location': {'street': {'number': 1451, 'name': 'Continuación Mares'}, 'city': 'San Diego', 'state': 'Ver...</msg>
<var>${json_data}</var>
<arg>${response.json()}</arg>
<doc>Returns the given values which can then be assigned to a variables.</doc>
<status status="PASS" start="2024-06-29T23:14:55.681587" elapsed="0.000560"/>
</kw>
<kw name="Set Variable" owner="BuiltIn">
<msg time="2024-06-29T23:14:55.682829" level="INFO">${name_title} = Mr</msg>
<var>${name_title}</var>
<arg>${json_data["results"][0]["name"]["title"]}</arg>
<doc>Returns the given values which can then be assigned to a variables.</doc>
<status status="PASS" start="2024-06-29T23:14:55.682451" elapsed="0.000403"/>
</kw>
<kw name="Create List" owner="BuiltIn">
<msg time="2024-06-29T23:14:55.683297" level="INFO">${allowed_titles} = ['Mr', 'Ms', 'Miss', 'Mrs', 'Madame', 'Monsieur']</msg>
<var>${allowed_titles}</var>
<arg>Mr</arg>
<arg>Ms</arg>
<arg>Miss</arg>
<arg>Mrs</arg>
<arg>Madame</arg>
<arg>Monsieur</arg>
<doc>Returns a list containing given items.</doc>
<status status="PASS" start="2024-06-29T23:14:55.683151" elapsed="0.000170"/>
</kw>
<kw name="List Should Contain Value" owner="Collections">
<arg>${allowed_titles}</arg>
<arg>${name_title}</arg>
<doc>Fails if the ``value`` is not found from ``list``.</doc>
<status status="PASS" start="2024-06-29T23:14:55.683625" elapsed="0.000174"/>
</kw>
<kw name="Set Variable" owner="BuiltIn">
<msg time="2024-06-29T23:14:55.684339" level="INFO">${name_country} = MX</msg>
<var>${name_country}</var>
<arg>${json_data["results"][0]["nat"]}</arg>
<doc>Returns the given values which can then be assigned to a variables.</doc>
<status status="PASS" start="2024-06-29T23:14:55.683976" elapsed="0.000387"/>
</kw>
<kw name="Create List" owner="BuiltIn">
<msg time="2024-06-29T23:14:55.685303" level="INFO">${list_country} = ['AD', 'AE', 'AF', 'AG', 'AI', 'AL', 'AM', 'AO', 'AQ', 'AR', 'AS', 'AT', 'AU', 'AW', 'AX', 'AZ', 'BA', 'BB', 'BD', 'BE', 'BF', 'BG', 'BH', 'BI', 'BJ', 'BL', 'BM', 'BN', 'BO', 'BQ', 'BR', 'BS', 'BT', '...</msg>
<var>${list_country}</var>
<arg>AD</arg>
<arg>AE</arg>
<arg>AF</arg>
<arg>AG</arg>
<arg>AI</arg>
<arg>AL</arg>
<arg>AM</arg>
<arg>AO</arg>
<arg>AQ</arg>
<arg>AR</arg>
<arg>AS</arg>
<arg>AT</arg>
<arg>AU</arg>
<arg>AW</arg>
<arg>AX</arg>
<arg>AZ</arg>
<arg>BA</arg>
<arg>BB</arg>
<arg>BD</arg>
<arg>BE</arg>
<arg>BF</arg>
<arg>BG</arg>
<arg>BH</arg>
<arg>BI</arg>
<arg>BJ</arg>
<arg>BL</arg>
<arg>BM</arg>
<arg>BN</arg>
<arg>BO</arg>
<arg>BQ</arg>
<arg>BR</arg>
<arg>BS</arg>
<arg>BT</arg>
<arg>BV</arg>
<arg>BW</arg>
<arg>BY</arg>
<arg>BZ</arg>
<arg>CA</arg>
<arg>CC</arg>
<arg>CD</arg>
<arg>CF</arg>
<arg>CG</arg>
<arg>CH</arg>
<arg>CI</arg>
<arg>CK</arg>
<arg>CL</arg>
<arg>CM</arg>
<arg>CN</arg>
<arg>CO</arg>
<arg>CR</arg>
<arg>CU</arg>
<arg>CV</arg>
<arg>CW</arg>
<arg>CX</arg>
<arg>CY</arg>
<arg>CZ</arg>
<arg>DE</arg>
<arg>DJ</arg>
<arg>DK</arg>
<arg>DM</arg>
<arg>DO</arg>
<arg>DZ</arg>
<arg>EC</arg>
<arg>EE</arg>
<arg>EG</arg>
<arg>EH</arg>
<arg>ER</arg>
<arg>ES</arg>
<arg>ET</arg>
<arg>FI</arg>
<arg>FJ</arg>
<arg>FK</arg>
<arg>FM</arg>
<arg>FO</arg>
<arg>FR</arg>
<arg>GA</arg>
<arg>GB</arg>
<arg>GD</arg>
<arg>GE</arg>
<arg>GF</arg>
<arg>GG</arg>
<arg>GH</arg>
<arg>GI</arg>
<arg>GL</arg>
<arg>GM</arg>
<arg>GN</arg>
<arg>GP</arg>
<arg>GQ</arg>
<arg>GR</arg>
<arg>GS</arg>
<arg>GT</arg>
<arg>GU</arg>
<arg>GW</arg>
<arg>GY</arg>
<arg>HK</arg>
<arg>HM</arg>
<arg>HN</arg>
<arg>HR</arg>
<arg>HT</arg>
<arg>HU</arg>
<arg>ID</arg>
<arg>IE</arg>
<arg>IL</arg>
<arg>IM</arg>
<arg>IN</arg>
<arg>IO</arg>
<arg>IQ</arg>
<arg>IR</arg>
<arg>IS</arg>
<arg>IT</arg>
<arg>JE</arg>
<arg>JM</arg>
<arg>JO</arg>
<arg>JP</arg>
<arg>KE</arg>
<arg>KG</arg>
<arg>KH</arg>
<arg>KI</arg>
<arg>KM</arg>
<arg>KN</arg>
<arg>KP</arg>
<arg>KR</arg>
<arg>KW</arg>
<arg>KY</arg>
<arg>KZ</arg>
<arg>LA</arg>
<arg>LB</arg>
<arg>LC</arg>
<arg>LI</arg>
<arg>LK</arg>
<arg>LR</arg>
<arg>LS</arg>
<arg>LT</arg>
<arg>LU</arg>
<arg>LV</arg>
<arg>LY</arg>
<arg>MA</arg>
<arg>MC</arg>
<arg>MD</arg>
<arg>ME</arg>
<arg>MF</arg>
<arg>MG</arg>
<arg>MH</arg>
<arg>MK</arg>
<arg>ML</arg>
<arg>MM</arg>
<arg>MN</arg>
<arg>MO</arg>
<arg>MP</arg>
<arg>MQ</arg>
<arg>MR</arg>
<arg>MS</arg>
<arg>MT</arg>
<arg>MU</arg>
<arg>MV</arg>
<arg>MW</arg>
<arg>MX</arg>
<arg>MY</arg>
<arg>MZ</arg>
<arg>NA</arg>
<arg>NC</arg>
<arg>NE</arg>
<arg>NF</arg>
<arg>NG</arg>
<arg>NI</arg>
<arg>NL</arg>
<arg>NO</arg>
<arg>NP</arg>
<arg>NR</arg>
<arg>NU</arg>
<arg>NZ</arg>
<arg>OM</arg>
<arg>PA</arg>
<arg>PE</arg>
<arg>PF</arg>
<arg>PG</arg>
<arg>PH</arg>
<arg>PK</arg>
<arg>PL</arg>
<arg>PM</arg>
<arg>PN</arg>
<arg>PR</arg>
<arg>PS</arg>
<arg>PT</arg>
<arg>PW</arg>
<arg>PY</arg>
<arg>QA</arg>
<arg>RE</arg>
<arg>RO</arg>
<arg>RS</arg>
<arg>RU</arg>
<arg>RW</arg>
<arg>SA</arg>
<arg>SB</arg>
<arg>SC</arg>
<arg>SD</arg>
<arg>SE</arg>
<arg>SG</arg>
<arg>SH</arg>
<arg>SI</arg>
<arg>SJ</arg>
<arg>SK</arg>
<arg>SL</arg>
<arg>SM</arg>
<arg>SN</arg>
<arg>SO</arg>
<arg>SR</arg>
<arg>SS</arg>
<arg>ST</arg>
<arg>SV</arg>
<arg>SX</arg>
<arg>SY</arg>
<arg>SZ</arg>
<arg>TC</arg>
<arg>TD</arg>
<arg>TF</arg>
<arg>TG</arg>
<arg>TH</arg>
<arg>TJ</arg>
<arg>TK</arg>
<arg>TL</arg>
<arg>TM</arg>
<arg>TN</arg>
<arg>TO</arg>
<arg>TR</arg>
<arg>TT</arg>
<arg>TV</arg>
<arg>TW</arg>
<arg>TZ</arg>
<arg>UA</arg>
<arg>UG</arg>
<arg>UM</arg>
<arg>US</arg>
<arg>UY</arg>
<arg>UZ</arg>
<arg>VA</arg>
<arg>VC</arg>
<arg>VE</arg>
<arg>VG</arg>
<arg>VI</arg>
<arg>VN</arg>
<arg>VU</arg>
<arg>WF</arg>
<arg>WS</arg>
<arg>XK</arg>
<arg>YE</arg>
<arg>YT</arg>
<arg>ZA</arg>
<arg>ZM</arg>
<arg>ZW</arg>
<doc>Returns a list containing given items.</doc>
<status status="PASS" start="2024-06-29T23:14:55.684653" elapsed="0.000677"/>
</kw>
<kw name="List Should Contain Value" owner="Collections">
<arg>${list_country}</arg>
<arg>${name_country}</arg>
<doc>Fails if the ``value`` is not found from ``list``.</doc>
<status status="PASS" start="2024-06-29T23:14:55.686135" elapsed="0.000206"/>
</kw>
<kw name="Run Keyword If" owner="BuiltIn">
<kw name="Should Be True" owner="BuiltIn">
<arg>${True}</arg>
<doc>Fails if the given condition is not true.</doc>
<status status="PASS" start="2024-06-29T23:14:55.687289" elapsed="0.000142"/>
</kw>
<arg>${json_data["results"][0]["location"]["coordinates"]["latitude"]} &gt;= -90 and ${json_data["results"][0]["location"]["coordinates"]["latitude"]} &lt;= 90</arg>
<arg>Should Be True</arg>
<arg>${True}</arg>
<doc>Runs the given keyword with the given arguments, if ``condition`` is true.</doc>
<status status="PASS" start="2024-06-29T23:14:55.686536" elapsed="0.001020"/>
</kw>
<kw name="Run Keyword If" owner="BuiltIn">
<kw name="Should Be True" owner="BuiltIn">
<arg>${True}</arg>
<doc>Fails if the given condition is not true.</doc>
<status status="PASS" start="2024-06-29T23:14:55.688420" elapsed="0.000135"/>
</kw>
<arg>${json_data["results"][0]["location"]["coordinates"]["longitude"]} &gt;= -180 and ${json_data["results"][0]["location"]["coordinates"]["longitude"]} &lt;= 180</arg>
<arg>Should Be True</arg>
<arg>${True}</arg>
<doc>Runs the given keyword with the given arguments, if ``condition`` is true.</doc>
<status status="PASS" start="2024-06-29T23:14:55.687733" elapsed="0.000943"/>
</kw>
<status status="PASS" start="2024-06-29T23:14:55.591191" elapsed="0.097616"/>
</kw>
<doc>Testa o conteúdo específico dos campos retornados pela API.</doc>
<tag>testeConteudo</tag>
<status status="PASS" start="2024-06-29T23:14:55.590643" elapsed="0.098346"/>
</test>
<status status="PASS" start="2024-06-29T23:14:54.748472" elapsed="0.942503"/>
</suite>
<status status="PASS" start="2024-06-29T23:14:54.733696" elapsed="0.962609"/>
</suite>
<statistics>
<total>
<stat pass="5" fail="0" skip="0">All Tests</stat>
</total>
<tag>
<stat pass="1" fail="0" skip="0">testeConteudo</stat>
<stat pass="1" fail="0" skip="0">testeEstruturaResposta</stat>
<stat pass="1" fail="0" skip="0">testeRequisicaoBasica</stat>
<stat pass="1" fail="0" skip="0">testeTiposDados</stat>
</tag>
<suite>
<stat pass="5" fail="0" skip="0" id="s1" name="Tests">Tests</stat>
<stat pass="5" fail="0" skip="0" id="s1-s1" name="Random-User-Test">Tests.Random-User-Test</stat>
</suite>
</statistics>
<errors>
</errors>
</robot>
