<?xml version="1.0" encoding="UTF-8"?>
<robot generator="Robot 7.0 (Python 3.12.2 on linux)" generated="2024-04-16T10:14:51.965143" rpa="false" schemaversion="5">
<suite id="s1" name="Tests" source="/home/runner/work/DesafioQAItauRogerioJordao/DesafioQAItauRogerioJordao/RamdonUser/tests">
<suite id="s1-s1" name="Random-User-Test" source="/home/runner/work/DesafioQAItauRogerioJordao/DesafioQAItauRogerioJordao/RamdonUser/tests/random-user-test.robot">
<test id="s1-s1-t1" name="Conectar" line="13">
<kw name="Conectar API" owner="random-user-service">
<kw name="Create Session" owner="RequestsLibrary">
<msg time="2024-04-16T10:14:52.353054" level="INFO">Creating Session using : alias=consultarAPI, url=https://randomuser.me/, headers={},                     cookies={}, auth=None, timeout=None, proxies=None, verify=False,                     debug=0 </msg>
<arg>consultarAPI</arg>
<arg>${URL}</arg>
<doc>Create Session: create a HTTP session to a server</doc>
<status status="PASS" start="2024-04-16T10:14:52.352851" elapsed="0.000394"/>
</kw>
<status status="PASS" start="2024-04-16T10:14:52.351797" elapsed="0.001803"/>
</kw>
<status status="PASS" start="2024-04-16T10:14:52.351238" elapsed="0.002567"/>
</test>
<test id="s1-s1-t2" name="Validar retorno 200 e JSON Válido" line="16">
<kw name="Teste de Requisicao Basica" owner="random-user-service">
<kw name="GET On Session" owner="RequestsLibrary">
<msg time="2024-04-16T10:14:52.574870" level="INFO">GET Request : url=https://randomuser.me/api 
 path_url=/api 
 headers={'User-Agent': 'python-requests/2.31.0', 'Accept-Encoding': 'gzip, deflate', 'Accept': '*/*', 'Connection': 'keep-alive'} 
 body=None 
 </msg>
<msg time="2024-04-16T10:14:52.575018" level="INFO">GET Response : url=https://randomuser.me/api 
 status=200, reason=OK 
 headers={'Date': 'Tue, 16 Apr 2024 10:14:52 GMT', 'Content-Type': 'application/json; charset=utf-8', 'Transfer-Encoding': 'chunked', 'Connection': 'keep-alive', 'X-Powered-By': 'Express', 'Access-Control-Allow-Origin': '*', 'Cache-Control': 'no-cache', 'ETag': 'W/"46c-bDxQHsithmIwAe5fHnQ0tTXAyc4"', 'Vary': 'Accept-Encoding', 'Content-Encoding': 'gzip', 'CF-Cache-Status': 'DYNAMIC', 'Report-To': '{"endpoints":[{"url":"https:\\/\\/a.nel.cloudflare.com\\/report\\/v4?s=YSHE49TchgCWW3hvB0%2Fctg59oZe99bwr7iIfoVehNKLo0pc9xVvpVe0Tgu7zcHzn%2FaiGbAaMZF2ZOuQy5q7HMuwAW%2FVIoTRkXT76AOtKtV4Kwh%2BBcK6Umelh83C5zl3l"}],"group":"cf-nel","max_age":604800}', 'NEL': '{"success_fraction":0,"report_to":"cf-nel","max_age":604800}', 'Server': 'cloudflare', 'CF-RAY': '875369325abb871d-ORD', 'alt-svc': 'h3=":443"; ma=86400'} 
 body={"results":[{"gender":"male","name":{"title":"Mr","first":"Emre","last":"Koç"},"location":{"street":{"number":9432,"name":"Kushimoto Sk"},"city":"Giresun","state":"Aydın","country":"Turkey","postcode":24134,"coordinates":{"latitude":"71.9227","longitude":"-30.7101"},"timezone":{"offset":"+7:00","description":"Bangkok, Hanoi, Jakarta"}},"email":"emre.koc@example.com","login":{"uuid":"48df3512-c10c-4104-8ad7-b5efa915d3c9","username":"ticklishkoala762","password":"nomore","salt":"YgdUfctb","md5":"c988734bace9af71dc704ca3b62efbff","sha1":"cd942e91e7b4fc5ba07917dae9ab6f26db685d79","sha256":"d3747a1d8bea5039364d24318c549e930b752ba8f1eb689442ad591aa02c329e"},"dob":{"date":"1964-07-02T15:09:06.374Z","age":59},"registered":{"date":"2020-10-11T12:21:34.219Z","age":3},"phone":"(651)-382-8516","cell":"(641)-881-5810","id":{"name":"","value":null},"picture":{"large":"https://randomuser.me/api/portraits/men/94.jpg","medium":"https://randomuser.me/api/portraits/med/men/94.jpg","thumbnail":"https://randomuser.me/api/portraits/thumb/men/94.jpg"},"nat":"TR"}],"info":{"seed":"88bd22e501a62453","results":1,"page":1,"version":"1.4"}} 
 </msg>
<msg time="2024-04-16T10:14:52.575103" level="INFO">/opt/hostedtoolcache/Python/3.12.2/x64/lib/python3.12/site-packages/urllib3/connectionpool.py:1103: InsecureRequestWarning: Unverified HTTPS request is being made to host 'randomuser.me'. Adding certificate verification is strongly advised. See: https://urllib3.readthedocs.io/en/latest/advanced-usage.html#tls-warnings
  warnings.warn(</msg>
<msg time="2024-04-16T10:14:52.575261" level="INFO">${response} = &lt;Response [200]&gt;</msg>
<var>${response}</var>
<arg>consultarAPI</arg>
<arg>/api</arg>
<doc>Sends a GET request on a previously created HTTP Session.</doc>
<status status="PASS" start="2024-04-16T10:14:52.356412" elapsed="0.218893"/>
</kw>
<kw name="Should Be Equal As Numbers" owner="BuiltIn">
<msg time="2024-04-16T10:14:52.576321" level="INFO">Argument types are:
&lt;class 'int'&gt;
&lt;class 'str'&gt;</msg>
<arg>${response.status_code}</arg>
<arg>200</arg>
<doc>Fails if objects are unequal after converting them to real numbers.</doc>
<status status="PASS" start="2024-04-16T10:14:52.575856" elapsed="0.000531"/>
</kw>
<kw name="Log" owner="BuiltIn">
<msg time="2024-04-16T10:14:52.577079" level="INFO">200</msg>
<arg>${response.status_code}</arg>
<doc>Logs the given message with the given level.</doc>
<status status="PASS" start="2024-04-16T10:14:52.576715" elapsed="0.000407"/>
</kw>
<kw name="Set Variable" owner="BuiltIn">
<msg time="2024-04-16T10:14:52.577990" level="INFO">${json_data} = {'results': [{'gender': 'male', 'name': {'title': 'Mr', 'first': 'Emre', 'last': 'Koç'}, 'location': {'street': {'number': 9432, 'name': 'Kushimoto Sk'}, 'city': 'Giresun', 'state': 'Aydın', 'country'...</msg>
<var>${json_data}</var>
<arg>${response.json()}</arg>
<doc>Returns the given values which can then be assigned to a variables.</doc>
<status status="PASS" start="2024-04-16T10:14:52.577457" elapsed="0.000564"/>
</kw>
<kw name="Dictionary Should Contain Key" owner="Collections">
<msg time="2024-04-16T10:14:52.578510" level="INFO">False</msg>
<arg>${json_data}</arg>
<arg>results</arg>
<doc>Fails if ``key`` is not found from ``dictionary``.</doc>
<status status="PASS" start="2024-04-16T10:14:52.578337" elapsed="0.000218"/>
</kw>
<status status="PASS" start="2024-04-16T10:14:52.356163" elapsed="0.222661"/>
</kw>
<doc>Testa se a API responde corretamente e retorna um objeto JSON válido.</doc>
<tag>testeRequisicaoBasica</tag>
<status status="PASS" start="2024-04-16T10:14:52.355650" elapsed="0.223372"/>
</test>
<test id="s1-s1-t3" name="Validar estrutura de resposta" line="22">
<kw name="Teste de Estrutura de Resposta" owner="random-user-service">
<kw name="GET On Session" owner="RequestsLibrary">
<msg time="2024-04-16T10:14:52.677084" level="INFO">GET Request : url=https://randomuser.me/api 
 path_url=/api 
 headers={'User-Agent': 'python-requests/2.31.0', 'Accept-Encoding': 'gzip, deflate', 'Accept': '*/*', 'Connection': 'keep-alive'} 
 body=None 
 </msg>
<msg time="2024-04-16T10:14:52.677152" level="INFO">GET Response : url=https://randomuser.me/api 
 status=200, reason=OK 
 headers={'Date': 'Tue, 16 Apr 2024 10:14:52 GMT', 'Content-Type': 'application/json; charset=utf-8', 'Transfer-Encoding': 'chunked', 'Connection': 'keep-alive', 'X-Powered-By': 'Express', 'Access-Control-Allow-Origin': '*', 'Cache-Control': 'no-cache', 'ETag': 'W/"49a-ZxV+h2e6tdRqoqiifA4Ce11auVU"', 'Vary': 'Accept-Encoding', 'Content-Encoding': 'gzip', 'CF-Cache-Status': 'DYNAMIC', 'Report-To': '{"endpoints":[{"url":"https:\\/\\/a.nel.cloudflare.com\\/report\\/v4?s=fxliYGtaWM1gjyDZCoT4iPJLLu3ZFIGY4NssBLW5m1Tp7xvRxXchSdcO5GDxVd83vddGBfp%2BecL0t%2FD5TTIm8rtkK8kB7l7sm2R54Ou6YILjMHlLYRgiBRptU4QbE77%2F"}],"group":"cf-nel","max_age":604800}', 'NEL': '{"success_fraction":0,"report_to":"cf-nel","max_age":604800}', 'Server': 'cloudflare', 'CF-RAY': '87536932ab58871d-ORD', 'alt-svc': 'h3=":443"; ma=86400'} 
 body={"results":[{"gender":"female","name":{"title":"Miss","first":"Svyatoslava","last":"Shkurgan"},"location":{"street":{"number":3134,"name":"Urozhayna"},"city":"Dergachi","state":"Chernivecka","country":"Ukraine","postcode":94248,"coordinates":{"latitude":"80.1598","longitude":"149.3939"},"timezone":{"offset":"+4:00","description":"Abu Dhabi, Muscat, Baku, Tbilisi"}},"email":"svyatoslava.shkurgan@example.com","login":{"uuid":"cf495e4f-e715-45a8-b02f-89124928ce24","username":"whiteleopard639","password":"brasil","salt":"EgxvQIEc","md5":"1f20ad959f90491cf2fa14b40d5baffe","sha1":"830da2df31e6b3eda4cf7e9c41259bf8773964e5","sha256":"bdd75ea9e72469483fab11d7a6cf946e5cc2eb38e50ed40b5d142b3bc27e2a4b"},"dob":{"date":"1948-03-28T21:58:38.738Z","age":76},"registered":{"date":"2005-10-20T23:42:28.708Z","age":18},"phone":"(097) D57-9127","cell":"(068) E57-2910","id":{"name":"","value":null},"picture":{"large":"https://randomuser.me/api/portraits/women/29.jpg","medium":"https://randomuser.me/api/portraits/med/women/29.jpg","thumbnail":"https://randomuser.me/api/portraits/thumb/women/29.jpg"},"nat":"UA"}],"info":{"seed":"2f7afcd459a293f1","results":1,"page":1,"version":"1.4"}} 
 </msg>
<msg time="2024-04-16T10:14:52.677264" level="INFO">/opt/hostedtoolcache/Python/3.12.2/x64/lib/python3.12/site-packages/urllib3/connectionpool.py:1103: InsecureRequestWarning: Unverified HTTPS request is being made to host 'randomuser.me'. Adding certificate verification is strongly advised. See: https://urllib3.readthedocs.io/en/latest/advanced-usage.html#tls-warnings
  warnings.warn(</msg>
<msg time="2024-04-16T10:14:52.677381" level="INFO">${response} = &lt;Response [200]&gt;</msg>
<var>${response}</var>
<arg>consultarAPI</arg>
<arg>/api</arg>
<doc>Sends a GET request on a previously created HTTP Session.</doc>
<status status="PASS" start="2024-04-16T10:14:52.581782" elapsed="0.095642"/>
</kw>
<kw name="Set Variable" owner="BuiltIn">
<msg time="2024-04-16T10:14:52.678611" level="INFO">${json_data} = {'results': [{'gender': 'female', 'name': {'title': 'Miss', 'first': 'Svyatoslava', 'last': 'Shkurgan'}, 'location': {'street': {'number': 3134, 'name': 'Urozhayna'}, 'city': 'Dergachi', 'state': 'Che...</msg>
<var>${json_data}</var>
<arg>${response.json()}</arg>
<doc>Returns the given values which can then be assigned to a variables.</doc>
<status status="PASS" start="2024-04-16T10:14:52.677906" elapsed="0.000746"/>
</kw>
<kw name="Log" owner="BuiltIn">
<msg time="2024-04-16T10:14:52.679311" level="INFO">{'results': [{'gender': 'female', 'name': {'title': 'Miss', 'first': 'Svyatoslava', 'last': 'Shkurgan'}, 'location': {'street': {'number': 3134, 'name': 'Urozhayna'}, 'city': 'Dergachi', 'state': 'Chernivecka', 'country': 'Ukraine', 'postcode': 94248, 'coordinates': {'latitude': '80.1598', 'longitude': '149.3939'}, 'timezone': {'offset': '+4:00', 'description': 'Abu Dhabi, Muscat, Baku, Tbilisi'}}, 'email': 'svyatoslava.shkurgan@example.com', 'login': {'uuid': 'cf495e4f-e715-45a8-b02f-89124928ce24', 'username': 'whiteleopard639', 'password': 'brasil', 'salt': 'EgxvQIEc', 'md5': '1f20ad959f90491cf2fa14b40d5baffe', 'sha1': '830da2df31e6b3eda4cf7e9c41259bf8773964e5', 'sha256': 'bdd75ea9e72469483fab11d7a6cf946e5cc2eb38e50ed40b5d142b3bc27e2a4b'}, 'dob': {'date': '1948-03-28T21:58:38.738Z', 'age': 76}, 'registered': {'date': '2005-10-20T23:42:28.708Z', 'age': 18}, 'phone': '(097) D57-9127', 'cell': '(068) E57-2910', 'id': {'name': '', 'value': None}, 'picture': {'large': 'https://randomuser.me/api/portraits/women/29.jpg', 'medium': 'https://randomuser.me/api/portraits/med/women/29.jpg', 'thumbnail': 'https://randomuser.me/api/portraits/thumb/women/29.jpg'}, 'nat': 'UA'}], 'info': {'seed': '2f7afcd459a293f1', 'results': 1, 'page': 1, 'version': '1.4'}}</msg>
<arg>${json_data}</arg>
<doc>Logs the given message with the given level.</doc>
<status status="PASS" start="2024-04-16T10:14:52.679092" elapsed="0.000295"/>
</kw>
<kw name="Dictionary Should Contain Key" owner="Collections">
<msg time="2024-04-16T10:14:52.679944" level="INFO">False</msg>
<arg>${json_data}</arg>
<arg>results</arg>
<doc>Fails if ``key`` is not found from ``dictionary``.</doc>
<status status="PASS" start="2024-04-16T10:14:52.679732" elapsed="0.000252"/>
</kw>
<kw name="Should Not Be Empty" owner="BuiltIn">
<msg time="2024-04-16T10:14:52.680427" level="INFO">Length is 2.</msg>
<arg>${json_data}</arg>
<doc>Verifies that the given item is not empty.</doc>
<status status="PASS" start="2024-04-16T10:14:52.680289" elapsed="0.000178"/>
</kw>
<kw name="Create List" owner="BuiltIn">
<msg time="2024-04-16T10:14:52.680919" level="INFO">${expected_keys} = ['gender', 'name', 'location', 'email', 'login']</msg>
<var>${expected_keys}</var>
<arg>gender</arg>
<arg>name</arg>
<arg>location</arg>
<arg>email</arg>
<arg>login</arg>
<doc>Returns a list containing given items.</doc>
<status status="PASS" start="2024-04-16T10:14:52.680761" elapsed="0.000183"/>
</kw>
<for flavor="IN">
<iter>
<kw name="Dictionary Should Contain Key" owner="Collections">
<msg time="2024-04-16T10:14:52.681935" level="INFO">False</msg>
<arg>${json_data['results'][0]}</arg>
<arg>${key}</arg>
<doc>Fails if ``key`` is not found from ``dictionary``.</doc>
<status status="PASS" start="2024-04-16T10:14:52.681525" elapsed="0.000449"/>
</kw>
<kw name="Log" owner="BuiltIn">
<msg time="2024-04-16T10:14:52.682641" level="INFO">{'gender': 'female', 'name': {'title': 'Miss', 'first': 'Svyatoslava', 'last': 'Shkurgan'}, 'location': {'street': {'number': 3134, 'name': 'Urozhayna'}, 'city': 'Dergachi', 'state': 'Chernivecka', 'country': 'Ukraine', 'postcode': 94248, 'coordinates': {'latitude': '80.1598', 'longitude': '149.3939'}, 'timezone': {'offset': '+4:00', 'description': 'Abu Dhabi, Muscat, Baku, Tbilisi'}}, 'email': 'svyatoslava.shkurgan@example.com', 'login': {'uuid': 'cf495e4f-e715-45a8-b02f-89124928ce24', 'username': 'whiteleopard639', 'password': 'brasil', 'salt': 'EgxvQIEc', 'md5': '1f20ad959f90491cf2fa14b40d5baffe', 'sha1': '830da2df31e6b3eda4cf7e9c41259bf8773964e5', 'sha256': 'bdd75ea9e72469483fab11d7a6cf946e5cc2eb38e50ed40b5d142b3bc27e2a4b'}, 'dob': {'date': '1948-03-28T21:58:38.738Z', 'age': 76}, 'registered': {'date': '2005-10-20T23:42:28.708Z', 'age': 18}, 'phone': '(097) D57-9127', 'cell': '(068) E57-2910', 'id': {'name': '', 'value': None}, 'picture': {'large': 'https://randomuser.me/api/portraits/women/29.jpg', 'medium': 'https://randomuser.me/api/portraits/med/women/29.jpg', 'thumbnail': 'https://randomuser.me/api/portraits/thumb/women/29.jpg'}, 'nat': 'UA'}</msg>
<arg>${json_data['results'][0]}</arg>
<doc>Logs the given message with the given level.</doc>
<status status="PASS" start="2024-04-16T10:14:52.682278" elapsed="0.000410"/>
</kw>
<kw name="Log" owner="BuiltIn">
<msg time="2024-04-16T10:14:52.683116" level="INFO">gender</msg>
<arg>${key}</arg>
<doc>Logs the given message with the given level.</doc>
<status status="PASS" start="2024-04-16T10:14:52.682986" elapsed="0.000168"/>
</kw>
<var name="${key}">gender</var>
<status status="PASS" start="2024-04-16T10:14:52.681400" elapsed="0.001978"/>
</iter>
<iter>
<kw name="Dictionary Should Contain Key" owner="Collections">
<msg time="2024-04-16T10:14:52.684086" level="INFO">False</msg>
<arg>${json_data['results'][0]}</arg>
<arg>${key}</arg>
<doc>Fails if ``key`` is not found from ``dictionary``.</doc>
<status status="PASS" start="2024-04-16T10:14:52.683680" elapsed="0.000444"/>
</kw>
<kw name="Log" owner="BuiltIn">
<msg time="2024-04-16T10:14:52.684823" level="INFO">{'gender': 'female', 'name': {'title': 'Miss', 'first': 'Svyatoslava', 'last': 'Shkurgan'}, 'location': {'street': {'number': 3134, 'name': 'Urozhayna'}, 'city': 'Dergachi', 'state': 'Chernivecka', 'country': 'Ukraine', 'postcode': 94248, 'coordinates': {'latitude': '80.1598', 'longitude': '149.3939'}, 'timezone': {'offset': '+4:00', 'description': 'Abu Dhabi, Muscat, Baku, Tbilisi'}}, 'email': 'svyatoslava.shkurgan@example.com', 'login': {'uuid': 'cf495e4f-e715-45a8-b02f-89124928ce24', 'username': 'whiteleopard639', 'password': 'brasil', 'salt': 'EgxvQIEc', 'md5': '1f20ad959f90491cf2fa14b40d5baffe', 'sha1': '830da2df31e6b3eda4cf7e9c41259bf8773964e5', 'sha256': 'bdd75ea9e72469483fab11d7a6cf946e5cc2eb38e50ed40b5d142b3bc27e2a4b'}, 'dob': {'date': '1948-03-28T21:58:38.738Z', 'age': 76}, 'registered': {'date': '2005-10-20T23:42:28.708Z', 'age': 18}, 'phone': '(097) D57-9127', 'cell': '(068) E57-2910', 'id': {'name': '', 'value': None}, 'picture': {'large': 'https://randomuser.me/api/portraits/women/29.jpg', 'medium': 'https://randomuser.me/api/portraits/med/women/29.jpg', 'thumbnail': 'https://randomuser.me/api/portraits/thumb/women/29.jpg'}, 'nat': 'UA'}</msg>
<arg>${json_data['results'][0]}</arg>
<doc>Logs the given message with the given level.</doc>
<status status="PASS" start="2024-04-16T10:14:52.684450" elapsed="0.000426"/>
</kw>
<kw name="Log" owner="BuiltIn">
<msg time="2024-04-16T10:14:52.685311" level="INFO">name</msg>
<arg>${key}</arg>
<doc>Logs the given message with the given level.</doc>
<status status="PASS" start="2024-04-16T10:14:52.685180" elapsed="0.000169"/>
</kw>
<var name="${key}">name</var>
<status status="PASS" start="2024-04-16T10:14:52.683565" elapsed="0.002003"/>
</iter>
<iter>
<kw name="Dictionary Should Contain Key" owner="Collections">
<msg time="2024-04-16T10:14:52.686249" level="INFO">False</msg>
<arg>${json_data['results'][0]}</arg>
<arg>${key}</arg>
<doc>Fails if ``key`` is not found from ``dictionary``.</doc>
<status status="PASS" start="2024-04-16T10:14:52.685859" elapsed="0.000428"/>
</kw>
<kw name="Log" owner="BuiltIn">
<msg time="2024-04-16T10:14:52.686948" level="INFO">{'gender': 'female', 'name': {'title': 'Miss', 'first': 'Svyatoslava', 'last': 'Shkurgan'}, 'location': {'street': {'number': 3134, 'name': 'Urozhayna'}, 'city': 'Dergachi', 'state': 'Chernivecka', 'country': 'Ukraine', 'postcode': 94248, 'coordinates': {'latitude': '80.1598', 'longitude': '149.3939'}, 'timezone': {'offset': '+4:00', 'description': 'Abu Dhabi, Muscat, Baku, Tbilisi'}}, 'email': 'svyatoslava.shkurgan@example.com', 'login': {'uuid': 'cf495e4f-e715-45a8-b02f-89124928ce24', 'username': 'whiteleopard639', 'password': 'brasil', 'salt': 'EgxvQIEc', 'md5': '1f20ad959f90491cf2fa14b40d5baffe', 'sha1': '830da2df31e6b3eda4cf7e9c41259bf8773964e5', 'sha256': 'bdd75ea9e72469483fab11d7a6cf946e5cc2eb38e50ed40b5d142b3bc27e2a4b'}, 'dob': {'date': '1948-03-28T21:58:38.738Z', 'age': 76}, 'registered': {'date': '2005-10-20T23:42:28.708Z', 'age': 18}, 'phone': '(097) D57-9127', 'cell': '(068) E57-2910', 'id': {'name': '', 'value': None}, 'picture': {'large': 'https://randomuser.me/api/portraits/women/29.jpg', 'medium': 'https://randomuser.me/api/portraits/med/women/29.jpg', 'thumbnail': 'https://randomuser.me/api/portraits/thumb/women/29.jpg'}, 'nat': 'UA'}</msg>
<arg>${json_data['results'][0]}</arg>
<doc>Logs the given message with the given level.</doc>
<status status="PASS" start="2024-04-16T10:14:52.686584" elapsed="0.000412"/>
</kw>
<kw name="Log" owner="BuiltIn">
<msg time="2024-04-16T10:14:52.687420" level="INFO">location</msg>
<arg>${key}</arg>
<doc>Logs the given message with the given level.</doc>
<status status="PASS" start="2024-04-16T10:14:52.687293" elapsed="0.000165"/>
</kw>
<var name="${key}">location</var>
<status status="PASS" start="2024-04-16T10:14:52.685748" elapsed="0.001926"/>
</iter>
<iter>
<kw name="Dictionary Should Contain Key" owner="Collections">
<msg time="2024-04-16T10:14:52.688403" level="INFO">False</msg>
<arg>${json_data['results'][0]}</arg>
<arg>${key}</arg>
<doc>Fails if ``key`` is not found from ``dictionary``.</doc>
<status status="PASS" start="2024-04-16T10:14:52.688016" elapsed="0.000430"/>
</kw>
<kw name="Log" owner="BuiltIn">
<msg time="2024-04-16T10:14:52.689108" level="INFO">{'gender': 'female', 'name': {'title': 'Miss', 'first': 'Svyatoslava', 'last': 'Shkurgan'}, 'location': {'street': {'number': 3134, 'name': 'Urozhayna'}, 'city': 'Dergachi', 'state': 'Chernivecka', 'country': 'Ukraine', 'postcode': 94248, 'coordinates': {'latitude': '80.1598', 'longitude': '149.3939'}, 'timezone': {'offset': '+4:00', 'description': 'Abu Dhabi, Muscat, Baku, Tbilisi'}}, 'email': 'svyatoslava.shkurgan@example.com', 'login': {'uuid': 'cf495e4f-e715-45a8-b02f-89124928ce24', 'username': 'whiteleopard639', 'password': 'brasil', 'salt': 'EgxvQIEc', 'md5': '1f20ad959f90491cf2fa14b40d5baffe', 'sha1': '830da2df31e6b3eda4cf7e9c41259bf8773964e5', 'sha256': 'bdd75ea9e72469483fab11d7a6cf946e5cc2eb38e50ed40b5d142b3bc27e2a4b'}, 'dob': {'date': '1948-03-28T21:58:38.738Z', 'age': 76}, 'registered': {'date': '2005-10-20T23:42:28.708Z', 'age': 18}, 'phone': '(097) D57-9127', 'cell': '(068) E57-2910', 'id': {'name': '', 'value': None}, 'picture': {'large': 'https://randomuser.me/api/portraits/women/29.jpg', 'medium': 'https://randomuser.me/api/portraits/med/women/29.jpg', 'thumbnail': 'https://randomuser.me/api/portraits/thumb/women/29.jpg'}, 'nat': 'UA'}</msg>
<arg>${json_data['results'][0]}</arg>
<doc>Logs the given message with the given level.</doc>
<status status="PASS" start="2024-04-16T10:14:52.688750" elapsed="0.000405"/>
</kw>
<kw name="Log" owner="BuiltIn">
<msg time="2024-04-16T10:14:52.689580" level="INFO">email</msg>
<arg>${key}</arg>
<doc>Logs the given message with the given level.</doc>
<status status="PASS" start="2024-04-16T10:14:52.689453" elapsed="0.000165"/>
</kw>
<var name="${key}">email</var>
<status status="PASS" start="2024-04-16T10:14:52.687899" elapsed="0.001935"/>
</iter>
<iter>
<kw name="Dictionary Should Contain Key" owner="Collections">
<msg time="2024-04-16T10:14:52.690497" level="INFO">False</msg>
<arg>${json_data['results'][0]}</arg>
<arg>${key}</arg>
<doc>Fails if ``key`` is not found from ``dictionary``.</doc>
<status status="PASS" start="2024-04-16T10:14:52.690118" elapsed="0.000417"/>
</kw>
<kw name="Log" owner="BuiltIn">
<msg time="2024-04-16T10:14:52.691200" level="INFO">{'gender': 'female', 'name': {'title': 'Miss', 'first': 'Svyatoslava', 'last': 'Shkurgan'}, 'location': {'street': {'number': 3134, 'name': 'Urozhayna'}, 'city': 'Dergachi', 'state': 'Chernivecka', 'country': 'Ukraine', 'postcode': 94248, 'coordinates': {'latitude': '80.1598', 'longitude': '149.3939'}, 'timezone': {'offset': '+4:00', 'description': 'Abu Dhabi, Muscat, Baku, Tbilisi'}}, 'email': 'svyatoslava.shkurgan@example.com', 'login': {'uuid': 'cf495e4f-e715-45a8-b02f-89124928ce24', 'username': 'whiteleopard639', 'password': 'brasil', 'salt': 'EgxvQIEc', 'md5': '1f20ad959f90491cf2fa14b40d5baffe', 'sha1': '830da2df31e6b3eda4cf7e9c41259bf8773964e5', 'sha256': 'bdd75ea9e72469483fab11d7a6cf946e5cc2eb38e50ed40b5d142b3bc27e2a4b'}, 'dob': {'date': '1948-03-28T21:58:38.738Z', 'age': 76}, 'registered': {'date': '2005-10-20T23:42:28.708Z', 'age': 18}, 'phone': '(097) D57-9127', 'cell': '(068) E57-2910', 'id': {'name': '', 'value': None}, 'picture': {'large': 'https://randomuser.me/api/portraits/women/29.jpg', 'medium': 'https://randomuser.me/api/portraits/med/women/29.jpg', 'thumbnail': 'https://randomuser.me/api/portraits/thumb/women/29.jpg'}, 'nat': 'UA'}</msg>
<arg>${json_data['results'][0]}</arg>
<doc>Logs the given message with the given level.</doc>
<status status="PASS" start="2024-04-16T10:14:52.690837" elapsed="0.000410"/>
</kw>
<kw name="Log" owner="BuiltIn">
<msg time="2024-04-16T10:14:52.691676" level="INFO">login</msg>
<arg>${key}</arg>
<doc>Logs the given message with the given level.</doc>
<status status="PASS" start="2024-04-16T10:14:52.691549" elapsed="0.000164"/>
</kw>
<var name="${key}">login</var>
<status status="PASS" start="2024-04-16T10:14:52.690007" elapsed="0.001982"/>
</iter>
<var>${key}</var>
<value>@{expected_keys}</value>
<status status="PASS" start="2024-04-16T10:14:52.681205" elapsed="0.010908"/>
</for>
<kw name="Create List" owner="BuiltIn">
<msg time="2024-04-16T10:14:52.692442" level="INFO">${expected_keysTwo} = ['username', 'password']</msg>
<var>${expected_keysTwo}</var>
<arg>username</arg>
<arg>password</arg>
<doc>Returns a list containing given items.</doc>
<status status="PASS" start="2024-04-16T10:14:52.692306" elapsed="0.000159"/>
</kw>
<for flavor="IN">
<iter>
<kw name="Dictionary Should Contain Key" owner="Collections">
<msg time="2024-04-16T10:14:52.693452" level="INFO">False</msg>
<arg>${json_data['results'][0]['login']}</arg>
<arg>${keyTwo}</arg>
<doc>Fails if ``key`` is not found from ``dictionary``.</doc>
<status status="PASS" start="2024-04-16T10:14:52.693068" elapsed="0.000421"/>
</kw>
<kw name="Dictionary Should Contain Key" owner="Collections">
<msg time="2024-04-16T10:14:52.694169" level="INFO">False</msg>
<arg>${json_data['results'][0]['login']}</arg>
<arg>${keyTwo}</arg>
<doc>Fails if ``key`` is not found from ``dictionary``.</doc>
<status status="PASS" start="2024-04-16T10:14:52.693790" elapsed="0.000416"/>
</kw>
<kw name="Log" owner="BuiltIn">
<msg time="2024-04-16T10:14:52.694631" level="INFO">username</msg>
<arg>${keyTwo}</arg>
<doc>Logs the given message with the given level.</doc>
<status status="PASS" start="2024-04-16T10:14:52.694503" elapsed="0.000165"/>
</kw>
<var name="${keyTwo}">username</var>
<status status="PASS" start="2024-04-16T10:14:52.692955" elapsed="0.001930"/>
</iter>
<iter>
<kw name="Dictionary Should Contain Key" owner="Collections">
<msg time="2024-04-16T10:14:52.695544" level="INFO">False</msg>
<arg>${json_data['results'][0]['login']}</arg>
<arg>${keyTwo}</arg>
<doc>Fails if ``key`` is not found from ``dictionary``.</doc>
<status status="PASS" start="2024-04-16T10:14:52.695170" elapsed="0.000411"/>
</kw>
<kw name="Dictionary Should Contain Key" owner="Collections">
<msg time="2024-04-16T10:14:52.696293" level="INFO">False</msg>
<arg>${json_data['results'][0]['login']}</arg>
<arg>${keyTwo}</arg>
<doc>Fails if ``key`` is not found from ``dictionary``.</doc>
<status status="PASS" start="2024-04-16T10:14:52.695906" elapsed="0.000424"/>
</kw>
<kw name="Log" owner="BuiltIn">
<msg time="2024-04-16T10:14:52.696758" level="INFO">password</msg>
<arg>${keyTwo}</arg>
<doc>Logs the given message with the given level.</doc>
<status status="PASS" start="2024-04-16T10:14:52.696629" elapsed="0.000167"/>
</kw>
<var name="${keyTwo}">password</var>
<status status="PASS" start="2024-04-16T10:14:52.695059" elapsed="0.001957"/>
</iter>
<var>${keyTwo}</var>
<value>@{expected_keysTwo}</value>
<status status="PASS" start="2024-04-16T10:14:52.692701" elapsed="0.004440"/>
</for>
<status status="PASS" start="2024-04-16T10:14:52.581535" elapsed="0.115748"/>
</kw>
<doc>Testa a estrutura da resposta da API.</doc>
<tag>testeEstruturaResposta</tag>
<status status="PASS" start="2024-04-16T10:14:52.580889" elapsed="0.116554"/>
</test>
<test id="s1-s1-t4" name="Validar tipos de dados" line="28">
<kw name="Teste de Tipos de Dados" owner="random-user-service">
<kw name="GET On Session" owner="RequestsLibrary">
<msg time="2024-04-16T10:14:52.785154" level="INFO">GET Request : url=https://randomuser.me/api 
 path_url=/api 
 headers={'User-Agent': 'python-requests/2.31.0', 'Accept-Encoding': 'gzip, deflate', 'Accept': '*/*', 'Connection': 'keep-alive'} 
 body=None 
 </msg>
<msg time="2024-04-16T10:14:52.785254" level="INFO">GET Response : url=https://randomuser.me/api 
 status=200, reason=OK 
 headers={'Date': 'Tue, 16 Apr 2024 10:14:52 GMT', 'Content-Type': 'application/json; charset=utf-8', 'Transfer-Encoding': 'chunked', 'Connection': 'keep-alive', 'X-Powered-By': 'Express', 'Access-Control-Allow-Origin': '*', 'Cache-Control': 'no-cache', 'ETag': 'W/"47a-38NCJYgKnG/+MMq4DiJ6ubEisDI"', 'Vary': 'Accept-Encoding', 'Content-Encoding': 'gzip', 'CF-Cache-Status': 'DYNAMIC', 'Report-To': '{"endpoints":[{"url":"https:\\/\\/a.nel.cloudflare.com\\/report\\/v4?s=ru%2FYhfoU1Ua%2B17GtZswbAp%2BwPCBq6UnfFUkMM7OxDa3BYHBKyOdk71nMXnwi27Get29q%2FzeljfEtB3Ths6oq9flv7o%2FVkTA1EubOxjAPIzISM6iWUKVYRz5CPvRHrYT%2B"}],"group":"cf-nel","max_age":604800}', 'NEL': '{"success_fraction":0,"report_to":"cf-nel","max_age":604800}', 'Server': 'cloudflare', 'CF-RAY': '875369336cfe871d-ORD', 'alt-svc': 'h3=":443"; ma=86400'} 
 body={"results":[{"gender":"male","name":{"title":"Mr","first":"Fatih","last":"Kunt"},"location":{"street":{"number":3432,"name":"Istiklal Cd"},"city":"Siirt","state":"Ağrı","country":"Turkey","postcode":99338,"coordinates":{"latitude":"64.3212","longitude":"-104.2826"},"timezone":{"offset":"+10:00","description":"Eastern Australia, Guam, Vladivostok"}},"email":"fatih.kunt@example.com","login":{"uuid":"68f57b0f-ee6b-4fbe-8060-f5438a13547f","username":"happybear955","password":"20202020","salt":"34yQ8U6U","md5":"c72cdce304d09275ef81d4edeb3aba41","sha1":"8a2e8aec528699382dc59747eee282a27d82409e","sha256":"4d3fdb8810461551c73b46a260bc149f2581ba3416b5238b5379460843e54ff0"},"dob":{"date":"1964-07-07T11:58:55.449Z","age":59},"registered":{"date":"2007-05-04T09:19:32.501Z","age":16},"phone":"(560)-232-4998","cell":"(934)-070-2911","id":{"name":"","value":null},"picture":{"large":"https://randomuser.me/api/portraits/men/24.jpg","medium":"https://randomuser.me/api/portraits/med/men/24.jpg","thumbnail":"https://randomuser.me/api/portraits/thumb/men/24.jpg"},"nat":"TR"}],"info":{"seed":"9a04e6343a6f1426","results":1,"page":1,"version":"1.4"}} 
 </msg>
<msg time="2024-04-16T10:14:52.785331" level="INFO">/opt/hostedtoolcache/Python/3.12.2/x64/lib/python3.12/site-packages/urllib3/connectionpool.py:1103: InsecureRequestWarning: Unverified HTTPS request is being made to host 'randomuser.me'. Adding certificate verification is strongly advised. See: https://urllib3.readthedocs.io/en/latest/advanced-usage.html#tls-warnings
  warnings.warn(</msg>
<msg time="2024-04-16T10:14:52.785456" level="INFO">${response} = &lt;Response [200]&gt;</msg>
<var>${response}</var>
<arg>consultarAPI</arg>
<arg>/api</arg>
<doc>Sends a GET request on a previously created HTTP Session.</doc>
<status status="PASS" start="2024-04-16T10:14:52.699933" elapsed="0.085550"/>
</kw>
<kw name="Set Variable" owner="BuiltIn">
<msg time="2024-04-16T10:14:52.786580" level="INFO">${json_data} = {'results': [{'gender': 'male', 'name': {'title': 'Mr', 'first': 'Fatih', 'last': 'Kunt'}, 'location': {'street': {'number': 3432, 'name': 'Istiklal Cd'}, 'city': 'Siirt', 'state': 'Ağrı', 'country': ...</msg>
<var>${json_data}</var>
<arg>${response.json()}</arg>
<doc>Returns the given values which can then be assigned to a variables.</doc>
<status status="PASS" start="2024-04-16T10:14:52.786042" elapsed="0.000569"/>
</kw>
<kw name="Log" owner="BuiltIn">
<msg time="2024-04-16T10:14:52.787100" level="INFO">{'results': [{'gender': 'male', 'name': {'title': 'Mr', 'first': 'Fatih', 'last': 'Kunt'}, 'location': {'street': {'number': 3432, 'name': 'Istiklal Cd'}, 'city': 'Siirt', 'state': 'Ağrı', 'country': 'Turkey', 'postcode': 99338, 'coordinates': {'latitude': '64.3212', 'longitude': '-104.2826'}, 'timezone': {'offset': '+10:00', 'description': 'Eastern Australia, Guam, Vladivostok'}}, 'email': 'fatih.kunt@example.com', 'login': {'uuid': '68f57b0f-ee6b-4fbe-8060-f5438a13547f', 'username': 'happybear955', 'password': '20202020', 'salt': '34yQ8U6U', 'md5': 'c72cdce304d09275ef81d4edeb3aba41', 'sha1': '8a2e8aec528699382dc59747eee282a27d82409e', 'sha256': '4d3fdb8810461551c73b46a260bc149f2581ba3416b5238b5379460843e54ff0'}, 'dob': {'date': '1964-07-07T11:58:55.449Z', 'age': 59}, 'registered': {'date': '2007-05-04T09:19:32.501Z', 'age': 16}, 'phone': '(560)-232-4998', 'cell': '(934)-070-2911', 'id': {'name': '', 'value': None}, 'picture': {'large': 'https://randomuser.me/api/portraits/men/24.jpg', 'medium': 'https://randomuser.me/api/portraits/med/men/24.jpg', 'thumbnail': 'https://randomuser.me/api/portraits/thumb/men/24.jpg'}, 'nat': 'TR'}], 'info': {'seed': '9a04e6343a6f1426', 'results': 1, 'page': 1, 'version': '1.4'}}</msg>
<arg>${json_data}</arg>
<doc>Logs the given message with the given level.</doc>
<status status="PASS" start="2024-04-16T10:14:52.786934" elapsed="0.000257"/>
</kw>
<kw name="Should Be String" owner="String">
<arg>${json_data['results'][0]['gender']}</arg>
<doc>Fails if the given ``item`` is not a string.</doc>
<status status="PASS" start="2024-04-16T10:14:52.787499" elapsed="0.000436"/>
</kw>
<kw name="Should Match Regexp" owner="BuiltIn">
<arg>${json_data['results'][0]['email']}</arg>
<arg>^[a-zA-Z0-9._%+-]+@[a-zA-Z0-9.-]+\.[a-zA-Z]{2,}$</arg>
<doc>Fails if ``string`` does not match ``pattern`` as a regular expression.</doc>
<status status="PASS" start="2024-04-16T10:14:52.788133" elapsed="0.000523"/>
</kw>
<kw name="Should Match Regexp" owner="BuiltIn">
<arg>${json_data['results'][0]['dob']['date']}</arg>
<arg>\\d{4}-\\d{2}-\\d{2}T\\d{2}:\\d{2}:\\d{2}\\.\\d{3}Z</arg>
<doc>Fails if ``string`` does not match ``pattern`` as a regular expression.</doc>
<status status="PASS" start="2024-04-16T10:14:52.788854" elapsed="0.000494"/>
</kw>
<kw name="Should Match Regexp" owner="BuiltIn">
<arg>${json_data['results'][0]['registered']['date']}</arg>
<arg>\\d{4}-\\d{2}-\\d{2}T\\d{2}:\\d{2}:\\d{2}\\.\\d{3}Z</arg>
<doc>Fails if ``string`` does not match ``pattern`` as a regular expression.</doc>
<status status="PASS" start="2024-04-16T10:14:52.789549" elapsed="0.000369"/>
</kw>
<kw name="Should Match Regexp" owner="BuiltIn">
<arg>${json_data['results'][0]['picture']['large']}</arg>
<arg>^https?://.*\.(?:png|jpe?g|gif|bmp)$</arg>
<doc>Fails if ``string`` does not match ``pattern`` as a regular expression.</doc>
<status status="PASS" start="2024-04-16T10:14:52.790109" elapsed="0.000465"/>
</kw>
<kw name="Should Match Regexp" owner="BuiltIn">
<arg>${json_data['results'][0]['picture']['medium']}</arg>
<arg>^https?://.*\.(?:png|jpe?g|gif|bmp)$</arg>
<doc>Fails if ``string`` does not match ``pattern`` as a regular expression.</doc>
<status status="PASS" start="2024-04-16T10:14:52.790765" elapsed="0.000352"/>
</kw>
<kw name="Should Match Regexp" owner="BuiltIn">
<arg>${json_data['results'][0]['picture']['thumbnail']}</arg>
<arg>^https?://.*\.(?:png|jpe?g|gif|bmp)$</arg>
<doc>Fails if ``string`` does not match ``pattern`` as a regular expression.</doc>
<status status="PASS" start="2024-04-16T10:14:52.791305" elapsed="0.000358"/>
</kw>
<kw name="Log" owner="BuiltIn">
<msg time="2024-04-16T10:14:52.792228" level="INFO">{'large': 'https://randomuser.me/api/portraits/men/24.jpg', 'medium': 'https://randomuser.me/api/portraits/med/men/24.jpg', 'thumbnail': 'https://randomuser.me/api/portraits/thumb/men/24.jpg'}</msg>
<arg>${json_data['results'][0]['picture']}</arg>
<doc>Logs the given message with the given level.</doc>
<status status="PASS" start="2024-04-16T10:14:52.791888" elapsed="0.000382"/>
</kw>
<status status="PASS" start="2024-04-16T10:14:52.699675" elapsed="0.092866"/>
</kw>
<kw name="Teste de Tipos de Dados - Postcode" owner="random-user-service">
<kw name="GET On Session" owner="RequestsLibrary">
<msg time="2024-04-16T10:14:52.882229" level="INFO">GET Request : url=https://randomuser.me/api 
 path_url=/api 
 headers={'User-Agent': 'python-requests/2.31.0', 'Accept-Encoding': 'gzip, deflate', 'Accept': '*/*', 'Connection': 'keep-alive'} 
 body=None 
 </msg>
<msg time="2024-04-16T10:14:52.882328" level="INFO">GET Response : url=https://randomuser.me/api 
 status=200, reason=OK 
 headers={'Date': 'Tue, 16 Apr 2024 10:14:52 GMT', 'Content-Type': 'application/json; charset=utf-8', 'Transfer-Encoding': 'chunked', 'Connection': 'keep-alive', 'X-Powered-By': 'Express', 'Access-Control-Allow-Origin': '*', 'Cache-Control': 'no-cache', 'ETag': 'W/"49a-TNypzqLuHAUgWTF56A8/a2y+xtE"', 'Vary': 'Accept-Encoding', 'Content-Encoding': 'gzip', 'CF-Cache-Status': 'DYNAMIC', 'Report-To': '{"endpoints":[{"url":"https:\\/\\/a.nel.cloudflare.com\\/report\\/v4?s=OCh5QhF6OJvwyCiBXCA6xLlllZeJRA%2BKJY5rsFmHB1CiY8NXg1GO3CbLORo5oR3NwMkNDtgU1gKgOPpy2pgY7n8EVlkFNmHwp3XhqzXFJ%2BXXYOGSyIMpJ7PYsVtY2KuG"}],"group":"cf-nel","max_age":604800}', 'NEL': '{"success_fraction":0,"report_to":"cf-nel","max_age":604800}', 'Server': 'cloudflare', 'CF-RAY': '87536933fde9871d-ORD', 'alt-svc': 'h3=":443"; ma=86400'} 
 body={"results":[{"gender":"female","name":{"title":"Miss","first":"Reinhilde","last":"Sahin"},"location":{"street":{"number":5120,"name":"Meisenweg"},"city":"Bad Gandersheim","state":"Bayern","country":"Germany","postcode":80015,"coordinates":{"latitude":"-55.4444","longitude":"162.7484"},"timezone":{"offset":"+2:00","description":"Kaliningrad, South Africa"}},"email":"reinhilde.sahin@example.com","login":{"uuid":"cb088a01-c30f-4b00-be36-6679c8cd253a","username":"greengorilla493","password":"codered","salt":"ld9Uba77","md5":"8d18525442b4fd4b5c5cdcae3eca4de4","sha1":"ea871b44d211de20448ac1370afd6d01f56af639","sha256":"e454f373bdf406b3511dccf340b8453bba54a875c284cea9b31b37883acc530d"},"dob":{"date":"1972-01-25T03:42:39.020Z","age":52},"registered":{"date":"2013-09-13T01:50:46.065Z","age":10},"phone":"0578-1326081","cell":"0177-3162036","id":{"name":"SVNR","value":"23 240172 S 612"},"picture":{"large":"https://randomuser.me/api/portraits/women/74.jpg","medium":"https://randomuser.me/api/portraits/med/women/74.jpg","thumbnail":"https://randomuser.me/api/portraits/thumb/women/74.jpg"},"nat":"DE"}],"info":{"seed":"ffe1c258337e9c9f","results":1,"page":1,"version":"1.4"}} 
 </msg>
<msg time="2024-04-16T10:14:52.882418" level="INFO">/opt/hostedtoolcache/Python/3.12.2/x64/lib/python3.12/site-packages/urllib3/connectionpool.py:1103: InsecureRequestWarning: Unverified HTTPS request is being made to host 'randomuser.me'. Adding certificate verification is strongly advised. See: https://urllib3.readthedocs.io/en/latest/advanced-usage.html#tls-warnings
  warnings.warn(</msg>
<msg time="2024-04-16T10:14:52.882539" level="INFO">${response} = &lt;Response [200]&gt;</msg>
<var>${response}</var>
<arg>consultarAPI</arg>
<arg>/api</arg>
<doc>Sends a GET request on a previously created HTTP Session.</doc>
<status status="PASS" start="2024-04-16T10:14:52.793078" elapsed="0.089492"/>
</kw>
<kw name="Set Variable" owner="BuiltIn">
<msg time="2024-04-16T10:14:52.883620" level="INFO">${json_data} = {'results': [{'gender': 'female', 'name': {'title': 'Miss', 'first': 'Reinhilde', 'last': 'Sahin'}, 'location': {'street': {'number': 5120, 'name': 'Meisenweg'}, 'city': 'Bad Gandersheim', 'state': 'B...</msg>
<var>${json_data}</var>
<arg>${response.json()}</arg>
<doc>Returns the given values which can then be assigned to a variables.</doc>
<status status="PASS" start="2024-04-16T10:14:52.883100" elapsed="0.000548"/>
</kw>
<kw name="Log" owner="BuiltIn">
<msg time="2024-04-16T10:14:52.884171" level="INFO">{'results': [{'gender': 'female', 'name': {'title': 'Miss', 'first': 'Reinhilde', 'last': 'Sahin'}, 'location': {'street': {'number': 5120, 'name': 'Meisenweg'}, 'city': 'Bad Gandersheim', 'state': 'Bayern', 'country': 'Germany', 'postcode': 80015, 'coordinates': {'latitude': '-55.4444', 'longitude': '162.7484'}, 'timezone': {'offset': '+2:00', 'description': 'Kaliningrad, South Africa'}}, 'email': 'reinhilde.sahin@example.com', 'login': {'uuid': 'cb088a01-c30f-4b00-be36-6679c8cd253a', 'username': 'greengorilla493', 'password': 'codered', 'salt': 'ld9Uba77', 'md5': '8d18525442b4fd4b5c5cdcae3eca4de4', 'sha1': 'ea871b44d211de20448ac1370afd6d01f56af639', 'sha256': 'e454f373bdf406b3511dccf340b8453bba54a875c284cea9b31b37883acc530d'}, 'dob': {'date': '1972-01-25T03:42:39.020Z', 'age': 52}, 'registered': {'date': '2013-09-13T01:50:46.065Z', 'age': 10}, 'phone': '0578-1326081', 'cell': '0177-3162036', 'id': {'name': 'SVNR', 'value': '23 240172 S 612'}, 'picture': {'large': 'https://randomuser.me/api/portraits/women/74.jpg', 'medium': 'https://randomuser.me/api/portraits/med/women/74.jpg', 'thumbnail': 'https://randomuser.me/api/portraits/thumb/women/74.jpg'}, 'nat': 'DE'}], 'info': {'seed': 'ffe1c258337e9c9f', 'results': 1, 'page': 1, 'version': '1.4'}}</msg>
<arg>${json_data}</arg>
<doc>Logs the given message with the given level.</doc>
<status status="PASS" start="2024-04-16T10:14:52.884010" elapsed="0.000245"/>
</kw>
<kw name="Should Be Equal As Numbers" owner="BuiltIn">
<arg>${json_data['results'][0]['location']['postcode']}</arg>
<arg>${json_data['results'][0]['location']['postcode']}</arg>
<doc>Fails if objects are unequal after converting them to real numbers.</doc>
<status status="PASS" start="2024-04-16T10:14:52.884562" elapsed="0.000633"/>
</kw>
<kw name="Log" owner="BuiltIn">
<msg time="2024-04-16T10:14:52.885726" level="INFO">80015</msg>
<arg>${json_data['results'][0]['location']['postcode']}</arg>
<doc>Logs the given message with the given level.</doc>
<status status="PASS" start="2024-04-16T10:14:52.885390" elapsed="0.000378"/>
</kw>
<status status="PASS" start="2024-04-16T10:14:52.792809" elapsed="0.093221"/>
</kw>
<doc>Testa se os tipos de dados na resposta da API estão corretos.</doc>
<tag>testeTiposDados</tag>
<status status="PASS" start="2024-04-16T10:14:52.699209" elapsed="0.186999"/>
</test>
<test id="s1-s1-t5" name="Validar conteudo" line="35">
<kw name="Teste de Tipos de Conteudo" owner="random-user-service">
<kw name="GET On Session" owner="RequestsLibrary">
<msg time="2024-04-16T10:14:52.983478" level="INFO">GET Request : url=https://randomuser.me/api 
 path_url=/api 
 headers={'User-Agent': 'python-requests/2.31.0', 'Accept-Encoding': 'gzip, deflate', 'Accept': '*/*', 'Connection': 'keep-alive'} 
 body=None 
 </msg>
<msg time="2024-04-16T10:14:52.983556" level="INFO">GET Response : url=https://randomuser.me/api 
 status=200, reason=OK 
 headers={'Date': 'Tue, 16 Apr 2024 10:14:52 GMT', 'Content-Type': 'application/json; charset=utf-8', 'Transfer-Encoding': 'chunked', 'Connection': 'keep-alive', 'X-Powered-By': 'Express', 'Access-Control-Allow-Origin': '*', 'Cache-Control': 'no-cache', 'ETag': 'W/"468-7yrrATUgqTwSPiIKmnzll4iXmy4"', 'Vary': 'Accept-Encoding', 'Content-Encoding': 'gzip', 'CF-Cache-Status': 'DYNAMIC', 'Report-To': '{"endpoints":[{"url":"https:\\/\\/a.nel.cloudflare.com\\/report\\/v4?s=FXgj2jTuGfx5vFIPHgFoKgHma10NFfsO091laN4Tt1XKvR1tYG%2FeOA6G2C4JrBgYLO2Qgp0r%2BGZYpG2nauJaZqPrXAFfqEfFPi9vMY3duWuqx5bMcYLyAdVfBOcJSa65"}],"group":"cf-nel","max_age":604800}', 'NEL': '{"success_fraction":0,"report_to":"cf-nel","max_age":604800}', 'Server': 'cloudflare', 'CF-RAY': '875369348f1e871d-ORD', 'alt-svc': 'h3=":443"; ma=86400'} 
 body={"results":[{"gender":"male","name":{"title":"Mr","first":"Mads","last":"Olsen"},"location":{"street":{"number":2307,"name":"Bragesvej"},"city":"Stenderup","state":"Hovedstaden","country":"Denmark","postcode":17647,"coordinates":{"latitude":"-42.8977","longitude":"-106.5988"},"timezone":{"offset":"-3:30","description":"Newfoundland"}},"email":"mads.olsen@example.com","login":{"uuid":"8a531c41-ab90-4684-8a34-895b4762b2e6","username":"brownfish583","password":"oregon","salt":"NUJbxGsc","md5":"6e0fd544d6457a47b84fa98df4f0d578","sha1":"5cf91b98d25fb7a49402f9e8f649c81e5ca30ab2","sha256":"cc7fb4eea890e13dd85fc883532622fe07b853fbb3231ce53601017c29c49510"},"dob":{"date":"1978-01-20T05:53:02.576Z","age":46},"registered":{"date":"2009-08-21T20:56:18.987Z","age":14},"phone":"24317183","cell":"32151384","id":{"name":"CPR","value":"190178-1189"},"picture":{"large":"https://randomuser.me/api/portraits/men/74.jpg","medium":"https://randomuser.me/api/portraits/med/men/74.jpg","thumbnail":"https://randomuser.me/api/portraits/thumb/men/74.jpg"},"nat":"DK"}],"info":{"seed":"3b43584648828dfa","results":1,"page":1,"version":"1.4"}} 
 </msg>
<msg time="2024-04-16T10:14:52.983624" level="INFO">/opt/hostedtoolcache/Python/3.12.2/x64/lib/python3.12/site-packages/urllib3/connectionpool.py:1103: InsecureRequestWarning: Unverified HTTPS request is being made to host 'randomuser.me'. Adding certificate verification is strongly advised. See: https://urllib3.readthedocs.io/en/latest/advanced-usage.html#tls-warnings
  warnings.warn(</msg>
<msg time="2024-04-16T10:14:52.983727" level="INFO">${response} = &lt;Response [200]&gt;</msg>
<var>${response}</var>
<arg>consultarAPI</arg>
<arg>/api</arg>
<doc>Sends a GET request on a previously created HTTP Session.</doc>
<status status="PASS" start="2024-04-16T10:14:52.888705" elapsed="0.095081"/>
</kw>
<kw name="Set Variable" owner="BuiltIn">
<msg time="2024-04-16T10:14:52.984711" level="INFO">${json_data} = {'results': [{'gender': 'male', 'name': {'title': 'Mr', 'first': 'Mads', 'last': 'Olsen'}, 'location': {'street': {'number': 2307, 'name': 'Bragesvej'}, 'city': 'Stenderup', 'state': 'Hovedstaden', 'c...</msg>
<var>${json_data}</var>
<arg>${response.json()}</arg>
<doc>Returns the given values which can then be assigned to a variables.</doc>
<status status="PASS" start="2024-04-16T10:14:52.984262" elapsed="0.000476"/>
</kw>
<kw name="Set Variable" owner="BuiltIn">
<msg time="2024-04-16T10:14:52.985415" level="INFO">${name_title} = Mr</msg>
<var>${name_title}</var>
<arg>${json_data["results"][0]["name"]["title"]}</arg>
<doc>Returns the given values which can then be assigned to a variables.</doc>
<status status="PASS" start="2024-04-16T10:14:52.985042" elapsed="0.000398"/>
</kw>
<kw name="Create List" owner="BuiltIn">
<msg time="2024-04-16T10:14:52.985882" level="INFO">${allowed_titles} = ['Mr', 'Ms', 'Miss', 'Mrs', 'Madame', 'Monsieur']</msg>
<var>${allowed_titles}</var>
<arg>Mr</arg>
<arg>Ms</arg>
<arg>Miss</arg>
<arg>Mrs</arg>
<arg>Madame</arg>
<arg>Monsieur</arg>
<doc>Returns a list containing given items.</doc>
<status status="PASS" start="2024-04-16T10:14:52.985735" elapsed="0.000171"/>
</kw>
<kw name="List Should Contain Value" owner="Collections">
<msg time="2024-04-16T10:14:52.986377" level="INFO">False</msg>
<arg>${allowed_titles}</arg>
<arg>${name_title}</arg>
<doc>Fails if the ``value`` is not found from ``list``.</doc>
<status status="PASS" start="2024-04-16T10:14:52.986204" elapsed="0.000211"/>
</kw>
<kw name="Set Variable" owner="BuiltIn">
<msg time="2024-04-16T10:14:52.987091" level="INFO">${name_country} = DK</msg>
<var>${name_country}</var>
<arg>${json_data["results"][0]["nat"]}</arg>
<doc>Returns the given values which can then be assigned to a variables.</doc>
<status status="PASS" start="2024-04-16T10:14:52.986714" elapsed="0.000401"/>
</kw>
<kw name="Create List" owner="BuiltIn">
<msg time="2024-04-16T10:14:52.988065" level="INFO">${list_country} = ['AD', 'AE', 'AF', 'AG', 'AI', 'AL', 'AM', 'AO', 'AQ', 'AR', 'AS', 'AT', 'AU', 'AW', 'AX', 'AZ', 'BA', 'BB', 'BD', 'BE', 'BF', 'BG', 'BH', 'BI', 'BJ', 'BL', 'BM', 'BN', 'BO', 'BQ', 'BR', 'BS', 'BT', '...</msg>
<var>${list_country}</var>
<arg>AD</arg>
<arg>AE</arg>
<arg>AF</arg>
<arg>AG</arg>
<arg>AI</arg>
<arg>AL</arg>
<arg>AM</arg>
<arg>AO</arg>
<arg>AQ</arg>
<arg>AR</arg>
<arg>AS</arg>
<arg>AT</arg>
<arg>AU</arg>
<arg>AW</arg>
<arg>AX</arg>
<arg>AZ</arg>
<arg>BA</arg>
<arg>BB</arg>
<arg>BD</arg>
<arg>BE</arg>
<arg>BF</arg>
<arg>BG</arg>
<arg>BH</arg>
<arg>BI</arg>
<arg>BJ</arg>
<arg>BL</arg>
<arg>BM</arg>
<arg>BN</arg>
<arg>BO</arg>
<arg>BQ</arg>
<arg>BR</arg>
<arg>BS</arg>
<arg>BT</arg>
<arg>BV</arg>
<arg>BW</arg>
<arg>BY</arg>
<arg>BZ</arg>
<arg>CA</arg>
<arg>CC</arg>
<arg>CD</arg>
<arg>CF</arg>
<arg>CG</arg>
<arg>CH</arg>
<arg>CI</arg>
<arg>CK</arg>
<arg>CL</arg>
<arg>CM</arg>
<arg>CN</arg>
<arg>CO</arg>
<arg>CR</arg>
<arg>CU</arg>
<arg>CV</arg>
<arg>CW</arg>
<arg>CX</arg>
<arg>CY</arg>
<arg>CZ</arg>
<arg>DE</arg>
<arg>DJ</arg>
<arg>DK</arg>
<arg>DM</arg>
<arg>DO</arg>
<arg>DZ</arg>
<arg>EC</arg>
<arg>EE</arg>
<arg>EG</arg>
<arg>EH</arg>
<arg>ER</arg>
<arg>ES</arg>
<arg>ET</arg>
<arg>FI</arg>
<arg>FJ</arg>
<arg>FK</arg>
<arg>FM</arg>
<arg>FO</arg>
<arg>FR</arg>
<arg>GA</arg>
<arg>GB</arg>
<arg>GD</arg>
<arg>GE</arg>
<arg>GF</arg>
<arg>GG</arg>
<arg>GH</arg>
<arg>GI</arg>
<arg>GL</arg>
<arg>GM</arg>
<arg>GN</arg>
<arg>GP</arg>
<arg>GQ</arg>
<arg>GR</arg>
<arg>GS</arg>
<arg>GT</arg>
<arg>GU</arg>
<arg>GW</arg>
<arg>GY</arg>
<arg>HK</arg>
<arg>HM</arg>
<arg>HN</arg>
<arg>HR</arg>
<arg>HT</arg>
<arg>HU</arg>
<arg>ID</arg>
<arg>IE</arg>
<arg>IL</arg>
<arg>IM</arg>
<arg>IN</arg>
<arg>IO</arg>
<arg>IQ</arg>
<arg>IR</arg>
<arg>IS</arg>
<arg>IT</arg>
<arg>JE</arg>
<arg>JM</arg>
<arg>JO</arg>
<arg>JP</arg>
<arg>KE</arg>
<arg>KG</arg>
<arg>KH</arg>
<arg>KI</arg>
<arg>KM</arg>
<arg>KN</arg>
<arg>KP</arg>
<arg>KR</arg>
<arg>KW</arg>
<arg>KY</arg>
<arg>KZ</arg>
<arg>LA</arg>
<arg>LB</arg>
<arg>LC</arg>
<arg>LI</arg>
<arg>LK</arg>
<arg>LR</arg>
<arg>LS</arg>
<arg>LT</arg>
<arg>LU</arg>
<arg>LV</arg>
<arg>LY</arg>
<arg>MA</arg>
<arg>MC</arg>
<arg>MD</arg>
<arg>ME</arg>
<arg>MF</arg>
<arg>MG</arg>
<arg>MH</arg>
<arg>MK</arg>
<arg>ML</arg>
<arg>MM</arg>
<arg>MN</arg>
<arg>MO</arg>
<arg>MP</arg>
<arg>MQ</arg>
<arg>MR</arg>
<arg>MS</arg>
<arg>MT</arg>
<arg>MU</arg>
<arg>MV</arg>
<arg>MW</arg>
<arg>MX</arg>
<arg>MY</arg>
<arg>MZ</arg>
<arg>NA</arg>
<arg>NC</arg>
<arg>NE</arg>
<arg>NF</arg>
<arg>NG</arg>
<arg>NI</arg>
<arg>NL</arg>
<arg>NO</arg>
<arg>NP</arg>
<arg>NR</arg>
<arg>NU</arg>
<arg>NZ</arg>
<arg>OM</arg>
<arg>PA</arg>
<arg>PE</arg>
<arg>PF</arg>
<arg>PG</arg>
<arg>PH</arg>
<arg>PK</arg>
<arg>PL</arg>
<arg>PM</arg>
<arg>PN</arg>
<arg>PR</arg>
<arg>PS</arg>
<arg>PT</arg>
<arg>PW</arg>
<arg>PY</arg>
<arg>QA</arg>
<arg>RE</arg>
<arg>RO</arg>
<arg>RS</arg>
<arg>RU</arg>
<arg>RW</arg>
<arg>SA</arg>
<arg>SB</arg>
<arg>SC</arg>
<arg>SD</arg>
<arg>SE</arg>
<arg>SG</arg>
<arg>SH</arg>
<arg>SI</arg>
<arg>SJ</arg>
<arg>SK</arg>
<arg>SL</arg>
<arg>SM</arg>
<arg>SN</arg>
<arg>SO</arg>
<arg>SR</arg>
<arg>SS</arg>
<arg>ST</arg>
<arg>SV</arg>
<arg>SX</arg>
<arg>SY</arg>
<arg>SZ</arg>
<arg>TC</arg>
<arg>TD</arg>
<arg>TF</arg>
<arg>TG</arg>
<arg>TH</arg>
<arg>TJ</arg>
<arg>TK</arg>
<arg>TL</arg>
<arg>TM</arg>
<arg>TN</arg>
<arg>TO</arg>
<arg>TR</arg>
<arg>TT</arg>
<arg>TV</arg>
<arg>TW</arg>
<arg>TZ</arg>
<arg>UA</arg>
<arg>UG</arg>
<arg>UM</arg>
<arg>US</arg>
<arg>UY</arg>
<arg>UZ</arg>
<arg>VA</arg>
<arg>VC</arg>
<arg>VE</arg>
<arg>VG</arg>
<arg>VI</arg>
<arg>VN</arg>
<arg>VU</arg>
<arg>WF</arg>
<arg>WS</arg>
<arg>XK</arg>
<arg>YE</arg>
<arg>YT</arg>
<arg>ZA</arg>
<arg>ZM</arg>
<arg>ZW</arg>
<doc>Returns a list containing given items.</doc>
<status status="PASS" start="2024-04-16T10:14:52.987415" elapsed="0.000676"/>
</kw>
<kw name="List Should Contain Value" owner="Collections">
<msg time="2024-04-16T10:14:52.989073" level="INFO">False</msg>
<arg>${list_country}</arg>
<arg>${name_country}</arg>
<doc>Fails if the ``value`` is not found from ``list``.</doc>
<status status="PASS" start="2024-04-16T10:14:52.988874" elapsed="0.000235"/>
</kw>
<kw name="Run Keyword If" owner="BuiltIn">
<kw name="Should Be True" owner="BuiltIn">
<arg>${True}</arg>
<doc>Fails if the given condition is not true.</doc>
<status status="PASS" start="2024-04-16T10:14:52.990289" elapsed="0.000146"/>
</kw>
<arg>${json_data["results"][0]["location"]["coordinates"]["latitude"]} &gt;= -90 and ${json_data["results"][0]["location"]["coordinates"]["latitude"]} &lt;= 90</arg>
<arg>Should Be True</arg>
<arg>${True}</arg>
<doc>Runs the given keyword with the given arguments, if ``condition`` is true.</doc>
<status status="PASS" start="2024-04-16T10:14:52.989422" elapsed="0.001141"/>
</kw>
<kw name="Run Keyword If" owner="BuiltIn">
<kw name="Should Be True" owner="BuiltIn">
<arg>${True}</arg>
<doc>Fails if the given condition is not true.</doc>
<status status="PASS" start="2024-04-16T10:14:52.991443" elapsed="0.000136"/>
</kw>
<arg>${json_data["results"][0]["location"]["coordinates"]["longitude"]} &gt;= -180 and ${json_data["results"][0]["location"]["coordinates"]["longitude"]} &lt;= 180</arg>
<arg>Should Be True</arg>
<arg>${True}</arg>
<doc>Runs the given keyword with the given arguments, if ``condition`` is true.</doc>
<status status="PASS" start="2024-04-16T10:14:52.990750" elapsed="0.000953"/>
</kw>
<status status="PASS" start="2024-04-16T10:14:52.888474" elapsed="0.103398"/>
</kw>
<doc>Testa o conteúdo específico dos campos retornados pela API.</doc>
<tag>testeConteudo</tag>
<status status="PASS" start="2024-04-16T10:14:52.888014" elapsed="0.104015"/>
</test>
<status status="PASS" start="2024-04-16T10:14:52.022966" elapsed="0.971008"/>
</suite>
<status status="PASS" start="2024-04-16T10:14:52.008359" elapsed="0.990922"/>
</suite>
<statistics>
<total>
<stat pass="5" fail="0" skip="0">All Tests</stat>
</total>
<tag>
<stat pass="1" fail="0" skip="0">testeConteudo</stat>
<stat pass="1" fail="0" skip="0">testeEstruturaResposta</stat>
<stat pass="1" fail="0" skip="0">testeRequisicaoBasica</stat>
<stat pass="1" fail="0" skip="0">testeTiposDados</stat>
</tag>
<suite>
<stat pass="5" fail="0" skip="0" id="s1" name="Tests">Tests</stat>
<stat pass="5" fail="0" skip="0" id="s1-s1" name="Random-User-Test">Tests.Random-User-Test</stat>
</suite>
</statistics>
<errors>
</errors>
</robot>
