<?xml version="1.0" encoding="UTF-8"?>
<robot generator="Robot 7.0 (Python 3.12.3 on linux)" generated="2024-05-15T16:18:00.095233" rpa="false" schemaversion="5">
<suite id="s1" name="Tests" source="/home/runner/work/DesafioQAItauRogerioJordao/DesafioQAItauRogerioJordao/RamdonUser/tests">
<suite id="s1-s1" name="Random-User-Test" source="/home/runner/work/DesafioQAItauRogerioJordao/DesafioQAItauRogerioJordao/RamdonUser/tests/random-user-test.robot">
<test id="s1-s1-t1" name="Conectar" line="13">
<kw name="Conectar API" owner="random-user-service">
<kw name="Create Session" owner="RequestsLibrary">
<msg time="2024-05-15T16:18:00.470462" level="INFO">Creating Session using : alias=consultarAPI, url=https://randomuser.me/, headers={},                     cookies={}, auth=None, timeout=None, proxies=None, verify=False,                     debug=0 </msg>
<arg>consultarAPI</arg>
<arg>${URL}</arg>
<doc>Create Session: create a HTTP session to a server</doc>
<status status="PASS" start="2024-05-15T16:18:00.470254" elapsed="0.000422"/>
</kw>
<status status="PASS" start="2024-05-15T16:18:00.469254" elapsed="0.001798"/>
</kw>
<status status="PASS" start="2024-05-15T16:18:00.468596" elapsed="0.002652"/>
</test>
<test id="s1-s1-t2" name="Validar retorno 200 e JSON Válido" line="16">
<kw name="Teste de Requisicao Basica" owner="random-user-service">
<kw name="GET On Session" owner="RequestsLibrary">
<msg time="2024-05-15T16:18:00.530784" level="INFO">GET Request : url=https://randomuser.me/api 
 path_url=/api 
 headers={'User-Agent': 'python-requests/2.31.0', 'Accept-Encoding': 'gzip, deflate', 'Accept': '*/*', 'Connection': 'keep-alive'} 
 body=None 
 </msg>
<msg time="2024-05-15T16:18:00.530927" level="INFO">GET Response : url=https://randomuser.me/api 
 status=200, reason=OK 
 headers={'Date': 'Wed, 15 May 2024 16:18:00 GMT', 'Content-Type': 'application/json; charset=utf-8', 'Transfer-Encoding': 'chunked', 'Connection': 'keep-alive', 'X-Powered-By': 'Express', 'Access-Control-Allow-Origin': '*', 'Cache-Control': 'no-cache', 'ETag': 'W/"480-F8Eq/8N0Y2DiuL+V3/XFVH4SYbE"', 'Vary': 'Accept-Encoding', 'Content-Encoding': 'gzip', 'CF-Cache-Status': 'DYNAMIC', 'Report-To': '{"endpoints":[{"url":"https:\\/\\/a.nel.cloudflare.com\\/report\\/v4?s=S8ScsSVSH7QS3FiuTHyva1VFfcRu8QAMY8v2874jT7Uzr8hwFU3%2F8vp8UoTh2QCmJrNoa2U89FRqFEj1KtdjA%2FH7PVrmcEwCGte8qKIN12KKxcyQMbISKpw7REcz52Fp"}],"group":"cf-nel","max_age":604800}', 'NEL': '{"success_fraction":0,"report_to":"cf-nel","max_age":604800}', 'Server': 'cloudflare', 'CF-RAY': '8844710119d95934-IAD', 'alt-svc': 'h3=":443"; ma=86400'} 
 body={"results":[{"gender":"male","name":{"title":"Mr","first":"Eelis","last":"Honkala"},"location":{"street":{"number":9452,"name":"Myllypuronkatu"},"city":"Tampere","state":"Kainuu","country":"Finland","postcode":36874,"coordinates":{"latitude":"-23.1879","longitude":"-157.1510"},"timezone":{"offset":"-12:00","description":"Eniwetok, Kwajalein"}},"email":"eelis.honkala@example.com","login":{"uuid":"220f7d34-d2dd-4c34-b9ad-155b201339fd","username":"redsnake163","password":"miles","salt":"Yk2YWmr9","md5":"6590cd4289fac43bc5d9541cc59dbdc9","sha1":"f37ffa8674e788f57c4eb799c7e393ac98ad48dc","sha256":"99be89cec15e7dab745ba9da9bcc5a55b0bb8133bbe69337ed9aa41251f06e1e"},"dob":{"date":"1965-05-29T09:32:13.675Z","age":58},"registered":{"date":"2009-03-24T00:09:03.038Z","age":15},"phone":"03-002-269","cell":"048-160-71-74","id":{"name":"HETU","value":"NaNNA983undefined"},"picture":{"large":"https://randomuser.me/api/portraits/men/71.jpg","medium":"https://randomuser.me/api/portraits/med/men/71.jpg","thumbnail":"https://randomuser.me/api/portraits/thumb/men/71.jpg"},"nat":"FI"}],"info":{"seed":"958090df07bbe6e2","results":1,"page":1,"version":"1.4"}} 
 </msg>
<msg time="2024-05-15T16:18:00.531004" level="INFO">/opt/hostedtoolcache/Python/3.12.3/x64/lib/python3.12/site-packages/urllib3/connectionpool.py:1103: InsecureRequestWarning: Unverified HTTPS request is being made to host 'randomuser.me'. Adding certificate verification is strongly advised. See: https://urllib3.readthedocs.io/en/latest/advanced-usage.html#tls-warnings
  warnings.warn(</msg>
<msg time="2024-05-15T16:18:00.531165" level="INFO">${response} = &lt;Response [200]&gt;</msg>
<var>${response}</var>
<arg>consultarAPI</arg>
<arg>/api</arg>
<doc>Sends a GET request on a previously created HTTP Session.</doc>
<status status="PASS" start="2024-05-15T16:18:00.473929" elapsed="0.057279"/>
</kw>
<kw name="Should Be Equal As Numbers" owner="BuiltIn">
<msg time="2024-05-15T16:18:00.532163" level="INFO">Argument types are:
&lt;class 'int'&gt;
&lt;class 'str'&gt;</msg>
<arg>${response.status_code}</arg>
<arg>200</arg>
<doc>Fails if objects are unequal after converting them to real numbers.</doc>
<status status="PASS" start="2024-05-15T16:18:00.531707" elapsed="0.000521"/>
</kw>
<kw name="Log" owner="BuiltIn">
<msg time="2024-05-15T16:18:00.532940" level="INFO">200</msg>
<arg>${response.status_code}</arg>
<doc>Logs the given message with the given level.</doc>
<status status="PASS" start="2024-05-15T16:18:00.532581" elapsed="0.000402"/>
</kw>
<kw name="Set Variable" owner="BuiltIn">
<msg time="2024-05-15T16:18:00.533750" level="INFO">${json_data} = {'results': [{'gender': 'male', 'name': {'title': 'Mr', 'first': 'Eelis', 'last': 'Honkala'}, 'location': {'street': {'number': 9452, 'name': 'Myllypuronkatu'}, 'city': 'Tampere', 'state': 'Kainuu', '...</msg>
<var>${json_data}</var>
<arg>${response.json()}</arg>
<doc>Returns the given values which can then be assigned to a variables.</doc>
<status status="PASS" start="2024-05-15T16:18:00.533292" elapsed="0.000487"/>
</kw>
<kw name="Dictionary Should Contain Key" owner="Collections">
<msg time="2024-05-15T16:18:00.534256" level="INFO">False</msg>
<arg>${json_data}</arg>
<arg>results</arg>
<doc>Fails if ``key`` is not found from ``dictionary``.</doc>
<status status="PASS" start="2024-05-15T16:18:00.534085" elapsed="0.000211"/>
</kw>
<status status="PASS" start="2024-05-15T16:18:00.473683" elapsed="0.060902"/>
</kw>
<doc>Testa se a API responde corretamente e retorna um objeto JSON válido.</doc>
<tag>testeRequisicaoBasica</tag>
<status status="PASS" start="2024-05-15T16:18:00.473132" elapsed="0.061647"/>
</test>
<test id="s1-s1-t3" name="Validar estrutura de resposta" line="22">
<kw name="Teste de Estrutura de Resposta" owner="random-user-service">
<kw name="GET On Session" owner="RequestsLibrary">
<msg time="2024-05-15T16:18:00.644573" level="INFO">GET Request : url=https://randomuser.me/api 
 path_url=/api 
 headers={'User-Agent': 'python-requests/2.31.0', 'Accept-Encoding': 'gzip, deflate', 'Accept': '*/*', 'Connection': 'keep-alive'} 
 body=None 
 </msg>
<msg time="2024-05-15T16:18:00.644671" level="INFO">GET Response : url=https://randomuser.me/api 
 status=200, reason=OK 
 headers={'Date': 'Wed, 15 May 2024 16:18:00 GMT', 'Content-Type': 'application/json; charset=utf-8', 'Transfer-Encoding': 'chunked', 'Connection': 'keep-alive', 'X-Powered-By': 'Express', 'Access-Control-Allow-Origin': '*', 'Cache-Control': 'no-cache', 'ETag': 'W/"48b-F6GKl2lvHwA0KwHzO51AMqGn4Cg"', 'Vary': 'Accept-Encoding', 'Content-Encoding': 'gzip', 'CF-Cache-Status': 'DYNAMIC', 'Report-To': '{"endpoints":[{"url":"https:\\/\\/a.nel.cloudflare.com\\/report\\/v4?s=wP0Mbwgf5m3SU5H%2FZaMIXDDkvrSE29FsJOhlanEW8Y7sOaOror3Ypni18Gc3ZG23KJT%2F31AtfrIrQ6picOXra2m48dLIZdqiR5bmVDyJlVrsSgIHvSKsSA6zGOV9p1Vc"}],"group":"cf-nel","max_age":604800}', 'NEL': '{"success_fraction":0,"report_to":"cf-nel","max_age":604800}', 'Server': 'cloudflare', 'CF-RAY': '884471015a205934-IAD', 'alt-svc': 'h3=":443"; ma=86400'} 
 body={"results":[{"gender":"male","name":{"title":"Mr","first":"Tony","last":"Jimenez"},"location":{"street":{"number":7579,"name":"Groveland Terrace"},"city":"Aubrey","state":"Montana","country":"United States","postcode":70972,"coordinates":{"latitude":"84.7669","longitude":"-139.9015"},"timezone":{"offset":"-11:00","description":"Midway Island, Samoa"}},"email":"tony.jimenez@example.com","login":{"uuid":"e70c508a-818b-41b1-b1cc-d6eba16f9956","username":"silverpeacock876","password":"aaaaaaa","salt":"GgHReSep","md5":"97eb41fc8846894f006cf20a5eeb4fed","sha1":"3d01bd5c84e87586b7ea610648ccbd89de2bf8a8","sha256":"dc40c1d108c94329d6fda9ad314661979476a21394362b5c3047ac5b6f400e8e"},"dob":{"date":"1968-10-30T07:18:47.487Z","age":55},"registered":{"date":"2020-03-21T02:02:41.427Z","age":4},"phone":"(704) 966-3459","cell":"(628) 205-1294","id":{"name":"SSN","value":"627-12-0940"},"picture":{"large":"https://randomuser.me/api/portraits/men/71.jpg","medium":"https://randomuser.me/api/portraits/med/men/71.jpg","thumbnail":"https://randomuser.me/api/portraits/thumb/men/71.jpg"},"nat":"US"}],"info":{"seed":"fe216674c09f1083","results":1,"page":1,"version":"1.4"}} 
 </msg>
<msg time="2024-05-15T16:18:00.644798" level="INFO">/opt/hostedtoolcache/Python/3.12.3/x64/lib/python3.12/site-packages/urllib3/connectionpool.py:1103: InsecureRequestWarning: Unverified HTTPS request is being made to host 'randomuser.me'. Adding certificate verification is strongly advised. See: https://urllib3.readthedocs.io/en/latest/advanced-usage.html#tls-warnings
  warnings.warn(</msg>
<msg time="2024-05-15T16:18:00.644952" level="INFO">${response} = &lt;Response [200]&gt;</msg>
<var>${response}</var>
<arg>consultarAPI</arg>
<arg>/api</arg>
<doc>Sends a GET request on a previously created HTTP Session.</doc>
<status status="PASS" start="2024-05-15T16:18:00.537347" elapsed="0.107648"/>
</kw>
<kw name="Set Variable" owner="BuiltIn">
<msg time="2024-05-15T16:18:00.646022" level="INFO">${json_data} = {'results': [{'gender': 'male', 'name': {'title': 'Mr', 'first': 'Tony', 'last': 'Jimenez'}, 'location': {'street': {'number': 7579, 'name': 'Groveland Terrace'}, 'city': 'Aubrey', 'state': 'Montana',...</msg>
<var>${json_data}</var>
<arg>${response.json()}</arg>
<doc>Returns the given values which can then be assigned to a variables.</doc>
<status status="PASS" start="2024-05-15T16:18:00.645495" elapsed="0.000557"/>
</kw>
<kw name="Log" owner="BuiltIn">
<msg time="2024-05-15T16:18:00.646553" level="INFO">{'results': [{'gender': 'male', 'name': {'title': 'Mr', 'first': 'Tony', 'last': 'Jimenez'}, 'location': {'street': {'number': 7579, 'name': 'Groveland Terrace'}, 'city': 'Aubrey', 'state': 'Montana', 'country': 'United States', 'postcode': 70972, 'coordinates': {'latitude': '84.7669', 'longitude': '-139.9015'}, 'timezone': {'offset': '-11:00', 'description': 'Midway Island, Samoa'}}, 'email': 'tony.jimenez@example.com', 'login': {'uuid': 'e70c508a-818b-41b1-b1cc-d6eba16f9956', 'username': 'silverpeacock876', 'password': 'aaaaaaa', 'salt': 'GgHReSep', 'md5': '97eb41fc8846894f006cf20a5eeb4fed', 'sha1': '3d01bd5c84e87586b7ea610648ccbd89de2bf8a8', 'sha256': 'dc40c1d108c94329d6fda9ad314661979476a21394362b5c3047ac5b6f400e8e'}, 'dob': {'date': '1968-10-30T07:18:47.487Z', 'age': 55}, 'registered': {'date': '2020-03-21T02:02:41.427Z', 'age': 4}, 'phone': '(704) 966-3459', 'cell': '(628) 205-1294', 'id': {'name': 'SSN', 'value': '627-12-0940'}, 'picture': {'large': 'https://randomuser.me/api/portraits/men/71.jpg', 'medium': 'https://randomuser.me/api/portraits/med/men/71.jpg', 'thumbnail': 'https://randomuser.me/api/portraits/thumb/men/71.jpg'}, 'nat': 'US'}], 'info': {'seed': 'fe216674c09f1083', 'results': 1, 'page': 1, 'version': '1.4'}}</msg>
<arg>${json_data}</arg>
<doc>Logs the given message with the given level.</doc>
<status status="PASS" start="2024-05-15T16:18:00.646361" elapsed="0.000264"/>
</kw>
<kw name="Dictionary Should Contain Key" owner="Collections">
<msg time="2024-05-15T16:18:00.647097" level="INFO">False</msg>
<arg>${json_data}</arg>
<arg>results</arg>
<doc>Fails if ``key`` is not found from ``dictionary``.</doc>
<status status="PASS" start="2024-05-15T16:18:00.646931" elapsed="0.000205"/>
</kw>
<kw name="Should Not Be Empty" owner="BuiltIn">
<msg time="2024-05-15T16:18:00.647565" level="INFO">Length is 2.</msg>
<arg>${json_data}</arg>
<doc>Verifies that the given item is not empty.</doc>
<status status="PASS" start="2024-05-15T16:18:00.647434" elapsed="0.000339"/>
</kw>
<kw name="Create List" owner="BuiltIn">
<msg time="2024-05-15T16:18:00.648228" level="INFO">${expected_keys} = ['gender', 'name', 'location', 'email', 'login']</msg>
<var>${expected_keys}</var>
<arg>gender</arg>
<arg>name</arg>
<arg>location</arg>
<arg>email</arg>
<arg>login</arg>
<doc>Returns a list containing given items.</doc>
<status status="PASS" start="2024-05-15T16:18:00.648072" elapsed="0.000180"/>
</kw>
<for flavor="IN">
<iter>
<kw name="Dictionary Should Contain Key" owner="Collections">
<msg time="2024-05-15T16:18:00.649249" level="INFO">False</msg>
<arg>${json_data['results'][0]}</arg>
<arg>${key}</arg>
<doc>Fails if ``key`` is not found from ``dictionary``.</doc>
<status status="PASS" start="2024-05-15T16:18:00.648846" elapsed="0.000442"/>
</kw>
<kw name="Log" owner="BuiltIn">
<msg time="2024-05-15T16:18:00.649952" level="INFO">{'gender': 'male', 'name': {'title': 'Mr', 'first': 'Tony', 'last': 'Jimenez'}, 'location': {'street': {'number': 7579, 'name': 'Groveland Terrace'}, 'city': 'Aubrey', 'state': 'Montana', 'country': 'United States', 'postcode': 70972, 'coordinates': {'latitude': '84.7669', 'longitude': '-139.9015'}, 'timezone': {'offset': '-11:00', 'description': 'Midway Island, Samoa'}}, 'email': 'tony.jimenez@example.com', 'login': {'uuid': 'e70c508a-818b-41b1-b1cc-d6eba16f9956', 'username': 'silverpeacock876', 'password': 'aaaaaaa', 'salt': 'GgHReSep', 'md5': '97eb41fc8846894f006cf20a5eeb4fed', 'sha1': '3d01bd5c84e87586b7ea610648ccbd89de2bf8a8', 'sha256': 'dc40c1d108c94329d6fda9ad314661979476a21394362b5c3047ac5b6f400e8e'}, 'dob': {'date': '1968-10-30T07:18:47.487Z', 'age': 55}, 'registered': {'date': '2020-03-21T02:02:41.427Z', 'age': 4}, 'phone': '(704) 966-3459', 'cell': '(628) 205-1294', 'id': {'name': 'SSN', 'value': '627-12-0940'}, 'picture': {'large': 'https://randomuser.me/api/portraits/men/71.jpg', 'medium': 'https://randomuser.me/api/portraits/med/men/71.jpg', 'thumbnail': 'https://randomuser.me/api/portraits/thumb/men/71.jpg'}, 'nat': 'US'}</msg>
<arg>${json_data['results'][0]}</arg>
<doc>Logs the given message with the given level.</doc>
<status status="PASS" start="2024-05-15T16:18:00.649591" elapsed="0.000412"/>
</kw>
<kw name="Log" owner="BuiltIn">
<msg time="2024-05-15T16:18:00.650428" level="INFO">gender</msg>
<arg>${key}</arg>
<doc>Logs the given message with the given level.</doc>
<status status="PASS" start="2024-05-15T16:18:00.650301" elapsed="0.000165"/>
</kw>
<var name="${key}">gender</var>
<status status="PASS" start="2024-05-15T16:18:00.648712" elapsed="0.001993"/>
</iter>
<iter>
<kw name="Dictionary Should Contain Key" owner="Collections">
<msg time="2024-05-15T16:18:00.651392" level="INFO">False</msg>
<arg>${json_data['results'][0]}</arg>
<arg>${key}</arg>
<doc>Fails if ``key`` is not found from ``dictionary``.</doc>
<status status="PASS" start="2024-05-15T16:18:00.651009" elapsed="0.000422"/>
</kw>
<kw name="Log" owner="BuiltIn">
<msg time="2024-05-15T16:18:00.652123" level="INFO">{'gender': 'male', 'name': {'title': 'Mr', 'first': 'Tony', 'last': 'Jimenez'}, 'location': {'street': {'number': 7579, 'name': 'Groveland Terrace'}, 'city': 'Aubrey', 'state': 'Montana', 'country': 'United States', 'postcode': 70972, 'coordinates': {'latitude': '84.7669', 'longitude': '-139.9015'}, 'timezone': {'offset': '-11:00', 'description': 'Midway Island, Samoa'}}, 'email': 'tony.jimenez@example.com', 'login': {'uuid': 'e70c508a-818b-41b1-b1cc-d6eba16f9956', 'username': 'silverpeacock876', 'password': 'aaaaaaa', 'salt': 'GgHReSep', 'md5': '97eb41fc8846894f006cf20a5eeb4fed', 'sha1': '3d01bd5c84e87586b7ea610648ccbd89de2bf8a8', 'sha256': 'dc40c1d108c94329d6fda9ad314661979476a21394362b5c3047ac5b6f400e8e'}, 'dob': {'date': '1968-10-30T07:18:47.487Z', 'age': 55}, 'registered': {'date': '2020-03-21T02:02:41.427Z', 'age': 4}, 'phone': '(704) 966-3459', 'cell': '(628) 205-1294', 'id': {'name': 'SSN', 'value': '627-12-0940'}, 'picture': {'large': 'https://randomuser.me/api/portraits/men/71.jpg', 'medium': 'https://randomuser.me/api/portraits/med/men/71.jpg', 'thumbnail': 'https://randomuser.me/api/portraits/thumb/men/71.jpg'}, 'nat': 'US'}</msg>
<arg>${json_data['results'][0]}</arg>
<doc>Logs the given message with the given level.</doc>
<status status="PASS" start="2024-05-15T16:18:00.651764" elapsed="0.000417"/>
</kw>
<kw name="Log" owner="BuiltIn">
<msg time="2024-05-15T16:18:00.652605" level="INFO">name</msg>
<arg>${key}</arg>
<doc>Logs the given message with the given level.</doc>
<status status="PASS" start="2024-05-15T16:18:00.652478" elapsed="0.000164"/>
</kw>
<var name="${key}">name</var>
<status status="PASS" start="2024-05-15T16:18:00.650894" elapsed="0.001965"/>
</iter>
<iter>
<kw name="Dictionary Should Contain Key" owner="Collections">
<msg time="2024-05-15T16:18:00.653530" level="INFO">False</msg>
<arg>${json_data['results'][0]}</arg>
<arg>${key}</arg>
<doc>Fails if ``key`` is not found from ``dictionary``.</doc>
<status status="PASS" start="2024-05-15T16:18:00.653149" elapsed="0.000419"/>
</kw>
<kw name="Log" owner="BuiltIn">
<msg time="2024-05-15T16:18:00.654225" level="INFO">{'gender': 'male', 'name': {'title': 'Mr', 'first': 'Tony', 'last': 'Jimenez'}, 'location': {'street': {'number': 7579, 'name': 'Groveland Terrace'}, 'city': 'Aubrey', 'state': 'Montana', 'country': 'United States', 'postcode': 70972, 'coordinates': {'latitude': '84.7669', 'longitude': '-139.9015'}, 'timezone': {'offset': '-11:00', 'description': 'Midway Island, Samoa'}}, 'email': 'tony.jimenez@example.com', 'login': {'uuid': 'e70c508a-818b-41b1-b1cc-d6eba16f9956', 'username': 'silverpeacock876', 'password': 'aaaaaaa', 'salt': 'GgHReSep', 'md5': '97eb41fc8846894f006cf20a5eeb4fed', 'sha1': '3d01bd5c84e87586b7ea610648ccbd89de2bf8a8', 'sha256': 'dc40c1d108c94329d6fda9ad314661979476a21394362b5c3047ac5b6f400e8e'}, 'dob': {'date': '1968-10-30T07:18:47.487Z', 'age': 55}, 'registered': {'date': '2020-03-21T02:02:41.427Z', 'age': 4}, 'phone': '(704) 966-3459', 'cell': '(628) 205-1294', 'id': {'name': 'SSN', 'value': '627-12-0940'}, 'picture': {'large': 'https://randomuser.me/api/portraits/men/71.jpg', 'medium': 'https://randomuser.me/api/portraits/med/men/71.jpg', 'thumbnail': 'https://randomuser.me/api/portraits/thumb/men/71.jpg'}, 'nat': 'US'}</msg>
<arg>${json_data['results'][0]}</arg>
<doc>Logs the given message with the given level.</doc>
<status status="PASS" start="2024-05-15T16:18:00.653863" elapsed="0.000411"/>
</kw>
<kw name="Log" owner="BuiltIn">
<msg time="2024-05-15T16:18:00.654757" level="INFO">location</msg>
<arg>${key}</arg>
<doc>Logs the given message with the given level.</doc>
<status status="PASS" start="2024-05-15T16:18:00.654623" elapsed="0.000172"/>
</kw>
<var name="${key}">location</var>
<status status="PASS" start="2024-05-15T16:18:00.653037" elapsed="0.001993"/>
</iter>
<iter>
<kw name="Dictionary Should Contain Key" owner="Collections">
<msg time="2024-05-15T16:18:00.655699" level="INFO">False</msg>
<arg>${json_data['results'][0]}</arg>
<arg>${key}</arg>
<doc>Fails if ``key`` is not found from ``dictionary``.</doc>
<status status="PASS" start="2024-05-15T16:18:00.655317" elapsed="0.000420"/>
</kw>
<kw name="Log" owner="BuiltIn">
<msg time="2024-05-15T16:18:00.656387" level="INFO">{'gender': 'male', 'name': {'title': 'Mr', 'first': 'Tony', 'last': 'Jimenez'}, 'location': {'street': {'number': 7579, 'name': 'Groveland Terrace'}, 'city': 'Aubrey', 'state': 'Montana', 'country': 'United States', 'postcode': 70972, 'coordinates': {'latitude': '84.7669', 'longitude': '-139.9015'}, 'timezone': {'offset': '-11:00', 'description': 'Midway Island, Samoa'}}, 'email': 'tony.jimenez@example.com', 'login': {'uuid': 'e70c508a-818b-41b1-b1cc-d6eba16f9956', 'username': 'silverpeacock876', 'password': 'aaaaaaa', 'salt': 'GgHReSep', 'md5': '97eb41fc8846894f006cf20a5eeb4fed', 'sha1': '3d01bd5c84e87586b7ea610648ccbd89de2bf8a8', 'sha256': 'dc40c1d108c94329d6fda9ad314661979476a21394362b5c3047ac5b6f400e8e'}, 'dob': {'date': '1968-10-30T07:18:47.487Z', 'age': 55}, 'registered': {'date': '2020-03-21T02:02:41.427Z', 'age': 4}, 'phone': '(704) 966-3459', 'cell': '(628) 205-1294', 'id': {'name': 'SSN', 'value': '627-12-0940'}, 'picture': {'large': 'https://randomuser.me/api/portraits/men/71.jpg', 'medium': 'https://randomuser.me/api/portraits/med/men/71.jpg', 'thumbnail': 'https://randomuser.me/api/portraits/thumb/men/71.jpg'}, 'nat': 'US'}</msg>
<arg>${json_data['results'][0]}</arg>
<doc>Logs the given message with the given level.</doc>
<status status="PASS" start="2024-05-15T16:18:00.656033" elapsed="0.000403"/>
</kw>
<kw name="Log" owner="BuiltIn">
<msg time="2024-05-15T16:18:00.656856" level="INFO">email</msg>
<arg>${key}</arg>
<doc>Logs the given message with the given level.</doc>
<status status="PASS" start="2024-05-15T16:18:00.656729" elapsed="0.000164"/>
</kw>
<var name="${key}">email</var>
<status status="PASS" start="2024-05-15T16:18:00.655206" elapsed="0.001902"/>
</iter>
<iter>
<kw name="Dictionary Should Contain Key" owner="Collections">
<msg time="2024-05-15T16:18:00.657774" level="INFO">False</msg>
<arg>${json_data['results'][0]}</arg>
<arg>${key}</arg>
<doc>Fails if ``key`` is not found from ``dictionary``.</doc>
<status status="PASS" start="2024-05-15T16:18:00.657392" elapsed="0.000419"/>
</kw>
<kw name="Log" owner="BuiltIn">
<msg time="2024-05-15T16:18:00.658471" level="INFO">{'gender': 'male', 'name': {'title': 'Mr', 'first': 'Tony', 'last': 'Jimenez'}, 'location': {'street': {'number': 7579, 'name': 'Groveland Terrace'}, 'city': 'Aubrey', 'state': 'Montana', 'country': 'United States', 'postcode': 70972, 'coordinates': {'latitude': '84.7669', 'longitude': '-139.9015'}, 'timezone': {'offset': '-11:00', 'description': 'Midway Island, Samoa'}}, 'email': 'tony.jimenez@example.com', 'login': {'uuid': 'e70c508a-818b-41b1-b1cc-d6eba16f9956', 'username': 'silverpeacock876', 'password': 'aaaaaaa', 'salt': 'GgHReSep', 'md5': '97eb41fc8846894f006cf20a5eeb4fed', 'sha1': '3d01bd5c84e87586b7ea610648ccbd89de2bf8a8', 'sha256': 'dc40c1d108c94329d6fda9ad314661979476a21394362b5c3047ac5b6f400e8e'}, 'dob': {'date': '1968-10-30T07:18:47.487Z', 'age': 55}, 'registered': {'date': '2020-03-21T02:02:41.427Z', 'age': 4}, 'phone': '(704) 966-3459', 'cell': '(628) 205-1294', 'id': {'name': 'SSN', 'value': '627-12-0940'}, 'picture': {'large': 'https://randomuser.me/api/portraits/men/71.jpg', 'medium': 'https://randomuser.me/api/portraits/med/men/71.jpg', 'thumbnail': 'https://randomuser.me/api/portraits/thumb/men/71.jpg'}, 'nat': 'US'}</msg>
<arg>${json_data['results'][0]}</arg>
<doc>Logs the given message with the given level.</doc>
<status status="PASS" start="2024-05-15T16:18:00.658104" elapsed="0.000434"/>
</kw>
<kw name="Log" owner="BuiltIn">
<msg time="2024-05-15T16:18:00.658976" level="INFO">login</msg>
<arg>${key}</arg>
<doc>Logs the given message with the given level.</doc>
<status status="PASS" start="2024-05-15T16:18:00.658848" elapsed="0.000167"/>
</kw>
<var name="${key}">login</var>
<status status="PASS" start="2024-05-15T16:18:00.657280" elapsed="0.001979"/>
</iter>
<var>${key}</var>
<value>@{expected_keys}</value>
<status status="PASS" start="2024-05-15T16:18:00.648515" elapsed="0.010872"/>
</for>
<kw name="Create List" owner="BuiltIn">
<msg time="2024-05-15T16:18:00.659717" level="INFO">${expected_keysTwo} = ['username', 'password']</msg>
<var>${expected_keysTwo}</var>
<arg>username</arg>
<arg>password</arg>
<doc>Returns a list containing given items.</doc>
<status status="PASS" start="2024-05-15T16:18:00.659582" elapsed="0.000158"/>
</kw>
<for flavor="IN">
<iter>
<kw name="Dictionary Should Contain Key" owner="Collections">
<msg time="2024-05-15T16:18:00.660618" level="INFO">False</msg>
<arg>${json_data['results'][0]['login']}</arg>
<arg>${keyTwo}</arg>
<doc>Fails if ``key`` is not found from ``dictionary``.</doc>
<status status="PASS" start="2024-05-15T16:18:00.660236" elapsed="0.000419"/>
</kw>
<kw name="Dictionary Should Contain Key" owner="Collections">
<msg time="2024-05-15T16:18:00.661322" level="INFO">False</msg>
<arg>${json_data['results'][0]['login']}</arg>
<arg>${keyTwo}</arg>
<doc>Fails if ``key`` is not found from ``dictionary``.</doc>
<status status="PASS" start="2024-05-15T16:18:00.660949" elapsed="0.000410"/>
</kw>
<kw name="Log" owner="BuiltIn">
<msg time="2024-05-15T16:18:00.661774" level="INFO">username</msg>
<arg>${keyTwo}</arg>
<doc>Logs the given message with the given level.</doc>
<status status="PASS" start="2024-05-15T16:18:00.661650" elapsed="0.000166"/>
</kw>
<var name="${keyTwo}">username</var>
<status status="PASS" start="2024-05-15T16:18:00.660128" elapsed="0.001903"/>
</iter>
<iter>
<kw name="Dictionary Should Contain Key" owner="Collections">
<msg time="2024-05-15T16:18:00.662812" level="INFO">False</msg>
<arg>${json_data['results'][0]['login']}</arg>
<arg>${keyTwo}</arg>
<doc>Fails if ``key`` is not found from ``dictionary``.</doc>
<status status="PASS" start="2024-05-15T16:18:00.662310" elapsed="0.000544"/>
</kw>
<kw name="Dictionary Should Contain Key" owner="Collections">
<msg time="2024-05-15T16:18:00.663536" level="INFO">False</msg>
<arg>${json_data['results'][0]['login']}</arg>
<arg>${keyTwo}</arg>
<doc>Fails if ``key`` is not found from ``dictionary``.</doc>
<status status="PASS" start="2024-05-15T16:18:00.663158" elapsed="0.000416"/>
</kw>
<kw name="Log" owner="BuiltIn">
<msg time="2024-05-15T16:18:00.663993" level="INFO">password</msg>
<arg>${keyTwo}</arg>
<doc>Logs the given message with the given level.</doc>
<status status="PASS" start="2024-05-15T16:18:00.663865" elapsed="0.000165"/>
</kw>
<var name="${keyTwo}">password</var>
<status status="PASS" start="2024-05-15T16:18:00.662202" elapsed="0.002040"/>
</iter>
<var>${keyTwo}</var>
<value>@{expected_keysTwo}</value>
<status status="PASS" start="2024-05-15T16:18:00.659977" elapsed="0.004386"/>
</for>
<status status="PASS" start="2024-05-15T16:18:00.537108" elapsed="0.127397"/>
</kw>
<doc>Testa a estrutura da resposta da API.</doc>
<tag>testeEstruturaResposta</tag>
<status status="PASS" start="2024-05-15T16:18:00.536614" elapsed="0.128051"/>
</test>
<test id="s1-s1-t4" name="Validar tipos de dados" line="28">
<kw name="Teste de Tipos de Dados" owner="random-user-service">
<kw name="GET On Session" owner="RequestsLibrary">
<msg time="2024-05-15T16:18:00.743964" level="INFO">GET Request : url=https://randomuser.me/api 
 path_url=/api 
 headers={'User-Agent': 'python-requests/2.31.0', 'Accept-Encoding': 'gzip, deflate', 'Accept': '*/*', 'Connection': 'keep-alive'} 
 body=None 
 </msg>
<msg time="2024-05-15T16:18:00.744063" level="INFO">GET Response : url=https://randomuser.me/api 
 status=200, reason=OK 
 headers={'Date': 'Wed, 15 May 2024 16:18:00 GMT', 'Content-Type': 'application/json; charset=utf-8', 'Transfer-Encoding': 'chunked', 'Connection': 'keep-alive', 'X-Powered-By': 'Express', 'Access-Control-Allow-Origin': '*', 'Cache-Control': 'no-cache', 'ETag': 'W/"4a1-PS3O1VnL+L4NU3el2DjYYCRaLCU"', 'Vary': 'Accept-Encoding', 'Content-Encoding': 'gzip', 'CF-Cache-Status': 'DYNAMIC', 'Report-To': '{"endpoints":[{"url":"https:\\/\\/a.nel.cloudflare.com\\/report\\/v4?s=saP%2FiDmF2jv9UglDJ2T9Zau9sg1YxqgTbc2tUPs1oXl5z4KcF4BodBj3SWRjimgvsBIFEHkfUVB233aLkEl0%2FkWS7nJJ5EZLTBXVHMNOm%2FGIzjuToNeIZzalSstduGEd"}],"group":"cf-nel","max_age":604800}', 'NEL': '{"success_fraction":0,"report_to":"cf-nel","max_age":604800}', 'Server': 'cloudflare', 'CF-RAY': '884471022b025934-IAD', 'alt-svc': 'h3=":443"; ma=86400'} 
 body={"results":[{"gender":"female","name":{"title":"Miss","first":"Melissa","last":"Wiens"},"location":{"street":{"number":5172,"name":"Tannenweg"},"city":"Bad Schandau","state":"Sachsen","country":"Germany","postcode":53286,"coordinates":{"latitude":"-49.2092","longitude":"123.4397"},"timezone":{"offset":"+1:00","description":"Brussels, Copenhagen, Madrid, Paris"}},"email":"melissa.wiens@example.com","login":{"uuid":"bf378e1c-7aee-48c8-b06c-115afd774e75","username":"silverbutterfly174","password":"hello123","salt":"O56GUH9a","md5":"fba99d56e6972015e9a1048682035271","sha1":"062e68694ffdc1e4eb87ad38a5c090b7a0c03391","sha256":"4647e1884a1a7d679de86f119c80b19a0d55a660dc6f95da9b29fef6f4c6f513"},"dob":{"date":"1964-12-01T06:35:42.980Z","age":59},"registered":{"date":"2015-01-07T05:25:10.804Z","age":9},"phone":"0844-2943142","cell":"0178-5943616","id":{"name":"SVNR","value":"58 011264 W 896"},"picture":{"large":"https://randomuser.me/api/portraits/women/91.jpg","medium":"https://randomuser.me/api/portraits/med/women/91.jpg","thumbnail":"https://randomuser.me/api/portraits/thumb/women/91.jpg"},"nat":"DE"}],"info":{"seed":"ef0e2cbfb813b0bb","results":1,"page":1,"version":"1.4"}} 
 </msg>
<msg time="2024-05-15T16:18:00.744133" level="INFO">/opt/hostedtoolcache/Python/3.12.3/x64/lib/python3.12/site-packages/urllib3/connectionpool.py:1103: InsecureRequestWarning: Unverified HTTPS request is being made to host 'randomuser.me'. Adding certificate verification is strongly advised. See: https://urllib3.readthedocs.io/en/latest/advanced-usage.html#tls-warnings
  warnings.warn(</msg>
<msg time="2024-05-15T16:18:00.744267" level="INFO">${response} = &lt;Response [200]&gt;</msg>
<var>${response}</var>
<arg>consultarAPI</arg>
<arg>/api</arg>
<doc>Sends a GET request on a previously created HTTP Session.</doc>
<status status="PASS" start="2024-05-15T16:18:00.667212" elapsed="0.077093"/>
</kw>
<kw name="Set Variable" owner="BuiltIn">
<msg time="2024-05-15T16:18:00.745324" level="INFO">${json_data} = {'results': [{'gender': 'female', 'name': {'title': 'Miss', 'first': 'Melissa', 'last': 'Wiens'}, 'location': {'street': {'number': 5172, 'name': 'Tannenweg'}, 'city': 'Bad Schandau', 'state': 'Sachse...</msg>
<var>${json_data}</var>
<arg>${response.json()}</arg>
<doc>Returns the given values which can then be assigned to a variables.</doc>
<status status="PASS" start="2024-05-15T16:18:00.744805" elapsed="0.000550"/>
</kw>
<kw name="Log" owner="BuiltIn">
<msg time="2024-05-15T16:18:00.745818" level="INFO">{'results': [{'gender': 'female', 'name': {'title': 'Miss', 'first': 'Melissa', 'last': 'Wiens'}, 'location': {'street': {'number': 5172, 'name': 'Tannenweg'}, 'city': 'Bad Schandau', 'state': 'Sachsen', 'country': 'Germany', 'postcode': 53286, 'coordinates': {'latitude': '-49.2092', 'longitude': '123.4397'}, 'timezone': {'offset': '+1:00', 'description': 'Brussels, Copenhagen, Madrid, Paris'}}, 'email': 'melissa.wiens@example.com', 'login': {'uuid': 'bf378e1c-7aee-48c8-b06c-115afd774e75', 'username': 'silverbutterfly174', 'password': 'hello123', 'salt': 'O56GUH9a', 'md5': 'fba99d56e6972015e9a1048682035271', 'sha1': '062e68694ffdc1e4eb87ad38a5c090b7a0c03391', 'sha256': '4647e1884a1a7d679de86f119c80b19a0d55a660dc6f95da9b29fef6f4c6f513'}, 'dob': {'date': '1964-12-01T06:35:42.980Z', 'age': 59}, 'registered': {'date': '2015-01-07T05:25:10.804Z', 'age': 9}, 'phone': '0844-2943142', 'cell': '0178-5943616', 'id': {'name': 'SVNR', 'value': '58 011264 W 896'}, 'picture': {'large': 'https://randomuser.me/api/portraits/women/91.jpg', 'medium': 'https://randomuser.me/api/portraits/med/women/91.jpg', 'thumbnail': 'https://randomuser.me/api/portraits/thumb/women/91.jpg'}, 'nat': 'DE'}], 'info': {'seed': 'ef0e2cbfb813b0bb', 'results': 1, 'page': 1, 'version': '1.4'}}</msg>
<arg>${json_data}</arg>
<doc>Logs the given message with the given level.</doc>
<status status="PASS" start="2024-05-15T16:18:00.745662" elapsed="0.000241"/>
</kw>
<kw name="Should Be String" owner="String">
<arg>${json_data['results'][0]['gender']}</arg>
<doc>Fails if the given ``item`` is not a string.</doc>
<status status="PASS" start="2024-05-15T16:18:00.746206" elapsed="0.000401"/>
</kw>
<kw name="Should Match Regexp" owner="BuiltIn">
<arg>${json_data['results'][0]['email']}</arg>
<arg>^[a-zA-Z0-9._%+-]+@[a-zA-Z0-9.-]+\.[a-zA-Z]{2,}$</arg>
<doc>Fails if ``string`` does not match ``pattern`` as a regular expression.</doc>
<status status="PASS" start="2024-05-15T16:18:00.746810" elapsed="0.000519"/>
</kw>
<kw name="Should Match Regexp" owner="BuiltIn">
<arg>${json_data['results'][0]['dob']['date']}</arg>
<arg>\\d{4}-\\d{2}-\\d{2}T\\d{2}:\\d{2}:\\d{2}\\.\\d{3}Z</arg>
<doc>Fails if ``string`` does not match ``pattern`` as a regular expression.</doc>
<status status="PASS" start="2024-05-15T16:18:00.747527" elapsed="0.000497"/>
</kw>
<kw name="Should Match Regexp" owner="BuiltIn">
<arg>${json_data['results'][0]['registered']['date']}</arg>
<arg>\\d{4}-\\d{2}-\\d{2}T\\d{2}:\\d{2}:\\d{2}\\.\\d{3}Z</arg>
<doc>Fails if ``string`` does not match ``pattern`` as a regular expression.</doc>
<status status="PASS" start="2024-05-15T16:18:00.748221" elapsed="0.000367"/>
</kw>
<kw name="Should Match Regexp" owner="BuiltIn">
<arg>${json_data['results'][0]['picture']['large']}</arg>
<arg>^https?://.*\.(?:png|jpe?g|gif|bmp)$</arg>
<doc>Fails if ``string`` does not match ``pattern`` as a regular expression.</doc>
<status status="PASS" start="2024-05-15T16:18:00.748783" elapsed="0.000465"/>
</kw>
<kw name="Should Match Regexp" owner="BuiltIn">
<arg>${json_data['results'][0]['picture']['medium']}</arg>
<arg>^https?://.*\.(?:png|jpe?g|gif|bmp)$</arg>
<doc>Fails if ``string`` does not match ``pattern`` as a regular expression.</doc>
<status status="PASS" start="2024-05-15T16:18:00.749439" elapsed="0.000357"/>
</kw>
<kw name="Should Match Regexp" owner="BuiltIn">
<arg>${json_data['results'][0]['picture']['thumbnail']}</arg>
<arg>^https?://.*\.(?:png|jpe?g|gif|bmp)$</arg>
<doc>Fails if ``string`` does not match ``pattern`` as a regular expression.</doc>
<status status="PASS" start="2024-05-15T16:18:00.749991" elapsed="0.000350"/>
</kw>
<kw name="Log" owner="BuiltIn">
<msg time="2024-05-15T16:18:00.750921" level="INFO">{'large': 'https://randomuser.me/api/portraits/women/91.jpg', 'medium': 'https://randomuser.me/api/portraits/med/women/91.jpg', 'thumbnail': 'https://randomuser.me/api/portraits/thumb/women/91.jpg'}</msg>
<arg>${json_data['results'][0]['picture']}</arg>
<doc>Logs the given message with the given level.</doc>
<status status="PASS" start="2024-05-15T16:18:00.750562" elapsed="0.000404"/>
</kw>
<status status="PASS" start="2024-05-15T16:18:00.666975" elapsed="0.084252"/>
</kw>
<kw name="Teste de Tipos de Dados - Postcode" owner="random-user-service">
<kw name="GET On Session" owner="RequestsLibrary">
<msg time="2024-05-15T16:18:00.834564" level="INFO">GET Request : url=https://randomuser.me/api 
 path_url=/api 
 headers={'User-Agent': 'python-requests/2.31.0', 'Accept-Encoding': 'gzip, deflate', 'Accept': '*/*', 'Connection': 'keep-alive'} 
 body=None 
 </msg>
<msg time="2024-05-15T16:18:00.834664" level="INFO">GET Response : url=https://randomuser.me/api 
 status=200, reason=OK 
 headers={'Date': 'Wed, 15 May 2024 16:18:00 GMT', 'Content-Type': 'application/json; charset=utf-8', 'Transfer-Encoding': 'chunked', 'Connection': 'keep-alive', 'X-Powered-By': 'Express', 'Access-Control-Allow-Origin': '*', 'Cache-Control': 'no-cache', 'ETag': 'W/"47f-Fz/WhsDVaThgn7LPVAjRlCW0GMM"', 'Vary': 'Accept-Encoding', 'Content-Encoding': 'gzip', 'CF-Cache-Status': 'DYNAMIC', 'Report-To': '{"endpoints":[{"url":"https:\\/\\/a.nel.cloudflare.com\\/report\\/v4?s=EhDxU%2Fn0dnBI7CXBgDiEe4lTgrhyV5JyGjlAwIDkAZ8BNVTv4BeFojsfr6uEeFbNXxtR5zP5hUiBSquw7mnOLwm03p2kStTFAx9n6oVnsCmXnrA53S%2FhCEQgfKHqk9tI"}],"group":"cf-nel","max_age":604800}', 'NEL': '{"success_fraction":0,"report_to":"cf-nel","max_age":604800}', 'Server': 'cloudflare', 'CF-RAY': '88447102bb835934-IAD', 'alt-svc': 'h3=":443"; ma=86400'} 
 body={"results":[{"gender":"female","name":{"title":"Ms","first":"Samantha","last":"White"},"location":{"street":{"number":2391,"name":"East Tamaki Road"},"city":"Invercargill","state":"Auckland","country":"New Zealand","postcode":74016,"coordinates":{"latitude":"55.3484","longitude":"1.3151"},"timezone":{"offset":"-3:30","description":"Newfoundland"}},"email":"samantha.white@example.com","login":{"uuid":"ddf43350-b812-4768-bc52-5264f5d902a6","username":"blackfrog218","password":"female","salt":"IdiCAFmW","md5":"6fcccb819a27d9488bb31db4d3a71a90","sha1":"540bfa19626ba42c9ad8acb0ce83a286d57b2ba0","sha256":"fe14b7834706ebdb52348d91645890069f9fb93330949500278af71e830b78b9"},"dob":{"date":"1966-11-21T18:17:15.615Z","age":57},"registered":{"date":"2008-06-24T00:09:32.447Z","age":15},"phone":"(385)-016-4748","cell":"(667)-316-5283","id":{"name":"","value":null},"picture":{"large":"https://randomuser.me/api/portraits/women/91.jpg","medium":"https://randomuser.me/api/portraits/med/women/91.jpg","thumbnail":"https://randomuser.me/api/portraits/thumb/women/91.jpg"},"nat":"NZ"}],"info":{"seed":"dee37c7cfa6da4a6","results":1,"page":1,"version":"1.4"}} 
 </msg>
<msg time="2024-05-15T16:18:00.834738" level="INFO">/opt/hostedtoolcache/Python/3.12.3/x64/lib/python3.12/site-packages/urllib3/connectionpool.py:1103: InsecureRequestWarning: Unverified HTTPS request is being made to host 'randomuser.me'. Adding certificate verification is strongly advised. See: https://urllib3.readthedocs.io/en/latest/advanced-usage.html#tls-warnings
  warnings.warn(</msg>
<msg time="2024-05-15T16:18:00.834847" level="INFO">${response} = &lt;Response [200]&gt;</msg>
<var>${response}</var>
<arg>consultarAPI</arg>
<arg>/api</arg>
<doc>Sends a GET request on a previously created HTTP Session.</doc>
<status status="PASS" start="2024-05-15T16:18:00.751698" elapsed="0.083189"/>
</kw>
<kw name="Set Variable" owner="BuiltIn">
<msg time="2024-05-15T16:18:00.835839" level="INFO">${json_data} = {'results': [{'gender': 'female', 'name': {'title': 'Ms', 'first': 'Samantha', 'last': 'White'}, 'location': {'street': {'number': 2391, 'name': 'East Tamaki Road'}, 'city': 'Invercargill', 'state': '...</msg>
<var>${json_data}</var>
<arg>${response.json()}</arg>
<doc>Returns the given values which can then be assigned to a variables.</doc>
<status status="PASS" start="2024-05-15T16:18:00.835342" elapsed="0.000526"/>
</kw>
<kw name="Log" owner="BuiltIn">
<msg time="2024-05-15T16:18:00.836329" level="INFO">{'results': [{'gender': 'female', 'name': {'title': 'Ms', 'first': 'Samantha', 'last': 'White'}, 'location': {'street': {'number': 2391, 'name': 'East Tamaki Road'}, 'city': 'Invercargill', 'state': 'Auckland', 'country': 'New Zealand', 'postcode': 74016, 'coordinates': {'latitude': '55.3484', 'longitude': '1.3151'}, 'timezone': {'offset': '-3:30', 'description': 'Newfoundland'}}, 'email': 'samantha.white@example.com', 'login': {'uuid': 'ddf43350-b812-4768-bc52-5264f5d902a6', 'username': 'blackfrog218', 'password': 'female', 'salt': 'IdiCAFmW', 'md5': '6fcccb819a27d9488bb31db4d3a71a90', 'sha1': '540bfa19626ba42c9ad8acb0ce83a286d57b2ba0', 'sha256': 'fe14b7834706ebdb52348d91645890069f9fb93330949500278af71e830b78b9'}, 'dob': {'date': '1966-11-21T18:17:15.615Z', 'age': 57}, 'registered': {'date': '2008-06-24T00:09:32.447Z', 'age': 15}, 'phone': '(385)-016-4748', 'cell': '(667)-316-5283', 'id': {'name': '', 'value': None}, 'picture': {'large': 'https://randomuser.me/api/portraits/women/91.jpg', 'medium': 'https://randomuser.me/api/portraits/med/women/91.jpg', 'thumbnail': 'https://randomuser.me/api/portraits/thumb/women/91.jpg'}, 'nat': 'NZ'}], 'info': {'seed': 'dee37c7cfa6da4a6', 'results': 1, 'page': 1, 'version': '1.4'}}</msg>
<arg>${json_data}</arg>
<doc>Logs the given message with the given level.</doc>
<status status="PASS" start="2024-05-15T16:18:00.836177" elapsed="0.000233"/>
</kw>
<kw name="Should Be Equal As Numbers" owner="BuiltIn">
<arg>${json_data['results'][0]['location']['postcode']}</arg>
<arg>${json_data['results'][0]['location']['postcode']}</arg>
<doc>Fails if objects are unequal after converting them to real numbers.</doc>
<status status="PASS" start="2024-05-15T16:18:00.836880" elapsed="0.000623"/>
</kw>
<kw name="Log" owner="BuiltIn">
<msg time="2024-05-15T16:18:00.838022" level="INFO">74016</msg>
<arg>${json_data['results'][0]['location']['postcode']}</arg>
<doc>Logs the given message with the given level.</doc>
<status status="PASS" start="2024-05-15T16:18:00.837693" elapsed="0.000370"/>
</kw>
<status status="PASS" start="2024-05-15T16:18:00.751461" elapsed="0.086854"/>
</kw>
<doc>Testa se os tipos de dados na resposta da API estão corretos.</doc>
<tag>testeTiposDados</tag>
<status status="PASS" start="2024-05-15T16:18:00.666437" elapsed="0.172046"/>
</test>
<test id="s1-s1-t5" name="Validar conteudo" line="35">
<kw name="Teste de Tipos de Conteudo" owner="random-user-service">
<kw name="GET On Session" owner="RequestsLibrary">
<msg time="2024-05-15T16:18:00.935655" level="INFO">GET Request : url=https://randomuser.me/api 
 path_url=/api 
 headers={'User-Agent': 'python-requests/2.31.0', 'Accept-Encoding': 'gzip, deflate', 'Accept': '*/*', 'Connection': 'keep-alive'} 
 body=None 
 </msg>
<msg time="2024-05-15T16:18:00.935754" level="INFO">GET Response : url=https://randomuser.me/api 
 status=200, reason=OK 
 headers={'Date': 'Wed, 15 May 2024 16:18:00 GMT', 'Content-Type': 'application/json; charset=utf-8', 'Transfer-Encoding': 'chunked', 'Connection': 'keep-alive', 'X-Powered-By': 'Express', 'Access-Control-Allow-Origin': '*', 'Cache-Control': 'no-cache', 'ETag': 'W/"488-5jxypU4Ii8kAuB3oEsSZMcUQwwA"', 'Vary': 'Accept-Encoding', 'Content-Encoding': 'gzip', 'CF-Cache-Status': 'DYNAMIC', 'Report-To': '{"endpoints":[{"url":"https:\\/\\/a.nel.cloudflare.com\\/report\\/v4?s=hErV0YF8g3cINxFXzgLCQFSGKbZ2Uv4SrGazqe0LkFBNZvm2d2j2QbkddcPOFAr5IuEqncRJvljb68pzgXp54RJloQOMzHMe7ZFvgqUegoAnj6qvsTTtITZDfJn%2FSCkm"}],"group":"cf-nel","max_age":604800}', 'NEL': '{"success_fraction":0,"report_to":"cf-nel","max_age":604800}', 'Server': 'cloudflare', 'CF-RAY': '884471034c175934-IAD', 'alt-svc': 'h3=":443"; ma=86400'} 
 body={"results":[{"gender":"male","name":{"title":"Mr","first":"Owen","last":"Young"},"location":{"street":{"number":4145,"name":"9th St"},"city":"Delta","state":"Nova Scotia","country":"Canada","postcode":"T6X 0V7","coordinates":{"latitude":"-66.3449","longitude":"-163.8567"},"timezone":{"offset":"-5:00","description":"Eastern Time (US &amp; Canada), Bogota, Lima"}},"email":"owen.young@example.com","login":{"uuid":"bf461480-dcd2-46f6-8b7a-6ee6c1346285","username":"lazyostrich467","password":"quantum","salt":"2VYjy7xs","md5":"98c23c9de65c1ad62ab51a0c93661cc9","sha1":"70138c5a902c7094aac2539aca65f0fda29f660d","sha256":"86316a241c65601e6ca515f16a83fe44cadcdf3e52d12389672d53e1f7b8771c"},"dob":{"date":"1994-10-14T18:09:03.368Z","age":29},"registered":{"date":"2020-10-27T00:04:48.489Z","age":3},"phone":"U12 I41-5372","cell":"K56 C99-3824","id":{"name":"SIN","value":"168563799"},"picture":{"large":"https://randomuser.me/api/portraits/men/41.jpg","medium":"https://randomuser.me/api/portraits/med/men/41.jpg","thumbnail":"https://randomuser.me/api/portraits/thumb/men/41.jpg"},"nat":"CA"}],"info":{"seed":"f3f6afcdb5fc7781","results":1,"page":1,"version":"1.4"}} 
 </msg>
<msg time="2024-05-15T16:18:00.935824" level="INFO">/opt/hostedtoolcache/Python/3.12.3/x64/lib/python3.12/site-packages/urllib3/connectionpool.py:1103: InsecureRequestWarning: Unverified HTTPS request is being made to host 'randomuser.me'. Adding certificate verification is strongly advised. See: https://urllib3.readthedocs.io/en/latest/advanced-usage.html#tls-warnings
  warnings.warn(</msg>
<msg time="2024-05-15T16:18:00.935941" level="INFO">${response} = &lt;Response [200]&gt;</msg>
<var>${response}</var>
<arg>consultarAPI</arg>
<arg>/api</arg>
<doc>Sends a GET request on a previously created HTTP Session.</doc>
<status status="PASS" start="2024-05-15T16:18:00.840963" elapsed="0.095017"/>
</kw>
<kw name="Set Variable" owner="BuiltIn">
<msg time="2024-05-15T16:18:00.937022" level="INFO">${json_data} = {'results': [{'gender': 'male', 'name': {'title': 'Mr', 'first': 'Owen', 'last': 'Young'}, 'location': {'street': {'number': 4145, 'name': '9th St'}, 'city': 'Delta', 'state': 'Nova Scotia', 'country'...</msg>
<var>${json_data}</var>
<arg>${response.json()}</arg>
<doc>Returns the given values which can then be assigned to a variables.</doc>
<status status="PASS" start="2024-05-15T16:18:00.936503" elapsed="0.000547"/>
</kw>
<kw name="Set Variable" owner="BuiltIn">
<msg time="2024-05-15T16:18:00.937744" level="INFO">${name_title} = Mr</msg>
<var>${name_title}</var>
<arg>${json_data["results"][0]["name"]["title"]}</arg>
<doc>Returns the given values which can then be assigned to a variables.</doc>
<status status="PASS" start="2024-05-15T16:18:00.937355" elapsed="0.000415"/>
</kw>
<kw name="Create List" owner="BuiltIn">
<msg time="2024-05-15T16:18:00.938217" level="INFO">${allowed_titles} = ['Mr', 'Ms', 'Miss', 'Mrs', 'Madame', 'Monsieur']</msg>
<var>${allowed_titles}</var>
<arg>Mr</arg>
<arg>Ms</arg>
<arg>Miss</arg>
<arg>Mrs</arg>
<arg>Madame</arg>
<arg>Monsieur</arg>
<doc>Returns a list containing given items.</doc>
<status status="PASS" start="2024-05-15T16:18:00.938070" elapsed="0.000172"/>
</kw>
<kw name="List Should Contain Value" owner="Collections">
<msg time="2024-05-15T16:18:00.938772" level="INFO">False</msg>
<arg>${allowed_titles}</arg>
<arg>${name_title}</arg>
<doc>Fails if the ``value`` is not found from ``list``.</doc>
<status status="PASS" start="2024-05-15T16:18:00.938579" elapsed="0.000229"/>
</kw>
<kw name="Set Variable" owner="BuiltIn">
<msg time="2024-05-15T16:18:00.939476" level="INFO">${name_country} = CA</msg>
<var>${name_country}</var>
<arg>${json_data["results"][0]["nat"]}</arg>
<doc>Returns the given values which can then be assigned to a variables.</doc>
<status status="PASS" start="2024-05-15T16:18:00.939102" elapsed="0.000399"/>
</kw>
<kw name="Create List" owner="BuiltIn">
<msg time="2024-05-15T16:18:00.940391" level="INFO">${list_country} = ['AD', 'AE', 'AF', 'AG', 'AI', 'AL', 'AM', 'AO', 'AQ', 'AR', 'AS', 'AT', 'AU', 'AW', 'AX', 'AZ', 'BA', 'BB', 'BD', 'BE', 'BF', 'BG', 'BH', 'BI', 'BJ', 'BL', 'BM', 'BN', 'BO', 'BQ', 'BR', 'BS', 'BT', '...</msg>
<var>${list_country}</var>
<arg>AD</arg>
<arg>AE</arg>
<arg>AF</arg>
<arg>AG</arg>
<arg>AI</arg>
<arg>AL</arg>
<arg>AM</arg>
<arg>AO</arg>
<arg>AQ</arg>
<arg>AR</arg>
<arg>AS</arg>
<arg>AT</arg>
<arg>AU</arg>
<arg>AW</arg>
<arg>AX</arg>
<arg>AZ</arg>
<arg>BA</arg>
<arg>BB</arg>
<arg>BD</arg>
<arg>BE</arg>
<arg>BF</arg>
<arg>BG</arg>
<arg>BH</arg>
<arg>BI</arg>
<arg>BJ</arg>
<arg>BL</arg>
<arg>BM</arg>
<arg>BN</arg>
<arg>BO</arg>
<arg>BQ</arg>
<arg>BR</arg>
<arg>BS</arg>
<arg>BT</arg>
<arg>BV</arg>
<arg>BW</arg>
<arg>BY</arg>
<arg>BZ</arg>
<arg>CA</arg>
<arg>CC</arg>
<arg>CD</arg>
<arg>CF</arg>
<arg>CG</arg>
<arg>CH</arg>
<arg>CI</arg>
<arg>CK</arg>
<arg>CL</arg>
<arg>CM</arg>
<arg>CN</arg>
<arg>CO</arg>
<arg>CR</arg>
<arg>CU</arg>
<arg>CV</arg>
<arg>CW</arg>
<arg>CX</arg>
<arg>CY</arg>
<arg>CZ</arg>
<arg>DE</arg>
<arg>DJ</arg>
<arg>DK</arg>
<arg>DM</arg>
<arg>DO</arg>
<arg>DZ</arg>
<arg>EC</arg>
<arg>EE</arg>
<arg>EG</arg>
<arg>EH</arg>
<arg>ER</arg>
<arg>ES</arg>
<arg>ET</arg>
<arg>FI</arg>
<arg>FJ</arg>
<arg>FK</arg>
<arg>FM</arg>
<arg>FO</arg>
<arg>FR</arg>
<arg>GA</arg>
<arg>GB</arg>
<arg>GD</arg>
<arg>GE</arg>
<arg>GF</arg>
<arg>GG</arg>
<arg>GH</arg>
<arg>GI</arg>
<arg>GL</arg>
<arg>GM</arg>
<arg>GN</arg>
<arg>GP</arg>
<arg>GQ</arg>
<arg>GR</arg>
<arg>GS</arg>
<arg>GT</arg>
<arg>GU</arg>
<arg>GW</arg>
<arg>GY</arg>
<arg>HK</arg>
<arg>HM</arg>
<arg>HN</arg>
<arg>HR</arg>
<arg>HT</arg>
<arg>HU</arg>
<arg>ID</arg>
<arg>IE</arg>
<arg>IL</arg>
<arg>IM</arg>
<arg>IN</arg>
<arg>IO</arg>
<arg>IQ</arg>
<arg>IR</arg>
<arg>IS</arg>
<arg>IT</arg>
<arg>JE</arg>
<arg>JM</arg>
<arg>JO</arg>
<arg>JP</arg>
<arg>KE</arg>
<arg>KG</arg>
<arg>KH</arg>
<arg>KI</arg>
<arg>KM</arg>
<arg>KN</arg>
<arg>KP</arg>
<arg>KR</arg>
<arg>KW</arg>
<arg>KY</arg>
<arg>KZ</arg>
<arg>LA</arg>
<arg>LB</arg>
<arg>LC</arg>
<arg>LI</arg>
<arg>LK</arg>
<arg>LR</arg>
<arg>LS</arg>
<arg>LT</arg>
<arg>LU</arg>
<arg>LV</arg>
<arg>LY</arg>
<arg>MA</arg>
<arg>MC</arg>
<arg>MD</arg>
<arg>ME</arg>
<arg>MF</arg>
<arg>MG</arg>
<arg>MH</arg>
<arg>MK</arg>
<arg>ML</arg>
<arg>MM</arg>
<arg>MN</arg>
<arg>MO</arg>
<arg>MP</arg>
<arg>MQ</arg>
<arg>MR</arg>
<arg>MS</arg>
<arg>MT</arg>
<arg>MU</arg>
<arg>MV</arg>
<arg>MW</arg>
<arg>MX</arg>
<arg>MY</arg>
<arg>MZ</arg>
<arg>NA</arg>
<arg>NC</arg>
<arg>NE</arg>
<arg>NF</arg>
<arg>NG</arg>
<arg>NI</arg>
<arg>NL</arg>
<arg>NO</arg>
<arg>NP</arg>
<arg>NR</arg>
<arg>NU</arg>
<arg>NZ</arg>
<arg>OM</arg>
<arg>PA</arg>
<arg>PE</arg>
<arg>PF</arg>
<arg>PG</arg>
<arg>PH</arg>
<arg>PK</arg>
<arg>PL</arg>
<arg>PM</arg>
<arg>PN</arg>
<arg>PR</arg>
<arg>PS</arg>
<arg>PT</arg>
<arg>PW</arg>
<arg>PY</arg>
<arg>QA</arg>
<arg>RE</arg>
<arg>RO</arg>
<arg>RS</arg>
<arg>RU</arg>
<arg>RW</arg>
<arg>SA</arg>
<arg>SB</arg>
<arg>SC</arg>
<arg>SD</arg>
<arg>SE</arg>
<arg>SG</arg>
<arg>SH</arg>
<arg>SI</arg>
<arg>SJ</arg>
<arg>SK</arg>
<arg>SL</arg>
<arg>SM</arg>
<arg>SN</arg>
<arg>SO</arg>
<arg>SR</arg>
<arg>SS</arg>
<arg>ST</arg>
<arg>SV</arg>
<arg>SX</arg>
<arg>SY</arg>
<arg>SZ</arg>
<arg>TC</arg>
<arg>TD</arg>
<arg>TF</arg>
<arg>TG</arg>
<arg>TH</arg>
<arg>TJ</arg>
<arg>TK</arg>
<arg>TL</arg>
<arg>TM</arg>
<arg>TN</arg>
<arg>TO</arg>
<arg>TR</arg>
<arg>TT</arg>
<arg>TV</arg>
<arg>TW</arg>
<arg>TZ</arg>
<arg>UA</arg>
<arg>UG</arg>
<arg>UM</arg>
<arg>US</arg>
<arg>UY</arg>
<arg>UZ</arg>
<arg>VA</arg>
<arg>VC</arg>
<arg>VE</arg>
<arg>VG</arg>
<arg>VI</arg>
<arg>VN</arg>
<arg>VU</arg>
<arg>WF</arg>
<arg>WS</arg>
<arg>XK</arg>
<arg>YE</arg>
<arg>YT</arg>
<arg>ZA</arg>
<arg>ZM</arg>
<arg>ZW</arg>
<doc>Returns a list containing given items.</doc>
<status status="PASS" start="2024-05-15T16:18:00.939800" elapsed="0.000616"/>
</kw>
<kw name="List Should Contain Value" owner="Collections">
<msg time="2024-05-15T16:18:00.941411" level="INFO">False</msg>
<arg>${list_country}</arg>
<arg>${name_country}</arg>
<doc>Fails if the ``value`` is not found from ``list``.</doc>
<status status="PASS" start="2024-05-15T16:18:00.941213" elapsed="0.000234"/>
</kw>
<kw name="Run Keyword If" owner="BuiltIn">
<kw name="Should Be True" owner="BuiltIn">
<arg>${True}</arg>
<doc>Fails if the given condition is not true.</doc>
<status status="PASS" start="2024-05-15T16:18:00.942507" elapsed="0.000294"/>
</kw>
<arg>${json_data["results"][0]["location"]["coordinates"]["latitude"]} &gt;= -90 and ${json_data["results"][0]["location"]["coordinates"]["latitude"]} &lt;= 90</arg>
<arg>Should Be True</arg>
<arg>${True}</arg>
<doc>Runs the given keyword with the given arguments, if ``condition`` is true.</doc>
<status status="PASS" start="2024-05-15T16:18:00.941757" elapsed="0.001180"/>
</kw>
<kw name="Run Keyword If" owner="BuiltIn">
<kw name="Should Be True" owner="BuiltIn">
<arg>${True}</arg>
<doc>Fails if the given condition is not true.</doc>
<status status="PASS" start="2024-05-15T16:18:00.943838" elapsed="0.000139"/>
</kw>
<arg>${json_data["results"][0]["location"]["coordinates"]["longitude"]} &gt;= -180 and ${json_data["results"][0]["location"]["coordinates"]["longitude"]} &lt;= 180</arg>
<arg>Should Be True</arg>
<arg>${True}</arg>
<doc>Runs the given keyword with the given arguments, if ``condition`` is true.</doc>
<status status="PASS" start="2024-05-15T16:18:00.943131" elapsed="0.000969"/>
</kw>
<status status="PASS" start="2024-05-15T16:18:00.840736" elapsed="0.103494"/>
</kw>
<doc>Testa o conteúdo específico dos campos retornados pela API.</doc>
<tag>testeConteudo</tag>
<status status="PASS" start="2024-05-15T16:18:00.840282" elapsed="0.104100"/>
</test>
<status status="PASS" start="2024-05-15T16:18:00.153479" elapsed="0.792842"/>
</suite>
<status status="PASS" start="2024-05-15T16:18:00.139888" elapsed="0.811569"/>
</suite>
<statistics>
<total>
<stat pass="5" fail="0" skip="0">All Tests</stat>
</total>
<tag>
<stat pass="1" fail="0" skip="0">testeConteudo</stat>
<stat pass="1" fail="0" skip="0">testeEstruturaResposta</stat>
<stat pass="1" fail="0" skip="0">testeRequisicaoBasica</stat>
<stat pass="1" fail="0" skip="0">testeTiposDados</stat>
</tag>
<suite>
<stat pass="5" fail="0" skip="0" id="s1" name="Tests">Tests</stat>
<stat pass="5" fail="0" skip="0" id="s1-s1" name="Random-User-Test">Tests.Random-User-Test</stat>
</suite>
</statistics>
<errors>
</errors>
</robot>
