<?xml version="1.0" encoding="UTF-8"?>
<robot generator="Robot 7.0 (Python 3.12.3 on linux)" generated="2024-04-21T18:17:27.242997" rpa="false" schemaversion="5">
<suite id="s1" name="Tests" source="/home/runner/work/DesafioQAItauRogerioJordao/DesafioQAItauRogerioJordao/RamdonUser/tests">
<suite id="s1-s1" name="Random-User-Test" source="/home/runner/work/DesafioQAItauRogerioJordao/DesafioQAItauRogerioJordao/RamdonUser/tests/random-user-test.robot">
<test id="s1-s1-t1" name="Conectar" line="13">
<kw name="Conectar API" owner="random-user-service">
<kw name="Create Session" owner="RequestsLibrary">
<msg time="2024-04-21T18:17:27.602788" level="INFO">Creating Session using : alias=consultarAPI, url=https://randomuser.me/, headers={},                     cookies={}, auth=None, timeout=None, proxies=None, verify=False,                     debug=0 </msg>
<arg>consultarAPI</arg>
<arg>${URL}</arg>
<doc>Create Session: create a HTTP session to a server</doc>
<status status="PASS" start="2024-04-21T18:17:27.602595" elapsed="0.000360"/>
</kw>
<status status="PASS" start="2024-04-21T18:17:27.601674" elapsed="0.001629"/>
</kw>
<status status="PASS" start="2024-04-21T18:17:27.601172" elapsed="0.002323"/>
</test>
<test id="s1-s1-t2" name="Validar retorno 200 e JSON Válido" line="16">
<kw name="Teste de Requisicao Basica" owner="random-user-service">
<kw name="GET On Session" owner="RequestsLibrary">
<msg time="2024-04-21T18:17:27.683704" level="INFO">GET Request : url=https://randomuser.me/api 
 path_url=/api 
 headers={'User-Agent': 'python-requests/2.31.0', 'Accept-Encoding': 'gzip, deflate', 'Accept': '*/*', 'Connection': 'keep-alive'} 
 body=None 
 </msg>
<msg time="2024-04-21T18:17:27.683824" level="INFO">GET Response : url=https://randomuser.me/api 
 status=200, reason=OK 
 headers={'Date': 'Sun, 21 Apr 2024 18:17:27 GMT', 'Content-Type': 'application/json; charset=utf-8', 'Transfer-Encoding': 'chunked', 'Connection': 'keep-alive', 'X-Powered-By': 'Express', 'Access-Control-Allow-Origin': '*', 'Cache-Control': 'no-cache', 'ETag': 'W/"49c-IAStjr5MhqDt7YJ+Zwc84bE7eZ8"', 'Vary': 'Accept-Encoding', 'Content-Encoding': 'gzip', 'CF-Cache-Status': 'DYNAMIC', 'Report-To': '{"endpoints":[{"url":"https:\\/\\/a.nel.cloudflare.com\\/report\\/v4?s=iC4d2LiPvYk9fR43NkpcFTBQa7cbg34e2%2FreTvixgVf79qrzWw34iAdStjxlz%2FfnqfkbzY1cM1S7w8EpotbNvF9aGRoEPnm1Ip3WtR1mfezRDvAa49OHaiG5iyK3wZBs"}],"group":"cf-nel","max_age":604800}', 'NEL': '{"success_fraction":0,"report_to":"cf-nel","max_age":604800}', 'Server': 'cloudflare', 'CF-RAY': '877f5efbca132c28-ORD', 'alt-svc': 'h3=":443"; ma=86400'} 
 body={"results":[{"gender":"female","name":{"title":"Mrs","first":"Gladys","last":"Simpson"},"location":{"street":{"number":4120,"name":"W 6th St"},"city":"Mesquite","state":"Utah","country":"United States","postcode":33025,"coordinates":{"latitude":"85.3064","longitude":"107.0532"},"timezone":{"offset":"-4:00","description":"Atlantic Time (Canada), Caracas, La Paz"}},"email":"gladys.simpson@example.com","login":{"uuid":"5d646d8d-46fc-49a8-ae1d-432ed53a32aa","username":"smallelephant288","password":"alfa","salt":"A7WKOGO3","md5":"b09bdb7a30f5566a5672928c7a280d61","sha1":"b7d1c0315f31943b506506e62e884b751aabdf6b","sha256":"af36a08fb2a4e03ed72cd830673ab01b42a85edb834d20351052be0b4d652442"},"dob":{"date":"1954-04-11T05:43:27.468Z","age":70},"registered":{"date":"2019-12-14T10:05:23.672Z","age":4},"phone":"(426) 316-6732","cell":"(227) 597-7997","id":{"name":"SSN","value":"567-19-3896"},"picture":{"large":"https://randomuser.me/api/portraits/women/82.jpg","medium":"https://randomuser.me/api/portraits/med/women/82.jpg","thumbnail":"https://randomuser.me/api/portraits/thumb/women/82.jpg"},"nat":"US"}],"info":{"seed":"232c6b91443de8c2","results":1,"page":1,"version":"1.4"}} 
 </msg>
<msg time="2024-04-21T18:17:27.683889" level="INFO">/opt/hostedtoolcache/Python/3.12.3/x64/lib/python3.12/site-packages/urllib3/connectionpool.py:1103: InsecureRequestWarning: Unverified HTTPS request is being made to host 'randomuser.me'. Adding certificate verification is strongly advised. See: https://urllib3.readthedocs.io/en/latest/advanced-usage.html#tls-warnings
  warnings.warn(</msg>
<msg time="2024-04-21T18:17:27.683997" level="INFO">${response} = &lt;Response [200]&gt;</msg>
<var>${response}</var>
<arg>consultarAPI</arg>
<arg>/api</arg>
<doc>Sends a GET request on a previously created HTTP Session.</doc>
<status status="PASS" start="2024-04-21T18:17:27.606088" elapsed="0.077949"/>
</kw>
<kw name="Should Be Equal As Numbers" owner="BuiltIn">
<msg time="2024-04-21T18:17:27.684856" level="INFO">Argument types are:
&lt;class 'int'&gt;
&lt;class 'str'&gt;</msg>
<arg>${response.status_code}</arg>
<arg>200</arg>
<doc>Fails if objects are unequal after converting them to real numbers.</doc>
<status status="PASS" start="2024-04-21T18:17:27.684425" elapsed="0.000494"/>
</kw>
<kw name="Log" owner="BuiltIn">
<msg time="2024-04-21T18:17:27.685611" level="INFO">200</msg>
<arg>${response.status_code}</arg>
<doc>Logs the given message with the given level.</doc>
<status status="PASS" start="2024-04-21T18:17:27.685256" elapsed="0.000396"/>
</kw>
<kw name="Set Variable" owner="BuiltIn">
<msg time="2024-04-21T18:17:27.686381" level="INFO">${json_data} = {'results': [{'gender': 'female', 'name': {'title': 'Mrs', 'first': 'Gladys', 'last': 'Simpson'}, 'location': {'street': {'number': 4120, 'name': 'W 6th St'}, 'city': 'Mesquite', 'state': 'Utah', 'cou...</msg>
<var>${json_data}</var>
<arg>${response.json()}</arg>
<doc>Returns the given values which can then be assigned to a variables.</doc>
<status status="PASS" start="2024-04-21T18:17:27.685953" elapsed="0.000455"/>
</kw>
<kw name="Dictionary Should Contain Key" owner="Collections">
<msg time="2024-04-21T18:17:27.686871" level="INFO">False</msg>
<arg>${json_data}</arg>
<arg>results</arg>
<doc>Fails if ``key`` is not found from ``dictionary``.</doc>
<status status="PASS" start="2024-04-21T18:17:27.686706" elapsed="0.000204"/>
</kw>
<status status="PASS" start="2024-04-21T18:17:27.605847" elapsed="0.081315"/>
</kw>
<doc>Testa se a API responde corretamente e retorna um objeto JSON válido.</doc>
<tag>testeRequisicaoBasica</tag>
<status status="PASS" start="2024-04-21T18:17:27.605400" elapsed="0.081925"/>
</test>
<test id="s1-s1-t3" name="Validar estrutura de resposta" line="22">
<kw name="Teste de Estrutura de Resposta" owner="random-user-service">
<kw name="GET On Session" owner="RequestsLibrary">
<msg time="2024-04-21T18:17:27.791411" level="INFO">GET Request : url=https://randomuser.me/api 
 path_url=/api 
 headers={'User-Agent': 'python-requests/2.31.0', 'Accept-Encoding': 'gzip, deflate', 'Accept': '*/*', 'Connection': 'keep-alive'} 
 body=None 
 </msg>
<msg time="2024-04-21T18:17:27.791497" level="INFO">GET Response : url=https://randomuser.me/api 
 status=200, reason=OK 
 headers={'Date': 'Sun, 21 Apr 2024 18:17:27 GMT', 'Content-Type': 'application/json; charset=utf-8', 'Transfer-Encoding': 'chunked', 'Connection': 'keep-alive', 'X-Powered-By': 'Express', 'Access-Control-Allow-Origin': '*', 'Cache-Control': 'no-cache', 'ETag': 'W/"498-2HQ71xmKzyPZTI/d1peHQ65Ewf8"', 'Vary': 'Accept-Encoding', 'Content-Encoding': 'gzip', 'CF-Cache-Status': 'DYNAMIC', 'Report-To': '{"endpoints":[{"url":"https:\\/\\/a.nel.cloudflare.com\\/report\\/v4?s=tAd6F%2BLZVjrQcxyCleo8U8kfTV4RLJBUoUEtoH0sjHlNjg%2ByRaRheamOMwm%2B7l4p6RSuPGcE4RWN3kvvgaDRI64LKMJ1JhC%2FvEdhDum%2BnUN8R6WdrpNXQbV5KPAfy73c"}],"group":"cf-nel","max_age":604800}', 'NEL': '{"success_fraction":0,"report_to":"cf-nel","max_age":604800}', 'Server': 'cloudflare', 'CF-RAY': '877f5efc1a582c28-ORD', 'alt-svc': 'h3=":443"; ma=86400'} 
 body={"results":[{"gender":"female","name":{"title":"Mrs","first":"Regina","last":"Bohn"},"location":{"street":{"number":9061,"name":"Mühlweg"},"city":"Sonnewalde","state":"Sachsen","country":"Germany","postcode":71061,"coordinates":{"latitude":"-52.6226","longitude":"89.3151"},"timezone":{"offset":"+5:00","description":"Ekaterinburg, Islamabad, Karachi, Tashkent"}},"email":"regina.bohn@example.com","login":{"uuid":"c19bebdc-a616-4cb3-a8ed-277e96849ad2","username":"ticklishdog539","password":"these","salt":"xhAWToiH","md5":"af98aae8d577266dd7ad2341c1c1a944","sha1":"09d6854088c8e1dd60ad7a300b3bbe57fc1cd427","sha256":"514bbe66cdea62889cf671589e728c775d4202afa0a3823ba6dc56b74063bdf5"},"dob":{"date":"1972-05-19T22:47:59.760Z","age":51},"registered":{"date":"2020-03-30T11:26:04.059Z","age":4},"phone":"0452-5681387","cell":"0172-8209265","id":{"name":"SVNR","value":"67 190572 B 799"},"picture":{"large":"https://randomuser.me/api/portraits/women/58.jpg","medium":"https://randomuser.me/api/portraits/med/women/58.jpg","thumbnail":"https://randomuser.me/api/portraits/thumb/women/58.jpg"},"nat":"DE"}],"info":{"seed":"6bd639fa09e4c22a","results":1,"page":1,"version":"1.4"}} 
 </msg>
<msg time="2024-04-21T18:17:27.791620" level="INFO">/opt/hostedtoolcache/Python/3.12.3/x64/lib/python3.12/site-packages/urllib3/connectionpool.py:1103: InsecureRequestWarning: Unverified HTTPS request is being made to host 'randomuser.me'. Adding certificate verification is strongly advised. See: https://urllib3.readthedocs.io/en/latest/advanced-usage.html#tls-warnings
  warnings.warn(</msg>
<msg time="2024-04-21T18:17:27.791752" level="INFO">${response} = &lt;Response [200]&gt;</msg>
<var>${response}</var>
<arg>consultarAPI</arg>
<arg>/api</arg>
<doc>Sends a GET request on a previously created HTTP Session.</doc>
<status status="PASS" start="2024-04-21T18:17:27.689833" elapsed="0.101968"/>
</kw>
<kw name="Set Variable" owner="BuiltIn">
<msg time="2024-04-21T18:17:27.792674" level="INFO">${json_data} = {'results': [{'gender': 'female', 'name': {'title': 'Mrs', 'first': 'Regina', 'last': 'Bohn'}, 'location': {'street': {'number': 9061, 'name': 'Mühlweg'}, 'city': 'Sonnewalde', 'state': 'Sachsen', 'co...</msg>
<var>${json_data}</var>
<arg>${response.json()}</arg>
<doc>Returns the given values which can then be assigned to a variables.</doc>
<status status="PASS" start="2024-04-21T18:17:27.792186" elapsed="0.000523"/>
</kw>
<kw name="Log" owner="BuiltIn">
<msg time="2024-04-21T18:17:27.793169" level="INFO">{'results': [{'gender': 'female', 'name': {'title': 'Mrs', 'first': 'Regina', 'last': 'Bohn'}, 'location': {'street': {'number': 9061, 'name': 'Mühlweg'}, 'city': 'Sonnewalde', 'state': 'Sachsen', 'country': 'Germany', 'postcode': 71061, 'coordinates': {'latitude': '-52.6226', 'longitude': '89.3151'}, 'timezone': {'offset': '+5:00', 'description': 'Ekaterinburg, Islamabad, Karachi, Tashkent'}}, 'email': 'regina.bohn@example.com', 'login': {'uuid': 'c19bebdc-a616-4cb3-a8ed-277e96849ad2', 'username': 'ticklishdog539', 'password': 'these', 'salt': 'xhAWToiH', 'md5': 'af98aae8d577266dd7ad2341c1c1a944', 'sha1': '09d6854088c8e1dd60ad7a300b3bbe57fc1cd427', 'sha256': '514bbe66cdea62889cf671589e728c775d4202afa0a3823ba6dc56b74063bdf5'}, 'dob': {'date': '1972-05-19T22:47:59.760Z', 'age': 51}, 'registered': {'date': '2020-03-30T11:26:04.059Z', 'age': 4}, 'phone': '0452-5681387', 'cell': '0172-8209265', 'id': {'name': 'SVNR', 'value': '67 190572 B 799'}, 'picture': {'large': 'https://randomuser.me/api/portraits/women/58.jpg', 'medium': 'https://randomuser.me/api/portraits/med/women/58.jpg', 'thumbnail': 'https://randomuser.me/api/portraits/thumb/women/58.jpg'}, 'nat': 'DE'}], 'info': {'seed': '6bd639fa09e4c22a', 'results': 1, 'page': 1, 'version': '1.4'}}</msg>
<arg>${json_data}</arg>
<doc>Logs the given message with the given level.</doc>
<status status="PASS" start="2024-04-21T18:17:27.793012" elapsed="0.000206"/>
</kw>
<kw name="Dictionary Should Contain Key" owner="Collections">
<msg time="2024-04-21T18:17:27.793660" level="INFO">False</msg>
<arg>${json_data}</arg>
<arg>results</arg>
<doc>Fails if ``key`` is not found from ``dictionary``.</doc>
<status status="PASS" start="2024-04-21T18:17:27.793508" elapsed="0.000189"/>
</kw>
<kw name="Should Not Be Empty" owner="BuiltIn">
<msg time="2024-04-21T18:17:27.794119" level="INFO">Length is 2.</msg>
<arg>${json_data}</arg>
<doc>Verifies that the given item is not empty.</doc>
<status status="PASS" start="2024-04-21T18:17:27.793982" elapsed="0.000288"/>
</kw>
<kw name="Create List" owner="BuiltIn">
<msg time="2024-04-21T18:17:27.794711" level="INFO">${expected_keys} = ['gender', 'name', 'location', 'email', 'login']</msg>
<var>${expected_keys}</var>
<arg>gender</arg>
<arg>name</arg>
<arg>location</arg>
<arg>email</arg>
<arg>login</arg>
<doc>Returns a list containing given items.</doc>
<status status="PASS" start="2024-04-21T18:17:27.794559" elapsed="0.000175"/>
</kw>
<for flavor="IN">
<iter>
<kw name="Dictionary Should Contain Key" owner="Collections">
<msg time="2024-04-21T18:17:27.795663" level="INFO">False</msg>
<arg>${json_data['results'][0]}</arg>
<arg>${key}</arg>
<doc>Fails if ``key`` is not found from ``dictionary``.</doc>
<status status="PASS" start="2024-04-21T18:17:27.795277" elapsed="0.000423"/>
</kw>
<kw name="Log" owner="BuiltIn">
<msg time="2024-04-21T18:17:27.796362" level="INFO">{'gender': 'female', 'name': {'title': 'Mrs', 'first': 'Regina', 'last': 'Bohn'}, 'location': {'street': {'number': 9061, 'name': 'Mühlweg'}, 'city': 'Sonnewalde', 'state': 'Sachsen', 'country': 'Germany', 'postcode': 71061, 'coordinates': {'latitude': '-52.6226', 'longitude': '89.3151'}, 'timezone': {'offset': '+5:00', 'description': 'Ekaterinburg, Islamabad, Karachi, Tashkent'}}, 'email': 'regina.bohn@example.com', 'login': {'uuid': 'c19bebdc-a616-4cb3-a8ed-277e96849ad2', 'username': 'ticklishdog539', 'password': 'these', 'salt': 'xhAWToiH', 'md5': 'af98aae8d577266dd7ad2341c1c1a944', 'sha1': '09d6854088c8e1dd60ad7a300b3bbe57fc1cd427', 'sha256': '514bbe66cdea62889cf671589e728c775d4202afa0a3823ba6dc56b74063bdf5'}, 'dob': {'date': '1972-05-19T22:47:59.760Z', 'age': 51}, 'registered': {'date': '2020-03-30T11:26:04.059Z', 'age': 4}, 'phone': '0452-5681387', 'cell': '0172-8209265', 'id': {'name': 'SVNR', 'value': '67 190572 B 799'}, 'picture': {'large': 'https://randomuser.me/api/portraits/women/58.jpg', 'medium': 'https://randomuser.me/api/portraits/med/women/58.jpg', 'thumbnail': 'https://randomuser.me/api/portraits/thumb/women/58.jpg'}, 'nat': 'DE'}</msg>
<arg>${json_data['results'][0]}</arg>
<doc>Logs the given message with the given level.</doc>
<status status="PASS" start="2024-04-21T18:17:27.795998" elapsed="0.000414"/>
</kw>
<kw name="Log" owner="BuiltIn">
<msg time="2024-04-21T18:17:27.796855" level="INFO">gender</msg>
<arg>${key}</arg>
<doc>Logs the given message with the given level.</doc>
<status status="PASS" start="2024-04-21T18:17:27.796729" elapsed="0.000162"/>
</kw>
<var name="${key}">gender</var>
<status status="PASS" start="2024-04-21T18:17:27.795155" elapsed="0.001947"/>
</iter>
<iter>
<kw name="Dictionary Should Contain Key" owner="Collections">
<msg time="2024-04-21T18:17:27.797779" level="INFO">False</msg>
<arg>${json_data['results'][0]}</arg>
<arg>${key}</arg>
<doc>Fails if ``key`` is not found from ``dictionary``.</doc>
<status status="PASS" start="2024-04-21T18:17:27.797406" elapsed="0.000428"/>
</kw>
<kw name="Log" owner="BuiltIn">
<msg time="2024-04-21T18:17:27.798550" level="INFO">{'gender': 'female', 'name': {'title': 'Mrs', 'first': 'Regina', 'last': 'Bohn'}, 'location': {'street': {'number': 9061, 'name': 'Mühlweg'}, 'city': 'Sonnewalde', 'state': 'Sachsen', 'country': 'Germany', 'postcode': 71061, 'coordinates': {'latitude': '-52.6226', 'longitude': '89.3151'}, 'timezone': {'offset': '+5:00', 'description': 'Ekaterinburg, Islamabad, Karachi, Tashkent'}}, 'email': 'regina.bohn@example.com', 'login': {'uuid': 'c19bebdc-a616-4cb3-a8ed-277e96849ad2', 'username': 'ticklishdog539', 'password': 'these', 'salt': 'xhAWToiH', 'md5': 'af98aae8d577266dd7ad2341c1c1a944', 'sha1': '09d6854088c8e1dd60ad7a300b3bbe57fc1cd427', 'sha256': '514bbe66cdea62889cf671589e728c775d4202afa0a3823ba6dc56b74063bdf5'}, 'dob': {'date': '1972-05-19T22:47:59.760Z', 'age': 51}, 'registered': {'date': '2020-03-30T11:26:04.059Z', 'age': 4}, 'phone': '0452-5681387', 'cell': '0172-8209265', 'id': {'name': 'SVNR', 'value': '67 190572 B 799'}, 'picture': {'large': 'https://randomuser.me/api/portraits/women/58.jpg', 'medium': 'https://randomuser.me/api/portraits/med/women/58.jpg', 'thumbnail': 'https://randomuser.me/api/portraits/thumb/women/58.jpg'}, 'nat': 'DE'}</msg>
<arg>${json_data['results'][0]}</arg>
<doc>Logs the given message with the given level.</doc>
<status status="PASS" start="2024-04-21T18:17:27.798183" elapsed="0.000416"/>
</kw>
<kw name="Log" owner="BuiltIn">
<msg time="2024-04-21T18:17:27.799020" level="INFO">name</msg>
<arg>${key}</arg>
<doc>Logs the given message with the given level.</doc>
<status status="PASS" start="2024-04-21T18:17:27.798894" elapsed="0.000163"/>
</kw>
<var name="${key}">name</var>
<status status="PASS" start="2024-04-21T18:17:27.797286" elapsed="0.001982"/>
</iter>
<iter>
<kw name="Dictionary Should Contain Key" owner="Collections">
<msg time="2024-04-21T18:17:27.799931" level="INFO">False</msg>
<arg>${json_data['results'][0]}</arg>
<arg>${key}</arg>
<doc>Fails if ``key`` is not found from ``dictionary``.</doc>
<status status="PASS" start="2024-04-21T18:17:27.799552" elapsed="0.000415"/>
</kw>
<kw name="Log" owner="BuiltIn">
<msg time="2024-04-21T18:17:27.800637" level="INFO">{'gender': 'female', 'name': {'title': 'Mrs', 'first': 'Regina', 'last': 'Bohn'}, 'location': {'street': {'number': 9061, 'name': 'Mühlweg'}, 'city': 'Sonnewalde', 'state': 'Sachsen', 'country': 'Germany', 'postcode': 71061, 'coordinates': {'latitude': '-52.6226', 'longitude': '89.3151'}, 'timezone': {'offset': '+5:00', 'description': 'Ekaterinburg, Islamabad, Karachi, Tashkent'}}, 'email': 'regina.bohn@example.com', 'login': {'uuid': 'c19bebdc-a616-4cb3-a8ed-277e96849ad2', 'username': 'ticklishdog539', 'password': 'these', 'salt': 'xhAWToiH', 'md5': 'af98aae8d577266dd7ad2341c1c1a944', 'sha1': '09d6854088c8e1dd60ad7a300b3bbe57fc1cd427', 'sha256': '514bbe66cdea62889cf671589e728c775d4202afa0a3823ba6dc56b74063bdf5'}, 'dob': {'date': '1972-05-19T22:47:59.760Z', 'age': 51}, 'registered': {'date': '2020-03-30T11:26:04.059Z', 'age': 4}, 'phone': '0452-5681387', 'cell': '0172-8209265', 'id': {'name': 'SVNR', 'value': '67 190572 B 799'}, 'picture': {'large': 'https://randomuser.me/api/portraits/women/58.jpg', 'medium': 'https://randomuser.me/api/portraits/med/women/58.jpg', 'thumbnail': 'https://randomuser.me/api/portraits/thumb/women/58.jpg'}, 'nat': 'DE'}</msg>
<arg>${json_data['results'][0]}</arg>
<doc>Logs the given message with the given level.</doc>
<status status="PASS" start="2024-04-21T18:17:27.800260" elapsed="0.000425"/>
</kw>
<kw name="Log" owner="BuiltIn">
<msg time="2024-04-21T18:17:27.801101" level="INFO">location</msg>
<arg>${key}</arg>
<doc>Logs the given message with the given level.</doc>
<status status="PASS" start="2024-04-21T18:17:27.800977" elapsed="0.000161"/>
</kw>
<var name="${key}">location</var>
<status status="PASS" start="2024-04-21T18:17:27.799441" elapsed="0.001906"/>
</iter>
<iter>
<kw name="Dictionary Should Contain Key" owner="Collections">
<msg time="2024-04-21T18:17:27.802012" level="INFO">False</msg>
<arg>${json_data['results'][0]}</arg>
<arg>${key}</arg>
<doc>Fails if ``key`` is not found from ``dictionary``.</doc>
<status status="PASS" start="2024-04-21T18:17:27.801627" elapsed="0.000422"/>
</kw>
<kw name="Log" owner="BuiltIn">
<msg time="2024-04-21T18:17:27.802701" level="INFO">{'gender': 'female', 'name': {'title': 'Mrs', 'first': 'Regina', 'last': 'Bohn'}, 'location': {'street': {'number': 9061, 'name': 'Mühlweg'}, 'city': 'Sonnewalde', 'state': 'Sachsen', 'country': 'Germany', 'postcode': 71061, 'coordinates': {'latitude': '-52.6226', 'longitude': '89.3151'}, 'timezone': {'offset': '+5:00', 'description': 'Ekaterinburg, Islamabad, Karachi, Tashkent'}}, 'email': 'regina.bohn@example.com', 'login': {'uuid': 'c19bebdc-a616-4cb3-a8ed-277e96849ad2', 'username': 'ticklishdog539', 'password': 'these', 'salt': 'xhAWToiH', 'md5': 'af98aae8d577266dd7ad2341c1c1a944', 'sha1': '09d6854088c8e1dd60ad7a300b3bbe57fc1cd427', 'sha256': '514bbe66cdea62889cf671589e728c775d4202afa0a3823ba6dc56b74063bdf5'}, 'dob': {'date': '1972-05-19T22:47:59.760Z', 'age': 51}, 'registered': {'date': '2020-03-30T11:26:04.059Z', 'age': 4}, 'phone': '0452-5681387', 'cell': '0172-8209265', 'id': {'name': 'SVNR', 'value': '67 190572 B 799'}, 'picture': {'large': 'https://randomuser.me/api/portraits/women/58.jpg', 'medium': 'https://randomuser.me/api/portraits/med/women/58.jpg', 'thumbnail': 'https://randomuser.me/api/portraits/thumb/women/58.jpg'}, 'nat': 'DE'}</msg>
<arg>${json_data['results'][0]}</arg>
<doc>Logs the given message with the given level.</doc>
<status status="PASS" start="2024-04-21T18:17:27.802341" elapsed="0.000409"/>
</kw>
<kw name="Log" owner="BuiltIn">
<msg time="2024-04-21T18:17:27.803165" level="INFO">email</msg>
<arg>${key}</arg>
<doc>Logs the given message with the given level.</doc>
<status status="PASS" start="2024-04-21T18:17:27.803041" elapsed="0.000161"/>
</kw>
<var name="${key}">email</var>
<status status="PASS" start="2024-04-21T18:17:27.801518" elapsed="0.001893"/>
</iter>
<iter>
<kw name="Dictionary Should Contain Key" owner="Collections">
<msg time="2024-04-21T18:17:27.804088" level="INFO">False</msg>
<arg>${json_data['results'][0]}</arg>
<arg>${key}</arg>
<doc>Fails if ``key`` is not found from ``dictionary``.</doc>
<status status="PASS" start="2024-04-21T18:17:27.803688" elapsed="0.000438"/>
</kw>
<kw name="Log" owner="BuiltIn">
<msg time="2024-04-21T18:17:27.804812" level="INFO">{'gender': 'female', 'name': {'title': 'Mrs', 'first': 'Regina', 'last': 'Bohn'}, 'location': {'street': {'number': 9061, 'name': 'Mühlweg'}, 'city': 'Sonnewalde', 'state': 'Sachsen', 'country': 'Germany', 'postcode': 71061, 'coordinates': {'latitude': '-52.6226', 'longitude': '89.3151'}, 'timezone': {'offset': '+5:00', 'description': 'Ekaterinburg, Islamabad, Karachi, Tashkent'}}, 'email': 'regina.bohn@example.com', 'login': {'uuid': 'c19bebdc-a616-4cb3-a8ed-277e96849ad2', 'username': 'ticklishdog539', 'password': 'these', 'salt': 'xhAWToiH', 'md5': 'af98aae8d577266dd7ad2341c1c1a944', 'sha1': '09d6854088c8e1dd60ad7a300b3bbe57fc1cd427', 'sha256': '514bbe66cdea62889cf671589e728c775d4202afa0a3823ba6dc56b74063bdf5'}, 'dob': {'date': '1972-05-19T22:47:59.760Z', 'age': 51}, 'registered': {'date': '2020-03-30T11:26:04.059Z', 'age': 4}, 'phone': '0452-5681387', 'cell': '0172-8209265', 'id': {'name': 'SVNR', 'value': '67 190572 B 799'}, 'picture': {'large': 'https://randomuser.me/api/portraits/women/58.jpg', 'medium': 'https://randomuser.me/api/portraits/med/women/58.jpg', 'thumbnail': 'https://randomuser.me/api/portraits/thumb/women/58.jpg'}, 'nat': 'DE'}</msg>
<arg>${json_data['results'][0]}</arg>
<doc>Logs the given message with the given level.</doc>
<status status="PASS" start="2024-04-21T18:17:27.804425" elapsed="0.000434"/>
</kw>
<kw name="Log" owner="BuiltIn">
<msg time="2024-04-21T18:17:27.805279" level="INFO">login</msg>
<arg>${key}</arg>
<doc>Logs the given message with the given level.</doc>
<status status="PASS" start="2024-04-21T18:17:27.805155" elapsed="0.000160"/>
</kw>
<var name="${key}">login</var>
<status status="PASS" start="2024-04-21T18:17:27.803579" elapsed="0.001970"/>
</iter>
<var>${key}</var>
<value>@{expected_keys}</value>
<status status="PASS" start="2024-04-21T18:17:27.794980" elapsed="0.010692"/>
</for>
<kw name="Create List" owner="BuiltIn">
<msg time="2024-04-21T18:17:27.805991" level="INFO">${expected_keysTwo} = ['username', 'password']</msg>
<var>${expected_keysTwo}</var>
<arg>username</arg>
<arg>password</arg>
<doc>Returns a list containing given items.</doc>
<status status="PASS" start="2024-04-21T18:17:27.805857" elapsed="0.000157"/>
</kw>
<for flavor="IN">
<iter>
<kw name="Dictionary Should Contain Key" owner="Collections">
<msg time="2024-04-21T18:17:27.806993" level="INFO">False</msg>
<arg>${json_data['results'][0]['login']}</arg>
<arg>${keyTwo}</arg>
<doc>Fails if ``key`` is not found from ``dictionary``.</doc>
<status status="PASS" start="2024-04-21T18:17:27.806607" elapsed="0.000423"/>
</kw>
<kw name="Dictionary Should Contain Key" owner="Collections">
<msg time="2024-04-21T18:17:27.807707" level="INFO">False</msg>
<arg>${json_data['results'][0]['login']}</arg>
<arg>${keyTwo}</arg>
<doc>Fails if ``key`` is not found from ``dictionary``.</doc>
<status status="PASS" start="2024-04-21T18:17:27.807324" elapsed="0.000419"/>
</kw>
<kw name="Log" owner="BuiltIn">
<msg time="2024-04-21T18:17:27.808157" level="INFO">username</msg>
<arg>${keyTwo}</arg>
<doc>Logs the given message with the given level.</doc>
<status status="PASS" start="2024-04-21T18:17:27.808032" elapsed="0.000167"/>
</kw>
<var name="${keyTwo}">username</var>
<status status="PASS" start="2024-04-21T18:17:27.806492" elapsed="0.001922"/>
</iter>
<iter>
<kw name="Dictionary Should Contain Key" owner="Collections">
<msg time="2024-04-21T18:17:27.809179" level="INFO">False</msg>
<arg>${json_data['results'][0]['login']}</arg>
<arg>${keyTwo}</arg>
<doc>Fails if ``key`` is not found from ``dictionary``.</doc>
<status status="PASS" start="2024-04-21T18:17:27.808721" elapsed="0.000502"/>
</kw>
<kw name="Dictionary Should Contain Key" owner="Collections">
<msg time="2024-04-21T18:17:27.809896" level="INFO">False</msg>
<arg>${json_data['results'][0]['login']}</arg>
<arg>${keyTwo}</arg>
<doc>Fails if ``key`` is not found from ``dictionary``.</doc>
<status status="PASS" start="2024-04-21T18:17:27.809521" elapsed="0.000410"/>
</kw>
<kw name="Log" owner="BuiltIn">
<msg time="2024-04-21T18:17:27.810344" level="INFO">password</msg>
<arg>${keyTwo}</arg>
<doc>Logs the given message with the given level.</doc>
<status status="PASS" start="2024-04-21T18:17:27.810220" elapsed="0.000160"/>
</kw>
<var name="${keyTwo}">password</var>
<status status="PASS" start="2024-04-21T18:17:27.808605" elapsed="0.001986"/>
</iter>
<var>${keyTwo}</var>
<value>@{expected_keysTwo}</value>
<status status="PASS" start="2024-04-21T18:17:27.806297" elapsed="0.004413"/>
</for>
<status status="PASS" start="2024-04-21T18:17:27.689605" elapsed="0.121241"/>
</kw>
<doc>Testa a estrutura da resposta da API.</doc>
<tag>testeEstruturaResposta</tag>
<status status="PASS" start="2024-04-21T18:17:27.689141" elapsed="0.121849"/>
</test>
<test id="s1-s1-t4" name="Validar tipos de dados" line="28">
<kw name="Teste de Tipos de Dados" owner="random-user-service">
<kw name="GET On Session" owner="RequestsLibrary">
<msg time="2024-04-21T18:17:27.888201" level="INFO">GET Request : url=https://randomuser.me/api 
 path_url=/api 
 headers={'User-Agent': 'python-requests/2.31.0', 'Accept-Encoding': 'gzip, deflate', 'Accept': '*/*', 'Connection': 'keep-alive'} 
 body=None 
 </msg>
<msg time="2024-04-21T18:17:27.888264" level="INFO">GET Response : url=https://randomuser.me/api 
 status=200, reason=OK 
 headers={'Date': 'Sun, 21 Apr 2024 18:17:27 GMT', 'Content-Type': 'application/json; charset=utf-8', 'Transfer-Encoding': 'chunked', 'Connection': 'keep-alive', 'X-Powered-By': 'Express', 'Access-Control-Allow-Origin': '*', 'Cache-Control': 'no-cache', 'ETag': 'W/"493-/SA9/zTSQ/7g7N/RFawc0y7Q4qc"', 'Vary': 'Accept-Encoding', 'Content-Encoding': 'gzip', 'CF-Cache-Status': 'DYNAMIC', 'Report-To': '{"endpoints":[{"url":"https:\\/\\/a.nel.cloudflare.com\\/report\\/v4?s=K%2BE%2BjcNVOpPbUoZQ0%2BXoortmaztYduO%2FhpSQRhby0pRdXyCHC8cVFZU6DihfmVAQbcX4dnsgtjcihfL60yj1bkoeKQ7eWrLWaeiOKaqcsB%2B%2B0isgLdVpeEPPUMcA5N7%2B"}],"group":"cf-nel","max_age":604800}', 'NEL': '{"success_fraction":0,"report_to":"cf-nel","max_age":604800}', 'Server': 'cloudflare', 'CF-RAY': '877f5efcdb212c28-ORD', 'alt-svc': 'h3=":443"; ma=86400'} 
 body={"results":[{"gender":"male","name":{"title":"Mr","first":"Mirko","last":"Teodosić"},"location":{"street":{"number":3411,"name":"Dvadesetdevetog Novembra"},"city":"Novi Kneževac","state":"Kolubara","country":"Serbia","postcode":71111,"coordinates":{"latitude":"61.3372","longitude":"-2.9433"},"timezone":{"offset":"+2:00","description":"Kaliningrad, South Africa"}},"email":"mirko.teodosic@example.com","login":{"uuid":"8d85382a-9184-475e-8497-f2ee53d2faf0","username":"purplekoala990","password":"diggler","salt":"JgFsEt7c","md5":"453a1a0433eada91666c59f307baebec","sha1":"97725584388904d1c6d7637a2da085b80dd9075c","sha256":"3cb367c635f3c2210377e13127efd079d8418841c0ffe3ce6fb7415984d625ff"},"dob":{"date":"1953-12-19T09:05:21.760Z","age":70},"registered":{"date":"2021-01-15T12:42:07.417Z","age":3},"phone":"022-8196-905","cell":"060-5551-160","id":{"name":"SID","value":"292315761"},"picture":{"large":"https://randomuser.me/api/portraits/men/93.jpg","medium":"https://randomuser.me/api/portraits/med/men/93.jpg","thumbnail":"https://randomuser.me/api/portraits/thumb/men/93.jpg"},"nat":"RS"}],"info":{"seed":"197a55c65146f46c","results":1,"page":1,"version":"1.4"}} 
 </msg>
<msg time="2024-04-21T18:17:27.888320" level="INFO">/opt/hostedtoolcache/Python/3.12.3/x64/lib/python3.12/site-packages/urllib3/connectionpool.py:1103: InsecureRequestWarning: Unverified HTTPS request is being made to host 'randomuser.me'. Adding certificate verification is strongly advised. See: https://urllib3.readthedocs.io/en/latest/advanced-usage.html#tls-warnings
  warnings.warn(</msg>
<msg time="2024-04-21T18:17:27.888402" level="INFO">${response} = &lt;Response [200]&gt;</msg>
<var>${response}</var>
<arg>consultarAPI</arg>
<arg>/api</arg>
<doc>Sends a GET request on a previously created HTTP Session.</doc>
<status status="PASS" start="2024-04-21T18:17:27.813367" elapsed="0.075062"/>
</kw>
<kw name="Set Variable" owner="BuiltIn">
<msg time="2024-04-21T18:17:27.889291" level="INFO">${json_data} = {'results': [{'gender': 'male', 'name': {'title': 'Mr', 'first': 'Mirko', 'last': 'Teodosić'}, 'location': {'street': {'number': 3411, 'name': 'Dvadesetdevetog Novembra'}, 'city': 'Novi Kneževac', 'st...</msg>
<var>${json_data}</var>
<arg>${response.json()}</arg>
<doc>Returns the given values which can then be assigned to a variables.</doc>
<status status="PASS" start="2024-04-21T18:17:27.888839" elapsed="0.000481"/>
</kw>
<kw name="Log" owner="BuiltIn">
<msg time="2024-04-21T18:17:27.889771" level="INFO">{'results': [{'gender': 'male', 'name': {'title': 'Mr', 'first': 'Mirko', 'last': 'Teodosić'}, 'location': {'street': {'number': 3411, 'name': 'Dvadesetdevetog Novembra'}, 'city': 'Novi Kneževac', 'state': 'Kolubara', 'country': 'Serbia', 'postcode': 71111, 'coordinates': {'latitude': '61.3372', 'longitude': '-2.9433'}, 'timezone': {'offset': '+2:00', 'description': 'Kaliningrad, South Africa'}}, 'email': 'mirko.teodosic@example.com', 'login': {'uuid': '8d85382a-9184-475e-8497-f2ee53d2faf0', 'username': 'purplekoala990', 'password': 'diggler', 'salt': 'JgFsEt7c', 'md5': '453a1a0433eada91666c59f307baebec', 'sha1': '97725584388904d1c6d7637a2da085b80dd9075c', 'sha256': '3cb367c635f3c2210377e13127efd079d8418841c0ffe3ce6fb7415984d625ff'}, 'dob': {'date': '1953-12-19T09:05:21.760Z', 'age': 70}, 'registered': {'date': '2021-01-15T12:42:07.417Z', 'age': 3}, 'phone': '022-8196-905', 'cell': '060-5551-160', 'id': {'name': 'SID', 'value': '292315761'}, 'picture': {'large': 'https://randomuser.me/api/portraits/men/93.jpg', 'medium': 'https://randomuser.me/api/portraits/med/men/93.jpg', 'thumbnail': 'https://randomuser.me/api/portraits/thumb/men/93.jpg'}, 'nat': 'RS'}], 'info': {'seed': '197a55c65146f46c', 'results': 1, 'page': 1, 'version': '1.4'}}</msg>
<arg>${json_data}</arg>
<doc>Logs the given message with the given level.</doc>
<status status="PASS" start="2024-04-21T18:17:27.889618" elapsed="0.000237"/>
</kw>
<kw name="Should Be String" owner="String">
<arg>${json_data['results'][0]['gender']}</arg>
<doc>Fails if the given ``item`` is not a string.</doc>
<status status="PASS" start="2024-04-21T18:17:27.890152" elapsed="0.000358"/>
</kw>
<kw name="Should Match Regexp" owner="BuiltIn">
<arg>${json_data['results'][0]['email']}</arg>
<arg>^[a-zA-Z0-9._%+-]+@[a-zA-Z0-9.-]+\.[a-zA-Z]{2,}$</arg>
<doc>Fails if ``string`` does not match ``pattern`` as a regular expression.</doc>
<status status="PASS" start="2024-04-21T18:17:27.890699" elapsed="0.000484"/>
</kw>
<kw name="Should Match Regexp" owner="BuiltIn">
<arg>${json_data['results'][0]['dob']['date']}</arg>
<arg>\\d{4}-\\d{2}-\\d{2}T\\d{2}:\\d{2}:\\d{2}\\.\\d{3}Z</arg>
<doc>Fails if ``string`` does not match ``pattern`` as a regular expression.</doc>
<status status="PASS" start="2024-04-21T18:17:27.891378" elapsed="0.000475"/>
</kw>
<kw name="Should Match Regexp" owner="BuiltIn">
<arg>${json_data['results'][0]['registered']['date']}</arg>
<arg>\\d{4}-\\d{2}-\\d{2}T\\d{2}:\\d{2}:\\d{2}\\.\\d{3}Z</arg>
<doc>Fails if ``string`` does not match ``pattern`` as a regular expression.</doc>
<status status="PASS" start="2024-04-21T18:17:27.892041" elapsed="0.000366"/>
</kw>
<kw name="Should Match Regexp" owner="BuiltIn">
<arg>${json_data['results'][0]['picture']['large']}</arg>
<arg>^https?://.*\.(?:png|jpe?g|gif|bmp)$</arg>
<doc>Fails if ``string`` does not match ``pattern`` as a regular expression.</doc>
<status status="PASS" start="2024-04-21T18:17:27.892649" elapsed="0.000471"/>
</kw>
<kw name="Should Match Regexp" owner="BuiltIn">
<arg>${json_data['results'][0]['picture']['medium']}</arg>
<arg>^https?://.*\.(?:png|jpe?g|gif|bmp)$</arg>
<doc>Fails if ``string`` does not match ``pattern`` as a regular expression.</doc>
<status status="PASS" start="2024-04-21T18:17:27.893308" elapsed="0.000354"/>
</kw>
<kw name="Should Match Regexp" owner="BuiltIn">
<arg>${json_data['results'][0]['picture']['thumbnail']}</arg>
<arg>^https?://.*\.(?:png|jpe?g|gif|bmp)$</arg>
<doc>Fails if ``string`` does not match ``pattern`` as a regular expression.</doc>
<status status="PASS" start="2024-04-21T18:17:27.893855" elapsed="0.000347"/>
</kw>
<kw name="Log" owner="BuiltIn">
<msg time="2024-04-21T18:17:27.894704" level="INFO">{'large': 'https://randomuser.me/api/portraits/men/93.jpg', 'medium': 'https://randomuser.me/api/portraits/med/men/93.jpg', 'thumbnail': 'https://randomuser.me/api/portraits/thumb/men/93.jpg'}</msg>
<arg>${json_data['results'][0]['picture']}</arg>
<doc>Logs the given message with the given level.</doc>
<status status="PASS" start="2024-04-21T18:17:27.894380" elapsed="0.000365"/>
</kw>
<status status="PASS" start="2024-04-21T18:17:27.813150" elapsed="0.081842"/>
</kw>
<kw name="Teste de Tipos de Dados - Postcode" owner="random-user-service">
<kw name="GET On Session" owner="RequestsLibrary">
<msg time="2024-04-21T18:17:28.024505" level="INFO">GET Request : url=https://randomuser.me/api 
 path_url=/api 
 headers={'User-Agent': 'python-requests/2.31.0', 'Accept-Encoding': 'gzip, deflate', 'Accept': '*/*', 'Connection': 'keep-alive'} 
 body=None 
 </msg>
<msg time="2024-04-21T18:17:28.024574" level="INFO">GET Response : url=https://randomuser.me/api 
 status=200, reason=OK 
 headers={'Date': 'Sun, 21 Apr 2024 18:17:28 GMT', 'Content-Type': 'application/json; charset=utf-8', 'Transfer-Encoding': 'chunked', 'Connection': 'keep-alive', 'X-Powered-By': 'Express', 'Access-Control-Allow-Origin': '*', 'Cache-Control': 'no-cache', 'ETag': 'W/"46d-zgIicT5DQpdVYnGrG5lIfTSpjxU"', 'Vary': 'Accept-Encoding', 'Content-Encoding': 'gzip', 'CF-Cache-Status': 'DYNAMIC', 'Report-To': '{"endpoints":[{"url":"https:\\/\\/a.nel.cloudflare.com\\/report\\/v4?s=tA5UHRvMtrPBVccWBFNzPL0Og3cq0zP9EcMbPpppy8B%2BY1Z3w3ze4qE59XlBlyE%2FWV1sQWd74Yi8krS2BKLdT2ZM49q5O1Z6Bwsl6I3W1O%2FWjIQJBeiiA%2FJeIWq%2FQMP4"}],"group":"cf-nel","max_age":604800}', 'NEL': '{"success_fraction":0,"report_to":"cf-nel","max_age":604800}', 'Server': 'cloudflare', 'CF-RAY': '877f5efd5bb22c28-ORD', 'alt-svc': 'h3=":443"; ma=86400'} 
 body={"results":[{"gender":"male","name":{"title":"Mr","first":"Aiden","last":"Kumar"},"location":{"street":{"number":4071,"name":"Taharoto Road"},"city":"Napier","state":"Otago","country":"New Zealand","postcode":54979,"coordinates":{"latitude":"50.1975","longitude":"-113.2225"},"timezone":{"offset":"+9:30","description":"Adelaide, Darwin"}},"email":"aiden.kumar@example.com","login":{"uuid":"06e6d797-788d-4a63-80d4-0cf22ba154cd","username":"smallelephant147","password":"1223","salt":"BFH2Nxps","md5":"cde7ffc9c55eac8ca1d284b3a4bea4cb","sha1":"4a6a79964ab7408e2d7eee9625723a550e98aeb5","sha256":"6285ed8b1b6418ee9da72e13fd421caef163baa2d8fa0543cef45b7500a3d40b"},"dob":{"date":"1987-04-04T03:25:16.428Z","age":37},"registered":{"date":"2022-04-16T06:06:14.720Z","age":2},"phone":"(166)-032-7872","cell":"(240)-242-9789","id":{"name":"","value":null},"picture":{"large":"https://randomuser.me/api/portraits/men/17.jpg","medium":"https://randomuser.me/api/portraits/med/men/17.jpg","thumbnail":"https://randomuser.me/api/portraits/thumb/men/17.jpg"},"nat":"NZ"}],"info":{"seed":"e49c20e0b68e6619","results":1,"page":1,"version":"1.4"}} 
 </msg>
<msg time="2024-04-21T18:17:28.024630" level="INFO">/opt/hostedtoolcache/Python/3.12.3/x64/lib/python3.12/site-packages/urllib3/connectionpool.py:1103: InsecureRequestWarning: Unverified HTTPS request is being made to host 'randomuser.me'. Adding certificate verification is strongly advised. See: https://urllib3.readthedocs.io/en/latest/advanced-usage.html#tls-warnings
  warnings.warn(</msg>
<msg time="2024-04-21T18:17:28.024712" level="INFO">${response} = &lt;Response [200]&gt;</msg>
<var>${response}</var>
<arg>consultarAPI</arg>
<arg>/api</arg>
<doc>Sends a GET request on a previously created HTTP Session.</doc>
<status status="PASS" start="2024-04-21T18:17:27.895417" elapsed="0.129330"/>
</kw>
<kw name="Set Variable" owner="BuiltIn">
<msg time="2024-04-21T18:17:28.025546" level="INFO">${json_data} = {'results': [{'gender': 'male', 'name': {'title': 'Mr', 'first': 'Aiden', 'last': 'Kumar'}, 'location': {'street': {'number': 4071, 'name': 'Taharoto Road'}, 'city': 'Napier', 'state': 'Otago', 'count...</msg>
<var>${json_data}</var>
<arg>${response.json()}</arg>
<doc>Returns the given values which can then be assigned to a variables.</doc>
<status status="PASS" start="2024-04-21T18:17:28.025109" elapsed="0.000464"/>
</kw>
<kw name="Log" owner="BuiltIn">
<msg time="2024-04-21T18:17:28.026026" level="INFO">{'results': [{'gender': 'male', 'name': {'title': 'Mr', 'first': 'Aiden', 'last': 'Kumar'}, 'location': {'street': {'number': 4071, 'name': 'Taharoto Road'}, 'city': 'Napier', 'state': 'Otago', 'country': 'New Zealand', 'postcode': 54979, 'coordinates': {'latitude': '50.1975', 'longitude': '-113.2225'}, 'timezone': {'offset': '+9:30', 'description': 'Adelaide, Darwin'}}, 'email': 'aiden.kumar@example.com', 'login': {'uuid': '06e6d797-788d-4a63-80d4-0cf22ba154cd', 'username': 'smallelephant147', 'password': '1223', 'salt': 'BFH2Nxps', 'md5': 'cde7ffc9c55eac8ca1d284b3a4bea4cb', 'sha1': '4a6a79964ab7408e2d7eee9625723a550e98aeb5', 'sha256': '6285ed8b1b6418ee9da72e13fd421caef163baa2d8fa0543cef45b7500a3d40b'}, 'dob': {'date': '1987-04-04T03:25:16.428Z', 'age': 37}, 'registered': {'date': '2022-04-16T06:06:14.720Z', 'age': 2}, 'phone': '(166)-032-7872', 'cell': '(240)-242-9789', 'id': {'name': '', 'value': None}, 'picture': {'large': 'https://randomuser.me/api/portraits/men/17.jpg', 'medium': 'https://randomuser.me/api/portraits/med/men/17.jpg', 'thumbnail': 'https://randomuser.me/api/portraits/thumb/men/17.jpg'}, 'nat': 'NZ'}], 'info': {'seed': 'e49c20e0b68e6619', 'results': 1, 'page': 1, 'version': '1.4'}}</msg>
<arg>${json_data}</arg>
<doc>Logs the given message with the given level.</doc>
<status status="PASS" start="2024-04-21T18:17:28.025875" elapsed="0.000225"/>
</kw>
<kw name="Should Be Equal As Numbers" owner="BuiltIn">
<arg>${json_data['results'][0]['location']['postcode']}</arg>
<arg>${json_data['results'][0]['location']['postcode']}</arg>
<doc>Fails if objects are unequal after converting them to real numbers.</doc>
<status status="PASS" start="2024-04-21T18:17:28.026515" elapsed="0.000607"/>
</kw>
<kw name="Log" owner="BuiltIn">
<msg time="2024-04-21T18:17:28.027648" level="INFO">54979</msg>
<arg>${json_data['results'][0]['location']['postcode']}</arg>
<doc>Logs the given message with the given level.</doc>
<status status="PASS" start="2024-04-21T18:17:28.027312" elapsed="0.000376"/>
</kw>
<status status="PASS" start="2024-04-21T18:17:27.895197" elapsed="0.132738"/>
</kw>
<doc>Testa se os tipos de dados na resposta da API estão corretos.</doc>
<tag>testeTiposDados</tag>
<status status="PASS" start="2024-04-21T18:17:27.812742" elapsed="0.215345"/>
</test>
<test id="s1-s1-t5" name="Validar conteudo" line="35">
<kw name="Teste de Tipos de Conteudo" owner="random-user-service">
<kw name="GET On Session" owner="RequestsLibrary">
<msg time="2024-04-21T18:17:28.858018" level="INFO">GET Request : url=https://randomuser.me/api 
 path_url=/api 
 headers={'User-Agent': 'python-requests/2.31.0', 'Accept-Encoding': 'gzip, deflate', 'Accept': '*/*', 'Connection': 'keep-alive'} 
 body=None 
 </msg>
<msg time="2024-04-21T18:17:28.858081" level="INFO">GET Response : url=https://randomuser.me/api 
 status=200, reason=OK 
 headers={'Date': 'Sun, 21 Apr 2024 18:17:28 GMT', 'Content-Type': 'application/json; charset=utf-8', 'Transfer-Encoding': 'chunked', 'Connection': 'keep-alive', 'X-Powered-By': 'Express', 'Access-Control-Allow-Origin': '*', 'Cache-Control': 'no-cache', 'ETag': 'W/"46c-uJ18cQWCaD/O+hpcmwAOzNZ5eWI"', 'Vary': 'Accept-Encoding', 'Content-Encoding': 'gzip', 'CF-Cache-Status': 'DYNAMIC', 'Report-To': '{"endpoints":[{"url":"https:\\/\\/a.nel.cloudflare.com\\/report\\/v4?s=IQAOyXAR4ro5yHy1%2BlGsZXxtnfsxJ%2FDUCXeaqRGY6yhFPW4f06%2FBd9sPoBQesFRw83duaSbvTKPw3wJatr6Iu6M7dAvoZ8uWXfgaqp5PgBTwaR4Ncsh2I%2FUXlC75jSSx"}],"group":"cf-nel","max_age":604800}', 'NEL': '{"success_fraction":0,"report_to":"cf-nel","max_age":604800}', 'Server': 'cloudflare', 'CF-RAY': '877f5efe3c882c28-ORD', 'alt-svc': 'h3=":443"; ma=86400'} 
 body={"results":[{"gender":"female","name":{"title":"Miss","first":"June","last":"Holt"},"location":{"street":{"number":2641,"name":"Smokey Ln"},"city":"Bathurst","state":"Queensland","country":"Australia","postcode":2516,"coordinates":{"latitude":"-89.4909","longitude":"151.3662"},"timezone":{"offset":"+4:30","description":"Kabul"}},"email":"june.holt@example.com","login":{"uuid":"864a4c16-0d9d-4144-a1d1-097232323ae9","username":"bigbear650","password":"snapple","salt":"1L1estzh","md5":"3a8d26db7ef19adddfd77467261aff28","sha1":"1a59406a8c8b16ac93eab8acbfc85f2206923f9f","sha256":"3c644c02320eae3d48b3e8a44fbc41a49308086b38004527750d1b377fde08a8"},"dob":{"date":"1970-02-16T01:47:53.565Z","age":54},"registered":{"date":"2004-11-23T06:37:48.838Z","age":19},"phone":"01-1126-8648","cell":"0475-864-579","id":{"name":"TFN","value":"772890844"},"picture":{"large":"https://randomuser.me/api/portraits/women/19.jpg","medium":"https://randomuser.me/api/portraits/med/women/19.jpg","thumbnail":"https://randomuser.me/api/portraits/thumb/women/19.jpg"},"nat":"AU"}],"info":{"seed":"be149a9e033ce307","results":1,"page":1,"version":"1.4"}} 
 </msg>
<msg time="2024-04-21T18:17:28.858135" level="INFO">/opt/hostedtoolcache/Python/3.12.3/x64/lib/python3.12/site-packages/urllib3/connectionpool.py:1103: InsecureRequestWarning: Unverified HTTPS request is being made to host 'randomuser.me'. Adding certificate verification is strongly advised. See: https://urllib3.readthedocs.io/en/latest/advanced-usage.html#tls-warnings
  warnings.warn(</msg>
<msg time="2024-04-21T18:17:28.858218" level="INFO">${response} = &lt;Response [200]&gt;</msg>
<var>${response}</var>
<arg>consultarAPI</arg>
<arg>/api</arg>
<doc>Sends a GET request on a previously created HTTP Session.</doc>
<status status="PASS" start="2024-04-21T18:17:28.030503" elapsed="0.827754"/>
</kw>
<kw name="Set Variable" owner="BuiltIn">
<msg time="2024-04-21T18:17:28.859101" level="INFO">${json_data} = {'results': [{'gender': 'female', 'name': {'title': 'Miss', 'first': 'June', 'last': 'Holt'}, 'location': {'street': {'number': 2641, 'name': 'Smokey Ln'}, 'city': 'Bathurst', 'state': 'Queensland', '...</msg>
<var>${json_data}</var>
<arg>${response.json()}</arg>
<doc>Returns the given values which can then be assigned to a variables.</doc>
<status status="PASS" start="2024-04-21T18:17:28.858656" elapsed="0.000472"/>
</kw>
<kw name="Set Variable" owner="BuiltIn">
<msg time="2024-04-21T18:17:28.859805" level="INFO">${name_title} = Miss</msg>
<var>${name_title}</var>
<arg>${json_data["results"][0]["name"]["title"]}</arg>
<doc>Returns the given values which can then be assigned to a variables.</doc>
<status status="PASS" start="2024-04-21T18:17:28.859427" elapsed="0.000403"/>
</kw>
<kw name="Create List" owner="BuiltIn">
<msg time="2024-04-21T18:17:28.860268" level="INFO">${allowed_titles} = ['Mr', 'Ms', 'Miss', 'Mrs', 'Madame', 'Monsieur']</msg>
<var>${allowed_titles}</var>
<arg>Mr</arg>
<arg>Ms</arg>
<arg>Miss</arg>
<arg>Mrs</arg>
<arg>Madame</arg>
<arg>Monsieur</arg>
<doc>Returns a list containing given items.</doc>
<status status="PASS" start="2024-04-21T18:17:28.860120" elapsed="0.000172"/>
</kw>
<kw name="List Should Contain Value" owner="Collections">
<msg time="2024-04-21T18:17:28.860801" level="INFO">False</msg>
<arg>${allowed_titles}</arg>
<arg>${name_title}</arg>
<doc>Fails if the ``value`` is not found from ``list``.</doc>
<status status="PASS" start="2024-04-21T18:17:28.860630" elapsed="0.000206"/>
</kw>
<kw name="Set Variable" owner="BuiltIn">
<msg time="2024-04-21T18:17:28.861505" level="INFO">${name_country} = AU</msg>
<var>${name_country}</var>
<arg>${json_data["results"][0]["nat"]}</arg>
<doc>Returns the given values which can then be assigned to a variables.</doc>
<status status="PASS" start="2024-04-21T18:17:28.861124" elapsed="0.000406"/>
</kw>
<kw name="Create List" owner="BuiltIn">
<msg time="2024-04-21T18:17:28.862416" level="INFO">${list_country} = ['AD', 'AE', 'AF', 'AG', 'AI', 'AL', 'AM', 'AO', 'AQ', 'AR', 'AS', 'AT', 'AU', 'AW', 'AX', 'AZ', 'BA', 'BB', 'BD', 'BE', 'BF', 'BG', 'BH', 'BI', 'BJ', 'BL', 'BM', 'BN', 'BO', 'BQ', 'BR', 'BS', 'BT', '...</msg>
<var>${list_country}</var>
<arg>AD</arg>
<arg>AE</arg>
<arg>AF</arg>
<arg>AG</arg>
<arg>AI</arg>
<arg>AL</arg>
<arg>AM</arg>
<arg>AO</arg>
<arg>AQ</arg>
<arg>AR</arg>
<arg>AS</arg>
<arg>AT</arg>
<arg>AU</arg>
<arg>AW</arg>
<arg>AX</arg>
<arg>AZ</arg>
<arg>BA</arg>
<arg>BB</arg>
<arg>BD</arg>
<arg>BE</arg>
<arg>BF</arg>
<arg>BG</arg>
<arg>BH</arg>
<arg>BI</arg>
<arg>BJ</arg>
<arg>BL</arg>
<arg>BM</arg>
<arg>BN</arg>
<arg>BO</arg>
<arg>BQ</arg>
<arg>BR</arg>
<arg>BS</arg>
<arg>BT</arg>
<arg>BV</arg>
<arg>BW</arg>
<arg>BY</arg>
<arg>BZ</arg>
<arg>CA</arg>
<arg>CC</arg>
<arg>CD</arg>
<arg>CF</arg>
<arg>CG</arg>
<arg>CH</arg>
<arg>CI</arg>
<arg>CK</arg>
<arg>CL</arg>
<arg>CM</arg>
<arg>CN</arg>
<arg>CO</arg>
<arg>CR</arg>
<arg>CU</arg>
<arg>CV</arg>
<arg>CW</arg>
<arg>CX</arg>
<arg>CY</arg>
<arg>CZ</arg>
<arg>DE</arg>
<arg>DJ</arg>
<arg>DK</arg>
<arg>DM</arg>
<arg>DO</arg>
<arg>DZ</arg>
<arg>EC</arg>
<arg>EE</arg>
<arg>EG</arg>
<arg>EH</arg>
<arg>ER</arg>
<arg>ES</arg>
<arg>ET</arg>
<arg>FI</arg>
<arg>FJ</arg>
<arg>FK</arg>
<arg>FM</arg>
<arg>FO</arg>
<arg>FR</arg>
<arg>GA</arg>
<arg>GB</arg>
<arg>GD</arg>
<arg>GE</arg>
<arg>GF</arg>
<arg>GG</arg>
<arg>GH</arg>
<arg>GI</arg>
<arg>GL</arg>
<arg>GM</arg>
<arg>GN</arg>
<arg>GP</arg>
<arg>GQ</arg>
<arg>GR</arg>
<arg>GS</arg>
<arg>GT</arg>
<arg>GU</arg>
<arg>GW</arg>
<arg>GY</arg>
<arg>HK</arg>
<arg>HM</arg>
<arg>HN</arg>
<arg>HR</arg>
<arg>HT</arg>
<arg>HU</arg>
<arg>ID</arg>
<arg>IE</arg>
<arg>IL</arg>
<arg>IM</arg>
<arg>IN</arg>
<arg>IO</arg>
<arg>IQ</arg>
<arg>IR</arg>
<arg>IS</arg>
<arg>IT</arg>
<arg>JE</arg>
<arg>JM</arg>
<arg>JO</arg>
<arg>JP</arg>
<arg>KE</arg>
<arg>KG</arg>
<arg>KH</arg>
<arg>KI</arg>
<arg>KM</arg>
<arg>KN</arg>
<arg>KP</arg>
<arg>KR</arg>
<arg>KW</arg>
<arg>KY</arg>
<arg>KZ</arg>
<arg>LA</arg>
<arg>LB</arg>
<arg>LC</arg>
<arg>LI</arg>
<arg>LK</arg>
<arg>LR</arg>
<arg>LS</arg>
<arg>LT</arg>
<arg>LU</arg>
<arg>LV</arg>
<arg>LY</arg>
<arg>MA</arg>
<arg>MC</arg>
<arg>MD</arg>
<arg>ME</arg>
<arg>MF</arg>
<arg>MG</arg>
<arg>MH</arg>
<arg>MK</arg>
<arg>ML</arg>
<arg>MM</arg>
<arg>MN</arg>
<arg>MO</arg>
<arg>MP</arg>
<arg>MQ</arg>
<arg>MR</arg>
<arg>MS</arg>
<arg>MT</arg>
<arg>MU</arg>
<arg>MV</arg>
<arg>MW</arg>
<arg>MX</arg>
<arg>MY</arg>
<arg>MZ</arg>
<arg>NA</arg>
<arg>NC</arg>
<arg>NE</arg>
<arg>NF</arg>
<arg>NG</arg>
<arg>NI</arg>
<arg>NL</arg>
<arg>NO</arg>
<arg>NP</arg>
<arg>NR</arg>
<arg>NU</arg>
<arg>NZ</arg>
<arg>OM</arg>
<arg>PA</arg>
<arg>PE</arg>
<arg>PF</arg>
<arg>PG</arg>
<arg>PH</arg>
<arg>PK</arg>
<arg>PL</arg>
<arg>PM</arg>
<arg>PN</arg>
<arg>PR</arg>
<arg>PS</arg>
<arg>PT</arg>
<arg>PW</arg>
<arg>PY</arg>
<arg>QA</arg>
<arg>RE</arg>
<arg>RO</arg>
<arg>RS</arg>
<arg>RU</arg>
<arg>RW</arg>
<arg>SA</arg>
<arg>SB</arg>
<arg>SC</arg>
<arg>SD</arg>
<arg>SE</arg>
<arg>SG</arg>
<arg>SH</arg>
<arg>SI</arg>
<arg>SJ</arg>
<arg>SK</arg>
<arg>SL</arg>
<arg>SM</arg>
<arg>SN</arg>
<arg>SO</arg>
<arg>SR</arg>
<arg>SS</arg>
<arg>ST</arg>
<arg>SV</arg>
<arg>SX</arg>
<arg>SY</arg>
<arg>SZ</arg>
<arg>TC</arg>
<arg>TD</arg>
<arg>TF</arg>
<arg>TG</arg>
<arg>TH</arg>
<arg>TJ</arg>
<arg>TK</arg>
<arg>TL</arg>
<arg>TM</arg>
<arg>TN</arg>
<arg>TO</arg>
<arg>TR</arg>
<arg>TT</arg>
<arg>TV</arg>
<arg>TW</arg>
<arg>TZ</arg>
<arg>UA</arg>
<arg>UG</arg>
<arg>UM</arg>
<arg>US</arg>
<arg>UY</arg>
<arg>UZ</arg>
<arg>VA</arg>
<arg>VC</arg>
<arg>VE</arg>
<arg>VG</arg>
<arg>VI</arg>
<arg>VN</arg>
<arg>VU</arg>
<arg>WF</arg>
<arg>WS</arg>
<arg>XK</arg>
<arg>YE</arg>
<arg>YT</arg>
<arg>ZA</arg>
<arg>ZM</arg>
<arg>ZW</arg>
<doc>Returns a list containing given items.</doc>
<status status="PASS" start="2024-04-21T18:17:28.861830" elapsed="0.000612"/>
</kw>
<kw name="List Should Contain Value" owner="Collections">
<msg time="2024-04-21T18:17:28.863426" level="INFO">False</msg>
<arg>${list_country}</arg>
<arg>${name_country}</arg>
<doc>Fails if the ``value`` is not found from ``list``.</doc>
<status status="PASS" start="2024-04-21T18:17:28.863228" elapsed="0.000234"/>
</kw>
<kw name="Run Keyword If" owner="BuiltIn">
<kw name="Should Be True" owner="BuiltIn">
<arg>${True}</arg>
<doc>Fails if the given condition is not true.</doc>
<status status="PASS" start="2024-04-21T18:17:28.864537" elapsed="0.000250"/>
</kw>
<arg>${json_data["results"][0]["location"]["coordinates"]["latitude"]} &gt;= -90 and ${json_data["results"][0]["location"]["coordinates"]["latitude"]} &lt;= 90</arg>
<arg>Should Be True</arg>
<arg>${True}</arg>
<doc>Runs the given keyword with the given arguments, if ``condition`` is true.</doc>
<status status="PASS" start="2024-04-21T18:17:28.863765" elapsed="0.001154"/>
</kw>
<kw name="Run Keyword If" owner="BuiltIn">
<kw name="Should Be True" owner="BuiltIn">
<arg>${True}</arg>
<doc>Fails if the given condition is not true.</doc>
<status status="PASS" start="2024-04-21T18:17:28.865804" elapsed="0.000135"/>
</kw>
<arg>${json_data["results"][0]["location"]["coordinates"]["longitude"]} &gt;= -180 and ${json_data["results"][0]["location"]["coordinates"]["longitude"]} &lt;= 180</arg>
<arg>Should Be True</arg>
<arg>${True}</arg>
<doc>Runs the given keyword with the given arguments, if ``condition`` is true.</doc>
<status status="PASS" start="2024-04-21T18:17:28.865104" elapsed="0.000958"/>
</kw>
<status status="PASS" start="2024-04-21T18:17:28.030287" elapsed="0.835902"/>
</kw>
<doc>Testa o conteúdo específico dos campos retornados pela API.</doc>
<tag>testeConteudo</tag>
<status status="PASS" start="2024-04-21T18:17:28.029873" elapsed="0.836455"/>
</test>
<status status="PASS" start="2024-04-21T18:17:27.302986" elapsed="1.565203"/>
</suite>
<status status="PASS" start="2024-04-21T18:17:27.289493" elapsed="1.583712"/>
</suite>
<statistics>
<total>
<stat pass="5" fail="0" skip="0">All Tests</stat>
</total>
<tag>
<stat pass="1" fail="0" skip="0">testeConteudo</stat>
<stat pass="1" fail="0" skip="0">testeEstruturaResposta</stat>
<stat pass="1" fail="0" skip="0">testeRequisicaoBasica</stat>
<stat pass="1" fail="0" skip="0">testeTiposDados</stat>
</tag>
<suite>
<stat pass="5" fail="0" skip="0" id="s1" name="Tests">Tests</stat>
<stat pass="5" fail="0" skip="0" id="s1-s1" name="Random-User-Test">Tests.Random-User-Test</stat>
</suite>
</statistics>
<errors>
</errors>
</robot>
