<?xml version="1.0" encoding="UTF-8"?>
<robot generator="Robot 7.0 (Python 3.12.3 on linux)" generated="2024-05-24T03:16:14.850385" rpa="false" schemaversion="5">
<suite id="s1" name="Tests" source="/home/runner/work/DesafioQAItauRogerioJordao/DesafioQAItauRogerioJordao/RamdonUser/tests">
<suite id="s1-s1" name="Random-User-Test" source="/home/runner/work/DesafioQAItauRogerioJordao/DesafioQAItauRogerioJordao/RamdonUser/tests/random-user-test.robot">
<test id="s1-s1-t1" name="Conectar" line="13">
<kw name="Conectar API" owner="random-user-service">
<kw name="Create Session" owner="RequestsLibrary">
<msg time="2024-05-24T03:16:15.233746" level="INFO">Creating Session using : alias=consultarAPI, url=https://randomuser.me/, headers={},                     cookies={}, auth=None, timeout=None, proxies=None, verify=False,                     debug=0 </msg>
<arg>consultarAPI</arg>
<arg>${URL}</arg>
<doc>Create Session: create a HTTP session to a server</doc>
<status status="PASS" start="2024-05-24T03:16:15.233542" elapsed="0.000374"/>
</kw>
<status status="PASS" start="2024-05-24T03:16:15.232517" elapsed="0.001757"/>
</kw>
<status status="PASS" start="2024-05-24T03:16:15.231926" elapsed="0.002540"/>
</test>
<test id="s1-s1-t2" name="Validar retorno 200 e JSON Válido" line="16">
<kw name="Teste de Requisicao Basica" owner="random-user-service">
<kw name="GET On Session" owner="RequestsLibrary">
<msg time="2024-05-24T03:16:15.317675" level="INFO">GET Request : url=https://randomuser.me/api 
 path_url=/api 
 headers={'User-Agent': 'python-requests/2.32.2', 'Accept-Encoding': 'gzip, deflate', 'Accept': '*/*', 'Connection': 'keep-alive'} 
 body=None 
 </msg>
<msg time="2024-05-24T03:16:15.317799" level="INFO">GET Response : url=https://randomuser.me/api 
 status=200, reason=OK 
 headers={'Date': 'Fri, 24 May 2024 03:16:15 GMT', 'Content-Type': 'application/json; charset=utf-8', 'Transfer-Encoding': 'chunked', 'Connection': 'keep-alive', 'X-Powered-By': 'Express', 'Access-Control-Allow-Origin': '*', 'Cache-Control': 'no-cache', 'ETag': 'W/"4a2-/wPbRWd7/jNPPPG7tNoo4uMIuY0"', 'Vary': 'Accept-Encoding', 'Content-Encoding': 'gzip', 'CF-Cache-Status': 'DYNAMIC', 'Report-To': '{"endpoints":[{"url":"https:\\/\\/a.nel.cloudflare.com\\/report\\/v4?s=7RCDXHbiJqbjkp98A0VN0AW0Ouu87ng9c7%2BnAva2cFdsxgQvGFay%2B6qGe4LIHqZgcfUi%2BiwM2QZAgLwb9fL5cQMrWF8vh9Ag81kR2vjsi%2BPla90a%2FFCJnJJVpqKOnf%2BP"}],"group":"cf-nel","max_age":604800}', 'NEL': '{"success_fraction":0,"report_to":"cf-nel","max_age":604800}', 'Server': 'cloudflare', 'CF-RAY': '888a203b7ed52caf-ORD', 'alt-svc': 'h3=":443"; ma=86400'} 
 body={"results":[{"gender":"female","name":{"title":"Miss","first":"Kimaya","last":"Kumar"},"location":{"street":{"number":4735,"name":"Rani No Hajiro"},"city":"Kumbakonam","state":"Uttar Pradesh","country":"India","postcode":91144,"coordinates":{"latitude":"12.7717","longitude":"144.8435"},"timezone":{"offset":"-4:00","description":"Atlantic Time (Canada), Caracas, La Paz"}},"email":"kimaya.kumar@example.com","login":{"uuid":"57047b8f-ec82-492b-8a3e-1657ef673cba","username":"tinybutterfly439","password":"cheyenne","salt":"WFlLkSWO","md5":"251b650ab600323eabdeb8434ea6bd9c","sha1":"040352cd99bab1c3c820e2d9255251b80cf04b8c","sha256":"495cdf3b43895c796bddec365c76cd4c6399a4454e448d5a25896cf2e543db1f"},"dob":{"date":"1964-09-30T10:47:08.865Z","age":59},"registered":{"date":"2011-05-06T06:50:10.739Z","age":13},"phone":"9442766745","cell":"7315354356","id":{"name":"UIDAI","value":"696620936892"},"picture":{"large":"https://randomuser.me/api/portraits/women/90.jpg","medium":"https://randomuser.me/api/portraits/med/women/90.jpg","thumbnail":"https://randomuser.me/api/portraits/thumb/women/90.jpg"},"nat":"IN"}],"info":{"seed":"5c74ffde318ab627","results":1,"page":1,"version":"1.4"}} 
 </msg>
<msg time="2024-05-24T03:16:15.317883" level="INFO">/opt/hostedtoolcache/Python/3.12.3/x64/lib/python3.12/site-packages/urllib3/connectionpool.py:1103: InsecureRequestWarning: Unverified HTTPS request is being made to host 'randomuser.me'. Adding certificate verification is strongly advised. See: https://urllib3.readthedocs.io/en/latest/advanced-usage.html#tls-warnings
  warnings.warn(</msg>
<msg time="2024-05-24T03:16:15.318008" level="INFO">${response} = &lt;Response [200]&gt;</msg>
<var>${response}</var>
<arg>consultarAPI</arg>
<arg>/api</arg>
<doc>Sends a GET request on a previously created HTTP Session.</doc>
<status status="PASS" start="2024-05-24T03:16:15.237167" elapsed="0.080887"/>
</kw>
<kw name="Should Be Equal As Numbers" owner="BuiltIn">
<msg time="2024-05-24T03:16:15.318870" level="INFO">Argument types are:
&lt;class 'int'&gt;
&lt;class 'str'&gt;</msg>
<arg>${response.status_code}</arg>
<arg>200</arg>
<doc>Fails if objects are unequal after converting them to real numbers.</doc>
<status status="PASS" start="2024-05-24T03:16:15.318459" elapsed="0.000475"/>
</kw>
<kw name="Log" owner="BuiltIn">
<msg time="2024-05-24T03:16:15.319705" level="INFO">200</msg>
<arg>${response.status_code}</arg>
<doc>Logs the given message with the given level.</doc>
<status status="PASS" start="2024-05-24T03:16:15.319353" elapsed="0.000408"/>
</kw>
<kw name="Set Variable" owner="BuiltIn">
<msg time="2024-05-24T03:16:15.320490" level="INFO">${json_data} = {'results': [{'gender': 'female', 'name': {'title': 'Miss', 'first': 'Kimaya', 'last': 'Kumar'}, 'location': {'street': {'number': 4735, 'name': 'Rani No Hajiro'}, 'city': 'Kumbakonam', 'state': 'Utta...</msg>
<var>${json_data}</var>
<arg>${response.json()}</arg>
<doc>Returns the given values which can then be assigned to a variables.</doc>
<status status="PASS" start="2024-05-24T03:16:15.320071" elapsed="0.000446"/>
</kw>
<kw name="Dictionary Should Contain Key" owner="Collections">
<msg time="2024-05-24T03:16:15.320985" level="INFO">False</msg>
<arg>${json_data}</arg>
<arg>results</arg>
<doc>Fails if ``key`` is not found from ``dictionary``.</doc>
<status status="PASS" start="2024-05-24T03:16:15.320821" elapsed="0.000338"/>
</kw>
<status status="PASS" start="2024-05-24T03:16:15.236921" elapsed="0.084498"/>
</kw>
<doc>Testa se a API responde corretamente e retorna um objeto JSON válido.</doc>
<tag>testeRequisicaoBasica</tag>
<status status="PASS" start="2024-05-24T03:16:15.236367" elapsed="0.085223"/>
</test>
<test id="s1-s1-t3" name="Validar estrutura de resposta" line="22">
<kw name="Teste de Estrutura de Resposta" owner="random-user-service">
<kw name="GET On Session" owner="RequestsLibrary">
<msg time="2024-05-24T03:16:15.415405" level="INFO">GET Request : url=https://randomuser.me/api 
 path_url=/api 
 headers={'User-Agent': 'python-requests/2.32.2', 'Accept-Encoding': 'gzip, deflate', 'Accept': '*/*', 'Connection': 'keep-alive'} 
 body=None 
 </msg>
<msg time="2024-05-24T03:16:15.415487" level="INFO">GET Response : url=https://randomuser.me/api 
 status=200, reason=OK 
 headers={'Date': 'Fri, 24 May 2024 03:16:15 GMT', 'Content-Type': 'application/json; charset=utf-8', 'Transfer-Encoding': 'chunked', 'Connection': 'keep-alive', 'X-Powered-By': 'Express', 'Access-Control-Allow-Origin': '*', 'Cache-Control': 'no-cache', 'ETag': 'W/"48d-UhrwdV7Uh9730spPNoqcQv5eRjM"', 'Vary': 'Accept-Encoding', 'Content-Encoding': 'gzip', 'CF-Cache-Status': 'DYNAMIC', 'Report-To': '{"endpoints":[{"url":"https:\\/\\/a.nel.cloudflare.com\\/report\\/v4?s=CXNhpq8%2FT7tfhGnyfg%2BR%2FxHilY3poW4bBZM3dtZkFf8rGvBRrNMg%2B441%2FWB2aSz1Xq%2FNuG0yywXPBRCOqc8pyjVZmr70Mjmzy7wVQOUCSHXZ1BOUOQIm%2F1Zkpm2YNAP9"}],"group":"cf-nel","max_age":604800}', 'NEL': '{"success_fraction":0,"report_to":"cf-nel","max_age":604800}', 'Server': 'cloudflare', 'CF-RAY': '888a203bcf3e2caf-ORD', 'alt-svc': 'h3=":443"; ma=86400'} 
 body={"results":[{"gender":"male","name":{"title":"Mr","first":"Guy","last":"Cruz"},"location":{"street":{"number":8832,"name":"Mill Road"},"city":"Wells","state":"West Sussex","country":"United Kingdom","postcode":"WA9A 9UX","coordinates":{"latitude":"-8.9597","longitude":"-90.4620"},"timezone":{"offset":"+1:00","description":"Brussels, Copenhagen, Madrid, Paris"}},"email":"guy.cruz@example.com","login":{"uuid":"627e7efc-7e3f-4a33-94c1-806b63da34eb","username":"silverbird592","password":"dougie","salt":"E3m8OloZ","md5":"de75313d5414e993e93981ac0d1510b0","sha1":"844d81142e0504ca5399218989491eb8d5adc567","sha256":"a4f635e2409cc0aea9b49173b1ddda45955d4321b91628195094bdf4b9fc14a9"},"dob":{"date":"1945-08-29T17:04:22.863Z","age":78},"registered":{"date":"2010-12-27T11:40:54.081Z","age":13},"phone":"016977 34533","cell":"07052 789021","id":{"name":"NINO","value":"ER 90 29 09 W"},"picture":{"large":"https://randomuser.me/api/portraits/men/72.jpg","medium":"https://randomuser.me/api/portraits/med/men/72.jpg","thumbnail":"https://randomuser.me/api/portraits/thumb/men/72.jpg"},"nat":"GB"}],"info":{"seed":"b60f7d015af621a8","results":1,"page":1,"version":"1.4"}} 
 </msg>
<msg time="2024-05-24T03:16:15.415599" level="INFO">/opt/hostedtoolcache/Python/3.12.3/x64/lib/python3.12/site-packages/urllib3/connectionpool.py:1103: InsecureRequestWarning: Unverified HTTPS request is being made to host 'randomuser.me'. Adding certificate verification is strongly advised. See: https://urllib3.readthedocs.io/en/latest/advanced-usage.html#tls-warnings
  warnings.warn(</msg>
<msg time="2024-05-24T03:16:15.415719" level="INFO">${response} = &lt;Response [200]&gt;</msg>
<var>${response}</var>
<arg>consultarAPI</arg>
<arg>/api</arg>
<doc>Sends a GET request on a previously created HTTP Session.</doc>
<status status="PASS" start="2024-05-24T03:16:15.324213" elapsed="0.091557"/>
</kw>
<kw name="Set Variable" owner="BuiltIn">
<msg time="2024-05-24T03:16:15.416862" level="INFO">${json_data} = {'results': [{'gender': 'male', 'name': {'title': 'Mr', 'first': 'Guy', 'last': 'Cruz'}, 'location': {'street': {'number': 8832, 'name': 'Mill Road'}, 'city': 'Wells', 'state': 'West Sussex', 'country...</msg>
<var>${json_data}</var>
<arg>${response.json()}</arg>
<doc>Returns the given values which can then be assigned to a variables.</doc>
<status status="PASS" start="2024-05-24T03:16:15.416305" elapsed="0.000586"/>
</kw>
<kw name="Log" owner="BuiltIn">
<msg time="2024-05-24T03:16:15.417364" level="INFO">{'results': [{'gender': 'male', 'name': {'title': 'Mr', 'first': 'Guy', 'last': 'Cruz'}, 'location': {'street': {'number': 8832, 'name': 'Mill Road'}, 'city': 'Wells', 'state': 'West Sussex', 'country': 'United Kingdom', 'postcode': 'WA9A 9UX', 'coordinates': {'latitude': '-8.9597', 'longitude': '-90.4620'}, 'timezone': {'offset': '+1:00', 'description': 'Brussels, Copenhagen, Madrid, Paris'}}, 'email': 'guy.cruz@example.com', 'login': {'uuid': '627e7efc-7e3f-4a33-94c1-806b63da34eb', 'username': 'silverbird592', 'password': 'dougie', 'salt': 'E3m8OloZ', 'md5': 'de75313d5414e993e93981ac0d1510b0', 'sha1': '844d81142e0504ca5399218989491eb8d5adc567', 'sha256': 'a4f635e2409cc0aea9b49173b1ddda45955d4321b91628195094bdf4b9fc14a9'}, 'dob': {'date': '1945-08-29T17:04:22.863Z', 'age': 78}, 'registered': {'date': '2010-12-27T11:40:54.081Z', 'age': 13}, 'phone': '016977 34533', 'cell': '07052 789021', 'id': {'name': 'NINO', 'value': 'ER 90 29 09 W'}, 'picture': {'large': 'https://randomuser.me/api/portraits/men/72.jpg', 'medium': 'https://randomuser.me/api/portraits/med/men/72.jpg', 'thumbnail': 'https://randomuser.me/api/portraits/thumb/men/72.jpg'}, 'nat': 'GB'}], 'info': {'seed': 'b60f7d015af621a8', 'results': 1, 'page': 1, 'version': '1.4'}}</msg>
<arg>${json_data}</arg>
<doc>Logs the given message with the given level.</doc>
<status status="PASS" start="2024-05-24T03:16:15.417205" elapsed="0.000206"/>
</kw>
<kw name="Dictionary Should Contain Key" owner="Collections">
<msg time="2024-05-24T03:16:15.417860" level="INFO">False</msg>
<arg>${json_data}</arg>
<arg>results</arg>
<doc>Fails if ``key`` is not found from ``dictionary``.</doc>
<status status="PASS" start="2024-05-24T03:16:15.417707" elapsed="0.000195"/>
</kw>
<kw name="Should Not Be Empty" owner="BuiltIn">
<msg time="2024-05-24T03:16:15.418329" level="INFO">Length is 2.</msg>
<arg>${json_data}</arg>
<doc>Verifies that the given item is not empty.</doc>
<status status="PASS" start="2024-05-24T03:16:15.418199" elapsed="0.000168"/>
</kw>
<kw name="Create List" owner="BuiltIn">
<msg time="2024-05-24T03:16:15.418806" level="INFO">${expected_keys} = ['gender', 'name', 'location', 'email', 'login']</msg>
<var>${expected_keys}</var>
<arg>gender</arg>
<arg>name</arg>
<arg>location</arg>
<arg>email</arg>
<arg>login</arg>
<doc>Returns a list containing given items.</doc>
<status status="PASS" start="2024-05-24T03:16:15.418656" elapsed="0.000173"/>
</kw>
<for flavor="IN">
<iter>
<kw name="Dictionary Should Contain Key" owner="Collections">
<msg time="2024-05-24T03:16:15.419859" level="INFO">False</msg>
<arg>${json_data['results'][0]}</arg>
<arg>${key}</arg>
<doc>Fails if ``key`` is not found from ``dictionary``.</doc>
<status status="PASS" start="2024-05-24T03:16:15.419449" elapsed="0.000453"/>
</kw>
<kw name="Log" owner="BuiltIn">
<msg time="2024-05-24T03:16:15.420584" level="INFO">{'gender': 'male', 'name': {'title': 'Mr', 'first': 'Guy', 'last': 'Cruz'}, 'location': {'street': {'number': 8832, 'name': 'Mill Road'}, 'city': 'Wells', 'state': 'West Sussex', 'country': 'United Kingdom', 'postcode': 'WA9A 9UX', 'coordinates': {'latitude': '-8.9597', 'longitude': '-90.4620'}, 'timezone': {'offset': '+1:00', 'description': 'Brussels, Copenhagen, Madrid, Paris'}}, 'email': 'guy.cruz@example.com', 'login': {'uuid': '627e7efc-7e3f-4a33-94c1-806b63da34eb', 'username': 'silverbird592', 'password': 'dougie', 'salt': 'E3m8OloZ', 'md5': 'de75313d5414e993e93981ac0d1510b0', 'sha1': '844d81142e0504ca5399218989491eb8d5adc567', 'sha256': 'a4f635e2409cc0aea9b49173b1ddda45955d4321b91628195094bdf4b9fc14a9'}, 'dob': {'date': '1945-08-29T17:04:22.863Z', 'age': 78}, 'registered': {'date': '2010-12-27T11:40:54.081Z', 'age': 13}, 'phone': '016977 34533', 'cell': '07052 789021', 'id': {'name': 'NINO', 'value': 'ER 90 29 09 W'}, 'picture': {'large': 'https://randomuser.me/api/portraits/men/72.jpg', 'medium': 'https://randomuser.me/api/portraits/med/men/72.jpg', 'thumbnail': 'https://randomuser.me/api/portraits/thumb/men/72.jpg'}, 'nat': 'GB'}</msg>
<arg>${json_data['results'][0]}</arg>
<doc>Logs the given message with the given level.</doc>
<status status="PASS" start="2024-05-24T03:16:15.420207" elapsed="0.000426"/>
</kw>
<kw name="Log" owner="BuiltIn">
<msg time="2024-05-24T03:16:15.421062" level="INFO">gender</msg>
<arg>${key}</arg>
<doc>Logs the given message with the given level.</doc>
<status status="PASS" start="2024-05-24T03:16:15.420932" elapsed="0.000168"/>
</kw>
<var name="${key}">gender</var>
<status status="PASS" start="2024-05-24T03:16:15.419325" elapsed="0.001989"/>
</iter>
<iter>
<kw name="Dictionary Should Contain Key" owner="Collections">
<msg time="2024-05-24T03:16:15.422002" level="INFO">False</msg>
<arg>${json_data['results'][0]}</arg>
<arg>${key}</arg>
<doc>Fails if ``key`` is not found from ``dictionary``.</doc>
<status status="PASS" start="2024-05-24T03:16:15.421614" elapsed="0.000425"/>
</kw>
<kw name="Log" owner="BuiltIn">
<msg time="2024-05-24T03:16:15.422723" level="INFO">{'gender': 'male', 'name': {'title': 'Mr', 'first': 'Guy', 'last': 'Cruz'}, 'location': {'street': {'number': 8832, 'name': 'Mill Road'}, 'city': 'Wells', 'state': 'West Sussex', 'country': 'United Kingdom', 'postcode': 'WA9A 9UX', 'coordinates': {'latitude': '-8.9597', 'longitude': '-90.4620'}, 'timezone': {'offset': '+1:00', 'description': 'Brussels, Copenhagen, Madrid, Paris'}}, 'email': 'guy.cruz@example.com', 'login': {'uuid': '627e7efc-7e3f-4a33-94c1-806b63da34eb', 'username': 'silverbird592', 'password': 'dougie', 'salt': 'E3m8OloZ', 'md5': 'de75313d5414e993e93981ac0d1510b0', 'sha1': '844d81142e0504ca5399218989491eb8d5adc567', 'sha256': 'a4f635e2409cc0aea9b49173b1ddda45955d4321b91628195094bdf4b9fc14a9'}, 'dob': {'date': '1945-08-29T17:04:22.863Z', 'age': 78}, 'registered': {'date': '2010-12-27T11:40:54.081Z', 'age': 13}, 'phone': '016977 34533', 'cell': '07052 789021', 'id': {'name': 'NINO', 'value': 'ER 90 29 09 W'}, 'picture': {'large': 'https://randomuser.me/api/portraits/men/72.jpg', 'medium': 'https://randomuser.me/api/portraits/med/men/72.jpg', 'thumbnail': 'https://randomuser.me/api/portraits/thumb/men/72.jpg'}, 'nat': 'GB'}</msg>
<arg>${json_data['results'][0]}</arg>
<doc>Logs the given message with the given level.</doc>
<status status="PASS" start="2024-05-24T03:16:15.422362" elapsed="0.000408"/>
</kw>
<kw name="Log" owner="BuiltIn">
<msg time="2024-05-24T03:16:15.423225" level="INFO">name</msg>
<arg>${key}</arg>
<doc>Logs the given message with the given level.</doc>
<status status="PASS" start="2024-05-24T03:16:15.423093" elapsed="0.000170"/>
</kw>
<var name="${key}">name</var>
<status status="PASS" start="2024-05-24T03:16:15.421499" elapsed="0.001988"/>
</iter>
<iter>
<kw name="Dictionary Should Contain Key" owner="Collections">
<msg time="2024-05-24T03:16:15.424155" level="INFO">False</msg>
<arg>${json_data['results'][0]}</arg>
<arg>${key}</arg>
<doc>Fails if ``key`` is not found from ``dictionary``.</doc>
<status status="PASS" start="2024-05-24T03:16:15.423778" elapsed="0.000415"/>
</kw>
<kw name="Log" owner="BuiltIn">
<msg time="2024-05-24T03:16:15.424861" level="INFO">{'gender': 'male', 'name': {'title': 'Mr', 'first': 'Guy', 'last': 'Cruz'}, 'location': {'street': {'number': 8832, 'name': 'Mill Road'}, 'city': 'Wells', 'state': 'West Sussex', 'country': 'United Kingdom', 'postcode': 'WA9A 9UX', 'coordinates': {'latitude': '-8.9597', 'longitude': '-90.4620'}, 'timezone': {'offset': '+1:00', 'description': 'Brussels, Copenhagen, Madrid, Paris'}}, 'email': 'guy.cruz@example.com', 'login': {'uuid': '627e7efc-7e3f-4a33-94c1-806b63da34eb', 'username': 'silverbird592', 'password': 'dougie', 'salt': 'E3m8OloZ', 'md5': 'de75313d5414e993e93981ac0d1510b0', 'sha1': '844d81142e0504ca5399218989491eb8d5adc567', 'sha256': 'a4f635e2409cc0aea9b49173b1ddda45955d4321b91628195094bdf4b9fc14a9'}, 'dob': {'date': '1945-08-29T17:04:22.863Z', 'age': 78}, 'registered': {'date': '2010-12-27T11:40:54.081Z', 'age': 13}, 'phone': '016977 34533', 'cell': '07052 789021', 'id': {'name': 'NINO', 'value': 'ER 90 29 09 W'}, 'picture': {'large': 'https://randomuser.me/api/portraits/men/72.jpg', 'medium': 'https://randomuser.me/api/portraits/med/men/72.jpg', 'thumbnail': 'https://randomuser.me/api/portraits/thumb/men/72.jpg'}, 'nat': 'GB'}</msg>
<arg>${json_data['results'][0]}</arg>
<doc>Logs the given message with the given level.</doc>
<status status="PASS" start="2024-05-24T03:16:15.424495" elapsed="0.000413"/>
</kw>
<kw name="Log" owner="BuiltIn">
<msg time="2024-05-24T03:16:15.425326" level="INFO">location</msg>
<arg>${key}</arg>
<doc>Logs the given message with the given level.</doc>
<status status="PASS" start="2024-05-24T03:16:15.425201" elapsed="0.000162"/>
</kw>
<var name="${key}">location</var>
<status status="PASS" start="2024-05-24T03:16:15.423664" elapsed="0.001916"/>
</iter>
<iter>
<kw name="Dictionary Should Contain Key" owner="Collections">
<msg time="2024-05-24T03:16:15.426352" level="INFO">False</msg>
<arg>${json_data['results'][0]}</arg>
<arg>${key}</arg>
<doc>Fails if ``key`` is not found from ``dictionary``.</doc>
<status status="PASS" start="2024-05-24T03:16:15.425863" elapsed="0.000527"/>
</kw>
<kw name="Log" owner="BuiltIn">
<msg time="2024-05-24T03:16:15.427083" level="INFO">{'gender': 'male', 'name': {'title': 'Mr', 'first': 'Guy', 'last': 'Cruz'}, 'location': {'street': {'number': 8832, 'name': 'Mill Road'}, 'city': 'Wells', 'state': 'West Sussex', 'country': 'United Kingdom', 'postcode': 'WA9A 9UX', 'coordinates': {'latitude': '-8.9597', 'longitude': '-90.4620'}, 'timezone': {'offset': '+1:00', 'description': 'Brussels, Copenhagen, Madrid, Paris'}}, 'email': 'guy.cruz@example.com', 'login': {'uuid': '627e7efc-7e3f-4a33-94c1-806b63da34eb', 'username': 'silverbird592', 'password': 'dougie', 'salt': 'E3m8OloZ', 'md5': 'de75313d5414e993e93981ac0d1510b0', 'sha1': '844d81142e0504ca5399218989491eb8d5adc567', 'sha256': 'a4f635e2409cc0aea9b49173b1ddda45955d4321b91628195094bdf4b9fc14a9'}, 'dob': {'date': '1945-08-29T17:04:22.863Z', 'age': 78}, 'registered': {'date': '2010-12-27T11:40:54.081Z', 'age': 13}, 'phone': '016977 34533', 'cell': '07052 789021', 'id': {'name': 'NINO', 'value': 'ER 90 29 09 W'}, 'picture': {'large': 'https://randomuser.me/api/portraits/men/72.jpg', 'medium': 'https://randomuser.me/api/portraits/med/men/72.jpg', 'thumbnail': 'https://randomuser.me/api/portraits/thumb/men/72.jpg'}, 'nat': 'GB'}</msg>
<arg>${json_data['results'][0]}</arg>
<doc>Logs the given message with the given level.</doc>
<status status="PASS" start="2024-05-24T03:16:15.426691" elapsed="0.000448"/>
</kw>
<kw name="Log" owner="BuiltIn">
<msg time="2024-05-24T03:16:15.427570" level="INFO">email</msg>
<arg>${key}</arg>
<doc>Logs the given message with the given level.</doc>
<status status="PASS" start="2024-05-24T03:16:15.427441" elapsed="0.000167"/>
</kw>
<var name="${key}">email</var>
<status status="PASS" start="2024-05-24T03:16:15.425753" elapsed="0.002072"/>
</iter>
<iter>
<kw name="Dictionary Should Contain Key" owner="Collections">
<msg time="2024-05-24T03:16:15.428489" level="INFO">False</msg>
<arg>${json_data['results'][0]}</arg>
<arg>${key}</arg>
<doc>Fails if ``key`` is not found from ``dictionary``.</doc>
<status status="PASS" start="2024-05-24T03:16:15.428107" elapsed="0.000419"/>
</kw>
<kw name="Log" owner="BuiltIn">
<msg time="2024-05-24T03:16:15.429258" level="INFO">{'gender': 'male', 'name': {'title': 'Mr', 'first': 'Guy', 'last': 'Cruz'}, 'location': {'street': {'number': 8832, 'name': 'Mill Road'}, 'city': 'Wells', 'state': 'West Sussex', 'country': 'United Kingdom', 'postcode': 'WA9A 9UX', 'coordinates': {'latitude': '-8.9597', 'longitude': '-90.4620'}, 'timezone': {'offset': '+1:00', 'description': 'Brussels, Copenhagen, Madrid, Paris'}}, 'email': 'guy.cruz@example.com', 'login': {'uuid': '627e7efc-7e3f-4a33-94c1-806b63da34eb', 'username': 'silverbird592', 'password': 'dougie', 'salt': 'E3m8OloZ', 'md5': 'de75313d5414e993e93981ac0d1510b0', 'sha1': '844d81142e0504ca5399218989491eb8d5adc567', 'sha256': 'a4f635e2409cc0aea9b49173b1ddda45955d4321b91628195094bdf4b9fc14a9'}, 'dob': {'date': '1945-08-29T17:04:22.863Z', 'age': 78}, 'registered': {'date': '2010-12-27T11:40:54.081Z', 'age': 13}, 'phone': '016977 34533', 'cell': '07052 789021', 'id': {'name': 'NINO', 'value': 'ER 90 29 09 W'}, 'picture': {'large': 'https://randomuser.me/api/portraits/men/72.jpg', 'medium': 'https://randomuser.me/api/portraits/med/men/72.jpg', 'thumbnail': 'https://randomuser.me/api/portraits/thumb/men/72.jpg'}, 'nat': 'GB'}</msg>
<arg>${json_data['results'][0]}</arg>
<doc>Logs the given message with the given level.</doc>
<status status="PASS" start="2024-05-24T03:16:15.428864" elapsed="0.000443"/>
</kw>
<kw name="Log" owner="BuiltIn">
<msg time="2024-05-24T03:16:15.429732" level="INFO">login</msg>
<arg>${key}</arg>
<doc>Logs the given message with the given level.</doc>
<status status="PASS" start="2024-05-24T03:16:15.429602" elapsed="0.000168"/>
</kw>
<var name="${key}">login</var>
<status status="PASS" start="2024-05-24T03:16:15.427998" elapsed="0.002016"/>
</iter>
<var>${key}</var>
<value>@{expected_keys}</value>
<status status="PASS" start="2024-05-24T03:16:15.419130" elapsed="0.011010"/>
</for>
<kw name="Create List" owner="BuiltIn">
<msg time="2024-05-24T03:16:15.430475" level="INFO">${expected_keysTwo} = ['username', 'password']</msg>
<var>${expected_keysTwo}</var>
<arg>username</arg>
<arg>password</arg>
<doc>Returns a list containing given items.</doc>
<status status="PASS" start="2024-05-24T03:16:15.430338" elapsed="0.000161"/>
</kw>
<for flavor="IN">
<iter>
<kw name="Dictionary Should Contain Key" owner="Collections">
<msg time="2024-05-24T03:16:15.431423" level="INFO">False</msg>
<arg>${json_data['results'][0]['login']}</arg>
<arg>${keyTwo}</arg>
<doc>Fails if ``key`` is not found from ``dictionary``.</doc>
<status status="PASS" start="2024-05-24T03:16:15.430994" elapsed="0.000466"/>
</kw>
<kw name="Dictionary Should Contain Key" owner="Collections">
<msg time="2024-05-24T03:16:15.432133" level="INFO">False</msg>
<arg>${json_data['results'][0]['login']}</arg>
<arg>${keyTwo}</arg>
<doc>Fails if ``key`` is not found from ``dictionary``.</doc>
<status status="PASS" start="2024-05-24T03:16:15.431756" elapsed="0.000414"/>
</kw>
<kw name="Log" owner="BuiltIn">
<msg time="2024-05-24T03:16:15.432590" level="INFO">username</msg>
<arg>${keyTwo}</arg>
<doc>Logs the given message with the given level.</doc>
<status status="PASS" start="2024-05-24T03:16:15.432463" elapsed="0.000163"/>
</kw>
<var name="${keyTwo}">username</var>
<status status="PASS" start="2024-05-24T03:16:15.430887" elapsed="0.001954"/>
</iter>
<iter>
<kw name="Dictionary Should Contain Key" owner="Collections">
<msg time="2024-05-24T03:16:15.433503" level="INFO">False</msg>
<arg>${json_data['results'][0]['login']}</arg>
<arg>${keyTwo}</arg>
<doc>Fails if ``key`` is not found from ``dictionary``.</doc>
<status status="PASS" start="2024-05-24T03:16:15.433120" elapsed="0.000420"/>
</kw>
<kw name="Dictionary Should Contain Key" owner="Collections">
<msg time="2024-05-24T03:16:15.434202" level="INFO">False</msg>
<arg>${json_data['results'][0]['login']}</arg>
<arg>${keyTwo}</arg>
<doc>Fails if ``key`` is not found from ``dictionary``.</doc>
<status status="PASS" start="2024-05-24T03:16:15.433831" elapsed="0.000407"/>
</kw>
<kw name="Log" owner="BuiltIn">
<msg time="2024-05-24T03:16:15.434653" level="INFO">password</msg>
<arg>${keyTwo}</arg>
<doc>Logs the given message with the given level.</doc>
<status status="PASS" start="2024-05-24T03:16:15.434527" elapsed="0.000163"/>
</kw>
<var name="${keyTwo}">password</var>
<status status="PASS" start="2024-05-24T03:16:15.433010" elapsed="0.001893"/>
</iter>
<var>${keyTwo}</var>
<value>@{expected_keysTwo}</value>
<status status="PASS" start="2024-05-24T03:16:15.430738" elapsed="0.004314"/>
</for>
<status status="PASS" start="2024-05-24T03:16:15.323977" elapsed="0.111231"/>
</kw>
<doc>Testa a estrutura da resposta da API.</doc>
<tag>testeEstruturaResposta</tag>
<status status="PASS" start="2024-05-24T03:16:15.323414" elapsed="0.111942"/>
</test>
<test id="s1-s1-t4" name="Validar tipos de dados" line="28">
<kw name="Teste de Tipos de Dados" owner="random-user-service">
<kw name="GET On Session" owner="RequestsLibrary">
<msg time="2024-05-24T03:16:15.517402" level="INFO">GET Request : url=https://randomuser.me/api 
 path_url=/api 
 headers={'User-Agent': 'python-requests/2.32.2', 'Accept-Encoding': 'gzip, deflate', 'Accept': '*/*', 'Connection': 'keep-alive'} 
 body=None 
 </msg>
<msg time="2024-05-24T03:16:15.517474" level="INFO">GET Response : url=https://randomuser.me/api 
 status=200, reason=OK 
 headers={'Date': 'Fri, 24 May 2024 03:16:15 GMT', 'Content-Type': 'application/json; charset=utf-8', 'Transfer-Encoding': 'chunked', 'Connection': 'keep-alive', 'X-Powered-By': 'Express', 'Access-Control-Allow-Origin': '*', 'Cache-Control': 'no-cache', 'ETag': 'W/"49c-UXql4A+m10tcQ3koCnROI5vC9uU"', 'Vary': 'Accept-Encoding', 'Content-Encoding': 'gzip', 'CF-Cache-Status': 'DYNAMIC', 'Report-To': '{"endpoints":[{"url":"https:\\/\\/a.nel.cloudflare.com\\/report\\/v4?s=ana0T6EMaYph%2By4WQ2xL1mjhSQGEWMUzyzsIuCbJQcr8kSKYy6%2BhKTw35u6HBjk7PpPdlNQl0BKN3qUTFML9DeodEArVeFboU3dR%2Fl0zDopnrCDphbA9ZntSwEg7Dl4G"}],"group":"cf-nel","max_age":604800}', 'NEL': '{"success_fraction":0,"report_to":"cf-nel","max_age":604800}', 'Server': 'cloudflare', 'CF-RAY': '888a203c7ffd2caf-ORD', 'alt-svc': 'h3=":443"; ma=86400'} 
 body={"results":[{"gender":"female","name":{"title":"Ms","first":"Zeneida","last":"da Rosa"},"location":{"street":{"number":636,"name":"Rua São Sebastiao "},"city":"Crato","state":"Rio Grande do Sul","country":"Brazil","postcode":95338,"coordinates":{"latitude":"-80.3255","longitude":"86.0958"},"timezone":{"offset":"+2:00","description":"Kaliningrad, South Africa"}},"email":"zeneida.darosa@example.com","login":{"uuid":"f5d81d4b-f83a-4f53-b250-e3f7cc9b2cad","username":"angrywolf287","password":"entry","salt":"HnP7uo7h","md5":"747abfdf50a2ad833ce3838a5483ca6c","sha1":"e5b7df084f04a2b84dfa6f71fb3f531ac72b5964","sha256":"a811eb5ca20abaeac4537e76265cc18779ec13453626dccd99ec2e42de778fab"},"dob":{"date":"2000-11-13T22:06:20.271Z","age":23},"registered":{"date":"2012-03-04T17:08:00.443Z","age":12},"phone":"(75) 7176-8539","cell":"(24) 0451-9523","id":{"name":"CPF","value":"518.535.547-65"},"picture":{"large":"https://randomuser.me/api/portraits/women/75.jpg","medium":"https://randomuser.me/api/portraits/med/women/75.jpg","thumbnail":"https://randomuser.me/api/portraits/thumb/women/75.jpg"},"nat":"BR"}],"info":{"seed":"c13614ce9bf61bd5","results":1,"page":1,"version":"1.4"}} 
 </msg>
<msg time="2024-05-24T03:16:15.517536" level="INFO">/opt/hostedtoolcache/Python/3.12.3/x64/lib/python3.12/site-packages/urllib3/connectionpool.py:1103: InsecureRequestWarning: Unverified HTTPS request is being made to host 'randomuser.me'. Adding certificate verification is strongly advised. See: https://urllib3.readthedocs.io/en/latest/advanced-usage.html#tls-warnings
  warnings.warn(</msg>
<msg time="2024-05-24T03:16:15.517633" level="INFO">${response} = &lt;Response [200]&gt;</msg>
<var>${response}</var>
<arg>consultarAPI</arg>
<arg>/api</arg>
<doc>Sends a GET request on a previously created HTTP Session.</doc>
<status status="PASS" start="2024-05-24T03:16:15.437879" elapsed="0.079796"/>
</kw>
<kw name="Set Variable" owner="BuiltIn">
<msg time="2024-05-24T03:16:15.518778" level="INFO">${json_data} = {'results': [{'gender': 'female', 'name': {'title': 'Ms', 'first': 'Zeneida', 'last': 'da Rosa'}, 'location': {'street': {'number': 636, 'name': 'Rua São Sebastiao '}, 'city': 'Crato', 'state': 'Rio G...</msg>
<var>${json_data}</var>
<arg>${response.json()}</arg>
<doc>Returns the given values which can then be assigned to a variables.</doc>
<status status="PASS" start="2024-05-24T03:16:15.518176" elapsed="0.000632"/>
</kw>
<kw name="Log" owner="BuiltIn">
<msg time="2024-05-24T03:16:15.519317" level="INFO">{'results': [{'gender': 'female', 'name': {'title': 'Ms', 'first': 'Zeneida', 'last': 'da Rosa'}, 'location': {'street': {'number': 636, 'name': 'Rua São Sebastiao '}, 'city': 'Crato', 'state': 'Rio Grande do Sul', 'country': 'Brazil', 'postcode': 95338, 'coordinates': {'latitude': '-80.3255', 'longitude': '86.0958'}, 'timezone': {'offset': '+2:00', 'description': 'Kaliningrad, South Africa'}}, 'email': 'zeneida.darosa@example.com', 'login': {'uuid': 'f5d81d4b-f83a-4f53-b250-e3f7cc9b2cad', 'username': 'angrywolf287', 'password': 'entry', 'salt': 'HnP7uo7h', 'md5': '747abfdf50a2ad833ce3838a5483ca6c', 'sha1': 'e5b7df084f04a2b84dfa6f71fb3f531ac72b5964', 'sha256': 'a811eb5ca20abaeac4537e76265cc18779ec13453626dccd99ec2e42de778fab'}, 'dob': {'date': '2000-11-13T22:06:20.271Z', 'age': 23}, 'registered': {'date': '2012-03-04T17:08:00.443Z', 'age': 12}, 'phone': '(75) 7176-8539', 'cell': '(24) 0451-9523', 'id': {'name': 'CPF', 'value': '518.535.547-65'}, 'picture': {'large': 'https://randomuser.me/api/portraits/women/75.jpg', 'medium': 'https://randomuser.me/api/portraits/med/women/75.jpg', 'thumbnail': 'https://randomuser.me/api/portraits/thumb/women/75.jpg'}, 'nat': 'BR'}], 'info': {'seed': 'c13614ce9bf61bd5', 'results': 1, 'page': 1, 'version': '1.4'}}</msg>
<arg>${json_data}</arg>
<doc>Logs the given message with the given level.</doc>
<status status="PASS" start="2024-05-24T03:16:15.519154" elapsed="0.000248"/>
</kw>
<kw name="Should Be String" owner="String">
<arg>${json_data['results'][0]['gender']}</arg>
<doc>Fails if the given ``item`` is not a string.</doc>
<status status="PASS" start="2024-05-24T03:16:15.519705" elapsed="0.000365"/>
</kw>
<kw name="Should Match Regexp" owner="BuiltIn">
<arg>${json_data['results'][0]['email']}</arg>
<arg>^[a-zA-Z0-9._%+-]+@[a-zA-Z0-9.-]+\.[a-zA-Z]{2,}$</arg>
<doc>Fails if ``string`` does not match ``pattern`` as a regular expression.</doc>
<status status="PASS" start="2024-05-24T03:16:15.520274" elapsed="0.000642"/>
</kw>
<kw name="Should Match Regexp" owner="BuiltIn">
<arg>${json_data['results'][0]['dob']['date']}</arg>
<arg>\\d{4}-\\d{2}-\\d{2}T\\d{2}:\\d{2}:\\d{2}\\.\\d{3}Z</arg>
<doc>Fails if ``string`` does not match ``pattern`` as a regular expression.</doc>
<status status="PASS" start="2024-05-24T03:16:15.521125" elapsed="0.000490"/>
</kw>
<kw name="Should Match Regexp" owner="BuiltIn">
<arg>${json_data['results'][0]['registered']['date']}</arg>
<arg>\\d{4}-\\d{2}-\\d{2}T\\d{2}:\\d{2}:\\d{2}\\.\\d{3}Z</arg>
<doc>Fails if ``string`` does not match ``pattern`` as a regular expression.</doc>
<status status="PASS" start="2024-05-24T03:16:15.521808" elapsed="0.000371"/>
</kw>
<kw name="Should Match Regexp" owner="BuiltIn">
<arg>${json_data['results'][0]['picture']['large']}</arg>
<arg>^https?://.*\.(?:png|jpe?g|gif|bmp)$</arg>
<doc>Fails if ``string`` does not match ``pattern`` as a regular expression.</doc>
<status status="PASS" start="2024-05-24T03:16:15.522370" elapsed="0.000461"/>
</kw>
<kw name="Should Match Regexp" owner="BuiltIn">
<arg>${json_data['results'][0]['picture']['medium']}</arg>
<arg>^https?://.*\.(?:png|jpe?g|gif|bmp)$</arg>
<doc>Fails if ``string`` does not match ``pattern`` as a regular expression.</doc>
<status status="PASS" start="2024-05-24T03:16:15.523053" elapsed="0.000370"/>
</kw>
<kw name="Should Match Regexp" owner="BuiltIn">
<arg>${json_data['results'][0]['picture']['thumbnail']}</arg>
<arg>^https?://.*\.(?:png|jpe?g|gif|bmp)$</arg>
<doc>Fails if ``string`` does not match ``pattern`` as a regular expression.</doc>
<status status="PASS" start="2024-05-24T03:16:15.523612" elapsed="0.000349"/>
</kw>
<kw name="Log" owner="BuiltIn">
<msg time="2024-05-24T03:16:15.524461" level="INFO">{'large': 'https://randomuser.me/api/portraits/women/75.jpg', 'medium': 'https://randomuser.me/api/portraits/med/women/75.jpg', 'thumbnail': 'https://randomuser.me/api/portraits/thumb/women/75.jpg'}</msg>
<arg>${json_data['results'][0]['picture']}</arg>
<doc>Logs the given message with the given level.</doc>
<status status="PASS" start="2024-05-24T03:16:15.524143" elapsed="0.000359"/>
</kw>
<status status="PASS" start="2024-05-24T03:16:15.437643" elapsed="0.087113"/>
</kw>
<kw name="Teste de Tipos de Dados - Postcode" owner="random-user-service">
<kw name="GET On Session" owner="RequestsLibrary">
<msg time="2024-05-24T03:16:15.635692" level="INFO">GET Request : url=https://randomuser.me/api 
 path_url=/api 
 headers={'User-Agent': 'python-requests/2.32.2', 'Accept-Encoding': 'gzip, deflate', 'Accept': '*/*', 'Connection': 'keep-alive'} 
 body=None 
 </msg>
<msg time="2024-05-24T03:16:15.635757" level="INFO">GET Response : url=https://randomuser.me/api 
 status=200, reason=OK 
 headers={'Date': 'Fri, 24 May 2024 03:16:15 GMT', 'Content-Type': 'application/json; charset=utf-8', 'Transfer-Encoding': 'chunked', 'Connection': 'keep-alive', 'X-Powered-By': 'Express', 'Access-Control-Allow-Origin': '*', 'Cache-Control': 'no-cache', 'ETag': 'W/"49f-XhRL63jHyYBC/38sqA94L4XvON4"', 'Vary': 'Accept-Encoding', 'Content-Encoding': 'gzip', 'CF-Cache-Status': 'DYNAMIC', 'Report-To': '{"endpoints":[{"url":"https:\\/\\/a.nel.cloudflare.com\\/report\\/v4?s=4qgqpBBjw09rsd8EhtL5gl1rMzhhXjy719biCeOyNCxduc0Rnlx%2FXx3KhEiGdZh28DmSjqJA9aP34Z4jjYhMo9c%2FVrmZHR2zZFMFgQ56D7HjGcHNzAwPl1s%2FSfgkK%2BmN"}],"group":"cf-nel","max_age":604800}', 'NEL': '{"success_fraction":0,"report_to":"cf-nel","max_age":604800}', 'Server': 'cloudflare', 'CF-RAY': '888a203d08942caf-ORD', 'alt-svc': 'h3=":443"; ma=86400'} 
 body={"results":[{"gender":"male","name":{"title":"Mr","first":"Benito","last":"Salgado"},"location":{"street":{"number":6202,"name":"Pasaje Batista"},"city":"Chapala","state":"Quintana Roo","country":"Mexico","postcode":42922,"coordinates":{"latitude":"25.7391","longitude":"-31.3320"},"timezone":{"offset":"+3:00","description":"Baghdad, Riyadh, Moscow, St. Petersburg"}},"email":"benito.salgado@example.com","login":{"uuid":"2d89a2b5-9860-40f8-aa98-ed68164c258a","username":"purpleleopard921","password":"ou812","salt":"KIybb9Fx","md5":"37e2a341e8714c537b7901b4683e52ce","sha1":"8d732d6ffe3c4b21745e76f6a2549113b51f530f","sha256":"a4ea30d85848dbceb9af646317f353048b03bbdf37ba3a9cef36dc1d9cdb719c"},"dob":{"date":"1993-09-12T10:25:17.519Z","age":30},"registered":{"date":"2010-10-30T03:33:26.077Z","age":13},"phone":"(613) 281 3568","cell":"(608) 039 4664","id":{"name":"NSS","value":"53 47 97 8855 3"},"picture":{"large":"https://randomuser.me/api/portraits/men/50.jpg","medium":"https://randomuser.me/api/portraits/med/men/50.jpg","thumbnail":"https://randomuser.me/api/portraits/thumb/men/50.jpg"},"nat":"MX"}],"info":{"seed":"92f738a7350fd187","results":1,"page":1,"version":"1.4"}} 
 </msg>
<msg time="2024-05-24T03:16:15.635814" level="INFO">/opt/hostedtoolcache/Python/3.12.3/x64/lib/python3.12/site-packages/urllib3/connectionpool.py:1103: InsecureRequestWarning: Unverified HTTPS request is being made to host 'randomuser.me'. Adding certificate verification is strongly advised. See: https://urllib3.readthedocs.io/en/latest/advanced-usage.html#tls-warnings
  warnings.warn(</msg>
<msg time="2024-05-24T03:16:15.635900" level="INFO">${response} = &lt;Response [200]&gt;</msg>
<var>${response}</var>
<arg>consultarAPI</arg>
<arg>/api</arg>
<doc>Sends a GET request on a previously created HTTP Session.</doc>
<status status="PASS" start="2024-05-24T03:16:15.525190" elapsed="0.110740"/>
</kw>
<kw name="Set Variable" owner="BuiltIn">
<msg time="2024-05-24T03:16:15.636764" level="INFO">${json_data} = {'results': [{'gender': 'male', 'name': {'title': 'Mr', 'first': 'Benito', 'last': 'Salgado'}, 'location': {'street': {'number': 6202, 'name': 'Pasaje Batista'}, 'city': 'Chapala', 'state': 'Quintana ...</msg>
<var>${json_data}</var>
<arg>${response.json()}</arg>
<doc>Returns the given values which can then be assigned to a variables.</doc>
<status status="PASS" start="2024-05-24T03:16:15.636313" elapsed="0.000481"/>
</kw>
<kw name="Log" owner="BuiltIn">
<msg time="2024-05-24T03:16:15.637262" level="INFO">{'results': [{'gender': 'male', 'name': {'title': 'Mr', 'first': 'Benito', 'last': 'Salgado'}, 'location': {'street': {'number': 6202, 'name': 'Pasaje Batista'}, 'city': 'Chapala', 'state': 'Quintana Roo', 'country': 'Mexico', 'postcode': 42922, 'coordinates': {'latitude': '25.7391', 'longitude': '-31.3320'}, 'timezone': {'offset': '+3:00', 'description': 'Baghdad, Riyadh, Moscow, St. Petersburg'}}, 'email': 'benito.salgado@example.com', 'login': {'uuid': '2d89a2b5-9860-40f8-aa98-ed68164c258a', 'username': 'purpleleopard921', 'password': 'ou812', 'salt': 'KIybb9Fx', 'md5': '37e2a341e8714c537b7901b4683e52ce', 'sha1': '8d732d6ffe3c4b21745e76f6a2549113b51f530f', 'sha256': 'a4ea30d85848dbceb9af646317f353048b03bbdf37ba3a9cef36dc1d9cdb719c'}, 'dob': {'date': '1993-09-12T10:25:17.519Z', 'age': 30}, 'registered': {'date': '2010-10-30T03:33:26.077Z', 'age': 13}, 'phone': '(613) 281 3568', 'cell': '(608) 039 4664', 'id': {'name': 'NSS', 'value': '53 47 97 8855 3'}, 'picture': {'large': 'https://randomuser.me/api/portraits/men/50.jpg', 'medium': 'https://randomuser.me/api/portraits/med/men/50.jpg', 'thumbnail': 'https://randomuser.me/api/portraits/thumb/men/50.jpg'}, 'nat': 'MX'}], 'info': {'seed': '92f738a7350fd187', 'results': 1, 'page': 1, 'version': '1.4'}}</msg>
<arg>${json_data}</arg>
<doc>Logs the given message with the given level.</doc>
<status status="PASS" start="2024-05-24T03:16:15.637106" elapsed="0.000235"/>
</kw>
<kw name="Should Be Equal As Numbers" owner="BuiltIn">
<arg>${json_data['results'][0]['location']['postcode']}</arg>
<arg>${json_data['results'][0]['location']['postcode']}</arg>
<doc>Fails if objects are unequal after converting them to real numbers.</doc>
<status status="PASS" start="2024-05-24T03:16:15.637643" elapsed="0.000622"/>
</kw>
<kw name="Log" owner="BuiltIn">
<msg time="2024-05-24T03:16:15.638803" level="INFO">42922</msg>
<arg>${json_data['results'][0]['location']['postcode']}</arg>
<doc>Logs the given message with the given level.</doc>
<status status="PASS" start="2024-05-24T03:16:15.638466" elapsed="0.000378"/>
</kw>
<status status="PASS" start="2024-05-24T03:16:15.524969" elapsed="0.114177"/>
</kw>
<doc>Testa se os tipos de dados na resposta da API estão corretos.</doc>
<tag>testeTiposDados</tag>
<status status="PASS" start="2024-05-24T03:16:15.437106" elapsed="0.202209"/>
</test>
<test id="s1-s1-t5" name="Validar conteudo" line="35">
<kw name="Teste de Tipos de Conteudo" owner="random-user-service">
<kw name="GET On Session" owner="RequestsLibrary">
<msg time="2024-05-24T03:16:15.733678" level="INFO">GET Request : url=https://randomuser.me/api 
 path_url=/api 
 headers={'User-Agent': 'python-requests/2.32.2', 'Accept-Encoding': 'gzip, deflate', 'Accept': '*/*', 'Connection': 'keep-alive'} 
 body=None 
 </msg>
<msg time="2024-05-24T03:16:15.733755" level="INFO">GET Response : url=https://randomuser.me/api 
 status=200, reason=OK 
 headers={'Date': 'Fri, 24 May 2024 03:16:15 GMT', 'Content-Type': 'application/json; charset=utf-8', 'Transfer-Encoding': 'chunked', 'Connection': 'keep-alive', 'X-Powered-By': 'Express', 'Access-Control-Allow-Origin': '*', 'Cache-Control': 'no-cache', 'ETag': 'W/"483-LG8QKBvZClCPMiQic4Gx6Nl9u+g"', 'Vary': 'Accept-Encoding', 'Content-Encoding': 'gzip', 'CF-Cache-Status': 'DYNAMIC', 'Report-To': '{"endpoints":[{"url":"https:\\/\\/a.nel.cloudflare.com\\/report\\/v4?s=LYaaFHxMEZE1deVqE16X7CtmZEKJZUmECF3aAQA4Oi03sAL1jR%2BAMjQ9D4v%2BV4S7aZWnw7vK8rkAlYaC5c91q7pF9HsHesN33XakkR%2FuWqRW4AwOcgkd%2BXXsVlE2Clbi"}],"group":"cf-nel","max_age":604800}', 'NEL': '{"success_fraction":0,"report_to":"cf-nel","max_age":604800}', 'Server': 'cloudflare', 'CF-RAY': '888a203dc9692caf-ORD', 'alt-svc': 'h3=":443"; ma=86400'} 
 body={"results":[{"gender":"female","name":{"title":"Miss","first":"Ramona","last":"Jordan"},"location":{"street":{"number":8871,"name":"Preston Rd"},"city":"Adelaide","state":"Victoria","country":"Australia","postcode":3952,"coordinates":{"latitude":"-89.4007","longitude":"97.6106"},"timezone":{"offset":"+6:00","description":"Almaty, Dhaka, Colombo"}},"email":"ramona.jordan@example.com","login":{"uuid":"c71cea0d-358a-4110-9c30-2caa317589bb","username":"angrydog780","password":"cartman","salt":"tHNgebIY","md5":"98c259c49c842310c1db2b8cbf1b4d18","sha1":"efe2ec5e607b323b15a992c8bc840b2211e2f8f6","sha256":"b9fe0c4213ee1cb4d9c29d2f432306fbe77f2cdd8ecbfa3e4a3ee1275cd8c963"},"dob":{"date":"1982-11-02T17:50:03.137Z","age":41},"registered":{"date":"2015-12-16T08:22:10.949Z","age":8},"phone":"00-4355-7743","cell":"0440-464-666","id":{"name":"TFN","value":"557499232"},"picture":{"large":"https://randomuser.me/api/portraits/women/23.jpg","medium":"https://randomuser.me/api/portraits/med/women/23.jpg","thumbnail":"https://randomuser.me/api/portraits/thumb/women/23.jpg"},"nat":"AU"}],"info":{"seed":"899cd69339c514db","results":1,"page":1,"version":"1.4"}} 
 </msg>
<msg time="2024-05-24T03:16:15.733823" level="INFO">/opt/hostedtoolcache/Python/3.12.3/x64/lib/python3.12/site-packages/urllib3/connectionpool.py:1103: InsecureRequestWarning: Unverified HTTPS request is being made to host 'randomuser.me'. Adding certificate verification is strongly advised. See: https://urllib3.readthedocs.io/en/latest/advanced-usage.html#tls-warnings
  warnings.warn(</msg>
<msg time="2024-05-24T03:16:15.733920" level="INFO">${response} = &lt;Response [200]&gt;</msg>
<var>${response}</var>
<arg>consultarAPI</arg>
<arg>/api</arg>
<doc>Sends a GET request on a previously created HTTP Session.</doc>
<status status="PASS" start="2024-05-24T03:16:15.641735" elapsed="0.092225"/>
</kw>
<kw name="Set Variable" owner="BuiltIn">
<msg time="2024-05-24T03:16:15.735050" level="INFO">${json_data} = {'results': [{'gender': 'female', 'name': {'title': 'Miss', 'first': 'Ramona', 'last': 'Jordan'}, 'location': {'street': {'number': 8871, 'name': 'Preston Rd'}, 'city': 'Adelaide', 'state': 'Victoria'...</msg>
<var>${json_data}</var>
<arg>${response.json()}</arg>
<doc>Returns the given values which can then be assigned to a variables.</doc>
<status status="PASS" start="2024-05-24T03:16:15.734417" elapsed="0.000665"/>
</kw>
<kw name="Set Variable" owner="BuiltIn">
<msg time="2024-05-24T03:16:15.735775" level="INFO">${name_title} = Miss</msg>
<var>${name_title}</var>
<arg>${json_data["results"][0]["name"]["title"]}</arg>
<doc>Returns the given values which can then be assigned to a variables.</doc>
<status status="PASS" start="2024-05-24T03:16:15.735393" elapsed="0.000408"/>
</kw>
<kw name="Create List" owner="BuiltIn">
<msg time="2024-05-24T03:16:15.736249" level="INFO">${allowed_titles} = ['Mr', 'Ms', 'Miss', 'Mrs', 'Madame', 'Monsieur']</msg>
<var>${allowed_titles}</var>
<arg>Mr</arg>
<arg>Ms</arg>
<arg>Miss</arg>
<arg>Mrs</arg>
<arg>Madame</arg>
<arg>Monsieur</arg>
<doc>Returns a list containing given items.</doc>
<status status="PASS" start="2024-05-24T03:16:15.736100" elapsed="0.000173"/>
</kw>
<kw name="List Should Contain Value" owner="Collections">
<msg time="2024-05-24T03:16:15.736757" level="INFO">False</msg>
<arg>${allowed_titles}</arg>
<arg>${name_title}</arg>
<doc>Fails if the ``value`` is not found from ``list``.</doc>
<status status="PASS" start="2024-05-24T03:16:15.736573" elapsed="0.000223"/>
</kw>
<kw name="Set Variable" owner="BuiltIn">
<msg time="2024-05-24T03:16:15.737601" level="INFO">${name_country} = AU</msg>
<var>${name_country}</var>
<arg>${json_data["results"][0]["nat"]}</arg>
<doc>Returns the given values which can then be assigned to a variables.</doc>
<status status="PASS" start="2024-05-24T03:16:15.737089" elapsed="0.000538"/>
</kw>
<kw name="Create List" owner="BuiltIn">
<msg time="2024-05-24T03:16:15.738531" level="INFO">${list_country} = ['AD', 'AE', 'AF', 'AG', 'AI', 'AL', 'AM', 'AO', 'AQ', 'AR', 'AS', 'AT', 'AU', 'AW', 'AX', 'AZ', 'BA', 'BB', 'BD', 'BE', 'BF', 'BG', 'BH', 'BI', 'BJ', 'BL', 'BM', 'BN', 'BO', 'BQ', 'BR', 'BS', 'BT', '...</msg>
<var>${list_country}</var>
<arg>AD</arg>
<arg>AE</arg>
<arg>AF</arg>
<arg>AG</arg>
<arg>AI</arg>
<arg>AL</arg>
<arg>AM</arg>
<arg>AO</arg>
<arg>AQ</arg>
<arg>AR</arg>
<arg>AS</arg>
<arg>AT</arg>
<arg>AU</arg>
<arg>AW</arg>
<arg>AX</arg>
<arg>AZ</arg>
<arg>BA</arg>
<arg>BB</arg>
<arg>BD</arg>
<arg>BE</arg>
<arg>BF</arg>
<arg>BG</arg>
<arg>BH</arg>
<arg>BI</arg>
<arg>BJ</arg>
<arg>BL</arg>
<arg>BM</arg>
<arg>BN</arg>
<arg>BO</arg>
<arg>BQ</arg>
<arg>BR</arg>
<arg>BS</arg>
<arg>BT</arg>
<arg>BV</arg>
<arg>BW</arg>
<arg>BY</arg>
<arg>BZ</arg>
<arg>CA</arg>
<arg>CC</arg>
<arg>CD</arg>
<arg>CF</arg>
<arg>CG</arg>
<arg>CH</arg>
<arg>CI</arg>
<arg>CK</arg>
<arg>CL</arg>
<arg>CM</arg>
<arg>CN</arg>
<arg>CO</arg>
<arg>CR</arg>
<arg>CU</arg>
<arg>CV</arg>
<arg>CW</arg>
<arg>CX</arg>
<arg>CY</arg>
<arg>CZ</arg>
<arg>DE</arg>
<arg>DJ</arg>
<arg>DK</arg>
<arg>DM</arg>
<arg>DO</arg>
<arg>DZ</arg>
<arg>EC</arg>
<arg>EE</arg>
<arg>EG</arg>
<arg>EH</arg>
<arg>ER</arg>
<arg>ES</arg>
<arg>ET</arg>
<arg>FI</arg>
<arg>FJ</arg>
<arg>FK</arg>
<arg>FM</arg>
<arg>FO</arg>
<arg>FR</arg>
<arg>GA</arg>
<arg>GB</arg>
<arg>GD</arg>
<arg>GE</arg>
<arg>GF</arg>
<arg>GG</arg>
<arg>GH</arg>
<arg>GI</arg>
<arg>GL</arg>
<arg>GM</arg>
<arg>GN</arg>
<arg>GP</arg>
<arg>GQ</arg>
<arg>GR</arg>
<arg>GS</arg>
<arg>GT</arg>
<arg>GU</arg>
<arg>GW</arg>
<arg>GY</arg>
<arg>HK</arg>
<arg>HM</arg>
<arg>HN</arg>
<arg>HR</arg>
<arg>HT</arg>
<arg>HU</arg>
<arg>ID</arg>
<arg>IE</arg>
<arg>IL</arg>
<arg>IM</arg>
<arg>IN</arg>
<arg>IO</arg>
<arg>IQ</arg>
<arg>IR</arg>
<arg>IS</arg>
<arg>IT</arg>
<arg>JE</arg>
<arg>JM</arg>
<arg>JO</arg>
<arg>JP</arg>
<arg>KE</arg>
<arg>KG</arg>
<arg>KH</arg>
<arg>KI</arg>
<arg>KM</arg>
<arg>KN</arg>
<arg>KP</arg>
<arg>KR</arg>
<arg>KW</arg>
<arg>KY</arg>
<arg>KZ</arg>
<arg>LA</arg>
<arg>LB</arg>
<arg>LC</arg>
<arg>LI</arg>
<arg>LK</arg>
<arg>LR</arg>
<arg>LS</arg>
<arg>LT</arg>
<arg>LU</arg>
<arg>LV</arg>
<arg>LY</arg>
<arg>MA</arg>
<arg>MC</arg>
<arg>MD</arg>
<arg>ME</arg>
<arg>MF</arg>
<arg>MG</arg>
<arg>MH</arg>
<arg>MK</arg>
<arg>ML</arg>
<arg>MM</arg>
<arg>MN</arg>
<arg>MO</arg>
<arg>MP</arg>
<arg>MQ</arg>
<arg>MR</arg>
<arg>MS</arg>
<arg>MT</arg>
<arg>MU</arg>
<arg>MV</arg>
<arg>MW</arg>
<arg>MX</arg>
<arg>MY</arg>
<arg>MZ</arg>
<arg>NA</arg>
<arg>NC</arg>
<arg>NE</arg>
<arg>NF</arg>
<arg>NG</arg>
<arg>NI</arg>
<arg>NL</arg>
<arg>NO</arg>
<arg>NP</arg>
<arg>NR</arg>
<arg>NU</arg>
<arg>NZ</arg>
<arg>OM</arg>
<arg>PA</arg>
<arg>PE</arg>
<arg>PF</arg>
<arg>PG</arg>
<arg>PH</arg>
<arg>PK</arg>
<arg>PL</arg>
<arg>PM</arg>
<arg>PN</arg>
<arg>PR</arg>
<arg>PS</arg>
<arg>PT</arg>
<arg>PW</arg>
<arg>PY</arg>
<arg>QA</arg>
<arg>RE</arg>
<arg>RO</arg>
<arg>RS</arg>
<arg>RU</arg>
<arg>RW</arg>
<arg>SA</arg>
<arg>SB</arg>
<arg>SC</arg>
<arg>SD</arg>
<arg>SE</arg>
<arg>SG</arg>
<arg>SH</arg>
<arg>SI</arg>
<arg>SJ</arg>
<arg>SK</arg>
<arg>SL</arg>
<arg>SM</arg>
<arg>SN</arg>
<arg>SO</arg>
<arg>SR</arg>
<arg>SS</arg>
<arg>ST</arg>
<arg>SV</arg>
<arg>SX</arg>
<arg>SY</arg>
<arg>SZ</arg>
<arg>TC</arg>
<arg>TD</arg>
<arg>TF</arg>
<arg>TG</arg>
<arg>TH</arg>
<arg>TJ</arg>
<arg>TK</arg>
<arg>TL</arg>
<arg>TM</arg>
<arg>TN</arg>
<arg>TO</arg>
<arg>TR</arg>
<arg>TT</arg>
<arg>TV</arg>
<arg>TW</arg>
<arg>TZ</arg>
<arg>UA</arg>
<arg>UG</arg>
<arg>UM</arg>
<arg>US</arg>
<arg>UY</arg>
<arg>UZ</arg>
<arg>VA</arg>
<arg>VC</arg>
<arg>VE</arg>
<arg>VG</arg>
<arg>VI</arg>
<arg>VN</arg>
<arg>VU</arg>
<arg>WF</arg>
<arg>WS</arg>
<arg>XK</arg>
<arg>YE</arg>
<arg>YT</arg>
<arg>ZA</arg>
<arg>ZM</arg>
<arg>ZW</arg>
<doc>Returns a list containing given items.</doc>
<status status="PASS" start="2024-05-24T03:16:15.737934" elapsed="0.000622"/>
</kw>
<kw name="List Should Contain Value" owner="Collections">
<msg time="2024-05-24T03:16:15.739573" level="INFO">False</msg>
<arg>${list_country}</arg>
<arg>${name_country}</arg>
<doc>Fails if the ``value`` is not found from ``list``.</doc>
<status status="PASS" start="2024-05-24T03:16:15.739369" elapsed="0.000241"/>
</kw>
<kw name="Run Keyword If" owner="BuiltIn">
<kw name="Should Be True" owner="BuiltIn">
<arg>${True}</arg>
<doc>Fails if the given condition is not true.</doc>
<status status="PASS" start="2024-05-24T03:16:15.740678" elapsed="0.000146"/>
</kw>
<arg>${json_data["results"][0]["location"]["coordinates"]["latitude"]} &gt;= -90 and ${json_data["results"][0]["location"]["coordinates"]["latitude"]} &lt;= 90</arg>
<arg>Should Be True</arg>
<arg>${True}</arg>
<doc>Runs the given keyword with the given arguments, if ``condition`` is true.</doc>
<status status="PASS" start="2024-05-24T03:16:15.739920" elapsed="0.001034"/>
</kw>
<kw name="Run Keyword If" owner="BuiltIn">
<kw name="Should Be True" owner="BuiltIn">
<arg>${True}</arg>
<doc>Fails if the given condition is not true.</doc>
<status status="PASS" start="2024-05-24T03:16:15.741824" elapsed="0.000137"/>
</kw>
<arg>${json_data["results"][0]["location"]["coordinates"]["longitude"]} &gt;= -180 and ${json_data["results"][0]["location"]["coordinates"]["longitude"]} &lt;= 180</arg>
<arg>Should Be True</arg>
<arg>${True}</arg>
<doc>Runs the given keyword with the given arguments, if ``condition`` is true.</doc>
<status status="PASS" start="2024-05-24T03:16:15.741140" elapsed="0.000946"/>
</kw>
<status status="PASS" start="2024-05-24T03:16:15.641506" elapsed="0.100706"/>
</kw>
<doc>Testa o conteúdo específico dos campos retornados pela API.</doc>
<tag>testeConteudo</tag>
<status status="PASS" start="2024-05-24T03:16:15.641070" elapsed="0.101285"/>
</test>
<status status="PASS" start="2024-05-24T03:16:14.907062" elapsed="0.837298"/>
</suite>
<status status="PASS" start="2024-05-24T03:16:14.893817" elapsed="0.855603"/>
</suite>
<statistics>
<total>
<stat pass="5" fail="0" skip="0">All Tests</stat>
</total>
<tag>
<stat pass="1" fail="0" skip="0">testeConteudo</stat>
<stat pass="1" fail="0" skip="0">testeEstruturaResposta</stat>
<stat pass="1" fail="0" skip="0">testeRequisicaoBasica</stat>
<stat pass="1" fail="0" skip="0">testeTiposDados</stat>
</tag>
<suite>
<stat pass="5" fail="0" skip="0" id="s1" name="Tests">Tests</stat>
<stat pass="5" fail="0" skip="0" id="s1-s1" name="Random-User-Test">Tests.Random-User-Test</stat>
</suite>
</statistics>
<errors>
</errors>
</robot>
