<?xml version="1.0" encoding="UTF-8"?>
<robot generator="Robot 7.0 (Python 3.12.3 on linux)" generated="2024-06-09T17:13:49.256880" rpa="false" schemaversion="5">
<suite id="s1" name="Tests" source="/home/runner/work/ApiRandomUser/ApiRandomUser/RamdonUser/tests">
<suite id="s1-s1" name="Random-User-Test" source="/home/runner/work/ApiRandomUser/ApiRandomUser/RamdonUser/tests/random-user-test.robot">
<test id="s1-s1-t1" name="Conectar" line="13">
<kw name="Conectar API" owner="random-user-service">
<kw name="Create Session" owner="RequestsLibrary">
<msg time="2024-06-09T17:13:49.657523" level="INFO">Creating Session using : alias=consultarAPI, url=https://randomuser.me/, headers={},                     cookies={}, auth=None, timeout=None, proxies=None, verify=False,                     debug=0 </msg>
<arg>consultarAPI</arg>
<arg>${URL}</arg>
<doc>Create Session: create a HTTP session to a server</doc>
<status status="PASS" start="2024-06-09T17:13:49.657312" elapsed="0.000387"/>
</kw>
<status status="PASS" start="2024-06-09T17:13:49.656258" elapsed="0.001809"/>
</kw>
<status status="PASS" start="2024-06-09T17:13:49.655686" elapsed="0.002576"/>
</test>
<test id="s1-s1-t2" name="Validar retorno 200 e JSON Válido" line="16">
<kw name="Teste de Requisicao Basica" owner="random-user-service">
<kw name="GET On Session" owner="RequestsLibrary">
<msg time="2024-06-09T17:13:49.832342" level="INFO">GET Request : url=https://randomuser.me/api 
 path_url=/api 
 headers={'User-Agent': 'python-requests/2.32.3', 'Accept-Encoding': 'gzip, deflate', 'Accept': '*/*', 'Connection': 'keep-alive'} 
 body=None 
 </msg>
<msg time="2024-06-09T17:13:49.832468" level="INFO">GET Response : url=https://randomuser.me/api 
 status=200, reason=OK 
 headers={'Date': 'Sun, 09 Jun 2024 17:13:49 GMT', 'Content-Type': 'application/json; charset=utf-8', 'Transfer-Encoding': 'chunked', 'Connection': 'keep-alive', 'X-Powered-By': 'Express', 'Access-Control-Allow-Origin': '*', 'Cache-Control': 'no-cache', 'ETag': 'W/"484-ntz0yPpD+6txCjg9F+eJFkF+oQI"', 'Vary': 'Accept-Encoding', 'Content-Encoding': 'gzip', 'CF-Cache-Status': 'DYNAMIC', 'Report-To': '{"endpoints":[{"url":"https:\\/\\/a.nel.cloudflare.com\\/report\\/v4?s=ESaAbAmImtoA9Fhc8OP4Dv5HiWcIeyYAjS2e%2BS3%2B6%2BZ1UeOGMz8Mn1%2BWiHSSrc%2FesHRLSSVauNEnHfjceAQ%2FF%2FlHpbThOJH62PPTqPxMSMfK%2FZocSfSh54f9ijyokieg"}],"group":"cf-nel","max_age":604800}', 'NEL': '{"success_fraction":0,"report_to":"cf-nel","max_age":604800}', 'Server': 'cloudflare', 'CF-RAY': '8912c12639fa0819-IAD', 'alt-svc': 'h3=":443"; ma=86400'} 
 body={"results":[{"gender":"female","name":{"title":"Mrs","first":"Mónica","last":"Rubio"},"location":{"street":{"number":4702,"name":"Avenida del Planetario"},"city":"Zaragoza","state":"La Rioja","country":"Spain","postcode":22019,"coordinates":{"latitude":"-36.3986","longitude":"106.6361"},"timezone":{"offset":"-2:00","description":"Mid-Atlantic"}},"email":"monica.rubio@example.com","login":{"uuid":"ad9673fb-2cfa-4eaf-b491-e78bd216f8e7","username":"beautifultiger496","password":"modem","salt":"V7N4O7Tr","md5":"e21643c94c5976471fe87ba2961bc2d9","sha1":"857a83dd508f23348aedcd3d695e97b3fe6b491f","sha256":"e7cd35b263acde86f00de585b6da026c7fc1dd80af96e3c80c65b0bdcf709134"},"dob":{"date":"1975-06-13T11:27:29.100Z","age":48},"registered":{"date":"2016-07-07T22:43:17.539Z","age":7},"phone":"910-395-940","cell":"623-230-038","id":{"name":"DNI","value":"51744954-M"},"picture":{"large":"https://randomuser.me/api/portraits/women/83.jpg","medium":"https://randomuser.me/api/portraits/med/women/83.jpg","thumbnail":"https://randomuser.me/api/portraits/thumb/women/83.jpg"},"nat":"ES"}],"info":{"seed":"a662ec9f31803deb","results":1,"page":1,"version":"1.4"}} 
 </msg>
<msg time="2024-06-09T17:13:49.832543" level="INFO">/opt/hostedtoolcache/Python/3.12.3/x64/lib/python3.12/site-packages/urllib3/connectionpool.py:1103: InsecureRequestWarning: Unverified HTTPS request is being made to host 'randomuser.me'. Adding certificate verification is strongly advised. See: https://urllib3.readthedocs.io/en/latest/advanced-usage.html#tls-warnings
  warnings.warn(</msg>
<msg time="2024-06-09T17:13:49.832682" level="INFO">${response} = &lt;Response [200]&gt;</msg>
<var>${response}</var>
<arg>consultarAPI</arg>
<arg>/api</arg>
<doc>Sends a GET request on a previously created HTTP Session.</doc>
<status status="PASS" start="2024-06-09T17:13:49.660985" elapsed="0.171738"/>
</kw>
<kw name="Should Be Equal As Numbers" owner="BuiltIn">
<msg time="2024-06-09T17:13:49.833567" level="INFO">Argument types are:
&lt;class 'int'&gt;
&lt;class 'str'&gt;</msg>
<arg>${response.status_code}</arg>
<arg>200</arg>
<doc>Fails if objects are unequal after converting them to real numbers.</doc>
<status status="PASS" start="2024-06-09T17:13:49.833147" elapsed="0.000486"/>
</kw>
<kw name="Log" owner="BuiltIn">
<msg time="2024-06-09T17:13:49.834297" level="INFO">200</msg>
<arg>${response.status_code}</arg>
<doc>Logs the given message with the given level.</doc>
<status status="PASS" start="2024-06-09T17:13:49.833951" elapsed="0.000392"/>
</kw>
<kw name="Set Variable" owner="BuiltIn">
<msg time="2024-06-09T17:13:49.835105" level="INFO">${json_data} = {'results': [{'gender': 'female', 'name': {'title': 'Mrs', 'first': 'Mónica', 'last': 'Rubio'}, 'location': {'street': {'number': 4702, 'name': 'Avenida del Planetario'}, 'city': 'Zaragoza', 'state': ...</msg>
<var>${json_data}</var>
<arg>${response.json()}</arg>
<doc>Returns the given values which can then be assigned to a variables.</doc>
<status status="PASS" start="2024-06-09T17:13:49.834657" elapsed="0.000477"/>
</kw>
<kw name="Dictionary Should Contain Key" owner="Collections">
<msg time="2024-06-09T17:13:49.835682" level="INFO">False</msg>
<arg>${json_data}</arg>
<arg>results</arg>
<doc>Fails if ``key`` is not found from ``dictionary``.</doc>
<status status="PASS" start="2024-06-09T17:13:49.835457" elapsed="0.000411"/>
</kw>
<status status="PASS" start="2024-06-09T17:13:49.660735" elapsed="0.175403"/>
</kw>
<doc>Testa se a API responde corretamente e retorna um objeto JSON válido.</doc>
<tag>testeRequisicaoBasica</tag>
<status status="PASS" start="2024-06-09T17:13:49.660170" elapsed="0.176143"/>
</test>
<test id="s1-s1-t3" name="Validar estrutura de resposta" line="22">
<kw name="Teste de Estrutura de Resposta" owner="random-user-service">
<kw name="GET On Session" owner="RequestsLibrary">
<msg time="2024-06-09T17:13:49.926846" level="INFO">GET Request : url=https://randomuser.me/api 
 path_url=/api 
 headers={'User-Agent': 'python-requests/2.32.3', 'Accept-Encoding': 'gzip, deflate', 'Accept': '*/*', 'Connection': 'keep-alive'} 
 body=None 
 </msg>
<msg time="2024-06-09T17:13:49.926936" level="INFO">GET Response : url=https://randomuser.me/api 
 status=200, reason=OK 
 headers={'Date': 'Sun, 09 Jun 2024 17:13:49 GMT', 'Content-Type': 'application/json; charset=utf-8', 'Transfer-Encoding': 'chunked', 'Connection': 'keep-alive', 'X-Powered-By': 'Express', 'Access-Control-Allow-Origin': '*', 'Cache-Control': 'no-cache', 'ETag': 'W/"494-+JqMsIOc3zTGA3dHgGAvBYxT/ao"', 'Vary': 'Accept-Encoding', 'Content-Encoding': 'gzip', 'CF-Cache-Status': 'DYNAMIC', 'Report-To': '{"endpoints":[{"url":"https:\\/\\/a.nel.cloudflare.com\\/report\\/v4?s=u88bV%2FNYWfKx4%2BIWA6b31Ph0ezadwuqlayb9PAaG1q2R56rQ%2Be27%2B2Rjx9XqxUBflxE4g5BivQFsnHqh%2BGjfoO7OQJOqZmYPIvBWaqVSjxeTJIISCzdNdVaG1OOdD6Pn"}],"group":"cf-nel","max_age":604800}', 'NEL': '{"success_fraction":0,"report_to":"cf-nel","max_age":604800}', 'Server': 'cloudflare', 'CF-RAY': '8912c1267a720819-IAD', 'alt-svc': 'h3=":443"; ma=86400'} 
 body={"results":[{"gender":"male","name":{"title":"Mr","first":"Jordi","last":"Cortes"},"location":{"street":{"number":2581,"name":"Calle de Atocha"},"city":"Alcalá de Henares","state":"Extremadura","country":"Spain","postcode":98447,"coordinates":{"latitude":"-32.3646","longitude":"-20.6920"},"timezone":{"offset":"+8:00","description":"Beijing, Perth, Singapore, Hong Kong"}},"email":"jordi.cortes@example.com","login":{"uuid":"92d4609f-d5a6-42b3-b8a3-c9251fd1888d","username":"purpleduck827","password":"lion","salt":"1tPzjSo9","md5":"e4163a88c97430d00607b0ef97d1161a","sha1":"2d585a9e8f9a6b78b5b0528ea9627bcfe98eeee3","sha256":"9a7403e0ae0bc0ee914ad7ad140979c622622269952a179d804f0a0f9b100384"},"dob":{"date":"1977-05-06T06:15:33.686Z","age":47},"registered":{"date":"2004-10-15T12:44:38.625Z","age":19},"phone":"909-805-558","cell":"642-745-798","id":{"name":"DNI","value":"03481833-O"},"picture":{"large":"https://randomuser.me/api/portraits/men/35.jpg","medium":"https://randomuser.me/api/portraits/med/men/35.jpg","thumbnail":"https://randomuser.me/api/portraits/thumb/men/35.jpg"},"nat":"ES"}],"info":{"seed":"195ea70827fac04e","results":1,"page":1,"version":"1.4"}} 
 </msg>
<msg time="2024-06-09T17:13:49.927059" level="INFO">/opt/hostedtoolcache/Python/3.12.3/x64/lib/python3.12/site-packages/urllib3/connectionpool.py:1103: InsecureRequestWarning: Unverified HTTPS request is being made to host 'randomuser.me'. Adding certificate verification is strongly advised. See: https://urllib3.readthedocs.io/en/latest/advanced-usage.html#tls-warnings
  warnings.warn(</msg>
<msg time="2024-06-09T17:13:49.927210" level="INFO">${response} = &lt;Response [200]&gt;</msg>
<var>${response}</var>
<arg>consultarAPI</arg>
<arg>/api</arg>
<doc>Sends a GET request on a previously created HTTP Session.</doc>
<status status="PASS" start="2024-06-09T17:13:49.838961" elapsed="0.088305"/>
</kw>
<kw name="Set Variable" owner="BuiltIn">
<msg time="2024-06-09T17:13:49.928229" level="INFO">${json_data} = {'results': [{'gender': 'male', 'name': {'title': 'Mr', 'first': 'Jordi', 'last': 'Cortes'}, 'location': {'street': {'number': 2581, 'name': 'Calle de Atocha'}, 'city': 'Alcalá de Henares', 'state': '...</msg>
<var>${json_data}</var>
<arg>${response.json()}</arg>
<doc>Returns the given values which can then be assigned to a variables.</doc>
<status status="PASS" start="2024-06-09T17:13:49.927760" elapsed="0.000500"/>
</kw>
<kw name="Log" owner="BuiltIn">
<msg time="2024-06-09T17:13:49.928735" level="INFO">{'results': [{'gender': 'male', 'name': {'title': 'Mr', 'first': 'Jordi', 'last': 'Cortes'}, 'location': {'street': {'number': 2581, 'name': 'Calle de Atocha'}, 'city': 'Alcalá de Henares', 'state': 'Extremadura', 'country': 'Spain', 'postcode': 98447, 'coordinates': {'latitude': '-32.3646', 'longitude': '-20.6920'}, 'timezone': {'offset': '+8:00', 'description': 'Beijing, Perth, Singapore, Hong Kong'}}, 'email': 'jordi.cortes@example.com', 'login': {'uuid': '92d4609f-d5a6-42b3-b8a3-c9251fd1888d', 'username': 'purpleduck827', 'password': 'lion', 'salt': '1tPzjSo9', 'md5': 'e4163a88c97430d00607b0ef97d1161a', 'sha1': '2d585a9e8f9a6b78b5b0528ea9627bcfe98eeee3', 'sha256': '9a7403e0ae0bc0ee914ad7ad140979c622622269952a179d804f0a0f9b100384'}, 'dob': {'date': '1977-05-06T06:15:33.686Z', 'age': 47}, 'registered': {'date': '2004-10-15T12:44:38.625Z', 'age': 19}, 'phone': '909-805-558', 'cell': '642-745-798', 'id': {'name': 'DNI', 'value': '03481833-O'}, 'picture': {'large': 'https://randomuser.me/api/portraits/men/35.jpg', 'medium': 'https://randomuser.me/api/portraits/med/men/35.jpg', 'thumbnail': 'https://randomuser.me/api/portraits/thumb/men/35.jpg'}, 'nat': 'ES'}], 'info': {'seed': '195ea70827fac04e', 'results': 1, 'page': 1, 'version': '1.4'}}</msg>
<arg>${json_data}</arg>
<doc>Logs the given message with the given level.</doc>
<status status="PASS" start="2024-06-09T17:13:49.928575" elapsed="0.000219"/>
</kw>
<kw name="Dictionary Should Contain Key" owner="Collections">
<msg time="2024-06-09T17:13:49.929247" level="INFO">False</msg>
<arg>${json_data}</arg>
<arg>results</arg>
<doc>Fails if ``key`` is not found from ``dictionary``.</doc>
<status status="PASS" start="2024-06-09T17:13:49.929093" elapsed="0.000190"/>
</kw>
<kw name="Should Not Be Empty" owner="BuiltIn">
<msg time="2024-06-09T17:13:49.929712" level="INFO">Length is 2.</msg>
<arg>${json_data}</arg>
<doc>Verifies that the given item is not empty.</doc>
<status status="PASS" start="2024-06-09T17:13:49.929579" elapsed="0.000171"/>
</kw>
<kw name="Create List" owner="BuiltIn">
<msg time="2024-06-09T17:13:49.930184" level="INFO">${expected_keys} = ['gender', 'name', 'location', 'email', 'login']</msg>
<var>${expected_keys}</var>
<arg>gender</arg>
<arg>name</arg>
<arg>location</arg>
<arg>email</arg>
<arg>login</arg>
<doc>Returns a list containing given items.</doc>
<status status="PASS" start="2024-06-09T17:13:49.930039" elapsed="0.000168"/>
</kw>
<for flavor="IN">
<iter>
<kw name="Dictionary Should Contain Key" owner="Collections">
<msg time="2024-06-09T17:13:49.931205" level="INFO">False</msg>
<arg>${json_data['results'][0]}</arg>
<arg>${key}</arg>
<doc>Fails if ``key`` is not found from ``dictionary``.</doc>
<status status="PASS" start="2024-06-09T17:13:49.930778" elapsed="0.000470"/>
</kw>
<kw name="Log" owner="BuiltIn">
<msg time="2024-06-09T17:13:49.931943" level="INFO">{'gender': 'male', 'name': {'title': 'Mr', 'first': 'Jordi', 'last': 'Cortes'}, 'location': {'street': {'number': 2581, 'name': 'Calle de Atocha'}, 'city': 'Alcalá de Henares', 'state': 'Extremadura', 'country': 'Spain', 'postcode': 98447, 'coordinates': {'latitude': '-32.3646', 'longitude': '-20.6920'}, 'timezone': {'offset': '+8:00', 'description': 'Beijing, Perth, Singapore, Hong Kong'}}, 'email': 'jordi.cortes@example.com', 'login': {'uuid': '92d4609f-d5a6-42b3-b8a3-c9251fd1888d', 'username': 'purpleduck827', 'password': 'lion', 'salt': '1tPzjSo9', 'md5': 'e4163a88c97430d00607b0ef97d1161a', 'sha1': '2d585a9e8f9a6b78b5b0528ea9627bcfe98eeee3', 'sha256': '9a7403e0ae0bc0ee914ad7ad140979c622622269952a179d804f0a0f9b100384'}, 'dob': {'date': '1977-05-06T06:15:33.686Z', 'age': 47}, 'registered': {'date': '2004-10-15T12:44:38.625Z', 'age': 19}, 'phone': '909-805-558', 'cell': '642-745-798', 'id': {'name': 'DNI', 'value': '03481833-O'}, 'picture': {'large': 'https://randomuser.me/api/portraits/men/35.jpg', 'medium': 'https://randomuser.me/api/portraits/med/men/35.jpg', 'thumbnail': 'https://randomuser.me/api/portraits/thumb/men/35.jpg'}, 'nat': 'ES'}</msg>
<arg>${json_data['results'][0]}</arg>
<doc>Logs the given message with the given level.</doc>
<status status="PASS" start="2024-06-09T17:13:49.931567" elapsed="0.000426"/>
</kw>
<kw name="Log" owner="BuiltIn">
<msg time="2024-06-09T17:13:49.932436" level="INFO">gender</msg>
<arg>${key}</arg>
<doc>Logs the given message with the given level.</doc>
<status status="PASS" start="2024-06-09T17:13:49.932304" elapsed="0.000169"/>
</kw>
<var name="${key}">gender</var>
<status status="PASS" start="2024-06-09T17:13:49.930650" elapsed="0.002037"/>
</iter>
<iter>
<kw name="Dictionary Should Contain Key" owner="Collections">
<msg time="2024-06-09T17:13:49.933377" level="INFO">False</msg>
<arg>${json_data['results'][0]}</arg>
<arg>${key}</arg>
<doc>Fails if ``key`` is not found from ``dictionary``.</doc>
<status status="PASS" start="2024-06-09T17:13:49.932990" elapsed="0.000423"/>
</kw>
<kw name="Log" owner="BuiltIn">
<msg time="2024-06-09T17:13:49.934107" level="INFO">{'gender': 'male', 'name': {'title': 'Mr', 'first': 'Jordi', 'last': 'Cortes'}, 'location': {'street': {'number': 2581, 'name': 'Calle de Atocha'}, 'city': 'Alcalá de Henares', 'state': 'Extremadura', 'country': 'Spain', 'postcode': 98447, 'coordinates': {'latitude': '-32.3646', 'longitude': '-20.6920'}, 'timezone': {'offset': '+8:00', 'description': 'Beijing, Perth, Singapore, Hong Kong'}}, 'email': 'jordi.cortes@example.com', 'login': {'uuid': '92d4609f-d5a6-42b3-b8a3-c9251fd1888d', 'username': 'purpleduck827', 'password': 'lion', 'salt': '1tPzjSo9', 'md5': 'e4163a88c97430d00607b0ef97d1161a', 'sha1': '2d585a9e8f9a6b78b5b0528ea9627bcfe98eeee3', 'sha256': '9a7403e0ae0bc0ee914ad7ad140979c622622269952a179d804f0a0f9b100384'}, 'dob': {'date': '1977-05-06T06:15:33.686Z', 'age': 47}, 'registered': {'date': '2004-10-15T12:44:38.625Z', 'age': 19}, 'phone': '909-805-558', 'cell': '642-745-798', 'id': {'name': 'DNI', 'value': '03481833-O'}, 'picture': {'large': 'https://randomuser.me/api/portraits/men/35.jpg', 'medium': 'https://randomuser.me/api/portraits/med/men/35.jpg', 'thumbnail': 'https://randomuser.me/api/portraits/thumb/men/35.jpg'}, 'nat': 'ES'}</msg>
<arg>${json_data['results'][0]}</arg>
<doc>Logs the given message with the given level.</doc>
<status status="PASS" start="2024-06-09T17:13:49.933735" elapsed="0.000422"/>
</kw>
<kw name="Log" owner="BuiltIn">
<msg time="2024-06-09T17:13:49.934582" level="INFO">name</msg>
<arg>${key}</arg>
<doc>Logs the given message with the given level.</doc>
<status status="PASS" start="2024-06-09T17:13:49.934453" elapsed="0.000168"/>
</kw>
<var name="${key}">name</var>
<status status="PASS" start="2024-06-09T17:13:49.932874" elapsed="0.001971"/>
</iter>
<iter>
<kw name="Dictionary Should Contain Key" owner="Collections">
<msg time="2024-06-09T17:13:49.935530" level="INFO">False</msg>
<arg>${json_data['results'][0]}</arg>
<arg>${key}</arg>
<doc>Fails if ``key`` is not found from ``dictionary``.</doc>
<status status="PASS" start="2024-06-09T17:13:49.935144" elapsed="0.000447"/>
</kw>
<kw name="Log" owner="BuiltIn">
<msg time="2024-06-09T17:13:49.936273" level="INFO">{'gender': 'male', 'name': {'title': 'Mr', 'first': 'Jordi', 'last': 'Cortes'}, 'location': {'street': {'number': 2581, 'name': 'Calle de Atocha'}, 'city': 'Alcalá de Henares', 'state': 'Extremadura', 'country': 'Spain', 'postcode': 98447, 'coordinates': {'latitude': '-32.3646', 'longitude': '-20.6920'}, 'timezone': {'offset': '+8:00', 'description': 'Beijing, Perth, Singapore, Hong Kong'}}, 'email': 'jordi.cortes@example.com', 'login': {'uuid': '92d4609f-d5a6-42b3-b8a3-c9251fd1888d', 'username': 'purpleduck827', 'password': 'lion', 'salt': '1tPzjSo9', 'md5': 'e4163a88c97430d00607b0ef97d1161a', 'sha1': '2d585a9e8f9a6b78b5b0528ea9627bcfe98eeee3', 'sha256': '9a7403e0ae0bc0ee914ad7ad140979c622622269952a179d804f0a0f9b100384'}, 'dob': {'date': '1977-05-06T06:15:33.686Z', 'age': 47}, 'registered': {'date': '2004-10-15T12:44:38.625Z', 'age': 19}, 'phone': '909-805-558', 'cell': '642-745-798', 'id': {'name': 'DNI', 'value': '03481833-O'}, 'picture': {'large': 'https://randomuser.me/api/portraits/men/35.jpg', 'medium': 'https://randomuser.me/api/portraits/med/men/35.jpg', 'thumbnail': 'https://randomuser.me/api/portraits/thumb/men/35.jpg'}, 'nat': 'ES'}</msg>
<arg>${json_data['results'][0]}</arg>
<doc>Logs the given message with the given level.</doc>
<status status="PASS" start="2024-06-09T17:13:49.935897" elapsed="0.000432"/>
</kw>
<kw name="Log" owner="BuiltIn">
<msg time="2024-06-09T17:13:49.936760" level="INFO">location</msg>
<arg>${key}</arg>
<doc>Logs the given message with the given level.</doc>
<status status="PASS" start="2024-06-09T17:13:49.936632" elapsed="0.000165"/>
</kw>
<var name="${key}">location</var>
<status status="PASS" start="2024-06-09T17:13:49.935027" elapsed="0.001986"/>
</iter>
<iter>
<kw name="Dictionary Should Contain Key" owner="Collections">
<msg time="2024-06-09T17:13:49.937774" level="INFO">False</msg>
<arg>${json_data['results'][0]}</arg>
<arg>${key}</arg>
<doc>Fails if ``key`` is not found from ``dictionary``.</doc>
<status status="PASS" start="2024-06-09T17:13:49.937297" elapsed="0.000514"/>
</kw>
<kw name="Log" owner="BuiltIn">
<msg time="2024-06-09T17:13:49.938475" level="INFO">{'gender': 'male', 'name': {'title': 'Mr', 'first': 'Jordi', 'last': 'Cortes'}, 'location': {'street': {'number': 2581, 'name': 'Calle de Atocha'}, 'city': 'Alcalá de Henares', 'state': 'Extremadura', 'country': 'Spain', 'postcode': 98447, 'coordinates': {'latitude': '-32.3646', 'longitude': '-20.6920'}, 'timezone': {'offset': '+8:00', 'description': 'Beijing, Perth, Singapore, Hong Kong'}}, 'email': 'jordi.cortes@example.com', 'login': {'uuid': '92d4609f-d5a6-42b3-b8a3-c9251fd1888d', 'username': 'purpleduck827', 'password': 'lion', 'salt': '1tPzjSo9', 'md5': 'e4163a88c97430d00607b0ef97d1161a', 'sha1': '2d585a9e8f9a6b78b5b0528ea9627bcfe98eeee3', 'sha256': '9a7403e0ae0bc0ee914ad7ad140979c622622269952a179d804f0a0f9b100384'}, 'dob': {'date': '1977-05-06T06:15:33.686Z', 'age': 47}, 'registered': {'date': '2004-10-15T12:44:38.625Z', 'age': 19}, 'phone': '909-805-558', 'cell': '642-745-798', 'id': {'name': 'DNI', 'value': '03481833-O'}, 'picture': {'large': 'https://randomuser.me/api/portraits/men/35.jpg', 'medium': 'https://randomuser.me/api/portraits/med/men/35.jpg', 'thumbnail': 'https://randomuser.me/api/portraits/thumb/men/35.jpg'}, 'nat': 'ES'}</msg>
<arg>${json_data['results'][0]}</arg>
<doc>Logs the given message with the given level.</doc>
<status status="PASS" start="2024-06-09T17:13:49.938106" elapsed="0.000428"/>
</kw>
<kw name="Log" owner="BuiltIn">
<msg time="2024-06-09T17:13:49.938956" level="INFO">email</msg>
<arg>${key}</arg>
<doc>Logs the given message with the given level.</doc>
<status status="PASS" start="2024-06-09T17:13:49.938830" elapsed="0.000163"/>
</kw>
<var name="${key}">email</var>
<status status="PASS" start="2024-06-09T17:13:49.937186" elapsed="0.002019"/>
</iter>
<iter>
<kw name="Dictionary Should Contain Key" owner="Collections">
<msg time="2024-06-09T17:13:49.939901" level="INFO">False</msg>
<arg>${json_data['results'][0]}</arg>
<arg>${key}</arg>
<doc>Fails if ``key`` is not found from ``dictionary``.</doc>
<status status="PASS" start="2024-06-09T17:13:49.939489" elapsed="0.000448"/>
</kw>
<kw name="Log" owner="BuiltIn">
<msg time="2024-06-09T17:13:49.940584" level="INFO">{'gender': 'male', 'name': {'title': 'Mr', 'first': 'Jordi', 'last': 'Cortes'}, 'location': {'street': {'number': 2581, 'name': 'Calle de Atocha'}, 'city': 'Alcalá de Henares', 'state': 'Extremadura', 'country': 'Spain', 'postcode': 98447, 'coordinates': {'latitude': '-32.3646', 'longitude': '-20.6920'}, 'timezone': {'offset': '+8:00', 'description': 'Beijing, Perth, Singapore, Hong Kong'}}, 'email': 'jordi.cortes@example.com', 'login': {'uuid': '92d4609f-d5a6-42b3-b8a3-c9251fd1888d', 'username': 'purpleduck827', 'password': 'lion', 'salt': '1tPzjSo9', 'md5': 'e4163a88c97430d00607b0ef97d1161a', 'sha1': '2d585a9e8f9a6b78b5b0528ea9627bcfe98eeee3', 'sha256': '9a7403e0ae0bc0ee914ad7ad140979c622622269952a179d804f0a0f9b100384'}, 'dob': {'date': '1977-05-06T06:15:33.686Z', 'age': 47}, 'registered': {'date': '2004-10-15T12:44:38.625Z', 'age': 19}, 'phone': '909-805-558', 'cell': '642-745-798', 'id': {'name': 'DNI', 'value': '03481833-O'}, 'picture': {'large': 'https://randomuser.me/api/portraits/men/35.jpg', 'medium': 'https://randomuser.me/api/portraits/med/men/35.jpg', 'thumbnail': 'https://randomuser.me/api/portraits/thumb/men/35.jpg'}, 'nat': 'ES'}</msg>
<arg>${json_data['results'][0]}</arg>
<doc>Logs the given message with the given level.</doc>
<status status="PASS" start="2024-06-09T17:13:49.940229" elapsed="0.000403"/>
</kw>
<kw name="Log" owner="BuiltIn">
<msg time="2024-06-09T17:13:49.941054" level="INFO">login</msg>
<arg>${key}</arg>
<doc>Logs the given message with the given level.</doc>
<status status="PASS" start="2024-06-09T17:13:49.940926" elapsed="0.000166"/>
</kw>
<var name="${key}">login</var>
<status status="PASS" start="2024-06-09T17:13:49.939377" elapsed="0.001955"/>
</iter>
<var>${key}</var>
<value>@{expected_keys}</value>
<status status="PASS" start="2024-06-09T17:13:49.930462" elapsed="0.010999"/>
</for>
<kw name="Create List" owner="BuiltIn">
<msg time="2024-06-09T17:13:49.941794" level="INFO">${expected_keysTwo} = ['username', 'password']</msg>
<var>${expected_keysTwo}</var>
<arg>username</arg>
<arg>password</arg>
<doc>Returns a list containing given items.</doc>
<status status="PASS" start="2024-06-09T17:13:49.941654" elapsed="0.000164"/>
</kw>
<for flavor="IN">
<iter>
<kw name="Dictionary Should Contain Key" owner="Collections">
<msg time="2024-06-09T17:13:49.942702" level="INFO">False</msg>
<arg>${json_data['results'][0]['login']}</arg>
<arg>${keyTwo}</arg>
<doc>Fails if ``key`` is not found from ``dictionary``.</doc>
<status status="PASS" start="2024-06-09T17:13:49.942317" elapsed="0.000422"/>
</kw>
<kw name="Dictionary Should Contain Key" owner="Collections">
<msg time="2024-06-09T17:13:49.943413" level="INFO">False</msg>
<arg>${json_data['results'][0]['login']}</arg>
<arg>${keyTwo}</arg>
<doc>Fails if ``key`` is not found from ``dictionary``.</doc>
<status status="PASS" start="2024-06-09T17:13:49.943034" elapsed="0.000417"/>
</kw>
<kw name="Log" owner="BuiltIn">
<msg time="2024-06-09T17:13:49.943908" level="INFO">username</msg>
<arg>${keyTwo}</arg>
<doc>Logs the given message with the given level.</doc>
<status status="PASS" start="2024-06-09T17:13:49.943779" elapsed="0.000167"/>
</kw>
<var name="${keyTwo}">username</var>
<status status="PASS" start="2024-06-09T17:13:49.942206" elapsed="0.001956"/>
</iter>
<iter>
<kw name="Dictionary Should Contain Key" owner="Collections">
<msg time="2024-06-09T17:13:49.944832" level="INFO">False</msg>
<arg>${json_data['results'][0]['login']}</arg>
<arg>${keyTwo}</arg>
<doc>Fails if ``key`` is not found from ``dictionary``.</doc>
<status status="PASS" start="2024-06-09T17:13:49.944450" elapsed="0.000420"/>
</kw>
<kw name="Dictionary Should Contain Key" owner="Collections">
<msg time="2024-06-09T17:13:49.945549" level="INFO">False</msg>
<arg>${json_data['results'][0]['login']}</arg>
<arg>${keyTwo}</arg>
<doc>Fails if ``key`` is not found from ``dictionary``.</doc>
<status status="PASS" start="2024-06-09T17:13:49.945163" elapsed="0.000422"/>
</kw>
<kw name="Log" owner="BuiltIn">
<msg time="2024-06-09T17:13:49.946006" level="INFO">password</msg>
<arg>${keyTwo}</arg>
<doc>Logs the given message with the given level.</doc>
<status status="PASS" start="2024-06-09T17:13:49.945878" elapsed="0.000165"/>
</kw>
<var name="${keyTwo}">password</var>
<status status="PASS" start="2024-06-09T17:13:49.944334" elapsed="0.001924"/>
</iter>
<var>${keyTwo}</var>
<value>@{expected_keysTwo}</value>
<status status="PASS" start="2024-06-09T17:13:49.942053" elapsed="0.004337"/>
</for>
<status status="PASS" start="2024-06-09T17:13:49.838725" elapsed="0.107815"/>
</kw>
<doc>Testa a estrutura da resposta da API.</doc>
<tag>testeEstruturaResposta</tag>
<status status="PASS" start="2024-06-09T17:13:49.838125" elapsed="0.108562"/>
</test>
<test id="s1-s1-t4" name="Validar tipos de dados" line="28">
<kw name="Teste de Tipos de Dados" owner="random-user-service">
<kw name="GET On Session" owner="RequestsLibrary">
<msg time="2024-06-09T17:13:50.034053" level="INFO">GET Request : url=https://randomuser.me/api 
 path_url=/api 
 headers={'User-Agent': 'python-requests/2.32.3', 'Accept-Encoding': 'gzip, deflate', 'Accept': '*/*', 'Connection': 'keep-alive'} 
 body=None 
 </msg>
<msg time="2024-06-09T17:13:50.034144" level="INFO">GET Response : url=https://randomuser.me/api 
 status=200, reason=OK 
 headers={'Date': 'Sun, 09 Jun 2024 17:13:50 GMT', 'Content-Type': 'application/json; charset=utf-8', 'Transfer-Encoding': 'chunked', 'Connection': 'keep-alive', 'X-Powered-By': 'Express', 'Access-Control-Allow-Origin': '*', 'Cache-Control': 'no-cache', 'ETag': 'W/"499-wBW/QkTNuaRO5OLf8vHnYWArxy0"', 'Vary': 'Accept-Encoding', 'Content-Encoding': 'gzip', 'CF-Cache-Status': 'DYNAMIC', 'Report-To': '{"endpoints":[{"url":"https:\\/\\/a.nel.cloudflare.com\\/report\\/v4?s=XQaqjEXc1FcjVCF3XH5hKADtGmS94IG9iFJRPOKDZoR%2BnVMYWKIMM1UXQ25sjkWMdsb76qxCsQYkytqa0rVERYamFToBi79zDWdeugF6c9iXvzvmVXEQqryL4sL4VIEs"}],"group":"cf-nel","max_age":604800}', 'NEL': '{"success_fraction":0,"report_to":"cf-nel","max_age":604800}', 'Server': 'cloudflare', 'CF-RAY': '8912c1272b1d0819-IAD', 'alt-svc': 'h3=":443"; ma=86400'} 
 body={"results":[{"gender":"female","name":{"title":"Miss","first":"Ivana","last":"Pires"},"location":{"street":{"number":1493,"name":"Rua Primeiro de Maio "},"city":"Tatuí","state":"Alagoas","country":"Brazil","postcode":80946,"coordinates":{"latitude":"-74.1608","longitude":"79.0788"},"timezone":{"offset":"-3:00","description":"Brazil, Buenos Aires, Georgetown"}},"email":"ivana.pires@example.com","login":{"uuid":"7c2528e0-c56f-4315-808a-e0bc262bc3c1","username":"redtiger128","password":"labrador","salt":"wB0oewVc","md5":"a3e4358d62d87d7988459c137c8754e1","sha1":"6587e4933cc577e99b69c3b832ace427af0f8485","sha256":"e517d3514271164b9b646eae2f42c6098d0e69cc6c68866856cabb426c523976"},"dob":{"date":"1984-05-22T06:13:53.702Z","age":40},"registered":{"date":"2018-02-04T12:34:46.222Z","age":6},"phone":"(31) 7718-1474","cell":"(43) 5400-1116","id":{"name":"CPF","value":"867.276.872-45"},"picture":{"large":"https://randomuser.me/api/portraits/women/14.jpg","medium":"https://randomuser.me/api/portraits/med/women/14.jpg","thumbnail":"https://randomuser.me/api/portraits/thumb/women/14.jpg"},"nat":"BR"}],"info":{"seed":"8f6bc60e11c924e1","results":1,"page":1,"version":"1.4"}} 
 </msg>
<msg time="2024-06-09T17:13:50.034225" level="INFO">/opt/hostedtoolcache/Python/3.12.3/x64/lib/python3.12/site-packages/urllib3/connectionpool.py:1103: InsecureRequestWarning: Unverified HTTPS request is being made to host 'randomuser.me'. Adding certificate verification is strongly advised. See: https://urllib3.readthedocs.io/en/latest/advanced-usage.html#tls-warnings
  warnings.warn(</msg>
<msg time="2024-06-09T17:13:50.034348" level="INFO">${response} = &lt;Response [200]&gt;</msg>
<var>${response}</var>
<arg>consultarAPI</arg>
<arg>/api</arg>
<doc>Sends a GET request on a previously created HTTP Session.</doc>
<status status="PASS" start="2024-06-09T17:13:49.949235" elapsed="0.085169"/>
</kw>
<kw name="Set Variable" owner="BuiltIn">
<msg time="2024-06-09T17:13:50.035592" level="INFO">${json_data} = {'results': [{'gender': 'female', 'name': {'title': 'Miss', 'first': 'Ivana', 'last': 'Pires'}, 'location': {'street': {'number': 1493, 'name': 'Rua Primeiro de Maio '}, 'city': 'Tatuí', 'state': 'Ala...</msg>
<var>${json_data}</var>
<arg>${response.json()}</arg>
<doc>Returns the given values which can then be assigned to a variables.</doc>
<status status="PASS" start="2024-06-09T17:13:50.034962" elapsed="0.000667"/>
</kw>
<kw name="Log" owner="BuiltIn">
<msg time="2024-06-09T17:13:50.036150" level="INFO">{'results': [{'gender': 'female', 'name': {'title': 'Miss', 'first': 'Ivana', 'last': 'Pires'}, 'location': {'street': {'number': 1493, 'name': 'Rua Primeiro de Maio '}, 'city': 'Tatuí', 'state': 'Alagoas', 'country': 'Brazil', 'postcode': 80946, 'coordinates': {'latitude': '-74.1608', 'longitude': '79.0788'}, 'timezone': {'offset': '-3:00', 'description': 'Brazil, Buenos Aires, Georgetown'}}, 'email': 'ivana.pires@example.com', 'login': {'uuid': '7c2528e0-c56f-4315-808a-e0bc262bc3c1', 'username': 'redtiger128', 'password': 'labrador', 'salt': 'wB0oewVc', 'md5': 'a3e4358d62d87d7988459c137c8754e1', 'sha1': '6587e4933cc577e99b69c3b832ace427af0f8485', 'sha256': 'e517d3514271164b9b646eae2f42c6098d0e69cc6c68866856cabb426c523976'}, 'dob': {'date': '1984-05-22T06:13:53.702Z', 'age': 40}, 'registered': {'date': '2018-02-04T12:34:46.222Z', 'age': 6}, 'phone': '(31) 7718-1474', 'cell': '(43) 5400-1116', 'id': {'name': 'CPF', 'value': '867.276.872-45'}, 'picture': {'large': 'https://randomuser.me/api/portraits/women/14.jpg', 'medium': 'https://randomuser.me/api/portraits/med/women/14.jpg', 'thumbnail': 'https://randomuser.me/api/portraits/thumb/women/14.jpg'}, 'nat': 'BR'}], 'info': {'seed': '8f6bc60e11c924e1', 'results': 1, 'page': 1, 'version': '1.4'}}</msg>
<arg>${json_data}</arg>
<doc>Logs the given message with the given level.</doc>
<status status="PASS" start="2024-06-09T17:13:50.035966" elapsed="0.000271"/>
</kw>
<kw name="Should Be String" owner="String">
<arg>${json_data['results'][0]['gender']}</arg>
<doc>Fails if the given ``item`` is not a string.</doc>
<status status="PASS" start="2024-06-09T17:13:50.036551" elapsed="0.000394"/>
</kw>
<kw name="Should Match Regexp" owner="BuiltIn">
<arg>${json_data['results'][0]['email']}</arg>
<arg>^[a-zA-Z0-9._%+-]+@[a-zA-Z0-9.-]+\.[a-zA-Z]{2,}$</arg>
<doc>Fails if ``string`` does not match ``pattern`` as a regular expression.</doc>
<status status="PASS" start="2024-06-09T17:13:50.037140" elapsed="0.000652"/>
</kw>
<kw name="Should Match Regexp" owner="BuiltIn">
<arg>${json_data['results'][0]['dob']['date']}</arg>
<arg>\\d{4}-\\d{2}-\\d{2}T\\d{2}:\\d{2}:\\d{2}\\.\\d{3}Z</arg>
<doc>Fails if ``string`` does not match ``pattern`` as a regular expression.</doc>
<status status="PASS" start="2024-06-09T17:13:50.037991" elapsed="0.000486"/>
</kw>
<kw name="Should Match Regexp" owner="BuiltIn">
<arg>${json_data['results'][0]['registered']['date']}</arg>
<arg>\\d{4}-\\d{2}-\\d{2}T\\d{2}:\\d{2}:\\d{2}\\.\\d{3}Z</arg>
<doc>Fails if ``string`` does not match ``pattern`` as a regular expression.</doc>
<status status="PASS" start="2024-06-09T17:13:50.038672" elapsed="0.000366"/>
</kw>
<kw name="Should Match Regexp" owner="BuiltIn">
<arg>${json_data['results'][0]['picture']['large']}</arg>
<arg>^https?://.*\.(?:png|jpe?g|gif|bmp)$</arg>
<doc>Fails if ``string`` does not match ``pattern`` as a regular expression.</doc>
<status status="PASS" start="2024-06-09T17:13:50.039227" elapsed="0.000498"/>
</kw>
<kw name="Should Match Regexp" owner="BuiltIn">
<arg>${json_data['results'][0]['picture']['medium']}</arg>
<arg>^https?://.*\.(?:png|jpe?g|gif|bmp)$</arg>
<doc>Fails if ``string`` does not match ``pattern`` as a regular expression.</doc>
<status status="PASS" start="2024-06-09T17:13:50.039920" elapsed="0.000368"/>
</kw>
<kw name="Should Match Regexp" owner="BuiltIn">
<arg>${json_data['results'][0]['picture']['thumbnail']}</arg>
<arg>^https?://.*\.(?:png|jpe?g|gif|bmp)$</arg>
<doc>Fails if ``string`` does not match ``pattern`` as a regular expression.</doc>
<status status="PASS" start="2024-06-09T17:13:50.040480" elapsed="0.000356"/>
</kw>
<kw name="Log" owner="BuiltIn">
<msg time="2024-06-09T17:13:50.041344" level="INFO">{'large': 'https://randomuser.me/api/portraits/women/14.jpg', 'medium': 'https://randomuser.me/api/portraits/med/women/14.jpg', 'thumbnail': 'https://randomuser.me/api/portraits/thumb/women/14.jpg'}</msg>
<arg>${json_data['results'][0]['picture']}</arg>
<doc>Logs the given message with the given level.</doc>
<status status="PASS" start="2024-06-09T17:13:50.041020" elapsed="0.000366"/>
</kw>
<status status="PASS" start="2024-06-09T17:13:49.949008" elapsed="0.092639"/>
</kw>
<kw name="Teste de Tipos de Dados - Postcode" owner="random-user-service">
<kw name="GET On Session" owner="RequestsLibrary">
<msg time="2024-06-09T17:13:50.130712" level="INFO">GET Request : url=https://randomuser.me/api 
 path_url=/api 
 headers={'User-Agent': 'python-requests/2.32.3', 'Accept-Encoding': 'gzip, deflate', 'Accept': '*/*', 'Connection': 'keep-alive'} 
 body=None 
 </msg>
<msg time="2024-06-09T17:13:50.130806" level="INFO">GET Response : url=https://randomuser.me/api 
 status=200, reason=OK 
 headers={'Date': 'Sun, 09 Jun 2024 17:13:50 GMT', 'Content-Type': 'application/json; charset=utf-8', 'Transfer-Encoding': 'chunked', 'Connection': 'keep-alive', 'X-Powered-By': 'Express', 'Access-Control-Allow-Origin': '*', 'Cache-Control': 'no-cache', 'ETag': 'W/"47b-PjkHTz7i/RLOySr/KhEoXc3ZWTU"', 'Vary': 'Accept-Encoding', 'Content-Encoding': 'gzip', 'CF-Cache-Status': 'DYNAMIC', 'Report-To': '{"endpoints":[{"url":"https:\\/\\/a.nel.cloudflare.com\\/report\\/v4?s=34Qk%2BxW95YLo4uECr%2FTeALz4zLfWdjW1K5CTJ%2BsgPGXdaxgufv6yqXobcjZmnwqReBMYdPIntP4wdNt17rxrEOdFMdWHUexYSi3M52qkgDJA9Cwphh8toPvbRj51Szii"}],"group":"cf-nel","max_age":604800}', 'NEL': '{"success_fraction":0,"report_to":"cf-nel","max_age":604800}', 'Server': 'cloudflare', 'CF-RAY': '8912c127cbb60819-IAD', 'alt-svc': 'h3=":443"; ma=86400'} 
 body={"results":[{"gender":"male","name":{"title":"Mr","first":"Svetislav","last":"Jović"},"location":{"street":{"number":7940,"name":"Tomaška"},"city":"Ivanjica","state":"Rasina","country":"Serbia","postcode":78228,"coordinates":{"latitude":"64.0163","longitude":"-119.9946"},"timezone":{"offset":"+2:00","description":"Kaliningrad, South Africa"}},"email":"svetislav.jovic@example.com","login":{"uuid":"c48cd4bc-3a91-4bd3-8c32-74dc6c81a175","username":"browndog510","password":"rubber","salt":"mOLfRZoF","md5":"10c2e8459ade6b6aca02ae1daf9114b0","sha1":"50c842e33fe1c4619bde0355b9ca69774f4e7f1c","sha256":"a59c7ea8206acb77b03f863643f24cbc98bf89821732de8dea587a89fb0b17cd"},"dob":{"date":"1960-01-15T07:48:33.437Z","age":64},"registered":{"date":"2018-10-28T18:09:11.446Z","age":5},"phone":"027-5161-439","cell":"063-1347-058","id":{"name":"SID","value":"175772213"},"picture":{"large":"https://randomuser.me/api/portraits/men/80.jpg","medium":"https://randomuser.me/api/portraits/med/men/80.jpg","thumbnail":"https://randomuser.me/api/portraits/thumb/men/80.jpg"},"nat":"RS"}],"info":{"seed":"29a68e23fdf62b62","results":1,"page":1,"version":"1.4"}} 
 </msg>
<msg time="2024-06-09T17:13:50.130869" level="INFO">/opt/hostedtoolcache/Python/3.12.3/x64/lib/python3.12/site-packages/urllib3/connectionpool.py:1103: InsecureRequestWarning: Unverified HTTPS request is being made to host 'randomuser.me'. Adding certificate verification is strongly advised. See: https://urllib3.readthedocs.io/en/latest/advanced-usage.html#tls-warnings
  warnings.warn(</msg>
<msg time="2024-06-09T17:13:50.130963" level="INFO">${response} = &lt;Response [200]&gt;</msg>
<var>${response}</var>
<arg>consultarAPI</arg>
<arg>/api</arg>
<doc>Sends a GET request on a previously created HTTP Session.</doc>
<status status="PASS" start="2024-06-09T17:13:50.042094" elapsed="0.088911"/>
</kw>
<kw name="Set Variable" owner="BuiltIn">
<msg time="2024-06-09T17:13:50.132108" level="INFO">${json_data} = {'results': [{'gender': 'male', 'name': {'title': 'Mr', 'first': 'Svetislav', 'last': 'Jović'}, 'location': {'street': {'number': 7940, 'name': 'Tomaška'}, 'city': 'Ivanjica', 'state': 'Rasina', 'coun...</msg>
<var>${json_data}</var>
<arg>${response.json()}</arg>
<doc>Returns the given values which can then be assigned to a variables.</doc>
<status status="PASS" start="2024-06-09T17:13:50.131495" elapsed="0.000644"/>
</kw>
<kw name="Log" owner="BuiltIn">
<msg time="2024-06-09T17:13:50.132618" level="INFO">{'results': [{'gender': 'male', 'name': {'title': 'Mr', 'first': 'Svetislav', 'last': 'Jović'}, 'location': {'street': {'number': 7940, 'name': 'Tomaška'}, 'city': 'Ivanjica', 'state': 'Rasina', 'country': 'Serbia', 'postcode': 78228, 'coordinates': {'latitude': '64.0163', 'longitude': '-119.9946'}, 'timezone': {'offset': '+2:00', 'description': 'Kaliningrad, South Africa'}}, 'email': 'svetislav.jovic@example.com', 'login': {'uuid': 'c48cd4bc-3a91-4bd3-8c32-74dc6c81a175', 'username': 'browndog510', 'password': 'rubber', 'salt': 'mOLfRZoF', 'md5': '10c2e8459ade6b6aca02ae1daf9114b0', 'sha1': '50c842e33fe1c4619bde0355b9ca69774f4e7f1c', 'sha256': 'a59c7ea8206acb77b03f863643f24cbc98bf89821732de8dea587a89fb0b17cd'}, 'dob': {'date': '1960-01-15T07:48:33.437Z', 'age': 64}, 'registered': {'date': '2018-10-28T18:09:11.446Z', 'age': 5}, 'phone': '027-5161-439', 'cell': '063-1347-058', 'id': {'name': 'SID', 'value': '175772213'}, 'picture': {'large': 'https://randomuser.me/api/portraits/men/80.jpg', 'medium': 'https://randomuser.me/api/portraits/med/men/80.jpg', 'thumbnail': 'https://randomuser.me/api/portraits/thumb/men/80.jpg'}, 'nat': 'RS'}], 'info': {'seed': '29a68e23fdf62b62', 'results': 1, 'page': 1, 'version': '1.4'}}</msg>
<arg>${json_data}</arg>
<doc>Logs the given message with the given level.</doc>
<status status="PASS" start="2024-06-09T17:13:50.132457" elapsed="0.000247"/>
</kw>
<kw name="Should Be Equal As Numbers" owner="BuiltIn">
<arg>${json_data['results'][0]['location']['postcode']}</arg>
<arg>${json_data['results'][0]['location']['postcode']}</arg>
<doc>Fails if objects are unequal after converting them to real numbers.</doc>
<status status="PASS" start="2024-06-09T17:13:50.133017" elapsed="0.000634"/>
</kw>
<kw name="Log" owner="BuiltIn">
<msg time="2024-06-09T17:13:50.134200" level="INFO">78228</msg>
<arg>${json_data['results'][0]['location']['postcode']}</arg>
<doc>Logs the given message with the given level.</doc>
<status status="PASS" start="2024-06-09T17:13:50.133853" elapsed="0.000388"/>
</kw>
<status status="PASS" start="2024-06-09T17:13:50.041863" elapsed="0.092632"/>
</kw>
<doc>Testa se os tipos de dados na resposta da API estão corretos.</doc>
<tag>testeTiposDados</tag>
<status status="PASS" start="2024-06-09T17:13:49.948457" elapsed="0.186205"/>
</test>
<test id="s1-s1-t5" name="Validar conteudo" line="35">
<kw name="Teste de Tipos de Conteudo" owner="random-user-service">
<kw name="GET On Session" owner="RequestsLibrary">
<msg time="2024-06-09T17:13:50.226429" level="INFO">GET Request : url=https://randomuser.me/api 
 path_url=/api 
 headers={'User-Agent': 'python-requests/2.32.3', 'Accept-Encoding': 'gzip, deflate', 'Accept': '*/*', 'Connection': 'keep-alive'} 
 body=None 
 </msg>
<msg time="2024-06-09T17:13:50.226520" level="INFO">GET Response : url=https://randomuser.me/api 
 status=200, reason=OK 
 headers={'Date': 'Sun, 09 Jun 2024 17:13:50 GMT', 'Content-Type': 'application/json; charset=utf-8', 'Transfer-Encoding': 'chunked', 'Connection': 'keep-alive', 'X-Powered-By': 'Express', 'Access-Control-Allow-Origin': '*', 'Cache-Control': 'no-cache', 'ETag': 'W/"497-mAQACt9MQzaOaPvg45/sRB+BYF4"', 'Vary': 'Accept-Encoding', 'Content-Encoding': 'gzip', 'CF-Cache-Status': 'DYNAMIC', 'Report-To': '{"endpoints":[{"url":"https:\\/\\/a.nel.cloudflare.com\\/report\\/v4?s=WNV8Gc%2F4Jfy7duWyN6vQ%2BDn%2FQqgWKw4dN%2BzV0wwP7uOxJKrbd%2FNajtO83uloGY4PtulPTRKWDg3S7QwY9hxR6gJsRAlh1He2cxf0ey7Tbscb3fChDyRYE88AULjbaDd8"}],"group":"cf-nel","max_age":604800}', 'NEL': '{"success_fraction":0,"report_to":"cf-nel","max_age":604800}', 'Server': 'cloudflare', 'CF-RAY': '8912c1285c6a0819-IAD', 'alt-svc': 'h3=":443"; ma=86400'} 
 body={"results":[{"gender":"male","name":{"title":"Mr","first":"Marion","last":"Nelson"},"location":{"street":{"number":8053,"name":"Park Lane"},"city":"Coventry","state":"Cleveland","country":"United Kingdom","postcode":"Y6 2GG","coordinates":{"latitude":"-11.7471","longitude":"-131.2907"},"timezone":{"offset":"+5:30","description":"Bombay, Calcutta, Madras, New Delhi"}},"email":"marion.nelson@example.com","login":{"uuid":"aabc9317-6fa6-46d0-a861-e898796ba7fb","username":"happybird899","password":"larry1","salt":"A0QzyYbj","md5":"aaa45f5861df10dce35a3263e7ddc762","sha1":"6114cc49aac5c55eb551959c8407745c519c2409","sha256":"d6a616ab3706f61a7260e3ef2d895c408e802a89e8dda63f30c43cdf4a611d52"},"dob":{"date":"1973-06-19T13:02:33.572Z","age":50},"registered":{"date":"2013-08-17T12:13:02.887Z","age":10},"phone":"019467 28036","cell":"07656 369798","id":{"name":"NINO","value":"LP 10 57 47 T"},"picture":{"large":"https://randomuser.me/api/portraits/men/51.jpg","medium":"https://randomuser.me/api/portraits/med/men/51.jpg","thumbnail":"https://randomuser.me/api/portraits/thumb/men/51.jpg"},"nat":"GB"}],"info":{"seed":"6b180283c9ab7c96","results":1,"page":1,"version":"1.4"}} 
 </msg>
<msg time="2024-06-09T17:13:50.226598" level="INFO">/opt/hostedtoolcache/Python/3.12.3/x64/lib/python3.12/site-packages/urllib3/connectionpool.py:1103: InsecureRequestWarning: Unverified HTTPS request is being made to host 'randomuser.me'. Adding certificate verification is strongly advised. See: https://urllib3.readthedocs.io/en/latest/advanced-usage.html#tls-warnings
  warnings.warn(</msg>
<msg time="2024-06-09T17:13:50.226733" level="INFO">${response} = &lt;Response [200]&gt;</msg>
<var>${response}</var>
<arg>consultarAPI</arg>
<arg>/api</arg>
<doc>Sends a GET request on a previously created HTTP Session.</doc>
<status status="PASS" start="2024-06-09T17:13:50.137247" elapsed="0.089543"/>
</kw>
<kw name="Set Variable" owner="BuiltIn">
<msg time="2024-06-09T17:13:50.227940" level="INFO">${json_data} = {'results': [{'gender': 'male', 'name': {'title': 'Mr', 'first': 'Marion', 'last': 'Nelson'}, 'location': {'street': {'number': 8053, 'name': 'Park Lane'}, 'city': 'Coventry', 'state': 'Cleveland', 'c...</msg>
<var>${json_data}</var>
<arg>${response.json()}</arg>
<doc>Returns the given values which can then be assigned to a variables.</doc>
<status status="PASS" start="2024-06-09T17:13:50.227326" elapsed="0.000644"/>
</kw>
<kw name="Set Variable" owner="BuiltIn">
<msg time="2024-06-09T17:13:50.228673" level="INFO">${name_title} = Mr</msg>
<var>${name_title}</var>
<arg>${json_data["results"][0]["name"]["title"]}</arg>
<doc>Returns the given values which can then be assigned to a variables.</doc>
<status status="PASS" start="2024-06-09T17:13:50.228283" elapsed="0.000417"/>
</kw>
<kw name="Create List" owner="BuiltIn">
<msg time="2024-06-09T17:13:50.229160" level="INFO">${allowed_titles} = ['Mr', 'Ms', 'Miss', 'Mrs', 'Madame', 'Monsieur']</msg>
<var>${allowed_titles}</var>
<arg>Mr</arg>
<arg>Ms</arg>
<arg>Miss</arg>
<arg>Mrs</arg>
<arg>Madame</arg>
<arg>Monsieur</arg>
<doc>Returns a list containing given items.</doc>
<status status="PASS" start="2024-06-09T17:13:50.229007" elapsed="0.000179"/>
</kw>
<kw name="List Should Contain Value" owner="Collections">
<msg time="2024-06-09T17:13:50.229671" level="INFO">False</msg>
<arg>${allowed_titles}</arg>
<arg>${name_title}</arg>
<doc>Fails if the ``value`` is not found from ``list``.</doc>
<status status="PASS" start="2024-06-09T17:13:50.229494" elapsed="0.000215"/>
</kw>
<kw name="Set Variable" owner="BuiltIn">
<msg time="2024-06-09T17:13:50.230544" level="INFO">${name_country} = GB</msg>
<var>${name_country}</var>
<arg>${json_data["results"][0]["nat"]}</arg>
<doc>Returns the given values which can then be assigned to a variables.</doc>
<status status="PASS" start="2024-06-09T17:13:50.230014" elapsed="0.000556"/>
</kw>
<kw name="Create List" owner="BuiltIn">
<msg time="2024-06-09T17:13:50.231490" level="INFO">${list_country} = ['AD', 'AE', 'AF', 'AG', 'AI', 'AL', 'AM', 'AO', 'AQ', 'AR', 'AS', 'AT', 'AU', 'AW', 'AX', 'AZ', 'BA', 'BB', 'BD', 'BE', 'BF', 'BG', 'BH', 'BI', 'BJ', 'BL', 'BM', 'BN', 'BO', 'BQ', 'BR', 'BS', 'BT', '...</msg>
<var>${list_country}</var>
<arg>AD</arg>
<arg>AE</arg>
<arg>AF</arg>
<arg>AG</arg>
<arg>AI</arg>
<arg>AL</arg>
<arg>AM</arg>
<arg>AO</arg>
<arg>AQ</arg>
<arg>AR</arg>
<arg>AS</arg>
<arg>AT</arg>
<arg>AU</arg>
<arg>AW</arg>
<arg>AX</arg>
<arg>AZ</arg>
<arg>BA</arg>
<arg>BB</arg>
<arg>BD</arg>
<arg>BE</arg>
<arg>BF</arg>
<arg>BG</arg>
<arg>BH</arg>
<arg>BI</arg>
<arg>BJ</arg>
<arg>BL</arg>
<arg>BM</arg>
<arg>BN</arg>
<arg>BO</arg>
<arg>BQ</arg>
<arg>BR</arg>
<arg>BS</arg>
<arg>BT</arg>
<arg>BV</arg>
<arg>BW</arg>
<arg>BY</arg>
<arg>BZ</arg>
<arg>CA</arg>
<arg>CC</arg>
<arg>CD</arg>
<arg>CF</arg>
<arg>CG</arg>
<arg>CH</arg>
<arg>CI</arg>
<arg>CK</arg>
<arg>CL</arg>
<arg>CM</arg>
<arg>CN</arg>
<arg>CO</arg>
<arg>CR</arg>
<arg>CU</arg>
<arg>CV</arg>
<arg>CW</arg>
<arg>CX</arg>
<arg>CY</arg>
<arg>CZ</arg>
<arg>DE</arg>
<arg>DJ</arg>
<arg>DK</arg>
<arg>DM</arg>
<arg>DO</arg>
<arg>DZ</arg>
<arg>EC</arg>
<arg>EE</arg>
<arg>EG</arg>
<arg>EH</arg>
<arg>ER</arg>
<arg>ES</arg>
<arg>ET</arg>
<arg>FI</arg>
<arg>FJ</arg>
<arg>FK</arg>
<arg>FM</arg>
<arg>FO</arg>
<arg>FR</arg>
<arg>GA</arg>
<arg>GB</arg>
<arg>GD</arg>
<arg>GE</arg>
<arg>GF</arg>
<arg>GG</arg>
<arg>GH</arg>
<arg>GI</arg>
<arg>GL</arg>
<arg>GM</arg>
<arg>GN</arg>
<arg>GP</arg>
<arg>GQ</arg>
<arg>GR</arg>
<arg>GS</arg>
<arg>GT</arg>
<arg>GU</arg>
<arg>GW</arg>
<arg>GY</arg>
<arg>HK</arg>
<arg>HM</arg>
<arg>HN</arg>
<arg>HR</arg>
<arg>HT</arg>
<arg>HU</arg>
<arg>ID</arg>
<arg>IE</arg>
<arg>IL</arg>
<arg>IM</arg>
<arg>IN</arg>
<arg>IO</arg>
<arg>IQ</arg>
<arg>IR</arg>
<arg>IS</arg>
<arg>IT</arg>
<arg>JE</arg>
<arg>JM</arg>
<arg>JO</arg>
<arg>JP</arg>
<arg>KE</arg>
<arg>KG</arg>
<arg>KH</arg>
<arg>KI</arg>
<arg>KM</arg>
<arg>KN</arg>
<arg>KP</arg>
<arg>KR</arg>
<arg>KW</arg>
<arg>KY</arg>
<arg>KZ</arg>
<arg>LA</arg>
<arg>LB</arg>
<arg>LC</arg>
<arg>LI</arg>
<arg>LK</arg>
<arg>LR</arg>
<arg>LS</arg>
<arg>LT</arg>
<arg>LU</arg>
<arg>LV</arg>
<arg>LY</arg>
<arg>MA</arg>
<arg>MC</arg>
<arg>MD</arg>
<arg>ME</arg>
<arg>MF</arg>
<arg>MG</arg>
<arg>MH</arg>
<arg>MK</arg>
<arg>ML</arg>
<arg>MM</arg>
<arg>MN</arg>
<arg>MO</arg>
<arg>MP</arg>
<arg>MQ</arg>
<arg>MR</arg>
<arg>MS</arg>
<arg>MT</arg>
<arg>MU</arg>
<arg>MV</arg>
<arg>MW</arg>
<arg>MX</arg>
<arg>MY</arg>
<arg>MZ</arg>
<arg>NA</arg>
<arg>NC</arg>
<arg>NE</arg>
<arg>NF</arg>
<arg>NG</arg>
<arg>NI</arg>
<arg>NL</arg>
<arg>NO</arg>
<arg>NP</arg>
<arg>NR</arg>
<arg>NU</arg>
<arg>NZ</arg>
<arg>OM</arg>
<arg>PA</arg>
<arg>PE</arg>
<arg>PF</arg>
<arg>PG</arg>
<arg>PH</arg>
<arg>PK</arg>
<arg>PL</arg>
<arg>PM</arg>
<arg>PN</arg>
<arg>PR</arg>
<arg>PS</arg>
<arg>PT</arg>
<arg>PW</arg>
<arg>PY</arg>
<arg>QA</arg>
<arg>RE</arg>
<arg>RO</arg>
<arg>RS</arg>
<arg>RU</arg>
<arg>RW</arg>
<arg>SA</arg>
<arg>SB</arg>
<arg>SC</arg>
<arg>SD</arg>
<arg>SE</arg>
<arg>SG</arg>
<arg>SH</arg>
<arg>SI</arg>
<arg>SJ</arg>
<arg>SK</arg>
<arg>SL</arg>
<arg>SM</arg>
<arg>SN</arg>
<arg>SO</arg>
<arg>SR</arg>
<arg>SS</arg>
<arg>ST</arg>
<arg>SV</arg>
<arg>SX</arg>
<arg>SY</arg>
<arg>SZ</arg>
<arg>TC</arg>
<arg>TD</arg>
<arg>TF</arg>
<arg>TG</arg>
<arg>TH</arg>
<arg>TJ</arg>
<arg>TK</arg>
<arg>TL</arg>
<arg>TM</arg>
<arg>TN</arg>
<arg>TO</arg>
<arg>TR</arg>
<arg>TT</arg>
<arg>TV</arg>
<arg>TW</arg>
<arg>TZ</arg>
<arg>UA</arg>
<arg>UG</arg>
<arg>UM</arg>
<arg>US</arg>
<arg>UY</arg>
<arg>UZ</arg>
<arg>VA</arg>
<arg>VC</arg>
<arg>VE</arg>
<arg>VG</arg>
<arg>VI</arg>
<arg>VN</arg>
<arg>VU</arg>
<arg>WF</arg>
<arg>WS</arg>
<arg>XK</arg>
<arg>YE</arg>
<arg>YT</arg>
<arg>ZA</arg>
<arg>ZM</arg>
<arg>ZW</arg>
<doc>Returns a list containing given items.</doc>
<status status="PASS" start="2024-06-09T17:13:50.230886" elapsed="0.000631"/>
</kw>
<kw name="List Should Contain Value" owner="Collections">
<msg time="2024-06-09T17:13:50.232543" level="INFO">False</msg>
<arg>${list_country}</arg>
<arg>${name_country}</arg>
<doc>Fails if the ``value`` is not found from ``list``.</doc>
<status status="PASS" start="2024-06-09T17:13:50.232338" elapsed="0.000243"/>
</kw>
<kw name="Run Keyword If" owner="BuiltIn">
<kw name="Should Be True" owner="BuiltIn">
<arg>${True}</arg>
<doc>Fails if the given condition is not true.</doc>
<status status="PASS" start="2024-06-09T17:13:50.233686" elapsed="0.000151"/>
</kw>
<arg>${json_data["results"][0]["location"]["coordinates"]["latitude"]} &gt;= -90 and ${json_data["results"][0]["location"]["coordinates"]["latitude"]} &lt;= 90</arg>
<arg>Should Be True</arg>
<arg>${True}</arg>
<doc>Runs the given keyword with the given arguments, if ``condition`` is true.</doc>
<status status="PASS" start="2024-06-09T17:13:50.232901" elapsed="0.001068"/>
</kw>
<kw name="Run Keyword If" owner="BuiltIn">
<kw name="Should Be True" owner="BuiltIn">
<arg>${True}</arg>
<doc>Fails if the given condition is not true.</doc>
<status status="PASS" start="2024-06-09T17:13:50.234879" elapsed="0.000140"/>
</kw>
<arg>${json_data["results"][0]["location"]["coordinates"]["longitude"]} &gt;= -180 and ${json_data["results"][0]["location"]["coordinates"]["longitude"]} &lt;= 180</arg>
<arg>Should Be True</arg>
<arg>${True}</arg>
<doc>Runs the given keyword with the given arguments, if ``condition`` is true.</doc>
<status status="PASS" start="2024-06-09T17:13:50.234175" elapsed="0.000968"/>
</kw>
<status status="PASS" start="2024-06-09T17:13:50.137013" elapsed="0.098260"/>
</kw>
<doc>Testa o conteúdo específico dos campos retornados pela API.</doc>
<tag>testeConteudo</tag>
<status status="PASS" start="2024-06-09T17:13:50.136464" elapsed="0.098956"/>
</test>
<status status="PASS" start="2024-06-09T17:13:49.313567" elapsed="0.923862"/>
</suite>
<status status="PASS" start="2024-06-09T17:13:49.300168" elapsed="0.942487"/>
</suite>
<statistics>
<total>
<stat pass="5" fail="0" skip="0">All Tests</stat>
</total>
<tag>
<stat pass="1" fail="0" skip="0">testeConteudo</stat>
<stat pass="1" fail="0" skip="0">testeEstruturaResposta</stat>
<stat pass="1" fail="0" skip="0">testeRequisicaoBasica</stat>
<stat pass="1" fail="0" skip="0">testeTiposDados</stat>
</tag>
<suite>
<stat pass="5" fail="0" skip="0" id="s1" name="Tests">Tests</stat>
<stat pass="5" fail="0" skip="0" id="s1-s1" name="Random-User-Test">Tests.Random-User-Test</stat>
</suite>
</statistics>
<errors>
</errors>
</robot>
