<?xml version="1.0" encoding="UTF-8"?>
<robot generator="Robot 7.0 (Python 3.12.3 on linux)" generated="2024-05-09T22:13:04.903711" rpa="false" schemaversion="5">
<suite id="s1" name="Tests" source="/home/runner/work/DesafioQAItauRogerioJordao/DesafioQAItauRogerioJordao/RamdonUser/tests">
<suite id="s1-s1" name="Random-User-Test" source="/home/runner/work/DesafioQAItauRogerioJordao/DesafioQAItauRogerioJordao/RamdonUser/tests/random-user-test.robot">
<test id="s1-s1-t1" name="Conectar" line="13">
<kw name="Conectar API" owner="random-user-service">
<kw name="Create Session" owner="RequestsLibrary">
<msg time="2024-05-09T22:13:05.257472" level="INFO">Creating Session using : alias=consultarAPI, url=https://randomuser.me/, headers={},                     cookies={}, auth=None, timeout=None, proxies=None, verify=False,                     debug=0 </msg>
<arg>consultarAPI</arg>
<arg>${URL}</arg>
<doc>Create Session: create a HTTP session to a server</doc>
<status status="PASS" start="2024-05-09T22:13:05.257278" elapsed="0.000366"/>
</kw>
<status status="PASS" start="2024-05-09T22:13:05.256332" elapsed="0.001660"/>
</kw>
<status status="PASS" start="2024-05-09T22:13:05.255807" elapsed="0.002378"/>
</test>
<test id="s1-s1-t2" name="Validar retorno 200 e JSON Válido" line="16">
<kw name="Teste de Requisicao Basica" owner="random-user-service">
<kw name="GET On Session" owner="RequestsLibrary">
<msg time="2024-05-09T22:13:05.379225" level="INFO">GET Request : url=https://randomuser.me/api 
 path_url=/api 
 headers={'User-Agent': 'python-requests/2.31.0', 'Accept-Encoding': 'gzip, deflate', 'Accept': '*/*', 'Connection': 'keep-alive'} 
 body=None 
 </msg>
<msg time="2024-05-09T22:13:05.379349" level="INFO">GET Response : url=https://randomuser.me/api 
 status=200, reason=OK 
 headers={'Date': 'Thu, 09 May 2024 22:13:05 GMT', 'Content-Type': 'application/json; charset=utf-8', 'Transfer-Encoding': 'chunked', 'Connection': 'keep-alive', 'X-Powered-By': 'Express', 'Access-Control-Allow-Origin': '*', 'Cache-Control': 'no-cache', 'ETag': 'W/"477-KYsy1I57cVRtmm907RII20kdi10"', 'Vary': 'Accept-Encoding', 'Content-Encoding': 'gzip', 'CF-Cache-Status': 'DYNAMIC', 'Report-To': '{"endpoints":[{"url":"https:\\/\\/a.nel.cloudflare.com\\/report\\/v4?s=PA%2FDyQ325%2B6jKTER0rv0U5yqNDPLS%2Fam%2BQfEwFyq3FYfbNoRmF70wdubJ1nEy0yWrOPHpswqCYYlJDwQxZAcQObXoIglbf9rGZNCCxcHMHSsTZljmpsi0fFA3xId9k2H"}],"group":"cf-nel","max_age":604800}', 'NEL': '{"success_fraction":0,"report_to":"cf-nel","max_age":604800}', 'Server': 'cloudflare', 'CF-RAY': '881508e41c1a7ab8-SJC', 'alt-svc': 'h3=":443"; ma=86400'} 
 body={"results":[{"gender":"female","name":{"title":"Ms","first":"Bella","last":"Hall"},"location":{"street":{"number":2721,"name":"Te Irirangi Drive"},"city":"Gisborne","state":"Hawke'S Bay","country":"New Zealand","postcode":11683,"coordinates":{"latitude":"48.7592","longitude":"124.4757"},"timezone":{"offset":"+4:30","description":"Kabul"}},"email":"bella.hall@example.com","login":{"uuid":"23da4d24-0be4-4ab0-a3f9-d8f3903080c7","username":"organicsnake602","password":"woodwork","salt":"T6sPTchn","md5":"94407dbf4dd0e9a7116a64ae534660f2","sha1":"7d919f63d6d3c4a14abd54c9f2efe46c59e8b93e","sha256":"ae1dee820ff258f58b3b55c66ba5356f14c15dc6d8746b5b89e8718509742a16"},"dob":{"date":"1998-06-03T05:17:30.288Z","age":25},"registered":{"date":"2006-06-02T03:06:19.224Z","age":17},"phone":"(020)-508-4373","cell":"(575)-233-6967","id":{"name":"","value":null},"picture":{"large":"https://randomuser.me/api/portraits/women/55.jpg","medium":"https://randomuser.me/api/portraits/med/women/55.jpg","thumbnail":"https://randomuser.me/api/portraits/thumb/women/55.jpg"},"nat":"NZ"}],"info":{"seed":"3cbf1565001a9a2b","results":1,"page":1,"version":"1.4"}} 
 </msg>
<msg time="2024-05-09T22:13:05.379431" level="INFO">/opt/hostedtoolcache/Python/3.12.3/x64/lib/python3.12/site-packages/urllib3/connectionpool.py:1103: InsecureRequestWarning: Unverified HTTPS request is being made to host 'randomuser.me'. Adding certificate verification is strongly advised. See: https://urllib3.readthedocs.io/en/latest/advanced-usage.html#tls-warnings
  warnings.warn(</msg>
<msg time="2024-05-09T22:13:05.379581" level="INFO">${response} = &lt;Response [200]&gt;</msg>
<var>${response}</var>
<arg>consultarAPI</arg>
<arg>/api</arg>
<doc>Sends a GET request on a previously created HTTP Session.</doc>
<status status="PASS" start="2024-05-09T22:13:05.260846" elapsed="0.118901"/>
</kw>
<kw name="Should Be Equal As Numbers" owner="BuiltIn">
<msg time="2024-05-09T22:13:05.380695" level="INFO">Argument types are:
&lt;class 'int'&gt;
&lt;class 'str'&gt;</msg>
<arg>${response.status_code}</arg>
<arg>200</arg>
<doc>Fails if objects are unequal after converting them to real numbers.</doc>
<status status="PASS" start="2024-05-09T22:13:05.380254" elapsed="0.000504"/>
</kw>
<kw name="Log" owner="BuiltIn">
<msg time="2024-05-09T22:13:05.381462" level="INFO">200</msg>
<arg>${response.status_code}</arg>
<doc>Logs the given message with the given level.</doc>
<status status="PASS" start="2024-05-09T22:13:05.381110" elapsed="0.000394"/>
</kw>
<kw name="Set Variable" owner="BuiltIn">
<msg time="2024-05-09T22:13:05.382235" level="INFO">${json_data} = {'results': [{'gender': 'female', 'name': {'title': 'Ms', 'first': 'Bella', 'last': 'Hall'}, 'location': {'street': {'number': 2721, 'name': 'Te Irirangi Drive'}, 'city': 'Gisborne', 'state': "Hawke'S...</msg>
<var>${json_data}</var>
<arg>${response.json()}</arg>
<doc>Returns the given values which can then be assigned to a variables.</doc>
<status status="PASS" start="2024-05-09T22:13:05.381806" elapsed="0.000457"/>
</kw>
<kw name="Dictionary Should Contain Key" owner="Collections">
<msg time="2024-05-09T22:13:05.382785" level="INFO">False</msg>
<arg>${json_data}</arg>
<arg>results</arg>
<doc>Fails if ``key`` is not found from ``dictionary``.</doc>
<status status="PASS" start="2024-05-09T22:13:05.382579" elapsed="0.000249"/>
</kw>
<status status="PASS" start="2024-05-09T22:13:05.260582" elapsed="0.122501"/>
</kw>
<doc>Testa se a API responde corretamente e retorna um objeto JSON válido.</doc>
<tag>testeRequisicaoBasica</tag>
<status status="PASS" start="2024-05-09T22:13:05.260116" elapsed="0.123137"/>
</test>
<test id="s1-s1-t3" name="Validar estrutura de resposta" line="22">
<kw name="Teste de Estrutura de Resposta" owner="random-user-service">
<kw name="GET On Session" owner="RequestsLibrary">
<msg time="2024-05-09T22:13:05.478738" level="INFO">GET Request : url=https://randomuser.me/api 
 path_url=/api 
 headers={'User-Agent': 'python-requests/2.31.0', 'Accept-Encoding': 'gzip, deflate', 'Accept': '*/*', 'Connection': 'keep-alive'} 
 body=None 
 </msg>
<msg time="2024-05-09T22:13:05.478819" level="INFO">GET Response : url=https://randomuser.me/api 
 status=200, reason=OK 
 headers={'Date': 'Thu, 09 May 2024 22:13:05 GMT', 'Content-Type': 'application/json; charset=utf-8', 'Transfer-Encoding': 'chunked', 'Connection': 'keep-alive', 'X-Powered-By': 'Express', 'Access-Control-Allow-Origin': '*', 'Cache-Control': 'no-cache', 'ETag': 'W/"490-fw722wqH7le3QxtwsxfbPzwv0tw"', 'Vary': 'Accept-Encoding', 'Content-Encoding': 'gzip', 'CF-Cache-Status': 'DYNAMIC', 'Report-To': '{"endpoints":[{"url":"https:\\/\\/a.nel.cloudflare.com\\/report\\/v4?s=x5oGAZr644LPAXyFOTHqbpL5ZIfihefOzQrA8L2r1sSLNJ1RrIv8dX69TJfYdGviv0b5EwwPOTeuEwB6DLHJ1JhYtVZbfPPT%2FmXRDV901T9vAqEuFh9oqRmmKGHwZq9e"}],"group":"cf-nel","max_age":604800}', 'NEL': '{"success_fraction":0,"report_to":"cf-nel","max_age":604800}', 'Server': 'cloudflare', 'CF-RAY': '881508e4aca17ab8-SJC', 'alt-svc': 'h3=":443"; ma=86400'} 
 body={"results":[{"gender":"male","name":{"title":"Mr","first":"Steven","last":"Chapman"},"location":{"street":{"number":3648,"name":"Rookery Road"},"city":"Tuam","state":"Longford","country":"Ireland","postcode":69252,"coordinates":{"latitude":"-2.0613","longitude":"-114.4177"},"timezone":{"offset":"-6:00","description":"Central Time (US &amp; Canada), Mexico City"}},"email":"steven.chapman@example.com","login":{"uuid":"e235be9a-bfcb-4a2d-8dd7-616b916e181b","username":"ticklishladybug468","password":"skiing","salt":"R9YUNiZX","md5":"be9cc7355de32d888b8876d3876bef72","sha1":"7e38f16098e1cb7ce9892819f927deb89d11edca","sha256":"f37fd89bf4ae864697f1c798e2b2aebc29d46784725a4cfe5883471087cf28f0"},"dob":{"date":"1948-06-13T10:29:13.904Z","age":75},"registered":{"date":"2010-07-29T18:08:32.972Z","age":13},"phone":"051-139-1507","cell":"081-755-4261","id":{"name":"PPS","value":"1071205T"},"picture":{"large":"https://randomuser.me/api/portraits/men/70.jpg","medium":"https://randomuser.me/api/portraits/med/men/70.jpg","thumbnail":"https://randomuser.me/api/portraits/thumb/men/70.jpg"},"nat":"IE"}],"info":{"seed":"a2f55523da6ab8d2","results":1,"page":1,"version":"1.4"}} 
 </msg>
<msg time="2024-05-09T22:13:05.478919" level="INFO">/opt/hostedtoolcache/Python/3.12.3/x64/lib/python3.12/site-packages/urllib3/connectionpool.py:1103: InsecureRequestWarning: Unverified HTTPS request is being made to host 'randomuser.me'. Adding certificate verification is strongly advised. See: https://urllib3.readthedocs.io/en/latest/advanced-usage.html#tls-warnings
  warnings.warn(</msg>
<msg time="2024-05-09T22:13:05.479024" level="INFO">${response} = &lt;Response [200]&gt;</msg>
<var>${response}</var>
<arg>consultarAPI</arg>
<arg>/api</arg>
<doc>Sends a GET request on a previously created HTTP Session.</doc>
<status status="PASS" start="2024-05-09T22:13:05.385790" elapsed="0.093273"/>
</kw>
<kw name="Set Variable" owner="BuiltIn">
<msg time="2024-05-09T22:13:05.480059" level="INFO">${json_data} = {'results': [{'gender': 'male', 'name': {'title': 'Mr', 'first': 'Steven', 'last': 'Chapman'}, 'location': {'street': {'number': 3648, 'name': 'Rookery Road'}, 'city': 'Tuam', 'state': 'Longford', 'co...</msg>
<var>${json_data}</var>
<arg>${response.json()}</arg>
<doc>Returns the given values which can then be assigned to a variables.</doc>
<status status="PASS" start="2024-05-09T22:13:05.479510" elapsed="0.000578"/>
</kw>
<kw name="Log" owner="BuiltIn">
<msg time="2024-05-09T22:13:05.480553" level="INFO">{'results': [{'gender': 'male', 'name': {'title': 'Mr', 'first': 'Steven', 'last': 'Chapman'}, 'location': {'street': {'number': 3648, 'name': 'Rookery Road'}, 'city': 'Tuam', 'state': 'Longford', 'country': 'Ireland', 'postcode': 69252, 'coordinates': {'latitude': '-2.0613', 'longitude': '-114.4177'}, 'timezone': {'offset': '-6:00', 'description': 'Central Time (US &amp; Canada), Mexico City'}}, 'email': 'steven.chapman@example.com', 'login': {'uuid': 'e235be9a-bfcb-4a2d-8dd7-616b916e181b', 'username': 'ticklishladybug468', 'password': 'skiing', 'salt': 'R9YUNiZX', 'md5': 'be9cc7355de32d888b8876d3876bef72', 'sha1': '7e38f16098e1cb7ce9892819f927deb89d11edca', 'sha256': 'f37fd89bf4ae864697f1c798e2b2aebc29d46784725a4cfe5883471087cf28f0'}, 'dob': {'date': '1948-06-13T10:29:13.904Z', 'age': 75}, 'registered': {'date': '2010-07-29T18:08:32.972Z', 'age': 13}, 'phone': '051-139-1507', 'cell': '081-755-4261', 'id': {'name': 'PPS', 'value': '1071205T'}, 'picture': {'large': 'https://randomuser.me/api/portraits/men/70.jpg', 'medium': 'https://randomuser.me/api/portraits/med/men/70.jpg', 'thumbnail': 'https://randomuser.me/api/portraits/thumb/men/70.jpg'}, 'nat': 'IE'}], 'info': {'seed': 'a2f55523da6ab8d2', 'results': 1, 'page': 1, 'version': '1.4'}}</msg>
<arg>${json_data}</arg>
<doc>Logs the given message with the given level.</doc>
<status status="PASS" start="2024-05-09T22:13:05.480394" elapsed="0.000209"/>
</kw>
<kw name="Dictionary Should Contain Key" owner="Collections">
<msg time="2024-05-09T22:13:05.481055" level="INFO">False</msg>
<arg>${json_data}</arg>
<arg>results</arg>
<doc>Fails if ``key`` is not found from ``dictionary``.</doc>
<status status="PASS" start="2024-05-09T22:13:05.480898" elapsed="0.000195"/>
</kw>
<kw name="Should Not Be Empty" owner="BuiltIn">
<msg time="2024-05-09T22:13:05.481554" level="INFO">Length is 2.</msg>
<arg>${json_data}</arg>
<doc>Verifies that the given item is not empty.</doc>
<status status="PASS" start="2024-05-09T22:13:05.481416" elapsed="0.000309"/>
</kw>
<kw name="Create List" owner="BuiltIn">
<msg time="2024-05-09T22:13:05.482176" level="INFO">${expected_keys} = ['gender', 'name', 'location', 'email', 'login']</msg>
<var>${expected_keys}</var>
<arg>gender</arg>
<arg>name</arg>
<arg>location</arg>
<arg>email</arg>
<arg>login</arg>
<doc>Returns a list containing given items.</doc>
<status status="PASS" start="2024-05-09T22:13:05.482021" elapsed="0.000180"/>
</kw>
<for flavor="IN">
<iter>
<kw name="Dictionary Should Contain Key" owner="Collections">
<msg time="2024-05-09T22:13:05.483203" level="INFO">False</msg>
<arg>${json_data['results'][0]}</arg>
<arg>${key}</arg>
<doc>Fails if ``key`` is not found from ``dictionary``.</doc>
<status status="PASS" start="2024-05-09T22:13:05.482797" elapsed="0.000452"/>
</kw>
<kw name="Log" owner="BuiltIn">
<msg time="2024-05-09T22:13:05.483964" level="INFO">{'gender': 'male', 'name': {'title': 'Mr', 'first': 'Steven', 'last': 'Chapman'}, 'location': {'street': {'number': 3648, 'name': 'Rookery Road'}, 'city': 'Tuam', 'state': 'Longford', 'country': 'Ireland', 'postcode': 69252, 'coordinates': {'latitude': '-2.0613', 'longitude': '-114.4177'}, 'timezone': {'offset': '-6:00', 'description': 'Central Time (US &amp; Canada), Mexico City'}}, 'email': 'steven.chapman@example.com', 'login': {'uuid': 'e235be9a-bfcb-4a2d-8dd7-616b916e181b', 'username': 'ticklishladybug468', 'password': 'skiing', 'salt': 'R9YUNiZX', 'md5': 'be9cc7355de32d888b8876d3876bef72', 'sha1': '7e38f16098e1cb7ce9892819f927deb89d11edca', 'sha256': 'f37fd89bf4ae864697f1c798e2b2aebc29d46784725a4cfe5883471087cf28f0'}, 'dob': {'date': '1948-06-13T10:29:13.904Z', 'age': 75}, 'registered': {'date': '2010-07-29T18:08:32.972Z', 'age': 13}, 'phone': '051-139-1507', 'cell': '081-755-4261', 'id': {'name': 'PPS', 'value': '1071205T'}, 'picture': {'large': 'https://randomuser.me/api/portraits/men/70.jpg', 'medium': 'https://randomuser.me/api/portraits/med/men/70.jpg', 'thumbnail': 'https://randomuser.me/api/portraits/thumb/men/70.jpg'}, 'nat': 'IE'}</msg>
<arg>${json_data['results'][0]}</arg>
<doc>Logs the given message with the given level.</doc>
<status status="PASS" start="2024-05-09T22:13:05.483584" elapsed="0.000431"/>
</kw>
<kw name="Log" owner="BuiltIn">
<msg time="2024-05-09T22:13:05.484444" level="INFO">gender</msg>
<arg>${key}</arg>
<doc>Logs the given message with the given level.</doc>
<status status="PASS" start="2024-05-09T22:13:05.484315" elapsed="0.000168"/>
</kw>
<var name="${key}">gender</var>
<status status="PASS" start="2024-05-09T22:13:05.482643" elapsed="0.002053"/>
</iter>
<iter>
<kw name="Dictionary Should Contain Key" owner="Collections">
<msg time="2024-05-09T22:13:05.485377" level="INFO">False</msg>
<arg>${json_data['results'][0]}</arg>
<arg>${key}</arg>
<doc>Fails if ``key`` is not found from ``dictionary``.</doc>
<status status="PASS" start="2024-05-09T22:13:05.484999" elapsed="0.000416"/>
</kw>
<kw name="Log" owner="BuiltIn">
<msg time="2024-05-09T22:13:05.486113" level="INFO">{'gender': 'male', 'name': {'title': 'Mr', 'first': 'Steven', 'last': 'Chapman'}, 'location': {'street': {'number': 3648, 'name': 'Rookery Road'}, 'city': 'Tuam', 'state': 'Longford', 'country': 'Ireland', 'postcode': 69252, 'coordinates': {'latitude': '-2.0613', 'longitude': '-114.4177'}, 'timezone': {'offset': '-6:00', 'description': 'Central Time (US &amp; Canada), Mexico City'}}, 'email': 'steven.chapman@example.com', 'login': {'uuid': 'e235be9a-bfcb-4a2d-8dd7-616b916e181b', 'username': 'ticklishladybug468', 'password': 'skiing', 'salt': 'R9YUNiZX', 'md5': 'be9cc7355de32d888b8876d3876bef72', 'sha1': '7e38f16098e1cb7ce9892819f927deb89d11edca', 'sha256': 'f37fd89bf4ae864697f1c798e2b2aebc29d46784725a4cfe5883471087cf28f0'}, 'dob': {'date': '1948-06-13T10:29:13.904Z', 'age': 75}, 'registered': {'date': '2010-07-29T18:08:32.972Z', 'age': 13}, 'phone': '051-139-1507', 'cell': '081-755-4261', 'id': {'name': 'PPS', 'value': '1071205T'}, 'picture': {'large': 'https://randomuser.me/api/portraits/men/70.jpg', 'medium': 'https://randomuser.me/api/portraits/med/men/70.jpg', 'thumbnail': 'https://randomuser.me/api/portraits/thumb/men/70.jpg'}, 'nat': 'IE'}</msg>
<arg>${json_data['results'][0]}</arg>
<doc>Logs the given message with the given level.</doc>
<status status="PASS" start="2024-05-09T22:13:05.485751" elapsed="0.000413"/>
</kw>
<kw name="Log" owner="BuiltIn">
<msg time="2024-05-09T22:13:05.486590" level="INFO">name</msg>
<arg>${key}</arg>
<doc>Logs the given message with the given level.</doc>
<status status="PASS" start="2024-05-09T22:13:05.486462" elapsed="0.000166"/>
</kw>
<var name="${key}">name</var>
<status status="PASS" start="2024-05-09T22:13:05.484883" elapsed="0.002011"/>
</iter>
<iter>
<kw name="Dictionary Should Contain Key" owner="Collections">
<msg time="2024-05-09T22:13:05.487577" level="INFO">False</msg>
<arg>${json_data['results'][0]}</arg>
<arg>${key}</arg>
<doc>Fails if ``key`` is not found from ``dictionary``.</doc>
<status status="PASS" start="2024-05-09T22:13:05.487189" elapsed="0.000426"/>
</kw>
<kw name="Log" owner="BuiltIn">
<msg time="2024-05-09T22:13:05.488275" level="INFO">{'gender': 'male', 'name': {'title': 'Mr', 'first': 'Steven', 'last': 'Chapman'}, 'location': {'street': {'number': 3648, 'name': 'Rookery Road'}, 'city': 'Tuam', 'state': 'Longford', 'country': 'Ireland', 'postcode': 69252, 'coordinates': {'latitude': '-2.0613', 'longitude': '-114.4177'}, 'timezone': {'offset': '-6:00', 'description': 'Central Time (US &amp; Canada), Mexico City'}}, 'email': 'steven.chapman@example.com', 'login': {'uuid': 'e235be9a-bfcb-4a2d-8dd7-616b916e181b', 'username': 'ticklishladybug468', 'password': 'skiing', 'salt': 'R9YUNiZX', 'md5': 'be9cc7355de32d888b8876d3876bef72', 'sha1': '7e38f16098e1cb7ce9892819f927deb89d11edca', 'sha256': 'f37fd89bf4ae864697f1c798e2b2aebc29d46784725a4cfe5883471087cf28f0'}, 'dob': {'date': '1948-06-13T10:29:13.904Z', 'age': 75}, 'registered': {'date': '2010-07-29T18:08:32.972Z', 'age': 13}, 'phone': '051-139-1507', 'cell': '081-755-4261', 'id': {'name': 'PPS', 'value': '1071205T'}, 'picture': {'large': 'https://randomuser.me/api/portraits/men/70.jpg', 'medium': 'https://randomuser.me/api/portraits/med/men/70.jpg', 'thumbnail': 'https://randomuser.me/api/portraits/thumb/men/70.jpg'}, 'nat': 'IE'}</msg>
<arg>${json_data['results'][0]}</arg>
<doc>Logs the given message with the given level.</doc>
<status status="PASS" start="2024-05-09T22:13:05.487911" elapsed="0.000413"/>
</kw>
<kw name="Log" owner="BuiltIn">
<msg time="2024-05-09T22:13:05.488742" level="INFO">location</msg>
<arg>${key}</arg>
<doc>Logs the given message with the given level.</doc>
<status status="PASS" start="2024-05-09T22:13:05.488617" elapsed="0.000162"/>
</kw>
<var name="${key}">location</var>
<status status="PASS" start="2024-05-09T22:13:05.487075" elapsed="0.001917"/>
</iter>
<iter>
<kw name="Dictionary Should Contain Key" owner="Collections">
<msg time="2024-05-09T22:13:05.489656" level="INFO">False</msg>
<arg>${json_data['results'][0]}</arg>
<arg>${key}</arg>
<doc>Fails if ``key`` is not found from ``dictionary``.</doc>
<status status="PASS" start="2024-05-09T22:13:05.489274" elapsed="0.000419"/>
</kw>
<kw name="Log" owner="BuiltIn">
<msg time="2024-05-09T22:13:05.490345" level="INFO">{'gender': 'male', 'name': {'title': 'Mr', 'first': 'Steven', 'last': 'Chapman'}, 'location': {'street': {'number': 3648, 'name': 'Rookery Road'}, 'city': 'Tuam', 'state': 'Longford', 'country': 'Ireland', 'postcode': 69252, 'coordinates': {'latitude': '-2.0613', 'longitude': '-114.4177'}, 'timezone': {'offset': '-6:00', 'description': 'Central Time (US &amp; Canada), Mexico City'}}, 'email': 'steven.chapman@example.com', 'login': {'uuid': 'e235be9a-bfcb-4a2d-8dd7-616b916e181b', 'username': 'ticklishladybug468', 'password': 'skiing', 'salt': 'R9YUNiZX', 'md5': 'be9cc7355de32d888b8876d3876bef72', 'sha1': '7e38f16098e1cb7ce9892819f927deb89d11edca', 'sha256': 'f37fd89bf4ae864697f1c798e2b2aebc29d46784725a4cfe5883471087cf28f0'}, 'dob': {'date': '1948-06-13T10:29:13.904Z', 'age': 75}, 'registered': {'date': '2010-07-29T18:08:32.972Z', 'age': 13}, 'phone': '051-139-1507', 'cell': '081-755-4261', 'id': {'name': 'PPS', 'value': '1071205T'}, 'picture': {'large': 'https://randomuser.me/api/portraits/men/70.jpg', 'medium': 'https://randomuser.me/api/portraits/med/men/70.jpg', 'thumbnail': 'https://randomuser.me/api/portraits/thumb/men/70.jpg'}, 'nat': 'IE'}</msg>
<arg>${json_data['results'][0]}</arg>
<doc>Logs the given message with the given level.</doc>
<status status="PASS" start="2024-05-09T22:13:05.489989" elapsed="0.000406"/>
</kw>
<kw name="Log" owner="BuiltIn">
<msg time="2024-05-09T22:13:05.490843" level="INFO">email</msg>
<arg>${key}</arg>
<doc>Logs the given message with the given level.</doc>
<status status="PASS" start="2024-05-09T22:13:05.490704" elapsed="0.000178"/>
</kw>
<var name="${key}">email</var>
<status status="PASS" start="2024-05-09T22:13:05.489163" elapsed="0.001930"/>
</iter>
<iter>
<kw name="Dictionary Should Contain Key" owner="Collections">
<msg time="2024-05-09T22:13:05.491772" level="INFO">False</msg>
<arg>${json_data['results'][0]}</arg>
<arg>${key}</arg>
<doc>Fails if ``key`` is not found from ``dictionary``.</doc>
<status status="PASS" start="2024-05-09T22:13:05.491376" elapsed="0.000433"/>
</kw>
<kw name="Log" owner="BuiltIn">
<msg time="2024-05-09T22:13:05.492472" level="INFO">{'gender': 'male', 'name': {'title': 'Mr', 'first': 'Steven', 'last': 'Chapman'}, 'location': {'street': {'number': 3648, 'name': 'Rookery Road'}, 'city': 'Tuam', 'state': 'Longford', 'country': 'Ireland', 'postcode': 69252, 'coordinates': {'latitude': '-2.0613', 'longitude': '-114.4177'}, 'timezone': {'offset': '-6:00', 'description': 'Central Time (US &amp; Canada), Mexico City'}}, 'email': 'steven.chapman@example.com', 'login': {'uuid': 'e235be9a-bfcb-4a2d-8dd7-616b916e181b', 'username': 'ticklishladybug468', 'password': 'skiing', 'salt': 'R9YUNiZX', 'md5': 'be9cc7355de32d888b8876d3876bef72', 'sha1': '7e38f16098e1cb7ce9892819f927deb89d11edca', 'sha256': 'f37fd89bf4ae864697f1c798e2b2aebc29d46784725a4cfe5883471087cf28f0'}, 'dob': {'date': '1948-06-13T10:29:13.904Z', 'age': 75}, 'registered': {'date': '2010-07-29T18:08:32.972Z', 'age': 13}, 'phone': '051-139-1507', 'cell': '081-755-4261', 'id': {'name': 'PPS', 'value': '1071205T'}, 'picture': {'large': 'https://randomuser.me/api/portraits/men/70.jpg', 'medium': 'https://randomuser.me/api/portraits/med/men/70.jpg', 'thumbnail': 'https://randomuser.me/api/portraits/thumb/men/70.jpg'}, 'nat': 'IE'}</msg>
<arg>${json_data['results'][0]}</arg>
<doc>Logs the given message with the given level.</doc>
<status status="PASS" start="2024-05-09T22:13:05.492104" elapsed="0.000416"/>
</kw>
<kw name="Log" owner="BuiltIn">
<msg time="2024-05-09T22:13:05.492944" level="INFO">login</msg>
<arg>${key}</arg>
<doc>Logs the given message with the given level.</doc>
<status status="PASS" start="2024-05-09T22:13:05.492815" elapsed="0.000167"/>
</kw>
<var name="${key}">login</var>
<status status="PASS" start="2024-05-09T22:13:05.491265" elapsed="0.001958"/>
</iter>
<var>${key}</var>
<value>@{expected_keys}</value>
<status status="PASS" start="2024-05-09T22:13:05.482459" elapsed="0.010890"/>
</for>
<kw name="Create List" owner="BuiltIn">
<msg time="2024-05-09T22:13:05.493678" level="INFO">${expected_keysTwo} = ['username', 'password']</msg>
<var>${expected_keysTwo}</var>
<arg>username</arg>
<arg>password</arg>
<doc>Returns a list containing given items.</doc>
<status status="PASS" start="2024-05-09T22:13:05.493540" elapsed="0.000161"/>
</kw>
<for flavor="IN">
<iter>
<kw name="Dictionary Should Contain Key" owner="Collections">
<msg time="2024-05-09T22:13:05.494605" level="INFO">False</msg>
<arg>${json_data['results'][0]['login']}</arg>
<arg>${keyTwo}</arg>
<doc>Fails if ``key`` is not found from ``dictionary``.</doc>
<status status="PASS" start="2024-05-09T22:13:05.494215" elapsed="0.000427"/>
</kw>
<kw name="Dictionary Should Contain Key" owner="Collections">
<msg time="2024-05-09T22:13:05.495352" level="INFO">False</msg>
<arg>${json_data['results'][0]['login']}</arg>
<arg>${keyTwo}</arg>
<doc>Fails if ``key`` is not found from ``dictionary``.</doc>
<status status="PASS" start="2024-05-09T22:13:05.494973" elapsed="0.000416"/>
</kw>
<kw name="Log" owner="BuiltIn">
<msg time="2024-05-09T22:13:05.495805" level="INFO">username</msg>
<arg>${keyTwo}</arg>
<doc>Logs the given message with the given level.</doc>
<status status="PASS" start="2024-05-09T22:13:05.495679" elapsed="0.000167"/>
</kw>
<var name="${keyTwo}">username</var>
<status status="PASS" start="2024-05-09T22:13:05.494105" elapsed="0.001954"/>
</iter>
<iter>
<kw name="Dictionary Should Contain Key" owner="Collections">
<msg time="2024-05-09T22:13:05.496810" level="INFO">False</msg>
<arg>${json_data['results'][0]['login']}</arg>
<arg>${keyTwo}</arg>
<doc>Fails if ``key`` is not found from ``dictionary``.</doc>
<status status="PASS" start="2024-05-09T22:13:05.496341" elapsed="0.000511"/>
</kw>
<kw name="Dictionary Should Contain Key" owner="Collections">
<msg time="2024-05-09T22:13:05.497526" level="INFO">False</msg>
<arg>${json_data['results'][0]['login']}</arg>
<arg>${keyTwo}</arg>
<doc>Fails if ``key`` is not found from ``dictionary``.</doc>
<status status="PASS" start="2024-05-09T22:13:05.497145" elapsed="0.000417"/>
</kw>
<kw name="Log" owner="BuiltIn">
<msg time="2024-05-09T22:13:05.497981" level="INFO">password</msg>
<arg>${keyTwo}</arg>
<doc>Logs the given message with the given level.</doc>
<status status="PASS" start="2024-05-09T22:13:05.497852" elapsed="0.000167"/>
</kw>
<var name="${keyTwo}">password</var>
<status status="PASS" start="2024-05-09T22:13:05.496230" elapsed="0.002004"/>
</iter>
<var>${keyTwo}</var>
<value>@{expected_keysTwo}</value>
<status status="PASS" start="2024-05-09T22:13:05.493952" elapsed="0.004402"/>
</for>
<status status="PASS" start="2024-05-09T22:13:05.385560" elapsed="0.112932"/>
</kw>
<doc>Testa a estrutura da resposta da API.</doc>
<tag>testeEstruturaResposta</tag>
<status status="PASS" start="2024-05-09T22:13:05.385089" elapsed="0.113550"/>
</test>
<test id="s1-s1-t4" name="Validar tipos de dados" line="28">
<kw name="Teste de Tipos de Dados" owner="random-user-service">
<kw name="GET On Session" owner="RequestsLibrary">
<msg time="2024-05-09T22:13:05.598589" level="INFO">GET Request : url=https://randomuser.me/api 
 path_url=/api 
 headers={'User-Agent': 'python-requests/2.31.0', 'Accept-Encoding': 'gzip, deflate', 'Accept': '*/*', 'Connection': 'keep-alive'} 
 body=None 
 </msg>
<msg time="2024-05-09T22:13:05.598699" level="INFO">GET Response : url=https://randomuser.me/api 
 status=200, reason=OK 
 headers={'Date': 'Thu, 09 May 2024 22:13:05 GMT', 'Content-Type': 'application/json; charset=utf-8', 'Transfer-Encoding': 'chunked', 'Connection': 'keep-alive', 'X-Powered-By': 'Express', 'Access-Control-Allow-Origin': '*', 'Cache-Control': 'no-cache', 'ETag': 'W/"4ba-kAeO/fWYmkNMaVLkGAej/BYrCCo"', 'Vary': 'Accept-Encoding', 'Content-Encoding': 'gzip', 'CF-Cache-Status': 'DYNAMIC', 'Report-To': '{"endpoints":[{"url":"https:\\/\\/a.nel.cloudflare.com\\/report\\/v4?s=AyHWB%2BEyAF56tTP8maY2f0BqKVxh6lFFcf6oXLr%2BJJtu0XzRFYe8l2iD5TNSYzhN6%2F6pCw4fSkByCXv1lQU4PgR7CwpWvJg9mauQN2UFPmMBQudbGA83hShIcX7Wu7N8"}],"group":"cf-nel","max_age":604800}', 'NEL': '{"success_fraction":0,"report_to":"cf-nel","max_age":604800}', 'Server': 'cloudflare', 'CF-RAY': '881508e56d2c7ab8-SJC', 'alt-svc': 'h3=":443"; ma=86400'} 
 body={"results":[{"gender":"female","name":{"title":"Mrs","first":"Patricia","last":"Tejeda"},"location":{"street":{"number":6205,"name":"Viaducto Honduras"},"city":"Santiago Coachochitlán","state":"Guanajuato","country":"Mexico","postcode":83166,"coordinates":{"latitude":"26.0983","longitude":"77.7577"},"timezone":{"offset":"+3:00","description":"Baghdad, Riyadh, Moscow, St. Petersburg"}},"email":"patricia.tejeda@example.com","login":{"uuid":"cd689fc5-df4d-403a-bb23-a9408ac950e8","username":"brownostrich657","password":"bigdog","salt":"8p3clPSS","md5":"8ba53d5cd7b16ebdba93fe8bb2e6b243","sha1":"b58fb84a4dcc6b21394bc7ce13036348c4e26641","sha256":"b9e3338784623063c038ab58cab6f23a3787cc5e20847811c360b4e048a894ed"},"dob":{"date":"1961-06-02T14:21:23.825Z","age":62},"registered":{"date":"2003-04-12T06:20:15.895Z","age":21},"phone":"(667) 530 9521","cell":"(659) 880 9599","id":{"name":"NSS","value":"56 74 20 2099 6"},"picture":{"large":"https://randomuser.me/api/portraits/women/52.jpg","medium":"https://randomuser.me/api/portraits/med/women/52.jpg","thumbnail":"https://randomuser.me/api/portraits/thumb/women/52.jpg"},"nat":"MX"}],"info":{"seed":"fbd0aea38d960ac7","results":1,"page":1,"version":"1.4"}} 
 </msg>
<msg time="2024-05-09T22:13:05.598775" level="INFO">/opt/hostedtoolcache/Python/3.12.3/x64/lib/python3.12/site-packages/urllib3/connectionpool.py:1103: InsecureRequestWarning: Unverified HTTPS request is being made to host 'randomuser.me'. Adding certificate verification is strongly advised. See: https://urllib3.readthedocs.io/en/latest/advanced-usage.html#tls-warnings
  warnings.warn(</msg>
<msg time="2024-05-09T22:13:05.598882" level="INFO">${response} = &lt;Response [200]&gt;</msg>
<var>${response}</var>
<arg>consultarAPI</arg>
<arg>/api</arg>
<doc>Sends a GET request on a previously created HTTP Session.</doc>
<status status="PASS" start="2024-05-09T22:13:05.501097" elapsed="0.097835"/>
</kw>
<kw name="Set Variable" owner="BuiltIn">
<msg time="2024-05-09T22:13:05.599962" level="INFO">${json_data} = {'results': [{'gender': 'female', 'name': {'title': 'Mrs', 'first': 'Patricia', 'last': 'Tejeda'}, 'location': {'street': {'number': 6205, 'name': 'Viaducto Honduras'}, 'city': 'Santiago Coachochitlán...</msg>
<var>${json_data}</var>
<arg>${response.json()}</arg>
<doc>Returns the given values which can then be assigned to a variables.</doc>
<status status="PASS" start="2024-05-09T22:13:05.599400" elapsed="0.000591"/>
</kw>
<kw name="Log" owner="BuiltIn">
<msg time="2024-05-09T22:13:05.600451" level="INFO">{'results': [{'gender': 'female', 'name': {'title': 'Mrs', 'first': 'Patricia', 'last': 'Tejeda'}, 'location': {'street': {'number': 6205, 'name': 'Viaducto Honduras'}, 'city': 'Santiago Coachochitlán', 'state': 'Guanajuato', 'country': 'Mexico', 'postcode': 83166, 'coordinates': {'latitude': '26.0983', 'longitude': '77.7577'}, 'timezone': {'offset': '+3:00', 'description': 'Baghdad, Riyadh, Moscow, St. Petersburg'}}, 'email': 'patricia.tejeda@example.com', 'login': {'uuid': 'cd689fc5-df4d-403a-bb23-a9408ac950e8', 'username': 'brownostrich657', 'password': 'bigdog', 'salt': '8p3clPSS', 'md5': '8ba53d5cd7b16ebdba93fe8bb2e6b243', 'sha1': 'b58fb84a4dcc6b21394bc7ce13036348c4e26641', 'sha256': 'b9e3338784623063c038ab58cab6f23a3787cc5e20847811c360b4e048a894ed'}, 'dob': {'date': '1961-06-02T14:21:23.825Z', 'age': 62}, 'registered': {'date': '2003-04-12T06:20:15.895Z', 'age': 21}, 'phone': '(667) 530 9521', 'cell': '(659) 880 9599', 'id': {'name': 'NSS', 'value': '56 74 20 2099 6'}, 'picture': {'large': 'https://randomuser.me/api/portraits/women/52.jpg', 'medium': 'https://randomuser.me/api/portraits/med/women/52.jpg', 'thumbnail': 'https://randomuser.me/api/portraits/thumb/women/52.jpg'}, 'nat': 'MX'}], 'info': {'seed': 'fbd0aea38d960ac7', 'results': 1, 'page': 1, 'version': '1.4'}}</msg>
<arg>${json_data}</arg>
<doc>Logs the given message with the given level.</doc>
<status status="PASS" start="2024-05-09T22:13:05.600296" elapsed="0.000237"/>
</kw>
<kw name="Should Be String" owner="String">
<arg>${json_data['results'][0]['gender']}</arg>
<doc>Fails if the given ``item`` is not a string.</doc>
<status status="PASS" start="2024-05-09T22:13:05.600831" elapsed="0.000359"/>
</kw>
<kw name="Should Match Regexp" owner="BuiltIn">
<arg>${json_data['results'][0]['email']}</arg>
<arg>^[a-zA-Z0-9._%+-]+@[a-zA-Z0-9.-]+\.[a-zA-Z]{2,}$</arg>
<doc>Fails if ``string`` does not match ``pattern`` as a regular expression.</doc>
<status status="PASS" start="2024-05-09T22:13:05.601381" elapsed="0.000500"/>
</kw>
<kw name="Should Match Regexp" owner="BuiltIn">
<arg>${json_data['results'][0]['dob']['date']}</arg>
<arg>\\d{4}-\\d{2}-\\d{2}T\\d{2}:\\d{2}:\\d{2}\\.\\d{3}Z</arg>
<doc>Fails if ``string`` does not match ``pattern`` as a regular expression.</doc>
<status status="PASS" start="2024-05-09T22:13:05.602075" elapsed="0.000488"/>
</kw>
<kw name="Should Match Regexp" owner="BuiltIn">
<arg>${json_data['results'][0]['registered']['date']}</arg>
<arg>\\d{4}-\\d{2}-\\d{2}T\\d{2}:\\d{2}:\\d{2}\\.\\d{3}Z</arg>
<doc>Fails if ``string`` does not match ``pattern`` as a regular expression.</doc>
<status status="PASS" start="2024-05-09T22:13:05.602795" elapsed="0.000380"/>
</kw>
<kw name="Should Match Regexp" owner="BuiltIn">
<arg>${json_data['results'][0]['picture']['large']}</arg>
<arg>^https?://.*\.(?:png|jpe?g|gif|bmp)$</arg>
<doc>Fails if ``string`` does not match ``pattern`` as a regular expression.</doc>
<status status="PASS" start="2024-05-09T22:13:05.603367" elapsed="0.000454"/>
</kw>
<kw name="Should Match Regexp" owner="BuiltIn">
<arg>${json_data['results'][0]['picture']['medium']}</arg>
<arg>^https?://.*\.(?:png|jpe?g|gif|bmp)$</arg>
<doc>Fails if ``string`` does not match ``pattern`` as a regular expression.</doc>
<status status="PASS" start="2024-05-09T22:13:05.604008" elapsed="0.000365"/>
</kw>
<kw name="Should Match Regexp" owner="BuiltIn">
<arg>${json_data['results'][0]['picture']['thumbnail']}</arg>
<arg>^https?://.*\.(?:png|jpe?g|gif|bmp)$</arg>
<doc>Fails if ``string`` does not match ``pattern`` as a regular expression.</doc>
<status status="PASS" start="2024-05-09T22:13:05.604560" elapsed="0.000347"/>
</kw>
<kw name="Log" owner="BuiltIn">
<msg time="2024-05-09T22:13:05.605405" level="INFO">{'large': 'https://randomuser.me/api/portraits/women/52.jpg', 'medium': 'https://randomuser.me/api/portraits/med/women/52.jpg', 'thumbnail': 'https://randomuser.me/api/portraits/thumb/women/52.jpg'}</msg>
<arg>${json_data['results'][0]['picture']}</arg>
<doc>Logs the given message with the given level.</doc>
<status status="PASS" start="2024-05-09T22:13:05.605085" elapsed="0.000362"/>
</kw>
<status status="PASS" start="2024-05-09T22:13:05.500874" elapsed="0.104822"/>
</kw>
<kw name="Teste de Tipos de Dados - Postcode" owner="random-user-service">
<kw name="GET On Session" owner="RequestsLibrary">
<msg time="2024-05-09T22:13:05.706305" level="INFO">GET Request : url=https://randomuser.me/api 
 path_url=/api 
 headers={'User-Agent': 'python-requests/2.31.0', 'Accept-Encoding': 'gzip, deflate', 'Accept': '*/*', 'Connection': 'keep-alive'} 
 body=None 
 </msg>
<msg time="2024-05-09T22:13:05.706367" level="INFO">GET Response : url=https://randomuser.me/api 
 status=200, reason=OK 
 headers={'Date': 'Thu, 09 May 2024 22:13:05 GMT', 'Content-Type': 'application/json; charset=utf-8', 'Transfer-Encoding': 'chunked', 'Connection': 'keep-alive', 'X-Powered-By': 'Express', 'Access-Control-Allow-Origin': '*', 'Cache-Control': 'no-cache', 'ETag': 'W/"493-PF/4wNgJ8jk8UKLq0zAGlDfrAtw"', 'Vary': 'Accept-Encoding', 'Content-Encoding': 'gzip', 'CF-Cache-Status': 'DYNAMIC', 'Report-To': '{"endpoints":[{"url":"https:\\/\\/a.nel.cloudflare.com\\/report\\/v4?s=k0zIAsLvb38oTqaw0%2BBj3ttklCObAfmld94nXGWW8CeeF%2BL69qMOUW%2BHD9hosCOzweuIwGPpZvABdbRWH5%2FdsTfYsy%2FFB7X92SBbY3CukL8gevxVwNXQGQvTFRxnNoAX"}],"group":"cf-nel","max_age":604800}', 'NEL': '{"success_fraction":0,"report_to":"cf-nel","max_age":604800}', 'Server': 'cloudflare', 'CF-RAY': '881508e60dce7ab8-SJC', 'alt-svc': 'h3=":443"; ma=86400'} 
 body={"results":[{"gender":"male","name":{"title":"Mr","first":"Theodore","last":"Wallace"},"location":{"street":{"number":1670,"name":"Prospect Rd"},"city":"Norfolk","state":"California","country":"United States","postcode":76858,"coordinates":{"latitude":"84.8248","longitude":"-152.9335"},"timezone":{"offset":"+2:00","description":"Kaliningrad, South Africa"}},"email":"theodore.wallace@example.com","login":{"uuid":"ee82a91b-98ef-4637-901d-cb9ab0095d4d","username":"beautifulsnake783","password":"5252","salt":"KF50xoDh","md5":"700e8b446332eb00cc75d93ced580f59","sha1":"6572e0eb82d8e772ff6f9424780fcf60952413bc","sha256":"da48217d0019d530a3e6a426adcc0c7a5619f432aa2fc6f0182924275504fee0"},"dob":{"date":"1983-12-09T14:53:46.428Z","age":40},"registered":{"date":"2014-08-15T01:34:03.881Z","age":9},"phone":"(700) 638-3898","cell":"(977) 614-5481","id":{"name":"SSN","value":"814-33-7553"},"picture":{"large":"https://randomuser.me/api/portraits/men/64.jpg","medium":"https://randomuser.me/api/portraits/med/men/64.jpg","thumbnail":"https://randomuser.me/api/portraits/thumb/men/64.jpg"},"nat":"US"}],"info":{"seed":"b222ab67263ba674","results":1,"page":1,"version":"1.4"}} 
 </msg>
<msg time="2024-05-09T22:13:05.706421" level="INFO">/opt/hostedtoolcache/Python/3.12.3/x64/lib/python3.12/site-packages/urllib3/connectionpool.py:1103: InsecureRequestWarning: Unverified HTTPS request is being made to host 'randomuser.me'. Adding certificate verification is strongly advised. See: https://urllib3.readthedocs.io/en/latest/advanced-usage.html#tls-warnings
  warnings.warn(</msg>
<msg time="2024-05-09T22:13:05.706517" level="INFO">${response} = &lt;Response [200]&gt;</msg>
<var>${response}</var>
<arg>consultarAPI</arg>
<arg>/api</arg>
<doc>Sends a GET request on a previously created HTTP Session.</doc>
<status status="PASS" start="2024-05-09T22:13:05.606127" elapsed="0.100429"/>
</kw>
<kw name="Set Variable" owner="BuiltIn">
<msg time="2024-05-09T22:13:05.707601" level="INFO">${json_data} = {'results': [{'gender': 'male', 'name': {'title': 'Mr', 'first': 'Theodore', 'last': 'Wallace'}, 'location': {'street': {'number': 1670, 'name': 'Prospect Rd'}, 'city': 'Norfolk', 'state': 'California...</msg>
<var>${json_data}</var>
<arg>${response.json()}</arg>
<doc>Returns the given values which can then be assigned to a variables.</doc>
<status status="PASS" start="2024-05-09T22:13:05.707030" elapsed="0.000599"/>
</kw>
<kw name="Log" owner="BuiltIn">
<msg time="2024-05-09T22:13:05.708082" level="INFO">{'results': [{'gender': 'male', 'name': {'title': 'Mr', 'first': 'Theodore', 'last': 'Wallace'}, 'location': {'street': {'number': 1670, 'name': 'Prospect Rd'}, 'city': 'Norfolk', 'state': 'California', 'country': 'United States', 'postcode': 76858, 'coordinates': {'latitude': '84.8248', 'longitude': '-152.9335'}, 'timezone': {'offset': '+2:00', 'description': 'Kaliningrad, South Africa'}}, 'email': 'theodore.wallace@example.com', 'login': {'uuid': 'ee82a91b-98ef-4637-901d-cb9ab0095d4d', 'username': 'beautifulsnake783', 'password': '5252', 'salt': 'KF50xoDh', 'md5': '700e8b446332eb00cc75d93ced580f59', 'sha1': '6572e0eb82d8e772ff6f9424780fcf60952413bc', 'sha256': 'da48217d0019d530a3e6a426adcc0c7a5619f432aa2fc6f0182924275504fee0'}, 'dob': {'date': '1983-12-09T14:53:46.428Z', 'age': 40}, 'registered': {'date': '2014-08-15T01:34:03.881Z', 'age': 9}, 'phone': '(700) 638-3898', 'cell': '(977) 614-5481', 'id': {'name': 'SSN', 'value': '814-33-7553'}, 'picture': {'large': 'https://randomuser.me/api/portraits/men/64.jpg', 'medium': 'https://randomuser.me/api/portraits/med/men/64.jpg', 'thumbnail': 'https://randomuser.me/api/portraits/thumb/men/64.jpg'}, 'nat': 'US'}], 'info': {'seed': 'b222ab67263ba674', 'results': 1, 'page': 1, 'version': '1.4'}}</msg>
<arg>${json_data}</arg>
<doc>Logs the given message with the given level.</doc>
<status status="PASS" start="2024-05-09T22:13:05.707930" elapsed="0.000229"/>
</kw>
<kw name="Should Be Equal As Numbers" owner="BuiltIn">
<arg>${json_data['results'][0]['location']['postcode']}</arg>
<arg>${json_data['results'][0]['location']['postcode']}</arg>
<doc>Fails if objects are unequal after converting them to real numbers.</doc>
<status status="PASS" start="2024-05-09T22:13:05.708586" elapsed="0.000614"/>
</kw>
<kw name="Log" owner="BuiltIn">
<msg time="2024-05-09T22:13:05.709727" level="INFO">76858</msg>
<arg>${json_data['results'][0]['location']['postcode']}</arg>
<doc>Logs the given message with the given level.</doc>
<status status="PASS" start="2024-05-09T22:13:05.709392" elapsed="0.000373"/>
</kw>
<status status="PASS" start="2024-05-09T22:13:05.605908" elapsed="0.104106"/>
</kw>
<doc>Testa se os tipos de dados na resposta da API estão corretos.</doc>
<tag>testeTiposDados</tag>
<status status="PASS" start="2024-05-09T22:13:05.500443" elapsed="0.209726"/>
</test>
<test id="s1-s1-t5" name="Validar conteudo" line="35">
<kw name="Teste de Tipos de Conteudo" owner="random-user-service">
<kw name="GET On Session" owner="RequestsLibrary">
<msg time="2024-05-09T22:13:05.811083" level="INFO">GET Request : url=https://randomuser.me/api 
 path_url=/api 
 headers={'User-Agent': 'python-requests/2.31.0', 'Accept-Encoding': 'gzip, deflate', 'Accept': '*/*', 'Connection': 'keep-alive'} 
 body=None 
 </msg>
<msg time="2024-05-09T22:13:05.811164" level="INFO">GET Response : url=https://randomuser.me/api 
 status=200, reason=OK 
 headers={'Date': 'Thu, 09 May 2024 22:13:05 GMT', 'Content-Type': 'application/json; charset=utf-8', 'Transfer-Encoding': 'chunked', 'Connection': 'keep-alive', 'X-Powered-By': 'Express', 'Access-Control-Allow-Origin': '*', 'Cache-Control': 'no-cache', 'ETag': 'W/"4a1-QrG1nNMMJS1z5+MADlkUL4bejlc"', 'Vary': 'Accept-Encoding', 'Content-Encoding': 'gzip', 'CF-Cache-Status': 'DYNAMIC', 'Report-To': '{"endpoints":[{"url":"https:\\/\\/a.nel.cloudflare.com\\/report\\/v4?s=gyLN1gACn9FaXj%2FZDuMJptY1FpBKY1%2FJUnRXrj9sHkQHNlCD37uYaJvu4F0j%2BLpgsIQv0AfVwuvc1FaNJMoFvDfo%2B46goMGLFtu7uDdPPnpwI9vepd2GnBPiE7FiCJCf"}],"group":"cf-nel","max_age":604800}', 'NEL': '{"success_fraction":0,"report_to":"cf-nel","max_age":604800}', 'Server': 'cloudflare', 'CF-RAY': '881508e6be7f7ab8-SJC', 'alt-svc': 'h3=":443"; ma=86400'} 
 body={"results":[{"gender":"female","name":{"title":"Mrs","first":"Zeneide","last":"Cardoso"},"location":{"street":{"number":4999,"name":"Rua da Paz "},"city":"Patos de Minas","state":"Maranhão","country":"Brazil","postcode":91633,"coordinates":{"latitude":"-75.4843","longitude":"69.7848"},"timezone":{"offset":"+8:00","description":"Beijing, Perth, Singapore, Hong Kong"}},"email":"zeneide.cardoso@example.com","login":{"uuid":"f27d73a5-ec01-4514-bf31-339da2c229c4","username":"bigduck288","password":"carmen","salt":"UdevhpU7","md5":"3073e24dcf465bf2781f5a40f9c7d702","sha1":"042e18fde2e619fd48278cce044c63b34b834177","sha256":"6bb9652f663d6b0d6be87ddf6293082e6ef758e4630c92c24918000f7659b7bb"},"dob":{"date":"1979-11-03T08:18:08.000Z","age":44},"registered":{"date":"2018-10-23T20:08:39.777Z","age":5},"phone":"(17) 1157-3804","cell":"(84) 9225-1077","id":{"name":"CPF","value":"368.737.896-07"},"picture":{"large":"https://randomuser.me/api/portraits/women/60.jpg","medium":"https://randomuser.me/api/portraits/med/women/60.jpg","thumbnail":"https://randomuser.me/api/portraits/thumb/women/60.jpg"},"nat":"BR"}],"info":{"seed":"b08a3ac74edf67f5","results":1,"page":1,"version":"1.4"}} 
 </msg>
<msg time="2024-05-09T22:13:05.811234" level="INFO">/opt/hostedtoolcache/Python/3.12.3/x64/lib/python3.12/site-packages/urllib3/connectionpool.py:1103: InsecureRequestWarning: Unverified HTTPS request is being made to host 'randomuser.me'. Adding certificate verification is strongly advised. See: https://urllib3.readthedocs.io/en/latest/advanced-usage.html#tls-warnings
  warnings.warn(</msg>
<msg time="2024-05-09T22:13:05.811340" level="INFO">${response} = &lt;Response [200]&gt;</msg>
<var>${response}</var>
<arg>consultarAPI</arg>
<arg>/api</arg>
<doc>Sends a GET request on a previously created HTTP Session.</doc>
<status status="PASS" start="2024-05-09T22:13:05.713377" elapsed="0.098006"/>
</kw>
<kw name="Set Variable" owner="BuiltIn">
<msg time="2024-05-09T22:13:05.812224" level="INFO">${json_data} = {'results': [{'gender': 'female', 'name': {'title': 'Mrs', 'first': 'Zeneide', 'last': 'Cardoso'}, 'location': {'street': {'number': 4999, 'name': 'Rua da Paz '}, 'city': 'Patos de Minas', 'state': 'M...</msg>
<var>${json_data}</var>
<arg>${response.json()}</arg>
<doc>Returns the given values which can then be assigned to a variables.</doc>
<status status="PASS" start="2024-05-09T22:13:05.811775" elapsed="0.000477"/>
</kw>
<kw name="Set Variable" owner="BuiltIn">
<msg time="2024-05-09T22:13:05.812950" level="INFO">${name_title} = Mrs</msg>
<var>${name_title}</var>
<arg>${json_data["results"][0]["name"]["title"]}</arg>
<doc>Returns the given values which can then be assigned to a variables.</doc>
<status status="PASS" start="2024-05-09T22:13:05.812561" elapsed="0.000414"/>
</kw>
<kw name="Create List" owner="BuiltIn">
<msg time="2024-05-09T22:13:05.813421" level="INFO">${allowed_titles} = ['Mr', 'Ms', 'Miss', 'Mrs', 'Madame', 'Monsieur']</msg>
<var>${allowed_titles}</var>
<arg>Mr</arg>
<arg>Ms</arg>
<arg>Miss</arg>
<arg>Mrs</arg>
<arg>Madame</arg>
<arg>Monsieur</arg>
<doc>Returns a list containing given items.</doc>
<status status="PASS" start="2024-05-09T22:13:05.813270" elapsed="0.000175"/>
</kw>
<kw name="List Should Contain Value" owner="Collections">
<msg time="2024-05-09T22:13:05.813916" level="INFO">False</msg>
<arg>${allowed_titles}</arg>
<arg>${name_title}</arg>
<doc>Fails if the ``value`` is not found from ``list``.</doc>
<status status="PASS" start="2024-05-09T22:13:05.813746" elapsed="0.000207"/>
</kw>
<kw name="Set Variable" owner="BuiltIn">
<msg time="2024-05-09T22:13:05.814622" level="INFO">${name_country} = BR</msg>
<var>${name_country}</var>
<arg>${json_data["results"][0]["nat"]}</arg>
<doc>Returns the given values which can then be assigned to a variables.</doc>
<status status="PASS" start="2024-05-09T22:13:05.814242" elapsed="0.000404"/>
</kw>
<kw name="Create List" owner="BuiltIn">
<msg time="2024-05-09T22:13:05.815587" level="INFO">${list_country} = ['AD', 'AE', 'AF', 'AG', 'AI', 'AL', 'AM', 'AO', 'AQ', 'AR', 'AS', 'AT', 'AU', 'AW', 'AX', 'AZ', 'BA', 'BB', 'BD', 'BE', 'BF', 'BG', 'BH', 'BI', 'BJ', 'BL', 'BM', 'BN', 'BO', 'BQ', 'BR', 'BS', 'BT', '...</msg>
<var>${list_country}</var>
<arg>AD</arg>
<arg>AE</arg>
<arg>AF</arg>
<arg>AG</arg>
<arg>AI</arg>
<arg>AL</arg>
<arg>AM</arg>
<arg>AO</arg>
<arg>AQ</arg>
<arg>AR</arg>
<arg>AS</arg>
<arg>AT</arg>
<arg>AU</arg>
<arg>AW</arg>
<arg>AX</arg>
<arg>AZ</arg>
<arg>BA</arg>
<arg>BB</arg>
<arg>BD</arg>
<arg>BE</arg>
<arg>BF</arg>
<arg>BG</arg>
<arg>BH</arg>
<arg>BI</arg>
<arg>BJ</arg>
<arg>BL</arg>
<arg>BM</arg>
<arg>BN</arg>
<arg>BO</arg>
<arg>BQ</arg>
<arg>BR</arg>
<arg>BS</arg>
<arg>BT</arg>
<arg>BV</arg>
<arg>BW</arg>
<arg>BY</arg>
<arg>BZ</arg>
<arg>CA</arg>
<arg>CC</arg>
<arg>CD</arg>
<arg>CF</arg>
<arg>CG</arg>
<arg>CH</arg>
<arg>CI</arg>
<arg>CK</arg>
<arg>CL</arg>
<arg>CM</arg>
<arg>CN</arg>
<arg>CO</arg>
<arg>CR</arg>
<arg>CU</arg>
<arg>CV</arg>
<arg>CW</arg>
<arg>CX</arg>
<arg>CY</arg>
<arg>CZ</arg>
<arg>DE</arg>
<arg>DJ</arg>
<arg>DK</arg>
<arg>DM</arg>
<arg>DO</arg>
<arg>DZ</arg>
<arg>EC</arg>
<arg>EE</arg>
<arg>EG</arg>
<arg>EH</arg>
<arg>ER</arg>
<arg>ES</arg>
<arg>ET</arg>
<arg>FI</arg>
<arg>FJ</arg>
<arg>FK</arg>
<arg>FM</arg>
<arg>FO</arg>
<arg>FR</arg>
<arg>GA</arg>
<arg>GB</arg>
<arg>GD</arg>
<arg>GE</arg>
<arg>GF</arg>
<arg>GG</arg>
<arg>GH</arg>
<arg>GI</arg>
<arg>GL</arg>
<arg>GM</arg>
<arg>GN</arg>
<arg>GP</arg>
<arg>GQ</arg>
<arg>GR</arg>
<arg>GS</arg>
<arg>GT</arg>
<arg>GU</arg>
<arg>GW</arg>
<arg>GY</arg>
<arg>HK</arg>
<arg>HM</arg>
<arg>HN</arg>
<arg>HR</arg>
<arg>HT</arg>
<arg>HU</arg>
<arg>ID</arg>
<arg>IE</arg>
<arg>IL</arg>
<arg>IM</arg>
<arg>IN</arg>
<arg>IO</arg>
<arg>IQ</arg>
<arg>IR</arg>
<arg>IS</arg>
<arg>IT</arg>
<arg>JE</arg>
<arg>JM</arg>
<arg>JO</arg>
<arg>JP</arg>
<arg>KE</arg>
<arg>KG</arg>
<arg>KH</arg>
<arg>KI</arg>
<arg>KM</arg>
<arg>KN</arg>
<arg>KP</arg>
<arg>KR</arg>
<arg>KW</arg>
<arg>KY</arg>
<arg>KZ</arg>
<arg>LA</arg>
<arg>LB</arg>
<arg>LC</arg>
<arg>LI</arg>
<arg>LK</arg>
<arg>LR</arg>
<arg>LS</arg>
<arg>LT</arg>
<arg>LU</arg>
<arg>LV</arg>
<arg>LY</arg>
<arg>MA</arg>
<arg>MC</arg>
<arg>MD</arg>
<arg>ME</arg>
<arg>MF</arg>
<arg>MG</arg>
<arg>MH</arg>
<arg>MK</arg>
<arg>ML</arg>
<arg>MM</arg>
<arg>MN</arg>
<arg>MO</arg>
<arg>MP</arg>
<arg>MQ</arg>
<arg>MR</arg>
<arg>MS</arg>
<arg>MT</arg>
<arg>MU</arg>
<arg>MV</arg>
<arg>MW</arg>
<arg>MX</arg>
<arg>MY</arg>
<arg>MZ</arg>
<arg>NA</arg>
<arg>NC</arg>
<arg>NE</arg>
<arg>NF</arg>
<arg>NG</arg>
<arg>NI</arg>
<arg>NL</arg>
<arg>NO</arg>
<arg>NP</arg>
<arg>NR</arg>
<arg>NU</arg>
<arg>NZ</arg>
<arg>OM</arg>
<arg>PA</arg>
<arg>PE</arg>
<arg>PF</arg>
<arg>PG</arg>
<arg>PH</arg>
<arg>PK</arg>
<arg>PL</arg>
<arg>PM</arg>
<arg>PN</arg>
<arg>PR</arg>
<arg>PS</arg>
<arg>PT</arg>
<arg>PW</arg>
<arg>PY</arg>
<arg>QA</arg>
<arg>RE</arg>
<arg>RO</arg>
<arg>RS</arg>
<arg>RU</arg>
<arg>RW</arg>
<arg>SA</arg>
<arg>SB</arg>
<arg>SC</arg>
<arg>SD</arg>
<arg>SE</arg>
<arg>SG</arg>
<arg>SH</arg>
<arg>SI</arg>
<arg>SJ</arg>
<arg>SK</arg>
<arg>SL</arg>
<arg>SM</arg>
<arg>SN</arg>
<arg>SO</arg>
<arg>SR</arg>
<arg>SS</arg>
<arg>ST</arg>
<arg>SV</arg>
<arg>SX</arg>
<arg>SY</arg>
<arg>SZ</arg>
<arg>TC</arg>
<arg>TD</arg>
<arg>TF</arg>
<arg>TG</arg>
<arg>TH</arg>
<arg>TJ</arg>
<arg>TK</arg>
<arg>TL</arg>
<arg>TM</arg>
<arg>TN</arg>
<arg>TO</arg>
<arg>TR</arg>
<arg>TT</arg>
<arg>TV</arg>
<arg>TW</arg>
<arg>TZ</arg>
<arg>UA</arg>
<arg>UG</arg>
<arg>UM</arg>
<arg>US</arg>
<arg>UY</arg>
<arg>UZ</arg>
<arg>VA</arg>
<arg>VC</arg>
<arg>VE</arg>
<arg>VG</arg>
<arg>VI</arg>
<arg>VN</arg>
<arg>VU</arg>
<arg>WF</arg>
<arg>WS</arg>
<arg>XK</arg>
<arg>YE</arg>
<arg>YT</arg>
<arg>ZA</arg>
<arg>ZM</arg>
<arg>ZW</arg>
<doc>Returns a list containing given items.</doc>
<status status="PASS" start="2024-05-09T22:13:05.814998" elapsed="0.000614"/>
</kw>
<kw name="List Should Contain Value" owner="Collections">
<msg time="2024-05-09T22:13:05.816599" level="INFO">False</msg>
<arg>${list_country}</arg>
<arg>${name_country}</arg>
<doc>Fails if the ``value`` is not found from ``list``.</doc>
<status status="PASS" start="2024-05-09T22:13:05.816401" elapsed="0.000234"/>
</kw>
<kw name="Run Keyword If" owner="BuiltIn">
<kw name="Should Be True" owner="BuiltIn">
<arg>${True}</arg>
<doc>Fails if the given condition is not true.</doc>
<status status="PASS" start="2024-05-09T22:13:05.817698" elapsed="0.000239"/>
</kw>
<arg>${json_data["results"][0]["location"]["coordinates"]["latitude"]} &gt;= -90 and ${json_data["results"][0]["location"]["coordinates"]["latitude"]} &lt;= 90</arg>
<arg>Should Be True</arg>
<arg>${True}</arg>
<doc>Runs the given keyword with the given arguments, if ``condition`` is true.</doc>
<status status="PASS" start="2024-05-09T22:13:05.816943" elapsed="0.001126"/>
</kw>
<kw name="Run Keyword If" owner="BuiltIn">
<kw name="Should Be True" owner="BuiltIn">
<arg>${True}</arg>
<doc>Fails if the given condition is not true.</doc>
<status status="PASS" start="2024-05-09T22:13:05.819011" elapsed="0.000139"/>
</kw>
<arg>${json_data["results"][0]["location"]["coordinates"]["longitude"]} &gt;= -180 and ${json_data["results"][0]["location"]["coordinates"]["longitude"]} &lt;= 180</arg>
<arg>Should Be True</arg>
<arg>${True}</arg>
<doc>Runs the given keyword with the given arguments, if ``condition`` is true.</doc>
<status status="PASS" start="2024-05-09T22:13:05.818257" elapsed="0.001016"/>
</kw>
<status status="PASS" start="2024-05-09T22:13:05.713019" elapsed="0.106383"/>
</kw>
<doc>Testa o conteúdo específico dos campos retornados pela API.</doc>
<tag>testeConteudo</tag>
<status status="PASS" start="2024-05-09T22:13:05.712356" elapsed="0.107187"/>
</test>
<status status="PASS" start="2024-05-09T22:13:04.960370" elapsed="0.861069"/>
</suite>
<status status="PASS" start="2024-05-09T22:13:04.947008" elapsed="0.879503"/>
</suite>
<statistics>
<total>
<stat pass="5" fail="0" skip="0">All Tests</stat>
</total>
<tag>
<stat pass="1" fail="0" skip="0">testeConteudo</stat>
<stat pass="1" fail="0" skip="0">testeEstruturaResposta</stat>
<stat pass="1" fail="0" skip="0">testeRequisicaoBasica</stat>
<stat pass="1" fail="0" skip="0">testeTiposDados</stat>
</tag>
<suite>
<stat pass="5" fail="0" skip="0" id="s1" name="Tests">Tests</stat>
<stat pass="5" fail="0" skip="0" id="s1-s1" name="Random-User-Test">Tests.Random-User-Test</stat>
</suite>
</statistics>
<errors>
</errors>
</robot>
