<?xml version="1.0" encoding="UTF-8"?>
<robot generator="Robot 7.0.1 (Python 3.12.4 on linux)" generated="2024-08-01T17:15:28.492354" rpa="false" schemaversion="5">
<suite id="s1" name="Tests" source="/home/runner/work/ApiRandomUser/ApiRandomUser/RamdonUser/tests">
<suite id="s1-s1" name="Random-User-Test" source="/home/runner/work/ApiRandomUser/ApiRandomUser/RamdonUser/tests/random-user-test.robot">
<test id="s1-s1-t1" name="Conectar" line="13">
<kw name="Conectar API" owner="random-user-service">
<kw name="Create Session" owner="RequestsLibrary">
<msg time="2024-08-01T17:15:28.897863" level="INFO">Creating Session using : alias=consultarAPI, url=https://randomuser.me/, headers={},                     cookies={}, auth=None, timeout=None, proxies=None, verify=False,                     debug=0 </msg>
<arg>consultarAPI</arg>
<arg>${URL}</arg>
<doc>Create Session: create a HTTP session to a server</doc>
<status status="PASS" start="2024-08-01T17:15:28.897657" elapsed="0.000422"/>
</kw>
<status status="PASS" start="2024-08-01T17:15:28.896571" elapsed="0.001892"/>
</kw>
<status status="PASS" start="2024-08-01T17:15:28.895887" elapsed="0.002770"/>
</test>
<test id="s1-s1-t2" name="Validar retorno 200 e JSON Válido" line="16">
<kw name="Teste de Requisicao Basica" owner="random-user-service">
<kw name="GET On Session" owner="RequestsLibrary">
<msg time="2024-08-01T17:15:29.063591" level="INFO">GET Request : url=https://randomuser.me/api 
 path_url=/api 
 headers={'User-Agent': 'python-requests/2.32.3', 'Accept-Encoding': 'gzip, deflate', 'Accept': '*/*', 'Connection': 'keep-alive'} 
 body=None 
 </msg>
<msg time="2024-08-01T17:15:29.063769" level="INFO">GET Response : url=https://randomuser.me/api 
 status=200, reason=OK 
 headers={'Date': 'Thu, 01 Aug 2024 17:15:29 GMT', 'Content-Type': 'application/json; charset=utf-8', 'Transfer-Encoding': 'chunked', 'Connection': 'keep-alive', 'X-Powered-By': 'Express', 'Access-Control-Allow-Origin': '*', 'Cache-Control': 'no-cache', 'ETag': 'W/"487-MsKGvGsoUPwtrz4szJFtYJTF4hM"', 'Vary': 'Accept-Encoding', 'Content-Encoding': 'gzip', 'CF-Cache-Status': 'DYNAMIC', 'Report-To': '{"endpoints":[{"url":"https:\\/\\/a.nel.cloudflare.com\\/report\\/v4?s=d8ZgyBHbX3PPpHl77p9WyiW0c1AMvS34tPc%2BfoaoLMtsaUFmyXTqRdl41q1JXRYpjBsyrP5SdYQIqfgi0FSmTNF3aZneMReNkW3XgJ6ycMdKthFGWtS9KH0tRKM7b3Cm"}],"group":"cf-nel","max_age":604800}', 'NEL': '{"success_fraction":0,"report_to":"cf-nel","max_age":604800}', 'Server': 'cloudflare', 'CF-RAY': '8ac77871fd8c595b-IAD', 'alt-svc': 'h3=":443"; ma=86400'} 
 body={"results":[{"gender":"male","name":{"title":"Mr","first":"Arthur","last":"Dumas"},"location":{"street":{"number":8502,"name":"Rue Bataille"},"city":"Rennes","state":"Hautes-Alpes","country":"France","postcode":90468,"coordinates":{"latitude":"-16.3491","longitude":"-137.5535"},"timezone":{"offset":"+6:00","description":"Almaty, Dhaka, Colombo"}},"email":"arthur.dumas@example.com","login":{"uuid":"13cd6c7e-a1d8-44f7-80ce-0b065d8a243a","username":"smallswan107","password":"2580","salt":"PfYIq8DX","md5":"8d65a213ba044fdc3a8bb59dcd143085","sha1":"d3659bd16d33a0d50c9699f46d5ba1e3288ece27","sha256":"9bd3fb1d7f22b2d2202e283068368883615b7572380456bc1284897c74da2494"},"dob":{"date":"1986-05-04T15:21:57.531Z","age":38},"registered":{"date":"2003-01-02T22:56:12.444Z","age":21},"phone":"02-85-61-22-61","cell":"06-25-48-51-51","id":{"name":"INSEE","value":"1860492074923 67"},"picture":{"large":"https://randomuser.me/api/portraits/men/43.jpg","medium":"https://randomuser.me/api/portraits/med/men/43.jpg","thumbnail":"https://randomuser.me/api/portraits/thumb/men/43.jpg"},"nat":"FR"}],"info":{"seed":"dc1b3faf175fbfbd","results":1,"page":1,"version":"1.4"}} 
 </msg>
<msg time="2024-08-01T17:15:29.063866" level="INFO">/opt/hostedtoolcache/Python/3.12.4/x64/lib/python3.12/site-packages/urllib3/connectionpool.py:1099: InsecureRequestWarning: Unverified HTTPS request is being made to host 'randomuser.me'. Adding certificate verification is strongly advised. See: https://urllib3.readthedocs.io/en/latest/advanced-usage.html#tls-warnings
  warnings.warn(</msg>
<msg time="2024-08-01T17:15:29.064014" level="INFO">${response} = &lt;Response [200]&gt;</msg>
<var>${response}</var>
<arg>consultarAPI</arg>
<arg>/api</arg>
<doc>Sends a GET request on a previously created HTTP Session.</doc>
<status status="PASS" start="2024-08-01T17:15:28.901266" elapsed="0.162790"/>
</kw>
<kw name="Should Be Equal As Numbers" owner="BuiltIn">
<msg time="2024-08-01T17:15:29.065323" level="INFO">Argument types are:
&lt;class 'int'&gt;
&lt;class 'str'&gt;</msg>
<arg>${response.status_code}</arg>
<arg>200</arg>
<doc>Fails if objects are unequal after converting them to real numbers.</doc>
<status status="PASS" start="2024-08-01T17:15:29.064788" elapsed="0.000600"/>
</kw>
<kw name="Log" owner="BuiltIn">
<msg time="2024-08-01T17:15:29.066071" level="INFO">200</msg>
<arg>${response.status_code}</arg>
<doc>Logs the given message with the given level.</doc>
<status status="PASS" start="2024-08-01T17:15:29.065717" elapsed="0.000398"/>
</kw>
<kw name="Set Variable" owner="BuiltIn">
<msg time="2024-08-01T17:15:29.066845" level="INFO">${json_data} = {'results': [{'gender': 'male', 'name': {'title': 'Mr', 'first': 'Arthur', 'last': 'Dumas'}, 'location': {'street': {'number': 8502, 'name': 'Rue Bataille'}, 'city': 'Rennes', 'state': 'Hautes-Alpes',...</msg>
<var>${json_data}</var>
<arg>${response.json()}</arg>
<doc>Returns the given values which can then be assigned to a variables.</doc>
<status status="PASS" start="2024-08-01T17:15:29.066417" elapsed="0.000458"/>
</kw>
<kw name="Dictionary Should Contain Key" owner="Collections">
<arg>${json_data}</arg>
<arg>results</arg>
<doc>Fails if ``key`` is not found from ``dictionary``.</doc>
<status status="PASS" start="2024-08-01T17:15:29.067176" elapsed="0.000328"/>
</kw>
<status status="PASS" start="2024-08-01T17:15:28.901014" elapsed="0.166647"/>
</kw>
<doc>Testa se a API responde corretamente e retorna um objeto JSON válido.</doc>
<tag>testeRequisicaoBasica</tag>
<status status="PASS" start="2024-08-01T17:15:28.900542" elapsed="0.167293"/>
</test>
<test id="s1-s1-t3" name="Validar estrutura de resposta" line="22">
<kw name="Teste de Estrutura de Resposta" owner="random-user-service">
<kw name="GET On Session" owner="RequestsLibrary">
<msg time="2024-08-01T17:15:29.202659" level="INFO">GET Request : url=https://randomuser.me/api 
 path_url=/api 
 headers={'User-Agent': 'python-requests/2.32.3', 'Accept-Encoding': 'gzip, deflate', 'Accept': '*/*', 'Connection': 'keep-alive'} 
 body=None 
 </msg>
<msg time="2024-08-01T17:15:29.202771" level="INFO">GET Response : url=https://randomuser.me/api 
 status=200, reason=OK 
 headers={'Date': 'Thu, 01 Aug 2024 17:15:29 GMT', 'Content-Type': 'application/json; charset=utf-8', 'Transfer-Encoding': 'chunked', 'Connection': 'keep-alive', 'X-Powered-By': 'Express', 'Access-Control-Allow-Origin': '*', 'Cache-Control': 'no-cache', 'ETag': 'W/"486-67M29byQFhDk79xVPG5bNoMCjcY"', 'Vary': 'Accept-Encoding', 'Content-Encoding': 'gzip', 'CF-Cache-Status': 'DYNAMIC', 'Report-To': '{"endpoints":[{"url":"https:\\/\\/a.nel.cloudflare.com\\/report\\/v4?s=t%2Fbfi%2BGyfoUckEaXtT02H69UvUm5absPp30MUUVle4KZpEIYTNVm0X17Sg6RNBxzGe%2BssHLIAVCnwzJ70UVbGJEcOnGMGhzbNobhNee7HylB1%2BxT9LErp6W3SkN5akIV"}],"group":"cf-nel","max_age":604800}', 'NEL': '{"success_fraction":0,"report_to":"cf-nel","max_age":604800}', 'Server': 'cloudflare', 'CF-RAY': '8ac77872bdfd595b-IAD', 'alt-svc': 'h3=":443"; ma=86400'} 
 body={"results":[{"gender":"male","name":{"title":"Mr","first":"Ramon","last":"Beer"},"location":{"street":{"number":6930,"name":"Birkenweg"},"city":"Konstanz","state":"Berlin","country":"Germany","postcode":51889,"coordinates":{"latitude":"-52.1014","longitude":"-109.3279"},"timezone":{"offset":"+1:00","description":"Brussels, Copenhagen, Madrid, Paris"}},"email":"ramon.beer@example.com","login":{"uuid":"c07b2727-e938-4734-9425-4c0c0d086694","username":"bluefrog366","password":"cutlass","salt":"3LmHCopf","md5":"38227ebf583f26fb3580e3a364e7fa4c","sha1":"629990669457ac2bcf142caa81609afe4ab706e4","sha256":"d1aeb0056c0014970c97dfa3fe5e3cfdfc36fe3b7335cbba0a9072f7846fddcb"},"dob":{"date":"1987-05-29T11:40:52.878Z","age":37},"registered":{"date":"2002-09-04T23:53:58.145Z","age":21},"phone":"0080-5345207","cell":"0175-9717222","id":{"name":"SVNR","value":"55 290587 B 018"},"picture":{"large":"https://randomuser.me/api/portraits/men/75.jpg","medium":"https://randomuser.me/api/portraits/med/men/75.jpg","thumbnail":"https://randomuser.me/api/portraits/thumb/men/75.jpg"},"nat":"DE"}],"info":{"seed":"d745c2b5d321142a","results":1,"page":1,"version":"1.4"}} 
 </msg>
<msg time="2024-08-01T17:15:29.202915" level="INFO">/opt/hostedtoolcache/Python/3.12.4/x64/lib/python3.12/site-packages/urllib3/connectionpool.py:1099: InsecureRequestWarning: Unverified HTTPS request is being made to host 'randomuser.me'. Adding certificate verification is strongly advised. See: https://urllib3.readthedocs.io/en/latest/advanced-usage.html#tls-warnings
  warnings.warn(</msg>
<msg time="2024-08-01T17:15:29.203064" level="INFO">${response} = &lt;Response [200]&gt;</msg>
<var>${response}</var>
<arg>consultarAPI</arg>
<arg>/api</arg>
<doc>Sends a GET request on a previously created HTTP Session.</doc>
<status status="PASS" start="2024-08-01T17:15:29.070562" elapsed="0.132551"/>
</kw>
<kw name="Set Variable" owner="BuiltIn">
<msg time="2024-08-01T17:15:29.204293" level="INFO">${json_data} = {'results': [{'gender': 'male', 'name': {'title': 'Mr', 'first': 'Ramon', 'last': 'Beer'}, 'location': {'street': {'number': 6930, 'name': 'Birkenweg'}, 'city': 'Konstanz', 'state': 'Berlin', 'country...</msg>
<var>${json_data}</var>
<arg>${response.json()}</arg>
<doc>Returns the given values which can then be assigned to a variables.</doc>
<status status="PASS" start="2024-08-01T17:15:29.203731" elapsed="0.000591"/>
</kw>
<kw name="Log" owner="BuiltIn">
<msg time="2024-08-01T17:15:29.204873" level="INFO">{'results': [{'gender': 'male', 'name': {'title': 'Mr', 'first': 'Ramon', 'last': 'Beer'}, 'location': {'street': {'number': 6930, 'name': 'Birkenweg'}, 'city': 'Konstanz', 'state': 'Berlin', 'country': 'Germany', 'postcode': 51889, 'coordinates': {'latitude': '-52.1014', 'longitude': '-109.3279'}, 'timezone': {'offset': '+1:00', 'description': 'Brussels, Copenhagen, Madrid, Paris'}}, 'email': 'ramon.beer@example.com', 'login': {'uuid': 'c07b2727-e938-4734-9425-4c0c0d086694', 'username': 'bluefrog366', 'password': 'cutlass', 'salt': '3LmHCopf', 'md5': '38227ebf583f26fb3580e3a364e7fa4c', 'sha1': '629990669457ac2bcf142caa81609afe4ab706e4', 'sha256': 'd1aeb0056c0014970c97dfa3fe5e3cfdfc36fe3b7335cbba0a9072f7846fddcb'}, 'dob': {'date': '1987-05-29T11:40:52.878Z', 'age': 37}, 'registered': {'date': '2002-09-04T23:53:58.145Z', 'age': 21}, 'phone': '0080-5345207', 'cell': '0175-9717222', 'id': {'name': 'SVNR', 'value': '55 290587 B 018'}, 'picture': {'large': 'https://randomuser.me/api/portraits/men/75.jpg', 'medium': 'https://randomuser.me/api/portraits/med/men/75.jpg', 'thumbnail': 'https://randomuser.me/api/portraits/thumb/men/75.jpg'}, 'nat': 'DE'}], 'info': {'seed': 'd745c2b5d321142a', 'results': 1, 'page': 1, 'version': '1.4'}}</msg>
<arg>${json_data}</arg>
<doc>Logs the given message with the given level.</doc>
<status status="PASS" start="2024-08-01T17:15:29.204704" elapsed="0.000218"/>
</kw>
<kw name="Dictionary Should Contain Key" owner="Collections">
<arg>${json_data}</arg>
<arg>results</arg>
<doc>Fails if ``key`` is not found from ``dictionary``.</doc>
<status status="PASS" start="2024-08-01T17:15:29.205223" elapsed="0.000162"/>
</kw>
<kw name="Should Not Be Empty" owner="BuiltIn">
<msg time="2024-08-01T17:15:29.205709" level="INFO">Length is 2.</msg>
<arg>${json_data}</arg>
<doc>Verifies that the given item is not empty.</doc>
<status status="PASS" start="2024-08-01T17:15:29.205569" elapsed="0.000184"/>
</kw>
<kw name="Create List" owner="BuiltIn">
<msg time="2024-08-01T17:15:29.206183" level="INFO">${expected_keys} = ['gender', 'name', 'location', 'email', 'login']</msg>
<var>${expected_keys}</var>
<arg>gender</arg>
<arg>name</arg>
<arg>location</arg>
<arg>email</arg>
<arg>login</arg>
<doc>Returns a list containing given items.</doc>
<status status="PASS" start="2024-08-01T17:15:29.206034" elapsed="0.000173"/>
</kw>
<for flavor="IN">
<iter>
<kw name="Dictionary Should Contain Key" owner="Collections">
<arg>${json_data['results'][0]}</arg>
<arg>${key}</arg>
<doc>Fails if ``key`` is not found from ``dictionary``.</doc>
<status status="PASS" start="2024-08-01T17:15:29.206796" elapsed="0.000416"/>
</kw>
<kw name="Log" owner="BuiltIn">
<msg time="2024-08-01T17:15:29.207746" level="INFO">{'gender': 'male', 'name': {'title': 'Mr', 'first': 'Ramon', 'last': 'Beer'}, 'location': {'street': {'number': 6930, 'name': 'Birkenweg'}, 'city': 'Konstanz', 'state': 'Berlin', 'country': 'Germany', 'postcode': 51889, 'coordinates': {'latitude': '-52.1014', 'longitude': '-109.3279'}, 'timezone': {'offset': '+1:00', 'description': 'Brussels, Copenhagen, Madrid, Paris'}}, 'email': 'ramon.beer@example.com', 'login': {'uuid': 'c07b2727-e938-4734-9425-4c0c0d086694', 'username': 'bluefrog366', 'password': 'cutlass', 'salt': '3LmHCopf', 'md5': '38227ebf583f26fb3580e3a364e7fa4c', 'sha1': '629990669457ac2bcf142caa81609afe4ab706e4', 'sha256': 'd1aeb0056c0014970c97dfa3fe5e3cfdfc36fe3b7335cbba0a9072f7846fddcb'}, 'dob': {'date': '1987-05-29T11:40:52.878Z', 'age': 37}, 'registered': {'date': '2002-09-04T23:53:58.145Z', 'age': 21}, 'phone': '0080-5345207', 'cell': '0175-9717222', 'id': {'name': 'SVNR', 'value': '55 290587 B 018'}, 'picture': {'large': 'https://randomuser.me/api/portraits/men/75.jpg', 'medium': 'https://randomuser.me/api/portraits/med/men/75.jpg', 'thumbnail': 'https://randomuser.me/api/portraits/thumb/men/75.jpg'}, 'nat': 'DE'}</msg>
<arg>${json_data['results'][0]}</arg>
<doc>Logs the given message with the given level.</doc>
<status status="PASS" start="2024-08-01T17:15:29.207396" elapsed="0.000412"/>
</kw>
<kw name="Log" owner="BuiltIn">
<msg time="2024-08-01T17:15:29.208249" level="INFO">gender</msg>
<arg>${key}</arg>
<doc>Logs the given message with the given level.</doc>
<status status="PASS" start="2024-08-01T17:15:29.208121" elapsed="0.000165"/>
</kw>
<var name="${key}">gender</var>
<status status="PASS" start="2024-08-01T17:15:29.206666" elapsed="0.001856"/>
</iter>
<iter>
<kw name="Dictionary Should Contain Key" owner="Collections">
<arg>${json_data['results'][0]}</arg>
<arg>${key}</arg>
<doc>Fails if ``key`` is not found from ``dictionary``.</doc>
<status status="PASS" start="2024-08-01T17:15:29.208818" elapsed="0.000378"/>
</kw>
<kw name="Log" owner="BuiltIn">
<msg time="2024-08-01T17:15:29.209726" level="INFO">{'gender': 'male', 'name': {'title': 'Mr', 'first': 'Ramon', 'last': 'Beer'}, 'location': {'street': {'number': 6930, 'name': 'Birkenweg'}, 'city': 'Konstanz', 'state': 'Berlin', 'country': 'Germany', 'postcode': 51889, 'coordinates': {'latitude': '-52.1014', 'longitude': '-109.3279'}, 'timezone': {'offset': '+1:00', 'description': 'Brussels, Copenhagen, Madrid, Paris'}}, 'email': 'ramon.beer@example.com', 'login': {'uuid': 'c07b2727-e938-4734-9425-4c0c0d086694', 'username': 'bluefrog366', 'password': 'cutlass', 'salt': '3LmHCopf', 'md5': '38227ebf583f26fb3580e3a364e7fa4c', 'sha1': '629990669457ac2bcf142caa81609afe4ab706e4', 'sha256': 'd1aeb0056c0014970c97dfa3fe5e3cfdfc36fe3b7335cbba0a9072f7846fddcb'}, 'dob': {'date': '1987-05-29T11:40:52.878Z', 'age': 37}, 'registered': {'date': '2002-09-04T23:53:58.145Z', 'age': 21}, 'phone': '0080-5345207', 'cell': '0175-9717222', 'id': {'name': 'SVNR', 'value': '55 290587 B 018'}, 'picture': {'large': 'https://randomuser.me/api/portraits/men/75.jpg', 'medium': 'https://randomuser.me/api/portraits/med/men/75.jpg', 'thumbnail': 'https://randomuser.me/api/portraits/thumb/men/75.jpg'}, 'nat': 'DE'}</msg>
<arg>${json_data['results'][0]}</arg>
<doc>Logs the given message with the given level.</doc>
<status status="PASS" start="2024-08-01T17:15:29.209375" elapsed="0.000432"/>
</kw>
<kw name="Log" owner="BuiltIn">
<msg time="2024-08-01T17:15:29.210224" level="INFO">name</msg>
<arg>${key}</arg>
<doc>Logs the given message with the given level.</doc>
<status status="PASS" start="2024-08-01T17:15:29.210100" elapsed="0.000161"/>
</kw>
<var name="${key}">name</var>
<status status="PASS" start="2024-08-01T17:15:29.208708" elapsed="0.001765"/>
</iter>
<iter>
<kw name="Dictionary Should Contain Key" owner="Collections">
<arg>${json_data['results'][0]}</arg>
<arg>${key}</arg>
<doc>Fails if ``key`` is not found from ``dictionary``.</doc>
<status status="PASS" start="2024-08-01T17:15:29.210752" elapsed="0.000378"/>
</kw>
<kw name="Log" owner="BuiltIn">
<msg time="2024-08-01T17:15:29.211662" level="INFO">{'gender': 'male', 'name': {'title': 'Mr', 'first': 'Ramon', 'last': 'Beer'}, 'location': {'street': {'number': 6930, 'name': 'Birkenweg'}, 'city': 'Konstanz', 'state': 'Berlin', 'country': 'Germany', 'postcode': 51889, 'coordinates': {'latitude': '-52.1014', 'longitude': '-109.3279'}, 'timezone': {'offset': '+1:00', 'description': 'Brussels, Copenhagen, Madrid, Paris'}}, 'email': 'ramon.beer@example.com', 'login': {'uuid': 'c07b2727-e938-4734-9425-4c0c0d086694', 'username': 'bluefrog366', 'password': 'cutlass', 'salt': '3LmHCopf', 'md5': '38227ebf583f26fb3580e3a364e7fa4c', 'sha1': '629990669457ac2bcf142caa81609afe4ab706e4', 'sha256': 'd1aeb0056c0014970c97dfa3fe5e3cfdfc36fe3b7335cbba0a9072f7846fddcb'}, 'dob': {'date': '1987-05-29T11:40:52.878Z', 'age': 37}, 'registered': {'date': '2002-09-04T23:53:58.145Z', 'age': 21}, 'phone': '0080-5345207', 'cell': '0175-9717222', 'id': {'name': 'SVNR', 'value': '55 290587 B 018'}, 'picture': {'large': 'https://randomuser.me/api/portraits/men/75.jpg', 'medium': 'https://randomuser.me/api/portraits/med/men/75.jpg', 'thumbnail': 'https://randomuser.me/api/portraits/thumb/men/75.jpg'}, 'nat': 'DE'}</msg>
<arg>${json_data['results'][0]}</arg>
<doc>Logs the given message with the given level.</doc>
<status status="PASS" start="2024-08-01T17:15:29.211313" elapsed="0.000406"/>
</kw>
<kw name="Log" owner="BuiltIn">
<msg time="2024-08-01T17:15:29.212132" level="INFO">location</msg>
<arg>${key}</arg>
<doc>Logs the given message with the given level.</doc>
<status status="PASS" start="2024-08-01T17:15:29.212006" elapsed="0.000163"/>
</kw>
<var name="${key}">location</var>
<status status="PASS" start="2024-08-01T17:15:29.210645" elapsed="0.001764"/>
</iter>
<iter>
<kw name="Dictionary Should Contain Key" owner="Collections">
<arg>${json_data['results'][0]}</arg>
<arg>${key}</arg>
<doc>Fails if ``key`` is not found from ``dictionary``.</doc>
<status status="PASS" start="2024-08-01T17:15:29.212695" elapsed="0.000379"/>
</kw>
<kw name="Log" owner="BuiltIn">
<msg time="2024-08-01T17:15:29.213733" level="INFO">{'gender': 'male', 'name': {'title': 'Mr', 'first': 'Ramon', 'last': 'Beer'}, 'location': {'street': {'number': 6930, 'name': 'Birkenweg'}, 'city': 'Konstanz', 'state': 'Berlin', 'country': 'Germany', 'postcode': 51889, 'coordinates': {'latitude': '-52.1014', 'longitude': '-109.3279'}, 'timezone': {'offset': '+1:00', 'description': 'Brussels, Copenhagen, Madrid, Paris'}}, 'email': 'ramon.beer@example.com', 'login': {'uuid': 'c07b2727-e938-4734-9425-4c0c0d086694', 'username': 'bluefrog366', 'password': 'cutlass', 'salt': '3LmHCopf', 'md5': '38227ebf583f26fb3580e3a364e7fa4c', 'sha1': '629990669457ac2bcf142caa81609afe4ab706e4', 'sha256': 'd1aeb0056c0014970c97dfa3fe5e3cfdfc36fe3b7335cbba0a9072f7846fddcb'}, 'dob': {'date': '1987-05-29T11:40:52.878Z', 'age': 37}, 'registered': {'date': '2002-09-04T23:53:58.145Z', 'age': 21}, 'phone': '0080-5345207', 'cell': '0175-9717222', 'id': {'name': 'SVNR', 'value': '55 290587 B 018'}, 'picture': {'large': 'https://randomuser.me/api/portraits/men/75.jpg', 'medium': 'https://randomuser.me/api/portraits/med/men/75.jpg', 'thumbnail': 'https://randomuser.me/api/portraits/thumb/men/75.jpg'}, 'nat': 'DE'}</msg>
<arg>${json_data['results'][0]}</arg>
<doc>Logs the given message with the given level.</doc>
<status status="PASS" start="2024-08-01T17:15:29.213385" elapsed="0.000395"/>
</kw>
<kw name="Log" owner="BuiltIn">
<msg time="2024-08-01T17:15:29.214204" level="INFO">email</msg>
<arg>${key}</arg>
<doc>Logs the given message with the given level.</doc>
<status status="PASS" start="2024-08-01T17:15:29.214073" elapsed="0.000171"/>
</kw>
<var name="${key}">email</var>
<status status="PASS" start="2024-08-01T17:15:29.212589" elapsed="0.001879"/>
</iter>
<iter>
<kw name="Dictionary Should Contain Key" owner="Collections">
<arg>${json_data['results'][0]}</arg>
<arg>${key}</arg>
<doc>Fails if ``key`` is not found from ``dictionary``.</doc>
<status status="PASS" start="2024-08-01T17:15:29.214742" elapsed="0.000370"/>
</kw>
<kw name="Log" owner="BuiltIn">
<msg time="2024-08-01T17:15:29.215691" level="INFO">{'gender': 'male', 'name': {'title': 'Mr', 'first': 'Ramon', 'last': 'Beer'}, 'location': {'street': {'number': 6930, 'name': 'Birkenweg'}, 'city': 'Konstanz', 'state': 'Berlin', 'country': 'Germany', 'postcode': 51889, 'coordinates': {'latitude': '-52.1014', 'longitude': '-109.3279'}, 'timezone': {'offset': '+1:00', 'description': 'Brussels, Copenhagen, Madrid, Paris'}}, 'email': 'ramon.beer@example.com', 'login': {'uuid': 'c07b2727-e938-4734-9425-4c0c0d086694', 'username': 'bluefrog366', 'password': 'cutlass', 'salt': '3LmHCopf', 'md5': '38227ebf583f26fb3580e3a364e7fa4c', 'sha1': '629990669457ac2bcf142caa81609afe4ab706e4', 'sha256': 'd1aeb0056c0014970c97dfa3fe5e3cfdfc36fe3b7335cbba0a9072f7846fddcb'}, 'dob': {'date': '1987-05-29T11:40:52.878Z', 'age': 37}, 'registered': {'date': '2002-09-04T23:53:58.145Z', 'age': 21}, 'phone': '0080-5345207', 'cell': '0175-9717222', 'id': {'name': 'SVNR', 'value': '55 290587 B 018'}, 'picture': {'large': 'https://randomuser.me/api/portraits/men/75.jpg', 'medium': 'https://randomuser.me/api/portraits/med/men/75.jpg', 'thumbnail': 'https://randomuser.me/api/portraits/thumb/men/75.jpg'}, 'nat': 'DE'}</msg>
<arg>${json_data['results'][0]}</arg>
<doc>Logs the given message with the given level.</doc>
<status status="PASS" start="2024-08-01T17:15:29.215291" elapsed="0.000448"/>
</kw>
<kw name="Log" owner="BuiltIn">
<msg time="2024-08-01T17:15:29.216162" level="INFO">login</msg>
<arg>${key}</arg>
<doc>Logs the given message with the given level.</doc>
<status status="PASS" start="2024-08-01T17:15:29.216038" elapsed="0.000159"/>
</kw>
<var name="${key}">login</var>
<status status="PASS" start="2024-08-01T17:15:29.214636" elapsed="0.001794"/>
</iter>
<var>${key}</var>
<value>@{expected_keys}</value>
<status status="PASS" start="2024-08-01T17:15:29.206464" elapsed="0.010085"/>
</for>
<kw name="Create List" owner="BuiltIn">
<msg time="2024-08-01T17:15:29.216874" level="INFO">${expected_keysTwo} = ['username', 'password']</msg>
<var>${expected_keysTwo}</var>
<arg>username</arg>
<arg>password</arg>
<doc>Returns a list containing given items.</doc>
<status status="PASS" start="2024-08-01T17:15:29.216742" elapsed="0.000156"/>
</kw>
<for flavor="IN">
<iter>
<kw name="Dictionary Should Contain Key" owner="Collections">
<arg>${json_data['results'][0]['login']}</arg>
<arg>${keyTwo}</arg>
<doc>Fails if ``key`` is not found from ``dictionary``.</doc>
<status status="PASS" start="2024-08-01T17:15:29.217422" elapsed="0.000385"/>
</kw>
<kw name="Dictionary Should Contain Key" owner="Collections">
<arg>${json_data['results'][0]['login']}</arg>
<arg>${keyTwo}</arg>
<doc>Fails if ``key`` is not found from ``dictionary``.</doc>
<status status="PASS" start="2024-08-01T17:15:29.217982" elapsed="0.000378"/>
</kw>
<kw name="Log" owner="BuiltIn">
<msg time="2024-08-01T17:15:29.218652" level="INFO">username</msg>
<arg>${keyTwo}</arg>
<doc>Logs the given message with the given level.</doc>
<status status="PASS" start="2024-08-01T17:15:29.218533" elapsed="0.000155"/>
</kw>
<var name="${keyTwo}">username</var>
<status status="PASS" start="2024-08-01T17:15:29.217315" elapsed="0.001587"/>
</iter>
<iter>
<kw name="Dictionary Should Contain Key" owner="Collections">
<arg>${json_data['results'][0]['login']}</arg>
<arg>${keyTwo}</arg>
<doc>Fails if ``key`` is not found from ``dictionary``.</doc>
<status status="PASS" start="2024-08-01T17:15:29.219187" elapsed="0.000380"/>
</kw>
<kw name="Dictionary Should Contain Key" owner="Collections">
<arg>${json_data['results'][0]['login']}</arg>
<arg>${keyTwo}</arg>
<doc>Fails if ``key`` is not found from ``dictionary``.</doc>
<status status="PASS" start="2024-08-01T17:15:29.219742" elapsed="0.000361"/>
</kw>
<kw name="Log" owner="BuiltIn">
<msg time="2024-08-01T17:15:29.220440" level="INFO">password</msg>
<arg>${keyTwo}</arg>
<doc>Logs the given message with the given level.</doc>
<status status="PASS" start="2024-08-01T17:15:29.220275" elapsed="0.000213"/>
</kw>
<var name="${keyTwo}">password</var>
<status status="PASS" start="2024-08-01T17:15:29.219078" elapsed="0.001629"/>
</iter>
<var>${keyTwo}</var>
<value>@{expected_keysTwo}</value>
<status status="PASS" start="2024-08-01T17:15:29.217162" elapsed="0.003663"/>
</for>
<status status="PASS" start="2024-08-01T17:15:29.070326" elapsed="0.150639"/>
</kw>
<doc>Testa a estrutura da resposta da API.</doc>
<tag>testeEstruturaResposta</tag>
<status status="PASS" start="2024-08-01T17:15:29.069724" elapsed="0.151402"/>
</test>
<test id="s1-s1-t4" name="Validar tipos de dados" line="28">
<kw name="Teste de Tipos de Dados" owner="random-user-service">
<kw name="GET On Session" owner="RequestsLibrary">
<msg time="2024-08-01T17:15:29.378143" level="INFO">GET Request : url=https://randomuser.me/api 
 path_url=/api 
 headers={'User-Agent': 'python-requests/2.32.3', 'Accept-Encoding': 'gzip, deflate', 'Accept': '*/*', 'Connection': 'keep-alive'} 
 body=None 
 </msg>
<msg time="2024-08-01T17:15:29.378252" level="INFO">GET Response : url=https://randomuser.me/api 
 status=200, reason=OK 
 headers={'Date': 'Thu, 01 Aug 2024 17:15:29 GMT', 'Content-Type': 'application/json; charset=utf-8', 'Transfer-Encoding': 'chunked', 'Connection': 'keep-alive', 'X-Powered-By': 'Express', 'Access-Control-Allow-Origin': '*', 'Cache-Control': 'no-cache', 'ETag': 'W/"467-fWplBXar1leRlCBXc8a7m+PDo5Y"', 'Vary': 'Accept-Encoding', 'Content-Encoding': 'gzip', 'CF-Cache-Status': 'DYNAMIC', 'Report-To': '{"endpoints":[{"url":"https:\\/\\/a.nel.cloudflare.com\\/report\\/v4?s=sluC3NTf9E2CEJRjjGro9eUFLIceK3m5vJzn%2B%2FceTjcAIrNs9jCSPjX15GgqLBz%2BoRSQQ87Nbu2OYvJ5gZ%2FarRU3szIKGvDRg4rEV%2BPZaMwmEims3ND6tQKo7jqKZL9s"}],"group":"cf-nel","max_age":604800}', 'NEL': '{"success_fraction":0,"report_to":"cf-nel","max_age":604800}', 'Server': 'cloudflare', 'CF-RAY': '8ac77873aef0595b-IAD', 'alt-svc': 'h3=":443"; ma=86400'} 
 body={"results":[{"gender":"female","name":{"title":"Ms","first":"Tilde","last":"Jensen"},"location":{"street":{"number":6336,"name":"Åsumvej"},"city":"Billum","state":"Sjælland","country":"Denmark","postcode":64447,"coordinates":{"latitude":"-42.1683","longitude":"139.9034"},"timezone":{"offset":"-10:00","description":"Hawaii"}},"email":"tilde.jensen@example.com","login":{"uuid":"f3b1af2a-9495-4690-98d3-2a13ac52ff88","username":"bluecat677","password":"subzero","salt":"tJvzKdLG","md5":"56d0c81745b875948bb6be8cd292236f","sha1":"67be46a78adbd371bf07a21b98e42be2136154f8","sha256":"877e6c1cd797546cf877c852ac787d5ec6aa0e4524b6c76c8eba256269c4f510"},"dob":{"date":"1951-08-21T14:32:41.153Z","age":72},"registered":{"date":"2006-03-28T10:14:13.382Z","age":18},"phone":"73199553","cell":"84799092","id":{"name":"CPR","value":"210851-3972"},"picture":{"large":"https://randomuser.me/api/portraits/women/61.jpg","medium":"https://randomuser.me/api/portraits/med/women/61.jpg","thumbnail":"https://randomuser.me/api/portraits/thumb/women/61.jpg"},"nat":"DK"}],"info":{"seed":"a40624e8d8c1fb7e","results":1,"page":1,"version":"1.4"}} 
 </msg>
<msg time="2024-08-01T17:15:29.378334" level="INFO">/opt/hostedtoolcache/Python/3.12.4/x64/lib/python3.12/site-packages/urllib3/connectionpool.py:1099: InsecureRequestWarning: Unverified HTTPS request is being made to host 'randomuser.me'. Adding certificate verification is strongly advised. See: https://urllib3.readthedocs.io/en/latest/advanced-usage.html#tls-warnings
  warnings.warn(</msg>
<msg time="2024-08-01T17:15:29.378475" level="INFO">${response} = &lt;Response [200]&gt;</msg>
<var>${response}</var>
<arg>consultarAPI</arg>
<arg>/api</arg>
<doc>Sends a GET request on a previously created HTTP Session.</doc>
<status status="PASS" start="2024-08-01T17:15:29.223698" elapsed="0.154821"/>
</kw>
<kw name="Set Variable" owner="BuiltIn">
<msg time="2024-08-01T17:15:29.379721" level="INFO">${json_data} = {'results': [{'gender': 'female', 'name': {'title': 'Ms', 'first': 'Tilde', 'last': 'Jensen'}, 'location': {'street': {'number': 6336, 'name': 'Åsumvej'}, 'city': 'Billum', 'state': 'Sjælland', 'count...</msg>
<var>${json_data}</var>
<arg>${response.json()}</arg>
<doc>Returns the given values which can then be assigned to a variables.</doc>
<status status="PASS" start="2024-08-01T17:15:29.379146" elapsed="0.000605"/>
</kw>
<kw name="Log" owner="BuiltIn">
<msg time="2024-08-01T17:15:29.380216" level="INFO">{'results': [{'gender': 'female', 'name': {'title': 'Ms', 'first': 'Tilde', 'last': 'Jensen'}, 'location': {'street': {'number': 6336, 'name': 'Åsumvej'}, 'city': 'Billum', 'state': 'Sjælland', 'country': 'Denmark', 'postcode': 64447, 'coordinates': {'latitude': '-42.1683', 'longitude': '139.9034'}, 'timezone': {'offset': '-10:00', 'description': 'Hawaii'}}, 'email': 'tilde.jensen@example.com', 'login': {'uuid': 'f3b1af2a-9495-4690-98d3-2a13ac52ff88', 'username': 'bluecat677', 'password': 'subzero', 'salt': 'tJvzKdLG', 'md5': '56d0c81745b875948bb6be8cd292236f', 'sha1': '67be46a78adbd371bf07a21b98e42be2136154f8', 'sha256': '877e6c1cd797546cf877c852ac787d5ec6aa0e4524b6c76c8eba256269c4f510'}, 'dob': {'date': '1951-08-21T14:32:41.153Z', 'age': 72}, 'registered': {'date': '2006-03-28T10:14:13.382Z', 'age': 18}, 'phone': '73199553', 'cell': '84799092', 'id': {'name': 'CPR', 'value': '210851-3972'}, 'picture': {'large': 'https://randomuser.me/api/portraits/women/61.jpg', 'medium': 'https://randomuser.me/api/portraits/med/women/61.jpg', 'thumbnail': 'https://randomuser.me/api/portraits/thumb/women/61.jpg'}, 'nat': 'DK'}], 'info': {'seed': 'a40624e8d8c1fb7e', 'results': 1, 'page': 1, 'version': '1.4'}}</msg>
<arg>${json_data}</arg>
<doc>Logs the given message with the given level.</doc>
<status status="PASS" start="2024-08-01T17:15:29.380059" elapsed="0.000205"/>
</kw>
<kw name="Should Be String" owner="String">
<arg>${json_data['results'][0]['gender']}</arg>
<doc>Fails if the given ``item`` is not a string.</doc>
<status status="PASS" start="2024-08-01T17:15:29.380610" elapsed="0.000363"/>
</kw>
<kw name="Should Match Regexp" owner="BuiltIn">
<arg>${json_data['results'][0]['email']}</arg>
<arg>^[a-zA-Z0-9._%+-]+@[a-zA-Z0-9.-]+\.[a-zA-Z]{2,}$</arg>
<doc>Fails if ``string`` does not match ``pattern`` as a regular expression.</doc>
<status status="PASS" start="2024-08-01T17:15:29.381158" elapsed="0.000512"/>
</kw>
<kw name="Should Match Regexp" owner="BuiltIn">
<arg>${json_data['results'][0]['dob']['date']}</arg>
<arg>\\d{4}-\\d{2}-\\d{2}T\\d{2}:\\d{2}:\\d{2}\\.\\d{3}Z</arg>
<doc>Fails if ``string`` does not match ``pattern`` as a regular expression.</doc>
<status status="PASS" start="2024-08-01T17:15:29.381901" elapsed="0.000621"/>
</kw>
<kw name="Should Match Regexp" owner="BuiltIn">
<arg>${json_data['results'][0]['registered']['date']}</arg>
<arg>\\d{4}-\\d{2}-\\d{2}T\\d{2}:\\d{2}:\\d{2}\\.\\d{3}Z</arg>
<doc>Fails if ``string`` does not match ``pattern`` as a regular expression.</doc>
<status status="PASS" start="2024-08-01T17:15:29.382711" elapsed="0.000366"/>
</kw>
<kw name="Should Match Regexp" owner="BuiltIn">
<arg>${json_data['results'][0]['picture']['large']}</arg>
<arg>^https?://.*\.(?:png|jpe?g|gif|bmp)$</arg>
<doc>Fails if ``string`` does not match ``pattern`` as a regular expression.</doc>
<status status="PASS" start="2024-08-01T17:15:29.383260" elapsed="0.000460"/>
</kw>
<kw name="Should Match Regexp" owner="BuiltIn">
<arg>${json_data['results'][0]['picture']['medium']}</arg>
<arg>^https?://.*\.(?:png|jpe?g|gif|bmp)$</arg>
<doc>Fails if ``string`` does not match ``pattern`` as a regular expression.</doc>
<status status="PASS" start="2024-08-01T17:15:29.383906" elapsed="0.000349"/>
</kw>
<kw name="Should Match Regexp" owner="BuiltIn">
<arg>${json_data['results'][0]['picture']['thumbnail']}</arg>
<arg>^https?://.*\.(?:png|jpe?g|gif|bmp)$</arg>
<doc>Fails if ``string`` does not match ``pattern`` as a regular expression.</doc>
<status status="PASS" start="2024-08-01T17:15:29.384471" elapsed="0.000350"/>
</kw>
<kw name="Log" owner="BuiltIn">
<msg time="2024-08-01T17:15:29.385323" level="INFO">{'large': 'https://randomuser.me/api/portraits/women/61.jpg', 'medium': 'https://randomuser.me/api/portraits/med/women/61.jpg', 'thumbnail': 'https://randomuser.me/api/portraits/thumb/women/61.jpg'}</msg>
<arg>${json_data['results'][0]['picture']}</arg>
<doc>Logs the given message with the given level.</doc>
<status status="PASS" start="2024-08-01T17:15:29.385000" elapsed="0.000365"/>
</kw>
<status status="PASS" start="2024-08-01T17:15:29.223458" elapsed="0.162185"/>
</kw>
<kw name="Teste de Tipos de Dados - Postcode" owner="random-user-service">
<kw name="GET On Session" owner="RequestsLibrary">
<msg time="2024-08-01T17:15:29.459692" level="INFO">GET Request : url=https://randomuser.me/api 
 path_url=/api 
 headers={'User-Agent': 'python-requests/2.32.3', 'Accept-Encoding': 'gzip, deflate', 'Accept': '*/*', 'Connection': 'keep-alive'} 
 body=None 
 </msg>
<msg time="2024-08-01T17:15:29.459787" level="INFO">GET Response : url=https://randomuser.me/api 
 status=200, reason=OK 
 headers={'Date': 'Thu, 01 Aug 2024 17:15:29 GMT', 'Content-Type': 'application/json; charset=utf-8', 'Transfer-Encoding': 'chunked', 'Connection': 'keep-alive', 'X-Powered-By': 'Express', 'Access-Control-Allow-Origin': '*', 'Cache-Control': 'no-cache', 'ETag': 'W/"47d-yKibKv/IDnHlIRhuP8TZSK1ceZ4"', 'Vary': 'Accept-Encoding', 'Content-Encoding': 'gzip', 'CF-Cache-Status': 'DYNAMIC', 'Report-To': '{"endpoints":[{"url":"https:\\/\\/a.nel.cloudflare.com\\/report\\/v4?s=hSv39OYHIkZxszoDzk1zUibpt5H10jhfL%2BPf5wMFra45s30d8svFaiDnWN%2B7bDmtYf1vISphSLRcc4jU77PGeXTBeUefw3%2FU0ma%2B%2F7UvCqJ%2BFTHQilQnlFaifPw0suG9"}],"group":"cf-nel","max_age":604800}', 'NEL': '{"success_fraction":0,"report_to":"cf-nel","max_age":604800}', 'Server': 'cloudflare', 'CF-RAY': '8ac77874afc1595b-IAD', 'alt-svc': 'h3=":443"; ma=86400'} 
 body={"results":[{"gender":"male","name":{"title":"Mr","first":"Sava","last":"Šakić"},"location":{"street":{"number":1952,"name":"Letnička"},"city":"Brus","state":"Rasina","country":"Serbia","postcode":64435,"coordinates":{"latitude":"63.8549","longitude":"-166.6037"},"timezone":{"offset":"-6:00","description":"Central Time (US &amp; Canada), Mexico City"}},"email":"sava.sakic@example.com","login":{"uuid":"ba3362a9-95e2-4c12-8db4-4ddc6a45867e","username":"sadfish336","password":"springs","salt":"Ku3jXejV","md5":"178520a22a291e3becc53f5cbca0c467","sha1":"0a1e3e0d3d0fbeea4e1a18e92c1f9d6431bf7760","sha256":"d2459606bb55925a2ac1f07ec29e7f03853091cc4fa8489c74ef0b72310d5587"},"dob":{"date":"1993-03-28T05:44:23.094Z","age":31},"registered":{"date":"2018-09-29T20:17:17.468Z","age":5},"phone":"026-2354-497","cell":"067-3189-538","id":{"name":"SID","value":"021739913"},"picture":{"large":"https://randomuser.me/api/portraits/men/79.jpg","medium":"https://randomuser.me/api/portraits/med/men/79.jpg","thumbnail":"https://randomuser.me/api/portraits/thumb/men/79.jpg"},"nat":"RS"}],"info":{"seed":"5b003516ee896eda","results":1,"page":1,"version":"1.4"}} 
 </msg>
<msg time="2024-08-01T17:15:29.459860" level="INFO">/opt/hostedtoolcache/Python/3.12.4/x64/lib/python3.12/site-packages/urllib3/connectionpool.py:1099: InsecureRequestWarning: Unverified HTTPS request is being made to host 'randomuser.me'. Adding certificate verification is strongly advised. See: https://urllib3.readthedocs.io/en/latest/advanced-usage.html#tls-warnings
  warnings.warn(</msg>
<msg time="2024-08-01T17:15:29.459975" level="INFO">${response} = &lt;Response [200]&gt;</msg>
<var>${response}</var>
<arg>consultarAPI</arg>
<arg>/api</arg>
<doc>Sends a GET request on a previously created HTTP Session.</doc>
<status status="PASS" start="2024-08-01T17:15:29.386123" elapsed="0.073891"/>
</kw>
<kw name="Set Variable" owner="BuiltIn">
<msg time="2024-08-01T17:15:29.461266" level="INFO">${json_data} = {'results': [{'gender': 'male', 'name': {'title': 'Mr', 'first': 'Sava', 'last': 'Šakić'}, 'location': {'street': {'number': 1952, 'name': 'Letnička'}, 'city': 'Brus', 'state': 'Rasina', 'country': 'S...</msg>
<var>${json_data}</var>
<arg>${response.json()}</arg>
<doc>Returns the given values which can then be assigned to a variables.</doc>
<status status="PASS" start="2024-08-01T17:15:29.460680" elapsed="0.000616"/>
</kw>
<kw name="Log" owner="BuiltIn">
<msg time="2024-08-01T17:15:29.461779" level="INFO">{'results': [{'gender': 'male', 'name': {'title': 'Mr', 'first': 'Sava', 'last': 'Šakić'}, 'location': {'street': {'number': 1952, 'name': 'Letnička'}, 'city': 'Brus', 'state': 'Rasina', 'country': 'Serbia', 'postcode': 64435, 'coordinates': {'latitude': '63.8549', 'longitude': '-166.6037'}, 'timezone': {'offset': '-6:00', 'description': 'Central Time (US &amp; Canada), Mexico City'}}, 'email': 'sava.sakic@example.com', 'login': {'uuid': 'ba3362a9-95e2-4c12-8db4-4ddc6a45867e', 'username': 'sadfish336', 'password': 'springs', 'salt': 'Ku3jXejV', 'md5': '178520a22a291e3becc53f5cbca0c467', 'sha1': '0a1e3e0d3d0fbeea4e1a18e92c1f9d6431bf7760', 'sha256': 'd2459606bb55925a2ac1f07ec29e7f03853091cc4fa8489c74ef0b72310d5587'}, 'dob': {'date': '1993-03-28T05:44:23.094Z', 'age': 31}, 'registered': {'date': '2018-09-29T20:17:17.468Z', 'age': 5}, 'phone': '026-2354-497', 'cell': '067-3189-538', 'id': {'name': 'SID', 'value': '021739913'}, 'picture': {'large': 'https://randomuser.me/api/portraits/men/79.jpg', 'medium': 'https://randomuser.me/api/portraits/med/men/79.jpg', 'thumbnail': 'https://randomuser.me/api/portraits/thumb/men/79.jpg'}, 'nat': 'RS'}], 'info': {'seed': '5b003516ee896eda', 'results': 1, 'page': 1, 'version': '1.4'}}</msg>
<arg>${json_data}</arg>
<doc>Logs the given message with the given level.</doc>
<status status="PASS" start="2024-08-01T17:15:29.461618" elapsed="0.000212"/>
</kw>
<kw name="Should Be Equal As Numbers" owner="BuiltIn">
<arg>${json_data['results'][0]['location']['postcode']}</arg>
<arg>${json_data['results'][0]['location']['postcode']}</arg>
<doc>Fails if objects are unequal after converting them to real numbers.</doc>
<status status="PASS" start="2024-08-01T17:15:29.462132" elapsed="0.000632"/>
</kw>
<kw name="Log" owner="BuiltIn">
<msg time="2024-08-01T17:15:29.463299" level="INFO">64435</msg>
<arg>${json_data['results'][0]['location']['postcode']}</arg>
<doc>Logs the given message with the given level.</doc>
<status status="PASS" start="2024-08-01T17:15:29.462961" elapsed="0.000378"/>
</kw>
<status status="PASS" start="2024-08-01T17:15:29.385877" elapsed="0.077715"/>
</kw>
<doc>Testa se os tipos de dados na resposta da API estão corretos.</doc>
<tag>testeTiposDados</tag>
<status status="PASS" start="2024-08-01T17:15:29.222867" elapsed="0.240931"/>
</test>
<test id="s1-s1-t5" name="Validar conteudo" line="35">
<kw name="Teste de Tipos de Conteudo" owner="random-user-service">
<kw name="GET On Session" owner="RequestsLibrary">
<msg time="2024-08-01T17:15:29.548943" level="INFO">GET Request : url=https://randomuser.me/api 
 path_url=/api 
 headers={'User-Agent': 'python-requests/2.32.3', 'Accept-Encoding': 'gzip, deflate', 'Accept': '*/*', 'Connection': 'keep-alive'} 
 body=None 
 </msg>
<msg time="2024-08-01T17:15:29.549039" level="INFO">GET Response : url=https://randomuser.me/api 
 status=200, reason=OK 
 headers={'Date': 'Thu, 01 Aug 2024 17:15:29 GMT', 'Content-Type': 'application/json; charset=utf-8', 'Transfer-Encoding': 'chunked', 'Connection': 'keep-alive', 'X-Powered-By': 'Express', 'Access-Control-Allow-Origin': '*', 'Cache-Control': 'no-cache', 'ETag': 'W/"4b2-6NXG4o8ce3UuXDQe5LWCbOPCb80"', 'Vary': 'Accept-Encoding', 'Content-Encoding': 'gzip', 'CF-Cache-Status': 'DYNAMIC', 'Report-To': '{"endpoints":[{"url":"https:\\/\\/a.nel.cloudflare.com\\/report\\/v4?s=UpMJLSSq1JopheoaNTzTdHRdCfFRA%2BYDeoIJBB2yFYYQw7%2Bn1Ru1zZO5dmApX%2Fh9cVUVThKHApPTiP5wCDQBN%2FGF%2FR2S9FVySnjXcOcQ%2FEp0hPHc2%2FqT%2Fmc3o%2BAae34f"}],"group":"cf-nel","max_age":604800}', 'NEL': '{"success_fraction":0,"report_to":"cf-nel","max_age":604800}', 'Server': 'cloudflare', 'CF-RAY': '8ac77875282c595b-IAD', 'alt-svc': 'h3=":443"; ma=86400'} 
 body={"results":[{"gender":"female","name":{"title":"Miss","first":"Thaís","last":"Duarte"},"location":{"street":{"number":1500,"name":"Rua São Paulo "},"city":"Franco da Rocha","state":"Rio Grande do Norte","country":"Brazil","postcode":71793,"coordinates":{"latitude":"-74.5910","longitude":"127.7117"},"timezone":{"offset":"+9:00","description":"Tokyo, Seoul, Osaka, Sapporo, Yakutsk"}},"email":"thais.duarte@example.com","login":{"uuid":"e62e2c5b-a0fb-43c2-8f85-35f3a7ddd10f","username":"goldenduck403","password":"kansas","salt":"b7UmWka8","md5":"d5a8f228142bad7db91984dfebb2602d","sha1":"54e5245e7d5f32801d74cc78a728f7b40cd5f193","sha256":"c7c41172c66c19217e7a2cb7552ad1740932f98f5cde6c8ba6b8322adbe00368"},"dob":{"date":"1999-05-25T02:43:41.481Z","age":25},"registered":{"date":"2006-08-03T18:49:21.352Z","age":17},"phone":"(48) 8800-9566","cell":"(87) 3870-1356","id":{"name":"CPF","value":"441.752.924-81"},"picture":{"large":"https://randomuser.me/api/portraits/women/63.jpg","medium":"https://randomuser.me/api/portraits/med/women/63.jpg","thumbnail":"https://randomuser.me/api/portraits/thumb/women/63.jpg"},"nat":"BR"}],"info":{"seed":"db6a0b7cd624d984","results":1,"page":1,"version":"1.4"}} 
 </msg>
<msg time="2024-08-01T17:15:29.549106" level="INFO">/opt/hostedtoolcache/Python/3.12.4/x64/lib/python3.12/site-packages/urllib3/connectionpool.py:1099: InsecureRequestWarning: Unverified HTTPS request is being made to host 'randomuser.me'. Adding certificate verification is strongly advised. See: https://urllib3.readthedocs.io/en/latest/advanced-usage.html#tls-warnings
  warnings.warn(</msg>
<msg time="2024-08-01T17:15:29.549222" level="INFO">${response} = &lt;Response [200]&gt;</msg>
<var>${response}</var>
<arg>consultarAPI</arg>
<arg>/api</arg>
<doc>Sends a GET request on a previously created HTTP Session.</doc>
<status status="PASS" start="2024-08-01T17:15:29.466352" elapsed="0.082910"/>
</kw>
<kw name="Set Variable" owner="BuiltIn">
<msg time="2024-08-01T17:15:29.550461" level="INFO">${json_data} = {'results': [{'gender': 'female', 'name': {'title': 'Miss', 'first': 'Thaís', 'last': 'Duarte'}, 'location': {'street': {'number': 1500, 'name': 'Rua São Paulo '}, 'city': 'Franco da Rocha', 'state': ...</msg>
<var>${json_data}</var>
<arg>${response.json()}</arg>
<doc>Returns the given values which can then be assigned to a variables.</doc>
<status status="PASS" start="2024-08-01T17:15:29.549887" elapsed="0.000604"/>
</kw>
<kw name="Set Variable" owner="BuiltIn">
<msg time="2024-08-01T17:15:29.551197" level="INFO">${name_title} = Miss</msg>
<var>${name_title}</var>
<arg>${json_data["results"][0]["name"]["title"]}</arg>
<doc>Returns the given values which can then be assigned to a variables.</doc>
<status status="PASS" start="2024-08-01T17:15:29.550804" elapsed="0.000418"/>
</kw>
<kw name="Create List" owner="BuiltIn">
<msg time="2024-08-01T17:15:29.551664" level="INFO">${allowed_titles} = ['Mr', 'Ms', 'Miss', 'Mrs', 'Madame', 'Monsieur']</msg>
<var>${allowed_titles}</var>
<arg>Mr</arg>
<arg>Ms</arg>
<arg>Miss</arg>
<arg>Mrs</arg>
<arg>Madame</arg>
<arg>Monsieur</arg>
<doc>Returns a list containing given items.</doc>
<status status="PASS" start="2024-08-01T17:15:29.551515" elapsed="0.000175"/>
</kw>
<kw name="List Should Contain Value" owner="Collections">
<arg>${allowed_titles}</arg>
<arg>${name_title}</arg>
<doc>Fails if the ``value`` is not found from ``list``.</doc>
<status status="PASS" start="2024-08-01T17:15:29.551986" elapsed="0.000179"/>
</kw>
<kw name="Set Variable" owner="BuiltIn">
<msg time="2024-08-01T17:15:29.552761" level="INFO">${name_country} = BR</msg>
<var>${name_country}</var>
<arg>${json_data["results"][0]["nat"]}</arg>
<doc>Returns the given values which can then be assigned to a variables.</doc>
<status status="PASS" start="2024-08-01T17:15:29.552377" elapsed="0.000410"/>
</kw>
<kw name="Create List" owner="BuiltIn">
<msg time="2024-08-01T17:15:29.553668" level="INFO">${list_country} = ['AD', 'AE', 'AF', 'AG', 'AI', 'AL', 'AM', 'AO', 'AQ', 'AR', 'AS', 'AT', 'AU', 'AW', 'AX', 'AZ', 'BA', 'BB', 'BD', 'BE', 'BF', 'BG', 'BH', 'BI', 'BJ', 'BL', 'BM', 'BN', 'BO', 'BQ', 'BR', 'BS', 'BT', '...</msg>
<var>${list_country}</var>
<arg>AD</arg>
<arg>AE</arg>
<arg>AF</arg>
<arg>AG</arg>
<arg>AI</arg>
<arg>AL</arg>
<arg>AM</arg>
<arg>AO</arg>
<arg>AQ</arg>
<arg>AR</arg>
<arg>AS</arg>
<arg>AT</arg>
<arg>AU</arg>
<arg>AW</arg>
<arg>AX</arg>
<arg>AZ</arg>
<arg>BA</arg>
<arg>BB</arg>
<arg>BD</arg>
<arg>BE</arg>
<arg>BF</arg>
<arg>BG</arg>
<arg>BH</arg>
<arg>BI</arg>
<arg>BJ</arg>
<arg>BL</arg>
<arg>BM</arg>
<arg>BN</arg>
<arg>BO</arg>
<arg>BQ</arg>
<arg>BR</arg>
<arg>BS</arg>
<arg>BT</arg>
<arg>BV</arg>
<arg>BW</arg>
<arg>BY</arg>
<arg>BZ</arg>
<arg>CA</arg>
<arg>CC</arg>
<arg>CD</arg>
<arg>CF</arg>
<arg>CG</arg>
<arg>CH</arg>
<arg>CI</arg>
<arg>CK</arg>
<arg>CL</arg>
<arg>CM</arg>
<arg>CN</arg>
<arg>CO</arg>
<arg>CR</arg>
<arg>CU</arg>
<arg>CV</arg>
<arg>CW</arg>
<arg>CX</arg>
<arg>CY</arg>
<arg>CZ</arg>
<arg>DE</arg>
<arg>DJ</arg>
<arg>DK</arg>
<arg>DM</arg>
<arg>DO</arg>
<arg>DZ</arg>
<arg>EC</arg>
<arg>EE</arg>
<arg>EG</arg>
<arg>EH</arg>
<arg>ER</arg>
<arg>ES</arg>
<arg>ET</arg>
<arg>FI</arg>
<arg>FJ</arg>
<arg>FK</arg>
<arg>FM</arg>
<arg>FO</arg>
<arg>FR</arg>
<arg>GA</arg>
<arg>GB</arg>
<arg>GD</arg>
<arg>GE</arg>
<arg>GF</arg>
<arg>GG</arg>
<arg>GH</arg>
<arg>GI</arg>
<arg>GL</arg>
<arg>GM</arg>
<arg>GN</arg>
<arg>GP</arg>
<arg>GQ</arg>
<arg>GR</arg>
<arg>GS</arg>
<arg>GT</arg>
<arg>GU</arg>
<arg>GW</arg>
<arg>GY</arg>
<arg>HK</arg>
<arg>HM</arg>
<arg>HN</arg>
<arg>HR</arg>
<arg>HT</arg>
<arg>HU</arg>
<arg>ID</arg>
<arg>IE</arg>
<arg>IL</arg>
<arg>IM</arg>
<arg>IN</arg>
<arg>IO</arg>
<arg>IQ</arg>
<arg>IR</arg>
<arg>IS</arg>
<arg>IT</arg>
<arg>JE</arg>
<arg>JM</arg>
<arg>JO</arg>
<arg>JP</arg>
<arg>KE</arg>
<arg>KG</arg>
<arg>KH</arg>
<arg>KI</arg>
<arg>KM</arg>
<arg>KN</arg>
<arg>KP</arg>
<arg>KR</arg>
<arg>KW</arg>
<arg>KY</arg>
<arg>KZ</arg>
<arg>LA</arg>
<arg>LB</arg>
<arg>LC</arg>
<arg>LI</arg>
<arg>LK</arg>
<arg>LR</arg>
<arg>LS</arg>
<arg>LT</arg>
<arg>LU</arg>
<arg>LV</arg>
<arg>LY</arg>
<arg>MA</arg>
<arg>MC</arg>
<arg>MD</arg>
<arg>ME</arg>
<arg>MF</arg>
<arg>MG</arg>
<arg>MH</arg>
<arg>MK</arg>
<arg>ML</arg>
<arg>MM</arg>
<arg>MN</arg>
<arg>MO</arg>
<arg>MP</arg>
<arg>MQ</arg>
<arg>MR</arg>
<arg>MS</arg>
<arg>MT</arg>
<arg>MU</arg>
<arg>MV</arg>
<arg>MW</arg>
<arg>MX</arg>
<arg>MY</arg>
<arg>MZ</arg>
<arg>NA</arg>
<arg>NC</arg>
<arg>NE</arg>
<arg>NF</arg>
<arg>NG</arg>
<arg>NI</arg>
<arg>NL</arg>
<arg>NO</arg>
<arg>NP</arg>
<arg>NR</arg>
<arg>NU</arg>
<arg>NZ</arg>
<arg>OM</arg>
<arg>PA</arg>
<arg>PE</arg>
<arg>PF</arg>
<arg>PG</arg>
<arg>PH</arg>
<arg>PK</arg>
<arg>PL</arg>
<arg>PM</arg>
<arg>PN</arg>
<arg>PR</arg>
<arg>PS</arg>
<arg>PT</arg>
<arg>PW</arg>
<arg>PY</arg>
<arg>QA</arg>
<arg>RE</arg>
<arg>RO</arg>
<arg>RS</arg>
<arg>RU</arg>
<arg>RW</arg>
<arg>SA</arg>
<arg>SB</arg>
<arg>SC</arg>
<arg>SD</arg>
<arg>SE</arg>
<arg>SG</arg>
<arg>SH</arg>
<arg>SI</arg>
<arg>SJ</arg>
<arg>SK</arg>
<arg>SL</arg>
<arg>SM</arg>
<arg>SN</arg>
<arg>SO</arg>
<arg>SR</arg>
<arg>SS</arg>
<arg>ST</arg>
<arg>SV</arg>
<arg>SX</arg>
<arg>SY</arg>
<arg>SZ</arg>
<arg>TC</arg>
<arg>TD</arg>
<arg>TF</arg>
<arg>TG</arg>
<arg>TH</arg>
<arg>TJ</arg>
<arg>TK</arg>
<arg>TL</arg>
<arg>TM</arg>
<arg>TN</arg>
<arg>TO</arg>
<arg>TR</arg>
<arg>TT</arg>
<arg>TV</arg>
<arg>TW</arg>
<arg>TZ</arg>
<arg>UA</arg>
<arg>UG</arg>
<arg>UM</arg>
<arg>US</arg>
<arg>UY</arg>
<arg>UZ</arg>
<arg>VA</arg>
<arg>VC</arg>
<arg>VE</arg>
<arg>VG</arg>
<arg>VI</arg>
<arg>VN</arg>
<arg>VU</arg>
<arg>WF</arg>
<arg>WS</arg>
<arg>XK</arg>
<arg>YE</arg>
<arg>YT</arg>
<arg>ZA</arg>
<arg>ZM</arg>
<arg>ZW</arg>
<doc>Returns a list containing given items.</doc>
<status status="PASS" start="2024-08-01T17:15:29.553075" elapsed="0.000619"/>
</kw>
<kw name="List Should Contain Value" owner="Collections">
<arg>${list_country}</arg>
<arg>${name_country}</arg>
<doc>Fails if the ``value`` is not found from ``list``.</doc>
<status status="PASS" start="2024-08-01T17:15:29.554676" elapsed="0.000211"/>
</kw>
<kw name="Run Keyword If" owner="BuiltIn">
<kw name="Should Be True" owner="BuiltIn">
<arg>${True}</arg>
<doc>Fails if the given condition is not true.</doc>
<status status="PASS" start="2024-08-01T17:15:29.555840" elapsed="0.000141"/>
</kw>
<arg>${json_data["results"][0]["location"]["coordinates"]["latitude"]} &gt;= -90 and ${json_data["results"][0]["location"]["coordinates"]["latitude"]} &lt;= 90</arg>
<arg>Should Be True</arg>
<arg>${True}</arg>
<doc>Runs the given keyword with the given arguments, if ``condition`` is true.</doc>
<status status="PASS" start="2024-08-01T17:15:29.555093" elapsed="0.001012"/>
</kw>
<kw name="Run Keyword If" owner="BuiltIn">
<kw name="Should Be True" owner="BuiltIn">
<arg>${True}</arg>
<doc>Fails if the given condition is not true.</doc>
<status status="PASS" start="2024-08-01T17:15:29.556996" elapsed="0.000137"/>
</kw>
<arg>${json_data["results"][0]["location"]["coordinates"]["longitude"]} &gt;= -180 and ${json_data["results"][0]["location"]["coordinates"]["longitude"]} &lt;= 180</arg>
<arg>Should Be True</arg>
<arg>${True}</arg>
<doc>Runs the given keyword with the given arguments, if ``condition`` is true.</doc>
<status status="PASS" start="2024-08-01T17:15:29.556285" elapsed="0.000971"/>
</kw>
<status status="PASS" start="2024-08-01T17:15:29.466121" elapsed="0.091267"/>
</kw>
<doc>Testa o conteúdo específico dos campos retornados pela API.</doc>
<tag>testeConteudo</tag>
<status status="PASS" start="2024-08-01T17:15:29.465578" elapsed="0.091962"/>
</test>
<status status="PASS" start="2024-08-01T17:15:28.553419" elapsed="1.006083"/>
</suite>
<status status="PASS" start="2024-08-01T17:15:28.538352" elapsed="1.026244"/>
</suite>
<statistics>
<total>
<stat pass="5" fail="0" skip="0">All Tests</stat>
</total>
<tag>
<stat pass="1" fail="0" skip="0">testeConteudo</stat>
<stat pass="1" fail="0" skip="0">testeEstruturaResposta</stat>
<stat pass="1" fail="0" skip="0">testeRequisicaoBasica</stat>
<stat pass="1" fail="0" skip="0">testeTiposDados</stat>
</tag>
<suite>
<stat pass="5" fail="0" skip="0" id="s1" name="Tests">Tests</stat>
<stat pass="5" fail="0" skip="0" id="s1-s1" name="Random-User-Test">Tests.Random-User-Test</stat>
</suite>
</statistics>
<errors>
</errors>
</robot>
