<?xml version="1.0" encoding="UTF-8"?>
<robot generator="Robot 7.0 (Python 3.12.3 on linux)" generated="2024-05-30T06:19:55.474090" rpa="false" schemaversion="5">
<suite id="s1" name="Tests" source="/home/runner/work/ApiRandomUser/ApiRandomUser/RamdonUser/tests">
<suite id="s1-s1" name="Random-User-Test" source="/home/runner/work/ApiRandomUser/ApiRandomUser/RamdonUser/tests/random-user-test.robot">
<test id="s1-s1-t1" name="Conectar" line="13">
<kw name="Conectar API" owner="random-user-service">
<kw name="Create Session" owner="RequestsLibrary">
<msg time="2024-05-30T06:19:55.863670" level="INFO">Creating Session using : alias=consultarAPI, url=https://randomuser.me/, headers={},                     cookies={}, auth=None, timeout=None, proxies=None, verify=False,                     debug=0 </msg>
<arg>consultarAPI</arg>
<arg>${URL}</arg>
<doc>Create Session: create a HTTP session to a server</doc>
<status status="PASS" start="2024-05-30T06:19:55.863457" elapsed="0.000406"/>
</kw>
<status status="PASS" start="2024-05-30T06:19:55.862338" elapsed="0.001902"/>
</kw>
<status status="PASS" start="2024-05-30T06:19:55.861694" elapsed="0.002743"/>
</test>
<test id="s1-s1-t2" name="Validar retorno 200 e JSON Válido" line="16">
<kw name="Teste de Requisicao Basica" owner="random-user-service">
<kw name="GET On Session" owner="RequestsLibrary">
<msg time="2024-05-30T06:19:55.950905" level="INFO">GET Request : url=https://randomuser.me/api 
 path_url=/api 
 headers={'User-Agent': 'python-requests/2.32.3', 'Accept-Encoding': 'gzip, deflate', 'Accept': '*/*', 'Connection': 'keep-alive'} 
 body=None 
 </msg>
<msg time="2024-05-30T06:19:55.951068" level="INFO">GET Response : url=https://randomuser.me/api 
 status=200, reason=OK 
 headers={'Date': 'Thu, 30 May 2024 06:19:55 GMT', 'Content-Type': 'application/json; charset=utf-8', 'Transfer-Encoding': 'chunked', 'Connection': 'keep-alive', 'X-Powered-By': 'Express', 'Access-Control-Allow-Origin': '*', 'Cache-Control': 'no-cache', 'ETag': 'W/"497-0Go0u6C16LeqHzSeRF/8K14vnKs"', 'Vary': 'Accept-Encoding', 'Content-Encoding': 'gzip', 'CF-Cache-Status': 'DYNAMIC', 'Report-To': '{"endpoints":[{"url":"https:\\/\\/a.nel.cloudflare.com\\/report\\/v4?s=hjieeO1vpaxsil60JbrgNmPuho48Qnk%2Fns5RE5h%2F%2F00LXXHMFYVWfTCEyExmzyz%2FluDloHQ%2Bgz8pMdXrIoJUe2IiUpAJPBZD8yTXe5VRK1On8pTcX89%2B76y%2BZK%2BFLT%2Bq"}],"group":"cf-nel","max_age":604800}', 'NEL': '{"success_fraction":0,"report_to":"cf-nel","max_age":604800}', 'Server': 'cloudflare', 'CF-RAY': '88bc9d8a7a048290-IAD', 'alt-svc': 'h3=":443"; ma=86400'} 
 body={"results":[{"gender":"male","name":{"title":"Mr","first":"Marshall","last":"Fowler"},"location":{"street":{"number":2654,"name":"Fairview St"},"city":"Port St. Lucie","state":"Massachusetts","country":"United States","postcode":48058,"coordinates":{"latitude":"87.6483","longitude":"-115.9990"},"timezone":{"offset":"+9:30","description":"Adelaide, Darwin"}},"email":"marshall.fowler@example.com","login":{"uuid":"a4e44b66-18e8-4bdb-8bdc-7142d7720d23","username":"ticklishrabbit520","password":"redheads","salt":"hH5FS1Sq","md5":"20b24fc10499367194c1877e05f5f963","sha1":"3c53da56dd37fa1c29dda39dbc0676da7200192e","sha256":"b48524dd33937ba029cc4a6da35fcfcdafd4cb481a79631d408f508a762720e1"},"dob":{"date":"1951-04-09T14:02:43.321Z","age":73},"registered":{"date":"2008-03-12T07:45:00.550Z","age":16},"phone":"(844) 308-1283","cell":"(462) 419-8296","id":{"name":"SSN","value":"126-68-1528"},"picture":{"large":"https://randomuser.me/api/portraits/men/16.jpg","medium":"https://randomuser.me/api/portraits/med/men/16.jpg","thumbnail":"https://randomuser.me/api/portraits/thumb/men/16.jpg"},"nat":"US"}],"info":{"seed":"2bbe61d8d2468a32","results":1,"page":1,"version":"1.4"}} 
 </msg>
<msg time="2024-05-30T06:19:55.951150" level="INFO">/opt/hostedtoolcache/Python/3.12.3/x64/lib/python3.12/site-packages/urllib3/connectionpool.py:1103: InsecureRequestWarning: Unverified HTTPS request is being made to host 'randomuser.me'. Adding certificate verification is strongly advised. See: https://urllib3.readthedocs.io/en/latest/advanced-usage.html#tls-warnings
  warnings.warn(</msg>
<msg time="2024-05-30T06:19:55.951311" level="INFO">${response} = &lt;Response [200]&gt;</msg>
<var>${response}</var>
<arg>consultarAPI</arg>
<arg>/api</arg>
<doc>Sends a GET request on a previously created HTTP Session.</doc>
<status status="PASS" start="2024-05-30T06:19:55.867182" elapsed="0.084176"/>
</kw>
<kw name="Should Be Equal As Numbers" owner="BuiltIn">
<msg time="2024-05-30T06:19:55.952387" level="INFO">Argument types are:
&lt;class 'int'&gt;
&lt;class 'str'&gt;</msg>
<arg>${response.status_code}</arg>
<arg>200</arg>
<doc>Fails if objects are unequal after converting them to real numbers.</doc>
<status status="PASS" start="2024-05-30T06:19:55.951916" elapsed="0.000538"/>
</kw>
<kw name="Log" owner="BuiltIn">
<msg time="2024-05-30T06:19:55.953165" level="INFO">200</msg>
<arg>${response.status_code}</arg>
<doc>Logs the given message with the given level.</doc>
<status status="PASS" start="2024-05-30T06:19:55.952807" elapsed="0.000407"/>
</kw>
<kw name="Set Variable" owner="BuiltIn">
<msg time="2024-05-30T06:19:55.953963" level="INFO">${json_data} = {'results': [{'gender': 'male', 'name': {'title': 'Mr', 'first': 'Marshall', 'last': 'Fowler'}, 'location': {'street': {'number': 2654, 'name': 'Fairview St'}, 'city': 'Port St. Lucie', 'state': 'Mass...</msg>
<var>${json_data}</var>
<arg>${response.json()}</arg>
<doc>Returns the given values which can then be assigned to a variables.</doc>
<status status="PASS" start="2024-05-30T06:19:55.953530" elapsed="0.000462"/>
</kw>
<kw name="Dictionary Should Contain Key" owner="Collections">
<msg time="2024-05-30T06:19:55.954473" level="INFO">False</msg>
<arg>${json_data}</arg>
<arg>results</arg>
<doc>Fails if ``key`` is not found from ``dictionary``.</doc>
<status status="PASS" start="2024-05-30T06:19:55.954303" elapsed="0.000396"/>
</kw>
<status status="PASS" start="2024-05-30T06:19:55.866928" elapsed="0.088044"/>
</kw>
<doc>Testa se a API responde corretamente e retorna um objeto JSON válido.</doc>
<tag>testeRequisicaoBasica</tag>
<status status="PASS" start="2024-05-30T06:19:55.866330" elapsed="0.088832"/>
</test>
<test id="s1-s1-t3" name="Validar estrutura de resposta" line="22">
<kw name="Teste de Estrutura de Resposta" owner="random-user-service">
<kw name="GET On Session" owner="RequestsLibrary">
<msg time="2024-05-30T06:19:56.042944" level="INFO">GET Request : url=https://randomuser.me/api 
 path_url=/api 
 headers={'User-Agent': 'python-requests/2.32.3', 'Accept-Encoding': 'gzip, deflate', 'Accept': '*/*', 'Connection': 'keep-alive'} 
 body=None 
 </msg>
<msg time="2024-05-30T06:19:56.043063" level="INFO">GET Response : url=https://randomuser.me/api 
 status=200, reason=OK 
 headers={'Date': 'Thu, 30 May 2024 06:19:56 GMT', 'Content-Type': 'application/json; charset=utf-8', 'Transfer-Encoding': 'chunked', 'Connection': 'keep-alive', 'X-Powered-By': 'Express', 'Access-Control-Allow-Origin': '*', 'Cache-Control': 'no-cache', 'ETag': 'W/"480-+okBOfRZa9QY9kJ2zqJCYE2Pmeo"', 'Vary': 'Accept-Encoding', 'Content-Encoding': 'gzip', 'CF-Cache-Status': 'DYNAMIC', 'Report-To': '{"endpoints":[{"url":"https:\\/\\/a.nel.cloudflare.com\\/report\\/v4?s=Cn9uin3Qp5hOhXrIuJhyfRN6ha%2Fpgj087zAetK5lOtNtoKNac4f5BDjWvkSCURIezp5nauyuvFtX3YMG7e8CBx8p4kPRn5RJl%2BwJ1j%2FLEYG4V3I7eeW50s6EWR0U8PSU"}],"group":"cf-nel","max_age":604800}', 'NEL': '{"success_fraction":0,"report_to":"cf-nel","max_age":604800}', 'Server': 'cloudflare', 'CF-RAY': '88bc9d8aba488290-IAD', 'alt-svc': 'h3=":443"; ma=86400'} 
 body={"results":[{"gender":"female","name":{"title":"Ms","first":"Rosa","last":"Obrien"},"location":{"street":{"number":8060,"name":"Spring St"},"city":"Toowoomba","state":"Australian Capital Territory","country":"Australia","postcode":6046,"coordinates":{"latitude":"-82.3125","longitude":"9.2553"},"timezone":{"offset":"-3:30","description":"Newfoundland"}},"email":"rosa.obrien@example.com","login":{"uuid":"cae5ccd1-7069-4e17-820b-46c405330492","username":"sadfish438","password":"3030","salt":"bAK4fEHi","md5":"0debf996162dace766e08d847b550e59","sha1":"da806ba8a7f020df1bdb2b95926addfd2dac4d01","sha256":"76296c3eaea471a7c2f0da35159bbd7e42bd68858faacda5625e19ad7be3ba28"},"dob":{"date":"1988-06-24T11:09:23.536Z","age":35},"registered":{"date":"2007-09-26T23:31:28.144Z","age":16},"phone":"03-2202-5129","cell":"0409-381-589","id":{"name":"TFN","value":"321205898"},"picture":{"large":"https://randomuser.me/api/portraits/women/2.jpg","medium":"https://randomuser.me/api/portraits/med/women/2.jpg","thumbnail":"https://randomuser.me/api/portraits/thumb/women/2.jpg"},"nat":"AU"}],"info":{"seed":"20867eacfd8b2585","results":1,"page":1,"version":"1.4"}} 
 </msg>
<msg time="2024-05-30T06:19:56.043203" level="INFO">/opt/hostedtoolcache/Python/3.12.3/x64/lib/python3.12/site-packages/urllib3/connectionpool.py:1103: InsecureRequestWarning: Unverified HTTPS request is being made to host 'randomuser.me'. Adding certificate verification is strongly advised. See: https://urllib3.readthedocs.io/en/latest/advanced-usage.html#tls-warnings
  warnings.warn(</msg>
<msg time="2024-05-30T06:19:56.043354" level="INFO">${response} = &lt;Response [200]&gt;</msg>
<var>${response}</var>
<arg>consultarAPI</arg>
<arg>/api</arg>
<doc>Sends a GET request on a previously created HTTP Session.</doc>
<status status="PASS" start="2024-05-30T06:19:55.957881" elapsed="0.085518"/>
</kw>
<kw name="Set Variable" owner="BuiltIn">
<msg time="2024-05-30T06:19:56.044458" level="INFO">${json_data} = {'results': [{'gender': 'female', 'name': {'title': 'Ms', 'first': 'Rosa', 'last': 'Obrien'}, 'location': {'street': {'number': 8060, 'name': 'Spring St'}, 'city': 'Toowoomba', 'state': 'Australian Ca...</msg>
<var>${json_data}</var>
<arg>${response.json()}</arg>
<doc>Returns the given values which can then be assigned to a variables.</doc>
<status status="PASS" start="2024-05-30T06:19:56.043921" elapsed="0.000569"/>
</kw>
<kw name="Log" owner="BuiltIn">
<msg time="2024-05-30T06:19:56.044968" level="INFO">{'results': [{'gender': 'female', 'name': {'title': 'Ms', 'first': 'Rosa', 'last': 'Obrien'}, 'location': {'street': {'number': 8060, 'name': 'Spring St'}, 'city': 'Toowoomba', 'state': 'Australian Capital Territory', 'country': 'Australia', 'postcode': 6046, 'coordinates': {'latitude': '-82.3125', 'longitude': '9.2553'}, 'timezone': {'offset': '-3:30', 'description': 'Newfoundland'}}, 'email': 'rosa.obrien@example.com', 'login': {'uuid': 'cae5ccd1-7069-4e17-820b-46c405330492', 'username': 'sadfish438', 'password': '3030', 'salt': 'bAK4fEHi', 'md5': '0debf996162dace766e08d847b550e59', 'sha1': 'da806ba8a7f020df1bdb2b95926addfd2dac4d01', 'sha256': '76296c3eaea471a7c2f0da35159bbd7e42bd68858faacda5625e19ad7be3ba28'}, 'dob': {'date': '1988-06-24T11:09:23.536Z', 'age': 35}, 'registered': {'date': '2007-09-26T23:31:28.144Z', 'age': 16}, 'phone': '03-2202-5129', 'cell': '0409-381-589', 'id': {'name': 'TFN', 'value': '321205898'}, 'picture': {'large': 'https://randomuser.me/api/portraits/women/2.jpg', 'medium': 'https://randomuser.me/api/portraits/med/women/2.jpg', 'thumbnail': 'https://randomuser.me/api/portraits/thumb/women/2.jpg'}, 'nat': 'AU'}], 'info': {'seed': '20867eacfd8b2585', 'results': 1, 'page': 1, 'version': '1.4'}}</msg>
<arg>${json_data}</arg>
<doc>Logs the given message with the given level.</doc>
<status status="PASS" start="2024-05-30T06:19:56.044809" elapsed="0.000206"/>
</kw>
<kw name="Dictionary Should Contain Key" owner="Collections">
<msg time="2024-05-30T06:19:56.045481" level="INFO">False</msg>
<arg>${json_data}</arg>
<arg>results</arg>
<doc>Fails if ``key`` is not found from ``dictionary``.</doc>
<status status="PASS" start="2024-05-30T06:19:56.045319" elapsed="0.000200"/>
</kw>
<kw name="Should Not Be Empty" owner="BuiltIn">
<msg time="2024-05-30T06:19:56.045948" level="INFO">Length is 2.</msg>
<arg>${json_data}</arg>
<doc>Verifies that the given item is not empty.</doc>
<status status="PASS" start="2024-05-30T06:19:56.045814" elapsed="0.000172"/>
</kw>
<kw name="Create List" owner="BuiltIn">
<msg time="2024-05-30T06:19:56.046427" level="INFO">${expected_keys} = ['gender', 'name', 'location', 'email', 'login']</msg>
<var>${expected_keys}</var>
<arg>gender</arg>
<arg>name</arg>
<arg>location</arg>
<arg>email</arg>
<arg>login</arg>
<doc>Returns a list containing given items.</doc>
<status status="PASS" start="2024-05-30T06:19:56.046279" elapsed="0.000171"/>
</kw>
<for flavor="IN">
<iter>
<kw name="Dictionary Should Contain Key" owner="Collections">
<msg time="2024-05-30T06:19:56.047501" level="INFO">False</msg>
<arg>${json_data['results'][0]}</arg>
<arg>${key}</arg>
<doc>Fails if ``key`` is not found from ``dictionary``.</doc>
<status status="PASS" start="2024-05-30T06:19:56.047084" elapsed="0.000461"/>
</kw>
<kw name="Log" owner="BuiltIn">
<msg time="2024-05-30T06:19:56.048214" level="INFO">{'gender': 'female', 'name': {'title': 'Ms', 'first': 'Rosa', 'last': 'Obrien'}, 'location': {'street': {'number': 8060, 'name': 'Spring St'}, 'city': 'Toowoomba', 'state': 'Australian Capital Territory', 'country': 'Australia', 'postcode': 6046, 'coordinates': {'latitude': '-82.3125', 'longitude': '9.2553'}, 'timezone': {'offset': '-3:30', 'description': 'Newfoundland'}}, 'email': 'rosa.obrien@example.com', 'login': {'uuid': 'cae5ccd1-7069-4e17-820b-46c405330492', 'username': 'sadfish438', 'password': '3030', 'salt': 'bAK4fEHi', 'md5': '0debf996162dace766e08d847b550e59', 'sha1': 'da806ba8a7f020df1bdb2b95926addfd2dac4d01', 'sha256': '76296c3eaea471a7c2f0da35159bbd7e42bd68858faacda5625e19ad7be3ba28'}, 'dob': {'date': '1988-06-24T11:09:23.536Z', 'age': 35}, 'registered': {'date': '2007-09-26T23:31:28.144Z', 'age': 16}, 'phone': '03-2202-5129', 'cell': '0409-381-589', 'id': {'name': 'TFN', 'value': '321205898'}, 'picture': {'large': 'https://randomuser.me/api/portraits/women/2.jpg', 'medium': 'https://randomuser.me/api/portraits/med/women/2.jpg', 'thumbnail': 'https://randomuser.me/api/portraits/thumb/women/2.jpg'}, 'nat': 'AU'}</msg>
<arg>${json_data['results'][0]}</arg>
<doc>Logs the given message with the given level.</doc>
<status status="PASS" start="2024-05-30T06:19:56.047850" elapsed="0.000413"/>
</kw>
<kw name="Log" owner="BuiltIn">
<msg time="2024-05-30T06:19:56.048696" level="INFO">gender</msg>
<arg>${key}</arg>
<doc>Logs the given message with the given level.</doc>
<status status="PASS" start="2024-05-30T06:19:56.048566" elapsed="0.000168"/>
</kw>
<var name="${key}">gender</var>
<status status="PASS" start="2024-05-30T06:19:56.046957" elapsed="0.001995"/>
</iter>
<iter>
<kw name="Dictionary Should Contain Key" owner="Collections">
<msg time="2024-05-30T06:19:56.049658" level="INFO">False</msg>
<arg>${json_data['results'][0]}</arg>
<arg>${key}</arg>
<doc>Fails if ``key`` is not found from ``dictionary``.</doc>
<status status="PASS" start="2024-05-30T06:19:56.049256" elapsed="0.000439"/>
</kw>
<kw name="Log" owner="BuiltIn">
<msg time="2024-05-30T06:19:56.050386" level="INFO">{'gender': 'female', 'name': {'title': 'Ms', 'first': 'Rosa', 'last': 'Obrien'}, 'location': {'street': {'number': 8060, 'name': 'Spring St'}, 'city': 'Toowoomba', 'state': 'Australian Capital Territory', 'country': 'Australia', 'postcode': 6046, 'coordinates': {'latitude': '-82.3125', 'longitude': '9.2553'}, 'timezone': {'offset': '-3:30', 'description': 'Newfoundland'}}, 'email': 'rosa.obrien@example.com', 'login': {'uuid': 'cae5ccd1-7069-4e17-820b-46c405330492', 'username': 'sadfish438', 'password': '3030', 'salt': 'bAK4fEHi', 'md5': '0debf996162dace766e08d847b550e59', 'sha1': 'da806ba8a7f020df1bdb2b95926addfd2dac4d01', 'sha256': '76296c3eaea471a7c2f0da35159bbd7e42bd68858faacda5625e19ad7be3ba28'}, 'dob': {'date': '1988-06-24T11:09:23.536Z', 'age': 35}, 'registered': {'date': '2007-09-26T23:31:28.144Z', 'age': 16}, 'phone': '03-2202-5129', 'cell': '0409-381-589', 'id': {'name': 'TFN', 'value': '321205898'}, 'picture': {'large': 'https://randomuser.me/api/portraits/women/2.jpg', 'medium': 'https://randomuser.me/api/portraits/med/women/2.jpg', 'thumbnail': 'https://randomuser.me/api/portraits/thumb/women/2.jpg'}, 'nat': 'AU'}</msg>
<arg>${json_data['results'][0]}</arg>
<doc>Logs the given message with the given level.</doc>
<status status="PASS" start="2024-05-30T06:19:56.050026" elapsed="0.000409"/>
</kw>
<kw name="Log" owner="BuiltIn">
<msg time="2024-05-30T06:19:56.050900" level="INFO">name</msg>
<arg>${key}</arg>
<doc>Logs the given message with the given level.</doc>
<status status="PASS" start="2024-05-30T06:19:56.050763" elapsed="0.000175"/>
</kw>
<var name="${key}">name</var>
<status status="PASS" start="2024-05-30T06:19:56.049140" elapsed="0.002015"/>
</iter>
<iter>
<kw name="Dictionary Should Contain Key" owner="Collections">
<msg time="2024-05-30T06:19:56.051821" level="INFO">False</msg>
<arg>${json_data['results'][0]}</arg>
<arg>${key}</arg>
<doc>Fails if ``key`` is not found from ``dictionary``.</doc>
<status status="PASS" start="2024-05-30T06:19:56.051446" elapsed="0.000413"/>
</kw>
<kw name="Log" owner="BuiltIn">
<msg time="2024-05-30T06:19:56.052530" level="INFO">{'gender': 'female', 'name': {'title': 'Ms', 'first': 'Rosa', 'last': 'Obrien'}, 'location': {'street': {'number': 8060, 'name': 'Spring St'}, 'city': 'Toowoomba', 'state': 'Australian Capital Territory', 'country': 'Australia', 'postcode': 6046, 'coordinates': {'latitude': '-82.3125', 'longitude': '9.2553'}, 'timezone': {'offset': '-3:30', 'description': 'Newfoundland'}}, 'email': 'rosa.obrien@example.com', 'login': {'uuid': 'cae5ccd1-7069-4e17-820b-46c405330492', 'username': 'sadfish438', 'password': '3030', 'salt': 'bAK4fEHi', 'md5': '0debf996162dace766e08d847b550e59', 'sha1': 'da806ba8a7f020df1bdb2b95926addfd2dac4d01', 'sha256': '76296c3eaea471a7c2f0da35159bbd7e42bd68858faacda5625e19ad7be3ba28'}, 'dob': {'date': '1988-06-24T11:09:23.536Z', 'age': 35}, 'registered': {'date': '2007-09-26T23:31:28.144Z', 'age': 16}, 'phone': '03-2202-5129', 'cell': '0409-381-589', 'id': {'name': 'TFN', 'value': '321205898'}, 'picture': {'large': 'https://randomuser.me/api/portraits/women/2.jpg', 'medium': 'https://randomuser.me/api/portraits/med/women/2.jpg', 'thumbnail': 'https://randomuser.me/api/portraits/thumb/women/2.jpg'}, 'nat': 'AU'}</msg>
<arg>${json_data['results'][0]}</arg>
<doc>Logs the given message with the given level.</doc>
<status status="PASS" start="2024-05-30T06:19:56.052162" elapsed="0.000417"/>
</kw>
<kw name="Log" owner="BuiltIn">
<msg time="2024-05-30T06:19:56.053018" level="INFO">location</msg>
<arg>${key}</arg>
<doc>Logs the given message with the given level.</doc>
<status status="PASS" start="2024-05-30T06:19:56.052889" elapsed="0.000168"/>
</kw>
<var name="${key}">location</var>
<status status="PASS" start="2024-05-30T06:19:56.051332" elapsed="0.001949"/>
</iter>
<iter>
<kw name="Dictionary Should Contain Key" owner="Collections">
<msg time="2024-05-30T06:19:56.054060" level="INFO">False</msg>
<arg>${json_data['results'][0]}</arg>
<arg>${key}</arg>
<doc>Fails if ``key`` is not found from ``dictionary``.</doc>
<status status="PASS" start="2024-05-30T06:19:56.053565" elapsed="0.000534"/>
</kw>
<kw name="Log" owner="BuiltIn">
<msg time="2024-05-30T06:19:56.054792" level="INFO">{'gender': 'female', 'name': {'title': 'Ms', 'first': 'Rosa', 'last': 'Obrien'}, 'location': {'street': {'number': 8060, 'name': 'Spring St'}, 'city': 'Toowoomba', 'state': 'Australian Capital Territory', 'country': 'Australia', 'postcode': 6046, 'coordinates': {'latitude': '-82.3125', 'longitude': '9.2553'}, 'timezone': {'offset': '-3:30', 'description': 'Newfoundland'}}, 'email': 'rosa.obrien@example.com', 'login': {'uuid': 'cae5ccd1-7069-4e17-820b-46c405330492', 'username': 'sadfish438', 'password': '3030', 'salt': 'bAK4fEHi', 'md5': '0debf996162dace766e08d847b550e59', 'sha1': 'da806ba8a7f020df1bdb2b95926addfd2dac4d01', 'sha256': '76296c3eaea471a7c2f0da35159bbd7e42bd68858faacda5625e19ad7be3ba28'}, 'dob': {'date': '1988-06-24T11:09:23.536Z', 'age': 35}, 'registered': {'date': '2007-09-26T23:31:28.144Z', 'age': 16}, 'phone': '03-2202-5129', 'cell': '0409-381-589', 'id': {'name': 'TFN', 'value': '321205898'}, 'picture': {'large': 'https://randomuser.me/api/portraits/women/2.jpg', 'medium': 'https://randomuser.me/api/portraits/med/women/2.jpg', 'thumbnail': 'https://randomuser.me/api/portraits/thumb/women/2.jpg'}, 'nat': 'AU'}</msg>
<arg>${json_data['results'][0]}</arg>
<doc>Logs the given message with the given level.</doc>
<status status="PASS" start="2024-05-30T06:19:56.054404" elapsed="0.000439"/>
</kw>
<kw name="Log" owner="BuiltIn">
<msg time="2024-05-30T06:19:56.055268" level="INFO">email</msg>
<arg>${key}</arg>
<doc>Logs the given message with the given level.</doc>
<status status="PASS" start="2024-05-30T06:19:56.055141" elapsed="0.000164"/>
</kw>
<var name="${key}">email</var>
<status status="PASS" start="2024-05-30T06:19:56.053454" elapsed="0.002064"/>
</iter>
<iter>
<kw name="Dictionary Should Contain Key" owner="Collections">
<msg time="2024-05-30T06:19:56.056196" level="INFO">False</msg>
<arg>${json_data['results'][0]}</arg>
<arg>${key}</arg>
<doc>Fails if ``key`` is not found from ``dictionary``.</doc>
<status status="PASS" start="2024-05-30T06:19:56.055811" elapsed="0.000421"/>
</kw>
<kw name="Log" owner="BuiltIn">
<msg time="2024-05-30T06:19:56.056882" level="INFO">{'gender': 'female', 'name': {'title': 'Ms', 'first': 'Rosa', 'last': 'Obrien'}, 'location': {'street': {'number': 8060, 'name': 'Spring St'}, 'city': 'Toowoomba', 'state': 'Australian Capital Territory', 'country': 'Australia', 'postcode': 6046, 'coordinates': {'latitude': '-82.3125', 'longitude': '9.2553'}, 'timezone': {'offset': '-3:30', 'description': 'Newfoundland'}}, 'email': 'rosa.obrien@example.com', 'login': {'uuid': 'cae5ccd1-7069-4e17-820b-46c405330492', 'username': 'sadfish438', 'password': '3030', 'salt': 'bAK4fEHi', 'md5': '0debf996162dace766e08d847b550e59', 'sha1': 'da806ba8a7f020df1bdb2b95926addfd2dac4d01', 'sha256': '76296c3eaea471a7c2f0da35159bbd7e42bd68858faacda5625e19ad7be3ba28'}, 'dob': {'date': '1988-06-24T11:09:23.536Z', 'age': 35}, 'registered': {'date': '2007-09-26T23:31:28.144Z', 'age': 16}, 'phone': '03-2202-5129', 'cell': '0409-381-589', 'id': {'name': 'TFN', 'value': '321205898'}, 'picture': {'large': 'https://randomuser.me/api/portraits/women/2.jpg', 'medium': 'https://randomuser.me/api/portraits/med/women/2.jpg', 'thumbnail': 'https://randomuser.me/api/portraits/thumb/women/2.jpg'}, 'nat': 'AU'}</msg>
<arg>${json_data['results'][0]}</arg>
<doc>Logs the given message with the given level.</doc>
<status status="PASS" start="2024-05-30T06:19:56.056525" elapsed="0.000405"/>
</kw>
<kw name="Log" owner="BuiltIn">
<msg time="2024-05-30T06:19:56.057346" level="INFO">login</msg>
<arg>${key}</arg>
<doc>Logs the given message with the given level.</doc>
<status status="PASS" start="2024-05-30T06:19:56.057220" elapsed="0.000163"/>
</kw>
<var name="${key}">login</var>
<status status="PASS" start="2024-05-30T06:19:56.055690" elapsed="0.001909"/>
</iter>
<var>${key}</var>
<value>@{expected_keys}</value>
<status status="PASS" start="2024-05-30T06:19:56.046758" elapsed="0.010988"/>
</for>
<kw name="Create List" owner="BuiltIn">
<msg time="2024-05-30T06:19:56.058092" level="INFO">${expected_keysTwo} = ['username', 'password']</msg>
<var>${expected_keysTwo}</var>
<arg>username</arg>
<arg>password</arg>
<doc>Returns a list containing given items.</doc>
<status status="PASS" start="2024-05-30T06:19:56.057951" elapsed="0.000165"/>
</kw>
<for flavor="IN">
<iter>
<kw name="Dictionary Should Contain Key" owner="Collections">
<msg time="2024-05-30T06:19:56.059043" level="INFO">False</msg>
<arg>${json_data['results'][0]['login']}</arg>
<arg>${keyTwo}</arg>
<doc>Fails if ``key`` is not found from ``dictionary``.</doc>
<status status="PASS" start="2024-05-30T06:19:56.058657" elapsed="0.000422"/>
</kw>
<kw name="Dictionary Should Contain Key" owner="Collections">
<msg time="2024-05-30T06:19:56.059759" level="INFO">False</msg>
<arg>${json_data['results'][0]['login']}</arg>
<arg>${keyTwo}</arg>
<doc>Fails if ``key`` is not found from ``dictionary``.</doc>
<status status="PASS" start="2024-05-30T06:19:56.059373" elapsed="0.000421"/>
</kw>
<kw name="Log" owner="BuiltIn">
<msg time="2024-05-30T06:19:56.060229" level="INFO">username</msg>
<arg>${keyTwo}</arg>
<doc>Logs the given message with the given level.</doc>
<status status="PASS" start="2024-05-30T06:19:56.060101" elapsed="0.000165"/>
</kw>
<var name="${keyTwo}">username</var>
<status status="PASS" start="2024-05-30T06:19:56.058536" elapsed="0.001945"/>
</iter>
<iter>
<kw name="Dictionary Should Contain Key" owner="Collections">
<msg time="2024-05-30T06:19:56.061150" level="INFO">False</msg>
<arg>${json_data['results'][0]['login']}</arg>
<arg>${keyTwo}</arg>
<doc>Fails if ``key`` is not found from ``dictionary``.</doc>
<status status="PASS" start="2024-05-30T06:19:56.060764" elapsed="0.000422"/>
</kw>
<kw name="Dictionary Should Contain Key" owner="Collections">
<msg time="2024-05-30T06:19:56.061858" level="INFO">False</msg>
<arg>${json_data['results'][0]['login']}</arg>
<arg>${keyTwo}</arg>
<doc>Fails if ``key`` is not found from ``dictionary``.</doc>
<status status="PASS" start="2024-05-30T06:19:56.061478" elapsed="0.000418"/>
</kw>
<kw name="Log" owner="BuiltIn">
<msg time="2024-05-30T06:19:56.062316" level="INFO">password</msg>
<arg>${keyTwo}</arg>
<doc>Logs the given message with the given level.</doc>
<status status="PASS" start="2024-05-30T06:19:56.062188" elapsed="0.000165"/>
</kw>
<var name="${keyTwo}">password</var>
<status status="PASS" start="2024-05-30T06:19:56.060653" elapsed="0.001949"/>
</iter>
<var>${keyTwo}</var>
<value>@{expected_keysTwo}</value>
<status status="PASS" start="2024-05-30T06:19:56.058354" elapsed="0.004377"/>
</for>
<status status="PASS" start="2024-05-30T06:19:55.957636" elapsed="0.105242"/>
</kw>
<doc>Testa a estrutura da resposta da API.</doc>
<tag>testeEstruturaResposta</tag>
<status status="PASS" start="2024-05-30T06:19:55.957025" elapsed="0.106015"/>
</test>
<test id="s1-s1-t4" name="Validar tipos de dados" line="28">
<kw name="Teste de Tipos de Dados" owner="random-user-service">
<kw name="GET On Session" owner="RequestsLibrary">
<msg time="2024-05-30T06:19:56.162864" level="INFO">GET Request : url=https://randomuser.me/api 
 path_url=/api 
 headers={'User-Agent': 'python-requests/2.32.3', 'Accept-Encoding': 'gzip, deflate', 'Accept': '*/*', 'Connection': 'keep-alive'} 
 body=None 
 </msg>
<msg time="2024-05-30T06:19:56.162977" level="INFO">GET Response : url=https://randomuser.me/api 
 status=200, reason=OK 
 headers={'Date': 'Thu, 30 May 2024 06:19:56 GMT', 'Content-Type': 'application/json; charset=utf-8', 'Transfer-Encoding': 'chunked', 'Connection': 'keep-alive', 'X-Powered-By': 'Express', 'Access-Control-Allow-Origin': '*', 'Cache-Control': 'no-cache', 'ETag': 'W/"49a-cicvMjeJ46B6eq1f/VbafkbQDw0"', 'Vary': 'Accept-Encoding', 'Content-Encoding': 'gzip', 'CF-Cache-Status': 'DYNAMIC', 'Report-To': '{"endpoints":[{"url":"https:\\/\\/a.nel.cloudflare.com\\/report\\/v4?s=kcIba9ksv%2FgR08TImsiaIuxp3vmF%2BvANZKPqC1jMFyJB2bckPA9nqzOFf8o0axHN2LSEijQhxO3%2FH8tKpU%2Fp0xowFiO%2BNaCbsAfQIwd8R5y9HWmGSOvGja%2BcKtCYhlqq"}],"group":"cf-nel","max_age":604800}', 'NEL': '{"success_fraction":0,"report_to":"cf-nel","max_age":604800}', 'Server': 'cloudflare', 'CF-RAY': '88bc9d8b6ac38290-IAD', 'alt-svc': 'h3=":443"; ma=86400'} 
 body={"results":[{"gender":"female","name":{"title":"Miss","first":"Nicoline","last":"Pedersen"},"location":{"street":{"number":5583,"name":"Bjerregårdsvej"},"city":"Kvistgaard","state":"Midtjylland","country":"Denmark","postcode":43922,"coordinates":{"latitude":"-42.6949","longitude":"17.8665"},"timezone":{"offset":"+4:00","description":"Abu Dhabi, Muscat, Baku, Tbilisi"}},"email":"nicoline.pedersen@example.com","login":{"uuid":"bb398067-64e0-420a-895e-07a0a24dc91d","username":"whitebird523","password":"fettish","salt":"q6bidNFM","md5":"5bbf4b238999aa03007d2ece6267ead7","sha1":"bb301d158340c240e34b561f3c69db29b97295c1","sha256":"15c85bd1650e635e39290fe13ed890c1324c0064bd0ae4c32a558c90eb42cf30"},"dob":{"date":"1983-03-28T22:01:10.384Z","age":41},"registered":{"date":"2002-12-05T22:39:50.053Z","age":21},"phone":"12875088","cell":"37547996","id":{"name":"CPR","value":"280383-0152"},"picture":{"large":"https://randomuser.me/api/portraits/women/66.jpg","medium":"https://randomuser.me/api/portraits/med/women/66.jpg","thumbnail":"https://randomuser.me/api/portraits/thumb/women/66.jpg"},"nat":"DK"}],"info":{"seed":"c1cdcb261b649a85","results":1,"page":1,"version":"1.4"}} 
 </msg>
<msg time="2024-05-30T06:19:56.163061" level="INFO">/opt/hostedtoolcache/Python/3.12.3/x64/lib/python3.12/site-packages/urllib3/connectionpool.py:1103: InsecureRequestWarning: Unverified HTTPS request is being made to host 'randomuser.me'. Adding certificate verification is strongly advised. See: https://urllib3.readthedocs.io/en/latest/advanced-usage.html#tls-warnings
  warnings.warn(</msg>
<msg time="2024-05-30T06:19:56.163228" level="INFO">${response} = &lt;Response [200]&gt;</msg>
<var>${response}</var>
<arg>consultarAPI</arg>
<arg>/api</arg>
<doc>Sends a GET request on a previously created HTTP Session.</doc>
<status status="PASS" start="2024-05-30T06:19:56.065657" elapsed="0.097624"/>
</kw>
<kw name="Set Variable" owner="BuiltIn">
<msg time="2024-05-30T06:19:56.164387" level="INFO">${json_data} = {'results': [{'gender': 'female', 'name': {'title': 'Miss', 'first': 'Nicoline', 'last': 'Pedersen'}, 'location': {'street': {'number': 5583, 'name': 'Bjerregårdsvej'}, 'city': 'Kvistgaard', 'state': ...</msg>
<var>${json_data}</var>
<arg>${response.json()}</arg>
<doc>Returns the given values which can then be assigned to a variables.</doc>
<status status="PASS" start="2024-05-30T06:19:56.163837" elapsed="0.000580"/>
</kw>
<kw name="Log" owner="BuiltIn">
<msg time="2024-05-30T06:19:56.164907" level="INFO">{'results': [{'gender': 'female', 'name': {'title': 'Miss', 'first': 'Nicoline', 'last': 'Pedersen'}, 'location': {'street': {'number': 5583, 'name': 'Bjerregårdsvej'}, 'city': 'Kvistgaard', 'state': 'Midtjylland', 'country': 'Denmark', 'postcode': 43922, 'coordinates': {'latitude': '-42.6949', 'longitude': '17.8665'}, 'timezone': {'offset': '+4:00', 'description': 'Abu Dhabi, Muscat, Baku, Tbilisi'}}, 'email': 'nicoline.pedersen@example.com', 'login': {'uuid': 'bb398067-64e0-420a-895e-07a0a24dc91d', 'username': 'whitebird523', 'password': 'fettish', 'salt': 'q6bidNFM', 'md5': '5bbf4b238999aa03007d2ece6267ead7', 'sha1': 'bb301d158340c240e34b561f3c69db29b97295c1', 'sha256': '15c85bd1650e635e39290fe13ed890c1324c0064bd0ae4c32a558c90eb42cf30'}, 'dob': {'date': '1983-03-28T22:01:10.384Z', 'age': 41}, 'registered': {'date': '2002-12-05T22:39:50.053Z', 'age': 21}, 'phone': '12875088', 'cell': '37547996', 'id': {'name': 'CPR', 'value': '280383-0152'}, 'picture': {'large': 'https://randomuser.me/api/portraits/women/66.jpg', 'medium': 'https://randomuser.me/api/portraits/med/women/66.jpg', 'thumbnail': 'https://randomuser.me/api/portraits/thumb/women/66.jpg'}, 'nat': 'DK'}], 'info': {'seed': 'c1cdcb261b649a85', 'results': 1, 'page': 1, 'version': '1.4'}}</msg>
<arg>${json_data}</arg>
<doc>Logs the given message with the given level.</doc>
<status status="PASS" start="2024-05-30T06:19:56.164744" elapsed="0.000252"/>
</kw>
<kw name="Should Be String" owner="String">
<arg>${json_data['results'][0]['gender']}</arg>
<doc>Fails if the given ``item`` is not a string.</doc>
<status status="PASS" start="2024-05-30T06:19:56.165299" elapsed="0.000372"/>
</kw>
<kw name="Should Match Regexp" owner="BuiltIn">
<arg>${json_data['results'][0]['email']}</arg>
<arg>^[a-zA-Z0-9._%+-]+@[a-zA-Z0-9.-]+\.[a-zA-Z]{2,}$</arg>
<doc>Fails if ``string`` does not match ``pattern`` as a regular expression.</doc>
<status status="PASS" start="2024-05-30T06:19:56.165867" elapsed="0.000707"/>
</kw>
<kw name="Should Match Regexp" owner="BuiltIn">
<arg>${json_data['results'][0]['dob']['date']}</arg>
<arg>\\d{4}-\\d{2}-\\d{2}T\\d{2}:\\d{2}:\\d{2}\\.\\d{3}Z</arg>
<doc>Fails if ``string`` does not match ``pattern`` as a regular expression.</doc>
<status status="PASS" start="2024-05-30T06:19:56.166786" elapsed="0.000489"/>
</kw>
<kw name="Should Match Regexp" owner="BuiltIn">
<arg>${json_data['results'][0]['registered']['date']}</arg>
<arg>\\d{4}-\\d{2}-\\d{2}T\\d{2}:\\d{2}:\\d{2}\\.\\d{3}Z</arg>
<doc>Fails if ``string`` does not match ``pattern`` as a regular expression.</doc>
<status status="PASS" start="2024-05-30T06:19:56.167478" elapsed="0.000367"/>
</kw>
<kw name="Should Match Regexp" owner="BuiltIn">
<arg>${json_data['results'][0]['picture']['large']}</arg>
<arg>^https?://.*\.(?:png|jpe?g|gif|bmp)$</arg>
<doc>Fails if ``string`` does not match ``pattern`` as a regular expression.</doc>
<status status="PASS" start="2024-05-30T06:19:56.168033" elapsed="0.000463"/>
</kw>
<kw name="Should Match Regexp" owner="BuiltIn">
<arg>${json_data['results'][0]['picture']['medium']}</arg>
<arg>^https?://.*\.(?:png|jpe?g|gif|bmp)$</arg>
<doc>Fails if ``string`` does not match ``pattern`` as a regular expression.</doc>
<status status="PASS" start="2024-05-30T06:19:56.168687" elapsed="0.000354"/>
</kw>
<kw name="Should Match Regexp" owner="BuiltIn">
<arg>${json_data['results'][0]['picture']['thumbnail']}</arg>
<arg>^https?://.*\.(?:png|jpe?g|gif|bmp)$</arg>
<doc>Fails if ``string`` does not match ``pattern`` as a regular expression.</doc>
<status status="PASS" start="2024-05-30T06:19:56.169227" elapsed="0.000350"/>
</kw>
<kw name="Log" owner="BuiltIn">
<msg time="2024-05-30T06:19:56.170102" level="INFO">{'large': 'https://randomuser.me/api/portraits/women/66.jpg', 'medium': 'https://randomuser.me/api/portraits/med/women/66.jpg', 'thumbnail': 'https://randomuser.me/api/portraits/thumb/women/66.jpg'}</msg>
<arg>${json_data['results'][0]['picture']}</arg>
<doc>Logs the given message with the given level.</doc>
<status status="PASS" start="2024-05-30T06:19:56.169760" elapsed="0.000383"/>
</kw>
<status status="PASS" start="2024-05-30T06:19:56.065419" elapsed="0.104981"/>
</kw>
<kw name="Teste de Tipos de Dados - Postcode" owner="random-user-service">
<kw name="GET On Session" owner="RequestsLibrary">
<msg time="2024-05-30T06:19:56.249061" level="INFO">GET Request : url=https://randomuser.me/api 
 path_url=/api 
 headers={'User-Agent': 'python-requests/2.32.3', 'Accept-Encoding': 'gzip, deflate', 'Accept': '*/*', 'Connection': 'keep-alive'} 
 body=None 
 </msg>
<msg time="2024-05-30T06:19:56.249174" level="INFO">GET Response : url=https://randomuser.me/api 
 status=200, reason=OK 
 headers={'Date': 'Thu, 30 May 2024 06:19:56 GMT', 'Content-Type': 'application/json; charset=utf-8', 'Transfer-Encoding': 'chunked', 'Connection': 'keep-alive', 'X-Powered-By': 'Express', 'Access-Control-Allow-Origin': '*', 'Cache-Control': 'no-cache', 'ETag': 'W/"490-nwGvI7rDynM+iojwAgptPv5VTwc"', 'Vary': 'Accept-Encoding', 'Content-Encoding': 'gzip', 'CF-Cache-Status': 'DYNAMIC', 'Report-To': '{"endpoints":[{"url":"https:\\/\\/a.nel.cloudflare.com\\/report\\/v4?s=uQzp8rawoEJsNfUAI2MOGgkCaxSJFZoOtlunL4pLnJ7XNESONyA8rZI12K9kf%2F6QFyCV2ku4rbff4Gckm%2BYW%2B2C5SY4Yhh%2BRU3n3VyPg55K4aiYRM%2FxShPAUWDyhOeAd"}],"group":"cf-nel","max_age":604800}', 'NEL': '{"success_fraction":0,"report_to":"cf-nel","max_age":604800}', 'Server': 'cloudflare', 'CF-RAY': '88bc9d8c1b388290-IAD', 'alt-svc': 'h3=":443"; ma=86400'} 
 body={"results":[{"gender":"male","name":{"title":"Mr","first":"Lénio","last":"Silveira"},"location":{"street":{"number":9899,"name":"Rua Duque de Caxias "},"city":"Novo Hamburgo","state":"Paraná","country":"Brazil","postcode":71725,"coordinates":{"latitude":"-79.6192","longitude":"-79.6049"},"timezone":{"offset":"-12:00","description":"Eniwetok, Kwajalein"}},"email":"lenio.silveira@example.com","login":{"uuid":"9f0f598a-8dca-4563-882b-175c26fd7a00","username":"blackpanda169","password":"loki","salt":"IZWPuznV","md5":"a4fd92d2d1ef33ba1d13699c9e6a353c","sha1":"e0087d751a219e8cbf2332dfed269fb4202d0949","sha256":"7b06ca5f837b75667bcb12f654d84e4e0121ac9deb5a34eebc88d239851a62e1"},"dob":{"date":"1971-04-21T10:34:25.352Z","age":53},"registered":{"date":"2008-09-13T20:02:13.089Z","age":15},"phone":"(14) 9846-0062","cell":"(66) 1525-7413","id":{"name":"CPF","value":"620.305.351-85"},"picture":{"large":"https://randomuser.me/api/portraits/men/75.jpg","medium":"https://randomuser.me/api/portraits/med/men/75.jpg","thumbnail":"https://randomuser.me/api/portraits/thumb/men/75.jpg"},"nat":"BR"}],"info":{"seed":"2751f5db0d147081","results":1,"page":1,"version":"1.4"}} 
 </msg>
<msg time="2024-05-30T06:19:56.249257" level="INFO">/opt/hostedtoolcache/Python/3.12.3/x64/lib/python3.12/site-packages/urllib3/connectionpool.py:1103: InsecureRequestWarning: Unverified HTTPS request is being made to host 'randomuser.me'. Adding certificate verification is strongly advised. See: https://urllib3.readthedocs.io/en/latest/advanced-usage.html#tls-warnings
  warnings.warn(</msg>
<msg time="2024-05-30T06:19:56.249418" level="INFO">${response} = &lt;Response [200]&gt;</msg>
<var>${response}</var>
<arg>consultarAPI</arg>
<arg>/api</arg>
<doc>Sends a GET request on a previously created HTTP Session.</doc>
<status status="PASS" start="2024-05-30T06:19:56.170893" elapsed="0.078579"/>
</kw>
<kw name="Set Variable" owner="BuiltIn">
<msg time="2024-05-30T06:19:56.250588" level="INFO">${json_data} = {'results': [{'gender': 'male', 'name': {'title': 'Mr', 'first': 'Lénio', 'last': 'Silveira'}, 'location': {'street': {'number': 9899, 'name': 'Rua Duque de Caxias '}, 'city': 'Novo Hamburgo', 'state'...</msg>
<var>${json_data}</var>
<arg>${response.json()}</arg>
<doc>Returns the given values which can then be assigned to a variables.</doc>
<status status="PASS" start="2024-05-30T06:19:56.250024" elapsed="0.000601"/>
</kw>
<kw name="Log" owner="BuiltIn">
<msg time="2024-05-30T06:19:56.251098" level="INFO">{'results': [{'gender': 'male', 'name': {'title': 'Mr', 'first': 'Lénio', 'last': 'Silveira'}, 'location': {'street': {'number': 9899, 'name': 'Rua Duque de Caxias '}, 'city': 'Novo Hamburgo', 'state': 'Paraná', 'country': 'Brazil', 'postcode': 71725, 'coordinates': {'latitude': '-79.6192', 'longitude': '-79.6049'}, 'timezone': {'offset': '-12:00', 'description': 'Eniwetok, Kwajalein'}}, 'email': 'lenio.silveira@example.com', 'login': {'uuid': '9f0f598a-8dca-4563-882b-175c26fd7a00', 'username': 'blackpanda169', 'password': 'loki', 'salt': 'IZWPuznV', 'md5': 'a4fd92d2d1ef33ba1d13699c9e6a353c', 'sha1': 'e0087d751a219e8cbf2332dfed269fb4202d0949', 'sha256': '7b06ca5f837b75667bcb12f654d84e4e0121ac9deb5a34eebc88d239851a62e1'}, 'dob': {'date': '1971-04-21T10:34:25.352Z', 'age': 53}, 'registered': {'date': '2008-09-13T20:02:13.089Z', 'age': 15}, 'phone': '(14) 9846-0062', 'cell': '(66) 1525-7413', 'id': {'name': 'CPF', 'value': '620.305.351-85'}, 'picture': {'large': 'https://randomuser.me/api/portraits/men/75.jpg', 'medium': 'https://randomuser.me/api/portraits/med/men/75.jpg', 'thumbnail': 'https://randomuser.me/api/portraits/thumb/men/75.jpg'}, 'nat': 'BR'}], 'info': {'seed': '2751f5db0d147081', 'results': 1, 'page': 1, 'version': '1.4'}}</msg>
<arg>${json_data}</arg>
<doc>Logs the given message with the given level.</doc>
<status status="PASS" start="2024-05-30T06:19:56.250939" elapsed="0.000254"/>
</kw>
<kw name="Should Be Equal As Numbers" owner="BuiltIn">
<arg>${json_data['results'][0]['location']['postcode']}</arg>
<arg>${json_data['results'][0]['location']['postcode']}</arg>
<doc>Fails if objects are unequal after converting them to real numbers.</doc>
<status status="PASS" start="2024-05-30T06:19:56.251504" elapsed="0.000642"/>
</kw>
<kw name="Log" owner="BuiltIn">
<msg time="2024-05-30T06:19:56.252672" level="INFO">71725</msg>
<arg>${json_data['results'][0]['location']['postcode']}</arg>
<doc>Logs the given message with the given level.</doc>
<status status="PASS" start="2024-05-30T06:19:56.252338" elapsed="0.000375"/>
</kw>
<status status="PASS" start="2024-05-30T06:19:56.170654" elapsed="0.082314"/>
</kw>
<doc>Testa se os tipos de dados na resposta da API estão corretos.</doc>
<tag>testeTiposDados</tag>
<status status="PASS" start="2024-05-30T06:19:56.064827" elapsed="0.188315"/>
</test>
<test id="s1-s1-t5" name="Validar conteudo" line="35">
<kw name="Teste de Tipos de Conteudo" owner="random-user-service">
<kw name="GET On Session" owner="RequestsLibrary">
<msg time="2024-05-30T06:19:56.347201" level="INFO">GET Request : url=https://randomuser.me/api 
 path_url=/api 
 headers={'User-Agent': 'python-requests/2.32.3', 'Accept-Encoding': 'gzip, deflate', 'Accept': '*/*', 'Connection': 'keep-alive'} 
 body=None 
 </msg>
<msg time="2024-05-30T06:19:56.347316" level="INFO">GET Response : url=https://randomuser.me/api 
 status=200, reason=OK 
 headers={'Date': 'Thu, 30 May 2024 06:19:56 GMT', 'Content-Type': 'application/json; charset=utf-8', 'Transfer-Encoding': 'chunked', 'Connection': 'keep-alive', 'X-Powered-By': 'Express', 'Access-Control-Allow-Origin': '*', 'Cache-Control': 'no-cache', 'ETag': 'W/"491-wHZrtEfFr/VGrV+9rgpM0rUjOSo"', 'Vary': 'Accept-Encoding', 'Content-Encoding': 'gzip', 'CF-Cache-Status': 'DYNAMIC', 'Report-To': '{"endpoints":[{"url":"https:\\/\\/a.nel.cloudflare.com\\/report\\/v4?s=wiW4hOtbc9ImE%2FI%2Bu7rP6HcSWw22%2B9zsKeDaFmqFEeSrto4kZhEJq0kdnEaaDrneBZLAcVwvhF%2FUR3yCFtvduD4Tkp4shHxGhANJMrsKAXCd7OT7o3LfZ2roRcoFY4kh"}],"group":"cf-nel","max_age":604800}', 'NEL': '{"success_fraction":0,"report_to":"cf-nel","max_age":604800}', 'Server': 'cloudflare', 'CF-RAY': '88bc9d8c9bbf8290-IAD', 'alt-svc': 'h3=":443"; ma=86400'} 
 body={"results":[{"gender":"female","name":{"title":"Ms","first":"Clara","last":"Montero"},"location":{"street":{"number":3280,"name":"Avenida de América"},"city":"Vitoria","state":"Castilla la Mancha","country":"Spain","postcode":19981,"coordinates":{"latitude":"-33.9829","longitude":"115.9396"},"timezone":{"offset":"+7:00","description":"Bangkok, Hanoi, Jakarta"}},"email":"clara.montero@example.com","login":{"uuid":"39bc50f5-154c-4267-98bb-91b544f895c9","username":"redmeercat159","password":"race","salt":"tsWkxBfH","md5":"6e66fb14765d65e7da484053ae5263b9","sha1":"fdc97b033dbc8674f9fa78f9d356b3a27e2322ee","sha256":"fdc90884979607cc7850dc2f61272745d786a104d47e0b67509f6ab355fdd0c1"},"dob":{"date":"1985-10-23T01:58:52.799Z","age":38},"registered":{"date":"2009-06-12T00:56:01.134Z","age":14},"phone":"929-563-868","cell":"666-588-620","id":{"name":"DNI","value":"38419281-E"},"picture":{"large":"https://randomuser.me/api/portraits/women/26.jpg","medium":"https://randomuser.me/api/portraits/med/women/26.jpg","thumbnail":"https://randomuser.me/api/portraits/thumb/women/26.jpg"},"nat":"ES"}],"info":{"seed":"fdbe4ea2b4a9ef51","results":1,"page":1,"version":"1.4"}} 
 </msg>
<msg time="2024-05-30T06:19:56.347399" level="INFO">/opt/hostedtoolcache/Python/3.12.3/x64/lib/python3.12/site-packages/urllib3/connectionpool.py:1103: InsecureRequestWarning: Unverified HTTPS request is being made to host 'randomuser.me'. Adding certificate verification is strongly advised. See: https://urllib3.readthedocs.io/en/latest/advanced-usage.html#tls-warnings
  warnings.warn(</msg>
<msg time="2024-05-30T06:19:56.347572" level="INFO">${response} = &lt;Response [200]&gt;</msg>
<var>${response}</var>
<arg>consultarAPI</arg>
<arg>/api</arg>
<doc>Sends a GET request on a previously created HTTP Session.</doc>
<status status="PASS" start="2024-05-30T06:19:56.255708" elapsed="0.091919"/>
</kw>
<kw name="Set Variable" owner="BuiltIn">
<msg time="2024-05-30T06:19:56.348702" level="INFO">${json_data} = {'results': [{'gender': 'female', 'name': {'title': 'Ms', 'first': 'Clara', 'last': 'Montero'}, 'location': {'street': {'number': 3280, 'name': 'Avenida de América'}, 'city': 'Vitoria', 'state': 'Cast...</msg>
<var>${json_data}</var>
<arg>${response.json()}</arg>
<doc>Returns the given values which can then be assigned to a variables.</doc>
<status status="PASS" start="2024-05-30T06:19:56.348169" elapsed="0.000563"/>
</kw>
<kw name="Set Variable" owner="BuiltIn">
<msg time="2024-05-30T06:19:56.349421" level="INFO">${name_title} = Ms</msg>
<var>${name_title}</var>
<arg>${json_data["results"][0]["name"]["title"]}</arg>
<doc>Returns the given values which can then be assigned to a variables.</doc>
<status status="PASS" start="2024-05-30T06:19:56.349036" elapsed="0.000410"/>
</kw>
<kw name="Create List" owner="BuiltIn">
<msg time="2024-05-30T06:19:56.349891" level="INFO">${allowed_titles} = ['Mr', 'Ms', 'Miss', 'Mrs', 'Madame', 'Monsieur']</msg>
<var>${allowed_titles}</var>
<arg>Mr</arg>
<arg>Ms</arg>
<arg>Miss</arg>
<arg>Mrs</arg>
<arg>Madame</arg>
<arg>Monsieur</arg>
<doc>Returns a list containing given items.</doc>
<status status="PASS" start="2024-05-30T06:19:56.349743" elapsed="0.000172"/>
</kw>
<kw name="List Should Contain Value" owner="Collections">
<msg time="2024-05-30T06:19:56.350388" level="INFO">False</msg>
<arg>${allowed_titles}</arg>
<arg>${name_title}</arg>
<doc>Fails if the ``value`` is not found from ``list``.</doc>
<status status="PASS" start="2024-05-30T06:19:56.350214" elapsed="0.000209"/>
</kw>
<kw name="Set Variable" owner="BuiltIn">
<msg time="2024-05-30T06:19:56.351326" level="INFO">${name_country} = ES</msg>
<var>${name_country}</var>
<arg>${json_data["results"][0]["nat"]}</arg>
<doc>Returns the given values which can then be assigned to a variables.</doc>
<status status="PASS" start="2024-05-30T06:19:56.350760" elapsed="0.000594"/>
</kw>
<kw name="Create List" owner="BuiltIn">
<msg time="2024-05-30T06:19:56.352250" level="INFO">${list_country} = ['AD', 'AE', 'AF', 'AG', 'AI', 'AL', 'AM', 'AO', 'AQ', 'AR', 'AS', 'AT', 'AU', 'AW', 'AX', 'AZ', 'BA', 'BB', 'BD', 'BE', 'BF', 'BG', 'BH', 'BI', 'BJ', 'BL', 'BM', 'BN', 'BO', 'BQ', 'BR', 'BS', 'BT', '...</msg>
<var>${list_country}</var>
<arg>AD</arg>
<arg>AE</arg>
<arg>AF</arg>
<arg>AG</arg>
<arg>AI</arg>
<arg>AL</arg>
<arg>AM</arg>
<arg>AO</arg>
<arg>AQ</arg>
<arg>AR</arg>
<arg>AS</arg>
<arg>AT</arg>
<arg>AU</arg>
<arg>AW</arg>
<arg>AX</arg>
<arg>AZ</arg>
<arg>BA</arg>
<arg>BB</arg>
<arg>BD</arg>
<arg>BE</arg>
<arg>BF</arg>
<arg>BG</arg>
<arg>BH</arg>
<arg>BI</arg>
<arg>BJ</arg>
<arg>BL</arg>
<arg>BM</arg>
<arg>BN</arg>
<arg>BO</arg>
<arg>BQ</arg>
<arg>BR</arg>
<arg>BS</arg>
<arg>BT</arg>
<arg>BV</arg>
<arg>BW</arg>
<arg>BY</arg>
<arg>BZ</arg>
<arg>CA</arg>
<arg>CC</arg>
<arg>CD</arg>
<arg>CF</arg>
<arg>CG</arg>
<arg>CH</arg>
<arg>CI</arg>
<arg>CK</arg>
<arg>CL</arg>
<arg>CM</arg>
<arg>CN</arg>
<arg>CO</arg>
<arg>CR</arg>
<arg>CU</arg>
<arg>CV</arg>
<arg>CW</arg>
<arg>CX</arg>
<arg>CY</arg>
<arg>CZ</arg>
<arg>DE</arg>
<arg>DJ</arg>
<arg>DK</arg>
<arg>DM</arg>
<arg>DO</arg>
<arg>DZ</arg>
<arg>EC</arg>
<arg>EE</arg>
<arg>EG</arg>
<arg>EH</arg>
<arg>ER</arg>
<arg>ES</arg>
<arg>ET</arg>
<arg>FI</arg>
<arg>FJ</arg>
<arg>FK</arg>
<arg>FM</arg>
<arg>FO</arg>
<arg>FR</arg>
<arg>GA</arg>
<arg>GB</arg>
<arg>GD</arg>
<arg>GE</arg>
<arg>GF</arg>
<arg>GG</arg>
<arg>GH</arg>
<arg>GI</arg>
<arg>GL</arg>
<arg>GM</arg>
<arg>GN</arg>
<arg>GP</arg>
<arg>GQ</arg>
<arg>GR</arg>
<arg>GS</arg>
<arg>GT</arg>
<arg>GU</arg>
<arg>GW</arg>
<arg>GY</arg>
<arg>HK</arg>
<arg>HM</arg>
<arg>HN</arg>
<arg>HR</arg>
<arg>HT</arg>
<arg>HU</arg>
<arg>ID</arg>
<arg>IE</arg>
<arg>IL</arg>
<arg>IM</arg>
<arg>IN</arg>
<arg>IO</arg>
<arg>IQ</arg>
<arg>IR</arg>
<arg>IS</arg>
<arg>IT</arg>
<arg>JE</arg>
<arg>JM</arg>
<arg>JO</arg>
<arg>JP</arg>
<arg>KE</arg>
<arg>KG</arg>
<arg>KH</arg>
<arg>KI</arg>
<arg>KM</arg>
<arg>KN</arg>
<arg>KP</arg>
<arg>KR</arg>
<arg>KW</arg>
<arg>KY</arg>
<arg>KZ</arg>
<arg>LA</arg>
<arg>LB</arg>
<arg>LC</arg>
<arg>LI</arg>
<arg>LK</arg>
<arg>LR</arg>
<arg>LS</arg>
<arg>LT</arg>
<arg>LU</arg>
<arg>LV</arg>
<arg>LY</arg>
<arg>MA</arg>
<arg>MC</arg>
<arg>MD</arg>
<arg>ME</arg>
<arg>MF</arg>
<arg>MG</arg>
<arg>MH</arg>
<arg>MK</arg>
<arg>ML</arg>
<arg>MM</arg>
<arg>MN</arg>
<arg>MO</arg>
<arg>MP</arg>
<arg>MQ</arg>
<arg>MR</arg>
<arg>MS</arg>
<arg>MT</arg>
<arg>MU</arg>
<arg>MV</arg>
<arg>MW</arg>
<arg>MX</arg>
<arg>MY</arg>
<arg>MZ</arg>
<arg>NA</arg>
<arg>NC</arg>
<arg>NE</arg>
<arg>NF</arg>
<arg>NG</arg>
<arg>NI</arg>
<arg>NL</arg>
<arg>NO</arg>
<arg>NP</arg>
<arg>NR</arg>
<arg>NU</arg>
<arg>NZ</arg>
<arg>OM</arg>
<arg>PA</arg>
<arg>PE</arg>
<arg>PF</arg>
<arg>PG</arg>
<arg>PH</arg>
<arg>PK</arg>
<arg>PL</arg>
<arg>PM</arg>
<arg>PN</arg>
<arg>PR</arg>
<arg>PS</arg>
<arg>PT</arg>
<arg>PW</arg>
<arg>PY</arg>
<arg>QA</arg>
<arg>RE</arg>
<arg>RO</arg>
<arg>RS</arg>
<arg>RU</arg>
<arg>RW</arg>
<arg>SA</arg>
<arg>SB</arg>
<arg>SC</arg>
<arg>SD</arg>
<arg>SE</arg>
<arg>SG</arg>
<arg>SH</arg>
<arg>SI</arg>
<arg>SJ</arg>
<arg>SK</arg>
<arg>SL</arg>
<arg>SM</arg>
<arg>SN</arg>
<arg>SO</arg>
<arg>SR</arg>
<arg>SS</arg>
<arg>ST</arg>
<arg>SV</arg>
<arg>SX</arg>
<arg>SY</arg>
<arg>SZ</arg>
<arg>TC</arg>
<arg>TD</arg>
<arg>TF</arg>
<arg>TG</arg>
<arg>TH</arg>
<arg>TJ</arg>
<arg>TK</arg>
<arg>TL</arg>
<arg>TM</arg>
<arg>TN</arg>
<arg>TO</arg>
<arg>TR</arg>
<arg>TT</arg>
<arg>TV</arg>
<arg>TW</arg>
<arg>TZ</arg>
<arg>UA</arg>
<arg>UG</arg>
<arg>UM</arg>
<arg>US</arg>
<arg>UY</arg>
<arg>UZ</arg>
<arg>VA</arg>
<arg>VC</arg>
<arg>VE</arg>
<arg>VG</arg>
<arg>VI</arg>
<arg>VN</arg>
<arg>VU</arg>
<arg>WF</arg>
<arg>WS</arg>
<arg>XK</arg>
<arg>YE</arg>
<arg>YT</arg>
<arg>ZA</arg>
<arg>ZM</arg>
<arg>ZW</arg>
<doc>Returns a list containing given items.</doc>
<status status="PASS" start="2024-05-30T06:19:56.351658" elapsed="0.000617"/>
</kw>
<kw name="List Should Contain Value" owner="Collections">
<msg time="2024-05-30T06:19:56.353267" level="INFO">False</msg>
<arg>${list_country}</arg>
<arg>${name_country}</arg>
<doc>Fails if the ``value`` is not found from ``list``.</doc>
<status status="PASS" start="2024-05-30T06:19:56.353066" elapsed="0.000237"/>
</kw>
<kw name="Run Keyword If" owner="BuiltIn">
<kw name="Should Be True" owner="BuiltIn">
<arg>${True}</arg>
<doc>Fails if the given condition is not true.</doc>
<status status="PASS" start="2024-05-30T06:19:56.354366" elapsed="0.000166"/>
</kw>
<arg>${json_data["results"][0]["location"]["coordinates"]["latitude"]} &gt;= -90 and ${json_data["results"][0]["location"]["coordinates"]["latitude"]} &lt;= 90</arg>
<arg>Should Be True</arg>
<arg>${True}</arg>
<doc>Runs the given keyword with the given arguments, if ``condition`` is true.</doc>
<status status="PASS" start="2024-05-30T06:19:56.353620" elapsed="0.001058"/>
</kw>
<kw name="Run Keyword If" owner="BuiltIn">
<kw name="Should Be True" owner="BuiltIn">
<arg>${True}</arg>
<doc>Fails if the given condition is not true.</doc>
<status status="PASS" start="2024-05-30T06:19:56.355577" elapsed="0.000140"/>
</kw>
<arg>${json_data["results"][0]["location"]["coordinates"]["longitude"]} &gt;= -180 and ${json_data["results"][0]["location"]["coordinates"]["longitude"]} &lt;= 180</arg>
<arg>Should Be True</arg>
<arg>${True}</arg>
<doc>Runs the given keyword with the given arguments, if ``condition`` is true.</doc>
<status status="PASS" start="2024-05-30T06:19:56.354884" elapsed="0.000965"/>
</kw>
<status status="PASS" start="2024-05-30T06:19:56.255470" elapsed="0.100511"/>
</kw>
<doc>Testa o conteúdo específico dos campos retornados pela API.</doc>
<tag>testeConteudo</tag>
<status status="PASS" start="2024-05-30T06:19:56.254920" elapsed="0.101211"/>
</test>
<status status="PASS" start="2024-05-30T06:19:55.532521" elapsed="0.825521"/>
</suite>
<status status="PASS" start="2024-05-30T06:19:55.518748" elapsed="0.844517"/>
</suite>
<statistics>
<total>
<stat pass="5" fail="0" skip="0">All Tests</stat>
</total>
<tag>
<stat pass="1" fail="0" skip="0">testeConteudo</stat>
<stat pass="1" fail="0" skip="0">testeEstruturaResposta</stat>
<stat pass="1" fail="0" skip="0">testeRequisicaoBasica</stat>
<stat pass="1" fail="0" skip="0">testeTiposDados</stat>
</tag>
<suite>
<stat pass="5" fail="0" skip="0" id="s1" name="Tests">Tests</stat>
<stat pass="5" fail="0" skip="0" id="s1-s1" name="Random-User-Test">Tests.Random-User-Test</stat>
</suite>
</statistics>
<errors>
</errors>
</robot>
