<?xml version="1.0" encoding="UTF-8"?>
<robot generator="Robot 7.0.1 (Python 3.12.4 on linux)" generated="2024-07-01T11:13:04.208831" rpa="false" schemaversion="5">
<suite id="s1" name="Tests" source="/home/runner/work/ApiRandomUser/ApiRandomUser/RamdonUser/tests">
<suite id="s1-s1" name="Random-User-Test" source="/home/runner/work/ApiRandomUser/ApiRandomUser/RamdonUser/tests/random-user-test.robot">
<test id="s1-s1-t1" name="Conectar" line="13">
<kw name="Conectar API" owner="random-user-service">
<kw name="Create Session" owner="RequestsLibrary">
<msg time="2024-07-01T11:13:04.602959" level="INFO">Creating Session using : alias=consultarAPI, url=https://randomuser.me/, headers={},                     cookies={}, auth=None, timeout=None, proxies=None, verify=False,                     debug=0 </msg>
<arg>consultarAPI</arg>
<arg>${URL}</arg>
<doc>Create Session: create a HTTP session to a server</doc>
<status status="PASS" start="2024-07-01T11:13:04.602745" elapsed="0.000390"/>
</kw>
<status status="PASS" start="2024-07-01T11:13:04.601749" elapsed="0.001759"/>
</kw>
<status status="PASS" start="2024-07-01T11:13:04.601196" elapsed="0.002501"/>
</test>
<test id="s1-s1-t2" name="Validar retorno 200 e JSON Válido" line="16">
<kw name="Teste de Requisicao Basica" owner="random-user-service">
<kw name="GET On Session" owner="RequestsLibrary">
<msg time="2024-07-01T11:13:04.807731" level="INFO">GET Request : url=https://randomuser.me/api 
 path_url=/api 
 headers={'User-Agent': 'python-requests/2.32.3', 'Accept-Encoding': 'gzip, deflate', 'Accept': '*/*', 'Connection': 'keep-alive'} 
 body=None 
 </msg>
<msg time="2024-07-01T11:13:04.807885" level="INFO">GET Response : url=https://randomuser.me/api 
 status=200, reason=OK 
 headers={'Date': 'Mon, 01 Jul 2024 11:13:04 GMT', 'Content-Type': 'application/json; charset=utf-8', 'Transfer-Encoding': 'chunked', 'Connection': 'keep-alive', 'X-Powered-By': 'Express', 'Access-Control-Allow-Origin': '*', 'Cache-Control': 'no-cache', 'ETag': 'W/"49c-XBe4L0SY2m3WcYREsBrIrKnBHq4"', 'Vary': 'Accept-Encoding', 'Content-Encoding': 'gzip', 'CF-Cache-Status': 'DYNAMIC', 'Report-To': '{"endpoints":[{"url":"https:\\/\\/a.nel.cloudflare.com\\/report\\/v4?s=g4cQflbOvM%2B6dl1M1JUOyZvW5b%2ByS7vH7rqbDBPt5zhtVD3%2BuFjIRKJofv8xscKvEbXPuHjwSsrVW0q2cfcZSg8BZMK2VrNjgKfJdoh0CyDVlDxHNvaS%2BcuNjMkkPzCQ"}],"group":"cf-nel","max_age":604800}', 'NEL': '{"success_fraction":0,"report_to":"cf-nel","max_age":604800}', 'Server': 'cloudflare', 'CF-RAY': '89c5f6f47d6469b4-LAX', 'alt-svc': 'h3=":443"; ma=86400'} 
 body={"results":[{"gender":"female","name":{"title":"Miss","first":"Liva","last":"Christiansen"},"location":{"street":{"number":3576,"name":"Højvangen"},"city":"Sundby/Erslev","state":"Syddanmark","country":"Denmark","postcode":43554,"coordinates":{"latitude":"-42.6455","longitude":"63.9191"},"timezone":{"offset":"+1:00","description":"Brussels, Copenhagen, Madrid, Paris"}},"email":"liva.christiansen@example.com","login":{"uuid":"812755de-5e32-4837-8983-9261dcec1419","username":"brownmeercat240","password":"kissme","salt":"5plGlEcL","md5":"fb1221955af8c9dd49df4c738fa3664e","sha1":"28482c7f97f00096235d50041cd9aff2d4bf7d05","sha256":"680c0241e3a312d97bc2f05129c7502ad03614fae469c88e72a8d3e4aeae48c5"},"dob":{"date":"1967-03-02T17:37:17.646Z","age":57},"registered":{"date":"2003-07-07T17:43:15.997Z","age":20},"phone":"79712160","cell":"62472545","id":{"name":"CPR","value":"020367-3737"},"picture":{"large":"https://randomuser.me/api/portraits/women/79.jpg","medium":"https://randomuser.me/api/portraits/med/women/79.jpg","thumbnail":"https://randomuser.me/api/portraits/thumb/women/79.jpg"},"nat":"DK"}],"info":{"seed":"2f676e00d24157c2","results":1,"page":1,"version":"1.4"}} 
 </msg>
<msg time="2024-07-01T11:13:04.807980" level="INFO">/opt/hostedtoolcache/Python/3.12.4/x64/lib/python3.12/site-packages/urllib3/connectionpool.py:1099: InsecureRequestWarning: Unverified HTTPS request is being made to host 'randomuser.me'. Adding certificate verification is strongly advised. See: https://urllib3.readthedocs.io/en/latest/advanced-usage.html#tls-warnings
  warnings.warn(</msg>
<msg time="2024-07-01T11:13:04.808131" level="INFO">${response} = &lt;Response [200]&gt;</msg>
<var>${response}</var>
<arg>consultarAPI</arg>
<arg>/api</arg>
<doc>Sends a GET request on a previously created HTTP Session.</doc>
<status status="PASS" start="2024-07-01T11:13:04.606276" elapsed="0.201899"/>
</kw>
<kw name="Should Be Equal As Numbers" owner="BuiltIn">
<msg time="2024-07-01T11:13:04.809262" level="INFO">Argument types are:
&lt;class 'int'&gt;
&lt;class 'str'&gt;</msg>
<arg>${response.status_code}</arg>
<arg>200</arg>
<doc>Fails if objects are unequal after converting them to real numbers.</doc>
<status status="PASS" start="2024-07-01T11:13:04.808779" elapsed="0.000549"/>
</kw>
<kw name="Log" owner="BuiltIn">
<msg time="2024-07-01T11:13:04.810006" level="INFO">200</msg>
<arg>${response.status_code}</arg>
<doc>Logs the given message with the given level.</doc>
<status status="PASS" start="2024-07-01T11:13:04.809651" elapsed="0.000399"/>
</kw>
<kw name="Set Variable" owner="BuiltIn">
<msg time="2024-07-01T11:13:04.810835" level="INFO">${json_data} = {'results': [{'gender': 'female', 'name': {'title': 'Miss', 'first': 'Liva', 'last': 'Christiansen'}, 'location': {'street': {'number': 3576, 'name': 'Højvangen'}, 'city': 'Sundby/Erslev', 'state': 'S...</msg>
<var>${json_data}</var>
<arg>${response.json()}</arg>
<doc>Returns the given values which can then be assigned to a variables.</doc>
<status status="PASS" start="2024-07-01T11:13:04.810356" elapsed="0.000510"/>
</kw>
<kw name="Dictionary Should Contain Key" owner="Collections">
<arg>${json_data}</arg>
<arg>results</arg>
<doc>Fails if ``key`` is not found from ``dictionary``.</doc>
<status status="PASS" start="2024-07-01T11:13:04.811170" elapsed="0.000167"/>
</kw>
<status status="PASS" start="2024-07-01T11:13:04.606033" elapsed="0.205463"/>
</kw>
<doc>Testa se a API responde corretamente e retorna um objeto JSON válido.</doc>
<tag>testeRequisicaoBasica</tag>
<status status="PASS" start="2024-07-01T11:13:04.605575" elapsed="0.206102"/>
</test>
<test id="s1-s1-t3" name="Validar estrutura de resposta" line="22">
<kw name="Teste de Estrutura de Resposta" owner="random-user-service">
<kw name="GET On Session" owner="RequestsLibrary">
<msg time="2024-07-01T11:13:04.909900" level="INFO">GET Request : url=https://randomuser.me/api 
 path_url=/api 
 headers={'User-Agent': 'python-requests/2.32.3', 'Accept-Encoding': 'gzip, deflate', 'Accept': '*/*', 'Connection': 'keep-alive'} 
 body=None 
 </msg>
<msg time="2024-07-01T11:13:04.910008" level="INFO">GET Response : url=https://randomuser.me/api 
 status=200, reason=OK 
 headers={'Date': 'Mon, 01 Jul 2024 11:13:04 GMT', 'Content-Type': 'application/json; charset=utf-8', 'Transfer-Encoding': 'chunked', 'Connection': 'keep-alive', 'X-Powered-By': 'Express', 'Access-Control-Allow-Origin': '*', 'Cache-Control': 'no-cache', 'ETag': 'W/"4a0-wJ2r+gdkEyCBPZihliN0HYJWAiI"', 'Vary': 'Accept-Encoding', 'Content-Encoding': 'gzip', 'CF-Cache-Status': 'DYNAMIC', 'Report-To': '{"endpoints":[{"url":"https:\\/\\/a.nel.cloudflare.com\\/report\\/v4?s=rvvmU6dtPIwJyalysadUjZTVqScA%2FuVTqpnrkWTGh8Z3yTPMn0pTV77Cuz84GRIAuBbwvdHwOPcebv08Oi0ynFkZhnwXnMEUYFKMmvaknt%2BUDmuX3OIlkEgb1hxgypGa"}],"group":"cf-nel","max_age":604800}', 'NEL': '{"success_fraction":0,"report_to":"cf-nel","max_age":604800}', 'Server': 'cloudflare', 'CF-RAY': '89c5f6f51dcd69b4-LAX', 'alt-svc': 'h3=":443"; ma=86400'} 
 body={"results":[{"gender":"female","name":{"title":"Mrs","first":"Emilie","last":"Andersen"},"location":{"street":{"number":2182,"name":"Brock Rd"},"city":"Lloydminster","state":"Québec","country":"Canada","postcode":"P3V 6F4","coordinates":{"latitude":"-65.1382","longitude":"122.1019"},"timezone":{"offset":"+10:00","description":"Eastern Australia, Guam, Vladivostok"}},"email":"emilie.andersen@example.com","login":{"uuid":"605f338c-aaca-4918-b256-32c2fc49a2ab","username":"happyelephant263","password":"enforcer","salt":"PWPLhFnl","md5":"a6a82fd6b4b8620b3ad0953f9cad7366","sha1":"72af0b0abd1c035a78c75463e73942a316b62807","sha256":"3bbef3ccde7ff15f608132ff9a12279aec465a206faa977e93d86dd61a23ea41"},"dob":{"date":"1989-06-18T07:31:42.896Z","age":35},"registered":{"date":"2005-05-07T01:36:26.194Z","age":19},"phone":"T25 R16-6195","cell":"K09 Z80-7351","id":{"name":"SIN","value":"011584281"},"picture":{"large":"https://randomuser.me/api/portraits/women/93.jpg","medium":"https://randomuser.me/api/portraits/med/women/93.jpg","thumbnail":"https://randomuser.me/api/portraits/thumb/women/93.jpg"},"nat":"CA"}],"info":{"seed":"9ab09a26ffddd661","results":1,"page":1,"version":"1.4"}} 
 </msg>
<msg time="2024-07-01T11:13:04.910142" level="INFO">/opt/hostedtoolcache/Python/3.12.4/x64/lib/python3.12/site-packages/urllib3/connectionpool.py:1099: InsecureRequestWarning: Unverified HTTPS request is being made to host 'randomuser.me'. Adding certificate verification is strongly advised. See: https://urllib3.readthedocs.io/en/latest/advanced-usage.html#tls-warnings
  warnings.warn(</msg>
<msg time="2024-07-01T11:13:04.910269" level="INFO">${response} = &lt;Response [200]&gt;</msg>
<var>${response}</var>
<arg>consultarAPI</arg>
<arg>/api</arg>
<doc>Sends a GET request on a previously created HTTP Session.</doc>
<status status="PASS" start="2024-07-01T11:13:04.814312" elapsed="0.095996"/>
</kw>
<kw name="Set Variable" owner="BuiltIn">
<msg time="2024-07-01T11:13:04.911444" level="INFO">${json_data} = {'results': [{'gender': 'female', 'name': {'title': 'Mrs', 'first': 'Emilie', 'last': 'Andersen'}, 'location': {'street': {'number': 2182, 'name': 'Brock Rd'}, 'city': 'Lloydminster', 'state': 'Québec...</msg>
<var>${json_data}</var>
<arg>${response.json()}</arg>
<doc>Returns the given values which can then be assigned to a variables.</doc>
<status status="PASS" start="2024-07-01T11:13:04.910900" elapsed="0.000574"/>
</kw>
<kw name="Log" owner="BuiltIn">
<msg time="2024-07-01T11:13:04.911964" level="INFO">{'results': [{'gender': 'female', 'name': {'title': 'Mrs', 'first': 'Emilie', 'last': 'Andersen'}, 'location': {'street': {'number': 2182, 'name': 'Brock Rd'}, 'city': 'Lloydminster', 'state': 'Québec', 'country': 'Canada', 'postcode': 'P3V 6F4', 'coordinates': {'latitude': '-65.1382', 'longitude': '122.1019'}, 'timezone': {'offset': '+10:00', 'description': 'Eastern Australia, Guam, Vladivostok'}}, 'email': 'emilie.andersen@example.com', 'login': {'uuid': '605f338c-aaca-4918-b256-32c2fc49a2ab', 'username': 'happyelephant263', 'password': 'enforcer', 'salt': 'PWPLhFnl', 'md5': 'a6a82fd6b4b8620b3ad0953f9cad7366', 'sha1': '72af0b0abd1c035a78c75463e73942a316b62807', 'sha256': '3bbef3ccde7ff15f608132ff9a12279aec465a206faa977e93d86dd61a23ea41'}, 'dob': {'date': '1989-06-18T07:31:42.896Z', 'age': 35}, 'registered': {'date': '2005-05-07T01:36:26.194Z', 'age': 19}, 'phone': 'T25 R16-6195', 'cell': 'K09 Z80-7351', 'id': {'name': 'SIN', 'value': '011584281'}, 'picture': {'large': 'https://randomuser.me/api/portraits/women/93.jpg', 'medium': 'https://randomuser.me/api/portraits/med/women/93.jpg', 'thumbnail': 'https://randomuser.me/api/portraits/thumb/women/93.jpg'}, 'nat': 'CA'}], 'info': {'seed': '9ab09a26ffddd661', 'results': 1, 'page': 1, 'version': '1.4'}}</msg>
<arg>${json_data}</arg>
<doc>Logs the given message with the given level.</doc>
<status status="PASS" start="2024-07-01T11:13:04.911799" elapsed="0.000217"/>
</kw>
<kw name="Dictionary Should Contain Key" owner="Collections">
<arg>${json_data}</arg>
<arg>results</arg>
<doc>Fails if ``key`` is not found from ``dictionary``.</doc>
<status status="PASS" start="2024-07-01T11:13:04.912312" elapsed="0.000163"/>
</kw>
<kw name="Should Not Be Empty" owner="BuiltIn">
<msg time="2024-07-01T11:13:04.912791" level="INFO">Length is 2.</msg>
<arg>${json_data}</arg>
<doc>Verifies that the given item is not empty.</doc>
<status status="PASS" start="2024-07-01T11:13:04.912664" elapsed="0.000167"/>
</kw>
<kw name="Create List" owner="BuiltIn">
<msg time="2024-07-01T11:13:04.913443" level="INFO">${expected_keys} = ['gender', 'name', 'location', 'email', 'login']</msg>
<var>${expected_keys}</var>
<arg>gender</arg>
<arg>name</arg>
<arg>location</arg>
<arg>email</arg>
<arg>login</arg>
<doc>Returns a list containing given items.</doc>
<status status="PASS" start="2024-07-01T11:13:04.913130" elapsed="0.000338"/>
</kw>
<for flavor="IN">
<iter>
<kw name="Dictionary Should Contain Key" owner="Collections">
<arg>${json_data['results'][0]}</arg>
<arg>${key}</arg>
<doc>Fails if ``key`` is not found from ``dictionary``.</doc>
<status status="PASS" start="2024-07-01T11:13:04.914062" elapsed="0.000397"/>
</kw>
<kw name="Log" owner="BuiltIn">
<msg time="2024-07-01T11:13:04.915074" level="INFO">{'gender': 'female', 'name': {'title': 'Mrs', 'first': 'Emilie', 'last': 'Andersen'}, 'location': {'street': {'number': 2182, 'name': 'Brock Rd'}, 'city': 'Lloydminster', 'state': 'Québec', 'country': 'Canada', 'postcode': 'P3V 6F4', 'coordinates': {'latitude': '-65.1382', 'longitude': '122.1019'}, 'timezone': {'offset': '+10:00', 'description': 'Eastern Australia, Guam, Vladivostok'}}, 'email': 'emilie.andersen@example.com', 'login': {'uuid': '605f338c-aaca-4918-b256-32c2fc49a2ab', 'username': 'happyelephant263', 'password': 'enforcer', 'salt': 'PWPLhFnl', 'md5': 'a6a82fd6b4b8620b3ad0953f9cad7366', 'sha1': '72af0b0abd1c035a78c75463e73942a316b62807', 'sha256': '3bbef3ccde7ff15f608132ff9a12279aec465a206faa977e93d86dd61a23ea41'}, 'dob': {'date': '1989-06-18T07:31:42.896Z', 'age': 35}, 'registered': {'date': '2005-05-07T01:36:26.194Z', 'age': 19}, 'phone': 'T25 R16-6195', 'cell': 'K09 Z80-7351', 'id': {'name': 'SIN', 'value': '011584281'}, 'picture': {'large': 'https://randomuser.me/api/portraits/women/93.jpg', 'medium': 'https://randomuser.me/api/portraits/med/women/93.jpg', 'thumbnail': 'https://randomuser.me/api/portraits/thumb/women/93.jpg'}, 'nat': 'CA'}</msg>
<arg>${json_data['results'][0]}</arg>
<doc>Logs the given message with the given level.</doc>
<status status="PASS" start="2024-07-01T11:13:04.914703" elapsed="0.000422"/>
</kw>
<kw name="Log" owner="BuiltIn">
<msg time="2024-07-01T11:13:04.915557" level="INFO">gender</msg>
<arg>${key}</arg>
<doc>Logs the given message with the given level.</doc>
<status status="PASS" start="2024-07-01T11:13:04.915428" elapsed="0.000169"/>
</kw>
<var name="${key}">gender</var>
<status status="PASS" start="2024-07-01T11:13:04.913937" elapsed="0.001882"/>
</iter>
<iter>
<kw name="Dictionary Should Contain Key" owner="Collections">
<arg>${json_data['results'][0]}</arg>
<arg>${key}</arg>
<doc>Fails if ``key`` is not found from ``dictionary``.</doc>
<status status="PASS" start="2024-07-01T11:13:04.916130" elapsed="0.000392"/>
</kw>
<kw name="Log" owner="BuiltIn">
<msg time="2024-07-01T11:13:04.917098" level="INFO">{'gender': 'female', 'name': {'title': 'Mrs', 'first': 'Emilie', 'last': 'Andersen'}, 'location': {'street': {'number': 2182, 'name': 'Brock Rd'}, 'city': 'Lloydminster', 'state': 'Québec', 'country': 'Canada', 'postcode': 'P3V 6F4', 'coordinates': {'latitude': '-65.1382', 'longitude': '122.1019'}, 'timezone': {'offset': '+10:00', 'description': 'Eastern Australia, Guam, Vladivostok'}}, 'email': 'emilie.andersen@example.com', 'login': {'uuid': '605f338c-aaca-4918-b256-32c2fc49a2ab', 'username': 'happyelephant263', 'password': 'enforcer', 'salt': 'PWPLhFnl', 'md5': 'a6a82fd6b4b8620b3ad0953f9cad7366', 'sha1': '72af0b0abd1c035a78c75463e73942a316b62807', 'sha256': '3bbef3ccde7ff15f608132ff9a12279aec465a206faa977e93d86dd61a23ea41'}, 'dob': {'date': '1989-06-18T07:31:42.896Z', 'age': 35}, 'registered': {'date': '2005-05-07T01:36:26.194Z', 'age': 19}, 'phone': 'T25 R16-6195', 'cell': 'K09 Z80-7351', 'id': {'name': 'SIN', 'value': '011584281'}, 'picture': {'large': 'https://randomuser.me/api/portraits/women/93.jpg', 'medium': 'https://randomuser.me/api/portraits/med/women/93.jpg', 'thumbnail': 'https://randomuser.me/api/portraits/thumb/women/93.jpg'}, 'nat': 'CA'}</msg>
<arg>${json_data['results'][0]}</arg>
<doc>Logs the given message with the given level.</doc>
<status status="PASS" start="2024-07-01T11:13:04.916705" elapsed="0.000443"/>
</kw>
<kw name="Log" owner="BuiltIn">
<msg time="2024-07-01T11:13:04.917571" level="INFO">name</msg>
<arg>${key}</arg>
<doc>Logs the given message with the given level.</doc>
<status status="PASS" start="2024-07-01T11:13:04.917445" elapsed="0.000164"/>
</kw>
<var name="${key}">name</var>
<status status="PASS" start="2024-07-01T11:13:04.916017" elapsed="0.001809"/>
</iter>
<iter>
<kw name="Dictionary Should Contain Key" owner="Collections">
<arg>${json_data['results'][0]}</arg>
<arg>${key}</arg>
<doc>Fails if ``key`` is not found from ``dictionary``.</doc>
<status status="PASS" start="2024-07-01T11:13:04.918107" elapsed="0.000377"/>
</kw>
<kw name="Log" owner="BuiltIn">
<msg time="2024-07-01T11:13:04.919053" level="INFO">{'gender': 'female', 'name': {'title': 'Mrs', 'first': 'Emilie', 'last': 'Andersen'}, 'location': {'street': {'number': 2182, 'name': 'Brock Rd'}, 'city': 'Lloydminster', 'state': 'Québec', 'country': 'Canada', 'postcode': 'P3V 6F4', 'coordinates': {'latitude': '-65.1382', 'longitude': '122.1019'}, 'timezone': {'offset': '+10:00', 'description': 'Eastern Australia, Guam, Vladivostok'}}, 'email': 'emilie.andersen@example.com', 'login': {'uuid': '605f338c-aaca-4918-b256-32c2fc49a2ab', 'username': 'happyelephant263', 'password': 'enforcer', 'salt': 'PWPLhFnl', 'md5': 'a6a82fd6b4b8620b3ad0953f9cad7366', 'sha1': '72af0b0abd1c035a78c75463e73942a316b62807', 'sha256': '3bbef3ccde7ff15f608132ff9a12279aec465a206faa977e93d86dd61a23ea41'}, 'dob': {'date': '1989-06-18T07:31:42.896Z', 'age': 35}, 'registered': {'date': '2005-05-07T01:36:26.194Z', 'age': 19}, 'phone': 'T25 R16-6195', 'cell': 'K09 Z80-7351', 'id': {'name': 'SIN', 'value': '011584281'}, 'picture': {'large': 'https://randomuser.me/api/portraits/women/93.jpg', 'medium': 'https://randomuser.me/api/portraits/med/women/93.jpg', 'thumbnail': 'https://randomuser.me/api/portraits/thumb/women/93.jpg'}, 'nat': 'CA'}</msg>
<arg>${json_data['results'][0]}</arg>
<doc>Logs the given message with the given level.</doc>
<status status="PASS" start="2024-07-01T11:13:04.918692" elapsed="0.000410"/>
</kw>
<kw name="Log" owner="BuiltIn">
<msg time="2024-07-01T11:13:04.919528" level="INFO">location</msg>
<arg>${key}</arg>
<doc>Logs the given message with the given level.</doc>
<status status="PASS" start="2024-07-01T11:13:04.919402" elapsed="0.000163"/>
</kw>
<var name="${key}">location</var>
<status status="PASS" start="2024-07-01T11:13:04.918001" elapsed="0.001781"/>
</iter>
<iter>
<kw name="Dictionary Should Contain Key" owner="Collections">
<arg>${json_data['results'][0]}</arg>
<arg>${key}</arg>
<doc>Fails if ``key`` is not found from ``dictionary``.</doc>
<status status="PASS" start="2024-07-01T11:13:04.920056" elapsed="0.000384"/>
</kw>
<kw name="Log" owner="BuiltIn">
<msg time="2024-07-01T11:13:04.920971" level="INFO">{'gender': 'female', 'name': {'title': 'Mrs', 'first': 'Emilie', 'last': 'Andersen'}, 'location': {'street': {'number': 2182, 'name': 'Brock Rd'}, 'city': 'Lloydminster', 'state': 'Québec', 'country': 'Canada', 'postcode': 'P3V 6F4', 'coordinates': {'latitude': '-65.1382', 'longitude': '122.1019'}, 'timezone': {'offset': '+10:00', 'description': 'Eastern Australia, Guam, Vladivostok'}}, 'email': 'emilie.andersen@example.com', 'login': {'uuid': '605f338c-aaca-4918-b256-32c2fc49a2ab', 'username': 'happyelephant263', 'password': 'enforcer', 'salt': 'PWPLhFnl', 'md5': 'a6a82fd6b4b8620b3ad0953f9cad7366', 'sha1': '72af0b0abd1c035a78c75463e73942a316b62807', 'sha256': '3bbef3ccde7ff15f608132ff9a12279aec465a206faa977e93d86dd61a23ea41'}, 'dob': {'date': '1989-06-18T07:31:42.896Z', 'age': 35}, 'registered': {'date': '2005-05-07T01:36:26.194Z', 'age': 19}, 'phone': 'T25 R16-6195', 'cell': 'K09 Z80-7351', 'id': {'name': 'SIN', 'value': '011584281'}, 'picture': {'large': 'https://randomuser.me/api/portraits/women/93.jpg', 'medium': 'https://randomuser.me/api/portraits/med/women/93.jpg', 'thumbnail': 'https://randomuser.me/api/portraits/thumb/women/93.jpg'}, 'nat': 'CA'}</msg>
<arg>${json_data['results'][0]}</arg>
<doc>Logs the given message with the given level.</doc>
<status status="PASS" start="2024-07-01T11:13:04.920620" elapsed="0.000399"/>
</kw>
<kw name="Log" owner="BuiltIn">
<msg time="2024-07-01T11:13:04.921442" level="INFO">email</msg>
<arg>${key}</arg>
<doc>Logs the given message with the given level.</doc>
<status status="PASS" start="2024-07-01T11:13:04.921318" elapsed="0.000163"/>
</kw>
<var name="${key}">email</var>
<status status="PASS" start="2024-07-01T11:13:04.919951" elapsed="0.001749"/>
</iter>
<iter>
<kw name="Dictionary Should Contain Key" owner="Collections">
<arg>${json_data['results'][0]}</arg>
<arg>${key}</arg>
<doc>Fails if ``key`` is not found from ``dictionary``.</doc>
<status status="PASS" start="2024-07-01T11:13:04.921987" elapsed="0.000387"/>
</kw>
<kw name="Log" owner="BuiltIn">
<msg time="2024-07-01T11:13:04.922956" level="INFO">{'gender': 'female', 'name': {'title': 'Mrs', 'first': 'Emilie', 'last': 'Andersen'}, 'location': {'street': {'number': 2182, 'name': 'Brock Rd'}, 'city': 'Lloydminster', 'state': 'Québec', 'country': 'Canada', 'postcode': 'P3V 6F4', 'coordinates': {'latitude': '-65.1382', 'longitude': '122.1019'}, 'timezone': {'offset': '+10:00', 'description': 'Eastern Australia, Guam, Vladivostok'}}, 'email': 'emilie.andersen@example.com', 'login': {'uuid': '605f338c-aaca-4918-b256-32c2fc49a2ab', 'username': 'happyelephant263', 'password': 'enforcer', 'salt': 'PWPLhFnl', 'md5': 'a6a82fd6b4b8620b3ad0953f9cad7366', 'sha1': '72af0b0abd1c035a78c75463e73942a316b62807', 'sha256': '3bbef3ccde7ff15f608132ff9a12279aec465a206faa977e93d86dd61a23ea41'}, 'dob': {'date': '1989-06-18T07:31:42.896Z', 'age': 35}, 'registered': {'date': '2005-05-07T01:36:26.194Z', 'age': 19}, 'phone': 'T25 R16-6195', 'cell': 'K09 Z80-7351', 'id': {'name': 'SIN', 'value': '011584281'}, 'picture': {'large': 'https://randomuser.me/api/portraits/women/93.jpg', 'medium': 'https://randomuser.me/api/portraits/med/women/93.jpg', 'thumbnail': 'https://randomuser.me/api/portraits/thumb/women/93.jpg'}, 'nat': 'CA'}</msg>
<arg>${json_data['results'][0]}</arg>
<doc>Logs the given message with the given level.</doc>
<status status="PASS" start="2024-07-01T11:13:04.922591" elapsed="0.000415"/>
</kw>
<kw name="Log" owner="BuiltIn">
<msg time="2024-07-01T11:13:04.923425" level="INFO">login</msg>
<arg>${key}</arg>
<doc>Logs the given message with the given level.</doc>
<status status="PASS" start="2024-07-01T11:13:04.923300" elapsed="0.000162"/>
</kw>
<var name="${key}">login</var>
<status status="PASS" start="2024-07-01T11:13:04.921871" elapsed="0.001807"/>
</iter>
<var>${key}</var>
<value>@{expected_keys}</value>
<status status="PASS" start="2024-07-01T11:13:04.913736" elapsed="0.010064"/>
</for>
<kw name="Create List" owner="BuiltIn">
<msg time="2024-07-01T11:13:04.924167" level="INFO">${expected_keysTwo} = ['username', 'password']</msg>
<var>${expected_keysTwo}</var>
<arg>username</arg>
<arg>password</arg>
<doc>Returns a list containing given items.</doc>
<status status="PASS" start="2024-07-01T11:13:04.924022" elapsed="0.000169"/>
</kw>
<for flavor="IN">
<iter>
<kw name="Dictionary Should Contain Key" owner="Collections">
<arg>${json_data['results'][0]['login']}</arg>
<arg>${keyTwo}</arg>
<doc>Fails if ``key`` is not found from ``dictionary``.</doc>
<status status="PASS" start="2024-07-01T11:13:04.924708" elapsed="0.000382"/>
</kw>
<kw name="Dictionary Should Contain Key" owner="Collections">
<arg>${json_data['results'][0]['login']}</arg>
<arg>${keyTwo}</arg>
<doc>Fails if ``key`` is not found from ``dictionary``.</doc>
<status status="PASS" start="2024-07-01T11:13:04.925270" elapsed="0.000379"/>
</kw>
<kw name="Log" owner="BuiltIn">
<msg time="2024-07-01T11:13:04.925958" level="INFO">username</msg>
<arg>${keyTwo}</arg>
<doc>Logs the given message with the given level.</doc>
<status status="PASS" start="2024-07-01T11:13:04.925830" elapsed="0.000166"/>
</kw>
<var name="${keyTwo}">username</var>
<status status="PASS" start="2024-07-01T11:13:04.924589" elapsed="0.001628"/>
</iter>
<iter>
<kw name="Dictionary Should Contain Key" owner="Collections">
<arg>${json_data['results'][0]['login']}</arg>
<arg>${keyTwo}</arg>
<doc>Fails if ``key`` is not found from ``dictionary``.</doc>
<status status="PASS" start="2024-07-01T11:13:04.926496" elapsed="0.000410"/>
</kw>
<kw name="Dictionary Should Contain Key" owner="Collections">
<arg>${json_data['results'][0]['login']}</arg>
<arg>${keyTwo}</arg>
<doc>Fails if ``key`` is not found from ``dictionary``.</doc>
<status status="PASS" start="2024-07-01T11:13:04.927084" elapsed="0.000364"/>
</kw>
<kw name="Log" owner="BuiltIn">
<msg time="2024-07-01T11:13:04.927738" level="INFO">password</msg>
<arg>${keyTwo}</arg>
<doc>Logs the given message with the given level.</doc>
<status status="PASS" start="2024-07-01T11:13:04.927622" elapsed="0.000158"/>
</kw>
<var name="${keyTwo}">password</var>
<status status="PASS" start="2024-07-01T11:13:04.926390" elapsed="0.001702"/>
</iter>
<var>${keyTwo}</var>
<value>@{expected_keysTwo}</value>
<status status="PASS" start="2024-07-01T11:13:04.924438" elapsed="0.003775"/>
</for>
<status status="PASS" start="2024-07-01T11:13:04.814075" elapsed="0.114279"/>
</kw>
<doc>Testa a estrutura da resposta da API.</doc>
<tag>testeEstruturaResposta</tag>
<status status="PASS" start="2024-07-01T11:13:04.813535" elapsed="0.114975"/>
</test>
<test id="s1-s1-t4" name="Validar tipos de dados" line="28">
<kw name="Teste de Tipos de Dados" owner="random-user-service">
<kw name="GET On Session" owner="RequestsLibrary">
<msg time="2024-07-01T11:13:05.027310" level="INFO">GET Request : url=https://randomuser.me/api 
 path_url=/api 
 headers={'User-Agent': 'python-requests/2.32.3', 'Accept-Encoding': 'gzip, deflate', 'Accept': '*/*', 'Connection': 'keep-alive'} 
 body=None 
 </msg>
<msg time="2024-07-01T11:13:05.027469" level="INFO">GET Response : url=https://randomuser.me/api 
 status=200, reason=OK 
 headers={'Date': 'Mon, 01 Jul 2024 11:13:05 GMT', 'Content-Type': 'application/json; charset=utf-8', 'Transfer-Encoding': 'chunked', 'Connection': 'keep-alive', 'X-Powered-By': 'Express', 'Access-Control-Allow-Origin': '*', 'Cache-Control': 'no-cache', 'ETag': 'W/"488-cHpdxQdcJdEWTG/CocDt/5bIGRI"', 'Vary': 'Accept-Encoding', 'Content-Encoding': 'gzip', 'CF-Cache-Status': 'DYNAMIC', 'Report-To': '{"endpoints":[{"url":"https:\\/\\/a.nel.cloudflare.com\\/report\\/v4?s=E9pHkInLM%2Ftu2mamIQyy1SltB%2BoVgjikz7NeID3BV0YFGKBGY5Y3qCYIq0%2B3ebTdPshu%2FIj7OulsDFaKI1HaIygLb2ySFo8utJZ3joRCOQyLSBqc9L9xdYQV2mhIHOxt"}],"group":"cf-nel","max_age":604800}', 'NEL': '{"success_fraction":0,"report_to":"cf-nel","max_age":604800}', 'Server': 'cloudflare', 'CF-RAY': '89c5f6f5de4069b4-LAX', 'alt-svc': 'h3=":443"; ma=86400'} 
 body={"results":[{"gender":"female","name":{"title":"Mrs","first":"Roberta","last":"Taylor"},"location":{"street":{"number":3702,"name":"Wheeler Ridge Dr"},"city":"Huntsville","state":"Utah","country":"United States","postcode":19504,"coordinates":{"latitude":"84.2208","longitude":"131.7813"},"timezone":{"offset":"+5:45","description":"Kathmandu"}},"email":"roberta.taylor@example.com","login":{"uuid":"ce6c5f6d-16a2-47e9-87dc-98bc1185617a","username":"silvermeercat564","password":"studman","salt":"yQlD4KcC","md5":"2fed7d8e0da0e9fb75b6bf3579450638","sha1":"847c0684a0cf4af51fa3786eeebfd41be5d60ab3","sha256":"83d172d7f92d6ca0251553e1ce403704dd7b3f35f97e45554702c11634bc1fd1"},"dob":{"date":"1986-12-26T06:59:38.101Z","age":37},"registered":{"date":"2018-06-26T03:43:50.825Z","age":6},"phone":"(253) 504-6814","cell":"(839) 562-2189","id":{"name":"SSN","value":"343-82-6788"},"picture":{"large":"https://randomuser.me/api/portraits/women/8.jpg","medium":"https://randomuser.me/api/portraits/med/women/8.jpg","thumbnail":"https://randomuser.me/api/portraits/thumb/women/8.jpg"},"nat":"US"}],"info":{"seed":"1f2637aff1d74df6","results":1,"page":1,"version":"1.4"}} 
 </msg>
<msg time="2024-07-01T11:13:05.027594" level="INFO">/opt/hostedtoolcache/Python/3.12.4/x64/lib/python3.12/site-packages/urllib3/connectionpool.py:1099: InsecureRequestWarning: Unverified HTTPS request is being made to host 'randomuser.me'. Adding certificate verification is strongly advised. See: https://urllib3.readthedocs.io/en/latest/advanced-usage.html#tls-warnings
  warnings.warn(</msg>
<msg time="2024-07-01T11:13:05.027790" level="INFO">${response} = &lt;Response [200]&gt;</msg>
<var>${response}</var>
<arg>consultarAPI</arg>
<arg>/api</arg>
<doc>Sends a GET request on a previously created HTTP Session.</doc>
<status status="PASS" start="2024-07-01T11:13:04.931026" elapsed="0.096821"/>
</kw>
<kw name="Set Variable" owner="BuiltIn">
<msg time="2024-07-01T11:13:05.029031" level="INFO">${json_data} = {'results': [{'gender': 'female', 'name': {'title': 'Mrs', 'first': 'Roberta', 'last': 'Taylor'}, 'location': {'street': {'number': 3702, 'name': 'Wheeler Ridge Dr'}, 'city': 'Huntsville', 'state': 'U...</msg>
<var>${json_data}</var>
<arg>${response.json()}</arg>
<doc>Returns the given values which can then be assigned to a variables.</doc>
<status status="PASS" start="2024-07-01T11:13:05.028415" elapsed="0.000645"/>
</kw>
<kw name="Log" owner="BuiltIn">
<msg time="2024-07-01T11:13:05.029553" level="INFO">{'results': [{'gender': 'female', 'name': {'title': 'Mrs', 'first': 'Roberta', 'last': 'Taylor'}, 'location': {'street': {'number': 3702, 'name': 'Wheeler Ridge Dr'}, 'city': 'Huntsville', 'state': 'Utah', 'country': 'United States', 'postcode': 19504, 'coordinates': {'latitude': '84.2208', 'longitude': '131.7813'}, 'timezone': {'offset': '+5:45', 'description': 'Kathmandu'}}, 'email': 'roberta.taylor@example.com', 'login': {'uuid': 'ce6c5f6d-16a2-47e9-87dc-98bc1185617a', 'username': 'silvermeercat564', 'password': 'studman', 'salt': 'yQlD4KcC', 'md5': '2fed7d8e0da0e9fb75b6bf3579450638', 'sha1': '847c0684a0cf4af51fa3786eeebfd41be5d60ab3', 'sha256': '83d172d7f92d6ca0251553e1ce403704dd7b3f35f97e45554702c11634bc1fd1'}, 'dob': {'date': '1986-12-26T06:59:38.101Z', 'age': 37}, 'registered': {'date': '2018-06-26T03:43:50.825Z', 'age': 6}, 'phone': '(253) 504-6814', 'cell': '(839) 562-2189', 'id': {'name': 'SSN', 'value': '343-82-6788'}, 'picture': {'large': 'https://randomuser.me/api/portraits/women/8.jpg', 'medium': 'https://randomuser.me/api/portraits/med/women/8.jpg', 'thumbnail': 'https://randomuser.me/api/portraits/thumb/women/8.jpg'}, 'nat': 'US'}], 'info': {'seed': '1f2637aff1d74df6', 'results': 1, 'page': 1, 'version': '1.4'}}</msg>
<arg>${json_data}</arg>
<doc>Logs the given message with the given level.</doc>
<status status="PASS" start="2024-07-01T11:13:05.029386" elapsed="0.000216"/>
</kw>
<kw name="Should Be String" owner="String">
<arg>${json_data['results'][0]['gender']}</arg>
<doc>Fails if the given ``item`` is not a string.</doc>
<status status="PASS" start="2024-07-01T11:13:05.029898" elapsed="0.000362"/>
</kw>
<kw name="Should Match Regexp" owner="BuiltIn">
<arg>${json_data['results'][0]['email']}</arg>
<arg>^[a-zA-Z0-9._%+-]+@[a-zA-Z0-9.-]+\.[a-zA-Z]{2,}$</arg>
<doc>Fails if ``string`` does not match ``pattern`` as a regular expression.</doc>
<status status="PASS" start="2024-07-01T11:13:05.030491" elapsed="0.000569"/>
</kw>
<kw name="Should Match Regexp" owner="BuiltIn">
<arg>${json_data['results'][0]['dob']['date']}</arg>
<arg>\\d{4}-\\d{2}-\\d{2}T\\d{2}:\\d{2}:\\d{2}\\.\\d{3}Z</arg>
<doc>Fails if ``string`` does not match ``pattern`` as a regular expression.</doc>
<status status="PASS" start="2024-07-01T11:13:05.031255" elapsed="0.000493"/>
</kw>
<kw name="Should Match Regexp" owner="BuiltIn">
<arg>${json_data['results'][0]['registered']['date']}</arg>
<arg>\\d{4}-\\d{2}-\\d{2}T\\d{2}:\\d{2}:\\d{2}\\.\\d{3}Z</arg>
<doc>Fails if ``string`` does not match ``pattern`` as a regular expression.</doc>
<status status="PASS" start="2024-07-01T11:13:05.031937" elapsed="0.000364"/>
</kw>
<kw name="Should Match Regexp" owner="BuiltIn">
<arg>${json_data['results'][0]['picture']['large']}</arg>
<arg>^https?://.*\.(?:png|jpe?g|gif|bmp)$</arg>
<doc>Fails if ``string`` does not match ``pattern`` as a regular expression.</doc>
<status status="PASS" start="2024-07-01T11:13:05.032485" elapsed="0.000462"/>
</kw>
<kw name="Should Match Regexp" owner="BuiltIn">
<arg>${json_data['results'][0]['picture']['medium']}</arg>
<arg>^https?://.*\.(?:png|jpe?g|gif|bmp)$</arg>
<doc>Fails if ``string`` does not match ``pattern`` as a regular expression.</doc>
<status status="PASS" start="2024-07-01T11:13:05.033143" elapsed="0.000365"/>
</kw>
<kw name="Should Match Regexp" owner="BuiltIn">
<arg>${json_data['results'][0]['picture']['thumbnail']}</arg>
<arg>^https?://.*\.(?:png|jpe?g|gif|bmp)$</arg>
<doc>Fails if ``string`` does not match ``pattern`` as a regular expression.</doc>
<status status="PASS" start="2024-07-01T11:13:05.033702" elapsed="0.000357"/>
</kw>
<kw name="Log" owner="BuiltIn">
<msg time="2024-07-01T11:13:05.034599" level="INFO">{'large': 'https://randomuser.me/api/portraits/women/8.jpg', 'medium': 'https://randomuser.me/api/portraits/med/women/8.jpg', 'thumbnail': 'https://randomuser.me/api/portraits/thumb/women/8.jpg'}</msg>
<arg>${json_data['results'][0]['picture']}</arg>
<doc>Logs the given message with the given level.</doc>
<status status="PASS" start="2024-07-01T11:13:05.034241" elapsed="0.000404"/>
</kw>
<status status="PASS" start="2024-07-01T11:13:04.930794" elapsed="0.104116"/>
</kw>
<kw name="Teste de Tipos de Dados - Postcode" owner="random-user-service">
<kw name="GET On Session" owner="RequestsLibrary">
<msg time="2024-07-01T11:13:05.129713" level="INFO">GET Request : url=https://randomuser.me/api 
 path_url=/api 
 headers={'User-Agent': 'python-requests/2.32.3', 'Accept-Encoding': 'gzip, deflate', 'Accept': '*/*', 'Connection': 'keep-alive'} 
 body=None 
 </msg>
<msg time="2024-07-01T11:13:05.129811" level="INFO">GET Response : url=https://randomuser.me/api 
 status=200, reason=OK 
 headers={'Date': 'Mon, 01 Jul 2024 11:13:05 GMT', 'Content-Type': 'application/json; charset=utf-8', 'Transfer-Encoding': 'chunked', 'Connection': 'keep-alive', 'X-Powered-By': 'Express', 'Access-Control-Allow-Origin': '*', 'Cache-Control': 'no-cache', 'ETag': 'W/"49e-DvCgzhzSaYb3gABGTMF3x4cHlQ0"', 'Vary': 'Accept-Encoding', 'Content-Encoding': 'gzip', 'CF-Cache-Status': 'DYNAMIC', 'Report-To': '{"endpoints":[{"url":"https:\\/\\/a.nel.cloudflare.com\\/report\\/v4?s=hmGOc6fx4LdcUvONxnUi9ol85hJC9txNtt0p%2FwAL3pxCjGIG0Dl%2FRrNgaS6Zxmn98utNS0N5tjwFhOjQOnh4xgnX7rdTlYveMXJ2Q6%2FHbziTQnMiIaMq3l0xaT6g%2FhiB"}],"group":"cf-nel","max_age":604800}', 'NEL': '{"success_fraction":0,"report_to":"cf-nel","max_age":604800}', 'Server': 'cloudflare', 'CF-RAY': '89c5f6f67ea569b4-LAX', 'alt-svc': 'h3=":443"; ma=86400'} 
 body={"results":[{"gender":"female","name":{"title":"Mrs","first":"Marionice","last":"Freitas"},"location":{"street":{"number":6079,"name":"Rua Vinte de Setembro"},"city":"Piracicaba","state":"Rondônia","country":"Brazil","postcode":63446,"coordinates":{"latitude":"-79.8173","longitude":"121.3223"},"timezone":{"offset":"+6:00","description":"Almaty, Dhaka, Colombo"}},"email":"marionice.freitas@example.com","login":{"uuid":"a76c9eac-9e46-48c1-836a-5bae45b02ac9","username":"redfrog750","password":"goober","salt":"4sxFWgtl","md5":"f81851a19332f186edc8d9cdb1d648b3","sha1":"532d4b8fc5ae6974a6675c858afa17b1ccc13efd","sha256":"1aaafcfbcc1ff8284c94a8427024a44f426063044539bda50c4ead9c633afc18"},"dob":{"date":"1982-03-17T00:32:16.641Z","age":42},"registered":{"date":"2020-12-26T21:15:09.501Z","age":3},"phone":"(37) 0167-6021","cell":"(86) 7311-0481","id":{"name":"CPF","value":"209.560.360-69"},"picture":{"large":"https://randomuser.me/api/portraits/women/24.jpg","medium":"https://randomuser.me/api/portraits/med/women/24.jpg","thumbnail":"https://randomuser.me/api/portraits/thumb/women/24.jpg"},"nat":"BR"}],"info":{"seed":"d723edabc7c86713","results":1,"page":1,"version":"1.4"}} 
 </msg>
<msg time="2024-07-01T11:13:05.129887" level="INFO">/opt/hostedtoolcache/Python/3.12.4/x64/lib/python3.12/site-packages/urllib3/connectionpool.py:1099: InsecureRequestWarning: Unverified HTTPS request is being made to host 'randomuser.me'. Adding certificate verification is strongly advised. See: https://urllib3.readthedocs.io/en/latest/advanced-usage.html#tls-warnings
  warnings.warn(</msg>
<msg time="2024-07-01T11:13:05.130002" level="INFO">${response} = &lt;Response [200]&gt;</msg>
<var>${response}</var>
<arg>consultarAPI</arg>
<arg>/api</arg>
<doc>Sends a GET request on a previously created HTTP Session.</doc>
<status status="PASS" start="2024-07-01T11:13:05.035391" elapsed="0.094637"/>
</kw>
<kw name="Set Variable" owner="BuiltIn">
<msg time="2024-07-01T11:13:05.131173" level="INFO">${json_data} = {'results': [{'gender': 'female', 'name': {'title': 'Mrs', 'first': 'Marionice', 'last': 'Freitas'}, 'location': {'street': {'number': 6079, 'name': 'Rua Vinte de Setembro'}, 'city': 'Piracicaba', 'st...</msg>
<var>${json_data}</var>
<arg>${response.json()}</arg>
<doc>Returns the given values which can then be assigned to a variables.</doc>
<status status="PASS" start="2024-07-01T11:13:05.130642" elapsed="0.000559"/>
</kw>
<kw name="Log" owner="BuiltIn">
<msg time="2024-07-01T11:13:05.131685" level="INFO">{'results': [{'gender': 'female', 'name': {'title': 'Mrs', 'first': 'Marionice', 'last': 'Freitas'}, 'location': {'street': {'number': 6079, 'name': 'Rua Vinte de Setembro'}, 'city': 'Piracicaba', 'state': 'Rondônia', 'country': 'Brazil', 'postcode': 63446, 'coordinates': {'latitude': '-79.8173', 'longitude': '121.3223'}, 'timezone': {'offset': '+6:00', 'description': 'Almaty, Dhaka, Colombo'}}, 'email': 'marionice.freitas@example.com', 'login': {'uuid': 'a76c9eac-9e46-48c1-836a-5bae45b02ac9', 'username': 'redfrog750', 'password': 'goober', 'salt': '4sxFWgtl', 'md5': 'f81851a19332f186edc8d9cdb1d648b3', 'sha1': '532d4b8fc5ae6974a6675c858afa17b1ccc13efd', 'sha256': '1aaafcfbcc1ff8284c94a8427024a44f426063044539bda50c4ead9c633afc18'}, 'dob': {'date': '1982-03-17T00:32:16.641Z', 'age': 42}, 'registered': {'date': '2020-12-26T21:15:09.501Z', 'age': 3}, 'phone': '(37) 0167-6021', 'cell': '(86) 7311-0481', 'id': {'name': 'CPF', 'value': '209.560.360-69'}, 'picture': {'large': 'https://randomuser.me/api/portraits/women/24.jpg', 'medium': 'https://randomuser.me/api/portraits/med/women/24.jpg', 'thumbnail': 'https://randomuser.me/api/portraits/thumb/women/24.jpg'}, 'nat': 'BR'}], 'info': {'seed': 'd723edabc7c86713', 'results': 1, 'page': 1, 'version': '1.4'}}</msg>
<arg>${json_data}</arg>
<doc>Logs the given message with the given level.</doc>
<status status="PASS" start="2024-07-01T11:13:05.131521" elapsed="0.000215"/>
</kw>
<kw name="Should Be Equal As Numbers" owner="BuiltIn">
<arg>${json_data['results'][0]['location']['postcode']}</arg>
<arg>${json_data['results'][0]['location']['postcode']}</arg>
<doc>Fails if objects are unequal after converting them to real numbers.</doc>
<status status="PASS" start="2024-07-01T11:13:05.132045" elapsed="0.000642"/>
</kw>
<kw name="Log" owner="BuiltIn">
<msg time="2024-07-01T11:13:05.133417" level="INFO">63446</msg>
<arg>${json_data['results'][0]['location']['postcode']}</arg>
<doc>Logs the given message with the given level.</doc>
<status status="PASS" start="2024-07-01T11:13:05.132912" elapsed="0.000547"/>
</kw>
<status status="PASS" start="2024-07-01T11:13:05.035150" elapsed="0.098568"/>
</kw>
<doc>Testa se os tipos de dados na resposta da API estão corretos.</doc>
<tag>testeTiposDados</tag>
<status status="PASS" start="2024-07-01T11:13:04.930296" elapsed="0.203590"/>
</test>
<test id="s1-s1-t5" name="Validar conteudo" line="35">
<kw name="Teste de Tipos de Conteudo" owner="random-user-service">
<kw name="GET On Session" owner="RequestsLibrary">
<msg time="2024-07-01T11:13:05.249022" level="INFO">GET Request : url=https://randomuser.me/api 
 path_url=/api 
 headers={'User-Agent': 'python-requests/2.32.3', 'Accept-Encoding': 'gzip, deflate', 'Accept': '*/*', 'Connection': 'keep-alive'} 
 body=None 
 </msg>
<msg time="2024-07-01T11:13:05.249129" level="INFO">GET Response : url=https://randomuser.me/api 
 status=200, reason=OK 
 headers={'Date': 'Mon, 01 Jul 2024 11:13:05 GMT', 'Content-Type': 'application/json; charset=utf-8', 'Transfer-Encoding': 'chunked', 'Connection': 'keep-alive', 'X-Powered-By': 'Express', 'Access-Control-Allow-Origin': '*', 'Cache-Control': 'no-cache', 'ETag': 'W/"491-VQgsPelKoJIIxW0Pz5da9SJwIGc"', 'Vary': 'Accept-Encoding', 'Content-Encoding': 'gzip', 'CF-Cache-Status': 'DYNAMIC', 'Report-To': '{"endpoints":[{"url":"https:\\/\\/a.nel.cloudflare.com\\/report\\/v4?s=Y6FUefZ1hUWuH%2B5WgFhJvMnkAvKiGZNVnI3FBNQfIJyCH1zzbO2EDKLJ2J2iG%2F5M4Mpyx%2BLU4zyfgNHQ2uEdIzMmJ%2BG82lg9zH2tg40F2NpO1pQSN0jrJaLESRifpdBt"}],"group":"cf-nel","max_age":604800}', 'NEL': '{"success_fraction":0,"report_to":"cf-nel","max_age":604800}', 'Server': 'cloudflare', 'CF-RAY': '89c5f6f72f0c69b4-LAX', 'alt-svc': 'h3=":443"; ma=86400'} 
 body={"results":[{"gender":"female","name":{"title":"Ms","first":"Melina","last":"Rukavina"},"location":{"street":{"number":4871,"name":"Radomira Kovačevića"},"city":"Žagubica","state":"Zaječar","country":"Serbia","postcode":28003,"coordinates":{"latitude":"57.5853","longitude":"53.7259"},"timezone":{"offset":"+6:00","description":"Almaty, Dhaka, Colombo"}},"email":"melina.rukavina@example.com","login":{"uuid":"8acc7bff-3797-42cd-a763-52a0c2b15279","username":"bluegoose250","password":"goldberg","salt":"DJDjWY6E","md5":"8e26132a70b3ed887ac384fc62b50467","sha1":"8b31002c4e491934aebfefa9c2c987c5aaba1b19","sha256":"e3fb69f8d903ae3001332c71410c6fa0c70ee505b51160847b3c4563c3994a8a"},"dob":{"date":"1980-10-19T21:06:54.457Z","age":43},"registered":{"date":"2002-10-05T10:35:41.024Z","age":21},"phone":"017-0314-589","cell":"063-3815-628","id":{"name":"SID","value":"931122727"},"picture":{"large":"https://randomuser.me/api/portraits/women/76.jpg","medium":"https://randomuser.me/api/portraits/med/women/76.jpg","thumbnail":"https://randomuser.me/api/portraits/thumb/women/76.jpg"},"nat":"RS"}],"info":{"seed":"cad1f1461e53b04c","results":1,"page":1,"version":"1.4"}} 
 </msg>
<msg time="2024-07-01T11:13:05.249218" level="INFO">/opt/hostedtoolcache/Python/3.12.4/x64/lib/python3.12/site-packages/urllib3/connectionpool.py:1099: InsecureRequestWarning: Unverified HTTPS request is being made to host 'randomuser.me'. Adding certificate verification is strongly advised. See: https://urllib3.readthedocs.io/en/latest/advanced-usage.html#tls-warnings
  warnings.warn(</msg>
<msg time="2024-07-01T11:13:05.249341" level="INFO">${response} = &lt;Response [200]&gt;</msg>
<var>${response}</var>
<arg>consultarAPI</arg>
<arg>/api</arg>
<doc>Sends a GET request on a previously created HTTP Session.</doc>
<status status="PASS" start="2024-07-01T11:13:05.136350" elapsed="0.113031"/>
</kw>
<kw name="Set Variable" owner="BuiltIn">
<msg time="2024-07-01T11:13:05.250377" level="INFO">${json_data} = {'results': [{'gender': 'female', 'name': {'title': 'Ms', 'first': 'Melina', 'last': 'Rukavina'}, 'location': {'street': {'number': 4871, 'name': 'Radomira Kovačevića'}, 'city': 'Žagubica', 'state': '...</msg>
<var>${json_data}</var>
<arg>${response.json()}</arg>
<doc>Returns the given values which can then be assigned to a variables.</doc>
<status status="PASS" start="2024-07-01T11:13:05.249845" elapsed="0.000562"/>
</kw>
<kw name="Set Variable" owner="BuiltIn">
<msg time="2024-07-01T11:13:05.251148" level="INFO">${name_title} = Ms</msg>
<var>${name_title}</var>
<arg>${json_data["results"][0]["name"]["title"]}</arg>
<doc>Returns the given values which can then be assigned to a variables.</doc>
<status status="PASS" start="2024-07-01T11:13:05.250763" elapsed="0.000410"/>
</kw>
<kw name="Create List" owner="BuiltIn">
<msg time="2024-07-01T11:13:05.251613" level="INFO">${allowed_titles} = ['Mr', 'Ms', 'Miss', 'Mrs', 'Madame', 'Monsieur']</msg>
<var>${allowed_titles}</var>
<arg>Mr</arg>
<arg>Ms</arg>
<arg>Miss</arg>
<arg>Mrs</arg>
<arg>Madame</arg>
<arg>Monsieur</arg>
<doc>Returns a list containing given items.</doc>
<status status="PASS" start="2024-07-01T11:13:05.251465" elapsed="0.000171"/>
</kw>
<kw name="List Should Contain Value" owner="Collections">
<arg>${allowed_titles}</arg>
<arg>${name_title}</arg>
<doc>Fails if the ``value`` is not found from ``list``.</doc>
<status status="PASS" start="2024-07-01T11:13:05.251933" elapsed="0.000175"/>
</kw>
<kw name="Set Variable" owner="BuiltIn">
<msg time="2024-07-01T11:13:05.252655" level="INFO">${name_country} = RS</msg>
<var>${name_country}</var>
<arg>${json_data["results"][0]["nat"]}</arg>
<doc>Returns the given values which can then be assigned to a variables.</doc>
<status status="PASS" start="2024-07-01T11:13:05.252291" elapsed="0.000388"/>
</kw>
<kw name="Create List" owner="BuiltIn">
<msg time="2024-07-01T11:13:05.253560" level="INFO">${list_country} = ['AD', 'AE', 'AF', 'AG', 'AI', 'AL', 'AM', 'AO', 'AQ', 'AR', 'AS', 'AT', 'AU', 'AW', 'AX', 'AZ', 'BA', 'BB', 'BD', 'BE', 'BF', 'BG', 'BH', 'BI', 'BJ', 'BL', 'BM', 'BN', 'BO', 'BQ', 'BR', 'BS', 'BT', '...</msg>
<var>${list_country}</var>
<arg>AD</arg>
<arg>AE</arg>
<arg>AF</arg>
<arg>AG</arg>
<arg>AI</arg>
<arg>AL</arg>
<arg>AM</arg>
<arg>AO</arg>
<arg>AQ</arg>
<arg>AR</arg>
<arg>AS</arg>
<arg>AT</arg>
<arg>AU</arg>
<arg>AW</arg>
<arg>AX</arg>
<arg>AZ</arg>
<arg>BA</arg>
<arg>BB</arg>
<arg>BD</arg>
<arg>BE</arg>
<arg>BF</arg>
<arg>BG</arg>
<arg>BH</arg>
<arg>BI</arg>
<arg>BJ</arg>
<arg>BL</arg>
<arg>BM</arg>
<arg>BN</arg>
<arg>BO</arg>
<arg>BQ</arg>
<arg>BR</arg>
<arg>BS</arg>
<arg>BT</arg>
<arg>BV</arg>
<arg>BW</arg>
<arg>BY</arg>
<arg>BZ</arg>
<arg>CA</arg>
<arg>CC</arg>
<arg>CD</arg>
<arg>CF</arg>
<arg>CG</arg>
<arg>CH</arg>
<arg>CI</arg>
<arg>CK</arg>
<arg>CL</arg>
<arg>CM</arg>
<arg>CN</arg>
<arg>CO</arg>
<arg>CR</arg>
<arg>CU</arg>
<arg>CV</arg>
<arg>CW</arg>
<arg>CX</arg>
<arg>CY</arg>
<arg>CZ</arg>
<arg>DE</arg>
<arg>DJ</arg>
<arg>DK</arg>
<arg>DM</arg>
<arg>DO</arg>
<arg>DZ</arg>
<arg>EC</arg>
<arg>EE</arg>
<arg>EG</arg>
<arg>EH</arg>
<arg>ER</arg>
<arg>ES</arg>
<arg>ET</arg>
<arg>FI</arg>
<arg>FJ</arg>
<arg>FK</arg>
<arg>FM</arg>
<arg>FO</arg>
<arg>FR</arg>
<arg>GA</arg>
<arg>GB</arg>
<arg>GD</arg>
<arg>GE</arg>
<arg>GF</arg>
<arg>GG</arg>
<arg>GH</arg>
<arg>GI</arg>
<arg>GL</arg>
<arg>GM</arg>
<arg>GN</arg>
<arg>GP</arg>
<arg>GQ</arg>
<arg>GR</arg>
<arg>GS</arg>
<arg>GT</arg>
<arg>GU</arg>
<arg>GW</arg>
<arg>GY</arg>
<arg>HK</arg>
<arg>HM</arg>
<arg>HN</arg>
<arg>HR</arg>
<arg>HT</arg>
<arg>HU</arg>
<arg>ID</arg>
<arg>IE</arg>
<arg>IL</arg>
<arg>IM</arg>
<arg>IN</arg>
<arg>IO</arg>
<arg>IQ</arg>
<arg>IR</arg>
<arg>IS</arg>
<arg>IT</arg>
<arg>JE</arg>
<arg>JM</arg>
<arg>JO</arg>
<arg>JP</arg>
<arg>KE</arg>
<arg>KG</arg>
<arg>KH</arg>
<arg>KI</arg>
<arg>KM</arg>
<arg>KN</arg>
<arg>KP</arg>
<arg>KR</arg>
<arg>KW</arg>
<arg>KY</arg>
<arg>KZ</arg>
<arg>LA</arg>
<arg>LB</arg>
<arg>LC</arg>
<arg>LI</arg>
<arg>LK</arg>
<arg>LR</arg>
<arg>LS</arg>
<arg>LT</arg>
<arg>LU</arg>
<arg>LV</arg>
<arg>LY</arg>
<arg>MA</arg>
<arg>MC</arg>
<arg>MD</arg>
<arg>ME</arg>
<arg>MF</arg>
<arg>MG</arg>
<arg>MH</arg>
<arg>MK</arg>
<arg>ML</arg>
<arg>MM</arg>
<arg>MN</arg>
<arg>MO</arg>
<arg>MP</arg>
<arg>MQ</arg>
<arg>MR</arg>
<arg>MS</arg>
<arg>MT</arg>
<arg>MU</arg>
<arg>MV</arg>
<arg>MW</arg>
<arg>MX</arg>
<arg>MY</arg>
<arg>MZ</arg>
<arg>NA</arg>
<arg>NC</arg>
<arg>NE</arg>
<arg>NF</arg>
<arg>NG</arg>
<arg>NI</arg>
<arg>NL</arg>
<arg>NO</arg>
<arg>NP</arg>
<arg>NR</arg>
<arg>NU</arg>
<arg>NZ</arg>
<arg>OM</arg>
<arg>PA</arg>
<arg>PE</arg>
<arg>PF</arg>
<arg>PG</arg>
<arg>PH</arg>
<arg>PK</arg>
<arg>PL</arg>
<arg>PM</arg>
<arg>PN</arg>
<arg>PR</arg>
<arg>PS</arg>
<arg>PT</arg>
<arg>PW</arg>
<arg>PY</arg>
<arg>QA</arg>
<arg>RE</arg>
<arg>RO</arg>
<arg>RS</arg>
<arg>RU</arg>
<arg>RW</arg>
<arg>SA</arg>
<arg>SB</arg>
<arg>SC</arg>
<arg>SD</arg>
<arg>SE</arg>
<arg>SG</arg>
<arg>SH</arg>
<arg>SI</arg>
<arg>SJ</arg>
<arg>SK</arg>
<arg>SL</arg>
<arg>SM</arg>
<arg>SN</arg>
<arg>SO</arg>
<arg>SR</arg>
<arg>SS</arg>
<arg>ST</arg>
<arg>SV</arg>
<arg>SX</arg>
<arg>SY</arg>
<arg>SZ</arg>
<arg>TC</arg>
<arg>TD</arg>
<arg>TF</arg>
<arg>TG</arg>
<arg>TH</arg>
<arg>TJ</arg>
<arg>TK</arg>
<arg>TL</arg>
<arg>TM</arg>
<arg>TN</arg>
<arg>TO</arg>
<arg>TR</arg>
<arg>TT</arg>
<arg>TV</arg>
<arg>TW</arg>
<arg>TZ</arg>
<arg>UA</arg>
<arg>UG</arg>
<arg>UM</arg>
<arg>US</arg>
<arg>UY</arg>
<arg>UZ</arg>
<arg>VA</arg>
<arg>VC</arg>
<arg>VE</arg>
<arg>VG</arg>
<arg>VI</arg>
<arg>VN</arg>
<arg>VU</arg>
<arg>WF</arg>
<arg>WS</arg>
<arg>XK</arg>
<arg>YE</arg>
<arg>YT</arg>
<arg>ZA</arg>
<arg>ZM</arg>
<arg>ZW</arg>
<doc>Returns a list containing given items.</doc>
<status status="PASS" start="2024-07-01T11:13:05.252966" elapsed="0.000619"/>
</kw>
<kw name="List Should Contain Value" owner="Collections">
<arg>${list_country}</arg>
<arg>${name_country}</arg>
<doc>Fails if the ``value`` is not found from ``list``.</doc>
<status status="PASS" start="2024-07-01T11:13:05.254376" elapsed="0.000229"/>
</kw>
<kw name="Run Keyword If" owner="BuiltIn">
<kw name="Should Be True" owner="BuiltIn">
<arg>${True}</arg>
<doc>Fails if the given condition is not true.</doc>
<status status="PASS" start="2024-07-01T11:13:05.255541" elapsed="0.000141"/>
</kw>
<arg>${json_data["results"][0]["location"]["coordinates"]["latitude"]} &gt;= -90 and ${json_data["results"][0]["location"]["coordinates"]["latitude"]} &lt;= 90</arg>
<arg>Should Be True</arg>
<arg>${True}</arg>
<doc>Runs the given keyword with the given arguments, if ``condition`` is true.</doc>
<status status="PASS" start="2024-07-01T11:13:05.254806" elapsed="0.000999"/>
</kw>
<kw name="Run Keyword If" owner="BuiltIn">
<kw name="Should Be True" owner="BuiltIn">
<arg>${True}</arg>
<doc>Fails if the given condition is not true.</doc>
<status status="PASS" start="2024-07-01T11:13:05.256660" elapsed="0.000235"/>
</kw>
<arg>${json_data["results"][0]["location"]["coordinates"]["longitude"]} &gt;= -180 and ${json_data["results"][0]["location"]["coordinates"]["longitude"]} &lt;= 180</arg>
<arg>Should Be True</arg>
<arg>${True}</arg>
<doc>Runs the given keyword with the given arguments, if ``condition`` is true.</doc>
<status status="PASS" start="2024-07-01T11:13:05.255980" elapsed="0.001041"/>
</kw>
<status status="PASS" start="2024-07-01T11:13:05.136132" elapsed="0.121021"/>
</kw>
<doc>Testa o conteúdo específico dos campos retornados pela API.</doc>
<tag>testeConteudo</tag>
<status status="PASS" start="2024-07-01T11:13:05.135681" elapsed="0.121622"/>
</test>
<status status="PASS" start="2024-07-01T11:13:04.267493" elapsed="0.991782"/>
</suite>
<status status="PASS" start="2024-07-01T11:13:04.252904" elapsed="1.011469"/>
</suite>
<statistics>
<total>
<stat pass="5" fail="0" skip="0">All Tests</stat>
</total>
<tag>
<stat pass="1" fail="0" skip="0">testeConteudo</stat>
<stat pass="1" fail="0" skip="0">testeEstruturaResposta</stat>
<stat pass="1" fail="0" skip="0">testeRequisicaoBasica</stat>
<stat pass="1" fail="0" skip="0">testeTiposDados</stat>
</tag>
<suite>
<stat pass="5" fail="0" skip="0" id="s1" name="Tests">Tests</stat>
<stat pass="5" fail="0" skip="0" id="s1-s1" name="Random-User-Test">Tests.Random-User-Test</stat>
</suite>
</statistics>
<errors>
</errors>
</robot>
