<?xml version="1.0" encoding="UTF-8"?>
<robot generator="Robot 7.0 (Python 3.12.3 on linux)" generated="2024-05-01T05:13:33.834738" rpa="false" schemaversion="5">
<suite id="s1" name="Tests" source="/home/runner/work/DesafioQAItauRogerioJordao/DesafioQAItauRogerioJordao/RamdonUser/tests">
<suite id="s1-s1" name="Random-User-Test" source="/home/runner/work/DesafioQAItauRogerioJordao/DesafioQAItauRogerioJordao/RamdonUser/tests/random-user-test.robot">
<test id="s1-s1-t1" name="Conectar" line="13">
<kw name="Conectar API" owner="random-user-service">
<kw name="Create Session" owner="RequestsLibrary">
<msg time="2024-05-01T05:13:34.230821" level="INFO">Creating Session using : alias=consultarAPI, url=https://randomuser.me/, headers={},                     cookies={}, auth=None, timeout=None, proxies=None, verify=False,                     debug=0 </msg>
<arg>consultarAPI</arg>
<arg>${URL}</arg>
<doc>Create Session: create a HTTP session to a server</doc>
<status status="PASS" start="2024-05-01T05:13:34.230578" elapsed="0.000471"/>
</kw>
<status status="PASS" start="2024-05-01T05:13:34.229483" elapsed="0.002002"/>
</kw>
<status status="PASS" start="2024-05-01T05:13:34.228791" elapsed="0.002906"/>
</test>
<test id="s1-s1-t2" name="Validar retorno 200 e JSON Válido" line="16">
<kw name="Teste de Requisicao Basica" owner="random-user-service">
<kw name="GET On Session" owner="RequestsLibrary">
<msg time="2024-05-01T05:13:34.415321" level="INFO">GET Request : url=https://randomuser.me/api 
 path_url=/api 
 headers={'User-Agent': 'python-requests/2.31.0', 'Accept-Encoding': 'gzip, deflate', 'Accept': '*/*', 'Connection': 'keep-alive'} 
 body=None 
 </msg>
<msg time="2024-05-01T05:13:34.415503" level="INFO">GET Response : url=https://randomuser.me/api 
 status=200, reason=OK 
 headers={'Date': 'Wed, 01 May 2024 05:13:34 GMT', 'Content-Type': 'application/json; charset=utf-8', 'Transfer-Encoding': 'chunked', 'Connection': 'keep-alive', 'X-Powered-By': 'Express', 'Access-Control-Allow-Origin': '*', 'Cache-Control': 'no-cache', 'ETag': 'W/"4b3-4FclFFeE5Sjlnn+Bm/ISujhU4pU"', 'Vary': 'Accept-Encoding', 'Content-Encoding': 'gzip', 'CF-Cache-Status': 'DYNAMIC', 'Report-To': '{"endpoints":[{"url":"https:\\/\\/a.nel.cloudflare.com\\/report\\/v4?s=ShkP6ps7MhjE5%2FG6cPDdB3%2BkkoXFC%2FU8BsDnEzcclFOE0HiYop7CwPCDse0nNZjyqsmcvIJbLyjioUrPpE23nGi%2Fpv3%2Fqn0EWCwYDPeo%2FvTGrU%2F6tDFBead89gU3UYjw"}],"group":"cf-nel","max_age":604800}', 'NEL': '{"success_fraction":0,"report_to":"cf-nel","max_age":604800}', 'Server': 'cloudflare', 'CF-RAY': '87cd4875de4172ed-IAD', 'alt-svc': 'h3=":443"; ma=86400'} 
 body={"results":[{"gender":"female","name":{"title":"Ms","first":"Feodosiya","last":"Biloskurskiy"},"location":{"street":{"number":6279,"name":"Provulok Vsevoloda Petriva"},"city":"Voznesenivka","state":"Volinska","country":"Ukraine","postcode":52318,"coordinates":{"latitude":"77.9605","longitude":"130.4360"},"timezone":{"offset":"-4:00","description":"Atlantic Time (Canada), Caracas, La Paz"}},"email":"feodosiya.biloskurskiy@example.com","login":{"uuid":"f1c4aa21-73c1-47ac-9d5c-51f0c794d004","username":"smallgoose212","password":"evelyn","salt":"mYgEOVhY","md5":"ca7219453003412cb7947fec16aba4c4","sha1":"9f7d9dff8f69bb08f61c3a778aa222359eb0cfa6","sha256":"fdb907e60cb698a079454de0cacb684add1b8e38dcf18451e4ccc4cf0f4c8845"},"dob":{"date":"1998-07-28T23:12:09.944Z","age":25},"registered":{"date":"2002-06-24T12:35:50.014Z","age":21},"phone":"(096) O38-0023","cell":"(096) E74-3603","id":{"name":"","value":null},"picture":{"large":"https://randomuser.me/api/portraits/women/75.jpg","medium":"https://randomuser.me/api/portraits/med/women/75.jpg","thumbnail":"https://randomuser.me/api/portraits/thumb/women/75.jpg"},"nat":"UA"}],"info":{"seed":"08bc3d19e35af7a7","results":1,"page":1,"version":"1.4"}} 
 </msg>
<msg time="2024-05-01T05:13:34.415611" level="INFO">/opt/hostedtoolcache/Python/3.12.3/x64/lib/python3.12/site-packages/urllib3/connectionpool.py:1103: InsecureRequestWarning: Unverified HTTPS request is being made to host 'randomuser.me'. Adding certificate verification is strongly advised. See: https://urllib3.readthedocs.io/en/latest/advanced-usage.html#tls-warnings
  warnings.warn(</msg>
<msg time="2024-05-01T05:13:34.415773" level="INFO">${response} = &lt;Response [200]&gt;</msg>
<var>${response}</var>
<arg>consultarAPI</arg>
<arg>/api</arg>
<doc>Sends a GET request on a previously created HTTP Session.</doc>
<status status="PASS" start="2024-05-01T05:13:34.234575" elapsed="0.181241"/>
</kw>
<kw name="Should Be Equal As Numbers" owner="BuiltIn">
<msg time="2024-05-01T05:13:34.417078" level="INFO">Argument types are:
&lt;class 'int'&gt;
&lt;class 'str'&gt;</msg>
<arg>${response.status_code}</arg>
<arg>200</arg>
<doc>Fails if objects are unequal after converting them to real numbers.</doc>
<status status="PASS" start="2024-05-01T05:13:34.416550" elapsed="0.000633"/>
</kw>
<kw name="Log" owner="BuiltIn">
<msg time="2024-05-01T05:13:34.417978" level="INFO">200</msg>
<arg>${response.status_code}</arg>
<doc>Logs the given message with the given level.</doc>
<status status="PASS" start="2024-05-01T05:13:34.417588" elapsed="0.000435"/>
</kw>
<kw name="Set Variable" owner="BuiltIn">
<msg time="2024-05-01T05:13:34.418822" level="INFO">${json_data} = {'results': [{'gender': 'female', 'name': {'title': 'Ms', 'first': 'Feodosiya', 'last': 'Biloskurskiy'}, 'location': {'street': {'number': 6279, 'name': 'Provulok Vsevoloda Petriva'}, 'city': 'Voznese...</msg>
<var>${json_data}</var>
<arg>${response.json()}</arg>
<doc>Returns the given values which can then be assigned to a variables.</doc>
<status status="PASS" start="2024-05-01T05:13:34.418357" elapsed="0.000494"/>
</kw>
<kw name="Dictionary Should Contain Key" owner="Collections">
<msg time="2024-05-01T05:13:34.419366" level="INFO">False</msg>
<arg>${json_data}</arg>
<arg>results</arg>
<doc>Fails if ``key`` is not found from ``dictionary``.</doc>
<status status="PASS" start="2024-05-01T05:13:34.419179" elapsed="0.000228"/>
</kw>
<status status="PASS" start="2024-05-01T05:13:34.234299" elapsed="0.185412"/>
</kw>
<doc>Testa se a API responde corretamente e retorna um objeto JSON válido.</doc>
<tag>testeRequisicaoBasica</tag>
<status status="PASS" start="2024-05-01T05:13:34.233714" elapsed="0.186200"/>
</test>
<test id="s1-s1-t3" name="Validar estrutura de resposta" line="22">
<kw name="Teste de Estrutura de Resposta" owner="random-user-service">
<kw name="GET On Session" owner="RequestsLibrary">
<msg time="2024-05-01T05:13:34.511493" level="INFO">GET Request : url=https://randomuser.me/api 
 path_url=/api 
 headers={'User-Agent': 'python-requests/2.31.0', 'Accept-Encoding': 'gzip, deflate', 'Accept': '*/*', 'Connection': 'keep-alive'} 
 body=None 
 </msg>
<msg time="2024-05-01T05:13:34.511613" level="INFO">GET Response : url=https://randomuser.me/api 
 status=200, reason=OK 
 headers={'Date': 'Wed, 01 May 2024 05:13:34 GMT', 'Content-Type': 'application/json; charset=utf-8', 'Transfer-Encoding': 'chunked', 'Connection': 'keep-alive', 'X-Powered-By': 'Express', 'Access-Control-Allow-Origin': '*', 'Cache-Control': 'no-cache', 'ETag': 'W/"49a-/77nOYMdJeclYCCzgiu35/BEJBQ"', 'Vary': 'Accept-Encoding', 'Content-Encoding': 'gzip', 'CF-Cache-Status': 'DYNAMIC', 'Report-To': '{"endpoints":[{"url":"https:\\/\\/a.nel.cloudflare.com\\/report\\/v4?s=i6JmDwf67jKFUugvmZ7lkeKrj4txwsH6DctanA%2FFLxCA%2FyDVBLUW6P%2B9hyuiIClDdprMa60QFLtCdrmwU%2Bz4zMtaf%2BvB1abr4whXJBxd%2BMoyQhMlxfU091JRVztd4VtI"}],"group":"cf-nel","max_age":604800}', 'NEL': '{"success_fraction":0,"report_to":"cf-nel","max_age":604800}', 'Server': 'cloudflare', 'CF-RAY': '87cd48762e9272ed-IAD', 'alt-svc': 'h3=":443"; ma=86400'} 
 body={"results":[{"gender":"male","name":{"title":"Mr","first":"Veeti","last":"Perko"},"location":{"street":{"number":3607,"name":"Verkatehtaankatu"},"city":"Kaskinen","state":"Finland Proper","country":"Finland","postcode":61163,"coordinates":{"latitude":"-23.6688","longitude":"-127.0747"},"timezone":{"offset":"+3:00","description":"Baghdad, Riyadh, Moscow, St. Petersburg"}},"email":"veeti.perko@example.com","login":{"uuid":"eb85f429-654f-4f58-a31a-b2c74af36ac7","username":"bigostrich721","password":"chai","salt":"ywt00wHz","md5":"c98dcd73a75a9faff9631cdc7bbc601a","sha1":"4617a4777f5ce5066d5bc1d0121499de4ca51d98","sha256":"57cf86059f2c93632ddc4a670eab59d183cde06c78b12f38e8ddf4221f4052f9"},"dob":{"date":"1951-12-31T23:45:51.601Z","age":72},"registered":{"date":"2018-06-16T07:55:44.820Z","age":5},"phone":"04-691-367","cell":"044-421-84-45","id":{"name":"HETU","value":"NaNNA621undefined"},"picture":{"large":"https://randomuser.me/api/portraits/men/48.jpg","medium":"https://randomuser.me/api/portraits/med/men/48.jpg","thumbnail":"https://randomuser.me/api/portraits/thumb/men/48.jpg"},"nat":"FI"}],"info":{"seed":"9dcb6d95d4bf5b8f","results":1,"page":1,"version":"1.4"}} 
 </msg>
<msg time="2024-05-01T05:13:34.511773" level="INFO">/opt/hostedtoolcache/Python/3.12.3/x64/lib/python3.12/site-packages/urllib3/connectionpool.py:1103: InsecureRequestWarning: Unverified HTTPS request is being made to host 'randomuser.me'. Adding certificate verification is strongly advised. See: https://urllib3.readthedocs.io/en/latest/advanced-usage.html#tls-warnings
  warnings.warn(</msg>
<msg time="2024-05-01T05:13:34.511917" level="INFO">${response} = &lt;Response [200]&gt;</msg>
<var>${response}</var>
<arg>consultarAPI</arg>
<arg>/api</arg>
<doc>Sends a GET request on a previously created HTTP Session.</doc>
<status status="PASS" start="2024-05-01T05:13:34.422809" elapsed="0.089149"/>
</kw>
<kw name="Set Variable" owner="BuiltIn">
<msg time="2024-05-01T05:13:34.513309" level="INFO">${json_data} = {'results': [{'gender': 'male', 'name': {'title': 'Mr', 'first': 'Veeti', 'last': 'Perko'}, 'location': {'street': {'number': 3607, 'name': 'Verkatehtaankatu'}, 'city': 'Kaskinen', 'state': 'Finland P...</msg>
<var>${json_data}</var>
<arg>${response.json()}</arg>
<doc>Returns the given values which can then be assigned to a variables.</doc>
<status status="PASS" start="2024-05-01T05:13:34.512636" elapsed="0.000712"/>
</kw>
<kw name="Log" owner="BuiltIn">
<msg time="2024-05-01T05:13:34.513950" level="INFO">{'results': [{'gender': 'male', 'name': {'title': 'Mr', 'first': 'Veeti', 'last': 'Perko'}, 'location': {'street': {'number': 3607, 'name': 'Verkatehtaankatu'}, 'city': 'Kaskinen', 'state': 'Finland Proper', 'country': 'Finland', 'postcode': 61163, 'coordinates': {'latitude': '-23.6688', 'longitude': '-127.0747'}, 'timezone': {'offset': '+3:00', 'description': 'Baghdad, Riyadh, Moscow, St. Petersburg'}}, 'email': 'veeti.perko@example.com', 'login': {'uuid': 'eb85f429-654f-4f58-a31a-b2c74af36ac7', 'username': 'bigostrich721', 'password': 'chai', 'salt': 'ywt00wHz', 'md5': 'c98dcd73a75a9faff9631cdc7bbc601a', 'sha1': '4617a4777f5ce5066d5bc1d0121499de4ca51d98', 'sha256': '57cf86059f2c93632ddc4a670eab59d183cde06c78b12f38e8ddf4221f4052f9'}, 'dob': {'date': '1951-12-31T23:45:51.601Z', 'age': 72}, 'registered': {'date': '2018-06-16T07:55:44.820Z', 'age': 5}, 'phone': '04-691-367', 'cell': '044-421-84-45', 'id': {'name': 'HETU', 'value': 'NaNNA621undefined'}, 'picture': {'large': 'https://randomuser.me/api/portraits/men/48.jpg', 'medium': 'https://randomuser.me/api/portraits/med/men/48.jpg', 'thumbnail': 'https://randomuser.me/api/portraits/thumb/men/48.jpg'}, 'nat': 'FI'}], 'info': {'seed': '9dcb6d95d4bf5b8f', 'results': 1, 'page': 1, 'version': '1.4'}}</msg>
<arg>${json_data}</arg>
<doc>Logs the given message with the given level.</doc>
<status status="PASS" start="2024-05-01T05:13:34.513757" elapsed="0.000247"/>
</kw>
<kw name="Dictionary Should Contain Key" owner="Collections">
<msg time="2024-05-01T05:13:34.514655" level="INFO">False</msg>
<arg>${json_data}</arg>
<arg>results</arg>
<doc>Fails if ``key`` is not found from ``dictionary``.</doc>
<status status="PASS" start="2024-05-01T05:13:34.514395" elapsed="0.000305"/>
</kw>
<kw name="Should Not Be Empty" owner="BuiltIn">
<msg time="2024-05-01T05:13:34.515216" level="INFO">Length is 2.</msg>
<arg>${json_data}</arg>
<doc>Verifies that the given item is not empty.</doc>
<status status="PASS" start="2024-05-01T05:13:34.515063" elapsed="0.000387"/>
</kw>
<kw name="Create List" owner="BuiltIn">
<msg time="2024-05-01T05:13:34.515958" level="INFO">${expected_keys} = ['gender', 'name', 'location', 'email', 'login']</msg>
<var>${expected_keys}</var>
<arg>gender</arg>
<arg>name</arg>
<arg>location</arg>
<arg>email</arg>
<arg>login</arg>
<doc>Returns a list containing given items.</doc>
<status status="PASS" start="2024-05-01T05:13:34.515786" elapsed="0.000197"/>
</kw>
<for flavor="IN">
<iter>
<kw name="Dictionary Should Contain Key" owner="Collections">
<msg time="2024-05-01T05:13:34.517064" level="INFO">False</msg>
<arg>${json_data['results'][0]}</arg>
<arg>${key}</arg>
<doc>Fails if ``key`` is not found from ``dictionary``.</doc>
<status status="PASS" start="2024-05-01T05:13:34.516617" elapsed="0.000487"/>
</kw>
<kw name="Log" owner="BuiltIn">
<msg time="2024-05-01T05:13:34.517864" level="INFO">{'gender': 'male', 'name': {'title': 'Mr', 'first': 'Veeti', 'last': 'Perko'}, 'location': {'street': {'number': 3607, 'name': 'Verkatehtaankatu'}, 'city': 'Kaskinen', 'state': 'Finland Proper', 'country': 'Finland', 'postcode': 61163, 'coordinates': {'latitude': '-23.6688', 'longitude': '-127.0747'}, 'timezone': {'offset': '+3:00', 'description': 'Baghdad, Riyadh, Moscow, St. Petersburg'}}, 'email': 'veeti.perko@example.com', 'login': {'uuid': 'eb85f429-654f-4f58-a31a-b2c74af36ac7', 'username': 'bigostrich721', 'password': 'chai', 'salt': 'ywt00wHz', 'md5': 'c98dcd73a75a9faff9631cdc7bbc601a', 'sha1': '4617a4777f5ce5066d5bc1d0121499de4ca51d98', 'sha256': '57cf86059f2c93632ddc4a670eab59d183cde06c78b12f38e8ddf4221f4052f9'}, 'dob': {'date': '1951-12-31T23:45:51.601Z', 'age': 72}, 'registered': {'date': '2018-06-16T07:55:44.820Z', 'age': 5}, 'phone': '04-691-367', 'cell': '044-421-84-45', 'id': {'name': 'HETU', 'value': 'NaNNA621undefined'}, 'picture': {'large': 'https://randomuser.me/api/portraits/men/48.jpg', 'medium': 'https://randomuser.me/api/portraits/med/men/48.jpg', 'thumbnail': 'https://randomuser.me/api/portraits/thumb/men/48.jpg'}, 'nat': 'FI'}</msg>
<arg>${json_data['results'][0]}</arg>
<doc>Logs the given message with the given level.</doc>
<status status="PASS" start="2024-05-01T05:13:34.517479" elapsed="0.000435"/>
</kw>
<kw name="Log" owner="BuiltIn">
<msg time="2024-05-01T05:13:34.518358" level="INFO">gender</msg>
<arg>${key}</arg>
<doc>Logs the given message with the given level.</doc>
<status status="PASS" start="2024-05-01T05:13:34.518228" elapsed="0.000168"/>
</kw>
<var name="${key}">gender</var>
<status status="PASS" start="2024-05-01T05:13:34.516469" elapsed="0.002146"/>
</iter>
<iter>
<kw name="Dictionary Should Contain Key" owner="Collections">
<msg time="2024-05-01T05:13:34.519331" level="INFO">False</msg>
<arg>${json_data['results'][0]}</arg>
<arg>${key}</arg>
<doc>Fails if ``key`` is not found from ``dictionary``.</doc>
<status status="PASS" start="2024-05-01T05:13:34.518936" elapsed="0.000433"/>
</kw>
<kw name="Log" owner="BuiltIn">
<msg time="2024-05-01T05:13:34.520068" level="INFO">{'gender': 'male', 'name': {'title': 'Mr', 'first': 'Veeti', 'last': 'Perko'}, 'location': {'street': {'number': 3607, 'name': 'Verkatehtaankatu'}, 'city': 'Kaskinen', 'state': 'Finland Proper', 'country': 'Finland', 'postcode': 61163, 'coordinates': {'latitude': '-23.6688', 'longitude': '-127.0747'}, 'timezone': {'offset': '+3:00', 'description': 'Baghdad, Riyadh, Moscow, St. Petersburg'}}, 'email': 'veeti.perko@example.com', 'login': {'uuid': 'eb85f429-654f-4f58-a31a-b2c74af36ac7', 'username': 'bigostrich721', 'password': 'chai', 'salt': 'ywt00wHz', 'md5': 'c98dcd73a75a9faff9631cdc7bbc601a', 'sha1': '4617a4777f5ce5066d5bc1d0121499de4ca51d98', 'sha256': '57cf86059f2c93632ddc4a670eab59d183cde06c78b12f38e8ddf4221f4052f9'}, 'dob': {'date': '1951-12-31T23:45:51.601Z', 'age': 72}, 'registered': {'date': '2018-06-16T07:55:44.820Z', 'age': 5}, 'phone': '04-691-367', 'cell': '044-421-84-45', 'id': {'name': 'HETU', 'value': 'NaNNA621undefined'}, 'picture': {'large': 'https://randomuser.me/api/portraits/men/48.jpg', 'medium': 'https://randomuser.me/api/portraits/med/men/48.jpg', 'thumbnail': 'https://randomuser.me/api/portraits/thumb/men/48.jpg'}, 'nat': 'FI'}</msg>
<arg>${json_data['results'][0]}</arg>
<doc>Logs the given message with the given level.</doc>
<status status="PASS" start="2024-05-01T05:13:34.519700" elapsed="0.000416"/>
</kw>
<kw name="Log" owner="BuiltIn">
<msg time="2024-05-01T05:13:34.520539" level="INFO">name</msg>
<arg>${key}</arg>
<doc>Logs the given message with the given level.</doc>
<status status="PASS" start="2024-05-01T05:13:34.520414" elapsed="0.000162"/>
</kw>
<var name="${key}">name</var>
<status status="PASS" start="2024-05-01T05:13:34.518813" elapsed="0.001977"/>
</iter>
<iter>
<kw name="Dictionary Should Contain Key" owner="Collections">
<msg time="2024-05-01T05:13:34.521536" level="INFO">False</msg>
<arg>${json_data['results'][0]}</arg>
<arg>${key}</arg>
<doc>Fails if ``key`` is not found from ``dictionary``.</doc>
<status status="PASS" start="2024-05-01T05:13:34.521098" elapsed="0.000475"/>
</kw>
<kw name="Log" owner="BuiltIn">
<msg time="2024-05-01T05:13:34.522258" level="INFO">{'gender': 'male', 'name': {'title': 'Mr', 'first': 'Veeti', 'last': 'Perko'}, 'location': {'street': {'number': 3607, 'name': 'Verkatehtaankatu'}, 'city': 'Kaskinen', 'state': 'Finland Proper', 'country': 'Finland', 'postcode': 61163, 'coordinates': {'latitude': '-23.6688', 'longitude': '-127.0747'}, 'timezone': {'offset': '+3:00', 'description': 'Baghdad, Riyadh, Moscow, St. Petersburg'}}, 'email': 'veeti.perko@example.com', 'login': {'uuid': 'eb85f429-654f-4f58-a31a-b2c74af36ac7', 'username': 'bigostrich721', 'password': 'chai', 'salt': 'ywt00wHz', 'md5': 'c98dcd73a75a9faff9631cdc7bbc601a', 'sha1': '4617a4777f5ce5066d5bc1d0121499de4ca51d98', 'sha256': '57cf86059f2c93632ddc4a670eab59d183cde06c78b12f38e8ddf4221f4052f9'}, 'dob': {'date': '1951-12-31T23:45:51.601Z', 'age': 72}, 'registered': {'date': '2018-06-16T07:55:44.820Z', 'age': 5}, 'phone': '04-691-367', 'cell': '044-421-84-45', 'id': {'name': 'HETU', 'value': 'NaNNA621undefined'}, 'picture': {'large': 'https://randomuser.me/api/portraits/men/48.jpg', 'medium': 'https://randomuser.me/api/portraits/med/men/48.jpg', 'thumbnail': 'https://randomuser.me/api/portraits/thumb/men/48.jpg'}, 'nat': 'FI'}</msg>
<arg>${json_data['results'][0]}</arg>
<doc>Logs the given message with the given level.</doc>
<status status="PASS" start="2024-05-01T05:13:34.521883" elapsed="0.000422"/>
</kw>
<kw name="Log" owner="BuiltIn">
<msg time="2024-05-01T05:13:34.522727" level="INFO">location</msg>
<arg>${key}</arg>
<doc>Logs the given message with the given level.</doc>
<status status="PASS" start="2024-05-01T05:13:34.522600" elapsed="0.000165"/>
</kw>
<var name="${key}">location</var>
<status status="PASS" start="2024-05-01T05:13:34.520984" elapsed="0.001997"/>
</iter>
<iter>
<kw name="Dictionary Should Contain Key" owner="Collections">
<msg time="2024-05-01T05:13:34.523672" level="INFO">False</msg>
<arg>${json_data['results'][0]}</arg>
<arg>${key}</arg>
<doc>Fails if ``key`` is not found from ``dictionary``.</doc>
<status status="PASS" start="2024-05-01T05:13:34.523273" elapsed="0.000436"/>
</kw>
<kw name="Log" owner="BuiltIn">
<msg time="2024-05-01T05:13:34.524375" level="INFO">{'gender': 'male', 'name': {'title': 'Mr', 'first': 'Veeti', 'last': 'Perko'}, 'location': {'street': {'number': 3607, 'name': 'Verkatehtaankatu'}, 'city': 'Kaskinen', 'state': 'Finland Proper', 'country': 'Finland', 'postcode': 61163, 'coordinates': {'latitude': '-23.6688', 'longitude': '-127.0747'}, 'timezone': {'offset': '+3:00', 'description': 'Baghdad, Riyadh, Moscow, St. Petersburg'}}, 'email': 'veeti.perko@example.com', 'login': {'uuid': 'eb85f429-654f-4f58-a31a-b2c74af36ac7', 'username': 'bigostrich721', 'password': 'chai', 'salt': 'ywt00wHz', 'md5': 'c98dcd73a75a9faff9631cdc7bbc601a', 'sha1': '4617a4777f5ce5066d5bc1d0121499de4ca51d98', 'sha256': '57cf86059f2c93632ddc4a670eab59d183cde06c78b12f38e8ddf4221f4052f9'}, 'dob': {'date': '1951-12-31T23:45:51.601Z', 'age': 72}, 'registered': {'date': '2018-06-16T07:55:44.820Z', 'age': 5}, 'phone': '04-691-367', 'cell': '044-421-84-45', 'id': {'name': 'HETU', 'value': 'NaNNA621undefined'}, 'picture': {'large': 'https://randomuser.me/api/portraits/men/48.jpg', 'medium': 'https://randomuser.me/api/portraits/med/men/48.jpg', 'thumbnail': 'https://randomuser.me/api/portraits/thumb/men/48.jpg'}, 'nat': 'FI'}</msg>
<arg>${json_data['results'][0]}</arg>
<doc>Logs the given message with the given level.</doc>
<status status="PASS" start="2024-05-01T05:13:34.524007" elapsed="0.000416"/>
</kw>
<kw name="Log" owner="BuiltIn">
<msg time="2024-05-01T05:13:34.524843" level="INFO">email</msg>
<arg>${key}</arg>
<doc>Logs the given message with the given level.</doc>
<status status="PASS" start="2024-05-01T05:13:34.524715" elapsed="0.000165"/>
</kw>
<var name="${key}">email</var>
<status status="PASS" start="2024-05-01T05:13:34.523160" elapsed="0.001931"/>
</iter>
<iter>
<kw name="Dictionary Should Contain Key" owner="Collections">
<msg time="2024-05-01T05:13:34.525836" level="INFO">False</msg>
<arg>${json_data['results'][0]}</arg>
<arg>${key}</arg>
<doc>Fails if ``key`` is not found from ``dictionary``.</doc>
<status status="PASS" start="2024-05-01T05:13:34.525440" elapsed="0.000435"/>
</kw>
<kw name="Log" owner="BuiltIn">
<msg time="2024-05-01T05:13:34.526540" level="INFO">{'gender': 'male', 'name': {'title': 'Mr', 'first': 'Veeti', 'last': 'Perko'}, 'location': {'street': {'number': 3607, 'name': 'Verkatehtaankatu'}, 'city': 'Kaskinen', 'state': 'Finland Proper', 'country': 'Finland', 'postcode': 61163, 'coordinates': {'latitude': '-23.6688', 'longitude': '-127.0747'}, 'timezone': {'offset': '+3:00', 'description': 'Baghdad, Riyadh, Moscow, St. Petersburg'}}, 'email': 'veeti.perko@example.com', 'login': {'uuid': 'eb85f429-654f-4f58-a31a-b2c74af36ac7', 'username': 'bigostrich721', 'password': 'chai', 'salt': 'ywt00wHz', 'md5': 'c98dcd73a75a9faff9631cdc7bbc601a', 'sha1': '4617a4777f5ce5066d5bc1d0121499de4ca51d98', 'sha256': '57cf86059f2c93632ddc4a670eab59d183cde06c78b12f38e8ddf4221f4052f9'}, 'dob': {'date': '1951-12-31T23:45:51.601Z', 'age': 72}, 'registered': {'date': '2018-06-16T07:55:44.820Z', 'age': 5}, 'phone': '04-691-367', 'cell': '044-421-84-45', 'id': {'name': 'HETU', 'value': 'NaNNA621undefined'}, 'picture': {'large': 'https://randomuser.me/api/portraits/men/48.jpg', 'medium': 'https://randomuser.me/api/portraits/med/men/48.jpg', 'thumbnail': 'https://randomuser.me/api/portraits/thumb/men/48.jpg'}, 'nat': 'FI'}</msg>
<arg>${json_data['results'][0]}</arg>
<doc>Logs the given message with the given level.</doc>
<status status="PASS" start="2024-05-01T05:13:34.526168" elapsed="0.000420"/>
</kw>
<kw name="Log" owner="BuiltIn">
<msg time="2024-05-01T05:13:34.527011" level="INFO">login</msg>
<arg>${key}</arg>
<doc>Logs the given message with the given level.</doc>
<status status="PASS" start="2024-05-01T05:13:34.526883" elapsed="0.000166"/>
</kw>
<var name="${key}">login</var>
<status status="PASS" start="2024-05-01T05:13:34.525326" elapsed="0.001971"/>
</iter>
<var>${key}</var>
<value>@{expected_keys}</value>
<status status="PASS" start="2024-05-01T05:13:34.516264" elapsed="0.011158"/>
</for>
<kw name="Create List" owner="BuiltIn">
<msg time="2024-05-01T05:13:34.527769" level="INFO">${expected_keysTwo} = ['username', 'password']</msg>
<var>${expected_keysTwo}</var>
<arg>username</arg>
<arg>password</arg>
<doc>Returns a list containing given items.</doc>
<status status="PASS" start="2024-05-01T05:13:34.527627" elapsed="0.000167"/>
</kw>
<for flavor="IN">
<iter>
<kw name="Dictionary Should Contain Key" owner="Collections">
<msg time="2024-05-01T05:13:34.528781" level="INFO">False</msg>
<arg>${json_data['results'][0]['login']}</arg>
<arg>${keyTwo}</arg>
<doc>Fails if ``key`` is not found from ``dictionary``.</doc>
<status status="PASS" start="2024-05-01T05:13:34.528373" elapsed="0.000448"/>
</kw>
<kw name="Dictionary Should Contain Key" owner="Collections">
<msg time="2024-05-01T05:13:34.529575" level="INFO">False</msg>
<arg>${json_data['results'][0]['login']}</arg>
<arg>${keyTwo}</arg>
<doc>Fails if ``key`` is not found from ``dictionary``.</doc>
<status status="PASS" start="2024-05-01T05:13:34.529173" elapsed="0.000440"/>
</kw>
<kw name="Log" owner="BuiltIn">
<msg time="2024-05-01T05:13:34.530047" level="INFO">username</msg>
<arg>${keyTwo}</arg>
<doc>Logs the given message with the given level.</doc>
<status status="PASS" start="2024-05-01T05:13:34.529916" elapsed="0.000175"/>
</kw>
<var name="${keyTwo}">username</var>
<status status="PASS" start="2024-05-01T05:13:34.528246" elapsed="0.002068"/>
</iter>
<iter>
<kw name="Dictionary Should Contain Key" owner="Collections">
<msg time="2024-05-01T05:13:34.531130" level="INFO">False</msg>
<arg>${json_data['results'][0]['login']}</arg>
<arg>${keyTwo}</arg>
<doc>Fails if ``key`` is not found from ``dictionary``.</doc>
<status status="PASS" start="2024-05-01T05:13:34.530608" elapsed="0.000563"/>
</kw>
<kw name="Dictionary Should Contain Key" owner="Collections">
<msg time="2024-05-01T05:13:34.531864" level="INFO">False</msg>
<arg>${json_data['results'][0]['login']}</arg>
<arg>${keyTwo}</arg>
<doc>Fails if ``key`` is not found from ``dictionary``.</doc>
<status status="PASS" start="2024-05-01T05:13:34.531478" elapsed="0.000424"/>
</kw>
<kw name="Log" owner="BuiltIn">
<msg time="2024-05-01T05:13:34.532327" level="INFO">password</msg>
<arg>${keyTwo}</arg>
<doc>Logs the given message with the given level.</doc>
<status status="PASS" start="2024-05-01T05:13:34.532198" elapsed="0.000167"/>
</kw>
<var name="${keyTwo}">password</var>
<status status="PASS" start="2024-05-01T05:13:34.530495" elapsed="0.002085"/>
</iter>
<var>${keyTwo}</var>
<value>@{expected_keysTwo}</value>
<status status="PASS" start="2024-05-01T05:13:34.528047" elapsed="0.004656"/>
</for>
<status status="PASS" start="2024-05-01T05:13:34.422542" elapsed="0.110315"/>
</kw>
<doc>Testa a estrutura da resposta da API.</doc>
<tag>testeEstruturaResposta</tag>
<status status="PASS" start="2024-05-01T05:13:34.421882" elapsed="0.111142"/>
</test>
<test id="s1-s1-t4" name="Validar tipos de dados" line="28">
<kw name="Teste de Tipos de Dados" owner="random-user-service">
<kw name="GET On Session" owner="RequestsLibrary">
<msg time="2024-05-01T05:13:34.610987" level="INFO">GET Request : url=https://randomuser.me/api 
 path_url=/api 
 headers={'User-Agent': 'python-requests/2.31.0', 'Accept-Encoding': 'gzip, deflate', 'Accept': '*/*', 'Connection': 'keep-alive'} 
 body=None 
 </msg>
<msg time="2024-05-01T05:13:34.611093" level="INFO">GET Response : url=https://randomuser.me/api 
 status=200, reason=OK 
 headers={'Date': 'Wed, 01 May 2024 05:13:34 GMT', 'Content-Type': 'application/json; charset=utf-8', 'Transfer-Encoding': 'chunked', 'Connection': 'keep-alive', 'X-Powered-By': 'Express', 'Access-Control-Allow-Origin': '*', 'Cache-Control': 'no-cache', 'ETag': 'W/"484-d+za7AOHbfBoMoqUemFolYavDtI"', 'Vary': 'Accept-Encoding', 'Content-Encoding': 'gzip', 'CF-Cache-Status': 'DYNAMIC', 'Report-To': '{"endpoints":[{"url":"https:\\/\\/a.nel.cloudflare.com\\/report\\/v4?s=44BrwyigImSbNYbDgZ6CrsPUcLLffpb%2FNHdQlLKkCD%2FyoiFi8kjPbG143TpoAKY5FCq7xE7ols5zdR7Uyt3dlBoQ9NAeKdvEeBqCOKqtnXnzb1nov7jKGRGDbebwDEsB"}],"group":"cf-nel","max_age":604800}', 'NEL': '{"success_fraction":0,"report_to":"cf-nel","max_age":604800}', 'Server': 'cloudflare', 'CF-RAY': '87cd4876dfa172ed-IAD', 'alt-svc': 'h3=":443"; ma=86400'} 
 body={"results":[{"gender":"female","name":{"title":"Mrs","first":"Cassandra","last":"Lambert"},"location":{"street":{"number":5966,"name":"Lovers Ln"},"city":"Sunshine Coast","state":"Victoria","country":"Australia","postcode":9016,"coordinates":{"latitude":"-88.5487","longitude":"105.1350"},"timezone":{"offset":"+5:45","description":"Kathmandu"}},"email":"cassandra.lambert@example.com","login":{"uuid":"285b97cd-2cce-4bc9-a40c-6f6f42ca23b6","username":"smallgorilla966","password":"1993","salt":"WW7UXM6r","md5":"e406a5a80d3e3200efbf55175f3659ac","sha1":"49410978846761b838e07d84c6773793131fde0c","sha256":"c1e6af2b8afc418d2692a1d9fe6e6f4b793371edde0c3892e2d4f0cfc29d12b4"},"dob":{"date":"1967-07-21T21:52:14.672Z","age":56},"registered":{"date":"2021-07-02T18:32:38.423Z","age":2},"phone":"01-7612-6367","cell":"0443-849-942","id":{"name":"TFN","value":"293720746"},"picture":{"large":"https://randomuser.me/api/portraits/women/24.jpg","medium":"https://randomuser.me/api/portraits/med/women/24.jpg","thumbnail":"https://randomuser.me/api/portraits/thumb/women/24.jpg"},"nat":"AU"}],"info":{"seed":"7621263418daab22","results":1,"page":1,"version":"1.4"}} 
 </msg>
<msg time="2024-05-01T05:13:34.611174" level="INFO">/opt/hostedtoolcache/Python/3.12.3/x64/lib/python3.12/site-packages/urllib3/connectionpool.py:1103: InsecureRequestWarning: Unverified HTTPS request is being made to host 'randomuser.me'. Adding certificate verification is strongly advised. See: https://urllib3.readthedocs.io/en/latest/advanced-usage.html#tls-warnings
  warnings.warn(</msg>
<msg time="2024-05-01T05:13:34.611309" level="INFO">${response} = &lt;Response [200]&gt;</msg>
<var>${response}</var>
<arg>consultarAPI</arg>
<arg>/api</arg>
<doc>Sends a GET request on a previously created HTTP Session.</doc>
<status status="PASS" start="2024-05-01T05:13:34.535716" elapsed="0.075635"/>
</kw>
<kw name="Set Variable" owner="BuiltIn">
<msg time="2024-05-01T05:13:34.612652" level="INFO">${json_data} = {'results': [{'gender': 'female', 'name': {'title': 'Mrs', 'first': 'Cassandra', 'last': 'Lambert'}, 'location': {'street': {'number': 5966, 'name': 'Lovers Ln'}, 'city': 'Sunshine Coast', 'state': 'V...</msg>
<var>${json_data}</var>
<arg>${response.json()}</arg>
<doc>Returns the given values which can then be assigned to a variables.</doc>
<status status="PASS" start="2024-05-01T05:13:34.612053" elapsed="0.000629"/>
</kw>
<kw name="Log" owner="BuiltIn">
<msg time="2024-05-01T05:13:34.613290" level="INFO">{'results': [{'gender': 'female', 'name': {'title': 'Mrs', 'first': 'Cassandra', 'last': 'Lambert'}, 'location': {'street': {'number': 5966, 'name': 'Lovers Ln'}, 'city': 'Sunshine Coast', 'state': 'Victoria', 'country': 'Australia', 'postcode': 9016, 'coordinates': {'latitude': '-88.5487', 'longitude': '105.1350'}, 'timezone': {'offset': '+5:45', 'description': 'Kathmandu'}}, 'email': 'cassandra.lambert@example.com', 'login': {'uuid': '285b97cd-2cce-4bc9-a40c-6f6f42ca23b6', 'username': 'smallgorilla966', 'password': '1993', 'salt': 'WW7UXM6r', 'md5': 'e406a5a80d3e3200efbf55175f3659ac', 'sha1': '49410978846761b838e07d84c6773793131fde0c', 'sha256': 'c1e6af2b8afc418d2692a1d9fe6e6f4b793371edde0c3892e2d4f0cfc29d12b4'}, 'dob': {'date': '1967-07-21T21:52:14.672Z', 'age': 56}, 'registered': {'date': '2021-07-02T18:32:38.423Z', 'age': 2}, 'phone': '01-7612-6367', 'cell': '0443-849-942', 'id': {'name': 'TFN', 'value': '293720746'}, 'picture': {'large': 'https://randomuser.me/api/portraits/women/24.jpg', 'medium': 'https://randomuser.me/api/portraits/med/women/24.jpg', 'thumbnail': 'https://randomuser.me/api/portraits/thumb/women/24.jpg'}, 'nat': 'AU'}], 'info': {'seed': '7621263418daab22', 'results': 1, 'page': 1, 'version': '1.4'}}</msg>
<arg>${json_data}</arg>
<doc>Logs the given message with the given level.</doc>
<status status="PASS" start="2024-05-01T05:13:34.613071" elapsed="0.000309"/>
</kw>
<kw name="Should Be String" owner="String">
<arg>${json_data['results'][0]['gender']}</arg>
<doc>Fails if the given ``item`` is not a string.</doc>
<status status="PASS" start="2024-05-01T05:13:34.613702" elapsed="0.000408"/>
</kw>
<kw name="Should Match Regexp" owner="BuiltIn">
<arg>${json_data['results'][0]['email']}</arg>
<arg>^[a-zA-Z0-9._%+-]+@[a-zA-Z0-9.-]+\.[a-zA-Z]{2,}$</arg>
<doc>Fails if ``string`` does not match ``pattern`` as a regular expression.</doc>
<status status="PASS" start="2024-05-01T05:13:34.614311" elapsed="0.000558"/>
</kw>
<kw name="Should Match Regexp" owner="BuiltIn">
<arg>${json_data['results'][0]['dob']['date']}</arg>
<arg>\\d{4}-\\d{2}-\\d{2}T\\d{2}:\\d{2}:\\d{2}\\.\\d{3}Z</arg>
<doc>Fails if ``string`` does not match ``pattern`` as a regular expression.</doc>
<status status="PASS" start="2024-05-01T05:13:34.615079" elapsed="0.000545"/>
</kw>
<kw name="Should Match Regexp" owner="BuiltIn">
<arg>${json_data['results'][0]['registered']['date']}</arg>
<arg>\\d{4}-\\d{2}-\\d{2}T\\d{2}:\\d{2}:\\d{2}\\.\\d{3}Z</arg>
<doc>Fails if ``string`` does not match ``pattern`` as a regular expression.</doc>
<status status="PASS" start="2024-05-01T05:13:34.615829" elapsed="0.000392"/>
</kw>
<kw name="Should Match Regexp" owner="BuiltIn">
<arg>${json_data['results'][0]['picture']['large']}</arg>
<arg>^https?://.*\.(?:png|jpe?g|gif|bmp)$</arg>
<doc>Fails if ``string`` does not match ``pattern`` as a regular expression.</doc>
<status status="PASS" start="2024-05-01T05:13:34.616417" elapsed="0.000473"/>
</kw>
<kw name="Should Match Regexp" owner="BuiltIn">
<arg>${json_data['results'][0]['picture']['medium']}</arg>
<arg>^https?://.*\.(?:png|jpe?g|gif|bmp)$</arg>
<doc>Fails if ``string`` does not match ``pattern`` as a regular expression.</doc>
<status status="PASS" start="2024-05-01T05:13:34.617081" elapsed="0.000395"/>
</kw>
<kw name="Should Match Regexp" owner="BuiltIn">
<arg>${json_data['results'][0]['picture']['thumbnail']}</arg>
<arg>^https?://.*\.(?:png|jpe?g|gif|bmp)$</arg>
<doc>Fails if ``string`` does not match ``pattern`` as a regular expression.</doc>
<status status="PASS" start="2024-05-01T05:13:34.617673" elapsed="0.000352"/>
</kw>
<kw name="Log" owner="BuiltIn">
<msg time="2024-05-01T05:13:34.618540" level="INFO">{'large': 'https://randomuser.me/api/portraits/women/24.jpg', 'medium': 'https://randomuser.me/api/portraits/med/women/24.jpg', 'thumbnail': 'https://randomuser.me/api/portraits/thumb/women/24.jpg'}</msg>
<arg>${json_data['results'][0]['picture']}</arg>
<doc>Logs the given message with the given level.</doc>
<status status="PASS" start="2024-05-01T05:13:34.618207" elapsed="0.000375"/>
</kw>
<status status="PASS" start="2024-05-01T05:13:34.535459" elapsed="0.083428"/>
</kw>
<kw name="Teste de Tipos de Dados - Postcode" owner="random-user-service">
<kw name="GET On Session" owner="RequestsLibrary">
<msg time="2024-05-01T05:13:34.709244" level="INFO">GET Request : url=https://randomuser.me/api 
 path_url=/api 
 headers={'User-Agent': 'python-requests/2.31.0', 'Accept-Encoding': 'gzip, deflate', 'Accept': '*/*', 'Connection': 'keep-alive'} 
 body=None 
 </msg>
<msg time="2024-05-01T05:13:34.709351" level="INFO">GET Response : url=https://randomuser.me/api 
 status=200, reason=OK 
 headers={'Date': 'Wed, 01 May 2024 05:13:34 GMT', 'Content-Type': 'application/json; charset=utf-8', 'Transfer-Encoding': 'chunked', 'Connection': 'keep-alive', 'X-Powered-By': 'Express', 'Access-Control-Allow-Origin': '*', 'Cache-Control': 'no-cache', 'ETag': 'W/"483-F0m5lWoywwp6AtGLr506mvcxtzk"', 'Vary': 'Accept-Encoding', 'Content-Encoding': 'gzip', 'CF-Cache-Status': 'DYNAMIC', 'Report-To': '{"endpoints":[{"url":"https:\\/\\/a.nel.cloudflare.com\\/report\\/v4?s=dZe5JI2pbaTW7lSVevK0Cf6rYO2eAbaY0F5Oo1KTbWM8wKna5f893X3ipFV6%2BOrine8kaMQumeUMxV90%2BH50U5%2FSDGaVlVDaxcZEdcXQvhXyt%2BxGHFxDoIlSODIG0sSl"}],"group":"cf-nel","max_age":604800}', 'NEL': '{"success_fraction":0,"report_to":"cf-nel","max_age":604800}', 'Server': 'cloudflare', 'CF-RAY': '87cd4877682272ed-IAD', 'alt-svc': 'h3=":443"; ma=86400'} 
 body={"results":[{"gender":"female","name":{"title":"Ms","first":"Naomi","last":"Barbier"},"location":{"street":{"number":6556,"name":"Avenue Paul Eluard"},"city":"Versailles","state":"Lot","country":"France","postcode":20431,"coordinates":{"latitude":"-17.4215","longitude":"111.4193"},"timezone":{"offset":"-10:00","description":"Hawaii"}},"email":"naomi.barbier@example.com","login":{"uuid":"d0d1a1f9-1509-4a64-92b1-09cddd9ae48a","username":"bigbear634","password":"research","salt":"tdKQzsfj","md5":"d727c2894a8e2a981f27a16dc52dce16","sha1":"296deb7fca0c718b167e8b9609e7e1a56af45618","sha256":"3ce3ea1e70c526f441063deb36c33aa0b7276b7f1fb08dd56630a269a2276555"},"dob":{"date":"1987-03-23T19:06:49.492Z","age":37},"registered":{"date":"2018-12-31T18:24:56.018Z","age":5},"phone":"05-56-82-56-05","cell":"06-40-21-83-63","id":{"name":"INSEE","value":"2870237423447 60"},"picture":{"large":"https://randomuser.me/api/portraits/women/81.jpg","medium":"https://randomuser.me/api/portraits/med/women/81.jpg","thumbnail":"https://randomuser.me/api/portraits/thumb/women/81.jpg"},"nat":"FR"}],"info":{"seed":"186d99a13357d945","results":1,"page":1,"version":"1.4"}} 
 </msg>
<msg time="2024-05-01T05:13:34.709426" level="INFO">/opt/hostedtoolcache/Python/3.12.3/x64/lib/python3.12/site-packages/urllib3/connectionpool.py:1103: InsecureRequestWarning: Unverified HTTPS request is being made to host 'randomuser.me'. Adding certificate verification is strongly advised. See: https://urllib3.readthedocs.io/en/latest/advanced-usage.html#tls-warnings
  warnings.warn(</msg>
<msg time="2024-05-01T05:13:34.709555" level="INFO">${response} = &lt;Response [200]&gt;</msg>
<var>${response}</var>
<arg>consultarAPI</arg>
<arg>/api</arg>
<doc>Sends a GET request on a previously created HTTP Session.</doc>
<status status="PASS" start="2024-05-01T05:13:34.619360" elapsed="0.090234"/>
</kw>
<kw name="Set Variable" owner="BuiltIn">
<msg time="2024-05-01T05:13:34.710913" level="INFO">${json_data} = {'results': [{'gender': 'female', 'name': {'title': 'Ms', 'first': 'Naomi', 'last': 'Barbier'}, 'location': {'street': {'number': 6556, 'name': 'Avenue Paul Eluard'}, 'city': 'Versailles', 'state': 'L...</msg>
<var>${json_data}</var>
<arg>${response.json()}</arg>
<doc>Returns the given values which can then be assigned to a variables.</doc>
<status status="PASS" start="2024-05-01T05:13:34.710315" elapsed="0.000627"/>
</kw>
<kw name="Log" owner="BuiltIn">
<msg time="2024-05-01T05:13:34.711459" level="INFO">{'results': [{'gender': 'female', 'name': {'title': 'Ms', 'first': 'Naomi', 'last': 'Barbier'}, 'location': {'street': {'number': 6556, 'name': 'Avenue Paul Eluard'}, 'city': 'Versailles', 'state': 'Lot', 'country': 'France', 'postcode': 20431, 'coordinates': {'latitude': '-17.4215', 'longitude': '111.4193'}, 'timezone': {'offset': '-10:00', 'description': 'Hawaii'}}, 'email': 'naomi.barbier@example.com', 'login': {'uuid': 'd0d1a1f9-1509-4a64-92b1-09cddd9ae48a', 'username': 'bigbear634', 'password': 'research', 'salt': 'tdKQzsfj', 'md5': 'd727c2894a8e2a981f27a16dc52dce16', 'sha1': '296deb7fca0c718b167e8b9609e7e1a56af45618', 'sha256': '3ce3ea1e70c526f441063deb36c33aa0b7276b7f1fb08dd56630a269a2276555'}, 'dob': {'date': '1987-03-23T19:06:49.492Z', 'age': 37}, 'registered': {'date': '2018-12-31T18:24:56.018Z', 'age': 5}, 'phone': '05-56-82-56-05', 'cell': '06-40-21-83-63', 'id': {'name': 'INSEE', 'value': '2870237423447 60'}, 'picture': {'large': 'https://randomuser.me/api/portraits/women/81.jpg', 'medium': 'https://randomuser.me/api/portraits/med/women/81.jpg', 'thumbnail': 'https://randomuser.me/api/portraits/thumb/women/81.jpg'}, 'nat': 'FR'}], 'info': {'seed': '186d99a13357d945', 'results': 1, 'page': 1, 'version': '1.4'}}</msg>
<arg>${json_data}</arg>
<doc>Logs the given message with the given level.</doc>
<status status="PASS" start="2024-05-01T05:13:34.711291" elapsed="0.000252"/>
</kw>
<kw name="Should Be Equal As Numbers" owner="BuiltIn">
<arg>${json_data['results'][0]['location']['postcode']}</arg>
<arg>${json_data['results'][0]['location']['postcode']}</arg>
<doc>Fails if objects are unequal after converting them to real numbers.</doc>
<status status="PASS" start="2024-05-01T05:13:34.712036" elapsed="0.000633"/>
</kw>
<kw name="Log" owner="BuiltIn">
<msg time="2024-05-01T05:13:34.713242" level="INFO">20431</msg>
<arg>${json_data['results'][0]['location']['postcode']}</arg>
<doc>Logs the given message with the given level.</doc>
<status status="PASS" start="2024-05-01T05:13:34.712860" elapsed="0.000434"/>
</kw>
<status status="PASS" start="2024-05-01T05:13:34.619123" elapsed="0.094437"/>
</kw>
<doc>Testa se os tipos de dados na resposta da API estão corretos.</doc>
<tag>testeTiposDados</tag>
<status status="PASS" start="2024-05-01T05:13:34.534952" elapsed="0.178777"/>
</test>
<test id="s1-s1-t5" name="Validar conteudo" line="35">
<kw name="Teste de Tipos de Conteudo" owner="random-user-service">
<kw name="GET On Session" owner="RequestsLibrary">
<msg time="2024-05-01T05:13:34.810840" level="INFO">GET Request : url=https://randomuser.me/api 
 path_url=/api 
 headers={'User-Agent': 'python-requests/2.31.0', 'Accept-Encoding': 'gzip, deflate', 'Accept': '*/*', 'Connection': 'keep-alive'} 
 body=None 
 </msg>
<msg time="2024-05-01T05:13:34.810959" level="INFO">GET Response : url=https://randomuser.me/api 
 status=200, reason=OK 
 headers={'Date': 'Wed, 01 May 2024 05:13:34 GMT', 'Content-Type': 'application/json; charset=utf-8', 'Transfer-Encoding': 'chunked', 'Connection': 'keep-alive', 'X-Powered-By': 'Express', 'Access-Control-Allow-Origin': '*', 'Cache-Control': 'no-cache', 'ETag': 'W/"48c-a91jtb4rh04qBkYfBmxa65g2Prc"', 'Vary': 'Accept-Encoding', 'Content-Encoding': 'gzip', 'CF-Cache-Status': 'DYNAMIC', 'Report-To': '{"endpoints":[{"url":"https:\\/\\/a.nel.cloudflare.com\\/report\\/v4?s=Sao4p2nhevdjMHg1%2BW5zAFFOqs3opVctc2uKKwDQZc%2FeWNK0hYP%2BW4YpzdyhYIavPCS5U2X%2BfoTrGjUsiR2qi%2FYfTsVmWlLLrTRG9%2FYFD5dauXiC4r%2FIad5p5YQfeku6"}],"group":"cf-nel","max_age":604800}', 'NEL': '{"success_fraction":0,"report_to":"cf-nel","max_age":604800}', 'Server': 'cloudflare', 'CF-RAY': '87cd487808dc72ed-IAD', 'alt-svc': 'h3=":443"; ma=86400'} 
 body={"results":[{"gender":"female","name":{"title":"Mrs","first":"Dona","last":"Dsouza"},"location":{"street":{"number":7860,"name":"Mint St"},"city":"Ahmedabad","state":"Meghalaya","country":"India","postcode":98338,"coordinates":{"latitude":"8.3020","longitude":"101.8531"},"timezone":{"offset":"-6:00","description":"Central Time (US &amp; Canada), Mexico City"}},"email":"dona.dsouza@example.com","login":{"uuid":"3453c80a-f512-4204-940c-81bc5f8eac5f","username":"smallleopard207","password":"1216","salt":"vfikbrJs","md5":"6e555f747d59aaa93d80a3884e3d77bb","sha1":"a3dee883fe063a0bc601e3583bad28bd9ad68fbf","sha256":"d3955b6d76a93171adadb40abea4cbf193e917cf3b3cb3805da42ce2a2e66cfb"},"dob":{"date":"1984-01-12T10:45:36.798Z","age":40},"registered":{"date":"2018-03-09T12:45:58.873Z","age":6},"phone":"9596739748","cell":"9910555465","id":{"name":"UIDAI","value":"993894297981"},"picture":{"large":"https://randomuser.me/api/portraits/women/34.jpg","medium":"https://randomuser.me/api/portraits/med/women/34.jpg","thumbnail":"https://randomuser.me/api/portraits/thumb/women/34.jpg"},"nat":"IN"}],"info":{"seed":"91266913d4331ea0","results":1,"page":1,"version":"1.4"}} 
 </msg>
<msg time="2024-05-01T05:13:34.811064" level="INFO">/opt/hostedtoolcache/Python/3.12.3/x64/lib/python3.12/site-packages/urllib3/connectionpool.py:1103: InsecureRequestWarning: Unverified HTTPS request is being made to host 'randomuser.me'. Adding certificate verification is strongly advised. See: https://urllib3.readthedocs.io/en/latest/advanced-usage.html#tls-warnings
  warnings.warn(</msg>
<msg time="2024-05-01T05:13:34.811224" level="INFO">${response} = &lt;Response [200]&gt;</msg>
<var>${response}</var>
<arg>consultarAPI</arg>
<arg>/api</arg>
<doc>Sends a GET request on a previously created HTTP Session.</doc>
<status status="PASS" start="2024-05-01T05:13:34.716309" elapsed="0.094970"/>
</kw>
<kw name="Set Variable" owner="BuiltIn">
<msg time="2024-05-01T05:13:34.812574" level="INFO">${json_data} = {'results': [{'gender': 'female', 'name': {'title': 'Mrs', 'first': 'Dona', 'last': 'Dsouza'}, 'location': {'street': {'number': 7860, 'name': 'Mint St'}, 'city': 'Ahmedabad', 'state': 'Meghalaya', 'c...</msg>
<var>${json_data}</var>
<arg>${response.json()}</arg>
<doc>Returns the given values which can then be assigned to a variables.</doc>
<status status="PASS" start="2024-05-01T05:13:34.811995" elapsed="0.000608"/>
</kw>
<kw name="Set Variable" owner="BuiltIn">
<msg time="2024-05-01T05:13:34.813399" level="INFO">${name_title} = Mrs</msg>
<var>${name_title}</var>
<arg>${json_data["results"][0]["name"]["title"]}</arg>
<doc>Returns the given values which can then be assigned to a variables.</doc>
<status status="PASS" start="2024-05-01T05:13:34.812936" elapsed="0.000489"/>
</kw>
<kw name="Create List" owner="BuiltIn">
<msg time="2024-05-01T05:13:34.813891" level="INFO">${allowed_titles} = ['Mr', 'Ms', 'Miss', 'Mrs', 'Madame', 'Monsieur']</msg>
<var>${allowed_titles}</var>
<arg>Mr</arg>
<arg>Ms</arg>
<arg>Miss</arg>
<arg>Mrs</arg>
<arg>Madame</arg>
<arg>Monsieur</arg>
<doc>Returns a list containing given items.</doc>
<status status="PASS" start="2024-05-01T05:13:34.813740" elapsed="0.000175"/>
</kw>
<kw name="List Should Contain Value" owner="Collections">
<msg time="2024-05-01T05:13:34.814400" level="INFO">False</msg>
<arg>${allowed_titles}</arg>
<arg>${name_title}</arg>
<doc>Fails if the ``value`` is not found from ``list``.</doc>
<status status="PASS" start="2024-05-01T05:13:34.814221" elapsed="0.000216"/>
</kw>
<kw name="Set Variable" owner="BuiltIn">
<msg time="2024-05-01T05:13:34.815117" level="INFO">${name_country} = IN</msg>
<var>${name_country}</var>
<arg>${json_data["results"][0]["nat"]}</arg>
<doc>Returns the given values which can then be assigned to a variables.</doc>
<status status="PASS" start="2024-05-01T05:13:34.814726" elapsed="0.000416"/>
</kw>
<kw name="Create List" owner="BuiltIn">
<msg time="2024-05-01T05:13:34.816027" level="INFO">${list_country} = ['AD', 'AE', 'AF', 'AG', 'AI', 'AL', 'AM', 'AO', 'AQ', 'AR', 'AS', 'AT', 'AU', 'AW', 'AX', 'AZ', 'BA', 'BB', 'BD', 'BE', 'BF', 'BG', 'BH', 'BI', 'BJ', 'BL', 'BM', 'BN', 'BO', 'BQ', 'BR', 'BS', 'BT', '...</msg>
<var>${list_country}</var>
<arg>AD</arg>
<arg>AE</arg>
<arg>AF</arg>
<arg>AG</arg>
<arg>AI</arg>
<arg>AL</arg>
<arg>AM</arg>
<arg>AO</arg>
<arg>AQ</arg>
<arg>AR</arg>
<arg>AS</arg>
<arg>AT</arg>
<arg>AU</arg>
<arg>AW</arg>
<arg>AX</arg>
<arg>AZ</arg>
<arg>BA</arg>
<arg>BB</arg>
<arg>BD</arg>
<arg>BE</arg>
<arg>BF</arg>
<arg>BG</arg>
<arg>BH</arg>
<arg>BI</arg>
<arg>BJ</arg>
<arg>BL</arg>
<arg>BM</arg>
<arg>BN</arg>
<arg>BO</arg>
<arg>BQ</arg>
<arg>BR</arg>
<arg>BS</arg>
<arg>BT</arg>
<arg>BV</arg>
<arg>BW</arg>
<arg>BY</arg>
<arg>BZ</arg>
<arg>CA</arg>
<arg>CC</arg>
<arg>CD</arg>
<arg>CF</arg>
<arg>CG</arg>
<arg>CH</arg>
<arg>CI</arg>
<arg>CK</arg>
<arg>CL</arg>
<arg>CM</arg>
<arg>CN</arg>
<arg>CO</arg>
<arg>CR</arg>
<arg>CU</arg>
<arg>CV</arg>
<arg>CW</arg>
<arg>CX</arg>
<arg>CY</arg>
<arg>CZ</arg>
<arg>DE</arg>
<arg>DJ</arg>
<arg>DK</arg>
<arg>DM</arg>
<arg>DO</arg>
<arg>DZ</arg>
<arg>EC</arg>
<arg>EE</arg>
<arg>EG</arg>
<arg>EH</arg>
<arg>ER</arg>
<arg>ES</arg>
<arg>ET</arg>
<arg>FI</arg>
<arg>FJ</arg>
<arg>FK</arg>
<arg>FM</arg>
<arg>FO</arg>
<arg>FR</arg>
<arg>GA</arg>
<arg>GB</arg>
<arg>GD</arg>
<arg>GE</arg>
<arg>GF</arg>
<arg>GG</arg>
<arg>GH</arg>
<arg>GI</arg>
<arg>GL</arg>
<arg>GM</arg>
<arg>GN</arg>
<arg>GP</arg>
<arg>GQ</arg>
<arg>GR</arg>
<arg>GS</arg>
<arg>GT</arg>
<arg>GU</arg>
<arg>GW</arg>
<arg>GY</arg>
<arg>HK</arg>
<arg>HM</arg>
<arg>HN</arg>
<arg>HR</arg>
<arg>HT</arg>
<arg>HU</arg>
<arg>ID</arg>
<arg>IE</arg>
<arg>IL</arg>
<arg>IM</arg>
<arg>IN</arg>
<arg>IO</arg>
<arg>IQ</arg>
<arg>IR</arg>
<arg>IS</arg>
<arg>IT</arg>
<arg>JE</arg>
<arg>JM</arg>
<arg>JO</arg>
<arg>JP</arg>
<arg>KE</arg>
<arg>KG</arg>
<arg>KH</arg>
<arg>KI</arg>
<arg>KM</arg>
<arg>KN</arg>
<arg>KP</arg>
<arg>KR</arg>
<arg>KW</arg>
<arg>KY</arg>
<arg>KZ</arg>
<arg>LA</arg>
<arg>LB</arg>
<arg>LC</arg>
<arg>LI</arg>
<arg>LK</arg>
<arg>LR</arg>
<arg>LS</arg>
<arg>LT</arg>
<arg>LU</arg>
<arg>LV</arg>
<arg>LY</arg>
<arg>MA</arg>
<arg>MC</arg>
<arg>MD</arg>
<arg>ME</arg>
<arg>MF</arg>
<arg>MG</arg>
<arg>MH</arg>
<arg>MK</arg>
<arg>ML</arg>
<arg>MM</arg>
<arg>MN</arg>
<arg>MO</arg>
<arg>MP</arg>
<arg>MQ</arg>
<arg>MR</arg>
<arg>MS</arg>
<arg>MT</arg>
<arg>MU</arg>
<arg>MV</arg>
<arg>MW</arg>
<arg>MX</arg>
<arg>MY</arg>
<arg>MZ</arg>
<arg>NA</arg>
<arg>NC</arg>
<arg>NE</arg>
<arg>NF</arg>
<arg>NG</arg>
<arg>NI</arg>
<arg>NL</arg>
<arg>NO</arg>
<arg>NP</arg>
<arg>NR</arg>
<arg>NU</arg>
<arg>NZ</arg>
<arg>OM</arg>
<arg>PA</arg>
<arg>PE</arg>
<arg>PF</arg>
<arg>PG</arg>
<arg>PH</arg>
<arg>PK</arg>
<arg>PL</arg>
<arg>PM</arg>
<arg>PN</arg>
<arg>PR</arg>
<arg>PS</arg>
<arg>PT</arg>
<arg>PW</arg>
<arg>PY</arg>
<arg>QA</arg>
<arg>RE</arg>
<arg>RO</arg>
<arg>RS</arg>
<arg>RU</arg>
<arg>RW</arg>
<arg>SA</arg>
<arg>SB</arg>
<arg>SC</arg>
<arg>SD</arg>
<arg>SE</arg>
<arg>SG</arg>
<arg>SH</arg>
<arg>SI</arg>
<arg>SJ</arg>
<arg>SK</arg>
<arg>SL</arg>
<arg>SM</arg>
<arg>SN</arg>
<arg>SO</arg>
<arg>SR</arg>
<arg>SS</arg>
<arg>ST</arg>
<arg>SV</arg>
<arg>SX</arg>
<arg>SY</arg>
<arg>SZ</arg>
<arg>TC</arg>
<arg>TD</arg>
<arg>TF</arg>
<arg>TG</arg>
<arg>TH</arg>
<arg>TJ</arg>
<arg>TK</arg>
<arg>TL</arg>
<arg>TM</arg>
<arg>TN</arg>
<arg>TO</arg>
<arg>TR</arg>
<arg>TT</arg>
<arg>TV</arg>
<arg>TW</arg>
<arg>TZ</arg>
<arg>UA</arg>
<arg>UG</arg>
<arg>UM</arg>
<arg>US</arg>
<arg>UY</arg>
<arg>UZ</arg>
<arg>VA</arg>
<arg>VC</arg>
<arg>VE</arg>
<arg>VG</arg>
<arg>VI</arg>
<arg>VN</arg>
<arg>VU</arg>
<arg>WF</arg>
<arg>WS</arg>
<arg>XK</arg>
<arg>YE</arg>
<arg>YT</arg>
<arg>ZA</arg>
<arg>ZM</arg>
<arg>ZW</arg>
<doc>Returns a list containing given items.</doc>
<status status="PASS" start="2024-05-01T05:13:34.815442" elapsed="0.000611"/>
</kw>
<kw name="List Should Contain Value" owner="Collections">
<msg time="2024-05-01T05:13:34.817045" level="INFO">False</msg>
<arg>${list_country}</arg>
<arg>${name_country}</arg>
<doc>Fails if the ``value`` is not found from ``list``.</doc>
<status status="PASS" start="2024-05-01T05:13:34.816844" elapsed="0.000237"/>
</kw>
<kw name="Run Keyword If" owner="BuiltIn">
<kw name="Should Be True" owner="BuiltIn">
<arg>${True}</arg>
<doc>Fails if the given condition is not true.</doc>
<status status="PASS" start="2024-05-01T05:13:34.818208" elapsed="0.000274"/>
</kw>
<arg>${json_data["results"][0]["location"]["coordinates"]["latitude"]} &gt;= -90 and ${json_data["results"][0]["location"]["coordinates"]["latitude"]} &lt;= 90</arg>
<arg>Should Be True</arg>
<arg>${True}</arg>
<doc>Runs the given keyword with the given arguments, if ``condition`` is true.</doc>
<status status="PASS" start="2024-05-01T05:13:34.817442" elapsed="0.001171"/>
</kw>
<kw name="Run Keyword If" owner="BuiltIn">
<kw name="Should Be True" owner="BuiltIn">
<arg>${True}</arg>
<doc>Fails if the given condition is not true.</doc>
<status status="PASS" start="2024-05-01T05:13:34.819505" elapsed="0.000142"/>
</kw>
<arg>${json_data["results"][0]["location"]["coordinates"]["longitude"]} &gt;= -180 and ${json_data["results"][0]["location"]["coordinates"]["longitude"]} &lt;= 180</arg>
<arg>Should Be True</arg>
<arg>${True}</arg>
<doc>Runs the given keyword with the given arguments, if ``condition`` is true.</doc>
<status status="PASS" start="2024-05-01T05:13:34.818798" elapsed="0.000973"/>
</kw>
<status status="PASS" start="2024-05-01T05:13:34.716067" elapsed="0.103835"/>
</kw>
<doc>Testa o conteúdo específico dos campos retornados pela API.</doc>
<tag>testeConteudo</tag>
<status status="PASS" start="2024-05-01T05:13:34.715505" elapsed="0.104551"/>
</test>
<status status="PASS" start="2024-05-01T05:13:33.897046" elapsed="0.925136"/>
</suite>
<status status="PASS" start="2024-05-01T05:13:33.882738" elapsed="0.944923"/>
</suite>
<statistics>
<total>
<stat pass="5" fail="0" skip="0">All Tests</stat>
</total>
<tag>
<stat pass="1" fail="0" skip="0">testeConteudo</stat>
<stat pass="1" fail="0" skip="0">testeEstruturaResposta</stat>
<stat pass="1" fail="0" skip="0">testeRequisicaoBasica</stat>
<stat pass="1" fail="0" skip="0">testeTiposDados</stat>
</tag>
<suite>
<stat pass="5" fail="0" skip="0" id="s1" name="Tests">Tests</stat>
<stat pass="5" fail="0" skip="0" id="s1-s1" name="Random-User-Test">Tests.Random-User-Test</stat>
</suite>
</statistics>
<errors>
</errors>
</robot>
