<?xml version="1.0" encoding="UTF-8"?>
<robot generator="Robot 7.0 (Python 3.12.2 on linux)" generated="2024-03-21T15:14:43.352854" rpa="false" schemaversion="5">
<suite id="s1" name="Tests" source="/home/runner/work/DesafioQAItauRogerioJordao/DesafioQAItauRogerioJordao/RamdonUser/tests">
<suite id="s1-s1" name="Random-User-Test" source="/home/runner/work/DesafioQAItauRogerioJordao/DesafioQAItauRogerioJordao/RamdonUser/tests/random-user-test.robot">
<test id="s1-s1-t1" name="Conectar" line="13">
<kw name="Conectar API" owner="random-user-service">
<kw name="Create Session" owner="RequestsLibrary">
<msg time="2024-03-21T15:14:43.728126" level="INFO">Creating Session using : alias=consultarAPI, url=https://randomuser.me/, headers={},                     cookies={}, auth=None, timeout=None, proxies=None, verify=False,                     debug=0 </msg>
<arg>consultarAPI</arg>
<arg>${URL}</arg>
<doc>Create Session: create a HTTP session to a server</doc>
<status status="PASS" start="2024-03-21T15:14:43.727916" elapsed="0.000407"/>
</kw>
<status status="PASS" start="2024-03-21T15:14:43.726812" elapsed="0.001886"/>
</kw>
<status status="PASS" start="2024-03-21T15:14:43.726207" elapsed="0.002701"/>
</test>
<test id="s1-s1-t2" name="Validar retorno 200 e JSON Válido" line="16">
<kw name="Teste de Requisicao Basica" owner="random-user-service">
<kw name="GET On Session" owner="RequestsLibrary">
<msg time="2024-03-21T15:14:44.158935" level="INFO">GET Request : url=https://randomuser.me/api 
 path_url=/api 
 headers={'User-Agent': 'python-requests/2.31.0', 'Accept-Encoding': 'gzip, deflate', 'Accept': '*/*', 'Connection': 'keep-alive'} 
 body=None 
 </msg>
<msg time="2024-03-21T15:14:44.159084" level="INFO">GET Response : url=https://randomuser.me/api 
 status=200, reason=OK 
 headers={'Date': 'Thu, 21 Mar 2024 15:14:44 GMT', 'Content-Type': 'application/json; charset=utf-8', 'Transfer-Encoding': 'chunked', 'Connection': 'keep-alive', 'X-Powered-By': 'Express', 'Access-Control-Allow-Origin': '*', 'Cache-Control': 'no-cache', 'ETag': 'W/"47e-mSwIGbO93ANqMbmS8lsBTqM2LIo"', 'Vary': 'Accept-Encoding', 'Content-Encoding': 'gzip', 'CF-Cache-Status': 'DYNAMIC', 'Report-To': '{"endpoints":[{"url":"https:\\/\\/a.nel.cloudflare.com\\/report\\/v4?s=gLk%2FPFlYeIvY6fNJ9m2KGafwlKzhfY9bmVGJQXQoTt%2BVkhvd2En6gFhBqf5XVXiTl28MTsBhSXmOkzPVNTu6WmwOSoeDnfeggSHXqEzkSHy4c1Jkp3kNQLQaaQr8pDkj"}],"group":"cf-nel","max_age":604800}', 'NEL': '{"success_fraction":0,"report_to":"cf-nel","max_age":604800}', 'Server': 'cloudflare', 'CF-RAY': '867ee4af9b56634a-ORD', 'alt-svc': 'h3=":443"; ma=86400'} 
 body={"results":[{"gender":"female","name":{"title":"Mrs","first":"Alice","last":"Gjelstad"},"location":{"street":{"number":8374,"name":"Steenstrups gate"},"city":"Vadfoss","state":"Nordland","country":"Norway","postcode":"0620","coordinates":{"latitude":"43.2111","longitude":"7.5142"},"timezone":{"offset":"+6:00","description":"Almaty, Dhaka, Colombo"}},"email":"alice.gjelstad@example.com","login":{"uuid":"035cdde7-57cc-4493-9242-076b4f905ba2","username":"blackbear540","password":"cupoi","salt":"EYWrJoYj","md5":"0ffe226a1ea10a874158d24e36c257d6","sha1":"ce315342052207191fff1d3ac2fc7e57393e6528","sha256":"05d2aa7bac9ebb0ec71506a2f25e95c7f5cd07883f181eaa590fc9806088b7d1"},"dob":{"date":"1969-02-23T12:39:59.971Z","age":55},"registered":{"date":"2016-07-25T17:09:36.222Z","age":7},"phone":"85037614","cell":"92967352","id":{"name":"FN","value":"23026933293"},"picture":{"large":"https://randomuser.me/api/portraits/women/26.jpg","medium":"https://randomuser.me/api/portraits/med/women/26.jpg","thumbnail":"https://randomuser.me/api/portraits/thumb/women/26.jpg"},"nat":"NO"}],"info":{"seed":"d456dc3f27c6dffc","results":1,"page":1,"version":"1.4"}} 
 </msg>
<msg time="2024-03-21T15:14:44.159190" level="INFO">/opt/hostedtoolcache/Python/3.12.2/x64/lib/python3.12/site-packages/urllib3/connectionpool.py:1103: InsecureRequestWarning: Unverified HTTPS request is being made to host 'randomuser.me'. Adding certificate verification is strongly advised. See: https://urllib3.readthedocs.io/en/latest/advanced-usage.html#tls-warnings
  warnings.warn(</msg>
<msg time="2024-03-21T15:14:44.159353" level="INFO">${response} = &lt;Response [200]&gt;</msg>
<var>${response}</var>
<arg>consultarAPI</arg>
<arg>/api</arg>
<doc>Sends a GET request on a previously created HTTP Session.</doc>
<status status="PASS" start="2024-03-21T15:14:43.731615" elapsed="0.427783"/>
</kw>
<kw name="Should Be Equal As Numbers" owner="BuiltIn">
<msg time="2024-03-21T15:14:44.160409" level="INFO">Argument types are:
&lt;class 'int'&gt;
&lt;class 'str'&gt;</msg>
<arg>${response.status_code}</arg>
<arg>200</arg>
<doc>Fails if objects are unequal after converting them to real numbers.</doc>
<status status="PASS" start="2024-03-21T15:14:44.159936" elapsed="0.000540"/>
</kw>
<kw name="Log" owner="BuiltIn">
<msg time="2024-03-21T15:14:44.161152" level="INFO">200</msg>
<arg>${response.status_code}</arg>
<doc>Logs the given message with the given level.</doc>
<status status="PASS" start="2024-03-21T15:14:44.160800" elapsed="0.000396"/>
</kw>
<kw name="Set Variable" owner="BuiltIn">
<msg time="2024-03-21T15:14:44.162013" level="INFO">${json_data} = {'results': [{'gender': 'female', 'name': {'title': 'Mrs', 'first': 'Alice', 'last': 'Gjelstad'}, 'location': {'street': {'number': 8374, 'name': 'Steenstrups gate'}, 'city': 'Vadfoss', 'state': 'Nord...</msg>
<var>${json_data}</var>
<arg>${response.json()}</arg>
<doc>Returns the given values which can then be assigned to a variables.</doc>
<status status="PASS" start="2024-03-21T15:14:44.161520" elapsed="0.000522"/>
</kw>
<kw name="Dictionary Should Contain Key" owner="Collections">
<msg time="2024-03-21T15:14:44.162514" level="INFO">False</msg>
<arg>${json_data}</arg>
<arg>results</arg>
<doc>Fails if ``key`` is not found from ``dictionary``.</doc>
<status status="PASS" start="2024-03-21T15:14:44.162345" elapsed="0.000207"/>
</kw>
<status status="PASS" start="2024-03-21T15:14:43.731364" elapsed="0.431445"/>
</kw>
<doc>Testa se a API responde corretamente e retorna um objeto JSON válido.</doc>
<tag>testeRequisicaoBasica</tag>
<status status="PASS" start="2024-03-21T15:14:43.730817" elapsed="0.432178"/>
</test>
<test id="s1-s1-t3" name="Validar estrutura de resposta" line="22">
<kw name="Teste de Estrutura de Resposta" owner="random-user-service">
<kw name="GET On Session" owner="RequestsLibrary">
<msg time="2024-03-21T15:14:44.302457" level="INFO">GET Request : url=https://randomuser.me/api 
 path_url=/api 
 headers={'User-Agent': 'python-requests/2.31.0', 'Accept-Encoding': 'gzip, deflate', 'Accept': '*/*', 'Connection': 'keep-alive'} 
 body=None 
 </msg>
<msg time="2024-03-21T15:14:44.302581" level="INFO">GET Response : url=https://randomuser.me/api 
 status=200, reason=OK 
 headers={'Date': 'Thu, 21 Mar 2024 15:14:44 GMT', 'Content-Type': 'application/json; charset=utf-8', 'Transfer-Encoding': 'chunked', 'Connection': 'keep-alive', 'X-Powered-By': 'Express', 'Access-Control-Allow-Origin': '*', 'Cache-Control': 'no-cache', 'ETag': 'W/"48c-17jUoUHRG1g41eBgXrdWd22g1gc"', 'Vary': 'Accept-Encoding', 'Content-Encoding': 'gzip', 'CF-Cache-Status': 'DYNAMIC', 'Report-To': '{"endpoints":[{"url":"https:\\/\\/a.nel.cloudflare.com\\/report\\/v4?s=cqklZKiFGlEEgl0vMvvQdTp0ilCk%2BDVfef8TtWhalOUFGXBTcWN4BhZUlv%2B4QG2pWyl1X5KlW6fGT%2BPzmVW3c%2B5yajIfDsVj6ZqxH1DWuxROuchzkOL%2BQNuP8KYqB72j"}],"group":"cf-nel","max_age":604800}', 'NEL': '{"success_fraction":0,"report_to":"cf-nel","max_age":604800}', 'Server': 'cloudflare', 'CF-RAY': '867ee4b20ed0634a-ORD', 'alt-svc': 'h3=":443"; ma=86400'} 
 body={"results":[{"gender":"male","name":{"title":"Mr","first":"Blake","last":"Ginnish"},"location":{"street":{"number":7651,"name":"Dufferin St"},"city":"Sutton","state":"Québec","country":"Canada","postcode":"U3L 1I8","coordinates":{"latitude":"-72.6771","longitude":"-113.8988"},"timezone":{"offset":"+9:00","description":"Tokyo, Seoul, Osaka, Sapporo, Yakutsk"}},"email":"blake.ginnish@example.com","login":{"uuid":"25dc6dd2-f45b-4428-accf-379b4227868c","username":"smallzebra300","password":"shaker","salt":"0pvTplIj","md5":"b1c93a75181411ac4effef95020d689b","sha1":"ed81674da32be768657405bb46b230dbee54bfbe","sha256":"535ce2822cd777a732a5547dbeb33b6006471dacda6b9d45b466582f9e0b94bd"},"dob":{"date":"1972-07-29T08:10:52.963Z","age":51},"registered":{"date":"2013-10-17T13:41:01.335Z","age":10},"phone":"H11 M53-5775","cell":"H04 C81-5224","id":{"name":"SIN","value":"347818411"},"picture":{"large":"https://randomuser.me/api/portraits/men/69.jpg","medium":"https://randomuser.me/api/portraits/med/men/69.jpg","thumbnail":"https://randomuser.me/api/portraits/thumb/men/69.jpg"},"nat":"CA"}],"info":{"seed":"3552dabad9977a6c","results":1,"page":1,"version":"1.4"}} 
 </msg>
<msg time="2024-03-21T15:14:44.302751" level="INFO">/opt/hostedtoolcache/Python/3.12.2/x64/lib/python3.12/site-packages/urllib3/connectionpool.py:1103: InsecureRequestWarning: Unverified HTTPS request is being made to host 'randomuser.me'. Adding certificate verification is strongly advised. See: https://urllib3.readthedocs.io/en/latest/advanced-usage.html#tls-warnings
  warnings.warn(</msg>
<msg time="2024-03-21T15:14:44.302928" level="INFO">${response} = &lt;Response [200]&gt;</msg>
<var>${response}</var>
<arg>consultarAPI</arg>
<arg>/api</arg>
<doc>Sends a GET request on a previously created HTTP Session.</doc>
<status status="PASS" start="2024-03-21T15:14:44.165805" elapsed="0.137168"/>
</kw>
<kw name="Set Variable" owner="BuiltIn">
<msg time="2024-03-21T15:14:44.304066" level="INFO">${json_data} = {'results': [{'gender': 'male', 'name': {'title': 'Mr', 'first': 'Blake', 'last': 'Ginnish'}, 'location': {'street': {'number': 7651, 'name': 'Dufferin St'}, 'city': 'Sutton', 'state': 'Québec', 'coun...</msg>
<var>${json_data}</var>
<arg>${response.json()}</arg>
<doc>Returns the given values which can then be assigned to a variables.</doc>
<status status="PASS" start="2024-03-21T15:14:44.303524" elapsed="0.000572"/>
</kw>
<kw name="Log" owner="BuiltIn">
<msg time="2024-03-21T15:14:44.304584" level="INFO">{'results': [{'gender': 'male', 'name': {'title': 'Mr', 'first': 'Blake', 'last': 'Ginnish'}, 'location': {'street': {'number': 7651, 'name': 'Dufferin St'}, 'city': 'Sutton', 'state': 'Québec', 'country': 'Canada', 'postcode': 'U3L 1I8', 'coordinates': {'latitude': '-72.6771', 'longitude': '-113.8988'}, 'timezone': {'offset': '+9:00', 'description': 'Tokyo, Seoul, Osaka, Sapporo, Yakutsk'}}, 'email': 'blake.ginnish@example.com', 'login': {'uuid': '25dc6dd2-f45b-4428-accf-379b4227868c', 'username': 'smallzebra300', 'password': 'shaker', 'salt': '0pvTplIj', 'md5': 'b1c93a75181411ac4effef95020d689b', 'sha1': 'ed81674da32be768657405bb46b230dbee54bfbe', 'sha256': '535ce2822cd777a732a5547dbeb33b6006471dacda6b9d45b466582f9e0b94bd'}, 'dob': {'date': '1972-07-29T08:10:52.963Z', 'age': 51}, 'registered': {'date': '2013-10-17T13:41:01.335Z', 'age': 10}, 'phone': 'H11 M53-5775', 'cell': 'H04 C81-5224', 'id': {'name': 'SIN', 'value': '347818411'}, 'picture': {'large': 'https://randomuser.me/api/portraits/men/69.jpg', 'medium': 'https://randomuser.me/api/portraits/med/men/69.jpg', 'thumbnail': 'https://randomuser.me/api/portraits/thumb/men/69.jpg'}, 'nat': 'CA'}], 'info': {'seed': '3552dabad9977a6c', 'results': 1, 'page': 1, 'version': '1.4'}}</msg>
<arg>${json_data}</arg>
<doc>Logs the given message with the given level.</doc>
<status status="PASS" start="2024-03-21T15:14:44.304416" elapsed="0.000218"/>
</kw>
<kw name="Dictionary Should Contain Key" owner="Collections">
<msg time="2024-03-21T15:14:44.305107" level="INFO">False</msg>
<arg>${json_data}</arg>
<arg>results</arg>
<doc>Fails if ``key`` is not found from ``dictionary``.</doc>
<status status="PASS" start="2024-03-21T15:14:44.304944" elapsed="0.000203"/>
</kw>
<kw name="Should Not Be Empty" owner="BuiltIn">
<msg time="2024-03-21T15:14:44.305594" level="INFO">Length is 2.</msg>
<arg>${json_data}</arg>
<doc>Verifies that the given item is not empty.</doc>
<status status="PASS" start="2024-03-21T15:14:44.305450" elapsed="0.000184"/>
</kw>
<kw name="Create List" owner="BuiltIn">
<msg time="2024-03-21T15:14:44.306117" level="INFO">${expected_keys} = ['gender', 'name', 'location', 'email', 'login']</msg>
<var>${expected_keys}</var>
<arg>gender</arg>
<arg>name</arg>
<arg>location</arg>
<arg>email</arg>
<arg>login</arg>
<doc>Returns a list containing given items.</doc>
<status status="PASS" start="2024-03-21T15:14:44.305955" elapsed="0.000187"/>
</kw>
<for flavor="IN">
<iter>
<kw name="Dictionary Should Contain Key" owner="Collections">
<msg time="2024-03-21T15:14:44.307150" level="INFO">False</msg>
<arg>${json_data['results'][0]}</arg>
<arg>${key}</arg>
<doc>Fails if ``key`` is not found from ``dictionary``.</doc>
<status status="PASS" start="2024-03-21T15:14:44.306732" elapsed="0.000458"/>
</kw>
<kw name="Log" owner="BuiltIn">
<msg time="2024-03-21T15:14:44.307869" level="INFO">{'gender': 'male', 'name': {'title': 'Mr', 'first': 'Blake', 'last': 'Ginnish'}, 'location': {'street': {'number': 7651, 'name': 'Dufferin St'}, 'city': 'Sutton', 'state': 'Québec', 'country': 'Canada', 'postcode': 'U3L 1I8', 'coordinates': {'latitude': '-72.6771', 'longitude': '-113.8988'}, 'timezone': {'offset': '+9:00', 'description': 'Tokyo, Seoul, Osaka, Sapporo, Yakutsk'}}, 'email': 'blake.ginnish@example.com', 'login': {'uuid': '25dc6dd2-f45b-4428-accf-379b4227868c', 'username': 'smallzebra300', 'password': 'shaker', 'salt': '0pvTplIj', 'md5': 'b1c93a75181411ac4effef95020d689b', 'sha1': 'ed81674da32be768657405bb46b230dbee54bfbe', 'sha256': '535ce2822cd777a732a5547dbeb33b6006471dacda6b9d45b466582f9e0b94bd'}, 'dob': {'date': '1972-07-29T08:10:52.963Z', 'age': 51}, 'registered': {'date': '2013-10-17T13:41:01.335Z', 'age': 10}, 'phone': 'H11 M53-5775', 'cell': 'H04 C81-5224', 'id': {'name': 'SIN', 'value': '347818411'}, 'picture': {'large': 'https://randomuser.me/api/portraits/men/69.jpg', 'medium': 'https://randomuser.me/api/portraits/med/men/69.jpg', 'thumbnail': 'https://randomuser.me/api/portraits/thumb/men/69.jpg'}, 'nat': 'CA'}</msg>
<arg>${json_data['results'][0]}</arg>
<doc>Logs the given message with the given level.</doc>
<status status="PASS" start="2024-03-21T15:14:44.307498" elapsed="0.000428"/>
</kw>
<kw name="Log" owner="BuiltIn">
<msg time="2024-03-21T15:14:44.308365" level="INFO">gender</msg>
<arg>${key}</arg>
<doc>Logs the given message with the given level.</doc>
<status status="PASS" start="2024-03-21T15:14:44.308233" elapsed="0.000172"/>
</kw>
<var name="${key}">gender</var>
<status status="PASS" start="2024-03-21T15:14:44.306605" elapsed="0.002022"/>
</iter>
<iter>
<kw name="Dictionary Should Contain Key" owner="Collections">
<msg time="2024-03-21T15:14:44.309321" level="INFO">False</msg>
<arg>${json_data['results'][0]}</arg>
<arg>${key}</arg>
<doc>Fails if ``key`` is not found from ``dictionary``.</doc>
<status status="PASS" start="2024-03-21T15:14:44.308936" elapsed="0.000422"/>
</kw>
<kw name="Log" owner="BuiltIn">
<msg time="2024-03-21T15:14:44.310113" level="INFO">{'gender': 'male', 'name': {'title': 'Mr', 'first': 'Blake', 'last': 'Ginnish'}, 'location': {'street': {'number': 7651, 'name': 'Dufferin St'}, 'city': 'Sutton', 'state': 'Québec', 'country': 'Canada', 'postcode': 'U3L 1I8', 'coordinates': {'latitude': '-72.6771', 'longitude': '-113.8988'}, 'timezone': {'offset': '+9:00', 'description': 'Tokyo, Seoul, Osaka, Sapporo, Yakutsk'}}, 'email': 'blake.ginnish@example.com', 'login': {'uuid': '25dc6dd2-f45b-4428-accf-379b4227868c', 'username': 'smallzebra300', 'password': 'shaker', 'salt': '0pvTplIj', 'md5': 'b1c93a75181411ac4effef95020d689b', 'sha1': 'ed81674da32be768657405bb46b230dbee54bfbe', 'sha256': '535ce2822cd777a732a5547dbeb33b6006471dacda6b9d45b466582f9e0b94bd'}, 'dob': {'date': '1972-07-29T08:10:52.963Z', 'age': 51}, 'registered': {'date': '2013-10-17T13:41:01.335Z', 'age': 10}, 'phone': 'H11 M53-5775', 'cell': 'H04 C81-5224', 'id': {'name': 'SIN', 'value': '347818411'}, 'picture': {'large': 'https://randomuser.me/api/portraits/men/69.jpg', 'medium': 'https://randomuser.me/api/portraits/med/men/69.jpg', 'thumbnail': 'https://randomuser.me/api/portraits/thumb/men/69.jpg'}, 'nat': 'CA'}</msg>
<arg>${json_data['results'][0]}</arg>
<doc>Logs the given message with the given level.</doc>
<status status="PASS" start="2024-03-21T15:14:44.309691" elapsed="0.000473"/>
</kw>
<kw name="Log" owner="BuiltIn">
<msg time="2024-03-21T15:14:44.310598" level="INFO">name</msg>
<arg>${key}</arg>
<doc>Logs the given message with the given level.</doc>
<status status="PASS" start="2024-03-21T15:14:44.310470" elapsed="0.000166"/>
</kw>
<var name="${key}">name</var>
<status status="PASS" start="2024-03-21T15:14:44.308819" elapsed="0.002033"/>
</iter>
<iter>
<kw name="Dictionary Should Contain Key" owner="Collections">
<msg time="2024-03-21T15:14:44.311524" level="INFO">False</msg>
<arg>${json_data['results'][0]}</arg>
<arg>${key}</arg>
<doc>Fails if ``key`` is not found from ``dictionary``.</doc>
<status status="PASS" start="2024-03-21T15:14:44.311144" elapsed="0.000418"/>
</kw>
<kw name="Log" owner="BuiltIn">
<msg time="2024-03-21T15:14:44.312231" level="INFO">{'gender': 'male', 'name': {'title': 'Mr', 'first': 'Blake', 'last': 'Ginnish'}, 'location': {'street': {'number': 7651, 'name': 'Dufferin St'}, 'city': 'Sutton', 'state': 'Québec', 'country': 'Canada', 'postcode': 'U3L 1I8', 'coordinates': {'latitude': '-72.6771', 'longitude': '-113.8988'}, 'timezone': {'offset': '+9:00', 'description': 'Tokyo, Seoul, Osaka, Sapporo, Yakutsk'}}, 'email': 'blake.ginnish@example.com', 'login': {'uuid': '25dc6dd2-f45b-4428-accf-379b4227868c', 'username': 'smallzebra300', 'password': 'shaker', 'salt': '0pvTplIj', 'md5': 'b1c93a75181411ac4effef95020d689b', 'sha1': 'ed81674da32be768657405bb46b230dbee54bfbe', 'sha256': '535ce2822cd777a732a5547dbeb33b6006471dacda6b9d45b466582f9e0b94bd'}, 'dob': {'date': '1972-07-29T08:10:52.963Z', 'age': 51}, 'registered': {'date': '2013-10-17T13:41:01.335Z', 'age': 10}, 'phone': 'H11 M53-5775', 'cell': 'H04 C81-5224', 'id': {'name': 'SIN', 'value': '347818411'}, 'picture': {'large': 'https://randomuser.me/api/portraits/men/69.jpg', 'medium': 'https://randomuser.me/api/portraits/med/men/69.jpg', 'thumbnail': 'https://randomuser.me/api/portraits/thumb/men/69.jpg'}, 'nat': 'CA'}</msg>
<arg>${json_data['results'][0]}</arg>
<doc>Logs the given message with the given level.</doc>
<status status="PASS" start="2024-03-21T15:14:44.311861" elapsed="0.000422"/>
</kw>
<kw name="Log" owner="BuiltIn">
<msg time="2024-03-21T15:14:44.312706" level="INFO">location</msg>
<arg>${key}</arg>
<doc>Logs the given message with the given level.</doc>
<status status="PASS" start="2024-03-21T15:14:44.312579" elapsed="0.000165"/>
</kw>
<var name="${key}">location</var>
<status status="PASS" start="2024-03-21T15:14:44.311031" elapsed="0.001928"/>
</iter>
<iter>
<kw name="Dictionary Should Contain Key" owner="Collections">
<msg time="2024-03-21T15:14:44.313617" level="INFO">False</msg>
<arg>${json_data['results'][0]}</arg>
<arg>${key}</arg>
<doc>Fails if ``key`` is not found from ``dictionary``.</doc>
<status status="PASS" start="2024-03-21T15:14:44.313241" elapsed="0.000413"/>
</kw>
<kw name="Log" owner="BuiltIn">
<msg time="2024-03-21T15:14:44.314371" level="INFO">{'gender': 'male', 'name': {'title': 'Mr', 'first': 'Blake', 'last': 'Ginnish'}, 'location': {'street': {'number': 7651, 'name': 'Dufferin St'}, 'city': 'Sutton', 'state': 'Québec', 'country': 'Canada', 'postcode': 'U3L 1I8', 'coordinates': {'latitude': '-72.6771', 'longitude': '-113.8988'}, 'timezone': {'offset': '+9:00', 'description': 'Tokyo, Seoul, Osaka, Sapporo, Yakutsk'}}, 'email': 'blake.ginnish@example.com', 'login': {'uuid': '25dc6dd2-f45b-4428-accf-379b4227868c', 'username': 'smallzebra300', 'password': 'shaker', 'salt': '0pvTplIj', 'md5': 'b1c93a75181411ac4effef95020d689b', 'sha1': 'ed81674da32be768657405bb46b230dbee54bfbe', 'sha256': '535ce2822cd777a732a5547dbeb33b6006471dacda6b9d45b466582f9e0b94bd'}, 'dob': {'date': '1972-07-29T08:10:52.963Z', 'age': 51}, 'registered': {'date': '2013-10-17T13:41:01.335Z', 'age': 10}, 'phone': 'H11 M53-5775', 'cell': 'H04 C81-5224', 'id': {'name': 'SIN', 'value': '347818411'}, 'picture': {'large': 'https://randomuser.me/api/portraits/men/69.jpg', 'medium': 'https://randomuser.me/api/portraits/med/men/69.jpg', 'thumbnail': 'https://randomuser.me/api/portraits/thumb/men/69.jpg'}, 'nat': 'CA'}</msg>
<arg>${json_data['results'][0]}</arg>
<doc>Logs the given message with the given level.</doc>
<status status="PASS" start="2024-03-21T15:14:44.313987" elapsed="0.000432"/>
</kw>
<kw name="Log" owner="BuiltIn">
<msg time="2024-03-21T15:14:44.314847" level="INFO">email</msg>
<arg>${key}</arg>
<doc>Logs the given message with the given level.</doc>
<status status="PASS" start="2024-03-21T15:14:44.314719" elapsed="0.000165"/>
</kw>
<var name="${key}">email</var>
<status status="PASS" start="2024-03-21T15:14:44.313131" elapsed="0.001972"/>
</iter>
<iter>
<kw name="Dictionary Should Contain Key" owner="Collections">
<msg time="2024-03-21T15:14:44.315784" level="INFO">False</msg>
<arg>${json_data['results'][0]}</arg>
<arg>${key}</arg>
<doc>Fails if ``key`` is not found from ``dictionary``.</doc>
<status status="PASS" start="2024-03-21T15:14:44.315391" elapsed="0.000431"/>
</kw>
<kw name="Log" owner="BuiltIn">
<msg time="2024-03-21T15:14:44.316484" level="INFO">{'gender': 'male', 'name': {'title': 'Mr', 'first': 'Blake', 'last': 'Ginnish'}, 'location': {'street': {'number': 7651, 'name': 'Dufferin St'}, 'city': 'Sutton', 'state': 'Québec', 'country': 'Canada', 'postcode': 'U3L 1I8', 'coordinates': {'latitude': '-72.6771', 'longitude': '-113.8988'}, 'timezone': {'offset': '+9:00', 'description': 'Tokyo, Seoul, Osaka, Sapporo, Yakutsk'}}, 'email': 'blake.ginnish@example.com', 'login': {'uuid': '25dc6dd2-f45b-4428-accf-379b4227868c', 'username': 'smallzebra300', 'password': 'shaker', 'salt': '0pvTplIj', 'md5': 'b1c93a75181411ac4effef95020d689b', 'sha1': 'ed81674da32be768657405bb46b230dbee54bfbe', 'sha256': '535ce2822cd777a732a5547dbeb33b6006471dacda6b9d45b466582f9e0b94bd'}, 'dob': {'date': '1972-07-29T08:10:52.963Z', 'age': 51}, 'registered': {'date': '2013-10-17T13:41:01.335Z', 'age': 10}, 'phone': 'H11 M53-5775', 'cell': 'H04 C81-5224', 'id': {'name': 'SIN', 'value': '347818411'}, 'picture': {'large': 'https://randomuser.me/api/portraits/men/69.jpg', 'medium': 'https://randomuser.me/api/portraits/med/men/69.jpg', 'thumbnail': 'https://randomuser.me/api/portraits/thumb/men/69.jpg'}, 'nat': 'CA'}</msg>
<arg>${json_data['results'][0]}</arg>
<doc>Logs the given message with the given level.</doc>
<status status="PASS" start="2024-03-21T15:14:44.316120" elapsed="0.000413"/>
</kw>
<kw name="Log" owner="BuiltIn">
<msg time="2024-03-21T15:14:44.316951" level="INFO">login</msg>
<arg>${key}</arg>
<doc>Logs the given message with the given level.</doc>
<status status="PASS" start="2024-03-21T15:14:44.316824" elapsed="0.000277"/>
</kw>
<var name="${key}">login</var>
<status status="PASS" start="2024-03-21T15:14:44.315276" elapsed="0.002073"/>
</iter>
<var>${key}</var>
<value>@{expected_keys}</value>
<status status="PASS" start="2024-03-21T15:14:44.306409" elapsed="0.011070"/>
</for>
<kw name="Create List" owner="BuiltIn">
<msg time="2024-03-21T15:14:44.317821" level="INFO">${expected_keysTwo} = ['username', 'password']</msg>
<var>${expected_keysTwo}</var>
<arg>username</arg>
<arg>password</arg>
<doc>Returns a list containing given items.</doc>
<status status="PASS" start="2024-03-21T15:14:44.317681" elapsed="0.000204"/>
</kw>
<for flavor="IN">
<iter>
<kw name="Dictionary Should Contain Key" owner="Collections">
<msg time="2024-03-21T15:14:44.318830" level="INFO">False</msg>
<arg>${json_data['results'][0]['login']}</arg>
<arg>${keyTwo}</arg>
<doc>Fails if ``key`` is not found from ``dictionary``.</doc>
<status status="PASS" start="2024-03-21T15:14:44.318425" elapsed="0.000442"/>
</kw>
<kw name="Dictionary Should Contain Key" owner="Collections">
<msg time="2024-03-21T15:14:44.319540" level="INFO">False</msg>
<arg>${json_data['results'][0]['login']}</arg>
<arg>${keyTwo}</arg>
<doc>Fails if ``key`` is not found from ``dictionary``.</doc>
<status status="PASS" start="2024-03-21T15:14:44.319163" elapsed="0.000414"/>
</kw>
<kw name="Log" owner="BuiltIn">
<msg time="2024-03-21T15:14:44.319996" level="INFO">username</msg>
<arg>${keyTwo}</arg>
<doc>Logs the given message with the given level.</doc>
<status status="PASS" start="2024-03-21T15:14:44.319869" elapsed="0.000164"/>
</kw>
<var name="${keyTwo}">username</var>
<status status="PASS" start="2024-03-21T15:14:44.318313" elapsed="0.001931"/>
</iter>
<iter>
<kw name="Dictionary Should Contain Key" owner="Collections">
<msg time="2024-03-21T15:14:44.320901" level="INFO">False</msg>
<arg>${json_data['results'][0]['login']}</arg>
<arg>${keyTwo}</arg>
<doc>Fails if ``key`` is not found from ``dictionary``.</doc>
<status status="PASS" start="2024-03-21T15:14:44.320524" elapsed="0.000415"/>
</kw>
<kw name="Dictionary Should Contain Key" owner="Collections">
<msg time="2024-03-21T15:14:44.321602" level="INFO">False</msg>
<arg>${json_data['results'][0]['login']}</arg>
<arg>${keyTwo}</arg>
<doc>Fails if ``key`` is not found from ``dictionary``.</doc>
<status status="PASS" start="2024-03-21T15:14:44.321231" elapsed="0.000407"/>
</kw>
<kw name="Log" owner="BuiltIn">
<msg time="2024-03-21T15:14:44.322083" level="INFO">password</msg>
<arg>${keyTwo}</arg>
<doc>Logs the given message with the given level.</doc>
<status status="PASS" start="2024-03-21T15:14:44.321957" elapsed="0.000164"/>
</kw>
<var name="${keyTwo}">password</var>
<status status="PASS" start="2024-03-21T15:14:44.320416" elapsed="0.001923"/>
</iter>
<var>${keyTwo}</var>
<value>@{expected_keysTwo}</value>
<status status="PASS" start="2024-03-21T15:14:44.318158" elapsed="0.004303"/>
</for>
<status status="PASS" start="2024-03-21T15:14:44.165567" elapsed="0.157038"/>
</kw>
<doc>Testa a estrutura da resposta da API.</doc>
<tag>testeEstruturaResposta</tag>
<status status="PASS" start="2024-03-21T15:14:44.164805" elapsed="0.157970"/>
</test>
<test id="s1-s1-t4" name="Validar tipos de dados" line="28">
<kw name="Teste de Tipos de Dados" owner="random-user-service">
<kw name="GET On Session" owner="RequestsLibrary">
<msg time="2024-03-21T15:14:44.370167" level="INFO">GET Request : url=https://randomuser.me/api 
 path_url=/api 
 headers={'User-Agent': 'python-requests/2.31.0', 'Accept-Encoding': 'gzip, deflate', 'Accept': '*/*', 'Connection': 'keep-alive'} 
 body=None 
 </msg>
<msg time="2024-03-21T15:14:44.370275" level="INFO">GET Response : url=https://randomuser.me/api 
 status=200, reason=OK 
 headers={'Date': 'Thu, 21 Mar 2024 15:14:44 GMT', 'Content-Type': 'application/json; charset=utf-8', 'Transfer-Encoding': 'chunked', 'Connection': 'keep-alive', 'X-Powered-By': 'Express', 'Access-Control-Allow-Origin': '*', 'Cache-Control': 'no-cache', 'ETag': 'W/"49d-Vna4ToeDhylLqqhVLDrci2wp9cg"', 'Vary': 'Accept-Encoding', 'Content-Encoding': 'gzip', 'CF-Cache-Status': 'DYNAMIC', 'Report-To': '{"endpoints":[{"url":"https:\\/\\/a.nel.cloudflare.com\\/report\\/v4?s=d2gYOn8cyyK7J7CRNLqWbn0c8wiZqTqGGW%2B0Wc%2Bp7kNhwWDygXFgMRygLPe%2F23EzuSicQMGDi8FuRI%2FAKsr9nwCwO2jwh1BK6x8%2FsiBoAptfGdqH9nXbOCSbKQnfh83y"}],"group":"cf-nel","max_age":604800}', 'NEL': '{"success_fraction":0,"report_to":"cf-nel","max_age":604800}', 'Server': 'cloudflare', 'CF-RAY': '867ee4b30815634a-ORD', 'alt-svc': 'h3=":443"; ma=86400'} 
 body={"results":[{"gender":"male","name":{"title":"Mr","first":"Angelo","last":"Blanchard"},"location":{"street":{"number":1330,"name":"Place du 8 Février 1962"},"city":"Brest","state":"Somme","country":"France","postcode":67643,"coordinates":{"latitude":"-14.1911","longitude":"-81.9925"},"timezone":{"offset":"-7:00","description":"Mountain Time (US &amp; Canada)"}},"email":"angelo.blanchard@example.com","login":{"uuid":"113243da-1088-4988-97f9-b11d5fac8a3f","username":"yellowmouse753","password":"japanees","salt":"hbIGKIHY","md5":"8a1bfeade5a32ce4fa46063995c589c5","sha1":"8f46df01fe326f228d8eb6ccc5a6691717b664f1","sha256":"d4b86b5a3645dbe3a5216758450908c799d84a07d583e3d01863ea5b553d5196"},"dob":{"date":"1950-08-29T23:18:31.885Z","age":73},"registered":{"date":"2003-10-07T05:31:26.215Z","age":20},"phone":"02-96-75-62-96","cell":"06-47-67-78-51","id":{"name":"INSEE","value":"1500788803061 88"},"picture":{"large":"https://randomuser.me/api/portraits/men/84.jpg","medium":"https://randomuser.me/api/portraits/med/men/84.jpg","thumbnail":"https://randomuser.me/api/portraits/thumb/men/84.jpg"},"nat":"FR"}],"info":{"seed":"ffbcaf729359bd47","results":1,"page":1,"version":"1.4"}} 
 </msg>
<msg time="2024-03-21T15:14:44.370351" level="INFO">/opt/hostedtoolcache/Python/3.12.2/x64/lib/python3.12/site-packages/urllib3/connectionpool.py:1103: InsecureRequestWarning: Unverified HTTPS request is being made to host 'randomuser.me'. Adding certificate verification is strongly advised. See: https://urllib3.readthedocs.io/en/latest/advanced-usage.html#tls-warnings
  warnings.warn(</msg>
<msg time="2024-03-21T15:14:44.370505" level="INFO">${response} = &lt;Response [200]&gt;</msg>
<var>${response}</var>
<arg>consultarAPI</arg>
<arg>/api</arg>
<doc>Sends a GET request on a previously created HTTP Session.</doc>
<status status="PASS" start="2024-03-21T15:14:44.325243" elapsed="0.045308"/>
</kw>
<kw name="Set Variable" owner="BuiltIn">
<msg time="2024-03-21T15:14:44.371690" level="INFO">${json_data} = {'results': [{'gender': 'male', 'name': {'title': 'Mr', 'first': 'Angelo', 'last': 'Blanchard'}, 'location': {'street': {'number': 1330, 'name': 'Place du 8 Février 1962'}, 'city': 'Brest', 'state': '...</msg>
<var>${json_data}</var>
<arg>${response.json()}</arg>
<doc>Returns the given values which can then be assigned to a variables.</doc>
<status status="PASS" start="2024-03-21T15:14:44.371136" elapsed="0.000584"/>
</kw>
<kw name="Log" owner="BuiltIn">
<msg time="2024-03-21T15:14:44.372293" level="INFO">{'results': [{'gender': 'male', 'name': {'title': 'Mr', 'first': 'Angelo', 'last': 'Blanchard'}, 'location': {'street': {'number': 1330, 'name': 'Place du 8 Février 1962'}, 'city': 'Brest', 'state': 'Somme', 'country': 'France', 'postcode': 67643, 'coordinates': {'latitude': '-14.1911', 'longitude': '-81.9925'}, 'timezone': {'offset': '-7:00', 'description': 'Mountain Time (US &amp; Canada)'}}, 'email': 'angelo.blanchard@example.com', 'login': {'uuid': '113243da-1088-4988-97f9-b11d5fac8a3f', 'username': 'yellowmouse753', 'password': 'japanees', 'salt': 'hbIGKIHY', 'md5': '8a1bfeade5a32ce4fa46063995c589c5', 'sha1': '8f46df01fe326f228d8eb6ccc5a6691717b664f1', 'sha256': 'd4b86b5a3645dbe3a5216758450908c799d84a07d583e3d01863ea5b553d5196'}, 'dob': {'date': '1950-08-29T23:18:31.885Z', 'age': 73}, 'registered': {'date': '2003-10-07T05:31:26.215Z', 'age': 20}, 'phone': '02-96-75-62-96', 'cell': '06-47-67-78-51', 'id': {'name': 'INSEE', 'value': '1500788803061 88'}, 'picture': {'large': 'https://randomuser.me/api/portraits/men/84.jpg', 'medium': 'https://randomuser.me/api/portraits/med/men/84.jpg', 'thumbnail': 'https://randomuser.me/api/portraits/thumb/men/84.jpg'}, 'nat': 'FR'}], 'info': {'seed': 'ffbcaf729359bd47', 'results': 1, 'page': 1, 'version': '1.4'}}</msg>
<arg>${json_data}</arg>
<doc>Logs the given message with the given level.</doc>
<status status="PASS" start="2024-03-21T15:14:44.372108" elapsed="0.000278"/>
</kw>
<kw name="Should Be String" owner="String">
<arg>${json_data['results'][0]['gender']}</arg>
<doc>Fails if the given ``item`` is not a string.</doc>
<status status="PASS" start="2024-03-21T15:14:44.372736" elapsed="0.000405"/>
</kw>
<kw name="Should Match Regexp" owner="BuiltIn">
<arg>${json_data['results'][0]['email']}</arg>
<arg>^[a-zA-Z0-9._%+-]+@[a-zA-Z0-9.-]+\.[a-zA-Z]{2,}$</arg>
<doc>Fails if ``string`` does not match ``pattern`` as a regular expression.</doc>
<status status="PASS" start="2024-03-21T15:14:44.373356" elapsed="0.000584"/>
</kw>
<kw name="Should Match Regexp" owner="BuiltIn">
<arg>${json_data['results'][0]['dob']['date']}</arg>
<arg>\\d{4}-\\d{2}-\\d{2}T\\d{2}:\\d{2}:\\d{2}\\.\\d{3}Z</arg>
<doc>Fails if ``string`` does not match ``pattern`` as a regular expression.</doc>
<status status="PASS" start="2024-03-21T15:14:44.374144" elapsed="0.000491"/>
</kw>
<kw name="Should Match Regexp" owner="BuiltIn">
<arg>${json_data['results'][0]['registered']['date']}</arg>
<arg>\\d{4}-\\d{2}-\\d{2}T\\d{2}:\\d{2}:\\d{2}\\.\\d{3}Z</arg>
<doc>Fails if ``string`` does not match ``pattern`` as a regular expression.</doc>
<status status="PASS" start="2024-03-21T15:14:44.374837" elapsed="0.000374"/>
</kw>
<kw name="Should Match Regexp" owner="BuiltIn">
<arg>${json_data['results'][0]['picture']['large']}</arg>
<arg>^https?://.*\.(?:png|jpe?g|gif|bmp)$</arg>
<doc>Fails if ``string`` does not match ``pattern`` as a regular expression.</doc>
<status status="PASS" start="2024-03-21T15:14:44.375402" elapsed="0.000456"/>
</kw>
<kw name="Should Match Regexp" owner="BuiltIn">
<arg>${json_data['results'][0]['picture']['medium']}</arg>
<arg>^https?://.*\.(?:png|jpe?g|gif|bmp)$</arg>
<doc>Fails if ``string`` does not match ``pattern`` as a regular expression.</doc>
<status status="PASS" start="2024-03-21T15:14:44.376051" elapsed="0.000362"/>
</kw>
<kw name="Should Match Regexp" owner="BuiltIn">
<arg>${json_data['results'][0]['picture']['thumbnail']}</arg>
<arg>^https?://.*\.(?:png|jpe?g|gif|bmp)$</arg>
<doc>Fails if ``string`` does not match ``pattern`` as a regular expression.</doc>
<status status="PASS" start="2024-03-21T15:14:44.376603" elapsed="0.000351"/>
</kw>
<kw name="Log" owner="BuiltIn">
<msg time="2024-03-21T15:14:44.377461" level="INFO">{'large': 'https://randomuser.me/api/portraits/men/84.jpg', 'medium': 'https://randomuser.me/api/portraits/med/men/84.jpg', 'thumbnail': 'https://randomuser.me/api/portraits/thumb/men/84.jpg'}</msg>
<arg>${json_data['results'][0]['picture']}</arg>
<doc>Logs the given message with the given level.</doc>
<status status="PASS" start="2024-03-21T15:14:44.377134" elapsed="0.000375"/>
</kw>
<status status="PASS" start="2024-03-21T15:14:44.325007" elapsed="0.052777"/>
</kw>
<kw name="Teste de Tipos de Dados - Postcode" owner="random-user-service">
<kw name="GET On Session" owner="RequestsLibrary">
<msg time="2024-03-21T15:14:44.479032" level="INFO">GET Request : url=https://randomuser.me/api 
 path_url=/api 
 headers={'User-Agent': 'python-requests/2.31.0', 'Accept-Encoding': 'gzip, deflate', 'Accept': '*/*', 'Connection': 'keep-alive'} 
 body=None 
 </msg>
<msg time="2024-03-21T15:14:44.479150" level="INFO">GET Response : url=https://randomuser.me/api 
 status=200, reason=OK 
 headers={'Date': 'Thu, 21 Mar 2024 15:14:44 GMT', 'Content-Type': 'application/json; charset=utf-8', 'Transfer-Encoding': 'chunked', 'Connection': 'keep-alive', 'X-Powered-By': 'Express', 'Access-Control-Allow-Origin': '*', 'Cache-Control': 'no-cache', 'ETag': 'W/"47e-UJtjCg/ra1rqYeqP3QFw9isq+sY"', 'Vary': 'Accept-Encoding', 'Content-Encoding': 'gzip', 'CF-Cache-Status': 'DYNAMIC', 'Report-To': '{"endpoints":[{"url":"https:\\/\\/a.nel.cloudflare.com\\/report\\/v4?s=MPbPJNd90gRX5tNCRb42M1FEQOpLJaaedkb07pNxgHm3AWgrNDbr4xxf3eImPJXNke%2FRz8YPZnWlP7MIq%2FzAMBMlhbvHqpLYJIsakll445A44Ecv0OvFSZ3LyANLS5D6"}],"group":"cf-nel","max_age":604800}', 'NEL': '{"success_fraction":0,"report_to":"cf-nel","max_age":604800}', 'Server': 'cloudflare', 'CF-RAY': '867ee4b36861634a-ORD', 'alt-svc': 'h3=":443"; ma=86400'} 
 body={"results":[{"gender":"male","name":{"title":"Mr","first":"Ilyès","last":"Andre"},"location":{"street":{"number":5399,"name":"Rue Gasparin"},"city":"Rennes","state":"Moselle","country":"France","postcode":30485,"coordinates":{"latitude":"-18.7710","longitude":"-52.8310"},"timezone":{"offset":"-3:30","description":"Newfoundland"}},"email":"ilyes.andre@example.com","login":{"uuid":"5058ebb3-b109-4268-8e1b-3c10b540b7f3","username":"beautifulpeacock275","password":"thailand","salt":"TedMlzHI","md5":"db563d065db3f55eecb9804571043025","sha1":"df0bd3d64b40ed928276d82f0c1a44fd65f54ad6","sha256":"2f66287494ce4ab0efa52bf751c14ddda394429a178dce66c1ab2e186f152698"},"dob":{"date":"1988-09-25T09:45:16.907Z","age":35},"registered":{"date":"2004-03-01T14:43:23.069Z","age":20},"phone":"04-32-07-49-24","cell":"06-64-67-25-50","id":{"name":"INSEE","value":"1880842016460 94"},"picture":{"large":"https://randomuser.me/api/portraits/men/2.jpg","medium":"https://randomuser.me/api/portraits/med/men/2.jpg","thumbnail":"https://randomuser.me/api/portraits/thumb/men/2.jpg"},"nat":"FR"}],"info":{"seed":"f594ea5440c496d3","results":1,"page":1,"version":"1.4"}} 
 </msg>
<msg time="2024-03-21T15:14:44.479258" level="INFO">/opt/hostedtoolcache/Python/3.12.2/x64/lib/python3.12/site-packages/urllib3/connectionpool.py:1103: InsecureRequestWarning: Unverified HTTPS request is being made to host 'randomuser.me'. Adding certificate verification is strongly advised. See: https://urllib3.readthedocs.io/en/latest/advanced-usage.html#tls-warnings
  warnings.warn(</msg>
<msg time="2024-03-21T15:14:44.479407" level="INFO">${response} = &lt;Response [200]&gt;</msg>
<var>${response}</var>
<arg>consultarAPI</arg>
<arg>/api</arg>
<doc>Sends a GET request on a previously created HTTP Session.</doc>
<status status="PASS" start="2024-03-21T15:14:44.378485" elapsed="0.100967"/>
</kw>
<kw name="Set Variable" owner="BuiltIn">
<msg time="2024-03-21T15:14:44.480606" level="INFO">${json_data} = {'results': [{'gender': 'male', 'name': {'title': 'Mr', 'first': 'Ilyès', 'last': 'Andre'}, 'location': {'street': {'number': 5399, 'name': 'Rue Gasparin'}, 'city': 'Rennes', 'state': 'Moselle', 'coun...</msg>
<var>${json_data}</var>
<arg>${response.json()}</arg>
<doc>Returns the given values which can then be assigned to a variables.</doc>
<status status="PASS" start="2024-03-21T15:14:44.480059" elapsed="0.000577"/>
</kw>
<kw name="Log" owner="BuiltIn">
<msg time="2024-03-21T15:14:44.481204" level="INFO">{'results': [{'gender': 'male', 'name': {'title': 'Mr', 'first': 'Ilyès', 'last': 'Andre'}, 'location': {'street': {'number': 5399, 'name': 'Rue Gasparin'}, 'city': 'Rennes', 'state': 'Moselle', 'country': 'France', 'postcode': 30485, 'coordinates': {'latitude': '-18.7710', 'longitude': '-52.8310'}, 'timezone': {'offset': '-3:30', 'description': 'Newfoundland'}}, 'email': 'ilyes.andre@example.com', 'login': {'uuid': '5058ebb3-b109-4268-8e1b-3c10b540b7f3', 'username': 'beautifulpeacock275', 'password': 'thailand', 'salt': 'TedMlzHI', 'md5': 'db563d065db3f55eecb9804571043025', 'sha1': 'df0bd3d64b40ed928276d82f0c1a44fd65f54ad6', 'sha256': '2f66287494ce4ab0efa52bf751c14ddda394429a178dce66c1ab2e186f152698'}, 'dob': {'date': '1988-09-25T09:45:16.907Z', 'age': 35}, 'registered': {'date': '2004-03-01T14:43:23.069Z', 'age': 20}, 'phone': '04-32-07-49-24', 'cell': '06-64-67-25-50', 'id': {'name': 'INSEE', 'value': '1880842016460 94'}, 'picture': {'large': 'https://randomuser.me/api/portraits/men/2.jpg', 'medium': 'https://randomuser.me/api/portraits/med/men/2.jpg', 'thumbnail': 'https://randomuser.me/api/portraits/thumb/men/2.jpg'}, 'nat': 'FR'}], 'info': {'seed': 'f594ea5440c496d3', 'results': 1, 'page': 1, 'version': '1.4'}}</msg>
<arg>${json_data}</arg>
<doc>Logs the given message with the given level.</doc>
<status status="PASS" start="2024-03-21T15:14:44.481021" elapsed="0.000271"/>
</kw>
<kw name="Should Be Equal As Numbers" owner="BuiltIn">
<arg>${json_data['results'][0]['location']['postcode']}</arg>
<arg>${json_data['results'][0]['location']['postcode']}</arg>
<doc>Fails if objects are unequal after converting them to real numbers.</doc>
<status status="PASS" start="2024-03-21T15:14:44.481630" elapsed="0.000735"/>
</kw>
<kw name="Log" owner="BuiltIn">
<msg time="2024-03-21T15:14:44.482904" level="INFO">30485</msg>
<arg>${json_data['results'][0]['location']['postcode']}</arg>
<doc>Logs the given message with the given level.</doc>
<status status="PASS" start="2024-03-21T15:14:44.482567" elapsed="0.000379"/>
</kw>
<status status="PASS" start="2024-03-21T15:14:44.378064" elapsed="0.105157"/>
</kw>
<doc>Testa se os tipos de dados na resposta da API estão corretos.</doc>
<tag>testeTiposDados</tag>
<status status="PASS" start="2024-03-21T15:14:44.324535" elapsed="0.158866"/>
</test>
<test id="s1-s1-t5" name="Validar conteudo" line="35">
<kw name="Teste de Tipos de Conteudo" owner="random-user-service">
<kw name="GET On Session" owner="RequestsLibrary">
<msg time="2024-03-21T15:14:44.574196" level="INFO">GET Request : url=https://randomuser.me/api 
 path_url=/api 
 headers={'User-Agent': 'python-requests/2.31.0', 'Accept-Encoding': 'gzip, deflate', 'Accept': '*/*', 'Connection': 'keep-alive'} 
 body=None 
 </msg>
<msg time="2024-03-21T15:14:44.574307" level="INFO">GET Response : url=https://randomuser.me/api 
 status=200, reason=OK 
 headers={'Date': 'Thu, 21 Mar 2024 15:14:44 GMT', 'Content-Type': 'application/json; charset=utf-8', 'Transfer-Encoding': 'chunked', 'Connection': 'keep-alive', 'X-Powered-By': 'Express', 'Access-Control-Allow-Origin': '*', 'Cache-Control': 'no-cache', 'ETag': 'W/"49b-wrCAKy1grKCXoEgLyg6Nq0MY5lk"', 'Vary': 'Accept-Encoding', 'Content-Encoding': 'gzip', 'CF-Cache-Status': 'DYNAMIC', 'Report-To': '{"endpoints":[{"url":"https:\\/\\/a.nel.cloudflare.com\\/report\\/v4?s=GeVt4OwtQ7ceXVZMNV%2FscSGZx4jsKbE38jOqL9SqJuYMICexFXCTNn2n9odVJYKAvxBLG%2B0lIhvx8kfkD4kLJY3PfTw94k6zBJ%2Bz0YZD%2BElByV52821Q6sqItLXj1MKb"}],"group":"cf-nel","max_age":604800}', 'NEL': '{"success_fraction":0,"report_to":"cf-nel","max_age":604800}', 'Server': 'cloudflare', 'CF-RAY': '867ee4b4097c634a-ORD', 'alt-svc': 'h3=":443"; ma=86400'} 
 body={"results":[{"gender":"female","name":{"title":"Mrs","first":"Addison","last":"Macdonald"},"location":{"street":{"number":6475,"name":"Charles St"},"city":"Cornwall","state":"Nunavut","country":"Canada","postcode":"D9Q 0H5","coordinates":{"latitude":"-68.1829","longitude":"157.2040"},"timezone":{"offset":"-4:00","description":"Atlantic Time (Canada), Caracas, La Paz"}},"email":"addison.macdonald@example.com","login":{"uuid":"0974a439-b807-49a5-a60b-d99ef6d27d9e","username":"sadswan642","password":"303030","salt":"GbDKOvjA","md5":"953a0ccd7a62c15f7906e83a70041416","sha1":"9e549d54fb136b24e059c8fef41868e53f9d9ae0","sha256":"179ad0e32d49ff692273fa8ce72b8d36f50744e5119ba28363d0089658537558"},"dob":{"date":"1977-10-28T17:38:11.711Z","age":46},"registered":{"date":"2020-12-09T14:09:46.491Z","age":3},"phone":"K81 M85-8069","cell":"C39 K89-0604","id":{"name":"SIN","value":"461855033"},"picture":{"large":"https://randomuser.me/api/portraits/women/92.jpg","medium":"https://randomuser.me/api/portraits/med/women/92.jpg","thumbnail":"https://randomuser.me/api/portraits/thumb/women/92.jpg"},"nat":"CA"}],"info":{"seed":"11e12e0e77f7803d","results":1,"page":1,"version":"1.4"}} 
 </msg>
<msg time="2024-03-21T15:14:44.574386" level="INFO">/opt/hostedtoolcache/Python/3.12.2/x64/lib/python3.12/site-packages/urllib3/connectionpool.py:1103: InsecureRequestWarning: Unverified HTTPS request is being made to host 'randomuser.me'. Adding certificate verification is strongly advised. See: https://urllib3.readthedocs.io/en/latest/advanced-usage.html#tls-warnings
  warnings.warn(</msg>
<msg time="2024-03-21T15:14:44.574533" level="INFO">${response} = &lt;Response [200]&gt;</msg>
<var>${response}</var>
<arg>consultarAPI</arg>
<arg>/api</arg>
<doc>Sends a GET request on a previously created HTTP Session.</doc>
<status status="PASS" start="2024-03-21T15:14:44.485910" elapsed="0.088666"/>
</kw>
<kw name="Set Variable" owner="BuiltIn">
<msg time="2024-03-21T15:14:44.575636" level="INFO">${json_data} = {'results': [{'gender': 'female', 'name': {'title': 'Mrs', 'first': 'Addison', 'last': 'Macdonald'}, 'location': {'street': {'number': 6475, 'name': 'Charles St'}, 'city': 'Cornwall', 'state': 'Nunavu...</msg>
<var>${json_data}</var>
<arg>${response.json()}</arg>
<doc>Returns the given values which can then be assigned to a variables.</doc>
<status status="PASS" start="2024-03-21T15:14:44.575120" elapsed="0.000544"/>
</kw>
<kw name="Set Variable" owner="BuiltIn">
<msg time="2024-03-21T15:14:44.576355" level="INFO">${name_title} = Mrs</msg>
<var>${name_title}</var>
<arg>${json_data["results"][0]["name"]["title"]}</arg>
<doc>Returns the given values which can then be assigned to a variables.</doc>
<status status="PASS" start="2024-03-21T15:14:44.575980" elapsed="0.000401"/>
</kw>
<kw name="Create List" owner="BuiltIn">
<msg time="2024-03-21T15:14:44.576831" level="INFO">${allowed_titles} = ['Mr', 'Ms', 'Miss', 'Mrs', 'Madame', 'Monsieur']</msg>
<var>${allowed_titles}</var>
<arg>Mr</arg>
<arg>Ms</arg>
<arg>Miss</arg>
<arg>Mrs</arg>
<arg>Madame</arg>
<arg>Monsieur</arg>
<doc>Returns a list containing given items.</doc>
<status status="PASS" start="2024-03-21T15:14:44.576682" elapsed="0.000173"/>
</kw>
<kw name="List Should Contain Value" owner="Collections">
<msg time="2024-03-21T15:14:44.577341" level="INFO">False</msg>
<arg>${allowed_titles}</arg>
<arg>${name_title}</arg>
<doc>Fails if the ``value`` is not found from ``list``.</doc>
<status status="PASS" start="2024-03-21T15:14:44.577160" elapsed="0.000219"/>
</kw>
<kw name="Set Variable" owner="BuiltIn">
<msg time="2024-03-21T15:14:44.578100" level="INFO">${name_country} = CA</msg>
<var>${name_country}</var>
<arg>${json_data["results"][0]["nat"]}</arg>
<doc>Returns the given values which can then be assigned to a variables.</doc>
<status status="PASS" start="2024-03-21T15:14:44.577675" elapsed="0.000451"/>
</kw>
<kw name="Create List" owner="BuiltIn">
<msg time="2024-03-21T15:14:44.579040" level="INFO">${list_country} = ['AD', 'AE', 'AF', 'AG', 'AI', 'AL', 'AM', 'AO', 'AQ', 'AR', 'AS', 'AT', 'AU', 'AW', 'AX', 'AZ', 'BA', 'BB', 'BD', 'BE', 'BF', 'BG', 'BH', 'BI', 'BJ', 'BL', 'BM', 'BN', 'BO', 'BQ', 'BR', 'BS', 'BT', '...</msg>
<var>${list_country}</var>
<arg>AD</arg>
<arg>AE</arg>
<arg>AF</arg>
<arg>AG</arg>
<arg>AI</arg>
<arg>AL</arg>
<arg>AM</arg>
<arg>AO</arg>
<arg>AQ</arg>
<arg>AR</arg>
<arg>AS</arg>
<arg>AT</arg>
<arg>AU</arg>
<arg>AW</arg>
<arg>AX</arg>
<arg>AZ</arg>
<arg>BA</arg>
<arg>BB</arg>
<arg>BD</arg>
<arg>BE</arg>
<arg>BF</arg>
<arg>BG</arg>
<arg>BH</arg>
<arg>BI</arg>
<arg>BJ</arg>
<arg>BL</arg>
<arg>BM</arg>
<arg>BN</arg>
<arg>BO</arg>
<arg>BQ</arg>
<arg>BR</arg>
<arg>BS</arg>
<arg>BT</arg>
<arg>BV</arg>
<arg>BW</arg>
<arg>BY</arg>
<arg>BZ</arg>
<arg>CA</arg>
<arg>CC</arg>
<arg>CD</arg>
<arg>CF</arg>
<arg>CG</arg>
<arg>CH</arg>
<arg>CI</arg>
<arg>CK</arg>
<arg>CL</arg>
<arg>CM</arg>
<arg>CN</arg>
<arg>CO</arg>
<arg>CR</arg>
<arg>CU</arg>
<arg>CV</arg>
<arg>CW</arg>
<arg>CX</arg>
<arg>CY</arg>
<arg>CZ</arg>
<arg>DE</arg>
<arg>DJ</arg>
<arg>DK</arg>
<arg>DM</arg>
<arg>DO</arg>
<arg>DZ</arg>
<arg>EC</arg>
<arg>EE</arg>
<arg>EG</arg>
<arg>EH</arg>
<arg>ER</arg>
<arg>ES</arg>
<arg>ET</arg>
<arg>FI</arg>
<arg>FJ</arg>
<arg>FK</arg>
<arg>FM</arg>
<arg>FO</arg>
<arg>FR</arg>
<arg>GA</arg>
<arg>GB</arg>
<arg>GD</arg>
<arg>GE</arg>
<arg>GF</arg>
<arg>GG</arg>
<arg>GH</arg>
<arg>GI</arg>
<arg>GL</arg>
<arg>GM</arg>
<arg>GN</arg>
<arg>GP</arg>
<arg>GQ</arg>
<arg>GR</arg>
<arg>GS</arg>
<arg>GT</arg>
<arg>GU</arg>
<arg>GW</arg>
<arg>GY</arg>
<arg>HK</arg>
<arg>HM</arg>
<arg>HN</arg>
<arg>HR</arg>
<arg>HT</arg>
<arg>HU</arg>
<arg>ID</arg>
<arg>IE</arg>
<arg>IL</arg>
<arg>IM</arg>
<arg>IN</arg>
<arg>IO</arg>
<arg>IQ</arg>
<arg>IR</arg>
<arg>IS</arg>
<arg>IT</arg>
<arg>JE</arg>
<arg>JM</arg>
<arg>JO</arg>
<arg>JP</arg>
<arg>KE</arg>
<arg>KG</arg>
<arg>KH</arg>
<arg>KI</arg>
<arg>KM</arg>
<arg>KN</arg>
<arg>KP</arg>
<arg>KR</arg>
<arg>KW</arg>
<arg>KY</arg>
<arg>KZ</arg>
<arg>LA</arg>
<arg>LB</arg>
<arg>LC</arg>
<arg>LI</arg>
<arg>LK</arg>
<arg>LR</arg>
<arg>LS</arg>
<arg>LT</arg>
<arg>LU</arg>
<arg>LV</arg>
<arg>LY</arg>
<arg>MA</arg>
<arg>MC</arg>
<arg>MD</arg>
<arg>ME</arg>
<arg>MF</arg>
<arg>MG</arg>
<arg>MH</arg>
<arg>MK</arg>
<arg>ML</arg>
<arg>MM</arg>
<arg>MN</arg>
<arg>MO</arg>
<arg>MP</arg>
<arg>MQ</arg>
<arg>MR</arg>
<arg>MS</arg>
<arg>MT</arg>
<arg>MU</arg>
<arg>MV</arg>
<arg>MW</arg>
<arg>MX</arg>
<arg>MY</arg>
<arg>MZ</arg>
<arg>NA</arg>
<arg>NC</arg>
<arg>NE</arg>
<arg>NF</arg>
<arg>NG</arg>
<arg>NI</arg>
<arg>NL</arg>
<arg>NO</arg>
<arg>NP</arg>
<arg>NR</arg>
<arg>NU</arg>
<arg>NZ</arg>
<arg>OM</arg>
<arg>PA</arg>
<arg>PE</arg>
<arg>PF</arg>
<arg>PG</arg>
<arg>PH</arg>
<arg>PK</arg>
<arg>PL</arg>
<arg>PM</arg>
<arg>PN</arg>
<arg>PR</arg>
<arg>PS</arg>
<arg>PT</arg>
<arg>PW</arg>
<arg>PY</arg>
<arg>QA</arg>
<arg>RE</arg>
<arg>RO</arg>
<arg>RS</arg>
<arg>RU</arg>
<arg>RW</arg>
<arg>SA</arg>
<arg>SB</arg>
<arg>SC</arg>
<arg>SD</arg>
<arg>SE</arg>
<arg>SG</arg>
<arg>SH</arg>
<arg>SI</arg>
<arg>SJ</arg>
<arg>SK</arg>
<arg>SL</arg>
<arg>SM</arg>
<arg>SN</arg>
<arg>SO</arg>
<arg>SR</arg>
<arg>SS</arg>
<arg>ST</arg>
<arg>SV</arg>
<arg>SX</arg>
<arg>SY</arg>
<arg>SZ</arg>
<arg>TC</arg>
<arg>TD</arg>
<arg>TF</arg>
<arg>TG</arg>
<arg>TH</arg>
<arg>TJ</arg>
<arg>TK</arg>
<arg>TL</arg>
<arg>TM</arg>
<arg>TN</arg>
<arg>TO</arg>
<arg>TR</arg>
<arg>TT</arg>
<arg>TV</arg>
<arg>TW</arg>
<arg>TZ</arg>
<arg>UA</arg>
<arg>UG</arg>
<arg>UM</arg>
<arg>US</arg>
<arg>UY</arg>
<arg>UZ</arg>
<arg>VA</arg>
<arg>VC</arg>
<arg>VE</arg>
<arg>VG</arg>
<arg>VI</arg>
<arg>VN</arg>
<arg>VU</arg>
<arg>WF</arg>
<arg>WS</arg>
<arg>XK</arg>
<arg>YE</arg>
<arg>YT</arg>
<arg>ZA</arg>
<arg>ZM</arg>
<arg>ZW</arg>
<doc>Returns a list containing given items.</doc>
<status status="PASS" start="2024-03-21T15:14:44.578437" elapsed="0.000628"/>
</kw>
<kw name="List Should Contain Value" owner="Collections">
<msg time="2024-03-21T15:14:44.580192" level="INFO">False</msg>
<arg>${list_country}</arg>
<arg>${name_country}</arg>
<doc>Fails if the ``value`` is not found from ``list``.</doc>
<status status="PASS" start="2024-03-21T15:14:44.579990" elapsed="0.000240"/>
</kw>
<kw name="Run Keyword If" owner="BuiltIn">
<kw name="Should Be True" owner="BuiltIn">
<arg>${True}</arg>
<doc>Fails if the given condition is not true.</doc>
<status status="PASS" start="2024-03-21T15:14:44.581307" elapsed="0.000146"/>
</kw>
<arg>${json_data["results"][0]["location"]["coordinates"]["latitude"]} &gt;= -90 and ${json_data["results"][0]["location"]["coordinates"]["latitude"]} &lt;= 90</arg>
<arg>Should Be True</arg>
<arg>${True}</arg>
<doc>Runs the given keyword with the given arguments, if ``condition`` is true.</doc>
<status status="PASS" start="2024-03-21T15:14:44.580544" elapsed="0.001038"/>
</kw>
<kw name="Run Keyword If" owner="BuiltIn">
<kw name="Should Be True" owner="BuiltIn">
<arg>${True}</arg>
<doc>Fails if the given condition is not true.</doc>
<status status="PASS" start="2024-03-21T15:14:44.582500" elapsed="0.000139"/>
</kw>
<arg>${json_data["results"][0]["location"]["coordinates"]["longitude"]} &gt;= -180 and ${json_data["results"][0]["location"]["coordinates"]["longitude"]} &lt;= 180</arg>
<arg>Should Be True</arg>
<arg>${True}</arg>
<doc>Runs the given keyword with the given arguments, if ``condition`` is true.</doc>
<status status="PASS" start="2024-03-21T15:14:44.581768" elapsed="0.000998"/>
</kw>
<status status="PASS" start="2024-03-21T15:14:44.485651" elapsed="0.097249"/>
</kw>
<doc>Testa o conteúdo específico dos campos retornados pela API.</doc>
<tag>testeConteudo</tag>
<status status="PASS" start="2024-03-21T15:14:44.485171" elapsed="0.097888"/>
</test>
<status status="PASS" start="2024-03-21T15:14:43.418201" elapsed="1.166781"/>
</suite>
<status status="PASS" start="2024-03-21T15:14:43.404236" elapsed="1.186097"/>
</suite>
<statistics>
<total>
<stat pass="5" fail="0" skip="0">All Tests</stat>
</total>
<tag>
<stat pass="1" fail="0" skip="0">testeConteudo</stat>
<stat pass="1" fail="0" skip="0">testeEstruturaResposta</stat>
<stat pass="1" fail="0" skip="0">testeRequisicaoBasica</stat>
<stat pass="1" fail="0" skip="0">testeTiposDados</stat>
</tag>
<suite>
<stat pass="5" fail="0" skip="0" id="s1" name="Tests">Tests</stat>
<stat pass="5" fail="0" skip="0" id="s1-s1" name="Random-User-Test">Tests.Random-User-Test</stat>
</suite>
</statistics>
<errors>
</errors>
</robot>
