<?xml version="1.0" encoding="UTF-8"?>
<robot generator="Robot 7.0 (Python 3.12.3 on linux)" generated="2024-05-21T04:17:10.578001" rpa="false" schemaversion="5">
<suite id="s1" name="Tests" source="/home/runner/work/DesafioQAItauRogerioJordao/DesafioQAItauRogerioJordao/RamdonUser/tests">
<suite id="s1-s1" name="Random-User-Test" source="/home/runner/work/DesafioQAItauRogerioJordao/DesafioQAItauRogerioJordao/RamdonUser/tests/random-user-test.robot">
<test id="s1-s1-t1" name="Conectar" line="13">
<kw name="Conectar API" owner="random-user-service">
<kw name="Create Session" owner="RequestsLibrary">
<msg time="2024-05-21T04:17:11.011781" level="INFO">Creating Session using : alias=consultarAPI, url=https://randomuser.me/, headers={},                     cookies={}, auth=None, timeout=None, proxies=None, verify=False,                     debug=0 </msg>
<arg>consultarAPI</arg>
<arg>${URL}</arg>
<doc>Create Session: create a HTTP session to a server</doc>
<status status="PASS" start="2024-05-21T04:17:11.011574" elapsed="0.000401"/>
</kw>
<status status="PASS" start="2024-05-21T04:17:11.010565" elapsed="0.001784"/>
</kw>
<status status="PASS" start="2024-05-21T04:17:11.009981" elapsed="0.002600"/>
</test>
<test id="s1-s1-t2" name="Validar retorno 200 e JSON Válido" line="16">
<kw name="Teste de Requisicao Basica" owner="random-user-service">
<kw name="GET On Session" owner="RequestsLibrary">
<msg time="2024-05-21T04:17:11.090388" level="INFO">GET Request : url=https://randomuser.me/api 
 path_url=/api 
 headers={'User-Agent': 'python-requests/2.32.1', 'Accept-Encoding': 'gzip, deflate', 'Accept': '*/*', 'Connection': 'keep-alive'} 
 body=None 
 </msg>
<msg time="2024-05-21T04:17:11.090555" level="INFO">GET Response : url=https://randomuser.me/api 
 status=200, reason=OK 
 headers={'Date': 'Tue, 21 May 2024 04:17:11 GMT', 'Content-Type': 'application/json; charset=utf-8', 'Transfer-Encoding': 'chunked', 'Connection': 'keep-alive', 'X-Powered-By': 'Express', 'Access-Control-Allow-Origin': '*', 'Cache-Control': 'no-cache', 'ETag': 'W/"4a5-OI0bEgYny3qIrGKplHDFdJIj0po"', 'Vary': 'Accept-Encoding', 'Content-Encoding': 'gzip', 'CF-Cache-Status': 'DYNAMIC', 'Report-To': '{"endpoints":[{"url":"https:\\/\\/a.nel.cloudflare.com\\/report\\/v4?s=suDm0OEfBt4Ik8GQ9tXRBzBFP1VjW1RzS5zdphCC37YYezqK84SyKzgSnJsorVXvY5KRKSgcfotsQJ7pxuC0drb%2Fffbi9s18iREN9ZMYeFM2%2F1%2Fou3ohyaWB89bd4JzW"}],"group":"cf-nel","max_age":604800}', 'NEL': '{"success_fraction":0,"report_to":"cf-nel","max_age":604800}', 'Server': 'cloudflare', 'CF-RAY': '8871c15c1df93922-IAD', 'alt-svc': 'h3=":443"; ma=86400'} 
 body={"results":[{"gender":"male","name":{"title":"Mr","first":"Gunnar","last":"Fink"},"location":{"street":{"number":9752,"name":"Breslauer Straße"},"city":"Bad Rodach","state":"Sachsen-Anhalt","country":"Germany","postcode":63258,"coordinates":{"latitude":"-52.3535","longitude":"-159.9182"},"timezone":{"offset":"+11:00","description":"Magadan, Solomon Islands, New Caledonia"}},"email":"gunnar.fink@example.com","login":{"uuid":"53ff21d9-21f6-4cd5-af01-61244754177c","username":"angrybutterfly492","password":"yourmom","salt":"he9xX2xN","md5":"c60e65ba7116a27fdb8c593b62f475bb","sha1":"11b6f22ba64cee730637d18fc5217a29a1de08b1","sha256":"8f2b198487d10d8040fd11f442ab03ef577507022181a3a000fe42a0312c1793"},"dob":{"date":"1948-12-15T12:58:53.566Z","age":75},"registered":{"date":"2005-06-11T13:33:14.829Z","age":18},"phone":"0243-2144799","cell":"0174-8136245","id":{"name":"SVNR","value":"28 151248 F 299"},"picture":{"large":"https://randomuser.me/api/portraits/men/27.jpg","medium":"https://randomuser.me/api/portraits/med/men/27.jpg","thumbnail":"https://randomuser.me/api/portraits/thumb/men/27.jpg"},"nat":"DE"}],"info":{"seed":"f672c44960271cc3","results":1,"page":1,"version":"1.4"}} 
 </msg>
<msg time="2024-05-21T04:17:11.090635" level="INFO">/opt/hostedtoolcache/Python/3.12.3/x64/lib/python3.12/site-packages/urllib3/connectionpool.py:1103: InsecureRequestWarning: Unverified HTTPS request is being made to host 'randomuser.me'. Adding certificate verification is strongly advised. See: https://urllib3.readthedocs.io/en/latest/advanced-usage.html#tls-warnings
  warnings.warn(</msg>
<msg time="2024-05-21T04:17:11.090780" level="INFO">${response} = &lt;Response [200]&gt;</msg>
<var>${response}</var>
<arg>consultarAPI</arg>
<arg>/api</arg>
<doc>Sends a GET request on a previously created HTTP Session.</doc>
<status status="PASS" start="2024-05-21T04:17:11.015237" elapsed="0.075583"/>
</kw>
<kw name="Should Be Equal As Numbers" owner="BuiltIn">
<msg time="2024-05-21T04:17:11.091827" level="INFO">Argument types are:
&lt;class 'int'&gt;
&lt;class 'str'&gt;</msg>
<arg>${response.status_code}</arg>
<arg>200</arg>
<doc>Fails if objects are unequal after converting them to real numbers.</doc>
<status status="PASS" start="2024-05-21T04:17:11.091360" elapsed="0.000533"/>
</kw>
<kw name="Log" owner="BuiltIn">
<msg time="2024-05-21T04:17:11.092613" level="INFO">200</msg>
<arg>${response.status_code}</arg>
<doc>Logs the given message with the given level.</doc>
<status status="PASS" start="2024-05-21T04:17:11.092229" elapsed="0.000433"/>
</kw>
<kw name="Set Variable" owner="BuiltIn">
<msg time="2024-05-21T04:17:11.093419" level="INFO">${json_data} = {'results': [{'gender': 'male', 'name': {'title': 'Mr', 'first': 'Gunnar', 'last': 'Fink'}, 'location': {'street': {'number': 9752, 'name': 'Breslauer Straße'}, 'city': 'Bad Rodach', 'state': 'Sachsen...</msg>
<var>${json_data}</var>
<arg>${response.json()}</arg>
<doc>Returns the given values which can then be assigned to a variables.</doc>
<status status="PASS" start="2024-05-21T04:17:11.092972" elapsed="0.000475"/>
</kw>
<kw name="Dictionary Should Contain Key" owner="Collections">
<msg time="2024-05-21T04:17:11.093914" level="INFO">False</msg>
<arg>${json_data}</arg>
<arg>results</arg>
<doc>Fails if ``key`` is not found from ``dictionary``.</doc>
<status status="PASS" start="2024-05-21T04:17:11.093747" elapsed="0.000206"/>
</kw>
<status status="PASS" start="2024-05-21T04:17:11.014985" elapsed="0.079225"/>
</kw>
<doc>Testa se a API responde corretamente e retorna um objeto JSON válido.</doc>
<tag>testeRequisicaoBasica</tag>
<status status="PASS" start="2024-05-21T04:17:11.014497" elapsed="0.079898"/>
</test>
<test id="s1-s1-t3" name="Validar estrutura de resposta" line="22">
<kw name="Teste de Estrutura de Resposta" owner="random-user-service">
<kw name="GET On Session" owner="RequestsLibrary">
<msg time="2024-05-21T04:17:11.208558" level="INFO">GET Request : url=https://randomuser.me/api 
 path_url=/api 
 headers={'User-Agent': 'python-requests/2.32.1', 'Accept-Encoding': 'gzip, deflate', 'Accept': '*/*', 'Connection': 'keep-alive'} 
 body=None 
 </msg>
<msg time="2024-05-21T04:17:11.208666" level="INFO">GET Response : url=https://randomuser.me/api 
 status=200, reason=OK 
 headers={'Date': 'Tue, 21 May 2024 04:17:11 GMT', 'Content-Type': 'application/json; charset=utf-8', 'Transfer-Encoding': 'chunked', 'Connection': 'keep-alive', 'X-Powered-By': 'Express', 'Access-Control-Allow-Origin': '*', 'Cache-Control': 'no-cache', 'ETag': 'W/"490-WQsPI/lOIypmiRvIUn1EJcu6XSk"', 'Vary': 'Accept-Encoding', 'Content-Encoding': 'gzip', 'CF-Cache-Status': 'DYNAMIC', 'Report-To': '{"endpoints":[{"url":"https:\\/\\/a.nel.cloudflare.com\\/report\\/v4?s=GxBpFAcI5E6Vrx1%2BDt6zXCrv2Ta5ioWpiZmXFsOwq7%2BcpoxL%2FwsXi%2FbjcBNmjO3jVS%2FR8jrTklrhPpGyUpWzSxvUPmNYjt5pU%2BKG7fJ5p1QUxaaXj%2FjtD9W4%2FGpUydQ5"}],"group":"cf-nel","max_age":604800}', 'NEL': '{"success_fraction":0,"report_to":"cf-nel","max_age":604800}', 'Server': 'cloudflare', 'CF-RAY': '8871c15c5e743922-IAD', 'alt-svc': 'h3=":443"; ma=86400'} 
 body={"results":[{"gender":"female","name":{"title":"Ms","first":"Mattie","last":"Holt"},"location":{"street":{"number":4972,"name":"W Campbell Ave"},"city":"Mackay","state":"Australian Capital Territory","country":"Australia","postcode":8536,"coordinates":{"latitude":"-86.7363","longitude":"56.2185"},"timezone":{"offset":"+9:30","description":"Adelaide, Darwin"}},"email":"mattie.holt@example.com","login":{"uuid":"a6ce7e81-35ea-486a-a872-c2d73b4ce2c9","username":"blackrabbit243","password":"jimbo1","salt":"v3PIzOjH","md5":"d25e8bb1286bdc308ed9e335251cbfdb","sha1":"532e48cc0d7563e0a0d405027b26b796b66397a5","sha256":"07e80bf68ee90bd9100fb9f788f218e74778e6741817ac467ec4559dfe252740"},"dob":{"date":"1992-04-18T09:25:38.080Z","age":32},"registered":{"date":"2011-01-28T05:53:31.209Z","age":13},"phone":"06-2791-7612","cell":"0429-987-341","id":{"name":"TFN","value":"570672986"},"picture":{"large":"https://randomuser.me/api/portraits/women/18.jpg","medium":"https://randomuser.me/api/portraits/med/women/18.jpg","thumbnail":"https://randomuser.me/api/portraits/thumb/women/18.jpg"},"nat":"AU"}],"info":{"seed":"97239571765fb264","results":1,"page":1,"version":"1.4"}} 
 </msg>
<msg time="2024-05-21T04:17:11.208792" level="INFO">/opt/hostedtoolcache/Python/3.12.3/x64/lib/python3.12/site-packages/urllib3/connectionpool.py:1103: InsecureRequestWarning: Unverified HTTPS request is being made to host 'randomuser.me'. Adding certificate verification is strongly advised. See: https://urllib3.readthedocs.io/en/latest/advanced-usage.html#tls-warnings
  warnings.warn(</msg>
<msg time="2024-05-21T04:17:11.208911" level="INFO">${response} = &lt;Response [200]&gt;</msg>
<var>${response}</var>
<arg>consultarAPI</arg>
<arg>/api</arg>
<doc>Sends a GET request on a previously created HTTP Session.</doc>
<status status="PASS" start="2024-05-21T04:17:11.097448" elapsed="0.111502"/>
</kw>
<kw name="Set Variable" owner="BuiltIn">
<msg time="2024-05-21T04:17:11.209903" level="INFO">${json_data} = {'results': [{'gender': 'female', 'name': {'title': 'Ms', 'first': 'Mattie', 'last': 'Holt'}, 'location': {'street': {'number': 4972, 'name': 'W Campbell Ave'}, 'city': 'Mackay', 'state': 'Australian ...</msg>
<var>${json_data}</var>
<arg>${response.json()}</arg>
<doc>Returns the given values which can then be assigned to a variables.</doc>
<status status="PASS" start="2024-05-21T04:17:11.209407" elapsed="0.000525"/>
</kw>
<kw name="Log" owner="BuiltIn">
<msg time="2024-05-21T04:17:11.210399" level="INFO">{'results': [{'gender': 'female', 'name': {'title': 'Ms', 'first': 'Mattie', 'last': 'Holt'}, 'location': {'street': {'number': 4972, 'name': 'W Campbell Ave'}, 'city': 'Mackay', 'state': 'Australian Capital Territory', 'country': 'Australia', 'postcode': 8536, 'coordinates': {'latitude': '-86.7363', 'longitude': '56.2185'}, 'timezone': {'offset': '+9:30', 'description': 'Adelaide, Darwin'}}, 'email': 'mattie.holt@example.com', 'login': {'uuid': 'a6ce7e81-35ea-486a-a872-c2d73b4ce2c9', 'username': 'blackrabbit243', 'password': 'jimbo1', 'salt': 'v3PIzOjH', 'md5': 'd25e8bb1286bdc308ed9e335251cbfdb', 'sha1': '532e48cc0d7563e0a0d405027b26b796b66397a5', 'sha256': '07e80bf68ee90bd9100fb9f788f218e74778e6741817ac467ec4559dfe252740'}, 'dob': {'date': '1992-04-18T09:25:38.080Z', 'age': 32}, 'registered': {'date': '2011-01-28T05:53:31.209Z', 'age': 13}, 'phone': '06-2791-7612', 'cell': '0429-987-341', 'id': {'name': 'TFN', 'value': '570672986'}, 'picture': {'large': 'https://randomuser.me/api/portraits/women/18.jpg', 'medium': 'https://randomuser.me/api/portraits/med/women/18.jpg', 'thumbnail': 'https://randomuser.me/api/portraits/thumb/women/18.jpg'}, 'nat': 'AU'}], 'info': {'seed': '97239571765fb264', 'results': 1, 'page': 1, 'version': '1.4'}}</msg>
<arg>${json_data}</arg>
<doc>Logs the given message with the given level.</doc>
<status status="PASS" start="2024-05-21T04:17:11.210239" elapsed="0.000213"/>
</kw>
<kw name="Dictionary Should Contain Key" owner="Collections">
<msg time="2024-05-21T04:17:11.210907" level="INFO">False</msg>
<arg>${json_data}</arg>
<arg>results</arg>
<doc>Fails if ``key`` is not found from ``dictionary``.</doc>
<status status="PASS" start="2024-05-21T04:17:11.210749" elapsed="0.000194"/>
</kw>
<kw name="Should Not Be Empty" owner="BuiltIn">
<msg time="2024-05-21T04:17:11.211371" level="INFO">Length is 2.</msg>
<arg>${json_data}</arg>
<doc>Verifies that the given item is not empty.</doc>
<status status="PASS" start="2024-05-21T04:17:11.211239" elapsed="0.000169"/>
</kw>
<kw name="Create List" owner="BuiltIn">
<msg time="2024-05-21T04:17:11.212013" level="INFO">${expected_keys} = ['gender', 'name', 'location', 'email', 'login']</msg>
<var>${expected_keys}</var>
<arg>gender</arg>
<arg>name</arg>
<arg>location</arg>
<arg>email</arg>
<arg>login</arg>
<doc>Returns a list containing given items.</doc>
<status status="PASS" start="2024-05-21T04:17:11.211703" elapsed="0.000335"/>
</kw>
<for flavor="IN">
<iter>
<kw name="Dictionary Should Contain Key" owner="Collections">
<msg time="2024-05-21T04:17:11.213066" level="INFO">False</msg>
<arg>${json_data['results'][0]}</arg>
<arg>${key}</arg>
<doc>Fails if ``key`` is not found from ``dictionary``.</doc>
<status status="PASS" start="2024-05-21T04:17:11.212653" elapsed="0.000451"/>
</kw>
<kw name="Log" owner="BuiltIn">
<msg time="2024-05-21T04:17:11.213821" level="INFO">{'gender': 'female', 'name': {'title': 'Ms', 'first': 'Mattie', 'last': 'Holt'}, 'location': {'street': {'number': 4972, 'name': 'W Campbell Ave'}, 'city': 'Mackay', 'state': 'Australian Capital Territory', 'country': 'Australia', 'postcode': 8536, 'coordinates': {'latitude': '-86.7363', 'longitude': '56.2185'}, 'timezone': {'offset': '+9:30', 'description': 'Adelaide, Darwin'}}, 'email': 'mattie.holt@example.com', 'login': {'uuid': 'a6ce7e81-35ea-486a-a872-c2d73b4ce2c9', 'username': 'blackrabbit243', 'password': 'jimbo1', 'salt': 'v3PIzOjH', 'md5': 'd25e8bb1286bdc308ed9e335251cbfdb', 'sha1': '532e48cc0d7563e0a0d405027b26b796b66397a5', 'sha256': '07e80bf68ee90bd9100fb9f788f218e74778e6741817ac467ec4559dfe252740'}, 'dob': {'date': '1992-04-18T09:25:38.080Z', 'age': 32}, 'registered': {'date': '2011-01-28T05:53:31.209Z', 'age': 13}, 'phone': '06-2791-7612', 'cell': '0429-987-341', 'id': {'name': 'TFN', 'value': '570672986'}, 'picture': {'large': 'https://randomuser.me/api/portraits/women/18.jpg', 'medium': 'https://randomuser.me/api/portraits/med/women/18.jpg', 'thumbnail': 'https://randomuser.me/api/portraits/thumb/women/18.jpg'}, 'nat': 'AU'}</msg>
<arg>${json_data['results'][0]}</arg>
<doc>Logs the given message with the given level.</doc>
<status status="PASS" start="2024-05-21T04:17:11.213401" elapsed="0.000469"/>
</kw>
<kw name="Log" owner="BuiltIn">
<msg time="2024-05-21T04:17:11.214379" level="INFO">gender</msg>
<arg>${key}</arg>
<doc>Logs the given message with the given level.</doc>
<status status="PASS" start="2024-05-21T04:17:11.214222" elapsed="0.000209"/>
</kw>
<var name="${key}">gender</var>
<status status="PASS" start="2024-05-21T04:17:11.212503" elapsed="0.002177"/>
</iter>
<iter>
<kw name="Dictionary Should Contain Key" owner="Collections">
<msg time="2024-05-21T04:17:11.215380" level="INFO">False</msg>
<arg>${json_data['results'][0]}</arg>
<arg>${key}</arg>
<doc>Fails if ``key`` is not found from ``dictionary``.</doc>
<status status="PASS" start="2024-05-21T04:17:11.214990" elapsed="0.000426"/>
</kw>
<kw name="Log" owner="BuiltIn">
<msg time="2024-05-21T04:17:11.216099" level="INFO">{'gender': 'female', 'name': {'title': 'Ms', 'first': 'Mattie', 'last': 'Holt'}, 'location': {'street': {'number': 4972, 'name': 'W Campbell Ave'}, 'city': 'Mackay', 'state': 'Australian Capital Territory', 'country': 'Australia', 'postcode': 8536, 'coordinates': {'latitude': '-86.7363', 'longitude': '56.2185'}, 'timezone': {'offset': '+9:30', 'description': 'Adelaide, Darwin'}}, 'email': 'mattie.holt@example.com', 'login': {'uuid': 'a6ce7e81-35ea-486a-a872-c2d73b4ce2c9', 'username': 'blackrabbit243', 'password': 'jimbo1', 'salt': 'v3PIzOjH', 'md5': 'd25e8bb1286bdc308ed9e335251cbfdb', 'sha1': '532e48cc0d7563e0a0d405027b26b796b66397a5', 'sha256': '07e80bf68ee90bd9100fb9f788f218e74778e6741817ac467ec4559dfe252740'}, 'dob': {'date': '1992-04-18T09:25:38.080Z', 'age': 32}, 'registered': {'date': '2011-01-28T05:53:31.209Z', 'age': 13}, 'phone': '06-2791-7612', 'cell': '0429-987-341', 'id': {'name': 'TFN', 'value': '570672986'}, 'picture': {'large': 'https://randomuser.me/api/portraits/women/18.jpg', 'medium': 'https://randomuser.me/api/portraits/med/women/18.jpg', 'thumbnail': 'https://randomuser.me/api/portraits/thumb/women/18.jpg'}, 'nat': 'AU'}</msg>
<arg>${json_data['results'][0]}</arg>
<doc>Logs the given message with the given level.</doc>
<status status="PASS" start="2024-05-21T04:17:11.215740" elapsed="0.000408"/>
</kw>
<kw name="Log" owner="BuiltIn">
<msg time="2024-05-21T04:17:11.216603" level="INFO">name</msg>
<arg>${key}</arg>
<doc>Logs the given message with the given level.</doc>
<status status="PASS" start="2024-05-21T04:17:11.216444" elapsed="0.000197"/>
</kw>
<var name="${key}">name</var>
<status status="PASS" start="2024-05-21T04:17:11.214868" elapsed="0.001990"/>
</iter>
<iter>
<kw name="Dictionary Should Contain Key" owner="Collections">
<msg time="2024-05-21T04:17:11.217527" level="INFO">False</msg>
<arg>${json_data['results'][0]}</arg>
<arg>${key}</arg>
<doc>Fails if ``key`` is not found from ``dictionary``.</doc>
<status status="PASS" start="2024-05-21T04:17:11.217148" elapsed="0.000415"/>
</kw>
<kw name="Log" owner="BuiltIn">
<msg time="2024-05-21T04:17:11.218222" level="INFO">{'gender': 'female', 'name': {'title': 'Ms', 'first': 'Mattie', 'last': 'Holt'}, 'location': {'street': {'number': 4972, 'name': 'W Campbell Ave'}, 'city': 'Mackay', 'state': 'Australian Capital Territory', 'country': 'Australia', 'postcode': 8536, 'coordinates': {'latitude': '-86.7363', 'longitude': '56.2185'}, 'timezone': {'offset': '+9:30', 'description': 'Adelaide, Darwin'}}, 'email': 'mattie.holt@example.com', 'login': {'uuid': 'a6ce7e81-35ea-486a-a872-c2d73b4ce2c9', 'username': 'blackrabbit243', 'password': 'jimbo1', 'salt': 'v3PIzOjH', 'md5': 'd25e8bb1286bdc308ed9e335251cbfdb', 'sha1': '532e48cc0d7563e0a0d405027b26b796b66397a5', 'sha256': '07e80bf68ee90bd9100fb9f788f218e74778e6741817ac467ec4559dfe252740'}, 'dob': {'date': '1992-04-18T09:25:38.080Z', 'age': 32}, 'registered': {'date': '2011-01-28T05:53:31.209Z', 'age': 13}, 'phone': '06-2791-7612', 'cell': '0429-987-341', 'id': {'name': 'TFN', 'value': '570672986'}, 'picture': {'large': 'https://randomuser.me/api/portraits/women/18.jpg', 'medium': 'https://randomuser.me/api/portraits/med/women/18.jpg', 'thumbnail': 'https://randomuser.me/api/portraits/thumb/women/18.jpg'}, 'nat': 'AU'}</msg>
<arg>${json_data['results'][0]}</arg>
<doc>Logs the given message with the given level.</doc>
<status status="PASS" start="2024-05-21T04:17:11.217861" elapsed="0.000418"/>
</kw>
<kw name="Log" owner="BuiltIn">
<msg time="2024-05-21T04:17:11.218701" level="INFO">location</msg>
<arg>${key}</arg>
<doc>Logs the given message with the given level.</doc>
<status status="PASS" start="2024-05-21T04:17:11.218576" elapsed="0.000162"/>
</kw>
<var name="${key}">location</var>
<status status="PASS" start="2024-05-21T04:17:11.217035" elapsed="0.001915"/>
</iter>
<iter>
<kw name="Dictionary Should Contain Key" owner="Collections">
<msg time="2024-05-21T04:17:11.219616" level="INFO">False</msg>
<arg>${json_data['results'][0]}</arg>
<arg>${key}</arg>
<doc>Fails if ``key`` is not found from ``dictionary``.</doc>
<status status="PASS" start="2024-05-21T04:17:11.219236" elapsed="0.000417"/>
</kw>
<kw name="Log" owner="BuiltIn">
<msg time="2024-05-21T04:17:11.220306" level="INFO">{'gender': 'female', 'name': {'title': 'Ms', 'first': 'Mattie', 'last': 'Holt'}, 'location': {'street': {'number': 4972, 'name': 'W Campbell Ave'}, 'city': 'Mackay', 'state': 'Australian Capital Territory', 'country': 'Australia', 'postcode': 8536, 'coordinates': {'latitude': '-86.7363', 'longitude': '56.2185'}, 'timezone': {'offset': '+9:30', 'description': 'Adelaide, Darwin'}}, 'email': 'mattie.holt@example.com', 'login': {'uuid': 'a6ce7e81-35ea-486a-a872-c2d73b4ce2c9', 'username': 'blackrabbit243', 'password': 'jimbo1', 'salt': 'v3PIzOjH', 'md5': 'd25e8bb1286bdc308ed9e335251cbfdb', 'sha1': '532e48cc0d7563e0a0d405027b26b796b66397a5', 'sha256': '07e80bf68ee90bd9100fb9f788f218e74778e6741817ac467ec4559dfe252740'}, 'dob': {'date': '1992-04-18T09:25:38.080Z', 'age': 32}, 'registered': {'date': '2011-01-28T05:53:31.209Z', 'age': 13}, 'phone': '06-2791-7612', 'cell': '0429-987-341', 'id': {'name': 'TFN', 'value': '570672986'}, 'picture': {'large': 'https://randomuser.me/api/portraits/women/18.jpg', 'medium': 'https://randomuser.me/api/portraits/med/women/18.jpg', 'thumbnail': 'https://randomuser.me/api/portraits/thumb/women/18.jpg'}, 'nat': 'AU'}</msg>
<arg>${json_data['results'][0]}</arg>
<doc>Logs the given message with the given level.</doc>
<status status="PASS" start="2024-05-21T04:17:11.219950" elapsed="0.000405"/>
</kw>
<kw name="Log" owner="BuiltIn">
<msg time="2024-05-21T04:17:11.220823" level="INFO">email</msg>
<arg>${key}</arg>
<doc>Logs the given message with the given level.</doc>
<status status="PASS" start="2024-05-21T04:17:11.220691" elapsed="0.000174"/>
</kw>
<var name="${key}">email</var>
<status status="PASS" start="2024-05-21T04:17:11.219124" elapsed="0.001964"/>
</iter>
<iter>
<kw name="Dictionary Should Contain Key" owner="Collections">
<msg time="2024-05-21T04:17:11.221757" level="INFO">False</msg>
<arg>${json_data['results'][0]}</arg>
<arg>${key}</arg>
<doc>Fails if ``key`` is not found from ``dictionary``.</doc>
<status status="PASS" start="2024-05-21T04:17:11.221372" elapsed="0.000421"/>
</kw>
<kw name="Log" owner="BuiltIn">
<msg time="2024-05-21T04:17:11.222441" level="INFO">{'gender': 'female', 'name': {'title': 'Ms', 'first': 'Mattie', 'last': 'Holt'}, 'location': {'street': {'number': 4972, 'name': 'W Campbell Ave'}, 'city': 'Mackay', 'state': 'Australian Capital Territory', 'country': 'Australia', 'postcode': 8536, 'coordinates': {'latitude': '-86.7363', 'longitude': '56.2185'}, 'timezone': {'offset': '+9:30', 'description': 'Adelaide, Darwin'}}, 'email': 'mattie.holt@example.com', 'login': {'uuid': 'a6ce7e81-35ea-486a-a872-c2d73b4ce2c9', 'username': 'blackrabbit243', 'password': 'jimbo1', 'salt': 'v3PIzOjH', 'md5': 'd25e8bb1286bdc308ed9e335251cbfdb', 'sha1': '532e48cc0d7563e0a0d405027b26b796b66397a5', 'sha256': '07e80bf68ee90bd9100fb9f788f218e74778e6741817ac467ec4559dfe252740'}, 'dob': {'date': '1992-04-18T09:25:38.080Z', 'age': 32}, 'registered': {'date': '2011-01-28T05:53:31.209Z', 'age': 13}, 'phone': '06-2791-7612', 'cell': '0429-987-341', 'id': {'name': 'TFN', 'value': '570672986'}, 'picture': {'large': 'https://randomuser.me/api/portraits/women/18.jpg', 'medium': 'https://randomuser.me/api/portraits/med/women/18.jpg', 'thumbnail': 'https://randomuser.me/api/portraits/thumb/women/18.jpg'}, 'nat': 'AU'}</msg>
<arg>${json_data['results'][0]}</arg>
<doc>Logs the given message with the given level.</doc>
<status status="PASS" start="2024-05-21T04:17:11.222086" elapsed="0.000404"/>
</kw>
<kw name="Log" owner="BuiltIn">
<msg time="2024-05-21T04:17:11.222911" level="INFO">login</msg>
<arg>${key}</arg>
<doc>Logs the given message with the given level.</doc>
<status status="PASS" start="2024-05-21T04:17:11.222783" elapsed="0.000167"/>
</kw>
<var name="${key}">login</var>
<status status="PASS" start="2024-05-21T04:17:11.221260" elapsed="0.001937"/>
</iter>
<var>${key}</var>
<value>@{expected_keys}</value>
<status status="PASS" start="2024-05-21T04:17:11.212304" elapsed="0.011020"/>
</for>
<kw name="Create List" owner="BuiltIn">
<msg time="2024-05-21T04:17:11.223655" level="INFO">${expected_keysTwo} = ['username', 'password']</msg>
<var>${expected_keysTwo}</var>
<arg>username</arg>
<arg>password</arg>
<doc>Returns a list containing given items.</doc>
<status status="PASS" start="2024-05-21T04:17:11.223519" elapsed="0.000160"/>
</kw>
<for flavor="IN">
<iter>
<kw name="Dictionary Should Contain Key" owner="Collections">
<msg time="2024-05-21T04:17:11.224585" level="INFO">False</msg>
<arg>${json_data['results'][0]['login']}</arg>
<arg>${keyTwo}</arg>
<doc>Fails if ``key`` is not found from ``dictionary``.</doc>
<status status="PASS" start="2024-05-21T04:17:11.224181" elapsed="0.000441"/>
</kw>
<kw name="Dictionary Should Contain Key" owner="Collections">
<msg time="2024-05-21T04:17:11.225310" level="INFO">False</msg>
<arg>${json_data['results'][0]['login']}</arg>
<arg>${keyTwo}</arg>
<doc>Fails if ``key`` is not found from ``dictionary``.</doc>
<status status="PASS" start="2024-05-21T04:17:11.224921" elapsed="0.000426"/>
</kw>
<kw name="Log" owner="BuiltIn">
<msg time="2024-05-21T04:17:11.225770" level="INFO">username</msg>
<arg>${keyTwo}</arg>
<doc>Logs the given message with the given level.</doc>
<status status="PASS" start="2024-05-21T04:17:11.225644" elapsed="0.000163"/>
</kw>
<var name="${keyTwo}">username</var>
<status status="PASS" start="2024-05-21T04:17:11.224070" elapsed="0.001949"/>
</iter>
<iter>
<kw name="Dictionary Should Contain Key" owner="Collections">
<msg time="2024-05-21T04:17:11.226677" level="INFO">False</msg>
<arg>${json_data['results'][0]['login']}</arg>
<arg>${keyTwo}</arg>
<doc>Fails if ``key`` is not found from ``dictionary``.</doc>
<status status="PASS" start="2024-05-21T04:17:11.226300" elapsed="0.000415"/>
</kw>
<kw name="Dictionary Should Contain Key" owner="Collections">
<msg time="2024-05-21T04:17:11.227472" level="INFO">False</msg>
<arg>${json_data['results'][0]['login']}</arg>
<arg>${keyTwo}</arg>
<doc>Fails if ``key`` is not found from ``dictionary``.</doc>
<status status="PASS" start="2024-05-21T04:17:11.227007" elapsed="0.000502"/>
</kw>
<kw name="Log" owner="BuiltIn">
<msg time="2024-05-21T04:17:11.227935" level="INFO">password</msg>
<arg>${keyTwo}</arg>
<doc>Logs the given message with the given level.</doc>
<status status="PASS" start="2024-05-21T04:17:11.227806" elapsed="0.000167"/>
</kw>
<var name="${keyTwo}">password</var>
<status status="PASS" start="2024-05-21T04:17:11.226189" elapsed="0.002001"/>
</iter>
<var>${keyTwo}</var>
<value>@{expected_keysTwo}</value>
<status status="PASS" start="2024-05-21T04:17:11.223918" elapsed="0.004392"/>
</for>
<status status="PASS" start="2024-05-21T04:17:11.097114" elapsed="0.131339"/>
</kw>
<doc>Testa a estrutura da resposta da API.</doc>
<tag>testeEstruturaResposta</tag>
<status status="PASS" start="2024-05-21T04:17:11.096313" elapsed="0.132317"/>
</test>
<test id="s1-s1-t4" name="Validar tipos de dados" line="28">
<kw name="Teste de Tipos de Dados" owner="random-user-service">
<kw name="GET On Session" owner="RequestsLibrary">
<msg time="2024-05-21T04:17:11.308043" level="INFO">GET Request : url=https://randomuser.me/api 
 path_url=/api 
 headers={'User-Agent': 'python-requests/2.32.1', 'Accept-Encoding': 'gzip, deflate', 'Accept': '*/*', 'Connection': 'keep-alive'} 
 body=None 
 </msg>
<msg time="2024-05-21T04:17:11.308127" level="INFO">GET Response : url=https://randomuser.me/api 
 status=200, reason=OK 
 headers={'Date': 'Tue, 21 May 2024 04:17:11 GMT', 'Content-Type': 'application/json; charset=utf-8', 'Transfer-Encoding': 'chunked', 'Connection': 'keep-alive', 'X-Powered-By': 'Express', 'Access-Control-Allow-Origin': '*', 'Cache-Control': 'no-cache', 'ETag': 'W/"48e-tQtVWAPX+uGLAEuHjk8JSnYqANk"', 'Vary': 'Accept-Encoding', 'Content-Encoding': 'gzip', 'CF-Cache-Status': 'DYNAMIC', 'Report-To': '{"endpoints":[{"url":"https:\\/\\/a.nel.cloudflare.com\\/report\\/v4?s=wrl%2FouHN5Osk55KPb2Gh8oCznM6b6%2BMSgVL8l0QI7gBeBKquLllTsQpFXL1qxKiIKyhCzqRO%2BibEHpiBRkFvf0VO7fx%2F5yRCPPRFL5D8ZirJg9piI%2F39lvawePCRpKbN"}],"group":"cf-nel","max_age":604800}', 'NEL': '{"success_fraction":0,"report_to":"cf-nel","max_age":604800}', 'Server': 'cloudflare', 'CF-RAY': '8871c15d3f363922-IAD', 'alt-svc': 'h3=":443"; ma=86400'} 
 body={"results":[{"gender":"female","name":{"title":"Mrs","first":"Asha","last":"Shukla"},"location":{"street":{"number":9216,"name":"Sitabuldi Main Rd"},"city":"Vijayawada","state":"Dadra and Nagar Haveli","country":"India","postcode":40657,"coordinates":{"latitude":"6.4696","longitude":"19.7700"},"timezone":{"offset":"-11:00","description":"Midway Island, Samoa"}},"email":"asha.shukla@example.com","login":{"uuid":"2e90eef3-582c-4542-bba5-20ee0bc0710d","username":"goldencat145","password":"mustang","salt":"GiUvsiTT","md5":"5506c2c774f3d880512a1a73c93b1b1c","sha1":"c4ddd5ebb3d81f5289469f446514368be89d46b4","sha256":"75f3b60c6c3283ed5db144e4835bec9cb1ab932d397eea7b1e3faee6f194df78"},"dob":{"date":"1995-12-06T05:16:09.140Z","age":28},"registered":{"date":"2019-12-01T09:33:25.836Z","age":4},"phone":"9704008434","cell":"8568137423","id":{"name":"UIDAI","value":"034205585574"},"picture":{"large":"https://randomuser.me/api/portraits/women/0.jpg","medium":"https://randomuser.me/api/portraits/med/women/0.jpg","thumbnail":"https://randomuser.me/api/portraits/thumb/women/0.jpg"},"nat":"IN"}],"info":{"seed":"b1c6a0b58d1796af","results":1,"page":1,"version":"1.4"}} 
 </msg>
<msg time="2024-05-21T04:17:11.308194" level="INFO">/opt/hostedtoolcache/Python/3.12.3/x64/lib/python3.12/site-packages/urllib3/connectionpool.py:1103: InsecureRequestWarning: Unverified HTTPS request is being made to host 'randomuser.me'. Adding certificate verification is strongly advised. See: https://urllib3.readthedocs.io/en/latest/advanced-usage.html#tls-warnings
  warnings.warn(</msg>
<msg time="2024-05-21T04:17:11.308302" level="INFO">${response} = &lt;Response [200]&gt;</msg>
<var>${response}</var>
<arg>consultarAPI</arg>
<arg>/api</arg>
<doc>Sends a GET request on a previously created HTTP Session.</doc>
<status status="PASS" start="2024-05-21T04:17:11.231053" elapsed="0.077305"/>
</kw>
<kw name="Set Variable" owner="BuiltIn">
<msg time="2024-05-21T04:17:11.309361" level="INFO">${json_data} = {'results': [{'gender': 'female', 'name': {'title': 'Mrs', 'first': 'Asha', 'last': 'Shukla'}, 'location': {'street': {'number': 9216, 'name': 'Sitabuldi Main Rd'}, 'city': 'Vijayawada', 'state': 'Dad...</msg>
<var>${json_data}</var>
<arg>${response.json()}</arg>
<doc>Returns the given values which can then be assigned to a variables.</doc>
<status status="PASS" start="2024-05-21T04:17:11.308881" elapsed="0.000511"/>
</kw>
<kw name="Log" owner="BuiltIn">
<msg time="2024-05-21T04:17:11.309848" level="INFO">{'results': [{'gender': 'female', 'name': {'title': 'Mrs', 'first': 'Asha', 'last': 'Shukla'}, 'location': {'street': {'number': 9216, 'name': 'Sitabuldi Main Rd'}, 'city': 'Vijayawada', 'state': 'Dadra and Nagar Haveli', 'country': 'India', 'postcode': 40657, 'coordinates': {'latitude': '6.4696', 'longitude': '19.7700'}, 'timezone': {'offset': '-11:00', 'description': 'Midway Island, Samoa'}}, 'email': 'asha.shukla@example.com', 'login': {'uuid': '2e90eef3-582c-4542-bba5-20ee0bc0710d', 'username': 'goldencat145', 'password': 'mustang', 'salt': 'GiUvsiTT', 'md5': '5506c2c774f3d880512a1a73c93b1b1c', 'sha1': 'c4ddd5ebb3d81f5289469f446514368be89d46b4', 'sha256': '75f3b60c6c3283ed5db144e4835bec9cb1ab932d397eea7b1e3faee6f194df78'}, 'dob': {'date': '1995-12-06T05:16:09.140Z', 'age': 28}, 'registered': {'date': '2019-12-01T09:33:25.836Z', 'age': 4}, 'phone': '9704008434', 'cell': '8568137423', 'id': {'name': 'UIDAI', 'value': '034205585574'}, 'picture': {'large': 'https://randomuser.me/api/portraits/women/0.jpg', 'medium': 'https://randomuser.me/api/portraits/med/women/0.jpg', 'thumbnail': 'https://randomuser.me/api/portraits/thumb/women/0.jpg'}, 'nat': 'IN'}], 'info': {'seed': 'b1c6a0b58d1796af', 'results': 1, 'page': 1, 'version': '1.4'}}</msg>
<arg>${json_data}</arg>
<doc>Logs the given message with the given level.</doc>
<status status="PASS" start="2024-05-21T04:17:11.309695" elapsed="0.000235"/>
</kw>
<kw name="Should Be String" owner="String">
<arg>${json_data['results'][0]['gender']}</arg>
<doc>Fails if the given ``item`` is not a string.</doc>
<status status="PASS" start="2024-05-21T04:17:11.310229" elapsed="0.000360"/>
</kw>
<kw name="Should Match Regexp" owner="BuiltIn">
<arg>${json_data['results'][0]['email']}</arg>
<arg>^[a-zA-Z0-9._%+-]+@[a-zA-Z0-9.-]+\.[a-zA-Z]{2,}$</arg>
<doc>Fails if ``string`` does not match ``pattern`` as a regular expression.</doc>
<status status="PASS" start="2024-05-21T04:17:11.310780" elapsed="0.000514"/>
</kw>
<kw name="Should Match Regexp" owner="BuiltIn">
<arg>${json_data['results'][0]['dob']['date']}</arg>
<arg>\\d{4}-\\d{2}-\\d{2}T\\d{2}:\\d{2}:\\d{2}\\.\\d{3}Z</arg>
<doc>Fails if ``string`` does not match ``pattern`` as a regular expression.</doc>
<status status="PASS" start="2024-05-21T04:17:11.311494" elapsed="0.000490"/>
</kw>
<kw name="Should Match Regexp" owner="BuiltIn">
<arg>${json_data['results'][0]['registered']['date']}</arg>
<arg>\\d{4}-\\d{2}-\\d{2}T\\d{2}:\\d{2}:\\d{2}\\.\\d{3}Z</arg>
<doc>Fails if ``string`` does not match ``pattern`` as a regular expression.</doc>
<status status="PASS" start="2024-05-21T04:17:11.312181" elapsed="0.000390"/>
</kw>
<kw name="Should Match Regexp" owner="BuiltIn">
<arg>${json_data['results'][0]['picture']['large']}</arg>
<arg>^https?://.*\.(?:png|jpe?g|gif|bmp)$</arg>
<doc>Fails if ``string`` does not match ``pattern`` as a regular expression.</doc>
<status status="PASS" start="2024-05-21T04:17:11.312773" elapsed="0.000469"/>
</kw>
<kw name="Should Match Regexp" owner="BuiltIn">
<arg>${json_data['results'][0]['picture']['medium']}</arg>
<arg>^https?://.*\.(?:png|jpe?g|gif|bmp)$</arg>
<doc>Fails if ``string`` does not match ``pattern`` as a regular expression.</doc>
<status status="PASS" start="2024-05-21T04:17:11.313432" elapsed="0.000356"/>
</kw>
<kw name="Should Match Regexp" owner="BuiltIn">
<arg>${json_data['results'][0]['picture']['thumbnail']}</arg>
<arg>^https?://.*\.(?:png|jpe?g|gif|bmp)$</arg>
<doc>Fails if ``string`` does not match ``pattern`` as a regular expression.</doc>
<status status="PASS" start="2024-05-21T04:17:11.313976" elapsed="0.000347"/>
</kw>
<kw name="Log" owner="BuiltIn">
<msg time="2024-05-21T04:17:11.314836" level="INFO">{'large': 'https://randomuser.me/api/portraits/women/0.jpg', 'medium': 'https://randomuser.me/api/portraits/med/women/0.jpg', 'thumbnail': 'https://randomuser.me/api/portraits/thumb/women/0.jpg'}</msg>
<arg>${json_data['results'][0]['picture']}</arg>
<doc>Logs the given message with the given level.</doc>
<status status="PASS" start="2024-05-21T04:17:11.314507" elapsed="0.000371"/>
</kw>
<status status="PASS" start="2024-05-21T04:17:11.230822" elapsed="0.084310"/>
</kw>
<kw name="Teste de Tipos de Dados - Postcode" owner="random-user-service">
<kw name="GET On Session" owner="RequestsLibrary">
<msg time="2024-05-21T04:17:11.390991" level="INFO">GET Request : url=https://randomuser.me/api 
 path_url=/api 
 headers={'User-Agent': 'python-requests/2.32.1', 'Accept-Encoding': 'gzip, deflate', 'Accept': '*/*', 'Connection': 'keep-alive'} 
 body=None 
 </msg>
<msg time="2024-05-21T04:17:11.391089" level="INFO">GET Response : url=https://randomuser.me/api 
 status=200, reason=OK 
 headers={'Date': 'Tue, 21 May 2024 04:17:11 GMT', 'Content-Type': 'application/json; charset=utf-8', 'Transfer-Encoding': 'chunked', 'Connection': 'keep-alive', 'X-Powered-By': 'Express', 'Access-Control-Allow-Origin': '*', 'Cache-Control': 'no-cache', 'ETag': 'W/"4a2-Cp7oBQvpGhCqlIpKsZSRTicDoD8"', 'Vary': 'Accept-Encoding', 'Content-Encoding': 'gzip', 'CF-Cache-Status': 'DYNAMIC', 'Report-To': '{"endpoints":[{"url":"https:\\/\\/a.nel.cloudflare.com\\/report\\/v4?s=OkzuC6d992ZtzuATvzPev%2BdRltNFr9hWEh5UxnQbDgjypLBg9wlafj2RnMu%2B7TIwqcVHHfCuHrwpYFuM%2BTMgtMPu7UvSz%2Blc0L6aRUR4arwdt1SCNiJxIaTJDdZHzg9c"}],"group":"cf-nel","max_age":604800}', 'NEL': '{"success_fraction":0,"report_to":"cf-nel","max_age":604800}', 'Server': 'cloudflare', 'CF-RAY': '8871c15dbf9d3922-IAD', 'alt-svc': 'h3=":443"; ma=86400'} 
 body={"results":[{"gender":"female","name":{"title":"Mrs","first":"Madhura","last":"Nagane"},"location":{"street":{"number":6965,"name":"College St"},"city":"Sri Ganganagar","state":"Uttarakhand","country":"India","postcode":80705,"coordinates":{"latitude":"5.3423","longitude":"62.6218"},"timezone":{"offset":"+11:00","description":"Magadan, Solomon Islands, New Caledonia"}},"email":"madhura.nagane@example.com","login":{"uuid":"589fb3ef-c578-45ab-b72d-97ae72f673f2","username":"ticklishmeercat510","password":"builder","salt":"xDItNR9D","md5":"ca085de8cfab50a38b591ed891b7de3b","sha1":"ae0556b962a789732db27d05773869cbb81b7605","sha256":"1c4f9eb1859f367c26264e7c63693dc6b7646d17bc4bfd9ec2b25e737702a5bb"},"dob":{"date":"1981-03-03T01:17:57.703Z","age":43},"registered":{"date":"2020-01-09T01:45:55.556Z","age":4},"phone":"7944191284","cell":"7181604044","id":{"name":"UIDAI","value":"052050377711"},"picture":{"large":"https://randomuser.me/api/portraits/women/47.jpg","medium":"https://randomuser.me/api/portraits/med/women/47.jpg","thumbnail":"https://randomuser.me/api/portraits/thumb/women/47.jpg"},"nat":"IN"}],"info":{"seed":"5bcdfb447535e4e6","results":1,"page":1,"version":"1.4"}} 
 </msg>
<msg time="2024-05-21T04:17:11.391152" level="INFO">/opt/hostedtoolcache/Python/3.12.3/x64/lib/python3.12/site-packages/urllib3/connectionpool.py:1103: InsecureRequestWarning: Unverified HTTPS request is being made to host 'randomuser.me'. Adding certificate verification is strongly advised. See: https://urllib3.readthedocs.io/en/latest/advanced-usage.html#tls-warnings
  warnings.warn(</msg>
<msg time="2024-05-21T04:17:11.391260" level="INFO">${response} = &lt;Response [200]&gt;</msg>
<var>${response}</var>
<arg>consultarAPI</arg>
<arg>/api</arg>
<doc>Sends a GET request on a previously created HTTP Session.</doc>
<status status="PASS" start="2024-05-21T04:17:11.315582" elapsed="0.075712"/>
</kw>
<kw name="Set Variable" owner="BuiltIn">
<msg time="2024-05-21T04:17:11.392294" level="INFO">${json_data} = {'results': [{'gender': 'female', 'name': {'title': 'Mrs', 'first': 'Madhura', 'last': 'Nagane'}, 'location': {'street': {'number': 6965, 'name': 'College St'}, 'city': 'Sri Ganganagar', 'state': 'Utt...</msg>
<var>${json_data}</var>
<arg>${response.json()}</arg>
<doc>Returns the given values which can then be assigned to a variables.</doc>
<status status="PASS" start="2024-05-21T04:17:11.391780" elapsed="0.000544"/>
</kw>
<kw name="Log" owner="BuiltIn">
<msg time="2024-05-21T04:17:11.392842" level="INFO">{'results': [{'gender': 'female', 'name': {'title': 'Mrs', 'first': 'Madhura', 'last': 'Nagane'}, 'location': {'street': {'number': 6965, 'name': 'College St'}, 'city': 'Sri Ganganagar', 'state': 'Uttarakhand', 'country': 'India', 'postcode': 80705, 'coordinates': {'latitude': '5.3423', 'longitude': '62.6218'}, 'timezone': {'offset': '+11:00', 'description': 'Magadan, Solomon Islands, New Caledonia'}}, 'email': 'madhura.nagane@example.com', 'login': {'uuid': '589fb3ef-c578-45ab-b72d-97ae72f673f2', 'username': 'ticklishmeercat510', 'password': 'builder', 'salt': 'xDItNR9D', 'md5': 'ca085de8cfab50a38b591ed891b7de3b', 'sha1': 'ae0556b962a789732db27d05773869cbb81b7605', 'sha256': '1c4f9eb1859f367c26264e7c63693dc6b7646d17bc4bfd9ec2b25e737702a5bb'}, 'dob': {'date': '1981-03-03T01:17:57.703Z', 'age': 43}, 'registered': {'date': '2020-01-09T01:45:55.556Z', 'age': 4}, 'phone': '7944191284', 'cell': '7181604044', 'id': {'name': 'UIDAI', 'value': '052050377711'}, 'picture': {'large': 'https://randomuser.me/api/portraits/women/47.jpg', 'medium': 'https://randomuser.me/api/portraits/med/women/47.jpg', 'thumbnail': 'https://randomuser.me/api/portraits/thumb/women/47.jpg'}, 'nat': 'IN'}], 'info': {'seed': '5bcdfb447535e4e6', 'results': 1, 'page': 1, 'version': '1.4'}}</msg>
<arg>${json_data}</arg>
<doc>Logs the given message with the given level.</doc>
<status status="PASS" start="2024-05-21T04:17:11.392683" elapsed="0.000240"/>
</kw>
<kw name="Should Be Equal As Numbers" owner="BuiltIn">
<arg>${json_data['results'][0]['location']['postcode']}</arg>
<arg>${json_data['results'][0]['location']['postcode']}</arg>
<doc>Fails if objects are unequal after converting them to real numbers.</doc>
<status status="PASS" start="2024-05-21T04:17:11.393228" elapsed="0.000800"/>
</kw>
<kw name="Log" owner="BuiltIn">
<msg time="2024-05-21T04:17:11.394566" level="INFO">80705</msg>
<arg>${json_data['results'][0]['location']['postcode']}</arg>
<doc>Logs the given message with the given level.</doc>
<status status="PASS" start="2024-05-21T04:17:11.394223" elapsed="0.000384"/>
</kw>
<status status="PASS" start="2024-05-21T04:17:11.315359" elapsed="0.079505"/>
</kw>
<doc>Testa se os tipos de dados na resposta da API estão corretos.</doc>
<tag>testeTiposDados</tag>
<status status="PASS" start="2024-05-21T04:17:11.230379" elapsed="0.164655"/>
</test>
<test id="s1-s1-t5" name="Validar conteudo" line="35">
<kw name="Teste de Tipos de Conteudo" owner="random-user-service">
<kw name="GET On Session" owner="RequestsLibrary">
<msg time="2024-05-21T04:17:11.490031" level="INFO">GET Request : url=https://randomuser.me/api 
 path_url=/api 
 headers={'User-Agent': 'python-requests/2.32.1', 'Accept-Encoding': 'gzip, deflate', 'Accept': '*/*', 'Connection': 'keep-alive'} 
 body=None 
 </msg>
<msg time="2024-05-21T04:17:11.490124" level="INFO">GET Response : url=https://randomuser.me/api 
 status=200, reason=OK 
 headers={'Date': 'Tue, 21 May 2024 04:17:11 GMT', 'Content-Type': 'application/json; charset=utf-8', 'Transfer-Encoding': 'chunked', 'Connection': 'keep-alive', 'X-Powered-By': 'Express', 'Access-Control-Allow-Origin': '*', 'Cache-Control': 'no-cache', 'ETag': 'W/"483-gT95yGyGjJmxM+MZjSwEl6js5As"', 'Vary': 'Accept-Encoding', 'Content-Encoding': 'gzip', 'CF-Cache-Status': 'DYNAMIC', 'Report-To': '{"endpoints":[{"url":"https:\\/\\/a.nel.cloudflare.com\\/report\\/v4?s=6XOYrP3Btsxr101e%2B59XQ8JPd5A4Xxldn8%2BfOUAQ26AgS6S65vtgrSr14oC09irUnWEvoKiGhXzGvdZJV%2F1o1EelLAr%2FhEF27cuFXuXUgc6W0zAw%2BCNMlLnjyFCyjcIT"}],"group":"cf-nel","max_age":604800}', 'NEL': '{"success_fraction":0,"report_to":"cf-nel","max_age":604800}', 'Server': 'cloudflare', 'CF-RAY': '8871c15e48033922-IAD', 'alt-svc': 'h3=":443"; ma=86400'} 
 body={"results":[{"gender":"male","name":{"title":"Mr","first":"Pawel","last":"Herbst"},"location":{"street":{"number":5698,"name":"Hauptstraße"},"city":"Marsberg","state":"Saarland","country":"Germany","postcode":44489,"coordinates":{"latitude":"-53.8166","longitude":"-131.8160"},"timezone":{"offset":"+7:00","description":"Bangkok, Hanoi, Jakarta"}},"email":"pawel.herbst@example.com","login":{"uuid":"c5c968b6-584e-4edf-9960-3c9cd7af6a67","username":"greenbear320","password":"monday","salt":"tHs46Z92","md5":"939bd7905a4b74106ddbd780ed9f5670","sha1":"3c1e8e9742a8cfc74a12cdca6249d82a2a4c3d58","sha256":"5abf8d8e5a84f651fbaa6c4b726fcba464a0f9221ada1cb384b9e8a51f9e75b8"},"dob":{"date":"1988-05-14T11:56:59.382Z","age":36},"registered":{"date":"2013-11-12T00:51:39.806Z","age":10},"phone":"0846-9363402","cell":"0177-3925198","id":{"name":"SVNR","value":"38 140588 H 027"},"picture":{"large":"https://randomuser.me/api/portraits/men/78.jpg","medium":"https://randomuser.me/api/portraits/med/men/78.jpg","thumbnail":"https://randomuser.me/api/portraits/thumb/men/78.jpg"},"nat":"DE"}],"info":{"seed":"5408ccb12c97f413","results":1,"page":1,"version":"1.4"}} 
 </msg>
<msg time="2024-05-21T04:17:11.490201" level="INFO">/opt/hostedtoolcache/Python/3.12.3/x64/lib/python3.12/site-packages/urllib3/connectionpool.py:1103: InsecureRequestWarning: Unverified HTTPS request is being made to host 'randomuser.me'. Adding certificate verification is strongly advised. See: https://urllib3.readthedocs.io/en/latest/advanced-usage.html#tls-warnings
  warnings.warn(</msg>
<msg time="2024-05-21T04:17:11.490314" level="INFO">${response} = &lt;Response [200]&gt;</msg>
<var>${response}</var>
<arg>consultarAPI</arg>
<arg>/api</arg>
<doc>Sends a GET request on a previously created HTTP Session.</doc>
<status status="PASS" start="2024-05-21T04:17:11.397858" elapsed="0.092497"/>
</kw>
<kw name="Set Variable" owner="BuiltIn">
<msg time="2024-05-21T04:17:11.491444" level="INFO">${json_data} = {'results': [{'gender': 'male', 'name': {'title': 'Mr', 'first': 'Pawel', 'last': 'Herbst'}, 'location': {'street': {'number': 5698, 'name': 'Hauptstraße'}, 'city': 'Marsberg', 'state': 'Saarland', 'c...</msg>
<var>${json_data}</var>
<arg>${response.json()}</arg>
<doc>Returns the given values which can then be assigned to a variables.</doc>
<status status="PASS" start="2024-05-21T04:17:11.490882" elapsed="0.000593"/>
</kw>
<kw name="Set Variable" owner="BuiltIn">
<msg time="2024-05-21T04:17:11.492185" level="INFO">${name_title} = Mr</msg>
<var>${name_title}</var>
<arg>${json_data["results"][0]["name"]["title"]}</arg>
<doc>Returns the given values which can then be assigned to a variables.</doc>
<status status="PASS" start="2024-05-21T04:17:11.491788" elapsed="0.000423"/>
</kw>
<kw name="Create List" owner="BuiltIn">
<msg time="2024-05-21T04:17:11.492731" level="INFO">${allowed_titles} = ['Mr', 'Ms', 'Miss', 'Mrs', 'Madame', 'Monsieur']</msg>
<var>${allowed_titles}</var>
<arg>Mr</arg>
<arg>Ms</arg>
<arg>Miss</arg>
<arg>Mrs</arg>
<arg>Madame</arg>
<arg>Monsieur</arg>
<doc>Returns a list containing given items.</doc>
<status status="PASS" start="2024-05-21T04:17:11.492560" elapsed="0.000197"/>
</kw>
<kw name="List Should Contain Value" owner="Collections">
<msg time="2024-05-21T04:17:11.493247" level="INFO">False</msg>
<arg>${allowed_titles}</arg>
<arg>${name_title}</arg>
<doc>Fails if the ``value`` is not found from ``list``.</doc>
<status status="PASS" start="2024-05-21T04:17:11.493067" elapsed="0.000218"/>
</kw>
<kw name="Set Variable" owner="BuiltIn">
<msg time="2024-05-21T04:17:11.493968" level="INFO">${name_country} = DE</msg>
<var>${name_country}</var>
<arg>${json_data["results"][0]["nat"]}</arg>
<doc>Returns the given values which can then be assigned to a variables.</doc>
<status status="PASS" start="2024-05-21T04:17:11.493580" elapsed="0.000413"/>
</kw>
<kw name="Create List" owner="BuiltIn">
<msg time="2024-05-21T04:17:11.494903" level="INFO">${list_country} = ['AD', 'AE', 'AF', 'AG', 'AI', 'AL', 'AM', 'AO', 'AQ', 'AR', 'AS', 'AT', 'AU', 'AW', 'AX', 'AZ', 'BA', 'BB', 'BD', 'BE', 'BF', 'BG', 'BH', 'BI', 'BJ', 'BL', 'BM', 'BN', 'BO', 'BQ', 'BR', 'BS', 'BT', '...</msg>
<var>${list_country}</var>
<arg>AD</arg>
<arg>AE</arg>
<arg>AF</arg>
<arg>AG</arg>
<arg>AI</arg>
<arg>AL</arg>
<arg>AM</arg>
<arg>AO</arg>
<arg>AQ</arg>
<arg>AR</arg>
<arg>AS</arg>
<arg>AT</arg>
<arg>AU</arg>
<arg>AW</arg>
<arg>AX</arg>
<arg>AZ</arg>
<arg>BA</arg>
<arg>BB</arg>
<arg>BD</arg>
<arg>BE</arg>
<arg>BF</arg>
<arg>BG</arg>
<arg>BH</arg>
<arg>BI</arg>
<arg>BJ</arg>
<arg>BL</arg>
<arg>BM</arg>
<arg>BN</arg>
<arg>BO</arg>
<arg>BQ</arg>
<arg>BR</arg>
<arg>BS</arg>
<arg>BT</arg>
<arg>BV</arg>
<arg>BW</arg>
<arg>BY</arg>
<arg>BZ</arg>
<arg>CA</arg>
<arg>CC</arg>
<arg>CD</arg>
<arg>CF</arg>
<arg>CG</arg>
<arg>CH</arg>
<arg>CI</arg>
<arg>CK</arg>
<arg>CL</arg>
<arg>CM</arg>
<arg>CN</arg>
<arg>CO</arg>
<arg>CR</arg>
<arg>CU</arg>
<arg>CV</arg>
<arg>CW</arg>
<arg>CX</arg>
<arg>CY</arg>
<arg>CZ</arg>
<arg>DE</arg>
<arg>DJ</arg>
<arg>DK</arg>
<arg>DM</arg>
<arg>DO</arg>
<arg>DZ</arg>
<arg>EC</arg>
<arg>EE</arg>
<arg>EG</arg>
<arg>EH</arg>
<arg>ER</arg>
<arg>ES</arg>
<arg>ET</arg>
<arg>FI</arg>
<arg>FJ</arg>
<arg>FK</arg>
<arg>FM</arg>
<arg>FO</arg>
<arg>FR</arg>
<arg>GA</arg>
<arg>GB</arg>
<arg>GD</arg>
<arg>GE</arg>
<arg>GF</arg>
<arg>GG</arg>
<arg>GH</arg>
<arg>GI</arg>
<arg>GL</arg>
<arg>GM</arg>
<arg>GN</arg>
<arg>GP</arg>
<arg>GQ</arg>
<arg>GR</arg>
<arg>GS</arg>
<arg>GT</arg>
<arg>GU</arg>
<arg>GW</arg>
<arg>GY</arg>
<arg>HK</arg>
<arg>HM</arg>
<arg>HN</arg>
<arg>HR</arg>
<arg>HT</arg>
<arg>HU</arg>
<arg>ID</arg>
<arg>IE</arg>
<arg>IL</arg>
<arg>IM</arg>
<arg>IN</arg>
<arg>IO</arg>
<arg>IQ</arg>
<arg>IR</arg>
<arg>IS</arg>
<arg>IT</arg>
<arg>JE</arg>
<arg>JM</arg>
<arg>JO</arg>
<arg>JP</arg>
<arg>KE</arg>
<arg>KG</arg>
<arg>KH</arg>
<arg>KI</arg>
<arg>KM</arg>
<arg>KN</arg>
<arg>KP</arg>
<arg>KR</arg>
<arg>KW</arg>
<arg>KY</arg>
<arg>KZ</arg>
<arg>LA</arg>
<arg>LB</arg>
<arg>LC</arg>
<arg>LI</arg>
<arg>LK</arg>
<arg>LR</arg>
<arg>LS</arg>
<arg>LT</arg>
<arg>LU</arg>
<arg>LV</arg>
<arg>LY</arg>
<arg>MA</arg>
<arg>MC</arg>
<arg>MD</arg>
<arg>ME</arg>
<arg>MF</arg>
<arg>MG</arg>
<arg>MH</arg>
<arg>MK</arg>
<arg>ML</arg>
<arg>MM</arg>
<arg>MN</arg>
<arg>MO</arg>
<arg>MP</arg>
<arg>MQ</arg>
<arg>MR</arg>
<arg>MS</arg>
<arg>MT</arg>
<arg>MU</arg>
<arg>MV</arg>
<arg>MW</arg>
<arg>MX</arg>
<arg>MY</arg>
<arg>MZ</arg>
<arg>NA</arg>
<arg>NC</arg>
<arg>NE</arg>
<arg>NF</arg>
<arg>NG</arg>
<arg>NI</arg>
<arg>NL</arg>
<arg>NO</arg>
<arg>NP</arg>
<arg>NR</arg>
<arg>NU</arg>
<arg>NZ</arg>
<arg>OM</arg>
<arg>PA</arg>
<arg>PE</arg>
<arg>PF</arg>
<arg>PG</arg>
<arg>PH</arg>
<arg>PK</arg>
<arg>PL</arg>
<arg>PM</arg>
<arg>PN</arg>
<arg>PR</arg>
<arg>PS</arg>
<arg>PT</arg>
<arg>PW</arg>
<arg>PY</arg>
<arg>QA</arg>
<arg>RE</arg>
<arg>RO</arg>
<arg>RS</arg>
<arg>RU</arg>
<arg>RW</arg>
<arg>SA</arg>
<arg>SB</arg>
<arg>SC</arg>
<arg>SD</arg>
<arg>SE</arg>
<arg>SG</arg>
<arg>SH</arg>
<arg>SI</arg>
<arg>SJ</arg>
<arg>SK</arg>
<arg>SL</arg>
<arg>SM</arg>
<arg>SN</arg>
<arg>SO</arg>
<arg>SR</arg>
<arg>SS</arg>
<arg>ST</arg>
<arg>SV</arg>
<arg>SX</arg>
<arg>SY</arg>
<arg>SZ</arg>
<arg>TC</arg>
<arg>TD</arg>
<arg>TF</arg>
<arg>TG</arg>
<arg>TH</arg>
<arg>TJ</arg>
<arg>TK</arg>
<arg>TL</arg>
<arg>TM</arg>
<arg>TN</arg>
<arg>TO</arg>
<arg>TR</arg>
<arg>TT</arg>
<arg>TV</arg>
<arg>TW</arg>
<arg>TZ</arg>
<arg>UA</arg>
<arg>UG</arg>
<arg>UM</arg>
<arg>US</arg>
<arg>UY</arg>
<arg>UZ</arg>
<arg>VA</arg>
<arg>VC</arg>
<arg>VE</arg>
<arg>VG</arg>
<arg>VI</arg>
<arg>VN</arg>
<arg>VU</arg>
<arg>WF</arg>
<arg>WS</arg>
<arg>XK</arg>
<arg>YE</arg>
<arg>YT</arg>
<arg>ZA</arg>
<arg>ZM</arg>
<arg>ZW</arg>
<doc>Returns a list containing given items.</doc>
<status status="PASS" start="2024-05-21T04:17:11.494306" elapsed="0.000625"/>
</kw>
<kw name="List Should Contain Value" owner="Collections">
<msg time="2024-05-21T04:17:11.495924" level="INFO">False</msg>
<arg>${list_country}</arg>
<arg>${name_country}</arg>
<doc>Fails if the ``value`` is not found from ``list``.</doc>
<status status="PASS" start="2024-05-21T04:17:11.495720" elapsed="0.000241"/>
</kw>
<kw name="Run Keyword If" owner="BuiltIn">
<kw name="Should Be True" owner="BuiltIn">
<arg>${True}</arg>
<doc>Fails if the given condition is not true.</doc>
<status status="PASS" start="2024-05-21T04:17:11.497085" elapsed="0.000151"/>
</kw>
<arg>${json_data["results"][0]["location"]["coordinates"]["latitude"]} &gt;= -90 and ${json_data["results"][0]["location"]["coordinates"]["latitude"]} &lt;= 90</arg>
<arg>Should Be True</arg>
<arg>${True}</arg>
<doc>Runs the given keyword with the given arguments, if ``condition`` is true.</doc>
<status status="PASS" start="2024-05-21T04:17:11.496279" elapsed="0.001088"/>
</kw>
<kw name="Run Keyword If" owner="BuiltIn">
<kw name="Should Be True" owner="BuiltIn">
<arg>${True}</arg>
<doc>Fails if the given condition is not true.</doc>
<status status="PASS" start="2024-05-21T04:17:11.498261" elapsed="0.000259"/>
</kw>
<arg>${json_data["results"][0]["location"]["coordinates"]["longitude"]} &gt;= -180 and ${json_data["results"][0]["location"]["coordinates"]["longitude"]} &lt;= 180</arg>
<arg>Should Be True</arg>
<arg>${True}</arg>
<doc>Runs the given keyword with the given arguments, if ``condition`` is true.</doc>
<status status="PASS" start="2024-05-21T04:17:11.497553" elapsed="0.001097"/>
</kw>
<status status="PASS" start="2024-05-21T04:17:11.397477" elapsed="0.101307"/>
</kw>
<doc>Testa o conteúdo específico dos campos retornados pela API.</doc>
<tag>testeConteudo</tag>
<status status="PASS" start="2024-05-21T04:17:11.396809" elapsed="0.102127"/>
</test>
<status status="PASS" start="2024-05-21T04:17:10.637181" elapsed="0.863776"/>
</suite>
<status status="PASS" start="2024-05-21T04:17:10.623171" elapsed="0.883012"/>
</suite>
<statistics>
<total>
<stat pass="5" fail="0" skip="0">All Tests</stat>
</total>
<tag>
<stat pass="1" fail="0" skip="0">testeConteudo</stat>
<stat pass="1" fail="0" skip="0">testeEstruturaResposta</stat>
<stat pass="1" fail="0" skip="0">testeRequisicaoBasica</stat>
<stat pass="1" fail="0" skip="0">testeTiposDados</stat>
</tag>
<suite>
<stat pass="5" fail="0" skip="0" id="s1" name="Tests">Tests</stat>
<stat pass="5" fail="0" skip="0" id="s1-s1" name="Random-User-Test">Tests.Random-User-Test</stat>
</suite>
</statistics>
<errors>
</errors>
</robot>
