<?xml version="1.0" encoding="UTF-8"?>
<robot generator="Robot 7.0.1 (Python 3.12.4 on linux)" generated="2024-07-05T21:14:25.145780" rpa="false" schemaversion="5">
<suite id="s1" name="Tests" source="/home/runner/work/ApiRandomUser/ApiRandomUser/RamdonUser/tests">
<suite id="s1-s1" name="Random-User-Test" source="/home/runner/work/ApiRandomUser/ApiRandomUser/RamdonUser/tests/random-user-test.robot">
<test id="s1-s1-t1" name="Conectar" line="13">
<kw name="Conectar API" owner="random-user-service">
<kw name="Create Session" owner="RequestsLibrary">
<msg time="2024-07-05T21:14:25.541521" level="INFO">Creating Session using : alias=consultarAPI, url=https://randomuser.me/, headers={},                     cookies={}, auth=None, timeout=None, proxies=None, verify=False,                     debug=0 </msg>
<arg>consultarAPI</arg>
<arg>${URL}</arg>
<doc>Create Session: create a HTTP session to a server</doc>
<status status="PASS" start="2024-07-05T21:14:25.541317" elapsed="0.000367"/>
</kw>
<status status="PASS" start="2024-07-05T21:14:25.540397" elapsed="0.001629"/>
</kw>
<status status="PASS" start="2024-07-05T21:14:25.539838" elapsed="0.002377"/>
</test>
<test id="s1-s1-t2" name="Validar retorno 200 e JSON Válido" line="16">
<kw name="Teste de Requisicao Basica" owner="random-user-service">
<kw name="GET On Session" owner="RequestsLibrary">
<msg time="2024-07-05T21:14:25.696517" level="INFO">GET Request : url=https://randomuser.me/api 
 path_url=/api 
 headers={'User-Agent': 'python-requests/2.32.3', 'Accept-Encoding': 'gzip, deflate', 'Accept': '*/*', 'Connection': 'keep-alive'} 
 body=None 
 </msg>
<msg time="2024-07-05T21:14:25.696654" level="INFO">GET Response : url=https://randomuser.me/api 
 status=200, reason=OK 
 headers={'Date': 'Fri, 05 Jul 2024 21:14:25 GMT', 'Content-Type': 'application/json; charset=utf-8', 'Transfer-Encoding': 'chunked', 'Connection': 'keep-alive', 'X-Powered-By': 'Express', 'Access-Control-Allow-Origin': '*', 'Cache-Control': 'no-cache', 'ETag': 'W/"493-yBL57qPxyW29tHFr4viEu6xXCPU"', 'Vary': 'Accept-Encoding', 'Content-Encoding': 'gzip', 'CF-Cache-Status': 'DYNAMIC', 'Report-To': '{"endpoints":[{"url":"https:\\/\\/a.nel.cloudflare.com\\/report\\/v4?s=EdYB7s2m37VdFByyIc%2BAvVB8YM1ikZc64tIUmxUfX3wiQ6ez3w4dFausmCpdmg%2FxVBCNHjpNgqqTqhuH%2F%2BE8%2BVmtRDDTN%2BbBE5ysyw3BMC4Mx09d%2Bw6q2CJzF7%2FiPEOW"}],"group":"cf-nel","max_age":604800}', 'NEL': '{"success_fraction":0,"report_to":"cf-nel","max_age":604800}', 'Server': 'cloudflare', 'CF-RAY': '89ea5d55feb97c83-LAX', 'alt-svc': 'h3=":443"; ma=86400'} 
 body={"results":[{"gender":"female","name":{"title":"Mrs","first":"Slava","last":"Shaptala"},"location":{"street":{"number":8074,"name":"Borislavska"},"city":"Rogatin","state":"Zaporizka","country":"Ukraine","postcode":61035,"coordinates":{"latitude":"73.3365","longitude":"72.1248"},"timezone":{"offset":"+3:00","description":"Baghdad, Riyadh, Moscow, St. Petersburg"}},"email":"slava.shaptala@example.com","login":{"uuid":"dea8c1b5-9de4-48c2-8932-1c5eab660de7","username":"blackbutterfly781","password":"carbon","salt":"14pIVkVL","md5":"7131788b9845e472fd9e4229206823d8","sha1":"79cb1d32c1ec559001c65b4fe6ca6126561636d0","sha256":"ab86dece78e9e7ff927e4ce1ad6827aab7e28bb142b03031eee8a002cf2575dc"},"dob":{"date":"1962-12-07T17:05:53.922Z","age":61},"registered":{"date":"2020-01-08T17:39:16.034Z","age":4},"phone":"(098) L30-8942","cell":"(066) S05-6137","id":{"name":"","value":null},"picture":{"large":"https://randomuser.me/api/portraits/women/63.jpg","medium":"https://randomuser.me/api/portraits/med/women/63.jpg","thumbnail":"https://randomuser.me/api/portraits/thumb/women/63.jpg"},"nat":"UA"}],"info":{"seed":"c04fc696b49e0b4d","results":1,"page":1,"version":"1.4"}} 
 </msg>
<msg time="2024-07-05T21:14:25.696742" level="INFO">/opt/hostedtoolcache/Python/3.12.4/x64/lib/python3.12/site-packages/urllib3/connectionpool.py:1099: InsecureRequestWarning: Unverified HTTPS request is being made to host 'randomuser.me'. Adding certificate verification is strongly advised. See: https://urllib3.readthedocs.io/en/latest/advanced-usage.html#tls-warnings
  warnings.warn(</msg>
<msg time="2024-07-05T21:14:25.696901" level="INFO">${response} = &lt;Response [200]&gt;</msg>
<var>${response}</var>
<arg>consultarAPI</arg>
<arg>/api</arg>
<doc>Sends a GET request on a previously created HTTP Session.</doc>
<status status="PASS" start="2024-07-05T21:14:25.544819" elapsed="0.152133"/>
</kw>
<kw name="Should Be Equal As Numbers" owner="BuiltIn">
<msg time="2024-07-05T21:14:25.697937" level="INFO">Argument types are:
&lt;class 'int'&gt;
&lt;class 'str'&gt;</msg>
<arg>${response.status_code}</arg>
<arg>200</arg>
<doc>Fails if objects are unequal after converting them to real numbers.</doc>
<status status="PASS" start="2024-07-05T21:14:25.697510" elapsed="0.000491"/>
</kw>
<kw name="Log" owner="BuiltIn">
<msg time="2024-07-05T21:14:25.698685" level="INFO">200</msg>
<arg>${response.status_code}</arg>
<doc>Logs the given message with the given level.</doc>
<status status="PASS" start="2024-07-05T21:14:25.698328" elapsed="0.000398"/>
</kw>
<kw name="Set Variable" owner="BuiltIn">
<msg time="2024-07-05T21:14:25.699457" level="INFO">${json_data} = {'results': [{'gender': 'female', 'name': {'title': 'Mrs', 'first': 'Slava', 'last': 'Shaptala'}, 'location': {'street': {'number': 8074, 'name': 'Borislavska'}, 'city': 'Rogatin', 'state': 'Zaporizka...</msg>
<var>${json_data}</var>
<arg>${response.json()}</arg>
<doc>Returns the given values which can then be assigned to a variables.</doc>
<status status="PASS" start="2024-07-05T21:14:25.699030" elapsed="0.000455"/>
</kw>
<kw name="Dictionary Should Contain Key" owner="Collections">
<arg>${json_data}</arg>
<arg>results</arg>
<doc>Fails if ``key`` is not found from ``dictionary``.</doc>
<status status="PASS" start="2024-07-05T21:14:25.699777" elapsed="0.000167"/>
</kw>
<status status="PASS" start="2024-07-05T21:14:25.544573" elapsed="0.155518"/>
</kw>
<doc>Testa se a API responde corretamente e retorna um objeto JSON válido.</doc>
<tag>testeRequisicaoBasica</tag>
<status status="PASS" start="2024-07-05T21:14:25.544095" elapsed="0.156163"/>
</test>
<test id="s1-s1-t3" name="Validar estrutura de resposta" line="22">
<kw name="Teste de Estrutura de Resposta" owner="random-user-service">
<kw name="GET On Session" owner="RequestsLibrary">
<msg time="2024-07-05T21:14:25.799346" level="INFO">GET Request : url=https://randomuser.me/api 
 path_url=/api 
 headers={'User-Agent': 'python-requests/2.32.3', 'Accept-Encoding': 'gzip, deflate', 'Accept': '*/*', 'Connection': 'keep-alive'} 
 body=None 
 </msg>
<msg time="2024-07-05T21:14:25.799417" level="INFO">GET Response : url=https://randomuser.me/api 
 status=200, reason=OK 
 headers={'Date': 'Fri, 05 Jul 2024 21:14:25 GMT', 'Content-Type': 'application/json; charset=utf-8', 'Transfer-Encoding': 'chunked', 'Connection': 'keep-alive', 'X-Powered-By': 'Express', 'Access-Control-Allow-Origin': '*', 'Cache-Control': 'no-cache', 'ETag': 'W/"48d-GUdr7thBLige8MCkN6YzPxFgPsc"', 'Vary': 'Accept-Encoding', 'Content-Encoding': 'gzip', 'CF-Cache-Status': 'DYNAMIC', 'Report-To': '{"endpoints":[{"url":"https:\\/\\/a.nel.cloudflare.com\\/report\\/v4?s=3jwn6GlLWzjzuK7mNuOP%2BEEDlfsPPPV%2F4y3Pzqr7D4Xi4sE7ezxbBM6s%2FWWNp7ToeiK1GBOsmjl8TSurBzUGCwtW2BRrpZKOotKH2WIzPbCiKKZZNkpam%2B84PtZFx5bt"}],"group":"cf-nel","max_age":604800}', 'NEL': '{"success_fraction":0,"report_to":"cf-nel","max_age":604800}', 'Server': 'cloudflare', 'CF-RAY': '89ea5d56af7a7c83-LAX', 'alt-svc': 'h3=":443"; ma=86400'} 
 body={"results":[{"gender":"female","name":{"title":"Ms","first":"Joana","last":"Kuhlmann"},"location":{"street":{"number":5884,"name":"Rosenstraße"},"city":"Munster","state":"Saarland","country":"Germany","postcode":54515,"coordinates":{"latitude":"-47.5634","longitude":"87.4472"},"timezone":{"offset":"+7:00","description":"Bangkok, Hanoi, Jakarta"}},"email":"joana.kuhlmann@example.com","login":{"uuid":"87cc9c9b-7a17-4b5d-a75e-9dccbf311071","username":"tinymeercat868","password":"dynamo","salt":"PgDRv1ND","md5":"5ad243c6cde2515fd236efbba61c78c7","sha1":"2c0843add93f9b71ec3b6c8a1642a8ec9092475c","sha256":"d90e144fd7520aaa1d3b3806272a37c41b6ab5f72d0298f2902aa63c31ecbb58"},"dob":{"date":"1988-07-08T07:57:43.034Z","age":35},"registered":{"date":"2017-12-21T12:02:29.842Z","age":6},"phone":"0921-0040691","cell":"0179-0003667","id":{"name":"SVNR","value":"11 080788 K 870"},"picture":{"large":"https://randomuser.me/api/portraits/women/72.jpg","medium":"https://randomuser.me/api/portraits/med/women/72.jpg","thumbnail":"https://randomuser.me/api/portraits/thumb/women/72.jpg"},"nat":"DE"}],"info":{"seed":"46c09a28ae0831ee","results":1,"page":1,"version":"1.4"}} 
 </msg>
<msg time="2024-07-05T21:14:25.799520" level="INFO">/opt/hostedtoolcache/Python/3.12.4/x64/lib/python3.12/site-packages/urllib3/connectionpool.py:1099: InsecureRequestWarning: Unverified HTTPS request is being made to host 'randomuser.me'. Adding certificate verification is strongly advised. See: https://urllib3.readthedocs.io/en/latest/advanced-usage.html#tls-warnings
  warnings.warn(</msg>
<msg time="2024-07-05T21:14:25.799637" level="INFO">${response} = &lt;Response [200]&gt;</msg>
<var>${response}</var>
<arg>consultarAPI</arg>
<arg>/api</arg>
<doc>Sends a GET request on a previously created HTTP Session.</doc>
<status status="PASS" start="2024-07-05T21:14:25.702846" elapsed="0.096834"/>
</kw>
<kw name="Set Variable" owner="BuiltIn">
<msg time="2024-07-05T21:14:25.800569" level="INFO">${json_data} = {'results': [{'gender': 'female', 'name': {'title': 'Ms', 'first': 'Joana', 'last': 'Kuhlmann'}, 'location': {'street': {'number': 5884, 'name': 'Rosenstraße'}, 'city': 'Munster', 'state': 'Saarland',...</msg>
<var>${json_data}</var>
<arg>${response.json()}</arg>
<doc>Returns the given values which can then be assigned to a variables.</doc>
<status status="PASS" start="2024-07-05T21:14:25.800049" elapsed="0.000551"/>
</kw>
<kw name="Log" owner="BuiltIn">
<msg time="2024-07-05T21:14:25.801071" level="INFO">{'results': [{'gender': 'female', 'name': {'title': 'Ms', 'first': 'Joana', 'last': 'Kuhlmann'}, 'location': {'street': {'number': 5884, 'name': 'Rosenstraße'}, 'city': 'Munster', 'state': 'Saarland', 'country': 'Germany', 'postcode': 54515, 'coordinates': {'latitude': '-47.5634', 'longitude': '87.4472'}, 'timezone': {'offset': '+7:00', 'description': 'Bangkok, Hanoi, Jakarta'}}, 'email': 'joana.kuhlmann@example.com', 'login': {'uuid': '87cc9c9b-7a17-4b5d-a75e-9dccbf311071', 'username': 'tinymeercat868', 'password': 'dynamo', 'salt': 'PgDRv1ND', 'md5': '5ad243c6cde2515fd236efbba61c78c7', 'sha1': '2c0843add93f9b71ec3b6c8a1642a8ec9092475c', 'sha256': 'd90e144fd7520aaa1d3b3806272a37c41b6ab5f72d0298f2902aa63c31ecbb58'}, 'dob': {'date': '1988-07-08T07:57:43.034Z', 'age': 35}, 'registered': {'date': '2017-12-21T12:02:29.842Z', 'age': 6}, 'phone': '0921-0040691', 'cell': '0179-0003667', 'id': {'name': 'SVNR', 'value': '11 080788 K 870'}, 'picture': {'large': 'https://randomuser.me/api/portraits/women/72.jpg', 'medium': 'https://randomuser.me/api/portraits/med/women/72.jpg', 'thumbnail': 'https://randomuser.me/api/portraits/thumb/women/72.jpg'}, 'nat': 'DE'}], 'info': {'seed': '46c09a28ae0831ee', 'results': 1, 'page': 1, 'version': '1.4'}}</msg>
<arg>${json_data}</arg>
<doc>Logs the given message with the given level.</doc>
<status status="PASS" start="2024-07-05T21:14:25.800910" elapsed="0.000210"/>
</kw>
<kw name="Dictionary Should Contain Key" owner="Collections">
<arg>${json_data}</arg>
<arg>results</arg>
<doc>Fails if ``key`` is not found from ``dictionary``.</doc>
<status status="PASS" start="2024-07-05T21:14:25.801415" elapsed="0.000167"/>
</kw>
<kw name="Should Not Be Empty" owner="BuiltIn">
<msg time="2024-07-05T21:14:25.801896" level="INFO">Length is 2.</msg>
<arg>${json_data}</arg>
<doc>Verifies that the given item is not empty.</doc>
<status status="PASS" start="2024-07-05T21:14:25.801770" elapsed="0.000165"/>
</kw>
<kw name="Create List" owner="BuiltIn">
<msg time="2024-07-05T21:14:25.802398" level="INFO">${expected_keys} = ['gender', 'name', 'location', 'email', 'login']</msg>
<var>${expected_keys}</var>
<arg>gender</arg>
<arg>name</arg>
<arg>location</arg>
<arg>email</arg>
<arg>login</arg>
<doc>Returns a list containing given items.</doc>
<status status="PASS" start="2024-07-05T21:14:25.802250" elapsed="0.000173"/>
</kw>
<for flavor="IN">
<iter>
<kw name="Dictionary Should Contain Key" owner="Collections">
<arg>${json_data['results'][0]}</arg>
<arg>${key}</arg>
<doc>Fails if ``key`` is not found from ``dictionary``.</doc>
<status status="PASS" start="2024-07-05T21:14:25.803139" elapsed="0.000398"/>
</kw>
<kw name="Log" owner="BuiltIn">
<msg time="2024-07-05T21:14:25.804119" level="INFO">{'gender': 'female', 'name': {'title': 'Ms', 'first': 'Joana', 'last': 'Kuhlmann'}, 'location': {'street': {'number': 5884, 'name': 'Rosenstraße'}, 'city': 'Munster', 'state': 'Saarland', 'country': 'Germany', 'postcode': 54515, 'coordinates': {'latitude': '-47.5634', 'longitude': '87.4472'}, 'timezone': {'offset': '+7:00', 'description': 'Bangkok, Hanoi, Jakarta'}}, 'email': 'joana.kuhlmann@example.com', 'login': {'uuid': '87cc9c9b-7a17-4b5d-a75e-9dccbf311071', 'username': 'tinymeercat868', 'password': 'dynamo', 'salt': 'PgDRv1ND', 'md5': '5ad243c6cde2515fd236efbba61c78c7', 'sha1': '2c0843add93f9b71ec3b6c8a1642a8ec9092475c', 'sha256': 'd90e144fd7520aaa1d3b3806272a37c41b6ab5f72d0298f2902aa63c31ecbb58'}, 'dob': {'date': '1988-07-08T07:57:43.034Z', 'age': 35}, 'registered': {'date': '2017-12-21T12:02:29.842Z', 'age': 6}, 'phone': '0921-0040691', 'cell': '0179-0003667', 'id': {'name': 'SVNR', 'value': '11 080788 K 870'}, 'picture': {'large': 'https://randomuser.me/api/portraits/women/72.jpg', 'medium': 'https://randomuser.me/api/portraits/med/women/72.jpg', 'thumbnail': 'https://randomuser.me/api/portraits/thumb/women/72.jpg'}, 'nat': 'DE'}</msg>
<arg>${json_data['results'][0]}</arg>
<doc>Logs the given message with the given level.</doc>
<status status="PASS" start="2024-07-05T21:14:25.803729" elapsed="0.000441"/>
</kw>
<kw name="Log" owner="BuiltIn">
<msg time="2024-07-05T21:14:25.804623" level="INFO">gender</msg>
<arg>${key}</arg>
<doc>Logs the given message with the given level.</doc>
<status status="PASS" start="2024-07-05T21:14:25.804493" elapsed="0.000167"/>
</kw>
<var name="${key}">gender</var>
<status status="PASS" start="2024-07-05T21:14:25.803015" elapsed="0.001861"/>
</iter>
<iter>
<kw name="Dictionary Should Contain Key" owner="Collections">
<arg>${json_data['results'][0]}</arg>
<arg>${key}</arg>
<doc>Fails if ``key`` is not found from ``dictionary``.</doc>
<status status="PASS" start="2024-07-05T21:14:25.805175" elapsed="0.000387"/>
</kw>
<kw name="Log" owner="BuiltIn">
<msg time="2024-07-05T21:14:25.806108" level="INFO">{'gender': 'female', 'name': {'title': 'Ms', 'first': 'Joana', 'last': 'Kuhlmann'}, 'location': {'street': {'number': 5884, 'name': 'Rosenstraße'}, 'city': 'Munster', 'state': 'Saarland', 'country': 'Germany', 'postcode': 54515, 'coordinates': {'latitude': '-47.5634', 'longitude': '87.4472'}, 'timezone': {'offset': '+7:00', 'description': 'Bangkok, Hanoi, Jakarta'}}, 'email': 'joana.kuhlmann@example.com', 'login': {'uuid': '87cc9c9b-7a17-4b5d-a75e-9dccbf311071', 'username': 'tinymeercat868', 'password': 'dynamo', 'salt': 'PgDRv1ND', 'md5': '5ad243c6cde2515fd236efbba61c78c7', 'sha1': '2c0843add93f9b71ec3b6c8a1642a8ec9092475c', 'sha256': 'd90e144fd7520aaa1d3b3806272a37c41b6ab5f72d0298f2902aa63c31ecbb58'}, 'dob': {'date': '1988-07-08T07:57:43.034Z', 'age': 35}, 'registered': {'date': '2017-12-21T12:02:29.842Z', 'age': 6}, 'phone': '0921-0040691', 'cell': '0179-0003667', 'id': {'name': 'SVNR', 'value': '11 080788 K 870'}, 'picture': {'large': 'https://randomuser.me/api/portraits/women/72.jpg', 'medium': 'https://randomuser.me/api/portraits/med/women/72.jpg', 'thumbnail': 'https://randomuser.me/api/portraits/thumb/women/72.jpg'}, 'nat': 'DE'}</msg>
<arg>${json_data['results'][0]}</arg>
<doc>Logs the given message with the given level.</doc>
<status status="PASS" start="2024-07-05T21:14:25.805743" elapsed="0.000450"/>
</kw>
<kw name="Log" owner="BuiltIn">
<msg time="2024-07-05T21:14:25.806658" level="INFO">name</msg>
<arg>${key}</arg>
<doc>Logs the given message with the given level.</doc>
<status status="PASS" start="2024-07-05T21:14:25.806525" elapsed="0.000170"/>
</kw>
<var name="${key}">name</var>
<status status="PASS" start="2024-07-05T21:14:25.805059" elapsed="0.001852"/>
</iter>
<iter>
<kw name="Dictionary Should Contain Key" owner="Collections">
<arg>${json_data['results'][0]}</arg>
<arg>${key}</arg>
<doc>Fails if ``key`` is not found from ``dictionary``.</doc>
<status status="PASS" start="2024-07-05T21:14:25.807191" elapsed="0.000377"/>
</kw>
<kw name="Log" owner="BuiltIn">
<msg time="2024-07-05T21:14:25.808096" level="INFO">{'gender': 'female', 'name': {'title': 'Ms', 'first': 'Joana', 'last': 'Kuhlmann'}, 'location': {'street': {'number': 5884, 'name': 'Rosenstraße'}, 'city': 'Munster', 'state': 'Saarland', 'country': 'Germany', 'postcode': 54515, 'coordinates': {'latitude': '-47.5634', 'longitude': '87.4472'}, 'timezone': {'offset': '+7:00', 'description': 'Bangkok, Hanoi, Jakarta'}}, 'email': 'joana.kuhlmann@example.com', 'login': {'uuid': '87cc9c9b-7a17-4b5d-a75e-9dccbf311071', 'username': 'tinymeercat868', 'password': 'dynamo', 'salt': 'PgDRv1ND', 'md5': '5ad243c6cde2515fd236efbba61c78c7', 'sha1': '2c0843add93f9b71ec3b6c8a1642a8ec9092475c', 'sha256': 'd90e144fd7520aaa1d3b3806272a37c41b6ab5f72d0298f2902aa63c31ecbb58'}, 'dob': {'date': '1988-07-08T07:57:43.034Z', 'age': 35}, 'registered': {'date': '2017-12-21T12:02:29.842Z', 'age': 6}, 'phone': '0921-0040691', 'cell': '0179-0003667', 'id': {'name': 'SVNR', 'value': '11 080788 K 870'}, 'picture': {'large': 'https://randomuser.me/api/portraits/women/72.jpg', 'medium': 'https://randomuser.me/api/portraits/med/women/72.jpg', 'thumbnail': 'https://randomuser.me/api/portraits/thumb/women/72.jpg'}, 'nat': 'DE'}</msg>
<arg>${json_data['results'][0]}</arg>
<doc>Logs the given message with the given level.</doc>
<status status="PASS" start="2024-07-05T21:14:25.807747" elapsed="0.000396"/>
</kw>
<kw name="Log" owner="BuiltIn">
<msg time="2024-07-05T21:14:25.808621" level="INFO">location</msg>
<arg>${key}</arg>
<doc>Logs the given message with the given level.</doc>
<status status="PASS" start="2024-07-05T21:14:25.808490" elapsed="0.000168"/>
</kw>
<var name="${key}">location</var>
<status status="PASS" start="2024-07-05T21:14:25.807084" elapsed="0.001789"/>
</iter>
<iter>
<kw name="Dictionary Should Contain Key" owner="Collections">
<arg>${json_data['results'][0]}</arg>
<arg>${key}</arg>
<doc>Fails if ``key`` is not found from ``dictionary``.</doc>
<status status="PASS" start="2024-07-05T21:14:25.809146" elapsed="0.000383"/>
</kw>
<kw name="Log" owner="BuiltIn">
<msg time="2024-07-05T21:14:25.810059" level="INFO">{'gender': 'female', 'name': {'title': 'Ms', 'first': 'Joana', 'last': 'Kuhlmann'}, 'location': {'street': {'number': 5884, 'name': 'Rosenstraße'}, 'city': 'Munster', 'state': 'Saarland', 'country': 'Germany', 'postcode': 54515, 'coordinates': {'latitude': '-47.5634', 'longitude': '87.4472'}, 'timezone': {'offset': '+7:00', 'description': 'Bangkok, Hanoi, Jakarta'}}, 'email': 'joana.kuhlmann@example.com', 'login': {'uuid': '87cc9c9b-7a17-4b5d-a75e-9dccbf311071', 'username': 'tinymeercat868', 'password': 'dynamo', 'salt': 'PgDRv1ND', 'md5': '5ad243c6cde2515fd236efbba61c78c7', 'sha1': '2c0843add93f9b71ec3b6c8a1642a8ec9092475c', 'sha256': 'd90e144fd7520aaa1d3b3806272a37c41b6ab5f72d0298f2902aa63c31ecbb58'}, 'dob': {'date': '1988-07-08T07:57:43.034Z', 'age': 35}, 'registered': {'date': '2017-12-21T12:02:29.842Z', 'age': 6}, 'phone': '0921-0040691', 'cell': '0179-0003667', 'id': {'name': 'SVNR', 'value': '11 080788 K 870'}, 'picture': {'large': 'https://randomuser.me/api/portraits/women/72.jpg', 'medium': 'https://randomuser.me/api/portraits/med/women/72.jpg', 'thumbnail': 'https://randomuser.me/api/portraits/thumb/women/72.jpg'}, 'nat': 'DE'}</msg>
<arg>${json_data['results'][0]}</arg>
<doc>Logs the given message with the given level.</doc>
<status status="PASS" start="2024-07-05T21:14:25.809707" elapsed="0.000401"/>
</kw>
<kw name="Log" owner="BuiltIn">
<msg time="2024-07-05T21:14:25.810527" level="INFO">email</msg>
<arg>${key}</arg>
<doc>Logs the given message with the given level.</doc>
<status status="PASS" start="2024-07-05T21:14:25.810401" elapsed="0.000163"/>
</kw>
<var name="${key}">email</var>
<status status="PASS" start="2024-07-05T21:14:25.809041" elapsed="0.001738"/>
</iter>
<iter>
<kw name="Dictionary Should Contain Key" owner="Collections">
<arg>${json_data['results'][0]}</arg>
<arg>${key}</arg>
<doc>Fails if ``key`` is not found from ``dictionary``.</doc>
<status status="PASS" start="2024-07-05T21:14:25.811053" elapsed="0.000387"/>
</kw>
<kw name="Log" owner="BuiltIn">
<msg time="2024-07-05T21:14:25.811972" level="INFO">{'gender': 'female', 'name': {'title': 'Ms', 'first': 'Joana', 'last': 'Kuhlmann'}, 'location': {'street': {'number': 5884, 'name': 'Rosenstraße'}, 'city': 'Munster', 'state': 'Saarland', 'country': 'Germany', 'postcode': 54515, 'coordinates': {'latitude': '-47.5634', 'longitude': '87.4472'}, 'timezone': {'offset': '+7:00', 'description': 'Bangkok, Hanoi, Jakarta'}}, 'email': 'joana.kuhlmann@example.com', 'login': {'uuid': '87cc9c9b-7a17-4b5d-a75e-9dccbf311071', 'username': 'tinymeercat868', 'password': 'dynamo', 'salt': 'PgDRv1ND', 'md5': '5ad243c6cde2515fd236efbba61c78c7', 'sha1': '2c0843add93f9b71ec3b6c8a1642a8ec9092475c', 'sha256': 'd90e144fd7520aaa1d3b3806272a37c41b6ab5f72d0298f2902aa63c31ecbb58'}, 'dob': {'date': '1988-07-08T07:57:43.034Z', 'age': 35}, 'registered': {'date': '2017-12-21T12:02:29.842Z', 'age': 6}, 'phone': '0921-0040691', 'cell': '0179-0003667', 'id': {'name': 'SVNR', 'value': '11 080788 K 870'}, 'picture': {'large': 'https://randomuser.me/api/portraits/women/72.jpg', 'medium': 'https://randomuser.me/api/portraits/med/women/72.jpg', 'thumbnail': 'https://randomuser.me/api/portraits/thumb/women/72.jpg'}, 'nat': 'DE'}</msg>
<arg>${json_data['results'][0]}</arg>
<doc>Logs the given message with the given level.</doc>
<status status="PASS" start="2024-07-05T21:14:25.811620" elapsed="0.000400"/>
</kw>
<kw name="Log" owner="BuiltIn">
<msg time="2024-07-05T21:14:25.812460" level="INFO">login</msg>
<arg>${key}</arg>
<doc>Logs the given message with the given level.</doc>
<status status="PASS" start="2024-07-05T21:14:25.812310" elapsed="0.000187"/>
</kw>
<var name="${key}">login</var>
<status status="PASS" start="2024-07-05T21:14:25.810946" elapsed="0.001768"/>
</iter>
<var>${key}</var>
<value>@{expected_keys}</value>
<status status="PASS" start="2024-07-05T21:14:25.802815" elapsed="0.010018"/>
</for>
<kw name="Create List" owner="BuiltIn">
<msg time="2024-07-05T21:14:25.813154" level="INFO">${expected_keysTwo} = ['username', 'password']</msg>
<var>${expected_keysTwo}</var>
<arg>username</arg>
<arg>password</arg>
<doc>Returns a list containing given items.</doc>
<status status="PASS" start="2024-07-05T21:14:25.813022" elapsed="0.000185"/>
</kw>
<for flavor="IN">
<iter>
<kw name="Dictionary Should Contain Key" owner="Collections">
<arg>${json_data['results'][0]['login']}</arg>
<arg>${keyTwo}</arg>
<doc>Fails if ``key`` is not found from ``dictionary``.</doc>
<status status="PASS" start="2024-07-05T21:14:25.813705" elapsed="0.000378"/>
</kw>
<kw name="Dictionary Should Contain Key" owner="Collections">
<arg>${json_data['results'][0]['login']}</arg>
<arg>${keyTwo}</arg>
<doc>Fails if ``key`` is not found from ``dictionary``.</doc>
<status status="PASS" start="2024-07-05T21:14:25.814263" elapsed="0.000385"/>
</kw>
<kw name="Log" owner="BuiltIn">
<msg time="2024-07-05T21:14:25.814954" level="INFO">username</msg>
<arg>${keyTwo}</arg>
<doc>Logs the given message with the given level.</doc>
<status status="PASS" start="2024-07-05T21:14:25.814830" elapsed="0.000161"/>
</kw>
<var name="${keyTwo}">username</var>
<status status="PASS" start="2024-07-05T21:14:25.813599" elapsed="0.001608"/>
</iter>
<iter>
<kw name="Dictionary Should Contain Key" owner="Collections">
<arg>${json_data['results'][0]['login']}</arg>
<arg>${keyTwo}</arg>
<doc>Fails if ``key`` is not found from ``dictionary``.</doc>
<status status="PASS" start="2024-07-05T21:14:25.815479" elapsed="0.000376"/>
</kw>
<kw name="Dictionary Should Contain Key" owner="Collections">
<arg>${json_data['results'][0]['login']}</arg>
<arg>${keyTwo}</arg>
<doc>Fails if ``key`` is not found from ``dictionary``.</doc>
<status status="PASS" start="2024-07-05T21:14:25.816031" elapsed="0.000412"/>
</kw>
<kw name="Log" owner="BuiltIn">
<msg time="2024-07-05T21:14:25.816736" level="INFO">password</msg>
<arg>${keyTwo}</arg>
<doc>Logs the given message with the given level.</doc>
<status status="PASS" start="2024-07-05T21:14:25.816619" elapsed="0.000158"/>
</kw>
<var name="${keyTwo}">password</var>
<status status="PASS" start="2024-07-05T21:14:25.815374" elapsed="0.001623"/>
</iter>
<var>${keyTwo}</var>
<value>@{expected_keysTwo}</value>
<status status="PASS" start="2024-07-05T21:14:25.813450" elapsed="0.003667"/>
</for>
<status status="PASS" start="2024-07-05T21:14:25.702620" elapsed="0.114634"/>
</kw>
<doc>Testa a estrutura da resposta da API.</doc>
<tag>testeEstruturaResposta</tag>
<status status="PASS" start="2024-07-05T21:14:25.702131" elapsed="0.115268"/>
</test>
<test id="s1-s1-t4" name="Validar tipos de dados" line="28">
<kw name="Teste de Tipos de Dados" owner="random-user-service">
<kw name="GET On Session" owner="RequestsLibrary">
<msg time="2024-07-05T21:14:25.910816" level="INFO">GET Request : url=https://randomuser.me/api 
 path_url=/api 
 headers={'User-Agent': 'python-requests/2.32.3', 'Accept-Encoding': 'gzip, deflate', 'Accept': '*/*', 'Connection': 'keep-alive'} 
 body=None 
 </msg>
<msg time="2024-07-05T21:14:25.910904" level="INFO">GET Response : url=https://randomuser.me/api 
 status=200, reason=OK 
 headers={'Date': 'Fri, 05 Jul 2024 21:14:25 GMT', 'Content-Type': 'application/json; charset=utf-8', 'Transfer-Encoding': 'chunked', 'Connection': 'keep-alive', 'X-Powered-By': 'Express', 'Access-Control-Allow-Origin': '*', 'Cache-Control': 'no-cache', 'ETag': 'W/"49d-N6Tn4t2zXU0iDbenQUyrSS/PhgQ"', 'Vary': 'Accept-Encoding', 'Content-Encoding': 'gzip', 'CF-Cache-Status': 'DYNAMIC', 'Report-To': '{"endpoints":[{"url":"https:\\/\\/a.nel.cloudflare.com\\/report\\/v4?s=usICL2pDWEwYR2ISR%2F1IXjpnL8eVX4WYupMWo0%2FNC%2Fb%2Bo%2FH%2BDWA%2BIeeM4cOeEGb%2BR34JGZLfFTv2yv80K1spaT1Ju%2FsWWc9B%2Bh0xJlk%2Fzu4qc2CnKc6rH4S6Nc6WEKbG"}],"group":"cf-nel","max_age":604800}', 'NEL': '{"success_fraction":0,"report_to":"cf-nel","max_age":604800}', 'Server': 'cloudflare', 'CF-RAY': '89ea5d5768417c83-LAX', 'alt-svc': 'h3=":443"; ma=86400'} 
 body={"results":[{"gender":"female","name":{"title":"Ms","first":"Dora","last":"Milutinović"},"location":{"street":{"number":6157,"name":"Trinaestog Septembra"},"city":"Bojnik","state":"Central Banat","country":"Serbia","postcode":30760,"coordinates":{"latitude":"62.4483","longitude":"142.3580"},"timezone":{"offset":"+1:00","description":"Brussels, Copenhagen, Madrid, Paris"}},"email":"dora.milutinovic@example.com","login":{"uuid":"36c79d21-3ce6-47b6-9a31-f3cea12ae85c","username":"bigzebra317","password":"cars","salt":"W5yETyfP","md5":"dedb9c7afdeee1e7d101f192c46b4c40","sha1":"3b0f73107bffc1a6618bd7c60e082016d5537a43","sha256":"6b2277d0b16a5e9e2f21afcff12efd6742a900e0797fc3a7375f453d4b75cd54"},"dob":{"date":"1989-09-16T08:18:13.996Z","age":34},"registered":{"date":"2020-08-13T19:04:49.876Z","age":3},"phone":"011-6853-772","cell":"067-0087-646","id":{"name":"SID","value":"732465616"},"picture":{"large":"https://randomuser.me/api/portraits/women/62.jpg","medium":"https://randomuser.me/api/portraits/med/women/62.jpg","thumbnail":"https://randomuser.me/api/portraits/thumb/women/62.jpg"},"nat":"RS"}],"info":{"seed":"f8147d4859a58293","results":1,"page":1,"version":"1.4"}} 
 </msg>
<msg time="2024-07-05T21:14:25.910985" level="INFO">/opt/hostedtoolcache/Python/3.12.4/x64/lib/python3.12/site-packages/urllib3/connectionpool.py:1099: InsecureRequestWarning: Unverified HTTPS request is being made to host 'randomuser.me'. Adding certificate verification is strongly advised. See: https://urllib3.readthedocs.io/en/latest/advanced-usage.html#tls-warnings
  warnings.warn(</msg>
<msg time="2024-07-05T21:14:25.911129" level="INFO">${response} = &lt;Response [200]&gt;</msg>
<var>${response}</var>
<arg>consultarAPI</arg>
<arg>/api</arg>
<doc>Sends a GET request on a previously created HTTP Session.</doc>
<status status="PASS" start="2024-07-05T21:14:25.819928" elapsed="0.091260"/>
</kw>
<kw name="Set Variable" owner="BuiltIn">
<msg time="2024-07-05T21:14:25.912116" level="INFO">${json_data} = {'results': [{'gender': 'female', 'name': {'title': 'Ms', 'first': 'Dora', 'last': 'Milutinović'}, 'location': {'street': {'number': 6157, 'name': 'Trinaestog Septembra'}, 'city': 'Bojnik', 'state': '...</msg>
<var>${json_data}</var>
<arg>${response.json()}</arg>
<doc>Returns the given values which can then be assigned to a variables.</doc>
<status status="PASS" start="2024-07-05T21:14:25.911648" elapsed="0.000500"/>
</kw>
<kw name="Log" owner="BuiltIn">
<msg time="2024-07-05T21:14:25.912679" level="INFO">{'results': [{'gender': 'female', 'name': {'title': 'Ms', 'first': 'Dora', 'last': 'Milutinović'}, 'location': {'street': {'number': 6157, 'name': 'Trinaestog Septembra'}, 'city': 'Bojnik', 'state': 'Central Banat', 'country': 'Serbia', 'postcode': 30760, 'coordinates': {'latitude': '62.4483', 'longitude': '142.3580'}, 'timezone': {'offset': '+1:00', 'description': 'Brussels, Copenhagen, Madrid, Paris'}}, 'email': 'dora.milutinovic@example.com', 'login': {'uuid': '36c79d21-3ce6-47b6-9a31-f3cea12ae85c', 'username': 'bigzebra317', 'password': 'cars', 'salt': 'W5yETyfP', 'md5': 'dedb9c7afdeee1e7d101f192c46b4c40', 'sha1': '3b0f73107bffc1a6618bd7c60e082016d5537a43', 'sha256': '6b2277d0b16a5e9e2f21afcff12efd6742a900e0797fc3a7375f453d4b75cd54'}, 'dob': {'date': '1989-09-16T08:18:13.996Z', 'age': 34}, 'registered': {'date': '2020-08-13T19:04:49.876Z', 'age': 3}, 'phone': '011-6853-772', 'cell': '067-0087-646', 'id': {'name': 'SID', 'value': '732465616'}, 'picture': {'large': 'https://randomuser.me/api/portraits/women/62.jpg', 'medium': 'https://randomuser.me/api/portraits/med/women/62.jpg', 'thumbnail': 'https://randomuser.me/api/portraits/thumb/women/62.jpg'}, 'nat': 'RS'}], 'info': {'seed': 'f8147d4859a58293', 'results': 1, 'page': 1, 'version': '1.4'}}</msg>
<arg>${json_data}</arg>
<doc>Logs the given message with the given level.</doc>
<status status="PASS" start="2024-07-05T21:14:25.912519" elapsed="0.000211"/>
</kw>
<kw name="Should Be String" owner="String">
<arg>${json_data['results'][0]['gender']}</arg>
<doc>Fails if the given ``item`` is not a string.</doc>
<status status="PASS" start="2024-07-05T21:14:25.913032" elapsed="0.000359"/>
</kw>
<kw name="Should Match Regexp" owner="BuiltIn">
<arg>${json_data['results'][0]['email']}</arg>
<arg>^[a-zA-Z0-9._%+-]+@[a-zA-Z0-9.-]+\.[a-zA-Z]{2,}$</arg>
<doc>Fails if ``string`` does not match ``pattern`` as a regular expression.</doc>
<status status="PASS" start="2024-07-05T21:14:25.913582" elapsed="0.000568"/>
</kw>
<kw name="Should Match Regexp" owner="BuiltIn">
<arg>${json_data['results'][0]['dob']['date']}</arg>
<arg>\\d{4}-\\d{2}-\\d{2}T\\d{2}:\\d{2}:\\d{2}\\.\\d{3}Z</arg>
<doc>Fails if ``string`` does not match ``pattern`` as a regular expression.</doc>
<status status="PASS" start="2024-07-05T21:14:25.914350" elapsed="0.000492"/>
</kw>
<kw name="Should Match Regexp" owner="BuiltIn">
<arg>${json_data['results'][0]['registered']['date']}</arg>
<arg>\\d{4}-\\d{2}-\\d{2}T\\d{2}:\\d{2}:\\d{2}\\.\\d{3}Z</arg>
<doc>Fails if ``string`` does not match ``pattern`` as a regular expression.</doc>
<status status="PASS" start="2024-07-05T21:14:25.915034" elapsed="0.000369"/>
</kw>
<kw name="Should Match Regexp" owner="BuiltIn">
<arg>${json_data['results'][0]['picture']['large']}</arg>
<arg>^https?://.*\.(?:png|jpe?g|gif|bmp)$</arg>
<doc>Fails if ``string`` does not match ``pattern`` as a regular expression.</doc>
<status status="PASS" start="2024-07-05T21:14:25.915588" elapsed="0.000469"/>
</kw>
<kw name="Should Match Regexp" owner="BuiltIn">
<arg>${json_data['results'][0]['picture']['medium']}</arg>
<arg>^https?://.*\.(?:png|jpe?g|gif|bmp)$</arg>
<doc>Fails if ``string`` does not match ``pattern`` as a regular expression.</doc>
<status status="PASS" start="2024-07-05T21:14:25.916242" elapsed="0.000383"/>
</kw>
<kw name="Should Match Regexp" owner="BuiltIn">
<arg>${json_data['results'][0]['picture']['thumbnail']}</arg>
<arg>^https?://.*\.(?:png|jpe?g|gif|bmp)$</arg>
<doc>Fails if ``string`` does not match ``pattern`` as a regular expression.</doc>
<status status="PASS" start="2024-07-05T21:14:25.916808" elapsed="0.000347"/>
</kw>
<kw name="Log" owner="BuiltIn">
<msg time="2024-07-05T21:14:25.917666" level="INFO">{'large': 'https://randomuser.me/api/portraits/women/62.jpg', 'medium': 'https://randomuser.me/api/portraits/med/women/62.jpg', 'thumbnail': 'https://randomuser.me/api/portraits/thumb/women/62.jpg'}</msg>
<arg>${json_data['results'][0]['picture']}</arg>
<doc>Logs the given message with the given level.</doc>
<status status="PASS" start="2024-07-05T21:14:25.917337" elapsed="0.000370"/>
</kw>
<status status="PASS" start="2024-07-05T21:14:25.819704" elapsed="0.098252"/>
</kw>
<kw name="Teste de Tipos de Dados - Postcode" owner="random-user-service">
<kw name="GET On Session" owner="RequestsLibrary">
<msg time="2024-07-05T21:14:26.013988" level="INFO">GET Request : url=https://randomuser.me/api 
 path_url=/api 
 headers={'User-Agent': 'python-requests/2.32.3', 'Accept-Encoding': 'gzip, deflate', 'Accept': '*/*', 'Connection': 'keep-alive'} 
 body=None 
 </msg>
<msg time="2024-07-05T21:14:26.014071" level="INFO">GET Response : url=https://randomuser.me/api 
 status=200, reason=OK 
 headers={'Date': 'Fri, 05 Jul 2024 21:14:26 GMT', 'Content-Type': 'application/json; charset=utf-8', 'Transfer-Encoding': 'chunked', 'Connection': 'keep-alive', 'X-Powered-By': 'Express', 'Access-Control-Allow-Origin': '*', 'Cache-Control': 'no-cache', 'ETag': 'W/"4a9-LjTEkDmwZnRpGq0UHN3QsrZ1bzQ"', 'Vary': 'Accept-Encoding', 'Content-Encoding': 'gzip', 'CF-Cache-Status': 'DYNAMIC', 'Report-To': '{"endpoints":[{"url":"https:\\/\\/a.nel.cloudflare.com\\/report\\/v4?s=BuOI5QsQfs0pkPHxDUgJr%2FCTkh%2Ff479XBahCNam80oSAVK6GAYaB9hMG14P%2BpiWRyR1oDf6sHITOSNoRFdFb0NtlqT4K9xf2qcFt%2BjxzUo3IBYnfHN3cJnfxKTsyBIdN"}],"group":"cf-nel","max_age":604800}', 'NEL': '{"success_fraction":0,"report_to":"cf-nel","max_age":604800}', 'Server': 'cloudflare', 'CF-RAY': '89ea5d5808eb7c83-LAX', 'alt-svc': 'h3=":443"; ma=86400'} 
 body={"results":[{"gender":"male","name":{"title":"Mr","first":"Enrique","last":"Puente"},"location":{"street":{"number":5743,"name":"Corredor Carreón"},"city":"Altotonga","state":"Veracruz","country":"Mexico","postcode":14672,"coordinates":{"latitude":"25.7983","longitude":"-157.8491"},"timezone":{"offset":"0:00","description":"Western Europe Time, London, Lisbon, Casablanca"}},"email":"enrique.puente@example.com","login":{"uuid":"4b7980e0-e081-493b-b3c8-e304affa20e6","username":"silverleopard934","password":"canyon","salt":"6cGfLpR8","md5":"9b57f1766b1133748423fc321bcf93bd","sha1":"4beacde7b371283ba20834636b36fd1283b64857","sha256":"13c784895310479488bb3732b37f15d3bb4aac724f5e8529738d25730c99e40b"},"dob":{"date":"1955-11-03T06:33:14.393Z","age":68},"registered":{"date":"2003-01-06T16:49:49.609Z","age":21},"phone":"(669) 961 0933","cell":"(626) 738 7912","id":{"name":"NSS","value":"23 58 48 9828 3"},"picture":{"large":"https://randomuser.me/api/portraits/men/27.jpg","medium":"https://randomuser.me/api/portraits/med/men/27.jpg","thumbnail":"https://randomuser.me/api/portraits/thumb/men/27.jpg"},"nat":"MX"}],"info":{"seed":"72c53145c1ff6a89","results":1,"page":1,"version":"1.4"}} 
 </msg>
<msg time="2024-07-05T21:14:26.014147" level="INFO">/opt/hostedtoolcache/Python/3.12.4/x64/lib/python3.12/site-packages/urllib3/connectionpool.py:1099: InsecureRequestWarning: Unverified HTTPS request is being made to host 'randomuser.me'. Adding certificate verification is strongly advised. See: https://urllib3.readthedocs.io/en/latest/advanced-usage.html#tls-warnings
  warnings.warn(</msg>
<msg time="2024-07-05T21:14:26.014286" level="INFO">${response} = &lt;Response [200]&gt;</msg>
<var>${response}</var>
<arg>consultarAPI</arg>
<arg>/api</arg>
<doc>Sends a GET request on a previously created HTTP Session.</doc>
<status status="PASS" start="2024-07-05T21:14:25.918380" elapsed="0.095963"/>
</kw>
<kw name="Set Variable" owner="BuiltIn">
<msg time="2024-07-05T21:14:26.015220" level="INFO">${json_data} = {'results': [{'gender': 'male', 'name': {'title': 'Mr', 'first': 'Enrique', 'last': 'Puente'}, 'location': {'street': {'number': 5743, 'name': 'Corredor Carreón'}, 'city': 'Altotonga', 'state': 'Verac...</msg>
<var>${json_data}</var>
<arg>${response.json()}</arg>
<doc>Returns the given values which can then be assigned to a variables.</doc>
<status status="PASS" start="2024-07-05T21:14:26.014780" elapsed="0.000469"/>
</kw>
<kw name="Log" owner="BuiltIn">
<msg time="2024-07-05T21:14:26.015704" level="INFO">{'results': [{'gender': 'male', 'name': {'title': 'Mr', 'first': 'Enrique', 'last': 'Puente'}, 'location': {'street': {'number': 5743, 'name': 'Corredor Carreón'}, 'city': 'Altotonga', 'state': 'Veracruz', 'country': 'Mexico', 'postcode': 14672, 'coordinates': {'latitude': '25.7983', 'longitude': '-157.8491'}, 'timezone': {'offset': '0:00', 'description': 'Western Europe Time, London, Lisbon, Casablanca'}}, 'email': 'enrique.puente@example.com', 'login': {'uuid': '4b7980e0-e081-493b-b3c8-e304affa20e6', 'username': 'silverleopard934', 'password': 'canyon', 'salt': '6cGfLpR8', 'md5': '9b57f1766b1133748423fc321bcf93bd', 'sha1': '4beacde7b371283ba20834636b36fd1283b64857', 'sha256': '13c784895310479488bb3732b37f15d3bb4aac724f5e8529738d25730c99e40b'}, 'dob': {'date': '1955-11-03T06:33:14.393Z', 'age': 68}, 'registered': {'date': '2003-01-06T16:49:49.609Z', 'age': 21}, 'phone': '(669) 961 0933', 'cell': '(626) 738 7912', 'id': {'name': 'NSS', 'value': '23 58 48 9828 3'}, 'picture': {'large': 'https://randomuser.me/api/portraits/men/27.jpg', 'medium': 'https://randomuser.me/api/portraits/med/men/27.jpg', 'thumbnail': 'https://randomuser.me/api/portraits/thumb/men/27.jpg'}, 'nat': 'MX'}], 'info': {'seed': '72c53145c1ff6a89', 'results': 1, 'page': 1, 'version': '1.4'}}</msg>
<arg>${json_data}</arg>
<doc>Logs the given message with the given level.</doc>
<status status="PASS" start="2024-07-05T21:14:26.015548" elapsed="0.000206"/>
</kw>
<kw name="Should Be Equal As Numbers" owner="BuiltIn">
<arg>${json_data['results'][0]['location']['postcode']}</arg>
<arg>${json_data['results'][0]['location']['postcode']}</arg>
<doc>Fails if objects are unequal after converting them to real numbers.</doc>
<status status="PASS" start="2024-07-05T21:14:26.016046" elapsed="0.000676"/>
</kw>
<kw name="Log" owner="BuiltIn">
<msg time="2024-07-05T21:14:26.017283" level="INFO">14672</msg>
<arg>${json_data['results'][0]['location']['postcode']}</arg>
<doc>Logs the given message with the given level.</doc>
<status status="PASS" start="2024-07-05T21:14:26.016912" elapsed="0.000412"/>
</kw>
<status status="PASS" start="2024-07-05T21:14:25.918165" elapsed="0.099407"/>
</kw>
<doc>Testa se os tipos de dados na resposta da API estão corretos.</doc>
<tag>testeTiposDados</tag>
<status status="PASS" start="2024-07-05T21:14:25.819164" elapsed="0.198564"/>
</test>
<test id="s1-s1-t5" name="Validar conteudo" line="35">
<kw name="Teste de Tipos de Conteudo" owner="random-user-service">
<kw name="GET On Session" owner="RequestsLibrary">
<msg time="2024-07-05T21:14:26.117190" level="INFO">GET Request : url=https://randomuser.me/api 
 path_url=/api 
 headers={'User-Agent': 'python-requests/2.32.3', 'Accept-Encoding': 'gzip, deflate', 'Accept': '*/*', 'Connection': 'keep-alive'} 
 body=None 
 </msg>
<msg time="2024-07-05T21:14:26.117290" level="INFO">GET Response : url=https://randomuser.me/api 
 status=200, reason=OK 
 headers={'Date': 'Fri, 05 Jul 2024 21:14:26 GMT', 'Content-Type': 'application/json; charset=utf-8', 'Transfer-Encoding': 'chunked', 'Connection': 'keep-alive', 'X-Powered-By': 'Express', 'Access-Control-Allow-Origin': '*', 'Cache-Control': 'no-cache', 'ETag': 'W/"484-UtdOlaq9AVxanPVVfUwdf/0UYqA"', 'Vary': 'Accept-Encoding', 'Content-Encoding': 'gzip', 'CF-Cache-Status': 'DYNAMIC', 'Report-To': '{"endpoints":[{"url":"https:\\/\\/a.nel.cloudflare.com\\/report\\/v4?s=FI%2Byh4vVBUh4bZOycclUicz8rJLYh07sMUH7DtFcsGK6830JTOE52CCzUjurrl9J%2Bag5N37J%2B7t0%2FnBoCGy1GTthiujczCPSgnEmCt3ubM83dDt5dCiySUqZoGtHNqdw"}],"group":"cf-nel","max_age":604800}', 'NEL': '{"success_fraction":0,"report_to":"cf-nel","max_age":604800}', 'Server': 'cloudflare', 'CF-RAY': '89ea5d58a99e7c83-LAX', 'alt-svc': 'h3=":443"; ma=86400'} 
 body={"results":[{"gender":"male","name":{"title":"Mr","first":"Tyrone","last":"Fisher"},"location":{"street":{"number":5831,"name":"Dame Street"},"city":"Cork","state":"Westmeath","country":"Ireland","postcode":44646,"coordinates":{"latitude":"-3.8466","longitude":"-4.7392"},"timezone":{"offset":"+10:00","description":"Eastern Australia, Guam, Vladivostok"}},"email":"tyrone.fisher@example.com","login":{"uuid":"f4e924e6-9c19-4279-a7ce-739f4fbf0aaf","username":"smallswan540","password":"hotboy","salt":"KWfIjDL5","md5":"97b84d9af8d80f548013c415db3898f5","sha1":"50230c540f00bd303ddad7ae57d25452e656e819","sha256":"a60d26770e0eb5ef1ac3f0b4a8c04aea8dcfbdc2ec26c8935047c4ebcc6e6a52"},"dob":{"date":"1958-04-06T14:36:16.298Z","age":66},"registered":{"date":"2013-10-19T00:33:02.637Z","age":10},"phone":"031-969-0669","cell":"081-153-4677","id":{"name":"PPS","value":"5754624T"},"picture":{"large":"https://randomuser.me/api/portraits/men/95.jpg","medium":"https://randomuser.me/api/portraits/med/men/95.jpg","thumbnail":"https://randomuser.me/api/portraits/thumb/men/95.jpg"},"nat":"IE"}],"info":{"seed":"fede2c47d4d80308","results":1,"page":1,"version":"1.4"}} 
 </msg>
<msg time="2024-07-05T21:14:26.117384" level="INFO">/opt/hostedtoolcache/Python/3.12.4/x64/lib/python3.12/site-packages/urllib3/connectionpool.py:1099: InsecureRequestWarning: Unverified HTTPS request is being made to host 'randomuser.me'. Adding certificate verification is strongly advised. See: https://urllib3.readthedocs.io/en/latest/advanced-usage.html#tls-warnings
  warnings.warn(</msg>
<msg time="2024-07-05T21:14:26.117508" level="INFO">${response} = &lt;Response [200]&gt;</msg>
<var>${response}</var>
<arg>consultarAPI</arg>
<arg>/api</arg>
<doc>Sends a GET request on a previously created HTTP Session.</doc>
<status status="PASS" start="2024-07-05T21:14:26.020816" elapsed="0.096741"/>
</kw>
<kw name="Set Variable" owner="BuiltIn">
<msg time="2024-07-05T21:14:26.118560" level="INFO">${json_data} = {'results': [{'gender': 'male', 'name': {'title': 'Mr', 'first': 'Tyrone', 'last': 'Fisher'}, 'location': {'street': {'number': 5831, 'name': 'Dame Street'}, 'city': 'Cork', 'state': 'Westmeath', 'cou...</msg>
<var>${json_data}</var>
<arg>${response.json()}</arg>
<doc>Returns the given values which can then be assigned to a variables.</doc>
<status status="PASS" start="2024-07-05T21:14:26.118075" elapsed="0.000513"/>
</kw>
<kw name="Set Variable" owner="BuiltIn">
<msg time="2024-07-05T21:14:26.119261" level="INFO">${name_title} = Mr</msg>
<var>${name_title}</var>
<arg>${json_data["results"][0]["name"]["title"]}</arg>
<doc>Returns the given values which can then be assigned to a variables.</doc>
<status status="PASS" start="2024-07-05T21:14:26.118887" elapsed="0.000399"/>
</kw>
<kw name="Create List" owner="BuiltIn">
<msg time="2024-07-05T21:14:26.119730" level="INFO">${allowed_titles} = ['Mr', 'Ms', 'Miss', 'Mrs', 'Madame', 'Monsieur']</msg>
<var>${allowed_titles}</var>
<arg>Mr</arg>
<arg>Ms</arg>
<arg>Miss</arg>
<arg>Mrs</arg>
<arg>Madame</arg>
<arg>Monsieur</arg>
<doc>Returns a list containing given items.</doc>
<status status="PASS" start="2024-07-05T21:14:26.119580" elapsed="0.000174"/>
</kw>
<kw name="List Should Contain Value" owner="Collections">
<arg>${allowed_titles}</arg>
<arg>${name_title}</arg>
<doc>Fails if the ``value`` is not found from ``list``.</doc>
<status status="PASS" start="2024-07-05T21:14:26.120051" elapsed="0.000175"/>
</kw>
<kw name="Set Variable" owner="BuiltIn">
<msg time="2024-07-05T21:14:26.120854" level="INFO">${name_country} = IE</msg>
<var>${name_country}</var>
<arg>${json_data["results"][0]["nat"]}</arg>
<doc>Returns the given values which can then be assigned to a variables.</doc>
<status status="PASS" start="2024-07-05T21:14:26.120444" elapsed="0.000446"/>
</kw>
<kw name="Create List" owner="BuiltIn">
<msg time="2024-07-05T21:14:26.121794" level="INFO">${list_country} = ['AD', 'AE', 'AF', 'AG', 'AI', 'AL', 'AM', 'AO', 'AQ', 'AR', 'AS', 'AT', 'AU', 'AW', 'AX', 'AZ', 'BA', 'BB', 'BD', 'BE', 'BF', 'BG', 'BH', 'BI', 'BJ', 'BL', 'BM', 'BN', 'BO', 'BQ', 'BR', 'BS', 'BT', '...</msg>
<var>${list_country}</var>
<arg>AD</arg>
<arg>AE</arg>
<arg>AF</arg>
<arg>AG</arg>
<arg>AI</arg>
<arg>AL</arg>
<arg>AM</arg>
<arg>AO</arg>
<arg>AQ</arg>
<arg>AR</arg>
<arg>AS</arg>
<arg>AT</arg>
<arg>AU</arg>
<arg>AW</arg>
<arg>AX</arg>
<arg>AZ</arg>
<arg>BA</arg>
<arg>BB</arg>
<arg>BD</arg>
<arg>BE</arg>
<arg>BF</arg>
<arg>BG</arg>
<arg>BH</arg>
<arg>BI</arg>
<arg>BJ</arg>
<arg>BL</arg>
<arg>BM</arg>
<arg>BN</arg>
<arg>BO</arg>
<arg>BQ</arg>
<arg>BR</arg>
<arg>BS</arg>
<arg>BT</arg>
<arg>BV</arg>
<arg>BW</arg>
<arg>BY</arg>
<arg>BZ</arg>
<arg>CA</arg>
<arg>CC</arg>
<arg>CD</arg>
<arg>CF</arg>
<arg>CG</arg>
<arg>CH</arg>
<arg>CI</arg>
<arg>CK</arg>
<arg>CL</arg>
<arg>CM</arg>
<arg>CN</arg>
<arg>CO</arg>
<arg>CR</arg>
<arg>CU</arg>
<arg>CV</arg>
<arg>CW</arg>
<arg>CX</arg>
<arg>CY</arg>
<arg>CZ</arg>
<arg>DE</arg>
<arg>DJ</arg>
<arg>DK</arg>
<arg>DM</arg>
<arg>DO</arg>
<arg>DZ</arg>
<arg>EC</arg>
<arg>EE</arg>
<arg>EG</arg>
<arg>EH</arg>
<arg>ER</arg>
<arg>ES</arg>
<arg>ET</arg>
<arg>FI</arg>
<arg>FJ</arg>
<arg>FK</arg>
<arg>FM</arg>
<arg>FO</arg>
<arg>FR</arg>
<arg>GA</arg>
<arg>GB</arg>
<arg>GD</arg>
<arg>GE</arg>
<arg>GF</arg>
<arg>GG</arg>
<arg>GH</arg>
<arg>GI</arg>
<arg>GL</arg>
<arg>GM</arg>
<arg>GN</arg>
<arg>GP</arg>
<arg>GQ</arg>
<arg>GR</arg>
<arg>GS</arg>
<arg>GT</arg>
<arg>GU</arg>
<arg>GW</arg>
<arg>GY</arg>
<arg>HK</arg>
<arg>HM</arg>
<arg>HN</arg>
<arg>HR</arg>
<arg>HT</arg>
<arg>HU</arg>
<arg>ID</arg>
<arg>IE</arg>
<arg>IL</arg>
<arg>IM</arg>
<arg>IN</arg>
<arg>IO</arg>
<arg>IQ</arg>
<arg>IR</arg>
<arg>IS</arg>
<arg>IT</arg>
<arg>JE</arg>
<arg>JM</arg>
<arg>JO</arg>
<arg>JP</arg>
<arg>KE</arg>
<arg>KG</arg>
<arg>KH</arg>
<arg>KI</arg>
<arg>KM</arg>
<arg>KN</arg>
<arg>KP</arg>
<arg>KR</arg>
<arg>KW</arg>
<arg>KY</arg>
<arg>KZ</arg>
<arg>LA</arg>
<arg>LB</arg>
<arg>LC</arg>
<arg>LI</arg>
<arg>LK</arg>
<arg>LR</arg>
<arg>LS</arg>
<arg>LT</arg>
<arg>LU</arg>
<arg>LV</arg>
<arg>LY</arg>
<arg>MA</arg>
<arg>MC</arg>
<arg>MD</arg>
<arg>ME</arg>
<arg>MF</arg>
<arg>MG</arg>
<arg>MH</arg>
<arg>MK</arg>
<arg>ML</arg>
<arg>MM</arg>
<arg>MN</arg>
<arg>MO</arg>
<arg>MP</arg>
<arg>MQ</arg>
<arg>MR</arg>
<arg>MS</arg>
<arg>MT</arg>
<arg>MU</arg>
<arg>MV</arg>
<arg>MW</arg>
<arg>MX</arg>
<arg>MY</arg>
<arg>MZ</arg>
<arg>NA</arg>
<arg>NC</arg>
<arg>NE</arg>
<arg>NF</arg>
<arg>NG</arg>
<arg>NI</arg>
<arg>NL</arg>
<arg>NO</arg>
<arg>NP</arg>
<arg>NR</arg>
<arg>NU</arg>
<arg>NZ</arg>
<arg>OM</arg>
<arg>PA</arg>
<arg>PE</arg>
<arg>PF</arg>
<arg>PG</arg>
<arg>PH</arg>
<arg>PK</arg>
<arg>PL</arg>
<arg>PM</arg>
<arg>PN</arg>
<arg>PR</arg>
<arg>PS</arg>
<arg>PT</arg>
<arg>PW</arg>
<arg>PY</arg>
<arg>QA</arg>
<arg>RE</arg>
<arg>RO</arg>
<arg>RS</arg>
<arg>RU</arg>
<arg>RW</arg>
<arg>SA</arg>
<arg>SB</arg>
<arg>SC</arg>
<arg>SD</arg>
<arg>SE</arg>
<arg>SG</arg>
<arg>SH</arg>
<arg>SI</arg>
<arg>SJ</arg>
<arg>SK</arg>
<arg>SL</arg>
<arg>SM</arg>
<arg>SN</arg>
<arg>SO</arg>
<arg>SR</arg>
<arg>SS</arg>
<arg>ST</arg>
<arg>SV</arg>
<arg>SX</arg>
<arg>SY</arg>
<arg>SZ</arg>
<arg>TC</arg>
<arg>TD</arg>
<arg>TF</arg>
<arg>TG</arg>
<arg>TH</arg>
<arg>TJ</arg>
<arg>TK</arg>
<arg>TL</arg>
<arg>TM</arg>
<arg>TN</arg>
<arg>TO</arg>
<arg>TR</arg>
<arg>TT</arg>
<arg>TV</arg>
<arg>TW</arg>
<arg>TZ</arg>
<arg>UA</arg>
<arg>UG</arg>
<arg>UM</arg>
<arg>US</arg>
<arg>UY</arg>
<arg>UZ</arg>
<arg>VA</arg>
<arg>VC</arg>
<arg>VE</arg>
<arg>VG</arg>
<arg>VI</arg>
<arg>VN</arg>
<arg>VU</arg>
<arg>WF</arg>
<arg>WS</arg>
<arg>XK</arg>
<arg>YE</arg>
<arg>YT</arg>
<arg>ZA</arg>
<arg>ZM</arg>
<arg>ZW</arg>
<doc>Returns a list containing given items.</doc>
<status status="PASS" start="2024-07-05T21:14:26.121195" elapsed="0.000625"/>
</kw>
<kw name="List Should Contain Value" owner="Collections">
<arg>${list_country}</arg>
<arg>${name_country}</arg>
<doc>Fails if the ``value`` is not found from ``list``.</doc>
<status status="PASS" start="2024-07-05T21:14:26.122606" elapsed="0.000201"/>
</kw>
<kw name="Run Keyword If" owner="BuiltIn">
<kw name="Should Be True" owner="BuiltIn">
<arg>${True}</arg>
<doc>Fails if the given condition is not true.</doc>
<status status="PASS" start="2024-07-05T21:14:26.123734" elapsed="0.000141"/>
</kw>
<arg>${json_data["results"][0]["location"]["coordinates"]["latitude"]} &gt;= -90 and ${json_data["results"][0]["location"]["coordinates"]["latitude"]} &lt;= 90</arg>
<arg>Should Be True</arg>
<arg>${True}</arg>
<doc>Runs the given keyword with the given arguments, if ``condition`` is true.</doc>
<status status="PASS" start="2024-07-05T21:14:26.122997" elapsed="0.001001"/>
</kw>
<kw name="Run Keyword If" owner="BuiltIn">
<kw name="Should Be True" owner="BuiltIn">
<arg>${True}</arg>
<doc>Fails if the given condition is not true.</doc>
<status status="PASS" start="2024-07-05T21:14:26.124877" elapsed="0.000134"/>
</kw>
<arg>${json_data["results"][0]["location"]["coordinates"]["longitude"]} &gt;= -180 and ${json_data["results"][0]["location"]["coordinates"]["longitude"]} &lt;= 180</arg>
<arg>Should Be True</arg>
<arg>${True}</arg>
<doc>Runs the given keyword with the given arguments, if ``condition`` is true.</doc>
<status status="PASS" start="2024-07-05T21:14:26.124176" elapsed="0.000954"/>
</kw>
<status status="PASS" start="2024-07-05T21:14:26.020223" elapsed="0.105037"/>
</kw>
<doc>Testa o conteúdo específico dos campos retornados pela API.</doc>
<tag>testeConteudo</tag>
<status status="PASS" start="2024-07-05T21:14:26.019560" elapsed="0.105851"/>
</test>
<status status="PASS" start="2024-07-05T21:14:25.203388" elapsed="0.923997"/>
</suite>
<status status="PASS" start="2024-07-05T21:14:25.189333" elapsed="0.943223"/>
</suite>
<statistics>
<total>
<stat pass="5" fail="0" skip="0">All Tests</stat>
</total>
<tag>
<stat pass="1" fail="0" skip="0">testeConteudo</stat>
<stat pass="1" fail="0" skip="0">testeEstruturaResposta</stat>
<stat pass="1" fail="0" skip="0">testeRequisicaoBasica</stat>
<stat pass="1" fail="0" skip="0">testeTiposDados</stat>
</tag>
<suite>
<stat pass="5" fail="0" skip="0" id="s1" name="Tests">Tests</stat>
<stat pass="5" fail="0" skip="0" id="s1-s1" name="Random-User-Test">Tests.Random-User-Test</stat>
</suite>
</statistics>
<errors>
</errors>
</robot>
