<?xml version="1.0" encoding="UTF-8"?>
<robot generator="Robot 7.0 (Python 3.12.2 on linux)" generated="2024-04-10T05:12:57.642578" rpa="false" schemaversion="5">
<suite id="s1" name="Tests" source="/home/runner/work/DesafioQAItauRogerioJordao/DesafioQAItauRogerioJordao/RamdonUser/tests">
<suite id="s1-s1" name="Random-User-Test" source="/home/runner/work/DesafioQAItauRogerioJordao/DesafioQAItauRogerioJordao/RamdonUser/tests/random-user-test.robot">
<test id="s1-s1-t1" name="Conectar" line="13">
<kw name="Conectar API" owner="random-user-service">
<kw name="Create Session" owner="RequestsLibrary">
<msg time="2024-04-10T05:12:57.992036" level="INFO">Creating Session using : alias=consultarAPI, url=https://randomuser.me/, headers={},                     cookies={}, auth=None, timeout=None, proxies=None, verify=False,                     debug=0 </msg>
<arg>consultarAPI</arg>
<arg>${URL}</arg>
<doc>Create Session: create a HTTP session to a server</doc>
<status status="PASS" start="2024-04-10T05:12:57.991836" elapsed="0.000375"/>
</kw>
<status status="PASS" start="2024-04-10T05:12:57.990818" elapsed="0.001756"/>
</kw>
<status status="PASS" start="2024-04-10T05:12:57.990220" elapsed="0.002565"/>
</test>
<test id="s1-s1-t2" name="Validar retorno 200 e JSON Válido" line="16">
<kw name="Teste de Requisicao Basica" owner="random-user-service">
<kw name="GET On Session" owner="RequestsLibrary">
<msg time="2024-04-10T05:12:58.062254" level="INFO">GET Request : url=https://randomuser.me/api 
 path_url=/api 
 headers={'User-Agent': 'python-requests/2.31.0', 'Accept-Encoding': 'gzip, deflate', 'Accept': '*/*', 'Connection': 'keep-alive'} 
 body=None 
 </msg>
<msg time="2024-04-10T05:12:58.062373" level="INFO">GET Response : url=https://randomuser.me/api 
 status=200, reason=OK 
 headers={'Date': 'Wed, 10 Apr 2024 05:12:58 GMT', 'Content-Type': 'application/json; charset=utf-8', 'Transfer-Encoding': 'chunked', 'Connection': 'keep-alive', 'X-Powered-By': 'Express', 'Access-Control-Allow-Origin': '*', 'Cache-Control': 'no-cache', 'ETag': 'W/"483-CpClZLubS54RaPWIabcNO080z0A"', 'Vary': 'Accept-Encoding', 'Content-Encoding': 'gzip', 'CF-Cache-Status': 'DYNAMIC', 'Report-To': '{"endpoints":[{"url":"https:\\/\\/a.nel.cloudflare.com\\/report\\/v4?s=JtDU39M9kn2znwm6fkwztYSylsT3az2vY0RY%2FN2BtgJnZM1OBwnzdUdtZWJnUcslMHA0JQrKVnQDALVHAkFc9f95bkYy5RIaPYq6D98d6Z5mMP5uSFG1BH2X6rXP6TTF"}],"group":"cf-nel","max_age":604800}', 'NEL': '{"success_fraction":0,"report_to":"cf-nel","max_age":604800}', 'Server': 'cloudflare', 'CF-RAY': '87203eb2bf48582a-IAD', 'alt-svc': 'h3=":443"; ma=86400'} 
 body={"results":[{"gender":"male","name":{"title":"Mr","first":"Alfred","last":"Butz"},"location":{"street":{"number":3334,"name":"Am Bahnhof"},"city":"Hirschau","state":"Brandenburg","country":"Germany","postcode":29380,"coordinates":{"latitude":"-48.3057","longitude":"-172.0133"},"timezone":{"offset":"-1:00","description":"Azores, Cape Verde Islands"}},"email":"alfred.butz@example.com","login":{"uuid":"01650633-8151-44f4-a53f-701b6119fcd1","username":"bluewolf532","password":"elite","salt":"Igver0rA","md5":"2747301a1a2b500017acefff5efec43d","sha1":"961f0486ab30fca4e51c800152e82364808bff03","sha256":"4f6d595054722d3abe40267d4a4e6e7018ce3c66e917191a11fa5f4ee546da51"},"dob":{"date":"1946-09-27T14:21:42.931Z","age":77},"registered":{"date":"2004-06-02T06:41:10.256Z","age":19},"phone":"0410-5978172","cell":"0170-0664249","id":{"name":"SVNR","value":"78 270946 B 450"},"picture":{"large":"https://randomuser.me/api/portraits/men/70.jpg","medium":"https://randomuser.me/api/portraits/med/men/70.jpg","thumbnail":"https://randomuser.me/api/portraits/thumb/men/70.jpg"},"nat":"DE"}],"info":{"seed":"4dd244e639d4a4da","results":1,"page":1,"version":"1.4"}} 
 </msg>
<msg time="2024-04-10T05:12:58.062448" level="INFO">/opt/hostedtoolcache/Python/3.12.2/x64/lib/python3.12/site-packages/urllib3/connectionpool.py:1103: InsecureRequestWarning: Unverified HTTPS request is being made to host 'randomuser.me'. Adding certificate verification is strongly advised. See: https://urllib3.readthedocs.io/en/latest/advanced-usage.html#tls-warnings
  warnings.warn(</msg>
<msg time="2024-04-10T05:12:58.062582" level="INFO">${response} = &lt;Response [200]&gt;</msg>
<var>${response}</var>
<arg>consultarAPI</arg>
<arg>/api</arg>
<doc>Sends a GET request on a previously created HTTP Session.</doc>
<status status="PASS" start="2024-04-10T05:12:57.995527" elapsed="0.067097"/>
</kw>
<kw name="Should Be Equal As Numbers" owner="BuiltIn">
<msg time="2024-04-10T05:12:58.063659" level="INFO">Argument types are:
&lt;class 'int'&gt;
&lt;class 'str'&gt;</msg>
<arg>${response.status_code}</arg>
<arg>200</arg>
<doc>Fails if objects are unequal after converting them to real numbers.</doc>
<status status="PASS" start="2024-04-10T05:12:58.063180" elapsed="0.000545"/>
</kw>
<kw name="Log" owner="BuiltIn">
<msg time="2024-04-10T05:12:58.064431" level="INFO">200</msg>
<arg>${response.status_code}</arg>
<doc>Logs the given message with the given level.</doc>
<status status="PASS" start="2024-04-10T05:12:58.064067" elapsed="0.000408"/>
</kw>
<kw name="Set Variable" owner="BuiltIn">
<msg time="2024-04-10T05:12:58.065277" level="INFO">${json_data} = {'results': [{'gender': 'male', 'name': {'title': 'Mr', 'first': 'Alfred', 'last': 'Butz'}, 'location': {'street': {'number': 3334, 'name': 'Am Bahnhof'}, 'city': 'Hirschau', 'state': 'Brandenburg', '...</msg>
<var>${json_data}</var>
<arg>${response.json()}</arg>
<doc>Returns the given values which can then be assigned to a variables.</doc>
<status status="PASS" start="2024-04-10T05:12:58.064796" elapsed="0.000510"/>
</kw>
<kw name="Dictionary Should Contain Key" owner="Collections">
<msg time="2024-04-10T05:12:58.065786" level="INFO">False</msg>
<arg>${json_data}</arg>
<arg>results</arg>
<doc>Fails if ``key`` is not found from ``dictionary``.</doc>
<status status="PASS" start="2024-04-10T05:12:58.065615" elapsed="0.000210"/>
</kw>
<status status="PASS" start="2024-04-10T05:12:57.995269" elapsed="0.070813"/>
</kw>
<doc>Testa se a API responde corretamente e retorna um objeto JSON válido.</doc>
<tag>testeRequisicaoBasica</tag>
<status status="PASS" start="2024-04-10T05:12:57.994714" elapsed="0.071551"/>
</test>
<test id="s1-s1-t3" name="Validar estrutura de resposta" line="22">
<kw name="Teste de Estrutura de Resposta" owner="random-user-service">
<kw name="GET On Session" owner="RequestsLibrary">
<msg time="2024-04-10T05:12:58.217968" level="INFO">GET Request : url=https://randomuser.me/api 
 path_url=/api 
 headers={'User-Agent': 'python-requests/2.31.0', 'Accept-Encoding': 'gzip, deflate', 'Accept': '*/*', 'Connection': 'keep-alive'} 
 body=None 
 </msg>
<msg time="2024-04-10T05:12:58.218084" level="INFO">GET Response : url=https://randomuser.me/api 
 status=200, reason=OK 
 headers={'Date': 'Wed, 10 Apr 2024 05:12:58 GMT', 'Content-Type': 'application/json; charset=utf-8', 'Transfer-Encoding': 'chunked', 'Connection': 'keep-alive', 'X-Powered-By': 'Express', 'Access-Control-Allow-Origin': '*', 'Cache-Control': 'no-cache', 'ETag': 'W/"478-Bm9/DQTVyzNFR59CpIClx66I1xo"', 'Vary': 'Accept-Encoding', 'Content-Encoding': 'gzip', 'CF-Cache-Status': 'DYNAMIC', 'Report-To': '{"endpoints":[{"url":"https:\\/\\/a.nel.cloudflare.com\\/report\\/v4?s=6Yu0U3XCwxAKTCEM%2Fn8RNyTXiCrlE4129DlqZGHYq3JdTHyxOGDT5VHAuupvTh1vJZQ9SauIBQBWpxMqxaTAtnaKQSoGy6NaPCMsI5chjsbduhUT5cvR%2BoAlBE6QCIFn"}],"group":"cf-nel","max_age":604800}', 'NEL': '{"success_fraction":0,"report_to":"cf-nel","max_age":604800}', 'Server': 'cloudflare', 'CF-RAY': '87203eb2ff6b582a-IAD', 'alt-svc': 'h3=":443"; ma=86400'} 
 body={"results":[{"gender":"female","name":{"title":"Mrs","first":"Mia","last":"Hall"},"location":{"street":{"number":4359,"name":"Strand Road"},"city":"Wicklow","state":"Limerick","country":"Ireland","postcode":59492,"coordinates":{"latitude":"4.2473","longitude":"82.7787"},"timezone":{"offset":"+7:00","description":"Bangkok, Hanoi, Jakarta"}},"email":"mia.hall@example.com","login":{"uuid":"b57d6cf8-811f-4d4a-8722-5dc9882a01d4","username":"blackgoose855","password":"bigjohn","salt":"ef7YqOtB","md5":"ab1078938462f567b426ed3ff4de252e","sha1":"352e3f213c7121c1aa9d2a0b16bdbba7ac28a622","sha256":"047df1fe39fb2fea6112c135535dc6edb42c84c0f92c811a9dd17f8f55d861fa"},"dob":{"date":"1988-05-29T14:55:43.054Z","age":35},"registered":{"date":"2013-11-12T00:34:53.601Z","age":10},"phone":"041-160-0829","cell":"081-720-2449","id":{"name":"PPS","value":"1955848T"},"picture":{"large":"https://randomuser.me/api/portraits/women/50.jpg","medium":"https://randomuser.me/api/portraits/med/women/50.jpg","thumbnail":"https://randomuser.me/api/portraits/thumb/women/50.jpg"},"nat":"IE"}],"info":{"seed":"60c268ec2a9d5b09","results":1,"page":1,"version":"1.4"}} 
 </msg>
<msg time="2024-04-10T05:12:58.218247" level="INFO">/opt/hostedtoolcache/Python/3.12.2/x64/lib/python3.12/site-packages/urllib3/connectionpool.py:1103: InsecureRequestWarning: Unverified HTTPS request is being made to host 'randomuser.me'. Adding certificate verification is strongly advised. See: https://urllib3.readthedocs.io/en/latest/advanced-usage.html#tls-warnings
  warnings.warn(</msg>
<msg time="2024-04-10T05:12:58.218374" level="INFO">${response} = &lt;Response [200]&gt;</msg>
<var>${response}</var>
<arg>consultarAPI</arg>
<arg>/api</arg>
<doc>Sends a GET request on a previously created HTTP Session.</doc>
<status status="PASS" start="2024-04-10T05:12:58.069483" elapsed="0.148952"/>
</kw>
<kw name="Set Variable" owner="BuiltIn">
<msg time="2024-04-10T05:12:58.219485" level="INFO">${json_data} = {'results': [{'gender': 'female', 'name': {'title': 'Mrs', 'first': 'Mia', 'last': 'Hall'}, 'location': {'street': {'number': 4359, 'name': 'Strand Road'}, 'city': 'Wicklow', 'state': 'Limerick', 'cou...</msg>
<var>${json_data}</var>
<arg>${response.json()}</arg>
<doc>Returns the given values which can then be assigned to a variables.</doc>
<status status="PASS" start="2024-04-10T05:12:58.218942" elapsed="0.000574"/>
</kw>
<kw name="Log" owner="BuiltIn">
<msg time="2024-04-10T05:12:58.220029" level="INFO">{'results': [{'gender': 'female', 'name': {'title': 'Mrs', 'first': 'Mia', 'last': 'Hall'}, 'location': {'street': {'number': 4359, 'name': 'Strand Road'}, 'city': 'Wicklow', 'state': 'Limerick', 'country': 'Ireland', 'postcode': 59492, 'coordinates': {'latitude': '4.2473', 'longitude': '82.7787'}, 'timezone': {'offset': '+7:00', 'description': 'Bangkok, Hanoi, Jakarta'}}, 'email': 'mia.hall@example.com', 'login': {'uuid': 'b57d6cf8-811f-4d4a-8722-5dc9882a01d4', 'username': 'blackgoose855', 'password': 'bigjohn', 'salt': 'ef7YqOtB', 'md5': 'ab1078938462f567b426ed3ff4de252e', 'sha1': '352e3f213c7121c1aa9d2a0b16bdbba7ac28a622', 'sha256': '047df1fe39fb2fea6112c135535dc6edb42c84c0f92c811a9dd17f8f55d861fa'}, 'dob': {'date': '1988-05-29T14:55:43.054Z', 'age': 35}, 'registered': {'date': '2013-11-12T00:34:53.601Z', 'age': 10}, 'phone': '041-160-0829', 'cell': '081-720-2449', 'id': {'name': 'PPS', 'value': '1955848T'}, 'picture': {'large': 'https://randomuser.me/api/portraits/women/50.jpg', 'medium': 'https://randomuser.me/api/portraits/med/women/50.jpg', 'thumbnail': 'https://randomuser.me/api/portraits/thumb/women/50.jpg'}, 'nat': 'IE'}], 'info': {'seed': '60c268ec2a9d5b09', 'results': 1, 'page': 1, 'version': '1.4'}}</msg>
<arg>${json_data}</arg>
<doc>Logs the given message with the given level.</doc>
<status status="PASS" start="2024-04-10T05:12:58.219859" elapsed="0.000220"/>
</kw>
<kw name="Dictionary Should Contain Key" owner="Collections">
<msg time="2024-04-10T05:12:58.220555" level="INFO">False</msg>
<arg>${json_data}</arg>
<arg>results</arg>
<doc>Fails if ``key`` is not found from ``dictionary``.</doc>
<status status="PASS" start="2024-04-10T05:12:58.220390" elapsed="0.000204"/>
</kw>
<kw name="Should Not Be Empty" owner="BuiltIn">
<msg time="2024-04-10T05:12:58.221039" level="INFO">Length is 2.</msg>
<arg>${json_data}</arg>
<doc>Verifies that the given item is not empty.</doc>
<status status="PASS" start="2024-04-10T05:12:58.220901" elapsed="0.000219"/>
</kw>
<kw name="Create List" owner="BuiltIn">
<msg time="2024-04-10T05:12:58.221594" level="INFO">${expected_keys} = ['gender', 'name', 'location', 'email', 'login']</msg>
<var>${expected_keys}</var>
<arg>gender</arg>
<arg>name</arg>
<arg>location</arg>
<arg>email</arg>
<arg>login</arg>
<doc>Returns a list containing given items.</doc>
<status status="PASS" start="2024-04-10T05:12:58.221441" elapsed="0.000178"/>
</kw>
<for flavor="IN">
<iter>
<kw name="Dictionary Should Contain Key" owner="Collections">
<msg time="2024-04-10T05:12:58.222645" level="INFO">False</msg>
<arg>${json_data['results'][0]}</arg>
<arg>${key}</arg>
<doc>Fails if ``key`` is not found from ``dictionary``.</doc>
<status status="PASS" start="2024-04-10T05:12:58.222214" elapsed="0.000472"/>
</kw>
<kw name="Log" owner="BuiltIn">
<msg time="2024-04-10T05:12:58.223377" level="INFO">{'gender': 'female', 'name': {'title': 'Mrs', 'first': 'Mia', 'last': 'Hall'}, 'location': {'street': {'number': 4359, 'name': 'Strand Road'}, 'city': 'Wicklow', 'state': 'Limerick', 'country': 'Ireland', 'postcode': 59492, 'coordinates': {'latitude': '4.2473', 'longitude': '82.7787'}, 'timezone': {'offset': '+7:00', 'description': 'Bangkok, Hanoi, Jakarta'}}, 'email': 'mia.hall@example.com', 'login': {'uuid': 'b57d6cf8-811f-4d4a-8722-5dc9882a01d4', 'username': 'blackgoose855', 'password': 'bigjohn', 'salt': 'ef7YqOtB', 'md5': 'ab1078938462f567b426ed3ff4de252e', 'sha1': '352e3f213c7121c1aa9d2a0b16bdbba7ac28a622', 'sha256': '047df1fe39fb2fea6112c135535dc6edb42c84c0f92c811a9dd17f8f55d861fa'}, 'dob': {'date': '1988-05-29T14:55:43.054Z', 'age': 35}, 'registered': {'date': '2013-11-12T00:34:53.601Z', 'age': 10}, 'phone': '041-160-0829', 'cell': '081-720-2449', 'id': {'name': 'PPS', 'value': '1955848T'}, 'picture': {'large': 'https://randomuser.me/api/portraits/women/50.jpg', 'medium': 'https://randomuser.me/api/portraits/med/women/50.jpg', 'thumbnail': 'https://randomuser.me/api/portraits/thumb/women/50.jpg'}, 'nat': 'IE'}</msg>
<arg>${json_data['results'][0]}</arg>
<doc>Logs the given message with the given level.</doc>
<status status="PASS" start="2024-04-10T05:12:58.223002" elapsed="0.000430"/>
</kw>
<kw name="Log" owner="BuiltIn">
<msg time="2024-04-10T05:12:58.223871" level="INFO">gender</msg>
<arg>${key}</arg>
<doc>Logs the given message with the given level.</doc>
<status status="PASS" start="2024-04-10T05:12:58.223738" elapsed="0.000172"/>
</kw>
<var name="${key}">gender</var>
<status status="PASS" start="2024-04-10T05:12:58.222085" elapsed="0.002059"/>
</iter>
<iter>
<kw name="Dictionary Should Contain Key" owner="Collections">
<msg time="2024-04-10T05:12:58.224868" level="INFO">False</msg>
<arg>${json_data['results'][0]}</arg>
<arg>${key}</arg>
<doc>Fails if ``key`` is not found from ``dictionary``.</doc>
<status status="PASS" start="2024-04-10T05:12:58.224462" elapsed="0.000444"/>
</kw>
<kw name="Log" owner="BuiltIn">
<msg time="2024-04-10T05:12:58.225636" level="INFO">{'gender': 'female', 'name': {'title': 'Mrs', 'first': 'Mia', 'last': 'Hall'}, 'location': {'street': {'number': 4359, 'name': 'Strand Road'}, 'city': 'Wicklow', 'state': 'Limerick', 'country': 'Ireland', 'postcode': 59492, 'coordinates': {'latitude': '4.2473', 'longitude': '82.7787'}, 'timezone': {'offset': '+7:00', 'description': 'Bangkok, Hanoi, Jakarta'}}, 'email': 'mia.hall@example.com', 'login': {'uuid': 'b57d6cf8-811f-4d4a-8722-5dc9882a01d4', 'username': 'blackgoose855', 'password': 'bigjohn', 'salt': 'ef7YqOtB', 'md5': 'ab1078938462f567b426ed3ff4de252e', 'sha1': '352e3f213c7121c1aa9d2a0b16bdbba7ac28a622', 'sha256': '047df1fe39fb2fea6112c135535dc6edb42c84c0f92c811a9dd17f8f55d861fa'}, 'dob': {'date': '1988-05-29T14:55:43.054Z', 'age': 35}, 'registered': {'date': '2013-11-12T00:34:53.601Z', 'age': 10}, 'phone': '041-160-0829', 'cell': '081-720-2449', 'id': {'name': 'PPS', 'value': '1955848T'}, 'picture': {'large': 'https://randomuser.me/api/portraits/women/50.jpg', 'medium': 'https://randomuser.me/api/portraits/med/women/50.jpg', 'thumbnail': 'https://randomuser.me/api/portraits/thumb/women/50.jpg'}, 'nat': 'IE'}</msg>
<arg>${json_data['results'][0]}</arg>
<doc>Logs the given message with the given level.</doc>
<status status="PASS" start="2024-04-10T05:12:58.225266" elapsed="0.000419"/>
</kw>
<kw name="Log" owner="BuiltIn">
<msg time="2024-04-10T05:12:58.226119" level="INFO">name</msg>
<arg>${key}</arg>
<doc>Logs the given message with the given level.</doc>
<status status="PASS" start="2024-04-10T05:12:58.225989" elapsed="0.000168"/>
</kw>
<var name="${key}">name</var>
<status status="PASS" start="2024-04-10T05:12:58.224343" elapsed="0.002032"/>
</iter>
<iter>
<kw name="Dictionary Should Contain Key" owner="Collections">
<msg time="2024-04-10T05:12:58.227055" level="INFO">False</msg>
<arg>${json_data['results'][0]}</arg>
<arg>${key}</arg>
<doc>Fails if ``key`` is not found from ``dictionary``.</doc>
<status status="PASS" start="2024-04-10T05:12:58.226673" elapsed="0.000427"/>
</kw>
<kw name="Log" owner="BuiltIn">
<msg time="2024-04-10T05:12:58.227777" level="INFO">{'gender': 'female', 'name': {'title': 'Mrs', 'first': 'Mia', 'last': 'Hall'}, 'location': {'street': {'number': 4359, 'name': 'Strand Road'}, 'city': 'Wicklow', 'state': 'Limerick', 'country': 'Ireland', 'postcode': 59492, 'coordinates': {'latitude': '4.2473', 'longitude': '82.7787'}, 'timezone': {'offset': '+7:00', 'description': 'Bangkok, Hanoi, Jakarta'}}, 'email': 'mia.hall@example.com', 'login': {'uuid': 'b57d6cf8-811f-4d4a-8722-5dc9882a01d4', 'username': 'blackgoose855', 'password': 'bigjohn', 'salt': 'ef7YqOtB', 'md5': 'ab1078938462f567b426ed3ff4de252e', 'sha1': '352e3f213c7121c1aa9d2a0b16bdbba7ac28a622', 'sha256': '047df1fe39fb2fea6112c135535dc6edb42c84c0f92c811a9dd17f8f55d861fa'}, 'dob': {'date': '1988-05-29T14:55:43.054Z', 'age': 35}, 'registered': {'date': '2013-11-12T00:34:53.601Z', 'age': 10}, 'phone': '041-160-0829', 'cell': '081-720-2449', 'id': {'name': 'PPS', 'value': '1955848T'}, 'picture': {'large': 'https://randomuser.me/api/portraits/women/50.jpg', 'medium': 'https://randomuser.me/api/portraits/med/women/50.jpg', 'thumbnail': 'https://randomuser.me/api/portraits/thumb/women/50.jpg'}, 'nat': 'IE'}</msg>
<arg>${json_data['results'][0]}</arg>
<doc>Logs the given message with the given level.</doc>
<status status="PASS" start="2024-04-10T05:12:58.227407" elapsed="0.000423"/>
</kw>
<kw name="Log" owner="BuiltIn">
<msg time="2024-04-10T05:12:58.228255" level="INFO">location</msg>
<arg>${key}</arg>
<doc>Logs the given message with the given level.</doc>
<status status="PASS" start="2024-04-10T05:12:58.228128" elapsed="0.000167"/>
</kw>
<var name="${key}">location</var>
<status status="PASS" start="2024-04-10T05:12:58.226559" elapsed="0.001954"/>
</iter>
<iter>
<kw name="Dictionary Should Contain Key" owner="Collections">
<msg time="2024-04-10T05:12:58.229216" level="INFO">False</msg>
<arg>${json_data['results'][0]}</arg>
<arg>${key}</arg>
<doc>Fails if ``key`` is not found from ``dictionary``.</doc>
<status status="PASS" start="2024-04-10T05:12:58.228800" elapsed="0.000456"/>
</kw>
<kw name="Log" owner="BuiltIn">
<msg time="2024-04-10T05:12:58.229923" level="INFO">{'gender': 'female', 'name': {'title': 'Mrs', 'first': 'Mia', 'last': 'Hall'}, 'location': {'street': {'number': 4359, 'name': 'Strand Road'}, 'city': 'Wicklow', 'state': 'Limerick', 'country': 'Ireland', 'postcode': 59492, 'coordinates': {'latitude': '4.2473', 'longitude': '82.7787'}, 'timezone': {'offset': '+7:00', 'description': 'Bangkok, Hanoi, Jakarta'}}, 'email': 'mia.hall@example.com', 'login': {'uuid': 'b57d6cf8-811f-4d4a-8722-5dc9882a01d4', 'username': 'blackgoose855', 'password': 'bigjohn', 'salt': 'ef7YqOtB', 'md5': 'ab1078938462f567b426ed3ff4de252e', 'sha1': '352e3f213c7121c1aa9d2a0b16bdbba7ac28a622', 'sha256': '047df1fe39fb2fea6112c135535dc6edb42c84c0f92c811a9dd17f8f55d861fa'}, 'dob': {'date': '1988-05-29T14:55:43.054Z', 'age': 35}, 'registered': {'date': '2013-11-12T00:34:53.601Z', 'age': 10}, 'phone': '041-160-0829', 'cell': '081-720-2449', 'id': {'name': 'PPS', 'value': '1955848T'}, 'picture': {'large': 'https://randomuser.me/api/portraits/women/50.jpg', 'medium': 'https://randomuser.me/api/portraits/med/women/50.jpg', 'thumbnail': 'https://randomuser.me/api/portraits/thumb/women/50.jpg'}, 'nat': 'IE'}</msg>
<arg>${json_data['results'][0]}</arg>
<doc>Logs the given message with the given level.</doc>
<status status="PASS" start="2024-04-10T05:12:58.229559" elapsed="0.000412"/>
</kw>
<kw name="Log" owner="BuiltIn">
<msg time="2024-04-10T05:12:58.230397" level="INFO">email</msg>
<arg>${key}</arg>
<doc>Logs the given message with the given level.</doc>
<status status="PASS" start="2024-04-10T05:12:58.230268" elapsed="0.000167"/>
</kw>
<var name="${key}">email</var>
<status status="PASS" start="2024-04-10T05:12:58.228688" elapsed="0.001963"/>
</iter>
<iter>
<kw name="Dictionary Should Contain Key" owner="Collections">
<msg time="2024-04-10T05:12:58.231322" level="INFO">False</msg>
<arg>${json_data['results'][0]}</arg>
<arg>${key}</arg>
<doc>Fails if ``key`` is not found from ``dictionary``.</doc>
<status status="PASS" start="2024-04-10T05:12:58.230933" elapsed="0.000426"/>
</kw>
<kw name="Log" owner="BuiltIn">
<msg time="2024-04-10T05:12:58.232020" level="INFO">{'gender': 'female', 'name': {'title': 'Mrs', 'first': 'Mia', 'last': 'Hall'}, 'location': {'street': {'number': 4359, 'name': 'Strand Road'}, 'city': 'Wicklow', 'state': 'Limerick', 'country': 'Ireland', 'postcode': 59492, 'coordinates': {'latitude': '4.2473', 'longitude': '82.7787'}, 'timezone': {'offset': '+7:00', 'description': 'Bangkok, Hanoi, Jakarta'}}, 'email': 'mia.hall@example.com', 'login': {'uuid': 'b57d6cf8-811f-4d4a-8722-5dc9882a01d4', 'username': 'blackgoose855', 'password': 'bigjohn', 'salt': 'ef7YqOtB', 'md5': 'ab1078938462f567b426ed3ff4de252e', 'sha1': '352e3f213c7121c1aa9d2a0b16bdbba7ac28a622', 'sha256': '047df1fe39fb2fea6112c135535dc6edb42c84c0f92c811a9dd17f8f55d861fa'}, 'dob': {'date': '1988-05-29T14:55:43.054Z', 'age': 35}, 'registered': {'date': '2013-11-12T00:34:53.601Z', 'age': 10}, 'phone': '041-160-0829', 'cell': '081-720-2449', 'id': {'name': 'PPS', 'value': '1955848T'}, 'picture': {'large': 'https://randomuser.me/api/portraits/women/50.jpg', 'medium': 'https://randomuser.me/api/portraits/med/women/50.jpg', 'thumbnail': 'https://randomuser.me/api/portraits/thumb/women/50.jpg'}, 'nat': 'IE'}</msg>
<arg>${json_data['results'][0]}</arg>
<doc>Logs the given message with the given level.</doc>
<status status="PASS" start="2024-04-10T05:12:58.231652" elapsed="0.000415"/>
</kw>
<kw name="Log" owner="BuiltIn">
<msg time="2024-04-10T05:12:58.232483" level="INFO">login</msg>
<arg>${key}</arg>
<doc>Logs the given message with the given level.</doc>
<status status="PASS" start="2024-04-10T05:12:58.232357" elapsed="0.000169"/>
</kw>
<var name="${key}">login</var>
<status status="PASS" start="2024-04-10T05:12:58.230822" elapsed="0.001928"/>
</iter>
<var>${key}</var>
<value>@{expected_keys}</value>
<status status="PASS" start="2024-04-10T05:12:58.221884" elapsed="0.011013"/>
</for>
<kw name="Create List" owner="BuiltIn">
<msg time="2024-04-10T05:12:58.233285" level="INFO">${expected_keysTwo} = ['username', 'password']</msg>
<var>${expected_keysTwo}</var>
<arg>username</arg>
<arg>password</arg>
<doc>Returns a list containing given items.</doc>
<status status="PASS" start="2024-04-10T05:12:58.233125" elapsed="0.000185"/>
</kw>
<for flavor="IN">
<iter>
<kw name="Dictionary Should Contain Key" owner="Collections">
<msg time="2024-04-10T05:12:58.234333" level="INFO">False</msg>
<arg>${json_data['results'][0]['login']}</arg>
<arg>${keyTwo}</arg>
<doc>Fails if ``key`` is not found from ``dictionary``.</doc>
<status status="PASS" start="2024-04-10T05:12:58.233935" elapsed="0.000442"/>
</kw>
<kw name="Dictionary Should Contain Key" owner="Collections">
<msg time="2024-04-10T05:12:58.235061" level="INFO">False</msg>
<arg>${json_data['results'][0]['login']}</arg>
<arg>${keyTwo}</arg>
<doc>Fails if ``key`` is not found from ``dictionary``.</doc>
<status status="PASS" start="2024-04-10T05:12:58.234676" elapsed="0.000422"/>
</kw>
<kw name="Log" owner="BuiltIn">
<msg time="2024-04-10T05:12:58.235525" level="INFO">username</msg>
<arg>${keyTwo}</arg>
<doc>Logs the given message with the given level.</doc>
<status status="PASS" start="2024-04-10T05:12:58.235396" elapsed="0.000167"/>
</kw>
<var name="${keyTwo}">username</var>
<status status="PASS" start="2024-04-10T05:12:58.233821" elapsed="0.001958"/>
</iter>
<iter>
<kw name="Dictionary Should Contain Key" owner="Collections">
<msg time="2024-04-10T05:12:58.236450" level="INFO">False</msg>
<arg>${json_data['results'][0]['login']}</arg>
<arg>${keyTwo}</arg>
<doc>Fails if ``key`` is not found from ``dictionary``.</doc>
<status status="PASS" start="2024-04-10T05:12:58.236067" elapsed="0.000421"/>
</kw>
<kw name="Dictionary Should Contain Key" owner="Collections">
<msg time="2024-04-10T05:12:58.237191" level="INFO">False</msg>
<arg>${json_data['results'][0]['login']}</arg>
<arg>${keyTwo}</arg>
<doc>Fails if ``key`` is not found from ``dictionary``.</doc>
<status status="PASS" start="2024-04-10T05:12:58.236783" elapsed="0.000456"/>
</kw>
<kw name="Log" owner="BuiltIn">
<msg time="2024-04-10T05:12:58.237666" level="INFO">password</msg>
<arg>${keyTwo}</arg>
<doc>Logs the given message with the given level.</doc>
<status status="PASS" start="2024-04-10T05:12:58.237538" elapsed="0.000166"/>
</kw>
<var name="${keyTwo}">password</var>
<status status="PASS" start="2024-04-10T05:12:58.235955" elapsed="0.001965"/>
</iter>
<var>${keyTwo}</var>
<value>@{expected_keysTwo}</value>
<status status="PASS" start="2024-04-10T05:12:58.233556" elapsed="0.004487"/>
</for>
<status status="PASS" start="2024-04-10T05:12:58.069161" elapsed="0.169029"/>
</kw>
<doc>Testa a estrutura da resposta da API.</doc>
<tag>testeEstruturaResposta</tag>
<status status="PASS" start="2024-04-10T05:12:58.068145" elapsed="0.170218"/>
</test>
<test id="s1-s1-t4" name="Validar tipos de dados" line="28">
<kw name="Teste de Tipos de Dados" owner="random-user-service">
<kw name="GET On Session" owner="RequestsLibrary">
<msg time="2024-04-10T05:12:58.274437" level="INFO">GET Request : url=https://randomuser.me/api 
 path_url=/api 
 headers={'User-Agent': 'python-requests/2.31.0', 'Accept-Encoding': 'gzip, deflate', 'Accept': '*/*', 'Connection': 'keep-alive'} 
 body=None 
 </msg>
<msg time="2024-04-10T05:12:58.274504" level="INFO">GET Response : url=https://randomuser.me/api 
 status=200, reason=OK 
 headers={'Date': 'Wed, 10 Apr 2024 05:12:58 GMT', 'Content-Type': 'application/json; charset=utf-8', 'Transfer-Encoding': 'chunked', 'Connection': 'keep-alive', 'X-Powered-By': 'Express', 'Access-Control-Allow-Origin': '*', 'Cache-Control': 'no-cache', 'ETag': 'W/"4c6-ghXOHj1gWA6f4t334pacBbXfjBg"', 'Vary': 'Accept-Encoding', 'Content-Encoding': 'gzip', 'CF-Cache-Status': 'DYNAMIC', 'Report-To': '{"endpoints":[{"url":"https:\\/\\/a.nel.cloudflare.com\\/report\\/v4?s=yBQJX7gctZayyd111WQb%2FOG1%2FllJB1NnXiy6hzikSmRF11UQK7JuofuRnM4ZzFRMhD2EgaCPUTG1hGi%2FtE0mz9yS7s%2BZVS6U4s2ljUoxCkFb9Az%2FxAJapnHHTB3KmBbq"}],"group":"cf-nel","max_age":604800}', 'NEL': '{"success_fraction":0,"report_to":"cf-nel","max_age":604800}', 'Server': 'cloudflare', 'CF-RAY': '87203eb40ff9582a-IAD', 'alt-svc': 'h3=":443"; ma=86400'} 
 body={"results":[{"gender":"female","name":{"title":"Miss","first":"Amanda","last":"Menchaca"},"location":{"street":{"number":7432,"name":"Diagonal Nuevo León"},"city":"Ejido B.Juárez (Mpio.Namiquipa)","state":"Guanajuato","country":"Mexico","postcode":16306,"coordinates":{"latitude":"26.7730","longitude":"129.3827"},"timezone":{"offset":"+11:00","description":"Magadan, Solomon Islands, New Caledonia"}},"email":"amanda.menchaca@example.com","login":{"uuid":"080fb935-1f79-4a0d-97c5-ed9e952eaf42","username":"greenwolf875","password":"russell","salt":"9CLNcZZC","md5":"056cea9e24bc8aac63ccaa669bc97803","sha1":"76216d4c621a3abb314004de0be48da1c8bad645","sha256":"48f028ecaccc95082e8ba8c540586b61efa1291df6bfbef00201b72e5320fbe0"},"dob":{"date":"1977-04-25T14:34:51.670Z","age":46},"registered":{"date":"2020-03-23T23:29:33.069Z","age":4},"phone":"(631) 969 2170","cell":"(665) 526 8775","id":{"name":"NSS","value":"47 59 12 8073 3"},"picture":{"large":"https://randomuser.me/api/portraits/women/58.jpg","medium":"https://randomuser.me/api/portraits/med/women/58.jpg","thumbnail":"https://randomuser.me/api/portraits/thumb/women/58.jpg"},"nat":"MX"}],"info":{"seed":"b9ddb2c31f3ed0d7","results":1,"page":1,"version":"1.4"}} 
 </msg>
<msg time="2024-04-10T05:12:58.274563" level="INFO">/opt/hostedtoolcache/Python/3.12.2/x64/lib/python3.12/site-packages/urllib3/connectionpool.py:1103: InsecureRequestWarning: Unverified HTTPS request is being made to host 'randomuser.me'. Adding certificate verification is strongly advised. See: https://urllib3.readthedocs.io/en/latest/advanced-usage.html#tls-warnings
  warnings.warn(</msg>
<msg time="2024-04-10T05:12:58.274650" level="INFO">${response} = &lt;Response [200]&gt;</msg>
<var>${response}</var>
<arg>consultarAPI</arg>
<arg>/api</arg>
<doc>Sends a GET request on a previously created HTTP Session.</doc>
<status status="PASS" start="2024-04-10T05:12:58.240849" elapsed="0.033827"/>
</kw>
<kw name="Set Variable" owner="BuiltIn">
<msg time="2024-04-10T05:12:58.275506" level="INFO">${json_data} = {'results': [{'gender': 'female', 'name': {'title': 'Miss', 'first': 'Amanda', 'last': 'Menchaca'}, 'location': {'street': {'number': 7432, 'name': 'Diagonal Nuevo León'}, 'city': 'Ejido B.Juárez (Mpi...</msg>
<var>${json_data}</var>
<arg>${response.json()}</arg>
<doc>Returns the given values which can then be assigned to a variables.</doc>
<status status="PASS" start="2024-04-10T05:12:58.275060" elapsed="0.000475"/>
</kw>
<kw name="Log" owner="BuiltIn">
<msg time="2024-04-10T05:12:58.276006" level="INFO">{'results': [{'gender': 'female', 'name': {'title': 'Miss', 'first': 'Amanda', 'last': 'Menchaca'}, 'location': {'street': {'number': 7432, 'name': 'Diagonal Nuevo León'}, 'city': 'Ejido B.Juárez (Mpio.Namiquipa)', 'state': 'Guanajuato', 'country': 'Mexico', 'postcode': 16306, 'coordinates': {'latitude': '26.7730', 'longitude': '129.3827'}, 'timezone': {'offset': '+11:00', 'description': 'Magadan, Solomon Islands, New Caledonia'}}, 'email': 'amanda.menchaca@example.com', 'login': {'uuid': '080fb935-1f79-4a0d-97c5-ed9e952eaf42', 'username': 'greenwolf875', 'password': 'russell', 'salt': '9CLNcZZC', 'md5': '056cea9e24bc8aac63ccaa669bc97803', 'sha1': '76216d4c621a3abb314004de0be48da1c8bad645', 'sha256': '48f028ecaccc95082e8ba8c540586b61efa1291df6bfbef00201b72e5320fbe0'}, 'dob': {'date': '1977-04-25T14:34:51.670Z', 'age': 46}, 'registered': {'date': '2020-03-23T23:29:33.069Z', 'age': 4}, 'phone': '(631) 969 2170', 'cell': '(665) 526 8775', 'id': {'name': 'NSS', 'value': '47 59 12 8073 3'}, 'picture': {'large': 'https://randomuser.me/api/portraits/women/58.jpg', 'medium': 'https://randomuser.me/api/portraits/med/women/58.jpg', 'thumbnail': 'https://randomuser.me/api/portraits/thumb/women/58.jpg'}, 'nat': 'MX'}], 'info': {'seed': 'b9ddb2c31f3ed0d7', 'results': 1, 'page': 1, 'version': '1.4'}}</msg>
<arg>${json_data}</arg>
<doc>Logs the given message with the given level.</doc>
<status status="PASS" start="2024-04-10T05:12:58.275849" elapsed="0.000238"/>
</kw>
<kw name="Should Be String" owner="String">
<arg>${json_data['results'][0]['gender']}</arg>
<doc>Fails if the given ``item`` is not a string.</doc>
<status status="PASS" start="2024-04-10T05:12:58.276392" elapsed="0.000366"/>
</kw>
<kw name="Should Match Regexp" owner="BuiltIn">
<arg>${json_data['results'][0]['email']}</arg>
<arg>^[a-zA-Z0-9._%+-]+@[a-zA-Z0-9.-]+\.[a-zA-Z]{2,}$</arg>
<doc>Fails if ``string`` does not match ``pattern`` as a regular expression.</doc>
<status status="PASS" start="2024-04-10T05:12:58.276954" elapsed="0.000559"/>
</kw>
<kw name="Should Match Regexp" owner="BuiltIn">
<arg>${json_data['results'][0]['dob']['date']}</arg>
<arg>\\d{4}-\\d{2}-\\d{2}T\\d{2}:\\d{2}:\\d{2}\\.\\d{3}Z</arg>
<doc>Fails if ``string`` does not match ``pattern`` as a regular expression.</doc>
<status status="PASS" start="2024-04-10T05:12:58.277712" elapsed="0.000497"/>
</kw>
<kw name="Should Match Regexp" owner="BuiltIn">
<arg>${json_data['results'][0]['registered']['date']}</arg>
<arg>\\d{4}-\\d{2}-\\d{2}T\\d{2}:\\d{2}:\\d{2}\\.\\d{3}Z</arg>
<doc>Fails if ``string`` does not match ``pattern`` as a regular expression.</doc>
<status status="PASS" start="2024-04-10T05:12:58.278412" elapsed="0.000374"/>
</kw>
<kw name="Should Match Regexp" owner="BuiltIn">
<arg>${json_data['results'][0]['picture']['large']}</arg>
<arg>^https?://.*\.(?:png|jpe?g|gif|bmp)$</arg>
<doc>Fails if ``string`` does not match ``pattern`` as a regular expression.</doc>
<status status="PASS" start="2024-04-10T05:12:58.278974" elapsed="0.000466"/>
</kw>
<kw name="Should Match Regexp" owner="BuiltIn">
<arg>${json_data['results'][0]['picture']['medium']}</arg>
<arg>^https?://.*\.(?:png|jpe?g|gif|bmp)$</arg>
<doc>Fails if ``string`` does not match ``pattern`` as a regular expression.</doc>
<status status="PASS" start="2024-04-10T05:12:58.279630" elapsed="0.000357"/>
</kw>
<kw name="Should Match Regexp" owner="BuiltIn">
<arg>${json_data['results'][0]['picture']['thumbnail']}</arg>
<arg>^https?://.*\.(?:png|jpe?g|gif|bmp)$</arg>
<doc>Fails if ``string`` does not match ``pattern`` as a regular expression.</doc>
<status status="PASS" start="2024-04-10T05:12:58.280172" elapsed="0.000344"/>
</kw>
<kw name="Log" owner="BuiltIn">
<msg time="2024-04-10T05:12:58.281035" level="INFO">{'large': 'https://randomuser.me/api/portraits/women/58.jpg', 'medium': 'https://randomuser.me/api/portraits/med/women/58.jpg', 'thumbnail': 'https://randomuser.me/api/portraits/thumb/women/58.jpg'}</msg>
<arg>${json_data['results'][0]['picture']}</arg>
<doc>Logs the given message with the given level.</doc>
<status status="PASS" start="2024-04-10T05:12:58.280707" elapsed="0.000392"/>
</kw>
<status status="PASS" start="2024-04-10T05:12:58.240615" elapsed="0.040741"/>
</kw>
<kw name="Teste de Tipos de Dados - Postcode" owner="random-user-service">
<kw name="GET On Session" owner="RequestsLibrary">
<msg time="2024-04-10T05:12:58.374696" level="INFO">GET Request : url=https://randomuser.me/api 
 path_url=/api 
 headers={'User-Agent': 'python-requests/2.31.0', 'Accept-Encoding': 'gzip, deflate', 'Accept': '*/*', 'Connection': 'keep-alive'} 
 body=None 
 </msg>
<msg time="2024-04-10T05:12:58.374800" level="INFO">GET Response : url=https://randomuser.me/api 
 status=200, reason=OK 
 headers={'Date': 'Wed, 10 Apr 2024 05:12:58 GMT', 'Content-Type': 'application/json; charset=utf-8', 'Transfer-Encoding': 'chunked', 'Connection': 'keep-alive', 'X-Powered-By': 'Express', 'Access-Control-Allow-Origin': '*', 'Cache-Control': 'no-cache', 'ETag': 'W/"479-a94FDeY8zqY7uO5+m6rwnSJWzYU"', 'Vary': 'Accept-Encoding', 'Content-Encoding': 'gzip', 'CF-Cache-Status': 'DYNAMIC', 'Report-To': '{"endpoints":[{"url":"https:\\/\\/a.nel.cloudflare.com\\/report\\/v4?s=SOjOn2sSPkGS1NvdQN4xH%2BAdVxD9PTXxmUvKb0CQ1Q8t6tVjSdEX%2BMpnoMV7rE4V%2FH3xtV6HRr7wwDJgGaaBN%2F1IPe0gCZ8LFhVjuiXRb2vxYFuur66lmnhzSvC81N9B"}],"group":"cf-nel","max_age":604800}', 'NEL': '{"success_fraction":0,"report_to":"cf-nel","max_age":604800}', 'Server': 'cloudflare', 'CF-RAY': '87203eb44816582a-IAD', 'alt-svc': 'h3=":443"; ma=86400'} 
 body={"results":[{"gender":"male","name":{"title":"Mr","first":"Carl","last":"Guttorm"},"location":{"street":{"number":4742,"name":"Trøndergata"},"city":"Eidsvoll","state":"Nordland","country":"Norway","postcode":"6819","coordinates":{"latitude":"46.3207","longitude":"-112.9795"},"timezone":{"offset":"-3:00","description":"Brazil, Buenos Aires, Georgetown"}},"email":"carl.guttorm@example.com","login":{"uuid":"2457e274-d4f6-4966-bc17-eb70b63d8585","username":"bigladybug925","password":"rong","salt":"1r0zJzBT","md5":"8ccea6e4d80d6a9a65f9b6b293a953c8","sha1":"f8c8e0920676af546e30d445bde197f7845d33d0","sha256":"5e3f094af22aa330ccbfc617d1d1bbbfbcfce487c92846d71fc0a6569a64fa38"},"dob":{"date":"1987-01-25T14:14:10.616Z","age":37},"registered":{"date":"2011-11-11T11:42:00.695Z","age":12},"phone":"74285353","cell":"43656292","id":{"name":"FN","value":"25018718319"},"picture":{"large":"https://randomuser.me/api/portraits/men/1.jpg","medium":"https://randomuser.me/api/portraits/med/men/1.jpg","thumbnail":"https://randomuser.me/api/portraits/thumb/men/1.jpg"},"nat":"NO"}],"info":{"seed":"7bdf1a3d5739c759","results":1,"page":1,"version":"1.4"}} 
 </msg>
<msg time="2024-04-10T05:12:58.374895" level="INFO">/opt/hostedtoolcache/Python/3.12.2/x64/lib/python3.12/site-packages/urllib3/connectionpool.py:1103: InsecureRequestWarning: Unverified HTTPS request is being made to host 'randomuser.me'. Adding certificate verification is strongly advised. See: https://urllib3.readthedocs.io/en/latest/advanced-usage.html#tls-warnings
  warnings.warn(</msg>
<msg time="2024-04-10T05:12:58.375039" level="INFO">${response} = &lt;Response [200]&gt;</msg>
<var>${response}</var>
<arg>consultarAPI</arg>
<arg>/api</arg>
<doc>Sends a GET request on a previously created HTTP Session.</doc>
<status status="PASS" start="2024-04-10T05:12:58.281813" elapsed="0.093268"/>
</kw>
<kw name="Set Variable" owner="BuiltIn">
<msg time="2024-04-10T05:12:58.376277" level="INFO">${json_data} = {'results': [{'gender': 'male', 'name': {'title': 'Mr', 'first': 'Carl', 'last': 'Guttorm'}, 'location': {'street': {'number': 4742, 'name': 'Trøndergata'}, 'city': 'Eidsvoll', 'state': 'Nordland', 'c...</msg>
<var>${json_data}</var>
<arg>${response.json()}</arg>
<doc>Returns the given values which can then be assigned to a variables.</doc>
<status status="PASS" start="2024-04-10T05:12:58.375709" elapsed="0.000599"/>
</kw>
<kw name="Log" owner="BuiltIn">
<msg time="2024-04-10T05:12:58.376827" level="INFO">{'results': [{'gender': 'male', 'name': {'title': 'Mr', 'first': 'Carl', 'last': 'Guttorm'}, 'location': {'street': {'number': 4742, 'name': 'Trøndergata'}, 'city': 'Eidsvoll', 'state': 'Nordland', 'country': 'Norway', 'postcode': '6819', 'coordinates': {'latitude': '46.3207', 'longitude': '-112.9795'}, 'timezone': {'offset': '-3:00', 'description': 'Brazil, Buenos Aires, Georgetown'}}, 'email': 'carl.guttorm@example.com', 'login': {'uuid': '2457e274-d4f6-4966-bc17-eb70b63d8585', 'username': 'bigladybug925', 'password': 'rong', 'salt': '1r0zJzBT', 'md5': '8ccea6e4d80d6a9a65f9b6b293a953c8', 'sha1': 'f8c8e0920676af546e30d445bde197f7845d33d0', 'sha256': '5e3f094af22aa330ccbfc617d1d1bbbfbcfce487c92846d71fc0a6569a64fa38'}, 'dob': {'date': '1987-01-25T14:14:10.616Z', 'age': 37}, 'registered': {'date': '2011-11-11T11:42:00.695Z', 'age': 12}, 'phone': '74285353', 'cell': '43656292', 'id': {'name': 'FN', 'value': '25018718319'}, 'picture': {'large': 'https://randomuser.me/api/portraits/men/1.jpg', 'medium': 'https://randomuser.me/api/portraits/med/men/1.jpg', 'thumbnail': 'https://randomuser.me/api/portraits/thumb/men/1.jpg'}, 'nat': 'NO'}], 'info': {'seed': '7bdf1a3d5739c759', 'results': 1, 'page': 1, 'version': '1.4'}}</msg>
<arg>${json_data}</arg>
<doc>Logs the given message with the given level.</doc>
<status status="PASS" start="2024-04-10T05:12:58.376655" elapsed="0.000262"/>
</kw>
<kw name="Should Be Equal As Numbers" owner="BuiltIn">
<arg>${json_data['results'][0]['location']['postcode']}</arg>
<arg>${json_data['results'][0]['location']['postcode']}</arg>
<doc>Fails if objects are unequal after converting them to real numbers.</doc>
<status status="PASS" start="2024-04-10T05:12:58.377286" elapsed="0.000674"/>
</kw>
<kw name="Log" owner="BuiltIn">
<msg time="2024-04-10T05:12:58.378510" level="INFO">6819</msg>
<arg>${json_data['results'][0]['location']['postcode']}</arg>
<doc>Logs the given message with the given level.</doc>
<status status="PASS" start="2024-04-10T05:12:58.378163" elapsed="0.000389"/>
</kw>
<status status="PASS" start="2024-04-10T05:12:58.281576" elapsed="0.097239"/>
</kw>
<doc>Testa se os tipos de dados na resposta da API estão corretos.</doc>
<tag>testeTiposDados</tag>
<status status="PASS" start="2024-04-10T05:12:58.240148" elapsed="0.138848"/>
</test>
<test id="s1-s1-t5" name="Validar conteudo" line="35">
<kw name="Teste de Tipos de Conteudo" owner="random-user-service">
<kw name="GET On Session" owner="RequestsLibrary">
<msg time="2024-04-10T05:12:58.474758" level="INFO">GET Request : url=https://randomuser.me/api 
 path_url=/api 
 headers={'User-Agent': 'python-requests/2.31.0', 'Accept-Encoding': 'gzip, deflate', 'Accept': '*/*', 'Connection': 'keep-alive'} 
 body=None 
 </msg>
<msg time="2024-04-10T05:12:58.474828" level="INFO">GET Response : url=https://randomuser.me/api 
 status=200, reason=OK 
 headers={'Date': 'Wed, 10 Apr 2024 05:12:58 GMT', 'Content-Type': 'application/json; charset=utf-8', 'Transfer-Encoding': 'chunked', 'Connection': 'keep-alive', 'X-Powered-By': 'Express', 'Access-Control-Allow-Origin': '*', 'Cache-Control': 'no-cache', 'ETag': 'W/"4a4-QbynvvhFyEWk0FWnQVhwvg+BmS8"', 'Vary': 'Accept-Encoding', 'Content-Encoding': 'gzip', 'CF-Cache-Status': 'DYNAMIC', 'Report-To': '{"endpoints":[{"url":"https:\\/\\/a.nel.cloudflare.com\\/report\\/v4?s=eu08nRwD1u0Qj%2BG40C451GlGJi3cO0WIBeLTjFo9Od8NoiiSlpFX%2FGhvD8FVrMNLFrwkf0iHH7a6R30jLeSt5fL5joj2Ua7XpgrwivTPWrsPOH9zVsML0o1wQ5ciUyhH"}],"group":"cf-nel","max_age":604800}', 'NEL': '{"success_fraction":0,"report_to":"cf-nel","max_age":604800}', 'Server': 'cloudflare', 'CF-RAY': '87203eb4e86d582a-IAD', 'alt-svc': 'h3=":443"; ma=86400'} 
 body={"results":[{"gender":"female","name":{"title":"Ms","first":"Alicia","last":"White"},"location":{"street":{"number":1026,"name":"Dundas Rd"},"city":"Cochrane","state":"Newfoundland and Labrador","country":"Canada","postcode":"W9C 9T2","coordinates":{"latitude":"-70.1808","longitude":"101.4118"},"timezone":{"offset":"-4:00","description":"Atlantic Time (Canada), Caracas, La Paz"}},"email":"alicia.white@example.com","login":{"uuid":"1ee41636-2b4e-461c-8687-379bb12a9c8c","username":"lazyduck525","password":"kristina","salt":"Us4yfYXy","md5":"e0f1b9c10b5194feb08cdd7e7a9dff9c","sha1":"d3e270708004888b5f92b9af80bffbb223be10d9","sha256":"9233c349f20a7ce145fe414c12de3ff886fe88c3d2b2de09eacc9eb24c525c88"},"dob":{"date":"1979-03-10T16:34:19.369Z","age":45},"registered":{"date":"2017-05-01T10:30:14.280Z","age":6},"phone":"C16 O75-7938","cell":"D04 L51-9777","id":{"name":"SIN","value":"737202291"},"picture":{"large":"https://randomuser.me/api/portraits/women/67.jpg","medium":"https://randomuser.me/api/portraits/med/women/67.jpg","thumbnail":"https://randomuser.me/api/portraits/thumb/women/67.jpg"},"nat":"CA"}],"info":{"seed":"100c7639d049e580","results":1,"page":1,"version":"1.4"}} 
 </msg>
<msg time="2024-04-10T05:12:58.474888" level="INFO">/opt/hostedtoolcache/Python/3.12.2/x64/lib/python3.12/site-packages/urllib3/connectionpool.py:1103: InsecureRequestWarning: Unverified HTTPS request is being made to host 'randomuser.me'. Adding certificate verification is strongly advised. See: https://urllib3.readthedocs.io/en/latest/advanced-usage.html#tls-warnings
  warnings.warn(</msg>
<msg time="2024-04-10T05:12:58.474980" level="INFO">${response} = &lt;Response [200]&gt;</msg>
<var>${response}</var>
<arg>consultarAPI</arg>
<arg>/api</arg>
<doc>Sends a GET request on a previously created HTTP Session.</doc>
<status status="PASS" start="2024-04-10T05:12:58.381598" elapsed="0.093423"/>
</kw>
<kw name="Set Variable" owner="BuiltIn">
<msg time="2024-04-10T05:12:58.476048" level="INFO">${json_data} = {'results': [{'gender': 'female', 'name': {'title': 'Ms', 'first': 'Alicia', 'last': 'White'}, 'location': {'street': {'number': 1026, 'name': 'Dundas Rd'}, 'city': 'Cochrane', 'state': 'Newfoundland ...</msg>
<var>${json_data}</var>
<arg>${response.json()}</arg>
<doc>Returns the given values which can then be assigned to a variables.</doc>
<status status="PASS" start="2024-04-10T05:12:58.475492" elapsed="0.000586"/>
</kw>
<kw name="Set Variable" owner="BuiltIn">
<msg time="2024-04-10T05:12:58.476782" level="INFO">${name_title} = Ms</msg>
<var>${name_title}</var>
<arg>${json_data["results"][0]["name"]["title"]}</arg>
<doc>Returns the given values which can then be assigned to a variables.</doc>
<status status="PASS" start="2024-04-10T05:12:58.476394" elapsed="0.000413"/>
</kw>
<kw name="Create List" owner="BuiltIn">
<msg time="2024-04-10T05:12:58.477313" level="INFO">${allowed_titles} = ['Mr', 'Ms', 'Miss', 'Mrs', 'Madame', 'Monsieur']</msg>
<var>${allowed_titles}</var>
<arg>Mr</arg>
<arg>Ms</arg>
<arg>Miss</arg>
<arg>Mrs</arg>
<arg>Madame</arg>
<arg>Monsieur</arg>
<doc>Returns a list containing given items.</doc>
<status status="PASS" start="2024-04-10T05:12:58.477156" elapsed="0.000182"/>
</kw>
<kw name="List Should Contain Value" owner="Collections">
<msg time="2024-04-10T05:12:58.477837" level="INFO">False</msg>
<arg>${allowed_titles}</arg>
<arg>${name_title}</arg>
<doc>Fails if the ``value`` is not found from ``list``.</doc>
<status status="PASS" start="2024-04-10T05:12:58.477659" elapsed="0.000216"/>
</kw>
<kw name="Set Variable" owner="BuiltIn">
<msg time="2024-04-10T05:12:58.478557" level="INFO">${name_country} = CA</msg>
<var>${name_country}</var>
<arg>${json_data["results"][0]["nat"]}</arg>
<doc>Returns the given values which can then be assigned to a variables.</doc>
<status status="PASS" start="2024-04-10T05:12:58.478171" elapsed="0.000411"/>
</kw>
<kw name="Create List" owner="BuiltIn">
<msg time="2024-04-10T05:12:58.479490" level="INFO">${list_country} = ['AD', 'AE', 'AF', 'AG', 'AI', 'AL', 'AM', 'AO', 'AQ', 'AR', 'AS', 'AT', 'AU', 'AW', 'AX', 'AZ', 'BA', 'BB', 'BD', 'BE', 'BF', 'BG', 'BH', 'BI', 'BJ', 'BL', 'BM', 'BN', 'BO', 'BQ', 'BR', 'BS', 'BT', '...</msg>
<var>${list_country}</var>
<arg>AD</arg>
<arg>AE</arg>
<arg>AF</arg>
<arg>AG</arg>
<arg>AI</arg>
<arg>AL</arg>
<arg>AM</arg>
<arg>AO</arg>
<arg>AQ</arg>
<arg>AR</arg>
<arg>AS</arg>
<arg>AT</arg>
<arg>AU</arg>
<arg>AW</arg>
<arg>AX</arg>
<arg>AZ</arg>
<arg>BA</arg>
<arg>BB</arg>
<arg>BD</arg>
<arg>BE</arg>
<arg>BF</arg>
<arg>BG</arg>
<arg>BH</arg>
<arg>BI</arg>
<arg>BJ</arg>
<arg>BL</arg>
<arg>BM</arg>
<arg>BN</arg>
<arg>BO</arg>
<arg>BQ</arg>
<arg>BR</arg>
<arg>BS</arg>
<arg>BT</arg>
<arg>BV</arg>
<arg>BW</arg>
<arg>BY</arg>
<arg>BZ</arg>
<arg>CA</arg>
<arg>CC</arg>
<arg>CD</arg>
<arg>CF</arg>
<arg>CG</arg>
<arg>CH</arg>
<arg>CI</arg>
<arg>CK</arg>
<arg>CL</arg>
<arg>CM</arg>
<arg>CN</arg>
<arg>CO</arg>
<arg>CR</arg>
<arg>CU</arg>
<arg>CV</arg>
<arg>CW</arg>
<arg>CX</arg>
<arg>CY</arg>
<arg>CZ</arg>
<arg>DE</arg>
<arg>DJ</arg>
<arg>DK</arg>
<arg>DM</arg>
<arg>DO</arg>
<arg>DZ</arg>
<arg>EC</arg>
<arg>EE</arg>
<arg>EG</arg>
<arg>EH</arg>
<arg>ER</arg>
<arg>ES</arg>
<arg>ET</arg>
<arg>FI</arg>
<arg>FJ</arg>
<arg>FK</arg>
<arg>FM</arg>
<arg>FO</arg>
<arg>FR</arg>
<arg>GA</arg>
<arg>GB</arg>
<arg>GD</arg>
<arg>GE</arg>
<arg>GF</arg>
<arg>GG</arg>
<arg>GH</arg>
<arg>GI</arg>
<arg>GL</arg>
<arg>GM</arg>
<arg>GN</arg>
<arg>GP</arg>
<arg>GQ</arg>
<arg>GR</arg>
<arg>GS</arg>
<arg>GT</arg>
<arg>GU</arg>
<arg>GW</arg>
<arg>GY</arg>
<arg>HK</arg>
<arg>HM</arg>
<arg>HN</arg>
<arg>HR</arg>
<arg>HT</arg>
<arg>HU</arg>
<arg>ID</arg>
<arg>IE</arg>
<arg>IL</arg>
<arg>IM</arg>
<arg>IN</arg>
<arg>IO</arg>
<arg>IQ</arg>
<arg>IR</arg>
<arg>IS</arg>
<arg>IT</arg>
<arg>JE</arg>
<arg>JM</arg>
<arg>JO</arg>
<arg>JP</arg>
<arg>KE</arg>
<arg>KG</arg>
<arg>KH</arg>
<arg>KI</arg>
<arg>KM</arg>
<arg>KN</arg>
<arg>KP</arg>
<arg>KR</arg>
<arg>KW</arg>
<arg>KY</arg>
<arg>KZ</arg>
<arg>LA</arg>
<arg>LB</arg>
<arg>LC</arg>
<arg>LI</arg>
<arg>LK</arg>
<arg>LR</arg>
<arg>LS</arg>
<arg>LT</arg>
<arg>LU</arg>
<arg>LV</arg>
<arg>LY</arg>
<arg>MA</arg>
<arg>MC</arg>
<arg>MD</arg>
<arg>ME</arg>
<arg>MF</arg>
<arg>MG</arg>
<arg>MH</arg>
<arg>MK</arg>
<arg>ML</arg>
<arg>MM</arg>
<arg>MN</arg>
<arg>MO</arg>
<arg>MP</arg>
<arg>MQ</arg>
<arg>MR</arg>
<arg>MS</arg>
<arg>MT</arg>
<arg>MU</arg>
<arg>MV</arg>
<arg>MW</arg>
<arg>MX</arg>
<arg>MY</arg>
<arg>MZ</arg>
<arg>NA</arg>
<arg>NC</arg>
<arg>NE</arg>
<arg>NF</arg>
<arg>NG</arg>
<arg>NI</arg>
<arg>NL</arg>
<arg>NO</arg>
<arg>NP</arg>
<arg>NR</arg>
<arg>NU</arg>
<arg>NZ</arg>
<arg>OM</arg>
<arg>PA</arg>
<arg>PE</arg>
<arg>PF</arg>
<arg>PG</arg>
<arg>PH</arg>
<arg>PK</arg>
<arg>PL</arg>
<arg>PM</arg>
<arg>PN</arg>
<arg>PR</arg>
<arg>PS</arg>
<arg>PT</arg>
<arg>PW</arg>
<arg>PY</arg>
<arg>QA</arg>
<arg>RE</arg>
<arg>RO</arg>
<arg>RS</arg>
<arg>RU</arg>
<arg>RW</arg>
<arg>SA</arg>
<arg>SB</arg>
<arg>SC</arg>
<arg>SD</arg>
<arg>SE</arg>
<arg>SG</arg>
<arg>SH</arg>
<arg>SI</arg>
<arg>SJ</arg>
<arg>SK</arg>
<arg>SL</arg>
<arg>SM</arg>
<arg>SN</arg>
<arg>SO</arg>
<arg>SR</arg>
<arg>SS</arg>
<arg>ST</arg>
<arg>SV</arg>
<arg>SX</arg>
<arg>SY</arg>
<arg>SZ</arg>
<arg>TC</arg>
<arg>TD</arg>
<arg>TF</arg>
<arg>TG</arg>
<arg>TH</arg>
<arg>TJ</arg>
<arg>TK</arg>
<arg>TL</arg>
<arg>TM</arg>
<arg>TN</arg>
<arg>TO</arg>
<arg>TR</arg>
<arg>TT</arg>
<arg>TV</arg>
<arg>TW</arg>
<arg>TZ</arg>
<arg>UA</arg>
<arg>UG</arg>
<arg>UM</arg>
<arg>US</arg>
<arg>UY</arg>
<arg>UZ</arg>
<arg>VA</arg>
<arg>VC</arg>
<arg>VE</arg>
<arg>VG</arg>
<arg>VI</arg>
<arg>VN</arg>
<arg>VU</arg>
<arg>WF</arg>
<arg>WS</arg>
<arg>XK</arg>
<arg>YE</arg>
<arg>YT</arg>
<arg>ZA</arg>
<arg>ZM</arg>
<arg>ZW</arg>
<doc>Returns a list containing given items.</doc>
<status status="PASS" start="2024-04-10T05:12:58.478896" elapsed="0.000621"/>
</kw>
<kw name="List Should Contain Value" owner="Collections">
<msg time="2024-04-10T05:12:58.480521" level="INFO">False</msg>
<arg>${list_country}</arg>
<arg>${name_country}</arg>
<doc>Fails if the ``value`` is not found from ``list``.</doc>
<status status="PASS" start="2024-04-10T05:12:58.480304" elapsed="0.000255"/>
</kw>
<kw name="Run Keyword If" owner="BuiltIn">
<kw name="Should Be True" owner="BuiltIn">
<arg>${True}</arg>
<doc>Fails if the given condition is not true.</doc>
<status status="PASS" start="2024-04-10T05:12:58.481792" elapsed="0.000152"/>
</kw>
<arg>${json_data["results"][0]["location"]["coordinates"]["latitude"]} &gt;= -90 and ${json_data["results"][0]["location"]["coordinates"]["latitude"]} &lt;= 90</arg>
<arg>Should Be True</arg>
<arg>${True}</arg>
<doc>Runs the given keyword with the given arguments, if ``condition`` is true.</doc>
<status status="PASS" start="2024-04-10T05:12:58.480872" elapsed="0.001205"/>
</kw>
<kw name="Run Keyword If" owner="BuiltIn">
<kw name="Should Be True" owner="BuiltIn">
<arg>${True}</arg>
<doc>Fails if the given condition is not true.</doc>
<status status="PASS" start="2024-04-10T05:12:58.482980" elapsed="0.000141"/>
</kw>
<arg>${json_data["results"][0]["location"]["coordinates"]["longitude"]} &gt;= -180 and ${json_data["results"][0]["location"]["coordinates"]["longitude"]} &lt;= 180</arg>
<arg>Should Be True</arg>
<arg>${True}</arg>
<doc>Runs the given keyword with the given arguments, if ``condition`` is true.</doc>
<status status="PASS" start="2024-04-10T05:12:58.482272" elapsed="0.000976"/>
</kw>
<status status="PASS" start="2024-04-10T05:12:58.381361" elapsed="0.102019"/>
</kw>
<doc>Testa o conteúdo específico dos campos retornados pela API.</doc>
<tag>testeConteudo</tag>
<status status="PASS" start="2024-04-10T05:12:58.380795" elapsed="0.102740"/>
</test>
<status status="PASS" start="2024-04-10T05:12:57.694687" elapsed="0.790872"/>
</suite>
<status status="PASS" start="2024-04-10T05:12:57.681150" elapsed="0.809847"/>
</suite>
<statistics>
<total>
<stat pass="5" fail="0" skip="0">All Tests</stat>
</total>
<tag>
<stat pass="1" fail="0" skip="0">testeConteudo</stat>
<stat pass="1" fail="0" skip="0">testeEstruturaResposta</stat>
<stat pass="1" fail="0" skip="0">testeRequisicaoBasica</stat>
<stat pass="1" fail="0" skip="0">testeTiposDados</stat>
</tag>
<suite>
<stat pass="5" fail="0" skip="0" id="s1" name="Tests">Tests</stat>
<stat pass="5" fail="0" skip="0" id="s1-s1" name="Random-User-Test">Tests.Random-User-Test</stat>
</suite>
</statistics>
<errors>
</errors>
</robot>
