<?xml version="1.0" encoding="UTF-8"?>
<robot generator="Robot 7.0 (Python 3.12.3 on linux)" generated="2024-04-22T07:13:57.662906" rpa="false" schemaversion="5">
<suite id="s1" name="Tests" source="/home/runner/work/DesafioQAItauRogerioJordao/DesafioQAItauRogerioJordao/RamdonUser/tests">
<suite id="s1-s1" name="Random-User-Test" source="/home/runner/work/DesafioQAItauRogerioJordao/DesafioQAItauRogerioJordao/RamdonUser/tests/random-user-test.robot">
<test id="s1-s1-t1" name="Conectar" line="13">
<kw name="Conectar API" owner="random-user-service">
<kw name="Create Session" owner="RequestsLibrary">
<msg time="2024-04-22T07:13:58.027452" level="INFO">Creating Session using : alias=consultarAPI, url=https://randomuser.me/, headers={},                     cookies={}, auth=None, timeout=None, proxies=None, verify=False,                     debug=0 </msg>
<arg>consultarAPI</arg>
<arg>${URL}</arg>
<doc>Create Session: create a HTTP session to a server</doc>
<status status="PASS" start="2024-04-22T07:13:58.027138" elapsed="0.000595"/>
</kw>
<status status="PASS" start="2024-04-22T07:13:58.025400" elapsed="0.002871"/>
</kw>
<status status="PASS" start="2024-04-22T07:13:58.024614" elapsed="0.003966"/>
</test>
<test id="s1-s1-t2" name="Validar retorno 200 e JSON Válido" line="16">
<kw name="Teste de Requisicao Basica" owner="random-user-service">
<kw name="GET On Session" owner="RequestsLibrary">
<msg time="2024-04-22T07:13:58.118416" level="INFO">GET Request : url=https://randomuser.me/api 
 path_url=/api 
 headers={'User-Agent': 'python-requests/2.31.0', 'Accept-Encoding': 'gzip, deflate', 'Accept': '*/*', 'Connection': 'keep-alive'} 
 body=None 
 </msg>
<msg time="2024-04-22T07:13:58.118580" level="INFO">GET Response : url=https://randomuser.me/api 
 status=200, reason=OK 
 headers={'Date': 'Mon, 22 Apr 2024 07:13:58 GMT', 'Content-Type': 'application/json; charset=utf-8', 'Transfer-Encoding': 'chunked', 'Connection': 'keep-alive', 'X-Powered-By': 'Express', 'Access-Control-Allow-Origin': '*', 'Cache-Control': 'no-cache', 'ETag': 'W/"47d-wgp7XnmujM3P1U3TFGWBpA80/JQ"', 'Vary': 'Accept-Encoding', 'Content-Encoding': 'gzip', 'CF-Cache-Status': 'DYNAMIC', 'Report-To': '{"endpoints":[{"url":"https:\\/\\/a.nel.cloudflare.com\\/report\\/v4?s=XXQnq7aNC3mvzETJd0L%2B2WwR%2B3idioPCiAHiwf57rv%2FpSkb2i4AOfL%2B6raGCaj%2F%2FoVn0tKsP7EHy0PDggMnU95vv5BP%2FEykEXaN4jK%2B%2BESZ%2F6FnvyBRSEtQk87OyXlP0"}],"group":"cf-nel","max_age":604800}', 'NEL': '{"success_fraction":0,"report_to":"cf-nel","max_age":604800}', 'Server': 'cloudflare', 'CF-RAY': '8783d071eabb10ff-ORD', 'alt-svc': 'h3=":443"; ma=86400'} 
 body={"results":[{"gender":"male","name":{"title":"Mr","first":"Efe","last":"Küçükler"},"location":{"street":{"number":3811,"name":"Istiklal Cd"},"city":"Trabzon","state":"Aydın","country":"Turkey","postcode":55608,"coordinates":{"latitude":"66.6428","longitude":"-96.3217"},"timezone":{"offset":"+4:00","description":"Abu Dhabi, Muscat, Baku, Tbilisi"}},"email":"efe.kucukler@example.com","login":{"uuid":"49a67c18-2fb7-4ca0-bf4f-168b60f9fd74","username":"goldenzebra158","password":"worthy","salt":"l0TBVPbS","md5":"a3835f63a21f56080ef05d601f38cfb0","sha1":"a307cb8d949f864586f21df67b111a0438a451eb","sha256":"f44f15886d6f48fc43495f248f37653a4bc1d5a6bfbc259bf6b7d2ab2552a6c8"},"dob":{"date":"1968-03-04T04:34:31.259Z","age":56},"registered":{"date":"2013-07-06T18:37:59.952Z","age":10},"phone":"(409)-598-4211","cell":"(833)-618-0143","id":{"name":"","value":null},"picture":{"large":"https://randomuser.me/api/portraits/men/70.jpg","medium":"https://randomuser.me/api/portraits/med/men/70.jpg","thumbnail":"https://randomuser.me/api/portraits/thumb/men/70.jpg"},"nat":"TR"}],"info":{"seed":"09d37783f33e55e9","results":1,"page":1,"version":"1.4"}} 
 </msg>
<msg time="2024-04-22T07:13:58.118684" level="INFO">/opt/hostedtoolcache/Python/3.12.3/x64/lib/python3.12/site-packages/urllib3/connectionpool.py:1103: InsecureRequestWarning: Unverified HTTPS request is being made to host 'randomuser.me'. Adding certificate verification is strongly advised. See: https://urllib3.readthedocs.io/en/latest/advanced-usage.html#tls-warnings
  warnings.warn(</msg>
<msg time="2024-04-22T07:13:58.118844" level="INFO">${response} = &lt;Response [200]&gt;</msg>
<var>${response}</var>
<arg>consultarAPI</arg>
<arg>/api</arg>
<doc>Sends a GET request on a previously created HTTP Session.</doc>
<status status="PASS" start="2024-04-22T07:13:58.032886" elapsed="0.086004"/>
</kw>
<kw name="Should Be Equal As Numbers" owner="BuiltIn">
<msg time="2024-04-22T07:13:58.120144" level="INFO">Argument types are:
&lt;class 'int'&gt;
&lt;class 'str'&gt;</msg>
<arg>${response.status_code}</arg>
<arg>200</arg>
<doc>Fails if objects are unequal after converting them to real numbers.</doc>
<status status="PASS" start="2024-04-22T07:13:58.119578" elapsed="0.000634"/>
</kw>
<kw name="Log" owner="BuiltIn">
<msg time="2024-04-22T07:13:58.120926" level="INFO">200</msg>
<arg>${response.status_code}</arg>
<doc>Logs the given message with the given level.</doc>
<status status="PASS" start="2024-04-22T07:13:58.120568" elapsed="0.000400"/>
</kw>
<kw name="Set Variable" owner="BuiltIn">
<msg time="2024-04-22T07:13:58.121784" level="INFO">${json_data} = {'results': [{'gender': 'male', 'name': {'title': 'Mr', 'first': 'Efe', 'last': 'Küçükler'}, 'location': {'street': {'number': 3811, 'name': 'Istiklal Cd'}, 'city': 'Trabzon', 'state': 'Aydın', 'count...</msg>
<var>${json_data}</var>
<arg>${response.json()}</arg>
<doc>Returns the given values which can then be assigned to a variables.</doc>
<status status="PASS" start="2024-04-22T07:13:58.121276" elapsed="0.000539"/>
</kw>
<kw name="Dictionary Should Contain Key" owner="Collections">
<msg time="2024-04-22T07:13:58.122292" level="INFO">False</msg>
<arg>${json_data}</arg>
<arg>results</arg>
<doc>Fails if ``key`` is not found from ``dictionary``.</doc>
<status status="PASS" start="2024-04-22T07:13:58.122124" elapsed="0.000208"/>
</kw>
<status status="PASS" start="2024-04-22T07:13:58.032505" elapsed="0.090097"/>
</kw>
<doc>Testa se a API responde corretamente e retorna um objeto JSON válido.</doc>
<tag>testeRequisicaoBasica</tag>
<status status="PASS" start="2024-04-22T07:13:58.031826" elapsed="0.090963"/>
</test>
<test id="s1-s1-t3" name="Validar estrutura de resposta" line="22">
<kw name="Teste de Estrutura de Resposta" owner="random-user-service">
<kw name="GET On Session" owner="RequestsLibrary">
<msg time="2024-04-22T07:13:58.222543" level="INFO">GET Request : url=https://randomuser.me/api 
 path_url=/api 
 headers={'User-Agent': 'python-requests/2.31.0', 'Accept-Encoding': 'gzip, deflate', 'Accept': '*/*', 'Connection': 'keep-alive'} 
 body=None 
 </msg>
<msg time="2024-04-22T07:13:58.222658" level="INFO">GET Response : url=https://randomuser.me/api 
 status=200, reason=OK 
 headers={'Date': 'Mon, 22 Apr 2024 07:13:58 GMT', 'Content-Type': 'application/json; charset=utf-8', 'Transfer-Encoding': 'chunked', 'Connection': 'keep-alive', 'X-Powered-By': 'Express', 'Access-Control-Allow-Origin': '*', 'Cache-Control': 'no-cache', 'ETag': 'W/"486-LutupZtml+IB01KuhwgJp4aMqW8"', 'Vary': 'Accept-Encoding', 'Content-Encoding': 'gzip', 'CF-Cache-Status': 'DYNAMIC', 'Report-To': '{"endpoints":[{"url":"https:\\/\\/a.nel.cloudflare.com\\/report\\/v4?s=w9slwpMf0NIAklBJ7kkx6llFkktJ4SfjeUXsmhmcqYVi4VROSfTiZsWtCRSRy13xBfAuDhdIj0mpfS4Yv1MAH%2FmP7FhHmoskk0fOp61WeAuZCe1Nlhcp2vjRmgU%2Bzb1H"}],"group":"cf-nel","max_age":604800}', 'NEL': '{"success_fraction":0,"report_to":"cf-nel","max_age":604800}', 'Server': 'cloudflare', 'CF-RAY': '8783d0724b3010ff-ORD', 'alt-svc': 'h3=":443"; ma=86400'} 
 body={"results":[{"gender":"male","name":{"title":"Mr","first":"Gerald","last":"Sims"},"location":{"street":{"number":3891,"name":"Main Street"},"city":"Kinsale","state":"Kerry","country":"Ireland","postcode":92046,"coordinates":{"latitude":"-4.0623","longitude":"-159.9349"},"timezone":{"offset":"+3:00","description":"Baghdad, Riyadh, Moscow, St. Petersburg"}},"email":"gerald.sims@example.com","login":{"uuid":"6d86685e-6c16-47c6-9710-93ff5753dd5a","username":"beautifulbear637","password":"jarvis","salt":"xUgyEYyY","md5":"cef2dd9b54db3368e12f44ccf8c3c3eb","sha1":"42a97ff32d5d7ca4559c6dff562cbeba7611ebf0","sha256":"cab9d39749c8c541170ef5e1de69f3d28d123876a31dc66fa904b8e71b485530"},"dob":{"date":"1958-09-21T11:54:49.888Z","age":65},"registered":{"date":"2021-04-10T18:35:36.993Z","age":3},"phone":"031-432-8836","cell":"081-915-4564","id":{"name":"PPS","value":"3673842T"},"picture":{"large":"https://randomuser.me/api/portraits/men/98.jpg","medium":"https://randomuser.me/api/portraits/med/men/98.jpg","thumbnail":"https://randomuser.me/api/portraits/thumb/men/98.jpg"},"nat":"IE"}],"info":{"seed":"990e94114b775462","results":1,"page":1,"version":"1.4"}} 
 </msg>
<msg time="2024-04-22T07:13:58.222799" level="INFO">/opt/hostedtoolcache/Python/3.12.3/x64/lib/python3.12/site-packages/urllib3/connectionpool.py:1103: InsecureRequestWarning: Unverified HTTPS request is being made to host 'randomuser.me'. Adding certificate verification is strongly advised. See: https://urllib3.readthedocs.io/en/latest/advanced-usage.html#tls-warnings
  warnings.warn(</msg>
<msg time="2024-04-22T07:13:58.222937" level="INFO">${response} = &lt;Response [200]&gt;</msg>
<var>${response}</var>
<arg>consultarAPI</arg>
<arg>/api</arg>
<doc>Sends a GET request on a previously created HTTP Session.</doc>
<status status="PASS" start="2024-04-22T07:13:58.125548" elapsed="0.097432"/>
</kw>
<kw name="Set Variable" owner="BuiltIn">
<msg time="2024-04-22T07:13:58.224161" level="INFO">${json_data} = {'results': [{'gender': 'male', 'name': {'title': 'Mr', 'first': 'Gerald', 'last': 'Sims'}, 'location': {'street': {'number': 3891, 'name': 'Main Street'}, 'city': 'Kinsale', 'state': 'Kerry', 'countr...</msg>
<var>${json_data}</var>
<arg>${response.json()}</arg>
<doc>Returns the given values which can then be assigned to a variables.</doc>
<status status="PASS" start="2024-04-22T07:13:58.223608" elapsed="0.000582"/>
</kw>
<kw name="Log" owner="BuiltIn">
<msg time="2024-04-22T07:13:58.224659" level="INFO">{'results': [{'gender': 'male', 'name': {'title': 'Mr', 'first': 'Gerald', 'last': 'Sims'}, 'location': {'street': {'number': 3891, 'name': 'Main Street'}, 'city': 'Kinsale', 'state': 'Kerry', 'country': 'Ireland', 'postcode': 92046, 'coordinates': {'latitude': '-4.0623', 'longitude': '-159.9349'}, 'timezone': {'offset': '+3:00', 'description': 'Baghdad, Riyadh, Moscow, St. Petersburg'}}, 'email': 'gerald.sims@example.com', 'login': {'uuid': '6d86685e-6c16-47c6-9710-93ff5753dd5a', 'username': 'beautifulbear637', 'password': 'jarvis', 'salt': 'xUgyEYyY', 'md5': 'cef2dd9b54db3368e12f44ccf8c3c3eb', 'sha1': '42a97ff32d5d7ca4559c6dff562cbeba7611ebf0', 'sha256': 'cab9d39749c8c541170ef5e1de69f3d28d123876a31dc66fa904b8e71b485530'}, 'dob': {'date': '1958-09-21T11:54:49.888Z', 'age': 65}, 'registered': {'date': '2021-04-10T18:35:36.993Z', 'age': 3}, 'phone': '031-432-8836', 'cell': '081-915-4564', 'id': {'name': 'PPS', 'value': '3673842T'}, 'picture': {'large': 'https://randomuser.me/api/portraits/men/98.jpg', 'medium': 'https://randomuser.me/api/portraits/med/men/98.jpg', 'thumbnail': 'https://randomuser.me/api/portraits/thumb/men/98.jpg'}, 'nat': 'IE'}], 'info': {'seed': '990e94114b775462', 'results': 1, 'page': 1, 'version': '1.4'}}</msg>
<arg>${json_data}</arg>
<doc>Logs the given message with the given level.</doc>
<status status="PASS" start="2024-04-22T07:13:58.224502" elapsed="0.000206"/>
</kw>
<kw name="Dictionary Should Contain Key" owner="Collections">
<msg time="2024-04-22T07:13:58.225169" level="INFO">False</msg>
<arg>${json_data}</arg>
<arg>results</arg>
<doc>Fails if ``key`` is not found from ``dictionary``.</doc>
<status status="PASS" start="2024-04-22T07:13:58.225006" elapsed="0.000202"/>
</kw>
<kw name="Should Not Be Empty" owner="BuiltIn">
<msg time="2024-04-22T07:13:58.225676" level="INFO">Length is 2.</msg>
<arg>${json_data}</arg>
<doc>Verifies that the given item is not empty.</doc>
<status status="PASS" start="2024-04-22T07:13:58.225500" elapsed="0.000218"/>
</kw>
<kw name="Create List" owner="BuiltIn">
<msg time="2024-04-22T07:13:58.226332" level="INFO">${expected_keys} = ['gender', 'name', 'location', 'email', 'login']</msg>
<var>${expected_keys}</var>
<arg>gender</arg>
<arg>name</arg>
<arg>location</arg>
<arg>email</arg>
<arg>login</arg>
<doc>Returns a list containing given items.</doc>
<status status="PASS" start="2024-04-22T07:13:58.226012" elapsed="0.000345"/>
</kw>
<for flavor="IN">
<iter>
<kw name="Dictionary Should Contain Key" owner="Collections">
<msg time="2024-04-22T07:13:58.227368" level="INFO">False</msg>
<arg>${json_data['results'][0]}</arg>
<arg>${key}</arg>
<doc>Fails if ``key`` is not found from ``dictionary``.</doc>
<status status="PASS" start="2024-04-22T07:13:58.226967" elapsed="0.000440"/>
</kw>
<kw name="Log" owner="BuiltIn">
<msg time="2024-04-22T07:13:58.228083" level="INFO">{'gender': 'male', 'name': {'title': 'Mr', 'first': 'Gerald', 'last': 'Sims'}, 'location': {'street': {'number': 3891, 'name': 'Main Street'}, 'city': 'Kinsale', 'state': 'Kerry', 'country': 'Ireland', 'postcode': 92046, 'coordinates': {'latitude': '-4.0623', 'longitude': '-159.9349'}, 'timezone': {'offset': '+3:00', 'description': 'Baghdad, Riyadh, Moscow, St. Petersburg'}}, 'email': 'gerald.sims@example.com', 'login': {'uuid': '6d86685e-6c16-47c6-9710-93ff5753dd5a', 'username': 'beautifulbear637', 'password': 'jarvis', 'salt': 'xUgyEYyY', 'md5': 'cef2dd9b54db3368e12f44ccf8c3c3eb', 'sha1': '42a97ff32d5d7ca4559c6dff562cbeba7611ebf0', 'sha256': 'cab9d39749c8c541170ef5e1de69f3d28d123876a31dc66fa904b8e71b485530'}, 'dob': {'date': '1958-09-21T11:54:49.888Z', 'age': 65}, 'registered': {'date': '2021-04-10T18:35:36.993Z', 'age': 3}, 'phone': '031-432-8836', 'cell': '081-915-4564', 'id': {'name': 'PPS', 'value': '3673842T'}, 'picture': {'large': 'https://randomuser.me/api/portraits/men/98.jpg', 'medium': 'https://randomuser.me/api/portraits/med/men/98.jpg', 'thumbnail': 'https://randomuser.me/api/portraits/thumb/men/98.jpg'}, 'nat': 'IE'}</msg>
<arg>${json_data['results'][0]}</arg>
<doc>Logs the given message with the given level.</doc>
<status status="PASS" start="2024-04-22T07:13:58.227714" elapsed="0.000416"/>
</kw>
<kw name="Log" owner="BuiltIn">
<msg time="2024-04-22T07:13:58.228553" level="INFO">gender</msg>
<arg>${key}</arg>
<doc>Logs the given message with the given level.</doc>
<status status="PASS" start="2024-04-22T07:13:58.228424" elapsed="0.000167"/>
</kw>
<var name="${key}">gender</var>
<status status="PASS" start="2024-04-22T07:13:58.226841" elapsed="0.001975"/>
</iter>
<iter>
<kw name="Dictionary Should Contain Key" owner="Collections">
<msg time="2024-04-22T07:13:58.229503" level="INFO">False</msg>
<arg>${json_data['results'][0]}</arg>
<arg>${key}</arg>
<doc>Fails if ``key`` is not found from ``dictionary``.</doc>
<status status="PASS" start="2024-04-22T07:13:58.229117" elapsed="0.000422"/>
</kw>
<kw name="Log" owner="BuiltIn">
<msg time="2024-04-22T07:13:58.230265" level="INFO">{'gender': 'male', 'name': {'title': 'Mr', 'first': 'Gerald', 'last': 'Sims'}, 'location': {'street': {'number': 3891, 'name': 'Main Street'}, 'city': 'Kinsale', 'state': 'Kerry', 'country': 'Ireland', 'postcode': 92046, 'coordinates': {'latitude': '-4.0623', 'longitude': '-159.9349'}, 'timezone': {'offset': '+3:00', 'description': 'Baghdad, Riyadh, Moscow, St. Petersburg'}}, 'email': 'gerald.sims@example.com', 'login': {'uuid': '6d86685e-6c16-47c6-9710-93ff5753dd5a', 'username': 'beautifulbear637', 'password': 'jarvis', 'salt': 'xUgyEYyY', 'md5': 'cef2dd9b54db3368e12f44ccf8c3c3eb', 'sha1': '42a97ff32d5d7ca4559c6dff562cbeba7611ebf0', 'sha256': 'cab9d39749c8c541170ef5e1de69f3d28d123876a31dc66fa904b8e71b485530'}, 'dob': {'date': '1958-09-21T11:54:49.888Z', 'age': 65}, 'registered': {'date': '2021-04-10T18:35:36.993Z', 'age': 3}, 'phone': '031-432-8836', 'cell': '081-915-4564', 'id': {'name': 'PPS', 'value': '3673842T'}, 'picture': {'large': 'https://randomuser.me/api/portraits/men/98.jpg', 'medium': 'https://randomuser.me/api/portraits/med/men/98.jpg', 'thumbnail': 'https://randomuser.me/api/portraits/thumb/men/98.jpg'}, 'nat': 'IE'}</msg>
<arg>${json_data['results'][0]}</arg>
<doc>Logs the given message with the given level.</doc>
<status status="PASS" start="2024-04-22T07:13:58.229904" elapsed="0.000409"/>
</kw>
<kw name="Log" owner="BuiltIn">
<msg time="2024-04-22T07:13:58.230742" level="INFO">name</msg>
<arg>${key}</arg>
<doc>Logs the given message with the given level.</doc>
<status status="PASS" start="2024-04-22T07:13:58.230617" elapsed="0.000162"/>
</kw>
<var name="${key}">name</var>
<status status="PASS" start="2024-04-22T07:13:58.229003" elapsed="0.001990"/>
</iter>
<iter>
<kw name="Dictionary Should Contain Key" owner="Collections">
<msg time="2024-04-22T07:13:58.231695" level="INFO">False</msg>
<arg>${json_data['results'][0]}</arg>
<arg>${key}</arg>
<doc>Fails if ``key`` is not found from ``dictionary``.</doc>
<status status="PASS" start="2024-04-22T07:13:58.231283" elapsed="0.000450"/>
</kw>
<kw name="Log" owner="BuiltIn">
<msg time="2024-04-22T07:13:58.232392" level="INFO">{'gender': 'male', 'name': {'title': 'Mr', 'first': 'Gerald', 'last': 'Sims'}, 'location': {'street': {'number': 3891, 'name': 'Main Street'}, 'city': 'Kinsale', 'state': 'Kerry', 'country': 'Ireland', 'postcode': 92046, 'coordinates': {'latitude': '-4.0623', 'longitude': '-159.9349'}, 'timezone': {'offset': '+3:00', 'description': 'Baghdad, Riyadh, Moscow, St. Petersburg'}}, 'email': 'gerald.sims@example.com', 'login': {'uuid': '6d86685e-6c16-47c6-9710-93ff5753dd5a', 'username': 'beautifulbear637', 'password': 'jarvis', 'salt': 'xUgyEYyY', 'md5': 'cef2dd9b54db3368e12f44ccf8c3c3eb', 'sha1': '42a97ff32d5d7ca4559c6dff562cbeba7611ebf0', 'sha256': 'cab9d39749c8c541170ef5e1de69f3d28d123876a31dc66fa904b8e71b485530'}, 'dob': {'date': '1958-09-21T11:54:49.888Z', 'age': 65}, 'registered': {'date': '2021-04-10T18:35:36.993Z', 'age': 3}, 'phone': '031-432-8836', 'cell': '081-915-4564', 'id': {'name': 'PPS', 'value': '3673842T'}, 'picture': {'large': 'https://randomuser.me/api/portraits/men/98.jpg', 'medium': 'https://randomuser.me/api/portraits/med/men/98.jpg', 'thumbnail': 'https://randomuser.me/api/portraits/thumb/men/98.jpg'}, 'nat': 'IE'}</msg>
<arg>${json_data['results'][0]}</arg>
<doc>Logs the given message with the given level.</doc>
<status status="PASS" start="2024-04-22T07:13:58.232034" elapsed="0.000406"/>
</kw>
<kw name="Log" owner="BuiltIn">
<msg time="2024-04-22T07:13:58.232858" level="INFO">location</msg>
<arg>${key}</arg>
<doc>Logs the given message with the given level.</doc>
<status status="PASS" start="2024-04-22T07:13:58.232732" elapsed="0.000164"/>
</kw>
<var name="${key}">location</var>
<status status="PASS" start="2024-04-22T07:13:58.231170" elapsed="0.001941"/>
</iter>
<iter>
<kw name="Dictionary Should Contain Key" owner="Collections">
<msg time="2024-04-22T07:13:58.233817" level="INFO">False</msg>
<arg>${json_data['results'][0]}</arg>
<arg>${key}</arg>
<doc>Fails if ``key`` is not found from ``dictionary``.</doc>
<status status="PASS" start="2024-04-22T07:13:58.233396" elapsed="0.000458"/>
</kw>
<kw name="Log" owner="BuiltIn">
<msg time="2024-04-22T07:13:58.234514" level="INFO">{'gender': 'male', 'name': {'title': 'Mr', 'first': 'Gerald', 'last': 'Sims'}, 'location': {'street': {'number': 3891, 'name': 'Main Street'}, 'city': 'Kinsale', 'state': 'Kerry', 'country': 'Ireland', 'postcode': 92046, 'coordinates': {'latitude': '-4.0623', 'longitude': '-159.9349'}, 'timezone': {'offset': '+3:00', 'description': 'Baghdad, Riyadh, Moscow, St. Petersburg'}}, 'email': 'gerald.sims@example.com', 'login': {'uuid': '6d86685e-6c16-47c6-9710-93ff5753dd5a', 'username': 'beautifulbear637', 'password': 'jarvis', 'salt': 'xUgyEYyY', 'md5': 'cef2dd9b54db3368e12f44ccf8c3c3eb', 'sha1': '42a97ff32d5d7ca4559c6dff562cbeba7611ebf0', 'sha256': 'cab9d39749c8c541170ef5e1de69f3d28d123876a31dc66fa904b8e71b485530'}, 'dob': {'date': '1958-09-21T11:54:49.888Z', 'age': 65}, 'registered': {'date': '2021-04-10T18:35:36.993Z', 'age': 3}, 'phone': '031-432-8836', 'cell': '081-915-4564', 'id': {'name': 'PPS', 'value': '3673842T'}, 'picture': {'large': 'https://randomuser.me/api/portraits/men/98.jpg', 'medium': 'https://randomuser.me/api/portraits/med/men/98.jpg', 'thumbnail': 'https://randomuser.me/api/portraits/thumb/men/98.jpg'}, 'nat': 'IE'}</msg>
<arg>${json_data['results'][0]}</arg>
<doc>Logs the given message with the given level.</doc>
<status status="PASS" start="2024-04-22T07:13:58.234151" elapsed="0.000411"/>
</kw>
<kw name="Log" owner="BuiltIn">
<msg time="2024-04-22T07:13:58.234987" level="INFO">email</msg>
<arg>${key}</arg>
<doc>Logs the given message with the given level.</doc>
<status status="PASS" start="2024-04-22T07:13:58.234862" elapsed="0.000163"/>
</kw>
<var name="${key}">email</var>
<status status="PASS" start="2024-04-22T07:13:58.233286" elapsed="0.001950"/>
</iter>
<iter>
<kw name="Dictionary Should Contain Key" owner="Collections">
<msg time="2024-04-22T07:13:58.235938" level="INFO">False</msg>
<arg>${json_data['results'][0]}</arg>
<arg>${key}</arg>
<doc>Fails if ``key`` is not found from ``dictionary``.</doc>
<status status="PASS" start="2024-04-22T07:13:58.235539" elapsed="0.000437"/>
</kw>
<kw name="Log" owner="BuiltIn">
<msg time="2024-04-22T07:13:58.236632" level="INFO">{'gender': 'male', 'name': {'title': 'Mr', 'first': 'Gerald', 'last': 'Sims'}, 'location': {'street': {'number': 3891, 'name': 'Main Street'}, 'city': 'Kinsale', 'state': 'Kerry', 'country': 'Ireland', 'postcode': 92046, 'coordinates': {'latitude': '-4.0623', 'longitude': '-159.9349'}, 'timezone': {'offset': '+3:00', 'description': 'Baghdad, Riyadh, Moscow, St. Petersburg'}}, 'email': 'gerald.sims@example.com', 'login': {'uuid': '6d86685e-6c16-47c6-9710-93ff5753dd5a', 'username': 'beautifulbear637', 'password': 'jarvis', 'salt': 'xUgyEYyY', 'md5': 'cef2dd9b54db3368e12f44ccf8c3c3eb', 'sha1': '42a97ff32d5d7ca4559c6dff562cbeba7611ebf0', 'sha256': 'cab9d39749c8c541170ef5e1de69f3d28d123876a31dc66fa904b8e71b485530'}, 'dob': {'date': '1958-09-21T11:54:49.888Z', 'age': 65}, 'registered': {'date': '2021-04-10T18:35:36.993Z', 'age': 3}, 'phone': '031-432-8836', 'cell': '081-915-4564', 'id': {'name': 'PPS', 'value': '3673842T'}, 'picture': {'large': 'https://randomuser.me/api/portraits/men/98.jpg', 'medium': 'https://randomuser.me/api/portraits/med/men/98.jpg', 'thumbnail': 'https://randomuser.me/api/portraits/thumb/men/98.jpg'}, 'nat': 'IE'}</msg>
<arg>${json_data['results'][0]}</arg>
<doc>Logs the given message with the given level.</doc>
<status status="PASS" start="2024-04-22T07:13:58.236268" elapsed="0.000413"/>
</kw>
<kw name="Log" owner="BuiltIn">
<msg time="2024-04-22T07:13:58.237095" level="INFO">login</msg>
<arg>${key}</arg>
<doc>Logs the given message with the given level.</doc>
<status status="PASS" start="2024-04-22T07:13:58.236971" elapsed="0.000162"/>
</kw>
<var name="${key}">login</var>
<status status="PASS" start="2024-04-22T07:13:58.235406" elapsed="0.001940"/>
</iter>
<var>${key}</var>
<value>@{expected_keys}</value>
<status status="PASS" start="2024-04-22T07:13:58.226634" elapsed="0.010859"/>
</for>
<kw name="Create List" owner="BuiltIn">
<msg time="2024-04-22T07:13:58.237871" level="INFO">${expected_keysTwo} = ['username', 'password']</msg>
<var>${expected_keysTwo}</var>
<arg>username</arg>
<arg>password</arg>
<doc>Returns a list containing given items.</doc>
<status status="PASS" start="2024-04-22T07:13:58.237733" elapsed="0.000161"/>
</kw>
<for flavor="IN">
<iter>
<kw name="Dictionary Should Contain Key" owner="Collections">
<msg time="2024-04-22T07:13:58.238777" level="INFO">False</msg>
<arg>${json_data['results'][0]['login']}</arg>
<arg>${keyTwo}</arg>
<doc>Fails if ``key`` is not found from ``dictionary``.</doc>
<status status="PASS" start="2024-04-22T07:13:58.238393" elapsed="0.000422"/>
</kw>
<kw name="Dictionary Should Contain Key" owner="Collections">
<msg time="2024-04-22T07:13:58.239511" level="INFO">False</msg>
<arg>${json_data['results'][0]['login']}</arg>
<arg>${keyTwo}</arg>
<doc>Fails if ``key`` is not found from ``dictionary``.</doc>
<status status="PASS" start="2024-04-22T07:13:58.239107" elapsed="0.000451"/>
</kw>
<kw name="Log" owner="BuiltIn">
<msg time="2024-04-22T07:13:58.239993" level="INFO">username</msg>
<arg>${keyTwo}</arg>
<doc>Logs the given message with the given level.</doc>
<status status="PASS" start="2024-04-22T07:13:58.239858" elapsed="0.000177"/>
</kw>
<var name="${keyTwo}">username</var>
<status status="PASS" start="2024-04-22T07:13:58.238285" elapsed="0.001970"/>
</iter>
<iter>
<kw name="Dictionary Should Contain Key" owner="Collections">
<msg time="2024-04-22T07:13:58.240928" level="INFO">False</msg>
<arg>${json_data['results'][0]['login']}</arg>
<arg>${keyTwo}</arg>
<doc>Fails if ``key`` is not found from ``dictionary``.</doc>
<status status="PASS" start="2024-04-22T07:13:58.240547" elapsed="0.000423"/>
</kw>
<kw name="Dictionary Should Contain Key" owner="Collections">
<msg time="2024-04-22T07:13:58.241754" level="INFO">False</msg>
<arg>${json_data['results'][0]['login']}</arg>
<arg>${keyTwo}</arg>
<doc>Fails if ``key`` is not found from ``dictionary``.</doc>
<status status="PASS" start="2024-04-22T07:13:58.241260" elapsed="0.000535"/>
</kw>
<kw name="Log" owner="BuiltIn">
<msg time="2024-04-22T07:13:58.242222" level="INFO">password</msg>
<arg>${keyTwo}</arg>
<doc>Logs the given message with the given level.</doc>
<status status="PASS" start="2024-04-22T07:13:58.242094" elapsed="0.000166"/>
</kw>
<var name="${keyTwo}">password</var>
<status status="PASS" start="2024-04-22T07:13:58.240434" elapsed="0.002038"/>
</iter>
<var>${keyTwo}</var>
<value>@{expected_keysTwo}</value>
<status status="PASS" start="2024-04-22T07:13:58.238132" elapsed="0.004461"/>
</for>
<status status="PASS" start="2024-04-22T07:13:58.125306" elapsed="0.117437"/>
</kw>
<doc>Testa a estrutura da resposta da API.</doc>
<tag>testeEstruturaResposta</tag>
<status status="PASS" start="2024-04-22T07:13:58.124651" elapsed="0.118249"/>
</test>
<test id="s1-s1-t4" name="Validar tipos de dados" line="28">
<kw name="Teste de Tipos de Dados" owner="random-user-service">
<kw name="GET On Session" owner="RequestsLibrary">
<msg time="2024-04-22T07:13:58.306527" level="INFO">GET Request : url=https://randomuser.me/api 
 path_url=/api 
 headers={'User-Agent': 'python-requests/2.31.0', 'Accept-Encoding': 'gzip, deflate', 'Accept': '*/*', 'Connection': 'keep-alive'} 
 body=None 
 </msg>
<msg time="2024-04-22T07:13:58.306627" level="INFO">GET Response : url=https://randomuser.me/api 
 status=200, reason=OK 
 headers={'Date': 'Mon, 22 Apr 2024 07:13:58 GMT', 'Content-Type': 'application/json; charset=utf-8', 'Transfer-Encoding': 'chunked', 'Connection': 'keep-alive', 'X-Powered-By': 'Express', 'Access-Control-Allow-Origin': '*', 'Cache-Control': 'no-cache', 'ETag': 'W/"493-taQLv7W4T55b7HU2AfSjX3MyzoQ"', 'Vary': 'Accept-Encoding', 'Content-Encoding': 'gzip', 'CF-Cache-Status': 'DYNAMIC', 'Report-To': '{"endpoints":[{"url":"https:\\/\\/a.nel.cloudflare.com\\/report\\/v4?s=ccqLPdpIfigQbExCffK9mfcLcG55F4UpB0Uv%2BDM2flIm9t%2BhJQ65bgiqhgto39lgYaxd9hQyHMk0N9kaSHXoSuTlBUxTIs%2BeNUQUGAZgIfyAF6o81Y20kEJCb9lh6L16"}],"group":"cf-nel","max_age":604800}', 'NEL': '{"success_fraction":0,"report_to":"cf-nel","max_age":604800}', 'Server': 'cloudflare', 'CF-RAY': '8783d0730b9610ff-ORD', 'alt-svc': 'h3=":443"; ma=86400'} 
 body={"results":[{"gender":"female","name":{"title":"Mrs","first":"Gundi","last":"Heber"},"location":{"street":{"number":4730,"name":"Industriestraße"},"city":"Vilsbiburg","state":"Hamburg","country":"Germany","postcode":16524,"coordinates":{"latitude":"-49.1400","longitude":"145.8143"},"timezone":{"offset":"-7:00","description":"Mountain Time (US &amp; Canada)"}},"email":"gundi.heber@example.com","login":{"uuid":"646377e5-1d55-4a39-a4d5-c3981524f673","username":"goldensnake312","password":"superior","salt":"ZuvPpJjr","md5":"830c2529cbc50e976ed6545b2d412166","sha1":"071aa5f2764a83dd66bedb643c4bfcf07ed1dd3e","sha256":"603dee2d28c737cb698169b6309a6ebf67b61ff73dd47023dea313c668a6fff2"},"dob":{"date":"1976-12-10T21:49:26.385Z","age":47},"registered":{"date":"2013-03-20T06:26:45.720Z","age":11},"phone":"0312-9342593","cell":"0171-6397709","id":{"name":"SVNR","value":"46 101276 H 776"},"picture":{"large":"https://randomuser.me/api/portraits/women/7.jpg","medium":"https://randomuser.me/api/portraits/med/women/7.jpg","thumbnail":"https://randomuser.me/api/portraits/thumb/women/7.jpg"},"nat":"DE"}],"info":{"seed":"14fa49bf9b63d314","results":1,"page":1,"version":"1.4"}} 
 </msg>
<msg time="2024-04-22T07:13:58.306700" level="INFO">/opt/hostedtoolcache/Python/3.12.3/x64/lib/python3.12/site-packages/urllib3/connectionpool.py:1103: InsecureRequestWarning: Unverified HTTPS request is being made to host 'randomuser.me'. Adding certificate verification is strongly advised. See: https://urllib3.readthedocs.io/en/latest/advanced-usage.html#tls-warnings
  warnings.warn(</msg>
<msg time="2024-04-22T07:13:58.306828" level="INFO">${response} = &lt;Response [200]&gt;</msg>
<var>${response}</var>
<arg>consultarAPI</arg>
<arg>/api</arg>
<doc>Sends a GET request on a previously created HTTP Session.</doc>
<status status="PASS" start="2024-04-22T07:13:58.245457" elapsed="0.061411"/>
</kw>
<kw name="Set Variable" owner="BuiltIn">
<msg time="2024-04-22T07:13:58.308058" level="INFO">${json_data} = {'results': [{'gender': 'female', 'name': {'title': 'Mrs', 'first': 'Gundi', 'last': 'Heber'}, 'location': {'street': {'number': 4730, 'name': 'Industriestraße'}, 'city': 'Vilsbiburg', 'state': 'Hambu...</msg>
<var>${json_data}</var>
<arg>${response.json()}</arg>
<doc>Returns the given values which can then be assigned to a variables.</doc>
<status status="PASS" start="2024-04-22T07:13:58.307497" elapsed="0.000591"/>
</kw>
<kw name="Log" owner="BuiltIn">
<msg time="2024-04-22T07:13:58.308564" level="INFO">{'results': [{'gender': 'female', 'name': {'title': 'Mrs', 'first': 'Gundi', 'last': 'Heber'}, 'location': {'street': {'number': 4730, 'name': 'Industriestraße'}, 'city': 'Vilsbiburg', 'state': 'Hamburg', 'country': 'Germany', 'postcode': 16524, 'coordinates': {'latitude': '-49.1400', 'longitude': '145.8143'}, 'timezone': {'offset': '-7:00', 'description': 'Mountain Time (US &amp; Canada)'}}, 'email': 'gundi.heber@example.com', 'login': {'uuid': '646377e5-1d55-4a39-a4d5-c3981524f673', 'username': 'goldensnake312', 'password': 'superior', 'salt': 'ZuvPpJjr', 'md5': '830c2529cbc50e976ed6545b2d412166', 'sha1': '071aa5f2764a83dd66bedb643c4bfcf07ed1dd3e', 'sha256': '603dee2d28c737cb698169b6309a6ebf67b61ff73dd47023dea313c668a6fff2'}, 'dob': {'date': '1976-12-10T21:49:26.385Z', 'age': 47}, 'registered': {'date': '2013-03-20T06:26:45.720Z', 'age': 11}, 'phone': '0312-9342593', 'cell': '0171-6397709', 'id': {'name': 'SVNR', 'value': '46 101276 H 776'}, 'picture': {'large': 'https://randomuser.me/api/portraits/women/7.jpg', 'medium': 'https://randomuser.me/api/portraits/med/women/7.jpg', 'thumbnail': 'https://randomuser.me/api/portraits/thumb/women/7.jpg'}, 'nat': 'DE'}], 'info': {'seed': '14fa49bf9b63d314', 'results': 1, 'page': 1, 'version': '1.4'}}</msg>
<arg>${json_data}</arg>
<doc>Logs the given message with the given level.</doc>
<status status="PASS" start="2024-04-22T07:13:58.308402" elapsed="0.000251"/>
</kw>
<kw name="Should Be String" owner="String">
<arg>${json_data['results'][0]['gender']}</arg>
<doc>Fails if the given ``item`` is not a string.</doc>
<status status="PASS" start="2024-04-22T07:13:58.308960" elapsed="0.000374"/>
</kw>
<kw name="Should Match Regexp" owner="BuiltIn">
<arg>${json_data['results'][0]['email']}</arg>
<arg>^[a-zA-Z0-9._%+-]+@[a-zA-Z0-9.-]+\.[a-zA-Z]{2,}$</arg>
<doc>Fails if ``string`` does not match ``pattern`` as a regular expression.</doc>
<status status="PASS" start="2024-04-22T07:13:58.309530" elapsed="0.000563"/>
</kw>
<kw name="Should Match Regexp" owner="BuiltIn">
<arg>${json_data['results'][0]['dob']['date']}</arg>
<arg>\\d{4}-\\d{2}-\\d{2}T\\d{2}:\\d{2}:\\d{2}\\.\\d{3}Z</arg>
<doc>Fails if ``string`` does not match ``pattern`` as a regular expression.</doc>
<status status="PASS" start="2024-04-22T07:13:58.310292" elapsed="0.000490"/>
</kw>
<kw name="Should Match Regexp" owner="BuiltIn">
<arg>${json_data['results'][0]['registered']['date']}</arg>
<arg>\\d{4}-\\d{2}-\\d{2}T\\d{2}:\\d{2}:\\d{2}\\.\\d{3}Z</arg>
<doc>Fails if ``string`` does not match ``pattern`` as a regular expression.</doc>
<status status="PASS" start="2024-04-22T07:13:58.310976" elapsed="0.000374"/>
</kw>
<kw name="Should Match Regexp" owner="BuiltIn">
<arg>${json_data['results'][0]['picture']['large']}</arg>
<arg>^https?://.*\.(?:png|jpe?g|gif|bmp)$</arg>
<doc>Fails if ``string`` does not match ``pattern`` as a regular expression.</doc>
<status status="PASS" start="2024-04-22T07:13:58.311539" elapsed="0.000460"/>
</kw>
<kw name="Should Match Regexp" owner="BuiltIn">
<arg>${json_data['results'][0]['picture']['medium']}</arg>
<arg>^https?://.*\.(?:png|jpe?g|gif|bmp)$</arg>
<doc>Fails if ``string`` does not match ``pattern`` as a regular expression.</doc>
<status status="PASS" start="2024-04-22T07:13:58.312193" elapsed="0.000366"/>
</kw>
<kw name="Should Match Regexp" owner="BuiltIn">
<arg>${json_data['results'][0]['picture']['thumbnail']}</arg>
<arg>^https?://.*\.(?:png|jpe?g|gif|bmp)$</arg>
<doc>Fails if ``string`` does not match ``pattern`` as a regular expression.</doc>
<status status="PASS" start="2024-04-22T07:13:58.312751" elapsed="0.000347"/>
</kw>
<kw name="Log" owner="BuiltIn">
<msg time="2024-04-22T07:13:58.313644" level="INFO">{'large': 'https://randomuser.me/api/portraits/women/7.jpg', 'medium': 'https://randomuser.me/api/portraits/med/women/7.jpg', 'thumbnail': 'https://randomuser.me/api/portraits/thumb/women/7.jpg'}</msg>
<arg>${json_data['results'][0]['picture']}</arg>
<doc>Logs the given message with the given level.</doc>
<status status="PASS" start="2024-04-22T07:13:58.313281" elapsed="0.000409"/>
</kw>
<status status="PASS" start="2024-04-22T07:13:58.245228" elapsed="0.068723"/>
</kw>
<kw name="Teste de Tipos de Dados - Postcode" owner="random-user-service">
<kw name="GET On Session" owner="RequestsLibrary">
<msg time="2024-04-22T07:13:58.425024" level="INFO">GET Request : url=https://randomuser.me/api 
 path_url=/api 
 headers={'User-Agent': 'python-requests/2.31.0', 'Accept-Encoding': 'gzip, deflate', 'Accept': '*/*', 'Connection': 'keep-alive'} 
 body=None 
 </msg>
<msg time="2024-04-22T07:13:58.425134" level="INFO">GET Response : url=https://randomuser.me/api 
 status=200, reason=OK 
 headers={'Date': 'Mon, 22 Apr 2024 07:13:58 GMT', 'Content-Type': 'application/json; charset=utf-8', 'Transfer-Encoding': 'chunked', 'Connection': 'keep-alive', 'X-Powered-By': 'Express', 'Access-Control-Allow-Origin': '*', 'Cache-Control': 'no-cache', 'ETag': 'W/"485-RCQNTXRmN2UqxBnMN+8loI+YIYg"', 'Vary': 'Accept-Encoding', 'Content-Encoding': 'gzip', 'CF-Cache-Status': 'DYNAMIC', 'Report-To': '{"endpoints":[{"url":"https:\\/\\/a.nel.cloudflare.com\\/report\\/v4?s=x%2BmvfJDW0Zi9GZRxZ85CEq8L%2F9OpmQaRkjlh9q20fVRZJueS40JejeJcbCCeGMIYs04sDa430yP1CrNmuex0M7AcisPalSsZSeDbgymKmbdzpKgd240YxBZEQJxDICcr"}],"group":"cf-nel","max_age":604800}', 'NEL': '{"success_fraction":0,"report_to":"cf-nel","max_age":604800}', 'Server': 'cloudflare', 'CF-RAY': '8783d0737bd310ff-ORD', 'alt-svc': 'h3=":443"; ma=86400'} 
 body={"results":[{"gender":"male","name":{"title":"Mr","first":"Nikolay","last":"Lundberg"},"location":{"street":{"number":4902,"name":"Gabbi Lunds vei"},"city":"Bratsberg","state":"Trøndelag","country":"Norway","postcode":"6083","coordinates":{"latitude":"45.8824","longitude":"-69.6566"},"timezone":{"offset":"+2:00","description":"Kaliningrad, South Africa"}},"email":"nikolay.lundberg@example.com","login":{"uuid":"b88731ef-ddeb-45a7-9699-59d9844e5762","username":"organicmouse429","password":"hhhhhh","salt":"115RwOEf","md5":"6fd6aa8f0b20cf9db2aed09c97420a3b","sha1":"28487d2f472b7c1c28c62d5f732e88da8f3e95af","sha256":"19bf2e3011ff816c9ad7c1f7684ddce2d384d28e017e02458a5a08e063f5752b"},"dob":{"date":"1977-01-25T09:58:15.117Z","age":47},"registered":{"date":"2019-02-06T16:01:32.512Z","age":5},"phone":"62293431","cell":"46186317","id":{"name":"FN","value":"25017715596"},"picture":{"large":"https://randomuser.me/api/portraits/men/60.jpg","medium":"https://randomuser.me/api/portraits/med/men/60.jpg","thumbnail":"https://randomuser.me/api/portraits/thumb/men/60.jpg"},"nat":"NO"}],"info":{"seed":"95fb636b4395c258","results":1,"page":1,"version":"1.4"}} 
 </msg>
<msg time="2024-04-22T07:13:58.425219" level="INFO">/opt/hostedtoolcache/Python/3.12.3/x64/lib/python3.12/site-packages/urllib3/connectionpool.py:1103: InsecureRequestWarning: Unverified HTTPS request is being made to host 'randomuser.me'. Adding certificate verification is strongly advised. See: https://urllib3.readthedocs.io/en/latest/advanced-usage.html#tls-warnings
  warnings.warn(</msg>
<msg time="2024-04-22T07:13:58.425371" level="INFO">${response} = &lt;Response [200]&gt;</msg>
<var>${response}</var>
<arg>consultarAPI</arg>
<arg>/api</arg>
<doc>Sends a GET request on a previously created HTTP Session.</doc>
<status status="PASS" start="2024-04-22T07:13:58.314422" elapsed="0.110996"/>
</kw>
<kw name="Set Variable" owner="BuiltIn">
<msg time="2024-04-22T07:13:58.426617" level="INFO">${json_data} = {'results': [{'gender': 'male', 'name': {'title': 'Mr', 'first': 'Nikolay', 'last': 'Lundberg'}, 'location': {'street': {'number': 4902, 'name': 'Gabbi Lunds vei'}, 'city': 'Bratsberg', 'state': 'Trøn...</msg>
<var>${json_data}</var>
<arg>${response.json()}</arg>
<doc>Returns the given values which can then be assigned to a variables.</doc>
<status status="PASS" start="2024-04-22T07:13:58.426063" elapsed="0.000584"/>
</kw>
<kw name="Log" owner="BuiltIn">
<msg time="2024-04-22T07:13:58.427132" level="INFO">{'results': [{'gender': 'male', 'name': {'title': 'Mr', 'first': 'Nikolay', 'last': 'Lundberg'}, 'location': {'street': {'number': 4902, 'name': 'Gabbi Lunds vei'}, 'city': 'Bratsberg', 'state': 'Trøndelag', 'country': 'Norway', 'postcode': '6083', 'coordinates': {'latitude': '45.8824', 'longitude': '-69.6566'}, 'timezone': {'offset': '+2:00', 'description': 'Kaliningrad, South Africa'}}, 'email': 'nikolay.lundberg@example.com', 'login': {'uuid': 'b88731ef-ddeb-45a7-9699-59d9844e5762', 'username': 'organicmouse429', 'password': 'hhhhhh', 'salt': '115RwOEf', 'md5': '6fd6aa8f0b20cf9db2aed09c97420a3b', 'sha1': '28487d2f472b7c1c28c62d5f732e88da8f3e95af', 'sha256': '19bf2e3011ff816c9ad7c1f7684ddce2d384d28e017e02458a5a08e063f5752b'}, 'dob': {'date': '1977-01-25T09:58:15.117Z', 'age': 47}, 'registered': {'date': '2019-02-06T16:01:32.512Z', 'age': 5}, 'phone': '62293431', 'cell': '46186317', 'id': {'name': 'FN', 'value': '25017715596'}, 'picture': {'large': 'https://randomuser.me/api/portraits/men/60.jpg', 'medium': 'https://randomuser.me/api/portraits/med/men/60.jpg', 'thumbnail': 'https://randomuser.me/api/portraits/thumb/men/60.jpg'}, 'nat': 'NO'}], 'info': {'seed': '95fb636b4395c258', 'results': 1, 'page': 1, 'version': '1.4'}}</msg>
<arg>${json_data}</arg>
<doc>Logs the given message with the given level.</doc>
<status status="PASS" start="2024-04-22T07:13:58.426969" elapsed="0.000248"/>
</kw>
<kw name="Should Be Equal As Numbers" owner="BuiltIn">
<arg>${json_data['results'][0]['location']['postcode']}</arg>
<arg>${json_data['results'][0]['location']['postcode']}</arg>
<doc>Fails if objects are unequal after converting them to real numbers.</doc>
<status status="PASS" start="2024-04-22T07:13:58.427530" elapsed="0.000823"/>
</kw>
<kw name="Log" owner="BuiltIn">
<msg time="2024-04-22T07:13:58.428894" level="INFO">6083</msg>
<arg>${json_data['results'][0]['location']['postcode']}</arg>
<doc>Logs the given message with the given level.</doc>
<status status="PASS" start="2024-04-22T07:13:58.428553" elapsed="0.000383"/>
</kw>
<status status="PASS" start="2024-04-22T07:13:58.314182" elapsed="0.115015"/>
</kw>
<doc>Testa se os tipos de dados na resposta da API estão corretos.</doc>
<tag>testeTiposDados</tag>
<status status="PASS" start="2024-04-22T07:13:58.244689" elapsed="0.184682"/>
</test>
<test id="s1-s1-t5" name="Validar conteudo" line="35">
<kw name="Teste de Tipos de Conteudo" owner="random-user-service">
<kw name="GET On Session" owner="RequestsLibrary">
<msg time="2024-04-22T07:13:58.511998" level="INFO">GET Request : url=https://randomuser.me/api 
 path_url=/api 
 headers={'User-Agent': 'python-requests/2.31.0', 'Accept-Encoding': 'gzip, deflate', 'Accept': '*/*', 'Connection': 'keep-alive'} 
 body=None 
 </msg>
<msg time="2024-04-22T07:13:58.512110" level="INFO">GET Response : url=https://randomuser.me/api 
 status=200, reason=OK 
 headers={'Date': 'Mon, 22 Apr 2024 07:13:58 GMT', 'Content-Type': 'application/json; charset=utf-8', 'Transfer-Encoding': 'chunked', 'Connection': 'keep-alive', 'X-Powered-By': 'Express', 'Access-Control-Allow-Origin': '*', 'Cache-Control': 'no-cache', 'ETag': 'W/"481-KdB5Zga0MJZe1vR/w8jCgNh3EGY"', 'Vary': 'Accept-Encoding', 'Content-Encoding': 'gzip', 'CF-Cache-Status': 'DYNAMIC', 'Report-To': '{"endpoints":[{"url":"https:\\/\\/a.nel.cloudflare.com\\/report\\/v4?s=ffNuSncRJGH7Nphu9c5wKR5bjrQIiFCHaHRBZ9StqwMnmjWvOfCYuolah%2FV0e5%2FUBkWwNsDivwQe9u8TwbBLDq8blLs6bI5u2hao66PCsrO92%2BsX6bZXA17HnEKNVCPC"}],"group":"cf-nel","max_age":604800}', 'NEL': '{"success_fraction":0,"report_to":"cf-nel","max_age":604800}', 'Server': 'cloudflare', 'CF-RAY': '8783d0743c5f10ff-ORD', 'alt-svc': 'h3=":443"; ma=86400'} 
 body={"results":[{"gender":"female","name":{"title":"Miss","first":"Eva","last":"Guillaume"},"location":{"street":{"number":1750,"name":"Rue D'Abbeville"},"city":"Tours","state":"Lozère","country":"France","postcode":99530,"coordinates":{"latitude":"-20.9827","longitude":"93.4189"},"timezone":{"offset":"-2:00","description":"Mid-Atlantic"}},"email":"eva.guillaume@example.com","login":{"uuid":"564627e9-fb0f-419b-9fba-89880c4cd1e1","username":"redlion633","password":"quartz","salt":"Rc8hMRK9","md5":"acf80a0757bf14e142eee9d90b24f6ba","sha1":"f02557000590ab0fe34542dacdbb21f6e3352d71","sha256":"185b464bae43ec3db7816942b3bc984911fbe07d4f8ee1060b7cd1349146eaeb"},"dob":{"date":"1975-07-29T07:22:28.211Z","age":48},"registered":{"date":"2013-02-10T13:02:13.185Z","age":11},"phone":"05-27-81-90-36","cell":"06-70-52-59-72","id":{"name":"INSEE","value":"2750631851370 42"},"picture":{"large":"https://randomuser.me/api/portraits/women/2.jpg","medium":"https://randomuser.me/api/portraits/med/women/2.jpg","thumbnail":"https://randomuser.me/api/portraits/thumb/women/2.jpg"},"nat":"FR"}],"info":{"seed":"f8a5c10d003cbcf6","results":1,"page":1,"version":"1.4"}} 
 </msg>
<msg time="2024-04-22T07:13:58.512200" level="INFO">/opt/hostedtoolcache/Python/3.12.3/x64/lib/python3.12/site-packages/urllib3/connectionpool.py:1103: InsecureRequestWarning: Unverified HTTPS request is being made to host 'randomuser.me'. Adding certificate verification is strongly advised. See: https://urllib3.readthedocs.io/en/latest/advanced-usage.html#tls-warnings
  warnings.warn(</msg>
<msg time="2024-04-22T07:13:58.512353" level="INFO">${response} = &lt;Response [200]&gt;</msg>
<var>${response}</var>
<arg>consultarAPI</arg>
<arg>/api</arg>
<doc>Sends a GET request on a previously created HTTP Session.</doc>
<status status="PASS" start="2024-04-22T07:13:58.431986" elapsed="0.080415"/>
</kw>
<kw name="Set Variable" owner="BuiltIn">
<msg time="2024-04-22T07:13:58.513765" level="INFO">${json_data} = {'results': [{'gender': 'female', 'name': {'title': 'Miss', 'first': 'Eva', 'last': 'Guillaume'}, 'location': {'street': {'number': 1750, 'name': "Rue D'Abbeville"}, 'city': 'Tours', 'state': 'Lozère'...</msg>
<var>${json_data}</var>
<arg>${response.json()}</arg>
<doc>Returns the given values which can then be assigned to a variables.</doc>
<status status="PASS" start="2024-04-22T07:13:58.513120" elapsed="0.000676"/>
</kw>
<kw name="Set Variable" owner="BuiltIn">
<msg time="2024-04-22T07:13:58.514512" level="INFO">${name_title} = Miss</msg>
<var>${name_title}</var>
<arg>${json_data["results"][0]["name"]["title"]}</arg>
<doc>Returns the given values which can then be assigned to a variables.</doc>
<status status="PASS" start="2024-04-22T07:13:58.514120" elapsed="0.000420"/>
</kw>
<kw name="Create List" owner="BuiltIn">
<msg time="2024-04-22T07:13:58.514995" level="INFO">${allowed_titles} = ['Mr', 'Ms', 'Miss', 'Mrs', 'Madame', 'Monsieur']</msg>
<var>${allowed_titles}</var>
<arg>Mr</arg>
<arg>Ms</arg>
<arg>Miss</arg>
<arg>Mrs</arg>
<arg>Madame</arg>
<arg>Monsieur</arg>
<doc>Returns a list containing given items.</doc>
<status status="PASS" start="2024-04-22T07:13:58.514847" elapsed="0.000173"/>
</kw>
<kw name="List Should Contain Value" owner="Collections">
<msg time="2024-04-22T07:13:58.515503" level="INFO">False</msg>
<arg>${allowed_titles}</arg>
<arg>${name_title}</arg>
<doc>Fails if the ``value`` is not found from ``list``.</doc>
<status status="PASS" start="2024-04-22T07:13:58.515326" elapsed="0.000215"/>
</kw>
<kw name="Set Variable" owner="BuiltIn">
<msg time="2024-04-22T07:13:58.516223" level="INFO">${name_country} = FR</msg>
<var>${name_country}</var>
<arg>${json_data["results"][0]["nat"]}</arg>
<doc>Returns the given values which can then be assigned to a variables.</doc>
<status status="PASS" start="2024-04-22T07:13:58.515838" elapsed="0.000410"/>
</kw>
<kw name="Create List" owner="BuiltIn">
<msg time="2024-04-22T07:13:58.517136" level="INFO">${list_country} = ['AD', 'AE', 'AF', 'AG', 'AI', 'AL', 'AM', 'AO', 'AQ', 'AR', 'AS', 'AT', 'AU', 'AW', 'AX', 'AZ', 'BA', 'BB', 'BD', 'BE', 'BF', 'BG', 'BH', 'BI', 'BJ', 'BL', 'BM', 'BN', 'BO', 'BQ', 'BR', 'BS', 'BT', '...</msg>
<var>${list_country}</var>
<arg>AD</arg>
<arg>AE</arg>
<arg>AF</arg>
<arg>AG</arg>
<arg>AI</arg>
<arg>AL</arg>
<arg>AM</arg>
<arg>AO</arg>
<arg>AQ</arg>
<arg>AR</arg>
<arg>AS</arg>
<arg>AT</arg>
<arg>AU</arg>
<arg>AW</arg>
<arg>AX</arg>
<arg>AZ</arg>
<arg>BA</arg>
<arg>BB</arg>
<arg>BD</arg>
<arg>BE</arg>
<arg>BF</arg>
<arg>BG</arg>
<arg>BH</arg>
<arg>BI</arg>
<arg>BJ</arg>
<arg>BL</arg>
<arg>BM</arg>
<arg>BN</arg>
<arg>BO</arg>
<arg>BQ</arg>
<arg>BR</arg>
<arg>BS</arg>
<arg>BT</arg>
<arg>BV</arg>
<arg>BW</arg>
<arg>BY</arg>
<arg>BZ</arg>
<arg>CA</arg>
<arg>CC</arg>
<arg>CD</arg>
<arg>CF</arg>
<arg>CG</arg>
<arg>CH</arg>
<arg>CI</arg>
<arg>CK</arg>
<arg>CL</arg>
<arg>CM</arg>
<arg>CN</arg>
<arg>CO</arg>
<arg>CR</arg>
<arg>CU</arg>
<arg>CV</arg>
<arg>CW</arg>
<arg>CX</arg>
<arg>CY</arg>
<arg>CZ</arg>
<arg>DE</arg>
<arg>DJ</arg>
<arg>DK</arg>
<arg>DM</arg>
<arg>DO</arg>
<arg>DZ</arg>
<arg>EC</arg>
<arg>EE</arg>
<arg>EG</arg>
<arg>EH</arg>
<arg>ER</arg>
<arg>ES</arg>
<arg>ET</arg>
<arg>FI</arg>
<arg>FJ</arg>
<arg>FK</arg>
<arg>FM</arg>
<arg>FO</arg>
<arg>FR</arg>
<arg>GA</arg>
<arg>GB</arg>
<arg>GD</arg>
<arg>GE</arg>
<arg>GF</arg>
<arg>GG</arg>
<arg>GH</arg>
<arg>GI</arg>
<arg>GL</arg>
<arg>GM</arg>
<arg>GN</arg>
<arg>GP</arg>
<arg>GQ</arg>
<arg>GR</arg>
<arg>GS</arg>
<arg>GT</arg>
<arg>GU</arg>
<arg>GW</arg>
<arg>GY</arg>
<arg>HK</arg>
<arg>HM</arg>
<arg>HN</arg>
<arg>HR</arg>
<arg>HT</arg>
<arg>HU</arg>
<arg>ID</arg>
<arg>IE</arg>
<arg>IL</arg>
<arg>IM</arg>
<arg>IN</arg>
<arg>IO</arg>
<arg>IQ</arg>
<arg>IR</arg>
<arg>IS</arg>
<arg>IT</arg>
<arg>JE</arg>
<arg>JM</arg>
<arg>JO</arg>
<arg>JP</arg>
<arg>KE</arg>
<arg>KG</arg>
<arg>KH</arg>
<arg>KI</arg>
<arg>KM</arg>
<arg>KN</arg>
<arg>KP</arg>
<arg>KR</arg>
<arg>KW</arg>
<arg>KY</arg>
<arg>KZ</arg>
<arg>LA</arg>
<arg>LB</arg>
<arg>LC</arg>
<arg>LI</arg>
<arg>LK</arg>
<arg>LR</arg>
<arg>LS</arg>
<arg>LT</arg>
<arg>LU</arg>
<arg>LV</arg>
<arg>LY</arg>
<arg>MA</arg>
<arg>MC</arg>
<arg>MD</arg>
<arg>ME</arg>
<arg>MF</arg>
<arg>MG</arg>
<arg>MH</arg>
<arg>MK</arg>
<arg>ML</arg>
<arg>MM</arg>
<arg>MN</arg>
<arg>MO</arg>
<arg>MP</arg>
<arg>MQ</arg>
<arg>MR</arg>
<arg>MS</arg>
<arg>MT</arg>
<arg>MU</arg>
<arg>MV</arg>
<arg>MW</arg>
<arg>MX</arg>
<arg>MY</arg>
<arg>MZ</arg>
<arg>NA</arg>
<arg>NC</arg>
<arg>NE</arg>
<arg>NF</arg>
<arg>NG</arg>
<arg>NI</arg>
<arg>NL</arg>
<arg>NO</arg>
<arg>NP</arg>
<arg>NR</arg>
<arg>NU</arg>
<arg>NZ</arg>
<arg>OM</arg>
<arg>PA</arg>
<arg>PE</arg>
<arg>PF</arg>
<arg>PG</arg>
<arg>PH</arg>
<arg>PK</arg>
<arg>PL</arg>
<arg>PM</arg>
<arg>PN</arg>
<arg>PR</arg>
<arg>PS</arg>
<arg>PT</arg>
<arg>PW</arg>
<arg>PY</arg>
<arg>QA</arg>
<arg>RE</arg>
<arg>RO</arg>
<arg>RS</arg>
<arg>RU</arg>
<arg>RW</arg>
<arg>SA</arg>
<arg>SB</arg>
<arg>SC</arg>
<arg>SD</arg>
<arg>SE</arg>
<arg>SG</arg>
<arg>SH</arg>
<arg>SI</arg>
<arg>SJ</arg>
<arg>SK</arg>
<arg>SL</arg>
<arg>SM</arg>
<arg>SN</arg>
<arg>SO</arg>
<arg>SR</arg>
<arg>SS</arg>
<arg>ST</arg>
<arg>SV</arg>
<arg>SX</arg>
<arg>SY</arg>
<arg>SZ</arg>
<arg>TC</arg>
<arg>TD</arg>
<arg>TF</arg>
<arg>TG</arg>
<arg>TH</arg>
<arg>TJ</arg>
<arg>TK</arg>
<arg>TL</arg>
<arg>TM</arg>
<arg>TN</arg>
<arg>TO</arg>
<arg>TR</arg>
<arg>TT</arg>
<arg>TV</arg>
<arg>TW</arg>
<arg>TZ</arg>
<arg>UA</arg>
<arg>UG</arg>
<arg>UM</arg>
<arg>US</arg>
<arg>UY</arg>
<arg>UZ</arg>
<arg>VA</arg>
<arg>VC</arg>
<arg>VE</arg>
<arg>VG</arg>
<arg>VI</arg>
<arg>VN</arg>
<arg>VU</arg>
<arg>WF</arg>
<arg>WS</arg>
<arg>XK</arg>
<arg>YE</arg>
<arg>YT</arg>
<arg>ZA</arg>
<arg>ZM</arg>
<arg>ZW</arg>
<doc>Returns a list containing given items.</doc>
<status status="PASS" start="2024-04-22T07:13:58.516554" elapsed="0.000608"/>
</kw>
<kw name="List Should Contain Value" owner="Collections">
<msg time="2024-04-22T07:13:58.518209" level="INFO">False</msg>
<arg>${list_country}</arg>
<arg>${name_country}</arg>
<doc>Fails if the ``value`` is not found from ``list``.</doc>
<status status="PASS" start="2024-04-22T07:13:58.518005" elapsed="0.000242"/>
</kw>
<kw name="Run Keyword If" owner="BuiltIn">
<kw name="Should Be True" owner="BuiltIn">
<arg>${True}</arg>
<doc>Fails if the given condition is not true.</doc>
<status status="PASS" start="2024-04-22T07:13:58.519345" elapsed="0.000144"/>
</kw>
<arg>${json_data["results"][0]["location"]["coordinates"]["latitude"]} &gt;= -90 and ${json_data["results"][0]["location"]["coordinates"]["latitude"]} &lt;= 90</arg>
<arg>Should Be True</arg>
<arg>${True}</arg>
<doc>Runs the given keyword with the given arguments, if ``condition`` is true.</doc>
<status status="PASS" start="2024-04-22T07:13:58.518567" elapsed="0.001051"/>
</kw>
<kw name="Run Keyword If" owner="BuiltIn">
<kw name="Should Be True" owner="BuiltIn">
<arg>${True}</arg>
<doc>Fails if the given condition is not true.</doc>
<status status="PASS" start="2024-04-22T07:13:58.520521" elapsed="0.000266"/>
</kw>
<arg>${json_data["results"][0]["location"]["coordinates"]["longitude"]} &gt;= -180 and ${json_data["results"][0]["location"]["coordinates"]["longitude"]} &lt;= 180</arg>
<arg>Should Be True</arg>
<arg>${True}</arg>
<doc>Runs the given keyword with the given arguments, if ``condition`` is true.</doc>
<status status="PASS" start="2024-04-22T07:13:58.519807" elapsed="0.001111"/>
</kw>
<status status="PASS" start="2024-04-22T07:13:58.431754" elapsed="0.089300"/>
</kw>
<doc>Testa o conteúdo específico dos campos retornados pela API.</doc>
<tag>testeConteudo</tag>
<status status="PASS" start="2024-04-22T07:13:58.431207" elapsed="0.090005"/>
</test>
<status status="PASS" start="2024-04-22T07:13:57.720864" elapsed="0.802459"/>
</suite>
<status status="PASS" start="2024-04-22T07:13:57.707242" elapsed="0.821301"/>
</suite>
<statistics>
<total>
<stat pass="5" fail="0" skip="0">All Tests</stat>
</total>
<tag>
<stat pass="1" fail="0" skip="0">testeConteudo</stat>
<stat pass="1" fail="0" skip="0">testeEstruturaResposta</stat>
<stat pass="1" fail="0" skip="0">testeRequisicaoBasica</stat>
<stat pass="1" fail="0" skip="0">testeTiposDados</stat>
</tag>
<suite>
<stat pass="5" fail="0" skip="0" id="s1" name="Tests">Tests</stat>
<stat pass="5" fail="0" skip="0" id="s1-s1" name="Random-User-Test">Tests.Random-User-Test</stat>
</suite>
</statistics>
<errors>
</errors>
</robot>
