<?xml version="1.0" encoding="UTF-8"?>
<robot generator="Robot 7.0.1 (Python 3.12.4 on linux)" generated="2024-06-27T15:16:48.851297" rpa="false" schemaversion="5">
<suite id="s1" name="Tests" source="/home/runner/work/ApiRandomUser/ApiRandomUser/RamdonUser/tests">
<suite id="s1-s1" name="Random-User-Test" source="/home/runner/work/ApiRandomUser/ApiRandomUser/RamdonUser/tests/random-user-test.robot">
<test id="s1-s1-t1" name="Conectar" line="13">
<kw name="Conectar API" owner="random-user-service">
<kw name="Create Session" owner="RequestsLibrary">
<msg time="2024-06-27T15:16:49.271465" level="INFO">Creating Session using : alias=consultarAPI, url=https://randomuser.me/, headers={},                     cookies={}, auth=None, timeout=None, proxies=None, verify=False,                     debug=0 </msg>
<arg>consultarAPI</arg>
<arg>${URL}</arg>
<doc>Create Session: create a HTTP session to a server</doc>
<status status="PASS" start="2024-06-27T15:16:49.271254" elapsed="0.000400"/>
</kw>
<status status="PASS" start="2024-06-27T15:16:49.270225" elapsed="0.001790"/>
</kw>
<status status="PASS" start="2024-06-27T15:16:49.269668" elapsed="0.002548"/>
</test>
<test id="s1-s1-t2" name="Validar retorno 200 e JSON Válido" line="16">
<kw name="Teste de Requisicao Basica" owner="random-user-service">
<kw name="GET On Session" owner="RequestsLibrary">
<msg time="2024-06-27T15:16:49.383382" level="INFO">GET Request : url=https://randomuser.me/api 
 path_url=/api 
 headers={'User-Agent': 'python-requests/2.32.3', 'Accept-Encoding': 'gzip, deflate', 'Accept': '*/*', 'Connection': 'keep-alive'} 
 body=None 
 </msg>
<msg time="2024-06-27T15:16:49.383557" level="INFO">GET Response : url=https://randomuser.me/api 
 status=200, reason=OK 
 headers={'Date': 'Thu, 27 Jun 2024 15:16:49 GMT', 'Content-Type': 'application/json; charset=utf-8', 'Transfer-Encoding': 'chunked', 'Connection': 'keep-alive', 'X-Powered-By': 'Express', 'Access-Control-Allow-Origin': '*', 'Cache-Control': 'no-cache', 'ETag': 'W/"48a-XiUhxnDrud9lviHuiA/kNUSCzhY"', 'Vary': 'Accept-Encoding', 'Content-Encoding': 'gzip', 'CF-Cache-Status': 'DYNAMIC', 'Report-To': '{"endpoints":[{"url":"https:\\/\\/a.nel.cloudflare.com\\/report\\/v4?s=KBwmYBgTwUfx6IQJjk%2Fj%2BCDFEh6wd%2BtyL3%2Bx%2F6rtxhEFDvhVfIeRHEBS%2Fi7wcwvW9vxw0yxAFe2VEO8%2FSpZwqkA0zwPvqot2ZKrvobMCkr2RNmX0dGQL1sMgfXat0JI7"}],"group":"cf-nel","max_age":604800}', 'NEL': '{"success_fraction":0,"report_to":"cf-nel","max_age":604800}', 'Server': 'cloudflare', 'CF-RAY': '89a666803e9a2a30-ORD', 'alt-svc': 'h3=":443"; ma=86400'} 
 body={"results":[{"gender":"female","name":{"title":"Miss","first":"Kim","last":"Henry"},"location":{"street":{"number":714,"name":"Woodlawn Avenue"},"city":"Blessington","state":"Wicklow","country":"Ireland","postcode":58707,"coordinates":{"latitude":"3.4973","longitude":"46.4247"},"timezone":{"offset":"-3:00","description":"Brazil, Buenos Aires, Georgetown"}},"email":"kim.henry@example.com","login":{"uuid":"96051f1f-8249-4e15-b329-704a5f2a562e","username":"organickoala106","password":"braves","salt":"krK4evRm","md5":"e3aebef5e6aa68da42461cdb1e9e7c5c","sha1":"a0d1de0d9b28192b6ed69127e6344511841b87a1","sha256":"42a54b5dc5f724093bb9d701b804843d8fcc6af67b375f91b11832c7128e78a1"},"dob":{"date":"1962-04-07T17:06:48.514Z","age":62},"registered":{"date":"2015-08-02T20:08:11.489Z","age":8},"phone":"071-163-3198","cell":"081-849-7776","id":{"name":"PPS","value":"1712431T"},"picture":{"large":"https://randomuser.me/api/portraits/women/31.jpg","medium":"https://randomuser.me/api/portraits/med/women/31.jpg","thumbnail":"https://randomuser.me/api/portraits/thumb/women/31.jpg"},"nat":"IE"}],"info":{"seed":"f51b71759ffe60ad","results":1,"page":1,"version":"1.4"}} 
 </msg>
<msg time="2024-06-27T15:16:49.383654" level="INFO">/opt/hostedtoolcache/Python/3.12.4/x64/lib/python3.12/site-packages/urllib3/connectionpool.py:1099: InsecureRequestWarning: Unverified HTTPS request is being made to host 'randomuser.me'. Adding certificate verification is strongly advised. See: https://urllib3.readthedocs.io/en/latest/advanced-usage.html#tls-warnings
  warnings.warn(</msg>
<msg time="2024-06-27T15:16:49.383832" level="INFO">${response} = &lt;Response [200]&gt;</msg>
<var>${response}</var>
<arg>consultarAPI</arg>
<arg>/api</arg>
<doc>Sends a GET request on a previously created HTTP Session.</doc>
<status status="PASS" start="2024-06-27T15:16:49.274843" elapsed="0.109033"/>
</kw>
<kw name="Should Be Equal As Numbers" owner="BuiltIn">
<msg time="2024-06-27T15:16:49.384959" level="INFO">Argument types are:
&lt;class 'int'&gt;
&lt;class 'str'&gt;</msg>
<arg>${response.status_code}</arg>
<arg>200</arg>
<doc>Fails if objects are unequal after converting them to real numbers.</doc>
<status status="PASS" start="2024-06-27T15:16:49.384485" elapsed="0.000540"/>
</kw>
<kw name="Log" owner="BuiltIn">
<msg time="2024-06-27T15:16:49.385748" level="INFO">200</msg>
<arg>${response.status_code}</arg>
<doc>Logs the given message with the given level.</doc>
<status status="PASS" start="2024-06-27T15:16:49.385389" elapsed="0.000401"/>
</kw>
<kw name="Set Variable" owner="BuiltIn">
<msg time="2024-06-27T15:16:49.386539" level="INFO">${json_data} = {'results': [{'gender': 'female', 'name': {'title': 'Miss', 'first': 'Kim', 'last': 'Henry'}, 'location': {'street': {'number': 714, 'name': 'Woodlawn Avenue'}, 'city': 'Blessington', 'state': 'Wicklo...</msg>
<var>${json_data}</var>
<arg>${response.json()}</arg>
<doc>Returns the given values which can then be assigned to a variables.</doc>
<status status="PASS" start="2024-06-27T15:16:49.386100" elapsed="0.000467"/>
</kw>
<kw name="Dictionary Should Contain Key" owner="Collections">
<arg>${json_data}</arg>
<arg>results</arg>
<doc>Fails if ``key`` is not found from ``dictionary``.</doc>
<status status="PASS" start="2024-06-27T15:16:49.386862" elapsed="0.000163"/>
</kw>
<status status="PASS" start="2024-06-27T15:16:49.274602" elapsed="0.112580"/>
</kw>
<doc>Testa se a API responde corretamente e retorna um objeto JSON válido.</doc>
<tag>testeRequisicaoBasica</tag>
<status status="PASS" start="2024-06-27T15:16:49.274157" elapsed="0.113200"/>
</test>
<test id="s1-s1-t3" name="Validar estrutura de resposta" line="22">
<kw name="Teste de Estrutura de Resposta" owner="random-user-service">
<kw name="GET On Session" owner="RequestsLibrary">
<msg time="2024-06-27T15:16:49.476767" level="INFO">GET Request : url=https://randomuser.me/api 
 path_url=/api 
 headers={'User-Agent': 'python-requests/2.32.3', 'Accept-Encoding': 'gzip, deflate', 'Accept': '*/*', 'Connection': 'keep-alive'} 
 body=None 
 </msg>
<msg time="2024-06-27T15:16:49.476877" level="INFO">GET Response : url=https://randomuser.me/api 
 status=200, reason=OK 
 headers={'Date': 'Thu, 27 Jun 2024 15:16:49 GMT', 'Content-Type': 'application/json; charset=utf-8', 'Transfer-Encoding': 'chunked', 'Connection': 'keep-alive', 'X-Powered-By': 'Express', 'Access-Control-Allow-Origin': '*', 'Cache-Control': 'no-cache', 'ETag': 'W/"4a8-xxBPThMqU/p3T9V44JxH6OF9OZ4"', 'Vary': 'Accept-Encoding', 'Content-Encoding': 'gzip', 'CF-Cache-Status': 'DYNAMIC', 'Report-To': '{"endpoints":[{"url":"https:\\/\\/a.nel.cloudflare.com\\/report\\/v4?s=mccQwcV13HcxD2qoJX0HBSelHUM9BTgIDAUZVCC6shdOMLDtA9ENwXwl2I8EDm3o%2FOPknJwlL5BAkxgglptzB%2B6G8NQjJrb274wGBKaET%2Fs789D2ps0w85JXqTYHtGCB"}],"group":"cf-nel","max_age":604800}', 'NEL': '{"success_fraction":0,"report_to":"cf-nel","max_age":604800}', 'Server': 'cloudflare', 'CF-RAY': '89a66680bf372a30-ORD', 'alt-svc': 'h3=":443"; ma=86400'} 
 body={"results":[{"gender":"female","name":{"title":"Miss","first":"Karen","last":"Fernandez"},"location":{"street":{"number":8254,"name":"Park Lane"},"city":"Dundee","state":"Herefordshire","country":"United Kingdom","postcode":"BK6 7PE","coordinates":{"latitude":"-9.1750","longitude":"1.1795"},"timezone":{"offset":"+1:00","description":"Brussels, Copenhagen, Madrid, Paris"}},"email":"karen.fernandez@example.com","login":{"uuid":"8327d947-96b3-40b5-889f-81ea8cec62f4","username":"yellowleopard200","password":"mmmmmm","salt":"ARpcRubG","md5":"e531f8deba3eab94ec87c3e4221c1bb3","sha1":"db6778a86dbbb0e88f6515f9d18ee55a3219436a","sha256":"70ea57134f0d5aa0f239531bd9ba46d8ebaa53090e097c6ef82a84d949ec44f8"},"dob":{"date":"1995-01-25T10:09:55.810Z","age":29},"registered":{"date":"2015-12-22T23:50:12.904Z","age":8},"phone":"0171 638 1745","cell":"07806 670794","id":{"name":"NINO","value":"XR 18 43 63 K"},"picture":{"large":"https://randomuser.me/api/portraits/women/52.jpg","medium":"https://randomuser.me/api/portraits/med/women/52.jpg","thumbnail":"https://randomuser.me/api/portraits/thumb/women/52.jpg"},"nat":"GB"}],"info":{"seed":"e9a7f7cf34bdc98d","results":1,"page":1,"version":"1.4"}} 
 </msg>
<msg time="2024-06-27T15:16:49.477010" level="INFO">/opt/hostedtoolcache/Python/3.12.4/x64/lib/python3.12/site-packages/urllib3/connectionpool.py:1099: InsecureRequestWarning: Unverified HTTPS request is being made to host 'randomuser.me'. Adding certificate verification is strongly advised. See: https://urllib3.readthedocs.io/en/latest/advanced-usage.html#tls-warnings
  warnings.warn(</msg>
<msg time="2024-06-27T15:16:49.477169" level="INFO">${response} = &lt;Response [200]&gt;</msg>
<var>${response}</var>
<arg>consultarAPI</arg>
<arg>/api</arg>
<doc>Sends a GET request on a previously created HTTP Session.</doc>
<status status="PASS" start="2024-06-27T15:16:49.390103" elapsed="0.087109"/>
</kw>
<kw name="Set Variable" owner="BuiltIn">
<msg time="2024-06-27T15:16:49.478336" level="INFO">${json_data} = {'results': [{'gender': 'female', 'name': {'title': 'Miss', 'first': 'Karen', 'last': 'Fernandez'}, 'location': {'street': {'number': 8254, 'name': 'Park Lane'}, 'city': 'Dundee', 'state': 'Herefordsh...</msg>
<var>${json_data}</var>
<arg>${response.json()}</arg>
<doc>Returns the given values which can then be assigned to a variables.</doc>
<status status="PASS" start="2024-06-27T15:16:49.477813" elapsed="0.000551"/>
</kw>
<kw name="Log" owner="BuiltIn">
<msg time="2024-06-27T15:16:49.478838" level="INFO">{'results': [{'gender': 'female', 'name': {'title': 'Miss', 'first': 'Karen', 'last': 'Fernandez'}, 'location': {'street': {'number': 8254, 'name': 'Park Lane'}, 'city': 'Dundee', 'state': 'Herefordshire', 'country': 'United Kingdom', 'postcode': 'BK6 7PE', 'coordinates': {'latitude': '-9.1750', 'longitude': '1.1795'}, 'timezone': {'offset': '+1:00', 'description': 'Brussels, Copenhagen, Madrid, Paris'}}, 'email': 'karen.fernandez@example.com', 'login': {'uuid': '8327d947-96b3-40b5-889f-81ea8cec62f4', 'username': 'yellowleopard200', 'password': 'mmmmmm', 'salt': 'ARpcRubG', 'md5': 'e531f8deba3eab94ec87c3e4221c1bb3', 'sha1': 'db6778a86dbbb0e88f6515f9d18ee55a3219436a', 'sha256': '70ea57134f0d5aa0f239531bd9ba46d8ebaa53090e097c6ef82a84d949ec44f8'}, 'dob': {'date': '1995-01-25T10:09:55.810Z', 'age': 29}, 'registered': {'date': '2015-12-22T23:50:12.904Z', 'age': 8}, 'phone': '0171 638 1745', 'cell': '07806 670794', 'id': {'name': 'NINO', 'value': 'XR 18 43 63 K'}, 'picture': {'large': 'https://randomuser.me/api/portraits/women/52.jpg', 'medium': 'https://randomuser.me/api/portraits/med/women/52.jpg', 'thumbnail': 'https://randomuser.me/api/portraits/thumb/women/52.jpg'}, 'nat': 'GB'}], 'info': {'seed': 'e9a7f7cf34bdc98d', 'results': 1, 'page': 1, 'version': '1.4'}}</msg>
<arg>${json_data}</arg>
<doc>Logs the given message with the given level.</doc>
<status status="PASS" start="2024-06-27T15:16:49.478676" elapsed="0.000212"/>
</kw>
<kw name="Dictionary Should Contain Key" owner="Collections">
<arg>${json_data}</arg>
<arg>results</arg>
<doc>Fails if ``key`` is not found from ``dictionary``.</doc>
<status status="PASS" start="2024-06-27T15:16:49.479186" elapsed="0.000158"/>
</kw>
<kw name="Should Not Be Empty" owner="BuiltIn">
<msg time="2024-06-27T15:16:49.479664" level="INFO">Length is 2.</msg>
<arg>${json_data}</arg>
<doc>Verifies that the given item is not empty.</doc>
<status status="PASS" start="2024-06-27T15:16:49.479536" elapsed="0.000167"/>
</kw>
<kw name="Create List" owner="BuiltIn">
<msg time="2024-06-27T15:16:49.480311" level="INFO">${expected_keys} = ['gender', 'name', 'location', 'email', 'login']</msg>
<var>${expected_keys}</var>
<arg>gender</arg>
<arg>name</arg>
<arg>location</arg>
<arg>email</arg>
<arg>login</arg>
<doc>Returns a list containing given items.</doc>
<status status="PASS" start="2024-06-27T15:16:49.479995" elapsed="0.000341"/>
</kw>
<for flavor="IN">
<iter>
<kw name="Dictionary Should Contain Key" owner="Collections">
<arg>${json_data['results'][0]}</arg>
<arg>${key}</arg>
<doc>Fails if ``key`` is not found from ``dictionary``.</doc>
<status status="PASS" start="2024-06-27T15:16:49.480922" elapsed="0.000392"/>
</kw>
<kw name="Log" owner="BuiltIn">
<msg time="2024-06-27T15:16:49.481917" level="INFO">{'gender': 'female', 'name': {'title': 'Miss', 'first': 'Karen', 'last': 'Fernandez'}, 'location': {'street': {'number': 8254, 'name': 'Park Lane'}, 'city': 'Dundee', 'state': 'Herefordshire', 'country': 'United Kingdom', 'postcode': 'BK6 7PE', 'coordinates': {'latitude': '-9.1750', 'longitude': '1.1795'}, 'timezone': {'offset': '+1:00', 'description': 'Brussels, Copenhagen, Madrid, Paris'}}, 'email': 'karen.fernandez@example.com', 'login': {'uuid': '8327d947-96b3-40b5-889f-81ea8cec62f4', 'username': 'yellowleopard200', 'password': 'mmmmmm', 'salt': 'ARpcRubG', 'md5': 'e531f8deba3eab94ec87c3e4221c1bb3', 'sha1': 'db6778a86dbbb0e88f6515f9d18ee55a3219436a', 'sha256': '70ea57134f0d5aa0f239531bd9ba46d8ebaa53090e097c6ef82a84d949ec44f8'}, 'dob': {'date': '1995-01-25T10:09:55.810Z', 'age': 29}, 'registered': {'date': '2015-12-22T23:50:12.904Z', 'age': 8}, 'phone': '0171 638 1745', 'cell': '07806 670794', 'id': {'name': 'NINO', 'value': 'XR 18 43 63 K'}, 'picture': {'large': 'https://randomuser.me/api/portraits/women/52.jpg', 'medium': 'https://randomuser.me/api/portraits/med/women/52.jpg', 'thumbnail': 'https://randomuser.me/api/portraits/thumb/women/52.jpg'}, 'nat': 'GB'}</msg>
<arg>${json_data['results'][0]}</arg>
<doc>Logs the given message with the given level.</doc>
<status status="PASS" start="2024-06-27T15:16:49.481550" elapsed="0.000415"/>
</kw>
<kw name="Log" owner="BuiltIn">
<msg time="2024-06-27T15:16:49.482388" level="INFO">gender</msg>
<arg>${key}</arg>
<doc>Logs the given message with the given level.</doc>
<status status="PASS" start="2024-06-27T15:16:49.482263" elapsed="0.000162"/>
</kw>
<var name="${key}">gender</var>
<status status="PASS" start="2024-06-27T15:16:49.480799" elapsed="0.001843"/>
</iter>
<iter>
<kw name="Dictionary Should Contain Key" owner="Collections">
<arg>${json_data['results'][0]}</arg>
<arg>${key}</arg>
<doc>Fails if ``key`` is not found from ``dictionary``.</doc>
<status status="PASS" start="2024-06-27T15:16:49.482937" elapsed="0.000387"/>
</kw>
<kw name="Log" owner="BuiltIn">
<msg time="2024-06-27T15:16:49.483899" level="INFO">{'gender': 'female', 'name': {'title': 'Miss', 'first': 'Karen', 'last': 'Fernandez'}, 'location': {'street': {'number': 8254, 'name': 'Park Lane'}, 'city': 'Dundee', 'state': 'Herefordshire', 'country': 'United Kingdom', 'postcode': 'BK6 7PE', 'coordinates': {'latitude': '-9.1750', 'longitude': '1.1795'}, 'timezone': {'offset': '+1:00', 'description': 'Brussels, Copenhagen, Madrid, Paris'}}, 'email': 'karen.fernandez@example.com', 'login': {'uuid': '8327d947-96b3-40b5-889f-81ea8cec62f4', 'username': 'yellowleopard200', 'password': 'mmmmmm', 'salt': 'ARpcRubG', 'md5': 'e531f8deba3eab94ec87c3e4221c1bb3', 'sha1': 'db6778a86dbbb0e88f6515f9d18ee55a3219436a', 'sha256': '70ea57134f0d5aa0f239531bd9ba46d8ebaa53090e097c6ef82a84d949ec44f8'}, 'dob': {'date': '1995-01-25T10:09:55.810Z', 'age': 29}, 'registered': {'date': '2015-12-22T23:50:12.904Z', 'age': 8}, 'phone': '0171 638 1745', 'cell': '07806 670794', 'id': {'name': 'NINO', 'value': 'XR 18 43 63 K'}, 'picture': {'large': 'https://randomuser.me/api/portraits/women/52.jpg', 'medium': 'https://randomuser.me/api/portraits/med/women/52.jpg', 'thumbnail': 'https://randomuser.me/api/portraits/thumb/women/52.jpg'}, 'nat': 'GB'}</msg>
<arg>${json_data['results'][0]}</arg>
<doc>Logs the given message with the given level.</doc>
<status status="PASS" start="2024-06-27T15:16:49.483540" elapsed="0.000407"/>
</kw>
<kw name="Log" owner="BuiltIn">
<msg time="2024-06-27T15:16:49.484367" level="INFO">name</msg>
<arg>${key}</arg>
<doc>Logs the given message with the given level.</doc>
<status status="PASS" start="2024-06-27T15:16:49.484241" elapsed="0.000163"/>
</kw>
<var name="${key}">name</var>
<status status="PASS" start="2024-06-27T15:16:49.482827" elapsed="0.001791"/>
</iter>
<iter>
<kw name="Dictionary Should Contain Key" owner="Collections">
<arg>${json_data['results'][0]}</arg>
<arg>${key}</arg>
<doc>Fails if ``key`` is not found from ``dictionary``.</doc>
<status status="PASS" start="2024-06-27T15:16:49.484899" elapsed="0.000378"/>
</kw>
<kw name="Log" owner="BuiltIn">
<msg time="2024-06-27T15:16:49.485860" level="INFO">{'gender': 'female', 'name': {'title': 'Miss', 'first': 'Karen', 'last': 'Fernandez'}, 'location': {'street': {'number': 8254, 'name': 'Park Lane'}, 'city': 'Dundee', 'state': 'Herefordshire', 'country': 'United Kingdom', 'postcode': 'BK6 7PE', 'coordinates': {'latitude': '-9.1750', 'longitude': '1.1795'}, 'timezone': {'offset': '+1:00', 'description': 'Brussels, Copenhagen, Madrid, Paris'}}, 'email': 'karen.fernandez@example.com', 'login': {'uuid': '8327d947-96b3-40b5-889f-81ea8cec62f4', 'username': 'yellowleopard200', 'password': 'mmmmmm', 'salt': 'ARpcRubG', 'md5': 'e531f8deba3eab94ec87c3e4221c1bb3', 'sha1': 'db6778a86dbbb0e88f6515f9d18ee55a3219436a', 'sha256': '70ea57134f0d5aa0f239531bd9ba46d8ebaa53090e097c6ef82a84d949ec44f8'}, 'dob': {'date': '1995-01-25T10:09:55.810Z', 'age': 29}, 'registered': {'date': '2015-12-22T23:50:12.904Z', 'age': 8}, 'phone': '0171 638 1745', 'cell': '07806 670794', 'id': {'name': 'NINO', 'value': 'XR 18 43 63 K'}, 'picture': {'large': 'https://randomuser.me/api/portraits/women/52.jpg', 'medium': 'https://randomuser.me/api/portraits/med/women/52.jpg', 'thumbnail': 'https://randomuser.me/api/portraits/thumb/women/52.jpg'}, 'nat': 'GB'}</msg>
<arg>${json_data['results'][0]}</arg>
<doc>Logs the given message with the given level.</doc>
<status status="PASS" start="2024-06-27T15:16:49.485501" elapsed="0.000405"/>
</kw>
<kw name="Log" owner="BuiltIn">
<msg time="2024-06-27T15:16:49.486323" level="INFO">location</msg>
<arg>${key}</arg>
<doc>Logs the given message with the given level.</doc>
<status status="PASS" start="2024-06-27T15:16:49.486198" elapsed="0.000161"/>
</kw>
<var name="${key}">location</var>
<status status="PASS" start="2024-06-27T15:16:49.484793" elapsed="0.001785"/>
</iter>
<iter>
<kw name="Dictionary Should Contain Key" owner="Collections">
<arg>${json_data['results'][0]}</arg>
<arg>${key}</arg>
<doc>Fails if ``key`` is not found from ``dictionary``.</doc>
<status status="PASS" start="2024-06-27T15:16:49.486856" elapsed="0.000380"/>
</kw>
<kw name="Log" owner="BuiltIn">
<msg time="2024-06-27T15:16:49.487773" level="INFO">{'gender': 'female', 'name': {'title': 'Miss', 'first': 'Karen', 'last': 'Fernandez'}, 'location': {'street': {'number': 8254, 'name': 'Park Lane'}, 'city': 'Dundee', 'state': 'Herefordshire', 'country': 'United Kingdom', 'postcode': 'BK6 7PE', 'coordinates': {'latitude': '-9.1750', 'longitude': '1.1795'}, 'timezone': {'offset': '+1:00', 'description': 'Brussels, Copenhagen, Madrid, Paris'}}, 'email': 'karen.fernandez@example.com', 'login': {'uuid': '8327d947-96b3-40b5-889f-81ea8cec62f4', 'username': 'yellowleopard200', 'password': 'mmmmmm', 'salt': 'ARpcRubG', 'md5': 'e531f8deba3eab94ec87c3e4221c1bb3', 'sha1': 'db6778a86dbbb0e88f6515f9d18ee55a3219436a', 'sha256': '70ea57134f0d5aa0f239531bd9ba46d8ebaa53090e097c6ef82a84d949ec44f8'}, 'dob': {'date': '1995-01-25T10:09:55.810Z', 'age': 29}, 'registered': {'date': '2015-12-22T23:50:12.904Z', 'age': 8}, 'phone': '0171 638 1745', 'cell': '07806 670794', 'id': {'name': 'NINO', 'value': 'XR 18 43 63 K'}, 'picture': {'large': 'https://randomuser.me/api/portraits/women/52.jpg', 'medium': 'https://randomuser.me/api/portraits/med/women/52.jpg', 'thumbnail': 'https://randomuser.me/api/portraits/thumb/women/52.jpg'}, 'nat': 'GB'}</msg>
<arg>${json_data['results'][0]}</arg>
<doc>Logs the given message with the given level.</doc>
<status status="PASS" start="2024-06-27T15:16:49.487421" elapsed="0.000400"/>
</kw>
<kw name="Log" owner="BuiltIn">
<msg time="2024-06-27T15:16:49.488240" level="INFO">email</msg>
<arg>${key}</arg>
<doc>Logs the given message with the given level.</doc>
<status status="PASS" start="2024-06-27T15:16:49.488114" elapsed="0.000163"/>
</kw>
<var name="${key}">email</var>
<status status="PASS" start="2024-06-27T15:16:49.486749" elapsed="0.001748"/>
</iter>
<iter>
<kw name="Dictionary Should Contain Key" owner="Collections">
<arg>${json_data['results'][0]}</arg>
<arg>${key}</arg>
<doc>Fails if ``key`` is not found from ``dictionary``.</doc>
<status status="PASS" start="2024-06-27T15:16:49.488782" elapsed="0.000381"/>
</kw>
<kw name="Log" owner="BuiltIn">
<msg time="2024-06-27T15:16:49.489731" level="INFO">{'gender': 'female', 'name': {'title': 'Miss', 'first': 'Karen', 'last': 'Fernandez'}, 'location': {'street': {'number': 8254, 'name': 'Park Lane'}, 'city': 'Dundee', 'state': 'Herefordshire', 'country': 'United Kingdom', 'postcode': 'BK6 7PE', 'coordinates': {'latitude': '-9.1750', 'longitude': '1.1795'}, 'timezone': {'offset': '+1:00', 'description': 'Brussels, Copenhagen, Madrid, Paris'}}, 'email': 'karen.fernandez@example.com', 'login': {'uuid': '8327d947-96b3-40b5-889f-81ea8cec62f4', 'username': 'yellowleopard200', 'password': 'mmmmmm', 'salt': 'ARpcRubG', 'md5': 'e531f8deba3eab94ec87c3e4221c1bb3', 'sha1': 'db6778a86dbbb0e88f6515f9d18ee55a3219436a', 'sha256': '70ea57134f0d5aa0f239531bd9ba46d8ebaa53090e097c6ef82a84d949ec44f8'}, 'dob': {'date': '1995-01-25T10:09:55.810Z', 'age': 29}, 'registered': {'date': '2015-12-22T23:50:12.904Z', 'age': 8}, 'phone': '0171 638 1745', 'cell': '07806 670794', 'id': {'name': 'NINO', 'value': 'XR 18 43 63 K'}, 'picture': {'large': 'https://randomuser.me/api/portraits/women/52.jpg', 'medium': 'https://randomuser.me/api/portraits/med/women/52.jpg', 'thumbnail': 'https://randomuser.me/api/portraits/thumb/women/52.jpg'}, 'nat': 'GB'}</msg>
<arg>${json_data['results'][0]}</arg>
<doc>Logs the given message with the given level.</doc>
<status status="PASS" start="2024-06-27T15:16:49.489365" elapsed="0.000413"/>
</kw>
<kw name="Log" owner="BuiltIn">
<msg time="2024-06-27T15:16:49.490199" level="INFO">login</msg>
<arg>${key}</arg>
<doc>Logs the given message with the given level.</doc>
<status status="PASS" start="2024-06-27T15:16:49.490074" elapsed="0.000162"/>
</kw>
<var name="${key}">login</var>
<status status="PASS" start="2024-06-27T15:16:49.488665" elapsed="0.001783"/>
</iter>
<var>${key}</var>
<value>@{expected_keys}</value>
<status status="PASS" start="2024-06-27T15:16:49.480601" elapsed="0.009966"/>
</for>
<kw name="Create List" owner="BuiltIn">
<msg time="2024-06-27T15:16:49.490927" level="INFO">${expected_keysTwo} = ['username', 'password']</msg>
<var>${expected_keysTwo}</var>
<arg>username</arg>
<arg>password</arg>
<doc>Returns a list containing given items.</doc>
<status status="PASS" start="2024-06-27T15:16:49.490784" elapsed="0.000168"/>
</kw>
<for flavor="IN">
<iter>
<kw name="Dictionary Should Contain Key" owner="Collections">
<arg>${json_data['results'][0]['login']}</arg>
<arg>${keyTwo}</arg>
<doc>Fails if ``key`` is not found from ``dictionary``.</doc>
<status status="PASS" start="2024-06-27T15:16:49.491448" elapsed="0.000387"/>
</kw>
<kw name="Dictionary Should Contain Key" owner="Collections">
<arg>${json_data['results'][0]['login']}</arg>
<arg>${keyTwo}</arg>
<doc>Fails if ``key`` is not found from ``dictionary``.</doc>
<status status="PASS" start="2024-06-27T15:16:49.492014" elapsed="0.000370"/>
</kw>
<kw name="Log" owner="BuiltIn">
<msg time="2024-06-27T15:16:49.492684" level="INFO">username</msg>
<arg>${keyTwo}</arg>
<doc>Logs the given message with the given level.</doc>
<status status="PASS" start="2024-06-27T15:16:49.492565" elapsed="0.000154"/>
</kw>
<var name="${keyTwo}">username</var>
<status status="PASS" start="2024-06-27T15:16:49.491342" elapsed="0.001597"/>
</iter>
<iter>
<kw name="Dictionary Should Contain Key" owner="Collections">
<arg>${json_data['results'][0]['login']}</arg>
<arg>${keyTwo}</arg>
<doc>Fails if ``key`` is not found from ``dictionary``.</doc>
<status status="PASS" start="2024-06-27T15:16:49.493220" elapsed="0.000434"/>
</kw>
<kw name="Dictionary Should Contain Key" owner="Collections">
<arg>${json_data['results'][0]['login']}</arg>
<arg>${keyTwo}</arg>
<doc>Fails if ``key`` is not found from ``dictionary``.</doc>
<status status="PASS" start="2024-06-27T15:16:49.493838" elapsed="0.000375"/>
</kw>
<kw name="Log" owner="BuiltIn">
<msg time="2024-06-27T15:16:49.494507" level="INFO">password</msg>
<arg>${keyTwo}</arg>
<doc>Logs the given message with the given level.</doc>
<status status="PASS" start="2024-06-27T15:16:49.494389" elapsed="0.000158"/>
</kw>
<var name="${keyTwo}">password</var>
<status status="PASS" start="2024-06-27T15:16:49.493114" elapsed="0.001748"/>
</iter>
<var>${keyTwo}</var>
<value>@{expected_keysTwo}</value>
<status status="PASS" start="2024-06-27T15:16:49.491192" elapsed="0.003790"/>
</for>
<status status="PASS" start="2024-06-27T15:16:49.389868" elapsed="0.105254"/>
</kw>
<doc>Testa a estrutura da resposta da API.</doc>
<tag>testeEstruturaResposta</tag>
<status status="PASS" start="2024-06-27T15:16:49.389218" elapsed="0.106059"/>
</test>
<test id="s1-s1-t4" name="Validar tipos de dados" line="28">
<kw name="Teste de Tipos de Dados" owner="random-user-service">
<kw name="GET On Session" owner="RequestsLibrary">
<msg time="2024-06-27T15:16:49.610367" level="INFO">GET Request : url=https://randomuser.me/api 
 path_url=/api 
 headers={'User-Agent': 'python-requests/2.32.3', 'Accept-Encoding': 'gzip, deflate', 'Accept': '*/*', 'Connection': 'keep-alive'} 
 body=None 
 </msg>
<msg time="2024-06-27T15:16:49.610470" level="INFO">GET Response : url=https://randomuser.me/api 
 status=200, reason=OK 
 headers={'Date': 'Thu, 27 Jun 2024 15:16:49 GMT', 'Content-Type': 'application/json; charset=utf-8', 'Transfer-Encoding': 'chunked', 'Connection': 'keep-alive', 'X-Powered-By': 'Express', 'Access-Control-Allow-Origin': '*', 'Cache-Control': 'no-cache', 'ETag': 'W/"473-JsKCoUdsnqmRoczzIxGycmCyTXw"', 'Vary': 'Accept-Encoding', 'Content-Encoding': 'gzip', 'CF-Cache-Status': 'DYNAMIC', 'Report-To': '{"endpoints":[{"url":"https:\\/\\/a.nel.cloudflare.com\\/report\\/v4?s=CuljEhuvAHwcFqmFrn3piIrZpPslYXRiYLa4VZZy0GGsXna2eAbZOBQhmThUrr%2B4iPCQGktvRksHfZI%2FnUjDFHhNrwEkxMrouCeX0R9R6IoWixdxLGc%2Bkmrb9qlbWb4a"}],"group":"cf-nel","max_age":604800}', 'NEL': '{"success_fraction":0,"report_to":"cf-nel","max_age":604800}', 'Server': 'cloudflare', 'CF-RAY': '89a66681680c2a30-ORD', 'alt-svc': 'h3=":443"; ma=86400'} 
 body={"results":[{"gender":"male","name":{"title":"Mr","first":"Thomas","last":"Moore"},"location":{"street":{"number":2267,"name":"Green Lane West"},"city":"Upper Hutt","state":"Northland","country":"New Zealand","postcode":44508,"coordinates":{"latitude":"54.9471","longitude":"-156.5384"},"timezone":{"offset":"-3:30","description":"Newfoundland"}},"email":"thomas.moore@example.com","login":{"uuid":"f8535d86-769b-473a-ae1f-9f6e0b5507e6","username":"bigzebra648","password":"titten","salt":"CzJUDmOP","md5":"837fabebda74c47a6706b36bffc422a5","sha1":"0fd4c47d4653758de89c0b71bc979ace37c9ed9a","sha256":"a9894af02bcb21d31e2b63300f99c2e46936beed5011ca69089de13e8dfc91e5"},"dob":{"date":"1998-10-06T03:26:17.107Z","age":25},"registered":{"date":"2010-03-16T15:31:10.493Z","age":14},"phone":"(073)-304-9449","cell":"(333)-545-7842","id":{"name":"","value":null},"picture":{"large":"https://randomuser.me/api/portraits/men/91.jpg","medium":"https://randomuser.me/api/portraits/med/men/91.jpg","thumbnail":"https://randomuser.me/api/portraits/thumb/men/91.jpg"},"nat":"NZ"}],"info":{"seed":"36bd907b2d3e3c10","results":1,"page":1,"version":"1.4"}} 
 </msg>
<msg time="2024-06-27T15:16:49.610544" level="INFO">/opt/hostedtoolcache/Python/3.12.4/x64/lib/python3.12/site-packages/urllib3/connectionpool.py:1099: InsecureRequestWarning: Unverified HTTPS request is being made to host 'randomuser.me'. Adding certificate verification is strongly advised. See: https://urllib3.readthedocs.io/en/latest/advanced-usage.html#tls-warnings
  warnings.warn(</msg>
<msg time="2024-06-27T15:16:49.610677" level="INFO">${response} = &lt;Response [200]&gt;</msg>
<var>${response}</var>
<arg>consultarAPI</arg>
<arg>/api</arg>
<doc>Sends a GET request on a previously created HTTP Session.</doc>
<status status="PASS" start="2024-06-27T15:16:49.497878" elapsed="0.112843"/>
</kw>
<kw name="Set Variable" owner="BuiltIn">
<msg time="2024-06-27T15:16:49.612023" level="INFO">${json_data} = {'results': [{'gender': 'male', 'name': {'title': 'Mr', 'first': 'Thomas', 'last': 'Moore'}, 'location': {'street': {'number': 2267, 'name': 'Green Lane West'}, 'city': 'Upper Hutt', 'state': 'Northla...</msg>
<var>${json_data}</var>
<arg>${response.json()}</arg>
<doc>Returns the given values which can then be assigned to a variables.</doc>
<status status="PASS" start="2024-06-27T15:16:49.611389" elapsed="0.000664"/>
</kw>
<kw name="Log" owner="BuiltIn">
<msg time="2024-06-27T15:16:49.612542" level="INFO">{'results': [{'gender': 'male', 'name': {'title': 'Mr', 'first': 'Thomas', 'last': 'Moore'}, 'location': {'street': {'number': 2267, 'name': 'Green Lane West'}, 'city': 'Upper Hutt', 'state': 'Northland', 'country': 'New Zealand', 'postcode': 44508, 'coordinates': {'latitude': '54.9471', 'longitude': '-156.5384'}, 'timezone': {'offset': '-3:30', 'description': 'Newfoundland'}}, 'email': 'thomas.moore@example.com', 'login': {'uuid': 'f8535d86-769b-473a-ae1f-9f6e0b5507e6', 'username': 'bigzebra648', 'password': 'titten', 'salt': 'CzJUDmOP', 'md5': '837fabebda74c47a6706b36bffc422a5', 'sha1': '0fd4c47d4653758de89c0b71bc979ace37c9ed9a', 'sha256': 'a9894af02bcb21d31e2b63300f99c2e46936beed5011ca69089de13e8dfc91e5'}, 'dob': {'date': '1998-10-06T03:26:17.107Z', 'age': 25}, 'registered': {'date': '2010-03-16T15:31:10.493Z', 'age': 14}, 'phone': '(073)-304-9449', 'cell': '(333)-545-7842', 'id': {'name': '', 'value': None}, 'picture': {'large': 'https://randomuser.me/api/portraits/men/91.jpg', 'medium': 'https://randomuser.me/api/portraits/med/men/91.jpg', 'thumbnail': 'https://randomuser.me/api/portraits/thumb/men/91.jpg'}, 'nat': 'NZ'}], 'info': {'seed': '36bd907b2d3e3c10', 'results': 1, 'page': 1, 'version': '1.4'}}</msg>
<arg>${json_data}</arg>
<doc>Logs the given message with the given level.</doc>
<status status="PASS" start="2024-06-27T15:16:49.612379" elapsed="0.000210"/>
</kw>
<kw name="Should Be String" owner="String">
<arg>${json_data['results'][0]['gender']}</arg>
<doc>Fails if the given ``item`` is not a string.</doc>
<status status="PASS" start="2024-06-27T15:16:49.612884" elapsed="0.000364"/>
</kw>
<kw name="Should Match Regexp" owner="BuiltIn">
<arg>${json_data['results'][0]['email']}</arg>
<arg>^[a-zA-Z0-9._%+-]+@[a-zA-Z0-9.-]+\.[a-zA-Z]{2,}$</arg>
<doc>Fails if ``string`` does not match ``pattern`` as a regular expression.</doc>
<status status="PASS" start="2024-06-27T15:16:49.613551" elapsed="0.000534"/>
</kw>
<kw name="Should Match Regexp" owner="BuiltIn">
<arg>${json_data['results'][0]['dob']['date']}</arg>
<arg>\\d{4}-\\d{2}-\\d{2}T\\d{2}:\\d{2}:\\d{2}\\.\\d{3}Z</arg>
<doc>Fails if ``string`` does not match ``pattern`` as a regular expression.</doc>
<status status="PASS" start="2024-06-27T15:16:49.614280" elapsed="0.000484"/>
</kw>
<kw name="Should Match Regexp" owner="BuiltIn">
<arg>${json_data['results'][0]['registered']['date']}</arg>
<arg>\\d{4}-\\d{2}-\\d{2}T\\d{2}:\\d{2}:\\d{2}\\.\\d{3}Z</arg>
<doc>Fails if ``string`` does not match ``pattern`` as a regular expression.</doc>
<status status="PASS" start="2024-06-27T15:16:49.614952" elapsed="0.000371"/>
</kw>
<kw name="Should Match Regexp" owner="BuiltIn">
<arg>${json_data['results'][0]['picture']['large']}</arg>
<arg>^https?://.*\.(?:png|jpe?g|gif|bmp)$</arg>
<doc>Fails if ``string`` does not match ``pattern`` as a regular expression.</doc>
<status status="PASS" start="2024-06-27T15:16:49.615507" elapsed="0.000452"/>
</kw>
<kw name="Should Match Regexp" owner="BuiltIn">
<arg>${json_data['results'][0]['picture']['medium']}</arg>
<arg>^https?://.*\.(?:png|jpe?g|gif|bmp)$</arg>
<doc>Fails if ``string`` does not match ``pattern`` as a regular expression.</doc>
<status status="PASS" start="2024-06-27T15:16:49.616145" elapsed="0.000352"/>
</kw>
<kw name="Should Match Regexp" owner="BuiltIn">
<arg>${json_data['results'][0]['picture']['thumbnail']}</arg>
<arg>^https?://.*\.(?:png|jpe?g|gif|bmp)$</arg>
<doc>Fails if ``string`` does not match ``pattern`` as a regular expression.</doc>
<status status="PASS" start="2024-06-27T15:16:49.616679" elapsed="0.000344"/>
</kw>
<kw name="Log" owner="BuiltIn">
<msg time="2024-06-27T15:16:49.617572" level="INFO">{'large': 'https://randomuser.me/api/portraits/men/91.jpg', 'medium': 'https://randomuser.me/api/portraits/med/men/91.jpg', 'thumbnail': 'https://randomuser.me/api/portraits/thumb/men/91.jpg'}</msg>
<arg>${json_data['results'][0]['picture']}</arg>
<doc>Logs the given message with the given level.</doc>
<status status="PASS" start="2024-06-27T15:16:49.617207" elapsed="0.000408"/>
</kw>
<status status="PASS" start="2024-06-27T15:16:49.497653" elapsed="0.120226"/>
</kw>
<kw name="Teste de Tipos de Dados - Postcode" owner="random-user-service">
<kw name="GET On Session" owner="RequestsLibrary">
<msg time="2024-06-27T15:16:49.685989" level="INFO">GET Request : url=https://randomuser.me/api 
 path_url=/api 
 headers={'User-Agent': 'python-requests/2.32.3', 'Accept-Encoding': 'gzip, deflate', 'Accept': '*/*', 'Connection': 'keep-alive'} 
 body=None 
 </msg>
<msg time="2024-06-27T15:16:49.686104" level="INFO">GET Response : url=https://randomuser.me/api 
 status=200, reason=OK 
 headers={'Date': 'Thu, 27 Jun 2024 15:16:49 GMT', 'Content-Type': 'application/json; charset=utf-8', 'Transfer-Encoding': 'chunked', 'Connection': 'keep-alive', 'X-Powered-By': 'Express', 'Access-Control-Allow-Origin': '*', 'Cache-Control': 'no-cache', 'ETag': 'W/"48b-Co3gwo2zWoBDE4sECU9GqFmRVpA"', 'Vary': 'Accept-Encoding', 'Content-Encoding': 'gzip', 'CF-Cache-Status': 'DYNAMIC', 'Report-To': '{"endpoints":[{"url":"https:\\/\\/a.nel.cloudflare.com\\/report\\/v4?s=uIGBPXSXn8MQVaN1wUwD0wD3Axp9BarVPoJJn%2FR%2B1qPfvlpQx6RUnOizhYRyv%2Ftm%2BEmNs%2BeprrS7wRPz9whvaOLJUGnBSGUPrcAvuRnm5RUEuaCYUrkVLTZF%2BYqNAUbH"}],"group":"cf-nel","max_age":604800}', 'NEL': '{"success_fraction":0,"report_to":"cf-nel","max_age":604800}', 'Server': 'cloudflare', 'CF-RAY': '89a6668229112a30-ORD', 'alt-svc': 'h3=":443"; ma=86400'} 
 body={"results":[{"gender":"female","name":{"title":"Ms","first":"Kripa","last":"Namnaik"},"location":{"street":{"number":8340,"name":"Janpath"},"city":"Mau","state":"Delhi","country":"India","postcode":75135,"coordinates":{"latitude":"10.8013","longitude":"39.9884"},"timezone":{"offset":"+5:00","description":"Ekaterinburg, Islamabad, Karachi, Tashkent"}},"email":"kripa.namnaik@example.com","login":{"uuid":"59dad594-bc95-4aaa-958d-f9034fe7ef87","username":"ticklishzebra656","password":"leeds","salt":"XLuNPQZx","md5":"19de7fbd7586e6de276aa347585f3c4c","sha1":"10fa6695cf6d30e8305274338daff8485f4a9619","sha256":"26a64ca1f89d206e59bdf87489cd181e6d03e6d84abb8da868a453d95c1789e7"},"dob":{"date":"1945-05-13T11:58:56.346Z","age":79},"registered":{"date":"2006-10-26T13:33:51.266Z","age":17},"phone":"9949954377","cell":"9741006375","id":{"name":"UIDAI","value":"154613809653"},"picture":{"large":"https://randomuser.me/api/portraits/women/24.jpg","medium":"https://randomuser.me/api/portraits/med/women/24.jpg","thumbnail":"https://randomuser.me/api/portraits/thumb/women/24.jpg"},"nat":"IN"}],"info":{"seed":"74f17f95859b06b4","results":1,"page":1,"version":"1.4"}} 
 </msg>
<msg time="2024-06-27T15:16:49.686184" level="INFO">/opt/hostedtoolcache/Python/3.12.4/x64/lib/python3.12/site-packages/urllib3/connectionpool.py:1099: InsecureRequestWarning: Unverified HTTPS request is being made to host 'randomuser.me'. Adding certificate verification is strongly advised. See: https://urllib3.readthedocs.io/en/latest/advanced-usage.html#tls-warnings
  warnings.warn(</msg>
<msg time="2024-06-27T15:16:49.686303" level="INFO">${response} = &lt;Response [200]&gt;</msg>
<var>${response}</var>
<arg>consultarAPI</arg>
<arg>/api</arg>
<doc>Sends a GET request on a previously created HTTP Session.</doc>
<status status="PASS" start="2024-06-27T15:16:49.618344" elapsed="0.067997"/>
</kw>
<kw name="Set Variable" owner="BuiltIn">
<msg time="2024-06-27T15:16:49.687576" level="INFO">${json_data} = {'results': [{'gender': 'female', 'name': {'title': 'Ms', 'first': 'Kripa', 'last': 'Namnaik'}, 'location': {'street': {'number': 8340, 'name': 'Janpath'}, 'city': 'Mau', 'state': 'Delhi', 'country': ...</msg>
<var>${json_data}</var>
<arg>${response.json()}</arg>
<doc>Returns the given values which can then be assigned to a variables.</doc>
<status status="PASS" start="2024-06-27T15:16:49.686969" elapsed="0.000635"/>
</kw>
<kw name="Log" owner="BuiltIn">
<msg time="2024-06-27T15:16:49.688070" level="INFO">{'results': [{'gender': 'female', 'name': {'title': 'Ms', 'first': 'Kripa', 'last': 'Namnaik'}, 'location': {'street': {'number': 8340, 'name': 'Janpath'}, 'city': 'Mau', 'state': 'Delhi', 'country': 'India', 'postcode': 75135, 'coordinates': {'latitude': '10.8013', 'longitude': '39.9884'}, 'timezone': {'offset': '+5:00', 'description': 'Ekaterinburg, Islamabad, Karachi, Tashkent'}}, 'email': 'kripa.namnaik@example.com', 'login': {'uuid': '59dad594-bc95-4aaa-958d-f9034fe7ef87', 'username': 'ticklishzebra656', 'password': 'leeds', 'salt': 'XLuNPQZx', 'md5': '19de7fbd7586e6de276aa347585f3c4c', 'sha1': '10fa6695cf6d30e8305274338daff8485f4a9619', 'sha256': '26a64ca1f89d206e59bdf87489cd181e6d03e6d84abb8da868a453d95c1789e7'}, 'dob': {'date': '1945-05-13T11:58:56.346Z', 'age': 79}, 'registered': {'date': '2006-10-26T13:33:51.266Z', 'age': 17}, 'phone': '9949954377', 'cell': '9741006375', 'id': {'name': 'UIDAI', 'value': '154613809653'}, 'picture': {'large': 'https://randomuser.me/api/portraits/women/24.jpg', 'medium': 'https://randomuser.me/api/portraits/med/women/24.jpg', 'thumbnail': 'https://randomuser.me/api/portraits/thumb/women/24.jpg'}, 'nat': 'IN'}], 'info': {'seed': '74f17f95859b06b4', 'results': 1, 'page': 1, 'version': '1.4'}}</msg>
<arg>${json_data}</arg>
<doc>Logs the given message with the given level.</doc>
<status status="PASS" start="2024-06-27T15:16:49.687910" elapsed="0.000208"/>
</kw>
<kw name="Should Be Equal As Numbers" owner="BuiltIn">
<arg>${json_data['results'][0]['location']['postcode']}</arg>
<arg>${json_data['results'][0]['location']['postcode']}</arg>
<doc>Fails if objects are unequal after converting them to real numbers.</doc>
<status status="PASS" start="2024-06-27T15:16:49.688413" elapsed="0.000616"/>
</kw>
<kw name="Log" owner="BuiltIn">
<msg time="2024-06-27T15:16:49.689795" level="INFO">75135</msg>
<arg>${json_data['results'][0]['location']['postcode']}</arg>
<doc>Logs the given message with the given level.</doc>
<status status="PASS" start="2024-06-27T15:16:49.689250" elapsed="0.000586"/>
</kw>
<status status="PASS" start="2024-06-27T15:16:49.618111" elapsed="0.071984"/>
</kw>
<doc>Testa se os tipos de dados na resposta da API estão corretos.</doc>
<tag>testeTiposDados</tag>
<status status="PASS" start="2024-06-27T15:16:49.497052" elapsed="0.193211"/>
</test>
<test id="s1-s1-t5" name="Validar conteudo" line="35">
<kw name="Teste de Tipos de Conteudo" owner="random-user-service">
<kw name="GET On Session" owner="RequestsLibrary">
<msg time="2024-06-27T15:16:49.778137" level="INFO">GET Request : url=https://randomuser.me/api 
 path_url=/api 
 headers={'User-Agent': 'python-requests/2.32.3', 'Accept-Encoding': 'gzip, deflate', 'Accept': '*/*', 'Connection': 'keep-alive'} 
 body=None 
 </msg>
<msg time="2024-06-27T15:16:49.778257" level="INFO">GET Response : url=https://randomuser.me/api 
 status=200, reason=OK 
 headers={'Date': 'Thu, 27 Jun 2024 15:16:49 GMT', 'Content-Type': 'application/json; charset=utf-8', 'Transfer-Encoding': 'chunked', 'Connection': 'keep-alive', 'X-Powered-By': 'Express', 'Access-Control-Allow-Origin': '*', 'Cache-Control': 'no-cache', 'ETag': 'W/"48d-iOJ/KYQL0TIlyZf4qk58ZIDA1Rg"', 'Vary': 'Accept-Encoding', 'Content-Encoding': 'gzip', 'CF-Cache-Status': 'DYNAMIC', 'Report-To': '{"endpoints":[{"url":"https:\\/\\/a.nel.cloudflare.com\\/report\\/v4?s=Y53Xln7sRBlrp1OzJANvzrKL5immzNd9hgySXNuwE7V1G1qCJHG0Twy%2FBSLJrTsHaDJ6MKh6ZgAeGxZSKjYDMGnqg2MdkAmLrVe0CDHhg%2F1meietVBzF3zNAygLjJX8x"}],"group":"cf-nel","max_age":604800}', 'NEL': '{"success_fraction":0,"report_to":"cf-nel","max_age":604800}', 'Server': 'cloudflare', 'CF-RAY': '89a6668299b92a30-ORD', 'alt-svc': 'h3=":443"; ma=86400'} 
 body={"results":[{"gender":"male","name":{"title":"Mr","first":"Marinko","last":"Kovač"},"location":{"street":{"number":2721,"name":"Proleterska"},"city":"Kragujevac","state":"Kosovska Mitrovica","country":"Serbia","postcode":84037,"coordinates":{"latitude":"63.1067","longitude":"-110.6389"},"timezone":{"offset":"+6:00","description":"Almaty, Dhaka, Colombo"}},"email":"marinko.kovac@example.com","login":{"uuid":"65c4b54d-0fbe-4e56-88dd-7c5e84da77a8","username":"ticklishsnake544","password":"letmein1","salt":"c7R66uzr","md5":"baf5aab09aeb59745a236e8cd6bba90b","sha1":"64aececdd6a9c0f3259f3999ebe1903af7d58015","sha256":"d293a015f82fc41ac4bb6edf81e3204d4f74edcc26d95e49137c1b8328ed0e30"},"dob":{"date":"1988-06-27T06:46:48.679Z","age":36},"registered":{"date":"2008-10-08T04:18:34.067Z","age":15},"phone":"022-8644-656","cell":"067-1792-470","id":{"name":"SID","value":"803602421"},"picture":{"large":"https://randomuser.me/api/portraits/men/88.jpg","medium":"https://randomuser.me/api/portraits/med/men/88.jpg","thumbnail":"https://randomuser.me/api/portraits/thumb/men/88.jpg"},"nat":"RS"}],"info":{"seed":"fbc48733ac094c9f","results":1,"page":1,"version":"1.4"}} 
 </msg>
<msg time="2024-06-27T15:16:49.778346" level="INFO">/opt/hostedtoolcache/Python/3.12.4/x64/lib/python3.12/site-packages/urllib3/connectionpool.py:1099: InsecureRequestWarning: Unverified HTTPS request is being made to host 'randomuser.me'. Adding certificate verification is strongly advised. See: https://urllib3.readthedocs.io/en/latest/advanced-usage.html#tls-warnings
  warnings.warn(</msg>
<msg time="2024-06-27T15:16:49.778473" level="INFO">${response} = &lt;Response [200]&gt;</msg>
<var>${response}</var>
<arg>consultarAPI</arg>
<arg>/api</arg>
<doc>Sends a GET request on a previously created HTTP Session.</doc>
<status status="PASS" start="2024-06-27T15:16:49.692801" elapsed="0.085713"/>
</kw>
<kw name="Set Variable" owner="BuiltIn">
<msg time="2024-06-27T15:16:49.779795" level="INFO">${json_data} = {'results': [{'gender': 'male', 'name': {'title': 'Mr', 'first': 'Marinko', 'last': 'Kovač'}, 'location': {'street': {'number': 2721, 'name': 'Proleterska'}, 'city': 'Kragujevac', 'state': 'Kosovska M...</msg>
<var>${json_data}</var>
<arg>${response.json()}</arg>
<doc>Returns the given values which can then be assigned to a variables.</doc>
<status status="PASS" start="2024-06-27T15:16:49.779186" elapsed="0.000641"/>
</kw>
<kw name="Set Variable" owner="BuiltIn">
<msg time="2024-06-27T15:16:49.780521" level="INFO">${name_title} = Mr</msg>
<var>${name_title}</var>
<arg>${json_data["results"][0]["name"]["title"]}</arg>
<doc>Returns the given values which can then be assigned to a variables.</doc>
<status status="PASS" start="2024-06-27T15:16:49.780136" elapsed="0.000410"/>
</kw>
<kw name="Create List" owner="BuiltIn">
<msg time="2024-06-27T15:16:49.780988" level="INFO">${allowed_titles} = ['Mr', 'Ms', 'Miss', 'Mrs', 'Madame', 'Monsieur']</msg>
<var>${allowed_titles}</var>
<arg>Mr</arg>
<arg>Ms</arg>
<arg>Miss</arg>
<arg>Mrs</arg>
<arg>Madame</arg>
<arg>Monsieur</arg>
<doc>Returns a list containing given items.</doc>
<status status="PASS" start="2024-06-27T15:16:49.780842" elapsed="0.000169"/>
</kw>
<kw name="List Should Contain Value" owner="Collections">
<arg>${allowed_titles}</arg>
<arg>${name_title}</arg>
<doc>Fails if the ``value`` is not found from ``list``.</doc>
<status status="PASS" start="2024-06-27T15:16:49.781306" elapsed="0.000223"/>
</kw>
<kw name="Set Variable" owner="BuiltIn">
<msg time="2024-06-27T15:16:49.782087" level="INFO">${name_country} = RS</msg>
<var>${name_country}</var>
<arg>${json_data["results"][0]["nat"]}</arg>
<doc>Returns the given values which can then be assigned to a variables.</doc>
<status status="PASS" start="2024-06-27T15:16:49.781715" elapsed="0.000396"/>
</kw>
<kw name="Create List" owner="BuiltIn">
<msg time="2024-06-27T15:16:49.783033" level="INFO">${list_country} = ['AD', 'AE', 'AF', 'AG', 'AI', 'AL', 'AM', 'AO', 'AQ', 'AR', 'AS', 'AT', 'AU', 'AW', 'AX', 'AZ', 'BA', 'BB', 'BD', 'BE', 'BF', 'BG', 'BH', 'BI', 'BJ', 'BL', 'BM', 'BN', 'BO', 'BQ', 'BR', 'BS', 'BT', '...</msg>
<var>${list_country}</var>
<arg>AD</arg>
<arg>AE</arg>
<arg>AF</arg>
<arg>AG</arg>
<arg>AI</arg>
<arg>AL</arg>
<arg>AM</arg>
<arg>AO</arg>
<arg>AQ</arg>
<arg>AR</arg>
<arg>AS</arg>
<arg>AT</arg>
<arg>AU</arg>
<arg>AW</arg>
<arg>AX</arg>
<arg>AZ</arg>
<arg>BA</arg>
<arg>BB</arg>
<arg>BD</arg>
<arg>BE</arg>
<arg>BF</arg>
<arg>BG</arg>
<arg>BH</arg>
<arg>BI</arg>
<arg>BJ</arg>
<arg>BL</arg>
<arg>BM</arg>
<arg>BN</arg>
<arg>BO</arg>
<arg>BQ</arg>
<arg>BR</arg>
<arg>BS</arg>
<arg>BT</arg>
<arg>BV</arg>
<arg>BW</arg>
<arg>BY</arg>
<arg>BZ</arg>
<arg>CA</arg>
<arg>CC</arg>
<arg>CD</arg>
<arg>CF</arg>
<arg>CG</arg>
<arg>CH</arg>
<arg>CI</arg>
<arg>CK</arg>
<arg>CL</arg>
<arg>CM</arg>
<arg>CN</arg>
<arg>CO</arg>
<arg>CR</arg>
<arg>CU</arg>
<arg>CV</arg>
<arg>CW</arg>
<arg>CX</arg>
<arg>CY</arg>
<arg>CZ</arg>
<arg>DE</arg>
<arg>DJ</arg>
<arg>DK</arg>
<arg>DM</arg>
<arg>DO</arg>
<arg>DZ</arg>
<arg>EC</arg>
<arg>EE</arg>
<arg>EG</arg>
<arg>EH</arg>
<arg>ER</arg>
<arg>ES</arg>
<arg>ET</arg>
<arg>FI</arg>
<arg>FJ</arg>
<arg>FK</arg>
<arg>FM</arg>
<arg>FO</arg>
<arg>FR</arg>
<arg>GA</arg>
<arg>GB</arg>
<arg>GD</arg>
<arg>GE</arg>
<arg>GF</arg>
<arg>GG</arg>
<arg>GH</arg>
<arg>GI</arg>
<arg>GL</arg>
<arg>GM</arg>
<arg>GN</arg>
<arg>GP</arg>
<arg>GQ</arg>
<arg>GR</arg>
<arg>GS</arg>
<arg>GT</arg>
<arg>GU</arg>
<arg>GW</arg>
<arg>GY</arg>
<arg>HK</arg>
<arg>HM</arg>
<arg>HN</arg>
<arg>HR</arg>
<arg>HT</arg>
<arg>HU</arg>
<arg>ID</arg>
<arg>IE</arg>
<arg>IL</arg>
<arg>IM</arg>
<arg>IN</arg>
<arg>IO</arg>
<arg>IQ</arg>
<arg>IR</arg>
<arg>IS</arg>
<arg>IT</arg>
<arg>JE</arg>
<arg>JM</arg>
<arg>JO</arg>
<arg>JP</arg>
<arg>KE</arg>
<arg>KG</arg>
<arg>KH</arg>
<arg>KI</arg>
<arg>KM</arg>
<arg>KN</arg>
<arg>KP</arg>
<arg>KR</arg>
<arg>KW</arg>
<arg>KY</arg>
<arg>KZ</arg>
<arg>LA</arg>
<arg>LB</arg>
<arg>LC</arg>
<arg>LI</arg>
<arg>LK</arg>
<arg>LR</arg>
<arg>LS</arg>
<arg>LT</arg>
<arg>LU</arg>
<arg>LV</arg>
<arg>LY</arg>
<arg>MA</arg>
<arg>MC</arg>
<arg>MD</arg>
<arg>ME</arg>
<arg>MF</arg>
<arg>MG</arg>
<arg>MH</arg>
<arg>MK</arg>
<arg>ML</arg>
<arg>MM</arg>
<arg>MN</arg>
<arg>MO</arg>
<arg>MP</arg>
<arg>MQ</arg>
<arg>MR</arg>
<arg>MS</arg>
<arg>MT</arg>
<arg>MU</arg>
<arg>MV</arg>
<arg>MW</arg>
<arg>MX</arg>
<arg>MY</arg>
<arg>MZ</arg>
<arg>NA</arg>
<arg>NC</arg>
<arg>NE</arg>
<arg>NF</arg>
<arg>NG</arg>
<arg>NI</arg>
<arg>NL</arg>
<arg>NO</arg>
<arg>NP</arg>
<arg>NR</arg>
<arg>NU</arg>
<arg>NZ</arg>
<arg>OM</arg>
<arg>PA</arg>
<arg>PE</arg>
<arg>PF</arg>
<arg>PG</arg>
<arg>PH</arg>
<arg>PK</arg>
<arg>PL</arg>
<arg>PM</arg>
<arg>PN</arg>
<arg>PR</arg>
<arg>PS</arg>
<arg>PT</arg>
<arg>PW</arg>
<arg>PY</arg>
<arg>QA</arg>
<arg>RE</arg>
<arg>RO</arg>
<arg>RS</arg>
<arg>RU</arg>
<arg>RW</arg>
<arg>SA</arg>
<arg>SB</arg>
<arg>SC</arg>
<arg>SD</arg>
<arg>SE</arg>
<arg>SG</arg>
<arg>SH</arg>
<arg>SI</arg>
<arg>SJ</arg>
<arg>SK</arg>
<arg>SL</arg>
<arg>SM</arg>
<arg>SN</arg>
<arg>SO</arg>
<arg>SR</arg>
<arg>SS</arg>
<arg>ST</arg>
<arg>SV</arg>
<arg>SX</arg>
<arg>SY</arg>
<arg>SZ</arg>
<arg>TC</arg>
<arg>TD</arg>
<arg>TF</arg>
<arg>TG</arg>
<arg>TH</arg>
<arg>TJ</arg>
<arg>TK</arg>
<arg>TL</arg>
<arg>TM</arg>
<arg>TN</arg>
<arg>TO</arg>
<arg>TR</arg>
<arg>TT</arg>
<arg>TV</arg>
<arg>TW</arg>
<arg>TZ</arg>
<arg>UA</arg>
<arg>UG</arg>
<arg>UM</arg>
<arg>US</arg>
<arg>UY</arg>
<arg>UZ</arg>
<arg>VA</arg>
<arg>VC</arg>
<arg>VE</arg>
<arg>VG</arg>
<arg>VI</arg>
<arg>VN</arg>
<arg>VU</arg>
<arg>WF</arg>
<arg>WS</arg>
<arg>XK</arg>
<arg>YE</arg>
<arg>YT</arg>
<arg>ZA</arg>
<arg>ZM</arg>
<arg>ZW</arg>
<doc>Returns a list containing given items.</doc>
<status status="PASS" start="2024-06-27T15:16:49.782422" elapsed="0.000636"/>
</kw>
<kw name="List Should Contain Value" owner="Collections">
<arg>${list_country}</arg>
<arg>${name_country}</arg>
<doc>Fails if the ``value`` is not found from ``list``.</doc>
<status status="PASS" start="2024-06-27T15:16:49.783861" elapsed="0.000204"/>
</kw>
<kw name="Run Keyword If" owner="BuiltIn">
<kw name="Should Be True" owner="BuiltIn">
<arg>${True}</arg>
<doc>Fails if the given condition is not true.</doc>
<status status="PASS" start="2024-06-27T15:16:49.784996" elapsed="0.000140"/>
</kw>
<arg>${json_data["results"][0]["location"]["coordinates"]["latitude"]} &gt;= -90 and ${json_data["results"][0]["location"]["coordinates"]["latitude"]} &lt;= 90</arg>
<arg>Should Be True</arg>
<arg>${True}</arg>
<doc>Runs the given keyword with the given arguments, if ``condition`` is true.</doc>
<status status="PASS" start="2024-06-27T15:16:49.784261" elapsed="0.000998"/>
</kw>
<kw name="Run Keyword If" owner="BuiltIn">
<kw name="Should Be True" owner="BuiltIn">
<arg>${True}</arg>
<doc>Fails if the given condition is not true.</doc>
<status status="PASS" start="2024-06-27T15:16:49.786160" elapsed="0.000242"/>
</kw>
<arg>${json_data["results"][0]["location"]["coordinates"]["longitude"]} &gt;= -180 and ${json_data["results"][0]["location"]["coordinates"]["longitude"]} &lt;= 180</arg>
<arg>Should Be True</arg>
<arg>${True}</arg>
<doc>Runs the given keyword with the given arguments, if ``condition`` is true.</doc>
<status status="PASS" start="2024-06-27T15:16:49.785467" elapsed="0.001063"/>
</kw>
<status status="PASS" start="2024-06-27T15:16:49.692580" elapsed="0.094083"/>
</kw>
<doc>Testa o conteúdo específico dos campos retornados pela API.</doc>
<tag>testeConteudo</tag>
<status status="PASS" start="2024-06-27T15:16:49.692039" elapsed="0.094776"/>
</test>
<status status="PASS" start="2024-06-27T15:16:48.910622" elapsed="0.878202"/>
</suite>
<status status="PASS" start="2024-06-27T15:16:48.896056" elapsed="0.897935"/>
</suite>
<statistics>
<total>
<stat pass="5" fail="0" skip="0">All Tests</stat>
</total>
<tag>
<stat pass="1" fail="0" skip="0">testeConteudo</stat>
<stat pass="1" fail="0" skip="0">testeEstruturaResposta</stat>
<stat pass="1" fail="0" skip="0">testeRequisicaoBasica</stat>
<stat pass="1" fail="0" skip="0">testeTiposDados</stat>
</tag>
<suite>
<stat pass="5" fail="0" skip="0" id="s1" name="Tests">Tests</stat>
<stat pass="5" fail="0" skip="0" id="s1-s1" name="Random-User-Test">Tests.Random-User-Test</stat>
</suite>
</statistics>
<errors>
</errors>
</robot>
