<?xml version="1.0" encoding="UTF-8"?>
<robot generator="Robot 7.0 (Python 3.12.2 on linux)" generated="2024-04-05T20:14:37.701917" rpa="false" schemaversion="5">
<suite id="s1" name="Tests" source="/home/runner/work/DesafioQAItauRogerioJordao/DesafioQAItauRogerioJordao/RamdonUser/tests">
<suite id="s1-s1" name="Random-User-Test" source="/home/runner/work/DesafioQAItauRogerioJordao/DesafioQAItauRogerioJordao/RamdonUser/tests/random-user-test.robot">
<test id="s1-s1-t1" name="Conectar" line="13">
<kw name="Conectar API" owner="random-user-service">
<kw name="Create Session" owner="RequestsLibrary">
<msg time="2024-04-05T20:14:38.076854" level="INFO">Creating Session using : alias=consultarAPI, url=https://randomuser.me/, headers={},                     cookies={}, auth=None, timeout=None, proxies=None, verify=False,                     debug=0 </msg>
<arg>consultarAPI</arg>
<arg>${URL}</arg>
<doc>Create Session: create a HTTP session to a server</doc>
<status status="PASS" start="2024-04-05T20:14:38.076636" elapsed="0.000407"/>
</kw>
<status status="PASS" start="2024-04-05T20:14:38.075530" elapsed="0.001902"/>
</kw>
<status status="PASS" start="2024-04-05T20:14:38.074940" elapsed="0.002705"/>
</test>
<test id="s1-s1-t2" name="Validar retorno 200 e JSON Válido" line="16">
<kw name="Teste de Requisicao Basica" owner="random-user-service">
<kw name="GET On Session" owner="RequestsLibrary">
<msg time="2024-04-05T20:14:38.274860" level="INFO">GET Request : url=https://randomuser.me/api 
 path_url=/api 
 headers={'User-Agent': 'python-requests/2.31.0', 'Accept-Encoding': 'gzip, deflate', 'Accept': '*/*', 'Connection': 'keep-alive'} 
 body=None 
 </msg>
<msg time="2024-04-05T20:14:38.275039" level="INFO">GET Response : url=https://randomuser.me/api 
 status=200, reason=OK 
 headers={'Date': 'Fri, 05 Apr 2024 20:14:38 GMT', 'Content-Type': 'application/json; charset=utf-8', 'Transfer-Encoding': 'chunked', 'Connection': 'keep-alive', 'X-Powered-By': 'Express', 'Access-Control-Allow-Origin': '*', 'Cache-Control': 'no-cache', 'ETag': 'W/"490-nekXp2e++GkPJITFSsuADQxxmsE"', 'Vary': 'Accept-Encoding', 'Content-Encoding': 'gzip', 'CF-Cache-Status': 'DYNAMIC', 'Report-To': '{"endpoints":[{"url":"https:\\/\\/a.nel.cloudflare.com\\/report\\/v4?s=SQGjgOYk51GVVhCnibn2Zdx6dc0TX7foxOO%2F9Mexg4wxW%2BG32%2FntvDfCPaTUBi%2FtMVSVGVBYfbBtc3NX7jUNW8o7fr9UYahf6YjiSnNe%2BEwVboNqheMlkOR9ch%2BtgSso"}],"group":"cf-nel","max_age":604800}', 'NEL': '{"success_fraction":0,"report_to":"cf-nel","max_age":604800}', 'Server': 'cloudflare', 'CF-RAY': '86fc34a0eebe125d-ORD', 'alt-svc': 'h3=":443"; ma=86400'} 
 body={"results":[{"gender":"female","name":{"title":"Mrs","first":"Kayla","last":"Moore"},"location":{"street":{"number":3180,"name":"Cranford Street"},"city":"Lower Hutt","state":"Bay of Plenty","country":"New Zealand","postcode":24801,"coordinates":{"latitude":"52.8486","longitude":"70.8586"},"timezone":{"offset":"-8:00","description":"Pacific Time (US &amp; Canada)"}},"email":"kayla.moore@example.com","login":{"uuid":"88725261-20a1-441d-90b5-a153c82889f3","username":"greenostrich191","password":"pineappl","salt":"dQgth1ta","md5":"4f04150fba64da48698e1aef0970c5fc","sha1":"3cdfb3ae623abb5f64d77f88911bbce85c46fd27","sha256":"5c07af6e274ed27fb96c932c63667722cc2c235909ca6e8cca52fa0cb4d0a261"},"dob":{"date":"1962-09-17T16:43:26.212Z","age":61},"registered":{"date":"2006-01-19T09:09:20.046Z","age":18},"phone":"(515)-559-2190","cell":"(395)-394-1972","id":{"name":"","value":null},"picture":{"large":"https://randomuser.me/api/portraits/women/73.jpg","medium":"https://randomuser.me/api/portraits/med/women/73.jpg","thumbnail":"https://randomuser.me/api/portraits/thumb/women/73.jpg"},"nat":"NZ"}],"info":{"seed":"86ce775033d8064d","results":1,"page":1,"version":"1.4"}} 
 </msg>
<msg time="2024-04-05T20:14:38.275165" level="INFO">/opt/hostedtoolcache/Python/3.12.2/x64/lib/python3.12/site-packages/urllib3/connectionpool.py:1103: InsecureRequestWarning: Unverified HTTPS request is being made to host 'randomuser.me'. Adding certificate verification is strongly advised. See: https://urllib3.readthedocs.io/en/latest/advanced-usage.html#tls-warnings
  warnings.warn(</msg>
<msg time="2024-04-05T20:14:38.275318" level="INFO">${response} = &lt;Response [200]&gt;</msg>
<var>${response}</var>
<arg>consultarAPI</arg>
<arg>/api</arg>
<doc>Sends a GET request on a previously created HTTP Session.</doc>
<status status="PASS" start="2024-04-05T20:14:38.080290" elapsed="0.195070"/>
</kw>
<kw name="Should Be Equal As Numbers" owner="BuiltIn">
<msg time="2024-04-05T20:14:38.276556" level="INFO">Argument types are:
&lt;class 'int'&gt;
&lt;class 'str'&gt;</msg>
<arg>${response.status_code}</arg>
<arg>200</arg>
<doc>Fails if objects are unequal after converting them to real numbers.</doc>
<status status="PASS" start="2024-04-05T20:14:38.276049" elapsed="0.000586"/>
</kw>
<kw name="Log" owner="BuiltIn">
<msg time="2024-04-05T20:14:38.277408" level="INFO">200</msg>
<arg>${response.status_code}</arg>
<doc>Logs the given message with the given level.</doc>
<status status="PASS" start="2024-04-05T20:14:38.277022" elapsed="0.000433"/>
</kw>
<kw name="Set Variable" owner="BuiltIn">
<msg time="2024-04-05T20:14:38.278331" level="INFO">${json_data} = {'results': [{'gender': 'female', 'name': {'title': 'Mrs', 'first': 'Kayla', 'last': 'Moore'}, 'location': {'street': {'number': 3180, 'name': 'Cranford Street'}, 'city': 'Lower Hutt', 'state': 'Bay o...</msg>
<var>${json_data}</var>
<arg>${response.json()}</arg>
<doc>Returns the given values which can then be assigned to a variables.</doc>
<status status="PASS" start="2024-04-05T20:14:38.277868" elapsed="0.000491"/>
</kw>
<kw name="Dictionary Should Contain Key" owner="Collections">
<msg time="2024-04-05T20:14:38.278856" level="INFO">False</msg>
<arg>${json_data}</arg>
<arg>results</arg>
<doc>Fails if ``key`` is not found from ``dictionary``.</doc>
<status status="PASS" start="2024-04-05T20:14:38.278678" elapsed="0.000219"/>
</kw>
<status status="PASS" start="2024-04-05T20:14:38.080030" elapsed="0.199133"/>
</kw>
<doc>Testa se a API responde corretamente e retorna um objeto JSON válido.</doc>
<tag>testeRequisicaoBasica</tag>
<status status="PASS" start="2024-04-05T20:14:38.079549" elapsed="0.199808"/>
</test>
<test id="s1-s1-t3" name="Validar estrutura de resposta" line="22">
<kw name="Teste de Estrutura de Resposta" owner="random-user-service">
<kw name="GET On Session" owner="RequestsLibrary">
<msg time="2024-04-05T20:14:38.368813" level="INFO">GET Request : url=https://randomuser.me/api 
 path_url=/api 
 headers={'User-Agent': 'python-requests/2.31.0', 'Accept-Encoding': 'gzip, deflate', 'Accept': '*/*', 'Connection': 'keep-alive'} 
 body=None 
 </msg>
<msg time="2024-04-05T20:14:38.368933" level="INFO">GET Response : url=https://randomuser.me/api 
 status=200, reason=OK 
 headers={'Date': 'Fri, 05 Apr 2024 20:14:38 GMT', 'Content-Type': 'application/json; charset=utf-8', 'Transfer-Encoding': 'chunked', 'Connection': 'keep-alive', 'X-Powered-By': 'Express', 'Access-Control-Allow-Origin': '*', 'Cache-Control': 'no-cache', 'ETag': 'W/"4a7-1ad5jq6XjS8NdRtSvzPmMIDHAKY"', 'Vary': 'Accept-Encoding', 'Content-Encoding': 'gzip', 'CF-Cache-Status': 'DYNAMIC', 'Report-To': '{"endpoints":[{"url":"https:\\/\\/a.nel.cloudflare.com\\/report\\/v4?s=XmLyzPMln5x%2FZANSxRIIIoYXetCkTEcv8ElABxNmnjRkT5oXyXVRpre9Sqzh%2BOH3KeKosEo31LHjMs3m6cs5EFv7Ajdsq3TddJ%2FJ%2BDD%2Bqgkeet%2FQsA45HI%2BKt7R0JyGm"}],"group":"cf-nel","max_age":604800}', 'NEL': '{"success_fraction":0,"report_to":"cf-nel","max_age":604800}', 'Server': 'cloudflare', 'CF-RAY': '86fc34a14f4f125d-ORD', 'alt-svc': 'h3=":443"; ma=86400'} 
 body={"results":[{"gender":"female","name":{"title":"Miss","first":"Alexis","last":"Garcia"},"location":{"street":{"number":5033,"name":"E North St"},"city":"Australian Capital Territory","state":"Victoria","country":"Australia","postcode":2965,"coordinates":{"latitude":"-86.2184","longitude":"43.4804"},"timezone":{"offset":"+10:00","description":"Eastern Australia, Guam, Vladivostok"}},"email":"alexis.garcia@example.com","login":{"uuid":"040f831c-b284-4108-a314-9998c95dbafd","username":"goldenlion653","password":"aaaaa","salt":"lGthaHio","md5":"c90be1246f2ee4fa06bcdf30f446fcef","sha1":"c98fbb061df0fc6579c7b15b2acd9200fdc7843a","sha256":"03575642248942993d4634f07e82354556626eed1f99d3df809165f63104d0e3"},"dob":{"date":"1978-06-07T08:01:53.437Z","age":45},"registered":{"date":"2012-10-09T22:02:09.548Z","age":11},"phone":"05-3866-9816","cell":"0445-561-819","id":{"name":"TFN","value":"327215593"},"picture":{"large":"https://randomuser.me/api/portraits/women/74.jpg","medium":"https://randomuser.me/api/portraits/med/women/74.jpg","thumbnail":"https://randomuser.me/api/portraits/thumb/women/74.jpg"},"nat":"AU"}],"info":{"seed":"10f825ae25e99800","results":1,"page":1,"version":"1.4"}} 
 </msg>
<msg time="2024-04-05T20:14:38.369105" level="INFO">/opt/hostedtoolcache/Python/3.12.2/x64/lib/python3.12/site-packages/urllib3/connectionpool.py:1103: InsecureRequestWarning: Unverified HTTPS request is being made to host 'randomuser.me'. Adding certificate verification is strongly advised. See: https://urllib3.readthedocs.io/en/latest/advanced-usage.html#tls-warnings
  warnings.warn(</msg>
<msg time="2024-04-05T20:14:38.369252" level="INFO">${response} = &lt;Response [200]&gt;</msg>
<var>${response}</var>
<arg>consultarAPI</arg>
<arg>/api</arg>
<doc>Sends a GET request on a previously created HTTP Session.</doc>
<status status="PASS" start="2024-04-05T20:14:38.282186" elapsed="0.087100"/>
</kw>
<kw name="Set Variable" owner="BuiltIn">
<msg time="2024-04-05T20:14:38.370432" level="INFO">${json_data} = {'results': [{'gender': 'female', 'name': {'title': 'Miss', 'first': 'Alexis', 'last': 'Garcia'}, 'location': {'street': {'number': 5033, 'name': 'E North St'}, 'city': 'Australian Capital Territory',...</msg>
<var>${json_data}</var>
<arg>${response.json()}</arg>
<doc>Returns the given values which can then be assigned to a variables.</doc>
<status status="PASS" start="2024-04-05T20:14:38.369879" elapsed="0.000582"/>
</kw>
<kw name="Log" owner="BuiltIn">
<msg time="2024-04-05T20:14:38.371013" level="INFO">{'results': [{'gender': 'female', 'name': {'title': 'Miss', 'first': 'Alexis', 'last': 'Garcia'}, 'location': {'street': {'number': 5033, 'name': 'E North St'}, 'city': 'Australian Capital Territory', 'state': 'Victoria', 'country': 'Australia', 'postcode': 2965, 'coordinates': {'latitude': '-86.2184', 'longitude': '43.4804'}, 'timezone': {'offset': '+10:00', 'description': 'Eastern Australia, Guam, Vladivostok'}}, 'email': 'alexis.garcia@example.com', 'login': {'uuid': '040f831c-b284-4108-a314-9998c95dbafd', 'username': 'goldenlion653', 'password': 'aaaaa', 'salt': 'lGthaHio', 'md5': 'c90be1246f2ee4fa06bcdf30f446fcef', 'sha1': 'c98fbb061df0fc6579c7b15b2acd9200fdc7843a', 'sha256': '03575642248942993d4634f07e82354556626eed1f99d3df809165f63104d0e3'}, 'dob': {'date': '1978-06-07T08:01:53.437Z', 'age': 45}, 'registered': {'date': '2012-10-09T22:02:09.548Z', 'age': 11}, 'phone': '05-3866-9816', 'cell': '0445-561-819', 'id': {'name': 'TFN', 'value': '327215593'}, 'picture': {'large': 'https://randomuser.me/api/portraits/women/74.jpg', 'medium': 'https://randomuser.me/api/portraits/med/women/74.jpg', 'thumbnail': 'https://randomuser.me/api/portraits/thumb/women/74.jpg'}, 'nat': 'AU'}], 'info': {'seed': '10f825ae25e99800', 'results': 1, 'page': 1, 'version': '1.4'}}</msg>
<arg>${json_data}</arg>
<doc>Logs the given message with the given level.</doc>
<status status="PASS" start="2024-04-05T20:14:38.370824" elapsed="0.000239"/>
</kw>
<kw name="Dictionary Should Contain Key" owner="Collections">
<msg time="2024-04-05T20:14:38.371559" level="INFO">False</msg>
<arg>${json_data}</arg>
<arg>results</arg>
<doc>Fails if ``key`` is not found from ``dictionary``.</doc>
<status status="PASS" start="2024-04-05T20:14:38.371388" elapsed="0.000209"/>
</kw>
<kw name="Should Not Be Empty" owner="BuiltIn">
<msg time="2024-04-05T20:14:38.372076" level="INFO">Length is 2.</msg>
<arg>${json_data}</arg>
<doc>Verifies that the given item is not empty.</doc>
<status status="PASS" start="2024-04-05T20:14:38.371925" elapsed="0.000192"/>
</kw>
<kw name="Create List" owner="BuiltIn">
<msg time="2024-04-05T20:14:38.372575" level="INFO">${expected_keys} = ['gender', 'name', 'location', 'email', 'login']</msg>
<var>${expected_keys}</var>
<arg>gender</arg>
<arg>name</arg>
<arg>location</arg>
<arg>email</arg>
<arg>login</arg>
<doc>Returns a list containing given items.</doc>
<status status="PASS" start="2024-04-05T20:14:38.372419" elapsed="0.000181"/>
</kw>
<for flavor="IN">
<iter>
<kw name="Dictionary Should Contain Key" owner="Collections">
<msg time="2024-04-05T20:14:38.373641" level="INFO">False</msg>
<arg>${json_data['results'][0]}</arg>
<arg>${key}</arg>
<doc>Fails if ``key`` is not found from ``dictionary``.</doc>
<status status="PASS" start="2024-04-05T20:14:38.373216" elapsed="0.000467"/>
</kw>
<kw name="Log" owner="BuiltIn">
<msg time="2024-04-05T20:14:38.374405" level="INFO">{'gender': 'female', 'name': {'title': 'Miss', 'first': 'Alexis', 'last': 'Garcia'}, 'location': {'street': {'number': 5033, 'name': 'E North St'}, 'city': 'Australian Capital Territory', 'state': 'Victoria', 'country': 'Australia', 'postcode': 2965, 'coordinates': {'latitude': '-86.2184', 'longitude': '43.4804'}, 'timezone': {'offset': '+10:00', 'description': 'Eastern Australia, Guam, Vladivostok'}}, 'email': 'alexis.garcia@example.com', 'login': {'uuid': '040f831c-b284-4108-a314-9998c95dbafd', 'username': 'goldenlion653', 'password': 'aaaaa', 'salt': 'lGthaHio', 'md5': 'c90be1246f2ee4fa06bcdf30f446fcef', 'sha1': 'c98fbb061df0fc6579c7b15b2acd9200fdc7843a', 'sha256': '03575642248942993d4634f07e82354556626eed1f99d3df809165f63104d0e3'}, 'dob': {'date': '1978-06-07T08:01:53.437Z', 'age': 45}, 'registered': {'date': '2012-10-09T22:02:09.548Z', 'age': 11}, 'phone': '05-3866-9816', 'cell': '0445-561-819', 'id': {'name': 'TFN', 'value': '327215593'}, 'picture': {'large': 'https://randomuser.me/api/portraits/women/74.jpg', 'medium': 'https://randomuser.me/api/portraits/med/women/74.jpg', 'thumbnail': 'https://randomuser.me/api/portraits/thumb/women/74.jpg'}, 'nat': 'AU'}</msg>
<arg>${json_data['results'][0]}</arg>
<doc>Logs the given message with the given level.</doc>
<status status="PASS" start="2024-04-05T20:14:38.374025" elapsed="0.000430"/>
</kw>
<kw name="Log" owner="BuiltIn">
<msg time="2024-04-05T20:14:38.374892" level="INFO">gender</msg>
<arg>${key}</arg>
<doc>Logs the given message with the given level.</doc>
<status status="PASS" start="2024-04-05T20:14:38.374759" elapsed="0.000172"/>
</kw>
<var name="${key}">gender</var>
<status status="PASS" start="2024-04-05T20:14:38.373078" elapsed="0.002082"/>
</iter>
<iter>
<kw name="Dictionary Should Contain Key" owner="Collections">
<msg time="2024-04-05T20:14:38.375869" level="INFO">False</msg>
<arg>${json_data['results'][0]}</arg>
<arg>${key}</arg>
<doc>Fails if ``key`` is not found from ``dictionary``.</doc>
<status status="PASS" start="2024-04-05T20:14:38.375475" elapsed="0.000432"/>
</kw>
<kw name="Log" owner="BuiltIn">
<msg time="2024-04-05T20:14:38.376604" level="INFO">{'gender': 'female', 'name': {'title': 'Miss', 'first': 'Alexis', 'last': 'Garcia'}, 'location': {'street': {'number': 5033, 'name': 'E North St'}, 'city': 'Australian Capital Territory', 'state': 'Victoria', 'country': 'Australia', 'postcode': 2965, 'coordinates': {'latitude': '-86.2184', 'longitude': '43.4804'}, 'timezone': {'offset': '+10:00', 'description': 'Eastern Australia, Guam, Vladivostok'}}, 'email': 'alexis.garcia@example.com', 'login': {'uuid': '040f831c-b284-4108-a314-9998c95dbafd', 'username': 'goldenlion653', 'password': 'aaaaa', 'salt': 'lGthaHio', 'md5': 'c90be1246f2ee4fa06bcdf30f446fcef', 'sha1': 'c98fbb061df0fc6579c7b15b2acd9200fdc7843a', 'sha256': '03575642248942993d4634f07e82354556626eed1f99d3df809165f63104d0e3'}, 'dob': {'date': '1978-06-07T08:01:53.437Z', 'age': 45}, 'registered': {'date': '2012-10-09T22:02:09.548Z', 'age': 11}, 'phone': '05-3866-9816', 'cell': '0445-561-819', 'id': {'name': 'TFN', 'value': '327215593'}, 'picture': {'large': 'https://randomuser.me/api/portraits/women/74.jpg', 'medium': 'https://randomuser.me/api/portraits/med/women/74.jpg', 'thumbnail': 'https://randomuser.me/api/portraits/thumb/women/74.jpg'}, 'nat': 'AU'}</msg>
<arg>${json_data['results'][0]}</arg>
<doc>Logs the given message with the given level.</doc>
<status status="PASS" start="2024-04-05T20:14:38.376242" elapsed="0.000409"/>
</kw>
<kw name="Log" owner="BuiltIn">
<msg time="2024-04-05T20:14:38.377084" level="INFO">name</msg>
<arg>${key}</arg>
<doc>Logs the given message with the given level.</doc>
<status status="PASS" start="2024-04-05T20:14:38.376954" elapsed="0.000169"/>
</kw>
<var name="${key}">name</var>
<status status="PASS" start="2024-04-05T20:14:38.375358" elapsed="0.001986"/>
</iter>
<iter>
<kw name="Dictionary Should Contain Key" owner="Collections">
<msg time="2024-04-05T20:14:38.378075" level="INFO">False</msg>
<arg>${json_data['results'][0]}</arg>
<arg>${key}</arg>
<doc>Fails if ``key`` is not found from ``dictionary``.</doc>
<status status="PASS" start="2024-04-05T20:14:38.377646" elapsed="0.000469"/>
</kw>
<kw name="Log" owner="BuiltIn">
<msg time="2024-04-05T20:14:38.378798" level="INFO">{'gender': 'female', 'name': {'title': 'Miss', 'first': 'Alexis', 'last': 'Garcia'}, 'location': {'street': {'number': 5033, 'name': 'E North St'}, 'city': 'Australian Capital Territory', 'state': 'Victoria', 'country': 'Australia', 'postcode': 2965, 'coordinates': {'latitude': '-86.2184', 'longitude': '43.4804'}, 'timezone': {'offset': '+10:00', 'description': 'Eastern Australia, Guam, Vladivostok'}}, 'email': 'alexis.garcia@example.com', 'login': {'uuid': '040f831c-b284-4108-a314-9998c95dbafd', 'username': 'goldenlion653', 'password': 'aaaaa', 'salt': 'lGthaHio', 'md5': 'c90be1246f2ee4fa06bcdf30f446fcef', 'sha1': 'c98fbb061df0fc6579c7b15b2acd9200fdc7843a', 'sha256': '03575642248942993d4634f07e82354556626eed1f99d3df809165f63104d0e3'}, 'dob': {'date': '1978-06-07T08:01:53.437Z', 'age': 45}, 'registered': {'date': '2012-10-09T22:02:09.548Z', 'age': 11}, 'phone': '05-3866-9816', 'cell': '0445-561-819', 'id': {'name': 'TFN', 'value': '327215593'}, 'picture': {'large': 'https://randomuser.me/api/portraits/women/74.jpg', 'medium': 'https://randomuser.me/api/portraits/med/women/74.jpg', 'thumbnail': 'https://randomuser.me/api/portraits/thumb/women/74.jpg'}, 'nat': 'AU'}</msg>
<arg>${json_data['results'][0]}</arg>
<doc>Logs the given message with the given level.</doc>
<status status="PASS" start="2024-04-05T20:14:38.378431" elapsed="0.000420"/>
</kw>
<kw name="Log" owner="BuiltIn">
<msg time="2024-04-05T20:14:38.379280" level="INFO">location</msg>
<arg>${key}</arg>
<doc>Logs the given message with the given level.</doc>
<status status="PASS" start="2024-04-05T20:14:38.379151" elapsed="0.000167"/>
</kw>
<var name="${key}">location</var>
<status status="PASS" start="2024-04-05T20:14:38.377529" elapsed="0.002008"/>
</iter>
<iter>
<kw name="Dictionary Should Contain Key" owner="Collections">
<msg time="2024-04-05T20:14:38.380210" level="INFO">False</msg>
<arg>${json_data['results'][0]}</arg>
<arg>${key}</arg>
<doc>Fails if ``key`` is not found from ``dictionary``.</doc>
<status status="PASS" start="2024-04-05T20:14:38.379827" elapsed="0.000421"/>
</kw>
<kw name="Log" owner="BuiltIn">
<msg time="2024-04-05T20:14:38.380907" level="INFO">{'gender': 'female', 'name': {'title': 'Miss', 'first': 'Alexis', 'last': 'Garcia'}, 'location': {'street': {'number': 5033, 'name': 'E North St'}, 'city': 'Australian Capital Territory', 'state': 'Victoria', 'country': 'Australia', 'postcode': 2965, 'coordinates': {'latitude': '-86.2184', 'longitude': '43.4804'}, 'timezone': {'offset': '+10:00', 'description': 'Eastern Australia, Guam, Vladivostok'}}, 'email': 'alexis.garcia@example.com', 'login': {'uuid': '040f831c-b284-4108-a314-9998c95dbafd', 'username': 'goldenlion653', 'password': 'aaaaa', 'salt': 'lGthaHio', 'md5': 'c90be1246f2ee4fa06bcdf30f446fcef', 'sha1': 'c98fbb061df0fc6579c7b15b2acd9200fdc7843a', 'sha256': '03575642248942993d4634f07e82354556626eed1f99d3df809165f63104d0e3'}, 'dob': {'date': '1978-06-07T08:01:53.437Z', 'age': 45}, 'registered': {'date': '2012-10-09T22:02:09.548Z', 'age': 11}, 'phone': '05-3866-9816', 'cell': '0445-561-819', 'id': {'name': 'TFN', 'value': '327215593'}, 'picture': {'large': 'https://randomuser.me/api/portraits/women/74.jpg', 'medium': 'https://randomuser.me/api/portraits/med/women/74.jpg', 'thumbnail': 'https://randomuser.me/api/portraits/thumb/women/74.jpg'}, 'nat': 'AU'}</msg>
<arg>${json_data['results'][0]}</arg>
<doc>Logs the given message with the given level.</doc>
<status status="PASS" start="2024-04-05T20:14:38.380552" elapsed="0.000404"/>
</kw>
<kw name="Log" owner="BuiltIn">
<msg time="2024-04-05T20:14:38.381378" level="INFO">email</msg>
<arg>${key}</arg>
<doc>Logs the given message with the given level.</doc>
<status status="PASS" start="2024-04-05T20:14:38.381249" elapsed="0.000168"/>
</kw>
<var name="${key}">email</var>
<status status="PASS" start="2024-04-05T20:14:38.379713" elapsed="0.001917"/>
</iter>
<iter>
<kw name="Dictionary Should Contain Key" owner="Collections">
<msg time="2024-04-05T20:14:38.382330" level="INFO">False</msg>
<arg>${json_data['results'][0]}</arg>
<arg>${key}</arg>
<doc>Fails if ``key`` is not found from ``dictionary``.</doc>
<status status="PASS" start="2024-04-05T20:14:38.381950" elapsed="0.000418"/>
</kw>
<kw name="Log" owner="BuiltIn">
<msg time="2024-04-05T20:14:38.383027" level="INFO">{'gender': 'female', 'name': {'title': 'Miss', 'first': 'Alexis', 'last': 'Garcia'}, 'location': {'street': {'number': 5033, 'name': 'E North St'}, 'city': 'Australian Capital Territory', 'state': 'Victoria', 'country': 'Australia', 'postcode': 2965, 'coordinates': {'latitude': '-86.2184', 'longitude': '43.4804'}, 'timezone': {'offset': '+10:00', 'description': 'Eastern Australia, Guam, Vladivostok'}}, 'email': 'alexis.garcia@example.com', 'login': {'uuid': '040f831c-b284-4108-a314-9998c95dbafd', 'username': 'goldenlion653', 'password': 'aaaaa', 'salt': 'lGthaHio', 'md5': 'c90be1246f2ee4fa06bcdf30f446fcef', 'sha1': 'c98fbb061df0fc6579c7b15b2acd9200fdc7843a', 'sha256': '03575642248942993d4634f07e82354556626eed1f99d3df809165f63104d0e3'}, 'dob': {'date': '1978-06-07T08:01:53.437Z', 'age': 45}, 'registered': {'date': '2012-10-09T22:02:09.548Z', 'age': 11}, 'phone': '05-3866-9816', 'cell': '0445-561-819', 'id': {'name': 'TFN', 'value': '327215593'}, 'picture': {'large': 'https://randomuser.me/api/portraits/women/74.jpg', 'medium': 'https://randomuser.me/api/portraits/med/women/74.jpg', 'thumbnail': 'https://randomuser.me/api/portraits/thumb/women/74.jpg'}, 'nat': 'AU'}</msg>
<arg>${json_data['results'][0]}</arg>
<doc>Logs the given message with the given level.</doc>
<status status="PASS" start="2024-04-05T20:14:38.382663" elapsed="0.000411"/>
</kw>
<kw name="Log" owner="BuiltIn">
<msg time="2024-04-05T20:14:38.383504" level="INFO">login</msg>
<arg>${key}</arg>
<doc>Logs the given message with the given level.</doc>
<status status="PASS" start="2024-04-05T20:14:38.383375" elapsed="0.000313"/>
</kw>
<var name="${key}">login</var>
<status status="PASS" start="2024-04-05T20:14:38.381804" elapsed="0.002115"/>
</iter>
<var>${key}</var>
<value>@{expected_keys}</value>
<status status="PASS" start="2024-04-05T20:14:38.372869" elapsed="0.011176"/>
</for>
<kw name="Create List" owner="BuiltIn">
<msg time="2024-04-05T20:14:38.384392" level="INFO">${expected_keysTwo} = ['username', 'password']</msg>
<var>${expected_keysTwo}</var>
<arg>username</arg>
<arg>password</arg>
<doc>Returns a list containing given items.</doc>
<status status="PASS" start="2024-04-05T20:14:38.384248" elapsed="0.000169"/>
</kw>
<for flavor="IN">
<iter>
<kw name="Dictionary Should Contain Key" owner="Collections">
<msg time="2024-04-05T20:14:38.385317" level="INFO">False</msg>
<arg>${json_data['results'][0]['login']}</arg>
<arg>${keyTwo}</arg>
<doc>Fails if ``key`` is not found from ``dictionary``.</doc>
<status status="PASS" start="2024-04-05T20:14:38.384933" elapsed="0.000422"/>
</kw>
<kw name="Dictionary Should Contain Key" owner="Collections">
<msg time="2024-04-05T20:14:38.386092" level="INFO">False</msg>
<arg>${json_data['results'][0]['login']}</arg>
<arg>${keyTwo}</arg>
<doc>Fails if ``key`` is not found from ``dictionary``.</doc>
<status status="PASS" start="2024-04-05T20:14:38.385663" elapsed="0.000469"/>
</kw>
<kw name="Log" owner="BuiltIn">
<msg time="2024-04-05T20:14:38.386565" level="INFO">username</msg>
<arg>${keyTwo}</arg>
<doc>Logs the given message with the given level.</doc>
<status status="PASS" start="2024-04-05T20:14:38.386433" elapsed="0.000170"/>
</kw>
<var name="${keyTwo}">username</var>
<status status="PASS" start="2024-04-05T20:14:38.384820" elapsed="0.002002"/>
</iter>
<iter>
<kw name="Dictionary Should Contain Key" owner="Collections">
<msg time="2024-04-05T20:14:38.387480" level="INFO">False</msg>
<arg>${json_data['results'][0]['login']}</arg>
<arg>${keyTwo}</arg>
<doc>Fails if ``key`` is not found from ``dictionary``.</doc>
<status status="PASS" start="2024-04-05T20:14:38.387106" elapsed="0.000411"/>
</kw>
<kw name="Dictionary Should Contain Key" owner="Collections">
<msg time="2024-04-05T20:14:38.388187" level="INFO">False</msg>
<arg>${json_data['results'][0]['login']}</arg>
<arg>${keyTwo}</arg>
<doc>Fails if ``key`` is not found from ``dictionary``.</doc>
<status status="PASS" start="2024-04-05T20:14:38.387810" elapsed="0.000414"/>
</kw>
<kw name="Log" owner="BuiltIn">
<msg time="2024-04-05T20:14:38.388654" level="INFO">password</msg>
<arg>${keyTwo}</arg>
<doc>Logs the given message with the given level.</doc>
<status status="PASS" start="2024-04-05T20:14:38.388525" elapsed="0.000168"/>
</kw>
<var name="${keyTwo}">password</var>
<status status="PASS" start="2024-04-05T20:14:38.386996" elapsed="0.001916"/>
</iter>
<var>${keyTwo}</var>
<value>@{expected_keysTwo}</value>
<status status="PASS" start="2024-04-05T20:14:38.384661" elapsed="0.004375"/>
</for>
<status status="PASS" start="2024-04-05T20:14:38.281938" elapsed="0.107244"/>
</kw>
<doc>Testa a estrutura da resposta da API.</doc>
<tag>testeEstruturaResposta</tag>
<status status="PASS" start="2024-04-05T20:14:38.281223" elapsed="0.108131"/>
</test>
<test id="s1-s1-t4" name="Validar tipos de dados" line="28">
<kw name="Teste de Tipos de Dados" owner="random-user-service">
<kw name="GET On Session" owner="RequestsLibrary">
<msg time="2024-04-05T20:14:38.480204" level="INFO">GET Request : url=https://randomuser.me/api 
 path_url=/api 
 headers={'User-Agent': 'python-requests/2.31.0', 'Accept-Encoding': 'gzip, deflate', 'Accept': '*/*', 'Connection': 'keep-alive'} 
 body=None 
 </msg>
<msg time="2024-04-05T20:14:38.480322" level="INFO">GET Response : url=https://randomuser.me/api 
 status=200, reason=OK 
 headers={'Date': 'Fri, 05 Apr 2024 20:14:38 GMT', 'Content-Type': 'application/json; charset=utf-8', 'Transfer-Encoding': 'chunked', 'Connection': 'keep-alive', 'X-Powered-By': 'Express', 'Access-Control-Allow-Origin': '*', 'Cache-Control': 'no-cache', 'ETag': 'W/"483-xv3Tsbe0jmzqH4KgIaOdidtpkZs"', 'Vary': 'Accept-Encoding', 'Content-Encoding': 'gzip', 'CF-Cache-Status': 'DYNAMIC', 'Report-To': '{"endpoints":[{"url":"https:\\/\\/a.nel.cloudflare.com\\/report\\/v4?s=k9rQYwah2vx9qnDBsqOrbIghJ0AxGACNQLehimqSyYDemwyV2gZ64quqUDLmfMDfjw1FAZ5pevrlK1Yi413PIjOewZtUdcHKrUZ81%2Bimw11tBy%2B0p%2FQJCi0mVSEAO4i1"}],"group":"cf-nel","max_age":604800}', 'NEL': '{"success_fraction":0,"report_to":"cf-nel","max_age":604800}', 'Server': 'cloudflare', 'CF-RAY': '86fc34a1f882125d-ORD', 'alt-svc': 'h3=":443"; ma=86400'} 
 body={"results":[{"gender":"female","name":{"title":"Ms","first":"Elisa","last":"Prieto"},"location":{"street":{"number":7982,"name":"Calle de Alcalá"},"city":"Málaga","state":"Aragón","country":"Spain","postcode":30131,"coordinates":{"latitude":"-31.6628","longitude":"120.1954"},"timezone":{"offset":"-1:00","description":"Azores, Cape Verde Islands"}},"email":"elisa.prieto@example.com","login":{"uuid":"4bf6c481-308a-4f5b-83e0-250b8595f6a4","username":"angrydog427","password":"truck1","salt":"cHN7tTYn","md5":"54aeed9dca067c3663a951bdf42ef197","sha1":"1a9f5be4e9ea5daf0859fd1bf8cb4f459a2dd9ff","sha256":"3d9de387dfc736d891bea2b1d1cd5e990d319ebfc823e6f449178883e1914b29"},"dob":{"date":"1944-10-07T14:54:58.091Z","age":79},"registered":{"date":"2016-02-25T05:09:36.345Z","age":8},"phone":"935-393-629","cell":"683-192-500","id":{"name":"DNI","value":"11426873-P"},"picture":{"large":"https://randomuser.me/api/portraits/women/52.jpg","medium":"https://randomuser.me/api/portraits/med/women/52.jpg","thumbnail":"https://randomuser.me/api/portraits/thumb/women/52.jpg"},"nat":"ES"}],"info":{"seed":"19b0d19481020b5f","results":1,"page":1,"version":"1.4"}} 
 </msg>
<msg time="2024-04-05T20:14:38.480407" level="INFO">/opt/hostedtoolcache/Python/3.12.2/x64/lib/python3.12/site-packages/urllib3/connectionpool.py:1103: InsecureRequestWarning: Unverified HTTPS request is being made to host 'randomuser.me'. Adding certificate verification is strongly advised. See: https://urllib3.readthedocs.io/en/latest/advanced-usage.html#tls-warnings
  warnings.warn(</msg>
<msg time="2024-04-05T20:14:38.480547" level="INFO">${response} = &lt;Response [200]&gt;</msg>
<var>${response}</var>
<arg>consultarAPI</arg>
<arg>/api</arg>
<doc>Sends a GET request on a previously created HTTP Session.</doc>
<status status="PASS" start="2024-04-05T20:14:38.391904" elapsed="0.088684"/>
</kw>
<kw name="Set Variable" owner="BuiltIn">
<msg time="2024-04-05T20:14:38.481679" level="INFO">${json_data} = {'results': [{'gender': 'female', 'name': {'title': 'Ms', 'first': 'Elisa', 'last': 'Prieto'}, 'location': {'street': {'number': 7982, 'name': 'Calle de Alcalá'}, 'city': 'Málaga', 'state': 'Aragón', ...</msg>
<var>${json_data}</var>
<arg>${response.json()}</arg>
<doc>Returns the given values which can then be assigned to a variables.</doc>
<status status="PASS" start="2024-04-05T20:14:38.481128" elapsed="0.000582"/>
</kw>
<kw name="Log" owner="BuiltIn">
<msg time="2024-04-05T20:14:38.482326" level="INFO">{'results': [{'gender': 'female', 'name': {'title': 'Ms', 'first': 'Elisa', 'last': 'Prieto'}, 'location': {'street': {'number': 7982, 'name': 'Calle de Alcalá'}, 'city': 'Málaga', 'state': 'Aragón', 'country': 'Spain', 'postcode': 30131, 'coordinates': {'latitude': '-31.6628', 'longitude': '120.1954'}, 'timezone': {'offset': '-1:00', 'description': 'Azores, Cape Verde Islands'}}, 'email': 'elisa.prieto@example.com', 'login': {'uuid': '4bf6c481-308a-4f5b-83e0-250b8595f6a4', 'username': 'angrydog427', 'password': 'truck1', 'salt': 'cHN7tTYn', 'md5': '54aeed9dca067c3663a951bdf42ef197', 'sha1': '1a9f5be4e9ea5daf0859fd1bf8cb4f459a2dd9ff', 'sha256': '3d9de387dfc736d891bea2b1d1cd5e990d319ebfc823e6f449178883e1914b29'}, 'dob': {'date': '1944-10-07T14:54:58.091Z', 'age': 79}, 'registered': {'date': '2016-02-25T05:09:36.345Z', 'age': 8}, 'phone': '935-393-629', 'cell': '683-192-500', 'id': {'name': 'DNI', 'value': '11426873-P'}, 'picture': {'large': 'https://randomuser.me/api/portraits/women/52.jpg', 'medium': 'https://randomuser.me/api/portraits/med/women/52.jpg', 'thumbnail': 'https://randomuser.me/api/portraits/thumb/women/52.jpg'}, 'nat': 'ES'}], 'info': {'seed': '19b0d19481020b5f', 'results': 1, 'page': 1, 'version': '1.4'}}</msg>
<arg>${json_data}</arg>
<doc>Logs the given message with the given level.</doc>
<status status="PASS" start="2024-04-05T20:14:38.482140" elapsed="0.000279"/>
</kw>
<kw name="Should Be String" owner="String">
<arg>${json_data['results'][0]['gender']}</arg>
<doc>Fails if the given ``item`` is not a string.</doc>
<status status="PASS" start="2024-04-05T20:14:38.482752" elapsed="0.000389"/>
</kw>
<kw name="Should Match Regexp" owner="BuiltIn">
<arg>${json_data['results'][0]['email']}</arg>
<arg>^[a-zA-Z0-9._%+-]+@[a-zA-Z0-9.-]+\.[a-zA-Z]{2,}$</arg>
<doc>Fails if ``string`` does not match ``pattern`` as a regular expression.</doc>
<status status="PASS" start="2024-04-05T20:14:38.483341" elapsed="0.000533"/>
</kw>
<kw name="Should Match Regexp" owner="BuiltIn">
<arg>${json_data['results'][0]['dob']['date']}</arg>
<arg>\\d{4}-\\d{2}-\\d{2}T\\d{2}:\\d{2}:\\d{2}\\.\\d{3}Z</arg>
<doc>Fails if ``string`` does not match ``pattern`` as a regular expression.</doc>
<status status="PASS" start="2024-04-05T20:14:38.484077" elapsed="0.000493"/>
</kw>
<kw name="Should Match Regexp" owner="BuiltIn">
<arg>${json_data['results'][0]['registered']['date']}</arg>
<arg>\\d{4}-\\d{2}-\\d{2}T\\d{2}:\\d{2}:\\d{2}\\.\\d{3}Z</arg>
<doc>Fails if ``string`` does not match ``pattern`` as a regular expression.</doc>
<status status="PASS" start="2024-04-05T20:14:38.484774" elapsed="0.000375"/>
</kw>
<kw name="Should Match Regexp" owner="BuiltIn">
<arg>${json_data['results'][0]['picture']['large']}</arg>
<arg>^https?://.*\.(?:png|jpe?g|gif|bmp)$</arg>
<doc>Fails if ``string`` does not match ``pattern`` as a regular expression.</doc>
<status status="PASS" start="2024-04-05T20:14:38.485339" elapsed="0.000462"/>
</kw>
<kw name="Should Match Regexp" owner="BuiltIn">
<arg>${json_data['results'][0]['picture']['medium']}</arg>
<arg>^https?://.*\.(?:png|jpe?g|gif|bmp)$</arg>
<doc>Fails if ``string`` does not match ``pattern`` as a regular expression.</doc>
<status status="PASS" start="2024-04-05T20:14:38.486023" elapsed="0.000368"/>
</kw>
<kw name="Should Match Regexp" owner="BuiltIn">
<arg>${json_data['results'][0]['picture']['thumbnail']}</arg>
<arg>^https?://.*\.(?:png|jpe?g|gif|bmp)$</arg>
<doc>Fails if ``string`` does not match ``pattern`` as a regular expression.</doc>
<status status="PASS" start="2024-04-05T20:14:38.486580" elapsed="0.000356"/>
</kw>
<kw name="Log" owner="BuiltIn">
<msg time="2024-04-05T20:14:38.487449" level="INFO">{'large': 'https://randomuser.me/api/portraits/women/52.jpg', 'medium': 'https://randomuser.me/api/portraits/med/women/52.jpg', 'thumbnail': 'https://randomuser.me/api/portraits/thumb/women/52.jpg'}</msg>
<arg>${json_data['results'][0]['picture']}</arg>
<doc>Logs the given message with the given level.</doc>
<status status="PASS" start="2024-04-05T20:14:38.487122" elapsed="0.000370"/>
</kw>
<status status="PASS" start="2024-04-05T20:14:38.391668" elapsed="0.096093"/>
</kw>
<kw name="Teste de Tipos de Dados - Postcode" owner="random-user-service">
<kw name="GET On Session" owner="RequestsLibrary">
<msg time="2024-04-05T20:14:38.570752" level="INFO">GET Request : url=https://randomuser.me/api 
 path_url=/api 
 headers={'User-Agent': 'python-requests/2.31.0', 'Accept-Encoding': 'gzip, deflate', 'Accept': '*/*', 'Connection': 'keep-alive'} 
 body=None 
 </msg>
<msg time="2024-04-05T20:14:38.570851" level="INFO">GET Response : url=https://randomuser.me/api 
 status=200, reason=OK 
 headers={'Date': 'Fri, 05 Apr 2024 20:14:38 GMT', 'Content-Type': 'application/json; charset=utf-8', 'Transfer-Encoding': 'chunked', 'Connection': 'keep-alive', 'X-Powered-By': 'Express', 'Access-Control-Allow-Origin': '*', 'Cache-Control': 'no-cache', 'ETag': 'W/"493-xwPlumzBwHHjF/TpUodw0lMlIVg"', 'Vary': 'Accept-Encoding', 'Content-Encoding': 'gzip', 'CF-Cache-Status': 'DYNAMIC', 'Report-To': '{"endpoints":[{"url":"https:\\/\\/a.nel.cloudflare.com\\/report\\/v4?s=ETwHIjZvkfScB8%2B7EvpYoZms3wn9FUZfm%2FclqK06Y%2F3ZnXGNgGE3HKXFrUAcTYPYBBN6NP%2BiOqLB6UE%2Fsk0XR1dHyDu3E%2FH64uBNX9CxSu1lfh6GXPCvA701yHRXZmoN"}],"group":"cf-nel","max_age":604800}', 'NEL': '{"success_fraction":0,"report_to":"cf-nel","max_age":604800}', 'Server': 'cloudflare', 'CF-RAY': '86fc34a29974125d-ORD', 'alt-svc': 'h3=":443"; ma=86400'} 
 body={"results":[{"gender":"female","name":{"title":"Ms","first":"Melanie","last":"Little"},"location":{"street":{"number":6461,"name":"White Oak Dr"},"city":"Augusta","state":"Tennessee","country":"United States","postcode":33845,"coordinates":{"latitude":"86.2090","longitude":"95.7416"},"timezone":{"offset":"+6:00","description":"Almaty, Dhaka, Colombo"}},"email":"melanie.little@example.com","login":{"uuid":"a8ecaf0d-4b25-4556-9b3e-d7d747514a4a","username":"whitesnake533","password":"comanche","salt":"RlwxuA3U","md5":"c62b0f5adffed0bbe8533d8daa71af39","sha1":"5f3ba555d7efe3d6c8ad819d2ff3caaf14413511","sha256":"508fd493616bd73ab3d906d473104e53cbdc1ac62de97be53b3b213e7fce3d89"},"dob":{"date":"1991-05-02T17:47:16.330Z","age":32},"registered":{"date":"2011-05-10T09:52:48.974Z","age":12},"phone":"(530) 462-6801","cell":"(605) 486-8344","id":{"name":"SSN","value":"162-91-0136"},"picture":{"large":"https://randomuser.me/api/portraits/women/26.jpg","medium":"https://randomuser.me/api/portraits/med/women/26.jpg","thumbnail":"https://randomuser.me/api/portraits/thumb/women/26.jpg"},"nat":"US"}],"info":{"seed":"2bfab0205d174f92","results":1,"page":1,"version":"1.4"}} 
 </msg>
<msg time="2024-04-05T20:14:38.570939" level="INFO">/opt/hostedtoolcache/Python/3.12.2/x64/lib/python3.12/site-packages/urllib3/connectionpool.py:1103: InsecureRequestWarning: Unverified HTTPS request is being made to host 'randomuser.me'. Adding certificate verification is strongly advised. See: https://urllib3.readthedocs.io/en/latest/advanced-usage.html#tls-warnings
  warnings.warn(</msg>
<msg time="2024-04-05T20:14:38.571061" level="INFO">${response} = &lt;Response [200]&gt;</msg>
<var>${response}</var>
<arg>consultarAPI</arg>
<arg>/api</arg>
<doc>Sends a GET request on a previously created HTTP Session.</doc>
<status status="PASS" start="2024-04-05T20:14:38.488395" elapsed="0.082708"/>
</kw>
<kw name="Set Variable" owner="BuiltIn">
<msg time="2024-04-05T20:14:38.572143" level="INFO">${json_data} = {'results': [{'gender': 'female', 'name': {'title': 'Ms', 'first': 'Melanie', 'last': 'Little'}, 'location': {'street': {'number': 6461, 'name': 'White Oak Dr'}, 'city': 'Augusta', 'state': 'Tennessee...</msg>
<var>${json_data}</var>
<arg>${response.json()}</arg>
<doc>Returns the given values which can then be assigned to a variables.</doc>
<status status="PASS" start="2024-04-05T20:14:38.571617" elapsed="0.000561"/>
</kw>
<kw name="Log" owner="BuiltIn">
<msg time="2024-04-05T20:14:38.572666" level="INFO">{'results': [{'gender': 'female', 'name': {'title': 'Ms', 'first': 'Melanie', 'last': 'Little'}, 'location': {'street': {'number': 6461, 'name': 'White Oak Dr'}, 'city': 'Augusta', 'state': 'Tennessee', 'country': 'United States', 'postcode': 33845, 'coordinates': {'latitude': '86.2090', 'longitude': '95.7416'}, 'timezone': {'offset': '+6:00', 'description': 'Almaty, Dhaka, Colombo'}}, 'email': 'melanie.little@example.com', 'login': {'uuid': 'a8ecaf0d-4b25-4556-9b3e-d7d747514a4a', 'username': 'whitesnake533', 'password': 'comanche', 'salt': 'RlwxuA3U', 'md5': 'c62b0f5adffed0bbe8533d8daa71af39', 'sha1': '5f3ba555d7efe3d6c8ad819d2ff3caaf14413511', 'sha256': '508fd493616bd73ab3d906d473104e53cbdc1ac62de97be53b3b213e7fce3d89'}, 'dob': {'date': '1991-05-02T17:47:16.330Z', 'age': 32}, 'registered': {'date': '2011-05-10T09:52:48.974Z', 'age': 12}, 'phone': '(530) 462-6801', 'cell': '(605) 486-8344', 'id': {'name': 'SSN', 'value': '162-91-0136'}, 'picture': {'large': 'https://randomuser.me/api/portraits/women/26.jpg', 'medium': 'https://randomuser.me/api/portraits/med/women/26.jpg', 'thumbnail': 'https://randomuser.me/api/portraits/thumb/women/26.jpg'}, 'nat': 'US'}], 'info': {'seed': '2bfab0205d174f92', 'results': 1, 'page': 1, 'version': '1.4'}}</msg>
<arg>${json_data}</arg>
<doc>Logs the given message with the given level.</doc>
<status status="PASS" start="2024-04-05T20:14:38.572510" elapsed="0.000236"/>
</kw>
<kw name="Should Be Equal As Numbers" owner="BuiltIn">
<arg>${json_data['results'][0]['location']['postcode']}</arg>
<arg>${json_data['results'][0]['location']['postcode']}</arg>
<doc>Fails if objects are unequal after converting them to real numbers.</doc>
<status status="PASS" start="2024-04-05T20:14:38.573051" elapsed="0.000633"/>
</kw>
<kw name="Log" owner="BuiltIn">
<msg time="2024-04-05T20:14:38.574272" level="INFO">33845</msg>
<arg>${json_data['results'][0]['location']['postcode']}</arg>
<doc>Logs the given message with the given level.</doc>
<status status="PASS" start="2024-04-05T20:14:38.573929" elapsed="0.000384"/>
</kw>
<status status="PASS" start="2024-04-05T20:14:38.487999" elapsed="0.086575"/>
</kw>
<doc>Testa se os tipos de dados na resposta da API estão corretos.</doc>
<tag>testeTiposDados</tag>
<status status="PASS" start="2024-04-05T20:14:38.391201" elapsed="0.183547"/>
</test>
<test id="s1-s1-t5" name="Validar conteudo" line="35">
<kw name="Teste de Tipos de Conteudo" owner="random-user-service">
<kw name="GET On Session" owner="RequestsLibrary">
<msg time="2024-04-05T20:14:38.670783" level="INFO">GET Request : url=https://randomuser.me/api 
 path_url=/api 
 headers={'User-Agent': 'python-requests/2.31.0', 'Accept-Encoding': 'gzip, deflate', 'Accept': '*/*', 'Connection': 'keep-alive'} 
 body=None 
 </msg>
<msg time="2024-04-05T20:14:38.670888" level="INFO">GET Response : url=https://randomuser.me/api 
 status=200, reason=OK 
 headers={'Date': 'Fri, 05 Apr 2024 20:14:38 GMT', 'Content-Type': 'application/json; charset=utf-8', 'Transfer-Encoding': 'chunked', 'Connection': 'keep-alive', 'X-Powered-By': 'Express', 'Access-Control-Allow-Origin': '*', 'Cache-Control': 'no-cache', 'ETag': 'W/"4af-Bu3E9WiJTZe9hwlZzAr9XLQ4nBI"', 'Vary': 'Accept-Encoding', 'Content-Encoding': 'gzip', 'CF-Cache-Status': 'DYNAMIC', 'Report-To': '{"endpoints":[{"url":"https:\\/\\/a.nel.cloudflare.com\\/report\\/v4?s=qXO9lT%2Bffckom7LCQ8gqVs96gzK0Oo%2BvdIzNtryg2r5Pk91hk0SgkRGIAfuMc4uNzhaYvX1Ce%2FSlpXuu2IlrrJ3IU1eZ8c5qTh1e5JY9qwP8dD9Dro7XEIPBroywzeo9"}],"group":"cf-nel","max_age":604800}', 'NEL': '{"success_fraction":0,"report_to":"cf-nel","max_age":604800}', 'Server': 'cloudflare', 'CF-RAY': '86fc34a31a28125d-ORD', 'alt-svc': 'h3=":443"; ma=86400'} 
 body={"results":[{"gender":"female","name":{"title":"Mrs","first":"Samanta","last":"Santos"},"location":{"street":{"number":6895,"name":"Rua Dezenove de Outubro"},"city":"Açailândia","state":"Rondônia","country":"Brazil","postcode":93595,"coordinates":{"latitude":"-78.9726","longitude":"138.6882"},"timezone":{"offset":"-6:00","description":"Central Time (US &amp; Canada), Mexico City"}},"email":"samanta.santos@example.com","login":{"uuid":"de93b31c-e74e-4d99-b7cc-0a250301395b","username":"silverbear700","password":"roberts","salt":"Cr62MInC","md5":"bf88a047a1ef1521a992e4f3cdf55f69","sha1":"aaaaa665ec47e0be8e12e6949aa8f14f6724f54d","sha256":"4d158262680e4e9c6063c8a5dfa200e5f5f4f5d2313eec4342dd3a19686ab302"},"dob":{"date":"1953-05-04T22:20:58.024Z","age":70},"registered":{"date":"2009-05-18T14:09:16.623Z","age":14},"phone":"(10) 0253-6554","cell":"(92) 4048-4201","id":{"name":"CPF","value":"734.021.463-92"},"picture":{"large":"https://randomuser.me/api/portraits/women/2.jpg","medium":"https://randomuser.me/api/portraits/med/women/2.jpg","thumbnail":"https://randomuser.me/api/portraits/thumb/women/2.jpg"},"nat":"BR"}],"info":{"seed":"74a8414785ee9fcd","results":1,"page":1,"version":"1.4"}} 
 </msg>
<msg time="2024-04-05T20:14:38.670959" level="INFO">/opt/hostedtoolcache/Python/3.12.2/x64/lib/python3.12/site-packages/urllib3/connectionpool.py:1103: InsecureRequestWarning: Unverified HTTPS request is being made to host 'randomuser.me'. Adding certificate verification is strongly advised. See: https://urllib3.readthedocs.io/en/latest/advanced-usage.html#tls-warnings
  warnings.warn(</msg>
<msg time="2024-04-05T20:14:38.671080" level="INFO">${response} = &lt;Response [200]&gt;</msg>
<var>${response}</var>
<arg>consultarAPI</arg>
<arg>/api</arg>
<doc>Sends a GET request on a previously created HTTP Session.</doc>
<status status="PASS" start="2024-04-05T20:14:38.577587" elapsed="0.093527"/>
</kw>
<kw name="Set Variable" owner="BuiltIn">
<msg time="2024-04-05T20:14:38.672189" level="INFO">${json_data} = {'results': [{'gender': 'female', 'name': {'title': 'Mrs', 'first': 'Samanta', 'last': 'Santos'}, 'location': {'street': {'number': 6895, 'name': 'Rua Dezenove de Outubro'}, 'city': 'Açailândia', 'sta...</msg>
<var>${json_data}</var>
<arg>${response.json()}</arg>
<doc>Returns the given values which can then be assigned to a variables.</doc>
<status status="PASS" start="2024-04-05T20:14:38.671651" elapsed="0.000567"/>
</kw>
<kw name="Set Variable" owner="BuiltIn">
<msg time="2024-04-05T20:14:38.672919" level="INFO">${name_title} = Mrs</msg>
<var>${name_title}</var>
<arg>${json_data["results"][0]["name"]["title"]}</arg>
<doc>Returns the given values which can then be assigned to a variables.</doc>
<status status="PASS" start="2024-04-05T20:14:38.672529" elapsed="0.000415"/>
</kw>
<kw name="Create List" owner="BuiltIn">
<msg time="2024-04-05T20:14:38.673398" level="INFO">${allowed_titles} = ['Mr', 'Ms', 'Miss', 'Mrs', 'Madame', 'Monsieur']</msg>
<var>${allowed_titles}</var>
<arg>Mr</arg>
<arg>Ms</arg>
<arg>Miss</arg>
<arg>Mrs</arg>
<arg>Madame</arg>
<arg>Monsieur</arg>
<doc>Returns a list containing given items.</doc>
<status status="PASS" start="2024-04-05T20:14:38.673249" elapsed="0.000173"/>
</kw>
<kw name="List Should Contain Value" owner="Collections">
<msg time="2024-04-05T20:14:38.673961" level="INFO">False</msg>
<arg>${allowed_titles}</arg>
<arg>${name_title}</arg>
<doc>Fails if the ``value`` is not found from ``list``.</doc>
<status status="PASS" start="2024-04-05T20:14:38.673726" elapsed="0.000274"/>
</kw>
<kw name="Set Variable" owner="BuiltIn">
<msg time="2024-04-05T20:14:38.674694" level="INFO">${name_country} = BR</msg>
<var>${name_country}</var>
<arg>${json_data["results"][0]["nat"]}</arg>
<doc>Returns the given values which can then be assigned to a variables.</doc>
<status status="PASS" start="2024-04-05T20:14:38.674300" elapsed="0.000419"/>
</kw>
<kw name="Create List" owner="BuiltIn">
<msg time="2024-04-05T20:14:38.675629" level="INFO">${list_country} = ['AD', 'AE', 'AF', 'AG', 'AI', 'AL', 'AM', 'AO', 'AQ', 'AR', 'AS', 'AT', 'AU', 'AW', 'AX', 'AZ', 'BA', 'BB', 'BD', 'BE', 'BF', 'BG', 'BH', 'BI', 'BJ', 'BL', 'BM', 'BN', 'BO', 'BQ', 'BR', 'BS', 'BT', '...</msg>
<var>${list_country}</var>
<arg>AD</arg>
<arg>AE</arg>
<arg>AF</arg>
<arg>AG</arg>
<arg>AI</arg>
<arg>AL</arg>
<arg>AM</arg>
<arg>AO</arg>
<arg>AQ</arg>
<arg>AR</arg>
<arg>AS</arg>
<arg>AT</arg>
<arg>AU</arg>
<arg>AW</arg>
<arg>AX</arg>
<arg>AZ</arg>
<arg>BA</arg>
<arg>BB</arg>
<arg>BD</arg>
<arg>BE</arg>
<arg>BF</arg>
<arg>BG</arg>
<arg>BH</arg>
<arg>BI</arg>
<arg>BJ</arg>
<arg>BL</arg>
<arg>BM</arg>
<arg>BN</arg>
<arg>BO</arg>
<arg>BQ</arg>
<arg>BR</arg>
<arg>BS</arg>
<arg>BT</arg>
<arg>BV</arg>
<arg>BW</arg>
<arg>BY</arg>
<arg>BZ</arg>
<arg>CA</arg>
<arg>CC</arg>
<arg>CD</arg>
<arg>CF</arg>
<arg>CG</arg>
<arg>CH</arg>
<arg>CI</arg>
<arg>CK</arg>
<arg>CL</arg>
<arg>CM</arg>
<arg>CN</arg>
<arg>CO</arg>
<arg>CR</arg>
<arg>CU</arg>
<arg>CV</arg>
<arg>CW</arg>
<arg>CX</arg>
<arg>CY</arg>
<arg>CZ</arg>
<arg>DE</arg>
<arg>DJ</arg>
<arg>DK</arg>
<arg>DM</arg>
<arg>DO</arg>
<arg>DZ</arg>
<arg>EC</arg>
<arg>EE</arg>
<arg>EG</arg>
<arg>EH</arg>
<arg>ER</arg>
<arg>ES</arg>
<arg>ET</arg>
<arg>FI</arg>
<arg>FJ</arg>
<arg>FK</arg>
<arg>FM</arg>
<arg>FO</arg>
<arg>FR</arg>
<arg>GA</arg>
<arg>GB</arg>
<arg>GD</arg>
<arg>GE</arg>
<arg>GF</arg>
<arg>GG</arg>
<arg>GH</arg>
<arg>GI</arg>
<arg>GL</arg>
<arg>GM</arg>
<arg>GN</arg>
<arg>GP</arg>
<arg>GQ</arg>
<arg>GR</arg>
<arg>GS</arg>
<arg>GT</arg>
<arg>GU</arg>
<arg>GW</arg>
<arg>GY</arg>
<arg>HK</arg>
<arg>HM</arg>
<arg>HN</arg>
<arg>HR</arg>
<arg>HT</arg>
<arg>HU</arg>
<arg>ID</arg>
<arg>IE</arg>
<arg>IL</arg>
<arg>IM</arg>
<arg>IN</arg>
<arg>IO</arg>
<arg>IQ</arg>
<arg>IR</arg>
<arg>IS</arg>
<arg>IT</arg>
<arg>JE</arg>
<arg>JM</arg>
<arg>JO</arg>
<arg>JP</arg>
<arg>KE</arg>
<arg>KG</arg>
<arg>KH</arg>
<arg>KI</arg>
<arg>KM</arg>
<arg>KN</arg>
<arg>KP</arg>
<arg>KR</arg>
<arg>KW</arg>
<arg>KY</arg>
<arg>KZ</arg>
<arg>LA</arg>
<arg>LB</arg>
<arg>LC</arg>
<arg>LI</arg>
<arg>LK</arg>
<arg>LR</arg>
<arg>LS</arg>
<arg>LT</arg>
<arg>LU</arg>
<arg>LV</arg>
<arg>LY</arg>
<arg>MA</arg>
<arg>MC</arg>
<arg>MD</arg>
<arg>ME</arg>
<arg>MF</arg>
<arg>MG</arg>
<arg>MH</arg>
<arg>MK</arg>
<arg>ML</arg>
<arg>MM</arg>
<arg>MN</arg>
<arg>MO</arg>
<arg>MP</arg>
<arg>MQ</arg>
<arg>MR</arg>
<arg>MS</arg>
<arg>MT</arg>
<arg>MU</arg>
<arg>MV</arg>
<arg>MW</arg>
<arg>MX</arg>
<arg>MY</arg>
<arg>MZ</arg>
<arg>NA</arg>
<arg>NC</arg>
<arg>NE</arg>
<arg>NF</arg>
<arg>NG</arg>
<arg>NI</arg>
<arg>NL</arg>
<arg>NO</arg>
<arg>NP</arg>
<arg>NR</arg>
<arg>NU</arg>
<arg>NZ</arg>
<arg>OM</arg>
<arg>PA</arg>
<arg>PE</arg>
<arg>PF</arg>
<arg>PG</arg>
<arg>PH</arg>
<arg>PK</arg>
<arg>PL</arg>
<arg>PM</arg>
<arg>PN</arg>
<arg>PR</arg>
<arg>PS</arg>
<arg>PT</arg>
<arg>PW</arg>
<arg>PY</arg>
<arg>QA</arg>
<arg>RE</arg>
<arg>RO</arg>
<arg>RS</arg>
<arg>RU</arg>
<arg>RW</arg>
<arg>SA</arg>
<arg>SB</arg>
<arg>SC</arg>
<arg>SD</arg>
<arg>SE</arg>
<arg>SG</arg>
<arg>SH</arg>
<arg>SI</arg>
<arg>SJ</arg>
<arg>SK</arg>
<arg>SL</arg>
<arg>SM</arg>
<arg>SN</arg>
<arg>SO</arg>
<arg>SR</arg>
<arg>SS</arg>
<arg>ST</arg>
<arg>SV</arg>
<arg>SX</arg>
<arg>SY</arg>
<arg>SZ</arg>
<arg>TC</arg>
<arg>TD</arg>
<arg>TF</arg>
<arg>TG</arg>
<arg>TH</arg>
<arg>TJ</arg>
<arg>TK</arg>
<arg>TL</arg>
<arg>TM</arg>
<arg>TN</arg>
<arg>TO</arg>
<arg>TR</arg>
<arg>TT</arg>
<arg>TV</arg>
<arg>TW</arg>
<arg>TZ</arg>
<arg>UA</arg>
<arg>UG</arg>
<arg>UM</arg>
<arg>US</arg>
<arg>UY</arg>
<arg>UZ</arg>
<arg>VA</arg>
<arg>VC</arg>
<arg>VE</arg>
<arg>VG</arg>
<arg>VI</arg>
<arg>VN</arg>
<arg>VU</arg>
<arg>WF</arg>
<arg>WS</arg>
<arg>XK</arg>
<arg>YE</arg>
<arg>YT</arg>
<arg>ZA</arg>
<arg>ZM</arg>
<arg>ZW</arg>
<doc>Returns a list containing given items.</doc>
<status status="PASS" start="2024-04-05T20:14:38.675029" elapsed="0.000626"/>
</kw>
<kw name="List Should Contain Value" owner="Collections">
<msg time="2024-04-05T20:14:38.676797" level="INFO">False</msg>
<arg>${list_country}</arg>
<arg>${name_country}</arg>
<doc>Fails if the ``value`` is not found from ``list``.</doc>
<status status="PASS" start="2024-04-05T20:14:38.676593" elapsed="0.000243"/>
</kw>
<kw name="Run Keyword If" owner="BuiltIn">
<kw name="Should Be True" owner="BuiltIn">
<arg>${True}</arg>
<doc>Fails if the given condition is not true.</doc>
<status status="PASS" start="2024-04-05T20:14:38.677939" elapsed="0.000147"/>
</kw>
<arg>${json_data["results"][0]["location"]["coordinates"]["latitude"]} &gt;= -90 and ${json_data["results"][0]["location"]["coordinates"]["latitude"]} &lt;= 90</arg>
<arg>Should Be True</arg>
<arg>${True}</arg>
<doc>Runs the given keyword with the given arguments, if ``condition`` is true.</doc>
<status status="PASS" start="2024-04-05T20:14:38.677156" elapsed="0.001058"/>
</kw>
<kw name="Run Keyword If" owner="BuiltIn">
<kw name="Should Be True" owner="BuiltIn">
<arg>${True}</arg>
<doc>Fails if the given condition is not true.</doc>
<status status="PASS" start="2024-04-05T20:14:38.679116" elapsed="0.000142"/>
</kw>
<arg>${json_data["results"][0]["location"]["coordinates"]["longitude"]} &gt;= -180 and ${json_data["results"][0]["location"]["coordinates"]["longitude"]} &lt;= 180</arg>
<arg>Should Be True</arg>
<arg>${True}</arg>
<doc>Runs the given keyword with the given arguments, if ``condition`` is true.</doc>
<status status="PASS" start="2024-04-05T20:14:38.678400" elapsed="0.000985"/>
</kw>
<status status="PASS" start="2024-04-05T20:14:38.577202" elapsed="0.102318"/>
</kw>
<doc>Testa o conteúdo específico dos campos retornados pela API.</doc>
<tag>testeConteudo</tag>
<status status="PASS" start="2024-04-05T20:14:38.576525" elapsed="0.103154"/>
</test>
<status status="PASS" start="2024-04-05T20:14:37.755209" elapsed="0.926391"/>
</suite>
<status status="PASS" start="2024-04-05T20:14:37.741405" elapsed="0.945536"/>
</suite>
<statistics>
<total>
<stat pass="5" fail="0" skip="0">All Tests</stat>
</total>
<tag>
<stat pass="1" fail="0" skip="0">testeConteudo</stat>
<stat pass="1" fail="0" skip="0">testeEstruturaResposta</stat>
<stat pass="1" fail="0" skip="0">testeRequisicaoBasica</stat>
<stat pass="1" fail="0" skip="0">testeTiposDados</stat>
</tag>
<suite>
<stat pass="5" fail="0" skip="0" id="s1" name="Tests">Tests</stat>
<stat pass="5" fail="0" skip="0" id="s1-s1" name="Random-User-Test">Tests.Random-User-Test</stat>
</suite>
</statistics>
<errors>
</errors>
</robot>
