<?xml version="1.0" encoding="UTF-8"?>
<robot generator="Robot 7.0 (Python 3.12.3 on linux)" generated="2024-05-13T22:14:14.760637" rpa="false" schemaversion="5">
<suite id="s1" name="Tests" source="/home/runner/work/DesafioQAItauRogerioJordao/DesafioQAItauRogerioJordao/RamdonUser/tests">
<suite id="s1-s1" name="Random-User-Test" source="/home/runner/work/DesafioQAItauRogerioJordao/DesafioQAItauRogerioJordao/RamdonUser/tests/random-user-test.robot">
<test id="s1-s1-t1" name="Conectar" line="13">
<kw name="Conectar API" owner="random-user-service">
<kw name="Create Session" owner="RequestsLibrary">
<msg time="2024-05-13T22:14:15.114764" level="INFO">Creating Session using : alias=consultarAPI, url=https://randomuser.me/, headers={},                     cookies={}, auth=None, timeout=None, proxies=None, verify=False,                     debug=0 </msg>
<arg>consultarAPI</arg>
<arg>${URL}</arg>
<doc>Create Session: create a HTTP session to a server</doc>
<status status="PASS" start="2024-05-13T22:14:15.114559" elapsed="0.000376"/>
</kw>
<status status="PASS" start="2024-05-13T22:14:15.113588" elapsed="0.001697"/>
</kw>
<status status="PASS" start="2024-05-13T22:14:15.112967" elapsed="0.002510"/>
</test>
<test id="s1-s1-t2" name="Validar retorno 200 e JSON Válido" line="16">
<kw name="Teste de Requisicao Basica" owner="random-user-service">
<kw name="GET On Session" owner="RequestsLibrary">
<msg time="2024-05-13T22:14:15.319800" level="INFO">GET Request : url=https://randomuser.me/api 
 path_url=/api 
 headers={'User-Agent': 'python-requests/2.31.0', 'Accept-Encoding': 'gzip, deflate', 'Accept': '*/*', 'Connection': 'keep-alive'} 
 body=None 
 </msg>
<msg time="2024-05-13T22:14:15.319982" level="INFO">GET Response : url=https://randomuser.me/api 
 status=200, reason=OK 
 headers={'Date': 'Mon, 13 May 2024 22:14:15 GMT', 'Content-Type': 'application/json; charset=utf-8', 'Transfer-Encoding': 'chunked', 'Connection': 'keep-alive', 'X-Powered-By': 'Express', 'Access-Control-Allow-Origin': '*', 'Cache-Control': 'no-cache', 'ETag': 'W/"490-SPNB7XyW/xl7iA5IJwcJC5hV5cg"', 'Vary': 'Accept-Encoding', 'Content-Encoding': 'gzip', 'CF-Cache-Status': 'DYNAMIC', 'Report-To': '{"endpoints":[{"url":"https:\\/\\/a.nel.cloudflare.com\\/report\\/v4?s=UG8jthUELPsAwNwIieU0MN8YVhMlpq23gjkJu5xMogrimHylzovIxxnfRy7HTwdJd1p5fMdZt19aaH%2B8hhGPw8yKJTErsfZzROhwL82AJwDh3gTngICYtEjL5P%2FG%2FkFf"}],"group":"cf-nel","max_age":604800}', 'NEL': '{"success_fraction":0,"report_to":"cf-nel","max_age":604800}', 'Server': 'cloudflare', 'CF-RAY': '8836001968632b18-ORD', 'alt-svc': 'h3=":443"; ma=86400'} 
 body={"results":[{"gender":"female","name":{"title":"Miss","first":"Clara","last":"Tapia"},"location":{"street":{"number":4166,"name":"Ampliación Norte Hinojosa"},"city":"Peribán de Ramos","state":"Tabasco","country":"Mexico","postcode":50692,"coordinates":{"latitude":"22.7029","longitude":"145.9664"},"timezone":{"offset":"-9:00","description":"Alaska"}},"email":"clara.tapia@example.com","login":{"uuid":"3d21609d-7823-4144-adf4-621cceffc5f5","username":"brownkoala242","password":"virgil","salt":"IjmgqsA1","md5":"14dfb909b72f703bdea6fe3070d7f380","sha1":"154df4c4694dacd0cb2a04e5890d42ad52925a0a","sha256":"8568af03c67f6d8c414875452b79842f257ca8c6cdbfdfacdbb1d432cb38fc04"},"dob":{"date":"1949-12-01T11:51:56.678Z","age":74},"registered":{"date":"2017-08-25T16:59:10.764Z","age":6},"phone":"(699) 983 9367","cell":"(620) 135 9648","id":{"name":"NSS","value":"05 88 45 2252 7"},"picture":{"large":"https://randomuser.me/api/portraits/women/76.jpg","medium":"https://randomuser.me/api/portraits/med/women/76.jpg","thumbnail":"https://randomuser.me/api/portraits/thumb/women/76.jpg"},"nat":"MX"}],"info":{"seed":"98c8b0ff0410b5be","results":1,"page":1,"version":"1.4"}} 
 </msg>
<msg time="2024-05-13T22:14:15.320094" level="INFO">/opt/hostedtoolcache/Python/3.12.3/x64/lib/python3.12/site-packages/urllib3/connectionpool.py:1103: InsecureRequestWarning: Unverified HTTPS request is being made to host 'randomuser.me'. Adding certificate verification is strongly advised. See: https://urllib3.readthedocs.io/en/latest/advanced-usage.html#tls-warnings
  warnings.warn(</msg>
<msg time="2024-05-13T22:14:15.320288" level="INFO">${response} = &lt;Response [200]&gt;</msg>
<var>${response}</var>
<arg>consultarAPI</arg>
<arg>/api</arg>
<doc>Sends a GET request on a previously created HTTP Session.</doc>
<status status="PASS" start="2024-05-13T22:14:15.118063" elapsed="0.202269"/>
</kw>
<kw name="Should Be Equal As Numbers" owner="BuiltIn">
<msg time="2024-05-13T22:14:15.321343" level="INFO">Argument types are:
&lt;class 'int'&gt;
&lt;class 'str'&gt;</msg>
<arg>${response.status_code}</arg>
<arg>200</arg>
<doc>Fails if objects are unequal after converting them to real numbers.</doc>
<status status="PASS" start="2024-05-13T22:14:15.320861" elapsed="0.000551"/>
</kw>
<kw name="Log" owner="BuiltIn">
<msg time="2024-05-13T22:14:15.322131" level="INFO">200</msg>
<arg>${response.status_code}</arg>
<doc>Logs the given message with the given level.</doc>
<status status="PASS" start="2024-05-13T22:14:15.321763" elapsed="0.000417"/>
</kw>
<kw name="Set Variable" owner="BuiltIn">
<msg time="2024-05-13T22:14:15.323079" level="INFO">${json_data} = {'results': [{'gender': 'female', 'name': {'title': 'Miss', 'first': 'Clara', 'last': 'Tapia'}, 'location': {'street': {'number': 4166, 'name': 'Ampliación Norte Hinojosa'}, 'city': 'Peribán de Ramos'...</msg>
<var>${json_data}</var>
<arg>${response.json()}</arg>
<doc>Returns the given values which can then be assigned to a variables.</doc>
<status status="PASS" start="2024-05-13T22:14:15.322543" elapsed="0.000572"/>
</kw>
<kw name="Dictionary Should Contain Key" owner="Collections">
<msg time="2024-05-13T22:14:15.323653" level="INFO">False</msg>
<arg>${json_data}</arg>
<arg>results</arg>
<doc>Fails if ``key`` is not found from ``dictionary``.</doc>
<status status="PASS" start="2024-05-13T22:14:15.323472" elapsed="0.000226"/>
</kw>
<status status="PASS" start="2024-05-13T22:14:15.117819" elapsed="0.206147"/>
</kw>
<doc>Testa se a API responde corretamente e retorna um objeto JSON válido.</doc>
<tag>testeRequisicaoBasica</tag>
<status status="PASS" start="2024-05-13T22:14:15.117343" elapsed="0.206813"/>
</test>
<test id="s1-s1-t3" name="Validar estrutura de resposta" line="22">
<kw name="Teste de Estrutura de Resposta" owner="random-user-service">
<kw name="GET On Session" owner="RequestsLibrary">
<msg time="2024-05-13T22:14:15.419950" level="INFO">GET Request : url=https://randomuser.me/api 
 path_url=/api 
 headers={'User-Agent': 'python-requests/2.31.0', 'Accept-Encoding': 'gzip, deflate', 'Accept': '*/*', 'Connection': 'keep-alive'} 
 body=None 
 </msg>
<msg time="2024-05-13T22:14:15.420022" level="INFO">GET Response : url=https://randomuser.me/api 
 status=200, reason=OK 
 headers={'Date': 'Mon, 13 May 2024 22:14:15 GMT', 'Content-Type': 'application/json; charset=utf-8', 'Transfer-Encoding': 'chunked', 'Connection': 'keep-alive', 'X-Powered-By': 'Express', 'Access-Control-Allow-Origin': '*', 'Cache-Control': 'no-cache', 'ETag': 'W/"4a4-Z6Lq9izSFBs+VjCUkoezPhG6hSU"', 'Vary': 'Accept-Encoding', 'Content-Encoding': 'gzip', 'CF-Cache-Status': 'DYNAMIC', 'Report-To': '{"endpoints":[{"url":"https:\\/\\/a.nel.cloudflare.com\\/report\\/v4?s=e6GvHX6Y01Pw3NkyzlSSu7GfMjj5fz4AiBscm1a0EEG4lGXK5kr%2BkKAJvohmQMiZ9LcQT%2FO9qMcvXLRVXRQRAjC3KfLXV0Wkb%2F%2FrAmmN0WD5%2BmLNzPXQtLaa4VlWBdCS"}],"group":"cf-nel","max_age":604800}', 'NEL': '{"success_fraction":0,"report_to":"cf-nel","max_age":604800}', 'Server': 'cloudflare', 'CF-RAY': '88360019d8e72b18-ORD', 'alt-svc': 'h3=":443"; ma=86400'} 
 body={"results":[{"gender":"female","name":{"title":"Miss","first":"Irina","last":"Vuksanović"},"location":{"street":{"number":9640,"name":"Like Ružića"},"city":"Majdanpek","state":"North Bačka","country":"Serbia","postcode":68136,"coordinates":{"latitude":"61.1484","longitude":"78.6064"},"timezone":{"offset":"+9:00","description":"Tokyo, Seoul, Osaka, Sapporo, Yakutsk"}},"email":"irina.vuksanovic@example.com","login":{"uuid":"4f2df676-af68-4c3c-bedf-4ebb2e968dea","username":"yellowelephant894","password":"slacker","salt":"0xGUlX95","md5":"a0dacddccca48650d31dd5ea72fe3e75","sha1":"f7cc0f15489e70e1702444a1a91e3a2c2a6a2c70","sha256":"8dd01cfc2a17ce2c2de05f8d364c7e7ed2e8f963e9205c847a7f5c1dc0da88d4"},"dob":{"date":"1983-09-22T16:38:46.200Z","age":40},"registered":{"date":"2016-03-31T12:11:47.310Z","age":8},"phone":"036-4589-605","cell":"067-0570-865","id":{"name":"SID","value":"166999200"},"picture":{"large":"https://randomuser.me/api/portraits/women/15.jpg","medium":"https://randomuser.me/api/portraits/med/women/15.jpg","thumbnail":"https://randomuser.me/api/portraits/thumb/women/15.jpg"},"nat":"RS"}],"info":{"seed":"a08bb61f95d2dd78","results":1,"page":1,"version":"1.4"}} 
 </msg>
<msg time="2024-05-13T22:14:15.420125" level="INFO">/opt/hostedtoolcache/Python/3.12.3/x64/lib/python3.12/site-packages/urllib3/connectionpool.py:1103: InsecureRequestWarning: Unverified HTTPS request is being made to host 'randomuser.me'. Adding certificate verification is strongly advised. See: https://urllib3.readthedocs.io/en/latest/advanced-usage.html#tls-warnings
  warnings.warn(</msg>
<msg time="2024-05-13T22:14:15.420242" level="INFO">${response} = &lt;Response [200]&gt;</msg>
<var>${response}</var>
<arg>consultarAPI</arg>
<arg>/api</arg>
<doc>Sends a GET request on a previously created HTTP Session.</doc>
<status status="PASS" start="2024-05-13T22:14:15.326852" elapsed="0.093433"/>
</kw>
<kw name="Set Variable" owner="BuiltIn">
<msg time="2024-05-13T22:14:15.421169" level="INFO">${json_data} = {'results': [{'gender': 'female', 'name': {'title': 'Miss', 'first': 'Irina', 'last': 'Vuksanović'}, 'location': {'street': {'number': 9640, 'name': 'Like Ružića'}, 'city': 'Majdanpek', 'state': 'Nort...</msg>
<var>${json_data}</var>
<arg>${response.json()}</arg>
<doc>Returns the given values which can then be assigned to a variables.</doc>
<status status="PASS" start="2024-05-13T22:14:15.420688" elapsed="0.000512"/>
</kw>
<kw name="Log" owner="BuiltIn">
<msg time="2024-05-13T22:14:15.421680" level="INFO">{'results': [{'gender': 'female', 'name': {'title': 'Miss', 'first': 'Irina', 'last': 'Vuksanović'}, 'location': {'street': {'number': 9640, 'name': 'Like Ružića'}, 'city': 'Majdanpek', 'state': 'North Bačka', 'country': 'Serbia', 'postcode': 68136, 'coordinates': {'latitude': '61.1484', 'longitude': '78.6064'}, 'timezone': {'offset': '+9:00', 'description': 'Tokyo, Seoul, Osaka, Sapporo, Yakutsk'}}, 'email': 'irina.vuksanovic@example.com', 'login': {'uuid': '4f2df676-af68-4c3c-bedf-4ebb2e968dea', 'username': 'yellowelephant894', 'password': 'slacker', 'salt': '0xGUlX95', 'md5': 'a0dacddccca48650d31dd5ea72fe3e75', 'sha1': 'f7cc0f15489e70e1702444a1a91e3a2c2a6a2c70', 'sha256': '8dd01cfc2a17ce2c2de05f8d364c7e7ed2e8f963e9205c847a7f5c1dc0da88d4'}, 'dob': {'date': '1983-09-22T16:38:46.200Z', 'age': 40}, 'registered': {'date': '2016-03-31T12:11:47.310Z', 'age': 8}, 'phone': '036-4589-605', 'cell': '067-0570-865', 'id': {'name': 'SID', 'value': '166999200'}, 'picture': {'large': 'https://randomuser.me/api/portraits/women/15.jpg', 'medium': 'https://randomuser.me/api/portraits/med/women/15.jpg', 'thumbnail': 'https://randomuser.me/api/portraits/thumb/women/15.jpg'}, 'nat': 'RS'}], 'info': {'seed': 'a08bb61f95d2dd78', 'results': 1, 'page': 1, 'version': '1.4'}}</msg>
<arg>${json_data}</arg>
<doc>Logs the given message with the given level.</doc>
<status status="PASS" start="2024-05-13T22:14:15.421515" elapsed="0.000215"/>
</kw>
<kw name="Dictionary Should Contain Key" owner="Collections">
<msg time="2024-05-13T22:14:15.422233" level="INFO">False</msg>
<arg>${json_data}</arg>
<arg>results</arg>
<doc>Fails if ``key`` is not found from ``dictionary``.</doc>
<status status="PASS" start="2024-05-13T22:14:15.422037" elapsed="0.000256"/>
</kw>
<kw name="Should Not Be Empty" owner="BuiltIn">
<msg time="2024-05-13T22:14:15.422739" level="INFO">Length is 2.</msg>
<arg>${json_data}</arg>
<doc>Verifies that the given item is not empty.</doc>
<status status="PASS" start="2024-05-13T22:14:15.422605" elapsed="0.000331"/>
</kw>
<kw name="Create List" owner="BuiltIn">
<msg time="2024-05-13T22:14:15.423395" level="INFO">${expected_keys} = ['gender', 'name', 'location', 'email', 'login']</msg>
<var>${expected_keys}</var>
<arg>gender</arg>
<arg>name</arg>
<arg>location</arg>
<arg>email</arg>
<arg>login</arg>
<doc>Returns a list containing given items.</doc>
<status status="PASS" start="2024-05-13T22:14:15.423239" elapsed="0.000181"/>
</kw>
<for flavor="IN">
<iter>
<kw name="Dictionary Should Contain Key" owner="Collections">
<msg time="2024-05-13T22:14:15.424408" level="INFO">False</msg>
<arg>${json_data['results'][0]}</arg>
<arg>${key}</arg>
<doc>Fails if ``key`` is not found from ``dictionary``.</doc>
<status status="PASS" start="2024-05-13T22:14:15.424004" elapsed="0.000442"/>
</kw>
<kw name="Log" owner="BuiltIn">
<msg time="2024-05-13T22:14:15.425115" level="INFO">{'gender': 'female', 'name': {'title': 'Miss', 'first': 'Irina', 'last': 'Vuksanović'}, 'location': {'street': {'number': 9640, 'name': 'Like Ružića'}, 'city': 'Majdanpek', 'state': 'North Bačka', 'country': 'Serbia', 'postcode': 68136, 'coordinates': {'latitude': '61.1484', 'longitude': '78.6064'}, 'timezone': {'offset': '+9:00', 'description': 'Tokyo, Seoul, Osaka, Sapporo, Yakutsk'}}, 'email': 'irina.vuksanovic@example.com', 'login': {'uuid': '4f2df676-af68-4c3c-bedf-4ebb2e968dea', 'username': 'yellowelephant894', 'password': 'slacker', 'salt': '0xGUlX95', 'md5': 'a0dacddccca48650d31dd5ea72fe3e75', 'sha1': 'f7cc0f15489e70e1702444a1a91e3a2c2a6a2c70', 'sha256': '8dd01cfc2a17ce2c2de05f8d364c7e7ed2e8f963e9205c847a7f5c1dc0da88d4'}, 'dob': {'date': '1983-09-22T16:38:46.200Z', 'age': 40}, 'registered': {'date': '2016-03-31T12:11:47.310Z', 'age': 8}, 'phone': '036-4589-605', 'cell': '067-0570-865', 'id': {'name': 'SID', 'value': '166999200'}, 'picture': {'large': 'https://randomuser.me/api/portraits/women/15.jpg', 'medium': 'https://randomuser.me/api/portraits/med/women/15.jpg', 'thumbnail': 'https://randomuser.me/api/portraits/thumb/women/15.jpg'}, 'nat': 'RS'}</msg>
<arg>${json_data['results'][0]}</arg>
<doc>Logs the given message with the given level.</doc>
<status status="PASS" start="2024-05-13T22:14:15.424743" elapsed="0.000422"/>
</kw>
<kw name="Log" owner="BuiltIn">
<msg time="2024-05-13T22:14:15.425593" level="INFO">gender</msg>
<arg>${key}</arg>
<doc>Logs the given message with the given level.</doc>
<status status="PASS" start="2024-05-13T22:14:15.425465" elapsed="0.000165"/>
</kw>
<var name="${key}">gender</var>
<status status="PASS" start="2024-05-13T22:14:15.423876" elapsed="0.001969"/>
</iter>
<iter>
<kw name="Dictionary Should Contain Key" owner="Collections">
<msg time="2024-05-13T22:14:15.426570" level="INFO">False</msg>
<arg>${json_data['results'][0]}</arg>
<arg>${key}</arg>
<doc>Fails if ``key`` is not found from ``dictionary``.</doc>
<status status="PASS" start="2024-05-13T22:14:15.426159" elapsed="0.000448"/>
</kw>
<kw name="Log" owner="BuiltIn">
<msg time="2024-05-13T22:14:15.427295" level="INFO">{'gender': 'female', 'name': {'title': 'Miss', 'first': 'Irina', 'last': 'Vuksanović'}, 'location': {'street': {'number': 9640, 'name': 'Like Ružića'}, 'city': 'Majdanpek', 'state': 'North Bačka', 'country': 'Serbia', 'postcode': 68136, 'coordinates': {'latitude': '61.1484', 'longitude': '78.6064'}, 'timezone': {'offset': '+9:00', 'description': 'Tokyo, Seoul, Osaka, Sapporo, Yakutsk'}}, 'email': 'irina.vuksanovic@example.com', 'login': {'uuid': '4f2df676-af68-4c3c-bedf-4ebb2e968dea', 'username': 'yellowelephant894', 'password': 'slacker', 'salt': '0xGUlX95', 'md5': 'a0dacddccca48650d31dd5ea72fe3e75', 'sha1': 'f7cc0f15489e70e1702444a1a91e3a2c2a6a2c70', 'sha256': '8dd01cfc2a17ce2c2de05f8d364c7e7ed2e8f963e9205c847a7f5c1dc0da88d4'}, 'dob': {'date': '1983-09-22T16:38:46.200Z', 'age': 40}, 'registered': {'date': '2016-03-31T12:11:47.310Z', 'age': 8}, 'phone': '036-4589-605', 'cell': '067-0570-865', 'id': {'name': 'SID', 'value': '166999200'}, 'picture': {'large': 'https://randomuser.me/api/portraits/women/15.jpg', 'medium': 'https://randomuser.me/api/portraits/med/women/15.jpg', 'thumbnail': 'https://randomuser.me/api/portraits/thumb/women/15.jpg'}, 'nat': 'RS'}</msg>
<arg>${json_data['results'][0]}</arg>
<doc>Logs the given message with the given level.</doc>
<status status="PASS" start="2024-05-13T22:14:15.426930" elapsed="0.000414"/>
</kw>
<kw name="Log" owner="BuiltIn">
<msg time="2024-05-13T22:14:15.427772" level="INFO">name</msg>
<arg>${key}</arg>
<doc>Logs the given message with the given level.</doc>
<status status="PASS" start="2024-05-13T22:14:15.427644" elapsed="0.000166"/>
</kw>
<var name="${key}">name</var>
<status status="PASS" start="2024-05-13T22:14:15.426036" elapsed="0.001987"/>
</iter>
<iter>
<kw name="Dictionary Should Contain Key" owner="Collections">
<msg time="2024-05-13T22:14:15.428701" level="INFO">False</msg>
<arg>${json_data['results'][0]}</arg>
<arg>${key}</arg>
<doc>Fails if ``key`` is not found from ``dictionary``.</doc>
<status status="PASS" start="2024-05-13T22:14:15.428315" elapsed="0.000423"/>
</kw>
<kw name="Log" owner="BuiltIn">
<msg time="2024-05-13T22:14:15.429408" level="INFO">{'gender': 'female', 'name': {'title': 'Miss', 'first': 'Irina', 'last': 'Vuksanović'}, 'location': {'street': {'number': 9640, 'name': 'Like Ružića'}, 'city': 'Majdanpek', 'state': 'North Bačka', 'country': 'Serbia', 'postcode': 68136, 'coordinates': {'latitude': '61.1484', 'longitude': '78.6064'}, 'timezone': {'offset': '+9:00', 'description': 'Tokyo, Seoul, Osaka, Sapporo, Yakutsk'}}, 'email': 'irina.vuksanovic@example.com', 'login': {'uuid': '4f2df676-af68-4c3c-bedf-4ebb2e968dea', 'username': 'yellowelephant894', 'password': 'slacker', 'salt': '0xGUlX95', 'md5': 'a0dacddccca48650d31dd5ea72fe3e75', 'sha1': 'f7cc0f15489e70e1702444a1a91e3a2c2a6a2c70', 'sha256': '8dd01cfc2a17ce2c2de05f8d364c7e7ed2e8f963e9205c847a7f5c1dc0da88d4'}, 'dob': {'date': '1983-09-22T16:38:46.200Z', 'age': 40}, 'registered': {'date': '2016-03-31T12:11:47.310Z', 'age': 8}, 'phone': '036-4589-605', 'cell': '067-0570-865', 'id': {'name': 'SID', 'value': '166999200'}, 'picture': {'large': 'https://randomuser.me/api/portraits/women/15.jpg', 'medium': 'https://randomuser.me/api/portraits/med/women/15.jpg', 'thumbnail': 'https://randomuser.me/api/portraits/thumb/women/15.jpg'}, 'nat': 'RS'}</msg>
<arg>${json_data['results'][0]}</arg>
<doc>Logs the given message with the given level.</doc>
<status status="PASS" start="2024-05-13T22:14:15.429036" elapsed="0.000421"/>
</kw>
<kw name="Log" owner="BuiltIn">
<msg time="2024-05-13T22:14:15.429886" level="INFO">location</msg>
<arg>${key}</arg>
<doc>Logs the given message with the given level.</doc>
<status status="PASS" start="2024-05-13T22:14:15.429759" elapsed="0.000165"/>
</kw>
<var name="${key}">location</var>
<status status="PASS" start="2024-05-13T22:14:15.428203" elapsed="0.001934"/>
</iter>
<iter>
<kw name="Dictionary Should Contain Key" owner="Collections">
<msg time="2024-05-13T22:14:15.430871" level="INFO">False</msg>
<arg>${json_data['results'][0]}</arg>
<arg>${key}</arg>
<doc>Fails if ``key`` is not found from ``dictionary``.</doc>
<status status="PASS" start="2024-05-13T22:14:15.430485" elapsed="0.000422"/>
</kw>
<kw name="Log" owner="BuiltIn">
<msg time="2024-05-13T22:14:15.431568" level="INFO">{'gender': 'female', 'name': {'title': 'Miss', 'first': 'Irina', 'last': 'Vuksanović'}, 'location': {'street': {'number': 9640, 'name': 'Like Ružića'}, 'city': 'Majdanpek', 'state': 'North Bačka', 'country': 'Serbia', 'postcode': 68136, 'coordinates': {'latitude': '61.1484', 'longitude': '78.6064'}, 'timezone': {'offset': '+9:00', 'description': 'Tokyo, Seoul, Osaka, Sapporo, Yakutsk'}}, 'email': 'irina.vuksanovic@example.com', 'login': {'uuid': '4f2df676-af68-4c3c-bedf-4ebb2e968dea', 'username': 'yellowelephant894', 'password': 'slacker', 'salt': '0xGUlX95', 'md5': 'a0dacddccca48650d31dd5ea72fe3e75', 'sha1': 'f7cc0f15489e70e1702444a1a91e3a2c2a6a2c70', 'sha256': '8dd01cfc2a17ce2c2de05f8d364c7e7ed2e8f963e9205c847a7f5c1dc0da88d4'}, 'dob': {'date': '1983-09-22T16:38:46.200Z', 'age': 40}, 'registered': {'date': '2016-03-31T12:11:47.310Z', 'age': 8}, 'phone': '036-4589-605', 'cell': '067-0570-865', 'id': {'name': 'SID', 'value': '166999200'}, 'picture': {'large': 'https://randomuser.me/api/portraits/women/15.jpg', 'medium': 'https://randomuser.me/api/portraits/med/women/15.jpg', 'thumbnail': 'https://randomuser.me/api/portraits/thumb/women/15.jpg'}, 'nat': 'RS'}</msg>
<arg>${json_data['results'][0]}</arg>
<doc>Logs the given message with the given level.</doc>
<status status="PASS" start="2024-05-13T22:14:15.431204" elapsed="0.000413"/>
</kw>
<kw name="Log" owner="BuiltIn">
<msg time="2024-05-13T22:14:15.432038" level="INFO">email</msg>
<arg>${key}</arg>
<doc>Logs the given message with the given level.</doc>
<status status="PASS" start="2024-05-13T22:14:15.431912" elapsed="0.000164"/>
</kw>
<var name="${key}">email</var>
<status status="PASS" start="2024-05-13T22:14:15.430369" elapsed="0.001920"/>
</iter>
<iter>
<kw name="Dictionary Should Contain Key" owner="Collections">
<msg time="2024-05-13T22:14:15.432965" level="INFO">False</msg>
<arg>${json_data['results'][0]}</arg>
<arg>${key}</arg>
<doc>Fails if ``key`` is not found from ``dictionary``.</doc>
<status status="PASS" start="2024-05-13T22:14:15.432573" elapsed="0.000429"/>
</kw>
<kw name="Log" owner="BuiltIn">
<msg time="2024-05-13T22:14:15.433663" level="INFO">{'gender': 'female', 'name': {'title': 'Miss', 'first': 'Irina', 'last': 'Vuksanović'}, 'location': {'street': {'number': 9640, 'name': 'Like Ružića'}, 'city': 'Majdanpek', 'state': 'North Bačka', 'country': 'Serbia', 'postcode': 68136, 'coordinates': {'latitude': '61.1484', 'longitude': '78.6064'}, 'timezone': {'offset': '+9:00', 'description': 'Tokyo, Seoul, Osaka, Sapporo, Yakutsk'}}, 'email': 'irina.vuksanovic@example.com', 'login': {'uuid': '4f2df676-af68-4c3c-bedf-4ebb2e968dea', 'username': 'yellowelephant894', 'password': 'slacker', 'salt': '0xGUlX95', 'md5': 'a0dacddccca48650d31dd5ea72fe3e75', 'sha1': 'f7cc0f15489e70e1702444a1a91e3a2c2a6a2c70', 'sha256': '8dd01cfc2a17ce2c2de05f8d364c7e7ed2e8f963e9205c847a7f5c1dc0da88d4'}, 'dob': {'date': '1983-09-22T16:38:46.200Z', 'age': 40}, 'registered': {'date': '2016-03-31T12:11:47.310Z', 'age': 8}, 'phone': '036-4589-605', 'cell': '067-0570-865', 'id': {'name': 'SID', 'value': '166999200'}, 'picture': {'large': 'https://randomuser.me/api/portraits/women/15.jpg', 'medium': 'https://randomuser.me/api/portraits/med/women/15.jpg', 'thumbnail': 'https://randomuser.me/api/portraits/thumb/women/15.jpg'}, 'nat': 'RS'}</msg>
<arg>${json_data['results'][0]}</arg>
<doc>Logs the given message with the given level.</doc>
<status status="PASS" start="2024-05-13T22:14:15.433301" elapsed="0.000410"/>
</kw>
<kw name="Log" owner="BuiltIn">
<msg time="2024-05-13T22:14:15.434134" level="INFO">login</msg>
<arg>${key}</arg>
<doc>Logs the given message with the given level.</doc>
<status status="PASS" start="2024-05-13T22:14:15.434007" elapsed="0.000219"/>
</kw>
<var name="${key}">login</var>
<status status="PASS" start="2024-05-13T22:14:15.432461" elapsed="0.002001"/>
</iter>
<var>${key}</var>
<value>@{expected_keys}</value>
<status status="PASS" start="2024-05-13T22:14:15.423681" elapsed="0.010901"/>
</for>
<kw name="Create List" owner="BuiltIn">
<msg time="2024-05-13T22:14:15.434918" level="INFO">${expected_keysTwo} = ['username', 'password']</msg>
<var>${expected_keysTwo}</var>
<arg>username</arg>
<arg>password</arg>
<doc>Returns a list containing given items.</doc>
<status status="PASS" start="2024-05-13T22:14:15.434779" elapsed="0.000163"/>
</kw>
<for flavor="IN">
<iter>
<kw name="Dictionary Should Contain Key" owner="Collections">
<msg time="2024-05-13T22:14:15.435840" level="INFO">False</msg>
<arg>${json_data['results'][0]['login']}</arg>
<arg>${keyTwo}</arg>
<doc>Fails if ``key`` is not found from ``dictionary``.</doc>
<status status="PASS" start="2024-05-13T22:14:15.435442" elapsed="0.000435"/>
</kw>
<kw name="Dictionary Should Contain Key" owner="Collections">
<msg time="2024-05-13T22:14:15.436552" level="INFO">False</msg>
<arg>${json_data['results'][0]['login']}</arg>
<arg>${keyTwo}</arg>
<doc>Fails if ``key`` is not found from ``dictionary``.</doc>
<status status="PASS" start="2024-05-13T22:14:15.436169" elapsed="0.000420"/>
</kw>
<kw name="Log" owner="BuiltIn">
<msg time="2024-05-13T22:14:15.437011" level="INFO">username</msg>
<arg>${keyTwo}</arg>
<doc>Logs the given message with the given level.</doc>
<status status="PASS" start="2024-05-13T22:14:15.436887" elapsed="0.000165"/>
</kw>
<var name="${keyTwo}">username</var>
<status status="PASS" start="2024-05-13T22:14:15.435331" elapsed="0.001933"/>
</iter>
<iter>
<kw name="Dictionary Should Contain Key" owner="Collections">
<msg time="2024-05-13T22:14:15.438001" level="INFO">False</msg>
<arg>${json_data['results'][0]['login']}</arg>
<arg>${keyTwo}</arg>
<doc>Fails if ``key`` is not found from ``dictionary``.</doc>
<status status="PASS" start="2024-05-13T22:14:15.437546" elapsed="0.000495"/>
</kw>
<kw name="Dictionary Should Contain Key" owner="Collections">
<msg time="2024-05-13T22:14:15.438762" level="INFO">False</msg>
<arg>${json_data['results'][0]['login']}</arg>
<arg>${keyTwo}</arg>
<doc>Fails if ``key`` is not found from ``dictionary``.</doc>
<status status="PASS" start="2024-05-13T22:14:15.438368" elapsed="0.000448"/>
</kw>
<kw name="Log" owner="BuiltIn">
<msg time="2024-05-13T22:14:15.439408" level="INFO">password</msg>
<arg>${keyTwo}</arg>
<doc>Logs the given message with the given level.</doc>
<status status="PASS" start="2024-05-13T22:14:15.439228" elapsed="0.000239"/>
</kw>
<var name="${keyTwo}">password</var>
<status status="PASS" start="2024-05-13T22:14:15.437435" elapsed="0.002334"/>
</iter>
<var>${keyTwo}</var>
<value>@{expected_keysTwo}</value>
<status status="PASS" start="2024-05-13T22:14:15.435179" elapsed="0.004722"/>
</for>
<status status="PASS" start="2024-05-13T22:14:15.326612" elapsed="0.113430"/>
</kw>
<doc>Testa a estrutura da resposta da API.</doc>
<tag>testeEstruturaResposta</tag>
<status status="PASS" start="2024-05-13T22:14:15.326057" elapsed="0.114138"/>
</test>
<test id="s1-s1-t4" name="Validar tipos de dados" line="28">
<kw name="Teste de Tipos de Dados" owner="random-user-service">
<kw name="GET On Session" owner="RequestsLibrary">
<msg time="2024-05-13T22:14:15.518658" level="INFO">GET Request : url=https://randomuser.me/api 
 path_url=/api 
 headers={'User-Agent': 'python-requests/2.31.0', 'Accept-Encoding': 'gzip, deflate', 'Accept': '*/*', 'Connection': 'keep-alive'} 
 body=None 
 </msg>
<msg time="2024-05-13T22:14:15.518724" level="INFO">GET Response : url=https://randomuser.me/api 
 status=200, reason=OK 
 headers={'Date': 'Mon, 13 May 2024 22:14:15 GMT', 'Content-Type': 'application/json; charset=utf-8', 'Transfer-Encoding': 'chunked', 'Connection': 'keep-alive', 'X-Powered-By': 'Express', 'Access-Control-Allow-Origin': '*', 'Cache-Control': 'no-cache', 'ETag': 'W/"496-L3p3Thwb7bg3iMFOlFOUoxg1ETA"', 'Vary': 'Accept-Encoding', 'Content-Encoding': 'gzip', 'CF-Cache-Status': 'DYNAMIC', 'Report-To': '{"endpoints":[{"url":"https:\\/\\/a.nel.cloudflare.com\\/report\\/v4?s=hiclafwN3FWNrRv4brO02JXRe%2F8%2FEgYfXDiaf6mdZ6Hag1aqDMPjIPjMgRjNA2tOEU9kwG4jpLXaEvpJIIeMfYSId73KXDUm22nxl1%2FHgeMdYQIjkKjcoXiTeWY1otE3"}],"group":"cf-nel","max_age":604800}', 'NEL': '{"success_fraction":0,"report_to":"cf-nel","max_age":604800}', 'Server': 'cloudflare', 'CF-RAY': '8836001a899d2b18-ORD', 'alt-svc': 'h3=":443"; ma=86400'} 
 body={"results":[{"gender":"female","name":{"title":"Miss","first":"Charlotte","last":"Øglænd"},"location":{"street":{"number":7490,"name":"Valdresgata"},"city":"Bergen","state":"Vestfold","country":"Norway","postcode":"3236","coordinates":{"latitude":"41.5189","longitude":"148.5023"},"timezone":{"offset":"-4:00","description":"Atlantic Time (Canada), Caracas, La Paz"}},"email":"charlotte.oglaend@example.com","login":{"uuid":"3f44be0f-2d09-45d5-baeb-7453161be38b","username":"silverladybug341","password":"tzpvaw","salt":"YbJv2xCP","md5":"b2a6ace2f39ad453ad1bde5dc32c9a1a","sha1":"eb4085acb691c6a93bcf9a6a744755f558a6e91d","sha256":"01b1ae1084db3989db24decc112bdf4905fcd9ebb7163a56cedbb0d22c7e5311"},"dob":{"date":"1962-12-16T04:22:40.597Z","age":61},"registered":{"date":"2006-04-27T07:12:42.517Z","age":18},"phone":"51781560","cell":"49197347","id":{"name":"FN","value":"16126204632"},"picture":{"large":"https://randomuser.me/api/portraits/women/8.jpg","medium":"https://randomuser.me/api/portraits/med/women/8.jpg","thumbnail":"https://randomuser.me/api/portraits/thumb/women/8.jpg"},"nat":"NO"}],"info":{"seed":"5e0680a79bc004df","results":1,"page":1,"version":"1.4"}} 
 </msg>
<msg time="2024-05-13T22:14:15.518784" level="INFO">/opt/hostedtoolcache/Python/3.12.3/x64/lib/python3.12/site-packages/urllib3/connectionpool.py:1103: InsecureRequestWarning: Unverified HTTPS request is being made to host 'randomuser.me'. Adding certificate verification is strongly advised. See: https://urllib3.readthedocs.io/en/latest/advanced-usage.html#tls-warnings
  warnings.warn(</msg>
<msg time="2024-05-13T22:14:15.518890" level="INFO">${response} = &lt;Response [200]&gt;</msg>
<var>${response}</var>
<arg>consultarAPI</arg>
<arg>/api</arg>
<doc>Sends a GET request on a previously created HTTP Session.</doc>
<status status="PASS" start="2024-05-13T22:14:15.442691" elapsed="0.076241"/>
</kw>
<kw name="Set Variable" owner="BuiltIn">
<msg time="2024-05-13T22:14:15.519771" level="INFO">${json_data} = {'results': [{'gender': 'female', 'name': {'title': 'Miss', 'first': 'Charlotte', 'last': 'Øglænd'}, 'location': {'street': {'number': 7490, 'name': 'Valdresgata'}, 'city': 'Bergen', 'state': 'Vestfol...</msg>
<var>${json_data}</var>
<arg>${response.json()}</arg>
<doc>Returns the given values which can then be assigned to a variables.</doc>
<status status="PASS" start="2024-05-13T22:14:15.519313" elapsed="0.000488"/>
</kw>
<kw name="Log" owner="BuiltIn">
<msg time="2024-05-13T22:14:15.520262" level="INFO">{'results': [{'gender': 'female', 'name': {'title': 'Miss', 'first': 'Charlotte', 'last': 'Øglænd'}, 'location': {'street': {'number': 7490, 'name': 'Valdresgata'}, 'city': 'Bergen', 'state': 'Vestfold', 'country': 'Norway', 'postcode': '3236', 'coordinates': {'latitude': '41.5189', 'longitude': '148.5023'}, 'timezone': {'offset': '-4:00', 'description': 'Atlantic Time (Canada), Caracas, La Paz'}}, 'email': 'charlotte.oglaend@example.com', 'login': {'uuid': '3f44be0f-2d09-45d5-baeb-7453161be38b', 'username': 'silverladybug341', 'password': 'tzpvaw', 'salt': 'YbJv2xCP', 'md5': 'b2a6ace2f39ad453ad1bde5dc32c9a1a', 'sha1': 'eb4085acb691c6a93bcf9a6a744755f558a6e91d', 'sha256': '01b1ae1084db3989db24decc112bdf4905fcd9ebb7163a56cedbb0d22c7e5311'}, 'dob': {'date': '1962-12-16T04:22:40.597Z', 'age': 61}, 'registered': {'date': '2006-04-27T07:12:42.517Z', 'age': 18}, 'phone': '51781560', 'cell': '49197347', 'id': {'name': 'FN', 'value': '16126204632'}, 'picture': {'large': 'https://randomuser.me/api/portraits/women/8.jpg', 'medium': 'https://randomuser.me/api/portraits/med/women/8.jpg', 'thumbnail': 'https://randomuser.me/api/portraits/thumb/women/8.jpg'}, 'nat': 'NO'}], 'info': {'seed': '5e0680a79bc004df', 'results': 1, 'page': 1, 'version': '1.4'}}</msg>
<arg>${json_data}</arg>
<doc>Logs the given message with the given level.</doc>
<status status="PASS" start="2024-05-13T22:14:15.520107" elapsed="0.000238"/>
</kw>
<kw name="Should Be String" owner="String">
<arg>${json_data['results'][0]['gender']}</arg>
<doc>Fails if the given ``item`` is not a string.</doc>
<status status="PASS" start="2024-05-13T22:14:15.520648" elapsed="0.000364"/>
</kw>
<kw name="Should Match Regexp" owner="BuiltIn">
<arg>${json_data['results'][0]['email']}</arg>
<arg>^[a-zA-Z0-9._%+-]+@[a-zA-Z0-9.-]+\.[a-zA-Z]{2,}$</arg>
<doc>Fails if ``string`` does not match ``pattern`` as a regular expression.</doc>
<status status="PASS" start="2024-05-13T22:14:15.521206" elapsed="0.000514"/>
</kw>
<kw name="Should Match Regexp" owner="BuiltIn">
<arg>${json_data['results'][0]['dob']['date']}</arg>
<arg>\\d{4}-\\d{2}-\\d{2}T\\d{2}:\\d{2}:\\d{2}\\.\\d{3}Z</arg>
<doc>Fails if ``string`` does not match ``pattern`` as a regular expression.</doc>
<status status="PASS" start="2024-05-13T22:14:15.521913" elapsed="0.000564"/>
</kw>
<kw name="Should Match Regexp" owner="BuiltIn">
<arg>${json_data['results'][0]['registered']['date']}</arg>
<arg>\\d{4}-\\d{2}-\\d{2}T\\d{2}:\\d{2}:\\d{2}\\.\\d{3}Z</arg>
<doc>Fails if ``string`` does not match ``pattern`` as a regular expression.</doc>
<status status="PASS" start="2024-05-13T22:14:15.522681" elapsed="0.000381"/>
</kw>
<kw name="Should Match Regexp" owner="BuiltIn">
<arg>${json_data['results'][0]['picture']['large']}</arg>
<arg>^https?://.*\.(?:png|jpe?g|gif|bmp)$</arg>
<doc>Fails if ``string`` does not match ``pattern`` as a regular expression.</doc>
<status status="PASS" start="2024-05-13T22:14:15.523253" elapsed="0.000514"/>
</kw>
<kw name="Should Match Regexp" owner="BuiltIn">
<arg>${json_data['results'][0]['picture']['medium']}</arg>
<arg>^https?://.*\.(?:png|jpe?g|gif|bmp)$</arg>
<doc>Fails if ``string`` does not match ``pattern`` as a regular expression.</doc>
<status status="PASS" start="2024-05-13T22:14:15.523958" elapsed="0.000355"/>
</kw>
<kw name="Should Match Regexp" owner="BuiltIn">
<arg>${json_data['results'][0]['picture']['thumbnail']}</arg>
<arg>^https?://.*\.(?:png|jpe?g|gif|bmp)$</arg>
<doc>Fails if ``string`` does not match ``pattern`` as a regular expression.</doc>
<status status="PASS" start="2024-05-13T22:14:15.524502" elapsed="0.000348"/>
</kw>
<kw name="Log" owner="BuiltIn">
<msg time="2024-05-13T22:14:15.525348" level="INFO">{'large': 'https://randomuser.me/api/portraits/women/8.jpg', 'medium': 'https://randomuser.me/api/portraits/med/women/8.jpg', 'thumbnail': 'https://randomuser.me/api/portraits/thumb/women/8.jpg'}</msg>
<arg>${json_data['results'][0]['picture']}</arg>
<doc>Logs the given message with the given level.</doc>
<status status="PASS" start="2024-05-13T22:14:15.525028" elapsed="0.000360"/>
</kw>
<status status="PASS" start="2024-05-13T22:14:15.442463" elapsed="0.083176"/>
</kw>
<kw name="Teste de Tipos de Dados - Postcode" owner="random-user-service">
<kw name="GET On Session" owner="RequestsLibrary">
<msg time="2024-05-13T22:14:15.615327" level="INFO">GET Request : url=https://randomuser.me/api 
 path_url=/api 
 headers={'User-Agent': 'python-requests/2.31.0', 'Accept-Encoding': 'gzip, deflate', 'Accept': '*/*', 'Connection': 'keep-alive'} 
 body=None 
 </msg>
<msg time="2024-05-13T22:14:15.615408" level="INFO">GET Response : url=https://randomuser.me/api 
 status=200, reason=OK 
 headers={'Date': 'Mon, 13 May 2024 22:14:15 GMT', 'Content-Type': 'application/json; charset=utf-8', 'Transfer-Encoding': 'chunked', 'Connection': 'keep-alive', 'X-Powered-By': 'Express', 'Access-Control-Allow-Origin': '*', 'Cache-Control': 'no-cache', 'ETag': 'W/"495-iiexc3XHkpj63dTLflanlbhXRoA"', 'Vary': 'Accept-Encoding', 'Content-Encoding': 'gzip', 'CF-Cache-Status': 'DYNAMIC', 'Report-To': '{"endpoints":[{"url":"https:\\/\\/a.nel.cloudflare.com\\/report\\/v4?s=cUb1dm1M%2FJppCJuYqxG%2BX5qPNWN1N9uJXh7baMyJ%2F0H03AggTX9bgJaiWl71JnzdtGaoGuUEBvhJyo77CzwEZpkSSwneke2%2FiI7B6DMkszsSfBxxyL48rg6Hz93WkYAK"}],"group":"cf-nel","max_age":604800}', 'NEL': '{"success_fraction":0,"report_to":"cf-nel","max_age":604800}', 'Server': 'cloudflare', 'CF-RAY': '8836001b0a352b18-ORD', 'alt-svc': 'h3=":443"; ma=86400'} 
 body={"results":[{"gender":"male","name":{"title":"Mr","first":"Auguste","last":"Bernard"},"location":{"street":{"number":9159,"name":"Avenue Joliot Curie"},"city":"Toulon","state":"Landes","country":"France","postcode":46857,"coordinates":{"latitude":"-17.5165","longitude":"-179.6146"},"timezone":{"offset":"-8:00","description":"Pacific Time (US &amp; Canada)"}},"email":"auguste.bernard@example.com","login":{"uuid":"102e1e86-83f1-4105-b5d1-d33ad3186fa8","username":"smallbird876","password":"factory","salt":"Gn9gfcwR","md5":"2267403139faf1b4725aece994971dcb","sha1":"84b61ae4c9ede8dca3f910554e319c3ccc44584b","sha256":"fabf6ead280387810cbec373ea2c424755893eadc61928e993ca9139a9555840"},"dob":{"date":"1958-09-17T21:10:35.993Z","age":65},"registered":{"date":"2006-12-10T22:36:58.666Z","age":17},"phone":"05-10-53-96-52","cell":"06-87-03-18-62","id":{"name":"INSEE","value":"1580855062420 67"},"picture":{"large":"https://randomuser.me/api/portraits/men/67.jpg","medium":"https://randomuser.me/api/portraits/med/men/67.jpg","thumbnail":"https://randomuser.me/api/portraits/thumb/men/67.jpg"},"nat":"FR"}],"info":{"seed":"64255d283dcb7395","results":1,"page":1,"version":"1.4"}} 
 </msg>
<msg time="2024-05-13T22:14:15.615483" level="INFO">/opt/hostedtoolcache/Python/3.12.3/x64/lib/python3.12/site-packages/urllib3/connectionpool.py:1103: InsecureRequestWarning: Unverified HTTPS request is being made to host 'randomuser.me'. Adding certificate verification is strongly advised. See: https://urllib3.readthedocs.io/en/latest/advanced-usage.html#tls-warnings
  warnings.warn(</msg>
<msg time="2024-05-13T22:14:15.615620" level="INFO">${response} = &lt;Response [200]&gt;</msg>
<var>${response}</var>
<arg>consultarAPI</arg>
<arg>/api</arg>
<doc>Sends a GET request on a previously created HTTP Session.</doc>
<status status="PASS" start="2024-05-13T22:14:15.526077" elapsed="0.089592"/>
</kw>
<kw name="Set Variable" owner="BuiltIn">
<msg time="2024-05-13T22:14:15.616603" level="INFO">${json_data} = {'results': [{'gender': 'male', 'name': {'title': 'Mr', 'first': 'Auguste', 'last': 'Bernard'}, 'location': {'street': {'number': 9159, 'name': 'Avenue Joliot Curie'}, 'city': 'Toulon', 'state': 'Land...</msg>
<var>${json_data}</var>
<arg>${response.json()}</arg>
<doc>Returns the given values which can then be assigned to a variables.</doc>
<status status="PASS" start="2024-05-13T22:14:15.616139" elapsed="0.000491"/>
</kw>
<kw name="Log" owner="BuiltIn">
<msg time="2024-05-13T22:14:15.617093" level="INFO">{'results': [{'gender': 'male', 'name': {'title': 'Mr', 'first': 'Auguste', 'last': 'Bernard'}, 'location': {'street': {'number': 9159, 'name': 'Avenue Joliot Curie'}, 'city': 'Toulon', 'state': 'Landes', 'country': 'France', 'postcode': 46857, 'coordinates': {'latitude': '-17.5165', 'longitude': '-179.6146'}, 'timezone': {'offset': '-8:00', 'description': 'Pacific Time (US &amp; Canada)'}}, 'email': 'auguste.bernard@example.com', 'login': {'uuid': '102e1e86-83f1-4105-b5d1-d33ad3186fa8', 'username': 'smallbird876', 'password': 'factory', 'salt': 'Gn9gfcwR', 'md5': '2267403139faf1b4725aece994971dcb', 'sha1': '84b61ae4c9ede8dca3f910554e319c3ccc44584b', 'sha256': 'fabf6ead280387810cbec373ea2c424755893eadc61928e993ca9139a9555840'}, 'dob': {'date': '1958-09-17T21:10:35.993Z', 'age': 65}, 'registered': {'date': '2006-12-10T22:36:58.666Z', 'age': 17}, 'phone': '05-10-53-96-52', 'cell': '06-87-03-18-62', 'id': {'name': 'INSEE', 'value': '1580855062420 67'}, 'picture': {'large': 'https://randomuser.me/api/portraits/men/67.jpg', 'medium': 'https://randomuser.me/api/portraits/med/men/67.jpg', 'thumbnail': 'https://randomuser.me/api/portraits/thumb/men/67.jpg'}, 'nat': 'FR'}], 'info': {'seed': '64255d283dcb7395', 'results': 1, 'page': 1, 'version': '1.4'}}</msg>
<arg>${json_data}</arg>
<doc>Logs the given message with the given level.</doc>
<status status="PASS" start="2024-05-13T22:14:15.616940" elapsed="0.000236"/>
</kw>
<kw name="Should Be Equal As Numbers" owner="BuiltIn">
<arg>${json_data['results'][0]['location']['postcode']}</arg>
<arg>${json_data['results'][0]['location']['postcode']}</arg>
<doc>Fails if objects are unequal after converting them to real numbers.</doc>
<status status="PASS" start="2024-05-13T22:14:15.617616" elapsed="0.000665"/>
</kw>
<kw name="Log" owner="BuiltIn">
<msg time="2024-05-13T22:14:15.618836" level="INFO">46857</msg>
<arg>${json_data['results'][0]['location']['postcode']}</arg>
<doc>Logs the given message with the given level.</doc>
<status status="PASS" start="2024-05-13T22:14:15.618492" elapsed="0.000385"/>
</kw>
<status status="PASS" start="2024-05-13T22:14:15.525855" elapsed="0.093275"/>
</kw>
<doc>Testa se os tipos de dados na resposta da API estão corretos.</doc>
<tag>testeTiposDados</tag>
<status status="PASS" start="2024-05-13T22:14:15.441976" elapsed="0.177319"/>
</test>
<test id="s1-s1-t5" name="Validar conteudo" line="35">
<kw name="Teste de Tipos de Conteudo" owner="random-user-service">
<kw name="GET On Session" owner="RequestsLibrary">
<msg time="2024-05-13T22:14:15.710468" level="INFO">GET Request : url=https://randomuser.me/api 
 path_url=/api 
 headers={'User-Agent': 'python-requests/2.31.0', 'Accept-Encoding': 'gzip, deflate', 'Accept': '*/*', 'Connection': 'keep-alive'} 
 body=None 
 </msg>
<msg time="2024-05-13T22:14:15.710548" level="INFO">GET Response : url=https://randomuser.me/api 
 status=200, reason=OK 
 headers={'Date': 'Mon, 13 May 2024 22:14:15 GMT', 'Content-Type': 'application/json; charset=utf-8', 'Transfer-Encoding': 'chunked', 'Connection': 'keep-alive', 'X-Powered-By': 'Express', 'Access-Control-Allow-Origin': '*', 'Cache-Control': 'no-cache', 'ETag': 'W/"493-jXO7C5HkRrVZ3WfuRDlB0Zul5Ew"', 'Vary': 'Accept-Encoding', 'Content-Encoding': 'gzip', 'CF-Cache-Status': 'DYNAMIC', 'Report-To': '{"endpoints":[{"url":"https:\\/\\/a.nel.cloudflare.com\\/report\\/v4?s=ZqZH0hN%2F4SgDznkTf547A9VYWt5VbWnjLNwLwl2mEXLnsC3XeLEcVXjNpvPMVk9MCBWw1UEEuSlqkQBxJ9qlidPpvbEeMwsPC5bUO2VpQRYfouFhQA1Hw774%2FatgwWv%2B"}],"group":"cf-nel","max_age":604800}', 'NEL': '{"success_fraction":0,"report_to":"cf-nel","max_age":604800}', 'Server': 'cloudflare', 'CF-RAY': '8836001baac12b18-ORD', 'alt-svc': 'h3=":443"; ma=86400'} 
 body={"results":[{"gender":"female","name":{"title":"Ms","first":"Ayten","last":"Burmester"},"location":{"street":{"number":5650,"name":"Waldweg"},"city":"Unterallgäu","state":"Bayern","country":"Germany","postcode":61946,"coordinates":{"latitude":"-54.5585","longitude":"29.3021"},"timezone":{"offset":"+4:00","description":"Abu Dhabi, Muscat, Baku, Tbilisi"}},"email":"ayten.burmester@example.com","login":{"uuid":"11c99fe1-9ede-4b07-946b-35f1a0a1204d","username":"sadduck413","password":"hannah","salt":"413RbD2t","md5":"32d2a182b15cdf5e9da96d4c2de182b8","sha1":"5b3f0a106dad4a6ce7e611dcb744cfc56d6d1e6c","sha256":"2a2d3145b22304e0fdfc538aeee00a1b272c7405eefb9794b0443d80086c5853"},"dob":{"date":"1999-10-01T23:01:29.737Z","age":24},"registered":{"date":"2004-07-02T22:10:22.411Z","age":19},"phone":"0060-1028452","cell":"0170-6806493","id":{"name":"SVNR","value":"69 011099 B 820"},"picture":{"large":"https://randomuser.me/api/portraits/women/66.jpg","medium":"https://randomuser.me/api/portraits/med/women/66.jpg","thumbnail":"https://randomuser.me/api/portraits/thumb/women/66.jpg"},"nat":"DE"}],"info":{"seed":"6e5bfdd07e5ccb1b","results":1,"page":1,"version":"1.4"}} 
 </msg>
<msg time="2024-05-13T22:14:15.710620" level="INFO">/opt/hostedtoolcache/Python/3.12.3/x64/lib/python3.12/site-packages/urllib3/connectionpool.py:1103: InsecureRequestWarning: Unverified HTTPS request is being made to host 'randomuser.me'. Adding certificate verification is strongly advised. See: https://urllib3.readthedocs.io/en/latest/advanced-usage.html#tls-warnings
  warnings.warn(</msg>
<msg time="2024-05-13T22:14:15.710747" level="INFO">${response} = &lt;Response [200]&gt;</msg>
<var>${response}</var>
<arg>consultarAPI</arg>
<arg>/api</arg>
<doc>Sends a GET request on a previously created HTTP Session.</doc>
<status status="PASS" start="2024-05-13T22:14:15.621740" elapsed="0.089061"/>
</kw>
<kw name="Set Variable" owner="BuiltIn">
<msg time="2024-05-13T22:14:15.712178" level="INFO">${json_data} = {'results': [{'gender': 'female', 'name': {'title': 'Ms', 'first': 'Ayten', 'last': 'Burmester'}, 'location': {'street': {'number': 5650, 'name': 'Waldweg'}, 'city': 'Unterallgäu', 'state': 'Bayern', ...</msg>
<var>${json_data}</var>
<arg>${response.json()}</arg>
<doc>Returns the given values which can then be assigned to a variables.</doc>
<status status="PASS" start="2024-05-13T22:14:15.711421" elapsed="0.000805"/>
</kw>
<kw name="Set Variable" owner="BuiltIn">
<msg time="2024-05-13T22:14:15.713331" level="INFO">${name_title} = Ms</msg>
<var>${name_title}</var>
<arg>${json_data["results"][0]["name"]["title"]}</arg>
<doc>Returns the given values which can then be assigned to a variables.</doc>
<status status="PASS" start="2024-05-13T22:14:15.712699" elapsed="0.000670"/>
</kw>
<kw name="Create List" owner="BuiltIn">
<msg time="2024-05-13T22:14:15.714053" level="INFO">${allowed_titles} = ['Mr', 'Ms', 'Miss', 'Mrs', 'Madame', 'Monsieur']</msg>
<var>${allowed_titles}</var>
<arg>Mr</arg>
<arg>Ms</arg>
<arg>Miss</arg>
<arg>Mrs</arg>
<arg>Madame</arg>
<arg>Monsieur</arg>
<doc>Returns a list containing given items.</doc>
<status status="PASS" start="2024-05-13T22:14:15.713812" elapsed="0.000282"/>
</kw>
<kw name="List Should Contain Value" owner="Collections">
<msg time="2024-05-13T22:14:15.714882" level="INFO">False</msg>
<arg>${allowed_titles}</arg>
<arg>${name_title}</arg>
<doc>Fails if the ``value`` is not found from ``list``.</doc>
<status status="PASS" start="2024-05-13T22:14:15.714608" elapsed="0.000333"/>
</kw>
<kw name="Set Variable" owner="BuiltIn">
<msg time="2024-05-13T22:14:15.716023" level="INFO">${name_country} = DE</msg>
<var>${name_country}</var>
<arg>${json_data["results"][0]["nat"]}</arg>
<doc>Returns the given values which can then be assigned to a variables.</doc>
<status status="PASS" start="2024-05-13T22:14:15.715392" elapsed="0.000672"/>
</kw>
<kw name="Create List" owner="BuiltIn">
<msg time="2024-05-13T22:14:15.717598" level="INFO">${list_country} = ['AD', 'AE', 'AF', 'AG', 'AI', 'AL', 'AM', 'AO', 'AQ', 'AR', 'AS', 'AT', 'AU', 'AW', 'AX', 'AZ', 'BA', 'BB', 'BD', 'BE', 'BF', 'BG', 'BH', 'BI', 'BJ', 'BL', 'BM', 'BN', 'BO', 'BQ', 'BR', 'BS', 'BT', '...</msg>
<var>${list_country}</var>
<arg>AD</arg>
<arg>AE</arg>
<arg>AF</arg>
<arg>AG</arg>
<arg>AI</arg>
<arg>AL</arg>
<arg>AM</arg>
<arg>AO</arg>
<arg>AQ</arg>
<arg>AR</arg>
<arg>AS</arg>
<arg>AT</arg>
<arg>AU</arg>
<arg>AW</arg>
<arg>AX</arg>
<arg>AZ</arg>
<arg>BA</arg>
<arg>BB</arg>
<arg>BD</arg>
<arg>BE</arg>
<arg>BF</arg>
<arg>BG</arg>
<arg>BH</arg>
<arg>BI</arg>
<arg>BJ</arg>
<arg>BL</arg>
<arg>BM</arg>
<arg>BN</arg>
<arg>BO</arg>
<arg>BQ</arg>
<arg>BR</arg>
<arg>BS</arg>
<arg>BT</arg>
<arg>BV</arg>
<arg>BW</arg>
<arg>BY</arg>
<arg>BZ</arg>
<arg>CA</arg>
<arg>CC</arg>
<arg>CD</arg>
<arg>CF</arg>
<arg>CG</arg>
<arg>CH</arg>
<arg>CI</arg>
<arg>CK</arg>
<arg>CL</arg>
<arg>CM</arg>
<arg>CN</arg>
<arg>CO</arg>
<arg>CR</arg>
<arg>CU</arg>
<arg>CV</arg>
<arg>CW</arg>
<arg>CX</arg>
<arg>CY</arg>
<arg>CZ</arg>
<arg>DE</arg>
<arg>DJ</arg>
<arg>DK</arg>
<arg>DM</arg>
<arg>DO</arg>
<arg>DZ</arg>
<arg>EC</arg>
<arg>EE</arg>
<arg>EG</arg>
<arg>EH</arg>
<arg>ER</arg>
<arg>ES</arg>
<arg>ET</arg>
<arg>FI</arg>
<arg>FJ</arg>
<arg>FK</arg>
<arg>FM</arg>
<arg>FO</arg>
<arg>FR</arg>
<arg>GA</arg>
<arg>GB</arg>
<arg>GD</arg>
<arg>GE</arg>
<arg>GF</arg>
<arg>GG</arg>
<arg>GH</arg>
<arg>GI</arg>
<arg>GL</arg>
<arg>GM</arg>
<arg>GN</arg>
<arg>GP</arg>
<arg>GQ</arg>
<arg>GR</arg>
<arg>GS</arg>
<arg>GT</arg>
<arg>GU</arg>
<arg>GW</arg>
<arg>GY</arg>
<arg>HK</arg>
<arg>HM</arg>
<arg>HN</arg>
<arg>HR</arg>
<arg>HT</arg>
<arg>HU</arg>
<arg>ID</arg>
<arg>IE</arg>
<arg>IL</arg>
<arg>IM</arg>
<arg>IN</arg>
<arg>IO</arg>
<arg>IQ</arg>
<arg>IR</arg>
<arg>IS</arg>
<arg>IT</arg>
<arg>JE</arg>
<arg>JM</arg>
<arg>JO</arg>
<arg>JP</arg>
<arg>KE</arg>
<arg>KG</arg>
<arg>KH</arg>
<arg>KI</arg>
<arg>KM</arg>
<arg>KN</arg>
<arg>KP</arg>
<arg>KR</arg>
<arg>KW</arg>
<arg>KY</arg>
<arg>KZ</arg>
<arg>LA</arg>
<arg>LB</arg>
<arg>LC</arg>
<arg>LI</arg>
<arg>LK</arg>
<arg>LR</arg>
<arg>LS</arg>
<arg>LT</arg>
<arg>LU</arg>
<arg>LV</arg>
<arg>LY</arg>
<arg>MA</arg>
<arg>MC</arg>
<arg>MD</arg>
<arg>ME</arg>
<arg>MF</arg>
<arg>MG</arg>
<arg>MH</arg>
<arg>MK</arg>
<arg>ML</arg>
<arg>MM</arg>
<arg>MN</arg>
<arg>MO</arg>
<arg>MP</arg>
<arg>MQ</arg>
<arg>MR</arg>
<arg>MS</arg>
<arg>MT</arg>
<arg>MU</arg>
<arg>MV</arg>
<arg>MW</arg>
<arg>MX</arg>
<arg>MY</arg>
<arg>MZ</arg>
<arg>NA</arg>
<arg>NC</arg>
<arg>NE</arg>
<arg>NF</arg>
<arg>NG</arg>
<arg>NI</arg>
<arg>NL</arg>
<arg>NO</arg>
<arg>NP</arg>
<arg>NR</arg>
<arg>NU</arg>
<arg>NZ</arg>
<arg>OM</arg>
<arg>PA</arg>
<arg>PE</arg>
<arg>PF</arg>
<arg>PG</arg>
<arg>PH</arg>
<arg>PK</arg>
<arg>PL</arg>
<arg>PM</arg>
<arg>PN</arg>
<arg>PR</arg>
<arg>PS</arg>
<arg>PT</arg>
<arg>PW</arg>
<arg>PY</arg>
<arg>QA</arg>
<arg>RE</arg>
<arg>RO</arg>
<arg>RS</arg>
<arg>RU</arg>
<arg>RW</arg>
<arg>SA</arg>
<arg>SB</arg>
<arg>SC</arg>
<arg>SD</arg>
<arg>SE</arg>
<arg>SG</arg>
<arg>SH</arg>
<arg>SI</arg>
<arg>SJ</arg>
<arg>SK</arg>
<arg>SL</arg>
<arg>SM</arg>
<arg>SN</arg>
<arg>SO</arg>
<arg>SR</arg>
<arg>SS</arg>
<arg>ST</arg>
<arg>SV</arg>
<arg>SX</arg>
<arg>SY</arg>
<arg>SZ</arg>
<arg>TC</arg>
<arg>TD</arg>
<arg>TF</arg>
<arg>TG</arg>
<arg>TH</arg>
<arg>TJ</arg>
<arg>TK</arg>
<arg>TL</arg>
<arg>TM</arg>
<arg>TN</arg>
<arg>TO</arg>
<arg>TR</arg>
<arg>TT</arg>
<arg>TV</arg>
<arg>TW</arg>
<arg>TZ</arg>
<arg>UA</arg>
<arg>UG</arg>
<arg>UM</arg>
<arg>US</arg>
<arg>UY</arg>
<arg>UZ</arg>
<arg>VA</arg>
<arg>VC</arg>
<arg>VE</arg>
<arg>VG</arg>
<arg>VI</arg>
<arg>VN</arg>
<arg>VU</arg>
<arg>WF</arg>
<arg>WS</arg>
<arg>XK</arg>
<arg>YE</arg>
<arg>YT</arg>
<arg>ZA</arg>
<arg>ZM</arg>
<arg>ZW</arg>
<doc>Returns a list containing given items.</doc>
<status status="PASS" start="2024-05-13T22:14:15.716566" elapsed="0.001062"/>
</kw>
<kw name="List Should Contain Value" owner="Collections">
<msg time="2024-05-13T22:14:15.718688" level="INFO">False</msg>
<arg>${list_country}</arg>
<arg>${name_country}</arg>
<doc>Fails if the ``value`` is not found from ``list``.</doc>
<status status="PASS" start="2024-05-13T22:14:15.718467" elapsed="0.000259"/>
</kw>
<kw name="Run Keyword If" owner="BuiltIn">
<kw name="Should Be True" owner="BuiltIn">
<arg>${True}</arg>
<doc>Fails if the given condition is not true.</doc>
<status status="PASS" start="2024-05-13T22:14:15.719800" elapsed="0.000243"/>
</kw>
<arg>${json_data["results"][0]["location"]["coordinates"]["latitude"]} &gt;= -90 and ${json_data["results"][0]["location"]["coordinates"]["latitude"]} &lt;= 90</arg>
<arg>Should Be True</arg>
<arg>${True}</arg>
<doc>Runs the given keyword with the given arguments, if ``condition`` is true.</doc>
<status status="PASS" start="2024-05-13T22:14:15.719043" elapsed="0.001134"/>
</kw>
<kw name="Run Keyword If" owner="BuiltIn">
<kw name="Should Be True" owner="BuiltIn">
<arg>${True}</arg>
<doc>Fails if the given condition is not true.</doc>
<status status="PASS" start="2024-05-13T22:14:15.721068" elapsed="0.000137"/>
</kw>
<arg>${json_data["results"][0]["location"]["coordinates"]["longitude"]} &gt;= -180 and ${json_data["results"][0]["location"]["coordinates"]["longitude"]} &lt;= 180</arg>
<arg>Should Be True</arg>
<arg>${True}</arg>
<doc>Runs the given keyword with the given arguments, if ``condition`` is true.</doc>
<status status="PASS" start="2024-05-13T22:14:15.720364" elapsed="0.000965"/>
</kw>
<status status="PASS" start="2024-05-13T22:14:15.621514" elapsed="0.099941"/>
</kw>
<doc>Testa o conteúdo específico dos campos retornados pela API.</doc>
<tag>testeConteudo</tag>
<status status="PASS" start="2024-05-13T22:14:15.621055" elapsed="0.100542"/>
</test>
<status status="PASS" start="2024-05-13T22:14:14.817637" elapsed="0.905946"/>
</suite>
<status status="PASS" start="2024-05-13T22:14:14.804110" elapsed="0.924565"/>
</suite>
<statistics>
<total>
<stat pass="5" fail="0" skip="0">All Tests</stat>
</total>
<tag>
<stat pass="1" fail="0" skip="0">testeConteudo</stat>
<stat pass="1" fail="0" skip="0">testeEstruturaResposta</stat>
<stat pass="1" fail="0" skip="0">testeRequisicaoBasica</stat>
<stat pass="1" fail="0" skip="0">testeTiposDados</stat>
</tag>
<suite>
<stat pass="5" fail="0" skip="0" id="s1" name="Tests">Tests</stat>
<stat pass="5" fail="0" skip="0" id="s1-s1" name="Random-User-Test">Tests.Random-User-Test</stat>
</suite>
</statistics>
<errors>
</errors>
</robot>
