<?xml version="1.0" encoding="UTF-8"?>
<robot generator="Robot 7.0.1 (Python 3.12.4 on linux)" generated="2024-06-28T07:15:20.353769" rpa="false" schemaversion="5">
<suite id="s1" name="Tests" source="/home/runner/work/ApiRandomUser/ApiRandomUser/RamdonUser/tests">
<suite id="s1-s1" name="Random-User-Test" source="/home/runner/work/ApiRandomUser/ApiRandomUser/RamdonUser/tests/random-user-test.robot">
<test id="s1-s1-t1" name="Conectar" line="13">
<kw name="Conectar API" owner="random-user-service">
<kw name="Create Session" owner="RequestsLibrary">
<msg time="2024-06-28T07:15:20.775518" level="INFO">Creating Session using : alias=consultarAPI, url=https://randomuser.me/, headers={},                     cookies={}, auth=None, timeout=None, proxies=None, verify=False,                     debug=0 </msg>
<arg>consultarAPI</arg>
<arg>${URL}</arg>
<doc>Create Session: create a HTTP session to a server</doc>
<status status="PASS" start="2024-06-28T07:15:20.775306" elapsed="0.000424"/>
</kw>
<status status="PASS" start="2024-06-28T07:15:20.774292" elapsed="0.001797"/>
</kw>
<status status="PASS" start="2024-06-28T07:15:20.773738" elapsed="0.002539"/>
</test>
<test id="s1-s1-t2" name="Validar retorno 200 e JSON Válido" line="16">
<kw name="Teste de Requisicao Basica" owner="random-user-service">
<kw name="GET On Session" owner="RequestsLibrary">
<msg time="2024-06-28T07:15:20.893698" level="INFO">GET Request : url=https://randomuser.me/api 
 path_url=/api 
 headers={'User-Agent': 'python-requests/2.32.3', 'Accept-Encoding': 'gzip, deflate', 'Accept': '*/*', 'Connection': 'keep-alive'} 
 body=None 
 </msg>
<msg time="2024-06-28T07:15:20.893846" level="INFO">GET Response : url=https://randomuser.me/api 
 status=200, reason=OK 
 headers={'Date': 'Fri, 28 Jun 2024 07:15:20 GMT', 'Content-Type': 'application/json; charset=utf-8', 'Transfer-Encoding': 'chunked', 'Connection': 'keep-alive', 'X-Powered-By': 'Express', 'Access-Control-Allow-Origin': '*', 'Cache-Control': 'no-cache', 'ETag': 'W/"4a2-EOIxq3D3J+JrQe6nrkMlhy8Goss"', 'Vary': 'Accept-Encoding', 'Content-Encoding': 'gzip', 'CF-Cache-Status': 'DYNAMIC', 'Report-To': '{"endpoints":[{"url":"https:\\/\\/a.nel.cloudflare.com\\/report\\/v4?s=KjS6Sk2HXx8DzKRZPAdw719opJ1%2B3wImDKD8dud428mdfY8W7EMzEuK6tuP056FmUBvNmG9HDIAMCPTLT7HRkm6Gr%2F9aHmdR%2BDvKL9WppPtnyN9A39U8e%2F6zuydbBaJB"}],"group":"cf-nel","max_age":604800}', 'NEL': '{"success_fraction":0,"report_to":"cf-nel","max_age":604800}', 'Server': 'cloudflare', 'CF-RAY': '89abe2970b25fb50-SJC', 'alt-svc': 'h3=":443"; ma=86400'} 
 body={"results":[{"gender":"female","name":{"title":"Miss","first":"Florence","last":"Spencer"},"location":{"street":{"number":1747,"name":"Walnut Hill Ln"},"city":"South Bend","state":"Virginia","country":"United States","postcode":92168,"coordinates":{"latitude":"87.2860","longitude":"17.3034"},"timezone":{"offset":"-7:00","description":"Mountain Time (US &amp; Canada)"}},"email":"florence.spencer@example.com","login":{"uuid":"5d422ede-eb85-46aa-86ef-978f373aaedb","username":"yellowmouse549","password":"thedoors","salt":"SGuyPPFA","md5":"07c9c846b6110050c63e1d3647954fba","sha1":"0cf6090eeb8f52a3f942874b116c175c4c81175e","sha256":"d7dbf4dee50a5e2a201a65127e1605ff73d0cb7f1ee300e4f410efbf1e9afced"},"dob":{"date":"1975-11-30T00:22:52.761Z","age":48},"registered":{"date":"2021-08-28T19:38:43.859Z","age":2},"phone":"(516) 798-7807","cell":"(511) 849-2688","id":{"name":"SSN","value":"675-19-5659"},"picture":{"large":"https://randomuser.me/api/portraits/women/18.jpg","medium":"https://randomuser.me/api/portraits/med/women/18.jpg","thumbnail":"https://randomuser.me/api/portraits/thumb/women/18.jpg"},"nat":"US"}],"info":{"seed":"89e8085c0e120870","results":1,"page":1,"version":"1.4"}} 
 </msg>
<msg time="2024-06-28T07:15:20.893927" level="INFO">/opt/hostedtoolcache/Python/3.12.4/x64/lib/python3.12/site-packages/urllib3/connectionpool.py:1099: InsecureRequestWarning: Unverified HTTPS request is being made to host 'randomuser.me'. Adding certificate verification is strongly advised. See: https://urllib3.readthedocs.io/en/latest/advanced-usage.html#tls-warnings
  warnings.warn(</msg>
<msg time="2024-06-28T07:15:20.894082" level="INFO">${response} = &lt;Response [200]&gt;</msg>
<var>${response}</var>
<arg>consultarAPI</arg>
<arg>/api</arg>
<doc>Sends a GET request on a previously created HTTP Session.</doc>
<status status="PASS" start="2024-06-28T07:15:20.778940" elapsed="0.115184"/>
</kw>
<kw name="Should Be Equal As Numbers" owner="BuiltIn">
<msg time="2024-06-28T07:15:20.895095" level="INFO">Argument types are:
&lt;class 'int'&gt;
&lt;class 'str'&gt;</msg>
<arg>${response.status_code}</arg>
<arg>200</arg>
<doc>Fails if objects are unequal after converting them to real numbers.</doc>
<status status="PASS" start="2024-06-28T07:15:20.894642" elapsed="0.000516"/>
</kw>
<kw name="Log" owner="BuiltIn">
<msg time="2024-06-28T07:15:20.895848" level="INFO">200</msg>
<arg>${response.status_code}</arg>
<doc>Logs the given message with the given level.</doc>
<status status="PASS" start="2024-06-28T07:15:20.895504" elapsed="0.000385"/>
</kw>
<kw name="Set Variable" owner="BuiltIn">
<msg time="2024-06-28T07:15:20.896613" level="INFO">${json_data} = {'results': [{'gender': 'female', 'name': {'title': 'Miss', 'first': 'Florence', 'last': 'Spencer'}, 'location': {'street': {'number': 1747, 'name': 'Walnut Hill Ln'}, 'city': 'South Bend', 'state': '...</msg>
<var>${json_data}</var>
<arg>${response.json()}</arg>
<doc>Returns the given values which can then be assigned to a variables.</doc>
<status status="PASS" start="2024-06-28T07:15:20.896187" elapsed="0.000453"/>
</kw>
<kw name="Dictionary Should Contain Key" owner="Collections">
<arg>${json_data}</arg>
<arg>results</arg>
<doc>Fails if ``key`` is not found from ``dictionary``.</doc>
<status status="PASS" start="2024-06-28T07:15:20.896928" elapsed="0.000159"/>
</kw>
<status status="PASS" start="2024-06-28T07:15:20.778697" elapsed="0.118534"/>
</kw>
<doc>Testa se a API responde corretamente e retorna um objeto JSON válido.</doc>
<tag>testeRequisicaoBasica</tag>
<status status="PASS" start="2024-06-28T07:15:20.778156" elapsed="0.119244"/>
</test>
<test id="s1-s1-t3" name="Validar estrutura de resposta" line="22">
<kw name="Teste de Estrutura de Resposta" owner="random-user-service">
<kw name="GET On Session" owner="RequestsLibrary">
<msg time="2024-06-28T07:15:20.994208" level="INFO">GET Request : url=https://randomuser.me/api 
 path_url=/api 
 headers={'User-Agent': 'python-requests/2.32.3', 'Accept-Encoding': 'gzip, deflate', 'Accept': '*/*', 'Connection': 'keep-alive'} 
 body=None 
 </msg>
<msg time="2024-06-28T07:15:20.994316" level="INFO">GET Response : url=https://randomuser.me/api 
 status=200, reason=OK 
 headers={'Date': 'Fri, 28 Jun 2024 07:15:20 GMT', 'Content-Type': 'application/json; charset=utf-8', 'Transfer-Encoding': 'chunked', 'Connection': 'keep-alive', 'X-Powered-By': 'Express', 'Access-Control-Allow-Origin': '*', 'Cache-Control': 'no-cache', 'ETag': 'W/"4a1-VWz7AeineUhU0tCAiE3goxX/IDA"', 'Vary': 'Accept-Encoding', 'Content-Encoding': 'gzip', 'CF-Cache-Status': 'DYNAMIC', 'Report-To': '{"endpoints":[{"url":"https:\\/\\/a.nel.cloudflare.com\\/report\\/v4?s=xbh8jShZLZPSDk%2F4Xs%2FvFE4rHE46hfcy5o0ZgGP67btDtVx08ti1F%2FnSBv5h1s4qNftUqGoPz1U3eXUPXTlMh7XYGN4NpIhoAblmDVyvoePSH%2F0yHWM50aHz9XKveAeu"}],"group":"cf-nel","max_age":604800}', 'NEL': '{"success_fraction":0,"report_to":"cf-nel","max_age":604800}', 'Server': 'cloudflare', 'CF-RAY': '89abe297aba4fb50-SJC', 'alt-svc': 'h3=":443"; ma=86400'} 
 body={"results":[{"gender":"male","name":{"title":"Mr","first":"Diemer","last":"Treep"},"location":{"street":{"number":7709,"name":"Halmaherastraat"},"city":"Werkhoven","state":"Flevoland","country":"Netherlands","postcode":"6898 ED","coordinates":{"latitude":"33.5862","longitude":"-40.4985"},"timezone":{"offset":"0:00","description":"Western Europe Time, London, Lisbon, Casablanca"}},"email":"diemer.treep@example.com","login":{"uuid":"3b7cae2c-b431-403a-9a6b-a40299b08ce8","username":"happypanda697","password":"napster","salt":"QrohamOx","md5":"e0cdea3214d5ada57ca5182b9ef50ae2","sha1":"7f7dd0c6a06ca503d669d73c0bee0501ef407fcf","sha256":"975e1338bddf884949924e6a5cccf2815122c61b5242ce5a8544fdbfc111a560"},"dob":{"date":"1961-07-22T21:22:18.560Z","age":62},"registered":{"date":"2003-05-28T14:31:42.215Z","age":21},"phone":"(0861) 165932","cell":"(06) 57176248","id":{"name":"BSN","value":"38861747"},"picture":{"large":"https://randomuser.me/api/portraits/men/15.jpg","medium":"https://randomuser.me/api/portraits/med/men/15.jpg","thumbnail":"https://randomuser.me/api/portraits/thumb/men/15.jpg"},"nat":"NL"}],"info":{"seed":"9b30a3a06c6acb01","results":1,"page":1,"version":"1.4"}} 
 </msg>
<msg time="2024-06-28T07:15:20.994463" level="INFO">/opt/hostedtoolcache/Python/3.12.4/x64/lib/python3.12/site-packages/urllib3/connectionpool.py:1099: InsecureRequestWarning: Unverified HTTPS request is being made to host 'randomuser.me'. Adding certificate verification is strongly advised. See: https://urllib3.readthedocs.io/en/latest/advanced-usage.html#tls-warnings
  warnings.warn(</msg>
<msg time="2024-06-28T07:15:20.994613" level="INFO">${response} = &lt;Response [200]&gt;</msg>
<var>${response}</var>
<arg>consultarAPI</arg>
<arg>/api</arg>
<doc>Sends a GET request on a previously created HTTP Session.</doc>
<status status="PASS" start="2024-06-28T07:15:20.900057" elapsed="0.094595"/>
</kw>
<kw name="Set Variable" owner="BuiltIn">
<msg time="2024-06-28T07:15:20.995772" level="INFO">${json_data} = {'results': [{'gender': 'male', 'name': {'title': 'Mr', 'first': 'Diemer', 'last': 'Treep'}, 'location': {'street': {'number': 7709, 'name': 'Halmaherastraat'}, 'city': 'Werkhoven', 'state': 'Flevolan...</msg>
<var>${json_data}</var>
<arg>${response.json()}</arg>
<doc>Returns the given values which can then be assigned to a variables.</doc>
<status status="PASS" start="2024-06-28T07:15:20.995202" elapsed="0.000598"/>
</kw>
<kw name="Log" owner="BuiltIn">
<msg time="2024-06-28T07:15:20.996266" level="INFO">{'results': [{'gender': 'male', 'name': {'title': 'Mr', 'first': 'Diemer', 'last': 'Treep'}, 'location': {'street': {'number': 7709, 'name': 'Halmaherastraat'}, 'city': 'Werkhoven', 'state': 'Flevoland', 'country': 'Netherlands', 'postcode': '6898 ED', 'coordinates': {'latitude': '33.5862', 'longitude': '-40.4985'}, 'timezone': {'offset': '0:00', 'description': 'Western Europe Time, London, Lisbon, Casablanca'}}, 'email': 'diemer.treep@example.com', 'login': {'uuid': '3b7cae2c-b431-403a-9a6b-a40299b08ce8', 'username': 'happypanda697', 'password': 'napster', 'salt': 'QrohamOx', 'md5': 'e0cdea3214d5ada57ca5182b9ef50ae2', 'sha1': '7f7dd0c6a06ca503d669d73c0bee0501ef407fcf', 'sha256': '975e1338bddf884949924e6a5cccf2815122c61b5242ce5a8544fdbfc111a560'}, 'dob': {'date': '1961-07-22T21:22:18.560Z', 'age': 62}, 'registered': {'date': '2003-05-28T14:31:42.215Z', 'age': 21}, 'phone': '(0861) 165932', 'cell': '(06) 57176248', 'id': {'name': 'BSN', 'value': '38861747'}, 'picture': {'large': 'https://randomuser.me/api/portraits/men/15.jpg', 'medium': 'https://randomuser.me/api/portraits/med/men/15.jpg', 'thumbnail': 'https://randomuser.me/api/portraits/thumb/men/15.jpg'}, 'nat': 'NL'}], 'info': {'seed': '9b30a3a06c6acb01', 'results': 1, 'page': 1, 'version': '1.4'}}</msg>
<arg>${json_data}</arg>
<doc>Logs the given message with the given level.</doc>
<status status="PASS" start="2024-06-28T07:15:20.996109" elapsed="0.000204"/>
</kw>
<kw name="Dictionary Should Contain Key" owner="Collections">
<arg>${json_data}</arg>
<arg>results</arg>
<doc>Fails if ``key`` is not found from ``dictionary``.</doc>
<status status="PASS" start="2024-06-28T07:15:20.996600" elapsed="0.000155"/>
</kw>
<kw name="Should Not Be Empty" owner="BuiltIn">
<msg time="2024-06-28T07:15:20.997060" level="INFO">Length is 2.</msg>
<arg>${json_data}</arg>
<doc>Verifies that the given item is not empty.</doc>
<status status="PASS" start="2024-06-28T07:15:20.996934" elapsed="0.000172"/>
</kw>
<kw name="Create List" owner="BuiltIn">
<msg time="2024-06-28T07:15:20.997684" level="INFO">${expected_keys} = ['gender', 'name', 'location', 'email', 'login']</msg>
<var>${expected_keys}</var>
<arg>gender</arg>
<arg>name</arg>
<arg>location</arg>
<arg>email</arg>
<arg>login</arg>
<doc>Returns a list containing given items.</doc>
<status status="PASS" start="2024-06-28T07:15:20.997389" elapsed="0.000319"/>
</kw>
<for flavor="IN">
<iter>
<kw name="Dictionary Should Contain Key" owner="Collections">
<arg>${json_data['results'][0]}</arg>
<arg>${key}</arg>
<doc>Fails if ``key`` is not found from ``dictionary``.</doc>
<status status="PASS" start="2024-06-28T07:15:20.998285" elapsed="0.000387"/>
</kw>
<kw name="Log" owner="BuiltIn">
<msg time="2024-06-28T07:15:20.999206" level="INFO">{'gender': 'male', 'name': {'title': 'Mr', 'first': 'Diemer', 'last': 'Treep'}, 'location': {'street': {'number': 7709, 'name': 'Halmaherastraat'}, 'city': 'Werkhoven', 'state': 'Flevoland', 'country': 'Netherlands', 'postcode': '6898 ED', 'coordinates': {'latitude': '33.5862', 'longitude': '-40.4985'}, 'timezone': {'offset': '0:00', 'description': 'Western Europe Time, London, Lisbon, Casablanca'}}, 'email': 'diemer.treep@example.com', 'login': {'uuid': '3b7cae2c-b431-403a-9a6b-a40299b08ce8', 'username': 'happypanda697', 'password': 'napster', 'salt': 'QrohamOx', 'md5': 'e0cdea3214d5ada57ca5182b9ef50ae2', 'sha1': '7f7dd0c6a06ca503d669d73c0bee0501ef407fcf', 'sha256': '975e1338bddf884949924e6a5cccf2815122c61b5242ce5a8544fdbfc111a560'}, 'dob': {'date': '1961-07-22T21:22:18.560Z', 'age': 62}, 'registered': {'date': '2003-05-28T14:31:42.215Z', 'age': 21}, 'phone': '(0861) 165932', 'cell': '(06) 57176248', 'id': {'name': 'BSN', 'value': '38861747'}, 'picture': {'large': 'https://randomuser.me/api/portraits/men/15.jpg', 'medium': 'https://randomuser.me/api/portraits/med/men/15.jpg', 'thumbnail': 'https://randomuser.me/api/portraits/thumb/men/15.jpg'}, 'nat': 'NL'}</msg>
<arg>${json_data['results'][0]}</arg>
<doc>Logs the given message with the given level.</doc>
<status status="PASS" start="2024-06-28T07:15:20.998853" elapsed="0.000433"/>
</kw>
<kw name="Log" owner="BuiltIn">
<msg time="2024-06-28T07:15:20.999714" level="INFO">gender</msg>
<arg>${key}</arg>
<doc>Logs the given message with the given level.</doc>
<status status="PASS" start="2024-06-28T07:15:20.999588" elapsed="0.000163"/>
</kw>
<var name="${key}">gender</var>
<status status="PASS" start="2024-06-28T07:15:20.998163" elapsed="0.001801"/>
</iter>
<iter>
<kw name="Dictionary Should Contain Key" owner="Collections">
<arg>${json_data['results'][0]}</arg>
<arg>${key}</arg>
<doc>Fails if ``key`` is not found from ``dictionary``.</doc>
<status status="PASS" start="2024-06-28T07:15:21.000260" elapsed="0.000388"/>
</kw>
<kw name="Log" owner="BuiltIn">
<msg time="2024-06-28T07:15:21.001213" level="INFO">{'gender': 'male', 'name': {'title': 'Mr', 'first': 'Diemer', 'last': 'Treep'}, 'location': {'street': {'number': 7709, 'name': 'Halmaherastraat'}, 'city': 'Werkhoven', 'state': 'Flevoland', 'country': 'Netherlands', 'postcode': '6898 ED', 'coordinates': {'latitude': '33.5862', 'longitude': '-40.4985'}, 'timezone': {'offset': '0:00', 'description': 'Western Europe Time, London, Lisbon, Casablanca'}}, 'email': 'diemer.treep@example.com', 'login': {'uuid': '3b7cae2c-b431-403a-9a6b-a40299b08ce8', 'username': 'happypanda697', 'password': 'napster', 'salt': 'QrohamOx', 'md5': 'e0cdea3214d5ada57ca5182b9ef50ae2', 'sha1': '7f7dd0c6a06ca503d669d73c0bee0501ef407fcf', 'sha256': '975e1338bddf884949924e6a5cccf2815122c61b5242ce5a8544fdbfc111a560'}, 'dob': {'date': '1961-07-22T21:22:18.560Z', 'age': 62}, 'registered': {'date': '2003-05-28T14:31:42.215Z', 'age': 21}, 'phone': '(0861) 165932', 'cell': '(06) 57176248', 'id': {'name': 'BSN', 'value': '38861747'}, 'picture': {'large': 'https://randomuser.me/api/portraits/men/15.jpg', 'medium': 'https://randomuser.me/api/portraits/med/men/15.jpg', 'thumbnail': 'https://randomuser.me/api/portraits/thumb/men/15.jpg'}, 'nat': 'NL'}</msg>
<arg>${json_data['results'][0]}</arg>
<doc>Logs the given message with the given level.</doc>
<status status="PASS" start="2024-06-28T07:15:21.000825" elapsed="0.000434"/>
</kw>
<kw name="Log" owner="BuiltIn">
<msg time="2024-06-28T07:15:21.001677" level="INFO">name</msg>
<arg>${key}</arg>
<doc>Logs the given message with the given level.</doc>
<status status="PASS" start="2024-06-28T07:15:21.001552" elapsed="0.000162"/>
</kw>
<var name="${key}">name</var>
<status status="PASS" start="2024-06-28T07:15:21.000145" elapsed="0.001779"/>
</iter>
<iter>
<kw name="Dictionary Should Contain Key" owner="Collections">
<arg>${json_data['results'][0]}</arg>
<arg>${key}</arg>
<doc>Fails if ``key`` is not found from ``dictionary``.</doc>
<status status="PASS" start="2024-06-28T07:15:21.002201" elapsed="0.000369"/>
</kw>
<kw name="Log" owner="BuiltIn">
<msg time="2024-06-28T07:15:21.003096" level="INFO">{'gender': 'male', 'name': {'title': 'Mr', 'first': 'Diemer', 'last': 'Treep'}, 'location': {'street': {'number': 7709, 'name': 'Halmaherastraat'}, 'city': 'Werkhoven', 'state': 'Flevoland', 'country': 'Netherlands', 'postcode': '6898 ED', 'coordinates': {'latitude': '33.5862', 'longitude': '-40.4985'}, 'timezone': {'offset': '0:00', 'description': 'Western Europe Time, London, Lisbon, Casablanca'}}, 'email': 'diemer.treep@example.com', 'login': {'uuid': '3b7cae2c-b431-403a-9a6b-a40299b08ce8', 'username': 'happypanda697', 'password': 'napster', 'salt': 'QrohamOx', 'md5': 'e0cdea3214d5ada57ca5182b9ef50ae2', 'sha1': '7f7dd0c6a06ca503d669d73c0bee0501ef407fcf', 'sha256': '975e1338bddf884949924e6a5cccf2815122c61b5242ce5a8544fdbfc111a560'}, 'dob': {'date': '1961-07-22T21:22:18.560Z', 'age': 62}, 'registered': {'date': '2003-05-28T14:31:42.215Z', 'age': 21}, 'phone': '(0861) 165932', 'cell': '(06) 57176248', 'id': {'name': 'BSN', 'value': '38861747'}, 'picture': {'large': 'https://randomuser.me/api/portraits/men/15.jpg', 'medium': 'https://randomuser.me/api/portraits/med/men/15.jpg', 'thumbnail': 'https://randomuser.me/api/portraits/thumb/men/15.jpg'}, 'nat': 'NL'}</msg>
<arg>${json_data['results'][0]}</arg>
<doc>Logs the given message with the given level.</doc>
<status status="PASS" start="2024-06-28T07:15:21.002747" elapsed="0.000395"/>
</kw>
<kw name="Log" owner="BuiltIn">
<msg time="2024-06-28T07:15:21.003595" level="INFO">location</msg>
<arg>${key}</arg>
<doc>Logs the given message with the given level.</doc>
<status status="PASS" start="2024-06-28T07:15:21.003467" elapsed="0.000164"/>
</kw>
<var name="${key}">location</var>
<status status="PASS" start="2024-06-28T07:15:21.002095" elapsed="0.001748"/>
</iter>
<iter>
<kw name="Dictionary Should Contain Key" owner="Collections">
<arg>${json_data['results'][0]}</arg>
<arg>${key}</arg>
<doc>Fails if ``key`` is not found from ``dictionary``.</doc>
<status status="PASS" start="2024-06-28T07:15:21.004113" elapsed="0.000383"/>
</kw>
<kw name="Log" owner="BuiltIn">
<msg time="2024-06-28T07:15:21.005025" level="INFO">{'gender': 'male', 'name': {'title': 'Mr', 'first': 'Diemer', 'last': 'Treep'}, 'location': {'street': {'number': 7709, 'name': 'Halmaherastraat'}, 'city': 'Werkhoven', 'state': 'Flevoland', 'country': 'Netherlands', 'postcode': '6898 ED', 'coordinates': {'latitude': '33.5862', 'longitude': '-40.4985'}, 'timezone': {'offset': '0:00', 'description': 'Western Europe Time, London, Lisbon, Casablanca'}}, 'email': 'diemer.treep@example.com', 'login': {'uuid': '3b7cae2c-b431-403a-9a6b-a40299b08ce8', 'username': 'happypanda697', 'password': 'napster', 'salt': 'QrohamOx', 'md5': 'e0cdea3214d5ada57ca5182b9ef50ae2', 'sha1': '7f7dd0c6a06ca503d669d73c0bee0501ef407fcf', 'sha256': '975e1338bddf884949924e6a5cccf2815122c61b5242ce5a8544fdbfc111a560'}, 'dob': {'date': '1961-07-22T21:22:18.560Z', 'age': 62}, 'registered': {'date': '2003-05-28T14:31:42.215Z', 'age': 21}, 'phone': '(0861) 165932', 'cell': '(06) 57176248', 'id': {'name': 'BSN', 'value': '38861747'}, 'picture': {'large': 'https://randomuser.me/api/portraits/men/15.jpg', 'medium': 'https://randomuser.me/api/portraits/med/men/15.jpg', 'thumbnail': 'https://randomuser.me/api/portraits/thumb/men/15.jpg'}, 'nat': 'NL'}</msg>
<arg>${json_data['results'][0]}</arg>
<doc>Logs the given message with the given level.</doc>
<status status="PASS" start="2024-06-28T07:15:21.004678" elapsed="0.000393"/>
</kw>
<kw name="Log" owner="BuiltIn">
<msg time="2024-06-28T07:15:21.005481" level="INFO">email</msg>
<arg>${key}</arg>
<doc>Logs the given message with the given level.</doc>
<status status="PASS" start="2024-06-28T07:15:21.005357" elapsed="0.000161"/>
</kw>
<var name="${key}">email</var>
<status status="PASS" start="2024-06-28T07:15:21.004009" elapsed="0.001721"/>
</iter>
<iter>
<kw name="Dictionary Should Contain Key" owner="Collections">
<arg>${json_data['results'][0]}</arg>
<arg>${key}</arg>
<doc>Fails if ``key`` is not found from ``dictionary``.</doc>
<status status="PASS" start="2024-06-28T07:15:21.006000" elapsed="0.000380"/>
</kw>
<kw name="Log" owner="BuiltIn">
<msg time="2024-06-28T07:15:21.006912" level="INFO">{'gender': 'male', 'name': {'title': 'Mr', 'first': 'Diemer', 'last': 'Treep'}, 'location': {'street': {'number': 7709, 'name': 'Halmaherastraat'}, 'city': 'Werkhoven', 'state': 'Flevoland', 'country': 'Netherlands', 'postcode': '6898 ED', 'coordinates': {'latitude': '33.5862', 'longitude': '-40.4985'}, 'timezone': {'offset': '0:00', 'description': 'Western Europe Time, London, Lisbon, Casablanca'}}, 'email': 'diemer.treep@example.com', 'login': {'uuid': '3b7cae2c-b431-403a-9a6b-a40299b08ce8', 'username': 'happypanda697', 'password': 'napster', 'salt': 'QrohamOx', 'md5': 'e0cdea3214d5ada57ca5182b9ef50ae2', 'sha1': '7f7dd0c6a06ca503d669d73c0bee0501ef407fcf', 'sha256': '975e1338bddf884949924e6a5cccf2815122c61b5242ce5a8544fdbfc111a560'}, 'dob': {'date': '1961-07-22T21:22:18.560Z', 'age': 62}, 'registered': {'date': '2003-05-28T14:31:42.215Z', 'age': 21}, 'phone': '(0861) 165932', 'cell': '(06) 57176248', 'id': {'name': 'BSN', 'value': '38861747'}, 'picture': {'large': 'https://randomuser.me/api/portraits/men/15.jpg', 'medium': 'https://randomuser.me/api/portraits/med/men/15.jpg', 'thumbnail': 'https://randomuser.me/api/portraits/thumb/men/15.jpg'}, 'nat': 'NL'}</msg>
<arg>${json_data['results'][0]}</arg>
<doc>Logs the given message with the given level.</doc>
<status status="PASS" start="2024-06-28T07:15:21.006558" elapsed="0.000399"/>
</kw>
<kw name="Log" owner="BuiltIn">
<msg time="2024-06-28T07:15:21.007407" level="INFO">login</msg>
<arg>${key}</arg>
<doc>Logs the given message with the given level.</doc>
<status status="PASS" start="2024-06-28T07:15:21.007275" elapsed="0.000169"/>
</kw>
<var name="${key}">login</var>
<status status="PASS" start="2024-06-28T07:15:21.005894" elapsed="0.001768"/>
</iter>
<var>${key}</var>
<value>@{expected_keys}</value>
<status status="PASS" start="2024-06-28T07:15:20.997969" elapsed="0.009811"/>
</for>
<kw name="Create List" owner="BuiltIn">
<msg time="2024-06-28T07:15:21.008132" level="INFO">${expected_keysTwo} = ['username', 'password']</msg>
<var>${expected_keysTwo}</var>
<arg>username</arg>
<arg>password</arg>
<doc>Returns a list containing given items.</doc>
<status status="PASS" start="2024-06-28T07:15:21.007996" elapsed="0.000159"/>
</kw>
<for flavor="IN">
<iter>
<kw name="Dictionary Should Contain Key" owner="Collections">
<arg>${json_data['results'][0]['login']}</arg>
<arg>${keyTwo}</arg>
<doc>Fails if ``key`` is not found from ``dictionary``.</doc>
<status status="PASS" start="2024-06-28T07:15:21.008648" elapsed="0.000383"/>
</kw>
<kw name="Dictionary Should Contain Key" owner="Collections">
<arg>${json_data['results'][0]['login']}</arg>
<arg>${keyTwo}</arg>
<doc>Fails if ``key`` is not found from ``dictionary``.</doc>
<status status="PASS" start="2024-06-28T07:15:21.009245" elapsed="0.000400"/>
</kw>
<kw name="Log" owner="BuiltIn">
<msg time="2024-06-28T07:15:21.009945" level="INFO">username</msg>
<arg>${keyTwo}</arg>
<doc>Logs the given message with the given level.</doc>
<status status="PASS" start="2024-06-28T07:15:21.009825" elapsed="0.000156"/>
</kw>
<var name="${keyTwo}">username</var>
<status status="PASS" start="2024-06-28T07:15:21.008541" elapsed="0.001659"/>
</iter>
<iter>
<kw name="Dictionary Should Contain Key" owner="Collections">
<arg>${json_data['results'][0]['login']}</arg>
<arg>${keyTwo}</arg>
<doc>Fails if ``key`` is not found from ``dictionary``.</doc>
<status status="PASS" start="2024-06-28T07:15:21.010473" elapsed="0.000378"/>
</kw>
<kw name="Dictionary Should Contain Key" owner="Collections">
<arg>${json_data['results'][0]['login']}</arg>
<arg>${keyTwo}</arg>
<doc>Fails if ``key`` is not found from ``dictionary``.</doc>
<status status="PASS" start="2024-06-28T07:15:21.011025" elapsed="0.000409"/>
</kw>
<kw name="Log" owner="BuiltIn">
<msg time="2024-06-28T07:15:21.011730" level="INFO">password</msg>
<arg>${keyTwo}</arg>
<doc>Logs the given message with the given level.</doc>
<status status="PASS" start="2024-06-28T07:15:21.011612" elapsed="0.000153"/>
</kw>
<var name="${keyTwo}">password</var>
<status status="PASS" start="2024-06-28T07:15:21.010367" elapsed="0.001706"/>
</iter>
<var>${keyTwo}</var>
<value>@{expected_keysTwo}</value>
<status status="PASS" start="2024-06-28T07:15:21.008388" elapsed="0.003805"/>
</for>
<status status="PASS" start="2024-06-28T07:15:20.899821" elapsed="0.112513"/>
</kw>
<doc>Testa a estrutura da resposta da API.</doc>
<tag>testeEstruturaResposta</tag>
<status status="PASS" start="2024-06-28T07:15:20.899221" elapsed="0.113264"/>
</test>
<test id="s1-s1-t4" name="Validar tipos de dados" line="28">
<kw name="Teste de Tipos de Dados" owner="random-user-service">
<kw name="GET On Session" owner="RequestsLibrary">
<msg time="2024-06-28T07:15:21.109857" level="INFO">GET Request : url=https://randomuser.me/api 
 path_url=/api 
 headers={'User-Agent': 'python-requests/2.32.3', 'Accept-Encoding': 'gzip, deflate', 'Accept': '*/*', 'Connection': 'keep-alive'} 
 body=None 
 </msg>
<msg time="2024-06-28T07:15:21.109949" level="INFO">GET Response : url=https://randomuser.me/api 
 status=200, reason=OK 
 headers={'Date': 'Fri, 28 Jun 2024 07:15:21 GMT', 'Content-Type': 'application/json; charset=utf-8', 'Transfer-Encoding': 'chunked', 'Connection': 'keep-alive', 'X-Powered-By': 'Express', 'Access-Control-Allow-Origin': '*', 'Cache-Control': 'no-cache', 'ETag': 'W/"49b-2Uxf/M6QUp0usWbbo0nIBmOvdAg"', 'Vary': 'Accept-Encoding', 'Content-Encoding': 'gzip', 'CF-Cache-Status': 'DYNAMIC', 'Report-To': '{"endpoints":[{"url":"https:\\/\\/a.nel.cloudflare.com\\/report\\/v4?s=1Pcqhz1N5NPHwDDdA%2BrnibvWzIuurEHWMiguH%2F2ZLOlpoIAtAGqN57yqszmQ%2FFPuZ1wRVmnv1fgI0y8izaG9iYfe6%2F5jiR%2BO7L9dd4QoLWXlFoX03YyRdcAcF1HZxizl"}],"group":"cf-nel","max_age":604800}', 'NEL': '{"success_fraction":0,"report_to":"cf-nel","max_age":604800}', 'Server': 'cloudflare', 'CF-RAY': '89abe2985c29fb50-SJC', 'alt-svc': 'h3=":443"; ma=86400'} 
 body={"results":[{"gender":"female","name":{"title":"Ms","first":"Serina","last":"Hilstad"},"location":{"street":{"number":970,"name":"Risløkkalléen"},"city":"Storsand","state":"Hordaland","country":"Norway","postcode":"3611","coordinates":{"latitude":"46.0346","longitude":"149.2311"},"timezone":{"offset":"+11:00","description":"Magadan, Solomon Islands, New Caledonia"}},"email":"serina.hilstad@example.com","login":{"uuid":"d5ff1bc5-d59d-4fdf-8911-1785919a9c9e","username":"beautifulbutterfly523","password":"alien","salt":"tKZ7Z0IK","md5":"1354d68f9b227144e2c3a1bd4693feca","sha1":"4c7c1dc7fc52e83370c89e09321f68a3d8d2d0f3","sha256":"c34ae5a3b898b4ceb21709030b4b4c1e2feda77c6582f5f75af437bd48745da2"},"dob":{"date":"1974-05-13T14:09:38.757Z","age":50},"registered":{"date":"2008-10-04T08:47:21.107Z","age":15},"phone":"26667697","cell":"91711047","id":{"name":"FN","value":"13057411885"},"picture":{"large":"https://randomuser.me/api/portraits/women/55.jpg","medium":"https://randomuser.me/api/portraits/med/women/55.jpg","thumbnail":"https://randomuser.me/api/portraits/thumb/women/55.jpg"},"nat":"NO"}],"info":{"seed":"f226195be4165536","results":1,"page":1,"version":"1.4"}} 
 </msg>
<msg time="2024-06-28T07:15:21.110020" level="INFO">/opt/hostedtoolcache/Python/3.12.4/x64/lib/python3.12/site-packages/urllib3/connectionpool.py:1099: InsecureRequestWarning: Unverified HTTPS request is being made to host 'randomuser.me'. Adding certificate verification is strongly advised. See: https://urllib3.readthedocs.io/en/latest/advanced-usage.html#tls-warnings
  warnings.warn(</msg>
<msg time="2024-06-28T07:15:21.110137" level="INFO">${response} = &lt;Response [200]&gt;</msg>
<var>${response}</var>
<arg>consultarAPI</arg>
<arg>/api</arg>
<doc>Sends a GET request on a previously created HTTP Session.</doc>
<status status="PASS" start="2024-06-28T07:15:21.015002" elapsed="0.095173"/>
</kw>
<kw name="Set Variable" owner="BuiltIn">
<msg time="2024-06-28T07:15:21.111169" level="INFO">${json_data} = {'results': [{'gender': 'female', 'name': {'title': 'Ms', 'first': 'Serina', 'last': 'Hilstad'}, 'location': {'street': {'number': 970, 'name': 'Risløkkalléen'}, 'city': 'Storsand', 'state': 'Hordalan...</msg>
<var>${json_data}</var>
<arg>${response.json()}</arg>
<doc>Returns the given values which can then be assigned to a variables.</doc>
<status status="PASS" start="2024-06-28T07:15:21.110655" elapsed="0.000547"/>
</kw>
<kw name="Log" owner="BuiltIn">
<msg time="2024-06-28T07:15:21.111707" level="INFO">{'results': [{'gender': 'female', 'name': {'title': 'Ms', 'first': 'Serina', 'last': 'Hilstad'}, 'location': {'street': {'number': 970, 'name': 'Risløkkalléen'}, 'city': 'Storsand', 'state': 'Hordaland', 'country': 'Norway', 'postcode': '3611', 'coordinates': {'latitude': '46.0346', 'longitude': '149.2311'}, 'timezone': {'offset': '+11:00', 'description': 'Magadan, Solomon Islands, New Caledonia'}}, 'email': 'serina.hilstad@example.com', 'login': {'uuid': 'd5ff1bc5-d59d-4fdf-8911-1785919a9c9e', 'username': 'beautifulbutterfly523', 'password': 'alien', 'salt': 'tKZ7Z0IK', 'md5': '1354d68f9b227144e2c3a1bd4693feca', 'sha1': '4c7c1dc7fc52e83370c89e09321f68a3d8d2d0f3', 'sha256': 'c34ae5a3b898b4ceb21709030b4b4c1e2feda77c6582f5f75af437bd48745da2'}, 'dob': {'date': '1974-05-13T14:09:38.757Z', 'age': 50}, 'registered': {'date': '2008-10-04T08:47:21.107Z', 'age': 15}, 'phone': '26667697', 'cell': '91711047', 'id': {'name': 'FN', 'value': '13057411885'}, 'picture': {'large': 'https://randomuser.me/api/portraits/women/55.jpg', 'medium': 'https://randomuser.me/api/portraits/med/women/55.jpg', 'thumbnail': 'https://randomuser.me/api/portraits/thumb/women/55.jpg'}, 'nat': 'NO'}], 'info': {'seed': 'f226195be4165536', 'results': 1, 'page': 1, 'version': '1.4'}}</msg>
<arg>${json_data}</arg>
<doc>Logs the given message with the given level.</doc>
<status status="PASS" start="2024-06-28T07:15:21.111550" elapsed="0.000206"/>
</kw>
<kw name="Should Be String" owner="String">
<arg>${json_data['results'][0]['gender']}</arg>
<doc>Fails if the given ``item`` is not a string.</doc>
<status status="PASS" start="2024-06-28T07:15:21.112043" elapsed="0.000368"/>
</kw>
<kw name="Should Match Regexp" owner="BuiltIn">
<arg>${json_data['results'][0]['email']}</arg>
<arg>^[a-zA-Z0-9._%+-]+@[a-zA-Z0-9.-]+\.[a-zA-Z]{2,}$</arg>
<doc>Fails if ``string`` does not match ``pattern`` as a regular expression.</doc>
<status status="PASS" start="2024-06-28T07:15:21.112635" elapsed="0.000529"/>
</kw>
<kw name="Should Match Regexp" owner="BuiltIn">
<arg>${json_data['results'][0]['dob']['date']}</arg>
<arg>\\d{4}-\\d{2}-\\d{2}T\\d{2}:\\d{2}:\\d{2}\\.\\d{3}Z</arg>
<doc>Fails if ``string`` does not match ``pattern`` as a regular expression.</doc>
<status status="PASS" start="2024-06-28T07:15:21.113355" elapsed="0.000479"/>
</kw>
<kw name="Should Match Regexp" owner="BuiltIn">
<arg>${json_data['results'][0]['registered']['date']}</arg>
<arg>\\d{4}-\\d{2}-\\d{2}T\\d{2}:\\d{2}:\\d{2}\\.\\d{3}Z</arg>
<doc>Fails if ``string`` does not match ``pattern`` as a regular expression.</doc>
<status status="PASS" start="2024-06-28T07:15:21.114024" elapsed="0.000369"/>
</kw>
<kw name="Should Match Regexp" owner="BuiltIn">
<arg>${json_data['results'][0]['picture']['large']}</arg>
<arg>^https?://.*\.(?:png|jpe?g|gif|bmp)$</arg>
<doc>Fails if ``string`` does not match ``pattern`` as a regular expression.</doc>
<status status="PASS" start="2024-06-28T07:15:21.114573" elapsed="0.000451"/>
</kw>
<kw name="Should Match Regexp" owner="BuiltIn">
<arg>${json_data['results'][0]['picture']['medium']}</arg>
<arg>^https?://.*\.(?:png|jpe?g|gif|bmp)$</arg>
<doc>Fails if ``string`` does not match ``pattern`` as a regular expression.</doc>
<status status="PASS" start="2024-06-28T07:15:21.115209" elapsed="0.000374"/>
</kw>
<kw name="Should Match Regexp" owner="BuiltIn">
<arg>${json_data['results'][0]['picture']['thumbnail']}</arg>
<arg>^https?://.*\.(?:png|jpe?g|gif|bmp)$</arg>
<doc>Fails if ``string`` does not match ``pattern`` as a regular expression.</doc>
<status status="PASS" start="2024-06-28T07:15:21.115764" elapsed="0.000350"/>
</kw>
<kw name="Log" owner="BuiltIn">
<msg time="2024-06-28T07:15:21.116620" level="INFO">{'large': 'https://randomuser.me/api/portraits/women/55.jpg', 'medium': 'https://randomuser.me/api/portraits/med/women/55.jpg', 'thumbnail': 'https://randomuser.me/api/portraits/thumb/women/55.jpg'}</msg>
<arg>${json_data['results'][0]['picture']}</arg>
<doc>Logs the given message with the given level.</doc>
<status status="PASS" start="2024-06-28T07:15:21.116291" elapsed="0.000370"/>
</kw>
<status status="PASS" start="2024-06-28T07:15:21.014782" elapsed="0.102138"/>
</kw>
<kw name="Teste de Tipos de Dados - Postcode" owner="random-user-service">
<kw name="GET On Session" owner="RequestsLibrary">
<msg time="2024-06-28T07:15:21.210858" level="INFO">GET Request : url=https://randomuser.me/api 
 path_url=/api 
 headers={'User-Agent': 'python-requests/2.32.3', 'Accept-Encoding': 'gzip, deflate', 'Accept': '*/*', 'Connection': 'keep-alive'} 
 body=None 
 </msg>
<msg time="2024-06-28T07:15:21.210946" level="INFO">GET Response : url=https://randomuser.me/api 
 status=200, reason=OK 
 headers={'Date': 'Fri, 28 Jun 2024 07:15:21 GMT', 'Content-Type': 'application/json; charset=utf-8', 'Transfer-Encoding': 'chunked', 'Connection': 'keep-alive', 'X-Powered-By': 'Express', 'Access-Control-Allow-Origin': '*', 'Cache-Control': 'no-cache', 'ETag': 'W/"49b-Qj5SodkLcFU7H0JSggnDeexWtck"', 'Vary': 'Accept-Encoding', 'Content-Encoding': 'gzip', 'CF-Cache-Status': 'DYNAMIC', 'Report-To': '{"endpoints":[{"url":"https:\\/\\/a.nel.cloudflare.com\\/report\\/v4?s=Dy7Ma3TeUaIf%2BsQgeKGj4OdqJn8i7BNzxJj66FDUi6Gxbh6ZwbfOdsMAvSlFYpvbNDdT%2B70DJLa9um36vMo%2F4dVlEp606Z2mKZhuMI7J8TB6C5s9SG43Fj3pVVuGUpyF"}],"group":"cf-nel","max_age":604800}', 'NEL': '{"success_fraction":0,"report_to":"cf-nel","max_age":604800}', 'Server': 'cloudflare', 'CF-RAY': '89abe298fca3fb50-SJC', 'alt-svc': 'h3=":443"; ma=86400'} 
 body={"results":[{"gender":"male","name":{"title":"Mr","first":"Jonathan","last":"Black"},"location":{"street":{"number":4113,"name":"Hillcrest Rd"},"city":"Hampton","state":"New Mexico","country":"United States","postcode":73950,"coordinates":{"latitude":"82.3580","longitude":"-48.3069"},"timezone":{"offset":"+8:00","description":"Beijing, Perth, Singapore, Hong Kong"}},"email":"jonathan.black@example.com","login":{"uuid":"81d6569b-fcef-463e-9b55-136ffff8e840","username":"goldengoose162","password":"raleigh","salt":"7X50ym3f","md5":"0218233310e867dbc91bea34e3e03475","sha1":"375a4b985909bf9e7e90180fc405f4e502ebd960","sha256":"06a3fb94acd6ccb25f4eb6f4644f989258838d1b790dd74617ba2d7daae4ab36"},"dob":{"date":"1957-06-24T14:37:48.597Z","age":67},"registered":{"date":"2010-11-06T15:13:51.876Z","age":13},"phone":"(999) 695-2003","cell":"(400) 972-4960","id":{"name":"SSN","value":"148-82-7691"},"picture":{"large":"https://randomuser.me/api/portraits/men/94.jpg","medium":"https://randomuser.me/api/portraits/med/men/94.jpg","thumbnail":"https://randomuser.me/api/portraits/thumb/men/94.jpg"},"nat":"US"}],"info":{"seed":"ec46de87f1aff865","results":1,"page":1,"version":"1.4"}} 
 </msg>
<msg time="2024-06-28T07:15:21.211016" level="INFO">/opt/hostedtoolcache/Python/3.12.4/x64/lib/python3.12/site-packages/urllib3/connectionpool.py:1099: InsecureRequestWarning: Unverified HTTPS request is being made to host 'randomuser.me'. Adding certificate verification is strongly advised. See: https://urllib3.readthedocs.io/en/latest/advanced-usage.html#tls-warnings
  warnings.warn(</msg>
<msg time="2024-06-28T07:15:21.211126" level="INFO">${response} = &lt;Response [200]&gt;</msg>
<var>${response}</var>
<arg>consultarAPI</arg>
<arg>/api</arg>
<doc>Sends a GET request on a previously created HTTP Session.</doc>
<status status="PASS" start="2024-06-28T07:15:21.117377" elapsed="0.093787"/>
</kw>
<kw name="Set Variable" owner="BuiltIn">
<msg time="2024-06-28T07:15:21.212178" level="INFO">${json_data} = {'results': [{'gender': 'male', 'name': {'title': 'Mr', 'first': 'Jonathan', 'last': 'Black'}, 'location': {'street': {'number': 4113, 'name': 'Hillcrest Rd'}, 'city': 'Hampton', 'state': 'New Mexico'...</msg>
<var>${json_data}</var>
<arg>${response.json()}</arg>
<doc>Returns the given values which can then be assigned to a variables.</doc>
<status status="PASS" start="2024-06-28T07:15:21.211676" elapsed="0.000530"/>
</kw>
<kw name="Log" owner="BuiltIn">
<msg time="2024-06-28T07:15:21.212669" level="INFO">{'results': [{'gender': 'male', 'name': {'title': 'Mr', 'first': 'Jonathan', 'last': 'Black'}, 'location': {'street': {'number': 4113, 'name': 'Hillcrest Rd'}, 'city': 'Hampton', 'state': 'New Mexico', 'country': 'United States', 'postcode': 73950, 'coordinates': {'latitude': '82.3580', 'longitude': '-48.3069'}, 'timezone': {'offset': '+8:00', 'description': 'Beijing, Perth, Singapore, Hong Kong'}}, 'email': 'jonathan.black@example.com', 'login': {'uuid': '81d6569b-fcef-463e-9b55-136ffff8e840', 'username': 'goldengoose162', 'password': 'raleigh', 'salt': '7X50ym3f', 'md5': '0218233310e867dbc91bea34e3e03475', 'sha1': '375a4b985909bf9e7e90180fc405f4e502ebd960', 'sha256': '06a3fb94acd6ccb25f4eb6f4644f989258838d1b790dd74617ba2d7daae4ab36'}, 'dob': {'date': '1957-06-24T14:37:48.597Z', 'age': 67}, 'registered': {'date': '2010-11-06T15:13:51.876Z', 'age': 13}, 'phone': '(999) 695-2003', 'cell': '(400) 972-4960', 'id': {'name': 'SSN', 'value': '148-82-7691'}, 'picture': {'large': 'https://randomuser.me/api/portraits/men/94.jpg', 'medium': 'https://randomuser.me/api/portraits/med/men/94.jpg', 'thumbnail': 'https://randomuser.me/api/portraits/thumb/men/94.jpg'}, 'nat': 'US'}], 'info': {'seed': 'ec46de87f1aff865', 'results': 1, 'page': 1, 'version': '1.4'}}</msg>
<arg>${json_data}</arg>
<doc>Logs the given message with the given level.</doc>
<status status="PASS" start="2024-06-28T07:15:21.212510" elapsed="0.000208"/>
</kw>
<kw name="Should Be Equal As Numbers" owner="BuiltIn">
<arg>${json_data['results'][0]['location']['postcode']}</arg>
<arg>${json_data['results'][0]['location']['postcode']}</arg>
<doc>Fails if objects are unequal after converting them to real numbers.</doc>
<status status="PASS" start="2024-06-28T07:15:21.213015" elapsed="0.000618"/>
</kw>
<kw name="Log" owner="BuiltIn">
<msg time="2024-06-28T07:15:21.214365" level="INFO">73950</msg>
<arg>${json_data['results'][0]['location']['postcode']}</arg>
<doc>Logs the given message with the given level.</doc>
<status status="PASS" start="2024-06-28T07:15:21.213859" elapsed="0.000546"/>
</kw>
<status status="PASS" start="2024-06-28T07:15:21.117149" elapsed="0.097512"/>
</kw>
<doc>Testa se os tipos de dados na resposta da API estão corretos.</doc>
<tag>testeTiposDados</tag>
<status status="PASS" start="2024-06-28T07:15:21.014254" elapsed="0.200575"/>
</test>
<test id="s1-s1-t5" name="Validar conteudo" line="35">
<kw name="Teste de Tipos de Conteudo" owner="random-user-service">
<kw name="GET On Session" owner="RequestsLibrary">
<msg time="2024-06-28T07:15:21.311200" level="INFO">GET Request : url=https://randomuser.me/api 
 path_url=/api 
 headers={'User-Agent': 'python-requests/2.32.3', 'Accept-Encoding': 'gzip, deflate', 'Accept': '*/*', 'Connection': 'keep-alive'} 
 body=None 
 </msg>
<msg time="2024-06-28T07:15:21.311319" level="INFO">GET Response : url=https://randomuser.me/api 
 status=200, reason=OK 
 headers={'Date': 'Fri, 28 Jun 2024 07:15:21 GMT', 'Content-Type': 'application/json; charset=utf-8', 'Transfer-Encoding': 'chunked', 'Connection': 'keep-alive', 'X-Powered-By': 'Express', 'Access-Control-Allow-Origin': '*', 'Cache-Control': 'no-cache', 'ETag': 'W/"476-hPVsk5QEVR/+MUIpfP8mZWRXLnk"', 'Vary': 'Accept-Encoding', 'Content-Encoding': 'gzip', 'CF-Cache-Status': 'DYNAMIC', 'Report-To': '{"endpoints":[{"url":"https:\\/\\/a.nel.cloudflare.com\\/report\\/v4?s=WUFeOa8SNeSgJBcGzTcLkWrScEQqoQOfmXQ%2FDaRzcmwMg2sWyJjMWLx%2Br9M8Bpg63aoCFPAJqIK62f5Aoc25Ra7VFSp91XO3tC26WoZKPL89qbsgMFsPhRzF%2FhTQhD2L"}],"group":"cf-nel","max_age":604800}', 'NEL': '{"success_fraction":0,"report_to":"cf-nel","max_age":604800}', 'Server': 'cloudflare', 'CF-RAY': '89abe2999d02fb50-SJC', 'alt-svc': 'h3=":443"; ma=86400'} 
 body={"results":[{"gender":"female","name":{"title":"Miss","first":"Rosie","last":"Brady"},"location":{"street":{"number":991,"name":"George Street"},"city":"Wicklow","state":"South Dublin","country":"Ireland","postcode":49047,"coordinates":{"latitude":"-2.0381","longitude":"79.5517"},"timezone":{"offset":"+5:45","description":"Kathmandu"}},"email":"rosie.brady@example.com","login":{"uuid":"d10c13fd-605b-4949-b726-7d672e3f5c17","username":"greenkoala854","password":"blue12","salt":"avRIqM8B","md5":"d43fa9f07ee1f2bf33804f3794c86a8a","sha1":"2f9aac676336f2451a54a6dc7e0c2f779de604c6","sha256":"dcd27e19730a2497da33cb2cd0a5a64adcef6c6e2350d937ccdf004d0c08b24e"},"dob":{"date":"1969-01-12T23:22:01.554Z","age":55},"registered":{"date":"2011-09-25T04:31:13.392Z","age":12},"phone":"071-193-7046","cell":"081-181-8122","id":{"name":"PPS","value":"5193110T"},"picture":{"large":"https://randomuser.me/api/portraits/women/17.jpg","medium":"https://randomuser.me/api/portraits/med/women/17.jpg","thumbnail":"https://randomuser.me/api/portraits/thumb/women/17.jpg"},"nat":"IE"}],"info":{"seed":"c73858a2eb9258b5","results":1,"page":1,"version":"1.4"}} 
 </msg>
<msg time="2024-06-28T07:15:21.311388" level="INFO">/opt/hostedtoolcache/Python/3.12.4/x64/lib/python3.12/site-packages/urllib3/connectionpool.py:1099: InsecureRequestWarning: Unverified HTTPS request is being made to host 'randomuser.me'. Adding certificate verification is strongly advised. See: https://urllib3.readthedocs.io/en/latest/advanced-usage.html#tls-warnings
  warnings.warn(</msg>
<msg time="2024-06-28T07:15:21.311497" level="INFO">${response} = &lt;Response [200]&gt;</msg>
<var>${response}</var>
<arg>consultarAPI</arg>
<arg>/api</arg>
<doc>Sends a GET request on a previously created HTTP Session.</doc>
<status status="PASS" start="2024-06-28T07:15:21.217397" elapsed="0.094139"/>
</kw>
<kw name="Set Variable" owner="BuiltIn">
<msg time="2024-06-28T07:15:21.312703" level="INFO">${json_data} = {'results': [{'gender': 'female', 'name': {'title': 'Miss', 'first': 'Rosie', 'last': 'Brady'}, 'location': {'street': {'number': 991, 'name': 'George Street'}, 'city': 'Wicklow', 'state': 'South Dubl...</msg>
<var>${json_data}</var>
<arg>${response.json()}</arg>
<doc>Returns the given values which can then be assigned to a variables.</doc>
<status status="PASS" start="2024-06-28T07:15:21.312142" elapsed="0.000589"/>
</kw>
<kw name="Set Variable" owner="BuiltIn">
<msg time="2024-06-28T07:15:21.313467" level="INFO">${name_title} = Miss</msg>
<var>${name_title}</var>
<arg>${json_data["results"][0]["name"]["title"]}</arg>
<doc>Returns the given values which can then be assigned to a variables.</doc>
<status status="PASS" start="2024-06-28T07:15:21.313047" elapsed="0.000445"/>
</kw>
<kw name="Create List" owner="BuiltIn">
<msg time="2024-06-28T07:15:21.313933" level="INFO">${allowed_titles} = ['Mr', 'Ms', 'Miss', 'Mrs', 'Madame', 'Monsieur']</msg>
<var>${allowed_titles}</var>
<arg>Mr</arg>
<arg>Ms</arg>
<arg>Miss</arg>
<arg>Mrs</arg>
<arg>Madame</arg>
<arg>Monsieur</arg>
<doc>Returns a list containing given items.</doc>
<status status="PASS" start="2024-06-28T07:15:21.313786" elapsed="0.000171"/>
</kw>
<kw name="List Should Contain Value" owner="Collections">
<arg>${allowed_titles}</arg>
<arg>${name_title}</arg>
<doc>Fails if the ``value`` is not found from ``list``.</doc>
<status status="PASS" start="2024-06-28T07:15:21.314252" elapsed="0.000183"/>
</kw>
<kw name="Set Variable" owner="BuiltIn">
<msg time="2024-06-28T07:15:21.314989" level="INFO">${name_country} = IE</msg>
<var>${name_country}</var>
<arg>${json_data["results"][0]["nat"]}</arg>
<doc>Returns the given values which can then be assigned to a variables.</doc>
<status status="PASS" start="2024-06-28T07:15:21.314618" elapsed="0.000395"/>
</kw>
<kw name="Create List" owner="BuiltIn">
<msg time="2024-06-28T07:15:21.315939" level="INFO">${list_country} = ['AD', 'AE', 'AF', 'AG', 'AI', 'AL', 'AM', 'AO', 'AQ', 'AR', 'AS', 'AT', 'AU', 'AW', 'AX', 'AZ', 'BA', 'BB', 'BD', 'BE', 'BF', 'BG', 'BH', 'BI', 'BJ', 'BL', 'BM', 'BN', 'BO', 'BQ', 'BR', 'BS', 'BT', '...</msg>
<var>${list_country}</var>
<arg>AD</arg>
<arg>AE</arg>
<arg>AF</arg>
<arg>AG</arg>
<arg>AI</arg>
<arg>AL</arg>
<arg>AM</arg>
<arg>AO</arg>
<arg>AQ</arg>
<arg>AR</arg>
<arg>AS</arg>
<arg>AT</arg>
<arg>AU</arg>
<arg>AW</arg>
<arg>AX</arg>
<arg>AZ</arg>
<arg>BA</arg>
<arg>BB</arg>
<arg>BD</arg>
<arg>BE</arg>
<arg>BF</arg>
<arg>BG</arg>
<arg>BH</arg>
<arg>BI</arg>
<arg>BJ</arg>
<arg>BL</arg>
<arg>BM</arg>
<arg>BN</arg>
<arg>BO</arg>
<arg>BQ</arg>
<arg>BR</arg>
<arg>BS</arg>
<arg>BT</arg>
<arg>BV</arg>
<arg>BW</arg>
<arg>BY</arg>
<arg>BZ</arg>
<arg>CA</arg>
<arg>CC</arg>
<arg>CD</arg>
<arg>CF</arg>
<arg>CG</arg>
<arg>CH</arg>
<arg>CI</arg>
<arg>CK</arg>
<arg>CL</arg>
<arg>CM</arg>
<arg>CN</arg>
<arg>CO</arg>
<arg>CR</arg>
<arg>CU</arg>
<arg>CV</arg>
<arg>CW</arg>
<arg>CX</arg>
<arg>CY</arg>
<arg>CZ</arg>
<arg>DE</arg>
<arg>DJ</arg>
<arg>DK</arg>
<arg>DM</arg>
<arg>DO</arg>
<arg>DZ</arg>
<arg>EC</arg>
<arg>EE</arg>
<arg>EG</arg>
<arg>EH</arg>
<arg>ER</arg>
<arg>ES</arg>
<arg>ET</arg>
<arg>FI</arg>
<arg>FJ</arg>
<arg>FK</arg>
<arg>FM</arg>
<arg>FO</arg>
<arg>FR</arg>
<arg>GA</arg>
<arg>GB</arg>
<arg>GD</arg>
<arg>GE</arg>
<arg>GF</arg>
<arg>GG</arg>
<arg>GH</arg>
<arg>GI</arg>
<arg>GL</arg>
<arg>GM</arg>
<arg>GN</arg>
<arg>GP</arg>
<arg>GQ</arg>
<arg>GR</arg>
<arg>GS</arg>
<arg>GT</arg>
<arg>GU</arg>
<arg>GW</arg>
<arg>GY</arg>
<arg>HK</arg>
<arg>HM</arg>
<arg>HN</arg>
<arg>HR</arg>
<arg>HT</arg>
<arg>HU</arg>
<arg>ID</arg>
<arg>IE</arg>
<arg>IL</arg>
<arg>IM</arg>
<arg>IN</arg>
<arg>IO</arg>
<arg>IQ</arg>
<arg>IR</arg>
<arg>IS</arg>
<arg>IT</arg>
<arg>JE</arg>
<arg>JM</arg>
<arg>JO</arg>
<arg>JP</arg>
<arg>KE</arg>
<arg>KG</arg>
<arg>KH</arg>
<arg>KI</arg>
<arg>KM</arg>
<arg>KN</arg>
<arg>KP</arg>
<arg>KR</arg>
<arg>KW</arg>
<arg>KY</arg>
<arg>KZ</arg>
<arg>LA</arg>
<arg>LB</arg>
<arg>LC</arg>
<arg>LI</arg>
<arg>LK</arg>
<arg>LR</arg>
<arg>LS</arg>
<arg>LT</arg>
<arg>LU</arg>
<arg>LV</arg>
<arg>LY</arg>
<arg>MA</arg>
<arg>MC</arg>
<arg>MD</arg>
<arg>ME</arg>
<arg>MF</arg>
<arg>MG</arg>
<arg>MH</arg>
<arg>MK</arg>
<arg>ML</arg>
<arg>MM</arg>
<arg>MN</arg>
<arg>MO</arg>
<arg>MP</arg>
<arg>MQ</arg>
<arg>MR</arg>
<arg>MS</arg>
<arg>MT</arg>
<arg>MU</arg>
<arg>MV</arg>
<arg>MW</arg>
<arg>MX</arg>
<arg>MY</arg>
<arg>MZ</arg>
<arg>NA</arg>
<arg>NC</arg>
<arg>NE</arg>
<arg>NF</arg>
<arg>NG</arg>
<arg>NI</arg>
<arg>NL</arg>
<arg>NO</arg>
<arg>NP</arg>
<arg>NR</arg>
<arg>NU</arg>
<arg>NZ</arg>
<arg>OM</arg>
<arg>PA</arg>
<arg>PE</arg>
<arg>PF</arg>
<arg>PG</arg>
<arg>PH</arg>
<arg>PK</arg>
<arg>PL</arg>
<arg>PM</arg>
<arg>PN</arg>
<arg>PR</arg>
<arg>PS</arg>
<arg>PT</arg>
<arg>PW</arg>
<arg>PY</arg>
<arg>QA</arg>
<arg>RE</arg>
<arg>RO</arg>
<arg>RS</arg>
<arg>RU</arg>
<arg>RW</arg>
<arg>SA</arg>
<arg>SB</arg>
<arg>SC</arg>
<arg>SD</arg>
<arg>SE</arg>
<arg>SG</arg>
<arg>SH</arg>
<arg>SI</arg>
<arg>SJ</arg>
<arg>SK</arg>
<arg>SL</arg>
<arg>SM</arg>
<arg>SN</arg>
<arg>SO</arg>
<arg>SR</arg>
<arg>SS</arg>
<arg>ST</arg>
<arg>SV</arg>
<arg>SX</arg>
<arg>SY</arg>
<arg>SZ</arg>
<arg>TC</arg>
<arg>TD</arg>
<arg>TF</arg>
<arg>TG</arg>
<arg>TH</arg>
<arg>TJ</arg>
<arg>TK</arg>
<arg>TL</arg>
<arg>TM</arg>
<arg>TN</arg>
<arg>TO</arg>
<arg>TR</arg>
<arg>TT</arg>
<arg>TV</arg>
<arg>TW</arg>
<arg>TZ</arg>
<arg>UA</arg>
<arg>UG</arg>
<arg>UM</arg>
<arg>US</arg>
<arg>UY</arg>
<arg>UZ</arg>
<arg>VA</arg>
<arg>VC</arg>
<arg>VE</arg>
<arg>VG</arg>
<arg>VI</arg>
<arg>VN</arg>
<arg>VU</arg>
<arg>WF</arg>
<arg>WS</arg>
<arg>XK</arg>
<arg>YE</arg>
<arg>YT</arg>
<arg>ZA</arg>
<arg>ZM</arg>
<arg>ZW</arg>
<doc>Returns a list containing given items.</doc>
<status status="PASS" start="2024-06-28T07:15:21.315335" elapsed="0.000629"/>
</kw>
<kw name="List Should Contain Value" owner="Collections">
<arg>${list_country}</arg>
<arg>${name_country}</arg>
<doc>Fails if the ``value`` is not found from ``list``.</doc>
<status status="PASS" start="2024-06-28T07:15:21.316761" elapsed="0.000200"/>
</kw>
<kw name="Run Keyword If" owner="BuiltIn">
<kw name="Should Be True" owner="BuiltIn">
<arg>${True}</arg>
<doc>Fails if the given condition is not true.</doc>
<status status="PASS" start="2024-06-28T07:15:21.317896" elapsed="0.000142"/>
</kw>
<arg>${json_data["results"][0]["location"]["coordinates"]["latitude"]} &gt;= -90 and ${json_data["results"][0]["location"]["coordinates"]["latitude"]} &lt;= 90</arg>
<arg>Should Be True</arg>
<arg>${True}</arg>
<doc>Runs the given keyword with the given arguments, if ``condition`` is true.</doc>
<status status="PASS" start="2024-06-28T07:15:21.317154" elapsed="0.001008"/>
</kw>
<kw name="Run Keyword If" owner="BuiltIn">
<kw name="Should Be True" owner="BuiltIn">
<arg>${True}</arg>
<doc>Fails if the given condition is not true.</doc>
<status status="PASS" start="2024-06-28T07:15:21.319020" elapsed="0.000274"/>
</kw>
<arg>${json_data["results"][0]["location"]["coordinates"]["longitude"]} &gt;= -180 and ${json_data["results"][0]["location"]["coordinates"]["longitude"]} &lt;= 180</arg>
<arg>Should Be True</arg>
<arg>${True}</arg>
<doc>Runs the given keyword with the given arguments, if ``condition`` is true.</doc>
<status status="PASS" start="2024-06-28T07:15:21.318340" elapsed="0.001091"/>
</kw>
<status status="PASS" start="2024-06-28T07:15:21.217172" elapsed="0.102394"/>
</kw>
<doc>Testa o conteúdo específico dos campos retornados pela API.</doc>
<tag>testeConteudo</tag>
<status status="PASS" start="2024-06-28T07:15:21.216641" elapsed="0.103077"/>
</test>
<status status="PASS" start="2024-06-28T07:15:20.412523" elapsed="0.909182"/>
</suite>
<status status="PASS" start="2024-06-28T07:15:20.397836" elapsed="0.928957"/>
</suite>
<statistics>
<total>
<stat pass="5" fail="0" skip="0">All Tests</stat>
</total>
<tag>
<stat pass="1" fail="0" skip="0">testeConteudo</stat>
<stat pass="1" fail="0" skip="0">testeEstruturaResposta</stat>
<stat pass="1" fail="0" skip="0">testeRequisicaoBasica</stat>
<stat pass="1" fail="0" skip="0">testeTiposDados</stat>
</tag>
<suite>
<stat pass="5" fail="0" skip="0" id="s1" name="Tests">Tests</stat>
<stat pass="5" fail="0" skip="0" id="s1-s1" name="Random-User-Test">Tests.Random-User-Test</stat>
</suite>
</statistics>
<errors>
</errors>
</robot>
