<?xml version="1.0" encoding="UTF-8"?>
<robot generator="Robot 7.0 (Python 3.12.3 on linux)" generated="2024-06-09T08:17:21.166245" rpa="false" schemaversion="5">
<suite id="s1" name="Tests" source="/home/runner/work/ApiRandomUser/ApiRandomUser/RamdonUser/tests">
<suite id="s1-s1" name="Random-User-Test" source="/home/runner/work/ApiRandomUser/ApiRandomUser/RamdonUser/tests/random-user-test.robot">
<test id="s1-s1-t1" name="Conectar" line="13">
<kw name="Conectar API" owner="random-user-service">
<kw name="Create Session" owner="RequestsLibrary">
<msg time="2024-06-09T08:17:21.592802" level="INFO">Creating Session using : alias=consultarAPI, url=https://randomuser.me/, headers={},                     cookies={}, auth=None, timeout=None, proxies=None, verify=False,                     debug=0 </msg>
<arg>consultarAPI</arg>
<arg>${URL}</arg>
<doc>Create Session: create a HTTP session to a server</doc>
<status status="PASS" start="2024-06-09T08:17:21.592593" elapsed="0.000405"/>
</kw>
<status status="PASS" start="2024-06-09T08:17:21.591524" elapsed="0.001852"/>
</kw>
<status status="PASS" start="2024-06-09T08:17:21.590777" elapsed="0.002795"/>
</test>
<test id="s1-s1-t2" name="Validar retorno 200 e JSON Válido" line="16">
<kw name="Teste de Requisicao Basica" owner="random-user-service">
<kw name="GET On Session" owner="RequestsLibrary">
<msg time="2024-06-09T08:17:21.790970" level="INFO">GET Request : url=https://randomuser.me/api 
 path_url=/api 
 headers={'User-Agent': 'python-requests/2.32.3', 'Accept-Encoding': 'gzip, deflate', 'Accept': '*/*', 'Connection': 'keep-alive'} 
 body=None 
 </msg>
<msg time="2024-06-09T08:17:21.791129" level="INFO">GET Response : url=https://randomuser.me/api 
 status=200, reason=OK 
 headers={'Date': 'Sun, 09 Jun 2024 08:17:21 GMT', 'Content-Type': 'application/json; charset=utf-8', 'Transfer-Encoding': 'chunked', 'Connection': 'keep-alive', 'X-Powered-By': 'Express', 'Access-Control-Allow-Origin': '*', 'Cache-Control': 'no-cache', 'ETag': 'W/"47e-Bg3cvVXLxsJywoc3dUwQ40q1hDY"', 'Vary': 'Accept-Encoding', 'Content-Encoding': 'gzip', 'CF-Cache-Status': 'DYNAMIC', 'Report-To': '{"endpoints":[{"url":"https:\\/\\/a.nel.cloudflare.com\\/report\\/v4?s=ZkIIgDQ4j5cM6mzehAtfgx1ULvGsY0ylvEdMqa4Ip4P8ru4d71nfCfjdAW%2BLmiSTIbDZB7vQnQDIcpZw6eXfTTcCbjr6huvbLTgdzcruA8vzQXshdeNmfUheyVq0RX2h"}],"group":"cf-nel","max_age":604800}', 'NEL': '{"success_fraction":0,"report_to":"cf-nel","max_age":604800}', 'Server': 'cloudflare', 'CF-RAY': '890faf4e8f7f0fc6-LAX', 'alt-svc': 'h3=":443"; ma=86400'} 
 body={"results":[{"gender":"male","name":{"title":"Mr","first":"Domenico","last":"Münz"},"location":{"street":{"number":8573,"name":"Waldstraße"},"city":"Michelstadt","state":"Bremen","country":"Germany","postcode":65906,"coordinates":{"latitude":"-52.0554","longitude":"-25.7367"},"timezone":{"offset":"+9:30","description":"Adelaide, Darwin"}},"email":"domenico.munz@example.com","login":{"uuid":"39edf849-d03a-43a9-a390-ac275a3992e1","username":"organicbear672","password":"cang","salt":"1anPmQMy","md5":"351de16f36c0e4c66cd26c1d450aac6c","sha1":"27244c39ae053ec8323d194732525d8b177d4a30","sha256":"593d51d440e2705718eb89d40513faf82b8d0156aa76b244e316147bc2f1fef7"},"dob":{"date":"1990-05-15T05:28:47.748Z","age":34},"registered":{"date":"2005-02-04T16:05:46.919Z","age":19},"phone":"0362-6518028","cell":"0175-6590319","id":{"name":"SVNR","value":"14 150590 M 125"},"picture":{"large":"https://randomuser.me/api/portraits/men/46.jpg","medium":"https://randomuser.me/api/portraits/med/men/46.jpg","thumbnail":"https://randomuser.me/api/portraits/thumb/men/46.jpg"},"nat":"DE"}],"info":{"seed":"d50a3514297a9ffa","results":1,"page":1,"version":"1.4"}} 
 </msg>
<msg time="2024-06-09T08:17:21.791217" level="INFO">/opt/hostedtoolcache/Python/3.12.3/x64/lib/python3.12/site-packages/urllib3/connectionpool.py:1103: InsecureRequestWarning: Unverified HTTPS request is being made to host 'randomuser.me'. Adding certificate verification is strongly advised. See: https://urllib3.readthedocs.io/en/latest/advanced-usage.html#tls-warnings
  warnings.warn(</msg>
<msg time="2024-06-09T08:17:21.791359" level="INFO">${response} = &lt;Response [200]&gt;</msg>
<var>${response}</var>
<arg>consultarAPI</arg>
<arg>/api</arg>
<doc>Sends a GET request on a previously created HTTP Session.</doc>
<status status="PASS" start="2024-06-09T08:17:21.596295" elapsed="0.195107"/>
</kw>
<kw name="Should Be Equal As Numbers" owner="BuiltIn">
<msg time="2024-06-09T08:17:21.792460" level="INFO">Argument types are:
&lt;class 'int'&gt;
&lt;class 'str'&gt;</msg>
<arg>${response.status_code}</arg>
<arg>200</arg>
<doc>Fails if objects are unequal after converting them to real numbers.</doc>
<status status="PASS" start="2024-06-09T08:17:21.791977" elapsed="0.000550"/>
</kw>
<kw name="Log" owner="BuiltIn">
<msg time="2024-06-09T08:17:21.793221" level="INFO">200</msg>
<arg>${response.status_code}</arg>
<doc>Logs the given message with the given level.</doc>
<status status="PASS" start="2024-06-09T08:17:21.792870" elapsed="0.000400"/>
</kw>
<kw name="Set Variable" owner="BuiltIn">
<msg time="2024-06-09T08:17:21.794033" level="INFO">${json_data} = {'results': [{'gender': 'male', 'name': {'title': 'Mr', 'first': 'Domenico', 'last': 'Münz'}, 'location': {'street': {'number': 8573, 'name': 'Waldstraße'}, 'city': 'Michelstadt', 'state': 'Bremen', '...</msg>
<var>${json_data}</var>
<arg>${response.json()}</arg>
<doc>Returns the given values which can then be assigned to a variables.</doc>
<status status="PASS" start="2024-06-09T08:17:21.793591" elapsed="0.000474"/>
</kw>
<kw name="Dictionary Should Contain Key" owner="Collections">
<msg time="2024-06-09T08:17:21.794602" level="INFO">False</msg>
<arg>${json_data}</arg>
<arg>results</arg>
<doc>Fails if ``key`` is not found from ``dictionary``.</doc>
<status status="PASS" start="2024-06-09T08:17:21.794426" elapsed="0.000386"/>
</kw>
<status status="PASS" start="2024-06-09T08:17:21.596051" elapsed="0.199031"/>
</kw>
<doc>Testa se a API responde corretamente e retorna um objeto JSON válido.</doc>
<tag>testeRequisicaoBasica</tag>
<status status="PASS" start="2024-06-09T08:17:21.595525" elapsed="0.199747"/>
</test>
<test id="s1-s1-t3" name="Validar estrutura de resposta" line="22">
<kw name="Teste de Estrutura de Resposta" owner="random-user-service">
<kw name="GET On Session" owner="RequestsLibrary">
<msg time="2024-06-09T08:17:21.893880" level="INFO">GET Request : url=https://randomuser.me/api 
 path_url=/api 
 headers={'User-Agent': 'python-requests/2.32.3', 'Accept-Encoding': 'gzip, deflate', 'Accept': '*/*', 'Connection': 'keep-alive'} 
 body=None 
 </msg>
<msg time="2024-06-09T08:17:21.893988" level="INFO">GET Response : url=https://randomuser.me/api 
 status=200, reason=OK 
 headers={'Date': 'Sun, 09 Jun 2024 08:17:21 GMT', 'Content-Type': 'application/json; charset=utf-8', 'Transfer-Encoding': 'chunked', 'Connection': 'keep-alive', 'X-Powered-By': 'Express', 'Access-Control-Allow-Origin': '*', 'Cache-Control': 'no-cache', 'ETag': 'W/"48c-7uXA0BsO0x8fep/eHxioJGJcRJ0"', 'Vary': 'Accept-Encoding', 'Content-Encoding': 'gzip', 'CF-Cache-Status': 'DYNAMIC', 'Report-To': '{"endpoints":[{"url":"https:\\/\\/a.nel.cloudflare.com\\/report\\/v4?s=UYs4LV%2F9tMzfxU5wbaxq3aZs31h%2BadoAgXAvf4H6JDVEBqFKuZM1fVs7FL9U9xq2QTqL7PFBOKMFGV3aQdSIOlAz13glAGMwmR9OfDt2XtyvaY7FJLwGpl8z2lI1CvsP"}],"group":"cf-nel","max_age":604800}', 'NEL': '{"success_fraction":0,"report_to":"cf-nel","max_age":604800}', 'Server': 'cloudflare', 'CF-RAY': '890faf4f484f0fc6-LAX', 'alt-svc': 'h3=":443"; ma=86400'} 
 body={"results":[{"gender":"male","name":{"title":"Mr","first":"Seth","last":"Juffer"},"location":{"street":{"number":6006,"name":"Duurswold"},"city":"Leeuwarden","state":"Overijssel","country":"Netherlands","postcode":"7000 EU","coordinates":{"latitude":"31.2107","longitude":"-18.0396"},"timezone":{"offset":"-3:00","description":"Brazil, Buenos Aires, Georgetown"}},"email":"seth.juffer@example.com","login":{"uuid":"d55977b9-0ad8-4049-be7f-71334559faf0","username":"heavyzebra534","password":"turbo1","salt":"cN2FarKE","md5":"10a00251d99d6bb63aa1b9ee2bf0136a","sha1":"67add0d0d8d4d748ad94980291c4c27d3374c74c","sha256":"045f48f2c1f1bc59ce41dc095c0872d1cef7f0781b730b299adf06b6260a99fb"},"dob":{"date":"1949-11-28T04:39:16.586Z","age":74},"registered":{"date":"2006-11-30T01:36:10.507Z","age":17},"phone":"(0608) 042541","cell":"(06) 35703336","id":{"name":"BSN","value":"99018594"},"picture":{"large":"https://randomuser.me/api/portraits/men/23.jpg","medium":"https://randomuser.me/api/portraits/med/men/23.jpg","thumbnail":"https://randomuser.me/api/portraits/thumb/men/23.jpg"},"nat":"NL"}],"info":{"seed":"239ecabcfd1bfbec","results":1,"page":1,"version":"1.4"}} 
 </msg>
<msg time="2024-06-09T08:17:21.894122" level="INFO">/opt/hostedtoolcache/Python/3.12.3/x64/lib/python3.12/site-packages/urllib3/connectionpool.py:1103: InsecureRequestWarning: Unverified HTTPS request is being made to host 'randomuser.me'. Adding certificate verification is strongly advised. See: https://urllib3.readthedocs.io/en/latest/advanced-usage.html#tls-warnings
  warnings.warn(</msg>
<msg time="2024-06-09T08:17:21.894281" level="INFO">${response} = &lt;Response [200]&gt;</msg>
<var>${response}</var>
<arg>consultarAPI</arg>
<arg>/api</arg>
<doc>Sends a GET request on a previously created HTTP Session.</doc>
<status status="PASS" start="2024-06-09T08:17:21.797946" elapsed="0.096376"/>
</kw>
<kw name="Set Variable" owner="BuiltIn">
<msg time="2024-06-09T08:17:21.895417" level="INFO">${json_data} = {'results': [{'gender': 'male', 'name': {'title': 'Mr', 'first': 'Seth', 'last': 'Juffer'}, 'location': {'street': {'number': 6006, 'name': 'Duurswold'}, 'city': 'Leeuwarden', 'state': 'Overijssel', '...</msg>
<var>${json_data}</var>
<arg>${response.json()}</arg>
<doc>Returns the given values which can then be assigned to a variables.</doc>
<status status="PASS" start="2024-06-09T08:17:21.894895" elapsed="0.000551"/>
</kw>
<kw name="Log" owner="BuiltIn">
<msg time="2024-06-09T08:17:21.895912" level="INFO">{'results': [{'gender': 'male', 'name': {'title': 'Mr', 'first': 'Seth', 'last': 'Juffer'}, 'location': {'street': {'number': 6006, 'name': 'Duurswold'}, 'city': 'Leeuwarden', 'state': 'Overijssel', 'country': 'Netherlands', 'postcode': '7000 EU', 'coordinates': {'latitude': '31.2107', 'longitude': '-18.0396'}, 'timezone': {'offset': '-3:00', 'description': 'Brazil, Buenos Aires, Georgetown'}}, 'email': 'seth.juffer@example.com', 'login': {'uuid': 'd55977b9-0ad8-4049-be7f-71334559faf0', 'username': 'heavyzebra534', 'password': 'turbo1', 'salt': 'cN2FarKE', 'md5': '10a00251d99d6bb63aa1b9ee2bf0136a', 'sha1': '67add0d0d8d4d748ad94980291c4c27d3374c74c', 'sha256': '045f48f2c1f1bc59ce41dc095c0872d1cef7f0781b730b299adf06b6260a99fb'}, 'dob': {'date': '1949-11-28T04:39:16.586Z', 'age': 74}, 'registered': {'date': '2006-11-30T01:36:10.507Z', 'age': 17}, 'phone': '(0608) 042541', 'cell': '(06) 35703336', 'id': {'name': 'BSN', 'value': '99018594'}, 'picture': {'large': 'https://randomuser.me/api/portraits/men/23.jpg', 'medium': 'https://randomuser.me/api/portraits/med/men/23.jpg', 'thumbnail': 'https://randomuser.me/api/portraits/thumb/men/23.jpg'}, 'nat': 'NL'}], 'info': {'seed': '239ecabcfd1bfbec', 'results': 1, 'page': 1, 'version': '1.4'}}</msg>
<arg>${json_data}</arg>
<doc>Logs the given message with the given level.</doc>
<status status="PASS" start="2024-06-09T08:17:21.895753" elapsed="0.000206"/>
</kw>
<kw name="Dictionary Should Contain Key" owner="Collections">
<msg time="2024-06-09T08:17:21.896410" level="INFO">False</msg>
<arg>${json_data}</arg>
<arg>results</arg>
<doc>Fails if ``key`` is not found from ``dictionary``.</doc>
<status status="PASS" start="2024-06-09T08:17:21.896254" elapsed="0.000192"/>
</kw>
<kw name="Should Not Be Empty" owner="BuiltIn">
<msg time="2024-06-09T08:17:21.896873" level="INFO">Length is 2.</msg>
<arg>${json_data}</arg>
<doc>Verifies that the given item is not empty.</doc>
<status status="PASS" start="2024-06-09T08:17:21.896738" elapsed="0.000173"/>
</kw>
<kw name="Create List" owner="BuiltIn">
<msg time="2024-06-09T08:17:21.897350" level="INFO">${expected_keys} = ['gender', 'name', 'location', 'email', 'login']</msg>
<var>${expected_keys}</var>
<arg>gender</arg>
<arg>name</arg>
<arg>location</arg>
<arg>email</arg>
<arg>login</arg>
<doc>Returns a list containing given items.</doc>
<status status="PASS" start="2024-06-09T08:17:21.897199" elapsed="0.000175"/>
</kw>
<for flavor="IN">
<iter>
<kw name="Dictionary Should Contain Key" owner="Collections">
<msg time="2024-06-09T08:17:21.898418" level="INFO">False</msg>
<arg>${json_data['results'][0]}</arg>
<arg>${key}</arg>
<doc>Fails if ``key`` is not found from ``dictionary``.</doc>
<status status="PASS" start="2024-06-09T08:17:21.897966" elapsed="0.000497"/>
</kw>
<kw name="Log" owner="BuiltIn">
<msg time="2024-06-09T08:17:21.899133" level="INFO">{'gender': 'male', 'name': {'title': 'Mr', 'first': 'Seth', 'last': 'Juffer'}, 'location': {'street': {'number': 6006, 'name': 'Duurswold'}, 'city': 'Leeuwarden', 'state': 'Overijssel', 'country': 'Netherlands', 'postcode': '7000 EU', 'coordinates': {'latitude': '31.2107', 'longitude': '-18.0396'}, 'timezone': {'offset': '-3:00', 'description': 'Brazil, Buenos Aires, Georgetown'}}, 'email': 'seth.juffer@example.com', 'login': {'uuid': 'd55977b9-0ad8-4049-be7f-71334559faf0', 'username': 'heavyzebra534', 'password': 'turbo1', 'salt': 'cN2FarKE', 'md5': '10a00251d99d6bb63aa1b9ee2bf0136a', 'sha1': '67add0d0d8d4d748ad94980291c4c27d3374c74c', 'sha256': '045f48f2c1f1bc59ce41dc095c0872d1cef7f0781b730b299adf06b6260a99fb'}, 'dob': {'date': '1949-11-28T04:39:16.586Z', 'age': 74}, 'registered': {'date': '2006-11-30T01:36:10.507Z', 'age': 17}, 'phone': '(0608) 042541', 'cell': '(06) 35703336', 'id': {'name': 'BSN', 'value': '99018594'}, 'picture': {'large': 'https://randomuser.me/api/portraits/men/23.jpg', 'medium': 'https://randomuser.me/api/portraits/med/men/23.jpg', 'thumbnail': 'https://randomuser.me/api/portraits/thumb/men/23.jpg'}, 'nat': 'NL'}</msg>
<arg>${json_data['results'][0]}</arg>
<doc>Logs the given message with the given level.</doc>
<status status="PASS" start="2024-06-09T08:17:21.898766" elapsed="0.000415"/>
</kw>
<kw name="Log" owner="BuiltIn">
<msg time="2024-06-09T08:17:21.899608" level="INFO">gender</msg>
<arg>${key}</arg>
<doc>Logs the given message with the given level.</doc>
<status status="PASS" start="2024-06-09T08:17:21.899480" elapsed="0.000166"/>
</kw>
<var name="${key}">gender</var>
<status status="PASS" start="2024-06-09T08:17:21.897839" elapsed="0.002021"/>
</iter>
<iter>
<kw name="Dictionary Should Contain Key" owner="Collections">
<msg time="2024-06-09T08:17:21.900583" level="INFO">False</msg>
<arg>${json_data['results'][0]}</arg>
<arg>${key}</arg>
<doc>Fails if ``key`` is not found from ``dictionary``.</doc>
<status status="PASS" start="2024-06-09T08:17:21.900161" elapsed="0.000459"/>
</kw>
<kw name="Log" owner="BuiltIn">
<msg time="2024-06-09T08:17:21.901308" level="INFO">{'gender': 'male', 'name': {'title': 'Mr', 'first': 'Seth', 'last': 'Juffer'}, 'location': {'street': {'number': 6006, 'name': 'Duurswold'}, 'city': 'Leeuwarden', 'state': 'Overijssel', 'country': 'Netherlands', 'postcode': '7000 EU', 'coordinates': {'latitude': '31.2107', 'longitude': '-18.0396'}, 'timezone': {'offset': '-3:00', 'description': 'Brazil, Buenos Aires, Georgetown'}}, 'email': 'seth.juffer@example.com', 'login': {'uuid': 'd55977b9-0ad8-4049-be7f-71334559faf0', 'username': 'heavyzebra534', 'password': 'turbo1', 'salt': 'cN2FarKE', 'md5': '10a00251d99d6bb63aa1b9ee2bf0136a', 'sha1': '67add0d0d8d4d748ad94980291c4c27d3374c74c', 'sha256': '045f48f2c1f1bc59ce41dc095c0872d1cef7f0781b730b299adf06b6260a99fb'}, 'dob': {'date': '1949-11-28T04:39:16.586Z', 'age': 74}, 'registered': {'date': '2006-11-30T01:36:10.507Z', 'age': 17}, 'phone': '(0608) 042541', 'cell': '(06) 35703336', 'id': {'name': 'BSN', 'value': '99018594'}, 'picture': {'large': 'https://randomuser.me/api/portraits/men/23.jpg', 'medium': 'https://randomuser.me/api/portraits/med/men/23.jpg', 'thumbnail': 'https://randomuser.me/api/portraits/thumb/men/23.jpg'}, 'nat': 'NL'}</msg>
<arg>${json_data['results'][0]}</arg>
<doc>Logs the given message with the given level.</doc>
<status status="PASS" start="2024-06-09T08:17:21.900948" elapsed="0.000408"/>
</kw>
<kw name="Log" owner="BuiltIn">
<msg time="2024-06-09T08:17:21.901779" level="INFO">name</msg>
<arg>${key}</arg>
<doc>Logs the given message with the given level.</doc>
<status status="PASS" start="2024-06-09T08:17:21.901653" elapsed="0.000162"/>
</kw>
<var name="${key}">name</var>
<status status="PASS" start="2024-06-09T08:17:21.900046" elapsed="0.001987"/>
</iter>
<iter>
<kw name="Dictionary Should Contain Key" owner="Collections">
<msg time="2024-06-09T08:17:21.902729" level="INFO">False</msg>
<arg>${json_data['results'][0]}</arg>
<arg>${key}</arg>
<doc>Fails if ``key`` is not found from ``dictionary``.</doc>
<status status="PASS" start="2024-06-09T08:17:21.902354" elapsed="0.000418"/>
</kw>
<kw name="Log" owner="BuiltIn">
<msg time="2024-06-09T08:17:21.903488" level="INFO">{'gender': 'male', 'name': {'title': 'Mr', 'first': 'Seth', 'last': 'Juffer'}, 'location': {'street': {'number': 6006, 'name': 'Duurswold'}, 'city': 'Leeuwarden', 'state': 'Overijssel', 'country': 'Netherlands', 'postcode': '7000 EU', 'coordinates': {'latitude': '31.2107', 'longitude': '-18.0396'}, 'timezone': {'offset': '-3:00', 'description': 'Brazil, Buenos Aires, Georgetown'}}, 'email': 'seth.juffer@example.com', 'login': {'uuid': 'd55977b9-0ad8-4049-be7f-71334559faf0', 'username': 'heavyzebra534', 'password': 'turbo1', 'salt': 'cN2FarKE', 'md5': '10a00251d99d6bb63aa1b9ee2bf0136a', 'sha1': '67add0d0d8d4d748ad94980291c4c27d3374c74c', 'sha256': '045f48f2c1f1bc59ce41dc095c0872d1cef7f0781b730b299adf06b6260a99fb'}, 'dob': {'date': '1949-11-28T04:39:16.586Z', 'age': 74}, 'registered': {'date': '2006-11-30T01:36:10.507Z', 'age': 17}, 'phone': '(0608) 042541', 'cell': '(06) 35703336', 'id': {'name': 'BSN', 'value': '99018594'}, 'picture': {'large': 'https://randomuser.me/api/portraits/men/23.jpg', 'medium': 'https://randomuser.me/api/portraits/med/men/23.jpg', 'thumbnail': 'https://randomuser.me/api/portraits/thumb/men/23.jpg'}, 'nat': 'NL'}</msg>
<arg>${json_data['results'][0]}</arg>
<doc>Logs the given message with the given level.</doc>
<status status="PASS" start="2024-06-09T08:17:21.903085" elapsed="0.000487"/>
</kw>
<kw name="Log" owner="BuiltIn">
<msg time="2024-06-09T08:17:21.903996" level="INFO">location</msg>
<arg>${key}</arg>
<doc>Logs the given message with the given level.</doc>
<status status="PASS" start="2024-06-09T08:17:21.903869" elapsed="0.000164"/>
</kw>
<var name="${key}">location</var>
<status status="PASS" start="2024-06-09T08:17:21.902239" elapsed="0.002008"/>
</iter>
<iter>
<kw name="Dictionary Should Contain Key" owner="Collections">
<msg time="2024-06-09T08:17:21.905023" level="INFO">False</msg>
<arg>${json_data['results'][0]}</arg>
<arg>${key}</arg>
<doc>Fails if ``key`` is not found from ``dictionary``.</doc>
<status status="PASS" start="2024-06-09T08:17:21.904531" elapsed="0.000530"/>
</kw>
<kw name="Log" owner="BuiltIn">
<msg time="2024-06-09T08:17:21.905723" level="INFO">{'gender': 'male', 'name': {'title': 'Mr', 'first': 'Seth', 'last': 'Juffer'}, 'location': {'street': {'number': 6006, 'name': 'Duurswold'}, 'city': 'Leeuwarden', 'state': 'Overijssel', 'country': 'Netherlands', 'postcode': '7000 EU', 'coordinates': {'latitude': '31.2107', 'longitude': '-18.0396'}, 'timezone': {'offset': '-3:00', 'description': 'Brazil, Buenos Aires, Georgetown'}}, 'email': 'seth.juffer@example.com', 'login': {'uuid': 'd55977b9-0ad8-4049-be7f-71334559faf0', 'username': 'heavyzebra534', 'password': 'turbo1', 'salt': 'cN2FarKE', 'md5': '10a00251d99d6bb63aa1b9ee2bf0136a', 'sha1': '67add0d0d8d4d748ad94980291c4c27d3374c74c', 'sha256': '045f48f2c1f1bc59ce41dc095c0872d1cef7f0781b730b299adf06b6260a99fb'}, 'dob': {'date': '1949-11-28T04:39:16.586Z', 'age': 74}, 'registered': {'date': '2006-11-30T01:36:10.507Z', 'age': 17}, 'phone': '(0608) 042541', 'cell': '(06) 35703336', 'id': {'name': 'BSN', 'value': '99018594'}, 'picture': {'large': 'https://randomuser.me/api/portraits/men/23.jpg', 'medium': 'https://randomuser.me/api/portraits/med/men/23.jpg', 'thumbnail': 'https://randomuser.me/api/portraits/thumb/men/23.jpg'}, 'nat': 'NL'}</msg>
<arg>${json_data['results'][0]}</arg>
<doc>Logs the given message with the given level.</doc>
<status status="PASS" start="2024-06-09T08:17:21.905357" elapsed="0.000415"/>
</kw>
<kw name="Log" owner="BuiltIn">
<msg time="2024-06-09T08:17:21.906238" level="INFO">email</msg>
<arg>${key}</arg>
<doc>Logs the given message with the given level.</doc>
<status status="PASS" start="2024-06-09T08:17:21.906076" elapsed="0.000211"/>
</kw>
<var name="${key}">email</var>
<status status="PASS" start="2024-06-09T08:17:21.904420" elapsed="0.002087"/>
</iter>
<iter>
<kw name="Dictionary Should Contain Key" owner="Collections">
<msg time="2024-06-09T08:17:21.907173" level="INFO">False</msg>
<arg>${json_data['results'][0]}</arg>
<arg>${key}</arg>
<doc>Fails if ``key`` is not found from ``dictionary``.</doc>
<status status="PASS" start="2024-06-09T08:17:21.906793" elapsed="0.000418"/>
</kw>
<kw name="Log" owner="BuiltIn">
<msg time="2024-06-09T08:17:21.907860" level="INFO">{'gender': 'male', 'name': {'title': 'Mr', 'first': 'Seth', 'last': 'Juffer'}, 'location': {'street': {'number': 6006, 'name': 'Duurswold'}, 'city': 'Leeuwarden', 'state': 'Overijssel', 'country': 'Netherlands', 'postcode': '7000 EU', 'coordinates': {'latitude': '31.2107', 'longitude': '-18.0396'}, 'timezone': {'offset': '-3:00', 'description': 'Brazil, Buenos Aires, Georgetown'}}, 'email': 'seth.juffer@example.com', 'login': {'uuid': 'd55977b9-0ad8-4049-be7f-71334559faf0', 'username': 'heavyzebra534', 'password': 'turbo1', 'salt': 'cN2FarKE', 'md5': '10a00251d99d6bb63aa1b9ee2bf0136a', 'sha1': '67add0d0d8d4d748ad94980291c4c27d3374c74c', 'sha256': '045f48f2c1f1bc59ce41dc095c0872d1cef7f0781b730b299adf06b6260a99fb'}, 'dob': {'date': '1949-11-28T04:39:16.586Z', 'age': 74}, 'registered': {'date': '2006-11-30T01:36:10.507Z', 'age': 17}, 'phone': '(0608) 042541', 'cell': '(06) 35703336', 'id': {'name': 'BSN', 'value': '99018594'}, 'picture': {'large': 'https://randomuser.me/api/portraits/men/23.jpg', 'medium': 'https://randomuser.me/api/portraits/med/men/23.jpg', 'thumbnail': 'https://randomuser.me/api/portraits/thumb/men/23.jpg'}, 'nat': 'NL'}</msg>
<arg>${json_data['results'][0]}</arg>
<doc>Logs the given message with the given level.</doc>
<status status="PASS" start="2024-06-09T08:17:21.907504" elapsed="0.000404"/>
</kw>
<kw name="Log" owner="BuiltIn">
<msg time="2024-06-09T08:17:21.908320" level="INFO">login</msg>
<arg>${key}</arg>
<doc>Logs the given message with the given level.</doc>
<status status="PASS" start="2024-06-09T08:17:21.908194" elapsed="0.000163"/>
</kw>
<var name="${key}">login</var>
<status status="PASS" start="2024-06-09T08:17:21.906681" elapsed="0.001911"/>
</iter>
<var>${key}</var>
<value>@{expected_keys}</value>
<status status="PASS" start="2024-06-09T08:17:21.897636" elapsed="0.011081"/>
</for>
<kw name="Create List" owner="BuiltIn">
<msg time="2024-06-09T08:17:21.909051" level="INFO">${expected_keysTwo} = ['username', 'password']</msg>
<var>${expected_keysTwo}</var>
<arg>username</arg>
<arg>password</arg>
<doc>Returns a list containing given items.</doc>
<status status="PASS" start="2024-06-09T08:17:21.908915" elapsed="0.000159"/>
</kw>
<for flavor="IN">
<iter>
<kw name="Dictionary Should Contain Key" owner="Collections">
<msg time="2024-06-09T08:17:21.909958" level="INFO">False</msg>
<arg>${json_data['results'][0]['login']}</arg>
<arg>${keyTwo}</arg>
<doc>Fails if ``key`` is not found from ``dictionary``.</doc>
<status status="PASS" start="2024-06-09T08:17:21.909575" elapsed="0.000419"/>
</kw>
<kw name="Dictionary Should Contain Key" owner="Collections">
<msg time="2024-06-09T08:17:21.910703" level="INFO">False</msg>
<arg>${json_data['results'][0]['login']}</arg>
<arg>${keyTwo}</arg>
<doc>Fails if ``key`` is not found from ``dictionary``.</doc>
<status status="PASS" start="2024-06-09T08:17:21.910317" elapsed="0.000423"/>
</kw>
<kw name="Log" owner="BuiltIn">
<msg time="2024-06-09T08:17:21.911160" level="INFO">username</msg>
<arg>${keyTwo}</arg>
<doc>Logs the given message with the given level.</doc>
<status status="PASS" start="2024-06-09T08:17:21.911034" elapsed="0.000164"/>
</kw>
<var name="${keyTwo}">username</var>
<status status="PASS" start="2024-06-09T08:17:21.909465" elapsed="0.001945"/>
</iter>
<iter>
<kw name="Dictionary Should Contain Key" owner="Collections">
<msg time="2024-06-09T08:17:21.912066" level="INFO">False</msg>
<arg>${json_data['results'][0]['login']}</arg>
<arg>${keyTwo}</arg>
<doc>Fails if ``key`` is not found from ``dictionary``.</doc>
<status status="PASS" start="2024-06-09T08:17:21.911690" elapsed="0.000413"/>
</kw>
<kw name="Dictionary Should Contain Key" owner="Collections">
<msg time="2024-06-09T08:17:21.912774" level="INFO">False</msg>
<arg>${json_data['results'][0]['login']}</arg>
<arg>${keyTwo}</arg>
<doc>Fails if ``key`` is not found from ``dictionary``.</doc>
<status status="PASS" start="2024-06-09T08:17:21.912394" elapsed="0.000418"/>
</kw>
<kw name="Log" owner="BuiltIn">
<msg time="2024-06-09T08:17:21.913232" level="INFO">password</msg>
<arg>${keyTwo}</arg>
<doc>Logs the given message with the given level.</doc>
<status status="PASS" start="2024-06-09T08:17:21.913104" elapsed="0.000165"/>
</kw>
<var name="${keyTwo}">password</var>
<status status="PASS" start="2024-06-09T08:17:21.911580" elapsed="0.001905"/>
</iter>
<var>${keyTwo}</var>
<value>@{expected_keysTwo}</value>
<status status="PASS" start="2024-06-09T08:17:21.909310" elapsed="0.004296"/>
</for>
<status status="PASS" start="2024-06-09T08:17:21.797687" elapsed="0.116061"/>
</kw>
<doc>Testa a estrutura da resposta da API.</doc>
<tag>testeEstruturaResposta</tag>
<status status="PASS" start="2024-06-09T08:17:21.797111" elapsed="0.116799"/>
</test>
<test id="s1-s1-t4" name="Validar tipos de dados" line="28">
<kw name="Teste de Tipos de Dados" owner="random-user-service">
<kw name="GET On Session" owner="RequestsLibrary">
<msg time="2024-06-09T08:17:22.009767" level="INFO">GET Request : url=https://randomuser.me/api 
 path_url=/api 
 headers={'User-Agent': 'python-requests/2.32.3', 'Accept-Encoding': 'gzip, deflate', 'Accept': '*/*', 'Connection': 'keep-alive'} 
 body=None 
 </msg>
<msg time="2024-06-09T08:17:22.009883" level="INFO">GET Response : url=https://randomuser.me/api 
 status=200, reason=OK 
 headers={'Date': 'Sun, 09 Jun 2024 08:17:22 GMT', 'Content-Type': 'application/json; charset=utf-8', 'Transfer-Encoding': 'chunked', 'Connection': 'keep-alive', 'X-Powered-By': 'Express', 'Access-Control-Allow-Origin': '*', 'Cache-Control': 'no-cache', 'ETag': 'W/"4a0-539q5pdaLTOU3SajTGQnsA9jWxc"', 'Vary': 'Accept-Encoding', 'Content-Encoding': 'gzip', 'CF-Cache-Status': 'DYNAMIC', 'Report-To': '{"endpoints":[{"url":"https:\\/\\/a.nel.cloudflare.com\\/report\\/v4?s=szHE1bhaN96XVK2ofNBpuhmk02EF2YeXIIOXHg8142dBY3IZoa%2B598JEzoATuxew7%2BHk2m%2BBa3mFN9q9CthcEb87grqFiZ1sm0cB1Rf1RLgqUFdI5Sisnu9TL2wvzTBv"}],"group":"cf-nel","max_age":604800}', 'NEL': '{"success_fraction":0,"report_to":"cf-nel","max_age":604800}', 'Server': 'cloudflare', 'CF-RAY': '890faf5009330fc6-LAX', 'alt-svc': 'h3=":443"; ma=86400'} 
 body={"results":[{"gender":"male","name":{"title":"Mr","first":"Misael","last":"Carvalho"},"location":{"street":{"number":1199,"name":"Rua Maranhão "},"city":"Taboão da Serra","state":"Ceará","country":"Brazil","postcode":70764,"coordinates":{"latitude":"-78.5302","longitude":"-19.1747"},"timezone":{"offset":"-6:00","description":"Central Time (US &amp; Canada), Mexico City"}},"email":"misael.carvalho@example.com","login":{"uuid":"a2316e3a-d65f-498b-8067-80a1f87a8989","username":"happykoala591","password":"31415926","salt":"Yxx9LHTU","md5":"9712bf63e9d38ed51f28f7ccf96cc0f0","sha1":"e1365e7d998531aae074dd049ad295097ef53c8d","sha256":"251bb770d755fb440337b82038426a453baf5fe0e111e566498f667e1462549d"},"dob":{"date":"1946-01-23T00:08:06.806Z","age":78},"registered":{"date":"2015-12-23T23:55:45.938Z","age":8},"phone":"(95) 4655-5650","cell":"(25) 7001-0496","id":{"name":"CPF","value":"245.353.382-08"},"picture":{"large":"https://randomuser.me/api/portraits/men/7.jpg","medium":"https://randomuser.me/api/portraits/med/men/7.jpg","thumbnail":"https://randomuser.me/api/portraits/thumb/men/7.jpg"},"nat":"BR"}],"info":{"seed":"5214415414c5d32e","results":1,"page":1,"version":"1.4"}} 
 </msg>
<msg time="2024-06-09T08:17:22.009979" level="INFO">/opt/hostedtoolcache/Python/3.12.3/x64/lib/python3.12/site-packages/urllib3/connectionpool.py:1103: InsecureRequestWarning: Unverified HTTPS request is being made to host 'randomuser.me'. Adding certificate verification is strongly advised. See: https://urllib3.readthedocs.io/en/latest/advanced-usage.html#tls-warnings
  warnings.warn(</msg>
<msg time="2024-06-09T08:17:22.010119" level="INFO">${response} = &lt;Response [200]&gt;</msg>
<var>${response}</var>
<arg>consultarAPI</arg>
<arg>/api</arg>
<doc>Sends a GET request on a previously created HTTP Session.</doc>
<status status="PASS" start="2024-06-09T08:17:21.916505" elapsed="0.093688"/>
</kw>
<kw name="Set Variable" owner="BuiltIn">
<msg time="2024-06-09T08:17:22.011223" level="INFO">${json_data} = {'results': [{'gender': 'male', 'name': {'title': 'Mr', 'first': 'Misael', 'last': 'Carvalho'}, 'location': {'street': {'number': 1199, 'name': 'Rua Maranhão '}, 'city': 'Taboão da Serra', 'state': 'C...</msg>
<var>${json_data}</var>
<arg>${response.json()}</arg>
<doc>Returns the given values which can then be assigned to a variables.</doc>
<status status="PASS" start="2024-06-09T08:17:22.010691" elapsed="0.000564"/>
</kw>
<kw name="Log" owner="BuiltIn">
<msg time="2024-06-09T08:17:22.011723" level="INFO">{'results': [{'gender': 'male', 'name': {'title': 'Mr', 'first': 'Misael', 'last': 'Carvalho'}, 'location': {'street': {'number': 1199, 'name': 'Rua Maranhão '}, 'city': 'Taboão da Serra', 'state': 'Ceará', 'country': 'Brazil', 'postcode': 70764, 'coordinates': {'latitude': '-78.5302', 'longitude': '-19.1747'}, 'timezone': {'offset': '-6:00', 'description': 'Central Time (US &amp; Canada), Mexico City'}}, 'email': 'misael.carvalho@example.com', 'login': {'uuid': 'a2316e3a-d65f-498b-8067-80a1f87a8989', 'username': 'happykoala591', 'password': '31415926', 'salt': 'Yxx9LHTU', 'md5': '9712bf63e9d38ed51f28f7ccf96cc0f0', 'sha1': 'e1365e7d998531aae074dd049ad295097ef53c8d', 'sha256': '251bb770d755fb440337b82038426a453baf5fe0e111e566498f667e1462549d'}, 'dob': {'date': '1946-01-23T00:08:06.806Z', 'age': 78}, 'registered': {'date': '2015-12-23T23:55:45.938Z', 'age': 8}, 'phone': '(95) 4655-5650', 'cell': '(25) 7001-0496', 'id': {'name': 'CPF', 'value': '245.353.382-08'}, 'picture': {'large': 'https://randomuser.me/api/portraits/men/7.jpg', 'medium': 'https://randomuser.me/api/portraits/med/men/7.jpg', 'thumbnail': 'https://randomuser.me/api/portraits/thumb/men/7.jpg'}, 'nat': 'BR'}], 'info': {'seed': '5214415414c5d32e', 'results': 1, 'page': 1, 'version': '1.4'}}</msg>
<arg>${json_data}</arg>
<doc>Logs the given message with the given level.</doc>
<status status="PASS" start="2024-06-09T08:17:22.011563" elapsed="0.000250"/>
</kw>
<kw name="Should Be String" owner="String">
<arg>${json_data['results'][0]['gender']}</arg>
<doc>Fails if the given ``item`` is not a string.</doc>
<status status="PASS" start="2024-06-09T08:17:22.012115" elapsed="0.000367"/>
</kw>
<kw name="Should Match Regexp" owner="BuiltIn">
<arg>${json_data['results'][0]['email']}</arg>
<arg>^[a-zA-Z0-9._%+-]+@[a-zA-Z0-9.-]+\.[a-zA-Z]{2,}$</arg>
<doc>Fails if ``string`` does not match ``pattern`` as a regular expression.</doc>
<status status="PASS" start="2024-06-09T08:17:22.012678" elapsed="0.000685"/>
</kw>
<kw name="Should Match Regexp" owner="BuiltIn">
<arg>${json_data['results'][0]['dob']['date']}</arg>
<arg>\\d{4}-\\d{2}-\\d{2}T\\d{2}:\\d{2}:\\d{2}\\.\\d{3}Z</arg>
<doc>Fails if ``string`` does not match ``pattern`` as a regular expression.</doc>
<status status="PASS" start="2024-06-09T08:17:22.013564" elapsed="0.000487"/>
</kw>
<kw name="Should Match Regexp" owner="BuiltIn">
<arg>${json_data['results'][0]['registered']['date']}</arg>
<arg>\\d{4}-\\d{2}-\\d{2}T\\d{2}:\\d{2}:\\d{2}\\.\\d{3}Z</arg>
<doc>Fails if ``string`` does not match ``pattern`` as a regular expression.</doc>
<status status="PASS" start="2024-06-09T08:17:22.014300" elapsed="0.000373"/>
</kw>
<kw name="Should Match Regexp" owner="BuiltIn">
<arg>${json_data['results'][0]['picture']['large']}</arg>
<arg>^https?://.*\.(?:png|jpe?g|gif|bmp)$</arg>
<doc>Fails if ``string`` does not match ``pattern`` as a regular expression.</doc>
<status status="PASS" start="2024-06-09T08:17:22.014883" elapsed="0.000477"/>
</kw>
<kw name="Should Match Regexp" owner="BuiltIn">
<arg>${json_data['results'][0]['picture']['medium']}</arg>
<arg>^https?://.*\.(?:png|jpe?g|gif|bmp)$</arg>
<doc>Fails if ``string`` does not match ``pattern`` as a regular expression.</doc>
<status status="PASS" start="2024-06-09T08:17:22.015553" elapsed="0.000353"/>
</kw>
<kw name="Should Match Regexp" owner="BuiltIn">
<arg>${json_data['results'][0]['picture']['thumbnail']}</arg>
<arg>^https?://.*\.(?:png|jpe?g|gif|bmp)$</arg>
<doc>Fails if ``string`` does not match ``pattern`` as a regular expression.</doc>
<status status="PASS" start="2024-06-09T08:17:22.016096" elapsed="0.000345"/>
</kw>
<kw name="Log" owner="BuiltIn">
<msg time="2024-06-09T08:17:22.016946" level="INFO">{'large': 'https://randomuser.me/api/portraits/men/7.jpg', 'medium': 'https://randomuser.me/api/portraits/med/men/7.jpg', 'thumbnail': 'https://randomuser.me/api/portraits/thumb/men/7.jpg'}</msg>
<arg>${json_data['results'][0]['picture']}</arg>
<doc>Logs the given message with the given level.</doc>
<status status="PASS" start="2024-06-09T08:17:22.016623" elapsed="0.000365"/>
</kw>
<status status="PASS" start="2024-06-09T08:17:21.916266" elapsed="0.100979"/>
</kw>
<kw name="Teste de Tipos de Dados - Postcode" owner="random-user-service">
<kw name="GET On Session" owner="RequestsLibrary">
<msg time="2024-06-09T08:17:22.116100" level="INFO">GET Request : url=https://randomuser.me/api 
 path_url=/api 
 headers={'User-Agent': 'python-requests/2.32.3', 'Accept-Encoding': 'gzip, deflate', 'Accept': '*/*', 'Connection': 'keep-alive'} 
 body=None 
 </msg>
<msg time="2024-06-09T08:17:22.116189" level="INFO">GET Response : url=https://randomuser.me/api 
 status=200, reason=OK 
 headers={'Date': 'Sun, 09 Jun 2024 08:17:22 GMT', 'Content-Type': 'application/json; charset=utf-8', 'Transfer-Encoding': 'chunked', 'Connection': 'keep-alive', 'X-Powered-By': 'Express', 'Access-Control-Allow-Origin': '*', 'Cache-Control': 'no-cache', 'ETag': 'W/"489-q6iNK7AhT/jqnKKHPFs5AohGc9o"', 'Vary': 'Accept-Encoding', 'Content-Encoding': 'gzip', 'CF-Cache-Status': 'DYNAMIC', 'Report-To': '{"endpoints":[{"url":"https:\\/\\/a.nel.cloudflare.com\\/report\\/v4?s=AWRAKm07%2Fk9jeyk3CqiQRlOW1X9qJku332MUdTPNXLJS%2BDoZxuBj56v2V7ilAzxJhylcy9DmJsnPW2bI7TsHqFtZfOZo5nkX6%2F0%2BBhSwm%2FR0SE%2FQpvuQxFN2Whby8BNm"}],"group":"cf-nel","max_age":604800}', 'NEL': '{"success_fraction":0,"report_to":"cf-nel","max_age":604800}', 'Server': 'cloudflare', 'CF-RAY': '890faf50a9f10fc6-LAX', 'alt-svc': 'h3=":443"; ma=86400'} 
 body={"results":[{"gender":"female","name":{"title":"Miss","first":"Madison","last":"Edwards"},"location":{"street":{"number":4353,"name":"Kennedy Road"},"city":"Nelson","state":"Canterbury","country":"New Zealand","postcode":69346,"coordinates":{"latitude":"55.3463","longitude":"126.3144"},"timezone":{"offset":"-8:00","description":"Pacific Time (US &amp; Canada)"}},"email":"madison.edwards@example.com","login":{"uuid":"92426682-a811-4043-98ab-51748cd2310a","username":"sadfrog182","password":"myrtle","salt":"FfgaqmeI","md5":"18751e15c45886171facfb59755564c3","sha1":"3459a8d05f3d92383b517ee8ec88740f3e4e2eaf","sha256":"b236e64413a73474da47b8f6ee1b08c1c155efa5b7bf184b6a81a2ad5f529024"},"dob":{"date":"1970-02-01T01:12:41.778Z","age":54},"registered":{"date":"2007-05-19T00:51:15.549Z","age":17},"phone":"(781)-100-6032","cell":"(881)-182-1035","id":{"name":"","value":null},"picture":{"large":"https://randomuser.me/api/portraits/women/52.jpg","medium":"https://randomuser.me/api/portraits/med/women/52.jpg","thumbnail":"https://randomuser.me/api/portraits/thumb/women/52.jpg"},"nat":"NZ"}],"info":{"seed":"35eec875d7e9b891","results":1,"page":1,"version":"1.4"}} 
 </msg>
<msg time="2024-06-09T08:17:22.116272" level="INFO">/opt/hostedtoolcache/Python/3.12.3/x64/lib/python3.12/site-packages/urllib3/connectionpool.py:1103: InsecureRequestWarning: Unverified HTTPS request is being made to host 'randomuser.me'. Adding certificate verification is strongly advised. See: https://urllib3.readthedocs.io/en/latest/advanced-usage.html#tls-warnings
  warnings.warn(</msg>
<msg time="2024-06-09T08:17:22.116380" level="INFO">${response} = &lt;Response [200]&gt;</msg>
<var>${response}</var>
<arg>consultarAPI</arg>
<arg>/api</arg>
<doc>Sends a GET request on a previously created HTTP Session.</doc>
<status status="PASS" start="2024-06-09T08:17:22.017705" elapsed="0.098703"/>
</kw>
<kw name="Set Variable" owner="BuiltIn">
<msg time="2024-06-09T08:17:22.117269" level="INFO">${json_data} = {'results': [{'gender': 'female', 'name': {'title': 'Miss', 'first': 'Madison', 'last': 'Edwards'}, 'location': {'street': {'number': 4353, 'name': 'Kennedy Road'}, 'city': 'Nelson', 'state': 'Canterb...</msg>
<var>${json_data}</var>
<arg>${response.json()}</arg>
<doc>Returns the given values which can then be assigned to a variables.</doc>
<status status="PASS" start="2024-06-09T08:17:22.116811" elapsed="0.000486"/>
</kw>
<kw name="Log" owner="BuiltIn">
<msg time="2024-06-09T08:17:22.117756" level="INFO">{'results': [{'gender': 'female', 'name': {'title': 'Miss', 'first': 'Madison', 'last': 'Edwards'}, 'location': {'street': {'number': 4353, 'name': 'Kennedy Road'}, 'city': 'Nelson', 'state': 'Canterbury', 'country': 'New Zealand', 'postcode': 69346, 'coordinates': {'latitude': '55.3463', 'longitude': '126.3144'}, 'timezone': {'offset': '-8:00', 'description': 'Pacific Time (US &amp; Canada)'}}, 'email': 'madison.edwards@example.com', 'login': {'uuid': '92426682-a811-4043-98ab-51748cd2310a', 'username': 'sadfrog182', 'password': 'myrtle', 'salt': 'FfgaqmeI', 'md5': '18751e15c45886171facfb59755564c3', 'sha1': '3459a8d05f3d92383b517ee8ec88740f3e4e2eaf', 'sha256': 'b236e64413a73474da47b8f6ee1b08c1c155efa5b7bf184b6a81a2ad5f529024'}, 'dob': {'date': '1970-02-01T01:12:41.778Z', 'age': 54}, 'registered': {'date': '2007-05-19T00:51:15.549Z', 'age': 17}, 'phone': '(781)-100-6032', 'cell': '(881)-182-1035', 'id': {'name': '', 'value': None}, 'picture': {'large': 'https://randomuser.me/api/portraits/women/52.jpg', 'medium': 'https://randomuser.me/api/portraits/med/women/52.jpg', 'thumbnail': 'https://randomuser.me/api/portraits/thumb/women/52.jpg'}, 'nat': 'NZ'}], 'info': {'seed': '35eec875d7e9b891', 'results': 1, 'page': 1, 'version': '1.4'}}</msg>
<arg>${json_data}</arg>
<doc>Logs the given message with the given level.</doc>
<status status="PASS" start="2024-06-09T08:17:22.117604" elapsed="0.000246"/>
</kw>
<kw name="Should Be Equal As Numbers" owner="BuiltIn">
<arg>${json_data['results'][0]['location']['postcode']}</arg>
<arg>${json_data['results'][0]['location']['postcode']}</arg>
<doc>Fails if objects are unequal after converting them to real numbers.</doc>
<status status="PASS" start="2024-06-09T08:17:22.118189" elapsed="0.000630"/>
</kw>
<kw name="Log" owner="BuiltIn">
<msg time="2024-06-09T08:17:22.119353" level="INFO">69346</msg>
<arg>${json_data['results'][0]['location']['postcode']}</arg>
<doc>Logs the given message with the given level.</doc>
<status status="PASS" start="2024-06-09T08:17:22.119015" elapsed="0.000378"/>
</kw>
<status status="PASS" start="2024-06-09T08:17:22.017473" elapsed="0.102171"/>
</kw>
<doc>Testa se os tipos de dados na resposta da API estão corretos.</doc>
<tag>testeTiposDados</tag>
<status status="PASS" start="2024-06-09T08:17:21.915757" elapsed="0.204051"/>
</test>
<test id="s1-s1-t5" name="Validar conteudo" line="35">
<kw name="Teste de Tipos de Conteudo" owner="random-user-service">
<kw name="GET On Session" owner="RequestsLibrary">
<msg time="2024-06-09T08:17:22.218172" level="INFO">GET Request : url=https://randomuser.me/api 
 path_url=/api 
 headers={'User-Agent': 'python-requests/2.32.3', 'Accept-Encoding': 'gzip, deflate', 'Accept': '*/*', 'Connection': 'keep-alive'} 
 body=None 
 </msg>
<msg time="2024-06-09T08:17:22.218307" level="INFO">GET Response : url=https://randomuser.me/api 
 status=200, reason=OK 
 headers={'Date': 'Sun, 09 Jun 2024 08:17:22 GMT', 'Content-Type': 'application/json; charset=utf-8', 'Transfer-Encoding': 'chunked', 'Connection': 'keep-alive', 'X-Powered-By': 'Express', 'Access-Control-Allow-Origin': '*', 'Cache-Control': 'no-cache', 'ETag': 'W/"48e-L2KIOtkoxWUebZ8NfUGWZj+sQYY"', 'Vary': 'Accept-Encoding', 'Content-Encoding': 'gzip', 'CF-Cache-Status': 'DYNAMIC', 'Report-To': '{"endpoints":[{"url":"https:\\/\\/a.nel.cloudflare.com\\/report\\/v4?s=drbD5Sj6u7FPI61mcS%2FuC9AldFjIiMfGXxZQnjaHwELf2C%2BtIf8dAFxYiUEf8loVKA90JvL3JNUZi18nMfDgw8TThh%2FrgieIrHoycqf2C4zGWcxBzrfGmkyRUY5wVASa"}],"group":"cf-nel","max_age":604800}', 'NEL': '{"success_fraction":0,"report_to":"cf-nel","max_age":604800}', 'Server': 'cloudflare', 'CF-RAY': '890faf514add0fc6-LAX', 'alt-svc': 'h3=":443"; ma=86400'} 
 body={"results":[{"gender":"male","name":{"title":"Mr","first":"Maximino","last":"Canales"},"location":{"street":{"number":7529,"name":"Continuación Azerbaiyán"},"city":"Peñuelas","state":"Zacatecas","country":"Mexico","postcode":23067,"coordinates":{"latitude":"25.9377","longitude":"-125.4453"},"timezone":{"offset":"+5:45","description":"Kathmandu"}},"email":"maximino.canales@example.com","login":{"uuid":"a2bc69f2-5d13-4546-bcf6-6c788e93c62c","username":"yellowkoala471","password":"salem","salt":"t2fotsAS","md5":"9e9fdf935eaed95d67fb646ac44dea2b","sha1":"0fcc6bce4d0bec88a84d7b1fac2033bbeda80367","sha256":"2bdafe70c73433585066c5ccea2c993c8d19f71612f42a235dd092aa5f6ee0ab"},"dob":{"date":"1988-10-30T08:16:20.293Z","age":35},"registered":{"date":"2011-02-12T08:31:36.097Z","age":13},"phone":"(658) 527 3172","cell":"(631) 315 7768","id":{"name":"NSS","value":"70 88 32 2145 1"},"picture":{"large":"https://randomuser.me/api/portraits/men/54.jpg","medium":"https://randomuser.me/api/portraits/med/men/54.jpg","thumbnail":"https://randomuser.me/api/portraits/thumb/men/54.jpg"},"nat":"MX"}],"info":{"seed":"b94500882a2bbf97","results":1,"page":1,"version":"1.4"}} 
 </msg>
<msg time="2024-06-09T08:17:22.218399" level="INFO">/opt/hostedtoolcache/Python/3.12.3/x64/lib/python3.12/site-packages/urllib3/connectionpool.py:1103: InsecureRequestWarning: Unverified HTTPS request is being made to host 'randomuser.me'. Adding certificate verification is strongly advised. See: https://urllib3.readthedocs.io/en/latest/advanced-usage.html#tls-warnings
  warnings.warn(</msg>
<msg time="2024-06-09T08:17:22.218581" level="INFO">${response} = &lt;Response [200]&gt;</msg>
<var>${response}</var>
<arg>consultarAPI</arg>
<arg>/api</arg>
<doc>Sends a GET request on a previously created HTTP Session.</doc>
<status status="PASS" start="2024-06-09T08:17:22.122308" elapsed="0.096314"/>
</kw>
<kw name="Set Variable" owner="BuiltIn">
<msg time="2024-06-09T08:17:22.219640" level="INFO">${json_data} = {'results': [{'gender': 'male', 'name': {'title': 'Mr', 'first': 'Maximino', 'last': 'Canales'}, 'location': {'street': {'number': 7529, 'name': 'Continuación Azerbaiyán'}, 'city': 'Peñuelas', 'state'...</msg>
<var>${json_data}</var>
<arg>${response.json()}</arg>
<doc>Returns the given values which can then be assigned to a variables.</doc>
<status status="PASS" start="2024-06-09T08:17:22.219113" elapsed="0.000558"/>
</kw>
<kw name="Set Variable" owner="BuiltIn">
<msg time="2024-06-09T08:17:22.220362" level="INFO">${name_title} = Mr</msg>
<var>${name_title}</var>
<arg>${json_data["results"][0]["name"]["title"]}</arg>
<doc>Returns the given values which can then be assigned to a variables.</doc>
<status status="PASS" start="2024-06-09T08:17:22.219978" elapsed="0.000410"/>
</kw>
<kw name="Create List" owner="BuiltIn">
<msg time="2024-06-09T08:17:22.220839" level="INFO">${allowed_titles} = ['Mr', 'Ms', 'Miss', 'Mrs', 'Madame', 'Monsieur']</msg>
<var>${allowed_titles}</var>
<arg>Mr</arg>
<arg>Ms</arg>
<arg>Miss</arg>
<arg>Mrs</arg>
<arg>Madame</arg>
<arg>Monsieur</arg>
<doc>Returns a list containing given items.</doc>
<status status="PASS" start="2024-06-09T08:17:22.220690" elapsed="0.000173"/>
</kw>
<kw name="List Should Contain Value" owner="Collections">
<msg time="2024-06-09T08:17:22.221342" level="INFO">False</msg>
<arg>${allowed_titles}</arg>
<arg>${name_title}</arg>
<doc>Fails if the ``value`` is not found from ``list``.</doc>
<status status="PASS" start="2024-06-09T08:17:22.221169" elapsed="0.000210"/>
</kw>
<kw name="Set Variable" owner="BuiltIn">
<msg time="2024-06-09T08:17:22.222272" level="INFO">${name_country} = MX</msg>
<var>${name_country}</var>
<arg>${json_data["results"][0]["nat"]}</arg>
<doc>Returns the given values which can then be assigned to a variables.</doc>
<status status="PASS" start="2024-06-09T08:17:22.221667" elapsed="0.000633"/>
</kw>
<kw name="Create List" owner="BuiltIn">
<msg time="2024-06-09T08:17:22.223211" level="INFO">${list_country} = ['AD', 'AE', 'AF', 'AG', 'AI', 'AL', 'AM', 'AO', 'AQ', 'AR', 'AS', 'AT', 'AU', 'AW', 'AX', 'AZ', 'BA', 'BB', 'BD', 'BE', 'BF', 'BG', 'BH', 'BI', 'BJ', 'BL', 'BM', 'BN', 'BO', 'BQ', 'BR', 'BS', 'BT', '...</msg>
<var>${list_country}</var>
<arg>AD</arg>
<arg>AE</arg>
<arg>AF</arg>
<arg>AG</arg>
<arg>AI</arg>
<arg>AL</arg>
<arg>AM</arg>
<arg>AO</arg>
<arg>AQ</arg>
<arg>AR</arg>
<arg>AS</arg>
<arg>AT</arg>
<arg>AU</arg>
<arg>AW</arg>
<arg>AX</arg>
<arg>AZ</arg>
<arg>BA</arg>
<arg>BB</arg>
<arg>BD</arg>
<arg>BE</arg>
<arg>BF</arg>
<arg>BG</arg>
<arg>BH</arg>
<arg>BI</arg>
<arg>BJ</arg>
<arg>BL</arg>
<arg>BM</arg>
<arg>BN</arg>
<arg>BO</arg>
<arg>BQ</arg>
<arg>BR</arg>
<arg>BS</arg>
<arg>BT</arg>
<arg>BV</arg>
<arg>BW</arg>
<arg>BY</arg>
<arg>BZ</arg>
<arg>CA</arg>
<arg>CC</arg>
<arg>CD</arg>
<arg>CF</arg>
<arg>CG</arg>
<arg>CH</arg>
<arg>CI</arg>
<arg>CK</arg>
<arg>CL</arg>
<arg>CM</arg>
<arg>CN</arg>
<arg>CO</arg>
<arg>CR</arg>
<arg>CU</arg>
<arg>CV</arg>
<arg>CW</arg>
<arg>CX</arg>
<arg>CY</arg>
<arg>CZ</arg>
<arg>DE</arg>
<arg>DJ</arg>
<arg>DK</arg>
<arg>DM</arg>
<arg>DO</arg>
<arg>DZ</arg>
<arg>EC</arg>
<arg>EE</arg>
<arg>EG</arg>
<arg>EH</arg>
<arg>ER</arg>
<arg>ES</arg>
<arg>ET</arg>
<arg>FI</arg>
<arg>FJ</arg>
<arg>FK</arg>
<arg>FM</arg>
<arg>FO</arg>
<arg>FR</arg>
<arg>GA</arg>
<arg>GB</arg>
<arg>GD</arg>
<arg>GE</arg>
<arg>GF</arg>
<arg>GG</arg>
<arg>GH</arg>
<arg>GI</arg>
<arg>GL</arg>
<arg>GM</arg>
<arg>GN</arg>
<arg>GP</arg>
<arg>GQ</arg>
<arg>GR</arg>
<arg>GS</arg>
<arg>GT</arg>
<arg>GU</arg>
<arg>GW</arg>
<arg>GY</arg>
<arg>HK</arg>
<arg>HM</arg>
<arg>HN</arg>
<arg>HR</arg>
<arg>HT</arg>
<arg>HU</arg>
<arg>ID</arg>
<arg>IE</arg>
<arg>IL</arg>
<arg>IM</arg>
<arg>IN</arg>
<arg>IO</arg>
<arg>IQ</arg>
<arg>IR</arg>
<arg>IS</arg>
<arg>IT</arg>
<arg>JE</arg>
<arg>JM</arg>
<arg>JO</arg>
<arg>JP</arg>
<arg>KE</arg>
<arg>KG</arg>
<arg>KH</arg>
<arg>KI</arg>
<arg>KM</arg>
<arg>KN</arg>
<arg>KP</arg>
<arg>KR</arg>
<arg>KW</arg>
<arg>KY</arg>
<arg>KZ</arg>
<arg>LA</arg>
<arg>LB</arg>
<arg>LC</arg>
<arg>LI</arg>
<arg>LK</arg>
<arg>LR</arg>
<arg>LS</arg>
<arg>LT</arg>
<arg>LU</arg>
<arg>LV</arg>
<arg>LY</arg>
<arg>MA</arg>
<arg>MC</arg>
<arg>MD</arg>
<arg>ME</arg>
<arg>MF</arg>
<arg>MG</arg>
<arg>MH</arg>
<arg>MK</arg>
<arg>ML</arg>
<arg>MM</arg>
<arg>MN</arg>
<arg>MO</arg>
<arg>MP</arg>
<arg>MQ</arg>
<arg>MR</arg>
<arg>MS</arg>
<arg>MT</arg>
<arg>MU</arg>
<arg>MV</arg>
<arg>MW</arg>
<arg>MX</arg>
<arg>MY</arg>
<arg>MZ</arg>
<arg>NA</arg>
<arg>NC</arg>
<arg>NE</arg>
<arg>NF</arg>
<arg>NG</arg>
<arg>NI</arg>
<arg>NL</arg>
<arg>NO</arg>
<arg>NP</arg>
<arg>NR</arg>
<arg>NU</arg>
<arg>NZ</arg>
<arg>OM</arg>
<arg>PA</arg>
<arg>PE</arg>
<arg>PF</arg>
<arg>PG</arg>
<arg>PH</arg>
<arg>PK</arg>
<arg>PL</arg>
<arg>PM</arg>
<arg>PN</arg>
<arg>PR</arg>
<arg>PS</arg>
<arg>PT</arg>
<arg>PW</arg>
<arg>PY</arg>
<arg>QA</arg>
<arg>RE</arg>
<arg>RO</arg>
<arg>RS</arg>
<arg>RU</arg>
<arg>RW</arg>
<arg>SA</arg>
<arg>SB</arg>
<arg>SC</arg>
<arg>SD</arg>
<arg>SE</arg>
<arg>SG</arg>
<arg>SH</arg>
<arg>SI</arg>
<arg>SJ</arg>
<arg>SK</arg>
<arg>SL</arg>
<arg>SM</arg>
<arg>SN</arg>
<arg>SO</arg>
<arg>SR</arg>
<arg>SS</arg>
<arg>ST</arg>
<arg>SV</arg>
<arg>SX</arg>
<arg>SY</arg>
<arg>SZ</arg>
<arg>TC</arg>
<arg>TD</arg>
<arg>TF</arg>
<arg>TG</arg>
<arg>TH</arg>
<arg>TJ</arg>
<arg>TK</arg>
<arg>TL</arg>
<arg>TM</arg>
<arg>TN</arg>
<arg>TO</arg>
<arg>TR</arg>
<arg>TT</arg>
<arg>TV</arg>
<arg>TW</arg>
<arg>TZ</arg>
<arg>UA</arg>
<arg>UG</arg>
<arg>UM</arg>
<arg>US</arg>
<arg>UY</arg>
<arg>UZ</arg>
<arg>VA</arg>
<arg>VC</arg>
<arg>VE</arg>
<arg>VG</arg>
<arg>VI</arg>
<arg>VN</arg>
<arg>VU</arg>
<arg>WF</arg>
<arg>WS</arg>
<arg>XK</arg>
<arg>YE</arg>
<arg>YT</arg>
<arg>ZA</arg>
<arg>ZM</arg>
<arg>ZW</arg>
<doc>Returns a list containing given items.</doc>
<status status="PASS" start="2024-06-09T08:17:22.222617" elapsed="0.000620"/>
</kw>
<kw name="List Should Contain Value" owner="Collections">
<msg time="2024-06-09T08:17:22.224224" level="INFO">False</msg>
<arg>${list_country}</arg>
<arg>${name_country}</arg>
<doc>Fails if the ``value`` is not found from ``list``.</doc>
<status status="PASS" start="2024-06-09T08:17:22.224023" elapsed="0.000237"/>
</kw>
<kw name="Run Keyword If" owner="BuiltIn">
<kw name="Should Be True" owner="BuiltIn">
<arg>${True}</arg>
<doc>Fails if the given condition is not true.</doc>
<status status="PASS" start="2024-06-09T08:17:22.225320" elapsed="0.000144"/>
</kw>
<arg>${json_data["results"][0]["location"]["coordinates"]["latitude"]} &gt;= -90 and ${json_data["results"][0]["location"]["coordinates"]["latitude"]} &lt;= 90</arg>
<arg>Should Be True</arg>
<arg>${True}</arg>
<doc>Runs the given keyword with the given arguments, if ``condition`` is true.</doc>
<status status="PASS" start="2024-06-09T08:17:22.224572" elapsed="0.001017"/>
</kw>
<kw name="Run Keyword If" owner="BuiltIn">
<kw name="Should Be True" owner="BuiltIn">
<arg>${True}</arg>
<doc>Fails if the given condition is not true.</doc>
<status status="PASS" start="2024-06-09T08:17:22.226499" elapsed="0.000137"/>
</kw>
<arg>${json_data["results"][0]["location"]["coordinates"]["longitude"]} &gt;= -180 and ${json_data["results"][0]["location"]["coordinates"]["longitude"]} &lt;= 180</arg>
<arg>Should Be True</arg>
<arg>${True}</arg>
<doc>Runs the given keyword with the given arguments, if ``condition`` is true.</doc>
<status status="PASS" start="2024-06-09T08:17:22.225780" elapsed="0.000978"/>
</kw>
<status status="PASS" start="2024-06-09T08:17:22.122052" elapsed="0.104834"/>
</kw>
<doc>Testa o conteúdo específico dos campos retornados pela API.</doc>
<tag>testeConteudo</tag>
<status status="PASS" start="2024-06-09T08:17:22.121594" elapsed="0.105444"/>
</test>
<status status="PASS" start="2024-06-09T08:17:21.232869" elapsed="0.996078"/>
</suite>
<status status="PASS" start="2024-06-09T08:17:21.210442" elapsed="1.023678"/>
</suite>
<statistics>
<total>
<stat pass="5" fail="0" skip="0">All Tests</stat>
</total>
<tag>
<stat pass="1" fail="0" skip="0">testeConteudo</stat>
<stat pass="1" fail="0" skip="0">testeEstruturaResposta</stat>
<stat pass="1" fail="0" skip="0">testeRequisicaoBasica</stat>
<stat pass="1" fail="0" skip="0">testeTiposDados</stat>
</tag>
<suite>
<stat pass="5" fail="0" skip="0" id="s1" name="Tests">Tests</stat>
<stat pass="5" fail="0" skip="0" id="s1-s1" name="Random-User-Test">Tests.Random-User-Test</stat>
</suite>
</statistics>
<errors>
</errors>
</robot>
