<?xml version="1.0" encoding="UTF-8"?>
<robot generator="Robot 7.0.1 (Python 3.12.4 on linux)" generated="2024-06-21T06:21:16.185775" rpa="false" schemaversion="5">
<suite id="s1" name="Tests" source="/home/runner/work/ApiRandomUser/ApiRandomUser/RamdonUser/tests">
<suite id="s1-s1" name="Random-User-Test" source="/home/runner/work/ApiRandomUser/ApiRandomUser/RamdonUser/tests/random-user-test.robot">
<test id="s1-s1-t1" name="Conectar" line="13">
<kw name="Conectar API" owner="random-user-service">
<kw name="Create Session" owner="RequestsLibrary">
<msg time="2024-06-21T06:21:16.582749" level="INFO">Creating Session using : alias=consultarAPI, url=https://randomuser.me/, headers={},                     cookies={}, auth=None, timeout=None, proxies=None, verify=False,                     debug=0 </msg>
<arg>consultarAPI</arg>
<arg>${URL}</arg>
<doc>Create Session: create a HTTP session to a server</doc>
<status status="PASS" start="2024-06-21T06:21:16.582548" elapsed="0.000382"/>
</kw>
<status status="PASS" start="2024-06-21T06:21:16.581579" elapsed="0.001711"/>
</kw>
<status status="PASS" start="2024-06-21T06:21:16.580943" elapsed="0.002539"/>
</test>
<test id="s1-s1-t2" name="Validar retorno 200 e JSON Válido" line="16">
<kw name="Teste de Requisicao Basica" owner="random-user-service">
<kw name="GET On Session" owner="RequestsLibrary">
<msg time="2024-06-21T06:21:16.851185" level="INFO">GET Request : url=https://randomuser.me/api 
 path_url=/api 
 headers={'User-Agent': 'python-requests/2.32.3', 'Accept-Encoding': 'gzip, deflate', 'Accept': '*/*', 'Connection': 'keep-alive'} 
 body=None 
 </msg>
<msg time="2024-06-21T06:21:16.851345" level="INFO">GET Response : url=https://randomuser.me/api 
 status=200, reason=OK 
 headers={'Date': 'Fri, 21 Jun 2024 06:21:16 GMT', 'Content-Type': 'application/json; charset=utf-8', 'Transfer-Encoding': 'chunked', 'Connection': 'keep-alive', 'X-Powered-By': 'Express', 'Access-Control-Allow-Origin': '*', 'Cache-Control': 'no-cache', 'ETag': 'W/"4ac-fsuYDkOq4vt6h602UxzWvykm9eA"', 'Vary': 'Accept-Encoding', 'Content-Encoding': 'gzip', 'CF-Cache-Status': 'DYNAMIC', 'Report-To': '{"endpoints":[{"url":"https:\\/\\/a.nel.cloudflare.com\\/report\\/v4?s=XUChAhbvrfXqNmG%2Fuy7cWt5CVXuDHT2%2FRY5YLv27qa1po7VA5o6PPrpUn2FPvI%2BAOk5t%2B7trEqTHh0jwp1w2aQfiuFvMq0%2FklNWZLRlgplWKvJnb%2FT0W9mQfqV7Yn1Qe"}],"group":"cf-nel","max_age":604800}', 'NEL': '{"success_fraction":0,"report_to":"cf-nel","max_age":604800}', 'Server': 'cloudflare', 'CF-RAY': '8971e5c3cb0f239e-SJC', 'alt-svc': 'h3=":443"; ma=86400'} 
 body={"results":[{"gender":"male","name":{"title":"Mr","first":"Gauthier","last":"Gauthier"},"location":{"street":{"number":9187,"name":"Rue des Jardins"},"city":"Villeurbanne","state":"Hérault","country":"France","postcode":45611,"coordinates":{"latitude":"-20.2974","longitude":"-30.3252"},"timezone":{"offset":"+3:00","description":"Baghdad, Riyadh, Moscow, St. Petersburg"}},"email":"gauthier.gauthier@example.com","login":{"uuid":"558ebf76-ba90-4587-9a6c-9238f13437dd","username":"greenrabbit633","password":"opendoor","salt":"TQJcwFEw","md5":"83f964b0f85bbf4989f76b5628f1ba90","sha1":"1390ee6a833680589328359eb08ad021090f32b9","sha256":"e78f52a8d95d088b297f34e66311b577f985683fbe896448356356e8f607a1fe"},"dob":{"date":"1952-11-02T06:32:55.500Z","age":71},"registered":{"date":"2006-11-16T07:38:08.167Z","age":17},"phone":"05-02-22-48-87","cell":"06-14-29-66-55","id":{"name":"INSEE","value":"1521065279931 86"},"picture":{"large":"https://randomuser.me/api/portraits/men/50.jpg","medium":"https://randomuser.me/api/portraits/med/men/50.jpg","thumbnail":"https://randomuser.me/api/portraits/thumb/men/50.jpg"},"nat":"FR"}],"info":{"seed":"b7ff4e1b8ef2d20a","results":1,"page":1,"version":"1.4"}} 
 </msg>
<msg time="2024-06-21T06:21:16.851433" level="INFO">/opt/hostedtoolcache/Python/3.12.4/x64/lib/python3.12/site-packages/urllib3/connectionpool.py:1099: InsecureRequestWarning: Unverified HTTPS request is being made to host 'randomuser.me'. Adding certificate verification is strongly advised. See: https://urllib3.readthedocs.io/en/latest/advanced-usage.html#tls-warnings
  warnings.warn(</msg>
<msg time="2024-06-21T06:21:16.851577" level="INFO">${response} = &lt;Response [200]&gt;</msg>
<var>${response}</var>
<arg>consultarAPI</arg>
<arg>/api</arg>
<doc>Sends a GET request on a previously created HTTP Session.</doc>
<status status="PASS" start="2024-06-21T06:21:16.586181" elapsed="0.265439"/>
</kw>
<kw name="Should Be Equal As Numbers" owner="BuiltIn">
<msg time="2024-06-21T06:21:16.852815" level="INFO">Argument types are:
&lt;class 'int'&gt;
&lt;class 'str'&gt;</msg>
<arg>${response.status_code}</arg>
<arg>200</arg>
<doc>Fails if objects are unequal after converting them to real numbers.</doc>
<status status="PASS" start="2024-06-21T06:21:16.852289" elapsed="0.000606"/>
</kw>
<kw name="Log" owner="BuiltIn">
<msg time="2024-06-21T06:21:16.853566" level="INFO">200</msg>
<arg>${response.status_code}</arg>
<doc>Logs the given message with the given level.</doc>
<status status="PASS" start="2024-06-21T06:21:16.853216" elapsed="0.000393"/>
</kw>
<kw name="Set Variable" owner="BuiltIn">
<msg time="2024-06-21T06:21:16.854374" level="INFO">${json_data} = {'results': [{'gender': 'male', 'name': {'title': 'Mr', 'first': 'Gauthier', 'last': 'Gauthier'}, 'location': {'street': {'number': 9187, 'name': 'Rue des Jardins'}, 'city': 'Villeurbanne', 'state': '...</msg>
<var>${json_data}</var>
<arg>${response.json()}</arg>
<doc>Returns the given values which can then be assigned to a variables.</doc>
<status status="PASS" start="2024-06-21T06:21:16.853913" elapsed="0.000489"/>
</kw>
<kw name="Dictionary Should Contain Key" owner="Collections">
<arg>${json_data}</arg>
<arg>results</arg>
<doc>Fails if ``key`` is not found from ``dictionary``.</doc>
<status status="PASS" start="2024-06-21T06:21:16.854703" elapsed="0.000170"/>
</kw>
<status status="PASS" start="2024-06-21T06:21:16.585938" elapsed="0.269089"/>
</kw>
<doc>Testa se a API responde corretamente e retorna um objeto JSON válido.</doc>
<tag>testeRequisicaoBasica</tag>
<status status="PASS" start="2024-06-21T06:21:16.585394" elapsed="0.269807"/>
</test>
<test id="s1-s1-t3" name="Validar estrutura de resposta" line="22">
<kw name="Teste de Estrutura de Resposta" owner="random-user-service">
<kw name="GET On Session" owner="RequestsLibrary">
<msg time="2024-06-21T06:21:16.950547" level="INFO">GET Request : url=https://randomuser.me/api 
 path_url=/api 
 headers={'User-Agent': 'python-requests/2.32.3', 'Accept-Encoding': 'gzip, deflate', 'Accept': '*/*', 'Connection': 'keep-alive'} 
 body=None 
 </msg>
<msg time="2024-06-21T06:21:16.950649" level="INFO">GET Response : url=https://randomuser.me/api 
 status=200, reason=OK 
 headers={'Date': 'Fri, 21 Jun 2024 06:21:16 GMT', 'Content-Type': 'application/json; charset=utf-8', 'Transfer-Encoding': 'chunked', 'Connection': 'keep-alive', 'X-Powered-By': 'Express', 'Access-Control-Allow-Origin': '*', 'Cache-Control': 'no-cache', 'ETag': 'W/"499-HHBN7/xZ28DFULWa44kIynFVKZo"', 'Vary': 'Accept-Encoding', 'Content-Encoding': 'gzip', 'CF-Cache-Status': 'DYNAMIC', 'Report-To': '{"endpoints":[{"url":"https:\\/\\/a.nel.cloudflare.com\\/report\\/v4?s=LGMtUOUHVzE%2B6U5GrHpwEKWgmeBCNglGmaZsFW2EwkrrHKBNiR3J%2FLyXW46D8OwcAzAPeS%2FJbfJ1v7xHztyoS6FrjIfl6DHWBm%2Bc1E6x8rq60N44bTbAA3Pyb1Dv3JXF"}],"group":"cf-nel","max_age":604800}', 'NEL': '{"success_fraction":0,"report_to":"cf-nel","max_age":604800}', 'Server': 'cloudflare', 'CF-RAY': '8971e5c46bae239e-SJC', 'alt-svc': 'h3=":443"; ma=86400'} 
 body={"results":[{"gender":"female","name":{"title":"Ms","first":"Anna","last":"Diez"},"location":{"street":{"number":1809,"name":"Calle de Ángel García"},"city":"Oviedo","state":"Comunidad de Madrid","country":"Spain","postcode":35193,"coordinates":{"latitude":"-35.4249","longitude":"33.1396"},"timezone":{"offset":"-3:00","description":"Brazil, Buenos Aires, Georgetown"}},"email":"anna.diez@example.com","login":{"uuid":"13f52b98-4e2a-4d48-8594-64586f55488c","username":"crazykoala363","password":"michaela","salt":"5jN2sFVu","md5":"c438c65d5937ca3cc7caca45537cc7de","sha1":"c03eefc5d7d92277fed5e501eacd3bf13f2a9737","sha256":"303cb0f60b0214833ebb2ba48794463e43274b7ed19626d83e8838ec6847b116"},"dob":{"date":"1963-07-07T10:52:53.909Z","age":60},"registered":{"date":"2012-10-23T14:00:36.672Z","age":11},"phone":"993-325-579","cell":"669-338-029","id":{"name":"DNI","value":"55953780-K"},"picture":{"large":"https://randomuser.me/api/portraits/women/42.jpg","medium":"https://randomuser.me/api/portraits/med/women/42.jpg","thumbnail":"https://randomuser.me/api/portraits/thumb/women/42.jpg"},"nat":"ES"}],"info":{"seed":"369d2310bd88f244","results":1,"page":1,"version":"1.4"}} 
 </msg>
<msg time="2024-06-21T06:21:16.950792" level="INFO">/opt/hostedtoolcache/Python/3.12.4/x64/lib/python3.12/site-packages/urllib3/connectionpool.py:1099: InsecureRequestWarning: Unverified HTTPS request is being made to host 'randomuser.me'. Adding certificate verification is strongly advised. See: https://urllib3.readthedocs.io/en/latest/advanced-usage.html#tls-warnings
  warnings.warn(</msg>
<msg time="2024-06-21T06:21:16.950918" level="INFO">${response} = &lt;Response [200]&gt;</msg>
<var>${response}</var>
<arg>consultarAPI</arg>
<arg>/api</arg>
<doc>Sends a GET request on a previously created HTTP Session.</doc>
<status status="PASS" start="2024-06-21T06:21:16.857936" elapsed="0.093019"/>
</kw>
<kw name="Set Variable" owner="BuiltIn">
<msg time="2024-06-21T06:21:16.952010" level="INFO">${json_data} = {'results': [{'gender': 'female', 'name': {'title': 'Ms', 'first': 'Anna', 'last': 'Diez'}, 'location': {'street': {'number': 1809, 'name': 'Calle de Ángel García'}, 'city': 'Oviedo', 'state': 'Comuni...</msg>
<var>${json_data}</var>
<arg>${response.json()}</arg>
<doc>Returns the given values which can then be assigned to a variables.</doc>
<status status="PASS" start="2024-06-21T06:21:16.951483" elapsed="0.000557"/>
</kw>
<kw name="Log" owner="BuiltIn">
<msg time="2024-06-21T06:21:16.952523" level="INFO">{'results': [{'gender': 'female', 'name': {'title': 'Ms', 'first': 'Anna', 'last': 'Diez'}, 'location': {'street': {'number': 1809, 'name': 'Calle de Ángel García'}, 'city': 'Oviedo', 'state': 'Comunidad de Madrid', 'country': 'Spain', 'postcode': 35193, 'coordinates': {'latitude': '-35.4249', 'longitude': '33.1396'}, 'timezone': {'offset': '-3:00', 'description': 'Brazil, Buenos Aires, Georgetown'}}, 'email': 'anna.diez@example.com', 'login': {'uuid': '13f52b98-4e2a-4d48-8594-64586f55488c', 'username': 'crazykoala363', 'password': 'michaela', 'salt': '5jN2sFVu', 'md5': 'c438c65d5937ca3cc7caca45537cc7de', 'sha1': 'c03eefc5d7d92277fed5e501eacd3bf13f2a9737', 'sha256': '303cb0f60b0214833ebb2ba48794463e43274b7ed19626d83e8838ec6847b116'}, 'dob': {'date': '1963-07-07T10:52:53.909Z', 'age': 60}, 'registered': {'date': '2012-10-23T14:00:36.672Z', 'age': 11}, 'phone': '993-325-579', 'cell': '669-338-029', 'id': {'name': 'DNI', 'value': '55953780-K'}, 'picture': {'large': 'https://randomuser.me/api/portraits/women/42.jpg', 'medium': 'https://randomuser.me/api/portraits/med/women/42.jpg', 'thumbnail': 'https://randomuser.me/api/portraits/thumb/women/42.jpg'}, 'nat': 'ES'}], 'info': {'seed': '369d2310bd88f244', 'results': 1, 'page': 1, 'version': '1.4'}}</msg>
<arg>${json_data}</arg>
<doc>Logs the given message with the given level.</doc>
<status status="PASS" start="2024-06-21T06:21:16.952352" elapsed="0.000255"/>
</kw>
<kw name="Dictionary Should Contain Key" owner="Collections">
<arg>${json_data}</arg>
<arg>results</arg>
<doc>Fails if ``key`` is not found from ``dictionary``.</doc>
<status status="PASS" start="2024-06-21T06:21:16.952908" elapsed="0.000161"/>
</kw>
<kw name="Should Not Be Empty" owner="BuiltIn">
<msg time="2024-06-21T06:21:16.953374" level="INFO">Length is 2.</msg>
<arg>${json_data}</arg>
<doc>Verifies that the given item is not empty.</doc>
<status status="PASS" start="2024-06-21T06:21:16.953250" elapsed="0.000163"/>
</kw>
<kw name="Create List" owner="BuiltIn">
<msg time="2024-06-21T06:21:16.954014" level="INFO">${expected_keys} = ['gender', 'name', 'location', 'email', 'login']</msg>
<var>${expected_keys}</var>
<arg>gender</arg>
<arg>name</arg>
<arg>location</arg>
<arg>email</arg>
<arg>login</arg>
<doc>Returns a list containing given items.</doc>
<status status="PASS" start="2024-06-21T06:21:16.953709" elapsed="0.000330"/>
</kw>
<for flavor="IN">
<iter>
<kw name="Dictionary Should Contain Key" owner="Collections">
<arg>${json_data['results'][0]}</arg>
<arg>${key}</arg>
<doc>Fails if ``key`` is not found from ``dictionary``.</doc>
<status status="PASS" start="2024-06-21T06:21:16.954848" elapsed="0.000491"/>
</kw>
<kw name="Log" owner="BuiltIn">
<msg time="2024-06-21T06:21:16.955901" level="INFO">{'gender': 'female', 'name': {'title': 'Ms', 'first': 'Anna', 'last': 'Diez'}, 'location': {'street': {'number': 1809, 'name': 'Calle de Ángel García'}, 'city': 'Oviedo', 'state': 'Comunidad de Madrid', 'country': 'Spain', 'postcode': 35193, 'coordinates': {'latitude': '-35.4249', 'longitude': '33.1396'}, 'timezone': {'offset': '-3:00', 'description': 'Brazil, Buenos Aires, Georgetown'}}, 'email': 'anna.diez@example.com', 'login': {'uuid': '13f52b98-4e2a-4d48-8594-64586f55488c', 'username': 'crazykoala363', 'password': 'michaela', 'salt': '5jN2sFVu', 'md5': 'c438c65d5937ca3cc7caca45537cc7de', 'sha1': 'c03eefc5d7d92277fed5e501eacd3bf13f2a9737', 'sha256': '303cb0f60b0214833ebb2ba48794463e43274b7ed19626d83e8838ec6847b116'}, 'dob': {'date': '1963-07-07T10:52:53.909Z', 'age': 60}, 'registered': {'date': '2012-10-23T14:00:36.672Z', 'age': 11}, 'phone': '993-325-579', 'cell': '669-338-029', 'id': {'name': 'DNI', 'value': '55953780-K'}, 'picture': {'large': 'https://randomuser.me/api/portraits/women/42.jpg', 'medium': 'https://randomuser.me/api/portraits/med/women/42.jpg', 'thumbnail': 'https://randomuser.me/api/portraits/thumb/women/42.jpg'}, 'nat': 'ES'}</msg>
<arg>${json_data['results'][0]}</arg>
<doc>Logs the given message with the given level.</doc>
<status status="PASS" start="2024-06-21T06:21:16.955531" elapsed="0.000420"/>
</kw>
<kw name="Log" owner="BuiltIn">
<msg time="2024-06-21T06:21:16.956383" level="INFO">gender</msg>
<arg>${key}</arg>
<doc>Logs the given message with the given level.</doc>
<status status="PASS" start="2024-06-21T06:21:16.956253" elapsed="0.000167"/>
</kw>
<var name="${key}">gender</var>
<status status="PASS" start="2024-06-21T06:21:16.954662" elapsed="0.002001"/>
</iter>
<iter>
<kw name="Dictionary Should Contain Key" owner="Collections">
<arg>${json_data['results'][0]}</arg>
<arg>${key}</arg>
<doc>Fails if ``key`` is not found from ``dictionary``.</doc>
<status status="PASS" start="2024-06-21T06:21:16.956961" elapsed="0.000380"/>
</kw>
<kw name="Log" owner="BuiltIn">
<msg time="2024-06-21T06:21:16.957883" level="INFO">{'gender': 'female', 'name': {'title': 'Ms', 'first': 'Anna', 'last': 'Diez'}, 'location': {'street': {'number': 1809, 'name': 'Calle de Ángel García'}, 'city': 'Oviedo', 'state': 'Comunidad de Madrid', 'country': 'Spain', 'postcode': 35193, 'coordinates': {'latitude': '-35.4249', 'longitude': '33.1396'}, 'timezone': {'offset': '-3:00', 'description': 'Brazil, Buenos Aires, Georgetown'}}, 'email': 'anna.diez@example.com', 'login': {'uuid': '13f52b98-4e2a-4d48-8594-64586f55488c', 'username': 'crazykoala363', 'password': 'michaela', 'salt': '5jN2sFVu', 'md5': 'c438c65d5937ca3cc7caca45537cc7de', 'sha1': 'c03eefc5d7d92277fed5e501eacd3bf13f2a9737', 'sha256': '303cb0f60b0214833ebb2ba48794463e43274b7ed19626d83e8838ec6847b116'}, 'dob': {'date': '1963-07-07T10:52:53.909Z', 'age': 60}, 'registered': {'date': '2012-10-23T14:00:36.672Z', 'age': 11}, 'phone': '993-325-579', 'cell': '669-338-029', 'id': {'name': 'DNI', 'value': '55953780-K'}, 'picture': {'large': 'https://randomuser.me/api/portraits/women/42.jpg', 'medium': 'https://randomuser.me/api/portraits/med/women/42.jpg', 'thumbnail': 'https://randomuser.me/api/portraits/thumb/women/42.jpg'}, 'nat': 'ES'}</msg>
<arg>${json_data['results'][0]}</arg>
<doc>Logs the given message with the given level.</doc>
<status status="PASS" start="2024-06-21T06:21:16.957525" elapsed="0.000446"/>
</kw>
<kw name="Log" owner="BuiltIn">
<msg time="2024-06-21T06:21:16.958408" level="INFO">name</msg>
<arg>${key}</arg>
<doc>Logs the given message with the given level.</doc>
<status status="PASS" start="2024-06-21T06:21:16.958269" elapsed="0.000183"/>
</kw>
<var name="${key}">name</var>
<status status="PASS" start="2024-06-21T06:21:16.956849" elapsed="0.001819"/>
</iter>
<iter>
<kw name="Dictionary Should Contain Key" owner="Collections">
<arg>${json_data['results'][0]}</arg>
<arg>${key}</arg>
<doc>Fails if ``key`` is not found from ``dictionary``.</doc>
<status status="PASS" start="2024-06-21T06:21:16.958953" elapsed="0.000388"/>
</kw>
<kw name="Log" owner="BuiltIn">
<msg time="2024-06-21T06:21:16.959887" level="INFO">{'gender': 'female', 'name': {'title': 'Ms', 'first': 'Anna', 'last': 'Diez'}, 'location': {'street': {'number': 1809, 'name': 'Calle de Ángel García'}, 'city': 'Oviedo', 'state': 'Comunidad de Madrid', 'country': 'Spain', 'postcode': 35193, 'coordinates': {'latitude': '-35.4249', 'longitude': '33.1396'}, 'timezone': {'offset': '-3:00', 'description': 'Brazil, Buenos Aires, Georgetown'}}, 'email': 'anna.diez@example.com', 'login': {'uuid': '13f52b98-4e2a-4d48-8594-64586f55488c', 'username': 'crazykoala363', 'password': 'michaela', 'salt': '5jN2sFVu', 'md5': 'c438c65d5937ca3cc7caca45537cc7de', 'sha1': 'c03eefc5d7d92277fed5e501eacd3bf13f2a9737', 'sha256': '303cb0f60b0214833ebb2ba48794463e43274b7ed19626d83e8838ec6847b116'}, 'dob': {'date': '1963-07-07T10:52:53.909Z', 'age': 60}, 'registered': {'date': '2012-10-23T14:00:36.672Z', 'age': 11}, 'phone': '993-325-579', 'cell': '669-338-029', 'id': {'name': 'DNI', 'value': '55953780-K'}, 'picture': {'large': 'https://randomuser.me/api/portraits/women/42.jpg', 'medium': 'https://randomuser.me/api/portraits/med/women/42.jpg', 'thumbnail': 'https://randomuser.me/api/portraits/thumb/women/42.jpg'}, 'nat': 'ES'}</msg>
<arg>${json_data['results'][0]}</arg>
<doc>Logs the given message with the given level.</doc>
<status status="PASS" start="2024-06-21T06:21:16.959530" elapsed="0.000409"/>
</kw>
<kw name="Log" owner="BuiltIn">
<msg time="2024-06-21T06:21:16.960355" level="INFO">location</msg>
<arg>${key}</arg>
<doc>Logs the given message with the given level.</doc>
<status status="PASS" start="2024-06-21T06:21:16.960229" elapsed="0.000163"/>
</kw>
<var name="${key}">location</var>
<status status="PASS" start="2024-06-21T06:21:16.958845" elapsed="0.001798"/>
</iter>
<iter>
<kw name="Dictionary Should Contain Key" owner="Collections">
<arg>${json_data['results'][0]}</arg>
<arg>${key}</arg>
<doc>Fails if ``key`` is not found from ``dictionary``.</doc>
<status status="PASS" start="2024-06-21T06:21:16.960925" elapsed="0.000384"/>
</kw>
<kw name="Log" owner="BuiltIn">
<msg time="2024-06-21T06:21:16.962015" level="INFO">{'gender': 'female', 'name': {'title': 'Ms', 'first': 'Anna', 'last': 'Diez'}, 'location': {'street': {'number': 1809, 'name': 'Calle de Ángel García'}, 'city': 'Oviedo', 'state': 'Comunidad de Madrid', 'country': 'Spain', 'postcode': 35193, 'coordinates': {'latitude': '-35.4249', 'longitude': '33.1396'}, 'timezone': {'offset': '-3:00', 'description': 'Brazil, Buenos Aires, Georgetown'}}, 'email': 'anna.diez@example.com', 'login': {'uuid': '13f52b98-4e2a-4d48-8594-64586f55488c', 'username': 'crazykoala363', 'password': 'michaela', 'salt': '5jN2sFVu', 'md5': 'c438c65d5937ca3cc7caca45537cc7de', 'sha1': 'c03eefc5d7d92277fed5e501eacd3bf13f2a9737', 'sha256': '303cb0f60b0214833ebb2ba48794463e43274b7ed19626d83e8838ec6847b116'}, 'dob': {'date': '1963-07-07T10:52:53.909Z', 'age': 60}, 'registered': {'date': '2012-10-23T14:00:36.672Z', 'age': 11}, 'phone': '993-325-579', 'cell': '669-338-029', 'id': {'name': 'DNI', 'value': '55953780-K'}, 'picture': {'large': 'https://randomuser.me/api/portraits/women/42.jpg', 'medium': 'https://randomuser.me/api/portraits/med/women/42.jpg', 'thumbnail': 'https://randomuser.me/api/portraits/thumb/women/42.jpg'}, 'nat': 'ES'}</msg>
<arg>${json_data['results'][0]}</arg>
<doc>Logs the given message with the given level.</doc>
<status status="PASS" start="2024-06-21T06:21:16.961536" elapsed="0.000536"/>
</kw>
<kw name="Log" owner="BuiltIn">
<msg time="2024-06-21T06:21:16.962505" level="INFO">email</msg>
<arg>${key}</arg>
<doc>Logs the given message with the given level.</doc>
<status status="PASS" start="2024-06-21T06:21:16.962370" elapsed="0.000172"/>
</kw>
<var name="${key}">email</var>
<status status="PASS" start="2024-06-21T06:21:16.960816" elapsed="0.001938"/>
</iter>
<iter>
<kw name="Dictionary Should Contain Key" owner="Collections">
<arg>${json_data['results'][0]}</arg>
<arg>${key}</arg>
<doc>Fails if ``key`` is not found from ``dictionary``.</doc>
<status status="PASS" start="2024-06-21T06:21:16.963032" elapsed="0.000392"/>
</kw>
<kw name="Log" owner="BuiltIn">
<msg time="2024-06-21T06:21:16.963957" level="INFO">{'gender': 'female', 'name': {'title': 'Ms', 'first': 'Anna', 'last': 'Diez'}, 'location': {'street': {'number': 1809, 'name': 'Calle de Ángel García'}, 'city': 'Oviedo', 'state': 'Comunidad de Madrid', 'country': 'Spain', 'postcode': 35193, 'coordinates': {'latitude': '-35.4249', 'longitude': '33.1396'}, 'timezone': {'offset': '-3:00', 'description': 'Brazil, Buenos Aires, Georgetown'}}, 'email': 'anna.diez@example.com', 'login': {'uuid': '13f52b98-4e2a-4d48-8594-64586f55488c', 'username': 'crazykoala363', 'password': 'michaela', 'salt': '5jN2sFVu', 'md5': 'c438c65d5937ca3cc7caca45537cc7de', 'sha1': 'c03eefc5d7d92277fed5e501eacd3bf13f2a9737', 'sha256': '303cb0f60b0214833ebb2ba48794463e43274b7ed19626d83e8838ec6847b116'}, 'dob': {'date': '1963-07-07T10:52:53.909Z', 'age': 60}, 'registered': {'date': '2012-10-23T14:00:36.672Z', 'age': 11}, 'phone': '993-325-579', 'cell': '669-338-029', 'id': {'name': 'DNI', 'value': '55953780-K'}, 'picture': {'large': 'https://randomuser.me/api/portraits/women/42.jpg', 'medium': 'https://randomuser.me/api/portraits/med/women/42.jpg', 'thumbnail': 'https://randomuser.me/api/portraits/thumb/women/42.jpg'}, 'nat': 'ES'}</msg>
<arg>${json_data['results'][0]}</arg>
<doc>Logs the given message with the given level.</doc>
<status status="PASS" start="2024-06-21T06:21:16.963604" elapsed="0.000403"/>
</kw>
<kw name="Log" owner="BuiltIn">
<msg time="2024-06-21T06:21:16.964432" level="INFO">login</msg>
<arg>${key}</arg>
<doc>Logs the given message with the given level.</doc>
<status status="PASS" start="2024-06-21T06:21:16.964303" elapsed="0.000167"/>
</kw>
<var name="${key}">login</var>
<status status="PASS" start="2024-06-21T06:21:16.962925" elapsed="0.001800"/>
</iter>
<var>${key}</var>
<value>@{expected_keys}</value>
<status status="PASS" start="2024-06-21T06:21:16.954378" elapsed="0.010467"/>
</for>
<kw name="Create List" owner="BuiltIn">
<msg time="2024-06-21T06:21:16.965215" level="INFO">${expected_keysTwo} = ['username', 'password']</msg>
<var>${expected_keysTwo}</var>
<arg>username</arg>
<arg>password</arg>
<doc>Returns a list containing given items.</doc>
<status status="PASS" start="2024-06-21T06:21:16.965047" elapsed="0.000192"/>
</kw>
<for flavor="IN">
<iter>
<kw name="Dictionary Should Contain Key" owner="Collections">
<arg>${json_data['results'][0]['login']}</arg>
<arg>${keyTwo}</arg>
<doc>Fails if ``key`` is not found from ``dictionary``.</doc>
<status status="PASS" start="2024-06-21T06:21:16.965738" elapsed="0.000387"/>
</kw>
<kw name="Dictionary Should Contain Key" owner="Collections">
<arg>${json_data['results'][0]['login']}</arg>
<arg>${keyTwo}</arg>
<doc>Fails if ``key`` is not found from ``dictionary``.</doc>
<status status="PASS" start="2024-06-21T06:21:16.966308" elapsed="0.000369"/>
</kw>
<kw name="Log" owner="BuiltIn">
<msg time="2024-06-21T06:21:16.966972" level="INFO">username</msg>
<arg>${keyTwo}</arg>
<doc>Logs the given message with the given level.</doc>
<status status="PASS" start="2024-06-21T06:21:16.966853" elapsed="0.000156"/>
</kw>
<var name="${keyTwo}">username</var>
<status status="PASS" start="2024-06-21T06:21:16.965631" elapsed="0.001600"/>
</iter>
<iter>
<kw name="Dictionary Should Contain Key" owner="Collections">
<arg>${json_data['results'][0]['login']}</arg>
<arg>${keyTwo}</arg>
<doc>Fails if ``key`` is not found from ``dictionary``.</doc>
<status status="PASS" start="2024-06-21T06:21:16.967502" elapsed="0.000393"/>
</kw>
<kw name="Dictionary Should Contain Key" owner="Collections">
<arg>${json_data['results'][0]['login']}</arg>
<arg>${keyTwo}</arg>
<doc>Fails if ``key`` is not found from ``dictionary``.</doc>
<status status="PASS" start="2024-06-21T06:21:16.968070" elapsed="0.000376"/>
</kw>
<kw name="Log" owner="BuiltIn">
<msg time="2024-06-21T06:21:16.968770" level="INFO">password</msg>
<arg>${keyTwo}</arg>
<doc>Logs the given message with the given level.</doc>
<status status="PASS" start="2024-06-21T06:21:16.968649" elapsed="0.000159"/>
</kw>
<var name="${keyTwo}">password</var>
<status status="PASS" start="2024-06-21T06:21:16.967398" elapsed="0.001721"/>
</iter>
<var>${keyTwo}</var>
<value>@{expected_keysTwo}</value>
<status status="PASS" start="2024-06-21T06:21:16.965477" elapsed="0.003762"/>
</for>
<status status="PASS" start="2024-06-21T06:21:16.857700" elapsed="0.111680"/>
</kw>
<doc>Testa a estrutura da resposta da API.</doc>
<tag>testeEstruturaResposta</tag>
<status status="PASS" start="2024-06-21T06:21:16.857085" elapsed="0.112447"/>
</test>
<test id="s1-s1-t4" name="Validar tipos de dados" line="28">
<kw name="Teste de Tipos de Dados" owner="random-user-service">
<kw name="GET On Session" owner="RequestsLibrary">
<msg time="2024-06-21T06:21:17.064203" level="INFO">GET Request : url=https://randomuser.me/api 
 path_url=/api 
 headers={'User-Agent': 'python-requests/2.32.3', 'Accept-Encoding': 'gzip, deflate', 'Accept': '*/*', 'Connection': 'keep-alive'} 
 body=None 
 </msg>
<msg time="2024-06-21T06:21:17.064309" level="INFO">GET Response : url=https://randomuser.me/api 
 status=200, reason=OK 
 headers={'Date': 'Fri, 21 Jun 2024 06:21:17 GMT', 'Content-Type': 'application/json; charset=utf-8', 'Transfer-Encoding': 'chunked', 'Connection': 'keep-alive', 'X-Powered-By': 'Express', 'Access-Control-Allow-Origin': '*', 'Cache-Control': 'no-cache', 'ETag': 'W/"4a9-65V45vGjHr0/g/S+8G+DGtbFszs"', 'Vary': 'Accept-Encoding', 'Content-Encoding': 'gzip', 'CF-Cache-Status': 'DYNAMIC', 'Report-To': '{"endpoints":[{"url":"https:\\/\\/a.nel.cloudflare.com\\/report\\/v4?s=JoDlBFS%2FkcU4amCxukvnGZOwhhCCzBeH1QKR%2Bq%2B8lhohTgO6uoL9EANhwjdulnTtML0Y6CfMRw83HxgtHOVZfLZgg8XU%2BlJsGjG2Fgh9dpKGzhCpTkLuwJR7LjBdlkPF"}],"group":"cf-nel","max_age":604800}', 'NEL': '{"success_fraction":0,"report_to":"cf-nel","max_age":604800}', 'Server': 'cloudflare', 'CF-RAY': '8971e5c51c2f239e-SJC', 'alt-svc': 'h3=":443"; ma=86400'} 
 body={"results":[{"gender":"male","name":{"title":"Mr","first":"Heinz Dieter","last":"Binder"},"location":{"street":{"number":4327,"name":"Hauptstraße"},"city":"Vöhringen","state":"Brandenburg","country":"Germany","postcode":63341,"coordinates":{"latitude":"-48.4485","longitude":"-67.5133"},"timezone":{"offset":"-5:00","description":"Eastern Time (US &amp; Canada), Bogota, Lima"}},"email":"heinzdieter.binder@example.com","login":{"uuid":"60366e39-575c-4bf1-a5ea-529ceb991228","username":"tinyostrich382","password":"foxylady","salt":"vDwUR7g4","md5":"a601613ffa08bc5be6c998c6b5697cda","sha1":"d70592a3425ba42975c71b037c8f65f885dba4e4","sha256":"fa177b9a0e6a95d4eff12692f9efe9be6cebf745c57aef81edb7f085e2bef2c6"},"dob":{"date":"1951-12-24T04:27:24.507Z","age":72},"registered":{"date":"2013-11-27T06:44:03.217Z","age":10},"phone":"0875-5111555","cell":"0174-4143754","id":{"name":"SVNR","value":"10 231251 B 030"},"picture":{"large":"https://randomuser.me/api/portraits/men/79.jpg","medium":"https://randomuser.me/api/portraits/med/men/79.jpg","thumbnail":"https://randomuser.me/api/portraits/thumb/men/79.jpg"},"nat":"DE"}],"info":{"seed":"8f4186a92978b677","results":1,"page":1,"version":"1.4"}} 
 </msg>
<msg time="2024-06-21T06:21:17.064394" level="INFO">/opt/hostedtoolcache/Python/3.12.4/x64/lib/python3.12/site-packages/urllib3/connectionpool.py:1099: InsecureRequestWarning: Unverified HTTPS request is being made to host 'randomuser.me'. Adding certificate verification is strongly advised. See: https://urllib3.readthedocs.io/en/latest/advanced-usage.html#tls-warnings
  warnings.warn(</msg>
<msg time="2024-06-21T06:21:17.064552" level="INFO">${response} = &lt;Response [200]&gt;</msg>
<var>${response}</var>
<arg>consultarAPI</arg>
<arg>/api</arg>
<doc>Sends a GET request on a previously created HTTP Session.</doc>
<status status="PASS" start="2024-06-21T06:21:16.972042" elapsed="0.092558"/>
</kw>
<kw name="Set Variable" owner="BuiltIn">
<msg time="2024-06-21T06:21:17.065838" level="INFO">${json_data} = {'results': [{'gender': 'male', 'name': {'title': 'Mr', 'first': 'Heinz Dieter', 'last': 'Binder'}, 'location': {'street': {'number': 4327, 'name': 'Hauptstraße'}, 'city': 'Vöhringen', 'state': 'Brand...</msg>
<var>${json_data}</var>
<arg>${response.json()}</arg>
<doc>Returns the given values which can then be assigned to a variables.</doc>
<status status="PASS" start="2024-06-21T06:21:17.065263" elapsed="0.000605"/>
</kw>
<kw name="Log" owner="BuiltIn">
<msg time="2024-06-21T06:21:17.066345" level="INFO">{'results': [{'gender': 'male', 'name': {'title': 'Mr', 'first': 'Heinz Dieter', 'last': 'Binder'}, 'location': {'street': {'number': 4327, 'name': 'Hauptstraße'}, 'city': 'Vöhringen', 'state': 'Brandenburg', 'country': 'Germany', 'postcode': 63341, 'coordinates': {'latitude': '-48.4485', 'longitude': '-67.5133'}, 'timezone': {'offset': '-5:00', 'description': 'Eastern Time (US &amp; Canada), Bogota, Lima'}}, 'email': 'heinzdieter.binder@example.com', 'login': {'uuid': '60366e39-575c-4bf1-a5ea-529ceb991228', 'username': 'tinyostrich382', 'password': 'foxylady', 'salt': 'vDwUR7g4', 'md5': 'a601613ffa08bc5be6c998c6b5697cda', 'sha1': 'd70592a3425ba42975c71b037c8f65f885dba4e4', 'sha256': 'fa177b9a0e6a95d4eff12692f9efe9be6cebf745c57aef81edb7f085e2bef2c6'}, 'dob': {'date': '1951-12-24T04:27:24.507Z', 'age': 72}, 'registered': {'date': '2013-11-27T06:44:03.217Z', 'age': 10}, 'phone': '0875-5111555', 'cell': '0174-4143754', 'id': {'name': 'SVNR', 'value': '10 231251 B 030'}, 'picture': {'large': 'https://randomuser.me/api/portraits/men/79.jpg', 'medium': 'https://randomuser.me/api/portraits/med/men/79.jpg', 'thumbnail': 'https://randomuser.me/api/portraits/thumb/men/79.jpg'}, 'nat': 'DE'}], 'info': {'seed': '8f4186a92978b677', 'results': 1, 'page': 1, 'version': '1.4'}}</msg>
<arg>${json_data}</arg>
<doc>Logs the given message with the given level.</doc>
<status status="PASS" start="2024-06-21T06:21:17.066185" elapsed="0.000211"/>
</kw>
<kw name="Should Be String" owner="String">
<arg>${json_data['results'][0]['gender']}</arg>
<doc>Fails if the given ``item`` is not a string.</doc>
<status status="PASS" start="2024-06-21T06:21:17.066688" elapsed="0.000367"/>
</kw>
<kw name="Should Match Regexp" owner="BuiltIn">
<arg>${json_data['results'][0]['email']}</arg>
<arg>^[a-zA-Z0-9._%+-]+@[a-zA-Z0-9.-]+\.[a-zA-Z]{2,}$</arg>
<doc>Fails if ``string`` does not match ``pattern`` as a regular expression.</doc>
<status status="PASS" start="2024-06-21T06:21:17.067279" elapsed="0.000527"/>
</kw>
<kw name="Should Match Regexp" owner="BuiltIn">
<arg>${json_data['results'][0]['dob']['date']}</arg>
<arg>\\d{4}-\\d{2}-\\d{2}T\\d{2}:\\d{2}:\\d{2}\\.\\d{3}Z</arg>
<doc>Fails if ``string`` does not match ``pattern`` as a regular expression.</doc>
<status status="PASS" start="2024-06-21T06:21:17.067996" elapsed="0.000487"/>
</kw>
<kw name="Should Match Regexp" owner="BuiltIn">
<arg>${json_data['results'][0]['registered']['date']}</arg>
<arg>\\d{4}-\\d{2}-\\d{2}T\\d{2}:\\d{2}:\\d{2}\\.\\d{3}Z</arg>
<doc>Fails if ``string`` does not match ``pattern`` as a regular expression.</doc>
<status status="PASS" start="2024-06-21T06:21:17.068705" elapsed="0.000376"/>
</kw>
<kw name="Should Match Regexp" owner="BuiltIn">
<arg>${json_data['results'][0]['picture']['large']}</arg>
<arg>^https?://.*\.(?:png|jpe?g|gif|bmp)$</arg>
<doc>Fails if ``string`` does not match ``pattern`` as a regular expression.</doc>
<status status="PASS" start="2024-06-21T06:21:17.069266" elapsed="0.000460"/>
</kw>
<kw name="Should Match Regexp" owner="BuiltIn">
<arg>${json_data['results'][0]['picture']['medium']}</arg>
<arg>^https?://.*\.(?:png|jpe?g|gif|bmp)$</arg>
<doc>Fails if ``string`` does not match ``pattern`` as a regular expression.</doc>
<status status="PASS" start="2024-06-21T06:21:17.069913" elapsed="0.000353"/>
</kw>
<kw name="Should Match Regexp" owner="BuiltIn">
<arg>${json_data['results'][0]['picture']['thumbnail']}</arg>
<arg>^https?://.*\.(?:png|jpe?g|gif|bmp)$</arg>
<doc>Fails if ``string`` does not match ``pattern`` as a regular expression.</doc>
<status status="PASS" start="2024-06-21T06:21:17.070452" elapsed="0.000356"/>
</kw>
<kw name="Log" owner="BuiltIn">
<msg time="2024-06-21T06:21:17.071319" level="INFO">{'large': 'https://randomuser.me/api/portraits/men/79.jpg', 'medium': 'https://randomuser.me/api/portraits/med/men/79.jpg', 'thumbnail': 'https://randomuser.me/api/portraits/thumb/men/79.jpg'}</msg>
<arg>${json_data['results'][0]['picture']}</arg>
<doc>Logs the given message with the given level.</doc>
<status status="PASS" start="2024-06-21T06:21:17.070988" elapsed="0.000375"/>
</kw>
<status status="PASS" start="2024-06-21T06:21:16.971820" elapsed="0.099803"/>
</kw>
<kw name="Teste de Tipos de Dados - Postcode" owner="random-user-service">
<kw name="GET On Session" owner="RequestsLibrary">
<msg time="2024-06-21T06:21:17.157848" level="INFO">GET Request : url=https://randomuser.me/api 
 path_url=/api 
 headers={'User-Agent': 'python-requests/2.32.3', 'Accept-Encoding': 'gzip, deflate', 'Accept': '*/*', 'Connection': 'keep-alive'} 
 body=None 
 </msg>
<msg time="2024-06-21T06:21:17.157945" level="INFO">GET Response : url=https://randomuser.me/api 
 status=200, reason=OK 
 headers={'Date': 'Fri, 21 Jun 2024 06:21:17 GMT', 'Content-Type': 'application/json; charset=utf-8', 'Transfer-Encoding': 'chunked', 'Connection': 'keep-alive', 'X-Powered-By': 'Express', 'Access-Control-Allow-Origin': '*', 'Cache-Control': 'no-cache', 'ETag': 'W/"49d-FdO/5RhxcCbk4y743J8J8aKAMk4"', 'Vary': 'Accept-Encoding', 'Content-Encoding': 'gzip', 'CF-Cache-Status': 'DYNAMIC', 'Report-To': '{"endpoints":[{"url":"https:\\/\\/a.nel.cloudflare.com\\/report\\/v4?s=jABdXQGOzkJbR4mHTx%2FRSk0Oqv6DbxpnulCM9vofQLmuPtZudcVLN6gQUCYZ3KnXmc5%2BDCSYWSMHjvS5ui8UJmYekmoQsAaTSXu0LBf0Oh%2FxTC3LFxZd5tN0d1tjQXBb"}],"group":"cf-nel","max_age":604800}', 'NEL': '{"success_fraction":0,"report_to":"cf-nel","max_age":604800}', 'Server': 'cloudflare', 'CF-RAY': '8971e5c5bcb9239e-SJC', 'alt-svc': 'h3=":443"; ma=86400'} 
 body={"results":[{"gender":"male","name":{"title":"Monsieur","first":"Emir","last":"Joly"},"location":{"street":{"number":4759,"name":"Avenue Joliot Curie"},"city":"Landiswil","state":"Aargau","country":"Switzerland","postcode":7621,"coordinates":{"latitude":"-60.7898","longitude":"-79.3777"},"timezone":{"offset":"+10:00","description":"Eastern Australia, Guam, Vladivostok"}},"email":"emir.joly@example.com","login":{"uuid":"47f71701-98a8-4745-b71c-6c80bbb084eb","username":"beautifulrabbit466","password":"invis","salt":"LFNGEtwD","md5":"08410c1d18cfe737ef1e74dbd2067caa","sha1":"bd788da2394d71f23a5e1fec22a790acecb5923b","sha256":"7df6c725ea4080a7e79fccff9b42ffdced332ee10f604fbe4750ea7def37ea53"},"dob":{"date":"1989-09-02T21:50:45.663Z","age":34},"registered":{"date":"2012-07-03T20:01:54.798Z","age":11},"phone":"078 705 29 72","cell":"075 899 22 56","id":{"name":"AVS","value":"756.0150.5814.44"},"picture":{"large":"https://randomuser.me/api/portraits/men/4.jpg","medium":"https://randomuser.me/api/portraits/med/men/4.jpg","thumbnail":"https://randomuser.me/api/portraits/thumb/men/4.jpg"},"nat":"CH"}],"info":{"seed":"c86c3ecb9b6809ec","results":1,"page":1,"version":"1.4"}} 
 </msg>
<msg time="2024-06-21T06:21:17.158017" level="INFO">/opt/hostedtoolcache/Python/3.12.4/x64/lib/python3.12/site-packages/urllib3/connectionpool.py:1099: InsecureRequestWarning: Unverified HTTPS request is being made to host 'randomuser.me'. Adding certificate verification is strongly advised. See: https://urllib3.readthedocs.io/en/latest/advanced-usage.html#tls-warnings
  warnings.warn(</msg>
<msg time="2024-06-21T06:21:17.158147" level="INFO">${response} = &lt;Response [200]&gt;</msg>
<var>${response}</var>
<arg>consultarAPI</arg>
<arg>/api</arg>
<doc>Sends a GET request on a previously created HTTP Session.</doc>
<status status="PASS" start="2024-06-21T06:21:17.072078" elapsed="0.086108"/>
</kw>
<kw name="Set Variable" owner="BuiltIn">
<msg time="2024-06-21T06:21:17.159418" level="INFO">${json_data} = {'results': [{'gender': 'male', 'name': {'title': 'Monsieur', 'first': 'Emir', 'last': 'Joly'}, 'location': {'street': {'number': 4759, 'name': 'Avenue Joliot Curie'}, 'city': 'Landiswil', 'state': 'A...</msg>
<var>${json_data}</var>
<arg>${response.json()}</arg>
<doc>Returns the given values which can then be assigned to a variables.</doc>
<status status="PASS" start="2024-06-21T06:21:17.158837" elapsed="0.000609"/>
</kw>
<kw name="Log" owner="BuiltIn">
<msg time="2024-06-21T06:21:17.159906" level="INFO">{'results': [{'gender': 'male', 'name': {'title': 'Monsieur', 'first': 'Emir', 'last': 'Joly'}, 'location': {'street': {'number': 4759, 'name': 'Avenue Joliot Curie'}, 'city': 'Landiswil', 'state': 'Aargau', 'country': 'Switzerland', 'postcode': 7621, 'coordinates': {'latitude': '-60.7898', 'longitude': '-79.3777'}, 'timezone': {'offset': '+10:00', 'description': 'Eastern Australia, Guam, Vladivostok'}}, 'email': 'emir.joly@example.com', 'login': {'uuid': '47f71701-98a8-4745-b71c-6c80bbb084eb', 'username': 'beautifulrabbit466', 'password': 'invis', 'salt': 'LFNGEtwD', 'md5': '08410c1d18cfe737ef1e74dbd2067caa', 'sha1': 'bd788da2394d71f23a5e1fec22a790acecb5923b', 'sha256': '7df6c725ea4080a7e79fccff9b42ffdced332ee10f604fbe4750ea7def37ea53'}, 'dob': {'date': '1989-09-02T21:50:45.663Z', 'age': 34}, 'registered': {'date': '2012-07-03T20:01:54.798Z', 'age': 11}, 'phone': '078 705 29 72', 'cell': '075 899 22 56', 'id': {'name': 'AVS', 'value': '756.0150.5814.44'}, 'picture': {'large': 'https://randomuser.me/api/portraits/men/4.jpg', 'medium': 'https://randomuser.me/api/portraits/med/men/4.jpg', 'thumbnail': 'https://randomuser.me/api/portraits/thumb/men/4.jpg'}, 'nat': 'CH'}], 'info': {'seed': 'c86c3ecb9b6809ec', 'results': 1, 'page': 1, 'version': '1.4'}}</msg>
<arg>${json_data}</arg>
<doc>Logs the given message with the given level.</doc>
<status status="PASS" start="2024-06-21T06:21:17.159751" elapsed="0.000214"/>
</kw>
<kw name="Should Be Equal As Numbers" owner="BuiltIn">
<arg>${json_data['results'][0]['location']['postcode']}</arg>
<arg>${json_data['results'][0]['location']['postcode']}</arg>
<doc>Fails if objects are unequal after converting them to real numbers.</doc>
<status status="PASS" start="2024-06-21T06:21:17.160256" elapsed="0.000655"/>
</kw>
<kw name="Log" owner="BuiltIn">
<msg time="2024-06-21T06:21:17.161647" level="INFO">7621</msg>
<arg>${json_data['results'][0]['location']['postcode']}</arg>
<doc>Logs the given message with the given level.</doc>
<status status="PASS" start="2024-06-21T06:21:17.161134" elapsed="0.000555"/>
</kw>
<status status="PASS" start="2024-06-21T06:21:17.071850" elapsed="0.090097"/>
</kw>
<doc>Testa se os tipos de dados na resposta da API estão corretos.</doc>
<tag>testeTiposDados</tag>
<status status="PASS" start="2024-06-21T06:21:16.971283" elapsed="0.190829"/>
</test>
<test id="s1-s1-t5" name="Validar conteudo" line="35">
<kw name="Teste de Tipos de Conteudo" owner="random-user-service">
<kw name="GET On Session" owner="RequestsLibrary">
<msg time="2024-06-21T06:21:17.261741" level="INFO">GET Request : url=https://randomuser.me/api 
 path_url=/api 
 headers={'User-Agent': 'python-requests/2.32.3', 'Accept-Encoding': 'gzip, deflate', 'Accept': '*/*', 'Connection': 'keep-alive'} 
 body=None 
 </msg>
<msg time="2024-06-21T06:21:17.261854" level="INFO">GET Response : url=https://randomuser.me/api 
 status=200, reason=OK 
 headers={'Date': 'Fri, 21 Jun 2024 06:21:17 GMT', 'Content-Type': 'application/json; charset=utf-8', 'Transfer-Encoding': 'chunked', 'Connection': 'keep-alive', 'X-Powered-By': 'Express', 'Access-Control-Allow-Origin': '*', 'Cache-Control': 'no-cache', 'ETag': 'W/"49c-cuPaSDoHYH3GMVx3MhxcA2L2kzM"', 'Vary': 'Accept-Encoding', 'Content-Encoding': 'gzip', 'CF-Cache-Status': 'DYNAMIC', 'Report-To': '{"endpoints":[{"url":"https:\\/\\/a.nel.cloudflare.com\\/report\\/v4?s=YoY2di2O6dFVJJbfz5a381IKBUPMOMFCAPL%2F1y4lf3FTla7pktiV7V%2Fc2lenN3WBafxLGGXeRL2he1jdncZoD2B4US3vlxugrr0r9khUGJJ9A8hEt9OicSCxCbao%2B4DT"}],"group":"cf-nel","max_age":604800}', 'NEL': '{"success_fraction":0,"report_to":"cf-nel","max_age":604800}', 'Server': 'cloudflare', 'CF-RAY': '8971e5c64d56239e-SJC', 'alt-svc': 'h3=":443"; ma=86400'} 
 body={"results":[{"gender":"male","name":{"title":"Mr","first":"Ronnie","last":"Ijkema"},"location":{"street":{"number":2555,"name":"Heusdenstraat"},"city":"Hansweert","state":"Zuid-Holland","country":"Netherlands","postcode":"8214 FX","coordinates":{"latitude":"31.9195","longitude":"-126.1198"},"timezone":{"offset":"+8:00","description":"Beijing, Perth, Singapore, Hong Kong"}},"email":"ronnie.ijkema@example.com","login":{"uuid":"c5d4b4f6-e536-41d7-a849-6a71a3594955","username":"crazymeercat474","password":"lover1","salt":"3uoyfYEk","md5":"02447fa301a515fb58f8b33754c320ec","sha1":"717c97a7167346d5bab2bc83135f355b288ac91d","sha256":"8a31b0b2f71482ffb423c91f68dcc01557f86349fc54f59d463f1fe96471b2f7"},"dob":{"date":"1980-11-26T03:34:06.897Z","age":43},"registered":{"date":"2011-10-21T14:43:03.279Z","age":12},"phone":"(0011) 050804","cell":"(06) 90199975","id":{"name":"BSN","value":"18894863"},"picture":{"large":"https://randomuser.me/api/portraits/men/11.jpg","medium":"https://randomuser.me/api/portraits/med/men/11.jpg","thumbnail":"https://randomuser.me/api/portraits/thumb/men/11.jpg"},"nat":"NL"}],"info":{"seed":"b93bcfb263ca4f25","results":1,"page":1,"version":"1.4"}} 
 </msg>
<msg time="2024-06-21T06:21:17.261927" level="INFO">/opt/hostedtoolcache/Python/3.12.4/x64/lib/python3.12/site-packages/urllib3/connectionpool.py:1099: InsecureRequestWarning: Unverified HTTPS request is being made to host 'randomuser.me'. Adding certificate verification is strongly advised. See: https://urllib3.readthedocs.io/en/latest/advanced-usage.html#tls-warnings
  warnings.warn(</msg>
<msg time="2024-06-21T06:21:17.262051" level="INFO">${response} = &lt;Response [200]&gt;</msg>
<var>${response}</var>
<arg>consultarAPI</arg>
<arg>/api</arg>
<doc>Sends a GET request on a previously created HTTP Session.</doc>
<status status="PASS" start="2024-06-21T06:21:17.164643" elapsed="0.097449"/>
</kw>
<kw name="Set Variable" owner="BuiltIn">
<msg time="2024-06-21T06:21:17.263306" level="INFO">${json_data} = {'results': [{'gender': 'male', 'name': {'title': 'Mr', 'first': 'Ronnie', 'last': 'Ijkema'}, 'location': {'street': {'number': 2555, 'name': 'Heusdenstraat'}, 'city': 'Hansweert', 'state': 'Zuid-Holl...</msg>
<var>${json_data}</var>
<arg>${response.json()}</arg>
<doc>Returns the given values which can then be assigned to a variables.</doc>
<status status="PASS" start="2024-06-21T06:21:17.262736" elapsed="0.000600"/>
</kw>
<kw name="Set Variable" owner="BuiltIn">
<msg time="2024-06-21T06:21:17.264023" level="INFO">${name_title} = Mr</msg>
<var>${name_title}</var>
<arg>${json_data["results"][0]["name"]["title"]}</arg>
<doc>Returns the given values which can then be assigned to a variables.</doc>
<status status="PASS" start="2024-06-21T06:21:17.263638" elapsed="0.000411"/>
</kw>
<kw name="Create List" owner="BuiltIn">
<msg time="2024-06-21T06:21:17.264494" level="INFO">${allowed_titles} = ['Mr', 'Ms', 'Miss', 'Mrs', 'Madame', 'Monsieur']</msg>
<var>${allowed_titles}</var>
<arg>Mr</arg>
<arg>Ms</arg>
<arg>Miss</arg>
<arg>Mrs</arg>
<arg>Madame</arg>
<arg>Monsieur</arg>
<doc>Returns a list containing given items.</doc>
<status status="PASS" start="2024-06-21T06:21:17.264345" elapsed="0.000174"/>
</kw>
<kw name="List Should Contain Value" owner="Collections">
<arg>${allowed_titles}</arg>
<arg>${name_title}</arg>
<doc>Fails if the ``value`` is not found from ``list``.</doc>
<status status="PASS" start="2024-06-21T06:21:17.264872" elapsed="0.000178"/>
</kw>
<kw name="Set Variable" owner="BuiltIn">
<msg time="2024-06-21T06:21:17.265597" level="INFO">${name_country} = NL</msg>
<var>${name_country}</var>
<arg>${json_data["results"][0]["nat"]}</arg>
<doc>Returns the given values which can then be assigned to a variables.</doc>
<status status="PASS" start="2024-06-21T06:21:17.265226" elapsed="0.000396"/>
</kw>
<kw name="Create List" owner="BuiltIn">
<msg time="2024-06-21T06:21:17.266502" level="INFO">${list_country} = ['AD', 'AE', 'AF', 'AG', 'AI', 'AL', 'AM', 'AO', 'AQ', 'AR', 'AS', 'AT', 'AU', 'AW', 'AX', 'AZ', 'BA', 'BB', 'BD', 'BE', 'BF', 'BG', 'BH', 'BI', 'BJ', 'BL', 'BM', 'BN', 'BO', 'BQ', 'BR', 'BS', 'BT', '...</msg>
<var>${list_country}</var>
<arg>AD</arg>
<arg>AE</arg>
<arg>AF</arg>
<arg>AG</arg>
<arg>AI</arg>
<arg>AL</arg>
<arg>AM</arg>
<arg>AO</arg>
<arg>AQ</arg>
<arg>AR</arg>
<arg>AS</arg>
<arg>AT</arg>
<arg>AU</arg>
<arg>AW</arg>
<arg>AX</arg>
<arg>AZ</arg>
<arg>BA</arg>
<arg>BB</arg>
<arg>BD</arg>
<arg>BE</arg>
<arg>BF</arg>
<arg>BG</arg>
<arg>BH</arg>
<arg>BI</arg>
<arg>BJ</arg>
<arg>BL</arg>
<arg>BM</arg>
<arg>BN</arg>
<arg>BO</arg>
<arg>BQ</arg>
<arg>BR</arg>
<arg>BS</arg>
<arg>BT</arg>
<arg>BV</arg>
<arg>BW</arg>
<arg>BY</arg>
<arg>BZ</arg>
<arg>CA</arg>
<arg>CC</arg>
<arg>CD</arg>
<arg>CF</arg>
<arg>CG</arg>
<arg>CH</arg>
<arg>CI</arg>
<arg>CK</arg>
<arg>CL</arg>
<arg>CM</arg>
<arg>CN</arg>
<arg>CO</arg>
<arg>CR</arg>
<arg>CU</arg>
<arg>CV</arg>
<arg>CW</arg>
<arg>CX</arg>
<arg>CY</arg>
<arg>CZ</arg>
<arg>DE</arg>
<arg>DJ</arg>
<arg>DK</arg>
<arg>DM</arg>
<arg>DO</arg>
<arg>DZ</arg>
<arg>EC</arg>
<arg>EE</arg>
<arg>EG</arg>
<arg>EH</arg>
<arg>ER</arg>
<arg>ES</arg>
<arg>ET</arg>
<arg>FI</arg>
<arg>FJ</arg>
<arg>FK</arg>
<arg>FM</arg>
<arg>FO</arg>
<arg>FR</arg>
<arg>GA</arg>
<arg>GB</arg>
<arg>GD</arg>
<arg>GE</arg>
<arg>GF</arg>
<arg>GG</arg>
<arg>GH</arg>
<arg>GI</arg>
<arg>GL</arg>
<arg>GM</arg>
<arg>GN</arg>
<arg>GP</arg>
<arg>GQ</arg>
<arg>GR</arg>
<arg>GS</arg>
<arg>GT</arg>
<arg>GU</arg>
<arg>GW</arg>
<arg>GY</arg>
<arg>HK</arg>
<arg>HM</arg>
<arg>HN</arg>
<arg>HR</arg>
<arg>HT</arg>
<arg>HU</arg>
<arg>ID</arg>
<arg>IE</arg>
<arg>IL</arg>
<arg>IM</arg>
<arg>IN</arg>
<arg>IO</arg>
<arg>IQ</arg>
<arg>IR</arg>
<arg>IS</arg>
<arg>IT</arg>
<arg>JE</arg>
<arg>JM</arg>
<arg>JO</arg>
<arg>JP</arg>
<arg>KE</arg>
<arg>KG</arg>
<arg>KH</arg>
<arg>KI</arg>
<arg>KM</arg>
<arg>KN</arg>
<arg>KP</arg>
<arg>KR</arg>
<arg>KW</arg>
<arg>KY</arg>
<arg>KZ</arg>
<arg>LA</arg>
<arg>LB</arg>
<arg>LC</arg>
<arg>LI</arg>
<arg>LK</arg>
<arg>LR</arg>
<arg>LS</arg>
<arg>LT</arg>
<arg>LU</arg>
<arg>LV</arg>
<arg>LY</arg>
<arg>MA</arg>
<arg>MC</arg>
<arg>MD</arg>
<arg>ME</arg>
<arg>MF</arg>
<arg>MG</arg>
<arg>MH</arg>
<arg>MK</arg>
<arg>ML</arg>
<arg>MM</arg>
<arg>MN</arg>
<arg>MO</arg>
<arg>MP</arg>
<arg>MQ</arg>
<arg>MR</arg>
<arg>MS</arg>
<arg>MT</arg>
<arg>MU</arg>
<arg>MV</arg>
<arg>MW</arg>
<arg>MX</arg>
<arg>MY</arg>
<arg>MZ</arg>
<arg>NA</arg>
<arg>NC</arg>
<arg>NE</arg>
<arg>NF</arg>
<arg>NG</arg>
<arg>NI</arg>
<arg>NL</arg>
<arg>NO</arg>
<arg>NP</arg>
<arg>NR</arg>
<arg>NU</arg>
<arg>NZ</arg>
<arg>OM</arg>
<arg>PA</arg>
<arg>PE</arg>
<arg>PF</arg>
<arg>PG</arg>
<arg>PH</arg>
<arg>PK</arg>
<arg>PL</arg>
<arg>PM</arg>
<arg>PN</arg>
<arg>PR</arg>
<arg>PS</arg>
<arg>PT</arg>
<arg>PW</arg>
<arg>PY</arg>
<arg>QA</arg>
<arg>RE</arg>
<arg>RO</arg>
<arg>RS</arg>
<arg>RU</arg>
<arg>RW</arg>
<arg>SA</arg>
<arg>SB</arg>
<arg>SC</arg>
<arg>SD</arg>
<arg>SE</arg>
<arg>SG</arg>
<arg>SH</arg>
<arg>SI</arg>
<arg>SJ</arg>
<arg>SK</arg>
<arg>SL</arg>
<arg>SM</arg>
<arg>SN</arg>
<arg>SO</arg>
<arg>SR</arg>
<arg>SS</arg>
<arg>ST</arg>
<arg>SV</arg>
<arg>SX</arg>
<arg>SY</arg>
<arg>SZ</arg>
<arg>TC</arg>
<arg>TD</arg>
<arg>TF</arg>
<arg>TG</arg>
<arg>TH</arg>
<arg>TJ</arg>
<arg>TK</arg>
<arg>TL</arg>
<arg>TM</arg>
<arg>TN</arg>
<arg>TO</arg>
<arg>TR</arg>
<arg>TT</arg>
<arg>TV</arg>
<arg>TW</arg>
<arg>TZ</arg>
<arg>UA</arg>
<arg>UG</arg>
<arg>UM</arg>
<arg>US</arg>
<arg>UY</arg>
<arg>UZ</arg>
<arg>VA</arg>
<arg>VC</arg>
<arg>VE</arg>
<arg>VG</arg>
<arg>VI</arg>
<arg>VN</arg>
<arg>VU</arg>
<arg>WF</arg>
<arg>WS</arg>
<arg>XK</arg>
<arg>YE</arg>
<arg>YT</arg>
<arg>ZA</arg>
<arg>ZM</arg>
<arg>ZW</arg>
<doc>Returns a list containing given items.</doc>
<status status="PASS" start="2024-06-21T06:21:17.265908" elapsed="0.000620"/>
</kw>
<kw name="List Should Contain Value" owner="Collections">
<arg>${list_country}</arg>
<arg>${name_country}</arg>
<doc>Fails if the ``value`` is not found from ``list``.</doc>
<status status="PASS" start="2024-06-21T06:21:17.267312" elapsed="0.000204"/>
</kw>
<kw name="Run Keyword If" owner="BuiltIn">
<kw name="Should Be True" owner="BuiltIn">
<arg>${True}</arg>
<doc>Fails if the given condition is not true.</doc>
<status status="PASS" start="2024-06-21T06:21:17.268463" elapsed="0.000170"/>
</kw>
<arg>${json_data["results"][0]["location"]["coordinates"]["latitude"]} &gt;= -90 and ${json_data["results"][0]["location"]["coordinates"]["latitude"]} &lt;= 90</arg>
<arg>Should Be True</arg>
<arg>${True}</arg>
<doc>Runs the given keyword with the given arguments, if ``condition`` is true.</doc>
<status status="PASS" start="2024-06-21T06:21:17.267715" elapsed="0.001045"/>
</kw>
<kw name="Run Keyword If" owner="BuiltIn">
<kw name="Should Be True" owner="BuiltIn">
<arg>${True}</arg>
<doc>Fails if the given condition is not true.</doc>
<status status="PASS" start="2024-06-21T06:21:17.269637" elapsed="0.000243"/>
</kw>
<arg>${json_data["results"][0]["location"]["coordinates"]["longitude"]} &gt;= -180 and ${json_data["results"][0]["location"]["coordinates"]["longitude"]} &lt;= 180</arg>
<arg>Should Be True</arg>
<arg>${True}</arg>
<doc>Runs the given keyword with the given arguments, if ``condition`` is true.</doc>
<status status="PASS" start="2024-06-21T06:21:17.268941" elapsed="0.001068"/>
</kw>
<status status="PASS" start="2024-06-21T06:21:17.164392" elapsed="0.105754"/>
</kw>
<doc>Testa o conteúdo específico dos campos retornados pela API.</doc>
<tag>testeConteudo</tag>
<status status="PASS" start="2024-06-21T06:21:17.163861" elapsed="0.106437"/>
</test>
<status status="PASS" start="2024-06-21T06:21:16.245582" elapsed="1.026707"/>
</suite>
<status status="PASS" start="2024-06-21T06:21:16.231177" elapsed="1.046352"/>
</suite>
<statistics>
<total>
<stat pass="5" fail="0" skip="0">All Tests</stat>
</total>
<tag>
<stat pass="1" fail="0" skip="0">testeConteudo</stat>
<stat pass="1" fail="0" skip="0">testeEstruturaResposta</stat>
<stat pass="1" fail="0" skip="0">testeRequisicaoBasica</stat>
<stat pass="1" fail="0" skip="0">testeTiposDados</stat>
</tag>
<suite>
<stat pass="5" fail="0" skip="0" id="s1" name="Tests">Tests</stat>
<stat pass="5" fail="0" skip="0" id="s1-s1" name="Random-User-Test">Tests.Random-User-Test</stat>
</suite>
</statistics>
<errors>
</errors>
</robot>
