<?xml version="1.0" encoding="UTF-8"?>
<robot generator="Robot 7.0.1 (Python 3.12.4 on linux)" generated="2024-07-17T19:11:34.362840" rpa="false" schemaversion="5">
<suite id="s1" name="Tests" source="/home/runner/work/ApiRandomUser/ApiRandomUser/RamdonUser/tests">
<suite id="s1-s1" name="Random-User-Test" source="/home/runner/work/ApiRandomUser/ApiRandomUser/RamdonUser/tests/random-user-test.robot">
<test id="s1-s1-t1" name="Conectar" line="13">
<kw name="Conectar API" owner="random-user-service">
<kw name="Create Session" owner="RequestsLibrary">
<msg time="2024-07-17T19:11:34.832911" level="INFO">Creating Session using : alias=consultarAPI, url=https://randomuser.me/, headers={},                     cookies={}, auth=None, timeout=None, proxies=None, verify=False,                     debug=0 </msg>
<arg>consultarAPI</arg>
<arg>${URL}</arg>
<doc>Create Session: create a HTTP session to a server</doc>
<status status="PASS" start="2024-07-17T19:11:34.832719" elapsed="0.000356"/>
</kw>
<status status="PASS" start="2024-07-17T19:11:34.831796" elapsed="0.001617"/>
</kw>
<status status="PASS" start="2024-07-17T19:11:34.831250" elapsed="0.002351"/>
</test>
<test id="s1-s1-t2" name="Validar retorno 200 e JSON Válido" line="16">
<kw name="Teste de Requisicao Basica" owner="random-user-service">
<kw name="GET On Session" owner="RequestsLibrary">
<msg time="2024-07-17T19:11:35.055835" level="INFO">GET Request : url=https://randomuser.me/api 
 path_url=/api 
 headers={'User-Agent': 'python-requests/2.32.3', 'Accept-Encoding': 'gzip, deflate', 'Accept': '*/*', 'Connection': 'keep-alive'} 
 body=None 
 </msg>
<msg time="2024-07-17T19:11:35.055949" level="INFO">GET Response : url=https://randomuser.me/api 
 status=200, reason=OK 
 headers={'Date': 'Wed, 17 Jul 2024 19:11:35 GMT', 'Content-Type': 'application/json; charset=utf-8', 'Transfer-Encoding': 'chunked', 'Connection': 'keep-alive', 'X-Powered-By': 'Express', 'Access-Control-Allow-Origin': '*', 'Cache-Control': 'no-cache', 'ETag': 'W/"4a9-plJEHE06T5uz4vmOwAErIIeVIJk"', 'Vary': 'Accept-Encoding', 'Content-Encoding': 'gzip', 'CF-Cache-Status': 'DYNAMIC', 'Report-To': '{"endpoints":[{"url":"https:\\/\\/a.nel.cloudflare.com\\/report\\/v4?s=MlFPuURgQRhuJgnok94ivjWXhje414KXXsy43Mg75LXYO0vdndTUfiIKzynt0xWtbxq1Jbc8jiyMYfjz%2FVCqm1BZbSRE9rnQdqIMru1730I%2FHqCXR1ZiIKUWb4RckObc"}],"group":"cf-nel","max_age":604800}', 'NEL': '{"success_fraction":0,"report_to":"cf-nel","max_age":604800}', 'Server': 'cloudflare', 'CF-RAY': '8a4c89e38b53f9d4-SJC', 'alt-svc': 'h3=":443"; ma=86400'} 
 body={"results":[{"gender":"female","name":{"title":"Miss","first":"Eva","last":"Macdonald"},"location":{"street":{"number":9211,"name":"George St"},"city":"Lasalle","state":"Prince Edward Island","country":"Canada","postcode":"N2A 4W2","coordinates":{"latitude":"-72.6043","longitude":"91.8446"},"timezone":{"offset":"+11:00","description":"Magadan, Solomon Islands, New Caledonia"}},"email":"eva.macdonald@example.com","login":{"uuid":"790fe88b-3a5d-4d88-bd9a-3b19493aeb4f","username":"purpleelephant745","password":"mitchell","salt":"MwZ2GITZ","md5":"6eac4926d30ef1e0fb6a1c4d5ac6a17b","sha1":"025262b5eaa641c0fa983d00c4275d5fe3079ec4","sha256":"1578866af895bff97d540cf9bb3c8926e6e2908145f50efa82de4a64c7663420"},"dob":{"date":"1950-12-09T06:31:08.372Z","age":73},"registered":{"date":"2013-10-27T11:31:32.432Z","age":10},"phone":"O26 X73-9793","cell":"Y07 L15-5214","id":{"name":"SIN","value":"874981855"},"picture":{"large":"https://randomuser.me/api/portraits/women/28.jpg","medium":"https://randomuser.me/api/portraits/med/women/28.jpg","thumbnail":"https://randomuser.me/api/portraits/thumb/women/28.jpg"},"nat":"CA"}],"info":{"seed":"cf3a596c353c5fa4","results":1,"page":1,"version":"1.4"}} 
 </msg>
<msg time="2024-07-17T19:11:35.056028" level="INFO">/opt/hostedtoolcache/Python/3.12.4/x64/lib/python3.12/site-packages/urllib3/connectionpool.py:1099: InsecureRequestWarning: Unverified HTTPS request is being made to host 'randomuser.me'. Adding certificate verification is strongly advised. See: https://urllib3.readthedocs.io/en/latest/advanced-usage.html#tls-warnings
  warnings.warn(</msg>
<msg time="2024-07-17T19:11:35.056141" level="INFO">${response} = &lt;Response [200]&gt;</msg>
<var>${response}</var>
<arg>consultarAPI</arg>
<arg>/api</arg>
<doc>Sends a GET request on a previously created HTTP Session.</doc>
<status status="PASS" start="2024-07-17T19:11:34.836191" elapsed="0.219991"/>
</kw>
<kw name="Should Be Equal As Numbers" owner="BuiltIn">
<msg time="2024-07-17T19:11:35.057107" level="INFO">Argument types are:
&lt;class 'int'&gt;
&lt;class 'str'&gt;</msg>
<arg>${response.status_code}</arg>
<arg>200</arg>
<doc>Fails if objects are unequal after converting them to real numbers.</doc>
<status status="PASS" start="2024-07-17T19:11:35.056681" elapsed="0.000491"/>
</kw>
<kw name="Log" owner="BuiltIn">
<msg time="2024-07-17T19:11:35.057834" level="INFO">200</msg>
<arg>${response.status_code}</arg>
<doc>Logs the given message with the given level.</doc>
<status status="PASS" start="2024-07-17T19:11:35.057488" elapsed="0.000389"/>
</kw>
<kw name="Set Variable" owner="BuiltIn">
<msg time="2024-07-17T19:11:35.058601" level="INFO">${json_data} = {'results': [{'gender': 'female', 'name': {'title': 'Miss', 'first': 'Eva', 'last': 'Macdonald'}, 'location': {'street': {'number': 9211, 'name': 'George St'}, 'city': 'Lasalle', 'state': 'Prince Edwa...</msg>
<var>${json_data}</var>
<arg>${response.json()}</arg>
<doc>Returns the given values which can then be assigned to a variables.</doc>
<status status="PASS" start="2024-07-17T19:11:35.058176" elapsed="0.000452"/>
</kw>
<kw name="Dictionary Should Contain Key" owner="Collections">
<arg>${json_data}</arg>
<arg>results</arg>
<doc>Fails if ``key`` is not found from ``dictionary``.</doc>
<status status="PASS" start="2024-07-17T19:11:35.058932" elapsed="0.000169"/>
</kw>
<status status="PASS" start="2024-07-17T19:11:34.835948" elapsed="0.223299"/>
</kw>
<doc>Testa se a API responde corretamente e retorna um objeto JSON válido.</doc>
<tag>testeRequisicaoBasica</tag>
<status status="PASS" start="2024-07-17T19:11:34.835460" elapsed="0.223958"/>
</test>
<test id="s1-s1-t3" name="Validar estrutura de resposta" line="22">
<kw name="Teste de Estrutura de Resposta" owner="random-user-service">
<kw name="GET On Session" owner="RequestsLibrary">
<msg time="2024-07-17T19:11:35.158829" level="INFO">GET Request : url=https://randomuser.me/api 
 path_url=/api 
 headers={'User-Agent': 'python-requests/2.32.3', 'Accept-Encoding': 'gzip, deflate', 'Accept': '*/*', 'Connection': 'keep-alive'} 
 body=None 
 </msg>
<msg time="2024-07-17T19:11:35.158895" level="INFO">GET Response : url=https://randomuser.me/api 
 status=200, reason=OK 
 headers={'Date': 'Wed, 17 Jul 2024 19:11:35 GMT', 'Content-Type': 'application/json; charset=utf-8', 'Transfer-Encoding': 'chunked', 'Connection': 'keep-alive', 'X-Powered-By': 'Express', 'Access-Control-Allow-Origin': '*', 'Cache-Control': 'no-cache', 'ETag': 'W/"495-tFF9K/R+gBfqdux4p1TE6iMQnXg"', 'Vary': 'Accept-Encoding', 'Content-Encoding': 'gzip', 'CF-Cache-Status': 'DYNAMIC', 'Report-To': '{"endpoints":[{"url":"https:\\/\\/a.nel.cloudflare.com\\/report\\/v4?s=6WAOE3KxUGYNh96BDDQ71yXTn1Y3sFTLN5Gsh3E5WLyw5ZrtnpVvYEwp4yQC6h64o5f8CTcejuG4qL74WRoEsjTwcUsI8xUqi5IWOCtkh%2Be%2FY0UhU%2BqdBd29Ico1HZkR"}],"group":"cf-nel","max_age":604800}', 'NEL': '{"success_fraction":0,"report_to":"cf-nel","max_age":604800}', 'Server': 'cloudflare', 'CF-RAY': '8a4c89e42bd9f9d4-SJC', 'alt-svc': 'h3=":443"; ma=86400'} 
 body={"results":[{"gender":"male","name":{"title":"Mr","first":"Gerardo","last":"Echeverría"},"location":{"street":{"number":3119,"name":"Callejón Francia"},"city":"Chinantla","state":"Baja California","country":"Mexico","postcode":88473,"coordinates":{"latitude":"29.6917","longitude":"-84.1320"},"timezone":{"offset":"-2:00","description":"Mid-Atlantic"}},"email":"gerardo.echeverria@example.com","login":{"uuid":"5464320d-b6d6-4f71-8ac3-4b17ce579f73","username":"silverduck345","password":"peterson","salt":"Ty1z8Egd","md5":"1f2375e5a3b22fd3c7833129d92d5b96","sha1":"0ac2f4f39f4ae15f6a64e5aaa4be1909d8fb5dd6","sha256":"e023b50632838195d55bc1f8cefb5ee0f1479058b916bc63aee0856dfa5d6f32"},"dob":{"date":"1984-10-16T08:16:06.391Z","age":39},"registered":{"date":"2003-07-06T21:49:53.843Z","age":21},"phone":"(679) 346 9429","cell":"(687) 602 0994","id":{"name":"NSS","value":"57 35 00 7185 5"},"picture":{"large":"https://randomuser.me/api/portraits/men/49.jpg","medium":"https://randomuser.me/api/portraits/med/men/49.jpg","thumbnail":"https://randomuser.me/api/portraits/thumb/men/49.jpg"},"nat":"MX"}],"info":{"seed":"3a5b45fb200e3d4c","results":1,"page":1,"version":"1.4"}} 
 </msg>
<msg time="2024-07-17T19:11:35.158991" level="INFO">/opt/hostedtoolcache/Python/3.12.4/x64/lib/python3.12/site-packages/urllib3/connectionpool.py:1099: InsecureRequestWarning: Unverified HTTPS request is being made to host 'randomuser.me'. Adding certificate verification is strongly advised. See: https://urllib3.readthedocs.io/en/latest/advanced-usage.html#tls-warnings
  warnings.warn(</msg>
<msg time="2024-07-17T19:11:35.159082" level="INFO">${response} = &lt;Response [200]&gt;</msg>
<var>${response}</var>
<arg>consultarAPI</arg>
<arg>/api</arg>
<doc>Sends a GET request on a previously created HTTP Session.</doc>
<status status="PASS" start="2024-07-17T19:11:35.062069" elapsed="0.097038"/>
</kw>
<kw name="Set Variable" owner="BuiltIn">
<msg time="2024-07-17T19:11:35.160025" level="INFO">${json_data} = {'results': [{'gender': 'male', 'name': {'title': 'Mr', 'first': 'Gerardo', 'last': 'Echeverría'}, 'location': {'street': {'number': 3119, 'name': 'Callejón Francia'}, 'city': 'Chinantla', 'state': 'B...</msg>
<var>${json_data}</var>
<arg>${response.json()}</arg>
<doc>Returns the given values which can then be assigned to a variables.</doc>
<status status="PASS" start="2024-07-17T19:11:35.159579" elapsed="0.000475"/>
</kw>
<kw name="Log" owner="BuiltIn">
<msg time="2024-07-17T19:11:35.160585" level="INFO">{'results': [{'gender': 'male', 'name': {'title': 'Mr', 'first': 'Gerardo', 'last': 'Echeverría'}, 'location': {'street': {'number': 3119, 'name': 'Callejón Francia'}, 'city': 'Chinantla', 'state': 'Baja California', 'country': 'Mexico', 'postcode': 88473, 'coordinates': {'latitude': '29.6917', 'longitude': '-84.1320'}, 'timezone': {'offset': '-2:00', 'description': 'Mid-Atlantic'}}, 'email': 'gerardo.echeverria@example.com', 'login': {'uuid': '5464320d-b6d6-4f71-8ac3-4b17ce579f73', 'username': 'silverduck345', 'password': 'peterson', 'salt': 'Ty1z8Egd', 'md5': '1f2375e5a3b22fd3c7833129d92d5b96', 'sha1': '0ac2f4f39f4ae15f6a64e5aaa4be1909d8fb5dd6', 'sha256': 'e023b50632838195d55bc1f8cefb5ee0f1479058b916bc63aee0856dfa5d6f32'}, 'dob': {'date': '1984-10-16T08:16:06.391Z', 'age': 39}, 'registered': {'date': '2003-07-06T21:49:53.843Z', 'age': 21}, 'phone': '(679) 346 9429', 'cell': '(687) 602 0994', 'id': {'name': 'NSS', 'value': '57 35 00 7185 5'}, 'picture': {'large': 'https://randomuser.me/api/portraits/men/49.jpg', 'medium': 'https://randomuser.me/api/portraits/med/men/49.jpg', 'thumbnail': 'https://randomuser.me/api/portraits/thumb/men/49.jpg'}, 'nat': 'MX'}], 'info': {'seed': '3a5b45fb200e3d4c', 'results': 1, 'page': 1, 'version': '1.4'}}</msg>
<arg>${json_data}</arg>
<doc>Logs the given message with the given level.</doc>
<status status="PASS" start="2024-07-17T19:11:35.160384" elapsed="0.000267"/>
</kw>
<kw name="Dictionary Should Contain Key" owner="Collections">
<arg>${json_data}</arg>
<arg>results</arg>
<doc>Fails if ``key`` is not found from ``dictionary``.</doc>
<status status="PASS" start="2024-07-17T19:11:35.161015" elapsed="0.000194"/>
</kw>
<kw name="Should Not Be Empty" owner="BuiltIn">
<msg time="2024-07-17T19:11:35.161539" level="INFO">Length is 2.</msg>
<arg>${json_data}</arg>
<doc>Verifies that the given item is not empty.</doc>
<status status="PASS" start="2024-07-17T19:11:35.161400" elapsed="0.000177"/>
</kw>
<kw name="Create List" owner="BuiltIn">
<msg time="2024-07-17T19:11:35.162131" level="INFO">${expected_keys} = ['gender', 'name', 'location', 'email', 'login']</msg>
<var>${expected_keys}</var>
<arg>gender</arg>
<arg>name</arg>
<arg>location</arg>
<arg>email</arg>
<arg>login</arg>
<doc>Returns a list containing given items.</doc>
<status status="PASS" start="2024-07-17T19:11:35.161865" elapsed="0.000290"/>
</kw>
<for flavor="IN">
<iter>
<kw name="Dictionary Should Contain Key" owner="Collections">
<arg>${json_data['results'][0]}</arg>
<arg>${key}</arg>
<doc>Fails if ``key`` is not found from ``dictionary``.</doc>
<status status="PASS" start="2024-07-17T19:11:35.162711" elapsed="0.000392"/>
</kw>
<kw name="Log" owner="BuiltIn">
<msg time="2024-07-17T19:11:35.163671" level="INFO">{'gender': 'male', 'name': {'title': 'Mr', 'first': 'Gerardo', 'last': 'Echeverría'}, 'location': {'street': {'number': 3119, 'name': 'Callejón Francia'}, 'city': 'Chinantla', 'state': 'Baja California', 'country': 'Mexico', 'postcode': 88473, 'coordinates': {'latitude': '29.6917', 'longitude': '-84.1320'}, 'timezone': {'offset': '-2:00', 'description': 'Mid-Atlantic'}}, 'email': 'gerardo.echeverria@example.com', 'login': {'uuid': '5464320d-b6d6-4f71-8ac3-4b17ce579f73', 'username': 'silverduck345', 'password': 'peterson', 'salt': 'Ty1z8Egd', 'md5': '1f2375e5a3b22fd3c7833129d92d5b96', 'sha1': '0ac2f4f39f4ae15f6a64e5aaa4be1909d8fb5dd6', 'sha256': 'e023b50632838195d55bc1f8cefb5ee0f1479058b916bc63aee0856dfa5d6f32'}, 'dob': {'date': '1984-10-16T08:16:06.391Z', 'age': 39}, 'registered': {'date': '2003-07-06T21:49:53.843Z', 'age': 21}, 'phone': '(679) 346 9429', 'cell': '(687) 602 0994', 'id': {'name': 'NSS', 'value': '57 35 00 7185 5'}, 'picture': {'large': 'https://randomuser.me/api/portraits/men/49.jpg', 'medium': 'https://randomuser.me/api/portraits/med/men/49.jpg', 'thumbnail': 'https://randomuser.me/api/portraits/thumb/men/49.jpg'}, 'nat': 'MX'}</msg>
<arg>${json_data['results'][0]}</arg>
<doc>Logs the given message with the given level.</doc>
<status status="PASS" start="2024-07-17T19:11:35.163284" elapsed="0.000438"/>
</kw>
<kw name="Log" owner="BuiltIn">
<msg time="2024-07-17T19:11:35.164147" level="INFO">gender</msg>
<arg>${key}</arg>
<doc>Logs the given message with the given level.</doc>
<status status="PASS" start="2024-07-17T19:11:35.164021" elapsed="0.000164"/>
</kw>
<var name="${key}">gender</var>
<status status="PASS" start="2024-07-17T19:11:35.162587" elapsed="0.001809"/>
</iter>
<iter>
<kw name="Dictionary Should Contain Key" owner="Collections">
<arg>${json_data['results'][0]}</arg>
<arg>${key}</arg>
<doc>Fails if ``key`` is not found from ``dictionary``.</doc>
<status status="PASS" start="2024-07-17T19:11:35.164682" elapsed="0.000381"/>
</kw>
<kw name="Log" owner="BuiltIn">
<msg time="2024-07-17T19:11:35.165591" level="INFO">{'gender': 'male', 'name': {'title': 'Mr', 'first': 'Gerardo', 'last': 'Echeverría'}, 'location': {'street': {'number': 3119, 'name': 'Callejón Francia'}, 'city': 'Chinantla', 'state': 'Baja California', 'country': 'Mexico', 'postcode': 88473, 'coordinates': {'latitude': '29.6917', 'longitude': '-84.1320'}, 'timezone': {'offset': '-2:00', 'description': 'Mid-Atlantic'}}, 'email': 'gerardo.echeverria@example.com', 'login': {'uuid': '5464320d-b6d6-4f71-8ac3-4b17ce579f73', 'username': 'silverduck345', 'password': 'peterson', 'salt': 'Ty1z8Egd', 'md5': '1f2375e5a3b22fd3c7833129d92d5b96', 'sha1': '0ac2f4f39f4ae15f6a64e5aaa4be1909d8fb5dd6', 'sha256': 'e023b50632838195d55bc1f8cefb5ee0f1479058b916bc63aee0856dfa5d6f32'}, 'dob': {'date': '1984-10-16T08:16:06.391Z', 'age': 39}, 'registered': {'date': '2003-07-06T21:49:53.843Z', 'age': 21}, 'phone': '(679) 346 9429', 'cell': '(687) 602 0994', 'id': {'name': 'NSS', 'value': '57 35 00 7185 5'}, 'picture': {'large': 'https://randomuser.me/api/portraits/men/49.jpg', 'medium': 'https://randomuser.me/api/portraits/med/men/49.jpg', 'thumbnail': 'https://randomuser.me/api/portraits/thumb/men/49.jpg'}, 'nat': 'MX'}</msg>
<arg>${json_data['results'][0]}</arg>
<doc>Logs the given message with the given level.</doc>
<status status="PASS" start="2024-07-17T19:11:35.165241" elapsed="0.000434"/>
</kw>
<kw name="Log" owner="BuiltIn">
<msg time="2024-07-17T19:11:35.166097" level="INFO">name</msg>
<arg>${key}</arg>
<doc>Logs the given message with the given level.</doc>
<status status="PASS" start="2024-07-17T19:11:35.165972" elapsed="0.000160"/>
</kw>
<var name="${key}">name</var>
<status status="PASS" start="2024-07-17T19:11:35.164574" elapsed="0.001773"/>
</iter>
<iter>
<kw name="Dictionary Should Contain Key" owner="Collections">
<arg>${json_data['results'][0]}</arg>
<arg>${key}</arg>
<doc>Fails if ``key`` is not found from ``dictionary``.</doc>
<status status="PASS" start="2024-07-17T19:11:35.166626" elapsed="0.000370"/>
</kw>
<kw name="Log" owner="BuiltIn">
<msg time="2024-07-17T19:11:35.167517" level="INFO">{'gender': 'male', 'name': {'title': 'Mr', 'first': 'Gerardo', 'last': 'Echeverría'}, 'location': {'street': {'number': 3119, 'name': 'Callejón Francia'}, 'city': 'Chinantla', 'state': 'Baja California', 'country': 'Mexico', 'postcode': 88473, 'coordinates': {'latitude': '29.6917', 'longitude': '-84.1320'}, 'timezone': {'offset': '-2:00', 'description': 'Mid-Atlantic'}}, 'email': 'gerardo.echeverria@example.com', 'login': {'uuid': '5464320d-b6d6-4f71-8ac3-4b17ce579f73', 'username': 'silverduck345', 'password': 'peterson', 'salt': 'Ty1z8Egd', 'md5': '1f2375e5a3b22fd3c7833129d92d5b96', 'sha1': '0ac2f4f39f4ae15f6a64e5aaa4be1909d8fb5dd6', 'sha256': 'e023b50632838195d55bc1f8cefb5ee0f1479058b916bc63aee0856dfa5d6f32'}, 'dob': {'date': '1984-10-16T08:16:06.391Z', 'age': 39}, 'registered': {'date': '2003-07-06T21:49:53.843Z', 'age': 21}, 'phone': '(679) 346 9429', 'cell': '(687) 602 0994', 'id': {'name': 'NSS', 'value': '57 35 00 7185 5'}, 'picture': {'large': 'https://randomuser.me/api/portraits/men/49.jpg', 'medium': 'https://randomuser.me/api/portraits/med/men/49.jpg', 'thumbnail': 'https://randomuser.me/api/portraits/thumb/men/49.jpg'}, 'nat': 'MX'}</msg>
<arg>${json_data['results'][0]}</arg>
<doc>Logs the given message with the given level.</doc>
<status status="PASS" start="2024-07-17T19:11:35.167173" elapsed="0.000416"/>
</kw>
<kw name="Log" owner="BuiltIn">
<msg time="2024-07-17T19:11:35.168009" level="INFO">location</msg>
<arg>${key}</arg>
<doc>Logs the given message with the given level.</doc>
<status status="PASS" start="2024-07-17T19:11:35.167884" elapsed="0.000160"/>
</kw>
<var name="${key}">location</var>
<status status="PASS" start="2024-07-17T19:11:35.166521" elapsed="0.001735"/>
</iter>
<iter>
<kw name="Dictionary Should Contain Key" owner="Collections">
<arg>${json_data['results'][0]}</arg>
<arg>${key}</arg>
<doc>Fails if ``key`` is not found from ``dictionary``.</doc>
<status status="PASS" start="2024-07-17T19:11:35.168530" elapsed="0.000380"/>
</kw>
<kw name="Log" owner="BuiltIn">
<msg time="2024-07-17T19:11:35.169448" level="INFO">{'gender': 'male', 'name': {'title': 'Mr', 'first': 'Gerardo', 'last': 'Echeverría'}, 'location': {'street': {'number': 3119, 'name': 'Callejón Francia'}, 'city': 'Chinantla', 'state': 'Baja California', 'country': 'Mexico', 'postcode': 88473, 'coordinates': {'latitude': '29.6917', 'longitude': '-84.1320'}, 'timezone': {'offset': '-2:00', 'description': 'Mid-Atlantic'}}, 'email': 'gerardo.echeverria@example.com', 'login': {'uuid': '5464320d-b6d6-4f71-8ac3-4b17ce579f73', 'username': 'silverduck345', 'password': 'peterson', 'salt': 'Ty1z8Egd', 'md5': '1f2375e5a3b22fd3c7833129d92d5b96', 'sha1': '0ac2f4f39f4ae15f6a64e5aaa4be1909d8fb5dd6', 'sha256': 'e023b50632838195d55bc1f8cefb5ee0f1479058b916bc63aee0856dfa5d6f32'}, 'dob': {'date': '1984-10-16T08:16:06.391Z', 'age': 39}, 'registered': {'date': '2003-07-06T21:49:53.843Z', 'age': 21}, 'phone': '(679) 346 9429', 'cell': '(687) 602 0994', 'id': {'name': 'NSS', 'value': '57 35 00 7185 5'}, 'picture': {'large': 'https://randomuser.me/api/portraits/men/49.jpg', 'medium': 'https://randomuser.me/api/portraits/med/men/49.jpg', 'thumbnail': 'https://randomuser.me/api/portraits/thumb/men/49.jpg'}, 'nat': 'MX'}</msg>
<arg>${json_data['results'][0]}</arg>
<doc>Logs the given message with the given level.</doc>
<status status="PASS" start="2024-07-17T19:11:35.169097" elapsed="0.000402"/>
</kw>
<kw name="Log" owner="BuiltIn">
<msg time="2024-07-17T19:11:35.169924" level="INFO">email</msg>
<arg>${key}</arg>
<doc>Logs the given message with the given level.</doc>
<status status="PASS" start="2024-07-17T19:11:35.169796" elapsed="0.000166"/>
</kw>
<var name="${key}">email</var>
<status status="PASS" start="2024-07-17T19:11:35.168425" elapsed="0.001747"/>
</iter>
<iter>
<kw name="Dictionary Should Contain Key" owner="Collections">
<arg>${json_data['results'][0]}</arg>
<arg>${key}</arg>
<doc>Fails if ``key`` is not found from ``dictionary``.</doc>
<status status="PASS" start="2024-07-17T19:11:35.170461" elapsed="0.000386"/>
</kw>
<kw name="Log" owner="BuiltIn">
<msg time="2024-07-17T19:11:35.171369" level="INFO">{'gender': 'male', 'name': {'title': 'Mr', 'first': 'Gerardo', 'last': 'Echeverría'}, 'location': {'street': {'number': 3119, 'name': 'Callejón Francia'}, 'city': 'Chinantla', 'state': 'Baja California', 'country': 'Mexico', 'postcode': 88473, 'coordinates': {'latitude': '29.6917', 'longitude': '-84.1320'}, 'timezone': {'offset': '-2:00', 'description': 'Mid-Atlantic'}}, 'email': 'gerardo.echeverria@example.com', 'login': {'uuid': '5464320d-b6d6-4f71-8ac3-4b17ce579f73', 'username': 'silverduck345', 'password': 'peterson', 'salt': 'Ty1z8Egd', 'md5': '1f2375e5a3b22fd3c7833129d92d5b96', 'sha1': '0ac2f4f39f4ae15f6a64e5aaa4be1909d8fb5dd6', 'sha256': 'e023b50632838195d55bc1f8cefb5ee0f1479058b916bc63aee0856dfa5d6f32'}, 'dob': {'date': '1984-10-16T08:16:06.391Z', 'age': 39}, 'registered': {'date': '2003-07-06T21:49:53.843Z', 'age': 21}, 'phone': '(679) 346 9429', 'cell': '(687) 602 0994', 'id': {'name': 'NSS', 'value': '57 35 00 7185 5'}, 'picture': {'large': 'https://randomuser.me/api/portraits/men/49.jpg', 'medium': 'https://randomuser.me/api/portraits/med/men/49.jpg', 'thumbnail': 'https://randomuser.me/api/portraits/thumb/men/49.jpg'}, 'nat': 'MX'}</msg>
<arg>${json_data['results'][0]}</arg>
<doc>Logs the given message with the given level.</doc>
<status status="PASS" start="2024-07-17T19:11:35.171025" elapsed="0.000394"/>
</kw>
<kw name="Log" owner="BuiltIn">
<msg time="2024-07-17T19:11:35.171878" level="INFO">login</msg>
<arg>${key}</arg>
<doc>Logs the given message with the given level.</doc>
<status status="PASS" start="2024-07-17T19:11:35.171750" elapsed="0.000164"/>
</kw>
<var name="${key}">login</var>
<status status="PASS" start="2024-07-17T19:11:35.170341" elapsed="0.001785"/>
</iter>
<var>${key}</var>
<value>@{expected_keys}</value>
<status status="PASS" start="2024-07-17T19:11:35.162409" elapsed="0.009836"/>
</for>
<kw name="Create List" owner="BuiltIn">
<msg time="2024-07-17T19:11:35.172568" level="INFO">${expected_keysTwo} = ['username', 'password']</msg>
<var>${expected_keysTwo}</var>
<arg>username</arg>
<arg>password</arg>
<doc>Returns a list containing given items.</doc>
<status status="PASS" start="2024-07-17T19:11:35.172431" elapsed="0.000188"/>
</kw>
<for flavor="IN">
<iter>
<kw name="Dictionary Should Contain Key" owner="Collections">
<arg>${json_data['results'][0]['login']}</arg>
<arg>${keyTwo}</arg>
<doc>Fails if ``key`` is not found from ``dictionary``.</doc>
<status status="PASS" start="2024-07-17T19:11:35.173111" elapsed="0.000384"/>
</kw>
<kw name="Dictionary Should Contain Key" owner="Collections">
<arg>${json_data['results'][0]['login']}</arg>
<arg>${keyTwo}</arg>
<doc>Fails if ``key`` is not found from ``dictionary``.</doc>
<status status="PASS" start="2024-07-17T19:11:35.173673" elapsed="0.000366"/>
</kw>
<kw name="Log" owner="BuiltIn">
<msg time="2024-07-17T19:11:35.174335" level="INFO">username</msg>
<arg>${keyTwo}</arg>
<doc>Logs the given message with the given level.</doc>
<status status="PASS" start="2024-07-17T19:11:35.174218" elapsed="0.000154"/>
</kw>
<var name="${keyTwo}">username</var>
<status status="PASS" start="2024-07-17T19:11:35.173006" elapsed="0.001579"/>
</iter>
<iter>
<kw name="Dictionary Should Contain Key" owner="Collections">
<arg>${json_data['results'][0]['login']}</arg>
<arg>${keyTwo}</arg>
<doc>Fails if ``key`` is not found from ``dictionary``.</doc>
<status status="PASS" start="2024-07-17T19:11:35.174857" elapsed="0.000384"/>
</kw>
<kw name="Dictionary Should Contain Key" owner="Collections">
<arg>${json_data['results'][0]['login']}</arg>
<arg>${keyTwo}</arg>
<doc>Fails if ``key`` is not found from ``dictionary``.</doc>
<status status="PASS" start="2024-07-17T19:11:35.175417" elapsed="0.000397"/>
</kw>
<kw name="Log" owner="BuiltIn">
<msg time="2024-07-17T19:11:35.176106" level="INFO">password</msg>
<arg>${keyTwo}</arg>
<doc>Logs the given message with the given level.</doc>
<status status="PASS" start="2024-07-17T19:11:35.175989" elapsed="0.000158"/>
</kw>
<var name="${keyTwo}">password</var>
<status status="PASS" start="2024-07-17T19:11:35.174754" elapsed="0.001698"/>
</iter>
<var>${keyTwo}</var>
<value>@{expected_keysTwo}</value>
<status status="PASS" start="2024-07-17T19:11:35.172859" elapsed="0.003714"/>
</for>
<status status="PASS" start="2024-07-17T19:11:35.061832" elapsed="0.114876"/>
</kw>
<doc>Testa a estrutura da resposta da API.</doc>
<tag>testeEstruturaResposta</tag>
<status status="PASS" start="2024-07-17T19:11:35.061257" elapsed="0.115591"/>
</test>
<test id="s1-s1-t4" name="Validar tipos de dados" line="28">
<kw name="Teste de Tipos de Dados" owner="random-user-service">
<kw name="GET On Session" owner="RequestsLibrary">
<msg time="2024-07-17T19:11:35.268509" level="INFO">GET Request : url=https://randomuser.me/api 
 path_url=/api 
 headers={'User-Agent': 'python-requests/2.32.3', 'Accept-Encoding': 'gzip, deflate', 'Accept': '*/*', 'Connection': 'keep-alive'} 
 body=None 
 </msg>
<msg time="2024-07-17T19:11:35.268591" level="INFO">GET Response : url=https://randomuser.me/api 
 status=200, reason=OK 
 headers={'Date': 'Wed, 17 Jul 2024 19:11:35 GMT', 'Content-Type': 'application/json; charset=utf-8', 'Transfer-Encoding': 'chunked', 'Connection': 'keep-alive', 'X-Powered-By': 'Express', 'Access-Control-Allow-Origin': '*', 'Cache-Control': 'no-cache', 'ETag': 'W/"4a7-aHbiOXy6rziC+AOnReXL76MVlDk"', 'Vary': 'Accept-Encoding', 'Content-Encoding': 'gzip', 'CF-Cache-Status': 'DYNAMIC', 'Report-To': '{"endpoints":[{"url":"https:\\/\\/a.nel.cloudflare.com\\/report\\/v4?s=cHbhvqVy5AX%2BnxD%2Fxqc2Ul1YBuG9%2BaL0BxSOKZG4YfdIJ4KjfVZ86SrsZtCI8JnJvK4XVG5I7PUKUCSLLXavw6cgm00FT%2BRhOnKdFGXkw%2BgdqXmBgMaftNtJopFoVUcD"}],"group":"cf-nel","max_age":604800}', 'NEL': '{"success_fraction":0,"report_to":"cf-nel","max_age":604800}', 'Server': 'cloudflare', 'CF-RAY': '8a4c89e4ec6bf9d4-SJC', 'alt-svc': 'h3=":443"; ma=86400'} 
 body={"results":[{"gender":"female","name":{"title":"Mrs","first":"Maëlia","last":"Rodriguez"},"location":{"street":{"number":3277,"name":"Rue du 8 Mai 1945"},"city":"Le Havre","state":"Sarthe","country":"France","postcode":48306,"coordinates":{"latitude":"-20.2035","longitude":"47.3616"},"timezone":{"offset":"-3:00","description":"Brazil, Buenos Aires, Georgetown"}},"email":"maelia.rodriguez@example.com","login":{"uuid":"be555c6d-6e89-4a8e-ae6c-fda478f1c5ac","username":"silverzebra854","password":"hershey","salt":"5HMPF446","md5":"8d6cb413ff1978af6603646b66a36c5d","sha1":"28ea0375007c81d073e46790978c0e8410127919","sha256":"277903387fb01f23ebddae56684fbb688a284c4ec7999df5a9731698338a9057"},"dob":{"date":"1980-08-14T12:40:03.354Z","age":43},"registered":{"date":"2007-08-02T03:50:43.164Z","age":16},"phone":"03-90-73-68-33","cell":"06-68-16-70-09","id":{"name":"INSEE","value":"2800750948897 34"},"picture":{"large":"https://randomuser.me/api/portraits/women/46.jpg","medium":"https://randomuser.me/api/portraits/med/women/46.jpg","thumbnail":"https://randomuser.me/api/portraits/thumb/women/46.jpg"},"nat":"FR"}],"info":{"seed":"78690798e8fe2510","results":1,"page":1,"version":"1.4"}} 
 </msg>
<msg time="2024-07-17T19:11:35.268664" level="INFO">/opt/hostedtoolcache/Python/3.12.4/x64/lib/python3.12/site-packages/urllib3/connectionpool.py:1099: InsecureRequestWarning: Unverified HTTPS request is being made to host 'randomuser.me'. Adding certificate verification is strongly advised. See: https://urllib3.readthedocs.io/en/latest/advanced-usage.html#tls-warnings
  warnings.warn(</msg>
<msg time="2024-07-17T19:11:35.268779" level="INFO">${response} = &lt;Response [200]&gt;</msg>
<var>${response}</var>
<arg>consultarAPI</arg>
<arg>/api</arg>
<doc>Sends a GET request on a previously created HTTP Session.</doc>
<status status="PASS" start="2024-07-17T19:11:35.179303" elapsed="0.089533"/>
</kw>
<kw name="Set Variable" owner="BuiltIn">
<msg time="2024-07-17T19:11:35.269889" level="INFO">${json_data} = {'results': [{'gender': 'female', 'name': {'title': 'Mrs', 'first': 'Maëlia', 'last': 'Rodriguez'}, 'location': {'street': {'number': 3277, 'name': 'Rue du 8 Mai 1945'}, 'city': 'Le Havre', 'state': '...</msg>
<var>${json_data}</var>
<arg>${response.json()}</arg>
<doc>Returns the given values which can then be assigned to a variables.</doc>
<status status="PASS" start="2024-07-17T19:11:35.269326" elapsed="0.000592"/>
</kw>
<kw name="Log" owner="BuiltIn">
<msg time="2024-07-17T19:11:35.270374" level="INFO">{'results': [{'gender': 'female', 'name': {'title': 'Mrs', 'first': 'Maëlia', 'last': 'Rodriguez'}, 'location': {'street': {'number': 3277, 'name': 'Rue du 8 Mai 1945'}, 'city': 'Le Havre', 'state': 'Sarthe', 'country': 'France', 'postcode': 48306, 'coordinates': {'latitude': '-20.2035', 'longitude': '47.3616'}, 'timezone': {'offset': '-3:00', 'description': 'Brazil, Buenos Aires, Georgetown'}}, 'email': 'maelia.rodriguez@example.com', 'login': {'uuid': 'be555c6d-6e89-4a8e-ae6c-fda478f1c5ac', 'username': 'silverzebra854', 'password': 'hershey', 'salt': '5HMPF446', 'md5': '8d6cb413ff1978af6603646b66a36c5d', 'sha1': '28ea0375007c81d073e46790978c0e8410127919', 'sha256': '277903387fb01f23ebddae56684fbb688a284c4ec7999df5a9731698338a9057'}, 'dob': {'date': '1980-08-14T12:40:03.354Z', 'age': 43}, 'registered': {'date': '2007-08-02T03:50:43.164Z', 'age': 16}, 'phone': '03-90-73-68-33', 'cell': '06-68-16-70-09', 'id': {'name': 'INSEE', 'value': '2800750948897 34'}, 'picture': {'large': 'https://randomuser.me/api/portraits/women/46.jpg', 'medium': 'https://randomuser.me/api/portraits/med/women/46.jpg', 'thumbnail': 'https://randomuser.me/api/portraits/thumb/women/46.jpg'}, 'nat': 'FR'}], 'info': {'seed': '78690798e8fe2510', 'results': 1, 'page': 1, 'version': '1.4'}}</msg>
<arg>${json_data}</arg>
<doc>Logs the given message with the given level.</doc>
<status status="PASS" start="2024-07-17T19:11:35.270219" elapsed="0.000203"/>
</kw>
<kw name="Should Be String" owner="String">
<arg>${json_data['results'][0]['gender']}</arg>
<doc>Fails if the given ``item`` is not a string.</doc>
<status status="PASS" start="2024-07-17T19:11:35.270710" elapsed="0.000356"/>
</kw>
<kw name="Should Match Regexp" owner="BuiltIn">
<arg>${json_data['results'][0]['email']}</arg>
<arg>^[a-zA-Z0-9._%+-]+@[a-zA-Z0-9.-]+\.[a-zA-Z]{2,}$</arg>
<doc>Fails if ``string`` does not match ``pattern`` as a regular expression.</doc>
<status status="PASS" start="2024-07-17T19:11:35.271282" elapsed="0.000548"/>
</kw>
<kw name="Should Match Regexp" owner="BuiltIn">
<arg>${json_data['results'][0]['dob']['date']}</arg>
<arg>\\d{4}-\\d{2}-\\d{2}T\\d{2}:\\d{2}:\\d{2}\\.\\d{3}Z</arg>
<doc>Fails if ``string`` does not match ``pattern`` as a regular expression.</doc>
<status status="PASS" start="2024-07-17T19:11:35.272026" elapsed="0.000478"/>
</kw>
<kw name="Should Match Regexp" owner="BuiltIn">
<arg>${json_data['results'][0]['registered']['date']}</arg>
<arg>\\d{4}-\\d{2}-\\d{2}T\\d{2}:\\d{2}:\\d{2}\\.\\d{3}Z</arg>
<doc>Fails if ``string`` does not match ``pattern`` as a regular expression.</doc>
<status status="PASS" start="2024-07-17T19:11:35.272690" elapsed="0.000359"/>
</kw>
<kw name="Should Match Regexp" owner="BuiltIn">
<arg>${json_data['results'][0]['picture']['large']}</arg>
<arg>^https?://.*\.(?:png|jpe?g|gif|bmp)$</arg>
<doc>Fails if ``string`` does not match ``pattern`` as a regular expression.</doc>
<status status="PASS" start="2024-07-17T19:11:35.273235" elapsed="0.000465"/>
</kw>
<kw name="Should Match Regexp" owner="BuiltIn">
<arg>${json_data['results'][0]['picture']['medium']}</arg>
<arg>^https?://.*\.(?:png|jpe?g|gif|bmp)$</arg>
<doc>Fails if ``string`` does not match ``pattern`` as a regular expression.</doc>
<status status="PASS" start="2024-07-17T19:11:35.273883" elapsed="0.000344"/>
</kw>
<kw name="Should Match Regexp" owner="BuiltIn">
<arg>${json_data['results'][0]['picture']['thumbnail']}</arg>
<arg>^https?://.*\.(?:png|jpe?g|gif|bmp)$</arg>
<doc>Fails if ``string`` does not match ``pattern`` as a regular expression.</doc>
<status status="PASS" start="2024-07-17T19:11:35.274404" elapsed="0.000346"/>
</kw>
<kw name="Log" owner="BuiltIn">
<msg time="2024-07-17T19:11:35.275263" level="INFO">{'large': 'https://randomuser.me/api/portraits/women/46.jpg', 'medium': 'https://randomuser.me/api/portraits/med/women/46.jpg', 'thumbnail': 'https://randomuser.me/api/portraits/thumb/women/46.jpg'}</msg>
<arg>${json_data['results'][0]['picture']}</arg>
<doc>Logs the given message with the given level.</doc>
<status status="PASS" start="2024-07-17T19:11:35.274933" elapsed="0.000372"/>
</kw>
<status status="PASS" start="2024-07-17T19:11:35.179090" elapsed="0.096486"/>
</kw>
<kw name="Teste de Tipos de Dados - Postcode" owner="random-user-service">
<kw name="GET On Session" owner="RequestsLibrary">
<msg time="2024-07-17T19:11:35.384591" level="INFO">GET Request : url=https://randomuser.me/api 
 path_url=/api 
 headers={'User-Agent': 'python-requests/2.32.3', 'Accept-Encoding': 'gzip, deflate', 'Accept': '*/*', 'Connection': 'keep-alive'} 
 body=None 
 </msg>
<msg time="2024-07-17T19:11:35.384686" level="INFO">GET Response : url=https://randomuser.me/api 
 status=200, reason=OK 
 headers={'Date': 'Wed, 17 Jul 2024 19:11:35 GMT', 'Content-Type': 'application/json; charset=utf-8', 'Transfer-Encoding': 'chunked', 'Connection': 'keep-alive', 'X-Powered-By': 'Express', 'Access-Control-Allow-Origin': '*', 'Cache-Control': 'no-cache', 'ETag': 'W/"49b-u66xS3s0XQljGAwLuoioI8mwmjk"', 'Vary': 'Accept-Encoding', 'Content-Encoding': 'gzip', 'CF-Cache-Status': 'DYNAMIC', 'Report-To': '{"endpoints":[{"url":"https:\\/\\/a.nel.cloudflare.com\\/report\\/v4?s=HU%2FC4Dc0NJ0N8zo2PohjSHW6tzPNyQnTpNzWgcwxch8dxD%2Br23hQvacs6ZlFl9k57d0PI8mbmti3UIyVcAyOR7PqwePPstvstc5diQOyuUqo13tpKob%2BP0guZu29ra%2BR"}],"group":"cf-nel","max_age":604800}', 'NEL': '{"success_fraction":0,"report_to":"cf-nel","max_age":604800}', 'Server': 'cloudflare', 'CF-RAY': '8a4c89e58ce0f9d4-SJC', 'alt-svc': 'h3=":443"; ma=86400'} 
 body={"results":[{"gender":"male","name":{"title":"Mr","first":"Väinö","last":"Lauri"},"location":{"street":{"number":6110,"name":"Itsenäisyydenkatu"},"city":"Hankasalmi","state":"Kainuu","country":"Finland","postcode":29115,"coordinates":{"latitude":"-23.6944","longitude":"-129.8381"},"timezone":{"offset":"+5:00","description":"Ekaterinburg, Islamabad, Karachi, Tashkent"}},"email":"vaino.lauri@example.com","login":{"uuid":"f7a94133-1559-451c-ace2-b30a1fbba77a","username":"tinycat761","password":"simba1","salt":"futIwhY5","md5":"35c66dd7e21336b9e97dad31e9b397f6","sha1":"d77b48494018ffe917c738fa94d8258af97c009a","sha256":"4dd405ab7fee3b2b324c52973e6347dc3ba1436fcf2587d08ac1029ea4b1a170"},"dob":{"date":"1956-02-25T10:35:50.129Z","age":68},"registered":{"date":"2002-06-27T01:43:12.064Z","age":22},"phone":"02-967-644","cell":"046-289-53-47","id":{"name":"HETU","value":"NaNNA705undefined"},"picture":{"large":"https://randomuser.me/api/portraits/men/66.jpg","medium":"https://randomuser.me/api/portraits/med/men/66.jpg","thumbnail":"https://randomuser.me/api/portraits/thumb/men/66.jpg"},"nat":"FI"}],"info":{"seed":"bc3448da631aaa99","results":1,"page":1,"version":"1.4"}} 
 </msg>
<msg time="2024-07-17T19:11:35.384759" level="INFO">/opt/hostedtoolcache/Python/3.12.4/x64/lib/python3.12/site-packages/urllib3/connectionpool.py:1099: InsecureRequestWarning: Unverified HTTPS request is being made to host 'randomuser.me'. Adding certificate verification is strongly advised. See: https://urllib3.readthedocs.io/en/latest/advanced-usage.html#tls-warnings
  warnings.warn(</msg>
<msg time="2024-07-17T19:11:35.384867" level="INFO">${response} = &lt;Response [200]&gt;</msg>
<var>${response}</var>
<arg>consultarAPI</arg>
<arg>/api</arg>
<doc>Sends a GET request on a previously created HTTP Session.</doc>
<status status="PASS" start="2024-07-17T19:11:35.276008" elapsed="0.108900"/>
</kw>
<kw name="Set Variable" owner="BuiltIn">
<msg time="2024-07-17T19:11:35.386000" level="INFO">${json_data} = {'results': [{'gender': 'male', 'name': {'title': 'Mr', 'first': 'Väinö', 'last': 'Lauri'}, 'location': {'street': {'number': 6110, 'name': 'Itsenäisyydenkatu'}, 'city': 'Hankasalmi', 'state': 'Kainuu...</msg>
<var>${json_data}</var>
<arg>${response.json()}</arg>
<doc>Returns the given values which can then be assigned to a variables.</doc>
<status status="PASS" start="2024-07-17T19:11:35.385418" elapsed="0.000611"/>
</kw>
<kw name="Log" owner="BuiltIn">
<msg time="2024-07-17T19:11:35.386485" level="INFO">{'results': [{'gender': 'male', 'name': {'title': 'Mr', 'first': 'Väinö', 'last': 'Lauri'}, 'location': {'street': {'number': 6110, 'name': 'Itsenäisyydenkatu'}, 'city': 'Hankasalmi', 'state': 'Kainuu', 'country': 'Finland', 'postcode': 29115, 'coordinates': {'latitude': '-23.6944', 'longitude': '-129.8381'}, 'timezone': {'offset': '+5:00', 'description': 'Ekaterinburg, Islamabad, Karachi, Tashkent'}}, 'email': 'vaino.lauri@example.com', 'login': {'uuid': 'f7a94133-1559-451c-ace2-b30a1fbba77a', 'username': 'tinycat761', 'password': 'simba1', 'salt': 'futIwhY5', 'md5': '35c66dd7e21336b9e97dad31e9b397f6', 'sha1': 'd77b48494018ffe917c738fa94d8258af97c009a', 'sha256': '4dd405ab7fee3b2b324c52973e6347dc3ba1436fcf2587d08ac1029ea4b1a170'}, 'dob': {'date': '1956-02-25T10:35:50.129Z', 'age': 68}, 'registered': {'date': '2002-06-27T01:43:12.064Z', 'age': 22}, 'phone': '02-967-644', 'cell': '046-289-53-47', 'id': {'name': 'HETU', 'value': 'NaNNA705undefined'}, 'picture': {'large': 'https://randomuser.me/api/portraits/men/66.jpg', 'medium': 'https://randomuser.me/api/portraits/med/men/66.jpg', 'thumbnail': 'https://randomuser.me/api/portraits/thumb/men/66.jpg'}, 'nat': 'FI'}], 'info': {'seed': 'bc3448da631aaa99', 'results': 1, 'page': 1, 'version': '1.4'}}</msg>
<arg>${json_data}</arg>
<doc>Logs the given message with the given level.</doc>
<status status="PASS" start="2024-07-17T19:11:35.386333" elapsed="0.000200"/>
</kw>
<kw name="Should Be Equal As Numbers" owner="BuiltIn">
<arg>${json_data['results'][0]['location']['postcode']}</arg>
<arg>${json_data['results'][0]['location']['postcode']}</arg>
<doc>Fails if objects are unequal after converting them to real numbers.</doc>
<status status="PASS" start="2024-07-17T19:11:35.386820" elapsed="0.000609"/>
</kw>
<kw name="Log" owner="BuiltIn">
<msg time="2024-07-17T19:11:35.388097" level="INFO">29115</msg>
<arg>${json_data['results'][0]['location']['postcode']}</arg>
<doc>Logs the given message with the given level.</doc>
<status status="PASS" start="2024-07-17T19:11:35.387645" elapsed="0.000526"/>
</kw>
<status status="PASS" start="2024-07-17T19:11:35.275793" elapsed="0.112627"/>
</kw>
<doc>Testa se os tipos de dados na resposta da API estão corretos.</doc>
<tag>testeTiposDados</tag>
<status status="PASS" start="2024-07-17T19:11:35.178584" elapsed="0.209992"/>
</test>
<test id="s1-s1-t5" name="Validar conteudo" line="35">
<kw name="Teste de Tipos de Conteudo" owner="random-user-service">
<kw name="GET On Session" owner="RequestsLibrary">
<msg time="2024-07-17T19:11:35.481589" level="INFO">GET Request : url=https://randomuser.me/api 
 path_url=/api 
 headers={'User-Agent': 'python-requests/2.32.3', 'Accept-Encoding': 'gzip, deflate', 'Accept': '*/*', 'Connection': 'keep-alive'} 
 body=None 
 </msg>
<msg time="2024-07-17T19:11:35.481671" level="INFO">GET Response : url=https://randomuser.me/api 
 status=200, reason=OK 
 headers={'Date': 'Wed, 17 Jul 2024 19:11:35 GMT', 'Content-Type': 'application/json; charset=utf-8', 'Transfer-Encoding': 'chunked', 'Connection': 'keep-alive', 'X-Powered-By': 'Express', 'Access-Control-Allow-Origin': '*', 'Cache-Control': 'no-cache', 'ETag': 'W/"491-lYcmJVTcHcwr6svjwec325wP8F0"', 'Vary': 'Accept-Encoding', 'Content-Encoding': 'gzip', 'CF-Cache-Status': 'DYNAMIC', 'Report-To': '{"endpoints":[{"url":"https:\\/\\/a.nel.cloudflare.com\\/report\\/v4?s=ua72pByBjd%2BZSIX4zaj1zBOgabPXW8f8oS%2F3dpY1iD3cVIYHR3RoYar91N7dVwSa%2FY1kGcU62AcA8jhxzKrmswZzcaDou%2FWQjaX2jJqTlSlAIt36P3F4b5lkMNWqQQgJ"}],"group":"cf-nel","max_age":604800}', 'NEL': '{"success_fraction":0,"report_to":"cf-nel","max_age":604800}', 'Server': 'cloudflare', 'CF-RAY': '8a4c89e63dc5f9d4-SJC', 'alt-svc': 'h3=":443"; ma=86400'} 
 body={"results":[{"gender":"male","name":{"title":"Mr","first":"Terry","last":"Washington"},"location":{"street":{"number":6262,"name":"Albert Road"},"city":"Belfast","state":"Derbyshire","country":"United Kingdom","postcode":"H0 7XS","coordinates":{"latitude":"-11.3015","longitude":"-44.4819"},"timezone":{"offset":"+6:00","description":"Almaty, Dhaka, Colombo"}},"email":"terry.washington@example.com","login":{"uuid":"efca0142-aeb3-48bf-910d-e9832cba14ee","username":"angryswan940","password":"adults","salt":"N6SpIU7g","md5":"8d64ced3b39dc1b4ad674124f5500a6e","sha1":"ed78b6962a09f7c43307b33bc605f262cba3078c","sha256":"347dfa2c0a3863a47fc67c344caa225d39d0da72aa17b311a002ed781d4655c2"},"dob":{"date":"1977-04-27T08:58:45.656Z","age":47},"registered":{"date":"2012-05-06T00:34:26.263Z","age":12},"phone":"016977 98594","cell":"07450 888860","id":{"name":"NINO","value":"NP 49 43 15 X"},"picture":{"large":"https://randomuser.me/api/portraits/men/22.jpg","medium":"https://randomuser.me/api/portraits/med/men/22.jpg","thumbnail":"https://randomuser.me/api/portraits/thumb/men/22.jpg"},"nat":"GB"}],"info":{"seed":"ff59a1d795faf41f","results":1,"page":1,"version":"1.4"}} 
 </msg>
<msg time="2024-07-17T19:11:35.481745" level="INFO">/opt/hostedtoolcache/Python/3.12.4/x64/lib/python3.12/site-packages/urllib3/connectionpool.py:1099: InsecureRequestWarning: Unverified HTTPS request is being made to host 'randomuser.me'. Adding certificate verification is strongly advised. See: https://urllib3.readthedocs.io/en/latest/advanced-usage.html#tls-warnings
  warnings.warn(</msg>
<msg time="2024-07-17T19:11:35.481861" level="INFO">${response} = &lt;Response [200]&gt;</msg>
<var>${response}</var>
<arg>consultarAPI</arg>
<arg>/api</arg>
<doc>Sends a GET request on a previously created HTTP Session.</doc>
<status status="PASS" start="2024-07-17T19:11:35.390965" elapsed="0.090950"/>
</kw>
<kw name="Set Variable" owner="BuiltIn">
<msg time="2024-07-17T19:11:35.483006" level="INFO">${json_data} = {'results': [{'gender': 'male', 'name': {'title': 'Mr', 'first': 'Terry', 'last': 'Washington'}, 'location': {'street': {'number': 6262, 'name': 'Albert Road'}, 'city': 'Belfast', 'state': 'Derbyshire...</msg>
<var>${json_data}</var>
<arg>${response.json()}</arg>
<doc>Returns the given values which can then be assigned to a variables.</doc>
<status status="PASS" start="2024-07-17T19:11:35.482458" elapsed="0.000576"/>
</kw>
<kw name="Set Variable" owner="BuiltIn">
<msg time="2024-07-17T19:11:35.483756" level="INFO">${name_title} = Mr</msg>
<var>${name_title}</var>
<arg>${json_data["results"][0]["name"]["title"]}</arg>
<doc>Returns the given values which can then be assigned to a variables.</doc>
<status status="PASS" start="2024-07-17T19:11:35.483341" elapsed="0.000440"/>
</kw>
<kw name="Create List" owner="BuiltIn">
<msg time="2024-07-17T19:11:35.484220" level="INFO">${allowed_titles} = ['Mr', 'Ms', 'Miss', 'Mrs', 'Madame', 'Monsieur']</msg>
<var>${allowed_titles}</var>
<arg>Mr</arg>
<arg>Ms</arg>
<arg>Miss</arg>
<arg>Mrs</arg>
<arg>Madame</arg>
<arg>Monsieur</arg>
<doc>Returns a list containing given items.</doc>
<status status="PASS" start="2024-07-17T19:11:35.484074" elapsed="0.000169"/>
</kw>
<kw name="List Should Contain Value" owner="Collections">
<arg>${allowed_titles}</arg>
<arg>${name_title}</arg>
<doc>Fails if the ``value`` is not found from ``list``.</doc>
<status status="PASS" start="2024-07-17T19:11:35.484537" elapsed="0.000169"/>
</kw>
<kw name="Set Variable" owner="BuiltIn">
<msg time="2024-07-17T19:11:35.485246" level="INFO">${name_country} = GB</msg>
<var>${name_country}</var>
<arg>${json_data["results"][0]["nat"]}</arg>
<doc>Returns the given values which can then be assigned to a variables.</doc>
<status status="PASS" start="2024-07-17T19:11:35.484882" elapsed="0.000388"/>
</kw>
<kw name="Create List" owner="BuiltIn">
<msg time="2024-07-17T19:11:35.486139" level="INFO">${list_country} = ['AD', 'AE', 'AF', 'AG', 'AI', 'AL', 'AM', 'AO', 'AQ', 'AR', 'AS', 'AT', 'AU', 'AW', 'AX', 'AZ', 'BA', 'BB', 'BD', 'BE', 'BF', 'BG', 'BH', 'BI', 'BJ', 'BL', 'BM', 'BN', 'BO', 'BQ', 'BR', 'BS', 'BT', '...</msg>
<var>${list_country}</var>
<arg>AD</arg>
<arg>AE</arg>
<arg>AF</arg>
<arg>AG</arg>
<arg>AI</arg>
<arg>AL</arg>
<arg>AM</arg>
<arg>AO</arg>
<arg>AQ</arg>
<arg>AR</arg>
<arg>AS</arg>
<arg>AT</arg>
<arg>AU</arg>
<arg>AW</arg>
<arg>AX</arg>
<arg>AZ</arg>
<arg>BA</arg>
<arg>BB</arg>
<arg>BD</arg>
<arg>BE</arg>
<arg>BF</arg>
<arg>BG</arg>
<arg>BH</arg>
<arg>BI</arg>
<arg>BJ</arg>
<arg>BL</arg>
<arg>BM</arg>
<arg>BN</arg>
<arg>BO</arg>
<arg>BQ</arg>
<arg>BR</arg>
<arg>BS</arg>
<arg>BT</arg>
<arg>BV</arg>
<arg>BW</arg>
<arg>BY</arg>
<arg>BZ</arg>
<arg>CA</arg>
<arg>CC</arg>
<arg>CD</arg>
<arg>CF</arg>
<arg>CG</arg>
<arg>CH</arg>
<arg>CI</arg>
<arg>CK</arg>
<arg>CL</arg>
<arg>CM</arg>
<arg>CN</arg>
<arg>CO</arg>
<arg>CR</arg>
<arg>CU</arg>
<arg>CV</arg>
<arg>CW</arg>
<arg>CX</arg>
<arg>CY</arg>
<arg>CZ</arg>
<arg>DE</arg>
<arg>DJ</arg>
<arg>DK</arg>
<arg>DM</arg>
<arg>DO</arg>
<arg>DZ</arg>
<arg>EC</arg>
<arg>EE</arg>
<arg>EG</arg>
<arg>EH</arg>
<arg>ER</arg>
<arg>ES</arg>
<arg>ET</arg>
<arg>FI</arg>
<arg>FJ</arg>
<arg>FK</arg>
<arg>FM</arg>
<arg>FO</arg>
<arg>FR</arg>
<arg>GA</arg>
<arg>GB</arg>
<arg>GD</arg>
<arg>GE</arg>
<arg>GF</arg>
<arg>GG</arg>
<arg>GH</arg>
<arg>GI</arg>
<arg>GL</arg>
<arg>GM</arg>
<arg>GN</arg>
<arg>GP</arg>
<arg>GQ</arg>
<arg>GR</arg>
<arg>GS</arg>
<arg>GT</arg>
<arg>GU</arg>
<arg>GW</arg>
<arg>GY</arg>
<arg>HK</arg>
<arg>HM</arg>
<arg>HN</arg>
<arg>HR</arg>
<arg>HT</arg>
<arg>HU</arg>
<arg>ID</arg>
<arg>IE</arg>
<arg>IL</arg>
<arg>IM</arg>
<arg>IN</arg>
<arg>IO</arg>
<arg>IQ</arg>
<arg>IR</arg>
<arg>IS</arg>
<arg>IT</arg>
<arg>JE</arg>
<arg>JM</arg>
<arg>JO</arg>
<arg>JP</arg>
<arg>KE</arg>
<arg>KG</arg>
<arg>KH</arg>
<arg>KI</arg>
<arg>KM</arg>
<arg>KN</arg>
<arg>KP</arg>
<arg>KR</arg>
<arg>KW</arg>
<arg>KY</arg>
<arg>KZ</arg>
<arg>LA</arg>
<arg>LB</arg>
<arg>LC</arg>
<arg>LI</arg>
<arg>LK</arg>
<arg>LR</arg>
<arg>LS</arg>
<arg>LT</arg>
<arg>LU</arg>
<arg>LV</arg>
<arg>LY</arg>
<arg>MA</arg>
<arg>MC</arg>
<arg>MD</arg>
<arg>ME</arg>
<arg>MF</arg>
<arg>MG</arg>
<arg>MH</arg>
<arg>MK</arg>
<arg>ML</arg>
<arg>MM</arg>
<arg>MN</arg>
<arg>MO</arg>
<arg>MP</arg>
<arg>MQ</arg>
<arg>MR</arg>
<arg>MS</arg>
<arg>MT</arg>
<arg>MU</arg>
<arg>MV</arg>
<arg>MW</arg>
<arg>MX</arg>
<arg>MY</arg>
<arg>MZ</arg>
<arg>NA</arg>
<arg>NC</arg>
<arg>NE</arg>
<arg>NF</arg>
<arg>NG</arg>
<arg>NI</arg>
<arg>NL</arg>
<arg>NO</arg>
<arg>NP</arg>
<arg>NR</arg>
<arg>NU</arg>
<arg>NZ</arg>
<arg>OM</arg>
<arg>PA</arg>
<arg>PE</arg>
<arg>PF</arg>
<arg>PG</arg>
<arg>PH</arg>
<arg>PK</arg>
<arg>PL</arg>
<arg>PM</arg>
<arg>PN</arg>
<arg>PR</arg>
<arg>PS</arg>
<arg>PT</arg>
<arg>PW</arg>
<arg>PY</arg>
<arg>QA</arg>
<arg>RE</arg>
<arg>RO</arg>
<arg>RS</arg>
<arg>RU</arg>
<arg>RW</arg>
<arg>SA</arg>
<arg>SB</arg>
<arg>SC</arg>
<arg>SD</arg>
<arg>SE</arg>
<arg>SG</arg>
<arg>SH</arg>
<arg>SI</arg>
<arg>SJ</arg>
<arg>SK</arg>
<arg>SL</arg>
<arg>SM</arg>
<arg>SN</arg>
<arg>SO</arg>
<arg>SR</arg>
<arg>SS</arg>
<arg>ST</arg>
<arg>SV</arg>
<arg>SX</arg>
<arg>SY</arg>
<arg>SZ</arg>
<arg>TC</arg>
<arg>TD</arg>
<arg>TF</arg>
<arg>TG</arg>
<arg>TH</arg>
<arg>TJ</arg>
<arg>TK</arg>
<arg>TL</arg>
<arg>TM</arg>
<arg>TN</arg>
<arg>TO</arg>
<arg>TR</arg>
<arg>TT</arg>
<arg>TV</arg>
<arg>TW</arg>
<arg>TZ</arg>
<arg>UA</arg>
<arg>UG</arg>
<arg>UM</arg>
<arg>US</arg>
<arg>UY</arg>
<arg>UZ</arg>
<arg>VA</arg>
<arg>VC</arg>
<arg>VE</arg>
<arg>VG</arg>
<arg>VI</arg>
<arg>VN</arg>
<arg>VU</arg>
<arg>WF</arg>
<arg>WS</arg>
<arg>XK</arg>
<arg>YE</arg>
<arg>YT</arg>
<arg>ZA</arg>
<arg>ZM</arg>
<arg>ZW</arg>
<doc>Returns a list containing given items.</doc>
<status status="PASS" start="2024-07-17T19:11:35.485552" elapsed="0.000612"/>
</kw>
<kw name="List Should Contain Value" owner="Collections">
<arg>${list_country}</arg>
<arg>${name_country}</arg>
<doc>Fails if the ``value`` is not found from ``list``.</doc>
<status status="PASS" start="2024-07-17T19:11:35.486941" elapsed="0.000197"/>
</kw>
<kw name="Run Keyword If" owner="BuiltIn">
<kw name="Should Be True" owner="BuiltIn">
<arg>${True}</arg>
<doc>Fails if the given condition is not true.</doc>
<status status="PASS" start="2024-07-17T19:11:35.488073" elapsed="0.000139"/>
</kw>
<arg>${json_data["results"][0]["location"]["coordinates"]["latitude"]} &gt;= -90 and ${json_data["results"][0]["location"]["coordinates"]["latitude"]} &lt;= 90</arg>
<arg>Should Be True</arg>
<arg>${True}</arg>
<doc>Runs the given keyword with the given arguments, if ``condition`` is true.</doc>
<status status="PASS" start="2024-07-17T19:11:35.487326" elapsed="0.001010"/>
</kw>
<kw name="Run Keyword If" owner="BuiltIn">
<kw name="Should Be True" owner="BuiltIn">
<arg>${True}</arg>
<doc>Fails if the given condition is not true.</doc>
<status status="PASS" start="2024-07-17T19:11:35.489252" elapsed="0.000228"/>
</kw>
<arg>${json_data["results"][0]["location"]["coordinates"]["longitude"]} &gt;= -180 and ${json_data["results"][0]["location"]["coordinates"]["longitude"]} &lt;= 180</arg>
<arg>Should Be True</arg>
<arg>${True}</arg>
<doc>Runs the given keyword with the given arguments, if ``condition`` is true.</doc>
<status status="PASS" start="2024-07-17T19:11:35.488516" elapsed="0.001092"/>
</kw>
<status status="PASS" start="2024-07-17T19:11:35.390755" elapsed="0.098982"/>
</kw>
<doc>Testa o conteúdo específico dos campos retornados pela API.</doc>
<tag>testeConteudo</tag>
<status status="PASS" start="2024-07-17T19:11:35.390263" elapsed="0.099617"/>
</test>
<status status="PASS" start="2024-07-17T19:11:34.420517" elapsed="1.071335"/>
</suite>
<status status="PASS" start="2024-07-17T19:11:34.406257" elapsed="1.090530"/>
</suite>
<statistics>
<total>
<stat pass="5" fail="0" skip="0">All Tests</stat>
</total>
<tag>
<stat pass="1" fail="0" skip="0">testeConteudo</stat>
<stat pass="1" fail="0" skip="0">testeEstruturaResposta</stat>
<stat pass="1" fail="0" skip="0">testeRequisicaoBasica</stat>
<stat pass="1" fail="0" skip="0">testeTiposDados</stat>
</tag>
<suite>
<stat pass="5" fail="0" skip="0" id="s1" name="Tests">Tests</stat>
<stat pass="5" fail="0" skip="0" id="s1-s1" name="Random-User-Test">Tests.Random-User-Test</stat>
</suite>
</statistics>
<errors>
</errors>
</robot>
