<?xml version="1.0" encoding="UTF-8"?>
<robot generator="Robot 7.0 (Python 3.12.2 on linux)" generated="2024-04-13T16:17:03.654347" rpa="false" schemaversion="5">
<suite id="s1" name="Tests" source="/home/runner/work/DesafioQAItauRogerioJordao/DesafioQAItauRogerioJordao/RamdonUser/tests">
<suite id="s1-s1" name="Random-User-Test" source="/home/runner/work/DesafioQAItauRogerioJordao/DesafioQAItauRogerioJordao/RamdonUser/tests/random-user-test.robot">
<test id="s1-s1-t1" name="Conectar" line="13">
<kw name="Conectar API" owner="random-user-service">
<kw name="Create Session" owner="RequestsLibrary">
<msg time="2024-04-13T16:17:04.010735" level="INFO">Creating Session using : alias=consultarAPI, url=https://randomuser.me/, headers={},                     cookies={}, auth=None, timeout=None, proxies=None, verify=False,                     debug=0 </msg>
<arg>consultarAPI</arg>
<arg>${URL}</arg>
<doc>Create Session: create a HTTP session to a server</doc>
<status status="PASS" start="2024-04-13T16:17:04.010522" elapsed="0.000392"/>
</kw>
<status status="PASS" start="2024-04-13T16:17:04.009469" elapsed="0.001797"/>
</kw>
<status status="PASS" start="2024-04-13T16:17:04.008869" elapsed="0.002599"/>
</test>
<test id="s1-s1-t2" name="Validar retorno 200 e JSON Válido" line="16">
<kw name="Teste de Requisicao Basica" owner="random-user-service">
<kw name="GET On Session" owner="RequestsLibrary">
<msg time="2024-04-13T16:17:04.170455" level="INFO">GET Request : url=https://randomuser.me/api 
 path_url=/api 
 headers={'User-Agent': 'python-requests/2.31.0', 'Accept-Encoding': 'gzip, deflate', 'Accept': '*/*', 'Connection': 'keep-alive'} 
 body=None 
 </msg>
<msg time="2024-04-13T16:17:04.170610" level="INFO">GET Response : url=https://randomuser.me/api 
 status=200, reason=OK 
 headers={'Date': 'Sat, 13 Apr 2024 16:17:04 GMT', 'Content-Type': 'application/json; charset=utf-8', 'Transfer-Encoding': 'chunked', 'Connection': 'keep-alive', 'X-Powered-By': 'Express', 'Access-Control-Allow-Origin': '*', 'Cache-Control': 'no-cache', 'ETag': 'W/"48b-5RSI2BqAJNUm1c6oE0N4Fi58LNI"', 'Vary': 'Accept-Encoding', 'Content-Encoding': 'gzip', 'CF-Cache-Status': 'DYNAMIC', 'Report-To': '{"endpoints":[{"url":"https:\\/\\/a.nel.cloudflare.com\\/report\\/v4?s=d%2FCB%2FqzUsz3YGf%2Bsa4J5TqjPDKLJVhjDcfmXt2xvStSUdDP2rJ2SW%2Fs52D%2BuWXjxM0N%2FtfR%2FEVA73cPk%2BHd%2BM0ukOrtj31yLf2ieIWTAlSVrWKDp1TiYiyJztsGWHVBJ"}],"group":"cf-nel","max_age":604800}', 'NEL': '{"success_fraction":0,"report_to":"cf-nel","max_age":604800}', 'Server': 'cloudflare', 'CF-RAY': '873cc3a078b5101c-LAX', 'alt-svc': 'h3=":443"; ma=86400'} 
 body={"results":[{"gender":"male","name":{"title":"Mr","first":"Vernon","last":"Fuller"},"location":{"street":{"number":4603,"name":"Dogwood Ave"},"city":"Mildura","state":"Victoria","country":"Australia","postcode":559,"coordinates":{"latitude":"-86.5368","longitude":"-120.6102"},"timezone":{"offset":"-4:00","description":"Atlantic Time (Canada), Caracas, La Paz"}},"email":"vernon.fuller@example.com","login":{"uuid":"f44729c4-f4d2-4d68-9219-1f54f492ac8e","username":"bigmeercat166","password":"boat","salt":"8sZl2xIL","md5":"d31cbc30027f140caac6de50d145232d","sha1":"e2f6af455e8fc7048db948349ac084a5db031d13","sha256":"7cbd7e987f3f2d49bed78af678b99a507d5531aba708517f359fc355ef64d95c"},"dob":{"date":"1999-02-17T02:32:08.995Z","age":25},"registered":{"date":"2009-01-23T10:15:54.026Z","age":15},"phone":"09-2616-7592","cell":"0444-328-634","id":{"name":"TFN","value":"233096353"},"picture":{"large":"https://randomuser.me/api/portraits/men/26.jpg","medium":"https://randomuser.me/api/portraits/med/men/26.jpg","thumbnail":"https://randomuser.me/api/portraits/thumb/men/26.jpg"},"nat":"AU"}],"info":{"seed":"8203810352828423","results":1,"page":1,"version":"1.4"}} 
 </msg>
<msg time="2024-04-13T16:17:04.170685" level="INFO">/opt/hostedtoolcache/Python/3.12.2/x64/lib/python3.12/site-packages/urllib3/connectionpool.py:1103: InsecureRequestWarning: Unverified HTTPS request is being made to host 'randomuser.me'. Adding certificate verification is strongly advised. See: https://urllib3.readthedocs.io/en/latest/advanced-usage.html#tls-warnings
  warnings.warn(</msg>
<msg time="2024-04-13T16:17:04.170805" level="INFO">${response} = &lt;Response [200]&gt;</msg>
<var>${response}</var>
<arg>consultarAPI</arg>
<arg>/api</arg>
<doc>Sends a GET request on a previously created HTTP Session.</doc>
<status status="PASS" start="2024-04-13T16:17:04.014137" elapsed="0.156710"/>
</kw>
<kw name="Should Be Equal As Numbers" owner="BuiltIn">
<msg time="2024-04-13T16:17:04.171793" level="INFO">Argument types are:
&lt;class 'int'&gt;
&lt;class 'str'&gt;</msg>
<arg>${response.status_code}</arg>
<arg>200</arg>
<doc>Fails if objects are unequal after converting them to real numbers.</doc>
<status status="PASS" start="2024-04-13T16:17:04.171342" elapsed="0.000518"/>
</kw>
<kw name="Log" owner="BuiltIn">
<msg time="2024-04-13T16:17:04.172553" level="INFO">200</msg>
<arg>${response.status_code}</arg>
<doc>Logs the given message with the given level.</doc>
<status status="PASS" start="2024-04-13T16:17:04.172194" elapsed="0.000403"/>
</kw>
<kw name="Set Variable" owner="BuiltIn">
<msg time="2024-04-13T16:17:04.173360" level="INFO">${json_data} = {'results': [{'gender': 'male', 'name': {'title': 'Mr', 'first': 'Vernon', 'last': 'Fuller'}, 'location': {'street': {'number': 4603, 'name': 'Dogwood Ave'}, 'city': 'Mildura', 'state': 'Victoria', 'c...</msg>
<var>${json_data}</var>
<arg>${response.json()}</arg>
<doc>Returns the given values which can then be assigned to a variables.</doc>
<status status="PASS" start="2024-04-13T16:17:04.172921" elapsed="0.000467"/>
</kw>
<kw name="Dictionary Should Contain Key" owner="Collections">
<msg time="2024-04-13T16:17:04.173907" level="INFO">False</msg>
<arg>${json_data}</arg>
<arg>results</arg>
<doc>Fails if ``key`` is not found from ``dictionary``.</doc>
<status status="PASS" start="2024-04-13T16:17:04.173700" elapsed="0.000252"/>
</kw>
<status status="PASS" start="2024-04-13T16:17:04.013880" elapsed="0.160334"/>
</kw>
<doc>Testa se a API responde corretamente e retorna um objeto JSON válido.</doc>
<tag>testeRequisicaoBasica</tag>
<status status="PASS" start="2024-04-13T16:17:04.013316" elapsed="0.161083"/>
</test>
<test id="s1-s1-t3" name="Validar estrutura de resposta" line="22">
<kw name="Teste de Estrutura de Resposta" owner="random-user-service">
<kw name="GET On Session" owner="RequestsLibrary">
<msg time="2024-04-13T16:17:04.273327" level="INFO">GET Request : url=https://randomuser.me/api 
 path_url=/api 
 headers={'User-Agent': 'python-requests/2.31.0', 'Accept-Encoding': 'gzip, deflate', 'Accept': '*/*', 'Connection': 'keep-alive'} 
 body=None 
 </msg>
<msg time="2024-04-13T16:17:04.273438" level="INFO">GET Response : url=https://randomuser.me/api 
 status=200, reason=OK 
 headers={'Date': 'Sat, 13 Apr 2024 16:17:04 GMT', 'Content-Type': 'application/json; charset=utf-8', 'Transfer-Encoding': 'chunked', 'Connection': 'keep-alive', 'X-Powered-By': 'Express', 'Access-Control-Allow-Origin': '*', 'Cache-Control': 'no-cache', 'ETag': 'W/"482-L3Q1kITt8QfgOyMuo923rA5ssyA"', 'Vary': 'Accept-Encoding', 'Content-Encoding': 'gzip', 'CF-Cache-Status': 'DYNAMIC', 'Report-To': '{"endpoints":[{"url":"https:\\/\\/a.nel.cloudflare.com\\/report\\/v4?s=3x0OsqnpjwN%2B7%2FL4WjQUAWlAPO5Z7luIQEBPb9G7ZLahrrkHSsn7pwQnGA%2F8dWWJofRYKa13w%2B1kROR%2F4hzZjJYEwgDfrixGoIwou3NhgH598uglvxdxC4283FcIYL%2Fz"}],"group":"cf-nel","max_age":604800}', 'NEL': '{"success_fraction":0,"report_to":"cf-nel","max_age":604800}', 'Server': 'cloudflare', 'CF-RAY': '873cc3a1297b101c-LAX', 'alt-svc': 'h3=":443"; ma=86400'} 
 body={"results":[{"gender":"male","name":{"title":"Mr","first":"Bruce","last":"Baker"},"location":{"street":{"number":57,"name":"Brick Kiln Road"},"city":"Bristol","state":"Shropshire","country":"United Kingdom","postcode":"J87 7GQ","coordinates":{"latitude":"-4.9512","longitude":"-122.4775"},"timezone":{"offset":"-2:00","description":"Mid-Atlantic"}},"email":"bruce.baker@example.com","login":{"uuid":"106002cc-6a3a-42ad-98db-8cbd503cd625","username":"ticklishpanda554","password":"lenny","salt":"yOnQkN1w","md5":"bb5f7359893e0dcd03774421f778420a","sha1":"42503d533c6343ad3369b00ad084f299dc4a6f18","sha256":"6bb5a0d23a52b77a5d42c00eb57e59016ba8e5a27ef1963936874572cf5b46c6"},"dob":{"date":"1988-05-21T09:59:58.261Z","age":35},"registered":{"date":"2016-09-16T23:13:05.680Z","age":7},"phone":"019467 67458","cell":"07091 426676","id":{"name":"NINO","value":"NY 25 35 42 X"},"picture":{"large":"https://randomuser.me/api/portraits/men/85.jpg","medium":"https://randomuser.me/api/portraits/med/men/85.jpg","thumbnail":"https://randomuser.me/api/portraits/thumb/men/85.jpg"},"nat":"GB"}],"info":{"seed":"72fc814dee8e6462","results":1,"page":1,"version":"1.4"}} 
 </msg>
<msg time="2024-04-13T16:17:04.273586" level="INFO">/opt/hostedtoolcache/Python/3.12.2/x64/lib/python3.12/site-packages/urllib3/connectionpool.py:1103: InsecureRequestWarning: Unverified HTTPS request is being made to host 'randomuser.me'. Adding certificate verification is strongly advised. See: https://urllib3.readthedocs.io/en/latest/advanced-usage.html#tls-warnings
  warnings.warn(</msg>
<msg time="2024-04-13T16:17:04.273720" level="INFO">${response} = &lt;Response [200]&gt;</msg>
<var>${response}</var>
<arg>consultarAPI</arg>
<arg>/api</arg>
<doc>Sends a GET request on a previously created HTTP Session.</doc>
<status status="PASS" start="2024-04-13T16:17:04.177255" elapsed="0.096517"/>
</kw>
<kw name="Set Variable" owner="BuiltIn">
<msg time="2024-04-13T16:17:04.274692" level="INFO">${json_data} = {'results': [{'gender': 'male', 'name': {'title': 'Mr', 'first': 'Bruce', 'last': 'Baker'}, 'location': {'street': {'number': 57, 'name': 'Brick Kiln Road'}, 'city': 'Bristol', 'state': 'Shropshire', ...</msg>
<var>${json_data}</var>
<arg>${response.json()}</arg>
<doc>Returns the given values which can then be assigned to a variables.</doc>
<status status="PASS" start="2024-04-13T16:17:04.274210" elapsed="0.000510"/>
</kw>
<kw name="Log" owner="BuiltIn">
<msg time="2024-04-13T16:17:04.275194" level="INFO">{'results': [{'gender': 'male', 'name': {'title': 'Mr', 'first': 'Bruce', 'last': 'Baker'}, 'location': {'street': {'number': 57, 'name': 'Brick Kiln Road'}, 'city': 'Bristol', 'state': 'Shropshire', 'country': 'United Kingdom', 'postcode': 'J87 7GQ', 'coordinates': {'latitude': '-4.9512', 'longitude': '-122.4775'}, 'timezone': {'offset': '-2:00', 'description': 'Mid-Atlantic'}}, 'email': 'bruce.baker@example.com', 'login': {'uuid': '106002cc-6a3a-42ad-98db-8cbd503cd625', 'username': 'ticklishpanda554', 'password': 'lenny', 'salt': 'yOnQkN1w', 'md5': 'bb5f7359893e0dcd03774421f778420a', 'sha1': '42503d533c6343ad3369b00ad084f299dc4a6f18', 'sha256': '6bb5a0d23a52b77a5d42c00eb57e59016ba8e5a27ef1963936874572cf5b46c6'}, 'dob': {'date': '1988-05-21T09:59:58.261Z', 'age': 35}, 'registered': {'date': '2016-09-16T23:13:05.680Z', 'age': 7}, 'phone': '019467 67458', 'cell': '07091 426676', 'id': {'name': 'NINO', 'value': 'NY 25 35 42 X'}, 'picture': {'large': 'https://randomuser.me/api/portraits/men/85.jpg', 'medium': 'https://randomuser.me/api/portraits/med/men/85.jpg', 'thumbnail': 'https://randomuser.me/api/portraits/thumb/men/85.jpg'}, 'nat': 'GB'}], 'info': {'seed': '72fc814dee8e6462', 'results': 1, 'page': 1, 'version': '1.4'}}</msg>
<arg>${json_data}</arg>
<doc>Logs the given message with the given level.</doc>
<status status="PASS" start="2024-04-13T16:17:04.275037" elapsed="0.000204"/>
</kw>
<kw name="Dictionary Should Contain Key" owner="Collections">
<msg time="2024-04-13T16:17:04.275699" level="INFO">False</msg>
<arg>${json_data}</arg>
<arg>results</arg>
<doc>Fails if ``key`` is not found from ``dictionary``.</doc>
<status status="PASS" start="2024-04-13T16:17:04.275541" elapsed="0.000196"/>
</kw>
<kw name="Should Not Be Empty" owner="BuiltIn">
<msg time="2024-04-13T16:17:04.276169" level="INFO">Length is 2.</msg>
<arg>${json_data}</arg>
<doc>Verifies that the given item is not empty.</doc>
<status status="PASS" start="2024-04-13T16:17:04.276035" elapsed="0.000172"/>
</kw>
<kw name="Create List" owner="BuiltIn">
<msg time="2024-04-13T16:17:04.276664" level="INFO">${expected_keys} = ['gender', 'name', 'location', 'email', 'login']</msg>
<var>${expected_keys}</var>
<arg>gender</arg>
<arg>name</arg>
<arg>location</arg>
<arg>email</arg>
<arg>login</arg>
<doc>Returns a list containing given items.</doc>
<status status="PASS" start="2024-04-13T16:17:04.276513" elapsed="0.000175"/>
</kw>
<for flavor="IN">
<iter>
<kw name="Dictionary Should Contain Key" owner="Collections">
<msg time="2024-04-13T16:17:04.277673" level="INFO">False</msg>
<arg>${json_data['results'][0]}</arg>
<arg>${key}</arg>
<doc>Fails if ``key`` is not found from ``dictionary``.</doc>
<status status="PASS" start="2024-04-13T16:17:04.277267" elapsed="0.000446"/>
</kw>
<kw name="Log" owner="BuiltIn">
<msg time="2024-04-13T16:17:04.278429" level="INFO">{'gender': 'male', 'name': {'title': 'Mr', 'first': 'Bruce', 'last': 'Baker'}, 'location': {'street': {'number': 57, 'name': 'Brick Kiln Road'}, 'city': 'Bristol', 'state': 'Shropshire', 'country': 'United Kingdom', 'postcode': 'J87 7GQ', 'coordinates': {'latitude': '-4.9512', 'longitude': '-122.4775'}, 'timezone': {'offset': '-2:00', 'description': 'Mid-Atlantic'}}, 'email': 'bruce.baker@example.com', 'login': {'uuid': '106002cc-6a3a-42ad-98db-8cbd503cd625', 'username': 'ticklishpanda554', 'password': 'lenny', 'salt': 'yOnQkN1w', 'md5': 'bb5f7359893e0dcd03774421f778420a', 'sha1': '42503d533c6343ad3369b00ad084f299dc4a6f18', 'sha256': '6bb5a0d23a52b77a5d42c00eb57e59016ba8e5a27ef1963936874572cf5b46c6'}, 'dob': {'date': '1988-05-21T09:59:58.261Z', 'age': 35}, 'registered': {'date': '2016-09-16T23:13:05.680Z', 'age': 7}, 'phone': '019467 67458', 'cell': '07091 426676', 'id': {'name': 'NINO', 'value': 'NY 25 35 42 X'}, 'picture': {'large': 'https://randomuser.me/api/portraits/men/85.jpg', 'medium': 'https://randomuser.me/api/portraits/med/men/85.jpg', 'thumbnail': 'https://randomuser.me/api/portraits/thumb/men/85.jpg'}, 'nat': 'GB'}</msg>
<arg>${json_data['results'][0]}</arg>
<doc>Logs the given message with the given level.</doc>
<status status="PASS" start="2024-04-13T16:17:04.278059" elapsed="0.000419"/>
</kw>
<kw name="Log" owner="BuiltIn">
<msg time="2024-04-13T16:17:04.278904" level="INFO">gender</msg>
<arg>${key}</arg>
<doc>Logs the given message with the given level.</doc>
<status status="PASS" start="2024-04-13T16:17:04.278776" elapsed="0.000167"/>
</kw>
<var name="${key}">gender</var>
<status status="PASS" start="2024-04-13T16:17:04.277142" elapsed="0.002021"/>
</iter>
<iter>
<kw name="Dictionary Should Contain Key" owner="Collections">
<msg time="2024-04-13T16:17:04.279852" level="INFO">False</msg>
<arg>${json_data['results'][0]}</arg>
<arg>${key}</arg>
<doc>Fails if ``key`` is not found from ``dictionary``.</doc>
<status status="PASS" start="2024-04-13T16:17:04.279465" elapsed="0.000425"/>
</kw>
<kw name="Log" owner="BuiltIn">
<msg time="2024-04-13T16:17:04.280583" level="INFO">{'gender': 'male', 'name': {'title': 'Mr', 'first': 'Bruce', 'last': 'Baker'}, 'location': {'street': {'number': 57, 'name': 'Brick Kiln Road'}, 'city': 'Bristol', 'state': 'Shropshire', 'country': 'United Kingdom', 'postcode': 'J87 7GQ', 'coordinates': {'latitude': '-4.9512', 'longitude': '-122.4775'}, 'timezone': {'offset': '-2:00', 'description': 'Mid-Atlantic'}}, 'email': 'bruce.baker@example.com', 'login': {'uuid': '106002cc-6a3a-42ad-98db-8cbd503cd625', 'username': 'ticklishpanda554', 'password': 'lenny', 'salt': 'yOnQkN1w', 'md5': 'bb5f7359893e0dcd03774421f778420a', 'sha1': '42503d533c6343ad3369b00ad084f299dc4a6f18', 'sha256': '6bb5a0d23a52b77a5d42c00eb57e59016ba8e5a27ef1963936874572cf5b46c6'}, 'dob': {'date': '1988-05-21T09:59:58.261Z', 'age': 35}, 'registered': {'date': '2016-09-16T23:13:05.680Z', 'age': 7}, 'phone': '019467 67458', 'cell': '07091 426676', 'id': {'name': 'NINO', 'value': 'NY 25 35 42 X'}, 'picture': {'large': 'https://randomuser.me/api/portraits/men/85.jpg', 'medium': 'https://randomuser.me/api/portraits/med/men/85.jpg', 'thumbnail': 'https://randomuser.me/api/portraits/thumb/men/85.jpg'}, 'nat': 'GB'}</msg>
<arg>${json_data['results'][0]}</arg>
<doc>Logs the given message with the given level.</doc>
<status status="PASS" start="2024-04-13T16:17:04.280214" elapsed="0.000422"/>
</kw>
<kw name="Log" owner="BuiltIn">
<msg time="2024-04-13T16:17:04.281068" level="INFO">name</msg>
<arg>${key}</arg>
<doc>Logs the given message with the given level.</doc>
<status status="PASS" start="2024-04-13T16:17:04.280939" elapsed="0.000167"/>
</kw>
<var name="${key}">name</var>
<status status="PASS" start="2024-04-13T16:17:04.279352" elapsed="0.001984"/>
</iter>
<iter>
<kw name="Dictionary Should Contain Key" owner="Collections">
<msg time="2024-04-13T16:17:04.282045" level="INFO">False</msg>
<arg>${json_data['results'][0]}</arg>
<arg>${key}</arg>
<doc>Fails if ``key`` is not found from ``dictionary``.</doc>
<status status="PASS" start="2024-04-13T16:17:04.281626" elapsed="0.000457"/>
</kw>
<kw name="Log" owner="BuiltIn">
<msg time="2024-04-13T16:17:04.282753" level="INFO">{'gender': 'male', 'name': {'title': 'Mr', 'first': 'Bruce', 'last': 'Baker'}, 'location': {'street': {'number': 57, 'name': 'Brick Kiln Road'}, 'city': 'Bristol', 'state': 'Shropshire', 'country': 'United Kingdom', 'postcode': 'J87 7GQ', 'coordinates': {'latitude': '-4.9512', 'longitude': '-122.4775'}, 'timezone': {'offset': '-2:00', 'description': 'Mid-Atlantic'}}, 'email': 'bruce.baker@example.com', 'login': {'uuid': '106002cc-6a3a-42ad-98db-8cbd503cd625', 'username': 'ticklishpanda554', 'password': 'lenny', 'salt': 'yOnQkN1w', 'md5': 'bb5f7359893e0dcd03774421f778420a', 'sha1': '42503d533c6343ad3369b00ad084f299dc4a6f18', 'sha256': '6bb5a0d23a52b77a5d42c00eb57e59016ba8e5a27ef1963936874572cf5b46c6'}, 'dob': {'date': '1988-05-21T09:59:58.261Z', 'age': 35}, 'registered': {'date': '2016-09-16T23:13:05.680Z', 'age': 7}, 'phone': '019467 67458', 'cell': '07091 426676', 'id': {'name': 'NINO', 'value': 'NY 25 35 42 X'}, 'picture': {'large': 'https://randomuser.me/api/portraits/men/85.jpg', 'medium': 'https://randomuser.me/api/portraits/med/men/85.jpg', 'thumbnail': 'https://randomuser.me/api/portraits/thumb/men/85.jpg'}, 'nat': 'GB'}</msg>
<arg>${json_data['results'][0]}</arg>
<doc>Logs the given message with the given level.</doc>
<status status="PASS" start="2024-04-13T16:17:04.282397" elapsed="0.000403"/>
</kw>
<kw name="Log" owner="BuiltIn">
<msg time="2024-04-13T16:17:04.283219" level="INFO">location</msg>
<arg>${key}</arg>
<doc>Logs the given message with the given level.</doc>
<status status="PASS" start="2024-04-13T16:17:04.283092" elapsed="0.000167"/>
</kw>
<var name="${key}">location</var>
<status status="PASS" start="2024-04-13T16:17:04.281515" elapsed="0.001963"/>
</iter>
<iter>
<kw name="Dictionary Should Contain Key" owner="Collections">
<msg time="2024-04-13T16:17:04.284159" level="INFO">False</msg>
<arg>${json_data['results'][0]}</arg>
<arg>${key}</arg>
<doc>Fails if ``key`` is not found from ``dictionary``.</doc>
<status status="PASS" start="2024-04-13T16:17:04.283766" elapsed="0.000436"/>
</kw>
<kw name="Log" owner="BuiltIn">
<msg time="2024-04-13T16:17:04.284865" level="INFO">{'gender': 'male', 'name': {'title': 'Mr', 'first': 'Bruce', 'last': 'Baker'}, 'location': {'street': {'number': 57, 'name': 'Brick Kiln Road'}, 'city': 'Bristol', 'state': 'Shropshire', 'country': 'United Kingdom', 'postcode': 'J87 7GQ', 'coordinates': {'latitude': '-4.9512', 'longitude': '-122.4775'}, 'timezone': {'offset': '-2:00', 'description': 'Mid-Atlantic'}}, 'email': 'bruce.baker@example.com', 'login': {'uuid': '106002cc-6a3a-42ad-98db-8cbd503cd625', 'username': 'ticklishpanda554', 'password': 'lenny', 'salt': 'yOnQkN1w', 'md5': 'bb5f7359893e0dcd03774421f778420a', 'sha1': '42503d533c6343ad3369b00ad084f299dc4a6f18', 'sha256': '6bb5a0d23a52b77a5d42c00eb57e59016ba8e5a27ef1963936874572cf5b46c6'}, 'dob': {'date': '1988-05-21T09:59:58.261Z', 'age': 35}, 'registered': {'date': '2016-09-16T23:13:05.680Z', 'age': 7}, 'phone': '019467 67458', 'cell': '07091 426676', 'id': {'name': 'NINO', 'value': 'NY 25 35 42 X'}, 'picture': {'large': 'https://randomuser.me/api/portraits/men/85.jpg', 'medium': 'https://randomuser.me/api/portraits/med/men/85.jpg', 'thumbnail': 'https://randomuser.me/api/portraits/thumb/men/85.jpg'}, 'nat': 'GB'}</msg>
<arg>${json_data['results'][0]}</arg>
<doc>Logs the given message with the given level.</doc>
<status status="PASS" start="2024-04-13T16:17:04.284502" elapsed="0.000411"/>
</kw>
<kw name="Log" owner="BuiltIn">
<msg time="2024-04-13T16:17:04.285337" level="INFO">email</msg>
<arg>${key}</arg>
<doc>Logs the given message with the given level.</doc>
<status status="PASS" start="2024-04-13T16:17:04.285210" elapsed="0.000165"/>
</kw>
<var name="${key}">email</var>
<status status="PASS" start="2024-04-13T16:17:04.283655" elapsed="0.001933"/>
</iter>
<iter>
<kw name="Dictionary Should Contain Key" owner="Collections">
<msg time="2024-04-13T16:17:04.286292" level="INFO">False</msg>
<arg>${json_data['results'][0]}</arg>
<arg>${key}</arg>
<doc>Fails if ``key`` is not found from ``dictionary``.</doc>
<status status="PASS" start="2024-04-13T16:17:04.285916" elapsed="0.000413"/>
</kw>
<kw name="Log" owner="BuiltIn">
<msg time="2024-04-13T16:17:04.286986" level="INFO">{'gender': 'male', 'name': {'title': 'Mr', 'first': 'Bruce', 'last': 'Baker'}, 'location': {'street': {'number': 57, 'name': 'Brick Kiln Road'}, 'city': 'Bristol', 'state': 'Shropshire', 'country': 'United Kingdom', 'postcode': 'J87 7GQ', 'coordinates': {'latitude': '-4.9512', 'longitude': '-122.4775'}, 'timezone': {'offset': '-2:00', 'description': 'Mid-Atlantic'}}, 'email': 'bruce.baker@example.com', 'login': {'uuid': '106002cc-6a3a-42ad-98db-8cbd503cd625', 'username': 'ticklishpanda554', 'password': 'lenny', 'salt': 'yOnQkN1w', 'md5': 'bb5f7359893e0dcd03774421f778420a', 'sha1': '42503d533c6343ad3369b00ad084f299dc4a6f18', 'sha256': '6bb5a0d23a52b77a5d42c00eb57e59016ba8e5a27ef1963936874572cf5b46c6'}, 'dob': {'date': '1988-05-21T09:59:58.261Z', 'age': 35}, 'registered': {'date': '2016-09-16T23:13:05.680Z', 'age': 7}, 'phone': '019467 67458', 'cell': '07091 426676', 'id': {'name': 'NINO', 'value': 'NY 25 35 42 X'}, 'picture': {'large': 'https://randomuser.me/api/portraits/men/85.jpg', 'medium': 'https://randomuser.me/api/portraits/med/men/85.jpg', 'thumbnail': 'https://randomuser.me/api/portraits/thumb/men/85.jpg'}, 'nat': 'GB'}</msg>
<arg>${json_data['results'][0]}</arg>
<doc>Logs the given message with the given level.</doc>
<status status="PASS" start="2024-04-13T16:17:04.286625" elapsed="0.000409"/>
</kw>
<kw name="Log" owner="BuiltIn">
<msg time="2024-04-13T16:17:04.287448" level="INFO">login</msg>
<arg>${key}</arg>
<doc>Logs the given message with the given level.</doc>
<status status="PASS" start="2024-04-13T16:17:04.287322" elapsed="0.000164"/>
</kw>
<var name="${key}">login</var>
<status status="PASS" start="2024-04-13T16:17:04.285763" elapsed="0.001937"/>
</iter>
<var>${key}</var>
<value>@{expected_keys}</value>
<status status="PASS" start="2024-04-13T16:17:04.276949" elapsed="0.010900"/>
</for>
<kw name="Create List" owner="BuiltIn">
<msg time="2024-04-13T16:17:04.288184" level="INFO">${expected_keysTwo} = ['username', 'password']</msg>
<var>${expected_keysTwo}</var>
<arg>username</arg>
<arg>password</arg>
<doc>Returns a list containing given items.</doc>
<status status="PASS" start="2024-04-13T16:17:04.288050" elapsed="0.000156"/>
</kw>
<for flavor="IN">
<iter>
<kw name="Dictionary Should Contain Key" owner="Collections">
<msg time="2024-04-13T16:17:04.289185" level="INFO">False</msg>
<arg>${json_data['results'][0]['login']}</arg>
<arg>${keyTwo}</arg>
<doc>Fails if ``key`` is not found from ``dictionary``.</doc>
<status status="PASS" start="2024-04-13T16:17:04.288807" elapsed="0.000416"/>
</kw>
<kw name="Dictionary Should Contain Key" owner="Collections">
<msg time="2024-04-13T16:17:04.289935" level="INFO">False</msg>
<arg>${json_data['results'][0]['login']}</arg>
<arg>${keyTwo}</arg>
<doc>Fails if ``key`` is not found from ``dictionary``.</doc>
<status status="PASS" start="2024-04-13T16:17:04.289517" elapsed="0.000458"/>
</kw>
<kw name="Log" owner="BuiltIn">
<msg time="2024-04-13T16:17:04.290396" level="INFO">username</msg>
<arg>${keyTwo}</arg>
<doc>Logs the given message with the given level.</doc>
<status status="PASS" start="2024-04-13T16:17:04.290270" elapsed="0.000163"/>
</kw>
<var name="${keyTwo}">username</var>
<status status="PASS" start="2024-04-13T16:17:04.288696" elapsed="0.001951"/>
</iter>
<iter>
<kw name="Dictionary Should Contain Key" owner="Collections">
<msg time="2024-04-13T16:17:04.291301" level="INFO">False</msg>
<arg>${json_data['results'][0]['login']}</arg>
<arg>${keyTwo}</arg>
<doc>Fails if ``key`` is not found from ``dictionary``.</doc>
<status status="PASS" start="2024-04-13T16:17:04.290928" elapsed="0.000411"/>
</kw>
<kw name="Dictionary Should Contain Key" owner="Collections">
<msg time="2024-04-13T16:17:04.292010" level="INFO">False</msg>
<arg>${json_data['results'][0]['login']}</arg>
<arg>${keyTwo}</arg>
<doc>Fails if ``key`` is not found from ``dictionary``.</doc>
<status status="PASS" start="2024-04-13T16:17:04.291631" elapsed="0.000415"/>
</kw>
<kw name="Log" owner="BuiltIn">
<msg time="2024-04-13T16:17:04.292475" level="INFO">password</msg>
<arg>${keyTwo}</arg>
<doc>Logs the given message with the given level.</doc>
<status status="PASS" start="2024-04-13T16:17:04.292340" elapsed="0.000172"/>
</kw>
<var name="${keyTwo}">password</var>
<status status="PASS" start="2024-04-13T16:17:04.290821" elapsed="0.001910"/>
</iter>
<var>${keyTwo}</var>
<value>@{expected_keysTwo}</value>
<status status="PASS" start="2024-04-13T16:17:04.288438" elapsed="0.004417"/>
</for>
<status status="PASS" start="2024-04-13T16:17:04.176998" elapsed="0.115999"/>
</kw>
<doc>Testa a estrutura da resposta da API.</doc>
<tag>testeEstruturaResposta</tag>
<status status="PASS" start="2024-04-13T16:17:04.176223" elapsed="0.116931"/>
</test>
<test id="s1-s1-t4" name="Validar tipos de dados" line="28">
<kw name="Teste de Tipos de Dados" owner="random-user-service">
<kw name="GET On Session" owner="RequestsLibrary">
<msg time="2024-04-13T16:17:04.395409" level="INFO">GET Request : url=https://randomuser.me/api 
 path_url=/api 
 headers={'User-Agent': 'python-requests/2.31.0', 'Accept-Encoding': 'gzip, deflate', 'Accept': '*/*', 'Connection': 'keep-alive'} 
 body=None 
 </msg>
<msg time="2024-04-13T16:17:04.395494" level="INFO">GET Response : url=https://randomuser.me/api 
 status=200, reason=OK 
 headers={'Date': 'Sat, 13 Apr 2024 16:17:04 GMT', 'Content-Type': 'application/json; charset=utf-8', 'Transfer-Encoding': 'chunked', 'Connection': 'keep-alive', 'X-Powered-By': 'Express', 'Access-Control-Allow-Origin': '*', 'Cache-Control': 'no-cache', 'ETag': 'W/"48c-XM8XLOYK2zdbh9kzy/Tr1YbJ8T8"', 'Vary': 'Accept-Encoding', 'Content-Encoding': 'gzip', 'CF-Cache-Status': 'DYNAMIC', 'Report-To': '{"endpoints":[{"url":"https:\\/\\/a.nel.cloudflare.com\\/report\\/v4?s=CnxN2elkTovGeCG%2FWUok88W0xV21fClVM6NVZ6R2JKCwaaim4Ts0SPZQWdCFSzUf7Za3fSW0spgkrWqF13GRnnaWy41OG2%2FYxW4Dt0lzmk1fFHxSqFOW6vKhNS2jXOrW"}],"group":"cf-nel","max_age":604800}', 'NEL': '{"success_fraction":0,"report_to":"cf-nel","max_age":604800}', 'Server': 'cloudflare', 'CF-RAY': '873cc3a1ea34101c-LAX', 'alt-svc': 'h3=":443"; ma=86400'} 
 body={"results":[{"gender":"female","name":{"title":"Mrs","first":"Naomi","last":"Thompson"},"location":{"street":{"number":2794,"name":"Buckleys Road"},"city":"Invercargill","state":"Taranaki","country":"New Zealand","postcode":49446,"coordinates":{"latitude":"53.1858","longitude":"18.2847"},"timezone":{"offset":"+2:00","description":"Kaliningrad, South Africa"}},"email":"naomi.thompson@example.com","login":{"uuid":"bb58415b-77cb-49b0-9347-541787d4421c","username":"heavyfrog378","password":"dracula","salt":"BXRLRaen","md5":"d15ab5306fbf3110d329fe73184b666f","sha1":"25d1fef9194c3e1c856bc94b414fdc9489eb5e8c","sha256":"1809b1162a2e2ebf28898d4fa9a06ba9e5a476801aa45eb74e52dd74a13ccd94"},"dob":{"date":"1949-07-03T12:20:52.011Z","age":74},"registered":{"date":"2011-09-09T12:54:11.688Z","age":12},"phone":"(482)-310-7281","cell":"(201)-027-5937","id":{"name":"","value":null},"picture":{"large":"https://randomuser.me/api/portraits/women/52.jpg","medium":"https://randomuser.me/api/portraits/med/women/52.jpg","thumbnail":"https://randomuser.me/api/portraits/thumb/women/52.jpg"},"nat":"NZ"}],"info":{"seed":"15c06bd68fc6c6fc","results":1,"page":1,"version":"1.4"}} 
 </msg>
<msg time="2024-04-13T16:17:04.395577" level="INFO">/opt/hostedtoolcache/Python/3.12.2/x64/lib/python3.12/site-packages/urllib3/connectionpool.py:1103: InsecureRequestWarning: Unverified HTTPS request is being made to host 'randomuser.me'. Adding certificate verification is strongly advised. See: https://urllib3.readthedocs.io/en/latest/advanced-usage.html#tls-warnings
  warnings.warn(</msg>
<msg time="2024-04-13T16:17:04.395745" level="INFO">${response} = &lt;Response [200]&gt;</msg>
<var>${response}</var>
<arg>consultarAPI</arg>
<arg>/api</arg>
<doc>Sends a GET request on a previously created HTTP Session.</doc>
<status status="PASS" start="2024-04-13T16:17:04.295643" elapsed="0.100153"/>
</kw>
<kw name="Set Variable" owner="BuiltIn">
<msg time="2024-04-13T16:17:04.396656" level="INFO">${json_data} = {'results': [{'gender': 'female', 'name': {'title': 'Mrs', 'first': 'Naomi', 'last': 'Thompson'}, 'location': {'street': {'number': 2794, 'name': 'Buckleys Road'}, 'city': 'Invercargill', 'state': 'Ta...</msg>
<var>${json_data}</var>
<arg>${response.json()}</arg>
<doc>Returns the given values which can then be assigned to a variables.</doc>
<status status="PASS" start="2024-04-13T16:17:04.396206" elapsed="0.000478"/>
</kw>
<kw name="Log" owner="BuiltIn">
<msg time="2024-04-13T16:17:04.397143" level="INFO">{'results': [{'gender': 'female', 'name': {'title': 'Mrs', 'first': 'Naomi', 'last': 'Thompson'}, 'location': {'street': {'number': 2794, 'name': 'Buckleys Road'}, 'city': 'Invercargill', 'state': 'Taranaki', 'country': 'New Zealand', 'postcode': 49446, 'coordinates': {'latitude': '53.1858', 'longitude': '18.2847'}, 'timezone': {'offset': '+2:00', 'description': 'Kaliningrad, South Africa'}}, 'email': 'naomi.thompson@example.com', 'login': {'uuid': 'bb58415b-77cb-49b0-9347-541787d4421c', 'username': 'heavyfrog378', 'password': 'dracula', 'salt': 'BXRLRaen', 'md5': 'd15ab5306fbf3110d329fe73184b666f', 'sha1': '25d1fef9194c3e1c856bc94b414fdc9489eb5e8c', 'sha256': '1809b1162a2e2ebf28898d4fa9a06ba9e5a476801aa45eb74e52dd74a13ccd94'}, 'dob': {'date': '1949-07-03T12:20:52.011Z', 'age': 74}, 'registered': {'date': '2011-09-09T12:54:11.688Z', 'age': 12}, 'phone': '(482)-310-7281', 'cell': '(201)-027-5937', 'id': {'name': '', 'value': None}, 'picture': {'large': 'https://randomuser.me/api/portraits/women/52.jpg', 'medium': 'https://randomuser.me/api/portraits/med/women/52.jpg', 'thumbnail': 'https://randomuser.me/api/portraits/thumb/women/52.jpg'}, 'nat': 'NZ'}], 'info': {'seed': '15c06bd68fc6c6fc', 'results': 1, 'page': 1, 'version': '1.4'}}</msg>
<arg>${json_data}</arg>
<doc>Logs the given message with the given level.</doc>
<status status="PASS" start="2024-04-13T16:17:04.396990" elapsed="0.000232"/>
</kw>
<kw name="Should Be String" owner="String">
<arg>${json_data['results'][0]['gender']}</arg>
<doc>Fails if the given ``item`` is not a string.</doc>
<status status="PASS" start="2024-04-13T16:17:04.397522" elapsed="0.000428"/>
</kw>
<kw name="Should Match Regexp" owner="BuiltIn">
<arg>${json_data['results'][0]['email']}</arg>
<arg>^[a-zA-Z0-9._%+-]+@[a-zA-Z0-9.-]+\.[a-zA-Z]{2,}$</arg>
<doc>Fails if ``string`` does not match ``pattern`` as a regular expression.</doc>
<status status="PASS" start="2024-04-13T16:17:04.398147" elapsed="0.000542"/>
</kw>
<kw name="Should Match Regexp" owner="BuiltIn">
<arg>${json_data['results'][0]['dob']['date']}</arg>
<arg>\\d{4}-\\d{2}-\\d{2}T\\d{2}:\\d{2}:\\d{2}\\.\\d{3}Z</arg>
<doc>Fails if ``string`` does not match ``pattern`` as a regular expression.</doc>
<status status="PASS" start="2024-04-13T16:17:04.398893" elapsed="0.000504"/>
</kw>
<kw name="Should Match Regexp" owner="BuiltIn">
<arg>${json_data['results'][0]['registered']['date']}</arg>
<arg>\\d{4}-\\d{2}-\\d{2}T\\d{2}:\\d{2}:\\d{2}\\.\\d{3}Z</arg>
<doc>Fails if ``string`` does not match ``pattern`` as a regular expression.</doc>
<status status="PASS" start="2024-04-13T16:17:04.399593" elapsed="0.000384"/>
</kw>
<kw name="Should Match Regexp" owner="BuiltIn">
<arg>${json_data['results'][0]['picture']['large']}</arg>
<arg>^https?://.*\.(?:png|jpe?g|gif|bmp)$</arg>
<doc>Fails if ``string`` does not match ``pattern`` as a regular expression.</doc>
<status status="PASS" start="2024-04-13T16:17:04.400163" elapsed="0.000451"/>
</kw>
<kw name="Should Match Regexp" owner="BuiltIn">
<arg>${json_data['results'][0]['picture']['medium']}</arg>
<arg>^https?://.*\.(?:png|jpe?g|gif|bmp)$</arg>
<doc>Fails if ``string`` does not match ``pattern`` as a regular expression.</doc>
<status status="PASS" start="2024-04-13T16:17:04.400801" elapsed="0.000353"/>
</kw>
<kw name="Should Match Regexp" owner="BuiltIn">
<arg>${json_data['results'][0]['picture']['thumbnail']}</arg>
<arg>^https?://.*\.(?:png|jpe?g|gif|bmp)$</arg>
<doc>Fails if ``string`` does not match ``pattern`` as a regular expression.</doc>
<status status="PASS" start="2024-04-13T16:17:04.401337" elapsed="0.000370"/>
</kw>
<kw name="Log" owner="BuiltIn">
<msg time="2024-04-13T16:17:04.402254" level="INFO">{'large': 'https://randomuser.me/api/portraits/women/52.jpg', 'medium': 'https://randomuser.me/api/portraits/med/women/52.jpg', 'thumbnail': 'https://randomuser.me/api/portraits/thumb/women/52.jpg'}</msg>
<arg>${json_data['results'][0]['picture']}</arg>
<doc>Logs the given message with the given level.</doc>
<status status="PASS" start="2024-04-13T16:17:04.401919" elapsed="0.000377"/>
</kw>
<status status="PASS" start="2024-04-13T16:17:04.295420" elapsed="0.107130"/>
</kw>
<kw name="Teste de Tipos de Dados - Postcode" owner="random-user-service">
<kw name="GET On Session" owner="RequestsLibrary">
<msg time="2024-04-13T16:17:04.514353" level="INFO">GET Request : url=https://randomuser.me/api 
 path_url=/api 
 headers={'User-Agent': 'python-requests/2.31.0', 'Accept-Encoding': 'gzip, deflate', 'Accept': '*/*', 'Connection': 'keep-alive'} 
 body=None 
 </msg>
<msg time="2024-04-13T16:17:04.514450" level="INFO">GET Response : url=https://randomuser.me/api 
 status=200, reason=OK 
 headers={'Date': 'Sat, 13 Apr 2024 16:17:04 GMT', 'Content-Type': 'application/json; charset=utf-8', 'Transfer-Encoding': 'chunked', 'Connection': 'keep-alive', 'X-Powered-By': 'Express', 'Access-Control-Allow-Origin': '*', 'Cache-Control': 'no-cache', 'ETag': 'W/"46e-vB2WGbrLnUUTuGk7F4TeZxspjUo"', 'Vary': 'Accept-Encoding', 'Content-Encoding': 'gzip', 'CF-Cache-Status': 'DYNAMIC', 'Report-To': '{"endpoints":[{"url":"https:\\/\\/a.nel.cloudflare.com\\/report\\/v4?s=U%2FJS7CnfiZ16uf%2BtfzIq%2B5ykTqrD4DDpLbh1ImbQnXL0T%2BcquTXbMMeYT9NahxYF7EGvTymnbfvXAj9bnAp9aPLOKaXXAJOx3dU8ujSAFTOR6NmFnJ%2FOjwZ5KHsvLPMR"}],"group":"cf-nel","max_age":604800}', 'NEL': '{"success_fraction":0,"report_to":"cf-nel","max_age":604800}', 'Server': 'cloudflare', 'CF-RAY': '873cc3a28ad7101c-LAX', 'alt-svc': 'h3=":443"; ma=86400'} 
 body={"results":[{"gender":"female","name":{"title":"Miss","first":"آوا","last":"سهيلي راد"},"location":{"street":{"number":8640,"name":"سمیه"},"city":"کاشان","state":"قم","country":"Iran","postcode":84454,"coordinates":{"latitude":"13.3791","longitude":"67.8734"},"timezone":{"offset":"+5:45","description":"Kathmandu"}},"email":"aw.shylyrd@example.com","login":{"uuid":"162bd5d8-d5e4-46fa-95af-f3fd7ca7ac75","username":"yellowzebra300","password":"nasty1","salt":"v5qz9O1t","md5":"c0e4cd3e37f50fb22846e2030d4f07b9","sha1":"b5e24c498842824b747da93503b983a61203a270","sha256":"f4421e8cba86ae40c3df79d2fb037d0c4b6625e3243cd103937ffa90d899d60c"},"dob":{"date":"1998-08-28T12:56:59.395Z","age":25},"registered":{"date":"2018-11-09T13:07:17.569Z","age":5},"phone":"086-46743808","cell":"0902-881-8982","id":{"name":"","value":null},"picture":{"large":"https://randomuser.me/api/portraits/women/47.jpg","medium":"https://randomuser.me/api/portraits/med/women/47.jpg","thumbnail":"https://randomuser.me/api/portraits/thumb/women/47.jpg"},"nat":"IR"}],"info":{"seed":"79eb229336945b75","results":1,"page":1,"version":"1.4"}} 
 </msg>
<msg time="2024-04-13T16:17:04.514539" level="INFO">/opt/hostedtoolcache/Python/3.12.2/x64/lib/python3.12/site-packages/urllib3/connectionpool.py:1103: InsecureRequestWarning: Unverified HTTPS request is being made to host 'randomuser.me'. Adding certificate verification is strongly advised. See: https://urllib3.readthedocs.io/en/latest/advanced-usage.html#tls-warnings
  warnings.warn(</msg>
<msg time="2024-04-13T16:17:04.514679" level="INFO">${response} = &lt;Response [200]&gt;</msg>
<var>${response}</var>
<arg>consultarAPI</arg>
<arg>/api</arg>
<doc>Sends a GET request on a previously created HTTP Session.</doc>
<status status="PASS" start="2024-04-13T16:17:04.403012" elapsed="0.111711"/>
</kw>
<kw name="Set Variable" owner="BuiltIn">
<msg time="2024-04-13T16:17:04.515745" level="INFO">${json_data} = {'results': [{'gender': 'female', 'name': {'title': 'Miss', 'first': 'آوا', 'last': 'سهيلي راد'}, 'location': {'street': {'number': 8640, 'name': 'سمیه'}, 'city': 'کاشان', 'state': 'قم', 'country': 'I...</msg>
<var>${json_data}</var>
<arg>${response.json()}</arg>
<doc>Returns the given values which can then be assigned to a variables.</doc>
<status status="PASS" start="2024-04-13T16:17:04.515196" elapsed="0.000580"/>
</kw>
<kw name="Log" owner="BuiltIn">
<msg time="2024-04-13T16:17:04.516280" level="INFO">{'results': [{'gender': 'female', 'name': {'title': 'Miss', 'first': 'آوا', 'last': 'سهيلي راد'}, 'location': {'street': {'number': 8640, 'name': 'سمیه'}, 'city': 'کاشان', 'state': 'قم', 'country': 'Iran', 'postcode': 84454, 'coordinates': {'latitude': '13.3791', 'longitude': '67.8734'}, 'timezone': {'offset': '+5:45', 'description': 'Kathmandu'}}, 'email': 'aw.shylyrd@example.com', 'login': {'uuid': '162bd5d8-d5e4-46fa-95af-f3fd7ca7ac75', 'username': 'yellowzebra300', 'password': 'nasty1', 'salt': 'v5qz9O1t', 'md5': 'c0e4cd3e37f50fb22846e2030d4f07b9', 'sha1': 'b5e24c498842824b747da93503b983a61203a270', 'sha256': 'f4421e8cba86ae40c3df79d2fb037d0c4b6625e3243cd103937ffa90d899d60c'}, 'dob': {'date': '1998-08-28T12:56:59.395Z', 'age': 25}, 'registered': {'date': '2018-11-09T13:07:17.569Z', 'age': 5}, 'phone': '086-46743808', 'cell': '0902-881-8982', 'id': {'name': '', 'value': None}, 'picture': {'large': 'https://randomuser.me/api/portraits/women/47.jpg', 'medium': 'https://randomuser.me/api/portraits/med/women/47.jpg', 'thumbnail': 'https://randomuser.me/api/portraits/thumb/women/47.jpg'}, 'nat': 'IR'}], 'info': {'seed': '79eb229336945b75', 'results': 1, 'page': 1, 'version': '1.4'}}</msg>
<arg>${json_data}</arg>
<doc>Logs the given message with the given level.</doc>
<status status="PASS" start="2024-04-13T16:17:04.516111" elapsed="0.000254"/>
</kw>
<kw name="Should Be Equal As Numbers" owner="BuiltIn">
<arg>${json_data['results'][0]['location']['postcode']}</arg>
<arg>${json_data['results'][0]['location']['postcode']}</arg>
<doc>Fails if objects are unequal after converting them to real numbers.</doc>
<status status="PASS" start="2024-04-13T16:17:04.516681" elapsed="0.000641"/>
</kw>
<kw name="Log" owner="BuiltIn">
<msg time="2024-04-13T16:17:04.517912" level="INFO">84454</msg>
<arg>${json_data['results'][0]['location']['postcode']}</arg>
<doc>Logs the given message with the given level.</doc>
<status status="PASS" start="2024-04-13T16:17:04.517519" elapsed="0.000437"/>
</kw>
<status status="PASS" start="2024-04-13T16:17:04.402774" elapsed="0.115451"/>
</kw>
<doc>Testa se os tipos de dados na resposta da API estão corretos.</doc>
<tag>testeTiposDados</tag>
<status status="PASS" start="2024-04-13T16:17:04.294971" elapsed="0.223438"/>
</test>
<test id="s1-s1-t5" name="Validar conteudo" line="35">
<kw name="Teste de Tipos de Conteudo" owner="random-user-service">
<kw name="GET On Session" owner="RequestsLibrary">
<msg time="2024-04-13T16:17:04.625705" level="INFO">GET Request : url=https://randomuser.me/api 
 path_url=/api 
 headers={'User-Agent': 'python-requests/2.31.0', 'Accept-Encoding': 'gzip, deflate', 'Accept': '*/*', 'Connection': 'keep-alive'} 
 body=None 
 </msg>
<msg time="2024-04-13T16:17:04.625819" level="INFO">GET Response : url=https://randomuser.me/api 
 status=200, reason=OK 
 headers={'Date': 'Sat, 13 Apr 2024 16:17:04 GMT', 'Content-Type': 'application/json; charset=utf-8', 'Transfer-Encoding': 'chunked', 'Connection': 'keep-alive', 'X-Powered-By': 'Express', 'Access-Control-Allow-Origin': '*', 'Cache-Control': 'no-cache', 'ETag': 'W/"4b2-GwFw+JwTy0Du3do3acUBziNgUTM"', 'Vary': 'Accept-Encoding', 'Content-Encoding': 'gzip', 'CF-Cache-Status': 'DYNAMIC', 'Report-To': '{"endpoints":[{"url":"https:\\/\\/a.nel.cloudflare.com\\/report\\/v4?s=uWT4g8fDTMyWQtUsJXlcNHiFqlUsYHE8z46eOJs2S3T8IB9lMf%2B%2FmFW7YVx7OnJEfwMqyEOy4DUoPCboWkz9Tzl3IXUiB9EhG1m%2BH5WJDNzQ8dblpYb0ebQ3rUtSkrsF"}],"group":"cf-nel","max_age":604800}', 'NEL': '{"success_fraction":0,"report_to":"cf-nel","max_age":604800}', 'Server': 'cloudflare', 'CF-RAY': '873cc3a34b9b101c-LAX', 'alt-svc': 'h3=":443"; ma=86400'} 
 body={"results":[{"gender":"female","name":{"title":"Ms","first":"Artemisiya","last":"Yakimchenko"},"location":{"street":{"number":544,"name":"Smetanina"},"city":"Dniprorudne","state":"Avtonomna Respublika Krim","country":"Ukraine","postcode":86337,"coordinates":{"latitude":"81.3573","longitude":"7.6933"},"timezone":{"offset":"+3:00","description":"Baghdad, Riyadh, Moscow, St. Petersburg"}},"email":"artemisiya.yakimchenko@example.com","login":{"uuid":"1fe80d40-dfa6-4f84-bff0-46f93c4bb2f3","username":"angryelephant469","password":"zouzou","salt":"8Pz0Frm0","md5":"a6769f5a29cf151601a1a81af5058bb2","sha1":"1518e99d149ceba51b96633dea4c2995587a8668","sha256":"12bcf23ebd8b98a560a33ac7c99d8e395082602de5d660008e9be0a2b680979d"},"dob":{"date":"1998-01-30T13:55:35.332Z","age":26},"registered":{"date":"2014-02-13T23:40:09.639Z","age":10},"phone":"(098) H77-1910","cell":"(097) Q56-0968","id":{"name":"","value":null},"picture":{"large":"https://randomuser.me/api/portraits/women/20.jpg","medium":"https://randomuser.me/api/portraits/med/women/20.jpg","thumbnail":"https://randomuser.me/api/portraits/thumb/women/20.jpg"},"nat":"UA"}],"info":{"seed":"d25e6abfb4926195","results":1,"page":1,"version":"1.4"}} 
 </msg>
<msg time="2024-04-13T16:17:04.625896" level="INFO">/opt/hostedtoolcache/Python/3.12.2/x64/lib/python3.12/site-packages/urllib3/connectionpool.py:1103: InsecureRequestWarning: Unverified HTTPS request is being made to host 'randomuser.me'. Adding certificate verification is strongly advised. See: https://urllib3.readthedocs.io/en/latest/advanced-usage.html#tls-warnings
  warnings.warn(</msg>
<msg time="2024-04-13T16:17:04.626024" level="INFO">${response} = &lt;Response [200]&gt;</msg>
<var>${response}</var>
<arg>consultarAPI</arg>
<arg>/api</arg>
<doc>Sends a GET request on a previously created HTTP Session.</doc>
<status status="PASS" start="2024-04-13T16:17:04.520886" elapsed="0.105188"/>
</kw>
<kw name="Set Variable" owner="BuiltIn">
<msg time="2024-04-13T16:17:04.626928" level="INFO">${json_data} = {'results': [{'gender': 'female', 'name': {'title': 'Ms', 'first': 'Artemisiya', 'last': 'Yakimchenko'}, 'location': {'street': {'number': 544, 'name': 'Smetanina'}, 'city': 'Dniprorudne', 'state': 'A...</msg>
<var>${json_data}</var>
<arg>${response.json()}</arg>
<doc>Returns the given values which can then be assigned to a variables.</doc>
<status status="PASS" start="2024-04-13T16:17:04.626480" elapsed="0.000476"/>
</kw>
<kw name="Set Variable" owner="BuiltIn">
<msg time="2024-04-13T16:17:04.627634" level="INFO">${name_title} = Ms</msg>
<var>${name_title}</var>
<arg>${json_data["results"][0]["name"]["title"]}</arg>
<doc>Returns the given values which can then be assigned to a variables.</doc>
<status status="PASS" start="2024-04-13T16:17:04.627257" elapsed="0.000402"/>
</kw>
<kw name="Create List" owner="BuiltIn">
<msg time="2024-04-13T16:17:04.628109" level="INFO">${allowed_titles} = ['Mr', 'Ms', 'Miss', 'Mrs', 'Madame', 'Monsieur']</msg>
<var>${allowed_titles}</var>
<arg>Mr</arg>
<arg>Ms</arg>
<arg>Miss</arg>
<arg>Mrs</arg>
<arg>Madame</arg>
<arg>Monsieur</arg>
<doc>Returns a list containing given items.</doc>
<status status="PASS" start="2024-04-13T16:17:04.627961" elapsed="0.000171"/>
</kw>
<kw name="List Should Contain Value" owner="Collections">
<msg time="2024-04-13T16:17:04.628608" level="INFO">False</msg>
<arg>${allowed_titles}</arg>
<arg>${name_title}</arg>
<doc>Fails if the ``value`` is not found from ``list``.</doc>
<status status="PASS" start="2024-04-13T16:17:04.628431" elapsed="0.000214"/>
</kw>
<kw name="Set Variable" owner="BuiltIn">
<msg time="2024-04-13T16:17:04.629311" level="INFO">${name_country} = UA</msg>
<var>${name_country}</var>
<arg>${json_data["results"][0]["nat"]}</arg>
<doc>Returns the given values which can then be assigned to a variables.</doc>
<status status="PASS" start="2024-04-13T16:17:04.628934" elapsed="0.000401"/>
</kw>
<kw name="Create List" owner="BuiltIn">
<msg time="2024-04-13T16:17:04.630277" level="INFO">${list_country} = ['AD', 'AE', 'AF', 'AG', 'AI', 'AL', 'AM', 'AO', 'AQ', 'AR', 'AS', 'AT', 'AU', 'AW', 'AX', 'AZ', 'BA', 'BB', 'BD', 'BE', 'BF', 'BG', 'BH', 'BI', 'BJ', 'BL', 'BM', 'BN', 'BO', 'BQ', 'BR', 'BS', 'BT', '...</msg>
<var>${list_country}</var>
<arg>AD</arg>
<arg>AE</arg>
<arg>AF</arg>
<arg>AG</arg>
<arg>AI</arg>
<arg>AL</arg>
<arg>AM</arg>
<arg>AO</arg>
<arg>AQ</arg>
<arg>AR</arg>
<arg>AS</arg>
<arg>AT</arg>
<arg>AU</arg>
<arg>AW</arg>
<arg>AX</arg>
<arg>AZ</arg>
<arg>BA</arg>
<arg>BB</arg>
<arg>BD</arg>
<arg>BE</arg>
<arg>BF</arg>
<arg>BG</arg>
<arg>BH</arg>
<arg>BI</arg>
<arg>BJ</arg>
<arg>BL</arg>
<arg>BM</arg>
<arg>BN</arg>
<arg>BO</arg>
<arg>BQ</arg>
<arg>BR</arg>
<arg>BS</arg>
<arg>BT</arg>
<arg>BV</arg>
<arg>BW</arg>
<arg>BY</arg>
<arg>BZ</arg>
<arg>CA</arg>
<arg>CC</arg>
<arg>CD</arg>
<arg>CF</arg>
<arg>CG</arg>
<arg>CH</arg>
<arg>CI</arg>
<arg>CK</arg>
<arg>CL</arg>
<arg>CM</arg>
<arg>CN</arg>
<arg>CO</arg>
<arg>CR</arg>
<arg>CU</arg>
<arg>CV</arg>
<arg>CW</arg>
<arg>CX</arg>
<arg>CY</arg>
<arg>CZ</arg>
<arg>DE</arg>
<arg>DJ</arg>
<arg>DK</arg>
<arg>DM</arg>
<arg>DO</arg>
<arg>DZ</arg>
<arg>EC</arg>
<arg>EE</arg>
<arg>EG</arg>
<arg>EH</arg>
<arg>ER</arg>
<arg>ES</arg>
<arg>ET</arg>
<arg>FI</arg>
<arg>FJ</arg>
<arg>FK</arg>
<arg>FM</arg>
<arg>FO</arg>
<arg>FR</arg>
<arg>GA</arg>
<arg>GB</arg>
<arg>GD</arg>
<arg>GE</arg>
<arg>GF</arg>
<arg>GG</arg>
<arg>GH</arg>
<arg>GI</arg>
<arg>GL</arg>
<arg>GM</arg>
<arg>GN</arg>
<arg>GP</arg>
<arg>GQ</arg>
<arg>GR</arg>
<arg>GS</arg>
<arg>GT</arg>
<arg>GU</arg>
<arg>GW</arg>
<arg>GY</arg>
<arg>HK</arg>
<arg>HM</arg>
<arg>HN</arg>
<arg>HR</arg>
<arg>HT</arg>
<arg>HU</arg>
<arg>ID</arg>
<arg>IE</arg>
<arg>IL</arg>
<arg>IM</arg>
<arg>IN</arg>
<arg>IO</arg>
<arg>IQ</arg>
<arg>IR</arg>
<arg>IS</arg>
<arg>IT</arg>
<arg>JE</arg>
<arg>JM</arg>
<arg>JO</arg>
<arg>JP</arg>
<arg>KE</arg>
<arg>KG</arg>
<arg>KH</arg>
<arg>KI</arg>
<arg>KM</arg>
<arg>KN</arg>
<arg>KP</arg>
<arg>KR</arg>
<arg>KW</arg>
<arg>KY</arg>
<arg>KZ</arg>
<arg>LA</arg>
<arg>LB</arg>
<arg>LC</arg>
<arg>LI</arg>
<arg>LK</arg>
<arg>LR</arg>
<arg>LS</arg>
<arg>LT</arg>
<arg>LU</arg>
<arg>LV</arg>
<arg>LY</arg>
<arg>MA</arg>
<arg>MC</arg>
<arg>MD</arg>
<arg>ME</arg>
<arg>MF</arg>
<arg>MG</arg>
<arg>MH</arg>
<arg>MK</arg>
<arg>ML</arg>
<arg>MM</arg>
<arg>MN</arg>
<arg>MO</arg>
<arg>MP</arg>
<arg>MQ</arg>
<arg>MR</arg>
<arg>MS</arg>
<arg>MT</arg>
<arg>MU</arg>
<arg>MV</arg>
<arg>MW</arg>
<arg>MX</arg>
<arg>MY</arg>
<arg>MZ</arg>
<arg>NA</arg>
<arg>NC</arg>
<arg>NE</arg>
<arg>NF</arg>
<arg>NG</arg>
<arg>NI</arg>
<arg>NL</arg>
<arg>NO</arg>
<arg>NP</arg>
<arg>NR</arg>
<arg>NU</arg>
<arg>NZ</arg>
<arg>OM</arg>
<arg>PA</arg>
<arg>PE</arg>
<arg>PF</arg>
<arg>PG</arg>
<arg>PH</arg>
<arg>PK</arg>
<arg>PL</arg>
<arg>PM</arg>
<arg>PN</arg>
<arg>PR</arg>
<arg>PS</arg>
<arg>PT</arg>
<arg>PW</arg>
<arg>PY</arg>
<arg>QA</arg>
<arg>RE</arg>
<arg>RO</arg>
<arg>RS</arg>
<arg>RU</arg>
<arg>RW</arg>
<arg>SA</arg>
<arg>SB</arg>
<arg>SC</arg>
<arg>SD</arg>
<arg>SE</arg>
<arg>SG</arg>
<arg>SH</arg>
<arg>SI</arg>
<arg>SJ</arg>
<arg>SK</arg>
<arg>SL</arg>
<arg>SM</arg>
<arg>SN</arg>
<arg>SO</arg>
<arg>SR</arg>
<arg>SS</arg>
<arg>ST</arg>
<arg>SV</arg>
<arg>SX</arg>
<arg>SY</arg>
<arg>SZ</arg>
<arg>TC</arg>
<arg>TD</arg>
<arg>TF</arg>
<arg>TG</arg>
<arg>TH</arg>
<arg>TJ</arg>
<arg>TK</arg>
<arg>TL</arg>
<arg>TM</arg>
<arg>TN</arg>
<arg>TO</arg>
<arg>TR</arg>
<arg>TT</arg>
<arg>TV</arg>
<arg>TW</arg>
<arg>TZ</arg>
<arg>UA</arg>
<arg>UG</arg>
<arg>UM</arg>
<arg>US</arg>
<arg>UY</arg>
<arg>UZ</arg>
<arg>VA</arg>
<arg>VC</arg>
<arg>VE</arg>
<arg>VG</arg>
<arg>VI</arg>
<arg>VN</arg>
<arg>VU</arg>
<arg>WF</arg>
<arg>WS</arg>
<arg>XK</arg>
<arg>YE</arg>
<arg>YT</arg>
<arg>ZA</arg>
<arg>ZM</arg>
<arg>ZW</arg>
<doc>Returns a list containing given items.</doc>
<status status="PASS" start="2024-04-13T16:17:04.629638" elapsed="0.000664"/>
</kw>
<kw name="List Should Contain Value" owner="Collections">
<msg time="2024-04-13T16:17:04.631300" level="INFO">False</msg>
<arg>${list_country}</arg>
<arg>${name_country}</arg>
<doc>Fails if the ``value`` is not found from ``list``.</doc>
<status status="PASS" start="2024-04-13T16:17:04.631095" elapsed="0.000241"/>
</kw>
<kw name="Run Keyword If" owner="BuiltIn">
<kw name="Should Be True" owner="BuiltIn">
<arg>${True}</arg>
<doc>Fails if the given condition is not true.</doc>
<status status="PASS" start="2024-04-13T16:17:04.632517" elapsed="0.000145"/>
</kw>
<arg>${json_data["results"][0]["location"]["coordinates"]["latitude"]} &gt;= -90 and ${json_data["results"][0]["location"]["coordinates"]["latitude"]} &lt;= 90</arg>
<arg>Should Be True</arg>
<arg>${True}</arg>
<doc>Runs the given keyword with the given arguments, if ``condition`` is true.</doc>
<status status="PASS" start="2024-04-13T16:17:04.631655" elapsed="0.001136"/>
</kw>
<kw name="Run Keyword If" owner="BuiltIn">
<kw name="Should Be True" owner="BuiltIn">
<arg>${True}</arg>
<doc>Fails if the given condition is not true.</doc>
<status status="PASS" start="2024-04-13T16:17:04.633666" elapsed="0.000169"/>
</kw>
<arg>${json_data["results"][0]["location"]["coordinates"]["longitude"]} &gt;= -180 and ${json_data["results"][0]["location"]["coordinates"]["longitude"]} &lt;= 180</arg>
<arg>Should Be True</arg>
<arg>${True}</arg>
<doc>Runs the given keyword with the given arguments, if ``condition`` is true.</doc>
<status status="PASS" start="2024-04-13T16:17:04.632976" elapsed="0.000998"/>
</kw>
<status status="PASS" start="2024-04-13T16:17:04.520656" elapsed="0.113449"/>
</kw>
<doc>Testa o conteúdo específico dos campos retornados pela API.</doc>
<tag>testeConteudo</tag>
<status status="PASS" start="2024-04-13T16:17:04.520179" elapsed="0.114073"/>
</test>
<status status="PASS" start="2024-04-13T16:17:03.706666" elapsed="0.929479"/>
</suite>
<status status="PASS" start="2024-04-13T16:17:03.693129" elapsed="0.948320"/>
</suite>
<statistics>
<total>
<stat pass="5" fail="0" skip="0">All Tests</stat>
</total>
<tag>
<stat pass="1" fail="0" skip="0">testeConteudo</stat>
<stat pass="1" fail="0" skip="0">testeEstruturaResposta</stat>
<stat pass="1" fail="0" skip="0">testeRequisicaoBasica</stat>
<stat pass="1" fail="0" skip="0">testeTiposDados</stat>
</tag>
<suite>
<stat pass="5" fail="0" skip="0" id="s1" name="Tests">Tests</stat>
<stat pass="5" fail="0" skip="0" id="s1-s1" name="Random-User-Test">Tests.Random-User-Test</stat>
</suite>
</statistics>
<errors>
</errors>
</robot>
