<?xml version="1.0" encoding="UTF-8"?>
<robot generator="Robot 7.0.1 (Python 3.12.4 on linux)" generated="2024-06-23T04:17:13.369929" rpa="false" schemaversion="5">
<suite id="s1" name="Tests" source="/home/runner/work/ApiRandomUser/ApiRandomUser/RamdonUser/tests">
<suite id="s1-s1" name="Random-User-Test" source="/home/runner/work/ApiRandomUser/ApiRandomUser/RamdonUser/tests/random-user-test.robot">
<test id="s1-s1-t1" name="Conectar" line="13">
<kw name="Conectar API" owner="random-user-service">
<kw name="Create Session" owner="RequestsLibrary">
<msg time="2024-06-23T04:17:13.762238" level="INFO">Creating Session using : alias=consultarAPI, url=https://randomuser.me/, headers={},                     cookies={}, auth=None, timeout=None, proxies=None, verify=False,                     debug=0 </msg>
<arg>consultarAPI</arg>
<arg>${URL}</arg>
<doc>Create Session: create a HTTP session to a server</doc>
<status status="PASS" start="2024-06-23T04:17:13.762035" elapsed="0.000375"/>
</kw>
<status status="PASS" start="2024-06-23T04:17:13.761033" elapsed="0.001731"/>
</kw>
<status status="PASS" start="2024-06-23T04:17:13.760415" elapsed="0.002538"/>
</test>
<test id="s1-s1-t2" name="Validar retorno 200 e JSON Válido" line="16">
<kw name="Teste de Requisicao Basica" owner="random-user-service">
<kw name="GET On Session" owner="RequestsLibrary">
<msg time="2024-06-23T04:17:13.962178" level="INFO">GET Request : url=https://randomuser.me/api 
 path_url=/api 
 headers={'User-Agent': 'python-requests/2.32.3', 'Accept-Encoding': 'gzip, deflate', 'Accept': '*/*', 'Connection': 'keep-alive'} 
 body=None 
 </msg>
<msg time="2024-06-23T04:17:13.962332" level="INFO">GET Response : url=https://randomuser.me/api 
 status=200, reason=OK 
 headers={'Date': 'Sun, 23 Jun 2024 04:17:13 GMT', 'Content-Type': 'application/json; charset=utf-8', 'Transfer-Encoding': 'chunked', 'Connection': 'keep-alive', 'X-Powered-By': 'Express', 'Access-Control-Allow-Origin': '*', 'Cache-Control': 'no-cache', 'ETag': 'W/"4bb-lXOm/G2taKmY0sfJEpHb4t4srwk"', 'Vary': 'Accept-Encoding', 'Content-Encoding': 'gzip', 'CF-Cache-Status': 'DYNAMIC', 'Report-To': '{"endpoints":[{"url":"https:\\/\\/a.nel.cloudflare.com\\/report\\/v4?s=uahTbkZM9hjEuqsB7SRZaSvNEWiVzbTyg7lgNl92V41fk8F4%2B0aVhj%2BNHHbzaE%2BsTfjQc3pg79FJ7HIhlLpYGuFebZCYQKJkPkyre3Lay34VWlwtR3g2Squ8QuNIQ53K"}],"group":"cf-nel","max_age":604800}', 'NEL': '{"success_fraction":0,"report_to":"cf-nel","max_age":604800}', 'Server': 'cloudflare', 'CF-RAY': '8981aacdeec481d5-IAD', 'alt-svc': 'h3=":443"; ma=86400'} 
 body={"results":[{"gender":"male","name":{"title":"Mr","first":"محمدطاها","last":"نكو نظر"},"location":{"street":{"number":3221,"name":"آفریقا"},"city":"بندرعباس","state":"کهگیلویه و بویراحمد","country":"Iran","postcode":35379,"coordinates":{"latitude":"12.8707","longitude":"-47.6913"},"timezone":{"offset":"-4:00","description":"Atlantic Time (Canada), Caracas, La Paz"}},"email":"mhmdth.nkwnzr@example.com","login":{"uuid":"cb4504e4-a839-4ea4-92db-eef24652479c","username":"ticklishpeacock905","password":"boston1","salt":"OHnM6Qru","md5":"def713b2a866300617183be258b26862","sha1":"d6a3f66c4bb1e20da606e6d1e81f64c5e33431c8","sha256":"e9a47b7d83aec20d6eec9ff1217e8b92fd66065c51a601e7fd4073d251426efd"},"dob":{"date":"1994-05-29T08:50:35.236Z","age":30},"registered":{"date":"2021-12-21T00:42:52.783Z","age":2},"phone":"023-31245732","cell":"0977-791-7322","id":{"name":"","value":null},"picture":{"large":"https://randomuser.me/api/portraits/men/17.jpg","medium":"https://randomuser.me/api/portraits/med/men/17.jpg","thumbnail":"https://randomuser.me/api/portraits/thumb/men/17.jpg"},"nat":"IR"}],"info":{"seed":"1cc386a4ed5895cb","results":1,"page":1,"version":"1.4"}} 
 </msg>
<msg time="2024-06-23T04:17:13.962423" level="INFO">/opt/hostedtoolcache/Python/3.12.4/x64/lib/python3.12/site-packages/urllib3/connectionpool.py:1099: InsecureRequestWarning: Unverified HTTPS request is being made to host 'randomuser.me'. Adding certificate verification is strongly advised. See: https://urllib3.readthedocs.io/en/latest/advanced-usage.html#tls-warnings
  warnings.warn(</msg>
<msg time="2024-06-23T04:17:13.962587" level="INFO">${response} = &lt;Response [200]&gt;</msg>
<var>${response}</var>
<arg>consultarAPI</arg>
<arg>/api</arg>
<doc>Sends a GET request on a previously created HTTP Session.</doc>
<status status="PASS" start="2024-06-23T04:17:13.765590" elapsed="0.197040"/>
</kw>
<kw name="Should Be Equal As Numbers" owner="BuiltIn">
<msg time="2024-06-23T04:17:13.963625" level="INFO">Argument types are:
&lt;class 'int'&gt;
&lt;class 'str'&gt;</msg>
<arg>${response.status_code}</arg>
<arg>200</arg>
<doc>Fails if objects are unequal after converting them to real numbers.</doc>
<status status="PASS" start="2024-06-23T04:17:13.963165" elapsed="0.000529"/>
</kw>
<kw name="Log" owner="BuiltIn">
<msg time="2024-06-23T04:17:13.964350" level="INFO">200</msg>
<arg>${response.status_code}</arg>
<doc>Logs the given message with the given level.</doc>
<status status="PASS" start="2024-06-23T04:17:13.964009" elapsed="0.000384"/>
</kw>
<kw name="Set Variable" owner="BuiltIn">
<msg time="2024-06-23T04:17:13.965145" level="INFO">${json_data} = {'results': [{'gender': 'male', 'name': {'title': 'Mr', 'first': 'محمدطاها', 'last': 'نكو نظر'}, 'location': {'street': {'number': 3221, 'name': 'آفریقا'}, 'city': 'بندرعباس', 'state': 'کهگیلویه و بوی...</msg>
<var>${json_data}</var>
<arg>${response.json()}</arg>
<doc>Returns the given values which can then be assigned to a variables.</doc>
<status status="PASS" start="2024-06-23T04:17:13.964692" elapsed="0.000482"/>
</kw>
<kw name="Dictionary Should Contain Key" owner="Collections">
<arg>${json_data}</arg>
<arg>results</arg>
<doc>Fails if ``key`` is not found from ``dictionary``.</doc>
<status status="PASS" start="2024-06-23T04:17:13.965515" elapsed="0.000163"/>
</kw>
<status status="PASS" start="2024-06-23T04:17:13.765347" elapsed="0.200484"/>
</kw>
<doc>Testa se a API responde corretamente e retorna um objeto JSON válido.</doc>
<tag>testeRequisicaoBasica</tag>
<status status="PASS" start="2024-06-23T04:17:13.764786" elapsed="0.201219"/>
</test>
<test id="s1-s1-t3" name="Validar estrutura de resposta" line="22">
<kw name="Teste de Estrutura de Resposta" owner="random-user-service">
<kw name="GET On Session" owner="RequestsLibrary">
<msg time="2024-06-23T04:17:14.046033" level="INFO">GET Request : url=https://randomuser.me/api 
 path_url=/api 
 headers={'User-Agent': 'python-requests/2.32.3', 'Accept-Encoding': 'gzip, deflate', 'Accept': '*/*', 'Connection': 'keep-alive'} 
 body=None 
 </msg>
<msg time="2024-06-23T04:17:14.046151" level="INFO">GET Response : url=https://randomuser.me/api 
 status=200, reason=OK 
 headers={'Date': 'Sun, 23 Jun 2024 04:17:14 GMT', 'Content-Type': 'application/json; charset=utf-8', 'Transfer-Encoding': 'chunked', 'Connection': 'keep-alive', 'X-Powered-By': 'Express', 'Access-Control-Allow-Origin': '*', 'Cache-Control': 'no-cache', 'ETag': 'W/"496-JgEgcI/tTTxVTr4FnQRBALri8D4"', 'Vary': 'Accept-Encoding', 'Content-Encoding': 'gzip', 'CF-Cache-Status': 'DYNAMIC', 'Report-To': '{"endpoints":[{"url":"https:\\/\\/a.nel.cloudflare.com\\/report\\/v4?s=L6ToGyOVjG%2FIoDwbzqi9ASxDG%2F6nzt3CTxSRg83LLGquy%2B03sr%2Fah1AbJv61tT6IxSFj7tTAYg%2BOVO5fFKXU1wDFJBGC27phHTkPw7Pw49MDT%2BuWh1Fdo4B1ZJL9O4MT"}],"group":"cf-nel","max_age":604800}', 'NEL': '{"success_fraction":0,"report_to":"cf-nel","max_age":604800}', 'Server': 'cloudflare', 'CF-RAY': '8981aace5f1981d5-IAD', 'alt-svc': 'h3=":443"; ma=86400'} 
 body={"results":[{"gender":"male","name":{"title":"Mr","first":"William","last":"Christensen"},"location":{"street":{"number":8677,"name":"Mellemvej"},"city":"København Sv","state":"Sjælland","country":"Denmark","postcode":72454,"coordinates":{"latitude":"-45.5049","longitude":"-30.7970"},"timezone":{"offset":"+10:00","description":"Eastern Australia, Guam, Vladivostok"}},"email":"william.christensen@example.com","login":{"uuid":"f0fd86cb-9ad7-44e0-b5fa-abc7594d3357","username":"yellowostrich710","password":"dutch","salt":"LP1Bq4dU","md5":"7132984ed056a8323eb01d82a3adced2","sha1":"09d07212652c9e0968b4746a87cf7be743d5dc25","sha256":"93612a5a371e4072c482b6bc0717f8f18db7486a7b1afd4c4b165a3cbf4aeee4"},"dob":{"date":"1987-02-17T20:54:05.705Z","age":37},"registered":{"date":"2017-10-27T15:49:14.515Z","age":6},"phone":"35282134","cell":"68573301","id":{"name":"CPR","value":"170287-3968"},"picture":{"large":"https://randomuser.me/api/portraits/men/49.jpg","medium":"https://randomuser.me/api/portraits/med/men/49.jpg","thumbnail":"https://randomuser.me/api/portraits/thumb/men/49.jpg"},"nat":"DK"}],"info":{"seed":"642d98eca6794627","results":1,"page":1,"version":"1.4"}} 
 </msg>
<msg time="2024-06-23T04:17:14.046300" level="INFO">/opt/hostedtoolcache/Python/3.12.4/x64/lib/python3.12/site-packages/urllib3/connectionpool.py:1099: InsecureRequestWarning: Unverified HTTPS request is being made to host 'randomuser.me'. Adding certificate verification is strongly advised. See: https://urllib3.readthedocs.io/en/latest/advanced-usage.html#tls-warnings
  warnings.warn(</msg>
<msg time="2024-06-23T04:17:14.046448" level="INFO">${response} = &lt;Response [200]&gt;</msg>
<var>${response}</var>
<arg>consultarAPI</arg>
<arg>/api</arg>
<doc>Sends a GET request on a previously created HTTP Session.</doc>
<status status="PASS" start="2024-06-23T04:17:13.968635" elapsed="0.077854"/>
</kw>
<kw name="Set Variable" owner="BuiltIn">
<msg time="2024-06-23T04:17:14.047514" level="INFO">${json_data} = {'results': [{'gender': 'male', 'name': {'title': 'Mr', 'first': 'William', 'last': 'Christensen'}, 'location': {'street': {'number': 8677, 'name': 'Mellemvej'}, 'city': 'København Sv', 'state': 'Sjæl...</msg>
<var>${json_data}</var>
<arg>${response.json()}</arg>
<doc>Returns the given values which can then be assigned to a variables.</doc>
<status status="PASS" start="2024-06-23T04:17:14.046996" elapsed="0.000549"/>
</kw>
<kw name="Log" owner="BuiltIn">
<msg time="2024-06-23T04:17:14.048011" level="INFO">{'results': [{'gender': 'male', 'name': {'title': 'Mr', 'first': 'William', 'last': 'Christensen'}, 'location': {'street': {'number': 8677, 'name': 'Mellemvej'}, 'city': 'København Sv', 'state': 'Sjælland', 'country': 'Denmark', 'postcode': 72454, 'coordinates': {'latitude': '-45.5049', 'longitude': '-30.7970'}, 'timezone': {'offset': '+10:00', 'description': 'Eastern Australia, Guam, Vladivostok'}}, 'email': 'william.christensen@example.com', 'login': {'uuid': 'f0fd86cb-9ad7-44e0-b5fa-abc7594d3357', 'username': 'yellowostrich710', 'password': 'dutch', 'salt': 'LP1Bq4dU', 'md5': '7132984ed056a8323eb01d82a3adced2', 'sha1': '09d07212652c9e0968b4746a87cf7be743d5dc25', 'sha256': '93612a5a371e4072c482b6bc0717f8f18db7486a7b1afd4c4b165a3cbf4aeee4'}, 'dob': {'date': '1987-02-17T20:54:05.705Z', 'age': 37}, 'registered': {'date': '2017-10-27T15:49:14.515Z', 'age': 6}, 'phone': '35282134', 'cell': '68573301', 'id': {'name': 'CPR', 'value': '170287-3968'}, 'picture': {'large': 'https://randomuser.me/api/portraits/men/49.jpg', 'medium': 'https://randomuser.me/api/portraits/med/men/49.jpg', 'thumbnail': 'https://randomuser.me/api/portraits/thumb/men/49.jpg'}, 'nat': 'DK'}], 'info': {'seed': '642d98eca6794627', 'results': 1, 'page': 1, 'version': '1.4'}}</msg>
<arg>${json_data}</arg>
<doc>Logs the given message with the given level.</doc>
<status status="PASS" start="2024-06-23T04:17:14.047852" elapsed="0.000216"/>
</kw>
<kw name="Dictionary Should Contain Key" owner="Collections">
<arg>${json_data}</arg>
<arg>results</arg>
<doc>Fails if ``key`` is not found from ``dictionary``.</doc>
<status status="PASS" start="2024-06-23T04:17:14.048363" elapsed="0.000159"/>
</kw>
<kw name="Should Not Be Empty" owner="BuiltIn">
<msg time="2024-06-23T04:17:14.048826" level="INFO">Length is 2.</msg>
<arg>${json_data}</arg>
<doc>Verifies that the given item is not empty.</doc>
<status status="PASS" start="2024-06-23T04:17:14.048703" elapsed="0.000161"/>
</kw>
<kw name="Create List" owner="BuiltIn">
<msg time="2024-06-23T04:17:14.049496" level="INFO">${expected_keys} = ['gender', 'name', 'location', 'email', 'login']</msg>
<var>${expected_keys}</var>
<arg>gender</arg>
<arg>name</arg>
<arg>location</arg>
<arg>email</arg>
<arg>login</arg>
<doc>Returns a list containing given items.</doc>
<status status="PASS" start="2024-06-23T04:17:14.049157" elapsed="0.000365"/>
</kw>
<for flavor="IN">
<iter>
<kw name="Dictionary Should Contain Key" owner="Collections">
<arg>${json_data['results'][0]}</arg>
<arg>${key}</arg>
<doc>Fails if ``key`` is not found from ``dictionary``.</doc>
<status status="PASS" start="2024-06-23T04:17:14.050114" elapsed="0.000405"/>
</kw>
<kw name="Log" owner="BuiltIn">
<msg time="2024-06-23T04:17:14.051065" level="INFO">{'gender': 'male', 'name': {'title': 'Mr', 'first': 'William', 'last': 'Christensen'}, 'location': {'street': {'number': 8677, 'name': 'Mellemvej'}, 'city': 'København Sv', 'state': 'Sjælland', 'country': 'Denmark', 'postcode': 72454, 'coordinates': {'latitude': '-45.5049', 'longitude': '-30.7970'}, 'timezone': {'offset': '+10:00', 'description': 'Eastern Australia, Guam, Vladivostok'}}, 'email': 'william.christensen@example.com', 'login': {'uuid': 'f0fd86cb-9ad7-44e0-b5fa-abc7594d3357', 'username': 'yellowostrich710', 'password': 'dutch', 'salt': 'LP1Bq4dU', 'md5': '7132984ed056a8323eb01d82a3adced2', 'sha1': '09d07212652c9e0968b4746a87cf7be743d5dc25', 'sha256': '93612a5a371e4072c482b6bc0717f8f18db7486a7b1afd4c4b165a3cbf4aeee4'}, 'dob': {'date': '1987-02-17T20:54:05.705Z', 'age': 37}, 'registered': {'date': '2017-10-27T15:49:14.515Z', 'age': 6}, 'phone': '35282134', 'cell': '68573301', 'id': {'name': 'CPR', 'value': '170287-3968'}, 'picture': {'large': 'https://randomuser.me/api/portraits/men/49.jpg', 'medium': 'https://randomuser.me/api/portraits/med/men/49.jpg', 'thumbnail': 'https://randomuser.me/api/portraits/thumb/men/49.jpg'}, 'nat': 'DK'}</msg>
<arg>${json_data['results'][0]}</arg>
<doc>Logs the given message with the given level.</doc>
<status status="PASS" start="2024-06-23T04:17:14.050710" elapsed="0.000404"/>
</kw>
<kw name="Log" owner="BuiltIn">
<msg time="2024-06-23T04:17:14.051538" level="INFO">gender</msg>
<arg>${key}</arg>
<doc>Logs the given message with the given level.</doc>
<status status="PASS" start="2024-06-23T04:17:14.051412" elapsed="0.000164"/>
</kw>
<var name="${key}">gender</var>
<status status="PASS" start="2024-06-23T04:17:14.049992" elapsed="0.001800"/>
</iter>
<iter>
<kw name="Dictionary Should Contain Key" owner="Collections">
<arg>${json_data['results'][0]}</arg>
<arg>${key}</arg>
<doc>Fails if ``key`` is not found from ``dictionary``.</doc>
<status status="PASS" start="2024-06-23T04:17:14.052082" elapsed="0.000379"/>
</kw>
<kw name="Log" owner="BuiltIn">
<msg time="2024-06-23T04:17:14.052998" level="INFO">{'gender': 'male', 'name': {'title': 'Mr', 'first': 'William', 'last': 'Christensen'}, 'location': {'street': {'number': 8677, 'name': 'Mellemvej'}, 'city': 'København Sv', 'state': 'Sjælland', 'country': 'Denmark', 'postcode': 72454, 'coordinates': {'latitude': '-45.5049', 'longitude': '-30.7970'}, 'timezone': {'offset': '+10:00', 'description': 'Eastern Australia, Guam, Vladivostok'}}, 'email': 'william.christensen@example.com', 'login': {'uuid': 'f0fd86cb-9ad7-44e0-b5fa-abc7594d3357', 'username': 'yellowostrich710', 'password': 'dutch', 'salt': 'LP1Bq4dU', 'md5': '7132984ed056a8323eb01d82a3adced2', 'sha1': '09d07212652c9e0968b4746a87cf7be743d5dc25', 'sha256': '93612a5a371e4072c482b6bc0717f8f18db7486a7b1afd4c4b165a3cbf4aeee4'}, 'dob': {'date': '1987-02-17T20:54:05.705Z', 'age': 37}, 'registered': {'date': '2017-10-27T15:49:14.515Z', 'age': 6}, 'phone': '35282134', 'cell': '68573301', 'id': {'name': 'CPR', 'value': '170287-3968'}, 'picture': {'large': 'https://randomuser.me/api/portraits/men/49.jpg', 'medium': 'https://randomuser.me/api/portraits/med/men/49.jpg', 'thumbnail': 'https://randomuser.me/api/portraits/thumb/men/49.jpg'}, 'nat': 'DK'}</msg>
<arg>${json_data['results'][0]}</arg>
<doc>Logs the given message with the given level.</doc>
<status status="PASS" start="2024-06-23T04:17:14.052643" elapsed="0.000437"/>
</kw>
<kw name="Log" owner="BuiltIn">
<msg time="2024-06-23T04:17:14.053526" level="INFO">name</msg>
<arg>${key}</arg>
<doc>Logs the given message with the given level.</doc>
<status status="PASS" start="2024-06-23T04:17:14.053397" elapsed="0.000167"/>
</kw>
<var name="${key}">name</var>
<status status="PASS" start="2024-06-23T04:17:14.051972" elapsed="0.001807"/>
</iter>
<iter>
<kw name="Dictionary Should Contain Key" owner="Collections">
<arg>${json_data['results'][0]}</arg>
<arg>${key}</arg>
<doc>Fails if ``key`` is not found from ``dictionary``.</doc>
<status status="PASS" start="2024-06-23T04:17:14.054059" elapsed="0.000379"/>
</kw>
<kw name="Log" owner="BuiltIn">
<msg time="2024-06-23T04:17:14.054964" level="INFO">{'gender': 'male', 'name': {'title': 'Mr', 'first': 'William', 'last': 'Christensen'}, 'location': {'street': {'number': 8677, 'name': 'Mellemvej'}, 'city': 'København Sv', 'state': 'Sjælland', 'country': 'Denmark', 'postcode': 72454, 'coordinates': {'latitude': '-45.5049', 'longitude': '-30.7970'}, 'timezone': {'offset': '+10:00', 'description': 'Eastern Australia, Guam, Vladivostok'}}, 'email': 'william.christensen@example.com', 'login': {'uuid': 'f0fd86cb-9ad7-44e0-b5fa-abc7594d3357', 'username': 'yellowostrich710', 'password': 'dutch', 'salt': 'LP1Bq4dU', 'md5': '7132984ed056a8323eb01d82a3adced2', 'sha1': '09d07212652c9e0968b4746a87cf7be743d5dc25', 'sha256': '93612a5a371e4072c482b6bc0717f8f18db7486a7b1afd4c4b165a3cbf4aeee4'}, 'dob': {'date': '1987-02-17T20:54:05.705Z', 'age': 37}, 'registered': {'date': '2017-10-27T15:49:14.515Z', 'age': 6}, 'phone': '35282134', 'cell': '68573301', 'id': {'name': 'CPR', 'value': '170287-3968'}, 'picture': {'large': 'https://randomuser.me/api/portraits/men/49.jpg', 'medium': 'https://randomuser.me/api/portraits/med/men/49.jpg', 'thumbnail': 'https://randomuser.me/api/portraits/thumb/men/49.jpg'}, 'nat': 'DK'}</msg>
<arg>${json_data['results'][0]}</arg>
<doc>Logs the given message with the given level.</doc>
<status status="PASS" start="2024-06-23T04:17:14.054617" elapsed="0.000396"/>
</kw>
<kw name="Log" owner="BuiltIn">
<msg time="2024-06-23T04:17:14.055427" level="INFO">location</msg>
<arg>${key}</arg>
<doc>Logs the given message with the given level.</doc>
<status status="PASS" start="2024-06-23T04:17:14.055302" elapsed="0.000161"/>
</kw>
<var name="${key}">location</var>
<status status="PASS" start="2024-06-23T04:17:14.053952" elapsed="0.001723"/>
</iter>
<iter>
<kw name="Dictionary Should Contain Key" owner="Collections">
<arg>${json_data['results'][0]}</arg>
<arg>${key}</arg>
<doc>Fails if ``key`` is not found from ``dictionary``.</doc>
<status status="PASS" start="2024-06-23T04:17:14.055951" elapsed="0.000378"/>
</kw>
<kw name="Log" owner="BuiltIn">
<msg time="2024-06-23T04:17:14.056863" level="INFO">{'gender': 'male', 'name': {'title': 'Mr', 'first': 'William', 'last': 'Christensen'}, 'location': {'street': {'number': 8677, 'name': 'Mellemvej'}, 'city': 'København Sv', 'state': 'Sjælland', 'country': 'Denmark', 'postcode': 72454, 'coordinates': {'latitude': '-45.5049', 'longitude': '-30.7970'}, 'timezone': {'offset': '+10:00', 'description': 'Eastern Australia, Guam, Vladivostok'}}, 'email': 'william.christensen@example.com', 'login': {'uuid': 'f0fd86cb-9ad7-44e0-b5fa-abc7594d3357', 'username': 'yellowostrich710', 'password': 'dutch', 'salt': 'LP1Bq4dU', 'md5': '7132984ed056a8323eb01d82a3adced2', 'sha1': '09d07212652c9e0968b4746a87cf7be743d5dc25', 'sha256': '93612a5a371e4072c482b6bc0717f8f18db7486a7b1afd4c4b165a3cbf4aeee4'}, 'dob': {'date': '1987-02-17T20:54:05.705Z', 'age': 37}, 'registered': {'date': '2017-10-27T15:49:14.515Z', 'age': 6}, 'phone': '35282134', 'cell': '68573301', 'id': {'name': 'CPR', 'value': '170287-3968'}, 'picture': {'large': 'https://randomuser.me/api/portraits/men/49.jpg', 'medium': 'https://randomuser.me/api/portraits/med/men/49.jpg', 'thumbnail': 'https://randomuser.me/api/portraits/thumb/men/49.jpg'}, 'nat': 'DK'}</msg>
<arg>${json_data['results'][0]}</arg>
<doc>Logs the given message with the given level.</doc>
<status status="PASS" start="2024-06-23T04:17:14.056514" elapsed="0.000412"/>
</kw>
<kw name="Log" owner="BuiltIn">
<msg time="2024-06-23T04:17:14.057362" level="INFO">email</msg>
<arg>${key}</arg>
<doc>Logs the given message with the given level.</doc>
<status status="PASS" start="2024-06-23T04:17:14.057215" elapsed="0.000184"/>
</kw>
<var name="${key}">email</var>
<status status="PASS" start="2024-06-23T04:17:14.055846" elapsed="0.001764"/>
</iter>
<iter>
<kw name="Dictionary Should Contain Key" owner="Collections">
<arg>${json_data['results'][0]}</arg>
<arg>${key}</arg>
<doc>Fails if ``key`` is not found from ``dictionary``.</doc>
<status status="PASS" start="2024-06-23T04:17:14.057883" elapsed="0.000381"/>
</kw>
<kw name="Log" owner="BuiltIn">
<msg time="2024-06-23T04:17:14.058796" level="INFO">{'gender': 'male', 'name': {'title': 'Mr', 'first': 'William', 'last': 'Christensen'}, 'location': {'street': {'number': 8677, 'name': 'Mellemvej'}, 'city': 'København Sv', 'state': 'Sjælland', 'country': 'Denmark', 'postcode': 72454, 'coordinates': {'latitude': '-45.5049', 'longitude': '-30.7970'}, 'timezone': {'offset': '+10:00', 'description': 'Eastern Australia, Guam, Vladivostok'}}, 'email': 'william.christensen@example.com', 'login': {'uuid': 'f0fd86cb-9ad7-44e0-b5fa-abc7594d3357', 'username': 'yellowostrich710', 'password': 'dutch', 'salt': 'LP1Bq4dU', 'md5': '7132984ed056a8323eb01d82a3adced2', 'sha1': '09d07212652c9e0968b4746a87cf7be743d5dc25', 'sha256': '93612a5a371e4072c482b6bc0717f8f18db7486a7b1afd4c4b165a3cbf4aeee4'}, 'dob': {'date': '1987-02-17T20:54:05.705Z', 'age': 37}, 'registered': {'date': '2017-10-27T15:49:14.515Z', 'age': 6}, 'phone': '35282134', 'cell': '68573301', 'id': {'name': 'CPR', 'value': '170287-3968'}, 'picture': {'large': 'https://randomuser.me/api/portraits/men/49.jpg', 'medium': 'https://randomuser.me/api/portraits/med/men/49.jpg', 'thumbnail': 'https://randomuser.me/api/portraits/thumb/men/49.jpg'}, 'nat': 'DK'}</msg>
<arg>${json_data['results'][0]}</arg>
<doc>Logs the given message with the given level.</doc>
<status status="PASS" start="2024-06-23T04:17:14.058443" elapsed="0.000402"/>
</kw>
<kw name="Log" owner="BuiltIn">
<msg time="2024-06-23T04:17:14.059264" level="INFO">login</msg>
<arg>${key}</arg>
<doc>Logs the given message with the given level.</doc>
<status status="PASS" start="2024-06-23T04:17:14.059138" elapsed="0.000164"/>
</kw>
<var name="${key}">login</var>
<status status="PASS" start="2024-06-23T04:17:14.057778" elapsed="0.001735"/>
</iter>
<var>${key}</var>
<value>@{expected_keys}</value>
<status status="PASS" start="2024-06-23T04:17:14.049790" elapsed="0.009841"/>
</for>
<kw name="Create List" owner="BuiltIn">
<msg time="2024-06-23T04:17:14.059954" level="INFO">${expected_keysTwo} = ['username', 'password']</msg>
<var>${expected_keysTwo}</var>
<arg>username</arg>
<arg>password</arg>
<doc>Returns a list containing given items.</doc>
<status status="PASS" start="2024-06-23T04:17:14.059821" elapsed="0.000185"/>
</kw>
<for flavor="IN">
<iter>
<kw name="Dictionary Should Contain Key" owner="Collections">
<arg>${json_data['results'][0]['login']}</arg>
<arg>${keyTwo}</arg>
<doc>Fails if ``key`` is not found from ``dictionary``.</doc>
<status status="PASS" start="2024-06-23T04:17:14.060514" elapsed="0.000381"/>
</kw>
<kw name="Dictionary Should Contain Key" owner="Collections">
<arg>${json_data['results'][0]['login']}</arg>
<arg>${keyTwo}</arg>
<doc>Fails if ``key`` is not found from ``dictionary``.</doc>
<status status="PASS" start="2024-06-23T04:17:14.061079" elapsed="0.000397"/>
</kw>
<kw name="Log" owner="BuiltIn">
<msg time="2024-06-23T04:17:14.061769" level="INFO">username</msg>
<arg>${keyTwo}</arg>
<doc>Logs the given message with the given level.</doc>
<status status="PASS" start="2024-06-23T04:17:14.061652" elapsed="0.000153"/>
</kw>
<var name="${keyTwo}">username</var>
<status status="PASS" start="2024-06-23T04:17:14.060409" elapsed="0.001614"/>
</iter>
<iter>
<kw name="Dictionary Should Contain Key" owner="Collections">
<arg>${json_data['results'][0]['login']}</arg>
<arg>${keyTwo}</arg>
<doc>Fails if ``key`` is not found from ``dictionary``.</doc>
<status status="PASS" start="2024-06-23T04:17:14.062293" elapsed="0.000368"/>
</kw>
<kw name="Dictionary Should Contain Key" owner="Collections">
<arg>${json_data['results'][0]['login']}</arg>
<arg>${keyTwo}</arg>
<doc>Fails if ``key`` is not found from ``dictionary``.</doc>
<status status="PASS" start="2024-06-23T04:17:14.062841" elapsed="0.000369"/>
</kw>
<kw name="Log" owner="BuiltIn">
<msg time="2024-06-23T04:17:14.063497" level="INFO">password</msg>
<arg>${keyTwo}</arg>
<doc>Logs the given message with the given level.</doc>
<status status="PASS" start="2024-06-23T04:17:14.063382" elapsed="0.000150"/>
</kw>
<var name="${keyTwo}">password</var>
<status status="PASS" start="2024-06-23T04:17:14.062189" elapsed="0.001649"/>
</iter>
<var>${keyTwo}</var>
<value>@{expected_keysTwo}</value>
<status status="PASS" start="2024-06-23T04:17:14.060249" elapsed="0.003709"/>
</for>
<status status="PASS" start="2024-06-23T04:17:13.968395" elapsed="0.095703"/>
</kw>
<doc>Testa a estrutura da resposta da API.</doc>
<tag>testeEstruturaResposta</tag>
<status status="PASS" start="2024-06-23T04:17:13.967818" elapsed="0.096435"/>
</test>
<test id="s1-s1-t4" name="Validar tipos de dados" line="28">
<kw name="Teste de Tipos de Dados" owner="random-user-service">
<kw name="GET On Session" owner="RequestsLibrary">
<msg time="2024-06-23T04:17:14.143104" level="INFO">GET Request : url=https://randomuser.me/api 
 path_url=/api 
 headers={'User-Agent': 'python-requests/2.32.3', 'Accept-Encoding': 'gzip, deflate', 'Accept': '*/*', 'Connection': 'keep-alive'} 
 body=None 
 </msg>
<msg time="2024-06-23T04:17:14.143225" level="INFO">GET Response : url=https://randomuser.me/api 
 status=200, reason=OK 
 headers={'Date': 'Sun, 23 Jun 2024 04:17:14 GMT', 'Content-Type': 'application/json; charset=utf-8', 'Transfer-Encoding': 'chunked', 'Connection': 'keep-alive', 'X-Powered-By': 'Express', 'Access-Control-Allow-Origin': '*', 'Cache-Control': 'no-cache', 'ETag': 'W/"496-sQznfawlBDP2mhh50tYZ3WEHaO4"', 'Vary': 'Accept-Encoding', 'Content-Encoding': 'gzip', 'CF-Cache-Status': 'DYNAMIC', 'Report-To': '{"endpoints":[{"url":"https:\\/\\/a.nel.cloudflare.com\\/report\\/v4?s=yeSKKtTCncfUQkl9PVb1ZocmzCI8zkv8JqSXNTj2RLul6MFbQtJy4TcNwRZETrHF7tiknRQanjxlCDTu0BJRfrcmUTT8OsHsDg0uDtApx6SofCEcnK0OVGusWZjPLWxP"}],"group":"cf-nel","max_age":604800}', 'NEL': '{"success_fraction":0,"report_to":"cf-nel","max_age":604800}', 'Server': 'cloudflare', 'CF-RAY': '8981aaceff8681d5-IAD', 'alt-svc': 'h3=":443"; ma=86400'} 
 body={"results":[{"gender":"male","name":{"title":"Mr","first":"پارسا","last":"علیزاده"},"location":{"street":{"number":2609,"name":"ولیعصر / مصدق"},"city":"خوی","state":"ایلام","country":"Iran","postcode":45039,"coordinates":{"latitude":"17.1056","longitude":"-91.6432"},"timezone":{"offset":"+9:00","description":"Tokyo, Seoul, Osaka, Sapporo, Yakutsk"}},"email":"prs.aalyzdh@example.com","login":{"uuid":"e7e4e636-dfee-45fd-badf-aad333d837d3","username":"ticklishzebra687","password":"nights","salt":"2945u82m","md5":"cb466904e7f840dad8b28551a3beb5f1","sha1":"416a67555529796da0eabb7b1063a679113f4453","sha256":"cf15e320d3a64e393c68ff4fff7e8ad9a938caa27fbe94e0c7cd8691c2ecc086"},"dob":{"date":"1982-02-02T07:02:56.772Z","age":42},"registered":{"date":"2019-10-13T02:55:26.714Z","age":4},"phone":"022-85248173","cell":"0959-345-0511","id":{"name":"","value":null},"picture":{"large":"https://randomuser.me/api/portraits/men/24.jpg","medium":"https://randomuser.me/api/portraits/med/men/24.jpg","thumbnail":"https://randomuser.me/api/portraits/thumb/men/24.jpg"},"nat":"IR"}],"info":{"seed":"4fccd93c9423d4fe","results":1,"page":1,"version":"1.4"}} 
 </msg>
<msg time="2024-06-23T04:17:14.143324" level="INFO">/opt/hostedtoolcache/Python/3.12.4/x64/lib/python3.12/site-packages/urllib3/connectionpool.py:1099: InsecureRequestWarning: Unverified HTTPS request is being made to host 'randomuser.me'. Adding certificate verification is strongly advised. See: https://urllib3.readthedocs.io/en/latest/advanced-usage.html#tls-warnings
  warnings.warn(</msg>
<msg time="2024-06-23T04:17:14.143475" level="INFO">${response} = &lt;Response [200]&gt;</msg>
<var>${response}</var>
<arg>consultarAPI</arg>
<arg>/api</arg>
<doc>Sends a GET request on a previously created HTTP Session.</doc>
<status status="PASS" start="2024-06-23T04:17:14.066760" elapsed="0.076760"/>
</kw>
<kw name="Set Variable" owner="BuiltIn">
<msg time="2024-06-23T04:17:14.144639" level="INFO">${json_data} = {'results': [{'gender': 'male', 'name': {'title': 'Mr', 'first': 'پارسا', 'last': 'علیزاده'}, 'location': {'street': {'number': 2609, 'name': 'ولیعصر / مصدق'}, 'city': 'خوی', 'state': 'ایلام', 'countr...</msg>
<var>${json_data}</var>
<arg>${response.json()}</arg>
<doc>Returns the given values which can then be assigned to a variables.</doc>
<status status="PASS" start="2024-06-23T04:17:14.144091" elapsed="0.000577"/>
</kw>
<kw name="Log" owner="BuiltIn">
<msg time="2024-06-23T04:17:14.145137" level="INFO">{'results': [{'gender': 'male', 'name': {'title': 'Mr', 'first': 'پارسا', 'last': 'علیزاده'}, 'location': {'street': {'number': 2609, 'name': 'ولیعصر / مصدق'}, 'city': 'خوی', 'state': 'ایلام', 'country': 'Iran', 'postcode': 45039, 'coordinates': {'latitude': '17.1056', 'longitude': '-91.6432'}, 'timezone': {'offset': '+9:00', 'description': 'Tokyo, Seoul, Osaka, Sapporo, Yakutsk'}}, 'email': 'prs.aalyzdh@example.com', 'login': {'uuid': 'e7e4e636-dfee-45fd-badf-aad333d837d3', 'username': 'ticklishzebra687', 'password': 'nights', 'salt': '2945u82m', 'md5': 'cb466904e7f840dad8b28551a3beb5f1', 'sha1': '416a67555529796da0eabb7b1063a679113f4453', 'sha256': 'cf15e320d3a64e393c68ff4fff7e8ad9a938caa27fbe94e0c7cd8691c2ecc086'}, 'dob': {'date': '1982-02-02T07:02:56.772Z', 'age': 42}, 'registered': {'date': '2019-10-13T02:55:26.714Z', 'age': 4}, 'phone': '022-85248173', 'cell': '0959-345-0511', 'id': {'name': '', 'value': None}, 'picture': {'large': 'https://randomuser.me/api/portraits/men/24.jpg', 'medium': 'https://randomuser.me/api/portraits/med/men/24.jpg', 'thumbnail': 'https://randomuser.me/api/portraits/thumb/men/24.jpg'}, 'nat': 'IR'}], 'info': {'seed': '4fccd93c9423d4fe', 'results': 1, 'page': 1, 'version': '1.4'}}</msg>
<arg>${json_data}</arg>
<doc>Logs the given message with the given level.</doc>
<status status="PASS" start="2024-06-23T04:17:14.144979" elapsed="0.000208"/>
</kw>
<kw name="Should Be String" owner="String">
<arg>${json_data['results'][0]['gender']}</arg>
<doc>Fails if the given ``item`` is not a string.</doc>
<status status="PASS" start="2024-06-23T04:17:14.145531" elapsed="0.000375"/>
</kw>
<kw name="Should Match Regexp" owner="BuiltIn">
<arg>${json_data['results'][0]['email']}</arg>
<arg>^[a-zA-Z0-9._%+-]+@[a-zA-Z0-9.-]+\.[a-zA-Z]{2,}$</arg>
<doc>Fails if ``string`` does not match ``pattern`` as a regular expression.</doc>
<status status="PASS" start="2024-06-23T04:17:14.146095" elapsed="0.000564"/>
</kw>
<kw name="Should Match Regexp" owner="BuiltIn">
<arg>${json_data['results'][0]['dob']['date']}</arg>
<arg>\\d{4}-\\d{2}-\\d{2}T\\d{2}:\\d{2}:\\d{2}\\.\\d{3}Z</arg>
<doc>Fails if ``string`` does not match ``pattern`` as a regular expression.</doc>
<status status="PASS" start="2024-06-23T04:17:14.146849" elapsed="0.000491"/>
</kw>
<kw name="Should Match Regexp" owner="BuiltIn">
<arg>${json_data['results'][0]['registered']['date']}</arg>
<arg>\\d{4}-\\d{2}-\\d{2}T\\d{2}:\\d{2}:\\d{2}\\.\\d{3}Z</arg>
<doc>Fails if ``string`` does not match ``pattern`` as a regular expression.</doc>
<status status="PASS" start="2024-06-23T04:17:14.147524" elapsed="0.000362"/>
</kw>
<kw name="Should Match Regexp" owner="BuiltIn">
<arg>${json_data['results'][0]['picture']['large']}</arg>
<arg>^https?://.*\.(?:png|jpe?g|gif|bmp)$</arg>
<doc>Fails if ``string`` does not match ``pattern`` as a regular expression.</doc>
<status status="PASS" start="2024-06-23T04:17:14.148063" elapsed="0.000451"/>
</kw>
<kw name="Should Match Regexp" owner="BuiltIn">
<arg>${json_data['results'][0]['picture']['medium']}</arg>
<arg>^https?://.*\.(?:png|jpe?g|gif|bmp)$</arg>
<doc>Fails if ``string`` does not match ``pattern`` as a regular expression.</doc>
<status status="PASS" start="2024-06-23T04:17:14.148694" elapsed="0.000352"/>
</kw>
<kw name="Should Match Regexp" owner="BuiltIn">
<arg>${json_data['results'][0]['picture']['thumbnail']}</arg>
<arg>^https?://.*\.(?:png|jpe?g|gif|bmp)$</arg>
<doc>Fails if ``string`` does not match ``pattern`` as a regular expression.</doc>
<status status="PASS" start="2024-06-23T04:17:14.149226" elapsed="0.000372"/>
</kw>
<kw name="Log" owner="BuiltIn">
<msg time="2024-06-23T04:17:14.150097" level="INFO">{'large': 'https://randomuser.me/api/portraits/men/24.jpg', 'medium': 'https://randomuser.me/api/portraits/med/men/24.jpg', 'thumbnail': 'https://randomuser.me/api/portraits/thumb/men/24.jpg'}</msg>
<arg>${json_data['results'][0]['picture']}</arg>
<doc>Logs the given message with the given level.</doc>
<status status="PASS" start="2024-06-23T04:17:14.149773" elapsed="0.000365"/>
</kw>
<status status="PASS" start="2024-06-23T04:17:14.066536" elapsed="0.083867"/>
</kw>
<kw name="Teste de Tipos de Dados - Postcode" owner="random-user-service">
<kw name="GET On Session" owner="RequestsLibrary">
<msg time="2024-06-23T04:17:14.249628" level="INFO">GET Request : url=https://randomuser.me/api 
 path_url=/api 
 headers={'User-Agent': 'python-requests/2.32.3', 'Accept-Encoding': 'gzip, deflate', 'Accept': '*/*', 'Connection': 'keep-alive'} 
 body=None 
 </msg>
<msg time="2024-06-23T04:17:14.249727" level="INFO">GET Response : url=https://randomuser.me/api 
 status=200, reason=OK 
 headers={'Date': 'Sun, 23 Jun 2024 04:17:14 GMT', 'Content-Type': 'application/json; charset=utf-8', 'Transfer-Encoding': 'chunked', 'Connection': 'keep-alive', 'X-Powered-By': 'Express', 'Access-Control-Allow-Origin': '*', 'Cache-Control': 'no-cache', 'ETag': 'W/"487-tFM3ff0D7gaBkO6vWNXup8raIL8"', 'Vary': 'Accept-Encoding', 'Content-Encoding': 'gzip', 'CF-Cache-Status': 'DYNAMIC', 'Report-To': '{"endpoints":[{"url":"https:\\/\\/a.nel.cloudflare.com\\/report\\/v4?s=CyCMIsgRN29bR7%2Bbl%2Bc3SVScXb04bG8rdSSxVShFNXu0bjCg8urLYLDxx3aduzxW5259vyG383NsnsPBntZiSrG9VSynn8t%2Fp%2FeSb%2FQpEILXmUPqy1vV1a8M5L15LCXL"}],"group":"cf-nel","max_age":604800}', 'NEL': '{"success_fraction":0,"report_to":"cf-nel","max_age":604800}', 'Server': 'cloudflare', 'CF-RAY': '8981aacf7fee81d5-IAD', 'alt-svc': 'h3=":443"; ma=86400'} 
 body={"results":[{"gender":"female","name":{"title":"Ms","first":"Georgia","last":"Davies"},"location":{"street":{"number":3330,"name":"Avalon Drive"},"city":"Wellington","state":"Southland","country":"New Zealand","postcode":38247,"coordinates":{"latitude":"47.6263","longitude":"145.3824"},"timezone":{"offset":"+7:00","description":"Bangkok, Hanoi, Jakarta"}},"email":"georgia.davies@example.com","login":{"uuid":"52dd50ea-5295-451a-8d2d-2f594b8afcc0","username":"smalldog997","password":"blowfish","salt":"iKvvfQtZ","md5":"d9557c5294b19fc9be42cec52c2bd165","sha1":"8b81bdb1ad0bb30166b72b85d0759f65d2424b1d","sha256":"d020df65766621b75a34782a5ab6be9456bd1618acfd64167b2deaebf617af2a"},"dob":{"date":"1963-07-31T01:47:33.331Z","age":60},"registered":{"date":"2014-09-06T07:15:50.162Z","age":9},"phone":"(756)-978-0649","cell":"(155)-531-0800","id":{"name":"","value":null},"picture":{"large":"https://randomuser.me/api/portraits/women/29.jpg","medium":"https://randomuser.me/api/portraits/med/women/29.jpg","thumbnail":"https://randomuser.me/api/portraits/thumb/women/29.jpg"},"nat":"NZ"}],"info":{"seed":"9246d43aaf58f704","results":1,"page":1,"version":"1.4"}} 
 </msg>
<msg time="2024-06-23T04:17:14.249802" level="INFO">/opt/hostedtoolcache/Python/3.12.4/x64/lib/python3.12/site-packages/urllib3/connectionpool.py:1099: InsecureRequestWarning: Unverified HTTPS request is being made to host 'randomuser.me'. Adding certificate verification is strongly advised. See: https://urllib3.readthedocs.io/en/latest/advanced-usage.html#tls-warnings
  warnings.warn(</msg>
<msg time="2024-06-23T04:17:14.249945" level="INFO">${response} = &lt;Response [200]&gt;</msg>
<var>${response}</var>
<arg>consultarAPI</arg>
<arg>/api</arg>
<doc>Sends a GET request on a previously created HTTP Session.</doc>
<status status="PASS" start="2024-06-23T04:17:14.150864" elapsed="0.099126"/>
</kw>
<kw name="Set Variable" owner="BuiltIn">
<msg time="2024-06-23T04:17:14.251030" level="INFO">${json_data} = {'results': [{'gender': 'female', 'name': {'title': 'Ms', 'first': 'Georgia', 'last': 'Davies'}, 'location': {'street': {'number': 3330, 'name': 'Avalon Drive'}, 'city': 'Wellington', 'state': 'Southl...</msg>
<var>${json_data}</var>
<arg>${response.json()}</arg>
<doc>Returns the given values which can then be assigned to a variables.</doc>
<status status="PASS" start="2024-06-23T04:17:14.250512" elapsed="0.000550"/>
</kw>
<kw name="Log" owner="BuiltIn">
<msg time="2024-06-23T04:17:14.251520" level="INFO">{'results': [{'gender': 'female', 'name': {'title': 'Ms', 'first': 'Georgia', 'last': 'Davies'}, 'location': {'street': {'number': 3330, 'name': 'Avalon Drive'}, 'city': 'Wellington', 'state': 'Southland', 'country': 'New Zealand', 'postcode': 38247, 'coordinates': {'latitude': '47.6263', 'longitude': '145.3824'}, 'timezone': {'offset': '+7:00', 'description': 'Bangkok, Hanoi, Jakarta'}}, 'email': 'georgia.davies@example.com', 'login': {'uuid': '52dd50ea-5295-451a-8d2d-2f594b8afcc0', 'username': 'smalldog997', 'password': 'blowfish', 'salt': 'iKvvfQtZ', 'md5': 'd9557c5294b19fc9be42cec52c2bd165', 'sha1': '8b81bdb1ad0bb30166b72b85d0759f65d2424b1d', 'sha256': 'd020df65766621b75a34782a5ab6be9456bd1618acfd64167b2deaebf617af2a'}, 'dob': {'date': '1963-07-31T01:47:33.331Z', 'age': 60}, 'registered': {'date': '2014-09-06T07:15:50.162Z', 'age': 9}, 'phone': '(756)-978-0649', 'cell': '(155)-531-0800', 'id': {'name': '', 'value': None}, 'picture': {'large': 'https://randomuser.me/api/portraits/women/29.jpg', 'medium': 'https://randomuser.me/api/portraits/med/women/29.jpg', 'thumbnail': 'https://randomuser.me/api/portraits/thumb/women/29.jpg'}, 'nat': 'NZ'}], 'info': {'seed': '9246d43aaf58f704', 'results': 1, 'page': 1, 'version': '1.4'}}</msg>
<arg>${json_data}</arg>
<doc>Logs the given message with the given level.</doc>
<status status="PASS" start="2024-06-23T04:17:14.251366" elapsed="0.000202"/>
</kw>
<kw name="Should Be Equal As Numbers" owner="BuiltIn">
<arg>${json_data['results'][0]['location']['postcode']}</arg>
<arg>${json_data['results'][0]['location']['postcode']}</arg>
<doc>Fails if objects are unequal after converting them to real numbers.</doc>
<status status="PASS" start="2024-06-23T04:17:14.251861" elapsed="0.000621"/>
</kw>
<kw name="Log" owner="BuiltIn">
<msg time="2024-06-23T04:17:14.253178" level="INFO">38247</msg>
<arg>${json_data['results'][0]['location']['postcode']}</arg>
<doc>Logs the given message with the given level.</doc>
<status status="PASS" start="2024-06-23T04:17:14.252668" elapsed="0.000621"/>
</kw>
<status status="PASS" start="2024-06-23T04:17:14.150637" elapsed="0.102941"/>
</kw>
<doc>Testa se os tipos de dados na resposta da API estão corretos.</doc>
<tag>testeTiposDados</tag>
<status status="PASS" start="2024-06-23T04:17:14.066068" elapsed="0.187679"/>
</test>
<test id="s1-s1-t5" name="Validar conteudo" line="35">
<kw name="Teste de Tipos de Conteudo" owner="random-user-service">
<kw name="GET On Session" owner="RequestsLibrary">
<msg time="2024-06-23T04:17:14.340250" level="INFO">GET Request : url=https://randomuser.me/api 
 path_url=/api 
 headers={'User-Agent': 'python-requests/2.32.3', 'Accept-Encoding': 'gzip, deflate', 'Accept': '*/*', 'Connection': 'keep-alive'} 
 body=None 
 </msg>
<msg time="2024-06-23T04:17:14.340343" level="INFO">GET Response : url=https://randomuser.me/api 
 status=200, reason=OK 
 headers={'Date': 'Sun, 23 Jun 2024 04:17:14 GMT', 'Content-Type': 'application/json; charset=utf-8', 'Transfer-Encoding': 'chunked', 'Connection': 'keep-alive', 'X-Powered-By': 'Express', 'Access-Control-Allow-Origin': '*', 'Cache-Control': 'no-cache', 'ETag': 'W/"482-rUnT/pp/4DcD27UjVOZgwOOJStQ"', 'Vary': 'Accept-Encoding', 'Content-Encoding': 'gzip', 'CF-Cache-Status': 'DYNAMIC', 'Report-To': '{"endpoints":[{"url":"https:\\/\\/a.nel.cloudflare.com\\/report\\/v4?s=FGWI7Nd2Z94ilyUdUVOKTIsnAxebwy72mStLgYzZUXvVrh%2BNPH27Mn2rFUnx6czzaM1zQBm7v7rCKUHh9Z%2FIH8UDfV2ADMUvN1IDolghvsi4aJXf%2BGdVxXbuvDGkpk0f"}],"group":"cf-nel","max_age":604800}', 'NEL': '{"success_fraction":0,"report_to":"cf-nel","max_age":604800}', 'Server': 'cloudflare', 'CF-RAY': '8981aad0187481d5-IAD', 'alt-svc': 'h3=":443"; ma=86400'} 
 body={"results":[{"gender":"female","name":{"title":"Ms","first":"Nerea","last":"Moreno"},"location":{"street":{"number":7390,"name":"Avenida del Planetario"},"city":"La Coruña","state":"Canarias","country":"Spain","postcode":48249,"coordinates":{"latitude":"-32.6289","longitude":"138.2977"},"timezone":{"offset":"-2:00","description":"Mid-Atlantic"}},"email":"nerea.moreno@example.com","login":{"uuid":"b9f5b262-638d-4c32-8f1e-3cfbc2d16080","username":"whiteduck829","password":"angelina","salt":"lI2UlkH9","md5":"5382c586d874db077feb5f08e59d50a2","sha1":"644ce52ee9cb6ecbe76d675ac831c038732438dc","sha256":"b47c718acbcd3f76da9fd006bf6721ca97638f752d55c6a6bb80f4809a551c5a"},"dob":{"date":"2000-09-30T23:03:11.421Z","age":23},"registered":{"date":"2016-03-15T10:09:30.808Z","age":8},"phone":"918-130-505","cell":"649-905-460","id":{"name":"DNI","value":"17981913-B"},"picture":{"large":"https://randomuser.me/api/portraits/women/73.jpg","medium":"https://randomuser.me/api/portraits/med/women/73.jpg","thumbnail":"https://randomuser.me/api/portraits/thumb/women/73.jpg"},"nat":"ES"}],"info":{"seed":"94fd389f5572670c","results":1,"page":1,"version":"1.4"}} 
 </msg>
<msg time="2024-06-23T04:17:14.340426" level="INFO">/opt/hostedtoolcache/Python/3.12.4/x64/lib/python3.12/site-packages/urllib3/connectionpool.py:1099: InsecureRequestWarning: Unverified HTTPS request is being made to host 'randomuser.me'. Adding certificate verification is strongly advised. See: https://urllib3.readthedocs.io/en/latest/advanced-usage.html#tls-warnings
  warnings.warn(</msg>
<msg time="2024-06-23T04:17:14.340568" level="INFO">${response} = &lt;Response [200]&gt;</msg>
<var>${response}</var>
<arg>consultarAPI</arg>
<arg>/api</arg>
<doc>Sends a GET request on a previously created HTTP Session.</doc>
<status status="PASS" start="2024-06-23T04:17:14.256193" elapsed="0.084426"/>
</kw>
<kw name="Set Variable" owner="BuiltIn">
<msg time="2024-06-23T04:17:14.341594" level="INFO">${json_data} = {'results': [{'gender': 'female', 'name': {'title': 'Ms', 'first': 'Nerea', 'last': 'Moreno'}, 'location': {'street': {'number': 7390, 'name': 'Avenida del Planetario'}, 'city': 'La Coruña', 'state': ...</msg>
<var>${json_data}</var>
<arg>${response.json()}</arg>
<doc>Returns the given values which can then be assigned to a variables.</doc>
<status status="PASS" start="2024-06-23T04:17:14.341064" elapsed="0.000559"/>
</kw>
<kw name="Set Variable" owner="BuiltIn">
<msg time="2024-06-23T04:17:14.342297" level="INFO">${name_title} = Ms</msg>
<var>${name_title}</var>
<arg>${json_data["results"][0]["name"]["title"]}</arg>
<doc>Returns the given values which can then be assigned to a variables.</doc>
<status status="PASS" start="2024-06-23T04:17:14.341924" elapsed="0.000398"/>
</kw>
<kw name="Create List" owner="BuiltIn">
<msg time="2024-06-23T04:17:14.342758" level="INFO">${allowed_titles} = ['Mr', 'Ms', 'Miss', 'Mrs', 'Madame', 'Monsieur']</msg>
<var>${allowed_titles}</var>
<arg>Mr</arg>
<arg>Ms</arg>
<arg>Miss</arg>
<arg>Mrs</arg>
<arg>Madame</arg>
<arg>Monsieur</arg>
<doc>Returns a list containing given items.</doc>
<status status="PASS" start="2024-06-23T04:17:14.342611" elapsed="0.000171"/>
</kw>
<kw name="List Should Contain Value" owner="Collections">
<arg>${allowed_titles}</arg>
<arg>${name_title}</arg>
<doc>Fails if the ``value`` is not found from ``list``.</doc>
<status status="PASS" start="2024-06-23T04:17:14.343075" elapsed="0.000182"/>
</kw>
<kw name="Set Variable" owner="BuiltIn">
<msg time="2024-06-23T04:17:14.343808" level="INFO">${name_country} = ES</msg>
<var>${name_country}</var>
<arg>${json_data["results"][0]["nat"]}</arg>
<doc>Returns the given values which can then be assigned to a variables.</doc>
<status status="PASS" start="2024-06-23T04:17:14.343433" elapsed="0.000401"/>
</kw>
<kw name="Create List" owner="BuiltIn">
<msg time="2024-06-23T04:17:14.344713" level="INFO">${list_country} = ['AD', 'AE', 'AF', 'AG', 'AI', 'AL', 'AM', 'AO', 'AQ', 'AR', 'AS', 'AT', 'AU', 'AW', 'AX', 'AZ', 'BA', 'BB', 'BD', 'BE', 'BF', 'BG', 'BH', 'BI', 'BJ', 'BL', 'BM', 'BN', 'BO', 'BQ', 'BR', 'BS', 'BT', '...</msg>
<var>${list_country}</var>
<arg>AD</arg>
<arg>AE</arg>
<arg>AF</arg>
<arg>AG</arg>
<arg>AI</arg>
<arg>AL</arg>
<arg>AM</arg>
<arg>AO</arg>
<arg>AQ</arg>
<arg>AR</arg>
<arg>AS</arg>
<arg>AT</arg>
<arg>AU</arg>
<arg>AW</arg>
<arg>AX</arg>
<arg>AZ</arg>
<arg>BA</arg>
<arg>BB</arg>
<arg>BD</arg>
<arg>BE</arg>
<arg>BF</arg>
<arg>BG</arg>
<arg>BH</arg>
<arg>BI</arg>
<arg>BJ</arg>
<arg>BL</arg>
<arg>BM</arg>
<arg>BN</arg>
<arg>BO</arg>
<arg>BQ</arg>
<arg>BR</arg>
<arg>BS</arg>
<arg>BT</arg>
<arg>BV</arg>
<arg>BW</arg>
<arg>BY</arg>
<arg>BZ</arg>
<arg>CA</arg>
<arg>CC</arg>
<arg>CD</arg>
<arg>CF</arg>
<arg>CG</arg>
<arg>CH</arg>
<arg>CI</arg>
<arg>CK</arg>
<arg>CL</arg>
<arg>CM</arg>
<arg>CN</arg>
<arg>CO</arg>
<arg>CR</arg>
<arg>CU</arg>
<arg>CV</arg>
<arg>CW</arg>
<arg>CX</arg>
<arg>CY</arg>
<arg>CZ</arg>
<arg>DE</arg>
<arg>DJ</arg>
<arg>DK</arg>
<arg>DM</arg>
<arg>DO</arg>
<arg>DZ</arg>
<arg>EC</arg>
<arg>EE</arg>
<arg>EG</arg>
<arg>EH</arg>
<arg>ER</arg>
<arg>ES</arg>
<arg>ET</arg>
<arg>FI</arg>
<arg>FJ</arg>
<arg>FK</arg>
<arg>FM</arg>
<arg>FO</arg>
<arg>FR</arg>
<arg>GA</arg>
<arg>GB</arg>
<arg>GD</arg>
<arg>GE</arg>
<arg>GF</arg>
<arg>GG</arg>
<arg>GH</arg>
<arg>GI</arg>
<arg>GL</arg>
<arg>GM</arg>
<arg>GN</arg>
<arg>GP</arg>
<arg>GQ</arg>
<arg>GR</arg>
<arg>GS</arg>
<arg>GT</arg>
<arg>GU</arg>
<arg>GW</arg>
<arg>GY</arg>
<arg>HK</arg>
<arg>HM</arg>
<arg>HN</arg>
<arg>HR</arg>
<arg>HT</arg>
<arg>HU</arg>
<arg>ID</arg>
<arg>IE</arg>
<arg>IL</arg>
<arg>IM</arg>
<arg>IN</arg>
<arg>IO</arg>
<arg>IQ</arg>
<arg>IR</arg>
<arg>IS</arg>
<arg>IT</arg>
<arg>JE</arg>
<arg>JM</arg>
<arg>JO</arg>
<arg>JP</arg>
<arg>KE</arg>
<arg>KG</arg>
<arg>KH</arg>
<arg>KI</arg>
<arg>KM</arg>
<arg>KN</arg>
<arg>KP</arg>
<arg>KR</arg>
<arg>KW</arg>
<arg>KY</arg>
<arg>KZ</arg>
<arg>LA</arg>
<arg>LB</arg>
<arg>LC</arg>
<arg>LI</arg>
<arg>LK</arg>
<arg>LR</arg>
<arg>LS</arg>
<arg>LT</arg>
<arg>LU</arg>
<arg>LV</arg>
<arg>LY</arg>
<arg>MA</arg>
<arg>MC</arg>
<arg>MD</arg>
<arg>ME</arg>
<arg>MF</arg>
<arg>MG</arg>
<arg>MH</arg>
<arg>MK</arg>
<arg>ML</arg>
<arg>MM</arg>
<arg>MN</arg>
<arg>MO</arg>
<arg>MP</arg>
<arg>MQ</arg>
<arg>MR</arg>
<arg>MS</arg>
<arg>MT</arg>
<arg>MU</arg>
<arg>MV</arg>
<arg>MW</arg>
<arg>MX</arg>
<arg>MY</arg>
<arg>MZ</arg>
<arg>NA</arg>
<arg>NC</arg>
<arg>NE</arg>
<arg>NF</arg>
<arg>NG</arg>
<arg>NI</arg>
<arg>NL</arg>
<arg>NO</arg>
<arg>NP</arg>
<arg>NR</arg>
<arg>NU</arg>
<arg>NZ</arg>
<arg>OM</arg>
<arg>PA</arg>
<arg>PE</arg>
<arg>PF</arg>
<arg>PG</arg>
<arg>PH</arg>
<arg>PK</arg>
<arg>PL</arg>
<arg>PM</arg>
<arg>PN</arg>
<arg>PR</arg>
<arg>PS</arg>
<arg>PT</arg>
<arg>PW</arg>
<arg>PY</arg>
<arg>QA</arg>
<arg>RE</arg>
<arg>RO</arg>
<arg>RS</arg>
<arg>RU</arg>
<arg>RW</arg>
<arg>SA</arg>
<arg>SB</arg>
<arg>SC</arg>
<arg>SD</arg>
<arg>SE</arg>
<arg>SG</arg>
<arg>SH</arg>
<arg>SI</arg>
<arg>SJ</arg>
<arg>SK</arg>
<arg>SL</arg>
<arg>SM</arg>
<arg>SN</arg>
<arg>SO</arg>
<arg>SR</arg>
<arg>SS</arg>
<arg>ST</arg>
<arg>SV</arg>
<arg>SX</arg>
<arg>SY</arg>
<arg>SZ</arg>
<arg>TC</arg>
<arg>TD</arg>
<arg>TF</arg>
<arg>TG</arg>
<arg>TH</arg>
<arg>TJ</arg>
<arg>TK</arg>
<arg>TL</arg>
<arg>TM</arg>
<arg>TN</arg>
<arg>TO</arg>
<arg>TR</arg>
<arg>TT</arg>
<arg>TV</arg>
<arg>TW</arg>
<arg>TZ</arg>
<arg>UA</arg>
<arg>UG</arg>
<arg>UM</arg>
<arg>US</arg>
<arg>UY</arg>
<arg>UZ</arg>
<arg>VA</arg>
<arg>VC</arg>
<arg>VE</arg>
<arg>VG</arg>
<arg>VI</arg>
<arg>VN</arg>
<arg>VU</arg>
<arg>WF</arg>
<arg>WS</arg>
<arg>XK</arg>
<arg>YE</arg>
<arg>YT</arg>
<arg>ZA</arg>
<arg>ZM</arg>
<arg>ZW</arg>
<doc>Returns a list containing given items.</doc>
<status status="PASS" start="2024-06-23T04:17:14.344119" elapsed="0.000620"/>
</kw>
<kw name="List Should Contain Value" owner="Collections">
<arg>${list_country}</arg>
<arg>${name_country}</arg>
<doc>Fails if the ``value`` is not found from ``list``.</doc>
<status status="PASS" start="2024-06-23T04:17:14.345566" elapsed="0.000203"/>
</kw>
<kw name="Run Keyword If" owner="BuiltIn">
<kw name="Should Be True" owner="BuiltIn">
<arg>${True}</arg>
<doc>Fails if the given condition is not true.</doc>
<status status="PASS" start="2024-06-23T04:17:14.346708" elapsed="0.000138"/>
</kw>
<arg>${json_data["results"][0]["location"]["coordinates"]["latitude"]} &gt;= -90 and ${json_data["results"][0]["location"]["coordinates"]["latitude"]} &lt;= 90</arg>
<arg>Should Be True</arg>
<arg>${True}</arg>
<doc>Runs the given keyword with the given arguments, if ``condition`` is true.</doc>
<status status="PASS" start="2024-06-23T04:17:14.345970" elapsed="0.001000"/>
</kw>
<kw name="Run Keyword If" owner="BuiltIn">
<kw name="Should Be True" owner="BuiltIn">
<arg>${True}</arg>
<doc>Fails if the given condition is not true.</doc>
<status status="PASS" start="2024-06-23T04:17:14.347819" elapsed="0.000231"/>
</kw>
<arg>${json_data["results"][0]["location"]["coordinates"]["longitude"]} &gt;= -180 and ${json_data["results"][0]["location"]["coordinates"]["longitude"]} &lt;= 180</arg>
<arg>Should Be True</arg>
<arg>${True}</arg>
<doc>Runs the given keyword with the given arguments, if ``condition`` is true.</doc>
<status status="PASS" start="2024-06-23T04:17:14.347146" elapsed="0.001031"/>
</kw>
<status status="PASS" start="2024-06-23T04:17:14.255972" elapsed="0.092335"/>
</kw>
<doc>Testa o conteúdo específico dos campos retornados pela API.</doc>
<tag>testeConteudo</tag>
<status status="PASS" start="2024-06-23T04:17:14.255511" elapsed="0.092944"/>
</test>
<status status="PASS" start="2024-06-23T04:17:13.428810" elapsed="0.921603"/>
</suite>
<status status="PASS" start="2024-06-23T04:17:13.414543" elapsed="0.940986"/>
</suite>
<statistics>
<total>
<stat pass="5" fail="0" skip="0">All Tests</stat>
</total>
<tag>
<stat pass="1" fail="0" skip="0">testeConteudo</stat>
<stat pass="1" fail="0" skip="0">testeEstruturaResposta</stat>
<stat pass="1" fail="0" skip="0">testeRequisicaoBasica</stat>
<stat pass="1" fail="0" skip="0">testeTiposDados</stat>
</tag>
<suite>
<stat pass="5" fail="0" skip="0" id="s1" name="Tests">Tests</stat>
<stat pass="5" fail="0" skip="0" id="s1-s1" name="Random-User-Test">Tests.Random-User-Test</stat>
</suite>
</statistics>
<errors>
</errors>
</robot>
