<?xml version="1.0" encoding="UTF-8"?>
<robot generator="Robot 7.0.1 (Python 3.12.3 on linux)" generated="2024-06-16T13:15:45.055817" rpa="false" schemaversion="5">
<suite id="s1" name="Tests" source="/home/runner/work/ApiRandomUser/ApiRandomUser/RamdonUser/tests">
<suite id="s1-s1" name="Random-User-Test" source="/home/runner/work/ApiRandomUser/ApiRandomUser/RamdonUser/tests/random-user-test.robot">
<test id="s1-s1-t1" name="Conectar" line="13">
<kw name="Conectar API" owner="random-user-service">
<kw name="Create Session" owner="RequestsLibrary">
<msg time="2024-06-16T13:15:45.458195" level="INFO">Creating Session using : alias=consultarAPI, url=https://randomuser.me/, headers={},                     cookies={}, auth=None, timeout=None, proxies=None, verify=False,                     debug=0 </msg>
<arg>consultarAPI</arg>
<arg>${URL}</arg>
<doc>Create Session: create a HTTP session to a server</doc>
<status status="PASS" start="2024-06-16T13:15:45.457997" elapsed="0.000406"/>
</kw>
<status status="PASS" start="2024-06-16T13:15:45.456935" elapsed="0.001831"/>
</kw>
<status status="PASS" start="2024-06-16T13:15:45.456363" elapsed="0.002601"/>
</test>
<test id="s1-s1-t2" name="Validar retorno 200 e JSON Válido" line="16">
<kw name="Teste de Requisicao Basica" owner="random-user-service">
<kw name="GET On Session" owner="RequestsLibrary">
<msg time="2024-06-16T13:15:45.653766" level="INFO">GET Request : url=https://randomuser.me/api 
 path_url=/api 
 headers={'User-Agent': 'python-requests/2.32.3', 'Accept-Encoding': 'gzip, deflate', 'Accept': '*/*', 'Connection': 'keep-alive'} 
 body=None 
 </msg>
<msg time="2024-06-16T13:15:45.653942" level="INFO">GET Response : url=https://randomuser.me/api 
 status=200, reason=OK 
 headers={'Date': 'Sun, 16 Jun 2024 13:15:45 GMT', 'Content-Type': 'application/json; charset=utf-8', 'Transfer-Encoding': 'chunked', 'Connection': 'keep-alive', 'X-Powered-By': 'Express', 'Access-Control-Allow-Origin': '*', 'Cache-Control': 'no-cache', 'ETag': 'W/"48c-pXy+R+NMwEOYCPVtOBWwVyWS030"', 'Vary': 'Accept-Encoding', 'Content-Encoding': 'gzip', 'CF-Cache-Status': 'DYNAMIC', 'Report-To': '{"endpoints":[{"url":"https:\\/\\/a.nel.cloudflare.com\\/report\\/v4?s=bthOdlzicuOoquFPKBIhSkC5MyWYpL67wb2YWNN4kvQTGSqWe3cgXZ%2BtGekub4b22hKN1B1uw8mAiYQk8NcW1i8Xtumj0YRxxZWvieiJ2F5XMxrxR2Mk0ekAWTlfa34y"}],"group":"cf-nel","max_age":604800}', 'NEL': '{"success_fraction":0,"report_to":"cf-nel","max_age":604800}', 'Server': 'cloudflare', 'CF-RAY': '894b120959d120b7-IAD', 'alt-svc': 'h3=":443"; ma=86400'} 
 body={"results":[{"gender":"female","name":{"title":"Miss","first":"Petúnia","last":"Nunes"},"location":{"street":{"number":2810,"name":"Rua São Francisco "},"city":"Barretos","state":"Rio de Janeiro","country":"Brazil","postcode":65756,"coordinates":{"latitude":"-75.8382","longitude":"30.0847"},"timezone":{"offset":"+4:30","description":"Kabul"}},"email":"petunia.nunes@example.com","login":{"uuid":"cb4a4b1a-9164-4177-9ba6-664466cc547e","username":"greengorilla444","password":"pearl","salt":"fxreCBZR","md5":"af8dd3a1051f709ff4b6ef738efb2b8a","sha1":"03875e94f2cda9d81b59d26d906a353232bc3abd","sha256":"bfcadc8060f69ca39bb7a0108fd906888fdcac84d6ba6ca4a3ffd6b6f6849c0e"},"dob":{"date":"1961-09-18T14:57:39.566Z","age":62},"registered":{"date":"2008-06-12T13:26:24.056Z","age":16},"phone":"(37) 7324-9875","cell":"(95) 6475-8917","id":{"name":"CPF","value":"753.596.335-02"},"picture":{"large":"https://randomuser.me/api/portraits/women/38.jpg","medium":"https://randomuser.me/api/portraits/med/women/38.jpg","thumbnail":"https://randomuser.me/api/portraits/thumb/women/38.jpg"},"nat":"BR"}],"info":{"seed":"c2da67aff6f0d5c8","results":1,"page":1,"version":"1.4"}} 
 </msg>
<msg time="2024-06-16T13:15:45.654044" level="INFO">/opt/hostedtoolcache/Python/3.12.3/x64/lib/python3.12/site-packages/urllib3/connectionpool.py:1103: InsecureRequestWarning: Unverified HTTPS request is being made to host 'randomuser.me'. Adding certificate verification is strongly advised. See: https://urllib3.readthedocs.io/en/latest/advanced-usage.html#tls-warnings
  warnings.warn(</msg>
<msg time="2024-06-16T13:15:45.654212" level="INFO">${response} = &lt;Response [200]&gt;</msg>
<var>${response}</var>
<arg>consultarAPI</arg>
<arg>/api</arg>
<doc>Sends a GET request on a previously created HTTP Session.</doc>
<status status="PASS" start="2024-06-16T13:15:45.461572" elapsed="0.192697"/>
</kw>
<kw name="Should Be Equal As Numbers" owner="BuiltIn">
<msg time="2024-06-16T13:15:45.655322" level="INFO">Argument types are:
&lt;class 'int'&gt;
&lt;class 'str'&gt;</msg>
<arg>${response.status_code}</arg>
<arg>200</arg>
<doc>Fails if objects are unequal after converting them to real numbers.</doc>
<status status="PASS" start="2024-06-16T13:15:45.654855" elapsed="0.000572"/>
</kw>
<kw name="Log" owner="BuiltIn">
<msg time="2024-06-16T13:15:45.656145" level="INFO">200</msg>
<arg>${response.status_code}</arg>
<doc>Logs the given message with the given level.</doc>
<status status="PASS" start="2024-06-16T13:15:45.655789" elapsed="0.000404"/>
</kw>
<kw name="Set Variable" owner="BuiltIn">
<msg time="2024-06-16T13:15:45.656966" level="INFO">${json_data} = {'results': [{'gender': 'female', 'name': {'title': 'Miss', 'first': 'Petúnia', 'last': 'Nunes'}, 'location': {'street': {'number': 2810, 'name': 'Rua São Francisco '}, 'city': 'Barretos', 'state': 'R...</msg>
<var>${json_data}</var>
<arg>${response.json()}</arg>
<doc>Returns the given values which can then be assigned to a variables.</doc>
<status status="PASS" start="2024-06-16T13:15:45.656508" elapsed="0.000489"/>
</kw>
<kw name="Dictionary Should Contain Key" owner="Collections">
<arg>${json_data}</arg>
<arg>results</arg>
<doc>Fails if ``key`` is not found from ``dictionary``.</doc>
<status status="PASS" start="2024-06-16T13:15:45.657301" elapsed="0.000165"/>
</kw>
<status status="PASS" start="2024-06-16T13:15:45.461335" elapsed="0.196292"/>
</kw>
<doc>Testa se a API responde corretamente e retorna um objeto JSON válido.</doc>
<tag>testeRequisicaoBasica</tag>
<status status="PASS" start="2024-06-16T13:15:45.460854" elapsed="0.196954"/>
</test>
<test id="s1-s1-t3" name="Validar estrutura de resposta" line="22">
<kw name="Teste de Estrutura de Resposta" owner="random-user-service">
<kw name="GET On Session" owner="RequestsLibrary">
<msg time="2024-06-16T13:15:45.925154" level="INFO">GET Request : url=https://randomuser.me/api 
 path_url=/api 
 headers={'User-Agent': 'python-requests/2.32.3', 'Accept-Encoding': 'gzip, deflate', 'Accept': '*/*', 'Connection': 'keep-alive'} 
 body=None 
 </msg>
<msg time="2024-06-16T13:15:45.925265" level="INFO">GET Response : url=https://randomuser.me/api 
 status=200, reason=OK 
 headers={'Date': 'Sun, 16 Jun 2024 13:15:45 GMT', 'Content-Type': 'application/json; charset=utf-8', 'Transfer-Encoding': 'chunked', 'Connection': 'keep-alive', 'X-Powered-By': 'Express', 'Access-Control-Allow-Origin': '*', 'Cache-Control': 'no-cache', 'ETag': 'W/"497-cnOMKTMq37laS4LrwUIZyBKcyTc"', 'Vary': 'Accept-Encoding', 'Content-Encoding': 'gzip', 'CF-Cache-Status': 'DYNAMIC', 'Report-To': '{"endpoints":[{"url":"https:\\/\\/a.nel.cloudflare.com\\/report\\/v4?s=97N7%2FHFxUANd9mE6DOZM0APoqVYoTMUIFWD5VLF%2FRaEi8GDhzOBrddzWlOAXk8GbJMUcnDViO9GuBP00S9AFjR7zjhtuEVHFtJfXXhyPNqlo5HTZBXfEEB1fcoq8%2F%2BHA"}],"group":"cf-nel","max_age":604800}', 'NEL': '{"success_fraction":0,"report_to":"cf-nel","max_age":604800}', 'Server': 'cloudflare', 'CF-RAY': '894b120a6ad520b7-IAD', 'alt-svc': 'h3=":443"; ma=86400'} 
 body={"results":[{"gender":"male","name":{"title":"Mr","first":"Clayton","last":"Nelson"},"location":{"street":{"number":354,"name":"Brown Terrace"},"city":"Hobart","state":"Northern Territory","country":"Australia","postcode":6771,"coordinates":{"latitude":"-85.1517","longitude":"-46.4292"},"timezone":{"offset":"+1:00","description":"Brussels, Copenhagen, Madrid, Paris"}},"email":"clayton.nelson@example.com","login":{"uuid":"2a70075a-3593-4269-88dd-07a1c8a5def7","username":"ticklishsnake122","password":"kipper","salt":"ovKmiAJW","md5":"6105e43641b2d1ec0736dad4093b3610","sha1":"43707ccaf09c1c76dd849b4b42ce7dfa6992a248","sha256":"3f77ace20b70f9a635bcdfbe79cc5dfa5bb58e839f07f4e37d7c997f92a6f444"},"dob":{"date":"1971-03-26T20:32:45.042Z","age":53},"registered":{"date":"2014-12-24T17:30:49.245Z","age":9},"phone":"07-5638-9948","cell":"0471-706-934","id":{"name":"TFN","value":"194956020"},"picture":{"large":"https://randomuser.me/api/portraits/men/11.jpg","medium":"https://randomuser.me/api/portraits/med/men/11.jpg","thumbnail":"https://randomuser.me/api/portraits/thumb/men/11.jpg"},"nat":"AU"}],"info":{"seed":"fe0d8aac8f6caca5","results":1,"page":1,"version":"1.4"}} 
 </msg>
<msg time="2024-06-16T13:15:45.925441" level="INFO">/opt/hostedtoolcache/Python/3.12.3/x64/lib/python3.12/site-packages/urllib3/connectionpool.py:1103: InsecureRequestWarning: Unverified HTTPS request is being made to host 'randomuser.me'. Adding certificate verification is strongly advised. See: https://urllib3.readthedocs.io/en/latest/advanced-usage.html#tls-warnings
  warnings.warn(</msg>
<msg time="2024-06-16T13:15:45.925562" level="INFO">${response} = &lt;Response [200]&gt;</msg>
<var>${response}</var>
<arg>consultarAPI</arg>
<arg>/api</arg>
<doc>Sends a GET request on a previously created HTTP Session.</doc>
<status status="PASS" start="2024-06-16T13:15:45.661030" elapsed="0.264569"/>
</kw>
<kw name="Set Variable" owner="BuiltIn">
<msg time="2024-06-16T13:15:45.926625" level="INFO">${json_data} = {'results': [{'gender': 'male', 'name': {'title': 'Mr', 'first': 'Clayton', 'last': 'Nelson'}, 'location': {'street': {'number': 354, 'name': 'Brown Terrace'}, 'city': 'Hobart', 'state': 'Northern Ter...</msg>
<var>${json_data}</var>
<arg>${response.json()}</arg>
<doc>Returns the given values which can then be assigned to a variables.</doc>
<status status="PASS" start="2024-06-16T13:15:45.926120" elapsed="0.000536"/>
</kw>
<kw name="Log" owner="BuiltIn">
<msg time="2024-06-16T13:15:45.927122" level="INFO">{'results': [{'gender': 'male', 'name': {'title': 'Mr', 'first': 'Clayton', 'last': 'Nelson'}, 'location': {'street': {'number': 354, 'name': 'Brown Terrace'}, 'city': 'Hobart', 'state': 'Northern Territory', 'country': 'Australia', 'postcode': 6771, 'coordinates': {'latitude': '-85.1517', 'longitude': '-46.4292'}, 'timezone': {'offset': '+1:00', 'description': 'Brussels, Copenhagen, Madrid, Paris'}}, 'email': 'clayton.nelson@example.com', 'login': {'uuid': '2a70075a-3593-4269-88dd-07a1c8a5def7', 'username': 'ticklishsnake122', 'password': 'kipper', 'salt': 'ovKmiAJW', 'md5': '6105e43641b2d1ec0736dad4093b3610', 'sha1': '43707ccaf09c1c76dd849b4b42ce7dfa6992a248', 'sha256': '3f77ace20b70f9a635bcdfbe79cc5dfa5bb58e839f07f4e37d7c997f92a6f444'}, 'dob': {'date': '1971-03-26T20:32:45.042Z', 'age': 53}, 'registered': {'date': '2014-12-24T17:30:49.245Z', 'age': 9}, 'phone': '07-5638-9948', 'cell': '0471-706-934', 'id': {'name': 'TFN', 'value': '194956020'}, 'picture': {'large': 'https://randomuser.me/api/portraits/men/11.jpg', 'medium': 'https://randomuser.me/api/portraits/med/men/11.jpg', 'thumbnail': 'https://randomuser.me/api/portraits/thumb/men/11.jpg'}, 'nat': 'AU'}], 'info': {'seed': 'fe0d8aac8f6caca5', 'results': 1, 'page': 1, 'version': '1.4'}}</msg>
<arg>${json_data}</arg>
<doc>Logs the given message with the given level.</doc>
<status status="PASS" start="2024-06-16T13:15:45.926961" elapsed="0.000210"/>
</kw>
<kw name="Dictionary Should Contain Key" owner="Collections">
<arg>${json_data}</arg>
<arg>results</arg>
<doc>Fails if ``key`` is not found from ``dictionary``.</doc>
<status status="PASS" start="2024-06-16T13:15:45.927506" elapsed="0.000161"/>
</kw>
<kw name="Should Not Be Empty" owner="BuiltIn">
<msg time="2024-06-16T13:15:45.927975" level="INFO">Length is 2.</msg>
<arg>${json_data}</arg>
<doc>Verifies that the given item is not empty.</doc>
<status status="PASS" start="2024-06-16T13:15:45.927851" elapsed="0.000161"/>
</kw>
<kw name="Create List" owner="BuiltIn">
<msg time="2024-06-16T13:15:45.928441" level="INFO">${expected_keys} = ['gender', 'name', 'location', 'email', 'login']</msg>
<var>${expected_keys}</var>
<arg>gender</arg>
<arg>name</arg>
<arg>location</arg>
<arg>email</arg>
<arg>login</arg>
<doc>Returns a list containing given items.</doc>
<status status="PASS" start="2024-06-16T13:15:45.928296" elapsed="0.000168"/>
</kw>
<for flavor="IN">
<iter>
<kw name="Dictionary Should Contain Key" owner="Collections">
<arg>${json_data['results'][0]}</arg>
<arg>${key}</arg>
<doc>Fails if ``key`` is not found from ``dictionary``.</doc>
<status status="PASS" start="2024-06-16T13:15:45.929034" elapsed="0.000409"/>
</kw>
<kw name="Log" owner="BuiltIn">
<msg time="2024-06-16T13:15:45.930000" level="INFO">{'gender': 'male', 'name': {'title': 'Mr', 'first': 'Clayton', 'last': 'Nelson'}, 'location': {'street': {'number': 354, 'name': 'Brown Terrace'}, 'city': 'Hobart', 'state': 'Northern Territory', 'country': 'Australia', 'postcode': 6771, 'coordinates': {'latitude': '-85.1517', 'longitude': '-46.4292'}, 'timezone': {'offset': '+1:00', 'description': 'Brussels, Copenhagen, Madrid, Paris'}}, 'email': 'clayton.nelson@example.com', 'login': {'uuid': '2a70075a-3593-4269-88dd-07a1c8a5def7', 'username': 'ticklishsnake122', 'password': 'kipper', 'salt': 'ovKmiAJW', 'md5': '6105e43641b2d1ec0736dad4093b3610', 'sha1': '43707ccaf09c1c76dd849b4b42ce7dfa6992a248', 'sha256': '3f77ace20b70f9a635bcdfbe79cc5dfa5bb58e839f07f4e37d7c997f92a6f444'}, 'dob': {'date': '1971-03-26T20:32:45.042Z', 'age': 53}, 'registered': {'date': '2014-12-24T17:30:49.245Z', 'age': 9}, 'phone': '07-5638-9948', 'cell': '0471-706-934', 'id': {'name': 'TFN', 'value': '194956020'}, 'picture': {'large': 'https://randomuser.me/api/portraits/men/11.jpg', 'medium': 'https://randomuser.me/api/portraits/med/men/11.jpg', 'thumbnail': 'https://randomuser.me/api/portraits/thumb/men/11.jpg'}, 'nat': 'AU'}</msg>
<arg>${json_data['results'][0]}</arg>
<doc>Logs the given message with the given level.</doc>
<status status="PASS" start="2024-06-16T13:15:45.929634" elapsed="0.000415"/>
</kw>
<kw name="Log" owner="BuiltIn">
<msg time="2024-06-16T13:15:45.930471" level="INFO">gender</msg>
<arg>${key}</arg>
<doc>Logs the given message with the given level.</doc>
<status status="PASS" start="2024-06-16T13:15:45.930344" elapsed="0.000165"/>
</kw>
<var name="${key}">gender</var>
<status status="PASS" start="2024-06-16T13:15:45.928914" elapsed="0.001817"/>
</iter>
<iter>
<kw name="Dictionary Should Contain Key" owner="Collections">
<arg>${json_data['results'][0]}</arg>
<arg>${key}</arg>
<doc>Fails if ``key`` is not found from ``dictionary``.</doc>
<status status="PASS" start="2024-06-16T13:15:45.931031" elapsed="0.000421"/>
</kw>
<kw name="Log" owner="BuiltIn">
<msg time="2024-06-16T13:15:45.932000" level="INFO">{'gender': 'male', 'name': {'title': 'Mr', 'first': 'Clayton', 'last': 'Nelson'}, 'location': {'street': {'number': 354, 'name': 'Brown Terrace'}, 'city': 'Hobart', 'state': 'Northern Territory', 'country': 'Australia', 'postcode': 6771, 'coordinates': {'latitude': '-85.1517', 'longitude': '-46.4292'}, 'timezone': {'offset': '+1:00', 'description': 'Brussels, Copenhagen, Madrid, Paris'}}, 'email': 'clayton.nelson@example.com', 'login': {'uuid': '2a70075a-3593-4269-88dd-07a1c8a5def7', 'username': 'ticklishsnake122', 'password': 'kipper', 'salt': 'ovKmiAJW', 'md5': '6105e43641b2d1ec0736dad4093b3610', 'sha1': '43707ccaf09c1c76dd849b4b42ce7dfa6992a248', 'sha256': '3f77ace20b70f9a635bcdfbe79cc5dfa5bb58e839f07f4e37d7c997f92a6f444'}, 'dob': {'date': '1971-03-26T20:32:45.042Z', 'age': 53}, 'registered': {'date': '2014-12-24T17:30:49.245Z', 'age': 9}, 'phone': '07-5638-9948', 'cell': '0471-706-934', 'id': {'name': 'TFN', 'value': '194956020'}, 'picture': {'large': 'https://randomuser.me/api/portraits/men/11.jpg', 'medium': 'https://randomuser.me/api/portraits/med/men/11.jpg', 'thumbnail': 'https://randomuser.me/api/portraits/thumb/men/11.jpg'}, 'nat': 'AU'}</msg>
<arg>${json_data['results'][0]}</arg>
<doc>Logs the given message with the given level.</doc>
<status status="PASS" start="2024-06-16T13:15:45.931643" elapsed="0.000436"/>
</kw>
<kw name="Log" owner="BuiltIn">
<msg time="2024-06-16T13:15:45.932509" level="INFO">name</msg>
<arg>${key}</arg>
<doc>Logs the given message with the given level.</doc>
<status status="PASS" start="2024-06-16T13:15:45.932376" elapsed="0.000171"/>
</kw>
<var name="${key}">name</var>
<status status="PASS" start="2024-06-16T13:15:45.930917" elapsed="0.001846"/>
</iter>
<iter>
<kw name="Dictionary Should Contain Key" owner="Collections">
<arg>${json_data['results'][0]}</arg>
<arg>${key}</arg>
<doc>Fails if ``key`` is not found from ``dictionary``.</doc>
<status status="PASS" start="2024-06-16T13:15:45.933052" elapsed="0.000386"/>
</kw>
<kw name="Log" owner="BuiltIn">
<msg time="2024-06-16T13:15:45.933970" level="INFO">{'gender': 'male', 'name': {'title': 'Mr', 'first': 'Clayton', 'last': 'Nelson'}, 'location': {'street': {'number': 354, 'name': 'Brown Terrace'}, 'city': 'Hobart', 'state': 'Northern Territory', 'country': 'Australia', 'postcode': 6771, 'coordinates': {'latitude': '-85.1517', 'longitude': '-46.4292'}, 'timezone': {'offset': '+1:00', 'description': 'Brussels, Copenhagen, Madrid, Paris'}}, 'email': 'clayton.nelson@example.com', 'login': {'uuid': '2a70075a-3593-4269-88dd-07a1c8a5def7', 'username': 'ticklishsnake122', 'password': 'kipper', 'salt': 'ovKmiAJW', 'md5': '6105e43641b2d1ec0736dad4093b3610', 'sha1': '43707ccaf09c1c76dd849b4b42ce7dfa6992a248', 'sha256': '3f77ace20b70f9a635bcdfbe79cc5dfa5bb58e839f07f4e37d7c997f92a6f444'}, 'dob': {'date': '1971-03-26T20:32:45.042Z', 'age': 53}, 'registered': {'date': '2014-12-24T17:30:49.245Z', 'age': 9}, 'phone': '07-5638-9948', 'cell': '0471-706-934', 'id': {'name': 'TFN', 'value': '194956020'}, 'picture': {'large': 'https://randomuser.me/api/portraits/men/11.jpg', 'medium': 'https://randomuser.me/api/portraits/med/men/11.jpg', 'thumbnail': 'https://randomuser.me/api/portraits/thumb/men/11.jpg'}, 'nat': 'AU'}</msg>
<arg>${json_data['results'][0]}</arg>
<doc>Logs the given message with the given level.</doc>
<status status="PASS" start="2024-06-16T13:15:45.933623" elapsed="0.000395"/>
</kw>
<kw name="Log" owner="BuiltIn">
<msg time="2024-06-16T13:15:45.934433" level="INFO">location</msg>
<arg>${key}</arg>
<doc>Logs the given message with the given level.</doc>
<status status="PASS" start="2024-06-16T13:15:45.934309" elapsed="0.000161"/>
</kw>
<var name="${key}">location</var>
<status status="PASS" start="2024-06-16T13:15:45.932943" elapsed="0.001753"/>
</iter>
<iter>
<kw name="Dictionary Should Contain Key" owner="Collections">
<arg>${json_data['results'][0]}</arg>
<arg>${key}</arg>
<doc>Fails if ``key`` is not found from ``dictionary``.</doc>
<status status="PASS" start="2024-06-16T13:15:45.934973" elapsed="0.000405"/>
</kw>
<kw name="Log" owner="BuiltIn">
<msg time="2024-06-16T13:15:45.935936" level="INFO">{'gender': 'male', 'name': {'title': 'Mr', 'first': 'Clayton', 'last': 'Nelson'}, 'location': {'street': {'number': 354, 'name': 'Brown Terrace'}, 'city': 'Hobart', 'state': 'Northern Territory', 'country': 'Australia', 'postcode': 6771, 'coordinates': {'latitude': '-85.1517', 'longitude': '-46.4292'}, 'timezone': {'offset': '+1:00', 'description': 'Brussels, Copenhagen, Madrid, Paris'}}, 'email': 'clayton.nelson@example.com', 'login': {'uuid': '2a70075a-3593-4269-88dd-07a1c8a5def7', 'username': 'ticklishsnake122', 'password': 'kipper', 'salt': 'ovKmiAJW', 'md5': '6105e43641b2d1ec0736dad4093b3610', 'sha1': '43707ccaf09c1c76dd849b4b42ce7dfa6992a248', 'sha256': '3f77ace20b70f9a635bcdfbe79cc5dfa5bb58e839f07f4e37d7c997f92a6f444'}, 'dob': {'date': '1971-03-26T20:32:45.042Z', 'age': 53}, 'registered': {'date': '2014-12-24T17:30:49.245Z', 'age': 9}, 'phone': '07-5638-9948', 'cell': '0471-706-934', 'id': {'name': 'TFN', 'value': '194956020'}, 'picture': {'large': 'https://randomuser.me/api/portraits/men/11.jpg', 'medium': 'https://randomuser.me/api/portraits/med/men/11.jpg', 'thumbnail': 'https://randomuser.me/api/portraits/thumb/men/11.jpg'}, 'nat': 'AU'}</msg>
<arg>${json_data['results'][0]}</arg>
<doc>Logs the given message with the given level.</doc>
<status status="PASS" start="2024-06-16T13:15:45.935577" elapsed="0.000408"/>
</kw>
<kw name="Log" owner="BuiltIn">
<msg time="2024-06-16T13:15:45.936423" level="INFO">email</msg>
<arg>${key}</arg>
<doc>Logs the given message with the given level.</doc>
<status status="PASS" start="2024-06-16T13:15:45.936296" elapsed="0.000164"/>
</kw>
<var name="${key}">email</var>
<status status="PASS" start="2024-06-16T13:15:45.934866" elapsed="0.001821"/>
</iter>
<iter>
<kw name="Dictionary Should Contain Key" owner="Collections">
<arg>${json_data['results'][0]}</arg>
<arg>${key}</arg>
<doc>Fails if ``key`` is not found from ``dictionary``.</doc>
<status status="PASS" start="2024-06-16T13:15:45.936967" elapsed="0.000384"/>
</kw>
<kw name="Log" owner="BuiltIn">
<msg time="2024-06-16T13:15:45.937880" level="INFO">{'gender': 'male', 'name': {'title': 'Mr', 'first': 'Clayton', 'last': 'Nelson'}, 'location': {'street': {'number': 354, 'name': 'Brown Terrace'}, 'city': 'Hobart', 'state': 'Northern Territory', 'country': 'Australia', 'postcode': 6771, 'coordinates': {'latitude': '-85.1517', 'longitude': '-46.4292'}, 'timezone': {'offset': '+1:00', 'description': 'Brussels, Copenhagen, Madrid, Paris'}}, 'email': 'clayton.nelson@example.com', 'login': {'uuid': '2a70075a-3593-4269-88dd-07a1c8a5def7', 'username': 'ticklishsnake122', 'password': 'kipper', 'salt': 'ovKmiAJW', 'md5': '6105e43641b2d1ec0736dad4093b3610', 'sha1': '43707ccaf09c1c76dd849b4b42ce7dfa6992a248', 'sha256': '3f77ace20b70f9a635bcdfbe79cc5dfa5bb58e839f07f4e37d7c997f92a6f444'}, 'dob': {'date': '1971-03-26T20:32:45.042Z', 'age': 53}, 'registered': {'date': '2014-12-24T17:30:49.245Z', 'age': 9}, 'phone': '07-5638-9948', 'cell': '0471-706-934', 'id': {'name': 'TFN', 'value': '194956020'}, 'picture': {'large': 'https://randomuser.me/api/portraits/men/11.jpg', 'medium': 'https://randomuser.me/api/portraits/med/men/11.jpg', 'thumbnail': 'https://randomuser.me/api/portraits/thumb/men/11.jpg'}, 'nat': 'AU'}</msg>
<arg>${json_data['results'][0]}</arg>
<doc>Logs the given message with the given level.</doc>
<status status="PASS" start="2024-06-16T13:15:45.937536" elapsed="0.000391"/>
</kw>
<kw name="Log" owner="BuiltIn">
<msg time="2024-06-16T13:15:45.938458" level="INFO">login</msg>
<arg>${key}</arg>
<doc>Logs the given message with the given level.</doc>
<status status="PASS" start="2024-06-16T13:15:45.938221" elapsed="0.000274"/>
</kw>
<var name="${key}">login</var>
<status status="PASS" start="2024-06-16T13:15:45.936859" elapsed="0.001852"/>
</iter>
<var>${key}</var>
<value>@{expected_keys}</value>
<status status="PASS" start="2024-06-16T13:15:45.928722" elapsed="0.010111"/>
</for>
<kw name="Create List" owner="BuiltIn">
<msg time="2024-06-16T13:15:45.939159" level="INFO">${expected_keysTwo} = ['username', 'password']</msg>
<var>${expected_keysTwo}</var>
<arg>username</arg>
<arg>password</arg>
<doc>Returns a list containing given items.</doc>
<status status="PASS" start="2024-06-16T13:15:45.939024" elapsed="0.000188"/>
</kw>
<for flavor="IN">
<iter>
<kw name="Dictionary Should Contain Key" owner="Collections">
<arg>${json_data['results'][0]['login']}</arg>
<arg>${keyTwo}</arg>
<doc>Fails if ``key`` is not found from ``dictionary``.</doc>
<status status="PASS" start="2024-06-16T13:15:45.939755" elapsed="0.000382"/>
</kw>
<kw name="Dictionary Should Contain Key" owner="Collections">
<arg>${json_data['results'][0]['login']}</arg>
<arg>${keyTwo}</arg>
<doc>Fails if ``key`` is not found from ``dictionary``.</doc>
<status status="PASS" start="2024-06-16T13:15:45.940322" elapsed="0.000378"/>
</kw>
<kw name="Log" owner="BuiltIn">
<msg time="2024-06-16T13:15:45.940997" level="INFO">username</msg>
<arg>${keyTwo}</arg>
<doc>Logs the given message with the given level.</doc>
<status status="PASS" start="2024-06-16T13:15:45.940879" elapsed="0.000171"/>
</kw>
<var name="${keyTwo}">username</var>
<status status="PASS" start="2024-06-16T13:15:45.939647" elapsed="0.001621"/>
</iter>
<iter>
<kw name="Dictionary Should Contain Key" owner="Collections">
<arg>${json_data['results'][0]['login']}</arg>
<arg>${keyTwo}</arg>
<doc>Fails if ``key`` is not found from ``dictionary``.</doc>
<status status="PASS" start="2024-06-16T13:15:45.941551" elapsed="0.000377"/>
</kw>
<kw name="Dictionary Should Contain Key" owner="Collections">
<arg>${json_data['results'][0]['login']}</arg>
<arg>${keyTwo}</arg>
<doc>Fails if ``key`` is not found from ``dictionary``.</doc>
<status status="PASS" start="2024-06-16T13:15:45.942105" elapsed="0.000379"/>
</kw>
<kw name="Log" owner="BuiltIn">
<msg time="2024-06-16T13:15:45.942779" level="INFO">password</msg>
<arg>${keyTwo}</arg>
<doc>Logs the given message with the given level.</doc>
<status status="PASS" start="2024-06-16T13:15:45.942661" elapsed="0.000155"/>
</kw>
<var name="${keyTwo}">password</var>
<status status="PASS" start="2024-06-16T13:15:45.941444" elapsed="0.001590"/>
</iter>
<var>${keyTwo}</var>
<value>@{expected_keysTwo}</value>
<status status="PASS" start="2024-06-16T13:15:45.939492" elapsed="0.003662"/>
</for>
<status status="PASS" start="2024-06-16T13:15:45.660676" elapsed="0.282621"/>
</kw>
<doc>Testa a estrutura da resposta da API.</doc>
<tag>testeEstruturaResposta</tag>
<status status="PASS" start="2024-06-16T13:15:45.659693" elapsed="0.283800"/>
</test>
<test id="s1-s1-t4" name="Validar tipos de dados" line="28">
<kw name="Teste de Tipos de Dados" owner="random-user-service">
<kw name="GET On Session" owner="RequestsLibrary">
<msg time="2024-06-16T13:15:46.022684" level="INFO">GET Request : url=https://randomuser.me/api 
 path_url=/api 
 headers={'User-Agent': 'python-requests/2.32.3', 'Accept-Encoding': 'gzip, deflate', 'Accept': '*/*', 'Connection': 'keep-alive'} 
 body=None 
 </msg>
<msg time="2024-06-16T13:15:46.022749" level="INFO">GET Response : url=https://randomuser.me/api 
 status=200, reason=OK 
 headers={'Date': 'Sun, 16 Jun 2024 13:15:46 GMT', 'Content-Type': 'application/json; charset=utf-8', 'Transfer-Encoding': 'chunked', 'Connection': 'keep-alive', 'X-Powered-By': 'Express', 'Access-Control-Allow-Origin': '*', 'Cache-Control': 'no-cache', 'ETag': 'W/"499-jDmr6xj5DHIRSI2ySfM8XQISDRQ"', 'Vary': 'Accept-Encoding', 'Content-Encoding': 'gzip', 'CF-Cache-Status': 'DYNAMIC', 'Report-To': '{"endpoints":[{"url":"https:\\/\\/a.nel.cloudflare.com\\/report\\/v4?s=JhkK%2Ff7Yl9cD5B8v2zz9rO50p9RRB2WyikTAFdvy6aBhlc4w9SDwjSFwnAJLuNWlfKgn42qxuIAVu4FEQVM0Q9juTQh3%2BSo5XGVtgOiYDuHaU9AukOPnenwuCUsoUbji"}],"group":"cf-nel","max_age":604800}', 'NEL': '{"success_fraction":0,"report_to":"cf-nel","max_age":604800}', 'Server': 'cloudflare', 'CF-RAY': '894b120c3c9420b7-IAD', 'alt-svc': 'h3=":443"; ma=86400'} 
 body={"results":[{"gender":"female","name":{"title":"Mrs","first":"Tracey","last":"Allen"},"location":{"street":{"number":3596,"name":"Springfield Road"},"city":"Salisbury","state":"Cheshire","country":"United Kingdom","postcode":"F0 2WA","coordinates":{"latitude":"-12.7540","longitude":"144.7507"},"timezone":{"offset":"+7:00","description":"Bangkok, Hanoi, Jakarta"}},"email":"tracey.allen@example.com","login":{"uuid":"f0ac5cb1-0bc3-4a53-a91d-4f17b931bdec","username":"ticklishfrog997","password":"bbbb","salt":"RWoOwnkM","md5":"f52ee3070fd25a0f018e0371982bc359","sha1":"215d05fdcfe7e9a8149f8f15d7838e4b4251cc5d","sha256":"4ceb76ee46f4e9b830b019b7dd67407bb2c307e68ff450cbaf0da90fc8287843"},"dob":{"date":"1949-06-21T06:44:15.891Z","age":74},"registered":{"date":"2011-09-04T20:55:28.143Z","age":12},"phone":"013873 75778","cell":"07031 520468","id":{"name":"NINO","value":"PZ 74 05 44 T"},"picture":{"large":"https://randomuser.me/api/portraits/women/71.jpg","medium":"https://randomuser.me/api/portraits/med/women/71.jpg","thumbnail":"https://randomuser.me/api/portraits/thumb/women/71.jpg"},"nat":"GB"}],"info":{"seed":"607e60d420e81e78","results":1,"page":1,"version":"1.4"}} 
 </msg>
<msg time="2024-06-16T13:15:46.022808" level="INFO">/opt/hostedtoolcache/Python/3.12.3/x64/lib/python3.12/site-packages/urllib3/connectionpool.py:1103: InsecureRequestWarning: Unverified HTTPS request is being made to host 'randomuser.me'. Adding certificate verification is strongly advised. See: https://urllib3.readthedocs.io/en/latest/advanced-usage.html#tls-warnings
  warnings.warn(</msg>
<msg time="2024-06-16T13:15:46.022895" level="INFO">${response} = &lt;Response [200]&gt;</msg>
<var>${response}</var>
<arg>consultarAPI</arg>
<arg>/api</arg>
<doc>Sends a GET request on a previously created HTTP Session.</doc>
<status status="PASS" start="2024-06-16T13:15:45.945914" elapsed="0.077011"/>
</kw>
<kw name="Set Variable" owner="BuiltIn">
<msg time="2024-06-16T13:15:46.023818" level="INFO">${json_data} = {'results': [{'gender': 'female', 'name': {'title': 'Mrs', 'first': 'Tracey', 'last': 'Allen'}, 'location': {'street': {'number': 3596, 'name': 'Springfield Road'}, 'city': 'Salisbury', 'state': 'Ches...</msg>
<var>${json_data}</var>
<arg>${response.json()}</arg>
<doc>Returns the given values which can then be assigned to a variables.</doc>
<status status="PASS" start="2024-06-16T13:15:46.023336" elapsed="0.000510"/>
</kw>
<kw name="Log" owner="BuiltIn">
<msg time="2024-06-16T13:15:46.024309" level="INFO">{'results': [{'gender': 'female', 'name': {'title': 'Mrs', 'first': 'Tracey', 'last': 'Allen'}, 'location': {'street': {'number': 3596, 'name': 'Springfield Road'}, 'city': 'Salisbury', 'state': 'Cheshire', 'country': 'United Kingdom', 'postcode': 'F0 2WA', 'coordinates': {'latitude': '-12.7540', 'longitude': '144.7507'}, 'timezone': {'offset': '+7:00', 'description': 'Bangkok, Hanoi, Jakarta'}}, 'email': 'tracey.allen@example.com', 'login': {'uuid': 'f0ac5cb1-0bc3-4a53-a91d-4f17b931bdec', 'username': 'ticklishfrog997', 'password': 'bbbb', 'salt': 'RWoOwnkM', 'md5': 'f52ee3070fd25a0f018e0371982bc359', 'sha1': '215d05fdcfe7e9a8149f8f15d7838e4b4251cc5d', 'sha256': '4ceb76ee46f4e9b830b019b7dd67407bb2c307e68ff450cbaf0da90fc8287843'}, 'dob': {'date': '1949-06-21T06:44:15.891Z', 'age': 74}, 'registered': {'date': '2011-09-04T20:55:28.143Z', 'age': 12}, 'phone': '013873 75778', 'cell': '07031 520468', 'id': {'name': 'NINO', 'value': 'PZ 74 05 44 T'}, 'picture': {'large': 'https://randomuser.me/api/portraits/women/71.jpg', 'medium': 'https://randomuser.me/api/portraits/med/women/71.jpg', 'thumbnail': 'https://randomuser.me/api/portraits/thumb/women/71.jpg'}, 'nat': 'GB'}], 'info': {'seed': '607e60d420e81e78', 'results': 1, 'page': 1, 'version': '1.4'}}</msg>
<arg>${json_data}</arg>
<doc>Logs the given message with the given level.</doc>
<status status="PASS" start="2024-06-16T13:15:46.024155" elapsed="0.000199"/>
</kw>
<kw name="Should Be String" owner="String">
<arg>${json_data['results'][0]['gender']}</arg>
<doc>Fails if the given ``item`` is not a string.</doc>
<status status="PASS" start="2024-06-16T13:15:46.024645" elapsed="0.000358"/>
</kw>
<kw name="Should Match Regexp" owner="BuiltIn">
<arg>${json_data['results'][0]['email']}</arg>
<arg>^[a-zA-Z0-9._%+-]+@[a-zA-Z0-9.-]+\.[a-zA-Z]{2,}$</arg>
<doc>Fails if ``string`` does not match ``pattern`` as a regular expression.</doc>
<status status="PASS" start="2024-06-16T13:15:46.025193" elapsed="0.000547"/>
</kw>
<kw name="Should Match Regexp" owner="BuiltIn">
<arg>${json_data['results'][0]['dob']['date']}</arg>
<arg>\\d{4}-\\d{2}-\\d{2}T\\d{2}:\\d{2}:\\d{2}\\.\\d{3}Z</arg>
<doc>Fails if ``string`` does not match ``pattern`` as a regular expression.</doc>
<status status="PASS" start="2024-06-16T13:15:46.025940" elapsed="0.000504"/>
</kw>
<kw name="Should Match Regexp" owner="BuiltIn">
<arg>${json_data['results'][0]['registered']['date']}</arg>
<arg>\\d{4}-\\d{2}-\\d{2}T\\d{2}:\\d{2}:\\d{2}\\.\\d{3}Z</arg>
<doc>Fails if ``string`` does not match ``pattern`` as a regular expression.</doc>
<status status="PASS" start="2024-06-16T13:15:46.026637" elapsed="0.000376"/>
</kw>
<kw name="Should Match Regexp" owner="BuiltIn">
<arg>${json_data['results'][0]['picture']['large']}</arg>
<arg>^https?://.*\.(?:png|jpe?g|gif|bmp)$</arg>
<doc>Fails if ``string`` does not match ``pattern`` as a regular expression.</doc>
<status status="PASS" start="2024-06-16T13:15:46.027200" elapsed="0.000488"/>
</kw>
<kw name="Should Match Regexp" owner="BuiltIn">
<arg>${json_data['results'][0]['picture']['medium']}</arg>
<arg>^https?://.*\.(?:png|jpe?g|gif|bmp)$</arg>
<doc>Fails if ``string`` does not match ``pattern`` as a regular expression.</doc>
<status status="PASS" start="2024-06-16T13:15:46.027884" elapsed="0.000353"/>
</kw>
<kw name="Should Match Regexp" owner="BuiltIn">
<arg>${json_data['results'][0]['picture']['thumbnail']}</arg>
<arg>^https?://.*\.(?:png|jpe?g|gif|bmp)$</arg>
<doc>Fails if ``string`` does not match ``pattern`` as a regular expression.</doc>
<status status="PASS" start="2024-06-16T13:15:46.028448" elapsed="0.000357"/>
</kw>
<kw name="Log" owner="BuiltIn">
<msg time="2024-06-16T13:15:46.029305" level="INFO">{'large': 'https://randomuser.me/api/portraits/women/71.jpg', 'medium': 'https://randomuser.me/api/portraits/med/women/71.jpg', 'thumbnail': 'https://randomuser.me/api/portraits/thumb/women/71.jpg'}</msg>
<arg>${json_data['results'][0]['picture']}</arg>
<doc>Logs the given message with the given level.</doc>
<status status="PASS" start="2024-06-16T13:15:46.028985" elapsed="0.000363"/>
</kw>
<status status="PASS" start="2024-06-16T13:15:45.945685" elapsed="0.083915"/>
</kw>
<kw name="Teste de Tipos de Dados - Postcode" owner="random-user-service">
<kw name="GET On Session" owner="RequestsLibrary">
<msg time="2024-06-16T13:15:46.111080" level="INFO">GET Request : url=https://randomuser.me/api 
 path_url=/api 
 headers={'User-Agent': 'python-requests/2.32.3', 'Accept-Encoding': 'gzip, deflate', 'Accept': '*/*', 'Connection': 'keep-alive'} 
 body=None 
 </msg>
<msg time="2024-06-16T13:15:46.111180" level="INFO">GET Response : url=https://randomuser.me/api 
 status=200, reason=OK 
 headers={'Date': 'Sun, 16 Jun 2024 13:15:46 GMT', 'Content-Type': 'application/json; charset=utf-8', 'Transfer-Encoding': 'chunked', 'Connection': 'keep-alive', 'X-Powered-By': 'Express', 'Access-Control-Allow-Origin': '*', 'Cache-Control': 'no-cache', 'ETag': 'W/"496-EKdulhJj0I1x5wUZ99ndk9JBxMA"', 'Vary': 'Accept-Encoding', 'Content-Encoding': 'gzip', 'CF-Cache-Status': 'DYNAMIC', 'Report-To': '{"endpoints":[{"url":"https:\\/\\/a.nel.cloudflare.com\\/report\\/v4?s=W4foPA8JXkt2WrlMaI0rnI5QRSerLsxgAYysg9nZWUwumk3SY8IWK9vARExKw57nG8%2FGiEg3sl81%2B5FkD1Ld3zqJvT4lVEqpFqnlNqAYjRUSivASXQeE3BwR8jjlhf3U"}],"group":"cf-nel","max_age":604800}', 'NEL': '{"success_fraction":0,"report_to":"cf-nel","max_age":604800}', 'Server': 'cloudflare', 'CF-RAY': '894b120cbd1920b7-IAD', 'alt-svc': 'h3=":443"; ma=86400'} 
 body={"results":[{"gender":"female","name":{"title":"Mrs","first":"Lesa","last":"Gomez"},"location":{"street":{"number":3708,"name":"Ranchview Dr"},"city":"West Palm Beach","state":"Alabama","country":"United States","postcode":35114,"coordinates":{"latitude":"85.4902","longitude":"174.5849"},"timezone":{"offset":"+7:00","description":"Bangkok, Hanoi, Jakarta"}},"email":"lesa.gomez@example.com","login":{"uuid":"947d5af0-4554-41f3-b41d-ad8ff17ead3c","username":"ticklishostrich856","password":"apples","salt":"wwte0lDs","md5":"35e4e5f7e07900ece13ab858482790df","sha1":"3afa59a727d3744b59f1ac390049139a9fff02d3","sha256":"d9a1551ed2adb85d9faeb2984baec1eeec5d2786baa815d752b3f89b796ab934"},"dob":{"date":"1975-09-07T01:13:41.111Z","age":48},"registered":{"date":"2021-06-10T08:57:57.479Z","age":3},"phone":"(248) 781-8988","cell":"(821) 742-6698","id":{"name":"SSN","value":"379-43-8810"},"picture":{"large":"https://randomuser.me/api/portraits/women/92.jpg","medium":"https://randomuser.me/api/portraits/med/women/92.jpg","thumbnail":"https://randomuser.me/api/portraits/thumb/women/92.jpg"},"nat":"US"}],"info":{"seed":"4415a4db9d4a5b40","results":1,"page":1,"version":"1.4"}} 
 </msg>
<msg time="2024-06-16T13:15:46.111279" level="INFO">/opt/hostedtoolcache/Python/3.12.3/x64/lib/python3.12/site-packages/urllib3/connectionpool.py:1103: InsecureRequestWarning: Unverified HTTPS request is being made to host 'randomuser.me'. Adding certificate verification is strongly advised. See: https://urllib3.readthedocs.io/en/latest/advanced-usage.html#tls-warnings
  warnings.warn(</msg>
<msg time="2024-06-16T13:15:46.111455" level="INFO">${response} = &lt;Response [200]&gt;</msg>
<var>${response}</var>
<arg>consultarAPI</arg>
<arg>/api</arg>
<doc>Sends a GET request on a previously created HTTP Session.</doc>
<status status="PASS" start="2024-06-16T13:15:46.030059" elapsed="0.081452"/>
</kw>
<kw name="Set Variable" owner="BuiltIn">
<msg time="2024-06-16T13:15:46.112483" level="INFO">${json_data} = {'results': [{'gender': 'female', 'name': {'title': 'Mrs', 'first': 'Lesa', 'last': 'Gomez'}, 'location': {'street': {'number': 3708, 'name': 'Ranchview Dr'}, 'city': 'West Palm Beach', 'state': 'Alab...</msg>
<var>${json_data}</var>
<arg>${response.json()}</arg>
<doc>Returns the given values which can then be assigned to a variables.</doc>
<status status="PASS" start="2024-06-16T13:15:46.112009" elapsed="0.000502"/>
</kw>
<kw name="Log" owner="BuiltIn">
<msg time="2024-06-16T13:15:46.112963" level="INFO">{'results': [{'gender': 'female', 'name': {'title': 'Mrs', 'first': 'Lesa', 'last': 'Gomez'}, 'location': {'street': {'number': 3708, 'name': 'Ranchview Dr'}, 'city': 'West Palm Beach', 'state': 'Alabama', 'country': 'United States', 'postcode': 35114, 'coordinates': {'latitude': '85.4902', 'longitude': '174.5849'}, 'timezone': {'offset': '+7:00', 'description': 'Bangkok, Hanoi, Jakarta'}}, 'email': 'lesa.gomez@example.com', 'login': {'uuid': '947d5af0-4554-41f3-b41d-ad8ff17ead3c', 'username': 'ticklishostrich856', 'password': 'apples', 'salt': 'wwte0lDs', 'md5': '35e4e5f7e07900ece13ab858482790df', 'sha1': '3afa59a727d3744b59f1ac390049139a9fff02d3', 'sha256': 'd9a1551ed2adb85d9faeb2984baec1eeec5d2786baa815d752b3f89b796ab934'}, 'dob': {'date': '1975-09-07T01:13:41.111Z', 'age': 48}, 'registered': {'date': '2021-06-10T08:57:57.479Z', 'age': 3}, 'phone': '(248) 781-8988', 'cell': '(821) 742-6698', 'id': {'name': 'SSN', 'value': '379-43-8810'}, 'picture': {'large': 'https://randomuser.me/api/portraits/women/92.jpg', 'medium': 'https://randomuser.me/api/portraits/med/women/92.jpg', 'thumbnail': 'https://randomuser.me/api/portraits/thumb/women/92.jpg'}, 'nat': 'US'}], 'info': {'seed': '4415a4db9d4a5b40', 'results': 1, 'page': 1, 'version': '1.4'}}</msg>
<arg>${json_data}</arg>
<doc>Logs the given message with the given level.</doc>
<status status="PASS" start="2024-06-16T13:15:46.112811" elapsed="0.000199"/>
</kw>
<kw name="Should Be Equal As Numbers" owner="BuiltIn">
<arg>${json_data['results'][0]['location']['postcode']}</arg>
<arg>${json_data['results'][0]['location']['postcode']}</arg>
<doc>Fails if objects are unequal after converting them to real numbers.</doc>
<status status="PASS" start="2024-06-16T13:15:46.113308" elapsed="0.000640"/>
</kw>
<kw name="Log" owner="BuiltIn">
<msg time="2024-06-16T13:15:46.114467" level="INFO">35114</msg>
<arg>${json_data['results'][0]['location']['postcode']}</arg>
<doc>Logs the given message with the given level.</doc>
<status status="PASS" start="2024-06-16T13:15:46.114137" elapsed="0.000402"/>
</kw>
<status status="PASS" start="2024-06-16T13:15:46.029825" elapsed="0.084966"/>
</kw>
<doc>Testa se os tipos de dados na resposta da API estão corretos.</doc>
<tag>testeTiposDados</tag>
<status status="PASS" start="2024-06-16T13:15:45.945232" elapsed="0.169729"/>
</test>
<test id="s1-s1-t5" name="Validar conteudo" line="35">
<kw name="Teste de Tipos de Conteudo" owner="random-user-service">
<kw name="GET On Session" owner="RequestsLibrary">
<msg time="2024-06-16T13:15:46.201546" level="INFO">GET Request : url=https://randomuser.me/api 
 path_url=/api 
 headers={'User-Agent': 'python-requests/2.32.3', 'Accept-Encoding': 'gzip, deflate', 'Accept': '*/*', 'Connection': 'keep-alive'} 
 body=None 
 </msg>
<msg time="2024-06-16T13:15:46.201644" level="INFO">GET Response : url=https://randomuser.me/api 
 status=200, reason=OK 
 headers={'Date': 'Sun, 16 Jun 2024 13:15:46 GMT', 'Content-Type': 'application/json; charset=utf-8', 'Transfer-Encoding': 'chunked', 'Connection': 'keep-alive', 'X-Powered-By': 'Express', 'Access-Control-Allow-Origin': '*', 'Cache-Control': 'no-cache', 'ETag': 'W/"464-orD4pkh2Ip9I2oAWfDGg8TP6caM"', 'Vary': 'Accept-Encoding', 'Content-Encoding': 'gzip', 'CF-Cache-Status': 'DYNAMIC', 'Report-To': '{"endpoints":[{"url":"https:\\/\\/a.nel.cloudflare.com\\/report\\/v4?s=5SnkELId42iyGafbE92VtcpHXtCkfPFTMycWBnS8%2BOAJ0QZ0rC0hUB0arS0m8%2FHgocqgBEZFah6ik7%2B%2FRT6m7DMaODzs70II9PvtUkTMx7JacyLTjrqemJdt85p%2FYNf5"}],"group":"cf-nel","max_age":604800}', 'NEL': '{"success_fraction":0,"report_to":"cf-nel","max_age":604800}', 'Server': 'cloudflare', 'CF-RAY': '894b120d4dc420b7-IAD', 'alt-svc': 'h3=":443"; ma=86400'} 
 body={"results":[{"gender":"male","name":{"title":"Mr","first":"Trygve","last":"Styve"},"location":{"street":{"number":8959,"name":"Ymers vei"},"city":"Sjøholt","state":"Troms - Romsa","country":"Norway","postcode":"0050","coordinates":{"latitude":"39.7629","longitude":"-51.9941"},"timezone":{"offset":"+4:30","description":"Kabul"}},"email":"trygve.styve@example.com","login":{"uuid":"edaefbd6-2253-4ab0-8977-b85c678c385a","username":"heavykoala731","password":"murphy","salt":"ikulQSbG","md5":"58f83a91fdd5edc5b2786823323c6b96","sha1":"be6ebab23234637ae77a1129788019ebc680e9e0","sha256":"9b55c4c7ca836c55c38c1fbe9722007ebe90083e33b20dd43cd0654ca920397c"},"dob":{"date":"1974-03-27T15:19:14.139Z","age":50},"registered":{"date":"2008-11-17T03:26:17.255Z","age":15},"phone":"54572536","cell":"96953865","id":{"name":"FN","value":"27037421532"},"picture":{"large":"https://randomuser.me/api/portraits/men/80.jpg","medium":"https://randomuser.me/api/portraits/med/men/80.jpg","thumbnail":"https://randomuser.me/api/portraits/thumb/men/80.jpg"},"nat":"NO"}],"info":{"seed":"1db78c6e8431bcad","results":1,"page":1,"version":"1.4"}} 
 </msg>
<msg time="2024-06-16T13:15:46.201724" level="INFO">/opt/hostedtoolcache/Python/3.12.3/x64/lib/python3.12/site-packages/urllib3/connectionpool.py:1103: InsecureRequestWarning: Unverified HTTPS request is being made to host 'randomuser.me'. Adding certificate verification is strongly advised. See: https://urllib3.readthedocs.io/en/latest/advanced-usage.html#tls-warnings
  warnings.warn(</msg>
<msg time="2024-06-16T13:15:46.201853" level="INFO">${response} = &lt;Response [200]&gt;</msg>
<var>${response}</var>
<arg>consultarAPI</arg>
<arg>/api</arg>
<doc>Sends a GET request on a previously created HTTP Session.</doc>
<status status="PASS" start="2024-06-16T13:15:46.117463" elapsed="0.084434"/>
</kw>
<kw name="Set Variable" owner="BuiltIn">
<msg time="2024-06-16T13:15:46.202853" level="INFO">${json_data} = {'results': [{'gender': 'male', 'name': {'title': 'Mr', 'first': 'Trygve', 'last': 'Styve'}, 'location': {'street': {'number': 8959, 'name': 'Ymers vei'}, 'city': 'Sjøholt', 'state': 'Troms - Romsa', ...</msg>
<var>${json_data}</var>
<arg>${response.json()}</arg>
<doc>Returns the given values which can then be assigned to a variables.</doc>
<status status="PASS" start="2024-06-16T13:15:46.202366" elapsed="0.000517"/>
</kw>
<kw name="Set Variable" owner="BuiltIn">
<msg time="2024-06-16T13:15:46.203617" level="INFO">${name_title} = Mr</msg>
<var>${name_title}</var>
<arg>${json_data["results"][0]["name"]["title"]}</arg>
<doc>Returns the given values which can then be assigned to a variables.</doc>
<status status="PASS" start="2024-06-16T13:15:46.203195" elapsed="0.000448"/>
</kw>
<kw name="Create List" owner="BuiltIn">
<msg time="2024-06-16T13:15:46.204093" level="INFO">${allowed_titles} = ['Mr', 'Ms', 'Miss', 'Mrs', 'Madame', 'Monsieur']</msg>
<var>${allowed_titles}</var>
<arg>Mr</arg>
<arg>Ms</arg>
<arg>Miss</arg>
<arg>Mrs</arg>
<arg>Madame</arg>
<arg>Monsieur</arg>
<doc>Returns a list containing given items.</doc>
<status status="PASS" start="2024-06-16T13:15:46.203946" elapsed="0.000172"/>
</kw>
<kw name="List Should Contain Value" owner="Collections">
<arg>${allowed_titles}</arg>
<arg>${name_title}</arg>
<doc>Fails if the ``value`` is not found from ``list``.</doc>
<status status="PASS" start="2024-06-16T13:15:46.204410" elapsed="0.000182"/>
</kw>
<kw name="Set Variable" owner="BuiltIn">
<msg time="2024-06-16T13:15:46.205142" level="INFO">${name_country} = NO</msg>
<var>${name_country}</var>
<arg>${json_data["results"][0]["nat"]}</arg>
<doc>Returns the given values which can then be assigned to a variables.</doc>
<status status="PASS" start="2024-06-16T13:15:46.204773" elapsed="0.000393"/>
</kw>
<kw name="Create List" owner="BuiltIn">
<msg time="2024-06-16T13:15:46.206053" level="INFO">${list_country} = ['AD', 'AE', 'AF', 'AG', 'AI', 'AL', 'AM', 'AO', 'AQ', 'AR', 'AS', 'AT', 'AU', 'AW', 'AX', 'AZ', 'BA', 'BB', 'BD', 'BE', 'BF', 'BG', 'BH', 'BI', 'BJ', 'BL', 'BM', 'BN', 'BO', 'BQ', 'BR', 'BS', 'BT', '...</msg>
<var>${list_country}</var>
<arg>AD</arg>
<arg>AE</arg>
<arg>AF</arg>
<arg>AG</arg>
<arg>AI</arg>
<arg>AL</arg>
<arg>AM</arg>
<arg>AO</arg>
<arg>AQ</arg>
<arg>AR</arg>
<arg>AS</arg>
<arg>AT</arg>
<arg>AU</arg>
<arg>AW</arg>
<arg>AX</arg>
<arg>AZ</arg>
<arg>BA</arg>
<arg>BB</arg>
<arg>BD</arg>
<arg>BE</arg>
<arg>BF</arg>
<arg>BG</arg>
<arg>BH</arg>
<arg>BI</arg>
<arg>BJ</arg>
<arg>BL</arg>
<arg>BM</arg>
<arg>BN</arg>
<arg>BO</arg>
<arg>BQ</arg>
<arg>BR</arg>
<arg>BS</arg>
<arg>BT</arg>
<arg>BV</arg>
<arg>BW</arg>
<arg>BY</arg>
<arg>BZ</arg>
<arg>CA</arg>
<arg>CC</arg>
<arg>CD</arg>
<arg>CF</arg>
<arg>CG</arg>
<arg>CH</arg>
<arg>CI</arg>
<arg>CK</arg>
<arg>CL</arg>
<arg>CM</arg>
<arg>CN</arg>
<arg>CO</arg>
<arg>CR</arg>
<arg>CU</arg>
<arg>CV</arg>
<arg>CW</arg>
<arg>CX</arg>
<arg>CY</arg>
<arg>CZ</arg>
<arg>DE</arg>
<arg>DJ</arg>
<arg>DK</arg>
<arg>DM</arg>
<arg>DO</arg>
<arg>DZ</arg>
<arg>EC</arg>
<arg>EE</arg>
<arg>EG</arg>
<arg>EH</arg>
<arg>ER</arg>
<arg>ES</arg>
<arg>ET</arg>
<arg>FI</arg>
<arg>FJ</arg>
<arg>FK</arg>
<arg>FM</arg>
<arg>FO</arg>
<arg>FR</arg>
<arg>GA</arg>
<arg>GB</arg>
<arg>GD</arg>
<arg>GE</arg>
<arg>GF</arg>
<arg>GG</arg>
<arg>GH</arg>
<arg>GI</arg>
<arg>GL</arg>
<arg>GM</arg>
<arg>GN</arg>
<arg>GP</arg>
<arg>GQ</arg>
<arg>GR</arg>
<arg>GS</arg>
<arg>GT</arg>
<arg>GU</arg>
<arg>GW</arg>
<arg>GY</arg>
<arg>HK</arg>
<arg>HM</arg>
<arg>HN</arg>
<arg>HR</arg>
<arg>HT</arg>
<arg>HU</arg>
<arg>ID</arg>
<arg>IE</arg>
<arg>IL</arg>
<arg>IM</arg>
<arg>IN</arg>
<arg>IO</arg>
<arg>IQ</arg>
<arg>IR</arg>
<arg>IS</arg>
<arg>IT</arg>
<arg>JE</arg>
<arg>JM</arg>
<arg>JO</arg>
<arg>JP</arg>
<arg>KE</arg>
<arg>KG</arg>
<arg>KH</arg>
<arg>KI</arg>
<arg>KM</arg>
<arg>KN</arg>
<arg>KP</arg>
<arg>KR</arg>
<arg>KW</arg>
<arg>KY</arg>
<arg>KZ</arg>
<arg>LA</arg>
<arg>LB</arg>
<arg>LC</arg>
<arg>LI</arg>
<arg>LK</arg>
<arg>LR</arg>
<arg>LS</arg>
<arg>LT</arg>
<arg>LU</arg>
<arg>LV</arg>
<arg>LY</arg>
<arg>MA</arg>
<arg>MC</arg>
<arg>MD</arg>
<arg>ME</arg>
<arg>MF</arg>
<arg>MG</arg>
<arg>MH</arg>
<arg>MK</arg>
<arg>ML</arg>
<arg>MM</arg>
<arg>MN</arg>
<arg>MO</arg>
<arg>MP</arg>
<arg>MQ</arg>
<arg>MR</arg>
<arg>MS</arg>
<arg>MT</arg>
<arg>MU</arg>
<arg>MV</arg>
<arg>MW</arg>
<arg>MX</arg>
<arg>MY</arg>
<arg>MZ</arg>
<arg>NA</arg>
<arg>NC</arg>
<arg>NE</arg>
<arg>NF</arg>
<arg>NG</arg>
<arg>NI</arg>
<arg>NL</arg>
<arg>NO</arg>
<arg>NP</arg>
<arg>NR</arg>
<arg>NU</arg>
<arg>NZ</arg>
<arg>OM</arg>
<arg>PA</arg>
<arg>PE</arg>
<arg>PF</arg>
<arg>PG</arg>
<arg>PH</arg>
<arg>PK</arg>
<arg>PL</arg>
<arg>PM</arg>
<arg>PN</arg>
<arg>PR</arg>
<arg>PS</arg>
<arg>PT</arg>
<arg>PW</arg>
<arg>PY</arg>
<arg>QA</arg>
<arg>RE</arg>
<arg>RO</arg>
<arg>RS</arg>
<arg>RU</arg>
<arg>RW</arg>
<arg>SA</arg>
<arg>SB</arg>
<arg>SC</arg>
<arg>SD</arg>
<arg>SE</arg>
<arg>SG</arg>
<arg>SH</arg>
<arg>SI</arg>
<arg>SJ</arg>
<arg>SK</arg>
<arg>SL</arg>
<arg>SM</arg>
<arg>SN</arg>
<arg>SO</arg>
<arg>SR</arg>
<arg>SS</arg>
<arg>ST</arg>
<arg>SV</arg>
<arg>SX</arg>
<arg>SY</arg>
<arg>SZ</arg>
<arg>TC</arg>
<arg>TD</arg>
<arg>TF</arg>
<arg>TG</arg>
<arg>TH</arg>
<arg>TJ</arg>
<arg>TK</arg>
<arg>TL</arg>
<arg>TM</arg>
<arg>TN</arg>
<arg>TO</arg>
<arg>TR</arg>
<arg>TT</arg>
<arg>TV</arg>
<arg>TW</arg>
<arg>TZ</arg>
<arg>UA</arg>
<arg>UG</arg>
<arg>UM</arg>
<arg>US</arg>
<arg>UY</arg>
<arg>UZ</arg>
<arg>VA</arg>
<arg>VC</arg>
<arg>VE</arg>
<arg>VG</arg>
<arg>VI</arg>
<arg>VN</arg>
<arg>VU</arg>
<arg>WF</arg>
<arg>WS</arg>
<arg>XK</arg>
<arg>YE</arg>
<arg>YT</arg>
<arg>ZA</arg>
<arg>ZM</arg>
<arg>ZW</arg>
<doc>Returns a list containing given items.</doc>
<status status="PASS" start="2024-06-16T13:15:46.205459" elapsed="0.000620"/>
</kw>
<kw name="List Should Contain Value" owner="Collections">
<arg>${list_country}</arg>
<arg>${name_country}</arg>
<doc>Fails if the ``value`` is not found from ``list``.</doc>
<status status="PASS" start="2024-06-16T13:15:46.206867" elapsed="0.000202"/>
</kw>
<kw name="Run Keyword If" owner="BuiltIn">
<kw name="Should Be True" owner="BuiltIn">
<arg>${True}</arg>
<doc>Fails if the given condition is not true.</doc>
<status status="PASS" start="2024-06-16T13:15:46.208187" elapsed="0.000141"/>
</kw>
<arg>${json_data["results"][0]["location"]["coordinates"]["latitude"]} &gt;= -90 and ${json_data["results"][0]["location"]["coordinates"]["latitude"]} &lt;= 90</arg>
<arg>Should Be True</arg>
<arg>${True}</arg>
<doc>Runs the given keyword with the given arguments, if ``condition`` is true.</doc>
<status status="PASS" start="2024-06-16T13:15:46.207268" elapsed="0.001187"/>
</kw>
<kw name="Run Keyword If" owner="BuiltIn">
<kw name="Should Be True" owner="BuiltIn">
<arg>${True}</arg>
<doc>Fails if the given condition is not true.</doc>
<status status="PASS" start="2024-06-16T13:15:46.209316" elapsed="0.000136"/>
</kw>
<arg>${json_data["results"][0]["location"]["coordinates"]["longitude"]} &gt;= -180 and ${json_data["results"][0]["location"]["coordinates"]["longitude"]} &lt;= 180</arg>
<arg>Should Be True</arg>
<arg>${True}</arg>
<doc>Runs the given keyword with the given arguments, if ``condition`` is true.</doc>
<status status="PASS" start="2024-06-16T13:15:46.208635" elapsed="0.000940"/>
</kw>
<status status="PASS" start="2024-06-16T13:15:46.117241" elapsed="0.092465"/>
</kw>
<doc>Testa o conteúdo específico dos campos retornados pela API.</doc>
<tag>testeConteudo</tag>
<status status="PASS" start="2024-06-16T13:15:46.116787" elapsed="0.093068"/>
</test>
<status status="PASS" start="2024-06-16T13:15:45.113663" elapsed="1.098107"/>
</suite>
<status status="PASS" start="2024-06-16T13:15:45.100247" elapsed="1.116543"/>
</suite>
<statistics>
<total>
<stat pass="5" fail="0" skip="0">All Tests</stat>
</total>
<tag>
<stat pass="1" fail="0" skip="0">testeConteudo</stat>
<stat pass="1" fail="0" skip="0">testeEstruturaResposta</stat>
<stat pass="1" fail="0" skip="0">testeRequisicaoBasica</stat>
<stat pass="1" fail="0" skip="0">testeTiposDados</stat>
</tag>
<suite>
<stat pass="5" fail="0" skip="0" id="s1" name="Tests">Tests</stat>
<stat pass="5" fail="0" skip="0" id="s1-s1" name="Random-User-Test">Tests.Random-User-Test</stat>
</suite>
</statistics>
<errors>
</errors>
</robot>
