<?xml version="1.0" encoding="UTF-8"?>
<robot generator="Robot 7.0 (Python 3.12.3 on linux)" generated="2024-06-09T23:14:53.408525" rpa="false" schemaversion="5">
<suite id="s1" name="Tests" source="/home/runner/work/ApiRandomUser/ApiRandomUser/RamdonUser/tests">
<suite id="s1-s1" name="Random-User-Test" source="/home/runner/work/ApiRandomUser/ApiRandomUser/RamdonUser/tests/random-user-test.robot">
<test id="s1-s1-t1" name="Conectar" line="13">
<kw name="Conectar API" owner="random-user-service">
<kw name="Create Session" owner="RequestsLibrary">
<msg time="2024-06-09T23:14:53.807607" level="INFO">Creating Session using : alias=consultarAPI, url=https://randomuser.me/, headers={},                     cookies={}, auth=None, timeout=None, proxies=None, verify=False,                     debug=0 </msg>
<arg>consultarAPI</arg>
<arg>${URL}</arg>
<doc>Create Session: create a HTTP session to a server</doc>
<status status="PASS" start="2024-06-09T23:14:53.807408" elapsed="0.000368"/>
</kw>
<status status="PASS" start="2024-06-09T23:14:53.806487" elapsed="0.001662"/>
</kw>
<status status="PASS" start="2024-06-09T23:14:53.805967" elapsed="0.002375"/>
</test>
<test id="s1-s1-t2" name="Validar retorno 200 e JSON Válido" line="16">
<kw name="Teste de Requisicao Basica" owner="random-user-service">
<kw name="GET On Session" owner="RequestsLibrary">
<msg time="2024-06-09T23:14:54.132055" level="INFO">GET Request : url=https://randomuser.me/api 
 path_url=/api 
 headers={'User-Agent': 'python-requests/2.32.3', 'Accept-Encoding': 'gzip, deflate', 'Accept': '*/*', 'Connection': 'keep-alive'} 
 body=None 
 </msg>
<msg time="2024-06-09T23:14:54.132217" level="INFO">GET Response : url=https://randomuser.me/api 
 status=200, reason=OK 
 headers={'Date': 'Sun, 09 Jun 2024 23:14:54 GMT', 'Content-Type': 'application/json; charset=utf-8', 'Transfer-Encoding': 'chunked', 'Connection': 'keep-alive', 'X-Powered-By': 'Express', 'Access-Control-Allow-Origin': '*', 'Cache-Control': 'no-cache', 'ETag': 'W/"488-IZDsocxR1uoCvV/gOIDgGjfaHIo"', 'Vary': 'Accept-Encoding', 'Content-Encoding': 'gzip', 'CF-Cache-Status': 'DYNAMIC', 'Report-To': '{"endpoints":[{"url":"https:\\/\\/a.nel.cloudflare.com\\/report\\/v4?s=0GA6A2o%2BJKWbwNcwnO6nuXfh7BDp0z%2BaZW2TUyXMgQhtQBdn24xErwFNJlh5spV3GFr9biy4IRRlvOUI5iKYDC8OuDBhouNt5D6e6Km05e2Qn0GVGlT%2BPbJ21hlPeAqu"}],"group":"cf-nel","max_age":604800}', 'NEL': '{"success_fraction":0,"report_to":"cf-nel","max_age":604800}', 'Server': 'cloudflare', 'CF-RAY': '8914d20eeea9dbcc-LAX', 'alt-svc': 'h3=":443"; ma=86400'} 
 body={"results":[{"gender":"female","name":{"title":"Miss","first":"Gabrielle","last":"Slawa"},"location":{"street":{"number":6563,"name":"Pierre Ave"},"city":"Melbourne","state":"Prince Edward Island","country":"Canada","postcode":"L2P 2D0","coordinates":{"latitude":"-70.2031","longitude":"87.5027"},"timezone":{"offset":"+3:30","description":"Tehran"}},"email":"gabrielle.slawa@example.com","login":{"uuid":"7d39ab9c-7fdc-4504-b34c-bb10f936991d","username":"smallpanda746","password":"dharma","salt":"01Xvbqnn","md5":"bdfd0f90de58c68e026539a8012fe16e","sha1":"2e212267ef39ff81876529946ad46ab787bb7229","sha256":"f3f550307de6d09b356eceeb34c3ca4ca21ae161e46681061566c0fd532b05e8"},"dob":{"date":"1949-07-15T02:23:17.277Z","age":74},"registered":{"date":"2002-11-07T09:06:50.092Z","age":21},"phone":"P24 P50-8502","cell":"S07 H85-9641","id":{"name":"SIN","value":"948458773"},"picture":{"large":"https://randomuser.me/api/portraits/women/92.jpg","medium":"https://randomuser.me/api/portraits/med/women/92.jpg","thumbnail":"https://randomuser.me/api/portraits/thumb/women/92.jpg"},"nat":"CA"}],"info":{"seed":"4bbb9863caa0a0e5","results":1,"page":1,"version":"1.4"}} 
 </msg>
<msg time="2024-06-09T23:14:54.132306" level="INFO">/opt/hostedtoolcache/Python/3.12.3/x64/lib/python3.12/site-packages/urllib3/connectionpool.py:1103: InsecureRequestWarning: Unverified HTTPS request is being made to host 'randomuser.me'. Adding certificate verification is strongly advised. See: https://urllib3.readthedocs.io/en/latest/advanced-usage.html#tls-warnings
  warnings.warn(</msg>
<msg time="2024-06-09T23:14:54.132458" level="INFO">${response} = &lt;Response [200]&gt;</msg>
<var>${response}</var>
<arg>consultarAPI</arg>
<arg>/api</arg>
<doc>Sends a GET request on a previously created HTTP Session.</doc>
<status status="PASS" start="2024-06-09T23:14:53.810896" elapsed="0.321611"/>
</kw>
<kw name="Should Be Equal As Numbers" owner="BuiltIn">
<msg time="2024-06-09T23:14:54.133431" level="INFO">Argument types are:
&lt;class 'int'&gt;
&lt;class 'str'&gt;</msg>
<arg>${response.status_code}</arg>
<arg>200</arg>
<doc>Fails if objects are unequal after converting them to real numbers.</doc>
<status status="PASS" start="2024-06-09T23:14:54.132997" elapsed="0.000498"/>
</kw>
<kw name="Log" owner="BuiltIn">
<msg time="2024-06-09T23:14:54.134171" level="INFO">200</msg>
<arg>${response.status_code}</arg>
<doc>Logs the given message with the given level.</doc>
<status status="PASS" start="2024-06-09T23:14:54.133832" elapsed="0.000385"/>
</kw>
<kw name="Set Variable" owner="BuiltIn">
<msg time="2024-06-09T23:14:54.134936" level="INFO">${json_data} = {'results': [{'gender': 'female', 'name': {'title': 'Miss', 'first': 'Gabrielle', 'last': 'Slawa'}, 'location': {'street': {'number': 6563, 'name': 'Pierre Ave'}, 'city': 'Melbourne', 'state': 'Prince...</msg>
<var>${json_data}</var>
<arg>${response.json()}</arg>
<doc>Returns the given values which can then be assigned to a variables.</doc>
<status status="PASS" start="2024-06-09T23:14:54.134517" elapsed="0.000446"/>
</kw>
<kw name="Dictionary Should Contain Key" owner="Collections">
<msg time="2024-06-09T23:14:54.135432" level="INFO">False</msg>
<arg>${json_data}</arg>
<arg>results</arg>
<doc>Fails if ``key`` is not found from ``dictionary``.</doc>
<status status="PASS" start="2024-06-09T23:14:54.135259" elapsed="0.000212"/>
</kw>
<status status="PASS" start="2024-06-09T23:14:53.810654" elapsed="0.325083"/>
</kw>
<doc>Testa se a API responde corretamente e retorna um objeto JSON válido.</doc>
<tag>testeRequisicaoBasica</tag>
<status status="PASS" start="2024-06-09T23:14:53.810189" elapsed="0.325725"/>
</test>
<test id="s1-s1-t3" name="Validar estrutura de resposta" line="22">
<kw name="Teste de Estrutura de Resposta" owner="random-user-service">
<kw name="GET On Session" owner="RequestsLibrary">
<msg time="2024-06-09T23:14:54.250892" level="INFO">GET Request : url=https://randomuser.me/api 
 path_url=/api 
 headers={'User-Agent': 'python-requests/2.32.3', 'Accept-Encoding': 'gzip, deflate', 'Accept': '*/*', 'Connection': 'keep-alive'} 
 body=None 
 </msg>
<msg time="2024-06-09T23:14:54.250958" level="INFO">GET Response : url=https://randomuser.me/api 
 status=200, reason=OK 
 headers={'Date': 'Sun, 09 Jun 2024 23:14:54 GMT', 'Content-Type': 'application/json; charset=utf-8', 'Transfer-Encoding': 'chunked', 'Connection': 'keep-alive', 'X-Powered-By': 'Express', 'Access-Control-Allow-Origin': '*', 'Cache-Control': 'no-cache', 'ETag': 'W/"489-pygAN4PtTC6sdTNMEqykfYmarSw"', 'Vary': 'Accept-Encoding', 'Content-Encoding': 'gzip', 'CF-Cache-Status': 'DYNAMIC', 'Report-To': '{"endpoints":[{"url":"https:\\/\\/a.nel.cloudflare.com\\/report\\/v4?s=BYFolqlB%2FAkbirRQE%2BRby0ji71H7r8ovxkj4%2BMewvWSWZIIrbiyaNRZClAxxLIT4eVIeATY2HE3konCMIn3S6wYVLU88Ug3Fyb9Kw2ePh5UiNbzoUJ%2Bq%2Bn6pvQXT4j59"}],"group":"cf-nel","max_age":604800}', 'NEL': '{"success_fraction":0,"report_to":"cf-nel","max_age":604800}', 'Server': 'cloudflare', 'CF-RAY': '8914d210583ddbcc-LAX', 'alt-svc': 'h3=":443"; ma=86400'} 
 body={"results":[{"gender":"male","name":{"title":"Mr","first":"Perry","last":"Allen"},"location":{"street":{"number":8567,"name":"Westheimer Rd"},"city":"Hobart","state":"Northern Territory","country":"Australia","postcode":4206,"coordinates":{"latitude":"-83.7927","longitude":"-68.4983"},"timezone":{"offset":"-1:00","description":"Azores, Cape Verde Islands"}},"email":"perry.allen@example.com","login":{"uuid":"c06df74c-0c26-472f-a78b-745d596b616e","username":"lazyostrich526","password":"iverson","salt":"bUiyCj0P","md5":"c37e15de012910d87585318a8d384563","sha1":"15cc0d56cf70537c0fabba2d39e92992c8ff0a02","sha256":"344f1cf39f1f8271ed9dcb0a01af6492c0b98c8669461f1aae39e02a7a69ce33"},"dob":{"date":"1958-11-26T02:01:57.133Z","age":65},"registered":{"date":"2009-08-24T08:52:09.693Z","age":14},"phone":"03-6464-0390","cell":"0453-458-472","id":{"name":"TFN","value":"428730645"},"picture":{"large":"https://randomuser.me/api/portraits/men/82.jpg","medium":"https://randomuser.me/api/portraits/med/men/82.jpg","thumbnail":"https://randomuser.me/api/portraits/thumb/men/82.jpg"},"nat":"AU"}],"info":{"seed":"cb4abb78d3fb3b91","results":1,"page":1,"version":"1.4"}} 
 </msg>
<msg time="2024-06-09T23:14:54.251050" level="INFO">/opt/hostedtoolcache/Python/3.12.3/x64/lib/python3.12/site-packages/urllib3/connectionpool.py:1103: InsecureRequestWarning: Unverified HTTPS request is being made to host 'randomuser.me'. Adding certificate verification is strongly advised. See: https://urllib3.readthedocs.io/en/latest/advanced-usage.html#tls-warnings
  warnings.warn(</msg>
<msg time="2024-06-09T23:14:54.251156" level="INFO">${response} = &lt;Response [200]&gt;</msg>
<var>${response}</var>
<arg>consultarAPI</arg>
<arg>/api</arg>
<doc>Sends a GET request on a previously created HTTP Session.</doc>
<status status="PASS" start="2024-06-09T23:14:54.138464" elapsed="0.112731"/>
</kw>
<kw name="Set Variable" owner="BuiltIn">
<msg time="2024-06-09T23:14:54.252219" level="INFO">${json_data} = {'results': [{'gender': 'male', 'name': {'title': 'Mr', 'first': 'Perry', 'last': 'Allen'}, 'location': {'street': {'number': 8567, 'name': 'Westheimer Rd'}, 'city': 'Hobart', 'state': 'Northern Terri...</msg>
<var>${json_data}</var>
<arg>${response.json()}</arg>
<doc>Returns the given values which can then be assigned to a variables.</doc>
<status status="PASS" start="2024-06-09T23:14:54.251635" elapsed="0.000613"/>
</kw>
<kw name="Log" owner="BuiltIn">
<msg time="2024-06-09T23:14:54.252707" level="INFO">{'results': [{'gender': 'male', 'name': {'title': 'Mr', 'first': 'Perry', 'last': 'Allen'}, 'location': {'street': {'number': 8567, 'name': 'Westheimer Rd'}, 'city': 'Hobart', 'state': 'Northern Territory', 'country': 'Australia', 'postcode': 4206, 'coordinates': {'latitude': '-83.7927', 'longitude': '-68.4983'}, 'timezone': {'offset': '-1:00', 'description': 'Azores, Cape Verde Islands'}}, 'email': 'perry.allen@example.com', 'login': {'uuid': 'c06df74c-0c26-472f-a78b-745d596b616e', 'username': 'lazyostrich526', 'password': 'iverson', 'salt': 'bUiyCj0P', 'md5': 'c37e15de012910d87585318a8d384563', 'sha1': '15cc0d56cf70537c0fabba2d39e92992c8ff0a02', 'sha256': '344f1cf39f1f8271ed9dcb0a01af6492c0b98c8669461f1aae39e02a7a69ce33'}, 'dob': {'date': '1958-11-26T02:01:57.133Z', 'age': 65}, 'registered': {'date': '2009-08-24T08:52:09.693Z', 'age': 14}, 'phone': '03-6464-0390', 'cell': '0453-458-472', 'id': {'name': 'TFN', 'value': '428730645'}, 'picture': {'large': 'https://randomuser.me/api/portraits/men/82.jpg', 'medium': 'https://randomuser.me/api/portraits/med/men/82.jpg', 'thumbnail': 'https://randomuser.me/api/portraits/thumb/men/82.jpg'}, 'nat': 'AU'}], 'info': {'seed': 'cb4abb78d3fb3b91', 'results': 1, 'page': 1, 'version': '1.4'}}</msg>
<arg>${json_data}</arg>
<doc>Logs the given message with the given level.</doc>
<status status="PASS" start="2024-06-09T23:14:54.252551" elapsed="0.000208"/>
</kw>
<kw name="Dictionary Should Contain Key" owner="Collections">
<msg time="2024-06-09T23:14:54.253203" level="INFO">False</msg>
<arg>${json_data}</arg>
<arg>results</arg>
<doc>Fails if ``key`` is not found from ``dictionary``.</doc>
<status status="PASS" start="2024-06-09T23:14:54.253049" elapsed="0.000193"/>
</kw>
<kw name="Should Not Be Empty" owner="BuiltIn">
<msg time="2024-06-09T23:14:54.253658" level="INFO">Length is 2.</msg>
<arg>${json_data}</arg>
<doc>Verifies that the given item is not empty.</doc>
<status status="PASS" start="2024-06-09T23:14:54.253529" elapsed="0.000166"/>
</kw>
<kw name="Create List" owner="BuiltIn">
<msg time="2024-06-09T23:14:54.254278" level="INFO">${expected_keys} = ['gender', 'name', 'location', 'email', 'login']</msg>
<var>${expected_keys}</var>
<arg>gender</arg>
<arg>name</arg>
<arg>location</arg>
<arg>email</arg>
<arg>login</arg>
<doc>Returns a list containing given items.</doc>
<status status="PASS" start="2024-06-09T23:14:54.253995" elapsed="0.000308"/>
</kw>
<for flavor="IN">
<iter>
<kw name="Dictionary Should Contain Key" owner="Collections">
<msg time="2024-06-09T23:14:54.255254" level="INFO">False</msg>
<arg>${json_data['results'][0]}</arg>
<arg>${key}</arg>
<doc>Fails if ``key`` is not found from ``dictionary``.</doc>
<status status="PASS" start="2024-06-09T23:14:54.254870" elapsed="0.000421"/>
</kw>
<kw name="Log" owner="BuiltIn">
<msg time="2024-06-09T23:14:54.255958" level="INFO">{'gender': 'male', 'name': {'title': 'Mr', 'first': 'Perry', 'last': 'Allen'}, 'location': {'street': {'number': 8567, 'name': 'Westheimer Rd'}, 'city': 'Hobart', 'state': 'Northern Territory', 'country': 'Australia', 'postcode': 4206, 'coordinates': {'latitude': '-83.7927', 'longitude': '-68.4983'}, 'timezone': {'offset': '-1:00', 'description': 'Azores, Cape Verde Islands'}}, 'email': 'perry.allen@example.com', 'login': {'uuid': 'c06df74c-0c26-472f-a78b-745d596b616e', 'username': 'lazyostrich526', 'password': 'iverson', 'salt': 'bUiyCj0P', 'md5': 'c37e15de012910d87585318a8d384563', 'sha1': '15cc0d56cf70537c0fabba2d39e92992c8ff0a02', 'sha256': '344f1cf39f1f8271ed9dcb0a01af6492c0b98c8669461f1aae39e02a7a69ce33'}, 'dob': {'date': '1958-11-26T02:01:57.133Z', 'age': 65}, 'registered': {'date': '2009-08-24T08:52:09.693Z', 'age': 14}, 'phone': '03-6464-0390', 'cell': '0453-458-472', 'id': {'name': 'TFN', 'value': '428730645'}, 'picture': {'large': 'https://randomuser.me/api/portraits/men/82.jpg', 'medium': 'https://randomuser.me/api/portraits/med/men/82.jpg', 'thumbnail': 'https://randomuser.me/api/portraits/thumb/men/82.jpg'}, 'nat': 'AU'}</msg>
<arg>${json_data['results'][0]}</arg>
<doc>Logs the given message with the given level.</doc>
<status status="PASS" start="2024-06-09T23:14:54.255591" elapsed="0.000447"/>
</kw>
<kw name="Log" owner="BuiltIn">
<msg time="2024-06-09T23:14:54.256461" level="INFO">gender</msg>
<arg>${key}</arg>
<doc>Logs the given message with the given level.</doc>
<status status="PASS" start="2024-06-09T23:14:54.256335" elapsed="0.000163"/>
</kw>
<var name="${key}">gender</var>
<status status="PASS" start="2024-06-09T23:14:54.254746" elapsed="0.001963"/>
</iter>
<iter>
<kw name="Dictionary Should Contain Key" owner="Collections">
<msg time="2024-06-09T23:14:54.257382" level="INFO">False</msg>
<arg>${json_data['results'][0]}</arg>
<arg>${key}</arg>
<doc>Fails if ``key`` is not found from ``dictionary``.</doc>
<status status="PASS" start="2024-06-09T23:14:54.257004" elapsed="0.000413"/>
</kw>
<kw name="Log" owner="BuiltIn">
<msg time="2024-06-09T23:14:54.258090" level="INFO">{'gender': 'male', 'name': {'title': 'Mr', 'first': 'Perry', 'last': 'Allen'}, 'location': {'street': {'number': 8567, 'name': 'Westheimer Rd'}, 'city': 'Hobart', 'state': 'Northern Territory', 'country': 'Australia', 'postcode': 4206, 'coordinates': {'latitude': '-83.7927', 'longitude': '-68.4983'}, 'timezone': {'offset': '-1:00', 'description': 'Azores, Cape Verde Islands'}}, 'email': 'perry.allen@example.com', 'login': {'uuid': 'c06df74c-0c26-472f-a78b-745d596b616e', 'username': 'lazyostrich526', 'password': 'iverson', 'salt': 'bUiyCj0P', 'md5': 'c37e15de012910d87585318a8d384563', 'sha1': '15cc0d56cf70537c0fabba2d39e92992c8ff0a02', 'sha256': '344f1cf39f1f8271ed9dcb0a01af6492c0b98c8669461f1aae39e02a7a69ce33'}, 'dob': {'date': '1958-11-26T02:01:57.133Z', 'age': 65}, 'registered': {'date': '2009-08-24T08:52:09.693Z', 'age': 14}, 'phone': '03-6464-0390', 'cell': '0453-458-472', 'id': {'name': 'TFN', 'value': '428730645'}, 'picture': {'large': 'https://randomuser.me/api/portraits/men/82.jpg', 'medium': 'https://randomuser.me/api/portraits/med/men/82.jpg', 'thumbnail': 'https://randomuser.me/api/portraits/thumb/men/82.jpg'}, 'nat': 'AU'}</msg>
<arg>${json_data['results'][0]}</arg>
<doc>Logs the given message with the given level.</doc>
<status status="PASS" start="2024-06-09T23:14:54.257735" elapsed="0.000402"/>
</kw>
<kw name="Log" owner="BuiltIn">
<msg time="2024-06-09T23:14:54.258552" level="INFO">name</msg>
<arg>${key}</arg>
<doc>Logs the given message with the given level.</doc>
<status status="PASS" start="2024-06-09T23:14:54.258428" elapsed="0.000160"/>
</kw>
<var name="${key}">name</var>
<status status="PASS" start="2024-06-09T23:14:54.256891" elapsed="0.001912"/>
</iter>
<iter>
<kw name="Dictionary Should Contain Key" owner="Collections">
<msg time="2024-06-09T23:14:54.259460" level="INFO">False</msg>
<arg>${json_data['results'][0]}</arg>
<arg>${key}</arg>
<doc>Fails if ``key`` is not found from ``dictionary``.</doc>
<status status="PASS" start="2024-06-09T23:14:54.259086" elapsed="0.000409"/>
</kw>
<kw name="Log" owner="BuiltIn">
<msg time="2024-06-09T23:14:54.260168" level="INFO">{'gender': 'male', 'name': {'title': 'Mr', 'first': 'Perry', 'last': 'Allen'}, 'location': {'street': {'number': 8567, 'name': 'Westheimer Rd'}, 'city': 'Hobart', 'state': 'Northern Territory', 'country': 'Australia', 'postcode': 4206, 'coordinates': {'latitude': '-83.7927', 'longitude': '-68.4983'}, 'timezone': {'offset': '-1:00', 'description': 'Azores, Cape Verde Islands'}}, 'email': 'perry.allen@example.com', 'login': {'uuid': 'c06df74c-0c26-472f-a78b-745d596b616e', 'username': 'lazyostrich526', 'password': 'iverson', 'salt': 'bUiyCj0P', 'md5': 'c37e15de012910d87585318a8d384563', 'sha1': '15cc0d56cf70537c0fabba2d39e92992c8ff0a02', 'sha256': '344f1cf39f1f8271ed9dcb0a01af6492c0b98c8669461f1aae39e02a7a69ce33'}, 'dob': {'date': '1958-11-26T02:01:57.133Z', 'age': 65}, 'registered': {'date': '2009-08-24T08:52:09.693Z', 'age': 14}, 'phone': '03-6464-0390', 'cell': '0453-458-472', 'id': {'name': 'TFN', 'value': '428730645'}, 'picture': {'large': 'https://randomuser.me/api/portraits/men/82.jpg', 'medium': 'https://randomuser.me/api/portraits/med/men/82.jpg', 'thumbnail': 'https://randomuser.me/api/portraits/thumb/men/82.jpg'}, 'nat': 'AU'}</msg>
<arg>${json_data['results'][0]}</arg>
<doc>Logs the given message with the given level.</doc>
<status status="PASS" start="2024-06-09T23:14:54.259784" elapsed="0.000431"/>
</kw>
<kw name="Log" owner="BuiltIn">
<msg time="2024-06-09T23:14:54.260642" level="INFO">location</msg>
<arg>${key}</arg>
<doc>Logs the given message with the given level.</doc>
<status status="PASS" start="2024-06-09T23:14:54.260515" elapsed="0.000163"/>
</kw>
<var name="${key}">location</var>
<status status="PASS" start="2024-06-09T23:14:54.258976" elapsed="0.001916"/>
</iter>
<iter>
<kw name="Dictionary Should Contain Key" owner="Collections">
<msg time="2024-06-09T23:14:54.261557" level="INFO">False</msg>
<arg>${json_data['results'][0]}</arg>
<arg>${key}</arg>
<doc>Fails if ``key`` is not found from ``dictionary``.</doc>
<status status="PASS" start="2024-06-09T23:14:54.261176" elapsed="0.000418"/>
</kw>
<kw name="Log" owner="BuiltIn">
<msg time="2024-06-09T23:14:54.262236" level="INFO">{'gender': 'male', 'name': {'title': 'Mr', 'first': 'Perry', 'last': 'Allen'}, 'location': {'street': {'number': 8567, 'name': 'Westheimer Rd'}, 'city': 'Hobart', 'state': 'Northern Territory', 'country': 'Australia', 'postcode': 4206, 'coordinates': {'latitude': '-83.7927', 'longitude': '-68.4983'}, 'timezone': {'offset': '-1:00', 'description': 'Azores, Cape Verde Islands'}}, 'email': 'perry.allen@example.com', 'login': {'uuid': 'c06df74c-0c26-472f-a78b-745d596b616e', 'username': 'lazyostrich526', 'password': 'iverson', 'salt': 'bUiyCj0P', 'md5': 'c37e15de012910d87585318a8d384563', 'sha1': '15cc0d56cf70537c0fabba2d39e92992c8ff0a02', 'sha256': '344f1cf39f1f8271ed9dcb0a01af6492c0b98c8669461f1aae39e02a7a69ce33'}, 'dob': {'date': '1958-11-26T02:01:57.133Z', 'age': 65}, 'registered': {'date': '2009-08-24T08:52:09.693Z', 'age': 14}, 'phone': '03-6464-0390', 'cell': '0453-458-472', 'id': {'name': 'TFN', 'value': '428730645'}, 'picture': {'large': 'https://randomuser.me/api/portraits/men/82.jpg', 'medium': 'https://randomuser.me/api/portraits/med/men/82.jpg', 'thumbnail': 'https://randomuser.me/api/portraits/thumb/men/82.jpg'}, 'nat': 'AU'}</msg>
<arg>${json_data['results'][0]}</arg>
<doc>Logs the given message with the given level.</doc>
<status status="PASS" start="2024-06-09T23:14:54.261881" elapsed="0.000411"/>
</kw>
<kw name="Log" owner="BuiltIn">
<msg time="2024-06-09T23:14:54.262703" level="INFO">email</msg>
<arg>${key}</arg>
<doc>Logs the given message with the given level.</doc>
<status status="PASS" start="2024-06-09T23:14:54.262578" elapsed="0.000161"/>
</kw>
<var name="${key}">email</var>
<status status="PASS" start="2024-06-09T23:14:54.261061" elapsed="0.001887"/>
</iter>
<iter>
<kw name="Dictionary Should Contain Key" owner="Collections">
<msg time="2024-06-09T23:14:54.263603" level="INFO">False</msg>
<arg>${json_data['results'][0]}</arg>
<arg>${key}</arg>
<doc>Fails if ``key`` is not found from ``dictionary``.</doc>
<status status="PASS" start="2024-06-09T23:14:54.263225" elapsed="0.000415"/>
</kw>
<kw name="Log" owner="BuiltIn">
<msg time="2024-06-09T23:14:54.264318" level="INFO">{'gender': 'male', 'name': {'title': 'Mr', 'first': 'Perry', 'last': 'Allen'}, 'location': {'street': {'number': 8567, 'name': 'Westheimer Rd'}, 'city': 'Hobart', 'state': 'Northern Territory', 'country': 'Australia', 'postcode': 4206, 'coordinates': {'latitude': '-83.7927', 'longitude': '-68.4983'}, 'timezone': {'offset': '-1:00', 'description': 'Azores, Cape Verde Islands'}}, 'email': 'perry.allen@example.com', 'login': {'uuid': 'c06df74c-0c26-472f-a78b-745d596b616e', 'username': 'lazyostrich526', 'password': 'iverson', 'salt': 'bUiyCj0P', 'md5': 'c37e15de012910d87585318a8d384563', 'sha1': '15cc0d56cf70537c0fabba2d39e92992c8ff0a02', 'sha256': '344f1cf39f1f8271ed9dcb0a01af6492c0b98c8669461f1aae39e02a7a69ce33'}, 'dob': {'date': '1958-11-26T02:01:57.133Z', 'age': 65}, 'registered': {'date': '2009-08-24T08:52:09.693Z', 'age': 14}, 'phone': '03-6464-0390', 'cell': '0453-458-472', 'id': {'name': 'TFN', 'value': '428730645'}, 'picture': {'large': 'https://randomuser.me/api/portraits/men/82.jpg', 'medium': 'https://randomuser.me/api/portraits/med/men/82.jpg', 'thumbnail': 'https://randomuser.me/api/portraits/thumb/men/82.jpg'}, 'nat': 'AU'}</msg>
<arg>${json_data['results'][0]}</arg>
<doc>Logs the given message with the given level.</doc>
<status status="PASS" start="2024-06-09T23:14:54.263927" elapsed="0.000440"/>
</kw>
<kw name="Log" owner="BuiltIn">
<msg time="2024-06-09T23:14:54.264784" level="INFO">login</msg>
<arg>${key}</arg>
<doc>Logs the given message with the given level.</doc>
<status status="PASS" start="2024-06-09T23:14:54.264658" elapsed="0.000165"/>
</kw>
<var name="${key}">login</var>
<status status="PASS" start="2024-06-09T23:14:54.263116" elapsed="0.001945"/>
</iter>
<var>${key}</var>
<value>@{expected_keys}</value>
<status status="PASS" start="2024-06-09T23:14:54.254560" elapsed="0.010624"/>
</for>
<kw name="Create List" owner="BuiltIn">
<msg time="2024-06-09T23:14:54.265522" level="INFO">${expected_keysTwo} = ['username', 'password']</msg>
<var>${expected_keysTwo}</var>
<arg>username</arg>
<arg>password</arg>
<doc>Returns a list containing given items.</doc>
<status status="PASS" start="2024-06-09T23:14:54.265380" elapsed="0.000165"/>
</kw>
<for flavor="IN">
<iter>
<kw name="Dictionary Should Contain Key" owner="Collections">
<msg time="2024-06-09T23:14:54.266412" level="INFO">False</msg>
<arg>${json_data['results'][0]['login']}</arg>
<arg>${keyTwo}</arg>
<doc>Fails if ``key`` is not found from ``dictionary``.</doc>
<status status="PASS" start="2024-06-09T23:14:54.266031" elapsed="0.000418"/>
</kw>
<kw name="Dictionary Should Contain Key" owner="Collections">
<msg time="2024-06-09T23:14:54.267115" level="INFO">False</msg>
<arg>${json_data['results'][0]['login']}</arg>
<arg>${keyTwo}</arg>
<doc>Fails if ``key`` is not found from ``dictionary``.</doc>
<status status="PASS" start="2024-06-09T23:14:54.266736" elapsed="0.000416"/>
</kw>
<kw name="Log" owner="BuiltIn">
<msg time="2024-06-09T23:14:54.267566" level="INFO">username</msg>
<arg>${keyTwo}</arg>
<doc>Logs the given message with the given level.</doc>
<status status="PASS" start="2024-06-09T23:14:54.267441" elapsed="0.000161"/>
</kw>
<var name="${keyTwo}">username</var>
<status status="PASS" start="2024-06-09T23:14:54.265923" elapsed="0.001888"/>
</iter>
<iter>
<kw name="Dictionary Should Contain Key" owner="Collections">
<msg time="2024-06-09T23:14:54.268502" level="INFO">False</msg>
<arg>${json_data['results'][0]['login']}</arg>
<arg>${keyTwo}</arg>
<doc>Fails if ``key`` is not found from ``dictionary``.</doc>
<status status="PASS" start="2024-06-09T23:14:54.268125" elapsed="0.000414"/>
</kw>
<kw name="Dictionary Should Contain Key" owner="Collections">
<msg time="2024-06-09T23:14:54.269273" level="INFO">False</msg>
<arg>${json_data['results'][0]['login']}</arg>
<arg>${keyTwo}</arg>
<doc>Fails if ``key`` is not found from ``dictionary``.</doc>
<status status="PASS" start="2024-06-09T23:14:54.268825" elapsed="0.000486"/>
</kw>
<kw name="Log" owner="BuiltIn">
<msg time="2024-06-09T23:14:54.269727" level="INFO">password</msg>
<arg>${keyTwo}</arg>
<doc>Logs the given message with the given level.</doc>
<status status="PASS" start="2024-06-09T23:14:54.269602" elapsed="0.000161"/>
</kw>
<var name="${keyTwo}">password</var>
<status status="PASS" start="2024-06-09T23:14:54.267978" elapsed="0.001996"/>
</iter>
<var>${keyTwo}</var>
<value>@{expected_keysTwo}</value>
<status status="PASS" start="2024-06-09T23:14:54.265776" elapsed="0.004315"/>
</for>
<status status="PASS" start="2024-06-09T23:14:54.138232" elapsed="0.131992"/>
</kw>
<doc>Testa a estrutura da resposta da API.</doc>
<tag>testeEstruturaResposta</tag>
<status status="PASS" start="2024-06-09T23:14:54.137747" elapsed="0.132624"/>
</test>
<test id="s1-s1-t4" name="Validar tipos de dados" line="28">
<kw name="Teste de Tipos de Dados" owner="random-user-service">
<kw name="GET On Session" owner="RequestsLibrary">
<msg time="2024-06-09T23:14:54.367783" level="INFO">GET Request : url=https://randomuser.me/api 
 path_url=/api 
 headers={'User-Agent': 'python-requests/2.32.3', 'Accept-Encoding': 'gzip, deflate', 'Accept': '*/*', 'Connection': 'keep-alive'} 
 body=None 
 </msg>
<msg time="2024-06-09T23:14:54.367869" level="INFO">GET Response : url=https://randomuser.me/api 
 status=200, reason=OK 
 headers={'Date': 'Sun, 09 Jun 2024 23:14:54 GMT', 'Content-Type': 'application/json; charset=utf-8', 'Transfer-Encoding': 'chunked', 'Connection': 'keep-alive', 'X-Powered-By': 'Express', 'Access-Control-Allow-Origin': '*', 'Cache-Control': 'no-cache', 'ETag': 'W/"479-P27gUldMyq/CwGc4QvsjSFpka2g"', 'Vary': 'Accept-Encoding', 'Content-Encoding': 'gzip', 'CF-Cache-Status': 'DYNAMIC', 'Report-To': '{"endpoints":[{"url":"https:\\/\\/a.nel.cloudflare.com\\/report\\/v4?s=P2w%2FmoYDVTklyF7Di9CnRqI5IviO4nsv5sKzHWR8dbtJOXHiJU4lxLZq4y0jMSibPGILEiYpS0VBcEmtoL0Wu%2BwIBByPP4dSdDGyZxtsPx2U6Qe1RBKdfK3OgO0dAOe9"}],"group":"cf-nel","max_age":604800}', 'NEL': '{"success_fraction":0,"report_to":"cf-nel","max_age":604800}', 'Server': 'cloudflare', 'CF-RAY': '8914d2113937dbcc-LAX', 'alt-svc': 'h3=":443"; ma=86400'} 
 body={"results":[{"gender":"male","name":{"title":"Mr","first":"Marcus","last":"Poulsen"},"location":{"street":{"number":3939,"name":"Kirkebyvej"},"city":"Brondby","state":"Nordjylland","country":"Denmark","postcode":77724,"coordinates":{"latitude":"-42.0249","longitude":"-2.4249"},"timezone":{"offset":"+7:00","description":"Bangkok, Hanoi, Jakarta"}},"email":"marcus.poulsen@example.com","login":{"uuid":"9dc662ac-df1e-4eab-9cf5-2a23934a5439","username":"yellowgoose217","password":"romeo","salt":"29e45PQZ","md5":"2b665b60fba9653cfa75ed95bab77fe3","sha1":"606b9f0e4b9d3de3cbf2956b15733c8ff403d0bf","sha256":"e04f1b675dece2f06d70d41a0dbf4482952a83240b77741eb71c10981369d81a"},"dob":{"date":"1982-08-08T03:21:08.620Z","age":41},"registered":{"date":"2005-05-29T00:07:28.355Z","age":19},"phone":"52363225","cell":"09889370","id":{"name":"CPR","value":"070882-9875"},"picture":{"large":"https://randomuser.me/api/portraits/men/19.jpg","medium":"https://randomuser.me/api/portraits/med/men/19.jpg","thumbnail":"https://randomuser.me/api/portraits/thumb/men/19.jpg"},"nat":"DK"}],"info":{"seed":"838ff8d88f2ceb42","results":1,"page":1,"version":"1.4"}} 
 </msg>
<msg time="2024-06-09T23:14:54.367942" level="INFO">/opt/hostedtoolcache/Python/3.12.3/x64/lib/python3.12/site-packages/urllib3/connectionpool.py:1103: InsecureRequestWarning: Unverified HTTPS request is being made to host 'randomuser.me'. Adding certificate verification is strongly advised. See: https://urllib3.readthedocs.io/en/latest/advanced-usage.html#tls-warnings
  warnings.warn(</msg>
<msg time="2024-06-09T23:14:54.368087" level="INFO">${response} = &lt;Response [200]&gt;</msg>
<var>${response}</var>
<arg>consultarAPI</arg>
<arg>/api</arg>
<doc>Sends a GET request on a previously created HTTP Session.</doc>
<status status="PASS" start="2024-06-09T23:14:54.273094" elapsed="0.095036"/>
</kw>
<kw name="Set Variable" owner="BuiltIn">
<msg time="2024-06-09T23:14:54.369134" level="INFO">${json_data} = {'results': [{'gender': 'male', 'name': {'title': 'Mr', 'first': 'Marcus', 'last': 'Poulsen'}, 'location': {'street': {'number': 3939, 'name': 'Kirkebyvej'}, 'city': 'Brondby', 'state': 'Nordjylland',...</msg>
<var>${json_data}</var>
<arg>${response.json()}</arg>
<doc>Returns the given values which can then be assigned to a variables.</doc>
<status status="PASS" start="2024-06-09T23:14:54.368590" elapsed="0.000575"/>
</kw>
<kw name="Log" owner="BuiltIn">
<msg time="2024-06-09T23:14:54.369632" level="INFO">{'results': [{'gender': 'male', 'name': {'title': 'Mr', 'first': 'Marcus', 'last': 'Poulsen'}, 'location': {'street': {'number': 3939, 'name': 'Kirkebyvej'}, 'city': 'Brondby', 'state': 'Nordjylland', 'country': 'Denmark', 'postcode': 77724, 'coordinates': {'latitude': '-42.0249', 'longitude': '-2.4249'}, 'timezone': {'offset': '+7:00', 'description': 'Bangkok, Hanoi, Jakarta'}}, 'email': 'marcus.poulsen@example.com', 'login': {'uuid': '9dc662ac-df1e-4eab-9cf5-2a23934a5439', 'username': 'yellowgoose217', 'password': 'romeo', 'salt': '29e45PQZ', 'md5': '2b665b60fba9653cfa75ed95bab77fe3', 'sha1': '606b9f0e4b9d3de3cbf2956b15733c8ff403d0bf', 'sha256': 'e04f1b675dece2f06d70d41a0dbf4482952a83240b77741eb71c10981369d81a'}, 'dob': {'date': '1982-08-08T03:21:08.620Z', 'age': 41}, 'registered': {'date': '2005-05-29T00:07:28.355Z', 'age': 19}, 'phone': '52363225', 'cell': '09889370', 'id': {'name': 'CPR', 'value': '070882-9875'}, 'picture': {'large': 'https://randomuser.me/api/portraits/men/19.jpg', 'medium': 'https://randomuser.me/api/portraits/med/men/19.jpg', 'thumbnail': 'https://randomuser.me/api/portraits/thumb/men/19.jpg'}, 'nat': 'DK'}], 'info': {'seed': '838ff8d88f2ceb42', 'results': 1, 'page': 1, 'version': '1.4'}}</msg>
<arg>${json_data}</arg>
<doc>Logs the given message with the given level.</doc>
<status status="PASS" start="2024-06-09T23:14:54.369477" elapsed="0.000234"/>
</kw>
<kw name="Should Be String" owner="String">
<arg>${json_data['results'][0]['gender']}</arg>
<doc>Fails if the given ``item`` is not a string.</doc>
<status status="PASS" start="2024-06-09T23:14:54.370013" elapsed="0.000362"/>
</kw>
<kw name="Should Match Regexp" owner="BuiltIn">
<arg>${json_data['results'][0]['email']}</arg>
<arg>^[a-zA-Z0-9._%+-]+@[a-zA-Z0-9.-]+\.[a-zA-Z]{2,}$</arg>
<doc>Fails if ``string`` does not match ``pattern`` as a regular expression.</doc>
<status status="PASS" start="2024-06-09T23:14:54.370568" elapsed="0.000518"/>
</kw>
<kw name="Should Match Regexp" owner="BuiltIn">
<arg>${json_data['results'][0]['dob']['date']}</arg>
<arg>\\d{4}-\\d{2}-\\d{2}T\\d{2}:\\d{2}:\\d{2}\\.\\d{3}Z</arg>
<doc>Fails if ``string`` does not match ``pattern`` as a regular expression.</doc>
<status status="PASS" start="2024-06-09T23:14:54.371283" elapsed="0.000489"/>
</kw>
<kw name="Should Match Regexp" owner="BuiltIn">
<arg>${json_data['results'][0]['registered']['date']}</arg>
<arg>\\d{4}-\\d{2}-\\d{2}T\\d{2}:\\d{2}:\\d{2}\\.\\d{3}Z</arg>
<doc>Fails if ``string`` does not match ``pattern`` as a regular expression.</doc>
<status status="PASS" start="2024-06-09T23:14:54.371966" elapsed="0.000412"/>
</kw>
<kw name="Should Match Regexp" owner="BuiltIn">
<arg>${json_data['results'][0]['picture']['large']}</arg>
<arg>^https?://.*\.(?:png|jpe?g|gif|bmp)$</arg>
<doc>Fails if ``string`` does not match ``pattern`` as a regular expression.</doc>
<status status="PASS" start="2024-06-09T23:14:54.372571" elapsed="0.000472"/>
</kw>
<kw name="Should Match Regexp" owner="BuiltIn">
<arg>${json_data['results'][0]['picture']['medium']}</arg>
<arg>^https?://.*\.(?:png|jpe?g|gif|bmp)$</arg>
<doc>Fails if ``string`` does not match ``pattern`` as a regular expression.</doc>
<status status="PASS" start="2024-06-09T23:14:54.373237" elapsed="0.000381"/>
</kw>
<kw name="Should Match Regexp" owner="BuiltIn">
<arg>${json_data['results'][0]['picture']['thumbnail']}</arg>
<arg>^https?://.*\.(?:png|jpe?g|gif|bmp)$</arg>
<doc>Fails if ``string`` does not match ``pattern`` as a regular expression.</doc>
<status status="PASS" start="2024-06-09T23:14:54.373808" elapsed="0.000347"/>
</kw>
<kw name="Log" owner="BuiltIn">
<msg time="2024-06-09T23:14:54.374665" level="INFO">{'large': 'https://randomuser.me/api/portraits/men/19.jpg', 'medium': 'https://randomuser.me/api/portraits/med/men/19.jpg', 'thumbnail': 'https://randomuser.me/api/portraits/thumb/men/19.jpg'}</msg>
<arg>${json_data['results'][0]['picture']}</arg>
<doc>Logs the given message with the given level.</doc>
<status status="PASS" start="2024-06-09T23:14:54.374345" elapsed="0.000360"/>
</kw>
<status status="PASS" start="2024-06-09T23:14:54.272786" elapsed="0.102170"/>
</kw>
<kw name="Teste de Tipos de Dados - Postcode" owner="random-user-service">
<kw name="GET On Session" owner="RequestsLibrary">
<msg time="2024-06-09T23:14:54.477678" level="INFO">GET Request : url=https://randomuser.me/api 
 path_url=/api 
 headers={'User-Agent': 'python-requests/2.32.3', 'Accept-Encoding': 'gzip, deflate', 'Accept': '*/*', 'Connection': 'keep-alive'} 
 body=None 
 </msg>
<msg time="2024-06-09T23:14:54.477763" level="INFO">GET Response : url=https://randomuser.me/api 
 status=200, reason=OK 
 headers={'Date': 'Sun, 09 Jun 2024 23:14:54 GMT', 'Content-Type': 'application/json; charset=utf-8', 'Transfer-Encoding': 'chunked', 'Connection': 'keep-alive', 'X-Powered-By': 'Express', 'Access-Control-Allow-Origin': '*', 'Cache-Control': 'no-cache', 'ETag': 'W/"485-jys3TG046HRvzRFawqh8IzyijjQ"', 'Vary': 'Accept-Encoding', 'Content-Encoding': 'gzip', 'CF-Cache-Status': 'DYNAMIC', 'Report-To': '{"endpoints":[{"url":"https:\\/\\/a.nel.cloudflare.com\\/report\\/v4?s=WzRPDolVOzG4NbOt8s7UEX7bEu3aycVg0nu1TPrAoSqN38zPWyGucu6JAuRZkOBpcCMKetljLNsyLJQShA5q%2BvFaJ6YiTKrbMt5sC8a8H10AioOsNuU%2B%2BSOeUiK1Er%2Bw"}],"group":"cf-nel","max_age":604800}', 'NEL': '{"success_fraction":0,"report_to":"cf-nel","max_age":604800}', 'Server': 'cloudflare', 'CF-RAY': '8914d211da24dbcc-LAX', 'alt-svc': 'h3=":443"; ma=86400'} 
 body={"results":[{"gender":"female","name":{"title":"Miss","first":"Rostichara","last":"Ohrimenko"},"location":{"street":{"number":7202,"name":"Bulvar Druzhbi narodiv"},"city":"Druzhba","state":"Kiyivska","country":"Ukraine","postcode":96403,"coordinates":{"latitude":"80.5384","longitude":"108.7751"},"timezone":{"offset":"+4:30","description":"Kabul"}},"email":"rostichara.ohrimenko@example.com","login":{"uuid":"ba1ab546-fe1c-40b5-b917-fabb7aba8a74","username":"heavyzebra715","password":"abacab","salt":"4fXaTwTI","md5":"fc871f3c013acf263a9ed8edca77c8b6","sha1":"c66ad700a06a6b61fa70063a88cf883aa7898eee","sha256":"2e5c31a9c369ae4f12a362fc8a49870368e54334d4e8abfdf3e920ae6b270652"},"dob":{"date":"1986-06-21T00:19:48.464Z","age":37},"registered":{"date":"2016-04-12T00:55:16.721Z","age":8},"phone":"(097) S65-6420","cell":"(096) Y94-6210","id":{"name":"","value":null},"picture":{"large":"https://randomuser.me/api/portraits/women/47.jpg","medium":"https://randomuser.me/api/portraits/med/women/47.jpg","thumbnail":"https://randomuser.me/api/portraits/thumb/women/47.jpg"},"nat":"UA"}],"info":{"seed":"7529efd7eca830e2","results":1,"page":1,"version":"1.4"}} 
 </msg>
<msg time="2024-06-09T23:14:54.477834" level="INFO">/opt/hostedtoolcache/Python/3.12.3/x64/lib/python3.12/site-packages/urllib3/connectionpool.py:1103: InsecureRequestWarning: Unverified HTTPS request is being made to host 'randomuser.me'. Adding certificate verification is strongly advised. See: https://urllib3.readthedocs.io/en/latest/advanced-usage.html#tls-warnings
  warnings.warn(</msg>
<msg time="2024-06-09T23:14:54.477964" level="INFO">${response} = &lt;Response [200]&gt;</msg>
<var>${response}</var>
<arg>consultarAPI</arg>
<arg>/api</arg>
<doc>Sends a GET request on a previously created HTTP Session.</doc>
<status status="PASS" start="2024-06-09T23:14:54.375385" elapsed="0.102630"/>
</kw>
<kw name="Set Variable" owner="BuiltIn">
<msg time="2024-06-09T23:14:54.479053" level="INFO">${json_data} = {'results': [{'gender': 'female', 'name': {'title': 'Miss', 'first': 'Rostichara', 'last': 'Ohrimenko'}, 'location': {'street': {'number': 7202, 'name': 'Bulvar Druzhbi narodiv'}, 'city': 'Druzhba', '...</msg>
<var>${json_data}</var>
<arg>${response.json()}</arg>
<doc>Returns the given values which can then be assigned to a variables.</doc>
<status status="PASS" start="2024-06-09T23:14:54.478514" elapsed="0.000571"/>
</kw>
<kw name="Log" owner="BuiltIn">
<msg time="2024-06-09T23:14:54.479555" level="INFO">{'results': [{'gender': 'female', 'name': {'title': 'Miss', 'first': 'Rostichara', 'last': 'Ohrimenko'}, 'location': {'street': {'number': 7202, 'name': 'Bulvar Druzhbi narodiv'}, 'city': 'Druzhba', 'state': 'Kiyivska', 'country': 'Ukraine', 'postcode': 96403, 'coordinates': {'latitude': '80.5384', 'longitude': '108.7751'}, 'timezone': {'offset': '+4:30', 'description': 'Kabul'}}, 'email': 'rostichara.ohrimenko@example.com', 'login': {'uuid': 'ba1ab546-fe1c-40b5-b917-fabb7aba8a74', 'username': 'heavyzebra715', 'password': 'abacab', 'salt': '4fXaTwTI', 'md5': 'fc871f3c013acf263a9ed8edca77c8b6', 'sha1': 'c66ad700a06a6b61fa70063a88cf883aa7898eee', 'sha256': '2e5c31a9c369ae4f12a362fc8a49870368e54334d4e8abfdf3e920ae6b270652'}, 'dob': {'date': '1986-06-21T00:19:48.464Z', 'age': 37}, 'registered': {'date': '2016-04-12T00:55:16.721Z', 'age': 8}, 'phone': '(097) S65-6420', 'cell': '(096) Y94-6210', 'id': {'name': '', 'value': None}, 'picture': {'large': 'https://randomuser.me/api/portraits/women/47.jpg', 'medium': 'https://randomuser.me/api/portraits/med/women/47.jpg', 'thumbnail': 'https://randomuser.me/api/portraits/thumb/women/47.jpg'}, 'nat': 'UA'}], 'info': {'seed': '7529efd7eca830e2', 'results': 1, 'page': 1, 'version': '1.4'}}</msg>
<arg>${json_data}</arg>
<doc>Logs the given message with the given level.</doc>
<status status="PASS" start="2024-06-09T23:14:54.479396" elapsed="0.000238"/>
</kw>
<kw name="Should Be Equal As Numbers" owner="BuiltIn">
<arg>${json_data['results'][0]['location']['postcode']}</arg>
<arg>${json_data['results'][0]['location']['postcode']}</arg>
<doc>Fails if objects are unequal after converting them to real numbers.</doc>
<status status="PASS" start="2024-06-09T23:14:54.479939" elapsed="0.000802"/>
</kw>
<kw name="Log" owner="BuiltIn">
<msg time="2024-06-09T23:14:54.481276" level="INFO">96403</msg>
<arg>${json_data['results'][0]['location']['postcode']}</arg>
<doc>Logs the given message with the given level.</doc>
<status status="PASS" start="2024-06-09T23:14:54.480937" elapsed="0.000380"/>
</kw>
<status status="PASS" start="2024-06-09T23:14:54.375167" elapsed="0.106400"/>
</kw>
<doc>Testa se os tipos de dados na resposta da API estão corretos.</doc>
<tag>testeTiposDados</tag>
<status status="PASS" start="2024-06-09T23:14:54.272160" elapsed="0.209566"/>
</test>
<test id="s1-s1-t5" name="Validar conteudo" line="35">
<kw name="Teste de Tipos de Conteudo" owner="random-user-service">
<kw name="GET On Session" owner="RequestsLibrary">
<msg time="2024-06-09T23:14:54.580518" level="INFO">GET Request : url=https://randomuser.me/api 
 path_url=/api 
 headers={'User-Agent': 'python-requests/2.32.3', 'Accept-Encoding': 'gzip, deflate', 'Accept': '*/*', 'Connection': 'keep-alive'} 
 body=None 
 </msg>
<msg time="2024-06-09T23:14:54.580583" level="INFO">GET Response : url=https://randomuser.me/api 
 status=200, reason=OK 
 headers={'Date': 'Sun, 09 Jun 2024 23:14:54 GMT', 'Content-Type': 'application/json; charset=utf-8', 'Transfer-Encoding': 'chunked', 'Connection': 'keep-alive', 'X-Powered-By': 'Express', 'Access-Control-Allow-Origin': '*', 'Cache-Control': 'no-cache', 'ETag': 'W/"484-krsrtZ8gKJ7cEL+6xBTWxLtKptQ"', 'Vary': 'Accept-Encoding', 'Content-Encoding': 'gzip', 'CF-Cache-Status': 'DYNAMIC', 'Report-To': '{"endpoints":[{"url":"https:\\/\\/a.nel.cloudflare.com\\/report\\/v4?s=vIUsn%2Bs0J2GZY5VgD4chYRerWCAtwyiP7mwS1GQYp9%2BrlFqCLr2j7whyJL0YirKOru0Dys%2FvzsUnKeRRb0Z2yvdh7NjviBY%2Bdgxvb%2BQEkDUiwtVKR3aiVw4TJkcgLyCr"}],"group":"cf-nel","max_age":604800}', 'NEL': '{"success_fraction":0,"report_to":"cf-nel","max_age":604800}', 'Server': 'cloudflare', 'CF-RAY': '8914d2128b38dbcc-LAX', 'alt-svc': 'h3=":443"; ma=86400'} 
 body={"results":[{"gender":"female","name":{"title":"Ms","first":"Anna","last":"Roux"},"location":{"street":{"number":6083,"name":"Rue Docteur-Bonhomme"},"city":"Lille","state":"Lozère","country":"France","postcode":29395,"coordinates":{"latitude":"-13.7703","longitude":"9.4992"},"timezone":{"offset":"-12:00","description":"Eniwetok, Kwajalein"}},"email":"anna.roux@example.com","login":{"uuid":"1fb09c69-3514-4934-817a-5b9b92ea64f3","username":"redfrog731","password":"julio","salt":"vhrJnqse","md5":"6666b5185c7fcc50536aa80844c574f7","sha1":"f066a64d278c3a562a8561dc5b3644cf67972919","sha256":"a4a753c9394494b43e2331d7ae5ef9c25dc560fcf495c680fd64b4cd7cdba304"},"dob":{"date":"1977-03-13T08:27:29.908Z","age":47},"registered":{"date":"2016-06-04T19:47:07.521Z","age":8},"phone":"01-96-33-91-40","cell":"06-84-06-75-21","id":{"name":"INSEE","value":"2770250433522 18"},"picture":{"large":"https://randomuser.me/api/portraits/women/58.jpg","medium":"https://randomuser.me/api/portraits/med/women/58.jpg","thumbnail":"https://randomuser.me/api/portraits/thumb/women/58.jpg"},"nat":"FR"}],"info":{"seed":"e2d385b2aee10b1b","results":1,"page":1,"version":"1.4"}} 
 </msg>
<msg time="2024-06-09T23:14:54.580640" level="INFO">/opt/hostedtoolcache/Python/3.12.3/x64/lib/python3.12/site-packages/urllib3/connectionpool.py:1103: InsecureRequestWarning: Unverified HTTPS request is being made to host 'randomuser.me'. Adding certificate verification is strongly advised. See: https://urllib3.readthedocs.io/en/latest/advanced-usage.html#tls-warnings
  warnings.warn(</msg>
<msg time="2024-06-09T23:14:54.580729" level="INFO">${response} = &lt;Response [200]&gt;</msg>
<var>${response}</var>
<arg>consultarAPI</arg>
<arg>/api</arg>
<doc>Sends a GET request on a previously created HTTP Session.</doc>
<status status="PASS" start="2024-06-09T23:14:54.484568" elapsed="0.096204"/>
</kw>
<kw name="Set Variable" owner="BuiltIn">
<msg time="2024-06-09T23:14:54.581781" level="INFO">${json_data} = {'results': [{'gender': 'female', 'name': {'title': 'Ms', 'first': 'Anna', 'last': 'Roux'}, 'location': {'street': {'number': 6083, 'name': 'Rue Docteur-Bonhomme'}, 'city': 'Lille', 'state': 'Lozère',...</msg>
<var>${json_data}</var>
<arg>${response.json()}</arg>
<doc>Returns the given values which can then be assigned to a variables.</doc>
<status status="PASS" start="2024-06-09T23:14:54.581228" elapsed="0.000583"/>
</kw>
<kw name="Set Variable" owner="BuiltIn">
<msg time="2024-06-09T23:14:54.582517" level="INFO">${name_title} = Ms</msg>
<var>${name_title}</var>
<arg>${json_data["results"][0]["name"]["title"]}</arg>
<doc>Returns the given values which can then be assigned to a variables.</doc>
<status status="PASS" start="2024-06-09T23:14:54.582129" elapsed="0.000415"/>
</kw>
<kw name="Create List" owner="BuiltIn">
<msg time="2024-06-09T23:14:54.582996" level="INFO">${allowed_titles} = ['Mr', 'Ms', 'Miss', 'Mrs', 'Madame', 'Monsieur']</msg>
<var>${allowed_titles}</var>
<arg>Mr</arg>
<arg>Ms</arg>
<arg>Miss</arg>
<arg>Mrs</arg>
<arg>Madame</arg>
<arg>Monsieur</arg>
<doc>Returns a list containing given items.</doc>
<status status="PASS" start="2024-06-09T23:14:54.582845" elapsed="0.000175"/>
</kw>
<kw name="List Should Contain Value" owner="Collections">
<msg time="2024-06-09T23:14:54.583503" level="INFO">False</msg>
<arg>${allowed_titles}</arg>
<arg>${name_title}</arg>
<doc>Fails if the ``value`` is not found from ``list``.</doc>
<status status="PASS" start="2024-06-09T23:14:54.583326" elapsed="0.000215"/>
</kw>
<kw name="Set Variable" owner="BuiltIn">
<msg time="2024-06-09T23:14:54.584251" level="INFO">${name_country} = FR</msg>
<var>${name_country}</var>
<arg>${json_data["results"][0]["nat"]}</arg>
<doc>Returns the given values which can then be assigned to a variables.</doc>
<status status="PASS" start="2024-06-09T23:14:54.583828" elapsed="0.000449"/>
</kw>
<kw name="Create List" owner="BuiltIn">
<msg time="2024-06-09T23:14:54.585177" level="INFO">${list_country} = ['AD', 'AE', 'AF', 'AG', 'AI', 'AL', 'AM', 'AO', 'AQ', 'AR', 'AS', 'AT', 'AU', 'AW', 'AX', 'AZ', 'BA', 'BB', 'BD', 'BE', 'BF', 'BG', 'BH', 'BI', 'BJ', 'BL', 'BM', 'BN', 'BO', 'BQ', 'BR', 'BS', 'BT', '...</msg>
<var>${list_country}</var>
<arg>AD</arg>
<arg>AE</arg>
<arg>AF</arg>
<arg>AG</arg>
<arg>AI</arg>
<arg>AL</arg>
<arg>AM</arg>
<arg>AO</arg>
<arg>AQ</arg>
<arg>AR</arg>
<arg>AS</arg>
<arg>AT</arg>
<arg>AU</arg>
<arg>AW</arg>
<arg>AX</arg>
<arg>AZ</arg>
<arg>BA</arg>
<arg>BB</arg>
<arg>BD</arg>
<arg>BE</arg>
<arg>BF</arg>
<arg>BG</arg>
<arg>BH</arg>
<arg>BI</arg>
<arg>BJ</arg>
<arg>BL</arg>
<arg>BM</arg>
<arg>BN</arg>
<arg>BO</arg>
<arg>BQ</arg>
<arg>BR</arg>
<arg>BS</arg>
<arg>BT</arg>
<arg>BV</arg>
<arg>BW</arg>
<arg>BY</arg>
<arg>BZ</arg>
<arg>CA</arg>
<arg>CC</arg>
<arg>CD</arg>
<arg>CF</arg>
<arg>CG</arg>
<arg>CH</arg>
<arg>CI</arg>
<arg>CK</arg>
<arg>CL</arg>
<arg>CM</arg>
<arg>CN</arg>
<arg>CO</arg>
<arg>CR</arg>
<arg>CU</arg>
<arg>CV</arg>
<arg>CW</arg>
<arg>CX</arg>
<arg>CY</arg>
<arg>CZ</arg>
<arg>DE</arg>
<arg>DJ</arg>
<arg>DK</arg>
<arg>DM</arg>
<arg>DO</arg>
<arg>DZ</arg>
<arg>EC</arg>
<arg>EE</arg>
<arg>EG</arg>
<arg>EH</arg>
<arg>ER</arg>
<arg>ES</arg>
<arg>ET</arg>
<arg>FI</arg>
<arg>FJ</arg>
<arg>FK</arg>
<arg>FM</arg>
<arg>FO</arg>
<arg>FR</arg>
<arg>GA</arg>
<arg>GB</arg>
<arg>GD</arg>
<arg>GE</arg>
<arg>GF</arg>
<arg>GG</arg>
<arg>GH</arg>
<arg>GI</arg>
<arg>GL</arg>
<arg>GM</arg>
<arg>GN</arg>
<arg>GP</arg>
<arg>GQ</arg>
<arg>GR</arg>
<arg>GS</arg>
<arg>GT</arg>
<arg>GU</arg>
<arg>GW</arg>
<arg>GY</arg>
<arg>HK</arg>
<arg>HM</arg>
<arg>HN</arg>
<arg>HR</arg>
<arg>HT</arg>
<arg>HU</arg>
<arg>ID</arg>
<arg>IE</arg>
<arg>IL</arg>
<arg>IM</arg>
<arg>IN</arg>
<arg>IO</arg>
<arg>IQ</arg>
<arg>IR</arg>
<arg>IS</arg>
<arg>IT</arg>
<arg>JE</arg>
<arg>JM</arg>
<arg>JO</arg>
<arg>JP</arg>
<arg>KE</arg>
<arg>KG</arg>
<arg>KH</arg>
<arg>KI</arg>
<arg>KM</arg>
<arg>KN</arg>
<arg>KP</arg>
<arg>KR</arg>
<arg>KW</arg>
<arg>KY</arg>
<arg>KZ</arg>
<arg>LA</arg>
<arg>LB</arg>
<arg>LC</arg>
<arg>LI</arg>
<arg>LK</arg>
<arg>LR</arg>
<arg>LS</arg>
<arg>LT</arg>
<arg>LU</arg>
<arg>LV</arg>
<arg>LY</arg>
<arg>MA</arg>
<arg>MC</arg>
<arg>MD</arg>
<arg>ME</arg>
<arg>MF</arg>
<arg>MG</arg>
<arg>MH</arg>
<arg>MK</arg>
<arg>ML</arg>
<arg>MM</arg>
<arg>MN</arg>
<arg>MO</arg>
<arg>MP</arg>
<arg>MQ</arg>
<arg>MR</arg>
<arg>MS</arg>
<arg>MT</arg>
<arg>MU</arg>
<arg>MV</arg>
<arg>MW</arg>
<arg>MX</arg>
<arg>MY</arg>
<arg>MZ</arg>
<arg>NA</arg>
<arg>NC</arg>
<arg>NE</arg>
<arg>NF</arg>
<arg>NG</arg>
<arg>NI</arg>
<arg>NL</arg>
<arg>NO</arg>
<arg>NP</arg>
<arg>NR</arg>
<arg>NU</arg>
<arg>NZ</arg>
<arg>OM</arg>
<arg>PA</arg>
<arg>PE</arg>
<arg>PF</arg>
<arg>PG</arg>
<arg>PH</arg>
<arg>PK</arg>
<arg>PL</arg>
<arg>PM</arg>
<arg>PN</arg>
<arg>PR</arg>
<arg>PS</arg>
<arg>PT</arg>
<arg>PW</arg>
<arg>PY</arg>
<arg>QA</arg>
<arg>RE</arg>
<arg>RO</arg>
<arg>RS</arg>
<arg>RU</arg>
<arg>RW</arg>
<arg>SA</arg>
<arg>SB</arg>
<arg>SC</arg>
<arg>SD</arg>
<arg>SE</arg>
<arg>SG</arg>
<arg>SH</arg>
<arg>SI</arg>
<arg>SJ</arg>
<arg>SK</arg>
<arg>SL</arg>
<arg>SM</arg>
<arg>SN</arg>
<arg>SO</arg>
<arg>SR</arg>
<arg>SS</arg>
<arg>ST</arg>
<arg>SV</arg>
<arg>SX</arg>
<arg>SY</arg>
<arg>SZ</arg>
<arg>TC</arg>
<arg>TD</arg>
<arg>TF</arg>
<arg>TG</arg>
<arg>TH</arg>
<arg>TJ</arg>
<arg>TK</arg>
<arg>TL</arg>
<arg>TM</arg>
<arg>TN</arg>
<arg>TO</arg>
<arg>TR</arg>
<arg>TT</arg>
<arg>TV</arg>
<arg>TW</arg>
<arg>TZ</arg>
<arg>UA</arg>
<arg>UG</arg>
<arg>UM</arg>
<arg>US</arg>
<arg>UY</arg>
<arg>UZ</arg>
<arg>VA</arg>
<arg>VC</arg>
<arg>VE</arg>
<arg>VG</arg>
<arg>VI</arg>
<arg>VN</arg>
<arg>VU</arg>
<arg>WF</arg>
<arg>WS</arg>
<arg>XK</arg>
<arg>YE</arg>
<arg>YT</arg>
<arg>ZA</arg>
<arg>ZM</arg>
<arg>ZW</arg>
<doc>Returns a list containing given items.</doc>
<status status="PASS" start="2024-06-09T23:14:54.584583" elapsed="0.000619"/>
</kw>
<kw name="List Should Contain Value" owner="Collections">
<msg time="2024-06-09T23:14:54.586193" level="INFO">False</msg>
<arg>${list_country}</arg>
<arg>${name_country}</arg>
<doc>Fails if the ``value`` is not found from ``list``.</doc>
<status status="PASS" start="2024-06-09T23:14:54.585982" elapsed="0.000249"/>
</kw>
<kw name="Run Keyword If" owner="BuiltIn">
<kw name="Should Be True" owner="BuiltIn">
<arg>${True}</arg>
<doc>Fails if the given condition is not true.</doc>
<status status="PASS" start="2024-06-09T23:14:54.587277" elapsed="0.000143"/>
</kw>
<arg>${json_data["results"][0]["location"]["coordinates"]["latitude"]} &gt;= -90 and ${json_data["results"][0]["location"]["coordinates"]["latitude"]} &lt;= 90</arg>
<arg>Should Be True</arg>
<arg>${True}</arg>
<doc>Runs the given keyword with the given arguments, if ``condition`` is true.</doc>
<status status="PASS" start="2024-06-09T23:14:54.586541" elapsed="0.001006"/>
</kw>
<kw name="Run Keyword If" owner="BuiltIn">
<kw name="Should Be True" owner="BuiltIn">
<arg>${True}</arg>
<doc>Fails if the given condition is not true.</doc>
<status status="PASS" start="2024-06-09T23:14:54.588475" elapsed="0.000249"/>
</kw>
<arg>${json_data["results"][0]["location"]["coordinates"]["longitude"]} &gt;= -180 and ${json_data["results"][0]["location"]["coordinates"]["longitude"]} &lt;= 180</arg>
<arg>Should Be True</arg>
<arg>${True}</arg>
<doc>Runs the given keyword with the given arguments, if ``condition`` is true.</doc>
<status status="PASS" start="2024-06-09T23:14:54.587733" elapsed="0.001121"/>
</kw>
<status status="PASS" start="2024-06-09T23:14:54.484193" elapsed="0.104793"/>
</kw>
<doc>Testa o conteúdo específico dos campos retornados pela API.</doc>
<tag>testeConteudo</tag>
<status status="PASS" start="2024-06-09T23:14:54.483495" elapsed="0.105636"/>
</test>
<status status="PASS" start="2024-06-09T23:14:53.466043" elapsed="1.125031"/>
</suite>
<status status="PASS" start="2024-06-09T23:14:53.452319" elapsed="1.143925"/>
</suite>
<statistics>
<total>
<stat pass="5" fail="0" skip="0">All Tests</stat>
</total>
<tag>
<stat pass="1" fail="0" skip="0">testeConteudo</stat>
<stat pass="1" fail="0" skip="0">testeEstruturaResposta</stat>
<stat pass="1" fail="0" skip="0">testeRequisicaoBasica</stat>
<stat pass="1" fail="0" skip="0">testeTiposDados</stat>
</tag>
<suite>
<stat pass="5" fail="0" skip="0" id="s1" name="Tests">Tests</stat>
<stat pass="5" fail="0" skip="0" id="s1-s1" name="Random-User-Test">Tests.Random-User-Test</stat>
</suite>
</statistics>
<errors>
</errors>
</robot>
