<?xml version="1.0" encoding="UTF-8"?>
<robot generator="Robot 7.0 (Python 3.12.3 on linux)" generated="2024-05-16T02:27:07.412025" rpa="false" schemaversion="5">
<suite id="s1" name="Tests" source="/home/runner/work/DesafioQAItauRogerioJordao/DesafioQAItauRogerioJordao/RamdonUser/tests">
<suite id="s1-s1" name="Random-User-Test" source="/home/runner/work/DesafioQAItauRogerioJordao/DesafioQAItauRogerioJordao/RamdonUser/tests/random-user-test.robot">
<test id="s1-s1-t1" name="Conectar" line="13">
<kw name="Conectar API" owner="random-user-service">
<kw name="Create Session" owner="RequestsLibrary">
<msg time="2024-05-16T02:27:07.766247" level="INFO">Creating Session using : alias=consultarAPI, url=https://randomuser.me/, headers={},                     cookies={}, auth=None, timeout=None, proxies=None, verify=False,                     debug=0 </msg>
<arg>consultarAPI</arg>
<arg>${URL}</arg>
<doc>Create Session: create a HTTP session to a server</doc>
<status status="PASS" start="2024-05-16T02:27:07.766052" elapsed="0.000391"/>
</kw>
<status status="PASS" start="2024-05-16T02:27:07.765123" elapsed="0.001665"/>
</kw>
<status status="PASS" start="2024-05-16T02:27:07.764544" elapsed="0.002439"/>
</test>
<test id="s1-s1-t2" name="Validar retorno 200 e JSON Válido" line="16">
<kw name="Teste de Requisicao Basica" owner="random-user-service">
<kw name="GET On Session" owner="RequestsLibrary">
<msg time="2024-05-16T02:27:07.851828" level="INFO">GET Request : url=https://randomuser.me/api 
 path_url=/api 
 headers={'User-Agent': 'python-requests/2.31.0', 'Accept-Encoding': 'gzip, deflate', 'Accept': '*/*', 'Connection': 'keep-alive'} 
 body=None 
 </msg>
<msg time="2024-05-16T02:27:07.851946" level="INFO">GET Response : url=https://randomuser.me/api 
 status=200, reason=OK 
 headers={'Date': 'Thu, 16 May 2024 02:27:07 GMT', 'Content-Type': 'application/json; charset=utf-8', 'Transfer-Encoding': 'chunked', 'Connection': 'keep-alive', 'X-Powered-By': 'Express', 'Access-Control-Allow-Origin': '*', 'Cache-Control': 'no-cache', 'ETag': 'W/"473-nZ3KjBZ/7TwEeZ+m0cA/c27eTm0"', 'Vary': 'Accept-Encoding', 'Content-Encoding': 'gzip', 'CF-Cache-Status': 'DYNAMIC', 'Report-To': '{"endpoints":[{"url":"https:\\/\\/a.nel.cloudflare.com\\/report\\/v4?s=6MKgDbYk5xTVIjrzmyiAACD70ZhnEhwU8wgAp%2B1GI7us5GDaDkn5QyRVGMC6yrYxHLFd4vcXlBgAt1qxL4QaVjlPhPwYom0ALwukICXRRWXE%2FHcoz5Q5YfdH47QltjRU"}],"group":"cf-nel","max_age":604800}', 'NEL': '{"success_fraction":0,"report_to":"cf-nel","max_age":604800}', 'Server': 'cloudflare', 'CF-RAY': '8847ed45c9988242-IAD', 'alt-svc': 'h3=":443"; ma=86400'} 
 body={"results":[{"gender":"female","name":{"title":"Ms","first":"Chaithra","last":"Saha"},"location":{"street":{"number":5584,"name":"Sampige Rd"},"city":"Avadi","state":"Chhattisgarh","country":"India","postcode":13415,"coordinates":{"latitude":"10.2249","longitude":"152.3924"},"timezone":{"offset":"+3:30","description":"Tehran"}},"email":"chaithra.saha@example.com","login":{"uuid":"2cd98c12-0ab9-4de3-9c2f-cddfd57ba839","username":"yellowrabbit853","password":"blunts","salt":"NTLZ3oMX","md5":"35b44f532ba23e229b23264255055948","sha1":"27e551e3e131c4b915b20c538eee2f9ccec2825a","sha256":"b4498db89ec3a527b332dfe157a16cf89e3a978d9e33b1f5fc3e3d37daaf220b"},"dob":{"date":"1993-12-03T06:14:52.098Z","age":30},"registered":{"date":"2021-09-18T13:37:10.781Z","age":2},"phone":"8466526349","cell":"8294498482","id":{"name":"UIDAI","value":"153067699413"},"picture":{"large":"https://randomuser.me/api/portraits/women/83.jpg","medium":"https://randomuser.me/api/portraits/med/women/83.jpg","thumbnail":"https://randomuser.me/api/portraits/thumb/women/83.jpg"},"nat":"IN"}],"info":{"seed":"59d82c440da09065","results":1,"page":1,"version":"1.4"}} 
 </msg>
<msg time="2024-05-16T02:27:07.852025" level="INFO">/opt/hostedtoolcache/Python/3.12.3/x64/lib/python3.12/site-packages/urllib3/connectionpool.py:1103: InsecureRequestWarning: Unverified HTTPS request is being made to host 'randomuser.me'. Adding certificate verification is strongly advised. See: https://urllib3.readthedocs.io/en/latest/advanced-usage.html#tls-warnings
  warnings.warn(</msg>
<msg time="2024-05-16T02:27:07.852169" level="INFO">${response} = &lt;Response [200]&gt;</msg>
<var>${response}</var>
<arg>consultarAPI</arg>
<arg>/api</arg>
<doc>Sends a GET request on a previously created HTTP Session.</doc>
<status status="PASS" start="2024-05-16T02:27:07.769614" elapsed="0.082604"/>
</kw>
<kw name="Should Be Equal As Numbers" owner="BuiltIn">
<msg time="2024-05-16T02:27:07.853230" level="INFO">Argument types are:
&lt;class 'int'&gt;
&lt;class 'str'&gt;</msg>
<arg>${response.status_code}</arg>
<arg>200</arg>
<doc>Fails if objects are unequal after converting them to real numbers.</doc>
<status status="PASS" start="2024-05-16T02:27:07.852748" elapsed="0.000545"/>
</kw>
<kw name="Log" owner="BuiltIn">
<msg time="2024-05-16T02:27:07.853987" level="INFO">200</msg>
<arg>${response.status_code}</arg>
<doc>Logs the given message with the given level.</doc>
<status status="PASS" start="2024-05-16T02:27:07.853636" elapsed="0.000394"/>
</kw>
<kw name="Set Variable" owner="BuiltIn">
<msg time="2024-05-16T02:27:07.854835" level="INFO">${json_data} = {'results': [{'gender': 'female', 'name': {'title': 'Ms', 'first': 'Chaithra', 'last': 'Saha'}, 'location': {'street': {'number': 5584, 'name': 'Sampige Rd'}, 'city': 'Avadi', 'state': 'Chhattisgarh',...</msg>
<var>${json_data}</var>
<arg>${response.json()}</arg>
<doc>Returns the given values which can then be assigned to a variables.</doc>
<status status="PASS" start="2024-05-16T02:27:07.854386" elapsed="0.000478"/>
</kw>
<kw name="Dictionary Should Contain Key" owner="Collections">
<msg time="2024-05-16T02:27:07.855335" level="INFO">False</msg>
<arg>${json_data}</arg>
<arg>results</arg>
<doc>Fails if ``key`` is not found from ``dictionary``.</doc>
<status status="PASS" start="2024-05-16T02:27:07.855170" elapsed="0.000204"/>
</kw>
<status status="PASS" start="2024-05-16T02:27:07.769370" elapsed="0.086254"/>
</kw>
<doc>Testa se a API responde corretamente e retorna um objeto JSON válido.</doc>
<tag>testeRequisicaoBasica</tag>
<status status="PASS" start="2024-05-16T02:27:07.768844" elapsed="0.086947"/>
</test>
<test id="s1-s1-t3" name="Validar estrutura de resposta" line="22">
<kw name="Teste de Estrutura de Resposta" owner="random-user-service">
<kw name="GET On Session" owner="RequestsLibrary">
<msg time="2024-05-16T02:27:07.969762" level="INFO">GET Request : url=https://randomuser.me/api 
 path_url=/api 
 headers={'User-Agent': 'python-requests/2.31.0', 'Accept-Encoding': 'gzip, deflate', 'Accept': '*/*', 'Connection': 'keep-alive'} 
 body=None 
 </msg>
<msg time="2024-05-16T02:27:07.969844" level="INFO">GET Response : url=https://randomuser.me/api 
 status=200, reason=OK 
 headers={'Date': 'Thu, 16 May 2024 02:27:07 GMT', 'Content-Type': 'application/json; charset=utf-8', 'Transfer-Encoding': 'chunked', 'Connection': 'keep-alive', 'X-Powered-By': 'Express', 'Access-Control-Allow-Origin': '*', 'Cache-Control': 'no-cache', 'ETag': 'W/"4a7-aJulxSqnHEW1KpPOCQ05x19H9MY"', 'Vary': 'Accept-Encoding', 'Content-Encoding': 'gzip', 'CF-Cache-Status': 'DYNAMIC', 'Report-To': '{"endpoints":[{"url":"https:\\/\\/a.nel.cloudflare.com\\/report\\/v4?s=n%2BF8w6Kx%2B6Zgg3woy%2BrrGwGENJk0U5PB7%2FqVrpxt9NCmBqdDcEPeil8MdhCGjpwOPJ4%2FhW3RUIblsavgmmec%2FwoO7gQYwr2%2FUHZlE7WaZipkk1omVX4Qk2QIbB5x%2FmFC"}],"group":"cf-nel","max_age":604800}', 'NEL': '{"success_fraction":0,"report_to":"cf-nel","max_age":604800}', 'Server': 'cloudflare', 'CF-RAY': '8847ed4629f38242-IAD', 'alt-svc': 'h3=":443"; ma=86400'} 
 body={"results":[{"gender":"female","name":{"title":"Miss","first":"Stanislava","last":"Pištalo"},"location":{"street":{"number":9094,"name":"Blagoja Kazandžije"},"city":"Kovačica","state":"Rasina","country":"Serbia","postcode":92939,"coordinates":{"latitude":"60.3136","longitude":"144.5289"},"timezone":{"offset":"+5:00","description":"Ekaterinburg, Islamabad, Karachi, Tashkent"}},"email":"stanislava.pistalo@example.com","login":{"uuid":"c82be15b-e6ea-4758-b738-e2dc65a4253b","username":"lazyswan217","password":"carman","salt":"A6QEwFRC","md5":"43b9601b9f358db9a126b4ed1074ee89","sha1":"54146ee14dbbbe4d27ab73f5f84ee68ff74b03f6","sha256":"996a2c6abe931d38e01261a23188af80ca420000ccb5b3795ab00950efdca17b"},"dob":{"date":"1992-01-23T17:26:12.208Z","age":32},"registered":{"date":"2018-05-13T14:22:13.571Z","age":6},"phone":"026-3132-630","cell":"064-9533-013","id":{"name":"SID","value":"008169055"},"picture":{"large":"https://randomuser.me/api/portraits/women/37.jpg","medium":"https://randomuser.me/api/portraits/med/women/37.jpg","thumbnail":"https://randomuser.me/api/portraits/thumb/women/37.jpg"},"nat":"RS"}],"info":{"seed":"c3c5fbf9d47a5652","results":1,"page":1,"version":"1.4"}} 
 </msg>
<msg time="2024-05-16T02:27:07.969958" level="INFO">/opt/hostedtoolcache/Python/3.12.3/x64/lib/python3.12/site-packages/urllib3/connectionpool.py:1103: InsecureRequestWarning: Unverified HTTPS request is being made to host 'randomuser.me'. Adding certificate verification is strongly advised. See: https://urllib3.readthedocs.io/en/latest/advanced-usage.html#tls-warnings
  warnings.warn(</msg>
<msg time="2024-05-16T02:27:07.970076" level="INFO">${response} = &lt;Response [200]&gt;</msg>
<var>${response}</var>
<arg>consultarAPI</arg>
<arg>/api</arg>
<doc>Sends a GET request on a previously created HTTP Session.</doc>
<status status="PASS" start="2024-05-16T02:27:07.858381" elapsed="0.111742"/>
</kw>
<kw name="Set Variable" owner="BuiltIn">
<msg time="2024-05-16T02:27:07.971215" level="INFO">${json_data} = {'results': [{'gender': 'female', 'name': {'title': 'Miss', 'first': 'Stanislava', 'last': 'Pištalo'}, 'location': {'street': {'number': 9094, 'name': 'Blagoja Kazandžije'}, 'city': 'Kovačica', 'state...</msg>
<var>${json_data}</var>
<arg>${response.json()}</arg>
<doc>Returns the given values which can then be assigned to a variables.</doc>
<status status="PASS" start="2024-05-16T02:27:07.970652" elapsed="0.000594"/>
</kw>
<kw name="Log" owner="BuiltIn">
<msg time="2024-05-16T02:27:07.971720" level="INFO">{'results': [{'gender': 'female', 'name': {'title': 'Miss', 'first': 'Stanislava', 'last': 'Pištalo'}, 'location': {'street': {'number': 9094, 'name': 'Blagoja Kazandžije'}, 'city': 'Kovačica', 'state': 'Rasina', 'country': 'Serbia', 'postcode': 92939, 'coordinates': {'latitude': '60.3136', 'longitude': '144.5289'}, 'timezone': {'offset': '+5:00', 'description': 'Ekaterinburg, Islamabad, Karachi, Tashkent'}}, 'email': 'stanislava.pistalo@example.com', 'login': {'uuid': 'c82be15b-e6ea-4758-b738-e2dc65a4253b', 'username': 'lazyswan217', 'password': 'carman', 'salt': 'A6QEwFRC', 'md5': '43b9601b9f358db9a126b4ed1074ee89', 'sha1': '54146ee14dbbbe4d27ab73f5f84ee68ff74b03f6', 'sha256': '996a2c6abe931d38e01261a23188af80ca420000ccb5b3795ab00950efdca17b'}, 'dob': {'date': '1992-01-23T17:26:12.208Z', 'age': 32}, 'registered': {'date': '2018-05-13T14:22:13.571Z', 'age': 6}, 'phone': '026-3132-630', 'cell': '064-9533-013', 'id': {'name': 'SID', 'value': '008169055'}, 'picture': {'large': 'https://randomuser.me/api/portraits/women/37.jpg', 'medium': 'https://randomuser.me/api/portraits/med/women/37.jpg', 'thumbnail': 'https://randomuser.me/api/portraits/thumb/women/37.jpg'}, 'nat': 'RS'}], 'info': {'seed': 'c3c5fbf9d47a5652', 'results': 1, 'page': 1, 'version': '1.4'}}</msg>
<arg>${json_data}</arg>
<doc>Logs the given message with the given level.</doc>
<status status="PASS" start="2024-05-16T02:27:07.971557" elapsed="0.000216"/>
</kw>
<kw name="Dictionary Should Contain Key" owner="Collections">
<msg time="2024-05-16T02:27:07.972232" level="INFO">False</msg>
<arg>${json_data}</arg>
<arg>results</arg>
<doc>Fails if ``key`` is not found from ``dictionary``.</doc>
<status status="PASS" start="2024-05-16T02:27:07.972074" elapsed="0.000196"/>
</kw>
<kw name="Should Not Be Empty" owner="BuiltIn">
<msg time="2024-05-16T02:27:07.972698" level="INFO">Length is 2.</msg>
<arg>${json_data}</arg>
<doc>Verifies that the given item is not empty.</doc>
<status status="PASS" start="2024-05-16T02:27:07.972564" elapsed="0.000172"/>
</kw>
<kw name="Create List" owner="BuiltIn">
<msg time="2024-05-16T02:27:07.973299" level="INFO">${expected_keys} = ['gender', 'name', 'location', 'email', 'login']</msg>
<var>${expected_keys}</var>
<arg>gender</arg>
<arg>name</arg>
<arg>location</arg>
<arg>email</arg>
<arg>login</arg>
<doc>Returns a list containing given items.</doc>
<status status="PASS" start="2024-05-16T02:27:07.973028" elapsed="0.000295"/>
</kw>
<for flavor="IN">
<iter>
<kw name="Dictionary Should Contain Key" owner="Collections">
<msg time="2024-05-16T02:27:07.974291" level="INFO">False</msg>
<arg>${json_data['results'][0]}</arg>
<arg>${key}</arg>
<doc>Fails if ``key`` is not found from ``dictionary``.</doc>
<status status="PASS" start="2024-05-16T02:27:07.973895" elapsed="0.000468"/>
</kw>
<kw name="Log" owner="BuiltIn">
<msg time="2024-05-16T02:27:07.975056" level="INFO">{'gender': 'female', 'name': {'title': 'Miss', 'first': 'Stanislava', 'last': 'Pištalo'}, 'location': {'street': {'number': 9094, 'name': 'Blagoja Kazandžije'}, 'city': 'Kovačica', 'state': 'Rasina', 'country': 'Serbia', 'postcode': 92939, 'coordinates': {'latitude': '60.3136', 'longitude': '144.5289'}, 'timezone': {'offset': '+5:00', 'description': 'Ekaterinburg, Islamabad, Karachi, Tashkent'}}, 'email': 'stanislava.pistalo@example.com', 'login': {'uuid': 'c82be15b-e6ea-4758-b738-e2dc65a4253b', 'username': 'lazyswan217', 'password': 'carman', 'salt': 'A6QEwFRC', 'md5': '43b9601b9f358db9a126b4ed1074ee89', 'sha1': '54146ee14dbbbe4d27ab73f5f84ee68ff74b03f6', 'sha256': '996a2c6abe931d38e01261a23188af80ca420000ccb5b3795ab00950efdca17b'}, 'dob': {'date': '1992-01-23T17:26:12.208Z', 'age': 32}, 'registered': {'date': '2018-05-13T14:22:13.571Z', 'age': 6}, 'phone': '026-3132-630', 'cell': '064-9533-013', 'id': {'name': 'SID', 'value': '008169055'}, 'picture': {'large': 'https://randomuser.me/api/portraits/women/37.jpg', 'medium': 'https://randomuser.me/api/portraits/med/women/37.jpg', 'thumbnail': 'https://randomuser.me/api/portraits/thumb/women/37.jpg'}, 'nat': 'RS'}</msg>
<arg>${json_data['results'][0]}</arg>
<doc>Logs the given message with the given level.</doc>
<status status="PASS" start="2024-05-16T02:27:07.974683" elapsed="0.000427"/>
</kw>
<kw name="Log" owner="BuiltIn">
<msg time="2024-05-16T02:27:07.975535" level="INFO">gender</msg>
<arg>${key}</arg>
<doc>Logs the given message with the given level.</doc>
<status status="PASS" start="2024-05-16T02:27:07.975408" elapsed="0.000164"/>
</kw>
<var name="${key}">gender</var>
<status status="PASS" start="2024-05-16T02:27:07.973769" elapsed="0.002017"/>
</iter>
<iter>
<kw name="Dictionary Should Contain Key" owner="Collections">
<msg time="2024-05-16T02:27:07.976471" level="INFO">False</msg>
<arg>${json_data['results'][0]}</arg>
<arg>${key}</arg>
<doc>Fails if ``key`` is not found from ``dictionary``.</doc>
<status status="PASS" start="2024-05-16T02:27:07.976084" elapsed="0.000456"/>
</kw>
<kw name="Log" owner="BuiltIn">
<msg time="2024-05-16T02:27:07.977214" level="INFO">{'gender': 'female', 'name': {'title': 'Miss', 'first': 'Stanislava', 'last': 'Pištalo'}, 'location': {'street': {'number': 9094, 'name': 'Blagoja Kazandžije'}, 'city': 'Kovačica', 'state': 'Rasina', 'country': 'Serbia', 'postcode': 92939, 'coordinates': {'latitude': '60.3136', 'longitude': '144.5289'}, 'timezone': {'offset': '+5:00', 'description': 'Ekaterinburg, Islamabad, Karachi, Tashkent'}}, 'email': 'stanislava.pistalo@example.com', 'login': {'uuid': 'c82be15b-e6ea-4758-b738-e2dc65a4253b', 'username': 'lazyswan217', 'password': 'carman', 'salt': 'A6QEwFRC', 'md5': '43b9601b9f358db9a126b4ed1074ee89', 'sha1': '54146ee14dbbbe4d27ab73f5f84ee68ff74b03f6', 'sha256': '996a2c6abe931d38e01261a23188af80ca420000ccb5b3795ab00950efdca17b'}, 'dob': {'date': '1992-01-23T17:26:12.208Z', 'age': 32}, 'registered': {'date': '2018-05-13T14:22:13.571Z', 'age': 6}, 'phone': '026-3132-630', 'cell': '064-9533-013', 'id': {'name': 'SID', 'value': '008169055'}, 'picture': {'large': 'https://randomuser.me/api/portraits/women/37.jpg', 'medium': 'https://randomuser.me/api/portraits/med/women/37.jpg', 'thumbnail': 'https://randomuser.me/api/portraits/thumb/women/37.jpg'}, 'nat': 'RS'}</msg>
<arg>${json_data['results'][0]}</arg>
<doc>Logs the given message with the given level.</doc>
<status status="PASS" start="2024-05-16T02:27:07.976845" elapsed="0.000420"/>
</kw>
<kw name="Log" owner="BuiltIn">
<msg time="2024-05-16T02:27:07.977684" level="INFO">name</msg>
<arg>${key}</arg>
<doc>Logs the given message with the given level.</doc>
<status status="PASS" start="2024-05-16T02:27:07.977559" elapsed="0.000162"/>
</kw>
<var name="${key}">name</var>
<status status="PASS" start="2024-05-16T02:27:07.975970" elapsed="0.001964"/>
</iter>
<iter>
<kw name="Dictionary Should Contain Key" owner="Collections">
<msg time="2024-05-16T02:27:07.978633" level="INFO">False</msg>
<arg>${json_data['results'][0]}</arg>
<arg>${key}</arg>
<doc>Fails if ``key`` is not found from ``dictionary``.</doc>
<status status="PASS" start="2024-05-16T02:27:07.978220" elapsed="0.000451"/>
</kw>
<kw name="Log" owner="BuiltIn">
<msg time="2024-05-16T02:27:07.979404" level="INFO">{'gender': 'female', 'name': {'title': 'Miss', 'first': 'Stanislava', 'last': 'Pištalo'}, 'location': {'street': {'number': 9094, 'name': 'Blagoja Kazandžije'}, 'city': 'Kovačica', 'state': 'Rasina', 'country': 'Serbia', 'postcode': 92939, 'coordinates': {'latitude': '60.3136', 'longitude': '144.5289'}, 'timezone': {'offset': '+5:00', 'description': 'Ekaterinburg, Islamabad, Karachi, Tashkent'}}, 'email': 'stanislava.pistalo@example.com', 'login': {'uuid': 'c82be15b-e6ea-4758-b738-e2dc65a4253b', 'username': 'lazyswan217', 'password': 'carman', 'salt': 'A6QEwFRC', 'md5': '43b9601b9f358db9a126b4ed1074ee89', 'sha1': '54146ee14dbbbe4d27ab73f5f84ee68ff74b03f6', 'sha256': '996a2c6abe931d38e01261a23188af80ca420000ccb5b3795ab00950efdca17b'}, 'dob': {'date': '1992-01-23T17:26:12.208Z', 'age': 32}, 'registered': {'date': '2018-05-13T14:22:13.571Z', 'age': 6}, 'phone': '026-3132-630', 'cell': '064-9533-013', 'id': {'name': 'SID', 'value': '008169055'}, 'picture': {'large': 'https://randomuser.me/api/portraits/women/37.jpg', 'medium': 'https://randomuser.me/api/portraits/med/women/37.jpg', 'thumbnail': 'https://randomuser.me/api/portraits/thumb/women/37.jpg'}, 'nat': 'RS'}</msg>
<arg>${json_data['results'][0]}</arg>
<doc>Logs the given message with the given level.</doc>
<status status="PASS" start="2024-05-16T02:27:07.978972" elapsed="0.000512"/>
</kw>
<kw name="Log" owner="BuiltIn">
<msg time="2024-05-16T02:27:07.979974" level="INFO">location</msg>
<arg>${key}</arg>
<doc>Logs the given message with the given level.</doc>
<status status="PASS" start="2024-05-16T02:27:07.979839" elapsed="0.000174"/>
</kw>
<var name="${key}">location</var>
<status status="PASS" start="2024-05-16T02:27:07.978109" elapsed="0.002121"/>
</iter>
<iter>
<kw name="Dictionary Should Contain Key" owner="Collections">
<msg time="2024-05-16T02:27:07.980904" level="INFO">False</msg>
<arg>${json_data['results'][0]}</arg>
<arg>${key}</arg>
<doc>Fails if ``key`` is not found from ``dictionary``.</doc>
<status status="PASS" start="2024-05-16T02:27:07.980518" elapsed="0.000424"/>
</kw>
<kw name="Log" owner="BuiltIn">
<msg time="2024-05-16T02:27:07.981603" level="INFO">{'gender': 'female', 'name': {'title': 'Miss', 'first': 'Stanislava', 'last': 'Pištalo'}, 'location': {'street': {'number': 9094, 'name': 'Blagoja Kazandžije'}, 'city': 'Kovačica', 'state': 'Rasina', 'country': 'Serbia', 'postcode': 92939, 'coordinates': {'latitude': '60.3136', 'longitude': '144.5289'}, 'timezone': {'offset': '+5:00', 'description': 'Ekaterinburg, Islamabad, Karachi, Tashkent'}}, 'email': 'stanislava.pistalo@example.com', 'login': {'uuid': 'c82be15b-e6ea-4758-b738-e2dc65a4253b', 'username': 'lazyswan217', 'password': 'carman', 'salt': 'A6QEwFRC', 'md5': '43b9601b9f358db9a126b4ed1074ee89', 'sha1': '54146ee14dbbbe4d27ab73f5f84ee68ff74b03f6', 'sha256': '996a2c6abe931d38e01261a23188af80ca420000ccb5b3795ab00950efdca17b'}, 'dob': {'date': '1992-01-23T17:26:12.208Z', 'age': 32}, 'registered': {'date': '2018-05-13T14:22:13.571Z', 'age': 6}, 'phone': '026-3132-630', 'cell': '064-9533-013', 'id': {'name': 'SID', 'value': '008169055'}, 'picture': {'large': 'https://randomuser.me/api/portraits/women/37.jpg', 'medium': 'https://randomuser.me/api/portraits/med/women/37.jpg', 'thumbnail': 'https://randomuser.me/api/portraits/thumb/women/37.jpg'}, 'nat': 'RS'}</msg>
<arg>${json_data['results'][0]}</arg>
<doc>Logs the given message with the given level.</doc>
<status status="PASS" start="2024-05-16T02:27:07.981241" elapsed="0.000413"/>
</kw>
<kw name="Log" owner="BuiltIn">
<msg time="2024-05-16T02:27:07.982078" level="INFO">email</msg>
<arg>${key}</arg>
<doc>Logs the given message with the given level.</doc>
<status status="PASS" start="2024-05-16T02:27:07.981950" elapsed="0.000164"/>
</kw>
<var name="${key}">email</var>
<status status="PASS" start="2024-05-16T02:27:07.980406" elapsed="0.001946"/>
</iter>
<iter>
<kw name="Dictionary Should Contain Key" owner="Collections">
<msg time="2024-05-16T02:27:07.983031" level="INFO">False</msg>
<arg>${json_data['results'][0]}</arg>
<arg>${key}</arg>
<doc>Fails if ``key`` is not found from ``dictionary``.</doc>
<status status="PASS" start="2024-05-16T02:27:07.982646" elapsed="0.000422"/>
</kw>
<kw name="Log" owner="BuiltIn">
<msg time="2024-05-16T02:27:07.983735" level="INFO">{'gender': 'female', 'name': {'title': 'Miss', 'first': 'Stanislava', 'last': 'Pištalo'}, 'location': {'street': {'number': 9094, 'name': 'Blagoja Kazandžije'}, 'city': 'Kovačica', 'state': 'Rasina', 'country': 'Serbia', 'postcode': 92939, 'coordinates': {'latitude': '60.3136', 'longitude': '144.5289'}, 'timezone': {'offset': '+5:00', 'description': 'Ekaterinburg, Islamabad, Karachi, Tashkent'}}, 'email': 'stanislava.pistalo@example.com', 'login': {'uuid': 'c82be15b-e6ea-4758-b738-e2dc65a4253b', 'username': 'lazyswan217', 'password': 'carman', 'salt': 'A6QEwFRC', 'md5': '43b9601b9f358db9a126b4ed1074ee89', 'sha1': '54146ee14dbbbe4d27ab73f5f84ee68ff74b03f6', 'sha256': '996a2c6abe931d38e01261a23188af80ca420000ccb5b3795ab00950efdca17b'}, 'dob': {'date': '1992-01-23T17:26:12.208Z', 'age': 32}, 'registered': {'date': '2018-05-13T14:22:13.571Z', 'age': 6}, 'phone': '026-3132-630', 'cell': '064-9533-013', 'id': {'name': 'SID', 'value': '008169055'}, 'picture': {'large': 'https://randomuser.me/api/portraits/women/37.jpg', 'medium': 'https://randomuser.me/api/portraits/med/women/37.jpg', 'thumbnail': 'https://randomuser.me/api/portraits/thumb/women/37.jpg'}, 'nat': 'RS'}</msg>
<arg>${json_data['results'][0]}</arg>
<doc>Logs the given message with the given level.</doc>
<status status="PASS" start="2024-05-16T02:27:07.983368" elapsed="0.000428"/>
</kw>
<kw name="Log" owner="BuiltIn">
<msg time="2024-05-16T02:27:07.984221" level="INFO">login</msg>
<arg>${key}</arg>
<doc>Logs the given message with the given level.</doc>
<status status="PASS" start="2024-05-16T02:27:07.984094" elapsed="0.000194"/>
</kw>
<var name="${key}">login</var>
<status status="PASS" start="2024-05-16T02:27:07.982533" elapsed="0.001977"/>
</iter>
<var>${key}</var>
<value>@{expected_keys}</value>
<status status="PASS" start="2024-05-16T02:27:07.973589" elapsed="0.011040"/>
</for>
<kw name="Create List" owner="BuiltIn">
<msg time="2024-05-16T02:27:07.984966" level="INFO">${expected_keysTwo} = ['username', 'password']</msg>
<var>${expected_keysTwo}</var>
<arg>username</arg>
<arg>password</arg>
<doc>Returns a list containing given items.</doc>
<status status="PASS" start="2024-05-16T02:27:07.984819" elapsed="0.000170"/>
</kw>
<for flavor="IN">
<iter>
<kw name="Dictionary Should Contain Key" owner="Collections">
<msg time="2024-05-16T02:27:07.985880" level="INFO">False</msg>
<arg>${json_data['results'][0]['login']}</arg>
<arg>${keyTwo}</arg>
<doc>Fails if ``key`` is not found from ``dictionary``.</doc>
<status status="PASS" start="2024-05-16T02:27:07.985496" elapsed="0.000421"/>
</kw>
<kw name="Dictionary Should Contain Key" owner="Collections">
<msg time="2024-05-16T02:27:07.986623" level="INFO">False</msg>
<arg>${json_data['results'][0]['login']}</arg>
<arg>${keyTwo}</arg>
<doc>Fails if ``key`` is not found from ``dictionary``.</doc>
<status status="PASS" start="2024-05-16T02:27:07.986209" elapsed="0.000452"/>
</kw>
<kw name="Log" owner="BuiltIn">
<msg time="2024-05-16T02:27:07.987084" level="INFO">username</msg>
<arg>${keyTwo}</arg>
<doc>Logs the given message with the given level.</doc>
<status status="PASS" start="2024-05-16T02:27:07.986956" elapsed="0.000171"/>
</kw>
<var name="${keyTwo}">username</var>
<status status="PASS" start="2024-05-16T02:27:07.985387" elapsed="0.001955"/>
</iter>
<iter>
<kw name="Dictionary Should Contain Key" owner="Collections">
<msg time="2024-05-16T02:27:07.987990" level="INFO">False</msg>
<arg>${json_data['results'][0]['login']}</arg>
<arg>${keyTwo}</arg>
<doc>Fails if ``key`` is not found from ``dictionary``.</doc>
<status status="PASS" start="2024-05-16T02:27:07.987619" elapsed="0.000407"/>
</kw>
<kw name="Dictionary Should Contain Key" owner="Collections">
<msg time="2024-05-16T02:27:07.988767" level="INFO">False</msg>
<arg>${json_data['results'][0]['login']}</arg>
<arg>${keyTwo}</arg>
<doc>Fails if ``key`` is not found from ``dictionary``.</doc>
<status status="PASS" start="2024-05-16T02:27:07.988314" elapsed="0.000491"/>
</kw>
<kw name="Log" owner="BuiltIn">
<msg time="2024-05-16T02:27:07.989221" level="INFO">password</msg>
<arg>${keyTwo}</arg>
<doc>Logs the given message with the given level.</doc>
<status status="PASS" start="2024-05-16T02:27:07.989095" elapsed="0.000162"/>
</kw>
<var name="${keyTwo}">password</var>
<status status="PASS" start="2024-05-16T02:27:07.987511" elapsed="0.001957"/>
</iter>
<var>${keyTwo}</var>
<value>@{expected_keysTwo}</value>
<status status="PASS" start="2024-05-16T02:27:07.985230" elapsed="0.004359"/>
</for>
<status status="PASS" start="2024-05-16T02:27:07.858120" elapsed="0.131605"/>
</kw>
<doc>Testa a estrutura da resposta da API.</doc>
<tag>testeEstruturaResposta</tag>
<status status="PASS" start="2024-05-16T02:27:07.857558" elapsed="0.132314"/>
</test>
<test id="s1-s1-t4" name="Validar tipos de dados" line="28">
<kw name="Teste de Tipos de Dados" owner="random-user-service">
<kw name="GET On Session" owner="RequestsLibrary">
<msg time="2024-05-16T02:27:08.053393" level="INFO">GET Request : url=https://randomuser.me/api 
 path_url=/api 
 headers={'User-Agent': 'python-requests/2.31.0', 'Accept-Encoding': 'gzip, deflate', 'Accept': '*/*', 'Connection': 'keep-alive'} 
 body=None 
 </msg>
<msg time="2024-05-16T02:27:08.053454" level="INFO">GET Response : url=https://randomuser.me/api 
 status=200, reason=OK 
 headers={'Date': 'Thu, 16 May 2024 02:27:08 GMT', 'Content-Type': 'application/json; charset=utf-8', 'Transfer-Encoding': 'chunked', 'Connection': 'keep-alive', 'X-Powered-By': 'Express', 'Access-Control-Allow-Origin': '*', 'Cache-Control': 'no-cache', 'ETag': 'W/"486-jMrzCygn+6bYxfMsc/bFm/S/3MI"', 'Vary': 'Accept-Encoding', 'Content-Encoding': 'gzip', 'CF-Cache-Status': 'DYNAMIC', 'Report-To': '{"endpoints":[{"url":"https:\\/\\/a.nel.cloudflare.com\\/report\\/v4?s=wkevntYaHswd8BpR1wR1Yj%2BpuOdbtteabybb34Paxk2WmiwiYSYFQDLMU1wAd3EiVcAPoQLCDwQZHOZOJWl5MZ3iFMgL1acd%2FtHZMc0P2pOPxuNg6yMxxA%2BfEQGWzv9z"}],"group":"cf-nel","max_age":604800}', 'NEL': '{"success_fraction":0,"report_to":"cf-nel","max_age":604800}', 'Server': 'cloudflare', 'CF-RAY': '8847ed46fae38242-IAD', 'alt-svc': 'h3=":443"; ma=86400'} 
 body={"results":[{"gender":"female","name":{"title":"Ms","first":"Jamie","last":"Wagner"},"location":{"street":{"number":6832,"name":"E Sandy Lake Rd"},"city":"Albuquerque","state":"South Dakota","country":"United States","postcode":86687,"coordinates":{"latitude":"82.6567","longitude":"107.6149"},"timezone":{"offset":"+4:30","description":"Kabul"}},"email":"jamie.wagner@example.com","login":{"uuid":"6ebaa30c-df67-4f22-b82e-ba1fcbf64110","username":"tinypanda693","password":"bonjour","salt":"7yC8ki8G","md5":"a484d055600ea536344d484f2f4e3878","sha1":"165f1ef7558702af660fc13c919d2ff80e258a53","sha256":"72ffea2fa9364eee8fb140e72e479dc0a91ad6930ee62b0143a81a7c51e0ba95"},"dob":{"date":"1948-10-08T00:54:47.829Z","age":75},"registered":{"date":"2021-06-06T18:29:44.848Z","age":2},"phone":"(793) 410-0824","cell":"(851) 465-1095","id":{"name":"SSN","value":"165-18-3962"},"picture":{"large":"https://randomuser.me/api/portraits/women/72.jpg","medium":"https://randomuser.me/api/portraits/med/women/72.jpg","thumbnail":"https://randomuser.me/api/portraits/thumb/women/72.jpg"},"nat":"US"}],"info":{"seed":"f4d7799e84841e3a","results":1,"page":1,"version":"1.4"}} 
 </msg>
<msg time="2024-05-16T02:27:08.053506" level="INFO">/opt/hostedtoolcache/Python/3.12.3/x64/lib/python3.12/site-packages/urllib3/connectionpool.py:1103: InsecureRequestWarning: Unverified HTTPS request is being made to host 'randomuser.me'. Adding certificate verification is strongly advised. See: https://urllib3.readthedocs.io/en/latest/advanced-usage.html#tls-warnings
  warnings.warn(</msg>
<msg time="2024-05-16T02:27:08.053590" level="INFO">${response} = &lt;Response [200]&gt;</msg>
<var>${response}</var>
<arg>consultarAPI</arg>
<arg>/api</arg>
<doc>Sends a GET request on a previously created HTTP Session.</doc>
<status status="PASS" start="2024-05-16T02:27:07.992359" elapsed="0.061272"/>
</kw>
<kw name="Set Variable" owner="BuiltIn">
<msg time="2024-05-16T02:27:08.054645" level="INFO">${json_data} = {'results': [{'gender': 'female', 'name': {'title': 'Ms', 'first': 'Jamie', 'last': 'Wagner'}, 'location': {'street': {'number': 6832, 'name': 'E Sandy Lake Rd'}, 'city': 'Albuquerque', 'state': 'Sout...</msg>
<var>${json_data}</var>
<arg>${response.json()}</arg>
<doc>Returns the given values which can then be assigned to a variables.</doc>
<status status="PASS" start="2024-05-16T02:27:08.054068" elapsed="0.000605"/>
</kw>
<kw name="Log" owner="BuiltIn">
<msg time="2024-05-16T02:27:08.055127" level="INFO">{'results': [{'gender': 'female', 'name': {'title': 'Ms', 'first': 'Jamie', 'last': 'Wagner'}, 'location': {'street': {'number': 6832, 'name': 'E Sandy Lake Rd'}, 'city': 'Albuquerque', 'state': 'South Dakota', 'country': 'United States', 'postcode': 86687, 'coordinates': {'latitude': '82.6567', 'longitude': '107.6149'}, 'timezone': {'offset': '+4:30', 'description': 'Kabul'}}, 'email': 'jamie.wagner@example.com', 'login': {'uuid': '6ebaa30c-df67-4f22-b82e-ba1fcbf64110', 'username': 'tinypanda693', 'password': 'bonjour', 'salt': '7yC8ki8G', 'md5': 'a484d055600ea536344d484f2f4e3878', 'sha1': '165f1ef7558702af660fc13c919d2ff80e258a53', 'sha256': '72ffea2fa9364eee8fb140e72e479dc0a91ad6930ee62b0143a81a7c51e0ba95'}, 'dob': {'date': '1948-10-08T00:54:47.829Z', 'age': 75}, 'registered': {'date': '2021-06-06T18:29:44.848Z', 'age': 2}, 'phone': '(793) 410-0824', 'cell': '(851) 465-1095', 'id': {'name': 'SSN', 'value': '165-18-3962'}, 'picture': {'large': 'https://randomuser.me/api/portraits/women/72.jpg', 'medium': 'https://randomuser.me/api/portraits/med/women/72.jpg', 'thumbnail': 'https://randomuser.me/api/portraits/thumb/women/72.jpg'}, 'nat': 'US'}], 'info': {'seed': 'f4d7799e84841e3a', 'results': 1, 'page': 1, 'version': '1.4'}}</msg>
<arg>${json_data}</arg>
<doc>Logs the given message with the given level.</doc>
<status status="PASS" start="2024-05-16T02:27:08.054976" elapsed="0.000228"/>
</kw>
<kw name="Should Be String" owner="String">
<arg>${json_data['results'][0]['gender']}</arg>
<doc>Fails if the given ``item`` is not a string.</doc>
<status status="PASS" start="2024-05-16T02:27:08.055501" elapsed="0.000357"/>
</kw>
<kw name="Should Match Regexp" owner="BuiltIn">
<arg>${json_data['results'][0]['email']}</arg>
<arg>^[a-zA-Z0-9._%+-]+@[a-zA-Z0-9.-]+\.[a-zA-Z]{2,}$</arg>
<doc>Fails if ``string`` does not match ``pattern`` as a regular expression.</doc>
<status status="PASS" start="2024-05-16T02:27:08.056046" elapsed="0.000485"/>
</kw>
<kw name="Should Match Regexp" owner="BuiltIn">
<arg>${json_data['results'][0]['dob']['date']}</arg>
<arg>\\d{4}-\\d{2}-\\d{2}T\\d{2}:\\d{2}:\\d{2}\\.\\d{3}Z</arg>
<doc>Fails if ``string`` does not match ``pattern`` as a regular expression.</doc>
<status status="PASS" start="2024-05-16T02:27:08.056724" elapsed="0.000484"/>
</kw>
<kw name="Should Match Regexp" owner="BuiltIn">
<arg>${json_data['results'][0]['registered']['date']}</arg>
<arg>\\d{4}-\\d{2}-\\d{2}T\\d{2}:\\d{2}:\\d{2}\\.\\d{3}Z</arg>
<doc>Fails if ``string`` does not match ``pattern`` as a regular expression.</doc>
<status status="PASS" start="2024-05-16T02:27:08.057397" elapsed="0.000357"/>
</kw>
<kw name="Should Match Regexp" owner="BuiltIn">
<arg>${json_data['results'][0]['picture']['large']}</arg>
<arg>^https?://.*\.(?:png|jpe?g|gif|bmp)$</arg>
<doc>Fails if ``string`` does not match ``pattern`` as a regular expression.</doc>
<status status="PASS" start="2024-05-16T02:27:08.057937" elapsed="0.000482"/>
</kw>
<kw name="Should Match Regexp" owner="BuiltIn">
<arg>${json_data['results'][0]['picture']['medium']}</arg>
<arg>^https?://.*\.(?:png|jpe?g|gif|bmp)$</arg>
<doc>Fails if ``string`` does not match ``pattern`` as a regular expression.</doc>
<status status="PASS" start="2024-05-16T02:27:08.058622" elapsed="0.000366"/>
</kw>
<kw name="Should Match Regexp" owner="BuiltIn">
<arg>${json_data['results'][0]['picture']['thumbnail']}</arg>
<arg>^https?://.*\.(?:png|jpe?g|gif|bmp)$</arg>
<doc>Fails if ``string`` does not match ``pattern`` as a regular expression.</doc>
<status status="PASS" start="2024-05-16T02:27:08.059180" elapsed="0.000348"/>
</kw>
<kw name="Log" owner="BuiltIn">
<msg time="2024-05-16T02:27:08.060027" level="INFO">{'large': 'https://randomuser.me/api/portraits/women/72.jpg', 'medium': 'https://randomuser.me/api/portraits/med/women/72.jpg', 'thumbnail': 'https://randomuser.me/api/portraits/thumb/women/72.jpg'}</msg>
<arg>${json_data['results'][0]['picture']}</arg>
<doc>Logs the given message with the given level.</doc>
<status status="PASS" start="2024-05-16T02:27:08.059709" elapsed="0.000361"/>
</kw>
<status status="PASS" start="2024-05-16T02:27:07.992140" elapsed="0.068180"/>
</kw>
<kw name="Teste de Tipos de Dados - Postcode" owner="random-user-service">
<kw name="GET On Session" owner="RequestsLibrary">
<msg time="2024-05-16T02:27:08.155948" level="INFO">GET Request : url=https://randomuser.me/api 
 path_url=/api 
 headers={'User-Agent': 'python-requests/2.31.0', 'Accept-Encoding': 'gzip, deflate', 'Accept': '*/*', 'Connection': 'keep-alive'} 
 body=None 
 </msg>
<msg time="2024-05-16T02:27:08.156023" level="INFO">GET Response : url=https://randomuser.me/api 
 status=200, reason=OK 
 headers={'Date': 'Thu, 16 May 2024 02:27:08 GMT', 'Content-Type': 'application/json; charset=utf-8', 'Transfer-Encoding': 'chunked', 'Connection': 'keep-alive', 'X-Powered-By': 'Express', 'Access-Control-Allow-Origin': '*', 'Cache-Control': 'no-cache', 'ETag': 'W/"49b-VLD9DrITo7bpZAj9pjQw4jlO2qU"', 'Vary': 'Accept-Encoding', 'Content-Encoding': 'gzip', 'CF-Cache-Status': 'DYNAMIC', 'Report-To': '{"endpoints":[{"url":"https:\\/\\/a.nel.cloudflare.com\\/report\\/v4?s=oWhHOQqpBo2wLYF0JR9svzTD5DBvNq3zKBDbzCQGfsqX0eQZULcGCXgMW%2B30INSGhLcP1QOjdZJOAsgPYiIgmtlwpm%2Feof8VfTjsLHf3zMeddYv6EBtE2dL5%2B2%2FmUmPX"}],"group":"cf-nel","max_age":604800}', 'NEL': '{"success_fraction":0,"report_to":"cf-nel","max_age":604800}', 'Server': 'cloudflare', 'CF-RAY': '8847ed476b898242-IAD', 'alt-svc': 'h3=":443"; ma=86400'} 
 body={"results":[{"gender":"female","name":{"title":"Mrs","first":"Emma","last":"Sanders"},"location":{"street":{"number":3208,"name":"Daisy Dr"},"city":"Launceston","state":"Western Australia","country":"Australia","postcode":6058,"coordinates":{"latitude":"-87.0356","longitude":"81.0212"},"timezone":{"offset":"+1:00","description":"Brussels, Copenhagen, Madrid, Paris"}},"email":"emma.sanders@example.com","login":{"uuid":"4d97528e-4680-40d5-9a39-fd2074f25c3d","username":"organiczebra884","password":"colnago","salt":"AGac1w1Q","md5":"529723937456f998853c4bc7742a7e69","sha1":"053013b20785c8c5a8e8c5a79f37db2e584c86ff","sha256":"0c7726cd1089f79eeb77f6a4e6defbfa1c339d281abe87e7c2c918cf70a4e31f"},"dob":{"date":"1952-03-27T15:27:28.566Z","age":72},"registered":{"date":"2002-09-24T17:55:50.712Z","age":21},"phone":"03-9138-2893","cell":"0403-392-380","id":{"name":"TFN","value":"254607181"},"picture":{"large":"https://randomuser.me/api/portraits/women/47.jpg","medium":"https://randomuser.me/api/portraits/med/women/47.jpg","thumbnail":"https://randomuser.me/api/portraits/thumb/women/47.jpg"},"nat":"AU"}],"info":{"seed":"157e771de5a1b6b2","results":1,"page":1,"version":"1.4"}} 
 </msg>
<msg time="2024-05-16T02:27:08.156086" level="INFO">/opt/hostedtoolcache/Python/3.12.3/x64/lib/python3.12/site-packages/urllib3/connectionpool.py:1103: InsecureRequestWarning: Unverified HTTPS request is being made to host 'randomuser.me'. Adding certificate verification is strongly advised. See: https://urllib3.readthedocs.io/en/latest/advanced-usage.html#tls-warnings
  warnings.warn(</msg>
<msg time="2024-05-16T02:27:08.156177" level="INFO">${response} = &lt;Response [200]&gt;</msg>
<var>${response}</var>
<arg>consultarAPI</arg>
<arg>/api</arg>
<doc>Sends a GET request on a previously created HTTP Session.</doc>
<status status="PASS" start="2024-05-16T02:27:08.060743" elapsed="0.095474"/>
</kw>
<kw name="Set Variable" owner="BuiltIn">
<msg time="2024-05-16T02:27:08.157203" level="INFO">${json_data} = {'results': [{'gender': 'female', 'name': {'title': 'Mrs', 'first': 'Emma', 'last': 'Sanders'}, 'location': {'street': {'number': 3208, 'name': 'Daisy Dr'}, 'city': 'Launceston', 'state': 'Western Aus...</msg>
<var>${json_data}</var>
<arg>${response.json()}</arg>
<doc>Returns the given values which can then be assigned to a variables.</doc>
<status status="PASS" start="2024-05-16T02:27:08.156655" elapsed="0.000575"/>
</kw>
<kw name="Log" owner="BuiltIn">
<msg time="2024-05-16T02:27:08.157684" level="INFO">{'results': [{'gender': 'female', 'name': {'title': 'Mrs', 'first': 'Emma', 'last': 'Sanders'}, 'location': {'street': {'number': 3208, 'name': 'Daisy Dr'}, 'city': 'Launceston', 'state': 'Western Australia', 'country': 'Australia', 'postcode': 6058, 'coordinates': {'latitude': '-87.0356', 'longitude': '81.0212'}, 'timezone': {'offset': '+1:00', 'description': 'Brussels, Copenhagen, Madrid, Paris'}}, 'email': 'emma.sanders@example.com', 'login': {'uuid': '4d97528e-4680-40d5-9a39-fd2074f25c3d', 'username': 'organiczebra884', 'password': 'colnago', 'salt': 'AGac1w1Q', 'md5': '529723937456f998853c4bc7742a7e69', 'sha1': '053013b20785c8c5a8e8c5a79f37db2e584c86ff', 'sha256': '0c7726cd1089f79eeb77f6a4e6defbfa1c339d281abe87e7c2c918cf70a4e31f'}, 'dob': {'date': '1952-03-27T15:27:28.566Z', 'age': 72}, 'registered': {'date': '2002-09-24T17:55:50.712Z', 'age': 21}, 'phone': '03-9138-2893', 'cell': '0403-392-380', 'id': {'name': 'TFN', 'value': '254607181'}, 'picture': {'large': 'https://randomuser.me/api/portraits/women/47.jpg', 'medium': 'https://randomuser.me/api/portraits/med/women/47.jpg', 'thumbnail': 'https://randomuser.me/api/portraits/thumb/women/47.jpg'}, 'nat': 'AU'}], 'info': {'seed': '157e771de5a1b6b2', 'results': 1, 'page': 1, 'version': '1.4'}}</msg>
<arg>${json_data}</arg>
<doc>Logs the given message with the given level.</doc>
<status status="PASS" start="2024-05-16T02:27:08.157534" elapsed="0.000229"/>
</kw>
<kw name="Should Be Equal As Numbers" owner="BuiltIn">
<arg>${json_data['results'][0]['location']['postcode']}</arg>
<arg>${json_data['results'][0]['location']['postcode']}</arg>
<doc>Fails if objects are unequal after converting them to real numbers.</doc>
<status status="PASS" start="2024-05-16T02:27:08.158060" elapsed="0.000789"/>
</kw>
<kw name="Log" owner="BuiltIn">
<msg time="2024-05-16T02:27:08.159378" level="INFO">6058</msg>
<arg>${json_data['results'][0]['location']['postcode']}</arg>
<doc>Logs the given message with the given level.</doc>
<status status="PASS" start="2024-05-16T02:27:08.159044" elapsed="0.000374"/>
</kw>
<status status="PASS" start="2024-05-16T02:27:08.060526" elapsed="0.099141"/>
</kw>
<doc>Testa se os tipos de dados na resposta da API estão corretos.</doc>
<tag>testeTiposDados</tag>
<status status="PASS" start="2024-05-16T02:27:07.991628" elapsed="0.168196"/>
</test>
<test id="s1-s1-t5" name="Validar conteudo" line="35">
<kw name="Teste de Tipos de Conteudo" owner="random-user-service">
<kw name="GET On Session" owner="RequestsLibrary">
<msg time="2024-05-16T02:27:08.250605" level="INFO">GET Request : url=https://randomuser.me/api 
 path_url=/api 
 headers={'User-Agent': 'python-requests/2.31.0', 'Accept-Encoding': 'gzip, deflate', 'Accept': '*/*', 'Connection': 'keep-alive'} 
 body=None 
 </msg>
<msg time="2024-05-16T02:27:08.250684" level="INFO">GET Response : url=https://randomuser.me/api 
 status=200, reason=OK 
 headers={'Date': 'Thu, 16 May 2024 02:27:08 GMT', 'Content-Type': 'application/json; charset=utf-8', 'Transfer-Encoding': 'chunked', 'Connection': 'keep-alive', 'X-Powered-By': 'Express', 'Access-Control-Allow-Origin': '*', 'Cache-Control': 'no-cache', 'ETag': 'W/"473-FrooI0mBqrZud8LS7wqOwZpdjRU"', 'Vary': 'Accept-Encoding', 'Content-Encoding': 'gzip', 'CF-Cache-Status': 'DYNAMIC', 'Report-To': '{"endpoints":[{"url":"https:\\/\\/a.nel.cloudflare.com\\/report\\/v4?s=VzW9ZfjYGm0300f5cDIibXOOqYRFN7eRzoty2uzo0xHeN%2BtpK9Kj8%2BnI8CGujEBq77UUU%2F2eDqsDXfc%2BnHZLWzpSUO0WoNv3sIbvBhijeu1Cpe5gPcpXn3TleK28zdGz"}],"group":"cf-nel","max_age":604800}', 'NEL': '{"success_fraction":0,"report_to":"cf-nel","max_age":604800}', 'Server': 'cloudflare', 'CF-RAY': '8847ed480c5d8242-IAD', 'alt-svc': 'h3=":443"; ma=86400'} 
 body={"results":[{"gender":"female","name":{"title":"Ms","first":"Emilie","last":"Poulsen"},"location":{"street":{"number":1331,"name":"Nibevej"},"city":"Argerskov","state":"Nordjylland","country":"Denmark","postcode":36013,"coordinates":{"latitude":"-41.5282","longitude":"129.3919"},"timezone":{"offset":"+3:30","description":"Tehran"}},"email":"emilie.poulsen@example.com","login":{"uuid":"3de9281a-46e0-4de3-94e5-e297e46e0726","username":"goldentiger216","password":"tropical","salt":"A4bZ3l1s","md5":"e23b4fa2ff4a4f6be7cd4ed6584db32c","sha1":"f277f7798afc2c27e3b878b82d66b59eb95617ea","sha256":"2978dbe659c975bf5c7a7eb0961cc7e4ed4f9377f7ba07def1881b58bf45081f"},"dob":{"date":"1978-02-12T11:03:06.844Z","age":46},"registered":{"date":"2012-02-07T00:12:59.084Z","age":12},"phone":"24904145","cell":"65192372","id":{"name":"CPR","value":"120278-5223"},"picture":{"large":"https://randomuser.me/api/portraits/women/87.jpg","medium":"https://randomuser.me/api/portraits/med/women/87.jpg","thumbnail":"https://randomuser.me/api/portraits/thumb/women/87.jpg"},"nat":"DK"}],"info":{"seed":"d7e5fade977bd082","results":1,"page":1,"version":"1.4"}} 
 </msg>
<msg time="2024-05-16T02:27:08.250749" level="INFO">/opt/hostedtoolcache/Python/3.12.3/x64/lib/python3.12/site-packages/urllib3/connectionpool.py:1103: InsecureRequestWarning: Unverified HTTPS request is being made to host 'randomuser.me'. Adding certificate verification is strongly advised. See: https://urllib3.readthedocs.io/en/latest/advanced-usage.html#tls-warnings
  warnings.warn(</msg>
<msg time="2024-05-16T02:27:08.250851" level="INFO">${response} = &lt;Response [200]&gt;</msg>
<var>${response}</var>
<arg>consultarAPI</arg>
<arg>/api</arg>
<doc>Sends a GET request on a previously created HTTP Session.</doc>
<status status="PASS" start="2024-05-16T02:27:08.162255" elapsed="0.088632"/>
</kw>
<kw name="Set Variable" owner="BuiltIn">
<msg time="2024-05-16T02:27:08.251775" level="INFO">${json_data} = {'results': [{'gender': 'female', 'name': {'title': 'Ms', 'first': 'Emilie', 'last': 'Poulsen'}, 'location': {'street': {'number': 1331, 'name': 'Nibevej'}, 'city': 'Argerskov', 'state': 'Nordjylland'...</msg>
<var>${json_data}</var>
<arg>${response.json()}</arg>
<doc>Returns the given values which can then be assigned to a variables.</doc>
<status status="PASS" start="2024-05-16T02:27:08.251342" elapsed="0.000462"/>
</kw>
<kw name="Set Variable" owner="BuiltIn">
<msg time="2024-05-16T02:27:08.252486" level="INFO">${name_title} = Ms</msg>
<var>${name_title}</var>
<arg>${json_data["results"][0]["name"]["title"]}</arg>
<doc>Returns the given values which can then be assigned to a variables.</doc>
<status status="PASS" start="2024-05-16T02:27:08.252105" elapsed="0.000405"/>
</kw>
<kw name="Create List" owner="BuiltIn">
<msg time="2024-05-16T02:27:08.252964" level="INFO">${allowed_titles} = ['Mr', 'Ms', 'Miss', 'Mrs', 'Madame', 'Monsieur']</msg>
<var>${allowed_titles}</var>
<arg>Mr</arg>
<arg>Ms</arg>
<arg>Miss</arg>
<arg>Mrs</arg>
<arg>Madame</arg>
<arg>Monsieur</arg>
<doc>Returns a list containing given items.</doc>
<status status="PASS" start="2024-05-16T02:27:08.252814" elapsed="0.000174"/>
</kw>
<kw name="List Should Contain Value" owner="Collections">
<msg time="2024-05-16T02:27:08.253457" level="INFO">False</msg>
<arg>${allowed_titles}</arg>
<arg>${name_title}</arg>
<doc>Fails if the ``value`` is not found from ``list``.</doc>
<status status="PASS" start="2024-05-16T02:27:08.253286" elapsed="0.000208"/>
</kw>
<kw name="Set Variable" owner="BuiltIn">
<msg time="2024-05-16T02:27:08.254163" level="INFO">${name_country} = DK</msg>
<var>${name_country}</var>
<arg>${json_data["results"][0]["nat"]}</arg>
<doc>Returns the given values which can then be assigned to a variables.</doc>
<status status="PASS" start="2024-05-16T02:27:08.253789" elapsed="0.000399"/>
</kw>
<kw name="Create List" owner="BuiltIn">
<msg time="2024-05-16T02:27:08.255138" level="INFO">${list_country} = ['AD', 'AE', 'AF', 'AG', 'AI', 'AL', 'AM', 'AO', 'AQ', 'AR', 'AS', 'AT', 'AU', 'AW', 'AX', 'AZ', 'BA', 'BB', 'BD', 'BE', 'BF', 'BG', 'BH', 'BI', 'BJ', 'BL', 'BM', 'BN', 'BO', 'BQ', 'BR', 'BS', 'BT', '...</msg>
<var>${list_country}</var>
<arg>AD</arg>
<arg>AE</arg>
<arg>AF</arg>
<arg>AG</arg>
<arg>AI</arg>
<arg>AL</arg>
<arg>AM</arg>
<arg>AO</arg>
<arg>AQ</arg>
<arg>AR</arg>
<arg>AS</arg>
<arg>AT</arg>
<arg>AU</arg>
<arg>AW</arg>
<arg>AX</arg>
<arg>AZ</arg>
<arg>BA</arg>
<arg>BB</arg>
<arg>BD</arg>
<arg>BE</arg>
<arg>BF</arg>
<arg>BG</arg>
<arg>BH</arg>
<arg>BI</arg>
<arg>BJ</arg>
<arg>BL</arg>
<arg>BM</arg>
<arg>BN</arg>
<arg>BO</arg>
<arg>BQ</arg>
<arg>BR</arg>
<arg>BS</arg>
<arg>BT</arg>
<arg>BV</arg>
<arg>BW</arg>
<arg>BY</arg>
<arg>BZ</arg>
<arg>CA</arg>
<arg>CC</arg>
<arg>CD</arg>
<arg>CF</arg>
<arg>CG</arg>
<arg>CH</arg>
<arg>CI</arg>
<arg>CK</arg>
<arg>CL</arg>
<arg>CM</arg>
<arg>CN</arg>
<arg>CO</arg>
<arg>CR</arg>
<arg>CU</arg>
<arg>CV</arg>
<arg>CW</arg>
<arg>CX</arg>
<arg>CY</arg>
<arg>CZ</arg>
<arg>DE</arg>
<arg>DJ</arg>
<arg>DK</arg>
<arg>DM</arg>
<arg>DO</arg>
<arg>DZ</arg>
<arg>EC</arg>
<arg>EE</arg>
<arg>EG</arg>
<arg>EH</arg>
<arg>ER</arg>
<arg>ES</arg>
<arg>ET</arg>
<arg>FI</arg>
<arg>FJ</arg>
<arg>FK</arg>
<arg>FM</arg>
<arg>FO</arg>
<arg>FR</arg>
<arg>GA</arg>
<arg>GB</arg>
<arg>GD</arg>
<arg>GE</arg>
<arg>GF</arg>
<arg>GG</arg>
<arg>GH</arg>
<arg>GI</arg>
<arg>GL</arg>
<arg>GM</arg>
<arg>GN</arg>
<arg>GP</arg>
<arg>GQ</arg>
<arg>GR</arg>
<arg>GS</arg>
<arg>GT</arg>
<arg>GU</arg>
<arg>GW</arg>
<arg>GY</arg>
<arg>HK</arg>
<arg>HM</arg>
<arg>HN</arg>
<arg>HR</arg>
<arg>HT</arg>
<arg>HU</arg>
<arg>ID</arg>
<arg>IE</arg>
<arg>IL</arg>
<arg>IM</arg>
<arg>IN</arg>
<arg>IO</arg>
<arg>IQ</arg>
<arg>IR</arg>
<arg>IS</arg>
<arg>IT</arg>
<arg>JE</arg>
<arg>JM</arg>
<arg>JO</arg>
<arg>JP</arg>
<arg>KE</arg>
<arg>KG</arg>
<arg>KH</arg>
<arg>KI</arg>
<arg>KM</arg>
<arg>KN</arg>
<arg>KP</arg>
<arg>KR</arg>
<arg>KW</arg>
<arg>KY</arg>
<arg>KZ</arg>
<arg>LA</arg>
<arg>LB</arg>
<arg>LC</arg>
<arg>LI</arg>
<arg>LK</arg>
<arg>LR</arg>
<arg>LS</arg>
<arg>LT</arg>
<arg>LU</arg>
<arg>LV</arg>
<arg>LY</arg>
<arg>MA</arg>
<arg>MC</arg>
<arg>MD</arg>
<arg>ME</arg>
<arg>MF</arg>
<arg>MG</arg>
<arg>MH</arg>
<arg>MK</arg>
<arg>ML</arg>
<arg>MM</arg>
<arg>MN</arg>
<arg>MO</arg>
<arg>MP</arg>
<arg>MQ</arg>
<arg>MR</arg>
<arg>MS</arg>
<arg>MT</arg>
<arg>MU</arg>
<arg>MV</arg>
<arg>MW</arg>
<arg>MX</arg>
<arg>MY</arg>
<arg>MZ</arg>
<arg>NA</arg>
<arg>NC</arg>
<arg>NE</arg>
<arg>NF</arg>
<arg>NG</arg>
<arg>NI</arg>
<arg>NL</arg>
<arg>NO</arg>
<arg>NP</arg>
<arg>NR</arg>
<arg>NU</arg>
<arg>NZ</arg>
<arg>OM</arg>
<arg>PA</arg>
<arg>PE</arg>
<arg>PF</arg>
<arg>PG</arg>
<arg>PH</arg>
<arg>PK</arg>
<arg>PL</arg>
<arg>PM</arg>
<arg>PN</arg>
<arg>PR</arg>
<arg>PS</arg>
<arg>PT</arg>
<arg>PW</arg>
<arg>PY</arg>
<arg>QA</arg>
<arg>RE</arg>
<arg>RO</arg>
<arg>RS</arg>
<arg>RU</arg>
<arg>RW</arg>
<arg>SA</arg>
<arg>SB</arg>
<arg>SC</arg>
<arg>SD</arg>
<arg>SE</arg>
<arg>SG</arg>
<arg>SH</arg>
<arg>SI</arg>
<arg>SJ</arg>
<arg>SK</arg>
<arg>SL</arg>
<arg>SM</arg>
<arg>SN</arg>
<arg>SO</arg>
<arg>SR</arg>
<arg>SS</arg>
<arg>ST</arg>
<arg>SV</arg>
<arg>SX</arg>
<arg>SY</arg>
<arg>SZ</arg>
<arg>TC</arg>
<arg>TD</arg>
<arg>TF</arg>
<arg>TG</arg>
<arg>TH</arg>
<arg>TJ</arg>
<arg>TK</arg>
<arg>TL</arg>
<arg>TM</arg>
<arg>TN</arg>
<arg>TO</arg>
<arg>TR</arg>
<arg>TT</arg>
<arg>TV</arg>
<arg>TW</arg>
<arg>TZ</arg>
<arg>UA</arg>
<arg>UG</arg>
<arg>UM</arg>
<arg>US</arg>
<arg>UY</arg>
<arg>UZ</arg>
<arg>VA</arg>
<arg>VC</arg>
<arg>VE</arg>
<arg>VG</arg>
<arg>VI</arg>
<arg>VN</arg>
<arg>VU</arg>
<arg>WF</arg>
<arg>WS</arg>
<arg>XK</arg>
<arg>YE</arg>
<arg>YT</arg>
<arg>ZA</arg>
<arg>ZM</arg>
<arg>ZW</arg>
<doc>Returns a list containing given items.</doc>
<status status="PASS" start="2024-05-16T02:27:08.254544" elapsed="0.000619"/>
</kw>
<kw name="List Should Contain Value" owner="Collections">
<msg time="2024-05-16T02:27:08.256146" level="INFO">False</msg>
<arg>${list_country}</arg>
<arg>${name_country}</arg>
<doc>Fails if the ``value`` is not found from ``list``.</doc>
<status status="PASS" start="2024-05-16T02:27:08.255947" elapsed="0.000234"/>
</kw>
<kw name="Run Keyword If" owner="BuiltIn">
<kw name="Should Be True" owner="BuiltIn">
<arg>${True}</arg>
<doc>Fails if the given condition is not true.</doc>
<status status="PASS" start="2024-05-16T02:27:08.257241" elapsed="0.000144"/>
</kw>
<arg>${json_data["results"][0]["location"]["coordinates"]["latitude"]} &gt;= -90 and ${json_data["results"][0]["location"]["coordinates"]["latitude"]} &lt;= 90</arg>
<arg>Should Be True</arg>
<arg>${True}</arg>
<doc>Runs the given keyword with the given arguments, if ``condition`` is true.</doc>
<status status="PASS" start="2024-05-16T02:27:08.256496" elapsed="0.001016"/>
</kw>
<kw name="Run Keyword If" owner="BuiltIn">
<kw name="Should Be True" owner="BuiltIn">
<arg>${True}</arg>
<doc>Fails if the given condition is not true.</doc>
<status status="PASS" start="2024-05-16T02:27:08.258438" elapsed="0.000250"/>
</kw>
<arg>${json_data["results"][0]["location"]["coordinates"]["longitude"]} &gt;= -180 and ${json_data["results"][0]["location"]["coordinates"]["longitude"]} &lt;= 180</arg>
<arg>Should Be True</arg>
<arg>${True}</arg>
<doc>Runs the given keyword with the given arguments, if ``condition`` is true.</doc>
<status status="PASS" start="2024-05-16T02:27:08.257698" elapsed="0.001119"/>
</kw>
<status status="PASS" start="2024-05-16T02:27:08.162034" elapsed="0.096913"/>
</kw>
<doc>Testa o conteúdo específico dos campos retornados pela API.</doc>
<tag>testeConteudo</tag>
<status status="PASS" start="2024-05-16T02:27:08.161522" elapsed="0.097566"/>
</test>
<status status="PASS" start="2024-05-16T02:27:07.468684" elapsed="0.792254"/>
</suite>
<status status="PASS" start="2024-05-16T02:27:07.455395" elapsed="0.810649"/>
</suite>
<statistics>
<total>
<stat pass="5" fail="0" skip="0">All Tests</stat>
</total>
<tag>
<stat pass="1" fail="0" skip="0">testeConteudo</stat>
<stat pass="1" fail="0" skip="0">testeEstruturaResposta</stat>
<stat pass="1" fail="0" skip="0">testeRequisicaoBasica</stat>
<stat pass="1" fail="0" skip="0">testeTiposDados</stat>
</tag>
<suite>
<stat pass="5" fail="0" skip="0" id="s1" name="Tests">Tests</stat>
<stat pass="5" fail="0" skip="0" id="s1-s1" name="Random-User-Test">Tests.Random-User-Test</stat>
</suite>
</statistics>
<errors>
</errors>
</robot>
