<?xml version="1.0" encoding="UTF-8"?>
<robot generator="Robot 7.0 (Python 3.12.2 on linux)" generated="2024-03-21T08:16:28.607421" rpa="false" schemaversion="5">
<suite id="s1" name="Tests" source="/home/runner/work/DesafioQA---Itau---Rogerio-Jordao/DesafioQA---Itau---Rogerio-Jordao/DesafioQA - Itau - Rogerio Jordao/tests">
<suite id="s1-s1" name="Random-User-Test" source="/home/runner/work/DesafioQA---Itau---Rogerio-Jordao/DesafioQA---Itau---Rogerio-Jordao/DesafioQA - Itau - Rogerio Jordao/tests/random-user-test.robot">
<test id="s1-s1-t1" name="Conectar" line="24">
<kw name="Conectar API">
<kw name="Create Session" owner="RequestsLibrary">
<msg time="2024-03-21T08:16:28.955967" level="INFO">Creating Session using : alias=consultarAPI, url=https://randomuser.me/, headers={},                     cookies={}, auth=None, timeout=None, proxies=None, verify=False,                     debug=0 </msg>
<arg>consultarAPI</arg>
<arg>${URL}</arg>
<doc>Create Session: create a HTTP session to a server</doc>
<status status="PASS" start="2024-03-21T08:16:28.955724" elapsed="0.000436"/>
</kw>
<status status="PASS" start="2024-03-21T08:16:28.954391" elapsed="0.002165"/>
</kw>
<status status="PASS" start="2024-03-21T08:16:28.953849" elapsed="0.002906"/>
</test>
<test id="s1-s1-t2" name="Validar retorno 200 e JSON Válido" line="27">
<kw name="Teste de Requisicao Basica">
<kw name="GET On Session" owner="RequestsLibrary">
<msg time="2024-03-21T08:16:29.060316" level="INFO">GET Request : url=https://randomuser.me/api 
 path_url=/api 
 headers={'User-Agent': 'python-requests/2.31.0', 'Accept-Encoding': 'gzip, deflate', 'Accept': '*/*', 'Connection': 'keep-alive'} 
 body=None 
 </msg>
<msg time="2024-03-21T08:16:29.060471" level="INFO">GET Response : url=https://randomuser.me/api 
 status=200, reason=OK 
 headers={'Date': 'Thu, 21 Mar 2024 08:16:29 GMT', 'Content-Type': 'application/json; charset=utf-8', 'Transfer-Encoding': 'chunked', 'Connection': 'keep-alive', 'X-Powered-By': 'Express', 'Access-Control-Allow-Origin': '*', 'Cache-Control': 'no-cache', 'ETag': 'W/"489-IDQTl6h6VVUe+NbyHn8Hj4NT4Ck"', 'Vary': 'Accept-Encoding', 'Content-Encoding': 'gzip', 'CF-Cache-Status': 'DYNAMIC', 'Report-To': '{"endpoints":[{"url":"https:\\/\\/a.nel.cloudflare.com\\/report\\/v4?s=35kgla5IwWc9bFlGZ7%2F7749GgRbrNPQ3crQLjm8Z%2B1g4lDxbk5DmDrdLc93LEyWLdbpuVsLZrnFmv40ApFm1F2NQXnQDZriUjjmOFJTq9U4%2B4oObqj5DMl9ssykgFdrO"}],"group":"cf-nel","max_age":604800}', 'NEL': '{"success_fraction":0,"report_to":"cf-nel","max_age":604800}', 'Server': 'cloudflare', 'CF-RAY': '867c80053b8d7fe1-IAD', 'alt-svc': 'h3=":443"; ma=86400'} 
 body={"results":[{"gender":"female","name":{"title":"Miss","first":"Izzie","last":"Lee"},"location":{"street":{"number":8659,"name":"Alexander Road"},"city":"Kilcock","state":"Offaly","country":"Ireland","postcode":33158,"coordinates":{"latitude":"-0.6186","longitude":"30.5859"},"timezone":{"offset":"+10:00","description":"Eastern Australia, Guam, Vladivostok"}},"email":"izzie.lee@example.com","login":{"uuid":"782fd07b-40de-4b11-88bc-4ab81eaccdd8","username":"silverfish669","password":"phillips","salt":"c25RgfWF","md5":"f087fa23e32b6cdc147c437cc48ae61c","sha1":"4ab1725270721565de81eec205ee058dbe405b07","sha256":"9c0a0c68082782471fc546d59c94c95a4c01171807b1da3b81bfb98b115632c6"},"dob":{"date":"1985-08-16T16:02:13.461Z","age":38},"registered":{"date":"2012-08-04T05:32:25.704Z","age":11},"phone":"071-677-8857","cell":"081-002-4596","id":{"name":"PPS","value":"3978524T"},"picture":{"large":"https://randomuser.me/api/portraits/women/6.jpg","medium":"https://randomuser.me/api/portraits/med/women/6.jpg","thumbnail":"https://randomuser.me/api/portraits/thumb/women/6.jpg"},"nat":"IE"}],"info":{"seed":"5216d6b6b2de6940","results":1,"page":1,"version":"1.4"}} 
 </msg>
<msg time="2024-03-21T08:16:29.060774" level="INFO">/opt/hostedtoolcache/Python/3.12.2/x64/lib/python3.12/site-packages/urllib3/connectionpool.py:1103: InsecureRequestWarning: Unverified HTTPS request is being made to host 'randomuser.me'. Adding certificate verification is strongly advised. See: https://urllib3.readthedocs.io/en/latest/advanced-usage.html#tls-warnings
  warnings.warn(</msg>
<msg time="2024-03-21T08:16:29.060923" level="INFO">${response} = &lt;Response [200]&gt;</msg>
<var>${response}</var>
<arg>consultarAPI</arg>
<arg>/api</arg>
<doc>Sends a GET request on a previously created HTTP Session.</doc>
<status status="PASS" start="2024-03-21T08:16:28.959347" elapsed="0.101618"/>
</kw>
<kw name="Should Be Equal As Numbers" owner="BuiltIn">
<msg time="2024-03-21T08:16:29.062162" level="INFO">Argument types are:
&lt;class 'int'&gt;
&lt;class 'str'&gt;</msg>
<arg>${response.status_code}</arg>
<arg>200</arg>
<doc>Fails if objects are unequal after converting them to real numbers.</doc>
<status status="PASS" start="2024-03-21T08:16:29.061623" elapsed="0.000615"/>
</kw>
<kw name="Log" owner="BuiltIn">
<msg time="2024-03-21T08:16:29.062924" level="INFO">200</msg>
<arg>${response.status_code}</arg>
<doc>Logs the given message with the given level.</doc>
<status status="PASS" start="2024-03-21T08:16:29.062557" elapsed="0.000410"/>
</kw>
<kw name="Set Variable" owner="BuiltIn">
<msg time="2024-03-21T08:16:29.063715" level="INFO">${json_data} = {'results': [{'gender': 'female', 'name': {'title': 'Miss', 'first': 'Izzie', 'last': 'Lee'}, 'location': {'street': {'number': 8659, 'name': 'Alexander Road'}, 'city': 'Kilcock', 'state': 'Offaly', '...</msg>
<var>${json_data}</var>
<arg>${response.json()}</arg>
<doc>Returns the given values which can then be assigned to a variables.</doc>
<status status="PASS" start="2024-03-21T08:16:29.063270" elapsed="0.000474"/>
</kw>
<kw name="Dictionary Should Contain Key" owner="Collections">
<msg time="2024-03-21T08:16:29.064236" level="INFO">False</msg>
<arg>${json_data}</arg>
<arg>results</arg>
<doc>Fails if ``key`` is not found from ``dictionary``.</doc>
<status status="PASS" start="2024-03-21T08:16:29.064066" elapsed="0.000210"/>
</kw>
<status status="PASS" start="2024-03-21T08:16:28.959104" elapsed="0.105440"/>
</kw>
<doc>Testa se a API responde corretamente e retorna um objeto JSON válido.</doc>
<tag>testeRequisicaoBasica</tag>
<status status="PASS" start="2024-03-21T08:16:28.958653" elapsed="0.106076"/>
</test>
<test id="s1-s1-t3" name="Validar estrutura de resposta" line="33">
<kw name="Teste de Estrutura de Resposta">
<kw name="GET On Session" owner="RequestsLibrary">
<msg time="2024-03-21T08:16:29.151743" level="INFO">GET Request : url=https://randomuser.me/api 
 path_url=/api 
 headers={'User-Agent': 'python-requests/2.31.0', 'Accept-Encoding': 'gzip, deflate', 'Accept': '*/*', 'Connection': 'keep-alive'} 
 body=None 
 </msg>
<msg time="2024-03-21T08:16:29.151842" level="INFO">GET Response : url=https://randomuser.me/api 
 status=200, reason=OK 
 headers={'Date': 'Thu, 21 Mar 2024 08:16:29 GMT', 'Content-Type': 'application/json; charset=utf-8', 'Transfer-Encoding': 'chunked', 'Connection': 'keep-alive', 'X-Powered-By': 'Express', 'Access-Control-Allow-Origin': '*', 'Cache-Control': 'no-cache', 'ETag': 'W/"4a3-wUy7wfpG76o8IQKRvdBVJQFLDsk"', 'Vary': 'Accept-Encoding', 'Content-Encoding': 'gzip', 'CF-Cache-Status': 'DYNAMIC', 'Report-To': '{"endpoints":[{"url":"https:\\/\\/a.nel.cloudflare.com\\/report\\/v4?s=l5E3tHPlMdmFnR0oN1%2BKDw8bMt6dv%2BgQq%2FVAqstkscRJ9GITx6pP50Cq0VstLXb2fTAIjpEK3eBnrAnuIbbq15C%2BF9c3fQl8KgEuGm4LAL6uCXS%2BjCQXlMstiCxn9DB6"}],"group":"cf-nel","max_age":604800}', 'NEL': '{"success_fraction":0,"report_to":"cf-nel","max_age":604800}', 'Server': 'cloudflare', 'CF-RAY': '867c8005abfc7fe1-IAD', 'alt-svc': 'h3=":443"; ma=86400'} 
 body={"results":[{"gender":"male","name":{"title":"Mr","first":"Micheal","last":"Wallace"},"location":{"street":{"number":8172,"name":"Fairview St"},"city":"Ballarat","state":"Australian Capital Territory","country":"Australia","postcode":8859,"coordinates":{"latitude":"-82.7785","longitude":"-108.3706"},"timezone":{"offset":"+9:00","description":"Tokyo, Seoul, Osaka, Sapporo, Yakutsk"}},"email":"micheal.wallace@example.com","login":{"uuid":"beed4113-c553-46ac-8d0d-6e2f6acec9ec","username":"angryswan487","password":"storm","salt":"YtwoxNXa","md5":"0304c571ab1502f01628c5072a206efc","sha1":"2dc9649a62c87288d04f4e2b0cce48bebd592648","sha256":"3e75d89ff921f598540184571aa7624922759162b64e53763cba0e53d384b6a8"},"dob":{"date":"1997-06-08T13:49:30.150Z","age":26},"registered":{"date":"2005-07-03T20:18:43.890Z","age":18},"phone":"04-6787-5874","cell":"0413-052-959","id":{"name":"TFN","value":"650373338"},"picture":{"large":"https://randomuser.me/api/portraits/men/93.jpg","medium":"https://randomuser.me/api/portraits/med/men/93.jpg","thumbnail":"https://randomuser.me/api/portraits/thumb/men/93.jpg"},"nat":"AU"}],"info":{"seed":"a2a819020ea1c2eb","results":1,"page":1,"version":"1.4"}} 
 </msg>
<msg time="2024-03-21T08:16:29.151966" level="INFO">/opt/hostedtoolcache/Python/3.12.2/x64/lib/python3.12/site-packages/urllib3/connectionpool.py:1103: InsecureRequestWarning: Unverified HTTPS request is being made to host 'randomuser.me'. Adding certificate verification is strongly advised. See: https://urllib3.readthedocs.io/en/latest/advanced-usage.html#tls-warnings
  warnings.warn(</msg>
<msg time="2024-03-21T08:16:29.152098" level="INFO">${response} = &lt;Response [200]&gt;</msg>
<var>${response}</var>
<arg>consultarAPI</arg>
<arg>/api</arg>
<doc>Sends a GET request on a previously created HTTP Session.</doc>
<status status="PASS" start="2024-03-21T08:16:29.067367" elapsed="0.084773"/>
</kw>
<kw name="Set Variable" owner="BuiltIn">
<msg time="2024-03-21T08:16:29.153373" level="INFO">${json_data} = {'results': [{'gender': 'male', 'name': {'title': 'Mr', 'first': 'Micheal', 'last': 'Wallace'}, 'location': {'street': {'number': 8172, 'name': 'Fairview St'}, 'city': 'Ballarat', 'state': 'Australian...</msg>
<var>${json_data}</var>
<arg>${response.json()}</arg>
<doc>Returns the given values which can then be assigned to a variables.</doc>
<status status="PASS" start="2024-03-21T08:16:29.152742" elapsed="0.000661"/>
</kw>
<kw name="Log" owner="BuiltIn">
<msg time="2024-03-21T08:16:29.153917" level="INFO">{'results': [{'gender': 'male', 'name': {'title': 'Mr', 'first': 'Micheal', 'last': 'Wallace'}, 'location': {'street': {'number': 8172, 'name': 'Fairview St'}, 'city': 'Ballarat', 'state': 'Australian Capital Territory', 'country': 'Australia', 'postcode': 8859, 'coordinates': {'latitude': '-82.7785', 'longitude': '-108.3706'}, 'timezone': {'offset': '+9:00', 'description': 'Tokyo, Seoul, Osaka, Sapporo, Yakutsk'}}, 'email': 'micheal.wallace@example.com', 'login': {'uuid': 'beed4113-c553-46ac-8d0d-6e2f6acec9ec', 'username': 'angryswan487', 'password': 'storm', 'salt': 'YtwoxNXa', 'md5': '0304c571ab1502f01628c5072a206efc', 'sha1': '2dc9649a62c87288d04f4e2b0cce48bebd592648', 'sha256': '3e75d89ff921f598540184571aa7624922759162b64e53763cba0e53d384b6a8'}, 'dob': {'date': '1997-06-08T13:49:30.150Z', 'age': 26}, 'registered': {'date': '2005-07-03T20:18:43.890Z', 'age': 18}, 'phone': '04-6787-5874', 'cell': '0413-052-959', 'id': {'name': 'TFN', 'value': '650373338'}, 'picture': {'large': 'https://randomuser.me/api/portraits/men/93.jpg', 'medium': 'https://randomuser.me/api/portraits/med/men/93.jpg', 'thumbnail': 'https://randomuser.me/api/portraits/thumb/men/93.jpg'}, 'nat': 'AU'}], 'info': {'seed': 'a2a819020ea1c2eb', 'results': 1, 'page': 1, 'version': '1.4'}}</msg>
<arg>${json_data}</arg>
<doc>Logs the given message with the given level.</doc>
<status status="PASS" start="2024-03-21T08:16:29.153754" elapsed="0.000212"/>
</kw>
<kw name="Dictionary Should Contain Key" owner="Collections">
<msg time="2024-03-21T08:16:29.154424" level="INFO">False</msg>
<arg>${json_data}</arg>
<arg>results</arg>
<doc>Fails if ``key`` is not found from ``dictionary``.</doc>
<status status="PASS" start="2024-03-21T08:16:29.154265" elapsed="0.000196"/>
</kw>
<kw name="Should Not Be Empty" owner="BuiltIn">
<msg time="2024-03-21T08:16:29.154887" level="INFO">Length is 2.</msg>
<arg>${json_data}</arg>
<doc>Verifies that the given item is not empty.</doc>
<status status="PASS" start="2024-03-21T08:16:29.154747" elapsed="0.000179"/>
</kw>
<kw name="Create List" owner="BuiltIn">
<msg time="2024-03-21T08:16:29.155361" level="INFO">${expected_keys} = ['gender', 'name', 'location', 'email', 'login']</msg>
<var>${expected_keys}</var>
<arg>gender</arg>
<arg>name</arg>
<arg>location</arg>
<arg>email</arg>
<arg>login</arg>
<doc>Returns a list containing given items.</doc>
<status status="PASS" start="2024-03-21T08:16:29.155211" elapsed="0.000176"/>
</kw>
<for flavor="IN">
<iter>
<kw name="Dictionary Should Contain Key" owner="Collections">
<msg time="2024-03-21T08:16:29.156391" level="INFO">False</msg>
<arg>${json_data['results'][0]}</arg>
<arg>${key}</arg>
<doc>Fails if ``key`` is not found from ``dictionary``.</doc>
<status status="PASS" start="2024-03-21T08:16:29.155983" elapsed="0.000447"/>
</kw>
<kw name="Log" owner="BuiltIn">
<msg time="2024-03-21T08:16:29.157114" level="INFO">{'gender': 'male', 'name': {'title': 'Mr', 'first': 'Micheal', 'last': 'Wallace'}, 'location': {'street': {'number': 8172, 'name': 'Fairview St'}, 'city': 'Ballarat', 'state': 'Australian Capital Territory', 'country': 'Australia', 'postcode': 8859, 'coordinates': {'latitude': '-82.7785', 'longitude': '-108.3706'}, 'timezone': {'offset': '+9:00', 'description': 'Tokyo, Seoul, Osaka, Sapporo, Yakutsk'}}, 'email': 'micheal.wallace@example.com', 'login': {'uuid': 'beed4113-c553-46ac-8d0d-6e2f6acec9ec', 'username': 'angryswan487', 'password': 'storm', 'salt': 'YtwoxNXa', 'md5': '0304c571ab1502f01628c5072a206efc', 'sha1': '2dc9649a62c87288d04f4e2b0cce48bebd592648', 'sha256': '3e75d89ff921f598540184571aa7624922759162b64e53763cba0e53d384b6a8'}, 'dob': {'date': '1997-06-08T13:49:30.150Z', 'age': 26}, 'registered': {'date': '2005-07-03T20:18:43.890Z', 'age': 18}, 'phone': '04-6787-5874', 'cell': '0413-052-959', 'id': {'name': 'TFN', 'value': '650373338'}, 'picture': {'large': 'https://randomuser.me/api/portraits/men/93.jpg', 'medium': 'https://randomuser.me/api/portraits/med/men/93.jpg', 'thumbnail': 'https://randomuser.me/api/portraits/thumb/men/93.jpg'}, 'nat': 'AU'}</msg>
<arg>${json_data['results'][0]}</arg>
<doc>Logs the given message with the given level.</doc>
<status status="PASS" start="2024-03-21T08:16:29.156728" elapsed="0.000435"/>
</kw>
<kw name="Log" owner="BuiltIn">
<msg time="2024-03-21T08:16:29.157634" level="INFO">gender</msg>
<arg>${key}</arg>
<doc>Logs the given message with the given level.</doc>
<status status="PASS" start="2024-03-21T08:16:29.157462" elapsed="0.000215"/>
</kw>
<var name="${key}">gender</var>
<status status="PASS" start="2024-03-21T08:16:29.155863" elapsed="0.002039"/>
</iter>
<iter>
<kw name="Dictionary Should Contain Key" owner="Collections">
<msg time="2024-03-21T08:16:29.158604" level="INFO">False</msg>
<arg>${json_data['results'][0]}</arg>
<arg>${key}</arg>
<doc>Fails if ``key`` is not found from ``dictionary``.</doc>
<status status="PASS" start="2024-03-21T08:16:29.158206" elapsed="0.000437"/>
</kw>
<kw name="Log" owner="BuiltIn">
<msg time="2024-03-21T08:16:29.159321" level="INFO">{'gender': 'male', 'name': {'title': 'Mr', 'first': 'Micheal', 'last': 'Wallace'}, 'location': {'street': {'number': 8172, 'name': 'Fairview St'}, 'city': 'Ballarat', 'state': 'Australian Capital Territory', 'country': 'Australia', 'postcode': 8859, 'coordinates': {'latitude': '-82.7785', 'longitude': '-108.3706'}, 'timezone': {'offset': '+9:00', 'description': 'Tokyo, Seoul, Osaka, Sapporo, Yakutsk'}}, 'email': 'micheal.wallace@example.com', 'login': {'uuid': 'beed4113-c553-46ac-8d0d-6e2f6acec9ec', 'username': 'angryswan487', 'password': 'storm', 'salt': 'YtwoxNXa', 'md5': '0304c571ab1502f01628c5072a206efc', 'sha1': '2dc9649a62c87288d04f4e2b0cce48bebd592648', 'sha256': '3e75d89ff921f598540184571aa7624922759162b64e53763cba0e53d384b6a8'}, 'dob': {'date': '1997-06-08T13:49:30.150Z', 'age': 26}, 'registered': {'date': '2005-07-03T20:18:43.890Z', 'age': 18}, 'phone': '04-6787-5874', 'cell': '0413-052-959', 'id': {'name': 'TFN', 'value': '650373338'}, 'picture': {'large': 'https://randomuser.me/api/portraits/men/93.jpg', 'medium': 'https://randomuser.me/api/portraits/med/men/93.jpg', 'thumbnail': 'https://randomuser.me/api/portraits/thumb/men/93.jpg'}, 'nat': 'AU'}</msg>
<arg>${json_data['results'][0]}</arg>
<doc>Logs the given message with the given level.</doc>
<status status="PASS" start="2024-03-21T08:16:29.158962" elapsed="0.000407"/>
</kw>
<kw name="Log" owner="BuiltIn">
<msg time="2024-03-21T08:16:29.159787" level="INFO">name</msg>
<arg>${key}</arg>
<doc>Logs the given message with the given level.</doc>
<status status="PASS" start="2024-03-21T08:16:29.159659" elapsed="0.000165"/>
</kw>
<var name="${key}">name</var>
<status status="PASS" start="2024-03-21T08:16:29.158096" elapsed="0.001946"/>
</iter>
<iter>
<kw name="Dictionary Should Contain Key" owner="Collections">
<msg time="2024-03-21T08:16:29.160714" level="INFO">False</msg>
<arg>${json_data['results'][0]}</arg>
<arg>${key}</arg>
<doc>Fails if ``key`` is not found from ``dictionary``.</doc>
<status status="PASS" start="2024-03-21T08:16:29.160336" elapsed="0.000550"/>
</kw>
<kw name="Log" owner="BuiltIn">
<msg time="2024-03-21T08:16:29.161585" level="INFO">{'gender': 'male', 'name': {'title': 'Mr', 'first': 'Micheal', 'last': 'Wallace'}, 'location': {'street': {'number': 8172, 'name': 'Fairview St'}, 'city': 'Ballarat', 'state': 'Australian Capital Territory', 'country': 'Australia', 'postcode': 8859, 'coordinates': {'latitude': '-82.7785', 'longitude': '-108.3706'}, 'timezone': {'offset': '+9:00', 'description': 'Tokyo, Seoul, Osaka, Sapporo, Yakutsk'}}, 'email': 'micheal.wallace@example.com', 'login': {'uuid': 'beed4113-c553-46ac-8d0d-6e2f6acec9ec', 'username': 'angryswan487', 'password': 'storm', 'salt': 'YtwoxNXa', 'md5': '0304c571ab1502f01628c5072a206efc', 'sha1': '2dc9649a62c87288d04f4e2b0cce48bebd592648', 'sha256': '3e75d89ff921f598540184571aa7624922759162b64e53763cba0e53d384b6a8'}, 'dob': {'date': '1997-06-08T13:49:30.150Z', 'age': 26}, 'registered': {'date': '2005-07-03T20:18:43.890Z', 'age': 18}, 'phone': '04-6787-5874', 'cell': '0413-052-959', 'id': {'name': 'TFN', 'value': '650373338'}, 'picture': {'large': 'https://randomuser.me/api/portraits/men/93.jpg', 'medium': 'https://randomuser.me/api/portraits/med/men/93.jpg', 'thumbnail': 'https://randomuser.me/api/portraits/thumb/men/93.jpg'}, 'nat': 'AU'}</msg>
<arg>${json_data['results'][0]}</arg>
<doc>Logs the given message with the given level.</doc>
<status status="PASS" start="2024-03-21T08:16:29.161185" elapsed="0.000452"/>
</kw>
<kw name="Log" owner="BuiltIn">
<msg time="2024-03-21T08:16:29.162058" level="INFO">location</msg>
<arg>${key}</arg>
<doc>Logs the given message with the given level.</doc>
<status status="PASS" start="2024-03-21T08:16:29.161932" elapsed="0.000168"/>
</kw>
<var name="${key}">location</var>
<status status="PASS" start="2024-03-21T08:16:29.160226" elapsed="0.002090"/>
</iter>
<iter>
<kw name="Dictionary Should Contain Key" owner="Collections">
<msg time="2024-03-21T08:16:29.162972" level="INFO">False</msg>
<arg>${json_data['results'][0]}</arg>
<arg>${key}</arg>
<doc>Fails if ``key`` is not found from ``dictionary``.</doc>
<status status="PASS" start="2024-03-21T08:16:29.162598" elapsed="0.000412"/>
</kw>
<kw name="Log" owner="BuiltIn">
<msg time="2024-03-21T08:16:29.163657" level="INFO">{'gender': 'male', 'name': {'title': 'Mr', 'first': 'Micheal', 'last': 'Wallace'}, 'location': {'street': {'number': 8172, 'name': 'Fairview St'}, 'city': 'Ballarat', 'state': 'Australian Capital Territory', 'country': 'Australia', 'postcode': 8859, 'coordinates': {'latitude': '-82.7785', 'longitude': '-108.3706'}, 'timezone': {'offset': '+9:00', 'description': 'Tokyo, Seoul, Osaka, Sapporo, Yakutsk'}}, 'email': 'micheal.wallace@example.com', 'login': {'uuid': 'beed4113-c553-46ac-8d0d-6e2f6acec9ec', 'username': 'angryswan487', 'password': 'storm', 'salt': 'YtwoxNXa', 'md5': '0304c571ab1502f01628c5072a206efc', 'sha1': '2dc9649a62c87288d04f4e2b0cce48bebd592648', 'sha256': '3e75d89ff921f598540184571aa7624922759162b64e53763cba0e53d384b6a8'}, 'dob': {'date': '1997-06-08T13:49:30.150Z', 'age': 26}, 'registered': {'date': '2005-07-03T20:18:43.890Z', 'age': 18}, 'phone': '04-6787-5874', 'cell': '0413-052-959', 'id': {'name': 'TFN', 'value': '650373338'}, 'picture': {'large': 'https://randomuser.me/api/portraits/men/93.jpg', 'medium': 'https://randomuser.me/api/portraits/med/men/93.jpg', 'thumbnail': 'https://randomuser.me/api/portraits/thumb/men/93.jpg'}, 'nat': 'AU'}</msg>
<arg>${json_data['results'][0]}</arg>
<doc>Logs the given message with the given level.</doc>
<status status="PASS" start="2024-03-21T08:16:29.163298" elapsed="0.000405"/>
</kw>
<kw name="Log" owner="BuiltIn">
<msg time="2024-03-21T08:16:29.164110" level="INFO">email</msg>
<arg>${key}</arg>
<doc>Logs the given message with the given level.</doc>
<status status="PASS" start="2024-03-21T08:16:29.163986" elapsed="0.000162"/>
</kw>
<var name="${key}">email</var>
<status status="PASS" start="2024-03-21T08:16:29.162493" elapsed="0.001868"/>
</iter>
<iter>
<kw name="Dictionary Should Contain Key" owner="Collections">
<msg time="2024-03-21T08:16:29.165025" level="INFO">False</msg>
<arg>${json_data['results'][0]}</arg>
<arg>${key}</arg>
<doc>Fails if ``key`` is not found from ``dictionary``.</doc>
<status status="PASS" start="2024-03-21T08:16:29.164638" elapsed="0.000426"/>
</kw>
<kw name="Log" owner="BuiltIn">
<msg time="2024-03-21T08:16:29.165761" level="INFO">{'gender': 'male', 'name': {'title': 'Mr', 'first': 'Micheal', 'last': 'Wallace'}, 'location': {'street': {'number': 8172, 'name': 'Fairview St'}, 'city': 'Ballarat', 'state': 'Australian Capital Territory', 'country': 'Australia', 'postcode': 8859, 'coordinates': {'latitude': '-82.7785', 'longitude': '-108.3706'}, 'timezone': {'offset': '+9:00', 'description': 'Tokyo, Seoul, Osaka, Sapporo, Yakutsk'}}, 'email': 'micheal.wallace@example.com', 'login': {'uuid': 'beed4113-c553-46ac-8d0d-6e2f6acec9ec', 'username': 'angryswan487', 'password': 'storm', 'salt': 'YtwoxNXa', 'md5': '0304c571ab1502f01628c5072a206efc', 'sha1': '2dc9649a62c87288d04f4e2b0cce48bebd592648', 'sha256': '3e75d89ff921f598540184571aa7624922759162b64e53763cba0e53d384b6a8'}, 'dob': {'date': '1997-06-08T13:49:30.150Z', 'age': 26}, 'registered': {'date': '2005-07-03T20:18:43.890Z', 'age': 18}, 'phone': '04-6787-5874', 'cell': '0413-052-959', 'id': {'name': 'TFN', 'value': '650373338'}, 'picture': {'large': 'https://randomuser.me/api/portraits/men/93.jpg', 'medium': 'https://randomuser.me/api/portraits/med/men/93.jpg', 'thumbnail': 'https://randomuser.me/api/portraits/thumb/men/93.jpg'}, 'nat': 'AU'}</msg>
<arg>${json_data['results'][0]}</arg>
<doc>Logs the given message with the given level.</doc>
<status status="PASS" start="2024-03-21T08:16:29.165363" elapsed="0.000446"/>
</kw>
<kw name="Log" owner="BuiltIn">
<msg time="2024-03-21T08:16:29.166233" level="INFO">login</msg>
<arg>${key}</arg>
<doc>Logs the given message with the given level.</doc>
<status status="PASS" start="2024-03-21T08:16:29.166103" elapsed="0.000200"/>
</kw>
<var name="${key}">login</var>
<status status="PASS" start="2024-03-21T08:16:29.164535" elapsed="0.001994"/>
</iter>
<var>${key}</var>
<value>@{expected_keys}</value>
<status status="PASS" start="2024-03-21T08:16:29.155656" elapsed="0.010999"/>
</for>
<kw name="Create List" owner="BuiltIn">
<msg time="2024-03-21T08:16:29.166986" level="INFO">${expected_keysTwo} = ['username', 'password']</msg>
<var>${expected_keysTwo}</var>
<arg>username</arg>
<arg>password</arg>
<doc>Returns a list containing given items.</doc>
<status status="PASS" start="2024-03-21T08:16:29.166847" elapsed="0.000163"/>
</kw>
<for flavor="IN">
<iter>
<kw name="Dictionary Should Contain Key" owner="Collections">
<msg time="2024-03-21T08:16:29.167892" level="INFO">False</msg>
<arg>${json_data['results'][0]['login']}</arg>
<arg>${keyTwo}</arg>
<doc>Fails if ``key`` is not found from ``dictionary``.</doc>
<status status="PASS" start="2024-03-21T08:16:29.167510" elapsed="0.000419"/>
</kw>
<kw name="Dictionary Should Contain Key" owner="Collections">
<msg time="2024-03-21T08:16:29.168610" level="INFO">False</msg>
<arg>${json_data['results'][0]['login']}</arg>
<arg>${keyTwo}</arg>
<doc>Fails if ``key`` is not found from ``dictionary``.</doc>
<status status="PASS" start="2024-03-21T08:16:29.168225" elapsed="0.000423"/>
</kw>
<kw name="Log" owner="BuiltIn">
<msg time="2024-03-21T08:16:29.169062" level="INFO">username</msg>
<arg>${keyTwo}</arg>
<doc>Logs the given message with the given level.</doc>
<status status="PASS" start="2024-03-21T08:16:29.168936" elapsed="0.000164"/>
</kw>
<var name="${keyTwo}">username</var>
<status status="PASS" start="2024-03-21T08:16:29.167408" elapsed="0.001914"/>
</iter>
<iter>
<kw name="Dictionary Should Contain Key" owner="Collections">
<msg time="2024-03-21T08:16:29.170029" level="INFO">False</msg>
<arg>${json_data['results'][0]['login']}</arg>
<arg>${keyTwo}</arg>
<doc>Fails if ``key`` is not found from ``dictionary``.</doc>
<status status="PASS" start="2024-03-21T08:16:29.169634" elapsed="0.000432"/>
</kw>
<kw name="Dictionary Should Contain Key" owner="Collections">
<msg time="2024-03-21T08:16:29.170733" level="INFO">False</msg>
<arg>${json_data['results'][0]['login']}</arg>
<arg>${keyTwo}</arg>
<doc>Fails if ``key`` is not found from ``dictionary``.</doc>
<status status="PASS" start="2024-03-21T08:16:29.170355" elapsed="0.000414"/>
</kw>
<kw name="Log" owner="BuiltIn">
<msg time="2024-03-21T08:16:29.171183" level="INFO">password</msg>
<arg>${keyTwo}</arg>
<doc>Logs the given message with the given level.</doc>
<status status="PASS" start="2024-03-21T08:16:29.171055" elapsed="0.000167"/>
</kw>
<var name="${keyTwo}">password</var>
<status status="PASS" start="2024-03-21T08:16:29.169498" elapsed="0.001942"/>
</iter>
<var>${keyTwo}</var>
<value>@{expected_keysTwo}</value>
<status status="PASS" start="2024-03-21T08:16:29.167251" elapsed="0.004311"/>
</for>
<status status="PASS" start="2024-03-21T08:16:29.067141" elapsed="0.104567"/>
</kw>
<doc>Testa a estrutura da resposta da API.</doc>
<tag>testeEstruturaResposta</tag>
<status status="PASS" start="2024-03-21T08:16:29.066631" elapsed="0.105239"/>
</test>
<test id="s1-s1-t4" name="Validar tipos de dados" line="39">
<kw name="Teste de Tipos de Dados">
<kw name="GET On Session" owner="RequestsLibrary">
<msg time="2024-03-21T08:16:29.248709" level="INFO">GET Request : url=https://randomuser.me/api 
 path_url=/api 
 headers={'User-Agent': 'python-requests/2.31.0', 'Accept-Encoding': 'gzip, deflate', 'Accept': '*/*', 'Connection': 'keep-alive'} 
 body=None 
 </msg>
<msg time="2024-03-21T08:16:29.248808" level="INFO">GET Response : url=https://randomuser.me/api 
 status=200, reason=OK 
 headers={'Date': 'Thu, 21 Mar 2024 08:16:29 GMT', 'Content-Type': 'application/json; charset=utf-8', 'Transfer-Encoding': 'chunked', 'Connection': 'keep-alive', 'X-Powered-By': 'Express', 'Access-Control-Allow-Origin': '*', 'Cache-Control': 'no-cache', 'ETag': 'W/"4a2-f5dDxh6THp4caZ2C5DGowj0HRu8"', 'Vary': 'Accept-Encoding', 'Content-Encoding': 'gzip', 'CF-Cache-Status': 'DYNAMIC', 'Report-To': '{"endpoints":[{"url":"https:\\/\\/a.nel.cloudflare.com\\/report\\/v4?s=cZeDMDRXAfgaXUY6yzSkA4xO4Zlh6spgsKTpptmMSc45hlIcobKxLihdtoCCHk2S7e13OvYJCAVkZdLBJ1KKm2IrJTIzOgOHM%2BlUjlzfXLkYvnwvPjEqRLaPB3MSTMNp"}],"group":"cf-nel","max_age":604800}', 'NEL': '{"success_fraction":0,"report_to":"cf-nel","max_age":604800}', 'Server': 'cloudflare', 'CF-RAY': '867c80065c8f7fe1-IAD', 'alt-svc': 'h3=":443"; ma=86400'} 
 body={"results":[{"gender":"female","name":{"title":"Ms","first":"Nevena","last":"Petković"},"location":{"street":{"number":8394,"name":"Lazara Dimitrijevića "},"city":"Bela Palanka","state":"Zaječar","country":"Serbia","postcode":76719,"coordinates":{"latitude":"56.0771","longitude":"44.0058"},"timezone":{"offset":"+8:00","description":"Beijing, Perth, Singapore, Hong Kong"}},"email":"nevena.petkovic@example.com","login":{"uuid":"a8cdd61f-b4c5-4104-8afe-46b4b1860d73","username":"tinyfrog468","password":"vikings","salt":"qXwfbstO","md5":"540e987964ca6a265b4bca74073767f6","sha1":"fee3173cb9155f5fc4b5919f9a436ee418c4024a","sha256":"b79d871c905efc6482e231fb6047fbb461a291f86896ad856c7afa44967a2139"},"dob":{"date":"1987-03-02T13:16:21.752Z","age":37},"registered":{"date":"2008-04-07T10:31:36.041Z","age":15},"phone":"015-3084-272","cell":"064-3530-694","id":{"name":"SID","value":"281981452"},"picture":{"large":"https://randomuser.me/api/portraits/women/68.jpg","medium":"https://randomuser.me/api/portraits/med/women/68.jpg","thumbnail":"https://randomuser.me/api/portraits/thumb/women/68.jpg"},"nat":"RS"}],"info":{"seed":"8af5d630672d7dbe","results":1,"page":1,"version":"1.4"}} 
 </msg>
<msg time="2024-03-21T08:16:29.248881" level="INFO">/opt/hostedtoolcache/Python/3.12.2/x64/lib/python3.12/site-packages/urllib3/connectionpool.py:1103: InsecureRequestWarning: Unverified HTTPS request is being made to host 'randomuser.me'. Adding certificate verification is strongly advised. See: https://urllib3.readthedocs.io/en/latest/advanced-usage.html#tls-warnings
  warnings.warn(</msg>
<msg time="2024-03-21T08:16:29.249015" level="INFO">${response} = &lt;Response [200]&gt;</msg>
<var>${response}</var>
<arg>consultarAPI</arg>
<arg>/api</arg>
<doc>Sends a GET request on a previously created HTTP Session.</doc>
<status status="PASS" start="2024-03-21T08:16:29.174381" elapsed="0.074672"/>
</kw>
<kw name="Set Variable" owner="BuiltIn">
<msg time="2024-03-21T08:16:29.250333" level="INFO">${json_data} = {'results': [{'gender': 'female', 'name': {'title': 'Ms', 'first': 'Nevena', 'last': 'Petković'}, 'location': {'street': {'number': 8394, 'name': 'Lazara Dimitrijevića '}, 'city': 'Bela Palanka', 'sta...</msg>
<var>${json_data}</var>
<arg>${response.json()}</arg>
<doc>Returns the given values which can then be assigned to a variables.</doc>
<status status="PASS" start="2024-03-21T08:16:29.249714" elapsed="0.000655"/>
</kw>
<kw name="Log" owner="BuiltIn">
<msg time="2024-03-21T08:16:29.250853" level="INFO">{'results': [{'gender': 'female', 'name': {'title': 'Ms', 'first': 'Nevena', 'last': 'Petković'}, 'location': {'street': {'number': 8394, 'name': 'Lazara Dimitrijevića '}, 'city': 'Bela Palanka', 'state': 'Zaječar', 'country': 'Serbia', 'postcode': 76719, 'coordinates': {'latitude': '56.0771', 'longitude': '44.0058'}, 'timezone': {'offset': '+8:00', 'description': 'Beijing, Perth, Singapore, Hong Kong'}}, 'email': 'nevena.petkovic@example.com', 'login': {'uuid': 'a8cdd61f-b4c5-4104-8afe-46b4b1860d73', 'username': 'tinyfrog468', 'password': 'vikings', 'salt': 'qXwfbstO', 'md5': '540e987964ca6a265b4bca74073767f6', 'sha1': 'fee3173cb9155f5fc4b5919f9a436ee418c4024a', 'sha256': 'b79d871c905efc6482e231fb6047fbb461a291f86896ad856c7afa44967a2139'}, 'dob': {'date': '1987-03-02T13:16:21.752Z', 'age': 37}, 'registered': {'date': '2008-04-07T10:31:36.041Z', 'age': 15}, 'phone': '015-3084-272', 'cell': '064-3530-694', 'id': {'name': 'SID', 'value': '281981452'}, 'picture': {'large': 'https://randomuser.me/api/portraits/women/68.jpg', 'medium': 'https://randomuser.me/api/portraits/med/women/68.jpg', 'thumbnail': 'https://randomuser.me/api/portraits/thumb/women/68.jpg'}, 'nat': 'RS'}], 'info': {'seed': '8af5d630672d7dbe', 'results': 1, 'page': 1, 'version': '1.4'}}</msg>
<arg>${json_data}</arg>
<doc>Logs the given message with the given level.</doc>
<status status="PASS" start="2024-03-21T08:16:29.250691" elapsed="0.000251"/>
</kw>
<kw name="Should Be String" owner="String">
<arg>${json_data['results'][0]['gender']}</arg>
<doc>Fails if the given ``item`` is not a string.</doc>
<status status="PASS" start="2024-03-21T08:16:29.251247" elapsed="0.000371"/>
</kw>
<kw name="Should Match Regexp" owner="BuiltIn">
<arg>${json_data['results'][0]['email']}</arg>
<arg>^[a-zA-Z0-9._%+-]+@[a-zA-Z0-9.-]+\.[a-zA-Z]{2,}$</arg>
<doc>Fails if ``string`` does not match ``pattern`` as a regular expression.</doc>
<status status="PASS" start="2024-03-21T08:16:29.251807" elapsed="0.000690"/>
</kw>
<kw name="Should Match Regexp" owner="BuiltIn">
<arg>${json_data['results'][0]['dob']['date']}</arg>
<arg>\\d{4}-\\d{2}-\\d{2}T\\d{2}:\\d{2}:\\d{2}\\.\\d{3}Z</arg>
<doc>Fails if ``string`` does not match ``pattern`` as a regular expression.</doc>
<status status="PASS" start="2024-03-21T08:16:29.252693" elapsed="0.000495"/>
</kw>
<kw name="Should Match Regexp" owner="BuiltIn">
<arg>${json_data['results'][0]['registered']['date']}</arg>
<arg>\\d{4}-\\d{2}-\\d{2}T\\d{2}:\\d{2}:\\d{2}\\.\\d{3}Z</arg>
<doc>Fails if ``string`` does not match ``pattern`` as a regular expression.</doc>
<status status="PASS" start="2024-03-21T08:16:29.253375" elapsed="0.000420"/>
</kw>
<kw name="Should Match Regexp" owner="BuiltIn">
<arg>${json_data['results'][0]['picture']['large']}</arg>
<arg>^https?://.*\.(?:png|jpe?g|gif|bmp)$</arg>
<doc>Fails if ``string`` does not match ``pattern`` as a regular expression.</doc>
<status status="PASS" start="2024-03-21T08:16:29.253983" elapsed="0.000463"/>
</kw>
<kw name="Should Match Regexp" owner="BuiltIn">
<arg>${json_data['results'][0]['picture']['medium']}</arg>
<arg>^https?://.*\.(?:png|jpe?g|gif|bmp)$</arg>
<doc>Fails if ``string`` does not match ``pattern`` as a regular expression.</doc>
<status status="PASS" start="2024-03-21T08:16:29.254633" elapsed="0.000355"/>
</kw>
<kw name="Should Match Regexp" owner="BuiltIn">
<arg>${json_data['results'][0]['picture']['thumbnail']}</arg>
<arg>^https?://.*\.(?:png|jpe?g|gif|bmp)$</arg>
<doc>Fails if ``string`` does not match ``pattern`` as a regular expression.</doc>
<status status="PASS" start="2024-03-21T08:16:29.255170" elapsed="0.000353"/>
</kw>
<kw name="Log" owner="BuiltIn">
<msg time="2024-03-21T08:16:29.256028" level="INFO">{'large': 'https://randomuser.me/api/portraits/women/68.jpg', 'medium': 'https://randomuser.me/api/portraits/med/women/68.jpg', 'thumbnail': 'https://randomuser.me/api/portraits/thumb/women/68.jpg'}</msg>
<arg>${json_data['results'][0]['picture']}</arg>
<doc>Logs the given message with the given level.</doc>
<status status="PASS" start="2024-03-21T08:16:29.255701" elapsed="0.000368"/>
</kw>
<status status="PASS" start="2024-03-21T08:16:29.174158" elapsed="0.082185"/>
</kw>
<kw name="Teste de Tipos de Dados - Postcode">
<kw name="GET On Session" owner="RequestsLibrary">
<msg time="2024-03-21T08:16:29.348104" level="INFO">GET Request : url=https://randomuser.me/api 
 path_url=/api 
 headers={'User-Agent': 'python-requests/2.31.0', 'Accept-Encoding': 'gzip, deflate', 'Accept': '*/*', 'Connection': 'keep-alive'} 
 body=None 
 </msg>
<msg time="2024-03-21T08:16:29.348203" level="INFO">GET Response : url=https://randomuser.me/api 
 status=200, reason=OK 
 headers={'Date': 'Thu, 21 Mar 2024 08:16:29 GMT', 'Content-Type': 'application/json; charset=utf-8', 'Transfer-Encoding': 'chunked', 'Connection': 'keep-alive', 'X-Powered-By': 'Express', 'Access-Control-Allow-Origin': '*', 'Cache-Control': 'no-cache', 'ETag': 'W/"49e-knx/qviXo2IrihEJSWzGRBPEGAE"', 'Vary': 'Accept-Encoding', 'Content-Encoding': 'gzip', 'CF-Cache-Status': 'DYNAMIC', 'Report-To': '{"endpoints":[{"url":"https:\\/\\/a.nel.cloudflare.com\\/report\\/v4?s=ynRZzdYiFnKYdgbEcquUqYtTkwfmJ%2F0H%2BaQCpd69Spic2XUgbFxGsMCd4eWZ9SpWqFxgiixWFdTZzz66T6cNUtEl6zmpaCWz0RhrQQJlhWhNoumauqsZNS%2BUUuSoA22%2B"}],"group":"cf-nel","max_age":604800}', 'NEL': '{"success_fraction":0,"report_to":"cf-nel","max_age":604800}', 'Server': 'cloudflare', 'CF-RAY': '867c8006dcf57fe1-IAD', 'alt-svc': 'h3=":443"; ma=86400'} 
 body={"results":[{"gender":"female","name":{"title":"Mrs","first":"Socorro","last":"Delgado"},"location":{"street":{"number":5074,"name":"Prolongación Norte Serna"},"city":"Lagos de Moreno","state":"Veracruz","country":"Mexico","postcode":80546,"coordinates":{"latitude":"24.5016","longitude":"24.5029"},"timezone":{"offset":"-2:00","description":"Mid-Atlantic"}},"email":"socorro.delgado@example.com","login":{"uuid":"e4558e7e-c592-4aba-8d3f-fe516ca8dcef","username":"yellowzebra894","password":"chevrole","salt":"wKjOUPdZ","md5":"0ae34cf81fd99589786104722d5ae94a","sha1":"e02d48fb33a83517d0cd820c84b84dbda3f914fa","sha256":"54962757086fcf9a1cfb466632749369cb3ff0d1ac79b381fd7426825c8005b9"},"dob":{"date":"1965-05-13T12:46:38.234Z","age":58},"registered":{"date":"2004-02-10T05:18:29.185Z","age":20},"phone":"(676) 587 9968","cell":"(611) 543 3561","id":{"name":"NSS","value":"80 95 28 3443 2"},"picture":{"large":"https://randomuser.me/api/portraits/women/37.jpg","medium":"https://randomuser.me/api/portraits/med/women/37.jpg","thumbnail":"https://randomuser.me/api/portraits/thumb/women/37.jpg"},"nat":"MX"}],"info":{"seed":"7abf31785a30cd7e","results":1,"page":1,"version":"1.4"}} 
 </msg>
<msg time="2024-03-21T08:16:29.348282" level="INFO">/opt/hostedtoolcache/Python/3.12.2/x64/lib/python3.12/site-packages/urllib3/connectionpool.py:1103: InsecureRequestWarning: Unverified HTTPS request is being made to host 'randomuser.me'. Adding certificate verification is strongly advised. See: https://urllib3.readthedocs.io/en/latest/advanced-usage.html#tls-warnings
  warnings.warn(</msg>
<msg time="2024-03-21T08:16:29.348410" level="INFO">${response} = &lt;Response [200]&gt;</msg>
<var>${response}</var>
<arg>consultarAPI</arg>
<arg>/api</arg>
<doc>Sends a GET request on a previously created HTTP Session.</doc>
<status status="PASS" start="2024-03-21T08:16:29.256798" elapsed="0.091655"/>
</kw>
<kw name="Set Variable" owner="BuiltIn">
<msg time="2024-03-21T08:16:29.349427" level="INFO">${json_data} = {'results': [{'gender': 'female', 'name': {'title': 'Mrs', 'first': 'Socorro', 'last': 'Delgado'}, 'location': {'street': {'number': 5074, 'name': 'Prolongación Norte Serna'}, 'city': 'Lagos de Moreno...</msg>
<var>${json_data}</var>
<arg>${response.json()}</arg>
<doc>Returns the given values which can then be assigned to a variables.</doc>
<status status="PASS" start="2024-03-21T08:16:29.348950" elapsed="0.000506"/>
</kw>
<kw name="Log" owner="BuiltIn">
<msg time="2024-03-21T08:16:29.349956" level="INFO">{'results': [{'gender': 'female', 'name': {'title': 'Mrs', 'first': 'Socorro', 'last': 'Delgado'}, 'location': {'street': {'number': 5074, 'name': 'Prolongación Norte Serna'}, 'city': 'Lagos de Moreno', 'state': 'Veracruz', 'country': 'Mexico', 'postcode': 80546, 'coordinates': {'latitude': '24.5016', 'longitude': '24.5029'}, 'timezone': {'offset': '-2:00', 'description': 'Mid-Atlantic'}}, 'email': 'socorro.delgado@example.com', 'login': {'uuid': 'e4558e7e-c592-4aba-8d3f-fe516ca8dcef', 'username': 'yellowzebra894', 'password': 'chevrole', 'salt': 'wKjOUPdZ', 'md5': '0ae34cf81fd99589786104722d5ae94a', 'sha1': 'e02d48fb33a83517d0cd820c84b84dbda3f914fa', 'sha256': '54962757086fcf9a1cfb466632749369cb3ff0d1ac79b381fd7426825c8005b9'}, 'dob': {'date': '1965-05-13T12:46:38.234Z', 'age': 58}, 'registered': {'date': '2004-02-10T05:18:29.185Z', 'age': 20}, 'phone': '(676) 587 9968', 'cell': '(611) 543 3561', 'id': {'name': 'NSS', 'value': '80 95 28 3443 2'}, 'picture': {'large': 'https://randomuser.me/api/portraits/women/37.jpg', 'medium': 'https://randomuser.me/api/portraits/med/women/37.jpg', 'thumbnail': 'https://randomuser.me/api/portraits/thumb/women/37.jpg'}, 'nat': 'MX'}], 'info': {'seed': '7abf31785a30cd7e', 'results': 1, 'page': 1, 'version': '1.4'}}</msg>
<arg>${json_data}</arg>
<doc>Logs the given message with the given level.</doc>
<status status="PASS" start="2024-03-21T08:16:29.349800" elapsed="0.000240"/>
</kw>
<kw name="Should Be Equal As Numbers" owner="BuiltIn">
<arg>${json_data['results'][0]['location']['postcode']}</arg>
<arg>${json_data['results'][0]['location']['postcode']}</arg>
<doc>Fails if objects are unequal after converting them to real numbers.</doc>
<status status="PASS" start="2024-03-21T08:16:29.350338" elapsed="0.000630"/>
</kw>
<kw name="Log" owner="BuiltIn">
<msg time="2024-03-21T08:16:29.351497" level="INFO">80546</msg>
<arg>${json_data['results'][0]['location']['postcode']}</arg>
<doc>Logs the given message with the given level.</doc>
<status status="PASS" start="2024-03-21T08:16:29.351159" elapsed="0.000378"/>
</kw>
<status status="PASS" start="2024-03-21T08:16:29.256571" elapsed="0.095226"/>
</kw>
<doc>Testa se os tipos de dados na resposta da API estão corretos.</doc>
<tag>testeTiposDados</tag>
<status status="PASS" start="2024-03-21T08:16:29.173671" elapsed="0.178299"/>
</test>
<test id="s1-s1-t5" name="Validar conteudo" line="46">
<kw name="Teste de Tipos de Conteudo">
<kw name="GET On Session" owner="RequestsLibrary">
<msg time="2024-03-21T08:16:29.456758" level="INFO">GET Request : url=https://randomuser.me/api 
 path_url=/api 
 headers={'User-Agent': 'python-requests/2.31.0', 'Accept-Encoding': 'gzip, deflate', 'Accept': '*/*', 'Connection': 'keep-alive'} 
 body=None 
 </msg>
<msg time="2024-03-21T08:16:29.456827" level="INFO">GET Response : url=https://randomuser.me/api 
 status=200, reason=OK 
 headers={'Date': 'Thu, 21 Mar 2024 08:16:29 GMT', 'Content-Type': 'application/json; charset=utf-8', 'Transfer-Encoding': 'chunked', 'Connection': 'keep-alive', 'X-Powered-By': 'Express', 'Access-Control-Allow-Origin': '*', 'Cache-Control': 'no-cache', 'ETag': 'W/"47c-8779NHKFppScBH1gbTBQxPQhunM"', 'Vary': 'Accept-Encoding', 'Content-Encoding': 'gzip', 'CF-Cache-Status': 'DYNAMIC', 'Report-To': '{"endpoints":[{"url":"https:\\/\\/a.nel.cloudflare.com\\/report\\/v4?s=6rDIckJAS3y%2BrvWgZaH1Y%2Bb8luiiefK1zQuhNHYTF%2FflB2Nhw%2BQw2L1IiuTTfYrsK%2BjwsRh1RuGaEMr2lnUzflcKECRqFxXIJ0l9RG%2BsUADwf6I8trzOLTV1o9Sob0Xt"}],"group":"cf-nel","max_age":604800}', 'NEL': '{"success_fraction":0,"report_to":"cf-nel","max_age":604800}', 'Server': 'cloudflare', 'CF-RAY': '867c80077d6b7fe1-IAD', 'alt-svc': 'h3=":443"; ma=86400'} 
 body={"results":[{"gender":"female","name":{"title":"Ms","first":"Liva","last":"Mortensen"},"location":{"street":{"number":2826,"name":"Kystvej"},"city":"Haslev","state":"Hovedstaden","country":"Denmark","postcode":21525,"coordinates":{"latitude":"-38.7093","longitude":"53.0958"},"timezone":{"offset":"-8:00","description":"Pacific Time (US &amp; Canada)"}},"email":"liva.mortensen@example.com","login":{"uuid":"88e24743-264f-4fa8-ab95-0a8500bbf552","username":"greenbird683","password":"miguel","salt":"Ar97PGOR","md5":"1adb7da829288f2775a9e3d45b7971e8","sha1":"c2ac6e24f6589dc81d1adf4bb574e48c0563b91d","sha256":"7de150a683374238c6e5822ce6c95dd5eac5cf2b9e814454224755a9438be420"},"dob":{"date":"1975-05-09T02:57:52.767Z","age":48},"registered":{"date":"2009-09-01T21:50:00.623Z","age":14},"phone":"06693310","cell":"47365778","id":{"name":"CPR","value":"080575-5534"},"picture":{"large":"https://randomuser.me/api/portraits/women/5.jpg","medium":"https://randomuser.me/api/portraits/med/women/5.jpg","thumbnail":"https://randomuser.me/api/portraits/thumb/women/5.jpg"},"nat":"DK"}],"info":{"seed":"4c41a4a42eea3344","results":1,"page":1,"version":"1.4"}} 
 </msg>
<msg time="2024-03-21T08:16:29.456884" level="INFO">/opt/hostedtoolcache/Python/3.12.2/x64/lib/python3.12/site-packages/urllib3/connectionpool.py:1103: InsecureRequestWarning: Unverified HTTPS request is being made to host 'randomuser.me'. Adding certificate verification is strongly advised. See: https://urllib3.readthedocs.io/en/latest/advanced-usage.html#tls-warnings
  warnings.warn(</msg>
<msg time="2024-03-21T08:16:29.456968" level="INFO">${response} = &lt;Response [200]&gt;</msg>
<var>${response}</var>
<arg>consultarAPI</arg>
<arg>/api</arg>
<doc>Sends a GET request on a previously created HTTP Session.</doc>
<status status="PASS" start="2024-03-21T08:16:29.354446" elapsed="0.102546"/>
</kw>
<kw name="Set Variable" owner="BuiltIn">
<msg time="2024-03-21T08:16:29.457864" level="INFO">${json_data} = {'results': [{'gender': 'female', 'name': {'title': 'Ms', 'first': 'Liva', 'last': 'Mortensen'}, 'location': {'street': {'number': 2826, 'name': 'Kystvej'}, 'city': 'Haslev', 'state': 'Hovedstaden', '...</msg>
<var>${json_data}</var>
<arg>${response.json()}</arg>
<doc>Returns the given values which can then be assigned to a variables.</doc>
<status status="PASS" start="2024-03-21T08:16:29.457377" elapsed="0.000515"/>
</kw>
<kw name="Set Variable" owner="BuiltIn">
<msg time="2024-03-21T08:16:29.458574" level="INFO">${name_title} = Ms</msg>
<var>${name_title}</var>
<arg>${json_data["results"][0]["name"]["title"]}</arg>
<doc>Returns the given values which can then be assigned to a variables.</doc>
<status status="PASS" start="2024-03-21T08:16:29.458191" elapsed="0.000408"/>
</kw>
<kw name="Create List" owner="BuiltIn">
<msg time="2024-03-21T08:16:29.459043" level="INFO">${allowed_titles} = ['Mr', 'Ms', 'Miss', 'Mrs', 'Madame', 'Monsieur']</msg>
<var>${allowed_titles}</var>
<arg>Mr</arg>
<arg>Ms</arg>
<arg>Miss</arg>
<arg>Mrs</arg>
<arg>Madame</arg>
<arg>Monsieur</arg>
<doc>Returns a list containing given items.</doc>
<status status="PASS" start="2024-03-21T08:16:29.458886" elapsed="0.000181"/>
</kw>
<kw name="List Should Contain Value" owner="Collections">
<msg time="2024-03-21T08:16:29.459521" level="INFO">False</msg>
<arg>${allowed_titles}</arg>
<arg>${name_title}</arg>
<doc>Fails if the ``value`` is not found from ``list``.</doc>
<status status="PASS" start="2024-03-21T08:16:29.459353" elapsed="0.000204"/>
</kw>
<kw name="Set Variable" owner="BuiltIn">
<msg time="2024-03-21T08:16:29.460220" level="INFO">${name_country} = DK</msg>
<var>${name_country}</var>
<arg>${json_data["results"][0]["nat"]}</arg>
<doc>Returns the given values which can then be assigned to a variables.</doc>
<status status="PASS" start="2024-03-21T08:16:29.459843" elapsed="0.000402"/>
</kw>
<kw name="Create List" owner="BuiltIn">
<msg time="2024-03-21T08:16:29.461131" level="INFO">${list_country} = ['AD', 'AE', 'AF', 'AG', 'AI', 'AL', 'AM', 'AO', 'AQ', 'AR', 'AS', 'AT', 'AU', 'AW', 'AX', 'AZ', 'BA', 'BB', 'BD', 'BE', 'BF', 'BG', 'BH', 'BI', 'BJ', 'BL', 'BM', 'BN', 'BO', 'BQ', 'BR', 'BS', 'BT', '...</msg>
<var>${list_country}</var>
<arg>AD</arg>
<arg>AE</arg>
<arg>AF</arg>
<arg>AG</arg>
<arg>AI</arg>
<arg>AL</arg>
<arg>AM</arg>
<arg>AO</arg>
<arg>AQ</arg>
<arg>AR</arg>
<arg>AS</arg>
<arg>AT</arg>
<arg>AU</arg>
<arg>AW</arg>
<arg>AX</arg>
<arg>AZ</arg>
<arg>BA</arg>
<arg>BB</arg>
<arg>BD</arg>
<arg>BE</arg>
<arg>BF</arg>
<arg>BG</arg>
<arg>BH</arg>
<arg>BI</arg>
<arg>BJ</arg>
<arg>BL</arg>
<arg>BM</arg>
<arg>BN</arg>
<arg>BO</arg>
<arg>BQ</arg>
<arg>BR</arg>
<arg>BS</arg>
<arg>BT</arg>
<arg>BV</arg>
<arg>BW</arg>
<arg>BY</arg>
<arg>BZ</arg>
<arg>CA</arg>
<arg>CC</arg>
<arg>CD</arg>
<arg>CF</arg>
<arg>CG</arg>
<arg>CH</arg>
<arg>CI</arg>
<arg>CK</arg>
<arg>CL</arg>
<arg>CM</arg>
<arg>CN</arg>
<arg>CO</arg>
<arg>CR</arg>
<arg>CU</arg>
<arg>CV</arg>
<arg>CW</arg>
<arg>CX</arg>
<arg>CY</arg>
<arg>CZ</arg>
<arg>DE</arg>
<arg>DJ</arg>
<arg>DK</arg>
<arg>DM</arg>
<arg>DO</arg>
<arg>DZ</arg>
<arg>EC</arg>
<arg>EE</arg>
<arg>EG</arg>
<arg>EH</arg>
<arg>ER</arg>
<arg>ES</arg>
<arg>ET</arg>
<arg>FI</arg>
<arg>FJ</arg>
<arg>FK</arg>
<arg>FM</arg>
<arg>FO</arg>
<arg>FR</arg>
<arg>GA</arg>
<arg>GB</arg>
<arg>GD</arg>
<arg>GE</arg>
<arg>GF</arg>
<arg>GG</arg>
<arg>GH</arg>
<arg>GI</arg>
<arg>GL</arg>
<arg>GM</arg>
<arg>GN</arg>
<arg>GP</arg>
<arg>GQ</arg>
<arg>GR</arg>
<arg>GS</arg>
<arg>GT</arg>
<arg>GU</arg>
<arg>GW</arg>
<arg>GY</arg>
<arg>HK</arg>
<arg>HM</arg>
<arg>HN</arg>
<arg>HR</arg>
<arg>HT</arg>
<arg>HU</arg>
<arg>ID</arg>
<arg>IE</arg>
<arg>IL</arg>
<arg>IM</arg>
<arg>IN</arg>
<arg>IO</arg>
<arg>IQ</arg>
<arg>IR</arg>
<arg>IS</arg>
<arg>IT</arg>
<arg>JE</arg>
<arg>JM</arg>
<arg>JO</arg>
<arg>JP</arg>
<arg>KE</arg>
<arg>KG</arg>
<arg>KH</arg>
<arg>KI</arg>
<arg>KM</arg>
<arg>KN</arg>
<arg>KP</arg>
<arg>KR</arg>
<arg>KW</arg>
<arg>KY</arg>
<arg>KZ</arg>
<arg>LA</arg>
<arg>LB</arg>
<arg>LC</arg>
<arg>LI</arg>
<arg>LK</arg>
<arg>LR</arg>
<arg>LS</arg>
<arg>LT</arg>
<arg>LU</arg>
<arg>LV</arg>
<arg>LY</arg>
<arg>MA</arg>
<arg>MC</arg>
<arg>MD</arg>
<arg>ME</arg>
<arg>MF</arg>
<arg>MG</arg>
<arg>MH</arg>
<arg>MK</arg>
<arg>ML</arg>
<arg>MM</arg>
<arg>MN</arg>
<arg>MO</arg>
<arg>MP</arg>
<arg>MQ</arg>
<arg>MR</arg>
<arg>MS</arg>
<arg>MT</arg>
<arg>MU</arg>
<arg>MV</arg>
<arg>MW</arg>
<arg>MX</arg>
<arg>MY</arg>
<arg>MZ</arg>
<arg>NA</arg>
<arg>NC</arg>
<arg>NE</arg>
<arg>NF</arg>
<arg>NG</arg>
<arg>NI</arg>
<arg>NL</arg>
<arg>NO</arg>
<arg>NP</arg>
<arg>NR</arg>
<arg>NU</arg>
<arg>NZ</arg>
<arg>OM</arg>
<arg>PA</arg>
<arg>PE</arg>
<arg>PF</arg>
<arg>PG</arg>
<arg>PH</arg>
<arg>PK</arg>
<arg>PL</arg>
<arg>PM</arg>
<arg>PN</arg>
<arg>PR</arg>
<arg>PS</arg>
<arg>PT</arg>
<arg>PW</arg>
<arg>PY</arg>
<arg>QA</arg>
<arg>RE</arg>
<arg>RO</arg>
<arg>RS</arg>
<arg>RU</arg>
<arg>RW</arg>
<arg>SA</arg>
<arg>SB</arg>
<arg>SC</arg>
<arg>SD</arg>
<arg>SE</arg>
<arg>SG</arg>
<arg>SH</arg>
<arg>SI</arg>
<arg>SJ</arg>
<arg>SK</arg>
<arg>SL</arg>
<arg>SM</arg>
<arg>SN</arg>
<arg>SO</arg>
<arg>SR</arg>
<arg>SS</arg>
<arg>ST</arg>
<arg>SV</arg>
<arg>SX</arg>
<arg>SY</arg>
<arg>SZ</arg>
<arg>TC</arg>
<arg>TD</arg>
<arg>TF</arg>
<arg>TG</arg>
<arg>TH</arg>
<arg>TJ</arg>
<arg>TK</arg>
<arg>TL</arg>
<arg>TM</arg>
<arg>TN</arg>
<arg>TO</arg>
<arg>TR</arg>
<arg>TT</arg>
<arg>TV</arg>
<arg>TW</arg>
<arg>TZ</arg>
<arg>UA</arg>
<arg>UG</arg>
<arg>UM</arg>
<arg>US</arg>
<arg>UY</arg>
<arg>UZ</arg>
<arg>VA</arg>
<arg>VC</arg>
<arg>VE</arg>
<arg>VG</arg>
<arg>VI</arg>
<arg>VN</arg>
<arg>VU</arg>
<arg>WF</arg>
<arg>WS</arg>
<arg>XK</arg>
<arg>YE</arg>
<arg>YT</arg>
<arg>ZA</arg>
<arg>ZM</arg>
<arg>ZW</arg>
<doc>Returns a list containing given items.</doc>
<status status="PASS" start="2024-03-21T08:16:29.460536" elapsed="0.000620"/>
</kw>
<kw name="List Should Contain Value" owner="Collections">
<msg time="2024-03-21T08:16:29.462316" level="INFO">False</msg>
<arg>${list_country}</arg>
<arg>${name_country}</arg>
<doc>Fails if the ``value`` is not found from ``list``.</doc>
<status status="PASS" start="2024-03-21T08:16:29.462111" elapsed="0.000242"/>
</kw>
<kw name="Run Keyword If" owner="BuiltIn">
<kw name="Should Be True" owner="BuiltIn">
<arg>${True}</arg>
<doc>Fails if the given condition is not true.</doc>
<status status="PASS" start="2024-03-21T08:16:29.463399" elapsed="0.000145"/>
</kw>
<arg>${json_data["results"][0]["location"]["coordinates"]["latitude"]} &gt;= -90 and ${json_data["results"][0]["location"]["coordinates"]["latitude"]} &lt;= 90</arg>
<arg>Should Be True</arg>
<arg>${True}</arg>
<doc>Runs the given keyword with the given arguments, if ``condition`` is true.</doc>
<status status="PASS" start="2024-03-21T08:16:29.462657" elapsed="0.001017"/>
</kw>
<kw name="Run Keyword If" owner="BuiltIn">
<kw name="Should Be True" owner="BuiltIn">
<arg>${True}</arg>
<doc>Fails if the given condition is not true.</doc>
<status status="PASS" start="2024-03-21T08:16:29.464548" elapsed="0.000138"/>
</kw>
<arg>${json_data["results"][0]["location"]["coordinates"]["longitude"]} &gt;= -180 and ${json_data["results"][0]["location"]["coordinates"]["longitude"]} &lt;= 180</arg>
<arg>Should Be True</arg>
<arg>${True}</arg>
<doc>Runs the given keyword with the given arguments, if ``condition`` is true.</doc>
<status status="PASS" start="2024-03-21T08:16:29.463860" elapsed="0.000951"/>
</kw>
<status status="PASS" start="2024-03-21T08:16:29.354226" elapsed="0.110714"/>
</kw>
<doc>Testa o conteúdo específico dos campos retornados pela API.</doc>
<tag>testeConteudo</tag>
<status status="PASS" start="2024-03-21T08:16:29.353767" elapsed="0.111319"/>
</test>
<status status="PASS" start="2024-03-21T08:16:28.659804" elapsed="0.807241"/>
</suite>
<status status="PASS" start="2024-03-21T08:16:28.645974" elapsed="0.826352"/>
</suite>
<statistics>
<total>
<stat pass="5" fail="0" skip="0">All Tests</stat>
</total>
<tag>
<stat pass="1" fail="0" skip="0">testeConteudo</stat>
<stat pass="1" fail="0" skip="0">testeEstruturaResposta</stat>
<stat pass="1" fail="0" skip="0">testeRequisicaoBasica</stat>
<stat pass="1" fail="0" skip="0">testeTiposDados</stat>
</tag>
<suite>
<stat pass="5" fail="0" skip="0" id="s1" name="Tests">Tests</stat>
<stat pass="5" fail="0" skip="0" id="s1-s1" name="Random-User-Test">Tests.Random-User-Test</stat>
</suite>
</statistics>
<errors>
</errors>
</robot>
