<?xml version="1.0" encoding="UTF-8"?>
<robot generator="Robot 7.0.1 (Python 3.12.4 on linux)" generated="2024-07-14T05:16:32.027454" rpa="false" schemaversion="5">
<suite id="s1" name="Tests" source="/home/runner/work/ApiRandomUser/ApiRandomUser/RamdonUser/tests">
<suite id="s1-s1" name="Random-User-Test" source="/home/runner/work/ApiRandomUser/ApiRandomUser/RamdonUser/tests/random-user-test.robot">
<test id="s1-s1-t1" name="Conectar" line="13">
<kw name="Conectar API" owner="random-user-service">
<kw name="Create Session" owner="RequestsLibrary">
<msg time="2024-07-14T05:16:32.422397" level="INFO">Creating Session using : alias=consultarAPI, url=https://randomuser.me/, headers={},                     cookies={}, auth=None, timeout=None, proxies=None, verify=False,                     debug=0 </msg>
<arg>consultarAPI</arg>
<arg>${URL}</arg>
<doc>Create Session: create a HTTP session to a server</doc>
<status status="PASS" start="2024-07-14T05:16:32.422184" elapsed="0.000397"/>
</kw>
<status status="PASS" start="2024-07-14T05:16:32.421186" elapsed="0.001766"/>
</kw>
<status status="PASS" start="2024-07-14T05:16:32.420574" elapsed="0.002574"/>
</test>
<test id="s1-s1-t2" name="Validar retorno 200 e JSON Válido" line="16">
<kw name="Teste de Requisicao Basica" owner="random-user-service">
<kw name="GET On Session" owner="RequestsLibrary">
<msg time="2024-07-14T05:16:32.635868" level="INFO">GET Request : url=https://randomuser.me/api 
 path_url=/api 
 headers={'User-Agent': 'python-requests/2.32.3', 'Accept-Encoding': 'gzip, deflate', 'Accept': '*/*', 'Connection': 'keep-alive'} 
 body=None 
 </msg>
<msg time="2024-07-14T05:16:32.636020" level="INFO">GET Response : url=https://randomuser.me/api 
 status=200, reason=OK 
 headers={'Date': 'Sun, 14 Jul 2024 05:16:32 GMT', 'Content-Type': 'application/json; charset=utf-8', 'Transfer-Encoding': 'chunked', 'Connection': 'keep-alive', 'X-Powered-By': 'Express', 'Access-Control-Allow-Origin': '*', 'Cache-Control': 'no-cache', 'ETag': 'W/"47b-pJbFTtnZHFAqIDC2ow2drOjRgLU"', 'Vary': 'Accept-Encoding', 'Content-Encoding': 'gzip', 'CF-Cache-Status': 'DYNAMIC', 'Report-To': '{"endpoints":[{"url":"https:\\/\\/a.nel.cloudflare.com\\/report\\/v4?s=UiDhpsJn3bvTliAh%2FiCw%2BCgeQndPfzFZt9FaJNU8XZejOILyXLk9VS%2BbbSijY3Dx7G9tVfaTlPyXfr2c9ErLthmqFPkmKF%2B6D5oaoicCkWcAenccwjhb7FTSJvAo2B0I"}],"group":"cf-nel","max_age":604800}', 'NEL': '{"success_fraction":0,"report_to":"cf-nel","max_age":604800}', 'Server': 'cloudflare', 'CF-RAY': '8a2f0a8fdb8a56f2-IAD', 'alt-svc': 'h3=":443"; ma=86400'} 
 body={"results":[{"gender":"male","name":{"title":"Mr","first":"Adem","last":"Biçer"},"location":{"street":{"number":1694,"name":"Necatibey Cd"},"city":"Kastamonu","state":"Kayseri","country":"Turkey","postcode":50100,"coordinates":{"latitude":"69.0316","longitude":"-74.6665"},"timezone":{"offset":"-3:00","description":"Brazil, Buenos Aires, Georgetown"}},"email":"adem.bicer@example.com","login":{"uuid":"03528777-74ca-428e-ad9c-5a389ade6c3f","username":"organicsnake402","password":"susan","salt":"CqVOiH4j","md5":"3ffb2391595e5f7559d0fe3bcd58b36b","sha1":"e4a044767920712a78a97564404f1c11dc78d0dc","sha256":"4413e7de42a77374cb6dfd0d64d42bc7c6f1bc9468102e27f834c414500d3ffe"},"dob":{"date":"1982-10-21T13:43:59.957Z","age":41},"registered":{"date":"2006-03-17T18:27:29.634Z","age":18},"phone":"(568)-947-2902","cell":"(934)-417-5121","id":{"name":"","value":null},"picture":{"large":"https://randomuser.me/api/portraits/men/55.jpg","medium":"https://randomuser.me/api/portraits/med/men/55.jpg","thumbnail":"https://randomuser.me/api/portraits/thumb/men/55.jpg"},"nat":"TR"}],"info":{"seed":"6e8165ca2a65bd49","results":1,"page":1,"version":"1.4"}} 
 </msg>
<msg time="2024-07-14T05:16:32.636115" level="INFO">/opt/hostedtoolcache/Python/3.12.4/x64/lib/python3.12/site-packages/urllib3/connectionpool.py:1099: InsecureRequestWarning: Unverified HTTPS request is being made to host 'randomuser.me'. Adding certificate verification is strongly advised. See: https://urllib3.readthedocs.io/en/latest/advanced-usage.html#tls-warnings
  warnings.warn(</msg>
<msg time="2024-07-14T05:16:32.636269" level="INFO">${response} = &lt;Response [200]&gt;</msg>
<var>${response}</var>
<arg>consultarAPI</arg>
<arg>/api</arg>
<doc>Sends a GET request on a previously created HTTP Session.</doc>
<status status="PASS" start="2024-07-14T05:16:32.425736" elapsed="0.210576"/>
</kw>
<kw name="Should Be Equal As Numbers" owner="BuiltIn">
<msg time="2024-07-14T05:16:32.637336" level="INFO">Argument types are:
&lt;class 'int'&gt;
&lt;class 'str'&gt;</msg>
<arg>${response.status_code}</arg>
<arg>200</arg>
<doc>Fails if objects are unequal after converting them to real numbers.</doc>
<status status="PASS" start="2024-07-14T05:16:32.636827" elapsed="0.000578"/>
</kw>
<kw name="Log" owner="BuiltIn">
<msg time="2024-07-14T05:16:32.638128" level="INFO">200</msg>
<arg>${response.status_code}</arg>
<doc>Logs the given message with the given level.</doc>
<status status="PASS" start="2024-07-14T05:16:32.637756" elapsed="0.000418"/>
</kw>
<kw name="Set Variable" owner="BuiltIn">
<msg time="2024-07-14T05:16:32.638950" level="INFO">${json_data} = {'results': [{'gender': 'male', 'name': {'title': 'Mr', 'first': 'Adem', 'last': 'Biçer'}, 'location': {'street': {'number': 1694, 'name': 'Necatibey Cd'}, 'city': 'Kastamonu', 'state': 'Kayseri', 'co...</msg>
<var>${json_data}</var>
<arg>${response.json()}</arg>
<doc>Returns the given values which can then be assigned to a variables.</doc>
<status status="PASS" start="2024-07-14T05:16:32.638494" elapsed="0.000488"/>
</kw>
<kw name="Dictionary Should Contain Key" owner="Collections">
<arg>${json_data}</arg>
<arg>results</arg>
<doc>Fails if ``key`` is not found from ``dictionary``.</doc>
<status status="PASS" start="2024-07-14T05:16:32.639294" elapsed="0.000170"/>
</kw>
<status status="PASS" start="2024-07-14T05:16:32.425482" elapsed="0.214138"/>
</kw>
<doc>Testa se a API responde corretamente e retorna um objeto JSON válido.</doc>
<tag>testeRequisicaoBasica</tag>
<status status="PASS" start="2024-07-14T05:16:32.425027" elapsed="0.214781"/>
</test>
<test id="s1-s1-t3" name="Validar estrutura de resposta" line="22">
<kw name="Teste de Estrutura de Resposta" owner="random-user-service">
<kw name="GET On Session" owner="RequestsLibrary">
<msg time="2024-07-14T05:16:32.769508" level="INFO">GET Request : url=https://randomuser.me/api 
 path_url=/api 
 headers={'User-Agent': 'python-requests/2.32.3', 'Accept-Encoding': 'gzip, deflate', 'Accept': '*/*', 'Connection': 'keep-alive'} 
 body=None 
 </msg>
<msg time="2024-07-14T05:16:32.769632" level="INFO">GET Response : url=https://randomuser.me/api 
 status=200, reason=OK 
 headers={'Date': 'Sun, 14 Jul 2024 05:16:32 GMT', 'Content-Type': 'application/json; charset=utf-8', 'Transfer-Encoding': 'chunked', 'Connection': 'keep-alive', 'X-Powered-By': 'Express', 'Access-Control-Allow-Origin': '*', 'Cache-Control': 'no-cache', 'ETag': 'W/"48b-DpkxZuF3UmRiTwuH4CwSWj1rAWA"', 'Vary': 'Accept-Encoding', 'Content-Encoding': 'gzip', 'CF-Cache-Status': 'DYNAMIC', 'Report-To': '{"endpoints":[{"url":"https:\\/\\/a.nel.cloudflare.com\\/report\\/v4?s=VB2CT3WM9m3CiY%2BPWxpnrhrTJGf7rAeSUSFkl6P4LNYGa4rpHmtnfw9rGx3N1uB9TzK8ngjHTDS7Z%2Fx4FqFpIuiMVqiypdYloNkrer8Gr5WofJi82NY7dXyLJ6j5tK9F"}],"group":"cf-nel","max_age":604800}', 'NEL': '{"success_fraction":0,"report_to":"cf-nel","max_age":604800}', 'Server': 'cloudflare', 'CF-RAY': '8a2f0a901bad56f2-IAD', 'alt-svc': 'h3=":443"; ma=86400'} 
 body={"results":[{"gender":"male","name":{"title":"Mr","first":"Miguel Ángel","last":"Salinas"},"location":{"street":{"number":3166,"name":"Cerrada México"},"city":"Campamento Sarh","state":"Durango","country":"Mexico","postcode":91247,"coordinates":{"latitude":"29.3673","longitude":"-42.9321"},"timezone":{"offset":"-10:00","description":"Hawaii"}},"email":"miguelangel.salinas@example.com","login":{"uuid":"bd15514e-1dcc-4d65-ae5e-879e86b1a0c9","username":"greentiger558","password":"tara","salt":"g2WY2xuj","md5":"8f63b06cd317f45b0edcea18dada0e66","sha1":"9c142f1b20e2c752f002a15e9495881e36dd312b","sha256":"77260bfb96edd01107ab8ae063d05dd9796f895888de01232d5fd73e13b307d8"},"dob":{"date":"1969-09-16T10:21:04.949Z","age":54},"registered":{"date":"2014-06-27T15:26:40.338Z","age":10},"phone":"(654) 706 0765","cell":"(606) 436 1083","id":{"name":"NSS","value":"45 78 14 3451 1"},"picture":{"large":"https://randomuser.me/api/portraits/men/87.jpg","medium":"https://randomuser.me/api/portraits/med/men/87.jpg","thumbnail":"https://randomuser.me/api/portraits/thumb/men/87.jpg"},"nat":"MX"}],"info":{"seed":"001751ad036c67a5","results":1,"page":1,"version":"1.4"}} 
 </msg>
<msg time="2024-07-14T05:16:32.769784" level="INFO">/opt/hostedtoolcache/Python/3.12.4/x64/lib/python3.12/site-packages/urllib3/connectionpool.py:1099: InsecureRequestWarning: Unverified HTTPS request is being made to host 'randomuser.me'. Adding certificate verification is strongly advised. See: https://urllib3.readthedocs.io/en/latest/advanced-usage.html#tls-warnings
  warnings.warn(</msg>
<msg time="2024-07-14T05:16:32.769936" level="INFO">${response} = &lt;Response [200]&gt;</msg>
<var>${response}</var>
<arg>consultarAPI</arg>
<arg>/api</arg>
<doc>Sends a GET request on a previously created HTTP Session.</doc>
<status status="PASS" start="2024-07-14T05:16:32.642600" elapsed="0.127386"/>
</kw>
<kw name="Set Variable" owner="BuiltIn">
<msg time="2024-07-14T05:16:32.771033" level="INFO">${json_data} = {'results': [{'gender': 'male', 'name': {'title': 'Mr', 'first': 'Miguel Ángel', 'last': 'Salinas'}, 'location': {'street': {'number': 3166, 'name': 'Cerrada México'}, 'city': 'Campamento Sarh', 'stat...</msg>
<var>${json_data}</var>
<arg>${response.json()}</arg>
<doc>Returns the given values which can then be assigned to a variables.</doc>
<status status="PASS" start="2024-07-14T05:16:32.770509" elapsed="0.000555"/>
</kw>
<kw name="Log" owner="BuiltIn">
<msg time="2024-07-14T05:16:32.771572" level="INFO">{'results': [{'gender': 'male', 'name': {'title': 'Mr', 'first': 'Miguel Ángel', 'last': 'Salinas'}, 'location': {'street': {'number': 3166, 'name': 'Cerrada México'}, 'city': 'Campamento Sarh', 'state': 'Durango', 'country': 'Mexico', 'postcode': 91247, 'coordinates': {'latitude': '29.3673', 'longitude': '-42.9321'}, 'timezone': {'offset': '-10:00', 'description': 'Hawaii'}}, 'email': 'miguelangel.salinas@example.com', 'login': {'uuid': 'bd15514e-1dcc-4d65-ae5e-879e86b1a0c9', 'username': 'greentiger558', 'password': 'tara', 'salt': 'g2WY2xuj', 'md5': '8f63b06cd317f45b0edcea18dada0e66', 'sha1': '9c142f1b20e2c752f002a15e9495881e36dd312b', 'sha256': '77260bfb96edd01107ab8ae063d05dd9796f895888de01232d5fd73e13b307d8'}, 'dob': {'date': '1969-09-16T10:21:04.949Z', 'age': 54}, 'registered': {'date': '2014-06-27T15:26:40.338Z', 'age': 10}, 'phone': '(654) 706 0765', 'cell': '(606) 436 1083', 'id': {'name': 'NSS', 'value': '45 78 14 3451 1'}, 'picture': {'large': 'https://randomuser.me/api/portraits/men/87.jpg', 'medium': 'https://randomuser.me/api/portraits/med/men/87.jpg', 'thumbnail': 'https://randomuser.me/api/portraits/thumb/men/87.jpg'}, 'nat': 'MX'}], 'info': {'seed': '001751ad036c67a5', 'results': 1, 'page': 1, 'version': '1.4'}}</msg>
<arg>${json_data}</arg>
<doc>Logs the given message with the given level.</doc>
<status status="PASS" start="2024-07-14T05:16:32.771405" elapsed="0.000218"/>
</kw>
<kw name="Dictionary Should Contain Key" owner="Collections">
<arg>${json_data}</arg>
<arg>results</arg>
<doc>Fails if ``key`` is not found from ``dictionary``.</doc>
<status status="PASS" start="2024-07-14T05:16:32.771926" elapsed="0.000162"/>
</kw>
<kw name="Should Not Be Empty" owner="BuiltIn">
<msg time="2024-07-14T05:16:32.772422" level="INFO">Length is 2.</msg>
<arg>${json_data}</arg>
<doc>Verifies that the given item is not empty.</doc>
<status status="PASS" start="2024-07-14T05:16:32.772283" elapsed="0.000181"/>
</kw>
<kw name="Create List" owner="BuiltIn">
<msg time="2024-07-14T05:16:32.773112" level="INFO">${expected_keys} = ['gender', 'name', 'location', 'email', 'login']</msg>
<var>${expected_keys}</var>
<arg>gender</arg>
<arg>name</arg>
<arg>location</arg>
<arg>email</arg>
<arg>login</arg>
<doc>Returns a list containing given items.</doc>
<status status="PASS" start="2024-07-14T05:16:32.772758" elapsed="0.000383"/>
</kw>
<for flavor="IN">
<iter>
<kw name="Dictionary Should Contain Key" owner="Collections">
<arg>${json_data['results'][0]}</arg>
<arg>${key}</arg>
<doc>Fails if ``key`` is not found from ``dictionary``.</doc>
<status status="PASS" start="2024-07-14T05:16:32.773751" elapsed="0.000413"/>
</kw>
<kw name="Log" owner="BuiltIn">
<msg time="2024-07-14T05:16:32.774749" level="INFO">{'gender': 'male', 'name': {'title': 'Mr', 'first': 'Miguel Ángel', 'last': 'Salinas'}, 'location': {'street': {'number': 3166, 'name': 'Cerrada México'}, 'city': 'Campamento Sarh', 'state': 'Durango', 'country': 'Mexico', 'postcode': 91247, 'coordinates': {'latitude': '29.3673', 'longitude': '-42.9321'}, 'timezone': {'offset': '-10:00', 'description': 'Hawaii'}}, 'email': 'miguelangel.salinas@example.com', 'login': {'uuid': 'bd15514e-1dcc-4d65-ae5e-879e86b1a0c9', 'username': 'greentiger558', 'password': 'tara', 'salt': 'g2WY2xuj', 'md5': '8f63b06cd317f45b0edcea18dada0e66', 'sha1': '9c142f1b20e2c752f002a15e9495881e36dd312b', 'sha256': '77260bfb96edd01107ab8ae063d05dd9796f895888de01232d5fd73e13b307d8'}, 'dob': {'date': '1969-09-16T10:21:04.949Z', 'age': 54}, 'registered': {'date': '2014-06-27T15:26:40.338Z', 'age': 10}, 'phone': '(654) 706 0765', 'cell': '(606) 436 1083', 'id': {'name': 'NSS', 'value': '45 78 14 3451 1'}, 'picture': {'large': 'https://randomuser.me/api/portraits/men/87.jpg', 'medium': 'https://randomuser.me/api/portraits/med/men/87.jpg', 'thumbnail': 'https://randomuser.me/api/portraits/thumb/men/87.jpg'}, 'nat': 'MX'}</msg>
<arg>${json_data['results'][0]}</arg>
<doc>Logs the given message with the given level.</doc>
<status status="PASS" start="2024-07-14T05:16:32.774373" elapsed="0.000427"/>
</kw>
<kw name="Log" owner="BuiltIn">
<msg time="2024-07-14T05:16:32.775239" level="INFO">gender</msg>
<arg>${key}</arg>
<doc>Logs the given message with the given level.</doc>
<status status="PASS" start="2024-07-14T05:16:32.775108" elapsed="0.000170"/>
</kw>
<var name="${key}">gender</var>
<status status="PASS" start="2024-07-14T05:16:32.773618" elapsed="0.001879"/>
</iter>
<iter>
<kw name="Dictionary Should Contain Key" owner="Collections">
<arg>${json_data['results'][0]}</arg>
<arg>${key}</arg>
<doc>Fails if ``key`` is not found from ``dictionary``.</doc>
<status status="PASS" start="2024-07-14T05:16:32.775804" elapsed="0.000392"/>
</kw>
<kw name="Log" owner="BuiltIn">
<msg time="2024-07-14T05:16:32.776729" level="INFO">{'gender': 'male', 'name': {'title': 'Mr', 'first': 'Miguel Ángel', 'last': 'Salinas'}, 'location': {'street': {'number': 3166, 'name': 'Cerrada México'}, 'city': 'Campamento Sarh', 'state': 'Durango', 'country': 'Mexico', 'postcode': 91247, 'coordinates': {'latitude': '29.3673', 'longitude': '-42.9321'}, 'timezone': {'offset': '-10:00', 'description': 'Hawaii'}}, 'email': 'miguelangel.salinas@example.com', 'login': {'uuid': 'bd15514e-1dcc-4d65-ae5e-879e86b1a0c9', 'username': 'greentiger558', 'password': 'tara', 'salt': 'g2WY2xuj', 'md5': '8f63b06cd317f45b0edcea18dada0e66', 'sha1': '9c142f1b20e2c752f002a15e9495881e36dd312b', 'sha256': '77260bfb96edd01107ab8ae063d05dd9796f895888de01232d5fd73e13b307d8'}, 'dob': {'date': '1969-09-16T10:21:04.949Z', 'age': 54}, 'registered': {'date': '2014-06-27T15:26:40.338Z', 'age': 10}, 'phone': '(654) 706 0765', 'cell': '(606) 436 1083', 'id': {'name': 'NSS', 'value': '45 78 14 3451 1'}, 'picture': {'large': 'https://randomuser.me/api/portraits/men/87.jpg', 'medium': 'https://randomuser.me/api/portraits/med/men/87.jpg', 'thumbnail': 'https://randomuser.me/api/portraits/thumb/men/87.jpg'}, 'nat': 'MX'}</msg>
<arg>${json_data['results'][0]}</arg>
<doc>Logs the given message with the given level.</doc>
<status status="PASS" start="2024-07-14T05:16:32.776377" elapsed="0.000447"/>
</kw>
<kw name="Log" owner="BuiltIn">
<msg time="2024-07-14T05:16:32.777309" level="INFO">name</msg>
<arg>${key}</arg>
<doc>Logs the given message with the given level.</doc>
<status status="PASS" start="2024-07-14T05:16:32.777172" elapsed="0.000177"/>
</kw>
<var name="${key}">name</var>
<status status="PASS" start="2024-07-14T05:16:32.775689" elapsed="0.001879"/>
</iter>
<iter>
<kw name="Dictionary Should Contain Key" owner="Collections">
<arg>${json_data['results'][0]}</arg>
<arg>${key}</arg>
<doc>Fails if ``key`` is not found from ``dictionary``.</doc>
<status status="PASS" start="2024-07-14T05:16:32.777856" elapsed="0.000382"/>
</kw>
<kw name="Log" owner="BuiltIn">
<msg time="2024-07-14T05:16:32.778775" level="INFO">{'gender': 'male', 'name': {'title': 'Mr', 'first': 'Miguel Ángel', 'last': 'Salinas'}, 'location': {'street': {'number': 3166, 'name': 'Cerrada México'}, 'city': 'Campamento Sarh', 'state': 'Durango', 'country': 'Mexico', 'postcode': 91247, 'coordinates': {'latitude': '29.3673', 'longitude': '-42.9321'}, 'timezone': {'offset': '-10:00', 'description': 'Hawaii'}}, 'email': 'miguelangel.salinas@example.com', 'login': {'uuid': 'bd15514e-1dcc-4d65-ae5e-879e86b1a0c9', 'username': 'greentiger558', 'password': 'tara', 'salt': 'g2WY2xuj', 'md5': '8f63b06cd317f45b0edcea18dada0e66', 'sha1': '9c142f1b20e2c752f002a15e9495881e36dd312b', 'sha256': '77260bfb96edd01107ab8ae063d05dd9796f895888de01232d5fd73e13b307d8'}, 'dob': {'date': '1969-09-16T10:21:04.949Z', 'age': 54}, 'registered': {'date': '2014-06-27T15:26:40.338Z', 'age': 10}, 'phone': '(654) 706 0765', 'cell': '(606) 436 1083', 'id': {'name': 'NSS', 'value': '45 78 14 3451 1'}, 'picture': {'large': 'https://randomuser.me/api/portraits/men/87.jpg', 'medium': 'https://randomuser.me/api/portraits/med/men/87.jpg', 'thumbnail': 'https://randomuser.me/api/portraits/thumb/men/87.jpg'}, 'nat': 'MX'}</msg>
<arg>${json_data['results'][0]}</arg>
<doc>Logs the given message with the given level.</doc>
<status status="PASS" start="2024-07-14T05:16:32.778421" elapsed="0.000405"/>
</kw>
<kw name="Log" owner="BuiltIn">
<msg time="2024-07-14T05:16:32.779252" level="INFO">location</msg>
<arg>${key}</arg>
<doc>Logs the given message with the given level.</doc>
<status status="PASS" start="2024-07-14T05:16:32.779124" elapsed="0.000166"/>
</kw>
<var name="${key}">location</var>
<status status="PASS" start="2024-07-14T05:16:32.777747" elapsed="0.001756"/>
</iter>
<iter>
<kw name="Dictionary Should Contain Key" owner="Collections">
<arg>${json_data['results'][0]}</arg>
<arg>${key}</arg>
<doc>Fails if ``key`` is not found from ``dictionary``.</doc>
<status status="PASS" start="2024-07-14T05:16:32.779781" elapsed="0.000394"/>
</kw>
<kw name="Log" owner="BuiltIn">
<msg time="2024-07-14T05:16:32.780722" level="INFO">{'gender': 'male', 'name': {'title': 'Mr', 'first': 'Miguel Ángel', 'last': 'Salinas'}, 'location': {'street': {'number': 3166, 'name': 'Cerrada México'}, 'city': 'Campamento Sarh', 'state': 'Durango', 'country': 'Mexico', 'postcode': 91247, 'coordinates': {'latitude': '29.3673', 'longitude': '-42.9321'}, 'timezone': {'offset': '-10:00', 'description': 'Hawaii'}}, 'email': 'miguelangel.salinas@example.com', 'login': {'uuid': 'bd15514e-1dcc-4d65-ae5e-879e86b1a0c9', 'username': 'greentiger558', 'password': 'tara', 'salt': 'g2WY2xuj', 'md5': '8f63b06cd317f45b0edcea18dada0e66', 'sha1': '9c142f1b20e2c752f002a15e9495881e36dd312b', 'sha256': '77260bfb96edd01107ab8ae063d05dd9796f895888de01232d5fd73e13b307d8'}, 'dob': {'date': '1969-09-16T10:21:04.949Z', 'age': 54}, 'registered': {'date': '2014-06-27T15:26:40.338Z', 'age': 10}, 'phone': '(654) 706 0765', 'cell': '(606) 436 1083', 'id': {'name': 'NSS', 'value': '45 78 14 3451 1'}, 'picture': {'large': 'https://randomuser.me/api/portraits/men/87.jpg', 'medium': 'https://randomuser.me/api/portraits/med/men/87.jpg', 'thumbnail': 'https://randomuser.me/api/portraits/thumb/men/87.jpg'}, 'nat': 'MX'}</msg>
<arg>${json_data['results'][0]}</arg>
<doc>Logs the given message with the given level.</doc>
<status status="PASS" start="2024-07-14T05:16:32.780364" elapsed="0.000410"/>
</kw>
<kw name="Log" owner="BuiltIn">
<msg time="2024-07-14T05:16:32.781245" level="INFO">email</msg>
<arg>${key}</arg>
<doc>Logs the given message with the given level.</doc>
<status status="PASS" start="2024-07-14T05:16:32.781112" elapsed="0.000173"/>
</kw>
<var name="${key}">email</var>
<status status="PASS" start="2024-07-14T05:16:32.779673" elapsed="0.001825"/>
</iter>
<iter>
<kw name="Dictionary Should Contain Key" owner="Collections">
<arg>${json_data['results'][0]}</arg>
<arg>${key}</arg>
<doc>Fails if ``key`` is not found from ``dictionary``.</doc>
<status status="PASS" start="2024-07-14T05:16:32.781784" elapsed="0.000383"/>
</kw>
<kw name="Log" owner="BuiltIn">
<msg time="2024-07-14T05:16:32.782703" level="INFO">{'gender': 'male', 'name': {'title': 'Mr', 'first': 'Miguel Ángel', 'last': 'Salinas'}, 'location': {'street': {'number': 3166, 'name': 'Cerrada México'}, 'city': 'Campamento Sarh', 'state': 'Durango', 'country': 'Mexico', 'postcode': 91247, 'coordinates': {'latitude': '29.3673', 'longitude': '-42.9321'}, 'timezone': {'offset': '-10:00', 'description': 'Hawaii'}}, 'email': 'miguelangel.salinas@example.com', 'login': {'uuid': 'bd15514e-1dcc-4d65-ae5e-879e86b1a0c9', 'username': 'greentiger558', 'password': 'tara', 'salt': 'g2WY2xuj', 'md5': '8f63b06cd317f45b0edcea18dada0e66', 'sha1': '9c142f1b20e2c752f002a15e9495881e36dd312b', 'sha256': '77260bfb96edd01107ab8ae063d05dd9796f895888de01232d5fd73e13b307d8'}, 'dob': {'date': '1969-09-16T10:21:04.949Z', 'age': 54}, 'registered': {'date': '2014-06-27T15:26:40.338Z', 'age': 10}, 'phone': '(654) 706 0765', 'cell': '(606) 436 1083', 'id': {'name': 'NSS', 'value': '45 78 14 3451 1'}, 'picture': {'large': 'https://randomuser.me/api/portraits/men/87.jpg', 'medium': 'https://randomuser.me/api/portraits/med/men/87.jpg', 'thumbnail': 'https://randomuser.me/api/portraits/thumb/men/87.jpg'}, 'nat': 'MX'}</msg>
<arg>${json_data['results'][0]}</arg>
<doc>Logs the given message with the given level.</doc>
<status status="PASS" start="2024-07-14T05:16:32.782347" elapsed="0.000406"/>
</kw>
<kw name="Log" owner="BuiltIn">
<msg time="2024-07-14T05:16:32.783172" level="INFO">login</msg>
<arg>${key}</arg>
<doc>Logs the given message with the given level.</doc>
<status status="PASS" start="2024-07-14T05:16:32.783046" elapsed="0.000164"/>
</kw>
<var name="${key}">login</var>
<status status="PASS" start="2024-07-14T05:16:32.781669" elapsed="0.001755"/>
</iter>
<var>${key}</var>
<value>@{expected_keys}</value>
<status status="PASS" start="2024-07-14T05:16:32.773419" elapsed="0.010127"/>
</for>
<kw name="Create List" owner="BuiltIn">
<msg time="2024-07-14T05:16:32.783881" level="INFO">${expected_keysTwo} = ['username', 'password']</msg>
<var>${expected_keysTwo}</var>
<arg>username</arg>
<arg>password</arg>
<doc>Returns a list containing given items.</doc>
<status status="PASS" start="2024-07-14T05:16:32.783738" elapsed="0.000196"/>
</kw>
<for flavor="IN">
<iter>
<kw name="Dictionary Should Contain Key" owner="Collections">
<arg>${json_data['results'][0]['login']}</arg>
<arg>${keyTwo}</arg>
<doc>Fails if ``key`` is not found from ``dictionary``.</doc>
<status status="PASS" start="2024-07-14T05:16:32.784455" elapsed="0.000391"/>
</kw>
<kw name="Dictionary Should Contain Key" owner="Collections">
<arg>${json_data['results'][0]['login']}</arg>
<arg>${keyTwo}</arg>
<doc>Fails if ``key`` is not found from ``dictionary``.</doc>
<status status="PASS" start="2024-07-14T05:16:32.785077" elapsed="0.000382"/>
</kw>
<kw name="Log" owner="BuiltIn">
<msg time="2024-07-14T05:16:32.785767" level="INFO">username</msg>
<arg>${keyTwo}</arg>
<doc>Logs the given message with the given level.</doc>
<status status="PASS" start="2024-07-14T05:16:32.785643" elapsed="0.000164"/>
</kw>
<var name="${keyTwo}">username</var>
<status status="PASS" start="2024-07-14T05:16:32.784345" elapsed="0.001685"/>
</iter>
<iter>
<kw name="Dictionary Should Contain Key" owner="Collections">
<arg>${json_data['results'][0]['login']}</arg>
<arg>${keyTwo}</arg>
<doc>Fails if ``key`` is not found from ``dictionary``.</doc>
<status status="PASS" start="2024-07-14T05:16:32.786307" elapsed="0.000389"/>
</kw>
<kw name="Dictionary Should Contain Key" owner="Collections">
<arg>${json_data['results'][0]['login']}</arg>
<arg>${keyTwo}</arg>
<doc>Fails if ``key`` is not found from ``dictionary``.</doc>
<status status="PASS" start="2024-07-14T05:16:32.786877" elapsed="0.000373"/>
</kw>
<kw name="Log" owner="BuiltIn">
<msg time="2024-07-14T05:16:32.787550" level="INFO">password</msg>
<arg>${keyTwo}</arg>
<doc>Logs the given message with the given level.</doc>
<status status="PASS" start="2024-07-14T05:16:32.787431" elapsed="0.000161"/>
</kw>
<var name="${keyTwo}">password</var>
<status status="PASS" start="2024-07-14T05:16:32.786202" elapsed="0.001702"/>
</iter>
<var>${keyTwo}</var>
<value>@{expected_keysTwo}</value>
<status status="PASS" start="2024-07-14T05:16:32.784188" elapsed="0.003838"/>
</for>
<status status="PASS" start="2024-07-14T05:16:32.642359" elapsed="0.145811"/>
</kw>
<doc>Testa a estrutura da resposta da API.</doc>
<tag>testeEstruturaResposta</tag>
<status status="PASS" start="2024-07-14T05:16:32.641755" elapsed="0.146568"/>
</test>
<test id="s1-s1-t4" name="Validar tipos de dados" line="28">
<kw name="Teste de Tipos de Dados" owner="random-user-service">
<kw name="GET On Session" owner="RequestsLibrary">
<msg time="2024-07-14T05:16:32.837114" level="INFO">GET Request : url=https://randomuser.me/api 
 path_url=/api 
 headers={'User-Agent': 'python-requests/2.32.3', 'Accept-Encoding': 'gzip, deflate', 'Accept': '*/*', 'Connection': 'keep-alive'} 
 body=None 
 </msg>
<msg time="2024-07-14T05:16:32.837223" level="INFO">GET Response : url=https://randomuser.me/api 
 status=200, reason=OK 
 headers={'Date': 'Sun, 14 Jul 2024 05:16:32 GMT', 'Content-Type': 'application/json; charset=utf-8', 'Transfer-Encoding': 'chunked', 'Connection': 'keep-alive', 'X-Powered-By': 'Express', 'Access-Control-Allow-Origin': '*', 'Cache-Control': 'no-cache', 'ETag': 'W/"48a-NVMOJjmIxgmSRG9OLh0W5nPicX8"', 'Vary': 'Accept-Encoding', 'Content-Encoding': 'gzip', 'CF-Cache-Status': 'DYNAMIC', 'Report-To': '{"endpoints":[{"url":"https:\\/\\/a.nel.cloudflare.com\\/report\\/v4?s=jaQK6gn9QfE%2FxQPMTDhIfkI343Ymfc%2BGU2A7v9gNvk6GZ1tp9MpoW%2FAArVkZ%2B9ct0aRU0G2YiulkZrKWMPOlomGhOUZ5Y5sKQFFE64qhwQdwRZOGzPeDw8v1MXfZme%2Bx"}],"group":"cf-nel","max_age":604800}', 'NEL': '{"success_fraction":0,"report_to":"cf-nel","max_age":604800}', 'Server': 'cloudflare', 'CF-RAY': '8a2f0a90fc3756f2-IAD', 'alt-svc': 'h3=":443"; ma=86400'} 
 body={"results":[{"gender":"female","name":{"title":"Mrs","first":"Deeksha","last":"Gatty"},"location":{"street":{"number":9306,"name":"Dadabhai Naoroji Rd"},"city":"Phagwara","state":"Punjab","country":"India","postcode":47122,"coordinates":{"latitude":"11.8128","longitude":"73.4627"},"timezone":{"offset":"+6:00","description":"Almaty, Dhaka, Colombo"}},"email":"deeksha.gatty@example.com","login":{"uuid":"25ace4bc-6523-4c7c-8f72-c96452227b55","username":"blackpeacock622","password":"jethro","salt":"uipYBXU8","md5":"1833a1c3ceef62590383cbba3cf16841","sha1":"23da56a1698dd103143bd00af2ff7dc0045c2f05","sha256":"c90bc90555c3e3f44f5983404b37a0007c3551d21ff7473af8ccd9fc728532b3"},"dob":{"date":"1967-01-17T10:45:12.442Z","age":57},"registered":{"date":"2007-04-22T13:44:40.374Z","age":17},"phone":"7114633713","cell":"9061732490","id":{"name":"UIDAI","value":"204924471078"},"picture":{"large":"https://randomuser.me/api/portraits/women/32.jpg","medium":"https://randomuser.me/api/portraits/med/women/32.jpg","thumbnail":"https://randomuser.me/api/portraits/thumb/women/32.jpg"},"nat":"IN"}],"info":{"seed":"b15ffc89c2239782","results":1,"page":1,"version":"1.4"}} 
 </msg>
<msg time="2024-07-14T05:16:32.837321" level="INFO">/opt/hostedtoolcache/Python/3.12.4/x64/lib/python3.12/site-packages/urllib3/connectionpool.py:1099: InsecureRequestWarning: Unverified HTTPS request is being made to host 'randomuser.me'. Adding certificate verification is strongly advised. See: https://urllib3.readthedocs.io/en/latest/advanced-usage.html#tls-warnings
  warnings.warn(</msg>
<msg time="2024-07-14T05:16:32.837459" level="INFO">${response} = &lt;Response [200]&gt;</msg>
<var>${response}</var>
<arg>consultarAPI</arg>
<arg>/api</arg>
<doc>Sends a GET request on a previously created HTTP Session.</doc>
<status status="PASS" start="2024-07-14T05:16:32.790999" elapsed="0.046501"/>
</kw>
<kw name="Set Variable" owner="BuiltIn">
<msg time="2024-07-14T05:16:32.838799" level="INFO">${json_data} = {'results': [{'gender': 'female', 'name': {'title': 'Mrs', 'first': 'Deeksha', 'last': 'Gatty'}, 'location': {'street': {'number': 9306, 'name': 'Dadabhai Naoroji Rd'}, 'city': 'Phagwara', 'state': 'P...</msg>
<var>${json_data}</var>
<arg>${response.json()}</arg>
<doc>Returns the given values which can then be assigned to a variables.</doc>
<status status="PASS" start="2024-07-14T05:16:32.838081" elapsed="0.000762"/>
</kw>
<kw name="Log" owner="BuiltIn">
<msg time="2024-07-14T05:16:32.839525" level="INFO">{'results': [{'gender': 'female', 'name': {'title': 'Mrs', 'first': 'Deeksha', 'last': 'Gatty'}, 'location': {'street': {'number': 9306, 'name': 'Dadabhai Naoroji Rd'}, 'city': 'Phagwara', 'state': 'Punjab', 'country': 'India', 'postcode': 47122, 'coordinates': {'latitude': '11.8128', 'longitude': '73.4627'}, 'timezone': {'offset': '+6:00', 'description': 'Almaty, Dhaka, Colombo'}}, 'email': 'deeksha.gatty@example.com', 'login': {'uuid': '25ace4bc-6523-4c7c-8f72-c96452227b55', 'username': 'blackpeacock622', 'password': 'jethro', 'salt': 'uipYBXU8', 'md5': '1833a1c3ceef62590383cbba3cf16841', 'sha1': '23da56a1698dd103143bd00af2ff7dc0045c2f05', 'sha256': 'c90bc90555c3e3f44f5983404b37a0007c3551d21ff7473af8ccd9fc728532b3'}, 'dob': {'date': '1967-01-17T10:45:12.442Z', 'age': 57}, 'registered': {'date': '2007-04-22T13:44:40.374Z', 'age': 17}, 'phone': '7114633713', 'cell': '9061732490', 'id': {'name': 'UIDAI', 'value': '204924471078'}, 'picture': {'large': 'https://randomuser.me/api/portraits/women/32.jpg', 'medium': 'https://randomuser.me/api/portraits/med/women/32.jpg', 'thumbnail': 'https://randomuser.me/api/portraits/thumb/women/32.jpg'}, 'nat': 'IN'}], 'info': {'seed': 'b15ffc89c2239782', 'results': 1, 'page': 1, 'version': '1.4'}}</msg>
<arg>${json_data}</arg>
<doc>Logs the given message with the given level.</doc>
<status status="PASS" start="2024-07-14T05:16:32.839296" elapsed="0.000302"/>
</kw>
<kw name="Should Be String" owner="String">
<arg>${json_data['results'][0]['gender']}</arg>
<doc>Fails if the given ``item`` is not a string.</doc>
<status status="PASS" start="2024-07-14T05:16:32.840021" elapsed="0.000583"/>
</kw>
<kw name="Should Match Regexp" owner="BuiltIn">
<arg>${json_data['results'][0]['email']}</arg>
<arg>^[a-zA-Z0-9._%+-]+@[a-zA-Z0-9.-]+\.[a-zA-Z]{2,}$</arg>
<doc>Fails if ``string`` does not match ``pattern`` as a regular expression.</doc>
<status status="PASS" start="2024-07-14T05:16:32.840968" elapsed="0.000790"/>
</kw>
<kw name="Should Match Regexp" owner="BuiltIn">
<arg>${json_data['results'][0]['dob']['date']}</arg>
<arg>\\d{4}-\\d{2}-\\d{2}T\\d{2}:\\d{2}:\\d{2}\\.\\d{3}Z</arg>
<doc>Fails if ``string`` does not match ``pattern`` as a regular expression.</doc>
<status status="PASS" start="2024-07-14T05:16:32.842103" elapsed="0.000809"/>
</kw>
<kw name="Should Match Regexp" owner="BuiltIn">
<arg>${json_data['results'][0]['registered']['date']}</arg>
<arg>\\d{4}-\\d{2}-\\d{2}T\\d{2}:\\d{2}:\\d{2}\\.\\d{3}Z</arg>
<doc>Fails if ``string`` does not match ``pattern`` as a regular expression.</doc>
<status status="PASS" start="2024-07-14T05:16:32.843223" elapsed="0.000592"/>
</kw>
<kw name="Should Match Regexp" owner="BuiltIn">
<arg>${json_data['results'][0]['picture']['large']}</arg>
<arg>^https?://.*\.(?:png|jpe?g|gif|bmp)$</arg>
<doc>Fails if ``string`` does not match ``pattern`` as a regular expression.</doc>
<status status="PASS" start="2024-07-14T05:16:32.844127" elapsed="0.000815"/>
</kw>
<kw name="Should Match Regexp" owner="BuiltIn">
<arg>${json_data['results'][0]['picture']['medium']}</arg>
<arg>^https?://.*\.(?:png|jpe?g|gif|bmp)$</arg>
<doc>Fails if ``string`` does not match ``pattern`` as a regular expression.</doc>
<status status="PASS" start="2024-07-14T05:16:32.845284" elapsed="0.000639"/>
</kw>
<kw name="Should Match Regexp" owner="BuiltIn">
<arg>${json_data['results'][0]['picture']['thumbnail']}</arg>
<arg>^https?://.*\.(?:png|jpe?g|gif|bmp)$</arg>
<doc>Fails if ``string`` does not match ``pattern`` as a regular expression.</doc>
<status status="PASS" start="2024-07-14T05:16:32.846211" elapsed="0.000587"/>
</kw>
<kw name="Log" owner="BuiltIn">
<msg time="2024-07-14T05:16:32.847730" level="INFO">{'large': 'https://randomuser.me/api/portraits/women/32.jpg', 'medium': 'https://randomuser.me/api/portraits/med/women/32.jpg', 'thumbnail': 'https://randomuser.me/api/portraits/thumb/women/32.jpg'}</msg>
<arg>${json_data['results'][0]['picture']}</arg>
<doc>Logs the given message with the given level.</doc>
<status status="PASS" start="2024-07-14T05:16:32.847121" elapsed="0.000684"/>
</kw>
<status status="PASS" start="2024-07-14T05:16:32.790769" elapsed="0.057412"/>
</kw>
<kw name="Teste de Tipos de Dados - Postcode" owner="random-user-service">
<kw name="GET On Session" owner="RequestsLibrary">
<msg time="2024-07-14T05:16:32.936090" level="INFO">GET Request : url=https://randomuser.me/api 
 path_url=/api 
 headers={'User-Agent': 'python-requests/2.32.3', 'Accept-Encoding': 'gzip, deflate', 'Accept': '*/*', 'Connection': 'keep-alive'} 
 body=None 
 </msg>
<msg time="2024-07-14T05:16:32.936205" level="INFO">GET Response : url=https://randomuser.me/api 
 status=200, reason=OK 
 headers={'Date': 'Sun, 14 Jul 2024 05:16:32 GMT', 'Content-Type': 'application/json; charset=utf-8', 'Transfer-Encoding': 'chunked', 'Connection': 'keep-alive', 'X-Powered-By': 'Express', 'Access-Control-Allow-Origin': '*', 'Cache-Control': 'no-cache', 'ETag': 'W/"480-VLLLFKVOHtt8VkxhDgyZTskdfnc"', 'Vary': 'Accept-Encoding', 'Content-Encoding': 'gzip', 'CF-Cache-Status': 'DYNAMIC', 'Report-To': '{"endpoints":[{"url":"https:\\/\\/a.nel.cloudflare.com\\/report\\/v4?s=RZJCRaO0SQbJX%2FnMW9rv%2FGZsdnJ9Z4AXCyZ80TzTACkLnm6r3%2B0pS0JZdObsaQWGKSNAZgEBUKQHvCp5jMJcH7GoV6HBZnuHDJ1DwGuPEDVhIp9KVmkw9olMyNJwkdxa"}],"group":"cf-nel","max_age":604800}', 'NEL': '{"success_fraction":0,"report_to":"cf-nel","max_age":604800}', 'Server': 'cloudflare', 'CF-RAY': '8a2f0a915c6656f2-IAD', 'alt-svc': 'h3=":443"; ma=86400'} 
 body={"results":[{"gender":"female","name":{"title":"Ms","first":"Willow","last":"Singh"},"location":{"street":{"number":2234,"name":"Heretaunga Street"},"city":"New Plymouth","state":"Bay of Plenty","country":"New Zealand","postcode":84940,"coordinates":{"latitude":"49.5272","longitude":"87.3074"},"timezone":{"offset":"-10:00","description":"Hawaii"}},"email":"willow.singh@example.com","login":{"uuid":"faf13581-d5ad-40da-b4bd-4cb0b5fe39af","username":"ticklishfish799","password":"pinky1","salt":"tQ1b1O8r","md5":"7e9c5c80187cd7b1c5927585f9070521","sha1":"8471b247bbde6390dedb4d4689d083d6ebc355c9","sha256":"b79234263728f21f9c70ca4d1f45a89541e47a6758d6a7bd8b5e3d631fe3cfb8"},"dob":{"date":"1984-11-23T08:34:16.225Z","age":39},"registered":{"date":"2003-05-12T13:23:18.823Z","age":21},"phone":"(399)-256-9924","cell":"(630)-527-9143","id":{"name":"","value":null},"picture":{"large":"https://randomuser.me/api/portraits/women/69.jpg","medium":"https://randomuser.me/api/portraits/med/women/69.jpg","thumbnail":"https://randomuser.me/api/portraits/thumb/women/69.jpg"},"nat":"NZ"}],"info":{"seed":"d47f3246038e5c90","results":1,"page":1,"version":"1.4"}} 
 </msg>
<msg time="2024-07-14T05:16:32.936286" level="INFO">/opt/hostedtoolcache/Python/3.12.4/x64/lib/python3.12/site-packages/urllib3/connectionpool.py:1099: InsecureRequestWarning: Unverified HTTPS request is being made to host 'randomuser.me'. Adding certificate verification is strongly advised. See: https://urllib3.readthedocs.io/en/latest/advanced-usage.html#tls-warnings
  warnings.warn(</msg>
<msg time="2024-07-14T05:16:32.936430" level="INFO">${response} = &lt;Response [200]&gt;</msg>
<var>${response}</var>
<arg>consultarAPI</arg>
<arg>/api</arg>
<doc>Sends a GET request on a previously created HTTP Session.</doc>
<status status="PASS" start="2024-07-14T05:16:32.848845" elapsed="0.087628"/>
</kw>
<kw name="Set Variable" owner="BuiltIn">
<msg time="2024-07-14T05:16:32.937550" level="INFO">${json_data} = {'results': [{'gender': 'female', 'name': {'title': 'Ms', 'first': 'Willow', 'last': 'Singh'}, 'location': {'street': {'number': 2234, 'name': 'Heretaunga Street'}, 'city': 'New Plymouth', 'state': 'B...</msg>
<var>${json_data}</var>
<arg>${response.json()}</arg>
<doc>Returns the given values which can then be assigned to a variables.</doc>
<status status="PASS" start="2024-07-14T05:16:32.937016" elapsed="0.000564"/>
</kw>
<kw name="Log" owner="BuiltIn">
<msg time="2024-07-14T05:16:32.938106" level="INFO">{'results': [{'gender': 'female', 'name': {'title': 'Ms', 'first': 'Willow', 'last': 'Singh'}, 'location': {'street': {'number': 2234, 'name': 'Heretaunga Street'}, 'city': 'New Plymouth', 'state': 'Bay of Plenty', 'country': 'New Zealand', 'postcode': 84940, 'coordinates': {'latitude': '49.5272', 'longitude': '87.3074'}, 'timezone': {'offset': '-10:00', 'description': 'Hawaii'}}, 'email': 'willow.singh@example.com', 'login': {'uuid': 'faf13581-d5ad-40da-b4bd-4cb0b5fe39af', 'username': 'ticklishfish799', 'password': 'pinky1', 'salt': 'tQ1b1O8r', 'md5': '7e9c5c80187cd7b1c5927585f9070521', 'sha1': '8471b247bbde6390dedb4d4689d083d6ebc355c9', 'sha256': 'b79234263728f21f9c70ca4d1f45a89541e47a6758d6a7bd8b5e3d631fe3cfb8'}, 'dob': {'date': '1984-11-23T08:34:16.225Z', 'age': 39}, 'registered': {'date': '2003-05-12T13:23:18.823Z', 'age': 21}, 'phone': '(399)-256-9924', 'cell': '(630)-527-9143', 'id': {'name': '', 'value': None}, 'picture': {'large': 'https://randomuser.me/api/portraits/women/69.jpg', 'medium': 'https://randomuser.me/api/portraits/med/women/69.jpg', 'thumbnail': 'https://randomuser.me/api/portraits/thumb/women/69.jpg'}, 'nat': 'NZ'}], 'info': {'seed': 'd47f3246038e5c90', 'results': 1, 'page': 1, 'version': '1.4'}}</msg>
<arg>${json_data}</arg>
<doc>Logs the given message with the given level.</doc>
<status status="PASS" start="2024-07-14T05:16:32.937937" elapsed="0.000220"/>
</kw>
<kw name="Should Be Equal As Numbers" owner="BuiltIn">
<arg>${json_data['results'][0]['location']['postcode']}</arg>
<arg>${json_data['results'][0]['location']['postcode']}</arg>
<doc>Fails if objects are unequal after converting them to real numbers.</doc>
<status status="PASS" start="2024-07-14T05:16:32.938507" elapsed="0.000672"/>
</kw>
<kw name="Log" owner="BuiltIn">
<msg time="2024-07-14T05:16:32.939954" level="INFO">84940</msg>
<arg>${json_data['results'][0]['location']['postcode']}</arg>
<doc>Logs the given message with the given level.</doc>
<status status="PASS" start="2024-07-14T05:16:32.939378" elapsed="0.000620"/>
</kw>
<status status="PASS" start="2024-07-14T05:16:32.848507" elapsed="0.091792"/>
</kw>
<doc>Testa se os tipos de dados na resposta da API estão corretos.</doc>
<tag>testeTiposDados</tag>
<status status="PASS" start="2024-07-14T05:16:32.790199" elapsed="0.150276"/>
</test>
<test id="s1-s1-t5" name="Validar conteudo" line="35">
<kw name="Teste de Tipos de Conteudo" owner="random-user-service">
<kw name="GET On Session" owner="RequestsLibrary">
<msg time="2024-07-14T05:16:33.037878" level="INFO">GET Request : url=https://randomuser.me/api 
 path_url=/api 
 headers={'User-Agent': 'python-requests/2.32.3', 'Accept-Encoding': 'gzip, deflate', 'Accept': '*/*', 'Connection': 'keep-alive'} 
 body=None 
 </msg>
<msg time="2024-07-14T05:16:33.037961" level="INFO">GET Response : url=https://randomuser.me/api 
 status=200, reason=OK 
 headers={'Date': 'Sun, 14 Jul 2024 05:16:33 GMT', 'Content-Type': 'application/json; charset=utf-8', 'Transfer-Encoding': 'chunked', 'Connection': 'keep-alive', 'X-Powered-By': 'Express', 'Access-Control-Allow-Origin': '*', 'Cache-Control': 'no-cache', 'ETag': 'W/"472-91nImpMgv+dfCkg1IO3mpe8RKbw"', 'Vary': 'Accept-Encoding', 'Content-Encoding': 'gzip', 'CF-Cache-Status': 'DYNAMIC', 'Report-To': '{"endpoints":[{"url":"https:\\/\\/a.nel.cloudflare.com\\/report\\/v4?s=WPMQmUVSPZbKHhrxFGhG6Tv6i5my8JlJMHatADmasD8TOe0LifEFRJ2DeiRgI1FFQHYnjGn0gP1r1X6yFF0VPAuP%2FWWk%2BUgG0c88l5LMuaYwm5n01ajaZX8CPIZMhB9Z"}],"group":"cf-nel","max_age":604800}', 'NEL': '{"success_fraction":0,"report_to":"cf-nel","max_age":604800}', 'Server': 'cloudflare', 'CF-RAY': '8a2f0a91fcc556f2-IAD', 'alt-svc': 'h3=":443"; ma=86400'} 
 body={"results":[{"gender":"female","name":{"title":"Mrs","first":"Sonja","last":"Surdal"},"location":{"street":{"number":6413,"name":"Brynsalléen"},"city":"Tjøtta","state":"Oppland","country":"Norway","postcode":"4325","coordinates":{"latitude":"46.3921","longitude":"105.9870"},"timezone":{"offset":"+9:30","description":"Adelaide, Darwin"}},"email":"sonja.surdal@example.com","login":{"uuid":"ed9ea1d8-5e98-4a5e-a9b1-aa34ca66cfdd","username":"bigmouse716","password":"probes","salt":"3KFNu6OK","md5":"78dc4ebffc2015aa52e2936907609738","sha1":"b2de569d623fcc795c1a82da5f4705f9b6ba3893","sha256":"70c95b66816648a41dbf775570ee4eafada077b3c89ea9f46482da4932bf278e"},"dob":{"date":"1955-11-27T18:14:28.893Z","age":68},"registered":{"date":"2007-10-01T14:29:16.857Z","age":16},"phone":"64379881","cell":"92486885","id":{"name":"FN","value":"27115528039"},"picture":{"large":"https://randomuser.me/api/portraits/women/75.jpg","medium":"https://randomuser.me/api/portraits/med/women/75.jpg","thumbnail":"https://randomuser.me/api/portraits/thumb/women/75.jpg"},"nat":"NO"}],"info":{"seed":"027118c10dcb2e37","results":1,"page":1,"version":"1.4"}} 
 </msg>
<msg time="2024-07-14T05:16:33.038030" level="INFO">/opt/hostedtoolcache/Python/3.12.4/x64/lib/python3.12/site-packages/urllib3/connectionpool.py:1099: InsecureRequestWarning: Unverified HTTPS request is being made to host 'randomuser.me'. Adding certificate verification is strongly advised. See: https://urllib3.readthedocs.io/en/latest/advanced-usage.html#tls-warnings
  warnings.warn(</msg>
<msg time="2024-07-14T05:16:33.038140" level="INFO">${response} = &lt;Response [200]&gt;</msg>
<var>${response}</var>
<arg>consultarAPI</arg>
<arg>/api</arg>
<doc>Sends a GET request on a previously created HTTP Session.</doc>
<status status="PASS" start="2024-07-14T05:16:32.943130" elapsed="0.095053"/>
</kw>
<kw name="Set Variable" owner="BuiltIn">
<msg time="2024-07-14T05:16:33.039296" level="INFO">${json_data} = {'results': [{'gender': 'female', 'name': {'title': 'Mrs', 'first': 'Sonja', 'last': 'Surdal'}, 'location': {'street': {'number': 6413, 'name': 'Brynsalléen'}, 'city': 'Tjøtta', 'state': 'Oppland', 'c...</msg>
<var>${json_data}</var>
<arg>${response.json()}</arg>
<doc>Returns the given values which can then be assigned to a variables.</doc>
<status status="PASS" start="2024-07-14T05:16:33.038737" elapsed="0.000589"/>
</kw>
<kw name="Set Variable" owner="BuiltIn">
<msg time="2024-07-14T05:16:33.040071" level="INFO">${name_title} = Mrs</msg>
<var>${name_title}</var>
<arg>${json_data["results"][0]["name"]["title"]}</arg>
<doc>Returns the given values which can then be assigned to a variables.</doc>
<status status="PASS" start="2024-07-14T05:16:33.039655" elapsed="0.000443"/>
</kw>
<kw name="Create List" owner="BuiltIn">
<msg time="2024-07-14T05:16:33.040562" level="INFO">${allowed_titles} = ['Mr', 'Ms', 'Miss', 'Mrs', 'Madame', 'Monsieur']</msg>
<var>${allowed_titles}</var>
<arg>Mr</arg>
<arg>Ms</arg>
<arg>Miss</arg>
<arg>Mrs</arg>
<arg>Madame</arg>
<arg>Monsieur</arg>
<doc>Returns a list containing given items.</doc>
<status status="PASS" start="2024-07-14T05:16:33.040407" elapsed="0.000180"/>
</kw>
<kw name="List Should Contain Value" owner="Collections">
<arg>${allowed_titles}</arg>
<arg>${name_title}</arg>
<doc>Fails if the ``value`` is not found from ``list``.</doc>
<status status="PASS" start="2024-07-14T05:16:33.040935" elapsed="0.000194"/>
</kw>
<kw name="Set Variable" owner="BuiltIn">
<msg time="2024-07-14T05:16:33.041690" level="INFO">${name_country} = NO</msg>
<var>${name_country}</var>
<arg>${json_data["results"][0]["nat"]}</arg>
<doc>Returns the given values which can then be assigned to a variables.</doc>
<status status="PASS" start="2024-07-14T05:16:33.041315" elapsed="0.000402"/>
</kw>
<kw name="Create List" owner="BuiltIn">
<msg time="2024-07-14T05:16:33.042609" level="INFO">${list_country} = ['AD', 'AE', 'AF', 'AG', 'AI', 'AL', 'AM', 'AO', 'AQ', 'AR', 'AS', 'AT', 'AU', 'AW', 'AX', 'AZ', 'BA', 'BB', 'BD', 'BE', 'BF', 'BG', 'BH', 'BI', 'BJ', 'BL', 'BM', 'BN', 'BO', 'BQ', 'BR', 'BS', 'BT', '...</msg>
<var>${list_country}</var>
<arg>AD</arg>
<arg>AE</arg>
<arg>AF</arg>
<arg>AG</arg>
<arg>AI</arg>
<arg>AL</arg>
<arg>AM</arg>
<arg>AO</arg>
<arg>AQ</arg>
<arg>AR</arg>
<arg>AS</arg>
<arg>AT</arg>
<arg>AU</arg>
<arg>AW</arg>
<arg>AX</arg>
<arg>AZ</arg>
<arg>BA</arg>
<arg>BB</arg>
<arg>BD</arg>
<arg>BE</arg>
<arg>BF</arg>
<arg>BG</arg>
<arg>BH</arg>
<arg>BI</arg>
<arg>BJ</arg>
<arg>BL</arg>
<arg>BM</arg>
<arg>BN</arg>
<arg>BO</arg>
<arg>BQ</arg>
<arg>BR</arg>
<arg>BS</arg>
<arg>BT</arg>
<arg>BV</arg>
<arg>BW</arg>
<arg>BY</arg>
<arg>BZ</arg>
<arg>CA</arg>
<arg>CC</arg>
<arg>CD</arg>
<arg>CF</arg>
<arg>CG</arg>
<arg>CH</arg>
<arg>CI</arg>
<arg>CK</arg>
<arg>CL</arg>
<arg>CM</arg>
<arg>CN</arg>
<arg>CO</arg>
<arg>CR</arg>
<arg>CU</arg>
<arg>CV</arg>
<arg>CW</arg>
<arg>CX</arg>
<arg>CY</arg>
<arg>CZ</arg>
<arg>DE</arg>
<arg>DJ</arg>
<arg>DK</arg>
<arg>DM</arg>
<arg>DO</arg>
<arg>DZ</arg>
<arg>EC</arg>
<arg>EE</arg>
<arg>EG</arg>
<arg>EH</arg>
<arg>ER</arg>
<arg>ES</arg>
<arg>ET</arg>
<arg>FI</arg>
<arg>FJ</arg>
<arg>FK</arg>
<arg>FM</arg>
<arg>FO</arg>
<arg>FR</arg>
<arg>GA</arg>
<arg>GB</arg>
<arg>GD</arg>
<arg>GE</arg>
<arg>GF</arg>
<arg>GG</arg>
<arg>GH</arg>
<arg>GI</arg>
<arg>GL</arg>
<arg>GM</arg>
<arg>GN</arg>
<arg>GP</arg>
<arg>GQ</arg>
<arg>GR</arg>
<arg>GS</arg>
<arg>GT</arg>
<arg>GU</arg>
<arg>GW</arg>
<arg>GY</arg>
<arg>HK</arg>
<arg>HM</arg>
<arg>HN</arg>
<arg>HR</arg>
<arg>HT</arg>
<arg>HU</arg>
<arg>ID</arg>
<arg>IE</arg>
<arg>IL</arg>
<arg>IM</arg>
<arg>IN</arg>
<arg>IO</arg>
<arg>IQ</arg>
<arg>IR</arg>
<arg>IS</arg>
<arg>IT</arg>
<arg>JE</arg>
<arg>JM</arg>
<arg>JO</arg>
<arg>JP</arg>
<arg>KE</arg>
<arg>KG</arg>
<arg>KH</arg>
<arg>KI</arg>
<arg>KM</arg>
<arg>KN</arg>
<arg>KP</arg>
<arg>KR</arg>
<arg>KW</arg>
<arg>KY</arg>
<arg>KZ</arg>
<arg>LA</arg>
<arg>LB</arg>
<arg>LC</arg>
<arg>LI</arg>
<arg>LK</arg>
<arg>LR</arg>
<arg>LS</arg>
<arg>LT</arg>
<arg>LU</arg>
<arg>LV</arg>
<arg>LY</arg>
<arg>MA</arg>
<arg>MC</arg>
<arg>MD</arg>
<arg>ME</arg>
<arg>MF</arg>
<arg>MG</arg>
<arg>MH</arg>
<arg>MK</arg>
<arg>ML</arg>
<arg>MM</arg>
<arg>MN</arg>
<arg>MO</arg>
<arg>MP</arg>
<arg>MQ</arg>
<arg>MR</arg>
<arg>MS</arg>
<arg>MT</arg>
<arg>MU</arg>
<arg>MV</arg>
<arg>MW</arg>
<arg>MX</arg>
<arg>MY</arg>
<arg>MZ</arg>
<arg>NA</arg>
<arg>NC</arg>
<arg>NE</arg>
<arg>NF</arg>
<arg>NG</arg>
<arg>NI</arg>
<arg>NL</arg>
<arg>NO</arg>
<arg>NP</arg>
<arg>NR</arg>
<arg>NU</arg>
<arg>NZ</arg>
<arg>OM</arg>
<arg>PA</arg>
<arg>PE</arg>
<arg>PF</arg>
<arg>PG</arg>
<arg>PH</arg>
<arg>PK</arg>
<arg>PL</arg>
<arg>PM</arg>
<arg>PN</arg>
<arg>PR</arg>
<arg>PS</arg>
<arg>PT</arg>
<arg>PW</arg>
<arg>PY</arg>
<arg>QA</arg>
<arg>RE</arg>
<arg>RO</arg>
<arg>RS</arg>
<arg>RU</arg>
<arg>RW</arg>
<arg>SA</arg>
<arg>SB</arg>
<arg>SC</arg>
<arg>SD</arg>
<arg>SE</arg>
<arg>SG</arg>
<arg>SH</arg>
<arg>SI</arg>
<arg>SJ</arg>
<arg>SK</arg>
<arg>SL</arg>
<arg>SM</arg>
<arg>SN</arg>
<arg>SO</arg>
<arg>SR</arg>
<arg>SS</arg>
<arg>ST</arg>
<arg>SV</arg>
<arg>SX</arg>
<arg>SY</arg>
<arg>SZ</arg>
<arg>TC</arg>
<arg>TD</arg>
<arg>TF</arg>
<arg>TG</arg>
<arg>TH</arg>
<arg>TJ</arg>
<arg>TK</arg>
<arg>TL</arg>
<arg>TM</arg>
<arg>TN</arg>
<arg>TO</arg>
<arg>TR</arg>
<arg>TT</arg>
<arg>TV</arg>
<arg>TW</arg>
<arg>TZ</arg>
<arg>UA</arg>
<arg>UG</arg>
<arg>UM</arg>
<arg>US</arg>
<arg>UY</arg>
<arg>UZ</arg>
<arg>VA</arg>
<arg>VC</arg>
<arg>VE</arg>
<arg>VG</arg>
<arg>VI</arg>
<arg>VN</arg>
<arg>VU</arg>
<arg>WF</arg>
<arg>WS</arg>
<arg>XK</arg>
<arg>YE</arg>
<arg>YT</arg>
<arg>ZA</arg>
<arg>ZM</arg>
<arg>ZW</arg>
<doc>Returns a list containing given items.</doc>
<status status="PASS" start="2024-07-14T05:16:33.042016" elapsed="0.000619"/>
</kw>
<kw name="List Should Contain Value" owner="Collections">
<arg>${list_country}</arg>
<arg>${name_country}</arg>
<doc>Fails if the ``value`` is not found from ``list``.</doc>
<status status="PASS" start="2024-07-14T05:16:33.043428" elapsed="0.000209"/>
</kw>
<kw name="Run Keyword If" owner="BuiltIn">
<kw name="Should Be True" owner="BuiltIn">
<arg>${True}</arg>
<doc>Fails if the given condition is not true.</doc>
<status status="PASS" start="2024-07-14T05:16:33.044590" elapsed="0.000144"/>
</kw>
<arg>${json_data["results"][0]["location"]["coordinates"]["latitude"]} &gt;= -90 and ${json_data["results"][0]["location"]["coordinates"]["latitude"]} &lt;= 90</arg>
<arg>Should Be True</arg>
<arg>${True}</arg>
<doc>Runs the given keyword with the given arguments, if ``condition`` is true.</doc>
<status status="PASS" start="2024-07-14T05:16:33.043837" elapsed="0.001041"/>
</kw>
<kw name="Run Keyword If" owner="BuiltIn">
<kw name="Should Be True" owner="BuiltIn">
<arg>${True}</arg>
<doc>Fails if the given condition is not true.</doc>
<status status="PASS" start="2024-07-14T05:16:33.045768" elapsed="0.000246"/>
</kw>
<arg>${json_data["results"][0]["location"]["coordinates"]["longitude"]} &gt;= -180 and ${json_data["results"][0]["location"]["coordinates"]["longitude"]} &lt;= 180</arg>
<arg>Should Be True</arg>
<arg>${True}</arg>
<doc>Runs the given keyword with the given arguments, if ``condition`` is true.</doc>
<status status="PASS" start="2024-07-14T05:16:33.045067" elapsed="0.001077"/>
</kw>
<status status="PASS" start="2024-07-14T05:16:32.942899" elapsed="0.103384"/>
</kw>
<doc>Testa o conteúdo específico dos campos retornados pela API.</doc>
<tag>testeConteudo</tag>
<status status="PASS" start="2024-07-14T05:16:32.942360" elapsed="0.104081"/>
</test>
<status status="PASS" start="2024-07-14T05:16:32.086260" elapsed="0.962212"/>
</suite>
<status status="PASS" start="2024-07-14T05:16:32.071802" elapsed="0.981796"/>
</suite>
<statistics>
<total>
<stat pass="5" fail="0" skip="0">All Tests</stat>
</total>
<tag>
<stat pass="1" fail="0" skip="0">testeConteudo</stat>
<stat pass="1" fail="0" skip="0">testeEstruturaResposta</stat>
<stat pass="1" fail="0" skip="0">testeRequisicaoBasica</stat>
<stat pass="1" fail="0" skip="0">testeTiposDados</stat>
</tag>
<suite>
<stat pass="5" fail="0" skip="0" id="s1" name="Tests">Tests</stat>
<stat pass="5" fail="0" skip="0" id="s1-s1" name="Random-User-Test">Tests.Random-User-Test</stat>
</suite>
</statistics>
<errors>
</errors>
</robot>
