<?xml version="1.0" encoding="UTF-8"?>
<robot generator="Robot 7.0 (Python 3.12.3 on linux)" generated="2024-05-08T04:15:00.193840" rpa="false" schemaversion="5">
<suite id="s1" name="Tests" source="/home/runner/work/DesafioQAItauRogerioJordao/DesafioQAItauRogerioJordao/RamdonUser/tests">
<suite id="s1-s1" name="Random-User-Test" source="/home/runner/work/DesafioQAItauRogerioJordao/DesafioQAItauRogerioJordao/RamdonUser/tests/random-user-test.robot">
<test id="s1-s1-t1" name="Conectar" line="13">
<kw name="Conectar API" owner="random-user-service">
<kw name="Create Session" owner="RequestsLibrary">
<msg time="2024-05-08T04:15:00.575858" level="INFO">Creating Session using : alias=consultarAPI, url=https://randomuser.me/, headers={},                     cookies={}, auth=None, timeout=None, proxies=None, verify=False,                     debug=0 </msg>
<arg>consultarAPI</arg>
<arg>${URL}</arg>
<doc>Create Session: create a HTTP session to a server</doc>
<status status="PASS" start="2024-05-08T04:15:00.575666" elapsed="0.000358"/>
</kw>
<status status="PASS" start="2024-05-08T04:15:00.574755" elapsed="0.001645"/>
</kw>
<status status="PASS" start="2024-05-08T04:15:00.574214" elapsed="0.002377"/>
</test>
<test id="s1-s1-t2" name="Validar retorno 200 e JSON Válido" line="16">
<kw name="Teste de Requisicao Basica" owner="random-user-service">
<kw name="GET On Session" owner="RequestsLibrary">
<msg time="2024-05-08T04:15:00.745698" level="INFO">GET Request : url=https://randomuser.me/api 
 path_url=/api 
 headers={'User-Agent': 'python-requests/2.31.0', 'Accept-Encoding': 'gzip, deflate', 'Accept': '*/*', 'Connection': 'keep-alive'} 
 body=None 
 </msg>
<msg time="2024-05-08T04:15:00.745812" level="INFO">GET Response : url=https://randomuser.me/api 
 status=200, reason=OK 
 headers={'Date': 'Wed, 08 May 2024 04:15:00 GMT', 'Content-Type': 'application/json; charset=utf-8', 'Transfer-Encoding': 'chunked', 'Connection': 'keep-alive', 'X-Powered-By': 'Express', 'Access-Control-Allow-Origin': '*', 'Cache-Control': 'no-cache', 'ETag': 'W/"46c-PzwrfQWAGmtaIwfEfx6CPBcCroY"', 'Vary': 'Accept-Encoding', 'Content-Encoding': 'gzip', 'CF-Cache-Status': 'DYNAMIC', 'Report-To': '{"endpoints":[{"url":"https:\\/\\/a.nel.cloudflare.com\\/report\\/v4?s=1KgUVBdeaCviJBuGZtjea5uWwgM88iOGBSDDiy1c7j0hhcxnrL5XpD0EWVPqIfAqFAVHoPZSywli4CMMH1lMDpY8taaOdy7LnSz09xzYrUZ2LDyu6dEhgW26BUV7Xbpj"}],"group":"cf-nel","max_age":604800}', 'NEL': '{"success_fraction":0,"report_to":"cf-nel","max_age":604800}', 'Server': 'cloudflare', 'CF-RAY': '8806a04d08c87c3b-LAX', 'alt-svc': 'h3=":443"; ma=86400'} 
 body={"results":[{"gender":"female","name":{"title":"Miss","first":"Ömür","last":"Akyürek"},"location":{"street":{"number":9486,"name":"Mevlana Cd"},"city":"Bayburt","state":"Bolu","country":"Turkey","postcode":96316,"coordinates":{"latitude":"69.2930","longitude":"39.5872"},"timezone":{"offset":"-10:00","description":"Hawaii"}},"email":"omur.akyurek@example.com","login":{"uuid":"d101fed2-f51a-4394-9653-78855f7b7f87","username":"brownladybug571","password":"duckman","salt":"uhNpJphx","md5":"97536532cbe673afb1e9749ab8785521","sha1":"bcfc6d1202a971616c6cf5d7730e8e0dc210f477","sha256":"c44a3b21613046b68a22de86814f6768fc977d3463289acdb71b7cf250f03cd5"},"dob":{"date":"1975-03-30T01:24:44.287Z","age":49},"registered":{"date":"2009-02-04T12:51:16.885Z","age":15},"phone":"(947)-495-4618","cell":"(087)-031-1253","id":{"name":"","value":null},"picture":{"large":"https://randomuser.me/api/portraits/women/34.jpg","medium":"https://randomuser.me/api/portraits/med/women/34.jpg","thumbnail":"https://randomuser.me/api/portraits/thumb/women/34.jpg"},"nat":"TR"}],"info":{"seed":"400f651b0d4bb3ab","results":1,"page":1,"version":"1.4"}} 
 </msg>
<msg time="2024-05-08T04:15:00.745889" level="INFO">/opt/hostedtoolcache/Python/3.12.3/x64/lib/python3.12/site-packages/urllib3/connectionpool.py:1103: InsecureRequestWarning: Unverified HTTPS request is being made to host 'randomuser.me'. Adding certificate verification is strongly advised. See: https://urllib3.readthedocs.io/en/latest/advanced-usage.html#tls-warnings
  warnings.warn(</msg>
<msg time="2024-05-08T04:15:00.746022" level="INFO">${response} = &lt;Response [200]&gt;</msg>
<var>${response}</var>
<arg>consultarAPI</arg>
<arg>/api</arg>
<doc>Sends a GET request on a previously created HTTP Session.</doc>
<status status="PASS" start="2024-05-08T04:15:00.579170" elapsed="0.166896"/>
</kw>
<kw name="Should Be Equal As Numbers" owner="BuiltIn">
<msg time="2024-05-08T04:15:00.746886" level="INFO">Argument types are:
&lt;class 'int'&gt;
&lt;class 'str'&gt;</msg>
<arg>${response.status_code}</arg>
<arg>200</arg>
<doc>Fails if objects are unequal after converting them to real numbers.</doc>
<status status="PASS" start="2024-05-08T04:15:00.746469" elapsed="0.000481"/>
</kw>
<kw name="Log" owner="BuiltIn">
<msg time="2024-05-08T04:15:00.747645" level="INFO">200</msg>
<arg>${response.status_code}</arg>
<doc>Logs the given message with the given level.</doc>
<status status="PASS" start="2024-05-08T04:15:00.747294" elapsed="0.000394"/>
</kw>
<kw name="Set Variable" owner="BuiltIn">
<msg time="2024-05-08T04:15:00.748485" level="INFO">${json_data} = {'results': [{'gender': 'female', 'name': {'title': 'Miss', 'first': 'Ömür', 'last': 'Akyürek'}, 'location': {'street': {'number': 9486, 'name': 'Mevlana Cd'}, 'city': 'Bayburt', 'state': 'Bolu', 'cou...</msg>
<var>${json_data}</var>
<arg>${response.json()}</arg>
<doc>Returns the given values which can then be assigned to a variables.</doc>
<status status="PASS" start="2024-05-08T04:15:00.747996" elapsed="0.000519"/>
</kw>
<kw name="Dictionary Should Contain Key" owner="Collections">
<msg time="2024-05-08T04:15:00.748990" level="INFO">False</msg>
<arg>${json_data}</arg>
<arg>results</arg>
<doc>Fails if ``key`` is not found from ``dictionary``.</doc>
<status status="PASS" start="2024-05-08T04:15:00.748821" elapsed="0.000209"/>
</kw>
<status status="PASS" start="2024-05-08T04:15:00.578921" elapsed="0.170362"/>
</kw>
<doc>Testa se a API responde corretamente e retorna um objeto JSON válido.</doc>
<tag>testeRequisicaoBasica</tag>
<status status="PASS" start="2024-05-08T04:15:00.578460" elapsed="0.170994"/>
</test>
<test id="s1-s1-t3" name="Validar estrutura de resposta" line="22">
<kw name="Teste de Estrutura de Resposta" owner="random-user-service">
<kw name="GET On Session" owner="RequestsLibrary">
<msg time="2024-05-08T04:15:00.884493" level="INFO">GET Request : url=https://randomuser.me/api 
 path_url=/api 
 headers={'User-Agent': 'python-requests/2.31.0', 'Accept-Encoding': 'gzip, deflate', 'Accept': '*/*', 'Connection': 'keep-alive'} 
 body=None 
 </msg>
<msg time="2024-05-08T04:15:00.884589" level="INFO">GET Response : url=https://randomuser.me/api 
 status=200, reason=OK 
 headers={'Date': 'Wed, 08 May 2024 04:15:00 GMT', 'Content-Type': 'application/json; charset=utf-8', 'Transfer-Encoding': 'chunked', 'Connection': 'keep-alive', 'X-Powered-By': 'Express', 'Access-Control-Allow-Origin': '*', 'Cache-Control': 'no-cache', 'ETag': 'W/"485-x19bTR+4/lWCF6BUcZFecHxsaiU"', 'Vary': 'Accept-Encoding', 'Content-Encoding': 'gzip', 'CF-Cache-Status': 'DYNAMIC', 'Report-To': '{"endpoints":[{"url":"https:\\/\\/a.nel.cloudflare.com\\/report\\/v4?s=6rSL3L6z6VoL%2B8CNMUAjO4%2BG8Ge6tEMnJ9agMOFaRXUrjx9XGhJDU9ek5QONQficIGQNdpIJmGaX5rkxGh7YFmmedW6qzF6xg1KNznRfM%2F8GULHACc1cS9Hc4QDrwrRg"}],"group":"cf-nel","max_age":604800}', 'NEL': '{"success_fraction":0,"report_to":"cf-nel","max_age":604800}', 'Server': 'cloudflare', 'CF-RAY': '8806a04dc97a7c3b-LAX', 'alt-svc': 'h3=":443"; ma=86400'} 
 body={"results":[{"gender":"male","name":{"title":"Mr","first":"Jason","last":"Miles"},"location":{"street":{"number":5123,"name":"Grove Road"},"city":"Blessington","state":"Laois","country":"Ireland","postcode":99567,"coordinates":{"latitude":"-1.8871","longitude":"-75.6847"},"timezone":{"offset":"-5:00","description":"Eastern Time (US &amp; Canada), Bogota, Lima"}},"email":"jason.miles@example.com","login":{"uuid":"7938417f-ae41-44ba-8d1b-80708d966f8c","username":"bigpeacock578","password":"stalker","salt":"P6shrRPU","md5":"d69fb483fe5027636e669caff8f81d0f","sha1":"b008ac8268769e5c8171443211f0f2ab6d6caa09","sha256":"60ff2a49cc11d0ca1242335a7cfef3c1078e44d39759dd93edf5db2d82d1ac93"},"dob":{"date":"1947-01-16T16:49:38.685Z","age":77},"registered":{"date":"2012-02-05T14:01:16.648Z","age":12},"phone":"041-864-4957","cell":"081-031-1423","id":{"name":"PPS","value":"4820654T"},"picture":{"large":"https://randomuser.me/api/portraits/men/0.jpg","medium":"https://randomuser.me/api/portraits/med/men/0.jpg","thumbnail":"https://randomuser.me/api/portraits/thumb/men/0.jpg"},"nat":"IE"}],"info":{"seed":"fd0213504938f659","results":1,"page":1,"version":"1.4"}} 
 </msg>
<msg time="2024-05-08T04:15:00.884699" level="INFO">/opt/hostedtoolcache/Python/3.12.3/x64/lib/python3.12/site-packages/urllib3/connectionpool.py:1103: InsecureRequestWarning: Unverified HTTPS request is being made to host 'randomuser.me'. Adding certificate verification is strongly advised. See: https://urllib3.readthedocs.io/en/latest/advanced-usage.html#tls-warnings
  warnings.warn(</msg>
<msg time="2024-05-08T04:15:00.884818" level="INFO">${response} = &lt;Response [200]&gt;</msg>
<var>${response}</var>
<arg>consultarAPI</arg>
<arg>/api</arg>
<doc>Sends a GET request on a previously created HTTP Session.</doc>
<status status="PASS" start="2024-05-08T04:15:00.751998" elapsed="0.132859"/>
</kw>
<kw name="Set Variable" owner="BuiltIn">
<msg time="2024-05-08T04:15:00.885698" level="INFO">${json_data} = {'results': [{'gender': 'male', 'name': {'title': 'Mr', 'first': 'Jason', 'last': 'Miles'}, 'location': {'street': {'number': 5123, 'name': 'Grove Road'}, 'city': 'Blessington', 'state': 'Laois', 'cou...</msg>
<var>${json_data}</var>
<arg>${response.json()}</arg>
<doc>Returns the given values which can then be assigned to a variables.</doc>
<status status="PASS" start="2024-05-08T04:15:00.885228" elapsed="0.000499"/>
</kw>
<kw name="Log" owner="BuiltIn">
<msg time="2024-05-08T04:15:00.886189" level="INFO">{'results': [{'gender': 'male', 'name': {'title': 'Mr', 'first': 'Jason', 'last': 'Miles'}, 'location': {'street': {'number': 5123, 'name': 'Grove Road'}, 'city': 'Blessington', 'state': 'Laois', 'country': 'Ireland', 'postcode': 99567, 'coordinates': {'latitude': '-1.8871', 'longitude': '-75.6847'}, 'timezone': {'offset': '-5:00', 'description': 'Eastern Time (US &amp; Canada), Bogota, Lima'}}, 'email': 'jason.miles@example.com', 'login': {'uuid': '7938417f-ae41-44ba-8d1b-80708d966f8c', 'username': 'bigpeacock578', 'password': 'stalker', 'salt': 'P6shrRPU', 'md5': 'd69fb483fe5027636e669caff8f81d0f', 'sha1': 'b008ac8268769e5c8171443211f0f2ab6d6caa09', 'sha256': '60ff2a49cc11d0ca1242335a7cfef3c1078e44d39759dd93edf5db2d82d1ac93'}, 'dob': {'date': '1947-01-16T16:49:38.685Z', 'age': 77}, 'registered': {'date': '2012-02-05T14:01:16.648Z', 'age': 12}, 'phone': '041-864-4957', 'cell': '081-031-1423', 'id': {'name': 'PPS', 'value': '4820654T'}, 'picture': {'large': 'https://randomuser.me/api/portraits/men/0.jpg', 'medium': 'https://randomuser.me/api/portraits/med/men/0.jpg', 'thumbnail': 'https://randomuser.me/api/portraits/thumb/men/0.jpg'}, 'nat': 'IE'}], 'info': {'seed': 'fd0213504938f659', 'results': 1, 'page': 1, 'version': '1.4'}}</msg>
<arg>${json_data}</arg>
<doc>Logs the given message with the given level.</doc>
<status status="PASS" start="2024-05-08T04:15:00.886034" elapsed="0.000204"/>
</kw>
<kw name="Dictionary Should Contain Key" owner="Collections">
<msg time="2024-05-08T04:15:00.886691" level="INFO">False</msg>
<arg>${json_data}</arg>
<arg>results</arg>
<doc>Fails if ``key`` is not found from ``dictionary``.</doc>
<status status="PASS" start="2024-05-08T04:15:00.886535" elapsed="0.000193"/>
</kw>
<kw name="Should Not Be Empty" owner="BuiltIn">
<msg time="2024-05-08T04:15:00.887148" level="INFO">Length is 2.</msg>
<arg>${json_data}</arg>
<doc>Verifies that the given item is not empty.</doc>
<status status="PASS" start="2024-05-08T04:15:00.887019" elapsed="0.000309"/>
</kw>
<kw name="Create List" owner="BuiltIn">
<msg time="2024-05-08T04:15:00.887785" level="INFO">${expected_keys} = ['gender', 'name', 'location', 'email', 'login']</msg>
<var>${expected_keys}</var>
<arg>gender</arg>
<arg>name</arg>
<arg>location</arg>
<arg>email</arg>
<arg>login</arg>
<doc>Returns a list containing given items.</doc>
<status status="PASS" start="2024-05-08T04:15:00.887628" elapsed="0.000181"/>
</kw>
<for flavor="IN">
<iter>
<kw name="Dictionary Should Contain Key" owner="Collections">
<msg time="2024-05-08T04:15:00.888844" level="INFO">False</msg>
<arg>${json_data['results'][0]}</arg>
<arg>${key}</arg>
<doc>Fails if ``key`` is not found from ``dictionary``.</doc>
<status status="PASS" start="2024-05-08T04:15:00.888426" elapsed="0.000457"/>
</kw>
<kw name="Log" owner="BuiltIn">
<msg time="2024-05-08T04:15:00.889549" level="INFO">{'gender': 'male', 'name': {'title': 'Mr', 'first': 'Jason', 'last': 'Miles'}, 'location': {'street': {'number': 5123, 'name': 'Grove Road'}, 'city': 'Blessington', 'state': 'Laois', 'country': 'Ireland', 'postcode': 99567, 'coordinates': {'latitude': '-1.8871', 'longitude': '-75.6847'}, 'timezone': {'offset': '-5:00', 'description': 'Eastern Time (US &amp; Canada), Bogota, Lima'}}, 'email': 'jason.miles@example.com', 'login': {'uuid': '7938417f-ae41-44ba-8d1b-80708d966f8c', 'username': 'bigpeacock578', 'password': 'stalker', 'salt': 'P6shrRPU', 'md5': 'd69fb483fe5027636e669caff8f81d0f', 'sha1': 'b008ac8268769e5c8171443211f0f2ab6d6caa09', 'sha256': '60ff2a49cc11d0ca1242335a7cfef3c1078e44d39759dd93edf5db2d82d1ac93'}, 'dob': {'date': '1947-01-16T16:49:38.685Z', 'age': 77}, 'registered': {'date': '2012-02-05T14:01:16.648Z', 'age': 12}, 'phone': '041-864-4957', 'cell': '081-031-1423', 'id': {'name': 'PPS', 'value': '4820654T'}, 'picture': {'large': 'https://randomuser.me/api/portraits/men/0.jpg', 'medium': 'https://randomuser.me/api/portraits/med/men/0.jpg', 'thumbnail': 'https://randomuser.me/api/portraits/thumb/men/0.jpg'}, 'nat': 'IE'}</msg>
<arg>${json_data['results'][0]}</arg>
<doc>Logs the given message with the given level.</doc>
<status status="PASS" start="2024-05-08T04:15:00.889184" elapsed="0.000415"/>
</kw>
<kw name="Log" owner="BuiltIn">
<msg time="2024-05-08T04:15:00.890031" level="INFO">gender</msg>
<arg>${key}</arg>
<doc>Logs the given message with the given level.</doc>
<status status="PASS" start="2024-05-08T04:15:00.889904" elapsed="0.000165"/>
</kw>
<var name="${key}">gender</var>
<status status="PASS" start="2024-05-08T04:15:00.888295" elapsed="0.001988"/>
</iter>
<iter>
<kw name="Dictionary Should Contain Key" owner="Collections">
<msg time="2024-05-08T04:15:00.890968" level="INFO">False</msg>
<arg>${json_data['results'][0]}</arg>
<arg>${key}</arg>
<doc>Fails if ``key`` is not found from ``dictionary``.</doc>
<status status="PASS" start="2024-05-08T04:15:00.890582" elapsed="0.000423"/>
</kw>
<kw name="Log" owner="BuiltIn">
<msg time="2024-05-08T04:15:00.891685" level="INFO">{'gender': 'male', 'name': {'title': 'Mr', 'first': 'Jason', 'last': 'Miles'}, 'location': {'street': {'number': 5123, 'name': 'Grove Road'}, 'city': 'Blessington', 'state': 'Laois', 'country': 'Ireland', 'postcode': 99567, 'coordinates': {'latitude': '-1.8871', 'longitude': '-75.6847'}, 'timezone': {'offset': '-5:00', 'description': 'Eastern Time (US &amp; Canada), Bogota, Lima'}}, 'email': 'jason.miles@example.com', 'login': {'uuid': '7938417f-ae41-44ba-8d1b-80708d966f8c', 'username': 'bigpeacock578', 'password': 'stalker', 'salt': 'P6shrRPU', 'md5': 'd69fb483fe5027636e669caff8f81d0f', 'sha1': 'b008ac8268769e5c8171443211f0f2ab6d6caa09', 'sha256': '60ff2a49cc11d0ca1242335a7cfef3c1078e44d39759dd93edf5db2d82d1ac93'}, 'dob': {'date': '1947-01-16T16:49:38.685Z', 'age': 77}, 'registered': {'date': '2012-02-05T14:01:16.648Z', 'age': 12}, 'phone': '041-864-4957', 'cell': '081-031-1423', 'id': {'name': 'PPS', 'value': '4820654T'}, 'picture': {'large': 'https://randomuser.me/api/portraits/men/0.jpg', 'medium': 'https://randomuser.me/api/portraits/med/men/0.jpg', 'thumbnail': 'https://randomuser.me/api/portraits/thumb/men/0.jpg'}, 'nat': 'IE'}</msg>
<arg>${json_data['results'][0]}</arg>
<doc>Logs the given message with the given level.</doc>
<status status="PASS" start="2024-05-08T04:15:00.891322" elapsed="0.000412"/>
</kw>
<kw name="Log" owner="BuiltIn">
<msg time="2024-05-08T04:15:00.892152" level="INFO">name</msg>
<arg>${key}</arg>
<doc>Logs the given message with the given level.</doc>
<status status="PASS" start="2024-05-08T04:15:00.892028" elapsed="0.000161"/>
</kw>
<var name="${key}">name</var>
<status status="PASS" start="2024-05-08T04:15:00.890467" elapsed="0.001978"/>
</iter>
<iter>
<kw name="Dictionary Should Contain Key" owner="Collections">
<msg time="2024-05-08T04:15:00.893123" level="INFO">False</msg>
<arg>${json_data['results'][0]}</arg>
<arg>${key}</arg>
<doc>Fails if ``key`` is not found from ``dictionary``.</doc>
<status status="PASS" start="2024-05-08T04:15:00.892737" elapsed="0.000423"/>
</kw>
<kw name="Log" owner="BuiltIn">
<msg time="2024-05-08T04:15:00.893822" level="INFO">{'gender': 'male', 'name': {'title': 'Mr', 'first': 'Jason', 'last': 'Miles'}, 'location': {'street': {'number': 5123, 'name': 'Grove Road'}, 'city': 'Blessington', 'state': 'Laois', 'country': 'Ireland', 'postcode': 99567, 'coordinates': {'latitude': '-1.8871', 'longitude': '-75.6847'}, 'timezone': {'offset': '-5:00', 'description': 'Eastern Time (US &amp; Canada), Bogota, Lima'}}, 'email': 'jason.miles@example.com', 'login': {'uuid': '7938417f-ae41-44ba-8d1b-80708d966f8c', 'username': 'bigpeacock578', 'password': 'stalker', 'salt': 'P6shrRPU', 'md5': 'd69fb483fe5027636e669caff8f81d0f', 'sha1': 'b008ac8268769e5c8171443211f0f2ab6d6caa09', 'sha256': '60ff2a49cc11d0ca1242335a7cfef3c1078e44d39759dd93edf5db2d82d1ac93'}, 'dob': {'date': '1947-01-16T16:49:38.685Z', 'age': 77}, 'registered': {'date': '2012-02-05T14:01:16.648Z', 'age': 12}, 'phone': '041-864-4957', 'cell': '081-031-1423', 'id': {'name': 'PPS', 'value': '4820654T'}, 'picture': {'large': 'https://randomuser.me/api/portraits/men/0.jpg', 'medium': 'https://randomuser.me/api/portraits/med/men/0.jpg', 'thumbnail': 'https://randomuser.me/api/portraits/thumb/men/0.jpg'}, 'nat': 'IE'}</msg>
<arg>${json_data['results'][0]}</arg>
<doc>Logs the given message with the given level.</doc>
<status status="PASS" start="2024-05-08T04:15:00.893457" elapsed="0.000413"/>
</kw>
<kw name="Log" owner="BuiltIn">
<msg time="2024-05-08T04:15:00.894291" level="INFO">location</msg>
<arg>${key}</arg>
<doc>Logs the given message with the given level.</doc>
<status status="PASS" start="2024-05-08T04:15:00.894167" elapsed="0.000161"/>
</kw>
<var name="${key}">location</var>
<status status="PASS" start="2024-05-08T04:15:00.892625" elapsed="0.001917"/>
</iter>
<iter>
<kw name="Dictionary Should Contain Key" owner="Collections">
<msg time="2024-05-08T04:15:00.895212" level="INFO">False</msg>
<arg>${json_data['results'][0]}</arg>
<arg>${key}</arg>
<doc>Fails if ``key`` is not found from ``dictionary``.</doc>
<status status="PASS" start="2024-05-08T04:15:00.894823" elapsed="0.000425"/>
</kw>
<kw name="Log" owner="BuiltIn">
<msg time="2024-05-08T04:15:00.895915" level="INFO">{'gender': 'male', 'name': {'title': 'Mr', 'first': 'Jason', 'last': 'Miles'}, 'location': {'street': {'number': 5123, 'name': 'Grove Road'}, 'city': 'Blessington', 'state': 'Laois', 'country': 'Ireland', 'postcode': 99567, 'coordinates': {'latitude': '-1.8871', 'longitude': '-75.6847'}, 'timezone': {'offset': '-5:00', 'description': 'Eastern Time (US &amp; Canada), Bogota, Lima'}}, 'email': 'jason.miles@example.com', 'login': {'uuid': '7938417f-ae41-44ba-8d1b-80708d966f8c', 'username': 'bigpeacock578', 'password': 'stalker', 'salt': 'P6shrRPU', 'md5': 'd69fb483fe5027636e669caff8f81d0f', 'sha1': 'b008ac8268769e5c8171443211f0f2ab6d6caa09', 'sha256': '60ff2a49cc11d0ca1242335a7cfef3c1078e44d39759dd93edf5db2d82d1ac93'}, 'dob': {'date': '1947-01-16T16:49:38.685Z', 'age': 77}, 'registered': {'date': '2012-02-05T14:01:16.648Z', 'age': 12}, 'phone': '041-864-4957', 'cell': '081-031-1423', 'id': {'name': 'PPS', 'value': '4820654T'}, 'picture': {'large': 'https://randomuser.me/api/portraits/men/0.jpg', 'medium': 'https://randomuser.me/api/portraits/med/men/0.jpg', 'thumbnail': 'https://randomuser.me/api/portraits/thumb/men/0.jpg'}, 'nat': 'IE'}</msg>
<arg>${json_data['results'][0]}</arg>
<doc>Logs the given message with the given level.</doc>
<status status="PASS" start="2024-05-08T04:15:00.895558" elapsed="0.000404"/>
</kw>
<kw name="Log" owner="BuiltIn">
<msg time="2024-05-08T04:15:00.896418" level="INFO">email</msg>
<arg>${key}</arg>
<doc>Logs the given message with the given level.</doc>
<status status="PASS" start="2024-05-08T04:15:00.896282" elapsed="0.000174"/>
</kw>
<var name="${key}">email</var>
<status status="PASS" start="2024-05-08T04:15:00.894713" elapsed="0.001961"/>
</iter>
<iter>
<kw name="Dictionary Should Contain Key" owner="Collections">
<msg time="2024-05-08T04:15:00.897355" level="INFO">False</msg>
<arg>${json_data['results'][0]}</arg>
<arg>${key}</arg>
<doc>Fails if ``key`` is not found from ``dictionary``.</doc>
<status status="PASS" start="2024-05-08T04:15:00.896956" elapsed="0.000435"/>
</kw>
<kw name="Log" owner="BuiltIn">
<msg time="2024-05-08T04:15:00.898053" level="INFO">{'gender': 'male', 'name': {'title': 'Mr', 'first': 'Jason', 'last': 'Miles'}, 'location': {'street': {'number': 5123, 'name': 'Grove Road'}, 'city': 'Blessington', 'state': 'Laois', 'country': 'Ireland', 'postcode': 99567, 'coordinates': {'latitude': '-1.8871', 'longitude': '-75.6847'}, 'timezone': {'offset': '-5:00', 'description': 'Eastern Time (US &amp; Canada), Bogota, Lima'}}, 'email': 'jason.miles@example.com', 'login': {'uuid': '7938417f-ae41-44ba-8d1b-80708d966f8c', 'username': 'bigpeacock578', 'password': 'stalker', 'salt': 'P6shrRPU', 'md5': 'd69fb483fe5027636e669caff8f81d0f', 'sha1': 'b008ac8268769e5c8171443211f0f2ab6d6caa09', 'sha256': '60ff2a49cc11d0ca1242335a7cfef3c1078e44d39759dd93edf5db2d82d1ac93'}, 'dob': {'date': '1947-01-16T16:49:38.685Z', 'age': 77}, 'registered': {'date': '2012-02-05T14:01:16.648Z', 'age': 12}, 'phone': '041-864-4957', 'cell': '081-031-1423', 'id': {'name': 'PPS', 'value': '4820654T'}, 'picture': {'large': 'https://randomuser.me/api/portraits/men/0.jpg', 'medium': 'https://randomuser.me/api/portraits/med/men/0.jpg', 'thumbnail': 'https://randomuser.me/api/portraits/thumb/men/0.jpg'}, 'nat': 'IE'}</msg>
<arg>${json_data['results'][0]}</arg>
<doc>Logs the given message with the given level.</doc>
<status status="PASS" start="2024-05-08T04:15:00.897688" elapsed="0.000413"/>
</kw>
<kw name="Log" owner="BuiltIn">
<msg time="2024-05-08T04:15:00.898522" level="INFO">login</msg>
<arg>${key}</arg>
<doc>Logs the given message with the given level.</doc>
<status status="PASS" start="2024-05-08T04:15:00.898396" elapsed="0.000162"/>
</kw>
<var name="${key}">login</var>
<status status="PASS" start="2024-05-08T04:15:00.896845" elapsed="0.001957"/>
</iter>
<var>${key}</var>
<value>@{expected_keys}</value>
<status status="PASS" start="2024-05-08T04:15:00.888069" elapsed="0.010855"/>
</for>
<kw name="Create List" owner="BuiltIn">
<msg time="2024-05-08T04:15:00.899251" level="INFO">${expected_keysTwo} = ['username', 'password']</msg>
<var>${expected_keysTwo}</var>
<arg>username</arg>
<arg>password</arg>
<doc>Returns a list containing given items.</doc>
<status status="PASS" start="2024-05-08T04:15:00.899115" elapsed="0.000159"/>
</kw>
<for flavor="IN">
<iter>
<kw name="Dictionary Should Contain Key" owner="Collections">
<msg time="2024-05-08T04:15:00.900160" level="INFO">False</msg>
<arg>${json_data['results'][0]['login']}</arg>
<arg>${keyTwo}</arg>
<doc>Fails if ``key`` is not found from ``dictionary``.</doc>
<status status="PASS" start="2024-05-08T04:15:00.899771" elapsed="0.000425"/>
</kw>
<kw name="Dictionary Should Contain Key" owner="Collections">
<msg time="2024-05-08T04:15:00.900908" level="INFO">False</msg>
<arg>${json_data['results'][0]['login']}</arg>
<arg>${keyTwo}</arg>
<doc>Fails if ``key`` is not found from ``dictionary``.</doc>
<status status="PASS" start="2024-05-08T04:15:00.900531" elapsed="0.000414"/>
</kw>
<kw name="Log" owner="BuiltIn">
<msg time="2024-05-08T04:15:00.901359" level="INFO">username</msg>
<arg>${keyTwo}</arg>
<doc>Logs the given message with the given level.</doc>
<status status="PASS" start="2024-05-08T04:15:00.901234" elapsed="0.000167"/>
</kw>
<var name="${keyTwo}">username</var>
<status status="PASS" start="2024-05-08T04:15:00.899662" elapsed="0.001953"/>
</iter>
<iter>
<kw name="Dictionary Should Contain Key" owner="Collections">
<msg time="2024-05-08T04:15:00.902354" level="INFO">False</msg>
<arg>${json_data['results'][0]['login']}</arg>
<arg>${keyTwo}</arg>
<doc>Fails if ``key`` is not found from ``dictionary``.</doc>
<status status="PASS" start="2024-05-08T04:15:00.901894" elapsed="0.000514"/>
</kw>
<kw name="Dictionary Should Contain Key" owner="Collections">
<msg time="2024-05-08T04:15:00.903092" level="INFO">False</msg>
<arg>${json_data['results'][0]['login']}</arg>
<arg>${keyTwo}</arg>
<doc>Fails if ``key`` is not found from ``dictionary``.</doc>
<status status="PASS" start="2024-05-08T04:15:00.902715" elapsed="0.000412"/>
</kw>
<kw name="Log" owner="BuiltIn">
<msg time="2024-05-08T04:15:00.903546" level="INFO">password</msg>
<arg>${keyTwo}</arg>
<doc>Logs the given message with the given level.</doc>
<status status="PASS" start="2024-05-08T04:15:00.903421" elapsed="0.000161"/>
</kw>
<var name="${keyTwo}">password</var>
<status status="PASS" start="2024-05-08T04:15:00.901786" elapsed="0.002011"/>
</iter>
<var>${keyTwo}</var>
<value>@{expected_keysTwo}</value>
<status status="PASS" start="2024-05-08T04:15:00.899510" elapsed="0.004406"/>
</for>
<status status="PASS" start="2024-05-08T04:15:00.751762" elapsed="0.152291"/>
</kw>
<doc>Testa a estrutura da resposta da API.</doc>
<tag>testeEstruturaResposta</tag>
<status status="PASS" start="2024-05-08T04:15:00.751277" elapsed="0.152924"/>
</test>
<test id="s1-s1-t4" name="Validar tipos de dados" line="28">
<kw name="Teste de Tipos de Dados" owner="random-user-service">
<kw name="GET On Session" owner="RequestsLibrary">
<msg time="2024-05-08T04:15:01.008442" level="INFO">GET Request : url=https://randomuser.me/api 
 path_url=/api 
 headers={'User-Agent': 'python-requests/2.31.0', 'Accept-Encoding': 'gzip, deflate', 'Accept': '*/*', 'Connection': 'keep-alive'} 
 body=None 
 </msg>
<msg time="2024-05-08T04:15:01.008529" level="INFO">GET Response : url=https://randomuser.me/api 
 status=200, reason=OK 
 headers={'Date': 'Wed, 08 May 2024 04:15:01 GMT', 'Content-Type': 'application/json; charset=utf-8', 'Transfer-Encoding': 'chunked', 'Connection': 'keep-alive', 'X-Powered-By': 'Express', 'Access-Control-Allow-Origin': '*', 'Cache-Control': 'no-cache', 'ETag': 'W/"497-cuf2NZMoNU8QjiuBOU3AEghPCUw"', 'Vary': 'Accept-Encoding', 'Content-Encoding': 'gzip', 'CF-Cache-Status': 'DYNAMIC', 'Report-To': '{"endpoints":[{"url":"https:\\/\\/a.nel.cloudflare.com\\/report\\/v4?s=pQGTmsOCYV%2BpNcloksJl5oojBgUM8L2s8AlKXOWAYR2qwGKh0B4xdilnEBAzX2f1peeE46TkRtadwWyWL8A2QaJSdUUIo%2B%2FdBKg52bvxQ2inatYGlhIBIQsPyHMMbgpK"}],"group":"cf-nel","max_age":604800}', 'NEL': '{"success_fraction":0,"report_to":"cf-nel","max_age":604800}', 'Server': 'cloudflare', 'CF-RAY': '8806a04eba6f7c3b-LAX', 'alt-svc': 'h3=":443"; ma=86400'} 
 body={"results":[{"gender":"male","name":{"title":"Mr","first":"Aitor","last":"Lozano"},"location":{"street":{"number":916,"name":"Calle de Téllez"},"city":"San Sebastián","state":"Asturias","country":"Spain","postcode":74395,"coordinates":{"latitude":"-33.4364","longitude":"-111.3179"},"timezone":{"offset":"+5:00","description":"Ekaterinburg, Islamabad, Karachi, Tashkent"}},"email":"aitor.lozano@example.com","login":{"uuid":"07a1bb2b-d7ae-41fb-b1a3-b52587380370","username":"purpleduck736","password":"bathing","salt":"1EP5e0TR","md5":"4ff9229dc0148343b1774081f1515990","sha1":"b0e4889c49865608230a8340d954ce9d1a1bc6fa","sha256":"acc55a9462286b7ce94a41e00feaafabf0455e629ca83dee43ed03498447b9ad"},"dob":{"date":"1964-01-26T05:21:14.250Z","age":60},"registered":{"date":"2005-10-19T01:17:07.456Z","age":18},"phone":"954-150-240","cell":"690-608-045","id":{"name":"DNI","value":"46064907-D"},"picture":{"large":"https://randomuser.me/api/portraits/men/32.jpg","medium":"https://randomuser.me/api/portraits/med/men/32.jpg","thumbnail":"https://randomuser.me/api/portraits/thumb/men/32.jpg"},"nat":"ES"}],"info":{"seed":"7f42accd03a7a106","results":1,"page":1,"version":"1.4"}} 
 </msg>
<msg time="2024-05-08T04:15:01.008607" level="INFO">/opt/hostedtoolcache/Python/3.12.3/x64/lib/python3.12/site-packages/urllib3/connectionpool.py:1103: InsecureRequestWarning: Unverified HTTPS request is being made to host 'randomuser.me'. Adding certificate verification is strongly advised. See: https://urllib3.readthedocs.io/en/latest/advanced-usage.html#tls-warnings
  warnings.warn(</msg>
<msg time="2024-05-08T04:15:01.008746" level="INFO">${response} = &lt;Response [200]&gt;</msg>
<var>${response}</var>
<arg>consultarAPI</arg>
<arg>/api</arg>
<doc>Sends a GET request on a previously created HTTP Session.</doc>
<status status="PASS" start="2024-05-08T04:15:00.906691" elapsed="0.102108"/>
</kw>
<kw name="Set Variable" owner="BuiltIn">
<msg time="2024-05-08T04:15:01.009638" level="INFO">${json_data} = {'results': [{'gender': 'male', 'name': {'title': 'Mr', 'first': 'Aitor', 'last': 'Lozano'}, 'location': {'street': {'number': 916, 'name': 'Calle de Téllez'}, 'city': 'San Sebastián', 'state': 'Astur...</msg>
<var>${json_data}</var>
<arg>${response.json()}</arg>
<doc>Returns the given values which can then be assigned to a variables.</doc>
<status status="PASS" start="2024-05-08T04:15:01.009172" elapsed="0.000496"/>
</kw>
<kw name="Log" owner="BuiltIn">
<msg time="2024-05-08T04:15:01.010139" level="INFO">{'results': [{'gender': 'male', 'name': {'title': 'Mr', 'first': 'Aitor', 'last': 'Lozano'}, 'location': {'street': {'number': 916, 'name': 'Calle de Téllez'}, 'city': 'San Sebastián', 'state': 'Asturias', 'country': 'Spain', 'postcode': 74395, 'coordinates': {'latitude': '-33.4364', 'longitude': '-111.3179'}, 'timezone': {'offset': '+5:00', 'description': 'Ekaterinburg, Islamabad, Karachi, Tashkent'}}, 'email': 'aitor.lozano@example.com', 'login': {'uuid': '07a1bb2b-d7ae-41fb-b1a3-b52587380370', 'username': 'purpleduck736', 'password': 'bathing', 'salt': '1EP5e0TR', 'md5': '4ff9229dc0148343b1774081f1515990', 'sha1': 'b0e4889c49865608230a8340d954ce9d1a1bc6fa', 'sha256': 'acc55a9462286b7ce94a41e00feaafabf0455e629ca83dee43ed03498447b9ad'}, 'dob': {'date': '1964-01-26T05:21:14.250Z', 'age': 60}, 'registered': {'date': '2005-10-19T01:17:07.456Z', 'age': 18}, 'phone': '954-150-240', 'cell': '690-608-045', 'id': {'name': 'DNI', 'value': '46064907-D'}, 'picture': {'large': 'https://randomuser.me/api/portraits/men/32.jpg', 'medium': 'https://randomuser.me/api/portraits/med/men/32.jpg', 'thumbnail': 'https://randomuser.me/api/portraits/thumb/men/32.jpg'}, 'nat': 'ES'}], 'info': {'seed': '7f42accd03a7a106', 'results': 1, 'page': 1, 'version': '1.4'}}</msg>
<arg>${json_data}</arg>
<doc>Logs the given message with the given level.</doc>
<status status="PASS" start="2024-05-08T04:15:01.009983" elapsed="0.000237"/>
</kw>
<kw name="Should Be String" owner="String">
<arg>${json_data['results'][0]['gender']}</arg>
<doc>Fails if the given ``item`` is not a string.</doc>
<status status="PASS" start="2024-05-08T04:15:01.010521" elapsed="0.000366"/>
</kw>
<kw name="Should Match Regexp" owner="BuiltIn">
<arg>${json_data['results'][0]['email']}</arg>
<arg>^[a-zA-Z0-9._%+-]+@[a-zA-Z0-9.-]+\.[a-zA-Z]{2,}$</arg>
<doc>Fails if ``string`` does not match ``pattern`` as a regular expression.</doc>
<status status="PASS" start="2024-05-08T04:15:01.011080" elapsed="0.000515"/>
</kw>
<kw name="Should Match Regexp" owner="BuiltIn">
<arg>${json_data['results'][0]['dob']['date']}</arg>
<arg>\\d{4}-\\d{2}-\\d{2}T\\d{2}:\\d{2}:\\d{2}\\.\\d{3}Z</arg>
<doc>Fails if ``string`` does not match ``pattern`` as a regular expression.</doc>
<status status="PASS" start="2024-05-08T04:15:01.011791" elapsed="0.000532"/>
</kw>
<kw name="Should Match Regexp" owner="BuiltIn">
<arg>${json_data['results'][0]['registered']['date']}</arg>
<arg>\\d{4}-\\d{2}-\\d{2}T\\d{2}:\\d{2}:\\d{2}\\.\\d{3}Z</arg>
<doc>Fails if ``string`` does not match ``pattern`` as a regular expression.</doc>
<status status="PASS" start="2024-05-08T04:15:01.012528" elapsed="0.000376"/>
</kw>
<kw name="Should Match Regexp" owner="BuiltIn">
<arg>${json_data['results'][0]['picture']['large']}</arg>
<arg>^https?://.*\.(?:png|jpe?g|gif|bmp)$</arg>
<doc>Fails if ``string`` does not match ``pattern`` as a regular expression.</doc>
<status status="PASS" start="2024-05-08T04:15:01.013094" elapsed="0.000458"/>
</kw>
<kw name="Should Match Regexp" owner="BuiltIn">
<arg>${json_data['results'][0]['picture']['medium']}</arg>
<arg>^https?://.*\.(?:png|jpe?g|gif|bmp)$</arg>
<doc>Fails if ``string`` does not match ``pattern`` as a regular expression.</doc>
<status status="PASS" start="2024-05-08T04:15:01.013736" elapsed="0.000355"/>
</kw>
<kw name="Should Match Regexp" owner="BuiltIn">
<arg>${json_data['results'][0]['picture']['thumbnail']}</arg>
<arg>^https?://.*\.(?:png|jpe?g|gif|bmp)$</arg>
<doc>Fails if ``string`` does not match ``pattern`` as a regular expression.</doc>
<status status="PASS" start="2024-05-08T04:15:01.014294" elapsed="0.000355"/>
</kw>
<kw name="Log" owner="BuiltIn">
<msg time="2024-05-08T04:15:01.015159" level="INFO">{'large': 'https://randomuser.me/api/portraits/men/32.jpg', 'medium': 'https://randomuser.me/api/portraits/med/men/32.jpg', 'thumbnail': 'https://randomuser.me/api/portraits/thumb/men/32.jpg'}</msg>
<arg>${json_data['results'][0]['picture']}</arg>
<doc>Logs the given message with the given level.</doc>
<status status="PASS" start="2024-05-08T04:15:01.014829" elapsed="0.000370"/>
</kw>
<status status="PASS" start="2024-05-08T04:15:00.906442" elapsed="0.109013"/>
</kw>
<kw name="Teste de Tipos de Dados - Postcode" owner="random-user-service">
<kw name="GET On Session" owner="RequestsLibrary">
<msg time="2024-05-08T04:15:01.118055" level="INFO">GET Request : url=https://randomuser.me/api 
 path_url=/api 
 headers={'User-Agent': 'python-requests/2.31.0', 'Accept-Encoding': 'gzip, deflate', 'Accept': '*/*', 'Connection': 'keep-alive'} 
 body=None 
 </msg>
<msg time="2024-05-08T04:15:01.118120" level="INFO">GET Response : url=https://randomuser.me/api 
 status=200, reason=OK 
 headers={'Date': 'Wed, 08 May 2024 04:15:01 GMT', 'Content-Type': 'application/json; charset=utf-8', 'Transfer-Encoding': 'chunked', 'Connection': 'keep-alive', 'X-Powered-By': 'Express', 'Access-Control-Allow-Origin': '*', 'Cache-Control': 'no-cache', 'ETag': 'W/"485-pZfUU9RiXLOdKsA2D4pDOcLuYfk"', 'Vary': 'Accept-Encoding', 'Content-Encoding': 'gzip', 'CF-Cache-Status': 'DYNAMIC', 'Report-To': '{"endpoints":[{"url":"https:\\/\\/a.nel.cloudflare.com\\/report\\/v4?s=PhZfJBfuTJNskHvVcYn3ytTp31RFz7XZ7Le5YulpEEPAgMSuZMTTm%2FMdHKNWOtQ1%2B3MSKl%2FzsbCPkaovRpPciSy5NQwYkNTM5tGPdZOT124785H6uEkEO0QjfAVhmB6D"}],"group":"cf-nel","max_age":604800}', 'NEL': '{"success_fraction":0,"report_to":"cf-nel","max_age":604800}', 'Server': 'cloudflare', 'CF-RAY': '8806a04f6af87c3b-LAX', 'alt-svc': 'h3=":443"; ma=86400'} 
 body={"results":[{"gender":"male","name":{"title":"Mr","first":"Vedat","last":"Sinanoğlu"},"location":{"street":{"number":5027,"name":"Maçka Cd"},"city":"Konya","state":"Şırnak","country":"Turkey","postcode":56569,"coordinates":{"latitude":"69.3169","longitude":"-72.7616"},"timezone":{"offset":"+11:00","description":"Magadan, Solomon Islands, New Caledonia"}},"email":"vedat.sinanoglu@example.com","login":{"uuid":"fbf8b8e8-c358-4df6-82bb-342e493aef7e","username":"sadpeacock300","password":"busty","salt":"XptHZ9yd","md5":"a94a2bc490653d326ba49c336c240fe3","sha1":"c6677373d23175bb6fbfa02f8b2e6225434b46e3","sha256":"8e8b4affe3c09acd8dd22861ee7c04761de296aac0e6ba7d782433c28a7cc7d2"},"dob":{"date":"1961-08-05T05:45:50.588Z","age":62},"registered":{"date":"2004-10-04T09:36:48.977Z","age":19},"phone":"(251)-699-4825","cell":"(845)-471-7140","id":{"name":"","value":null},"picture":{"large":"https://randomuser.me/api/portraits/men/92.jpg","medium":"https://randomuser.me/api/portraits/med/men/92.jpg","thumbnail":"https://randomuser.me/api/portraits/thumb/men/92.jpg"},"nat":"TR"}],"info":{"seed":"b7e207e76d7ec107","results":1,"page":1,"version":"1.4"}} 
 </msg>
<msg time="2024-05-08T04:15:01.118185" level="INFO">/opt/hostedtoolcache/Python/3.12.3/x64/lib/python3.12/site-packages/urllib3/connectionpool.py:1103: InsecureRequestWarning: Unverified HTTPS request is being made to host 'randomuser.me'. Adding certificate verification is strongly advised. See: https://urllib3.readthedocs.io/en/latest/advanced-usage.html#tls-warnings
  warnings.warn(</msg>
<msg time="2024-05-08T04:15:01.118292" level="INFO">${response} = &lt;Response [200]&gt;</msg>
<var>${response}</var>
<arg>consultarAPI</arg>
<arg>/api</arg>
<doc>Sends a GET request on a previously created HTTP Session.</doc>
<status status="PASS" start="2024-05-08T04:15:01.015894" elapsed="0.102438"/>
</kw>
<kw name="Set Variable" owner="BuiltIn">
<msg time="2024-05-08T04:15:01.119168" level="INFO">${json_data} = {'results': [{'gender': 'male', 'name': {'title': 'Mr', 'first': 'Vedat', 'last': 'Sinanoğlu'}, 'location': {'street': {'number': 5027, 'name': 'Maçka Cd'}, 'city': 'Konya', 'state': 'Şırnak', 'countr...</msg>
<var>${json_data}</var>
<arg>${response.json()}</arg>
<doc>Returns the given values which can then be assigned to a variables.</doc>
<status status="PASS" start="2024-05-08T04:15:01.118711" elapsed="0.000485"/>
</kw>
<kw name="Log" owner="BuiltIn">
<msg time="2024-05-08T04:15:01.119658" level="INFO">{'results': [{'gender': 'male', 'name': {'title': 'Mr', 'first': 'Vedat', 'last': 'Sinanoğlu'}, 'location': {'street': {'number': 5027, 'name': 'Maçka Cd'}, 'city': 'Konya', 'state': 'Şırnak', 'country': 'Turkey', 'postcode': 56569, 'coordinates': {'latitude': '69.3169', 'longitude': '-72.7616'}, 'timezone': {'offset': '+11:00', 'description': 'Magadan, Solomon Islands, New Caledonia'}}, 'email': 'vedat.sinanoglu@example.com', 'login': {'uuid': 'fbf8b8e8-c358-4df6-82bb-342e493aef7e', 'username': 'sadpeacock300', 'password': 'busty', 'salt': 'XptHZ9yd', 'md5': 'a94a2bc490653d326ba49c336c240fe3', 'sha1': 'c6677373d23175bb6fbfa02f8b2e6225434b46e3', 'sha256': '8e8b4affe3c09acd8dd22861ee7c04761de296aac0e6ba7d782433c28a7cc7d2'}, 'dob': {'date': '1961-08-05T05:45:50.588Z', 'age': 62}, 'registered': {'date': '2004-10-04T09:36:48.977Z', 'age': 19}, 'phone': '(251)-699-4825', 'cell': '(845)-471-7140', 'id': {'name': '', 'value': None}, 'picture': {'large': 'https://randomuser.me/api/portraits/men/92.jpg', 'medium': 'https://randomuser.me/api/portraits/med/men/92.jpg', 'thumbnail': 'https://randomuser.me/api/portraits/thumb/men/92.jpg'}, 'nat': 'TR'}], 'info': {'seed': 'b7e207e76d7ec107', 'results': 1, 'page': 1, 'version': '1.4'}}</msg>
<arg>${json_data}</arg>
<doc>Logs the given message with the given level.</doc>
<status status="PASS" start="2024-05-08T04:15:01.119505" elapsed="0.000230"/>
</kw>
<kw name="Should Be Equal As Numbers" owner="BuiltIn">
<arg>${json_data['results'][0]['location']['postcode']}</arg>
<arg>${json_data['results'][0]['location']['postcode']}</arg>
<doc>Fails if objects are unequal after converting them to real numbers.</doc>
<status status="PASS" start="2024-05-08T04:15:01.120159" elapsed="0.000638"/>
</kw>
<kw name="Log" owner="BuiltIn">
<msg time="2024-05-08T04:15:01.121320" level="INFO">56569</msg>
<arg>${json_data['results'][0]['location']['postcode']}</arg>
<doc>Logs the given message with the given level.</doc>
<status status="PASS" start="2024-05-08T04:15:01.120986" elapsed="0.000373"/>
</kw>
<status status="PASS" start="2024-05-08T04:15:01.015676" elapsed="0.105931"/>
</kw>
<doc>Testa se os tipos de dados na resposta da API estão corretos.</doc>
<tag>testeTiposDados</tag>
<status status="PASS" start="2024-05-08T04:15:00.906004" elapsed="0.215760"/>
</test>
<test id="s1-s1-t5" name="Validar conteudo" line="35">
<kw name="Teste de Tipos de Conteudo" owner="random-user-service">
<kw name="GET On Session" owner="RequestsLibrary">
<msg time="2024-05-08T04:15:01.261893" level="INFO">GET Request : url=https://randomuser.me/api 
 path_url=/api 
 headers={'User-Agent': 'python-requests/2.31.0', 'Accept-Encoding': 'gzip, deflate', 'Accept': '*/*', 'Connection': 'keep-alive'} 
 body=None 
 </msg>
<msg time="2024-05-08T04:15:01.261971" level="INFO">GET Response : url=https://randomuser.me/api 
 status=200, reason=OK 
 headers={'Date': 'Wed, 08 May 2024 04:15:01 GMT', 'Content-Type': 'application/json; charset=utf-8', 'Transfer-Encoding': 'chunked', 'Connection': 'keep-alive', 'X-Powered-By': 'Express', 'Access-Control-Allow-Origin': '*', 'Cache-Control': 'no-cache', 'ETag': 'W/"490-ub3g9l/wItKShvu1UntgfTQpBVw"', 'Vary': 'Accept-Encoding', 'Content-Encoding': 'gzip', 'CF-Cache-Status': 'DYNAMIC', 'Report-To': '{"endpoints":[{"url":"https:\\/\\/a.nel.cloudflare.com\\/report\\/v4?s=sSk1Kle3KvqyhkgRBYEae38%2BD4KO%2Bk4Wy%2Fvqv3TaOe3KvRyLSUZXVALknv0mEzi5uD9VS6kiAi7S1kd3dpu6UuYk6LgqGZGkjwfOJPS9FQFRXAe8WTE8DakhZxLXmI3v"}],"group":"cf-nel","max_age":604800}', 'NEL': '{"success_fraction":0,"report_to":"cf-nel","max_age":604800}', 'Server': 'cloudflare', 'CF-RAY': '8806a0501b767c3b-LAX', 'alt-svc': 'h3=":443"; ma=86400'} 
 body={"results":[{"gender":"female","name":{"title":"Miss","first":"Patricia","last":"Eismann"},"location":{"street":{"number":6399,"name":"Kirchweg"},"city":"Heusenstamm","state":"Bremen","country":"Germany","postcode":71323,"coordinates":{"latitude":"-47.2206","longitude":"84.6531"},"timezone":{"offset":"-12:00","description":"Eniwetok, Kwajalein"}},"email":"patricia.eismann@example.com","login":{"uuid":"c230a864-a215-4634-80cf-68caccc1e523","username":"yellowgorilla591","password":"sensei","salt":"lgvynqcb","md5":"ac98ba227dcedb11eaf4cda7c0ec9964","sha1":"64f29ab4c253fb610137c60f5eeb771e26b60f99","sha256":"fdc2ec1a660d9a8b5d5a06f9f982d836d0e58c2bba1a061986bd83a14bb1e921"},"dob":{"date":"1989-02-17T01:14:19.639Z","age":35},"registered":{"date":"2015-04-10T09:04:43.415Z","age":9},"phone":"0770-8312459","cell":"0176-8797930","id":{"name":"SVNR","value":"59 160289 E 688"},"picture":{"large":"https://randomuser.me/api/portraits/women/77.jpg","medium":"https://randomuser.me/api/portraits/med/women/77.jpg","thumbnail":"https://randomuser.me/api/portraits/thumb/women/77.jpg"},"nat":"DE"}],"info":{"seed":"f673713d85ab1c6c","results":1,"page":1,"version":"1.4"}} 
 </msg>
<msg time="2024-05-08T04:15:01.262037" level="INFO">/opt/hostedtoolcache/Python/3.12.3/x64/lib/python3.12/site-packages/urllib3/connectionpool.py:1103: InsecureRequestWarning: Unverified HTTPS request is being made to host 'randomuser.me'. Adding certificate verification is strongly advised. See: https://urllib3.readthedocs.io/en/latest/advanced-usage.html#tls-warnings
  warnings.warn(</msg>
<msg time="2024-05-08T04:15:01.262170" level="INFO">${response} = &lt;Response [200]&gt;</msg>
<var>${response}</var>
<arg>consultarAPI</arg>
<arg>/api</arg>
<doc>Sends a GET request on a previously created HTTP Session.</doc>
<status status="PASS" start="2024-05-08T04:15:01.124147" elapsed="0.138075"/>
</kw>
<kw name="Set Variable" owner="BuiltIn">
<msg time="2024-05-08T04:15:01.263027" level="INFO">${json_data} = {'results': [{'gender': 'female', 'name': {'title': 'Miss', 'first': 'Patricia', 'last': 'Eismann'}, 'location': {'street': {'number': 6399, 'name': 'Kirchweg'}, 'city': 'Heusenstamm', 'state': 'Breme...</msg>
<var>${json_data}</var>
<arg>${response.json()}</arg>
<doc>Returns the given values which can then be assigned to a variables.</doc>
<status status="PASS" start="2024-05-08T04:15:01.262579" elapsed="0.000476"/>
</kw>
<kw name="Set Variable" owner="BuiltIn">
<msg time="2024-05-08T04:15:01.263737" level="INFO">${name_title} = Miss</msg>
<var>${name_title}</var>
<arg>${json_data["results"][0]["name"]["title"]}</arg>
<doc>Returns the given values which can then be assigned to a variables.</doc>
<status status="PASS" start="2024-05-08T04:15:01.263356" elapsed="0.000406"/>
</kw>
<kw name="Create List" owner="BuiltIn">
<msg time="2024-05-08T04:15:01.264204" level="INFO">${allowed_titles} = ['Mr', 'Ms', 'Miss', 'Mrs', 'Madame', 'Monsieur']</msg>
<var>${allowed_titles}</var>
<arg>Mr</arg>
<arg>Ms</arg>
<arg>Miss</arg>
<arg>Mrs</arg>
<arg>Madame</arg>
<arg>Monsieur</arg>
<doc>Returns a list containing given items.</doc>
<status status="PASS" start="2024-05-08T04:15:01.264059" elapsed="0.000169"/>
</kw>
<kw name="List Should Contain Value" owner="Collections">
<msg time="2024-05-08T04:15:01.264746" level="INFO">False</msg>
<arg>${allowed_titles}</arg>
<arg>${name_title}</arg>
<doc>Fails if the ``value`` is not found from ``list``.</doc>
<status status="PASS" start="2024-05-08T04:15:01.264578" elapsed="0.000204"/>
</kw>
<kw name="Set Variable" owner="BuiltIn">
<msg time="2024-05-08T04:15:01.265450" level="INFO">${name_country} = DE</msg>
<var>${name_country}</var>
<arg>${json_data["results"][0]["nat"]}</arg>
<doc>Returns the given values which can then be assigned to a variables.</doc>
<status status="PASS" start="2024-05-08T04:15:01.265071" elapsed="0.000404"/>
</kw>
<kw name="Create List" owner="BuiltIn">
<msg time="2024-05-08T04:15:01.266357" level="INFO">${list_country} = ['AD', 'AE', 'AF', 'AG', 'AI', 'AL', 'AM', 'AO', 'AQ', 'AR', 'AS', 'AT', 'AU', 'AW', 'AX', 'AZ', 'BA', 'BB', 'BD', 'BE', 'BF', 'BG', 'BH', 'BI', 'BJ', 'BL', 'BM', 'BN', 'BO', 'BQ', 'BR', 'BS', 'BT', '...</msg>
<var>${list_country}</var>
<arg>AD</arg>
<arg>AE</arg>
<arg>AF</arg>
<arg>AG</arg>
<arg>AI</arg>
<arg>AL</arg>
<arg>AM</arg>
<arg>AO</arg>
<arg>AQ</arg>
<arg>AR</arg>
<arg>AS</arg>
<arg>AT</arg>
<arg>AU</arg>
<arg>AW</arg>
<arg>AX</arg>
<arg>AZ</arg>
<arg>BA</arg>
<arg>BB</arg>
<arg>BD</arg>
<arg>BE</arg>
<arg>BF</arg>
<arg>BG</arg>
<arg>BH</arg>
<arg>BI</arg>
<arg>BJ</arg>
<arg>BL</arg>
<arg>BM</arg>
<arg>BN</arg>
<arg>BO</arg>
<arg>BQ</arg>
<arg>BR</arg>
<arg>BS</arg>
<arg>BT</arg>
<arg>BV</arg>
<arg>BW</arg>
<arg>BY</arg>
<arg>BZ</arg>
<arg>CA</arg>
<arg>CC</arg>
<arg>CD</arg>
<arg>CF</arg>
<arg>CG</arg>
<arg>CH</arg>
<arg>CI</arg>
<arg>CK</arg>
<arg>CL</arg>
<arg>CM</arg>
<arg>CN</arg>
<arg>CO</arg>
<arg>CR</arg>
<arg>CU</arg>
<arg>CV</arg>
<arg>CW</arg>
<arg>CX</arg>
<arg>CY</arg>
<arg>CZ</arg>
<arg>DE</arg>
<arg>DJ</arg>
<arg>DK</arg>
<arg>DM</arg>
<arg>DO</arg>
<arg>DZ</arg>
<arg>EC</arg>
<arg>EE</arg>
<arg>EG</arg>
<arg>EH</arg>
<arg>ER</arg>
<arg>ES</arg>
<arg>ET</arg>
<arg>FI</arg>
<arg>FJ</arg>
<arg>FK</arg>
<arg>FM</arg>
<arg>FO</arg>
<arg>FR</arg>
<arg>GA</arg>
<arg>GB</arg>
<arg>GD</arg>
<arg>GE</arg>
<arg>GF</arg>
<arg>GG</arg>
<arg>GH</arg>
<arg>GI</arg>
<arg>GL</arg>
<arg>GM</arg>
<arg>GN</arg>
<arg>GP</arg>
<arg>GQ</arg>
<arg>GR</arg>
<arg>GS</arg>
<arg>GT</arg>
<arg>GU</arg>
<arg>GW</arg>
<arg>GY</arg>
<arg>HK</arg>
<arg>HM</arg>
<arg>HN</arg>
<arg>HR</arg>
<arg>HT</arg>
<arg>HU</arg>
<arg>ID</arg>
<arg>IE</arg>
<arg>IL</arg>
<arg>IM</arg>
<arg>IN</arg>
<arg>IO</arg>
<arg>IQ</arg>
<arg>IR</arg>
<arg>IS</arg>
<arg>IT</arg>
<arg>JE</arg>
<arg>JM</arg>
<arg>JO</arg>
<arg>JP</arg>
<arg>KE</arg>
<arg>KG</arg>
<arg>KH</arg>
<arg>KI</arg>
<arg>KM</arg>
<arg>KN</arg>
<arg>KP</arg>
<arg>KR</arg>
<arg>KW</arg>
<arg>KY</arg>
<arg>KZ</arg>
<arg>LA</arg>
<arg>LB</arg>
<arg>LC</arg>
<arg>LI</arg>
<arg>LK</arg>
<arg>LR</arg>
<arg>LS</arg>
<arg>LT</arg>
<arg>LU</arg>
<arg>LV</arg>
<arg>LY</arg>
<arg>MA</arg>
<arg>MC</arg>
<arg>MD</arg>
<arg>ME</arg>
<arg>MF</arg>
<arg>MG</arg>
<arg>MH</arg>
<arg>MK</arg>
<arg>ML</arg>
<arg>MM</arg>
<arg>MN</arg>
<arg>MO</arg>
<arg>MP</arg>
<arg>MQ</arg>
<arg>MR</arg>
<arg>MS</arg>
<arg>MT</arg>
<arg>MU</arg>
<arg>MV</arg>
<arg>MW</arg>
<arg>MX</arg>
<arg>MY</arg>
<arg>MZ</arg>
<arg>NA</arg>
<arg>NC</arg>
<arg>NE</arg>
<arg>NF</arg>
<arg>NG</arg>
<arg>NI</arg>
<arg>NL</arg>
<arg>NO</arg>
<arg>NP</arg>
<arg>NR</arg>
<arg>NU</arg>
<arg>NZ</arg>
<arg>OM</arg>
<arg>PA</arg>
<arg>PE</arg>
<arg>PF</arg>
<arg>PG</arg>
<arg>PH</arg>
<arg>PK</arg>
<arg>PL</arg>
<arg>PM</arg>
<arg>PN</arg>
<arg>PR</arg>
<arg>PS</arg>
<arg>PT</arg>
<arg>PW</arg>
<arg>PY</arg>
<arg>QA</arg>
<arg>RE</arg>
<arg>RO</arg>
<arg>RS</arg>
<arg>RU</arg>
<arg>RW</arg>
<arg>SA</arg>
<arg>SB</arg>
<arg>SC</arg>
<arg>SD</arg>
<arg>SE</arg>
<arg>SG</arg>
<arg>SH</arg>
<arg>SI</arg>
<arg>SJ</arg>
<arg>SK</arg>
<arg>SL</arg>
<arg>SM</arg>
<arg>SN</arg>
<arg>SO</arg>
<arg>SR</arg>
<arg>SS</arg>
<arg>ST</arg>
<arg>SV</arg>
<arg>SX</arg>
<arg>SY</arg>
<arg>SZ</arg>
<arg>TC</arg>
<arg>TD</arg>
<arg>TF</arg>
<arg>TG</arg>
<arg>TH</arg>
<arg>TJ</arg>
<arg>TK</arg>
<arg>TL</arg>
<arg>TM</arg>
<arg>TN</arg>
<arg>TO</arg>
<arg>TR</arg>
<arg>TT</arg>
<arg>TV</arg>
<arg>TW</arg>
<arg>TZ</arg>
<arg>UA</arg>
<arg>UG</arg>
<arg>UM</arg>
<arg>US</arg>
<arg>UY</arg>
<arg>UZ</arg>
<arg>VA</arg>
<arg>VC</arg>
<arg>VE</arg>
<arg>VG</arg>
<arg>VI</arg>
<arg>VN</arg>
<arg>VU</arg>
<arg>WF</arg>
<arg>WS</arg>
<arg>XK</arg>
<arg>YE</arg>
<arg>YT</arg>
<arg>ZA</arg>
<arg>ZM</arg>
<arg>ZW</arg>
<doc>Returns a list containing given items.</doc>
<status status="PASS" start="2024-05-08T04:15:01.265775" elapsed="0.000608"/>
</kw>
<kw name="List Should Contain Value" owner="Collections">
<msg time="2024-05-08T04:15:01.267356" level="INFO">False</msg>
<arg>${list_country}</arg>
<arg>${name_country}</arg>
<doc>Fails if the ``value`` is not found from ``list``.</doc>
<status status="PASS" start="2024-05-08T04:15:01.267161" elapsed="0.000231"/>
</kw>
<kw name="Run Keyword If" owner="BuiltIn">
<kw name="Should Be True" owner="BuiltIn">
<arg>${True}</arg>
<doc>Fails if the given condition is not true.</doc>
<status status="PASS" start="2024-05-08T04:15:01.268494" elapsed="0.000249"/>
</kw>
<arg>${json_data["results"][0]["location"]["coordinates"]["latitude"]} &gt;= -90 and ${json_data["results"][0]["location"]["coordinates"]["latitude"]} &lt;= 90</arg>
<arg>Should Be True</arg>
<arg>${True}</arg>
<doc>Runs the given keyword with the given arguments, if ``condition`` is true.</doc>
<status status="PASS" start="2024-05-08T04:15:01.267700" elapsed="0.001177"/>
</kw>
<kw name="Run Keyword If" owner="BuiltIn">
<kw name="Should Be True" owner="BuiltIn">
<arg>${True}</arg>
<doc>Fails if the given condition is not true.</doc>
<status status="PASS" start="2024-05-08T04:15:01.269768" elapsed="0.000137"/>
</kw>
<arg>${json_data["results"][0]["location"]["coordinates"]["longitude"]} &gt;= -180 and ${json_data["results"][0]["location"]["coordinates"]["longitude"]} &lt;= 180</arg>
<arg>Should Be True</arg>
<arg>${True}</arg>
<doc>Runs the given keyword with the given arguments, if ``condition`` is true.</doc>
<status status="PASS" start="2024-05-08T04:15:01.269064" elapsed="0.000965"/>
</kw>
<status status="PASS" start="2024-05-08T04:15:01.123916" elapsed="0.146241"/>
</kw>
<doc>Testa o conteúdo específico dos campos retornados pela API.</doc>
<tag>testeConteudo</tag>
<status status="PASS" start="2024-05-08T04:15:01.123485" elapsed="0.146813"/>
</test>
<status status="PASS" start="2024-05-08T04:15:00.251183" elapsed="1.021005"/>
</suite>
<status status="PASS" start="2024-05-08T04:15:00.237648" elapsed="1.039667"/>
</suite>
<statistics>
<total>
<stat pass="5" fail="0" skip="0">All Tests</stat>
</total>
<tag>
<stat pass="1" fail="0" skip="0">testeConteudo</stat>
<stat pass="1" fail="0" skip="0">testeEstruturaResposta</stat>
<stat pass="1" fail="0" skip="0">testeRequisicaoBasica</stat>
<stat pass="1" fail="0" skip="0">testeTiposDados</stat>
</tag>
<suite>
<stat pass="5" fail="0" skip="0" id="s1" name="Tests">Tests</stat>
<stat pass="5" fail="0" skip="0" id="s1-s1" name="Random-User-Test">Tests.Random-User-Test</stat>
</suite>
</statistics>
<errors>
</errors>
</robot>
