<?xml version="1.0" encoding="UTF-8"?>
<robot generator="Robot 7.0 (Python 3.12.3 on linux)" generated="2024-04-30T01:56:59.830498" rpa="false" schemaversion="5">
<suite id="s1" name="Tests" source="/home/runner/work/DesafioQAItauRogerioJordao/DesafioQAItauRogerioJordao/RamdonUser/tests">
<suite id="s1-s1" name="Random-User-Test" source="/home/runner/work/DesafioQAItauRogerioJordao/DesafioQAItauRogerioJordao/RamdonUser/tests/random-user-test.robot">
<test id="s1-s1-t1" name="Conectar" line="13">
<kw name="Conectar API" owner="random-user-service">
<kw name="Create Session" owner="RequestsLibrary">
<msg time="2024-04-30T01:57:00.198538" level="INFO">Creating Session using : alias=consultarAPI, url=https://randomuser.me/, headers={},                     cookies={}, auth=None, timeout=None, proxies=None, verify=False,                     debug=0 </msg>
<arg>consultarAPI</arg>
<arg>${URL}</arg>
<doc>Create Session: create a HTTP session to a server</doc>
<status status="PASS" start="2024-04-30T01:57:00.198342" elapsed="0.000361"/>
</kw>
<status status="PASS" start="2024-04-30T01:57:00.197389" elapsed="0.001667"/>
</kw>
<status status="PASS" start="2024-04-30T01:57:00.196871" elapsed="0.002376"/>
</test>
<test id="s1-s1-t2" name="Validar retorno 200 e JSON Válido" line="16">
<kw name="Teste de Requisicao Basica" owner="random-user-service">
<kw name="GET On Session" owner="RequestsLibrary">
<msg time="2024-04-30T01:57:00.271570" level="INFO">GET Request : url=https://randomuser.me/api 
 path_url=/api 
 headers={'User-Agent': 'python-requests/2.31.0', 'Accept-Encoding': 'gzip, deflate', 'Accept': '*/*', 'Connection': 'keep-alive'} 
 body=None 
 </msg>
<msg time="2024-04-30T01:57:00.271680" level="INFO">GET Response : url=https://randomuser.me/api 
 status=200, reason=OK 
 headers={'Date': 'Tue, 30 Apr 2024 01:57:00 GMT', 'Content-Type': 'application/json; charset=utf-8', 'Transfer-Encoding': 'chunked', 'Connection': 'keep-alive', 'X-Powered-By': 'Express', 'Access-Control-Allow-Origin': '*', 'Cache-Control': 'no-cache', 'ETag': 'W/"483-ZuZ7v4kS7WxZm/WG5d52LI8LpDU"', 'Vary': 'Accept-Encoding', 'Content-Encoding': 'gzip', 'CF-Cache-Status': 'DYNAMIC', 'Report-To': '{"endpoints":[{"url":"https:\\/\\/a.nel.cloudflare.com\\/report\\/v4?s=fPBx%2FGCkNDKCqIpeAStAUtilzg%2FhNQnEX%2BoncobZrr3DkcUm%2FcW6jrE4CmrpO%2BQdtyPj7UlYrwDzK47i0cSs0xYF8wsydor1%2BeNOGEdBDQRnFhhcAN3ufy1pG15b7zSV"}],"group":"cf-nel","max_age":604800}', 'NEL': '{"success_fraction":0,"report_to":"cf-nel","max_age":604800}', 'Server': 'cloudflare', 'CF-RAY': '87c3eb248de528c8-IAD', 'alt-svc': 'h3=":443"; ma=86400'} 
 body={"results":[{"gender":"male","name":{"title":"Mr","first":"Attila","last":"Konrad"},"location":{"street":{"number":8574,"name":"Meisenweg"},"city":"Schönau im Schwarzwald","state":"Hessen","country":"Germany","postcode":10739,"coordinates":{"latitude":"-50.9554","longitude":"-86.1713"},"timezone":{"offset":"-2:00","description":"Mid-Atlantic"}},"email":"attila.konrad@example.com","login":{"uuid":"176dac60-1aa8-480d-8b09-c1ef3d4b2c0b","username":"angrymouse787","password":"raquel","salt":"eNMFId1F","md5":"f7620ecf626ca3b0e68c1425979f6194","sha1":"2587bdceb2b59fe59696ef6a9229796fefa4a552","sha256":"cfb269cec0673a30f960d61a98f545ccf63fa6b22b1dd3df90304d22bf2454f7"},"dob":{"date":"1951-09-14T15:33:46.840Z","age":72},"registered":{"date":"2020-04-05T03:58:30.938Z","age":4},"phone":"0282-6170787","cell":"0170-7186876","id":{"name":"SVNR","value":"79 140951 K 107"},"picture":{"large":"https://randomuser.me/api/portraits/men/97.jpg","medium":"https://randomuser.me/api/portraits/med/men/97.jpg","thumbnail":"https://randomuser.me/api/portraits/thumb/men/97.jpg"},"nat":"DE"}],"info":{"seed":"866937a799fff8dd","results":1,"page":1,"version":"1.4"}} 
 </msg>
<msg time="2024-04-30T01:57:00.271752" level="INFO">/opt/hostedtoolcache/Python/3.12.3/x64/lib/python3.12/site-packages/urllib3/connectionpool.py:1103: InsecureRequestWarning: Unverified HTTPS request is being made to host 'randomuser.me'. Adding certificate verification is strongly advised. See: https://urllib3.readthedocs.io/en/latest/advanced-usage.html#tls-warnings
  warnings.warn(</msg>
<msg time="2024-04-30T01:57:00.271884" level="INFO">${response} = &lt;Response [200]&gt;</msg>
<var>${response}</var>
<arg>consultarAPI</arg>
<arg>/api</arg>
<doc>Sends a GET request on a previously created HTTP Session.</doc>
<status status="PASS" start="2024-04-30T01:57:00.201872" elapsed="0.070057"/>
</kw>
<kw name="Should Be Equal As Numbers" owner="BuiltIn">
<msg time="2024-04-30T01:57:00.272890" level="INFO">Argument types are:
&lt;class 'int'&gt;
&lt;class 'str'&gt;</msg>
<arg>${response.status_code}</arg>
<arg>200</arg>
<doc>Fails if objects are unequal after converting them to real numbers.</doc>
<status status="PASS" start="2024-04-30T01:57:00.272432" elapsed="0.000524"/>
</kw>
<kw name="Log" owner="BuiltIn">
<msg time="2024-04-30T01:57:00.273713" level="INFO">200</msg>
<arg>${response.status_code}</arg>
<doc>Logs the given message with the given level.</doc>
<status status="PASS" start="2024-04-30T01:57:00.273328" elapsed="0.000432"/>
</kw>
<kw name="Set Variable" owner="BuiltIn">
<msg time="2024-04-30T01:57:00.274534" level="INFO">${json_data} = {'results': [{'gender': 'male', 'name': {'title': 'Mr', 'first': 'Attila', 'last': 'Konrad'}, 'location': {'street': {'number': 8574, 'name': 'Meisenweg'}, 'city': 'Schönau im Schwarzwald', 'state': '...</msg>
<var>${json_data}</var>
<arg>${response.json()}</arg>
<doc>Returns the given values which can then be assigned to a variables.</doc>
<status status="PASS" start="2024-04-30T01:57:00.274075" elapsed="0.000489"/>
</kw>
<kw name="Dictionary Should Contain Key" owner="Collections">
<msg time="2024-04-30T01:57:00.275041" level="INFO">False</msg>
<arg>${json_data}</arg>
<arg>results</arg>
<doc>Fails if ``key`` is not found from ``dictionary``.</doc>
<status status="PASS" start="2024-04-30T01:57:00.274870" elapsed="0.000215"/>
</kw>
<status status="PASS" start="2024-04-30T01:57:00.201597" elapsed="0.073739"/>
</kw>
<doc>Testa se a API responde corretamente e retorna um objeto JSON válido.</doc>
<tag>testeRequisicaoBasica</tag>
<status status="PASS" start="2024-04-30T01:57:00.201119" elapsed="0.074389"/>
</test>
<test id="s1-s1-t3" name="Validar estrutura de resposta" line="22">
<kw name="Teste de Estrutura de Resposta" owner="random-user-service">
<kw name="GET On Session" owner="RequestsLibrary">
<msg time="2024-04-30T01:57:00.393887" level="INFO">GET Request : url=https://randomuser.me/api 
 path_url=/api 
 headers={'User-Agent': 'python-requests/2.31.0', 'Accept-Encoding': 'gzip, deflate', 'Accept': '*/*', 'Connection': 'keep-alive'} 
 body=None 
 </msg>
<msg time="2024-04-30T01:57:00.393963" level="INFO">GET Response : url=https://randomuser.me/api 
 status=200, reason=OK 
 headers={'Date': 'Tue, 30 Apr 2024 01:57:00 GMT', 'Content-Type': 'application/json; charset=utf-8', 'Transfer-Encoding': 'chunked', 'Connection': 'keep-alive', 'X-Powered-By': 'Express', 'Access-Control-Allow-Origin': '*', 'Cache-Control': 'no-cache', 'ETag': 'W/"496-R4YXARLTqeZZ00Vi6GlLydavm/0"', 'Vary': 'Accept-Encoding', 'Content-Encoding': 'gzip', 'CF-Cache-Status': 'DYNAMIC', 'Report-To': '{"endpoints":[{"url":"https:\\/\\/a.nel.cloudflare.com\\/report\\/v4?s=ERK27tiPYd7LBqXRrlANL2sXrOWojowHk9FHKDg%2FQpZh764Yx8lB9t9wDPKR207gEqmqgkXyQRbjOg39S6%2BHaodRYyIqb3IIn6PyiZlQW56simKWUS1HAGmDQ3tJr5b4"}],"group":"cf-nel","max_age":604800}', 'NEL': '{"success_fraction":0,"report_to":"cf-nel","max_age":604800}', 'Server': 'cloudflare', 'CF-RAY': '87c3eb24ce6128c8-IAD', 'alt-svc': 'h3=":443"; ma=86400'} 
 body={"results":[{"gender":"female","name":{"title":"Miss","first":"Alfreda","last":"Vinokur"},"location":{"street":{"number":1944,"name":"Sosnova"},"city":"Trostyanec","state":"Hmelnicka","country":"Ukraine","postcode":70580,"coordinates":{"latitude":"80.9886","longitude":"83.1167"},"timezone":{"offset":"0:00","description":"Western Europe Time, London, Lisbon, Casablanca"}},"email":"alfreda.vinokur@example.com","login":{"uuid":"02373dee-a689-482d-bb72-23dcc5adf6a9","username":"blackdog316","password":"idefix","salt":"AILHl2DR","md5":"6ea0bb2959a08eec85e67f4e3014446c","sha1":"dd2286e4e852da1e31b74d4505d70f1c7553f4fa","sha256":"46b3d391eec61db8efb9bafbcca343170b4d64346e403c3804033639db15bd7a"},"dob":{"date":"1993-06-09T09:29:17.188Z","age":30},"registered":{"date":"2017-09-18T04:57:18.957Z","age":6},"phone":"(068) R89-4664","cell":"(096) S82-9334","id":{"name":"","value":null},"picture":{"large":"https://randomuser.me/api/portraits/women/75.jpg","medium":"https://randomuser.me/api/portraits/med/women/75.jpg","thumbnail":"https://randomuser.me/api/portraits/thumb/women/75.jpg"},"nat":"UA"}],"info":{"seed":"b58a7fa3671d6667","results":1,"page":1,"version":"1.4"}} 
 </msg>
<msg time="2024-04-30T01:57:00.394067" level="INFO">/opt/hostedtoolcache/Python/3.12.3/x64/lib/python3.12/site-packages/urllib3/connectionpool.py:1103: InsecureRequestWarning: Unverified HTTPS request is being made to host 'randomuser.me'. Adding certificate verification is strongly advised. See: https://urllib3.readthedocs.io/en/latest/advanced-usage.html#tls-warnings
  warnings.warn(</msg>
<msg time="2024-04-30T01:57:00.394191" level="INFO">${response} = &lt;Response [200]&gt;</msg>
<var>${response}</var>
<arg>consultarAPI</arg>
<arg>/api</arg>
<doc>Sends a GET request on a previously created HTTP Session.</doc>
<status status="PASS" start="2024-04-30T01:57:00.278120" elapsed="0.116111"/>
</kw>
<kw name="Set Variable" owner="BuiltIn">
<msg time="2024-04-30T01:57:00.395113" level="INFO">${json_data} = {'results': [{'gender': 'female', 'name': {'title': 'Miss', 'first': 'Alfreda', 'last': 'Vinokur'}, 'location': {'street': {'number': 1944, 'name': 'Sosnova'}, 'city': 'Trostyanec', 'state': 'Hmelnick...</msg>
<var>${json_data}</var>
<arg>${response.json()}</arg>
<doc>Returns the given values which can then be assigned to a variables.</doc>
<status status="PASS" start="2024-04-30T01:57:00.394631" elapsed="0.000510"/>
</kw>
<kw name="Log" owner="BuiltIn">
<msg time="2024-04-30T01:57:00.395609" level="INFO">{'results': [{'gender': 'female', 'name': {'title': 'Miss', 'first': 'Alfreda', 'last': 'Vinokur'}, 'location': {'street': {'number': 1944, 'name': 'Sosnova'}, 'city': 'Trostyanec', 'state': 'Hmelnicka', 'country': 'Ukraine', 'postcode': 70580, 'coordinates': {'latitude': '80.9886', 'longitude': '83.1167'}, 'timezone': {'offset': '0:00', 'description': 'Western Europe Time, London, Lisbon, Casablanca'}}, 'email': 'alfreda.vinokur@example.com', 'login': {'uuid': '02373dee-a689-482d-bb72-23dcc5adf6a9', 'username': 'blackdog316', 'password': 'idefix', 'salt': 'AILHl2DR', 'md5': '6ea0bb2959a08eec85e67f4e3014446c', 'sha1': 'dd2286e4e852da1e31b74d4505d70f1c7553f4fa', 'sha256': '46b3d391eec61db8efb9bafbcca343170b4d64346e403c3804033639db15bd7a'}, 'dob': {'date': '1993-06-09T09:29:17.188Z', 'age': 30}, 'registered': {'date': '2017-09-18T04:57:18.957Z', 'age': 6}, 'phone': '(068) R89-4664', 'cell': '(096) S82-9334', 'id': {'name': '', 'value': None}, 'picture': {'large': 'https://randomuser.me/api/portraits/women/75.jpg', 'medium': 'https://randomuser.me/api/portraits/med/women/75.jpg', 'thumbnail': 'https://randomuser.me/api/portraits/thumb/women/75.jpg'}, 'nat': 'UA'}], 'info': {'seed': 'b58a7fa3671d6667', 'results': 1, 'page': 1, 'version': '1.4'}}</msg>
<arg>${json_data}</arg>
<doc>Logs the given message with the given level.</doc>
<status status="PASS" start="2024-04-30T01:57:00.395450" elapsed="0.000208"/>
</kw>
<kw name="Dictionary Should Contain Key" owner="Collections">
<msg time="2024-04-30T01:57:00.396177" level="INFO">False</msg>
<arg>${json_data}</arg>
<arg>results</arg>
<doc>Fails if ``key`` is not found from ``dictionary``.</doc>
<status status="PASS" start="2024-04-30T01:57:00.395998" elapsed="0.000218"/>
</kw>
<kw name="Should Not Be Empty" owner="BuiltIn">
<msg time="2024-04-30T01:57:00.396658" level="INFO">Length is 2.</msg>
<arg>${json_data}</arg>
<doc>Verifies that the given item is not empty.</doc>
<status status="PASS" start="2024-04-30T01:57:00.396515" elapsed="0.000326"/>
</kw>
<kw name="Create List" owner="BuiltIn">
<msg time="2024-04-30T01:57:00.397287" level="INFO">${expected_keys} = ['gender', 'name', 'location', 'email', 'login']</msg>
<var>${expected_keys}</var>
<arg>gender</arg>
<arg>name</arg>
<arg>location</arg>
<arg>email</arg>
<arg>login</arg>
<doc>Returns a list containing given items.</doc>
<status status="PASS" start="2024-04-30T01:57:00.397138" elapsed="0.000174"/>
</kw>
<for flavor="IN">
<iter>
<kw name="Dictionary Should Contain Key" owner="Collections">
<msg time="2024-04-30T01:57:00.398333" level="INFO">False</msg>
<arg>${json_data['results'][0]}</arg>
<arg>${key}</arg>
<doc>Fails if ``key`` is not found from ``dictionary``.</doc>
<status status="PASS" start="2024-04-30T01:57:00.397931" elapsed="0.000441"/>
</kw>
<kw name="Log" owner="BuiltIn">
<msg time="2024-04-30T01:57:00.399055" level="INFO">{'gender': 'female', 'name': {'title': 'Miss', 'first': 'Alfreda', 'last': 'Vinokur'}, 'location': {'street': {'number': 1944, 'name': 'Sosnova'}, 'city': 'Trostyanec', 'state': 'Hmelnicka', 'country': 'Ukraine', 'postcode': 70580, 'coordinates': {'latitude': '80.9886', 'longitude': '83.1167'}, 'timezone': {'offset': '0:00', 'description': 'Western Europe Time, London, Lisbon, Casablanca'}}, 'email': 'alfreda.vinokur@example.com', 'login': {'uuid': '02373dee-a689-482d-bb72-23dcc5adf6a9', 'username': 'blackdog316', 'password': 'idefix', 'salt': 'AILHl2DR', 'md5': '6ea0bb2959a08eec85e67f4e3014446c', 'sha1': 'dd2286e4e852da1e31b74d4505d70f1c7553f4fa', 'sha256': '46b3d391eec61db8efb9bafbcca343170b4d64346e403c3804033639db15bd7a'}, 'dob': {'date': '1993-06-09T09:29:17.188Z', 'age': 30}, 'registered': {'date': '2017-09-18T04:57:18.957Z', 'age': 6}, 'phone': '(068) R89-4664', 'cell': '(096) S82-9334', 'id': {'name': '', 'value': None}, 'picture': {'large': 'https://randomuser.me/api/portraits/women/75.jpg', 'medium': 'https://randomuser.me/api/portraits/med/women/75.jpg', 'thumbnail': 'https://randomuser.me/api/portraits/thumb/women/75.jpg'}, 'nat': 'UA'}</msg>
<arg>${json_data['results'][0]}</arg>
<doc>Logs the given message with the given level.</doc>
<status status="PASS" start="2024-04-30T01:57:00.398683" elapsed="0.000421"/>
</kw>
<kw name="Log" owner="BuiltIn">
<msg time="2024-04-30T01:57:00.399523" level="INFO">gender</msg>
<arg>${key}</arg>
<doc>Logs the given message with the given level.</doc>
<status status="PASS" start="2024-04-30T01:57:00.399396" elapsed="0.000165"/>
</kw>
<var name="${key}">gender</var>
<status status="PASS" start="2024-04-30T01:57:00.397801" elapsed="0.001973"/>
</iter>
<iter>
<kw name="Dictionary Should Contain Key" owner="Collections">
<msg time="2024-04-30T01:57:00.400461" level="INFO">False</msg>
<arg>${json_data['results'][0]}</arg>
<arg>${key}</arg>
<doc>Fails if ``key`` is not found from ``dictionary``.</doc>
<status status="PASS" start="2024-04-30T01:57:00.400075" elapsed="0.000424"/>
</kw>
<kw name="Log" owner="BuiltIn">
<msg time="2024-04-30T01:57:00.401188" level="INFO">{'gender': 'female', 'name': {'title': 'Miss', 'first': 'Alfreda', 'last': 'Vinokur'}, 'location': {'street': {'number': 1944, 'name': 'Sosnova'}, 'city': 'Trostyanec', 'state': 'Hmelnicka', 'country': 'Ukraine', 'postcode': 70580, 'coordinates': {'latitude': '80.9886', 'longitude': '83.1167'}, 'timezone': {'offset': '0:00', 'description': 'Western Europe Time, London, Lisbon, Casablanca'}}, 'email': 'alfreda.vinokur@example.com', 'login': {'uuid': '02373dee-a689-482d-bb72-23dcc5adf6a9', 'username': 'blackdog316', 'password': 'idefix', 'salt': 'AILHl2DR', 'md5': '6ea0bb2959a08eec85e67f4e3014446c', 'sha1': 'dd2286e4e852da1e31b74d4505d70f1c7553f4fa', 'sha256': '46b3d391eec61db8efb9bafbcca343170b4d64346e403c3804033639db15bd7a'}, 'dob': {'date': '1993-06-09T09:29:17.188Z', 'age': 30}, 'registered': {'date': '2017-09-18T04:57:18.957Z', 'age': 6}, 'phone': '(068) R89-4664', 'cell': '(096) S82-9334', 'id': {'name': '', 'value': None}, 'picture': {'large': 'https://randomuser.me/api/portraits/women/75.jpg', 'medium': 'https://randomuser.me/api/portraits/med/women/75.jpg', 'thumbnail': 'https://randomuser.me/api/portraits/thumb/women/75.jpg'}, 'nat': 'UA'}</msg>
<arg>${json_data['results'][0]}</arg>
<doc>Logs the given message with the given level.</doc>
<status status="PASS" start="2024-04-30T01:57:00.400824" elapsed="0.000413"/>
</kw>
<kw name="Log" owner="BuiltIn">
<msg time="2024-04-30T01:57:00.401687" level="INFO">name</msg>
<arg>${key}</arg>
<doc>Logs the given message with the given level.</doc>
<status status="PASS" start="2024-04-30T01:57:00.401540" elapsed="0.000194"/>
</kw>
<var name="${key}">name</var>
<status status="PASS" start="2024-04-30T01:57:00.399961" elapsed="0.001992"/>
</iter>
<iter>
<kw name="Dictionary Should Contain Key" owner="Collections">
<msg time="2024-04-30T01:57:00.402642" level="INFO">False</msg>
<arg>${json_data['results'][0]}</arg>
<arg>${key}</arg>
<doc>Fails if ``key`` is not found from ``dictionary``.</doc>
<status status="PASS" start="2024-04-30T01:57:00.402247" elapsed="0.000434"/>
</kw>
<kw name="Log" owner="BuiltIn">
<msg time="2024-04-30T01:57:00.403343" level="INFO">{'gender': 'female', 'name': {'title': 'Miss', 'first': 'Alfreda', 'last': 'Vinokur'}, 'location': {'street': {'number': 1944, 'name': 'Sosnova'}, 'city': 'Trostyanec', 'state': 'Hmelnicka', 'country': 'Ukraine', 'postcode': 70580, 'coordinates': {'latitude': '80.9886', 'longitude': '83.1167'}, 'timezone': {'offset': '0:00', 'description': 'Western Europe Time, London, Lisbon, Casablanca'}}, 'email': 'alfreda.vinokur@example.com', 'login': {'uuid': '02373dee-a689-482d-bb72-23dcc5adf6a9', 'username': 'blackdog316', 'password': 'idefix', 'salt': 'AILHl2DR', 'md5': '6ea0bb2959a08eec85e67f4e3014446c', 'sha1': 'dd2286e4e852da1e31b74d4505d70f1c7553f4fa', 'sha256': '46b3d391eec61db8efb9bafbcca343170b4d64346e403c3804033639db15bd7a'}, 'dob': {'date': '1993-06-09T09:29:17.188Z', 'age': 30}, 'registered': {'date': '2017-09-18T04:57:18.957Z', 'age': 6}, 'phone': '(068) R89-4664', 'cell': '(096) S82-9334', 'id': {'name': '', 'value': None}, 'picture': {'large': 'https://randomuser.me/api/portraits/women/75.jpg', 'medium': 'https://randomuser.me/api/portraits/med/women/75.jpg', 'thumbnail': 'https://randomuser.me/api/portraits/thumb/women/75.jpg'}, 'nat': 'UA'}</msg>
<arg>${json_data['results'][0]}</arg>
<doc>Logs the given message with the given level.</doc>
<status status="PASS" start="2024-04-30T01:57:00.402980" elapsed="0.000410"/>
</kw>
<kw name="Log" owner="BuiltIn">
<msg time="2024-04-30T01:57:00.403805" level="INFO">location</msg>
<arg>${key}</arg>
<doc>Logs the given message with the given level.</doc>
<status status="PASS" start="2024-04-30T01:57:00.403681" elapsed="0.000163"/>
</kw>
<var name="${key}">location</var>
<status status="PASS" start="2024-04-30T01:57:00.402134" elapsed="0.001923"/>
</iter>
<iter>
<kw name="Dictionary Should Contain Key" owner="Collections">
<msg time="2024-04-30T01:57:00.404733" level="INFO">False</msg>
<arg>${json_data['results'][0]}</arg>
<arg>${key}</arg>
<doc>Fails if ``key`` is not found from ``dictionary``.</doc>
<status status="PASS" start="2024-04-30T01:57:00.404349" elapsed="0.000432"/>
</kw>
<kw name="Log" owner="BuiltIn">
<msg time="2024-04-30T01:57:00.405437" level="INFO">{'gender': 'female', 'name': {'title': 'Miss', 'first': 'Alfreda', 'last': 'Vinokur'}, 'location': {'street': {'number': 1944, 'name': 'Sosnova'}, 'city': 'Trostyanec', 'state': 'Hmelnicka', 'country': 'Ukraine', 'postcode': 70580, 'coordinates': {'latitude': '80.9886', 'longitude': '83.1167'}, 'timezone': {'offset': '0:00', 'description': 'Western Europe Time, London, Lisbon, Casablanca'}}, 'email': 'alfreda.vinokur@example.com', 'login': {'uuid': '02373dee-a689-482d-bb72-23dcc5adf6a9', 'username': 'blackdog316', 'password': 'idefix', 'salt': 'AILHl2DR', 'md5': '6ea0bb2959a08eec85e67f4e3014446c', 'sha1': 'dd2286e4e852da1e31b74d4505d70f1c7553f4fa', 'sha256': '46b3d391eec61db8efb9bafbcca343170b4d64346e403c3804033639db15bd7a'}, 'dob': {'date': '1993-06-09T09:29:17.188Z', 'age': 30}, 'registered': {'date': '2017-09-18T04:57:18.957Z', 'age': 6}, 'phone': '(068) R89-4664', 'cell': '(096) S82-9334', 'id': {'name': '', 'value': None}, 'picture': {'large': 'https://randomuser.me/api/portraits/women/75.jpg', 'medium': 'https://randomuser.me/api/portraits/med/women/75.jpg', 'thumbnail': 'https://randomuser.me/api/portraits/thumb/women/75.jpg'}, 'nat': 'UA'}</msg>
<arg>${json_data['results'][0]}</arg>
<doc>Logs the given message with the given level.</doc>
<status status="PASS" start="2024-04-30T01:57:00.405076" elapsed="0.000409"/>
</kw>
<kw name="Log" owner="BuiltIn">
<msg time="2024-04-30T01:57:00.405930" level="INFO">email</msg>
<arg>${key}</arg>
<doc>Logs the given message with the given level.</doc>
<status status="PASS" start="2024-04-30T01:57:00.405802" elapsed="0.000166"/>
</kw>
<var name="${key}">email</var>
<status status="PASS" start="2024-04-30T01:57:00.404239" elapsed="0.001942"/>
</iter>
<iter>
<kw name="Dictionary Should Contain Key" owner="Collections">
<msg time="2024-04-30T01:57:00.406847" level="INFO">False</msg>
<arg>${json_data['results'][0]}</arg>
<arg>${key}</arg>
<doc>Fails if ``key`` is not found from ``dictionary``.</doc>
<status status="PASS" start="2024-04-30T01:57:00.406463" elapsed="0.000421"/>
</kw>
<kw name="Log" owner="BuiltIn">
<msg time="2024-04-30T01:57:00.407535" level="INFO">{'gender': 'female', 'name': {'title': 'Miss', 'first': 'Alfreda', 'last': 'Vinokur'}, 'location': {'street': {'number': 1944, 'name': 'Sosnova'}, 'city': 'Trostyanec', 'state': 'Hmelnicka', 'country': 'Ukraine', 'postcode': 70580, 'coordinates': {'latitude': '80.9886', 'longitude': '83.1167'}, 'timezone': {'offset': '0:00', 'description': 'Western Europe Time, London, Lisbon, Casablanca'}}, 'email': 'alfreda.vinokur@example.com', 'login': {'uuid': '02373dee-a689-482d-bb72-23dcc5adf6a9', 'username': 'blackdog316', 'password': 'idefix', 'salt': 'AILHl2DR', 'md5': '6ea0bb2959a08eec85e67f4e3014446c', 'sha1': 'dd2286e4e852da1e31b74d4505d70f1c7553f4fa', 'sha256': '46b3d391eec61db8efb9bafbcca343170b4d64346e403c3804033639db15bd7a'}, 'dob': {'date': '1993-06-09T09:29:17.188Z', 'age': 30}, 'registered': {'date': '2017-09-18T04:57:18.957Z', 'age': 6}, 'phone': '(068) R89-4664', 'cell': '(096) S82-9334', 'id': {'name': '', 'value': None}, 'picture': {'large': 'https://randomuser.me/api/portraits/women/75.jpg', 'medium': 'https://randomuser.me/api/portraits/med/women/75.jpg', 'thumbnail': 'https://randomuser.me/api/portraits/thumb/women/75.jpg'}, 'nat': 'UA'}</msg>
<arg>${json_data['results'][0]}</arg>
<doc>Logs the given message with the given level.</doc>
<status status="PASS" start="2024-04-30T01:57:00.407175" elapsed="0.000407"/>
</kw>
<kw name="Log" owner="BuiltIn">
<msg time="2024-04-30T01:57:00.408000" level="INFO">login</msg>
<arg>${key}</arg>
<doc>Logs the given message with the given level.</doc>
<status status="PASS" start="2024-04-30T01:57:00.407875" elapsed="0.000164"/>
</kw>
<var name="${key}">login</var>
<status status="PASS" start="2024-04-30T01:57:00.406353" elapsed="0.001921"/>
</iter>
<var>${key}</var>
<value>@{expected_keys}</value>
<status status="PASS" start="2024-04-30T01:57:00.397573" elapsed="0.010826"/>
</for>
<kw name="Create List" owner="BuiltIn">
<msg time="2024-04-30T01:57:00.408733" level="INFO">${expected_keysTwo} = ['username', 'password']</msg>
<var>${expected_keysTwo}</var>
<arg>username</arg>
<arg>password</arg>
<doc>Returns a list containing given items.</doc>
<status status="PASS" start="2024-04-30T01:57:00.408594" elapsed="0.000162"/>
</kw>
<for flavor="IN">
<iter>
<kw name="Dictionary Should Contain Key" owner="Collections">
<msg time="2024-04-30T01:57:00.409644" level="INFO">False</msg>
<arg>${json_data['results'][0]['login']}</arg>
<arg>${keyTwo}</arg>
<doc>Fails if ``key`` is not found from ``dictionary``.</doc>
<status status="PASS" start="2024-04-30T01:57:00.409254" elapsed="0.000456"/>
</kw>
<kw name="Dictionary Should Contain Key" owner="Collections">
<msg time="2024-04-30T01:57:00.410409" level="INFO">False</msg>
<arg>${json_data['results'][0]['login']}</arg>
<arg>${keyTwo}</arg>
<doc>Fails if ``key`` is not found from ``dictionary``.</doc>
<status status="PASS" start="2024-04-30T01:57:00.410018" elapsed="0.000430"/>
</kw>
<kw name="Log" owner="BuiltIn">
<msg time="2024-04-30T01:57:00.410867" level="INFO">username</msg>
<arg>${keyTwo}</arg>
<doc>Logs the given message with the given level.</doc>
<status status="PASS" start="2024-04-30T01:57:00.410739" elapsed="0.000170"/>
</kw>
<var name="${keyTwo}">username</var>
<status status="PASS" start="2024-04-30T01:57:00.409146" elapsed="0.001981"/>
</iter>
<iter>
<kw name="Dictionary Should Contain Key" owner="Collections">
<msg time="2024-04-30T01:57:00.411887" level="INFO">False</msg>
<arg>${json_data['results'][0]['login']}</arg>
<arg>${keyTwo}</arg>
<doc>Fails if ``key`` is not found from ``dictionary``.</doc>
<status status="PASS" start="2024-04-30T01:57:00.411408" elapsed="0.000520"/>
</kw>
<kw name="Dictionary Should Contain Key" owner="Collections">
<msg time="2024-04-30T01:57:00.412611" level="INFO">False</msg>
<arg>${json_data['results'][0]['login']}</arg>
<arg>${keyTwo}</arg>
<doc>Fails if ``key`` is not found from ``dictionary``.</doc>
<status status="PASS" start="2024-04-30T01:57:00.412223" elapsed="0.000426"/>
</kw>
<kw name="Log" owner="BuiltIn">
<msg time="2024-04-30T01:57:00.413074" level="INFO">password</msg>
<arg>${keyTwo}</arg>
<doc>Logs the given message with the given level.</doc>
<status status="PASS" start="2024-04-30T01:57:00.412945" elapsed="0.000167"/>
</kw>
<var name="${keyTwo}">password</var>
<status status="PASS" start="2024-04-30T01:57:00.411299" elapsed="0.002025"/>
</iter>
<var>${keyTwo}</var>
<value>@{expected_keysTwo}</value>
<status status="PASS" start="2024-04-30T01:57:00.408993" elapsed="0.004452"/>
</for>
<status status="PASS" start="2024-04-30T01:57:00.277867" elapsed="0.135718"/>
</kw>
<doc>Testa a estrutura da resposta da API.</doc>
<tag>testeEstruturaResposta</tag>
<status status="PASS" start="2024-04-30T01:57:00.277344" elapsed="0.136420"/>
</test>
<test id="s1-s1-t4" name="Validar tipos de dados" line="28">
<kw name="Teste de Tipos de Dados" owner="random-user-service">
<kw name="GET On Session" owner="RequestsLibrary">
<msg time="2024-04-30T01:57:00.498438" level="INFO">GET Request : url=https://randomuser.me/api 
 path_url=/api 
 headers={'User-Agent': 'python-requests/2.31.0', 'Accept-Encoding': 'gzip, deflate', 'Accept': '*/*', 'Connection': 'keep-alive'} 
 body=None 
 </msg>
<msg time="2024-04-30T01:57:00.498550" level="INFO">GET Response : url=https://randomuser.me/api 
 status=200, reason=OK 
 headers={'Date': 'Tue, 30 Apr 2024 01:57:00 GMT', 'Content-Type': 'application/json; charset=utf-8', 'Transfer-Encoding': 'chunked', 'Connection': 'keep-alive', 'X-Powered-By': 'Express', 'Access-Control-Allow-Origin': '*', 'Cache-Control': 'no-cache', 'ETag': 'W/"49d-ceQgm5CGbIV+YJdecmIsh58mo+A"', 'Vary': 'Accept-Encoding', 'Content-Encoding': 'gzip', 'CF-Cache-Status': 'DYNAMIC', 'Report-To': '{"endpoints":[{"url":"https:\\/\\/a.nel.cloudflare.com\\/report\\/v4?s=91KhR0%2F9%2FI1L5io%2BqcEaQs9LE7zPyA9r%2Bhp9YgmnmzJZ2Fm9KMkGSS1ta9V3ZXtT0U8V5YW2eMWTbZedGP7n1xe27srcsxHH6kx5a%2B12BjIEuhp5goPtEEcUCfI5ZZw1"}],"group":"cf-nel","max_age":604800}', 'NEL': '{"success_fraction":0,"report_to":"cf-nel","max_age":604800}', 'Server': 'cloudflare', 'CF-RAY': '87c3eb25af8728c8-IAD', 'alt-svc': 'h3=":443"; ma=86400'} 
 body={"results":[{"gender":"female","name":{"title":"Mrs","first":"Camille","last":"Bélanger"},"location":{"street":{"number":250,"name":"Arctic Way"},"city":"Field","state":"British Columbia","country":"Canada","postcode":"O3S 6J5","coordinates":{"latitude":"-68.8872","longitude":"164.3816"},"timezone":{"offset":"+4:00","description":"Abu Dhabi, Muscat, Baku, Tbilisi"}},"email":"camille.belanger@example.com","login":{"uuid":"42790251-28c3-44cf-a19c-fd45b2540aa1","username":"smallwolf872","password":"morpheus","salt":"HXptX95e","md5":"adacc296d8a494679b4c04b486173a92","sha1":"fdcdb7fcb85ea9276cde354d47ef3bc153ec6e33","sha256":"4cb0d12cad721d507b724db52df064d2870911a061b8278c1fc713b5a4e9db4b"},"dob":{"date":"1959-12-03T09:52:44.595Z","age":64},"registered":{"date":"2008-12-22T23:41:53.236Z","age":15},"phone":"D32 A66-0498","cell":"P66 J46-6207","id":{"name":"SIN","value":"744043936"},"picture":{"large":"https://randomuser.me/api/portraits/women/68.jpg","medium":"https://randomuser.me/api/portraits/med/women/68.jpg","thumbnail":"https://randomuser.me/api/portraits/thumb/women/68.jpg"},"nat":"CA"}],"info":{"seed":"e45b6c39b3ce0ce8","results":1,"page":1,"version":"1.4"}} 
 </msg>
<msg time="2024-04-30T01:57:00.498655" level="INFO">/opt/hostedtoolcache/Python/3.12.3/x64/lib/python3.12/site-packages/urllib3/connectionpool.py:1103: InsecureRequestWarning: Unverified HTTPS request is being made to host 'randomuser.me'. Adding certificate verification is strongly advised. See: https://urllib3.readthedocs.io/en/latest/advanced-usage.html#tls-warnings
  warnings.warn(</msg>
<msg time="2024-04-30T01:57:00.498799" level="INFO">${response} = &lt;Response [200]&gt;</msg>
<var>${response}</var>
<arg>consultarAPI</arg>
<arg>/api</arg>
<doc>Sends a GET request on a previously created HTTP Session.</doc>
<status status="PASS" start="2024-04-30T01:57:00.416565" elapsed="0.082279"/>
</kw>
<kw name="Set Variable" owner="BuiltIn">
<msg time="2024-04-30T01:57:00.500067" level="INFO">${json_data} = {'results': [{'gender': 'female', 'name': {'title': 'Mrs', 'first': 'Camille', 'last': 'Bélanger'}, 'location': {'street': {'number': 250, 'name': 'Arctic Way'}, 'city': 'Field', 'state': 'British Col...</msg>
<var>${json_data}</var>
<arg>${response.json()}</arg>
<doc>Returns the given values which can then be assigned to a variables.</doc>
<status status="PASS" start="2024-04-30T01:57:00.499357" elapsed="0.000751"/>
</kw>
<kw name="Log" owner="BuiltIn">
<msg time="2024-04-30T01:57:00.500732" level="INFO">{'results': [{'gender': 'female', 'name': {'title': 'Mrs', 'first': 'Camille', 'last': 'Bélanger'}, 'location': {'street': {'number': 250, 'name': 'Arctic Way'}, 'city': 'Field', 'state': 'British Columbia', 'country': 'Canada', 'postcode': 'O3S 6J5', 'coordinates': {'latitude': '-68.8872', 'longitude': '164.3816'}, 'timezone': {'offset': '+4:00', 'description': 'Abu Dhabi, Muscat, Baku, Tbilisi'}}, 'email': 'camille.belanger@example.com', 'login': {'uuid': '42790251-28c3-44cf-a19c-fd45b2540aa1', 'username': 'smallwolf872', 'password': 'morpheus', 'salt': 'HXptX95e', 'md5': 'adacc296d8a494679b4c04b486173a92', 'sha1': 'fdcdb7fcb85ea9276cde354d47ef3bc153ec6e33', 'sha256': '4cb0d12cad721d507b724db52df064d2870911a061b8278c1fc713b5a4e9db4b'}, 'dob': {'date': '1959-12-03T09:52:44.595Z', 'age': 64}, 'registered': {'date': '2008-12-22T23:41:53.236Z', 'age': 15}, 'phone': 'D32 A66-0498', 'cell': 'P66 J46-6207', 'id': {'name': 'SIN', 'value': '744043936'}, 'picture': {'large': 'https://randomuser.me/api/portraits/women/68.jpg', 'medium': 'https://randomuser.me/api/portraits/med/women/68.jpg', 'thumbnail': 'https://randomuser.me/api/portraits/thumb/women/68.jpg'}, 'nat': 'CA'}], 'info': {'seed': 'e45b6c39b3ce0ce8', 'results': 1, 'page': 1, 'version': '1.4'}}</msg>
<arg>${json_data}</arg>
<doc>Logs the given message with the given level.</doc>
<status status="PASS" start="2024-04-30T01:57:00.500519" elapsed="0.000328"/>
</kw>
<kw name="Should Be String" owner="String">
<arg>${json_data['results'][0]['gender']}</arg>
<doc>Fails if the given ``item`` is not a string.</doc>
<status status="PASS" start="2024-04-30T01:57:00.501269" elapsed="0.000589"/>
</kw>
<kw name="Should Match Regexp" owner="BuiltIn">
<arg>${json_data['results'][0]['email']}</arg>
<arg>^[a-zA-Z0-9._%+-]+@[a-zA-Z0-9.-]+\.[a-zA-Z]{2,}$</arg>
<doc>Fails if ``string`` does not match ``pattern`` as a regular expression.</doc>
<status status="PASS" start="2024-04-30T01:57:00.502131" elapsed="0.000755"/>
</kw>
<kw name="Should Match Regexp" owner="BuiltIn">
<arg>${json_data['results'][0]['dob']['date']}</arg>
<arg>\\d{4}-\\d{2}-\\d{2}T\\d{2}:\\d{2}:\\d{2}\\.\\d{3}Z</arg>
<doc>Fails if ``string`` does not match ``pattern`` as a regular expression.</doc>
<status status="PASS" start="2024-04-30T01:57:00.503179" elapsed="0.000720"/>
</kw>
<kw name="Should Match Regexp" owner="BuiltIn">
<arg>${json_data['results'][0]['registered']['date']}</arg>
<arg>\\d{4}-\\d{2}-\\d{2}T\\d{2}:\\d{2}:\\d{2}\\.\\d{3}Z</arg>
<doc>Fails if ``string`` does not match ``pattern`` as a regular expression.</doc>
<status status="PASS" start="2024-04-30T01:57:00.504197" elapsed="0.000587"/>
</kw>
<kw name="Should Match Regexp" owner="BuiltIn">
<arg>${json_data['results'][0]['picture']['large']}</arg>
<arg>^https?://.*\.(?:png|jpe?g|gif|bmp)$</arg>
<doc>Fails if ``string`` does not match ``pattern`` as a regular expression.</doc>
<status status="PASS" start="2024-04-30T01:57:00.505083" elapsed="0.000792"/>
</kw>
<kw name="Should Match Regexp" owner="BuiltIn">
<arg>${json_data['results'][0]['picture']['medium']}</arg>
<arg>^https?://.*\.(?:png|jpe?g|gif|bmp)$</arg>
<doc>Fails if ``string`` does not match ``pattern`` as a regular expression.</doc>
<status status="PASS" start="2024-04-30T01:57:00.506219" elapsed="0.000643"/>
</kw>
<kw name="Should Match Regexp" owner="BuiltIn">
<arg>${json_data['results'][0]['picture']['thumbnail']}</arg>
<arg>^https?://.*\.(?:png|jpe?g|gif|bmp)$</arg>
<doc>Fails if ``string`` does not match ``pattern`` as a regular expression.</doc>
<status status="PASS" start="2024-04-30T01:57:00.507208" elapsed="0.000640"/>
</kw>
<kw name="Log" owner="BuiltIn">
<msg time="2024-04-30T01:57:00.508768" level="INFO">{'large': 'https://randomuser.me/api/portraits/women/68.jpg', 'medium': 'https://randomuser.me/api/portraits/med/women/68.jpg', 'thumbnail': 'https://randomuser.me/api/portraits/thumb/women/68.jpg'}</msg>
<arg>${json_data['results'][0]['picture']}</arg>
<doc>Logs the given message with the given level.</doc>
<status status="PASS" start="2024-04-30T01:57:00.508183" elapsed="0.000652"/>
</kw>
<status status="PASS" start="2024-04-30T01:57:00.416339" elapsed="0.092861"/>
</kw>
<kw name="Teste de Tipos de Dados - Postcode" owner="random-user-service">
<kw name="GET On Session" owner="RequestsLibrary">
<msg time="2024-04-30T01:57:00.588265" level="INFO">GET Request : url=https://randomuser.me/api 
 path_url=/api 
 headers={'User-Agent': 'python-requests/2.31.0', 'Accept-Encoding': 'gzip, deflate', 'Accept': '*/*', 'Connection': 'keep-alive'} 
 body=None 
 </msg>
<msg time="2024-04-30T01:57:00.588349" level="INFO">GET Response : url=https://randomuser.me/api 
 status=200, reason=OK 
 headers={'Date': 'Tue, 30 Apr 2024 01:57:00 GMT', 'Content-Type': 'application/json; charset=utf-8', 'Transfer-Encoding': 'chunked', 'Connection': 'keep-alive', 'X-Powered-By': 'Express', 'Access-Control-Allow-Origin': '*', 'Cache-Control': 'no-cache', 'ETag': 'W/"495-pY5e7jZ5roGAKG/lRnd3H+h3rLE"', 'Vary': 'Accept-Encoding', 'Content-Encoding': 'gzip', 'CF-Cache-Status': 'DYNAMIC', 'Report-To': '{"endpoints":[{"url":"https:\\/\\/a.nel.cloudflare.com\\/report\\/v4?s=m7pA4XQb3yDRdfeJjPIR8%2FR1is2OIjauea16VYBkxH3K61uGX6v00CTNNmktdAipwWYHyCin%2BnQk57NxwpOkMHhaQaC0Uw%2Fls4%2FaaF%2BPpQhZU7TuYS2Hrsq6WrS42%2BuE"}],"group":"cf-nel","max_age":604800}', 'NEL': '{"success_fraction":0,"report_to":"cf-nel","max_age":604800}', 'Server': 'cloudflare', 'CF-RAY': '87c3eb26384728c8-IAD', 'alt-svc': 'h3=":443"; ma=86400'} 
 body={"results":[{"gender":"female","name":{"title":"Madame","first":"Muriel","last":"Le Gall"},"location":{"street":{"number":5077,"name":"Place de L'Abbé-Basset"},"city":"Champtauroz","state":"Genève","country":"Switzerland","postcode":8879,"coordinates":{"latitude":"-61.5808","longitude":"49.9373"},"timezone":{"offset":"-2:00","description":"Mid-Atlantic"}},"email":"muriel.legall@example.com","login":{"uuid":"b7458324-7380-4771-b8ab-45487fe5c5a1","username":"sadfish386","password":"norman","salt":"mGcCEh7F","md5":"f07a469b6ddff4e6fbcd6da7eb8a5c32","sha1":"019a36c9f520df26d506c7cc059d54aaa0c1dd9b","sha256":"5e70f0748be2b1f33f14373828223f468dfc96e6930617813b40c340bf2c2234"},"dob":{"date":"1962-01-14T21:15:52.283Z","age":62},"registered":{"date":"2012-10-19T17:52:51.643Z","age":11},"phone":"076 736 11 41","cell":"075 517 26 27","id":{"name":"AVS","value":"756.7305.0075.08"},"picture":{"large":"https://randomuser.me/api/portraits/women/46.jpg","medium":"https://randomuser.me/api/portraits/med/women/46.jpg","thumbnail":"https://randomuser.me/api/portraits/thumb/women/46.jpg"},"nat":"CH"}],"info":{"seed":"7425959216e5d934","results":1,"page":1,"version":"1.4"}} 
 </msg>
<msg time="2024-04-30T01:57:00.588435" level="INFO">/opt/hostedtoolcache/Python/3.12.3/x64/lib/python3.12/site-packages/urllib3/connectionpool.py:1103: InsecureRequestWarning: Unverified HTTPS request is being made to host 'randomuser.me'. Adding certificate verification is strongly advised. See: https://urllib3.readthedocs.io/en/latest/advanced-usage.html#tls-warnings
  warnings.warn(</msg>
<msg time="2024-04-30T01:57:00.588549" level="INFO">${response} = &lt;Response [200]&gt;</msg>
<var>${response}</var>
<arg>consultarAPI</arg>
<arg>/api</arg>
<doc>Sends a GET request on a previously created HTTP Session.</doc>
<status status="PASS" start="2024-04-30T01:57:00.509870" elapsed="0.078729"/>
</kw>
<kw name="Set Variable" owner="BuiltIn">
<msg time="2024-04-30T01:57:00.589558" level="INFO">${json_data} = {'results': [{'gender': 'female', 'name': {'title': 'Madame', 'first': 'Muriel', 'last': 'Le Gall'}, 'location': {'street': {'number': 5077, 'name': "Place de L'Abbé-Basset"}, 'city': 'Champtauroz', '...</msg>
<var>${json_data}</var>
<arg>${response.json()}</arg>
<doc>Returns the given values which can then be assigned to a variables.</doc>
<status status="PASS" start="2024-04-30T01:57:00.589059" elapsed="0.000529"/>
</kw>
<kw name="Log" owner="BuiltIn">
<msg time="2024-04-30T01:57:00.590118" level="INFO">{'results': [{'gender': 'female', 'name': {'title': 'Madame', 'first': 'Muriel', 'last': 'Le Gall'}, 'location': {'street': {'number': 5077, 'name': "Place de L'Abbé-Basset"}, 'city': 'Champtauroz', 'state': 'Genève', 'country': 'Switzerland', 'postcode': 8879, 'coordinates': {'latitude': '-61.5808', 'longitude': '49.9373'}, 'timezone': {'offset': '-2:00', 'description': 'Mid-Atlantic'}}, 'email': 'muriel.legall@example.com', 'login': {'uuid': 'b7458324-7380-4771-b8ab-45487fe5c5a1', 'username': 'sadfish386', 'password': 'norman', 'salt': 'mGcCEh7F', 'md5': 'f07a469b6ddff4e6fbcd6da7eb8a5c32', 'sha1': '019a36c9f520df26d506c7cc059d54aaa0c1dd9b', 'sha256': '5e70f0748be2b1f33f14373828223f468dfc96e6930617813b40c340bf2c2234'}, 'dob': {'date': '1962-01-14T21:15:52.283Z', 'age': 62}, 'registered': {'date': '2012-10-19T17:52:51.643Z', 'age': 11}, 'phone': '076 736 11 41', 'cell': '075 517 26 27', 'id': {'name': 'AVS', 'value': '756.7305.0075.08'}, 'picture': {'large': 'https://randomuser.me/api/portraits/women/46.jpg', 'medium': 'https://randomuser.me/api/portraits/med/women/46.jpg', 'thumbnail': 'https://randomuser.me/api/portraits/thumb/women/46.jpg'}, 'nat': 'CH'}], 'info': {'seed': '7425959216e5d934', 'results': 1, 'page': 1, 'version': '1.4'}}</msg>
<arg>${json_data}</arg>
<doc>Logs the given message with the given level.</doc>
<status status="PASS" start="2024-04-30T01:57:00.589957" elapsed="0.000241"/>
</kw>
<kw name="Should Be Equal As Numbers" owner="BuiltIn">
<arg>${json_data['results'][0]['location']['postcode']}</arg>
<arg>${json_data['results'][0]['location']['postcode']}</arg>
<doc>Fails if objects are unequal after converting them to real numbers.</doc>
<status status="PASS" start="2024-04-30T01:57:00.590647" elapsed="0.000632"/>
</kw>
<kw name="Log" owner="BuiltIn">
<msg time="2024-04-30T01:57:00.591821" level="INFO">8879</msg>
<arg>${json_data['results'][0]['location']['postcode']}</arg>
<doc>Logs the given message with the given level.</doc>
<status status="PASS" start="2024-04-30T01:57:00.591478" elapsed="0.000384"/>
</kw>
<status status="PASS" start="2024-04-30T01:57:00.509519" elapsed="0.082597"/>
</kw>
<doc>Testa se os tipos de dados na resposta da API estão corretos.</doc>
<tag>testeTiposDados</tag>
<status status="PASS" start="2024-04-30T01:57:00.415809" elapsed="0.176485"/>
</test>
<test id="s1-s1-t5" name="Validar conteudo" line="35">
<kw name="Teste de Tipos de Conteudo" owner="random-user-service">
<kw name="GET On Session" owner="RequestsLibrary">
<msg time="2024-04-30T01:57:00.701403" level="INFO">GET Request : url=https://randomuser.me/api 
 path_url=/api 
 headers={'User-Agent': 'python-requests/2.31.0', 'Accept-Encoding': 'gzip, deflate', 'Accept': '*/*', 'Connection': 'keep-alive'} 
 body=None 
 </msg>
<msg time="2024-04-30T01:57:00.701468" level="INFO">GET Response : url=https://randomuser.me/api 
 status=200, reason=OK 
 headers={'Date': 'Tue, 30 Apr 2024 01:57:00 GMT', 'Content-Type': 'application/json; charset=utf-8', 'Transfer-Encoding': 'chunked', 'Connection': 'keep-alive', 'X-Powered-By': 'Express', 'Access-Control-Allow-Origin': '*', 'Cache-Control': 'no-cache', 'ETag': 'W/"489-dcqfEApnCQZfAUA+k0lD72862sc"', 'Vary': 'Accept-Encoding', 'Content-Encoding': 'gzip', 'CF-Cache-Status': 'DYNAMIC', 'Report-To': '{"endpoints":[{"url":"https:\\/\\/a.nel.cloudflare.com\\/report\\/v4?s=oY9jkfz24p4eVAvX4IdsfECGA7kG4GJb2blW74vIW6k%2Bdc8N0BiiKgSPtEImTB2bbLdFJhFQYyCp9kVfbGUtZBVU4HaXdUhr1vlFpGa7Dw1WjWXzy%2F9FktfFCfK3PVY2"}],"group":"cf-nel","max_age":604800}', 'NEL': '{"success_fraction":0,"report_to":"cf-nel","max_age":604800}', 'Server': 'cloudflare', 'CF-RAY': '87c3eb26b8f028c8-IAD', 'alt-svc': 'h3=":443"; ma=86400'} 
 body={"results":[{"gender":"male","name":{"title":"Mr","first":"Mauri","last":"Nascimento"},"location":{"street":{"number":6967,"name":"Rua João Xxiii"},"city":"Campinas","state":"Espírito Santo","country":"Brazil","postcode":33321,"coordinates":{"latitude":"-73.4477","longitude":"-1.8892"},"timezone":{"offset":"-2:00","description":"Mid-Atlantic"}},"email":"mauri.nascimento@example.com","login":{"uuid":"aa6b6244-cf30-4419-b7e0-6f8a1c1c6995","username":"whitebear449","password":"insane","salt":"W8odphLS","md5":"035e7989dc60cacce09ab74c12b0b83e","sha1":"598db9ebba2da23a8ce84220489b61259280c773","sha256":"96c3fc6af02574211200ff415f41ff5d890364363a24ff2504bbec6234619daa"},"dob":{"date":"1997-11-18T07:17:03.240Z","age":26},"registered":{"date":"2012-08-26T00:34:56.706Z","age":11},"phone":"(18) 1736-6344","cell":"(27) 7008-3572","id":{"name":"CPF","value":"158.728.890-73"},"picture":{"large":"https://randomuser.me/api/portraits/men/67.jpg","medium":"https://randomuser.me/api/portraits/med/men/67.jpg","thumbnail":"https://randomuser.me/api/portraits/thumb/men/67.jpg"},"nat":"BR"}],"info":{"seed":"ea69f720763f1760","results":1,"page":1,"version":"1.4"}} 
 </msg>
<msg time="2024-04-30T01:57:00.701527" level="INFO">/opt/hostedtoolcache/Python/3.12.3/x64/lib/python3.12/site-packages/urllib3/connectionpool.py:1103: InsecureRequestWarning: Unverified HTTPS request is being made to host 'randomuser.me'. Adding certificate verification is strongly advised. See: https://urllib3.readthedocs.io/en/latest/advanced-usage.html#tls-warnings
  warnings.warn(</msg>
<msg time="2024-04-30T01:57:00.701615" level="INFO">${response} = &lt;Response [200]&gt;</msg>
<var>${response}</var>
<arg>consultarAPI</arg>
<arg>/api</arg>
<doc>Sends a GET request on a previously created HTTP Session.</doc>
<status status="PASS" start="2024-04-30T01:57:00.594775" elapsed="0.106921"/>
</kw>
<kw name="Set Variable" owner="BuiltIn">
<msg time="2024-04-30T01:57:00.702716" level="INFO">${json_data} = {'results': [{'gender': 'male', 'name': {'title': 'Mr', 'first': 'Mauri', 'last': 'Nascimento'}, 'location': {'street': {'number': 6967, 'name': 'Rua João Xxiii'}, 'city': 'Campinas', 'state': 'Espíri...</msg>
<var>${json_data}</var>
<arg>${response.json()}</arg>
<doc>Returns the given values which can then be assigned to a variables.</doc>
<status status="PASS" start="2024-04-30T01:57:00.702160" elapsed="0.000585"/>
</kw>
<kw name="Set Variable" owner="BuiltIn">
<msg time="2024-04-30T01:57:00.703446" level="INFO">${name_title} = Mr</msg>
<var>${name_title}</var>
<arg>${json_data["results"][0]["name"]["title"]}</arg>
<doc>Returns the given values which can then be assigned to a variables.</doc>
<status status="PASS" start="2024-04-30T01:57:00.703051" elapsed="0.000421"/>
</kw>
<kw name="Create List" owner="BuiltIn">
<msg time="2024-04-30T01:57:00.703928" level="INFO">${allowed_titles} = ['Mr', 'Ms', 'Miss', 'Mrs', 'Madame', 'Monsieur']</msg>
<var>${allowed_titles}</var>
<arg>Mr</arg>
<arg>Ms</arg>
<arg>Miss</arg>
<arg>Mrs</arg>
<arg>Madame</arg>
<arg>Monsieur</arg>
<doc>Returns a list containing given items.</doc>
<status status="PASS" start="2024-04-30T01:57:00.703772" elapsed="0.000181"/>
</kw>
<kw name="List Should Contain Value" owner="Collections">
<msg time="2024-04-30T01:57:00.704424" level="INFO">False</msg>
<arg>${allowed_titles}</arg>
<arg>${name_title}</arg>
<doc>Fails if the ``value`` is not found from ``list``.</doc>
<status status="PASS" start="2024-04-30T01:57:00.704253" elapsed="0.000207"/>
</kw>
<kw name="Set Variable" owner="BuiltIn">
<msg time="2024-04-30T01:57:00.705130" level="INFO">${name_country} = BR</msg>
<var>${name_country}</var>
<arg>${json_data["results"][0]["nat"]}</arg>
<doc>Returns the given values which can then be assigned to a variables.</doc>
<status status="PASS" start="2024-04-30T01:57:00.704747" elapsed="0.000409"/>
</kw>
<kw name="Create List" owner="BuiltIn">
<msg time="2024-04-30T01:57:00.706075" level="INFO">${list_country} = ['AD', 'AE', 'AF', 'AG', 'AI', 'AL', 'AM', 'AO', 'AQ', 'AR', 'AS', 'AT', 'AU', 'AW', 'AX', 'AZ', 'BA', 'BB', 'BD', 'BE', 'BF', 'BG', 'BH', 'BI', 'BJ', 'BL', 'BM', 'BN', 'BO', 'BQ', 'BR', 'BS', 'BT', '...</msg>
<var>${list_country}</var>
<arg>AD</arg>
<arg>AE</arg>
<arg>AF</arg>
<arg>AG</arg>
<arg>AI</arg>
<arg>AL</arg>
<arg>AM</arg>
<arg>AO</arg>
<arg>AQ</arg>
<arg>AR</arg>
<arg>AS</arg>
<arg>AT</arg>
<arg>AU</arg>
<arg>AW</arg>
<arg>AX</arg>
<arg>AZ</arg>
<arg>BA</arg>
<arg>BB</arg>
<arg>BD</arg>
<arg>BE</arg>
<arg>BF</arg>
<arg>BG</arg>
<arg>BH</arg>
<arg>BI</arg>
<arg>BJ</arg>
<arg>BL</arg>
<arg>BM</arg>
<arg>BN</arg>
<arg>BO</arg>
<arg>BQ</arg>
<arg>BR</arg>
<arg>BS</arg>
<arg>BT</arg>
<arg>BV</arg>
<arg>BW</arg>
<arg>BY</arg>
<arg>BZ</arg>
<arg>CA</arg>
<arg>CC</arg>
<arg>CD</arg>
<arg>CF</arg>
<arg>CG</arg>
<arg>CH</arg>
<arg>CI</arg>
<arg>CK</arg>
<arg>CL</arg>
<arg>CM</arg>
<arg>CN</arg>
<arg>CO</arg>
<arg>CR</arg>
<arg>CU</arg>
<arg>CV</arg>
<arg>CW</arg>
<arg>CX</arg>
<arg>CY</arg>
<arg>CZ</arg>
<arg>DE</arg>
<arg>DJ</arg>
<arg>DK</arg>
<arg>DM</arg>
<arg>DO</arg>
<arg>DZ</arg>
<arg>EC</arg>
<arg>EE</arg>
<arg>EG</arg>
<arg>EH</arg>
<arg>ER</arg>
<arg>ES</arg>
<arg>ET</arg>
<arg>FI</arg>
<arg>FJ</arg>
<arg>FK</arg>
<arg>FM</arg>
<arg>FO</arg>
<arg>FR</arg>
<arg>GA</arg>
<arg>GB</arg>
<arg>GD</arg>
<arg>GE</arg>
<arg>GF</arg>
<arg>GG</arg>
<arg>GH</arg>
<arg>GI</arg>
<arg>GL</arg>
<arg>GM</arg>
<arg>GN</arg>
<arg>GP</arg>
<arg>GQ</arg>
<arg>GR</arg>
<arg>GS</arg>
<arg>GT</arg>
<arg>GU</arg>
<arg>GW</arg>
<arg>GY</arg>
<arg>HK</arg>
<arg>HM</arg>
<arg>HN</arg>
<arg>HR</arg>
<arg>HT</arg>
<arg>HU</arg>
<arg>ID</arg>
<arg>IE</arg>
<arg>IL</arg>
<arg>IM</arg>
<arg>IN</arg>
<arg>IO</arg>
<arg>IQ</arg>
<arg>IR</arg>
<arg>IS</arg>
<arg>IT</arg>
<arg>JE</arg>
<arg>JM</arg>
<arg>JO</arg>
<arg>JP</arg>
<arg>KE</arg>
<arg>KG</arg>
<arg>KH</arg>
<arg>KI</arg>
<arg>KM</arg>
<arg>KN</arg>
<arg>KP</arg>
<arg>KR</arg>
<arg>KW</arg>
<arg>KY</arg>
<arg>KZ</arg>
<arg>LA</arg>
<arg>LB</arg>
<arg>LC</arg>
<arg>LI</arg>
<arg>LK</arg>
<arg>LR</arg>
<arg>LS</arg>
<arg>LT</arg>
<arg>LU</arg>
<arg>LV</arg>
<arg>LY</arg>
<arg>MA</arg>
<arg>MC</arg>
<arg>MD</arg>
<arg>ME</arg>
<arg>MF</arg>
<arg>MG</arg>
<arg>MH</arg>
<arg>MK</arg>
<arg>ML</arg>
<arg>MM</arg>
<arg>MN</arg>
<arg>MO</arg>
<arg>MP</arg>
<arg>MQ</arg>
<arg>MR</arg>
<arg>MS</arg>
<arg>MT</arg>
<arg>MU</arg>
<arg>MV</arg>
<arg>MW</arg>
<arg>MX</arg>
<arg>MY</arg>
<arg>MZ</arg>
<arg>NA</arg>
<arg>NC</arg>
<arg>NE</arg>
<arg>NF</arg>
<arg>NG</arg>
<arg>NI</arg>
<arg>NL</arg>
<arg>NO</arg>
<arg>NP</arg>
<arg>NR</arg>
<arg>NU</arg>
<arg>NZ</arg>
<arg>OM</arg>
<arg>PA</arg>
<arg>PE</arg>
<arg>PF</arg>
<arg>PG</arg>
<arg>PH</arg>
<arg>PK</arg>
<arg>PL</arg>
<arg>PM</arg>
<arg>PN</arg>
<arg>PR</arg>
<arg>PS</arg>
<arg>PT</arg>
<arg>PW</arg>
<arg>PY</arg>
<arg>QA</arg>
<arg>RE</arg>
<arg>RO</arg>
<arg>RS</arg>
<arg>RU</arg>
<arg>RW</arg>
<arg>SA</arg>
<arg>SB</arg>
<arg>SC</arg>
<arg>SD</arg>
<arg>SE</arg>
<arg>SG</arg>
<arg>SH</arg>
<arg>SI</arg>
<arg>SJ</arg>
<arg>SK</arg>
<arg>SL</arg>
<arg>SM</arg>
<arg>SN</arg>
<arg>SO</arg>
<arg>SR</arg>
<arg>SS</arg>
<arg>ST</arg>
<arg>SV</arg>
<arg>SX</arg>
<arg>SY</arg>
<arg>SZ</arg>
<arg>TC</arg>
<arg>TD</arg>
<arg>TF</arg>
<arg>TG</arg>
<arg>TH</arg>
<arg>TJ</arg>
<arg>TK</arg>
<arg>TL</arg>
<arg>TM</arg>
<arg>TN</arg>
<arg>TO</arg>
<arg>TR</arg>
<arg>TT</arg>
<arg>TV</arg>
<arg>TW</arg>
<arg>TZ</arg>
<arg>UA</arg>
<arg>UG</arg>
<arg>UM</arg>
<arg>US</arg>
<arg>UY</arg>
<arg>UZ</arg>
<arg>VA</arg>
<arg>VC</arg>
<arg>VE</arg>
<arg>VG</arg>
<arg>VI</arg>
<arg>VN</arg>
<arg>VU</arg>
<arg>WF</arg>
<arg>WS</arg>
<arg>XK</arg>
<arg>YE</arg>
<arg>YT</arg>
<arg>ZA</arg>
<arg>ZM</arg>
<arg>ZW</arg>
<doc>Returns a list containing given items.</doc>
<status status="PASS" start="2024-04-30T01:57:00.705455" elapsed="0.000647"/>
</kw>
<kw name="List Should Contain Value" owner="Collections">
<msg time="2024-04-30T01:57:00.707097" level="INFO">False</msg>
<arg>${list_country}</arg>
<arg>${name_country}</arg>
<doc>Fails if the ``value`` is not found from ``list``.</doc>
<status status="PASS" start="2024-04-30T01:57:00.706897" elapsed="0.000238"/>
</kw>
<kw name="Run Keyword If" owner="BuiltIn">
<kw name="Should Be True" owner="BuiltIn">
<arg>${True}</arg>
<doc>Fails if the given condition is not true.</doc>
<status status="PASS" start="2024-04-30T01:57:00.708203" elapsed="0.000247"/>
</kw>
<arg>${json_data["results"][0]["location"]["coordinates"]["latitude"]} &gt;= -90 and ${json_data["results"][0]["location"]["coordinates"]["latitude"]} &lt;= 90</arg>
<arg>Should Be True</arg>
<arg>${True}</arg>
<doc>Runs the given keyword with the given arguments, if ``condition`` is true.</doc>
<status status="PASS" start="2024-04-30T01:57:00.707448" elapsed="0.001135"/>
</kw>
<kw name="Run Keyword If" owner="BuiltIn">
<kw name="Should Be True" owner="BuiltIn">
<arg>${True}</arg>
<doc>Fails if the given condition is not true.</doc>
<status status="PASS" start="2024-04-30T01:57:00.709478" elapsed="0.000140"/>
</kw>
<arg>${json_data["results"][0]["location"]["coordinates"]["longitude"]} &gt;= -180 and ${json_data["results"][0]["location"]["coordinates"]["longitude"]} &lt;= 180</arg>
<arg>Should Be True</arg>
<arg>${True}</arg>
<doc>Runs the given keyword with the given arguments, if ``condition`` is true.</doc>
<status status="PASS" start="2024-04-30T01:57:00.708771" elapsed="0.001020"/>
</kw>
<status status="PASS" start="2024-04-30T01:57:00.594548" elapsed="0.115378"/>
</kw>
<doc>Testa o conteúdo específico dos campos retornados pela API.</doc>
<tag>testeConteudo</tag>
<status status="PASS" start="2024-04-30T01:57:00.594105" elapsed="0.115975"/>
</test>
<status status="PASS" start="2024-04-30T01:56:59.887394" elapsed="0.824613"/>
</suite>
<status status="PASS" start="2024-04-30T01:56:59.873933" elapsed="0.843197"/>
</suite>
<statistics>
<total>
<stat pass="5" fail="0" skip="0">All Tests</stat>
</total>
<tag>
<stat pass="1" fail="0" skip="0">testeConteudo</stat>
<stat pass="1" fail="0" skip="0">testeEstruturaResposta</stat>
<stat pass="1" fail="0" skip="0">testeRequisicaoBasica</stat>
<stat pass="1" fail="0" skip="0">testeTiposDados</stat>
</tag>
<suite>
<stat pass="5" fail="0" skip="0" id="s1" name="Tests">Tests</stat>
<stat pass="5" fail="0" skip="0" id="s1-s1" name="Random-User-Test">Tests.Random-User-Test</stat>
</suite>
</statistics>
<errors>
</errors>
</robot>
