<?xml version="1.0" encoding="UTF-8"?>
<robot generator="Robot 7.0 (Python 3.12.3 on linux)" generated="2024-05-28T20:15:35.362925" rpa="false" schemaversion="5">
<suite id="s1" name="Tests" source="/home/runner/work/ApiRandomUser/ApiRandomUser/RamdonUser/tests">
<suite id="s1-s1" name="Random-User-Test" source="/home/runner/work/ApiRandomUser/ApiRandomUser/RamdonUser/tests/random-user-test.robot">
<test id="s1-s1-t1" name="Conectar" line="13">
<kw name="Conectar API" owner="random-user-service">
<kw name="Create Session" owner="RequestsLibrary">
<msg time="2024-05-28T20:15:35.741187" level="INFO">Creating Session using : alias=consultarAPI, url=https://randomuser.me/, headers={},                     cookies={}, auth=None, timeout=None, proxies=None, verify=False,                     debug=0 </msg>
<arg>consultarAPI</arg>
<arg>${URL}</arg>
<doc>Create Session: create a HTTP session to a server</doc>
<status status="PASS" start="2024-05-28T20:15:35.740984" elapsed="0.000374"/>
</kw>
<status status="PASS" start="2024-05-28T20:15:35.739962" elapsed="0.001794"/>
</kw>
<status status="PASS" start="2024-05-28T20:15:35.739440" elapsed="0.002513"/>
</test>
<test id="s1-s1-t2" name="Validar retorno 200 e JSON Válido" line="16">
<kw name="Teste de Requisicao Basica" owner="random-user-service">
<kw name="GET On Session" owner="RequestsLibrary">
<msg time="2024-05-28T20:15:35.865673" level="INFO">GET Request : url=https://randomuser.me/api 
 path_url=/api 
 headers={'User-Agent': 'python-requests/2.32.2', 'Accept-Encoding': 'gzip, deflate', 'Accept': '*/*', 'Connection': 'keep-alive'} 
 body=None 
 </msg>
<msg time="2024-05-28T20:15:35.865831" level="INFO">GET Response : url=https://randomuser.me/api 
 status=200, reason=OK 
 headers={'Date': 'Tue, 28 May 2024 20:15:35 GMT', 'Content-Type': 'application/json; charset=utf-8', 'Transfer-Encoding': 'chunked', 'Connection': 'keep-alive', 'X-Powered-By': 'Express', 'Access-Control-Allow-Origin': '*', 'Cache-Control': 'no-cache', 'ETag': 'W/"46a-ngK3Y9tEzqc7FRSe2CVYdl7ZqnY"', 'Vary': 'Accept-Encoding', 'Content-Encoding': 'gzip', 'CF-Cache-Status': 'DYNAMIC', 'Report-To': '{"endpoints":[{"url":"https:\\/\\/a.nel.cloudflare.com\\/report\\/v4?s=h58zFUeN3AtywrZgh%2FF3CfNpJUFbenTspnDTWmTtqErh9ol%2B%2Buq8x55NxuAjiXSPi71Xx98agbXg877fhiDAeqUw1zDnE1W8B54W5ahPN45vTuLBTd7sYSMNoMW4P4fB"}],"group":"cf-nel","max_age":604800}', 'NEL': '{"success_fraction":0,"report_to":"cf-nel","max_age":604800}', 'Server': 'cloudflare', 'CF-RAY': '88b0eae899762289-SJC', 'alt-svc': 'h3=":443"; ma=86400'} 
 body={"results":[{"gender":"male","name":{"title":"Mr","first":"Hugo","last":"Wang"},"location":{"street":{"number":4092,"name":"Stuart Street"},"city":"Nelson","state":"Marlborough","country":"New Zealand","postcode":17150,"coordinates":{"latitude":"54.1952","longitude":"-26.3723"},"timezone":{"offset":"-10:00","description":"Hawaii"}},"email":"hugo.wang@example.com","login":{"uuid":"7d16d861-d8d1-4bdb-8b93-2cc2d1ba4607","username":"purpleelephant224","password":"princess","salt":"1G2fT1Ss","md5":"1475442cea6c1ac837615d2d6cf4772e","sha1":"95fcdb35670dddd31673a760de5d6bca5e710ec1","sha256":"9865c43877cd97233a41bc7d59521fefd1a114934ba0897b4632b30faa9a404a"},"dob":{"date":"1989-09-24T02:47:03.565Z","age":34},"registered":{"date":"2018-06-25T15:29:06.935Z","age":5},"phone":"(817)-624-0488","cell":"(582)-778-3518","id":{"name":"","value":null},"picture":{"large":"https://randomuser.me/api/portraits/men/14.jpg","medium":"https://randomuser.me/api/portraits/med/men/14.jpg","thumbnail":"https://randomuser.me/api/portraits/thumb/men/14.jpg"},"nat":"NZ"}],"info":{"seed":"88477e81501ab43e","results":1,"page":1,"version":"1.4"}} 
 </msg>
<msg time="2024-05-28T20:15:35.865922" level="INFO">/opt/hostedtoolcache/Python/3.12.3/x64/lib/python3.12/site-packages/urllib3/connectionpool.py:1103: InsecureRequestWarning: Unverified HTTPS request is being made to host 'randomuser.me'. Adding certificate verification is strongly advised. See: https://urllib3.readthedocs.io/en/latest/advanced-usage.html#tls-warnings
  warnings.warn(</msg>
<msg time="2024-05-28T20:15:35.866086" level="INFO">${response} = &lt;Response [200]&gt;</msg>
<var>${response}</var>
<arg>consultarAPI</arg>
<arg>/api</arg>
<doc>Sends a GET request on a previously created HTTP Session.</doc>
<status status="PASS" start="2024-05-28T20:15:35.744521" elapsed="0.121617"/>
</kw>
<kw name="Should Be Equal As Numbers" owner="BuiltIn">
<msg time="2024-05-28T20:15:35.867155" level="INFO">Argument types are:
&lt;class 'int'&gt;
&lt;class 'str'&gt;</msg>
<arg>${response.status_code}</arg>
<arg>200</arg>
<doc>Fails if objects are unequal after converting them to real numbers.</doc>
<status status="PASS" start="2024-05-28T20:15:35.866667" elapsed="0.000554"/>
</kw>
<kw name="Log" owner="BuiltIn">
<msg time="2024-05-28T20:15:35.867908" level="INFO">200</msg>
<arg>${response.status_code}</arg>
<doc>Logs the given message with the given level.</doc>
<status status="PASS" start="2024-05-28T20:15:35.867562" elapsed="0.000395"/>
</kw>
<kw name="Set Variable" owner="BuiltIn">
<msg time="2024-05-28T20:15:35.868698" level="INFO">${json_data} = {'results': [{'gender': 'male', 'name': {'title': 'Mr', 'first': 'Hugo', 'last': 'Wang'}, 'location': {'street': {'number': 4092, 'name': 'Stuart Street'}, 'city': 'Nelson', 'state': 'Marlborough', 'c...</msg>
<var>${json_data}</var>
<arg>${response.json()}</arg>
<doc>Returns the given values which can then be assigned to a variables.</doc>
<status status="PASS" start="2024-05-28T20:15:35.868266" elapsed="0.000461"/>
</kw>
<kw name="Dictionary Should Contain Key" owner="Collections">
<msg time="2024-05-28T20:15:35.869196" level="INFO">False</msg>
<arg>${json_data}</arg>
<arg>results</arg>
<doc>Fails if ``key`` is not found from ``dictionary``.</doc>
<status status="PASS" start="2024-05-28T20:15:35.869030" elapsed="0.000344"/>
</kw>
<status status="PASS" start="2024-05-28T20:15:35.744273" elapsed="0.125408"/>
</kw>
<doc>Testa se a API responde corretamente e retorna um objeto JSON válido.</doc>
<tag>testeRequisicaoBasica</tag>
<status status="PASS" start="2024-05-28T20:15:35.743822" elapsed="0.126036"/>
</test>
<test id="s1-s1-t3" name="Validar estrutura de resposta" line="22">
<kw name="Teste de Estrutura de Resposta" owner="random-user-service">
<kw name="GET On Session" owner="RequestsLibrary">
<msg time="2024-05-28T20:15:35.967377" level="INFO">GET Request : url=https://randomuser.me/api 
 path_url=/api 
 headers={'User-Agent': 'python-requests/2.32.2', 'Accept-Encoding': 'gzip, deflate', 'Accept': '*/*', 'Connection': 'keep-alive'} 
 body=None 
 </msg>
<msg time="2024-05-28T20:15:35.967447" level="INFO">GET Response : url=https://randomuser.me/api 
 status=200, reason=OK 
 headers={'Date': 'Tue, 28 May 2024 20:15:35 GMT', 'Content-Type': 'application/json; charset=utf-8', 'Transfer-Encoding': 'chunked', 'Connection': 'keep-alive', 'X-Powered-By': 'Express', 'Access-Control-Allow-Origin': '*', 'Cache-Control': 'no-cache', 'ETag': 'W/"47d-RBKTyCMstQbEVulZAky0zWdUYVE"', 'Vary': 'Accept-Encoding', 'Content-Encoding': 'gzip', 'CF-Cache-Status': 'DYNAMIC', 'Report-To': '{"endpoints":[{"url":"https:\\/\\/a.nel.cloudflare.com\\/report\\/v4?s=cTS8tQm6ju%2FR%2F1%2FpSU32I8KXtGv0qStaE8f%2F6kcFOwQ73ytdMf92NWaa9OVsMO8cWr1u4jpEx9OnaUhMDDzVkggpDmwhOgZ5tRH02d%2FokXFkSgCjGGbjj0G7m9cVKQyq"}],"group":"cf-nel","max_age":604800}', 'NEL': '{"success_fraction":0,"report_to":"cf-nel","max_age":604800}', 'Server': 'cloudflare', 'CF-RAY': '88b0eae93a082289-SJC', 'alt-svc': 'h3=":443"; ma=86400'} 
 body={"results":[{"gender":"male","name":{"title":"Mr","first":"Voyislav","last":"Sokira"},"location":{"street":{"number":4609,"name":"Aleya Slavi"},"city":"Vatutine","state":"Sumska","country":"Ukraine","postcode":67339,"coordinates":{"latitude":"81.3665","longitude":"-22.1887"},"timezone":{"offset":"-3:00","description":"Brazil, Buenos Aires, Georgetown"}},"email":"voyislav.sokira@example.com","login":{"uuid":"3c5702ba-ded6-498c-b8a3-4cb401037458","username":"redduck347","password":"lilith","salt":"25ZAMHV9","md5":"cc43f00439a9308fa1751e3d2d09ab0e","sha1":"33d1362bfc59157a1ffff4a67617c04516dbe06a","sha256":"e06498c3a42a71eacc07fac198ff3a5f697435eca4537e465cfe350bdc357c39"},"dob":{"date":"1989-04-02T14:01:53.758Z","age":35},"registered":{"date":"2016-03-04T17:12:05.226Z","age":8},"phone":"(066) C02-4235","cell":"(068) M02-1925","id":{"name":"","value":null},"picture":{"large":"https://randomuser.me/api/portraits/men/29.jpg","medium":"https://randomuser.me/api/portraits/med/men/29.jpg","thumbnail":"https://randomuser.me/api/portraits/thumb/men/29.jpg"},"nat":"UA"}],"info":{"seed":"d4f5028c0157c7e3","results":1,"page":1,"version":"1.4"}} 
 </msg>
<msg time="2024-05-28T20:15:35.967543" level="INFO">/opt/hostedtoolcache/Python/3.12.3/x64/lib/python3.12/site-packages/urllib3/connectionpool.py:1103: InsecureRequestWarning: Unverified HTTPS request is being made to host 'randomuser.me'. Adding certificate verification is strongly advised. See: https://urllib3.readthedocs.io/en/latest/advanced-usage.html#tls-warnings
  warnings.warn(</msg>
<msg time="2024-05-28T20:15:35.967635" level="INFO">${response} = &lt;Response [200]&gt;</msg>
<var>${response}</var>
<arg>consultarAPI</arg>
<arg>/api</arg>
<doc>Sends a GET request on a previously created HTTP Session.</doc>
<status status="PASS" start="2024-05-28T20:15:35.872383" elapsed="0.095284"/>
</kw>
<kw name="Set Variable" owner="BuiltIn">
<msg time="2024-05-28T20:15:35.968541" level="INFO">${json_data} = {'results': [{'gender': 'male', 'name': {'title': 'Mr', 'first': 'Voyislav', 'last': 'Sokira'}, 'location': {'street': {'number': 4609, 'name': 'Aleya Slavi'}, 'city': 'Vatutine', 'state': 'Sumska', '...</msg>
<var>${json_data}</var>
<arg>${response.json()}</arg>
<doc>Returns the given values which can then be assigned to a variables.</doc>
<status status="PASS" start="2024-05-28T20:15:35.968074" elapsed="0.000501"/>
</kw>
<kw name="Log" owner="BuiltIn">
<msg time="2024-05-28T20:15:35.969062" level="INFO">{'results': [{'gender': 'male', 'name': {'title': 'Mr', 'first': 'Voyislav', 'last': 'Sokira'}, 'location': {'street': {'number': 4609, 'name': 'Aleya Slavi'}, 'city': 'Vatutine', 'state': 'Sumska', 'country': 'Ukraine', 'postcode': 67339, 'coordinates': {'latitude': '81.3665', 'longitude': '-22.1887'}, 'timezone': {'offset': '-3:00', 'description': 'Brazil, Buenos Aires, Georgetown'}}, 'email': 'voyislav.sokira@example.com', 'login': {'uuid': '3c5702ba-ded6-498c-b8a3-4cb401037458', 'username': 'redduck347', 'password': 'lilith', 'salt': '25ZAMHV9', 'md5': 'cc43f00439a9308fa1751e3d2d09ab0e', 'sha1': '33d1362bfc59157a1ffff4a67617c04516dbe06a', 'sha256': 'e06498c3a42a71eacc07fac198ff3a5f697435eca4537e465cfe350bdc357c39'}, 'dob': {'date': '1989-04-02T14:01:53.758Z', 'age': 35}, 'registered': {'date': '2016-03-04T17:12:05.226Z', 'age': 8}, 'phone': '(066) C02-4235', 'cell': '(068) M02-1925', 'id': {'name': '', 'value': None}, 'picture': {'large': 'https://randomuser.me/api/portraits/men/29.jpg', 'medium': 'https://randomuser.me/api/portraits/med/men/29.jpg', 'thumbnail': 'https://randomuser.me/api/portraits/thumb/men/29.jpg'}, 'nat': 'UA'}], 'info': {'seed': 'd4f5028c0157c7e3', 'results': 1, 'page': 1, 'version': '1.4'}}</msg>
<arg>${json_data}</arg>
<doc>Logs the given message with the given level.</doc>
<status status="PASS" start="2024-05-28T20:15:35.968902" elapsed="0.000209"/>
</kw>
<kw name="Dictionary Should Contain Key" owner="Collections">
<msg time="2024-05-28T20:15:35.969613" level="INFO">False</msg>
<arg>${json_data}</arg>
<arg>results</arg>
<doc>Fails if ``key`` is not found from ``dictionary``.</doc>
<status status="PASS" start="2024-05-28T20:15:35.969407" elapsed="0.000244"/>
</kw>
<kw name="Should Not Be Empty" owner="BuiltIn">
<msg time="2024-05-28T20:15:35.970085" level="INFO">Length is 2.</msg>
<arg>${json_data}</arg>
<doc>Verifies that the given item is not empty.</doc>
<status status="PASS" start="2024-05-28T20:15:35.969951" elapsed="0.000172"/>
</kw>
<kw name="Create List" owner="BuiltIn">
<msg time="2024-05-28T20:15:35.970569" level="INFO">${expected_keys} = ['gender', 'name', 'location', 'email', 'login']</msg>
<var>${expected_keys}</var>
<arg>gender</arg>
<arg>name</arg>
<arg>location</arg>
<arg>email</arg>
<arg>login</arg>
<doc>Returns a list containing given items.</doc>
<status status="PASS" start="2024-05-28T20:15:35.970421" elapsed="0.000172"/>
</kw>
<for flavor="IN">
<iter>
<kw name="Dictionary Should Contain Key" owner="Collections">
<msg time="2024-05-28T20:15:35.971576" level="INFO">False</msg>
<arg>${json_data['results'][0]}</arg>
<arg>${key}</arg>
<doc>Fails if ``key`` is not found from ``dictionary``.</doc>
<status status="PASS" start="2024-05-28T20:15:35.971170" elapsed="0.000446"/>
</kw>
<kw name="Log" owner="BuiltIn">
<msg time="2024-05-28T20:15:35.972285" level="INFO">{'gender': 'male', 'name': {'title': 'Mr', 'first': 'Voyislav', 'last': 'Sokira'}, 'location': {'street': {'number': 4609, 'name': 'Aleya Slavi'}, 'city': 'Vatutine', 'state': 'Sumska', 'country': 'Ukraine', 'postcode': 67339, 'coordinates': {'latitude': '81.3665', 'longitude': '-22.1887'}, 'timezone': {'offset': '-3:00', 'description': 'Brazil, Buenos Aires, Georgetown'}}, 'email': 'voyislav.sokira@example.com', 'login': {'uuid': '3c5702ba-ded6-498c-b8a3-4cb401037458', 'username': 'redduck347', 'password': 'lilith', 'salt': '25ZAMHV9', 'md5': 'cc43f00439a9308fa1751e3d2d09ab0e', 'sha1': '33d1362bfc59157a1ffff4a67617c04516dbe06a', 'sha256': 'e06498c3a42a71eacc07fac198ff3a5f697435eca4537e465cfe350bdc357c39'}, 'dob': {'date': '1989-04-02T14:01:53.758Z', 'age': 35}, 'registered': {'date': '2016-03-04T17:12:05.226Z', 'age': 8}, 'phone': '(066) C02-4235', 'cell': '(068) M02-1925', 'id': {'name': '', 'value': None}, 'picture': {'large': 'https://randomuser.me/api/portraits/men/29.jpg', 'medium': 'https://randomuser.me/api/portraits/med/men/29.jpg', 'thumbnail': 'https://randomuser.me/api/portraits/thumb/men/29.jpg'}, 'nat': 'UA'}</msg>
<arg>${json_data['results'][0]}</arg>
<doc>Logs the given message with the given level.</doc>
<status status="PASS" start="2024-05-28T20:15:35.971923" elapsed="0.000413"/>
</kw>
<kw name="Log" owner="BuiltIn">
<msg time="2024-05-28T20:15:35.972774" level="INFO">gender</msg>
<arg>${key}</arg>
<doc>Logs the given message with the given level.</doc>
<status status="PASS" start="2024-05-28T20:15:35.972643" elapsed="0.000169"/>
</kw>
<var name="${key}">gender</var>
<status status="PASS" start="2024-05-28T20:15:35.971045" elapsed="0.001986"/>
</iter>
<iter>
<kw name="Dictionary Should Contain Key" owner="Collections">
<msg time="2024-05-28T20:15:35.973831" level="INFO">False</msg>
<arg>${json_data['results'][0]}</arg>
<arg>${key}</arg>
<doc>Fails if ``key`` is not found from ``dictionary``.</doc>
<status status="PASS" start="2024-05-28T20:15:35.973337" elapsed="0.000533"/>
</kw>
<kw name="Log" owner="BuiltIn">
<msg time="2024-05-28T20:15:35.974591" level="INFO">{'gender': 'male', 'name': {'title': 'Mr', 'first': 'Voyislav', 'last': 'Sokira'}, 'location': {'street': {'number': 4609, 'name': 'Aleya Slavi'}, 'city': 'Vatutine', 'state': 'Sumska', 'country': 'Ukraine', 'postcode': 67339, 'coordinates': {'latitude': '81.3665', 'longitude': '-22.1887'}, 'timezone': {'offset': '-3:00', 'description': 'Brazil, Buenos Aires, Georgetown'}}, 'email': 'voyislav.sokira@example.com', 'login': {'uuid': '3c5702ba-ded6-498c-b8a3-4cb401037458', 'username': 'redduck347', 'password': 'lilith', 'salt': '25ZAMHV9', 'md5': 'cc43f00439a9308fa1751e3d2d09ab0e', 'sha1': '33d1362bfc59157a1ffff4a67617c04516dbe06a', 'sha256': 'e06498c3a42a71eacc07fac198ff3a5f697435eca4537e465cfe350bdc357c39'}, 'dob': {'date': '1989-04-02T14:01:53.758Z', 'age': 35}, 'registered': {'date': '2016-03-04T17:12:05.226Z', 'age': 8}, 'phone': '(066) C02-4235', 'cell': '(068) M02-1925', 'id': {'name': '', 'value': None}, 'picture': {'large': 'https://randomuser.me/api/portraits/men/29.jpg', 'medium': 'https://randomuser.me/api/portraits/med/men/29.jpg', 'thumbnail': 'https://randomuser.me/api/portraits/thumb/men/29.jpg'}, 'nat': 'UA'}</msg>
<arg>${json_data['results'][0]}</arg>
<doc>Logs the given message with the given level.</doc>
<status status="PASS" start="2024-05-28T20:15:35.974225" elapsed="0.000416"/>
</kw>
<kw name="Log" owner="BuiltIn">
<msg time="2024-05-28T20:15:35.975076" level="INFO">name</msg>
<arg>${key}</arg>
<doc>Logs the given message with the given level.</doc>
<status status="PASS" start="2024-05-28T20:15:35.974942" elapsed="0.000173"/>
</kw>
<var name="${key}">name</var>
<status status="PASS" start="2024-05-28T20:15:35.973221" elapsed="0.002115"/>
</iter>
<iter>
<kw name="Dictionary Should Contain Key" owner="Collections">
<msg time="2024-05-28T20:15:35.976009" level="INFO">False</msg>
<arg>${json_data['results'][0]}</arg>
<arg>${key}</arg>
<doc>Fails if ``key`` is not found from ``dictionary``.</doc>
<status status="PASS" start="2024-05-28T20:15:35.975628" elapsed="0.000419"/>
</kw>
<kw name="Log" owner="BuiltIn">
<msg time="2024-05-28T20:15:35.976718" level="INFO">{'gender': 'male', 'name': {'title': 'Mr', 'first': 'Voyislav', 'last': 'Sokira'}, 'location': {'street': {'number': 4609, 'name': 'Aleya Slavi'}, 'city': 'Vatutine', 'state': 'Sumska', 'country': 'Ukraine', 'postcode': 67339, 'coordinates': {'latitude': '81.3665', 'longitude': '-22.1887'}, 'timezone': {'offset': '-3:00', 'description': 'Brazil, Buenos Aires, Georgetown'}}, 'email': 'voyislav.sokira@example.com', 'login': {'uuid': '3c5702ba-ded6-498c-b8a3-4cb401037458', 'username': 'redduck347', 'password': 'lilith', 'salt': '25ZAMHV9', 'md5': 'cc43f00439a9308fa1751e3d2d09ab0e', 'sha1': '33d1362bfc59157a1ffff4a67617c04516dbe06a', 'sha256': 'e06498c3a42a71eacc07fac198ff3a5f697435eca4537e465cfe350bdc357c39'}, 'dob': {'date': '1989-04-02T14:01:53.758Z', 'age': 35}, 'registered': {'date': '2016-03-04T17:12:05.226Z', 'age': 8}, 'phone': '(066) C02-4235', 'cell': '(068) M02-1925', 'id': {'name': '', 'value': None}, 'picture': {'large': 'https://randomuser.me/api/portraits/men/29.jpg', 'medium': 'https://randomuser.me/api/portraits/med/men/29.jpg', 'thumbnail': 'https://randomuser.me/api/portraits/thumb/men/29.jpg'}, 'nat': 'UA'}</msg>
<arg>${json_data['results'][0]}</arg>
<doc>Logs the given message with the given level.</doc>
<status status="PASS" start="2024-05-28T20:15:35.976352" elapsed="0.000415"/>
</kw>
<kw name="Log" owner="BuiltIn">
<msg time="2024-05-28T20:15:35.977197" level="INFO">location</msg>
<arg>${key}</arg>
<doc>Logs the given message with the given level.</doc>
<status status="PASS" start="2024-05-28T20:15:35.977069" elapsed="0.000166"/>
</kw>
<var name="${key}">location</var>
<status status="PASS" start="2024-05-28T20:15:35.975515" elapsed="0.001965"/>
</iter>
<iter>
<kw name="Dictionary Should Contain Key" owner="Collections">
<msg time="2024-05-28T20:15:35.978261" level="INFO">False</msg>
<arg>${json_data['results'][0]}</arg>
<arg>${key}</arg>
<doc>Fails if ``key`` is not found from ``dictionary``.</doc>
<status status="PASS" start="2024-05-28T20:15:35.977780" elapsed="0.000519"/>
</kw>
<kw name="Log" owner="BuiltIn">
<msg time="2024-05-28T20:15:35.978966" level="INFO">{'gender': 'male', 'name': {'title': 'Mr', 'first': 'Voyislav', 'last': 'Sokira'}, 'location': {'street': {'number': 4609, 'name': 'Aleya Slavi'}, 'city': 'Vatutine', 'state': 'Sumska', 'country': 'Ukraine', 'postcode': 67339, 'coordinates': {'latitude': '81.3665', 'longitude': '-22.1887'}, 'timezone': {'offset': '-3:00', 'description': 'Brazil, Buenos Aires, Georgetown'}}, 'email': 'voyislav.sokira@example.com', 'login': {'uuid': '3c5702ba-ded6-498c-b8a3-4cb401037458', 'username': 'redduck347', 'password': 'lilith', 'salt': '25ZAMHV9', 'md5': 'cc43f00439a9308fa1751e3d2d09ab0e', 'sha1': '33d1362bfc59157a1ffff4a67617c04516dbe06a', 'sha256': 'e06498c3a42a71eacc07fac198ff3a5f697435eca4537e465cfe350bdc357c39'}, 'dob': {'date': '1989-04-02T14:01:53.758Z', 'age': 35}, 'registered': {'date': '2016-03-04T17:12:05.226Z', 'age': 8}, 'phone': '(066) C02-4235', 'cell': '(068) M02-1925', 'id': {'name': '', 'value': None}, 'picture': {'large': 'https://randomuser.me/api/portraits/men/29.jpg', 'medium': 'https://randomuser.me/api/portraits/med/men/29.jpg', 'thumbnail': 'https://randomuser.me/api/portraits/thumb/men/29.jpg'}, 'nat': 'UA'}</msg>
<arg>${json_data['results'][0]}</arg>
<doc>Logs the given message with the given level.</doc>
<status status="PASS" start="2024-05-28T20:15:35.978603" elapsed="0.000414"/>
</kw>
<kw name="Log" owner="BuiltIn">
<msg time="2024-05-28T20:15:35.979443" level="INFO">email</msg>
<arg>${key}</arg>
<doc>Logs the given message with the given level.</doc>
<status status="PASS" start="2024-05-28T20:15:35.979315" elapsed="0.000165"/>
</kw>
<var name="${key}">email</var>
<status status="PASS" start="2024-05-28T20:15:35.977667" elapsed="0.002029"/>
</iter>
<iter>
<kw name="Dictionary Should Contain Key" owner="Collections">
<msg time="2024-05-28T20:15:35.980363" level="INFO">False</msg>
<arg>${json_data['results'][0]}</arg>
<arg>${key}</arg>
<doc>Fails if ``key`` is not found from ``dictionary``.</doc>
<status status="PASS" start="2024-05-28T20:15:35.979985" elapsed="0.000415"/>
</kw>
<kw name="Log" owner="BuiltIn">
<msg time="2024-05-28T20:15:35.981051" level="INFO">{'gender': 'male', 'name': {'title': 'Mr', 'first': 'Voyislav', 'last': 'Sokira'}, 'location': {'street': {'number': 4609, 'name': 'Aleya Slavi'}, 'city': 'Vatutine', 'state': 'Sumska', 'country': 'Ukraine', 'postcode': 67339, 'coordinates': {'latitude': '81.3665', 'longitude': '-22.1887'}, 'timezone': {'offset': '-3:00', 'description': 'Brazil, Buenos Aires, Georgetown'}}, 'email': 'voyislav.sokira@example.com', 'login': {'uuid': '3c5702ba-ded6-498c-b8a3-4cb401037458', 'username': 'redduck347', 'password': 'lilith', 'salt': '25ZAMHV9', 'md5': 'cc43f00439a9308fa1751e3d2d09ab0e', 'sha1': '33d1362bfc59157a1ffff4a67617c04516dbe06a', 'sha256': 'e06498c3a42a71eacc07fac198ff3a5f697435eca4537e465cfe350bdc357c39'}, 'dob': {'date': '1989-04-02T14:01:53.758Z', 'age': 35}, 'registered': {'date': '2016-03-04T17:12:05.226Z', 'age': 8}, 'phone': '(066) C02-4235', 'cell': '(068) M02-1925', 'id': {'name': '', 'value': None}, 'picture': {'large': 'https://randomuser.me/api/portraits/men/29.jpg', 'medium': 'https://randomuser.me/api/portraits/med/men/29.jpg', 'thumbnail': 'https://randomuser.me/api/portraits/thumb/men/29.jpg'}, 'nat': 'UA'}</msg>
<arg>${json_data['results'][0]}</arg>
<doc>Logs the given message with the given level.</doc>
<status status="PASS" start="2024-05-28T20:15:35.980700" elapsed="0.000400"/>
</kw>
<kw name="Log" owner="BuiltIn">
<msg time="2024-05-28T20:15:35.981568" level="INFO">login</msg>
<arg>${key}</arg>
<doc>Logs the given message with the given level.</doc>
<status status="PASS" start="2024-05-28T20:15:35.981397" elapsed="0.000210"/>
</kw>
<var name="${key}">login</var>
<status status="PASS" start="2024-05-28T20:15:35.979873" elapsed="0.001955"/>
</iter>
<var>${key}</var>
<value>@{expected_keys}</value>
<status status="PASS" start="2024-05-28T20:15:35.970855" elapsed="0.011120"/>
</for>
<kw name="Create List" owner="BuiltIn">
<msg time="2024-05-28T20:15:35.982326" level="INFO">${expected_keysTwo} = ['username', 'password']</msg>
<var>${expected_keysTwo}</var>
<arg>username</arg>
<arg>password</arg>
<doc>Returns a list containing given items.</doc>
<status status="PASS" start="2024-05-28T20:15:35.982188" elapsed="0.000161"/>
</kw>
<for flavor="IN">
<iter>
<kw name="Dictionary Should Contain Key" owner="Collections">
<msg time="2024-05-28T20:15:35.983228" level="INFO">False</msg>
<arg>${json_data['results'][0]['login']}</arg>
<arg>${keyTwo}</arg>
<doc>Fails if ``key`` is not found from ``dictionary``.</doc>
<status status="PASS" start="2024-05-28T20:15:35.982847" elapsed="0.000418"/>
</kw>
<kw name="Dictionary Should Contain Key" owner="Collections">
<msg time="2024-05-28T20:15:35.983937" level="INFO">False</msg>
<arg>${json_data['results'][0]['login']}</arg>
<arg>${keyTwo}</arg>
<doc>Fails if ``key`` is not found from ``dictionary``.</doc>
<status status="PASS" start="2024-05-28T20:15:35.983562" elapsed="0.000413"/>
</kw>
<kw name="Log" owner="BuiltIn">
<msg time="2024-05-28T20:15:35.984393" level="INFO">username</msg>
<arg>${keyTwo}</arg>
<doc>Logs the given message with the given level.</doc>
<status status="PASS" start="2024-05-28T20:15:35.984268" elapsed="0.000162"/>
</kw>
<var name="${keyTwo}">username</var>
<status status="PASS" start="2024-05-28T20:15:35.982737" elapsed="0.001906"/>
</iter>
<iter>
<kw name="Dictionary Should Contain Key" owner="Collections">
<msg time="2024-05-28T20:15:35.985301" level="INFO">False</msg>
<arg>${json_data['results'][0]['login']}</arg>
<arg>${keyTwo}</arg>
<doc>Fails if ``key`` is not found from ``dictionary``.</doc>
<status status="PASS" start="2024-05-28T20:15:35.984925" elapsed="0.000414"/>
</kw>
<kw name="Dictionary Should Contain Key" owner="Collections">
<msg time="2024-05-28T20:15:35.986039" level="INFO">False</msg>
<arg>${json_data['results'][0]['login']}</arg>
<arg>${keyTwo}</arg>
<doc>Fails if ``key`` is not found from ``dictionary``.</doc>
<status status="PASS" start="2024-05-28T20:15:35.985665" elapsed="0.000411"/>
</kw>
<kw name="Log" owner="BuiltIn">
<msg time="2024-05-28T20:15:35.986498" level="INFO">password</msg>
<arg>${keyTwo}</arg>
<doc>Logs the given message with the given level.</doc>
<status status="PASS" start="2024-05-28T20:15:35.986372" elapsed="0.000162"/>
</kw>
<var name="${keyTwo}">password</var>
<status status="PASS" start="2024-05-28T20:15:35.984816" elapsed="0.001934"/>
</iter>
<var>${keyTwo}</var>
<value>@{expected_keysTwo}</value>
<status status="PASS" start="2024-05-28T20:15:35.982587" elapsed="0.004284"/>
</for>
<status status="PASS" start="2024-05-28T20:15:35.872142" elapsed="0.114868"/>
</kw>
<doc>Testa a estrutura da resposta da API.</doc>
<tag>testeEstruturaResposta</tag>
<status status="PASS" start="2024-05-28T20:15:35.871660" elapsed="0.115497"/>
</test>
<test id="s1-s1-t4" name="Validar tipos de dados" line="28">
<kw name="Teste de Tipos de Dados" owner="random-user-service">
<kw name="GET On Session" owner="RequestsLibrary">
<msg time="2024-05-28T20:15:36.096921" level="INFO">GET Request : url=https://randomuser.me/api 
 path_url=/api 
 headers={'User-Agent': 'python-requests/2.32.2', 'Accept-Encoding': 'gzip, deflate', 'Accept': '*/*', 'Connection': 'keep-alive'} 
 body=None 
 </msg>
<msg time="2024-05-28T20:15:36.097003" level="INFO">GET Response : url=https://randomuser.me/api 
 status=200, reason=OK 
 headers={'Date': 'Tue, 28 May 2024 20:15:36 GMT', 'Content-Type': 'application/json; charset=utf-8', 'Transfer-Encoding': 'chunked', 'Connection': 'keep-alive', 'X-Powered-By': 'Express', 'Access-Control-Allow-Origin': '*', 'Cache-Control': 'no-cache', 'ETag': 'W/"48c-US0AMFJbRCZMnW2zBSafZVvujWQ"', 'Vary': 'Accept-Encoding', 'Content-Encoding': 'gzip', 'CF-Cache-Status': 'DYNAMIC', 'Report-To': '{"endpoints":[{"url":"https:\\/\\/a.nel.cloudflare.com\\/report\\/v4?s=JdRVEccBAmBQ%2FuYkoNMaMKje5TF8G8qCSahkaJZVvliJ2OHWLF7kjHLcbkbJZUAIzzG4KSDDOSt9NOYgUY6zvBh4jUPcXT6X9pdgBwzeh3OehBYm5R0m%2BhtSI5rNjbD2"}],"group":"cf-nel","max_age":604800}', 'NEL': '{"success_fraction":0,"report_to":"cf-nel","max_age":604800}', 'Server': 'cloudflare', 'CF-RAY': '88b0eae9fa952289-SJC', 'alt-svc': 'h3=":443"; ma=86400'} 
 body={"results":[{"gender":"female","name":{"title":"Mrs","first":"Arundhati","last":"Salian"},"location":{"street":{"number":8379,"name":"Maharanipeta"},"city":"Nagercoil","state":"Odisha","country":"India","postcode":30437,"coordinates":{"latitude":"4.7496","longitude":"105.6153"},"timezone":{"offset":"+2:00","description":"Kaliningrad, South Africa"}},"email":"arundhati.salian@example.com","login":{"uuid":"2c78d7ab-3b04-49e0-9796-0d76c312bf5d","username":"happybear863","password":"magician","salt":"QarL6c2E","md5":"dd5cbf02a6c331f51ce2dec42e69e562","sha1":"8e985650ab891b2c76128e6387d37d148ea5a0c7","sha256":"ae38a7491431b6b5f66e97c61d8a017cb4a0f4af156bf20aeeb0cdaa23ffbdde"},"dob":{"date":"1972-01-30T20:48:56.641Z","age":52},"registered":{"date":"2010-06-14T19:31:35.513Z","age":13},"phone":"7016938946","cell":"9800595419","id":{"name":"UIDAI","value":"179601002804"},"picture":{"large":"https://randomuser.me/api/portraits/women/76.jpg","medium":"https://randomuser.me/api/portraits/med/women/76.jpg","thumbnail":"https://randomuser.me/api/portraits/thumb/women/76.jpg"},"nat":"IN"}],"info":{"seed":"efec0ddd19f28eb0","results":1,"page":1,"version":"1.4"}} 
 </msg>
<msg time="2024-05-28T20:15:36.097077" level="INFO">/opt/hostedtoolcache/Python/3.12.3/x64/lib/python3.12/site-packages/urllib3/connectionpool.py:1103: InsecureRequestWarning: Unverified HTTPS request is being made to host 'randomuser.me'. Adding certificate verification is strongly advised. See: https://urllib3.readthedocs.io/en/latest/advanced-usage.html#tls-warnings
  warnings.warn(</msg>
<msg time="2024-05-28T20:15:36.097188" level="INFO">${response} = &lt;Response [200]&gt;</msg>
<var>${response}</var>
<arg>consultarAPI</arg>
<arg>/api</arg>
<doc>Sends a GET request on a previously created HTTP Session.</doc>
<status status="PASS" start="2024-05-28T20:15:35.989651" elapsed="0.107577"/>
</kw>
<kw name="Set Variable" owner="BuiltIn">
<msg time="2024-05-28T20:15:36.098207" level="INFO">${json_data} = {'results': [{'gender': 'female', 'name': {'title': 'Mrs', 'first': 'Arundhati', 'last': 'Salian'}, 'location': {'street': {'number': 8379, 'name': 'Maharanipeta'}, 'city': 'Nagercoil', 'state': 'Odis...</msg>
<var>${json_data}</var>
<arg>${response.json()}</arg>
<doc>Returns the given values which can then be assigned to a variables.</doc>
<status status="PASS" start="2024-05-28T20:15:36.097772" elapsed="0.000464"/>
</kw>
<kw name="Log" owner="BuiltIn">
<msg time="2024-05-28T20:15:36.098698" level="INFO">{'results': [{'gender': 'female', 'name': {'title': 'Mrs', 'first': 'Arundhati', 'last': 'Salian'}, 'location': {'street': {'number': 8379, 'name': 'Maharanipeta'}, 'city': 'Nagercoil', 'state': 'Odisha', 'country': 'India', 'postcode': 30437, 'coordinates': {'latitude': '4.7496', 'longitude': '105.6153'}, 'timezone': {'offset': '+2:00', 'description': 'Kaliningrad, South Africa'}}, 'email': 'arundhati.salian@example.com', 'login': {'uuid': '2c78d7ab-3b04-49e0-9796-0d76c312bf5d', 'username': 'happybear863', 'password': 'magician', 'salt': 'QarL6c2E', 'md5': 'dd5cbf02a6c331f51ce2dec42e69e562', 'sha1': '8e985650ab891b2c76128e6387d37d148ea5a0c7', 'sha256': 'ae38a7491431b6b5f66e97c61d8a017cb4a0f4af156bf20aeeb0cdaa23ffbdde'}, 'dob': {'date': '1972-01-30T20:48:56.641Z', 'age': 52}, 'registered': {'date': '2010-06-14T19:31:35.513Z', 'age': 13}, 'phone': '7016938946', 'cell': '9800595419', 'id': {'name': 'UIDAI', 'value': '179601002804'}, 'picture': {'large': 'https://randomuser.me/api/portraits/women/76.jpg', 'medium': 'https://randomuser.me/api/portraits/med/women/76.jpg', 'thumbnail': 'https://randomuser.me/api/portraits/thumb/women/76.jpg'}, 'nat': 'IN'}], 'info': {'seed': 'efec0ddd19f28eb0', 'results': 1, 'page': 1, 'version': '1.4'}}</msg>
<arg>${json_data}</arg>
<doc>Logs the given message with the given level.</doc>
<status status="PASS" start="2024-05-28T20:15:36.098546" elapsed="0.000233"/>
</kw>
<kw name="Should Be String" owner="String">
<arg>${json_data['results'][0]['gender']}</arg>
<doc>Fails if the given ``item`` is not a string.</doc>
<status status="PASS" start="2024-05-28T20:15:36.099082" elapsed="0.000363"/>
</kw>
<kw name="Should Match Regexp" owner="BuiltIn">
<arg>${json_data['results'][0]['email']}</arg>
<arg>^[a-zA-Z0-9._%+-]+@[a-zA-Z0-9.-]+\.[a-zA-Z]{2,}$</arg>
<doc>Fails if ``string`` does not match ``pattern`` as a regular expression.</doc>
<status status="PASS" start="2024-05-28T20:15:36.099638" elapsed="0.000618"/>
</kw>
<kw name="Should Match Regexp" owner="BuiltIn">
<arg>${json_data['results'][0]['dob']['date']}</arg>
<arg>\\d{4}-\\d{2}-\\d{2}T\\d{2}:\\d{2}:\\d{2}\\.\\d{3}Z</arg>
<doc>Fails if ``string`` does not match ``pattern`` as a regular expression.</doc>
<status status="PASS" start="2024-05-28T20:15:36.100455" elapsed="0.000481"/>
</kw>
<kw name="Should Match Regexp" owner="BuiltIn">
<arg>${json_data['results'][0]['registered']['date']}</arg>
<arg>\\d{4}-\\d{2}-\\d{2}T\\d{2}:\\d{2}:\\d{2}\\.\\d{3}Z</arg>
<doc>Fails if ``string`` does not match ``pattern`` as a regular expression.</doc>
<status status="PASS" start="2024-05-28T20:15:36.101128" elapsed="0.000406"/>
</kw>
<kw name="Should Match Regexp" owner="BuiltIn">
<arg>${json_data['results'][0]['picture']['large']}</arg>
<arg>^https?://.*\.(?:png|jpe?g|gif|bmp)$</arg>
<doc>Fails if ``string`` does not match ``pattern`` as a regular expression.</doc>
<status status="PASS" start="2024-05-28T20:15:36.101731" elapsed="0.000466"/>
</kw>
<kw name="Should Match Regexp" owner="BuiltIn">
<arg>${json_data['results'][0]['picture']['medium']}</arg>
<arg>^https?://.*\.(?:png|jpe?g|gif|bmp)$</arg>
<doc>Fails if ``string`` does not match ``pattern`` as a regular expression.</doc>
<status status="PASS" start="2024-05-28T20:15:36.102389" elapsed="0.000355"/>
</kw>
<kw name="Should Match Regexp" owner="BuiltIn">
<arg>${json_data['results'][0]['picture']['thumbnail']}</arg>
<arg>^https?://.*\.(?:png|jpe?g|gif|bmp)$</arg>
<doc>Fails if ``string`` does not match ``pattern`` as a regular expression.</doc>
<status status="PASS" start="2024-05-28T20:15:36.102933" elapsed="0.000358"/>
</kw>
<kw name="Log" owner="BuiltIn">
<msg time="2024-05-28T20:15:36.103804" level="INFO">{'large': 'https://randomuser.me/api/portraits/women/76.jpg', 'medium': 'https://randomuser.me/api/portraits/med/women/76.jpg', 'thumbnail': 'https://randomuser.me/api/portraits/thumb/women/76.jpg'}</msg>
<arg>${json_data['results'][0]['picture']}</arg>
<doc>Logs the given message with the given level.</doc>
<status status="PASS" start="2024-05-28T20:15:36.103479" elapsed="0.000367"/>
</kw>
<status status="PASS" start="2024-05-28T20:15:35.989373" elapsed="0.114730"/>
</kw>
<kw name="Teste de Tipos de Dados - Postcode" owner="random-user-service">
<kw name="GET On Session" owner="RequestsLibrary">
<msg time="2024-05-28T20:15:36.205353" level="INFO">GET Request : url=https://randomuser.me/api 
 path_url=/api 
 headers={'User-Agent': 'python-requests/2.32.2', 'Accept-Encoding': 'gzip, deflate', 'Accept': '*/*', 'Connection': 'keep-alive'} 
 body=None 
 </msg>
<msg time="2024-05-28T20:15:36.205482" level="INFO">GET Response : url=https://randomuser.me/api 
 status=200, reason=OK 
 headers={'Date': 'Tue, 28 May 2024 20:15:36 GMT', 'Content-Type': 'application/json; charset=utf-8', 'Transfer-Encoding': 'chunked', 'Connection': 'keep-alive', 'X-Powered-By': 'Express', 'Access-Control-Allow-Origin': '*', 'Cache-Control': 'no-cache', 'ETag': 'W/"4b6-950PfmXbM2Glc2ew0YK9pmkAk9E"', 'Vary': 'Accept-Encoding', 'Content-Encoding': 'gzip', 'CF-Cache-Status': 'DYNAMIC', 'Report-To': '{"endpoints":[{"url":"https:\\/\\/a.nel.cloudflare.com\\/report\\/v4?s=iOlqU1Ma3NnOxPRvwNzkxHLscHFeW3RqttP9kdOKvzbNT%2Fa1lPyVqwulB%2F17kzFtom22cr9zT5Bh90ksXfnUcTxl0A2W2QlzS73qPWh3vKx6yX3UdQADMCUvMr2chCcK"}],"group":"cf-nel","max_age":604800}', 'NEL': '{"success_fraction":0,"report_to":"cf-nel","max_age":604800}', 'Server': 'cloudflare', 'CF-RAY': '88b0eaeaab1d2289-SJC', 'alt-svc': 'h3=":443"; ma=86400'} 
 body={"results":[{"gender":"female","name":{"title":"Ms","first":"Paulina","last":"Quintanilla"},"location":{"street":{"number":4526,"name":"Viaducto Cuba"},"city":"Santa María Mixtequilla","state":"Guerrero","country":"Mexico","postcode":29074,"coordinates":{"latitude":"28.7241","longitude":"130.9149"},"timezone":{"offset":"-3:00","description":"Brazil, Buenos Aires, Georgetown"}},"email":"paulina.quintanilla@example.com","login":{"uuid":"dbf57fc6-3e21-4273-a27d-963c9b95d16e","username":"ticklishmeercat459","password":"hola","salt":"4lelBnAk","md5":"5eff87ffbf449a4973a071e075c6baa5","sha1":"296b451ceef81f9f97d8f4437f0f3a46f68c6e4e","sha256":"33f3e5d15405d56d1f9d54d3035eff9ed32121eb2dd1eb6cac764ea1d17ca123"},"dob":{"date":"1957-08-10T23:01:30.293Z","age":66},"registered":{"date":"2017-07-28T21:12:37.044Z","age":6},"phone":"(675) 380 4806","cell":"(660) 567 7210","id":{"name":"NSS","value":"87 93 59 1633 7"},"picture":{"large":"https://randomuser.me/api/portraits/women/56.jpg","medium":"https://randomuser.me/api/portraits/med/women/56.jpg","thumbnail":"https://randomuser.me/api/portraits/thumb/women/56.jpg"},"nat":"MX"}],"info":{"seed":"11c1865cd534967a","results":1,"page":1,"version":"1.4"}} 
 </msg>
<msg time="2024-05-28T20:15:36.205565" level="INFO">/opt/hostedtoolcache/Python/3.12.3/x64/lib/python3.12/site-packages/urllib3/connectionpool.py:1103: InsecureRequestWarning: Unverified HTTPS request is being made to host 'randomuser.me'. Adding certificate verification is strongly advised. See: https://urllib3.readthedocs.io/en/latest/advanced-usage.html#tls-warnings
  warnings.warn(</msg>
<msg time="2024-05-28T20:15:36.205688" level="INFO">${response} = &lt;Response [200]&gt;</msg>
<var>${response}</var>
<arg>consultarAPI</arg>
<arg>/api</arg>
<doc>Sends a GET request on a previously created HTTP Session.</doc>
<status status="PASS" start="2024-05-28T20:15:36.104535" elapsed="0.101202"/>
</kw>
<kw name="Set Variable" owner="BuiltIn">
<msg time="2024-05-28T20:15:36.206602" level="INFO">${json_data} = {'results': [{'gender': 'female', 'name': {'title': 'Ms', 'first': 'Paulina', 'last': 'Quintanilla'}, 'location': {'street': {'number': 4526, 'name': 'Viaducto Cuba'}, 'city': 'Santa María Mixtequilla...</msg>
<var>${json_data}</var>
<arg>${response.json()}</arg>
<doc>Returns the given values which can then be assigned to a variables.</doc>
<status status="PASS" start="2024-05-28T20:15:36.206131" elapsed="0.000501"/>
</kw>
<kw name="Log" owner="BuiltIn">
<msg time="2024-05-28T20:15:36.207098" level="INFO">{'results': [{'gender': 'female', 'name': {'title': 'Ms', 'first': 'Paulina', 'last': 'Quintanilla'}, 'location': {'street': {'number': 4526, 'name': 'Viaducto Cuba'}, 'city': 'Santa María Mixtequilla', 'state': 'Guerrero', 'country': 'Mexico', 'postcode': 29074, 'coordinates': {'latitude': '28.7241', 'longitude': '130.9149'}, 'timezone': {'offset': '-3:00', 'description': 'Brazil, Buenos Aires, Georgetown'}}, 'email': 'paulina.quintanilla@example.com', 'login': {'uuid': 'dbf57fc6-3e21-4273-a27d-963c9b95d16e', 'username': 'ticklishmeercat459', 'password': 'hola', 'salt': '4lelBnAk', 'md5': '5eff87ffbf449a4973a071e075c6baa5', 'sha1': '296b451ceef81f9f97d8f4437f0f3a46f68c6e4e', 'sha256': '33f3e5d15405d56d1f9d54d3035eff9ed32121eb2dd1eb6cac764ea1d17ca123'}, 'dob': {'date': '1957-08-10T23:01:30.293Z', 'age': 66}, 'registered': {'date': '2017-07-28T21:12:37.044Z', 'age': 6}, 'phone': '(675) 380 4806', 'cell': '(660) 567 7210', 'id': {'name': 'NSS', 'value': '87 93 59 1633 7'}, 'picture': {'large': 'https://randomuser.me/api/portraits/women/56.jpg', 'medium': 'https://randomuser.me/api/portraits/med/women/56.jpg', 'thumbnail': 'https://randomuser.me/api/portraits/thumb/women/56.jpg'}, 'nat': 'MX'}], 'info': {'seed': '11c1865cd534967a', 'results': 1, 'page': 1, 'version': '1.4'}}</msg>
<arg>${json_data}</arg>
<doc>Logs the given message with the given level.</doc>
<status status="PASS" start="2024-05-28T20:15:36.206940" elapsed="0.000239"/>
</kw>
<kw name="Should Be Equal As Numbers" owner="BuiltIn">
<arg>${json_data['results'][0]['location']['postcode']}</arg>
<arg>${json_data['results'][0]['location']['postcode']}</arg>
<doc>Fails if objects are unequal after converting them to real numbers.</doc>
<status status="PASS" start="2024-05-28T20:15:36.207487" elapsed="0.000630"/>
</kw>
<kw name="Log" owner="BuiltIn">
<msg time="2024-05-28T20:15:36.208648" level="INFO">29074</msg>
<arg>${json_data['results'][0]['location']['postcode']}</arg>
<doc>Logs the given message with the given level.</doc>
<status status="PASS" start="2024-05-28T20:15:36.208312" elapsed="0.000378"/>
</kw>
<status status="PASS" start="2024-05-28T20:15:36.104310" elapsed="0.104636"/>
</kw>
<doc>Testa se os tipos de dados na resposta da API estão corretos.</doc>
<tag>testeTiposDados</tag>
<status status="PASS" start="2024-05-28T20:15:35.988902" elapsed="0.220208"/>
</test>
<test id="s1-s1-t5" name="Validar conteudo" line="35">
<kw name="Teste de Tipos de Conteudo" owner="random-user-service">
<kw name="GET On Session" owner="RequestsLibrary">
<msg time="2024-05-28T20:15:36.302363" level="INFO">GET Request : url=https://randomuser.me/api 
 path_url=/api 
 headers={'User-Agent': 'python-requests/2.32.2', 'Accept-Encoding': 'gzip, deflate', 'Accept': '*/*', 'Connection': 'keep-alive'} 
 body=None 
 </msg>
<msg time="2024-05-28T20:15:36.302450" level="INFO">GET Response : url=https://randomuser.me/api 
 status=200, reason=OK 
 headers={'Date': 'Tue, 28 May 2024 20:15:36 GMT', 'Content-Type': 'application/json; charset=utf-8', 'Transfer-Encoding': 'chunked', 'Connection': 'keep-alive', 'X-Powered-By': 'Express', 'Access-Control-Allow-Origin': '*', 'Cache-Control': 'no-cache', 'ETag': 'W/"497-LYpl2xixZBLlutW1hLa12dSl70c"', 'Vary': 'Accept-Encoding', 'Content-Encoding': 'gzip', 'CF-Cache-Status': 'DYNAMIC', 'Report-To': '{"endpoints":[{"url":"https:\\/\\/a.nel.cloudflare.com\\/report\\/v4?s=fTESQlUlzqxFHvyV33GLpI%2BD%2FPpLK9wDOc2hGLzdzWdrakW96IUAunJVj%2BSyvZgosc1wHlMCKspDF3DklCr%2BS50%2F8nBDsqXVFJaZXVhrVX9Nf5MePIzaoHYYchDswkps"}],"group":"cf-nel","max_age":604800}', 'NEL': '{"success_fraction":0,"report_to":"cf-nel","max_age":604800}', 'Server': 'cloudflare', 'CF-RAY': '88b0eaeb5bc42289-SJC', 'alt-svc': 'h3=":443"; ma=86400'} 
 body={"results":[{"gender":"female","name":{"title":"Ms","first":"Marina","last":"Tomović"},"location":{"street":{"number":243,"name":"Andreje Milenkovića"},"city":"Kovačica","state":"Central Banat","country":"Serbia","postcode":91752,"coordinates":{"latitude":"59.9976","longitude":"70.5810"},"timezone":{"offset":"+4:00","description":"Abu Dhabi, Muscat, Baku, Tbilisi"}},"email":"marina.tomovic@example.com","login":{"uuid":"8dca0051-ef5d-4cce-a5c3-30240cd0b882","username":"blueduck145","password":"saints","salt":"9tZXW5Mu","md5":"9bd281c95f4b451573b4a4430c97eeac","sha1":"649e39edc4ca61a08af76d782bbf364713d9f8d1","sha256":"6a00ac639fb77460b4e36482339153e021677be65629d966b0458c34acd560a5"},"dob":{"date":"1951-10-23T02:13:47.889Z","age":72},"registered":{"date":"2008-03-23T21:57:43.246Z","age":16},"phone":"038-0755-111","cell":"067-8284-359","id":{"name":"SID","value":"589698802"},"picture":{"large":"https://randomuser.me/api/portraits/women/5.jpg","medium":"https://randomuser.me/api/portraits/med/women/5.jpg","thumbnail":"https://randomuser.me/api/portraits/thumb/women/5.jpg"},"nat":"RS"}],"info":{"seed":"dfc743f79ef53963","results":1,"page":1,"version":"1.4"}} 
 </msg>
<msg time="2024-05-28T20:15:36.302527" level="INFO">/opt/hostedtoolcache/Python/3.12.3/x64/lib/python3.12/site-packages/urllib3/connectionpool.py:1103: InsecureRequestWarning: Unverified HTTPS request is being made to host 'randomuser.me'. Adding certificate verification is strongly advised. See: https://urllib3.readthedocs.io/en/latest/advanced-usage.html#tls-warnings
  warnings.warn(</msg>
<msg time="2024-05-28T20:15:36.302643" level="INFO">${response} = &lt;Response [200]&gt;</msg>
<var>${response}</var>
<arg>consultarAPI</arg>
<arg>/api</arg>
<doc>Sends a GET request on a previously created HTTP Session.</doc>
<status status="PASS" start="2024-05-28T20:15:36.211572" elapsed="0.091126"/>
</kw>
<kw name="Set Variable" owner="BuiltIn">
<msg time="2024-05-28T20:15:36.303775" level="INFO">${json_data} = {'results': [{'gender': 'female', 'name': {'title': 'Ms', 'first': 'Marina', 'last': 'Tomović'}, 'location': {'street': {'number': 243, 'name': 'Andreje Milenkovića'}, 'city': 'Kovačica', 'state': 'Ce...</msg>
<var>${json_data}</var>
<arg>${response.json()}</arg>
<doc>Returns the given values which can then be assigned to a variables.</doc>
<status status="PASS" start="2024-05-28T20:15:36.303217" elapsed="0.000589"/>
</kw>
<kw name="Set Variable" owner="BuiltIn">
<msg time="2024-05-28T20:15:36.304496" level="INFO">${name_title} = Ms</msg>
<var>${name_title}</var>
<arg>${json_data["results"][0]["name"]["title"]}</arg>
<doc>Returns the given values which can then be assigned to a variables.</doc>
<status status="PASS" start="2024-05-28T20:15:36.304117" elapsed="0.000405"/>
</kw>
<kw name="Create List" owner="BuiltIn">
<msg time="2024-05-28T20:15:36.304969" level="INFO">${allowed_titles} = ['Mr', 'Ms', 'Miss', 'Mrs', 'Madame', 'Monsieur']</msg>
<var>${allowed_titles}</var>
<arg>Mr</arg>
<arg>Ms</arg>
<arg>Miss</arg>
<arg>Mrs</arg>
<arg>Madame</arg>
<arg>Monsieur</arg>
<doc>Returns a list containing given items.</doc>
<status status="PASS" start="2024-05-28T20:15:36.304821" elapsed="0.000171"/>
</kw>
<kw name="List Should Contain Value" owner="Collections">
<msg time="2024-05-28T20:15:36.305505" level="INFO">False</msg>
<arg>${allowed_titles}</arg>
<arg>${name_title}</arg>
<doc>Fails if the ``value`` is not found from ``list``.</doc>
<status status="PASS" start="2024-05-28T20:15:36.305294" elapsed="0.000258"/>
</kw>
<kw name="Set Variable" owner="BuiltIn">
<msg time="2024-05-28T20:15:36.306366" level="INFO">${name_country} = RS</msg>
<var>${name_country}</var>
<arg>${json_data["results"][0]["nat"]}</arg>
<doc>Returns the given values which can then be assigned to a variables.</doc>
<status status="PASS" start="2024-05-28T20:15:36.305858" elapsed="0.000533"/>
</kw>
<kw name="Create List" owner="BuiltIn">
<msg time="2024-05-28T20:15:36.307292" level="INFO">${list_country} = ['AD', 'AE', 'AF', 'AG', 'AI', 'AL', 'AM', 'AO', 'AQ', 'AR', 'AS', 'AT', 'AU', 'AW', 'AX', 'AZ', 'BA', 'BB', 'BD', 'BE', 'BF', 'BG', 'BH', 'BI', 'BJ', 'BL', 'BM', 'BN', 'BO', 'BQ', 'BR', 'BS', 'BT', '...</msg>
<var>${list_country}</var>
<arg>AD</arg>
<arg>AE</arg>
<arg>AF</arg>
<arg>AG</arg>
<arg>AI</arg>
<arg>AL</arg>
<arg>AM</arg>
<arg>AO</arg>
<arg>AQ</arg>
<arg>AR</arg>
<arg>AS</arg>
<arg>AT</arg>
<arg>AU</arg>
<arg>AW</arg>
<arg>AX</arg>
<arg>AZ</arg>
<arg>BA</arg>
<arg>BB</arg>
<arg>BD</arg>
<arg>BE</arg>
<arg>BF</arg>
<arg>BG</arg>
<arg>BH</arg>
<arg>BI</arg>
<arg>BJ</arg>
<arg>BL</arg>
<arg>BM</arg>
<arg>BN</arg>
<arg>BO</arg>
<arg>BQ</arg>
<arg>BR</arg>
<arg>BS</arg>
<arg>BT</arg>
<arg>BV</arg>
<arg>BW</arg>
<arg>BY</arg>
<arg>BZ</arg>
<arg>CA</arg>
<arg>CC</arg>
<arg>CD</arg>
<arg>CF</arg>
<arg>CG</arg>
<arg>CH</arg>
<arg>CI</arg>
<arg>CK</arg>
<arg>CL</arg>
<arg>CM</arg>
<arg>CN</arg>
<arg>CO</arg>
<arg>CR</arg>
<arg>CU</arg>
<arg>CV</arg>
<arg>CW</arg>
<arg>CX</arg>
<arg>CY</arg>
<arg>CZ</arg>
<arg>DE</arg>
<arg>DJ</arg>
<arg>DK</arg>
<arg>DM</arg>
<arg>DO</arg>
<arg>DZ</arg>
<arg>EC</arg>
<arg>EE</arg>
<arg>EG</arg>
<arg>EH</arg>
<arg>ER</arg>
<arg>ES</arg>
<arg>ET</arg>
<arg>FI</arg>
<arg>FJ</arg>
<arg>FK</arg>
<arg>FM</arg>
<arg>FO</arg>
<arg>FR</arg>
<arg>GA</arg>
<arg>GB</arg>
<arg>GD</arg>
<arg>GE</arg>
<arg>GF</arg>
<arg>GG</arg>
<arg>GH</arg>
<arg>GI</arg>
<arg>GL</arg>
<arg>GM</arg>
<arg>GN</arg>
<arg>GP</arg>
<arg>GQ</arg>
<arg>GR</arg>
<arg>GS</arg>
<arg>GT</arg>
<arg>GU</arg>
<arg>GW</arg>
<arg>GY</arg>
<arg>HK</arg>
<arg>HM</arg>
<arg>HN</arg>
<arg>HR</arg>
<arg>HT</arg>
<arg>HU</arg>
<arg>ID</arg>
<arg>IE</arg>
<arg>IL</arg>
<arg>IM</arg>
<arg>IN</arg>
<arg>IO</arg>
<arg>IQ</arg>
<arg>IR</arg>
<arg>IS</arg>
<arg>IT</arg>
<arg>JE</arg>
<arg>JM</arg>
<arg>JO</arg>
<arg>JP</arg>
<arg>KE</arg>
<arg>KG</arg>
<arg>KH</arg>
<arg>KI</arg>
<arg>KM</arg>
<arg>KN</arg>
<arg>KP</arg>
<arg>KR</arg>
<arg>KW</arg>
<arg>KY</arg>
<arg>KZ</arg>
<arg>LA</arg>
<arg>LB</arg>
<arg>LC</arg>
<arg>LI</arg>
<arg>LK</arg>
<arg>LR</arg>
<arg>LS</arg>
<arg>LT</arg>
<arg>LU</arg>
<arg>LV</arg>
<arg>LY</arg>
<arg>MA</arg>
<arg>MC</arg>
<arg>MD</arg>
<arg>ME</arg>
<arg>MF</arg>
<arg>MG</arg>
<arg>MH</arg>
<arg>MK</arg>
<arg>ML</arg>
<arg>MM</arg>
<arg>MN</arg>
<arg>MO</arg>
<arg>MP</arg>
<arg>MQ</arg>
<arg>MR</arg>
<arg>MS</arg>
<arg>MT</arg>
<arg>MU</arg>
<arg>MV</arg>
<arg>MW</arg>
<arg>MX</arg>
<arg>MY</arg>
<arg>MZ</arg>
<arg>NA</arg>
<arg>NC</arg>
<arg>NE</arg>
<arg>NF</arg>
<arg>NG</arg>
<arg>NI</arg>
<arg>NL</arg>
<arg>NO</arg>
<arg>NP</arg>
<arg>NR</arg>
<arg>NU</arg>
<arg>NZ</arg>
<arg>OM</arg>
<arg>PA</arg>
<arg>PE</arg>
<arg>PF</arg>
<arg>PG</arg>
<arg>PH</arg>
<arg>PK</arg>
<arg>PL</arg>
<arg>PM</arg>
<arg>PN</arg>
<arg>PR</arg>
<arg>PS</arg>
<arg>PT</arg>
<arg>PW</arg>
<arg>PY</arg>
<arg>QA</arg>
<arg>RE</arg>
<arg>RO</arg>
<arg>RS</arg>
<arg>RU</arg>
<arg>RW</arg>
<arg>SA</arg>
<arg>SB</arg>
<arg>SC</arg>
<arg>SD</arg>
<arg>SE</arg>
<arg>SG</arg>
<arg>SH</arg>
<arg>SI</arg>
<arg>SJ</arg>
<arg>SK</arg>
<arg>SL</arg>
<arg>SM</arg>
<arg>SN</arg>
<arg>SO</arg>
<arg>SR</arg>
<arg>SS</arg>
<arg>ST</arg>
<arg>SV</arg>
<arg>SX</arg>
<arg>SY</arg>
<arg>SZ</arg>
<arg>TC</arg>
<arg>TD</arg>
<arg>TF</arg>
<arg>TG</arg>
<arg>TH</arg>
<arg>TJ</arg>
<arg>TK</arg>
<arg>TL</arg>
<arg>TM</arg>
<arg>TN</arg>
<arg>TO</arg>
<arg>TR</arg>
<arg>TT</arg>
<arg>TV</arg>
<arg>TW</arg>
<arg>TZ</arg>
<arg>UA</arg>
<arg>UG</arg>
<arg>UM</arg>
<arg>US</arg>
<arg>UY</arg>
<arg>UZ</arg>
<arg>VA</arg>
<arg>VC</arg>
<arg>VE</arg>
<arg>VG</arg>
<arg>VI</arg>
<arg>VN</arg>
<arg>VU</arg>
<arg>WF</arg>
<arg>WS</arg>
<arg>XK</arg>
<arg>YE</arg>
<arg>YT</arg>
<arg>ZA</arg>
<arg>ZM</arg>
<arg>ZW</arg>
<doc>Returns a list containing given items.</doc>
<status status="PASS" start="2024-05-28T20:15:36.306701" elapsed="0.000616"/>
</kw>
<kw name="List Should Contain Value" owner="Collections">
<msg time="2024-05-28T20:15:36.308308" level="INFO">False</msg>
<arg>${list_country}</arg>
<arg>${name_country}</arg>
<doc>Fails if the ``value`` is not found from ``list``.</doc>
<status status="PASS" start="2024-05-28T20:15:36.308104" elapsed="0.000238"/>
</kw>
<kw name="Run Keyword If" owner="BuiltIn">
<kw name="Should Be True" owner="BuiltIn">
<arg>${True}</arg>
<doc>Fails if the given condition is not true.</doc>
<status status="PASS" start="2024-05-28T20:15:36.309406" elapsed="0.000167"/>
</kw>
<arg>${json_data["results"][0]["location"]["coordinates"]["latitude"]} &gt;= -90 and ${json_data["results"][0]["location"]["coordinates"]["latitude"]} &lt;= 90</arg>
<arg>Should Be True</arg>
<arg>${True}</arg>
<doc>Runs the given keyword with the given arguments, if ``condition`` is true.</doc>
<status status="PASS" start="2024-05-28T20:15:36.308658" elapsed="0.001041"/>
</kw>
<kw name="Run Keyword If" owner="BuiltIn">
<kw name="Should Be True" owner="BuiltIn">
<arg>${True}</arg>
<doc>Fails if the given condition is not true.</doc>
<status status="PASS" start="2024-05-28T20:15:36.310593" elapsed="0.000134"/>
</kw>
<arg>${json_data["results"][0]["location"]["coordinates"]["longitude"]} &gt;= -180 and ${json_data["results"][0]["location"]["coordinates"]["longitude"]} &lt;= 180</arg>
<arg>Should Be True</arg>
<arg>${True}</arg>
<doc>Runs the given keyword with the given arguments, if ``condition`` is true.</doc>
<status status="PASS" start="2024-05-28T20:15:36.309886" elapsed="0.000964"/>
</kw>
<status status="PASS" start="2024-05-28T20:15:36.211341" elapsed="0.099636"/>
</kw>
<doc>Testa o conteúdo específico dos campos retornados pela API.</doc>
<tag>testeConteudo</tag>
<status status="PASS" start="2024-05-28T20:15:36.210903" elapsed="0.100217"/>
</test>
<status status="PASS" start="2024-05-28T20:15:35.420120" elapsed="0.892925"/>
</suite>
<status status="PASS" start="2024-05-28T20:15:35.406637" elapsed="0.911562"/>
</suite>
<statistics>
<total>
<stat pass="5" fail="0" skip="0">All Tests</stat>
</total>
<tag>
<stat pass="1" fail="0" skip="0">testeConteudo</stat>
<stat pass="1" fail="0" skip="0">testeEstruturaResposta</stat>
<stat pass="1" fail="0" skip="0">testeRequisicaoBasica</stat>
<stat pass="1" fail="0" skip="0">testeTiposDados</stat>
</tag>
<suite>
<stat pass="5" fail="0" skip="0" id="s1" name="Tests">Tests</stat>
<stat pass="5" fail="0" skip="0" id="s1-s1" name="Random-User-Test">Tests.Random-User-Test</stat>
</suite>
</statistics>
<errors>
</errors>
</robot>
