<?xml version="1.0" encoding="UTF-8"?>
<robot generator="Robot 7.0 (Python 3.12.3 on linux)" generated="2024-04-17T13:14:52.205584" rpa="false" schemaversion="5">
<suite id="s1" name="Tests" source="/home/runner/work/DesafioQAItauRogerioJordao/DesafioQAItauRogerioJordao/RamdonUser/tests">
<suite id="s1-s1" name="Random-User-Test" source="/home/runner/work/DesafioQAItauRogerioJordao/DesafioQAItauRogerioJordao/RamdonUser/tests/random-user-test.robot">
<test id="s1-s1-t1" name="Conectar" line="13">
<kw name="Conectar API" owner="random-user-service">
<kw name="Create Session" owner="RequestsLibrary">
<msg time="2024-04-17T13:14:52.615829" level="INFO">Creating Session using : alias=consultarAPI, url=https://randomuser.me/, headers={},                     cookies={}, auth=None, timeout=None, proxies=None, verify=False,                     debug=0 </msg>
<arg>consultarAPI</arg>
<arg>${URL}</arg>
<doc>Create Session: create a HTTP session to a server</doc>
<status status="PASS" start="2024-04-17T13:14:52.615620" elapsed="0.000398"/>
</kw>
<status status="PASS" start="2024-04-17T13:14:52.614637" elapsed="0.001759"/>
</kw>
<status status="PASS" start="2024-04-17T13:14:52.614023" elapsed="0.002581"/>
</test>
<test id="s1-s1-t2" name="Validar retorno 200 e JSON Válido" line="16">
<kw name="Teste de Requisicao Basica" owner="random-user-service">
<kw name="GET On Session" owner="RequestsLibrary">
<msg time="2024-04-17T13:14:52.716779" level="INFO">GET Request : url=https://randomuser.me/api 
 path_url=/api 
 headers={'User-Agent': 'python-requests/2.31.0', 'Accept-Encoding': 'gzip, deflate', 'Accept': '*/*', 'Connection': 'keep-alive'} 
 body=None 
 </msg>
<msg time="2024-04-17T13:14:52.716928" level="INFO">GET Response : url=https://randomuser.me/api 
 status=200, reason=OK 
 headers={'Date': 'Wed, 17 Apr 2024 13:14:52 GMT', 'Content-Type': 'application/json; charset=utf-8', 'Transfer-Encoding': 'chunked', 'Connection': 'keep-alive', 'X-Powered-By': 'Express', 'Access-Control-Allow-Origin': '*', 'Cache-Control': 'no-cache', 'ETag': 'W/"48b-3TuBd8h2KeH5laq8rAQ1FguFzHY"', 'Vary': 'Accept-Encoding', 'Content-Encoding': 'gzip', 'CF-Cache-Status': 'DYNAMIC', 'Report-To': '{"endpoints":[{"url":"https:\\/\\/a.nel.cloudflare.com\\/report\\/v4?s=wTfi9rlB8DTkj%2FofUIqLQPo1sM9RPdntU7Ij8w4DBTz4O7uRfSQ%2BLTz1cXYagDkx6aBORpdAq1RczgnG1AITcZRi%2FUguG%2Bfwel98cM9Gd73YHottVBnM3AnPO2kEGKqH"}],"group":"cf-nel","max_age":604800}', 'NEL': '{"success_fraction":0,"report_to":"cf-nel","max_age":604800}', 'Server': 'cloudflare', 'CF-RAY': '875cae3f3f400285-ORD', 'alt-svc': 'h3=":443"; ma=86400'} 
 body={"results":[{"gender":"male","name":{"title":"Mr","first":"Heinz-Wilhelm","last":"Jessen"},"location":{"street":{"number":3088,"name":"Marktplatz"},"city":"Waldshut-Tiengen","state":"Thüringen","country":"Germany","postcode":56794,"coordinates":{"latitude":"-52.6187","longitude":"-83.2931"},"timezone":{"offset":"+5:45","description":"Kathmandu"}},"email":"heinz-wilhelm.jessen@example.com","login":{"uuid":"76c49ef8-b652-4f10-a138-473f6ee92b4a","username":"brownlion370","password":"allan","salt":"UAvh7gaj","md5":"0f8735ec593732956a97ca97f2bb463b","sha1":"8841fba64363b476ac08a86e9a84103b2d9e8e20","sha256":"99ab76f7db2456426c846950b3a9f157249aa5f88aa6c08c879fd7434dd58ad8"},"dob":{"date":"1972-09-20T14:52:33.135Z","age":51},"registered":{"date":"2006-05-05T12:48:18.264Z","age":17},"phone":"0399-5172607","cell":"0175-3093713","id":{"name":"SVNR","value":"59 200972 J 110"},"picture":{"large":"https://randomuser.me/api/portraits/men/96.jpg","medium":"https://randomuser.me/api/portraits/med/men/96.jpg","thumbnail":"https://randomuser.me/api/portraits/thumb/men/96.jpg"},"nat":"DE"}],"info":{"seed":"a814427082b4c8d7","results":1,"page":1,"version":"1.4"}} 
 </msg>
<msg time="2024-04-17T13:14:52.717012" level="INFO">/opt/hostedtoolcache/Python/3.12.3/x64/lib/python3.12/site-packages/urllib3/connectionpool.py:1103: InsecureRequestWarning: Unverified HTTPS request is being made to host 'randomuser.me'. Adding certificate verification is strongly advised. See: https://urllib3.readthedocs.io/en/latest/advanced-usage.html#tls-warnings
  warnings.warn(</msg>
<msg time="2024-04-17T13:14:52.717152" level="INFO">${response} = &lt;Response [200]&gt;</msg>
<var>${response}</var>
<arg>consultarAPI</arg>
<arg>/api</arg>
<doc>Sends a GET request on a previously created HTTP Session.</doc>
<status status="PASS" start="2024-04-17T13:14:52.619318" elapsed="0.097881"/>
</kw>
<kw name="Should Be Equal As Numbers" owner="BuiltIn">
<msg time="2024-04-17T13:14:52.718394" level="INFO">Argument types are:
&lt;class 'int'&gt;
&lt;class 'str'&gt;</msg>
<arg>${response.status_code}</arg>
<arg>200</arg>
<doc>Fails if objects are unequal after converting them to real numbers.</doc>
<status status="PASS" start="2024-04-17T13:14:52.717805" elapsed="0.000659"/>
</kw>
<kw name="Log" owner="BuiltIn">
<msg time="2024-04-17T13:14:52.719208" level="INFO">200</msg>
<arg>${response.status_code}</arg>
<doc>Logs the given message with the given level.</doc>
<status status="PASS" start="2024-04-17T13:14:52.718839" elapsed="0.000412"/>
</kw>
<kw name="Set Variable" owner="BuiltIn">
<msg time="2024-04-17T13:14:52.720017" level="INFO">${json_data} = {'results': [{'gender': 'male', 'name': {'title': 'Mr', 'first': 'Heinz-Wilhelm', 'last': 'Jessen'}, 'location': {'street': {'number': 3088, 'name': 'Marktplatz'}, 'city': 'Waldshut-Tiengen', 'state':...</msg>
<var>${json_data}</var>
<arg>${response.json()}</arg>
<doc>Returns the given values which can then be assigned to a variables.</doc>
<status status="PASS" start="2024-04-17T13:14:52.719570" elapsed="0.000475"/>
</kw>
<kw name="Dictionary Should Contain Key" owner="Collections">
<msg time="2024-04-17T13:14:52.720529" level="INFO">False</msg>
<arg>${json_data}</arg>
<arg>results</arg>
<doc>Fails if ``key`` is not found from ``dictionary``.</doc>
<status status="PASS" start="2024-04-17T13:14:52.720353" elapsed="0.000215"/>
</kw>
<status status="PASS" start="2024-04-17T13:14:52.619054" elapsed="0.101773"/>
</kw>
<doc>Testa se a API responde corretamente e retorna um objeto JSON válido.</doc>
<tag>testeRequisicaoBasica</tag>
<status status="PASS" start="2024-04-17T13:14:52.618563" elapsed="0.102447"/>
</test>
<test id="s1-s1-t3" name="Validar estrutura de resposta" line="22">
<kw name="Teste de Estrutura de Resposta" owner="random-user-service">
<kw name="GET On Session" owner="RequestsLibrary">
<msg time="2024-04-17T13:14:52.832041" level="INFO">GET Request : url=https://randomuser.me/api 
 path_url=/api 
 headers={'User-Agent': 'python-requests/2.31.0', 'Accept-Encoding': 'gzip, deflate', 'Accept': '*/*', 'Connection': 'keep-alive'} 
 body=None 
 </msg>
<msg time="2024-04-17T13:14:52.832139" level="INFO">GET Response : url=https://randomuser.me/api 
 status=200, reason=OK 
 headers={'Date': 'Wed, 17 Apr 2024 13:14:52 GMT', 'Content-Type': 'application/json; charset=utf-8', 'Transfer-Encoding': 'chunked', 'Connection': 'keep-alive', 'X-Powered-By': 'Express', 'Access-Control-Allow-Origin': '*', 'Cache-Control': 'no-cache', 'ETag': 'W/"484-CbSWvOE65ghMGBsXk/EgYSgjSkI"', 'Vary': 'Accept-Encoding', 'Content-Encoding': 'gzip', 'CF-Cache-Status': 'DYNAMIC', 'Report-To': '{"endpoints":[{"url":"https:\\/\\/a.nel.cloudflare.com\\/report\\/v4?s=hRCY3s0ocj4jNUBhmKY2h1774yAzhjPNdYWzs0VeEUk2q81Gs%2BtwmF%2BtxVrsipKY2w12FYfSszLhZxsfj3AV2cK6cAGSJiC%2B%2FIqZS%2FqGpDoJwGKvWqkAxYlHbOrqPvbU"}],"group":"cf-nel","max_age":604800}', 'NEL': '{"success_fraction":0,"report_to":"cf-nel","max_age":604800}', 'Server': 'cloudflare', 'CF-RAY': '875cae3f8fa50285-ORD', 'alt-svc': 'h3=":443"; ma=86400'} 
 body={"results":[{"gender":"female","name":{"title":"Mrs","first":"Ragnhild","last":"Kvande"},"location":{"street":{"number":8693,"name":"Mustads vei"},"city":"Lauvsnes","state":"Akershus","country":"Norway","postcode":"6166","coordinates":{"latitude":"42.4167","longitude":"117.7270"},"timezone":{"offset":"-7:00","description":"Mountain Time (US &amp; Canada)"}},"email":"ragnhild.kvande@example.com","login":{"uuid":"c792d970-1278-40a1-af91-6caa9153bd09","username":"biggorilla806","password":"moses","salt":"jBGaPh49","md5":"fc612c7efefeb02b59fb10b1ea8e65a0","sha1":"e47defb8a51218a6f9f7211342025e175bc17a3d","sha256":"9c37123305597c4b915cb08cdbf3b7a384bce8cfab64543023f7401914b01441"},"dob":{"date":"1981-04-20T08:19:26.800Z","age":42},"registered":{"date":"2015-05-27T00:33:55.134Z","age":8},"phone":"23278054","cell":"45703490","id":{"name":"FN","value":"20048118055"},"picture":{"large":"https://randomuser.me/api/portraits/women/56.jpg","medium":"https://randomuser.me/api/portraits/med/women/56.jpg","thumbnail":"https://randomuser.me/api/portraits/thumb/women/56.jpg"},"nat":"NO"}],"info":{"seed":"88e91d44048a43bf","results":1,"page":1,"version":"1.4"}} 
 </msg>
<msg time="2024-04-17T13:14:52.832257" level="INFO">/opt/hostedtoolcache/Python/3.12.3/x64/lib/python3.12/site-packages/urllib3/connectionpool.py:1103: InsecureRequestWarning: Unverified HTTPS request is being made to host 'randomuser.me'. Adding certificate verification is strongly advised. See: https://urllib3.readthedocs.io/en/latest/advanced-usage.html#tls-warnings
  warnings.warn(</msg>
<msg time="2024-04-17T13:14:52.832383" level="INFO">${response} = &lt;Response [200]&gt;</msg>
<var>${response}</var>
<arg>consultarAPI</arg>
<arg>/api</arg>
<doc>Sends a GET request on a previously created HTTP Session.</doc>
<status status="PASS" start="2024-04-17T13:14:52.724127" elapsed="0.108298"/>
</kw>
<kw name="Set Variable" owner="BuiltIn">
<msg time="2024-04-17T13:14:52.833586" level="INFO">${json_data} = {'results': [{'gender': 'female', 'name': {'title': 'Mrs', 'first': 'Ragnhild', 'last': 'Kvande'}, 'location': {'street': {'number': 8693, 'name': 'Mustads vei'}, 'city': 'Lauvsnes', 'state': 'Akershu...</msg>
<var>${json_data}</var>
<arg>${response.json()}</arg>
<doc>Returns the given values which can then be assigned to a variables.</doc>
<status status="PASS" start="2024-04-17T13:14:52.832987" elapsed="0.000628"/>
</kw>
<kw name="Log" owner="BuiltIn">
<msg time="2024-04-17T13:14:52.834100" level="INFO">{'results': [{'gender': 'female', 'name': {'title': 'Mrs', 'first': 'Ragnhild', 'last': 'Kvande'}, 'location': {'street': {'number': 8693, 'name': 'Mustads vei'}, 'city': 'Lauvsnes', 'state': 'Akershus', 'country': 'Norway', 'postcode': '6166', 'coordinates': {'latitude': '42.4167', 'longitude': '117.7270'}, 'timezone': {'offset': '-7:00', 'description': 'Mountain Time (US &amp; Canada)'}}, 'email': 'ragnhild.kvande@example.com', 'login': {'uuid': 'c792d970-1278-40a1-af91-6caa9153bd09', 'username': 'biggorilla806', 'password': 'moses', 'salt': 'jBGaPh49', 'md5': 'fc612c7efefeb02b59fb10b1ea8e65a0', 'sha1': 'e47defb8a51218a6f9f7211342025e175bc17a3d', 'sha256': '9c37123305597c4b915cb08cdbf3b7a384bce8cfab64543023f7401914b01441'}, 'dob': {'date': '1981-04-20T08:19:26.800Z', 'age': 42}, 'registered': {'date': '2015-05-27T00:33:55.134Z', 'age': 8}, 'phone': '23278054', 'cell': '45703490', 'id': {'name': 'FN', 'value': '20048118055'}, 'picture': {'large': 'https://randomuser.me/api/portraits/women/56.jpg', 'medium': 'https://randomuser.me/api/portraits/med/women/56.jpg', 'thumbnail': 'https://randomuser.me/api/portraits/thumb/women/56.jpg'}, 'nat': 'NO'}], 'info': {'seed': '88e91d44048a43bf', 'results': 1, 'page': 1, 'version': '1.4'}}</msg>
<arg>${json_data}</arg>
<doc>Logs the given message with the given level.</doc>
<status status="PASS" start="2024-04-17T13:14:52.833938" elapsed="0.000212"/>
</kw>
<kw name="Dictionary Should Contain Key" owner="Collections">
<msg time="2024-04-17T13:14:52.834659" level="INFO">False</msg>
<arg>${json_data}</arg>
<arg>results</arg>
<doc>Fails if ``key`` is not found from ``dictionary``.</doc>
<status status="PASS" start="2024-04-17T13:14:52.834494" elapsed="0.000204"/>
</kw>
<kw name="Should Not Be Empty" owner="BuiltIn">
<msg time="2024-04-17T13:14:52.835129" level="INFO">Length is 2.</msg>
<arg>${json_data}</arg>
<doc>Verifies that the given item is not empty.</doc>
<status status="PASS" start="2024-04-17T13:14:52.834996" elapsed="0.000325"/>
</kw>
<kw name="Create List" owner="BuiltIn">
<msg time="2024-04-17T13:14:52.835771" level="INFO">${expected_keys} = ['gender', 'name', 'location', 'email', 'login']</msg>
<var>${expected_keys}</var>
<arg>gender</arg>
<arg>name</arg>
<arg>location</arg>
<arg>email</arg>
<arg>login</arg>
<doc>Returns a list containing given items.</doc>
<status status="PASS" start="2024-04-17T13:14:52.835621" elapsed="0.000175"/>
</kw>
<for flavor="IN">
<iter>
<kw name="Dictionary Should Contain Key" owner="Collections">
<msg time="2024-04-17T13:14:52.836793" level="INFO">False</msg>
<arg>${json_data['results'][0]}</arg>
<arg>${key}</arg>
<doc>Fails if ``key`` is not found from ``dictionary``.</doc>
<status status="PASS" start="2024-04-17T13:14:52.836385" elapsed="0.000446"/>
</kw>
<kw name="Log" owner="BuiltIn">
<msg time="2024-04-17T13:14:52.837498" level="INFO">{'gender': 'female', 'name': {'title': 'Mrs', 'first': 'Ragnhild', 'last': 'Kvande'}, 'location': {'street': {'number': 8693, 'name': 'Mustads vei'}, 'city': 'Lauvsnes', 'state': 'Akershus', 'country': 'Norway', 'postcode': '6166', 'coordinates': {'latitude': '42.4167', 'longitude': '117.7270'}, 'timezone': {'offset': '-7:00', 'description': 'Mountain Time (US &amp; Canada)'}}, 'email': 'ragnhild.kvande@example.com', 'login': {'uuid': 'c792d970-1278-40a1-af91-6caa9153bd09', 'username': 'biggorilla806', 'password': 'moses', 'salt': 'jBGaPh49', 'md5': 'fc612c7efefeb02b59fb10b1ea8e65a0', 'sha1': 'e47defb8a51218a6f9f7211342025e175bc17a3d', 'sha256': '9c37123305597c4b915cb08cdbf3b7a384bce8cfab64543023f7401914b01441'}, 'dob': {'date': '1981-04-20T08:19:26.800Z', 'age': 42}, 'registered': {'date': '2015-05-27T00:33:55.134Z', 'age': 8}, 'phone': '23278054', 'cell': '45703490', 'id': {'name': 'FN', 'value': '20048118055'}, 'picture': {'large': 'https://randomuser.me/api/portraits/women/56.jpg', 'medium': 'https://randomuser.me/api/portraits/med/women/56.jpg', 'thumbnail': 'https://randomuser.me/api/portraits/thumb/women/56.jpg'}, 'nat': 'NO'}</msg>
<arg>${json_data['results'][0]}</arg>
<doc>Logs the given message with the given level.</doc>
<status status="PASS" start="2024-04-17T13:14:52.837133" elapsed="0.000415"/>
</kw>
<kw name="Log" owner="BuiltIn">
<msg time="2024-04-17T13:14:52.837972" level="INFO">gender</msg>
<arg>${key}</arg>
<doc>Logs the given message with the given level.</doc>
<status status="PASS" start="2024-04-17T13:14:52.837843" elapsed="0.000167"/>
</kw>
<var name="${key}">gender</var>
<status status="PASS" start="2024-04-17T13:14:52.836253" elapsed="0.001975"/>
</iter>
<iter>
<kw name="Dictionary Should Contain Key" owner="Collections">
<msg time="2024-04-17T13:14:52.838974" level="INFO">False</msg>
<arg>${json_data['results'][0]}</arg>
<arg>${key}</arg>
<doc>Fails if ``key`` is not found from ``dictionary``.</doc>
<status status="PASS" start="2024-04-17T13:14:52.838582" elapsed="0.000441"/>
</kw>
<kw name="Log" owner="BuiltIn">
<msg time="2024-04-17T13:14:52.839720" level="INFO">{'gender': 'female', 'name': {'title': 'Mrs', 'first': 'Ragnhild', 'last': 'Kvande'}, 'location': {'street': {'number': 8693, 'name': 'Mustads vei'}, 'city': 'Lauvsnes', 'state': 'Akershus', 'country': 'Norway', 'postcode': '6166', 'coordinates': {'latitude': '42.4167', 'longitude': '117.7270'}, 'timezone': {'offset': '-7:00', 'description': 'Mountain Time (US &amp; Canada)'}}, 'email': 'ragnhild.kvande@example.com', 'login': {'uuid': 'c792d970-1278-40a1-af91-6caa9153bd09', 'username': 'biggorilla806', 'password': 'moses', 'salt': 'jBGaPh49', 'md5': 'fc612c7efefeb02b59fb10b1ea8e65a0', 'sha1': 'e47defb8a51218a6f9f7211342025e175bc17a3d', 'sha256': '9c37123305597c4b915cb08cdbf3b7a384bce8cfab64543023f7401914b01441'}, 'dob': {'date': '1981-04-20T08:19:26.800Z', 'age': 42}, 'registered': {'date': '2015-05-27T00:33:55.134Z', 'age': 8}, 'phone': '23278054', 'cell': '45703490', 'id': {'name': 'FN', 'value': '20048118055'}, 'picture': {'large': 'https://randomuser.me/api/portraits/women/56.jpg', 'medium': 'https://randomuser.me/api/portraits/med/women/56.jpg', 'thumbnail': 'https://randomuser.me/api/portraits/thumb/women/56.jpg'}, 'nat': 'NO'}</msg>
<arg>${json_data['results'][0]}</arg>
<doc>Logs the given message with the given level.</doc>
<status status="PASS" start="2024-04-17T13:14:52.839355" elapsed="0.000414"/>
</kw>
<kw name="Log" owner="BuiltIn">
<msg time="2024-04-17T13:14:52.840192" level="INFO">name</msg>
<arg>${key}</arg>
<doc>Logs the given message with the given level.</doc>
<status status="PASS" start="2024-04-17T13:14:52.840065" elapsed="0.000164"/>
</kw>
<var name="${key}">name</var>
<status status="PASS" start="2024-04-17T13:14:52.838455" elapsed="0.001988"/>
</iter>
<iter>
<kw name="Dictionary Should Contain Key" owner="Collections">
<msg time="2024-04-17T13:14:52.841124" level="INFO">False</msg>
<arg>${json_data['results'][0]}</arg>
<arg>${key}</arg>
<doc>Fails if ``key`` is not found from ``dictionary``.</doc>
<status status="PASS" start="2024-04-17T13:14:52.840738" elapsed="0.000423"/>
</kw>
<kw name="Log" owner="BuiltIn">
<msg time="2024-04-17T13:14:52.841830" level="INFO">{'gender': 'female', 'name': {'title': 'Mrs', 'first': 'Ragnhild', 'last': 'Kvande'}, 'location': {'street': {'number': 8693, 'name': 'Mustads vei'}, 'city': 'Lauvsnes', 'state': 'Akershus', 'country': 'Norway', 'postcode': '6166', 'coordinates': {'latitude': '42.4167', 'longitude': '117.7270'}, 'timezone': {'offset': '-7:00', 'description': 'Mountain Time (US &amp; Canada)'}}, 'email': 'ragnhild.kvande@example.com', 'login': {'uuid': 'c792d970-1278-40a1-af91-6caa9153bd09', 'username': 'biggorilla806', 'password': 'moses', 'salt': 'jBGaPh49', 'md5': 'fc612c7efefeb02b59fb10b1ea8e65a0', 'sha1': 'e47defb8a51218a6f9f7211342025e175bc17a3d', 'sha256': '9c37123305597c4b915cb08cdbf3b7a384bce8cfab64543023f7401914b01441'}, 'dob': {'date': '1981-04-20T08:19:26.800Z', 'age': 42}, 'registered': {'date': '2015-05-27T00:33:55.134Z', 'age': 8}, 'phone': '23278054', 'cell': '45703490', 'id': {'name': 'FN', 'value': '20048118055'}, 'picture': {'large': 'https://randomuser.me/api/portraits/women/56.jpg', 'medium': 'https://randomuser.me/api/portraits/med/women/56.jpg', 'thumbnail': 'https://randomuser.me/api/portraits/thumb/women/56.jpg'}, 'nat': 'NO'}</msg>
<arg>${json_data['results'][0]}</arg>
<doc>Logs the given message with the given level.</doc>
<status status="PASS" start="2024-04-17T13:14:52.841470" elapsed="0.000409"/>
</kw>
<kw name="Log" owner="BuiltIn">
<msg time="2024-04-17T13:14:52.842328" level="INFO">location</msg>
<arg>${key}</arg>
<doc>Logs the given message with the given level.</doc>
<status status="PASS" start="2024-04-17T13:14:52.842172" elapsed="0.000197"/>
</kw>
<var name="${key}">location</var>
<status status="PASS" start="2024-04-17T13:14:52.840625" elapsed="0.001965"/>
</iter>
<iter>
<kw name="Dictionary Should Contain Key" owner="Collections">
<msg time="2024-04-17T13:14:52.843265" level="INFO">False</msg>
<arg>${json_data['results'][0]}</arg>
<arg>${key}</arg>
<doc>Fails if ``key`` is not found from ``dictionary``.</doc>
<status status="PASS" start="2024-04-17T13:14:52.842879" elapsed="0.000423"/>
</kw>
<kw name="Log" owner="BuiltIn">
<msg time="2024-04-17T13:14:52.843964" level="INFO">{'gender': 'female', 'name': {'title': 'Mrs', 'first': 'Ragnhild', 'last': 'Kvande'}, 'location': {'street': {'number': 8693, 'name': 'Mustads vei'}, 'city': 'Lauvsnes', 'state': 'Akershus', 'country': 'Norway', 'postcode': '6166', 'coordinates': {'latitude': '42.4167', 'longitude': '117.7270'}, 'timezone': {'offset': '-7:00', 'description': 'Mountain Time (US &amp; Canada)'}}, 'email': 'ragnhild.kvande@example.com', 'login': {'uuid': 'c792d970-1278-40a1-af91-6caa9153bd09', 'username': 'biggorilla806', 'password': 'moses', 'salt': 'jBGaPh49', 'md5': 'fc612c7efefeb02b59fb10b1ea8e65a0', 'sha1': 'e47defb8a51218a6f9f7211342025e175bc17a3d', 'sha256': '9c37123305597c4b915cb08cdbf3b7a384bce8cfab64543023f7401914b01441'}, 'dob': {'date': '1981-04-20T08:19:26.800Z', 'age': 42}, 'registered': {'date': '2015-05-27T00:33:55.134Z', 'age': 8}, 'phone': '23278054', 'cell': '45703490', 'id': {'name': 'FN', 'value': '20048118055'}, 'picture': {'large': 'https://randomuser.me/api/portraits/women/56.jpg', 'medium': 'https://randomuser.me/api/portraits/med/women/56.jpg', 'thumbnail': 'https://randomuser.me/api/portraits/thumb/women/56.jpg'}, 'nat': 'NO'}</msg>
<arg>${json_data['results'][0]}</arg>
<doc>Logs the given message with the given level.</doc>
<status status="PASS" start="2024-04-17T13:14:52.843600" elapsed="0.000415"/>
</kw>
<kw name="Log" owner="BuiltIn">
<msg time="2024-04-17T13:14:52.844435" level="INFO">email</msg>
<arg>${key}</arg>
<doc>Logs the given message with the given level.</doc>
<status status="PASS" start="2024-04-17T13:14:52.844309" elapsed="0.000164"/>
</kw>
<var name="${key}">email</var>
<status status="PASS" start="2024-04-17T13:14:52.842767" elapsed="0.001922"/>
</iter>
<iter>
<kw name="Dictionary Should Contain Key" owner="Collections">
<msg time="2024-04-17T13:14:52.845358" level="INFO">False</msg>
<arg>${json_data['results'][0]}</arg>
<arg>${key}</arg>
<doc>Fails if ``key`` is not found from ``dictionary``.</doc>
<status status="PASS" start="2024-04-17T13:14:52.844972" elapsed="0.000424"/>
</kw>
<kw name="Log" owner="BuiltIn">
<msg time="2024-04-17T13:14:52.846056" level="INFO">{'gender': 'female', 'name': {'title': 'Mrs', 'first': 'Ragnhild', 'last': 'Kvande'}, 'location': {'street': {'number': 8693, 'name': 'Mustads vei'}, 'city': 'Lauvsnes', 'state': 'Akershus', 'country': 'Norway', 'postcode': '6166', 'coordinates': {'latitude': '42.4167', 'longitude': '117.7270'}, 'timezone': {'offset': '-7:00', 'description': 'Mountain Time (US &amp; Canada)'}}, 'email': 'ragnhild.kvande@example.com', 'login': {'uuid': 'c792d970-1278-40a1-af91-6caa9153bd09', 'username': 'biggorilla806', 'password': 'moses', 'salt': 'jBGaPh49', 'md5': 'fc612c7efefeb02b59fb10b1ea8e65a0', 'sha1': 'e47defb8a51218a6f9f7211342025e175bc17a3d', 'sha256': '9c37123305597c4b915cb08cdbf3b7a384bce8cfab64543023f7401914b01441'}, 'dob': {'date': '1981-04-20T08:19:26.800Z', 'age': 42}, 'registered': {'date': '2015-05-27T00:33:55.134Z', 'age': 8}, 'phone': '23278054', 'cell': '45703490', 'id': {'name': 'FN', 'value': '20048118055'}, 'picture': {'large': 'https://randomuser.me/api/portraits/women/56.jpg', 'medium': 'https://randomuser.me/api/portraits/med/women/56.jpg', 'thumbnail': 'https://randomuser.me/api/portraits/thumb/women/56.jpg'}, 'nat': 'NO'}</msg>
<arg>${json_data['results'][0]}</arg>
<doc>Logs the given message with the given level.</doc>
<status status="PASS" start="2024-04-17T13:14:52.845695" elapsed="0.000411"/>
</kw>
<kw name="Log" owner="BuiltIn">
<msg time="2024-04-17T13:14:52.846566" level="INFO">login</msg>
<arg>${key}</arg>
<doc>Logs the given message with the given level.</doc>
<status status="PASS" start="2024-04-17T13:14:52.846434" elapsed="0.000171"/>
</kw>
<var name="${key}">login</var>
<status status="PASS" start="2024-04-17T13:14:52.844861" elapsed="0.001993"/>
</iter>
<var>${key}</var>
<value>@{expected_keys}</value>
<status status="PASS" start="2024-04-17T13:14:52.836054" elapsed="0.010930"/>
</for>
<kw name="Create List" owner="BuiltIn">
<msg time="2024-04-17T13:14:52.847329" level="INFO">${expected_keysTwo} = ['username', 'password']</msg>
<var>${expected_keysTwo}</var>
<arg>username</arg>
<arg>password</arg>
<doc>Returns a list containing given items.</doc>
<status status="PASS" start="2024-04-17T13:14:52.847191" elapsed="0.000162"/>
</kw>
<for flavor="IN">
<iter>
<kw name="Dictionary Should Contain Key" owner="Collections">
<msg time="2024-04-17T13:14:52.848248" level="INFO">False</msg>
<arg>${json_data['results'][0]['login']}</arg>
<arg>${keyTwo}</arg>
<doc>Fails if ``key`` is not found from ``dictionary``.</doc>
<status status="PASS" start="2024-04-17T13:14:52.847861" elapsed="0.000426"/>
</kw>
<kw name="Dictionary Should Contain Key" owner="Collections">
<msg time="2024-04-17T13:14:52.848970" level="INFO">False</msg>
<arg>${json_data['results'][0]['login']}</arg>
<arg>${keyTwo}</arg>
<doc>Fails if ``key`` is not found from ``dictionary``.</doc>
<status status="PASS" start="2024-04-17T13:14:52.848580" elapsed="0.000428"/>
</kw>
<kw name="Log" owner="BuiltIn">
<msg time="2024-04-17T13:14:52.849426" level="INFO">username</msg>
<arg>${keyTwo}</arg>
<doc>Logs the given message with the given level.</doc>
<status status="PASS" start="2024-04-17T13:14:52.849299" elapsed="0.000169"/>
</kw>
<var name="${keyTwo}">username</var>
<status status="PASS" start="2024-04-17T13:14:52.847745" elapsed="0.001937"/>
</iter>
<iter>
<kw name="Dictionary Should Contain Key" owner="Collections">
<msg time="2024-04-17T13:14:52.850452" level="INFO">False</msg>
<arg>${json_data['results'][0]['login']}</arg>
<arg>${keyTwo}</arg>
<doc>Fails if ``key`` is not found from ``dictionary``.</doc>
<status status="PASS" start="2024-04-17T13:14:52.849965" elapsed="0.000533"/>
</kw>
<kw name="Dictionary Should Contain Key" owner="Collections">
<msg time="2024-04-17T13:14:52.851183" level="INFO">False</msg>
<arg>${json_data['results'][0]['login']}</arg>
<arg>${keyTwo}</arg>
<doc>Fails if ``key`` is not found from ``dictionary``.</doc>
<status status="PASS" start="2024-04-17T13:14:52.850798" elapsed="0.000424"/>
</kw>
<kw name="Log" owner="BuiltIn">
<msg time="2024-04-17T13:14:52.851645" level="INFO">password</msg>
<arg>${keyTwo}</arg>
<doc>Logs the given message with the given level.</doc>
<status status="PASS" start="2024-04-17T13:14:52.851517" elapsed="0.000165"/>
</kw>
<var name="${keyTwo}">password</var>
<status status="PASS" start="2024-04-17T13:14:52.849854" elapsed="0.002043"/>
</iter>
<var>${keyTwo}</var>
<value>@{expected_keysTwo}</value>
<status status="PASS" start="2024-04-17T13:14:52.847591" elapsed="0.004427"/>
</for>
<status status="PASS" start="2024-04-17T13:14:52.723883" elapsed="0.128275"/>
</kw>
<doc>Testa a estrutura da resposta da API.</doc>
<tag>testeEstruturaResposta</tag>
<status status="PASS" start="2024-04-17T13:14:52.723278" elapsed="0.129039"/>
</test>
<test id="s1-s1-t4" name="Validar tipos de dados" line="28">
<kw name="Teste de Tipos de Dados" owner="random-user-service">
<kw name="GET On Session" owner="RequestsLibrary">
<msg time="2024-04-17T13:14:52.916611" level="INFO">GET Request : url=https://randomuser.me/api 
 path_url=/api 
 headers={'User-Agent': 'python-requests/2.31.0', 'Accept-Encoding': 'gzip, deflate', 'Accept': '*/*', 'Connection': 'keep-alive'} 
 body=None 
 </msg>
<msg time="2024-04-17T13:14:52.916688" level="INFO">GET Response : url=https://randomuser.me/api 
 status=200, reason=OK 
 headers={'Date': 'Wed, 17 Apr 2024 13:14:52 GMT', 'Content-Type': 'application/json; charset=utf-8', 'Transfer-Encoding': 'chunked', 'Connection': 'keep-alive', 'X-Powered-By': 'Express', 'Access-Control-Allow-Origin': '*', 'Cache-Control': 'no-cache', 'ETag': 'W/"484-EK9s2DNd/G4WJbSRx3+XAcsSXoo"', 'Vary': 'Accept-Encoding', 'Content-Encoding': 'gzip', 'CF-Cache-Status': 'DYNAMIC', 'Report-To': '{"endpoints":[{"url":"https:\\/\\/a.nel.cloudflare.com\\/report\\/v4?s=Bq6tjlzUOzto%2FdCM2CX%2Bjb4m8JP%2FH1pCrdhjndn98ICI44u5otAIFZrF%2BOUQYciIFz96JJ10GDpqS2nAh5T7HScHRfTDIc0nRLC6Fa33x6iEG%2FGTVhMLyDlwc8f5NLdd"}],"group":"cf-nel","max_age":604800}', 'NEL': '{"success_fraction":0,"report_to":"cf-nel","max_age":604800}', 'Server': 'cloudflare', 'CF-RAY': '875cae4058c40285-ORD', 'alt-svc': 'h3=":443"; ma=86400'} 
 body={"results":[{"gender":"male","name":{"title":"Mr","first":"Balendra","last":"Chatterjee"},"location":{"street":{"number":6685,"name":"Chimanlal Girdharlal Rd"},"city":"Hosur","state":"Daman and Diu","country":"India","postcode":15125,"coordinates":{"latitude":"12.2839","longitude":"-59.1124"},"timezone":{"offset":"-9:00","description":"Alaska"}},"email":"balendra.chatterjee@example.com","login":{"uuid":"331a2640-3988-4e5a-ac50-912f2a855430","username":"goldenbird614","password":"shorty","salt":"nLHH6vO5","md5":"04e461166cfa158cb6b95803b5cfd97d","sha1":"56e21600455738e7c3a8ba355eab213599ab62b5","sha256":"012b3904f16532b9d22d217b754723f60e6d8bf46d70bab96123998349cfaae0"},"dob":{"date":"1948-10-17T12:40:07.539Z","age":75},"registered":{"date":"2005-04-25T21:45:19.653Z","age":18},"phone":"7653322054","cell":"8379437173","id":{"name":"UIDAI","value":"500341502520"},"picture":{"large":"https://randomuser.me/api/portraits/men/95.jpg","medium":"https://randomuser.me/api/portraits/med/men/95.jpg","thumbnail":"https://randomuser.me/api/portraits/thumb/men/95.jpg"},"nat":"IN"}],"info":{"seed":"935d6c4d00c8b60b","results":1,"page":1,"version":"1.4"}} 
 </msg>
<msg time="2024-04-17T13:14:52.916758" level="INFO">/opt/hostedtoolcache/Python/3.12.3/x64/lib/python3.12/site-packages/urllib3/connectionpool.py:1103: InsecureRequestWarning: Unverified HTTPS request is being made to host 'randomuser.me'. Adding certificate verification is strongly advised. See: https://urllib3.readthedocs.io/en/latest/advanced-usage.html#tls-warnings
  warnings.warn(</msg>
<msg time="2024-04-17T13:14:52.916874" level="INFO">${response} = &lt;Response [200]&gt;</msg>
<var>${response}</var>
<arg>consultarAPI</arg>
<arg>/api</arg>
<doc>Sends a GET request on a previously created HTTP Session.</doc>
<status status="PASS" start="2024-04-17T13:14:52.854893" elapsed="0.062030"/>
</kw>
<kw name="Set Variable" owner="BuiltIn">
<msg time="2024-04-17T13:14:52.918058" level="INFO">${json_data} = {'results': [{'gender': 'male', 'name': {'title': 'Mr', 'first': 'Balendra', 'last': 'Chatterjee'}, 'location': {'street': {'number': 6685, 'name': 'Chimanlal Girdharlal Rd'}, 'city': 'Hosur', 'state'...</msg>
<var>${json_data}</var>
<arg>${response.json()}</arg>
<doc>Returns the given values which can then be assigned to a variables.</doc>
<status status="PASS" start="2024-04-17T13:14:52.917448" elapsed="0.000639"/>
</kw>
<kw name="Log" owner="BuiltIn">
<msg time="2024-04-17T13:14:52.918586" level="INFO">{'results': [{'gender': 'male', 'name': {'title': 'Mr', 'first': 'Balendra', 'last': 'Chatterjee'}, 'location': {'street': {'number': 6685, 'name': 'Chimanlal Girdharlal Rd'}, 'city': 'Hosur', 'state': 'Daman and Diu', 'country': 'India', 'postcode': 15125, 'coordinates': {'latitude': '12.2839', 'longitude': '-59.1124'}, 'timezone': {'offset': '-9:00', 'description': 'Alaska'}}, 'email': 'balendra.chatterjee@example.com', 'login': {'uuid': '331a2640-3988-4e5a-ac50-912f2a855430', 'username': 'goldenbird614', 'password': 'shorty', 'salt': 'nLHH6vO5', 'md5': '04e461166cfa158cb6b95803b5cfd97d', 'sha1': '56e21600455738e7c3a8ba355eab213599ab62b5', 'sha256': '012b3904f16532b9d22d217b754723f60e6d8bf46d70bab96123998349cfaae0'}, 'dob': {'date': '1948-10-17T12:40:07.539Z', 'age': 75}, 'registered': {'date': '2005-04-25T21:45:19.653Z', 'age': 18}, 'phone': '7653322054', 'cell': '8379437173', 'id': {'name': 'UIDAI', 'value': '500341502520'}, 'picture': {'large': 'https://randomuser.me/api/portraits/men/95.jpg', 'medium': 'https://randomuser.me/api/portraits/med/men/95.jpg', 'thumbnail': 'https://randomuser.me/api/portraits/thumb/men/95.jpg'}, 'nat': 'IN'}], 'info': {'seed': '935d6c4d00c8b60b', 'results': 1, 'page': 1, 'version': '1.4'}}</msg>
<arg>${json_data}</arg>
<doc>Logs the given message with the given level.</doc>
<status status="PASS" start="2024-04-17T13:14:52.918432" elapsed="0.000234"/>
</kw>
<kw name="Should Be String" owner="String">
<arg>${json_data['results'][0]['gender']}</arg>
<doc>Fails if the given ``item`` is not a string.</doc>
<status status="PASS" start="2024-04-17T13:14:52.918967" elapsed="0.000358"/>
</kw>
<kw name="Should Match Regexp" owner="BuiltIn">
<arg>${json_data['results'][0]['email']}</arg>
<arg>^[a-zA-Z0-9._%+-]+@[a-zA-Z0-9.-]+\.[a-zA-Z]{2,}$</arg>
<doc>Fails if ``string`` does not match ``pattern`` as a regular expression.</doc>
<status status="PASS" start="2024-04-17T13:14:52.919518" elapsed="0.000524"/>
</kw>
<kw name="Should Match Regexp" owner="BuiltIn">
<arg>${json_data['results'][0]['dob']['date']}</arg>
<arg>\\d{4}-\\d{2}-\\d{2}T\\d{2}:\\d{2}:\\d{2}\\.\\d{3}Z</arg>
<doc>Fails if ``string`` does not match ``pattern`` as a regular expression.</doc>
<status status="PASS" start="2024-04-17T13:14:52.920242" elapsed="0.000486"/>
</kw>
<kw name="Should Match Regexp" owner="BuiltIn">
<arg>${json_data['results'][0]['registered']['date']}</arg>
<arg>\\d{4}-\\d{2}-\\d{2}T\\d{2}:\\d{2}:\\d{2}\\.\\d{3}Z</arg>
<doc>Fails if ``string`` does not match ``pattern`` as a regular expression.</doc>
<status status="PASS" start="2024-04-17T13:14:52.920921" elapsed="0.000370"/>
</kw>
<kw name="Should Match Regexp" owner="BuiltIn">
<arg>${json_data['results'][0]['picture']['large']}</arg>
<arg>^https?://.*\.(?:png|jpe?g|gif|bmp)$</arg>
<doc>Fails if ``string`` does not match ``pattern`` as a regular expression.</doc>
<status status="PASS" start="2024-04-17T13:14:52.921488" elapsed="0.000461"/>
</kw>
<kw name="Should Match Regexp" owner="BuiltIn">
<arg>${json_data['results'][0]['picture']['medium']}</arg>
<arg>^https?://.*\.(?:png|jpe?g|gif|bmp)$</arg>
<doc>Fails if ``string`` does not match ``pattern`` as a regular expression.</doc>
<status status="PASS" start="2024-04-17T13:14:52.922138" elapsed="0.000390"/>
</kw>
<kw name="Should Match Regexp" owner="BuiltIn">
<arg>${json_data['results'][0]['picture']['thumbnail']}</arg>
<arg>^https?://.*\.(?:png|jpe?g|gif|bmp)$</arg>
<doc>Fails if ``string`` does not match ``pattern`` as a regular expression.</doc>
<status status="PASS" start="2024-04-17T13:14:52.922721" elapsed="0.000350"/>
</kw>
<kw name="Log" owner="BuiltIn">
<msg time="2024-04-17T13:14:52.923570" level="INFO">{'large': 'https://randomuser.me/api/portraits/men/95.jpg', 'medium': 'https://randomuser.me/api/portraits/med/men/95.jpg', 'thumbnail': 'https://randomuser.me/api/portraits/thumb/men/95.jpg'}</msg>
<arg>${json_data['results'][0]['picture']}</arg>
<doc>Logs the given message with the given level.</doc>
<status status="PASS" start="2024-04-17T13:14:52.923250" elapsed="0.000361"/>
</kw>
<status status="PASS" start="2024-04-17T13:14:52.854661" elapsed="0.069202"/>
</kw>
<kw name="Teste de Tipos de Dados - Postcode" owner="random-user-service">
<kw name="GET On Session" owner="RequestsLibrary">
<msg time="2024-04-17T13:14:53.028242" level="INFO">GET Request : url=https://randomuser.me/api 
 path_url=/api 
 headers={'User-Agent': 'python-requests/2.31.0', 'Accept-Encoding': 'gzip, deflate', 'Accept': '*/*', 'Connection': 'keep-alive'} 
 body=None 
 </msg>
<msg time="2024-04-17T13:14:53.028356" level="INFO">GET Response : url=https://randomuser.me/api 
 status=200, reason=OK 
 headers={'Date': 'Wed, 17 Apr 2024 13:14:53 GMT', 'Content-Type': 'application/json; charset=utf-8', 'Transfer-Encoding': 'chunked', 'Connection': 'keep-alive', 'X-Powered-By': 'Express', 'Access-Control-Allow-Origin': '*', 'Cache-Control': 'no-cache', 'ETag': 'W/"486-dmfhzYWsnwA4CoXWn53hjVop5+E"', 'Vary': 'Accept-Encoding', 'Content-Encoding': 'gzip', 'CF-Cache-Status': 'DYNAMIC', 'Report-To': '{"endpoints":[{"url":"https:\\/\\/a.nel.cloudflare.com\\/report\\/v4?s=HsxqW6wLvzsL3BTPwRfgEFsOyjX2UAz3v9rA%2Bi1BfKQXcOZYVtrGaQV1MEi2zpK70%2FCPguljGvnu8S5Dkkbkm%2Bx2NFREp8bTpdcojsWtRM2bum3hmA4mEd8gGDomTf%2Bi"}],"group":"cf-nel","max_age":604800}', 'NEL': '{"success_fraction":0,"report_to":"cf-nel","max_age":604800}', 'Server': 'cloudflare', 'CF-RAY': '875cae40c98d0285-ORD', 'alt-svc': 'h3=":443"; ma=86400'} 
 body={"results":[{"gender":"female","name":{"title":"Mrs","first":"Melinda","last":"Dixon"},"location":{"street":{"number":6889,"name":"Bruce St"},"city":"Devonport","state":"Tasmania","country":"Australia","postcode":1659,"coordinates":{"latitude":"-89.1043","longitude":"73.5933"},"timezone":{"offset":"-1:00","description":"Azores, Cape Verde Islands"}},"email":"melinda.dixon@example.com","login":{"uuid":"a366b15a-7794-4915-940d-c6e0aa4bfb95","username":"smallrabbit439","password":"2121","salt":"CMsKfver","md5":"a6d25ec5a30434b1c6b80029cee19adb","sha1":"4fefc8b4cc49f3f3b1e10aac03345fb33f140272","sha256":"49176bbca456f1f0c846ce131aefa62703c7aa18c8f9069233c080fdd8581299"},"dob":{"date":"1994-07-25T06:02:33.178Z","age":29},"registered":{"date":"2002-10-31T13:38:55.012Z","age":21},"phone":"06-3797-6309","cell":"0442-779-700","id":{"name":"TFN","value":"072075501"},"picture":{"large":"https://randomuser.me/api/portraits/women/65.jpg","medium":"https://randomuser.me/api/portraits/med/women/65.jpg","thumbnail":"https://randomuser.me/api/portraits/thumb/women/65.jpg"},"nat":"AU"}],"info":{"seed":"18d63d564786543a","results":1,"page":1,"version":"1.4"}} 
 </msg>
<msg time="2024-04-17T13:14:53.028485" level="INFO">/opt/hostedtoolcache/Python/3.12.3/x64/lib/python3.12/site-packages/urllib3/connectionpool.py:1103: InsecureRequestWarning: Unverified HTTPS request is being made to host 'randomuser.me'. Adding certificate verification is strongly advised. See: https://urllib3.readthedocs.io/en/latest/advanced-usage.html#tls-warnings
  warnings.warn(</msg>
<msg time="2024-04-17T13:14:53.028631" level="INFO">${response} = &lt;Response [200]&gt;</msg>
<var>${response}</var>
<arg>consultarAPI</arg>
<arg>/api</arg>
<doc>Sends a GET request on a previously created HTTP Session.</doc>
<status status="PASS" start="2024-04-17T13:14:52.924310" elapsed="0.104372"/>
</kw>
<kw name="Set Variable" owner="BuiltIn">
<msg time="2024-04-17T13:14:53.030116" level="INFO">${json_data} = {'results': [{'gender': 'female', 'name': {'title': 'Mrs', 'first': 'Melinda', 'last': 'Dixon'}, 'location': {'street': {'number': 6889, 'name': 'Bruce St'}, 'city': 'Devonport', 'state': 'Tasmania', ...</msg>
<var>${json_data}</var>
<arg>${response.json()}</arg>
<doc>Returns the given values which can then be assigned to a variables.</doc>
<status status="PASS" start="2024-04-17T13:14:53.029383" elapsed="0.000763"/>
</kw>
<kw name="Log" owner="BuiltIn">
<msg time="2024-04-17T13:14:53.031002" level="INFO">{'results': [{'gender': 'female', 'name': {'title': 'Mrs', 'first': 'Melinda', 'last': 'Dixon'}, 'location': {'street': {'number': 6889, 'name': 'Bruce St'}, 'city': 'Devonport', 'state': 'Tasmania', 'country': 'Australia', 'postcode': 1659, 'coordinates': {'latitude': '-89.1043', 'longitude': '73.5933'}, 'timezone': {'offset': '-1:00', 'description': 'Azores, Cape Verde Islands'}}, 'email': 'melinda.dixon@example.com', 'login': {'uuid': 'a366b15a-7794-4915-940d-c6e0aa4bfb95', 'username': 'smallrabbit439', 'password': '2121', 'salt': 'CMsKfver', 'md5': 'a6d25ec5a30434b1c6b80029cee19adb', 'sha1': '4fefc8b4cc49f3f3b1e10aac03345fb33f140272', 'sha256': '49176bbca456f1f0c846ce131aefa62703c7aa18c8f9069233c080fdd8581299'}, 'dob': {'date': '1994-07-25T06:02:33.178Z', 'age': 29}, 'registered': {'date': '2002-10-31T13:38:55.012Z', 'age': 21}, 'phone': '06-3797-6309', 'cell': '0442-779-700', 'id': {'name': 'TFN', 'value': '072075501'}, 'picture': {'large': 'https://randomuser.me/api/portraits/women/65.jpg', 'medium': 'https://randomuser.me/api/portraits/med/women/65.jpg', 'thumbnail': 'https://randomuser.me/api/portraits/thumb/women/65.jpg'}, 'nat': 'AU'}], 'info': {'seed': '18d63d564786543a', 'results': 1, 'page': 1, 'version': '1.4'}}</msg>
<arg>${json_data}</arg>
<doc>Logs the given message with the given level.</doc>
<status status="PASS" start="2024-04-17T13:14:53.030770" elapsed="0.000333"/>
</kw>
<kw name="Should Be Equal As Numbers" owner="BuiltIn">
<arg>${json_data['results'][0]['location']['postcode']}</arg>
<arg>${json_data['results'][0]['location']['postcode']}</arg>
<doc>Fails if objects are unequal after converting them to real numbers.</doc>
<status status="PASS" start="2024-04-17T13:14:53.031890" elapsed="0.000823"/>
</kw>
<kw name="Log" owner="BuiltIn">
<msg time="2024-04-17T13:14:53.033434" level="INFO">1659</msg>
<arg>${json_data['results'][0]['location']['postcode']}</arg>
<doc>Logs the given message with the given level.</doc>
<status status="PASS" start="2024-04-17T13:14:53.032971" elapsed="0.000507"/>
</kw>
<status status="PASS" start="2024-04-17T13:14:52.924080" elapsed="0.109753"/>
</kw>
<doc>Testa se os tipos de dados na resposta da API estão corretos.</doc>
<tag>testeTiposDados</tag>
<status status="PASS" start="2024-04-17T13:14:52.854098" elapsed="0.179920"/>
</test>
<test id="s1-s1-t5" name="Validar conteudo" line="35">
<kw name="Teste de Tipos de Conteudo" owner="random-user-service">
<kw name="GET On Session" owner="RequestsLibrary">
<msg time="2024-04-17T13:14:53.127480" level="INFO">GET Request : url=https://randomuser.me/api 
 path_url=/api 
 headers={'User-Agent': 'python-requests/2.31.0', 'Accept-Encoding': 'gzip, deflate', 'Accept': '*/*', 'Connection': 'keep-alive'} 
 body=None 
 </msg>
<msg time="2024-04-17T13:14:53.127593" level="INFO">GET Response : url=https://randomuser.me/api 
 status=200, reason=OK 
 headers={'Date': 'Wed, 17 Apr 2024 13:14:53 GMT', 'Content-Type': 'application/json; charset=utf-8', 'Transfer-Encoding': 'chunked', 'Connection': 'keep-alive', 'X-Powered-By': 'Express', 'Access-Control-Allow-Origin': '*', 'Cache-Control': 'no-cache', 'ETag': 'W/"49c-f5mI7qudvrUs+MgXp2cepUeVwX0"', 'Vary': 'Accept-Encoding', 'Content-Encoding': 'gzip', 'CF-Cache-Status': 'DYNAMIC', 'Report-To': '{"endpoints":[{"url":"https:\\/\\/a.nel.cloudflare.com\\/report\\/v4?s=n2G9dt4QAi9UDrjyASQF33QesYzmrgZp099trMLJA6BxfhamNtKSyeaAiyBUAmqHAvgbiYnIKWhYatMnDPh1cAewoDOa33LwDSZ3zzsbN%2B6hJQ84Qr3qDn235gG2U7ug"}],"group":"cf-nel","max_age":604800}', 'NEL': '{"success_fraction":0,"report_to":"cf-nel","max_age":604800}', 'Server': 'cloudflare', 'CF-RAY': '875cae418adc0285-ORD', 'alt-svc': 'h3=":443"; ma=86400'} 
 body={"results":[{"gender":"female","name":{"title":"Miss","first":"Mónica","last":"Vega"},"location":{"street":{"number":1253,"name":"Calle de La Luna"},"city":"Alcalá de Henares","state":"Región de Murcia","country":"Spain","postcode":99167,"coordinates":{"latitude":"-37.6473","longitude":"166.3255"},"timezone":{"offset":"+6:00","description":"Almaty, Dhaka, Colombo"}},"email":"monica.vega@example.com","login":{"uuid":"af2c280f-f0ba-48cf-832f-4052ca7285da","username":"whiteelephant122","password":"bushido","salt":"aTOGV9Um","md5":"2918c0fcd147bcfe260d0ff15a6ef3d7","sha1":"5eff55c23ed795467407aff690c936ab0d026d17","sha256":"f5dfb8d68d2b47ef1a24333ec182cb520c8e0d0091298d8f8da294fb6d045b94"},"dob":{"date":"1965-05-28T11:36:32.583Z","age":58},"registered":{"date":"2005-12-11T07:38:44.055Z","age":18},"phone":"964-153-864","cell":"671-254-181","id":{"name":"DNI","value":"42289827-H"},"picture":{"large":"https://randomuser.me/api/portraits/women/75.jpg","medium":"https://randomuser.me/api/portraits/med/women/75.jpg","thumbnail":"https://randomuser.me/api/portraits/thumb/women/75.jpg"},"nat":"ES"}],"info":{"seed":"db317bf495f84462","results":1,"page":1,"version":"1.4"}} 
 </msg>
<msg time="2024-04-17T13:14:53.127678" level="INFO">/opt/hostedtoolcache/Python/3.12.3/x64/lib/python3.12/site-packages/urllib3/connectionpool.py:1103: InsecureRequestWarning: Unverified HTTPS request is being made to host 'randomuser.me'. Adding certificate verification is strongly advised. See: https://urllib3.readthedocs.io/en/latest/advanced-usage.html#tls-warnings
  warnings.warn(</msg>
<msg time="2024-04-17T13:14:53.127809" level="INFO">${response} = &lt;Response [200]&gt;</msg>
<var>${response}</var>
<arg>consultarAPI</arg>
<arg>/api</arg>
<doc>Sends a GET request on a previously created HTTP Session.</doc>
<status status="PASS" start="2024-04-17T13:14:53.037447" elapsed="0.090403"/>
</kw>
<kw name="Set Variable" owner="BuiltIn">
<msg time="2024-04-17T13:14:53.129047" level="INFO">${json_data} = {'results': [{'gender': 'female', 'name': {'title': 'Miss', 'first': 'Mónica', 'last': 'Vega'}, 'location': {'street': {'number': 1253, 'name': 'Calle de La Luna'}, 'city': 'Alcalá de Henares', 'state...</msg>
<var>${json_data}</var>
<arg>${response.json()}</arg>
<doc>Returns the given values which can then be assigned to a variables.</doc>
<status status="PASS" start="2024-04-17T13:14:53.128484" elapsed="0.000593"/>
</kw>
<kw name="Set Variable" owner="BuiltIn">
<msg time="2024-04-17T13:14:53.129840" level="INFO">${name_title} = Miss</msg>
<var>${name_title}</var>
<arg>${json_data["results"][0]["name"]["title"]}</arg>
<doc>Returns the given values which can then be assigned to a variables.</doc>
<status status="PASS" start="2024-04-17T13:14:53.129428" elapsed="0.000439"/>
</kw>
<kw name="Create List" owner="BuiltIn">
<msg time="2024-04-17T13:14:53.130383" level="INFO">${allowed_titles} = ['Mr', 'Ms', 'Miss', 'Mrs', 'Madame', 'Monsieur']</msg>
<var>${allowed_titles}</var>
<arg>Mr</arg>
<arg>Ms</arg>
<arg>Miss</arg>
<arg>Mrs</arg>
<arg>Madame</arg>
<arg>Monsieur</arg>
<doc>Returns a list containing given items.</doc>
<status status="PASS" start="2024-04-17T13:14:53.130188" elapsed="0.000222"/>
</kw>
<kw name="List Should Contain Value" owner="Collections">
<msg time="2024-04-17T13:14:53.130910" level="INFO">False</msg>
<arg>${allowed_titles}</arg>
<arg>${name_title}</arg>
<doc>Fails if the ``value`` is not found from ``list``.</doc>
<status status="PASS" start="2024-04-17T13:14:53.130729" elapsed="0.000220"/>
</kw>
<kw name="Set Variable" owner="BuiltIn">
<msg time="2024-04-17T13:14:53.131642" level="INFO">${name_country} = ES</msg>
<var>${name_country}</var>
<arg>${json_data["results"][0]["nat"]}</arg>
<doc>Returns the given values which can then be assigned to a variables.</doc>
<status status="PASS" start="2024-04-17T13:14:53.131243" elapsed="0.000426"/>
</kw>
<kw name="Create List" owner="BuiltIn">
<msg time="2024-04-17T13:14:53.132570" level="INFO">${list_country} = ['AD', 'AE', 'AF', 'AG', 'AI', 'AL', 'AM', 'AO', 'AQ', 'AR', 'AS', 'AT', 'AU', 'AW', 'AX', 'AZ', 'BA', 'BB', 'BD', 'BE', 'BF', 'BG', 'BH', 'BI', 'BJ', 'BL', 'BM', 'BN', 'BO', 'BQ', 'BR', 'BS', 'BT', '...</msg>
<var>${list_country}</var>
<arg>AD</arg>
<arg>AE</arg>
<arg>AF</arg>
<arg>AG</arg>
<arg>AI</arg>
<arg>AL</arg>
<arg>AM</arg>
<arg>AO</arg>
<arg>AQ</arg>
<arg>AR</arg>
<arg>AS</arg>
<arg>AT</arg>
<arg>AU</arg>
<arg>AW</arg>
<arg>AX</arg>
<arg>AZ</arg>
<arg>BA</arg>
<arg>BB</arg>
<arg>BD</arg>
<arg>BE</arg>
<arg>BF</arg>
<arg>BG</arg>
<arg>BH</arg>
<arg>BI</arg>
<arg>BJ</arg>
<arg>BL</arg>
<arg>BM</arg>
<arg>BN</arg>
<arg>BO</arg>
<arg>BQ</arg>
<arg>BR</arg>
<arg>BS</arg>
<arg>BT</arg>
<arg>BV</arg>
<arg>BW</arg>
<arg>BY</arg>
<arg>BZ</arg>
<arg>CA</arg>
<arg>CC</arg>
<arg>CD</arg>
<arg>CF</arg>
<arg>CG</arg>
<arg>CH</arg>
<arg>CI</arg>
<arg>CK</arg>
<arg>CL</arg>
<arg>CM</arg>
<arg>CN</arg>
<arg>CO</arg>
<arg>CR</arg>
<arg>CU</arg>
<arg>CV</arg>
<arg>CW</arg>
<arg>CX</arg>
<arg>CY</arg>
<arg>CZ</arg>
<arg>DE</arg>
<arg>DJ</arg>
<arg>DK</arg>
<arg>DM</arg>
<arg>DO</arg>
<arg>DZ</arg>
<arg>EC</arg>
<arg>EE</arg>
<arg>EG</arg>
<arg>EH</arg>
<arg>ER</arg>
<arg>ES</arg>
<arg>ET</arg>
<arg>FI</arg>
<arg>FJ</arg>
<arg>FK</arg>
<arg>FM</arg>
<arg>FO</arg>
<arg>FR</arg>
<arg>GA</arg>
<arg>GB</arg>
<arg>GD</arg>
<arg>GE</arg>
<arg>GF</arg>
<arg>GG</arg>
<arg>GH</arg>
<arg>GI</arg>
<arg>GL</arg>
<arg>GM</arg>
<arg>GN</arg>
<arg>GP</arg>
<arg>GQ</arg>
<arg>GR</arg>
<arg>GS</arg>
<arg>GT</arg>
<arg>GU</arg>
<arg>GW</arg>
<arg>GY</arg>
<arg>HK</arg>
<arg>HM</arg>
<arg>HN</arg>
<arg>HR</arg>
<arg>HT</arg>
<arg>HU</arg>
<arg>ID</arg>
<arg>IE</arg>
<arg>IL</arg>
<arg>IM</arg>
<arg>IN</arg>
<arg>IO</arg>
<arg>IQ</arg>
<arg>IR</arg>
<arg>IS</arg>
<arg>IT</arg>
<arg>JE</arg>
<arg>JM</arg>
<arg>JO</arg>
<arg>JP</arg>
<arg>KE</arg>
<arg>KG</arg>
<arg>KH</arg>
<arg>KI</arg>
<arg>KM</arg>
<arg>KN</arg>
<arg>KP</arg>
<arg>KR</arg>
<arg>KW</arg>
<arg>KY</arg>
<arg>KZ</arg>
<arg>LA</arg>
<arg>LB</arg>
<arg>LC</arg>
<arg>LI</arg>
<arg>LK</arg>
<arg>LR</arg>
<arg>LS</arg>
<arg>LT</arg>
<arg>LU</arg>
<arg>LV</arg>
<arg>LY</arg>
<arg>MA</arg>
<arg>MC</arg>
<arg>MD</arg>
<arg>ME</arg>
<arg>MF</arg>
<arg>MG</arg>
<arg>MH</arg>
<arg>MK</arg>
<arg>ML</arg>
<arg>MM</arg>
<arg>MN</arg>
<arg>MO</arg>
<arg>MP</arg>
<arg>MQ</arg>
<arg>MR</arg>
<arg>MS</arg>
<arg>MT</arg>
<arg>MU</arg>
<arg>MV</arg>
<arg>MW</arg>
<arg>MX</arg>
<arg>MY</arg>
<arg>MZ</arg>
<arg>NA</arg>
<arg>NC</arg>
<arg>NE</arg>
<arg>NF</arg>
<arg>NG</arg>
<arg>NI</arg>
<arg>NL</arg>
<arg>NO</arg>
<arg>NP</arg>
<arg>NR</arg>
<arg>NU</arg>
<arg>NZ</arg>
<arg>OM</arg>
<arg>PA</arg>
<arg>PE</arg>
<arg>PF</arg>
<arg>PG</arg>
<arg>PH</arg>
<arg>PK</arg>
<arg>PL</arg>
<arg>PM</arg>
<arg>PN</arg>
<arg>PR</arg>
<arg>PS</arg>
<arg>PT</arg>
<arg>PW</arg>
<arg>PY</arg>
<arg>QA</arg>
<arg>RE</arg>
<arg>RO</arg>
<arg>RS</arg>
<arg>RU</arg>
<arg>RW</arg>
<arg>SA</arg>
<arg>SB</arg>
<arg>SC</arg>
<arg>SD</arg>
<arg>SE</arg>
<arg>SG</arg>
<arg>SH</arg>
<arg>SI</arg>
<arg>SJ</arg>
<arg>SK</arg>
<arg>SL</arg>
<arg>SM</arg>
<arg>SN</arg>
<arg>SO</arg>
<arg>SR</arg>
<arg>SS</arg>
<arg>ST</arg>
<arg>SV</arg>
<arg>SX</arg>
<arg>SY</arg>
<arg>SZ</arg>
<arg>TC</arg>
<arg>TD</arg>
<arg>TF</arg>
<arg>TG</arg>
<arg>TH</arg>
<arg>TJ</arg>
<arg>TK</arg>
<arg>TL</arg>
<arg>TM</arg>
<arg>TN</arg>
<arg>TO</arg>
<arg>TR</arg>
<arg>TT</arg>
<arg>TV</arg>
<arg>TW</arg>
<arg>TZ</arg>
<arg>UA</arg>
<arg>UG</arg>
<arg>UM</arg>
<arg>US</arg>
<arg>UY</arg>
<arg>UZ</arg>
<arg>VA</arg>
<arg>VC</arg>
<arg>VE</arg>
<arg>VG</arg>
<arg>VI</arg>
<arg>VN</arg>
<arg>VU</arg>
<arg>WF</arg>
<arg>WS</arg>
<arg>XK</arg>
<arg>YE</arg>
<arg>YT</arg>
<arg>ZA</arg>
<arg>ZM</arg>
<arg>ZW</arg>
<doc>Returns a list containing given items.</doc>
<status status="PASS" start="2024-04-17T13:14:53.131982" elapsed="0.000614"/>
</kw>
<kw name="List Should Contain Value" owner="Collections">
<msg time="2024-04-17T13:14:53.133607" level="INFO">False</msg>
<arg>${list_country}</arg>
<arg>${name_country}</arg>
<doc>Fails if the ``value`` is not found from ``list``.</doc>
<status status="PASS" start="2024-04-17T13:14:53.133399" elapsed="0.000247"/>
</kw>
<kw name="Run Keyword If" owner="BuiltIn">
<kw name="Should Be True" owner="BuiltIn">
<arg>${True}</arg>
<doc>Fails if the given condition is not true.</doc>
<status status="PASS" start="2024-04-17T13:14:53.134804" elapsed="0.000288"/>
</kw>
<arg>${json_data["results"][0]["location"]["coordinates"]["latitude"]} &gt;= -90 and ${json_data["results"][0]["location"]["coordinates"]["latitude"]} &lt;= 90</arg>
<arg>Should Be True</arg>
<arg>${True}</arg>
<doc>Runs the given keyword with the given arguments, if ``condition`` is true.</doc>
<status status="PASS" start="2024-04-17T13:14:53.133964" elapsed="0.001265"/>
</kw>
<kw name="Run Keyword If" owner="BuiltIn">
<kw name="Should Be True" owner="BuiltIn">
<arg>${True}</arg>
<doc>Fails if the given condition is not true.</doc>
<status status="PASS" start="2024-04-17T13:14:53.136141" elapsed="0.000141"/>
</kw>
<arg>${json_data["results"][0]["location"]["coordinates"]["longitude"]} &gt;= -180 and ${json_data["results"][0]["location"]["coordinates"]["longitude"]} &lt;= 180</arg>
<arg>Should Be True</arg>
<arg>${True}</arg>
<doc>Runs the given keyword with the given arguments, if ``condition`` is true.</doc>
<status status="PASS" start="2024-04-17T13:14:53.135424" elapsed="0.000985"/>
</kw>
<status status="PASS" start="2024-04-17T13:14:53.037132" elapsed="0.099412"/>
</kw>
<doc>Testa o conteúdo específico dos campos retornados pela API.</doc>
<tag>testeConteudo</tag>
<status status="PASS" start="2024-04-17T13:14:53.036483" elapsed="0.100219"/>
</test>
<status status="PASS" start="2024-04-17T13:14:52.263294" elapsed="0.875540"/>
</suite>
<status status="PASS" start="2024-04-17T13:14:52.249737" elapsed="0.894278"/>
</suite>
<statistics>
<total>
<stat pass="5" fail="0" skip="0">All Tests</stat>
</total>
<tag>
<stat pass="1" fail="0" skip="0">testeConteudo</stat>
<stat pass="1" fail="0" skip="0">testeEstruturaResposta</stat>
<stat pass="1" fail="0" skip="0">testeRequisicaoBasica</stat>
<stat pass="1" fail="0" skip="0">testeTiposDados</stat>
</tag>
<suite>
<stat pass="5" fail="0" skip="0" id="s1" name="Tests">Tests</stat>
<stat pass="5" fail="0" skip="0" id="s1-s1" name="Random-User-Test">Tests.Random-User-Test</stat>
</suite>
</statistics>
<errors>
</errors>
</robot>
