<?xml version="1.0" encoding="UTF-8"?>
<robot generator="Robot 7.0.1 (Python 3.12.4 on linux)" generated="2024-08-01T19:12:03.392785" rpa="false" schemaversion="5">
<suite id="s1" name="Tests" source="/home/runner/work/ApiRandomUser/ApiRandomUser/RamdonUser/tests">
<suite id="s1-s1" name="Random-User-Test" source="/home/runner/work/ApiRandomUser/ApiRandomUser/RamdonUser/tests/random-user-test.robot">
<test id="s1-s1-t1" name="Conectar" line="13">
<kw name="Conectar API" owner="random-user-service">
<kw name="Create Session" owner="RequestsLibrary">
<msg time="2024-08-01T19:12:03.798360" level="INFO">Creating Session using : alias=consultarAPI, url=https://randomuser.me/, headers={},                     cookies={}, auth=None, timeout=None, proxies=None, verify=False,                     debug=0 </msg>
<arg>consultarAPI</arg>
<arg>${URL}</arg>
<doc>Create Session: create a HTTP session to a server</doc>
<status status="PASS" start="2024-08-01T19:12:03.798154" elapsed="0.000390"/>
</kw>
<status status="PASS" start="2024-08-01T19:12:03.797069" elapsed="0.001846"/>
</kw>
<status status="PASS" start="2024-08-01T19:12:03.796533" elapsed="0.002583"/>
</test>
<test id="s1-s1-t2" name="Validar retorno 200 e JSON Válido" line="16">
<kw name="Teste de Requisicao Basica" owner="random-user-service">
<kw name="GET On Session" owner="RequestsLibrary">
<msg time="2024-08-01T19:12:04.554479" level="INFO">GET Request : url=https://randomuser.me/api 
 path_url=/api 
 headers={'User-Agent': 'python-requests/2.32.3', 'Accept-Encoding': 'gzip, deflate', 'Accept': '*/*', 'Connection': 'keep-alive'} 
 body=None 
 </msg>
<msg time="2024-08-01T19:12:04.554638" level="INFO">GET Response : url=https://randomuser.me/api 
 status=200, reason=OK 
 headers={'Date': 'Thu, 01 Aug 2024 19:12:04 GMT', 'Content-Type': 'application/json; charset=utf-8', 'Transfer-Encoding': 'chunked', 'Connection': 'keep-alive', 'X-Powered-By': 'Express', 'Access-Control-Allow-Origin': '*', 'Cache-Control': 'no-cache', 'ETag': 'W/"49e-J/yHI8mADb7Fgnu1XEVMfCrp+TI"', 'Vary': 'Accept-Encoding', 'Content-Encoding': 'gzip', 'CF-Cache-Status': 'DYNAMIC', 'Report-To': '{"endpoints":[{"url":"https:\\/\\/a.nel.cloudflare.com\\/report\\/v4?s=EHdwk62WikU8b3QTUkNTaAxhVkrJA5msVCXaeZL8%2F3PMyv1hK5towB2Vooi9xKd9TDQY4Xueqnm29aSowb2qO3TP5LDxeGIsXuDYwUkWk64CLxaeu3hPYdW0m6SY3cUu"}],"group":"cf-nel","max_age":604800}', 'NEL': '{"success_fraction":0,"report_to":"cf-nel","max_age":604800}', 'Server': 'cloudflare', 'CF-RAY': '8ac82338a90f387d-IAD', 'alt-svc': 'h3=":443"; ma=86400'} 
 body={"results":[{"gender":"female","name":{"title":"Mrs","first":"Lisa","last":"Masson"},"location":{"street":{"number":9480,"name":"Rue de L'Abbé-Carton"},"city":"Orléans","state":"Somme","country":"France","postcode":85062,"coordinates":{"latitude":"-19.4223","longitude":"142.5548"},"timezone":{"offset":"+4:00","description":"Abu Dhabi, Muscat, Baku, Tbilisi"}},"email":"lisa.masson@example.com","login":{"uuid":"8a69f8ae-deaf-423d-9597-4271f865cfea","username":"heavyfish234","password":"magical","salt":"4N7ko2Jv","md5":"9cdbf482ba25986b4a58401651cf591e","sha1":"232a9f9f1b0f12c8b6d2d6ea0ac9ac6c01c2034f","sha256":"55902da26ea4d82bc2d8117f0232c843062ea7de37fd005956bf4434054c0dec"},"dob":{"date":"1970-04-20T01:42:09.679Z","age":54},"registered":{"date":"2003-10-20T12:01:49.688Z","age":20},"phone":"03-43-79-96-95","cell":"06-68-55-32-81","id":{"name":"INSEE","value":"2700340801376 35"},"picture":{"large":"https://randomuser.me/api/portraits/women/91.jpg","medium":"https://randomuser.me/api/portraits/med/women/91.jpg","thumbnail":"https://randomuser.me/api/portraits/thumb/women/91.jpg"},"nat":"FR"}],"info":{"seed":"dd136bb73eea5afb","results":1,"page":1,"version":"1.4"}} 
 </msg>
<msg time="2024-08-01T19:12:04.554722" level="INFO">/opt/hostedtoolcache/Python/3.12.4/x64/lib/python3.12/site-packages/urllib3/connectionpool.py:1099: InsecureRequestWarning: Unverified HTTPS request is being made to host 'randomuser.me'. Adding certificate verification is strongly advised. See: https://urllib3.readthedocs.io/en/latest/advanced-usage.html#tls-warnings
  warnings.warn(</msg>
<msg time="2024-08-01T19:12:04.554884" level="INFO">${response} = &lt;Response [200]&gt;</msg>
<var>${response}</var>
<arg>consultarAPI</arg>
<arg>/api</arg>
<doc>Sends a GET request on a previously created HTTP Session.</doc>
<status status="PASS" start="2024-08-01T19:12:03.801704" elapsed="0.753222"/>
</kw>
<kw name="Should Be Equal As Numbers" owner="BuiltIn">
<msg time="2024-08-01T19:12:04.555908" level="INFO">Argument types are:
&lt;class 'int'&gt;
&lt;class 'str'&gt;</msg>
<arg>${response.status_code}</arg>
<arg>200</arg>
<doc>Fails if objects are unequal after converting them to real numbers.</doc>
<status status="PASS" start="2024-08-01T19:12:04.555446" elapsed="0.000524"/>
</kw>
<kw name="Log" owner="BuiltIn">
<msg time="2024-08-01T19:12:04.556635" level="INFO">200</msg>
<arg>${response.status_code}</arg>
<doc>Logs the given message with the given level.</doc>
<status status="PASS" start="2024-08-01T19:12:04.556286" elapsed="0.000390"/>
</kw>
<kw name="Set Variable" owner="BuiltIn">
<msg time="2024-08-01T19:12:04.557414" level="INFO">${json_data} = {'results': [{'gender': 'female', 'name': {'title': 'Mrs', 'first': 'Lisa', 'last': 'Masson'}, 'location': {'street': {'number': 9480, 'name': "Rue de L'Abbé-Carton"}, 'city': 'Orléans', 'state': 'Som...</msg>
<var>${json_data}</var>
<arg>${response.json()}</arg>
<doc>Returns the given values which can then be assigned to a variables.</doc>
<status status="PASS" start="2024-08-01T19:12:04.556979" elapsed="0.000464"/>
</kw>
<kw name="Dictionary Should Contain Key" owner="Collections">
<arg>${json_data}</arg>
<arg>results</arg>
<doc>Fails if ``key`` is not found from ``dictionary``.</doc>
<status status="PASS" start="2024-08-01T19:12:04.557755" elapsed="0.000369"/>
</kw>
<status status="PASS" start="2024-08-01T19:12:03.801450" elapsed="0.756830"/>
</kw>
<doc>Testa se a API responde corretamente e retorna um objeto JSON válido.</doc>
<tag>testeRequisicaoBasica</tag>
<status status="PASS" start="2024-08-01T19:12:03.800989" elapsed="0.757471"/>
</test>
<test id="s1-s1-t3" name="Validar estrutura de resposta" line="22">
<kw name="Teste de Estrutura de Resposta" owner="random-user-service">
<kw name="GET On Session" owner="RequestsLibrary">
<msg time="2024-08-01T19:12:04.889624" level="INFO">GET Request : url=https://randomuser.me/api 
 path_url=/api 
 headers={'User-Agent': 'python-requests/2.32.3', 'Accept-Encoding': 'gzip, deflate', 'Accept': '*/*', 'Connection': 'keep-alive'} 
 body=None 
 </msg>
<msg time="2024-08-01T19:12:04.889738" level="INFO">GET Response : url=https://randomuser.me/api 
 status=200, reason=OK 
 headers={'Date': 'Thu, 01 Aug 2024 19:12:04 GMT', 'Content-Type': 'application/json; charset=utf-8', 'Transfer-Encoding': 'chunked', 'Connection': 'keep-alive', 'X-Powered-By': 'Express', 'Access-Control-Allow-Origin': '*', 'Cache-Control': 'no-cache', 'ETag': 'W/"48d-eRQ433zYYKzsG27fVuebUd0Eqtc"', 'Vary': 'Accept-Encoding', 'Content-Encoding': 'gzip', 'CF-Cache-Status': 'DYNAMIC', 'Report-To': '{"endpoints":[{"url":"https:\\/\\/a.nel.cloudflare.com\\/report\\/v4?s=SNBkHx9E711eay%2B31B%2FIq90r3LTdAeBgiR5r%2BMuiRmeszl4tBNGwFh42ZQkD9hCaXXBkLoNYaKJwgC3fhKE1l6dBwilH161ZhfapeORxPWDBn9zSNjSNs5%2FvuIohyNeY"}],"group":"cf-nel","max_age":604800}', 'NEL': '{"success_fraction":0,"report_to":"cf-nel","max_age":604800}', 'Server': 'cloudflare', 'CF-RAY': '8ac8233c9e20387d-IAD', 'alt-svc': 'h3=":443"; ma=86400'} 
 body={"results":[{"gender":"male","name":{"title":"Mr","first":"Alberto","last":"Gardner"},"location":{"street":{"number":5955,"name":"Church Lane"},"city":"Bangor","state":"South Glamorgan","country":"United Kingdom","postcode":"Y0T 8ZP","coordinates":{"latitude":"-5.5588","longitude":"-59.5192"},"timezone":{"offset":"+5:45","description":"Kathmandu"}},"email":"alberto.gardner@example.com","login":{"uuid":"04b910c4-1fbe-480c-8391-550720608540","username":"organicbutterfly402","password":"cobalt","salt":"h9T5FaWG","md5":"08ec96c071586e7ca0d9c934095e2bcc","sha1":"106f9969f4bb16223ea73122e53881de8e0845ee","sha256":"ed8e1eaa45a88bf56a32bbac0d0b9b0c63d2aa4542d9d4846305f820d70c0295"},"dob":{"date":"1964-02-03T13:32:40.664Z","age":60},"registered":{"date":"2003-01-18T04:21:30.925Z","age":21},"phone":"013873 25967","cell":"07432 542505","id":{"name":"NINO","value":"TH 90 46 06 P"},"picture":{"large":"https://randomuser.me/api/portraits/men/44.jpg","medium":"https://randomuser.me/api/portraits/med/men/44.jpg","thumbnail":"https://randomuser.me/api/portraits/thumb/men/44.jpg"},"nat":"GB"}],"info":{"seed":"67803d4e280b71e8","results":1,"page":1,"version":"1.4"}} 
 </msg>
<msg time="2024-08-01T19:12:04.889910" level="INFO">/opt/hostedtoolcache/Python/3.12.4/x64/lib/python3.12/site-packages/urllib3/connectionpool.py:1099: InsecureRequestWarning: Unverified HTTPS request is being made to host 'randomuser.me'. Adding certificate verification is strongly advised. See: https://urllib3.readthedocs.io/en/latest/advanced-usage.html#tls-warnings
  warnings.warn(</msg>
<msg time="2024-08-01T19:12:04.890060" level="INFO">${response} = &lt;Response [200]&gt;</msg>
<var>${response}</var>
<arg>consultarAPI</arg>
<arg>/api</arg>
<doc>Sends a GET request on a previously created HTTP Session.</doc>
<status status="PASS" start="2024-08-01T19:12:04.561112" elapsed="0.328992"/>
</kw>
<kw name="Set Variable" owner="BuiltIn">
<msg time="2024-08-01T19:12:04.891114" level="INFO">${json_data} = {'results': [{'gender': 'male', 'name': {'title': 'Mr', 'first': 'Alberto', 'last': 'Gardner'}, 'location': {'street': {'number': 5955, 'name': 'Church Lane'}, 'city': 'Bangor', 'state': 'South Glamor...</msg>
<var>${json_data}</var>
<arg>${response.json()}</arg>
<doc>Returns the given values which can then be assigned to a variables.</doc>
<status status="PASS" start="2024-08-01T19:12:04.890593" elapsed="0.000550"/>
</kw>
<kw name="Log" owner="BuiltIn">
<msg time="2024-08-01T19:12:04.891620" level="INFO">{'results': [{'gender': 'male', 'name': {'title': 'Mr', 'first': 'Alberto', 'last': 'Gardner'}, 'location': {'street': {'number': 5955, 'name': 'Church Lane'}, 'city': 'Bangor', 'state': 'South Glamorgan', 'country': 'United Kingdom', 'postcode': 'Y0T 8ZP', 'coordinates': {'latitude': '-5.5588', 'longitude': '-59.5192'}, 'timezone': {'offset': '+5:45', 'description': 'Kathmandu'}}, 'email': 'alberto.gardner@example.com', 'login': {'uuid': '04b910c4-1fbe-480c-8391-550720608540', 'username': 'organicbutterfly402', 'password': 'cobalt', 'salt': 'h9T5FaWG', 'md5': '08ec96c071586e7ca0d9c934095e2bcc', 'sha1': '106f9969f4bb16223ea73122e53881de8e0845ee', 'sha256': 'ed8e1eaa45a88bf56a32bbac0d0b9b0c63d2aa4542d9d4846305f820d70c0295'}, 'dob': {'date': '1964-02-03T13:32:40.664Z', 'age': 60}, 'registered': {'date': '2003-01-18T04:21:30.925Z', 'age': 21}, 'phone': '013873 25967', 'cell': '07432 542505', 'id': {'name': 'NINO', 'value': 'TH 90 46 06 P'}, 'picture': {'large': 'https://randomuser.me/api/portraits/men/44.jpg', 'medium': 'https://randomuser.me/api/portraits/med/men/44.jpg', 'thumbnail': 'https://randomuser.me/api/portraits/thumb/men/44.jpg'}, 'nat': 'GB'}], 'info': {'seed': '67803d4e280b71e8', 'results': 1, 'page': 1, 'version': '1.4'}}</msg>
<arg>${json_data}</arg>
<doc>Logs the given message with the given level.</doc>
<status status="PASS" start="2024-08-01T19:12:04.891454" elapsed="0.000213"/>
</kw>
<kw name="Dictionary Should Contain Key" owner="Collections">
<arg>${json_data}</arg>
<arg>results</arg>
<doc>Fails if ``key`` is not found from ``dictionary``.</doc>
<status status="PASS" start="2024-08-01T19:12:04.891960" elapsed="0.000165"/>
</kw>
<kw name="Should Not Be Empty" owner="BuiltIn">
<msg time="2024-08-01T19:12:04.892437" level="INFO">Length is 2.</msg>
<arg>${json_data}</arg>
<doc>Verifies that the given item is not empty.</doc>
<status status="PASS" start="2024-08-01T19:12:04.892312" elapsed="0.000161"/>
</kw>
<kw name="Create List" owner="BuiltIn">
<msg time="2024-08-01T19:12:04.892918" level="INFO">${expected_keys} = ['gender', 'name', 'location', 'email', 'login']</msg>
<var>${expected_keys}</var>
<arg>gender</arg>
<arg>name</arg>
<arg>location</arg>
<arg>email</arg>
<arg>login</arg>
<doc>Returns a list containing given items.</doc>
<status status="PASS" start="2024-08-01T19:12:04.892767" elapsed="0.000175"/>
</kw>
<for flavor="IN">
<iter>
<kw name="Dictionary Should Contain Key" owner="Collections">
<arg>${json_data['results'][0]}</arg>
<arg>${key}</arg>
<doc>Fails if ``key`` is not found from ``dictionary``.</doc>
<status status="PASS" start="2024-08-01T19:12:04.893543" elapsed="0.000443"/>
</kw>
<kw name="Log" owner="BuiltIn">
<msg time="2024-08-01T19:12:04.894541" level="INFO">{'gender': 'male', 'name': {'title': 'Mr', 'first': 'Alberto', 'last': 'Gardner'}, 'location': {'street': {'number': 5955, 'name': 'Church Lane'}, 'city': 'Bangor', 'state': 'South Glamorgan', 'country': 'United Kingdom', 'postcode': 'Y0T 8ZP', 'coordinates': {'latitude': '-5.5588', 'longitude': '-59.5192'}, 'timezone': {'offset': '+5:45', 'description': 'Kathmandu'}}, 'email': 'alberto.gardner@example.com', 'login': {'uuid': '04b910c4-1fbe-480c-8391-550720608540', 'username': 'organicbutterfly402', 'password': 'cobalt', 'salt': 'h9T5FaWG', 'md5': '08ec96c071586e7ca0d9c934095e2bcc', 'sha1': '106f9969f4bb16223ea73122e53881de8e0845ee', 'sha256': 'ed8e1eaa45a88bf56a32bbac0d0b9b0c63d2aa4542d9d4846305f820d70c0295'}, 'dob': {'date': '1964-02-03T13:32:40.664Z', 'age': 60}, 'registered': {'date': '2003-01-18T04:21:30.925Z', 'age': 21}, 'phone': '013873 25967', 'cell': '07432 542505', 'id': {'name': 'NINO', 'value': 'TH 90 46 06 P'}, 'picture': {'large': 'https://randomuser.me/api/portraits/men/44.jpg', 'medium': 'https://randomuser.me/api/portraits/med/men/44.jpg', 'thumbnail': 'https://randomuser.me/api/portraits/thumb/men/44.jpg'}, 'nat': 'GB'}</msg>
<arg>${json_data['results'][0]}</arg>
<doc>Logs the given message with the given level.</doc>
<status status="PASS" start="2024-08-01T19:12:04.894179" elapsed="0.000410"/>
</kw>
<kw name="Log" owner="BuiltIn">
<msg time="2024-08-01T19:12:04.895015" level="INFO">gender</msg>
<arg>${key}</arg>
<doc>Logs the given message with the given level.</doc>
<status status="PASS" start="2024-08-01T19:12:04.894885" elapsed="0.000168"/>
</kw>
<var name="${key}">gender</var>
<status status="PASS" start="2024-08-01T19:12:04.893413" elapsed="0.001857"/>
</iter>
<iter>
<kw name="Dictionary Should Contain Key" owner="Collections">
<arg>${json_data['results'][0]}</arg>
<arg>${key}</arg>
<doc>Fails if ``key`` is not found from ``dictionary``.</doc>
<status status="PASS" start="2024-08-01T19:12:04.895578" elapsed="0.000385"/>
</kw>
<kw name="Log" owner="BuiltIn">
<msg time="2024-08-01T19:12:04.896498" level="INFO">{'gender': 'male', 'name': {'title': 'Mr', 'first': 'Alberto', 'last': 'Gardner'}, 'location': {'street': {'number': 5955, 'name': 'Church Lane'}, 'city': 'Bangor', 'state': 'South Glamorgan', 'country': 'United Kingdom', 'postcode': 'Y0T 8ZP', 'coordinates': {'latitude': '-5.5588', 'longitude': '-59.5192'}, 'timezone': {'offset': '+5:45', 'description': 'Kathmandu'}}, 'email': 'alberto.gardner@example.com', 'login': {'uuid': '04b910c4-1fbe-480c-8391-550720608540', 'username': 'organicbutterfly402', 'password': 'cobalt', 'salt': 'h9T5FaWG', 'md5': '08ec96c071586e7ca0d9c934095e2bcc', 'sha1': '106f9969f4bb16223ea73122e53881de8e0845ee', 'sha256': 'ed8e1eaa45a88bf56a32bbac0d0b9b0c63d2aa4542d9d4846305f820d70c0295'}, 'dob': {'date': '1964-02-03T13:32:40.664Z', 'age': 60}, 'registered': {'date': '2003-01-18T04:21:30.925Z', 'age': 21}, 'phone': '013873 25967', 'cell': '07432 542505', 'id': {'name': 'NINO', 'value': 'TH 90 46 06 P'}, 'picture': {'large': 'https://randomuser.me/api/portraits/men/44.jpg', 'medium': 'https://randomuser.me/api/portraits/med/men/44.jpg', 'thumbnail': 'https://randomuser.me/api/portraits/thumb/men/44.jpg'}, 'nat': 'GB'}</msg>
<arg>${json_data['results'][0]}</arg>
<doc>Logs the given message with the given level.</doc>
<status status="PASS" start="2024-08-01T19:12:04.896145" elapsed="0.000433"/>
</kw>
<kw name="Log" owner="BuiltIn">
<msg time="2024-08-01T19:12:04.897003" level="INFO">name</msg>
<arg>${key}</arg>
<doc>Logs the given message with the given level.</doc>
<status status="PASS" start="2024-08-01T19:12:04.896875" elapsed="0.000165"/>
</kw>
<var name="${key}">name</var>
<status status="PASS" start="2024-08-01T19:12:04.895466" elapsed="0.001791"/>
</iter>
<iter>
<kw name="Dictionary Should Contain Key" owner="Collections">
<arg>${json_data['results'][0]}</arg>
<arg>${key}</arg>
<doc>Fails if ``key`` is not found from ``dictionary``.</doc>
<status status="PASS" start="2024-08-01T19:12:04.897539" elapsed="0.000417"/>
</kw>
<kw name="Log" owner="BuiltIn">
<msg time="2024-08-01T19:12:04.898491" level="INFO">{'gender': 'male', 'name': {'title': 'Mr', 'first': 'Alberto', 'last': 'Gardner'}, 'location': {'street': {'number': 5955, 'name': 'Church Lane'}, 'city': 'Bangor', 'state': 'South Glamorgan', 'country': 'United Kingdom', 'postcode': 'Y0T 8ZP', 'coordinates': {'latitude': '-5.5588', 'longitude': '-59.5192'}, 'timezone': {'offset': '+5:45', 'description': 'Kathmandu'}}, 'email': 'alberto.gardner@example.com', 'login': {'uuid': '04b910c4-1fbe-480c-8391-550720608540', 'username': 'organicbutterfly402', 'password': 'cobalt', 'salt': 'h9T5FaWG', 'md5': '08ec96c071586e7ca0d9c934095e2bcc', 'sha1': '106f9969f4bb16223ea73122e53881de8e0845ee', 'sha256': 'ed8e1eaa45a88bf56a32bbac0d0b9b0c63d2aa4542d9d4846305f820d70c0295'}, 'dob': {'date': '1964-02-03T13:32:40.664Z', 'age': 60}, 'registered': {'date': '2003-01-18T04:21:30.925Z', 'age': 21}, 'phone': '013873 25967', 'cell': '07432 542505', 'id': {'name': 'NINO', 'value': 'TH 90 46 06 P'}, 'picture': {'large': 'https://randomuser.me/api/portraits/men/44.jpg', 'medium': 'https://randomuser.me/api/portraits/med/men/44.jpg', 'thumbnail': 'https://randomuser.me/api/portraits/thumb/men/44.jpg'}, 'nat': 'GB'}</msg>
<arg>${json_data['results'][0]}</arg>
<doc>Logs the given message with the given level.</doc>
<status status="PASS" start="2024-08-01T19:12:04.898145" elapsed="0.000393"/>
</kw>
<kw name="Log" owner="BuiltIn">
<msg time="2024-08-01T19:12:04.898963" level="INFO">location</msg>
<arg>${key}</arg>
<doc>Logs the given message with the given level.</doc>
<status status="PASS" start="2024-08-01T19:12:04.898834" elapsed="0.000166"/>
</kw>
<var name="${key}">location</var>
<status status="PASS" start="2024-08-01T19:12:04.897433" elapsed="0.001782"/>
</iter>
<iter>
<kw name="Dictionary Should Contain Key" owner="Collections">
<arg>${json_data['results'][0]}</arg>
<arg>${key}</arg>
<doc>Fails if ``key`` is not found from ``dictionary``.</doc>
<status status="PASS" start="2024-08-01T19:12:04.899490" elapsed="0.000378"/>
</kw>
<kw name="Log" owner="BuiltIn">
<msg time="2024-08-01T19:12:04.900524" level="INFO">{'gender': 'male', 'name': {'title': 'Mr', 'first': 'Alberto', 'last': 'Gardner'}, 'location': {'street': {'number': 5955, 'name': 'Church Lane'}, 'city': 'Bangor', 'state': 'South Glamorgan', 'country': 'United Kingdom', 'postcode': 'Y0T 8ZP', 'coordinates': {'latitude': '-5.5588', 'longitude': '-59.5192'}, 'timezone': {'offset': '+5:45', 'description': 'Kathmandu'}}, 'email': 'alberto.gardner@example.com', 'login': {'uuid': '04b910c4-1fbe-480c-8391-550720608540', 'username': 'organicbutterfly402', 'password': 'cobalt', 'salt': 'h9T5FaWG', 'md5': '08ec96c071586e7ca0d9c934095e2bcc', 'sha1': '106f9969f4bb16223ea73122e53881de8e0845ee', 'sha256': 'ed8e1eaa45a88bf56a32bbac0d0b9b0c63d2aa4542d9d4846305f820d70c0295'}, 'dob': {'date': '1964-02-03T13:32:40.664Z', 'age': 60}, 'registered': {'date': '2003-01-18T04:21:30.925Z', 'age': 21}, 'phone': '013873 25967', 'cell': '07432 542505', 'id': {'name': 'NINO', 'value': 'TH 90 46 06 P'}, 'picture': {'large': 'https://randomuser.me/api/portraits/men/44.jpg', 'medium': 'https://randomuser.me/api/portraits/med/men/44.jpg', 'thumbnail': 'https://randomuser.me/api/portraits/thumb/men/44.jpg'}, 'nat': 'GB'}</msg>
<arg>${json_data['results'][0]}</arg>
<doc>Logs the given message with the given level.</doc>
<status status="PASS" start="2024-08-01T19:12:04.900173" elapsed="0.000409"/>
</kw>
<kw name="Log" owner="BuiltIn">
<msg time="2024-08-01T19:12:04.901010" level="INFO">email</msg>
<arg>${key}</arg>
<doc>Logs the given message with the given level.</doc>
<status status="PASS" start="2024-08-01T19:12:04.900879" elapsed="0.000169"/>
</kw>
<var name="${key}">email</var>
<status status="PASS" start="2024-08-01T19:12:04.899384" elapsed="0.001890"/>
</iter>
<iter>
<kw name="Dictionary Should Contain Key" owner="Collections">
<arg>${json_data['results'][0]}</arg>
<arg>${key}</arg>
<doc>Fails if ``key`` is not found from ``dictionary``.</doc>
<status status="PASS" start="2024-08-01T19:12:04.901555" elapsed="0.000408"/>
</kw>
<kw name="Log" owner="BuiltIn">
<msg time="2024-08-01T19:12:04.902501" level="INFO">{'gender': 'male', 'name': {'title': 'Mr', 'first': 'Alberto', 'last': 'Gardner'}, 'location': {'street': {'number': 5955, 'name': 'Church Lane'}, 'city': 'Bangor', 'state': 'South Glamorgan', 'country': 'United Kingdom', 'postcode': 'Y0T 8ZP', 'coordinates': {'latitude': '-5.5588', 'longitude': '-59.5192'}, 'timezone': {'offset': '+5:45', 'description': 'Kathmandu'}}, 'email': 'alberto.gardner@example.com', 'login': {'uuid': '04b910c4-1fbe-480c-8391-550720608540', 'username': 'organicbutterfly402', 'password': 'cobalt', 'salt': 'h9T5FaWG', 'md5': '08ec96c071586e7ca0d9c934095e2bcc', 'sha1': '106f9969f4bb16223ea73122e53881de8e0845ee', 'sha256': 'ed8e1eaa45a88bf56a32bbac0d0b9b0c63d2aa4542d9d4846305f820d70c0295'}, 'dob': {'date': '1964-02-03T13:32:40.664Z', 'age': 60}, 'registered': {'date': '2003-01-18T04:21:30.925Z', 'age': 21}, 'phone': '013873 25967', 'cell': '07432 542505', 'id': {'name': 'NINO', 'value': 'TH 90 46 06 P'}, 'picture': {'large': 'https://randomuser.me/api/portraits/men/44.jpg', 'medium': 'https://randomuser.me/api/portraits/med/men/44.jpg', 'thumbnail': 'https://randomuser.me/api/portraits/thumb/men/44.jpg'}, 'nat': 'GB'}</msg>
<arg>${json_data['results'][0]}</arg>
<doc>Logs the given message with the given level.</doc>
<status status="PASS" start="2024-08-01T19:12:04.902146" elapsed="0.000402"/>
</kw>
<kw name="Log" owner="BuiltIn">
<msg time="2024-08-01T19:12:04.902969" level="INFO">login</msg>
<arg>${key}</arg>
<doc>Logs the given message with the given level.</doc>
<status status="PASS" start="2024-08-01T19:12:04.902841" elapsed="0.000165"/>
</kw>
<var name="${key}">login</var>
<status status="PASS" start="2024-08-01T19:12:04.901447" elapsed="0.001771"/>
</iter>
<var>${key}</var>
<value>@{expected_keys}</value>
<status status="PASS" start="2024-08-01T19:12:04.893214" elapsed="0.010131"/>
</for>
<kw name="Create List" owner="BuiltIn">
<msg time="2024-08-01T19:12:04.903671" level="INFO">${expected_keysTwo} = ['username', 'password']</msg>
<var>${expected_keysTwo}</var>
<arg>username</arg>
<arg>password</arg>
<doc>Returns a list containing given items.</doc>
<status status="PASS" start="2024-08-01T19:12:04.903537" elapsed="0.000185"/>
</kw>
<for flavor="IN">
<iter>
<kw name="Dictionary Should Contain Key" owner="Collections">
<arg>${json_data['results'][0]['login']}</arg>
<arg>${keyTwo}</arg>
<doc>Fails if ``key`` is not found from ``dictionary``.</doc>
<status status="PASS" start="2024-08-01T19:12:04.904229" elapsed="0.000382"/>
</kw>
<kw name="Dictionary Should Contain Key" owner="Collections">
<arg>${json_data['results'][0]['login']}</arg>
<arg>${keyTwo}</arg>
<doc>Fails if ``key`` is not found from ``dictionary``.</doc>
<status status="PASS" start="2024-08-01T19:12:04.904791" elapsed="0.000369"/>
</kw>
<kw name="Log" owner="BuiltIn">
<msg time="2024-08-01T19:12:04.905454" level="INFO">username</msg>
<arg>${keyTwo}</arg>
<doc>Logs the given message with the given level.</doc>
<status status="PASS" start="2024-08-01T19:12:04.905335" elapsed="0.000156"/>
</kw>
<var name="${keyTwo}">username</var>
<status status="PASS" start="2024-08-01T19:12:04.904121" elapsed="0.001593"/>
</iter>
<iter>
<kw name="Dictionary Should Contain Key" owner="Collections">
<arg>${json_data['results'][0]['login']}</arg>
<arg>${keyTwo}</arg>
<doc>Fails if ``key`` is not found from ``dictionary``.</doc>
<status status="PASS" start="2024-08-01T19:12:04.906030" elapsed="0.000386"/>
</kw>
<kw name="Dictionary Should Contain Key" owner="Collections">
<arg>${json_data['results'][0]['login']}</arg>
<arg>${keyTwo}</arg>
<doc>Fails if ``key`` is not found from ``dictionary``.</doc>
<status status="PASS" start="2024-08-01T19:12:04.906597" elapsed="0.000372"/>
</kw>
<kw name="Log" owner="BuiltIn">
<msg time="2024-08-01T19:12:04.907269" level="INFO">password</msg>
<arg>${keyTwo}</arg>
<doc>Logs the given message with the given level.</doc>
<status status="PASS" start="2024-08-01T19:12:04.907145" elapsed="0.000162"/>
</kw>
<var name="${keyTwo}">password</var>
<status status="PASS" start="2024-08-01T19:12:04.905915" elapsed="0.001611"/>
</iter>
<var>${keyTwo}</var>
<value>@{expected_keysTwo}</value>
<status status="PASS" start="2024-08-01T19:12:04.903970" elapsed="0.003681"/>
</for>
<status status="PASS" start="2024-08-01T19:12:04.560874" elapsed="0.346922"/>
</kw>
<doc>Testa a estrutura da resposta da API.</doc>
<tag>testeEstruturaResposta</tag>
<status status="PASS" start="2024-08-01T19:12:04.560268" elapsed="0.347686"/>
</test>
<test id="s1-s1-t4" name="Validar tipos de dados" line="28">
<kw name="Teste de Tipos de Dados" owner="random-user-service">
<kw name="GET On Session" owner="RequestsLibrary">
<msg time="2024-08-01T19:12:05.109079" level="INFO">GET Request : url=https://randomuser.me/api 
 path_url=/api 
 headers={'User-Agent': 'python-requests/2.32.3', 'Accept-Encoding': 'gzip, deflate', 'Accept': '*/*', 'Connection': 'keep-alive'} 
 body=None 
 </msg>
<msg time="2024-08-01T19:12:05.109191" level="INFO">GET Response : url=https://randomuser.me/api 
 status=200, reason=OK 
 headers={'Date': 'Thu, 01 Aug 2024 19:12:05 GMT', 'Content-Type': 'application/json; charset=utf-8', 'Transfer-Encoding': 'chunked', 'Connection': 'keep-alive', 'X-Powered-By': 'Express', 'Access-Control-Allow-Origin': '*', 'Cache-Control': 'no-cache', 'ETag': 'W/"495-sUvEVD9+0UOxpc+r9hk1nEdFHhM"', 'Vary': 'Accept-Encoding', 'Content-Encoding': 'gzip', 'CF-Cache-Status': 'DYNAMIC', 'Report-To': '{"endpoints":[{"url":"https:\\/\\/a.nel.cloudflare.com\\/report\\/v4?s=u3gDh1S6nB1HmijhbRROXORMOt0Kp89%2F2rNphAf0hA5lsl8HX0323Vp8VXIzT2Px%2BiwbQzZJ%2FGBaeNk5wXSNsnNvIVo41t4TFitMoCPhX0acmoiGBcZ7Tzx16oJwj2Bx"}],"group":"cf-nel","max_age":604800}', 'NEL': '{"success_fraction":0,"report_to":"cf-nel","max_age":604800}', 'Server': 'cloudflare', 'CF-RAY': '8ac8233eb8da387d-IAD', 'alt-svc': 'h3=":443"; ma=86400'} 
 body={"results":[{"gender":"male","name":{"title":"Mr","first":"Albert","last":"Santos"},"location":{"street":{"number":2265,"name":"Calle de Alberto Aguilera"},"city":"Valencia","state":"Aragón","country":"Spain","postcode":55507,"coordinates":{"latitude":"-37.1769","longitude":"-82.6268"},"timezone":{"offset":"+10:00","description":"Eastern Australia, Guam, Vladivostok"}},"email":"albert.santos@example.com","login":{"uuid":"0ef33e18-4c84-4247-8e36-a89888beb211","username":"bluegorilla715","password":"tyler","salt":"pVHsksEX","md5":"1ce48195fa0b8b7c750525d340c991e8","sha1":"85a3a77702d111dae7691c7cbb9870f32fde8f76","sha256":"bd44561cd73ea879021f447f6b86c90e5bea19b6a5da5469e5256e199e6ab21a"},"dob":{"date":"1973-12-03T23:13:41.962Z","age":50},"registered":{"date":"2014-02-19T17:08:52.969Z","age":10},"phone":"955-797-111","cell":"646-255-144","id":{"name":"DNI","value":"05567148-X"},"picture":{"large":"https://randomuser.me/api/portraits/men/53.jpg","medium":"https://randomuser.me/api/portraits/med/men/53.jpg","thumbnail":"https://randomuser.me/api/portraits/thumb/men/53.jpg"},"nat":"ES"}],"info":{"seed":"626f442d0f50d8c2","results":1,"page":1,"version":"1.4"}} 
 </msg>
<msg time="2024-08-01T19:12:05.109265" level="INFO">/opt/hostedtoolcache/Python/3.12.4/x64/lib/python3.12/site-packages/urllib3/connectionpool.py:1099: InsecureRequestWarning: Unverified HTTPS request is being made to host 'randomuser.me'. Adding certificate verification is strongly advised. See: https://urllib3.readthedocs.io/en/latest/advanced-usage.html#tls-warnings
  warnings.warn(</msg>
<msg time="2024-08-01T19:12:05.109400" level="INFO">${response} = &lt;Response [200]&gt;</msg>
<var>${response}</var>
<arg>consultarAPI</arg>
<arg>/api</arg>
<doc>Sends a GET request on a previously created HTTP Session.</doc>
<status status="PASS" start="2024-08-01T19:12:04.910384" elapsed="0.199059"/>
</kw>
<kw name="Set Variable" owner="BuiltIn">
<msg time="2024-08-01T19:12:05.110517" level="INFO">${json_data} = {'results': [{'gender': 'male', 'name': {'title': 'Mr', 'first': 'Albert', 'last': 'Santos'}, 'location': {'street': {'number': 2265, 'name': 'Calle de Alberto Aguilera'}, 'city': 'Valencia', 'state':...</msg>
<var>${json_data}</var>
<arg>${response.json()}</arg>
<doc>Returns the given values which can then be assigned to a variables.</doc>
<status status="PASS" start="2024-08-01T19:12:05.109989" elapsed="0.000556"/>
</kw>
<kw name="Log" owner="BuiltIn">
<msg time="2024-08-01T19:12:05.111011" level="INFO">{'results': [{'gender': 'male', 'name': {'title': 'Mr', 'first': 'Albert', 'last': 'Santos'}, 'location': {'street': {'number': 2265, 'name': 'Calle de Alberto Aguilera'}, 'city': 'Valencia', 'state': 'Aragón', 'country': 'Spain', 'postcode': 55507, 'coordinates': {'latitude': '-37.1769', 'longitude': '-82.6268'}, 'timezone': {'offset': '+10:00', 'description': 'Eastern Australia, Guam, Vladivostok'}}, 'email': 'albert.santos@example.com', 'login': {'uuid': '0ef33e18-4c84-4247-8e36-a89888beb211', 'username': 'bluegorilla715', 'password': 'tyler', 'salt': 'pVHsksEX', 'md5': '1ce48195fa0b8b7c750525d340c991e8', 'sha1': '85a3a77702d111dae7691c7cbb9870f32fde8f76', 'sha256': 'bd44561cd73ea879021f447f6b86c90e5bea19b6a5da5469e5256e199e6ab21a'}, 'dob': {'date': '1973-12-03T23:13:41.962Z', 'age': 50}, 'registered': {'date': '2014-02-19T17:08:52.969Z', 'age': 10}, 'phone': '955-797-111', 'cell': '646-255-144', 'id': {'name': 'DNI', 'value': '05567148-X'}, 'picture': {'large': 'https://randomuser.me/api/portraits/men/53.jpg', 'medium': 'https://randomuser.me/api/portraits/med/men/53.jpg', 'thumbnail': 'https://randomuser.me/api/portraits/thumb/men/53.jpg'}, 'nat': 'ES'}], 'info': {'seed': '626f442d0f50d8c2', 'results': 1, 'page': 1, 'version': '1.4'}}</msg>
<arg>${json_data}</arg>
<doc>Logs the given message with the given level.</doc>
<status status="PASS" start="2024-08-01T19:12:05.110850" elapsed="0.000210"/>
</kw>
<kw name="Should Be String" owner="String">
<arg>${json_data['results'][0]['gender']}</arg>
<doc>Fails if the given ``item`` is not a string.</doc>
<status status="PASS" start="2024-08-01T19:12:05.111352" elapsed="0.000374"/>
</kw>
<kw name="Should Match Regexp" owner="BuiltIn">
<arg>${json_data['results'][0]['email']}</arg>
<arg>^[a-zA-Z0-9._%+-]+@[a-zA-Z0-9.-]+\.[a-zA-Z]{2,}$</arg>
<doc>Fails if ``string`` does not match ``pattern`` as a regular expression.</doc>
<status status="PASS" start="2024-08-01T19:12:05.111917" elapsed="0.000561"/>
</kw>
<kw name="Should Match Regexp" owner="BuiltIn">
<arg>${json_data['results'][0]['dob']['date']}</arg>
<arg>\\d{4}-\\d{2}-\\d{2}T\\d{2}:\\d{2}:\\d{2}\\.\\d{3}Z</arg>
<doc>Fails if ``string`` does not match ``pattern`` as a regular expression.</doc>
<status status="PASS" start="2024-08-01T19:12:05.112673" elapsed="0.000627"/>
</kw>
<kw name="Should Match Regexp" owner="BuiltIn">
<arg>${json_data['results'][0]['registered']['date']}</arg>
<arg>\\d{4}-\\d{2}-\\d{2}T\\d{2}:\\d{2}:\\d{2}\\.\\d{3}Z</arg>
<doc>Fails if ``string`` does not match ``pattern`` as a regular expression.</doc>
<status status="PASS" start="2024-08-01T19:12:05.113493" elapsed="0.000403"/>
</kw>
<kw name="Should Match Regexp" owner="BuiltIn">
<arg>${json_data['results'][0]['picture']['large']}</arg>
<arg>^https?://.*\.(?:png|jpe?g|gif|bmp)$</arg>
<doc>Fails if ``string`` does not match ``pattern`` as a regular expression.</doc>
<status status="PASS" start="2024-08-01T19:12:05.114084" elapsed="0.000457"/>
</kw>
<kw name="Should Match Regexp" owner="BuiltIn">
<arg>${json_data['results'][0]['picture']['medium']}</arg>
<arg>^https?://.*\.(?:png|jpe?g|gif|bmp)$</arg>
<doc>Fails if ``string`` does not match ``pattern`` as a regular expression.</doc>
<status status="PASS" start="2024-08-01T19:12:05.114734" elapsed="0.000354"/>
</kw>
<kw name="Should Match Regexp" owner="BuiltIn">
<arg>${json_data['results'][0]['picture']['thumbnail']}</arg>
<arg>^https?://.*\.(?:png|jpe?g|gif|bmp)$</arg>
<doc>Fails if ``string`` does not match ``pattern`` as a regular expression.</doc>
<status status="PASS" start="2024-08-01T19:12:05.115272" elapsed="0.000347"/>
</kw>
<kw name="Log" owner="BuiltIn">
<msg time="2024-08-01T19:12:05.116120" level="INFO">{'large': 'https://randomuser.me/api/portraits/men/53.jpg', 'medium': 'https://randomuser.me/api/portraits/med/men/53.jpg', 'thumbnail': 'https://randomuser.me/api/portraits/thumb/men/53.jpg'}</msg>
<arg>${json_data['results'][0]['picture']}</arg>
<doc>Logs the given message with the given level.</doc>
<status status="PASS" start="2024-08-01T19:12:05.115799" elapsed="0.000365"/>
</kw>
<status status="PASS" start="2024-08-01T19:12:04.910159" elapsed="0.206264"/>
</kw>
<kw name="Teste de Tipos de Dados - Postcode" owner="random-user-service">
<kw name="GET On Session" owner="RequestsLibrary">
<msg time="2024-08-01T19:12:05.234216" level="INFO">GET Request : url=https://randomuser.me/api 
 path_url=/api 
 headers={'User-Agent': 'python-requests/2.32.3', 'Accept-Encoding': 'gzip, deflate', 'Accept': '*/*', 'Connection': 'keep-alive'} 
 body=None 
 </msg>
<msg time="2024-08-01T19:12:05.234317" level="INFO">GET Response : url=https://randomuser.me/api 
 status=200, reason=OK 
 headers={'Date': 'Thu, 01 Aug 2024 19:12:05 GMT', 'Content-Type': 'application/json; charset=utf-8', 'Transfer-Encoding': 'chunked', 'Connection': 'keep-alive', 'X-Powered-By': 'Express', 'Access-Control-Allow-Origin': '*', 'Cache-Control': 'no-cache', 'ETag': 'W/"479-rlJKgoO4geh3bha44sdalnotDus"', 'Vary': 'Accept-Encoding', 'Content-Encoding': 'gzip', 'CF-Cache-Status': 'DYNAMIC', 'Report-To': '{"endpoints":[{"url":"https:\\/\\/a.nel.cloudflare.com\\/report\\/v4?s=4yvSGTniiXiZoucOajdoq7mlhz6FG5HbbtGjUxOXp2lM%2BOjJuKp1h67bcX4gpKTVJKFFteLzJ3xrbSBwy8WdDao4B38cnHCFed3eT0nmgKsKIf1s8MGUWFs6AQ4jyb5G"}],"group":"cf-nel","max_age":604800}', 'NEL': '{"success_fraction":0,"report_to":"cf-nel","max_age":604800}', 'Server': 'cloudflare', 'CF-RAY': '8ac823400a45387d-IAD', 'alt-svc': 'h3=":443"; ma=86400'} 
 body={"results":[{"gender":"male","name":{"title":"Mr","first":"Cooper","last":"Davies"},"location":{"street":{"number":8531,"name":"Frederick Street"},"city":"Taupo","state":"Canterbury","country":"New Zealand","postcode":80495,"coordinates":{"latitude":"48.0785","longitude":"-161.0031"},"timezone":{"offset":"-2:00","description":"Mid-Atlantic"}},"email":"cooper.davies@example.com","login":{"uuid":"426d4b2c-0b1d-4976-a369-3d57f3c5c51b","username":"happymeercat309","password":"charlotte","salt":"bRgZKDy6","md5":"3bb8df1d3191d34d524cbcbadc90e14d","sha1":"b7b55b4f6daf34f98f65e6d5dafbca519306976e","sha256":"302a184657ddf117bb68f717716597d0489a555c8e37b10b450575d900d7cb0a"},"dob":{"date":"1993-10-24T07:44:11.649Z","age":30},"registered":{"date":"2009-07-27T00:30:33.459Z","age":15},"phone":"(927)-373-0767","cell":"(373)-412-4116","id":{"name":"","value":null},"picture":{"large":"https://randomuser.me/api/portraits/men/47.jpg","medium":"https://randomuser.me/api/portraits/med/men/47.jpg","thumbnail":"https://randomuser.me/api/portraits/thumb/men/47.jpg"},"nat":"NZ"}],"info":{"seed":"e8c541b0dd6a8907","results":1,"page":1,"version":"1.4"}} 
 </msg>
<msg time="2024-08-01T19:12:05.234400" level="INFO">/opt/hostedtoolcache/Python/3.12.4/x64/lib/python3.12/site-packages/urllib3/connectionpool.py:1099: InsecureRequestWarning: Unverified HTTPS request is being made to host 'randomuser.me'. Adding certificate verification is strongly advised. See: https://urllib3.readthedocs.io/en/latest/advanced-usage.html#tls-warnings
  warnings.warn(</msg>
<msg time="2024-08-01T19:12:05.234536" level="INFO">${response} = &lt;Response [200]&gt;</msg>
<var>${response}</var>
<arg>consultarAPI</arg>
<arg>/api</arg>
<doc>Sends a GET request on a previously created HTTP Session.</doc>
<status status="PASS" start="2024-08-01T19:12:05.116876" elapsed="0.117703"/>
</kw>
<kw name="Set Variable" owner="BuiltIn">
<msg time="2024-08-01T19:12:05.235572" level="INFO">${json_data} = {'results': [{'gender': 'male', 'name': {'title': 'Mr', 'first': 'Cooper', 'last': 'Davies'}, 'location': {'street': {'number': 8531, 'name': 'Frederick Street'}, 'city': 'Taupo', 'state': 'Canterbury...</msg>
<var>${json_data}</var>
<arg>${response.json()}</arg>
<doc>Returns the given values which can then be assigned to a variables.</doc>
<status status="PASS" start="2024-08-01T19:12:05.235064" elapsed="0.000536"/>
</kw>
<kw name="Log" owner="BuiltIn">
<msg time="2024-08-01T19:12:05.236069" level="INFO">{'results': [{'gender': 'male', 'name': {'title': 'Mr', 'first': 'Cooper', 'last': 'Davies'}, 'location': {'street': {'number': 8531, 'name': 'Frederick Street'}, 'city': 'Taupo', 'state': 'Canterbury', 'country': 'New Zealand', 'postcode': 80495, 'coordinates': {'latitude': '48.0785', 'longitude': '-161.0031'}, 'timezone': {'offset': '-2:00', 'description': 'Mid-Atlantic'}}, 'email': 'cooper.davies@example.com', 'login': {'uuid': '426d4b2c-0b1d-4976-a369-3d57f3c5c51b', 'username': 'happymeercat309', 'password': 'charlotte', 'salt': 'bRgZKDy6', 'md5': '3bb8df1d3191d34d524cbcbadc90e14d', 'sha1': 'b7b55b4f6daf34f98f65e6d5dafbca519306976e', 'sha256': '302a184657ddf117bb68f717716597d0489a555c8e37b10b450575d900d7cb0a'}, 'dob': {'date': '1993-10-24T07:44:11.649Z', 'age': 30}, 'registered': {'date': '2009-07-27T00:30:33.459Z', 'age': 15}, 'phone': '(927)-373-0767', 'cell': '(373)-412-4116', 'id': {'name': '', 'value': None}, 'picture': {'large': 'https://randomuser.me/api/portraits/men/47.jpg', 'medium': 'https://randomuser.me/api/portraits/med/men/47.jpg', 'thumbnail': 'https://randomuser.me/api/portraits/thumb/men/47.jpg'}, 'nat': 'NZ'}], 'info': {'seed': 'e8c541b0dd6a8907', 'results': 1, 'page': 1, 'version': '1.4'}}</msg>
<arg>${json_data}</arg>
<doc>Logs the given message with the given level.</doc>
<status status="PASS" start="2024-08-01T19:12:05.235912" elapsed="0.000214"/>
</kw>
<kw name="Should Be Equal As Numbers" owner="BuiltIn">
<arg>${json_data['results'][0]['location']['postcode']}</arg>
<arg>${json_data['results'][0]['location']['postcode']}</arg>
<doc>Fails if objects are unequal after converting them to real numbers.</doc>
<status status="PASS" start="2024-08-01T19:12:05.236426" elapsed="0.000629"/>
</kw>
<kw name="Log" owner="BuiltIn">
<msg time="2024-08-01T19:12:05.237583" level="INFO">80495</msg>
<arg>${json_data['results'][0]['location']['postcode']}</arg>
<doc>Logs the given message with the given level.</doc>
<status status="PASS" start="2024-08-01T19:12:05.237249" elapsed="0.000375"/>
</kw>
<status status="PASS" start="2024-08-01T19:12:05.116648" elapsed="0.121319"/>
</kw>
<doc>Testa se os tipos de dados na resposta da API estão corretos.</doc>
<tag>testeTiposDados</tag>
<status status="PASS" start="2024-08-01T19:12:04.909681" elapsed="0.328463"/>
</test>
<test id="s1-s1-t5" name="Validar conteudo" line="35">
<kw name="Teste de Tipos de Conteudo" owner="random-user-service">
<kw name="GET On Session" owner="RequestsLibrary">
<msg time="2024-08-01T19:12:05.364781" level="INFO">GET Request : url=https://randomuser.me/api 
 path_url=/api 
 headers={'User-Agent': 'python-requests/2.32.3', 'Accept-Encoding': 'gzip, deflate', 'Accept': '*/*', 'Connection': 'keep-alive'} 
 body=None 
 </msg>
<msg time="2024-08-01T19:12:05.364878" level="INFO">GET Response : url=https://randomuser.me/api 
 status=200, reason=OK 
 headers={'Date': 'Thu, 01 Aug 2024 19:12:05 GMT', 'Content-Type': 'application/json; charset=utf-8', 'Transfer-Encoding': 'chunked', 'Connection': 'keep-alive', 'X-Powered-By': 'Express', 'Access-Control-Allow-Origin': '*', 'Cache-Control': 'no-cache', 'ETag': 'W/"4a2-8DyMlihYVqtEQZpQzdAlIT6/HDI"', 'Vary': 'Accept-Encoding', 'Content-Encoding': 'gzip', 'CF-Cache-Status': 'DYNAMIC', 'Report-To': '{"endpoints":[{"url":"https:\\/\\/a.nel.cloudflare.com\\/report\\/v4?s=NfekVn1MtkaeWUID1Mm7poxWMhC3zmHnRLSjnbz5fMvYjVLMufvEVwv8fZQdLtuxP0mA8FYAkFM2b%2BBK6PHW8q2HVmKKG8Q%2B7vgcXUhyAPE3P%2FUqpHkuKzUwzqoGrXNB"}],"group":"cf-nel","max_age":604800}', 'NEL': '{"success_fraction":0,"report_to":"cf-nel","max_age":604800}', 'Server': 'cloudflare', 'CF-RAY': '8ac82340cb23387d-IAD', 'alt-svc': 'h3=":443"; ma=86400'} 
 body={"results":[{"gender":"male","name":{"title":"Mr","first":"ایلیا","last":"علیزاده"},"location":{"street":{"number":8688,"name":"آیت الله سعیدی"},"city":"بندرعباس","state":"چهارمحال و بختیاری","country":"Iran","postcode":94247,"coordinates":{"latitude":"18.2414","longitude":"-27.9957"},"timezone":{"offset":"-10:00","description":"Hawaii"}},"email":"yly.aalyzdh@example.com","login":{"uuid":"371d04ce-e6de-4056-9511-f6ebd159a623","username":"beautifulbutterfly977","password":"frodo1","salt":"4z15dtAw","md5":"57d4b5627a28432b7f3d5cd83f6711b0","sha1":"da011ec7284eb1ce87bba97d5df1e4996fe8d0f8","sha256":"cd417921c03a6867e39b7ecd5597e3a7e71c0afe2b973ecff1d7726f3363fe28"},"dob":{"date":"1969-06-13T06:56:17.049Z","age":55},"registered":{"date":"2020-07-10T07:52:49.697Z","age":4},"phone":"081-35641299","cell":"0976-902-0366","id":{"name":"","value":null},"picture":{"large":"https://randomuser.me/api/portraits/men/70.jpg","medium":"https://randomuser.me/api/portraits/med/men/70.jpg","thumbnail":"https://randomuser.me/api/portraits/thumb/men/70.jpg"},"nat":"IR"}],"info":{"seed":"21d8daf8a5a31824","results":1,"page":1,"version":"1.4"}} 
 </msg>
<msg time="2024-08-01T19:12:05.364954" level="INFO">/opt/hostedtoolcache/Python/3.12.4/x64/lib/python3.12/site-packages/urllib3/connectionpool.py:1099: InsecureRequestWarning: Unverified HTTPS request is being made to host 'randomuser.me'. Adding certificate verification is strongly advised. See: https://urllib3.readthedocs.io/en/latest/advanced-usage.html#tls-warnings
  warnings.warn(</msg>
<msg time="2024-08-01T19:12:05.365091" level="INFO">${response} = &lt;Response [200]&gt;</msg>
<var>${response}</var>
<arg>consultarAPI</arg>
<arg>/api</arg>
<doc>Sends a GET request on a previously created HTTP Session.</doc>
<status status="PASS" start="2024-08-01T19:12:05.240570" elapsed="0.124565"/>
</kw>
<kw name="Set Variable" owner="BuiltIn">
<msg time="2024-08-01T19:12:05.366262" level="INFO">${json_data} = {'results': [{'gender': 'male', 'name': {'title': 'Mr', 'first': 'ایلیا', 'last': 'علیزاده'}, 'location': {'street': {'number': 8688, 'name': 'آیت الله سعیدی'}, 'city': 'بندرعباس', 'state': 'چهارمحال ...</msg>
<var>${json_data}</var>
<arg>${response.json()}</arg>
<doc>Returns the given values which can then be assigned to a variables.</doc>
<status status="PASS" start="2024-08-01T19:12:05.365702" elapsed="0.000591"/>
</kw>
<kw name="Set Variable" owner="BuiltIn">
<msg time="2024-08-01T19:12:05.366991" level="INFO">${name_title} = Mr</msg>
<var>${name_title}</var>
<arg>${json_data["results"][0]["name"]["title"]}</arg>
<doc>Returns the given values which can then be assigned to a variables.</doc>
<status status="PASS" start="2024-08-01T19:12:05.366605" elapsed="0.000411"/>
</kw>
<kw name="Create List" owner="BuiltIn">
<msg time="2024-08-01T19:12:05.367458" level="INFO">${allowed_titles} = ['Mr', 'Ms', 'Miss', 'Mrs', 'Madame', 'Monsieur']</msg>
<var>${allowed_titles}</var>
<arg>Mr</arg>
<arg>Ms</arg>
<arg>Miss</arg>
<arg>Mrs</arg>
<arg>Madame</arg>
<arg>Monsieur</arg>
<doc>Returns a list containing given items.</doc>
<status status="PASS" start="2024-08-01T19:12:05.367308" elapsed="0.000174"/>
</kw>
<kw name="List Should Contain Value" owner="Collections">
<arg>${allowed_titles}</arg>
<arg>${name_title}</arg>
<doc>Fails if the ``value`` is not found from ``list``.</doc>
<status status="PASS" start="2024-08-01T19:12:05.367784" elapsed="0.000176"/>
</kw>
<kw name="Set Variable" owner="BuiltIn">
<msg time="2024-08-01T19:12:05.368519" level="INFO">${name_country} = IR</msg>
<var>${name_country}</var>
<arg>${json_data["results"][0]["nat"]}</arg>
<doc>Returns the given values which can then be assigned to a variables.</doc>
<status status="PASS" start="2024-08-01T19:12:05.368143" elapsed="0.000401"/>
</kw>
<kw name="Create List" owner="BuiltIn">
<msg time="2024-08-01T19:12:05.369420" level="INFO">${list_country} = ['AD', 'AE', 'AF', 'AG', 'AI', 'AL', 'AM', 'AO', 'AQ', 'AR', 'AS', 'AT', 'AU', 'AW', 'AX', 'AZ', 'BA', 'BB', 'BD', 'BE', 'BF', 'BG', 'BH', 'BI', 'BJ', 'BL', 'BM', 'BN', 'BO', 'BQ', 'BR', 'BS', 'BT', '...</msg>
<var>${list_country}</var>
<arg>AD</arg>
<arg>AE</arg>
<arg>AF</arg>
<arg>AG</arg>
<arg>AI</arg>
<arg>AL</arg>
<arg>AM</arg>
<arg>AO</arg>
<arg>AQ</arg>
<arg>AR</arg>
<arg>AS</arg>
<arg>AT</arg>
<arg>AU</arg>
<arg>AW</arg>
<arg>AX</arg>
<arg>AZ</arg>
<arg>BA</arg>
<arg>BB</arg>
<arg>BD</arg>
<arg>BE</arg>
<arg>BF</arg>
<arg>BG</arg>
<arg>BH</arg>
<arg>BI</arg>
<arg>BJ</arg>
<arg>BL</arg>
<arg>BM</arg>
<arg>BN</arg>
<arg>BO</arg>
<arg>BQ</arg>
<arg>BR</arg>
<arg>BS</arg>
<arg>BT</arg>
<arg>BV</arg>
<arg>BW</arg>
<arg>BY</arg>
<arg>BZ</arg>
<arg>CA</arg>
<arg>CC</arg>
<arg>CD</arg>
<arg>CF</arg>
<arg>CG</arg>
<arg>CH</arg>
<arg>CI</arg>
<arg>CK</arg>
<arg>CL</arg>
<arg>CM</arg>
<arg>CN</arg>
<arg>CO</arg>
<arg>CR</arg>
<arg>CU</arg>
<arg>CV</arg>
<arg>CW</arg>
<arg>CX</arg>
<arg>CY</arg>
<arg>CZ</arg>
<arg>DE</arg>
<arg>DJ</arg>
<arg>DK</arg>
<arg>DM</arg>
<arg>DO</arg>
<arg>DZ</arg>
<arg>EC</arg>
<arg>EE</arg>
<arg>EG</arg>
<arg>EH</arg>
<arg>ER</arg>
<arg>ES</arg>
<arg>ET</arg>
<arg>FI</arg>
<arg>FJ</arg>
<arg>FK</arg>
<arg>FM</arg>
<arg>FO</arg>
<arg>FR</arg>
<arg>GA</arg>
<arg>GB</arg>
<arg>GD</arg>
<arg>GE</arg>
<arg>GF</arg>
<arg>GG</arg>
<arg>GH</arg>
<arg>GI</arg>
<arg>GL</arg>
<arg>GM</arg>
<arg>GN</arg>
<arg>GP</arg>
<arg>GQ</arg>
<arg>GR</arg>
<arg>GS</arg>
<arg>GT</arg>
<arg>GU</arg>
<arg>GW</arg>
<arg>GY</arg>
<arg>HK</arg>
<arg>HM</arg>
<arg>HN</arg>
<arg>HR</arg>
<arg>HT</arg>
<arg>HU</arg>
<arg>ID</arg>
<arg>IE</arg>
<arg>IL</arg>
<arg>IM</arg>
<arg>IN</arg>
<arg>IO</arg>
<arg>IQ</arg>
<arg>IR</arg>
<arg>IS</arg>
<arg>IT</arg>
<arg>JE</arg>
<arg>JM</arg>
<arg>JO</arg>
<arg>JP</arg>
<arg>KE</arg>
<arg>KG</arg>
<arg>KH</arg>
<arg>KI</arg>
<arg>KM</arg>
<arg>KN</arg>
<arg>KP</arg>
<arg>KR</arg>
<arg>KW</arg>
<arg>KY</arg>
<arg>KZ</arg>
<arg>LA</arg>
<arg>LB</arg>
<arg>LC</arg>
<arg>LI</arg>
<arg>LK</arg>
<arg>LR</arg>
<arg>LS</arg>
<arg>LT</arg>
<arg>LU</arg>
<arg>LV</arg>
<arg>LY</arg>
<arg>MA</arg>
<arg>MC</arg>
<arg>MD</arg>
<arg>ME</arg>
<arg>MF</arg>
<arg>MG</arg>
<arg>MH</arg>
<arg>MK</arg>
<arg>ML</arg>
<arg>MM</arg>
<arg>MN</arg>
<arg>MO</arg>
<arg>MP</arg>
<arg>MQ</arg>
<arg>MR</arg>
<arg>MS</arg>
<arg>MT</arg>
<arg>MU</arg>
<arg>MV</arg>
<arg>MW</arg>
<arg>MX</arg>
<arg>MY</arg>
<arg>MZ</arg>
<arg>NA</arg>
<arg>NC</arg>
<arg>NE</arg>
<arg>NF</arg>
<arg>NG</arg>
<arg>NI</arg>
<arg>NL</arg>
<arg>NO</arg>
<arg>NP</arg>
<arg>NR</arg>
<arg>NU</arg>
<arg>NZ</arg>
<arg>OM</arg>
<arg>PA</arg>
<arg>PE</arg>
<arg>PF</arg>
<arg>PG</arg>
<arg>PH</arg>
<arg>PK</arg>
<arg>PL</arg>
<arg>PM</arg>
<arg>PN</arg>
<arg>PR</arg>
<arg>PS</arg>
<arg>PT</arg>
<arg>PW</arg>
<arg>PY</arg>
<arg>QA</arg>
<arg>RE</arg>
<arg>RO</arg>
<arg>RS</arg>
<arg>RU</arg>
<arg>RW</arg>
<arg>SA</arg>
<arg>SB</arg>
<arg>SC</arg>
<arg>SD</arg>
<arg>SE</arg>
<arg>SG</arg>
<arg>SH</arg>
<arg>SI</arg>
<arg>SJ</arg>
<arg>SK</arg>
<arg>SL</arg>
<arg>SM</arg>
<arg>SN</arg>
<arg>SO</arg>
<arg>SR</arg>
<arg>SS</arg>
<arg>ST</arg>
<arg>SV</arg>
<arg>SX</arg>
<arg>SY</arg>
<arg>SZ</arg>
<arg>TC</arg>
<arg>TD</arg>
<arg>TF</arg>
<arg>TG</arg>
<arg>TH</arg>
<arg>TJ</arg>
<arg>TK</arg>
<arg>TL</arg>
<arg>TM</arg>
<arg>TN</arg>
<arg>TO</arg>
<arg>TR</arg>
<arg>TT</arg>
<arg>TV</arg>
<arg>TW</arg>
<arg>TZ</arg>
<arg>UA</arg>
<arg>UG</arg>
<arg>UM</arg>
<arg>US</arg>
<arg>UY</arg>
<arg>UZ</arg>
<arg>VA</arg>
<arg>VC</arg>
<arg>VE</arg>
<arg>VG</arg>
<arg>VI</arg>
<arg>VN</arg>
<arg>VU</arg>
<arg>WF</arg>
<arg>WS</arg>
<arg>XK</arg>
<arg>YE</arg>
<arg>YT</arg>
<arg>ZA</arg>
<arg>ZM</arg>
<arg>ZW</arg>
<doc>Returns a list containing given items.</doc>
<status status="PASS" start="2024-08-01T19:12:05.368829" elapsed="0.000617"/>
</kw>
<kw name="List Should Contain Value" owner="Collections">
<arg>${list_country}</arg>
<arg>${name_country}</arg>
<doc>Fails if the ``value`` is not found from ``list``.</doc>
<status status="PASS" start="2024-08-01T19:12:05.370436" elapsed="0.000209"/>
</kw>
<kw name="Run Keyword If" owner="BuiltIn">
<kw name="Should Be True" owner="BuiltIn">
<arg>${True}</arg>
<doc>Fails if the given condition is not true.</doc>
<status status="PASS" start="2024-08-01T19:12:05.371610" elapsed="0.000144"/>
</kw>
<arg>${json_data["results"][0]["location"]["coordinates"]["latitude"]} &gt;= -90 and ${json_data["results"][0]["location"]["coordinates"]["latitude"]} &lt;= 90</arg>
<arg>Should Be True</arg>
<arg>${True}</arg>
<doc>Runs the given keyword with the given arguments, if ``condition`` is true.</doc>
<status status="PASS" start="2024-08-01T19:12:05.370846" elapsed="0.001034"/>
</kw>
<kw name="Run Keyword If" owner="BuiltIn">
<kw name="Should Be True" owner="BuiltIn">
<arg>${True}</arg>
<doc>Fails if the given condition is not true.</doc>
<status status="PASS" start="2024-08-01T19:12:05.372756" elapsed="0.000137"/>
</kw>
<arg>${json_data["results"][0]["location"]["coordinates"]["longitude"]} &gt;= -180 and ${json_data["results"][0]["location"]["coordinates"]["longitude"]} &lt;= 180</arg>
<arg>Should Be True</arg>
<arg>${True}</arg>
<doc>Runs the given keyword with the given arguments, if ``condition`` is true.</doc>
<status status="PASS" start="2024-08-01T19:12:05.372063" elapsed="0.000954"/>
</kw>
<status status="PASS" start="2024-08-01T19:12:05.240346" elapsed="0.132802"/>
</kw>
<doc>Testa o conteúdo específico dos campos retornados pela API.</doc>
<tag>testeConteudo</tag>
<status status="PASS" start="2024-08-01T19:12:05.239874" elapsed="0.133427"/>
</test>
<status status="PASS" start="2024-08-01T19:12:03.451357" elapsed="1.923890"/>
</suite>
<status status="PASS" start="2024-08-01T19:12:03.437028" elapsed="1.943330"/>
</suite>
<statistics>
<total>
<stat pass="5" fail="0" skip="0">All Tests</stat>
</total>
<tag>
<stat pass="1" fail="0" skip="0">testeConteudo</stat>
<stat pass="1" fail="0" skip="0">testeEstruturaResposta</stat>
<stat pass="1" fail="0" skip="0">testeRequisicaoBasica</stat>
<stat pass="1" fail="0" skip="0">testeTiposDados</stat>
</tag>
<suite>
<stat pass="5" fail="0" skip="0" id="s1" name="Tests">Tests</stat>
<stat pass="5" fail="0" skip="0" id="s1-s1" name="Random-User-Test">Tests.Random-User-Test</stat>
</suite>
</statistics>
<errors>
</errors>
</robot>
