<?xml version="1.0" encoding="UTF-8"?>
<robot generator="Robot 7.0 (Python 3.12.3 on linux)" generated="2024-04-24T10:16:15.267102" rpa="false" schemaversion="5">
<suite id="s1" name="Tests" source="/home/runner/work/DesafioQAItauRogerioJordao/DesafioQAItauRogerioJordao/RamdonUser/tests">
<suite id="s1-s1" name="Random-User-Test" source="/home/runner/work/DesafioQAItauRogerioJordao/DesafioQAItauRogerioJordao/RamdonUser/tests/random-user-test.robot">
<test id="s1-s1-t1" name="Conectar" line="13">
<kw name="Conectar API" owner="random-user-service">
<kw name="Create Session" owner="RequestsLibrary">
<msg time="2024-04-24T10:16:15.630970" level="INFO">Creating Session using : alias=consultarAPI, url=https://randomuser.me/, headers={},                     cookies={}, auth=None, timeout=None, proxies=None, verify=False,                     debug=0 </msg>
<arg>consultarAPI</arg>
<arg>${URL}</arg>
<doc>Create Session: create a HTTP session to a server</doc>
<status status="PASS" start="2024-04-24T10:16:15.630784" elapsed="0.000349"/>
</kw>
<status status="PASS" start="2024-04-24T10:16:15.629888" elapsed="0.001582"/>
</kw>
<status status="PASS" start="2024-04-24T10:16:15.629408" elapsed="0.002289"/>
</test>
<test id="s1-s1-t2" name="Validar retorno 200 e JSON Válido" line="16">
<kw name="Teste de Requisicao Basica" owner="random-user-service">
<kw name="GET On Session" owner="RequestsLibrary">
<msg time="2024-04-24T10:16:16.001011" level="INFO">GET Request : url=https://randomuser.me/api 
 path_url=/api 
 headers={'User-Agent': 'python-requests/2.31.0', 'Accept-Encoding': 'gzip, deflate', 'Accept': '*/*', 'Connection': 'keep-alive'} 
 body=None 
 </msg>
<msg time="2024-04-24T10:16:16.001118" level="INFO">GET Response : url=https://randomuser.me/api 
 status=200, reason=OK 
 headers={'Date': 'Wed, 24 Apr 2024 10:16:15 GMT', 'Content-Type': 'application/json; charset=utf-8', 'Transfer-Encoding': 'chunked', 'Connection': 'keep-alive', 'X-Powered-By': 'Express', 'Access-Control-Allow-Origin': '*', 'Cache-Control': 'no-cache', 'ETag': 'W/"48d-4PKK3ZXXf1YLfoQtpsS0u27OPGs"', 'Vary': 'Accept-Encoding', 'Content-Encoding': 'gzip', 'CF-Cache-Status': 'DYNAMIC', 'Report-To': '{"endpoints":[{"url":"https:\\/\\/a.nel.cloudflare.com\\/report\\/v4?s=Zp8oHoGrtb5qfBuDQ5aVumOy9t3cckV5Ocoa2z9ADaBqWhwkTqzKyXx%2FNE41TaXo18YmuHypf1wke3pGNrr6JKP%2BgH4EhlUPvYHZ%2Fdb1EDWKYDRLUMEYYBfei3RTr%2FYM"}],"group":"cf-nel","max_age":604800}', 'NEL': '{"success_fraction":0,"report_to":"cf-nel","max_age":604800}', 'Server': 'cloudflare', 'CF-RAY': '8795563a9b992ae2-ORD', 'alt-svc': 'h3=":443"; ma=86400'} 
 body={"results":[{"gender":"male","name":{"title":"Mr","first":"Tony","last":"Lynch"},"location":{"street":{"number":7788,"name":"Cackson St"},"city":"Glendale","state":"Colorado","country":"United States","postcode":50434,"coordinates":{"latitude":"85.1933","longitude":"-58.5957"},"timezone":{"offset":"+8:00","description":"Beijing, Perth, Singapore, Hong Kong"}},"email":"tony.lynch@example.com","login":{"uuid":"e8dc1517-fc64-4c17-88e4-50f6f88661cf","username":"whitefish423","password":"kathryn","salt":"9XzrWfBG","md5":"aaf557155a950c365fbbe3cd3768e854","sha1":"2f827840415d38561a06bec4663d7733917ee0a9","sha256":"69a3beb71a17d38e3706c87fb29047d49bd2bcd921316abdcb1fc151bc03f392"},"dob":{"date":"1945-12-04T06:49:25.980Z","age":78},"registered":{"date":"2021-12-01T08:59:35.937Z","age":2},"phone":"(955) 540-7922","cell":"(388) 559-4763","id":{"name":"SSN","value":"088-13-3471"},"picture":{"large":"https://randomuser.me/api/portraits/men/37.jpg","medium":"https://randomuser.me/api/portraits/med/men/37.jpg","thumbnail":"https://randomuser.me/api/portraits/thumb/men/37.jpg"},"nat":"US"}],"info":{"seed":"d6dbc5e2f18fe499","results":1,"page":1,"version":"1.4"}} 
 </msg>
<msg time="2024-04-24T10:16:16.001184" level="INFO">/opt/hostedtoolcache/Python/3.12.3/x64/lib/python3.12/site-packages/urllib3/connectionpool.py:1103: InsecureRequestWarning: Unverified HTTPS request is being made to host 'randomuser.me'. Adding certificate verification is strongly advised. See: https://urllib3.readthedocs.io/en/latest/advanced-usage.html#tls-warnings
  warnings.warn(</msg>
<msg time="2024-04-24T10:16:16.001305" level="INFO">${response} = &lt;Response [200]&gt;</msg>
<var>${response}</var>
<arg>consultarAPI</arg>
<arg>/api</arg>
<doc>Sends a GET request on a previously created HTTP Session.</doc>
<status status="PASS" start="2024-04-24T10:16:15.634308" elapsed="0.367037"/>
</kw>
<kw name="Should Be Equal As Numbers" owner="BuiltIn">
<msg time="2024-04-24T10:16:16.002311" level="INFO">Argument types are:
&lt;class 'int'&gt;
&lt;class 'str'&gt;</msg>
<arg>${response.status_code}</arg>
<arg>200</arg>
<doc>Fails if objects are unequal after converting them to real numbers.</doc>
<status status="PASS" start="2024-04-24T10:16:16.001840" elapsed="0.000533"/>
</kw>
<kw name="Log" owner="BuiltIn">
<msg time="2024-04-24T10:16:16.003047" level="INFO">200</msg>
<arg>${response.status_code}</arg>
<doc>Logs the given message with the given level.</doc>
<status status="PASS" start="2024-04-24T10:16:16.002708" elapsed="0.000379"/>
</kw>
<kw name="Set Variable" owner="BuiltIn">
<msg time="2024-04-24T10:16:16.003860" level="INFO">${json_data} = {'results': [{'gender': 'male', 'name': {'title': 'Mr', 'first': 'Tony', 'last': 'Lynch'}, 'location': {'street': {'number': 7788, 'name': 'Cackson St'}, 'city': 'Glendale', 'state': 'Colorado', 'coun...</msg>
<var>${json_data}</var>
<arg>${response.json()}</arg>
<doc>Returns the given values which can then be assigned to a variables.</doc>
<status status="PASS" start="2024-04-24T10:16:16.003381" elapsed="0.000507"/>
</kw>
<kw name="Dictionary Should Contain Key" owner="Collections">
<msg time="2024-04-24T10:16:16.004349" level="INFO">False</msg>
<arg>${json_data}</arg>
<arg>results</arg>
<doc>Fails if ``key`` is not found from ``dictionary``.</doc>
<status status="PASS" start="2024-04-24T10:16:16.004182" elapsed="0.000206"/>
</kw>
<status status="PASS" start="2024-04-24T10:16:15.634069" elapsed="0.370571"/>
</kw>
<doc>Testa se a API responde corretamente e retorna um objeto JSON válido.</doc>
<tag>testeRequisicaoBasica</tag>
<status status="PASS" start="2024-04-24T10:16:15.633542" elapsed="0.371264"/>
</test>
<test id="s1-s1-t3" name="Validar estrutura de resposta" line="22">
<kw name="Teste de Estrutura de Resposta" owner="random-user-service">
<kw name="GET On Session" owner="RequestsLibrary">
<msg time="2024-04-24T10:16:16.136315" level="INFO">GET Request : url=https://randomuser.me/api 
 path_url=/api 
 headers={'User-Agent': 'python-requests/2.31.0', 'Accept-Encoding': 'gzip, deflate', 'Accept': '*/*', 'Connection': 'keep-alive'} 
 body=None 
 </msg>
<msg time="2024-04-24T10:16:16.136400" level="INFO">GET Response : url=https://randomuser.me/api 
 status=200, reason=OK 
 headers={'Date': 'Wed, 24 Apr 2024 10:16:16 GMT', 'Content-Type': 'application/json; charset=utf-8', 'Transfer-Encoding': 'chunked', 'Connection': 'keep-alive', 'X-Powered-By': 'Express', 'Access-Control-Allow-Origin': '*', 'Cache-Control': 'no-cache', 'ETag': 'W/"47d-BTPTv0IyIHgNMhGKzcpGyR5sEVA"', 'Vary': 'Accept-Encoding', 'Content-Encoding': 'gzip', 'CF-Cache-Status': 'DYNAMIC', 'Report-To': '{"endpoints":[{"url":"https:\\/\\/a.nel.cloudflare.com\\/report\\/v4?s=myaCKXUQjrQrAqKlfG7Mw0PTU2IbUSvJAX35H2LUVr6LqfUdJCRV%2BrpAtfZVvtqspEdGgc6XvahfBI%2FdJT8SLrdf1d%2FO%2F6oPHjbo0Zh645YP%2B0pQkD7Jqw5neFBSUtSV"}],"group":"cf-nel","max_age":604800}', 'NEL': '{"success_fraction":0,"report_to":"cf-nel","max_age":604800}', 'Server': 'cloudflare', 'CF-RAY': '8795563c0c5b2ae2-ORD', 'alt-svc': 'h3=":443"; ma=86400'} 
 body={"results":[{"gender":"male","name":{"title":"Mr","first":"Chaitanya","last":"Gatty"},"location":{"street":{"number":7567,"name":"S.A Rd"},"city":"Rajahmundry","state":"Tamil Nadu","country":"India","postcode":18452,"coordinates":{"latitude":"8.6550","longitude":"-39.5412"},"timezone":{"offset":"-12:00","description":"Eniwetok, Kwajalein"}},"email":"chaitanya.gatty@example.com","login":{"uuid":"340ccce1-c6fd-4e37-ac56-9111b9869915","username":"goldengoose622","password":"scarlet","salt":"YA725oD3","md5":"4b60001f57c8c1ed19a1889efb369d9b","sha1":"6457f8e35e0e2f4704b00767a2158ec197554ed5","sha256":"fcdd74fdb02e498bf18174880688fd062ae68b8c3cb2b7b99ae9d505c0f8ecd4"},"dob":{"date":"1950-08-03T07:57:28.455Z","age":73},"registered":{"date":"2003-12-29T02:07:00.877Z","age":20},"phone":"9654561355","cell":"7894019328","id":{"name":"UIDAI","value":"606975974852"},"picture":{"large":"https://randomuser.me/api/portraits/men/10.jpg","medium":"https://randomuser.me/api/portraits/med/men/10.jpg","thumbnail":"https://randomuser.me/api/portraits/thumb/men/10.jpg"},"nat":"IN"}],"info":{"seed":"aa02fbf67c1f2ffe","results":1,"page":1,"version":"1.4"}} 
 </msg>
<msg time="2024-04-24T10:16:16.136522" level="INFO">/opt/hostedtoolcache/Python/3.12.3/x64/lib/python3.12/site-packages/urllib3/connectionpool.py:1103: InsecureRequestWarning: Unverified HTTPS request is being made to host 'randomuser.me'. Adding certificate verification is strongly advised. See: https://urllib3.readthedocs.io/en/latest/advanced-usage.html#tls-warnings
  warnings.warn(</msg>
<msg time="2024-04-24T10:16:16.136653" level="INFO">${response} = &lt;Response [200]&gt;</msg>
<var>${response}</var>
<arg>consultarAPI</arg>
<arg>/api</arg>
<doc>Sends a GET request on a previously created HTTP Session.</doc>
<status status="PASS" start="2024-04-24T10:16:16.007362" elapsed="0.129347"/>
</kw>
<kw name="Set Variable" owner="BuiltIn">
<msg time="2024-04-24T10:16:16.137784" level="INFO">${json_data} = {'results': [{'gender': 'male', 'name': {'title': 'Mr', 'first': 'Chaitanya', 'last': 'Gatty'}, 'location': {'street': {'number': 7567, 'name': 'S.A Rd'}, 'city': 'Rajahmundry', 'state': 'Tamil Nadu',...</msg>
<var>${json_data}</var>
<arg>${response.json()}</arg>
<doc>Returns the given values which can then be assigned to a variables.</doc>
<status status="PASS" start="2024-04-24T10:16:16.137236" elapsed="0.000576"/>
</kw>
<kw name="Log" owner="BuiltIn">
<msg time="2024-04-24T10:16:16.138266" level="INFO">{'results': [{'gender': 'male', 'name': {'title': 'Mr', 'first': 'Chaitanya', 'last': 'Gatty'}, 'location': {'street': {'number': 7567, 'name': 'S.A Rd'}, 'city': 'Rajahmundry', 'state': 'Tamil Nadu', 'country': 'India', 'postcode': 18452, 'coordinates': {'latitude': '8.6550', 'longitude': '-39.5412'}, 'timezone': {'offset': '-12:00', 'description': 'Eniwetok, Kwajalein'}}, 'email': 'chaitanya.gatty@example.com', 'login': {'uuid': '340ccce1-c6fd-4e37-ac56-9111b9869915', 'username': 'goldengoose622', 'password': 'scarlet', 'salt': 'YA725oD3', 'md5': '4b60001f57c8c1ed19a1889efb369d9b', 'sha1': '6457f8e35e0e2f4704b00767a2158ec197554ed5', 'sha256': 'fcdd74fdb02e498bf18174880688fd062ae68b8c3cb2b7b99ae9d505c0f8ecd4'}, 'dob': {'date': '1950-08-03T07:57:28.455Z', 'age': 73}, 'registered': {'date': '2003-12-29T02:07:00.877Z', 'age': 20}, 'phone': '9654561355', 'cell': '7894019328', 'id': {'name': 'UIDAI', 'value': '606975974852'}, 'picture': {'large': 'https://randomuser.me/api/portraits/men/10.jpg', 'medium': 'https://randomuser.me/api/portraits/med/men/10.jpg', 'thumbnail': 'https://randomuser.me/api/portraits/thumb/men/10.jpg'}, 'nat': 'IN'}], 'info': {'seed': 'aa02fbf67c1f2ffe', 'results': 1, 'page': 1, 'version': '1.4'}}</msg>
<arg>${json_data}</arg>
<doc>Logs the given message with the given level.</doc>
<status status="PASS" start="2024-04-24T10:16:16.138112" elapsed="0.000199"/>
</kw>
<kw name="Dictionary Should Contain Key" owner="Collections">
<msg time="2024-04-24T10:16:16.138749" level="INFO">False</msg>
<arg>${json_data}</arg>
<arg>results</arg>
<doc>Fails if ``key`` is not found from ``dictionary``.</doc>
<status status="PASS" start="2024-04-24T10:16:16.138598" elapsed="0.000186"/>
</kw>
<kw name="Should Not Be Empty" owner="BuiltIn">
<msg time="2024-04-24T10:16:16.139192" level="INFO">Length is 2.</msg>
<arg>${json_data}</arg>
<doc>Verifies that the given item is not empty.</doc>
<status status="PASS" start="2024-04-24T10:16:16.139067" elapsed="0.000284"/>
</kw>
<kw name="Create List" owner="BuiltIn">
<msg time="2024-04-24T10:16:16.139829" level="INFO">${expected_keys} = ['gender', 'name', 'location', 'email', 'login']</msg>
<var>${expected_keys}</var>
<arg>gender</arg>
<arg>name</arg>
<arg>location</arg>
<arg>email</arg>
<arg>login</arg>
<doc>Returns a list containing given items.</doc>
<status status="PASS" start="2024-04-24T10:16:16.139668" elapsed="0.000184"/>
</kw>
<for flavor="IN">
<iter>
<kw name="Dictionary Should Contain Key" owner="Collections">
<msg time="2024-04-24T10:16:16.140799" level="INFO">False</msg>
<arg>${json_data['results'][0]}</arg>
<arg>${key}</arg>
<doc>Fails if ``key`` is not found from ``dictionary``.</doc>
<status status="PASS" start="2024-04-24T10:16:16.140404" elapsed="0.000432"/>
</kw>
<kw name="Log" owner="BuiltIn">
<msg time="2024-04-24T10:16:16.141491" level="INFO">{'gender': 'male', 'name': {'title': 'Mr', 'first': 'Chaitanya', 'last': 'Gatty'}, 'location': {'street': {'number': 7567, 'name': 'S.A Rd'}, 'city': 'Rajahmundry', 'state': 'Tamil Nadu', 'country': 'India', 'postcode': 18452, 'coordinates': {'latitude': '8.6550', 'longitude': '-39.5412'}, 'timezone': {'offset': '-12:00', 'description': 'Eniwetok, Kwajalein'}}, 'email': 'chaitanya.gatty@example.com', 'login': {'uuid': '340ccce1-c6fd-4e37-ac56-9111b9869915', 'username': 'goldengoose622', 'password': 'scarlet', 'salt': 'YA725oD3', 'md5': '4b60001f57c8c1ed19a1889efb369d9b', 'sha1': '6457f8e35e0e2f4704b00767a2158ec197554ed5', 'sha256': 'fcdd74fdb02e498bf18174880688fd062ae68b8c3cb2b7b99ae9d505c0f8ecd4'}, 'dob': {'date': '1950-08-03T07:57:28.455Z', 'age': 73}, 'registered': {'date': '2003-12-29T02:07:00.877Z', 'age': 20}, 'phone': '9654561355', 'cell': '7894019328', 'id': {'name': 'UIDAI', 'value': '606975974852'}, 'picture': {'large': 'https://randomuser.me/api/portraits/men/10.jpg', 'medium': 'https://randomuser.me/api/portraits/med/men/10.jpg', 'thumbnail': 'https://randomuser.me/api/portraits/thumb/men/10.jpg'}, 'nat': 'IN'}</msg>
<arg>${json_data['results'][0]}</arg>
<doc>Logs the given message with the given level.</doc>
<status status="PASS" start="2024-04-24T10:16:16.141133" elapsed="0.000405"/>
</kw>
<kw name="Log" owner="BuiltIn">
<msg time="2024-04-24T10:16:16.141950" level="INFO">gender</msg>
<arg>${key}</arg>
<doc>Logs the given message with the given level.</doc>
<status status="PASS" start="2024-04-24T10:16:16.141825" elapsed="0.000161"/>
</kw>
<var name="${key}">gender</var>
<status status="PASS" start="2024-04-24T10:16:16.140278" elapsed="0.001919"/>
</iter>
<iter>
<kw name="Dictionary Should Contain Key" owner="Collections">
<msg time="2024-04-24T10:16:16.142880" level="INFO">False</msg>
<arg>${json_data['results'][0]}</arg>
<arg>${key}</arg>
<doc>Fails if ``key`` is not found from ``dictionary``.</doc>
<status status="PASS" start="2024-04-24T10:16:16.142490" elapsed="0.000427"/>
</kw>
<kw name="Log" owner="BuiltIn">
<msg time="2024-04-24T10:16:16.143616" level="INFO">{'gender': 'male', 'name': {'title': 'Mr', 'first': 'Chaitanya', 'last': 'Gatty'}, 'location': {'street': {'number': 7567, 'name': 'S.A Rd'}, 'city': 'Rajahmundry', 'state': 'Tamil Nadu', 'country': 'India', 'postcode': 18452, 'coordinates': {'latitude': '8.6550', 'longitude': '-39.5412'}, 'timezone': {'offset': '-12:00', 'description': 'Eniwetok, Kwajalein'}}, 'email': 'chaitanya.gatty@example.com', 'login': {'uuid': '340ccce1-c6fd-4e37-ac56-9111b9869915', 'username': 'goldengoose622', 'password': 'scarlet', 'salt': 'YA725oD3', 'md5': '4b60001f57c8c1ed19a1889efb369d9b', 'sha1': '6457f8e35e0e2f4704b00767a2158ec197554ed5', 'sha256': 'fcdd74fdb02e498bf18174880688fd062ae68b8c3cb2b7b99ae9d505c0f8ecd4'}, 'dob': {'date': '1950-08-03T07:57:28.455Z', 'age': 73}, 'registered': {'date': '2003-12-29T02:07:00.877Z', 'age': 20}, 'phone': '9654561355', 'cell': '7894019328', 'id': {'name': 'UIDAI', 'value': '606975974852'}, 'picture': {'large': 'https://randomuser.me/api/portraits/men/10.jpg', 'medium': 'https://randomuser.me/api/portraits/med/men/10.jpg', 'thumbnail': 'https://randomuser.me/api/portraits/thumb/men/10.jpg'}, 'nat': 'IN'}</msg>
<arg>${json_data['results'][0]}</arg>
<doc>Logs the given message with the given level.</doc>
<status status="PASS" start="2024-04-24T10:16:16.143234" elapsed="0.000434"/>
</kw>
<kw name="Log" owner="BuiltIn">
<msg time="2024-04-24T10:16:16.144088" level="INFO">name</msg>
<arg>${key}</arg>
<doc>Logs the given message with the given level.</doc>
<status status="PASS" start="2024-04-24T10:16:16.143962" elapsed="0.000162"/>
</kw>
<var name="${key}">name</var>
<status status="PASS" start="2024-04-24T10:16:16.142378" elapsed="0.001955"/>
</iter>
<iter>
<kw name="Dictionary Should Contain Key" owner="Collections">
<msg time="2024-04-24T10:16:16.144989" level="INFO">False</msg>
<arg>${json_data['results'][0]}</arg>
<arg>${key}</arg>
<doc>Fails if ``key`` is not found from ``dictionary``.</doc>
<status status="PASS" start="2024-04-24T10:16:16.144613" elapsed="0.000412"/>
</kw>
<kw name="Log" owner="BuiltIn">
<msg time="2024-04-24T10:16:16.145675" level="INFO">{'gender': 'male', 'name': {'title': 'Mr', 'first': 'Chaitanya', 'last': 'Gatty'}, 'location': {'street': {'number': 7567, 'name': 'S.A Rd'}, 'city': 'Rajahmundry', 'state': 'Tamil Nadu', 'country': 'India', 'postcode': 18452, 'coordinates': {'latitude': '8.6550', 'longitude': '-39.5412'}, 'timezone': {'offset': '-12:00', 'description': 'Eniwetok, Kwajalein'}}, 'email': 'chaitanya.gatty@example.com', 'login': {'uuid': '340ccce1-c6fd-4e37-ac56-9111b9869915', 'username': 'goldengoose622', 'password': 'scarlet', 'salt': 'YA725oD3', 'md5': '4b60001f57c8c1ed19a1889efb369d9b', 'sha1': '6457f8e35e0e2f4704b00767a2158ec197554ed5', 'sha256': 'fcdd74fdb02e498bf18174880688fd062ae68b8c3cb2b7b99ae9d505c0f8ecd4'}, 'dob': {'date': '1950-08-03T07:57:28.455Z', 'age': 73}, 'registered': {'date': '2003-12-29T02:07:00.877Z', 'age': 20}, 'phone': '9654561355', 'cell': '7894019328', 'id': {'name': 'UIDAI', 'value': '606975974852'}, 'picture': {'large': 'https://randomuser.me/api/portraits/men/10.jpg', 'medium': 'https://randomuser.me/api/portraits/med/men/10.jpg', 'thumbnail': 'https://randomuser.me/api/portraits/thumb/men/10.jpg'}, 'nat': 'IN'}</msg>
<arg>${json_data['results'][0]}</arg>
<doc>Logs the given message with the given level.</doc>
<status status="PASS" start="2024-04-24T10:16:16.145319" elapsed="0.000402"/>
</kw>
<kw name="Log" owner="BuiltIn">
<msg time="2024-04-24T10:16:16.146131" level="INFO">location</msg>
<arg>${key}</arg>
<doc>Logs the given message with the given level.</doc>
<status status="PASS" start="2024-04-24T10:16:16.146008" elapsed="0.000159"/>
</kw>
<var name="${key}">location</var>
<status status="PASS" start="2024-04-24T10:16:16.144506" elapsed="0.001871"/>
</iter>
<iter>
<kw name="Dictionary Should Contain Key" owner="Collections">
<msg time="2024-04-24T10:16:16.147041" level="INFO">False</msg>
<arg>${json_data['results'][0]}</arg>
<arg>${key}</arg>
<doc>Fails if ``key`` is not found from ``dictionary``.</doc>
<status status="PASS" start="2024-04-24T10:16:16.146660" elapsed="0.000417"/>
</kw>
<kw name="Log" owner="BuiltIn">
<msg time="2024-04-24T10:16:16.147756" level="INFO">{'gender': 'male', 'name': {'title': 'Mr', 'first': 'Chaitanya', 'last': 'Gatty'}, 'location': {'street': {'number': 7567, 'name': 'S.A Rd'}, 'city': 'Rajahmundry', 'state': 'Tamil Nadu', 'country': 'India', 'postcode': 18452, 'coordinates': {'latitude': '8.6550', 'longitude': '-39.5412'}, 'timezone': {'offset': '-12:00', 'description': 'Eniwetok, Kwajalein'}}, 'email': 'chaitanya.gatty@example.com', 'login': {'uuid': '340ccce1-c6fd-4e37-ac56-9111b9869915', 'username': 'goldengoose622', 'password': 'scarlet', 'salt': 'YA725oD3', 'md5': '4b60001f57c8c1ed19a1889efb369d9b', 'sha1': '6457f8e35e0e2f4704b00767a2158ec197554ed5', 'sha256': 'fcdd74fdb02e498bf18174880688fd062ae68b8c3cb2b7b99ae9d505c0f8ecd4'}, 'dob': {'date': '1950-08-03T07:57:28.455Z', 'age': 73}, 'registered': {'date': '2003-12-29T02:07:00.877Z', 'age': 20}, 'phone': '9654561355', 'cell': '7894019328', 'id': {'name': 'UIDAI', 'value': '606975974852'}, 'picture': {'large': 'https://randomuser.me/api/portraits/men/10.jpg', 'medium': 'https://randomuser.me/api/portraits/med/men/10.jpg', 'thumbnail': 'https://randomuser.me/api/portraits/thumb/men/10.jpg'}, 'nat': 'IN'}</msg>
<arg>${json_data['results'][0]}</arg>
<doc>Logs the given message with the given level.</doc>
<status status="PASS" start="2024-04-24T10:16:16.147369" elapsed="0.000433"/>
</kw>
<kw name="Log" owner="BuiltIn">
<msg time="2024-04-24T10:16:16.148211" level="INFO">email</msg>
<arg>${key}</arg>
<doc>Logs the given message with the given level.</doc>
<status status="PASS" start="2024-04-24T10:16:16.148088" elapsed="0.000160"/>
</kw>
<var name="${key}">email</var>
<status status="PASS" start="2024-04-24T10:16:16.146546" elapsed="0.001909"/>
</iter>
<iter>
<kw name="Dictionary Should Contain Key" owner="Collections">
<msg time="2024-04-24T10:16:16.149105" level="INFO">False</msg>
<arg>${json_data['results'][0]}</arg>
<arg>${key}</arg>
<doc>Fails if ``key`` is not found from ``dictionary``.</doc>
<status status="PASS" start="2024-04-24T10:16:16.148728" elapsed="0.000412"/>
</kw>
<kw name="Log" owner="BuiltIn">
<msg time="2024-04-24T10:16:16.149784" level="INFO">{'gender': 'male', 'name': {'title': 'Mr', 'first': 'Chaitanya', 'last': 'Gatty'}, 'location': {'street': {'number': 7567, 'name': 'S.A Rd'}, 'city': 'Rajahmundry', 'state': 'Tamil Nadu', 'country': 'India', 'postcode': 18452, 'coordinates': {'latitude': '8.6550', 'longitude': '-39.5412'}, 'timezone': {'offset': '-12:00', 'description': 'Eniwetok, Kwajalein'}}, 'email': 'chaitanya.gatty@example.com', 'login': {'uuid': '340ccce1-c6fd-4e37-ac56-9111b9869915', 'username': 'goldengoose622', 'password': 'scarlet', 'salt': 'YA725oD3', 'md5': '4b60001f57c8c1ed19a1889efb369d9b', 'sha1': '6457f8e35e0e2f4704b00767a2158ec197554ed5', 'sha256': 'fcdd74fdb02e498bf18174880688fd062ae68b8c3cb2b7b99ae9d505c0f8ecd4'}, 'dob': {'date': '1950-08-03T07:57:28.455Z', 'age': 73}, 'registered': {'date': '2003-12-29T02:07:00.877Z', 'age': 20}, 'phone': '9654561355', 'cell': '7894019328', 'id': {'name': 'UIDAI', 'value': '606975974852'}, 'picture': {'large': 'https://randomuser.me/api/portraits/men/10.jpg', 'medium': 'https://randomuser.me/api/portraits/med/men/10.jpg', 'thumbnail': 'https://randomuser.me/api/portraits/thumb/men/10.jpg'}, 'nat': 'IN'}</msg>
<arg>${json_data['results'][0]}</arg>
<doc>Logs the given message with the given level.</doc>
<status status="PASS" start="2024-04-24T10:16:16.149427" elapsed="0.000403"/>
</kw>
<kw name="Log" owner="BuiltIn">
<msg time="2024-04-24T10:16:16.150242" level="INFO">login</msg>
<arg>${key}</arg>
<doc>Logs the given message with the given level.</doc>
<status status="PASS" start="2024-04-24T10:16:16.150117" elapsed="0.000161"/>
</kw>
<var name="${key}">login</var>
<status status="PASS" start="2024-04-24T10:16:16.148622" elapsed="0.001864"/>
</iter>
<var>${key}</var>
<value>@{expected_keys}</value>
<status status="PASS" start="2024-04-24T10:16:16.140100" elapsed="0.010530"/>
</for>
<kw name="Create List" owner="BuiltIn">
<msg time="2024-04-24T10:16:16.150958" level="INFO">${expected_keysTwo} = ['username', 'password']</msg>
<var>${expected_keysTwo}</var>
<arg>username</arg>
<arg>password</arg>
<doc>Returns a list containing given items.</doc>
<status status="PASS" start="2024-04-24T10:16:16.150825" elapsed="0.000156"/>
</kw>
<for flavor="IN">
<iter>
<kw name="Dictionary Should Contain Key" owner="Collections">
<msg time="2024-04-24T10:16:16.151884" level="INFO">False</msg>
<arg>${json_data['results'][0]['login']}</arg>
<arg>${keyTwo}</arg>
<doc>Fails if ``key`` is not found from ``dictionary``.</doc>
<status status="PASS" start="2024-04-24T10:16:16.151474" elapsed="0.000446"/>
</kw>
<kw name="Dictionary Should Contain Key" owner="Collections">
<msg time="2024-04-24T10:16:16.152599" level="INFO">False</msg>
<arg>${json_data['results'][0]['login']}</arg>
<arg>${keyTwo}</arg>
<doc>Fails if ``key`` is not found from ``dictionary``.</doc>
<status status="PASS" start="2024-04-24T10:16:16.152212" elapsed="0.000423"/>
</kw>
<kw name="Log" owner="BuiltIn">
<msg time="2024-04-24T10:16:16.153043" level="INFO">username</msg>
<arg>${keyTwo}</arg>
<doc>Logs the given message with the given level.</doc>
<status status="PASS" start="2024-04-24T10:16:16.152919" elapsed="0.000166"/>
</kw>
<var name="${keyTwo}">username</var>
<status status="PASS" start="2024-04-24T10:16:16.151366" elapsed="0.001929"/>
</iter>
<iter>
<kw name="Dictionary Should Contain Key" owner="Collections">
<msg time="2024-04-24T10:16:16.154037" level="INFO">False</msg>
<arg>${json_data['results'][0]['login']}</arg>
<arg>${keyTwo}</arg>
<doc>Fails if ``key`` is not found from ``dictionary``.</doc>
<status status="PASS" start="2024-04-24T10:16:16.153574" elapsed="0.000507"/>
</kw>
<kw name="Dictionary Should Contain Key" owner="Collections">
<msg time="2024-04-24T10:16:16.154751" level="INFO">False</msg>
<arg>${json_data['results'][0]['login']}</arg>
<arg>${keyTwo}</arg>
<doc>Fails if ``key`` is not found from ``dictionary``.</doc>
<status status="PASS" start="2024-04-24T10:16:16.154375" elapsed="0.000411"/>
</kw>
<kw name="Log" owner="BuiltIn">
<msg time="2024-04-24T10:16:16.155199" level="INFO">password</msg>
<arg>${keyTwo}</arg>
<doc>Logs the given message with the given level.</doc>
<status status="PASS" start="2024-04-24T10:16:16.155075" elapsed="0.000160"/>
</kw>
<var name="${keyTwo}">password</var>
<status status="PASS" start="2024-04-24T10:16:16.153466" elapsed="0.001984"/>
</iter>
<var>${keyTwo}</var>
<value>@{expected_keysTwo}</value>
<status status="PASS" start="2024-04-24T10:16:16.151217" elapsed="0.004372"/>
</for>
<status status="PASS" start="2024-04-24T10:16:16.007138" elapsed="0.148600"/>
</kw>
<doc>Testa a estrutura da resposta da API.</doc>
<tag>testeEstruturaResposta</tag>
<status status="PASS" start="2024-04-24T10:16:16.006614" elapsed="0.149271"/>
</test>
<test id="s1-s1-t4" name="Validar tipos de dados" line="28">
<kw name="Teste de Tipos de Dados" owner="random-user-service">
<kw name="GET On Session" owner="RequestsLibrary">
<msg time="2024-04-24T10:16:16.211792" level="INFO">GET Request : url=https://randomuser.me/api 
 path_url=/api 
 headers={'User-Agent': 'python-requests/2.31.0', 'Accept-Encoding': 'gzip, deflate', 'Accept': '*/*', 'Connection': 'keep-alive'} 
 body=None 
 </msg>
<msg time="2024-04-24T10:16:16.211872" level="INFO">GET Response : url=https://randomuser.me/api 
 status=200, reason=OK 
 headers={'Date': 'Wed, 24 Apr 2024 10:16:16 GMT', 'Content-Type': 'application/json; charset=utf-8', 'Transfer-Encoding': 'chunked', 'Connection': 'keep-alive', 'X-Powered-By': 'Express', 'Access-Control-Allow-Origin': '*', 'Cache-Control': 'no-cache', 'ETag': 'W/"48e-ova65eSCRyrTNwmPwOMNXYj+avE"', 'Vary': 'Accept-Encoding', 'Content-Encoding': 'gzip', 'CF-Cache-Status': 'DYNAMIC', 'Report-To': '{"endpoints":[{"url":"https:\\/\\/a.nel.cloudflare.com\\/report\\/v4?s=CXVjAaVwUsOA4S9teHbu9BqHhggjWUSjTNq00bSM%2FQERHK8p8WYkNjZmTFDJQ%2FfSc0sslH4z88lNes3eQ1rJ4MmKUgUiBnBLuXcbh7whA1by7ATFmbNkd9ZHZdU3QpGK"}],"group":"cf-nel","max_age":604800}', 'NEL': '{"success_fraction":0,"report_to":"cf-nel","max_age":604800}', 'Server': 'cloudflare', 'CF-RAY': '8795563d0cd42ae2-ORD', 'alt-svc': 'h3=":443"; ma=86400'} 
 body={"results":[{"gender":"female","name":{"title":"Mrs","first":"Tejaswi","last":"Rao"},"location":{"street":{"number":9697,"name":"Altamount Rd"},"city":"Bardhaman","state":"Sikkim","country":"India","postcode":96282,"coordinates":{"latitude":"4.6172","longitude":"133.8697"},"timezone":{"offset":"-4:00","description":"Atlantic Time (Canada), Caracas, La Paz"}},"email":"tejaswi.rao@example.com","login":{"uuid":"ec74f01d-fb63-4fd6-bd03-f5795f3a1bed","username":"bluewolf420","password":"19841984","salt":"SAn7Zz9Z","md5":"6c89ffc2493e9947e5fe4aa1c3c94372","sha1":"0f5b50b3be444cd6110fc46d87997224db5a4fab","sha256":"0bbb355fb991140b1faa89d40885d47603135bba0f99ce57a4af67e695101091"},"dob":{"date":"1972-06-01T23:39:17.116Z","age":51},"registered":{"date":"2014-08-26T11:46:27.956Z","age":9},"phone":"9260798231","cell":"7500029753","id":{"name":"UIDAI","value":"143132225770"},"picture":{"large":"https://randomuser.me/api/portraits/women/31.jpg","medium":"https://randomuser.me/api/portraits/med/women/31.jpg","thumbnail":"https://randomuser.me/api/portraits/thumb/women/31.jpg"},"nat":"IN"}],"info":{"seed":"54d064c538ced1c5","results":1,"page":1,"version":"1.4"}} 
 </msg>
<msg time="2024-04-24T10:16:16.211945" level="INFO">/opt/hostedtoolcache/Python/3.12.3/x64/lib/python3.12/site-packages/urllib3/connectionpool.py:1103: InsecureRequestWarning: Unverified HTTPS request is being made to host 'randomuser.me'. Adding certificate verification is strongly advised. See: https://urllib3.readthedocs.io/en/latest/advanced-usage.html#tls-warnings
  warnings.warn(</msg>
<msg time="2024-04-24T10:16:16.212054" level="INFO">${response} = &lt;Response [200]&gt;</msg>
<var>${response}</var>
<arg>consultarAPI</arg>
<arg>/api</arg>
<doc>Sends a GET request on a previously created HTTP Session.</doc>
<status status="PASS" start="2024-04-24T10:16:16.158329" elapsed="0.053765"/>
</kw>
<kw name="Set Variable" owner="BuiltIn">
<msg time="2024-04-24T10:16:16.213020" level="INFO">${json_data} = {'results': [{'gender': 'female', 'name': {'title': 'Mrs', 'first': 'Tejaswi', 'last': 'Rao'}, 'location': {'street': {'number': 9697, 'name': 'Altamount Rd'}, 'city': 'Bardhaman', 'state': 'Sikkim', ...</msg>
<var>${json_data}</var>
<arg>${response.json()}</arg>
<doc>Returns the given values which can then be assigned to a variables.</doc>
<status status="PASS" start="2024-04-24T10:16:16.212578" elapsed="0.000470"/>
</kw>
<kw name="Log" owner="BuiltIn">
<msg time="2024-04-24T10:16:16.213490" level="INFO">{'results': [{'gender': 'female', 'name': {'title': 'Mrs', 'first': 'Tejaswi', 'last': 'Rao'}, 'location': {'street': {'number': 9697, 'name': 'Altamount Rd'}, 'city': 'Bardhaman', 'state': 'Sikkim', 'country': 'India', 'postcode': 96282, 'coordinates': {'latitude': '4.6172', 'longitude': '133.8697'}, 'timezone': {'offset': '-4:00', 'description': 'Atlantic Time (Canada), Caracas, La Paz'}}, 'email': 'tejaswi.rao@example.com', 'login': {'uuid': 'ec74f01d-fb63-4fd6-bd03-f5795f3a1bed', 'username': 'bluewolf420', 'password': '19841984', 'salt': 'SAn7Zz9Z', 'md5': '6c89ffc2493e9947e5fe4aa1c3c94372', 'sha1': '0f5b50b3be444cd6110fc46d87997224db5a4fab', 'sha256': '0bbb355fb991140b1faa89d40885d47603135bba0f99ce57a4af67e695101091'}, 'dob': {'date': '1972-06-01T23:39:17.116Z', 'age': 51}, 'registered': {'date': '2014-08-26T11:46:27.956Z', 'age': 9}, 'phone': '9260798231', 'cell': '7500029753', 'id': {'name': 'UIDAI', 'value': '143132225770'}, 'picture': {'large': 'https://randomuser.me/api/portraits/women/31.jpg', 'medium': 'https://randomuser.me/api/portraits/med/women/31.jpg', 'thumbnail': 'https://randomuser.me/api/portraits/thumb/women/31.jpg'}, 'nat': 'IN'}], 'info': {'seed': '54d064c538ced1c5', 'results': 1, 'page': 1, 'version': '1.4'}}</msg>
<arg>${json_data}</arg>
<doc>Logs the given message with the given level.</doc>
<status status="PASS" start="2024-04-24T10:16:16.213343" elapsed="0.000224"/>
</kw>
<kw name="Should Be String" owner="String">
<arg>${json_data['results'][0]['gender']}</arg>
<doc>Fails if the given ``item`` is not a string.</doc>
<status status="PASS" start="2024-04-24T10:16:16.213862" elapsed="0.000351"/>
</kw>
<kw name="Should Match Regexp" owner="BuiltIn">
<arg>${json_data['results'][0]['email']}</arg>
<arg>^[a-zA-Z0-9._%+-]+@[a-zA-Z0-9.-]+\.[a-zA-Z]{2,}$</arg>
<doc>Fails if ``string`` does not match ``pattern`` as a regular expression.</doc>
<status status="PASS" start="2024-04-24T10:16:16.214402" elapsed="0.000498"/>
</kw>
<kw name="Should Match Regexp" owner="BuiltIn">
<arg>${json_data['results'][0]['dob']['date']}</arg>
<arg>\\d{4}-\\d{2}-\\d{2}T\\d{2}:\\d{2}:\\d{2}\\.\\d{3}Z</arg>
<doc>Fails if ``string`` does not match ``pattern`` as a regular expression.</doc>
<status status="PASS" start="2024-04-24T10:16:16.215091" elapsed="0.000498"/>
</kw>
<kw name="Should Match Regexp" owner="BuiltIn">
<arg>${json_data['results'][0]['registered']['date']}</arg>
<arg>\\d{4}-\\d{2}-\\d{2}T\\d{2}:\\d{2}:\\d{2}\\.\\d{3}Z</arg>
<doc>Fails if ``string`` does not match ``pattern`` as a regular expression.</doc>
<status status="PASS" start="2024-04-24T10:16:16.215785" elapsed="0.000362"/>
</kw>
<kw name="Should Match Regexp" owner="BuiltIn">
<arg>${json_data['results'][0]['picture']['large']}</arg>
<arg>^https?://.*\.(?:png|jpe?g|gif|bmp)$</arg>
<doc>Fails if ``string`` does not match ``pattern`` as a regular expression.</doc>
<status status="PASS" start="2024-04-24T10:16:16.216329" elapsed="0.000456"/>
</kw>
<kw name="Should Match Regexp" owner="BuiltIn">
<arg>${json_data['results'][0]['picture']['medium']}</arg>
<arg>^https?://.*\.(?:png|jpe?g|gif|bmp)$</arg>
<doc>Fails if ``string`` does not match ``pattern`` as a regular expression.</doc>
<status status="PASS" start="2024-04-24T10:16:16.216968" elapsed="0.000356"/>
</kw>
<kw name="Should Match Regexp" owner="BuiltIn">
<arg>${json_data['results'][0]['picture']['thumbnail']}</arg>
<arg>^https?://.*\.(?:png|jpe?g|gif|bmp)$</arg>
<doc>Fails if ``string`` does not match ``pattern`` as a regular expression.</doc>
<status status="PASS" start="2024-04-24T10:16:16.217509" elapsed="0.000347"/>
</kw>
<kw name="Log" owner="BuiltIn">
<msg time="2024-04-24T10:16:16.218349" level="INFO">{'large': 'https://randomuser.me/api/portraits/women/31.jpg', 'medium': 'https://randomuser.me/api/portraits/med/women/31.jpg', 'thumbnail': 'https://randomuser.me/api/portraits/thumb/women/31.jpg'}</msg>
<arg>${json_data['results'][0]['picture']}</arg>
<doc>Logs the given message with the given level.</doc>
<status status="PASS" start="2024-04-24T10:16:16.218033" elapsed="0.000357"/>
</kw>
<status status="PASS" start="2024-04-24T10:16:16.158110" elapsed="0.060529"/>
</kw>
<kw name="Teste de Tipos de Dados - Postcode" owner="random-user-service">
<kw name="GET On Session" owner="RequestsLibrary">
<msg time="2024-04-24T10:16:16.296996" level="INFO">GET Request : url=https://randomuser.me/api 
 path_url=/api 
 headers={'User-Agent': 'python-requests/2.31.0', 'Accept-Encoding': 'gzip, deflate', 'Accept': '*/*', 'Connection': 'keep-alive'} 
 body=None 
 </msg>
<msg time="2024-04-24T10:16:16.297075" level="INFO">GET Response : url=https://randomuser.me/api 
 status=200, reason=OK 
 headers={'Date': 'Wed, 24 Apr 2024 10:16:16 GMT', 'Content-Type': 'application/json; charset=utf-8', 'Transfer-Encoding': 'chunked', 'Connection': 'keep-alive', 'X-Powered-By': 'Express', 'Access-Control-Allow-Origin': '*', 'Cache-Control': 'no-cache', 'ETag': 'W/"477-dZweK3Flc3uXQd5pOiulff1rris"', 'Vary': 'Accept-Encoding', 'Content-Encoding': 'gzip', 'CF-Cache-Status': 'DYNAMIC', 'Report-To': '{"endpoints":[{"url":"https:\\/\\/a.nel.cloudflare.com\\/report\\/v4?s=j4n0IoM2REvX%2FUAKbaO4sJBmn95WJX8wtjZBVu4lyEldhQGGdEcZdMLhFb%2FqNJPG4HH69kDksmv906N3O6w0QvVcJgsThkcGIYZFyWbPtkTxdHYPOfqyUO4LZh%2BoaV2Q"}],"group":"cf-nel","max_age":604800}', 'NEL': '{"success_fraction":0,"report_to":"cf-nel","max_age":604800}', 'Server': 'cloudflare', 'CF-RAY': '8795563d6d062ae2-ORD', 'alt-svc': 'h3=":443"; ma=86400'} 
 body={"results":[{"gender":"female","name":{"title":"Ms","first":"Libid","last":"Cherevko"},"location":{"street":{"number":4218,"name":"Pivnichniy provulok"},"city":"Krasiliv","state":"Chernivecka","country":"Ukraine","postcode":21812,"coordinates":{"latitude":"73.5379","longitude":"4.9438"},"timezone":{"offset":"-10:00","description":"Hawaii"}},"email":"libid.cherevko@example.com","login":{"uuid":"7ed16a7f-2342-442e-a529-ba2d17d621d1","username":"organicostrich674","password":"biao","salt":"nqisi5Aw","md5":"d80cfaa2199b55c435d54ee8fece1414","sha1":"309debb1280dcfb489a0106bcdcd47db069030ab","sha256":"d03df8915ffb5ce414db9da9b669a174b936608ec8ecc1cc8e1b543df942a9fb"},"dob":{"date":"1954-03-31T19:53:38.300Z","age":70},"registered":{"date":"2019-09-11T16:24:05.422Z","age":4},"phone":"(096) V41-0812","cell":"(067) H15-1080","id":{"name":"","value":null},"picture":{"large":"https://randomuser.me/api/portraits/women/9.jpg","medium":"https://randomuser.me/api/portraits/med/women/9.jpg","thumbnail":"https://randomuser.me/api/portraits/thumb/women/9.jpg"},"nat":"UA"}],"info":{"seed":"93d59f7bc4df6f1a","results":1,"page":1,"version":"1.4"}} 
 </msg>
<msg time="2024-04-24T10:16:16.297146" level="INFO">/opt/hostedtoolcache/Python/3.12.3/x64/lib/python3.12/site-packages/urllib3/connectionpool.py:1103: InsecureRequestWarning: Unverified HTTPS request is being made to host 'randomuser.me'. Adding certificate verification is strongly advised. See: https://urllib3.readthedocs.io/en/latest/advanced-usage.html#tls-warnings
  warnings.warn(</msg>
<msg time="2024-04-24T10:16:16.297255" level="INFO">${response} = &lt;Response [200]&gt;</msg>
<var>${response}</var>
<arg>consultarAPI</arg>
<arg>/api</arg>
<doc>Sends a GET request on a previously created HTTP Session.</doc>
<status status="PASS" start="2024-04-24T10:16:16.219075" elapsed="0.078221"/>
</kw>
<kw name="Set Variable" owner="BuiltIn">
<msg time="2024-04-24T10:16:16.298212" level="INFO">${json_data} = {'results': [{'gender': 'female', 'name': {'title': 'Ms', 'first': 'Libid', 'last': 'Cherevko'}, 'location': {'street': {'number': 4218, 'name': 'Pivnichniy provulok'}, 'city': 'Krasiliv', 'state': 'C...</msg>
<var>${json_data}</var>
<arg>${response.json()}</arg>
<doc>Returns the given values which can then be assigned to a variables.</doc>
<status status="PASS" start="2024-04-24T10:16:16.297770" elapsed="0.000469"/>
</kw>
<kw name="Log" owner="BuiltIn">
<msg time="2024-04-24T10:16:16.298688" level="INFO">{'results': [{'gender': 'female', 'name': {'title': 'Ms', 'first': 'Libid', 'last': 'Cherevko'}, 'location': {'street': {'number': 4218, 'name': 'Pivnichniy provulok'}, 'city': 'Krasiliv', 'state': 'Chernivecka', 'country': 'Ukraine', 'postcode': 21812, 'coordinates': {'latitude': '73.5379', 'longitude': '4.9438'}, 'timezone': {'offset': '-10:00', 'description': 'Hawaii'}}, 'email': 'libid.cherevko@example.com', 'login': {'uuid': '7ed16a7f-2342-442e-a529-ba2d17d621d1', 'username': 'organicostrich674', 'password': 'biao', 'salt': 'nqisi5Aw', 'md5': 'd80cfaa2199b55c435d54ee8fece1414', 'sha1': '309debb1280dcfb489a0106bcdcd47db069030ab', 'sha256': 'd03df8915ffb5ce414db9da9b669a174b936608ec8ecc1cc8e1b543df942a9fb'}, 'dob': {'date': '1954-03-31T19:53:38.300Z', 'age': 70}, 'registered': {'date': '2019-09-11T16:24:05.422Z', 'age': 4}, 'phone': '(096) V41-0812', 'cell': '(067) H15-1080', 'id': {'name': '', 'value': None}, 'picture': {'large': 'https://randomuser.me/api/portraits/women/9.jpg', 'medium': 'https://randomuser.me/api/portraits/med/women/9.jpg', 'thumbnail': 'https://randomuser.me/api/portraits/thumb/women/9.jpg'}, 'nat': 'UA'}], 'info': {'seed': '93d59f7bc4df6f1a', 'results': 1, 'page': 1, 'version': '1.4'}}</msg>
<arg>${json_data}</arg>
<doc>Logs the given message with the given level.</doc>
<status status="PASS" start="2024-04-24T10:16:16.298539" elapsed="0.000224"/>
</kw>
<kw name="Should Be Equal As Numbers" owner="BuiltIn">
<arg>${json_data['results'][0]['location']['postcode']}</arg>
<arg>${json_data['results'][0]['location']['postcode']}</arg>
<doc>Fails if objects are unequal after converting them to real numbers.</doc>
<status status="PASS" start="2024-04-24T10:16:16.299183" elapsed="0.000654"/>
</kw>
<kw name="Log" owner="BuiltIn">
<msg time="2024-04-24T10:16:16.300359" level="INFO">21812</msg>
<arg>${json_data['results'][0]['location']['postcode']}</arg>
<doc>Logs the given message with the given level.</doc>
<status status="PASS" start="2024-04-24T10:16:16.300027" elapsed="0.000372"/>
</kw>
<status status="PASS" start="2024-04-24T10:16:16.218853" elapsed="0.081791"/>
</kw>
<doc>Testa se os tipos de dados na resposta da API estão corretos.</doc>
<tag>testeTiposDados</tag>
<status status="PASS" start="2024-04-24T10:16:16.157649" elapsed="0.143150"/>
</test>
<test id="s1-s1-t5" name="Validar conteudo" line="35">
<kw name="Teste de Tipos de Conteudo" owner="random-user-service">
<kw name="GET On Session" owner="RequestsLibrary">
<msg time="2024-04-24T10:16:16.414136" level="INFO">GET Request : url=https://randomuser.me/api 
 path_url=/api 
 headers={'User-Agent': 'python-requests/2.31.0', 'Accept-Encoding': 'gzip, deflate', 'Accept': '*/*', 'Connection': 'keep-alive'} 
 body=None 
 </msg>
<msg time="2024-04-24T10:16:16.414220" level="INFO">GET Response : url=https://randomuser.me/api 
 status=200, reason=OK 
 headers={'Date': 'Wed, 24 Apr 2024 10:16:16 GMT', 'Content-Type': 'application/json; charset=utf-8', 'Transfer-Encoding': 'chunked', 'Connection': 'keep-alive', 'X-Powered-By': 'Express', 'Access-Control-Allow-Origin': '*', 'Cache-Control': 'no-cache', 'ETag': 'W/"48f-4iTAOX2pxxGaMAzGnlEaIMxve3g"', 'Vary': 'Accept-Encoding', 'Content-Encoding': 'gzip', 'CF-Cache-Status': 'DYNAMIC', 'Report-To': '{"endpoints":[{"url":"https:\\/\\/a.nel.cloudflare.com\\/report\\/v4?s=dFaomrrsGNQkYcDikQ%2BvENEknFJyycpaAM%2BZ1%2Fdhceo1oB7vSYMOuiYKvinqQ1exTnAWAN7EVLQNSSe3x1YCA0OEd5T3s4hI0clPD%2FuygAW1wx5strGiV96mMnAk4kTr"}],"group":"cf-nel","max_age":604800}', 'NEL': '{"success_fraction":0,"report_to":"cf-nel","max_age":604800}', 'Server': 'cloudflare', 'CF-RAY': '8795563ded3c2ae2-ORD', 'alt-svc': 'h3=":443"; ma=86400'} 
 body={"results":[{"gender":"female","name":{"title":"Ms","first":"Kübra","last":"Karaduman"},"location":{"street":{"number":4698,"name":"Istiklal Cd"},"city":"Kocaeli","state":"Kilis","country":"Turkey","postcode":21013,"coordinates":{"latitude":"65.8807","longitude":"46.2162"},"timezone":{"offset":"+1:00","description":"Brussels, Copenhagen, Madrid, Paris"}},"email":"kubra.karaduman@example.com","login":{"uuid":"87f7778f-1d95-4752-ad79-3d1f8fd42807","username":"organicelephant861","password":"intrepid","salt":"ZMwDwiyY","md5":"480823f994f34681f2daf40be073714d","sha1":"d3fdf72b0f096cd69675559d4e0df5001bd00909","sha256":"9c43a7864d40c49567e43aab39fb6d8ce57c6211bc0251e67b64e526dc432520"},"dob":{"date":"1950-02-26T23:30:37.035Z","age":74},"registered":{"date":"2021-03-07T10:47:05.725Z","age":3},"phone":"(982)-150-4286","cell":"(199)-706-5734","id":{"name":"","value":null},"picture":{"large":"https://randomuser.me/api/portraits/women/52.jpg","medium":"https://randomuser.me/api/portraits/med/women/52.jpg","thumbnail":"https://randomuser.me/api/portraits/thumb/women/52.jpg"},"nat":"TR"}],"info":{"seed":"03236bcd4ef6d255","results":1,"page":1,"version":"1.4"}} 
 </msg>
<msg time="2024-04-24T10:16:16.414293" level="INFO">/opt/hostedtoolcache/Python/3.12.3/x64/lib/python3.12/site-packages/urllib3/connectionpool.py:1103: InsecureRequestWarning: Unverified HTTPS request is being made to host 'randomuser.me'. Adding certificate verification is strongly advised. See: https://urllib3.readthedocs.io/en/latest/advanced-usage.html#tls-warnings
  warnings.warn(</msg>
<msg time="2024-04-24T10:16:16.414408" level="INFO">${response} = &lt;Response [200]&gt;</msg>
<var>${response}</var>
<arg>consultarAPI</arg>
<arg>/api</arg>
<doc>Sends a GET request on a previously created HTTP Session.</doc>
<status status="PASS" start="2024-04-24T10:16:16.303229" elapsed="0.111222"/>
</kw>
<kw name="Set Variable" owner="BuiltIn">
<msg time="2024-04-24T10:16:16.415380" level="INFO">${json_data} = {'results': [{'gender': 'female', 'name': {'title': 'Ms', 'first': 'Kübra', 'last': 'Karaduman'}, 'location': {'street': {'number': 4698, 'name': 'Istiklal Cd'}, 'city': 'Kocaeli', 'state': 'Kilis', '...</msg>
<var>${json_data}</var>
<arg>${response.json()}</arg>
<doc>Returns the given values which can then be assigned to a variables.</doc>
<status status="PASS" start="2024-04-24T10:16:16.414943" elapsed="0.000464"/>
</kw>
<kw name="Set Variable" owner="BuiltIn">
<msg time="2024-04-24T10:16:16.416119" level="INFO">${name_title} = Ms</msg>
<var>${name_title}</var>
<arg>${json_data["results"][0]["name"]["title"]}</arg>
<doc>Returns the given values which can then be assigned to a variables.</doc>
<status status="PASS" start="2024-04-24T10:16:16.415742" elapsed="0.000401"/>
</kw>
<kw name="Create List" owner="BuiltIn">
<msg time="2024-04-24T10:16:16.416578" level="INFO">${allowed_titles} = ['Mr', 'Ms', 'Miss', 'Mrs', 'Madame', 'Monsieur']</msg>
<var>${allowed_titles}</var>
<arg>Mr</arg>
<arg>Ms</arg>
<arg>Miss</arg>
<arg>Mrs</arg>
<arg>Madame</arg>
<arg>Monsieur</arg>
<doc>Returns a list containing given items.</doc>
<status status="PASS" start="2024-04-24T10:16:16.416434" elapsed="0.000168"/>
</kw>
<kw name="List Should Contain Value" owner="Collections">
<msg time="2024-04-24T10:16:16.417054" level="INFO">False</msg>
<arg>${allowed_titles}</arg>
<arg>${name_title}</arg>
<doc>Fails if the ``value`` is not found from ``list``.</doc>
<status status="PASS" start="2024-04-24T10:16:16.416891" elapsed="0.000198"/>
</kw>
<kw name="Set Variable" owner="BuiltIn">
<msg time="2024-04-24T10:16:16.417749" level="INFO">${name_country} = TR</msg>
<var>${name_country}</var>
<arg>${json_data["results"][0]["nat"]}</arg>
<doc>Returns the given values which can then be assigned to a variables.</doc>
<status status="PASS" start="2024-04-24T10:16:16.417370" elapsed="0.000403"/>
</kw>
<kw name="Create List" owner="BuiltIn">
<msg time="2024-04-24T10:16:16.418643" level="INFO">${list_country} = ['AD', 'AE', 'AF', 'AG', 'AI', 'AL', 'AM', 'AO', 'AQ', 'AR', 'AS', 'AT', 'AU', 'AW', 'AX', 'AZ', 'BA', 'BB', 'BD', 'BE', 'BF', 'BG', 'BH', 'BI', 'BJ', 'BL', 'BM', 'BN', 'BO', 'BQ', 'BR', 'BS', 'BT', '...</msg>
<var>${list_country}</var>
<arg>AD</arg>
<arg>AE</arg>
<arg>AF</arg>
<arg>AG</arg>
<arg>AI</arg>
<arg>AL</arg>
<arg>AM</arg>
<arg>AO</arg>
<arg>AQ</arg>
<arg>AR</arg>
<arg>AS</arg>
<arg>AT</arg>
<arg>AU</arg>
<arg>AW</arg>
<arg>AX</arg>
<arg>AZ</arg>
<arg>BA</arg>
<arg>BB</arg>
<arg>BD</arg>
<arg>BE</arg>
<arg>BF</arg>
<arg>BG</arg>
<arg>BH</arg>
<arg>BI</arg>
<arg>BJ</arg>
<arg>BL</arg>
<arg>BM</arg>
<arg>BN</arg>
<arg>BO</arg>
<arg>BQ</arg>
<arg>BR</arg>
<arg>BS</arg>
<arg>BT</arg>
<arg>BV</arg>
<arg>BW</arg>
<arg>BY</arg>
<arg>BZ</arg>
<arg>CA</arg>
<arg>CC</arg>
<arg>CD</arg>
<arg>CF</arg>
<arg>CG</arg>
<arg>CH</arg>
<arg>CI</arg>
<arg>CK</arg>
<arg>CL</arg>
<arg>CM</arg>
<arg>CN</arg>
<arg>CO</arg>
<arg>CR</arg>
<arg>CU</arg>
<arg>CV</arg>
<arg>CW</arg>
<arg>CX</arg>
<arg>CY</arg>
<arg>CZ</arg>
<arg>DE</arg>
<arg>DJ</arg>
<arg>DK</arg>
<arg>DM</arg>
<arg>DO</arg>
<arg>DZ</arg>
<arg>EC</arg>
<arg>EE</arg>
<arg>EG</arg>
<arg>EH</arg>
<arg>ER</arg>
<arg>ES</arg>
<arg>ET</arg>
<arg>FI</arg>
<arg>FJ</arg>
<arg>FK</arg>
<arg>FM</arg>
<arg>FO</arg>
<arg>FR</arg>
<arg>GA</arg>
<arg>GB</arg>
<arg>GD</arg>
<arg>GE</arg>
<arg>GF</arg>
<arg>GG</arg>
<arg>GH</arg>
<arg>GI</arg>
<arg>GL</arg>
<arg>GM</arg>
<arg>GN</arg>
<arg>GP</arg>
<arg>GQ</arg>
<arg>GR</arg>
<arg>GS</arg>
<arg>GT</arg>
<arg>GU</arg>
<arg>GW</arg>
<arg>GY</arg>
<arg>HK</arg>
<arg>HM</arg>
<arg>HN</arg>
<arg>HR</arg>
<arg>HT</arg>
<arg>HU</arg>
<arg>ID</arg>
<arg>IE</arg>
<arg>IL</arg>
<arg>IM</arg>
<arg>IN</arg>
<arg>IO</arg>
<arg>IQ</arg>
<arg>IR</arg>
<arg>IS</arg>
<arg>IT</arg>
<arg>JE</arg>
<arg>JM</arg>
<arg>JO</arg>
<arg>JP</arg>
<arg>KE</arg>
<arg>KG</arg>
<arg>KH</arg>
<arg>KI</arg>
<arg>KM</arg>
<arg>KN</arg>
<arg>KP</arg>
<arg>KR</arg>
<arg>KW</arg>
<arg>KY</arg>
<arg>KZ</arg>
<arg>LA</arg>
<arg>LB</arg>
<arg>LC</arg>
<arg>LI</arg>
<arg>LK</arg>
<arg>LR</arg>
<arg>LS</arg>
<arg>LT</arg>
<arg>LU</arg>
<arg>LV</arg>
<arg>LY</arg>
<arg>MA</arg>
<arg>MC</arg>
<arg>MD</arg>
<arg>ME</arg>
<arg>MF</arg>
<arg>MG</arg>
<arg>MH</arg>
<arg>MK</arg>
<arg>ML</arg>
<arg>MM</arg>
<arg>MN</arg>
<arg>MO</arg>
<arg>MP</arg>
<arg>MQ</arg>
<arg>MR</arg>
<arg>MS</arg>
<arg>MT</arg>
<arg>MU</arg>
<arg>MV</arg>
<arg>MW</arg>
<arg>MX</arg>
<arg>MY</arg>
<arg>MZ</arg>
<arg>NA</arg>
<arg>NC</arg>
<arg>NE</arg>
<arg>NF</arg>
<arg>NG</arg>
<arg>NI</arg>
<arg>NL</arg>
<arg>NO</arg>
<arg>NP</arg>
<arg>NR</arg>
<arg>NU</arg>
<arg>NZ</arg>
<arg>OM</arg>
<arg>PA</arg>
<arg>PE</arg>
<arg>PF</arg>
<arg>PG</arg>
<arg>PH</arg>
<arg>PK</arg>
<arg>PL</arg>
<arg>PM</arg>
<arg>PN</arg>
<arg>PR</arg>
<arg>PS</arg>
<arg>PT</arg>
<arg>PW</arg>
<arg>PY</arg>
<arg>QA</arg>
<arg>RE</arg>
<arg>RO</arg>
<arg>RS</arg>
<arg>RU</arg>
<arg>RW</arg>
<arg>SA</arg>
<arg>SB</arg>
<arg>SC</arg>
<arg>SD</arg>
<arg>SE</arg>
<arg>SG</arg>
<arg>SH</arg>
<arg>SI</arg>
<arg>SJ</arg>
<arg>SK</arg>
<arg>SL</arg>
<arg>SM</arg>
<arg>SN</arg>
<arg>SO</arg>
<arg>SR</arg>
<arg>SS</arg>
<arg>ST</arg>
<arg>SV</arg>
<arg>SX</arg>
<arg>SY</arg>
<arg>SZ</arg>
<arg>TC</arg>
<arg>TD</arg>
<arg>TF</arg>
<arg>TG</arg>
<arg>TH</arg>
<arg>TJ</arg>
<arg>TK</arg>
<arg>TL</arg>
<arg>TM</arg>
<arg>TN</arg>
<arg>TO</arg>
<arg>TR</arg>
<arg>TT</arg>
<arg>TV</arg>
<arg>TW</arg>
<arg>TZ</arg>
<arg>UA</arg>
<arg>UG</arg>
<arg>UM</arg>
<arg>US</arg>
<arg>UY</arg>
<arg>UZ</arg>
<arg>VA</arg>
<arg>VC</arg>
<arg>VE</arg>
<arg>VG</arg>
<arg>VI</arg>
<arg>VN</arg>
<arg>VU</arg>
<arg>WF</arg>
<arg>WS</arg>
<arg>XK</arg>
<arg>YE</arg>
<arg>YT</arg>
<arg>ZA</arg>
<arg>ZM</arg>
<arg>ZW</arg>
<doc>Returns a list containing given items.</doc>
<status status="PASS" start="2024-04-24T10:16:16.418068" elapsed="0.000599"/>
</kw>
<kw name="List Should Contain Value" owner="Collections">
<msg time="2024-04-24T10:16:16.419673" level="INFO">False</msg>
<arg>${list_country}</arg>
<arg>${name_country}</arg>
<doc>Fails if the ``value`` is not found from ``list``.</doc>
<status status="PASS" start="2024-04-24T10:16:16.419451" elapsed="0.000258"/>
</kw>
<kw name="Run Keyword If" owner="BuiltIn">
<kw name="Should Be True" owner="BuiltIn">
<arg>${True}</arg>
<doc>Fails if the given condition is not true.</doc>
<status status="PASS" start="2024-04-24T10:16:16.420762" elapsed="0.000235"/>
</kw>
<arg>${json_data["results"][0]["location"]["coordinates"]["latitude"]} &gt;= -90 and ${json_data["results"][0]["location"]["coordinates"]["latitude"]} &lt;= 90</arg>
<arg>Should Be True</arg>
<arg>${True}</arg>
<doc>Runs the given keyword with the given arguments, if ``condition`` is true.</doc>
<status status="PASS" start="2024-04-24T10:16:16.420023" elapsed="0.001103"/>
</kw>
<kw name="Run Keyword If" owner="BuiltIn">
<kw name="Should Be True" owner="BuiltIn">
<arg>${True}</arg>
<doc>Fails if the given condition is not true.</doc>
<status status="PASS" start="2024-04-24T10:16:16.422007" elapsed="0.000135"/>
</kw>
<arg>${json_data["results"][0]["location"]["coordinates"]["longitude"]} &gt;= -180 and ${json_data["results"][0]["location"]["coordinates"]["longitude"]} &lt;= 180</arg>
<arg>Should Be True</arg>
<arg>${True}</arg>
<doc>Runs the given keyword with the given arguments, if ``condition`` is true.</doc>
<status status="PASS" start="2024-04-24T10:16:16.421312" elapsed="0.000952"/>
</kw>
<status status="PASS" start="2024-04-24T10:16:16.303012" elapsed="0.119378"/>
</kw>
<doc>Testa o conteúdo específico dos campos retornados pela API.</doc>
<tag>testeConteudo</tag>
<status status="PASS" start="2024-04-24T10:16:16.302510" elapsed="0.120018"/>
</test>
<status status="PASS" start="2024-04-24T10:16:15.323767" elapsed="1.100642"/>
</suite>
<status status="PASS" start="2024-04-24T10:16:15.310482" elapsed="1.119004"/>
</suite>
<statistics>
<total>
<stat pass="5" fail="0" skip="0">All Tests</stat>
</total>
<tag>
<stat pass="1" fail="0" skip="0">testeConteudo</stat>
<stat pass="1" fail="0" skip="0">testeEstruturaResposta</stat>
<stat pass="1" fail="0" skip="0">testeRequisicaoBasica</stat>
<stat pass="1" fail="0" skip="0">testeTiposDados</stat>
</tag>
<suite>
<stat pass="5" fail="0" skip="0" id="s1" name="Tests">Tests</stat>
<stat pass="5" fail="0" skip="0" id="s1-s1" name="Random-User-Test">Tests.Random-User-Test</stat>
</suite>
</statistics>
<errors>
</errors>
</robot>
