<?xml version="1.0" encoding="UTF-8"?>
<robot generator="Robot 7.0 (Python 3.12.2 on linux)" generated="2024-04-08T01:00:48.362389" rpa="false" schemaversion="5">
<suite id="s1" name="Tests" source="/home/runner/work/DesafioQAItauRogerioJordao/DesafioQAItauRogerioJordao/RamdonUser/tests">
<suite id="s1-s1" name="Random-User-Test" source="/home/runner/work/DesafioQAItauRogerioJordao/DesafioQAItauRogerioJordao/RamdonUser/tests/random-user-test.robot">
<test id="s1-s1-t1" name="Conectar" line="13">
<kw name="Conectar API" owner="random-user-service">
<kw name="Create Session" owner="RequestsLibrary">
<msg time="2024-04-08T01:00:48.820298" level="INFO">Creating Session using : alias=consultarAPI, url=https://randomuser.me/, headers={},                     cookies={}, auth=None, timeout=None, proxies=None, verify=False,                     debug=0 </msg>
<arg>consultarAPI</arg>
<arg>${URL}</arg>
<doc>Create Session: create a HTTP session to a server</doc>
<status status="PASS" start="2024-04-08T01:00:48.820083" elapsed="0.000437"/>
</kw>
<status status="PASS" start="2024-04-08T01:00:48.818984" elapsed="0.001926"/>
</kw>
<status status="PASS" start="2024-04-08T01:00:48.818324" elapsed="0.002798"/>
</test>
<test id="s1-s1-t2" name="Validar retorno 200 e JSON Válido" line="16">
<kw name="Teste de Requisicao Basica" owner="random-user-service">
<kw name="GET On Session" owner="RequestsLibrary">
<msg time="2024-04-08T01:00:49.049025" level="INFO">GET Request : url=https://randomuser.me/api 
 path_url=/api 
 headers={'User-Agent': 'python-requests/2.31.0', 'Accept-Encoding': 'gzip, deflate', 'Accept': '*/*', 'Connection': 'keep-alive'} 
 body=None 
 </msg>
<msg time="2024-04-08T01:00:49.049195" level="INFO">GET Response : url=https://randomuser.me/api 
 status=200, reason=OK 
 headers={'Date': 'Mon, 08 Apr 2024 01:00:49 GMT', 'Content-Type': 'application/json; charset=utf-8', 'Transfer-Encoding': 'chunked', 'Connection': 'keep-alive', 'X-Powered-By': 'Express', 'Access-Control-Allow-Origin': '*', 'Cache-Control': 'no-cache', 'ETag': 'W/"488-/daN/CDBFFZwQmu2vZpN2TmosOQ"', 'Vary': 'Accept-Encoding', 'Content-Encoding': 'gzip', 'CF-Cache-Status': 'DYNAMIC', 'Report-To': '{"endpoints":[{"url":"https:\\/\\/a.nel.cloudflare.com\\/report\\/v4?s=dYzfTLeDvR6M04XwfLzbn0GHNOSjJ92lGgYRb0P%2BeJdpAGm78Rs2c2k8z%2FOxE%2FcmBiCk7EA9oCL0S0MGP3fUeLUwFZF9LhP3LiLsP1UKdYe2qlwe140macPxjrw1KxxG"}],"group":"cf-nel","max_age":604800}', 'NEL': '{"success_fraction":0,"report_to":"cf-nel","max_age":604800}', 'Server': 'cloudflare', 'CF-RAY': '870e5295f945159e-SJC', 'alt-svc': 'h3=":443"; ma=86400'} 
 body={"results":[{"gender":"male","name":{"title":"Mr","first":"Jimmy","last":"Stokka"},"location":{"street":{"number":310,"name":"Bergsalléen"},"city":"Brandbu","state":"Description","country":"Norway","postcode":"4857","coordinates":{"latitude":"41.7639","longitude":"-125.9392"},"timezone":{"offset":"-5:00","description":"Eastern Time (US &amp; Canada), Bogota, Lima"}},"email":"jimmy.stokka@example.com","login":{"uuid":"6c300132-f13a-4c35-9ecf-eb763c36ff3f","username":"silverzebra904","password":"terror","salt":"8dnOXmvK","md5":"303fd8bb9c0f6e4b8782c4eb5c36313f","sha1":"8862a468d9c2fba13fbc6f140f2c00fc609cc2c4","sha256":"667f4859eb5e5f97345de3bd07d1f49c7fa6eb558ea9b6a4efbb5bb7529c7b95"},"dob":{"date":"1984-03-09T12:50:27.138Z","age":40},"registered":{"date":"2011-07-26T00:50:45.506Z","age":12},"phone":"37249929","cell":"99569165","id":{"name":"FN","value":"09038447111"},"picture":{"large":"https://randomuser.me/api/portraits/men/42.jpg","medium":"https://randomuser.me/api/portraits/med/men/42.jpg","thumbnail":"https://randomuser.me/api/portraits/thumb/men/42.jpg"},"nat":"NO"}],"info":{"seed":"f26c50b878284a97","results":1,"page":1,"version":"1.4"}} 
 </msg>
<msg time="2024-04-08T01:00:49.049286" level="INFO">/opt/hostedtoolcache/Python/3.12.2/x64/lib/python3.12/site-packages/urllib3/connectionpool.py:1103: InsecureRequestWarning: Unverified HTTPS request is being made to host 'randomuser.me'. Adding certificate verification is strongly advised. See: https://urllib3.readthedocs.io/en/latest/advanced-usage.html#tls-warnings
  warnings.warn(</msg>
<msg time="2024-04-08T01:00:49.049438" level="INFO">${response} = &lt;Response [200]&gt;</msg>
<var>${response}</var>
<arg>consultarAPI</arg>
<arg>/api</arg>
<doc>Sends a GET request on a previously created HTTP Session.</doc>
<status status="PASS" start="2024-04-08T01:00:48.823899" elapsed="0.225581"/>
</kw>
<kw name="Should Be Equal As Numbers" owner="BuiltIn">
<msg time="2024-04-08T01:00:49.050678" level="INFO">Argument types are:
&lt;class 'int'&gt;
&lt;class 'str'&gt;</msg>
<arg>${response.status_code}</arg>
<arg>200</arg>
<doc>Fails if objects are unequal after converting them to real numbers.</doc>
<status status="PASS" start="2024-04-08T01:00:49.050167" elapsed="0.000582"/>
</kw>
<kw name="Log" owner="BuiltIn">
<msg time="2024-04-08T01:00:49.051490" level="INFO">200</msg>
<arg>${response.status_code}</arg>
<doc>Logs the given message with the given level.</doc>
<status status="PASS" start="2024-04-08T01:00:49.051116" elapsed="0.000420"/>
</kw>
<kw name="Set Variable" owner="BuiltIn">
<msg time="2024-04-08T01:00:49.052351" level="INFO">${json_data} = {'results': [{'gender': 'male', 'name': {'title': 'Mr', 'first': 'Jimmy', 'last': 'Stokka'}, 'location': {'street': {'number': 310, 'name': 'Bergsalléen'}, 'city': 'Brandbu', 'state': 'Description', '...</msg>
<var>${json_data}</var>
<arg>${response.json()}</arg>
<doc>Returns the given values which can then be assigned to a variables.</doc>
<status status="PASS" start="2024-04-08T01:00:49.051887" elapsed="0.000494"/>
</kw>
<kw name="Dictionary Should Contain Key" owner="Collections">
<msg time="2024-04-08T01:00:49.052923" level="INFO">False</msg>
<arg>${json_data}</arg>
<arg>results</arg>
<doc>Fails if ``key`` is not found from ``dictionary``.</doc>
<status status="PASS" start="2024-04-08T01:00:49.052748" elapsed="0.000216"/>
</kw>
<status status="PASS" start="2024-04-08T01:00:48.823636" elapsed="0.229594"/>
</kw>
<doc>Testa se a API responde corretamente e retorna um objeto JSON válido.</doc>
<tag>testeRequisicaoBasica</tag>
<status status="PASS" start="2024-04-08T01:00:48.823047" elapsed="0.230388"/>
</test>
<test id="s1-s1-t3" name="Validar estrutura de resposta" line="22">
<kw name="Teste de Estrutura de Resposta" owner="random-user-service">
<kw name="GET On Session" owner="RequestsLibrary">
<msg time="2024-04-08T01:00:49.145735" level="INFO">GET Request : url=https://randomuser.me/api 
 path_url=/api 
 headers={'User-Agent': 'python-requests/2.31.0', 'Accept-Encoding': 'gzip, deflate', 'Accept': '*/*', 'Connection': 'keep-alive'} 
 body=None 
 </msg>
<msg time="2024-04-08T01:00:49.145845" level="INFO">GET Response : url=https://randomuser.me/api 
 status=200, reason=OK 
 headers={'Date': 'Mon, 08 Apr 2024 01:00:49 GMT', 'Content-Type': 'application/json; charset=utf-8', 'Transfer-Encoding': 'chunked', 'Connection': 'keep-alive', 'X-Powered-By': 'Express', 'Access-Control-Allow-Origin': '*', 'Cache-Control': 'no-cache', 'ETag': 'W/"471-UYjvHT4cuK8SAwO5WSqwujLhCBo"', 'Vary': 'Accept-Encoding', 'Content-Encoding': 'gzip', 'CF-Cache-Status': 'DYNAMIC', 'Report-To': '{"endpoints":[{"url":"https:\\/\\/a.nel.cloudflare.com\\/report\\/v4?s=s0Y2%2B8GGR33p18JqIjYAJESuaRGO7ns59mWvkUbQDYmZmE48SKbYE69O5MHk4d%2Bz1uV4IJZHDl87wJ03rJgetLUcfsMa%2BaerE29b2s8%2B%2FkHUZOaXNbkVqgxK3WRh3t2R"}],"group":"cf-nel","max_age":604800}', 'NEL': '{"success_fraction":0,"report_to":"cf-nel","max_age":604800}', 'Server': 'cloudflare', 'CF-RAY': '870e5296aa04159e-SJC', 'alt-svc': 'h3=":443"; ma=86400'} 
 body={"results":[{"gender":"male","name":{"title":"Mr","first":"Zachary","last":"Addy"},"location":{"street":{"number":5978,"name":"Duke St"},"city":"Hampstead","state":"Nunavut","country":"Canada","postcode":"N2C 9K2","coordinates":{"latitude":"-64.3142","longitude":"-168.8988"},"timezone":{"offset":"-3:30","description":"Newfoundland"}},"email":"zachary.addy@example.com","login":{"uuid":"f0596698-c0d2-49bc-a0b4-27dde5cad71c","username":"sadelephant228","password":"426hemi","salt":"Xa2iMTW6","md5":"ef6bdfa7fcc238f34be3afe7c20ae925","sha1":"0b4132206c4d0aebc1fbeca40062a2f5dc0e821f","sha256":"279d86b5225e79a54e9a0803f416f6599448df5cc2d6d63fcf3d7c2dc6470b14"},"dob":{"date":"1972-04-24T15:34:53.984Z","age":51},"registered":{"date":"2019-08-24T19:57:44.396Z","age":4},"phone":"W38 Q84-1728","cell":"R89 R34-3492","id":{"name":"SIN","value":"785635756"},"picture":{"large":"https://randomuser.me/api/portraits/men/83.jpg","medium":"https://randomuser.me/api/portraits/med/men/83.jpg","thumbnail":"https://randomuser.me/api/portraits/thumb/men/83.jpg"},"nat":"CA"}],"info":{"seed":"106438ed0a739e25","results":1,"page":1,"version":"1.4"}} 
 </msg>
<msg time="2024-04-08T01:00:49.146021" level="INFO">/opt/hostedtoolcache/Python/3.12.2/x64/lib/python3.12/site-packages/urllib3/connectionpool.py:1103: InsecureRequestWarning: Unverified HTTPS request is being made to host 'randomuser.me'. Adding certificate verification is strongly advised. See: https://urllib3.readthedocs.io/en/latest/advanced-usage.html#tls-warnings
  warnings.warn(</msg>
<msg time="2024-04-08T01:00:49.146173" level="INFO">${response} = &lt;Response [200]&gt;</msg>
<var>${response}</var>
<arg>consultarAPI</arg>
<arg>/api</arg>
<doc>Sends a GET request on a previously created HTTP Session.</doc>
<status status="PASS" start="2024-04-08T01:00:49.056489" elapsed="0.089736"/>
</kw>
<kw name="Set Variable" owner="BuiltIn">
<msg time="2024-04-08T01:00:49.147421" level="INFO">${json_data} = {'results': [{'gender': 'male', 'name': {'title': 'Mr', 'first': 'Zachary', 'last': 'Addy'}, 'location': {'street': {'number': 5978, 'name': 'Duke St'}, 'city': 'Hampstead', 'state': 'Nunavut', 'count...</msg>
<var>${json_data}</var>
<arg>${response.json()}</arg>
<doc>Returns the given values which can then be assigned to a variables.</doc>
<status status="PASS" start="2024-04-08T01:00:49.146830" elapsed="0.000622"/>
</kw>
<kw name="Log" owner="BuiltIn">
<msg time="2024-04-08T01:00:49.147974" level="INFO">{'results': [{'gender': 'male', 'name': {'title': 'Mr', 'first': 'Zachary', 'last': 'Addy'}, 'location': {'street': {'number': 5978, 'name': 'Duke St'}, 'city': 'Hampstead', 'state': 'Nunavut', 'country': 'Canada', 'postcode': 'N2C 9K2', 'coordinates': {'latitude': '-64.3142', 'longitude': '-168.8988'}, 'timezone': {'offset': '-3:30', 'description': 'Newfoundland'}}, 'email': 'zachary.addy@example.com', 'login': {'uuid': 'f0596698-c0d2-49bc-a0b4-27dde5cad71c', 'username': 'sadelephant228', 'password': '426hemi', 'salt': 'Xa2iMTW6', 'md5': 'ef6bdfa7fcc238f34be3afe7c20ae925', 'sha1': '0b4132206c4d0aebc1fbeca40062a2f5dc0e821f', 'sha256': '279d86b5225e79a54e9a0803f416f6599448df5cc2d6d63fcf3d7c2dc6470b14'}, 'dob': {'date': '1972-04-24T15:34:53.984Z', 'age': 51}, 'registered': {'date': '2019-08-24T19:57:44.396Z', 'age': 4}, 'phone': 'W38 Q84-1728', 'cell': 'R89 R34-3492', 'id': {'name': 'SIN', 'value': '785635756'}, 'picture': {'large': 'https://randomuser.me/api/portraits/men/83.jpg', 'medium': 'https://randomuser.me/api/portraits/med/men/83.jpg', 'thumbnail': 'https://randomuser.me/api/portraits/thumb/men/83.jpg'}, 'nat': 'CA'}], 'info': {'seed': '106438ed0a739e25', 'results': 1, 'page': 1, 'version': '1.4'}}</msg>
<arg>${json_data}</arg>
<doc>Logs the given message with the given level.</doc>
<status status="PASS" start="2024-04-08T01:00:49.147797" elapsed="0.000235"/>
</kw>
<kw name="Dictionary Should Contain Key" owner="Collections">
<msg time="2024-04-08T01:00:49.148603" level="INFO">False</msg>
<arg>${json_data}</arg>
<arg>results</arg>
<doc>Fails if ``key`` is not found from ``dictionary``.</doc>
<status status="PASS" start="2024-04-08T01:00:49.148366" elapsed="0.000282"/>
</kw>
<kw name="Should Not Be Empty" owner="BuiltIn">
<msg time="2024-04-08T01:00:49.149103" level="INFO">Length is 2.</msg>
<arg>${json_data}</arg>
<doc>Verifies that the given item is not empty.</doc>
<status status="PASS" start="2024-04-08T01:00:49.148963" elapsed="0.000180"/>
</kw>
<kw name="Create List" owner="BuiltIn">
<msg time="2024-04-08T01:00:49.149597" level="INFO">${expected_keys} = ['gender', 'name', 'location', 'email', 'login']</msg>
<var>${expected_keys}</var>
<arg>gender</arg>
<arg>name</arg>
<arg>location</arg>
<arg>email</arg>
<arg>login</arg>
<doc>Returns a list containing given items.</doc>
<status status="PASS" start="2024-04-08T01:00:49.149443" elapsed="0.000179"/>
</kw>
<for flavor="IN">
<iter>
<kw name="Dictionary Should Contain Key" owner="Collections">
<msg time="2024-04-08T01:00:49.150644" level="INFO">False</msg>
<arg>${json_data['results'][0]}</arg>
<arg>${key}</arg>
<doc>Fails if ``key`` is not found from ``dictionary``.</doc>
<status status="PASS" start="2024-04-08T01:00:49.150222" elapsed="0.000463"/>
</kw>
<kw name="Log" owner="BuiltIn">
<msg time="2024-04-08T01:00:49.151378" level="INFO">{'gender': 'male', 'name': {'title': 'Mr', 'first': 'Zachary', 'last': 'Addy'}, 'location': {'street': {'number': 5978, 'name': 'Duke St'}, 'city': 'Hampstead', 'state': 'Nunavut', 'country': 'Canada', 'postcode': 'N2C 9K2', 'coordinates': {'latitude': '-64.3142', 'longitude': '-168.8988'}, 'timezone': {'offset': '-3:30', 'description': 'Newfoundland'}}, 'email': 'zachary.addy@example.com', 'login': {'uuid': 'f0596698-c0d2-49bc-a0b4-27dde5cad71c', 'username': 'sadelephant228', 'password': '426hemi', 'salt': 'Xa2iMTW6', 'md5': 'ef6bdfa7fcc238f34be3afe7c20ae925', 'sha1': '0b4132206c4d0aebc1fbeca40062a2f5dc0e821f', 'sha256': '279d86b5225e79a54e9a0803f416f6599448df5cc2d6d63fcf3d7c2dc6470b14'}, 'dob': {'date': '1972-04-24T15:34:53.984Z', 'age': 51}, 'registered': {'date': '2019-08-24T19:57:44.396Z', 'age': 4}, 'phone': 'W38 Q84-1728', 'cell': 'R89 R34-3492', 'id': {'name': 'SIN', 'value': '785635756'}, 'picture': {'large': 'https://randomuser.me/api/portraits/men/83.jpg', 'medium': 'https://randomuser.me/api/portraits/med/men/83.jpg', 'thumbnail': 'https://randomuser.me/api/portraits/thumb/men/83.jpg'}, 'nat': 'CA'}</msg>
<arg>${json_data['results'][0]}</arg>
<doc>Logs the given message with the given level.</doc>
<status status="PASS" start="2024-04-08T01:00:49.151008" elapsed="0.000424"/>
</kw>
<kw name="Log" owner="BuiltIn">
<msg time="2024-04-08T01:00:49.151891" level="INFO">gender</msg>
<arg>${key}</arg>
<doc>Logs the given message with the given level.</doc>
<status status="PASS" start="2024-04-08T01:00:49.151760" elapsed="0.000171"/>
</kw>
<var name="${key}">gender</var>
<status status="PASS" start="2024-04-08T01:00:49.150092" elapsed="0.002065"/>
</iter>
<iter>
<kw name="Dictionary Should Contain Key" owner="Collections">
<msg time="2024-04-08T01:00:49.152901" level="INFO">False</msg>
<arg>${json_data['results'][0]}</arg>
<arg>${key}</arg>
<doc>Fails if ``key`` is not found from ``dictionary``.</doc>
<status status="PASS" start="2024-04-08T01:00:49.152502" elapsed="0.000438"/>
</kw>
<kw name="Log" owner="BuiltIn">
<msg time="2024-04-08T01:00:49.153639" level="INFO">{'gender': 'male', 'name': {'title': 'Mr', 'first': 'Zachary', 'last': 'Addy'}, 'location': {'street': {'number': 5978, 'name': 'Duke St'}, 'city': 'Hampstead', 'state': 'Nunavut', 'country': 'Canada', 'postcode': 'N2C 9K2', 'coordinates': {'latitude': '-64.3142', 'longitude': '-168.8988'}, 'timezone': {'offset': '-3:30', 'description': 'Newfoundland'}}, 'email': 'zachary.addy@example.com', 'login': {'uuid': 'f0596698-c0d2-49bc-a0b4-27dde5cad71c', 'username': 'sadelephant228', 'password': '426hemi', 'salt': 'Xa2iMTW6', 'md5': 'ef6bdfa7fcc238f34be3afe7c20ae925', 'sha1': '0b4132206c4d0aebc1fbeca40062a2f5dc0e821f', 'sha256': '279d86b5225e79a54e9a0803f416f6599448df5cc2d6d63fcf3d7c2dc6470b14'}, 'dob': {'date': '1972-04-24T15:34:53.984Z', 'age': 51}, 'registered': {'date': '2019-08-24T19:57:44.396Z', 'age': 4}, 'phone': 'W38 Q84-1728', 'cell': 'R89 R34-3492', 'id': {'name': 'SIN', 'value': '785635756'}, 'picture': {'large': 'https://randomuser.me/api/portraits/men/83.jpg', 'medium': 'https://randomuser.me/api/portraits/med/men/83.jpg', 'thumbnail': 'https://randomuser.me/api/portraits/thumb/men/83.jpg'}, 'nat': 'CA'}</msg>
<arg>${json_data['results'][0]}</arg>
<doc>Logs the given message with the given level.</doc>
<status status="PASS" start="2024-04-08T01:00:49.153274" elapsed="0.000413"/>
</kw>
<kw name="Log" owner="BuiltIn">
<msg time="2024-04-08T01:00:49.154123" level="INFO">name</msg>
<arg>${key}</arg>
<doc>Logs the given message with the given level.</doc>
<status status="PASS" start="2024-04-08T01:00:49.153993" elapsed="0.000169"/>
</kw>
<var name="${key}">name</var>
<status status="PASS" start="2024-04-08T01:00:49.152353" elapsed="0.002029"/>
</iter>
<iter>
<kw name="Dictionary Should Contain Key" owner="Collections">
<msg time="2024-04-08T01:00:49.155055" level="INFO">False</msg>
<arg>${json_data['results'][0]}</arg>
<arg>${key}</arg>
<doc>Fails if ``key`` is not found from ``dictionary``.</doc>
<status status="PASS" start="2024-04-08T01:00:49.154678" elapsed="0.000417"/>
</kw>
<kw name="Log" owner="BuiltIn">
<msg time="2024-04-08T01:00:49.155763" level="INFO">{'gender': 'male', 'name': {'title': 'Mr', 'first': 'Zachary', 'last': 'Addy'}, 'location': {'street': {'number': 5978, 'name': 'Duke St'}, 'city': 'Hampstead', 'state': 'Nunavut', 'country': 'Canada', 'postcode': 'N2C 9K2', 'coordinates': {'latitude': '-64.3142', 'longitude': '-168.8988'}, 'timezone': {'offset': '-3:30', 'description': 'Newfoundland'}}, 'email': 'zachary.addy@example.com', 'login': {'uuid': 'f0596698-c0d2-49bc-a0b4-27dde5cad71c', 'username': 'sadelephant228', 'password': '426hemi', 'salt': 'Xa2iMTW6', 'md5': 'ef6bdfa7fcc238f34be3afe7c20ae925', 'sha1': '0b4132206c4d0aebc1fbeca40062a2f5dc0e821f', 'sha256': '279d86b5225e79a54e9a0803f416f6599448df5cc2d6d63fcf3d7c2dc6470b14'}, 'dob': {'date': '1972-04-24T15:34:53.984Z', 'age': 51}, 'registered': {'date': '2019-08-24T19:57:44.396Z', 'age': 4}, 'phone': 'W38 Q84-1728', 'cell': 'R89 R34-3492', 'id': {'name': 'SIN', 'value': '785635756'}, 'picture': {'large': 'https://randomuser.me/api/portraits/men/83.jpg', 'medium': 'https://randomuser.me/api/portraits/med/men/83.jpg', 'thumbnail': 'https://randomuser.me/api/portraits/thumb/men/83.jpg'}, 'nat': 'CA'}</msg>
<arg>${json_data['results'][0]}</arg>
<doc>Logs the given message with the given level.</doc>
<status status="PASS" start="2024-04-08T01:00:49.155407" elapsed="0.000409"/>
</kw>
<kw name="Log" owner="BuiltIn">
<msg time="2024-04-08T01:00:49.156243" level="INFO">location</msg>
<arg>${key}</arg>
<doc>Logs the given message with the given level.</doc>
<status status="PASS" start="2024-04-08T01:00:49.156115" elapsed="0.000166"/>
</kw>
<var name="${key}">location</var>
<status status="PASS" start="2024-04-08T01:00:49.154564" elapsed="0.001962"/>
</iter>
<iter>
<kw name="Dictionary Should Contain Key" owner="Collections">
<msg time="2024-04-08T01:00:49.157195" level="INFO">False</msg>
<arg>${json_data['results'][0]}</arg>
<arg>${key}</arg>
<doc>Fails if ``key`` is not found from ``dictionary``.</doc>
<status status="PASS" start="2024-04-08T01:00:49.156814" elapsed="0.000420"/>
</kw>
<kw name="Log" owner="BuiltIn">
<msg time="2024-04-08T01:00:49.157900" level="INFO">{'gender': 'male', 'name': {'title': 'Mr', 'first': 'Zachary', 'last': 'Addy'}, 'location': {'street': {'number': 5978, 'name': 'Duke St'}, 'city': 'Hampstead', 'state': 'Nunavut', 'country': 'Canada', 'postcode': 'N2C 9K2', 'coordinates': {'latitude': '-64.3142', 'longitude': '-168.8988'}, 'timezone': {'offset': '-3:30', 'description': 'Newfoundland'}}, 'email': 'zachary.addy@example.com', 'login': {'uuid': 'f0596698-c0d2-49bc-a0b4-27dde5cad71c', 'username': 'sadelephant228', 'password': '426hemi', 'salt': 'Xa2iMTW6', 'md5': 'ef6bdfa7fcc238f34be3afe7c20ae925', 'sha1': '0b4132206c4d0aebc1fbeca40062a2f5dc0e821f', 'sha256': '279d86b5225e79a54e9a0803f416f6599448df5cc2d6d63fcf3d7c2dc6470b14'}, 'dob': {'date': '1972-04-24T15:34:53.984Z', 'age': 51}, 'registered': {'date': '2019-08-24T19:57:44.396Z', 'age': 4}, 'phone': 'W38 Q84-1728', 'cell': 'R89 R34-3492', 'id': {'name': 'SIN', 'value': '785635756'}, 'picture': {'large': 'https://randomuser.me/api/portraits/men/83.jpg', 'medium': 'https://randomuser.me/api/portraits/med/men/83.jpg', 'thumbnail': 'https://randomuser.me/api/portraits/thumb/men/83.jpg'}, 'nat': 'CA'}</msg>
<arg>${json_data['results'][0]}</arg>
<doc>Logs the given message with the given level.</doc>
<status status="PASS" start="2024-04-08T01:00:49.157539" elapsed="0.000410"/>
</kw>
<kw name="Log" owner="BuiltIn">
<msg time="2024-04-08T01:00:49.158396" level="INFO">email</msg>
<arg>${key}</arg>
<doc>Logs the given message with the given level.</doc>
<status status="PASS" start="2024-04-08T01:00:49.158265" elapsed="0.000170"/>
</kw>
<var name="${key}">email</var>
<status status="PASS" start="2024-04-08T01:00:49.156703" elapsed="0.001958"/>
</iter>
<iter>
<kw name="Dictionary Should Contain Key" owner="Collections">
<msg time="2024-04-08T01:00:49.159325" level="INFO">False</msg>
<arg>${json_data['results'][0]}</arg>
<arg>${key}</arg>
<doc>Fails if ``key`` is not found from ``dictionary``.</doc>
<status status="PASS" start="2024-04-08T01:00:49.158948" elapsed="0.000415"/>
</kw>
<kw name="Log" owner="BuiltIn">
<msg time="2024-04-08T01:00:49.160026" level="INFO">{'gender': 'male', 'name': {'title': 'Mr', 'first': 'Zachary', 'last': 'Addy'}, 'location': {'street': {'number': 5978, 'name': 'Duke St'}, 'city': 'Hampstead', 'state': 'Nunavut', 'country': 'Canada', 'postcode': 'N2C 9K2', 'coordinates': {'latitude': '-64.3142', 'longitude': '-168.8988'}, 'timezone': {'offset': '-3:30', 'description': 'Newfoundland'}}, 'email': 'zachary.addy@example.com', 'login': {'uuid': 'f0596698-c0d2-49bc-a0b4-27dde5cad71c', 'username': 'sadelephant228', 'password': '426hemi', 'salt': 'Xa2iMTW6', 'md5': 'ef6bdfa7fcc238f34be3afe7c20ae925', 'sha1': '0b4132206c4d0aebc1fbeca40062a2f5dc0e821f', 'sha256': '279d86b5225e79a54e9a0803f416f6599448df5cc2d6d63fcf3d7c2dc6470b14'}, 'dob': {'date': '1972-04-24T15:34:53.984Z', 'age': 51}, 'registered': {'date': '2019-08-24T19:57:44.396Z', 'age': 4}, 'phone': 'W38 Q84-1728', 'cell': 'R89 R34-3492', 'id': {'name': 'SIN', 'value': '785635756'}, 'picture': {'large': 'https://randomuser.me/api/portraits/men/83.jpg', 'medium': 'https://randomuser.me/api/portraits/med/men/83.jpg', 'thumbnail': 'https://randomuser.me/api/portraits/thumb/men/83.jpg'}, 'nat': 'CA'}</msg>
<arg>${json_data['results'][0]}</arg>
<doc>Logs the given message with the given level.</doc>
<status status="PASS" start="2024-04-08T01:00:49.159661" elapsed="0.000411"/>
</kw>
<kw name="Log" owner="BuiltIn">
<msg time="2024-04-08T01:00:49.160555" level="INFO">login</msg>
<arg>${key}</arg>
<doc>Logs the given message with the given level.</doc>
<status status="PASS" start="2024-04-08T01:00:49.160371" elapsed="0.000228"/>
</kw>
<var name="${key}">login</var>
<status status="PASS" start="2024-04-08T01:00:49.158835" elapsed="0.001988"/>
</iter>
<var>${key}</var>
<value>@{expected_keys}</value>
<status status="PASS" start="2024-04-08T01:00:49.149888" elapsed="0.011058"/>
</for>
<kw name="Create List" owner="BuiltIn">
<msg time="2024-04-08T01:00:49.161335" level="INFO">${expected_keysTwo} = ['username', 'password']</msg>
<var>${expected_keysTwo}</var>
<arg>username</arg>
<arg>password</arg>
<doc>Returns a list containing given items.</doc>
<status status="PASS" start="2024-04-08T01:00:49.161183" elapsed="0.000176"/>
</kw>
<for flavor="IN">
<iter>
<kw name="Dictionary Should Contain Key" owner="Collections">
<msg time="2024-04-08T01:00:49.162381" level="INFO">False</msg>
<arg>${json_data['results'][0]['login']}</arg>
<arg>${keyTwo}</arg>
<doc>Fails if ``key`` is not found from ``dictionary``.</doc>
<status status="PASS" start="2024-04-08T01:00:49.161984" elapsed="0.000437"/>
</kw>
<kw name="Dictionary Should Contain Key" owner="Collections">
<msg time="2024-04-08T01:00:49.163115" level="INFO">False</msg>
<arg>${json_data['results'][0]['login']}</arg>
<arg>${keyTwo}</arg>
<doc>Fails if ``key`` is not found from ``dictionary``.</doc>
<status status="PASS" start="2024-04-08T01:00:49.162725" elapsed="0.000429"/>
</kw>
<kw name="Log" owner="BuiltIn">
<msg time="2024-04-08T01:00:49.163582" level="INFO">username</msg>
<arg>${keyTwo}</arg>
<doc>Logs the given message with the given level.</doc>
<status status="PASS" start="2024-04-08T01:00:49.163452" elapsed="0.000168"/>
</kw>
<var name="${keyTwo}">username</var>
<status status="PASS" start="2024-04-08T01:00:49.161867" elapsed="0.001985"/>
</iter>
<iter>
<kw name="Dictionary Should Contain Key" owner="Collections">
<msg time="2024-04-08T01:00:49.164558" level="INFO">False</msg>
<arg>${json_data['results'][0]['login']}</arg>
<arg>${keyTwo}</arg>
<doc>Fails if ``key`` is not found from ``dictionary``.</doc>
<status status="PASS" start="2024-04-08T01:00:49.164142" elapsed="0.000455"/>
</kw>
<kw name="Dictionary Should Contain Key" owner="Collections">
<msg time="2024-04-08T01:00:49.165280" level="INFO">False</msg>
<arg>${json_data['results'][0]['login']}</arg>
<arg>${keyTwo}</arg>
<doc>Fails if ``key`` is not found from ``dictionary``.</doc>
<status status="PASS" start="2024-04-08T01:00:49.164900" elapsed="0.000419"/>
</kw>
<kw name="Log" owner="BuiltIn">
<msg time="2024-04-08T01:00:49.165748" level="INFO">password</msg>
<arg>${keyTwo}</arg>
<doc>Logs the given message with the given level.</doc>
<status status="PASS" start="2024-04-08T01:00:49.165618" elapsed="0.000168"/>
</kw>
<var name="${keyTwo}">password</var>
<status status="PASS" start="2024-04-08T01:00:49.164030" elapsed="0.001975"/>
</iter>
<var>${keyTwo}</var>
<value>@{expected_keysTwo}</value>
<status status="PASS" start="2024-04-08T01:00:49.161602" elapsed="0.004526"/>
</for>
<status status="PASS" start="2024-04-08T01:00:49.056212" elapsed="0.110061"/>
</kw>
<doc>Testa a estrutura da resposta da API.</doc>
<tag>testeEstruturaResposta</tag>
<status status="PASS" start="2024-04-08T01:00:49.055396" elapsed="0.111044"/>
</test>
<test id="s1-s1-t4" name="Validar tipos de dados" line="28">
<kw name="Teste de Tipos de Dados" owner="random-user-service">
<kw name="GET On Session" owner="RequestsLibrary">
<msg time="2024-04-08T01:00:49.256527" level="INFO">GET Request : url=https://randomuser.me/api 
 path_url=/api 
 headers={'User-Agent': 'python-requests/2.31.0', 'Accept-Encoding': 'gzip, deflate', 'Accept': '*/*', 'Connection': 'keep-alive'} 
 body=None 
 </msg>
<msg time="2024-04-08T01:00:49.256607" level="INFO">GET Response : url=https://randomuser.me/api 
 status=200, reason=OK 
 headers={'Date': 'Mon, 08 Apr 2024 01:00:49 GMT', 'Content-Type': 'application/json; charset=utf-8', 'Transfer-Encoding': 'chunked', 'Connection': 'keep-alive', 'X-Powered-By': 'Express', 'Access-Control-Allow-Origin': '*', 'Cache-Control': 'no-cache', 'ETag': 'W/"493-ktC0mpw29ZkeufisnGHBNP5NE4I"', 'Vary': 'Accept-Encoding', 'Content-Encoding': 'gzip', 'CF-Cache-Status': 'DYNAMIC', 'Report-To': '{"endpoints":[{"url":"https:\\/\\/a.nel.cloudflare.com\\/report\\/v4?s=PklxhnqvmdbnUFYPFqkDh%2F4z1MMVFGP3F1dmWMVMMIHJDABEHWDwjmZusok8c2SCmUTx%2FC12oeZeYTKUE1CjtVakHwDbmWq3tcl%2FXmNRvkOkbU4rLWjEuPjsJg9WqvHJ"}],"group":"cf-nel","max_age":604800}', 'NEL': '{"success_fraction":0,"report_to":"cf-nel","max_age":604800}', 'Server': 'cloudflare', 'CF-RAY': '870e52975aaa159e-SJC', 'alt-svc': 'h3=":443"; ma=86400'} 
 body={"results":[{"gender":"male","name":{"title":"Monsieur","first":"Luka","last":"Lopez"},"location":{"street":{"number":8748,"name":"Rue Dubois"},"city":"San Vittore","state":"Appenzell Innerrhoden","country":"Switzerland","postcode":5007,"coordinates":{"latitude":"-61.3859","longitude":"-9.9777"},"timezone":{"offset":"+9:30","description":"Adelaide, Darwin"}},"email":"luka.lopez@example.com","login":{"uuid":"99eddc15-3d5d-494e-85a8-81db7e1d2aa7","username":"purpleleopard565","password":"esquire","salt":"o2tYJt4X","md5":"c051430d0ae805a9b47c56e4288c0040","sha1":"507c0cdc271fa7aca7ca419c643be0179f9516af","sha256":"c529e53b5439be6d79ac72dacc3cf30874ebc8b9eaa2c22332eabb2aac4d847c"},"dob":{"date":"1950-05-17T18:00:46.491Z","age":73},"registered":{"date":"2019-03-21T03:48:01.509Z","age":5},"phone":"079 081 66 49","cell":"079 552 74 14","id":{"name":"AVS","value":"756.6826.1770.80"},"picture":{"large":"https://randomuser.me/api/portraits/men/70.jpg","medium":"https://randomuser.me/api/portraits/med/men/70.jpg","thumbnail":"https://randomuser.me/api/portraits/thumb/men/70.jpg"},"nat":"CH"}],"info":{"seed":"45240bdce130e27e","results":1,"page":1,"version":"1.4"}} 
 </msg>
<msg time="2024-04-08T01:00:49.256673" level="INFO">/opt/hostedtoolcache/Python/3.12.2/x64/lib/python3.12/site-packages/urllib3/connectionpool.py:1103: InsecureRequestWarning: Unverified HTTPS request is being made to host 'randomuser.me'. Adding certificate verification is strongly advised. See: https://urllib3.readthedocs.io/en/latest/advanced-usage.html#tls-warnings
  warnings.warn(</msg>
<msg time="2024-04-08T01:00:49.256777" level="INFO">${response} = &lt;Response [200]&gt;</msg>
<var>${response}</var>
<arg>consultarAPI</arg>
<arg>/api</arg>
<doc>Sends a GET request on a previously created HTTP Session.</doc>
<status status="PASS" start="2024-04-08T01:00:49.169173" elapsed="0.087643"/>
</kw>
<kw name="Set Variable" owner="BuiltIn">
<msg time="2024-04-08T01:00:49.257938" level="INFO">${json_data} = {'results': [{'gender': 'male', 'name': {'title': 'Monsieur', 'first': 'Luka', 'last': 'Lopez'}, 'location': {'street': {'number': 8748, 'name': 'Rue Dubois'}, 'city': 'San Vittore', 'state': 'Appenze...</msg>
<var>${json_data}</var>
<arg>${response.json()}</arg>
<doc>Returns the given values which can then be assigned to a variables.</doc>
<status status="PASS" start="2024-04-08T01:00:49.257358" elapsed="0.000609"/>
</kw>
<kw name="Log" owner="BuiltIn">
<msg time="2024-04-08T01:00:49.258461" level="INFO">{'results': [{'gender': 'male', 'name': {'title': 'Monsieur', 'first': 'Luka', 'last': 'Lopez'}, 'location': {'street': {'number': 8748, 'name': 'Rue Dubois'}, 'city': 'San Vittore', 'state': 'Appenzell Innerrhoden', 'country': 'Switzerland', 'postcode': 5007, 'coordinates': {'latitude': '-61.3859', 'longitude': '-9.9777'}, 'timezone': {'offset': '+9:30', 'description': 'Adelaide, Darwin'}}, 'email': 'luka.lopez@example.com', 'login': {'uuid': '99eddc15-3d5d-494e-85a8-81db7e1d2aa7', 'username': 'purpleleopard565', 'password': 'esquire', 'salt': 'o2tYJt4X', 'md5': 'c051430d0ae805a9b47c56e4288c0040', 'sha1': '507c0cdc271fa7aca7ca419c643be0179f9516af', 'sha256': 'c529e53b5439be6d79ac72dacc3cf30874ebc8b9eaa2c22332eabb2aac4d847c'}, 'dob': {'date': '1950-05-17T18:00:46.491Z', 'age': 73}, 'registered': {'date': '2019-03-21T03:48:01.509Z', 'age': 5}, 'phone': '079 081 66 49', 'cell': '079 552 74 14', 'id': {'name': 'AVS', 'value': '756.6826.1770.80'}, 'picture': {'large': 'https://randomuser.me/api/portraits/men/70.jpg', 'medium': 'https://randomuser.me/api/portraits/med/men/70.jpg', 'thumbnail': 'https://randomuser.me/api/portraits/thumb/men/70.jpg'}, 'nat': 'CH'}], 'info': {'seed': '45240bdce130e27e', 'results': 1, 'page': 1, 'version': '1.4'}}</msg>
<arg>${json_data}</arg>
<doc>Logs the given message with the given level.</doc>
<status status="PASS" start="2024-04-08T01:00:49.258302" elapsed="0.000208"/>
</kw>
<kw name="Should Be String" owner="String">
<arg>${json_data['results'][0]['gender']}</arg>
<doc>Fails if the given ``item`` is not a string.</doc>
<status status="PASS" start="2024-04-08T01:00:49.258858" elapsed="0.000374"/>
</kw>
<kw name="Should Match Regexp" owner="BuiltIn">
<arg>${json_data['results'][0]['email']}</arg>
<arg>^[a-zA-Z0-9._%+-]+@[a-zA-Z0-9.-]+\.[a-zA-Z]{2,}$</arg>
<doc>Fails if ``string`` does not match ``pattern`` as a regular expression.</doc>
<status status="PASS" start="2024-04-08T01:00:49.259432" elapsed="0.000518"/>
</kw>
<kw name="Should Match Regexp" owner="BuiltIn">
<arg>${json_data['results'][0]['dob']['date']}</arg>
<arg>\\d{4}-\\d{2}-\\d{2}T\\d{2}:\\d{2}:\\d{2}\\.\\d{3}Z</arg>
<doc>Fails if ``string`` does not match ``pattern`` as a regular expression.</doc>
<status status="PASS" start="2024-04-08T01:00:49.260149" elapsed="0.000544"/>
</kw>
<kw name="Should Match Regexp" owner="BuiltIn">
<arg>${json_data['results'][0]['registered']['date']}</arg>
<arg>\\d{4}-\\d{2}-\\d{2}T\\d{2}:\\d{2}:\\d{2}\\.\\d{3}Z</arg>
<doc>Fails if ``string`` does not match ``pattern`` as a regular expression.</doc>
<status status="PASS" start="2024-04-08T01:00:49.260899" elapsed="0.000383"/>
</kw>
<kw name="Should Match Regexp" owner="BuiltIn">
<arg>${json_data['results'][0]['picture']['large']}</arg>
<arg>^https?://.*\.(?:png|jpe?g|gif|bmp)$</arg>
<doc>Fails if ``string`` does not match ``pattern`` as a regular expression.</doc>
<status status="PASS" start="2024-04-08T01:00:49.261475" elapsed="0.000464"/>
</kw>
<kw name="Should Match Regexp" owner="BuiltIn">
<arg>${json_data['results'][0]['picture']['medium']}</arg>
<arg>^https?://.*\.(?:png|jpe?g|gif|bmp)$</arg>
<doc>Fails if ``string`` does not match ``pattern`` as a regular expression.</doc>
<status status="PASS" start="2024-04-08T01:00:49.262135" elapsed="0.000367"/>
</kw>
<kw name="Should Match Regexp" owner="BuiltIn">
<arg>${json_data['results'][0]['picture']['thumbnail']}</arg>
<arg>^https?://.*\.(?:png|jpe?g|gif|bmp)$</arg>
<doc>Fails if ``string`` does not match ``pattern`` as a regular expression.</doc>
<status status="PASS" start="2024-04-08T01:00:49.262702" elapsed="0.000356"/>
</kw>
<kw name="Log" owner="BuiltIn">
<msg time="2024-04-08T01:00:49.263577" level="INFO">{'large': 'https://randomuser.me/api/portraits/men/70.jpg', 'medium': 'https://randomuser.me/api/portraits/med/men/70.jpg', 'thumbnail': 'https://randomuser.me/api/portraits/thumb/men/70.jpg'}</msg>
<arg>${json_data['results'][0]['picture']}</arg>
<doc>Logs the given message with the given level.</doc>
<status status="PASS" start="2024-04-08T01:00:49.263244" elapsed="0.000386"/>
</kw>
<status status="PASS" start="2024-04-08T01:00:49.168936" elapsed="0.094956"/>
</kw>
<kw name="Teste de Tipos de Dados - Postcode" owner="random-user-service">
<kw name="GET On Session" owner="RequestsLibrary">
<msg time="2024-04-08T01:00:49.356289" level="INFO">GET Request : url=https://randomuser.me/api 
 path_url=/api 
 headers={'User-Agent': 'python-requests/2.31.0', 'Accept-Encoding': 'gzip, deflate', 'Accept': '*/*', 'Connection': 'keep-alive'} 
 body=None 
 </msg>
<msg time="2024-04-08T01:00:49.356395" level="INFO">GET Response : url=https://randomuser.me/api 
 status=200, reason=OK 
 headers={'Date': 'Mon, 08 Apr 2024 01:00:49 GMT', 'Content-Type': 'application/json; charset=utf-8', 'Transfer-Encoding': 'chunked', 'Connection': 'keep-alive', 'X-Powered-By': 'Express', 'Access-Control-Allow-Origin': '*', 'Cache-Control': 'no-cache', 'ETag': 'W/"46d-+6O3fskkLnBnk3Dr6uAVHUXCdXo"', 'Vary': 'Accept-Encoding', 'Content-Encoding': 'gzip', 'CF-Cache-Status': 'DYNAMIC', 'Report-To': '{"endpoints":[{"url":"https:\\/\\/a.nel.cloudflare.com\\/report\\/v4?s=iIzoUPkBeuCi4u7DJkQNKdNCZVsJFzUTnWOZTZa2sIETntu4%2FpJvn4%2F9SSqBaXUbK7ANBYBzMXb2RlVwLrg2zV1kQRGbmZAl%2BV2jxXm6Ss57DEPcO%2Fd2Lwwk5SYWmnkr"}],"group":"cf-nel","max_age":604800}', 'NEL': '{"success_fraction":0,"report_to":"cf-nel","max_age":604800}', 'Server': 'cloudflare', 'CF-RAY': '870e5297eb44159e-SJC', 'alt-svc': 'h3=":443"; ma=86400'} 
 body={"results":[{"gender":"female","name":{"title":"Miss","first":"Gonca","last":"Günday"},"location":{"street":{"number":4716,"name":"Istiklal Cd"},"city":"Kırıkkale","state":"Aksaray","country":"Turkey","postcode":81426,"coordinates":{"latitude":"67.0155","longitude":"138.6492"},"timezone":{"offset":"+4:30","description":"Kabul"}},"email":"gonca.gunday@example.com","login":{"uuid":"765a77ed-c393-404b-a89b-0c83d20d9c60","username":"sadbear807","password":"mountain","salt":"mLmdrUyF","md5":"8adfd0f6d4bf9eaf1e3b44b9548ce6aa","sha1":"baa1f3d9eea89f3af62b4f3768ac41de006f0348","sha256":"1f1baa88e876611b6c5216d4e7ee6de4549298decb81fb0b4e160efdd123ea8a"},"dob":{"date":"1975-01-31T13:35:36.726Z","age":49},"registered":{"date":"2006-07-01T05:55:13.769Z","age":17},"phone":"(108)-574-0112","cell":"(902)-773-4053","id":{"name":"","value":null},"picture":{"large":"https://randomuser.me/api/portraits/women/79.jpg","medium":"https://randomuser.me/api/portraits/med/women/79.jpg","thumbnail":"https://randomuser.me/api/portraits/thumb/women/79.jpg"},"nat":"TR"}],"info":{"seed":"d19ff5f83a6bc68b","results":1,"page":1,"version":"1.4"}} 
 </msg>
<msg time="2024-04-08T01:00:49.356543" level="INFO">/opt/hostedtoolcache/Python/3.12.2/x64/lib/python3.12/site-packages/urllib3/connectionpool.py:1103: InsecureRequestWarning: Unverified HTTPS request is being made to host 'randomuser.me'. Adding certificate verification is strongly advised. See: https://urllib3.readthedocs.io/en/latest/advanced-usage.html#tls-warnings
  warnings.warn(</msg>
<msg time="2024-04-08T01:00:49.356690" level="INFO">${response} = &lt;Response [200]&gt;</msg>
<var>${response}</var>
<arg>consultarAPI</arg>
<arg>/api</arg>
<doc>Sends a GET request on a previously created HTTP Session.</doc>
<status status="PASS" start="2024-04-08T01:00:49.264361" elapsed="0.092377"/>
</kw>
<kw name="Set Variable" owner="BuiltIn">
<msg time="2024-04-08T01:00:49.357909" level="INFO">${json_data} = {'results': [{'gender': 'female', 'name': {'title': 'Miss', 'first': 'Gonca', 'last': 'Günday'}, 'location': {'street': {'number': 4716, 'name': 'Istiklal Cd'}, 'city': 'Kırıkkale', 'state': 'Aksaray'...</msg>
<var>${json_data}</var>
<arg>${response.json()}</arg>
<doc>Returns the given values which can then be assigned to a variables.</doc>
<status status="PASS" start="2024-04-08T01:00:49.357348" elapsed="0.000592"/>
</kw>
<kw name="Log" owner="BuiltIn">
<msg time="2024-04-08T01:00:49.358458" level="INFO">{'results': [{'gender': 'female', 'name': {'title': 'Miss', 'first': 'Gonca', 'last': 'Günday'}, 'location': {'street': {'number': 4716, 'name': 'Istiklal Cd'}, 'city': 'Kırıkkale', 'state': 'Aksaray', 'country': 'Turkey', 'postcode': 81426, 'coordinates': {'latitude': '67.0155', 'longitude': '138.6492'}, 'timezone': {'offset': '+4:30', 'description': 'Kabul'}}, 'email': 'gonca.gunday@example.com', 'login': {'uuid': '765a77ed-c393-404b-a89b-0c83d20d9c60', 'username': 'sadbear807', 'password': 'mountain', 'salt': 'mLmdrUyF', 'md5': '8adfd0f6d4bf9eaf1e3b44b9548ce6aa', 'sha1': 'baa1f3d9eea89f3af62b4f3768ac41de006f0348', 'sha256': '1f1baa88e876611b6c5216d4e7ee6de4549298decb81fb0b4e160efdd123ea8a'}, 'dob': {'date': '1975-01-31T13:35:36.726Z', 'age': 49}, 'registered': {'date': '2006-07-01T05:55:13.769Z', 'age': 17}, 'phone': '(108)-574-0112', 'cell': '(902)-773-4053', 'id': {'name': '', 'value': None}, 'picture': {'large': 'https://randomuser.me/api/portraits/women/79.jpg', 'medium': 'https://randomuser.me/api/portraits/med/women/79.jpg', 'thumbnail': 'https://randomuser.me/api/portraits/thumb/women/79.jpg'}, 'nat': 'TR'}], 'info': {'seed': 'd19ff5f83a6bc68b', 'results': 1, 'page': 1, 'version': '1.4'}}</msg>
<arg>${json_data}</arg>
<doc>Logs the given message with the given level.</doc>
<status status="PASS" start="2024-04-08T01:00:49.358288" elapsed="0.000222"/>
</kw>
<kw name="Should Be Equal As Numbers" owner="BuiltIn">
<arg>${json_data['results'][0]['location']['postcode']}</arg>
<arg>${json_data['results'][0]['location']['postcode']}</arg>
<doc>Fails if objects are unequal after converting them to real numbers.</doc>
<status status="PASS" start="2024-04-08T01:00:49.358824" elapsed="0.000646"/>
</kw>
<kw name="Log" owner="BuiltIn">
<msg time="2024-04-08T01:00:49.360048" level="INFO">81426</msg>
<arg>${json_data['results'][0]['location']['postcode']}</arg>
<doc>Logs the given message with the given level.</doc>
<status status="PASS" start="2024-04-08T01:00:49.359703" elapsed="0.000386"/>
</kw>
<status status="PASS" start="2024-04-08T01:00:49.264121" elapsed="0.096230"/>
</kw>
<doc>Testa se os tipos de dados na resposta da API estão corretos.</doc>
<tag>testeTiposDados</tag>
<status status="PASS" start="2024-04-08T01:00:49.168307" elapsed="0.192265"/>
</test>
<test id="s1-s1-t5" name="Validar conteudo" line="35">
<kw name="Teste de Tipos de Conteudo" owner="random-user-service">
<kw name="GET On Session" owner="RequestsLibrary">
<msg time="2024-04-08T01:00:49.457749" level="INFO">GET Request : url=https://randomuser.me/api 
 path_url=/api 
 headers={'User-Agent': 'python-requests/2.31.0', 'Accept-Encoding': 'gzip, deflate', 'Accept': '*/*', 'Connection': 'keep-alive'} 
 body=None 
 </msg>
<msg time="2024-04-08T01:00:49.457852" level="INFO">GET Response : url=https://randomuser.me/api 
 status=200, reason=OK 
 headers={'Date': 'Mon, 08 Apr 2024 01:00:49 GMT', 'Content-Type': 'application/json; charset=utf-8', 'Transfer-Encoding': 'chunked', 'Connection': 'keep-alive', 'X-Powered-By': 'Express', 'Access-Control-Allow-Origin': '*', 'Cache-Control': 'no-cache', 'ETag': 'W/"496-Xq97QwG2RZyMq/6V5et7+czQ9Uk"', 'Vary': 'Accept-Encoding', 'Content-Encoding': 'gzip', 'CF-Cache-Status': 'DYNAMIC', 'Report-To': '{"endpoints":[{"url":"https:\\/\\/a.nel.cloudflare.com\\/report\\/v4?s=gTZTMp6ZA1SFnDoerU1mgXoShyfVRu%2B4cIJ2LuqY9ktLgKwMrCrwkPOL50nRccFE7VtgaSA%2BlHmJcxPh1cahKa%2BjA%2BiZrZlGMEIHohdQWmn9Am8%2FYQq9Ep5M4Dh69Je7"}],"group":"cf-nel","max_age":604800}', 'NEL': '{"success_fraction":0,"report_to":"cf-nel","max_age":604800}', 'Server': 'cloudflare', 'CF-RAY': '870e52988be1159e-SJC', 'alt-svc': 'h3=":443"; ma=86400'} 
 body={"results":[{"gender":"male","name":{"title":"Mr","first":"Eetu","last":"Hamalainen"},"location":{"street":{"number":5411,"name":"Visiokatu"},"city":"Ristijärvi","state":"Pirkanmaa","country":"Finland","postcode":73038,"coordinates":{"latitude":"-27.9664","longitude":"-136.2061"},"timezone":{"offset":"+9:00","description":"Tokyo, Seoul, Osaka, Sapporo, Yakutsk"}},"email":"eetu.hamalainen@example.com","login":{"uuid":"31e8fb9b-138f-4e97-babd-aef61eb49217","username":"sadsnake708","password":"nudes","salt":"enH96MDB","md5":"68d7f3713ba072bc047eaf02c3018da5","sha1":"674007850044bd8e8ddf45ca1fe2de2b43c5ce52","sha256":"832fe455d8943f05cca7ab61263459fcd446b221ff5e187e04f252cd655f2fd6"},"dob":{"date":"1995-02-18T01:26:50.530Z","age":29},"registered":{"date":"2021-03-17T12:48:49.594Z","age":3},"phone":"02-972-511","cell":"044-379-60-61","id":{"name":"HETU","value":"NaNNA977undefined"},"picture":{"large":"https://randomuser.me/api/portraits/men/40.jpg","medium":"https://randomuser.me/api/portraits/med/men/40.jpg","thumbnail":"https://randomuser.me/api/portraits/thumb/men/40.jpg"},"nat":"FI"}],"info":{"seed":"c6362f46c36775be","results":1,"page":1,"version":"1.4"}} 
 </msg>
<msg time="2024-04-08T01:00:49.457931" level="INFO">/opt/hostedtoolcache/Python/3.12.2/x64/lib/python3.12/site-packages/urllib3/connectionpool.py:1103: InsecureRequestWarning: Unverified HTTPS request is being made to host 'randomuser.me'. Adding certificate verification is strongly advised. See: https://urllib3.readthedocs.io/en/latest/advanced-usage.html#tls-warnings
  warnings.warn(</msg>
<msg time="2024-04-08T01:00:49.458049" level="INFO">${response} = &lt;Response [200]&gt;</msg>
<var>${response}</var>
<arg>consultarAPI</arg>
<arg>/api</arg>
<doc>Sends a GET request on a previously created HTTP Session.</doc>
<status status="PASS" start="2024-04-08T01:00:49.363203" elapsed="0.094886"/>
</kw>
<kw name="Set Variable" owner="BuiltIn">
<msg time="2024-04-08T01:00:49.459268" level="INFO">${json_data} = {'results': [{'gender': 'male', 'name': {'title': 'Mr', 'first': 'Eetu', 'last': 'Hamalainen'}, 'location': {'street': {'number': 5411, 'name': 'Visiokatu'}, 'city': 'Ristijärvi', 'state': 'Pirkanmaa'...</msg>
<var>${json_data}</var>
<arg>${response.json()}</arg>
<doc>Returns the given values which can then be assigned to a variables.</doc>
<status status="PASS" start="2024-04-08T01:00:49.458690" elapsed="0.000608"/>
</kw>
<kw name="Set Variable" owner="BuiltIn">
<msg time="2024-04-08T01:00:49.459999" level="INFO">${name_title} = Mr</msg>
<var>${name_title}</var>
<arg>${json_data["results"][0]["name"]["title"]}</arg>
<doc>Returns the given values which can then be assigned to a variables.</doc>
<status status="PASS" start="2024-04-08T01:00:49.459613" elapsed="0.000411"/>
</kw>
<kw name="Create List" owner="BuiltIn">
<msg time="2024-04-08T01:00:49.460538" level="INFO">${allowed_titles} = ['Mr', 'Ms', 'Miss', 'Mrs', 'Madame', 'Monsieur']</msg>
<var>${allowed_titles}</var>
<arg>Mr</arg>
<arg>Ms</arg>
<arg>Miss</arg>
<arg>Mrs</arg>
<arg>Madame</arg>
<arg>Monsieur</arg>
<doc>Returns a list containing given items.</doc>
<status status="PASS" start="2024-04-08T01:00:49.460323" elapsed="0.000241"/>
</kw>
<kw name="List Should Contain Value" owner="Collections">
<msg time="2024-04-08T01:00:49.461049" level="INFO">False</msg>
<arg>${allowed_titles}</arg>
<arg>${name_title}</arg>
<doc>Fails if the ``value`` is not found from ``list``.</doc>
<status status="PASS" start="2024-04-08T01:00:49.460869" elapsed="0.000217"/>
</kw>
<kw name="Set Variable" owner="BuiltIn">
<msg time="2024-04-08T01:00:49.461752" level="INFO">${name_country} = FI</msg>
<var>${name_country}</var>
<arg>${json_data["results"][0]["nat"]}</arg>
<doc>Returns the given values which can then be assigned to a variables.</doc>
<status status="PASS" start="2024-04-08T01:00:49.461377" elapsed="0.000400"/>
</kw>
<kw name="Create List" owner="BuiltIn">
<msg time="2024-04-08T01:00:49.462694" level="INFO">${list_country} = ['AD', 'AE', 'AF', 'AG', 'AI', 'AL', 'AM', 'AO', 'AQ', 'AR', 'AS', 'AT', 'AU', 'AW', 'AX', 'AZ', 'BA', 'BB', 'BD', 'BE', 'BF', 'BG', 'BH', 'BI', 'BJ', 'BL', 'BM', 'BN', 'BO', 'BQ', 'BR', 'BS', 'BT', '...</msg>
<var>${list_country}</var>
<arg>AD</arg>
<arg>AE</arg>
<arg>AF</arg>
<arg>AG</arg>
<arg>AI</arg>
<arg>AL</arg>
<arg>AM</arg>
<arg>AO</arg>
<arg>AQ</arg>
<arg>AR</arg>
<arg>AS</arg>
<arg>AT</arg>
<arg>AU</arg>
<arg>AW</arg>
<arg>AX</arg>
<arg>AZ</arg>
<arg>BA</arg>
<arg>BB</arg>
<arg>BD</arg>
<arg>BE</arg>
<arg>BF</arg>
<arg>BG</arg>
<arg>BH</arg>
<arg>BI</arg>
<arg>BJ</arg>
<arg>BL</arg>
<arg>BM</arg>
<arg>BN</arg>
<arg>BO</arg>
<arg>BQ</arg>
<arg>BR</arg>
<arg>BS</arg>
<arg>BT</arg>
<arg>BV</arg>
<arg>BW</arg>
<arg>BY</arg>
<arg>BZ</arg>
<arg>CA</arg>
<arg>CC</arg>
<arg>CD</arg>
<arg>CF</arg>
<arg>CG</arg>
<arg>CH</arg>
<arg>CI</arg>
<arg>CK</arg>
<arg>CL</arg>
<arg>CM</arg>
<arg>CN</arg>
<arg>CO</arg>
<arg>CR</arg>
<arg>CU</arg>
<arg>CV</arg>
<arg>CW</arg>
<arg>CX</arg>
<arg>CY</arg>
<arg>CZ</arg>
<arg>DE</arg>
<arg>DJ</arg>
<arg>DK</arg>
<arg>DM</arg>
<arg>DO</arg>
<arg>DZ</arg>
<arg>EC</arg>
<arg>EE</arg>
<arg>EG</arg>
<arg>EH</arg>
<arg>ER</arg>
<arg>ES</arg>
<arg>ET</arg>
<arg>FI</arg>
<arg>FJ</arg>
<arg>FK</arg>
<arg>FM</arg>
<arg>FO</arg>
<arg>FR</arg>
<arg>GA</arg>
<arg>GB</arg>
<arg>GD</arg>
<arg>GE</arg>
<arg>GF</arg>
<arg>GG</arg>
<arg>GH</arg>
<arg>GI</arg>
<arg>GL</arg>
<arg>GM</arg>
<arg>GN</arg>
<arg>GP</arg>
<arg>GQ</arg>
<arg>GR</arg>
<arg>GS</arg>
<arg>GT</arg>
<arg>GU</arg>
<arg>GW</arg>
<arg>GY</arg>
<arg>HK</arg>
<arg>HM</arg>
<arg>HN</arg>
<arg>HR</arg>
<arg>HT</arg>
<arg>HU</arg>
<arg>ID</arg>
<arg>IE</arg>
<arg>IL</arg>
<arg>IM</arg>
<arg>IN</arg>
<arg>IO</arg>
<arg>IQ</arg>
<arg>IR</arg>
<arg>IS</arg>
<arg>IT</arg>
<arg>JE</arg>
<arg>JM</arg>
<arg>JO</arg>
<arg>JP</arg>
<arg>KE</arg>
<arg>KG</arg>
<arg>KH</arg>
<arg>KI</arg>
<arg>KM</arg>
<arg>KN</arg>
<arg>KP</arg>
<arg>KR</arg>
<arg>KW</arg>
<arg>KY</arg>
<arg>KZ</arg>
<arg>LA</arg>
<arg>LB</arg>
<arg>LC</arg>
<arg>LI</arg>
<arg>LK</arg>
<arg>LR</arg>
<arg>LS</arg>
<arg>LT</arg>
<arg>LU</arg>
<arg>LV</arg>
<arg>LY</arg>
<arg>MA</arg>
<arg>MC</arg>
<arg>MD</arg>
<arg>ME</arg>
<arg>MF</arg>
<arg>MG</arg>
<arg>MH</arg>
<arg>MK</arg>
<arg>ML</arg>
<arg>MM</arg>
<arg>MN</arg>
<arg>MO</arg>
<arg>MP</arg>
<arg>MQ</arg>
<arg>MR</arg>
<arg>MS</arg>
<arg>MT</arg>
<arg>MU</arg>
<arg>MV</arg>
<arg>MW</arg>
<arg>MX</arg>
<arg>MY</arg>
<arg>MZ</arg>
<arg>NA</arg>
<arg>NC</arg>
<arg>NE</arg>
<arg>NF</arg>
<arg>NG</arg>
<arg>NI</arg>
<arg>NL</arg>
<arg>NO</arg>
<arg>NP</arg>
<arg>NR</arg>
<arg>NU</arg>
<arg>NZ</arg>
<arg>OM</arg>
<arg>PA</arg>
<arg>PE</arg>
<arg>PF</arg>
<arg>PG</arg>
<arg>PH</arg>
<arg>PK</arg>
<arg>PL</arg>
<arg>PM</arg>
<arg>PN</arg>
<arg>PR</arg>
<arg>PS</arg>
<arg>PT</arg>
<arg>PW</arg>
<arg>PY</arg>
<arg>QA</arg>
<arg>RE</arg>
<arg>RO</arg>
<arg>RS</arg>
<arg>RU</arg>
<arg>RW</arg>
<arg>SA</arg>
<arg>SB</arg>
<arg>SC</arg>
<arg>SD</arg>
<arg>SE</arg>
<arg>SG</arg>
<arg>SH</arg>
<arg>SI</arg>
<arg>SJ</arg>
<arg>SK</arg>
<arg>SL</arg>
<arg>SM</arg>
<arg>SN</arg>
<arg>SO</arg>
<arg>SR</arg>
<arg>SS</arg>
<arg>ST</arg>
<arg>SV</arg>
<arg>SX</arg>
<arg>SY</arg>
<arg>SZ</arg>
<arg>TC</arg>
<arg>TD</arg>
<arg>TF</arg>
<arg>TG</arg>
<arg>TH</arg>
<arg>TJ</arg>
<arg>TK</arg>
<arg>TL</arg>
<arg>TM</arg>
<arg>TN</arg>
<arg>TO</arg>
<arg>TR</arg>
<arg>TT</arg>
<arg>TV</arg>
<arg>TW</arg>
<arg>TZ</arg>
<arg>UA</arg>
<arg>UG</arg>
<arg>UM</arg>
<arg>US</arg>
<arg>UY</arg>
<arg>UZ</arg>
<arg>VA</arg>
<arg>VC</arg>
<arg>VE</arg>
<arg>VG</arg>
<arg>VI</arg>
<arg>VN</arg>
<arg>VU</arg>
<arg>WF</arg>
<arg>WS</arg>
<arg>XK</arg>
<arg>YE</arg>
<arg>YT</arg>
<arg>ZA</arg>
<arg>ZM</arg>
<arg>ZW</arg>
<doc>Returns a list containing given items.</doc>
<status status="PASS" start="2024-04-08T01:00:49.462087" elapsed="0.000632"/>
</kw>
<kw name="List Should Contain Value" owner="Collections">
<msg time="2024-04-08T01:00:49.463713" level="INFO">False</msg>
<arg>${list_country}</arg>
<arg>${name_country}</arg>
<doc>Fails if the ``value`` is not found from ``list``.</doc>
<status status="PASS" start="2024-04-08T01:00:49.463506" elapsed="0.000245"/>
</kw>
<kw name="Run Keyword If" owner="BuiltIn">
<kw name="Should Be True" owner="BuiltIn">
<arg>${True}</arg>
<doc>Fails if the given condition is not true.</doc>
<status status="PASS" start="2024-04-08T01:00:49.464974" elapsed="0.000149"/>
</kw>
<arg>${json_data["results"][0]["location"]["coordinates"]["latitude"]} &gt;= -90 and ${json_data["results"][0]["location"]["coordinates"]["latitude"]} &lt;= 90</arg>
<arg>Should Be True</arg>
<arg>${True}</arg>
<doc>Runs the given keyword with the given arguments, if ``condition`` is true.</doc>
<status status="PASS" start="2024-04-08T01:00:49.464063" elapsed="0.001190"/>
</kw>
<kw name="Run Keyword If" owner="BuiltIn">
<kw name="Should Be True" owner="BuiltIn">
<arg>${True}</arg>
<doc>Fails if the given condition is not true.</doc>
<status status="PASS" start="2024-04-08T01:00:49.466150" elapsed="0.000139"/>
</kw>
<arg>${json_data["results"][0]["location"]["coordinates"]["longitude"]} &gt;= -180 and ${json_data["results"][0]["location"]["coordinates"]["longitude"]} &lt;= 180</arg>
<arg>Should Be True</arg>
<arg>${True}</arg>
<doc>Runs the given keyword with the given arguments, if ``condition`` is true.</doc>
<status status="PASS" start="2024-04-08T01:00:49.465448" elapsed="0.000966"/>
</kw>
<status status="PASS" start="2024-04-08T01:00:49.362968" elapsed="0.103577"/>
</kw>
<doc>Testa o conteúdo específico dos campos retornados pela API.</doc>
<tag>testeConteudo</tag>
<status status="PASS" start="2024-04-08T01:00:49.362424" elapsed="0.104276"/>
</test>
<status status="PASS" start="2024-04-08T01:00:48.415068" elapsed="1.053682"/>
</suite>
<status status="PASS" start="2024-04-08T01:00:48.401242" elapsed="1.072914"/>
</suite>
<statistics>
<total>
<stat pass="5" fail="0" skip="0">All Tests</stat>
</total>
<tag>
<stat pass="1" fail="0" skip="0">testeConteudo</stat>
<stat pass="1" fail="0" skip="0">testeEstruturaResposta</stat>
<stat pass="1" fail="0" skip="0">testeRequisicaoBasica</stat>
<stat pass="1" fail="0" skip="0">testeTiposDados</stat>
</tag>
<suite>
<stat pass="5" fail="0" skip="0" id="s1" name="Tests">Tests</stat>
<stat pass="5" fail="0" skip="0" id="s1-s1" name="Random-User-Test">Tests.Random-User-Test</stat>
</suite>
</statistics>
<errors>
</errors>
</robot>
