<?xml version="1.0" encoding="UTF-8"?>
<robot generator="Robot 7.0 (Python 3.12.3 on linux)" generated="2024-05-31T03:16:39.133961" rpa="false" schemaversion="5">
<suite id="s1" name="Tests" source="/home/runner/work/ApiRandomUser/ApiRandomUser/RamdonUser/tests">
<suite id="s1-s1" name="Random-User-Test" source="/home/runner/work/ApiRandomUser/ApiRandomUser/RamdonUser/tests/random-user-test.robot">
<test id="s1-s1-t1" name="Conectar" line="13">
<kw name="Conectar API" owner="random-user-service">
<kw name="Create Session" owner="RequestsLibrary">
<msg time="2024-05-31T03:16:39.553661" level="INFO">Creating Session using : alias=consultarAPI, url=https://randomuser.me/, headers={},                     cookies={}, auth=None, timeout=None, proxies=None, verify=False,                     debug=0 </msg>
<arg>consultarAPI</arg>
<arg>${URL}</arg>
<doc>Create Session: create a HTTP session to a server</doc>
<status status="PASS" start="2024-05-31T03:16:39.553453" elapsed="0.000393"/>
</kw>
<status status="PASS" start="2024-05-31T03:16:39.552376" elapsed="0.001842"/>
</kw>
<status status="PASS" start="2024-05-31T03:16:39.551676" elapsed="0.002746"/>
</test>
<test id="s1-s1-t2" name="Validar retorno 200 e JSON Válido" line="16">
<kw name="Teste de Requisicao Basica" owner="random-user-service">
<kw name="GET On Session" owner="RequestsLibrary">
<msg time="2024-05-31T03:16:39.788388" level="INFO">GET Request : url=https://randomuser.me/api 
 path_url=/api 
 headers={'User-Agent': 'python-requests/2.32.3', 'Accept-Encoding': 'gzip, deflate', 'Accept': '*/*', 'Connection': 'keep-alive'} 
 body=None 
 </msg>
<msg time="2024-05-31T03:16:39.788565" level="INFO">GET Response : url=https://randomuser.me/api 
 status=200, reason=OK 
 headers={'Date': 'Fri, 31 May 2024 03:16:39 GMT', 'Content-Type': 'application/json; charset=utf-8', 'Transfer-Encoding': 'chunked', 'Connection': 'keep-alive', 'X-Powered-By': 'Express', 'Access-Control-Allow-Origin': '*', 'Cache-Control': 'no-cache', 'ETag': 'W/"49d-Bevq9vaV+Z5Yl9vtKe31SSI7axw"', 'Vary': 'Accept-Encoding', 'Content-Encoding': 'gzip', 'CF-Cache-Status': 'DYNAMIC', 'Report-To': '{"endpoints":[{"url":"https:\\/\\/a.nel.cloudflare.com\\/report\\/v4?s=ru57WMKL1c9xpVDiOo%2B5bywdWu3uzkshk93mi611lh7d6yCN5KlxtaoCZc%2FGUHTbJTXYizv8qu90OjJ1zBrRbpl%2BXw2acaT7JOI2Zkrojut2EZdTFheuOe1ne8gp98H2"}],"group":"cf-nel","max_age":604800}', 'NEL': '{"success_fraction":0,"report_to":"cf-nel","max_age":604800}', 'Server': 'cloudflare', 'CF-RAY': '88c3ce746abc9c7c-IAD', 'alt-svc': 'h3=":443"; ma=86400'} 
 body={"results":[{"gender":"female","name":{"title":"Mrs","first":"Samantha","last":"Porter"},"location":{"street":{"number":3054,"name":"Railroad St"},"city":"Bendigo","state":"Northern Territory","country":"Australia","postcode":9053,"coordinates":{"latitude":"-85.6561","longitude":"42.6035"},"timezone":{"offset":"+10:00","description":"Eastern Australia, Guam, Vladivostok"}},"email":"samantha.porter@example.com","login":{"uuid":"db7f4a24-101a-4728-8d69-40d9032ee86b","username":"organicfrog152","password":"girl","salt":"afPElHaZ","md5":"d09ce6d9772ed53f4bd204b15ed212a4","sha1":"ab8662c4c0244eec900dcacf72162b635dde0a2b","sha256":"2897c1c7fa47475fd6e7af5c703bc510a8da09f6ff3f00f5c6864855950bcd23"},"dob":{"date":"1991-03-26T20:31:56.547Z","age":33},"registered":{"date":"2013-10-08T15:54:42.337Z","age":10},"phone":"02-1995-3730","cell":"0489-836-889","id":{"name":"TFN","value":"009454441"},"picture":{"large":"https://randomuser.me/api/portraits/women/1.jpg","medium":"https://randomuser.me/api/portraits/med/women/1.jpg","thumbnail":"https://randomuser.me/api/portraits/thumb/women/1.jpg"},"nat":"AU"}],"info":{"seed":"d0b9467a9c96198a","results":1,"page":1,"version":"1.4"}} 
 </msg>
<msg time="2024-05-31T03:16:39.788666" level="INFO">/opt/hostedtoolcache/Python/3.12.3/x64/lib/python3.12/site-packages/urllib3/connectionpool.py:1103: InsecureRequestWarning: Unverified HTTPS request is being made to host 'randomuser.me'. Adding certificate verification is strongly advised. See: https://urllib3.readthedocs.io/en/latest/advanced-usage.html#tls-warnings
  warnings.warn(</msg>
<msg time="2024-05-31T03:16:39.788811" level="INFO">${response} = &lt;Response [200]&gt;</msg>
<var>${response}</var>
<arg>consultarAPI</arg>
<arg>/api</arg>
<doc>Sends a GET request on a previously created HTTP Session.</doc>
<status status="PASS" start="2024-05-31T03:16:39.557050" elapsed="0.231803"/>
</kw>
<kw name="Should Be Equal As Numbers" owner="BuiltIn">
<msg time="2024-05-31T03:16:39.789845" level="INFO">Argument types are:
&lt;class 'int'&gt;
&lt;class 'str'&gt;</msg>
<arg>${response.status_code}</arg>
<arg>200</arg>
<doc>Fails if objects are unequal after converting them to real numbers.</doc>
<status status="PASS" start="2024-05-31T03:16:39.789370" elapsed="0.000545"/>
</kw>
<kw name="Log" owner="BuiltIn">
<msg time="2024-05-31T03:16:39.790645" level="INFO">200</msg>
<arg>${response.status_code}</arg>
<doc>Logs the given message with the given level.</doc>
<status status="PASS" start="2024-05-31T03:16:39.790286" elapsed="0.000436"/>
</kw>
<kw name="Set Variable" owner="BuiltIn">
<msg time="2024-05-31T03:16:39.791493" level="INFO">${json_data} = {'results': [{'gender': 'female', 'name': {'title': 'Mrs', 'first': 'Samantha', 'last': 'Porter'}, 'location': {'street': {'number': 3054, 'name': 'Railroad St'}, 'city': 'Bendigo', 'state': 'Northern...</msg>
<var>${json_data}</var>
<arg>${response.json()}</arg>
<doc>Returns the given values which can then be assigned to a variables.</doc>
<status status="PASS" start="2024-05-31T03:16:39.791051" elapsed="0.000472"/>
</kw>
<kw name="Dictionary Should Contain Key" owner="Collections">
<msg time="2024-05-31T03:16:39.792000" level="INFO">False</msg>
<arg>${json_data}</arg>
<arg>results</arg>
<doc>Fails if ``key`` is not found from ``dictionary``.</doc>
<status status="PASS" start="2024-05-31T03:16:39.791829" elapsed="0.000379"/>
</kw>
<status status="PASS" start="2024-05-31T03:16:39.556803" elapsed="0.235676"/>
</kw>
<doc>Testa se a API responde corretamente e retorna um objeto JSON válido.</doc>
<tag>testeRequisicaoBasica</tag>
<status status="PASS" start="2024-05-31T03:16:39.556348" elapsed="0.236319"/>
</test>
<test id="s1-s1-t3" name="Validar estrutura de resposta" line="22">
<kw name="Teste de Estrutura de Resposta" owner="random-user-service">
<kw name="GET On Session" owner="RequestsLibrary">
<msg time="2024-05-31T03:16:39.900243" level="INFO">GET Request : url=https://randomuser.me/api 
 path_url=/api 
 headers={'User-Agent': 'python-requests/2.32.3', 'Accept-Encoding': 'gzip, deflate', 'Accept': '*/*', 'Connection': 'keep-alive'} 
 body=None 
 </msg>
<msg time="2024-05-31T03:16:39.900315" level="INFO">GET Response : url=https://randomuser.me/api 
 status=200, reason=OK 
 headers={'Date': 'Fri, 31 May 2024 03:16:39 GMT', 'Content-Type': 'application/json; charset=utf-8', 'Transfer-Encoding': 'chunked', 'Connection': 'keep-alive', 'X-Powered-By': 'Express', 'Access-Control-Allow-Origin': '*', 'Cache-Control': 'no-cache', 'ETag': 'W/"48f-M6Sei8WifKtQY6d0KXNh4v1+Y8Q"', 'Vary': 'Accept-Encoding', 'Content-Encoding': 'gzip', 'CF-Cache-Status': 'DYNAMIC', 'Report-To': '{"endpoints":[{"url":"https:\\/\\/a.nel.cloudflare.com\\/report\\/v4?s=esvQUdn31l7TwOc413JNYDT0441QDlyehMSwAFCnHV7IqiHvzEZGo5T4Zdm3XlCHtszuSuipYbdGtCOFOZ4OlMmusVHEzXGoGTa0W%2Bq%2BDVs8A%2B%2F9d5NPY466ywOin065"}],"group":"cf-nel","max_age":604800}', 'NEL': '{"success_fraction":0,"report_to":"cf-nel","max_age":604800}', 'Server': 'cloudflare', 'CF-RAY': '88c3ce74bb259c7c-IAD', 'alt-svc': 'h3=":443"; ma=86400'} 
 body={"results":[{"gender":"female","name":{"title":"Mrs","first":"Kira","last":"Wilde"},"location":{"street":{"number":8147,"name":"Lindenweg"},"city":"Alsfeld","state":"Berlin","country":"Germany","postcode":24045,"coordinates":{"latitude":"-50.1884","longitude":"159.3533"},"timezone":{"offset":"-3:00","description":"Brazil, Buenos Aires, Georgetown"}},"email":"kira.wilde@example.com","login":{"uuid":"8f95d902-2785-4303-811d-cbd2d20f29ce","username":"ticklishrabbit758","password":"arturo","salt":"BHwoanFh","md5":"54d06e58885c3543ebab26da04e7fa6a","sha1":"1cf5b2b4254572043950d2dce06f477f162c20b0","sha256":"26fd956b72159daa3d2ef27f4cbcb71fe62af5fd5fc9660aa6bcb93446fc4dd7"},"dob":{"date":"1994-03-20T14:15:51.378Z","age":30},"registered":{"date":"2005-08-04T16:40:06.326Z","age":18},"phone":"0109-1688555","cell":"0170-7563439","id":{"name":"SVNR","value":"82 200394 W 526"},"picture":{"large":"https://randomuser.me/api/portraits/women/82.jpg","medium":"https://randomuser.me/api/portraits/med/women/82.jpg","thumbnail":"https://randomuser.me/api/portraits/thumb/women/82.jpg"},"nat":"DE"}],"info":{"seed":"82f5cf1f614cf922","results":1,"page":1,"version":"1.4"}} 
 </msg>
<msg time="2024-05-31T03:16:39.900418" level="INFO">/opt/hostedtoolcache/Python/3.12.3/x64/lib/python3.12/site-packages/urllib3/connectionpool.py:1103: InsecureRequestWarning: Unverified HTTPS request is being made to host 'randomuser.me'. Adding certificate verification is strongly advised. See: https://urllib3.readthedocs.io/en/latest/advanced-usage.html#tls-warnings
  warnings.warn(</msg>
<msg time="2024-05-31T03:16:39.900514" level="INFO">${response} = &lt;Response [200]&gt;</msg>
<var>${response}</var>
<arg>consultarAPI</arg>
<arg>/api</arg>
<doc>Sends a GET request on a previously created HTTP Session.</doc>
<status status="PASS" start="2024-05-31T03:16:39.795307" elapsed="0.105232"/>
</kw>
<kw name="Set Variable" owner="BuiltIn">
<msg time="2024-05-31T03:16:39.901404" level="INFO">${json_data} = {'results': [{'gender': 'female', 'name': {'title': 'Mrs', 'first': 'Kira', 'last': 'Wilde'}, 'location': {'street': {'number': 8147, 'name': 'Lindenweg'}, 'city': 'Alsfeld', 'state': 'Berlin', 'count...</msg>
<var>${json_data}</var>
<arg>${response.json()}</arg>
<doc>Returns the given values which can then be assigned to a variables.</doc>
<status status="PASS" start="2024-05-31T03:16:39.900944" elapsed="0.000494"/>
</kw>
<kw name="Log" owner="BuiltIn">
<msg time="2024-05-31T03:16:39.901897" level="INFO">{'results': [{'gender': 'female', 'name': {'title': 'Mrs', 'first': 'Kira', 'last': 'Wilde'}, 'location': {'street': {'number': 8147, 'name': 'Lindenweg'}, 'city': 'Alsfeld', 'state': 'Berlin', 'country': 'Germany', 'postcode': 24045, 'coordinates': {'latitude': '-50.1884', 'longitude': '159.3533'}, 'timezone': {'offset': '-3:00', 'description': 'Brazil, Buenos Aires, Georgetown'}}, 'email': 'kira.wilde@example.com', 'login': {'uuid': '8f95d902-2785-4303-811d-cbd2d20f29ce', 'username': 'ticklishrabbit758', 'password': 'arturo', 'salt': 'BHwoanFh', 'md5': '54d06e58885c3543ebab26da04e7fa6a', 'sha1': '1cf5b2b4254572043950d2dce06f477f162c20b0', 'sha256': '26fd956b72159daa3d2ef27f4cbcb71fe62af5fd5fc9660aa6bcb93446fc4dd7'}, 'dob': {'date': '1994-03-20T14:15:51.378Z', 'age': 30}, 'registered': {'date': '2005-08-04T16:40:06.326Z', 'age': 18}, 'phone': '0109-1688555', 'cell': '0170-7563439', 'id': {'name': 'SVNR', 'value': '82 200394 W 526'}, 'picture': {'large': 'https://randomuser.me/api/portraits/women/82.jpg', 'medium': 'https://randomuser.me/api/portraits/med/women/82.jpg', 'thumbnail': 'https://randomuser.me/api/portraits/thumb/women/82.jpg'}, 'nat': 'DE'}], 'info': {'seed': '82f5cf1f614cf922', 'results': 1, 'page': 1, 'version': '1.4'}}</msg>
<arg>${json_data}</arg>
<doc>Logs the given message with the given level.</doc>
<status status="PASS" start="2024-05-31T03:16:39.901742" elapsed="0.000201"/>
</kw>
<kw name="Dictionary Should Contain Key" owner="Collections">
<msg time="2024-05-31T03:16:39.902404" level="INFO">False</msg>
<arg>${json_data}</arg>
<arg>results</arg>
<doc>Fails if ``key`` is not found from ``dictionary``.</doc>
<status status="PASS" start="2024-05-31T03:16:39.902243" elapsed="0.000198"/>
</kw>
<kw name="Should Not Be Empty" owner="BuiltIn">
<msg time="2024-05-31T03:16:39.902905" level="INFO">Length is 2.</msg>
<arg>${json_data}</arg>
<doc>Verifies that the given item is not empty.</doc>
<status status="PASS" start="2024-05-31T03:16:39.902764" elapsed="0.000179"/>
</kw>
<kw name="Create List" owner="BuiltIn">
<msg time="2024-05-31T03:16:39.903378" level="INFO">${expected_keys} = ['gender', 'name', 'location', 'email', 'login']</msg>
<var>${expected_keys}</var>
<arg>gender</arg>
<arg>name</arg>
<arg>location</arg>
<arg>email</arg>
<arg>login</arg>
<doc>Returns a list containing given items.</doc>
<status status="PASS" start="2024-05-31T03:16:39.903233" elapsed="0.000168"/>
</kw>
<for flavor="IN">
<iter>
<kw name="Dictionary Should Contain Key" owner="Collections">
<msg time="2024-05-31T03:16:39.904376" level="INFO">False</msg>
<arg>${json_data['results'][0]}</arg>
<arg>${key}</arg>
<doc>Fails if ``key`` is not found from ``dictionary``.</doc>
<status status="PASS" start="2024-05-31T03:16:39.903983" elapsed="0.000440"/>
</kw>
<kw name="Log" owner="BuiltIn">
<msg time="2024-05-31T03:16:39.905089" level="INFO">{'gender': 'female', 'name': {'title': 'Mrs', 'first': 'Kira', 'last': 'Wilde'}, 'location': {'street': {'number': 8147, 'name': 'Lindenweg'}, 'city': 'Alsfeld', 'state': 'Berlin', 'country': 'Germany', 'postcode': 24045, 'coordinates': {'latitude': '-50.1884', 'longitude': '159.3533'}, 'timezone': {'offset': '-3:00', 'description': 'Brazil, Buenos Aires, Georgetown'}}, 'email': 'kira.wilde@example.com', 'login': {'uuid': '8f95d902-2785-4303-811d-cbd2d20f29ce', 'username': 'ticklishrabbit758', 'password': 'arturo', 'salt': 'BHwoanFh', 'md5': '54d06e58885c3543ebab26da04e7fa6a', 'sha1': '1cf5b2b4254572043950d2dce06f477f162c20b0', 'sha256': '26fd956b72159daa3d2ef27f4cbcb71fe62af5fd5fc9660aa6bcb93446fc4dd7'}, 'dob': {'date': '1994-03-20T14:15:51.378Z', 'age': 30}, 'registered': {'date': '2005-08-04T16:40:06.326Z', 'age': 18}, 'phone': '0109-1688555', 'cell': '0170-7563439', 'id': {'name': 'SVNR', 'value': '82 200394 W 526'}, 'picture': {'large': 'https://randomuser.me/api/portraits/women/82.jpg', 'medium': 'https://randomuser.me/api/portraits/med/women/82.jpg', 'thumbnail': 'https://randomuser.me/api/portraits/thumb/women/82.jpg'}, 'nat': 'DE'}</msg>
<arg>${json_data['results'][0]}</arg>
<doc>Logs the given message with the given level.</doc>
<status status="PASS" start="2024-05-31T03:16:39.904731" elapsed="0.000416"/>
</kw>
<kw name="Log" owner="BuiltIn">
<msg time="2024-05-31T03:16:39.905573" level="INFO">gender</msg>
<arg>${key}</arg>
<doc>Logs the given message with the given level.</doc>
<status status="PASS" start="2024-05-31T03:16:39.905446" elapsed="0.000164"/>
</kw>
<var name="${key}">gender</var>
<status status="PASS" start="2024-05-31T03:16:39.903843" elapsed="0.001979"/>
</iter>
<iter>
<kw name="Dictionary Should Contain Key" owner="Collections">
<msg time="2024-05-31T03:16:39.906508" level="INFO">False</msg>
<arg>${json_data['results'][0]}</arg>
<arg>${key}</arg>
<doc>Fails if ``key`` is not found from ``dictionary``.</doc>
<status status="PASS" start="2024-05-31T03:16:39.906120" elapsed="0.000424"/>
</kw>
<kw name="Log" owner="BuiltIn">
<msg time="2024-05-31T03:16:39.907283" level="INFO">{'gender': 'female', 'name': {'title': 'Mrs', 'first': 'Kira', 'last': 'Wilde'}, 'location': {'street': {'number': 8147, 'name': 'Lindenweg'}, 'city': 'Alsfeld', 'state': 'Berlin', 'country': 'Germany', 'postcode': 24045, 'coordinates': {'latitude': '-50.1884', 'longitude': '159.3533'}, 'timezone': {'offset': '-3:00', 'description': 'Brazil, Buenos Aires, Georgetown'}}, 'email': 'kira.wilde@example.com', 'login': {'uuid': '8f95d902-2785-4303-811d-cbd2d20f29ce', 'username': 'ticklishrabbit758', 'password': 'arturo', 'salt': 'BHwoanFh', 'md5': '54d06e58885c3543ebab26da04e7fa6a', 'sha1': '1cf5b2b4254572043950d2dce06f477f162c20b0', 'sha256': '26fd956b72159daa3d2ef27f4cbcb71fe62af5fd5fc9660aa6bcb93446fc4dd7'}, 'dob': {'date': '1994-03-20T14:15:51.378Z', 'age': 30}, 'registered': {'date': '2005-08-04T16:40:06.326Z', 'age': 18}, 'phone': '0109-1688555', 'cell': '0170-7563439', 'id': {'name': 'SVNR', 'value': '82 200394 W 526'}, 'picture': {'large': 'https://randomuser.me/api/portraits/women/82.jpg', 'medium': 'https://randomuser.me/api/portraits/med/women/82.jpg', 'thumbnail': 'https://randomuser.me/api/portraits/thumb/women/82.jpg'}, 'nat': 'DE'}</msg>
<arg>${json_data['results'][0]}</arg>
<doc>Logs the given message with the given level.</doc>
<status status="PASS" start="2024-05-31T03:16:39.906921" elapsed="0.000409"/>
</kw>
<kw name="Log" owner="BuiltIn">
<msg time="2024-05-31T03:16:39.907751" level="INFO">name</msg>
<arg>${key}</arg>
<doc>Logs the given message with the given level.</doc>
<status status="PASS" start="2024-05-31T03:16:39.907624" elapsed="0.000163"/>
</kw>
<var name="${key}">name</var>
<status status="PASS" start="2024-05-31T03:16:39.906007" elapsed="0.001999"/>
</iter>
<iter>
<kw name="Dictionary Should Contain Key" owner="Collections">
<msg time="2024-05-31T03:16:39.908666" level="INFO">False</msg>
<arg>${json_data['results'][0]}</arg>
<arg>${key}</arg>
<doc>Fails if ``key`` is not found from ``dictionary``.</doc>
<status status="PASS" start="2024-05-31T03:16:39.908296" elapsed="0.000407"/>
</kw>
<kw name="Log" owner="BuiltIn">
<msg time="2024-05-31T03:16:39.909361" level="INFO">{'gender': 'female', 'name': {'title': 'Mrs', 'first': 'Kira', 'last': 'Wilde'}, 'location': {'street': {'number': 8147, 'name': 'Lindenweg'}, 'city': 'Alsfeld', 'state': 'Berlin', 'country': 'Germany', 'postcode': 24045, 'coordinates': {'latitude': '-50.1884', 'longitude': '159.3533'}, 'timezone': {'offset': '-3:00', 'description': 'Brazil, Buenos Aires, Georgetown'}}, 'email': 'kira.wilde@example.com', 'login': {'uuid': '8f95d902-2785-4303-811d-cbd2d20f29ce', 'username': 'ticklishrabbit758', 'password': 'arturo', 'salt': 'BHwoanFh', 'md5': '54d06e58885c3543ebab26da04e7fa6a', 'sha1': '1cf5b2b4254572043950d2dce06f477f162c20b0', 'sha256': '26fd956b72159daa3d2ef27f4cbcb71fe62af5fd5fc9660aa6bcb93446fc4dd7'}, 'dob': {'date': '1994-03-20T14:15:51.378Z', 'age': 30}, 'registered': {'date': '2005-08-04T16:40:06.326Z', 'age': 18}, 'phone': '0109-1688555', 'cell': '0170-7563439', 'id': {'name': 'SVNR', 'value': '82 200394 W 526'}, 'picture': {'large': 'https://randomuser.me/api/portraits/women/82.jpg', 'medium': 'https://randomuser.me/api/portraits/med/women/82.jpg', 'thumbnail': 'https://randomuser.me/api/portraits/thumb/women/82.jpg'}, 'nat': 'DE'}</msg>
<arg>${json_data['results'][0]}</arg>
<doc>Logs the given message with the given level.</doc>
<status status="PASS" start="2024-05-31T03:16:39.908999" elapsed="0.000409"/>
</kw>
<kw name="Log" owner="BuiltIn">
<msg time="2024-05-31T03:16:39.909826" level="INFO">location</msg>
<arg>${key}</arg>
<doc>Logs the given message with the given level.</doc>
<status status="PASS" start="2024-05-31T03:16:39.909702" elapsed="0.000161"/>
</kw>
<var name="${key}">location</var>
<status status="PASS" start="2024-05-31T03:16:39.908183" elapsed="0.001893"/>
</iter>
<iter>
<kw name="Dictionary Should Contain Key" owner="Collections">
<msg time="2024-05-31T03:16:39.910862" level="INFO">False</msg>
<arg>${json_data['results'][0]}</arg>
<arg>${key}</arg>
<doc>Fails if ``key`` is not found from ``dictionary``.</doc>
<status status="PASS" start="2024-05-31T03:16:39.910356" elapsed="0.000543"/>
</kw>
<kw name="Log" owner="BuiltIn">
<msg time="2024-05-31T03:16:39.911552" level="INFO">{'gender': 'female', 'name': {'title': 'Mrs', 'first': 'Kira', 'last': 'Wilde'}, 'location': {'street': {'number': 8147, 'name': 'Lindenweg'}, 'city': 'Alsfeld', 'state': 'Berlin', 'country': 'Germany', 'postcode': 24045, 'coordinates': {'latitude': '-50.1884', 'longitude': '159.3533'}, 'timezone': {'offset': '-3:00', 'description': 'Brazil, Buenos Aires, Georgetown'}}, 'email': 'kira.wilde@example.com', 'login': {'uuid': '8f95d902-2785-4303-811d-cbd2d20f29ce', 'username': 'ticklishrabbit758', 'password': 'arturo', 'salt': 'BHwoanFh', 'md5': '54d06e58885c3543ebab26da04e7fa6a', 'sha1': '1cf5b2b4254572043950d2dce06f477f162c20b0', 'sha256': '26fd956b72159daa3d2ef27f4cbcb71fe62af5fd5fc9660aa6bcb93446fc4dd7'}, 'dob': {'date': '1994-03-20T14:15:51.378Z', 'age': 30}, 'registered': {'date': '2005-08-04T16:40:06.326Z', 'age': 18}, 'phone': '0109-1688555', 'cell': '0170-7563439', 'id': {'name': 'SVNR', 'value': '82 200394 W 526'}, 'picture': {'large': 'https://randomuser.me/api/portraits/women/82.jpg', 'medium': 'https://randomuser.me/api/portraits/med/women/82.jpg', 'thumbnail': 'https://randomuser.me/api/portraits/thumb/women/82.jpg'}, 'nat': 'DE'}</msg>
<arg>${json_data['results'][0]}</arg>
<doc>Logs the given message with the given level.</doc>
<status status="PASS" start="2024-05-31T03:16:39.911192" elapsed="0.000407"/>
</kw>
<kw name="Log" owner="BuiltIn">
<msg time="2024-05-31T03:16:39.912017" level="INFO">email</msg>
<arg>${key}</arg>
<doc>Logs the given message with the given level.</doc>
<status status="PASS" start="2024-05-31T03:16:39.911891" elapsed="0.000163"/>
</kw>
<var name="${key}">email</var>
<status status="PASS" start="2024-05-31T03:16:39.910247" elapsed="0.002020"/>
</iter>
<iter>
<kw name="Dictionary Should Contain Key" owner="Collections">
<msg time="2024-05-31T03:16:39.912923" level="INFO">False</msg>
<arg>${json_data['results'][0]}</arg>
<arg>${key}</arg>
<doc>Fails if ``key`` is not found from ``dictionary``.</doc>
<status status="PASS" start="2024-05-31T03:16:39.912551" elapsed="0.000407"/>
</kw>
<kw name="Log" owner="BuiltIn">
<msg time="2024-05-31T03:16:39.913594" level="INFO">{'gender': 'female', 'name': {'title': 'Mrs', 'first': 'Kira', 'last': 'Wilde'}, 'location': {'street': {'number': 8147, 'name': 'Lindenweg'}, 'city': 'Alsfeld', 'state': 'Berlin', 'country': 'Germany', 'postcode': 24045, 'coordinates': {'latitude': '-50.1884', 'longitude': '159.3533'}, 'timezone': {'offset': '-3:00', 'description': 'Brazil, Buenos Aires, Georgetown'}}, 'email': 'kira.wilde@example.com', 'login': {'uuid': '8f95d902-2785-4303-811d-cbd2d20f29ce', 'username': 'ticklishrabbit758', 'password': 'arturo', 'salt': 'BHwoanFh', 'md5': '54d06e58885c3543ebab26da04e7fa6a', 'sha1': '1cf5b2b4254572043950d2dce06f477f162c20b0', 'sha256': '26fd956b72159daa3d2ef27f4cbcb71fe62af5fd5fc9660aa6bcb93446fc4dd7'}, 'dob': {'date': '1994-03-20T14:15:51.378Z', 'age': 30}, 'registered': {'date': '2005-08-04T16:40:06.326Z', 'age': 18}, 'phone': '0109-1688555', 'cell': '0170-7563439', 'id': {'name': 'SVNR', 'value': '82 200394 W 526'}, 'picture': {'large': 'https://randomuser.me/api/portraits/women/82.jpg', 'medium': 'https://randomuser.me/api/portraits/med/women/82.jpg', 'thumbnail': 'https://randomuser.me/api/portraits/thumb/women/82.jpg'}, 'nat': 'DE'}</msg>
<arg>${json_data['results'][0]}</arg>
<doc>Logs the given message with the given level.</doc>
<status status="PASS" start="2024-05-31T03:16:39.913246" elapsed="0.000395"/>
</kw>
<kw name="Log" owner="BuiltIn">
<msg time="2024-05-31T03:16:39.914050" level="INFO">login</msg>
<arg>${key}</arg>
<doc>Logs the given message with the given level.</doc>
<status status="PASS" start="2024-05-31T03:16:39.913925" elapsed="0.000160"/>
</kw>
<var name="${key}">login</var>
<status status="PASS" start="2024-05-31T03:16:39.912441" elapsed="0.001880"/>
</iter>
<var>${key}</var>
<value>@{expected_keys}</value>
<status status="PASS" start="2024-05-31T03:16:39.903656" elapsed="0.010792"/>
</for>
<kw name="Create List" owner="BuiltIn">
<msg time="2024-05-31T03:16:39.914811" level="INFO">${expected_keysTwo} = ['username', 'password']</msg>
<var>${expected_keysTwo}</var>
<arg>username</arg>
<arg>password</arg>
<doc>Returns a list containing given items.</doc>
<status status="PASS" start="2024-05-31T03:16:39.914641" elapsed="0.000195"/>
</kw>
<for flavor="IN">
<iter>
<kw name="Dictionary Should Contain Key" owner="Collections">
<msg time="2024-05-31T03:16:39.915705" level="INFO">False</msg>
<arg>${json_data['results'][0]['login']}</arg>
<arg>${keyTwo}</arg>
<doc>Fails if ``key`` is not found from ``dictionary``.</doc>
<status status="PASS" start="2024-05-31T03:16:39.915329" elapsed="0.000413"/>
</kw>
<kw name="Dictionary Should Contain Key" owner="Collections">
<msg time="2024-05-31T03:16:39.916400" level="INFO">False</msg>
<arg>${json_data['results'][0]['login']}</arg>
<arg>${keyTwo}</arg>
<doc>Fails if ``key`` is not found from ``dictionary``.</doc>
<status status="PASS" start="2024-05-31T03:16:39.916034" elapsed="0.000403"/>
</kw>
<kw name="Log" owner="BuiltIn">
<msg time="2024-05-31T03:16:39.916849" level="INFO">username</msg>
<arg>${keyTwo}</arg>
<doc>Logs the given message with the given level.</doc>
<status status="PASS" start="2024-05-31T03:16:39.916724" elapsed="0.000161"/>
</kw>
<var name="${keyTwo}">username</var>
<status status="PASS" start="2024-05-31T03:16:39.915221" elapsed="0.001872"/>
</iter>
<iter>
<kw name="Dictionary Should Contain Key" owner="Collections">
<msg time="2024-05-31T03:16:39.917759" level="INFO">False</msg>
<arg>${json_data['results'][0]['login']}</arg>
<arg>${keyTwo}</arg>
<doc>Fails if ``key`` is not found from ``dictionary``.</doc>
<status status="PASS" start="2024-05-31T03:16:39.917371" elapsed="0.000425"/>
</kw>
<kw name="Dictionary Should Contain Key" owner="Collections">
<msg time="2024-05-31T03:16:39.918460" level="INFO">False</msg>
<arg>${json_data['results'][0]['login']}</arg>
<arg>${keyTwo}</arg>
<doc>Fails if ``key`` is not found from ``dictionary``.</doc>
<status status="PASS" start="2024-05-31T03:16:39.918082" elapsed="0.000414"/>
</kw>
<kw name="Log" owner="BuiltIn">
<msg time="2024-05-31T03:16:39.918939" level="INFO">password</msg>
<arg>${keyTwo}</arg>
<doc>Logs the given message with the given level.</doc>
<status status="PASS" start="2024-05-31T03:16:39.918811" elapsed="0.000164"/>
</kw>
<var name="${keyTwo}">password</var>
<status status="PASS" start="2024-05-31T03:16:39.917262" elapsed="0.001926"/>
</iter>
<var>${keyTwo}</var>
<value>@{expected_keysTwo}</value>
<status status="PASS" start="2024-05-31T03:16:39.915073" elapsed="0.004233"/>
</for>
<status status="PASS" start="2024-05-31T03:16:39.795060" elapsed="0.124392"/>
</kw>
<doc>Testa a estrutura da resposta da API.</doc>
<tag>testeEstruturaResposta</tag>
<status status="PASS" start="2024-05-31T03:16:39.794515" elapsed="0.125086"/>
</test>
<test id="s1-s1-t4" name="Validar tipos de dados" line="28">
<kw name="Teste de Tipos de Dados" owner="random-user-service">
<kw name="GET On Session" owner="RequestsLibrary">
<msg time="2024-05-31T03:16:39.998205" level="INFO">GET Request : url=https://randomuser.me/api 
 path_url=/api 
 headers={'User-Agent': 'python-requests/2.32.3', 'Accept-Encoding': 'gzip, deflate', 'Accept': '*/*', 'Connection': 'keep-alive'} 
 body=None 
 </msg>
<msg time="2024-05-31T03:16:39.998291" level="INFO">GET Response : url=https://randomuser.me/api 
 status=200, reason=OK 
 headers={'Date': 'Fri, 31 May 2024 03:16:39 GMT', 'Content-Type': 'application/json; charset=utf-8', 'Transfer-Encoding': 'chunked', 'Connection': 'keep-alive', 'X-Powered-By': 'Express', 'Access-Control-Allow-Origin': '*', 'Cache-Control': 'no-cache', 'ETag': 'W/"484-ErDy1i76iObslmw3VfUu2FV36Mk"', 'Vary': 'Accept-Encoding', 'Content-Encoding': 'gzip', 'CF-Cache-Status': 'DYNAMIC', 'Report-To': '{"endpoints":[{"url":"https:\\/\\/a.nel.cloudflare.com\\/report\\/v4?s=MK0GD3lq6EbrsGdBNXrjNM1J2c3EW8DuWNap2ecy05Pral6Wy9jfWzAZ%2BuvENqvNHiehBrgb1LJyEkjb%2FCcFiVvudAGWbwJzYL9hTrD98OyjxkesygGbSOOBas1wT4Za"}],"group":"cf-nel","max_age":604800}', 'NEL': '{"success_fraction":0,"report_to":"cf-nel","max_age":604800}', 'Server': 'cloudflare', 'CF-RAY': '88c3ce758bfe9c7c-IAD', 'alt-svc': 'h3=":443"; ma=86400'} 
 body={"results":[{"gender":"male","name":{"title":"Mr","first":"احسان","last":"پارسا"},"location":{"street":{"number":2253,"name":"شهید باهنر"},"city":"خوی","state":"بوشهر","country":"Iran","postcode":25947,"coordinates":{"latitude":"19.4250","longitude":"-14.4594"},"timezone":{"offset":"-3:00","description":"Brazil, Buenos Aires, Georgetown"}},"email":"hsn.prs@example.com","login":{"uuid":"2c536632-8224-4412-918d-b654e083091e","username":"orangesnake732","password":"banner","salt":"Hiisrhju","md5":"477b35c535c054f8da8c6e4c487fea3f","sha1":"268d1232807999a6e925f10fd36bbee603c3e448","sha256":"18e4fa00cb438f42957b90277f04f8d67576ec998f098ccdbf1a863f6026a36c"},"dob":{"date":"1966-10-16T17:24:05.917Z","age":57},"registered":{"date":"2009-04-06T19:02:31.281Z","age":15},"phone":"080-51061917","cell":"0977-660-1308","id":{"name":"","value":null},"picture":{"large":"https://randomuser.me/api/portraits/men/29.jpg","medium":"https://randomuser.me/api/portraits/med/men/29.jpg","thumbnail":"https://randomuser.me/api/portraits/thumb/men/29.jpg"},"nat":"IR"}],"info":{"seed":"6568e9f5643ba052","results":1,"page":1,"version":"1.4"}} 
 </msg>
<msg time="2024-05-31T03:16:39.998359" level="INFO">/opt/hostedtoolcache/Python/3.12.3/x64/lib/python3.12/site-packages/urllib3/connectionpool.py:1103: InsecureRequestWarning: Unverified HTTPS request is being made to host 'randomuser.me'. Adding certificate verification is strongly advised. See: https://urllib3.readthedocs.io/en/latest/advanced-usage.html#tls-warnings
  warnings.warn(</msg>
<msg time="2024-05-31T03:16:39.998461" level="INFO">${response} = &lt;Response [200]&gt;</msg>
<var>${response}</var>
<arg>consultarAPI</arg>
<arg>/api</arg>
<doc>Sends a GET request on a previously created HTTP Session.</doc>
<status status="PASS" start="2024-05-31T03:16:39.922033" elapsed="0.076459"/>
</kw>
<kw name="Set Variable" owner="BuiltIn">
<msg time="2024-05-31T03:16:39.999517" level="INFO">${json_data} = {'results': [{'gender': 'male', 'name': {'title': 'Mr', 'first': 'احسان', 'last': 'پارسا'}, 'location': {'street': {'number': 2253, 'name': 'شهید باهنر'}, 'city': 'خوی', 'state': 'بوشهر', 'country': '...</msg>
<var>${json_data}</var>
<arg>${response.json()}</arg>
<doc>Returns the given values which can then be assigned to a variables.</doc>
<status status="PASS" start="2024-05-31T03:16:39.999012" elapsed="0.000537"/>
</kw>
<kw name="Log" owner="BuiltIn">
<msg time="2024-05-31T03:16:40.000058" level="INFO">{'results': [{'gender': 'male', 'name': {'title': 'Mr', 'first': 'احسان', 'last': 'پارسا'}, 'location': {'street': {'number': 2253, 'name': 'شهید باهنر'}, 'city': 'خوی', 'state': 'بوشهر', 'country': 'Iran', 'postcode': 25947, 'coordinates': {'latitude': '19.4250', 'longitude': '-14.4594'}, 'timezone': {'offset': '-3:00', 'description': 'Brazil, Buenos Aires, Georgetown'}}, 'email': 'hsn.prs@example.com', 'login': {'uuid': '2c536632-8224-4412-918d-b654e083091e', 'username': 'orangesnake732', 'password': 'banner', 'salt': 'Hiisrhju', 'md5': '477b35c535c054f8da8c6e4c487fea3f', 'sha1': '268d1232807999a6e925f10fd36bbee603c3e448', 'sha256': '18e4fa00cb438f42957b90277f04f8d67576ec998f098ccdbf1a863f6026a36c'}, 'dob': {'date': '1966-10-16T17:24:05.917Z', 'age': 57}, 'registered': {'date': '2009-04-06T19:02:31.281Z', 'age': 15}, 'phone': '080-51061917', 'cell': '0977-660-1308', 'id': {'name': '', 'value': None}, 'picture': {'large': 'https://randomuser.me/api/portraits/men/29.jpg', 'medium': 'https://randomuser.me/api/portraits/med/men/29.jpg', 'thumbnail': 'https://randomuser.me/api/portraits/thumb/men/29.jpg'}, 'nat': 'IR'}], 'info': {'seed': '6568e9f5643ba052', 'results': 1, 'page': 1, 'version': '1.4'}}</msg>
<arg>${json_data}</arg>
<doc>Logs the given message with the given level.</doc>
<status status="PASS" start="2024-05-31T03:16:39.999890" elapsed="0.000275"/>
</kw>
<kw name="Should Be String" owner="String">
<arg>${json_data['results'][0]['gender']}</arg>
<doc>Fails if the given ``item`` is not a string.</doc>
<status status="PASS" start="2024-05-31T03:16:40.000489" elapsed="0.000375"/>
</kw>
<kw name="Should Match Regexp" owner="BuiltIn">
<arg>${json_data['results'][0]['email']}</arg>
<arg>^[a-zA-Z0-9._%+-]+@[a-zA-Z0-9.-]+\.[a-zA-Z]{2,}$</arg>
<doc>Fails if ``string`` does not match ``pattern`` as a regular expression.</doc>
<status status="PASS" start="2024-05-31T03:16:40.001063" elapsed="0.000657"/>
</kw>
<kw name="Should Match Regexp" owner="BuiltIn">
<arg>${json_data['results'][0]['dob']['date']}</arg>
<arg>\\d{4}-\\d{2}-\\d{2}T\\d{2}:\\d{2}:\\d{2}\\.\\d{3}Z</arg>
<doc>Fails if ``string`` does not match ``pattern`` as a regular expression.</doc>
<status status="PASS" start="2024-05-31T03:16:40.001920" elapsed="0.000488"/>
</kw>
<kw name="Should Match Regexp" owner="BuiltIn">
<arg>${json_data['results'][0]['registered']['date']}</arg>
<arg>\\d{4}-\\d{2}-\\d{2}T\\d{2}:\\d{2}:\\d{2}\\.\\d{3}Z</arg>
<doc>Fails if ``string`` does not match ``pattern`` as a regular expression.</doc>
<status status="PASS" start="2024-05-31T03:16:40.002603" elapsed="0.000395"/>
</kw>
<kw name="Should Match Regexp" owner="BuiltIn">
<arg>${json_data['results'][0]['picture']['large']}</arg>
<arg>^https?://.*\.(?:png|jpe?g|gif|bmp)$</arg>
<doc>Fails if ``string`` does not match ``pattern`` as a regular expression.</doc>
<status status="PASS" start="2024-05-31T03:16:40.003185" elapsed="0.000459"/>
</kw>
<kw name="Should Match Regexp" owner="BuiltIn">
<arg>${json_data['results'][0]['picture']['medium']}</arg>
<arg>^https?://.*\.(?:png|jpe?g|gif|bmp)$</arg>
<doc>Fails if ``string`` does not match ``pattern`` as a regular expression.</doc>
<status status="PASS" start="2024-05-31T03:16:40.003836" elapsed="0.000352"/>
</kw>
<kw name="Should Match Regexp" owner="BuiltIn">
<arg>${json_data['results'][0]['picture']['thumbnail']}</arg>
<arg>^https?://.*\.(?:png|jpe?g|gif|bmp)$</arg>
<doc>Fails if ``string`` does not match ``pattern`` as a regular expression.</doc>
<status status="PASS" start="2024-05-31T03:16:40.004373" elapsed="0.000355"/>
</kw>
<kw name="Log" owner="BuiltIn">
<msg time="2024-05-31T03:16:40.005235" level="INFO">{'large': 'https://randomuser.me/api/portraits/men/29.jpg', 'medium': 'https://randomuser.me/api/portraits/med/men/29.jpg', 'thumbnail': 'https://randomuser.me/api/portraits/thumb/men/29.jpg'}</msg>
<arg>${json_data['results'][0]['picture']}</arg>
<doc>Logs the given message with the given level.</doc>
<status status="PASS" start="2024-05-31T03:16:40.004912" elapsed="0.000365"/>
</kw>
<status status="PASS" start="2024-05-31T03:16:39.921804" elapsed="0.083734"/>
</kw>
<kw name="Teste de Tipos de Dados - Postcode" owner="random-user-service">
<kw name="GET On Session" owner="RequestsLibrary">
<msg time="2024-05-31T03:16:40.106378" level="INFO">GET Request : url=https://randomuser.me/api 
 path_url=/api 
 headers={'User-Agent': 'python-requests/2.32.3', 'Accept-Encoding': 'gzip, deflate', 'Accept': '*/*', 'Connection': 'keep-alive'} 
 body=None 
 </msg>
<msg time="2024-05-31T03:16:40.106463" level="INFO">GET Response : url=https://randomuser.me/api 
 status=200, reason=OK 
 headers={'Date': 'Fri, 31 May 2024 03:16:40 GMT', 'Content-Type': 'application/json; charset=utf-8', 'Transfer-Encoding': 'chunked', 'Connection': 'keep-alive', 'X-Powered-By': 'Express', 'Access-Control-Allow-Origin': '*', 'Cache-Control': 'no-cache', 'ETag': 'W/"4b8-JWfG+A3/K2yU9zQC1dHEQnxPq7U"', 'Vary': 'Accept-Encoding', 'Content-Encoding': 'gzip', 'CF-Cache-Status': 'DYNAMIC', 'Report-To': '{"endpoints":[{"url":"https:\\/\\/a.nel.cloudflare.com\\/report\\/v4?s=KND8geVm3LJkJ%2Ftzf7HCee0HeCzK8WByHQUlFAjYtohRW77ER6WZHSRWQe3MPE%2B6XsRJIeyhGhLdZH5bHsPDITsGKuSvLmfAA8HIJcfvDXSOcXehI1e7Ava6kKxRZvC5"}],"group":"cf-nel","max_age":604800}', 'NEL': '{"success_fraction":0,"report_to":"cf-nel","max_age":604800}', 'Server': 'cloudflare', 'CF-RAY': '88c3ce760cc09c7c-IAD', 'alt-svc': 'h3=":443"; ma=86400'} 
 body={"results":[{"gender":"female","name":{"title":"Ms","first":"Noelia","last":"Santiago"},"location":{"street":{"number":861,"name":"Ampliación Finlandia"},"city":"Ingeniero Francisco Murguía","state":"Coahuila","country":"Mexico","postcode":45996,"coordinates":{"latitude":"25.8098","longitude":"54.6095"},"timezone":{"offset":"-3:00","description":"Brazil, Buenos Aires, Georgetown"}},"email":"noelia.santiago@example.com","login":{"uuid":"cda51053-6be0-4a29-abc8-6f34e3fb6500","username":"orangekoala950","password":"shearer","salt":"R3bQjLxU","md5":"4d8f7bf1b3ef8d71da05b6322a307f39","sha1":"3124545d413235e622b2e743d5959fddb7207d2d","sha256":"cd28d4353e3233da550af3f23499c413224726ace26c3fe26516ca059a7e3aaf"},"dob":{"date":"1956-06-15T18:42:44.793Z","age":67},"registered":{"date":"2007-07-20T21:25:33.454Z","age":16},"phone":"(629) 733 0050","cell":"(659) 217 4892","id":{"name":"NSS","value":"22 73 50 3638 0"},"picture":{"large":"https://randomuser.me/api/portraits/women/88.jpg","medium":"https://randomuser.me/api/portraits/med/women/88.jpg","thumbnail":"https://randomuser.me/api/portraits/thumb/women/88.jpg"},"nat":"MX"}],"info":{"seed":"26e7557d6e576ef1","results":1,"page":1,"version":"1.4"}} 
 </msg>
<msg time="2024-05-31T03:16:40.106529" level="INFO">/opt/hostedtoolcache/Python/3.12.3/x64/lib/python3.12/site-packages/urllib3/connectionpool.py:1103: InsecureRequestWarning: Unverified HTTPS request is being made to host 'randomuser.me'. Adding certificate verification is strongly advised. See: https://urllib3.readthedocs.io/en/latest/advanced-usage.html#tls-warnings
  warnings.warn(</msg>
<msg time="2024-05-31T03:16:40.106638" level="INFO">${response} = &lt;Response [200]&gt;</msg>
<var>${response}</var>
<arg>consultarAPI</arg>
<arg>/api</arg>
<doc>Sends a GET request on a previously created HTTP Session.</doc>
<status status="PASS" start="2024-05-31T03:16:40.006006" elapsed="0.100662"/>
</kw>
<kw name="Set Variable" owner="BuiltIn">
<msg time="2024-05-31T03:16:40.107684" level="INFO">${json_data} = {'results': [{'gender': 'female', 'name': {'title': 'Ms', 'first': 'Noelia', 'last': 'Santiago'}, 'location': {'street': {'number': 861, 'name': 'Ampliación Finlandia'}, 'city': 'Ingeniero Francisco M...</msg>
<var>${json_data}</var>
<arg>${response.json()}</arg>
<doc>Returns the given values which can then be assigned to a variables.</doc>
<status status="PASS" start="2024-05-31T03:16:40.107179" elapsed="0.000536"/>
</kw>
<kw name="Log" owner="BuiltIn">
<msg time="2024-05-31T03:16:40.108180" level="INFO">{'results': [{'gender': 'female', 'name': {'title': 'Ms', 'first': 'Noelia', 'last': 'Santiago'}, 'location': {'street': {'number': 861, 'name': 'Ampliación Finlandia'}, 'city': 'Ingeniero Francisco Murguía', 'state': 'Coahuila', 'country': 'Mexico', 'postcode': 45996, 'coordinates': {'latitude': '25.8098', 'longitude': '54.6095'}, 'timezone': {'offset': '-3:00', 'description': 'Brazil, Buenos Aires, Georgetown'}}, 'email': 'noelia.santiago@example.com', 'login': {'uuid': 'cda51053-6be0-4a29-abc8-6f34e3fb6500', 'username': 'orangekoala950', 'password': 'shearer', 'salt': 'R3bQjLxU', 'md5': '4d8f7bf1b3ef8d71da05b6322a307f39', 'sha1': '3124545d413235e622b2e743d5959fddb7207d2d', 'sha256': 'cd28d4353e3233da550af3f23499c413224726ace26c3fe26516ca059a7e3aaf'}, 'dob': {'date': '1956-06-15T18:42:44.793Z', 'age': 67}, 'registered': {'date': '2007-07-20T21:25:33.454Z', 'age': 16}, 'phone': '(629) 733 0050', 'cell': '(659) 217 4892', 'id': {'name': 'NSS', 'value': '22 73 50 3638 0'}, 'picture': {'large': 'https://randomuser.me/api/portraits/women/88.jpg', 'medium': 'https://randomuser.me/api/portraits/med/women/88.jpg', 'thumbnail': 'https://randomuser.me/api/portraits/thumb/women/88.jpg'}, 'nat': 'MX'}], 'info': {'seed': '26e7557d6e576ef1', 'results': 1, 'page': 1, 'version': '1.4'}}</msg>
<arg>${json_data}</arg>
<doc>Logs the given message with the given level.</doc>
<status status="PASS" start="2024-05-31T03:16:40.108023" elapsed="0.000242"/>
</kw>
<kw name="Should Be Equal As Numbers" owner="BuiltIn">
<arg>${json_data['results'][0]['location']['postcode']}</arg>
<arg>${json_data['results'][0]['location']['postcode']}</arg>
<doc>Fails if objects are unequal after converting them to real numbers.</doc>
<status status="PASS" start="2024-05-31T03:16:40.108562" elapsed="0.000626"/>
</kw>
<kw name="Log" owner="BuiltIn">
<msg time="2024-05-31T03:16:40.109712" level="INFO">45996</msg>
<arg>${json_data['results'][0]['location']['postcode']}</arg>
<doc>Logs the given message with the given level.</doc>
<status status="PASS" start="2024-05-31T03:16:40.109381" elapsed="0.000371"/>
</kw>
<status status="PASS" start="2024-05-31T03:16:40.005765" elapsed="0.104243"/>
</kw>
<doc>Testa se os tipos de dados na resposta da API estão corretos.</doc>
<tag>testeTiposDados</tag>
<status status="PASS" start="2024-05-31T03:16:39.921333" elapsed="0.188844"/>
</test>
<test id="s1-s1-t5" name="Validar conteudo" line="35">
<kw name="Teste de Tipos de Conteudo" owner="random-user-service">
<kw name="GET On Session" owner="RequestsLibrary">
<msg time="2024-05-31T03:16:40.189628" level="INFO">GET Request : url=https://randomuser.me/api 
 path_url=/api 
 headers={'User-Agent': 'python-requests/2.32.3', 'Accept-Encoding': 'gzip, deflate', 'Accept': '*/*', 'Connection': 'keep-alive'} 
 body=None 
 </msg>
<msg time="2024-05-31T03:16:40.189721" level="INFO">GET Response : url=https://randomuser.me/api 
 status=200, reason=OK 
 headers={'Date': 'Fri, 31 May 2024 03:16:40 GMT', 'Content-Type': 'application/json; charset=utf-8', 'Transfer-Encoding': 'chunked', 'Connection': 'keep-alive', 'X-Powered-By': 'Express', 'Access-Control-Allow-Origin': '*', 'Cache-Control': 'no-cache', 'ETag': 'W/"4ae-2g+lCZdQQau6TULyMGWlPlHYpO8"', 'Vary': 'Accept-Encoding', 'Content-Encoding': 'gzip', 'CF-Cache-Status': 'DYNAMIC', 'Report-To': '{"endpoints":[{"url":"https:\\/\\/a.nel.cloudflare.com\\/report\\/v4?s=mLTg9exCMU2D7mr56c%2FV36DNG9Pw7lGL8px3CEVoMHsLw1fkMnkmvXmXfdRK89W%2BQc7xnyYdAk1Z65tJvAsNnMIaDzDz8j74AzYNTrla%2FJGPoOW5kg9ou3MFA%2Fuk6OWo"}],"group":"cf-nel","max_age":604800}', 'NEL': '{"success_fraction":0,"report_to":"cf-nel","max_age":604800}', 'Server': 'cloudflare', 'CF-RAY': '88c3ce76bd699c7c-IAD', 'alt-svc': 'h3=":443"; ma=86400'} 
 body={"results":[{"gender":"male","name":{"title":"Mr","first":"Salustiano","last":"Martins"},"location":{"street":{"number":7777,"name":"Rua Mato Grosso "},"city":"São Mateus","state":"Espírito Santo","country":"Brazil","postcode":16697,"coordinates":{"latitude":"-74.5452","longitude":"-63.3371"},"timezone":{"offset":"+3:00","description":"Baghdad, Riyadh, Moscow, St. Petersburg"}},"email":"salustiano.martins@example.com","login":{"uuid":"d98c6e41-20dc-4994-9549-2117b0c6fe15","username":"crazymouse259","password":"faster","salt":"ia1WMKsu","md5":"af20ed6dd73fcfec5380929ab86d4bc1","sha1":"dc6fb28d8f41471a4c675625e7bfc7b9f630e1bd","sha256":"0cff72b1ef1ed9a0ced7c31b2f81fba33e0aa4bb178068a9b9894b56f33fe6c8"},"dob":{"date":"1950-10-29T14:04:31.109Z","age":73},"registered":{"date":"2003-11-17T21:36:31.395Z","age":20},"phone":"(70) 7399-0391","cell":"(27) 9997-1387","id":{"name":"CPF","value":"436.320.742-22"},"picture":{"large":"https://randomuser.me/api/portraits/men/48.jpg","medium":"https://randomuser.me/api/portraits/med/men/48.jpg","thumbnail":"https://randomuser.me/api/portraits/thumb/men/48.jpg"},"nat":"BR"}],"info":{"seed":"4975b85c26424b66","results":1,"page":1,"version":"1.4"}} 
 </msg>
<msg time="2024-05-31T03:16:40.189793" level="INFO">/opt/hostedtoolcache/Python/3.12.3/x64/lib/python3.12/site-packages/urllib3/connectionpool.py:1103: InsecureRequestWarning: Unverified HTTPS request is being made to host 'randomuser.me'. Adding certificate verification is strongly advised. See: https://urllib3.readthedocs.io/en/latest/advanced-usage.html#tls-warnings
  warnings.warn(</msg>
<msg time="2024-05-31T03:16:40.189910" level="INFO">${response} = &lt;Response [200]&gt;</msg>
<var>${response}</var>
<arg>consultarAPI</arg>
<arg>/api</arg>
<doc>Sends a GET request on a previously created HTTP Session.</doc>
<status status="PASS" start="2024-05-31T03:16:40.113056" elapsed="0.076880"/>
</kw>
<kw name="Set Variable" owner="BuiltIn">
<msg time="2024-05-31T03:16:40.191007" level="INFO">${json_data} = {'results': [{'gender': 'male', 'name': {'title': 'Mr', 'first': 'Salustiano', 'last': 'Martins'}, 'location': {'street': {'number': 7777, 'name': 'Rua Mato Grosso '}, 'city': 'São Mateus', 'state': '...</msg>
<var>${json_data}</var>
<arg>${response.json()}</arg>
<doc>Returns the given values which can then be assigned to a variables.</doc>
<status status="PASS" start="2024-05-31T03:16:40.190463" elapsed="0.000573"/>
</kw>
<kw name="Set Variable" owner="BuiltIn">
<msg time="2024-05-31T03:16:40.191719" level="INFO">${name_title} = Mr</msg>
<var>${name_title}</var>
<arg>${json_data["results"][0]["name"]["title"]}</arg>
<doc>Returns the given values which can then be assigned to a variables.</doc>
<status status="PASS" start="2024-05-31T03:16:40.191340" elapsed="0.000404"/>
</kw>
<kw name="Create List" owner="BuiltIn">
<msg time="2024-05-31T03:16:40.192192" level="INFO">${allowed_titles} = ['Mr', 'Ms', 'Miss', 'Mrs', 'Madame', 'Monsieur']</msg>
<var>${allowed_titles}</var>
<arg>Mr</arg>
<arg>Ms</arg>
<arg>Miss</arg>
<arg>Mrs</arg>
<arg>Madame</arg>
<arg>Monsieur</arg>
<doc>Returns a list containing given items.</doc>
<status status="PASS" start="2024-05-31T03:16:40.192041" elapsed="0.000175"/>
</kw>
<kw name="List Should Contain Value" owner="Collections">
<msg time="2024-05-31T03:16:40.192699" level="INFO">False</msg>
<arg>${allowed_titles}</arg>
<arg>${name_title}</arg>
<doc>Fails if the ``value`` is not found from ``list``.</doc>
<status status="PASS" start="2024-05-31T03:16:40.192523" elapsed="0.000214"/>
</kw>
<kw name="Set Variable" owner="BuiltIn">
<msg time="2024-05-31T03:16:40.193588" level="INFO">${name_country} = BR</msg>
<var>${name_country}</var>
<arg>${json_data["results"][0]["nat"]}</arg>
<doc>Returns the given values which can then be assigned to a variables.</doc>
<status status="PASS" start="2024-05-31T03:16:40.193028" elapsed="0.000586"/>
</kw>
<kw name="Create List" owner="BuiltIn">
<msg time="2024-05-31T03:16:40.194514" level="INFO">${list_country} = ['AD', 'AE', 'AF', 'AG', 'AI', 'AL', 'AM', 'AO', 'AQ', 'AR', 'AS', 'AT', 'AU', 'AW', 'AX', 'AZ', 'BA', 'BB', 'BD', 'BE', 'BF', 'BG', 'BH', 'BI', 'BJ', 'BL', 'BM', 'BN', 'BO', 'BQ', 'BR', 'BS', 'BT', '...</msg>
<var>${list_country}</var>
<arg>AD</arg>
<arg>AE</arg>
<arg>AF</arg>
<arg>AG</arg>
<arg>AI</arg>
<arg>AL</arg>
<arg>AM</arg>
<arg>AO</arg>
<arg>AQ</arg>
<arg>AR</arg>
<arg>AS</arg>
<arg>AT</arg>
<arg>AU</arg>
<arg>AW</arg>
<arg>AX</arg>
<arg>AZ</arg>
<arg>BA</arg>
<arg>BB</arg>
<arg>BD</arg>
<arg>BE</arg>
<arg>BF</arg>
<arg>BG</arg>
<arg>BH</arg>
<arg>BI</arg>
<arg>BJ</arg>
<arg>BL</arg>
<arg>BM</arg>
<arg>BN</arg>
<arg>BO</arg>
<arg>BQ</arg>
<arg>BR</arg>
<arg>BS</arg>
<arg>BT</arg>
<arg>BV</arg>
<arg>BW</arg>
<arg>BY</arg>
<arg>BZ</arg>
<arg>CA</arg>
<arg>CC</arg>
<arg>CD</arg>
<arg>CF</arg>
<arg>CG</arg>
<arg>CH</arg>
<arg>CI</arg>
<arg>CK</arg>
<arg>CL</arg>
<arg>CM</arg>
<arg>CN</arg>
<arg>CO</arg>
<arg>CR</arg>
<arg>CU</arg>
<arg>CV</arg>
<arg>CW</arg>
<arg>CX</arg>
<arg>CY</arg>
<arg>CZ</arg>
<arg>DE</arg>
<arg>DJ</arg>
<arg>DK</arg>
<arg>DM</arg>
<arg>DO</arg>
<arg>DZ</arg>
<arg>EC</arg>
<arg>EE</arg>
<arg>EG</arg>
<arg>EH</arg>
<arg>ER</arg>
<arg>ES</arg>
<arg>ET</arg>
<arg>FI</arg>
<arg>FJ</arg>
<arg>FK</arg>
<arg>FM</arg>
<arg>FO</arg>
<arg>FR</arg>
<arg>GA</arg>
<arg>GB</arg>
<arg>GD</arg>
<arg>GE</arg>
<arg>GF</arg>
<arg>GG</arg>
<arg>GH</arg>
<arg>GI</arg>
<arg>GL</arg>
<arg>GM</arg>
<arg>GN</arg>
<arg>GP</arg>
<arg>GQ</arg>
<arg>GR</arg>
<arg>GS</arg>
<arg>GT</arg>
<arg>GU</arg>
<arg>GW</arg>
<arg>GY</arg>
<arg>HK</arg>
<arg>HM</arg>
<arg>HN</arg>
<arg>HR</arg>
<arg>HT</arg>
<arg>HU</arg>
<arg>ID</arg>
<arg>IE</arg>
<arg>IL</arg>
<arg>IM</arg>
<arg>IN</arg>
<arg>IO</arg>
<arg>IQ</arg>
<arg>IR</arg>
<arg>IS</arg>
<arg>IT</arg>
<arg>JE</arg>
<arg>JM</arg>
<arg>JO</arg>
<arg>JP</arg>
<arg>KE</arg>
<arg>KG</arg>
<arg>KH</arg>
<arg>KI</arg>
<arg>KM</arg>
<arg>KN</arg>
<arg>KP</arg>
<arg>KR</arg>
<arg>KW</arg>
<arg>KY</arg>
<arg>KZ</arg>
<arg>LA</arg>
<arg>LB</arg>
<arg>LC</arg>
<arg>LI</arg>
<arg>LK</arg>
<arg>LR</arg>
<arg>LS</arg>
<arg>LT</arg>
<arg>LU</arg>
<arg>LV</arg>
<arg>LY</arg>
<arg>MA</arg>
<arg>MC</arg>
<arg>MD</arg>
<arg>ME</arg>
<arg>MF</arg>
<arg>MG</arg>
<arg>MH</arg>
<arg>MK</arg>
<arg>ML</arg>
<arg>MM</arg>
<arg>MN</arg>
<arg>MO</arg>
<arg>MP</arg>
<arg>MQ</arg>
<arg>MR</arg>
<arg>MS</arg>
<arg>MT</arg>
<arg>MU</arg>
<arg>MV</arg>
<arg>MW</arg>
<arg>MX</arg>
<arg>MY</arg>
<arg>MZ</arg>
<arg>NA</arg>
<arg>NC</arg>
<arg>NE</arg>
<arg>NF</arg>
<arg>NG</arg>
<arg>NI</arg>
<arg>NL</arg>
<arg>NO</arg>
<arg>NP</arg>
<arg>NR</arg>
<arg>NU</arg>
<arg>NZ</arg>
<arg>OM</arg>
<arg>PA</arg>
<arg>PE</arg>
<arg>PF</arg>
<arg>PG</arg>
<arg>PH</arg>
<arg>PK</arg>
<arg>PL</arg>
<arg>PM</arg>
<arg>PN</arg>
<arg>PR</arg>
<arg>PS</arg>
<arg>PT</arg>
<arg>PW</arg>
<arg>PY</arg>
<arg>QA</arg>
<arg>RE</arg>
<arg>RO</arg>
<arg>RS</arg>
<arg>RU</arg>
<arg>RW</arg>
<arg>SA</arg>
<arg>SB</arg>
<arg>SC</arg>
<arg>SD</arg>
<arg>SE</arg>
<arg>SG</arg>
<arg>SH</arg>
<arg>SI</arg>
<arg>SJ</arg>
<arg>SK</arg>
<arg>SL</arg>
<arg>SM</arg>
<arg>SN</arg>
<arg>SO</arg>
<arg>SR</arg>
<arg>SS</arg>
<arg>ST</arg>
<arg>SV</arg>
<arg>SX</arg>
<arg>SY</arg>
<arg>SZ</arg>
<arg>TC</arg>
<arg>TD</arg>
<arg>TF</arg>
<arg>TG</arg>
<arg>TH</arg>
<arg>TJ</arg>
<arg>TK</arg>
<arg>TL</arg>
<arg>TM</arg>
<arg>TN</arg>
<arg>TO</arg>
<arg>TR</arg>
<arg>TT</arg>
<arg>TV</arg>
<arg>TW</arg>
<arg>TZ</arg>
<arg>UA</arg>
<arg>UG</arg>
<arg>UM</arg>
<arg>US</arg>
<arg>UY</arg>
<arg>UZ</arg>
<arg>VA</arg>
<arg>VC</arg>
<arg>VE</arg>
<arg>VG</arg>
<arg>VI</arg>
<arg>VN</arg>
<arg>VU</arg>
<arg>WF</arg>
<arg>WS</arg>
<arg>XK</arg>
<arg>YE</arg>
<arg>YT</arg>
<arg>ZA</arg>
<arg>ZM</arg>
<arg>ZW</arg>
<doc>Returns a list containing given items.</doc>
<status status="PASS" start="2024-05-31T03:16:40.193918" elapsed="0.000622"/>
</kw>
<kw name="List Should Contain Value" owner="Collections">
<msg time="2024-05-31T03:16:40.195549" level="INFO">False</msg>
<arg>${list_country}</arg>
<arg>${name_country}</arg>
<doc>Fails if the ``value`` is not found from ``list``.</doc>
<status status="PASS" start="2024-05-31T03:16:40.195348" elapsed="0.000237"/>
</kw>
<kw name="Run Keyword If" owner="BuiltIn">
<kw name="Should Be True" owner="BuiltIn">
<arg>${True}</arg>
<doc>Fails if the given condition is not true.</doc>
<status status="PASS" start="2024-05-31T03:16:40.196630" elapsed="0.000143"/>
</kw>
<arg>${json_data["results"][0]["location"]["coordinates"]["latitude"]} &gt;= -90 and ${json_data["results"][0]["location"]["coordinates"]["latitude"]} &lt;= 90</arg>
<arg>Should Be True</arg>
<arg>${True}</arg>
<doc>Runs the given keyword with the given arguments, if ``condition`` is true.</doc>
<status status="PASS" start="2024-05-31T03:16:40.195895" elapsed="0.001004"/>
</kw>
<kw name="Run Keyword If" owner="BuiltIn">
<kw name="Should Be True" owner="BuiltIn">
<arg>${True}</arg>
<doc>Fails if the given condition is not true.</doc>
<status status="PASS" start="2024-05-31T03:16:40.197787" elapsed="0.000137"/>
</kw>
<arg>${json_data["results"][0]["location"]["coordinates"]["longitude"]} &gt;= -180 and ${json_data["results"][0]["location"]["coordinates"]["longitude"]} &lt;= 180</arg>
<arg>Should Be True</arg>
<arg>${True}</arg>
<doc>Runs the given keyword with the given arguments, if ``condition`` is true.</doc>
<status status="PASS" start="2024-05-31T03:16:40.197094" elapsed="0.000953"/>
</kw>
<status status="PASS" start="2024-05-31T03:16:40.112674" elapsed="0.085503"/>
</kw>
<doc>Testa o conteúdo específico dos campos retornados pela API.</doc>
<tag>testeConteudo</tag>
<status status="PASS" start="2024-05-31T03:16:40.112023" elapsed="0.086305"/>
</test>
<status status="PASS" start="2024-05-31T03:16:39.191391" elapsed="1.008857"/>
</suite>
<status status="PASS" start="2024-05-31T03:16:39.177964" elapsed="1.027527"/>
</suite>
<statistics>
<total>
<stat pass="5" fail="0" skip="0">All Tests</stat>
</total>
<tag>
<stat pass="1" fail="0" skip="0">testeConteudo</stat>
<stat pass="1" fail="0" skip="0">testeEstruturaResposta</stat>
<stat pass="1" fail="0" skip="0">testeRequisicaoBasica</stat>
<stat pass="1" fail="0" skip="0">testeTiposDados</stat>
</tag>
<suite>
<stat pass="5" fail="0" skip="0" id="s1" name="Tests">Tests</stat>
<stat pass="5" fail="0" skip="0" id="s1-s1" name="Random-User-Test">Tests.Random-User-Test</stat>
</suite>
</statistics>
<errors>
</errors>
</robot>
