<?xml version="1.0" encoding="UTF-8"?>
<robot generator="Robot 7.0 (Python 3.12.2 on linux)" generated="2024-04-05T19:12:53.457239" rpa="false" schemaversion="5">
<suite id="s1" name="Tests" source="/home/runner/work/DesafioQAItauRogerioJordao/DesafioQAItauRogerioJordao/RamdonUser/tests">
<suite id="s1-s1" name="Random-User-Test" source="/home/runner/work/DesafioQAItauRogerioJordao/DesafioQAItauRogerioJordao/RamdonUser/tests/random-user-test.robot">
<test id="s1-s1-t1" name="Conectar" line="13">
<kw name="Conectar API" owner="random-user-service">
<kw name="Create Session" owner="RequestsLibrary">
<msg time="2024-04-05T19:12:53.810321" level="INFO">Creating Session using : alias=consultarAPI, url=https://randomuser.me/, headers={},                     cookies={}, auth=None, timeout=None, proxies=None, verify=False,                     debug=0 </msg>
<arg>consultarAPI</arg>
<arg>${URL}</arg>
<doc>Create Session: create a HTTP session to a server</doc>
<status status="PASS" start="2024-04-05T19:12:53.810125" elapsed="0.000361"/>
</kw>
<status status="PASS" start="2024-04-05T19:12:53.809127" elapsed="0.001719"/>
</kw>
<status status="PASS" start="2024-04-05T19:12:53.808560" elapsed="0.002490"/>
</test>
<test id="s1-s1-t2" name="Validar retorno 200 e JSON Válido" line="16">
<kw name="Teste de Requisicao Basica" owner="random-user-service">
<kw name="GET On Session" owner="RequestsLibrary">
<msg time="2024-04-05T19:12:53.888446" level="INFO">GET Request : url=https://randomuser.me/api 
 path_url=/api 
 headers={'User-Agent': 'python-requests/2.31.0', 'Accept-Encoding': 'gzip, deflate', 'Accept': '*/*', 'Connection': 'keep-alive'} 
 body=None 
 </msg>
<msg time="2024-04-05T19:12:53.888581" level="INFO">GET Response : url=https://randomuser.me/api 
 status=200, reason=OK 
 headers={'Date': 'Fri, 05 Apr 2024 19:12:53 GMT', 'Content-Type': 'application/json; charset=utf-8', 'Transfer-Encoding': 'chunked', 'Connection': 'keep-alive', 'X-Powered-By': 'Express', 'Access-Control-Allow-Origin': '*', 'Cache-Control': 'no-cache', 'ETag': 'W/"489-O/e7Yz1xWhyPRbg5c4IGUUaZ3AY"', 'Vary': 'Accept-Encoding', 'Content-Encoding': 'gzip', 'CF-Cache-Status': 'DYNAMIC', 'Report-To': '{"endpoints":[{"url":"https:\\/\\/a.nel.cloudflare.com\\/report\\/v4?s=6Oib%2BLyCLrs9jmGfN4W1ljtkMlHhd2M9KCT33GuFPYsDcysLCqf%2Bbw6oqnSrPwQIDFnzOeolHt%2BtDh5n9d6gvOl9FkMbNVLBJ9134Olvdf63FRvMQVApZPpvwzgoB2MC"}],"group":"cf-nel","max_age":604800}', 'NEL': '{"success_fraction":0,"report_to":"cf-nel","max_age":604800}', 'Server': 'cloudflare', 'CF-RAY': '86fbda30783b0164-ORD', 'alt-svc': 'h3=":443"; ma=86400'} 
 body={"results":[{"gender":"male","name":{"title":"Mr","first":"Luka","last":"Dvergsdal"},"location":{"street":{"number":1428,"name":"Pontoppidans gate"},"city":"Lauve","state":"Buskerud","country":"Norway","postcode":"7372","coordinates":{"latitude":"46.2785","longitude":"-33.1253"},"timezone":{"offset":"-6:00","description":"Central Time (US &amp; Canada), Mexico City"}},"email":"luka.dvergsdal@example.com","login":{"uuid":"8232a72a-0efb-4085-85ea-4fdc4dce95ff","username":"whitemouse339","password":"fellow","salt":"a59UbIwp","md5":"e8e9ad9da70ebb5e3f88b36ba30fba34","sha1":"3f12ec224424c6d931249a010031b76ca1891eb8","sha256":"f8e6b75dbfa4c30644a946e20c02cd145033d608ca3c417edf87d3bfca5ea04b"},"dob":{"date":"2001-03-22T08:44:36.214Z","age":23},"registered":{"date":"2019-02-22T10:08:11.204Z","age":5},"phone":"38785399","cell":"44868427","id":{"name":"FN","value":"22030174597"},"picture":{"large":"https://randomuser.me/api/portraits/men/78.jpg","medium":"https://randomuser.me/api/portraits/med/men/78.jpg","thumbnail":"https://randomuser.me/api/portraits/thumb/men/78.jpg"},"nat":"NO"}],"info":{"seed":"985f6a93a74432c7","results":1,"page":1,"version":"1.4"}} 
 </msg>
<msg time="2024-04-05T19:12:53.888681" level="INFO">/opt/hostedtoolcache/Python/3.12.2/x64/lib/python3.12/site-packages/urllib3/connectionpool.py:1103: InsecureRequestWarning: Unverified HTTPS request is being made to host 'randomuser.me'. Adding certificate verification is strongly advised. See: https://urllib3.readthedocs.io/en/latest/advanced-usage.html#tls-warnings
  warnings.warn(</msg>
<msg time="2024-04-05T19:12:53.888809" level="INFO">${response} = &lt;Response [200]&gt;</msg>
<var>${response}</var>
<arg>consultarAPI</arg>
<arg>/api</arg>
<doc>Sends a GET request on a previously created HTTP Session.</doc>
<status status="PASS" start="2024-04-05T19:12:53.813782" elapsed="0.075070"/>
</kw>
<kw name="Should Be Equal As Numbers" owner="BuiltIn">
<msg time="2024-04-05T19:12:53.889930" level="INFO">Argument types are:
&lt;class 'int'&gt;
&lt;class 'str'&gt;</msg>
<arg>${response.status_code}</arg>
<arg>200</arg>
<doc>Fails if objects are unequal after converting them to real numbers.</doc>
<status status="PASS" start="2024-04-05T19:12:53.889379" elapsed="0.000622"/>
</kw>
<kw name="Log" owner="BuiltIn">
<msg time="2024-04-05T19:12:53.890684" level="INFO">200</msg>
<arg>${response.status_code}</arg>
<doc>Logs the given message with the given level.</doc>
<status status="PASS" start="2024-04-05T19:12:53.890327" elapsed="0.000401"/>
</kw>
<kw name="Set Variable" owner="BuiltIn">
<msg time="2024-04-05T19:12:53.891480" level="INFO">${json_data} = {'results': [{'gender': 'male', 'name': {'title': 'Mr', 'first': 'Luka', 'last': 'Dvergsdal'}, 'location': {'street': {'number': 1428, 'name': 'Pontoppidans gate'}, 'city': 'Lauve', 'state': 'Buskerud...</msg>
<var>${json_data}</var>
<arg>${response.json()}</arg>
<doc>Returns the given values which can then be assigned to a variables.</doc>
<status status="PASS" start="2024-04-05T19:12:53.891043" elapsed="0.000465"/>
</kw>
<kw name="Dictionary Should Contain Key" owner="Collections">
<msg time="2024-04-05T19:12:53.892037" level="INFO">False</msg>
<arg>${json_data}</arg>
<arg>results</arg>
<doc>Fails if ``key`` is not found from ``dictionary``.</doc>
<status status="PASS" start="2024-04-05T19:12:53.891858" elapsed="0.000219"/>
</kw>
<status status="PASS" start="2024-04-05T19:12:53.813530" elapsed="0.078806"/>
</kw>
<doc>Testa se a API responde corretamente e retorna um objeto JSON válido.</doc>
<tag>testeRequisicaoBasica</tag>
<status status="PASS" start="2024-04-05T19:12:53.813011" elapsed="0.079503"/>
</test>
<test id="s1-s1-t3" name="Validar estrutura de resposta" line="22">
<kw name="Teste de Estrutura de Resposta" owner="random-user-service">
<kw name="GET On Session" owner="RequestsLibrary">
<msg time="2024-04-05T19:12:53.987243" level="INFO">GET Request : url=https://randomuser.me/api 
 path_url=/api 
 headers={'User-Agent': 'python-requests/2.31.0', 'Accept-Encoding': 'gzip, deflate', 'Accept': '*/*', 'Connection': 'keep-alive'} 
 body=None 
 </msg>
<msg time="2024-04-05T19:12:53.987323" level="INFO">GET Response : url=https://randomuser.me/api 
 status=200, reason=OK 
 headers={'Date': 'Fri, 05 Apr 2024 19:12:53 GMT', 'Content-Type': 'application/json; charset=utf-8', 'Transfer-Encoding': 'chunked', 'Connection': 'keep-alive', 'X-Powered-By': 'Express', 'Access-Control-Allow-Origin': '*', 'Cache-Control': 'no-cache', 'ETag': 'W/"47d-yvLnj19z0BJ5zDsr3k1cwglpTvQ"', 'Vary': 'Accept-Encoding', 'Content-Encoding': 'gzip', 'CF-Cache-Status': 'DYNAMIC', 'Report-To': '{"endpoints":[{"url":"https:\\/\\/a.nel.cloudflare.com\\/report\\/v4?s=xqqjSBiFNJiZglZQVdfW%2BUpHzbHXez3eHaVlK360A2KYKKzFgPE4nsez7URYorqOullCXrChYg6%2BtqU9UDq%2FdGA7MOKR5mdFGGXy0x4OWKUIc8jKpFBNwBvbJpDPpevy"}],"group":"cf-nel","max_age":604800}', 'NEL': '{"success_fraction":0,"report_to":"cf-nel","max_age":604800}', 'Server': 'cloudflare', 'CF-RAY': '86fbda30d8dc0164-ORD', 'alt-svc': 'h3=":443"; ma=86400'} 
 body={"results":[{"gender":"female","name":{"title":"Miss","first":"Isidora","last":"Skaskiv"},"location":{"street":{"number":3177,"name":"Maksima Krivonosa"},"city":"Dobropillya","state":"Harkivska","country":"Ukraine","postcode":66912,"coordinates":{"latitude":"80.4096","longitude":"174.2184"},"timezone":{"offset":"+3:30","description":"Tehran"}},"email":"isidora.skaskiv@example.com","login":{"uuid":"5c39574c-a9f3-4816-abf9-32713120a0eb","username":"organicduck223","password":"xiong","salt":"J9oFgyNR","md5":"afe7b6abc77cf183397e8bb0616a00aa","sha1":"047cec99cfadbf4ae3a08d5450817f2929a608e9","sha256":"86431459b410b19275b881023b772d29ebe2649b00d85a1996f25c14b3610653"},"dob":{"date":"1971-12-04T14:39:57.215Z","age":52},"registered":{"date":"2004-04-02T22:45:34.750Z","age":20},"phone":"(066) E06-0875","cell":"(097) M26-8433","id":{"name":"","value":null},"picture":{"large":"https://randomuser.me/api/portraits/women/22.jpg","medium":"https://randomuser.me/api/portraits/med/women/22.jpg","thumbnail":"https://randomuser.me/api/portraits/thumb/women/22.jpg"},"nat":"UA"}],"info":{"seed":"e9d67846ec5cda0b","results":1,"page":1,"version":"1.4"}} 
 </msg>
<msg time="2024-04-05T19:12:53.987450" level="INFO">/opt/hostedtoolcache/Python/3.12.2/x64/lib/python3.12/site-packages/urllib3/connectionpool.py:1103: InsecureRequestWarning: Unverified HTTPS request is being made to host 'randomuser.me'. Adding certificate verification is strongly advised. See: https://urllib3.readthedocs.io/en/latest/advanced-usage.html#tls-warnings
  warnings.warn(</msg>
<msg time="2024-04-05T19:12:53.987577" level="INFO">${response} = &lt;Response [200]&gt;</msg>
<var>${response}</var>
<arg>consultarAPI</arg>
<arg>/api</arg>
<doc>Sends a GET request on a previously created HTTP Session.</doc>
<status status="PASS" start="2024-04-05T19:12:53.895164" elapsed="0.092462"/>
</kw>
<kw name="Set Variable" owner="BuiltIn">
<msg time="2024-04-05T19:12:53.988920" level="INFO">${json_data} = {'results': [{'gender': 'female', 'name': {'title': 'Miss', 'first': 'Isidora', 'last': 'Skaskiv'}, 'location': {'street': {'number': 3177, 'name': 'Maksima Krivonosa'}, 'city': 'Dobropillya', 'state'...</msg>
<var>${json_data}</var>
<arg>${response.json()}</arg>
<doc>Returns the given values which can then be assigned to a variables.</doc>
<status status="PASS" start="2024-04-05T19:12:53.988183" elapsed="0.000768"/>
</kw>
<kw name="Log" owner="BuiltIn">
<msg time="2024-04-05T19:12:53.989431" level="INFO">{'results': [{'gender': 'female', 'name': {'title': 'Miss', 'first': 'Isidora', 'last': 'Skaskiv'}, 'location': {'street': {'number': 3177, 'name': 'Maksima Krivonosa'}, 'city': 'Dobropillya', 'state': 'Harkivska', 'country': 'Ukraine', 'postcode': 66912, 'coordinates': {'latitude': '80.4096', 'longitude': '174.2184'}, 'timezone': {'offset': '+3:30', 'description': 'Tehran'}}, 'email': 'isidora.skaskiv@example.com', 'login': {'uuid': '5c39574c-a9f3-4816-abf9-32713120a0eb', 'username': 'organicduck223', 'password': 'xiong', 'salt': 'J9oFgyNR', 'md5': 'afe7b6abc77cf183397e8bb0616a00aa', 'sha1': '047cec99cfadbf4ae3a08d5450817f2929a608e9', 'sha256': '86431459b410b19275b881023b772d29ebe2649b00d85a1996f25c14b3610653'}, 'dob': {'date': '1971-12-04T14:39:57.215Z', 'age': 52}, 'registered': {'date': '2004-04-02T22:45:34.750Z', 'age': 20}, 'phone': '(066) E06-0875', 'cell': '(097) M26-8433', 'id': {'name': '', 'value': None}, 'picture': {'large': 'https://randomuser.me/api/portraits/women/22.jpg', 'medium': 'https://randomuser.me/api/portraits/med/women/22.jpg', 'thumbnail': 'https://randomuser.me/api/portraits/thumb/women/22.jpg'}, 'nat': 'UA'}], 'info': {'seed': 'e9d67846ec5cda0b', 'results': 1, 'page': 1, 'version': '1.4'}}</msg>
<arg>${json_data}</arg>
<doc>Logs the given message with the given level.</doc>
<status status="PASS" start="2024-04-05T19:12:53.989271" elapsed="0.000207"/>
</kw>
<kw name="Dictionary Should Contain Key" owner="Collections">
<msg time="2024-04-05T19:12:53.989931" level="INFO">False</msg>
<arg>${json_data}</arg>
<arg>results</arg>
<doc>Fails if ``key`` is not found from ``dictionary``.</doc>
<status status="PASS" start="2024-04-05T19:12:53.989778" elapsed="0.000191"/>
</kw>
<kw name="Should Not Be Empty" owner="BuiltIn">
<msg time="2024-04-05T19:12:53.990401" level="INFO">Length is 2.</msg>
<arg>${json_data}</arg>
<doc>Verifies that the given item is not empty.</doc>
<status status="PASS" start="2024-04-05T19:12:53.990265" elapsed="0.000175"/>
</kw>
<kw name="Create List" owner="BuiltIn">
<msg time="2024-04-05T19:12:53.990882" level="INFO">${expected_keys} = ['gender', 'name', 'location', 'email', 'login']</msg>
<var>${expected_keys}</var>
<arg>gender</arg>
<arg>name</arg>
<arg>location</arg>
<arg>email</arg>
<arg>login</arg>
<doc>Returns a list containing given items.</doc>
<status status="PASS" start="2024-04-05T19:12:53.990734" elapsed="0.000173"/>
</kw>
<for flavor="IN">
<iter>
<kw name="Dictionary Should Contain Key" owner="Collections">
<msg time="2024-04-05T19:12:53.991932" level="INFO">False</msg>
<arg>${json_data['results'][0]}</arg>
<arg>${key}</arg>
<doc>Fails if ``key`` is not found from ``dictionary``.</doc>
<status status="PASS" start="2024-04-05T19:12:53.991494" elapsed="0.000479"/>
</kw>
<kw name="Log" owner="BuiltIn">
<msg time="2024-04-05T19:12:53.992667" level="INFO">{'gender': 'female', 'name': {'title': 'Miss', 'first': 'Isidora', 'last': 'Skaskiv'}, 'location': {'street': {'number': 3177, 'name': 'Maksima Krivonosa'}, 'city': 'Dobropillya', 'state': 'Harkivska', 'country': 'Ukraine', 'postcode': 66912, 'coordinates': {'latitude': '80.4096', 'longitude': '174.2184'}, 'timezone': {'offset': '+3:30', 'description': 'Tehran'}}, 'email': 'isidora.skaskiv@example.com', 'login': {'uuid': '5c39574c-a9f3-4816-abf9-32713120a0eb', 'username': 'organicduck223', 'password': 'xiong', 'salt': 'J9oFgyNR', 'md5': 'afe7b6abc77cf183397e8bb0616a00aa', 'sha1': '047cec99cfadbf4ae3a08d5450817f2929a608e9', 'sha256': '86431459b410b19275b881023b772d29ebe2649b00d85a1996f25c14b3610653'}, 'dob': {'date': '1971-12-04T14:39:57.215Z', 'age': 52}, 'registered': {'date': '2004-04-02T22:45:34.750Z', 'age': 20}, 'phone': '(066) E06-0875', 'cell': '(097) M26-8433', 'id': {'name': '', 'value': None}, 'picture': {'large': 'https://randomuser.me/api/portraits/women/22.jpg', 'medium': 'https://randomuser.me/api/portraits/med/women/22.jpg', 'thumbnail': 'https://randomuser.me/api/portraits/thumb/women/22.jpg'}, 'nat': 'UA'}</msg>
<arg>${json_data['results'][0]}</arg>
<doc>Logs the given message with the given level.</doc>
<status status="PASS" start="2024-04-05T19:12:53.992289" elapsed="0.000427"/>
</kw>
<kw name="Log" owner="BuiltIn">
<msg time="2024-04-05T19:12:53.993150" level="INFO">gender</msg>
<arg>${key}</arg>
<doc>Logs the given message with the given level.</doc>
<status status="PASS" start="2024-04-05T19:12:53.993019" elapsed="0.000170"/>
</kw>
<var name="${key}">gender</var>
<status status="PASS" start="2024-04-05T19:12:53.991367" elapsed="0.002045"/>
</iter>
<iter>
<kw name="Dictionary Should Contain Key" owner="Collections">
<msg time="2024-04-05T19:12:53.994112" level="INFO">False</msg>
<arg>${json_data['results'][0]}</arg>
<arg>${key}</arg>
<doc>Fails if ``key`` is not found from ``dictionary``.</doc>
<status status="PASS" start="2024-04-05T19:12:53.993721" elapsed="0.000430"/>
</kw>
<kw name="Log" owner="BuiltIn">
<msg time="2024-04-05T19:12:53.994852" level="INFO">{'gender': 'female', 'name': {'title': 'Miss', 'first': 'Isidora', 'last': 'Skaskiv'}, 'location': {'street': {'number': 3177, 'name': 'Maksima Krivonosa'}, 'city': 'Dobropillya', 'state': 'Harkivska', 'country': 'Ukraine', 'postcode': 66912, 'coordinates': {'latitude': '80.4096', 'longitude': '174.2184'}, 'timezone': {'offset': '+3:30', 'description': 'Tehran'}}, 'email': 'isidora.skaskiv@example.com', 'login': {'uuid': '5c39574c-a9f3-4816-abf9-32713120a0eb', 'username': 'organicduck223', 'password': 'xiong', 'salt': 'J9oFgyNR', 'md5': 'afe7b6abc77cf183397e8bb0616a00aa', 'sha1': '047cec99cfadbf4ae3a08d5450817f2929a608e9', 'sha256': '86431459b410b19275b881023b772d29ebe2649b00d85a1996f25c14b3610653'}, 'dob': {'date': '1971-12-04T14:39:57.215Z', 'age': 52}, 'registered': {'date': '2004-04-02T22:45:34.750Z', 'age': 20}, 'phone': '(066) E06-0875', 'cell': '(097) M26-8433', 'id': {'name': '', 'value': None}, 'picture': {'large': 'https://randomuser.me/api/portraits/women/22.jpg', 'medium': 'https://randomuser.me/api/portraits/med/women/22.jpg', 'thumbnail': 'https://randomuser.me/api/portraits/thumb/women/22.jpg'}, 'nat': 'UA'}</msg>
<arg>${json_data['results'][0]}</arg>
<doc>Logs the given message with the given level.</doc>
<status status="PASS" start="2024-04-05T19:12:53.994487" elapsed="0.000414"/>
</kw>
<kw name="Log" owner="BuiltIn">
<msg time="2024-04-05T19:12:53.995340" level="INFO">name</msg>
<arg>${key}</arg>
<doc>Logs the given message with the given level.</doc>
<status status="PASS" start="2024-04-05T19:12:53.995206" elapsed="0.000175"/>
</kw>
<var name="${key}">name</var>
<status status="PASS" start="2024-04-05T19:12:53.993604" elapsed="0.001995"/>
</iter>
<iter>
<kw name="Dictionary Should Contain Key" owner="Collections">
<msg time="2024-04-05T19:12:53.996305" level="INFO">False</msg>
<arg>${json_data['results'][0]}</arg>
<arg>${key}</arg>
<doc>Fails if ``key`` is not found from ``dictionary``.</doc>
<status status="PASS" start="2024-04-05T19:12:53.995925" elapsed="0.000419"/>
</kw>
<kw name="Log" owner="BuiltIn">
<msg time="2024-04-05T19:12:53.997022" level="INFO">{'gender': 'female', 'name': {'title': 'Miss', 'first': 'Isidora', 'last': 'Skaskiv'}, 'location': {'street': {'number': 3177, 'name': 'Maksima Krivonosa'}, 'city': 'Dobropillya', 'state': 'Harkivska', 'country': 'Ukraine', 'postcode': 66912, 'coordinates': {'latitude': '80.4096', 'longitude': '174.2184'}, 'timezone': {'offset': '+3:30', 'description': 'Tehran'}}, 'email': 'isidora.skaskiv@example.com', 'login': {'uuid': '5c39574c-a9f3-4816-abf9-32713120a0eb', 'username': 'organicduck223', 'password': 'xiong', 'salt': 'J9oFgyNR', 'md5': 'afe7b6abc77cf183397e8bb0616a00aa', 'sha1': '047cec99cfadbf4ae3a08d5450817f2929a608e9', 'sha256': '86431459b410b19275b881023b772d29ebe2649b00d85a1996f25c14b3610653'}, 'dob': {'date': '1971-12-04T14:39:57.215Z', 'age': 52}, 'registered': {'date': '2004-04-02T22:45:34.750Z', 'age': 20}, 'phone': '(066) E06-0875', 'cell': '(097) M26-8433', 'id': {'name': '', 'value': None}, 'picture': {'large': 'https://randomuser.me/api/portraits/women/22.jpg', 'medium': 'https://randomuser.me/api/portraits/med/women/22.jpg', 'thumbnail': 'https://randomuser.me/api/portraits/thumb/women/22.jpg'}, 'nat': 'UA'}</msg>
<arg>${json_data['results'][0]}</arg>
<doc>Logs the given message with the given level.</doc>
<status status="PASS" start="2024-04-05T19:12:53.996650" elapsed="0.000425"/>
</kw>
<kw name="Log" owner="BuiltIn">
<msg time="2024-04-05T19:12:53.997499" level="INFO">location</msg>
<arg>${key}</arg>
<doc>Logs the given message with the given level.</doc>
<status status="PASS" start="2024-04-05T19:12:53.997373" elapsed="0.000166"/>
</kw>
<var name="${key}">location</var>
<status status="PASS" start="2024-04-05T19:12:53.995805" elapsed="0.001948"/>
</iter>
<iter>
<kw name="Dictionary Should Contain Key" owner="Collections">
<msg time="2024-04-05T19:12:53.998422" level="INFO">False</msg>
<arg>${json_data['results'][0]}</arg>
<arg>${key}</arg>
<doc>Fails if ``key`` is not found from ``dictionary``.</doc>
<status status="PASS" start="2024-04-05T19:12:53.998040" elapsed="0.000420"/>
</kw>
<kw name="Log" owner="BuiltIn">
<msg time="2024-04-05T19:12:53.999114" level="INFO">{'gender': 'female', 'name': {'title': 'Miss', 'first': 'Isidora', 'last': 'Skaskiv'}, 'location': {'street': {'number': 3177, 'name': 'Maksima Krivonosa'}, 'city': 'Dobropillya', 'state': 'Harkivska', 'country': 'Ukraine', 'postcode': 66912, 'coordinates': {'latitude': '80.4096', 'longitude': '174.2184'}, 'timezone': {'offset': '+3:30', 'description': 'Tehran'}}, 'email': 'isidora.skaskiv@example.com', 'login': {'uuid': '5c39574c-a9f3-4816-abf9-32713120a0eb', 'username': 'organicduck223', 'password': 'xiong', 'salt': 'J9oFgyNR', 'md5': 'afe7b6abc77cf183397e8bb0616a00aa', 'sha1': '047cec99cfadbf4ae3a08d5450817f2929a608e9', 'sha256': '86431459b410b19275b881023b772d29ebe2649b00d85a1996f25c14b3610653'}, 'dob': {'date': '1971-12-04T14:39:57.215Z', 'age': 52}, 'registered': {'date': '2004-04-02T22:45:34.750Z', 'age': 20}, 'phone': '(066) E06-0875', 'cell': '(097) M26-8433', 'id': {'name': '', 'value': None}, 'picture': {'large': 'https://randomuser.me/api/portraits/women/22.jpg', 'medium': 'https://randomuser.me/api/portraits/med/women/22.jpg', 'thumbnail': 'https://randomuser.me/api/portraits/thumb/women/22.jpg'}, 'nat': 'UA'}</msg>
<arg>${json_data['results'][0]}</arg>
<doc>Logs the given message with the given level.</doc>
<status status="PASS" start="2024-04-05T19:12:53.998759" elapsed="0.000404"/>
</kw>
<kw name="Log" owner="BuiltIn">
<msg time="2024-04-05T19:12:53.999588" level="INFO">email</msg>
<arg>${key}</arg>
<doc>Logs the given message with the given level.</doc>
<status status="PASS" start="2024-04-05T19:12:53.999460" elapsed="0.000167"/>
</kw>
<var name="${key}">email</var>
<status status="PASS" start="2024-04-05T19:12:53.997930" elapsed="0.001944"/>
</iter>
<iter>
<kw name="Dictionary Should Contain Key" owner="Collections">
<msg time="2024-04-05T19:12:54.000574" level="INFO">False</msg>
<arg>${json_data['results'][0]}</arg>
<arg>${key}</arg>
<doc>Fails if ``key`` is not found from ``dictionary``.</doc>
<status status="PASS" start="2024-04-05T19:12:54.000179" elapsed="0.000434"/>
</kw>
<kw name="Log" owner="BuiltIn">
<msg time="2024-04-05T19:12:54.001275" level="INFO">{'gender': 'female', 'name': {'title': 'Miss', 'first': 'Isidora', 'last': 'Skaskiv'}, 'location': {'street': {'number': 3177, 'name': 'Maksima Krivonosa'}, 'city': 'Dobropillya', 'state': 'Harkivska', 'country': 'Ukraine', 'postcode': 66912, 'coordinates': {'latitude': '80.4096', 'longitude': '174.2184'}, 'timezone': {'offset': '+3:30', 'description': 'Tehran'}}, 'email': 'isidora.skaskiv@example.com', 'login': {'uuid': '5c39574c-a9f3-4816-abf9-32713120a0eb', 'username': 'organicduck223', 'password': 'xiong', 'salt': 'J9oFgyNR', 'md5': 'afe7b6abc77cf183397e8bb0616a00aa', 'sha1': '047cec99cfadbf4ae3a08d5450817f2929a608e9', 'sha256': '86431459b410b19275b881023b772d29ebe2649b00d85a1996f25c14b3610653'}, 'dob': {'date': '1971-12-04T14:39:57.215Z', 'age': 52}, 'registered': {'date': '2004-04-02T22:45:34.750Z', 'age': 20}, 'phone': '(066) E06-0875', 'cell': '(097) M26-8433', 'id': {'name': '', 'value': None}, 'picture': {'large': 'https://randomuser.me/api/portraits/women/22.jpg', 'medium': 'https://randomuser.me/api/portraits/med/women/22.jpg', 'thumbnail': 'https://randomuser.me/api/portraits/thumb/women/22.jpg'}, 'nat': 'UA'}</msg>
<arg>${json_data['results'][0]}</arg>
<doc>Logs the given message with the given level.</doc>
<status status="PASS" start="2024-04-05T19:12:54.000911" elapsed="0.000419"/>
</kw>
<kw name="Log" owner="BuiltIn">
<msg time="2024-04-05T19:12:54.001762" level="INFO">login</msg>
<arg>${key}</arg>
<doc>Logs the given message with the given level.</doc>
<status status="PASS" start="2024-04-05T19:12:54.001634" elapsed="0.000275"/>
</kw>
<var name="${key}">login</var>
<status status="PASS" start="2024-04-05T19:12:54.000056" elapsed="0.002086"/>
</iter>
<var>${key}</var>
<value>@{expected_keys}</value>
<status status="PASS" start="2024-04-05T19:12:53.991176" elapsed="0.011120"/>
</for>
<kw name="Create List" owner="BuiltIn">
<msg time="2024-04-05T19:12:54.002644" level="INFO">${expected_keysTwo} = ['username', 'password']</msg>
<var>${expected_keysTwo}</var>
<arg>username</arg>
<arg>password</arg>
<doc>Returns a list containing given items.</doc>
<status status="PASS" start="2024-04-05T19:12:54.002503" elapsed="0.000166"/>
</kw>
<for flavor="IN">
<iter>
<kw name="Dictionary Should Contain Key" owner="Collections">
<msg time="2024-04-05T19:12:54.003563" level="INFO">False</msg>
<arg>${json_data['results'][0]['login']}</arg>
<arg>${keyTwo}</arg>
<doc>Fails if ``key`` is not found from ``dictionary``.</doc>
<status status="PASS" start="2024-04-05T19:12:54.003179" elapsed="0.000422"/>
</kw>
<kw name="Dictionary Should Contain Key" owner="Collections">
<msg time="2024-04-05T19:12:54.004321" level="INFO">False</msg>
<arg>${json_data['results'][0]['login']}</arg>
<arg>${keyTwo}</arg>
<doc>Fails if ``key`` is not found from ``dictionary``.</doc>
<status status="PASS" start="2024-04-05T19:12:54.003931" elapsed="0.000429"/>
</kw>
<kw name="Log" owner="BuiltIn">
<msg time="2024-04-05T19:12:54.004793" level="INFO">username</msg>
<arg>${keyTwo}</arg>
<doc>Logs the given message with the given level.</doc>
<status status="PASS" start="2024-04-05T19:12:54.004662" elapsed="0.000170"/>
</kw>
<var name="${keyTwo}">username</var>
<status status="PASS" start="2024-04-05T19:12:54.003065" elapsed="0.001986"/>
</iter>
<iter>
<kw name="Dictionary Should Contain Key" owner="Collections">
<msg time="2024-04-05T19:12:54.005719" level="INFO">False</msg>
<arg>${json_data['results'][0]['login']}</arg>
<arg>${keyTwo}</arg>
<doc>Fails if ``key`` is not found from ``dictionary``.</doc>
<status status="PASS" start="2024-04-05T19:12:54.005340" elapsed="0.000418"/>
</kw>
<kw name="Dictionary Should Contain Key" owner="Collections">
<msg time="2024-04-05T19:12:54.006436" level="INFO">False</msg>
<arg>${json_data['results'][0]['login']}</arg>
<arg>${keyTwo}</arg>
<doc>Fails if ``key`` is not found from ``dictionary``.</doc>
<status status="PASS" start="2024-04-05T19:12:54.006057" elapsed="0.000417"/>
</kw>
<kw name="Log" owner="BuiltIn">
<msg time="2024-04-05T19:12:54.006906" level="INFO">password</msg>
<arg>${keyTwo}</arg>
<doc>Logs the given message with the given level.</doc>
<status status="PASS" start="2024-04-05T19:12:54.006776" elapsed="0.000168"/>
</kw>
<var name="${keyTwo}">password</var>
<status status="PASS" start="2024-04-05T19:12:54.005228" elapsed="0.001936"/>
</iter>
<var>${keyTwo}</var>
<value>@{expected_keysTwo}</value>
<status status="PASS" start="2024-04-05T19:12:54.002909" elapsed="0.004379"/>
</for>
<status status="PASS" start="2024-04-05T19:12:53.894927" elapsed="0.112503"/>
</kw>
<doc>Testa a estrutura da resposta da API.</doc>
<tag>testeEstruturaResposta</tag>
<status status="PASS" start="2024-04-05T19:12:53.894327" elapsed="0.113259"/>
</test>
<test id="s1-s1-t4" name="Validar tipos de dados" line="28">
<kw name="Teste de Tipos de Dados" owner="random-user-service">
<kw name="GET On Session" owner="RequestsLibrary">
<msg time="2024-04-05T19:12:54.086261" level="INFO">GET Request : url=https://randomuser.me/api 
 path_url=/api 
 headers={'User-Agent': 'python-requests/2.31.0', 'Accept-Encoding': 'gzip, deflate', 'Accept': '*/*', 'Connection': 'keep-alive'} 
 body=None 
 </msg>
<msg time="2024-04-05T19:12:54.086327" level="INFO">GET Response : url=https://randomuser.me/api 
 status=200, reason=OK 
 headers={'Date': 'Fri, 05 Apr 2024 19:12:54 GMT', 'Content-Type': 'application/json; charset=utf-8', 'Transfer-Encoding': 'chunked', 'Connection': 'keep-alive', 'X-Powered-By': 'Express', 'Access-Control-Allow-Origin': '*', 'Cache-Control': 'no-cache', 'ETag': 'W/"48a-/aGkKkpKc7JTUvAOF4RsjkJ+oEY"', 'Vary': 'Accept-Encoding', 'Content-Encoding': 'gzip', 'CF-Cache-Status': 'DYNAMIC', 'Report-To': '{"endpoints":[{"url":"https:\\/\\/a.nel.cloudflare.com\\/report\\/v4?s=aWAtGfLzBkAfTiZW1R9%2B8sGMrryxwURU36I4fqnCIWdpzoHnq4z5GmgK1F1oEsJbUctBvZrOXPx5%2FSsxVwA5W%2BrJDHjm6vpqYXzfLme9Pe6zVBbc%2BXrxdXQia2O6kIG7"}],"group":"cf-nel","max_age":604800}', 'NEL': '{"success_fraction":0,"report_to":"cf-nel","max_age":604800}', 'Server': 'cloudflare', 'CF-RAY': '86fbda319a0e0164-ORD', 'alt-svc': 'h3=":443"; ma=86400'} 
 body={"results":[{"gender":"female","name":{"title":"Ms","first":"Gisa","last":"Pawlik"},"location":{"street":{"number":1963,"name":"Erlenweg"},"city":"Ganderkesee","state":"Bayern","country":"Germany","postcode":39357,"coordinates":{"latitude":"-52.0031","longitude":"114.2536"},"timezone":{"offset":"-8:00","description":"Pacific Time (US &amp; Canada)"}},"email":"gisa.pawlik@example.com","login":{"uuid":"5ac23441-5e3e-46ad-bd94-8aa9e1e11c5c","username":"crazyleopard673","password":"marsha","salt":"4n5zM18Y","md5":"43a9d14c9f9627fbb74dde3627f3ec33","sha1":"599c22790aa6f5245a0ddc5ee27349e7f423b9d6","sha256":"5c20d5a4d755f5bf7abb264b282b4237947a062ac76985b03dc304bce7a0088b"},"dob":{"date":"1980-08-15T09:49:39.603Z","age":43},"registered":{"date":"2014-09-05T11:46:55.662Z","age":9},"phone":"0181-0737346","cell":"0174-1289679","id":{"name":"SVNR","value":"67 150880 P 686"},"picture":{"large":"https://randomuser.me/api/portraits/women/86.jpg","medium":"https://randomuser.me/api/portraits/med/women/86.jpg","thumbnail":"https://randomuser.me/api/portraits/thumb/women/86.jpg"},"nat":"DE"}],"info":{"seed":"c60ce3402a8a8e1e","results":1,"page":1,"version":"1.4"}} 
 </msg>
<msg time="2024-04-05T19:12:54.086403" level="INFO">/opt/hostedtoolcache/Python/3.12.2/x64/lib/python3.12/site-packages/urllib3/connectionpool.py:1103: InsecureRequestWarning: Unverified HTTPS request is being made to host 'randomuser.me'. Adding certificate verification is strongly advised. See: https://urllib3.readthedocs.io/en/latest/advanced-usage.html#tls-warnings
  warnings.warn(</msg>
<msg time="2024-04-05T19:12:54.086511" level="INFO">${response} = &lt;Response [200]&gt;</msg>
<var>${response}</var>
<arg>consultarAPI</arg>
<arg>/api</arg>
<doc>Sends a GET request on a previously created HTTP Session.</doc>
<status status="PASS" start="2024-04-05T19:12:54.010152" elapsed="0.076399"/>
</kw>
<kw name="Set Variable" owner="BuiltIn">
<msg time="2024-04-05T19:12:54.087618" level="INFO">${json_data} = {'results': [{'gender': 'female', 'name': {'title': 'Ms', 'first': 'Gisa', 'last': 'Pawlik'}, 'location': {'street': {'number': 1963, 'name': 'Erlenweg'}, 'city': 'Ganderkesee', 'state': 'Bayern', 'co...</msg>
<var>${json_data}</var>
<arg>${response.json()}</arg>
<doc>Returns the given values which can then be assigned to a variables.</doc>
<status status="PASS" start="2024-04-05T19:12:54.087038" elapsed="0.000609"/>
</kw>
<kw name="Log" owner="BuiltIn">
<msg time="2024-04-05T19:12:54.088153" level="INFO">{'results': [{'gender': 'female', 'name': {'title': 'Ms', 'first': 'Gisa', 'last': 'Pawlik'}, 'location': {'street': {'number': 1963, 'name': 'Erlenweg'}, 'city': 'Ganderkesee', 'state': 'Bayern', 'country': 'Germany', 'postcode': 39357, 'coordinates': {'latitude': '-52.0031', 'longitude': '114.2536'}, 'timezone': {'offset': '-8:00', 'description': 'Pacific Time (US &amp; Canada)'}}, 'email': 'gisa.pawlik@example.com', 'login': {'uuid': '5ac23441-5e3e-46ad-bd94-8aa9e1e11c5c', 'username': 'crazyleopard673', 'password': 'marsha', 'salt': '4n5zM18Y', 'md5': '43a9d14c9f9627fbb74dde3627f3ec33', 'sha1': '599c22790aa6f5245a0ddc5ee27349e7f423b9d6', 'sha256': '5c20d5a4d755f5bf7abb264b282b4237947a062ac76985b03dc304bce7a0088b'}, 'dob': {'date': '1980-08-15T09:49:39.603Z', 'age': 43}, 'registered': {'date': '2014-09-05T11:46:55.662Z', 'age': 9}, 'phone': '0181-0737346', 'cell': '0174-1289679', 'id': {'name': 'SVNR', 'value': '67 150880 P 686'}, 'picture': {'large': 'https://randomuser.me/api/portraits/women/86.jpg', 'medium': 'https://randomuser.me/api/portraits/med/women/86.jpg', 'thumbnail': 'https://randomuser.me/api/portraits/thumb/women/86.jpg'}, 'nat': 'DE'}], 'info': {'seed': 'c60ce3402a8a8e1e', 'results': 1, 'page': 1, 'version': '1.4'}}</msg>
<arg>${json_data}</arg>
<doc>Logs the given message with the given level.</doc>
<status status="PASS" start="2024-04-05T19:12:54.087996" elapsed="0.000238"/>
</kw>
<kw name="Should Be String" owner="String">
<arg>${json_data['results'][0]['gender']}</arg>
<doc>Fails if the given ``item`` is not a string.</doc>
<status status="PASS" start="2024-04-05T19:12:54.088539" elapsed="0.000372"/>
</kw>
<kw name="Should Match Regexp" owner="BuiltIn">
<arg>${json_data['results'][0]['email']}</arg>
<arg>^[a-zA-Z0-9._%+-]+@[a-zA-Z0-9.-]+\.[a-zA-Z]{2,}$</arg>
<doc>Fails if ``string`` does not match ``pattern`` as a regular expression.</doc>
<status status="PASS" start="2024-04-05T19:12:54.089107" elapsed="0.000521"/>
</kw>
<kw name="Should Match Regexp" owner="BuiltIn">
<arg>${json_data['results'][0]['dob']['date']}</arg>
<arg>\\d{4}-\\d{2}-\\d{2}T\\d{2}:\\d{2}:\\d{2}\\.\\d{3}Z</arg>
<doc>Fails if ``string`` does not match ``pattern`` as a regular expression.</doc>
<status status="PASS" start="2024-04-05T19:12:54.089828" elapsed="0.000488"/>
</kw>
<kw name="Should Match Regexp" owner="BuiltIn">
<arg>${json_data['results'][0]['registered']['date']}</arg>
<arg>\\d{4}-\\d{2}-\\d{2}T\\d{2}:\\d{2}:\\d{2}\\.\\d{3}Z</arg>
<doc>Fails if ``string`` does not match ``pattern`` as a regular expression.</doc>
<status status="PASS" start="2024-04-05T19:12:54.090509" elapsed="0.000367"/>
</kw>
<kw name="Should Match Regexp" owner="BuiltIn">
<arg>${json_data['results'][0]['picture']['large']}</arg>
<arg>^https?://.*\.(?:png|jpe?g|gif|bmp)$</arg>
<doc>Fails if ``string`` does not match ``pattern`` as a regular expression.</doc>
<status status="PASS" start="2024-04-05T19:12:54.091065" elapsed="0.000457"/>
</kw>
<kw name="Should Match Regexp" owner="BuiltIn">
<arg>${json_data['results'][0]['picture']['medium']}</arg>
<arg>^https?://.*\.(?:png|jpe?g|gif|bmp)$</arg>
<doc>Fails if ``string`` does not match ``pattern`` as a regular expression.</doc>
<status status="PASS" start="2024-04-05T19:12:54.091718" elapsed="0.000399"/>
</kw>
<kw name="Should Match Regexp" owner="BuiltIn">
<arg>${json_data['results'][0]['picture']['thumbnail']}</arg>
<arg>^https?://.*\.(?:png|jpe?g|gif|bmp)$</arg>
<doc>Fails if ``string`` does not match ``pattern`` as a regular expression.</doc>
<status status="PASS" start="2024-04-05T19:12:54.092305" elapsed="0.000359"/>
</kw>
<kw name="Log" owner="BuiltIn">
<msg time="2024-04-05T19:12:54.093173" level="INFO">{'large': 'https://randomuser.me/api/portraits/women/86.jpg', 'medium': 'https://randomuser.me/api/portraits/med/women/86.jpg', 'thumbnail': 'https://randomuser.me/api/portraits/thumb/women/86.jpg'}</msg>
<arg>${json_data['results'][0]['picture']}</arg>
<doc>Logs the given message with the given level.</doc>
<status status="PASS" start="2024-04-05T19:12:54.092845" elapsed="0.000371"/>
</kw>
<status status="PASS" start="2024-04-05T19:12:54.009926" elapsed="0.083543"/>
</kw>
<kw name="Teste de Tipos de Dados - Postcode" owner="random-user-service">
<kw name="GET On Session" owner="RequestsLibrary">
<msg time="2024-04-05T19:12:54.185660" level="INFO">GET Request : url=https://randomuser.me/api 
 path_url=/api 
 headers={'User-Agent': 'python-requests/2.31.0', 'Accept-Encoding': 'gzip, deflate', 'Accept': '*/*', 'Connection': 'keep-alive'} 
 body=None 
 </msg>
<msg time="2024-04-05T19:12:54.185744" level="INFO">GET Response : url=https://randomuser.me/api 
 status=200, reason=OK 
 headers={'Date': 'Fri, 05 Apr 2024 19:12:54 GMT', 'Content-Type': 'application/json; charset=utf-8', 'Transfer-Encoding': 'chunked', 'Connection': 'keep-alive', 'X-Powered-By': 'Express', 'Access-Control-Allow-Origin': '*', 'Cache-Control': 'no-cache', 'ETag': 'W/"480-c/gpIeHs1UAy+IRDnQ05xrC6cb8"', 'Vary': 'Accept-Encoding', 'Content-Encoding': 'gzip', 'CF-Cache-Status': 'DYNAMIC', 'Report-To': '{"endpoints":[{"url":"https:\\/\\/a.nel.cloudflare.com\\/report\\/v4?s=9S7fgp%2BZLztlBYYTjg0RoRG2sCUxEZsN9l1ZuaIlK%2FjCn%2BNDR8BxOg%2FoViOYKpwRWRxVrIH73hkro%2FzJUM%2BclOuEOmLS%2FayrHUvhYtlMwHG%2BrO7xOeXClBVClqeR0AX1"}],"group":"cf-nel","max_age":604800}', 'NEL': '{"success_fraction":0,"report_to":"cf-nel","max_age":604800}', 'Server': 'cloudflare', 'CF-RAY': '86fbda321ade0164-ORD', 'alt-svc': 'h3=":443"; ma=86400'} 
 body={"results":[{"gender":"male","name":{"title":"Mr","first":"Lee","last":"Schmidt"},"location":{"street":{"number":9687,"name":"Marsh Ln"},"city":"Cape Fear","state":"Oregon","country":"United States","postcode":78325,"coordinates":{"latitude":"86.6287","longitude":"-58.3136"},"timezone":{"offset":"+7:00","description":"Bangkok, Hanoi, Jakarta"}},"email":"lee.schmidt@example.com","login":{"uuid":"9ddf72bc-91e4-4b60-943c-19eb50d45c5d","username":"bluerabbit193","password":"cynthia","salt":"Ke3rUzaY","md5":"4921dd6892fd462e26e68ea2fae3bf58","sha1":"3ad3852584c50cdbd367c4b349a768194cbbca34","sha256":"35d2916217cbdfaf6352386c346284e2d2a905d348187476160af6a5434e8199"},"dob":{"date":"1979-03-03T02:49:57.603Z","age":45},"registered":{"date":"2020-03-09T19:28:00.826Z","age":4},"phone":"(408) 437-3801","cell":"(422) 993-1351","id":{"name":"SSN","value":"122-79-4917"},"picture":{"large":"https://randomuser.me/api/portraits/men/73.jpg","medium":"https://randomuser.me/api/portraits/med/men/73.jpg","thumbnail":"https://randomuser.me/api/portraits/thumb/men/73.jpg"},"nat":"US"}],"info":{"seed":"6b0c337a3bbc0fda","results":1,"page":1,"version":"1.4"}} 
 </msg>
<msg time="2024-04-05T19:12:54.185830" level="INFO">/opt/hostedtoolcache/Python/3.12.2/x64/lib/python3.12/site-packages/urllib3/connectionpool.py:1103: InsecureRequestWarning: Unverified HTTPS request is being made to host 'randomuser.me'. Adding certificate verification is strongly advised. See: https://urllib3.readthedocs.io/en/latest/advanced-usage.html#tls-warnings
  warnings.warn(</msg>
<msg time="2024-04-05T19:12:54.185959" level="INFO">${response} = &lt;Response [200]&gt;</msg>
<var>${response}</var>
<arg>consultarAPI</arg>
<arg>/api</arg>
<doc>Sends a GET request on a previously created HTTP Session.</doc>
<status status="PASS" start="2024-04-05T19:12:54.094029" elapsed="0.091985"/>
</kw>
<kw name="Set Variable" owner="BuiltIn">
<msg time="2024-04-05T19:12:54.187087" level="INFO">${json_data} = {'results': [{'gender': 'male', 'name': {'title': 'Mr', 'first': 'Lee', 'last': 'Schmidt'}, 'location': {'street': {'number': 9687, 'name': 'Marsh Ln'}, 'city': 'Cape Fear', 'state': 'Oregon', 'countr...</msg>
<var>${json_data}</var>
<arg>${response.json()}</arg>
<doc>Returns the given values which can then be assigned to a variables.</doc>
<status status="PASS" start="2024-04-05T19:12:54.186509" elapsed="0.000607"/>
</kw>
<kw name="Log" owner="BuiltIn">
<msg time="2024-04-05T19:12:54.187579" level="INFO">{'results': [{'gender': 'male', 'name': {'title': 'Mr', 'first': 'Lee', 'last': 'Schmidt'}, 'location': {'street': {'number': 9687, 'name': 'Marsh Ln'}, 'city': 'Cape Fear', 'state': 'Oregon', 'country': 'United States', 'postcode': 78325, 'coordinates': {'latitude': '86.6287', 'longitude': '-58.3136'}, 'timezone': {'offset': '+7:00', 'description': 'Bangkok, Hanoi, Jakarta'}}, 'email': 'lee.schmidt@example.com', 'login': {'uuid': '9ddf72bc-91e4-4b60-943c-19eb50d45c5d', 'username': 'bluerabbit193', 'password': 'cynthia', 'salt': 'Ke3rUzaY', 'md5': '4921dd6892fd462e26e68ea2fae3bf58', 'sha1': '3ad3852584c50cdbd367c4b349a768194cbbca34', 'sha256': '35d2916217cbdfaf6352386c346284e2d2a905d348187476160af6a5434e8199'}, 'dob': {'date': '1979-03-03T02:49:57.603Z', 'age': 45}, 'registered': {'date': '2020-03-09T19:28:00.826Z', 'age': 4}, 'phone': '(408) 437-3801', 'cell': '(422) 993-1351', 'id': {'name': 'SSN', 'value': '122-79-4917'}, 'picture': {'large': 'https://randomuser.me/api/portraits/men/73.jpg', 'medium': 'https://randomuser.me/api/portraits/med/men/73.jpg', 'thumbnail': 'https://randomuser.me/api/portraits/thumb/men/73.jpg'}, 'nat': 'US'}], 'info': {'seed': '6b0c337a3bbc0fda', 'results': 1, 'page': 1, 'version': '1.4'}}</msg>
<arg>${json_data}</arg>
<doc>Logs the given message with the given level.</doc>
<status status="PASS" start="2024-04-05T19:12:54.187425" elapsed="0.000231"/>
</kw>
<kw name="Should Be Equal As Numbers" owner="BuiltIn">
<arg>${json_data['results'][0]['location']['postcode']}</arg>
<arg>${json_data['results'][0]['location']['postcode']}</arg>
<doc>Fails if objects are unequal after converting them to real numbers.</doc>
<status status="PASS" start="2024-04-05T19:12:54.188044" elapsed="0.000636"/>
</kw>
<kw name="Log" owner="BuiltIn">
<msg time="2024-04-05T19:12:54.189213" level="INFO">78325</msg>
<arg>${json_data['results'][0]['location']['postcode']}</arg>
<doc>Logs the given message with the given level.</doc>
<status status="PASS" start="2024-04-05T19:12:54.188876" elapsed="0.000379"/>
</kw>
<status status="PASS" start="2024-04-05T19:12:54.093684" elapsed="0.095824"/>
</kw>
<doc>Testa se os tipos de dados na resposta da API estão corretos.</doc>
<tag>testeTiposDados</tag>
<status status="PASS" start="2024-04-05T19:12:54.009404" elapsed="0.180269"/>
</test>
<test id="s1-s1-t5" name="Validar conteudo" line="35">
<kw name="Teste de Tipos de Conteudo" owner="random-user-service">
<kw name="GET On Session" owner="RequestsLibrary">
<msg time="2024-04-05T19:12:54.283917" level="INFO">GET Request : url=https://randomuser.me/api 
 path_url=/api 
 headers={'User-Agent': 'python-requests/2.31.0', 'Accept-Encoding': 'gzip, deflate', 'Accept': '*/*', 'Connection': 'keep-alive'} 
 body=None 
 </msg>
<msg time="2024-04-05T19:12:54.284001" level="INFO">GET Response : url=https://randomuser.me/api 
 status=200, reason=OK 
 headers={'Date': 'Fri, 05 Apr 2024 19:12:54 GMT', 'Content-Type': 'application/json; charset=utf-8', 'Transfer-Encoding': 'chunked', 'Connection': 'keep-alive', 'X-Powered-By': 'Express', 'Access-Control-Allow-Origin': '*', 'Cache-Control': 'no-cache', 'ETag': 'W/"47a-b1qg5QY8gjAxoNcQ6kONu3XztJU"', 'Vary': 'Accept-Encoding', 'Content-Encoding': 'gzip', 'CF-Cache-Status': 'DYNAMIC', 'Report-To': '{"endpoints":[{"url":"https:\\/\\/a.nel.cloudflare.com\\/report\\/v4?s=sRhdcT%2ByvK9HYf%2BOgXV0MFb1bav2pN1ZNfHz2UHqIlslcy6aRvEhJE8NlZZEpyJECq3MiXxISPZfd%2Bt90JJzN1iGW5ZWo9xlGh7iF4sKucL9YrKFEaWEyJRvnwcjuPYm"}],"group":"cf-nel","max_age":604800}', 'NEL': '{"success_fraction":0,"report_to":"cf-nel","max_age":604800}', 'Server': 'cloudflare', 'CF-RAY': '86fbda32bbe60164-ORD', 'alt-svc': 'h3=":443"; ma=86400'} 
 body={"results":[{"gender":"female","name":{"title":"Miss","first":"Alice","last":"Roy"},"location":{"street":{"number":9271,"name":"Tecumseh Rd"},"city":"Burlington","state":"New Brunswick","country":"Canada","postcode":"I9R 1H0","coordinates":{"latitude":"-66.7887","longitude":"83.8328"},"timezone":{"offset":"+4:30","description":"Kabul"}},"email":"alice.roy@example.com","login":{"uuid":"0c1aee14-42ad-4a7d-a06d-cafa6bcfdfd1","username":"ticklishpeacock667","password":"graves","salt":"iPYPD1xb","md5":"bfc9ba5767c1e10415f35a05cf6f039c","sha1":"616d382cc2fc34bb15304e43a6689f81839f7c14","sha256":"ca3aae00597cd4f5cbdaa55a2ca9f7449da8f44ddec4531ca94971ecfdb4308a"},"dob":{"date":"2001-04-21T11:29:40.856Z","age":22},"registered":{"date":"2015-08-14T06:39:24.063Z","age":8},"phone":"S79 V98-1020","cell":"T44 C99-4283","id":{"name":"SIN","value":"521174102"},"picture":{"large":"https://randomuser.me/api/portraits/women/37.jpg","medium":"https://randomuser.me/api/portraits/med/women/37.jpg","thumbnail":"https://randomuser.me/api/portraits/thumb/women/37.jpg"},"nat":"CA"}],"info":{"seed":"df8fb6f2744d4ce3","results":1,"page":1,"version":"1.4"}} 
 </msg>
<msg time="2024-04-05T19:12:54.284074" level="INFO">/opt/hostedtoolcache/Python/3.12.2/x64/lib/python3.12/site-packages/urllib3/connectionpool.py:1103: InsecureRequestWarning: Unverified HTTPS request is being made to host 'randomuser.me'. Adding certificate verification is strongly advised. See: https://urllib3.readthedocs.io/en/latest/advanced-usage.html#tls-warnings
  warnings.warn(</msg>
<msg time="2024-04-05T19:12:54.284193" level="INFO">${response} = &lt;Response [200]&gt;</msg>
<var>${response}</var>
<arg>consultarAPI</arg>
<arg>/api</arg>
<doc>Sends a GET request on a previously created HTTP Session.</doc>
<status status="PASS" start="2024-04-05T19:12:54.192158" elapsed="0.092087"/>
</kw>
<kw name="Set Variable" owner="BuiltIn">
<msg time="2024-04-05T19:12:54.285335" level="INFO">${json_data} = {'results': [{'gender': 'female', 'name': {'title': 'Miss', 'first': 'Alice', 'last': 'Roy'}, 'location': {'street': {'number': 9271, 'name': 'Tecumseh Rd'}, 'city': 'Burlington', 'state': 'New Brunsw...</msg>
<var>${json_data}</var>
<arg>${response.json()}</arg>
<doc>Returns the given values which can then be assigned to a variables.</doc>
<status status="PASS" start="2024-04-05T19:12:54.284742" elapsed="0.000622"/>
</kw>
<kw name="Set Variable" owner="BuiltIn">
<msg time="2024-04-05T19:12:54.286076" level="INFO">${name_title} = Miss</msg>
<var>${name_title}</var>
<arg>${json_data["results"][0]["name"]["title"]}</arg>
<doc>Returns the given values which can then be assigned to a variables.</doc>
<status status="PASS" start="2024-04-05T19:12:54.285688" elapsed="0.000413"/>
</kw>
<kw name="Create List" owner="BuiltIn">
<msg time="2024-04-05T19:12:54.286566" level="INFO">${allowed_titles} = ['Mr', 'Ms', 'Miss', 'Mrs', 'Madame', 'Monsieur']</msg>
<var>${allowed_titles}</var>
<arg>Mr</arg>
<arg>Ms</arg>
<arg>Miss</arg>
<arg>Mrs</arg>
<arg>Madame</arg>
<arg>Monsieur</arg>
<doc>Returns a list containing given items.</doc>
<status status="PASS" start="2024-04-05T19:12:54.286409" elapsed="0.000181"/>
</kw>
<kw name="List Should Contain Value" owner="Collections">
<msg time="2024-04-05T19:12:54.287087" level="INFO">False</msg>
<arg>${allowed_titles}</arg>
<arg>${name_title}</arg>
<doc>Fails if the ``value`` is not found from ``list``.</doc>
<status status="PASS" start="2024-04-05T19:12:54.286914" elapsed="0.000210"/>
</kw>
<kw name="Set Variable" owner="BuiltIn">
<msg time="2024-04-05T19:12:54.287840" level="INFO">${name_country} = CA</msg>
<var>${name_country}</var>
<arg>${json_data["results"][0]["nat"]}</arg>
<doc>Returns the given values which can then be assigned to a variables.</doc>
<status status="PASS" start="2024-04-05T19:12:54.287416" elapsed="0.000453"/>
</kw>
<kw name="Create List" owner="BuiltIn">
<msg time="2024-04-05T19:12:54.288811" level="INFO">${list_country} = ['AD', 'AE', 'AF', 'AG', 'AI', 'AL', 'AM', 'AO', 'AQ', 'AR', 'AS', 'AT', 'AU', 'AW', 'AX', 'AZ', 'BA', 'BB', 'BD', 'BE', 'BF', 'BG', 'BH', 'BI', 'BJ', 'BL', 'BM', 'BN', 'BO', 'BQ', 'BR', 'BS', 'BT', '...</msg>
<var>${list_country}</var>
<arg>AD</arg>
<arg>AE</arg>
<arg>AF</arg>
<arg>AG</arg>
<arg>AI</arg>
<arg>AL</arg>
<arg>AM</arg>
<arg>AO</arg>
<arg>AQ</arg>
<arg>AR</arg>
<arg>AS</arg>
<arg>AT</arg>
<arg>AU</arg>
<arg>AW</arg>
<arg>AX</arg>
<arg>AZ</arg>
<arg>BA</arg>
<arg>BB</arg>
<arg>BD</arg>
<arg>BE</arg>
<arg>BF</arg>
<arg>BG</arg>
<arg>BH</arg>
<arg>BI</arg>
<arg>BJ</arg>
<arg>BL</arg>
<arg>BM</arg>
<arg>BN</arg>
<arg>BO</arg>
<arg>BQ</arg>
<arg>BR</arg>
<arg>BS</arg>
<arg>BT</arg>
<arg>BV</arg>
<arg>BW</arg>
<arg>BY</arg>
<arg>BZ</arg>
<arg>CA</arg>
<arg>CC</arg>
<arg>CD</arg>
<arg>CF</arg>
<arg>CG</arg>
<arg>CH</arg>
<arg>CI</arg>
<arg>CK</arg>
<arg>CL</arg>
<arg>CM</arg>
<arg>CN</arg>
<arg>CO</arg>
<arg>CR</arg>
<arg>CU</arg>
<arg>CV</arg>
<arg>CW</arg>
<arg>CX</arg>
<arg>CY</arg>
<arg>CZ</arg>
<arg>DE</arg>
<arg>DJ</arg>
<arg>DK</arg>
<arg>DM</arg>
<arg>DO</arg>
<arg>DZ</arg>
<arg>EC</arg>
<arg>EE</arg>
<arg>EG</arg>
<arg>EH</arg>
<arg>ER</arg>
<arg>ES</arg>
<arg>ET</arg>
<arg>FI</arg>
<arg>FJ</arg>
<arg>FK</arg>
<arg>FM</arg>
<arg>FO</arg>
<arg>FR</arg>
<arg>GA</arg>
<arg>GB</arg>
<arg>GD</arg>
<arg>GE</arg>
<arg>GF</arg>
<arg>GG</arg>
<arg>GH</arg>
<arg>GI</arg>
<arg>GL</arg>
<arg>GM</arg>
<arg>GN</arg>
<arg>GP</arg>
<arg>GQ</arg>
<arg>GR</arg>
<arg>GS</arg>
<arg>GT</arg>
<arg>GU</arg>
<arg>GW</arg>
<arg>GY</arg>
<arg>HK</arg>
<arg>HM</arg>
<arg>HN</arg>
<arg>HR</arg>
<arg>HT</arg>
<arg>HU</arg>
<arg>ID</arg>
<arg>IE</arg>
<arg>IL</arg>
<arg>IM</arg>
<arg>IN</arg>
<arg>IO</arg>
<arg>IQ</arg>
<arg>IR</arg>
<arg>IS</arg>
<arg>IT</arg>
<arg>JE</arg>
<arg>JM</arg>
<arg>JO</arg>
<arg>JP</arg>
<arg>KE</arg>
<arg>KG</arg>
<arg>KH</arg>
<arg>KI</arg>
<arg>KM</arg>
<arg>KN</arg>
<arg>KP</arg>
<arg>KR</arg>
<arg>KW</arg>
<arg>KY</arg>
<arg>KZ</arg>
<arg>LA</arg>
<arg>LB</arg>
<arg>LC</arg>
<arg>LI</arg>
<arg>LK</arg>
<arg>LR</arg>
<arg>LS</arg>
<arg>LT</arg>
<arg>LU</arg>
<arg>LV</arg>
<arg>LY</arg>
<arg>MA</arg>
<arg>MC</arg>
<arg>MD</arg>
<arg>ME</arg>
<arg>MF</arg>
<arg>MG</arg>
<arg>MH</arg>
<arg>MK</arg>
<arg>ML</arg>
<arg>MM</arg>
<arg>MN</arg>
<arg>MO</arg>
<arg>MP</arg>
<arg>MQ</arg>
<arg>MR</arg>
<arg>MS</arg>
<arg>MT</arg>
<arg>MU</arg>
<arg>MV</arg>
<arg>MW</arg>
<arg>MX</arg>
<arg>MY</arg>
<arg>MZ</arg>
<arg>NA</arg>
<arg>NC</arg>
<arg>NE</arg>
<arg>NF</arg>
<arg>NG</arg>
<arg>NI</arg>
<arg>NL</arg>
<arg>NO</arg>
<arg>NP</arg>
<arg>NR</arg>
<arg>NU</arg>
<arg>NZ</arg>
<arg>OM</arg>
<arg>PA</arg>
<arg>PE</arg>
<arg>PF</arg>
<arg>PG</arg>
<arg>PH</arg>
<arg>PK</arg>
<arg>PL</arg>
<arg>PM</arg>
<arg>PN</arg>
<arg>PR</arg>
<arg>PS</arg>
<arg>PT</arg>
<arg>PW</arg>
<arg>PY</arg>
<arg>QA</arg>
<arg>RE</arg>
<arg>RO</arg>
<arg>RS</arg>
<arg>RU</arg>
<arg>RW</arg>
<arg>SA</arg>
<arg>SB</arg>
<arg>SC</arg>
<arg>SD</arg>
<arg>SE</arg>
<arg>SG</arg>
<arg>SH</arg>
<arg>SI</arg>
<arg>SJ</arg>
<arg>SK</arg>
<arg>SL</arg>
<arg>SM</arg>
<arg>SN</arg>
<arg>SO</arg>
<arg>SR</arg>
<arg>SS</arg>
<arg>ST</arg>
<arg>SV</arg>
<arg>SX</arg>
<arg>SY</arg>
<arg>SZ</arg>
<arg>TC</arg>
<arg>TD</arg>
<arg>TF</arg>
<arg>TG</arg>
<arg>TH</arg>
<arg>TJ</arg>
<arg>TK</arg>
<arg>TL</arg>
<arg>TM</arg>
<arg>TN</arg>
<arg>TO</arg>
<arg>TR</arg>
<arg>TT</arg>
<arg>TV</arg>
<arg>TW</arg>
<arg>TZ</arg>
<arg>UA</arg>
<arg>UG</arg>
<arg>UM</arg>
<arg>US</arg>
<arg>UY</arg>
<arg>UZ</arg>
<arg>VA</arg>
<arg>VC</arg>
<arg>VE</arg>
<arg>VG</arg>
<arg>VI</arg>
<arg>VN</arg>
<arg>VU</arg>
<arg>WF</arg>
<arg>WS</arg>
<arg>XK</arg>
<arg>YE</arg>
<arg>YT</arg>
<arg>ZA</arg>
<arg>ZM</arg>
<arg>ZW</arg>
<doc>Returns a list containing given items.</doc>
<status status="PASS" start="2024-04-05T19:12:54.288189" elapsed="0.000648"/>
</kw>
<kw name="List Should Contain Value" owner="Collections">
<msg time="2024-04-05T19:12:54.289963" level="INFO">False</msg>
<arg>${list_country}</arg>
<arg>${name_country}</arg>
<doc>Fails if the ``value`` is not found from ``list``.</doc>
<status status="PASS" start="2024-04-05T19:12:54.289753" elapsed="0.000248"/>
</kw>
<kw name="Run Keyword If" owner="BuiltIn">
<kw name="Should Be True" owner="BuiltIn">
<arg>${True}</arg>
<doc>Fails if the given condition is not true.</doc>
<status status="PASS" start="2024-04-05T19:12:54.291073" elapsed="0.000147"/>
</kw>
<arg>${json_data["results"][0]["location"]["coordinates"]["latitude"]} &gt;= -90 and ${json_data["results"][0]["location"]["coordinates"]["latitude"]} &lt;= 90</arg>
<arg>Should Be True</arg>
<arg>${True}</arg>
<doc>Runs the given keyword with the given arguments, if ``condition`` is true.</doc>
<status status="PASS" start="2024-04-05T19:12:54.290319" elapsed="0.001031"/>
</kw>
<kw name="Run Keyword If" owner="BuiltIn">
<kw name="Should Be True" owner="BuiltIn">
<arg>${True}</arg>
<doc>Fails if the given condition is not true.</doc>
<status status="PASS" start="2024-04-05T19:12:54.292303" elapsed="0.000143"/>
</kw>
<arg>${json_data["results"][0]["location"]["coordinates"]["longitude"]} &gt;= -180 and ${json_data["results"][0]["location"]["coordinates"]["longitude"]} &lt;= 180</arg>
<arg>Should Be True</arg>
<arg>${True}</arg>
<doc>Runs the given keyword with the given arguments, if ``condition`` is true.</doc>
<status status="PASS" start="2024-04-05T19:12:54.291543" elapsed="0.001030"/>
</kw>
<status status="PASS" start="2024-04-05T19:12:54.191932" elapsed="0.100769"/>
</kw>
<doc>Testa o conteúdo específico dos campos retornados pela API.</doc>
<tag>testeConteudo</tag>
<status status="PASS" start="2024-04-05T19:12:54.191398" elapsed="0.101451"/>
</test>
<status status="PASS" start="2024-04-05T19:12:53.509428" elapsed="0.785333"/>
</suite>
<status status="PASS" start="2024-04-05T19:12:53.495757" elapsed="0.804429"/>
</suite>
<statistics>
<total>
<stat pass="5" fail="0" skip="0">All Tests</stat>
</total>
<tag>
<stat pass="1" fail="0" skip="0">testeConteudo</stat>
<stat pass="1" fail="0" skip="0">testeEstruturaResposta</stat>
<stat pass="1" fail="0" skip="0">testeRequisicaoBasica</stat>
<stat pass="1" fail="0" skip="0">testeTiposDados</stat>
</tag>
<suite>
<stat pass="5" fail="0" skip="0" id="s1" name="Tests">Tests</stat>
<stat pass="5" fail="0" skip="0" id="s1-s1" name="Random-User-Test">Tests.Random-User-Test</stat>
</suite>
</statistics>
<errors>
</errors>
</robot>
