<?xml version="1.0" encoding="UTF-8"?>
<robot generator="Robot 7.0 (Python 3.12.2 on linux)" generated="2024-04-07T08:18:13.415018" rpa="false" schemaversion="5">
<suite id="s1" name="Tests" source="/home/runner/work/DesafioQAItauRogerioJordao/DesafioQAItauRogerioJordao/RamdonUser/tests">
<suite id="s1-s1" name="Random-User-Test" source="/home/runner/work/DesafioQAItauRogerioJordao/DesafioQAItauRogerioJordao/RamdonUser/tests/random-user-test.robot">
<test id="s1-s1-t1" name="Conectar" line="13">
<kw name="Conectar API" owner="random-user-service">
<kw name="Create Session" owner="RequestsLibrary">
<msg time="2024-04-07T08:18:13.775120" level="INFO">Creating Session using : alias=consultarAPI, url=https://randomuser.me/, headers={},                     cookies={}, auth=None, timeout=None, proxies=None, verify=False,                     debug=0 </msg>
<arg>consultarAPI</arg>
<arg>${URL}</arg>
<doc>Create Session: create a HTTP session to a server</doc>
<status status="PASS" start="2024-04-07T08:18:13.774927" elapsed="0.000360"/>
</kw>
<status status="PASS" start="2024-04-07T08:18:13.773907" elapsed="0.001722"/>
</kw>
<status status="PASS" start="2024-04-07T08:18:13.773394" elapsed="0.002440"/>
</test>
<test id="s1-s1-t2" name="Validar retorno 200 e JSON Válido" line="16">
<kw name="Teste de Requisicao Basica" owner="random-user-service">
<kw name="GET On Session" owner="RequestsLibrary">
<msg time="2024-04-07T08:18:14.355936" level="INFO">GET Request : url=https://randomuser.me/api 
 path_url=/api 
 headers={'User-Agent': 'python-requests/2.31.0', 'Accept-Encoding': 'gzip, deflate', 'Accept': '*/*', 'Connection': 'keep-alive'} 
 body=None 
 </msg>
<msg time="2024-04-07T08:18:14.356084" level="INFO">GET Response : url=https://randomuser.me/api 
 status=200, reason=OK 
 headers={'Date': 'Sun, 07 Apr 2024 08:18:14 GMT', 'Content-Type': 'application/json; charset=utf-8', 'Transfer-Encoding': 'chunked', 'Connection': 'keep-alive', 'X-Powered-By': 'Express', 'Access-Control-Allow-Origin': '*', 'Cache-Control': 'no-cache', 'ETag': 'W/"4ad-KhDCj0UilZGS+ANT8bQ8Tqitc1U"', 'Vary': 'Accept-Encoding', 'Content-Encoding': 'gzip', 'CF-Cache-Status': 'DYNAMIC', 'Report-To': '{"endpoints":[{"url":"https:\\/\\/a.nel.cloudflare.com\\/report\\/v4?s=4EBux3BizBJ2P8CwPKxIn0FpemOElwgLb9CYtQyErixu7gZzQDHuNAU%2FschHI6r79%2BZ8URL8UmJWwLIP%2FqVgaZic5KMUye3o85LaSE80WX0neqEXfNy1fC3MI8%2F9dWz%2B"}],"group":"cf-nel","max_age":604800}', 'NEL': '{"success_fraction":0,"report_to":"cf-nel","max_age":604800}', 'Server': 'cloudflare', 'CF-RAY': '870895f45f3f28c4-IAD', 'alt-svc': 'h3=":443"; ma=86400'} 
 body={"results":[{"gender":"male","name":{"title":"Monsieur","first":"Thierry","last":"Masson"},"location":{"street":{"number":4657,"name":"Rue Laure-Diebold"},"city":"Kilchberg (Bl)","state":"Aargau","country":"Switzerland","postcode":9004,"coordinates":{"latitude":"-62.1469","longitude":"-36.5775"},"timezone":{"offset":"+5:00","description":"Ekaterinburg, Islamabad, Karachi, Tashkent"}},"email":"thierry.masson@example.com","login":{"uuid":"eaa7e70a-b468-4ee5-bd17-6192e4c750f5","username":"bigkoala480","password":"springer","salt":"StxI45vQ","md5":"7ebb6d86fe5fae2cfd2c137a5d0fdfcf","sha1":"57e3d42428020c2c4a5d06fd17034382192d60ae","sha256":"e7e4374846095156071ac84f574445a71b178dbb6281d652198960989836a04b"},"dob":{"date":"1950-06-03T17:59:53.360Z","age":73},"registered":{"date":"2014-09-12T11:38:09.411Z","age":9},"phone":"076 743 09 36","cell":"076 952 02 13","id":{"name":"AVS","value":"756.7108.1800.41"},"picture":{"large":"https://randomuser.me/api/portraits/men/15.jpg","medium":"https://randomuser.me/api/portraits/med/men/15.jpg","thumbnail":"https://randomuser.me/api/portraits/thumb/men/15.jpg"},"nat":"CH"}],"info":{"seed":"8675a20fb1da4d93","results":1,"page":1,"version":"1.4"}} 
 </msg>
<msg time="2024-04-07T08:18:14.356192" level="INFO">/opt/hostedtoolcache/Python/3.12.2/x64/lib/python3.12/site-packages/urllib3/connectionpool.py:1103: InsecureRequestWarning: Unverified HTTPS request is being made to host 'randomuser.me'. Adding certificate verification is strongly advised. See: https://urllib3.readthedocs.io/en/latest/advanced-usage.html#tls-warnings
  warnings.warn(</msg>
<msg time="2024-04-07T08:18:14.356340" level="INFO">${response} = &lt;Response [200]&gt;</msg>
<var>${response}</var>
<arg>consultarAPI</arg>
<arg>/api</arg>
<doc>Sends a GET request on a previously created HTTP Session.</doc>
<status status="PASS" start="2024-04-07T08:18:13.778387" elapsed="0.577996"/>
</kw>
<kw name="Should Be Equal As Numbers" owner="BuiltIn">
<msg time="2024-04-07T08:18:14.357572" level="INFO">Argument types are:
&lt;class 'int'&gt;
&lt;class 'str'&gt;</msg>
<arg>${response.status_code}</arg>
<arg>200</arg>
<doc>Fails if objects are unequal after converting them to real numbers.</doc>
<status status="PASS" start="2024-04-07T08:18:14.357061" elapsed="0.000583"/>
</kw>
<kw name="Log" owner="BuiltIn">
<msg time="2024-04-07T08:18:14.358359" level="INFO">200</msg>
<arg>${response.status_code}</arg>
<doc>Logs the given message with the given level.</doc>
<status status="PASS" start="2024-04-07T08:18:14.357970" elapsed="0.000431"/>
</kw>
<kw name="Set Variable" owner="BuiltIn">
<msg time="2024-04-07T08:18:14.359183" level="INFO">${json_data} = {'results': [{'gender': 'male', 'name': {'title': 'Monsieur', 'first': 'Thierry', 'last': 'Masson'}, 'location': {'street': {'number': 4657, 'name': 'Rue Laure-Diebold'}, 'city': 'Kilchberg (Bl)', 'st...</msg>
<var>${json_data}</var>
<arg>${response.json()}</arg>
<doc>Returns the given values which can then be assigned to a variables.</doc>
<status status="PASS" start="2024-04-07T08:18:14.358755" elapsed="0.000456"/>
</kw>
<kw name="Dictionary Should Contain Key" owner="Collections">
<msg time="2024-04-07T08:18:14.359683" level="INFO">False</msg>
<arg>${json_data}</arg>
<arg>results</arg>
<doc>Fails if ``key`` is not found from ``dictionary``.</doc>
<status status="PASS" start="2024-04-07T08:18:14.359509" elapsed="0.000212"/>
</kw>
<status status="PASS" start="2024-04-07T08:18:13.778138" elapsed="0.581839"/>
</kw>
<doc>Testa se a API responde corretamente e retorna um objeto JSON válido.</doc>
<tag>testeRequisicaoBasica</tag>
<status status="PASS" start="2024-04-07T08:18:13.777641" elapsed="0.582531"/>
</test>
<test id="s1-s1-t3" name="Validar estrutura de resposta" line="22">
<kw name="Teste de Estrutura de Resposta" owner="random-user-service">
<kw name="GET On Session" owner="RequestsLibrary">
<msg time="2024-04-07T08:18:14.561749" level="INFO">GET Request : url=https://randomuser.me/api 
 path_url=/api 
 headers={'User-Agent': 'python-requests/2.31.0', 'Accept-Encoding': 'gzip, deflate', 'Accept': '*/*', 'Connection': 'keep-alive'} 
 body=None 
 </msg>
<msg time="2024-04-07T08:18:14.561829" level="INFO">GET Response : url=https://randomuser.me/api 
 status=200, reason=OK 
 headers={'Date': 'Sun, 07 Apr 2024 08:18:14 GMT', 'Content-Type': 'application/json; charset=utf-8', 'Transfer-Encoding': 'chunked', 'Connection': 'keep-alive', 'X-Powered-By': 'Express', 'Access-Control-Allow-Origin': '*', 'Cache-Control': 'no-cache', 'ETag': 'W/"483-A4D1qF9HhnybUTMVC700XHh6EUA"', 'Vary': 'Accept-Encoding', 'Content-Encoding': 'gzip', 'CF-Cache-Status': 'DYNAMIC', 'Report-To': '{"endpoints":[{"url":"https:\\/\\/a.nel.cloudflare.com\\/report\\/v4?s=noIhj68fhzEp1SmcvAwawqX%2F15AnMlWb%2FhYZ5ElhaWtH6hHEGYNAt4WzRXYO9q5Ph%2BpoNwUrr0fa00MvpyP9uQh0VMnQ30gsQH3NKeKiH7QakTKXvVs78kgEQz7YLILY"}],"group":"cf-nel","max_age":604800}', 'NEL': '{"success_fraction":0,"report_to":"cf-nel","max_age":604800}', 'Server': 'cloudflare', 'CF-RAY': '870895f7c9bd28c4-IAD', 'alt-svc': 'h3=":443"; ma=86400'} 
 body={"results":[{"gender":"female","name":{"title":"Ms","first":"Alexandra","last":"Wright"},"location":{"street":{"number":8138,"name":"Hereford Street"},"city":"New Plymouth","state":"Marlborough","country":"New Zealand","postcode":50599,"coordinates":{"latitude":"47.2181","longitude":"89.9844"},"timezone":{"offset":"+5:45","description":"Kathmandu"}},"email":"alexandra.wright@example.com","login":{"uuid":"0fdcd586-741e-4397-918c-283779260c3a","username":"silverdog579","password":"lizard","salt":"re3oKCYf","md5":"9a86ff911e9f073da66a6e454547d7e8","sha1":"6a84d349da6d410e60c67504759e5faf9f0f2b30","sha256":"61e69f721d87823fa840b7570ac7ecc528e4958fa9daff99c7471faa17820ebd"},"dob":{"date":"1956-05-28T00:00:24.622Z","age":67},"registered":{"date":"2012-04-04T17:19:44.463Z","age":12},"phone":"(614)-071-6405","cell":"(216)-537-6673","id":{"name":"","value":null},"picture":{"large":"https://randomuser.me/api/portraits/women/45.jpg","medium":"https://randomuser.me/api/portraits/med/women/45.jpg","thumbnail":"https://randomuser.me/api/portraits/thumb/women/45.jpg"},"nat":"NZ"}],"info":{"seed":"5f3233be4b34b319","results":1,"page":1,"version":"1.4"}} 
 </msg>
<msg time="2024-04-07T08:18:14.561954" level="INFO">/opt/hostedtoolcache/Python/3.12.2/x64/lib/python3.12/site-packages/urllib3/connectionpool.py:1103: InsecureRequestWarning: Unverified HTTPS request is being made to host 'randomuser.me'. Adding certificate verification is strongly advised. See: https://urllib3.readthedocs.io/en/latest/advanced-usage.html#tls-warnings
  warnings.warn(</msg>
<msg time="2024-04-07T08:18:14.562093" level="INFO">${response} = &lt;Response [200]&gt;</msg>
<var>${response}</var>
<arg>consultarAPI</arg>
<arg>/api</arg>
<doc>Sends a GET request on a previously created HTTP Session.</doc>
<status status="PASS" start="2024-04-07T08:18:14.362990" elapsed="0.199143"/>
</kw>
<kw name="Set Variable" owner="BuiltIn">
<msg time="2024-04-07T08:18:14.563174" level="INFO">${json_data} = {'results': [{'gender': 'female', 'name': {'title': 'Ms', 'first': 'Alexandra', 'last': 'Wright'}, 'location': {'street': {'number': 8138, 'name': 'Hereford Street'}, 'city': 'New Plymouth', 'state': ...</msg>
<var>${json_data}</var>
<arg>${response.json()}</arg>
<doc>Returns the given values which can then be assigned to a variables.</doc>
<status status="PASS" start="2024-04-07T08:18:14.562598" elapsed="0.000604"/>
</kw>
<kw name="Log" owner="BuiltIn">
<msg time="2024-04-07T08:18:14.563663" level="INFO">{'results': [{'gender': 'female', 'name': {'title': 'Ms', 'first': 'Alexandra', 'last': 'Wright'}, 'location': {'street': {'number': 8138, 'name': 'Hereford Street'}, 'city': 'New Plymouth', 'state': 'Marlborough', 'country': 'New Zealand', 'postcode': 50599, 'coordinates': {'latitude': '47.2181', 'longitude': '89.9844'}, 'timezone': {'offset': '+5:45', 'description': 'Kathmandu'}}, 'email': 'alexandra.wright@example.com', 'login': {'uuid': '0fdcd586-741e-4397-918c-283779260c3a', 'username': 'silverdog579', 'password': 'lizard', 'salt': 're3oKCYf', 'md5': '9a86ff911e9f073da66a6e454547d7e8', 'sha1': '6a84d349da6d410e60c67504759e5faf9f0f2b30', 'sha256': '61e69f721d87823fa840b7570ac7ecc528e4958fa9daff99c7471faa17820ebd'}, 'dob': {'date': '1956-05-28T00:00:24.622Z', 'age': 67}, 'registered': {'date': '2012-04-04T17:19:44.463Z', 'age': 12}, 'phone': '(614)-071-6405', 'cell': '(216)-537-6673', 'id': {'name': '', 'value': None}, 'picture': {'large': 'https://randomuser.me/api/portraits/women/45.jpg', 'medium': 'https://randomuser.me/api/portraits/med/women/45.jpg', 'thumbnail': 'https://randomuser.me/api/portraits/thumb/women/45.jpg'}, 'nat': 'NZ'}], 'info': {'seed': '5f3233be4b34b319', 'results': 1, 'page': 1, 'version': '1.4'}}</msg>
<arg>${json_data}</arg>
<doc>Logs the given message with the given level.</doc>
<status status="PASS" start="2024-04-07T08:18:14.563508" elapsed="0.000201"/>
</kw>
<kw name="Dictionary Should Contain Key" owner="Collections">
<msg time="2024-04-07T08:18:14.564154" level="INFO">False</msg>
<arg>${json_data}</arg>
<arg>results</arg>
<doc>Fails if ``key`` is not found from ``dictionary``.</doc>
<status status="PASS" start="2024-04-07T08:18:14.564003" elapsed="0.000187"/>
</kw>
<kw name="Should Not Be Empty" owner="BuiltIn">
<msg time="2024-04-07T08:18:14.564613" level="INFO">Length is 2.</msg>
<arg>${json_data}</arg>
<doc>Verifies that the given item is not empty.</doc>
<status status="PASS" start="2024-04-07T08:18:14.564484" elapsed="0.000166"/>
</kw>
<kw name="Create List" owner="BuiltIn">
<msg time="2024-04-07T08:18:14.565087" level="INFO">${expected_keys} = ['gender', 'name', 'location', 'email', 'login']</msg>
<var>${expected_keys}</var>
<arg>gender</arg>
<arg>name</arg>
<arg>location</arg>
<arg>email</arg>
<arg>login</arg>
<doc>Returns a list containing given items.</doc>
<status status="PASS" start="2024-04-07T08:18:14.564935" elapsed="0.000176"/>
</kw>
<for flavor="IN">
<iter>
<kw name="Dictionary Should Contain Key" owner="Collections">
<msg time="2024-04-07T08:18:14.566097" level="INFO">False</msg>
<arg>${json_data['results'][0]}</arg>
<arg>${key}</arg>
<doc>Fails if ``key`` is not found from ``dictionary``.</doc>
<status status="PASS" start="2024-04-07T08:18:14.565671" elapsed="0.000467"/>
</kw>
<kw name="Log" owner="BuiltIn">
<msg time="2024-04-07T08:18:14.566824" level="INFO">{'gender': 'female', 'name': {'title': 'Ms', 'first': 'Alexandra', 'last': 'Wright'}, 'location': {'street': {'number': 8138, 'name': 'Hereford Street'}, 'city': 'New Plymouth', 'state': 'Marlborough', 'country': 'New Zealand', 'postcode': 50599, 'coordinates': {'latitude': '47.2181', 'longitude': '89.9844'}, 'timezone': {'offset': '+5:45', 'description': 'Kathmandu'}}, 'email': 'alexandra.wright@example.com', 'login': {'uuid': '0fdcd586-741e-4397-918c-283779260c3a', 'username': 'silverdog579', 'password': 'lizard', 'salt': 're3oKCYf', 'md5': '9a86ff911e9f073da66a6e454547d7e8', 'sha1': '6a84d349da6d410e60c67504759e5faf9f0f2b30', 'sha256': '61e69f721d87823fa840b7570ac7ecc528e4958fa9daff99c7471faa17820ebd'}, 'dob': {'date': '1956-05-28T00:00:24.622Z', 'age': 67}, 'registered': {'date': '2012-04-04T17:19:44.463Z', 'age': 12}, 'phone': '(614)-071-6405', 'cell': '(216)-537-6673', 'id': {'name': '', 'value': None}, 'picture': {'large': 'https://randomuser.me/api/portraits/women/45.jpg', 'medium': 'https://randomuser.me/api/portraits/med/women/45.jpg', 'thumbnail': 'https://randomuser.me/api/portraits/thumb/women/45.jpg'}, 'nat': 'NZ'}</msg>
<arg>${json_data['results'][0]}</arg>
<doc>Logs the given message with the given level.</doc>
<status status="PASS" start="2024-04-07T08:18:14.566450" elapsed="0.000422"/>
</kw>
<kw name="Log" owner="BuiltIn">
<msg time="2024-04-07T08:18:14.567300" level="INFO">gender</msg>
<arg>${key}</arg>
<doc>Logs the given message with the given level.</doc>
<status status="PASS" start="2024-04-07T08:18:14.567170" elapsed="0.000167"/>
</kw>
<var name="${key}">gender</var>
<status status="PASS" start="2024-04-07T08:18:14.565547" elapsed="0.002013"/>
</iter>
<iter>
<kw name="Dictionary Should Contain Key" owner="Collections">
<msg time="2024-04-07T08:18:14.568239" level="INFO">False</msg>
<arg>${json_data['results'][0]}</arg>
<arg>${key}</arg>
<doc>Fails if ``key`` is not found from ``dictionary``.</doc>
<status status="PASS" start="2024-04-07T08:18:14.567860" elapsed="0.000416"/>
</kw>
<kw name="Log" owner="BuiltIn">
<msg time="2024-04-07T08:18:14.568965" level="INFO">{'gender': 'female', 'name': {'title': 'Ms', 'first': 'Alexandra', 'last': 'Wright'}, 'location': {'street': {'number': 8138, 'name': 'Hereford Street'}, 'city': 'New Plymouth', 'state': 'Marlborough', 'country': 'New Zealand', 'postcode': 50599, 'coordinates': {'latitude': '47.2181', 'longitude': '89.9844'}, 'timezone': {'offset': '+5:45', 'description': 'Kathmandu'}}, 'email': 'alexandra.wright@example.com', 'login': {'uuid': '0fdcd586-741e-4397-918c-283779260c3a', 'username': 'silverdog579', 'password': 'lizard', 'salt': 're3oKCYf', 'md5': '9a86ff911e9f073da66a6e454547d7e8', 'sha1': '6a84d349da6d410e60c67504759e5faf9f0f2b30', 'sha256': '61e69f721d87823fa840b7570ac7ecc528e4958fa9daff99c7471faa17820ebd'}, 'dob': {'date': '1956-05-28T00:00:24.622Z', 'age': 67}, 'registered': {'date': '2012-04-04T17:19:44.463Z', 'age': 12}, 'phone': '(614)-071-6405', 'cell': '(216)-537-6673', 'id': {'name': '', 'value': None}, 'picture': {'large': 'https://randomuser.me/api/portraits/women/45.jpg', 'medium': 'https://randomuser.me/api/portraits/med/women/45.jpg', 'thumbnail': 'https://randomuser.me/api/portraits/thumb/women/45.jpg'}, 'nat': 'NZ'}</msg>
<arg>${json_data['results'][0]}</arg>
<doc>Logs the given message with the given level.</doc>
<status status="PASS" start="2024-04-07T08:18:14.568608" elapsed="0.000404"/>
</kw>
<kw name="Log" owner="BuiltIn">
<msg time="2024-04-07T08:18:14.569438" level="INFO">name</msg>
<arg>${key}</arg>
<doc>Logs the given message with the given level.</doc>
<status status="PASS" start="2024-04-07T08:18:14.569310" elapsed="0.000166"/>
</kw>
<var name="${key}">name</var>
<status status="PASS" start="2024-04-07T08:18:14.567746" elapsed="0.001946"/>
</iter>
<iter>
<kw name="Dictionary Should Contain Key" owner="Collections">
<msg time="2024-04-07T08:18:14.570384" level="INFO">False</msg>
<arg>${json_data['results'][0]}</arg>
<arg>${key}</arg>
<doc>Fails if ``key`` is not found from ``dictionary``.</doc>
<status status="PASS" start="2024-04-07T08:18:14.569980" elapsed="0.000441"/>
</kw>
<kw name="Log" owner="BuiltIn">
<msg time="2024-04-07T08:18:14.571073" level="INFO">{'gender': 'female', 'name': {'title': 'Ms', 'first': 'Alexandra', 'last': 'Wright'}, 'location': {'street': {'number': 8138, 'name': 'Hereford Street'}, 'city': 'New Plymouth', 'state': 'Marlborough', 'country': 'New Zealand', 'postcode': 50599, 'coordinates': {'latitude': '47.2181', 'longitude': '89.9844'}, 'timezone': {'offset': '+5:45', 'description': 'Kathmandu'}}, 'email': 'alexandra.wright@example.com', 'login': {'uuid': '0fdcd586-741e-4397-918c-283779260c3a', 'username': 'silverdog579', 'password': 'lizard', 'salt': 're3oKCYf', 'md5': '9a86ff911e9f073da66a6e454547d7e8', 'sha1': '6a84d349da6d410e60c67504759e5faf9f0f2b30', 'sha256': '61e69f721d87823fa840b7570ac7ecc528e4958fa9daff99c7471faa17820ebd'}, 'dob': {'date': '1956-05-28T00:00:24.622Z', 'age': 67}, 'registered': {'date': '2012-04-04T17:19:44.463Z', 'age': 12}, 'phone': '(614)-071-6405', 'cell': '(216)-537-6673', 'id': {'name': '', 'value': None}, 'picture': {'large': 'https://randomuser.me/api/portraits/women/45.jpg', 'medium': 'https://randomuser.me/api/portraits/med/women/45.jpg', 'thumbnail': 'https://randomuser.me/api/portraits/thumb/women/45.jpg'}, 'nat': 'NZ'}</msg>
<arg>${json_data['results'][0]}</arg>
<doc>Logs the given message with the given level.</doc>
<status status="PASS" start="2024-04-07T08:18:14.570720" elapsed="0.000415"/>
</kw>
<kw name="Log" owner="BuiltIn">
<msg time="2024-04-07T08:18:14.571580" level="INFO">location</msg>
<arg>${key}</arg>
<doc>Logs the given message with the given level.</doc>
<status status="PASS" start="2024-04-07T08:18:14.571439" elapsed="0.000178"/>
</kw>
<var name="${key}">location</var>
<status status="PASS" start="2024-04-07T08:18:14.569871" elapsed="0.001971"/>
</iter>
<iter>
<kw name="Dictionary Should Contain Key" owner="Collections">
<msg time="2024-04-07T08:18:14.572533" level="INFO">False</msg>
<arg>${json_data['results'][0]}</arg>
<arg>${key}</arg>
<doc>Fails if ``key`` is not found from ``dictionary``.</doc>
<status status="PASS" start="2024-04-07T08:18:14.572125" elapsed="0.000446"/>
</kw>
<kw name="Log" owner="BuiltIn">
<msg time="2024-04-07T08:18:14.573226" level="INFO">{'gender': 'female', 'name': {'title': 'Ms', 'first': 'Alexandra', 'last': 'Wright'}, 'location': {'street': {'number': 8138, 'name': 'Hereford Street'}, 'city': 'New Plymouth', 'state': 'Marlborough', 'country': 'New Zealand', 'postcode': 50599, 'coordinates': {'latitude': '47.2181', 'longitude': '89.9844'}, 'timezone': {'offset': '+5:45', 'description': 'Kathmandu'}}, 'email': 'alexandra.wright@example.com', 'login': {'uuid': '0fdcd586-741e-4397-918c-283779260c3a', 'username': 'silverdog579', 'password': 'lizard', 'salt': 're3oKCYf', 'md5': '9a86ff911e9f073da66a6e454547d7e8', 'sha1': '6a84d349da6d410e60c67504759e5faf9f0f2b30', 'sha256': '61e69f721d87823fa840b7570ac7ecc528e4958fa9daff99c7471faa17820ebd'}, 'dob': {'date': '1956-05-28T00:00:24.622Z', 'age': 67}, 'registered': {'date': '2012-04-04T17:19:44.463Z', 'age': 12}, 'phone': '(614)-071-6405', 'cell': '(216)-537-6673', 'id': {'name': '', 'value': None}, 'picture': {'large': 'https://randomuser.me/api/portraits/women/45.jpg', 'medium': 'https://randomuser.me/api/portraits/med/women/45.jpg', 'thumbnail': 'https://randomuser.me/api/portraits/thumb/women/45.jpg'}, 'nat': 'NZ'}</msg>
<arg>${json_data['results'][0]}</arg>
<doc>Logs the given message with the given level.</doc>
<status status="PASS" start="2024-04-07T08:18:14.572873" elapsed="0.000400"/>
</kw>
<kw name="Log" owner="BuiltIn">
<msg time="2024-04-07T08:18:14.573689" level="INFO">email</msg>
<arg>${key}</arg>
<doc>Logs the given message with the given level.</doc>
<status status="PASS" start="2024-04-07T08:18:14.573564" elapsed="0.000162"/>
</kw>
<var name="${key}">email</var>
<status status="PASS" start="2024-04-07T08:18:14.572016" elapsed="0.001922"/>
</iter>
<iter>
<kw name="Dictionary Should Contain Key" owner="Collections">
<msg time="2024-04-07T08:18:14.574697" level="INFO">False</msg>
<arg>${json_data['results'][0]}</arg>
<arg>${key}</arg>
<doc>Fails if ``key`` is not found from ``dictionary``.</doc>
<status status="PASS" start="2024-04-07T08:18:14.574276" elapsed="0.000460"/>
</kw>
<kw name="Log" owner="BuiltIn">
<msg time="2024-04-07T08:18:14.575403" level="INFO">{'gender': 'female', 'name': {'title': 'Ms', 'first': 'Alexandra', 'last': 'Wright'}, 'location': {'street': {'number': 8138, 'name': 'Hereford Street'}, 'city': 'New Plymouth', 'state': 'Marlborough', 'country': 'New Zealand', 'postcode': 50599, 'coordinates': {'latitude': '47.2181', 'longitude': '89.9844'}, 'timezone': {'offset': '+5:45', 'description': 'Kathmandu'}}, 'email': 'alexandra.wright@example.com', 'login': {'uuid': '0fdcd586-741e-4397-918c-283779260c3a', 'username': 'silverdog579', 'password': 'lizard', 'salt': 're3oKCYf', 'md5': '9a86ff911e9f073da66a6e454547d7e8', 'sha1': '6a84d349da6d410e60c67504759e5faf9f0f2b30', 'sha256': '61e69f721d87823fa840b7570ac7ecc528e4958fa9daff99c7471faa17820ebd'}, 'dob': {'date': '1956-05-28T00:00:24.622Z', 'age': 67}, 'registered': {'date': '2012-04-04T17:19:44.463Z', 'age': 12}, 'phone': '(614)-071-6405', 'cell': '(216)-537-6673', 'id': {'name': '', 'value': None}, 'picture': {'large': 'https://randomuser.me/api/portraits/women/45.jpg', 'medium': 'https://randomuser.me/api/portraits/med/women/45.jpg', 'thumbnail': 'https://randomuser.me/api/portraits/thumb/women/45.jpg'}, 'nat': 'NZ'}</msg>
<arg>${json_data['results'][0]}</arg>
<doc>Logs the given message with the given level.</doc>
<status status="PASS" start="2024-04-07T08:18:14.575038" elapsed="0.000412"/>
</kw>
<kw name="Log" owner="BuiltIn">
<msg time="2024-04-07T08:18:14.575872" level="INFO">login</msg>
<arg>${key}</arg>
<doc>Logs the given message with the given level.</doc>
<status status="PASS" start="2024-04-07T08:18:14.575744" elapsed="0.000268"/>
</kw>
<var name="${key}">login</var>
<status status="PASS" start="2024-04-07T08:18:14.574158" elapsed="0.002088"/>
</iter>
<var>${key}</var>
<value>@{expected_keys}</value>
<status status="PASS" start="2024-04-07T08:18:14.565367" elapsed="0.011030"/>
</for>
<kw name="Create List" owner="BuiltIn">
<msg time="2024-04-07T08:18:14.576742" level="INFO">${expected_keysTwo} = ['username', 'password']</msg>
<var>${expected_keysTwo}</var>
<arg>username</arg>
<arg>password</arg>
<doc>Returns a list containing given items.</doc>
<status status="PASS" start="2024-04-07T08:18:14.576602" elapsed="0.000172"/>
</kw>
<for flavor="IN">
<iter>
<kw name="Dictionary Should Contain Key" owner="Collections">
<msg time="2024-04-07T08:18:14.577701" level="INFO">False</msg>
<arg>${json_data['results'][0]['login']}</arg>
<arg>${keyTwo}</arg>
<doc>Fails if ``key`` is not found from ``dictionary``.</doc>
<status status="PASS" start="2024-04-07T08:18:14.577313" elapsed="0.000425"/>
</kw>
<kw name="Dictionary Should Contain Key" owner="Collections">
<msg time="2024-04-07T08:18:14.578437" level="INFO">False</msg>
<arg>${json_data['results'][0]['login']}</arg>
<arg>${keyTwo}</arg>
<doc>Fails if ``key`` is not found from ``dictionary``.</doc>
<status status="PASS" start="2024-04-07T08:18:14.578056" elapsed="0.000418"/>
</kw>
<kw name="Log" owner="BuiltIn">
<msg time="2024-04-07T08:18:14.578895" level="INFO">username</msg>
<arg>${keyTwo}</arg>
<doc>Logs the given message with the given level.</doc>
<status status="PASS" start="2024-04-07T08:18:14.578767" elapsed="0.000165"/>
</kw>
<var name="${keyTwo}">username</var>
<status status="PASS" start="2024-04-07T08:18:14.577193" elapsed="0.001957"/>
</iter>
<iter>
<kw name="Dictionary Should Contain Key" owner="Collections">
<msg time="2024-04-07T08:18:14.579800" level="INFO">False</msg>
<arg>${json_data['results'][0]['login']}</arg>
<arg>${keyTwo}</arg>
<doc>Fails if ``key`` is not found from ``dictionary``.</doc>
<status status="PASS" start="2024-04-07T08:18:14.579428" elapsed="0.000409"/>
</kw>
<kw name="Dictionary Should Contain Key" owner="Collections">
<msg time="2024-04-07T08:18:14.580502" level="INFO">False</msg>
<arg>${json_data['results'][0]['login']}</arg>
<arg>${keyTwo}</arg>
<doc>Fails if ``key`` is not found from ``dictionary``.</doc>
<status status="PASS" start="2024-04-07T08:18:14.580127" elapsed="0.000411"/>
</kw>
<kw name="Log" owner="BuiltIn">
<msg time="2024-04-07T08:18:14.580953" level="INFO">password</msg>
<arg>${keyTwo}</arg>
<doc>Logs the given message with the given level.</doc>
<status status="PASS" start="2024-04-07T08:18:14.580826" elapsed="0.000165"/>
</kw>
<var name="${keyTwo}">password</var>
<status status="PASS" start="2024-04-07T08:18:14.579321" elapsed="0.001885"/>
</iter>
<var>${keyTwo}</var>
<value>@{expected_keysTwo}</value>
<status status="PASS" start="2024-04-07T08:18:14.577025" elapsed="0.004301"/>
</for>
<status status="PASS" start="2024-04-07T08:18:14.362754" elapsed="0.218710"/>
</kw>
<doc>Testa a estrutura da resposta da API.</doc>
<tag>testeEstruturaResposta</tag>
<status status="PASS" start="2024-04-07T08:18:14.361975" elapsed="0.219641"/>
</test>
<test id="s1-s1-t4" name="Validar tipos de dados" line="28">
<kw name="Teste de Tipos de Dados" owner="random-user-service">
<kw name="GET On Session" owner="RequestsLibrary">
<msg time="2024-04-07T08:18:14.657762" level="INFO">GET Request : url=https://randomuser.me/api 
 path_url=/api 
 headers={'User-Agent': 'python-requests/2.31.0', 'Accept-Encoding': 'gzip, deflate', 'Accept': '*/*', 'Connection': 'keep-alive'} 
 body=None 
 </msg>
<msg time="2024-04-07T08:18:14.657844" level="INFO">GET Response : url=https://randomuser.me/api 
 status=200, reason=OK 
 headers={'Date': 'Sun, 07 Apr 2024 08:18:14 GMT', 'Content-Type': 'application/json; charset=utf-8', 'Transfer-Encoding': 'chunked', 'Connection': 'keep-alive', 'X-Powered-By': 'Express', 'Access-Control-Allow-Origin': '*', 'Cache-Control': 'no-cache', 'ETag': 'W/"48b-Rejf4PT36RAtI03qj6Pupj4M7X8"', 'Vary': 'Accept-Encoding', 'Content-Encoding': 'gzip', 'CF-Cache-Status': 'DYNAMIC', 'Report-To': '{"endpoints":[{"url":"https:\\/\\/a.nel.cloudflare.com\\/report\\/v4?s=MLwoe0q3vU2v%2Be%2B4%2BRwZIcCNOreEfD5vVAmYGdJPMmy9qP6SZS%2B8e%2BywzdbCjlBk3l6SGVBWBIxz9pJxJItmy0qySjyHZ5AymiuVEUHiBRS8LqDZU7biYBGwvNaY70bc"}],"group":"cf-nel","max_age":604800}', 'NEL': '{"success_fraction":0,"report_to":"cf-nel","max_age":604800}', 'Server': 'cloudflare', 'CF-RAY': '870895f92aa528c4-IAD', 'alt-svc': 'h3=":443"; ma=86400'} 
 body={"results":[{"gender":"female","name":{"title":"Miss","first":"Brankica","last":"Divac"},"location":{"street":{"number":9212,"name":"Vere Veljkov"},"city":"Žitište","state":"Pirot","country":"Serbia","postcode":95554,"coordinates":{"latitude":"55.9705","longitude":"13.3728"},"timezone":{"offset":"+7:00","description":"Bangkok, Hanoi, Jakarta"}},"email":"brankica.divac@example.com","login":{"uuid":"224deef8-f70d-4c11-b5ee-11f52a4bbad2","username":"whitebutterfly209","password":"terminat","salt":"Ca2Whgmt","md5":"084756c69148afec4f98890806d714a2","sha1":"33905743d8da5c14a868cb391a32f00fed57749b","sha256":"579e24106dddf5d1ef84739cb6926492bce6bde2d61741e75c7ae1816a26a738"},"dob":{"date":"2000-01-30T08:00:58.407Z","age":24},"registered":{"date":"2008-12-15T13:38:04.679Z","age":15},"phone":"032-7768-125","cell":"061-2053-549","id":{"name":"SID","value":"832098433"},"picture":{"large":"https://randomuser.me/api/portraits/women/16.jpg","medium":"https://randomuser.me/api/portraits/med/women/16.jpg","thumbnail":"https://randomuser.me/api/portraits/thumb/women/16.jpg"},"nat":"RS"}],"info":{"seed":"7b024e6bfe7151cd","results":1,"page":1,"version":"1.4"}} 
 </msg>
<msg time="2024-04-07T08:18:14.657915" level="INFO">/opt/hostedtoolcache/Python/3.12.2/x64/lib/python3.12/site-packages/urllib3/connectionpool.py:1103: InsecureRequestWarning: Unverified HTTPS request is being made to host 'randomuser.me'. Adding certificate verification is strongly advised. See: https://urllib3.readthedocs.io/en/latest/advanced-usage.html#tls-warnings
  warnings.warn(</msg>
<msg time="2024-04-07T08:18:14.658060" level="INFO">${response} = &lt;Response [200]&gt;</msg>
<var>${response}</var>
<arg>consultarAPI</arg>
<arg>/api</arg>
<doc>Sends a GET request on a previously created HTTP Session.</doc>
<status status="PASS" start="2024-04-07T08:18:14.584156" elapsed="0.073953"/>
</kw>
<kw name="Set Variable" owner="BuiltIn">
<msg time="2024-04-07T08:18:14.659234" level="INFO">${json_data} = {'results': [{'gender': 'female', 'name': {'title': 'Miss', 'first': 'Brankica', 'last': 'Divac'}, 'location': {'street': {'number': 9212, 'name': 'Vere Veljkov'}, 'city': 'Žitište', 'state': 'Pirot',...</msg>
<var>${json_data}</var>
<arg>${response.json()}</arg>
<doc>Returns the given values which can then be assigned to a variables.</doc>
<status status="PASS" start="2024-04-07T08:18:14.658614" elapsed="0.000650"/>
</kw>
<kw name="Log" owner="BuiltIn">
<msg time="2024-04-07T08:18:14.659733" level="INFO">{'results': [{'gender': 'female', 'name': {'title': 'Miss', 'first': 'Brankica', 'last': 'Divac'}, 'location': {'street': {'number': 9212, 'name': 'Vere Veljkov'}, 'city': 'Žitište', 'state': 'Pirot', 'country': 'Serbia', 'postcode': 95554, 'coordinates': {'latitude': '55.9705', 'longitude': '13.3728'}, 'timezone': {'offset': '+7:00', 'description': 'Bangkok, Hanoi, Jakarta'}}, 'email': 'brankica.divac@example.com', 'login': {'uuid': '224deef8-f70d-4c11-b5ee-11f52a4bbad2', 'username': 'whitebutterfly209', 'password': 'terminat', 'salt': 'Ca2Whgmt', 'md5': '084756c69148afec4f98890806d714a2', 'sha1': '33905743d8da5c14a868cb391a32f00fed57749b', 'sha256': '579e24106dddf5d1ef84739cb6926492bce6bde2d61741e75c7ae1816a26a738'}, 'dob': {'date': '2000-01-30T08:00:58.407Z', 'age': 24}, 'registered': {'date': '2008-12-15T13:38:04.679Z', 'age': 15}, 'phone': '032-7768-125', 'cell': '061-2053-549', 'id': {'name': 'SID', 'value': '832098433'}, 'picture': {'large': 'https://randomuser.me/api/portraits/women/16.jpg', 'medium': 'https://randomuser.me/api/portraits/med/women/16.jpg', 'thumbnail': 'https://randomuser.me/api/portraits/thumb/women/16.jpg'}, 'nat': 'RS'}], 'info': {'seed': '7b024e6bfe7151cd', 'results': 1, 'page': 1, 'version': '1.4'}}</msg>
<arg>${json_data}</arg>
<doc>Logs the given message with the given level.</doc>
<status status="PASS" start="2024-04-07T08:18:14.659577" elapsed="0.000238"/>
</kw>
<kw name="Should Be String" owner="String">
<arg>${json_data['results'][0]['gender']}</arg>
<doc>Fails if the given ``item`` is not a string.</doc>
<status status="PASS" start="2024-04-07T08:18:14.660116" elapsed="0.000362"/>
</kw>
<kw name="Should Match Regexp" owner="BuiltIn">
<arg>${json_data['results'][0]['email']}</arg>
<arg>^[a-zA-Z0-9._%+-]+@[a-zA-Z0-9.-]+\.[a-zA-Z]{2,}$</arg>
<doc>Fails if ``string`` does not match ``pattern`` as a regular expression.</doc>
<status status="PASS" start="2024-04-07T08:18:14.660669" elapsed="0.000516"/>
</kw>
<kw name="Should Match Regexp" owner="BuiltIn">
<arg>${json_data['results'][0]['dob']['date']}</arg>
<arg>\\d{4}-\\d{2}-\\d{2}T\\d{2}:\\d{2}:\\d{2}\\.\\d{3}Z</arg>
<doc>Fails if ``string`` does not match ``pattern`` as a regular expression.</doc>
<status status="PASS" start="2024-04-07T08:18:14.661379" elapsed="0.000477"/>
</kw>
<kw name="Should Match Regexp" owner="BuiltIn">
<arg>${json_data['results'][0]['registered']['date']}</arg>
<arg>\\d{4}-\\d{2}-\\d{2}T\\d{2}:\\d{2}:\\d{2}\\.\\d{3}Z</arg>
<doc>Fails if ``string`` does not match ``pattern`` as a regular expression.</doc>
<status status="PASS" start="2024-04-07T08:18:14.662088" elapsed="0.000384"/>
</kw>
<kw name="Should Match Regexp" owner="BuiltIn">
<arg>${json_data['results'][0]['picture']['large']}</arg>
<arg>^https?://.*\.(?:png|jpe?g|gif|bmp)$</arg>
<doc>Fails if ``string`` does not match ``pattern`` as a regular expression.</doc>
<status status="PASS" start="2024-04-07T08:18:14.662660" elapsed="0.000460"/>
</kw>
<kw name="Should Match Regexp" owner="BuiltIn">
<arg>${json_data['results'][0]['picture']['medium']}</arg>
<arg>^https?://.*\.(?:png|jpe?g|gif|bmp)$</arg>
<doc>Fails if ``string`` does not match ``pattern`` as a regular expression.</doc>
<status status="PASS" start="2024-04-07T08:18:14.663313" elapsed="0.000357"/>
</kw>
<kw name="Should Match Regexp" owner="BuiltIn">
<arg>${json_data['results'][0]['picture']['thumbnail']}</arg>
<arg>^https?://.*\.(?:png|jpe?g|gif|bmp)$</arg>
<doc>Fails if ``string`` does not match ``pattern`` as a regular expression.</doc>
<status status="PASS" start="2024-04-07T08:18:14.663854" elapsed="0.000351"/>
</kw>
<kw name="Log" owner="BuiltIn">
<msg time="2024-04-07T08:18:14.664703" level="INFO">{'large': 'https://randomuser.me/api/portraits/women/16.jpg', 'medium': 'https://randomuser.me/api/portraits/med/women/16.jpg', 'thumbnail': 'https://randomuser.me/api/portraits/thumb/women/16.jpg'}</msg>
<arg>${json_data['results'][0]['picture']}</arg>
<doc>Logs the given message with the given level.</doc>
<status status="PASS" start="2024-04-07T08:18:14.664384" elapsed="0.000359"/>
</kw>
<status status="PASS" start="2024-04-07T08:18:14.583932" elapsed="0.081065"/>
</kw>
<kw name="Teste de Tipos de Dados - Postcode" owner="random-user-service">
<kw name="GET On Session" owner="RequestsLibrary">
<msg time="2024-04-07T08:18:14.718502" level="INFO">GET Request : url=https://randomuser.me/api 
 path_url=/api 
 headers={'User-Agent': 'python-requests/2.31.0', 'Accept-Encoding': 'gzip, deflate', 'Accept': '*/*', 'Connection': 'keep-alive'} 
 body=None 
 </msg>
<msg time="2024-04-07T08:18:14.718585" level="INFO">GET Response : url=https://randomuser.me/api 
 status=200, reason=OK 
 headers={'Date': 'Sun, 07 Apr 2024 08:18:14 GMT', 'Content-Type': 'application/json; charset=utf-8', 'Transfer-Encoding': 'chunked', 'Connection': 'keep-alive', 'X-Powered-By': 'Express', 'Access-Control-Allow-Origin': '*', 'Cache-Control': 'no-cache', 'ETag': 'W/"478-/JMA36cbD61yuyjefdWnhLCsWs4"', 'Vary': 'Accept-Encoding', 'Content-Encoding': 'gzip', 'CF-Cache-Status': 'DYNAMIC', 'Report-To': '{"endpoints":[{"url":"https:\\/\\/a.nel.cloudflare.com\\/report\\/v4?s=HC3BxrOb2sgo1unDCP8wTJsBuq6XG7aNRENG4ujEyL32Yo4Xqeo43BXTfkp1%2BGiQHl7zq4MwPuzIAs5nfxaPAZPwROnWUPTVuJqhFsN4m%2F4ZsOgZ9mQYPlE%2BGuJp%2FrIF"}],"group":"cf-nel","max_age":604800}', 'NEL': '{"success_fraction":0,"report_to":"cf-nel","max_age":604800}', 'Server': 'cloudflare', 'CF-RAY': '870895f9aaf228c4-IAD', 'alt-svc': 'h3=":443"; ma=86400'} 
 body={"results":[{"gender":"male","name":{"title":"Mr","first":"Maurice","last":"Brady"},"location":{"street":{"number":5084,"name":"Park Lane"},"city":"Birr","state":"Clare","country":"Ireland","postcode":80643,"coordinates":{"latitude":"3.9925","longitude":"-2.5751"},"timezone":{"offset":"+1:00","description":"Brussels, Copenhagen, Madrid, Paris"}},"email":"maurice.brady@example.com","login":{"uuid":"b178911c-623a-4573-b9be-b5aeab794a90","username":"sadwolf767","password":"marlon","salt":"BipNuDnR","md5":"efd7c8ec0a0644222e2b27e709693405","sha1":"7b1d8fbd0b31d37055c6b12f862b0cf21f12685a","sha256":"4a27c28df0f8f9a5f7de67a4d158bb83bf2c4aa7e5053c692c2ac678336414cf"},"dob":{"date":"1963-07-06T21:11:00.434Z","age":60},"registered":{"date":"2015-10-16T12:06:34.632Z","age":8},"phone":"051-746-3650","cell":"081-593-5356","id":{"name":"PPS","value":"3431497T"},"picture":{"large":"https://randomuser.me/api/portraits/men/91.jpg","medium":"https://randomuser.me/api/portraits/med/men/91.jpg","thumbnail":"https://randomuser.me/api/portraits/thumb/men/91.jpg"},"nat":"IE"}],"info":{"seed":"67f55b04c5e47d70","results":1,"page":1,"version":"1.4"}} 
 </msg>
<msg time="2024-04-07T08:18:14.718667" level="INFO">/opt/hostedtoolcache/Python/3.12.2/x64/lib/python3.12/site-packages/urllib3/connectionpool.py:1103: InsecureRequestWarning: Unverified HTTPS request is being made to host 'randomuser.me'. Adding certificate verification is strongly advised. See: https://urllib3.readthedocs.io/en/latest/advanced-usage.html#tls-warnings
  warnings.warn(</msg>
<msg time="2024-04-07T08:18:14.718783" level="INFO">${response} = &lt;Response [200]&gt;</msg>
<var>${response}</var>
<arg>consultarAPI</arg>
<arg>/api</arg>
<doc>Sends a GET request on a previously created HTTP Session.</doc>
<status status="PASS" start="2024-04-07T08:18:14.665554" elapsed="0.053284"/>
</kw>
<kw name="Set Variable" owner="BuiltIn">
<msg time="2024-04-07T08:18:14.719966" level="INFO">${json_data} = {'results': [{'gender': 'male', 'name': {'title': 'Mr', 'first': 'Maurice', 'last': 'Brady'}, 'location': {'street': {'number': 5084, 'name': 'Park Lane'}, 'city': 'Birr', 'state': 'Clare', 'country':...</msg>
<var>${json_data}</var>
<arg>${response.json()}</arg>
<doc>Returns the given values which can then be assigned to a variables.</doc>
<status status="PASS" start="2024-04-07T08:18:14.719404" elapsed="0.000590"/>
</kw>
<kw name="Log" owner="BuiltIn">
<msg time="2024-04-07T08:18:14.720450" level="INFO">{'results': [{'gender': 'male', 'name': {'title': 'Mr', 'first': 'Maurice', 'last': 'Brady'}, 'location': {'street': {'number': 5084, 'name': 'Park Lane'}, 'city': 'Birr', 'state': 'Clare', 'country': 'Ireland', 'postcode': 80643, 'coordinates': {'latitude': '3.9925', 'longitude': '-2.5751'}, 'timezone': {'offset': '+1:00', 'description': 'Brussels, Copenhagen, Madrid, Paris'}}, 'email': 'maurice.brady@example.com', 'login': {'uuid': 'b178911c-623a-4573-b9be-b5aeab794a90', 'username': 'sadwolf767', 'password': 'marlon', 'salt': 'BipNuDnR', 'md5': 'efd7c8ec0a0644222e2b27e709693405', 'sha1': '7b1d8fbd0b31d37055c6b12f862b0cf21f12685a', 'sha256': '4a27c28df0f8f9a5f7de67a4d158bb83bf2c4aa7e5053c692c2ac678336414cf'}, 'dob': {'date': '1963-07-06T21:11:00.434Z', 'age': 60}, 'registered': {'date': '2015-10-16T12:06:34.632Z', 'age': 8}, 'phone': '051-746-3650', 'cell': '081-593-5356', 'id': {'name': 'PPS', 'value': '3431497T'}, 'picture': {'large': 'https://randomuser.me/api/portraits/men/91.jpg', 'medium': 'https://randomuser.me/api/portraits/med/men/91.jpg', 'thumbnail': 'https://randomuser.me/api/portraits/thumb/men/91.jpg'}, 'nat': 'IE'}], 'info': {'seed': '67f55b04c5e47d70', 'results': 1, 'page': 1, 'version': '1.4'}}</msg>
<arg>${json_data}</arg>
<doc>Logs the given message with the given level.</doc>
<status status="PASS" start="2024-04-07T08:18:14.720300" elapsed="0.000226"/>
</kw>
<kw name="Should Be Equal As Numbers" owner="BuiltIn">
<arg>${json_data['results'][0]['location']['postcode']}</arg>
<arg>${json_data['results'][0]['location']['postcode']}</arg>
<doc>Fails if objects are unequal after converting them to real numbers.</doc>
<status status="PASS" start="2024-04-07T08:18:14.720833" elapsed="0.000635"/>
</kw>
<kw name="Log" owner="BuiltIn">
<msg time="2024-04-07T08:18:14.721996" level="INFO">80643</msg>
<arg>${json_data['results'][0]['location']['postcode']}</arg>
<doc>Logs the given message with the given level.</doc>
<status status="PASS" start="2024-04-07T08:18:14.721660" elapsed="0.000402"/>
</kw>
<status status="PASS" start="2024-04-07T08:18:14.665208" elapsed="0.057112"/>
</kw>
<doc>Testa se os tipos de dados na resposta da API estão corretos.</doc>
<tag>testeTiposDados</tag>
<status status="PASS" start="2024-04-07T08:18:14.583392" elapsed="0.139091"/>
</test>
<test id="s1-s1-t5" name="Validar conteudo" line="35">
<kw name="Teste de Tipos de Conteudo" owner="random-user-service">
<kw name="GET On Session" owner="RequestsLibrary">
<msg time="2024-04-07T08:18:14.815756" level="INFO">GET Request : url=https://randomuser.me/api 
 path_url=/api 
 headers={'User-Agent': 'python-requests/2.31.0', 'Accept-Encoding': 'gzip, deflate', 'Accept': '*/*', 'Connection': 'keep-alive'} 
 body=None 
 </msg>
<msg time="2024-04-07T08:18:14.815841" level="INFO">GET Response : url=https://randomuser.me/api 
 status=200, reason=OK 
 headers={'Date': 'Sun, 07 Apr 2024 08:18:14 GMT', 'Content-Type': 'application/json; charset=utf-8', 'Transfer-Encoding': 'chunked', 'Connection': 'keep-alive', 'X-Powered-By': 'Express', 'Access-Control-Allow-Origin': '*', 'Cache-Control': 'no-cache', 'ETag': 'W/"49f-kx1+Hlufo5lqfESIcesPar2Y9ZA"', 'Vary': 'Accept-Encoding', 'Content-Encoding': 'gzip', 'CF-Cache-Status': 'DYNAMIC', 'Report-To': '{"endpoints":[{"url":"https:\\/\\/a.nel.cloudflare.com\\/report\\/v4?s=Pl9J32S1uStUyxgMMJ1wSBG06M7CyT1PQPEALk0Pbq%2F7Xz1sdm5qxkA0PjoEAbPGy8E28LOzezmr%2FiDeSPZqApnPTau22YE4dXS95J05wMZLYjI7wUzDxO9B2y%2FRiyok"}],"group":"cf-nel","max_age":604800}', 'NEL': '{"success_fraction":0,"report_to":"cf-nel","max_age":604800}', 'Server': 'cloudflare', 'CF-RAY': '870895fa0b2528c4-IAD', 'alt-svc': 'h3=":443"; ma=86400'} 
 body={"results":[{"gender":"male","name":{"title":"Mr","first":"Oliver","last":"Novak"},"location":{"street":{"number":2322,"name":"Lakeview Ave"},"city":"Cartwright","state":"Prince Edward Island","country":"Canada","postcode":"Z8Q 4J3","coordinates":{"latitude":"-66.8454","longitude":"-124.6423"},"timezone":{"offset":"-4:00","description":"Atlantic Time (Canada), Caracas, La Paz"}},"email":"oliver.novak@example.com","login":{"uuid":"bb4392cc-bdea-4e71-a57a-fed94f7faeee","username":"heavyostrich955","password":"eminem","salt":"QZ3M4Egy","md5":"75ddf612576587bb9353b76090e7f367","sha1":"fd4132d6730287023524522381bf8b914eb5cdcf","sha256":"1e4f72209ab31af15a3861bb35fb64445e9a3559fda10be3927ff266fa4deef0"},"dob":{"date":"1994-12-25T08:53:55.366Z","age":29},"registered":{"date":"2018-09-14T14:45:42.624Z","age":5},"phone":"H94 Z68-8848","cell":"Q77 G92-2508","id":{"name":"SIN","value":"797640521"},"picture":{"large":"https://randomuser.me/api/portraits/men/56.jpg","medium":"https://randomuser.me/api/portraits/med/men/56.jpg","thumbnail":"https://randomuser.me/api/portraits/thumb/men/56.jpg"},"nat":"CA"}],"info":{"seed":"3f5c8797b54c3b2e","results":1,"page":1,"version":"1.4"}} 
 </msg>
<msg time="2024-04-07T08:18:14.815911" level="INFO">/opt/hostedtoolcache/Python/3.12.2/x64/lib/python3.12/site-packages/urllib3/connectionpool.py:1103: InsecureRequestWarning: Unverified HTTPS request is being made to host 'randomuser.me'. Adding certificate verification is strongly advised. See: https://urllib3.readthedocs.io/en/latest/advanced-usage.html#tls-warnings
  warnings.warn(</msg>
<msg time="2024-04-07T08:18:14.816030" level="INFO">${response} = &lt;Response [200]&gt;</msg>
<var>${response}</var>
<arg>consultarAPI</arg>
<arg>/api</arg>
<doc>Sends a GET request on a previously created HTTP Session.</doc>
<status status="PASS" start="2024-04-07T08:18:14.724936" elapsed="0.091147"/>
</kw>
<kw name="Set Variable" owner="BuiltIn">
<msg time="2024-04-07T08:18:14.817199" level="INFO">${json_data} = {'results': [{'gender': 'male', 'name': {'title': 'Mr', 'first': 'Oliver', 'last': 'Novak'}, 'location': {'street': {'number': 2322, 'name': 'Lakeview Ave'}, 'city': 'Cartwright', 'state': 'Prince Edw...</msg>
<var>${json_data}</var>
<arg>${response.json()}</arg>
<doc>Returns the given values which can then be assigned to a variables.</doc>
<status status="PASS" start="2024-04-07T08:18:14.816637" elapsed="0.000591"/>
</kw>
<kw name="Set Variable" owner="BuiltIn">
<msg time="2024-04-07T08:18:14.817923" level="INFO">${name_title} = Mr</msg>
<var>${name_title}</var>
<arg>${json_data["results"][0]["name"]["title"]}</arg>
<doc>Returns the given values which can then be assigned to a variables.</doc>
<status status="PASS" start="2024-04-07T08:18:14.817533" elapsed="0.000415"/>
</kw>
<kw name="Create List" owner="BuiltIn">
<msg time="2024-04-07T08:18:14.818442" level="INFO">${allowed_titles} = ['Mr', 'Ms', 'Miss', 'Mrs', 'Madame', 'Monsieur']</msg>
<var>${allowed_titles}</var>
<arg>Mr</arg>
<arg>Ms</arg>
<arg>Miss</arg>
<arg>Mrs</arg>
<arg>Madame</arg>
<arg>Monsieur</arg>
<doc>Returns a list containing given items.</doc>
<status status="PASS" start="2024-04-07T08:18:14.818294" elapsed="0.000172"/>
</kw>
<kw name="List Should Contain Value" owner="Collections">
<msg time="2024-04-07T08:18:14.818935" level="INFO">False</msg>
<arg>${allowed_titles}</arg>
<arg>${name_title}</arg>
<doc>Fails if the ``value`` is not found from ``list``.</doc>
<status status="PASS" start="2024-04-07T08:18:14.818767" elapsed="0.000204"/>
</kw>
<kw name="Set Variable" owner="BuiltIn">
<msg time="2024-04-07T08:18:14.819645" level="INFO">${name_country} = CA</msg>
<var>${name_country}</var>
<arg>${json_data["results"][0]["nat"]}</arg>
<doc>Returns the given values which can then be assigned to a variables.</doc>
<status status="PASS" start="2024-04-07T08:18:14.819260" elapsed="0.000410"/>
</kw>
<kw name="Create List" owner="BuiltIn">
<msg time="2024-04-07T08:18:14.820572" level="INFO">${list_country} = ['AD', 'AE', 'AF', 'AG', 'AI', 'AL', 'AM', 'AO', 'AQ', 'AR', 'AS', 'AT', 'AU', 'AW', 'AX', 'AZ', 'BA', 'BB', 'BD', 'BE', 'BF', 'BG', 'BH', 'BI', 'BJ', 'BL', 'BM', 'BN', 'BO', 'BQ', 'BR', 'BS', 'BT', '...</msg>
<var>${list_country}</var>
<arg>AD</arg>
<arg>AE</arg>
<arg>AF</arg>
<arg>AG</arg>
<arg>AI</arg>
<arg>AL</arg>
<arg>AM</arg>
<arg>AO</arg>
<arg>AQ</arg>
<arg>AR</arg>
<arg>AS</arg>
<arg>AT</arg>
<arg>AU</arg>
<arg>AW</arg>
<arg>AX</arg>
<arg>AZ</arg>
<arg>BA</arg>
<arg>BB</arg>
<arg>BD</arg>
<arg>BE</arg>
<arg>BF</arg>
<arg>BG</arg>
<arg>BH</arg>
<arg>BI</arg>
<arg>BJ</arg>
<arg>BL</arg>
<arg>BM</arg>
<arg>BN</arg>
<arg>BO</arg>
<arg>BQ</arg>
<arg>BR</arg>
<arg>BS</arg>
<arg>BT</arg>
<arg>BV</arg>
<arg>BW</arg>
<arg>BY</arg>
<arg>BZ</arg>
<arg>CA</arg>
<arg>CC</arg>
<arg>CD</arg>
<arg>CF</arg>
<arg>CG</arg>
<arg>CH</arg>
<arg>CI</arg>
<arg>CK</arg>
<arg>CL</arg>
<arg>CM</arg>
<arg>CN</arg>
<arg>CO</arg>
<arg>CR</arg>
<arg>CU</arg>
<arg>CV</arg>
<arg>CW</arg>
<arg>CX</arg>
<arg>CY</arg>
<arg>CZ</arg>
<arg>DE</arg>
<arg>DJ</arg>
<arg>DK</arg>
<arg>DM</arg>
<arg>DO</arg>
<arg>DZ</arg>
<arg>EC</arg>
<arg>EE</arg>
<arg>EG</arg>
<arg>EH</arg>
<arg>ER</arg>
<arg>ES</arg>
<arg>ET</arg>
<arg>FI</arg>
<arg>FJ</arg>
<arg>FK</arg>
<arg>FM</arg>
<arg>FO</arg>
<arg>FR</arg>
<arg>GA</arg>
<arg>GB</arg>
<arg>GD</arg>
<arg>GE</arg>
<arg>GF</arg>
<arg>GG</arg>
<arg>GH</arg>
<arg>GI</arg>
<arg>GL</arg>
<arg>GM</arg>
<arg>GN</arg>
<arg>GP</arg>
<arg>GQ</arg>
<arg>GR</arg>
<arg>GS</arg>
<arg>GT</arg>
<arg>GU</arg>
<arg>GW</arg>
<arg>GY</arg>
<arg>HK</arg>
<arg>HM</arg>
<arg>HN</arg>
<arg>HR</arg>
<arg>HT</arg>
<arg>HU</arg>
<arg>ID</arg>
<arg>IE</arg>
<arg>IL</arg>
<arg>IM</arg>
<arg>IN</arg>
<arg>IO</arg>
<arg>IQ</arg>
<arg>IR</arg>
<arg>IS</arg>
<arg>IT</arg>
<arg>JE</arg>
<arg>JM</arg>
<arg>JO</arg>
<arg>JP</arg>
<arg>KE</arg>
<arg>KG</arg>
<arg>KH</arg>
<arg>KI</arg>
<arg>KM</arg>
<arg>KN</arg>
<arg>KP</arg>
<arg>KR</arg>
<arg>KW</arg>
<arg>KY</arg>
<arg>KZ</arg>
<arg>LA</arg>
<arg>LB</arg>
<arg>LC</arg>
<arg>LI</arg>
<arg>LK</arg>
<arg>LR</arg>
<arg>LS</arg>
<arg>LT</arg>
<arg>LU</arg>
<arg>LV</arg>
<arg>LY</arg>
<arg>MA</arg>
<arg>MC</arg>
<arg>MD</arg>
<arg>ME</arg>
<arg>MF</arg>
<arg>MG</arg>
<arg>MH</arg>
<arg>MK</arg>
<arg>ML</arg>
<arg>MM</arg>
<arg>MN</arg>
<arg>MO</arg>
<arg>MP</arg>
<arg>MQ</arg>
<arg>MR</arg>
<arg>MS</arg>
<arg>MT</arg>
<arg>MU</arg>
<arg>MV</arg>
<arg>MW</arg>
<arg>MX</arg>
<arg>MY</arg>
<arg>MZ</arg>
<arg>NA</arg>
<arg>NC</arg>
<arg>NE</arg>
<arg>NF</arg>
<arg>NG</arg>
<arg>NI</arg>
<arg>NL</arg>
<arg>NO</arg>
<arg>NP</arg>
<arg>NR</arg>
<arg>NU</arg>
<arg>NZ</arg>
<arg>OM</arg>
<arg>PA</arg>
<arg>PE</arg>
<arg>PF</arg>
<arg>PG</arg>
<arg>PH</arg>
<arg>PK</arg>
<arg>PL</arg>
<arg>PM</arg>
<arg>PN</arg>
<arg>PR</arg>
<arg>PS</arg>
<arg>PT</arg>
<arg>PW</arg>
<arg>PY</arg>
<arg>QA</arg>
<arg>RE</arg>
<arg>RO</arg>
<arg>RS</arg>
<arg>RU</arg>
<arg>RW</arg>
<arg>SA</arg>
<arg>SB</arg>
<arg>SC</arg>
<arg>SD</arg>
<arg>SE</arg>
<arg>SG</arg>
<arg>SH</arg>
<arg>SI</arg>
<arg>SJ</arg>
<arg>SK</arg>
<arg>SL</arg>
<arg>SM</arg>
<arg>SN</arg>
<arg>SO</arg>
<arg>SR</arg>
<arg>SS</arg>
<arg>ST</arg>
<arg>SV</arg>
<arg>SX</arg>
<arg>SY</arg>
<arg>SZ</arg>
<arg>TC</arg>
<arg>TD</arg>
<arg>TF</arg>
<arg>TG</arg>
<arg>TH</arg>
<arg>TJ</arg>
<arg>TK</arg>
<arg>TL</arg>
<arg>TM</arg>
<arg>TN</arg>
<arg>TO</arg>
<arg>TR</arg>
<arg>TT</arg>
<arg>TV</arg>
<arg>TW</arg>
<arg>TZ</arg>
<arg>UA</arg>
<arg>UG</arg>
<arg>UM</arg>
<arg>US</arg>
<arg>UY</arg>
<arg>UZ</arg>
<arg>VA</arg>
<arg>VC</arg>
<arg>VE</arg>
<arg>VG</arg>
<arg>VI</arg>
<arg>VN</arg>
<arg>VU</arg>
<arg>WF</arg>
<arg>WS</arg>
<arg>XK</arg>
<arg>YE</arg>
<arg>YT</arg>
<arg>ZA</arg>
<arg>ZM</arg>
<arg>ZW</arg>
<doc>Returns a list containing given items.</doc>
<status status="PASS" start="2024-04-07T08:18:14.819975" elapsed="0.000622"/>
</kw>
<kw name="List Should Contain Value" owner="Collections">
<msg time="2024-04-07T08:18:14.821697" level="INFO">False</msg>
<arg>${list_country}</arg>
<arg>${name_country}</arg>
<doc>Fails if the ``value`` is not found from ``list``.</doc>
<status status="PASS" start="2024-04-07T08:18:14.821484" elapsed="0.000251"/>
</kw>
<kw name="Run Keyword If" owner="BuiltIn">
<kw name="Should Be True" owner="BuiltIn">
<arg>${True}</arg>
<doc>Fails if the given condition is not true.</doc>
<status status="PASS" start="2024-04-07T08:18:14.822834" elapsed="0.000143"/>
</kw>
<arg>${json_data["results"][0]["location"]["coordinates"]["latitude"]} &gt;= -90 and ${json_data["results"][0]["location"]["coordinates"]["latitude"]} &lt;= 90</arg>
<arg>Should Be True</arg>
<arg>${True}</arg>
<doc>Runs the given keyword with the given arguments, if ``condition`` is true.</doc>
<status status="PASS" start="2024-04-07T08:18:14.822091" elapsed="0.001015"/>
</kw>
<kw name="Run Keyword If" owner="BuiltIn">
<kw name="Should Be True" owner="BuiltIn">
<arg>${True}</arg>
<doc>Fails if the given condition is not true.</doc>
<status status="PASS" start="2024-04-07T08:18:14.823990" elapsed="0.000137"/>
</kw>
<arg>${json_data["results"][0]["location"]["coordinates"]["longitude"]} &gt;= -180 and ${json_data["results"][0]["location"]["coordinates"]["longitude"]} &lt;= 180</arg>
<arg>Should Be True</arg>
<arg>${True}</arg>
<doc>Runs the given keyword with the given arguments, if ``condition`` is true.</doc>
<status status="PASS" start="2024-04-07T08:18:14.823289" elapsed="0.000962"/>
</kw>
<status status="PASS" start="2024-04-07T08:18:14.724716" elapsed="0.099661"/>
</kw>
<doc>Testa o conteúdo específico dos campos retornados pela API.</doc>
<tag>testeConteudo</tag>
<status status="PASS" start="2024-04-07T08:18:14.724206" elapsed="0.100319"/>
</test>
<status status="PASS" start="2024-04-07T08:18:13.468146" elapsed="1.358322"/>
</suite>
<status status="PASS" start="2024-04-07T08:18:13.454314" elapsed="1.377472"/>
</suite>
<statistics>
<total>
<stat pass="5" fail="0" skip="0">All Tests</stat>
</total>
<tag>
<stat pass="1" fail="0" skip="0">testeConteudo</stat>
<stat pass="1" fail="0" skip="0">testeEstruturaResposta</stat>
<stat pass="1" fail="0" skip="0">testeRequisicaoBasica</stat>
<stat pass="1" fail="0" skip="0">testeTiposDados</stat>
</tag>
<suite>
<stat pass="5" fail="0" skip="0" id="s1" name="Tests">Tests</stat>
<stat pass="5" fail="0" skip="0" id="s1-s1" name="Random-User-Test">Tests.Random-User-Test</stat>
</suite>
</statistics>
<errors>
</errors>
</robot>
