<?xml version="1.0" encoding="UTF-8"?>
<robot generator="Robot 7.0 (Python 3.12.3 on linux)" generated="2024-05-11T20:14:42.571307" rpa="false" schemaversion="5">
<suite id="s1" name="Tests" source="/home/runner/work/DesafioQAItauRogerioJordao/DesafioQAItauRogerioJordao/RamdonUser/tests">
<suite id="s1-s1" name="Random-User-Test" source="/home/runner/work/DesafioQAItauRogerioJordao/DesafioQAItauRogerioJordao/RamdonUser/tests/random-user-test.robot">
<test id="s1-s1-t1" name="Conectar" line="13">
<kw name="Conectar API" owner="random-user-service">
<kw name="Create Session" owner="RequestsLibrary">
<msg time="2024-05-11T20:14:42.930027" level="INFO">Creating Session using : alias=consultarAPI, url=https://randomuser.me/, headers={},                     cookies={}, auth=None, timeout=None, proxies=None, verify=False,                     debug=0 </msg>
<arg>consultarAPI</arg>
<arg>${URL}</arg>
<doc>Create Session: create a HTTP session to a server</doc>
<status status="PASS" start="2024-05-11T20:14:42.929826" elapsed="0.000389"/>
</kw>
<status status="PASS" start="2024-05-11T20:14:42.928861" elapsed="0.001715"/>
</kw>
<status status="PASS" start="2024-05-11T20:14:42.928317" elapsed="0.002457"/>
</test>
<test id="s1-s1-t2" name="Validar retorno 200 e JSON Válido" line="16">
<kw name="Teste de Requisicao Basica" owner="random-user-service">
<kw name="GET On Session" owner="RequestsLibrary">
<msg time="2024-05-11T20:14:43.054322" level="INFO">GET Request : url=https://randomuser.me/api 
 path_url=/api 
 headers={'User-Agent': 'python-requests/2.31.0', 'Accept-Encoding': 'gzip, deflate', 'Accept': '*/*', 'Connection': 'keep-alive'} 
 body=None 
 </msg>
<msg time="2024-05-11T20:14:43.054470" level="INFO">GET Response : url=https://randomuser.me/api 
 status=200, reason=OK 
 headers={'Date': 'Sat, 11 May 2024 20:14:43 GMT', 'Content-Type': 'application/json; charset=utf-8', 'Transfer-Encoding': 'chunked', 'Connection': 'keep-alive', 'X-Powered-By': 'Express', 'Access-Control-Allow-Origin': '*', 'Cache-Control': 'no-cache', 'ETag': 'W/"4a9-C1Cj95RJs/cvBDbKCy8ISEAXYLM"', 'Vary': 'Accept-Encoding', 'Content-Encoding': 'gzip', 'CF-Cache-Status': 'DYNAMIC', 'Report-To': '{"endpoints":[{"url":"https:\\/\\/a.nel.cloudflare.com\\/report\\/v4?s=Ojm%2FCqTHg8bcZaAFuKHJKAsUbTNZnVcOwDPNNZN5O%2FP3C2O2NRSfhV%2B%2BBN2eTlm%2Bo%2BVBieG1Qe9Q5ImYB%2FyJiUG1MRAyoyma6%2B21ZrbyQs%2BBsj9aKqPvvhXxvSSVd8IM"}],"group":"cf-nel","max_age":604800}', 'NEL': '{"success_fraction":0,"report_to":"cf-nel","max_age":604800}', 'Server': 'cloudflare', 'CF-RAY': '8824d63e8cfacef5-SJC', 'alt-svc': 'h3=":443"; ma=86400'} 
 body={"results":[{"gender":"female","name":{"title":"Miss","first":"Emma","last":"Heikkinen"},"location":{"street":{"number":4408,"name":"Esplanadi"},"city":"Sulkava","state":"Southern Savonia","country":"Finland","postcode":77824,"coordinates":{"latitude":"-23.3216","longitude":"127.1431"},"timezone":{"offset":"+11:00","description":"Magadan, Solomon Islands, New Caledonia"}},"email":"emma.heikkinen@example.com","login":{"uuid":"322f71dd-c87e-4083-a485-9612be570749","username":"goldenmeercat461","password":"locks","salt":"GC3aHlAr","md5":"dd76e0f6c1f827813af36df92531ca7d","sha1":"9562e9331295f8f95ce7e5179ad506a65d3c19a0","sha256":"3d7b5e3927495066e4dca206c49d3286cbcc039eae780c14d7bc37b22695ee44"},"dob":{"date":"1950-03-27T02:25:08.574Z","age":74},"registered":{"date":"2005-02-14T06:27:52.399Z","age":19},"phone":"09-340-425","cell":"047-594-63-75","id":{"name":"HETU","value":"NaNNA698undefined"},"picture":{"large":"https://randomuser.me/api/portraits/women/67.jpg","medium":"https://randomuser.me/api/portraits/med/women/67.jpg","thumbnail":"https://randomuser.me/api/portraits/thumb/women/67.jpg"},"nat":"FI"}],"info":{"seed":"425d111a459b5d0f","results":1,"page":1,"version":"1.4"}} 
 </msg>
<msg time="2024-05-11T20:14:43.054555" level="INFO">/opt/hostedtoolcache/Python/3.12.3/x64/lib/python3.12/site-packages/urllib3/connectionpool.py:1103: InsecureRequestWarning: Unverified HTTPS request is being made to host 'randomuser.me'. Adding certificate verification is strongly advised. See: https://urllib3.readthedocs.io/en/latest/advanced-usage.html#tls-warnings
  warnings.warn(</msg>
<msg time="2024-05-11T20:14:43.054702" level="INFO">${response} = &lt;Response [200]&gt;</msg>
<var>${response}</var>
<arg>consultarAPI</arg>
<arg>/api</arg>
<doc>Sends a GET request on a previously created HTTP Session.</doc>
<status status="PASS" start="2024-05-11T20:14:42.933525" elapsed="0.121219"/>
</kw>
<kw name="Should Be Equal As Numbers" owner="BuiltIn">
<msg time="2024-05-11T20:14:43.055940" level="INFO">Argument types are:
&lt;class 'int'&gt;
&lt;class 'str'&gt;</msg>
<arg>${response.status_code}</arg>
<arg>200</arg>
<doc>Fails if objects are unequal after converting them to real numbers.</doc>
<status status="PASS" start="2024-05-11T20:14:43.055399" elapsed="0.000611"/>
</kw>
<kw name="Log" owner="BuiltIn">
<msg time="2024-05-11T20:14:43.056754" level="INFO">200</msg>
<arg>${response.status_code}</arg>
<doc>Logs the given message with the given level.</doc>
<status status="PASS" start="2024-05-11T20:14:43.056388" elapsed="0.000409"/>
</kw>
<kw name="Set Variable" owner="BuiltIn">
<msg time="2024-05-11T20:14:43.057575" level="INFO">${json_data} = {'results': [{'gender': 'female', 'name': {'title': 'Miss', 'first': 'Emma', 'last': 'Heikkinen'}, 'location': {'street': {'number': 4408, 'name': 'Esplanadi'}, 'city': 'Sulkava', 'state': 'Southern S...</msg>
<var>${json_data}</var>
<arg>${response.json()}</arg>
<doc>Returns the given values which can then be assigned to a variables.</doc>
<status status="PASS" start="2024-05-11T20:14:43.057115" elapsed="0.000490"/>
</kw>
<kw name="Dictionary Should Contain Key" owner="Collections">
<msg time="2024-05-11T20:14:43.058086" level="INFO">False</msg>
<arg>${json_data}</arg>
<arg>results</arg>
<doc>Fails if ``key`` is not found from ``dictionary``.</doc>
<status status="PASS" start="2024-05-11T20:14:43.057914" elapsed="0.000213"/>
</kw>
<status status="PASS" start="2024-05-11T20:14:42.933276" elapsed="0.125114"/>
</kw>
<doc>Testa se a API responde corretamente e retorna um objeto JSON válido.</doc>
<tag>testeRequisicaoBasica</tag>
<status status="PASS" start="2024-05-11T20:14:42.932721" elapsed="0.125859"/>
</test>
<test id="s1-s1-t3" name="Validar estrutura de resposta" line="22">
<kw name="Teste de Estrutura de Resposta" owner="random-user-service">
<kw name="GET On Session" owner="RequestsLibrary">
<msg time="2024-05-11T20:14:43.372830" level="INFO">GET Request : url=https://randomuser.me/api 
 path_url=/api 
 headers={'User-Agent': 'python-requests/2.31.0', 'Accept-Encoding': 'gzip, deflate', 'Accept': '*/*', 'Connection': 'keep-alive'} 
 body=None 
 </msg>
<msg time="2024-05-11T20:14:43.372932" level="INFO">GET Response : url=https://randomuser.me/api 
 status=200, reason=OK 
 headers={'Date': 'Sat, 11 May 2024 20:14:43 GMT', 'Content-Type': 'application/json; charset=utf-8', 'Transfer-Encoding': 'chunked', 'Connection': 'keep-alive', 'X-Powered-By': 'Express', 'Access-Control-Allow-Origin': '*', 'Cache-Control': 'no-cache', 'ETag': 'W/"4ac-F5GyBSNantQoq8rvRsxRfj96nMo"', 'Vary': 'Accept-Encoding', 'Content-Encoding': 'gzip', 'CF-Cache-Status': 'DYNAMIC', 'Report-To': '{"endpoints":[{"url":"https:\\/\\/a.nel.cloudflare.com\\/report\\/v4?s=jUn0egIGtC6%2FPl%2FeGzYwJgtDU3NCnq6NU7WORg%2FYadTz0eWqI6ZaSh%2FfdR%2FSZ2Bw2D42%2BNRq%2FdKddqaWkZelw5Xj%2Fk03kYaTW3erQDBCpelQcDxkzdT%2F8fDkdNymVTYx"}],"group":"cf-nel","max_age":604800}', 'NEL': '{"success_fraction":0,"report_to":"cf-nel","max_age":604800}', 'Server': 'cloudflare', 'CF-RAY': '8824d63f2d7acef5-SJC', 'alt-svc': 'h3=":443"; ma=86400'} 
 body={"results":[{"gender":"female","name":{"title":"Miss","first":"Justine","last":"Mitchell"},"location":{"street":{"number":8853,"name":"St. Catherine St"},"city":"Inverness","state":"British Columbia","country":"Canada","postcode":"G5P 1J3","coordinates":{"latitude":"-69.2459","longitude":"124.9840"},"timezone":{"offset":"+3:00","description":"Baghdad, Riyadh, Moscow, St. Petersburg"}},"email":"justine.mitchell@example.com","login":{"uuid":"aa38ed72-03b3-4ab7-8e13-4b763951eab3","username":"brownfish769","password":"alley","salt":"nSnOQEF5","md5":"3974c4fec65d4f56a820a8cccd4e3066","sha1":"97cda357b142cc2c30788d9e48253ec502a0bc70","sha256":"e6ccec2504f3681e2957689258ab9417b76a6743bb8b2e16fa5734846b83f459"},"dob":{"date":"1971-05-13T16:40:36.308Z","age":52},"registered":{"date":"2010-05-10T00:45:07.778Z","age":14},"phone":"P31 X67-2662","cell":"A25 P18-4210","id":{"name":"SIN","value":"344451604"},"picture":{"large":"https://randomuser.me/api/portraits/women/18.jpg","medium":"https://randomuser.me/api/portraits/med/women/18.jpg","thumbnail":"https://randomuser.me/api/portraits/thumb/women/18.jpg"},"nat":"CA"}],"info":{"seed":"3595ed51b69d3e3c","results":1,"page":1,"version":"1.4"}} 
 </msg>
<msg time="2024-05-11T20:14:43.373057" level="INFO">/opt/hostedtoolcache/Python/3.12.3/x64/lib/python3.12/site-packages/urllib3/connectionpool.py:1103: InsecureRequestWarning: Unverified HTTPS request is being made to host 'randomuser.me'. Adding certificate verification is strongly advised. See: https://urllib3.readthedocs.io/en/latest/advanced-usage.html#tls-warnings
  warnings.warn(</msg>
<msg time="2024-05-11T20:14:43.373185" level="INFO">${response} = &lt;Response [200]&gt;</msg>
<var>${response}</var>
<arg>consultarAPI</arg>
<arg>/api</arg>
<doc>Sends a GET request on a previously created HTTP Session.</doc>
<status status="PASS" start="2024-05-11T20:14:43.061378" elapsed="0.311943"/>
</kw>
<kw name="Set Variable" owner="BuiltIn">
<msg time="2024-05-11T20:14:43.374324" level="INFO">${json_data} = {'results': [{'gender': 'female', 'name': {'title': 'Miss', 'first': 'Justine', 'last': 'Mitchell'}, 'location': {'street': {'number': 8853, 'name': 'St. Catherine St'}, 'city': 'Inverness', 'state': ...</msg>
<var>${json_data}</var>
<arg>${response.json()}</arg>
<doc>Returns the given values which can then be assigned to a variables.</doc>
<status status="PASS" start="2024-05-11T20:14:43.373808" elapsed="0.000545"/>
</kw>
<kw name="Log" owner="BuiltIn">
<msg time="2024-05-11T20:14:43.374819" level="INFO">{'results': [{'gender': 'female', 'name': {'title': 'Miss', 'first': 'Justine', 'last': 'Mitchell'}, 'location': {'street': {'number': 8853, 'name': 'St. Catherine St'}, 'city': 'Inverness', 'state': 'British Columbia', 'country': 'Canada', 'postcode': 'G5P 1J3', 'coordinates': {'latitude': '-69.2459', 'longitude': '124.9840'}, 'timezone': {'offset': '+3:00', 'description': 'Baghdad, Riyadh, Moscow, St. Petersburg'}}, 'email': 'justine.mitchell@example.com', 'login': {'uuid': 'aa38ed72-03b3-4ab7-8e13-4b763951eab3', 'username': 'brownfish769', 'password': 'alley', 'salt': 'nSnOQEF5', 'md5': '3974c4fec65d4f56a820a8cccd4e3066', 'sha1': '97cda357b142cc2c30788d9e48253ec502a0bc70', 'sha256': 'e6ccec2504f3681e2957689258ab9417b76a6743bb8b2e16fa5734846b83f459'}, 'dob': {'date': '1971-05-13T16:40:36.308Z', 'age': 52}, 'registered': {'date': '2010-05-10T00:45:07.778Z', 'age': 14}, 'phone': 'P31 X67-2662', 'cell': 'A25 P18-4210', 'id': {'name': 'SIN', 'value': '344451604'}, 'picture': {'large': 'https://randomuser.me/api/portraits/women/18.jpg', 'medium': 'https://randomuser.me/api/portraits/med/women/18.jpg', 'thumbnail': 'https://randomuser.me/api/portraits/thumb/women/18.jpg'}, 'nat': 'CA'}], 'info': {'seed': '3595ed51b69d3e3c', 'results': 1, 'page': 1, 'version': '1.4'}}</msg>
<arg>${json_data}</arg>
<doc>Logs the given message with the given level.</doc>
<status status="PASS" start="2024-05-11T20:14:43.374657" elapsed="0.000209"/>
</kw>
<kw name="Dictionary Should Contain Key" owner="Collections">
<msg time="2024-05-11T20:14:43.375319" level="INFO">False</msg>
<arg>${json_data}</arg>
<arg>results</arg>
<doc>Fails if ``key`` is not found from ``dictionary``.</doc>
<status status="PASS" start="2024-05-11T20:14:43.375164" elapsed="0.000192"/>
</kw>
<kw name="Should Not Be Empty" owner="BuiltIn">
<msg time="2024-05-11T20:14:43.375832" level="INFO">Length is 2.</msg>
<arg>${json_data}</arg>
<doc>Verifies that the given item is not empty.</doc>
<status status="PASS" start="2024-05-11T20:14:43.375698" elapsed="0.000173"/>
</kw>
<kw name="Create List" owner="BuiltIn">
<msg time="2024-05-11T20:14:43.376462" level="INFO">${expected_keys} = ['gender', 'name', 'location', 'email', 'login']</msg>
<var>${expected_keys}</var>
<arg>gender</arg>
<arg>name</arg>
<arg>location</arg>
<arg>email</arg>
<arg>login</arg>
<doc>Returns a list containing given items.</doc>
<status status="PASS" start="2024-05-11T20:14:43.376160" elapsed="0.000327"/>
</kw>
<for flavor="IN">
<iter>
<kw name="Dictionary Should Contain Key" owner="Collections">
<msg time="2024-05-11T20:14:43.377479" level="INFO">False</msg>
<arg>${json_data['results'][0]}</arg>
<arg>${key}</arg>
<doc>Fails if ``key`` is not found from ``dictionary``.</doc>
<status status="PASS" start="2024-05-11T20:14:43.377075" elapsed="0.000442"/>
</kw>
<kw name="Log" owner="BuiltIn">
<msg time="2024-05-11T20:14:43.378174" level="INFO">{'gender': 'female', 'name': {'title': 'Miss', 'first': 'Justine', 'last': 'Mitchell'}, 'location': {'street': {'number': 8853, 'name': 'St. Catherine St'}, 'city': 'Inverness', 'state': 'British Columbia', 'country': 'Canada', 'postcode': 'G5P 1J3', 'coordinates': {'latitude': '-69.2459', 'longitude': '124.9840'}, 'timezone': {'offset': '+3:00', 'description': 'Baghdad, Riyadh, Moscow, St. Petersburg'}}, 'email': 'justine.mitchell@example.com', 'login': {'uuid': 'aa38ed72-03b3-4ab7-8e13-4b763951eab3', 'username': 'brownfish769', 'password': 'alley', 'salt': 'nSnOQEF5', 'md5': '3974c4fec65d4f56a820a8cccd4e3066', 'sha1': '97cda357b142cc2c30788d9e48253ec502a0bc70', 'sha256': 'e6ccec2504f3681e2957689258ab9417b76a6743bb8b2e16fa5734846b83f459'}, 'dob': {'date': '1971-05-13T16:40:36.308Z', 'age': 52}, 'registered': {'date': '2010-05-10T00:45:07.778Z', 'age': 14}, 'phone': 'P31 X67-2662', 'cell': 'A25 P18-4210', 'id': {'name': 'SIN', 'value': '344451604'}, 'picture': {'large': 'https://randomuser.me/api/portraits/women/18.jpg', 'medium': 'https://randomuser.me/api/portraits/med/women/18.jpg', 'thumbnail': 'https://randomuser.me/api/portraits/thumb/women/18.jpg'}, 'nat': 'CA'}</msg>
<arg>${json_data['results'][0]}</arg>
<doc>Logs the given message with the given level.</doc>
<status status="PASS" start="2024-05-11T20:14:43.377814" elapsed="0.000408"/>
</kw>
<kw name="Log" owner="BuiltIn">
<msg time="2024-05-11T20:14:43.378645" level="INFO">gender</msg>
<arg>${key}</arg>
<doc>Logs the given message with the given level.</doc>
<status status="PASS" start="2024-05-11T20:14:43.378520" elapsed="0.000162"/>
</kw>
<var name="${key}">gender</var>
<status status="PASS" start="2024-05-11T20:14:43.376949" elapsed="0.001945"/>
</iter>
<iter>
<kw name="Dictionary Should Contain Key" owner="Collections">
<msg time="2024-05-11T20:14:43.379601" level="INFO">False</msg>
<arg>${json_data['results'][0]}</arg>
<arg>${key}</arg>
<doc>Fails if ``key`` is not found from ``dictionary``.</doc>
<status status="PASS" start="2024-05-11T20:14:43.379193" elapsed="0.000489"/>
</kw>
<kw name="Log" owner="BuiltIn">
<msg time="2024-05-11T20:14:43.380347" level="INFO">{'gender': 'female', 'name': {'title': 'Miss', 'first': 'Justine', 'last': 'Mitchell'}, 'location': {'street': {'number': 8853, 'name': 'St. Catherine St'}, 'city': 'Inverness', 'state': 'British Columbia', 'country': 'Canada', 'postcode': 'G5P 1J3', 'coordinates': {'latitude': '-69.2459', 'longitude': '124.9840'}, 'timezone': {'offset': '+3:00', 'description': 'Baghdad, Riyadh, Moscow, St. Petersburg'}}, 'email': 'justine.mitchell@example.com', 'login': {'uuid': 'aa38ed72-03b3-4ab7-8e13-4b763951eab3', 'username': 'brownfish769', 'password': 'alley', 'salt': 'nSnOQEF5', 'md5': '3974c4fec65d4f56a820a8cccd4e3066', 'sha1': '97cda357b142cc2c30788d9e48253ec502a0bc70', 'sha256': 'e6ccec2504f3681e2957689258ab9417b76a6743bb8b2e16fa5734846b83f459'}, 'dob': {'date': '1971-05-13T16:40:36.308Z', 'age': 52}, 'registered': {'date': '2010-05-10T00:45:07.778Z', 'age': 14}, 'phone': 'P31 X67-2662', 'cell': 'A25 P18-4210', 'id': {'name': 'SIN', 'value': '344451604'}, 'picture': {'large': 'https://randomuser.me/api/portraits/women/18.jpg', 'medium': 'https://randomuser.me/api/portraits/med/women/18.jpg', 'thumbnail': 'https://randomuser.me/api/portraits/thumb/women/18.jpg'}, 'nat': 'CA'}</msg>
<arg>${json_data['results'][0]}</arg>
<doc>Logs the given message with the given level.</doc>
<status status="PASS" start="2024-05-11T20:14:43.379990" elapsed="0.000404"/>
</kw>
<kw name="Log" owner="BuiltIn">
<msg time="2024-05-11T20:14:43.380809" level="INFO">name</msg>
<arg>${key}</arg>
<doc>Logs the given message with the given level.</doc>
<status status="PASS" start="2024-05-11T20:14:43.380685" elapsed="0.000160"/>
</kw>
<var name="${key}">name</var>
<status status="PASS" start="2024-05-11T20:14:43.379079" elapsed="0.001981"/>
</iter>
<iter>
<kw name="Dictionary Should Contain Key" owner="Collections">
<msg time="2024-05-11T20:14:43.381728" level="INFO">False</msg>
<arg>${json_data['results'][0]}</arg>
<arg>${key}</arg>
<doc>Fails if ``key`` is not found from ``dictionary``.</doc>
<status status="PASS" start="2024-05-11T20:14:43.381348" elapsed="0.000417"/>
</kw>
<kw name="Log" owner="BuiltIn">
<msg time="2024-05-11T20:14:43.382429" level="INFO">{'gender': 'female', 'name': {'title': 'Miss', 'first': 'Justine', 'last': 'Mitchell'}, 'location': {'street': {'number': 8853, 'name': 'St. Catherine St'}, 'city': 'Inverness', 'state': 'British Columbia', 'country': 'Canada', 'postcode': 'G5P 1J3', 'coordinates': {'latitude': '-69.2459', 'longitude': '124.9840'}, 'timezone': {'offset': '+3:00', 'description': 'Baghdad, Riyadh, Moscow, St. Petersburg'}}, 'email': 'justine.mitchell@example.com', 'login': {'uuid': 'aa38ed72-03b3-4ab7-8e13-4b763951eab3', 'username': 'brownfish769', 'password': 'alley', 'salt': 'nSnOQEF5', 'md5': '3974c4fec65d4f56a820a8cccd4e3066', 'sha1': '97cda357b142cc2c30788d9e48253ec502a0bc70', 'sha256': 'e6ccec2504f3681e2957689258ab9417b76a6743bb8b2e16fa5734846b83f459'}, 'dob': {'date': '1971-05-13T16:40:36.308Z', 'age': 52}, 'registered': {'date': '2010-05-10T00:45:07.778Z', 'age': 14}, 'phone': 'P31 X67-2662', 'cell': 'A25 P18-4210', 'id': {'name': 'SIN', 'value': '344451604'}, 'picture': {'large': 'https://randomuser.me/api/portraits/women/18.jpg', 'medium': 'https://randomuser.me/api/portraits/med/women/18.jpg', 'thumbnail': 'https://randomuser.me/api/portraits/thumb/women/18.jpg'}, 'nat': 'CA'}</msg>
<arg>${json_data['results'][0]}</arg>
<doc>Logs the given message with the given level.</doc>
<status status="PASS" start="2024-05-11T20:14:43.382066" elapsed="0.000410"/>
</kw>
<kw name="Log" owner="BuiltIn">
<msg time="2024-05-11T20:14:43.382889" level="INFO">location</msg>
<arg>${key}</arg>
<doc>Logs the given message with the given level.</doc>
<status status="PASS" start="2024-05-11T20:14:43.382766" elapsed="0.000160"/>
</kw>
<var name="${key}">location</var>
<status status="PASS" start="2024-05-11T20:14:43.381238" elapsed="0.001898"/>
</iter>
<iter>
<kw name="Dictionary Should Contain Key" owner="Collections">
<msg time="2024-05-11T20:14:43.383845" level="INFO">False</msg>
<arg>${json_data['results'][0]}</arg>
<arg>${key}</arg>
<doc>Fails if ``key`` is not found from ``dictionary``.</doc>
<status status="PASS" start="2024-05-11T20:14:43.383413" elapsed="0.000469"/>
</kw>
<kw name="Log" owner="BuiltIn">
<msg time="2024-05-11T20:14:43.384549" level="INFO">{'gender': 'female', 'name': {'title': 'Miss', 'first': 'Justine', 'last': 'Mitchell'}, 'location': {'street': {'number': 8853, 'name': 'St. Catherine St'}, 'city': 'Inverness', 'state': 'British Columbia', 'country': 'Canada', 'postcode': 'G5P 1J3', 'coordinates': {'latitude': '-69.2459', 'longitude': '124.9840'}, 'timezone': {'offset': '+3:00', 'description': 'Baghdad, Riyadh, Moscow, St. Petersburg'}}, 'email': 'justine.mitchell@example.com', 'login': {'uuid': 'aa38ed72-03b3-4ab7-8e13-4b763951eab3', 'username': 'brownfish769', 'password': 'alley', 'salt': 'nSnOQEF5', 'md5': '3974c4fec65d4f56a820a8cccd4e3066', 'sha1': '97cda357b142cc2c30788d9e48253ec502a0bc70', 'sha256': 'e6ccec2504f3681e2957689258ab9417b76a6743bb8b2e16fa5734846b83f459'}, 'dob': {'date': '1971-05-13T16:40:36.308Z', 'age': 52}, 'registered': {'date': '2010-05-10T00:45:07.778Z', 'age': 14}, 'phone': 'P31 X67-2662', 'cell': 'A25 P18-4210', 'id': {'name': 'SIN', 'value': '344451604'}, 'picture': {'large': 'https://randomuser.me/api/portraits/women/18.jpg', 'medium': 'https://randomuser.me/api/portraits/med/women/18.jpg', 'thumbnail': 'https://randomuser.me/api/portraits/thumb/women/18.jpg'}, 'nat': 'CA'}</msg>
<arg>${json_data['results'][0]}</arg>
<doc>Logs the given message with the given level.</doc>
<status status="PASS" start="2024-05-11T20:14:43.384193" elapsed="0.000403"/>
</kw>
<kw name="Log" owner="BuiltIn">
<msg time="2024-05-11T20:14:43.385008" level="INFO">email</msg>
<arg>${key}</arg>
<doc>Logs the given message with the given level.</doc>
<status status="PASS" start="2024-05-11T20:14:43.384884" elapsed="0.000160"/>
</kw>
<var name="${key}">email</var>
<status status="PASS" start="2024-05-11T20:14:43.383305" elapsed="0.001956"/>
</iter>
<iter>
<kw name="Dictionary Should Contain Key" owner="Collections">
<msg time="2024-05-11T20:14:43.385932" level="INFO">False</msg>
<arg>${json_data['results'][0]}</arg>
<arg>${key}</arg>
<doc>Fails if ``key`` is not found from ``dictionary``.</doc>
<status status="PASS" start="2024-05-11T20:14:43.385550" elapsed="0.000418"/>
</kw>
<kw name="Log" owner="BuiltIn">
<msg time="2024-05-11T20:14:43.386615" level="INFO">{'gender': 'female', 'name': {'title': 'Miss', 'first': 'Justine', 'last': 'Mitchell'}, 'location': {'street': {'number': 8853, 'name': 'St. Catherine St'}, 'city': 'Inverness', 'state': 'British Columbia', 'country': 'Canada', 'postcode': 'G5P 1J3', 'coordinates': {'latitude': '-69.2459', 'longitude': '124.9840'}, 'timezone': {'offset': '+3:00', 'description': 'Baghdad, Riyadh, Moscow, St. Petersburg'}}, 'email': 'justine.mitchell@example.com', 'login': {'uuid': 'aa38ed72-03b3-4ab7-8e13-4b763951eab3', 'username': 'brownfish769', 'password': 'alley', 'salt': 'nSnOQEF5', 'md5': '3974c4fec65d4f56a820a8cccd4e3066', 'sha1': '97cda357b142cc2c30788d9e48253ec502a0bc70', 'sha256': 'e6ccec2504f3681e2957689258ab9417b76a6743bb8b2e16fa5734846b83f459'}, 'dob': {'date': '1971-05-13T16:40:36.308Z', 'age': 52}, 'registered': {'date': '2010-05-10T00:45:07.778Z', 'age': 14}, 'phone': 'P31 X67-2662', 'cell': 'A25 P18-4210', 'id': {'name': 'SIN', 'value': '344451604'}, 'picture': {'large': 'https://randomuser.me/api/portraits/women/18.jpg', 'medium': 'https://randomuser.me/api/portraits/med/women/18.jpg', 'thumbnail': 'https://randomuser.me/api/portraits/thumb/women/18.jpg'}, 'nat': 'CA'}</msg>
<arg>${json_data['results'][0]}</arg>
<doc>Logs the given message with the given level.</doc>
<status status="PASS" start="2024-05-11T20:14:43.386256" elapsed="0.000406"/>
</kw>
<kw name="Log" owner="BuiltIn">
<msg time="2024-05-11T20:14:43.387106" level="INFO">login</msg>
<arg>${key}</arg>
<doc>Logs the given message with the given level.</doc>
<status status="PASS" start="2024-05-11T20:14:43.386980" elapsed="0.000163"/>
</kw>
<var name="${key}">login</var>
<status status="PASS" start="2024-05-11T20:14:43.385441" elapsed="0.001918"/>
</iter>
<var>${key}</var>
<value>@{expected_keys}</value>
<status status="PASS" start="2024-05-11T20:14:43.376757" elapsed="0.010723"/>
</for>
<kw name="Create List" owner="BuiltIn">
<msg time="2024-05-11T20:14:43.387840" level="INFO">${expected_keysTwo} = ['username', 'password']</msg>
<var>${expected_keysTwo}</var>
<arg>username</arg>
<arg>password</arg>
<doc>Returns a list containing given items.</doc>
<status status="PASS" start="2024-05-11T20:14:43.387703" elapsed="0.000160"/>
</kw>
<for flavor="IN">
<iter>
<kw name="Dictionary Should Contain Key" owner="Collections">
<msg time="2024-05-11T20:14:43.388745" level="INFO">False</msg>
<arg>${json_data['results'][0]['login']}</arg>
<arg>${keyTwo}</arg>
<doc>Fails if ``key`` is not found from ``dictionary``.</doc>
<status status="PASS" start="2024-05-11T20:14:43.388359" elapsed="0.000423"/>
</kw>
<kw name="Dictionary Should Contain Key" owner="Collections">
<msg time="2024-05-11T20:14:43.389446" level="INFO">False</msg>
<arg>${json_data['results'][0]['login']}</arg>
<arg>${keyTwo}</arg>
<doc>Fails if ``key`` is not found from ``dictionary``.</doc>
<status status="PASS" start="2024-05-11T20:14:43.389073" elapsed="0.000409"/>
</kw>
<kw name="Log" owner="BuiltIn">
<msg time="2024-05-11T20:14:43.389898" level="INFO">username</msg>
<arg>${keyTwo}</arg>
<doc>Logs the given message with the given level.</doc>
<status status="PASS" start="2024-05-11T20:14:43.389774" elapsed="0.000167"/>
</kw>
<var name="${keyTwo}">username</var>
<status status="PASS" start="2024-05-11T20:14:43.388250" elapsed="0.001902"/>
</iter>
<iter>
<kw name="Dictionary Should Contain Key" owner="Collections">
<msg time="2024-05-11T20:14:43.390809" level="INFO">False</msg>
<arg>${json_data['results'][0]['login']}</arg>
<arg>${keyTwo}</arg>
<doc>Fails if ``key`` is not found from ``dictionary``.</doc>
<status status="PASS" start="2024-05-11T20:14:43.390430" elapsed="0.000416"/>
</kw>
<kw name="Dictionary Should Contain Key" owner="Collections">
<msg time="2024-05-11T20:14:43.391633" level="INFO">False</msg>
<arg>${json_data['results'][0]['login']}</arg>
<arg>${keyTwo}</arg>
<doc>Fails if ``key`` is not found from ``dictionary``.</doc>
<status status="PASS" start="2024-05-11T20:14:43.391133" elapsed="0.000544"/>
</kw>
<kw name="Log" owner="BuiltIn">
<msg time="2024-05-11T20:14:43.392111" level="INFO">password</msg>
<arg>${keyTwo}</arg>
<doc>Logs the given message with the given level.</doc>
<status status="PASS" start="2024-05-11T20:14:43.391977" elapsed="0.000171"/>
</kw>
<var name="${keyTwo}">password</var>
<status status="PASS" start="2024-05-11T20:14:43.390322" elapsed="0.002043"/>
</iter>
<var>${keyTwo}</var>
<value>@{expected_keysTwo}</value>
<status status="PASS" start="2024-05-11T20:14:43.388099" elapsed="0.004388"/>
</for>
<status status="PASS" start="2024-05-11T20:14:43.061127" elapsed="0.331502"/>
</kw>
<doc>Testa a estrutura da resposta da API.</doc>
<tag>testeEstruturaResposta</tag>
<status status="PASS" start="2024-05-11T20:14:43.060496" elapsed="0.332290"/>
</test>
<test id="s1-s1-t4" name="Validar tipos de dados" line="28">
<kw name="Teste de Tipos de Dados" owner="random-user-service">
<kw name="GET On Session" owner="RequestsLibrary">
<msg time="2024-05-11T20:14:43.497590" level="INFO">GET Request : url=https://randomuser.me/api 
 path_url=/api 
 headers={'User-Agent': 'python-requests/2.31.0', 'Accept-Encoding': 'gzip, deflate', 'Accept': '*/*', 'Connection': 'keep-alive'} 
 body=None 
 </msg>
<msg time="2024-05-11T20:14:43.497688" level="INFO">GET Response : url=https://randomuser.me/api 
 status=200, reason=OK 
 headers={'Date': 'Sat, 11 May 2024 20:14:43 GMT', 'Content-Type': 'application/json; charset=utf-8', 'Transfer-Encoding': 'chunked', 'Connection': 'keep-alive', 'X-Powered-By': 'Express', 'Access-Control-Allow-Origin': '*', 'Cache-Control': 'no-cache', 'ETag': 'W/"491-aQy5VL4oI4kv3YB20W1l3WNf6Xo"', 'Vary': 'Accept-Encoding', 'Content-Encoding': 'gzip', 'CF-Cache-Status': 'DYNAMIC', 'Report-To': '{"endpoints":[{"url":"https:\\/\\/a.nel.cloudflare.com\\/report\\/v4?s=jEsE%2FWDlCTstmybDEZGlRElpOrRkGn%2FwgX4i%2BaqAuv0PkSoUf9Lgj7rb1kJuky%2F8mfD%2Ffv3r%2Fc9vK9T7krio8A8kfvMs%2FAem46DbLCvyOzK9fAmv404F3JOVGG1x7LEA"}],"group":"cf-nel","max_age":604800}', 'NEL': '{"success_fraction":0,"report_to":"cf-nel","max_age":604800}', 'Server': 'cloudflare', 'CF-RAY': '8824d6413ee9cef5-SJC', 'alt-svc': 'h3=":443"; ma=86400'} 
 body={"results":[{"gender":"male","name":{"title":"Mr","first":"Dean","last":"Elliott"},"location":{"street":{"number":5394,"name":"Windsor Road"},"city":"Hereford","state":"Northamptonshire","country":"United Kingdom","postcode":"N9T 4HD","coordinates":{"latitude":"-8.8478","longitude":"-45.6467"},"timezone":{"offset":"+6:00","description":"Almaty, Dhaka, Colombo"}},"email":"dean.elliott@example.com","login":{"uuid":"33c8f6af-7ba4-4f27-b01a-f66ff7a3019b","username":"bigostrich960","password":"454545","salt":"DRQs7hEn","md5":"8a0fae7d312c9c75bbcad66b7710f29d","sha1":"18f873f7af49805eb2a7bbdbfd562dce1690da3c","sha256":"e4d4830eafc9ea2bfefdaa108299d8b005aa50c14fc32ee60fc84844dd7f22a8"},"dob":{"date":"1968-06-17T14:37:06.892Z","age":55},"registered":{"date":"2010-06-16T14:29:28.161Z","age":13},"phone":"016977 1211","cell":"07962 573470","id":{"name":"NINO","value":"MZ 18 51 48 U"},"picture":{"large":"https://randomuser.me/api/portraits/men/96.jpg","medium":"https://randomuser.me/api/portraits/med/men/96.jpg","thumbnail":"https://randomuser.me/api/portraits/thumb/men/96.jpg"},"nat":"GB"}],"info":{"seed":"eea49ab565cb8a63","results":1,"page":1,"version":"1.4"}} 
 </msg>
<msg time="2024-05-11T20:14:43.497761" level="INFO">/opt/hostedtoolcache/Python/3.12.3/x64/lib/python3.12/site-packages/urllib3/connectionpool.py:1103: InsecureRequestWarning: Unverified HTTPS request is being made to host 'randomuser.me'. Adding certificate verification is strongly advised. See: https://urllib3.readthedocs.io/en/latest/advanced-usage.html#tls-warnings
  warnings.warn(</msg>
<msg time="2024-05-11T20:14:43.497869" level="INFO">${response} = &lt;Response [200]&gt;</msg>
<var>${response}</var>
<arg>consultarAPI</arg>
<arg>/api</arg>
<doc>Sends a GET request on a previously created HTTP Session.</doc>
<status status="PASS" start="2024-05-11T20:14:43.395327" elapsed="0.102581"/>
</kw>
<kw name="Set Variable" owner="BuiltIn">
<msg time="2024-05-11T20:14:43.499038" level="INFO">${json_data} = {'results': [{'gender': 'male', 'name': {'title': 'Mr', 'first': 'Dean', 'last': 'Elliott'}, 'location': {'street': {'number': 5394, 'name': 'Windsor Road'}, 'city': 'Hereford', 'state': 'Northamptons...</msg>
<var>${json_data}</var>
<arg>${response.json()}</arg>
<doc>Returns the given values which can then be assigned to a variables.</doc>
<status status="PASS" start="2024-05-11T20:14:43.498468" elapsed="0.000600"/>
</kw>
<kw name="Log" owner="BuiltIn">
<msg time="2024-05-11T20:14:43.499526" level="INFO">{'results': [{'gender': 'male', 'name': {'title': 'Mr', 'first': 'Dean', 'last': 'Elliott'}, 'location': {'street': {'number': 5394, 'name': 'Windsor Road'}, 'city': 'Hereford', 'state': 'Northamptonshire', 'country': 'United Kingdom', 'postcode': 'N9T 4HD', 'coordinates': {'latitude': '-8.8478', 'longitude': '-45.6467'}, 'timezone': {'offset': '+6:00', 'description': 'Almaty, Dhaka, Colombo'}}, 'email': 'dean.elliott@example.com', 'login': {'uuid': '33c8f6af-7ba4-4f27-b01a-f66ff7a3019b', 'username': 'bigostrich960', 'password': '454545', 'salt': 'DRQs7hEn', 'md5': '8a0fae7d312c9c75bbcad66b7710f29d', 'sha1': '18f873f7af49805eb2a7bbdbfd562dce1690da3c', 'sha256': 'e4d4830eafc9ea2bfefdaa108299d8b005aa50c14fc32ee60fc84844dd7f22a8'}, 'dob': {'date': '1968-06-17T14:37:06.892Z', 'age': 55}, 'registered': {'date': '2010-06-16T14:29:28.161Z', 'age': 13}, 'phone': '016977 1211', 'cell': '07962 573470', 'id': {'name': 'NINO', 'value': 'MZ 18 51 48 U'}, 'picture': {'large': 'https://randomuser.me/api/portraits/men/96.jpg', 'medium': 'https://randomuser.me/api/portraits/med/men/96.jpg', 'thumbnail': 'https://randomuser.me/api/portraits/thumb/men/96.jpg'}, 'nat': 'GB'}], 'info': {'seed': 'eea49ab565cb8a63', 'results': 1, 'page': 1, 'version': '1.4'}}</msg>
<arg>${json_data}</arg>
<doc>Logs the given message with the given level.</doc>
<status status="PASS" start="2024-05-11T20:14:43.499374" elapsed="0.000273"/>
</kw>
<kw name="Should Be String" owner="String">
<arg>${json_data['results'][0]['gender']}</arg>
<doc>Fails if the given ``item`` is not a string.</doc>
<status status="PASS" start="2024-05-11T20:14:43.499956" elapsed="0.000364"/>
</kw>
<kw name="Should Match Regexp" owner="BuiltIn">
<arg>${json_data['results'][0]['email']}</arg>
<arg>^[a-zA-Z0-9._%+-]+@[a-zA-Z0-9.-]+\.[a-zA-Z]{2,}$</arg>
<doc>Fails if ``string`` does not match ``pattern`` as a regular expression.</doc>
<status status="PASS" start="2024-05-11T20:14:43.500508" elapsed="0.000505"/>
</kw>
<kw name="Should Match Regexp" owner="BuiltIn">
<arg>${json_data['results'][0]['dob']['date']}</arg>
<arg>\\d{4}-\\d{2}-\\d{2}T\\d{2}:\\d{2}:\\d{2}\\.\\d{3}Z</arg>
<doc>Fails if ``string`` does not match ``pattern`` as a regular expression.</doc>
<status status="PASS" start="2024-05-11T20:14:43.501207" elapsed="0.000482"/>
</kw>
<kw name="Should Match Regexp" owner="BuiltIn">
<arg>${json_data['results'][0]['registered']['date']}</arg>
<arg>\\d{4}-\\d{2}-\\d{2}T\\d{2}:\\d{2}:\\d{2}\\.\\d{3}Z</arg>
<doc>Fails if ``string`` does not match ``pattern`` as a regular expression.</doc>
<status status="PASS" start="2024-05-11T20:14:43.501877" elapsed="0.000368"/>
</kw>
<kw name="Should Match Regexp" owner="BuiltIn">
<arg>${json_data['results'][0]['picture']['large']}</arg>
<arg>^https?://.*\.(?:png|jpe?g|gif|bmp)$</arg>
<doc>Fails if ``string`` does not match ``pattern`` as a regular expression.</doc>
<status status="PASS" start="2024-05-11T20:14:43.502430" elapsed="0.000460"/>
</kw>
<kw name="Should Match Regexp" owner="BuiltIn">
<arg>${json_data['results'][0]['picture']['medium']}</arg>
<arg>^https?://.*\.(?:png|jpe?g|gif|bmp)$</arg>
<doc>Fails if ``string`` does not match ``pattern`` as a regular expression.</doc>
<status status="PASS" start="2024-05-11T20:14:43.503076" elapsed="0.000344"/>
</kw>
<kw name="Should Match Regexp" owner="BuiltIn">
<arg>${json_data['results'][0]['picture']['thumbnail']}</arg>
<arg>^https?://.*\.(?:png|jpe?g|gif|bmp)$</arg>
<doc>Fails if ``string`` does not match ``pattern`` as a regular expression.</doc>
<status status="PASS" start="2024-05-11T20:14:43.503639" elapsed="0.000362"/>
</kw>
<kw name="Log" owner="BuiltIn">
<msg time="2024-05-11T20:14:43.504499" level="INFO">{'large': 'https://randomuser.me/api/portraits/men/96.jpg', 'medium': 'https://randomuser.me/api/portraits/med/men/96.jpg', 'thumbnail': 'https://randomuser.me/api/portraits/thumb/men/96.jpg'}</msg>
<arg>${json_data['results'][0]['picture']}</arg>
<doc>Logs the given message with the given level.</doc>
<status status="PASS" start="2024-05-11T20:14:43.504181" elapsed="0.000360"/>
</kw>
<status status="PASS" start="2024-05-11T20:14:43.395099" elapsed="0.109699"/>
</kw>
<kw name="Teste de Tipos de Dados - Postcode" owner="random-user-service">
<kw name="GET On Session" owner="RequestsLibrary">
<msg time="2024-05-11T20:14:43.606981" level="INFO">GET Request : url=https://randomuser.me/api 
 path_url=/api 
 headers={'User-Agent': 'python-requests/2.31.0', 'Accept-Encoding': 'gzip, deflate', 'Accept': '*/*', 'Connection': 'keep-alive'} 
 body=None 
 </msg>
<msg time="2024-05-11T20:14:43.607074" level="INFO">GET Response : url=https://randomuser.me/api 
 status=200, reason=OK 
 headers={'Date': 'Sat, 11 May 2024 20:14:43 GMT', 'Content-Type': 'application/json; charset=utf-8', 'Transfer-Encoding': 'chunked', 'Connection': 'keep-alive', 'X-Powered-By': 'Express', 'Access-Control-Allow-Origin': '*', 'Cache-Control': 'no-cache', 'ETag': 'W/"4a2-Uq9ALpBbkRUEbl6AX/uksTn2NTE"', 'Vary': 'Accept-Encoding', 'Content-Encoding': 'gzip', 'CF-Cache-Status': 'DYNAMIC', 'Report-To': '{"endpoints":[{"url":"https:\\/\\/a.nel.cloudflare.com\\/report\\/v4?s=RtCR74X2fqrR9uSbLT8Zmoz8wLfg%2FRT0dJKPnvJ9uDkQUST6%2FQ5cFORP%2FoaGjbH7VWvgwd9vSxJ4ry4JIGmPzuWvEouUj%2FdFvbtHdUfekAWvbIyC8wShI3v%2FPGq0f1YE"}],"group":"cf-nel","max_age":604800}', 'NEL': '{"success_fraction":0,"report_to":"cf-nel","max_age":604800}', 'Server': 'cloudflare', 'CF-RAY': '8824d641ef58cef5-SJC', 'alt-svc': 'h3=":443"; ma=86400'} 
 body={"results":[{"gender":"female","name":{"title":"Mrs","first":"Volodimira","last":"Kiriienko"},"location":{"street":{"number":9539,"name":"Miloslavska"},"city":"Oleksandriya","state":"Hmelnicka","country":"Ukraine","postcode":18950,"coordinates":{"latitude":"76.9857","longitude":"28.7493"},"timezone":{"offset":"-4:00","description":"Atlantic Time (Canada), Caracas, La Paz"}},"email":"volodimira.kiriienko@example.com","login":{"uuid":"3664f9ae-1949-4cd0-a153-57da652e348d","username":"browngoose513","password":"front242","salt":"KqMUYdjh","md5":"8b946619746e6d30fa1c13476f470158","sha1":"f4351c15c784b233db76f333baa5886085ec2da5","sha256":"461ec889df90e5982c8935b3dd6149a31a85653eca86ea9bc340aa0a66f78437"},"dob":{"date":"1993-12-18T16:07:36.413Z","age":30},"registered":{"date":"2015-11-22T17:30:33.837Z","age":8},"phone":"(068) D82-3589","cell":"(099) L42-4874","id":{"name":"","value":null},"picture":{"large":"https://randomuser.me/api/portraits/women/41.jpg","medium":"https://randomuser.me/api/portraits/med/women/41.jpg","thumbnail":"https://randomuser.me/api/portraits/thumb/women/41.jpg"},"nat":"UA"}],"info":{"seed":"f9a74d005fd1dcf9","results":1,"page":1,"version":"1.4"}} 
 </msg>
<msg time="2024-05-11T20:14:43.607141" level="INFO">/opt/hostedtoolcache/Python/3.12.3/x64/lib/python3.12/site-packages/urllib3/connectionpool.py:1103: InsecureRequestWarning: Unverified HTTPS request is being made to host 'randomuser.me'. Adding certificate verification is strongly advised. See: https://urllib3.readthedocs.io/en/latest/advanced-usage.html#tls-warnings
  warnings.warn(</msg>
<msg time="2024-05-11T20:14:43.607264" level="INFO">${response} = &lt;Response [200]&gt;</msg>
<var>${response}</var>
<arg>consultarAPI</arg>
<arg>/api</arg>
<doc>Sends a GET request on a previously created HTTP Session.</doc>
<status status="PASS" start="2024-05-11T20:14:43.505247" elapsed="0.102055"/>
</kw>
<kw name="Set Variable" owner="BuiltIn">
<msg time="2024-05-11T20:14:43.608489" level="INFO">${json_data} = {'results': [{'gender': 'female', 'name': {'title': 'Mrs', 'first': 'Volodimira', 'last': 'Kiriienko'}, 'location': {'street': {'number': 9539, 'name': 'Miloslavska'}, 'city': 'Oleksandriya', 'state':...</msg>
<var>${json_data}</var>
<arg>${response.json()}</arg>
<doc>Returns the given values which can then be assigned to a variables.</doc>
<status status="PASS" start="2024-05-11T20:14:43.607951" elapsed="0.000566"/>
</kw>
<kw name="Log" owner="BuiltIn">
<msg time="2024-05-11T20:14:43.608973" level="INFO">{'results': [{'gender': 'female', 'name': {'title': 'Mrs', 'first': 'Volodimira', 'last': 'Kiriienko'}, 'location': {'street': {'number': 9539, 'name': 'Miloslavska'}, 'city': 'Oleksandriya', 'state': 'Hmelnicka', 'country': 'Ukraine', 'postcode': 18950, 'coordinates': {'latitude': '76.9857', 'longitude': '28.7493'}, 'timezone': {'offset': '-4:00', 'description': 'Atlantic Time (Canada), Caracas, La Paz'}}, 'email': 'volodimira.kiriienko@example.com', 'login': {'uuid': '3664f9ae-1949-4cd0-a153-57da652e348d', 'username': 'browngoose513', 'password': 'front242', 'salt': 'KqMUYdjh', 'md5': '8b946619746e6d30fa1c13476f470158', 'sha1': 'f4351c15c784b233db76f333baa5886085ec2da5', 'sha256': '461ec889df90e5982c8935b3dd6149a31a85653eca86ea9bc340aa0a66f78437'}, 'dob': {'date': '1993-12-18T16:07:36.413Z', 'age': 30}, 'registered': {'date': '2015-11-22T17:30:33.837Z', 'age': 8}, 'phone': '(068) D82-3589', 'cell': '(099) L42-4874', 'id': {'name': '', 'value': None}, 'picture': {'large': 'https://randomuser.me/api/portraits/women/41.jpg', 'medium': 'https://randomuser.me/api/portraits/med/women/41.jpg', 'thumbnail': 'https://randomuser.me/api/portraits/thumb/women/41.jpg'}, 'nat': 'UA'}], 'info': {'seed': 'f9a74d005fd1dcf9', 'results': 1, 'page': 1, 'version': '1.4'}}</msg>
<arg>${json_data}</arg>
<doc>Logs the given message with the given level.</doc>
<status status="PASS" start="2024-05-11T20:14:43.608820" elapsed="0.000237"/>
</kw>
<kw name="Should Be Equal As Numbers" owner="BuiltIn">
<arg>${json_data['results'][0]['location']['postcode']}</arg>
<arg>${json_data['results'][0]['location']['postcode']}</arg>
<doc>Fails if objects are unequal after converting them to real numbers.</doc>
<status status="PASS" start="2024-05-11T20:14:43.609355" elapsed="0.000792"/>
</kw>
<kw name="Log" owner="BuiltIn">
<msg time="2024-05-11T20:14:43.610670" level="INFO">18950</msg>
<arg>${json_data['results'][0]['location']['postcode']}</arg>
<doc>Logs the given message with the given level.</doc>
<status status="PASS" start="2024-05-11T20:14:43.610339" elapsed="0.000371"/>
</kw>
<status status="PASS" start="2024-05-11T20:14:43.505022" elapsed="0.105939"/>
</kw>
<doc>Testa se os tipos de dados na resposta da API estão corretos.</doc>
<tag>testeTiposDados</tag>
<status status="PASS" start="2024-05-11T20:14:43.394543" elapsed="0.216584"/>
</test>
<test id="s1-s1-t5" name="Validar conteudo" line="35">
<kw name="Teste de Tipos de Conteudo" owner="random-user-service">
<kw name="GET On Session" owner="RequestsLibrary">
<msg time="2024-05-11T20:14:43.698951" level="INFO">GET Request : url=https://randomuser.me/api 
 path_url=/api 
 headers={'User-Agent': 'python-requests/2.31.0', 'Accept-Encoding': 'gzip, deflate', 'Accept': '*/*', 'Connection': 'keep-alive'} 
 body=None 
 </msg>
<msg time="2024-05-11T20:14:43.699053" level="INFO">GET Response : url=https://randomuser.me/api 
 status=200, reason=OK 
 headers={'Date': 'Sat, 11 May 2024 20:14:43 GMT', 'Content-Type': 'application/json; charset=utf-8', 'Transfer-Encoding': 'chunked', 'Connection': 'keep-alive', 'X-Powered-By': 'Express', 'Access-Control-Allow-Origin': '*', 'Cache-Control': 'no-cache', 'ETag': 'W/"491-3e/KUblu9W/EDYzlpcJb3bKlw64"', 'Vary': 'Accept-Encoding', 'Content-Encoding': 'gzip', 'CF-Cache-Status': 'DYNAMIC', 'Report-To': '{"endpoints":[{"url":"https:\\/\\/a.nel.cloudflare.com\\/report\\/v4?s=pBzRjjVLHWIV9LaeaIHrZd3enkDZTokN6doYpU9BYYT%2B8imLNZ1ixWqOB5fiK9kDG%2FD33GRFKM1jIUC%2B5WpAPO9RJr0mwi7b%2BoHqFSwL3rcuOSYLWo2w0L9009jpRFVk"}],"group":"cf-nel","max_age":604800}', 'NEL': '{"success_fraction":0,"report_to":"cf-nel","max_age":604800}', 'Server': 'cloudflare', 'CF-RAY': '8824d6429fd9cef5-SJC', 'alt-svc': 'h3=":443"; ma=86400'} 
 body={"results":[{"gender":"female","name":{"title":"Ms","first":"Nalan","last":"Akal"},"location":{"street":{"number":2508,"name":"Fatih Sultan Mehmet Cd"},"city":"Uşak","state":"Siirt","country":"Turkey","postcode":94036,"coordinates":{"latitude":"65.9370","longitude":"167.8703"},"timezone":{"offset":"+3:00","description":"Baghdad, Riyadh, Moscow, St. Petersburg"}},"email":"nalan.akal@example.com","login":{"uuid":"b0e84ccb-e01a-413f-9600-8c621a440107","username":"beautifulleopard778","password":"1q2w3e4r","salt":"aeNho7Kz","md5":"cf646a961a8ff74dd6876a5a34476ce7","sha1":"f215027c5a536f371a2666a24497832f3655e83a","sha256":"80692ce7d0ff4d9d9e5092175cba146ba92aa682c5a9dfb75a5fae52c8c1627e"},"dob":{"date":"1967-01-01T12:43:54.817Z","age":57},"registered":{"date":"2005-07-26T22:17:58.486Z","age":18},"phone":"(622)-000-4792","cell":"(897)-155-9564","id":{"name":"","value":null},"picture":{"large":"https://randomuser.me/api/portraits/women/6.jpg","medium":"https://randomuser.me/api/portraits/med/women/6.jpg","thumbnail":"https://randomuser.me/api/portraits/thumb/women/6.jpg"},"nat":"TR"}],"info":{"seed":"69cdcf261b28dfbe","results":1,"page":1,"version":"1.4"}} 
 </msg>
<msg time="2024-05-11T20:14:43.699131" level="INFO">/opt/hostedtoolcache/Python/3.12.3/x64/lib/python3.12/site-packages/urllib3/connectionpool.py:1103: InsecureRequestWarning: Unverified HTTPS request is being made to host 'randomuser.me'. Adding certificate verification is strongly advised. See: https://urllib3.readthedocs.io/en/latest/advanced-usage.html#tls-warnings
  warnings.warn(</msg>
<msg time="2024-05-11T20:14:43.699245" level="INFO">${response} = &lt;Response [200]&gt;</msg>
<var>${response}</var>
<arg>consultarAPI</arg>
<arg>/api</arg>
<doc>Sends a GET request on a previously created HTTP Session.</doc>
<status status="PASS" start="2024-05-11T20:14:43.613678" elapsed="0.085607"/>
</kw>
<kw name="Set Variable" owner="BuiltIn">
<msg time="2024-05-11T20:14:43.700422" level="INFO">${json_data} = {'results': [{'gender': 'female', 'name': {'title': 'Ms', 'first': 'Nalan', 'last': 'Akal'}, 'location': {'street': {'number': 2508, 'name': 'Fatih Sultan Mehmet Cd'}, 'city': 'Uşak', 'state': 'Siirt'...</msg>
<var>${json_data}</var>
<arg>${response.json()}</arg>
<doc>Returns the given values which can then be assigned to a variables.</doc>
<status status="PASS" start="2024-05-11T20:14:43.699868" elapsed="0.000584"/>
</kw>
<kw name="Set Variable" owner="BuiltIn">
<msg time="2024-05-11T20:14:43.701146" level="INFO">${name_title} = Ms</msg>
<var>${name_title}</var>
<arg>${json_data["results"][0]["name"]["title"]}</arg>
<doc>Returns the given values which can then be assigned to a variables.</doc>
<status status="PASS" start="2024-05-11T20:14:43.700762" elapsed="0.000410"/>
</kw>
<kw name="Create List" owner="BuiltIn">
<msg time="2024-05-11T20:14:43.701616" level="INFO">${allowed_titles} = ['Mr', 'Ms', 'Miss', 'Mrs', 'Madame', 'Monsieur']</msg>
<var>${allowed_titles}</var>
<arg>Mr</arg>
<arg>Ms</arg>
<arg>Miss</arg>
<arg>Mrs</arg>
<arg>Madame</arg>
<arg>Monsieur</arg>
<doc>Returns a list containing given items.</doc>
<status status="PASS" start="2024-05-11T20:14:43.701469" elapsed="0.000172"/>
</kw>
<kw name="List Should Contain Value" owner="Collections">
<msg time="2024-05-11T20:14:43.702112" level="INFO">False</msg>
<arg>${allowed_titles}</arg>
<arg>${name_title}</arg>
<doc>Fails if the ``value`` is not found from ``list``.</doc>
<status status="PASS" start="2024-05-11T20:14:43.701940" elapsed="0.000209"/>
</kw>
<kw name="Set Variable" owner="BuiltIn">
<msg time="2024-05-11T20:14:43.702817" level="INFO">${name_country} = TR</msg>
<var>${name_country}</var>
<arg>${json_data["results"][0]["nat"]}</arg>
<doc>Returns the given values which can then be assigned to a variables.</doc>
<status status="PASS" start="2024-05-11T20:14:43.702437" elapsed="0.000405"/>
</kw>
<kw name="Create List" owner="BuiltIn">
<msg time="2024-05-11T20:14:43.703766" level="INFO">${list_country} = ['AD', 'AE', 'AF', 'AG', 'AI', 'AL', 'AM', 'AO', 'AQ', 'AR', 'AS', 'AT', 'AU', 'AW', 'AX', 'AZ', 'BA', 'BB', 'BD', 'BE', 'BF', 'BG', 'BH', 'BI', 'BJ', 'BL', 'BM', 'BN', 'BO', 'BQ', 'BR', 'BS', 'BT', '...</msg>
<var>${list_country}</var>
<arg>AD</arg>
<arg>AE</arg>
<arg>AF</arg>
<arg>AG</arg>
<arg>AI</arg>
<arg>AL</arg>
<arg>AM</arg>
<arg>AO</arg>
<arg>AQ</arg>
<arg>AR</arg>
<arg>AS</arg>
<arg>AT</arg>
<arg>AU</arg>
<arg>AW</arg>
<arg>AX</arg>
<arg>AZ</arg>
<arg>BA</arg>
<arg>BB</arg>
<arg>BD</arg>
<arg>BE</arg>
<arg>BF</arg>
<arg>BG</arg>
<arg>BH</arg>
<arg>BI</arg>
<arg>BJ</arg>
<arg>BL</arg>
<arg>BM</arg>
<arg>BN</arg>
<arg>BO</arg>
<arg>BQ</arg>
<arg>BR</arg>
<arg>BS</arg>
<arg>BT</arg>
<arg>BV</arg>
<arg>BW</arg>
<arg>BY</arg>
<arg>BZ</arg>
<arg>CA</arg>
<arg>CC</arg>
<arg>CD</arg>
<arg>CF</arg>
<arg>CG</arg>
<arg>CH</arg>
<arg>CI</arg>
<arg>CK</arg>
<arg>CL</arg>
<arg>CM</arg>
<arg>CN</arg>
<arg>CO</arg>
<arg>CR</arg>
<arg>CU</arg>
<arg>CV</arg>
<arg>CW</arg>
<arg>CX</arg>
<arg>CY</arg>
<arg>CZ</arg>
<arg>DE</arg>
<arg>DJ</arg>
<arg>DK</arg>
<arg>DM</arg>
<arg>DO</arg>
<arg>DZ</arg>
<arg>EC</arg>
<arg>EE</arg>
<arg>EG</arg>
<arg>EH</arg>
<arg>ER</arg>
<arg>ES</arg>
<arg>ET</arg>
<arg>FI</arg>
<arg>FJ</arg>
<arg>FK</arg>
<arg>FM</arg>
<arg>FO</arg>
<arg>FR</arg>
<arg>GA</arg>
<arg>GB</arg>
<arg>GD</arg>
<arg>GE</arg>
<arg>GF</arg>
<arg>GG</arg>
<arg>GH</arg>
<arg>GI</arg>
<arg>GL</arg>
<arg>GM</arg>
<arg>GN</arg>
<arg>GP</arg>
<arg>GQ</arg>
<arg>GR</arg>
<arg>GS</arg>
<arg>GT</arg>
<arg>GU</arg>
<arg>GW</arg>
<arg>GY</arg>
<arg>HK</arg>
<arg>HM</arg>
<arg>HN</arg>
<arg>HR</arg>
<arg>HT</arg>
<arg>HU</arg>
<arg>ID</arg>
<arg>IE</arg>
<arg>IL</arg>
<arg>IM</arg>
<arg>IN</arg>
<arg>IO</arg>
<arg>IQ</arg>
<arg>IR</arg>
<arg>IS</arg>
<arg>IT</arg>
<arg>JE</arg>
<arg>JM</arg>
<arg>JO</arg>
<arg>JP</arg>
<arg>KE</arg>
<arg>KG</arg>
<arg>KH</arg>
<arg>KI</arg>
<arg>KM</arg>
<arg>KN</arg>
<arg>KP</arg>
<arg>KR</arg>
<arg>KW</arg>
<arg>KY</arg>
<arg>KZ</arg>
<arg>LA</arg>
<arg>LB</arg>
<arg>LC</arg>
<arg>LI</arg>
<arg>LK</arg>
<arg>LR</arg>
<arg>LS</arg>
<arg>LT</arg>
<arg>LU</arg>
<arg>LV</arg>
<arg>LY</arg>
<arg>MA</arg>
<arg>MC</arg>
<arg>MD</arg>
<arg>ME</arg>
<arg>MF</arg>
<arg>MG</arg>
<arg>MH</arg>
<arg>MK</arg>
<arg>ML</arg>
<arg>MM</arg>
<arg>MN</arg>
<arg>MO</arg>
<arg>MP</arg>
<arg>MQ</arg>
<arg>MR</arg>
<arg>MS</arg>
<arg>MT</arg>
<arg>MU</arg>
<arg>MV</arg>
<arg>MW</arg>
<arg>MX</arg>
<arg>MY</arg>
<arg>MZ</arg>
<arg>NA</arg>
<arg>NC</arg>
<arg>NE</arg>
<arg>NF</arg>
<arg>NG</arg>
<arg>NI</arg>
<arg>NL</arg>
<arg>NO</arg>
<arg>NP</arg>
<arg>NR</arg>
<arg>NU</arg>
<arg>NZ</arg>
<arg>OM</arg>
<arg>PA</arg>
<arg>PE</arg>
<arg>PF</arg>
<arg>PG</arg>
<arg>PH</arg>
<arg>PK</arg>
<arg>PL</arg>
<arg>PM</arg>
<arg>PN</arg>
<arg>PR</arg>
<arg>PS</arg>
<arg>PT</arg>
<arg>PW</arg>
<arg>PY</arg>
<arg>QA</arg>
<arg>RE</arg>
<arg>RO</arg>
<arg>RS</arg>
<arg>RU</arg>
<arg>RW</arg>
<arg>SA</arg>
<arg>SB</arg>
<arg>SC</arg>
<arg>SD</arg>
<arg>SE</arg>
<arg>SG</arg>
<arg>SH</arg>
<arg>SI</arg>
<arg>SJ</arg>
<arg>SK</arg>
<arg>SL</arg>
<arg>SM</arg>
<arg>SN</arg>
<arg>SO</arg>
<arg>SR</arg>
<arg>SS</arg>
<arg>ST</arg>
<arg>SV</arg>
<arg>SX</arg>
<arg>SY</arg>
<arg>SZ</arg>
<arg>TC</arg>
<arg>TD</arg>
<arg>TF</arg>
<arg>TG</arg>
<arg>TH</arg>
<arg>TJ</arg>
<arg>TK</arg>
<arg>TL</arg>
<arg>TM</arg>
<arg>TN</arg>
<arg>TO</arg>
<arg>TR</arg>
<arg>TT</arg>
<arg>TV</arg>
<arg>TW</arg>
<arg>TZ</arg>
<arg>UA</arg>
<arg>UG</arg>
<arg>UM</arg>
<arg>US</arg>
<arg>UY</arg>
<arg>UZ</arg>
<arg>VA</arg>
<arg>VC</arg>
<arg>VE</arg>
<arg>VG</arg>
<arg>VI</arg>
<arg>VN</arg>
<arg>VU</arg>
<arg>WF</arg>
<arg>WS</arg>
<arg>XK</arg>
<arg>YE</arg>
<arg>YT</arg>
<arg>ZA</arg>
<arg>ZM</arg>
<arg>ZW</arg>
<doc>Returns a list containing given items.</doc>
<status status="PASS" start="2024-05-11T20:14:43.703139" elapsed="0.000654"/>
</kw>
<kw name="List Should Contain Value" owner="Collections">
<msg time="2024-05-11T20:14:43.704789" level="INFO">False</msg>
<arg>${list_country}</arg>
<arg>${name_country}</arg>
<doc>Fails if the ``value`` is not found from ``list``.</doc>
<status status="PASS" start="2024-05-11T20:14:43.704589" elapsed="0.000236"/>
</kw>
<kw name="Run Keyword If" owner="BuiltIn">
<kw name="Should Be True" owner="BuiltIn">
<arg>${True}</arg>
<doc>Fails if the given condition is not true.</doc>
<status status="PASS" start="2024-05-11T20:14:43.705886" elapsed="0.000142"/>
</kw>
<arg>${json_data["results"][0]["location"]["coordinates"]["latitude"]} &gt;= -90 and ${json_data["results"][0]["location"]["coordinates"]["latitude"]} &lt;= 90</arg>
<arg>Should Be True</arg>
<arg>${True}</arg>
<doc>Runs the given keyword with the given arguments, if ``condition`` is true.</doc>
<status status="PASS" start="2024-05-11T20:14:43.705133" elapsed="0.001018"/>
</kw>
<kw name="Run Keyword If" owner="BuiltIn">
<kw name="Should Be True" owner="BuiltIn">
<arg>${True}</arg>
<doc>Fails if the given condition is not true.</doc>
<status status="PASS" start="2024-05-11T20:14:43.707028" elapsed="0.000254"/>
</kw>
<arg>${json_data["results"][0]["location"]["coordinates"]["longitude"]} &gt;= -180 and ${json_data["results"][0]["location"]["coordinates"]["longitude"]} &lt;= 180</arg>
<arg>Should Be True</arg>
<arg>${True}</arg>
<doc>Runs the given keyword with the given arguments, if ``condition`` is true.</doc>
<status status="PASS" start="2024-05-11T20:14:43.706339" elapsed="0.001070"/>
</kw>
<status status="PASS" start="2024-05-11T20:14:43.613455" elapsed="0.094083"/>
</kw>
<doc>Testa o conteúdo específico dos campos retornados pela API.</doc>
<tag>testeConteudo</tag>
<status status="PASS" start="2024-05-11T20:14:43.612927" elapsed="0.094809"/>
</test>
<status status="PASS" start="2024-05-11T20:14:42.629587" elapsed="1.080134"/>
</suite>
<status status="PASS" start="2024-05-11T20:14:42.616027" elapsed="1.098855"/>
</suite>
<statistics>
<total>
<stat pass="5" fail="0" skip="0">All Tests</stat>
</total>
<tag>
<stat pass="1" fail="0" skip="0">testeConteudo</stat>
<stat pass="1" fail="0" skip="0">testeEstruturaResposta</stat>
<stat pass="1" fail="0" skip="0">testeRequisicaoBasica</stat>
<stat pass="1" fail="0" skip="0">testeTiposDados</stat>
</tag>
<suite>
<stat pass="5" fail="0" skip="0" id="s1" name="Tests">Tests</stat>
<stat pass="5" fail="0" skip="0" id="s1-s1" name="Random-User-Test">Tests.Random-User-Test</stat>
</suite>
</statistics>
<errors>
</errors>
</robot>
