<?xml version="1.0" encoding="UTF-8"?>
<robot generator="Robot 7.0.1 (Python 3.12.4 on linux)" generated="2024-08-03T06:21:01.614144" rpa="false" schemaversion="5">
<suite id="s1" name="Tests" source="/home/runner/work/ApiRandomUser/ApiRandomUser/RamdonUser/tests">
<suite id="s1-s1" name="Random-User-Test" source="/home/runner/work/ApiRandomUser/ApiRandomUser/RamdonUser/tests/random-user-test.robot">
<test id="s1-s1-t1" name="Conectar" line="13">
<kw name="Conectar API" owner="random-user-service">
<kw name="Create Session" owner="RequestsLibrary">
<msg time="2024-08-03T06:21:02.023034" level="INFO">Creating Session using : alias=consultarAPI, url=https://randomuser.me/, headers={},                     cookies={}, auth=None, timeout=None, proxies=None, verify=False,                     debug=0 </msg>
<arg>consultarAPI</arg>
<arg>${URL}</arg>
<doc>Create Session: create a HTTP session to a server</doc>
<status status="PASS" start="2024-08-03T06:21:02.022841" elapsed="0.000367"/>
</kw>
<status status="PASS" start="2024-08-03T06:21:02.021830" elapsed="0.001730"/>
</kw>
<status status="PASS" start="2024-08-03T06:21:02.021227" elapsed="0.002525"/>
</test>
<test id="s1-s1-t2" name="Validar retorno 200 e JSON Válido" line="16">
<kw name="Teste de Requisicao Basica" owner="random-user-service">
<kw name="GET On Session" owner="RequestsLibrary">
<msg time="2024-08-03T06:21:02.348818" level="INFO">GET Request : url=https://randomuser.me/api 
 path_url=/api 
 headers={'User-Agent': 'python-requests/2.32.3', 'Accept-Encoding': 'gzip, deflate', 'Accept': '*/*', 'Connection': 'keep-alive'} 
 body=None 
 </msg>
<msg time="2024-08-03T06:21:02.348976" level="INFO">GET Response : url=https://randomuser.me/api 
 status=200, reason=OK 
 headers={'Date': 'Sat, 03 Aug 2024 06:21:02 GMT', 'Content-Type': 'application/json; charset=utf-8', 'Transfer-Encoding': 'chunked', 'Connection': 'keep-alive', 'X-Powered-By': 'Express', 'Access-Control-Allow-Origin': '*', 'Cache-Control': 'no-cache', 'ETag': 'W/"488-zdtLf1ClaTjwGMYzwY5smS5HYLw"', 'Vary': 'Accept-Encoding', 'Content-Encoding': 'gzip', 'CF-Cache-Status': 'DYNAMIC', 'Report-To': '{"endpoints":[{"url":"https:\\/\\/a.nel.cloudflare.com\\/report\\/v4?s=Cta7k1eLDaoqA%2FGgn345VTYF8HiyVH0WnJ4zO0BWmm2mKDQsrV0nwJNTFT%2Fu9VKmmhmK3p%2FbJV0snFRcstOUAhPXljEo9cvlG3fwWo39hbAP4ZlOpHzTzD0UTui5nSe8"}],"group":"cf-nel","max_age":604800}', 'NEL': '{"success_fraction":0,"report_to":"cf-nel","max_age":604800}', 'Server': 'cloudflare', 'CF-RAY': '8ad43488eed6c980-IAD', 'alt-svc': 'h3=":443"; ma=86400'} 
 body={"results":[{"gender":"female","name":{"title":"Mrs","first":"Kübra","last":"Düşenkalkar"},"location":{"street":{"number":3282,"name":"Istiklal Cd"},"city":"Aydın","state":"Adana","country":"Turkey","postcode":39969,"coordinates":{"latitude":"69.2804","longitude":"35.5253"},"timezone":{"offset":"-7:00","description":"Mountain Time (US &amp; Canada)"}},"email":"kubra.dusenkalkar@example.com","login":{"uuid":"85925710-55ba-427b-a799-401ed997047f","username":"purplefish121","password":"matthias","salt":"wQQjCR4E","md5":"8db3a894e0763855abc47370664e3f61","sha1":"a95b0697593288f29a7e367830ec06893273c1c7","sha256":"8d48b1684356d9c435274418592fccd81cb28b6394fa6e4f59d35ba33acaefe9"},"dob":{"date":"1951-04-03T02:21:18.142Z","age":73},"registered":{"date":"2019-11-24T05:08:44.774Z","age":4},"phone":"(654)-024-9074","cell":"(196)-773-0703","id":{"name":"","value":null},"picture":{"large":"https://randomuser.me/api/portraits/women/79.jpg","medium":"https://randomuser.me/api/portraits/med/women/79.jpg","thumbnail":"https://randomuser.me/api/portraits/thumb/women/79.jpg"},"nat":"TR"}],"info":{"seed":"b5d79c9e62edc61c","results":1,"page":1,"version":"1.4"}} 
 </msg>
<msg time="2024-08-03T06:21:02.349063" level="INFO">/opt/hostedtoolcache/Python/3.12.4/x64/lib/python3.12/site-packages/urllib3/connectionpool.py:1099: InsecureRequestWarning: Unverified HTTPS request is being made to host 'randomuser.me'. Adding certificate verification is strongly advised. See: https://urllib3.readthedocs.io/en/latest/advanced-usage.html#tls-warnings
  warnings.warn(</msg>
<msg time="2024-08-03T06:21:02.349220" level="INFO">${response} = &lt;Response [200]&gt;</msg>
<var>${response}</var>
<arg>consultarAPI</arg>
<arg>/api</arg>
<doc>Sends a GET request on a previously created HTTP Session.</doc>
<status status="PASS" start="2024-08-03T06:21:02.026400" elapsed="0.322865"/>
</kw>
<kw name="Should Be Equal As Numbers" owner="BuiltIn">
<msg time="2024-08-03T06:21:02.350260" level="INFO">Argument types are:
&lt;class 'int'&gt;
&lt;class 'str'&gt;</msg>
<arg>${response.status_code}</arg>
<arg>200</arg>
<doc>Fails if objects are unequal after converting them to real numbers.</doc>
<status status="PASS" start="2024-08-03T06:21:02.349797" elapsed="0.000531"/>
</kw>
<kw name="Log" owner="BuiltIn">
<msg time="2024-08-03T06:21:02.351010" level="INFO">200</msg>
<arg>${response.status_code}</arg>
<doc>Logs the given message with the given level.</doc>
<status status="PASS" start="2024-08-03T06:21:02.350650" elapsed="0.000403"/>
</kw>
<kw name="Set Variable" owner="BuiltIn">
<msg time="2024-08-03T06:21:02.351820" level="INFO">${json_data} = {'results': [{'gender': 'female', 'name': {'title': 'Mrs', 'first': 'Kübra', 'last': 'Düşenkalkar'}, 'location': {'street': {'number': 3282, 'name': 'Istiklal Cd'}, 'city': 'Aydın', 'state': 'Adana', ...</msg>
<var>${json_data}</var>
<arg>${response.json()}</arg>
<doc>Returns the given values which can then be assigned to a variables.</doc>
<status status="PASS" start="2024-08-03T06:21:02.351362" elapsed="0.000489"/>
</kw>
<kw name="Dictionary Should Contain Key" owner="Collections">
<arg>${json_data}</arg>
<arg>results</arg>
<doc>Fails if ``key`` is not found from ``dictionary``.</doc>
<status status="PASS" start="2024-08-03T06:21:02.352161" elapsed="0.000366"/>
</kw>
<status status="PASS" start="2024-08-03T06:21:02.026158" elapsed="0.326525"/>
</kw>
<doc>Testa se a API responde corretamente e retorna um objeto JSON válido.</doc>
<tag>testeRequisicaoBasica</tag>
<status status="PASS" start="2024-08-03T06:21:02.025657" elapsed="0.327202"/>
</test>
<test id="s1-s1-t3" name="Validar estrutura de resposta" line="22">
<kw name="Teste de Estrutura de Resposta" owner="random-user-service">
<kw name="GET On Session" owner="RequestsLibrary">
<msg time="2024-08-03T06:21:02.639931" level="INFO">GET Request : url=https://randomuser.me/api 
 path_url=/api 
 headers={'User-Agent': 'python-requests/2.32.3', 'Accept-Encoding': 'gzip, deflate', 'Accept': '*/*', 'Connection': 'keep-alive'} 
 body=None 
 </msg>
<msg time="2024-08-03T06:21:02.640039" level="INFO">GET Response : url=https://randomuser.me/api 
 status=200, reason=OK 
 headers={'Date': 'Sat, 03 Aug 2024 06:21:02 GMT', 'Content-Type': 'application/json; charset=utf-8', 'Transfer-Encoding': 'chunked', 'Connection': 'keep-alive', 'X-Powered-By': 'Express', 'Access-Control-Allow-Origin': '*', 'Cache-Control': 'no-cache', 'ETag': 'W/"487-6azTNAywu6ySUPkr9ohZVgnUsMQ"', 'Vary': 'Accept-Encoding', 'Content-Encoding': 'gzip', 'CF-Cache-Status': 'DYNAMIC', 'Report-To': '{"endpoints":[{"url":"https:\\/\\/a.nel.cloudflare.com\\/report\\/v4?s=UMqVrv43%2BRCkA4JiKspXT0EqdJyrwjPubTLgPL%2BiUIhPOhyylSiF4ZZ4M5T%2FfwwhjABIw25tWKHT0qyS8kV5stYvpxbOeQY5MHdqm0kq3JXMDYoILTnyqPjIb%2BaDXa5c"}],"group":"cf-nel","max_age":604800}', 'NEL': '{"success_fraction":0,"report_to":"cf-nel","max_age":604800}', 'Server': 'cloudflare', 'CF-RAY': '8ad43489b83fc980-IAD', 'alt-svc': 'h3=":443"; ma=86400'} 
 body={"results":[{"gender":"male","name":{"title":"Mr","first":"Iker","last":"Ferrer"},"location":{"street":{"number":4874,"name":"Calle del Prado"},"city":"Granada","state":"Cataluña","country":"Spain","postcode":76403,"coordinates":{"latitude":"-38.3809","longitude":"-169.2116"},"timezone":{"offset":"-3:00","description":"Brazil, Buenos Aires, Georgetown"}},"email":"iker.ferrer@example.com","login":{"uuid":"7457d56b-438e-4b88-898a-48f53cc1a7de","username":"orangeostrich349","password":"met2002","salt":"qmI6RGHG","md5":"19f1bf04328d74d07abeb5cfc94c2d0d","sha1":"57f9cb40b5d233df6922785a5aab4482ccd00f86","sha256":"087cbde516b024bfb43288adff7fdfaa18ec1d061ad8d2384cbbd4c6d5c8ccc4"},"dob":{"date":"1973-03-29T00:53:34.172Z","age":51},"registered":{"date":"2021-07-23T18:49:50.792Z","age":3},"phone":"928-706-489","cell":"698-934-928","id":{"name":"DNI","value":"62782299-E"},"picture":{"large":"https://randomuser.me/api/portraits/men/32.jpg","medium":"https://randomuser.me/api/portraits/med/men/32.jpg","thumbnail":"https://randomuser.me/api/portraits/thumb/men/32.jpg"},"nat":"ES"}],"info":{"seed":"e96df9880a4c487b","results":1,"page":1,"version":"1.4"}} 
 </msg>
<msg time="2024-08-03T06:21:02.640181" level="INFO">/opt/hostedtoolcache/Python/3.12.4/x64/lib/python3.12/site-packages/urllib3/connectionpool.py:1099: InsecureRequestWarning: Unverified HTTPS request is being made to host 'randomuser.me'. Adding certificate verification is strongly advised. See: https://urllib3.readthedocs.io/en/latest/advanced-usage.html#tls-warnings
  warnings.warn(</msg>
<msg time="2024-08-03T06:21:02.640356" level="INFO">${response} = &lt;Response [200]&gt;</msg>
<var>${response}</var>
<arg>consultarAPI</arg>
<arg>/api</arg>
<doc>Sends a GET request on a previously created HTTP Session.</doc>
<status status="PASS" start="2024-08-03T06:21:02.355532" elapsed="0.284864"/>
</kw>
<kw name="Set Variable" owner="BuiltIn">
<msg time="2024-08-03T06:21:02.641386" level="INFO">${json_data} = {'results': [{'gender': 'male', 'name': {'title': 'Mr', 'first': 'Iker', 'last': 'Ferrer'}, 'location': {'street': {'number': 4874, 'name': 'Calle del Prado'}, 'city': 'Granada', 'state': 'Cataluña', ...</msg>
<var>${json_data}</var>
<arg>${response.json()}</arg>
<doc>Returns the given values which can then be assigned to a variables.</doc>
<status status="PASS" start="2024-08-03T06:21:02.640872" elapsed="0.000543"/>
</kw>
<kw name="Log" owner="BuiltIn">
<msg time="2024-08-03T06:21:02.641905" level="INFO">{'results': [{'gender': 'male', 'name': {'title': 'Mr', 'first': 'Iker', 'last': 'Ferrer'}, 'location': {'street': {'number': 4874, 'name': 'Calle del Prado'}, 'city': 'Granada', 'state': 'Cataluña', 'country': 'Spain', 'postcode': 76403, 'coordinates': {'latitude': '-38.3809', 'longitude': '-169.2116'}, 'timezone': {'offset': '-3:00', 'description': 'Brazil, Buenos Aires, Georgetown'}}, 'email': 'iker.ferrer@example.com', 'login': {'uuid': '7457d56b-438e-4b88-898a-48f53cc1a7de', 'username': 'orangeostrich349', 'password': 'met2002', 'salt': 'qmI6RGHG', 'md5': '19f1bf04328d74d07abeb5cfc94c2d0d', 'sha1': '57f9cb40b5d233df6922785a5aab4482ccd00f86', 'sha256': '087cbde516b024bfb43288adff7fdfaa18ec1d061ad8d2384cbbd4c6d5c8ccc4'}, 'dob': {'date': '1973-03-29T00:53:34.172Z', 'age': 51}, 'registered': {'date': '2021-07-23T18:49:50.792Z', 'age': 3}, 'phone': '928-706-489', 'cell': '698-934-928', 'id': {'name': 'DNI', 'value': '62782299-E'}, 'picture': {'large': 'https://randomuser.me/api/portraits/men/32.jpg', 'medium': 'https://randomuser.me/api/portraits/med/men/32.jpg', 'thumbnail': 'https://randomuser.me/api/portraits/thumb/men/32.jpg'}, 'nat': 'ES'}], 'info': {'seed': 'e96df9880a4c487b', 'results': 1, 'page': 1, 'version': '1.4'}}</msg>
<arg>${json_data}</arg>
<doc>Logs the given message with the given level.</doc>
<status status="PASS" start="2024-08-03T06:21:02.641741" elapsed="0.000213"/>
</kw>
<kw name="Dictionary Should Contain Key" owner="Collections">
<arg>${json_data}</arg>
<arg>results</arg>
<doc>Fails if ``key`` is not found from ``dictionary``.</doc>
<status status="PASS" start="2024-08-03T06:21:02.642252" elapsed="0.000180"/>
</kw>
<kw name="Should Not Be Empty" owner="BuiltIn">
<msg time="2024-08-03T06:21:02.642808" level="INFO">Length is 2.</msg>
<arg>${json_data}</arg>
<doc>Verifies that the given item is not empty.</doc>
<status status="PASS" start="2024-08-03T06:21:02.642661" elapsed="0.000191"/>
</kw>
<kw name="Create List" owner="BuiltIn">
<msg time="2024-08-03T06:21:02.643293" level="INFO">${expected_keys} = ['gender', 'name', 'location', 'email', 'login']</msg>
<var>${expected_keys}</var>
<arg>gender</arg>
<arg>name</arg>
<arg>location</arg>
<arg>email</arg>
<arg>login</arg>
<doc>Returns a list containing given items.</doc>
<status status="PASS" start="2024-08-03T06:21:02.643143" elapsed="0.000173"/>
</kw>
<for flavor="IN">
<iter>
<kw name="Dictionary Should Contain Key" owner="Collections">
<arg>${json_data['results'][0]}</arg>
<arg>${key}</arg>
<doc>Fails if ``key`` is not found from ``dictionary``.</doc>
<status status="PASS" start="2024-08-03T06:21:02.643902" elapsed="0.000436"/>
</kw>
<kw name="Log" owner="BuiltIn">
<msg time="2024-08-03T06:21:02.644916" level="INFO">{'gender': 'male', 'name': {'title': 'Mr', 'first': 'Iker', 'last': 'Ferrer'}, 'location': {'street': {'number': 4874, 'name': 'Calle del Prado'}, 'city': 'Granada', 'state': 'Cataluña', 'country': 'Spain', 'postcode': 76403, 'coordinates': {'latitude': '-38.3809', 'longitude': '-169.2116'}, 'timezone': {'offset': '-3:00', 'description': 'Brazil, Buenos Aires, Georgetown'}}, 'email': 'iker.ferrer@example.com', 'login': {'uuid': '7457d56b-438e-4b88-898a-48f53cc1a7de', 'username': 'orangeostrich349', 'password': 'met2002', 'salt': 'qmI6RGHG', 'md5': '19f1bf04328d74d07abeb5cfc94c2d0d', 'sha1': '57f9cb40b5d233df6922785a5aab4482ccd00f86', 'sha256': '087cbde516b024bfb43288adff7fdfaa18ec1d061ad8d2384cbbd4c6d5c8ccc4'}, 'dob': {'date': '1973-03-29T00:53:34.172Z', 'age': 51}, 'registered': {'date': '2021-07-23T18:49:50.792Z', 'age': 3}, 'phone': '928-706-489', 'cell': '698-934-928', 'id': {'name': 'DNI', 'value': '62782299-E'}, 'picture': {'large': 'https://randomuser.me/api/portraits/men/32.jpg', 'medium': 'https://randomuser.me/api/portraits/med/men/32.jpg', 'thumbnail': 'https://randomuser.me/api/portraits/thumb/men/32.jpg'}, 'nat': 'ES'}</msg>
<arg>${json_data['results'][0]}</arg>
<doc>Logs the given message with the given level.</doc>
<status status="PASS" start="2024-08-03T06:21:02.644537" elapsed="0.000427"/>
</kw>
<kw name="Log" owner="BuiltIn">
<msg time="2024-08-03T06:21:02.645384" level="INFO">gender</msg>
<arg>${key}</arg>
<doc>Logs the given message with the given level.</doc>
<status status="PASS" start="2024-08-03T06:21:02.645259" elapsed="0.000162"/>
</kw>
<var name="${key}">gender</var>
<status status="PASS" start="2024-08-03T06:21:02.643770" elapsed="0.001863"/>
</iter>
<iter>
<kw name="Dictionary Should Contain Key" owner="Collections">
<arg>${json_data['results'][0]}</arg>
<arg>${key}</arg>
<doc>Fails if ``key`` is not found from ``dictionary``.</doc>
<status status="PASS" start="2024-08-03T06:21:02.645935" elapsed="0.000378"/>
</kw>
<kw name="Log" owner="BuiltIn">
<msg time="2024-08-03T06:21:02.646847" level="INFO">{'gender': 'male', 'name': {'title': 'Mr', 'first': 'Iker', 'last': 'Ferrer'}, 'location': {'street': {'number': 4874, 'name': 'Calle del Prado'}, 'city': 'Granada', 'state': 'Cataluña', 'country': 'Spain', 'postcode': 76403, 'coordinates': {'latitude': '-38.3809', 'longitude': '-169.2116'}, 'timezone': {'offset': '-3:00', 'description': 'Brazil, Buenos Aires, Georgetown'}}, 'email': 'iker.ferrer@example.com', 'login': {'uuid': '7457d56b-438e-4b88-898a-48f53cc1a7de', 'username': 'orangeostrich349', 'password': 'met2002', 'salt': 'qmI6RGHG', 'md5': '19f1bf04328d74d07abeb5cfc94c2d0d', 'sha1': '57f9cb40b5d233df6922785a5aab4482ccd00f86', 'sha256': '087cbde516b024bfb43288adff7fdfaa18ec1d061ad8d2384cbbd4c6d5c8ccc4'}, 'dob': {'date': '1973-03-29T00:53:34.172Z', 'age': 51}, 'registered': {'date': '2021-07-23T18:49:50.792Z', 'age': 3}, 'phone': '928-706-489', 'cell': '698-934-928', 'id': {'name': 'DNI', 'value': '62782299-E'}, 'picture': {'large': 'https://randomuser.me/api/portraits/men/32.jpg', 'medium': 'https://randomuser.me/api/portraits/med/men/32.jpg', 'thumbnail': 'https://randomuser.me/api/portraits/thumb/men/32.jpg'}, 'nat': 'ES'}</msg>
<arg>${json_data['results'][0]}</arg>
<doc>Logs the given message with the given level.</doc>
<status status="PASS" start="2024-08-03T06:21:02.646492" elapsed="0.000435"/>
</kw>
<kw name="Log" owner="BuiltIn">
<msg time="2024-08-03T06:21:02.647360" level="INFO">name</msg>
<arg>${key}</arg>
<doc>Logs the given message with the given level.</doc>
<status status="PASS" start="2024-08-03T06:21:02.647234" elapsed="0.000165"/>
</kw>
<var name="${key}">name</var>
<status status="PASS" start="2024-08-03T06:21:02.645816" elapsed="0.001807"/>
</iter>
<iter>
<kw name="Dictionary Should Contain Key" owner="Collections">
<arg>${json_data['results'][0]}</arg>
<arg>${key}</arg>
<doc>Fails if ``key`` is not found from ``dictionary``.</doc>
<status status="PASS" start="2024-08-03T06:21:02.647914" elapsed="0.000433"/>
</kw>
<kw name="Log" owner="BuiltIn">
<msg time="2024-08-03T06:21:02.648893" level="INFO">{'gender': 'male', 'name': {'title': 'Mr', 'first': 'Iker', 'last': 'Ferrer'}, 'location': {'street': {'number': 4874, 'name': 'Calle del Prado'}, 'city': 'Granada', 'state': 'Cataluña', 'country': 'Spain', 'postcode': 76403, 'coordinates': {'latitude': '-38.3809', 'longitude': '-169.2116'}, 'timezone': {'offset': '-3:00', 'description': 'Brazil, Buenos Aires, Georgetown'}}, 'email': 'iker.ferrer@example.com', 'login': {'uuid': '7457d56b-438e-4b88-898a-48f53cc1a7de', 'username': 'orangeostrich349', 'password': 'met2002', 'salt': 'qmI6RGHG', 'md5': '19f1bf04328d74d07abeb5cfc94c2d0d', 'sha1': '57f9cb40b5d233df6922785a5aab4482ccd00f86', 'sha256': '087cbde516b024bfb43288adff7fdfaa18ec1d061ad8d2384cbbd4c6d5c8ccc4'}, 'dob': {'date': '1973-03-29T00:53:34.172Z', 'age': 51}, 'registered': {'date': '2021-07-23T18:49:50.792Z', 'age': 3}, 'phone': '928-706-489', 'cell': '698-934-928', 'id': {'name': 'DNI', 'value': '62782299-E'}, 'picture': {'large': 'https://randomuser.me/api/portraits/men/32.jpg', 'medium': 'https://randomuser.me/api/portraits/med/men/32.jpg', 'thumbnail': 'https://randomuser.me/api/portraits/thumb/men/32.jpg'}, 'nat': 'ES'}</msg>
<arg>${json_data['results'][0]}</arg>
<doc>Logs the given message with the given level.</doc>
<status status="PASS" start="2024-08-03T06:21:02.648544" elapsed="0.000397"/>
</kw>
<kw name="Log" owner="BuiltIn">
<msg time="2024-08-03T06:21:02.649376" level="INFO">location</msg>
<arg>${key}</arg>
<doc>Logs the given message with the given level.</doc>
<status status="PASS" start="2024-08-03T06:21:02.649243" elapsed="0.000171"/>
</kw>
<var name="${key}">location</var>
<status status="PASS" start="2024-08-03T06:21:02.647797" elapsed="0.001847"/>
</iter>
<iter>
<kw name="Dictionary Should Contain Key" owner="Collections">
<arg>${json_data['results'][0]}</arg>
<arg>${key}</arg>
<doc>Fails if ``key`` is not found from ``dictionary``.</doc>
<status status="PASS" start="2024-08-03T06:21:02.649931" elapsed="0.000382"/>
</kw>
<kw name="Log" owner="BuiltIn">
<msg time="2024-08-03T06:21:02.650963" level="INFO">{'gender': 'male', 'name': {'title': 'Mr', 'first': 'Iker', 'last': 'Ferrer'}, 'location': {'street': {'number': 4874, 'name': 'Calle del Prado'}, 'city': 'Granada', 'state': 'Cataluña', 'country': 'Spain', 'postcode': 76403, 'coordinates': {'latitude': '-38.3809', 'longitude': '-169.2116'}, 'timezone': {'offset': '-3:00', 'description': 'Brazil, Buenos Aires, Georgetown'}}, 'email': 'iker.ferrer@example.com', 'login': {'uuid': '7457d56b-438e-4b88-898a-48f53cc1a7de', 'username': 'orangeostrich349', 'password': 'met2002', 'salt': 'qmI6RGHG', 'md5': '19f1bf04328d74d07abeb5cfc94c2d0d', 'sha1': '57f9cb40b5d233df6922785a5aab4482ccd00f86', 'sha256': '087cbde516b024bfb43288adff7fdfaa18ec1d061ad8d2384cbbd4c6d5c8ccc4'}, 'dob': {'date': '1973-03-29T00:53:34.172Z', 'age': 51}, 'registered': {'date': '2021-07-23T18:49:50.792Z', 'age': 3}, 'phone': '928-706-489', 'cell': '698-934-928', 'id': {'name': 'DNI', 'value': '62782299-E'}, 'picture': {'large': 'https://randomuser.me/api/portraits/men/32.jpg', 'medium': 'https://randomuser.me/api/portraits/med/men/32.jpg', 'thumbnail': 'https://randomuser.me/api/portraits/thumb/men/32.jpg'}, 'nat': 'ES'}</msg>
<arg>${json_data['results'][0]}</arg>
<doc>Logs the given message with the given level.</doc>
<status status="PASS" start="2024-08-03T06:21:02.650613" elapsed="0.000398"/>
</kw>
<kw name="Log" owner="BuiltIn">
<msg time="2024-08-03T06:21:02.651434" level="INFO">email</msg>
<arg>${key}</arg>
<doc>Logs the given message with the given level.</doc>
<status status="PASS" start="2024-08-03T06:21:02.651306" elapsed="0.000168"/>
</kw>
<var name="${key}">email</var>
<status status="PASS" start="2024-08-03T06:21:02.649816" elapsed="0.001880"/>
</iter>
<iter>
<kw name="Dictionary Should Contain Key" owner="Collections">
<arg>${json_data['results'][0]}</arg>
<arg>${key}</arg>
<doc>Fails if ``key`` is not found from ``dictionary``.</doc>
<status status="PASS" start="2024-08-03T06:21:02.651973" elapsed="0.000425"/>
</kw>
<kw name="Log" owner="BuiltIn">
<msg time="2024-08-03T06:21:02.652932" level="INFO">{'gender': 'male', 'name': {'title': 'Mr', 'first': 'Iker', 'last': 'Ferrer'}, 'location': {'street': {'number': 4874, 'name': 'Calle del Prado'}, 'city': 'Granada', 'state': 'Cataluña', 'country': 'Spain', 'postcode': 76403, 'coordinates': {'latitude': '-38.3809', 'longitude': '-169.2116'}, 'timezone': {'offset': '-3:00', 'description': 'Brazil, Buenos Aires, Georgetown'}}, 'email': 'iker.ferrer@example.com', 'login': {'uuid': '7457d56b-438e-4b88-898a-48f53cc1a7de', 'username': 'orangeostrich349', 'password': 'met2002', 'salt': 'qmI6RGHG', 'md5': '19f1bf04328d74d07abeb5cfc94c2d0d', 'sha1': '57f9cb40b5d233df6922785a5aab4482ccd00f86', 'sha256': '087cbde516b024bfb43288adff7fdfaa18ec1d061ad8d2384cbbd4c6d5c8ccc4'}, 'dob': {'date': '1973-03-29T00:53:34.172Z', 'age': 51}, 'registered': {'date': '2021-07-23T18:49:50.792Z', 'age': 3}, 'phone': '928-706-489', 'cell': '698-934-928', 'id': {'name': 'DNI', 'value': '62782299-E'}, 'picture': {'large': 'https://randomuser.me/api/portraits/men/32.jpg', 'medium': 'https://randomuser.me/api/portraits/med/men/32.jpg', 'thumbnail': 'https://randomuser.me/api/portraits/thumb/men/32.jpg'}, 'nat': 'ES'}</msg>
<arg>${json_data['results'][0]}</arg>
<doc>Logs the given message with the given level.</doc>
<status status="PASS" start="2024-08-03T06:21:02.652582" elapsed="0.000397"/>
</kw>
<kw name="Log" owner="BuiltIn">
<msg time="2024-08-03T06:21:02.653396" level="INFO">login</msg>
<arg>${key}</arg>
<doc>Logs the given message with the given level.</doc>
<status status="PASS" start="2024-08-03T06:21:02.653270" elapsed="0.000162"/>
</kw>
<var name="${key}">login</var>
<status status="PASS" start="2024-08-03T06:21:02.651867" elapsed="0.001782"/>
</iter>
<var>${key}</var>
<value>@{expected_keys}</value>
<status status="PASS" start="2024-08-03T06:21:02.643573" elapsed="0.010195"/>
</for>
<kw name="Create List" owner="BuiltIn">
<msg time="2024-08-03T06:21:02.654089" level="INFO">${expected_keysTwo} = ['username', 'password']</msg>
<var>${expected_keysTwo}</var>
<arg>username</arg>
<arg>password</arg>
<doc>Returns a list containing given items.</doc>
<status status="PASS" start="2024-08-03T06:21:02.653955" elapsed="0.000158"/>
</kw>
<for flavor="IN">
<iter>
<kw name="Dictionary Should Contain Key" owner="Collections">
<arg>${json_data['results'][0]['login']}</arg>
<arg>${keyTwo}</arg>
<doc>Fails if ``key`` is not found from ``dictionary``.</doc>
<status status="PASS" start="2024-08-03T06:21:02.654634" elapsed="0.000389"/>
</kw>
<kw name="Dictionary Should Contain Key" owner="Collections">
<arg>${json_data['results'][0]['login']}</arg>
<arg>${keyTwo}</arg>
<doc>Fails if ``key`` is not found from ``dictionary``.</doc>
<status status="PASS" start="2024-08-03T06:21:02.655202" elapsed="0.000371"/>
</kw>
<kw name="Log" owner="BuiltIn">
<msg time="2024-08-03T06:21:02.655872" level="INFO">username</msg>
<arg>${keyTwo}</arg>
<doc>Logs the given message with the given level.</doc>
<status status="PASS" start="2024-08-03T06:21:02.655752" elapsed="0.000158"/>
</kw>
<var name="${keyTwo}">username</var>
<status status="PASS" start="2024-08-03T06:21:02.654528" elapsed="0.001601"/>
</iter>
<iter>
<kw name="Dictionary Should Contain Key" owner="Collections">
<arg>${json_data['results'][0]['login']}</arg>
<arg>${keyTwo}</arg>
<doc>Fails if ``key`` is not found from ``dictionary``.</doc>
<status status="PASS" start="2024-08-03T06:21:02.656460" elapsed="0.000389"/>
</kw>
<kw name="Dictionary Should Contain Key" owner="Collections">
<arg>${json_data['results'][0]['login']}</arg>
<arg>${keyTwo}</arg>
<doc>Fails if ``key`` is not found from ``dictionary``.</doc>
<status status="PASS" start="2024-08-03T06:21:02.657026" elapsed="0.000371"/>
</kw>
<kw name="Log" owner="BuiltIn">
<msg time="2024-08-03T06:21:02.657693" level="INFO">password</msg>
<arg>${keyTwo}</arg>
<doc>Logs the given message with the given level.</doc>
<status status="PASS" start="2024-08-03T06:21:02.657570" elapsed="0.000161"/>
</kw>
<var name="${keyTwo}">password</var>
<status status="PASS" start="2024-08-03T06:21:02.656344" elapsed="0.001608"/>
</iter>
<var>${keyTwo}</var>
<value>@{expected_keysTwo}</value>
<status status="PASS" start="2024-08-03T06:21:02.654373" elapsed="0.003702"/>
</for>
<status status="PASS" start="2024-08-03T06:21:02.355298" elapsed="0.302919"/>
</kw>
<doc>Testa a estrutura da resposta da API.</doc>
<tag>testeEstruturaResposta</tag>
<status status="PASS" start="2024-08-03T06:21:02.354710" elapsed="0.303664"/>
</test>
<test id="s1-s1-t4" name="Validar tipos de dados" line="28">
<kw name="Teste de Tipos de Dados" owner="random-user-service">
<kw name="GET On Session" owner="RequestsLibrary">
<msg time="2024-08-03T06:21:02.920311" level="INFO">GET Request : url=https://randomuser.me/api 
 path_url=/api 
 headers={'User-Agent': 'python-requests/2.32.3', 'Accept-Encoding': 'gzip, deflate', 'Accept': '*/*', 'Connection': 'keep-alive'} 
 body=None 
 </msg>
<msg time="2024-08-03T06:21:02.920416" level="INFO">GET Response : url=https://randomuser.me/api 
 status=200, reason=OK 
 headers={'Date': 'Sat, 03 Aug 2024 06:21:02 GMT', 'Content-Type': 'application/json; charset=utf-8', 'Transfer-Encoding': 'chunked', 'Connection': 'keep-alive', 'X-Powered-By': 'Express', 'Access-Control-Allow-Origin': '*', 'Cache-Control': 'no-cache', 'ETag': 'W/"4ac-d4SBwT6Q3/FVF5197+EcJajFNDs"', 'Vary': 'Accept-Encoding', 'Content-Encoding': 'gzip', 'CF-Cache-Status': 'DYNAMIC', 'Report-To': '{"endpoints":[{"url":"https:\\/\\/a.nel.cloudflare.com\\/report\\/v4?s=DZbbIq%2Fei7A5o%2FN%2Ft0wgCKfxn8r%2FkzNv8s02H2BOCOVNFCMzxZ4mbpwzP46RpLMIQ5kRbpXDAWTyJnVxK6U%2FsNyWTuRwcXPJHFfA6WiC5mRiPGT3tTFhlN8QX41eo8oX"}],"group":"cf-nel","max_age":604800}', 'NEL': '{"success_fraction":0,"report_to":"cf-nel","max_age":604800}', 'Server': 'cloudflare', 'CF-RAY': '8ad4348bab81c980-IAD', 'alt-svc': 'h3=":443"; ma=86400'} 
 body={"results":[{"gender":"female","name":{"title":"Madame","first":"Arianna","last":"Fabre"},"location":{"street":{"number":1710,"name":"Rue Duguesclin"},"city":"Altstätten","state":"Genève","country":"Switzerland","postcode":3293,"coordinates":{"latitude":"-61.1558","longitude":"146.5231"},"timezone":{"offset":"-6:00","description":"Central Time (US &amp; Canada), Mexico City"}},"email":"arianna.fabre@example.com","login":{"uuid":"14b32d04-9c40-49e0-8646-8eb0bb436c0e","username":"greenleopard901","password":"dealer","salt":"VsbK3cHA","md5":"6d2c4903ea7dfe1a468786d3d057c75b","sha1":"fe2844aab668f9984b0f78f81450bbb221fd5c15","sha256":"87fe8d34d29b95889c17821e1c9000938071a99e95f2f5d5163cfbcccaadeff4"},"dob":{"date":"1987-02-19T12:38:15.732Z","age":37},"registered":{"date":"2002-12-31T10:04:07.067Z","age":21},"phone":"076 470 83 42","cell":"076 288 72 60","id":{"name":"AVS","value":"756.3969.4154.12"},"picture":{"large":"https://randomuser.me/api/portraits/women/67.jpg","medium":"https://randomuser.me/api/portraits/med/women/67.jpg","thumbnail":"https://randomuser.me/api/portraits/thumb/women/67.jpg"},"nat":"CH"}],"info":{"seed":"b7fc1699d7d7eb67","results":1,"page":1,"version":"1.4"}} 
 </msg>
<msg time="2024-08-03T06:21:02.920502" level="INFO">/opt/hostedtoolcache/Python/3.12.4/x64/lib/python3.12/site-packages/urllib3/connectionpool.py:1099: InsecureRequestWarning: Unverified HTTPS request is being made to host 'randomuser.me'. Adding certificate verification is strongly advised. See: https://urllib3.readthedocs.io/en/latest/advanced-usage.html#tls-warnings
  warnings.warn(</msg>
<msg time="2024-08-03T06:21:02.920647" level="INFO">${response} = &lt;Response [200]&gt;</msg>
<var>${response}</var>
<arg>consultarAPI</arg>
<arg>/api</arg>
<doc>Sends a GET request on a previously created HTTP Session.</doc>
<status status="PASS" start="2024-08-03T06:21:02.660940" elapsed="0.259763"/>
</kw>
<kw name="Set Variable" owner="BuiltIn">
<msg time="2024-08-03T06:21:02.921702" level="INFO">${json_data} = {'results': [{'gender': 'female', 'name': {'title': 'Madame', 'first': 'Arianna', 'last': 'Fabre'}, 'location': {'street': {'number': 1710, 'name': 'Rue Duguesclin'}, 'city': 'Altstätten', 'state': 'G...</msg>
<var>${json_data}</var>
<arg>${response.json()}</arg>
<doc>Returns the given values which can then be assigned to a variables.</doc>
<status status="PASS" start="2024-08-03T06:21:02.921205" elapsed="0.000525"/>
</kw>
<kw name="Log" owner="BuiltIn">
<msg time="2024-08-03T06:21:02.922190" level="INFO">{'results': [{'gender': 'female', 'name': {'title': 'Madame', 'first': 'Arianna', 'last': 'Fabre'}, 'location': {'street': {'number': 1710, 'name': 'Rue Duguesclin'}, 'city': 'Altstätten', 'state': 'Genève', 'country': 'Switzerland', 'postcode': 3293, 'coordinates': {'latitude': '-61.1558', 'longitude': '146.5231'}, 'timezone': {'offset': '-6:00', 'description': 'Central Time (US &amp; Canada), Mexico City'}}, 'email': 'arianna.fabre@example.com', 'login': {'uuid': '14b32d04-9c40-49e0-8646-8eb0bb436c0e', 'username': 'greenleopard901', 'password': 'dealer', 'salt': 'VsbK3cHA', 'md5': '6d2c4903ea7dfe1a468786d3d057c75b', 'sha1': 'fe2844aab668f9984b0f78f81450bbb221fd5c15', 'sha256': '87fe8d34d29b95889c17821e1c9000938071a99e95f2f5d5163cfbcccaadeff4'}, 'dob': {'date': '1987-02-19T12:38:15.732Z', 'age': 37}, 'registered': {'date': '2002-12-31T10:04:07.067Z', 'age': 21}, 'phone': '076 470 83 42', 'cell': '076 288 72 60', 'id': {'name': 'AVS', 'value': '756.3969.4154.12'}, 'picture': {'large': 'https://randomuser.me/api/portraits/women/67.jpg', 'medium': 'https://randomuser.me/api/portraits/med/women/67.jpg', 'thumbnail': 'https://randomuser.me/api/portraits/thumb/women/67.jpg'}, 'nat': 'CH'}], 'info': {'seed': 'b7fc1699d7d7eb67', 'results': 1, 'page': 1, 'version': '1.4'}}</msg>
<arg>${json_data}</arg>
<doc>Logs the given message with the given level.</doc>
<status status="PASS" start="2024-08-03T06:21:02.922032" elapsed="0.000219"/>
</kw>
<kw name="Should Be String" owner="String">
<arg>${json_data['results'][0]['gender']}</arg>
<doc>Fails if the given ``item`` is not a string.</doc>
<status status="PASS" start="2024-08-03T06:21:02.922541" elapsed="0.000366"/>
</kw>
<kw name="Should Match Regexp" owner="BuiltIn">
<arg>${json_data['results'][0]['email']}</arg>
<arg>^[a-zA-Z0-9._%+-]+@[a-zA-Z0-9.-]+\.[a-zA-Z]{2,}$</arg>
<doc>Fails if ``string`` does not match ``pattern`` as a regular expression.</doc>
<status status="PASS" start="2024-08-03T06:21:02.923107" elapsed="0.000512"/>
</kw>
<kw name="Should Match Regexp" owner="BuiltIn">
<arg>${json_data['results'][0]['dob']['date']}</arg>
<arg>\\d{4}-\\d{2}-\\d{2}T\\d{2}:\\d{2}:\\d{2}\\.\\d{3}Z</arg>
<doc>Fails if ``string`` does not match ``pattern`` as a regular expression.</doc>
<status status="PASS" start="2024-08-03T06:21:02.923851" elapsed="0.000672"/>
</kw>
<kw name="Should Match Regexp" owner="BuiltIn">
<arg>${json_data['results'][0]['registered']['date']}</arg>
<arg>\\d{4}-\\d{2}-\\d{2}T\\d{2}:\\d{2}:\\d{2}\\.\\d{3}Z</arg>
<doc>Fails if ``string`` does not match ``pattern`` as a regular expression.</doc>
<status status="PASS" start="2024-08-03T06:21:02.924722" elapsed="0.000375"/>
</kw>
<kw name="Should Match Regexp" owner="BuiltIn">
<arg>${json_data['results'][0]['picture']['large']}</arg>
<arg>^https?://.*\.(?:png|jpe?g|gif|bmp)$</arg>
<doc>Fails if ``string`` does not match ``pattern`` as a regular expression.</doc>
<status status="PASS" start="2024-08-03T06:21:02.925280" elapsed="0.000456"/>
</kw>
<kw name="Should Match Regexp" owner="BuiltIn">
<arg>${json_data['results'][0]['picture']['medium']}</arg>
<arg>^https?://.*\.(?:png|jpe?g|gif|bmp)$</arg>
<doc>Fails if ``string`` does not match ``pattern`` as a regular expression.</doc>
<status status="PASS" start="2024-08-03T06:21:02.925923" elapsed="0.000352"/>
</kw>
<kw name="Should Match Regexp" owner="BuiltIn">
<arg>${json_data['results'][0]['picture']['thumbnail']}</arg>
<arg>^https?://.*\.(?:png|jpe?g|gif|bmp)$</arg>
<doc>Fails if ``string`` does not match ``pattern`` as a regular expression.</doc>
<status status="PASS" start="2024-08-03T06:21:02.926456" elapsed="0.000348"/>
</kw>
<kw name="Log" owner="BuiltIn">
<msg time="2024-08-03T06:21:02.927302" level="INFO">{'large': 'https://randomuser.me/api/portraits/women/67.jpg', 'medium': 'https://randomuser.me/api/portraits/med/women/67.jpg', 'thumbnail': 'https://randomuser.me/api/portraits/thumb/women/67.jpg'}</msg>
<arg>${json_data['results'][0]['picture']}</arg>
<doc>Logs the given message with the given level.</doc>
<status status="PASS" start="2024-08-03T06:21:02.926983" elapsed="0.000361"/>
</kw>
<status status="PASS" start="2024-08-03T06:21:02.660708" elapsed="0.266900"/>
</kw>
<kw name="Teste de Tipos de Dados - Postcode" owner="random-user-service">
<kw name="GET On Session" owner="RequestsLibrary">
<msg time="2024-08-03T06:21:03.093142" level="INFO">GET Request : url=https://randomuser.me/api 
 path_url=/api 
 headers={'User-Agent': 'python-requests/2.32.3', 'Accept-Encoding': 'gzip, deflate', 'Accept': '*/*', 'Connection': 'keep-alive'} 
 body=None 
 </msg>
<msg time="2024-08-03T06:21:03.093236" level="INFO">GET Response : url=https://randomuser.me/api 
 status=200, reason=OK 
 headers={'Date': 'Sat, 03 Aug 2024 06:21:03 GMT', 'Content-Type': 'application/json; charset=utf-8', 'Transfer-Encoding': 'chunked', 'Connection': 'keep-alive', 'X-Powered-By': 'Express', 'Access-Control-Allow-Origin': '*', 'Cache-Control': 'no-cache', 'ETag': 'W/"4c2-97I26hF+98+C0DRKXluytO/tyzM"', 'Vary': 'Accept-Encoding', 'Content-Encoding': 'gzip', 'CF-Cache-Status': 'DYNAMIC', 'Report-To': '{"endpoints":[{"url":"https:\\/\\/a.nel.cloudflare.com\\/report\\/v4?s=YR08%2ByQzU9kStqH2jNC8mm%2BdTza8BUhOq8jVf7frbmlBOIREDxU3QO8Fq2%2FUniU63ow15EzPwaMdz6BGdh183XFMscK67ltoTMlLlDfCz258ZFbCbS%2BxXekdT5p%2B%2BrYq"}],"group":"cf-nel","max_age":604800}', 'NEL': '{"success_fraction":0,"report_to":"cf-nel","max_age":604800}', 'Server': 'cloudflare', 'CF-RAY': '8ad4348d5e8ac980-IAD', 'alt-svc': 'h3=":443"; ma=86400'} 
 body={"results":[{"gender":"female","name":{"title":"Mrs","first":"Notburga","last":"Schell"},"location":{"street":{"number":2090,"name":"Jahnstraße"},"city":"Königstein (Sächsische Schweiz)","state":"Niedersachsen","country":"Germany","postcode":15100,"coordinates":{"latitude":"-48.7741","longitude":"156.4234"},"timezone":{"offset":"-4:00","description":"Atlantic Time (Canada), Caracas, La Paz"}},"email":"notburga.schell@example.com","login":{"uuid":"cc643778-063a-49bf-9366-37764daf9a23","username":"heavyelephant534","password":"harris","salt":"xnQKU7Jo","md5":"b275e52328c3e01a151dfb7a19b0cdcc","sha1":"e62faeaf0500161f44b1d77e727dfe024d8153a4","sha256":"68a1232741122672a0120b9a3ca527396e6e8ffa70dc821800287c5a750b1c98"},"dob":{"date":"1972-01-13T12:12:50.141Z","age":52},"registered":{"date":"2010-12-27T10:01:36.302Z","age":13},"phone":"0869-5612094","cell":"0176-0667944","id":{"name":"SVNR","value":"59 130172 S 945"},"picture":{"large":"https://randomuser.me/api/portraits/women/29.jpg","medium":"https://randomuser.me/api/portraits/med/women/29.jpg","thumbnail":"https://randomuser.me/api/portraits/thumb/women/29.jpg"},"nat":"DE"}],"info":{"seed":"af7728e2fb76040d","results":1,"page":1,"version":"1.4"}} 
 </msg>
<msg time="2024-08-03T06:21:03.093306" level="INFO">/opt/hostedtoolcache/Python/3.12.4/x64/lib/python3.12/site-packages/urllib3/connectionpool.py:1099: InsecureRequestWarning: Unverified HTTPS request is being made to host 'randomuser.me'. Adding certificate verification is strongly advised. See: https://urllib3.readthedocs.io/en/latest/advanced-usage.html#tls-warnings
  warnings.warn(</msg>
<msg time="2024-08-03T06:21:03.093418" level="INFO">${response} = &lt;Response [200]&gt;</msg>
<var>${response}</var>
<arg>consultarAPI</arg>
<arg>/api</arg>
<doc>Sends a GET request on a previously created HTTP Session.</doc>
<status status="PASS" start="2024-08-03T06:21:02.928062" elapsed="0.165386"/>
</kw>
<kw name="Set Variable" owner="BuiltIn">
<msg time="2024-08-03T06:21:03.094486" level="INFO">${json_data} = {'results': [{'gender': 'female', 'name': {'title': 'Mrs', 'first': 'Notburga', 'last': 'Schell'}, 'location': {'street': {'number': 2090, 'name': 'Jahnstraße'}, 'city': 'Königstein (Sächsische Schwei...</msg>
<var>${json_data}</var>
<arg>${response.json()}</arg>
<doc>Returns the given values which can then be assigned to a variables.</doc>
<status status="PASS" start="2024-08-03T06:21:03.093962" elapsed="0.000554"/>
</kw>
<kw name="Log" owner="BuiltIn">
<msg time="2024-08-03T06:21:03.094983" level="INFO">{'results': [{'gender': 'female', 'name': {'title': 'Mrs', 'first': 'Notburga', 'last': 'Schell'}, 'location': {'street': {'number': 2090, 'name': 'Jahnstraße'}, 'city': 'Königstein (Sächsische Schweiz)', 'state': 'Niedersachsen', 'country': 'Germany', 'postcode': 15100, 'coordinates': {'latitude': '-48.7741', 'longitude': '156.4234'}, 'timezone': {'offset': '-4:00', 'description': 'Atlantic Time (Canada), Caracas, La Paz'}}, 'email': 'notburga.schell@example.com', 'login': {'uuid': 'cc643778-063a-49bf-9366-37764daf9a23', 'username': 'heavyelephant534', 'password': 'harris', 'salt': 'xnQKU7Jo', 'md5': 'b275e52328c3e01a151dfb7a19b0cdcc', 'sha1': 'e62faeaf0500161f44b1d77e727dfe024d8153a4', 'sha256': '68a1232741122672a0120b9a3ca527396e6e8ffa70dc821800287c5a750b1c98'}, 'dob': {'date': '1972-01-13T12:12:50.141Z', 'age': 52}, 'registered': {'date': '2010-12-27T10:01:36.302Z', 'age': 13}, 'phone': '0869-5612094', 'cell': '0176-0667944', 'id': {'name': 'SVNR', 'value': '59 130172 S 945'}, 'picture': {'large': 'https://randomuser.me/api/portraits/women/29.jpg', 'medium': 'https://randomuser.me/api/portraits/med/women/29.jpg', 'thumbnail': 'https://randomuser.me/api/portraits/thumb/women/29.jpg'}, 'nat': 'DE'}], 'info': {'seed': 'af7728e2fb76040d', 'results': 1, 'page': 1, 'version': '1.4'}}</msg>
<arg>${json_data}</arg>
<doc>Logs the given message with the given level.</doc>
<status status="PASS" start="2024-08-03T06:21:03.094825" elapsed="0.000215"/>
</kw>
<kw name="Should Be Equal As Numbers" owner="BuiltIn">
<arg>${json_data['results'][0]['location']['postcode']}</arg>
<arg>${json_data['results'][0]['location']['postcode']}</arg>
<doc>Fails if objects are unequal after converting them to real numbers.</doc>
<status status="PASS" start="2024-08-03T06:21:03.095328" elapsed="0.000621"/>
</kw>
<kw name="Log" owner="BuiltIn">
<msg time="2024-08-03T06:21:03.096568" level="INFO">15100</msg>
<arg>${json_data['results'][0]['location']['postcode']}</arg>
<doc>Logs the given message with the given level.</doc>
<status status="PASS" start="2024-08-03T06:21:03.096137" elapsed="0.000471"/>
</kw>
<status status="PASS" start="2024-08-03T06:21:02.927831" elapsed="0.169039"/>
</kw>
<doc>Testa se os tipos de dados na resposta da API estão corretos.</doc>
<tag>testeTiposDados</tag>
<status status="PASS" start="2024-08-03T06:21:02.660117" elapsed="0.436921"/>
</test>
<test id="s1-s1-t5" name="Validar conteudo" line="35">
<kw name="Teste de Tipos de Conteudo" owner="random-user-service">
<kw name="GET On Session" owner="RequestsLibrary">
<msg time="2024-08-03T06:21:03.161157" level="INFO">GET Request : url=https://randomuser.me/api 
 path_url=/api 
 headers={'User-Agent': 'python-requests/2.32.3', 'Accept-Encoding': 'gzip, deflate', 'Accept': '*/*', 'Connection': 'keep-alive'} 
 body=None 
 </msg>
<msg time="2024-08-03T06:21:03.161244" level="INFO">GET Response : url=https://randomuser.me/api 
 status=200, reason=OK 
 headers={'Date': 'Sat, 03 Aug 2024 06:21:03 GMT', 'Content-Type': 'application/json; charset=utf-8', 'Transfer-Encoding': 'chunked', 'Connection': 'keep-alive', 'X-Powered-By': 'Express', 'Access-Control-Allow-Origin': '*', 'Cache-Control': 'no-cache', 'ETag': 'W/"48d-ftzuBOfqYZkPXPmH/bviNZEl52g"', 'Vary': 'Accept-Encoding', 'Content-Encoding': 'gzip', 'CF-Cache-Status': 'DYNAMIC', 'Report-To': '{"endpoints":[{"url":"https:\\/\\/a.nel.cloudflare.com\\/report\\/v4?s=Yz432BqHuql1vokAnOS2aO%2B82T%2F%2BJ2N1LuLr9mv8rgrN0m8mGgaJCfnPsLBIcjGhqd4MsylxABYmb%2BXF0PE%2FB%2FVuoQHGBAyy1TwAk2ufNVbpIccuW%2BM1CvDT2D%2FLXCLI"}],"group":"cf-nel","max_age":604800}', 'NEL': '{"success_fraction":0,"report_to":"cf-nel","max_age":604800}', 'Server': 'cloudflare', 'CF-RAY': '8ad4348e6853c980-IAD', 'alt-svc': 'h3=":443"; ma=86400'} 
 body={"results":[{"gender":"male","name":{"title":"Mr","first":"Frank","last":"Simmmons"},"location":{"street":{"number":8686,"name":"Dame Street"},"city":"Carrick-on-Suir","state":"South Dublin","country":"Ireland","postcode":64707,"coordinates":{"latitude":"3.1671","longitude":"-9.9507"},"timezone":{"offset":"-7:00","description":"Mountain Time (US &amp; Canada)"}},"email":"frank.simmmons@example.com","login":{"uuid":"5d3d22d9-5960-4297-bb0b-44d96daeafc2","username":"angrypeacock371","password":"qwer1234","salt":"xMzcjLBm","md5":"3668b3d81cdfafb7e0205ccde410c817","sha1":"6df3c39e74a2d7f108a08f4b0c6eabed23a44768","sha256":"734c06132ffc622642b6facecb2043c28f825028f319782abf4ced4d6517996d"},"dob":{"date":"1960-07-26T18:20:53.649Z","age":64},"registered":{"date":"2018-11-11T06:06:34.293Z","age":5},"phone":"031-868-6971","cell":"081-755-7871","id":{"name":"PPS","value":"0664538T"},"picture":{"large":"https://randomuser.me/api/portraits/men/61.jpg","medium":"https://randomuser.me/api/portraits/med/men/61.jpg","thumbnail":"https://randomuser.me/api/portraits/thumb/men/61.jpg"},"nat":"IE"}],"info":{"seed":"4ab577d157056aa4","results":1,"page":1,"version":"1.4"}} 
 </msg>
<msg time="2024-08-03T06:21:03.161313" level="INFO">/opt/hostedtoolcache/Python/3.12.4/x64/lib/python3.12/site-packages/urllib3/connectionpool.py:1099: InsecureRequestWarning: Unverified HTTPS request is being made to host 'randomuser.me'. Adding certificate verification is strongly advised. See: https://urllib3.readthedocs.io/en/latest/advanced-usage.html#tls-warnings
  warnings.warn(</msg>
<msg time="2024-08-03T06:21:03.161400" level="INFO">${response} = &lt;Response [200]&gt;</msg>
<var>${response}</var>
<arg>consultarAPI</arg>
<arg>/api</arg>
<doc>Sends a GET request on a previously created HTTP Session.</doc>
<status status="PASS" start="2024-08-03T06:21:03.099500" elapsed="0.061940"/>
</kw>
<kw name="Set Variable" owner="BuiltIn">
<msg time="2024-08-03T06:21:03.162284" level="INFO">${json_data} = {'results': [{'gender': 'male', 'name': {'title': 'Mr', 'first': 'Frank', 'last': 'Simmmons'}, 'location': {'street': {'number': 8686, 'name': 'Dame Street'}, 'city': 'Carrick-on-Suir', 'state': 'Sout...</msg>
<var>${json_data}</var>
<arg>${response.json()}</arg>
<doc>Returns the given values which can then be assigned to a variables.</doc>
<status status="PASS" start="2024-08-03T06:21:03.161824" elapsed="0.000489"/>
</kw>
<kw name="Set Variable" owner="BuiltIn">
<msg time="2024-08-03T06:21:03.162986" level="INFO">${name_title} = Mr</msg>
<var>${name_title}</var>
<arg>${json_data["results"][0]["name"]["title"]}</arg>
<doc>Returns the given values which can then be assigned to a variables.</doc>
<status status="PASS" start="2024-08-03T06:21:03.162615" elapsed="0.000395"/>
</kw>
<kw name="Create List" owner="BuiltIn">
<msg time="2024-08-03T06:21:03.163452" level="INFO">${allowed_titles} = ['Mr', 'Ms', 'Miss', 'Mrs', 'Madame', 'Monsieur']</msg>
<var>${allowed_titles}</var>
<arg>Mr</arg>
<arg>Ms</arg>
<arg>Miss</arg>
<arg>Mrs</arg>
<arg>Madame</arg>
<arg>Monsieur</arg>
<doc>Returns a list containing given items.</doc>
<status status="PASS" start="2024-08-03T06:21:03.163304" elapsed="0.000172"/>
</kw>
<kw name="List Should Contain Value" owner="Collections">
<arg>${allowed_titles}</arg>
<arg>${name_title}</arg>
<doc>Fails if the ``value`` is not found from ``list``.</doc>
<status status="PASS" start="2024-08-03T06:21:03.163774" elapsed="0.000170"/>
</kw>
<kw name="Set Variable" owner="BuiltIn">
<msg time="2024-08-03T06:21:03.164540" level="INFO">${name_country} = IE</msg>
<var>${name_country}</var>
<arg>${json_data["results"][0]["nat"]}</arg>
<doc>Returns the given values which can then be assigned to a variables.</doc>
<status status="PASS" start="2024-08-03T06:21:03.164119" elapsed="0.000446"/>
</kw>
<kw name="Create List" owner="BuiltIn">
<msg time="2024-08-03T06:21:03.165443" level="INFO">${list_country} = ['AD', 'AE', 'AF', 'AG', 'AI', 'AL', 'AM', 'AO', 'AQ', 'AR', 'AS', 'AT', 'AU', 'AW', 'AX', 'AZ', 'BA', 'BB', 'BD', 'BE', 'BF', 'BG', 'BH', 'BI', 'BJ', 'BL', 'BM', 'BN', 'BO', 'BQ', 'BR', 'BS', 'BT', '...</msg>
<var>${list_country}</var>
<arg>AD</arg>
<arg>AE</arg>
<arg>AF</arg>
<arg>AG</arg>
<arg>AI</arg>
<arg>AL</arg>
<arg>AM</arg>
<arg>AO</arg>
<arg>AQ</arg>
<arg>AR</arg>
<arg>AS</arg>
<arg>AT</arg>
<arg>AU</arg>
<arg>AW</arg>
<arg>AX</arg>
<arg>AZ</arg>
<arg>BA</arg>
<arg>BB</arg>
<arg>BD</arg>
<arg>BE</arg>
<arg>BF</arg>
<arg>BG</arg>
<arg>BH</arg>
<arg>BI</arg>
<arg>BJ</arg>
<arg>BL</arg>
<arg>BM</arg>
<arg>BN</arg>
<arg>BO</arg>
<arg>BQ</arg>
<arg>BR</arg>
<arg>BS</arg>
<arg>BT</arg>
<arg>BV</arg>
<arg>BW</arg>
<arg>BY</arg>
<arg>BZ</arg>
<arg>CA</arg>
<arg>CC</arg>
<arg>CD</arg>
<arg>CF</arg>
<arg>CG</arg>
<arg>CH</arg>
<arg>CI</arg>
<arg>CK</arg>
<arg>CL</arg>
<arg>CM</arg>
<arg>CN</arg>
<arg>CO</arg>
<arg>CR</arg>
<arg>CU</arg>
<arg>CV</arg>
<arg>CW</arg>
<arg>CX</arg>
<arg>CY</arg>
<arg>CZ</arg>
<arg>DE</arg>
<arg>DJ</arg>
<arg>DK</arg>
<arg>DM</arg>
<arg>DO</arg>
<arg>DZ</arg>
<arg>EC</arg>
<arg>EE</arg>
<arg>EG</arg>
<arg>EH</arg>
<arg>ER</arg>
<arg>ES</arg>
<arg>ET</arg>
<arg>FI</arg>
<arg>FJ</arg>
<arg>FK</arg>
<arg>FM</arg>
<arg>FO</arg>
<arg>FR</arg>
<arg>GA</arg>
<arg>GB</arg>
<arg>GD</arg>
<arg>GE</arg>
<arg>GF</arg>
<arg>GG</arg>
<arg>GH</arg>
<arg>GI</arg>
<arg>GL</arg>
<arg>GM</arg>
<arg>GN</arg>
<arg>GP</arg>
<arg>GQ</arg>
<arg>GR</arg>
<arg>GS</arg>
<arg>GT</arg>
<arg>GU</arg>
<arg>GW</arg>
<arg>GY</arg>
<arg>HK</arg>
<arg>HM</arg>
<arg>HN</arg>
<arg>HR</arg>
<arg>HT</arg>
<arg>HU</arg>
<arg>ID</arg>
<arg>IE</arg>
<arg>IL</arg>
<arg>IM</arg>
<arg>IN</arg>
<arg>IO</arg>
<arg>IQ</arg>
<arg>IR</arg>
<arg>IS</arg>
<arg>IT</arg>
<arg>JE</arg>
<arg>JM</arg>
<arg>JO</arg>
<arg>JP</arg>
<arg>KE</arg>
<arg>KG</arg>
<arg>KH</arg>
<arg>KI</arg>
<arg>KM</arg>
<arg>KN</arg>
<arg>KP</arg>
<arg>KR</arg>
<arg>KW</arg>
<arg>KY</arg>
<arg>KZ</arg>
<arg>LA</arg>
<arg>LB</arg>
<arg>LC</arg>
<arg>LI</arg>
<arg>LK</arg>
<arg>LR</arg>
<arg>LS</arg>
<arg>LT</arg>
<arg>LU</arg>
<arg>LV</arg>
<arg>LY</arg>
<arg>MA</arg>
<arg>MC</arg>
<arg>MD</arg>
<arg>ME</arg>
<arg>MF</arg>
<arg>MG</arg>
<arg>MH</arg>
<arg>MK</arg>
<arg>ML</arg>
<arg>MM</arg>
<arg>MN</arg>
<arg>MO</arg>
<arg>MP</arg>
<arg>MQ</arg>
<arg>MR</arg>
<arg>MS</arg>
<arg>MT</arg>
<arg>MU</arg>
<arg>MV</arg>
<arg>MW</arg>
<arg>MX</arg>
<arg>MY</arg>
<arg>MZ</arg>
<arg>NA</arg>
<arg>NC</arg>
<arg>NE</arg>
<arg>NF</arg>
<arg>NG</arg>
<arg>NI</arg>
<arg>NL</arg>
<arg>NO</arg>
<arg>NP</arg>
<arg>NR</arg>
<arg>NU</arg>
<arg>NZ</arg>
<arg>OM</arg>
<arg>PA</arg>
<arg>PE</arg>
<arg>PF</arg>
<arg>PG</arg>
<arg>PH</arg>
<arg>PK</arg>
<arg>PL</arg>
<arg>PM</arg>
<arg>PN</arg>
<arg>PR</arg>
<arg>PS</arg>
<arg>PT</arg>
<arg>PW</arg>
<arg>PY</arg>
<arg>QA</arg>
<arg>RE</arg>
<arg>RO</arg>
<arg>RS</arg>
<arg>RU</arg>
<arg>RW</arg>
<arg>SA</arg>
<arg>SB</arg>
<arg>SC</arg>
<arg>SD</arg>
<arg>SE</arg>
<arg>SG</arg>
<arg>SH</arg>
<arg>SI</arg>
<arg>SJ</arg>
<arg>SK</arg>
<arg>SL</arg>
<arg>SM</arg>
<arg>SN</arg>
<arg>SO</arg>
<arg>SR</arg>
<arg>SS</arg>
<arg>ST</arg>
<arg>SV</arg>
<arg>SX</arg>
<arg>SY</arg>
<arg>SZ</arg>
<arg>TC</arg>
<arg>TD</arg>
<arg>TF</arg>
<arg>TG</arg>
<arg>TH</arg>
<arg>TJ</arg>
<arg>TK</arg>
<arg>TL</arg>
<arg>TM</arg>
<arg>TN</arg>
<arg>TO</arg>
<arg>TR</arg>
<arg>TT</arg>
<arg>TV</arg>
<arg>TW</arg>
<arg>TZ</arg>
<arg>UA</arg>
<arg>UG</arg>
<arg>UM</arg>
<arg>US</arg>
<arg>UY</arg>
<arg>UZ</arg>
<arg>VA</arg>
<arg>VC</arg>
<arg>VE</arg>
<arg>VG</arg>
<arg>VI</arg>
<arg>VN</arg>
<arg>VU</arg>
<arg>WF</arg>
<arg>WS</arg>
<arg>XK</arg>
<arg>YE</arg>
<arg>YT</arg>
<arg>ZA</arg>
<arg>ZM</arg>
<arg>ZW</arg>
<doc>Returns a list containing given items.</doc>
<status status="PASS" start="2024-08-03T06:21:03.164854" elapsed="0.000614"/>
</kw>
<kw name="List Should Contain Value" owner="Collections">
<arg>${list_country}</arg>
<arg>${name_country}</arg>
<doc>Fails if the ``value`` is not found from ``list``.</doc>
<status status="PASS" start="2024-08-03T06:21:03.166410" elapsed="0.000209"/>
</kw>
<kw name="Run Keyword If" owner="BuiltIn">
<kw name="Should Be True" owner="BuiltIn">
<arg>${True}</arg>
<doc>Fails if the given condition is not true.</doc>
<status status="PASS" start="2024-08-03T06:21:03.167570" elapsed="0.000142"/>
</kw>
<arg>${json_data["results"][0]["location"]["coordinates"]["latitude"]} &gt;= -90 and ${json_data["results"][0]["location"]["coordinates"]["latitude"]} &lt;= 90</arg>
<arg>Should Be True</arg>
<arg>${True}</arg>
<doc>Runs the given keyword with the given arguments, if ``condition`` is true.</doc>
<status status="PASS" start="2024-08-03T06:21:03.166817" elapsed="0.001019"/>
</kw>
<kw name="Run Keyword If" owner="BuiltIn">
<kw name="Should Be True" owner="BuiltIn">
<arg>${True}</arg>
<doc>Fails if the given condition is not true.</doc>
<status status="PASS" start="2024-08-03T06:21:03.168771" elapsed="0.000138"/>
</kw>
<arg>${json_data["results"][0]["location"]["coordinates"]["longitude"]} &gt;= -180 and ${json_data["results"][0]["location"]["coordinates"]["longitude"]} &lt;= 180</arg>
<arg>Should Be True</arg>
<arg>${True}</arg>
<doc>Runs the given keyword with the given arguments, if ``condition`` is true.</doc>
<status status="PASS" start="2024-08-03T06:21:03.168015" elapsed="0.001017"/>
</kw>
<status status="PASS" start="2024-08-03T06:21:03.099278" elapsed="0.069879"/>
</kw>
<doc>Testa o conteúdo específico dos campos retornados pela API.</doc>
<tag>testeConteudo</tag>
<status status="PASS" start="2024-08-03T06:21:03.098784" elapsed="0.070518"/>
</test>
<status status="PASS" start="2024-08-03T06:21:01.672323" elapsed="1.498893"/>
</suite>
<status status="PASS" start="2024-08-03T06:21:01.658019" elapsed="1.518301"/>
</suite>
<statistics>
<total>
<stat pass="5" fail="0" skip="0">All Tests</stat>
</total>
<tag>
<stat pass="1" fail="0" skip="0">testeConteudo</stat>
<stat pass="1" fail="0" skip="0">testeEstruturaResposta</stat>
<stat pass="1" fail="0" skip="0">testeRequisicaoBasica</stat>
<stat pass="1" fail="0" skip="0">testeTiposDados</stat>
</tag>
<suite>
<stat pass="5" fail="0" skip="0" id="s1" name="Tests">Tests</stat>
<stat pass="5" fail="0" skip="0" id="s1-s1" name="Random-User-Test">Tests.Random-User-Test</stat>
</suite>
</statistics>
<errors>
</errors>
</robot>
