<?xml version="1.0" encoding="UTF-8"?>
<robot generator="Robot 7.0 (Python 3.12.3 on linux)" generated="2024-05-03T11:12:09.113589" rpa="false" schemaversion="5">
<suite id="s1" name="Tests" source="/home/runner/work/DesafioQAItauRogerioJordao/DesafioQAItauRogerioJordao/RamdonUser/tests">
<suite id="s1-s1" name="Random-User-Test" source="/home/runner/work/DesafioQAItauRogerioJordao/DesafioQAItauRogerioJordao/RamdonUser/tests/random-user-test.robot">
<test id="s1-s1-t1" name="Conectar" line="13">
<kw name="Conectar API" owner="random-user-service">
<kw name="Create Session" owner="RequestsLibrary">
<msg time="2024-05-03T11:12:09.536438" level="INFO">Creating Session using : alias=consultarAPI, url=https://randomuser.me/, headers={},                     cookies={}, auth=None, timeout=None, proxies=None, verify=False,                     debug=0 </msg>
<arg>consultarAPI</arg>
<arg>${URL}</arg>
<doc>Create Session: create a HTTP session to a server</doc>
<status status="PASS" start="2024-05-03T11:12:09.536191" elapsed="0.000465"/>
</kw>
<status status="PASS" start="2024-05-03T11:12:09.535124" elapsed="0.001960"/>
</kw>
<status status="PASS" start="2024-05-03T11:12:09.534456" elapsed="0.002828"/>
</test>
<test id="s1-s1-t2" name="Validar retorno 200 e JSON Válido" line="16">
<kw name="Teste de Requisicao Basica" owner="random-user-service">
<kw name="GET On Session" owner="RequestsLibrary">
<msg time="2024-05-03T11:12:09.620295" level="INFO">GET Request : url=https://randomuser.me/api 
 path_url=/api 
 headers={'User-Agent': 'python-requests/2.31.0', 'Accept-Encoding': 'gzip, deflate', 'Accept': '*/*', 'Connection': 'keep-alive'} 
 body=None 
 </msg>
<msg time="2024-05-03T11:12:09.620462" level="INFO">GET Response : url=https://randomuser.me/api 
 status=200, reason=OK 
 headers={'Date': 'Fri, 03 May 2024 11:12:09 GMT', 'Content-Type': 'application/json; charset=utf-8', 'Transfer-Encoding': 'chunked', 'Connection': 'keep-alive', 'X-Powered-By': 'Express', 'Access-Control-Allow-Origin': '*', 'Cache-Control': 'no-cache', 'ETag': 'W/"472-DmjraFu24gMMEgTLX8y1sbSNOnI"', 'Vary': 'Accept-Encoding', 'Content-Encoding': 'gzip', 'CF-Cache-Status': 'DYNAMIC', 'Report-To': '{"endpoints":[{"url":"https:\\/\\/a.nel.cloudflare.com\\/report\\/v4?s=qez3U9sKSJCyX%2Fv4n%2BHy50XiTbOdUSIcL%2F2vsvrczR1lOqZZrj8smofhbCX14v%2F9UWNxuKHRIjRIrST%2F8jRt2ntfEPuWhXlXG2HXzk58rrtqRWAzd9GA%2F4qrWYSZz%2B9T"}],"group":"cf-nel","max_age":604800}', 'NEL': '{"success_fraction":0,"report_to":"cf-nel","max_age":604800}', 'Server': 'cloudflare', 'CF-RAY': '87dfd07bd81128e9-ORD', 'alt-svc': 'h3=":443"; ma=86400'} 
 body={"results":[{"gender":"female","name":{"title":"Ms","first":"Anaisha","last":"Almeida"},"location":{"street":{"number":659,"name":"Raviwar Peth"},"city":"Bhatpara","state":"Goa","country":"India","postcode":99216,"coordinates":{"latitude":"11.8425","longitude":"104.2099"},"timezone":{"offset":"-9:00","description":"Alaska"}},"email":"anaisha.almeida@example.com","login":{"uuid":"10d11c24-f721-476b-9214-e0c53583d2b9","username":"crazytiger151","password":"bacardi","salt":"EifCyTIi","md5":"88f53917b73c6c4b923b35939dcea963","sha1":"a6b4eb459e6ee2d400fab37f1c218230a84879ba","sha256":"ea44b906e4e2315df32dbabbd202b9a7ad9819cacaa0de8c22cbcf3b97193f33"},"dob":{"date":"1990-08-09T08:46:06.852Z","age":33},"registered":{"date":"2009-01-30T04:36:35.391Z","age":15},"phone":"7528175343","cell":"7435118300","id":{"name":"UIDAI","value":"072718391917"},"picture":{"large":"https://randomuser.me/api/portraits/women/21.jpg","medium":"https://randomuser.me/api/portraits/med/women/21.jpg","thumbnail":"https://randomuser.me/api/portraits/thumb/women/21.jpg"},"nat":"IN"}],"info":{"seed":"dba14cce0b45d480","results":1,"page":1,"version":"1.4"}} 
 </msg>
<msg time="2024-05-03T11:12:09.620553" level="INFO">/opt/hostedtoolcache/Python/3.12.3/x64/lib/python3.12/site-packages/urllib3/connectionpool.py:1103: InsecureRequestWarning: Unverified HTTPS request is being made to host 'randomuser.me'. Adding certificate verification is strongly advised. See: https://urllib3.readthedocs.io/en/latest/advanced-usage.html#tls-warnings
  warnings.warn(</msg>
<msg time="2024-05-03T11:12:09.620737" level="INFO">${response} = &lt;Response [200]&gt;</msg>
<var>${response}</var>
<arg>consultarAPI</arg>
<arg>/api</arg>
<doc>Sends a GET request on a previously created HTTP Session.</doc>
<status status="PASS" start="2024-05-03T11:12:09.540282" elapsed="0.080498"/>
</kw>
<kw name="Should Be Equal As Numbers" owner="BuiltIn">
<msg time="2024-05-03T11:12:09.621851" level="INFO">Argument types are:
&lt;class 'int'&gt;
&lt;class 'str'&gt;</msg>
<arg>${response.status_code}</arg>
<arg>200</arg>
<doc>Fails if objects are unequal after converting them to real numbers.</doc>
<status status="PASS" start="2024-05-03T11:12:09.621369" elapsed="0.000554"/>
</kw>
<kw name="Log" owner="BuiltIn">
<msg time="2024-05-03T11:12:09.622706" level="INFO">200</msg>
<arg>${response.status_code}</arg>
<doc>Logs the given message with the given level.</doc>
<status status="PASS" start="2024-05-03T11:12:09.622293" elapsed="0.000456"/>
</kw>
<kw name="Set Variable" owner="BuiltIn">
<msg time="2024-05-03T11:12:09.623518" level="INFO">${json_data} = {'results': [{'gender': 'female', 'name': {'title': 'Ms', 'first': 'Anaisha', 'last': 'Almeida'}, 'location': {'street': {'number': 659, 'name': 'Raviwar Peth'}, 'city': 'Bhatpara', 'state': 'Goa', 'c...</msg>
<var>${json_data}</var>
<arg>${response.json()}</arg>
<doc>Returns the given values which can then be assigned to a variables.</doc>
<status status="PASS" start="2024-05-03T11:12:09.623067" elapsed="0.000479"/>
</kw>
<kw name="Dictionary Should Contain Key" owner="Collections">
<msg time="2024-05-03T11:12:09.624047" level="INFO">False</msg>
<arg>${json_data}</arg>
<arg>results</arg>
<doc>Fails if ``key`` is not found from ``dictionary``.</doc>
<status status="PASS" start="2024-05-03T11:12:09.623853" elapsed="0.000237"/>
</kw>
<status status="PASS" start="2024-05-03T11:12:09.539996" elapsed="0.084362"/>
</kw>
<doc>Testa se a API responde corretamente e retorna um objeto JSON válido.</doc>
<tag>testeRequisicaoBasica</tag>
<status status="PASS" start="2024-05-03T11:12:09.539338" elapsed="0.085212"/>
</test>
<test id="s1-s1-t3" name="Validar estrutura de resposta" line="22">
<kw name="Teste de Estrutura de Resposta" owner="random-user-service">
<kw name="GET On Session" owner="RequestsLibrary">
<msg time="2024-05-03T11:12:09.716496" level="INFO">GET Request : url=https://randomuser.me/api 
 path_url=/api 
 headers={'User-Agent': 'python-requests/2.31.0', 'Accept-Encoding': 'gzip, deflate', 'Accept': '*/*', 'Connection': 'keep-alive'} 
 body=None 
 </msg>
<msg time="2024-05-03T11:12:09.716603" level="INFO">GET Response : url=https://randomuser.me/api 
 status=200, reason=OK 
 headers={'Date': 'Fri, 03 May 2024 11:12:09 GMT', 'Content-Type': 'application/json; charset=utf-8', 'Transfer-Encoding': 'chunked', 'Connection': 'keep-alive', 'X-Powered-By': 'Express', 'Access-Control-Allow-Origin': '*', 'Cache-Control': 'no-cache', 'ETag': 'W/"495-Mr0Z1V8HzhT49bPZmYG6NyyofdI"', 'Vary': 'Accept-Encoding', 'Content-Encoding': 'gzip', 'CF-Cache-Status': 'DYNAMIC', 'Report-To': '{"endpoints":[{"url":"https:\\/\\/a.nel.cloudflare.com\\/report\\/v4?s=%2FHNdH%2FCSb6B1PTsY7J0Tni2dAaAlugqTDTchtSIOPEeiSVBBhNFoIXf4Gq3gEfmFRp8WHTImBfY8Bn9GJ5QBDYmnGP00QgOT%2BPtJTeHSeyK%2FJZ3djbIwsWJWH1OHbwuk"}],"group":"cf-nel","max_age":604800}', 'NEL': '{"success_fraction":0,"report_to":"cf-nel","max_age":604800}', 'Server': 'cloudflare', 'CF-RAY': '87dfd07c384828e9-ORD', 'alt-svc': 'h3=":443"; ma=86400'} 
 body={"results":[{"gender":"male","name":{"title":"Monsieur","first":"Nicola","last":"Lefebvre"},"location":{"street":{"number":7573,"name":"Rue des Abbesses"},"city":"Volken","state":"Uri","country":"Switzerland","postcode":7984,"coordinates":{"latitude":"-59.6308","longitude":"-27.8741"},"timezone":{"offset":"+6:00","description":"Almaty, Dhaka, Colombo"}},"email":"nicola.lefebvre@example.com","login":{"uuid":"b8ccbeda-62c9-4c41-8533-5c3cce6fc9d2","username":"brownelephant388","password":"eastside","salt":"ylWJWtfF","md5":"7e721f4cb7d91a20c8b6f31ecfeda600","sha1":"c2d5c603abac450f06ea284add3a3ad599070009","sha256":"bd913df71dfded2fef29569c0ec254842f2aa528edb2cd18a0c572c16af4619c"},"dob":{"date":"1990-08-05T06:33:30.024Z","age":33},"registered":{"date":"2006-05-28T06:33:17.077Z","age":17},"phone":"079 397 58 15","cell":"078 248 79 25","id":{"name":"AVS","value":"756.9807.6079.06"},"picture":{"large":"https://randomuser.me/api/portraits/men/80.jpg","medium":"https://randomuser.me/api/portraits/med/men/80.jpg","thumbnail":"https://randomuser.me/api/portraits/thumb/men/80.jpg"},"nat":"CH"}],"info":{"seed":"15c55c8279c2add6","results":1,"page":1,"version":"1.4"}} 
 </msg>
<msg time="2024-05-03T11:12:09.716741" level="INFO">/opt/hostedtoolcache/Python/3.12.3/x64/lib/python3.12/site-packages/urllib3/connectionpool.py:1103: InsecureRequestWarning: Unverified HTTPS request is being made to host 'randomuser.me'. Adding certificate verification is strongly advised. See: https://urllib3.readthedocs.io/en/latest/advanced-usage.html#tls-warnings
  warnings.warn(</msg>
<msg time="2024-05-03T11:12:09.716898" level="INFO">${response} = &lt;Response [200]&gt;</msg>
<var>${response}</var>
<arg>consultarAPI</arg>
<arg>/api</arg>
<doc>Sends a GET request on a previously created HTTP Session.</doc>
<status status="PASS" start="2024-05-03T11:12:09.627406" elapsed="0.089535"/>
</kw>
<kw name="Set Variable" owner="BuiltIn">
<msg time="2024-05-03T11:12:09.717994" level="INFO">${json_data} = {'results': [{'gender': 'male', 'name': {'title': 'Monsieur', 'first': 'Nicola', 'last': 'Lefebvre'}, 'location': {'street': {'number': 7573, 'name': 'Rue des Abbesses'}, 'city': 'Volken', 'state': 'U...</msg>
<var>${json_data}</var>
<arg>${response.json()}</arg>
<doc>Returns the given values which can then be assigned to a variables.</doc>
<status status="PASS" start="2024-05-03T11:12:09.717460" elapsed="0.000564"/>
</kw>
<kw name="Log" owner="BuiltIn">
<msg time="2024-05-03T11:12:09.718563" level="INFO">{'results': [{'gender': 'male', 'name': {'title': 'Monsieur', 'first': 'Nicola', 'last': 'Lefebvre'}, 'location': {'street': {'number': 7573, 'name': 'Rue des Abbesses'}, 'city': 'Volken', 'state': 'Uri', 'country': 'Switzerland', 'postcode': 7984, 'coordinates': {'latitude': '-59.6308', 'longitude': '-27.8741'}, 'timezone': {'offset': '+6:00', 'description': 'Almaty, Dhaka, Colombo'}}, 'email': 'nicola.lefebvre@example.com', 'login': {'uuid': 'b8ccbeda-62c9-4c41-8533-5c3cce6fc9d2', 'username': 'brownelephant388', 'password': 'eastside', 'salt': 'ylWJWtfF', 'md5': '7e721f4cb7d91a20c8b6f31ecfeda600', 'sha1': 'c2d5c603abac450f06ea284add3a3ad599070009', 'sha256': 'bd913df71dfded2fef29569c0ec254842f2aa528edb2cd18a0c572c16af4619c'}, 'dob': {'date': '1990-08-05T06:33:30.024Z', 'age': 33}, 'registered': {'date': '2006-05-28T06:33:17.077Z', 'age': 17}, 'phone': '079 397 58 15', 'cell': '078 248 79 25', 'id': {'name': 'AVS', 'value': '756.9807.6079.06'}, 'picture': {'large': 'https://randomuser.me/api/portraits/men/80.jpg', 'medium': 'https://randomuser.me/api/portraits/med/men/80.jpg', 'thumbnail': 'https://randomuser.me/api/portraits/thumb/men/80.jpg'}, 'nat': 'CH'}], 'info': {'seed': '15c55c8279c2add6', 'results': 1, 'page': 1, 'version': '1.4'}}</msg>
<arg>${json_data}</arg>
<doc>Logs the given message with the given level.</doc>
<status status="PASS" start="2024-05-03T11:12:09.718392" elapsed="0.000220"/>
</kw>
<kw name="Dictionary Should Contain Key" owner="Collections">
<msg time="2024-05-03T11:12:09.719090" level="INFO">False</msg>
<arg>${json_data}</arg>
<arg>results</arg>
<doc>Fails if ``key`` is not found from ``dictionary``.</doc>
<status status="PASS" start="2024-05-03T11:12:09.718920" elapsed="0.000208"/>
</kw>
<kw name="Should Not Be Empty" owner="BuiltIn">
<msg time="2024-05-03T11:12:09.719556" level="INFO">Length is 2.</msg>
<arg>${json_data}</arg>
<doc>Verifies that the given item is not empty.</doc>
<status status="PASS" start="2024-05-03T11:12:09.719425" elapsed="0.000350"/>
</kw>
<kw name="Create List" owner="BuiltIn">
<msg time="2024-05-03T11:12:09.720261" level="INFO">${expected_keys} = ['gender', 'name', 'location', 'email', 'login']</msg>
<var>${expected_keys}</var>
<arg>gender</arg>
<arg>name</arg>
<arg>location</arg>
<arg>email</arg>
<arg>login</arg>
<doc>Returns a list containing given items.</doc>
<status status="PASS" start="2024-05-03T11:12:09.720097" elapsed="0.000190"/>
</kw>
<for flavor="IN">
<iter>
<kw name="Dictionary Should Contain Key" owner="Collections">
<msg time="2024-05-03T11:12:09.721330" level="INFO">False</msg>
<arg>${json_data['results'][0]}</arg>
<arg>${key}</arg>
<doc>Fails if ``key`` is not found from ``dictionary``.</doc>
<status status="PASS" start="2024-05-03T11:12:09.720902" elapsed="0.000468"/>
</kw>
<kw name="Log" owner="BuiltIn">
<msg time="2024-05-03T11:12:09.722051" level="INFO">{'gender': 'male', 'name': {'title': 'Monsieur', 'first': 'Nicola', 'last': 'Lefebvre'}, 'location': {'street': {'number': 7573, 'name': 'Rue des Abbesses'}, 'city': 'Volken', 'state': 'Uri', 'country': 'Switzerland', 'postcode': 7984, 'coordinates': {'latitude': '-59.6308', 'longitude': '-27.8741'}, 'timezone': {'offset': '+6:00', 'description': 'Almaty, Dhaka, Colombo'}}, 'email': 'nicola.lefebvre@example.com', 'login': {'uuid': 'b8ccbeda-62c9-4c41-8533-5c3cce6fc9d2', 'username': 'brownelephant388', 'password': 'eastside', 'salt': 'ylWJWtfF', 'md5': '7e721f4cb7d91a20c8b6f31ecfeda600', 'sha1': 'c2d5c603abac450f06ea284add3a3ad599070009', 'sha256': 'bd913df71dfded2fef29569c0ec254842f2aa528edb2cd18a0c572c16af4619c'}, 'dob': {'date': '1990-08-05T06:33:30.024Z', 'age': 33}, 'registered': {'date': '2006-05-28T06:33:17.077Z', 'age': 17}, 'phone': '079 397 58 15', 'cell': '078 248 79 25', 'id': {'name': 'AVS', 'value': '756.9807.6079.06'}, 'picture': {'large': 'https://randomuser.me/api/portraits/men/80.jpg', 'medium': 'https://randomuser.me/api/portraits/med/men/80.jpg', 'thumbnail': 'https://randomuser.me/api/portraits/thumb/men/80.jpg'}, 'nat': 'CH'}</msg>
<arg>${json_data['results'][0]}</arg>
<doc>Logs the given message with the given level.</doc>
<status status="PASS" start="2024-05-03T11:12:09.721677" elapsed="0.000422"/>
</kw>
<kw name="Log" owner="BuiltIn">
<msg time="2024-05-03T11:12:09.722570" level="INFO">gender</msg>
<arg>${key}</arg>
<doc>Logs the given message with the given level.</doc>
<status status="PASS" start="2024-05-03T11:12:09.722440" elapsed="0.000168"/>
</kw>
<var name="${key}">gender</var>
<status status="PASS" start="2024-05-03T11:12:09.720769" elapsed="0.002065"/>
</iter>
<iter>
<kw name="Dictionary Should Contain Key" owner="Collections">
<msg time="2024-05-03T11:12:09.723534" level="INFO">False</msg>
<arg>${json_data['results'][0]}</arg>
<arg>${key}</arg>
<doc>Fails if ``key`` is not found from ``dictionary``.</doc>
<status status="PASS" start="2024-05-03T11:12:09.723149" elapsed="0.000424"/>
</kw>
<kw name="Log" owner="BuiltIn">
<msg time="2024-05-03T11:12:09.724278" level="INFO">{'gender': 'male', 'name': {'title': 'Monsieur', 'first': 'Nicola', 'last': 'Lefebvre'}, 'location': {'street': {'number': 7573, 'name': 'Rue des Abbesses'}, 'city': 'Volken', 'state': 'Uri', 'country': 'Switzerland', 'postcode': 7984, 'coordinates': {'latitude': '-59.6308', 'longitude': '-27.8741'}, 'timezone': {'offset': '+6:00', 'description': 'Almaty, Dhaka, Colombo'}}, 'email': 'nicola.lefebvre@example.com', 'login': {'uuid': 'b8ccbeda-62c9-4c41-8533-5c3cce6fc9d2', 'username': 'brownelephant388', 'password': 'eastside', 'salt': 'ylWJWtfF', 'md5': '7e721f4cb7d91a20c8b6f31ecfeda600', 'sha1': 'c2d5c603abac450f06ea284add3a3ad599070009', 'sha256': 'bd913df71dfded2fef29569c0ec254842f2aa528edb2cd18a0c572c16af4619c'}, 'dob': {'date': '1990-08-05T06:33:30.024Z', 'age': 33}, 'registered': {'date': '2006-05-28T06:33:17.077Z', 'age': 17}, 'phone': '079 397 58 15', 'cell': '078 248 79 25', 'id': {'name': 'AVS', 'value': '756.9807.6079.06'}, 'picture': {'large': 'https://randomuser.me/api/portraits/men/80.jpg', 'medium': 'https://randomuser.me/api/portraits/med/men/80.jpg', 'thumbnail': 'https://randomuser.me/api/portraits/thumb/men/80.jpg'}, 'nat': 'CH'}</msg>
<arg>${json_data['results'][0]}</arg>
<doc>Logs the given message with the given level.</doc>
<status status="PASS" start="2024-05-03T11:12:09.723904" elapsed="0.000422"/>
</kw>
<kw name="Log" owner="BuiltIn">
<msg time="2024-05-03T11:12:09.724760" level="INFO">name</msg>
<arg>${key}</arg>
<doc>Logs the given message with the given level.</doc>
<status status="PASS" start="2024-05-03T11:12:09.724631" elapsed="0.000167"/>
</kw>
<var name="${key}">name</var>
<status status="PASS" start="2024-05-03T11:12:09.723030" elapsed="0.001984"/>
</iter>
<iter>
<kw name="Dictionary Should Contain Key" owner="Collections">
<msg time="2024-05-03T11:12:09.725711" level="INFO">False</msg>
<arg>${json_data['results'][0]}</arg>
<arg>${key}</arg>
<doc>Fails if ``key`` is not found from ``dictionary``.</doc>
<status status="PASS" start="2024-05-03T11:12:09.725314" elapsed="0.000436"/>
</kw>
<kw name="Log" owner="BuiltIn">
<msg time="2024-05-03T11:12:09.726457" level="INFO">{'gender': 'male', 'name': {'title': 'Monsieur', 'first': 'Nicola', 'last': 'Lefebvre'}, 'location': {'street': {'number': 7573, 'name': 'Rue des Abbesses'}, 'city': 'Volken', 'state': 'Uri', 'country': 'Switzerland', 'postcode': 7984, 'coordinates': {'latitude': '-59.6308', 'longitude': '-27.8741'}, 'timezone': {'offset': '+6:00', 'description': 'Almaty, Dhaka, Colombo'}}, 'email': 'nicola.lefebvre@example.com', 'login': {'uuid': 'b8ccbeda-62c9-4c41-8533-5c3cce6fc9d2', 'username': 'brownelephant388', 'password': 'eastside', 'salt': 'ylWJWtfF', 'md5': '7e721f4cb7d91a20c8b6f31ecfeda600', 'sha1': 'c2d5c603abac450f06ea284add3a3ad599070009', 'sha256': 'bd913df71dfded2fef29569c0ec254842f2aa528edb2cd18a0c572c16af4619c'}, 'dob': {'date': '1990-08-05T06:33:30.024Z', 'age': 33}, 'registered': {'date': '2006-05-28T06:33:17.077Z', 'age': 17}, 'phone': '079 397 58 15', 'cell': '078 248 79 25', 'id': {'name': 'AVS', 'value': '756.9807.6079.06'}, 'picture': {'large': 'https://randomuser.me/api/portraits/men/80.jpg', 'medium': 'https://randomuser.me/api/portraits/med/men/80.jpg', 'thumbnail': 'https://randomuser.me/api/portraits/thumb/men/80.jpg'}, 'nat': 'CH'}</msg>
<arg>${json_data['results'][0]}</arg>
<doc>Logs the given message with the given level.</doc>
<status status="PASS" start="2024-05-03T11:12:09.726050" elapsed="0.000456"/>
</kw>
<kw name="Log" owner="BuiltIn">
<msg time="2024-05-03T11:12:09.726938" level="INFO">location</msg>
<arg>${key}</arg>
<doc>Logs the given message with the given level.</doc>
<status status="PASS" start="2024-05-03T11:12:09.726810" elapsed="0.000166"/>
</kw>
<var name="${key}">location</var>
<status status="PASS" start="2024-05-03T11:12:09.725198" elapsed="0.001993"/>
</iter>
<iter>
<kw name="Dictionary Should Contain Key" owner="Collections">
<msg time="2024-05-03T11:12:09.727871" level="INFO">False</msg>
<arg>${json_data['results'][0]}</arg>
<arg>${key}</arg>
<doc>Fails if ``key`` is not found from ``dictionary``.</doc>
<status status="PASS" start="2024-05-03T11:12:09.727481" elapsed="0.000429"/>
</kw>
<kw name="Log" owner="BuiltIn">
<msg time="2024-05-03T11:12:09.728584" level="INFO">{'gender': 'male', 'name': {'title': 'Monsieur', 'first': 'Nicola', 'last': 'Lefebvre'}, 'location': {'street': {'number': 7573, 'name': 'Rue des Abbesses'}, 'city': 'Volken', 'state': 'Uri', 'country': 'Switzerland', 'postcode': 7984, 'coordinates': {'latitude': '-59.6308', 'longitude': '-27.8741'}, 'timezone': {'offset': '+6:00', 'description': 'Almaty, Dhaka, Colombo'}}, 'email': 'nicola.lefebvre@example.com', 'login': {'uuid': 'b8ccbeda-62c9-4c41-8533-5c3cce6fc9d2', 'username': 'brownelephant388', 'password': 'eastside', 'salt': 'ylWJWtfF', 'md5': '7e721f4cb7d91a20c8b6f31ecfeda600', 'sha1': 'c2d5c603abac450f06ea284add3a3ad599070009', 'sha256': 'bd913df71dfded2fef29569c0ec254842f2aa528edb2cd18a0c572c16af4619c'}, 'dob': {'date': '1990-08-05T06:33:30.024Z', 'age': 33}, 'registered': {'date': '2006-05-28T06:33:17.077Z', 'age': 17}, 'phone': '079 397 58 15', 'cell': '078 248 79 25', 'id': {'name': 'AVS', 'value': '756.9807.6079.06'}, 'picture': {'large': 'https://randomuser.me/api/portraits/men/80.jpg', 'medium': 'https://randomuser.me/api/portraits/med/men/80.jpg', 'thumbnail': 'https://randomuser.me/api/portraits/thumb/men/80.jpg'}, 'nat': 'CH'}</msg>
<arg>${json_data['results'][0]}</arg>
<doc>Logs the given message with the given level.</doc>
<status status="PASS" start="2024-05-03T11:12:09.728214" elapsed="0.000419"/>
</kw>
<kw name="Log" owner="BuiltIn">
<msg time="2024-05-03T11:12:09.729060" level="INFO">email</msg>
<arg>${key}</arg>
<doc>Logs the given message with the given level.</doc>
<status status="PASS" start="2024-05-03T11:12:09.728932" elapsed="0.000167"/>
</kw>
<var name="${key}">email</var>
<status status="PASS" start="2024-05-03T11:12:09.727368" elapsed="0.001949"/>
</iter>
<iter>
<kw name="Dictionary Should Contain Key" owner="Collections">
<msg time="2024-05-03T11:12:09.730001" level="INFO">False</msg>
<arg>${json_data['results'][0]}</arg>
<arg>${key}</arg>
<doc>Fails if ``key`` is not found from ``dictionary``.</doc>
<status status="PASS" start="2024-05-03T11:12:09.729607" elapsed="0.000432"/>
</kw>
<kw name="Log" owner="BuiltIn">
<msg time="2024-05-03T11:12:09.730729" level="INFO">{'gender': 'male', 'name': {'title': 'Monsieur', 'first': 'Nicola', 'last': 'Lefebvre'}, 'location': {'street': {'number': 7573, 'name': 'Rue des Abbesses'}, 'city': 'Volken', 'state': 'Uri', 'country': 'Switzerland', 'postcode': 7984, 'coordinates': {'latitude': '-59.6308', 'longitude': '-27.8741'}, 'timezone': {'offset': '+6:00', 'description': 'Almaty, Dhaka, Colombo'}}, 'email': 'nicola.lefebvre@example.com', 'login': {'uuid': 'b8ccbeda-62c9-4c41-8533-5c3cce6fc9d2', 'username': 'brownelephant388', 'password': 'eastside', 'salt': 'ylWJWtfF', 'md5': '7e721f4cb7d91a20c8b6f31ecfeda600', 'sha1': 'c2d5c603abac450f06ea284add3a3ad599070009', 'sha256': 'bd913df71dfded2fef29569c0ec254842f2aa528edb2cd18a0c572c16af4619c'}, 'dob': {'date': '1990-08-05T06:33:30.024Z', 'age': 33}, 'registered': {'date': '2006-05-28T06:33:17.077Z', 'age': 17}, 'phone': '079 397 58 15', 'cell': '078 248 79 25', 'id': {'name': 'AVS', 'value': '756.9807.6079.06'}, 'picture': {'large': 'https://randomuser.me/api/portraits/men/80.jpg', 'medium': 'https://randomuser.me/api/portraits/med/men/80.jpg', 'thumbnail': 'https://randomuser.me/api/portraits/thumb/men/80.jpg'}, 'nat': 'CH'}</msg>
<arg>${json_data['results'][0]}</arg>
<doc>Logs the given message with the given level.</doc>
<status status="PASS" start="2024-05-03T11:12:09.730358" elapsed="0.000421"/>
</kw>
<kw name="Log" owner="BuiltIn">
<msg time="2024-05-03T11:12:09.731207" level="INFO">login</msg>
<arg>${key}</arg>
<doc>Logs the given message with the given level.</doc>
<status status="PASS" start="2024-05-03T11:12:09.731078" elapsed="0.000168"/>
</kw>
<var name="${key}">login</var>
<status status="PASS" start="2024-05-03T11:12:09.729495" elapsed="0.001997"/>
</iter>
<var>${key}</var>
<value>@{expected_keys}</value>
<status status="PASS" start="2024-05-03T11:12:09.720561" elapsed="0.011059"/>
</for>
<kw name="Create List" owner="BuiltIn">
<msg time="2024-05-03T11:12:09.731965" level="INFO">${expected_keysTwo} = ['username', 'password']</msg>
<var>${expected_keysTwo}</var>
<arg>username</arg>
<arg>password</arg>
<doc>Returns a list containing given items.</doc>
<status status="PASS" start="2024-05-03T11:12:09.731824" elapsed="0.000166"/>
</kw>
<for flavor="IN">
<iter>
<kw name="Dictionary Should Contain Key" owner="Collections">
<msg time="2024-05-03T11:12:09.732908" level="INFO">False</msg>
<arg>${json_data['results'][0]['login']}</arg>
<arg>${keyTwo}</arg>
<doc>Fails if ``key`` is not found from ``dictionary``.</doc>
<status status="PASS" start="2024-05-03T11:12:09.732509" elapsed="0.000437"/>
</kw>
<kw name="Dictionary Should Contain Key" owner="Collections">
<msg time="2024-05-03T11:12:09.733627" level="INFO">False</msg>
<arg>${json_data['results'][0]['login']}</arg>
<arg>${keyTwo}</arg>
<doc>Fails if ``key`` is not found from ``dictionary``.</doc>
<status status="PASS" start="2024-05-03T11:12:09.733244" elapsed="0.000421"/>
</kw>
<kw name="Log" owner="BuiltIn">
<msg time="2024-05-03T11:12:09.734092" level="INFO">username</msg>
<arg>${keyTwo}</arg>
<doc>Logs the given message with the given level.</doc>
<status status="PASS" start="2024-05-03T11:12:09.733963" elapsed="0.000171"/>
</kw>
<var name="${keyTwo}">username</var>
<status status="PASS" start="2024-05-03T11:12:09.732396" elapsed="0.001974"/>
</iter>
<iter>
<kw name="Dictionary Should Contain Key" owner="Collections">
<msg time="2024-05-03T11:12:09.735141" level="INFO">False</msg>
<arg>${json_data['results'][0]['login']}</arg>
<arg>${keyTwo}</arg>
<doc>Fails if ``key`` is not found from ``dictionary``.</doc>
<status status="PASS" start="2024-05-03T11:12:09.734657" elapsed="0.000524"/>
</kw>
<kw name="Dictionary Should Contain Key" owner="Collections">
<msg time="2024-05-03T11:12:09.735868" level="INFO">False</msg>
<arg>${json_data['results'][0]['login']}</arg>
<arg>${keyTwo}</arg>
<doc>Fails if ``key`` is not found from ``dictionary``.</doc>
<status status="PASS" start="2024-05-03T11:12:09.735485" elapsed="0.000421"/>
</kw>
<kw name="Log" owner="BuiltIn">
<msg time="2024-05-03T11:12:09.736334" level="INFO">password</msg>
<arg>${keyTwo}</arg>
<doc>Logs the given message with the given level.</doc>
<status status="PASS" start="2024-05-03T11:12:09.736204" elapsed="0.000168"/>
</kw>
<var name="${keyTwo}">password</var>
<status status="PASS" start="2024-05-03T11:12:09.734545" elapsed="0.002043"/>
</iter>
<var>${keyTwo}</var>
<value>@{expected_keysTwo}</value>
<status status="PASS" start="2024-05-03T11:12:09.732231" elapsed="0.004479"/>
</for>
<status status="PASS" start="2024-05-03T11:12:09.627155" elapsed="0.109705"/>
</kw>
<doc>Testa a estrutura da resposta da API.</doc>
<tag>testeEstruturaResposta</tag>
<status status="PASS" start="2024-05-03T11:12:09.626473" elapsed="0.110551"/>
</test>
<test id="s1-s1-t4" name="Validar tipos de dados" line="28">
<kw name="Teste de Tipos de Dados" owner="random-user-service">
<kw name="GET On Session" owner="RequestsLibrary">
<msg time="2024-05-03T11:12:09.831185" level="INFO">GET Request : url=https://randomuser.me/api 
 path_url=/api 
 headers={'User-Agent': 'python-requests/2.31.0', 'Accept-Encoding': 'gzip, deflate', 'Accept': '*/*', 'Connection': 'keep-alive'} 
 body=None 
 </msg>
<msg time="2024-05-03T11:12:09.831299" level="INFO">GET Response : url=https://randomuser.me/api 
 status=200, reason=OK 
 headers={'Date': 'Fri, 03 May 2024 11:12:09 GMT', 'Content-Type': 'application/json; charset=utf-8', 'Transfer-Encoding': 'chunked', 'Connection': 'keep-alive', 'X-Powered-By': 'Express', 'Access-Control-Allow-Origin': '*', 'Cache-Control': 'no-cache', 'ETag': 'W/"497-aFLbII9qoXak63BZW5n7jyY5J6A"', 'Vary': 'Accept-Encoding', 'Content-Encoding': 'gzip', 'CF-Cache-Status': 'DYNAMIC', 'Report-To': '{"endpoints":[{"url":"https:\\/\\/a.nel.cloudflare.com\\/report\\/v4?s=dff4RhImXFPwfH1ZavcDAtHacqc%2BE4naBFqGFl00zETYr%2FL5%2BCHuFrHcRd5sIBfKskHCnOWhz9vNJROibg1kk4sID3pXbVPMqXrBKALZR9hg1H3vc2WpwJczTkAAwE%2FI"}],"group":"cf-nel","max_age":604800}', 'NEL': '{"success_fraction":0,"report_to":"cf-nel","max_age":604800}', 'Server': 'cloudflare', 'CF-RAY': '87dfd07ce8de28e9-ORD', 'alt-svc': 'h3=":443"; ma=86400'} 
 body={"results":[{"gender":"female","name":{"title":"Miss","first":"Eden","last":"Guillaume"},"location":{"street":{"number":5437,"name":"Avenue du Fort-Caire"},"city":"Nanterre","state":"Alpes-Maritimes","country":"France","postcode":68408,"coordinates":{"latitude":"-19.7351","longitude":"175.5639"},"timezone":{"offset":"+5:45","description":"Kathmandu"}},"email":"eden.guillaume@example.com","login":{"uuid":"462c8190-a065-4b5c-b7cc-e8a8fc9e5217","username":"smallswan582","password":"robocop","salt":"czuTuXBE","md5":"343639e7c539ee283ce596bb8c68c51d","sha1":"3f02b7a519815b8f7c3f8eb227d16be53825cae6","sha256":"44e1d6bd2fa0b2cfea2a69cf955f073e16916df55b13a837c199473f68581621"},"dob":{"date":"1982-05-26T09:04:53.537Z","age":41},"registered":{"date":"2012-10-03T11:21:08.558Z","age":11},"phone":"04-69-31-04-94","cell":"06-52-46-69-28","id":{"name":"INSEE","value":"2820458783376 02"},"picture":{"large":"https://randomuser.me/api/portraits/women/91.jpg","medium":"https://randomuser.me/api/portraits/med/women/91.jpg","thumbnail":"https://randomuser.me/api/portraits/thumb/women/91.jpg"},"nat":"FR"}],"info":{"seed":"e2232ffbdcdfaf0b","results":1,"page":1,"version":"1.4"}} 
 </msg>
<msg time="2024-05-03T11:12:09.831387" level="INFO">/opt/hostedtoolcache/Python/3.12.3/x64/lib/python3.12/site-packages/urllib3/connectionpool.py:1103: InsecureRequestWarning: Unverified HTTPS request is being made to host 'randomuser.me'. Adding certificate verification is strongly advised. See: https://urllib3.readthedocs.io/en/latest/advanced-usage.html#tls-warnings
  warnings.warn(</msg>
<msg time="2024-05-03T11:12:09.831542" level="INFO">${response} = &lt;Response [200]&gt;</msg>
<var>${response}</var>
<arg>consultarAPI</arg>
<arg>/api</arg>
<doc>Sends a GET request on a previously created HTTP Session.</doc>
<status status="PASS" start="2024-05-03T11:12:09.739696" elapsed="0.091888"/>
</kw>
<kw name="Set Variable" owner="BuiltIn">
<msg time="2024-05-03T11:12:09.832760" level="INFO">${json_data} = {'results': [{'gender': 'female', 'name': {'title': 'Miss', 'first': 'Eden', 'last': 'Guillaume'}, 'location': {'street': {'number': 5437, 'name': 'Avenue du Fort-Caire'}, 'city': 'Nanterre', 'state':...</msg>
<var>${json_data}</var>
<arg>${response.json()}</arg>
<doc>Returns the given values which can then be assigned to a variables.</doc>
<status status="PASS" start="2024-05-03T11:12:09.832194" elapsed="0.000597"/>
</kw>
<kw name="Log" owner="BuiltIn">
<msg time="2024-05-03T11:12:09.833359" level="INFO">{'results': [{'gender': 'female', 'name': {'title': 'Miss', 'first': 'Eden', 'last': 'Guillaume'}, 'location': {'street': {'number': 5437, 'name': 'Avenue du Fort-Caire'}, 'city': 'Nanterre', 'state': 'Alpes-Maritimes', 'country': 'France', 'postcode': 68408, 'coordinates': {'latitude': '-19.7351', 'longitude': '175.5639'}, 'timezone': {'offset': '+5:45', 'description': 'Kathmandu'}}, 'email': 'eden.guillaume@example.com', 'login': {'uuid': '462c8190-a065-4b5c-b7cc-e8a8fc9e5217', 'username': 'smallswan582', 'password': 'robocop', 'salt': 'czuTuXBE', 'md5': '343639e7c539ee283ce596bb8c68c51d', 'sha1': '3f02b7a519815b8f7c3f8eb227d16be53825cae6', 'sha256': '44e1d6bd2fa0b2cfea2a69cf955f073e16916df55b13a837c199473f68581621'}, 'dob': {'date': '1982-05-26T09:04:53.537Z', 'age': 41}, 'registered': {'date': '2012-10-03T11:21:08.558Z', 'age': 11}, 'phone': '04-69-31-04-94', 'cell': '06-52-46-69-28', 'id': {'name': 'INSEE', 'value': '2820458783376 02'}, 'picture': {'large': 'https://randomuser.me/api/portraits/women/91.jpg', 'medium': 'https://randomuser.me/api/portraits/med/women/91.jpg', 'thumbnail': 'https://randomuser.me/api/portraits/thumb/women/91.jpg'}, 'nat': 'FR'}], 'info': {'seed': 'e2232ffbdcdfaf0b', 'results': 1, 'page': 1, 'version': '1.4'}}</msg>
<arg>${json_data}</arg>
<doc>Logs the given message with the given level.</doc>
<status status="PASS" start="2024-05-03T11:12:09.833174" elapsed="0.000277"/>
</kw>
<kw name="Should Be String" owner="String">
<arg>${json_data['results'][0]['gender']}</arg>
<doc>Fails if the given ``item`` is not a string.</doc>
<status status="PASS" start="2024-05-03T11:12:09.833792" elapsed="0.000405"/>
</kw>
<kw name="Should Match Regexp" owner="BuiltIn">
<arg>${json_data['results'][0]['email']}</arg>
<arg>^[a-zA-Z0-9._%+-]+@[a-zA-Z0-9.-]+\.[a-zA-Z]{2,}$</arg>
<doc>Fails if ``string`` does not match ``pattern`` as a regular expression.</doc>
<status status="PASS" start="2024-05-03T11:12:09.834462" elapsed="0.000549"/>
</kw>
<kw name="Should Match Regexp" owner="BuiltIn">
<arg>${json_data['results'][0]['dob']['date']}</arg>
<arg>\\d{4}-\\d{2}-\\d{2}T\\d{2}:\\d{2}:\\d{2}\\.\\d{3}Z</arg>
<doc>Fails if ``string`` does not match ``pattern`` as a regular expression.</doc>
<status status="PASS" start="2024-05-03T11:12:09.835216" elapsed="0.000519"/>
</kw>
<kw name="Should Match Regexp" owner="BuiltIn">
<arg>${json_data['results'][0]['registered']['date']}</arg>
<arg>\\d{4}-\\d{2}-\\d{2}T\\d{2}:\\d{2}:\\d{2}\\.\\d{3}Z</arg>
<doc>Fails if ``string`` does not match ``pattern`` as a regular expression.</doc>
<status status="PASS" start="2024-05-03T11:12:09.835934" elapsed="0.000378"/>
</kw>
<kw name="Should Match Regexp" owner="BuiltIn">
<arg>${json_data['results'][0]['picture']['large']}</arg>
<arg>^https?://.*\.(?:png|jpe?g|gif|bmp)$</arg>
<doc>Fails if ``string`` does not match ``pattern`` as a regular expression.</doc>
<status status="PASS" start="2024-05-03T11:12:09.836512" elapsed="0.000470"/>
</kw>
<kw name="Should Match Regexp" owner="BuiltIn">
<arg>${json_data['results'][0]['picture']['medium']}</arg>
<arg>^https?://.*\.(?:png|jpe?g|gif|bmp)$</arg>
<doc>Fails if ``string`` does not match ``pattern`` as a regular expression.</doc>
<status status="PASS" start="2024-05-03T11:12:09.837176" elapsed="0.000363"/>
</kw>
<kw name="Should Match Regexp" owner="BuiltIn">
<arg>${json_data['results'][0]['picture']['thumbnail']}</arg>
<arg>^https?://.*\.(?:png|jpe?g|gif|bmp)$</arg>
<doc>Fails if ``string`` does not match ``pattern`` as a regular expression.</doc>
<status status="PASS" start="2024-05-03T11:12:09.837732" elapsed="0.000355"/>
</kw>
<kw name="Log" owner="BuiltIn">
<msg time="2024-05-03T11:12:09.838640" level="INFO">{'large': 'https://randomuser.me/api/portraits/women/91.jpg', 'medium': 'https://randomuser.me/api/portraits/med/women/91.jpg', 'thumbnail': 'https://randomuser.me/api/portraits/thumb/women/91.jpg'}</msg>
<arg>${json_data['results'][0]['picture']}</arg>
<doc>Logs the given message with the given level.</doc>
<status status="PASS" start="2024-05-03T11:12:09.838272" elapsed="0.000411"/>
</kw>
<status status="PASS" start="2024-05-03T11:12:09.739445" elapsed="0.099511"/>
</kw>
<kw name="Teste de Tipos de Dados - Postcode" owner="random-user-service">
<kw name="GET On Session" owner="RequestsLibrary">
<msg time="2024-05-03T11:12:09.923988" level="INFO">GET Request : url=https://randomuser.me/api 
 path_url=/api 
 headers={'User-Agent': 'python-requests/2.31.0', 'Accept-Encoding': 'gzip, deflate', 'Accept': '*/*', 'Connection': 'keep-alive'} 
 body=None 
 </msg>
<msg time="2024-05-03T11:12:09.924094" level="INFO">GET Response : url=https://randomuser.me/api 
 status=200, reason=OK 
 headers={'Date': 'Fri, 03 May 2024 11:12:09 GMT', 'Content-Type': 'application/json; charset=utf-8', 'Transfer-Encoding': 'chunked', 'Connection': 'keep-alive', 'X-Powered-By': 'Express', 'Access-Control-Allow-Origin': '*', 'Cache-Control': 'no-cache', 'ETag': 'W/"49f-smvi+zsYfRWWEVZ2SLbO085hn0g"', 'Vary': 'Accept-Encoding', 'Content-Encoding': 'gzip', 'CF-Cache-Status': 'DYNAMIC', 'Report-To': '{"endpoints":[{"url":"https:\\/\\/a.nel.cloudflare.com\\/report\\/v4?s=fcjK2LP4%2FioF0R3p9Ln7DLPQW6ZnFccRbuh4if7uwIgyqp2%2Bej51bpkhsIIEy6NBZ%2FL0SAh87UxEtouu34UgeI3R0yqT0L7uGOaLq4bhhzn4Akwj4YRQL73fxDv5uA92"}],"group":"cf-nel","max_age":604800}', 'NEL': '{"success_fraction":0,"report_to":"cf-nel","max_age":604800}', 'Server': 'cloudflare', 'CF-RAY': '87dfd07d896d28e9-ORD', 'alt-svc': 'h3=":443"; ma=86400'} 
 body={"results":[{"gender":"female","name":{"title":"Ms","first":"Stefanija","last":"Selaković"},"location":{"street":{"number":1023,"name":"Ljube Rankovića"},"city":"Tutin","state":"Šumadija","country":"Serbia","postcode":39596,"coordinates":{"latitude":"61.1712","longitude":"78.2760"},"timezone":{"offset":"+1:00","description":"Brussels, Copenhagen, Madrid, Paris"}},"email":"stefanija.selakovic@example.com","login":{"uuid":"cab717de-54be-4fc0-8657-fc5ef71feaff","username":"heavywolf779","password":"football1","salt":"pT49XbWy","md5":"ceaf632256224991510459220a160aa1","sha1":"7f065112bac9d97fe7444fb4e637ba1a521f5a5e","sha256":"baf66666b3890ab5d9e8bfd64da6c11e02e229b9074f189bd17a0e57d8735f6f"},"dob":{"date":"1965-01-22T21:42:39.772Z","age":59},"registered":{"date":"2020-10-15T12:44:51.873Z","age":3},"phone":"021-9869-936","cell":"061-2851-942","id":{"name":"SID","value":"410846376"},"picture":{"large":"https://randomuser.me/api/portraits/women/94.jpg","medium":"https://randomuser.me/api/portraits/med/women/94.jpg","thumbnail":"https://randomuser.me/api/portraits/thumb/women/94.jpg"},"nat":"RS"}],"info":{"seed":"f6bd71e3d0c4dcda","results":1,"page":1,"version":"1.4"}} 
 </msg>
<msg time="2024-05-03T11:12:09.924171" level="INFO">/opt/hostedtoolcache/Python/3.12.3/x64/lib/python3.12/site-packages/urllib3/connectionpool.py:1103: InsecureRequestWarning: Unverified HTTPS request is being made to host 'randomuser.me'. Adding certificate verification is strongly advised. See: https://urllib3.readthedocs.io/en/latest/advanced-usage.html#tls-warnings
  warnings.warn(</msg>
<msg time="2024-05-03T11:12:09.924304" level="INFO">${response} = &lt;Response [200]&gt;</msg>
<var>${response}</var>
<arg>consultarAPI</arg>
<arg>/api</arg>
<doc>Sends a GET request on a previously created HTTP Session.</doc>
<status status="PASS" start="2024-05-03T11:12:09.839436" elapsed="0.084898"/>
</kw>
<kw name="Set Variable" owner="BuiltIn">
<msg time="2024-05-03T11:12:09.925541" level="INFO">${json_data} = {'results': [{'gender': 'female', 'name': {'title': 'Ms', 'first': 'Stefanija', 'last': 'Selaković'}, 'location': {'street': {'number': 1023, 'name': 'Ljube Rankovića'}, 'city': 'Tutin', 'state': 'Šum...</msg>
<var>${json_data}</var>
<arg>${response.json()}</arg>
<doc>Returns the given values which can then be assigned to a variables.</doc>
<status status="PASS" start="2024-05-03T11:12:09.924948" elapsed="0.000624"/>
</kw>
<kw name="Log" owner="BuiltIn">
<msg time="2024-05-03T11:12:09.926148" level="INFO">{'results': [{'gender': 'female', 'name': {'title': 'Ms', 'first': 'Stefanija', 'last': 'Selaković'}, 'location': {'street': {'number': 1023, 'name': 'Ljube Rankovića'}, 'city': 'Tutin', 'state': 'Šumadija', 'country': 'Serbia', 'postcode': 39596, 'coordinates': {'latitude': '61.1712', 'longitude': '78.2760'}, 'timezone': {'offset': '+1:00', 'description': 'Brussels, Copenhagen, Madrid, Paris'}}, 'email': 'stefanija.selakovic@example.com', 'login': {'uuid': 'cab717de-54be-4fc0-8657-fc5ef71feaff', 'username': 'heavywolf779', 'password': 'football1', 'salt': 'pT49XbWy', 'md5': 'ceaf632256224991510459220a160aa1', 'sha1': '7f065112bac9d97fe7444fb4e637ba1a521f5a5e', 'sha256': 'baf66666b3890ab5d9e8bfd64da6c11e02e229b9074f189bd17a0e57d8735f6f'}, 'dob': {'date': '1965-01-22T21:42:39.772Z', 'age': 59}, 'registered': {'date': '2020-10-15T12:44:51.873Z', 'age': 3}, 'phone': '021-9869-936', 'cell': '061-2851-942', 'id': {'name': 'SID', 'value': '410846376'}, 'picture': {'large': 'https://randomuser.me/api/portraits/women/94.jpg', 'medium': 'https://randomuser.me/api/portraits/med/women/94.jpg', 'thumbnail': 'https://randomuser.me/api/portraits/thumb/women/94.jpg'}, 'nat': 'RS'}], 'info': {'seed': 'f6bd71e3d0c4dcda', 'results': 1, 'page': 1, 'version': '1.4'}}</msg>
<arg>${json_data}</arg>
<doc>Logs the given message with the given level.</doc>
<status status="PASS" start="2024-05-03T11:12:09.925962" elapsed="0.000277"/>
</kw>
<kw name="Should Be Equal As Numbers" owner="BuiltIn">
<arg>${json_data['results'][0]['location']['postcode']}</arg>
<arg>${json_data['results'][0]['location']['postcode']}</arg>
<doc>Fails if objects are unequal after converting them to real numbers.</doc>
<status status="PASS" start="2024-05-03T11:12:09.926861" elapsed="0.000673"/>
</kw>
<kw name="Log" owner="BuiltIn">
<msg time="2024-05-03T11:12:09.928093" level="INFO">39596</msg>
<arg>${json_data['results'][0]['location']['postcode']}</arg>
<doc>Logs the given message with the given level.</doc>
<status status="PASS" start="2024-05-03T11:12:09.927743" elapsed="0.000392"/>
</kw>
<status status="PASS" start="2024-05-03T11:12:09.839196" elapsed="0.089213"/>
</kw>
<doc>Testa se os tipos de dados na resposta da API estão corretos.</doc>
<tag>testeTiposDados</tag>
<status status="PASS" start="2024-05-03T11:12:09.738849" elapsed="0.189742"/>
</test>
<test id="s1-s1-t5" name="Validar conteudo" line="35">
<kw name="Teste de Tipos de Conteudo" owner="random-user-service">
<kw name="GET On Session" owner="RequestsLibrary">
<msg time="2024-05-03T11:12:10.025519" level="INFO">GET Request : url=https://randomuser.me/api 
 path_url=/api 
 headers={'User-Agent': 'python-requests/2.31.0', 'Accept-Encoding': 'gzip, deflate', 'Accept': '*/*', 'Connection': 'keep-alive'} 
 body=None 
 </msg>
<msg time="2024-05-03T11:12:10.025633" level="INFO">GET Response : url=https://randomuser.me/api 
 status=200, reason=OK 
 headers={'Date': 'Fri, 03 May 2024 11:12:10 GMT', 'Content-Type': 'application/json; charset=utf-8', 'Transfer-Encoding': 'chunked', 'Connection': 'keep-alive', 'X-Powered-By': 'Express', 'Access-Control-Allow-Origin': '*', 'Cache-Control': 'no-cache', 'ETag': 'W/"490-8hED7/0L+bOdw25Hl4mc5PNetpA"', 'Vary': 'Accept-Encoding', 'Content-Encoding': 'gzip', 'CF-Cache-Status': 'DYNAMIC', 'Report-To': '{"endpoints":[{"url":"https:\\/\\/a.nel.cloudflare.com\\/report\\/v4?s=nY8ElQ%2Bstwpfz%2Bmzninz519lDPcpX%2FhBYHi8XV6Ye%2BOPpGF9BZA0KZ1sbTXEzIWb6Djr2%2BSGZaqdWcxVEf2EeH%2BZJr2GxJv2UbrDLXFROSASNM86EjsQJgFcLE9nc%2BMA"}],"group":"cf-nel","max_age":604800}', 'NEL': '{"success_fraction":0,"report_to":"cf-nel","max_age":604800}', 'Server': 'cloudflare', 'CF-RAY': '87dfd07e19d328e9-ORD', 'alt-svc': 'h3=":443"; ma=86400'} 
 body={"results":[{"gender":"male","name":{"title":"Mr","first":"Noah","last":"Reed"},"location":{"street":{"number":6753,"name":"W Gray St"},"city":"Cupertino","state":"West Virginia","country":"United States","postcode":13623,"coordinates":{"latitude":"88.9324","longitude":"-16.0033"},"timezone":{"offset":"+3:00","description":"Baghdad, Riyadh, Moscow, St. Petersburg"}},"email":"noah.reed@example.com","login":{"uuid":"bb8ae3f0-1372-4457-8c70-09b05c54859a","username":"lazybear150","password":"seinfeld","salt":"foBjrwEH","md5":"890d380908c767d3f885d90932825bd4","sha1":"eb7f7d9255ca37314dd001d0668d0b36f95acca0","sha256":"1c9a76434a0c8c97f925314f869e2406d36b6cfa49dc52303bba31a98d35c420"},"dob":{"date":"1979-07-10T10:55:55.716Z","age":44},"registered":{"date":"2016-11-02T12:52:58.091Z","age":7},"phone":"(473) 453-5695","cell":"(637) 811-4602","id":{"name":"SSN","value":"718-59-0137"},"picture":{"large":"https://randomuser.me/api/portraits/men/5.jpg","medium":"https://randomuser.me/api/portraits/med/men/5.jpg","thumbnail":"https://randomuser.me/api/portraits/thumb/men/5.jpg"},"nat":"US"}],"info":{"seed":"73db1b73ff0ad088","results":1,"page":1,"version":"1.4"}} 
 </msg>
<msg time="2024-05-03T11:12:10.025720" level="INFO">/opt/hostedtoolcache/Python/3.12.3/x64/lib/python3.12/site-packages/urllib3/connectionpool.py:1103: InsecureRequestWarning: Unverified HTTPS request is being made to host 'randomuser.me'. Adding certificate verification is strongly advised. See: https://urllib3.readthedocs.io/en/latest/advanced-usage.html#tls-warnings
  warnings.warn(</msg>
<msg time="2024-05-03T11:12:10.025850" level="INFO">${response} = &lt;Response [200]&gt;</msg>
<var>${response}</var>
<arg>consultarAPI</arg>
<arg>/api</arg>
<doc>Sends a GET request on a previously created HTTP Session.</doc>
<status status="PASS" start="2024-05-03T11:12:09.931201" elapsed="0.094676"/>
</kw>
<kw name="Set Variable" owner="BuiltIn">
<msg time="2024-05-03T11:12:10.026990" level="INFO">${json_data} = {'results': [{'gender': 'male', 'name': {'title': 'Mr', 'first': 'Noah', 'last': 'Reed'}, 'location': {'street': {'number': 6753, 'name': 'W Gray St'}, 'city': 'Cupertino', 'state': 'West Virginia', '...</msg>
<var>${json_data}</var>
<arg>${response.json()}</arg>
<doc>Returns the given values which can then be assigned to a variables.</doc>
<status status="PASS" start="2024-05-03T11:12:10.026470" elapsed="0.000548"/>
</kw>
<kw name="Set Variable" owner="BuiltIn">
<msg time="2024-05-03T11:12:10.027726" level="INFO">${name_title} = Mr</msg>
<var>${name_title}</var>
<arg>${json_data["results"][0]["name"]["title"]}</arg>
<doc>Returns the given values which can then be assigned to a variables.</doc>
<status status="PASS" start="2024-05-03T11:12:10.027328" elapsed="0.000423"/>
</kw>
<kw name="Create List" owner="BuiltIn">
<msg time="2024-05-03T11:12:10.028200" level="INFO">${allowed_titles} = ['Mr', 'Ms', 'Miss', 'Mrs', 'Madame', 'Monsieur']</msg>
<var>${allowed_titles}</var>
<arg>Mr</arg>
<arg>Ms</arg>
<arg>Miss</arg>
<arg>Mrs</arg>
<arg>Madame</arg>
<arg>Monsieur</arg>
<doc>Returns a list containing given items.</doc>
<status status="PASS" start="2024-05-03T11:12:10.028051" elapsed="0.000173"/>
</kw>
<kw name="List Should Contain Value" owner="Collections">
<msg time="2024-05-03T11:12:10.028699" level="INFO">False</msg>
<arg>${allowed_titles}</arg>
<arg>${name_title}</arg>
<doc>Fails if the ``value`` is not found from ``list``.</doc>
<status status="PASS" start="2024-05-03T11:12:10.028525" elapsed="0.000211"/>
</kw>
<kw name="Set Variable" owner="BuiltIn">
<msg time="2024-05-03T11:12:10.029404" level="INFO">${name_country} = US</msg>
<var>${name_country}</var>
<arg>${json_data["results"][0]["nat"]}</arg>
<doc>Returns the given values which can then be assigned to a variables.</doc>
<status status="PASS" start="2024-05-03T11:12:10.029030" elapsed="0.000399"/>
</kw>
<kw name="Create List" owner="BuiltIn">
<msg time="2024-05-03T11:12:10.030368" level="INFO">${list_country} = ['AD', 'AE', 'AF', 'AG', 'AI', 'AL', 'AM', 'AO', 'AQ', 'AR', 'AS', 'AT', 'AU', 'AW', 'AX', 'AZ', 'BA', 'BB', 'BD', 'BE', 'BF', 'BG', 'BH', 'BI', 'BJ', 'BL', 'BM', 'BN', 'BO', 'BQ', 'BR', 'BS', 'BT', '...</msg>
<var>${list_country}</var>
<arg>AD</arg>
<arg>AE</arg>
<arg>AF</arg>
<arg>AG</arg>
<arg>AI</arg>
<arg>AL</arg>
<arg>AM</arg>
<arg>AO</arg>
<arg>AQ</arg>
<arg>AR</arg>
<arg>AS</arg>
<arg>AT</arg>
<arg>AU</arg>
<arg>AW</arg>
<arg>AX</arg>
<arg>AZ</arg>
<arg>BA</arg>
<arg>BB</arg>
<arg>BD</arg>
<arg>BE</arg>
<arg>BF</arg>
<arg>BG</arg>
<arg>BH</arg>
<arg>BI</arg>
<arg>BJ</arg>
<arg>BL</arg>
<arg>BM</arg>
<arg>BN</arg>
<arg>BO</arg>
<arg>BQ</arg>
<arg>BR</arg>
<arg>BS</arg>
<arg>BT</arg>
<arg>BV</arg>
<arg>BW</arg>
<arg>BY</arg>
<arg>BZ</arg>
<arg>CA</arg>
<arg>CC</arg>
<arg>CD</arg>
<arg>CF</arg>
<arg>CG</arg>
<arg>CH</arg>
<arg>CI</arg>
<arg>CK</arg>
<arg>CL</arg>
<arg>CM</arg>
<arg>CN</arg>
<arg>CO</arg>
<arg>CR</arg>
<arg>CU</arg>
<arg>CV</arg>
<arg>CW</arg>
<arg>CX</arg>
<arg>CY</arg>
<arg>CZ</arg>
<arg>DE</arg>
<arg>DJ</arg>
<arg>DK</arg>
<arg>DM</arg>
<arg>DO</arg>
<arg>DZ</arg>
<arg>EC</arg>
<arg>EE</arg>
<arg>EG</arg>
<arg>EH</arg>
<arg>ER</arg>
<arg>ES</arg>
<arg>ET</arg>
<arg>FI</arg>
<arg>FJ</arg>
<arg>FK</arg>
<arg>FM</arg>
<arg>FO</arg>
<arg>FR</arg>
<arg>GA</arg>
<arg>GB</arg>
<arg>GD</arg>
<arg>GE</arg>
<arg>GF</arg>
<arg>GG</arg>
<arg>GH</arg>
<arg>GI</arg>
<arg>GL</arg>
<arg>GM</arg>
<arg>GN</arg>
<arg>GP</arg>
<arg>GQ</arg>
<arg>GR</arg>
<arg>GS</arg>
<arg>GT</arg>
<arg>GU</arg>
<arg>GW</arg>
<arg>GY</arg>
<arg>HK</arg>
<arg>HM</arg>
<arg>HN</arg>
<arg>HR</arg>
<arg>HT</arg>
<arg>HU</arg>
<arg>ID</arg>
<arg>IE</arg>
<arg>IL</arg>
<arg>IM</arg>
<arg>IN</arg>
<arg>IO</arg>
<arg>IQ</arg>
<arg>IR</arg>
<arg>IS</arg>
<arg>IT</arg>
<arg>JE</arg>
<arg>JM</arg>
<arg>JO</arg>
<arg>JP</arg>
<arg>KE</arg>
<arg>KG</arg>
<arg>KH</arg>
<arg>KI</arg>
<arg>KM</arg>
<arg>KN</arg>
<arg>KP</arg>
<arg>KR</arg>
<arg>KW</arg>
<arg>KY</arg>
<arg>KZ</arg>
<arg>LA</arg>
<arg>LB</arg>
<arg>LC</arg>
<arg>LI</arg>
<arg>LK</arg>
<arg>LR</arg>
<arg>LS</arg>
<arg>LT</arg>
<arg>LU</arg>
<arg>LV</arg>
<arg>LY</arg>
<arg>MA</arg>
<arg>MC</arg>
<arg>MD</arg>
<arg>ME</arg>
<arg>MF</arg>
<arg>MG</arg>
<arg>MH</arg>
<arg>MK</arg>
<arg>ML</arg>
<arg>MM</arg>
<arg>MN</arg>
<arg>MO</arg>
<arg>MP</arg>
<arg>MQ</arg>
<arg>MR</arg>
<arg>MS</arg>
<arg>MT</arg>
<arg>MU</arg>
<arg>MV</arg>
<arg>MW</arg>
<arg>MX</arg>
<arg>MY</arg>
<arg>MZ</arg>
<arg>NA</arg>
<arg>NC</arg>
<arg>NE</arg>
<arg>NF</arg>
<arg>NG</arg>
<arg>NI</arg>
<arg>NL</arg>
<arg>NO</arg>
<arg>NP</arg>
<arg>NR</arg>
<arg>NU</arg>
<arg>NZ</arg>
<arg>OM</arg>
<arg>PA</arg>
<arg>PE</arg>
<arg>PF</arg>
<arg>PG</arg>
<arg>PH</arg>
<arg>PK</arg>
<arg>PL</arg>
<arg>PM</arg>
<arg>PN</arg>
<arg>PR</arg>
<arg>PS</arg>
<arg>PT</arg>
<arg>PW</arg>
<arg>PY</arg>
<arg>QA</arg>
<arg>RE</arg>
<arg>RO</arg>
<arg>RS</arg>
<arg>RU</arg>
<arg>RW</arg>
<arg>SA</arg>
<arg>SB</arg>
<arg>SC</arg>
<arg>SD</arg>
<arg>SE</arg>
<arg>SG</arg>
<arg>SH</arg>
<arg>SI</arg>
<arg>SJ</arg>
<arg>SK</arg>
<arg>SL</arg>
<arg>SM</arg>
<arg>SN</arg>
<arg>SO</arg>
<arg>SR</arg>
<arg>SS</arg>
<arg>ST</arg>
<arg>SV</arg>
<arg>SX</arg>
<arg>SY</arg>
<arg>SZ</arg>
<arg>TC</arg>
<arg>TD</arg>
<arg>TF</arg>
<arg>TG</arg>
<arg>TH</arg>
<arg>TJ</arg>
<arg>TK</arg>
<arg>TL</arg>
<arg>TM</arg>
<arg>TN</arg>
<arg>TO</arg>
<arg>TR</arg>
<arg>TT</arg>
<arg>TV</arg>
<arg>TW</arg>
<arg>TZ</arg>
<arg>UA</arg>
<arg>UG</arg>
<arg>UM</arg>
<arg>US</arg>
<arg>UY</arg>
<arg>UZ</arg>
<arg>VA</arg>
<arg>VC</arg>
<arg>VE</arg>
<arg>VG</arg>
<arg>VI</arg>
<arg>VN</arg>
<arg>VU</arg>
<arg>WF</arg>
<arg>WS</arg>
<arg>XK</arg>
<arg>YE</arg>
<arg>YT</arg>
<arg>ZA</arg>
<arg>ZM</arg>
<arg>ZW</arg>
<doc>Returns a list containing given items.</doc>
<status status="PASS" start="2024-05-03T11:12:10.029730" elapsed="0.000666"/>
</kw>
<kw name="List Should Contain Value" owner="Collections">
<msg time="2024-05-03T11:12:10.031402" level="INFO">False</msg>
<arg>${list_country}</arg>
<arg>${name_country}</arg>
<doc>Fails if the ``value`` is not found from ``list``.</doc>
<status status="PASS" start="2024-05-03T11:12:10.031197" elapsed="0.000243"/>
</kw>
<kw name="Run Keyword If" owner="BuiltIn">
<kw name="Should Be True" owner="BuiltIn">
<arg>${True}</arg>
<doc>Fails if the given condition is not true.</doc>
<status status="PASS" start="2024-05-03T11:12:10.032530" elapsed="0.000266"/>
</kw>
<arg>${json_data["results"][0]["location"]["coordinates"]["latitude"]} &gt;= -90 and ${json_data["results"][0]["location"]["coordinates"]["latitude"]} &lt;= 90</arg>
<arg>Should Be True</arg>
<arg>${True}</arg>
<doc>Runs the given keyword with the given arguments, if ``condition`` is true.</doc>
<status status="PASS" start="2024-05-03T11:12:10.031755" elapsed="0.001177"/>
</kw>
<kw name="Run Keyword If" owner="BuiltIn">
<kw name="Should Be True" owner="BuiltIn">
<arg>${True}</arg>
<doc>Fails if the given condition is not true.</doc>
<status status="PASS" start="2024-05-03T11:12:10.033835" elapsed="0.000142"/>
</kw>
<arg>${json_data["results"][0]["location"]["coordinates"]["longitude"]} &gt;= -180 and ${json_data["results"][0]["location"]["coordinates"]["longitude"]} &lt;= 180</arg>
<arg>Should Be True</arg>
<arg>${True}</arg>
<doc>Runs the given keyword with the given arguments, if ``condition`` is true.</doc>
<status status="PASS" start="2024-05-03T11:12:10.033122" elapsed="0.000980"/>
</kw>
<status status="PASS" start="2024-05-03T11:12:09.930947" elapsed="0.103289"/>
</kw>
<doc>Testa o conteúdo específico dos campos retornados pela API.</doc>
<tag>testeConteudo</tag>
<status status="PASS" start="2024-05-03T11:12:09.930424" elapsed="0.104031"/>
</test>
<status status="PASS" start="2024-05-03T11:12:09.172351" elapsed="0.864154"/>
</suite>
<status status="PASS" start="2024-05-03T11:12:09.158411" elapsed="0.883406"/>
</suite>
<statistics>
<total>
<stat pass="5" fail="0" skip="0">All Tests</stat>
</total>
<tag>
<stat pass="1" fail="0" skip="0">testeConteudo</stat>
<stat pass="1" fail="0" skip="0">testeEstruturaResposta</stat>
<stat pass="1" fail="0" skip="0">testeRequisicaoBasica</stat>
<stat pass="1" fail="0" skip="0">testeTiposDados</stat>
</tag>
<suite>
<stat pass="5" fail="0" skip="0" id="s1" name="Tests">Tests</stat>
<stat pass="5" fail="0" skip="0" id="s1-s1" name="Random-User-Test">Tests.Random-User-Test</stat>
</suite>
</statistics>
<errors>
</errors>
</robot>
