<?xml version="1.0" encoding="UTF-8"?>
<robot generator="Robot 7.0 (Python 3.12.3 on linux)" generated="2024-06-04T19:13:11.673784" rpa="false" schemaversion="5">
<suite id="s1" name="Tests" source="/home/runner/work/ApiRandomUser/ApiRandomUser/RamdonUser/tests">
<suite id="s1-s1" name="Random-User-Test" source="/home/runner/work/ApiRandomUser/ApiRandomUser/RamdonUser/tests/random-user-test.robot">
<test id="s1-s1-t1" name="Conectar" line="13">
<kw name="Conectar API" owner="random-user-service">
<kw name="Create Session" owner="RequestsLibrary">
<msg time="2024-06-04T19:13:12.054113" level="INFO">Creating Session using : alias=consultarAPI, url=https://randomuser.me/, headers={},                     cookies={}, auth=None, timeout=None, proxies=None, verify=False,                     debug=0 </msg>
<arg>consultarAPI</arg>
<arg>${URL}</arg>
<doc>Create Session: create a HTTP session to a server</doc>
<status status="PASS" start="2024-06-04T19:13:12.053904" elapsed="0.000389"/>
</kw>
<status status="PASS" start="2024-06-04T19:13:12.052837" elapsed="0.001820"/>
</kw>
<status status="PASS" start="2024-06-04T19:13:12.052240" elapsed="0.002612"/>
</test>
<test id="s1-s1-t2" name="Validar retorno 200 e JSON Válido" line="16">
<kw name="Teste de Requisicao Basica" owner="random-user-service">
<kw name="GET On Session" owner="RequestsLibrary">
<msg time="2024-06-04T19:13:12.499049" level="INFO">GET Request : url=https://randomuser.me/api 
 path_url=/api 
 headers={'User-Agent': 'python-requests/2.32.3', 'Accept-Encoding': 'gzip, deflate', 'Accept': '*/*', 'Connection': 'keep-alive'} 
 body=None 
 </msg>
<msg time="2024-06-04T19:13:12.499194" level="INFO">GET Response : url=https://randomuser.me/api 
 status=200, reason=OK 
 headers={'Date': 'Tue, 04 Jun 2024 19:13:12 GMT', 'Content-Type': 'application/json; charset=utf-8', 'Transfer-Encoding': 'chunked', 'Connection': 'keep-alive', 'X-Powered-By': 'Express', 'Access-Control-Allow-Origin': '*', 'Cache-Control': 'no-cache', 'ETag': 'W/"488-PKnxgttZhWHw/w2YIMdYCY4mbvw"', 'Vary': 'Accept-Encoding', 'Content-Encoding': 'gzip', 'CF-Cache-Status': 'DYNAMIC', 'Report-To': '{"endpoints":[{"url":"https:\\/\\/a.nel.cloudflare.com\\/report\\/v4?s=A3cGc7meFiDFm%2BBkcBtGpLC2wQxVVoqMWjD07y5FiRADGqWn7RphCCIQXw7nfyvylFCEDBYJWm2JmtckJmyr24%2FxGxH2RRRKAlI6qGIT%2BGkaNx9EvfDmgxqX%2FltisqU%2F"}],"group":"cf-nel","max_age":604800}', 'NEL': '{"success_fraction":0,"report_to":"cf-nel","max_age":604800}', 'Server': 'cloudflare', 'CF-RAY': '88ea3d234d2c61aa-ORD', 'alt-svc': 'h3=":443"; ma=86400'} 
 body={"results":[{"gender":"male","name":{"title":"Mr","first":"Rasmus","last":"Mortensen"},"location":{"street":{"number":6962,"name":"Byvejen"},"city":"Århus C.","state":"Syddanmark","country":"Denmark","postcode":13535,"coordinates":{"latitude":"-39.9272","longitude":"-20.1015"},"timezone":{"offset":"+3:00","description":"Baghdad, Riyadh, Moscow, St. Petersburg"}},"email":"rasmus.mortensen@example.com","login":{"uuid":"c88b1ff0-49e4-4380-9c38-b1eabad95530","username":"bluelion747","password":"right","salt":"rL4rnHaY","md5":"ac2ec913dec035b828b05c0723f07e5e","sha1":"51edf96365567cc9969902ae7d1cde29f55732ee","sha256":"b15a4bf8d3811b626bafccfe9fa68abd85cf3ae33f0861ab8ea5da60d324294b"},"dob":{"date":"1951-08-28T09:33:49.116Z","age":72},"registered":{"date":"2020-01-17T22:16:23.803Z","age":4},"phone":"76863320","cell":"10330993","id":{"name":"CPR","value":"280851-5346"},"picture":{"large":"https://randomuser.me/api/portraits/men/65.jpg","medium":"https://randomuser.me/api/portraits/med/men/65.jpg","thumbnail":"https://randomuser.me/api/portraits/thumb/men/65.jpg"},"nat":"DK"}],"info":{"seed":"6c5d120afe88efdc","results":1,"page":1,"version":"1.4"}} 
 </msg>
<msg time="2024-06-04T19:13:12.499275" level="INFO">/opt/hostedtoolcache/Python/3.12.3/x64/lib/python3.12/site-packages/urllib3/connectionpool.py:1103: InsecureRequestWarning: Unverified HTTPS request is being made to host 'randomuser.me'. Adding certificate verification is strongly advised. See: https://urllib3.readthedocs.io/en/latest/advanced-usage.html#tls-warnings
  warnings.warn(</msg>
<msg time="2024-06-04T19:13:12.499432" level="INFO">${response} = &lt;Response [200]&gt;</msg>
<var>${response}</var>
<arg>consultarAPI</arg>
<arg>/api</arg>
<doc>Sends a GET request on a previously created HTTP Session.</doc>
<status status="PASS" start="2024-06-04T19:13:12.057520" elapsed="0.441956"/>
</kw>
<kw name="Should Be Equal As Numbers" owner="BuiltIn">
<msg time="2024-06-04T19:13:12.500483" level="INFO">Argument types are:
&lt;class 'int'&gt;
&lt;class 'str'&gt;</msg>
<arg>${response.status_code}</arg>
<arg>200</arg>
<doc>Fails if objects are unequal after converting them to real numbers.</doc>
<status status="PASS" start="2024-06-04T19:13:12.500030" elapsed="0.000519"/>
</kw>
<kw name="Log" owner="BuiltIn">
<msg time="2024-06-04T19:13:12.501227" level="INFO">200</msg>
<arg>${response.status_code}</arg>
<doc>Logs the given message with the given level.</doc>
<status status="PASS" start="2024-06-04T19:13:12.500882" elapsed="0.000392"/>
</kw>
<kw name="Set Variable" owner="BuiltIn">
<msg time="2024-06-04T19:13:12.502060" level="INFO">${json_data} = {'results': [{'gender': 'male', 'name': {'title': 'Mr', 'first': 'Rasmus', 'last': 'Mortensen'}, 'location': {'street': {'number': 6962, 'name': 'Byvejen'}, 'city': 'Århus C.', 'state': 'Syddanmark', ...</msg>
<var>${json_data}</var>
<arg>${response.json()}</arg>
<doc>Returns the given values which can then be assigned to a variables.</doc>
<status status="PASS" start="2024-06-04T19:13:12.501580" elapsed="0.000509"/>
</kw>
<kw name="Dictionary Should Contain Key" owner="Collections">
<msg time="2024-06-04T19:13:12.502554" level="INFO">False</msg>
<arg>${json_data}</arg>
<arg>results</arg>
<doc>Fails if ``key`` is not found from ``dictionary``.</doc>
<status status="PASS" start="2024-06-04T19:13:12.502388" elapsed="0.000353"/>
</kw>
<status status="PASS" start="2024-06-04T19:13:12.057273" elapsed="0.445729"/>
</kw>
<doc>Testa se a API responde corretamente e retorna um objeto JSON válido.</doc>
<tag>testeRequisicaoBasica</tag>
<status status="PASS" start="2024-06-04T19:13:12.056747" elapsed="0.446432"/>
</test>
<test id="s1-s1-t3" name="Validar estrutura de resposta" line="22">
<kw name="Teste de Estrutura de Resposta" owner="random-user-service">
<kw name="GET On Session" owner="RequestsLibrary">
<msg time="2024-06-04T19:13:12.636611" level="INFO">GET Request : url=https://randomuser.me/api 
 path_url=/api 
 headers={'User-Agent': 'python-requests/2.32.3', 'Accept-Encoding': 'gzip, deflate', 'Accept': '*/*', 'Connection': 'keep-alive'} 
 body=None 
 </msg>
<msg time="2024-06-04T19:13:12.636728" level="INFO">GET Response : url=https://randomuser.me/api 
 status=200, reason=OK 
 headers={'Date': 'Tue, 04 Jun 2024 19:13:12 GMT', 'Content-Type': 'application/json; charset=utf-8', 'Transfer-Encoding': 'chunked', 'Connection': 'keep-alive', 'X-Powered-By': 'Express', 'Access-Control-Allow-Origin': '*', 'Cache-Control': 'no-cache', 'ETag': 'W/"494-XoxL/mwupU1Ypu4PIOAGddGddgU"', 'Vary': 'Accept-Encoding', 'Content-Encoding': 'gzip', 'CF-Cache-Status': 'DYNAMIC', 'Report-To': '{"endpoints":[{"url":"https:\\/\\/a.nel.cloudflare.com\\/report\\/v4?s=ZmAaDZD846lljXFWa1N67WxGOxk1Zzm2t1LqSYeGUCAcSo1rTQbYm2w6Wyp1HTWE%2B1LkfM0Q%2BdO%2F5luSYqdK27KkUQYDpDw6%2FNk9XI%2F%2F6CBF3Pp48%2Fb%2FCGiKMFmRrBiC"}],"group":"cf-nel","max_age":604800}', 'NEL': '{"success_fraction":0,"report_to":"cf-nel","max_age":604800}', 'Server': 'cloudflare', 'CF-RAY': '88ea3d252fce61aa-ORD', 'alt-svc': 'h3=":443"; ma=86400'} 
 body={"results":[{"gender":"male","name":{"title":"Mr","first":"Jonas","last":"Poulsen"},"location":{"street":{"number":8497,"name":"Kildevænget"},"city":"København Sv","state":"Syddanmark","country":"Denmark","postcode":86930,"coordinates":{"latitude":"-46.6064","longitude":"-43.4061"},"timezone":{"offset":"+5:00","description":"Ekaterinburg, Islamabad, Karachi, Tashkent"}},"email":"jonas.poulsen@example.com","login":{"uuid":"6cad67ed-eaec-44b3-879f-0858d0bbf493","username":"purplezebra131","password":"journey","salt":"4O3XqSnH","md5":"606bccaa4b131c93ee157ab6ed8a09c9","sha1":"ba001b9e2b7f77de9ae0da8216fdafb4c58d32c7","sha256":"893cd41f8e1b38ae765fcc147f5ac3b19cbabf58f3101b0b2a49b15ae8856e44"},"dob":{"date":"1973-09-19T11:57:46.343Z","age":50},"registered":{"date":"2008-09-25T09:34:52.188Z","age":15},"phone":"80779262","cell":"37659688","id":{"name":"CPR","value":"190973-1770"},"picture":{"large":"https://randomuser.me/api/portraits/men/54.jpg","medium":"https://randomuser.me/api/portraits/med/men/54.jpg","thumbnail":"https://randomuser.me/api/portraits/thumb/men/54.jpg"},"nat":"DK"}],"info":{"seed":"b1bfd2bccbdbac02","results":1,"page":1,"version":"1.4"}} 
 </msg>
<msg time="2024-06-04T19:13:12.636851" level="INFO">/opt/hostedtoolcache/Python/3.12.3/x64/lib/python3.12/site-packages/urllib3/connectionpool.py:1103: InsecureRequestWarning: Unverified HTTPS request is being made to host 'randomuser.me'. Adding certificate verification is strongly advised. See: https://urllib3.readthedocs.io/en/latest/advanced-usage.html#tls-warnings
  warnings.warn(</msg>
<msg time="2024-06-04T19:13:12.636969" level="INFO">${response} = &lt;Response [200]&gt;</msg>
<var>${response}</var>
<arg>consultarAPI</arg>
<arg>/api</arg>
<doc>Sends a GET request on a previously created HTTP Session.</doc>
<status status="PASS" start="2024-06-04T19:13:12.505830" elapsed="0.131179"/>
</kw>
<kw name="Set Variable" owner="BuiltIn">
<msg time="2024-06-04T19:13:12.638193" level="INFO">${json_data} = {'results': [{'gender': 'male', 'name': {'title': 'Mr', 'first': 'Jonas', 'last': 'Poulsen'}, 'location': {'street': {'number': 8497, 'name': 'Kildevænget'}, 'city': 'København Sv', 'state': 'Syddanma...</msg>
<var>${json_data}</var>
<arg>${response.json()}</arg>
<doc>Returns the given values which can then be assigned to a variables.</doc>
<status status="PASS" start="2024-06-04T19:13:12.637575" elapsed="0.000648"/>
</kw>
<kw name="Log" owner="BuiltIn">
<msg time="2024-06-04T19:13:12.638695" level="INFO">{'results': [{'gender': 'male', 'name': {'title': 'Mr', 'first': 'Jonas', 'last': 'Poulsen'}, 'location': {'street': {'number': 8497, 'name': 'Kildevænget'}, 'city': 'København Sv', 'state': 'Syddanmark', 'country': 'Denmark', 'postcode': 86930, 'coordinates': {'latitude': '-46.6064', 'longitude': '-43.4061'}, 'timezone': {'offset': '+5:00', 'description': 'Ekaterinburg, Islamabad, Karachi, Tashkent'}}, 'email': 'jonas.poulsen@example.com', 'login': {'uuid': '6cad67ed-eaec-44b3-879f-0858d0bbf493', 'username': 'purplezebra131', 'password': 'journey', 'salt': '4O3XqSnH', 'md5': '606bccaa4b131c93ee157ab6ed8a09c9', 'sha1': 'ba001b9e2b7f77de9ae0da8216fdafb4c58d32c7', 'sha256': '893cd41f8e1b38ae765fcc147f5ac3b19cbabf58f3101b0b2a49b15ae8856e44'}, 'dob': {'date': '1973-09-19T11:57:46.343Z', 'age': 50}, 'registered': {'date': '2008-09-25T09:34:52.188Z', 'age': 15}, 'phone': '80779262', 'cell': '37659688', 'id': {'name': 'CPR', 'value': '190973-1770'}, 'picture': {'large': 'https://randomuser.me/api/portraits/men/54.jpg', 'medium': 'https://randomuser.me/api/portraits/med/men/54.jpg', 'thumbnail': 'https://randomuser.me/api/portraits/thumb/men/54.jpg'}, 'nat': 'DK'}], 'info': {'seed': 'b1bfd2bccbdbac02', 'results': 1, 'page': 1, 'version': '1.4'}}</msg>
<arg>${json_data}</arg>
<doc>Logs the given message with the given level.</doc>
<status status="PASS" start="2024-06-04T19:13:12.638532" elapsed="0.000212"/>
</kw>
<kw name="Dictionary Should Contain Key" owner="Collections">
<msg time="2024-06-04T19:13:12.639206" level="INFO">False</msg>
<arg>${json_data}</arg>
<arg>results</arg>
<doc>Fails if ``key`` is not found from ``dictionary``.</doc>
<status status="PASS" start="2024-06-04T19:13:12.639044" elapsed="0.000198"/>
</kw>
<kw name="Should Not Be Empty" owner="BuiltIn">
<msg time="2024-06-04T19:13:12.639663" level="INFO">Length is 2.</msg>
<arg>${json_data}</arg>
<doc>Verifies that the given item is not empty.</doc>
<status status="PASS" start="2024-06-04T19:13:12.639532" elapsed="0.000168"/>
</kw>
<kw name="Create List" owner="BuiltIn">
<msg time="2024-06-04T19:13:12.640133" level="INFO">${expected_keys} = ['gender', 'name', 'location', 'email', 'login']</msg>
<var>${expected_keys}</var>
<arg>gender</arg>
<arg>name</arg>
<arg>location</arg>
<arg>email</arg>
<arg>login</arg>
<doc>Returns a list containing given items.</doc>
<status status="PASS" start="2024-06-04T19:13:12.639989" elapsed="0.000167"/>
</kw>
<for flavor="IN">
<iter>
<kw name="Dictionary Should Contain Key" owner="Collections">
<msg time="2024-06-04T19:13:12.641130" level="INFO">False</msg>
<arg>${json_data['results'][0]}</arg>
<arg>${key}</arg>
<doc>Fails if ``key`` is not found from ``dictionary``.</doc>
<status status="PASS" start="2024-06-04T19:13:12.640723" elapsed="0.000449"/>
</kw>
<kw name="Log" owner="BuiltIn">
<msg time="2024-06-04T19:13:12.641869" level="INFO">{'gender': 'male', 'name': {'title': 'Mr', 'first': 'Jonas', 'last': 'Poulsen'}, 'location': {'street': {'number': 8497, 'name': 'Kildevænget'}, 'city': 'København Sv', 'state': 'Syddanmark', 'country': 'Denmark', 'postcode': 86930, 'coordinates': {'latitude': '-46.6064', 'longitude': '-43.4061'}, 'timezone': {'offset': '+5:00', 'description': 'Ekaterinburg, Islamabad, Karachi, Tashkent'}}, 'email': 'jonas.poulsen@example.com', 'login': {'uuid': '6cad67ed-eaec-44b3-879f-0858d0bbf493', 'username': 'purplezebra131', 'password': 'journey', 'salt': '4O3XqSnH', 'md5': '606bccaa4b131c93ee157ab6ed8a09c9', 'sha1': 'ba001b9e2b7f77de9ae0da8216fdafb4c58d32c7', 'sha256': '893cd41f8e1b38ae765fcc147f5ac3b19cbabf58f3101b0b2a49b15ae8856e44'}, 'dob': {'date': '1973-09-19T11:57:46.343Z', 'age': 50}, 'registered': {'date': '2008-09-25T09:34:52.188Z', 'age': 15}, 'phone': '80779262', 'cell': '37659688', 'id': {'name': 'CPR', 'value': '190973-1770'}, 'picture': {'large': 'https://randomuser.me/api/portraits/men/54.jpg', 'medium': 'https://randomuser.me/api/portraits/med/men/54.jpg', 'thumbnail': 'https://randomuser.me/api/portraits/thumb/men/54.jpg'}, 'nat': 'DK'}</msg>
<arg>${json_data['results'][0]}</arg>
<doc>Logs the given message with the given level.</doc>
<status status="PASS" start="2024-06-04T19:13:12.641474" elapsed="0.000448"/>
</kw>
<kw name="Log" owner="BuiltIn">
<msg time="2024-06-04T19:13:12.642351" level="INFO">gender</msg>
<arg>${key}</arg>
<doc>Logs the given message with the given level.</doc>
<status status="PASS" start="2024-06-04T19:13:12.642222" elapsed="0.000166"/>
</kw>
<var name="${key}">gender</var>
<status status="PASS" start="2024-06-04T19:13:12.640598" elapsed="0.002001"/>
</iter>
<iter>
<kw name="Dictionary Should Contain Key" owner="Collections">
<msg time="2024-06-04T19:13:12.643277" level="INFO">False</msg>
<arg>${json_data['results'][0]}</arg>
<arg>${key}</arg>
<doc>Fails if ``key`` is not found from ``dictionary``.</doc>
<status status="PASS" start="2024-06-04T19:13:12.642896" elapsed="0.000418"/>
</kw>
<kw name="Log" owner="BuiltIn">
<msg time="2024-06-04T19:13:12.643995" level="INFO">{'gender': 'male', 'name': {'title': 'Mr', 'first': 'Jonas', 'last': 'Poulsen'}, 'location': {'street': {'number': 8497, 'name': 'Kildevænget'}, 'city': 'København Sv', 'state': 'Syddanmark', 'country': 'Denmark', 'postcode': 86930, 'coordinates': {'latitude': '-46.6064', 'longitude': '-43.4061'}, 'timezone': {'offset': '+5:00', 'description': 'Ekaterinburg, Islamabad, Karachi, Tashkent'}}, 'email': 'jonas.poulsen@example.com', 'login': {'uuid': '6cad67ed-eaec-44b3-879f-0858d0bbf493', 'username': 'purplezebra131', 'password': 'journey', 'salt': '4O3XqSnH', 'md5': '606bccaa4b131c93ee157ab6ed8a09c9', 'sha1': 'ba001b9e2b7f77de9ae0da8216fdafb4c58d32c7', 'sha256': '893cd41f8e1b38ae765fcc147f5ac3b19cbabf58f3101b0b2a49b15ae8856e44'}, 'dob': {'date': '1973-09-19T11:57:46.343Z', 'age': 50}, 'registered': {'date': '2008-09-25T09:34:52.188Z', 'age': 15}, 'phone': '80779262', 'cell': '37659688', 'id': {'name': 'CPR', 'value': '190973-1770'}, 'picture': {'large': 'https://randomuser.me/api/portraits/men/54.jpg', 'medium': 'https://randomuser.me/api/portraits/med/men/54.jpg', 'thumbnail': 'https://randomuser.me/api/portraits/thumb/men/54.jpg'}, 'nat': 'DK'}</msg>
<arg>${json_data['results'][0]}</arg>
<doc>Logs the given message with the given level.</doc>
<status status="PASS" start="2024-06-04T19:13:12.643635" elapsed="0.000419"/>
</kw>
<kw name="Log" owner="BuiltIn">
<msg time="2024-06-04T19:13:12.644475" level="INFO">name</msg>
<arg>${key}</arg>
<doc>Logs the given message with the given level.</doc>
<status status="PASS" start="2024-06-04T19:13:12.644348" elapsed="0.000163"/>
</kw>
<var name="${key}">name</var>
<status status="PASS" start="2024-06-04T19:13:12.642783" elapsed="0.001953"/>
</iter>
<iter>
<kw name="Dictionary Should Contain Key" owner="Collections">
<msg time="2024-06-04T19:13:12.645403" level="INFO">False</msg>
<arg>${json_data['results'][0]}</arg>
<arg>${key}</arg>
<doc>Fails if ``key`` is not found from ``dictionary``.</doc>
<status status="PASS" start="2024-06-04T19:13:12.645024" elapsed="0.000416"/>
</kw>
<kw name="Log" owner="BuiltIn">
<msg time="2024-06-04T19:13:12.646145" level="INFO">{'gender': 'male', 'name': {'title': 'Mr', 'first': 'Jonas', 'last': 'Poulsen'}, 'location': {'street': {'number': 8497, 'name': 'Kildevænget'}, 'city': 'København Sv', 'state': 'Syddanmark', 'country': 'Denmark', 'postcode': 86930, 'coordinates': {'latitude': '-46.6064', 'longitude': '-43.4061'}, 'timezone': {'offset': '+5:00', 'description': 'Ekaterinburg, Islamabad, Karachi, Tashkent'}}, 'email': 'jonas.poulsen@example.com', 'login': {'uuid': '6cad67ed-eaec-44b3-879f-0858d0bbf493', 'username': 'purplezebra131', 'password': 'journey', 'salt': '4O3XqSnH', 'md5': '606bccaa4b131c93ee157ab6ed8a09c9', 'sha1': 'ba001b9e2b7f77de9ae0da8216fdafb4c58d32c7', 'sha256': '893cd41f8e1b38ae765fcc147f5ac3b19cbabf58f3101b0b2a49b15ae8856e44'}, 'dob': {'date': '1973-09-19T11:57:46.343Z', 'age': 50}, 'registered': {'date': '2008-09-25T09:34:52.188Z', 'age': 15}, 'phone': '80779262', 'cell': '37659688', 'id': {'name': 'CPR', 'value': '190973-1770'}, 'picture': {'large': 'https://randomuser.me/api/portraits/men/54.jpg', 'medium': 'https://randomuser.me/api/portraits/med/men/54.jpg', 'thumbnail': 'https://randomuser.me/api/portraits/thumb/men/54.jpg'}, 'nat': 'DK'}</msg>
<arg>${json_data['results'][0]}</arg>
<doc>Logs the given message with the given level.</doc>
<status status="PASS" start="2024-06-04T19:13:12.645769" elapsed="0.000426"/>
</kw>
<kw name="Log" owner="BuiltIn">
<msg time="2024-06-04T19:13:12.646625" level="INFO">location</msg>
<arg>${key}</arg>
<doc>Logs the given message with the given level.</doc>
<status status="PASS" start="2024-06-04T19:13:12.646497" elapsed="0.000166"/>
</kw>
<var name="${key}">location</var>
<status status="PASS" start="2024-06-04T19:13:12.644911" elapsed="0.001965"/>
</iter>
<iter>
<kw name="Dictionary Should Contain Key" owner="Collections">
<msg time="2024-06-04T19:13:12.647645" level="INFO">False</msg>
<arg>${json_data['results'][0]}</arg>
<arg>${key}</arg>
<doc>Fails if ``key`` is not found from ``dictionary``.</doc>
<status status="PASS" start="2024-06-04T19:13:12.647158" elapsed="0.000525"/>
</kw>
<kw name="Log" owner="BuiltIn">
<msg time="2024-06-04T19:13:12.648343" level="INFO">{'gender': 'male', 'name': {'title': 'Mr', 'first': 'Jonas', 'last': 'Poulsen'}, 'location': {'street': {'number': 8497, 'name': 'Kildevænget'}, 'city': 'København Sv', 'state': 'Syddanmark', 'country': 'Denmark', 'postcode': 86930, 'coordinates': {'latitude': '-46.6064', 'longitude': '-43.4061'}, 'timezone': {'offset': '+5:00', 'description': 'Ekaterinburg, Islamabad, Karachi, Tashkent'}}, 'email': 'jonas.poulsen@example.com', 'login': {'uuid': '6cad67ed-eaec-44b3-879f-0858d0bbf493', 'username': 'purplezebra131', 'password': 'journey', 'salt': '4O3XqSnH', 'md5': '606bccaa4b131c93ee157ab6ed8a09c9', 'sha1': 'ba001b9e2b7f77de9ae0da8216fdafb4c58d32c7', 'sha256': '893cd41f8e1b38ae765fcc147f5ac3b19cbabf58f3101b0b2a49b15ae8856e44'}, 'dob': {'date': '1973-09-19T11:57:46.343Z', 'age': 50}, 'registered': {'date': '2008-09-25T09:34:52.188Z', 'age': 15}, 'phone': '80779262', 'cell': '37659688', 'id': {'name': 'CPR', 'value': '190973-1770'}, 'picture': {'large': 'https://randomuser.me/api/portraits/men/54.jpg', 'medium': 'https://randomuser.me/api/portraits/med/men/54.jpg', 'thumbnail': 'https://randomuser.me/api/portraits/thumb/men/54.jpg'}, 'nat': 'DK'}</msg>
<arg>${json_data['results'][0]}</arg>
<doc>Logs the given message with the given level.</doc>
<status status="PASS" start="2024-06-04T19:13:12.647981" elapsed="0.000411"/>
</kw>
<kw name="Log" owner="BuiltIn">
<msg time="2024-06-04T19:13:12.648810" level="INFO">email</msg>
<arg>${key}</arg>
<doc>Logs the given message with the given level.</doc>
<status status="PASS" start="2024-06-04T19:13:12.648683" elapsed="0.000164"/>
</kw>
<var name="${key}">email</var>
<status status="PASS" start="2024-06-04T19:13:12.647047" elapsed="0.002012"/>
</iter>
<iter>
<kw name="Dictionary Should Contain Key" owner="Collections">
<msg time="2024-06-04T19:13:12.649756" level="INFO">False</msg>
<arg>${json_data['results'][0]}</arg>
<arg>${key}</arg>
<doc>Fails if ``key`` is not found from ``dictionary``.</doc>
<status status="PASS" start="2024-06-04T19:13:12.649343" elapsed="0.000451"/>
</kw>
<kw name="Log" owner="BuiltIn">
<msg time="2024-06-04T19:13:12.650452" level="INFO">{'gender': 'male', 'name': {'title': 'Mr', 'first': 'Jonas', 'last': 'Poulsen'}, 'location': {'street': {'number': 8497, 'name': 'Kildevænget'}, 'city': 'København Sv', 'state': 'Syddanmark', 'country': 'Denmark', 'postcode': 86930, 'coordinates': {'latitude': '-46.6064', 'longitude': '-43.4061'}, 'timezone': {'offset': '+5:00', 'description': 'Ekaterinburg, Islamabad, Karachi, Tashkent'}}, 'email': 'jonas.poulsen@example.com', 'login': {'uuid': '6cad67ed-eaec-44b3-879f-0858d0bbf493', 'username': 'purplezebra131', 'password': 'journey', 'salt': '4O3XqSnH', 'md5': '606bccaa4b131c93ee157ab6ed8a09c9', 'sha1': 'ba001b9e2b7f77de9ae0da8216fdafb4c58d32c7', 'sha256': '893cd41f8e1b38ae765fcc147f5ac3b19cbabf58f3101b0b2a49b15ae8856e44'}, 'dob': {'date': '1973-09-19T11:57:46.343Z', 'age': 50}, 'registered': {'date': '2008-09-25T09:34:52.188Z', 'age': 15}, 'phone': '80779262', 'cell': '37659688', 'id': {'name': 'CPR', 'value': '190973-1770'}, 'picture': {'large': 'https://randomuser.me/api/portraits/men/54.jpg', 'medium': 'https://randomuser.me/api/portraits/med/men/54.jpg', 'thumbnail': 'https://randomuser.me/api/portraits/thumb/men/54.jpg'}, 'nat': 'DK'}</msg>
<arg>${json_data['results'][0]}</arg>
<doc>Logs the given message with the given level.</doc>
<status status="PASS" start="2024-06-04T19:13:12.650091" elapsed="0.000411"/>
</kw>
<kw name="Log" owner="BuiltIn">
<msg time="2024-06-04T19:13:12.650920" level="INFO">login</msg>
<arg>${key}</arg>
<doc>Logs the given message with the given level.</doc>
<status status="PASS" start="2024-06-04T19:13:12.650794" elapsed="0.000164"/>
</kw>
<var name="${key}">login</var>
<status status="PASS" start="2024-06-04T19:13:12.649231" elapsed="0.001964"/>
</iter>
<var>${key}</var>
<value>@{expected_keys}</value>
<status status="PASS" start="2024-06-04T19:13:12.640409" elapsed="0.010910"/>
</for>
<kw name="Create List" owner="BuiltIn">
<msg time="2024-06-04T19:13:12.651648" level="INFO">${expected_keysTwo} = ['username', 'password']</msg>
<var>${expected_keysTwo}</var>
<arg>username</arg>
<arg>password</arg>
<doc>Returns a list containing given items.</doc>
<status status="PASS" start="2024-06-04T19:13:12.651511" elapsed="0.000160"/>
</kw>
<for flavor="IN">
<iter>
<kw name="Dictionary Should Contain Key" owner="Collections">
<msg time="2024-06-04T19:13:12.652544" level="INFO">False</msg>
<arg>${json_data['results'][0]['login']}</arg>
<arg>${keyTwo}</arg>
<doc>Fails if ``key`` is not found from ``dictionary``.</doc>
<status status="PASS" start="2024-06-04T19:13:12.652161" elapsed="0.000419"/>
</kw>
<kw name="Dictionary Should Contain Key" owner="Collections">
<msg time="2024-06-04T19:13:12.653245" level="INFO">False</msg>
<arg>${json_data['results'][0]['login']}</arg>
<arg>${keyTwo}</arg>
<doc>Fails if ``key`` is not found from ``dictionary``.</doc>
<status status="PASS" start="2024-06-04T19:13:12.652872" elapsed="0.000409"/>
</kw>
<kw name="Log" owner="BuiltIn">
<msg time="2024-06-04T19:13:12.653721" level="INFO">username</msg>
<arg>${keyTwo}</arg>
<doc>Logs the given message with the given level.</doc>
<status status="PASS" start="2024-06-04T19:13:12.653569" elapsed="0.000190"/>
</kw>
<var name="${keyTwo}">username</var>
<status status="PASS" start="2024-06-04T19:13:12.652053" elapsed="0.001921"/>
</iter>
<iter>
<kw name="Dictionary Should Contain Key" owner="Collections">
<msg time="2024-06-04T19:13:12.654633" level="INFO">False</msg>
<arg>${json_data['results'][0]['login']}</arg>
<arg>${keyTwo}</arg>
<doc>Fails if ``key`` is not found from ``dictionary``.</doc>
<status status="PASS" start="2024-06-04T19:13:12.654254" elapsed="0.000422"/>
</kw>
<kw name="Dictionary Should Contain Key" owner="Collections">
<msg time="2024-06-04T19:13:12.655355" level="INFO">False</msg>
<arg>${json_data['results'][0]['login']}</arg>
<arg>${keyTwo}</arg>
<doc>Fails if ``key`` is not found from ``dictionary``.</doc>
<status status="PASS" start="2024-06-04T19:13:12.654972" elapsed="0.000420"/>
</kw>
<kw name="Log" owner="BuiltIn">
<msg time="2024-06-04T19:13:12.655808" level="INFO">password</msg>
<arg>${keyTwo}</arg>
<doc>Logs the given message with the given level.</doc>
<status status="PASS" start="2024-06-04T19:13:12.655681" elapsed="0.000162"/>
</kw>
<var name="${keyTwo}">password</var>
<status status="PASS" start="2024-06-04T19:13:12.654144" elapsed="0.001910"/>
</iter>
<var>${keyTwo}</var>
<value>@{expected_keysTwo}</value>
<status status="PASS" start="2024-06-04T19:13:12.651907" elapsed="0.004266"/>
</for>
<status status="PASS" start="2024-06-04T19:13:12.505563" elapsed="0.150747"/>
</kw>
<doc>Testa a estrutura da resposta da API.</doc>
<tag>testeEstruturaResposta</tag>
<status status="PASS" start="2024-06-04T19:13:12.504960" elapsed="0.151503"/>
</test>
<test id="s1-s1-t4" name="Validar tipos de dados" line="28">
<kw name="Teste de Tipos de Dados" owner="random-user-service">
<kw name="GET On Session" owner="RequestsLibrary">
<msg time="2024-06-04T19:13:12.728184" level="INFO">GET Request : url=https://randomuser.me/api 
 path_url=/api 
 headers={'User-Agent': 'python-requests/2.32.3', 'Accept-Encoding': 'gzip, deflate', 'Accept': '*/*', 'Connection': 'keep-alive'} 
 body=None 
 </msg>
<msg time="2024-06-04T19:13:12.728263" level="INFO">GET Response : url=https://randomuser.me/api 
 status=200, reason=OK 
 headers={'Date': 'Tue, 04 Jun 2024 19:13:12 GMT', 'Content-Type': 'application/json; charset=utf-8', 'Transfer-Encoding': 'chunked', 'Connection': 'keep-alive', 'X-Powered-By': 'Express', 'Access-Control-Allow-Origin': '*', 'Cache-Control': 'no-cache', 'ETag': 'W/"4ab-L3R1RbvsE/lVCHoo7wXRSRuYdjo"', 'Vary': 'Accept-Encoding', 'Content-Encoding': 'gzip', 'CF-Cache-Status': 'DYNAMIC', 'Report-To': '{"endpoints":[{"url":"https:\\/\\/a.nel.cloudflare.com\\/report\\/v4?s=3%2FtDnoJX2RWI1urEsD%2BftuncsNQ1qKbtJHU8MIOCmGVk3TXKZs6lwNQqyctKF0Nw5rDqnur1UUxq%2FW3lKZX8cIc7VCYoKfktV6mBLLaxGEy8Lws9LXOMqi1dqUUZRdu2"}],"group":"cf-nel","max_age":604800}', 'NEL': '{"success_fraction":0,"report_to":"cf-nel","max_age":604800}', 'Server': 'cloudflare', 'CF-RAY': '88ea3d2628fd61aa-ORD', 'alt-svc': 'h3=":443"; ma=86400'} 
 body={"results":[{"gender":"male","name":{"title":"Mr","first":"Riza","last":"Andresen"},"location":{"street":{"number":3072,"name":"Fliederweg"},"city":"Kirchheimbolanden","state":"Schleswig-Holstein","country":"Germany","postcode":86026,"coordinates":{"latitude":"-49.3163","longitude":"-165.5776"},"timezone":{"offset":"+11:00","description":"Magadan, Solomon Islands, New Caledonia"}},"email":"riza.andresen@example.com","login":{"uuid":"c0f457ed-f6e6-4f5e-89c4-44aa8c102d17","username":"silverelephant333","password":"market","salt":"9y5A9t4b","md5":"d6f31b2f853661a8cf8e05bb6cab93f4","sha1":"c22ce40ec52ed9bd1ea32ea23669054cc6bf93f7","sha256":"a187ea8c2ac13d5c05b6969d815a376dc159ba0d8d399a9dc04165aa26fbf335"},"dob":{"date":"1962-02-12T21:53:13.844Z","age":62},"registered":{"date":"2015-11-04T08:56:30.495Z","age":8},"phone":"0570-0180479","cell":"0175-5912140","id":{"name":"SVNR","value":"52 120262 A 222"},"picture":{"large":"https://randomuser.me/api/portraits/men/66.jpg","medium":"https://randomuser.me/api/portraits/med/men/66.jpg","thumbnail":"https://randomuser.me/api/portraits/thumb/men/66.jpg"},"nat":"DE"}],"info":{"seed":"08b8c3ffada711c6","results":1,"page":1,"version":"1.4"}} 
 </msg>
<msg time="2024-06-04T19:13:12.728329" level="INFO">/opt/hostedtoolcache/Python/3.12.3/x64/lib/python3.12/site-packages/urllib3/connectionpool.py:1103: InsecureRequestWarning: Unverified HTTPS request is being made to host 'randomuser.me'. Adding certificate verification is strongly advised. See: https://urllib3.readthedocs.io/en/latest/advanced-usage.html#tls-warnings
  warnings.warn(</msg>
<msg time="2024-06-04T19:13:12.728438" level="INFO">${response} = &lt;Response [200]&gt;</msg>
<var>${response}</var>
<arg>consultarAPI</arg>
<arg>/api</arg>
<doc>Sends a GET request on a previously created HTTP Session.</doc>
<status status="PASS" start="2024-06-04T19:13:12.659044" elapsed="0.069442"/>
</kw>
<kw name="Set Variable" owner="BuiltIn">
<msg time="2024-06-04T19:13:12.729560" level="INFO">${json_data} = {'results': [{'gender': 'male', 'name': {'title': 'Mr', 'first': 'Riza', 'last': 'Andresen'}, 'location': {'street': {'number': 3072, 'name': 'Fliederweg'}, 'city': 'Kirchheimbolanden', 'state': 'Schl...</msg>
<var>${json_data}</var>
<arg>${response.json()}</arg>
<doc>Returns the given values which can then be assigned to a variables.</doc>
<status status="PASS" start="2024-06-04T19:13:12.729013" elapsed="0.000576"/>
</kw>
<kw name="Log" owner="BuiltIn">
<msg time="2024-06-04T19:13:12.730097" level="INFO">{'results': [{'gender': 'male', 'name': {'title': 'Mr', 'first': 'Riza', 'last': 'Andresen'}, 'location': {'street': {'number': 3072, 'name': 'Fliederweg'}, 'city': 'Kirchheimbolanden', 'state': 'Schleswig-Holstein', 'country': 'Germany', 'postcode': 86026, 'coordinates': {'latitude': '-49.3163', 'longitude': '-165.5776'}, 'timezone': {'offset': '+11:00', 'description': 'Magadan, Solomon Islands, New Caledonia'}}, 'email': 'riza.andresen@example.com', 'login': {'uuid': 'c0f457ed-f6e6-4f5e-89c4-44aa8c102d17', 'username': 'silverelephant333', 'password': 'market', 'salt': '9y5A9t4b', 'md5': 'd6f31b2f853661a8cf8e05bb6cab93f4', 'sha1': 'c22ce40ec52ed9bd1ea32ea23669054cc6bf93f7', 'sha256': 'a187ea8c2ac13d5c05b6969d815a376dc159ba0d8d399a9dc04165aa26fbf335'}, 'dob': {'date': '1962-02-12T21:53:13.844Z', 'age': 62}, 'registered': {'date': '2015-11-04T08:56:30.495Z', 'age': 8}, 'phone': '0570-0180479', 'cell': '0175-5912140', 'id': {'name': 'SVNR', 'value': '52 120262 A 222'}, 'picture': {'large': 'https://randomuser.me/api/portraits/men/66.jpg', 'medium': 'https://randomuser.me/api/portraits/med/men/66.jpg', 'thumbnail': 'https://randomuser.me/api/portraits/thumb/men/66.jpg'}, 'nat': 'DE'}], 'info': {'seed': '08b8c3ffada711c6', 'results': 1, 'page': 1, 'version': '1.4'}}</msg>
<arg>${json_data}</arg>
<doc>Logs the given message with the given level.</doc>
<status status="PASS" start="2024-06-04T19:13:12.729941" elapsed="0.000239"/>
</kw>
<kw name="Should Be String" owner="String">
<arg>${json_data['results'][0]['gender']}</arg>
<doc>Fails if the given ``item`` is not a string.</doc>
<status status="PASS" start="2024-06-04T19:13:12.730478" elapsed="0.000372"/>
</kw>
<kw name="Should Match Regexp" owner="BuiltIn">
<arg>${json_data['results'][0]['email']}</arg>
<arg>^[a-zA-Z0-9._%+-]+@[a-zA-Z0-9.-]+\.[a-zA-Z]{2,}$</arg>
<doc>Fails if ``string`` does not match ``pattern`` as a regular expression.</doc>
<status status="PASS" start="2024-06-04T19:13:12.731040" elapsed="0.000631"/>
</kw>
<kw name="Should Match Regexp" owner="BuiltIn">
<arg>${json_data['results'][0]['dob']['date']}</arg>
<arg>\\d{4}-\\d{2}-\\d{2}T\\d{2}:\\d{2}:\\d{2}\\.\\d{3}Z</arg>
<doc>Fails if ``string`` does not match ``pattern`` as a regular expression.</doc>
<status status="PASS" start="2024-06-04T19:13:12.731869" elapsed="0.000482"/>
</kw>
<kw name="Should Match Regexp" owner="BuiltIn">
<arg>${json_data['results'][0]['registered']['date']}</arg>
<arg>\\d{4}-\\d{2}-\\d{2}T\\d{2}:\\d{2}:\\d{2}\\.\\d{3}Z</arg>
<doc>Fails if ``string`` does not match ``pattern`` as a regular expression.</doc>
<status status="PASS" start="2024-06-04T19:13:12.732546" elapsed="0.000364"/>
</kw>
<kw name="Should Match Regexp" owner="BuiltIn">
<arg>${json_data['results'][0]['picture']['large']}</arg>
<arg>^https?://.*\.(?:png|jpe?g|gif|bmp)$</arg>
<doc>Fails if ``string`` does not match ``pattern`` as a regular expression.</doc>
<status status="PASS" start="2024-06-04T19:13:12.733100" elapsed="0.000459"/>
</kw>
<kw name="Should Match Regexp" owner="BuiltIn">
<arg>${json_data['results'][0]['picture']['medium']}</arg>
<arg>^https?://.*\.(?:png|jpe?g|gif|bmp)$</arg>
<doc>Fails if ``string`` does not match ``pattern`` as a regular expression.</doc>
<status status="PASS" start="2024-06-04T19:13:12.733799" elapsed="0.000374"/>
</kw>
<kw name="Should Match Regexp" owner="BuiltIn">
<arg>${json_data['results'][0]['picture']['thumbnail']}</arg>
<arg>^https?://.*\.(?:png|jpe?g|gif|bmp)$</arg>
<doc>Fails if ``string`` does not match ``pattern`` as a regular expression.</doc>
<status status="PASS" start="2024-06-04T19:13:12.734380" elapsed="0.000352"/>
</kw>
<kw name="Log" owner="BuiltIn">
<msg time="2024-06-04T19:13:12.735249" level="INFO">{'large': 'https://randomuser.me/api/portraits/men/66.jpg', 'medium': 'https://randomuser.me/api/portraits/med/men/66.jpg', 'thumbnail': 'https://randomuser.me/api/portraits/thumb/men/66.jpg'}</msg>
<arg>${json_data['results'][0]['picture']}</arg>
<doc>Logs the given message with the given level.</doc>
<status status="PASS" start="2024-06-04T19:13:12.734917" elapsed="0.000372"/>
</kw>
<status status="PASS" start="2024-06-04T19:13:12.658813" elapsed="0.076731"/>
</kw>
<kw name="Teste de Tipos de Dados - Postcode" owner="random-user-service">
<kw name="GET On Session" owner="RequestsLibrary">
<msg time="2024-06-04T19:13:12.799141" level="INFO">GET Request : url=https://randomuser.me/api 
 path_url=/api 
 headers={'User-Agent': 'python-requests/2.32.3', 'Accept-Encoding': 'gzip, deflate', 'Accept': '*/*', 'Connection': 'keep-alive'} 
 body=None 
 </msg>
<msg time="2024-06-04T19:13:12.799203" level="INFO">GET Response : url=https://randomuser.me/api 
 status=200, reason=OK 
 headers={'Date': 'Tue, 04 Jun 2024 19:13:12 GMT', 'Content-Type': 'application/json; charset=utf-8', 'Transfer-Encoding': 'chunked', 'Connection': 'keep-alive', 'X-Powered-By': 'Express', 'Access-Control-Allow-Origin': '*', 'Cache-Control': 'no-cache', 'ETag': 'W/"482-Tnsm2OZFEJ7FZIgMKt5K/RAOg/w"', 'Vary': 'Accept-Encoding', 'Content-Encoding': 'gzip', 'CF-Cache-Status': 'DYNAMIC', 'Report-To': '{"endpoints":[{"url":"https:\\/\\/a.nel.cloudflare.com\\/report\\/v4?s=fMA7iI201aEl01FwVFLOEpLNJiKHkUVALYdCEQG%2F9OUTj2XqetKycLn7m0LIgk2hb7RrgdofO0jjqcXoDxvRVsfw1p%2BqhLKNMe1QBR%2BPHJt6sbMh%2FedRqjDNm9%2FTpPAG"}],"group":"cf-nel","max_age":604800}', 'NEL': '{"success_fraction":0,"report_to":"cf-nel","max_age":604800}', 'Server': 'cloudflare', 'CF-RAY': '88ea3d26997a61aa-ORD', 'alt-svc': 'h3=":443"; ma=86400'} 
 body={"results":[{"gender":"female","name":{"title":"Mrs","first":"Gladys","last":"Grant"},"location":{"street":{"number":9949,"name":"W Dallas St"},"city":"Charleston","state":"Missouri","country":"United States","postcode":94844,"coordinates":{"latitude":"84.3161","longitude":"12.1866"},"timezone":{"offset":"+5:45","description":"Kathmandu"}},"email":"gladys.grant@example.com","login":{"uuid":"556bfe27-fadd-42c3-875b-aabfef08429d","username":"sadostrich674","password":"emerald","salt":"P2YjUpaE","md5":"b3f94b829ca80cbef81a7167306d1ad1","sha1":"ae9f6643cae336d86dc803d0359a4931ab178e00","sha256":"41c31a314c92da6b1ad6f67ff7cb06d24d6a5ef467b9c19e05dac4e14aa1e2d0"},"dob":{"date":"1983-11-06T22:50:43.446Z","age":40},"registered":{"date":"2021-03-25T00:59:50.073Z","age":3},"phone":"(905) 416-8319","cell":"(841) 573-0629","id":{"name":"SSN","value":"583-14-2617"},"picture":{"large":"https://randomuser.me/api/portraits/women/87.jpg","medium":"https://randomuser.me/api/portraits/med/women/87.jpg","thumbnail":"https://randomuser.me/api/portraits/thumb/women/87.jpg"},"nat":"US"}],"info":{"seed":"877e494368d517ad","results":1,"page":1,"version":"1.4"}} 
 </msg>
<msg time="2024-06-04T19:13:12.799256" level="INFO">/opt/hostedtoolcache/Python/3.12.3/x64/lib/python3.12/site-packages/urllib3/connectionpool.py:1103: InsecureRequestWarning: Unverified HTTPS request is being made to host 'randomuser.me'. Adding certificate verification is strongly advised. See: https://urllib3.readthedocs.io/en/latest/advanced-usage.html#tls-warnings
  warnings.warn(</msg>
<msg time="2024-06-04T19:13:12.799340" level="INFO">${response} = &lt;Response [200]&gt;</msg>
<var>${response}</var>
<arg>consultarAPI</arg>
<arg>/api</arg>
<doc>Sends a GET request on a previously created HTTP Session.</doc>
<status status="PASS" start="2024-06-04T19:13:12.735981" elapsed="0.063396"/>
</kw>
<kw name="Set Variable" owner="BuiltIn">
<msg time="2024-06-04T19:13:12.800384" level="INFO">${json_data} = {'results': [{'gender': 'female', 'name': {'title': 'Mrs', 'first': 'Gladys', 'last': 'Grant'}, 'location': {'street': {'number': 9949, 'name': 'W Dallas St'}, 'city': 'Charleston', 'state': 'Missouri...</msg>
<var>${json_data}</var>
<arg>${response.json()}</arg>
<doc>Returns the given values which can then be assigned to a variables.</doc>
<status status="PASS" start="2024-06-04T19:13:12.799824" elapsed="0.000587"/>
</kw>
<kw name="Log" owner="BuiltIn">
<msg time="2024-06-04T19:13:12.800869" level="INFO">{'results': [{'gender': 'female', 'name': {'title': 'Mrs', 'first': 'Gladys', 'last': 'Grant'}, 'location': {'street': {'number': 9949, 'name': 'W Dallas St'}, 'city': 'Charleston', 'state': 'Missouri', 'country': 'United States', 'postcode': 94844, 'coordinates': {'latitude': '84.3161', 'longitude': '12.1866'}, 'timezone': {'offset': '+5:45', 'description': 'Kathmandu'}}, 'email': 'gladys.grant@example.com', 'login': {'uuid': '556bfe27-fadd-42c3-875b-aabfef08429d', 'username': 'sadostrich674', 'password': 'emerald', 'salt': 'P2YjUpaE', 'md5': 'b3f94b829ca80cbef81a7167306d1ad1', 'sha1': 'ae9f6643cae336d86dc803d0359a4931ab178e00', 'sha256': '41c31a314c92da6b1ad6f67ff7cb06d24d6a5ef467b9c19e05dac4e14aa1e2d0'}, 'dob': {'date': '1983-11-06T22:50:43.446Z', 'age': 40}, 'registered': {'date': '2021-03-25T00:59:50.073Z', 'age': 3}, 'phone': '(905) 416-8319', 'cell': '(841) 573-0629', 'id': {'name': 'SSN', 'value': '583-14-2617'}, 'picture': {'large': 'https://randomuser.me/api/portraits/women/87.jpg', 'medium': 'https://randomuser.me/api/portraits/med/women/87.jpg', 'thumbnail': 'https://randomuser.me/api/portraits/thumb/women/87.jpg'}, 'nat': 'US'}], 'info': {'seed': '877e494368d517ad', 'results': 1, 'page': 1, 'version': '1.4'}}</msg>
<arg>${json_data}</arg>
<doc>Logs the given message with the given level.</doc>
<status status="PASS" start="2024-06-04T19:13:12.800718" elapsed="0.000230"/>
</kw>
<kw name="Should Be Equal As Numbers" owner="BuiltIn">
<arg>${json_data['results'][0]['location']['postcode']}</arg>
<arg>${json_data['results'][0]['location']['postcode']}</arg>
<doc>Fails if objects are unequal after converting them to real numbers.</doc>
<status status="PASS" start="2024-06-04T19:13:12.801246" elapsed="0.000672"/>
</kw>
<kw name="Log" owner="BuiltIn">
<msg time="2024-06-04T19:13:12.802448" level="INFO">94844</msg>
<arg>${json_data['results'][0]['location']['postcode']}</arg>
<doc>Logs the given message with the given level.</doc>
<status status="PASS" start="2024-06-04T19:13:12.802113" elapsed="0.000375"/>
</kw>
<status status="PASS" start="2024-06-04T19:13:12.735759" elapsed="0.066983"/>
</kw>
<doc>Testa se os tipos de dados na resposta da API estão corretos.</doc>
<tag>testeTiposDados</tag>
<status status="PASS" start="2024-06-04T19:13:12.658244" elapsed="0.144662"/>
</test>
<test id="s1-s1-t5" name="Validar conteudo" line="35">
<kw name="Teste de Tipos de Conteudo" owner="random-user-service">
<kw name="GET On Session" owner="RequestsLibrary">
<msg time="2024-06-04T19:13:12.901520" level="INFO">GET Request : url=https://randomuser.me/api 
 path_url=/api 
 headers={'User-Agent': 'python-requests/2.32.3', 'Accept-Encoding': 'gzip, deflate', 'Accept': '*/*', 'Connection': 'keep-alive'} 
 body=None 
 </msg>
<msg time="2024-06-04T19:13:12.901634" level="INFO">GET Response : url=https://randomuser.me/api 
 status=200, reason=OK 
 headers={'Date': 'Tue, 04 Jun 2024 19:13:12 GMT', 'Content-Type': 'application/json; charset=utf-8', 'Transfer-Encoding': 'chunked', 'Connection': 'keep-alive', 'X-Powered-By': 'Express', 'Access-Control-Allow-Origin': '*', 'Cache-Control': 'no-cache', 'ETag': 'W/"48d-w5Zg52zpGU83AxPP+EbIc0mKWas"', 'Vary': 'Accept-Encoding', 'Content-Encoding': 'gzip', 'CF-Cache-Status': 'DYNAMIC', 'Report-To': '{"endpoints":[{"url":"https:\\/\\/a.nel.cloudflare.com\\/report\\/v4?s=uyfjugJvfBOAeOIzRRVJw5EFPg0Yneso1Ik93StcQpDzAEgFQ%2FWY80psExgKvPWEDPjJyWvxSlHbFZVoKQMKhalILPmK6tgpT8cxbQDv4JkinClGXj0ARxP2QOYKBhKV"}],"group":"cf-nel","max_age":604800}', 'NEL': '{"success_fraction":0,"report_to":"cf-nel","max_age":604800}', 'Server': 'cloudflare', 'CF-RAY': '88ea3d270a0e61aa-ORD', 'alt-svc': 'h3=":443"; ma=86400'} 
 body={"results":[{"gender":"male","name":{"title":"Mr","first":"David","last":"Harris"},"location":{"street":{"number":583,"name":"Sinclair Street"},"city":"Napier","state":"Bay of Plenty","country":"New Zealand","postcode":72420,"coordinates":{"latitude":"49.4083","longitude":"-26.7909"},"timezone":{"offset":"-5:00","description":"Eastern Time (US &amp; Canada), Bogota, Lima"}},"email":"david.harris@example.com","login":{"uuid":"4440c71b-da5e-4355-93c0-61c124585826","username":"smallbear446","password":"camden","salt":"2Ot6nvwv","md5":"f23e9cf5ef330972f991837e893f9177","sha1":"f56c6b2834b52962df7a99aa86da89037359e9e2","sha256":"28755e3f8abf399012c29a61dc306248011e0aa1e2f0d5041774325b2a22e5d6"},"dob":{"date":"1948-04-27T04:46:56.668Z","age":76},"registered":{"date":"2018-03-26T14:12:31.288Z","age":6},"phone":"(123)-535-1395","cell":"(296)-327-7838","id":{"name":"","value":null},"picture":{"large":"https://randomuser.me/api/portraits/men/10.jpg","medium":"https://randomuser.me/api/portraits/med/men/10.jpg","thumbnail":"https://randomuser.me/api/portraits/thumb/men/10.jpg"},"nat":"NZ"}],"info":{"seed":"cac486a133c85348","results":1,"page":1,"version":"1.4"}} 
 </msg>
<msg time="2024-06-04T19:13:12.901715" level="INFO">/opt/hostedtoolcache/Python/3.12.3/x64/lib/python3.12/site-packages/urllib3/connectionpool.py:1103: InsecureRequestWarning: Unverified HTTPS request is being made to host 'randomuser.me'. Adding certificate verification is strongly advised. See: https://urllib3.readthedocs.io/en/latest/advanced-usage.html#tls-warnings
  warnings.warn(</msg>
<msg time="2024-06-04T19:13:12.901844" level="INFO">${response} = &lt;Response [200]&gt;</msg>
<var>${response}</var>
<arg>consultarAPI</arg>
<arg>/api</arg>
<doc>Sends a GET request on a previously created HTTP Session.</doc>
<status status="PASS" start="2024-06-04T19:13:12.805406" elapsed="0.096492"/>
</kw>
<kw name="Set Variable" owner="BuiltIn">
<msg time="2024-06-04T19:13:12.902984" level="INFO">${json_data} = {'results': [{'gender': 'male', 'name': {'title': 'Mr', 'first': 'David', 'last': 'Harris'}, 'location': {'street': {'number': 583, 'name': 'Sinclair Street'}, 'city': 'Napier', 'state': 'Bay of Plent...</msg>
<var>${json_data}</var>
<arg>${response.json()}</arg>
<doc>Returns the given values which can then be assigned to a variables.</doc>
<status status="PASS" start="2024-06-04T19:13:12.902436" elapsed="0.000577"/>
</kw>
<kw name="Set Variable" owner="BuiltIn">
<msg time="2024-06-04T19:13:12.903696" level="INFO">${name_title} = Mr</msg>
<var>${name_title}</var>
<arg>${json_data["results"][0]["name"]["title"]}</arg>
<doc>Returns the given values which can then be assigned to a variables.</doc>
<status status="PASS" start="2024-06-04T19:13:12.903318" elapsed="0.000403"/>
</kw>
<kw name="Create List" owner="BuiltIn">
<msg time="2024-06-04T19:13:12.904162" level="INFO">${allowed_titles} = ['Mr', 'Ms', 'Miss', 'Mrs', 'Madame', 'Monsieur']</msg>
<var>${allowed_titles}</var>
<arg>Mr</arg>
<arg>Ms</arg>
<arg>Miss</arg>
<arg>Mrs</arg>
<arg>Madame</arg>
<arg>Monsieur</arg>
<doc>Returns a list containing given items.</doc>
<status status="PASS" start="2024-06-04T19:13:12.904013" elapsed="0.000172"/>
</kw>
<kw name="List Should Contain Value" owner="Collections">
<msg time="2024-06-04T19:13:12.904650" level="INFO">False</msg>
<arg>${allowed_titles}</arg>
<arg>${name_title}</arg>
<doc>Fails if the ``value`` is not found from ``list``.</doc>
<status status="PASS" start="2024-06-04T19:13:12.904482" elapsed="0.000203"/>
</kw>
<kw name="Set Variable" owner="BuiltIn">
<msg time="2024-06-04T19:13:12.905484" level="INFO">${name_country} = NZ</msg>
<var>${name_country}</var>
<arg>${json_data["results"][0]["nat"]}</arg>
<doc>Returns the given values which can then be assigned to a variables.</doc>
<status status="PASS" start="2024-06-04T19:13:12.904973" elapsed="0.000536"/>
</kw>
<kw name="Create List" owner="BuiltIn">
<msg time="2024-06-04T19:13:12.906466" level="INFO">${list_country} = ['AD', 'AE', 'AF', 'AG', 'AI', 'AL', 'AM', 'AO', 'AQ', 'AR', 'AS', 'AT', 'AU', 'AW', 'AX', 'AZ', 'BA', 'BB', 'BD', 'BE', 'BF', 'BG', 'BH', 'BI', 'BJ', 'BL', 'BM', 'BN', 'BO', 'BQ', 'BR', 'BS', 'BT', '...</msg>
<var>${list_country}</var>
<arg>AD</arg>
<arg>AE</arg>
<arg>AF</arg>
<arg>AG</arg>
<arg>AI</arg>
<arg>AL</arg>
<arg>AM</arg>
<arg>AO</arg>
<arg>AQ</arg>
<arg>AR</arg>
<arg>AS</arg>
<arg>AT</arg>
<arg>AU</arg>
<arg>AW</arg>
<arg>AX</arg>
<arg>AZ</arg>
<arg>BA</arg>
<arg>BB</arg>
<arg>BD</arg>
<arg>BE</arg>
<arg>BF</arg>
<arg>BG</arg>
<arg>BH</arg>
<arg>BI</arg>
<arg>BJ</arg>
<arg>BL</arg>
<arg>BM</arg>
<arg>BN</arg>
<arg>BO</arg>
<arg>BQ</arg>
<arg>BR</arg>
<arg>BS</arg>
<arg>BT</arg>
<arg>BV</arg>
<arg>BW</arg>
<arg>BY</arg>
<arg>BZ</arg>
<arg>CA</arg>
<arg>CC</arg>
<arg>CD</arg>
<arg>CF</arg>
<arg>CG</arg>
<arg>CH</arg>
<arg>CI</arg>
<arg>CK</arg>
<arg>CL</arg>
<arg>CM</arg>
<arg>CN</arg>
<arg>CO</arg>
<arg>CR</arg>
<arg>CU</arg>
<arg>CV</arg>
<arg>CW</arg>
<arg>CX</arg>
<arg>CY</arg>
<arg>CZ</arg>
<arg>DE</arg>
<arg>DJ</arg>
<arg>DK</arg>
<arg>DM</arg>
<arg>DO</arg>
<arg>DZ</arg>
<arg>EC</arg>
<arg>EE</arg>
<arg>EG</arg>
<arg>EH</arg>
<arg>ER</arg>
<arg>ES</arg>
<arg>ET</arg>
<arg>FI</arg>
<arg>FJ</arg>
<arg>FK</arg>
<arg>FM</arg>
<arg>FO</arg>
<arg>FR</arg>
<arg>GA</arg>
<arg>GB</arg>
<arg>GD</arg>
<arg>GE</arg>
<arg>GF</arg>
<arg>GG</arg>
<arg>GH</arg>
<arg>GI</arg>
<arg>GL</arg>
<arg>GM</arg>
<arg>GN</arg>
<arg>GP</arg>
<arg>GQ</arg>
<arg>GR</arg>
<arg>GS</arg>
<arg>GT</arg>
<arg>GU</arg>
<arg>GW</arg>
<arg>GY</arg>
<arg>HK</arg>
<arg>HM</arg>
<arg>HN</arg>
<arg>HR</arg>
<arg>HT</arg>
<arg>HU</arg>
<arg>ID</arg>
<arg>IE</arg>
<arg>IL</arg>
<arg>IM</arg>
<arg>IN</arg>
<arg>IO</arg>
<arg>IQ</arg>
<arg>IR</arg>
<arg>IS</arg>
<arg>IT</arg>
<arg>JE</arg>
<arg>JM</arg>
<arg>JO</arg>
<arg>JP</arg>
<arg>KE</arg>
<arg>KG</arg>
<arg>KH</arg>
<arg>KI</arg>
<arg>KM</arg>
<arg>KN</arg>
<arg>KP</arg>
<arg>KR</arg>
<arg>KW</arg>
<arg>KY</arg>
<arg>KZ</arg>
<arg>LA</arg>
<arg>LB</arg>
<arg>LC</arg>
<arg>LI</arg>
<arg>LK</arg>
<arg>LR</arg>
<arg>LS</arg>
<arg>LT</arg>
<arg>LU</arg>
<arg>LV</arg>
<arg>LY</arg>
<arg>MA</arg>
<arg>MC</arg>
<arg>MD</arg>
<arg>ME</arg>
<arg>MF</arg>
<arg>MG</arg>
<arg>MH</arg>
<arg>MK</arg>
<arg>ML</arg>
<arg>MM</arg>
<arg>MN</arg>
<arg>MO</arg>
<arg>MP</arg>
<arg>MQ</arg>
<arg>MR</arg>
<arg>MS</arg>
<arg>MT</arg>
<arg>MU</arg>
<arg>MV</arg>
<arg>MW</arg>
<arg>MX</arg>
<arg>MY</arg>
<arg>MZ</arg>
<arg>NA</arg>
<arg>NC</arg>
<arg>NE</arg>
<arg>NF</arg>
<arg>NG</arg>
<arg>NI</arg>
<arg>NL</arg>
<arg>NO</arg>
<arg>NP</arg>
<arg>NR</arg>
<arg>NU</arg>
<arg>NZ</arg>
<arg>OM</arg>
<arg>PA</arg>
<arg>PE</arg>
<arg>PF</arg>
<arg>PG</arg>
<arg>PH</arg>
<arg>PK</arg>
<arg>PL</arg>
<arg>PM</arg>
<arg>PN</arg>
<arg>PR</arg>
<arg>PS</arg>
<arg>PT</arg>
<arg>PW</arg>
<arg>PY</arg>
<arg>QA</arg>
<arg>RE</arg>
<arg>RO</arg>
<arg>RS</arg>
<arg>RU</arg>
<arg>RW</arg>
<arg>SA</arg>
<arg>SB</arg>
<arg>SC</arg>
<arg>SD</arg>
<arg>SE</arg>
<arg>SG</arg>
<arg>SH</arg>
<arg>SI</arg>
<arg>SJ</arg>
<arg>SK</arg>
<arg>SL</arg>
<arg>SM</arg>
<arg>SN</arg>
<arg>SO</arg>
<arg>SR</arg>
<arg>SS</arg>
<arg>ST</arg>
<arg>SV</arg>
<arg>SX</arg>
<arg>SY</arg>
<arg>SZ</arg>
<arg>TC</arg>
<arg>TD</arg>
<arg>TF</arg>
<arg>TG</arg>
<arg>TH</arg>
<arg>TJ</arg>
<arg>TK</arg>
<arg>TL</arg>
<arg>TM</arg>
<arg>TN</arg>
<arg>TO</arg>
<arg>TR</arg>
<arg>TT</arg>
<arg>TV</arg>
<arg>TW</arg>
<arg>TZ</arg>
<arg>UA</arg>
<arg>UG</arg>
<arg>UM</arg>
<arg>US</arg>
<arg>UY</arg>
<arg>UZ</arg>
<arg>VA</arg>
<arg>VC</arg>
<arg>VE</arg>
<arg>VG</arg>
<arg>VI</arg>
<arg>VN</arg>
<arg>VU</arg>
<arg>WF</arg>
<arg>WS</arg>
<arg>XK</arg>
<arg>YE</arg>
<arg>YT</arg>
<arg>ZA</arg>
<arg>ZM</arg>
<arg>ZW</arg>
<doc>Returns a list containing given items.</doc>
<status status="PASS" start="2024-06-04T19:13:12.905861" elapsed="0.000631"/>
</kw>
<kw name="List Should Contain Value" owner="Collections">
<msg time="2024-06-04T19:13:12.907559" level="INFO">False</msg>
<arg>${list_country}</arg>
<arg>${name_country}</arg>
<doc>Fails if the ``value`` is not found from ``list``.</doc>
<status status="PASS" start="2024-06-04T19:13:12.907344" elapsed="0.000251"/>
</kw>
<kw name="Run Keyword If" owner="BuiltIn">
<kw name="Should Be True" owner="BuiltIn">
<arg>${True}</arg>
<doc>Fails if the given condition is not true.</doc>
<status status="PASS" start="2024-06-04T19:13:12.908659" elapsed="0.000148"/>
</kw>
<arg>${json_data["results"][0]["location"]["coordinates"]["latitude"]} &gt;= -90 and ${json_data["results"][0]["location"]["coordinates"]["latitude"]} &lt;= 90</arg>
<arg>Should Be True</arg>
<arg>${True}</arg>
<doc>Runs the given keyword with the given arguments, if ``condition`` is true.</doc>
<status status="PASS" start="2024-06-04T19:13:12.907910" elapsed="0.001023"/>
</kw>
<kw name="Run Keyword If" owner="BuiltIn">
<kw name="Should Be True" owner="BuiltIn">
<arg>${True}</arg>
<doc>Fails if the given condition is not true.</doc>
<status status="PASS" start="2024-06-04T19:13:12.909856" elapsed="0.000150"/>
</kw>
<arg>${json_data["results"][0]["location"]["coordinates"]["longitude"]} &gt;= -180 and ${json_data["results"][0]["location"]["coordinates"]["longitude"]} &lt;= 180</arg>
<arg>Should Be True</arg>
<arg>${True}</arg>
<doc>Runs the given keyword with the given arguments, if ``condition`` is true.</doc>
<status status="PASS" start="2024-06-04T19:13:12.909125" elapsed="0.001005"/>
</kw>
<status status="PASS" start="2024-06-04T19:13:12.805176" elapsed="0.105082"/>
</kw>
<doc>Testa o conteúdo específico dos campos retornados pela API.</doc>
<tag>testeConteudo</tag>
<status status="PASS" start="2024-06-04T19:13:12.804648" elapsed="0.105757"/>
</test>
<status status="PASS" start="2024-06-04T19:13:11.731365" elapsed="1.180987"/>
</suite>
<status status="PASS" start="2024-06-04T19:13:11.718013" elapsed="1.199531"/>
</suite>
<statistics>
<total>
<stat pass="5" fail="0" skip="0">All Tests</stat>
</total>
<tag>
<stat pass="1" fail="0" skip="0">testeConteudo</stat>
<stat pass="1" fail="0" skip="0">testeEstruturaResposta</stat>
<stat pass="1" fail="0" skip="0">testeRequisicaoBasica</stat>
<stat pass="1" fail="0" skip="0">testeTiposDados</stat>
</tag>
<suite>
<stat pass="5" fail="0" skip="0" id="s1" name="Tests">Tests</stat>
<stat pass="5" fail="0" skip="0" id="s1-s1" name="Random-User-Test">Tests.Random-User-Test</stat>
</suite>
</statistics>
<errors>
</errors>
</robot>
