<?xml version="1.0" encoding="UTF-8"?>
<robot generator="Robot 7.0 (Python 3.12.2 on linux)" generated="2024-04-08T08:17:45.800041" rpa="false" schemaversion="5">
<suite id="s1" name="Tests" source="/home/runner/work/DesafioQAItauRogerioJordao/DesafioQAItauRogerioJordao/RamdonUser/tests">
<suite id="s1-s1" name="Random-User-Test" source="/home/runner/work/DesafioQAItauRogerioJordao/DesafioQAItauRogerioJordao/RamdonUser/tests/random-user-test.robot">
<test id="s1-s1-t1" name="Conectar" line="13">
<kw name="Conectar API" owner="random-user-service">
<kw name="Create Session" owner="RequestsLibrary">
<msg time="2024-04-08T08:17:46.193059" level="INFO">Creating Session using : alias=consultarAPI, url=https://randomuser.me/, headers={},                     cookies={}, auth=None, timeout=None, proxies=None, verify=False,                     debug=0 </msg>
<arg>consultarAPI</arg>
<arg>${URL}</arg>
<doc>Create Session: create a HTTP session to a server</doc>
<status status="PASS" start="2024-04-08T08:17:46.192850" elapsed="0.000387"/>
</kw>
<status status="PASS" start="2024-04-08T08:17:46.191795" elapsed="0.001812"/>
</kw>
<status status="PASS" start="2024-04-08T08:17:46.191156" elapsed="0.002663"/>
</test>
<test id="s1-s1-t2" name="Validar retorno 200 e JSON Válido" line="16">
<kw name="Teste de Requisicao Basica" owner="random-user-service">
<kw name="GET On Session" owner="RequestsLibrary">
<msg time="2024-04-08T08:17:46.268203" level="INFO">GET Request : url=https://randomuser.me/api 
 path_url=/api 
 headers={'User-Agent': 'python-requests/2.31.0', 'Accept-Encoding': 'gzip, deflate', 'Accept': '*/*', 'Connection': 'keep-alive'} 
 body=None 
 </msg>
<msg time="2024-04-08T08:17:46.268348" level="INFO">GET Response : url=https://randomuser.me/api 
 status=200, reason=OK 
 headers={'Date': 'Mon, 08 Apr 2024 08:17:46 GMT', 'Content-Type': 'application/json; charset=utf-8', 'Transfer-Encoding': 'chunked', 'Connection': 'keep-alive', 'X-Powered-By': 'Express', 'Access-Control-Allow-Origin': '*', 'Cache-Control': 'no-cache', 'ETag': 'W/"48a-zyhW9Ak+ibj+0sOiy9i3St1f0CU"', 'Vary': 'Accept-Encoding', 'Content-Encoding': 'gzip', 'CF-Cache-Status': 'DYNAMIC', 'Report-To': '{"endpoints":[{"url":"https:\\/\\/a.nel.cloudflare.com\\/report\\/v4?s=w3pgLPQlks3K146zJ1tI8Zk4w20RaX3gGiwcupZ3JdvgENt0S%2BehhAYBqhq4IpGb4AJrhxn6jq9DUFAnNOTBmHj6uV15a5jRGkCLvgpj0tWddt%2FCAvzie6Y6ziGvJRYn"}],"group":"cf-nel","max_age":604800}', 'NEL': '{"success_fraction":0,"report_to":"cf-nel","max_age":604800}', 'Server': 'cloudflare', 'CF-RAY': '8710d2a7deb728a4-IAD', 'alt-svc': 'h3=":443"; ma=86400'} 
 body={"results":[{"gender":"female","name":{"title":"Miss","first":"Emma","last":"Butler"},"location":{"street":{"number":8226,"name":"West Street"},"city":"Bangor","state":"North Yorkshire","country":"United Kingdom","postcode":"B02 3UZ","coordinates":{"latitude":"-6.8921","longitude":"119.6521"},"timezone":{"offset":"-9:00","description":"Alaska"}},"email":"emma.butler@example.com","login":{"uuid":"5101df0a-df05-4510-9c40-1ac461b0232f","username":"angrybutterfly683","password":"dewalt","salt":"7bvufcwU","md5":"bb2ccbc115ccabbe0c6a2fa7f2ab602f","sha1":"26fdaaf675f97973fca2972fd37432a1d1f76b84","sha256":"2312af66d90a4260c89456863d35162be501278982d2a36ff46e71d400167cca"},"dob":{"date":"1988-09-10T12:23:41.635Z","age":35},"registered":{"date":"2007-05-28T17:46:04.346Z","age":16},"phone":"016974 70828","cell":"07296 773296","id":{"name":"NINO","value":"WP 31 11 90 O"},"picture":{"large":"https://randomuser.me/api/portraits/women/39.jpg","medium":"https://randomuser.me/api/portraits/med/women/39.jpg","thumbnail":"https://randomuser.me/api/portraits/thumb/women/39.jpg"},"nat":"GB"}],"info":{"seed":"7379c012fd37206f","results":1,"page":1,"version":"1.4"}} 
 </msg>
<msg time="2024-04-08T08:17:46.268439" level="INFO">/opt/hostedtoolcache/Python/3.12.2/x64/lib/python3.12/site-packages/urllib3/connectionpool.py:1103: InsecureRequestWarning: Unverified HTTPS request is being made to host 'randomuser.me'. Adding certificate verification is strongly advised. See: https://urllib3.readthedocs.io/en/latest/advanced-usage.html#tls-warnings
  warnings.warn(</msg>
<msg time="2024-04-08T08:17:46.268595" level="INFO">${response} = &lt;Response [200]&gt;</msg>
<var>${response}</var>
<arg>consultarAPI</arg>
<arg>/api</arg>
<doc>Sends a GET request on a previously created HTTP Session.</doc>
<status status="PASS" start="2024-04-08T08:17:46.196516" elapsed="0.072126"/>
</kw>
<kw name="Should Be Equal As Numbers" owner="BuiltIn">
<msg time="2024-04-08T08:17:46.269533" level="INFO">Argument types are:
&lt;class 'int'&gt;
&lt;class 'str'&gt;</msg>
<arg>${response.status_code}</arg>
<arg>200</arg>
<doc>Fails if objects are unequal after converting them to real numbers.</doc>
<status status="PASS" start="2024-04-08T08:17:46.269086" elapsed="0.000512"/>
</kw>
<kw name="Log" owner="BuiltIn">
<msg time="2024-04-08T08:17:46.270306" level="INFO">200</msg>
<arg>${response.status_code}</arg>
<doc>Logs the given message with the given level.</doc>
<status status="PASS" start="2024-04-08T08:17:46.269940" elapsed="0.000421"/>
</kw>
<kw name="Set Variable" owner="BuiltIn">
<msg time="2024-04-08T08:17:46.271161" level="INFO">${json_data} = {'results': [{'gender': 'female', 'name': {'title': 'Miss', 'first': 'Emma', 'last': 'Butler'}, 'location': {'street': {'number': 8226, 'name': 'West Street'}, 'city': 'Bangor', 'state': 'North Yorksh...</msg>
<var>${json_data}</var>
<arg>${response.json()}</arg>
<doc>Returns the given values which can then be assigned to a variables.</doc>
<status status="PASS" start="2024-04-08T08:17:46.270709" elapsed="0.000480"/>
</kw>
<kw name="Dictionary Should Contain Key" owner="Collections">
<msg time="2024-04-08T08:17:46.271732" level="INFO">False</msg>
<arg>${json_data}</arg>
<arg>results</arg>
<doc>Fails if ``key`` is not found from ``dictionary``.</doc>
<status status="PASS" start="2024-04-08T08:17:46.271558" elapsed="0.000214"/>
</kw>
<status status="PASS" start="2024-04-08T08:17:46.196252" elapsed="0.075785"/>
</kw>
<doc>Testa se a API responde corretamente e retorna um objeto JSON válido.</doc>
<tag>testeRequisicaoBasica</tag>
<status status="PASS" start="2024-04-08T08:17:46.195715" elapsed="0.076507"/>
</test>
<test id="s1-s1-t3" name="Validar estrutura de resposta" line="22">
<kw name="Teste de Estrutura de Resposta" owner="random-user-service">
<kw name="GET On Session" owner="RequestsLibrary">
<msg time="2024-04-08T08:17:46.354050" level="INFO">GET Request : url=https://randomuser.me/api 
 path_url=/api 
 headers={'User-Agent': 'python-requests/2.31.0', 'Accept-Encoding': 'gzip, deflate', 'Accept': '*/*', 'Connection': 'keep-alive'} 
 body=None 
 </msg>
<msg time="2024-04-08T08:17:46.354143" level="INFO">GET Response : url=https://randomuser.me/api 
 status=200, reason=OK 
 headers={'Date': 'Mon, 08 Apr 2024 08:17:46 GMT', 'Content-Type': 'application/json; charset=utf-8', 'Transfer-Encoding': 'chunked', 'Connection': 'keep-alive', 'X-Powered-By': 'Express', 'Access-Control-Allow-Origin': '*', 'Cache-Control': 'no-cache', 'ETag': 'W/"46b-xZrFOxS5XnpE+oiYW0Jd7Sccbw4"', 'Vary': 'Accept-Encoding', 'Content-Encoding': 'gzip', 'CF-Cache-Status': 'DYNAMIC', 'Report-To': '{"endpoints":[{"url":"https:\\/\\/a.nel.cloudflare.com\\/report\\/v4?s=xSprxZNBN4Z1b%2Fi9QIF7c7b2hZqKUKyRBWS3zGMufLNagtgrTpx1a2mJybMBbj%2Bfjw4J0QsGchUXhx4OLnUve8bIw0gjV6QckeA3Hu3GdXjAy%2BfqEDqp4BfYNZd1%2BpqE"}],"group":"cf-nel","max_age":604800}', 'NEL': '{"success_fraction":0,"report_to":"cf-nel","max_age":604800}', 'Server': 'cloudflare', 'CF-RAY': '8710d2a83eff28a4-IAD', 'alt-svc': 'h3=":443"; ma=86400'} 
 body={"results":[{"gender":"male","name":{"title":"Mr","first":"سینا","last":"صدر"},"location":{"street":{"number":38,"name":"پارک ولیعصر"},"city":"ورامین","state":"هرمزگان","country":"Iran","postcode":32621,"coordinates":{"latitude":"18.8936","longitude":"-103.4641"},"timezone":{"offset":"+3:30","description":"Tehran"}},"email":"syn.sdr@example.com","login":{"uuid":"8690fdb4-8cd3-409e-93e8-66bc73e93650","username":"tinylion461","password":"camels","salt":"GXZlcL5M","md5":"0c01807b08e307d13ef64df04c0de5e5","sha1":"f64eede23d72132330a5f4f46c023ed5ea6577be","sha256":"31e1765c269c0d71b97c260b6101b9b581dfa2364d7795d1b911f0801041fc52"},"dob":{"date":"1968-08-13T21:24:22.014Z","age":55},"registered":{"date":"2017-02-04T17:46:11.852Z","age":7},"phone":"042-85243007","cell":"0939-125-4502","id":{"name":"","value":null},"picture":{"large":"https://randomuser.me/api/portraits/men/80.jpg","medium":"https://randomuser.me/api/portraits/med/men/80.jpg","thumbnail":"https://randomuser.me/api/portraits/thumb/men/80.jpg"},"nat":"IR"}],"info":{"seed":"f5e6db7d953dd3f7","results":1,"page":1,"version":"1.4"}} 
 </msg>
<msg time="2024-04-08T08:17:46.354292" level="INFO">/opt/hostedtoolcache/Python/3.12.2/x64/lib/python3.12/site-packages/urllib3/connectionpool.py:1103: InsecureRequestWarning: Unverified HTTPS request is being made to host 'randomuser.me'. Adding certificate verification is strongly advised. See: https://urllib3.readthedocs.io/en/latest/advanced-usage.html#tls-warnings
  warnings.warn(</msg>
<msg time="2024-04-08T08:17:46.354443" level="INFO">${response} = &lt;Response [200]&gt;</msg>
<var>${response}</var>
<arg>consultarAPI</arg>
<arg>/api</arg>
<doc>Sends a GET request on a previously created HTTP Session.</doc>
<status status="PASS" start="2024-04-08T08:17:46.274970" elapsed="0.079526"/>
</kw>
<kw name="Set Variable" owner="BuiltIn">
<msg time="2024-04-08T08:17:46.355508" level="INFO">${json_data} = {'results': [{'gender': 'male', 'name': {'title': 'Mr', 'first': 'سینا', 'last': 'صدر'}, 'location': {'street': {'number': 38, 'name': 'پارک ولیعصر'}, 'city': 'ورامین', 'state': 'هرمزگان', 'country': ...</msg>
<var>${json_data}</var>
<arg>${response.json()}</arg>
<doc>Returns the given values which can then be assigned to a variables.</doc>
<status status="PASS" start="2024-04-08T08:17:46.354967" elapsed="0.000573"/>
</kw>
<kw name="Log" owner="BuiltIn">
<msg time="2024-04-08T08:17:46.356040" level="INFO">{'results': [{'gender': 'male', 'name': {'title': 'Mr', 'first': 'سینا', 'last': 'صدر'}, 'location': {'street': {'number': 38, 'name': 'پارک ولیعصر'}, 'city': 'ورامین', 'state': 'هرمزگان', 'country': 'Iran', 'postcode': 32621, 'coordinates': {'latitude': '18.8936', 'longitude': '-103.4641'}, 'timezone': {'offset': '+3:30', 'description': 'Tehran'}}, 'email': 'syn.sdr@example.com', 'login': {'uuid': '8690fdb4-8cd3-409e-93e8-66bc73e93650', 'username': 'tinylion461', 'password': 'camels', 'salt': 'GXZlcL5M', 'md5': '0c01807b08e307d13ef64df04c0de5e5', 'sha1': 'f64eede23d72132330a5f4f46c023ed5ea6577be', 'sha256': '31e1765c269c0d71b97c260b6101b9b581dfa2364d7795d1b911f0801041fc52'}, 'dob': {'date': '1968-08-13T21:24:22.014Z', 'age': 55}, 'registered': {'date': '2017-02-04T17:46:11.852Z', 'age': 7}, 'phone': '042-85243007', 'cell': '0939-125-4502', 'id': {'name': '', 'value': None}, 'picture': {'large': 'https://randomuser.me/api/portraits/men/80.jpg', 'medium': 'https://randomuser.me/api/portraits/med/men/80.jpg', 'thumbnail': 'https://randomuser.me/api/portraits/thumb/men/80.jpg'}, 'nat': 'IR'}], 'info': {'seed': 'f5e6db7d953dd3f7', 'results': 1, 'page': 1, 'version': '1.4'}}</msg>
<arg>${json_data}</arg>
<doc>Logs the given message with the given level.</doc>
<status status="PASS" start="2024-04-08T08:17:46.355872" elapsed="0.000220"/>
</kw>
<kw name="Dictionary Should Contain Key" owner="Collections">
<msg time="2024-04-08T08:17:46.356560" level="INFO">False</msg>
<arg>${json_data}</arg>
<arg>results</arg>
<doc>Fails if ``key`` is not found from ``dictionary``.</doc>
<status status="PASS" start="2024-04-08T08:17:46.356398" elapsed="0.000200"/>
</kw>
<kw name="Should Not Be Empty" owner="BuiltIn">
<msg time="2024-04-08T08:17:46.357034" level="INFO">Length is 2.</msg>
<arg>${json_data}</arg>
<doc>Verifies that the given item is not empty.</doc>
<status status="PASS" start="2024-04-08T08:17:46.356899" elapsed="0.000173"/>
</kw>
<kw name="Create List" owner="BuiltIn">
<msg time="2024-04-08T08:17:46.357515" level="INFO">${expected_keys} = ['gender', 'name', 'location', 'email', 'login']</msg>
<var>${expected_keys}</var>
<arg>gender</arg>
<arg>name</arg>
<arg>location</arg>
<arg>email</arg>
<arg>login</arg>
<doc>Returns a list containing given items.</doc>
<status status="PASS" start="2024-04-08T08:17:46.357364" elapsed="0.000175"/>
</kw>
<for flavor="IN">
<iter>
<kw name="Dictionary Should Contain Key" owner="Collections">
<msg time="2024-04-08T08:17:46.358535" level="INFO">False</msg>
<arg>${json_data['results'][0]}</arg>
<arg>${key}</arg>
<doc>Fails if ``key`` is not found from ``dictionary``.</doc>
<status status="PASS" start="2024-04-08T08:17:46.358131" elapsed="0.000444"/>
</kw>
<kw name="Log" owner="BuiltIn">
<msg time="2024-04-08T08:17:46.359293" level="INFO">{'gender': 'male', 'name': {'title': 'Mr', 'first': 'سینا', 'last': 'صدر'}, 'location': {'street': {'number': 38, 'name': 'پارک ولیعصر'}, 'city': 'ورامین', 'state': 'هرمزگان', 'country': 'Iran', 'postcode': 32621, 'coordinates': {'latitude': '18.8936', 'longitude': '-103.4641'}, 'timezone': {'offset': '+3:30', 'description': 'Tehran'}}, 'email': 'syn.sdr@example.com', 'login': {'uuid': '8690fdb4-8cd3-409e-93e8-66bc73e93650', 'username': 'tinylion461', 'password': 'camels', 'salt': 'GXZlcL5M', 'md5': '0c01807b08e307d13ef64df04c0de5e5', 'sha1': 'f64eede23d72132330a5f4f46c023ed5ea6577be', 'sha256': '31e1765c269c0d71b97c260b6101b9b581dfa2364d7795d1b911f0801041fc52'}, 'dob': {'date': '1968-08-13T21:24:22.014Z', 'age': 55}, 'registered': {'date': '2017-02-04T17:46:11.852Z', 'age': 7}, 'phone': '042-85243007', 'cell': '0939-125-4502', 'id': {'name': '', 'value': None}, 'picture': {'large': 'https://randomuser.me/api/portraits/men/80.jpg', 'medium': 'https://randomuser.me/api/portraits/med/men/80.jpg', 'thumbnail': 'https://randomuser.me/api/portraits/thumb/men/80.jpg'}, 'nat': 'IR'}</msg>
<arg>${json_data['results'][0]}</arg>
<doc>Logs the given message with the given level.</doc>
<status status="PASS" start="2024-04-08T08:17:46.358886" elapsed="0.000479"/>
</kw>
<kw name="Log" owner="BuiltIn">
<msg time="2024-04-08T08:17:46.359807" level="INFO">gender</msg>
<arg>${key}</arg>
<doc>Logs the given message with the given level.</doc>
<status status="PASS" start="2024-04-08T08:17:46.359674" elapsed="0.000171"/>
</kw>
<var name="${key}">gender</var>
<status status="PASS" start="2024-04-08T08:17:46.357994" elapsed="0.002076"/>
</iter>
<iter>
<kw name="Dictionary Should Contain Key" owner="Collections">
<msg time="2024-04-08T08:17:46.360771" level="INFO">False</msg>
<arg>${json_data['results'][0]}</arg>
<arg>${key}</arg>
<doc>Fails if ``key`` is not found from ``dictionary``.</doc>
<status status="PASS" start="2024-04-08T08:17:46.360380" elapsed="0.000430"/>
</kw>
<kw name="Log" owner="BuiltIn">
<msg time="2024-04-08T08:17:46.361505" level="INFO">{'gender': 'male', 'name': {'title': 'Mr', 'first': 'سینا', 'last': 'صدر'}, 'location': {'street': {'number': 38, 'name': 'پارک ولیعصر'}, 'city': 'ورامین', 'state': 'هرمزگان', 'country': 'Iran', 'postcode': 32621, 'coordinates': {'latitude': '18.8936', 'longitude': '-103.4641'}, 'timezone': {'offset': '+3:30', 'description': 'Tehran'}}, 'email': 'syn.sdr@example.com', 'login': {'uuid': '8690fdb4-8cd3-409e-93e8-66bc73e93650', 'username': 'tinylion461', 'password': 'camels', 'salt': 'GXZlcL5M', 'md5': '0c01807b08e307d13ef64df04c0de5e5', 'sha1': 'f64eede23d72132330a5f4f46c023ed5ea6577be', 'sha256': '31e1765c269c0d71b97c260b6101b9b581dfa2364d7795d1b911f0801041fc52'}, 'dob': {'date': '1968-08-13T21:24:22.014Z', 'age': 55}, 'registered': {'date': '2017-02-04T17:46:11.852Z', 'age': 7}, 'phone': '042-85243007', 'cell': '0939-125-4502', 'id': {'name': '', 'value': None}, 'picture': {'large': 'https://randomuser.me/api/portraits/men/80.jpg', 'medium': 'https://randomuser.me/api/portraits/med/men/80.jpg', 'thumbnail': 'https://randomuser.me/api/portraits/thumb/men/80.jpg'}, 'nat': 'IR'}</msg>
<arg>${json_data['results'][0]}</arg>
<doc>Logs the given message with the given level.</doc>
<status status="PASS" start="2024-04-08T08:17:46.361139" elapsed="0.000418"/>
</kw>
<kw name="Log" owner="BuiltIn">
<msg time="2024-04-08T08:17:46.361990" level="INFO">name</msg>
<arg>${key}</arg>
<doc>Logs the given message with the given level.</doc>
<status status="PASS" start="2024-04-08T08:17:46.361860" elapsed="0.000169"/>
</kw>
<var name="${key}">name</var>
<status status="PASS" start="2024-04-08T08:17:46.360263" elapsed="0.001984"/>
</iter>
<iter>
<kw name="Dictionary Should Contain Key" owner="Collections">
<msg time="2024-04-08T08:17:46.362927" level="INFO">False</msg>
<arg>${json_data['results'][0]}</arg>
<arg>${key}</arg>
<doc>Fails if ``key`` is not found from ``dictionary``.</doc>
<status status="PASS" start="2024-04-08T08:17:46.362545" elapsed="0.000421"/>
</kw>
<kw name="Log" owner="BuiltIn">
<msg time="2024-04-08T08:17:46.363686" level="INFO">{'gender': 'male', 'name': {'title': 'Mr', 'first': 'سینا', 'last': 'صدر'}, 'location': {'street': {'number': 38, 'name': 'پارک ولیعصر'}, 'city': 'ورامین', 'state': 'هرمزگان', 'country': 'Iran', 'postcode': 32621, 'coordinates': {'latitude': '18.8936', 'longitude': '-103.4641'}, 'timezone': {'offset': '+3:30', 'description': 'Tehran'}}, 'email': 'syn.sdr@example.com', 'login': {'uuid': '8690fdb4-8cd3-409e-93e8-66bc73e93650', 'username': 'tinylion461', 'password': 'camels', 'salt': 'GXZlcL5M', 'md5': '0c01807b08e307d13ef64df04c0de5e5', 'sha1': 'f64eede23d72132330a5f4f46c023ed5ea6577be', 'sha256': '31e1765c269c0d71b97c260b6101b9b581dfa2364d7795d1b911f0801041fc52'}, 'dob': {'date': '1968-08-13T21:24:22.014Z', 'age': 55}, 'registered': {'date': '2017-02-04T17:46:11.852Z', 'age': 7}, 'phone': '042-85243007', 'cell': '0939-125-4502', 'id': {'name': '', 'value': None}, 'picture': {'large': 'https://randomuser.me/api/portraits/men/80.jpg', 'medium': 'https://randomuser.me/api/portraits/med/men/80.jpg', 'thumbnail': 'https://randomuser.me/api/portraits/thumb/men/80.jpg'}, 'nat': 'IR'}</msg>
<arg>${json_data['results'][0]}</arg>
<doc>Logs the given message with the given level.</doc>
<status status="PASS" start="2024-04-08T08:17:46.363302" elapsed="0.000440"/>
</kw>
<kw name="Log" owner="BuiltIn">
<msg time="2024-04-08T08:17:46.364169" level="INFO">location</msg>
<arg>${key}</arg>
<doc>Logs the given message with the given level.</doc>
<status status="PASS" start="2024-04-08T08:17:46.364041" elapsed="0.000167"/>
</kw>
<var name="${key}">location</var>
<status status="PASS" start="2024-04-08T08:17:46.362430" elapsed="0.002001"/>
</iter>
<iter>
<kw name="Dictionary Should Contain Key" owner="Collections">
<msg time="2024-04-08T08:17:46.365112" level="INFO">False</msg>
<arg>${json_data['results'][0]}</arg>
<arg>${key}</arg>
<doc>Fails if ``key`` is not found from ``dictionary``.</doc>
<status status="PASS" start="2024-04-08T08:17:46.364721" elapsed="0.000430"/>
</kw>
<kw name="Log" owner="BuiltIn">
<msg time="2024-04-08T08:17:46.365815" level="INFO">{'gender': 'male', 'name': {'title': 'Mr', 'first': 'سینا', 'last': 'صدر'}, 'location': {'street': {'number': 38, 'name': 'پارک ولیعصر'}, 'city': 'ورامین', 'state': 'هرمزگان', 'country': 'Iran', 'postcode': 32621, 'coordinates': {'latitude': '18.8936', 'longitude': '-103.4641'}, 'timezone': {'offset': '+3:30', 'description': 'Tehran'}}, 'email': 'syn.sdr@example.com', 'login': {'uuid': '8690fdb4-8cd3-409e-93e8-66bc73e93650', 'username': 'tinylion461', 'password': 'camels', 'salt': 'GXZlcL5M', 'md5': '0c01807b08e307d13ef64df04c0de5e5', 'sha1': 'f64eede23d72132330a5f4f46c023ed5ea6577be', 'sha256': '31e1765c269c0d71b97c260b6101b9b581dfa2364d7795d1b911f0801041fc52'}, 'dob': {'date': '1968-08-13T21:24:22.014Z', 'age': 55}, 'registered': {'date': '2017-02-04T17:46:11.852Z', 'age': 7}, 'phone': '042-85243007', 'cell': '0939-125-4502', 'id': {'name': '', 'value': None}, 'picture': {'large': 'https://randomuser.me/api/portraits/men/80.jpg', 'medium': 'https://randomuser.me/api/portraits/med/men/80.jpg', 'thumbnail': 'https://randomuser.me/api/portraits/thumb/men/80.jpg'}, 'nat': 'IR'}</msg>
<arg>${json_data['results'][0]}</arg>
<doc>Logs the given message with the given level.</doc>
<status status="PASS" start="2024-04-08T08:17:46.365453" elapsed="0.000414"/>
</kw>
<kw name="Log" owner="BuiltIn">
<msg time="2024-04-08T08:17:46.366311" level="INFO">email</msg>
<arg>${key}</arg>
<doc>Logs the given message with the given level.</doc>
<status status="PASS" start="2024-04-08T08:17:46.366183" elapsed="0.000167"/>
</kw>
<var name="${key}">email</var>
<status status="PASS" start="2024-04-08T08:17:46.364607" elapsed="0.001961"/>
</iter>
<iter>
<kw name="Dictionary Should Contain Key" owner="Collections">
<msg time="2024-04-08T08:17:46.367280" level="INFO">False</msg>
<arg>${json_data['results'][0]}</arg>
<arg>${key}</arg>
<doc>Fails if ``key`` is not found from ``dictionary``.</doc>
<status status="PASS" start="2024-04-08T08:17:46.366856" elapsed="0.000472"/>
</kw>
<kw name="Log" owner="BuiltIn">
<msg time="2024-04-08T08:17:46.368016" level="INFO">{'gender': 'male', 'name': {'title': 'Mr', 'first': 'سینا', 'last': 'صدر'}, 'location': {'street': {'number': 38, 'name': 'پارک ولیعصر'}, 'city': 'ورامین', 'state': 'هرمزگان', 'country': 'Iran', 'postcode': 32621, 'coordinates': {'latitude': '18.8936', 'longitude': '-103.4641'}, 'timezone': {'offset': '+3:30', 'description': 'Tehran'}}, 'email': 'syn.sdr@example.com', 'login': {'uuid': '8690fdb4-8cd3-409e-93e8-66bc73e93650', 'username': 'tinylion461', 'password': 'camels', 'salt': 'GXZlcL5M', 'md5': '0c01807b08e307d13ef64df04c0de5e5', 'sha1': 'f64eede23d72132330a5f4f46c023ed5ea6577be', 'sha256': '31e1765c269c0d71b97c260b6101b9b581dfa2364d7795d1b911f0801041fc52'}, 'dob': {'date': '1968-08-13T21:24:22.014Z', 'age': 55}, 'registered': {'date': '2017-02-04T17:46:11.852Z', 'age': 7}, 'phone': '042-85243007', 'cell': '0939-125-4502', 'id': {'name': '', 'value': None}, 'picture': {'large': 'https://randomuser.me/api/portraits/men/80.jpg', 'medium': 'https://randomuser.me/api/portraits/med/men/80.jpg', 'thumbnail': 'https://randomuser.me/api/portraits/thumb/men/80.jpg'}, 'nat': 'IR'}</msg>
<arg>${json_data['results'][0]}</arg>
<doc>Logs the given message with the given level.</doc>
<status status="PASS" start="2024-04-08T08:17:46.367635" elapsed="0.000432"/>
</kw>
<kw name="Log" owner="BuiltIn">
<msg time="2024-04-08T08:17:46.368491" level="INFO">login</msg>
<arg>${key}</arg>
<doc>Logs the given message with the given level.</doc>
<status status="PASS" start="2024-04-08T08:17:46.368363" elapsed="0.000172"/>
</kw>
<var name="${key}">login</var>
<status status="PASS" start="2024-04-08T08:17:46.366743" elapsed="0.002031"/>
</iter>
<var>${key}</var>
<value>@{expected_keys}</value>
<status status="PASS" start="2024-04-08T08:17:46.357801" elapsed="0.011097"/>
</for>
<kw name="Create List" owner="BuiltIn">
<msg time="2024-04-08T08:17:46.369285" level="INFO">${expected_keysTwo} = ['username', 'password']</msg>
<var>${expected_keysTwo}</var>
<arg>username</arg>
<arg>password</arg>
<doc>Returns a list containing given items.</doc>
<status status="PASS" start="2024-04-08T08:17:46.369139" elapsed="0.000171"/>
</kw>
<for flavor="IN">
<iter>
<kw name="Dictionary Should Contain Key" owner="Collections">
<msg time="2024-04-08T08:17:46.370352" level="INFO">False</msg>
<arg>${json_data['results'][0]['login']}</arg>
<arg>${keyTwo}</arg>
<doc>Fails if ``key`` is not found from ``dictionary``.</doc>
<status status="PASS" start="2024-04-08T08:17:46.369955" elapsed="0.000435"/>
</kw>
<kw name="Dictionary Should Contain Key" owner="Collections">
<msg time="2024-04-08T08:17:46.371080" level="INFO">False</msg>
<arg>${json_data['results'][0]['login']}</arg>
<arg>${keyTwo}</arg>
<doc>Fails if ``key`` is not found from ``dictionary``.</doc>
<status status="PASS" start="2024-04-08T08:17:46.370691" elapsed="0.000427"/>
</kw>
<kw name="Log" owner="BuiltIn">
<msg time="2024-04-08T08:17:46.371588" level="INFO">username</msg>
<arg>${keyTwo}</arg>
<doc>Logs the given message with the given level.</doc>
<status status="PASS" start="2024-04-08T08:17:46.371458" elapsed="0.000169"/>
</kw>
<var name="${keyTwo}">username</var>
<status status="PASS" start="2024-04-08T08:17:46.369839" elapsed="0.002009"/>
</iter>
<iter>
<kw name="Dictionary Should Contain Key" owner="Collections">
<msg time="2024-04-08T08:17:46.372522" level="INFO">False</msg>
<arg>${json_data['results'][0]['login']}</arg>
<arg>${keyTwo}</arg>
<doc>Fails if ``key`` is not found from ``dictionary``.</doc>
<status status="PASS" start="2024-04-08T08:17:46.372139" elapsed="0.000422"/>
</kw>
<kw name="Dictionary Should Contain Key" owner="Collections">
<msg time="2024-04-08T08:17:46.373239" level="INFO">False</msg>
<arg>${json_data['results'][0]['login']}</arg>
<arg>${keyTwo}</arg>
<doc>Fails if ``key`` is not found from ``dictionary``.</doc>
<status status="PASS" start="2024-04-08T08:17:46.372855" elapsed="0.000422"/>
</kw>
<kw name="Log" owner="BuiltIn">
<msg time="2024-04-08T08:17:46.373698" level="INFO">password</msg>
<arg>${keyTwo}</arg>
<doc>Logs the given message with the given level.</doc>
<status status="PASS" start="2024-04-08T08:17:46.373571" elapsed="0.000166"/>
</kw>
<var name="${keyTwo}">password</var>
<status status="PASS" start="2024-04-08T08:17:46.372027" elapsed="0.001930"/>
</iter>
<var>${keyTwo}</var>
<value>@{expected_keysTwo}</value>
<status status="PASS" start="2024-04-08T08:17:46.369563" elapsed="0.004518"/>
</for>
<status status="PASS" start="2024-04-08T08:17:46.274728" elapsed="0.099501"/>
</kw>
<doc>Testa a estrutura da resposta da API.</doc>
<tag>testeEstruturaResposta</tag>
<status status="PASS" start="2024-04-08T08:17:46.274050" elapsed="0.100348"/>
</test>
<test id="s1-s1-t4" name="Validar tipos de dados" line="28">
<kw name="Teste de Tipos de Dados" owner="random-user-service">
<kw name="GET On Session" owner="RequestsLibrary">
<msg time="2024-04-08T08:17:46.446373" level="INFO">GET Request : url=https://randomuser.me/api 
 path_url=/api 
 headers={'User-Agent': 'python-requests/2.31.0', 'Accept-Encoding': 'gzip, deflate', 'Accept': '*/*', 'Connection': 'keep-alive'} 
 body=None 
 </msg>
<msg time="2024-04-08T08:17:46.446462" level="INFO">GET Response : url=https://randomuser.me/api 
 status=200, reason=OK 
 headers={'Date': 'Mon, 08 Apr 2024 08:17:46 GMT', 'Content-Type': 'application/json; charset=utf-8', 'Transfer-Encoding': 'chunked', 'Connection': 'keep-alive', 'X-Powered-By': 'Express', 'Access-Control-Allow-Origin': '*', 'Cache-Control': 'no-cache', 'ETag': 'W/"462-LvFrLuROz+Tu4eA0be4dzhANkRg"', 'Vary': 'Accept-Encoding', 'Content-Encoding': 'gzip', 'CF-Cache-Status': 'DYNAMIC', 'Report-To': '{"endpoints":[{"url":"https:\\/\\/a.nel.cloudflare.com\\/report\\/v4?s=QDji0LGEiLRf8B8dd04p1SZ55i2yq%2F6xU89IsnFfkTjm%2Fa44sNUkuc82jlk3YTO0AFsBorjmVpbHoxwVGTyaWGSILk5cZUbfJ7Tv88vLCoHmPF11ntMeObEmsPuui1nB"}],"group":"cf-nel","max_age":604800}', 'NEL': '{"success_fraction":0,"report_to":"cf-nel","max_age":604800}', 'Server': 'cloudflare', 'CF-RAY': '8710d2a8df7628a4-IAD', 'alt-svc': 'h3=":443"; ma=86400'} 
 body={"results":[{"gender":"male","name":{"title":"Mr","first":"Logan","last":"Gill"},"location":{"street":{"number":5450,"name":"Bay Ave"},"city":"Lafontaine","state":"Québec","country":"Canada","postcode":"M6P 6J2","coordinates":{"latitude":"-66.4132","longitude":"-19.4781"},"timezone":{"offset":"-10:00","description":"Hawaii"}},"email":"logan.gill@example.com","login":{"uuid":"851838cc-09f6-4072-91f7-afa1d8d07fc5","username":"yellowkoala703","password":"adam","salt":"cL8zcDlZ","md5":"938c452553864df6022a73cd56e6f3a5","sha1":"db7d87f848e8cc1805cfc59d40babb5a4926be3e","sha256":"955019d64f7e5fd5142789d14e3eef8c0aff63a45f16f4a9ecb06eb2df582276"},"dob":{"date":"2000-02-22T09:09:12.457Z","age":24},"registered":{"date":"2015-06-28T01:04:32.497Z","age":8},"phone":"V58 A49-7395","cell":"Q24 Y55-1415","id":{"name":"SIN","value":"331897215"},"picture":{"large":"https://randomuser.me/api/portraits/men/7.jpg","medium":"https://randomuser.me/api/portraits/med/men/7.jpg","thumbnail":"https://randomuser.me/api/portraits/thumb/men/7.jpg"},"nat":"CA"}],"info":{"seed":"0c4534026b596948","results":1,"page":1,"version":"1.4"}} 
 </msg>
<msg time="2024-04-08T08:17:46.446537" level="INFO">/opt/hostedtoolcache/Python/3.12.2/x64/lib/python3.12/site-packages/urllib3/connectionpool.py:1103: InsecureRequestWarning: Unverified HTTPS request is being made to host 'randomuser.me'. Adding certificate verification is strongly advised. See: https://urllib3.readthedocs.io/en/latest/advanced-usage.html#tls-warnings
  warnings.warn(</msg>
<msg time="2024-04-08T08:17:46.446677" level="INFO">${response} = &lt;Response [200]&gt;</msg>
<var>${response}</var>
<arg>consultarAPI</arg>
<arg>/api</arg>
<doc>Sends a GET request on a previously created HTTP Session.</doc>
<status status="PASS" start="2024-04-08T08:17:46.377013" elapsed="0.069723"/>
</kw>
<kw name="Set Variable" owner="BuiltIn">
<msg time="2024-04-08T08:17:46.447723" level="INFO">${json_data} = {'results': [{'gender': 'male', 'name': {'title': 'Mr', 'first': 'Logan', 'last': 'Gill'}, 'location': {'street': {'number': 5450, 'name': 'Bay Ave'}, 'city': 'Lafontaine', 'state': 'Québec', 'country...</msg>
<var>${json_data}</var>
<arg>${response.json()}</arg>
<doc>Returns the given values which can then be assigned to a variables.</doc>
<status status="PASS" start="2024-04-08T08:17:46.447178" elapsed="0.000576"/>
</kw>
<kw name="Log" owner="BuiltIn">
<msg time="2024-04-08T08:17:46.448257" level="INFO">{'results': [{'gender': 'male', 'name': {'title': 'Mr', 'first': 'Logan', 'last': 'Gill'}, 'location': {'street': {'number': 5450, 'name': 'Bay Ave'}, 'city': 'Lafontaine', 'state': 'Québec', 'country': 'Canada', 'postcode': 'M6P 6J2', 'coordinates': {'latitude': '-66.4132', 'longitude': '-19.4781'}, 'timezone': {'offset': '-10:00', 'description': 'Hawaii'}}, 'email': 'logan.gill@example.com', 'login': {'uuid': '851838cc-09f6-4072-91f7-afa1d8d07fc5', 'username': 'yellowkoala703', 'password': 'adam', 'salt': 'cL8zcDlZ', 'md5': '938c452553864df6022a73cd56e6f3a5', 'sha1': 'db7d87f848e8cc1805cfc59d40babb5a4926be3e', 'sha256': '955019d64f7e5fd5142789d14e3eef8c0aff63a45f16f4a9ecb06eb2df582276'}, 'dob': {'date': '2000-02-22T09:09:12.457Z', 'age': 24}, 'registered': {'date': '2015-06-28T01:04:32.497Z', 'age': 8}, 'phone': 'V58 A49-7395', 'cell': 'Q24 Y55-1415', 'id': {'name': 'SIN', 'value': '331897215'}, 'picture': {'large': 'https://randomuser.me/api/portraits/men/7.jpg', 'medium': 'https://randomuser.me/api/portraits/med/men/7.jpg', 'thumbnail': 'https://randomuser.me/api/portraits/thumb/men/7.jpg'}, 'nat': 'CA'}], 'info': {'seed': '0c4534026b596948', 'results': 1, 'page': 1, 'version': '1.4'}}</msg>
<arg>${json_data}</arg>
<doc>Logs the given message with the given level.</doc>
<status status="PASS" start="2024-04-08T08:17:46.448089" elapsed="0.000218"/>
</kw>
<kw name="Should Be String" owner="String">
<arg>${json_data['results'][0]['gender']}</arg>
<doc>Fails if the given ``item`` is not a string.</doc>
<status status="PASS" start="2024-04-08T08:17:46.448638" elapsed="0.000368"/>
</kw>
<kw name="Should Match Regexp" owner="BuiltIn">
<arg>${json_data['results'][0]['email']}</arg>
<arg>^[a-zA-Z0-9._%+-]+@[a-zA-Z0-9.-]+\.[a-zA-Z]{2,}$</arg>
<doc>Fails if ``string`` does not match ``pattern`` as a regular expression.</doc>
<status status="PASS" start="2024-04-08T08:17:46.449208" elapsed="0.000521"/>
</kw>
<kw name="Should Match Regexp" owner="BuiltIn">
<arg>${json_data['results'][0]['dob']['date']}</arg>
<arg>\\d{4}-\\d{2}-\\d{2}T\\d{2}:\\d{2}:\\d{2}\\.\\d{3}Z</arg>
<doc>Fails if ``string`` does not match ``pattern`` as a regular expression.</doc>
<status status="PASS" start="2024-04-08T08:17:46.449930" elapsed="0.000497"/>
</kw>
<kw name="Should Match Regexp" owner="BuiltIn">
<arg>${json_data['results'][0]['registered']['date']}</arg>
<arg>\\d{4}-\\d{2}-\\d{2}T\\d{2}:\\d{2}:\\d{2}\\.\\d{3}Z</arg>
<doc>Fails if ``string`` does not match ``pattern`` as a regular expression.</doc>
<status status="PASS" start="2024-04-08T08:17:46.450629" elapsed="0.000377"/>
</kw>
<kw name="Should Match Regexp" owner="BuiltIn">
<arg>${json_data['results'][0]['picture']['large']}</arg>
<arg>^https?://.*\.(?:png|jpe?g|gif|bmp)$</arg>
<doc>Fails if ``string`` does not match ``pattern`` as a regular expression.</doc>
<status status="PASS" start="2024-04-08T08:17:46.451219" elapsed="0.000485"/>
</kw>
<kw name="Should Match Regexp" owner="BuiltIn">
<arg>${json_data['results'][0]['picture']['medium']}</arg>
<arg>^https?://.*\.(?:png|jpe?g|gif|bmp)$</arg>
<doc>Fails if ``string`` does not match ``pattern`` as a regular expression.</doc>
<status status="PASS" start="2024-04-08T08:17:46.451900" elapsed="0.000364"/>
</kw>
<kw name="Should Match Regexp" owner="BuiltIn">
<arg>${json_data['results'][0]['picture']['thumbnail']}</arg>
<arg>^https?://.*\.(?:png|jpe?g|gif|bmp)$</arg>
<doc>Fails if ``string`` does not match ``pattern`` as a regular expression.</doc>
<status status="PASS" start="2024-04-08T08:17:46.452454" elapsed="0.000360"/>
</kw>
<kw name="Log" owner="BuiltIn">
<msg time="2024-04-08T08:17:46.453327" level="INFO">{'large': 'https://randomuser.me/api/portraits/men/7.jpg', 'medium': 'https://randomuser.me/api/portraits/med/men/7.jpg', 'thumbnail': 'https://randomuser.me/api/portraits/thumb/men/7.jpg'}</msg>
<arg>${json_data['results'][0]['picture']}</arg>
<doc>Logs the given message with the given level.</doc>
<status status="PASS" start="2024-04-08T08:17:46.452997" elapsed="0.000372"/>
</kw>
<status status="PASS" start="2024-04-08T08:17:46.376766" elapsed="0.076859"/>
</kw>
<kw name="Teste de Tipos de Dados - Postcode" owner="random-user-service">
<kw name="GET On Session" owner="RequestsLibrary">
<msg time="2024-04-08T08:17:46.556081" level="INFO">GET Request : url=https://randomuser.me/api 
 path_url=/api 
 headers={'User-Agent': 'python-requests/2.31.0', 'Accept-Encoding': 'gzip, deflate', 'Accept': '*/*', 'Connection': 'keep-alive'} 
 body=None 
 </msg>
<msg time="2024-04-08T08:17:46.556147" level="INFO">GET Response : url=https://randomuser.me/api 
 status=200, reason=OK 
 headers={'Date': 'Mon, 08 Apr 2024 08:17:46 GMT', 'Content-Type': 'application/json; charset=utf-8', 'Transfer-Encoding': 'chunked', 'Connection': 'keep-alive', 'X-Powered-By': 'Express', 'Access-Control-Allow-Origin': '*', 'Cache-Control': 'no-cache', 'ETag': 'W/"492-MEMcm13+Uy0JVJzAS8acdbKZYn8"', 'Vary': 'Accept-Encoding', 'Content-Encoding': 'gzip', 'CF-Cache-Status': 'DYNAMIC', 'Report-To': '{"endpoints":[{"url":"https:\\/\\/a.nel.cloudflare.com\\/report\\/v4?s=K4iU6CElvEKb5Gx8CcvYwaDfvtgwyU7P7H2cX4p3KAg9akTbmWuWm3MT0GDGLAuT4kK0HDd3m9d3DvExgviToy0TVBzk7m0lr4zGsPd7xf5F0tbTUByi28BMiIHqY3c6"}],"group":"cf-nel","max_age":604800}', 'NEL': '{"success_fraction":0,"report_to":"cf-nel","max_age":604800}', 'Server': 'cloudflare', 'CF-RAY': '8710d2a95fb528a4-IAD', 'alt-svc': 'h3=":443"; ma=86400'} 
 body={"results":[{"gender":"male","name":{"title":"Mr","first":"Armin","last":"Schwager"},"location":{"street":{"number":5837,"name":"Mühlenstraße"},"city":"Dinslaken","state":"Berlin","country":"Germany","postcode":17476,"coordinates":{"latitude":"-50.2575","longitude":"-69.0905"},"timezone":{"offset":"+4:00","description":"Abu Dhabi, Muscat, Baku, Tbilisi"}},"email":"armin.schwager@example.com","login":{"uuid":"1ca9b321-22f6-4d56-9231-c30030f57ff7","username":"brownbutterfly787","password":"blanca","salt":"lj9xYvzv","md5":"1ec743208e74986903014a25eee38fc4","sha1":"f3facaab9457d8fb2ad96af1dbd8250be770c099","sha256":"feab571e9094c6b1621b2bb64afcba8507e94b7ab40f687c7e591617d9a67cec"},"dob":{"date":"1955-09-25T09:34:58.562Z","age":68},"registered":{"date":"2002-11-20T01:53:03.197Z","age":21},"phone":"0209-3499467","cell":"0179-0305553","id":{"name":"SVNR","value":"11 250955 S 108"},"picture":{"large":"https://randomuser.me/api/portraits/men/4.jpg","medium":"https://randomuser.me/api/portraits/med/men/4.jpg","thumbnail":"https://randomuser.me/api/portraits/thumb/men/4.jpg"},"nat":"DE"}],"info":{"seed":"bd93cfe37d8faa1c","results":1,"page":1,"version":"1.4"}} 
 </msg>
<msg time="2024-04-08T08:17:46.556218" level="INFO">/opt/hostedtoolcache/Python/3.12.2/x64/lib/python3.12/site-packages/urllib3/connectionpool.py:1103: InsecureRequestWarning: Unverified HTTPS request is being made to host 'randomuser.me'. Adding certificate verification is strongly advised. See: https://urllib3.readthedocs.io/en/latest/advanced-usage.html#tls-warnings
  warnings.warn(</msg>
<msg time="2024-04-08T08:17:46.556308" level="INFO">${response} = &lt;Response [200]&gt;</msg>
<var>${response}</var>
<arg>consultarAPI</arg>
<arg>/api</arg>
<doc>Sends a GET request on a previously created HTTP Session.</doc>
<status status="PASS" start="2024-04-08T08:17:46.454094" elapsed="0.102240"/>
</kw>
<kw name="Set Variable" owner="BuiltIn">
<msg time="2024-04-08T08:17:46.557197" level="INFO">${json_data} = {'results': [{'gender': 'male', 'name': {'title': 'Mr', 'first': 'Armin', 'last': 'Schwager'}, 'location': {'street': {'number': 5837, 'name': 'Mühlenstraße'}, 'city': 'Dinslaken', 'state': 'Berlin', ...</msg>
<var>${json_data}</var>
<arg>${response.json()}</arg>
<doc>Returns the given values which can then be assigned to a variables.</doc>
<status status="PASS" start="2024-04-08T08:17:46.556729" elapsed="0.000506"/>
</kw>
<kw name="Log" owner="BuiltIn">
<msg time="2024-04-08T08:17:46.557697" level="INFO">{'results': [{'gender': 'male', 'name': {'title': 'Mr', 'first': 'Armin', 'last': 'Schwager'}, 'location': {'street': {'number': 5837, 'name': 'Mühlenstraße'}, 'city': 'Dinslaken', 'state': 'Berlin', 'country': 'Germany', 'postcode': 17476, 'coordinates': {'latitude': '-50.2575', 'longitude': '-69.0905'}, 'timezone': {'offset': '+4:00', 'description': 'Abu Dhabi, Muscat, Baku, Tbilisi'}}, 'email': 'armin.schwager@example.com', 'login': {'uuid': '1ca9b321-22f6-4d56-9231-c30030f57ff7', 'username': 'brownbutterfly787', 'password': 'blanca', 'salt': 'lj9xYvzv', 'md5': '1ec743208e74986903014a25eee38fc4', 'sha1': 'f3facaab9457d8fb2ad96af1dbd8250be770c099', 'sha256': 'feab571e9094c6b1621b2bb64afcba8507e94b7ab40f687c7e591617d9a67cec'}, 'dob': {'date': '1955-09-25T09:34:58.562Z', 'age': 68}, 'registered': {'date': '2002-11-20T01:53:03.197Z', 'age': 21}, 'phone': '0209-3499467', 'cell': '0179-0305553', 'id': {'name': 'SVNR', 'value': '11 250955 S 108'}, 'picture': {'large': 'https://randomuser.me/api/portraits/men/4.jpg', 'medium': 'https://randomuser.me/api/portraits/med/men/4.jpg', 'thumbnail': 'https://randomuser.me/api/portraits/thumb/men/4.jpg'}, 'nat': 'DE'}], 'info': {'seed': 'bd93cfe37d8faa1c', 'results': 1, 'page': 1, 'version': '1.4'}}</msg>
<arg>${json_data}</arg>
<doc>Logs the given message with the given level.</doc>
<status status="PASS" start="2024-04-08T08:17:46.557541" elapsed="0.000206"/>
</kw>
<kw name="Should Be Equal As Numbers" owner="BuiltIn">
<arg>${json_data['results'][0]['location']['postcode']}</arg>
<arg>${json_data['results'][0]['location']['postcode']}</arg>
<doc>Fails if objects are unequal after converting them to real numbers.</doc>
<status status="PASS" start="2024-04-08T08:17:46.558046" elapsed="0.000628"/>
</kw>
<kw name="Log" owner="BuiltIn">
<msg time="2024-04-08T08:17:46.559284" level="INFO">17476</msg>
<arg>${json_data['results'][0]['location']['postcode']}</arg>
<doc>Logs the given message with the given level.</doc>
<status status="PASS" start="2024-04-08T08:17:46.558901" elapsed="0.000427"/>
</kw>
<status status="PASS" start="2024-04-08T08:17:46.453853" elapsed="0.105745"/>
</kw>
<doc>Testa se os tipos de dados na resposta da API estão corretos.</doc>
<tag>testeTiposDados</tag>
<status status="PASS" start="2024-04-08T08:17:46.376274" elapsed="0.183491"/>
</test>
<test id="s1-s1-t5" name="Validar conteudo" line="35">
<kw name="Teste de Tipos de Conteudo" owner="random-user-service">
<kw name="GET On Session" owner="RequestsLibrary">
<msg time="2024-04-08T08:17:46.656972" level="INFO">GET Request : url=https://randomuser.me/api 
 path_url=/api 
 headers={'User-Agent': 'python-requests/2.31.0', 'Accept-Encoding': 'gzip, deflate', 'Accept': '*/*', 'Connection': 'keep-alive'} 
 body=None 
 </msg>
<msg time="2024-04-08T08:17:46.657065" level="INFO">GET Response : url=https://randomuser.me/api 
 status=200, reason=OK 
 headers={'Date': 'Mon, 08 Apr 2024 08:17:46 GMT', 'Content-Type': 'application/json; charset=utf-8', 'Transfer-Encoding': 'chunked', 'Connection': 'keep-alive', 'X-Powered-By': 'Express', 'Access-Control-Allow-Origin': '*', 'Cache-Control': 'no-cache', 'ETag': 'W/"484-eL9qop5FnS3O4DmGvmD4IoBmGao"', 'Vary': 'Accept-Encoding', 'Content-Encoding': 'gzip', 'CF-Cache-Status': 'DYNAMIC', 'Report-To': '{"endpoints":[{"url":"https:\\/\\/a.nel.cloudflare.com\\/report\\/v4?s=jAf40nQZ2NxP4MSo06Rk8LMgHe0ZHSaLZ3NzVZWKqQD4XD3aolLTapR6RefA%2FjvrBcQZsOnx8k275ERlvl0x4k0qEZ%2BkEBOsckpXHqfJvd4y1LqmqZ4S5VRx4tuG0HYn"}],"group":"cf-nel","max_age":604800}', 'NEL': '{"success_fraction":0,"report_to":"cf-nel","max_age":604800}', 'Server': 'cloudflare', 'CF-RAY': '8710d2aa083128a4-IAD', 'alt-svc': 'h3=":443"; ma=86400'} 
 body={"results":[{"gender":"male","name":{"title":"Mr","first":"Murat","last":"Çatalbaş"},"location":{"street":{"number":6790,"name":"Bağdat Cd"},"city":"Eskişehir","state":"Tokat","country":"Turkey","postcode":53482,"coordinates":{"latitude":"67.7782","longitude":"-125.8195"},"timezone":{"offset":"+9:00","description":"Tokyo, Seoul, Osaka, Sapporo, Yakutsk"}},"email":"murat.catalbas@example.com","login":{"uuid":"beead5b7-f77b-4ccc-9130-c8e9f416acb8","username":"bluebird797","password":"bacchus","salt":"8EDUVWVu","md5":"b848ce0048e78a61df51e641c6d3bdef","sha1":"93a811be48a0ffe2bfcc366bd0545c87c3586818","sha256":"7b47d0aa78ccee5e6dc5dc017feee9b025ca5184a59472a708b38d0983a0da25"},"dob":{"date":"1975-05-29T11:39:27.212Z","age":48},"registered":{"date":"2020-04-20T03:06:14.976Z","age":3},"phone":"(921)-468-7518","cell":"(288)-764-1885","id":{"name":"","value":null},"picture":{"large":"https://randomuser.me/api/portraits/men/60.jpg","medium":"https://randomuser.me/api/portraits/med/men/60.jpg","thumbnail":"https://randomuser.me/api/portraits/thumb/men/60.jpg"},"nat":"TR"}],"info":{"seed":"c5b7352963b15df5","results":1,"page":1,"version":"1.4"}} 
 </msg>
<msg time="2024-04-08T08:17:46.657145" level="INFO">/opt/hostedtoolcache/Python/3.12.2/x64/lib/python3.12/site-packages/urllib3/connectionpool.py:1103: InsecureRequestWarning: Unverified HTTPS request is being made to host 'randomuser.me'. Adding certificate verification is strongly advised. See: https://urllib3.readthedocs.io/en/latest/advanced-usage.html#tls-warnings
  warnings.warn(</msg>
<msg time="2024-04-08T08:17:46.657268" level="INFO">${response} = &lt;Response [200]&gt;</msg>
<var>${response}</var>
<arg>consultarAPI</arg>
<arg>/api</arg>
<doc>Sends a GET request on a previously created HTTP Session.</doc>
<status status="PASS" start="2024-04-08T08:17:46.562191" elapsed="0.095116"/>
</kw>
<kw name="Set Variable" owner="BuiltIn">
<msg time="2024-04-08T08:17:46.658412" level="INFO">${json_data} = {'results': [{'gender': 'male', 'name': {'title': 'Mr', 'first': 'Murat', 'last': 'Çatalbaş'}, 'location': {'street': {'number': 6790, 'name': 'Bağdat Cd'}, 'city': 'Eskişehir', 'state': 'Tokat', 'cou...</msg>
<var>${json_data}</var>
<arg>${response.json()}</arg>
<doc>Returns the given values which can then be assigned to a variables.</doc>
<status status="PASS" start="2024-04-08T08:17:46.657844" elapsed="0.000599"/>
</kw>
<kw name="Set Variable" owner="BuiltIn">
<msg time="2024-04-08T08:17:46.659137" level="INFO">${name_title} = Mr</msg>
<var>${name_title}</var>
<arg>${json_data["results"][0]["name"]["title"]}</arg>
<doc>Returns the given values which can then be assigned to a variables.</doc>
<status status="PASS" start="2024-04-08T08:17:46.658754" elapsed="0.000408"/>
</kw>
<kw name="Create List" owner="BuiltIn">
<msg time="2024-04-08T08:17:46.659662" level="INFO">${allowed_titles} = ['Mr', 'Ms', 'Miss', 'Mrs', 'Madame', 'Monsieur']</msg>
<var>${allowed_titles}</var>
<arg>Mr</arg>
<arg>Ms</arg>
<arg>Miss</arg>
<arg>Mrs</arg>
<arg>Madame</arg>
<arg>Monsieur</arg>
<doc>Returns a list containing given items.</doc>
<status status="PASS" start="2024-04-08T08:17:46.659512" elapsed="0.000175"/>
</kw>
<kw name="List Should Contain Value" owner="Collections">
<msg time="2024-04-08T08:17:46.660170" level="INFO">False</msg>
<arg>${allowed_titles}</arg>
<arg>${name_title}</arg>
<doc>Fails if the ``value`` is not found from ``list``.</doc>
<status status="PASS" start="2024-04-08T08:17:46.659992" elapsed="0.000216"/>
</kw>
<kw name="Set Variable" owner="BuiltIn">
<msg time="2024-04-08T08:17:46.660899" level="INFO">${name_country} = TR</msg>
<var>${name_country}</var>
<arg>${json_data["results"][0]["nat"]}</arg>
<doc>Returns the given values which can then be assigned to a variables.</doc>
<status status="PASS" start="2024-04-08T08:17:46.660497" elapsed="0.000428"/>
</kw>
<kw name="Create List" owner="BuiltIn">
<msg time="2024-04-08T08:17:46.661840" level="INFO">${list_country} = ['AD', 'AE', 'AF', 'AG', 'AI', 'AL', 'AM', 'AO', 'AQ', 'AR', 'AS', 'AT', 'AU', 'AW', 'AX', 'AZ', 'BA', 'BB', 'BD', 'BE', 'BF', 'BG', 'BH', 'BI', 'BJ', 'BL', 'BM', 'BN', 'BO', 'BQ', 'BR', 'BS', 'BT', '...</msg>
<var>${list_country}</var>
<arg>AD</arg>
<arg>AE</arg>
<arg>AF</arg>
<arg>AG</arg>
<arg>AI</arg>
<arg>AL</arg>
<arg>AM</arg>
<arg>AO</arg>
<arg>AQ</arg>
<arg>AR</arg>
<arg>AS</arg>
<arg>AT</arg>
<arg>AU</arg>
<arg>AW</arg>
<arg>AX</arg>
<arg>AZ</arg>
<arg>BA</arg>
<arg>BB</arg>
<arg>BD</arg>
<arg>BE</arg>
<arg>BF</arg>
<arg>BG</arg>
<arg>BH</arg>
<arg>BI</arg>
<arg>BJ</arg>
<arg>BL</arg>
<arg>BM</arg>
<arg>BN</arg>
<arg>BO</arg>
<arg>BQ</arg>
<arg>BR</arg>
<arg>BS</arg>
<arg>BT</arg>
<arg>BV</arg>
<arg>BW</arg>
<arg>BY</arg>
<arg>BZ</arg>
<arg>CA</arg>
<arg>CC</arg>
<arg>CD</arg>
<arg>CF</arg>
<arg>CG</arg>
<arg>CH</arg>
<arg>CI</arg>
<arg>CK</arg>
<arg>CL</arg>
<arg>CM</arg>
<arg>CN</arg>
<arg>CO</arg>
<arg>CR</arg>
<arg>CU</arg>
<arg>CV</arg>
<arg>CW</arg>
<arg>CX</arg>
<arg>CY</arg>
<arg>CZ</arg>
<arg>DE</arg>
<arg>DJ</arg>
<arg>DK</arg>
<arg>DM</arg>
<arg>DO</arg>
<arg>DZ</arg>
<arg>EC</arg>
<arg>EE</arg>
<arg>EG</arg>
<arg>EH</arg>
<arg>ER</arg>
<arg>ES</arg>
<arg>ET</arg>
<arg>FI</arg>
<arg>FJ</arg>
<arg>FK</arg>
<arg>FM</arg>
<arg>FO</arg>
<arg>FR</arg>
<arg>GA</arg>
<arg>GB</arg>
<arg>GD</arg>
<arg>GE</arg>
<arg>GF</arg>
<arg>GG</arg>
<arg>GH</arg>
<arg>GI</arg>
<arg>GL</arg>
<arg>GM</arg>
<arg>GN</arg>
<arg>GP</arg>
<arg>GQ</arg>
<arg>GR</arg>
<arg>GS</arg>
<arg>GT</arg>
<arg>GU</arg>
<arg>GW</arg>
<arg>GY</arg>
<arg>HK</arg>
<arg>HM</arg>
<arg>HN</arg>
<arg>HR</arg>
<arg>HT</arg>
<arg>HU</arg>
<arg>ID</arg>
<arg>IE</arg>
<arg>IL</arg>
<arg>IM</arg>
<arg>IN</arg>
<arg>IO</arg>
<arg>IQ</arg>
<arg>IR</arg>
<arg>IS</arg>
<arg>IT</arg>
<arg>JE</arg>
<arg>JM</arg>
<arg>JO</arg>
<arg>JP</arg>
<arg>KE</arg>
<arg>KG</arg>
<arg>KH</arg>
<arg>KI</arg>
<arg>KM</arg>
<arg>KN</arg>
<arg>KP</arg>
<arg>KR</arg>
<arg>KW</arg>
<arg>KY</arg>
<arg>KZ</arg>
<arg>LA</arg>
<arg>LB</arg>
<arg>LC</arg>
<arg>LI</arg>
<arg>LK</arg>
<arg>LR</arg>
<arg>LS</arg>
<arg>LT</arg>
<arg>LU</arg>
<arg>LV</arg>
<arg>LY</arg>
<arg>MA</arg>
<arg>MC</arg>
<arg>MD</arg>
<arg>ME</arg>
<arg>MF</arg>
<arg>MG</arg>
<arg>MH</arg>
<arg>MK</arg>
<arg>ML</arg>
<arg>MM</arg>
<arg>MN</arg>
<arg>MO</arg>
<arg>MP</arg>
<arg>MQ</arg>
<arg>MR</arg>
<arg>MS</arg>
<arg>MT</arg>
<arg>MU</arg>
<arg>MV</arg>
<arg>MW</arg>
<arg>MX</arg>
<arg>MY</arg>
<arg>MZ</arg>
<arg>NA</arg>
<arg>NC</arg>
<arg>NE</arg>
<arg>NF</arg>
<arg>NG</arg>
<arg>NI</arg>
<arg>NL</arg>
<arg>NO</arg>
<arg>NP</arg>
<arg>NR</arg>
<arg>NU</arg>
<arg>NZ</arg>
<arg>OM</arg>
<arg>PA</arg>
<arg>PE</arg>
<arg>PF</arg>
<arg>PG</arg>
<arg>PH</arg>
<arg>PK</arg>
<arg>PL</arg>
<arg>PM</arg>
<arg>PN</arg>
<arg>PR</arg>
<arg>PS</arg>
<arg>PT</arg>
<arg>PW</arg>
<arg>PY</arg>
<arg>QA</arg>
<arg>RE</arg>
<arg>RO</arg>
<arg>RS</arg>
<arg>RU</arg>
<arg>RW</arg>
<arg>SA</arg>
<arg>SB</arg>
<arg>SC</arg>
<arg>SD</arg>
<arg>SE</arg>
<arg>SG</arg>
<arg>SH</arg>
<arg>SI</arg>
<arg>SJ</arg>
<arg>SK</arg>
<arg>SL</arg>
<arg>SM</arg>
<arg>SN</arg>
<arg>SO</arg>
<arg>SR</arg>
<arg>SS</arg>
<arg>ST</arg>
<arg>SV</arg>
<arg>SX</arg>
<arg>SY</arg>
<arg>SZ</arg>
<arg>TC</arg>
<arg>TD</arg>
<arg>TF</arg>
<arg>TG</arg>
<arg>TH</arg>
<arg>TJ</arg>
<arg>TK</arg>
<arg>TL</arg>
<arg>TM</arg>
<arg>TN</arg>
<arg>TO</arg>
<arg>TR</arg>
<arg>TT</arg>
<arg>TV</arg>
<arg>TW</arg>
<arg>TZ</arg>
<arg>UA</arg>
<arg>UG</arg>
<arg>UM</arg>
<arg>US</arg>
<arg>UY</arg>
<arg>UZ</arg>
<arg>VA</arg>
<arg>VC</arg>
<arg>VE</arg>
<arg>VG</arg>
<arg>VI</arg>
<arg>VN</arg>
<arg>VU</arg>
<arg>WF</arg>
<arg>WS</arg>
<arg>XK</arg>
<arg>YE</arg>
<arg>YT</arg>
<arg>ZA</arg>
<arg>ZM</arg>
<arg>ZW</arg>
<doc>Returns a list containing given items.</doc>
<status status="PASS" start="2024-04-08T08:17:46.661234" elapsed="0.000632"/>
</kw>
<kw name="List Should Contain Value" owner="Collections">
<msg time="2024-04-08T08:17:46.662874" level="INFO">False</msg>
<arg>${list_country}</arg>
<arg>${name_country}</arg>
<doc>Fails if the ``value`` is not found from ``list``.</doc>
<status status="PASS" start="2024-04-08T08:17:46.662654" elapsed="0.000258"/>
</kw>
<kw name="Run Keyword If" owner="BuiltIn">
<kw name="Should Be True" owner="BuiltIn">
<arg>${True}</arg>
<doc>Fails if the given condition is not true.</doc>
<status status="PASS" start="2024-04-08T08:17:46.664129" elapsed="0.000148"/>
</kw>
<arg>${json_data["results"][0]["location"]["coordinates"]["latitude"]} &gt;= -90 and ${json_data["results"][0]["location"]["coordinates"]["latitude"]} &lt;= 90</arg>
<arg>Should Be True</arg>
<arg>${True}</arg>
<doc>Runs the given keyword with the given arguments, if ``condition`` is true.</doc>
<status status="PASS" start="2024-04-08T08:17:46.663245" elapsed="0.001160"/>
</kw>
<kw name="Run Keyword If" owner="BuiltIn">
<kw name="Should Be True" owner="BuiltIn">
<arg>${True}</arg>
<doc>Fails if the given condition is not true.</doc>
<status status="PASS" start="2024-04-08T08:17:46.665354" elapsed="0.000142"/>
</kw>
<arg>${json_data["results"][0]["location"]["coordinates"]["longitude"]} &gt;= -180 and ${json_data["results"][0]["location"]["coordinates"]["longitude"]} &lt;= 180</arg>
<arg>Should Be True</arg>
<arg>${True}</arg>
<doc>Runs the given keyword with the given arguments, if ``condition`` is true.</doc>
<status status="PASS" start="2024-04-08T08:17:46.664594" elapsed="0.001028"/>
</kw>
<status status="PASS" start="2024-04-08T08:17:46.561962" elapsed="0.103794"/>
</kw>
<doc>Testa o conteúdo específico dos campos retornados pela API.</doc>
<tag>testeConteudo</tag>
<status status="PASS" start="2024-04-08T08:17:46.561510" elapsed="0.104403"/>
</test>
<status status="PASS" start="2024-04-08T08:17:45.853568" elapsed="0.814397"/>
</suite>
<status status="PASS" start="2024-04-08T08:17:45.839386" elapsed="0.833899"/>
</suite>
<statistics>
<total>
<stat pass="5" fail="0" skip="0">All Tests</stat>
</total>
<tag>
<stat pass="1" fail="0" skip="0">testeConteudo</stat>
<stat pass="1" fail="0" skip="0">testeEstruturaResposta</stat>
<stat pass="1" fail="0" skip="0">testeRequisicaoBasica</stat>
<stat pass="1" fail="0" skip="0">testeTiposDados</stat>
</tag>
<suite>
<stat pass="5" fail="0" skip="0" id="s1" name="Tests">Tests</stat>
<stat pass="5" fail="0" skip="0" id="s1-s1" name="Random-User-Test">Tests.Random-User-Test</stat>
</suite>
</statistics>
<errors>
</errors>
</robot>
