<?xml version="1.0" encoding="UTF-8"?>
<robot generator="Robot 7.0 (Python 3.12.2 on linux)" generated="2024-03-27T02:19:42.553083" rpa="false" schemaversion="5">
<suite id="s1" name="Tests" source="/home/runner/work/DesafioQAItauRogerioJordao/DesafioQAItauRogerioJordao/RamdonUser/tests">
<suite id="s1-s1" name="Random-User-Test" source="/home/runner/work/DesafioQAItauRogerioJordao/DesafioQAItauRogerioJordao/RamdonUser/tests/random-user-test.robot">
<test id="s1-s1-t1" name="Conectar" line="13">
<kw name="Conectar API" owner="random-user-service">
<kw name="Create Session" owner="RequestsLibrary">
<msg time="2024-03-27T02:19:42.939336" level="INFO">Creating Session using : alias=consultarAPI, url=https://randomuser.me/, headers={},                     cookies={}, auth=None, timeout=None, proxies=None, verify=False,                     debug=0 </msg>
<arg>consultarAPI</arg>
<arg>${URL}</arg>
<doc>Create Session: create a HTTP session to a server</doc>
<status status="PASS" start="2024-03-27T02:19:42.939132" elapsed="0.000381"/>
</kw>
<status status="PASS" start="2024-03-27T02:19:42.938085" elapsed="0.001790"/>
</kw>
<status status="PASS" start="2024-03-27T02:19:42.937478" elapsed="0.002599"/>
</test>
<test id="s1-s1-t2" name="Validar retorno 200 e JSON Válido" line="16">
<kw name="Teste de Requisicao Basica" owner="random-user-service">
<kw name="GET On Session" owner="RequestsLibrary">
<msg time="2024-03-27T02:19:43.027329" level="INFO">GET Request : url=https://randomuser.me/api 
 path_url=/api 
 headers={'User-Agent': 'python-requests/2.31.0', 'Accept-Encoding': 'gzip, deflate', 'Accept': '*/*', 'Connection': 'keep-alive'} 
 body=None 
 </msg>
<msg time="2024-03-27T02:19:43.027475" level="INFO">GET Response : url=https://randomuser.me/api 
 status=200, reason=OK 
 headers={'Date': 'Wed, 27 Mar 2024 02:19:43 GMT', 'Content-Type': 'application/json; charset=utf-8', 'Transfer-Encoding': 'chunked', 'Connection': 'keep-alive', 'X-Powered-By': 'Express', 'Access-Control-Allow-Origin': '*', 'Cache-Control': 'no-cache', 'ETag': 'W/"47b-zsEqYvVgQTC4VVJHBGxlTfocToI"', 'Vary': 'Accept-Encoding', 'Content-Encoding': 'gzip', 'CF-Cache-Status': 'DYNAMIC', 'Report-To': '{"endpoints":[{"url":"https:\\/\\/a.nel.cloudflare.com\\/report\\/v4?s=dqIUcgR3goCZ2hlNr1AxBQ2pwpTJ6E6gZNfGOfiH0fVQxOwlZi2yp5FcnHXxo53e6%2FKor0VlZL9sQZLLBk8Kb0BcK%2B4b%2BKvUQOLYE29B8vM%2B0M9Ur2GukIdurTJRwwB%2F"}],"group":"cf-nel","max_age":604800}', 'NEL': '{"success_fraction":0,"report_to":"cf-nel","max_age":604800}', 'Server': 'cloudflare', 'CF-RAY': '86abe5a9a81f12c5-IAD', 'alt-svc': 'h3=":443"; ma=86400'} 
 body={"results":[{"gender":"female","name":{"title":"Mrs","first":"Anastasija","last":"Tošić"},"location":{"street":{"number":285,"name":"Dolačka"},"city":"Titel","state":"Podunavlje","country":"Serbia","postcode":83086,"coordinates":{"latitude":"62.4795","longitude":"93.2117"},"timezone":{"offset":"-2:00","description":"Mid-Atlantic"}},"email":"anastasija.tosic@example.com","login":{"uuid":"0d8602d9-c379-45d5-8f99-060ff92b2ff1","username":"organicbird460","password":"milano","salt":"nEJtYwG9","md5":"87c63380fc54169322ae413b2d330da8","sha1":"74cfe7394cb3ec7bf9ce5fad5e2a99a4e1789224","sha256":"74b0bf9a14fe74248cb18384cd9b3fd0c2d675ab27c3e2ef7fd13a6189154968"},"dob":{"date":"1946-06-02T15:24:23.391Z","age":77},"registered":{"date":"2021-12-03T16:09:57.434Z","age":2},"phone":"021-7199-168","cell":"061-0981-243","id":{"name":"SID","value":"609750412"},"picture":{"large":"https://randomuser.me/api/portraits/women/93.jpg","medium":"https://randomuser.me/api/portraits/med/women/93.jpg","thumbnail":"https://randomuser.me/api/portraits/thumb/women/93.jpg"},"nat":"RS"}],"info":{"seed":"df6e94cb84d08e7d","results":1,"page":1,"version":"1.4"}} 
 </msg>
<msg time="2024-03-27T02:19:43.027585" level="INFO">/opt/hostedtoolcache/Python/3.12.2/x64/lib/python3.12/site-packages/urllib3/connectionpool.py:1103: InsecureRequestWarning: Unverified HTTPS request is being made to host 'randomuser.me'. Adding certificate verification is strongly advised. See: https://urllib3.readthedocs.io/en/latest/advanced-usage.html#tls-warnings
  warnings.warn(</msg>
<msg time="2024-03-27T02:19:43.027737" level="INFO">${response} = &lt;Response [200]&gt;</msg>
<var>${response}</var>
<arg>consultarAPI</arg>
<arg>/api</arg>
<doc>Sends a GET request on a previously created HTTP Session.</doc>
<status status="PASS" start="2024-03-27T02:19:42.942712" elapsed="0.085065"/>
</kw>
<kw name="Should Be Equal As Numbers" owner="BuiltIn">
<msg time="2024-03-27T02:19:43.028938" level="INFO">Argument types are:
&lt;class 'int'&gt;
&lt;class 'str'&gt;</msg>
<arg>${response.status_code}</arg>
<arg>200</arg>
<doc>Fails if objects are unequal after converting them to real numbers.</doc>
<status status="PASS" start="2024-03-27T02:19:43.028454" elapsed="0.000549"/>
</kw>
<kw name="Log" owner="BuiltIn">
<msg time="2024-03-27T02:19:43.029680" level="INFO">200</msg>
<arg>${response.status_code}</arg>
<doc>Logs the given message with the given level.</doc>
<status status="PASS" start="2024-03-27T02:19:43.029326" elapsed="0.000397"/>
</kw>
<kw name="Set Variable" owner="BuiltIn">
<msg time="2024-03-27T02:19:43.030476" level="INFO">${json_data} = {'results': [{'gender': 'female', 'name': {'title': 'Mrs', 'first': 'Anastasija', 'last': 'Tošić'}, 'location': {'street': {'number': 285, 'name': 'Dolačka'}, 'city': 'Titel', 'state': 'Podunavlje', '...</msg>
<var>${json_data}</var>
<arg>${response.json()}</arg>
<doc>Returns the given values which can then be assigned to a variables.</doc>
<status status="PASS" start="2024-03-27T02:19:43.030028" elapsed="0.000478"/>
</kw>
<kw name="Dictionary Should Contain Key" owner="Collections">
<msg time="2024-03-27T02:19:43.030975" level="INFO">False</msg>
<arg>${json_data}</arg>
<arg>results</arg>
<doc>Fails if ``key`` is not found from ``dictionary``.</doc>
<status status="PASS" start="2024-03-27T02:19:43.030810" elapsed="0.000203"/>
</kw>
<status status="PASS" start="2024-03-27T02:19:42.942463" elapsed="0.088812"/>
</kw>
<doc>Testa se a API responde corretamente e retorna um objeto JSON válido.</doc>
<tag>testeRequisicaoBasica</tag>
<status status="PASS" start="2024-03-27T02:19:42.941938" elapsed="0.089523"/>
</test>
<test id="s1-s1-t3" name="Validar estrutura de resposta" line="22">
<kw name="Teste de Estrutura de Resposta" owner="random-user-service">
<kw name="GET On Session" owner="RequestsLibrary">
<msg time="2024-03-27T02:19:43.104052" level="INFO">GET Request : url=https://randomuser.me/api 
 path_url=/api 
 headers={'User-Agent': 'python-requests/2.31.0', 'Accept-Encoding': 'gzip, deflate', 'Accept': '*/*', 'Connection': 'keep-alive'} 
 body=None 
 </msg>
<msg time="2024-03-27T02:19:43.104151" level="INFO">GET Response : url=https://randomuser.me/api 
 status=200, reason=OK 
 headers={'Date': 'Wed, 27 Mar 2024 02:19:43 GMT', 'Content-Type': 'application/json; charset=utf-8', 'Transfer-Encoding': 'chunked', 'Connection': 'keep-alive', 'X-Powered-By': 'Express', 'Access-Control-Allow-Origin': '*', 'Cache-Control': 'no-cache', 'ETag': 'W/"48a-UYkwMCt4xm5/+nMvKXCb//YcGng"', 'Vary': 'Accept-Encoding', 'Content-Encoding': 'gzip', 'CF-Cache-Status': 'DYNAMIC', 'Report-To': '{"endpoints":[{"url":"https:\\/\\/a.nel.cloudflare.com\\/report\\/v4?s=zq8qp6I5vkCMmDER6mhzTTOHPZeUkP5%2B8R%2BVGiDBWvearJs86U9BTMT5jZWMJqqWQdjAb0JTo6uzFAb37tTImpoPw6p2tTKZQgHWdxgCsQwsz7MitfyBn1dcdVvRS8GS"}],"group":"cf-nel","max_age":604800}', 'NEL': '{"success_fraction":0,"report_to":"cf-nel","max_age":604800}', 'Server': 'cloudflare', 'CF-RAY': '86abe5aa086e12c5-IAD', 'alt-svc': 'h3=":443"; ma=86400'} 
 body={"results":[{"gender":"female","name":{"title":"Miss","first":"Doroteya","last":"Paliienko"},"location":{"street":{"number":8425,"name":"Zakarpatska"},"city":"Valki","state":"Zhitomirska","country":"Ukraine","postcode":36194,"coordinates":{"latitude":"79.3919","longitude":"22.7702"},"timezone":{"offset":"+7:00","description":"Bangkok, Hanoi, Jakarta"}},"email":"doroteya.paliienko@example.com","login":{"uuid":"3a2cd523-4c68-40a0-a6c4-6f4af74c9771","username":"crazygorilla984","password":"sensei","salt":"WxGdPcMA","md5":"34264a1b1d44c788329000498047bc9d","sha1":"73517cb4b1e7b50b63d195566f5164fd002f80a9","sha256":"6e12481a52d632e7f177f268235e1faba8c687e155ffa864c09d8761d19d91b0"},"dob":{"date":"1961-04-20T08:20:11.543Z","age":62},"registered":{"date":"2014-11-14T10:35:20.517Z","age":9},"phone":"(096) G75-4411","cell":"(066) T52-0078","id":{"name":"","value":null},"picture":{"large":"https://randomuser.me/api/portraits/women/93.jpg","medium":"https://randomuser.me/api/portraits/med/women/93.jpg","thumbnail":"https://randomuser.me/api/portraits/thumb/women/93.jpg"},"nat":"UA"}],"info":{"seed":"f58c05f4be591607","results":1,"page":1,"version":"1.4"}} 
 </msg>
<msg time="2024-03-27T02:19:43.104322" level="INFO">/opt/hostedtoolcache/Python/3.12.2/x64/lib/python3.12/site-packages/urllib3/connectionpool.py:1103: InsecureRequestWarning: Unverified HTTPS request is being made to host 'randomuser.me'. Adding certificate verification is strongly advised. See: https://urllib3.readthedocs.io/en/latest/advanced-usage.html#tls-warnings
  warnings.warn(</msg>
<msg time="2024-03-27T02:19:43.104447" level="INFO">${response} = &lt;Response [200]&gt;</msg>
<var>${response}</var>
<arg>consultarAPI</arg>
<arg>/api</arg>
<doc>Sends a GET request on a previously created HTTP Session.</doc>
<status status="PASS" start="2024-03-27T02:19:43.034322" elapsed="0.070164"/>
</kw>
<kw name="Set Variable" owner="BuiltIn">
<msg time="2024-03-27T02:19:43.105496" level="INFO">${json_data} = {'results': [{'gender': 'female', 'name': {'title': 'Miss', 'first': 'Doroteya', 'last': 'Paliienko'}, 'location': {'street': {'number': 8425, 'name': 'Zakarpatska'}, 'city': 'Valki', 'state': 'Zhitom...</msg>
<var>${json_data}</var>
<arg>${response.json()}</arg>
<doc>Returns the given values which can then be assigned to a variables.</doc>
<status status="PASS" start="2024-03-27T02:19:43.104986" elapsed="0.000539"/>
</kw>
<kw name="Log" owner="BuiltIn">
<msg time="2024-03-27T02:19:43.105996" level="INFO">{'results': [{'gender': 'female', 'name': {'title': 'Miss', 'first': 'Doroteya', 'last': 'Paliienko'}, 'location': {'street': {'number': 8425, 'name': 'Zakarpatska'}, 'city': 'Valki', 'state': 'Zhitomirska', 'country': 'Ukraine', 'postcode': 36194, 'coordinates': {'latitude': '79.3919', 'longitude': '22.7702'}, 'timezone': {'offset': '+7:00', 'description': 'Bangkok, Hanoi, Jakarta'}}, 'email': 'doroteya.paliienko@example.com', 'login': {'uuid': '3a2cd523-4c68-40a0-a6c4-6f4af74c9771', 'username': 'crazygorilla984', 'password': 'sensei', 'salt': 'WxGdPcMA', 'md5': '34264a1b1d44c788329000498047bc9d', 'sha1': '73517cb4b1e7b50b63d195566f5164fd002f80a9', 'sha256': '6e12481a52d632e7f177f268235e1faba8c687e155ffa864c09d8761d19d91b0'}, 'dob': {'date': '1961-04-20T08:20:11.543Z', 'age': 62}, 'registered': {'date': '2014-11-14T10:35:20.517Z', 'age': 9}, 'phone': '(096) G75-4411', 'cell': '(066) T52-0078', 'id': {'name': '', 'value': None}, 'picture': {'large': 'https://randomuser.me/api/portraits/women/93.jpg', 'medium': 'https://randomuser.me/api/portraits/med/women/93.jpg', 'thumbnail': 'https://randomuser.me/api/portraits/thumb/women/93.jpg'}, 'nat': 'UA'}], 'info': {'seed': 'f58c05f4be591607', 'results': 1, 'page': 1, 'version': '1.4'}}</msg>
<arg>${json_data}</arg>
<doc>Logs the given message with the given level.</doc>
<status status="PASS" start="2024-03-27T02:19:43.105836" elapsed="0.000209"/>
</kw>
<kw name="Dictionary Should Contain Key" owner="Collections">
<msg time="2024-03-27T02:19:43.106502" level="INFO">False</msg>
<arg>${json_data}</arg>
<arg>results</arg>
<doc>Fails if ``key`` is not found from ``dictionary``.</doc>
<status status="PASS" start="2024-03-27T02:19:43.106344" elapsed="0.000195"/>
</kw>
<kw name="Should Not Be Empty" owner="BuiltIn">
<msg time="2024-03-27T02:19:43.106971" level="INFO">Length is 2.</msg>
<arg>${json_data}</arg>
<doc>Verifies that the given item is not empty.</doc>
<status status="PASS" start="2024-03-27T02:19:43.106832" elapsed="0.000178"/>
</kw>
<kw name="Create List" owner="BuiltIn">
<msg time="2024-03-27T02:19:43.107458" level="INFO">${expected_keys} = ['gender', 'name', 'location', 'email', 'login']</msg>
<var>${expected_keys}</var>
<arg>gender</arg>
<arg>name</arg>
<arg>location</arg>
<arg>email</arg>
<arg>login</arg>
<doc>Returns a list containing given items.</doc>
<status status="PASS" start="2024-03-27T02:19:43.107304" elapsed="0.000178"/>
</kw>
<for flavor="IN">
<iter>
<kw name="Dictionary Should Contain Key" owner="Collections">
<msg time="2024-03-27T02:19:43.108512" level="INFO">False</msg>
<arg>${json_data['results'][0]}</arg>
<arg>${key}</arg>
<doc>Fails if ``key`` is not found from ``dictionary``.</doc>
<status status="PASS" start="2024-03-27T02:19:43.108064" elapsed="0.000487"/>
</kw>
<kw name="Log" owner="BuiltIn">
<msg time="2024-03-27T02:19:43.109229" level="INFO">{'gender': 'female', 'name': {'title': 'Miss', 'first': 'Doroteya', 'last': 'Paliienko'}, 'location': {'street': {'number': 8425, 'name': 'Zakarpatska'}, 'city': 'Valki', 'state': 'Zhitomirska', 'country': 'Ukraine', 'postcode': 36194, 'coordinates': {'latitude': '79.3919', 'longitude': '22.7702'}, 'timezone': {'offset': '+7:00', 'description': 'Bangkok, Hanoi, Jakarta'}}, 'email': 'doroteya.paliienko@example.com', 'login': {'uuid': '3a2cd523-4c68-40a0-a6c4-6f4af74c9771', 'username': 'crazygorilla984', 'password': 'sensei', 'salt': 'WxGdPcMA', 'md5': '34264a1b1d44c788329000498047bc9d', 'sha1': '73517cb4b1e7b50b63d195566f5164fd002f80a9', 'sha256': '6e12481a52d632e7f177f268235e1faba8c687e155ffa864c09d8761d19d91b0'}, 'dob': {'date': '1961-04-20T08:20:11.543Z', 'age': 62}, 'registered': {'date': '2014-11-14T10:35:20.517Z', 'age': 9}, 'phone': '(096) G75-4411', 'cell': '(066) T52-0078', 'id': {'name': '', 'value': None}, 'picture': {'large': 'https://randomuser.me/api/portraits/women/93.jpg', 'medium': 'https://randomuser.me/api/portraits/med/women/93.jpg', 'thumbnail': 'https://randomuser.me/api/portraits/thumb/women/93.jpg'}, 'nat': 'UA'}</msg>
<arg>${json_data['results'][0]}</arg>
<doc>Logs the given message with the given level.</doc>
<status status="PASS" start="2024-03-27T02:19:43.108868" elapsed="0.000414"/>
</kw>
<kw name="Log" owner="BuiltIn">
<msg time="2024-03-27T02:19:43.109718" level="INFO">gender</msg>
<arg>${key}</arg>
<doc>Logs the given message with the given level.</doc>
<status status="PASS" start="2024-03-27T02:19:43.109587" elapsed="0.000169"/>
</kw>
<var name="${key}">gender</var>
<status status="PASS" start="2024-03-27T02:19:43.107933" elapsed="0.002046"/>
</iter>
<iter>
<kw name="Dictionary Should Contain Key" owner="Collections">
<msg time="2024-03-27T02:19:43.110672" level="INFO">False</msg>
<arg>${json_data['results'][0]}</arg>
<arg>${key}</arg>
<doc>Fails if ``key`` is not found from ``dictionary``.</doc>
<status status="PASS" start="2024-03-27T02:19:43.110286" elapsed="0.000422"/>
</kw>
<kw name="Log" owner="BuiltIn">
<msg time="2024-03-27T02:19:43.111398" level="INFO">{'gender': 'female', 'name': {'title': 'Miss', 'first': 'Doroteya', 'last': 'Paliienko'}, 'location': {'street': {'number': 8425, 'name': 'Zakarpatska'}, 'city': 'Valki', 'state': 'Zhitomirska', 'country': 'Ukraine', 'postcode': 36194, 'coordinates': {'latitude': '79.3919', 'longitude': '22.7702'}, 'timezone': {'offset': '+7:00', 'description': 'Bangkok, Hanoi, Jakarta'}}, 'email': 'doroteya.paliienko@example.com', 'login': {'uuid': '3a2cd523-4c68-40a0-a6c4-6f4af74c9771', 'username': 'crazygorilla984', 'password': 'sensei', 'salt': 'WxGdPcMA', 'md5': '34264a1b1d44c788329000498047bc9d', 'sha1': '73517cb4b1e7b50b63d195566f5164fd002f80a9', 'sha256': '6e12481a52d632e7f177f268235e1faba8c687e155ffa864c09d8761d19d91b0'}, 'dob': {'date': '1961-04-20T08:20:11.543Z', 'age': 62}, 'registered': {'date': '2014-11-14T10:35:20.517Z', 'age': 9}, 'phone': '(096) G75-4411', 'cell': '(066) T52-0078', 'id': {'name': '', 'value': None}, 'picture': {'large': 'https://randomuser.me/api/portraits/women/93.jpg', 'medium': 'https://randomuser.me/api/portraits/med/women/93.jpg', 'thumbnail': 'https://randomuser.me/api/portraits/thumb/women/93.jpg'}, 'nat': 'UA'}</msg>
<arg>${json_data['results'][0]}</arg>
<doc>Logs the given message with the given level.</doc>
<status status="PASS" start="2024-03-27T02:19:43.111040" elapsed="0.000406"/>
</kw>
<kw name="Log" owner="BuiltIn">
<msg time="2024-03-27T02:19:43.111874" level="INFO">name</msg>
<arg>${key}</arg>
<doc>Logs the given message with the given level.</doc>
<status status="PASS" start="2024-03-27T02:19:43.111745" elapsed="0.000166"/>
</kw>
<var name="${key}">name</var>
<status status="PASS" start="2024-03-27T02:19:43.110170" elapsed="0.001955"/>
</iter>
<iter>
<kw name="Dictionary Should Contain Key" owner="Collections">
<msg time="2024-03-27T02:19:43.112817" level="INFO">False</msg>
<arg>${json_data['results'][0]}</arg>
<arg>${key}</arg>
<doc>Fails if ``key`` is not found from ``dictionary``.</doc>
<status status="PASS" start="2024-03-27T02:19:43.112445" elapsed="0.000409"/>
</kw>
<kw name="Log" owner="BuiltIn">
<msg time="2024-03-27T02:19:43.113517" level="INFO">{'gender': 'female', 'name': {'title': 'Miss', 'first': 'Doroteya', 'last': 'Paliienko'}, 'location': {'street': {'number': 8425, 'name': 'Zakarpatska'}, 'city': 'Valki', 'state': 'Zhitomirska', 'country': 'Ukraine', 'postcode': 36194, 'coordinates': {'latitude': '79.3919', 'longitude': '22.7702'}, 'timezone': {'offset': '+7:00', 'description': 'Bangkok, Hanoi, Jakarta'}}, 'email': 'doroteya.paliienko@example.com', 'login': {'uuid': '3a2cd523-4c68-40a0-a6c4-6f4af74c9771', 'username': 'crazygorilla984', 'password': 'sensei', 'salt': 'WxGdPcMA', 'md5': '34264a1b1d44c788329000498047bc9d', 'sha1': '73517cb4b1e7b50b63d195566f5164fd002f80a9', 'sha256': '6e12481a52d632e7f177f268235e1faba8c687e155ffa864c09d8761d19d91b0'}, 'dob': {'date': '1961-04-20T08:20:11.543Z', 'age': 62}, 'registered': {'date': '2014-11-14T10:35:20.517Z', 'age': 9}, 'phone': '(096) G75-4411', 'cell': '(066) T52-0078', 'id': {'name': '', 'value': None}, 'picture': {'large': 'https://randomuser.me/api/portraits/women/93.jpg', 'medium': 'https://randomuser.me/api/portraits/med/women/93.jpg', 'thumbnail': 'https://randomuser.me/api/portraits/thumb/women/93.jpg'}, 'nat': 'UA'}</msg>
<arg>${json_data['results'][0]}</arg>
<doc>Logs the given message with the given level.</doc>
<status status="PASS" start="2024-03-27T02:19:43.113153" elapsed="0.000421"/>
</kw>
<kw name="Log" owner="BuiltIn">
<msg time="2024-03-27T02:19:43.113997" level="INFO">location</msg>
<arg>${key}</arg>
<doc>Logs the given message with the given level.</doc>
<status status="PASS" start="2024-03-27T02:19:43.113871" elapsed="0.000164"/>
</kw>
<var name="${key}">location</var>
<status status="PASS" start="2024-03-27T02:19:43.112334" elapsed="0.001917"/>
</iter>
<iter>
<kw name="Dictionary Should Contain Key" owner="Collections">
<msg time="2024-03-27T02:19:43.114905" level="INFO">False</msg>
<arg>${json_data['results'][0]}</arg>
<arg>${key}</arg>
<doc>Fails if ``key`` is not found from ``dictionary``.</doc>
<status status="PASS" start="2024-03-27T02:19:43.114537" elapsed="0.000405"/>
</kw>
<kw name="Log" owner="BuiltIn">
<msg time="2024-03-27T02:19:43.115589" level="INFO">{'gender': 'female', 'name': {'title': 'Miss', 'first': 'Doroteya', 'last': 'Paliienko'}, 'location': {'street': {'number': 8425, 'name': 'Zakarpatska'}, 'city': 'Valki', 'state': 'Zhitomirska', 'country': 'Ukraine', 'postcode': 36194, 'coordinates': {'latitude': '79.3919', 'longitude': '22.7702'}, 'timezone': {'offset': '+7:00', 'description': 'Bangkok, Hanoi, Jakarta'}}, 'email': 'doroteya.paliienko@example.com', 'login': {'uuid': '3a2cd523-4c68-40a0-a6c4-6f4af74c9771', 'username': 'crazygorilla984', 'password': 'sensei', 'salt': 'WxGdPcMA', 'md5': '34264a1b1d44c788329000498047bc9d', 'sha1': '73517cb4b1e7b50b63d195566f5164fd002f80a9', 'sha256': '6e12481a52d632e7f177f268235e1faba8c687e155ffa864c09d8761d19d91b0'}, 'dob': {'date': '1961-04-20T08:20:11.543Z', 'age': 62}, 'registered': {'date': '2014-11-14T10:35:20.517Z', 'age': 9}, 'phone': '(096) G75-4411', 'cell': '(066) T52-0078', 'id': {'name': '', 'value': None}, 'picture': {'large': 'https://randomuser.me/api/portraits/women/93.jpg', 'medium': 'https://randomuser.me/api/portraits/med/women/93.jpg', 'thumbnail': 'https://randomuser.me/api/portraits/thumb/women/93.jpg'}, 'nat': 'UA'}</msg>
<arg>${json_data['results'][0]}</arg>
<doc>Logs the given message with the given level.</doc>
<status status="PASS" start="2024-03-27T02:19:43.115240" elapsed="0.000396"/>
</kw>
<kw name="Log" owner="BuiltIn">
<msg time="2024-03-27T02:19:43.116060" level="INFO">email</msg>
<arg>${key}</arg>
<doc>Logs the given message with the given level.</doc>
<status status="PASS" start="2024-03-27T02:19:43.115934" elapsed="0.000165"/>
</kw>
<var name="${key}">email</var>
<status status="PASS" start="2024-03-27T02:19:43.114425" elapsed="0.001926"/>
</iter>
<iter>
<kw name="Dictionary Should Contain Key" owner="Collections">
<msg time="2024-03-27T02:19:43.117033" level="INFO">False</msg>
<arg>${json_data['results'][0]}</arg>
<arg>${key}</arg>
<doc>Fails if ``key`` is not found from ``dictionary``.</doc>
<status status="PASS" start="2024-03-27T02:19:43.116648" elapsed="0.000422"/>
</kw>
<kw name="Log" owner="BuiltIn">
<msg time="2024-03-27T02:19:43.117725" level="INFO">{'gender': 'female', 'name': {'title': 'Miss', 'first': 'Doroteya', 'last': 'Paliienko'}, 'location': {'street': {'number': 8425, 'name': 'Zakarpatska'}, 'city': 'Valki', 'state': 'Zhitomirska', 'country': 'Ukraine', 'postcode': 36194, 'coordinates': {'latitude': '79.3919', 'longitude': '22.7702'}, 'timezone': {'offset': '+7:00', 'description': 'Bangkok, Hanoi, Jakarta'}}, 'email': 'doroteya.paliienko@example.com', 'login': {'uuid': '3a2cd523-4c68-40a0-a6c4-6f4af74c9771', 'username': 'crazygorilla984', 'password': 'sensei', 'salt': 'WxGdPcMA', 'md5': '34264a1b1d44c788329000498047bc9d', 'sha1': '73517cb4b1e7b50b63d195566f5164fd002f80a9', 'sha256': '6e12481a52d632e7f177f268235e1faba8c687e155ffa864c09d8761d19d91b0'}, 'dob': {'date': '1961-04-20T08:20:11.543Z', 'age': 62}, 'registered': {'date': '2014-11-14T10:35:20.517Z', 'age': 9}, 'phone': '(096) G75-4411', 'cell': '(066) T52-0078', 'id': {'name': '', 'value': None}, 'picture': {'large': 'https://randomuser.me/api/portraits/women/93.jpg', 'medium': 'https://randomuser.me/api/portraits/med/women/93.jpg', 'thumbnail': 'https://randomuser.me/api/portraits/thumb/women/93.jpg'}, 'nat': 'UA'}</msg>
<arg>${json_data['results'][0]}</arg>
<doc>Logs the given message with the given level.</doc>
<status status="PASS" start="2024-03-27T02:19:43.117367" elapsed="0.000404"/>
</kw>
<kw name="Log" owner="BuiltIn">
<msg time="2024-03-27T02:19:43.118187" level="INFO">login</msg>
<arg>${key}</arg>
<doc>Logs the given message with the given level.</doc>
<status status="PASS" start="2024-03-27T02:19:43.118061" elapsed="0.000277"/>
</kw>
<var name="${key}">login</var>
<status status="PASS" start="2024-03-27T02:19:43.116528" elapsed="0.002058"/>
</iter>
<var>${key}</var>
<value>@{expected_keys}</value>
<status status="PASS" start="2024-03-27T02:19:43.107741" elapsed="0.010974"/>
</for>
<kw name="Create List" owner="BuiltIn">
<msg time="2024-03-27T02:19:43.119051" level="INFO">${expected_keysTwo} = ['username', 'password']</msg>
<var>${expected_keysTwo}</var>
<arg>username</arg>
<arg>password</arg>
<doc>Returns a list containing given items.</doc>
<status status="PASS" start="2024-03-27T02:19:43.118913" elapsed="0.000162"/>
</kw>
<for flavor="IN">
<iter>
<kw name="Dictionary Should Contain Key" owner="Collections">
<msg time="2024-03-27T02:19:43.119957" level="INFO">False</msg>
<arg>${json_data['results'][0]['login']}</arg>
<arg>${keyTwo}</arg>
<doc>Fails if ``key`` is not found from ``dictionary``.</doc>
<status status="PASS" start="2024-03-27T02:19:43.119577" elapsed="0.000417"/>
</kw>
<kw name="Dictionary Should Contain Key" owner="Collections">
<msg time="2024-03-27T02:19:43.120727" level="INFO">False</msg>
<arg>${json_data['results'][0]['login']}</arg>
<arg>${keyTwo}</arg>
<doc>Fails if ``key`` is not found from ``dictionary``.</doc>
<status status="PASS" start="2024-03-27T02:19:43.120312" elapsed="0.000453"/>
</kw>
<kw name="Log" owner="BuiltIn">
<msg time="2024-03-27T02:19:43.121186" level="INFO">username</msg>
<arg>${keyTwo}</arg>
<doc>Logs the given message with the given level.</doc>
<status status="PASS" start="2024-03-27T02:19:43.121059" elapsed="0.000165"/>
</kw>
<var name="${keyTwo}">username</var>
<status status="PASS" start="2024-03-27T02:19:43.119468" elapsed="0.001968"/>
</iter>
<iter>
<kw name="Dictionary Should Contain Key" owner="Collections">
<msg time="2024-03-27T02:19:43.122088" level="INFO">False</msg>
<arg>${json_data['results'][0]['login']}</arg>
<arg>${keyTwo}</arg>
<doc>Fails if ``key`` is not found from ``dictionary``.</doc>
<status status="PASS" start="2024-03-27T02:19:43.121718" elapsed="0.000407"/>
</kw>
<kw name="Dictionary Should Contain Key" owner="Collections">
<msg time="2024-03-27T02:19:43.122794" level="INFO">False</msg>
<arg>${json_data['results'][0]['login']}</arg>
<arg>${keyTwo}</arg>
<doc>Fails if ``key`` is not found from ``dictionary``.</doc>
<status status="PASS" start="2024-03-27T02:19:43.122415" elapsed="0.000416"/>
</kw>
<kw name="Log" owner="BuiltIn">
<msg time="2024-03-27T02:19:43.123249" level="INFO">password</msg>
<arg>${keyTwo}</arg>
<doc>Logs the given message with the given level.</doc>
<status status="PASS" start="2024-03-27T02:19:43.123122" elapsed="0.000166"/>
</kw>
<var name="${keyTwo}">password</var>
<status status="PASS" start="2024-03-27T02:19:43.121609" elapsed="0.001896"/>
</iter>
<var>${keyTwo}</var>
<value>@{expected_keysTwo}</value>
<status status="PASS" start="2024-03-27T02:19:43.119314" elapsed="0.004321"/>
</for>
<status status="PASS" start="2024-03-27T02:19:43.034085" elapsed="0.089695"/>
</kw>
<doc>Testa a estrutura da resposta da API.</doc>
<tag>testeEstruturaResposta</tag>
<status status="PASS" start="2024-03-27T02:19:43.033344" elapsed="0.090605"/>
</test>
<test id="s1-s1-t4" name="Validar tipos de dados" line="28">
<kw name="Teste de Tipos de Dados" owner="random-user-service">
<kw name="GET On Session" owner="RequestsLibrary">
<msg time="2024-03-27T02:19:43.204147" level="INFO">GET Request : url=https://randomuser.me/api 
 path_url=/api 
 headers={'User-Agent': 'python-requests/2.31.0', 'Accept-Encoding': 'gzip, deflate', 'Accept': '*/*', 'Connection': 'keep-alive'} 
 body=None 
 </msg>
<msg time="2024-03-27T02:19:43.204291" level="INFO">GET Response : url=https://randomuser.me/api 
 status=200, reason=OK 
 headers={'Date': 'Wed, 27 Mar 2024 02:19:43 GMT', 'Content-Type': 'application/json; charset=utf-8', 'Transfer-Encoding': 'chunked', 'Connection': 'keep-alive', 'X-Powered-By': 'Express', 'Access-Control-Allow-Origin': '*', 'Cache-Control': 'no-cache', 'ETag': 'W/"474-9ngm3pHcuvrHiywRiuWpMw+7F7s"', 'Vary': 'Accept-Encoding', 'Content-Encoding': 'gzip', 'CF-Cache-Status': 'DYNAMIC', 'Report-To': '{"endpoints":[{"url":"https:\\/\\/a.nel.cloudflare.com\\/report\\/v4?s=epGGBVNMbllNqREOJEGPKTz5dwlkdjlqXdil02uICYwY8dEfifVyaw%2BLhc3X8GyoTVITagDe080ALKDmo5ELPmznm7M5lXc89lhbvWF0TUvRQSAwIvqwdvcD29p7MFqs"}],"group":"cf-nel","max_age":604800}', 'NEL': '{"success_fraction":0,"report_to":"cf-nel","max_age":604800}', 'Server': 'cloudflare', 'CF-RAY': '86abe5aa98db12c5-IAD', 'alt-svc': 'h3=":443"; ma=86400'} 
 body={"results":[{"gender":"female","name":{"title":"Mrs","first":"Clara","last":"Romero"},"location":{"street":{"number":1879,"name":"Ash Dr"},"city":"Mackay","state":"Tasmania","country":"Australia","postcode":9225,"coordinates":{"latitude":"-89.2413","longitude":"162.2369"},"timezone":{"offset":"+9:30","description":"Adelaide, Darwin"}},"email":"clara.romero@example.com","login":{"uuid":"3c9e308a-4a02-493e-ba97-707f77e689a3","username":"heavykoala104","password":"momo","salt":"ObiMn3RN","md5":"2481797a243b824f822d3178a753fc66","sha1":"518d0138e0f582f25d26a9eed335b2a639adee58","sha256":"c02050adf8ec4b1dcdd2fe62a72182e418728e1dcad36427df534991ee9d652e"},"dob":{"date":"1971-07-04T09:26:59.491Z","age":52},"registered":{"date":"2021-12-07T12:20:30.115Z","age":2},"phone":"04-9356-6164","cell":"0429-023-430","id":{"name":"TFN","value":"000722927"},"picture":{"large":"https://randomuser.me/api/portraits/women/42.jpg","medium":"https://randomuser.me/api/portraits/med/women/42.jpg","thumbnail":"https://randomuser.me/api/portraits/thumb/women/42.jpg"},"nat":"AU"}],"info":{"seed":"c79e4fb1e4331221","results":1,"page":1,"version":"1.4"}} 
 </msg>
<msg time="2024-03-27T02:19:43.204372" level="INFO">/opt/hostedtoolcache/Python/3.12.2/x64/lib/python3.12/site-packages/urllib3/connectionpool.py:1103: InsecureRequestWarning: Unverified HTTPS request is being made to host 'randomuser.me'. Adding certificate verification is strongly advised. See: https://urllib3.readthedocs.io/en/latest/advanced-usage.html#tls-warnings
  warnings.warn(</msg>
<msg time="2024-03-27T02:19:43.204504" level="INFO">${response} = &lt;Response [200]&gt;</msg>
<var>${response}</var>
<arg>consultarAPI</arg>
<arg>/api</arg>
<doc>Sends a GET request on a previously created HTTP Session.</doc>
<status status="PASS" start="2024-03-27T02:19:43.126440" elapsed="0.078103"/>
</kw>
<kw name="Set Variable" owner="BuiltIn">
<msg time="2024-03-27T02:19:43.205581" level="INFO">${json_data} = {'results': [{'gender': 'female', 'name': {'title': 'Mrs', 'first': 'Clara', 'last': 'Romero'}, 'location': {'street': {'number': 1879, 'name': 'Ash Dr'}, 'city': 'Mackay', 'state': 'Tasmania', 'count...</msg>
<var>${json_data}</var>
<arg>${response.json()}</arg>
<doc>Returns the given values which can then be assigned to a variables.</doc>
<status status="PASS" start="2024-03-27T02:19:43.205073" elapsed="0.000537"/>
</kw>
<kw name="Log" owner="BuiltIn">
<msg time="2024-03-27T02:19:43.206082" level="INFO">{'results': [{'gender': 'female', 'name': {'title': 'Mrs', 'first': 'Clara', 'last': 'Romero'}, 'location': {'street': {'number': 1879, 'name': 'Ash Dr'}, 'city': 'Mackay', 'state': 'Tasmania', 'country': 'Australia', 'postcode': 9225, 'coordinates': {'latitude': '-89.2413', 'longitude': '162.2369'}, 'timezone': {'offset': '+9:30', 'description': 'Adelaide, Darwin'}}, 'email': 'clara.romero@example.com', 'login': {'uuid': '3c9e308a-4a02-493e-ba97-707f77e689a3', 'username': 'heavykoala104', 'password': 'momo', 'salt': 'ObiMn3RN', 'md5': '2481797a243b824f822d3178a753fc66', 'sha1': '518d0138e0f582f25d26a9eed335b2a639adee58', 'sha256': 'c02050adf8ec4b1dcdd2fe62a72182e418728e1dcad36427df534991ee9d652e'}, 'dob': {'date': '1971-07-04T09:26:59.491Z', 'age': 52}, 'registered': {'date': '2021-12-07T12:20:30.115Z', 'age': 2}, 'phone': '04-9356-6164', 'cell': '0429-023-430', 'id': {'name': 'TFN', 'value': '000722927'}, 'picture': {'large': 'https://randomuser.me/api/portraits/women/42.jpg', 'medium': 'https://randomuser.me/api/portraits/med/women/42.jpg', 'thumbnail': 'https://randomuser.me/api/portraits/thumb/women/42.jpg'}, 'nat': 'AU'}], 'info': {'seed': 'c79e4fb1e4331221', 'results': 1, 'page': 1, 'version': '1.4'}}</msg>
<arg>${json_data}</arg>
<doc>Logs the given message with the given level.</doc>
<status status="PASS" start="2024-03-27T02:19:43.205925" elapsed="0.000242"/>
</kw>
<kw name="Should Be String" owner="String">
<arg>${json_data['results'][0]['gender']}</arg>
<doc>Fails if the given ``item`` is not a string.</doc>
<status status="PASS" start="2024-03-27T02:19:43.206472" elapsed="0.000363"/>
</kw>
<kw name="Should Match Regexp" owner="BuiltIn">
<arg>${json_data['results'][0]['email']}</arg>
<arg>^[a-zA-Z0-9._%+-]+@[a-zA-Z0-9.-]+\.[a-zA-Z]{2,}$</arg>
<doc>Fails if ``string`` does not match ``pattern`` as a regular expression.</doc>
<status status="PASS" start="2024-03-27T02:19:43.207032" elapsed="0.000516"/>
</kw>
<kw name="Should Match Regexp" owner="BuiltIn">
<arg>${json_data['results'][0]['dob']['date']}</arg>
<arg>\\d{4}-\\d{2}-\\d{2}T\\d{2}:\\d{2}:\\d{2}\\.\\d{3}Z</arg>
<doc>Fails if ``string`` does not match ``pattern`` as a regular expression.</doc>
<status status="PASS" start="2024-03-27T02:19:43.207748" elapsed="0.000525"/>
</kw>
<kw name="Should Match Regexp" owner="BuiltIn">
<arg>${json_data['results'][0]['registered']['date']}</arg>
<arg>\\d{4}-\\d{2}-\\d{2}T\\d{2}:\\d{2}:\\d{2}\\.\\d{3}Z</arg>
<doc>Fails if ``string`` does not match ``pattern`` as a regular expression.</doc>
<status status="PASS" start="2024-03-27T02:19:43.208483" elapsed="0.000375"/>
</kw>
<kw name="Should Match Regexp" owner="BuiltIn">
<arg>${json_data['results'][0]['picture']['large']}</arg>
<arg>^https?://.*\.(?:png|jpe?g|gif|bmp)$</arg>
<doc>Fails if ``string`` does not match ``pattern`` as a regular expression.</doc>
<status status="PASS" start="2024-03-27T02:19:43.209046" elapsed="0.000467"/>
</kw>
<kw name="Should Match Regexp" owner="BuiltIn">
<arg>${json_data['results'][0]['picture']['medium']}</arg>
<arg>^https?://.*\.(?:png|jpe?g|gif|bmp)$</arg>
<doc>Fails if ``string`` does not match ``pattern`` as a regular expression.</doc>
<status status="PASS" start="2024-03-27T02:19:43.209706" elapsed="0.000359"/>
</kw>
<kw name="Should Match Regexp" owner="BuiltIn">
<arg>${json_data['results'][0]['picture']['thumbnail']}</arg>
<arg>^https?://.*\.(?:png|jpe?g|gif|bmp)$</arg>
<doc>Fails if ``string`` does not match ``pattern`` as a regular expression.</doc>
<status status="PASS" start="2024-03-27T02:19:43.210252" elapsed="0.000353"/>
</kw>
<kw name="Log" owner="BuiltIn">
<msg time="2024-03-27T02:19:43.211109" level="INFO">{'large': 'https://randomuser.me/api/portraits/women/42.jpg', 'medium': 'https://randomuser.me/api/portraits/med/women/42.jpg', 'thumbnail': 'https://randomuser.me/api/portraits/thumb/women/42.jpg'}</msg>
<arg>${json_data['results'][0]['picture']}</arg>
<doc>Logs the given message with the given level.</doc>
<status status="PASS" start="2024-03-27T02:19:43.210784" elapsed="0.000371"/>
</kw>
<status status="PASS" start="2024-03-27T02:19:43.126210" elapsed="0.085203"/>
</kw>
<kw name="Teste de Tipos de Dados - Postcode" owner="random-user-service">
<kw name="GET On Session" owner="RequestsLibrary">
<msg time="2024-03-27T02:19:43.477956" level="INFO">GET Request : url=https://randomuser.me/api 
 path_url=/api 
 headers={'User-Agent': 'python-requests/2.31.0', 'Accept-Encoding': 'gzip, deflate', 'Accept': '*/*', 'Connection': 'keep-alive'} 
 body=None 
 </msg>
<msg time="2024-03-27T02:19:43.478068" level="INFO">GET Response : url=https://randomuser.me/api 
 status=200, reason=OK 
 headers={'Date': 'Wed, 27 Mar 2024 02:19:43 GMT', 'Content-Type': 'application/json; charset=utf-8', 'Transfer-Encoding': 'chunked', 'Connection': 'keep-alive', 'X-Powered-By': 'Express', 'Access-Control-Allow-Origin': '*', 'Cache-Control': 'no-cache', 'ETag': 'W/"46c-Zo0DKKVmV+ShBmkt6ftR+0PMpf4"', 'Vary': 'Accept-Encoding', 'Content-Encoding': 'gzip', 'CF-Cache-Status': 'DYNAMIC', 'Report-To': '{"endpoints":[{"url":"https:\\/\\/a.nel.cloudflare.com\\/report\\/v4?s=5Q9XVZGmgW0meftJ4nYpjGSbUvqFlf8K3qxcZcerxy8KQFZaTjrDxd4Fd%2FeISWH%2FDtZOsACJzjdZOeHolTRhOe3D%2FrRD1Oi%2FgJUNw%2FqxMR12JWkZ5U%2Bq12CT5mteWIAG"}],"group":"cf-nel","max_age":604800}', 'NEL': '{"success_fraction":0,"report_to":"cf-nel","max_age":604800}', 'Server': 'cloudflare', 'CF-RAY': '86abe5ab192f12c5-IAD', 'alt-svc': 'h3=":443"; ma=86400'} 
 body={"results":[{"gender":"female","name":{"title":"Miss","first":"Mestan","last":"Paksüt"},"location":{"street":{"number":6554,"name":"Necatibey Cd"},"city":"Muş","state":"Erzurum","country":"Turkey","postcode":85285,"coordinates":{"latitude":"66.7476","longitude":"33.5980"},"timezone":{"offset":"-9:00","description":"Alaska"}},"email":"mestan.paksut@example.com","login":{"uuid":"9a42a894-d0d8-43aa-b59a-02e916f4cdf3","username":"purplebear232","password":"mohammed","salt":"a1IoNN9x","md5":"c1df1bc10f0d3a764cfc7da1c5835987","sha1":"358ec5adf66faa7183ac0711e089b68deaffd2a6","sha256":"c173f4dc137bfbf5ab35fc7a288cf578afcf2626395cf91744381563f1d030fd"},"dob":{"date":"1994-07-12T14:09:21.526Z","age":29},"registered":{"date":"2014-03-22T10:14:17.909Z","age":10},"phone":"(492)-789-2234","cell":"(068)-491-1714","id":{"name":"","value":null},"picture":{"large":"https://randomuser.me/api/portraits/women/11.jpg","medium":"https://randomuser.me/api/portraits/med/women/11.jpg","thumbnail":"https://randomuser.me/api/portraits/thumb/women/11.jpg"},"nat":"TR"}],"info":{"seed":"9ffc55c54aeb19cf","results":1,"page":1,"version":"1.4"}} 
 </msg>
<msg time="2024-03-27T02:19:43.478170" level="INFO">/opt/hostedtoolcache/Python/3.12.2/x64/lib/python3.12/site-packages/urllib3/connectionpool.py:1103: InsecureRequestWarning: Unverified HTTPS request is being made to host 'randomuser.me'. Adding certificate verification is strongly advised. See: https://urllib3.readthedocs.io/en/latest/advanced-usage.html#tls-warnings
  warnings.warn(</msg>
<msg time="2024-03-27T02:19:43.478296" level="INFO">${response} = &lt;Response [200]&gt;</msg>
<var>${response}</var>
<arg>consultarAPI</arg>
<arg>/api</arg>
<doc>Sends a GET request on a previously created HTTP Session.</doc>
<status status="PASS" start="2024-03-27T02:19:43.212019" elapsed="0.266317"/>
</kw>
<kw name="Set Variable" owner="BuiltIn">
<msg time="2024-03-27T02:19:43.479546" level="INFO">${json_data} = {'results': [{'gender': 'female', 'name': {'title': 'Miss', 'first': 'Mestan', 'last': 'Paksüt'}, 'location': {'street': {'number': 6554, 'name': 'Necatibey Cd'}, 'city': 'Muş', 'state': 'Erzurum', 'c...</msg>
<var>${json_data}</var>
<arg>${response.json()}</arg>
<doc>Returns the given values which can then be assigned to a variables.</doc>
<status status="PASS" start="2024-03-27T02:19:43.478985" elapsed="0.000598"/>
</kw>
<kw name="Log" owner="BuiltIn">
<msg time="2024-03-27T02:19:43.480057" level="INFO">{'results': [{'gender': 'female', 'name': {'title': 'Miss', 'first': 'Mestan', 'last': 'Paksüt'}, 'location': {'street': {'number': 6554, 'name': 'Necatibey Cd'}, 'city': 'Muş', 'state': 'Erzurum', 'country': 'Turkey', 'postcode': 85285, 'coordinates': {'latitude': '66.7476', 'longitude': '33.5980'}, 'timezone': {'offset': '-9:00', 'description': 'Alaska'}}, 'email': 'mestan.paksut@example.com', 'login': {'uuid': '9a42a894-d0d8-43aa-b59a-02e916f4cdf3', 'username': 'purplebear232', 'password': 'mohammed', 'salt': 'a1IoNN9x', 'md5': 'c1df1bc10f0d3a764cfc7da1c5835987', 'sha1': '358ec5adf66faa7183ac0711e089b68deaffd2a6', 'sha256': 'c173f4dc137bfbf5ab35fc7a288cf578afcf2626395cf91744381563f1d030fd'}, 'dob': {'date': '1994-07-12T14:09:21.526Z', 'age': 29}, 'registered': {'date': '2014-03-22T10:14:17.909Z', 'age': 10}, 'phone': '(492)-789-2234', 'cell': '(068)-491-1714', 'id': {'name': '', 'value': None}, 'picture': {'large': 'https://randomuser.me/api/portraits/women/11.jpg', 'medium': 'https://randomuser.me/api/portraits/med/women/11.jpg', 'thumbnail': 'https://randomuser.me/api/portraits/thumb/women/11.jpg'}, 'nat': 'TR'}], 'info': {'seed': '9ffc55c54aeb19cf', 'results': 1, 'page': 1, 'version': '1.4'}}</msg>
<arg>${json_data}</arg>
<doc>Logs the given message with the given level.</doc>
<status status="PASS" start="2024-03-27T02:19:43.479896" elapsed="0.000245"/>
</kw>
<kw name="Should Be Equal As Numbers" owner="BuiltIn">
<arg>${json_data['results'][0]['location']['postcode']}</arg>
<arg>${json_data['results'][0]['location']['postcode']}</arg>
<doc>Fails if objects are unequal after converting them to real numbers.</doc>
<status status="PASS" start="2024-03-27T02:19:43.480501" elapsed="0.000630"/>
</kw>
<kw name="Log" owner="BuiltIn">
<msg time="2024-03-27T02:19:43.481665" level="INFO">85285</msg>
<arg>${json_data['results'][0]['location']['postcode']}</arg>
<doc>Logs the given message with the given level.</doc>
<status status="PASS" start="2024-03-27T02:19:43.481324" elapsed="0.000381"/>
</kw>
<status status="PASS" start="2024-03-27T02:19:43.211643" elapsed="0.270316"/>
</kw>
<doc>Testa se os tipos de dados na resposta da API estão corretos.</doc>
<tag>testeTiposDados</tag>
<status status="PASS" start="2024-03-27T02:19:43.125759" elapsed="0.356371"/>
</test>
<test id="s1-s1-t5" name="Validar conteudo" line="35">
<kw name="Teste de Tipos de Conteudo" owner="random-user-service">
<kw name="GET On Session" owner="RequestsLibrary">
<msg time="2024-03-27T02:19:43.519525" level="INFO">GET Request : url=https://randomuser.me/api 
 path_url=/api 
 headers={'User-Agent': 'python-requests/2.31.0', 'Accept-Encoding': 'gzip, deflate', 'Accept': '*/*', 'Connection': 'keep-alive'} 
 body=None 
 </msg>
<msg time="2024-03-27T02:19:43.519621" level="INFO">GET Response : url=https://randomuser.me/api 
 status=200, reason=OK 
 headers={'Date': 'Wed, 27 Mar 2024 02:19:43 GMT', 'Content-Type': 'application/json; charset=utf-8', 'Transfer-Encoding': 'chunked', 'Connection': 'keep-alive', 'X-Powered-By': 'Express', 'Access-Control-Allow-Origin': '*', 'Cache-Control': 'no-cache', 'ETag': 'W/"48a-SezXGmSUBBVAbPcVO80ScWJPUgg"', 'Vary': 'Accept-Encoding', 'Content-Encoding': 'gzip', 'CF-Cache-Status': 'DYNAMIC', 'Report-To': '{"endpoints":[{"url":"https:\\/\\/a.nel.cloudflare.com\\/report\\/v4?s=QovLyHtHW5y31tc%2F279JwElhyElQVfvRcMzfnAV3mQ4umVDY06Khu7T82CtZwEO6YAflL5kUvsfQtR6ZUT%2FD3DtMRbj%2FaIwQO42Pj773RxgA0g6f7iA6jOHDHyVQiGEE"}],"group":"cf-nel","max_age":604800}', 'NEL': '{"success_fraction":0,"report_to":"cf-nel","max_age":604800}', 'Server': 'cloudflare', 'CF-RAY': '86abe5acda4812c5-IAD', 'alt-svc': 'h3=":443"; ma=86400'} 
 body={"results":[{"gender":"male","name":{"title":"Mr","first":"Ferenc","last":"Hellwig"},"location":{"street":{"number":2376,"name":"Kirchplatz"},"city":"Weil am Rhein","state":"Saarland","country":"Germany","postcode":67857,"coordinates":{"latitude":"-55.1126","longitude":"-4.5224"},"timezone":{"offset":"+7:00","description":"Bangkok, Hanoi, Jakarta"}},"email":"ferenc.hellwig@example.com","login":{"uuid":"45d38eba-b884-4cea-ae0f-bfc9cc5d7096","username":"angryzebra772","password":"trigger","salt":"RFIrV5OA","md5":"075309ef61e77c0bd5d7046c6398c2c0","sha1":"abd424283efe20699aa8c949968f57b78127390c","sha256":"da06b40f6e906e0dc5dc8be67e815340d482a52581342e0263134a26e3a00e73"},"dob":{"date":"2000-07-20T05:31:34.775Z","age":23},"registered":{"date":"2017-07-17T18:37:19.475Z","age":6},"phone":"0873-8405426","cell":"0178-4359471","id":{"name":"SVNR","value":"65 2007100 H 286"},"picture":{"large":"https://randomuser.me/api/portraits/men/56.jpg","medium":"https://randomuser.me/api/portraits/med/men/56.jpg","thumbnail":"https://randomuser.me/api/portraits/thumb/men/56.jpg"},"nat":"DE"}],"info":{"seed":"783a8d4d7feb014c","results":1,"page":1,"version":"1.4"}} 
 </msg>
<msg time="2024-03-27T02:19:43.519695" level="INFO">/opt/hostedtoolcache/Python/3.12.2/x64/lib/python3.12/site-packages/urllib3/connectionpool.py:1103: InsecureRequestWarning: Unverified HTTPS request is being made to host 'randomuser.me'. Adding certificate verification is strongly advised. See: https://urllib3.readthedocs.io/en/latest/advanced-usage.html#tls-warnings
  warnings.warn(</msg>
<msg time="2024-03-27T02:19:43.519823" level="INFO">${response} = &lt;Response [200]&gt;</msg>
<var>${response}</var>
<arg>consultarAPI</arg>
<arg>/api</arg>
<doc>Sends a GET request on a previously created HTTP Session.</doc>
<status status="PASS" start="2024-03-27T02:19:43.484675" elapsed="0.035198"/>
</kw>
<kw name="Set Variable" owner="BuiltIn">
<msg time="2024-03-27T02:19:43.521061" level="INFO">${json_data} = {'results': [{'gender': 'male', 'name': {'title': 'Mr', 'first': 'Ferenc', 'last': 'Hellwig'}, 'location': {'street': {'number': 2376, 'name': 'Kirchplatz'}, 'city': 'Weil am Rhein', 'state': 'Saarlan...</msg>
<var>${json_data}</var>
<arg>${response.json()}</arg>
<doc>Returns the given values which can then be assigned to a variables.</doc>
<status status="PASS" start="2024-03-27T02:19:43.520519" elapsed="0.000571"/>
</kw>
<kw name="Set Variable" owner="BuiltIn">
<msg time="2024-03-27T02:19:43.521785" level="INFO">${name_title} = Mr</msg>
<var>${name_title}</var>
<arg>${json_data["results"][0]["name"]["title"]}</arg>
<doc>Returns the given values which can then be assigned to a variables.</doc>
<status status="PASS" start="2024-03-27T02:19:43.521403" elapsed="0.000408"/>
</kw>
<kw name="Create List" owner="BuiltIn">
<msg time="2024-03-27T02:19:43.522271" level="INFO">${allowed_titles} = ['Mr', 'Ms', 'Miss', 'Mrs', 'Madame', 'Monsieur']</msg>
<var>${allowed_titles}</var>
<arg>Mr</arg>
<arg>Ms</arg>
<arg>Miss</arg>
<arg>Mrs</arg>
<arg>Madame</arg>
<arg>Monsieur</arg>
<doc>Returns a list containing given items.</doc>
<status status="PASS" start="2024-03-27T02:19:43.522118" elapsed="0.000178"/>
</kw>
<kw name="List Should Contain Value" owner="Collections">
<msg time="2024-03-27T02:19:43.522796" level="INFO">False</msg>
<arg>${allowed_titles}</arg>
<arg>${name_title}</arg>
<doc>Fails if the ``value`` is not found from ``list``.</doc>
<status status="PASS" start="2024-03-27T02:19:43.522606" elapsed="0.000228"/>
</kw>
<kw name="Set Variable" owner="BuiltIn">
<msg time="2024-03-27T02:19:43.523509" level="INFO">${name_country} = DE</msg>
<var>${name_country}</var>
<arg>${json_data["results"][0]["nat"]}</arg>
<doc>Returns the given values which can then be assigned to a variables.</doc>
<status status="PASS" start="2024-03-27T02:19:43.523123" elapsed="0.000411"/>
</kw>
<kw name="Create List" owner="BuiltIn">
<msg time="2024-03-27T02:19:43.524485" level="INFO">${list_country} = ['AD', 'AE', 'AF', 'AG', 'AI', 'AL', 'AM', 'AO', 'AQ', 'AR', 'AS', 'AT', 'AU', 'AW', 'AX', 'AZ', 'BA', 'BB', 'BD', 'BE', 'BF', 'BG', 'BH', 'BI', 'BJ', 'BL', 'BM', 'BN', 'BO', 'BQ', 'BR', 'BS', 'BT', '...</msg>
<var>${list_country}</var>
<arg>AD</arg>
<arg>AE</arg>
<arg>AF</arg>
<arg>AG</arg>
<arg>AI</arg>
<arg>AL</arg>
<arg>AM</arg>
<arg>AO</arg>
<arg>AQ</arg>
<arg>AR</arg>
<arg>AS</arg>
<arg>AT</arg>
<arg>AU</arg>
<arg>AW</arg>
<arg>AX</arg>
<arg>AZ</arg>
<arg>BA</arg>
<arg>BB</arg>
<arg>BD</arg>
<arg>BE</arg>
<arg>BF</arg>
<arg>BG</arg>
<arg>BH</arg>
<arg>BI</arg>
<arg>BJ</arg>
<arg>BL</arg>
<arg>BM</arg>
<arg>BN</arg>
<arg>BO</arg>
<arg>BQ</arg>
<arg>BR</arg>
<arg>BS</arg>
<arg>BT</arg>
<arg>BV</arg>
<arg>BW</arg>
<arg>BY</arg>
<arg>BZ</arg>
<arg>CA</arg>
<arg>CC</arg>
<arg>CD</arg>
<arg>CF</arg>
<arg>CG</arg>
<arg>CH</arg>
<arg>CI</arg>
<arg>CK</arg>
<arg>CL</arg>
<arg>CM</arg>
<arg>CN</arg>
<arg>CO</arg>
<arg>CR</arg>
<arg>CU</arg>
<arg>CV</arg>
<arg>CW</arg>
<arg>CX</arg>
<arg>CY</arg>
<arg>CZ</arg>
<arg>DE</arg>
<arg>DJ</arg>
<arg>DK</arg>
<arg>DM</arg>
<arg>DO</arg>
<arg>DZ</arg>
<arg>EC</arg>
<arg>EE</arg>
<arg>EG</arg>
<arg>EH</arg>
<arg>ER</arg>
<arg>ES</arg>
<arg>ET</arg>
<arg>FI</arg>
<arg>FJ</arg>
<arg>FK</arg>
<arg>FM</arg>
<arg>FO</arg>
<arg>FR</arg>
<arg>GA</arg>
<arg>GB</arg>
<arg>GD</arg>
<arg>GE</arg>
<arg>GF</arg>
<arg>GG</arg>
<arg>GH</arg>
<arg>GI</arg>
<arg>GL</arg>
<arg>GM</arg>
<arg>GN</arg>
<arg>GP</arg>
<arg>GQ</arg>
<arg>GR</arg>
<arg>GS</arg>
<arg>GT</arg>
<arg>GU</arg>
<arg>GW</arg>
<arg>GY</arg>
<arg>HK</arg>
<arg>HM</arg>
<arg>HN</arg>
<arg>HR</arg>
<arg>HT</arg>
<arg>HU</arg>
<arg>ID</arg>
<arg>IE</arg>
<arg>IL</arg>
<arg>IM</arg>
<arg>IN</arg>
<arg>IO</arg>
<arg>IQ</arg>
<arg>IR</arg>
<arg>IS</arg>
<arg>IT</arg>
<arg>JE</arg>
<arg>JM</arg>
<arg>JO</arg>
<arg>JP</arg>
<arg>KE</arg>
<arg>KG</arg>
<arg>KH</arg>
<arg>KI</arg>
<arg>KM</arg>
<arg>KN</arg>
<arg>KP</arg>
<arg>KR</arg>
<arg>KW</arg>
<arg>KY</arg>
<arg>KZ</arg>
<arg>LA</arg>
<arg>LB</arg>
<arg>LC</arg>
<arg>LI</arg>
<arg>LK</arg>
<arg>LR</arg>
<arg>LS</arg>
<arg>LT</arg>
<arg>LU</arg>
<arg>LV</arg>
<arg>LY</arg>
<arg>MA</arg>
<arg>MC</arg>
<arg>MD</arg>
<arg>ME</arg>
<arg>MF</arg>
<arg>MG</arg>
<arg>MH</arg>
<arg>MK</arg>
<arg>ML</arg>
<arg>MM</arg>
<arg>MN</arg>
<arg>MO</arg>
<arg>MP</arg>
<arg>MQ</arg>
<arg>MR</arg>
<arg>MS</arg>
<arg>MT</arg>
<arg>MU</arg>
<arg>MV</arg>
<arg>MW</arg>
<arg>MX</arg>
<arg>MY</arg>
<arg>MZ</arg>
<arg>NA</arg>
<arg>NC</arg>
<arg>NE</arg>
<arg>NF</arg>
<arg>NG</arg>
<arg>NI</arg>
<arg>NL</arg>
<arg>NO</arg>
<arg>NP</arg>
<arg>NR</arg>
<arg>NU</arg>
<arg>NZ</arg>
<arg>OM</arg>
<arg>PA</arg>
<arg>PE</arg>
<arg>PF</arg>
<arg>PG</arg>
<arg>PH</arg>
<arg>PK</arg>
<arg>PL</arg>
<arg>PM</arg>
<arg>PN</arg>
<arg>PR</arg>
<arg>PS</arg>
<arg>PT</arg>
<arg>PW</arg>
<arg>PY</arg>
<arg>QA</arg>
<arg>RE</arg>
<arg>RO</arg>
<arg>RS</arg>
<arg>RU</arg>
<arg>RW</arg>
<arg>SA</arg>
<arg>SB</arg>
<arg>SC</arg>
<arg>SD</arg>
<arg>SE</arg>
<arg>SG</arg>
<arg>SH</arg>
<arg>SI</arg>
<arg>SJ</arg>
<arg>SK</arg>
<arg>SL</arg>
<arg>SM</arg>
<arg>SN</arg>
<arg>SO</arg>
<arg>SR</arg>
<arg>SS</arg>
<arg>ST</arg>
<arg>SV</arg>
<arg>SX</arg>
<arg>SY</arg>
<arg>SZ</arg>
<arg>TC</arg>
<arg>TD</arg>
<arg>TF</arg>
<arg>TG</arg>
<arg>TH</arg>
<arg>TJ</arg>
<arg>TK</arg>
<arg>TL</arg>
<arg>TM</arg>
<arg>TN</arg>
<arg>TO</arg>
<arg>TR</arg>
<arg>TT</arg>
<arg>TV</arg>
<arg>TW</arg>
<arg>TZ</arg>
<arg>UA</arg>
<arg>UG</arg>
<arg>UM</arg>
<arg>US</arg>
<arg>UY</arg>
<arg>UZ</arg>
<arg>VA</arg>
<arg>VC</arg>
<arg>VE</arg>
<arg>VG</arg>
<arg>VI</arg>
<arg>VN</arg>
<arg>VU</arg>
<arg>WF</arg>
<arg>WS</arg>
<arg>XK</arg>
<arg>YE</arg>
<arg>YT</arg>
<arg>ZA</arg>
<arg>ZM</arg>
<arg>ZW</arg>
<doc>Returns a list containing given items.</doc>
<status status="PASS" start="2024-03-27T02:19:43.523844" elapsed="0.000668"/>
</kw>
<kw name="List Should Contain Value" owner="Collections">
<msg time="2024-03-27T02:19:43.525643" level="INFO">False</msg>
<arg>${list_country}</arg>
<arg>${name_country}</arg>
<doc>Fails if the ``value`` is not found from ``list``.</doc>
<status status="PASS" start="2024-03-27T02:19:43.525439" elapsed="0.000240"/>
</kw>
<kw name="Run Keyword If" owner="BuiltIn">
<kw name="Should Be True" owner="BuiltIn">
<arg>${True}</arg>
<doc>Fails if the given condition is not true.</doc>
<status status="PASS" start="2024-03-27T02:19:43.526759" elapsed="0.000147"/>
</kw>
<arg>${json_data["results"][0]["location"]["coordinates"]["latitude"]} &gt;= -90 and ${json_data["results"][0]["location"]["coordinates"]["latitude"]} &lt;= 90</arg>
<arg>Should Be True</arg>
<arg>${True}</arg>
<doc>Runs the given keyword with the given arguments, if ``condition`` is true.</doc>
<status status="PASS" start="2024-03-27T02:19:43.525994" elapsed="0.001043"/>
</kw>
<kw name="Run Keyword If" owner="BuiltIn">
<kw name="Should Be True" owner="BuiltIn">
<arg>${True}</arg>
<doc>Fails if the given condition is not true.</doc>
<status status="PASS" start="2024-03-27T02:19:43.528353" elapsed="0.000152"/>
</kw>
<arg>${json_data["results"][0]["location"]["coordinates"]["longitude"]} &gt;= -180 and ${json_data["results"][0]["location"]["coordinates"]["longitude"]} &lt;= 180</arg>
<arg>Should Be True</arg>
<arg>${True}</arg>
<doc>Runs the given keyword with the given arguments, if ``condition`` is true.</doc>
<status status="PASS" start="2024-03-27T02:19:43.527320" elapsed="0.001317"/>
</kw>
<status status="PASS" start="2024-03-27T02:19:43.484442" elapsed="0.044330"/>
</kw>
<doc>Testa o conteúdo específico dos campos retornados pela API.</doc>
<tag>testeConteudo</tag>
<status status="PASS" start="2024-03-27T02:19:43.483869" elapsed="0.045061"/>
</test>
<status status="PASS" start="2024-03-27T02:19:42.605155" elapsed="0.925760"/>
</suite>
<status status="PASS" start="2024-03-27T02:19:42.591562" elapsed="0.944829"/>
</suite>
<statistics>
<total>
<stat pass="5" fail="0" skip="0">All Tests</stat>
</total>
<tag>
<stat pass="1" fail="0" skip="0">testeConteudo</stat>
<stat pass="1" fail="0" skip="0">testeEstruturaResposta</stat>
<stat pass="1" fail="0" skip="0">testeRequisicaoBasica</stat>
<stat pass="1" fail="0" skip="0">testeTiposDados</stat>
</tag>
<suite>
<stat pass="5" fail="0" skip="0" id="s1" name="Tests">Tests</stat>
<stat pass="5" fail="0" skip="0" id="s1-s1" name="Random-User-Test">Tests.Random-User-Test</stat>
</suite>
</statistics>
<errors>
</errors>
</robot>
