<?xml version="1.0" encoding="UTF-8"?>
<robot generator="Robot 7.0.1 (Python 3.12.4 on linux)" generated="2024-07-10T06:21:04.994726" rpa="false" schemaversion="5">
<suite id="s1" name="Tests" source="/home/runner/work/ApiRandomUser/ApiRandomUser/RamdonUser/tests">
<suite id="s1-s1" name="Random-User-Test" source="/home/runner/work/ApiRandomUser/ApiRandomUser/RamdonUser/tests/random-user-test.robot">
<test id="s1-s1-t1" name="Conectar" line="13">
<kw name="Conectar API" owner="random-user-service">
<kw name="Create Session" owner="RequestsLibrary">
<msg time="2024-07-10T06:21:05.383709" level="INFO">Creating Session using : alias=consultarAPI, url=https://randomuser.me/, headers={},                     cookies={}, auth=None, timeout=None, proxies=None, verify=False,                     debug=0 </msg>
<arg>consultarAPI</arg>
<arg>${URL}</arg>
<doc>Create Session: create a HTTP session to a server</doc>
<status status="PASS" start="2024-07-10T06:21:05.383507" elapsed="0.000375"/>
</kw>
<status status="PASS" start="2024-07-10T06:21:05.382550" elapsed="0.001687"/>
</kw>
<status status="PASS" start="2024-07-10T06:21:05.381937" elapsed="0.002494"/>
</test>
<test id="s1-s1-t2" name="Validar retorno 200 e JSON Válido" line="16">
<kw name="Teste de Requisicao Basica" owner="random-user-service">
<kw name="GET On Session" owner="RequestsLibrary">
<msg time="2024-07-10T06:21:05.554931" level="INFO">GET Request : url=https://randomuser.me/api 
 path_url=/api 
 headers={'User-Agent': 'python-requests/2.32.3', 'Accept-Encoding': 'gzip, deflate', 'Accept': '*/*', 'Connection': 'keep-alive'} 
 body=None 
 </msg>
<msg time="2024-07-10T06:21:05.555067" level="INFO">GET Response : url=https://randomuser.me/api 
 status=200, reason=OK 
 headers={'Date': 'Wed, 10 Jul 2024 06:21:05 GMT', 'Content-Type': 'application/json; charset=utf-8', 'Transfer-Encoding': 'chunked', 'Connection': 'keep-alive', 'X-Powered-By': 'Express', 'Access-Control-Allow-Origin': '*', 'Cache-Control': 'no-cache', 'ETag': 'W/"47d-gFFF2G0OCu8br7ydY1egCj2L0i8"', 'Vary': 'Accept-Encoding', 'Content-Encoding': 'gzip', 'CF-Cache-Status': 'DYNAMIC', 'Report-To': '{"endpoints":[{"url":"https:\\/\\/a.nel.cloudflare.com\\/report\\/v4?s=jia3crEhHRJkg8K47dCA7Me1owUXKvR0gDXH890rMGJwVdWBztrHYzuGPRdUWtV2RPS56j6pOqQPQXRd0pr%2BWXKCiye85AFhZpkTDQQ%2FDOCXzv%2Ftb8Pm4DeWy1c%2FQsxO"}],"group":"cf-nel","max_age":604800}', 'NEL': '{"success_fraction":0,"report_to":"cf-nel","max_age":604800}', 'Server': 'cloudflare', 'CF-RAY': '8a0e739cf9140fc4-LAX', 'alt-svc': 'h3=":443"; ma=86400'} 
 body={"results":[{"gender":"male","name":{"title":"Mr","first":"Topias","last":"Waisanen"},"location":{"street":{"number":8358,"name":"Satakennankatu"},"city":"Pöytyä","state":"Kymenlaakso","country":"Finland","postcode":37340,"coordinates":{"latitude":"-24.6761","longitude":"-100.9288"},"timezone":{"offset":"+4:30","description":"Kabul"}},"email":"topias.waisanen@example.com","login":{"uuid":"efadcb34-0a82-48ce-a81b-c8abf4d45c41","username":"bigpeacock778","password":"madmad","salt":"dOFiFX5y","md5":"2ed86e35bb7b6e9ec8ec6ca050eb2023","sha1":"a0b4fc1fd2e58a4a068b31d9f3576a36161fb0e0","sha256":"66e947004facdb7364a5eac58d697cb46f25d31ab5f98f45f69ad35830e14f3e"},"dob":{"date":"1976-07-07T00:52:00.034Z","age":48},"registered":{"date":"2015-08-19T05:32:47.325Z","age":8},"phone":"09-283-382","cell":"040-807-36-95","id":{"name":"HETU","value":"NaNNA079undefined"},"picture":{"large":"https://randomuser.me/api/portraits/men/72.jpg","medium":"https://randomuser.me/api/portraits/med/men/72.jpg","thumbnail":"https://randomuser.me/api/portraits/thumb/men/72.jpg"},"nat":"FI"}],"info":{"seed":"24f5b93fc65d0379","results":1,"page":1,"version":"1.4"}} 
 </msg>
<msg time="2024-07-10T06:21:05.555164" level="INFO">/opt/hostedtoolcache/Python/3.12.4/x64/lib/python3.12/site-packages/urllib3/connectionpool.py:1099: InsecureRequestWarning: Unverified HTTPS request is being made to host 'randomuser.me'. Adding certificate verification is strongly advised. See: https://urllib3.readthedocs.io/en/latest/advanced-usage.html#tls-warnings
  warnings.warn(</msg>
<msg time="2024-07-10T06:21:05.555332" level="INFO">${response} = &lt;Response [200]&gt;</msg>
<var>${response}</var>
<arg>consultarAPI</arg>
<arg>/api</arg>
<doc>Sends a GET request on a previously created HTTP Session.</doc>
<status status="PASS" start="2024-07-10T06:21:05.387104" elapsed="0.168290"/>
</kw>
<kw name="Should Be Equal As Numbers" owner="BuiltIn">
<msg time="2024-07-10T06:21:05.556224" level="INFO">Argument types are:
&lt;class 'int'&gt;
&lt;class 'str'&gt;</msg>
<arg>${response.status_code}</arg>
<arg>200</arg>
<doc>Fails if objects are unequal after converting them to real numbers.</doc>
<status status="PASS" start="2024-07-10T06:21:05.555814" elapsed="0.000474"/>
</kw>
<kw name="Log" owner="BuiltIn">
<msg time="2024-07-10T06:21:05.556970" level="INFO">200</msg>
<arg>${response.status_code}</arg>
<doc>Logs the given message with the given level.</doc>
<status status="PASS" start="2024-07-10T06:21:05.556613" elapsed="0.000401"/>
</kw>
<kw name="Set Variable" owner="BuiltIn">
<msg time="2024-07-10T06:21:05.557764" level="INFO">${json_data} = {'results': [{'gender': 'male', 'name': {'title': 'Mr', 'first': 'Topias', 'last': 'Waisanen'}, 'location': {'street': {'number': 8358, 'name': 'Satakennankatu'}, 'city': 'Pöytyä', 'state': 'Kymenlaak...</msg>
<var>${json_data}</var>
<arg>${response.json()}</arg>
<doc>Returns the given values which can then be assigned to a variables.</doc>
<status status="PASS" start="2024-07-10T06:21:05.557322" elapsed="0.000472"/>
</kw>
<kw name="Dictionary Should Contain Key" owner="Collections">
<arg>${json_data}</arg>
<arg>results</arg>
<doc>Fails if ``key`` is not found from ``dictionary``.</doc>
<status status="PASS" start="2024-07-10T06:21:05.558094" elapsed="0.000185"/>
</kw>
<status status="PASS" start="2024-07-10T06:21:05.386856" elapsed="0.171573"/>
</kw>
<doc>Testa se a API responde corretamente e retorna um objeto JSON válido.</doc>
<tag>testeRequisicaoBasica</tag>
<status status="PASS" start="2024-07-10T06:21:05.386308" elapsed="0.172328"/>
</test>
<test id="s1-s1-t3" name="Validar estrutura de resposta" line="22">
<kw name="Teste de Estrutura de Resposta" owner="random-user-service">
<kw name="GET On Session" owner="RequestsLibrary">
<msg time="2024-07-10T06:21:05.671230" level="INFO">GET Request : url=https://randomuser.me/api 
 path_url=/api 
 headers={'User-Agent': 'python-requests/2.32.3', 'Accept-Encoding': 'gzip, deflate', 'Accept': '*/*', 'Connection': 'keep-alive'} 
 body=None 
 </msg>
<msg time="2024-07-10T06:21:05.671319" level="INFO">GET Response : url=https://randomuser.me/api 
 status=200, reason=OK 
 headers={'Date': 'Wed, 10 Jul 2024 06:21:05 GMT', 'Content-Type': 'application/json; charset=utf-8', 'Transfer-Encoding': 'chunked', 'Connection': 'keep-alive', 'X-Powered-By': 'Express', 'Access-Control-Allow-Origin': '*', 'Cache-Control': 'no-cache', 'ETag': 'W/"476-aCfgInLAQ8TdFoTB/nYB1SbOwzA"', 'Vary': 'Accept-Encoding', 'Content-Encoding': 'gzip', 'CF-Cache-Status': 'DYNAMIC', 'Report-To': '{"endpoints":[{"url":"https:\\/\\/a.nel.cloudflare.com\\/report\\/v4?s=d7N0cZiippXyVtfZyKLhF7ufi%2FlRciwtscUBCRXZJ7Yu8fiGgnoTxLgSFOcFoELlGIVVBzAO3%2F751XUJdThvrKS7TSVtG3qbQu6jcqZh5Gu5fPjxX8lpT4YhP6EYjN0S"}],"group":"cf-nel","max_age":604800}', 'NEL': '{"success_fraction":0,"report_to":"cf-nel","max_age":604800}', 'Server': 'cloudflare', 'CF-RAY': '8a0e739dca060fc4-LAX', 'alt-svc': 'h3=":443"; ma=86400'} 
 body={"results":[{"gender":"male","name":{"title":"Mr","first":"Steven","last":"Dunn"},"location":{"street":{"number":2379,"name":"W Sherman Dr"},"city":"Lousville","state":"Illinois","country":"United States","postcode":47885,"coordinates":{"latitude":"81.4327","longitude":"-45.3445"},"timezone":{"offset":"-10:00","description":"Hawaii"}},"email":"steven.dunn@example.com","login":{"uuid":"e313e846-4835-47a1-b467-7a8c22d2bf8c","username":"heavyladybug522","password":"demo","salt":"pInuBNgQ","md5":"f7a7659fa54e75fd9e8e81f2b99740c5","sha1":"d51c59e2962bab0cb26eac274fd3be9640a01142","sha256":"11314d47530069e0e61aa5862e95f053b596826d6b504c76a4d36e1c4d13a245"},"dob":{"date":"1982-04-10T10:16:18.095Z","age":42},"registered":{"date":"2013-02-07T21:04:21.578Z","age":11},"phone":"(318) 379-5737","cell":"(542) 200-0030","id":{"name":"SSN","value":"810-94-4656"},"picture":{"large":"https://randomuser.me/api/portraits/men/77.jpg","medium":"https://randomuser.me/api/portraits/med/men/77.jpg","thumbnail":"https://randomuser.me/api/portraits/thumb/men/77.jpg"},"nat":"US"}],"info":{"seed":"376b716b29743687","results":1,"page":1,"version":"1.4"}} 
 </msg>
<msg time="2024-07-10T06:21:05.671446" level="INFO">/opt/hostedtoolcache/Python/3.12.4/x64/lib/python3.12/site-packages/urllib3/connectionpool.py:1099: InsecureRequestWarning: Unverified HTTPS request is being made to host 'randomuser.me'. Adding certificate verification is strongly advised. See: https://urllib3.readthedocs.io/en/latest/advanced-usage.html#tls-warnings
  warnings.warn(</msg>
<msg time="2024-07-10T06:21:05.671600" level="INFO">${response} = &lt;Response [200]&gt;</msg>
<var>${response}</var>
<arg>consultarAPI</arg>
<arg>/api</arg>
<doc>Sends a GET request on a previously created HTTP Session.</doc>
<status status="PASS" start="2024-07-10T06:21:05.561369" elapsed="0.110273"/>
</kw>
<kw name="Set Variable" owner="BuiltIn">
<msg time="2024-07-10T06:21:05.672466" level="INFO">${json_data} = {'results': [{'gender': 'male', 'name': {'title': 'Mr', 'first': 'Steven', 'last': 'Dunn'}, 'location': {'street': {'number': 2379, 'name': 'W Sherman Dr'}, 'city': 'Lousville', 'state': 'Illinois', '...</msg>
<var>${json_data}</var>
<arg>${response.json()}</arg>
<doc>Returns the given values which can then be assigned to a variables.</doc>
<status status="PASS" start="2024-07-10T06:21:05.672018" elapsed="0.000478"/>
</kw>
<kw name="Log" owner="BuiltIn">
<msg time="2024-07-10T06:21:05.672968" level="INFO">{'results': [{'gender': 'male', 'name': {'title': 'Mr', 'first': 'Steven', 'last': 'Dunn'}, 'location': {'street': {'number': 2379, 'name': 'W Sherman Dr'}, 'city': 'Lousville', 'state': 'Illinois', 'country': 'United States', 'postcode': 47885, 'coordinates': {'latitude': '81.4327', 'longitude': '-45.3445'}, 'timezone': {'offset': '-10:00', 'description': 'Hawaii'}}, 'email': 'steven.dunn@example.com', 'login': {'uuid': 'e313e846-4835-47a1-b467-7a8c22d2bf8c', 'username': 'heavyladybug522', 'password': 'demo', 'salt': 'pInuBNgQ', 'md5': 'f7a7659fa54e75fd9e8e81f2b99740c5', 'sha1': 'd51c59e2962bab0cb26eac274fd3be9640a01142', 'sha256': '11314d47530069e0e61aa5862e95f053b596826d6b504c76a4d36e1c4d13a245'}, 'dob': {'date': '1982-04-10T10:16:18.095Z', 'age': 42}, 'registered': {'date': '2013-02-07T21:04:21.578Z', 'age': 11}, 'phone': '(318) 379-5737', 'cell': '(542) 200-0030', 'id': {'name': 'SSN', 'value': '810-94-4656'}, 'picture': {'large': 'https://randomuser.me/api/portraits/men/77.jpg', 'medium': 'https://randomuser.me/api/portraits/med/men/77.jpg', 'thumbnail': 'https://randomuser.me/api/portraits/thumb/men/77.jpg'}, 'nat': 'US'}], 'info': {'seed': '376b716b29743687', 'results': 1, 'page': 1, 'version': '1.4'}}</msg>
<arg>${json_data}</arg>
<doc>Logs the given message with the given level.</doc>
<status status="PASS" start="2024-07-10T06:21:05.672809" elapsed="0.000207"/>
</kw>
<kw name="Dictionary Should Contain Key" owner="Collections">
<arg>${json_data}</arg>
<arg>results</arg>
<doc>Fails if ``key`` is not found from ``dictionary``.</doc>
<status status="PASS" start="2024-07-10T06:21:05.673325" elapsed="0.000157"/>
</kw>
<kw name="Should Not Be Empty" owner="BuiltIn">
<msg time="2024-07-10T06:21:05.673801" level="INFO">Length is 2.</msg>
<arg>${json_data}</arg>
<doc>Verifies that the given item is not empty.</doc>
<status status="PASS" start="2024-07-10T06:21:05.673667" elapsed="0.000174"/>
</kw>
<kw name="Create List" owner="BuiltIn">
<msg time="2024-07-10T06:21:05.674407" level="INFO">${expected_keys} = ['gender', 'name', 'location', 'email', 'login']</msg>
<var>${expected_keys}</var>
<arg>gender</arg>
<arg>name</arg>
<arg>location</arg>
<arg>email</arg>
<arg>login</arg>
<doc>Returns a list containing given items.</doc>
<status status="PASS" start="2024-07-10T06:21:05.674130" elapsed="0.000302"/>
</kw>
<for flavor="IN">
<iter>
<kw name="Dictionary Should Contain Key" owner="Collections">
<arg>${json_data['results'][0]}</arg>
<arg>${key}</arg>
<doc>Fails if ``key`` is not found from ``dictionary``.</doc>
<status status="PASS" start="2024-07-10T06:21:05.675048" elapsed="0.000400"/>
</kw>
<kw name="Log" owner="BuiltIn">
<msg time="2024-07-10T06:21:05.676015" level="INFO">{'gender': 'male', 'name': {'title': 'Mr', 'first': 'Steven', 'last': 'Dunn'}, 'location': {'street': {'number': 2379, 'name': 'W Sherman Dr'}, 'city': 'Lousville', 'state': 'Illinois', 'country': 'United States', 'postcode': 47885, 'coordinates': {'latitude': '81.4327', 'longitude': '-45.3445'}, 'timezone': {'offset': '-10:00', 'description': 'Hawaii'}}, 'email': 'steven.dunn@example.com', 'login': {'uuid': 'e313e846-4835-47a1-b467-7a8c22d2bf8c', 'username': 'heavyladybug522', 'password': 'demo', 'salt': 'pInuBNgQ', 'md5': 'f7a7659fa54e75fd9e8e81f2b99740c5', 'sha1': 'd51c59e2962bab0cb26eac274fd3be9640a01142', 'sha256': '11314d47530069e0e61aa5862e95f053b596826d6b504c76a4d36e1c4d13a245'}, 'dob': {'date': '1982-04-10T10:16:18.095Z', 'age': 42}, 'registered': {'date': '2013-02-07T21:04:21.578Z', 'age': 11}, 'phone': '(318) 379-5737', 'cell': '(542) 200-0030', 'id': {'name': 'SSN', 'value': '810-94-4656'}, 'picture': {'large': 'https://randomuser.me/api/portraits/men/77.jpg', 'medium': 'https://randomuser.me/api/portraits/med/men/77.jpg', 'thumbnail': 'https://randomuser.me/api/portraits/thumb/men/77.jpg'}, 'nat': 'US'}</msg>
<arg>${json_data['results'][0]}</arg>
<doc>Logs the given message with the given level.</doc>
<status status="PASS" start="2024-07-10T06:21:05.675644" elapsed="0.000422"/>
</kw>
<kw name="Log" owner="BuiltIn">
<msg time="2024-07-10T06:21:05.676500" level="INFO">gender</msg>
<arg>${key}</arg>
<doc>Logs the given message with the given level.</doc>
<status status="PASS" start="2024-07-10T06:21:05.676370" elapsed="0.000169"/>
</kw>
<var name="${key}">gender</var>
<status status="PASS" start="2024-07-10T06:21:05.674925" elapsed="0.001833"/>
</iter>
<iter>
<kw name="Dictionary Should Contain Key" owner="Collections">
<arg>${json_data['results'][0]}</arg>
<arg>${key}</arg>
<doc>Fails if ``key`` is not found from ``dictionary``.</doc>
<status status="PASS" start="2024-07-10T06:21:05.677066" elapsed="0.000412"/>
</kw>
<kw name="Log" owner="BuiltIn">
<msg time="2024-07-10T06:21:05.678010" level="INFO">{'gender': 'male', 'name': {'title': 'Mr', 'first': 'Steven', 'last': 'Dunn'}, 'location': {'street': {'number': 2379, 'name': 'W Sherman Dr'}, 'city': 'Lousville', 'state': 'Illinois', 'country': 'United States', 'postcode': 47885, 'coordinates': {'latitude': '81.4327', 'longitude': '-45.3445'}, 'timezone': {'offset': '-10:00', 'description': 'Hawaii'}}, 'email': 'steven.dunn@example.com', 'login': {'uuid': 'e313e846-4835-47a1-b467-7a8c22d2bf8c', 'username': 'heavyladybug522', 'password': 'demo', 'salt': 'pInuBNgQ', 'md5': 'f7a7659fa54e75fd9e8e81f2b99740c5', 'sha1': 'd51c59e2962bab0cb26eac274fd3be9640a01142', 'sha256': '11314d47530069e0e61aa5862e95f053b596826d6b504c76a4d36e1c4d13a245'}, 'dob': {'date': '1982-04-10T10:16:18.095Z', 'age': 42}, 'registered': {'date': '2013-02-07T21:04:21.578Z', 'age': 11}, 'phone': '(318) 379-5737', 'cell': '(542) 200-0030', 'id': {'name': 'SSN', 'value': '810-94-4656'}, 'picture': {'large': 'https://randomuser.me/api/portraits/men/77.jpg', 'medium': 'https://randomuser.me/api/portraits/med/men/77.jpg', 'thumbnail': 'https://randomuser.me/api/portraits/thumb/men/77.jpg'}, 'nat': 'US'}</msg>
<arg>${json_data['results'][0]}</arg>
<doc>Logs the given message with the given level.</doc>
<status status="PASS" start="2024-07-10T06:21:05.677661" elapsed="0.000433"/>
</kw>
<kw name="Log" owner="BuiltIn">
<msg time="2024-07-10T06:21:05.678543" level="INFO">name</msg>
<arg>${key}</arg>
<doc>Logs the given message with the given level.</doc>
<status status="PASS" start="2024-07-10T06:21:05.678393" elapsed="0.000188"/>
</kw>
<var name="${key}">name</var>
<status status="PASS" start="2024-07-10T06:21:05.676954" elapsed="0.001845"/>
</iter>
<iter>
<kw name="Dictionary Should Contain Key" owner="Collections">
<arg>${json_data['results'][0]}</arg>
<arg>${key}</arg>
<doc>Fails if ``key`` is not found from ``dictionary``.</doc>
<status status="PASS" start="2024-07-10T06:21:05.679087" elapsed="0.000383"/>
</kw>
<kw name="Log" owner="BuiltIn">
<msg time="2024-07-10T06:21:05.680004" level="INFO">{'gender': 'male', 'name': {'title': 'Mr', 'first': 'Steven', 'last': 'Dunn'}, 'location': {'street': {'number': 2379, 'name': 'W Sherman Dr'}, 'city': 'Lousville', 'state': 'Illinois', 'country': 'United States', 'postcode': 47885, 'coordinates': {'latitude': '81.4327', 'longitude': '-45.3445'}, 'timezone': {'offset': '-10:00', 'description': 'Hawaii'}}, 'email': 'steven.dunn@example.com', 'login': {'uuid': 'e313e846-4835-47a1-b467-7a8c22d2bf8c', 'username': 'heavyladybug522', 'password': 'demo', 'salt': 'pInuBNgQ', 'md5': 'f7a7659fa54e75fd9e8e81f2b99740c5', 'sha1': 'd51c59e2962bab0cb26eac274fd3be9640a01142', 'sha256': '11314d47530069e0e61aa5862e95f053b596826d6b504c76a4d36e1c4d13a245'}, 'dob': {'date': '1982-04-10T10:16:18.095Z', 'age': 42}, 'registered': {'date': '2013-02-07T21:04:21.578Z', 'age': 11}, 'phone': '(318) 379-5737', 'cell': '(542) 200-0030', 'id': {'name': 'SSN', 'value': '810-94-4656'}, 'picture': {'large': 'https://randomuser.me/api/portraits/men/77.jpg', 'medium': 'https://randomuser.me/api/portraits/med/men/77.jpg', 'thumbnail': 'https://randomuser.me/api/portraits/thumb/men/77.jpg'}, 'nat': 'US'}</msg>
<arg>${json_data['results'][0]}</arg>
<doc>Logs the given message with the given level.</doc>
<status status="PASS" start="2024-07-10T06:21:05.679654" elapsed="0.000398"/>
</kw>
<kw name="Log" owner="BuiltIn">
<msg time="2024-07-10T06:21:05.680474" level="INFO">location</msg>
<arg>${key}</arg>
<doc>Logs the given message with the given level.</doc>
<status status="PASS" start="2024-07-10T06:21:05.680347" elapsed="0.000163"/>
</kw>
<var name="${key}">location</var>
<status status="PASS" start="2024-07-10T06:21:05.678979" elapsed="0.001747"/>
</iter>
<iter>
<kw name="Dictionary Should Contain Key" owner="Collections">
<arg>${json_data['results'][0]}</arg>
<arg>${key}</arg>
<doc>Fails if ``key`` is not found from ``dictionary``.</doc>
<status status="PASS" start="2024-07-10T06:21:05.681007" elapsed="0.000393"/>
</kw>
<kw name="Log" owner="BuiltIn">
<msg time="2024-07-10T06:21:05.681944" level="INFO">{'gender': 'male', 'name': {'title': 'Mr', 'first': 'Steven', 'last': 'Dunn'}, 'location': {'street': {'number': 2379, 'name': 'W Sherman Dr'}, 'city': 'Lousville', 'state': 'Illinois', 'country': 'United States', 'postcode': 47885, 'coordinates': {'latitude': '81.4327', 'longitude': '-45.3445'}, 'timezone': {'offset': '-10:00', 'description': 'Hawaii'}}, 'email': 'steven.dunn@example.com', 'login': {'uuid': 'e313e846-4835-47a1-b467-7a8c22d2bf8c', 'username': 'heavyladybug522', 'password': 'demo', 'salt': 'pInuBNgQ', 'md5': 'f7a7659fa54e75fd9e8e81f2b99740c5', 'sha1': 'd51c59e2962bab0cb26eac274fd3be9640a01142', 'sha256': '11314d47530069e0e61aa5862e95f053b596826d6b504c76a4d36e1c4d13a245'}, 'dob': {'date': '1982-04-10T10:16:18.095Z', 'age': 42}, 'registered': {'date': '2013-02-07T21:04:21.578Z', 'age': 11}, 'phone': '(318) 379-5737', 'cell': '(542) 200-0030', 'id': {'name': 'SSN', 'value': '810-94-4656'}, 'picture': {'large': 'https://randomuser.me/api/portraits/men/77.jpg', 'medium': 'https://randomuser.me/api/portraits/med/men/77.jpg', 'thumbnail': 'https://randomuser.me/api/portraits/thumb/men/77.jpg'}, 'nat': 'US'}</msg>
<arg>${json_data['results'][0]}</arg>
<doc>Logs the given message with the given level.</doc>
<status status="PASS" start="2024-07-10T06:21:05.681588" elapsed="0.000404"/>
</kw>
<kw name="Log" owner="BuiltIn">
<msg time="2024-07-10T06:21:05.682417" level="INFO">email</msg>
<arg>${key}</arg>
<doc>Logs the given message with the given level.</doc>
<status status="PASS" start="2024-07-10T06:21:05.682286" elapsed="0.000200"/>
</kw>
<var name="${key}">email</var>
<status status="PASS" start="2024-07-10T06:21:05.680899" elapsed="0.001815"/>
</iter>
<iter>
<kw name="Dictionary Should Contain Key" owner="Collections">
<arg>${json_data['results'][0]}</arg>
<arg>${key}</arg>
<doc>Fails if ``key`` is not found from ``dictionary``.</doc>
<status status="PASS" start="2024-07-10T06:21:05.682997" elapsed="0.000380"/>
</kw>
<kw name="Log" owner="BuiltIn">
<msg time="2024-07-10T06:21:05.683912" level="INFO">{'gender': 'male', 'name': {'title': 'Mr', 'first': 'Steven', 'last': 'Dunn'}, 'location': {'street': {'number': 2379, 'name': 'W Sherman Dr'}, 'city': 'Lousville', 'state': 'Illinois', 'country': 'United States', 'postcode': 47885, 'coordinates': {'latitude': '81.4327', 'longitude': '-45.3445'}, 'timezone': {'offset': '-10:00', 'description': 'Hawaii'}}, 'email': 'steven.dunn@example.com', 'login': {'uuid': 'e313e846-4835-47a1-b467-7a8c22d2bf8c', 'username': 'heavyladybug522', 'password': 'demo', 'salt': 'pInuBNgQ', 'md5': 'f7a7659fa54e75fd9e8e81f2b99740c5', 'sha1': 'd51c59e2962bab0cb26eac274fd3be9640a01142', 'sha256': '11314d47530069e0e61aa5862e95f053b596826d6b504c76a4d36e1c4d13a245'}, 'dob': {'date': '1982-04-10T10:16:18.095Z', 'age': 42}, 'registered': {'date': '2013-02-07T21:04:21.578Z', 'age': 11}, 'phone': '(318) 379-5737', 'cell': '(542) 200-0030', 'id': {'name': 'SSN', 'value': '810-94-4656'}, 'picture': {'large': 'https://randomuser.me/api/portraits/men/77.jpg', 'medium': 'https://randomuser.me/api/portraits/med/men/77.jpg', 'thumbnail': 'https://randomuser.me/api/portraits/thumb/men/77.jpg'}, 'nat': 'US'}</msg>
<arg>${json_data['results'][0]}</arg>
<doc>Logs the given message with the given level.</doc>
<status status="PASS" start="2024-07-10T06:21:05.683560" elapsed="0.000409"/>
</kw>
<kw name="Log" owner="BuiltIn">
<msg time="2024-07-10T06:21:05.684386" level="INFO">login</msg>
<arg>${key}</arg>
<doc>Logs the given message with the given level.</doc>
<status status="PASS" start="2024-07-10T06:21:05.684260" elapsed="0.000164"/>
</kw>
<var name="${key}">login</var>
<status status="PASS" start="2024-07-10T06:21:05.682884" elapsed="0.001755"/>
</iter>
<var>${key}</var>
<value>@{expected_keys}</value>
<status status="PASS" start="2024-07-10T06:21:05.674737" elapsed="0.010023"/>
</for>
<kw name="Create List" owner="BuiltIn">
<msg time="2024-07-10T06:21:05.685088" level="INFO">${expected_keysTwo} = ['username', 'password']</msg>
<var>${expected_keysTwo}</var>
<arg>username</arg>
<arg>password</arg>
<doc>Returns a list containing given items.</doc>
<status status="PASS" start="2024-07-10T06:21:05.684950" elapsed="0.000162"/>
</kw>
<for flavor="IN">
<iter>
<kw name="Dictionary Should Contain Key" owner="Collections">
<arg>${json_data['results'][0]['login']}</arg>
<arg>${keyTwo}</arg>
<doc>Fails if ``key`` is not found from ``dictionary``.</doc>
<status status="PASS" start="2024-07-10T06:21:05.685645" elapsed="0.000394"/>
</kw>
<kw name="Dictionary Should Contain Key" owner="Collections">
<arg>${json_data['results'][0]['login']}</arg>
<arg>${keyTwo}</arg>
<doc>Fails if ``key`` is not found from ``dictionary``.</doc>
<status status="PASS" start="2024-07-10T06:21:05.686221" elapsed="0.000409"/>
</kw>
<kw name="Log" owner="BuiltIn">
<msg time="2024-07-10T06:21:05.686941" level="INFO">username</msg>
<arg>${keyTwo}</arg>
<doc>Logs the given message with the given level.</doc>
<status status="PASS" start="2024-07-10T06:21:05.686818" elapsed="0.000161"/>
</kw>
<var name="${keyTwo}">username</var>
<status status="PASS" start="2024-07-10T06:21:05.685535" elapsed="0.001664"/>
</iter>
<iter>
<kw name="Dictionary Should Contain Key" owner="Collections">
<arg>${json_data['results'][0]['login']}</arg>
<arg>${keyTwo}</arg>
<doc>Fails if ``key`` is not found from ``dictionary``.</doc>
<status status="PASS" start="2024-07-10T06:21:05.687478" elapsed="0.000389"/>
</kw>
<kw name="Dictionary Should Contain Key" owner="Collections">
<arg>${json_data['results'][0]['login']}</arg>
<arg>${keyTwo}</arg>
<doc>Fails if ``key`` is not found from ``dictionary``.</doc>
<status status="PASS" start="2024-07-10T06:21:05.688048" elapsed="0.000367"/>
</kw>
<kw name="Log" owner="BuiltIn">
<msg time="2024-07-10T06:21:05.688712" level="INFO">password</msg>
<arg>${keyTwo}</arg>
<doc>Logs the given message with the given level.</doc>
<status status="PASS" start="2024-07-10T06:21:05.688592" elapsed="0.000161"/>
</kw>
<var name="${keyTwo}">password</var>
<status status="PASS" start="2024-07-10T06:21:05.687372" elapsed="0.001713"/>
</iter>
<var>${keyTwo}</var>
<value>@{expected_keysTwo}</value>
<status status="PASS" start="2024-07-10T06:21:05.685373" elapsed="0.003835"/>
</for>
<status status="PASS" start="2024-07-10T06:21:05.561136" elapsed="0.128213"/>
</kw>
<doc>Testa a estrutura da resposta da API.</doc>
<tag>testeEstruturaResposta</tag>
<status status="PASS" start="2024-07-10T06:21:05.560551" elapsed="0.128943"/>
</test>
<test id="s1-s1-t4" name="Validar tipos de dados" line="28">
<kw name="Teste de Tipos de Dados" owner="random-user-service">
<kw name="GET On Session" owner="RequestsLibrary">
<msg time="2024-07-10T06:21:05.792161" level="INFO">GET Request : url=https://randomuser.me/api 
 path_url=/api 
 headers={'User-Agent': 'python-requests/2.32.3', 'Accept-Encoding': 'gzip, deflate', 'Accept': '*/*', 'Connection': 'keep-alive'} 
 body=None 
 </msg>
<msg time="2024-07-10T06:21:05.792240" level="INFO">GET Response : url=https://randomuser.me/api 
 status=200, reason=OK 
 headers={'Date': 'Wed, 10 Jul 2024 06:21:05 GMT', 'Content-Type': 'application/json; charset=utf-8', 'Transfer-Encoding': 'chunked', 'Connection': 'keep-alive', 'X-Powered-By': 'Express', 'Access-Control-Allow-Origin': '*', 'Cache-Control': 'no-cache', 'ETag': 'W/"492-CPkKCzjOWWZoCkKEVNcTXPQXMlQ"', 'Vary': 'Accept-Encoding', 'Content-Encoding': 'gzip', 'CF-Cache-Status': 'DYNAMIC', 'Report-To': '{"endpoints":[{"url":"https:\\/\\/a.nel.cloudflare.com\\/report\\/v4?s=3Ow297X7fRORpdeugIxr6VSEZYvETC4eoD9LwHCvbPOQ42yzIeL1Bq9LDYVOWaBiNPV6tIRO%2FMSfFYXNEfPyRTZbQUAh7cxw2aHcSASLq2Z7c3O2b08fI%2ByKs4H%2FNsOi"}],"group":"cf-nel","max_age":604800}', 'NEL': '{"success_fraction":0,"report_to":"cf-nel","max_age":604800}', 'Server': 'cloudflare', 'CF-RAY': '8a0e739e9b3e0fc4-LAX', 'alt-svc': 'h3=":443"; ma=86400'} 
 body={"results":[{"gender":"female","name":{"title":"Miss","first":"Emmi","last":"Luoma"},"location":{"street":{"number":6069,"name":"Tahmelantie"},"city":"Posio","state":"Lapland","country":"Finland","postcode":30357,"coordinates":{"latitude":"-24.6299","longitude":"41.2067"},"timezone":{"offset":"+1:00","description":"Brussels, Copenhagen, Madrid, Paris"}},"email":"emmi.luoma@example.com","login":{"uuid":"48479da4-30df-4cd6-a447-c54599e27eb7","username":"heavypeacock423","password":"damian","salt":"cZ7WZyxs","md5":"88e26c7a78b752005cc30dbd8ee80f01","sha1":"f1fef464a98be0d05a82fa5b85f009389fd5a4d2","sha256":"fa3e21a37bbaea67b377a9f78d1bf0c827a69515e42dfc8ac43749d6dd426771"},"dob":{"date":"1960-03-20T16:47:10.823Z","age":64},"registered":{"date":"2009-08-24T23:16:06.167Z","age":14},"phone":"06-814-974","cell":"048-786-10-39","id":{"name":"HETU","value":"NaNNA576undefined"},"picture":{"large":"https://randomuser.me/api/portraits/women/59.jpg","medium":"https://randomuser.me/api/portraits/med/women/59.jpg","thumbnail":"https://randomuser.me/api/portraits/thumb/women/59.jpg"},"nat":"FI"}],"info":{"seed":"99c9ca759c25aafd","results":1,"page":1,"version":"1.4"}} 
 </msg>
<msg time="2024-07-10T06:21:05.792309" level="INFO">/opt/hostedtoolcache/Python/3.12.4/x64/lib/python3.12/site-packages/urllib3/connectionpool.py:1099: InsecureRequestWarning: Unverified HTTPS request is being made to host 'randomuser.me'. Adding certificate verification is strongly advised. See: https://urllib3.readthedocs.io/en/latest/advanced-usage.html#tls-warnings
  warnings.warn(</msg>
<msg time="2024-07-10T06:21:05.792441" level="INFO">${response} = &lt;Response [200]&gt;</msg>
<var>${response}</var>
<arg>consultarAPI</arg>
<arg>/api</arg>
<doc>Sends a GET request on a previously created HTTP Session.</doc>
<status status="PASS" start="2024-07-10T06:21:05.692093" elapsed="0.100400"/>
</kw>
<kw name="Set Variable" owner="BuiltIn">
<msg time="2024-07-10T06:21:05.793374" level="INFO">${json_data} = {'results': [{'gender': 'female', 'name': {'title': 'Miss', 'first': 'Emmi', 'last': 'Luoma'}, 'location': {'street': {'number': 6069, 'name': 'Tahmelantie'}, 'city': 'Posio', 'state': 'Lapland', 'cou...</msg>
<var>${json_data}</var>
<arg>${response.json()}</arg>
<doc>Returns the given values which can then be assigned to a variables.</doc>
<status status="PASS" start="2024-07-10T06:21:05.792917" elapsed="0.000486"/>
</kw>
<kw name="Log" owner="BuiltIn">
<msg time="2024-07-10T06:21:05.793859" level="INFO">{'results': [{'gender': 'female', 'name': {'title': 'Miss', 'first': 'Emmi', 'last': 'Luoma'}, 'location': {'street': {'number': 6069, 'name': 'Tahmelantie'}, 'city': 'Posio', 'state': 'Lapland', 'country': 'Finland', 'postcode': 30357, 'coordinates': {'latitude': '-24.6299', 'longitude': '41.2067'}, 'timezone': {'offset': '+1:00', 'description': 'Brussels, Copenhagen, Madrid, Paris'}}, 'email': 'emmi.luoma@example.com', 'login': {'uuid': '48479da4-30df-4cd6-a447-c54599e27eb7', 'username': 'heavypeacock423', 'password': 'damian', 'salt': 'cZ7WZyxs', 'md5': '88e26c7a78b752005cc30dbd8ee80f01', 'sha1': 'f1fef464a98be0d05a82fa5b85f009389fd5a4d2', 'sha256': 'fa3e21a37bbaea67b377a9f78d1bf0c827a69515e42dfc8ac43749d6dd426771'}, 'dob': {'date': '1960-03-20T16:47:10.823Z', 'age': 64}, 'registered': {'date': '2009-08-24T23:16:06.167Z', 'age': 14}, 'phone': '06-814-974', 'cell': '048-786-10-39', 'id': {'name': 'HETU', 'value': 'NaNNA576undefined'}, 'picture': {'large': 'https://randomuser.me/api/portraits/women/59.jpg', 'medium': 'https://randomuser.me/api/portraits/med/women/59.jpg', 'thumbnail': 'https://randomuser.me/api/portraits/thumb/women/59.jpg'}, 'nat': 'FI'}], 'info': {'seed': '99c9ca759c25aafd', 'results': 1, 'page': 1, 'version': '1.4'}}</msg>
<arg>${json_data}</arg>
<doc>Logs the given message with the given level.</doc>
<status status="PASS" start="2024-07-10T06:21:05.793709" elapsed="0.000196"/>
</kw>
<kw name="Should Be String" owner="String">
<arg>${json_data['results'][0]['gender']}</arg>
<doc>Fails if the given ``item`` is not a string.</doc>
<status status="PASS" start="2024-07-10T06:21:05.794195" elapsed="0.000410"/>
</kw>
<kw name="Should Match Regexp" owner="BuiltIn">
<arg>${json_data['results'][0]['email']}</arg>
<arg>^[a-zA-Z0-9._%+-]+@[a-zA-Z0-9.-]+\.[a-zA-Z]{2,}$</arg>
<doc>Fails if ``string`` does not match ``pattern`` as a regular expression.</doc>
<status status="PASS" start="2024-07-10T06:21:05.794796" elapsed="0.000508"/>
</kw>
<kw name="Should Match Regexp" owner="BuiltIn">
<arg>${json_data['results'][0]['dob']['date']}</arg>
<arg>\\d{4}-\\d{2}-\\d{2}T\\d{2}:\\d{2}:\\d{2}\\.\\d{3}Z</arg>
<doc>Fails if ``string`` does not match ``pattern`` as a regular expression.</doc>
<status status="PASS" start="2024-07-10T06:21:05.795533" elapsed="0.000492"/>
</kw>
<kw name="Should Match Regexp" owner="BuiltIn">
<arg>${json_data['results'][0]['registered']['date']}</arg>
<arg>\\d{4}-\\d{2}-\\d{2}T\\d{2}:\\d{2}:\\d{2}\\.\\d{3}Z</arg>
<doc>Fails if ``string`` does not match ``pattern`` as a regular expression.</doc>
<status status="PASS" start="2024-07-10T06:21:05.796215" elapsed="0.000436"/>
</kw>
<kw name="Should Match Regexp" owner="BuiltIn">
<arg>${json_data['results'][0]['picture']['large']}</arg>
<arg>^https?://.*\.(?:png|jpe?g|gif|bmp)$</arg>
<doc>Fails if ``string`` does not match ``pattern`` as a regular expression.</doc>
<status status="PASS" start="2024-07-10T06:21:05.796844" elapsed="0.000464"/>
</kw>
<kw name="Should Match Regexp" owner="BuiltIn">
<arg>${json_data['results'][0]['picture']['medium']}</arg>
<arg>^https?://.*\.(?:png|jpe?g|gif|bmp)$</arg>
<doc>Fails if ``string`` does not match ``pattern`` as a regular expression.</doc>
<status status="PASS" start="2024-07-10T06:21:05.797495" elapsed="0.000352"/>
</kw>
<kw name="Should Match Regexp" owner="BuiltIn">
<arg>${json_data['results'][0]['picture']['thumbnail']}</arg>
<arg>^https?://.*\.(?:png|jpe?g|gif|bmp)$</arg>
<doc>Fails if ``string`` does not match ``pattern`` as a regular expression.</doc>
<status status="PASS" start="2024-07-10T06:21:05.798029" elapsed="0.000347"/>
</kw>
<kw name="Log" owner="BuiltIn">
<msg time="2024-07-10T06:21:05.798916" level="INFO">{'large': 'https://randomuser.me/api/portraits/women/59.jpg', 'medium': 'https://randomuser.me/api/portraits/med/women/59.jpg', 'thumbnail': 'https://randomuser.me/api/portraits/thumb/women/59.jpg'}</msg>
<arg>${json_data['results'][0]['picture']}</arg>
<doc>Logs the given message with the given level.</doc>
<status status="PASS" start="2024-07-10T06:21:05.798584" elapsed="0.000374"/>
</kw>
<status status="PASS" start="2024-07-10T06:21:05.691870" elapsed="0.107340"/>
</kw>
<kw name="Teste de Tipos de Dados - Postcode" owner="random-user-service">
<kw name="GET On Session" owner="RequestsLibrary">
<msg time="2024-07-10T06:21:05.907904" level="INFO">GET Request : url=https://randomuser.me/api 
 path_url=/api 
 headers={'User-Agent': 'python-requests/2.32.3', 'Accept-Encoding': 'gzip, deflate', 'Accept': '*/*', 'Connection': 'keep-alive'} 
 body=None 
 </msg>
<msg time="2024-07-10T06:21:05.907993" level="INFO">GET Response : url=https://randomuser.me/api 
 status=200, reason=OK 
 headers={'Date': 'Wed, 10 Jul 2024 06:21:05 GMT', 'Content-Type': 'application/json; charset=utf-8', 'Transfer-Encoding': 'chunked', 'Connection': 'keep-alive', 'X-Powered-By': 'Express', 'Access-Control-Allow-Origin': '*', 'Cache-Control': 'no-cache', 'ETag': 'W/"483-jzYnoM9NoY5OkAN+nW9Gy8AJCts"', 'Vary': 'Accept-Encoding', 'Content-Encoding': 'gzip', 'CF-Cache-Status': 'DYNAMIC', 'Report-To': '{"endpoints":[{"url":"https:\\/\\/a.nel.cloudflare.com\\/report\\/v4?s=0MPXgYROLYMBBKcxMgIh2JJuuIsDyJouKQjRfZS66l7ilnBYiJmff%2Bxu%2FS%2BKDjM6xHnFw5GDZBS7A013GbQ9ObwJcj5XAzoABDPUk98zf0QxVNSXi%2Fl5O%2FR75Y8u7pGe"}],"group":"cf-nel","max_age":604800}', 'NEL': '{"success_fraction":0,"report_to":"cf-nel","max_age":604800}', 'Server': 'cloudflare', 'CF-RAY': '8a0e739f4c320fc4-LAX', 'alt-svc': 'h3=":443"; ma=86400'} 
 body={"results":[{"gender":"female","name":{"title":"Ms","first":"Millie","last":"Wilson"},"location":{"street":{"number":4778,"name":"Nelson Quay"},"city":"Greymouth","state":"Waikato","country":"New Zealand","postcode":31507,"coordinates":{"latitude":"54.5264","longitude":"47.5682"},"timezone":{"offset":"+2:00","description":"Kaliningrad, South Africa"}},"email":"millie.wilson@example.com","login":{"uuid":"aeb8793d-3314-4966-9fd5-a951650ec70f","username":"greenmouse646","password":"speedy","salt":"ogtIxAu7","md5":"134a7d8bc2516ef4ec148d4325b31a3e","sha1":"881b85abbeff49bef758744a36b01ba1f724e8d1","sha256":"889598092d6e5167971b0ebebd56189273f29e53c3144f9f5f40568ece907dd4"},"dob":{"date":"1965-07-10T17:33:29.649Z","age":58},"registered":{"date":"2004-04-20T02:24:01.916Z","age":20},"phone":"(309)-740-9196","cell":"(922)-132-0980","id":{"name":"","value":null},"picture":{"large":"https://randomuser.me/api/portraits/women/38.jpg","medium":"https://randomuser.me/api/portraits/med/women/38.jpg","thumbnail":"https://randomuser.me/api/portraits/thumb/women/38.jpg"},"nat":"NZ"}],"info":{"seed":"f4c28d47451cc31e","results":1,"page":1,"version":"1.4"}} 
 </msg>
<msg time="2024-07-10T06:21:05.908064" level="INFO">/opt/hostedtoolcache/Python/3.12.4/x64/lib/python3.12/site-packages/urllib3/connectionpool.py:1099: InsecureRequestWarning: Unverified HTTPS request is being made to host 'randomuser.me'. Adding certificate verification is strongly advised. See: https://urllib3.readthedocs.io/en/latest/advanced-usage.html#tls-warnings
  warnings.warn(</msg>
<msg time="2024-07-10T06:21:05.908197" level="INFO">${response} = &lt;Response [200]&gt;</msg>
<var>${response}</var>
<arg>consultarAPI</arg>
<arg>/api</arg>
<doc>Sends a GET request on a previously created HTTP Session.</doc>
<status status="PASS" start="2024-07-10T06:21:05.799647" elapsed="0.108593"/>
</kw>
<kw name="Set Variable" owner="BuiltIn">
<msg time="2024-07-10T06:21:05.909031" level="INFO">${json_data} = {'results': [{'gender': 'female', 'name': {'title': 'Ms', 'first': 'Millie', 'last': 'Wilson'}, 'location': {'street': {'number': 4778, 'name': 'Nelson Quay'}, 'city': 'Greymouth', 'state': 'Waikato',...</msg>
<var>${json_data}</var>
<arg>${response.json()}</arg>
<doc>Returns the given values which can then be assigned to a variables.</doc>
<status status="PASS" start="2024-07-10T06:21:05.908583" elapsed="0.000476"/>
</kw>
<kw name="Log" owner="BuiltIn">
<msg time="2024-07-10T06:21:05.909513" level="INFO">{'results': [{'gender': 'female', 'name': {'title': 'Ms', 'first': 'Millie', 'last': 'Wilson'}, 'location': {'street': {'number': 4778, 'name': 'Nelson Quay'}, 'city': 'Greymouth', 'state': 'Waikato', 'country': 'New Zealand', 'postcode': 31507, 'coordinates': {'latitude': '54.5264', 'longitude': '47.5682'}, 'timezone': {'offset': '+2:00', 'description': 'Kaliningrad, South Africa'}}, 'email': 'millie.wilson@example.com', 'login': {'uuid': 'aeb8793d-3314-4966-9fd5-a951650ec70f', 'username': 'greenmouse646', 'password': 'speedy', 'salt': 'ogtIxAu7', 'md5': '134a7d8bc2516ef4ec148d4325b31a3e', 'sha1': '881b85abbeff49bef758744a36b01ba1f724e8d1', 'sha256': '889598092d6e5167971b0ebebd56189273f29e53c3144f9f5f40568ece907dd4'}, 'dob': {'date': '1965-07-10T17:33:29.649Z', 'age': 58}, 'registered': {'date': '2004-04-20T02:24:01.916Z', 'age': 20}, 'phone': '(309)-740-9196', 'cell': '(922)-132-0980', 'id': {'name': '', 'value': None}, 'picture': {'large': 'https://randomuser.me/api/portraits/women/38.jpg', 'medium': 'https://randomuser.me/api/portraits/med/women/38.jpg', 'thumbnail': 'https://randomuser.me/api/portraits/thumb/women/38.jpg'}, 'nat': 'NZ'}], 'info': {'seed': 'f4c28d47451cc31e', 'results': 1, 'page': 1, 'version': '1.4'}}</msg>
<arg>${json_data}</arg>
<doc>Logs the given message with the given level.</doc>
<status status="PASS" start="2024-07-10T06:21:05.909362" elapsed="0.000196"/>
</kw>
<kw name="Should Be Equal As Numbers" owner="BuiltIn">
<arg>${json_data['results'][0]['location']['postcode']}</arg>
<arg>${json_data['results'][0]['location']['postcode']}</arg>
<doc>Fails if objects are unequal after converting them to real numbers.</doc>
<status status="PASS" start="2024-07-10T06:21:05.909848" elapsed="0.000665"/>
</kw>
<kw name="Log" owner="BuiltIn">
<msg time="2024-07-10T06:21:05.911176" level="INFO">31507</msg>
<arg>${json_data['results'][0]['location']['postcode']}</arg>
<doc>Logs the given message with the given level.</doc>
<status status="PASS" start="2024-07-10T06:21:05.910713" elapsed="0.000504"/>
</kw>
<status status="PASS" start="2024-07-10T06:21:05.799430" elapsed="0.112088"/>
</kw>
<doc>Testa se os tipos de dados na resposta da API estão corretos.</doc>
<tag>testeTiposDados</tag>
<status status="PASS" start="2024-07-10T06:21:05.691330" elapsed="0.220346"/>
</test>
<test id="s1-s1-t5" name="Validar conteudo" line="35">
<kw name="Teste de Tipos de Conteudo" owner="random-user-service">
<kw name="GET On Session" owner="RequestsLibrary">
<msg time="2024-07-10T06:21:06.030274" level="INFO">GET Request : url=https://randomuser.me/api 
 path_url=/api 
 headers={'User-Agent': 'python-requests/2.32.3', 'Accept-Encoding': 'gzip, deflate', 'Accept': '*/*', 'Connection': 'keep-alive'} 
 body=None 
 </msg>
<msg time="2024-07-10T06:21:06.030359" level="INFO">GET Response : url=https://randomuser.me/api 
 status=200, reason=OK 
 headers={'Date': 'Wed, 10 Jul 2024 06:21:06 GMT', 'Content-Type': 'application/json; charset=utf-8', 'Transfer-Encoding': 'chunked', 'Connection': 'keep-alive', 'X-Powered-By': 'Express', 'Access-Control-Allow-Origin': '*', 'Cache-Control': 'no-cache', 'ETag': 'W/"4a2-1/nGnTdHcJLXY96HWd/GgXGTptE"', 'Vary': 'Accept-Encoding', 'Content-Encoding': 'gzip', 'CF-Cache-Status': 'DYNAMIC', 'Report-To': '{"endpoints":[{"url":"https:\\/\\/a.nel.cloudflare.com\\/report\\/v4?s=%2BqSaIhomcKyFayj3Rw%2BLJluCppnLPID0ljGdlwreN9%2FLAU8mRUvHaztHlBLbflUdwKpYaF2%2Bb4iyH%2FPy5lOCkcDUdHNnq6f6m2Y0pN%2FCYVCKm9mKYhmyCZqUPfPqfI35"}],"group":"cf-nel","max_age":604800}', 'NEL': '{"success_fraction":0,"report_to":"cf-nel","max_age":604800}', 'Server': 'cloudflare', 'CF-RAY': '8a0e739ffd500fc4-LAX', 'alt-svc': 'h3=":443"; ma=86400'} 
 body={"results":[{"gender":"male","name":{"title":"Mr","first":"Hans-Karl","last":"Eckstein"},"location":{"street":{"number":1841,"name":"Dorfstraße"},"city":"Heilsbronn","state":"Thüringen","country":"Germany","postcode":93962,"coordinates":{"latitude":"-48.3870","longitude":"-172.6770"},"timezone":{"offset":"-4:00","description":"Atlantic Time (Canada), Caracas, La Paz"}},"email":"hans-karl.eckstein@example.com","login":{"uuid":"624235fe-e0a2-4d9d-a643-4e3b2e2e7a6c","username":"crazyduck351","password":"havana","salt":"5aMhZI1j","md5":"5e54c244e5e98f52d946369c2ac89c88","sha1":"73f99334d3c88947f1bdc2478cbbecbbe357c309","sha256":"a0a293b44e7e977d547b5afb74085ef8ca85d7ba6dcc561bfa1fc878621d67a6"},"dob":{"date":"1996-08-29T03:51:40.043Z","age":27},"registered":{"date":"2007-03-13T12:21:59.516Z","age":17},"phone":"0191-8464729","cell":"0178-4213971","id":{"name":"SVNR","value":"70 280896 E 088"},"picture":{"large":"https://randomuser.me/api/portraits/men/72.jpg","medium":"https://randomuser.me/api/portraits/med/men/72.jpg","thumbnail":"https://randomuser.me/api/portraits/thumb/men/72.jpg"},"nat":"DE"}],"info":{"seed":"0155547d17dc3d70","results":1,"page":1,"version":"1.4"}} 
 </msg>
<msg time="2024-07-10T06:21:06.030429" level="INFO">/opt/hostedtoolcache/Python/3.12.4/x64/lib/python3.12/site-packages/urllib3/connectionpool.py:1099: InsecureRequestWarning: Unverified HTTPS request is being made to host 'randomuser.me'. Adding certificate verification is strongly advised. See: https://urllib3.readthedocs.io/en/latest/advanced-usage.html#tls-warnings
  warnings.warn(</msg>
<msg time="2024-07-10T06:21:06.030564" level="INFO">${response} = &lt;Response [200]&gt;</msg>
<var>${response}</var>
<arg>consultarAPI</arg>
<arg>/api</arg>
<doc>Sends a GET request on a previously created HTTP Session.</doc>
<status status="PASS" start="2024-07-10T06:21:05.914145" elapsed="0.116463"/>
</kw>
<kw name="Set Variable" owner="BuiltIn">
<msg time="2024-07-10T06:21:06.031428" level="INFO">${json_data} = {'results': [{'gender': 'male', 'name': {'title': 'Mr', 'first': 'Hans-Karl', 'last': 'Eckstein'}, 'location': {'street': {'number': 1841, 'name': 'Dorfstraße'}, 'city': 'Heilsbronn', 'state': 'Thürin...</msg>
<var>${json_data}</var>
<arg>${response.json()}</arg>
<doc>Returns the given values which can then be assigned to a variables.</doc>
<status status="PASS" start="2024-07-10T06:21:06.030982" elapsed="0.000475"/>
</kw>
<kw name="Set Variable" owner="BuiltIn">
<msg time="2024-07-10T06:21:06.032143" level="INFO">${name_title} = Mr</msg>
<var>${name_title}</var>
<arg>${json_data["results"][0]["name"]["title"]}</arg>
<doc>Returns the given values which can then be assigned to a variables.</doc>
<status status="PASS" start="2024-07-10T06:21:06.031768" elapsed="0.000400"/>
</kw>
<kw name="Create List" owner="BuiltIn">
<msg time="2024-07-10T06:21:06.032606" level="INFO">${allowed_titles} = ['Mr', 'Ms', 'Miss', 'Mrs', 'Madame', 'Monsieur']</msg>
<var>${allowed_titles}</var>
<arg>Mr</arg>
<arg>Ms</arg>
<arg>Miss</arg>
<arg>Mrs</arg>
<arg>Madame</arg>
<arg>Monsieur</arg>
<doc>Returns a list containing given items.</doc>
<status status="PASS" start="2024-07-10T06:21:06.032461" elapsed="0.000169"/>
</kw>
<kw name="List Should Contain Value" owner="Collections">
<arg>${allowed_titles}</arg>
<arg>${name_title}</arg>
<doc>Fails if the ``value`` is not found from ``list``.</doc>
<status status="PASS" start="2024-07-10T06:21:06.032923" elapsed="0.000178"/>
</kw>
<kw name="Set Variable" owner="BuiltIn">
<msg time="2024-07-10T06:21:06.033646" level="INFO">${name_country} = DE</msg>
<var>${name_country}</var>
<arg>${json_data["results"][0]["nat"]}</arg>
<doc>Returns the given values which can then be assigned to a variables.</doc>
<status status="PASS" start="2024-07-10T06:21:06.033277" elapsed="0.000394"/>
</kw>
<kw name="Create List" owner="BuiltIn">
<msg time="2024-07-10T06:21:06.034604" level="INFO">${list_country} = ['AD', 'AE', 'AF', 'AG', 'AI', 'AL', 'AM', 'AO', 'AQ', 'AR', 'AS', 'AT', 'AU', 'AW', 'AX', 'AZ', 'BA', 'BB', 'BD', 'BE', 'BF', 'BG', 'BH', 'BI', 'BJ', 'BL', 'BM', 'BN', 'BO', 'BQ', 'BR', 'BS', 'BT', '...</msg>
<var>${list_country}</var>
<arg>AD</arg>
<arg>AE</arg>
<arg>AF</arg>
<arg>AG</arg>
<arg>AI</arg>
<arg>AL</arg>
<arg>AM</arg>
<arg>AO</arg>
<arg>AQ</arg>
<arg>AR</arg>
<arg>AS</arg>
<arg>AT</arg>
<arg>AU</arg>
<arg>AW</arg>
<arg>AX</arg>
<arg>AZ</arg>
<arg>BA</arg>
<arg>BB</arg>
<arg>BD</arg>
<arg>BE</arg>
<arg>BF</arg>
<arg>BG</arg>
<arg>BH</arg>
<arg>BI</arg>
<arg>BJ</arg>
<arg>BL</arg>
<arg>BM</arg>
<arg>BN</arg>
<arg>BO</arg>
<arg>BQ</arg>
<arg>BR</arg>
<arg>BS</arg>
<arg>BT</arg>
<arg>BV</arg>
<arg>BW</arg>
<arg>BY</arg>
<arg>BZ</arg>
<arg>CA</arg>
<arg>CC</arg>
<arg>CD</arg>
<arg>CF</arg>
<arg>CG</arg>
<arg>CH</arg>
<arg>CI</arg>
<arg>CK</arg>
<arg>CL</arg>
<arg>CM</arg>
<arg>CN</arg>
<arg>CO</arg>
<arg>CR</arg>
<arg>CU</arg>
<arg>CV</arg>
<arg>CW</arg>
<arg>CX</arg>
<arg>CY</arg>
<arg>CZ</arg>
<arg>DE</arg>
<arg>DJ</arg>
<arg>DK</arg>
<arg>DM</arg>
<arg>DO</arg>
<arg>DZ</arg>
<arg>EC</arg>
<arg>EE</arg>
<arg>EG</arg>
<arg>EH</arg>
<arg>ER</arg>
<arg>ES</arg>
<arg>ET</arg>
<arg>FI</arg>
<arg>FJ</arg>
<arg>FK</arg>
<arg>FM</arg>
<arg>FO</arg>
<arg>FR</arg>
<arg>GA</arg>
<arg>GB</arg>
<arg>GD</arg>
<arg>GE</arg>
<arg>GF</arg>
<arg>GG</arg>
<arg>GH</arg>
<arg>GI</arg>
<arg>GL</arg>
<arg>GM</arg>
<arg>GN</arg>
<arg>GP</arg>
<arg>GQ</arg>
<arg>GR</arg>
<arg>GS</arg>
<arg>GT</arg>
<arg>GU</arg>
<arg>GW</arg>
<arg>GY</arg>
<arg>HK</arg>
<arg>HM</arg>
<arg>HN</arg>
<arg>HR</arg>
<arg>HT</arg>
<arg>HU</arg>
<arg>ID</arg>
<arg>IE</arg>
<arg>IL</arg>
<arg>IM</arg>
<arg>IN</arg>
<arg>IO</arg>
<arg>IQ</arg>
<arg>IR</arg>
<arg>IS</arg>
<arg>IT</arg>
<arg>JE</arg>
<arg>JM</arg>
<arg>JO</arg>
<arg>JP</arg>
<arg>KE</arg>
<arg>KG</arg>
<arg>KH</arg>
<arg>KI</arg>
<arg>KM</arg>
<arg>KN</arg>
<arg>KP</arg>
<arg>KR</arg>
<arg>KW</arg>
<arg>KY</arg>
<arg>KZ</arg>
<arg>LA</arg>
<arg>LB</arg>
<arg>LC</arg>
<arg>LI</arg>
<arg>LK</arg>
<arg>LR</arg>
<arg>LS</arg>
<arg>LT</arg>
<arg>LU</arg>
<arg>LV</arg>
<arg>LY</arg>
<arg>MA</arg>
<arg>MC</arg>
<arg>MD</arg>
<arg>ME</arg>
<arg>MF</arg>
<arg>MG</arg>
<arg>MH</arg>
<arg>MK</arg>
<arg>ML</arg>
<arg>MM</arg>
<arg>MN</arg>
<arg>MO</arg>
<arg>MP</arg>
<arg>MQ</arg>
<arg>MR</arg>
<arg>MS</arg>
<arg>MT</arg>
<arg>MU</arg>
<arg>MV</arg>
<arg>MW</arg>
<arg>MX</arg>
<arg>MY</arg>
<arg>MZ</arg>
<arg>NA</arg>
<arg>NC</arg>
<arg>NE</arg>
<arg>NF</arg>
<arg>NG</arg>
<arg>NI</arg>
<arg>NL</arg>
<arg>NO</arg>
<arg>NP</arg>
<arg>NR</arg>
<arg>NU</arg>
<arg>NZ</arg>
<arg>OM</arg>
<arg>PA</arg>
<arg>PE</arg>
<arg>PF</arg>
<arg>PG</arg>
<arg>PH</arg>
<arg>PK</arg>
<arg>PL</arg>
<arg>PM</arg>
<arg>PN</arg>
<arg>PR</arg>
<arg>PS</arg>
<arg>PT</arg>
<arg>PW</arg>
<arg>PY</arg>
<arg>QA</arg>
<arg>RE</arg>
<arg>RO</arg>
<arg>RS</arg>
<arg>RU</arg>
<arg>RW</arg>
<arg>SA</arg>
<arg>SB</arg>
<arg>SC</arg>
<arg>SD</arg>
<arg>SE</arg>
<arg>SG</arg>
<arg>SH</arg>
<arg>SI</arg>
<arg>SJ</arg>
<arg>SK</arg>
<arg>SL</arg>
<arg>SM</arg>
<arg>SN</arg>
<arg>SO</arg>
<arg>SR</arg>
<arg>SS</arg>
<arg>ST</arg>
<arg>SV</arg>
<arg>SX</arg>
<arg>SY</arg>
<arg>SZ</arg>
<arg>TC</arg>
<arg>TD</arg>
<arg>TF</arg>
<arg>TG</arg>
<arg>TH</arg>
<arg>TJ</arg>
<arg>TK</arg>
<arg>TL</arg>
<arg>TM</arg>
<arg>TN</arg>
<arg>TO</arg>
<arg>TR</arg>
<arg>TT</arg>
<arg>TV</arg>
<arg>TW</arg>
<arg>TZ</arg>
<arg>UA</arg>
<arg>UG</arg>
<arg>UM</arg>
<arg>US</arg>
<arg>UY</arg>
<arg>UZ</arg>
<arg>VA</arg>
<arg>VC</arg>
<arg>VE</arg>
<arg>VG</arg>
<arg>VI</arg>
<arg>VN</arg>
<arg>VU</arg>
<arg>WF</arg>
<arg>WS</arg>
<arg>XK</arg>
<arg>YE</arg>
<arg>YT</arg>
<arg>ZA</arg>
<arg>ZM</arg>
<arg>ZW</arg>
<doc>Returns a list containing given items.</doc>
<status status="PASS" start="2024-07-10T06:21:06.033960" elapsed="0.000672"/>
</kw>
<kw name="List Should Contain Value" owner="Collections">
<arg>${list_country}</arg>
<arg>${name_country}</arg>
<doc>Fails if the ``value`` is not found from ``list``.</doc>
<status status="PASS" start="2024-07-10T06:21:06.035440" elapsed="0.000202"/>
</kw>
<kw name="Run Keyword If" owner="BuiltIn">
<kw name="Should Be True" owner="BuiltIn">
<arg>${True}</arg>
<doc>Fails if the given condition is not true.</doc>
<status status="PASS" start="2024-07-10T06:21:06.036562" elapsed="0.000139"/>
</kw>
<arg>${json_data["results"][0]["location"]["coordinates"]["latitude"]} &gt;= -90 and ${json_data["results"][0]["location"]["coordinates"]["latitude"]} &lt;= 90</arg>
<arg>Should Be True</arg>
<arg>${True}</arg>
<doc>Runs the given keyword with the given arguments, if ``condition`` is true.</doc>
<status status="PASS" start="2024-07-10T06:21:06.035832" elapsed="0.000992"/>
</kw>
<kw name="Run Keyword If" owner="BuiltIn">
<kw name="Should Be True" owner="BuiltIn">
<arg>${True}</arg>
<doc>Fails if the given condition is not true.</doc>
<status status="PASS" start="2024-07-10T06:21:06.037692" elapsed="0.000228"/>
</kw>
<arg>${json_data["results"][0]["location"]["coordinates"]["longitude"]} &gt;= -180 and ${json_data["results"][0]["location"]["coordinates"]["longitude"]} &lt;= 180</arg>
<arg>Should Be True</arg>
<arg>${True}</arg>
<doc>Runs the given keyword with the given arguments, if ``condition`` is true.</doc>
<status status="PASS" start="2024-07-10T06:21:06.037002" elapsed="0.001045"/>
</kw>
<status status="PASS" start="2024-07-10T06:21:05.913930" elapsed="0.124247"/>
</kw>
<doc>Testa o conteúdo específico dos campos retornados pela API.</doc>
<tag>testeConteudo</tag>
<status status="PASS" start="2024-07-10T06:21:05.913412" elapsed="0.124905"/>
</test>
<status status="PASS" start="2024-07-10T06:21:05.053020" elapsed="0.987254"/>
</suite>
<status status="PASS" start="2024-07-10T06:21:05.038668" elapsed="1.006609"/>
</suite>
<statistics>
<total>
<stat pass="5" fail="0" skip="0">All Tests</stat>
</total>
<tag>
<stat pass="1" fail="0" skip="0">testeConteudo</stat>
<stat pass="1" fail="0" skip="0">testeEstruturaResposta</stat>
<stat pass="1" fail="0" skip="0">testeRequisicaoBasica</stat>
<stat pass="1" fail="0" skip="0">testeTiposDados</stat>
</tag>
<suite>
<stat pass="5" fail="0" skip="0" id="s1" name="Tests">Tests</stat>
<stat pass="5" fail="0" skip="0" id="s1-s1" name="Random-User-Test">Tests.Random-User-Test</stat>
</suite>
</statistics>
<errors>
</errors>
</robot>
