<?xml version="1.0" encoding="UTF-8"?>
<robot generator="Robot 7.0 (Python 3.12.3 on linux)" generated="2024-06-06T22:13:43.003998" rpa="false" schemaversion="5">
<suite id="s1" name="Tests" source="/home/runner/work/ApiRandomUser/ApiRandomUser/RamdonUser/tests">
<suite id="s1-s1" name="Random-User-Test" source="/home/runner/work/ApiRandomUser/ApiRandomUser/RamdonUser/tests/random-user-test.robot">
<test id="s1-s1-t1" name="Conectar" line="13">
<kw name="Conectar API" owner="random-user-service">
<kw name="Create Session" owner="RequestsLibrary">
<msg time="2024-06-06T22:13:43.437004" level="INFO">Creating Session using : alias=consultarAPI, url=https://randomuser.me/, headers={},                     cookies={}, auth=None, timeout=None, proxies=None, verify=False,                     debug=0 </msg>
<arg>consultarAPI</arg>
<arg>${URL}</arg>
<doc>Create Session: create a HTTP session to a server</doc>
<status status="PASS" start="2024-06-06T22:13:43.436759" elapsed="0.000452"/>
</kw>
<status status="PASS" start="2024-06-06T22:13:43.435543" elapsed="0.002082"/>
</kw>
<status status="PASS" start="2024-06-06T22:13:43.434815" elapsed="0.003024"/>
</test>
<test id="s1-s1-t2" name="Validar retorno 200 e JSON Válido" line="16">
<kw name="Teste de Requisicao Basica" owner="random-user-service">
<kw name="GET On Session" owner="RequestsLibrary">
<msg time="2024-06-06T22:13:43.764443" level="INFO">GET Request : url=https://randomuser.me/api 
 path_url=/api 
 headers={'User-Agent': 'python-requests/2.32.3', 'Accept-Encoding': 'gzip, deflate', 'Accept': '*/*', 'Connection': 'keep-alive'} 
 body=None 
 </msg>
<msg time="2024-06-06T22:13:43.764612" level="INFO">GET Response : url=https://randomuser.me/api 
 status=200, reason=OK 
 headers={'Date': 'Thu, 06 Jun 2024 22:13:43 GMT', 'Content-Type': 'application/json; charset=utf-8', 'Transfer-Encoding': 'chunked', 'Connection': 'keep-alive', 'X-Powered-By': 'Express', 'Access-Control-Allow-Origin': '*', 'Cache-Control': 'no-cache', 'ETag': 'W/"472-p8Hj+6Dw29lSGxhrZdO6Jd7N3m4"', 'Vary': 'Accept-Encoding', 'Content-Encoding': 'gzip', 'CF-Cache-Status': 'DYNAMIC', 'Report-To': '{"endpoints":[{"url":"https:\\/\\/a.nel.cloudflare.com\\/report\\/v4?s=EkvsOO4HyKuz0m1nOeATlEVJYUbb2ZaKUSTKa%2BTnpzVE2QuLS%2F8XF6klIoJqmqm2Ec1dde7iMUOQIntTzKM%2BrIEdvRJ6g%2B6jyHmvx7ek%2BWvhOFU0SX0WnGRzq07P4FEA"}],"group":"cf-nel","max_age":604800}', 'NEL': '{"success_fraction":0,"report_to":"cf-nel","max_age":604800}', 'Server': 'cloudflare', 'CF-RAY': '88fbc053e84d7ee3-LAX', 'alt-svc': 'h3=":443"; ma=86400'} 
 body={"results":[{"gender":"male","name":{"title":"Mr","first":"Ramon","last":"Baker"},"location":{"street":{"number":7719,"name":"Karen Dr"},"city":"Buffalo","state":"Arkansas","country":"United States","postcode":76662,"coordinates":{"latitude":"82.1706","longitude":"-122.1337"},"timezone":{"offset":"-3:30","description":"Newfoundland"}},"email":"ramon.baker@example.com","login":{"uuid":"c05c610b-59fd-4c9b-b46e-a1b128a42f90","username":"greenwolf665","password":"digital","salt":"vJ81VJSm","md5":"5e020df271f76213f662446993dfc85a","sha1":"129aea1e349ea1c8826d3517c35735d3d3b92911","sha256":"f26d397f0be872db1b31cf9a9b1687b21da169aa9bad43fb36d976645c672926"},"dob":{"date":"1951-06-12T10:46:16.733Z","age":72},"registered":{"date":"2016-06-10T22:28:48.204Z","age":7},"phone":"(356) 419-5045","cell":"(306) 249-1177","id":{"name":"SSN","value":"715-07-7303"},"picture":{"large":"https://randomuser.me/api/portraits/men/6.jpg","medium":"https://randomuser.me/api/portraits/med/men/6.jpg","thumbnail":"https://randomuser.me/api/portraits/thumb/men/6.jpg"},"nat":"US"}],"info":{"seed":"47fb18bf0fbbb7ac","results":1,"page":1,"version":"1.4"}} 
 </msg>
<msg time="2024-06-06T22:13:43.764729" level="INFO">/opt/hostedtoolcache/Python/3.12.3/x64/lib/python3.12/site-packages/urllib3/connectionpool.py:1103: InsecureRequestWarning: Unverified HTTPS request is being made to host 'randomuser.me'. Adding certificate verification is strongly advised. See: https://urllib3.readthedocs.io/en/latest/advanced-usage.html#tls-warnings
  warnings.warn(</msg>
<msg time="2024-06-06T22:13:43.764896" level="INFO">${response} = &lt;Response [200]&gt;</msg>
<var>${response}</var>
<arg>consultarAPI</arg>
<arg>/api</arg>
<doc>Sends a GET request on a previously created HTTP Session.</doc>
<status status="PASS" start="2024-06-06T22:13:43.440705" elapsed="0.324236"/>
</kw>
<kw name="Should Be Equal As Numbers" owner="BuiltIn">
<msg time="2024-06-06T22:13:43.766001" level="INFO">Argument types are:
&lt;class 'int'&gt;
&lt;class 'str'&gt;</msg>
<arg>${response.status_code}</arg>
<arg>200</arg>
<doc>Fails if objects are unequal after converting them to real numbers.</doc>
<status status="PASS" start="2024-06-06T22:13:43.765528" elapsed="0.000539"/>
</kw>
<kw name="Log" owner="BuiltIn">
<msg time="2024-06-06T22:13:43.766797" level="INFO">200</msg>
<arg>${response.status_code}</arg>
<doc>Logs the given message with the given level.</doc>
<status status="PASS" start="2024-06-06T22:13:43.766445" elapsed="0.000399"/>
</kw>
<kw name="Set Variable" owner="BuiltIn">
<msg time="2024-06-06T22:13:43.767593" level="INFO">${json_data} = {'results': [{'gender': 'male', 'name': {'title': 'Mr', 'first': 'Ramon', 'last': 'Baker'}, 'location': {'street': {'number': 7719, 'name': 'Karen Dr'}, 'city': 'Buffalo', 'state': 'Arkansas', 'countr...</msg>
<var>${json_data}</var>
<arg>${response.json()}</arg>
<doc>Returns the given values which can then be assigned to a variables.</doc>
<status status="PASS" start="2024-06-06T22:13:43.767155" elapsed="0.000467"/>
</kw>
<kw name="Dictionary Should Contain Key" owner="Collections">
<msg time="2024-06-06T22:13:43.768105" level="INFO">False</msg>
<arg>${json_data}</arg>
<arg>results</arg>
<doc>Fails if ``key`` is not found from ``dictionary``.</doc>
<status status="PASS" start="2024-06-06T22:13:43.767927" elapsed="0.000386"/>
</kw>
<status status="PASS" start="2024-06-06T22:13:43.440383" elapsed="0.328213"/>
</kw>
<doc>Testa se a API responde corretamente e retorna um objeto JSON válido.</doc>
<tag>testeRequisicaoBasica</tag>
<status status="PASS" start="2024-06-06T22:13:43.439754" elapsed="0.329092"/>
</test>
<test id="s1-s1-t3" name="Validar estrutura de resposta" line="22">
<kw name="Teste de Estrutura de Resposta" owner="random-user-service">
<kw name="GET On Session" owner="RequestsLibrary">
<msg time="2024-06-06T22:13:43.872921" level="INFO">GET Request : url=https://randomuser.me/api 
 path_url=/api 
 headers={'User-Agent': 'python-requests/2.32.3', 'Accept-Encoding': 'gzip, deflate', 'Accept': '*/*', 'Connection': 'keep-alive'} 
 body=None 
 </msg>
<msg time="2024-06-06T22:13:43.873028" level="INFO">GET Response : url=https://randomuser.me/api 
 status=200, reason=OK 
 headers={'Date': 'Thu, 06 Jun 2024 22:13:43 GMT', 'Content-Type': 'application/json; charset=utf-8', 'Transfer-Encoding': 'chunked', 'Connection': 'keep-alive', 'X-Powered-By': 'Express', 'Access-Control-Allow-Origin': '*', 'Cache-Control': 'no-cache', 'ETag': 'W/"479-FCKiRjo8nfIHSnJfPvzCOmVhji8"', 'Vary': 'Accept-Encoding', 'Content-Encoding': 'gzip', 'CF-Cache-Status': 'DYNAMIC', 'Report-To': '{"endpoints":[{"url":"https:\\/\\/a.nel.cloudflare.com\\/report\\/v4?s=Bm6wXWh5wsreYaMGzwx4LBDdhT%2FBE1kOuWb%2FavzE0SRhfktzsaME%2F9nzjFtkcEf1UYBOrdV7EeWKZ2TJAqm72N3mx21yUg1zB89aHzfHr9pBBpku8zgemYGIR4sZEL8p"}],"group":"cf-nel","max_age":604800}', 'NEL': '{"success_fraction":0,"report_to":"cf-nel","max_age":604800}', 'Server': 'cloudflare', 'CF-RAY': '88fbc05499087ee3-LAX', 'alt-svc': 'h3=":443"; ma=86400'} 
 body={"results":[{"gender":"female","name":{"title":"Ms","first":"Anusree","last":"Pujari"},"location":{"street":{"number":6819,"name":"Jagadamba Centre"},"city":"Buxar","state":"Chhattisgarh","country":"India","postcode":66999,"coordinates":{"latitude":"10.0424","longitude":"84.1419"},"timezone":{"offset":"+5:45","description":"Kathmandu"}},"email":"anusree.pujari@example.com","login":{"uuid":"1bfba533-ad97-435f-9ae0-12c3e463a21b","username":"angrycat226","password":"tbone","salt":"2JClx7eO","md5":"5256998619ed986e8cd7b269bff0e7d7","sha1":"72ab684d5c7de2f20cb1e83b1984e9df29191ece","sha256":"e8fe92f90dbd8550f76f695b3a7d5c79277d0265e94976ffe861352927e5a474"},"dob":{"date":"1990-04-28T18:39:26.053Z","age":34},"registered":{"date":"2007-03-05T05:50:03.761Z","age":17},"phone":"7326107832","cell":"8393759031","id":{"name":"UIDAI","value":"558681190537"},"picture":{"large":"https://randomuser.me/api/portraits/women/85.jpg","medium":"https://randomuser.me/api/portraits/med/women/85.jpg","thumbnail":"https://randomuser.me/api/portraits/thumb/women/85.jpg"},"nat":"IN"}],"info":{"seed":"b46584321c991650","results":1,"page":1,"version":"1.4"}} 
 </msg>
<msg time="2024-06-06T22:13:43.873162" level="INFO">/opt/hostedtoolcache/Python/3.12.3/x64/lib/python3.12/site-packages/urllib3/connectionpool.py:1103: InsecureRequestWarning: Unverified HTTPS request is being made to host 'randomuser.me'. Adding certificate verification is strongly advised. See: https://urllib3.readthedocs.io/en/latest/advanced-usage.html#tls-warnings
  warnings.warn(</msg>
<msg time="2024-06-06T22:13:43.873294" level="INFO">${response} = &lt;Response [200]&gt;</msg>
<var>${response}</var>
<arg>consultarAPI</arg>
<arg>/api</arg>
<doc>Sends a GET request on a previously created HTTP Session.</doc>
<status status="PASS" start="2024-06-06T22:13:43.771459" elapsed="0.101874"/>
</kw>
<kw name="Set Variable" owner="BuiltIn">
<msg time="2024-06-06T22:13:43.874598" level="INFO">${json_data} = {'results': [{'gender': 'female', 'name': {'title': 'Ms', 'first': 'Anusree', 'last': 'Pujari'}, 'location': {'street': {'number': 6819, 'name': 'Jagadamba Centre'}, 'city': 'Buxar', 'state': 'Chhatti...</msg>
<var>${json_data}</var>
<arg>${response.json()}</arg>
<doc>Returns the given values which can then be assigned to a variables.</doc>
<status status="PASS" start="2024-06-06T22:13:43.873972" elapsed="0.000655"/>
</kw>
<kw name="Log" owner="BuiltIn">
<msg time="2024-06-06T22:13:43.875150" level="INFO">{'results': [{'gender': 'female', 'name': {'title': 'Ms', 'first': 'Anusree', 'last': 'Pujari'}, 'location': {'street': {'number': 6819, 'name': 'Jagadamba Centre'}, 'city': 'Buxar', 'state': 'Chhattisgarh', 'country': 'India', 'postcode': 66999, 'coordinates': {'latitude': '10.0424', 'longitude': '84.1419'}, 'timezone': {'offset': '+5:45', 'description': 'Kathmandu'}}, 'email': 'anusree.pujari@example.com', 'login': {'uuid': '1bfba533-ad97-435f-9ae0-12c3e463a21b', 'username': 'angrycat226', 'password': 'tbone', 'salt': '2JClx7eO', 'md5': '5256998619ed986e8cd7b269bff0e7d7', 'sha1': '72ab684d5c7de2f20cb1e83b1984e9df29191ece', 'sha256': 'e8fe92f90dbd8550f76f695b3a7d5c79277d0265e94976ffe861352927e5a474'}, 'dob': {'date': '1990-04-28T18:39:26.053Z', 'age': 34}, 'registered': {'date': '2007-03-05T05:50:03.761Z', 'age': 17}, 'phone': '7326107832', 'cell': '8393759031', 'id': {'name': 'UIDAI', 'value': '558681190537'}, 'picture': {'large': 'https://randomuser.me/api/portraits/women/85.jpg', 'medium': 'https://randomuser.me/api/portraits/med/women/85.jpg', 'thumbnail': 'https://randomuser.me/api/portraits/thumb/women/85.jpg'}, 'nat': 'IN'}], 'info': {'seed': 'b46584321c991650', 'results': 1, 'page': 1, 'version': '1.4'}}</msg>
<arg>${json_data}</arg>
<doc>Logs the given message with the given level.</doc>
<status status="PASS" start="2024-06-06T22:13:43.874979" elapsed="0.000219"/>
</kw>
<kw name="Dictionary Should Contain Key" owner="Collections">
<msg time="2024-06-06T22:13:43.875665" level="INFO">False</msg>
<arg>${json_data}</arg>
<arg>results</arg>
<doc>Fails if ``key`` is not found from ``dictionary``.</doc>
<status status="PASS" start="2024-06-06T22:13:43.875504" elapsed="0.000198"/>
</kw>
<kw name="Should Not Be Empty" owner="BuiltIn">
<msg time="2024-06-06T22:13:43.876136" level="INFO">Length is 2.</msg>
<arg>${json_data}</arg>
<doc>Verifies that the given item is not empty.</doc>
<status status="PASS" start="2024-06-06T22:13:43.876003" elapsed="0.000176"/>
</kw>
<kw name="Create List" owner="BuiltIn">
<msg time="2024-06-06T22:13:43.876621" level="INFO">${expected_keys} = ['gender', 'name', 'location', 'email', 'login']</msg>
<var>${expected_keys}</var>
<arg>gender</arg>
<arg>name</arg>
<arg>location</arg>
<arg>email</arg>
<arg>login</arg>
<doc>Returns a list containing given items.</doc>
<status status="PASS" start="2024-06-06T22:13:43.876470" elapsed="0.000200"/>
</kw>
<for flavor="IN">
<iter>
<kw name="Dictionary Should Contain Key" owner="Collections">
<msg time="2024-06-06T22:13:43.877742" level="INFO">False</msg>
<arg>${json_data['results'][0]}</arg>
<arg>${key}</arg>
<doc>Fails if ``key`` is not found from ``dictionary``.</doc>
<status status="PASS" start="2024-06-06T22:13:43.877307" elapsed="0.000480"/>
</kw>
<kw name="Log" owner="BuiltIn">
<msg time="2024-06-06T22:13:43.878466" level="INFO">{'gender': 'female', 'name': {'title': 'Ms', 'first': 'Anusree', 'last': 'Pujari'}, 'location': {'street': {'number': 6819, 'name': 'Jagadamba Centre'}, 'city': 'Buxar', 'state': 'Chhattisgarh', 'country': 'India', 'postcode': 66999, 'coordinates': {'latitude': '10.0424', 'longitude': '84.1419'}, 'timezone': {'offset': '+5:45', 'description': 'Kathmandu'}}, 'email': 'anusree.pujari@example.com', 'login': {'uuid': '1bfba533-ad97-435f-9ae0-12c3e463a21b', 'username': 'angrycat226', 'password': 'tbone', 'salt': '2JClx7eO', 'md5': '5256998619ed986e8cd7b269bff0e7d7', 'sha1': '72ab684d5c7de2f20cb1e83b1984e9df29191ece', 'sha256': 'e8fe92f90dbd8550f76f695b3a7d5c79277d0265e94976ffe861352927e5a474'}, 'dob': {'date': '1990-04-28T18:39:26.053Z', 'age': 34}, 'registered': {'date': '2007-03-05T05:50:03.761Z', 'age': 17}, 'phone': '7326107832', 'cell': '8393759031', 'id': {'name': 'UIDAI', 'value': '558681190537'}, 'picture': {'large': 'https://randomuser.me/api/portraits/women/85.jpg', 'medium': 'https://randomuser.me/api/portraits/med/women/85.jpg', 'thumbnail': 'https://randomuser.me/api/portraits/thumb/women/85.jpg'}, 'nat': 'IN'}</msg>
<arg>${json_data['results'][0]}</arg>
<doc>Logs the given message with the given level.</doc>
<status status="PASS" start="2024-06-06T22:13:43.878097" elapsed="0.000419"/>
</kw>
<kw name="Log" owner="BuiltIn">
<msg time="2024-06-06T22:13:43.878948" level="INFO">gender</msg>
<arg>${key}</arg>
<doc>Logs the given message with the given level.</doc>
<status status="PASS" start="2024-06-06T22:13:43.878819" elapsed="0.000167"/>
</kw>
<var name="${key}">gender</var>
<status status="PASS" start="2024-06-06T22:13:43.877173" elapsed="0.002031"/>
</iter>
<iter>
<kw name="Dictionary Should Contain Key" owner="Collections">
<msg time="2024-06-06T22:13:43.879929" level="INFO">False</msg>
<arg>${json_data['results'][0]}</arg>
<arg>${key}</arg>
<doc>Fails if ``key`` is not found from ``dictionary``.</doc>
<status status="PASS" start="2024-06-06T22:13:43.879524" elapsed="0.000443"/>
</kw>
<kw name="Log" owner="BuiltIn">
<msg time="2024-06-06T22:13:43.880707" level="INFO">{'gender': 'female', 'name': {'title': 'Ms', 'first': 'Anusree', 'last': 'Pujari'}, 'location': {'street': {'number': 6819, 'name': 'Jagadamba Centre'}, 'city': 'Buxar', 'state': 'Chhattisgarh', 'country': 'India', 'postcode': 66999, 'coordinates': {'latitude': '10.0424', 'longitude': '84.1419'}, 'timezone': {'offset': '+5:45', 'description': 'Kathmandu'}}, 'email': 'anusree.pujari@example.com', 'login': {'uuid': '1bfba533-ad97-435f-9ae0-12c3e463a21b', 'username': 'angrycat226', 'password': 'tbone', 'salt': '2JClx7eO', 'md5': '5256998619ed986e8cd7b269bff0e7d7', 'sha1': '72ab684d5c7de2f20cb1e83b1984e9df29191ece', 'sha256': 'e8fe92f90dbd8550f76f695b3a7d5c79277d0265e94976ffe861352927e5a474'}, 'dob': {'date': '1990-04-28T18:39:26.053Z', 'age': 34}, 'registered': {'date': '2007-03-05T05:50:03.761Z', 'age': 17}, 'phone': '7326107832', 'cell': '8393759031', 'id': {'name': 'UIDAI', 'value': '558681190537'}, 'picture': {'large': 'https://randomuser.me/api/portraits/women/85.jpg', 'medium': 'https://randomuser.me/api/portraits/med/women/85.jpg', 'thumbnail': 'https://randomuser.me/api/portraits/thumb/women/85.jpg'}, 'nat': 'IN'}</msg>
<arg>${json_data['results'][0]}</arg>
<doc>Logs the given message with the given level.</doc>
<status status="PASS" start="2024-06-06T22:13:43.880307" elapsed="0.000452"/>
</kw>
<kw name="Log" owner="BuiltIn">
<msg time="2024-06-06T22:13:43.881197" level="INFO">name</msg>
<arg>${key}</arg>
<doc>Logs the given message with the given level.</doc>
<status status="PASS" start="2024-06-06T22:13:43.881064" elapsed="0.000171"/>
</kw>
<var name="${key}">name</var>
<status status="PASS" start="2024-06-06T22:13:43.879404" elapsed="0.002048"/>
</iter>
<iter>
<kw name="Dictionary Should Contain Key" owner="Collections">
<msg time="2024-06-06T22:13:43.882147" level="INFO">False</msg>
<arg>${json_data['results'][0]}</arg>
<arg>${key}</arg>
<doc>Fails if ``key`` is not found from ``dictionary``.</doc>
<status status="PASS" start="2024-06-06T22:13:43.881751" elapsed="0.000435"/>
</kw>
<kw name="Log" owner="BuiltIn">
<msg time="2024-06-06T22:13:43.882889" level="INFO">{'gender': 'female', 'name': {'title': 'Ms', 'first': 'Anusree', 'last': 'Pujari'}, 'location': {'street': {'number': 6819, 'name': 'Jagadamba Centre'}, 'city': 'Buxar', 'state': 'Chhattisgarh', 'country': 'India', 'postcode': 66999, 'coordinates': {'latitude': '10.0424', 'longitude': '84.1419'}, 'timezone': {'offset': '+5:45', 'description': 'Kathmandu'}}, 'email': 'anusree.pujari@example.com', 'login': {'uuid': '1bfba533-ad97-435f-9ae0-12c3e463a21b', 'username': 'angrycat226', 'password': 'tbone', 'salt': '2JClx7eO', 'md5': '5256998619ed986e8cd7b269bff0e7d7', 'sha1': '72ab684d5c7de2f20cb1e83b1984e9df29191ece', 'sha256': 'e8fe92f90dbd8550f76f695b3a7d5c79277d0265e94976ffe861352927e5a474'}, 'dob': {'date': '1990-04-28T18:39:26.053Z', 'age': 34}, 'registered': {'date': '2007-03-05T05:50:03.761Z', 'age': 17}, 'phone': '7326107832', 'cell': '8393759031', 'id': {'name': 'UIDAI', 'value': '558681190537'}, 'picture': {'large': 'https://randomuser.me/api/portraits/women/85.jpg', 'medium': 'https://randomuser.me/api/portraits/med/women/85.jpg', 'thumbnail': 'https://randomuser.me/api/portraits/thumb/women/85.jpg'}, 'nat': 'IN'}</msg>
<arg>${json_data['results'][0]}</arg>
<doc>Logs the given message with the given level.</doc>
<status status="PASS" start="2024-06-06T22:13:43.882508" elapsed="0.000440"/>
</kw>
<kw name="Log" owner="BuiltIn">
<msg time="2024-06-06T22:13:43.883382" level="INFO">location</msg>
<arg>${key}</arg>
<doc>Logs the given message with the given level.</doc>
<status status="PASS" start="2024-06-06T22:13:43.883253" elapsed="0.000168"/>
</kw>
<var name="${key}">location</var>
<status status="PASS" start="2024-06-06T22:13:43.881636" elapsed="0.002004"/>
</iter>
<iter>
<kw name="Dictionary Should Contain Key" owner="Collections">
<msg time="2024-06-06T22:13:43.884457" level="INFO">False</msg>
<arg>${json_data['results'][0]}</arg>
<arg>${key}</arg>
<doc>Fails if ``key`` is not found from ``dictionary``.</doc>
<status status="PASS" start="2024-06-06T22:13:43.883935" elapsed="0.000561"/>
</kw>
<kw name="Log" owner="BuiltIn">
<msg time="2024-06-06T22:13:43.885224" level="INFO">{'gender': 'female', 'name': {'title': 'Ms', 'first': 'Anusree', 'last': 'Pujari'}, 'location': {'street': {'number': 6819, 'name': 'Jagadamba Centre'}, 'city': 'Buxar', 'state': 'Chhattisgarh', 'country': 'India', 'postcode': 66999, 'coordinates': {'latitude': '10.0424', 'longitude': '84.1419'}, 'timezone': {'offset': '+5:45', 'description': 'Kathmandu'}}, 'email': 'anusree.pujari@example.com', 'login': {'uuid': '1bfba533-ad97-435f-9ae0-12c3e463a21b', 'username': 'angrycat226', 'password': 'tbone', 'salt': '2JClx7eO', 'md5': '5256998619ed986e8cd7b269bff0e7d7', 'sha1': '72ab684d5c7de2f20cb1e83b1984e9df29191ece', 'sha256': 'e8fe92f90dbd8550f76f695b3a7d5c79277d0265e94976ffe861352927e5a474'}, 'dob': {'date': '1990-04-28T18:39:26.053Z', 'age': 34}, 'registered': {'date': '2007-03-05T05:50:03.761Z', 'age': 17}, 'phone': '7326107832', 'cell': '8393759031', 'id': {'name': 'UIDAI', 'value': '558681190537'}, 'picture': {'large': 'https://randomuser.me/api/portraits/women/85.jpg', 'medium': 'https://randomuser.me/api/portraits/med/women/85.jpg', 'thumbnail': 'https://randomuser.me/api/portraits/thumb/women/85.jpg'}, 'nat': 'IN'}</msg>
<arg>${json_data['results'][0]}</arg>
<doc>Logs the given message with the given level.</doc>
<status status="PASS" start="2024-06-06T22:13:43.884856" elapsed="0.000417"/>
</kw>
<kw name="Log" owner="BuiltIn">
<msg time="2024-06-06T22:13:43.885726" level="INFO">email</msg>
<arg>${key}</arg>
<doc>Logs the given message with the given level.</doc>
<status status="PASS" start="2024-06-06T22:13:43.885596" elapsed="0.000167"/>
</kw>
<var name="${key}">email</var>
<status status="PASS" start="2024-06-06T22:13:43.883820" elapsed="0.002166"/>
</iter>
<iter>
<kw name="Dictionary Should Contain Key" owner="Collections">
<msg time="2024-06-06T22:13:43.886672" level="INFO">False</msg>
<arg>${json_data['results'][0]}</arg>
<arg>${key}</arg>
<doc>Fails if ``key`` is not found from ``dictionary``.</doc>
<status status="PASS" start="2024-06-06T22:13:43.886282" elapsed="0.000426"/>
</kw>
<kw name="Log" owner="BuiltIn">
<msg time="2024-06-06T22:13:43.887364" level="INFO">{'gender': 'female', 'name': {'title': 'Ms', 'first': 'Anusree', 'last': 'Pujari'}, 'location': {'street': {'number': 6819, 'name': 'Jagadamba Centre'}, 'city': 'Buxar', 'state': 'Chhattisgarh', 'country': 'India', 'postcode': 66999, 'coordinates': {'latitude': '10.0424', 'longitude': '84.1419'}, 'timezone': {'offset': '+5:45', 'description': 'Kathmandu'}}, 'email': 'anusree.pujari@example.com', 'login': {'uuid': '1bfba533-ad97-435f-9ae0-12c3e463a21b', 'username': 'angrycat226', 'password': 'tbone', 'salt': '2JClx7eO', 'md5': '5256998619ed986e8cd7b269bff0e7d7', 'sha1': '72ab684d5c7de2f20cb1e83b1984e9df29191ece', 'sha256': 'e8fe92f90dbd8550f76f695b3a7d5c79277d0265e94976ffe861352927e5a474'}, 'dob': {'date': '1990-04-28T18:39:26.053Z', 'age': 34}, 'registered': {'date': '2007-03-05T05:50:03.761Z', 'age': 17}, 'phone': '7326107832', 'cell': '8393759031', 'id': {'name': 'UIDAI', 'value': '558681190537'}, 'picture': {'large': 'https://randomuser.me/api/portraits/women/85.jpg', 'medium': 'https://randomuser.me/api/portraits/med/women/85.jpg', 'thumbnail': 'https://randomuser.me/api/portraits/thumb/women/85.jpg'}, 'nat': 'IN'}</msg>
<arg>${json_data['results'][0]}</arg>
<doc>Logs the given message with the given level.</doc>
<status status="PASS" start="2024-06-06T22:13:43.887006" elapsed="0.000406"/>
</kw>
<kw name="Log" owner="BuiltIn">
<msg time="2024-06-06T22:13:43.887840" level="INFO">login</msg>
<arg>${key}</arg>
<doc>Logs the given message with the given level.</doc>
<status status="PASS" start="2024-06-06T22:13:43.887709" elapsed="0.000170"/>
</kw>
<var name="${key}">login</var>
<status status="PASS" start="2024-06-06T22:13:43.886166" elapsed="0.001956"/>
</iter>
<var>${key}</var>
<value>@{expected_keys}</value>
<status status="PASS" start="2024-06-06T22:13:43.876970" elapsed="0.011308"/>
</for>
<kw name="Create List" owner="BuiltIn">
<msg time="2024-06-06T22:13:43.888679" level="INFO">${expected_keysTwo} = ['username', 'password']</msg>
<var>${expected_keysTwo}</var>
<arg>username</arg>
<arg>password</arg>
<doc>Returns a list containing given items.</doc>
<status status="PASS" start="2024-06-06T22:13:43.888497" elapsed="0.000214"/>
</kw>
<for flavor="IN">
<iter>
<kw name="Dictionary Should Contain Key" owner="Collections">
<msg time="2024-06-06T22:13:43.889647" level="INFO">False</msg>
<arg>${json_data['results'][0]['login']}</arg>
<arg>${keyTwo}</arg>
<doc>Fails if ``key`` is not found from ``dictionary``.</doc>
<status status="PASS" start="2024-06-06T22:13:43.889240" elapsed="0.000445"/>
</kw>
<kw name="Dictionary Should Contain Key" owner="Collections">
<msg time="2024-06-06T22:13:43.890384" level="INFO">False</msg>
<arg>${json_data['results'][0]['login']}</arg>
<arg>${keyTwo}</arg>
<doc>Fails if ``key`` is not found from ``dictionary``.</doc>
<status status="PASS" start="2024-06-06T22:13:43.889997" elapsed="0.000423"/>
</kw>
<kw name="Log" owner="BuiltIn">
<msg time="2024-06-06T22:13:43.890852" level="INFO">username</msg>
<arg>${keyTwo}</arg>
<doc>Logs the given message with the given level.</doc>
<status status="PASS" start="2024-06-06T22:13:43.890723" elapsed="0.000167"/>
</kw>
<var name="${keyTwo}">username</var>
<status status="PASS" start="2024-06-06T22:13:43.889127" elapsed="0.001978"/>
</iter>
<iter>
<kw name="Dictionary Should Contain Key" owner="Collections">
<msg time="2024-06-06T22:13:43.891774" level="INFO">False</msg>
<arg>${json_data['results'][0]['login']}</arg>
<arg>${keyTwo}</arg>
<doc>Fails if ``key`` is not found from ``dictionary``.</doc>
<status status="PASS" start="2024-06-06T22:13:43.891394" elapsed="0.000416"/>
</kw>
<kw name="Dictionary Should Contain Key" owner="Collections">
<msg time="2024-06-06T22:13:43.892494" level="INFO">False</msg>
<arg>${json_data['results'][0]['login']}</arg>
<arg>${keyTwo}</arg>
<doc>Fails if ``key`` is not found from ``dictionary``.</doc>
<status status="PASS" start="2024-06-06T22:13:43.892104" elapsed="0.000427"/>
</kw>
<kw name="Log" owner="BuiltIn">
<msg time="2024-06-06T22:13:43.893031" level="INFO">password</msg>
<arg>${keyTwo}</arg>
<doc>Logs the given message with the given level.</doc>
<status status="PASS" start="2024-06-06T22:13:43.892887" elapsed="0.000182"/>
</kw>
<var name="${keyTwo}">password</var>
<status status="PASS" start="2024-06-06T22:13:43.891282" elapsed="0.002039"/>
</iter>
<var>${keyTwo}</var>
<value>@{expected_keysTwo}</value>
<status status="PASS" start="2024-06-06T22:13:43.888963" elapsed="0.004489"/>
</for>
<status status="PASS" start="2024-06-06T22:13:43.771208" elapsed="0.122392"/>
</kw>
<doc>Testa a estrutura da resposta da API.</doc>
<tag>testeEstruturaResposta</tag>
<status status="PASS" start="2024-06-06T22:13:43.770669" elapsed="0.123101"/>
</test>
<test id="s1-s1-t4" name="Validar tipos de dados" line="28">
<kw name="Teste de Tipos de Dados" owner="random-user-service">
<kw name="GET On Session" owner="RequestsLibrary">
<msg time="2024-06-06T22:13:44.002183" level="INFO">GET Request : url=https://randomuser.me/api 
 path_url=/api 
 headers={'User-Agent': 'python-requests/2.32.3', 'Accept-Encoding': 'gzip, deflate', 'Accept': '*/*', 'Connection': 'keep-alive'} 
 body=None 
 </msg>
<msg time="2024-06-06T22:13:44.002283" level="INFO">GET Response : url=https://randomuser.me/api 
 status=200, reason=OK 
 headers={'Date': 'Thu, 06 Jun 2024 22:13:43 GMT', 'Content-Type': 'application/json; charset=utf-8', 'Transfer-Encoding': 'chunked', 'Connection': 'keep-alive', 'X-Powered-By': 'Express', 'Access-Control-Allow-Origin': '*', 'Cache-Control': 'no-cache', 'ETag': 'W/"4a7-gag3fd8Zjmijq+azQgKXwrFwqEY"', 'Vary': 'Accept-Encoding', 'Content-Encoding': 'gzip', 'CF-Cache-Status': 'DYNAMIC', 'Report-To': '{"endpoints":[{"url":"https:\\/\\/a.nel.cloudflare.com\\/report\\/v4?s=8ICBezHfDVA%2F2aFWoQ5CWZVg2238y5cSw0rzCa%2FKWxQ18UYjWnNvxoItD2b4UOx06IfZ%2BiNgnUdVsS8des9v0As4U1COh%2BeSm2d%2F3a%2FivObTvHYwBgKhZl7Qj0NkF%2BvB"}],"group":"cf-nel","max_age":604800}', 'NEL': '{"success_fraction":0,"report_to":"cf-nel","max_age":604800}', 'Server': 'cloudflare', 'CF-RAY': '88fbc05569ce7ee3-LAX', 'alt-svc': 'h3=":443"; ma=86400'} 
 body={"results":[{"gender":"male","name":{"title":"Mr","first":"Bruno","last":"Menéndez"},"location":{"street":{"number":7267,"name":"Periférico Papua Nueva Guinea"},"city":"Las Cañadas","state":"Baja California","country":"Mexico","postcode":62787,"coordinates":{"latitude":"26.7592","longitude":"-155.0921"},"timezone":{"offset":"-12:00","description":"Eniwetok, Kwajalein"}},"email":"bruno.menendez@example.com","login":{"uuid":"280bc709-df66-4789-8df3-466fcad6d14d","username":"whiteelephant359","password":"sunset","salt":"Z7xyDGJq","md5":"277e97e9d035ac026c61efdc7772b3ae","sha1":"fb9b7d10c22a06526529ab3ce34c1f64c7b7d139","sha256":"ec17b90cae24e55c66c9b820a62ea1d76426af34e9dcc573fab9a2979859374a"},"dob":{"date":"1966-06-29T21:05:39.625Z","age":57},"registered":{"date":"2010-10-13T20:24:28.824Z","age":13},"phone":"(676) 848 0384","cell":"(658) 340 9400","id":{"name":"NSS","value":"63 22 35 4506 3"},"picture":{"large":"https://randomuser.me/api/portraits/men/99.jpg","medium":"https://randomuser.me/api/portraits/med/men/99.jpg","thumbnail":"https://randomuser.me/api/portraits/thumb/men/99.jpg"},"nat":"MX"}],"info":{"seed":"4c7e88c5a98e74ea","results":1,"page":1,"version":"1.4"}} 
 </msg>
<msg time="2024-06-06T22:13:44.002359" level="INFO">/opt/hostedtoolcache/Python/3.12.3/x64/lib/python3.12/site-packages/urllib3/connectionpool.py:1103: InsecureRequestWarning: Unverified HTTPS request is being made to host 'randomuser.me'. Adding certificate verification is strongly advised. See: https://urllib3.readthedocs.io/en/latest/advanced-usage.html#tls-warnings
  warnings.warn(</msg>
<msg time="2024-06-06T22:13:44.002514" level="INFO">${response} = &lt;Response [200]&gt;</msg>
<var>${response}</var>
<arg>consultarAPI</arg>
<arg>/api</arg>
<doc>Sends a GET request on a previously created HTTP Session.</doc>
<status status="PASS" start="2024-06-06T22:13:43.896379" elapsed="0.106178"/>
</kw>
<kw name="Set Variable" owner="BuiltIn">
<msg time="2024-06-06T22:13:44.003784" level="INFO">${json_data} = {'results': [{'gender': 'male', 'name': {'title': 'Mr', 'first': 'Bruno', 'last': 'Menéndez'}, 'location': {'street': {'number': 7267, 'name': 'Periférico Papua Nueva Guinea'}, 'city': 'Las Cañadas', ...</msg>
<var>${json_data}</var>
<arg>${response.json()}</arg>
<doc>Returns the given values which can then be assigned to a variables.</doc>
<status status="PASS" start="2024-06-06T22:13:44.003222" elapsed="0.000592"/>
</kw>
<kw name="Log" owner="BuiltIn">
<msg time="2024-06-06T22:13:44.004324" level="INFO">{'results': [{'gender': 'male', 'name': {'title': 'Mr', 'first': 'Bruno', 'last': 'Menéndez'}, 'location': {'street': {'number': 7267, 'name': 'Periférico Papua Nueva Guinea'}, 'city': 'Las Cañadas', 'state': 'Baja California', 'country': 'Mexico', 'postcode': 62787, 'coordinates': {'latitude': '26.7592', 'longitude': '-155.0921'}, 'timezone': {'offset': '-12:00', 'description': 'Eniwetok, Kwajalein'}}, 'email': 'bruno.menendez@example.com', 'login': {'uuid': '280bc709-df66-4789-8df3-466fcad6d14d', 'username': 'whiteelephant359', 'password': 'sunset', 'salt': 'Z7xyDGJq', 'md5': '277e97e9d035ac026c61efdc7772b3ae', 'sha1': 'fb9b7d10c22a06526529ab3ce34c1f64c7b7d139', 'sha256': 'ec17b90cae24e55c66c9b820a62ea1d76426af34e9dcc573fab9a2979859374a'}, 'dob': {'date': '1966-06-29T21:05:39.625Z', 'age': 57}, 'registered': {'date': '2010-10-13T20:24:28.824Z', 'age': 13}, 'phone': '(676) 848 0384', 'cell': '(658) 340 9400', 'id': {'name': 'NSS', 'value': '63 22 35 4506 3'}, 'picture': {'large': 'https://randomuser.me/api/portraits/men/99.jpg', 'medium': 'https://randomuser.me/api/portraits/med/men/99.jpg', 'thumbnail': 'https://randomuser.me/api/portraits/thumb/men/99.jpg'}, 'nat': 'MX'}], 'info': {'seed': '4c7e88c5a98e74ea', 'results': 1, 'page': 1, 'version': '1.4'}}</msg>
<arg>${json_data}</arg>
<doc>Logs the given message with the given level.</doc>
<status status="PASS" start="2024-06-06T22:13:44.004157" elapsed="0.000256"/>
</kw>
<kw name="Should Be String" owner="String">
<arg>${json_data['results'][0]['gender']}</arg>
<doc>Fails if the given ``item`` is not a string.</doc>
<status status="PASS" start="2024-06-06T22:13:44.004763" elapsed="0.000394"/>
</kw>
<kw name="Should Match Regexp" owner="BuiltIn">
<arg>${json_data['results'][0]['email']}</arg>
<arg>^[a-zA-Z0-9._%+-]+@[a-zA-Z0-9.-]+\.[a-zA-Z]{2,}$</arg>
<doc>Fails if ``string`` does not match ``pattern`` as a regular expression.</doc>
<status status="PASS" start="2024-06-06T22:13:44.005351" elapsed="0.000677"/>
</kw>
<kw name="Should Match Regexp" owner="BuiltIn">
<arg>${json_data['results'][0]['dob']['date']}</arg>
<arg>\\d{4}-\\d{2}-\\d{2}T\\d{2}:\\d{2}:\\d{2}\\.\\d{3}Z</arg>
<doc>Fails if ``string`` does not match ``pattern`` as a regular expression.</doc>
<status status="PASS" start="2024-06-06T22:13:44.006232" elapsed="0.000486"/>
</kw>
<kw name="Should Match Regexp" owner="BuiltIn">
<arg>${json_data['results'][0]['registered']['date']}</arg>
<arg>\\d{4}-\\d{2}-\\d{2}T\\d{2}:\\d{2}:\\d{2}\\.\\d{3}Z</arg>
<doc>Fails if ``string`` does not match ``pattern`` as a regular expression.</doc>
<status status="PASS" start="2024-06-06T22:13:44.006912" elapsed="0.000431"/>
</kw>
<kw name="Should Match Regexp" owner="BuiltIn">
<arg>${json_data['results'][0]['picture']['large']}</arg>
<arg>^https?://.*\.(?:png|jpe?g|gif|bmp)$</arg>
<doc>Fails if ``string`` does not match ``pattern`` as a regular expression.</doc>
<status status="PASS" start="2024-06-06T22:13:44.007558" elapsed="0.000473"/>
</kw>
<kw name="Should Match Regexp" owner="BuiltIn">
<arg>${json_data['results'][0]['picture']['medium']}</arg>
<arg>^https?://.*\.(?:png|jpe?g|gif|bmp)$</arg>
<doc>Fails if ``string`` does not match ``pattern`` as a regular expression.</doc>
<status status="PASS" start="2024-06-06T22:13:44.008230" elapsed="0.000351"/>
</kw>
<kw name="Should Match Regexp" owner="BuiltIn">
<arg>${json_data['results'][0]['picture']['thumbnail']}</arg>
<arg>^https?://.*\.(?:png|jpe?g|gif|bmp)$</arg>
<doc>Fails if ``string`` does not match ``pattern`` as a regular expression.</doc>
<status status="PASS" start="2024-06-06T22:13:44.008797" elapsed="0.000350"/>
</kw>
<kw name="Log" owner="BuiltIn">
<msg time="2024-06-06T22:13:44.009652" level="INFO">{'large': 'https://randomuser.me/api/portraits/men/99.jpg', 'medium': 'https://randomuser.me/api/portraits/med/men/99.jpg', 'thumbnail': 'https://randomuser.me/api/portraits/thumb/men/99.jpg'}</msg>
<arg>${json_data['results'][0]['picture']}</arg>
<doc>Logs the given message with the given level.</doc>
<status status="PASS" start="2024-06-06T22:13:44.009330" elapsed="0.000364"/>
</kw>
<status status="PASS" start="2024-06-06T22:13:43.896129" elapsed="0.113840"/>
</kw>
<kw name="Teste de Tipos de Dados - Postcode" owner="random-user-service">
<kw name="GET On Session" owner="RequestsLibrary">
<msg time="2024-06-06T22:13:44.112594" level="INFO">GET Request : url=https://randomuser.me/api 
 path_url=/api 
 headers={'User-Agent': 'python-requests/2.32.3', 'Accept-Encoding': 'gzip, deflate', 'Accept': '*/*', 'Connection': 'keep-alive'} 
 body=None 
 </msg>
<msg time="2024-06-06T22:13:44.112728" level="INFO">GET Response : url=https://randomuser.me/api 
 status=200, reason=OK 
 headers={'Date': 'Thu, 06 Jun 2024 22:13:44 GMT', 'Content-Type': 'application/json; charset=utf-8', 'Transfer-Encoding': 'chunked', 'Connection': 'keep-alive', 'X-Powered-By': 'Express', 'Access-Control-Allow-Origin': '*', 'Cache-Control': 'no-cache', 'ETag': 'W/"47f-R4dk7NYXfViMlhzYXEcfVjtZdiM"', 'Vary': 'Accept-Encoding', 'Content-Encoding': 'gzip', 'CF-Cache-Status': 'DYNAMIC', 'Report-To': '{"endpoints":[{"url":"https:\\/\\/a.nel.cloudflare.com\\/report\\/v4?s=T8n6V%2Fr4CR9kNrnpBWr5%2FEO3dJZmi2IoWChuCaE0klpJun0bywiVcJbwykKG5KUfrQVCHhpLdKuT2lAqDWqz0b6rOytCaF2N%2FDNXNIgKz1mUw1pd9cuoCeHEcL%2BvvqQF"}],"group":"cf-nel","max_age":604800}', 'NEL': '{"success_fraction":0,"report_to":"cf-nel","max_age":604800}', 'Server': 'cloudflare', 'CF-RAY': '88fbc0561a8f7ee3-LAX', 'alt-svc': 'h3=":443"; ma=86400'} 
 body={"results":[{"gender":"male","name":{"title":"Mr","first":"Harry","last":"Cooper"},"location":{"street":{"number":7211,"name":"Sherborne Street"},"city":"Greymouth","state":"Tasman","country":"New Zealand","postcode":99170,"coordinates":{"latitude":"48.3183","longitude":"-57.6981"},"timezone":{"offset":"-8:00","description":"Pacific Time (US &amp; Canada)"}},"email":"harry.cooper@example.com","login":{"uuid":"612bc3cf-159d-4a9f-88ee-a152a3f3af81","username":"tinytiger664","password":"madness","salt":"fvJ1OI7p","md5":"6c56fd90175e893d90e865d10f7d7d3a","sha1":"496452c41b9b2836d8f48d96f2756ffef297adef","sha256":"4b46b9f2ee45512cb43ccd3f2c110b5898cca31666daf801c28d8d92ae0f80fd"},"dob":{"date":"1950-12-17T19:18:43.833Z","age":73},"registered":{"date":"2008-10-25T19:05:00.164Z","age":15},"phone":"(629)-269-5153","cell":"(765)-250-8051","id":{"name":"","value":null},"picture":{"large":"https://randomuser.me/api/portraits/men/14.jpg","medium":"https://randomuser.me/api/portraits/med/men/14.jpg","thumbnail":"https://randomuser.me/api/portraits/thumb/men/14.jpg"},"nat":"NZ"}],"info":{"seed":"dcc72ad1a0824496","results":1,"page":1,"version":"1.4"}} 
 </msg>
<msg time="2024-06-06T22:13:44.112805" level="INFO">/opt/hostedtoolcache/Python/3.12.3/x64/lib/python3.12/site-packages/urllib3/connectionpool.py:1103: InsecureRequestWarning: Unverified HTTPS request is being made to host 'randomuser.me'. Adding certificate verification is strongly advised. See: https://urllib3.readthedocs.io/en/latest/advanced-usage.html#tls-warnings
  warnings.warn(</msg>
<msg time="2024-06-06T22:13:44.112927" level="INFO">${response} = &lt;Response [200]&gt;</msg>
<var>${response}</var>
<arg>consultarAPI</arg>
<arg>/api</arg>
<doc>Sends a GET request on a previously created HTTP Session.</doc>
<status status="PASS" start="2024-06-06T22:13:44.010437" elapsed="0.102530"/>
</kw>
<kw name="Set Variable" owner="BuiltIn">
<msg time="2024-06-06T22:13:44.114202" level="INFO">${json_data} = {'results': [{'gender': 'male', 'name': {'title': 'Mr', 'first': 'Harry', 'last': 'Cooper'}, 'location': {'street': {'number': 7211, 'name': 'Sherborne Street'}, 'city': 'Greymouth', 'state': 'Tasman'...</msg>
<var>${json_data}</var>
<arg>${response.json()}</arg>
<doc>Returns the given values which can then be assigned to a variables.</doc>
<status status="PASS" start="2024-06-06T22:13:44.113631" elapsed="0.000599"/>
</kw>
<kw name="Log" owner="BuiltIn">
<msg time="2024-06-06T22:13:44.114747" level="INFO">{'results': [{'gender': 'male', 'name': {'title': 'Mr', 'first': 'Harry', 'last': 'Cooper'}, 'location': {'street': {'number': 7211, 'name': 'Sherborne Street'}, 'city': 'Greymouth', 'state': 'Tasman', 'country': 'New Zealand', 'postcode': 99170, 'coordinates': {'latitude': '48.3183', 'longitude': '-57.6981'}, 'timezone': {'offset': '-8:00', 'description': 'Pacific Time (US &amp; Canada)'}}, 'email': 'harry.cooper@example.com', 'login': {'uuid': '612bc3cf-159d-4a9f-88ee-a152a3f3af81', 'username': 'tinytiger664', 'password': 'madness', 'salt': 'fvJ1OI7p', 'md5': '6c56fd90175e893d90e865d10f7d7d3a', 'sha1': '496452c41b9b2836d8f48d96f2756ffef297adef', 'sha256': '4b46b9f2ee45512cb43ccd3f2c110b5898cca31666daf801c28d8d92ae0f80fd'}, 'dob': {'date': '1950-12-17T19:18:43.833Z', 'age': 73}, 'registered': {'date': '2008-10-25T19:05:00.164Z', 'age': 15}, 'phone': '(629)-269-5153', 'cell': '(765)-250-8051', 'id': {'name': '', 'value': None}, 'picture': {'large': 'https://randomuser.me/api/portraits/men/14.jpg', 'medium': 'https://randomuser.me/api/portraits/med/men/14.jpg', 'thumbnail': 'https://randomuser.me/api/portraits/thumb/men/14.jpg'}, 'nat': 'NZ'}], 'info': {'seed': 'dcc72ad1a0824496', 'results': 1, 'page': 1, 'version': '1.4'}}</msg>
<arg>${json_data}</arg>
<doc>Logs the given message with the given level.</doc>
<status status="PASS" start="2024-06-06T22:13:44.114574" elapsed="0.000263"/>
</kw>
<kw name="Should Be Equal As Numbers" owner="BuiltIn">
<arg>${json_data['results'][0]['location']['postcode']}</arg>
<arg>${json_data['results'][0]['location']['postcode']}</arg>
<doc>Fails if objects are unequal after converting them to real numbers.</doc>
<status status="PASS" start="2024-06-06T22:13:44.115141" elapsed="0.000620"/>
</kw>
<kw name="Log" owner="BuiltIn">
<msg time="2024-06-06T22:13:44.116289" level="INFO">99170</msg>
<arg>${json_data['results'][0]['location']['postcode']}</arg>
<doc>Logs the given message with the given level.</doc>
<status status="PASS" start="2024-06-06T22:13:44.115952" elapsed="0.000378"/>
</kw>
<status status="PASS" start="2024-06-06T22:13:44.010201" elapsed="0.106386"/>
</kw>
<doc>Testa se os tipos de dados na resposta da API estão corretos.</doc>
<tag>testeTiposDados</tag>
<status status="PASS" start="2024-06-06T22:13:43.895573" elapsed="0.221241"/>
</test>
<test id="s1-s1-t5" name="Validar conteudo" line="35">
<kw name="Teste de Tipos de Conteudo" owner="random-user-service">
<kw name="GET On Session" owner="RequestsLibrary">
<msg time="2024-06-06T22:13:44.217410" level="INFO">GET Request : url=https://randomuser.me/api 
 path_url=/api 
 headers={'User-Agent': 'python-requests/2.32.3', 'Accept-Encoding': 'gzip, deflate', 'Accept': '*/*', 'Connection': 'keep-alive'} 
 body=None 
 </msg>
<msg time="2024-06-06T22:13:44.217518" level="INFO">GET Response : url=https://randomuser.me/api 
 status=200, reason=OK 
 headers={'Date': 'Thu, 06 Jun 2024 22:13:44 GMT', 'Content-Type': 'application/json; charset=utf-8', 'Transfer-Encoding': 'chunked', 'Connection': 'keep-alive', 'X-Powered-By': 'Express', 'Access-Control-Allow-Origin': '*', 'Cache-Control': 'no-cache', 'ETag': 'W/"494-VotJifU6vSj6oBIPzPaMzU9Scss"', 'Vary': 'Accept-Encoding', 'Content-Encoding': 'gzip', 'CF-Cache-Status': 'DYNAMIC', 'Report-To': '{"endpoints":[{"url":"https:\\/\\/a.nel.cloudflare.com\\/report\\/v4?s=xRW8x8xvtP2ljZTDi9WiZ5PLJjMUA%2Fn8UWRMHfxMLSGcjBAqWNkmY5%2FSl9%2BRE9btnDrq7MJnoA01TLIOhf4U65SbPYpG4VPk4MUTVIiiTeDwQNgaxETxLPE4%2FdF7BMbr"}],"group":"cf-nel","max_age":604800}', 'NEL': '{"success_fraction":0,"report_to":"cf-nel","max_age":604800}', 'Server': 'cloudflare', 'CF-RAY': '88fbc056cb557ee3-LAX', 'alt-svc': 'h3=":443"; ma=86400'} 
 body={"results":[{"gender":"male","name":{"title":"Mr","first":"Juho","last":"Heinonen"},"location":{"street":{"number":2944,"name":"Otavalankatu"},"city":"Pöytyä","state":"Satakunta","country":"Finland","postcode":54020,"coordinates":{"latitude":"-26.8638","longitude":"-136.9263"},"timezone":{"offset":"+8:00","description":"Beijing, Perth, Singapore, Hong Kong"}},"email":"juho.heinonen@example.com","login":{"uuid":"62d48ba7-ee1e-46b6-8b25-638332f9039e","username":"blackgoose456","password":"phish","salt":"54f4zQyU","md5":"6fd99a8298c57ddf7bba197d1880b558","sha1":"5cb70628e6e774ae1cbf6a29050abf01d1fbcb96","sha256":"8aa9d4cac12bd672f467f6ee7bab7d77f2587a2d1632c621e91d30044379e636"},"dob":{"date":"1955-04-28T03:20:45.388Z","age":69},"registered":{"date":"2012-11-12T10:59:00.188Z","age":11},"phone":"03-196-016","cell":"049-406-25-26","id":{"name":"HETU","value":"NaNNA613undefined"},"picture":{"large":"https://randomuser.me/api/portraits/men/23.jpg","medium":"https://randomuser.me/api/portraits/med/men/23.jpg","thumbnail":"https://randomuser.me/api/portraits/thumb/men/23.jpg"},"nat":"FI"}],"info":{"seed":"dbcdcbfa479d8dd1","results":1,"page":1,"version":"1.4"}} 
 </msg>
<msg time="2024-06-06T22:13:44.217593" level="INFO">/opt/hostedtoolcache/Python/3.12.3/x64/lib/python3.12/site-packages/urllib3/connectionpool.py:1103: InsecureRequestWarning: Unverified HTTPS request is being made to host 'randomuser.me'. Adding certificate verification is strongly advised. See: https://urllib3.readthedocs.io/en/latest/advanced-usage.html#tls-warnings
  warnings.warn(</msg>
<msg time="2024-06-06T22:13:44.217720" level="INFO">${response} = &lt;Response [200]&gt;</msg>
<var>${response}</var>
<arg>consultarAPI</arg>
<arg>/api</arg>
<doc>Sends a GET request on a previously created HTTP Session.</doc>
<status status="PASS" start="2024-06-06T22:13:44.119296" elapsed="0.098464"/>
</kw>
<kw name="Set Variable" owner="BuiltIn">
<msg time="2024-06-06T22:13:44.218837" level="INFO">${json_data} = {'results': [{'gender': 'male', 'name': {'title': 'Mr', 'first': 'Juho', 'last': 'Heinonen'}, 'location': {'street': {'number': 2944, 'name': 'Otavalankatu'}, 'city': 'Pöytyä', 'state': 'Satakunta', '...</msg>
<var>${json_data}</var>
<arg>${response.json()}</arg>
<doc>Returns the given values which can then be assigned to a variables.</doc>
<status status="PASS" start="2024-06-06T22:13:44.218304" elapsed="0.000562"/>
</kw>
<kw name="Set Variable" owner="BuiltIn">
<msg time="2024-06-06T22:13:44.219585" level="INFO">${name_title} = Mr</msg>
<var>${name_title}</var>
<arg>${json_data["results"][0]["name"]["title"]}</arg>
<doc>Returns the given values which can then be assigned to a variables.</doc>
<status status="PASS" start="2024-06-06T22:13:44.219189" elapsed="0.000423"/>
</kw>
<kw name="Create List" owner="BuiltIn">
<msg time="2024-06-06T22:13:44.220067" level="INFO">${allowed_titles} = ['Mr', 'Ms', 'Miss', 'Mrs', 'Madame', 'Monsieur']</msg>
<var>${allowed_titles}</var>
<arg>Mr</arg>
<arg>Ms</arg>
<arg>Miss</arg>
<arg>Mrs</arg>
<arg>Madame</arg>
<arg>Monsieur</arg>
<doc>Returns a list containing given items.</doc>
<status status="PASS" start="2024-06-06T22:13:44.219915" elapsed="0.000177"/>
</kw>
<kw name="List Should Contain Value" owner="Collections">
<msg time="2024-06-06T22:13:44.220590" level="INFO">False</msg>
<arg>${allowed_titles}</arg>
<arg>${name_title}</arg>
<doc>Fails if the ``value`` is not found from ``list``.</doc>
<status status="PASS" start="2024-06-06T22:13:44.220410" elapsed="0.000217"/>
</kw>
<kw name="Set Variable" owner="BuiltIn">
<msg time="2024-06-06T22:13:44.221564" level="INFO">${name_country} = FI</msg>
<var>${name_country}</var>
<arg>${json_data["results"][0]["nat"]}</arg>
<doc>Returns the given values which can then be assigned to a variables.</doc>
<status status="PASS" start="2024-06-06T22:13:44.220984" elapsed="0.000608"/>
</kw>
<kw name="Create List" owner="BuiltIn">
<msg time="2024-06-06T22:13:44.222504" level="INFO">${list_country} = ['AD', 'AE', 'AF', 'AG', 'AI', 'AL', 'AM', 'AO', 'AQ', 'AR', 'AS', 'AT', 'AU', 'AW', 'AX', 'AZ', 'BA', 'BB', 'BD', 'BE', 'BF', 'BG', 'BH', 'BI', 'BJ', 'BL', 'BM', 'BN', 'BO', 'BQ', 'BR', 'BS', 'BT', '...</msg>
<var>${list_country}</var>
<arg>AD</arg>
<arg>AE</arg>
<arg>AF</arg>
<arg>AG</arg>
<arg>AI</arg>
<arg>AL</arg>
<arg>AM</arg>
<arg>AO</arg>
<arg>AQ</arg>
<arg>AR</arg>
<arg>AS</arg>
<arg>AT</arg>
<arg>AU</arg>
<arg>AW</arg>
<arg>AX</arg>
<arg>AZ</arg>
<arg>BA</arg>
<arg>BB</arg>
<arg>BD</arg>
<arg>BE</arg>
<arg>BF</arg>
<arg>BG</arg>
<arg>BH</arg>
<arg>BI</arg>
<arg>BJ</arg>
<arg>BL</arg>
<arg>BM</arg>
<arg>BN</arg>
<arg>BO</arg>
<arg>BQ</arg>
<arg>BR</arg>
<arg>BS</arg>
<arg>BT</arg>
<arg>BV</arg>
<arg>BW</arg>
<arg>BY</arg>
<arg>BZ</arg>
<arg>CA</arg>
<arg>CC</arg>
<arg>CD</arg>
<arg>CF</arg>
<arg>CG</arg>
<arg>CH</arg>
<arg>CI</arg>
<arg>CK</arg>
<arg>CL</arg>
<arg>CM</arg>
<arg>CN</arg>
<arg>CO</arg>
<arg>CR</arg>
<arg>CU</arg>
<arg>CV</arg>
<arg>CW</arg>
<arg>CX</arg>
<arg>CY</arg>
<arg>CZ</arg>
<arg>DE</arg>
<arg>DJ</arg>
<arg>DK</arg>
<arg>DM</arg>
<arg>DO</arg>
<arg>DZ</arg>
<arg>EC</arg>
<arg>EE</arg>
<arg>EG</arg>
<arg>EH</arg>
<arg>ER</arg>
<arg>ES</arg>
<arg>ET</arg>
<arg>FI</arg>
<arg>FJ</arg>
<arg>FK</arg>
<arg>FM</arg>
<arg>FO</arg>
<arg>FR</arg>
<arg>GA</arg>
<arg>GB</arg>
<arg>GD</arg>
<arg>GE</arg>
<arg>GF</arg>
<arg>GG</arg>
<arg>GH</arg>
<arg>GI</arg>
<arg>GL</arg>
<arg>GM</arg>
<arg>GN</arg>
<arg>GP</arg>
<arg>GQ</arg>
<arg>GR</arg>
<arg>GS</arg>
<arg>GT</arg>
<arg>GU</arg>
<arg>GW</arg>
<arg>GY</arg>
<arg>HK</arg>
<arg>HM</arg>
<arg>HN</arg>
<arg>HR</arg>
<arg>HT</arg>
<arg>HU</arg>
<arg>ID</arg>
<arg>IE</arg>
<arg>IL</arg>
<arg>IM</arg>
<arg>IN</arg>
<arg>IO</arg>
<arg>IQ</arg>
<arg>IR</arg>
<arg>IS</arg>
<arg>IT</arg>
<arg>JE</arg>
<arg>JM</arg>
<arg>JO</arg>
<arg>JP</arg>
<arg>KE</arg>
<arg>KG</arg>
<arg>KH</arg>
<arg>KI</arg>
<arg>KM</arg>
<arg>KN</arg>
<arg>KP</arg>
<arg>KR</arg>
<arg>KW</arg>
<arg>KY</arg>
<arg>KZ</arg>
<arg>LA</arg>
<arg>LB</arg>
<arg>LC</arg>
<arg>LI</arg>
<arg>LK</arg>
<arg>LR</arg>
<arg>LS</arg>
<arg>LT</arg>
<arg>LU</arg>
<arg>LV</arg>
<arg>LY</arg>
<arg>MA</arg>
<arg>MC</arg>
<arg>MD</arg>
<arg>ME</arg>
<arg>MF</arg>
<arg>MG</arg>
<arg>MH</arg>
<arg>MK</arg>
<arg>ML</arg>
<arg>MM</arg>
<arg>MN</arg>
<arg>MO</arg>
<arg>MP</arg>
<arg>MQ</arg>
<arg>MR</arg>
<arg>MS</arg>
<arg>MT</arg>
<arg>MU</arg>
<arg>MV</arg>
<arg>MW</arg>
<arg>MX</arg>
<arg>MY</arg>
<arg>MZ</arg>
<arg>NA</arg>
<arg>NC</arg>
<arg>NE</arg>
<arg>NF</arg>
<arg>NG</arg>
<arg>NI</arg>
<arg>NL</arg>
<arg>NO</arg>
<arg>NP</arg>
<arg>NR</arg>
<arg>NU</arg>
<arg>NZ</arg>
<arg>OM</arg>
<arg>PA</arg>
<arg>PE</arg>
<arg>PF</arg>
<arg>PG</arg>
<arg>PH</arg>
<arg>PK</arg>
<arg>PL</arg>
<arg>PM</arg>
<arg>PN</arg>
<arg>PR</arg>
<arg>PS</arg>
<arg>PT</arg>
<arg>PW</arg>
<arg>PY</arg>
<arg>QA</arg>
<arg>RE</arg>
<arg>RO</arg>
<arg>RS</arg>
<arg>RU</arg>
<arg>RW</arg>
<arg>SA</arg>
<arg>SB</arg>
<arg>SC</arg>
<arg>SD</arg>
<arg>SE</arg>
<arg>SG</arg>
<arg>SH</arg>
<arg>SI</arg>
<arg>SJ</arg>
<arg>SK</arg>
<arg>SL</arg>
<arg>SM</arg>
<arg>SN</arg>
<arg>SO</arg>
<arg>SR</arg>
<arg>SS</arg>
<arg>ST</arg>
<arg>SV</arg>
<arg>SX</arg>
<arg>SY</arg>
<arg>SZ</arg>
<arg>TC</arg>
<arg>TD</arg>
<arg>TF</arg>
<arg>TG</arg>
<arg>TH</arg>
<arg>TJ</arg>
<arg>TK</arg>
<arg>TL</arg>
<arg>TM</arg>
<arg>TN</arg>
<arg>TO</arg>
<arg>TR</arg>
<arg>TT</arg>
<arg>TV</arg>
<arg>TW</arg>
<arg>TZ</arg>
<arg>UA</arg>
<arg>UG</arg>
<arg>UM</arg>
<arg>US</arg>
<arg>UY</arg>
<arg>UZ</arg>
<arg>VA</arg>
<arg>VC</arg>
<arg>VE</arg>
<arg>VG</arg>
<arg>VI</arg>
<arg>VN</arg>
<arg>VU</arg>
<arg>WF</arg>
<arg>WS</arg>
<arg>XK</arg>
<arg>YE</arg>
<arg>YT</arg>
<arg>ZA</arg>
<arg>ZM</arg>
<arg>ZW</arg>
<doc>Returns a list containing given items.</doc>
<status status="PASS" start="2024-06-06T22:13:44.221903" elapsed="0.000628"/>
</kw>
<kw name="List Should Contain Value" owner="Collections">
<msg time="2024-06-06T22:13:44.223548" level="INFO">False</msg>
<arg>${list_country}</arg>
<arg>${name_country}</arg>
<doc>Fails if the ``value`` is not found from ``list``.</doc>
<status status="PASS" start="2024-06-06T22:13:44.223338" elapsed="0.000248"/>
</kw>
<kw name="Run Keyword If" owner="BuiltIn">
<kw name="Should Be True" owner="BuiltIn">
<arg>${True}</arg>
<doc>Fails if the given condition is not true.</doc>
<status status="PASS" start="2024-06-06T22:13:44.224724" elapsed="0.000159"/>
</kw>
<arg>${json_data["results"][0]["location"]["coordinates"]["latitude"]} &gt;= -90 and ${json_data["results"][0]["location"]["coordinates"]["latitude"]} &lt;= 90</arg>
<arg>Should Be True</arg>
<arg>${True}</arg>
<doc>Runs the given keyword with the given arguments, if ``condition`` is true.</doc>
<status status="PASS" start="2024-06-06T22:13:44.223912" elapsed="0.001103"/>
</kw>
<kw name="Run Keyword If" owner="BuiltIn">
<kw name="Should Be True" owner="BuiltIn">
<arg>${True}</arg>
<doc>Fails if the given condition is not true.</doc>
<status status="PASS" start="2024-06-06T22:13:44.225917" elapsed="0.000141"/>
</kw>
<arg>${json_data["results"][0]["location"]["coordinates"]["longitude"]} &gt;= -180 and ${json_data["results"][0]["location"]["coordinates"]["longitude"]} &lt;= 180</arg>
<arg>Should Be True</arg>
<arg>${True}</arg>
<doc>Runs the given keyword with the given arguments, if ``condition`` is true.</doc>
<status status="PASS" start="2024-06-06T22:13:44.225211" elapsed="0.000973"/>
</kw>
<status status="PASS" start="2024-06-06T22:13:44.119058" elapsed="0.107261"/>
</kw>
<doc>Testa o conteúdo específico dos campos retornados pela API.</doc>
<tag>testeConteudo</tag>
<status status="PASS" start="2024-06-06T22:13:44.118579" elapsed="0.107894"/>
</test>
<status status="PASS" start="2024-06-06T22:13:43.066190" elapsed="1.162204"/>
</suite>
<status status="PASS" start="2024-06-06T22:13:43.051870" elapsed="1.181986"/>
</suite>
<statistics>
<total>
<stat pass="5" fail="0" skip="0">All Tests</stat>
</total>
<tag>
<stat pass="1" fail="0" skip="0">testeConteudo</stat>
<stat pass="1" fail="0" skip="0">testeEstruturaResposta</stat>
<stat pass="1" fail="0" skip="0">testeRequisicaoBasica</stat>
<stat pass="1" fail="0" skip="0">testeTiposDados</stat>
</tag>
<suite>
<stat pass="5" fail="0" skip="0" id="s1" name="Tests">Tests</stat>
<stat pass="5" fail="0" skip="0" id="s1-s1" name="Random-User-Test">Tests.Random-User-Test</stat>
</suite>
</statistics>
<errors>
</errors>
</robot>
