<?xml version="1.0" encoding="UTF-8"?>
<robot generator="Robot 7.0.1 (Python 3.12.4 on linux)" generated="2024-08-06T09:16:32.919395" rpa="false" schemaversion="5">
<suite id="s1" name="Tests" source="/home/runner/work/ApiRandomUser/ApiRandomUser/RamdonUser/tests">
<suite id="s1-s1" name="Random-User-Test" source="/home/runner/work/ApiRandomUser/ApiRandomUser/RamdonUser/tests/random-user-test.robot">
<test id="s1-s1-t1" name="Conectar" line="13">
<kw name="Conectar API" owner="random-user-service">
<kw name="Create Session" owner="RequestsLibrary">
<msg time="2024-08-06T09:16:33.329407" level="INFO">Creating Session using : alias=consultarAPI, url=https://randomuser.me/, headers={},                     cookies={}, auth=None, timeout=None, proxies=None, verify=False,                     debug=0 </msg>
<arg>consultarAPI</arg>
<arg>${URL}</arg>
<doc>Create Session: create a HTTP session to a server</doc>
<status status="PASS" start="2024-08-06T09:16:33.329202" elapsed="0.000390"/>
</kw>
<status status="PASS" start="2024-08-06T09:16:33.328134" elapsed="0.001826"/>
</kw>
<status status="PASS" start="2024-08-06T09:16:33.327501" elapsed="0.002656"/>
</test>
<test id="s1-s1-t2" name="Validar retorno 200 e JSON Válido" line="16">
<kw name="Teste de Requisicao Basica" owner="random-user-service">
<kw name="GET On Session" owner="RequestsLibrary">
<msg time="2024-08-06T09:16:33.586560" level="INFO">GET Request : url=https://randomuser.me/api 
 path_url=/api 
 headers={'User-Agent': 'python-requests/2.32.3', 'Accept-Encoding': 'gzip, deflate', 'Accept': '*/*', 'Connection': 'keep-alive'} 
 body=None 
 </msg>
<msg time="2024-08-06T09:16:33.586723" level="INFO">GET Response : url=https://randomuser.me/api 
 status=200, reason=OK 
 headers={'Date': 'Tue, 06 Aug 2024 09:16:33 GMT', 'Content-Type': 'application/json; charset=utf-8', 'Transfer-Encoding': 'chunked', 'Connection': 'keep-alive', 'X-Powered-By': 'Express', 'Access-Control-Allow-Origin': '*', 'Cache-Control': 'no-cache', 'ETag': 'W/"4b4-xp8dWA4q5ck1X5e4StJQob+nqfI"', 'Vary': 'Accept-Encoding', 'Content-Encoding': 'gzip', 'CF-Cache-Status': 'DYNAMIC', 'Report-To': '{"endpoints":[{"url":"https:\\/\\/a.nel.cloudflare.com\\/report\\/v4?s=w847mzjAv7EjamoFSnO5P67T8qdxxbqcP5Zu5%2F5u9kQddu9G4dc%2FvoN3stk7DdDTO39gx8IEqYGtsMHlYHDoQINmEBHsrqU9FxYcQkKzzSa9buD71z3xwufYidNMHxWb"}],"group":"cf-nel","max_age":604800}', 'NEL': '{"success_fraction":0,"report_to":"cf-nel","max_age":604800}', 'Server': 'cloudflare', 'CF-RAY': '8aededc56ccc6446-SJC', 'alt-svc': 'h3=":443"; ma=86400'} 
 body={"results":[{"gender":"male","name":{"title":"Monsieur","first":"Oswald","last":"Dumas"},"location":{"street":{"number":3597,"name":"Place du 8 Novembre 1942"},"city":"Blumenstein","state":"Appenzell Innerrhoden","country":"Switzerland","postcode":5904,"coordinates":{"latitude":"-57.4252","longitude":"-125.1681"},"timezone":{"offset":"+4:00","description":"Abu Dhabi, Muscat, Baku, Tbilisi"}},"email":"oswald.dumas@example.com","login":{"uuid":"c395411d-4778-4348-9036-0c43806b9ab2","username":"browngorilla140","password":"0815","salt":"tDDHlqFu","md5":"eb72144caa40384a34fb3846781fa06e","sha1":"5d5093f55f94c8469cd3839d63581cc2e21c52ac","sha256":"792575b4397114b2ed58c721faf04275a07ad65fc57f37d137336d6f36241e71"},"dob":{"date":"1989-06-16T17:52:11.292Z","age":35},"registered":{"date":"2007-05-10T04:29:03.883Z","age":17},"phone":"075 475 66 14","cell":"078 700 08 18","id":{"name":"AVS","value":"756.8991.1543.59"},"picture":{"large":"https://randomuser.me/api/portraits/men/19.jpg","medium":"https://randomuser.me/api/portraits/med/men/19.jpg","thumbnail":"https://randomuser.me/api/portraits/thumb/men/19.jpg"},"nat":"CH"}],"info":{"seed":"b28233aa19282486","results":1,"page":1,"version":"1.4"}} 
 </msg>
<msg time="2024-08-06T09:16:33.586812" level="INFO">/opt/hostedtoolcache/Python/3.12.4/x64/lib/python3.12/site-packages/urllib3/connectionpool.py:1099: InsecureRequestWarning: Unverified HTTPS request is being made to host 'randomuser.me'. Adding certificate verification is strongly advised. See: https://urllib3.readthedocs.io/en/latest/advanced-usage.html#tls-warnings
  warnings.warn(</msg>
<msg time="2024-08-06T09:16:33.586971" level="INFO">${response} = &lt;Response [200]&gt;</msg>
<var>${response}</var>
<arg>consultarAPI</arg>
<arg>/api</arg>
<doc>Sends a GET request on a previously created HTTP Session.</doc>
<status status="PASS" start="2024-08-06T09:16:33.332846" elapsed="0.254168"/>
</kw>
<kw name="Should Be Equal As Numbers" owner="BuiltIn">
<msg time="2024-08-06T09:16:33.588193" level="INFO">Argument types are:
&lt;class 'int'&gt;
&lt;class 'str'&gt;</msg>
<arg>${response.status_code}</arg>
<arg>200</arg>
<doc>Fails if objects are unequal after converting them to real numbers.</doc>
<status status="PASS" start="2024-08-06T09:16:33.587671" elapsed="0.000591"/>
</kw>
<kw name="Log" owner="BuiltIn">
<msg time="2024-08-06T09:16:33.588985" level="INFO">200</msg>
<arg>${response.status_code}</arg>
<doc>Logs the given message with the given level.</doc>
<status status="PASS" start="2024-08-06T09:16:33.588618" elapsed="0.000411"/>
</kw>
<kw name="Set Variable" owner="BuiltIn">
<msg time="2024-08-06T09:16:33.589802" level="INFO">${json_data} = {'results': [{'gender': 'male', 'name': {'title': 'Monsieur', 'first': 'Oswald', 'last': 'Dumas'}, 'location': {'street': {'number': 3597, 'name': 'Place du 8 Novembre 1942'}, 'city': 'Blumenstein', '...</msg>
<var>${json_data}</var>
<arg>${response.json()}</arg>
<doc>Returns the given values which can then be assigned to a variables.</doc>
<status status="PASS" start="2024-08-06T09:16:33.589351" elapsed="0.000480"/>
</kw>
<kw name="Dictionary Should Contain Key" owner="Collections">
<arg>${json_data}</arg>
<arg>results</arg>
<doc>Fails if ``key`` is not found from ``dictionary``.</doc>
<status status="PASS" start="2024-08-06T09:16:33.590139" elapsed="0.000381"/>
</kw>
<status status="PASS" start="2024-08-06T09:16:33.332597" elapsed="0.258086"/>
</kw>
<doc>Testa se a API responde corretamente e retorna um objeto JSON válido.</doc>
<tag>testeRequisicaoBasica</tag>
<status status="PASS" start="2024-08-06T09:16:33.332069" elapsed="0.258813"/>
</test>
<test id="s1-s1-t3" name="Validar estrutura de resposta" line="22">
<kw name="Teste de Estrutura de Resposta" owner="random-user-service">
<kw name="GET On Session" owner="RequestsLibrary">
<msg time="2024-08-06T09:16:33.690576" level="INFO">GET Request : url=https://randomuser.me/api 
 path_url=/api 
 headers={'User-Agent': 'python-requests/2.32.3', 'Accept-Encoding': 'gzip, deflate', 'Accept': '*/*', 'Connection': 'keep-alive'} 
 body=None 
 </msg>
<msg time="2024-08-06T09:16:33.690687" level="INFO">GET Response : url=https://randomuser.me/api 
 status=200, reason=OK 
 headers={'Date': 'Tue, 06 Aug 2024 09:16:33 GMT', 'Content-Type': 'application/json; charset=utf-8', 'Transfer-Encoding': 'chunked', 'Connection': 'keep-alive', 'X-Powered-By': 'Express', 'Access-Control-Allow-Origin': '*', 'Cache-Control': 'no-cache', 'ETag': 'W/"473-lzOQdfVWgEsRHdDJLxo4kkJF/Ro"', 'Vary': 'Accept-Encoding', 'Content-Encoding': 'gzip', 'CF-Cache-Status': 'DYNAMIC', 'Report-To': '{"endpoints":[{"url":"https:\\/\\/a.nel.cloudflare.com\\/report\\/v4?s=Asg3Bx5LkK42RUJKmvDM63Un98j2HQheiYUj13G3vT9j36OoP10UQv7fZaHvhaqOMpj2LQpKNurIagX2ktG5UTFiFBsPBxVpzY2J3DRbDIct6aRQ5u0zXSSri7rNLJSV"}],"group":"cf-nel","max_age":604800}', 'NEL': '{"success_fraction":0,"report_to":"cf-nel","max_age":604800}', 'Server': 'cloudflare', 'CF-RAY': '8aededc60d3b6446-SJC', 'alt-svc': 'h3=":443"; ma=86400'} 
 body={"results":[{"gender":"male","name":{"title":"Mr","first":"Eren","last":"Toraman"},"location":{"street":{"number":515,"name":"Fatih Sultan Mehmet Cd"},"city":"Nevşehir","state":"Ankara","country":"Turkey","postcode":60274,"coordinates":{"latitude":"70.2656","longitude":"-19.8449"},"timezone":{"offset":"-2:00","description":"Mid-Atlantic"}},"email":"eren.toraman@example.com","login":{"uuid":"5c60c918-8cd0-427c-a5d0-ce8940c4ff6f","username":"ticklishbear827","password":"fulham","salt":"IWYaiEXk","md5":"258036a5a14f157cc26824c870891dfb","sha1":"d76fb04af5525e4bea394f4272ef48630f07e52a","sha256":"52acb4f790a75cf455f701dd0fcdc027e4898762b8887e0d8304e6694cea50b7"},"dob":{"date":"1996-01-06T14:27:17.920Z","age":28},"registered":{"date":"2012-12-17T18:10:48.668Z","age":11},"phone":"(208)-299-3952","cell":"(924)-741-7871","id":{"name":"","value":null},"picture":{"large":"https://randomuser.me/api/portraits/men/62.jpg","medium":"https://randomuser.me/api/portraits/med/men/62.jpg","thumbnail":"https://randomuser.me/api/portraits/thumb/men/62.jpg"},"nat":"TR"}],"info":{"seed":"8b6e7a2d3d053ece","results":1,"page":1,"version":"1.4"}} 
 </msg>
<msg time="2024-08-06T09:16:33.690840" level="INFO">/opt/hostedtoolcache/Python/3.12.4/x64/lib/python3.12/site-packages/urllib3/connectionpool.py:1099: InsecureRequestWarning: Unverified HTTPS request is being made to host 'randomuser.me'. Adding certificate verification is strongly advised. See: https://urllib3.readthedocs.io/en/latest/advanced-usage.html#tls-warnings
  warnings.warn(</msg>
<msg time="2024-08-06T09:16:33.690988" level="INFO">${response} = &lt;Response [200]&gt;</msg>
<var>${response}</var>
<arg>consultarAPI</arg>
<arg>/api</arg>
<doc>Sends a GET request on a previously created HTTP Session.</doc>
<status status="PASS" start="2024-08-06T09:16:33.593591" elapsed="0.097446"/>
</kw>
<kw name="Set Variable" owner="BuiltIn">
<msg time="2024-08-06T09:16:33.692303" level="INFO">${json_data} = {'results': [{'gender': 'male', 'name': {'title': 'Mr', 'first': 'Eren', 'last': 'Toraman'}, 'location': {'street': {'number': 515, 'name': 'Fatih Sultan Mehmet Cd'}, 'city': 'Nevşehir', 'state': 'Ank...</msg>
<var>${json_data}</var>
<arg>${response.json()}</arg>
<doc>Returns the given values which can then be assigned to a variables.</doc>
<status status="PASS" start="2024-08-06T09:16:33.691705" elapsed="0.000629"/>
</kw>
<kw name="Log" owner="BuiltIn">
<msg time="2024-08-06T09:16:33.692814" level="INFO">{'results': [{'gender': 'male', 'name': {'title': 'Mr', 'first': 'Eren', 'last': 'Toraman'}, 'location': {'street': {'number': 515, 'name': 'Fatih Sultan Mehmet Cd'}, 'city': 'Nevşehir', 'state': 'Ankara', 'country': 'Turkey', 'postcode': 60274, 'coordinates': {'latitude': '70.2656', 'longitude': '-19.8449'}, 'timezone': {'offset': '-2:00', 'description': 'Mid-Atlantic'}}, 'email': 'eren.toraman@example.com', 'login': {'uuid': '5c60c918-8cd0-427c-a5d0-ce8940c4ff6f', 'username': 'ticklishbear827', 'password': 'fulham', 'salt': 'IWYaiEXk', 'md5': '258036a5a14f157cc26824c870891dfb', 'sha1': 'd76fb04af5525e4bea394f4272ef48630f07e52a', 'sha256': '52acb4f790a75cf455f701dd0fcdc027e4898762b8887e0d8304e6694cea50b7'}, 'dob': {'date': '1996-01-06T14:27:17.920Z', 'age': 28}, 'registered': {'date': '2012-12-17T18:10:48.668Z', 'age': 11}, 'phone': '(208)-299-3952', 'cell': '(924)-741-7871', 'id': {'name': '', 'value': None}, 'picture': {'large': 'https://randomuser.me/api/portraits/men/62.jpg', 'medium': 'https://randomuser.me/api/portraits/med/men/62.jpg', 'thumbnail': 'https://randomuser.me/api/portraits/thumb/men/62.jpg'}, 'nat': 'TR'}], 'info': {'seed': '8b6e7a2d3d053ece', 'results': 1, 'page': 1, 'version': '1.4'}}</msg>
<arg>${json_data}</arg>
<doc>Logs the given message with the given level.</doc>
<status status="PASS" start="2024-08-06T09:16:33.692648" elapsed="0.000217"/>
</kw>
<kw name="Dictionary Should Contain Key" owner="Collections">
<arg>${json_data}</arg>
<arg>results</arg>
<doc>Fails if ``key`` is not found from ``dictionary``.</doc>
<status status="PASS" start="2024-08-06T09:16:33.693157" elapsed="0.000166"/>
</kw>
<kw name="Should Not Be Empty" owner="BuiltIn">
<msg time="2024-08-06T09:16:33.693629" level="INFO">Length is 2.</msg>
<arg>${json_data}</arg>
<doc>Verifies that the given item is not empty.</doc>
<status status="PASS" start="2024-08-06T09:16:33.693504" elapsed="0.000162"/>
</kw>
<kw name="Create List" owner="BuiltIn">
<msg time="2024-08-06T09:16:33.694096" level="INFO">${expected_keys} = ['gender', 'name', 'location', 'email', 'login']</msg>
<var>${expected_keys}</var>
<arg>gender</arg>
<arg>name</arg>
<arg>location</arg>
<arg>email</arg>
<arg>login</arg>
<doc>Returns a list containing given items.</doc>
<status status="PASS" start="2024-08-06T09:16:33.693951" elapsed="0.000169"/>
</kw>
<for flavor="IN">
<iter>
<kw name="Dictionary Should Contain Key" owner="Collections">
<arg>${json_data['results'][0]}</arg>
<arg>${key}</arg>
<doc>Fails if ``key`` is not found from ``dictionary``.</doc>
<status status="PASS" start="2024-08-06T09:16:33.694750" elapsed="0.000404"/>
</kw>
<kw name="Log" owner="BuiltIn">
<msg time="2024-08-06T09:16:33.695705" level="INFO">{'gender': 'male', 'name': {'title': 'Mr', 'first': 'Eren', 'last': 'Toraman'}, 'location': {'street': {'number': 515, 'name': 'Fatih Sultan Mehmet Cd'}, 'city': 'Nevşehir', 'state': 'Ankara', 'country': 'Turkey', 'postcode': 60274, 'coordinates': {'latitude': '70.2656', 'longitude': '-19.8449'}, 'timezone': {'offset': '-2:00', 'description': 'Mid-Atlantic'}}, 'email': 'eren.toraman@example.com', 'login': {'uuid': '5c60c918-8cd0-427c-a5d0-ce8940c4ff6f', 'username': 'ticklishbear827', 'password': 'fulham', 'salt': 'IWYaiEXk', 'md5': '258036a5a14f157cc26824c870891dfb', 'sha1': 'd76fb04af5525e4bea394f4272ef48630f07e52a', 'sha256': '52acb4f790a75cf455f701dd0fcdc027e4898762b8887e0d8304e6694cea50b7'}, 'dob': {'date': '1996-01-06T14:27:17.920Z', 'age': 28}, 'registered': {'date': '2012-12-17T18:10:48.668Z', 'age': 11}, 'phone': '(208)-299-3952', 'cell': '(924)-741-7871', 'id': {'name': '', 'value': None}, 'picture': {'large': 'https://randomuser.me/api/portraits/men/62.jpg', 'medium': 'https://randomuser.me/api/portraits/med/men/62.jpg', 'thumbnail': 'https://randomuser.me/api/portraits/thumb/men/62.jpg'}, 'nat': 'TR'}</msg>
<arg>${json_data['results'][0]}</arg>
<doc>Logs the given message with the given level.</doc>
<status status="PASS" start="2024-08-06T09:16:33.695342" elapsed="0.000415"/>
</kw>
<kw name="Log" owner="BuiltIn">
<msg time="2024-08-06T09:16:33.696189" level="INFO">gender</msg>
<arg>${key}</arg>
<doc>Logs the given message with the given level.</doc>
<status status="PASS" start="2024-08-06T09:16:33.696059" elapsed="0.000169"/>
</kw>
<var name="${key}">gender</var>
<status status="PASS" start="2024-08-06T09:16:33.694625" elapsed="0.001819"/>
</iter>
<iter>
<kw name="Dictionary Should Contain Key" owner="Collections">
<arg>${json_data['results'][0]}</arg>
<arg>${key}</arg>
<doc>Fails if ``key`` is not found from ``dictionary``.</doc>
<status status="PASS" start="2024-08-06T09:16:33.696738" elapsed="0.000395"/>
</kw>
<kw name="Log" owner="BuiltIn">
<msg time="2024-08-06T09:16:33.697667" level="INFO">{'gender': 'male', 'name': {'title': 'Mr', 'first': 'Eren', 'last': 'Toraman'}, 'location': {'street': {'number': 515, 'name': 'Fatih Sultan Mehmet Cd'}, 'city': 'Nevşehir', 'state': 'Ankara', 'country': 'Turkey', 'postcode': 60274, 'coordinates': {'latitude': '70.2656', 'longitude': '-19.8449'}, 'timezone': {'offset': '-2:00', 'description': 'Mid-Atlantic'}}, 'email': 'eren.toraman@example.com', 'login': {'uuid': '5c60c918-8cd0-427c-a5d0-ce8940c4ff6f', 'username': 'ticklishbear827', 'password': 'fulham', 'salt': 'IWYaiEXk', 'md5': '258036a5a14f157cc26824c870891dfb', 'sha1': 'd76fb04af5525e4bea394f4272ef48630f07e52a', 'sha256': '52acb4f790a75cf455f701dd0fcdc027e4898762b8887e0d8304e6694cea50b7'}, 'dob': {'date': '1996-01-06T14:27:17.920Z', 'age': 28}, 'registered': {'date': '2012-12-17T18:10:48.668Z', 'age': 11}, 'phone': '(208)-299-3952', 'cell': '(924)-741-7871', 'id': {'name': '', 'value': None}, 'picture': {'large': 'https://randomuser.me/api/portraits/men/62.jpg', 'medium': 'https://randomuser.me/api/portraits/med/men/62.jpg', 'thumbnail': 'https://randomuser.me/api/portraits/thumb/men/62.jpg'}, 'nat': 'TR'}</msg>
<arg>${json_data['results'][0]}</arg>
<doc>Logs the given message with the given level.</doc>
<status status="PASS" start="2024-08-06T09:16:33.697315" elapsed="0.000434"/>
</kw>
<kw name="Log" owner="BuiltIn">
<msg time="2024-08-06T09:16:33.698177" level="INFO">name</msg>
<arg>${key}</arg>
<doc>Logs the given message with the given level.</doc>
<status status="PASS" start="2024-08-06T09:16:33.698050" elapsed="0.000165"/>
</kw>
<var name="${key}">name</var>
<status status="PASS" start="2024-08-06T09:16:33.696627" elapsed="0.001835"/>
</iter>
<iter>
<kw name="Dictionary Should Contain Key" owner="Collections">
<arg>${json_data['results'][0]}</arg>
<arg>${key}</arg>
<doc>Fails if ``key`` is not found from ``dictionary``.</doc>
<status status="PASS" start="2024-08-06T09:16:33.698748" elapsed="0.000387"/>
</kw>
<kw name="Log" owner="BuiltIn">
<msg time="2024-08-06T09:16:33.699671" level="INFO">{'gender': 'male', 'name': {'title': 'Mr', 'first': 'Eren', 'last': 'Toraman'}, 'location': {'street': {'number': 515, 'name': 'Fatih Sultan Mehmet Cd'}, 'city': 'Nevşehir', 'state': 'Ankara', 'country': 'Turkey', 'postcode': 60274, 'coordinates': {'latitude': '70.2656', 'longitude': '-19.8449'}, 'timezone': {'offset': '-2:00', 'description': 'Mid-Atlantic'}}, 'email': 'eren.toraman@example.com', 'login': {'uuid': '5c60c918-8cd0-427c-a5d0-ce8940c4ff6f', 'username': 'ticklishbear827', 'password': 'fulham', 'salt': 'IWYaiEXk', 'md5': '258036a5a14f157cc26824c870891dfb', 'sha1': 'd76fb04af5525e4bea394f4272ef48630f07e52a', 'sha256': '52acb4f790a75cf455f701dd0fcdc027e4898762b8887e0d8304e6694cea50b7'}, 'dob': {'date': '1996-01-06T14:27:17.920Z', 'age': 28}, 'registered': {'date': '2012-12-17T18:10:48.668Z', 'age': 11}, 'phone': '(208)-299-3952', 'cell': '(924)-741-7871', 'id': {'name': '', 'value': None}, 'picture': {'large': 'https://randomuser.me/api/portraits/men/62.jpg', 'medium': 'https://randomuser.me/api/portraits/med/men/62.jpg', 'thumbnail': 'https://randomuser.me/api/portraits/thumb/men/62.jpg'}, 'nat': 'TR'}</msg>
<arg>${json_data['results'][0]}</arg>
<doc>Logs the given message with the given level.</doc>
<status status="PASS" start="2024-08-06T09:16:33.699319" elapsed="0.000403"/>
</kw>
<kw name="Log" owner="BuiltIn">
<msg time="2024-08-06T09:16:33.700157" level="INFO">location</msg>
<arg>${key}</arg>
<doc>Logs the given message with the given level.</doc>
<status status="PASS" start="2024-08-06T09:16:33.700027" elapsed="0.000174"/>
</kw>
<var name="${key}">location</var>
<status status="PASS" start="2024-08-06T09:16:33.698640" elapsed="0.001812"/>
</iter>
<iter>
<kw name="Dictionary Should Contain Key" owner="Collections">
<arg>${json_data['results'][0]}</arg>
<arg>${key}</arg>
<doc>Fails if ``key`` is not found from ``dictionary``.</doc>
<status status="PASS" start="2024-08-06T09:16:33.700730" elapsed="0.000387"/>
</kw>
<kw name="Log" owner="BuiltIn">
<msg time="2024-08-06T09:16:33.701782" level="INFO">{'gender': 'male', 'name': {'title': 'Mr', 'first': 'Eren', 'last': 'Toraman'}, 'location': {'street': {'number': 515, 'name': 'Fatih Sultan Mehmet Cd'}, 'city': 'Nevşehir', 'state': 'Ankara', 'country': 'Turkey', 'postcode': 60274, 'coordinates': {'latitude': '70.2656', 'longitude': '-19.8449'}, 'timezone': {'offset': '-2:00', 'description': 'Mid-Atlantic'}}, 'email': 'eren.toraman@example.com', 'login': {'uuid': '5c60c918-8cd0-427c-a5d0-ce8940c4ff6f', 'username': 'ticklishbear827', 'password': 'fulham', 'salt': 'IWYaiEXk', 'md5': '258036a5a14f157cc26824c870891dfb', 'sha1': 'd76fb04af5525e4bea394f4272ef48630f07e52a', 'sha256': '52acb4f790a75cf455f701dd0fcdc027e4898762b8887e0d8304e6694cea50b7'}, 'dob': {'date': '1996-01-06T14:27:17.920Z', 'age': 28}, 'registered': {'date': '2012-12-17T18:10:48.668Z', 'age': 11}, 'phone': '(208)-299-3952', 'cell': '(924)-741-7871', 'id': {'name': '', 'value': None}, 'picture': {'large': 'https://randomuser.me/api/portraits/men/62.jpg', 'medium': 'https://randomuser.me/api/portraits/med/men/62.jpg', 'thumbnail': 'https://randomuser.me/api/portraits/thumb/men/62.jpg'}, 'nat': 'TR'}</msg>
<arg>${json_data['results'][0]}</arg>
<doc>Logs the given message with the given level.</doc>
<status status="PASS" start="2024-08-06T09:16:33.701420" elapsed="0.000415"/>
</kw>
<kw name="Log" owner="BuiltIn">
<msg time="2024-08-06T09:16:33.702293" level="INFO">email</msg>
<arg>${key}</arg>
<doc>Logs the given message with the given level.</doc>
<status status="PASS" start="2024-08-06T09:16:33.702134" elapsed="0.000202"/>
</kw>
<var name="${key}">email</var>
<status status="PASS" start="2024-08-06T09:16:33.700625" elapsed="0.001935"/>
</iter>
<iter>
<kw name="Dictionary Should Contain Key" owner="Collections">
<arg>${json_data['results'][0]}</arg>
<arg>${key}</arg>
<doc>Fails if ``key`` is not found from ``dictionary``.</doc>
<status status="PASS" start="2024-08-06T09:16:33.702845" elapsed="0.000384"/>
</kw>
<kw name="Log" owner="BuiltIn">
<msg time="2024-08-06T09:16:33.703762" level="INFO">{'gender': 'male', 'name': {'title': 'Mr', 'first': 'Eren', 'last': 'Toraman'}, 'location': {'street': {'number': 515, 'name': 'Fatih Sultan Mehmet Cd'}, 'city': 'Nevşehir', 'state': 'Ankara', 'country': 'Turkey', 'postcode': 60274, 'coordinates': {'latitude': '70.2656', 'longitude': '-19.8449'}, 'timezone': {'offset': '-2:00', 'description': 'Mid-Atlantic'}}, 'email': 'eren.toraman@example.com', 'login': {'uuid': '5c60c918-8cd0-427c-a5d0-ce8940c4ff6f', 'username': 'ticklishbear827', 'password': 'fulham', 'salt': 'IWYaiEXk', 'md5': '258036a5a14f157cc26824c870891dfb', 'sha1': 'd76fb04af5525e4bea394f4272ef48630f07e52a', 'sha256': '52acb4f790a75cf455f701dd0fcdc027e4898762b8887e0d8304e6694cea50b7'}, 'dob': {'date': '1996-01-06T14:27:17.920Z', 'age': 28}, 'registered': {'date': '2012-12-17T18:10:48.668Z', 'age': 11}, 'phone': '(208)-299-3952', 'cell': '(924)-741-7871', 'id': {'name': '', 'value': None}, 'picture': {'large': 'https://randomuser.me/api/portraits/men/62.jpg', 'medium': 'https://randomuser.me/api/portraits/med/men/62.jpg', 'thumbnail': 'https://randomuser.me/api/portraits/thumb/men/62.jpg'}, 'nat': 'TR'}</msg>
<arg>${json_data['results'][0]}</arg>
<doc>Logs the given message with the given level.</doc>
<status status="PASS" start="2024-08-06T09:16:33.703410" elapsed="0.000403"/>
</kw>
<kw name="Log" owner="BuiltIn">
<msg time="2024-08-06T09:16:33.704234" level="INFO">login</msg>
<arg>${key}</arg>
<doc>Logs the given message with the given level.</doc>
<status status="PASS" start="2024-08-06T09:16:33.704106" elapsed="0.000166"/>
</kw>
<var name="${key}">login</var>
<status status="PASS" start="2024-08-06T09:16:33.702737" elapsed="0.001751"/>
</iter>
<var>${key}</var>
<value>@{expected_keys}</value>
<status status="PASS" start="2024-08-06T09:16:33.694420" elapsed="0.010190"/>
</for>
<kw name="Create List" owner="BuiltIn">
<msg time="2024-08-06T09:16:33.704933" level="INFO">${expected_keysTwo} = ['username', 'password']</msg>
<var>${expected_keysTwo}</var>
<arg>username</arg>
<arg>password</arg>
<doc>Returns a list containing given items.</doc>
<status status="PASS" start="2024-08-06T09:16:33.704798" elapsed="0.000159"/>
</kw>
<for flavor="IN">
<iter>
<kw name="Dictionary Should Contain Key" owner="Collections">
<arg>${json_data['results'][0]['login']}</arg>
<arg>${keyTwo}</arg>
<doc>Fails if ``key`` is not found from ``dictionary``.</doc>
<status status="PASS" start="2024-08-06T09:16:33.705481" elapsed="0.000381"/>
</kw>
<kw name="Dictionary Should Contain Key" owner="Collections">
<arg>${json_data['results'][0]['login']}</arg>
<arg>${keyTwo}</arg>
<doc>Fails if ``key`` is not found from ``dictionary``.</doc>
<status status="PASS" start="2024-08-06T09:16:33.706043" elapsed="0.000417"/>
</kw>
<kw name="Log" owner="BuiltIn">
<msg time="2024-08-06T09:16:33.706761" level="INFO">username</msg>
<arg>${keyTwo}</arg>
<doc>Logs the given message with the given level.</doc>
<status status="PASS" start="2024-08-06T09:16:33.706639" elapsed="0.000161"/>
</kw>
<var name="${keyTwo}">username</var>
<status status="PASS" start="2024-08-06T09:16:33.705375" elapsed="0.001644"/>
</iter>
<iter>
<kw name="Dictionary Should Contain Key" owner="Collections">
<arg>${json_data['results'][0]['login']}</arg>
<arg>${keyTwo}</arg>
<doc>Fails if ``key`` is not found from ``dictionary``.</doc>
<status status="PASS" start="2024-08-06T09:16:33.707295" elapsed="0.000385"/>
</kw>
<kw name="Dictionary Should Contain Key" owner="Collections">
<arg>${json_data['results'][0]['login']}</arg>
<arg>${keyTwo}</arg>
<doc>Fails if ``key`` is not found from ``dictionary``.</doc>
<status status="PASS" start="2024-08-06T09:16:33.707858" elapsed="0.000373"/>
</kw>
<kw name="Log" owner="BuiltIn">
<msg time="2024-08-06T09:16:33.708527" level="INFO">password</msg>
<arg>${keyTwo}</arg>
<doc>Logs the given message with the given level.</doc>
<status status="PASS" start="2024-08-06T09:16:33.708408" elapsed="0.000156"/>
</kw>
<var name="${keyTwo}">password</var>
<status status="PASS" start="2024-08-06T09:16:33.707190" elapsed="0.001594"/>
</iter>
<var>${keyTwo}</var>
<value>@{expected_keysTwo}</value>
<status status="PASS" start="2024-08-06T09:16:33.705221" elapsed="0.003685"/>
</for>
<status status="PASS" start="2024-08-06T09:16:33.593353" elapsed="0.115696"/>
</kw>
<doc>Testa a estrutura da resposta da API.</doc>
<tag>testeEstruturaResposta</tag>
<status status="PASS" start="2024-08-06T09:16:33.592745" elapsed="0.116465"/>
</test>
<test id="s1-s1-t4" name="Validar tipos de dados" line="28">
<kw name="Teste de Tipos de Dados" owner="random-user-service">
<kw name="GET On Session" owner="RequestsLibrary">
<msg time="2024-08-06T09:16:33.806079" level="INFO">GET Request : url=https://randomuser.me/api 
 path_url=/api 
 headers={'User-Agent': 'python-requests/2.32.3', 'Accept-Encoding': 'gzip, deflate', 'Accept': '*/*', 'Connection': 'keep-alive'} 
 body=None 
 </msg>
<msg time="2024-08-06T09:16:33.806182" level="INFO">GET Response : url=https://randomuser.me/api 
 status=200, reason=OK 
 headers={'Date': 'Tue, 06 Aug 2024 09:16:33 GMT', 'Content-Type': 'application/json; charset=utf-8', 'Transfer-Encoding': 'chunked', 'Connection': 'keep-alive', 'X-Powered-By': 'Express', 'Access-Control-Allow-Origin': '*', 'Cache-Control': 'no-cache', 'ETag': 'W/"47d-KNpxQ8o/HpFidjRylVVuAbybm3A"', 'Vary': 'Accept-Encoding', 'Content-Encoding': 'gzip', 'CF-Cache-Status': 'DYNAMIC', 'Report-To': '{"endpoints":[{"url":"https:\\/\\/a.nel.cloudflare.com\\/report\\/v4?s=%2FEYxwFSqvttYXEQ3mpCzCRr7nPseWs1qjXDUjzecq4uA8hbPCo5xYzJw09QA2nQDBpa6thfDomAKDpXQ4OUqj4aBzQa47lEXafo3y9xlL9XqC8nN6fQ2YVPY9BUAXn1F"}],"group":"cf-nel","max_age":604800}', 'NEL': '{"success_fraction":0,"report_to":"cf-nel","max_age":604800}', 'Server': 'cloudflare', 'CF-RAY': '8aededc6cdd66446-SJC', 'alt-svc': 'h3=":443"; ma=86400'} 
 body={"results":[{"gender":"female","name":{"title":"Miss","first":"Nina","last":"Radojičić"},"location":{"street":{"number":5396,"name":"Nebojše Džukelića"},"city":"Mitrovica","state":"Kosovo","country":"Serbia","postcode":93795,"coordinates":{"latitude":"63.6209","longitude":"136.5605"},"timezone":{"offset":"-2:00","description":"Mid-Atlantic"}},"email":"nina.radojicic@example.com","login":{"uuid":"a9468983-ea2d-4767-848a-21ac10698be8","username":"redcat193","password":"labia","salt":"NhZDzEGr","md5":"c3159d9a615396c8fc50b23bb9f334f4","sha1":"874dd21ed3a6ac0d4e7a13992dd33d96a4e27665","sha256":"cac3ae6e769151fc8eb09b78f9f98915e222e5d3ba7e65d0315dd797e9deac13"},"dob":{"date":"1982-02-27T03:41:47.785Z","age":42},"registered":{"date":"2018-04-15T03:24:37.759Z","age":6},"phone":"014-6578-537","cell":"060-4195-839","id":{"name":"SID","value":"849302693"},"picture":{"large":"https://randomuser.me/api/portraits/women/7.jpg","medium":"https://randomuser.me/api/portraits/med/women/7.jpg","thumbnail":"https://randomuser.me/api/portraits/thumb/women/7.jpg"},"nat":"RS"}],"info":{"seed":"f6a4a46412ab5e37","results":1,"page":1,"version":"1.4"}} 
 </msg>
<msg time="2024-08-06T09:16:33.806283" level="INFO">/opt/hostedtoolcache/Python/3.12.4/x64/lib/python3.12/site-packages/urllib3/connectionpool.py:1099: InsecureRequestWarning: Unverified HTTPS request is being made to host 'randomuser.me'. Adding certificate verification is strongly advised. See: https://urllib3.readthedocs.io/en/latest/advanced-usage.html#tls-warnings
  warnings.warn(</msg>
<msg time="2024-08-06T09:16:33.806433" level="INFO">${response} = &lt;Response [200]&gt;</msg>
<var>${response}</var>
<arg>consultarAPI</arg>
<arg>/api</arg>
<doc>Sends a GET request on a previously created HTTP Session.</doc>
<status status="PASS" start="2024-08-06T09:16:33.711793" elapsed="0.094726"/>
</kw>
<kw name="Set Variable" owner="BuiltIn">
<msg time="2024-08-06T09:16:33.807917" level="INFO">${json_data} = {'results': [{'gender': 'female', 'name': {'title': 'Miss', 'first': 'Nina', 'last': 'Radojičić'}, 'location': {'street': {'number': 5396, 'name': 'Nebojše Džukelića'}, 'city': 'Mitrovica', 'state': '...</msg>
<var>${json_data}</var>
<arg>${response.json()}</arg>
<doc>Returns the given values which can then be assigned to a variables.</doc>
<status status="PASS" start="2024-08-06T09:16:33.807171" elapsed="0.000787"/>
</kw>
<kw name="Log" owner="BuiltIn">
<msg time="2024-08-06T09:16:33.808582" level="INFO">{'results': [{'gender': 'female', 'name': {'title': 'Miss', 'first': 'Nina', 'last': 'Radojičić'}, 'location': {'street': {'number': 5396, 'name': 'Nebojše Džukelića'}, 'city': 'Mitrovica', 'state': 'Kosovo', 'country': 'Serbia', 'postcode': 93795, 'coordinates': {'latitude': '63.6209', 'longitude': '136.5605'}, 'timezone': {'offset': '-2:00', 'description': 'Mid-Atlantic'}}, 'email': 'nina.radojicic@example.com', 'login': {'uuid': 'a9468983-ea2d-4767-848a-21ac10698be8', 'username': 'redcat193', 'password': 'labia', 'salt': 'NhZDzEGr', 'md5': 'c3159d9a615396c8fc50b23bb9f334f4', 'sha1': '874dd21ed3a6ac0d4e7a13992dd33d96a4e27665', 'sha256': 'cac3ae6e769151fc8eb09b78f9f98915e222e5d3ba7e65d0315dd797e9deac13'}, 'dob': {'date': '1982-02-27T03:41:47.785Z', 'age': 42}, 'registered': {'date': '2018-04-15T03:24:37.759Z', 'age': 6}, 'phone': '014-6578-537', 'cell': '060-4195-839', 'id': {'name': 'SID', 'value': '849302693'}, 'picture': {'large': 'https://randomuser.me/api/portraits/women/7.jpg', 'medium': 'https://randomuser.me/api/portraits/med/women/7.jpg', 'thumbnail': 'https://randomuser.me/api/portraits/thumb/women/7.jpg'}, 'nat': 'RS'}], 'info': {'seed': 'f6a4a46412ab5e37', 'results': 1, 'page': 1, 'version': '1.4'}}</msg>
<arg>${json_data}</arg>
<doc>Logs the given message with the given level.</doc>
<status status="PASS" start="2024-08-06T09:16:33.808383" elapsed="0.000255"/>
</kw>
<kw name="Should Be String" owner="String">
<arg>${json_data['results'][0]['gender']}</arg>
<doc>Fails if the given ``item`` is not a string.</doc>
<status status="PASS" start="2024-08-06T09:16:33.808983" elapsed="0.000404"/>
</kw>
<kw name="Should Match Regexp" owner="BuiltIn">
<arg>${json_data['results'][0]['email']}</arg>
<arg>^[a-zA-Z0-9._%+-]+@[a-zA-Z0-9.-]+\.[a-zA-Z]{2,}$</arg>
<doc>Fails if ``string`` does not match ``pattern`` as a regular expression.</doc>
<status status="PASS" start="2024-08-06T09:16:33.809624" elapsed="0.000568"/>
</kw>
<kw name="Should Match Regexp" owner="BuiltIn">
<arg>${json_data['results'][0]['dob']['date']}</arg>
<arg>\\d{4}-\\d{2}-\\d{2}T\\d{2}:\\d{2}:\\d{2}\\.\\d{3}Z</arg>
<doc>Fails if ``string`` does not match ``pattern`` as a regular expression.</doc>
<status status="PASS" start="2024-08-06T09:16:33.810471" elapsed="0.000678"/>
</kw>
<kw name="Should Match Regexp" owner="BuiltIn">
<arg>${json_data['results'][0]['registered']['date']}</arg>
<arg>\\d{4}-\\d{2}-\\d{2}T\\d{2}:\\d{2}:\\d{2}\\.\\d{3}Z</arg>
<doc>Fails if ``string`` does not match ``pattern`` as a regular expression.</doc>
<status status="PASS" start="2024-08-06T09:16:33.811369" elapsed="0.000390"/>
</kw>
<kw name="Should Match Regexp" owner="BuiltIn">
<arg>${json_data['results'][0]['picture']['large']}</arg>
<arg>^https?://.*\.(?:png|jpe?g|gif|bmp)$</arg>
<doc>Fails if ``string`` does not match ``pattern`` as a regular expression.</doc>
<status status="PASS" start="2024-08-06T09:16:33.811950" elapsed="0.000467"/>
</kw>
<kw name="Should Match Regexp" owner="BuiltIn">
<arg>${json_data['results'][0]['picture']['medium']}</arg>
<arg>^https?://.*\.(?:png|jpe?g|gif|bmp)$</arg>
<doc>Fails if ``string`` does not match ``pattern`` as a regular expression.</doc>
<status status="PASS" start="2024-08-06T09:16:33.812608" elapsed="0.000406"/>
</kw>
<kw name="Should Match Regexp" owner="BuiltIn">
<arg>${json_data['results'][0]['picture']['thumbnail']}</arg>
<arg>^https?://.*\.(?:png|jpe?g|gif|bmp)$</arg>
<doc>Fails if ``string`` does not match ``pattern`` as a regular expression.</doc>
<status status="PASS" start="2024-08-06T09:16:33.813201" elapsed="0.000370"/>
</kw>
<kw name="Log" owner="BuiltIn">
<msg time="2024-08-06T09:16:33.814102" level="INFO">{'large': 'https://randomuser.me/api/portraits/women/7.jpg', 'medium': 'https://randomuser.me/api/portraits/med/women/7.jpg', 'thumbnail': 'https://randomuser.me/api/portraits/thumb/women/7.jpg'}</msg>
<arg>${json_data['results'][0]['picture']}</arg>
<doc>Logs the given message with the given level.</doc>
<status status="PASS" start="2024-08-06T09:16:33.813768" elapsed="0.000377"/>
</kw>
<status status="PASS" start="2024-08-06T09:16:33.711565" elapsed="0.102872"/>
</kw>
<kw name="Teste de Tipos de Dados - Postcode" owner="random-user-service">
<kw name="GET On Session" owner="RequestsLibrary">
<msg time="2024-08-06T09:16:33.900166" level="INFO">GET Request : url=https://randomuser.me/api 
 path_url=/api 
 headers={'User-Agent': 'python-requests/2.32.3', 'Accept-Encoding': 'gzip, deflate', 'Accept': '*/*', 'Connection': 'keep-alive'} 
 body=None 
 </msg>
<msg time="2024-08-06T09:16:33.900259" level="INFO">GET Response : url=https://randomuser.me/api 
 status=200, reason=OK 
 headers={'Date': 'Tue, 06 Aug 2024 09:16:33 GMT', 'Content-Type': 'application/json; charset=utf-8', 'Transfer-Encoding': 'chunked', 'Connection': 'keep-alive', 'X-Powered-By': 'Express', 'Access-Control-Allow-Origin': '*', 'Cache-Control': 'no-cache', 'ETag': 'W/"492-y57f37cbe8zf8C53WWm4SfkXHuQ"', 'Vary': 'Accept-Encoding', 'Content-Encoding': 'gzip', 'CF-Cache-Status': 'DYNAMIC', 'Report-To': '{"endpoints":[{"url":"https:\\/\\/a.nel.cloudflare.com\\/report\\/v4?s=Tr0TnhxnsMnqKQVovLvTp9xCAt0xrEDurqFHQhuYk0R4eb2J3cA9aA9oQbzMYTxQSXvZ%2BEJNC7vua0EfNfSt%2BICb2laduihWNkGBp%2BzQaUUOl8oT5o63QJ9VwQiVxHSp"}],"group":"cf-nel","max_age":604800}', 'NEL': '{"success_fraction":0,"report_to":"cf-nel","max_age":604800}', 'Server': 'cloudflare', 'CF-RAY': '8aededc76e566446-SJC', 'alt-svc': 'h3=":443"; ma=86400'} 
 body={"results":[{"gender":"female","name":{"title":"Ms","first":"Vanesa","last":"Arias"},"location":{"street":{"number":3072,"name":"Calle de Bravo Murillo"},"city":"Torrejón de Ardoz","state":"Asturias","country":"Spain","postcode":20028,"coordinates":{"latitude":"-32.2563","longitude":"154.0532"},"timezone":{"offset":"-12:00","description":"Eniwetok, Kwajalein"}},"email":"vanesa.arias@example.com","login":{"uuid":"f0b046d1-141e-4754-8566-85b71bc652ee","username":"happyleopard401","password":"gogo","salt":"se4Etpcv","md5":"1527485d569be8474b7aa18bbcd4d6e7","sha1":"9987db002d0e61536b13df3b1aafa2a0f9dd716b","sha256":"451ce77dbc409abfb0d61f04f3d286beca40af87aecc8e90074cde7cfd9d93d4"},"dob":{"date":"1983-10-27T21:42:08.292Z","age":40},"registered":{"date":"2012-04-17T01:35:01.361Z","age":12},"phone":"977-431-897","cell":"691-131-246","id":{"name":"DNI","value":"63335233-P"},"picture":{"large":"https://randomuser.me/api/portraits/women/10.jpg","medium":"https://randomuser.me/api/portraits/med/women/10.jpg","thumbnail":"https://randomuser.me/api/portraits/thumb/women/10.jpg"},"nat":"ES"}],"info":{"seed":"c46369e7b91831bb","results":1,"page":1,"version":"1.4"}} 
 </msg>
<msg time="2024-08-06T09:16:33.900327" level="INFO">/opt/hostedtoolcache/Python/3.12.4/x64/lib/python3.12/site-packages/urllib3/connectionpool.py:1099: InsecureRequestWarning: Unverified HTTPS request is being made to host 'randomuser.me'. Adding certificate verification is strongly advised. See: https://urllib3.readthedocs.io/en/latest/advanced-usage.html#tls-warnings
  warnings.warn(</msg>
<msg time="2024-08-06T09:16:33.900456" level="INFO">${response} = &lt;Response [200]&gt;</msg>
<var>${response}</var>
<arg>consultarAPI</arg>
<arg>/api</arg>
<doc>Sends a GET request on a previously created HTTP Session.</doc>
<status status="PASS" start="2024-08-06T09:16:33.814898" elapsed="0.085597"/>
</kw>
<kw name="Set Variable" owner="BuiltIn">
<msg time="2024-08-06T09:16:33.901628" level="INFO">${json_data} = {'results': [{'gender': 'female', 'name': {'title': 'Ms', 'first': 'Vanesa', 'last': 'Arias'}, 'location': {'street': {'number': 3072, 'name': 'Calle de Bravo Murillo'}, 'city': 'Torrejón de Ardoz', '...</msg>
<var>${json_data}</var>
<arg>${response.json()}</arg>
<doc>Returns the given values which can then be assigned to a variables.</doc>
<status status="PASS" start="2024-08-06T09:16:33.901079" elapsed="0.000579"/>
</kw>
<kw name="Log" owner="BuiltIn">
<msg time="2024-08-06T09:16:33.902124" level="INFO">{'results': [{'gender': 'female', 'name': {'title': 'Ms', 'first': 'Vanesa', 'last': 'Arias'}, 'location': {'street': {'number': 3072, 'name': 'Calle de Bravo Murillo'}, 'city': 'Torrejón de Ardoz', 'state': 'Asturias', 'country': 'Spain', 'postcode': 20028, 'coordinates': {'latitude': '-32.2563', 'longitude': '154.0532'}, 'timezone': {'offset': '-12:00', 'description': 'Eniwetok, Kwajalein'}}, 'email': 'vanesa.arias@example.com', 'login': {'uuid': 'f0b046d1-141e-4754-8566-85b71bc652ee', 'username': 'happyleopard401', 'password': 'gogo', 'salt': 'se4Etpcv', 'md5': '1527485d569be8474b7aa18bbcd4d6e7', 'sha1': '9987db002d0e61536b13df3b1aafa2a0f9dd716b', 'sha256': '451ce77dbc409abfb0d61f04f3d286beca40af87aecc8e90074cde7cfd9d93d4'}, 'dob': {'date': '1983-10-27T21:42:08.292Z', 'age': 40}, 'registered': {'date': '2012-04-17T01:35:01.361Z', 'age': 12}, 'phone': '977-431-897', 'cell': '691-131-246', 'id': {'name': 'DNI', 'value': '63335233-P'}, 'picture': {'large': 'https://randomuser.me/api/portraits/women/10.jpg', 'medium': 'https://randomuser.me/api/portraits/med/women/10.jpg', 'thumbnail': 'https://randomuser.me/api/portraits/thumb/women/10.jpg'}, 'nat': 'ES'}], 'info': {'seed': 'c46369e7b91831bb', 'results': 1, 'page': 1, 'version': '1.4'}}</msg>
<arg>${json_data}</arg>
<doc>Logs the given message with the given level.</doc>
<status status="PASS" start="2024-08-06T09:16:33.901960" elapsed="0.000214"/>
</kw>
<kw name="Should Be Equal As Numbers" owner="BuiltIn">
<arg>${json_data['results'][0]['location']['postcode']}</arg>
<arg>${json_data['results'][0]['location']['postcode']}</arg>
<doc>Fails if objects are unequal after converting them to real numbers.</doc>
<status status="PASS" start="2024-08-06T09:16:33.902515" elapsed="0.000628"/>
</kw>
<kw name="Log" owner="BuiltIn">
<msg time="2024-08-06T09:16:33.903681" level="INFO">20028</msg>
<arg>${json_data['results'][0]['location']['postcode']}</arg>
<doc>Logs the given message with the given level.</doc>
<status status="PASS" start="2024-08-06T09:16:33.903330" elapsed="0.000391"/>
</kw>
<status status="PASS" start="2024-08-06T09:16:33.814669" elapsed="0.089310"/>
</kw>
<doc>Testa se os tipos de dados na resposta da API estão corretos.</doc>
<tag>testeTiposDados</tag>
<status status="PASS" start="2024-08-06T09:16:33.711002" elapsed="0.193191"/>
</test>
<test id="s1-s1-t5" name="Validar conteudo" line="35">
<kw name="Teste de Tipos de Conteudo" owner="random-user-service">
<kw name="GET On Session" owner="RequestsLibrary">
<msg time="2024-08-06T09:16:33.998088" level="INFO">GET Request : url=https://randomuser.me/api 
 path_url=/api 
 headers={'User-Agent': 'python-requests/2.32.3', 'Accept-Encoding': 'gzip, deflate', 'Accept': '*/*', 'Connection': 'keep-alive'} 
 body=None 
 </msg>
<msg time="2024-08-06T09:16:33.998201" level="INFO">GET Response : url=https://randomuser.me/api 
 status=200, reason=OK 
 headers={'Date': 'Tue, 06 Aug 2024 09:16:34 GMT', 'Content-Type': 'application/json; charset=utf-8', 'Transfer-Encoding': 'chunked', 'Connection': 'keep-alive', 'X-Powered-By': 'Express', 'Access-Control-Allow-Origin': '*', 'Cache-Control': 'no-cache', 'ETag': 'W/"49f-W3n7OeYYLbvxAmaRx1OH9YVVwN4"', 'Vary': 'Accept-Encoding', 'Content-Encoding': 'gzip', 'CF-Cache-Status': 'DYNAMIC', 'Report-To': '{"endpoints":[{"url":"https:\\/\\/a.nel.cloudflare.com\\/report\\/v4?s=c%2BkSNwB%2FuPTZo6ZZTs5qBoi2s0cHO4utdUUl4xGHXHRwApNmTxNgAng82Z7yEu8Aqnb%2BcMBzYdRXLxHRbZtdy%2B09u%2F5YcAU2551sJXe76ICfa5RmosrUNx4UsbkyaSZ9"}],"group":"cf-nel","max_age":604800}', 'NEL': '{"success_fraction":0,"report_to":"cf-nel","max_age":604800}', 'Server': 'cloudflare', 'CF-RAY': '8aededc7fed16446-SJC', 'alt-svc': 'h3=":443"; ma=86400'} 
 body={"results":[{"gender":"female","name":{"title":"Ms","first":"Hannah","last":"Clark"},"location":{"street":{"number":9428,"name":"Tecumseh Rd"},"city":"Aylmer","state":"Northwest Territories","country":"Canada","postcode":"U6M 9V9","coordinates":{"latitude":"-64.5990","longitude":"121.7977"},"timezone":{"offset":"+9:00","description":"Tokyo, Seoul, Osaka, Sapporo, Yakutsk"}},"email":"hannah.clark@example.com","login":{"uuid":"83edfe07-0025-43c7-9b3c-1803ac578bb5","username":"silverbird563","password":"catcat","salt":"ahwoWEfQ","md5":"b3c061574de37373a774c6e9967f724f","sha1":"4fd2cd3d5c8800f296b266edcd7d6083c438ebb4","sha256":"941345a40ee6b459acac440797095f902123c8a5240fed679be2e0c6284a81ea"},"dob":{"date":"1946-10-08T10:18:26.721Z","age":77},"registered":{"date":"2007-01-21T16:53:39.919Z","age":17},"phone":"U34 O77-3475","cell":"Z38 H28-1020","id":{"name":"SIN","value":"532708823"},"picture":{"large":"https://randomuser.me/api/portraits/women/66.jpg","medium":"https://randomuser.me/api/portraits/med/women/66.jpg","thumbnail":"https://randomuser.me/api/portraits/thumb/women/66.jpg"},"nat":"CA"}],"info":{"seed":"da89fe613d6298d8","results":1,"page":1,"version":"1.4"}} 
 </msg>
<msg time="2024-08-06T09:16:33.998315" level="INFO">/opt/hostedtoolcache/Python/3.12.4/x64/lib/python3.12/site-packages/urllib3/connectionpool.py:1099: InsecureRequestWarning: Unverified HTTPS request is being made to host 'randomuser.me'. Adding certificate verification is strongly advised. See: https://urllib3.readthedocs.io/en/latest/advanced-usage.html#tls-warnings
  warnings.warn(</msg>
<msg time="2024-08-06T09:16:33.998441" level="INFO">${response} = &lt;Response [200]&gt;</msg>
<var>${response}</var>
<arg>consultarAPI</arg>
<arg>/api</arg>
<doc>Sends a GET request on a previously created HTTP Session.</doc>
<status status="PASS" start="2024-08-06T09:16:33.906713" elapsed="0.091763"/>
</kw>
<kw name="Set Variable" owner="BuiltIn">
<msg time="2024-08-06T09:16:33.999541" level="INFO">${json_data} = {'results': [{'gender': 'female', 'name': {'title': 'Ms', 'first': 'Hannah', 'last': 'Clark'}, 'location': {'street': {'number': 9428, 'name': 'Tecumseh Rd'}, 'city': 'Aylmer', 'state': 'Northwest Ter...</msg>
<var>${json_data}</var>
<arg>${response.json()}</arg>
<doc>Returns the given values which can then be assigned to a variables.</doc>
<status status="PASS" start="2024-08-06T09:16:33.999005" elapsed="0.000567"/>
</kw>
<kw name="Set Variable" owner="BuiltIn">
<msg time="2024-08-06T09:16:34.000263" level="INFO">${name_title} = Ms</msg>
<var>${name_title}</var>
<arg>${json_data["results"][0]["name"]["title"]}</arg>
<doc>Returns the given values which can then be assigned to a variables.</doc>
<status status="PASS" start="2024-08-06T09:16:33.999877" elapsed="0.000412"/>
</kw>
<kw name="Create List" owner="BuiltIn">
<msg time="2024-08-06T09:16:34.000743" level="INFO">${allowed_titles} = ['Mr', 'Ms', 'Miss', 'Mrs', 'Madame', 'Monsieur']</msg>
<var>${allowed_titles}</var>
<arg>Mr</arg>
<arg>Ms</arg>
<arg>Miss</arg>
<arg>Mrs</arg>
<arg>Madame</arg>
<arg>Monsieur</arg>
<doc>Returns a list containing given items.</doc>
<status status="PASS" start="2024-08-06T09:16:34.000589" elapsed="0.000178"/>
</kw>
<kw name="List Should Contain Value" owner="Collections">
<arg>${allowed_titles}</arg>
<arg>${name_title}</arg>
<doc>Fails if the ``value`` is not found from ``list``.</doc>
<status status="PASS" start="2024-08-06T09:16:34.001068" elapsed="0.000189"/>
</kw>
<kw name="Set Variable" owner="BuiltIn">
<msg time="2024-08-06T09:16:34.001813" level="INFO">${name_country} = CA</msg>
<var>${name_country}</var>
<arg>${json_data["results"][0]["nat"]}</arg>
<doc>Returns the given values which can then be assigned to a variables.</doc>
<status status="PASS" start="2024-08-06T09:16:34.001439" elapsed="0.000398"/>
</kw>
<kw name="Create List" owner="BuiltIn">
<msg time="2024-08-06T09:16:34.002767" level="INFO">${list_country} = ['AD', 'AE', 'AF', 'AG', 'AI', 'AL', 'AM', 'AO', 'AQ', 'AR', 'AS', 'AT', 'AU', 'AW', 'AX', 'AZ', 'BA', 'BB', 'BD', 'BE', 'BF', 'BG', 'BH', 'BI', 'BJ', 'BL', 'BM', 'BN', 'BO', 'BQ', 'BR', 'BS', 'BT', '...</msg>
<var>${list_country}</var>
<arg>AD</arg>
<arg>AE</arg>
<arg>AF</arg>
<arg>AG</arg>
<arg>AI</arg>
<arg>AL</arg>
<arg>AM</arg>
<arg>AO</arg>
<arg>AQ</arg>
<arg>AR</arg>
<arg>AS</arg>
<arg>AT</arg>
<arg>AU</arg>
<arg>AW</arg>
<arg>AX</arg>
<arg>AZ</arg>
<arg>BA</arg>
<arg>BB</arg>
<arg>BD</arg>
<arg>BE</arg>
<arg>BF</arg>
<arg>BG</arg>
<arg>BH</arg>
<arg>BI</arg>
<arg>BJ</arg>
<arg>BL</arg>
<arg>BM</arg>
<arg>BN</arg>
<arg>BO</arg>
<arg>BQ</arg>
<arg>BR</arg>
<arg>BS</arg>
<arg>BT</arg>
<arg>BV</arg>
<arg>BW</arg>
<arg>BY</arg>
<arg>BZ</arg>
<arg>CA</arg>
<arg>CC</arg>
<arg>CD</arg>
<arg>CF</arg>
<arg>CG</arg>
<arg>CH</arg>
<arg>CI</arg>
<arg>CK</arg>
<arg>CL</arg>
<arg>CM</arg>
<arg>CN</arg>
<arg>CO</arg>
<arg>CR</arg>
<arg>CU</arg>
<arg>CV</arg>
<arg>CW</arg>
<arg>CX</arg>
<arg>CY</arg>
<arg>CZ</arg>
<arg>DE</arg>
<arg>DJ</arg>
<arg>DK</arg>
<arg>DM</arg>
<arg>DO</arg>
<arg>DZ</arg>
<arg>EC</arg>
<arg>EE</arg>
<arg>EG</arg>
<arg>EH</arg>
<arg>ER</arg>
<arg>ES</arg>
<arg>ET</arg>
<arg>FI</arg>
<arg>FJ</arg>
<arg>FK</arg>
<arg>FM</arg>
<arg>FO</arg>
<arg>FR</arg>
<arg>GA</arg>
<arg>GB</arg>
<arg>GD</arg>
<arg>GE</arg>
<arg>GF</arg>
<arg>GG</arg>
<arg>GH</arg>
<arg>GI</arg>
<arg>GL</arg>
<arg>GM</arg>
<arg>GN</arg>
<arg>GP</arg>
<arg>GQ</arg>
<arg>GR</arg>
<arg>GS</arg>
<arg>GT</arg>
<arg>GU</arg>
<arg>GW</arg>
<arg>GY</arg>
<arg>HK</arg>
<arg>HM</arg>
<arg>HN</arg>
<arg>HR</arg>
<arg>HT</arg>
<arg>HU</arg>
<arg>ID</arg>
<arg>IE</arg>
<arg>IL</arg>
<arg>IM</arg>
<arg>IN</arg>
<arg>IO</arg>
<arg>IQ</arg>
<arg>IR</arg>
<arg>IS</arg>
<arg>IT</arg>
<arg>JE</arg>
<arg>JM</arg>
<arg>JO</arg>
<arg>JP</arg>
<arg>KE</arg>
<arg>KG</arg>
<arg>KH</arg>
<arg>KI</arg>
<arg>KM</arg>
<arg>KN</arg>
<arg>KP</arg>
<arg>KR</arg>
<arg>KW</arg>
<arg>KY</arg>
<arg>KZ</arg>
<arg>LA</arg>
<arg>LB</arg>
<arg>LC</arg>
<arg>LI</arg>
<arg>LK</arg>
<arg>LR</arg>
<arg>LS</arg>
<arg>LT</arg>
<arg>LU</arg>
<arg>LV</arg>
<arg>LY</arg>
<arg>MA</arg>
<arg>MC</arg>
<arg>MD</arg>
<arg>ME</arg>
<arg>MF</arg>
<arg>MG</arg>
<arg>MH</arg>
<arg>MK</arg>
<arg>ML</arg>
<arg>MM</arg>
<arg>MN</arg>
<arg>MO</arg>
<arg>MP</arg>
<arg>MQ</arg>
<arg>MR</arg>
<arg>MS</arg>
<arg>MT</arg>
<arg>MU</arg>
<arg>MV</arg>
<arg>MW</arg>
<arg>MX</arg>
<arg>MY</arg>
<arg>MZ</arg>
<arg>NA</arg>
<arg>NC</arg>
<arg>NE</arg>
<arg>NF</arg>
<arg>NG</arg>
<arg>NI</arg>
<arg>NL</arg>
<arg>NO</arg>
<arg>NP</arg>
<arg>NR</arg>
<arg>NU</arg>
<arg>NZ</arg>
<arg>OM</arg>
<arg>PA</arg>
<arg>PE</arg>
<arg>PF</arg>
<arg>PG</arg>
<arg>PH</arg>
<arg>PK</arg>
<arg>PL</arg>
<arg>PM</arg>
<arg>PN</arg>
<arg>PR</arg>
<arg>PS</arg>
<arg>PT</arg>
<arg>PW</arg>
<arg>PY</arg>
<arg>QA</arg>
<arg>RE</arg>
<arg>RO</arg>
<arg>RS</arg>
<arg>RU</arg>
<arg>RW</arg>
<arg>SA</arg>
<arg>SB</arg>
<arg>SC</arg>
<arg>SD</arg>
<arg>SE</arg>
<arg>SG</arg>
<arg>SH</arg>
<arg>SI</arg>
<arg>SJ</arg>
<arg>SK</arg>
<arg>SL</arg>
<arg>SM</arg>
<arg>SN</arg>
<arg>SO</arg>
<arg>SR</arg>
<arg>SS</arg>
<arg>ST</arg>
<arg>SV</arg>
<arg>SX</arg>
<arg>SY</arg>
<arg>SZ</arg>
<arg>TC</arg>
<arg>TD</arg>
<arg>TF</arg>
<arg>TG</arg>
<arg>TH</arg>
<arg>TJ</arg>
<arg>TK</arg>
<arg>TL</arg>
<arg>TM</arg>
<arg>TN</arg>
<arg>TO</arg>
<arg>TR</arg>
<arg>TT</arg>
<arg>TV</arg>
<arg>TW</arg>
<arg>TZ</arg>
<arg>UA</arg>
<arg>UG</arg>
<arg>UM</arg>
<arg>US</arg>
<arg>UY</arg>
<arg>UZ</arg>
<arg>VA</arg>
<arg>VC</arg>
<arg>VE</arg>
<arg>VG</arg>
<arg>VI</arg>
<arg>VN</arg>
<arg>VU</arg>
<arg>WF</arg>
<arg>WS</arg>
<arg>XK</arg>
<arg>YE</arg>
<arg>YT</arg>
<arg>ZA</arg>
<arg>ZM</arg>
<arg>ZW</arg>
<doc>Returns a list containing given items.</doc>
<status status="PASS" start="2024-08-06T09:16:34.002128" elapsed="0.000667"/>
</kw>
<kw name="List Should Contain Value" owner="Collections">
<arg>${list_country}</arg>
<arg>${name_country}</arg>
<doc>Fails if the ``value`` is not found from ``list``.</doc>
<status status="PASS" start="2024-08-06T09:16:34.003785" elapsed="0.000211"/>
</kw>
<kw name="Run Keyword If" owner="BuiltIn">
<kw name="Should Be True" owner="BuiltIn">
<arg>${True}</arg>
<doc>Fails if the given condition is not true.</doc>
<status status="PASS" start="2024-08-06T09:16:34.004953" elapsed="0.000143"/>
</kw>
<arg>${json_data["results"][0]["location"]["coordinates"]["latitude"]} &gt;= -90 and ${json_data["results"][0]["location"]["coordinates"]["latitude"]} &lt;= 90</arg>
<arg>Should Be True</arg>
<arg>${True}</arg>
<doc>Runs the given keyword with the given arguments, if ``condition`` is true.</doc>
<status status="PASS" start="2024-08-06T09:16:34.004201" elapsed="0.001022"/>
</kw>
<kw name="Run Keyword If" owner="BuiltIn">
<kw name="Should Be True" owner="BuiltIn">
<arg>${True}</arg>
<doc>Fails if the given condition is not true.</doc>
<status status="PASS" start="2024-08-06T09:16:34.006103" elapsed="0.000170"/>
</kw>
<arg>${json_data["results"][0]["location"]["coordinates"]["longitude"]} &gt;= -180 and ${json_data["results"][0]["location"]["coordinates"]["longitude"]} &lt;= 180</arg>
<arg>Should Be True</arg>
<arg>${True}</arg>
<doc>Runs the given keyword with the given arguments, if ``condition`` is true.</doc>
<status status="PASS" start="2024-08-06T09:16:34.005406" elapsed="0.001014"/>
</kw>
<status status="PASS" start="2024-08-06T09:16:33.906493" elapsed="0.100065"/>
</kw>
<doc>Testa o conteúdo específico dos campos retornados pela API.</doc>
<tag>testeConteudo</tag>
<status status="PASS" start="2024-08-06T09:16:33.905943" elapsed="0.100772"/>
</test>
<status status="PASS" start="2024-08-06T09:16:32.982124" elapsed="1.026524"/>
</suite>
<status status="PASS" start="2024-08-06T09:16:32.967357" elapsed="1.046344"/>
</suite>
<statistics>
<total>
<stat pass="5" fail="0" skip="0">All Tests</stat>
</total>
<tag>
<stat pass="1" fail="0" skip="0">testeConteudo</stat>
<stat pass="1" fail="0" skip="0">testeEstruturaResposta</stat>
<stat pass="1" fail="0" skip="0">testeRequisicaoBasica</stat>
<stat pass="1" fail="0" skip="0">testeTiposDados</stat>
</tag>
<suite>
<stat pass="5" fail="0" skip="0" id="s1" name="Tests">Tests</stat>
<stat pass="5" fail="0" skip="0" id="s1-s1" name="Random-User-Test">Tests.Random-User-Test</stat>
</suite>
</statistics>
<errors>
</errors>
</robot>
