<?xml version="1.0" encoding="UTF-8"?>
<robot generator="Robot 7.0 (Python 3.12.3 on linux)" generated="2024-04-30T21:14:25.030040" rpa="false" schemaversion="5">
<suite id="s1" name="Tests" source="/home/runner/work/DesafioQAItauRogerioJordao/DesafioQAItauRogerioJordao/RamdonUser/tests">
<suite id="s1-s1" name="Random-User-Test" source="/home/runner/work/DesafioQAItauRogerioJordao/DesafioQAItauRogerioJordao/RamdonUser/tests/random-user-test.robot">
<test id="s1-s1-t1" name="Conectar" line="13">
<kw name="Conectar API" owner="random-user-service">
<kw name="Create Session" owner="RequestsLibrary">
<msg time="2024-04-30T21:14:25.397559" level="INFO">Creating Session using : alias=consultarAPI, url=https://randomuser.me/, headers={},                     cookies={}, auth=None, timeout=None, proxies=None, verify=False,                     debug=0 </msg>
<arg>consultarAPI</arg>
<arg>${URL}</arg>
<doc>Create Session: create a HTTP session to a server</doc>
<status status="PASS" start="2024-04-30T21:14:25.397360" elapsed="0.000386"/>
</kw>
<status status="PASS" start="2024-04-30T21:14:25.396359" elapsed="0.001744"/>
</kw>
<status status="PASS" start="2024-04-30T21:14:25.395787" elapsed="0.002509"/>
</test>
<test id="s1-s1-t2" name="Validar retorno 200 e JSON Válido" line="16">
<kw name="Teste de Requisicao Basica" owner="random-user-service">
<kw name="GET On Session" owner="RequestsLibrary">
<msg time="2024-04-30T21:14:25.472353" level="INFO">GET Request : url=https://randomuser.me/api 
 path_url=/api 
 headers={'User-Agent': 'python-requests/2.31.0', 'Accept-Encoding': 'gzip, deflate', 'Accept': '*/*', 'Connection': 'keep-alive'} 
 body=None 
 </msg>
<msg time="2024-04-30T21:14:25.472570" level="INFO">GET Response : url=https://randomuser.me/api 
 status=200, reason=OK 
 headers={'Date': 'Tue, 30 Apr 2024 21:14:25 GMT', 'Content-Type': 'application/json; charset=utf-8', 'Transfer-Encoding': 'chunked', 'Connection': 'keep-alive', 'X-Powered-By': 'Express', 'Access-Control-Allow-Origin': '*', 'Cache-Control': 'no-cache', 'ETag': 'W/"4b2-p3yuaKuD4TfvWutn4fKsXVbiusw"', 'Vary': 'Accept-Encoding', 'Content-Encoding': 'gzip', 'CF-Cache-Status': 'DYNAMIC', 'Report-To': '{"endpoints":[{"url":"https:\\/\\/a.nel.cloudflare.com\\/report\\/v4?s=COpobl0aVYKBN7WHq6OF3QkhrvBSzIbndrhsC9x8y0K4BBGTzWfxR9vo441CYk0EI%2Bg44CUCtqwrt3YThOYq5p33x852FgGjwGI%2FFCyRfCmx6SVGtUdAzz3aQSGRo42M"}],"group":"cf-nel","max_age":604800}', 'NEL': '{"success_fraction":0,"report_to":"cf-nel","max_age":604800}', 'Server': 'cloudflare', 'CF-RAY': '87ca8a94e8c38299-IAD', 'alt-svc': 'h3=":443"; ma=86400'} 
 body={"results":[{"gender":"male","name":{"title":"Mr","first":"Abel","last":"Renaud"},"location":{"street":{"number":5151,"name":"Place de L'Abbé-Jean-Lebeuf"},"city":"Courbevoie","state":"Tarn-et-Garonne","country":"France","postcode":82474,"coordinates":{"latitude":"-17.1579","longitude":"-139.0482"},"timezone":{"offset":"+5:00","description":"Ekaterinburg, Islamabad, Karachi, Tashkent"}},"email":"abel.renaud@example.com","login":{"uuid":"0db834ec-ecae-4618-b1ed-b63de604ffd0","username":"whitesnake725","password":"arrow","salt":"5WP4AgFp","md5":"8eea1768c8ac0c85b658e671a32ecec8","sha1":"02da40350f143d13effa14e4aeb6141556d04b0f","sha256":"c05cbd4afe54beadfae9586ec5e4a39486314d03ec56e60e6df45018c416b6d5"},"dob":{"date":"1968-02-02T22:40:40.765Z","age":56},"registered":{"date":"2006-06-02T01:14:56.141Z","age":17},"phone":"05-30-29-98-06","cell":"06-12-28-29-56","id":{"name":"INSEE","value":"1680119776913 58"},"picture":{"large":"https://randomuser.me/api/portraits/men/84.jpg","medium":"https://randomuser.me/api/portraits/med/men/84.jpg","thumbnail":"https://randomuser.me/api/portraits/thumb/men/84.jpg"},"nat":"FR"}],"info":{"seed":"6f3f4c7c9a1fe3f6","results":1,"page":1,"version":"1.4"}} 
 </msg>
<msg time="2024-04-30T21:14:25.472705" level="INFO">/opt/hostedtoolcache/Python/3.12.3/x64/lib/python3.12/site-packages/urllib3/connectionpool.py:1103: InsecureRequestWarning: Unverified HTTPS request is being made to host 'randomuser.me'. Adding certificate verification is strongly advised. See: https://urllib3.readthedocs.io/en/latest/advanced-usage.html#tls-warnings
  warnings.warn(</msg>
<msg time="2024-04-30T21:14:25.472898" level="INFO">${response} = &lt;Response [200]&gt;</msg>
<var>${response}</var>
<arg>consultarAPI</arg>
<arg>/api</arg>
<doc>Sends a GET request on a previously created HTTP Session.</doc>
<status status="PASS" start="2024-04-30T21:14:25.400972" elapsed="0.071970"/>
</kw>
<kw name="Should Be Equal As Numbers" owner="BuiltIn">
<msg time="2024-04-30T21:14:25.474339" level="INFO">Argument types are:
&lt;class 'int'&gt;
&lt;class 'str'&gt;</msg>
<arg>${response.status_code}</arg>
<arg>200</arg>
<doc>Fails if objects are unequal after converting them to real numbers.</doc>
<status status="PASS" start="2024-04-30T21:14:25.473675" elapsed="0.000768"/>
</kw>
<kw name="Log" owner="BuiltIn">
<msg time="2024-04-30T21:14:25.475563" level="INFO">200</msg>
<arg>${response.status_code}</arg>
<doc>Logs the given message with the given level.</doc>
<status status="PASS" start="2024-04-30T21:14:25.474948" elapsed="0.000687"/>
</kw>
<kw name="Set Variable" owner="BuiltIn">
<msg time="2024-04-30T21:14:25.476483" level="INFO">${json_data} = {'results': [{'gender': 'male', 'name': {'title': 'Mr', 'first': 'Abel', 'last': 'Renaud'}, 'location': {'street': {'number': 5151, 'name': "Place de L'Abbé-Jean-Lebeuf"}, 'city': 'Courbevoie', 'state...</msg>
<var>${json_data}</var>
<arg>${response.json()}</arg>
<doc>Returns the given values which can then be assigned to a variables.</doc>
<status status="PASS" start="2024-04-30T21:14:25.476004" elapsed="0.000510"/>
</kw>
<kw name="Dictionary Should Contain Key" owner="Collections">
<msg time="2024-04-30T21:14:25.477006" level="INFO">False</msg>
<arg>${json_data}</arg>
<arg>results</arg>
<doc>Fails if ``key`` is not found from ``dictionary``.</doc>
<status status="PASS" start="2024-04-30T21:14:25.476835" elapsed="0.000213"/>
</kw>
<status status="PASS" start="2024-04-30T21:14:25.400725" elapsed="0.076591"/>
</kw>
<doc>Testa se a API responde corretamente e retorna um objeto JSON válido.</doc>
<tag>testeRequisicaoBasica</tag>
<status status="PASS" start="2024-04-30T21:14:25.400245" elapsed="0.077340"/>
</test>
<test id="s1-s1-t3" name="Validar estrutura de resposta" line="22">
<kw name="Teste de Estrutura de Resposta" owner="random-user-service">
<kw name="GET On Session" owner="RequestsLibrary">
<msg time="2024-04-30T21:14:25.570713" level="INFO">GET Request : url=https://randomuser.me/api 
 path_url=/api 
 headers={'User-Agent': 'python-requests/2.31.0', 'Accept-Encoding': 'gzip, deflate', 'Accept': '*/*', 'Connection': 'keep-alive'} 
 body=None 
 </msg>
<msg time="2024-04-30T21:14:25.570825" level="INFO">GET Response : url=https://randomuser.me/api 
 status=200, reason=OK 
 headers={'Date': 'Tue, 30 Apr 2024 21:14:25 GMT', 'Content-Type': 'application/json; charset=utf-8', 'Transfer-Encoding': 'chunked', 'Connection': 'keep-alive', 'X-Powered-By': 'Express', 'Access-Control-Allow-Origin': '*', 'Cache-Control': 'no-cache', 'ETag': 'W/"48d-rZ62dTIbyPljIBygyC04NREQhaQ"', 'Vary': 'Accept-Encoding', 'Content-Encoding': 'gzip', 'CF-Cache-Status': 'DYNAMIC', 'Report-To': '{"endpoints":[{"url":"https:\\/\\/a.nel.cloudflare.com\\/report\\/v4?s=xLpHWd1fIf4kq5d6Q6H8Q%2FC3EXC6i5a5YTHjddtv%2Fdkprhg0nckU%2FVkdxvcyh%2FISWfCfh93zIBTR2wh7%2Ft%2Fwp8DLJy0f15s%2Ftwm8A%2B2d8Ie4OhiwEBFBMptImlURnqyl"}],"group":"cf-nel","max_age":604800}', 'NEL': '{"success_fraction":0,"report_to":"cf-nel","max_age":604800}', 'Server': 'cloudflare', 'CF-RAY': '87ca8a95491d8299-IAD', 'alt-svc': 'h3=":443"; ma=86400'} 
 body={"results":[{"gender":"female","name":{"title":"Miss","first":"Amelie","last":"Habbestad"},"location":{"street":{"number":9630,"name":"Furulundsveien"},"city":"Ryggebyen","state":"Description","country":"Norway","postcode":"8411","coordinates":{"latitude":"44.5661","longitude":"113.6485"},"timezone":{"offset":"+2:00","description":"Kaliningrad, South Africa"}},"email":"amelie.habbestad@example.com","login":{"uuid":"1408f3a3-b60f-43dd-a06f-3aa13318b969","username":"yellowduck693","password":"guang","salt":"yb9m22ka","md5":"b9f90ccb7ae6146d405bcaa90d539799","sha1":"54383ba172c007b86301aae226d42b2b6bcdc1b3","sha256":"7c6b12a886769a5ef0b78da2e1cce1990474b64049c5b8a1624fd4f9638a847b"},"dob":{"date":"1981-09-01T05:32:46.714Z","age":42},"registered":{"date":"2004-08-02T04:24:35.069Z","age":19},"phone":"31576462","cell":"90622468","id":{"name":"FN","value":"01098109842"},"picture":{"large":"https://randomuser.me/api/portraits/women/20.jpg","medium":"https://randomuser.me/api/portraits/med/women/20.jpg","thumbnail":"https://randomuser.me/api/portraits/thumb/women/20.jpg"},"nat":"NO"}],"info":{"seed":"43a915aa65c2dbf7","results":1,"page":1,"version":"1.4"}} 
 </msg>
<msg time="2024-04-30T21:14:25.570952" level="INFO">/opt/hostedtoolcache/Python/3.12.3/x64/lib/python3.12/site-packages/urllib3/connectionpool.py:1103: InsecureRequestWarning: Unverified HTTPS request is being made to host 'randomuser.me'. Adding certificate verification is strongly advised. See: https://urllib3.readthedocs.io/en/latest/advanced-usage.html#tls-warnings
  warnings.warn(</msg>
<msg time="2024-04-30T21:14:25.571135" level="INFO">${response} = &lt;Response [200]&gt;</msg>
<var>${response}</var>
<arg>consultarAPI</arg>
<arg>/api</arg>
<doc>Sends a GET request on a previously created HTTP Session.</doc>
<status status="PASS" start="2024-04-30T21:14:25.480365" elapsed="0.090815"/>
</kw>
<kw name="Set Variable" owner="BuiltIn">
<msg time="2024-04-30T21:14:25.572269" level="INFO">${json_data} = {'results': [{'gender': 'female', 'name': {'title': 'Miss', 'first': 'Amelie', 'last': 'Habbestad'}, 'location': {'street': {'number': 9630, 'name': 'Furulundsveien'}, 'city': 'Ryggebyen', 'state': 'D...</msg>
<var>${json_data}</var>
<arg>${response.json()}</arg>
<doc>Returns the given values which can then be assigned to a variables.</doc>
<status status="PASS" start="2024-04-30T21:14:25.571698" elapsed="0.000602"/>
</kw>
<kw name="Log" owner="BuiltIn">
<msg time="2024-04-30T21:14:25.572828" level="INFO">{'results': [{'gender': 'female', 'name': {'title': 'Miss', 'first': 'Amelie', 'last': 'Habbestad'}, 'location': {'street': {'number': 9630, 'name': 'Furulundsveien'}, 'city': 'Ryggebyen', 'state': 'Description', 'country': 'Norway', 'postcode': '8411', 'coordinates': {'latitude': '44.5661', 'longitude': '113.6485'}, 'timezone': {'offset': '+2:00', 'description': 'Kaliningrad, South Africa'}}, 'email': 'amelie.habbestad@example.com', 'login': {'uuid': '1408f3a3-b60f-43dd-a06f-3aa13318b969', 'username': 'yellowduck693', 'password': 'guang', 'salt': 'yb9m22ka', 'md5': 'b9f90ccb7ae6146d405bcaa90d539799', 'sha1': '54383ba172c007b86301aae226d42b2b6bcdc1b3', 'sha256': '7c6b12a886769a5ef0b78da2e1cce1990474b64049c5b8a1624fd4f9638a847b'}, 'dob': {'date': '1981-09-01T05:32:46.714Z', 'age': 42}, 'registered': {'date': '2004-08-02T04:24:35.069Z', 'age': 19}, 'phone': '31576462', 'cell': '90622468', 'id': {'name': 'FN', 'value': '01098109842'}, 'picture': {'large': 'https://randomuser.me/api/portraits/women/20.jpg', 'medium': 'https://randomuser.me/api/portraits/med/women/20.jpg', 'thumbnail': 'https://randomuser.me/api/portraits/thumb/women/20.jpg'}, 'nat': 'NO'}], 'info': {'seed': '43a915aa65c2dbf7', 'results': 1, 'page': 1, 'version': '1.4'}}</msg>
<arg>${json_data}</arg>
<doc>Logs the given message with the given level.</doc>
<status status="PASS" start="2024-04-30T21:14:25.572647" elapsed="0.000231"/>
</kw>
<kw name="Dictionary Should Contain Key" owner="Collections">
<msg time="2024-04-30T21:14:25.573344" level="INFO">False</msg>
<arg>${json_data}</arg>
<arg>results</arg>
<doc>Fails if ``key`` is not found from ``dictionary``.</doc>
<status status="PASS" start="2024-04-30T21:14:25.573187" elapsed="0.000195"/>
</kw>
<kw name="Should Not Be Empty" owner="BuiltIn">
<msg time="2024-04-30T21:14:25.573807" level="INFO">Length is 2.</msg>
<arg>${json_data}</arg>
<doc>Verifies that the given item is not empty.</doc>
<status status="PASS" start="2024-04-30T21:14:25.573676" elapsed="0.000169"/>
</kw>
<kw name="Create List" owner="BuiltIn">
<msg time="2024-04-30T21:14:25.574456" level="INFO">${expected_keys} = ['gender', 'name', 'location', 'email', 'login']</msg>
<var>${expected_keys}</var>
<arg>gender</arg>
<arg>name</arg>
<arg>location</arg>
<arg>email</arg>
<arg>login</arg>
<doc>Returns a list containing given items.</doc>
<status status="PASS" start="2024-04-30T21:14:25.574144" elapsed="0.000337"/>
</kw>
<for flavor="IN">
<iter>
<kw name="Dictionary Should Contain Key" owner="Collections">
<msg time="2024-04-30T21:14:25.575540" level="INFO">False</msg>
<arg>${json_data['results'][0]}</arg>
<arg>${key}</arg>
<doc>Fails if ``key`` is not found from ``dictionary``.</doc>
<status status="PASS" start="2024-04-30T21:14:25.575125" elapsed="0.000454"/>
</kw>
<kw name="Log" owner="BuiltIn">
<msg time="2024-04-30T21:14:25.576270" level="INFO">{'gender': 'female', 'name': {'title': 'Miss', 'first': 'Amelie', 'last': 'Habbestad'}, 'location': {'street': {'number': 9630, 'name': 'Furulundsveien'}, 'city': 'Ryggebyen', 'state': 'Description', 'country': 'Norway', 'postcode': '8411', 'coordinates': {'latitude': '44.5661', 'longitude': '113.6485'}, 'timezone': {'offset': '+2:00', 'description': 'Kaliningrad, South Africa'}}, 'email': 'amelie.habbestad@example.com', 'login': {'uuid': '1408f3a3-b60f-43dd-a06f-3aa13318b969', 'username': 'yellowduck693', 'password': 'guang', 'salt': 'yb9m22ka', 'md5': 'b9f90ccb7ae6146d405bcaa90d539799', 'sha1': '54383ba172c007b86301aae226d42b2b6bcdc1b3', 'sha256': '7c6b12a886769a5ef0b78da2e1cce1990474b64049c5b8a1624fd4f9638a847b'}, 'dob': {'date': '1981-09-01T05:32:46.714Z', 'age': 42}, 'registered': {'date': '2004-08-02T04:24:35.069Z', 'age': 19}, 'phone': '31576462', 'cell': '90622468', 'id': {'name': 'FN', 'value': '01098109842'}, 'picture': {'large': 'https://randomuser.me/api/portraits/women/20.jpg', 'medium': 'https://randomuser.me/api/portraits/med/women/20.jpg', 'thumbnail': 'https://randomuser.me/api/portraits/thumb/women/20.jpg'}, 'nat': 'NO'}</msg>
<arg>${json_data['results'][0]}</arg>
<doc>Logs the given message with the given level.</doc>
<status status="PASS" start="2024-04-30T21:14:25.575904" elapsed="0.000414"/>
</kw>
<kw name="Log" owner="BuiltIn">
<msg time="2024-04-30T21:14:25.576744" level="INFO">gender</msg>
<arg>${key}</arg>
<doc>Logs the given message with the given level.</doc>
<status status="PASS" start="2024-04-30T21:14:25.576617" elapsed="0.000165"/>
</kw>
<var name="${key}">gender</var>
<status status="PASS" start="2024-04-30T21:14:25.574952" elapsed="0.002044"/>
</iter>
<iter>
<kw name="Dictionary Should Contain Key" owner="Collections">
<msg time="2024-04-30T21:14:25.577691" level="INFO">False</msg>
<arg>${json_data['results'][0]}</arg>
<arg>${key}</arg>
<doc>Fails if ``key`` is not found from ``dictionary``.</doc>
<status status="PASS" start="2024-04-30T21:14:25.577302" elapsed="0.000426"/>
</kw>
<kw name="Log" owner="BuiltIn">
<msg time="2024-04-30T21:14:25.578427" level="INFO">{'gender': 'female', 'name': {'title': 'Miss', 'first': 'Amelie', 'last': 'Habbestad'}, 'location': {'street': {'number': 9630, 'name': 'Furulundsveien'}, 'city': 'Ryggebyen', 'state': 'Description', 'country': 'Norway', 'postcode': '8411', 'coordinates': {'latitude': '44.5661', 'longitude': '113.6485'}, 'timezone': {'offset': '+2:00', 'description': 'Kaliningrad, South Africa'}}, 'email': 'amelie.habbestad@example.com', 'login': {'uuid': '1408f3a3-b60f-43dd-a06f-3aa13318b969', 'username': 'yellowduck693', 'password': 'guang', 'salt': 'yb9m22ka', 'md5': 'b9f90ccb7ae6146d405bcaa90d539799', 'sha1': '54383ba172c007b86301aae226d42b2b6bcdc1b3', 'sha256': '7c6b12a886769a5ef0b78da2e1cce1990474b64049c5b8a1624fd4f9638a847b'}, 'dob': {'date': '1981-09-01T05:32:46.714Z', 'age': 42}, 'registered': {'date': '2004-08-02T04:24:35.069Z', 'age': 19}, 'phone': '31576462', 'cell': '90622468', 'id': {'name': 'FN', 'value': '01098109842'}, 'picture': {'large': 'https://randomuser.me/api/portraits/women/20.jpg', 'medium': 'https://randomuser.me/api/portraits/med/women/20.jpg', 'thumbnail': 'https://randomuser.me/api/portraits/thumb/women/20.jpg'}, 'nat': 'NO'}</msg>
<arg>${json_data['results'][0]}</arg>
<doc>Logs the given message with the given level.</doc>
<status status="PASS" start="2024-04-30T21:14:25.578065" elapsed="0.000411"/>
</kw>
<kw name="Log" owner="BuiltIn">
<msg time="2024-04-30T21:14:25.578899" level="INFO">name</msg>
<arg>${key}</arg>
<doc>Logs the given message with the given level.</doc>
<status status="PASS" start="2024-04-30T21:14:25.578772" elapsed="0.000165"/>
</kw>
<var name="${key}">name</var>
<status status="PASS" start="2024-04-30T21:14:25.577187" elapsed="0.001997"/>
</iter>
<iter>
<kw name="Dictionary Should Contain Key" owner="Collections">
<msg time="2024-04-30T21:14:25.579878" level="INFO">False</msg>
<arg>${json_data['results'][0]}</arg>
<arg>${key}</arg>
<doc>Fails if ``key`` is not found from ``dictionary``.</doc>
<status status="PASS" start="2024-04-30T21:14:25.579484" elapsed="0.000432"/>
</kw>
<kw name="Log" owner="BuiltIn">
<msg time="2024-04-30T21:14:25.580590" level="INFO">{'gender': 'female', 'name': {'title': 'Miss', 'first': 'Amelie', 'last': 'Habbestad'}, 'location': {'street': {'number': 9630, 'name': 'Furulundsveien'}, 'city': 'Ryggebyen', 'state': 'Description', 'country': 'Norway', 'postcode': '8411', 'coordinates': {'latitude': '44.5661', 'longitude': '113.6485'}, 'timezone': {'offset': '+2:00', 'description': 'Kaliningrad, South Africa'}}, 'email': 'amelie.habbestad@example.com', 'login': {'uuid': '1408f3a3-b60f-43dd-a06f-3aa13318b969', 'username': 'yellowduck693', 'password': 'guang', 'salt': 'yb9m22ka', 'md5': 'b9f90ccb7ae6146d405bcaa90d539799', 'sha1': '54383ba172c007b86301aae226d42b2b6bcdc1b3', 'sha256': '7c6b12a886769a5ef0b78da2e1cce1990474b64049c5b8a1624fd4f9638a847b'}, 'dob': {'date': '1981-09-01T05:32:46.714Z', 'age': 42}, 'registered': {'date': '2004-08-02T04:24:35.069Z', 'age': 19}, 'phone': '31576462', 'cell': '90622468', 'id': {'name': 'FN', 'value': '01098109842'}, 'picture': {'large': 'https://randomuser.me/api/portraits/women/20.jpg', 'medium': 'https://randomuser.me/api/portraits/med/women/20.jpg', 'thumbnail': 'https://randomuser.me/api/portraits/thumb/women/20.jpg'}, 'nat': 'NO'}</msg>
<arg>${json_data['results'][0]}</arg>
<doc>Logs the given message with the given level.</doc>
<status status="PASS" start="2024-04-30T21:14:25.580218" elapsed="0.000420"/>
</kw>
<kw name="Log" owner="BuiltIn">
<msg time="2024-04-30T21:14:25.581058" level="INFO">location</msg>
<arg>${key}</arg>
<doc>Logs the given message with the given level.</doc>
<status status="PASS" start="2024-04-30T21:14:25.580932" elapsed="0.000163"/>
</kw>
<var name="${key}">location</var>
<status status="PASS" start="2024-04-30T21:14:25.579370" elapsed="0.001939"/>
</iter>
<iter>
<kw name="Dictionary Should Contain Key" owner="Collections">
<msg time="2024-04-30T21:14:25.581981" level="INFO">False</msg>
<arg>${json_data['results'][0]}</arg>
<arg>${key}</arg>
<doc>Fails if ``key`` is not found from ``dictionary``.</doc>
<status status="PASS" start="2024-04-30T21:14:25.581595" elapsed="0.000423"/>
</kw>
<kw name="Log" owner="BuiltIn">
<msg time="2024-04-30T21:14:25.582671" level="INFO">{'gender': 'female', 'name': {'title': 'Miss', 'first': 'Amelie', 'last': 'Habbestad'}, 'location': {'street': {'number': 9630, 'name': 'Furulundsveien'}, 'city': 'Ryggebyen', 'state': 'Description', 'country': 'Norway', 'postcode': '8411', 'coordinates': {'latitude': '44.5661', 'longitude': '113.6485'}, 'timezone': {'offset': '+2:00', 'description': 'Kaliningrad, South Africa'}}, 'email': 'amelie.habbestad@example.com', 'login': {'uuid': '1408f3a3-b60f-43dd-a06f-3aa13318b969', 'username': 'yellowduck693', 'password': 'guang', 'salt': 'yb9m22ka', 'md5': 'b9f90ccb7ae6146d405bcaa90d539799', 'sha1': '54383ba172c007b86301aae226d42b2b6bcdc1b3', 'sha256': '7c6b12a886769a5ef0b78da2e1cce1990474b64049c5b8a1624fd4f9638a847b'}, 'dob': {'date': '1981-09-01T05:32:46.714Z', 'age': 42}, 'registered': {'date': '2004-08-02T04:24:35.069Z', 'age': 19}, 'phone': '31576462', 'cell': '90622468', 'id': {'name': 'FN', 'value': '01098109842'}, 'picture': {'large': 'https://randomuser.me/api/portraits/women/20.jpg', 'medium': 'https://randomuser.me/api/portraits/med/women/20.jpg', 'thumbnail': 'https://randomuser.me/api/portraits/thumb/women/20.jpg'}, 'nat': 'NO'}</msg>
<arg>${json_data['results'][0]}</arg>
<doc>Logs the given message with the given level.</doc>
<status status="PASS" start="2024-04-30T21:14:25.582317" elapsed="0.000401"/>
</kw>
<kw name="Log" owner="BuiltIn">
<msg time="2024-04-30T21:14:25.583173" level="INFO">email</msg>
<arg>${key}</arg>
<doc>Logs the given message with the given level.</doc>
<status status="PASS" start="2024-04-30T21:14:25.583011" elapsed="0.000201"/>
</kw>
<var name="${key}">email</var>
<status status="PASS" start="2024-04-30T21:14:25.581484" elapsed="0.001946"/>
</iter>
<iter>
<kw name="Dictionary Should Contain Key" owner="Collections">
<msg time="2024-04-30T21:14:25.584097" level="INFO">False</msg>
<arg>${json_data['results'][0]}</arg>
<arg>${key}</arg>
<doc>Fails if ``key`` is not found from ``dictionary``.</doc>
<status status="PASS" start="2024-04-30T21:14:25.583713" elapsed="0.000422"/>
</kw>
<kw name="Log" owner="BuiltIn">
<msg time="2024-04-30T21:14:25.584793" level="INFO">{'gender': 'female', 'name': {'title': 'Miss', 'first': 'Amelie', 'last': 'Habbestad'}, 'location': {'street': {'number': 9630, 'name': 'Furulundsveien'}, 'city': 'Ryggebyen', 'state': 'Description', 'country': 'Norway', 'postcode': '8411', 'coordinates': {'latitude': '44.5661', 'longitude': '113.6485'}, 'timezone': {'offset': '+2:00', 'description': 'Kaliningrad, South Africa'}}, 'email': 'amelie.habbestad@example.com', 'login': {'uuid': '1408f3a3-b60f-43dd-a06f-3aa13318b969', 'username': 'yellowduck693', 'password': 'guang', 'salt': 'yb9m22ka', 'md5': 'b9f90ccb7ae6146d405bcaa90d539799', 'sha1': '54383ba172c007b86301aae226d42b2b6bcdc1b3', 'sha256': '7c6b12a886769a5ef0b78da2e1cce1990474b64049c5b8a1624fd4f9638a847b'}, 'dob': {'date': '1981-09-01T05:32:46.714Z', 'age': 42}, 'registered': {'date': '2004-08-02T04:24:35.069Z', 'age': 19}, 'phone': '31576462', 'cell': '90622468', 'id': {'name': 'FN', 'value': '01098109842'}, 'picture': {'large': 'https://randomuser.me/api/portraits/women/20.jpg', 'medium': 'https://randomuser.me/api/portraits/med/women/20.jpg', 'thumbnail': 'https://randomuser.me/api/portraits/thumb/women/20.jpg'}, 'nat': 'NO'}</msg>
<arg>${json_data['results'][0]}</arg>
<doc>Logs the given message with the given level.</doc>
<status status="PASS" start="2024-04-30T21:14:25.584431" elapsed="0.000409"/>
</kw>
<kw name="Log" owner="BuiltIn">
<msg time="2024-04-30T21:14:25.585260" level="INFO">login</msg>
<arg>${key}</arg>
<doc>Logs the given message with the given level.</doc>
<status status="PASS" start="2024-04-30T21:14:25.585134" elapsed="0.000163"/>
</kw>
<var name="${key}">login</var>
<status status="PASS" start="2024-04-30T21:14:25.583602" elapsed="0.001934"/>
</iter>
<var>${key}</var>
<value>@{expected_keys}</value>
<status status="PASS" start="2024-04-30T21:14:25.574756" elapsed="0.010905"/>
</for>
<kw name="Create List" owner="BuiltIn">
<msg time="2024-04-30T21:14:25.585993" level="INFO">${expected_keysTwo} = ['username', 'password']</msg>
<var>${expected_keysTwo}</var>
<arg>username</arg>
<arg>password</arg>
<doc>Returns a list containing given items.</doc>
<status status="PASS" start="2024-04-30T21:14:25.585856" elapsed="0.000160"/>
</kw>
<for flavor="IN">
<iter>
<kw name="Dictionary Should Contain Key" owner="Collections">
<msg time="2024-04-30T21:14:25.586912" level="INFO">False</msg>
<arg>${json_data['results'][0]['login']}</arg>
<arg>${keyTwo}</arg>
<doc>Fails if ``key`` is not found from ``dictionary``.</doc>
<status status="PASS" start="2024-04-30T21:14:25.586516" elapsed="0.000434"/>
</kw>
<kw name="Dictionary Should Contain Key" owner="Collections">
<msg time="2024-04-30T21:14:25.587656" level="INFO">False</msg>
<arg>${json_data['results'][0]['login']}</arg>
<arg>${keyTwo}</arg>
<doc>Fails if ``key`` is not found from ``dictionary``.</doc>
<status status="PASS" start="2024-04-30T21:14:25.587274" elapsed="0.000418"/>
</kw>
<kw name="Log" owner="BuiltIn">
<msg time="2024-04-30T21:14:25.588106" level="INFO">username</msg>
<arg>${keyTwo}</arg>
<doc>Logs the given message with the given level.</doc>
<status status="PASS" start="2024-04-30T21:14:25.587981" elapsed="0.000168"/>
</kw>
<var name="${keyTwo}">username</var>
<status status="PASS" start="2024-04-30T21:14:25.586407" elapsed="0.001959"/>
</iter>
<iter>
<kw name="Dictionary Should Contain Key" owner="Collections">
<msg time="2024-04-30T21:14:25.589027" level="INFO">False</msg>
<arg>${json_data['results'][0]['login']}</arg>
<arg>${keyTwo}</arg>
<doc>Fails if ``key`` is not found from ``dictionary``.</doc>
<status status="PASS" start="2024-04-30T21:14:25.588646" elapsed="0.000419"/>
</kw>
<kw name="Dictionary Should Contain Key" owner="Collections">
<msg time="2024-04-30T21:14:25.589829" level="INFO">False</msg>
<arg>${json_data['results'][0]['login']}</arg>
<arg>${keyTwo}</arg>
<doc>Fails if ``key`` is not found from ``dictionary``.</doc>
<status status="PASS" start="2024-04-30T21:14:25.589353" elapsed="0.000514"/>
</kw>
<kw name="Log" owner="BuiltIn">
<msg time="2024-04-30T21:14:25.590288" level="INFO">password</msg>
<arg>${keyTwo}</arg>
<doc>Logs the given message with the given level.</doc>
<status status="PASS" start="2024-04-30T21:14:25.590161" elapsed="0.000165"/>
</kw>
<var name="${keyTwo}">password</var>
<status status="PASS" start="2024-04-30T21:14:25.588536" elapsed="0.002004"/>
</iter>
<var>${keyTwo}</var>
<value>@{expected_keysTwo}</value>
<status status="PASS" start="2024-04-30T21:14:25.586252" elapsed="0.004408"/>
</for>
<status status="PASS" start="2024-04-30T21:14:25.480106" elapsed="0.110697"/>
</kw>
<doc>Testa a estrutura da resposta da API.</doc>
<tag>testeEstruturaResposta</tag>
<status status="PASS" start="2024-04-30T21:14:25.479575" elapsed="0.111410"/>
</test>
<test id="s1-s1-t4" name="Validar tipos de dados" line="28">
<kw name="Teste de Tipos de Dados" owner="random-user-service">
<kw name="GET On Session" owner="RequestsLibrary">
<msg time="2024-04-30T21:14:25.673703" level="INFO">GET Request : url=https://randomuser.me/api 
 path_url=/api 
 headers={'User-Agent': 'python-requests/2.31.0', 'Accept-Encoding': 'gzip, deflate', 'Accept': '*/*', 'Connection': 'keep-alive'} 
 body=None 
 </msg>
<msg time="2024-04-30T21:14:25.673812" level="INFO">GET Response : url=https://randomuser.me/api 
 status=200, reason=OK 
 headers={'Date': 'Tue, 30 Apr 2024 21:14:25 GMT', 'Content-Type': 'application/json; charset=utf-8', 'Transfer-Encoding': 'chunked', 'Connection': 'keep-alive', 'X-Powered-By': 'Express', 'Access-Control-Allow-Origin': '*', 'Cache-Control': 'no-cache', 'ETag': 'W/"470-3ChUr/YrpGpcXgTVN+BL/t0gLqg"', 'Vary': 'Accept-Encoding', 'Content-Encoding': 'gzip', 'CF-Cache-Status': 'DYNAMIC', 'Report-To': '{"endpoints":[{"url":"https:\\/\\/a.nel.cloudflare.com\\/report\\/v4?s=AWKFJOdsuDtm6KPdGmUjzoCsJEOJBJNkRel8uZgp1CrxwNR4lIFHzYmXpzJGJqtpQJX6sPvdcqeX1EtoTgCzQSGjpwPme8nzRhVV9zralo%2FIzX0z2zeRowSkEDkQk9Kj"}],"group":"cf-nel","max_age":604800}', 'NEL': '{"success_fraction":0,"report_to":"cf-nel","max_age":604800}', 'Server': 'cloudflare', 'CF-RAY': '87ca8a95f9ea8299-IAD', 'alt-svc': 'h3=":443"; ma=86400'} 
 body={"results":[{"gender":"male","name":{"title":"Mr","first":"Malik","last":"Gagnon"},"location":{"street":{"number":8446,"name":"King St"},"city":"Keswick","state":"Yukon","country":"Canada","postcode":"L0D 7Q9","coordinates":{"latitude":"-70.0585","longitude":"-81.7430"},"timezone":{"offset":"+9:30","description":"Adelaide, Darwin"}},"email":"malik.gagnon@example.com","login":{"uuid":"94ed87f4-c009-40f2-8c92-453bc7bbb523","username":"orangecat377","password":"samantha","salt":"WbcJc9kX","md5":"e1974fbafd30bc25439760fe64154545","sha1":"1ce30abf542fd49bc0444ebe68366af2fe2ec4f6","sha256":"50aeb635ff77fb038b5d8f9cc6a5b3db2e32987d8d8e7d0f11a439fd00e99b66"},"dob":{"date":"1964-05-13T11:47:59.486Z","age":59},"registered":{"date":"2006-11-17T20:06:22.697Z","age":17},"phone":"T47 S73-1144","cell":"X05 A87-3304","id":{"name":"SIN","value":"532589652"},"picture":{"large":"https://randomuser.me/api/portraits/men/71.jpg","medium":"https://randomuser.me/api/portraits/med/men/71.jpg","thumbnail":"https://randomuser.me/api/portraits/thumb/men/71.jpg"},"nat":"CA"}],"info":{"seed":"6a7395a3c5d9e1e1","results":1,"page":1,"version":"1.4"}} 
 </msg>
<msg time="2024-04-30T21:14:25.673891" level="INFO">/opt/hostedtoolcache/Python/3.12.3/x64/lib/python3.12/site-packages/urllib3/connectionpool.py:1103: InsecureRequestWarning: Unverified HTTPS request is being made to host 'randomuser.me'. Adding certificate verification is strongly advised. See: https://urllib3.readthedocs.io/en/latest/advanced-usage.html#tls-warnings
  warnings.warn(</msg>
<msg time="2024-04-30T21:14:25.674021" level="INFO">${response} = &lt;Response [200]&gt;</msg>
<var>${response}</var>
<arg>consultarAPI</arg>
<arg>/api</arg>
<doc>Sends a GET request on a previously created HTTP Session.</doc>
<status status="PASS" start="2024-04-30T21:14:25.593540" elapsed="0.080515"/>
</kw>
<kw name="Set Variable" owner="BuiltIn">
<msg time="2024-04-30T21:14:25.675140" level="INFO">${json_data} = {'results': [{'gender': 'male', 'name': {'title': 'Mr', 'first': 'Malik', 'last': 'Gagnon'}, 'location': {'street': {'number': 8446, 'name': 'King St'}, 'city': 'Keswick', 'state': 'Yukon', 'country':...</msg>
<var>${json_data}</var>
<arg>${response.json()}</arg>
<doc>Returns the given values which can then be assigned to a variables.</doc>
<status status="PASS" start="2024-04-30T21:14:25.674580" elapsed="0.000590"/>
</kw>
<kw name="Log" owner="BuiltIn">
<msg time="2024-04-30T21:14:25.675652" level="INFO">{'results': [{'gender': 'male', 'name': {'title': 'Mr', 'first': 'Malik', 'last': 'Gagnon'}, 'location': {'street': {'number': 8446, 'name': 'King St'}, 'city': 'Keswick', 'state': 'Yukon', 'country': 'Canada', 'postcode': 'L0D 7Q9', 'coordinates': {'latitude': '-70.0585', 'longitude': '-81.7430'}, 'timezone': {'offset': '+9:30', 'description': 'Adelaide, Darwin'}}, 'email': 'malik.gagnon@example.com', 'login': {'uuid': '94ed87f4-c009-40f2-8c92-453bc7bbb523', 'username': 'orangecat377', 'password': 'samantha', 'salt': 'WbcJc9kX', 'md5': 'e1974fbafd30bc25439760fe64154545', 'sha1': '1ce30abf542fd49bc0444ebe68366af2fe2ec4f6', 'sha256': '50aeb635ff77fb038b5d8f9cc6a5b3db2e32987d8d8e7d0f11a439fd00e99b66'}, 'dob': {'date': '1964-05-13T11:47:59.486Z', 'age': 59}, 'registered': {'date': '2006-11-17T20:06:22.697Z', 'age': 17}, 'phone': 'T47 S73-1144', 'cell': 'X05 A87-3304', 'id': {'name': 'SIN', 'value': '532589652'}, 'picture': {'large': 'https://randomuser.me/api/portraits/men/71.jpg', 'medium': 'https://randomuser.me/api/portraits/med/men/71.jpg', 'thumbnail': 'https://randomuser.me/api/portraits/thumb/men/71.jpg'}, 'nat': 'CA'}], 'info': {'seed': '6a7395a3c5d9e1e1', 'results': 1, 'page': 1, 'version': '1.4'}}</msg>
<arg>${json_data}</arg>
<doc>Logs the given message with the given level.</doc>
<status status="PASS" start="2024-04-30T21:14:25.675493" elapsed="0.000247"/>
</kw>
<kw name="Should Be String" owner="String">
<arg>${json_data['results'][0]['gender']}</arg>
<doc>Fails if the given ``item`` is not a string.</doc>
<status status="PASS" start="2024-04-30T21:14:25.676044" elapsed="0.000376"/>
</kw>
<kw name="Should Match Regexp" owner="BuiltIn">
<arg>${json_data['results'][0]['email']}</arg>
<arg>^[a-zA-Z0-9._%+-]+@[a-zA-Z0-9.-]+\.[a-zA-Z]{2,}$</arg>
<doc>Fails if ``string`` does not match ``pattern`` as a regular expression.</doc>
<status status="PASS" start="2024-04-30T21:14:25.676617" elapsed="0.000529"/>
</kw>
<kw name="Should Match Regexp" owner="BuiltIn">
<arg>${json_data['results'][0]['dob']['date']}</arg>
<arg>\\d{4}-\\d{2}-\\d{2}T\\d{2}:\\d{2}:\\d{2}\\.\\d{3}Z</arg>
<doc>Fails if ``string`` does not match ``pattern`` as a regular expression.</doc>
<status status="PASS" start="2024-04-30T21:14:25.677344" elapsed="0.000493"/>
</kw>
<kw name="Should Match Regexp" owner="BuiltIn">
<arg>${json_data['results'][0]['registered']['date']}</arg>
<arg>\\d{4}-\\d{2}-\\d{2}T\\d{2}:\\d{2}:\\d{2}\\.\\d{3}Z</arg>
<doc>Fails if ``string`` does not match ``pattern`` as a regular expression.</doc>
<status status="PASS" start="2024-04-30T21:14:25.678032" elapsed="0.000379"/>
</kw>
<kw name="Should Match Regexp" owner="BuiltIn">
<arg>${json_data['results'][0]['picture']['large']}</arg>
<arg>^https?://.*\.(?:png|jpe?g|gif|bmp)$</arg>
<doc>Fails if ``string`` does not match ``pattern`` as a regular expression.</doc>
<status status="PASS" start="2024-04-30T21:14:25.678602" elapsed="0.000480"/>
</kw>
<kw name="Should Match Regexp" owner="BuiltIn">
<arg>${json_data['results'][0]['picture']['medium']}</arg>
<arg>^https?://.*\.(?:png|jpe?g|gif|bmp)$</arg>
<doc>Fails if ``string`` does not match ``pattern`` as a regular expression.</doc>
<status status="PASS" start="2024-04-30T21:14:25.679281" elapsed="0.000363"/>
</kw>
<kw name="Should Match Regexp" owner="BuiltIn">
<arg>${json_data['results'][0]['picture']['thumbnail']}</arg>
<arg>^https?://.*\.(?:png|jpe?g|gif|bmp)$</arg>
<doc>Fails if ``string`` does not match ``pattern`` as a regular expression.</doc>
<status status="PASS" start="2024-04-30T21:14:25.679836" elapsed="0.000354"/>
</kw>
<kw name="Log" owner="BuiltIn">
<msg time="2024-04-30T21:14:25.680699" level="INFO">{'large': 'https://randomuser.me/api/portraits/men/71.jpg', 'medium': 'https://randomuser.me/api/portraits/med/men/71.jpg', 'thumbnail': 'https://randomuser.me/api/portraits/thumb/men/71.jpg'}</msg>
<arg>${json_data['results'][0]['picture']}</arg>
<doc>Logs the given message with the given level.</doc>
<status status="PASS" start="2024-04-30T21:14:25.680373" elapsed="0.000368"/>
</kw>
<status status="PASS" start="2024-04-30T21:14:25.593311" elapsed="0.087694"/>
</kw>
<kw name="Teste de Tipos de Dados - Postcode" owner="random-user-service">
<kw name="GET On Session" owner="RequestsLibrary">
<msg time="2024-04-30T21:14:25.771435" level="INFO">GET Request : url=https://randomuser.me/api 
 path_url=/api 
 headers={'User-Agent': 'python-requests/2.31.0', 'Accept-Encoding': 'gzip, deflate', 'Accept': '*/*', 'Connection': 'keep-alive'} 
 body=None 
 </msg>
<msg time="2024-04-30T21:14:25.771532" level="INFO">GET Response : url=https://randomuser.me/api 
 status=200, reason=OK 
 headers={'Date': 'Tue, 30 Apr 2024 21:14:25 GMT', 'Content-Type': 'application/json; charset=utf-8', 'Transfer-Encoding': 'chunked', 'Connection': 'keep-alive', 'X-Powered-By': 'Express', 'Access-Control-Allow-Origin': '*', 'Cache-Control': 'no-cache', 'ETag': 'W/"49a-fjnvSJJCyrSyopGwG/ZNWgZscjI"', 'Vary': 'Accept-Encoding', 'Content-Encoding': 'gzip', 'CF-Cache-Status': 'DYNAMIC', 'Report-To': '{"endpoints":[{"url":"https:\\/\\/a.nel.cloudflare.com\\/report\\/v4?s=6FLXhx%2Fi47gqCfVSBGMN2bb9JvBd%2Bp2q%2Bk55ObvB1PtYATsS%2FhjV0CO4UU7%2BBcbMELGiQ%2FV8GyKx3uS%2Fx6%2BoTk0Ork7pegVc%2BZFzghHXHIxZwQnURZf%2FGtdomEy9J6wX"}],"group":"cf-nel","max_age":604800}', 'NEL': '{"success_fraction":0,"report_to":"cf-nel","max_age":604800}', 'Server': 'cloudflare', 'CF-RAY': '87ca8a968a718299-IAD', 'alt-svc': 'h3=":443"; ma=86400'} 
 body={"results":[{"gender":"female","name":{"title":"Mrs","first":"Sophie","last":"Wang"},"location":{"street":{"number":5754,"name":"Heretaunga Street"},"city":"Palmerston North","state":"Tasman","country":"New Zealand","postcode":59967,"coordinates":{"latitude":"47.2631","longitude":"140.8790"},"timezone":{"offset":"+9:00","description":"Tokyo, Seoul, Osaka, Sapporo, Yakutsk"}},"email":"sophie.wang@example.com","login":{"uuid":"ed9e959c-875f-430b-82c1-50553b347570","username":"beautifulfrog132","password":"rudy","salt":"Cw9odUak","md5":"6a695e8bfbaadbf8c7afb45d5e03af09","sha1":"f9e016fe73ea20cf56642e7625079b278ad3dd4c","sha256":"62783cc952495b2bcf30308866516c2176378847d46c9c796a57c7e65d7e97e8"},"dob":{"date":"1962-06-23T09:01:49.080Z","age":61},"registered":{"date":"2009-04-22T07:56:59.552Z","age":15},"phone":"(722)-434-0036","cell":"(653)-517-0788","id":{"name":"","value":null},"picture":{"large":"https://randomuser.me/api/portraits/women/19.jpg","medium":"https://randomuser.me/api/portraits/med/women/19.jpg","thumbnail":"https://randomuser.me/api/portraits/thumb/women/19.jpg"},"nat":"NZ"}],"info":{"seed":"d0143a8cd88f4899","results":1,"page":1,"version":"1.4"}} 
 </msg>
<msg time="2024-04-30T21:14:25.771601" level="INFO">/opt/hostedtoolcache/Python/3.12.3/x64/lib/python3.12/site-packages/urllib3/connectionpool.py:1103: InsecureRequestWarning: Unverified HTTPS request is being made to host 'randomuser.me'. Adding certificate verification is strongly advised. See: https://urllib3.readthedocs.io/en/latest/advanced-usage.html#tls-warnings
  warnings.warn(</msg>
<msg time="2024-04-30T21:14:25.771720" level="INFO">${response} = &lt;Response [200]&gt;</msg>
<var>${response}</var>
<arg>consultarAPI</arg>
<arg>/api</arg>
<doc>Sends a GET request on a previously created HTTP Session.</doc>
<status status="PASS" start="2024-04-30T21:14:25.681483" elapsed="0.090277"/>
</kw>
<kw name="Set Variable" owner="BuiltIn">
<msg time="2024-04-30T21:14:25.772858" level="INFO">${json_data} = {'results': [{'gender': 'female', 'name': {'title': 'Mrs', 'first': 'Sophie', 'last': 'Wang'}, 'location': {'street': {'number': 5754, 'name': 'Heretaunga Street'}, 'city': 'Palmerston North', 'state'...</msg>
<var>${json_data}</var>
<arg>${response.json()}</arg>
<doc>Returns the given values which can then be assigned to a variables.</doc>
<status status="PASS" start="2024-04-30T21:14:25.772335" elapsed="0.000557"/>
</kw>
<kw name="Log" owner="BuiltIn">
<msg time="2024-04-30T21:14:25.773363" level="INFO">{'results': [{'gender': 'female', 'name': {'title': 'Mrs', 'first': 'Sophie', 'last': 'Wang'}, 'location': {'street': {'number': 5754, 'name': 'Heretaunga Street'}, 'city': 'Palmerston North', 'state': 'Tasman', 'country': 'New Zealand', 'postcode': 59967, 'coordinates': {'latitude': '47.2631', 'longitude': '140.8790'}, 'timezone': {'offset': '+9:00', 'description': 'Tokyo, Seoul, Osaka, Sapporo, Yakutsk'}}, 'email': 'sophie.wang@example.com', 'login': {'uuid': 'ed9e959c-875f-430b-82c1-50553b347570', 'username': 'beautifulfrog132', 'password': 'rudy', 'salt': 'Cw9odUak', 'md5': '6a695e8bfbaadbf8c7afb45d5e03af09', 'sha1': 'f9e016fe73ea20cf56642e7625079b278ad3dd4c', 'sha256': '62783cc952495b2bcf30308866516c2176378847d46c9c796a57c7e65d7e97e8'}, 'dob': {'date': '1962-06-23T09:01:49.080Z', 'age': 61}, 'registered': {'date': '2009-04-22T07:56:59.552Z', 'age': 15}, 'phone': '(722)-434-0036', 'cell': '(653)-517-0788', 'id': {'name': '', 'value': None}, 'picture': {'large': 'https://randomuser.me/api/portraits/women/19.jpg', 'medium': 'https://randomuser.me/api/portraits/med/women/19.jpg', 'thumbnail': 'https://randomuser.me/api/portraits/thumb/women/19.jpg'}, 'nat': 'NZ'}], 'info': {'seed': 'd0143a8cd88f4899', 'results': 1, 'page': 1, 'version': '1.4'}}</msg>
<arg>${json_data}</arg>
<doc>Logs the given message with the given level.</doc>
<status status="PASS" start="2024-04-30T21:14:25.773205" elapsed="0.000243"/>
</kw>
<kw name="Should Be Equal As Numbers" owner="BuiltIn">
<arg>${json_data['results'][0]['location']['postcode']}</arg>
<arg>${json_data['results'][0]['location']['postcode']}</arg>
<doc>Fails if objects are unequal after converting them to real numbers.</doc>
<status status="PASS" start="2024-04-30T21:14:25.773756" elapsed="0.000830"/>
</kw>
<kw name="Log" owner="BuiltIn">
<msg time="2024-04-30T21:14:25.775159" level="INFO">59967</msg>
<arg>${json_data['results'][0]['location']['postcode']}</arg>
<doc>Logs the given message with the given level.</doc>
<status status="PASS" start="2024-04-30T21:14:25.774785" elapsed="0.000418"/>
</kw>
<status status="PASS" start="2024-04-30T21:14:25.681243" elapsed="0.094224"/>
</kw>
<doc>Testa se os tipos de dados na resposta da API estão corretos.</doc>
<tag>testeTiposDados</tag>
<status status="PASS" start="2024-04-30T21:14:25.592844" elapsed="0.182793"/>
</test>
<test id="s1-s1-t5" name="Validar conteudo" line="35">
<kw name="Teste de Tipos de Conteudo" owner="random-user-service">
<kw name="GET On Session" owner="RequestsLibrary">
<msg time="2024-04-30T21:14:25.878496" level="INFO">GET Request : url=https://randomuser.me/api 
 path_url=/api 
 headers={'User-Agent': 'python-requests/2.31.0', 'Accept-Encoding': 'gzip, deflate', 'Accept': '*/*', 'Connection': 'keep-alive'} 
 body=None 
 </msg>
<msg time="2024-04-30T21:14:25.878593" level="INFO">GET Response : url=https://randomuser.me/api 
 status=200, reason=OK 
 headers={'Date': 'Tue, 30 Apr 2024 21:14:25 GMT', 'Content-Type': 'application/json; charset=utf-8', 'Transfer-Encoding': 'chunked', 'Connection': 'keep-alive', 'X-Powered-By': 'Express', 'Access-Control-Allow-Origin': '*', 'Cache-Control': 'no-cache', 'ETag': 'W/"493-SMNFeE9cXBop2AWg6wNKfnX+yBA"', 'Vary': 'Accept-Encoding', 'Content-Encoding': 'gzip', 'CF-Cache-Status': 'DYNAMIC', 'Report-To': '{"endpoints":[{"url":"https:\\/\\/a.nel.cloudflare.com\\/report\\/v4?s=Ksd6IwOvCNsyQgDem33Zz0leafklLPkk8RjYuj8ascEVWND26uwANarfJqFVklmDDKCKcEegGgFph6wCSI7mO9dXjTYu3ep4Mb9P%2FcjllZ%2BdUA4m9W%2ByYxusv8N%2BkUrL"}],"group":"cf-nel","max_age":604800}', 'NEL': '{"success_fraction":0,"report_to":"cf-nel","max_age":604800}', 'Server': 'cloudflare', 'CF-RAY': '87ca8a971b1f8299-IAD', 'alt-svc': 'h3=":443"; ma=86400'} 
 body={"results":[{"gender":"female","name":{"title":"Miss","first":"Sofiya","last":"Materskiy"},"location":{"street":{"number":6902,"name":"Sadibna"},"city":"Horol","state":"Donecka","country":"Ukraine","postcode":92542,"coordinates":{"latitude":"79.8339","longitude":"172.3391"},"timezone":{"offset":"0:00","description":"Western Europe Time, London, Lisbon, Casablanca"}},"email":"sofiya.materskiy@example.com","login":{"uuid":"d857bce3-e0ec-43f8-b996-be0b97f39b9d","username":"happypanda901","password":"moses","salt":"c4Yo9H7M","md5":"baf0b87d519491c8659ee2ebdb700006","sha1":"edf5e29edf0844d1918475c6ed0ff2411780b157","sha256":"631290a86e1b7d9faca954b152d76ff0fa68a4a94c78e5e8ce1d8f394e164ce1"},"dob":{"date":"1948-01-11T12:34:45.235Z","age":76},"registered":{"date":"2017-03-11T15:22:09.008Z","age":7},"phone":"(096) Z25-7583","cell":"(098) O77-3306","id":{"name":"","value":null},"picture":{"large":"https://randomuser.me/api/portraits/women/57.jpg","medium":"https://randomuser.me/api/portraits/med/women/57.jpg","thumbnail":"https://randomuser.me/api/portraits/thumb/women/57.jpg"},"nat":"UA"}],"info":{"seed":"77ded76207a128b0","results":1,"page":1,"version":"1.4"}} 
 </msg>
<msg time="2024-04-30T21:14:25.878660" level="INFO">/opt/hostedtoolcache/Python/3.12.3/x64/lib/python3.12/site-packages/urllib3/connectionpool.py:1103: InsecureRequestWarning: Unverified HTTPS request is being made to host 'randomuser.me'. Adding certificate verification is strongly advised. See: https://urllib3.readthedocs.io/en/latest/advanced-usage.html#tls-warnings
  warnings.warn(</msg>
<msg time="2024-04-30T21:14:25.878781" level="INFO">${response} = &lt;Response [200]&gt;</msg>
<var>${response}</var>
<arg>consultarAPI</arg>
<arg>/api</arg>
<doc>Sends a GET request on a previously created HTTP Session.</doc>
<status status="PASS" start="2024-04-30T21:14:25.778479" elapsed="0.100343"/>
</kw>
<kw name="Set Variable" owner="BuiltIn">
<msg time="2024-04-30T21:14:25.879873" level="INFO">${json_data} = {'results': [{'gender': 'female', 'name': {'title': 'Miss', 'first': 'Sofiya', 'last': 'Materskiy'}, 'location': {'street': {'number': 6902, 'name': 'Sadibna'}, 'city': 'Horol', 'state': 'Donecka', 'c...</msg>
<var>${json_data}</var>
<arg>${response.json()}</arg>
<doc>Returns the given values which can then be assigned to a variables.</doc>
<status status="PASS" start="2024-04-30T21:14:25.879366" elapsed="0.000535"/>
</kw>
<kw name="Set Variable" owner="BuiltIn">
<msg time="2024-04-30T21:14:25.880592" level="INFO">${name_title} = Miss</msg>
<var>${name_title}</var>
<arg>${json_data["results"][0]["name"]["title"]}</arg>
<doc>Returns the given values which can then be assigned to a variables.</doc>
<status status="PASS" start="2024-04-30T21:14:25.880205" elapsed="0.000412"/>
</kw>
<kw name="Create List" owner="BuiltIn">
<msg time="2024-04-30T21:14:25.881070" level="INFO">${allowed_titles} = ['Mr', 'Ms', 'Miss', 'Mrs', 'Madame', 'Monsieur']</msg>
<var>${allowed_titles}</var>
<arg>Mr</arg>
<arg>Ms</arg>
<arg>Miss</arg>
<arg>Mrs</arg>
<arg>Madame</arg>
<arg>Monsieur</arg>
<doc>Returns a list containing given items.</doc>
<status status="PASS" start="2024-04-30T21:14:25.880920" elapsed="0.000174"/>
</kw>
<kw name="List Should Contain Value" owner="Collections">
<msg time="2024-04-30T21:14:25.881562" level="INFO">False</msg>
<arg>${allowed_titles}</arg>
<arg>${name_title}</arg>
<doc>Fails if the ``value`` is not found from ``list``.</doc>
<status status="PASS" start="2024-04-30T21:14:25.881389" elapsed="0.000211"/>
</kw>
<kw name="Set Variable" owner="BuiltIn">
<msg time="2024-04-30T21:14:25.882271" level="INFO">${name_country} = UA</msg>
<var>${name_country}</var>
<arg>${json_data["results"][0]["nat"]}</arg>
<doc>Returns the given values which can then be assigned to a variables.</doc>
<status status="PASS" start="2024-04-30T21:14:25.881889" elapsed="0.000407"/>
</kw>
<kw name="Create List" owner="BuiltIn">
<msg time="2024-04-30T21:14:25.883206" level="INFO">${list_country} = ['AD', 'AE', 'AF', 'AG', 'AI', 'AL', 'AM', 'AO', 'AQ', 'AR', 'AS', 'AT', 'AU', 'AW', 'AX', 'AZ', 'BA', 'BB', 'BD', 'BE', 'BF', 'BG', 'BH', 'BI', 'BJ', 'BL', 'BM', 'BN', 'BO', 'BQ', 'BR', 'BS', 'BT', '...</msg>
<var>${list_country}</var>
<arg>AD</arg>
<arg>AE</arg>
<arg>AF</arg>
<arg>AG</arg>
<arg>AI</arg>
<arg>AL</arg>
<arg>AM</arg>
<arg>AO</arg>
<arg>AQ</arg>
<arg>AR</arg>
<arg>AS</arg>
<arg>AT</arg>
<arg>AU</arg>
<arg>AW</arg>
<arg>AX</arg>
<arg>AZ</arg>
<arg>BA</arg>
<arg>BB</arg>
<arg>BD</arg>
<arg>BE</arg>
<arg>BF</arg>
<arg>BG</arg>
<arg>BH</arg>
<arg>BI</arg>
<arg>BJ</arg>
<arg>BL</arg>
<arg>BM</arg>
<arg>BN</arg>
<arg>BO</arg>
<arg>BQ</arg>
<arg>BR</arg>
<arg>BS</arg>
<arg>BT</arg>
<arg>BV</arg>
<arg>BW</arg>
<arg>BY</arg>
<arg>BZ</arg>
<arg>CA</arg>
<arg>CC</arg>
<arg>CD</arg>
<arg>CF</arg>
<arg>CG</arg>
<arg>CH</arg>
<arg>CI</arg>
<arg>CK</arg>
<arg>CL</arg>
<arg>CM</arg>
<arg>CN</arg>
<arg>CO</arg>
<arg>CR</arg>
<arg>CU</arg>
<arg>CV</arg>
<arg>CW</arg>
<arg>CX</arg>
<arg>CY</arg>
<arg>CZ</arg>
<arg>DE</arg>
<arg>DJ</arg>
<arg>DK</arg>
<arg>DM</arg>
<arg>DO</arg>
<arg>DZ</arg>
<arg>EC</arg>
<arg>EE</arg>
<arg>EG</arg>
<arg>EH</arg>
<arg>ER</arg>
<arg>ES</arg>
<arg>ET</arg>
<arg>FI</arg>
<arg>FJ</arg>
<arg>FK</arg>
<arg>FM</arg>
<arg>FO</arg>
<arg>FR</arg>
<arg>GA</arg>
<arg>GB</arg>
<arg>GD</arg>
<arg>GE</arg>
<arg>GF</arg>
<arg>GG</arg>
<arg>GH</arg>
<arg>GI</arg>
<arg>GL</arg>
<arg>GM</arg>
<arg>GN</arg>
<arg>GP</arg>
<arg>GQ</arg>
<arg>GR</arg>
<arg>GS</arg>
<arg>GT</arg>
<arg>GU</arg>
<arg>GW</arg>
<arg>GY</arg>
<arg>HK</arg>
<arg>HM</arg>
<arg>HN</arg>
<arg>HR</arg>
<arg>HT</arg>
<arg>HU</arg>
<arg>ID</arg>
<arg>IE</arg>
<arg>IL</arg>
<arg>IM</arg>
<arg>IN</arg>
<arg>IO</arg>
<arg>IQ</arg>
<arg>IR</arg>
<arg>IS</arg>
<arg>IT</arg>
<arg>JE</arg>
<arg>JM</arg>
<arg>JO</arg>
<arg>JP</arg>
<arg>KE</arg>
<arg>KG</arg>
<arg>KH</arg>
<arg>KI</arg>
<arg>KM</arg>
<arg>KN</arg>
<arg>KP</arg>
<arg>KR</arg>
<arg>KW</arg>
<arg>KY</arg>
<arg>KZ</arg>
<arg>LA</arg>
<arg>LB</arg>
<arg>LC</arg>
<arg>LI</arg>
<arg>LK</arg>
<arg>LR</arg>
<arg>LS</arg>
<arg>LT</arg>
<arg>LU</arg>
<arg>LV</arg>
<arg>LY</arg>
<arg>MA</arg>
<arg>MC</arg>
<arg>MD</arg>
<arg>ME</arg>
<arg>MF</arg>
<arg>MG</arg>
<arg>MH</arg>
<arg>MK</arg>
<arg>ML</arg>
<arg>MM</arg>
<arg>MN</arg>
<arg>MO</arg>
<arg>MP</arg>
<arg>MQ</arg>
<arg>MR</arg>
<arg>MS</arg>
<arg>MT</arg>
<arg>MU</arg>
<arg>MV</arg>
<arg>MW</arg>
<arg>MX</arg>
<arg>MY</arg>
<arg>MZ</arg>
<arg>NA</arg>
<arg>NC</arg>
<arg>NE</arg>
<arg>NF</arg>
<arg>NG</arg>
<arg>NI</arg>
<arg>NL</arg>
<arg>NO</arg>
<arg>NP</arg>
<arg>NR</arg>
<arg>NU</arg>
<arg>NZ</arg>
<arg>OM</arg>
<arg>PA</arg>
<arg>PE</arg>
<arg>PF</arg>
<arg>PG</arg>
<arg>PH</arg>
<arg>PK</arg>
<arg>PL</arg>
<arg>PM</arg>
<arg>PN</arg>
<arg>PR</arg>
<arg>PS</arg>
<arg>PT</arg>
<arg>PW</arg>
<arg>PY</arg>
<arg>QA</arg>
<arg>RE</arg>
<arg>RO</arg>
<arg>RS</arg>
<arg>RU</arg>
<arg>RW</arg>
<arg>SA</arg>
<arg>SB</arg>
<arg>SC</arg>
<arg>SD</arg>
<arg>SE</arg>
<arg>SG</arg>
<arg>SH</arg>
<arg>SI</arg>
<arg>SJ</arg>
<arg>SK</arg>
<arg>SL</arg>
<arg>SM</arg>
<arg>SN</arg>
<arg>SO</arg>
<arg>SR</arg>
<arg>SS</arg>
<arg>ST</arg>
<arg>SV</arg>
<arg>SX</arg>
<arg>SY</arg>
<arg>SZ</arg>
<arg>TC</arg>
<arg>TD</arg>
<arg>TF</arg>
<arg>TG</arg>
<arg>TH</arg>
<arg>TJ</arg>
<arg>TK</arg>
<arg>TL</arg>
<arg>TM</arg>
<arg>TN</arg>
<arg>TO</arg>
<arg>TR</arg>
<arg>TT</arg>
<arg>TV</arg>
<arg>TW</arg>
<arg>TZ</arg>
<arg>UA</arg>
<arg>UG</arg>
<arg>UM</arg>
<arg>US</arg>
<arg>UY</arg>
<arg>UZ</arg>
<arg>VA</arg>
<arg>VC</arg>
<arg>VE</arg>
<arg>VG</arg>
<arg>VI</arg>
<arg>VN</arg>
<arg>VU</arg>
<arg>WF</arg>
<arg>WS</arg>
<arg>XK</arg>
<arg>YE</arg>
<arg>YT</arg>
<arg>ZA</arg>
<arg>ZM</arg>
<arg>ZW</arg>
<doc>Returns a list containing given items.</doc>
<status status="PASS" start="2024-04-30T21:14:25.882598" elapsed="0.000634"/>
</kw>
<kw name="List Should Contain Value" owner="Collections">
<msg time="2024-04-30T21:14:25.884227" level="INFO">False</msg>
<arg>${list_country}</arg>
<arg>${name_country}</arg>
<doc>Fails if the ``value`` is not found from ``list``.</doc>
<status status="PASS" start="2024-04-30T21:14:25.884026" elapsed="0.000237"/>
</kw>
<kw name="Run Keyword If" owner="BuiltIn">
<kw name="Should Be True" owner="BuiltIn">
<arg>${True}</arg>
<doc>Fails if the given condition is not true.</doc>
<status status="PASS" start="2024-04-30T21:14:25.885329" elapsed="0.000145"/>
</kw>
<arg>${json_data["results"][0]["location"]["coordinates"]["latitude"]} &gt;= -90 and ${json_data["results"][0]["location"]["coordinates"]["latitude"]} &lt;= 90</arg>
<arg>Should Be True</arg>
<arg>${True}</arg>
<doc>Runs the given keyword with the given arguments, if ``condition`` is true.</doc>
<status status="PASS" start="2024-04-30T21:14:25.884575" elapsed="0.001025"/>
</kw>
<kw name="Run Keyword If" owner="BuiltIn">
<kw name="Should Be True" owner="BuiltIn">
<arg>${True}</arg>
<doc>Fails if the given condition is not true.</doc>
<status status="PASS" start="2024-04-30T21:14:25.886471" elapsed="0.000253"/>
</kw>
<arg>${json_data["results"][0]["location"]["coordinates"]["longitude"]} &gt;= -180 and ${json_data["results"][0]["location"]["coordinates"]["longitude"]} &lt;= 180</arg>
<arg>Should Be True</arg>
<arg>${True}</arg>
<doc>Runs the given keyword with the given arguments, if ``condition`` is true.</doc>
<status status="PASS" start="2024-04-30T21:14:25.885784" elapsed="0.001067"/>
</kw>
<status status="PASS" start="2024-04-30T21:14:25.778101" elapsed="0.108882"/>
</kw>
<doc>Testa o conteúdo específico dos campos retornados pela API.</doc>
<tag>testeConteudo</tag>
<status status="PASS" start="2024-04-30T21:14:25.777438" elapsed="0.109724"/>
</test>
<status status="PASS" start="2024-04-30T21:14:25.089492" elapsed="0.799603"/>
</suite>
<status status="PASS" start="2024-04-30T21:14:25.075900" elapsed="0.818267"/>
</suite>
<statistics>
<total>
<stat pass="5" fail="0" skip="0">All Tests</stat>
</total>
<tag>
<stat pass="1" fail="0" skip="0">testeConteudo</stat>
<stat pass="1" fail="0" skip="0">testeEstruturaResposta</stat>
<stat pass="1" fail="0" skip="0">testeRequisicaoBasica</stat>
<stat pass="1" fail="0" skip="0">testeTiposDados</stat>
</tag>
<suite>
<stat pass="5" fail="0" skip="0" id="s1" name="Tests">Tests</stat>
<stat pass="5" fail="0" skip="0" id="s1-s1" name="Random-User-Test">Tests.Random-User-Test</stat>
</suite>
</statistics>
<errors>
</errors>
</robot>
