<?xml version="1.0" encoding="UTF-8"?>
<robot generator="Robot 7.0 (Python 3.12.3 on linux)" generated="2024-05-08T09:14:36.232402" rpa="false" schemaversion="5">
<suite id="s1" name="Tests" source="/home/runner/work/DesafioQAItauRogerioJordao/DesafioQAItauRogerioJordao/RamdonUser/tests">
<suite id="s1-s1" name="Random-User-Test" source="/home/runner/work/DesafioQAItauRogerioJordao/DesafioQAItauRogerioJordao/RamdonUser/tests/random-user-test.robot">
<test id="s1-s1-t1" name="Conectar" line="13">
<kw name="Conectar API" owner="random-user-service">
<kw name="Create Session" owner="RequestsLibrary">
<msg time="2024-05-08T09:14:36.624960" level="INFO">Creating Session using : alias=consultarAPI, url=https://randomuser.me/, headers={},                     cookies={}, auth=None, timeout=None, proxies=None, verify=False,                     debug=0 </msg>
<arg>consultarAPI</arg>
<arg>${URL}</arg>
<doc>Create Session: create a HTTP session to a server</doc>
<status status="PASS" start="2024-05-08T09:14:36.624700" elapsed="0.000491"/>
</kw>
<status status="PASS" start="2024-05-08T09:14:36.623615" elapsed="0.001988"/>
</kw>
<status status="PASS" start="2024-05-08T09:14:36.623028" elapsed="0.002782"/>
</test>
<test id="s1-s1-t2" name="Validar retorno 200 e JSON Válido" line="16">
<kw name="Teste de Requisicao Basica" owner="random-user-service">
<kw name="GET On Session" owner="RequestsLibrary">
<msg time="2024-05-08T09:14:36.742131" level="INFO">GET Request : url=https://randomuser.me/api 
 path_url=/api 
 headers={'User-Agent': 'python-requests/2.31.0', 'Accept-Encoding': 'gzip, deflate', 'Accept': '*/*', 'Connection': 'keep-alive'} 
 body=None 
 </msg>
<msg time="2024-05-08T09:14:36.742304" level="INFO">GET Response : url=https://randomuser.me/api 
 status=200, reason=OK 
 headers={'Date': 'Wed, 08 May 2024 09:14:36 GMT', 'Content-Type': 'application/json; charset=utf-8', 'Transfer-Encoding': 'chunked', 'Connection': 'keep-alive', 'X-Powered-By': 'Express', 'Access-Control-Allow-Origin': '*', 'Cache-Control': 'no-cache', 'ETag': 'W/"4ab-USoKJseWYhVCQIGhz8lUJH7lw54"', 'Vary': 'Accept-Encoding', 'Content-Encoding': 'gzip', 'CF-Cache-Status': 'DYNAMIC', 'Report-To': '{"endpoints":[{"url":"https:\\/\\/a.nel.cloudflare.com\\/report\\/v4?s=9uAIDt3q0Lg29Qlb74%2FVHesaN4JNIMVBdoD%2B6mKy1OxEDENej9ehTYs98RciEHbdLSm4eR3K%2F9EtVk2SsgZHGPbDO2Lx21LsKJm09QZ4gD5thdvpioofEPwu3L0fYVpo"}],"group":"cf-nel","max_age":604800}', 'NEL': '{"success_fraction":0,"report_to":"cf-nel","max_age":604800}', 'Server': 'cloudflare', 'CF-RAY': '8808572b18b19e64-SJC', 'alt-svc': 'h3=":443"; ma=86400'} 
 body={"results":[{"gender":"male","name":{"title":"Monsieur","first":"Dominique","last":"Lopez"},"location":{"street":{"number":56,"name":"Rue de L'Abbé-Roger-Derry"},"city":"Muntelier","state":"Zug","country":"Switzerland","postcode":8143,"coordinates":{"latitude":"-62.9949","longitude":"-16.9924"},"timezone":{"offset":"+1:00","description":"Brussels, Copenhagen, Madrid, Paris"}},"email":"dominique.lopez@example.com","login":{"uuid":"397099f0-b9a5-45e1-a2dd-5ee8cc50a508","username":"ticklishswan427","password":"browning","salt":"RLOwv5fN","md5":"8d09701d667a6ebae43961a817d3a253","sha1":"1d8ce6bccb20b34a66ee63c5e18541eb4f24e27a","sha256":"400acddd116f98fb706e4cf2132567c1e33ddc16d7ffeac5fdb4cc7ab27f8553"},"dob":{"date":"1996-06-10T02:21:50.906Z","age":27},"registered":{"date":"2020-05-02T16:35:28.429Z","age":4},"phone":"078 306 30 53","cell":"079 607 84 79","id":{"name":"AVS","value":"756.8611.2559.18"},"picture":{"large":"https://randomuser.me/api/portraits/men/55.jpg","medium":"https://randomuser.me/api/portraits/med/men/55.jpg","thumbnail":"https://randomuser.me/api/portraits/thumb/men/55.jpg"},"nat":"CH"}],"info":{"seed":"1a04070553f1bf97","results":1,"page":1,"version":"1.4"}} 
 </msg>
<msg time="2024-05-08T09:14:36.742412" level="INFO">/opt/hostedtoolcache/Python/3.12.3/x64/lib/python3.12/site-packages/urllib3/connectionpool.py:1103: InsecureRequestWarning: Unverified HTTPS request is being made to host 'randomuser.me'. Adding certificate verification is strongly advised. See: https://urllib3.readthedocs.io/en/latest/advanced-usage.html#tls-warnings
  warnings.warn(</msg>
<msg time="2024-05-08T09:14:36.742597" level="INFO">${response} = &lt;Response [200]&gt;</msg>
<var>${response}</var>
<arg>consultarAPI</arg>
<arg>/api</arg>
<doc>Sends a GET request on a previously created HTTP Session.</doc>
<status status="PASS" start="2024-05-08T09:14:36.628495" elapsed="0.114154"/>
</kw>
<kw name="Should Be Equal As Numbers" owner="BuiltIn">
<msg time="2024-05-08T09:14:36.743837" level="INFO">Argument types are:
&lt;class 'int'&gt;
&lt;class 'str'&gt;</msg>
<arg>${response.status_code}</arg>
<arg>200</arg>
<doc>Fails if objects are unequal after converting them to real numbers.</doc>
<status status="PASS" start="2024-05-08T09:14:36.743318" elapsed="0.000590"/>
</kw>
<kw name="Log" owner="BuiltIn">
<msg time="2024-05-08T09:14:36.744663" level="INFO">200</msg>
<arg>${response.status_code}</arg>
<doc>Logs the given message with the given level.</doc>
<status status="PASS" start="2024-05-08T09:14:36.744289" elapsed="0.000418"/>
</kw>
<kw name="Set Variable" owner="BuiltIn">
<msg time="2024-05-08T09:14:36.745533" level="INFO">${json_data} = {'results': [{'gender': 'male', 'name': {'title': 'Monsieur', 'first': 'Dominique', 'last': 'Lopez'}, 'location': {'street': {'number': 56, 'name': "Rue de L'Abbé-Roger-Derry"}, 'city': 'Muntelier', '...</msg>
<var>${json_data}</var>
<arg>${response.json()}</arg>
<doc>Returns the given values which can then be assigned to a variables.</doc>
<status status="PASS" start="2024-05-08T09:14:36.745031" elapsed="0.000533"/>
</kw>
<kw name="Dictionary Should Contain Key" owner="Collections">
<msg time="2024-05-08T09:14:36.746067" level="INFO">False</msg>
<arg>${json_data}</arg>
<arg>results</arg>
<doc>Fails if ``key`` is not found from ``dictionary``.</doc>
<status status="PASS" start="2024-05-08T09:14:36.745889" elapsed="0.000219"/>
</kw>
<status status="PASS" start="2024-05-08T09:14:36.628238" elapsed="0.118135"/>
</kw>
<doc>Testa se a API responde corretamente e retorna um objeto JSON válido.</doc>
<tag>testeRequisicaoBasica</tag>
<status status="PASS" start="2024-05-08T09:14:36.627748" elapsed="0.118812"/>
</test>
<test id="s1-s1-t3" name="Validar estrutura de resposta" line="22">
<kw name="Teste de Estrutura de Resposta" owner="random-user-service">
<kw name="GET On Session" owner="RequestsLibrary">
<msg time="2024-05-08T09:14:36.846324" level="INFO">GET Request : url=https://randomuser.me/api 
 path_url=/api 
 headers={'User-Agent': 'python-requests/2.31.0', 'Accept-Encoding': 'gzip, deflate', 'Accept': '*/*', 'Connection': 'keep-alive'} 
 body=None 
 </msg>
<msg time="2024-05-08T09:14:36.846424" level="INFO">GET Response : url=https://randomuser.me/api 
 status=200, reason=OK 
 headers={'Date': 'Wed, 08 May 2024 09:14:36 GMT', 'Content-Type': 'application/json; charset=utf-8', 'Transfer-Encoding': 'chunked', 'Connection': 'keep-alive', 'X-Powered-By': 'Express', 'Access-Control-Allow-Origin': '*', 'Cache-Control': 'no-cache', 'ETag': 'W/"487-9CNF1ehfXH7968B5EPH9uIt8vLc"', 'Vary': 'Accept-Encoding', 'Content-Encoding': 'gzip', 'CF-Cache-Status': 'DYNAMIC', 'Report-To': '{"endpoints":[{"url":"https:\\/\\/a.nel.cloudflare.com\\/report\\/v4?s=fW0Xss8SKw8cQ0IoYtlI%2Fi%2FslXYEW1jndvquYm5qe6x%2BaIiDTSIFk24FEL4rmsb9Oqn3ZH%2FFOgFQYOaBt9FH1o2Na9TBqMU8e%2F7HLZiCADXKqlWNunp6BVbPXW03JzBI"}],"group":"cf-nel","max_age":604800}', 'NEL': '{"success_fraction":0,"report_to":"cf-nel","max_age":604800}', 'Server': 'cloudflare', 'CF-RAY': '8808572bb90a9e64-SJC', 'alt-svc': 'h3=":443"; ma=86400'} 
 body={"results":[{"gender":"male","name":{"title":"Mr","first":"Sadraque","last":"de Souza"},"location":{"street":{"number":1556,"name":"Rua Treze de Maio "},"city":"Caucaia","state":"Rondônia","country":"Brazil","postcode":52287,"coordinates":{"latitude":"-76.9589","longitude":"-112.5897"},"timezone":{"offset":"+3:30","description":"Tehran"}},"email":"sadraque.desouza@example.com","login":{"uuid":"d592d3c7-44ee-4343-a331-9598734b750f","username":"bluebutterfly644","password":"chandra","salt":"qq64ltm3","md5":"d992aac2117de85bff077def4df8fbbc","sha1":"7e109c11680748f05b97c4a71392dc8302bf9e25","sha256":"ac10d7271158cc51c3e46aa7651850d9a344f0b142b1b2378435133e0a9e49ef"},"dob":{"date":"1965-10-02T05:13:51.676Z","age":58},"registered":{"date":"2013-12-21T22:26:35.216Z","age":10},"phone":"(42) 3643-0938","cell":"(82) 7434-9026","id":{"name":"CPF","value":"483.736.771-89"},"picture":{"large":"https://randomuser.me/api/portraits/men/51.jpg","medium":"https://randomuser.me/api/portraits/med/men/51.jpg","thumbnail":"https://randomuser.me/api/portraits/thumb/men/51.jpg"},"nat":"BR"}],"info":{"seed":"d79fcd7afef80652","results":1,"page":1,"version":"1.4"}} 
 </msg>
<msg time="2024-05-08T09:14:36.846559" level="INFO">/opt/hostedtoolcache/Python/3.12.3/x64/lib/python3.12/site-packages/urllib3/connectionpool.py:1103: InsecureRequestWarning: Unverified HTTPS request is being made to host 'randomuser.me'. Adding certificate verification is strongly advised. See: https://urllib3.readthedocs.io/en/latest/advanced-usage.html#tls-warnings
  warnings.warn(</msg>
<msg time="2024-05-08T09:14:36.846711" level="INFO">${response} = &lt;Response [200]&gt;</msg>
<var>${response}</var>
<arg>consultarAPI</arg>
<arg>/api</arg>
<doc>Sends a GET request on a previously created HTTP Session.</doc>
<status status="PASS" start="2024-05-08T09:14:36.749628" elapsed="0.097132"/>
</kw>
<kw name="Set Variable" owner="BuiltIn">
<msg time="2024-05-08T09:14:36.847695" level="INFO">${json_data} = {'results': [{'gender': 'male', 'name': {'title': 'Mr', 'first': 'Sadraque', 'last': 'de Souza'}, 'location': {'street': {'number': 1556, 'name': 'Rua Treze de Maio '}, 'city': 'Caucaia', 'state': 'Ro...</msg>
<var>${json_data}</var>
<arg>${response.json()}</arg>
<doc>Returns the given values which can then be assigned to a variables.</doc>
<status status="PASS" start="2024-05-08T09:14:36.847186" elapsed="0.000542"/>
</kw>
<kw name="Log" owner="BuiltIn">
<msg time="2024-05-08T09:14:36.848246" level="INFO">{'results': [{'gender': 'male', 'name': {'title': 'Mr', 'first': 'Sadraque', 'last': 'de Souza'}, 'location': {'street': {'number': 1556, 'name': 'Rua Treze de Maio '}, 'city': 'Caucaia', 'state': 'Rondônia', 'country': 'Brazil', 'postcode': 52287, 'coordinates': {'latitude': '-76.9589', 'longitude': '-112.5897'}, 'timezone': {'offset': '+3:30', 'description': 'Tehran'}}, 'email': 'sadraque.desouza@example.com', 'login': {'uuid': 'd592d3c7-44ee-4343-a331-9598734b750f', 'username': 'bluebutterfly644', 'password': 'chandra', 'salt': 'qq64ltm3', 'md5': 'd992aac2117de85bff077def4df8fbbc', 'sha1': '7e109c11680748f05b97c4a71392dc8302bf9e25', 'sha256': 'ac10d7271158cc51c3e46aa7651850d9a344f0b142b1b2378435133e0a9e49ef'}, 'dob': {'date': '1965-10-02T05:13:51.676Z', 'age': 58}, 'registered': {'date': '2013-12-21T22:26:35.216Z', 'age': 10}, 'phone': '(42) 3643-0938', 'cell': '(82) 7434-9026', 'id': {'name': 'CPF', 'value': '483.736.771-89'}, 'picture': {'large': 'https://randomuser.me/api/portraits/men/51.jpg', 'medium': 'https://randomuser.me/api/portraits/med/men/51.jpg', 'thumbnail': 'https://randomuser.me/api/portraits/thumb/men/51.jpg'}, 'nat': 'BR'}], 'info': {'seed': 'd79fcd7afef80652', 'results': 1, 'page': 1, 'version': '1.4'}}</msg>
<arg>${json_data}</arg>
<doc>Logs the given message with the given level.</doc>
<status status="PASS" start="2024-05-08T09:14:36.848075" elapsed="0.000221"/>
</kw>
<kw name="Dictionary Should Contain Key" owner="Collections">
<msg time="2024-05-08T09:14:36.848767" level="INFO">False</msg>
<arg>${json_data}</arg>
<arg>results</arg>
<doc>Fails if ``key`` is not found from ``dictionary``.</doc>
<status status="PASS" start="2024-05-08T09:14:36.848603" elapsed="0.000205"/>
</kw>
<kw name="Should Not Be Empty" owner="BuiltIn">
<msg time="2024-05-08T09:14:36.849241" level="INFO">Length is 2.</msg>
<arg>${json_data}</arg>
<doc>Verifies that the given item is not empty.</doc>
<status status="PASS" start="2024-05-08T09:14:36.849106" elapsed="0.000361"/>
</kw>
<kw name="Create List" owner="BuiltIn">
<msg time="2024-05-08T09:14:36.849947" level="INFO">${expected_keys} = ['gender', 'name', 'location', 'email', 'login']</msg>
<var>${expected_keys}</var>
<arg>gender</arg>
<arg>name</arg>
<arg>location</arg>
<arg>email</arg>
<arg>login</arg>
<doc>Returns a list containing given items.</doc>
<status status="PASS" start="2024-05-08T09:14:36.849787" elapsed="0.000185"/>
</kw>
<for flavor="IN">
<iter>
<kw name="Dictionary Should Contain Key" owner="Collections">
<msg time="2024-05-08T09:14:36.850979" level="INFO">False</msg>
<arg>${json_data['results'][0]}</arg>
<arg>${key}</arg>
<doc>Fails if ``key`` is not found from ``dictionary``.</doc>
<status status="PASS" start="2024-05-08T09:14:36.850569" elapsed="0.000451"/>
</kw>
<kw name="Log" owner="BuiltIn">
<msg time="2024-05-08T09:14:36.851705" level="INFO">{'gender': 'male', 'name': {'title': 'Mr', 'first': 'Sadraque', 'last': 'de Souza'}, 'location': {'street': {'number': 1556, 'name': 'Rua Treze de Maio '}, 'city': 'Caucaia', 'state': 'Rondônia', 'country': 'Brazil', 'postcode': 52287, 'coordinates': {'latitude': '-76.9589', 'longitude': '-112.5897'}, 'timezone': {'offset': '+3:30', 'description': 'Tehran'}}, 'email': 'sadraque.desouza@example.com', 'login': {'uuid': 'd592d3c7-44ee-4343-a331-9598734b750f', 'username': 'bluebutterfly644', 'password': 'chandra', 'salt': 'qq64ltm3', 'md5': 'd992aac2117de85bff077def4df8fbbc', 'sha1': '7e109c11680748f05b97c4a71392dc8302bf9e25', 'sha256': 'ac10d7271158cc51c3e46aa7651850d9a344f0b142b1b2378435133e0a9e49ef'}, 'dob': {'date': '1965-10-02T05:13:51.676Z', 'age': 58}, 'registered': {'date': '2013-12-21T22:26:35.216Z', 'age': 10}, 'phone': '(42) 3643-0938', 'cell': '(82) 7434-9026', 'id': {'name': 'CPF', 'value': '483.736.771-89'}, 'picture': {'large': 'https://randomuser.me/api/portraits/men/51.jpg', 'medium': 'https://randomuser.me/api/portraits/med/men/51.jpg', 'thumbnail': 'https://randomuser.me/api/portraits/thumb/men/51.jpg'}, 'nat': 'BR'}</msg>
<arg>${json_data['results'][0]}</arg>
<doc>Logs the given message with the given level.</doc>
<status status="PASS" start="2024-05-08T09:14:36.851329" elapsed="0.000428"/>
</kw>
<kw name="Log" owner="BuiltIn">
<msg time="2024-05-08T09:14:36.852204" level="INFO">gender</msg>
<arg>${key}</arg>
<doc>Logs the given message with the given level.</doc>
<status status="PASS" start="2024-05-08T09:14:36.852069" elapsed="0.000176"/>
</kw>
<var name="${key}">gender</var>
<status status="PASS" start="2024-05-08T09:14:36.850440" elapsed="0.002029"/>
</iter>
<iter>
<kw name="Dictionary Should Contain Key" owner="Collections">
<msg time="2024-05-08T09:14:36.853201" level="INFO">False</msg>
<arg>${json_data['results'][0]}</arg>
<arg>${key}</arg>
<doc>Fails if ``key`` is not found from ``dictionary``.</doc>
<status status="PASS" start="2024-05-08T09:14:36.852780" elapsed="0.000460"/>
</kw>
<kw name="Log" owner="BuiltIn">
<msg time="2024-05-08T09:14:36.853968" level="INFO">{'gender': 'male', 'name': {'title': 'Mr', 'first': 'Sadraque', 'last': 'de Souza'}, 'location': {'street': {'number': 1556, 'name': 'Rua Treze de Maio '}, 'city': 'Caucaia', 'state': 'Rondônia', 'country': 'Brazil', 'postcode': 52287, 'coordinates': {'latitude': '-76.9589', 'longitude': '-112.5897'}, 'timezone': {'offset': '+3:30', 'description': 'Tehran'}}, 'email': 'sadraque.desouza@example.com', 'login': {'uuid': 'd592d3c7-44ee-4343-a331-9598734b750f', 'username': 'bluebutterfly644', 'password': 'chandra', 'salt': 'qq64ltm3', 'md5': 'd992aac2117de85bff077def4df8fbbc', 'sha1': '7e109c11680748f05b97c4a71392dc8302bf9e25', 'sha256': 'ac10d7271158cc51c3e46aa7651850d9a344f0b142b1b2378435133e0a9e49ef'}, 'dob': {'date': '1965-10-02T05:13:51.676Z', 'age': 58}, 'registered': {'date': '2013-12-21T22:26:35.216Z', 'age': 10}, 'phone': '(42) 3643-0938', 'cell': '(82) 7434-9026', 'id': {'name': 'CPF', 'value': '483.736.771-89'}, 'picture': {'large': 'https://randomuser.me/api/portraits/men/51.jpg', 'medium': 'https://randomuser.me/api/portraits/med/men/51.jpg', 'thumbnail': 'https://randomuser.me/api/portraits/thumb/men/51.jpg'}, 'nat': 'BR'}</msg>
<arg>${json_data['results'][0]}</arg>
<doc>Logs the given message with the given level.</doc>
<status status="PASS" start="2024-05-08T09:14:36.853594" elapsed="0.000426"/>
</kw>
<kw name="Log" owner="BuiltIn">
<msg time="2024-05-08T09:14:36.854452" level="INFO">name</msg>
<arg>${key}</arg>
<doc>Logs the given message with the given level.</doc>
<status status="PASS" start="2024-05-08T09:14:36.854322" elapsed="0.000169"/>
</kw>
<var name="${key}">name</var>
<status status="PASS" start="2024-05-08T09:14:36.852662" elapsed="0.002044"/>
</iter>
<iter>
<kw name="Dictionary Should Contain Key" owner="Collections">
<msg time="2024-05-08T09:14:36.855397" level="INFO">False</msg>
<arg>${json_data['results'][0]}</arg>
<arg>${key}</arg>
<doc>Fails if ``key`` is not found from ``dictionary``.</doc>
<status status="PASS" start="2024-05-08T09:14:36.855003" elapsed="0.000432"/>
</kw>
<kw name="Log" owner="BuiltIn">
<msg time="2024-05-08T09:14:36.856110" level="INFO">{'gender': 'male', 'name': {'title': 'Mr', 'first': 'Sadraque', 'last': 'de Souza'}, 'location': {'street': {'number': 1556, 'name': 'Rua Treze de Maio '}, 'city': 'Caucaia', 'state': 'Rondônia', 'country': 'Brazil', 'postcode': 52287, 'coordinates': {'latitude': '-76.9589', 'longitude': '-112.5897'}, 'timezone': {'offset': '+3:30', 'description': 'Tehran'}}, 'email': 'sadraque.desouza@example.com', 'login': {'uuid': 'd592d3c7-44ee-4343-a331-9598734b750f', 'username': 'bluebutterfly644', 'password': 'chandra', 'salt': 'qq64ltm3', 'md5': 'd992aac2117de85bff077def4df8fbbc', 'sha1': '7e109c11680748f05b97c4a71392dc8302bf9e25', 'sha256': 'ac10d7271158cc51c3e46aa7651850d9a344f0b142b1b2378435133e0a9e49ef'}, 'dob': {'date': '1965-10-02T05:13:51.676Z', 'age': 58}, 'registered': {'date': '2013-12-21T22:26:35.216Z', 'age': 10}, 'phone': '(42) 3643-0938', 'cell': '(82) 7434-9026', 'id': {'name': 'CPF', 'value': '483.736.771-89'}, 'picture': {'large': 'https://randomuser.me/api/portraits/men/51.jpg', 'medium': 'https://randomuser.me/api/portraits/med/men/51.jpg', 'thumbnail': 'https://randomuser.me/api/portraits/thumb/men/51.jpg'}, 'nat': 'BR'}</msg>
<arg>${json_data['results'][0]}</arg>
<doc>Logs the given message with the given level.</doc>
<status status="PASS" start="2024-05-08T09:14:36.855737" elapsed="0.000423"/>
</kw>
<kw name="Log" owner="BuiltIn">
<msg time="2024-05-08T09:14:36.856588" level="INFO">location</msg>
<arg>${key}</arg>
<doc>Logs the given message with the given level.</doc>
<status status="PASS" start="2024-05-08T09:14:36.856460" elapsed="0.000167"/>
</kw>
<var name="${key}">location</var>
<status status="PASS" start="2024-05-08T09:14:36.854890" elapsed="0.001952"/>
</iter>
<iter>
<kw name="Dictionary Should Contain Key" owner="Collections">
<msg time="2024-05-08T09:14:36.857546" level="INFO">False</msg>
<arg>${json_data['results'][0]}</arg>
<arg>${key}</arg>
<doc>Fails if ``key`` is not found from ``dictionary``.</doc>
<status status="PASS" start="2024-05-08T09:14:36.857132" elapsed="0.000451"/>
</kw>
<kw name="Log" owner="BuiltIn">
<msg time="2024-05-08T09:14:36.858258" level="INFO">{'gender': 'male', 'name': {'title': 'Mr', 'first': 'Sadraque', 'last': 'de Souza'}, 'location': {'street': {'number': 1556, 'name': 'Rua Treze de Maio '}, 'city': 'Caucaia', 'state': 'Rondônia', 'country': 'Brazil', 'postcode': 52287, 'coordinates': {'latitude': '-76.9589', 'longitude': '-112.5897'}, 'timezone': {'offset': '+3:30', 'description': 'Tehran'}}, 'email': 'sadraque.desouza@example.com', 'login': {'uuid': 'd592d3c7-44ee-4343-a331-9598734b750f', 'username': 'bluebutterfly644', 'password': 'chandra', 'salt': 'qq64ltm3', 'md5': 'd992aac2117de85bff077def4df8fbbc', 'sha1': '7e109c11680748f05b97c4a71392dc8302bf9e25', 'sha256': 'ac10d7271158cc51c3e46aa7651850d9a344f0b142b1b2378435133e0a9e49ef'}, 'dob': {'date': '1965-10-02T05:13:51.676Z', 'age': 58}, 'registered': {'date': '2013-12-21T22:26:35.216Z', 'age': 10}, 'phone': '(42) 3643-0938', 'cell': '(82) 7434-9026', 'id': {'name': 'CPF', 'value': '483.736.771-89'}, 'picture': {'large': 'https://randomuser.me/api/portraits/men/51.jpg', 'medium': 'https://randomuser.me/api/portraits/med/men/51.jpg', 'thumbnail': 'https://randomuser.me/api/portraits/thumb/men/51.jpg'}, 'nat': 'BR'}</msg>
<arg>${json_data['results'][0]}</arg>
<doc>Logs the given message with the given level.</doc>
<status status="PASS" start="2024-05-08T09:14:36.857888" elapsed="0.000421"/>
</kw>
<kw name="Log" owner="BuiltIn">
<msg time="2024-05-08T09:14:36.858735" level="INFO">email</msg>
<arg>${key}</arg>
<doc>Logs the given message with the given level.</doc>
<status status="PASS" start="2024-05-08T09:14:36.858608" elapsed="0.000166"/>
</kw>
<var name="${key}">email</var>
<status status="PASS" start="2024-05-08T09:14:36.857019" elapsed="0.001969"/>
</iter>
<iter>
<kw name="Dictionary Should Contain Key" owner="Collections">
<msg time="2024-05-08T09:14:36.859671" level="INFO">False</msg>
<arg>${json_data['results'][0]}</arg>
<arg>${key}</arg>
<doc>Fails if ``key`` is not found from ``dictionary``.</doc>
<status status="PASS" start="2024-05-08T09:14:36.859277" elapsed="0.000434"/>
</kw>
<kw name="Log" owner="BuiltIn">
<msg time="2024-05-08T09:14:36.860382" level="INFO">{'gender': 'male', 'name': {'title': 'Mr', 'first': 'Sadraque', 'last': 'de Souza'}, 'location': {'street': {'number': 1556, 'name': 'Rua Treze de Maio '}, 'city': 'Caucaia', 'state': 'Rondônia', 'country': 'Brazil', 'postcode': 52287, 'coordinates': {'latitude': '-76.9589', 'longitude': '-112.5897'}, 'timezone': {'offset': '+3:30', 'description': 'Tehran'}}, 'email': 'sadraque.desouza@example.com', 'login': {'uuid': 'd592d3c7-44ee-4343-a331-9598734b750f', 'username': 'bluebutterfly644', 'password': 'chandra', 'salt': 'qq64ltm3', 'md5': 'd992aac2117de85bff077def4df8fbbc', 'sha1': '7e109c11680748f05b97c4a71392dc8302bf9e25', 'sha256': 'ac10d7271158cc51c3e46aa7651850d9a344f0b142b1b2378435133e0a9e49ef'}, 'dob': {'date': '1965-10-02T05:13:51.676Z', 'age': 58}, 'registered': {'date': '2013-12-21T22:26:35.216Z', 'age': 10}, 'phone': '(42) 3643-0938', 'cell': '(82) 7434-9026', 'id': {'name': 'CPF', 'value': '483.736.771-89'}, 'picture': {'large': 'https://randomuser.me/api/portraits/men/51.jpg', 'medium': 'https://randomuser.me/api/portraits/med/men/51.jpg', 'thumbnail': 'https://randomuser.me/api/portraits/thumb/men/51.jpg'}, 'nat': 'BR'}</msg>
<arg>${json_data['results'][0]}</arg>
<doc>Logs the given message with the given level.</doc>
<status status="PASS" start="2024-05-08T09:14:36.860013" elapsed="0.000421"/>
</kw>
<kw name="Log" owner="BuiltIn">
<msg time="2024-05-08T09:14:36.860867" level="INFO">login</msg>
<arg>${key}</arg>
<doc>Logs the given message with the given level.</doc>
<status status="PASS" start="2024-05-08T09:14:36.860738" elapsed="0.000168"/>
</kw>
<var name="${key}">login</var>
<status status="PASS" start="2024-05-08T09:14:36.859162" elapsed="0.001991"/>
</iter>
<var>${key}</var>
<value>@{expected_keys}</value>
<status status="PASS" start="2024-05-08T09:14:36.850236" elapsed="0.011045"/>
</for>
<kw name="Create List" owner="BuiltIn">
<msg time="2024-05-08T09:14:36.861652" level="INFO">${expected_keysTwo} = ['username', 'password']</msg>
<var>${expected_keysTwo}</var>
<arg>username</arg>
<arg>password</arg>
<doc>Returns a list containing given items.</doc>
<status status="PASS" start="2024-05-08T09:14:36.861513" elapsed="0.000164"/>
</kw>
<for flavor="IN">
<iter>
<kw name="Dictionary Should Contain Key" owner="Collections">
<msg time="2024-05-08T09:14:36.862578" level="INFO">False</msg>
<arg>${json_data['results'][0]['login']}</arg>
<arg>${keyTwo}</arg>
<doc>Fails if ``key`` is not found from ``dictionary``.</doc>
<status status="PASS" start="2024-05-08T09:14:36.862186" elapsed="0.000429"/>
</kw>
<kw name="Dictionary Should Contain Key" owner="Collections">
<msg time="2024-05-08T09:14:36.863296" level="INFO">False</msg>
<arg>${json_data['results'][0]['login']}</arg>
<arg>${keyTwo}</arg>
<doc>Fails if ``key`` is not found from ``dictionary``.</doc>
<status status="PASS" start="2024-05-08T09:14:36.862913" elapsed="0.000422"/>
</kw>
<kw name="Log" owner="BuiltIn">
<msg time="2024-05-08T09:14:36.863759" level="INFO">username</msg>
<arg>${keyTwo}</arg>
<doc>Logs the given message with the given level.</doc>
<status status="PASS" start="2024-05-08T09:14:36.863631" elapsed="0.000171"/>
</kw>
<var name="${keyTwo}">username</var>
<status status="PASS" start="2024-05-08T09:14:36.862075" elapsed="0.001956"/>
</iter>
<iter>
<kw name="Dictionary Should Contain Key" owner="Collections">
<msg time="2024-05-08T09:14:36.864783" level="INFO">False</msg>
<arg>${json_data['results'][0]['login']}</arg>
<arg>${keyTwo}</arg>
<doc>Fails if ``key`` is not found from ``dictionary``.</doc>
<status status="PASS" start="2024-05-08T09:14:36.864317" elapsed="0.000508"/>
</kw>
<kw name="Dictionary Should Contain Key" owner="Collections">
<msg time="2024-05-08T09:14:36.865529" level="INFO">False</msg>
<arg>${json_data['results'][0]['login']}</arg>
<arg>${keyTwo}</arg>
<doc>Fails if ``key`` is not found from ``dictionary``.</doc>
<status status="PASS" start="2024-05-08T09:14:36.865124" elapsed="0.000443"/>
</kw>
<kw name="Log" owner="BuiltIn">
<msg time="2024-05-08T09:14:36.865993" level="INFO">password</msg>
<arg>${keyTwo}</arg>
<doc>Logs the given message with the given level.</doc>
<status status="PASS" start="2024-05-08T09:14:36.865865" elapsed="0.000166"/>
</kw>
<var name="${keyTwo}">password</var>
<status status="PASS" start="2024-05-08T09:14:36.864206" elapsed="0.002040"/>
</iter>
<var>${keyTwo}</var>
<value>@{expected_keysTwo}</value>
<status status="PASS" start="2024-05-08T09:14:36.861919" elapsed="0.004450"/>
</for>
<status status="PASS" start="2024-05-08T09:14:36.749237" elapsed="0.117275"/>
</kw>
<doc>Testa a estrutura da resposta da API.</doc>
<tag>testeEstruturaResposta</tag>
<status status="PASS" start="2024-05-08T09:14:36.748444" elapsed="0.118222"/>
</test>
<test id="s1-s1-t4" name="Validar tipos de dados" line="28">
<kw name="Teste de Tipos de Dados" owner="random-user-service">
<kw name="GET On Session" owner="RequestsLibrary">
<msg time="2024-05-08T09:14:36.955707" level="INFO">GET Request : url=https://randomuser.me/api 
 path_url=/api 
 headers={'User-Agent': 'python-requests/2.31.0', 'Accept-Encoding': 'gzip, deflate', 'Accept': '*/*', 'Connection': 'keep-alive'} 
 body=None 
 </msg>
<msg time="2024-05-08T09:14:36.955819" level="INFO">GET Response : url=https://randomuser.me/api 
 status=200, reason=OK 
 headers={'Date': 'Wed, 08 May 2024 09:14:36 GMT', 'Content-Type': 'application/json; charset=utf-8', 'Transfer-Encoding': 'chunked', 'Connection': 'keep-alive', 'X-Powered-By': 'Express', 'Access-Control-Allow-Origin': '*', 'Cache-Control': 'no-cache', 'ETag': 'W/"496-kHDCK8NYucZL3PqsOfctOmYGckU"', 'Vary': 'Accept-Encoding', 'Content-Encoding': 'gzip', 'CF-Cache-Status': 'DYNAMIC', 'Report-To': '{"endpoints":[{"url":"https:\\/\\/a.nel.cloudflare.com\\/report\\/v4?s=7rUHLL4ey6mYvbIUQBWDzdLOwKmpdtGg6KVMYnfJwT6tWFZG8CM2846pE5qwRbm5HOnn5K7fDdZh1EQPGmLsLFGlxv9b%2BcKxFwVAuJqA1hugrMTlLkB1gQIimrlRw%2Ff2"}],"group":"cf-nel","max_age":604800}', 'NEL': '{"success_fraction":0,"report_to":"cf-nel","max_age":604800}', 'Server': 'cloudflare', 'CF-RAY': '8808572c79849e64-SJC', 'alt-svc': 'h3=":443"; ma=86400'} 
 body={"results":[{"gender":"female","name":{"title":"Ms","first":"Louella","last":"Hill"},"location":{"street":{"number":1175,"name":"Valley View Ln"},"city":"Launceston","state":"Tasmania","country":"Australia","postcode":9714,"coordinates":{"latitude":"-83.9343","longitude":"173.7963"},"timezone":{"offset":"+10:00","description":"Eastern Australia, Guam, Vladivostok"}},"email":"louella.hill@example.com","login":{"uuid":"96ef1d8b-d250-4731-a5ff-c77110ab7a54","username":"yellowrabbit527","password":"wilder","salt":"jvbCpf4v","md5":"3d87a8d8d0ebdc1134253817ce1f9d24","sha1":"56ee66969a1864ef776038b31e378c8f6aa94015","sha256":"9fedea322a4646dc398531b4d9374c87bcf3ab92ff0da21c7b34b737fed2f41d"},"dob":{"date":"1971-11-14T05:29:20.878Z","age":52},"registered":{"date":"2003-09-10T04:50:39.385Z","age":20},"phone":"00-6746-3231","cell":"0485-353-456","id":{"name":"TFN","value":"490085674"},"picture":{"large":"https://randomuser.me/api/portraits/women/6.jpg","medium":"https://randomuser.me/api/portraits/med/women/6.jpg","thumbnail":"https://randomuser.me/api/portraits/thumb/women/6.jpg"},"nat":"AU"}],"info":{"seed":"ff3e0cdfab2a637a","results":1,"page":1,"version":"1.4"}} 
 </msg>
<msg time="2024-05-08T09:14:36.955902" level="INFO">/opt/hostedtoolcache/Python/3.12.3/x64/lib/python3.12/site-packages/urllib3/connectionpool.py:1103: InsecureRequestWarning: Unverified HTTPS request is being made to host 'randomuser.me'. Adding certificate verification is strongly advised. See: https://urllib3.readthedocs.io/en/latest/advanced-usage.html#tls-warnings
  warnings.warn(</msg>
<msg time="2024-05-08T09:14:36.956060" level="INFO">${response} = &lt;Response [200]&gt;</msg>
<var>${response}</var>
<arg>consultarAPI</arg>
<arg>/api</arg>
<doc>Sends a GET request on a previously created HTTP Session.</doc>
<status status="PASS" start="2024-05-08T09:14:36.869187" elapsed="0.086922"/>
</kw>
<kw name="Set Variable" owner="BuiltIn">
<msg time="2024-05-08T09:14:36.957180" level="INFO">${json_data} = {'results': [{'gender': 'female', 'name': {'title': 'Ms', 'first': 'Louella', 'last': 'Hill'}, 'location': {'street': {'number': 1175, 'name': 'Valley View Ln'}, 'city': 'Launceston', 'state': 'Tasman...</msg>
<var>${json_data}</var>
<arg>${response.json()}</arg>
<doc>Returns the given values which can then be assigned to a variables.</doc>
<status status="PASS" start="2024-05-08T09:14:36.956635" elapsed="0.000575"/>
</kw>
<kw name="Log" owner="BuiltIn">
<msg time="2024-05-08T09:14:36.957778" level="INFO">{'results': [{'gender': 'female', 'name': {'title': 'Ms', 'first': 'Louella', 'last': 'Hill'}, 'location': {'street': {'number': 1175, 'name': 'Valley View Ln'}, 'city': 'Launceston', 'state': 'Tasmania', 'country': 'Australia', 'postcode': 9714, 'coordinates': {'latitude': '-83.9343', 'longitude': '173.7963'}, 'timezone': {'offset': '+10:00', 'description': 'Eastern Australia, Guam, Vladivostok'}}, 'email': 'louella.hill@example.com', 'login': {'uuid': '96ef1d8b-d250-4731-a5ff-c77110ab7a54', 'username': 'yellowrabbit527', 'password': 'wilder', 'salt': 'jvbCpf4v', 'md5': '3d87a8d8d0ebdc1134253817ce1f9d24', 'sha1': '56ee66969a1864ef776038b31e378c8f6aa94015', 'sha256': '9fedea322a4646dc398531b4d9374c87bcf3ab92ff0da21c7b34b737fed2f41d'}, 'dob': {'date': '1971-11-14T05:29:20.878Z', 'age': 52}, 'registered': {'date': '2003-09-10T04:50:39.385Z', 'age': 20}, 'phone': '00-6746-3231', 'cell': '0485-353-456', 'id': {'name': 'TFN', 'value': '490085674'}, 'picture': {'large': 'https://randomuser.me/api/portraits/women/6.jpg', 'medium': 'https://randomuser.me/api/portraits/med/women/6.jpg', 'thumbnail': 'https://randomuser.me/api/portraits/thumb/women/6.jpg'}, 'nat': 'AU'}], 'info': {'seed': 'ff3e0cdfab2a637a', 'results': 1, 'page': 1, 'version': '1.4'}}</msg>
<arg>${json_data}</arg>
<doc>Logs the given message with the given level.</doc>
<status status="PASS" start="2024-05-08T09:14:36.957610" elapsed="0.000254"/>
</kw>
<kw name="Should Be String" owner="String">
<arg>${json_data['results'][0]['gender']}</arg>
<doc>Fails if the given ``item`` is not a string.</doc>
<status status="PASS" start="2024-05-08T09:14:36.958182" elapsed="0.000380"/>
</kw>
<kw name="Should Match Regexp" owner="BuiltIn">
<arg>${json_data['results'][0]['email']}</arg>
<arg>^[a-zA-Z0-9._%+-]+@[a-zA-Z0-9.-]+\.[a-zA-Z]{2,}$</arg>
<doc>Fails if ``string`` does not match ``pattern`` as a regular expression.</doc>
<status status="PASS" start="2024-05-08T09:14:36.958761" elapsed="0.000522"/>
</kw>
<kw name="Should Match Regexp" owner="BuiltIn">
<arg>${json_data['results'][0]['dob']['date']}</arg>
<arg>\\d{4}-\\d{2}-\\d{2}T\\d{2}:\\d{2}:\\d{2}\\.\\d{3}Z</arg>
<doc>Fails if ``string`` does not match ``pattern`` as a regular expression.</doc>
<status status="PASS" start="2024-05-08T09:14:36.959479" elapsed="0.000500"/>
</kw>
<kw name="Should Match Regexp" owner="BuiltIn">
<arg>${json_data['results'][0]['registered']['date']}</arg>
<arg>\\d{4}-\\d{2}-\\d{2}T\\d{2}:\\d{2}:\\d{2}\\.\\d{3}Z</arg>
<doc>Fails if ``string`` does not match ``pattern`` as a regular expression.</doc>
<status status="PASS" start="2024-05-08T09:14:36.960172" elapsed="0.000374"/>
</kw>
<kw name="Should Match Regexp" owner="BuiltIn">
<arg>${json_data['results'][0]['picture']['large']}</arg>
<arg>^https?://.*\.(?:png|jpe?g|gif|bmp)$</arg>
<doc>Fails if ``string`` does not match ``pattern`` as a regular expression.</doc>
<status status="PASS" start="2024-05-08T09:14:36.960738" elapsed="0.000465"/>
</kw>
<kw name="Should Match Regexp" owner="BuiltIn">
<arg>${json_data['results'][0]['picture']['medium']}</arg>
<arg>^https?://.*\.(?:png|jpe?g|gif|bmp)$</arg>
<doc>Fails if ``string`` does not match ``pattern`` as a regular expression.</doc>
<status status="PASS" start="2024-05-08T09:14:36.961414" elapsed="0.000360"/>
</kw>
<kw name="Should Match Regexp" owner="BuiltIn">
<arg>${json_data['results'][0]['picture']['thumbnail']}</arg>
<arg>^https?://.*\.(?:png|jpe?g|gif|bmp)$</arg>
<doc>Fails if ``string`` does not match ``pattern`` as a regular expression.</doc>
<status status="PASS" start="2024-05-08T09:14:36.961962" elapsed="0.000360"/>
</kw>
<kw name="Log" owner="BuiltIn">
<msg time="2024-05-08T09:14:36.962859" level="INFO">{'large': 'https://randomuser.me/api/portraits/women/6.jpg', 'medium': 'https://randomuser.me/api/portraits/med/women/6.jpg', 'thumbnail': 'https://randomuser.me/api/portraits/thumb/women/6.jpg'}</msg>
<arg>${json_data['results'][0]['picture']}</arg>
<doc>Logs the given message with the given level.</doc>
<status status="PASS" start="2024-05-08T09:14:36.962507" elapsed="0.000395"/>
</kw>
<status status="PASS" start="2024-05-08T09:14:36.868948" elapsed="0.094219"/>
</kw>
<kw name="Teste de Tipos de Dados - Postcode" owner="random-user-service">
<kw name="GET On Session" owner="RequestsLibrary">
<msg time="2024-05-08T09:14:37.083601" level="INFO">GET Request : url=https://randomuser.me/api 
 path_url=/api 
 headers={'User-Agent': 'python-requests/2.31.0', 'Accept-Encoding': 'gzip, deflate', 'Accept': '*/*', 'Connection': 'keep-alive'} 
 body=None 
 </msg>
<msg time="2024-05-08T09:14:37.083707" level="INFO">GET Response : url=https://randomuser.me/api 
 status=200, reason=OK 
 headers={'Date': 'Wed, 08 May 2024 09:14:37 GMT', 'Content-Type': 'application/json; charset=utf-8', 'Transfer-Encoding': 'chunked', 'Connection': 'keep-alive', 'X-Powered-By': 'Express', 'Access-Control-Allow-Origin': '*', 'Cache-Control': 'no-cache', 'ETag': 'W/"49f-m9eUXXkbivQluaaGNoWZsg80V6s"', 'Vary': 'Accept-Encoding', 'Content-Encoding': 'gzip', 'CF-Cache-Status': 'DYNAMIC', 'Report-To': '{"endpoints":[{"url":"https:\\/\\/a.nel.cloudflare.com\\/report\\/v4?s=8sz8TKf9%2Ftl7eMyMQRR3GsTtWGZRD51Deimwtt6qnvWOUrRwTHyKrT%2FYPkqg1KRNAe0VZFF6FGg8%2FZqkPqx9iUHvFC%2Fcx5dMnSBYHUyqGpT4F0chrmqUJdWx9gaoIwzY"}],"group":"cf-nel","max_age":604800}', 'NEL': '{"success_fraction":0,"report_to":"cf-nel","max_age":604800}', 'Server': 'cloudflare', 'CF-RAY': '8808572d09f09e64-SJC', 'alt-svc': 'h3=":443"; ma=86400'} 
 body={"results":[{"gender":"male","name":{"title":"Mr","first":"Björn","last":"Spielmann"},"location":{"street":{"number":8740,"name":"Tulpenweg"},"city":"Saalfeld/Saale","state":"Thüringen","country":"Germany","postcode":29079,"coordinates":{"latitude":"-54.6786","longitude":"-156.8365"},"timezone":{"offset":"+5:30","description":"Bombay, Calcutta, Madras, New Delhi"}},"email":"bjorn.spielmann@example.com","login":{"uuid":"1dbdecf3-da41-4377-8b41-51dee77ffb8a","username":"crazybutterfly413","password":"reggae","salt":"2OpenDCa","md5":"b7938adda4be47efcb15cbbc4a91ee17","sha1":"6ffc58627bb413ab44c54a1d8c26da1a97a009b3","sha256":"b4389fbf17fc8b68f5c6bb59cd2dea93232c76c3f3c7a58389e9be1e169bcbe4"},"dob":{"date":"1949-05-17T11:35:03.189Z","age":74},"registered":{"date":"2019-06-15T18:31:07.740Z","age":4},"phone":"0844-9965642","cell":"0179-8938229","id":{"name":"SVNR","value":"51 170549 S 344"},"picture":{"large":"https://randomuser.me/api/portraits/men/91.jpg","medium":"https://randomuser.me/api/portraits/med/men/91.jpg","thumbnail":"https://randomuser.me/api/portraits/thumb/men/91.jpg"},"nat":"DE"}],"info":{"seed":"1533e4c9a01f7b2e","results":1,"page":1,"version":"1.4"}} 
 </msg>
<msg time="2024-05-08T09:14:37.083789" level="INFO">/opt/hostedtoolcache/Python/3.12.3/x64/lib/python3.12/site-packages/urllib3/connectionpool.py:1103: InsecureRequestWarning: Unverified HTTPS request is being made to host 'randomuser.me'. Adding certificate verification is strongly advised. See: https://urllib3.readthedocs.io/en/latest/advanced-usage.html#tls-warnings
  warnings.warn(</msg>
<msg time="2024-05-08T09:14:37.083946" level="INFO">${response} = &lt;Response [200]&gt;</msg>
<var>${response}</var>
<arg>consultarAPI</arg>
<arg>/api</arg>
<doc>Sends a GET request on a previously created HTTP Session.</doc>
<status status="PASS" start="2024-05-08T09:14:36.963640" elapsed="0.120358"/>
</kw>
<kw name="Set Variable" owner="BuiltIn">
<msg time="2024-05-08T09:14:37.085057" level="INFO">${json_data} = {'results': [{'gender': 'male', 'name': {'title': 'Mr', 'first': 'Björn', 'last': 'Spielmann'}, 'location': {'street': {'number': 8740, 'name': 'Tulpenweg'}, 'city': 'Saalfeld/Saale', 'state': 'Thürin...</msg>
<var>${json_data}</var>
<arg>${response.json()}</arg>
<doc>Returns the given values which can then be assigned to a variables.</doc>
<status status="PASS" start="2024-05-08T09:14:37.084526" elapsed="0.000561"/>
</kw>
<kw name="Log" owner="BuiltIn">
<msg time="2024-05-08T09:14:37.085637" level="INFO">{'results': [{'gender': 'male', 'name': {'title': 'Mr', 'first': 'Björn', 'last': 'Spielmann'}, 'location': {'street': {'number': 8740, 'name': 'Tulpenweg'}, 'city': 'Saalfeld/Saale', 'state': 'Thüringen', 'country': 'Germany', 'postcode': 29079, 'coordinates': {'latitude': '-54.6786', 'longitude': '-156.8365'}, 'timezone': {'offset': '+5:30', 'description': 'Bombay, Calcutta, Madras, New Delhi'}}, 'email': 'bjorn.spielmann@example.com', 'login': {'uuid': '1dbdecf3-da41-4377-8b41-51dee77ffb8a', 'username': 'crazybutterfly413', 'password': 'reggae', 'salt': '2OpenDCa', 'md5': 'b7938adda4be47efcb15cbbc4a91ee17', 'sha1': '6ffc58627bb413ab44c54a1d8c26da1a97a009b3', 'sha256': 'b4389fbf17fc8b68f5c6bb59cd2dea93232c76c3f3c7a58389e9be1e169bcbe4'}, 'dob': {'date': '1949-05-17T11:35:03.189Z', 'age': 74}, 'registered': {'date': '2019-06-15T18:31:07.740Z', 'age': 4}, 'phone': '0844-9965642', 'cell': '0179-8938229', 'id': {'name': 'SVNR', 'value': '51 170549 S 344'}, 'picture': {'large': 'https://randomuser.me/api/portraits/men/91.jpg', 'medium': 'https://randomuser.me/api/portraits/med/men/91.jpg', 'thumbnail': 'https://randomuser.me/api/portraits/thumb/men/91.jpg'}, 'nat': 'DE'}], 'info': {'seed': '1533e4c9a01f7b2e', 'results': 1, 'page': 1, 'version': '1.4'}}</msg>
<arg>${json_data}</arg>
<doc>Logs the given message with the given level.</doc>
<status status="PASS" start="2024-05-08T09:14:37.085464" elapsed="0.000261"/>
</kw>
<kw name="Should Be Equal As Numbers" owner="BuiltIn">
<arg>${json_data['results'][0]['location']['postcode']}</arg>
<arg>${json_data['results'][0]['location']['postcode']}</arg>
<doc>Fails if objects are unequal after converting them to real numbers.</doc>
<status status="PASS" start="2024-05-08T09:14:37.086233" elapsed="0.000657"/>
</kw>
<kw name="Log" owner="BuiltIn">
<msg time="2024-05-08T09:14:37.087444" level="INFO">29079</msg>
<arg>${json_data['results'][0]['location']['postcode']}</arg>
<doc>Logs the given message with the given level.</doc>
<status status="PASS" start="2024-05-08T09:14:37.087091" elapsed="0.000399"/>
</kw>
<status status="PASS" start="2024-05-08T09:14:36.963402" elapsed="0.124357"/>
</kw>
<doc>Testa se os tipos de dados na resposta da API estão corretos.</doc>
<tag>testeTiposDados</tag>
<status status="PASS" start="2024-05-08T09:14:36.868416" elapsed="0.219529"/>
</test>
<test id="s1-s1-t5" name="Validar conteudo" line="35">
<kw name="Teste de Tipos de Conteudo" owner="random-user-service">
<kw name="GET On Session" owner="RequestsLibrary">
<msg time="2024-05-08T09:14:37.191536" level="INFO">GET Request : url=https://randomuser.me/api 
 path_url=/api 
 headers={'User-Agent': 'python-requests/2.31.0', 'Accept-Encoding': 'gzip, deflate', 'Accept': '*/*', 'Connection': 'keep-alive'} 
 body=None 
 </msg>
<msg time="2024-05-08T09:14:37.191629" level="INFO">GET Response : url=https://randomuser.me/api 
 status=200, reason=OK 
 headers={'Date': 'Wed, 08 May 2024 09:14:37 GMT', 'Content-Type': 'application/json; charset=utf-8', 'Transfer-Encoding': 'chunked', 'Connection': 'keep-alive', 'X-Powered-By': 'Express', 'Access-Control-Allow-Origin': '*', 'Cache-Control': 'no-cache', 'ETag': 'W/"489-70AeUw2lpB1jZOlW7pGwoKm5Bsg"', 'Vary': 'Accept-Encoding', 'Content-Encoding': 'gzip', 'CF-Cache-Status': 'DYNAMIC', 'Report-To': '{"endpoints":[{"url":"https:\\/\\/a.nel.cloudflare.com\\/report\\/v4?s=%2BUASbZPZ4FrXUWO1BfUOo4oqSIHcH5DP2hW4DFYj4z6ZDWhxzdEzkGj2Eo9inNUnlTDZftm%2FQlBb3eNtsSw93JCLiKuDxk0lir7oHnpiHXxCrPe2BcynOzEknXfwwc80"}],"group":"cf-nel","max_age":604800}', 'NEL': '{"success_fraction":0,"report_to":"cf-nel","max_age":604800}', 'Server': 'cloudflare', 'CF-RAY': '8808572dda879e64-SJC', 'alt-svc': 'h3=":443"; ma=86400'} 
 body={"results":[{"gender":"male","name":{"title":"Mr","first":"José","last":"Morales"},"location":{"street":{"number":2399,"name":"Calle de La Democracia"},"city":"Alcobendas","state":"Canarias","country":"Spain","postcode":92513,"coordinates":{"latitude":"-31.3666","longitude":"-60.9878"},"timezone":{"offset":"-8:00","description":"Pacific Time (US &amp; Canada)"}},"email":"jose.morales@example.com","login":{"uuid":"9923803e-1bce-4579-aa36-01ecf0c370c1","username":"brownkoala145","password":"pacific","salt":"eRY3uDJQ","md5":"740d757a1cfdc2f0b9417d556aaedddc","sha1":"59c028bb7d2c3dd7ee5c8ce37b9d7192f691b6c7","sha256":"63a4fcf44cbd0a05b90c4434690a98bfcf4215dcf90d5e5ba7857412f37859bd"},"dob":{"date":"1949-04-18T06:39:53.931Z","age":75},"registered":{"date":"2019-11-21T21:39:45.748Z","age":4},"phone":"990-724-071","cell":"652-353-439","id":{"name":"DNI","value":"35547155-N"},"picture":{"large":"https://randomuser.me/api/portraits/men/80.jpg","medium":"https://randomuser.me/api/portraits/med/men/80.jpg","thumbnail":"https://randomuser.me/api/portraits/thumb/men/80.jpg"},"nat":"ES"}],"info":{"seed":"e7025b40241204e4","results":1,"page":1,"version":"1.4"}} 
 </msg>
<msg time="2024-05-08T09:14:37.191698" level="INFO">/opt/hostedtoolcache/Python/3.12.3/x64/lib/python3.12/site-packages/urllib3/connectionpool.py:1103: InsecureRequestWarning: Unverified HTTPS request is being made to host 'randomuser.me'. Adding certificate verification is strongly advised. See: https://urllib3.readthedocs.io/en/latest/advanced-usage.html#tls-warnings
  warnings.warn(</msg>
<msg time="2024-05-08T09:14:37.191810" level="INFO">${response} = &lt;Response [200]&gt;</msg>
<var>${response}</var>
<arg>consultarAPI</arg>
<arg>/api</arg>
<doc>Sends a GET request on a previously created HTTP Session.</doc>
<status status="PASS" start="2024-05-08T09:14:37.091337" elapsed="0.100503"/>
</kw>
<kw name="Set Variable" owner="BuiltIn">
<msg time="2024-05-08T09:14:37.192838" level="INFO">${json_data} = {'results': [{'gender': 'male', 'name': {'title': 'Mr', 'first': 'José', 'last': 'Morales'}, 'location': {'street': {'number': 2399, 'name': 'Calle de La Democracia'}, 'city': 'Alcobendas', 'state': '...</msg>
<var>${json_data}</var>
<arg>${response.json()}</arg>
<doc>Returns the given values which can then be assigned to a variables.</doc>
<status status="PASS" start="2024-05-08T09:14:37.192335" elapsed="0.000532"/>
</kw>
<kw name="Set Variable" owner="BuiltIn">
<msg time="2024-05-08T09:14:37.193602" level="INFO">${name_title} = Mr</msg>
<var>${name_title}</var>
<arg>${json_data["results"][0]["name"]["title"]}</arg>
<doc>Returns the given values which can then be assigned to a variables.</doc>
<status status="PASS" start="2024-05-08T09:14:37.193171" elapsed="0.000459"/>
</kw>
<kw name="Create List" owner="BuiltIn">
<msg time="2024-05-08T09:14:37.194081" level="INFO">${allowed_titles} = ['Mr', 'Ms', 'Miss', 'Mrs', 'Madame', 'Monsieur']</msg>
<var>${allowed_titles}</var>
<arg>Mr</arg>
<arg>Ms</arg>
<arg>Miss</arg>
<arg>Mrs</arg>
<arg>Madame</arg>
<arg>Monsieur</arg>
<doc>Returns a list containing given items.</doc>
<status status="PASS" start="2024-05-08T09:14:37.193933" elapsed="0.000172"/>
</kw>
<kw name="List Should Contain Value" owner="Collections">
<msg time="2024-05-08T09:14:37.194582" level="INFO">False</msg>
<arg>${allowed_titles}</arg>
<arg>${name_title}</arg>
<doc>Fails if the ``value`` is not found from ``list``.</doc>
<status status="PASS" start="2024-05-08T09:14:37.194404" elapsed="0.000216"/>
</kw>
<kw name="Set Variable" owner="BuiltIn">
<msg time="2024-05-08T09:14:37.195293" level="INFO">${name_country} = ES</msg>
<var>${name_country}</var>
<arg>${json_data["results"][0]["nat"]}</arg>
<doc>Returns the given values which can then be assigned to a variables.</doc>
<status status="PASS" start="2024-05-08T09:14:37.194913" elapsed="0.000405"/>
</kw>
<kw name="Create List" owner="BuiltIn">
<msg time="2024-05-08T09:14:37.196212" level="INFO">${list_country} = ['AD', 'AE', 'AF', 'AG', 'AI', 'AL', 'AM', 'AO', 'AQ', 'AR', 'AS', 'AT', 'AU', 'AW', 'AX', 'AZ', 'BA', 'BB', 'BD', 'BE', 'BF', 'BG', 'BH', 'BI', 'BJ', 'BL', 'BM', 'BN', 'BO', 'BQ', 'BR', 'BS', 'BT', '...</msg>
<var>${list_country}</var>
<arg>AD</arg>
<arg>AE</arg>
<arg>AF</arg>
<arg>AG</arg>
<arg>AI</arg>
<arg>AL</arg>
<arg>AM</arg>
<arg>AO</arg>
<arg>AQ</arg>
<arg>AR</arg>
<arg>AS</arg>
<arg>AT</arg>
<arg>AU</arg>
<arg>AW</arg>
<arg>AX</arg>
<arg>AZ</arg>
<arg>BA</arg>
<arg>BB</arg>
<arg>BD</arg>
<arg>BE</arg>
<arg>BF</arg>
<arg>BG</arg>
<arg>BH</arg>
<arg>BI</arg>
<arg>BJ</arg>
<arg>BL</arg>
<arg>BM</arg>
<arg>BN</arg>
<arg>BO</arg>
<arg>BQ</arg>
<arg>BR</arg>
<arg>BS</arg>
<arg>BT</arg>
<arg>BV</arg>
<arg>BW</arg>
<arg>BY</arg>
<arg>BZ</arg>
<arg>CA</arg>
<arg>CC</arg>
<arg>CD</arg>
<arg>CF</arg>
<arg>CG</arg>
<arg>CH</arg>
<arg>CI</arg>
<arg>CK</arg>
<arg>CL</arg>
<arg>CM</arg>
<arg>CN</arg>
<arg>CO</arg>
<arg>CR</arg>
<arg>CU</arg>
<arg>CV</arg>
<arg>CW</arg>
<arg>CX</arg>
<arg>CY</arg>
<arg>CZ</arg>
<arg>DE</arg>
<arg>DJ</arg>
<arg>DK</arg>
<arg>DM</arg>
<arg>DO</arg>
<arg>DZ</arg>
<arg>EC</arg>
<arg>EE</arg>
<arg>EG</arg>
<arg>EH</arg>
<arg>ER</arg>
<arg>ES</arg>
<arg>ET</arg>
<arg>FI</arg>
<arg>FJ</arg>
<arg>FK</arg>
<arg>FM</arg>
<arg>FO</arg>
<arg>FR</arg>
<arg>GA</arg>
<arg>GB</arg>
<arg>GD</arg>
<arg>GE</arg>
<arg>GF</arg>
<arg>GG</arg>
<arg>GH</arg>
<arg>GI</arg>
<arg>GL</arg>
<arg>GM</arg>
<arg>GN</arg>
<arg>GP</arg>
<arg>GQ</arg>
<arg>GR</arg>
<arg>GS</arg>
<arg>GT</arg>
<arg>GU</arg>
<arg>GW</arg>
<arg>GY</arg>
<arg>HK</arg>
<arg>HM</arg>
<arg>HN</arg>
<arg>HR</arg>
<arg>HT</arg>
<arg>HU</arg>
<arg>ID</arg>
<arg>IE</arg>
<arg>IL</arg>
<arg>IM</arg>
<arg>IN</arg>
<arg>IO</arg>
<arg>IQ</arg>
<arg>IR</arg>
<arg>IS</arg>
<arg>IT</arg>
<arg>JE</arg>
<arg>JM</arg>
<arg>JO</arg>
<arg>JP</arg>
<arg>KE</arg>
<arg>KG</arg>
<arg>KH</arg>
<arg>KI</arg>
<arg>KM</arg>
<arg>KN</arg>
<arg>KP</arg>
<arg>KR</arg>
<arg>KW</arg>
<arg>KY</arg>
<arg>KZ</arg>
<arg>LA</arg>
<arg>LB</arg>
<arg>LC</arg>
<arg>LI</arg>
<arg>LK</arg>
<arg>LR</arg>
<arg>LS</arg>
<arg>LT</arg>
<arg>LU</arg>
<arg>LV</arg>
<arg>LY</arg>
<arg>MA</arg>
<arg>MC</arg>
<arg>MD</arg>
<arg>ME</arg>
<arg>MF</arg>
<arg>MG</arg>
<arg>MH</arg>
<arg>MK</arg>
<arg>ML</arg>
<arg>MM</arg>
<arg>MN</arg>
<arg>MO</arg>
<arg>MP</arg>
<arg>MQ</arg>
<arg>MR</arg>
<arg>MS</arg>
<arg>MT</arg>
<arg>MU</arg>
<arg>MV</arg>
<arg>MW</arg>
<arg>MX</arg>
<arg>MY</arg>
<arg>MZ</arg>
<arg>NA</arg>
<arg>NC</arg>
<arg>NE</arg>
<arg>NF</arg>
<arg>NG</arg>
<arg>NI</arg>
<arg>NL</arg>
<arg>NO</arg>
<arg>NP</arg>
<arg>NR</arg>
<arg>NU</arg>
<arg>NZ</arg>
<arg>OM</arg>
<arg>PA</arg>
<arg>PE</arg>
<arg>PF</arg>
<arg>PG</arg>
<arg>PH</arg>
<arg>PK</arg>
<arg>PL</arg>
<arg>PM</arg>
<arg>PN</arg>
<arg>PR</arg>
<arg>PS</arg>
<arg>PT</arg>
<arg>PW</arg>
<arg>PY</arg>
<arg>QA</arg>
<arg>RE</arg>
<arg>RO</arg>
<arg>RS</arg>
<arg>RU</arg>
<arg>RW</arg>
<arg>SA</arg>
<arg>SB</arg>
<arg>SC</arg>
<arg>SD</arg>
<arg>SE</arg>
<arg>SG</arg>
<arg>SH</arg>
<arg>SI</arg>
<arg>SJ</arg>
<arg>SK</arg>
<arg>SL</arg>
<arg>SM</arg>
<arg>SN</arg>
<arg>SO</arg>
<arg>SR</arg>
<arg>SS</arg>
<arg>ST</arg>
<arg>SV</arg>
<arg>SX</arg>
<arg>SY</arg>
<arg>SZ</arg>
<arg>TC</arg>
<arg>TD</arg>
<arg>TF</arg>
<arg>TG</arg>
<arg>TH</arg>
<arg>TJ</arg>
<arg>TK</arg>
<arg>TL</arg>
<arg>TM</arg>
<arg>TN</arg>
<arg>TO</arg>
<arg>TR</arg>
<arg>TT</arg>
<arg>TV</arg>
<arg>TW</arg>
<arg>TZ</arg>
<arg>UA</arg>
<arg>UG</arg>
<arg>UM</arg>
<arg>US</arg>
<arg>UY</arg>
<arg>UZ</arg>
<arg>VA</arg>
<arg>VC</arg>
<arg>VE</arg>
<arg>VG</arg>
<arg>VI</arg>
<arg>VN</arg>
<arg>VU</arg>
<arg>WF</arg>
<arg>WS</arg>
<arg>XK</arg>
<arg>YE</arg>
<arg>YT</arg>
<arg>ZA</arg>
<arg>ZM</arg>
<arg>ZW</arg>
<doc>Returns a list containing given items.</doc>
<status status="PASS" start="2024-05-08T09:14:37.195621" elapsed="0.000617"/>
</kw>
<kw name="List Should Contain Value" owner="Collections">
<msg time="2024-05-08T09:14:37.197234" level="INFO">False</msg>
<arg>${list_country}</arg>
<arg>${name_country}</arg>
<doc>Fails if the ``value`` is not found from ``list``.</doc>
<status status="PASS" start="2024-05-08T09:14:37.197036" elapsed="0.000235"/>
</kw>
<kw name="Run Keyword If" owner="BuiltIn">
<kw name="Should Be True" owner="BuiltIn">
<arg>${True}</arg>
<doc>Fails if the given condition is not true.</doc>
<status status="PASS" start="2024-05-08T09:14:37.198371" elapsed="0.000272"/>
</kw>
<arg>${json_data["results"][0]["location"]["coordinates"]["latitude"]} &gt;= -90 and ${json_data["results"][0]["location"]["coordinates"]["latitude"]} &lt;= 90</arg>
<arg>Should Be True</arg>
<arg>${True}</arg>
<doc>Runs the given keyword with the given arguments, if ``condition`` is true.</doc>
<status status="PASS" start="2024-05-08T09:14:37.197611" elapsed="0.001165"/>
</kw>
<kw name="Run Keyword If" owner="BuiltIn">
<kw name="Should Be True" owner="BuiltIn">
<arg>${True}</arg>
<doc>Fails if the given condition is not true.</doc>
<status status="PASS" start="2024-05-08T09:14:37.199669" elapsed="0.000139"/>
</kw>
<arg>${json_data["results"][0]["location"]["coordinates"]["longitude"]} &gt;= -180 and ${json_data["results"][0]["location"]["coordinates"]["longitude"]} &lt;= 180</arg>
<arg>Should Be True</arg>
<arg>${True}</arg>
<doc>Runs the given keyword with the given arguments, if ``condition`` is true.</doc>
<status status="PASS" start="2024-05-08T09:14:37.198963" elapsed="0.000970"/>
</kw>
<status status="PASS" start="2024-05-08T09:14:37.090950" elapsed="0.109116"/>
</kw>
<doc>Testa o conteúdo específico dos campos retornados pela API.</doc>
<tag>testeConteudo</tag>
<status status="PASS" start="2024-05-08T09:14:37.090213" elapsed="0.110003"/>
</test>
<status status="PASS" start="2024-05-08T09:14:36.293082" elapsed="0.909095"/>
</suite>
<status status="PASS" start="2024-05-08T09:14:36.279169" elapsed="0.928191"/>
</suite>
<statistics>
<total>
<stat pass="5" fail="0" skip="0">All Tests</stat>
</total>
<tag>
<stat pass="1" fail="0" skip="0">testeConteudo</stat>
<stat pass="1" fail="0" skip="0">testeEstruturaResposta</stat>
<stat pass="1" fail="0" skip="0">testeRequisicaoBasica</stat>
<stat pass="1" fail="0" skip="0">testeTiposDados</stat>
</tag>
<suite>
<stat pass="5" fail="0" skip="0" id="s1" name="Tests">Tests</stat>
<stat pass="5" fail="0" skip="0" id="s1-s1" name="Random-User-Test">Tests.Random-User-Test</stat>
</suite>
</statistics>
<errors>
</errors>
</robot>
