<?xml version="1.0" encoding="UTF-8"?>
<robot generator="Robot 7.0.1 (Python 3.12.4 on linux)" generated="2024-07-03T11:13:00.961104" rpa="false" schemaversion="5">
<suite id="s1" name="Tests" source="/home/runner/work/ApiRandomUser/ApiRandomUser/RamdonUser/tests">
<suite id="s1-s1" name="Random-User-Test" source="/home/runner/work/ApiRandomUser/ApiRandomUser/RamdonUser/tests/random-user-test.robot">
<test id="s1-s1-t1" name="Conectar" line="13">
<kw name="Conectar API" owner="random-user-service">
<kw name="Create Session" owner="RequestsLibrary">
<msg time="2024-07-03T11:13:01.364826" level="INFO">Creating Session using : alias=consultarAPI, url=https://randomuser.me/, headers={},                     cookies={}, auth=None, timeout=None, proxies=None, verify=False,                     debug=0 </msg>
<arg>consultarAPI</arg>
<arg>${URL}</arg>
<doc>Create Session: create a HTTP session to a server</doc>
<status status="PASS" start="2024-07-03T11:13:01.364616" elapsed="0.000387"/>
</kw>
<status status="PASS" start="2024-07-03T11:13:01.363633" elapsed="0.001734"/>
</kw>
<status status="PASS" start="2024-07-03T11:13:01.363036" elapsed="0.002531"/>
</test>
<test id="s1-s1-t2" name="Validar retorno 200 e JSON Válido" line="16">
<kw name="Teste de Requisicao Basica" owner="random-user-service">
<kw name="GET On Session" owner="RequestsLibrary">
<msg time="2024-07-03T11:13:01.630454" level="INFO">GET Request : url=https://randomuser.me/api 
 path_url=/api 
 headers={'User-Agent': 'python-requests/2.32.3', 'Accept-Encoding': 'gzip, deflate', 'Accept': '*/*', 'Connection': 'keep-alive'} 
 body=None 
 </msg>
<msg time="2024-07-03T11:13:01.630617" level="INFO">GET Response : url=https://randomuser.me/api 
 status=200, reason=OK 
 headers={'Date': 'Wed, 03 Jul 2024 11:13:01 GMT', 'Content-Type': 'application/json; charset=utf-8', 'Transfer-Encoding': 'chunked', 'Connection': 'keep-alive', 'X-Powered-By': 'Express', 'Access-Control-Allow-Origin': '*', 'Cache-Control': 'no-cache', 'ETag': 'W/"461-Kj9xCCpIuxwrpvhzWUlWNdYjZeg"', 'Vary': 'Accept-Encoding', 'Content-Encoding': 'gzip', 'CF-Cache-Status': 'DYNAMIC', 'Report-To': '{"endpoints":[{"url":"https:\\/\\/a.nel.cloudflare.com\\/report\\/v4?s=8j42l2lFU0KNC92n41TPuwBB7ErTTOT3O865InboBy8zMYselpnwxMW9mUi%2BNpn8S5nMPrYkEh2mji%2FG%2BP7AtB23OA0EDqZzLmykKDr8vI77m4SOa19wxZUlBIwRr%2FdX"}],"group":"cf-nel","max_age":604800}', 'NEL': '{"success_fraction":0,"report_to":"cf-nel","max_age":604800}', 'Server': 'cloudflare', 'CF-RAY': '89d671a0dd3e38a4-IAD', 'alt-svc': 'h3=":443"; ma=86400'} 
 body={"results":[{"gender":"male","name":{"title":"Mr","first":"Naveen","last":"Babu"},"location":{"street":{"number":423,"name":"Old Jail Rd"},"city":"Noida","state":"Telangana","country":"India","postcode":10563,"coordinates":{"latitude":"5.1013","longitude":"-13.5945"},"timezone":{"offset":"-10:00","description":"Hawaii"}},"email":"naveen.babu@example.com","login":{"uuid":"a1109ae0-50f3-49eb-88bc-fab821e16d81","username":"sadrabbit970","password":"luther","salt":"wb8pM5Rq","md5":"fbd67d8ccb4f5c598b81b1d37b59b95a","sha1":"25180357205b671db0bbf07b3cd0a9697b65bed8","sha256":"3005cbb34f99e7f466579b6d9b76d3449085aff597d4803c4b8e0e8a349eecbe"},"dob":{"date":"1983-08-27T03:32:28.792Z","age":40},"registered":{"date":"2017-01-31T20:05:53.275Z","age":7},"phone":"7190485039","cell":"7821609048","id":{"name":"UIDAI","value":"750719400427"},"picture":{"large":"https://randomuser.me/api/portraits/men/53.jpg","medium":"https://randomuser.me/api/portraits/med/men/53.jpg","thumbnail":"https://randomuser.me/api/portraits/thumb/men/53.jpg"},"nat":"IN"}],"info":{"seed":"586f22ebb2336edb","results":1,"page":1,"version":"1.4"}} 
 </msg>
<msg time="2024-07-03T11:13:01.630707" level="INFO">/opt/hostedtoolcache/Python/3.12.4/x64/lib/python3.12/site-packages/urllib3/connectionpool.py:1099: InsecureRequestWarning: Unverified HTTPS request is being made to host 'randomuser.me'. Adding certificate verification is strongly advised. See: https://urllib3.readthedocs.io/en/latest/advanced-usage.html#tls-warnings
  warnings.warn(</msg>
<msg time="2024-07-03T11:13:01.630847" level="INFO">${response} = &lt;Response [200]&gt;</msg>
<var>${response}</var>
<arg>consultarAPI</arg>
<arg>/api</arg>
<doc>Sends a GET request on a previously created HTTP Session.</doc>
<status status="PASS" start="2024-07-03T11:13:01.368398" elapsed="0.262490"/>
</kw>
<kw name="Should Be Equal As Numbers" owner="BuiltIn">
<msg time="2024-07-03T11:13:01.631975" level="INFO">Argument types are:
&lt;class 'int'&gt;
&lt;class 'str'&gt;</msg>
<arg>${response.status_code}</arg>
<arg>200</arg>
<doc>Fails if objects are unequal after converting them to real numbers.</doc>
<status status="PASS" start="2024-07-03T11:13:01.631498" elapsed="0.000541"/>
</kw>
<kw name="Log" owner="BuiltIn">
<msg time="2024-07-03T11:13:01.632707" level="INFO">200</msg>
<arg>${response.status_code}</arg>
<doc>Logs the given message with the given level.</doc>
<status status="PASS" start="2024-07-03T11:13:01.632353" elapsed="0.000396"/>
</kw>
<kw name="Set Variable" owner="BuiltIn">
<msg time="2024-07-03T11:13:01.633515" level="INFO">${json_data} = {'results': [{'gender': 'male', 'name': {'title': 'Mr', 'first': 'Naveen', 'last': 'Babu'}, 'location': {'street': {'number': 423, 'name': 'Old Jail Rd'}, 'city': 'Noida', 'state': 'Telangana', 'count...</msg>
<var>${json_data}</var>
<arg>${response.json()}</arg>
<doc>Returns the given values which can then be assigned to a variables.</doc>
<status status="PASS" start="2024-07-03T11:13:01.633074" elapsed="0.000469"/>
</kw>
<kw name="Dictionary Should Contain Key" owner="Collections">
<arg>${json_data}</arg>
<arg>results</arg>
<doc>Fails if ``key`` is not found from ``dictionary``.</doc>
<status status="PASS" start="2024-07-03T11:13:01.633837" elapsed="0.000176"/>
</kw>
<status status="PASS" start="2024-07-03T11:13:01.368136" elapsed="0.266028"/>
</kw>
<doc>Testa se a API responde corretamente e retorna um objeto JSON válido.</doc>
<tag>testeRequisicaoBasica</tag>
<status status="PASS" start="2024-07-03T11:13:01.367605" elapsed="0.266736"/>
</test>
<test id="s1-s1-t3" name="Validar estrutura de resposta" line="22">
<kw name="Teste de Estrutura de Resposta" owner="random-user-service">
<kw name="GET On Session" owner="RequestsLibrary">
<msg time="2024-07-03T11:13:01.741097" level="INFO">GET Request : url=https://randomuser.me/api 
 path_url=/api 
 headers={'User-Agent': 'python-requests/2.32.3', 'Accept-Encoding': 'gzip, deflate', 'Accept': '*/*', 'Connection': 'keep-alive'} 
 body=None 
 </msg>
<msg time="2024-07-03T11:13:01.741186" level="INFO">GET Response : url=https://randomuser.me/api 
 status=200, reason=OK 
 headers={'Date': 'Wed, 03 Jul 2024 11:13:01 GMT', 'Content-Type': 'application/json; charset=utf-8', 'Transfer-Encoding': 'chunked', 'Connection': 'keep-alive', 'X-Powered-By': 'Express', 'Access-Control-Allow-Origin': '*', 'Cache-Control': 'no-cache', 'ETag': 'W/"49a-yj5qPpQoMxTrYb9vMY8TKjOo2nA"', 'Vary': 'Accept-Encoding', 'Content-Encoding': 'gzip', 'CF-Cache-Status': 'DYNAMIC', 'Report-To': '{"endpoints":[{"url":"https:\\/\\/a.nel.cloudflare.com\\/report\\/v4?s=9SeWmqYRBHa3D1m0nym%2B9wy%2B6LPGM6Y7RaP01dAokkTHqK6eIabTsxzAof8LF5os1nMfxOdUa6nMD7Rm3dpqaFw5QOmbxhn3ZwM0sgQ5wPXE1oeeVZxusFzCvdHIdXnr"}],"group":"cf-nel","max_age":604800}', 'NEL': '{"success_fraction":0,"report_to":"cf-nel","max_age":604800}', 'Server': 'cloudflare', 'CF-RAY': '89d671a13d8238a4-IAD', 'alt-svc': 'h3=":443"; ma=86400'} 
 body={"results":[{"gender":"female","name":{"title":"Ms","first":"Heather","last":"Lewis"},"location":{"street":{"number":3107,"name":"The Drive"},"city":"Bristol","state":"Rutland","country":"United Kingdom","postcode":"AN35 0YT","coordinates":{"latitude":"-6.5818","longitude":"75.4604"},"timezone":{"offset":"+3:00","description":"Baghdad, Riyadh, Moscow, St. Petersburg"}},"email":"heather.lewis@example.com","login":{"uuid":"68c84d2b-bf8c-4642-9d47-0a8c14df24f0","username":"lazybear696","password":"darius","salt":"9IUApj2Y","md5":"a703889433f42a5acdace87e8877e5f9","sha1":"f7954fa4eda469164c4a7fa6d079f982f2e72e7b","sha256":"6fde5cee71a46a531cb11fc1ed6139c7399e115fb9dc740ad5e42979f2025b7a"},"dob":{"date":"1973-01-19T08:56:59.526Z","age":51},"registered":{"date":"2017-11-16T18:44:55.927Z","age":6},"phone":"01450 641155","cell":"07457 265151","id":{"name":"NINO","value":"XT 76 52 93 K"},"picture":{"large":"https://randomuser.me/api/portraits/women/6.jpg","medium":"https://randomuser.me/api/portraits/med/women/6.jpg","thumbnail":"https://randomuser.me/api/portraits/thumb/women/6.jpg"},"nat":"GB"}],"info":{"seed":"391eda76b5db6fbe","results":1,"page":1,"version":"1.4"}} 
 </msg>
<msg time="2024-07-03T11:13:01.741310" level="INFO">/opt/hostedtoolcache/Python/3.12.4/x64/lib/python3.12/site-packages/urllib3/connectionpool.py:1099: InsecureRequestWarning: Unverified HTTPS request is being made to host 'randomuser.me'. Adding certificate verification is strongly advised. See: https://urllib3.readthedocs.io/en/latest/advanced-usage.html#tls-warnings
  warnings.warn(</msg>
<msg time="2024-07-03T11:13:01.741441" level="INFO">${response} = &lt;Response [200]&gt;</msg>
<var>${response}</var>
<arg>consultarAPI</arg>
<arg>/api</arg>
<doc>Sends a GET request on a previously created HTTP Session.</doc>
<status status="PASS" start="2024-07-03T11:13:01.637055" elapsed="0.104436"/>
</kw>
<kw name="Set Variable" owner="BuiltIn">
<msg time="2024-07-03T11:13:01.742661" level="INFO">${json_data} = {'results': [{'gender': 'female', 'name': {'title': 'Ms', 'first': 'Heather', 'last': 'Lewis'}, 'location': {'street': {'number': 3107, 'name': 'The Drive'}, 'city': 'Bristol', 'state': 'Rutland', 'co...</msg>
<var>${json_data}</var>
<arg>${response.json()}</arg>
<doc>Returns the given values which can then be assigned to a variables.</doc>
<status status="PASS" start="2024-07-03T11:13:01.742053" elapsed="0.000639"/>
</kw>
<kw name="Log" owner="BuiltIn">
<msg time="2024-07-03T11:13:01.743160" level="INFO">{'results': [{'gender': 'female', 'name': {'title': 'Ms', 'first': 'Heather', 'last': 'Lewis'}, 'location': {'street': {'number': 3107, 'name': 'The Drive'}, 'city': 'Bristol', 'state': 'Rutland', 'country': 'United Kingdom', 'postcode': 'AN35 0YT', 'coordinates': {'latitude': '-6.5818', 'longitude': '75.4604'}, 'timezone': {'offset': '+3:00', 'description': 'Baghdad, Riyadh, Moscow, St. Petersburg'}}, 'email': 'heather.lewis@example.com', 'login': {'uuid': '68c84d2b-bf8c-4642-9d47-0a8c14df24f0', 'username': 'lazybear696', 'password': 'darius', 'salt': '9IUApj2Y', 'md5': 'a703889433f42a5acdace87e8877e5f9', 'sha1': 'f7954fa4eda469164c4a7fa6d079f982f2e72e7b', 'sha256': '6fde5cee71a46a531cb11fc1ed6139c7399e115fb9dc740ad5e42979f2025b7a'}, 'dob': {'date': '1973-01-19T08:56:59.526Z', 'age': 51}, 'registered': {'date': '2017-11-16T18:44:55.927Z', 'age': 6}, 'phone': '01450 641155', 'cell': '07457 265151', 'id': {'name': 'NINO', 'value': 'XT 76 52 93 K'}, 'picture': {'large': 'https://randomuser.me/api/portraits/women/6.jpg', 'medium': 'https://randomuser.me/api/portraits/med/women/6.jpg', 'thumbnail': 'https://randomuser.me/api/portraits/thumb/women/6.jpg'}, 'nat': 'GB'}], 'info': {'seed': '391eda76b5db6fbe', 'results': 1, 'page': 1, 'version': '1.4'}}</msg>
<arg>${json_data}</arg>
<doc>Logs the given message with the given level.</doc>
<status status="PASS" start="2024-07-03T11:13:01.743003" elapsed="0.000204"/>
</kw>
<kw name="Dictionary Should Contain Key" owner="Collections">
<arg>${json_data}</arg>
<arg>results</arg>
<doc>Fails if ``key`` is not found from ``dictionary``.</doc>
<status status="PASS" start="2024-07-03T11:13:01.743494" elapsed="0.000159"/>
</kw>
<kw name="Should Not Be Empty" owner="BuiltIn">
<msg time="2024-07-03T11:13:01.743961" level="INFO">Length is 2.</msg>
<arg>${json_data}</arg>
<doc>Verifies that the given item is not empty.</doc>
<status status="PASS" start="2024-07-03T11:13:01.743835" elapsed="0.000165"/>
</kw>
<kw name="Create List" owner="BuiltIn">
<msg time="2024-07-03T11:13:01.744583" level="INFO">${expected_keys} = ['gender', 'name', 'location', 'email', 'login']</msg>
<var>${expected_keys}</var>
<arg>gender</arg>
<arg>name</arg>
<arg>location</arg>
<arg>email</arg>
<arg>login</arg>
<doc>Returns a list containing given items.</doc>
<status status="PASS" start="2024-07-03T11:13:01.744296" elapsed="0.000312"/>
</kw>
<for flavor="IN">
<iter>
<kw name="Dictionary Should Contain Key" owner="Collections">
<arg>${json_data['results'][0]}</arg>
<arg>${key}</arg>
<doc>Fails if ``key`` is not found from ``dictionary``.</doc>
<status status="PASS" start="2024-07-03T11:13:01.745178" elapsed="0.000400"/>
</kw>
<kw name="Log" owner="BuiltIn">
<msg time="2024-07-03T11:13:01.746119" level="INFO">{'gender': 'female', 'name': {'title': 'Ms', 'first': 'Heather', 'last': 'Lewis'}, 'location': {'street': {'number': 3107, 'name': 'The Drive'}, 'city': 'Bristol', 'state': 'Rutland', 'country': 'United Kingdom', 'postcode': 'AN35 0YT', 'coordinates': {'latitude': '-6.5818', 'longitude': '75.4604'}, 'timezone': {'offset': '+3:00', 'description': 'Baghdad, Riyadh, Moscow, St. Petersburg'}}, 'email': 'heather.lewis@example.com', 'login': {'uuid': '68c84d2b-bf8c-4642-9d47-0a8c14df24f0', 'username': 'lazybear696', 'password': 'darius', 'salt': '9IUApj2Y', 'md5': 'a703889433f42a5acdace87e8877e5f9', 'sha1': 'f7954fa4eda469164c4a7fa6d079f982f2e72e7b', 'sha256': '6fde5cee71a46a531cb11fc1ed6139c7399e115fb9dc740ad5e42979f2025b7a'}, 'dob': {'date': '1973-01-19T08:56:59.526Z', 'age': 51}, 'registered': {'date': '2017-11-16T18:44:55.927Z', 'age': 6}, 'phone': '01450 641155', 'cell': '07457 265151', 'id': {'name': 'NINO', 'value': 'XT 76 52 93 K'}, 'picture': {'large': 'https://randomuser.me/api/portraits/women/6.jpg', 'medium': 'https://randomuser.me/api/portraits/med/women/6.jpg', 'thumbnail': 'https://randomuser.me/api/portraits/thumb/women/6.jpg'}, 'nat': 'GB'}</msg>
<arg>${json_data['results'][0]}</arg>
<doc>Logs the given message with the given level.</doc>
<status status="PASS" start="2024-07-03T11:13:01.745762" elapsed="0.000405"/>
</kw>
<kw name="Log" owner="BuiltIn">
<msg time="2024-07-03T11:13:01.746623" level="INFO">gender</msg>
<arg>${key}</arg>
<doc>Logs the given message with the given level.</doc>
<status status="PASS" start="2024-07-03T11:13:01.746466" elapsed="0.000198"/>
</kw>
<var name="${key}">gender</var>
<status status="PASS" start="2024-07-03T11:13:01.745054" elapsed="0.001833"/>
</iter>
<iter>
<kw name="Dictionary Should Contain Key" owner="Collections">
<arg>${json_data['results'][0]}</arg>
<arg>${key}</arg>
<doc>Fails if ``key`` is not found from ``dictionary``.</doc>
<status status="PASS" start="2024-07-03T11:13:01.747184" elapsed="0.000389"/>
</kw>
<kw name="Log" owner="BuiltIn">
<msg time="2024-07-03T11:13:01.748107" level="INFO">{'gender': 'female', 'name': {'title': 'Ms', 'first': 'Heather', 'last': 'Lewis'}, 'location': {'street': {'number': 3107, 'name': 'The Drive'}, 'city': 'Bristol', 'state': 'Rutland', 'country': 'United Kingdom', 'postcode': 'AN35 0YT', 'coordinates': {'latitude': '-6.5818', 'longitude': '75.4604'}, 'timezone': {'offset': '+3:00', 'description': 'Baghdad, Riyadh, Moscow, St. Petersburg'}}, 'email': 'heather.lewis@example.com', 'login': {'uuid': '68c84d2b-bf8c-4642-9d47-0a8c14df24f0', 'username': 'lazybear696', 'password': 'darius', 'salt': '9IUApj2Y', 'md5': 'a703889433f42a5acdace87e8877e5f9', 'sha1': 'f7954fa4eda469164c4a7fa6d079f982f2e72e7b', 'sha256': '6fde5cee71a46a531cb11fc1ed6139c7399e115fb9dc740ad5e42979f2025b7a'}, 'dob': {'date': '1973-01-19T08:56:59.526Z', 'age': 51}, 'registered': {'date': '2017-11-16T18:44:55.927Z', 'age': 6}, 'phone': '01450 641155', 'cell': '07457 265151', 'id': {'name': 'NINO', 'value': 'XT 76 52 93 K'}, 'picture': {'large': 'https://randomuser.me/api/portraits/women/6.jpg', 'medium': 'https://randomuser.me/api/portraits/med/women/6.jpg', 'thumbnail': 'https://randomuser.me/api/portraits/thumb/women/6.jpg'}, 'nat': 'GB'}</msg>
<arg>${json_data['results'][0]}</arg>
<doc>Logs the given message with the given level.</doc>
<status status="PASS" start="2024-07-03T11:13:01.747752" elapsed="0.000435"/>
</kw>
<kw name="Log" owner="BuiltIn">
<msg time="2024-07-03T11:13:01.748611" level="INFO">name</msg>
<arg>${key}</arg>
<doc>Logs the given message with the given level.</doc>
<status status="PASS" start="2024-07-03T11:13:01.748486" elapsed="0.000162"/>
</kw>
<var name="${key}">name</var>
<status status="PASS" start="2024-07-03T11:13:01.747073" elapsed="0.001793"/>
</iter>
<iter>
<kw name="Dictionary Should Contain Key" owner="Collections">
<arg>${json_data['results'][0]}</arg>
<arg>${key}</arg>
<doc>Fails if ``key`` is not found from ``dictionary``.</doc>
<status status="PASS" start="2024-07-03T11:13:01.749144" elapsed="0.000383"/>
</kw>
<kw name="Log" owner="BuiltIn">
<msg time="2024-07-03T11:13:01.750052" level="INFO">{'gender': 'female', 'name': {'title': 'Ms', 'first': 'Heather', 'last': 'Lewis'}, 'location': {'street': {'number': 3107, 'name': 'The Drive'}, 'city': 'Bristol', 'state': 'Rutland', 'country': 'United Kingdom', 'postcode': 'AN35 0YT', 'coordinates': {'latitude': '-6.5818', 'longitude': '75.4604'}, 'timezone': {'offset': '+3:00', 'description': 'Baghdad, Riyadh, Moscow, St. Petersburg'}}, 'email': 'heather.lewis@example.com', 'login': {'uuid': '68c84d2b-bf8c-4642-9d47-0a8c14df24f0', 'username': 'lazybear696', 'password': 'darius', 'salt': '9IUApj2Y', 'md5': 'a703889433f42a5acdace87e8877e5f9', 'sha1': 'f7954fa4eda469164c4a7fa6d079f982f2e72e7b', 'sha256': '6fde5cee71a46a531cb11fc1ed6139c7399e115fb9dc740ad5e42979f2025b7a'}, 'dob': {'date': '1973-01-19T08:56:59.526Z', 'age': 51}, 'registered': {'date': '2017-11-16T18:44:55.927Z', 'age': 6}, 'phone': '01450 641155', 'cell': '07457 265151', 'id': {'name': 'NINO', 'value': 'XT 76 52 93 K'}, 'picture': {'large': 'https://randomuser.me/api/portraits/women/6.jpg', 'medium': 'https://randomuser.me/api/portraits/med/women/6.jpg', 'thumbnail': 'https://randomuser.me/api/portraits/thumb/women/6.jpg'}, 'nat': 'GB'}</msg>
<arg>${json_data['results'][0]}</arg>
<doc>Logs the given message with the given level.</doc>
<status status="PASS" start="2024-07-03T11:13:01.749707" elapsed="0.000391"/>
</kw>
<kw name="Log" owner="BuiltIn">
<msg time="2024-07-03T11:13:01.750519" level="INFO">location</msg>
<arg>${key}</arg>
<doc>Logs the given message with the given level.</doc>
<status status="PASS" start="2024-07-03T11:13:01.750393" elapsed="0.000164"/>
</kw>
<var name="${key}">location</var>
<status status="PASS" start="2024-07-03T11:13:01.749040" elapsed="0.001779"/>
</iter>
<iter>
<kw name="Dictionary Should Contain Key" owner="Collections">
<arg>${json_data['results'][0]}</arg>
<arg>${key}</arg>
<doc>Fails if ``key`` is not found from ``dictionary``.</doc>
<status status="PASS" start="2024-07-03T11:13:01.751094" elapsed="0.000396"/>
</kw>
<kw name="Log" owner="BuiltIn">
<msg time="2024-07-03T11:13:01.752021" level="INFO">{'gender': 'female', 'name': {'title': 'Ms', 'first': 'Heather', 'last': 'Lewis'}, 'location': {'street': {'number': 3107, 'name': 'The Drive'}, 'city': 'Bristol', 'state': 'Rutland', 'country': 'United Kingdom', 'postcode': 'AN35 0YT', 'coordinates': {'latitude': '-6.5818', 'longitude': '75.4604'}, 'timezone': {'offset': '+3:00', 'description': 'Baghdad, Riyadh, Moscow, St. Petersburg'}}, 'email': 'heather.lewis@example.com', 'login': {'uuid': '68c84d2b-bf8c-4642-9d47-0a8c14df24f0', 'username': 'lazybear696', 'password': 'darius', 'salt': '9IUApj2Y', 'md5': 'a703889433f42a5acdace87e8877e5f9', 'sha1': 'f7954fa4eda469164c4a7fa6d079f982f2e72e7b', 'sha256': '6fde5cee71a46a531cb11fc1ed6139c7399e115fb9dc740ad5e42979f2025b7a'}, 'dob': {'date': '1973-01-19T08:56:59.526Z', 'age': 51}, 'registered': {'date': '2017-11-16T18:44:55.927Z', 'age': 6}, 'phone': '01450 641155', 'cell': '07457 265151', 'id': {'name': 'NINO', 'value': 'XT 76 52 93 K'}, 'picture': {'large': 'https://randomuser.me/api/portraits/women/6.jpg', 'medium': 'https://randomuser.me/api/portraits/med/women/6.jpg', 'thumbnail': 'https://randomuser.me/api/portraits/thumb/women/6.jpg'}, 'nat': 'GB'}</msg>
<arg>${json_data['results'][0]}</arg>
<doc>Logs the given message with the given level.</doc>
<status status="PASS" start="2024-07-03T11:13:01.751674" elapsed="0.000394"/>
</kw>
<kw name="Log" owner="BuiltIn">
<msg time="2024-07-03T11:13:01.752491" level="INFO">email</msg>
<arg>${key}</arg>
<doc>Logs the given message with the given level.</doc>
<status status="PASS" start="2024-07-03T11:13:01.752365" elapsed="0.000164"/>
</kw>
<var name="${key}">email</var>
<status status="PASS" start="2024-07-03T11:13:01.750989" elapsed="0.001778"/>
</iter>
<iter>
<kw name="Dictionary Should Contain Key" owner="Collections">
<arg>${json_data['results'][0]}</arg>
<arg>${key}</arg>
<doc>Fails if ``key`` is not found from ``dictionary``.</doc>
<status status="PASS" start="2024-07-03T11:13:01.753055" elapsed="0.000390"/>
</kw>
<kw name="Log" owner="BuiltIn">
<msg time="2024-07-03T11:13:01.753972" level="INFO">{'gender': 'female', 'name': {'title': 'Ms', 'first': 'Heather', 'last': 'Lewis'}, 'location': {'street': {'number': 3107, 'name': 'The Drive'}, 'city': 'Bristol', 'state': 'Rutland', 'country': 'United Kingdom', 'postcode': 'AN35 0YT', 'coordinates': {'latitude': '-6.5818', 'longitude': '75.4604'}, 'timezone': {'offset': '+3:00', 'description': 'Baghdad, Riyadh, Moscow, St. Petersburg'}}, 'email': 'heather.lewis@example.com', 'login': {'uuid': '68c84d2b-bf8c-4642-9d47-0a8c14df24f0', 'username': 'lazybear696', 'password': 'darius', 'salt': '9IUApj2Y', 'md5': 'a703889433f42a5acdace87e8877e5f9', 'sha1': 'f7954fa4eda469164c4a7fa6d079f982f2e72e7b', 'sha256': '6fde5cee71a46a531cb11fc1ed6139c7399e115fb9dc740ad5e42979f2025b7a'}, 'dob': {'date': '1973-01-19T08:56:59.526Z', 'age': 51}, 'registered': {'date': '2017-11-16T18:44:55.927Z', 'age': 6}, 'phone': '01450 641155', 'cell': '07457 265151', 'id': {'name': 'NINO', 'value': 'XT 76 52 93 K'}, 'picture': {'large': 'https://randomuser.me/api/portraits/women/6.jpg', 'medium': 'https://randomuser.me/api/portraits/med/women/6.jpg', 'thumbnail': 'https://randomuser.me/api/portraits/thumb/women/6.jpg'}, 'nat': 'GB'}</msg>
<arg>${json_data['results'][0]}</arg>
<doc>Logs the given message with the given level.</doc>
<status status="PASS" start="2024-07-03T11:13:01.753625" elapsed="0.000394"/>
</kw>
<kw name="Log" owner="BuiltIn">
<msg time="2024-07-03T11:13:01.754433" level="INFO">login</msg>
<arg>${key}</arg>
<doc>Logs the given message with the given level.</doc>
<status status="PASS" start="2024-07-03T11:13:01.754309" elapsed="0.000161"/>
</kw>
<var name="${key}">login</var>
<status status="PASS" start="2024-07-03T11:13:01.752940" elapsed="0.001783"/>
</iter>
<var>${key}</var>
<value>@{expected_keys}</value>
<status status="PASS" start="2024-07-03T11:13:01.744866" elapsed="0.009979"/>
</for>
<kw name="Create List" owner="BuiltIn">
<msg time="2024-07-03T11:13:01.755206" level="INFO">${expected_keysTwo} = ['username', 'password']</msg>
<var>${expected_keysTwo}</var>
<arg>username</arg>
<arg>password</arg>
<doc>Returns a list containing given items.</doc>
<status status="PASS" start="2024-07-03T11:13:01.755035" elapsed="0.000195"/>
</kw>
<for flavor="IN">
<iter>
<kw name="Dictionary Should Contain Key" owner="Collections">
<arg>${json_data['results'][0]['login']}</arg>
<arg>${keyTwo}</arg>
<doc>Fails if ``key`` is not found from ``dictionary``.</doc>
<status status="PASS" start="2024-07-03T11:13:01.755723" elapsed="0.000387"/>
</kw>
<kw name="Dictionary Should Contain Key" owner="Collections">
<arg>${json_data['results'][0]['login']}</arg>
<arg>${keyTwo}</arg>
<doc>Fails if ``key`` is not found from ``dictionary``.</doc>
<status status="PASS" start="2024-07-03T11:13:01.756289" elapsed="0.000369"/>
</kw>
<kw name="Log" owner="BuiltIn">
<msg time="2024-07-03T11:13:01.756958" level="INFO">username</msg>
<arg>${keyTwo}</arg>
<doc>Logs the given message with the given level.</doc>
<status status="PASS" start="2024-07-03T11:13:01.756840" elapsed="0.000155"/>
</kw>
<var name="${keyTwo}">username</var>
<status status="PASS" start="2024-07-03T11:13:01.755617" elapsed="0.001617"/>
</iter>
<iter>
<kw name="Dictionary Should Contain Key" owner="Collections">
<arg>${json_data['results'][0]['login']}</arg>
<arg>${keyTwo}</arg>
<doc>Fails if ``key`` is not found from ``dictionary``.</doc>
<status status="PASS" start="2024-07-03T11:13:01.757508" elapsed="0.000379"/>
</kw>
<kw name="Dictionary Should Contain Key" owner="Collections">
<arg>${json_data['results'][0]['login']}</arg>
<arg>${keyTwo}</arg>
<doc>Fails if ``key`` is not found from ``dictionary``.</doc>
<status status="PASS" start="2024-07-03T11:13:01.758061" elapsed="0.000358"/>
</kw>
<kw name="Log" owner="BuiltIn">
<msg time="2024-07-03T11:13:01.758762" level="INFO">password</msg>
<arg>${keyTwo}</arg>
<doc>Logs the given message with the given level.</doc>
<status status="PASS" start="2024-07-03T11:13:01.758629" elapsed="0.000175"/>
</kw>
<var name="${keyTwo}">password</var>
<status status="PASS" start="2024-07-03T11:13:01.757404" elapsed="0.001708"/>
</iter>
<var>${keyTwo}</var>
<value>@{expected_keysTwo}</value>
<status status="PASS" start="2024-07-03T11:13:01.755468" elapsed="0.003765"/>
</for>
<status status="PASS" start="2024-07-03T11:13:01.636822" elapsed="0.122549"/>
</kw>
<doc>Testa a estrutura da resposta da API.</doc>
<tag>testeEstruturaResposta</tag>
<status status="PASS" start="2024-07-03T11:13:01.636208" elapsed="0.123310"/>
</test>
<test id="s1-s1-t4" name="Validar tipos de dados" line="28">
<kw name="Teste de Tipos de Dados" owner="random-user-service">
<kw name="GET On Session" owner="RequestsLibrary">
<msg time="2024-07-03T11:13:01.844210" level="INFO">GET Request : url=https://randomuser.me/api 
 path_url=/api 
 headers={'User-Agent': 'python-requests/2.32.3', 'Accept-Encoding': 'gzip, deflate', 'Accept': '*/*', 'Connection': 'keep-alive'} 
 body=None 
 </msg>
<msg time="2024-07-03T11:13:01.844341" level="INFO">GET Response : url=https://randomuser.me/api 
 status=200, reason=OK 
 headers={'Date': 'Wed, 03 Jul 2024 11:13:01 GMT', 'Content-Type': 'application/json; charset=utf-8', 'Transfer-Encoding': 'chunked', 'Connection': 'keep-alive', 'X-Powered-By': 'Express', 'Access-Control-Allow-Origin': '*', 'Cache-Control': 'no-cache', 'ETag': 'W/"497-kbAculhw1wPGGMrlzjYSCB2+frA"', 'Vary': 'Accept-Encoding', 'Content-Encoding': 'gzip', 'CF-Cache-Status': 'DYNAMIC', 'Report-To': '{"endpoints":[{"url":"https:\\/\\/a.nel.cloudflare.com\\/report\\/v4?s=ruXkR9WbGS2ZxS3j%2FJmbCfpJXIpJi8q5PB%2FCik7CXG6W0rygC8pUkS5ATa0n6%2B1%2F2PK6%2Fdqt8q2aYmq9GiiYwhHFQAioB2PYIWR0RKmk1IdfJDTXcGdO4Nxm3zwe1hZc"}],"group":"cf-nel","max_age":604800}', 'NEL': '{"success_fraction":0,"report_to":"cf-nel","max_age":604800}', 'Server': 'cloudflare', 'CF-RAY': '89d671a20e3a38a4-IAD', 'alt-svc': 'h3=":443"; ma=86400'} 
 body={"results":[{"gender":"male","name":{"title":"Mr","first":"Viktor","last":"Krapp"},"location":{"street":{"number":9907,"name":"Tulpenweg"},"city":"Korbach","state":"Sachsen-Anhalt","country":"Germany","postcode":81875,"coordinates":{"latitude":"-53.9729","longitude":"-55.3638"},"timezone":{"offset":"-5:00","description":"Eastern Time (US &amp; Canada), Bogota, Lima"}},"email":"viktor.krapp@example.com","login":{"uuid":"f74fe7dc-df06-48a5-8cce-c5f83bd82378","username":"smalltiger777","password":"salasana","salt":"18ayGPvW","md5":"6b3f22738a0fcdc7584d7c3bb9ed0442","sha1":"dcb9b47df594da0a57da82c51bbdb88a209179ce","sha256":"92ff57e88be04b8fe411bf28b4ae4b52e991caded4b03d010a218d7eb8be5b7d"},"dob":{"date":"1963-08-23T10:44:44.568Z","age":60},"registered":{"date":"2021-10-27T13:27:31.775Z","age":2},"phone":"0278-5124552","cell":"0171-3914831","id":{"name":"SVNR","value":"64 230863 K 476"},"picture":{"large":"https://randomuser.me/api/portraits/men/56.jpg","medium":"https://randomuser.me/api/portraits/med/men/56.jpg","thumbnail":"https://randomuser.me/api/portraits/thumb/men/56.jpg"},"nat":"DE"}],"info":{"seed":"241aac94c9d7f7e4","results":1,"page":1,"version":"1.4"}} 
 </msg>
<msg time="2024-07-03T11:13:01.844450" level="INFO">/opt/hostedtoolcache/Python/3.12.4/x64/lib/python3.12/site-packages/urllib3/connectionpool.py:1099: InsecureRequestWarning: Unverified HTTPS request is being made to host 'randomuser.me'. Adding certificate verification is strongly advised. See: https://urllib3.readthedocs.io/en/latest/advanced-usage.html#tls-warnings
  warnings.warn(</msg>
<msg time="2024-07-03T11:13:01.844613" level="INFO">${response} = &lt;Response [200]&gt;</msg>
<var>${response}</var>
<arg>consultarAPI</arg>
<arg>/api</arg>
<doc>Sends a GET request on a previously created HTTP Session.</doc>
<status status="PASS" start="2024-07-03T11:13:01.762038" elapsed="0.082624"/>
</kw>
<kw name="Set Variable" owner="BuiltIn">
<msg time="2024-07-03T11:13:01.846039" level="INFO">${json_data} = {'results': [{'gender': 'male', 'name': {'title': 'Mr', 'first': 'Viktor', 'last': 'Krapp'}, 'location': {'street': {'number': 9907, 'name': 'Tulpenweg'}, 'city': 'Korbach', 'state': 'Sachsen-Anhalt',...</msg>
<var>${json_data}</var>
<arg>${response.json()}</arg>
<doc>Returns the given values which can then be assigned to a variables.</doc>
<status status="PASS" start="2024-07-03T11:13:01.845309" elapsed="0.000780"/>
</kw>
<kw name="Log" owner="BuiltIn">
<msg time="2024-07-03T11:13:01.846849" level="INFO">{'results': [{'gender': 'male', 'name': {'title': 'Mr', 'first': 'Viktor', 'last': 'Krapp'}, 'location': {'street': {'number': 9907, 'name': 'Tulpenweg'}, 'city': 'Korbach', 'state': 'Sachsen-Anhalt', 'country': 'Germany', 'postcode': 81875, 'coordinates': {'latitude': '-53.9729', 'longitude': '-55.3638'}, 'timezone': {'offset': '-5:00', 'description': 'Eastern Time (US &amp; Canada), Bogota, Lima'}}, 'email': 'viktor.krapp@example.com', 'login': {'uuid': 'f74fe7dc-df06-48a5-8cce-c5f83bd82378', 'username': 'smalltiger777', 'password': 'salasana', 'salt': '18ayGPvW', 'md5': '6b3f22738a0fcdc7584d7c3bb9ed0442', 'sha1': 'dcb9b47df594da0a57da82c51bbdb88a209179ce', 'sha256': '92ff57e88be04b8fe411bf28b4ae4b52e991caded4b03d010a218d7eb8be5b7d'}, 'dob': {'date': '1963-08-23T10:44:44.568Z', 'age': 60}, 'registered': {'date': '2021-10-27T13:27:31.775Z', 'age': 2}, 'phone': '0278-5124552', 'cell': '0171-3914831', 'id': {'name': 'SVNR', 'value': '64 230863 K 476'}, 'picture': {'large': 'https://randomuser.me/api/portraits/men/56.jpg', 'medium': 'https://randomuser.me/api/portraits/med/men/56.jpg', 'thumbnail': 'https://randomuser.me/api/portraits/thumb/men/56.jpg'}, 'nat': 'DE'}], 'info': {'seed': '241aac94c9d7f7e4', 'results': 1, 'page': 1, 'version': '1.4'}}</msg>
<arg>${json_data}</arg>
<doc>Logs the given message with the given level.</doc>
<status status="PASS" start="2024-07-03T11:13:01.846602" elapsed="0.000329"/>
</kw>
<kw name="Should Be String" owner="String">
<arg>${json_data['results'][0]['gender']}</arg>
<doc>Fails if the given ``item`` is not a string.</doc>
<status status="PASS" start="2024-07-03T11:13:01.847403" elapsed="0.000617"/>
</kw>
<kw name="Should Match Regexp" owner="BuiltIn">
<arg>${json_data['results'][0]['email']}</arg>
<arg>^[a-zA-Z0-9._%+-]+@[a-zA-Z0-9.-]+\.[a-zA-Z]{2,}$</arg>
<doc>Fails if ``string`` does not match ``pattern`` as a regular expression.</doc>
<status status="PASS" start="2024-07-03T11:13:01.848390" elapsed="0.000818"/>
</kw>
<kw name="Should Match Regexp" owner="BuiltIn">
<arg>${json_data['results'][0]['dob']['date']}</arg>
<arg>\\d{4}-\\d{2}-\\d{2}T\\d{2}:\\d{2}:\\d{2}\\.\\d{3}Z</arg>
<doc>Fails if ``string`` does not match ``pattern`` as a regular expression.</doc>
<status status="PASS" start="2024-07-03T11:13:01.849530" elapsed="0.000817"/>
</kw>
<kw name="Should Match Regexp" owner="BuiltIn">
<arg>${json_data['results'][0]['registered']['date']}</arg>
<arg>\\d{4}-\\d{2}-\\d{2}T\\d{2}:\\d{2}:\\d{2}\\.\\d{3}Z</arg>
<doc>Fails if ``string`` does not match ``pattern`` as a regular expression.</doc>
<status status="PASS" start="2024-07-03T11:13:01.850714" elapsed="0.000645"/>
</kw>
<kw name="Should Match Regexp" owner="BuiltIn">
<arg>${json_data['results'][0]['picture']['large']}</arg>
<arg>^https?://.*\.(?:png|jpe?g|gif|bmp)$</arg>
<doc>Fails if ``string`` does not match ``pattern`` as a regular expression.</doc>
<status status="PASS" start="2024-07-03T11:13:01.851656" elapsed="0.000790"/>
</kw>
<kw name="Should Match Regexp" owner="BuiltIn">
<arg>${json_data['results'][0]['picture']['medium']}</arg>
<arg>^https?://.*\.(?:png|jpe?g|gif|bmp)$</arg>
<doc>Fails if ``string`` does not match ``pattern`` as a regular expression.</doc>
<status status="PASS" start="2024-07-03T11:13:01.852751" elapsed="0.000581"/>
</kw>
<kw name="Should Match Regexp" owner="BuiltIn">
<arg>${json_data['results'][0]['picture']['thumbnail']}</arg>
<arg>^https?://.*\.(?:png|jpe?g|gif|bmp)$</arg>
<doc>Fails if ``string`` does not match ``pattern`` as a regular expression.</doc>
<status status="PASS" start="2024-07-03T11:13:01.853618" elapsed="0.000399"/>
</kw>
<kw name="Log" owner="BuiltIn">
<msg time="2024-07-03T11:13:01.854553" level="INFO">{'large': 'https://randomuser.me/api/portraits/men/56.jpg', 'medium': 'https://randomuser.me/api/portraits/med/men/56.jpg', 'thumbnail': 'https://randomuser.me/api/portraits/thumb/men/56.jpg'}</msg>
<arg>${json_data['results'][0]['picture']}</arg>
<doc>Logs the given message with the given level.</doc>
<status status="PASS" start="2024-07-03T11:13:01.854214" elapsed="0.000415"/>
</kw>
<status status="PASS" start="2024-07-03T11:13:01.761814" elapsed="0.093092"/>
</kw>
<kw name="Teste de Tipos de Dados - Postcode" owner="random-user-service">
<kw name="GET On Session" owner="RequestsLibrary">
<msg time="2024-07-03T11:13:02.011901" level="INFO">GET Request : url=https://randomuser.me/api 
 path_url=/api 
 headers={'User-Agent': 'python-requests/2.32.3', 'Accept-Encoding': 'gzip, deflate', 'Accept': '*/*', 'Connection': 'keep-alive'} 
 body=None 
 </msg>
<msg time="2024-07-03T11:13:02.011981" level="INFO">GET Response : url=https://randomuser.me/api 
 status=200, reason=OK 
 headers={'Date': 'Wed, 03 Jul 2024 11:13:02 GMT', 'Content-Type': 'application/json; charset=utf-8', 'Transfer-Encoding': 'chunked', 'Connection': 'keep-alive', 'X-Powered-By': 'Express', 'Access-Control-Allow-Origin': '*', 'Cache-Control': 'no-cache', 'ETag': 'W/"48e-oxswoO0Ljp3FMXJc1JMyzLjf/Js"', 'Vary': 'Accept-Encoding', 'Content-Encoding': 'gzip', 'CF-Cache-Status': 'DYNAMIC', 'Report-To': '{"endpoints":[{"url":"https:\\/\\/a.nel.cloudflare.com\\/report\\/v4?s=3Fgb6nURqO0Rlk9l5YsvS7LTMjxQHrzc86FhKC4NVr0PerjeBwffQzF1hqPi4Cia%2BT7gBvzSu137RRulkNH8wDhgSHKNBOieoIonqtCi3SwUVXcE0O24QUztgO2Zi3Wc"}],"group":"cf-nel","max_age":604800}', 'NEL': '{"success_fraction":0,"report_to":"cf-nel","max_age":604800}', 'Server': 'cloudflare', 'CF-RAY': '89d671a29eb938a4-IAD', 'alt-svc': 'h3=":443"; ma=86400'} 
 body={"results":[{"gender":"female","name":{"title":"Miss","first":"Malgorzata","last":"Mühlberger"},"location":{"street":{"number":9881,"name":"Im Winkel"},"city":"Magdeburg","state":"Brandenburg","country":"Germany","postcode":72311,"coordinates":{"latitude":"-54.0617","longitude":"30.6471"},"timezone":{"offset":"+4:30","description":"Kabul"}},"email":"malgorzata.muhlberger@example.com","login":{"uuid":"a94af683-b2c4-4e7c-afff-7a4927a3cb6f","username":"yellowkoala691","password":"womam","salt":"lVp3EUy7","md5":"f01224cee61fb98e43cab15c5c9dc6ac","sha1":"73c8e097f3696981adaf28a851277a4d0c21c7f1","sha256":"5a5cf4d910cbe3a852a92896813e6e1cf70299ac77e472fe1459cf386d31b991"},"dob":{"date":"1959-08-29T07:07:15.445Z","age":64},"registered":{"date":"2013-11-04T00:39:19.897Z","age":10},"phone":"0462-7749190","cell":"0178-8660902","id":{"name":"SVNR","value":"52 290859 M 559"},"picture":{"large":"https://randomuser.me/api/portraits/women/17.jpg","medium":"https://randomuser.me/api/portraits/med/women/17.jpg","thumbnail":"https://randomuser.me/api/portraits/thumb/women/17.jpg"},"nat":"DE"}],"info":{"seed":"dc1ec350768882cd","results":1,"page":1,"version":"1.4"}} 
 </msg>
<msg time="2024-07-03T11:13:02.012042" level="INFO">/opt/hostedtoolcache/Python/3.12.4/x64/lib/python3.12/site-packages/urllib3/connectionpool.py:1099: InsecureRequestWarning: Unverified HTTPS request is being made to host 'randomuser.me'. Adding certificate verification is strongly advised. See: https://urllib3.readthedocs.io/en/latest/advanced-usage.html#tls-warnings
  warnings.warn(</msg>
<msg time="2024-07-03T11:13:02.012139" level="INFO">${response} = &lt;Response [200]&gt;</msg>
<var>${response}</var>
<arg>consultarAPI</arg>
<arg>/api</arg>
<doc>Sends a GET request on a previously created HTTP Session.</doc>
<status status="PASS" start="2024-07-03T11:13:01.855369" elapsed="0.156820"/>
</kw>
<kw name="Set Variable" owner="BuiltIn">
<msg time="2024-07-03T11:13:02.013248" level="INFO">${json_data} = {'results': [{'gender': 'female', 'name': {'title': 'Miss', 'first': 'Malgorzata', 'last': 'Mühlberger'}, 'location': {'street': {'number': 9881, 'name': 'Im Winkel'}, 'city': 'Magdeburg', 'state': 'B...</msg>
<var>${json_data}</var>
<arg>${response.json()}</arg>
<doc>Returns the given values which can then be assigned to a variables.</doc>
<status status="PASS" start="2024-07-03T11:13:02.012677" elapsed="0.000599"/>
</kw>
<kw name="Log" owner="BuiltIn">
<msg time="2024-07-03T11:13:02.013760" level="INFO">{'results': [{'gender': 'female', 'name': {'title': 'Miss', 'first': 'Malgorzata', 'last': 'Mühlberger'}, 'location': {'street': {'number': 9881, 'name': 'Im Winkel'}, 'city': 'Magdeburg', 'state': 'Brandenburg', 'country': 'Germany', 'postcode': 72311, 'coordinates': {'latitude': '-54.0617', 'longitude': '30.6471'}, 'timezone': {'offset': '+4:30', 'description': 'Kabul'}}, 'email': 'malgorzata.muhlberger@example.com', 'login': {'uuid': 'a94af683-b2c4-4e7c-afff-7a4927a3cb6f', 'username': 'yellowkoala691', 'password': 'womam', 'salt': 'lVp3EUy7', 'md5': 'f01224cee61fb98e43cab15c5c9dc6ac', 'sha1': '73c8e097f3696981adaf28a851277a4d0c21c7f1', 'sha256': '5a5cf4d910cbe3a852a92896813e6e1cf70299ac77e472fe1459cf386d31b991'}, 'dob': {'date': '1959-08-29T07:07:15.445Z', 'age': 64}, 'registered': {'date': '2013-11-04T00:39:19.897Z', 'age': 10}, 'phone': '0462-7749190', 'cell': '0178-8660902', 'id': {'name': 'SVNR', 'value': '52 290859 M 559'}, 'picture': {'large': 'https://randomuser.me/api/portraits/women/17.jpg', 'medium': 'https://randomuser.me/api/portraits/med/women/17.jpg', 'thumbnail': 'https://randomuser.me/api/portraits/thumb/women/17.jpg'}, 'nat': 'DE'}], 'info': {'seed': 'dc1ec350768882cd', 'results': 1, 'page': 1, 'version': '1.4'}}</msg>
<arg>${json_data}</arg>
<doc>Logs the given message with the given level.</doc>
<status status="PASS" start="2024-07-03T11:13:02.013602" elapsed="0.000206"/>
</kw>
<kw name="Should Be Equal As Numbers" owner="BuiltIn">
<arg>${json_data['results'][0]['location']['postcode']}</arg>
<arg>${json_data['results'][0]['location']['postcode']}</arg>
<doc>Fails if objects are unequal after converting them to real numbers.</doc>
<status status="PASS" start="2024-07-03T11:13:02.014097" elapsed="0.000660"/>
</kw>
<kw name="Log" owner="BuiltIn">
<msg time="2024-07-03T11:13:02.015453" level="INFO">72311</msg>
<arg>${json_data['results'][0]['location']['postcode']}</arg>
<doc>Logs the given message with the given level.</doc>
<status status="PASS" start="2024-07-03T11:13:02.014979" elapsed="0.000514"/>
</kw>
<status status="PASS" start="2024-07-03T11:13:01.855141" elapsed="0.160603"/>
</kw>
<doc>Testa se os tipos de dados na resposta da API estão corretos.</doc>
<tag>testeTiposDados</tag>
<status status="PASS" start="2024-07-03T11:13:01.761266" elapsed="0.254640"/>
</test>
<test id="s1-s1-t5" name="Validar conteudo" line="35">
<kw name="Teste de Tipos de Conteudo" owner="random-user-service">
<kw name="GET On Session" owner="RequestsLibrary">
<msg time="2024-07-03T11:13:02.139423" level="INFO">GET Request : url=https://randomuser.me/api 
 path_url=/api 
 headers={'User-Agent': 'python-requests/2.32.3', 'Accept-Encoding': 'gzip, deflate', 'Accept': '*/*', 'Connection': 'keep-alive'} 
 body=None 
 </msg>
<msg time="2024-07-03T11:13:02.139507" level="INFO">GET Response : url=https://randomuser.me/api 
 status=200, reason=OK 
 headers={'Date': 'Wed, 03 Jul 2024 11:13:02 GMT', 'Content-Type': 'application/json; charset=utf-8', 'Transfer-Encoding': 'chunked', 'Connection': 'keep-alive', 'X-Powered-By': 'Express', 'Access-Control-Allow-Origin': '*', 'Cache-Control': 'no-cache', 'ETag': 'W/"47e-fmR19Z1GIS228GrwBy4Z5ovTOWs"', 'Vary': 'Accept-Encoding', 'Content-Encoding': 'gzip', 'CF-Cache-Status': 'DYNAMIC', 'Report-To': '{"endpoints":[{"url":"https:\\/\\/a.nel.cloudflare.com\\/report\\/v4?s=mGPyAfUEgc0x%2FfXeWVSS1s7jM9xVRc359WTCd7P6xCsvxGenD3905S%2BxObB274myzvnqQ%2BV0QS5MeX3tJXTLngjETet7e9tiJp6tsDzL3a%2FON0BDw6FUIL1OKk%2B1829j"}],"group":"cf-nel","max_age":604800}', 'NEL': '{"success_fraction":0,"report_to":"cf-nel","max_age":604800}', 'Server': 'cloudflare', 'CF-RAY': '89d671a3afa838a4-IAD', 'alt-svc': 'h3=":443"; ma=86400'} 
 body={"results":[{"gender":"male","name":{"title":"Mr","first":"Rafael","last":"Molina"},"location":{"street":{"number":4849,"name":"Calle de Atocha"},"city":"Lugo","state":"Melilla","country":"Spain","postcode":48342,"coordinates":{"latitude":"-37.5020","longitude":"-60.1571"},"timezone":{"offset":"-8:00","description":"Pacific Time (US &amp; Canada)"}},"email":"rafael.molina@example.com","login":{"uuid":"d92767c6-81f4-4e61-a746-fc68acd1b4f3","username":"crazygoose967","password":"jonathan","salt":"He0r4yfN","md5":"0028392b3b1923a0909a5f2b6da2597a","sha1":"23fff6be80425147cd62d391b1222ccf181e897e","sha256":"8d1b417151f39c260cbb0ba5cc38c348f7ebcb4b37535f74c54f181a4ff8ea5b"},"dob":{"date":"1988-09-04T17:31:35.298Z","age":35},"registered":{"date":"2010-06-12T21:19:44.503Z","age":14},"phone":"967-806-292","cell":"688-525-459","id":{"name":"DNI","value":"42664532-W"},"picture":{"large":"https://randomuser.me/api/portraits/men/55.jpg","medium":"https://randomuser.me/api/portraits/med/men/55.jpg","thumbnail":"https://randomuser.me/api/portraits/thumb/men/55.jpg"},"nat":"ES"}],"info":{"seed":"333514d9462b1511","results":1,"page":1,"version":"1.4"}} 
 </msg>
<msg time="2024-07-03T11:13:02.139579" level="INFO">/opt/hostedtoolcache/Python/3.12.4/x64/lib/python3.12/site-packages/urllib3/connectionpool.py:1099: InsecureRequestWarning: Unverified HTTPS request is being made to host 'randomuser.me'. Adding certificate verification is strongly advised. See: https://urllib3.readthedocs.io/en/latest/advanced-usage.html#tls-warnings
  warnings.warn(</msg>
<msg time="2024-07-03T11:13:02.139691" level="INFO">${response} = &lt;Response [200]&gt;</msg>
<var>${response}</var>
<arg>consultarAPI</arg>
<arg>/api</arg>
<doc>Sends a GET request on a previously created HTTP Session.</doc>
<status status="PASS" start="2024-07-03T11:13:02.018346" elapsed="0.121391"/>
</kw>
<kw name="Set Variable" owner="BuiltIn">
<msg time="2024-07-03T11:13:02.140658" level="INFO">${json_data} = {'results': [{'gender': 'male', 'name': {'title': 'Mr', 'first': 'Rafael', 'last': 'Molina'}, 'location': {'street': {'number': 4849, 'name': 'Calle de Atocha'}, 'city': 'Lugo', 'state': 'Melilla', 'c...</msg>
<var>${json_data}</var>
<arg>${response.json()}</arg>
<doc>Returns the given values which can then be assigned to a variables.</doc>
<status status="PASS" start="2024-07-03T11:13:02.140208" elapsed="0.000477"/>
</kw>
<kw name="Set Variable" owner="BuiltIn">
<msg time="2024-07-03T11:13:02.141357" level="INFO">${name_title} = Mr</msg>
<var>${name_title}</var>
<arg>${json_data["results"][0]["name"]["title"]}</arg>
<doc>Returns the given values which can then be assigned to a variables.</doc>
<status status="PASS" start="2024-07-03T11:13:02.140983" elapsed="0.000398"/>
</kw>
<kw name="Create List" owner="BuiltIn">
<msg time="2024-07-03T11:13:02.141816" level="INFO">${allowed_titles} = ['Mr', 'Ms', 'Miss', 'Mrs', 'Madame', 'Monsieur']</msg>
<var>${allowed_titles}</var>
<arg>Mr</arg>
<arg>Ms</arg>
<arg>Miss</arg>
<arg>Mrs</arg>
<arg>Madame</arg>
<arg>Monsieur</arg>
<doc>Returns a list containing given items.</doc>
<status status="PASS" start="2024-07-03T11:13:02.141672" elapsed="0.000168"/>
</kw>
<kw name="List Should Contain Value" owner="Collections">
<arg>${allowed_titles}</arg>
<arg>${name_title}</arg>
<doc>Fails if the ``value`` is not found from ``list``.</doc>
<status status="PASS" start="2024-07-03T11:13:02.142132" elapsed="0.000178"/>
</kw>
<kw name="Set Variable" owner="BuiltIn">
<msg time="2024-07-03T11:13:02.142904" level="INFO">${name_country} = ES</msg>
<var>${name_country}</var>
<arg>${json_data["results"][0]["nat"]}</arg>
<doc>Returns the given values which can then be assigned to a variables.</doc>
<status status="PASS" start="2024-07-03T11:13:02.142490" elapsed="0.000438"/>
</kw>
<kw name="Create List" owner="BuiltIn">
<msg time="2024-07-03T11:13:02.143813" level="INFO">${list_country} = ['AD', 'AE', 'AF', 'AG', 'AI', 'AL', 'AM', 'AO', 'AQ', 'AR', 'AS', 'AT', 'AU', 'AW', 'AX', 'AZ', 'BA', 'BB', 'BD', 'BE', 'BF', 'BG', 'BH', 'BI', 'BJ', 'BL', 'BM', 'BN', 'BO', 'BQ', 'BR', 'BS', 'BT', '...</msg>
<var>${list_country}</var>
<arg>AD</arg>
<arg>AE</arg>
<arg>AF</arg>
<arg>AG</arg>
<arg>AI</arg>
<arg>AL</arg>
<arg>AM</arg>
<arg>AO</arg>
<arg>AQ</arg>
<arg>AR</arg>
<arg>AS</arg>
<arg>AT</arg>
<arg>AU</arg>
<arg>AW</arg>
<arg>AX</arg>
<arg>AZ</arg>
<arg>BA</arg>
<arg>BB</arg>
<arg>BD</arg>
<arg>BE</arg>
<arg>BF</arg>
<arg>BG</arg>
<arg>BH</arg>
<arg>BI</arg>
<arg>BJ</arg>
<arg>BL</arg>
<arg>BM</arg>
<arg>BN</arg>
<arg>BO</arg>
<arg>BQ</arg>
<arg>BR</arg>
<arg>BS</arg>
<arg>BT</arg>
<arg>BV</arg>
<arg>BW</arg>
<arg>BY</arg>
<arg>BZ</arg>
<arg>CA</arg>
<arg>CC</arg>
<arg>CD</arg>
<arg>CF</arg>
<arg>CG</arg>
<arg>CH</arg>
<arg>CI</arg>
<arg>CK</arg>
<arg>CL</arg>
<arg>CM</arg>
<arg>CN</arg>
<arg>CO</arg>
<arg>CR</arg>
<arg>CU</arg>
<arg>CV</arg>
<arg>CW</arg>
<arg>CX</arg>
<arg>CY</arg>
<arg>CZ</arg>
<arg>DE</arg>
<arg>DJ</arg>
<arg>DK</arg>
<arg>DM</arg>
<arg>DO</arg>
<arg>DZ</arg>
<arg>EC</arg>
<arg>EE</arg>
<arg>EG</arg>
<arg>EH</arg>
<arg>ER</arg>
<arg>ES</arg>
<arg>ET</arg>
<arg>FI</arg>
<arg>FJ</arg>
<arg>FK</arg>
<arg>FM</arg>
<arg>FO</arg>
<arg>FR</arg>
<arg>GA</arg>
<arg>GB</arg>
<arg>GD</arg>
<arg>GE</arg>
<arg>GF</arg>
<arg>GG</arg>
<arg>GH</arg>
<arg>GI</arg>
<arg>GL</arg>
<arg>GM</arg>
<arg>GN</arg>
<arg>GP</arg>
<arg>GQ</arg>
<arg>GR</arg>
<arg>GS</arg>
<arg>GT</arg>
<arg>GU</arg>
<arg>GW</arg>
<arg>GY</arg>
<arg>HK</arg>
<arg>HM</arg>
<arg>HN</arg>
<arg>HR</arg>
<arg>HT</arg>
<arg>HU</arg>
<arg>ID</arg>
<arg>IE</arg>
<arg>IL</arg>
<arg>IM</arg>
<arg>IN</arg>
<arg>IO</arg>
<arg>IQ</arg>
<arg>IR</arg>
<arg>IS</arg>
<arg>IT</arg>
<arg>JE</arg>
<arg>JM</arg>
<arg>JO</arg>
<arg>JP</arg>
<arg>KE</arg>
<arg>KG</arg>
<arg>KH</arg>
<arg>KI</arg>
<arg>KM</arg>
<arg>KN</arg>
<arg>KP</arg>
<arg>KR</arg>
<arg>KW</arg>
<arg>KY</arg>
<arg>KZ</arg>
<arg>LA</arg>
<arg>LB</arg>
<arg>LC</arg>
<arg>LI</arg>
<arg>LK</arg>
<arg>LR</arg>
<arg>LS</arg>
<arg>LT</arg>
<arg>LU</arg>
<arg>LV</arg>
<arg>LY</arg>
<arg>MA</arg>
<arg>MC</arg>
<arg>MD</arg>
<arg>ME</arg>
<arg>MF</arg>
<arg>MG</arg>
<arg>MH</arg>
<arg>MK</arg>
<arg>ML</arg>
<arg>MM</arg>
<arg>MN</arg>
<arg>MO</arg>
<arg>MP</arg>
<arg>MQ</arg>
<arg>MR</arg>
<arg>MS</arg>
<arg>MT</arg>
<arg>MU</arg>
<arg>MV</arg>
<arg>MW</arg>
<arg>MX</arg>
<arg>MY</arg>
<arg>MZ</arg>
<arg>NA</arg>
<arg>NC</arg>
<arg>NE</arg>
<arg>NF</arg>
<arg>NG</arg>
<arg>NI</arg>
<arg>NL</arg>
<arg>NO</arg>
<arg>NP</arg>
<arg>NR</arg>
<arg>NU</arg>
<arg>NZ</arg>
<arg>OM</arg>
<arg>PA</arg>
<arg>PE</arg>
<arg>PF</arg>
<arg>PG</arg>
<arg>PH</arg>
<arg>PK</arg>
<arg>PL</arg>
<arg>PM</arg>
<arg>PN</arg>
<arg>PR</arg>
<arg>PS</arg>
<arg>PT</arg>
<arg>PW</arg>
<arg>PY</arg>
<arg>QA</arg>
<arg>RE</arg>
<arg>RO</arg>
<arg>RS</arg>
<arg>RU</arg>
<arg>RW</arg>
<arg>SA</arg>
<arg>SB</arg>
<arg>SC</arg>
<arg>SD</arg>
<arg>SE</arg>
<arg>SG</arg>
<arg>SH</arg>
<arg>SI</arg>
<arg>SJ</arg>
<arg>SK</arg>
<arg>SL</arg>
<arg>SM</arg>
<arg>SN</arg>
<arg>SO</arg>
<arg>SR</arg>
<arg>SS</arg>
<arg>ST</arg>
<arg>SV</arg>
<arg>SX</arg>
<arg>SY</arg>
<arg>SZ</arg>
<arg>TC</arg>
<arg>TD</arg>
<arg>TF</arg>
<arg>TG</arg>
<arg>TH</arg>
<arg>TJ</arg>
<arg>TK</arg>
<arg>TL</arg>
<arg>TM</arg>
<arg>TN</arg>
<arg>TO</arg>
<arg>TR</arg>
<arg>TT</arg>
<arg>TV</arg>
<arg>TW</arg>
<arg>TZ</arg>
<arg>UA</arg>
<arg>UG</arg>
<arg>UM</arg>
<arg>US</arg>
<arg>UY</arg>
<arg>UZ</arg>
<arg>VA</arg>
<arg>VC</arg>
<arg>VE</arg>
<arg>VG</arg>
<arg>VI</arg>
<arg>VN</arg>
<arg>VU</arg>
<arg>WF</arg>
<arg>WS</arg>
<arg>XK</arg>
<arg>YE</arg>
<arg>YT</arg>
<arg>ZA</arg>
<arg>ZM</arg>
<arg>ZW</arg>
<doc>Returns a list containing given items.</doc>
<status status="PASS" start="2024-07-03T11:13:02.143220" elapsed="0.000617"/>
</kw>
<kw name="List Should Contain Value" owner="Collections">
<arg>${list_country}</arg>
<arg>${name_country}</arg>
<doc>Fails if the ``value`` is not found from ``list``.</doc>
<status status="PASS" start="2024-07-03T11:13:02.144636" elapsed="0.000199"/>
</kw>
<kw name="Run Keyword If" owner="BuiltIn">
<kw name="Should Be True" owner="BuiltIn">
<arg>${True}</arg>
<doc>Fails if the given condition is not true.</doc>
<status status="PASS" start="2024-07-03T11:13:02.145752" elapsed="0.000138"/>
</kw>
<arg>${json_data["results"][0]["location"]["coordinates"]["latitude"]} &gt;= -90 and ${json_data["results"][0]["location"]["coordinates"]["latitude"]} &lt;= 90</arg>
<arg>Should Be True</arg>
<arg>${True}</arg>
<doc>Runs the given keyword with the given arguments, if ``condition`` is true.</doc>
<status status="PASS" start="2024-07-03T11:13:02.145027" elapsed="0.000985"/>
</kw>
<kw name="Run Keyword If" owner="BuiltIn">
<kw name="Should Be True" owner="BuiltIn">
<arg>${True}</arg>
<doc>Fails if the given condition is not true.</doc>
<status status="PASS" start="2024-07-03T11:13:02.146909" elapsed="0.000239"/>
</kw>
<arg>${json_data["results"][0]["location"]["coordinates"]["longitude"]} &gt;= -180 and ${json_data["results"][0]["location"]["coordinates"]["longitude"]} &lt;= 180</arg>
<arg>Should Be True</arg>
<arg>${True}</arg>
<doc>Runs the given keyword with the given arguments, if ``condition`` is true.</doc>
<status status="PASS" start="2024-07-03T11:13:02.146187" elapsed="0.001087"/>
</kw>
<status status="PASS" start="2024-07-03T11:13:02.018132" elapsed="0.129270"/>
</kw>
<doc>Testa o conteúdo específico dos campos retornados pela API.</doc>
<tag>testeConteudo</tag>
<status status="PASS" start="2024-07-03T11:13:02.017620" elapsed="0.129927"/>
</test>
<status status="PASS" start="2024-07-03T11:13:01.020976" elapsed="1.128475"/>
</suite>
<status status="PASS" start="2024-07-03T11:13:01.006794" elapsed="1.147663"/>
</suite>
<statistics>
<total>
<stat pass="5" fail="0" skip="0">All Tests</stat>
</total>
<tag>
<stat pass="1" fail="0" skip="0">testeConteudo</stat>
<stat pass="1" fail="0" skip="0">testeEstruturaResposta</stat>
<stat pass="1" fail="0" skip="0">testeRequisicaoBasica</stat>
<stat pass="1" fail="0" skip="0">testeTiposDados</stat>
</tag>
<suite>
<stat pass="5" fail="0" skip="0" id="s1" name="Tests">Tests</stat>
<stat pass="5" fail="0" skip="0" id="s1-s1" name="Random-User-Test">Tests.Random-User-Test</stat>
</suite>
</statistics>
<errors>
</errors>
</robot>
