<?xml version="1.0" encoding="UTF-8"?>
<robot generator="Robot 7.0.1 (Python 3.12.4 on linux)" generated="2024-06-29T17:12:49.847158" rpa="false" schemaversion="5">
<suite id="s1" name="Tests" source="/home/runner/work/ApiRandomUser/ApiRandomUser/RamdonUser/tests">
<suite id="s1-s1" name="Random-User-Test" source="/home/runner/work/ApiRandomUser/ApiRandomUser/RamdonUser/tests/random-user-test.robot">
<test id="s1-s1-t1" name="Conectar" line="13">
<kw name="Conectar API" owner="random-user-service">
<kw name="Create Session" owner="RequestsLibrary">
<msg time="2024-06-29T17:12:50.235808" level="INFO">Creating Session using : alias=consultarAPI, url=https://randomuser.me/, headers={},                     cookies={}, auth=None, timeout=None, proxies=None, verify=False,                     debug=0 </msg>
<arg>consultarAPI</arg>
<arg>${URL}</arg>
<doc>Create Session: create a HTTP session to a server</doc>
<status status="PASS" start="2024-06-29T17:12:50.235601" elapsed="0.000382"/>
</kw>
<status status="PASS" start="2024-06-29T17:12:50.234636" elapsed="0.001701"/>
</kw>
<status status="PASS" start="2024-06-29T17:12:50.234038" elapsed="0.002490"/>
</test>
<test id="s1-s1-t2" name="Validar retorno 200 e JSON Válido" line="16">
<kw name="Teste de Requisicao Basica" owner="random-user-service">
<kw name="GET On Session" owner="RequestsLibrary">
<msg time="2024-06-29T17:12:50.310654" level="INFO">GET Request : url=https://randomuser.me/api 
 path_url=/api 
 headers={'User-Agent': 'python-requests/2.32.3', 'Accept-Encoding': 'gzip, deflate', 'Accept': '*/*', 'Connection': 'keep-alive'} 
 body=None 
 </msg>
<msg time="2024-06-29T17:12:50.310759" level="INFO">GET Response : url=https://randomuser.me/api 
 status=200, reason=OK 
 headers={'Date': 'Sat, 29 Jun 2024 17:12:50 GMT', 'Content-Type': 'application/json; charset=utf-8', 'Transfer-Encoding': 'chunked', 'Connection': 'keep-alive', 'X-Powered-By': 'Express', 'Access-Control-Allow-Origin': '*', 'Cache-Control': 'no-cache', 'ETag': 'W/"494-CLPHPlDgIc9mGXt7EeiAcYIiCa0"', 'Vary': 'Accept-Encoding', 'Content-Encoding': 'gzip', 'CF-Cache-Status': 'DYNAMIC', 'Report-To': '{"endpoints":[{"url":"https:\\/\\/a.nel.cloudflare.com\\/report\\/v4?s=FrU8LNniMqnuy3SsasgQNW3zVYaVZJvP%2Fef2saQUAyAa9pEpKTg%2Bck3oj1A5%2FPi5kqNSJdngs5ZoKVVBiU%2FhO0lXBuM23620AJzRvQcjsr%2FiCcw9DsxQH%2FPsfZFKIaqw"}],"group":"cf-nel","max_age":604800}', 'NEL': '{"success_fraction":0,"report_to":"cf-nel","max_age":604800}', 'Server': 'cloudflare', 'CF-RAY': '89b78b323d99200f-IAD', 'alt-svc': 'h3=":443"; ma=86400'} 
 body={"results":[{"gender":"female","name":{"title":"Mrs","first":"Blanca","last":"Vicente"},"location":{"street":{"number":9972,"name":"Calle de Toledo"},"city":"Gijón","state":"Aragón","country":"Spain","postcode":60581,"coordinates":{"latitude":"-32.4664","longitude":"158.7008"},"timezone":{"offset":"-6:00","description":"Central Time (US &amp; Canada), Mexico City"}},"email":"blanca.vicente@example.com","login":{"uuid":"2f53fa51-8f27-46bc-8c2f-b59a24652565","username":"whitepanda432","password":"bunny","salt":"9kCxTWIV","md5":"deca09ab6f65874f840040545da497d6","sha1":"87abb3b2e9e96e2f019d7b68f0c3815e1a04cd64","sha256":"1c0e8b4b5bd27811a4a6de964e8dcb1e51fc407227569f2b95a84d4b4309b8ed"},"dob":{"date":"1977-05-31T12:09:56.708Z","age":47},"registered":{"date":"2015-02-17T05:36:21.458Z","age":9},"phone":"923-313-435","cell":"647-415-571","id":{"name":"DNI","value":"59443165-S"},"picture":{"large":"https://randomuser.me/api/portraits/women/16.jpg","medium":"https://randomuser.me/api/portraits/med/women/16.jpg","thumbnail":"https://randomuser.me/api/portraits/thumb/women/16.jpg"},"nat":"ES"}],"info":{"seed":"38d5abe23bb1e8ec","results":1,"page":1,"version":"1.4"}} 
 </msg>
<msg time="2024-06-29T17:12:50.310835" level="INFO">/opt/hostedtoolcache/Python/3.12.4/x64/lib/python3.12/site-packages/urllib3/connectionpool.py:1099: InsecureRequestWarning: Unverified HTTPS request is being made to host 'randomuser.me'. Adding certificate verification is strongly advised. See: https://urllib3.readthedocs.io/en/latest/advanced-usage.html#tls-warnings
  warnings.warn(</msg>
<msg time="2024-06-29T17:12:50.310955" level="INFO">${response} = &lt;Response [200]&gt;</msg>
<var>${response}</var>
<arg>consultarAPI</arg>
<arg>/api</arg>
<doc>Sends a GET request on a previously created HTTP Session.</doc>
<status status="PASS" start="2024-06-29T17:12:50.239200" elapsed="0.071796"/>
</kw>
<kw name="Should Be Equal As Numbers" owner="BuiltIn">
<msg time="2024-06-29T17:12:50.311976" level="INFO">Argument types are:
&lt;class 'int'&gt;
&lt;class 'str'&gt;</msg>
<arg>${response.status_code}</arg>
<arg>200</arg>
<doc>Fails if objects are unequal after converting them to real numbers.</doc>
<status status="PASS" start="2024-06-29T17:12:50.311488" elapsed="0.000551"/>
</kw>
<kw name="Log" owner="BuiltIn">
<msg time="2024-06-29T17:12:50.312707" level="INFO">200</msg>
<arg>${response.status_code}</arg>
<doc>Logs the given message with the given level.</doc>
<status status="PASS" start="2024-06-29T17:12:50.312358" elapsed="0.000392"/>
</kw>
<kw name="Set Variable" owner="BuiltIn">
<msg time="2024-06-29T17:12:50.313488" level="INFO">${json_data} = {'results': [{'gender': 'female', 'name': {'title': 'Mrs', 'first': 'Blanca', 'last': 'Vicente'}, 'location': {'street': {'number': 9972, 'name': 'Calle de Toledo'}, 'city': 'Gijón', 'state': 'Aragón'...</msg>
<var>${json_data}</var>
<arg>${response.json()}</arg>
<doc>Returns the given values which can then be assigned to a variables.</doc>
<status status="PASS" start="2024-06-29T17:12:50.313050" elapsed="0.000467"/>
</kw>
<kw name="Dictionary Should Contain Key" owner="Collections">
<arg>${json_data}</arg>
<arg>results</arg>
<doc>Fails if ``key`` is not found from ``dictionary``.</doc>
<status status="PASS" start="2024-06-29T17:12:50.313865" elapsed="0.000166"/>
</kw>
<status status="PASS" start="2024-06-29T17:12:50.238959" elapsed="0.075217"/>
</kw>
<doc>Testa se a API responde corretamente e retorna um objeto JSON válido.</doc>
<tag>testeRequisicaoBasica</tag>
<status status="PASS" start="2024-06-29T17:12:50.238411" elapsed="0.075924"/>
</test>
<test id="s1-s1-t3" name="Validar estrutura de resposta" line="22">
<kw name="Teste de Estrutura de Resposta" owner="random-user-service">
<kw name="GET On Session" owner="RequestsLibrary">
<msg time="2024-06-29T17:12:50.462107" level="INFO">GET Request : url=https://randomuser.me/api 
 path_url=/api 
 headers={'User-Agent': 'python-requests/2.32.3', 'Accept-Encoding': 'gzip, deflate', 'Accept': '*/*', 'Connection': 'keep-alive'} 
 body=None 
 </msg>
<msg time="2024-06-29T17:12:50.462195" level="INFO">GET Response : url=https://randomuser.me/api 
 status=200, reason=OK 
 headers={'Date': 'Sat, 29 Jun 2024 17:12:50 GMT', 'Content-Type': 'application/json; charset=utf-8', 'Transfer-Encoding': 'chunked', 'Connection': 'keep-alive', 'X-Powered-By': 'Express', 'Access-Control-Allow-Origin': '*', 'Cache-Control': 'no-cache', 'ETag': 'W/"491-KlkDZCOObMaBS4X/WoKZzt4J+2U"', 'Vary': 'Accept-Encoding', 'Content-Encoding': 'gzip', 'CF-Cache-Status': 'DYNAMIC', 'Report-To': '{"endpoints":[{"url":"https:\\/\\/a.nel.cloudflare.com\\/report\\/v4?s=zeDEkvk1UU6ROKWyAajcOK8BDX9yYeq%2BjhW771fPU2MvX6uxoC0G9k8uRxhygCKx%2BG5zB0bnq9AmB2Z0vfzZ64zSbr3jrWFBN8deKQzfTFAga9l%2FEf%2F176g%2BrUXEhVua"}],"group":"cf-nel","max_age":604800}', 'NEL': '{"success_fraction":0,"report_to":"cf-nel","max_age":604800}', 'Server': 'cloudflare', 'CF-RAY': '89b78b328df5200f-IAD', 'alt-svc': 'h3=":443"; ma=86400'} 
 body={"results":[{"gender":"female","name":{"title":"Mrs","first":"Begüm","last":"Kunter"},"location":{"street":{"number":7204,"name":"Istiklal Cd"},"city":"Trabzon","state":"Çanakkale","country":"Turkey","postcode":97369,"coordinates":{"latitude":"68.3361","longitude":"167.7113"},"timezone":{"offset":"+5:00","description":"Ekaterinburg, Islamabad, Karachi, Tashkent"}},"email":"begum.kunter@example.com","login":{"uuid":"297bb7c3-f55b-4d24-8487-ec595a0de761","username":"lazytiger825","password":"macaroni","salt":"xuQ2iqss","md5":"759fa122c9325ad19b099c277f10322a","sha1":"e28fd2df12363a4ab860e7285dda9f7ad2986cee","sha256":"bc434b5040bf1ecb8b3688cc2218eb7a9e34e161ce20d067ef22c20fb3a9c784"},"dob":{"date":"1962-06-12T05:50:11.084Z","age":62},"registered":{"date":"2014-10-13T03:28:40.076Z","age":9},"phone":"(608)-944-1857","cell":"(754)-660-8105","id":{"name":"","value":null},"picture":{"large":"https://randomuser.me/api/portraits/women/31.jpg","medium":"https://randomuser.me/api/portraits/med/women/31.jpg","thumbnail":"https://randomuser.me/api/portraits/thumb/women/31.jpg"},"nat":"TR"}],"info":{"seed":"9c018a24f7fbfcef","results":1,"page":1,"version":"1.4"}} 
 </msg>
<msg time="2024-06-29T17:12:50.462322" level="INFO">/opt/hostedtoolcache/Python/3.12.4/x64/lib/python3.12/site-packages/urllib3/connectionpool.py:1099: InsecureRequestWarning: Unverified HTTPS request is being made to host 'randomuser.me'. Adding certificate verification is strongly advised. See: https://urllib3.readthedocs.io/en/latest/advanced-usage.html#tls-warnings
  warnings.warn(</msg>
<msg time="2024-06-29T17:12:50.462439" level="INFO">${response} = &lt;Response [200]&gt;</msg>
<var>${response}</var>
<arg>consultarAPI</arg>
<arg>/api</arg>
<doc>Sends a GET request on a previously created HTTP Session.</doc>
<status status="PASS" start="2024-06-29T17:12:50.316949" elapsed="0.145555"/>
</kw>
<kw name="Set Variable" owner="BuiltIn">
<msg time="2024-06-29T17:12:50.463382" level="INFO">${json_data} = {'results': [{'gender': 'female', 'name': {'title': 'Mrs', 'first': 'Begüm', 'last': 'Kunter'}, 'location': {'street': {'number': 7204, 'name': 'Istiklal Cd'}, 'city': 'Trabzon', 'state': 'Çanakkale',...</msg>
<var>${json_data}</var>
<arg>${response.json()}</arg>
<doc>Returns the given values which can then be assigned to a variables.</doc>
<status status="PASS" start="2024-06-29T17:12:50.462914" elapsed="0.000498"/>
</kw>
<kw name="Log" owner="BuiltIn">
<msg time="2024-06-29T17:12:50.463877" level="INFO">{'results': [{'gender': 'female', 'name': {'title': 'Mrs', 'first': 'Begüm', 'last': 'Kunter'}, 'location': {'street': {'number': 7204, 'name': 'Istiklal Cd'}, 'city': 'Trabzon', 'state': 'Çanakkale', 'country': 'Turkey', 'postcode': 97369, 'coordinates': {'latitude': '68.3361', 'longitude': '167.7113'}, 'timezone': {'offset': '+5:00', 'description': 'Ekaterinburg, Islamabad, Karachi, Tashkent'}}, 'email': 'begum.kunter@example.com', 'login': {'uuid': '297bb7c3-f55b-4d24-8487-ec595a0de761', 'username': 'lazytiger825', 'password': 'macaroni', 'salt': 'xuQ2iqss', 'md5': '759fa122c9325ad19b099c277f10322a', 'sha1': 'e28fd2df12363a4ab860e7285dda9f7ad2986cee', 'sha256': 'bc434b5040bf1ecb8b3688cc2218eb7a9e34e161ce20d067ef22c20fb3a9c784'}, 'dob': {'date': '1962-06-12T05:50:11.084Z', 'age': 62}, 'registered': {'date': '2014-10-13T03:28:40.076Z', 'age': 9}, 'phone': '(608)-944-1857', 'cell': '(754)-660-8105', 'id': {'name': '', 'value': None}, 'picture': {'large': 'https://randomuser.me/api/portraits/women/31.jpg', 'medium': 'https://randomuser.me/api/portraits/med/women/31.jpg', 'thumbnail': 'https://randomuser.me/api/portraits/thumb/women/31.jpg'}, 'nat': 'TR'}], 'info': {'seed': '9c018a24f7fbfcef', 'results': 1, 'page': 1, 'version': '1.4'}}</msg>
<arg>${json_data}</arg>
<doc>Logs the given message with the given level.</doc>
<status status="PASS" start="2024-06-29T17:12:50.463718" elapsed="0.000210"/>
</kw>
<kw name="Dictionary Should Contain Key" owner="Collections">
<arg>${json_data}</arg>
<arg>results</arg>
<doc>Fails if ``key`` is not found from ``dictionary``.</doc>
<status status="PASS" start="2024-06-29T17:12:50.464222" elapsed="0.000161"/>
</kw>
<kw name="Should Not Be Empty" owner="BuiltIn">
<msg time="2024-06-29T17:12:50.464702" level="INFO">Length is 2.</msg>
<arg>${json_data}</arg>
<doc>Verifies that the given item is not empty.</doc>
<status status="PASS" start="2024-06-29T17:12:50.464571" elapsed="0.000172"/>
</kw>
<kw name="Create List" owner="BuiltIn">
<msg time="2024-06-29T17:12:50.465194" level="INFO">${expected_keys} = ['gender', 'name', 'location', 'email', 'login']</msg>
<var>${expected_keys}</var>
<arg>gender</arg>
<arg>name</arg>
<arg>location</arg>
<arg>email</arg>
<arg>login</arg>
<doc>Returns a list containing given items.</doc>
<status status="PASS" start="2024-06-29T17:12:50.465035" elapsed="0.000184"/>
</kw>
<for flavor="IN">
<iter>
<kw name="Dictionary Should Contain Key" owner="Collections">
<arg>${json_data['results'][0]}</arg>
<arg>${key}</arg>
<doc>Fails if ``key`` is not found from ``dictionary``.</doc>
<status status="PASS" start="2024-06-29T17:12:50.465987" elapsed="0.000397"/>
</kw>
<kw name="Log" owner="BuiltIn">
<msg time="2024-06-29T17:12:50.466949" level="INFO">{'gender': 'female', 'name': {'title': 'Mrs', 'first': 'Begüm', 'last': 'Kunter'}, 'location': {'street': {'number': 7204, 'name': 'Istiklal Cd'}, 'city': 'Trabzon', 'state': 'Çanakkale', 'country': 'Turkey', 'postcode': 97369, 'coordinates': {'latitude': '68.3361', 'longitude': '167.7113'}, 'timezone': {'offset': '+5:00', 'description': 'Ekaterinburg, Islamabad, Karachi, Tashkent'}}, 'email': 'begum.kunter@example.com', 'login': {'uuid': '297bb7c3-f55b-4d24-8487-ec595a0de761', 'username': 'lazytiger825', 'password': 'macaroni', 'salt': 'xuQ2iqss', 'md5': '759fa122c9325ad19b099c277f10322a', 'sha1': 'e28fd2df12363a4ab860e7285dda9f7ad2986cee', 'sha256': 'bc434b5040bf1ecb8b3688cc2218eb7a9e34e161ce20d067ef22c20fb3a9c784'}, 'dob': {'date': '1962-06-12T05:50:11.084Z', 'age': 62}, 'registered': {'date': '2014-10-13T03:28:40.076Z', 'age': 9}, 'phone': '(608)-944-1857', 'cell': '(754)-660-8105', 'id': {'name': '', 'value': None}, 'picture': {'large': 'https://randomuser.me/api/portraits/women/31.jpg', 'medium': 'https://randomuser.me/api/portraits/med/women/31.jpg', 'thumbnail': 'https://randomuser.me/api/portraits/thumb/women/31.jpg'}, 'nat': 'TR'}</msg>
<arg>${json_data['results'][0]}</arg>
<doc>Logs the given message with the given level.</doc>
<status status="PASS" start="2024-06-29T17:12:50.466579" elapsed="0.000420"/>
</kw>
<kw name="Log" owner="BuiltIn">
<msg time="2024-06-29T17:12:50.467434" level="INFO">gender</msg>
<arg>${key}</arg>
<doc>Logs the given message with the given level.</doc>
<status status="PASS" start="2024-06-29T17:12:50.467303" elapsed="0.000169"/>
</kw>
<var name="${key}">gender</var>
<status status="PASS" start="2024-06-29T17:12:50.465856" elapsed="0.001832"/>
</iter>
<iter>
<kw name="Dictionary Should Contain Key" owner="Collections">
<arg>${json_data['results'][0]}</arg>
<arg>${key}</arg>
<doc>Fails if ``key`` is not found from ``dictionary``.</doc>
<status status="PASS" start="2024-06-29T17:12:50.467986" elapsed="0.000394"/>
</kw>
<kw name="Log" owner="BuiltIn">
<msg time="2024-06-29T17:12:50.468915" level="INFO">{'gender': 'female', 'name': {'title': 'Mrs', 'first': 'Begüm', 'last': 'Kunter'}, 'location': {'street': {'number': 7204, 'name': 'Istiklal Cd'}, 'city': 'Trabzon', 'state': 'Çanakkale', 'country': 'Turkey', 'postcode': 97369, 'coordinates': {'latitude': '68.3361', 'longitude': '167.7113'}, 'timezone': {'offset': '+5:00', 'description': 'Ekaterinburg, Islamabad, Karachi, Tashkent'}}, 'email': 'begum.kunter@example.com', 'login': {'uuid': '297bb7c3-f55b-4d24-8487-ec595a0de761', 'username': 'lazytiger825', 'password': 'macaroni', 'salt': 'xuQ2iqss', 'md5': '759fa122c9325ad19b099c277f10322a', 'sha1': 'e28fd2df12363a4ab860e7285dda9f7ad2986cee', 'sha256': 'bc434b5040bf1ecb8b3688cc2218eb7a9e34e161ce20d067ef22c20fb3a9c784'}, 'dob': {'date': '1962-06-12T05:50:11.084Z', 'age': 62}, 'registered': {'date': '2014-10-13T03:28:40.076Z', 'age': 9}, 'phone': '(608)-944-1857', 'cell': '(754)-660-8105', 'id': {'name': '', 'value': None}, 'picture': {'large': 'https://randomuser.me/api/portraits/women/31.jpg', 'medium': 'https://randomuser.me/api/portraits/med/women/31.jpg', 'thumbnail': 'https://randomuser.me/api/portraits/thumb/women/31.jpg'}, 'nat': 'TR'}</msg>
<arg>${json_data['results'][0]}</arg>
<doc>Logs the given message with the given level.</doc>
<status status="PASS" start="2024-06-29T17:12:50.468562" elapsed="0.000434"/>
</kw>
<kw name="Log" owner="BuiltIn">
<msg time="2024-06-29T17:12:50.469427" level="INFO">name</msg>
<arg>${key}</arg>
<doc>Logs the given message with the given level.</doc>
<status status="PASS" start="2024-06-29T17:12:50.469297" elapsed="0.000168"/>
</kw>
<var name="${key}">name</var>
<status status="PASS" start="2024-06-29T17:12:50.467873" elapsed="0.001838"/>
</iter>
<iter>
<kw name="Dictionary Should Contain Key" owner="Collections">
<arg>${json_data['results'][0]}</arg>
<arg>${key}</arg>
<doc>Fails if ``key`` is not found from ``dictionary``.</doc>
<status status="PASS" start="2024-06-29T17:12:50.470002" elapsed="0.000383"/>
</kw>
<kw name="Log" owner="BuiltIn">
<msg time="2024-06-29T17:12:50.470923" level="INFO">{'gender': 'female', 'name': {'title': 'Mrs', 'first': 'Begüm', 'last': 'Kunter'}, 'location': {'street': {'number': 7204, 'name': 'Istiklal Cd'}, 'city': 'Trabzon', 'state': 'Çanakkale', 'country': 'Turkey', 'postcode': 97369, 'coordinates': {'latitude': '68.3361', 'longitude': '167.7113'}, 'timezone': {'offset': '+5:00', 'description': 'Ekaterinburg, Islamabad, Karachi, Tashkent'}}, 'email': 'begum.kunter@example.com', 'login': {'uuid': '297bb7c3-f55b-4d24-8487-ec595a0de761', 'username': 'lazytiger825', 'password': 'macaroni', 'salt': 'xuQ2iqss', 'md5': '759fa122c9325ad19b099c277f10322a', 'sha1': 'e28fd2df12363a4ab860e7285dda9f7ad2986cee', 'sha256': 'bc434b5040bf1ecb8b3688cc2218eb7a9e34e161ce20d067ef22c20fb3a9c784'}, 'dob': {'date': '1962-06-12T05:50:11.084Z', 'age': 62}, 'registered': {'date': '2014-10-13T03:28:40.076Z', 'age': 9}, 'phone': '(608)-944-1857', 'cell': '(754)-660-8105', 'id': {'name': '', 'value': None}, 'picture': {'large': 'https://randomuser.me/api/portraits/women/31.jpg', 'medium': 'https://randomuser.me/api/portraits/med/women/31.jpg', 'thumbnail': 'https://randomuser.me/api/portraits/thumb/women/31.jpg'}, 'nat': 'TR'}</msg>
<arg>${json_data['results'][0]}</arg>
<doc>Logs the given message with the given level.</doc>
<status status="PASS" start="2024-06-29T17:12:50.470569" elapsed="0.000403"/>
</kw>
<kw name="Log" owner="BuiltIn">
<msg time="2024-06-29T17:12:50.471398" level="INFO">location</msg>
<arg>${key}</arg>
<doc>Logs the given message with the given level.</doc>
<status status="PASS" start="2024-06-29T17:12:50.471271" elapsed="0.000164"/>
</kw>
<var name="${key}">location</var>
<status status="PASS" start="2024-06-29T17:12:50.469892" elapsed="0.001760"/>
</iter>
<iter>
<kw name="Dictionary Should Contain Key" owner="Collections">
<arg>${json_data['results'][0]}</arg>
<arg>${key}</arg>
<doc>Fails if ``key`` is not found from ``dictionary``.</doc>
<status status="PASS" start="2024-06-29T17:12:50.471932" elapsed="0.000390"/>
</kw>
<kw name="Log" owner="BuiltIn">
<msg time="2024-06-29T17:12:50.472859" level="INFO">{'gender': 'female', 'name': {'title': 'Mrs', 'first': 'Begüm', 'last': 'Kunter'}, 'location': {'street': {'number': 7204, 'name': 'Istiklal Cd'}, 'city': 'Trabzon', 'state': 'Çanakkale', 'country': 'Turkey', 'postcode': 97369, 'coordinates': {'latitude': '68.3361', 'longitude': '167.7113'}, 'timezone': {'offset': '+5:00', 'description': 'Ekaterinburg, Islamabad, Karachi, Tashkent'}}, 'email': 'begum.kunter@example.com', 'login': {'uuid': '297bb7c3-f55b-4d24-8487-ec595a0de761', 'username': 'lazytiger825', 'password': 'macaroni', 'salt': 'xuQ2iqss', 'md5': '759fa122c9325ad19b099c277f10322a', 'sha1': 'e28fd2df12363a4ab860e7285dda9f7ad2986cee', 'sha256': 'bc434b5040bf1ecb8b3688cc2218eb7a9e34e161ce20d067ef22c20fb3a9c784'}, 'dob': {'date': '1962-06-12T05:50:11.084Z', 'age': 62}, 'registered': {'date': '2014-10-13T03:28:40.076Z', 'age': 9}, 'phone': '(608)-944-1857', 'cell': '(754)-660-8105', 'id': {'name': '', 'value': None}, 'picture': {'large': 'https://randomuser.me/api/portraits/women/31.jpg', 'medium': 'https://randomuser.me/api/portraits/med/women/31.jpg', 'thumbnail': 'https://randomuser.me/api/portraits/thumb/women/31.jpg'}, 'nat': 'TR'}</msg>
<arg>${json_data['results'][0]}</arg>
<doc>Logs the given message with the given level.</doc>
<status status="PASS" start="2024-06-29T17:12:50.472505" elapsed="0.000402"/>
</kw>
<kw name="Log" owner="BuiltIn">
<msg time="2024-06-29T17:12:50.473332" level="INFO">email</msg>
<arg>${key}</arg>
<doc>Logs the given message with the given level.</doc>
<status status="PASS" start="2024-06-29T17:12:50.473205" elapsed="0.000166"/>
</kw>
<var name="${key}">email</var>
<status status="PASS" start="2024-06-29T17:12:50.471823" elapsed="0.001766"/>
</iter>
<iter>
<kw name="Dictionary Should Contain Key" owner="Collections">
<arg>${json_data['results'][0]}</arg>
<arg>${key}</arg>
<doc>Fails if ``key`` is not found from ``dictionary``.</doc>
<status status="PASS" start="2024-06-29T17:12:50.473924" elapsed="0.000385"/>
</kw>
<kw name="Log" owner="BuiltIn">
<msg time="2024-06-29T17:12:50.474857" level="INFO">{'gender': 'female', 'name': {'title': 'Mrs', 'first': 'Begüm', 'last': 'Kunter'}, 'location': {'street': {'number': 7204, 'name': 'Istiklal Cd'}, 'city': 'Trabzon', 'state': 'Çanakkale', 'country': 'Turkey', 'postcode': 97369, 'coordinates': {'latitude': '68.3361', 'longitude': '167.7113'}, 'timezone': {'offset': '+5:00', 'description': 'Ekaterinburg, Islamabad, Karachi, Tashkent'}}, 'email': 'begum.kunter@example.com', 'login': {'uuid': '297bb7c3-f55b-4d24-8487-ec595a0de761', 'username': 'lazytiger825', 'password': 'macaroni', 'salt': 'xuQ2iqss', 'md5': '759fa122c9325ad19b099c277f10322a', 'sha1': 'e28fd2df12363a4ab860e7285dda9f7ad2986cee', 'sha256': 'bc434b5040bf1ecb8b3688cc2218eb7a9e34e161ce20d067ef22c20fb3a9c784'}, 'dob': {'date': '1962-06-12T05:50:11.084Z', 'age': 62}, 'registered': {'date': '2014-10-13T03:28:40.076Z', 'age': 9}, 'phone': '(608)-944-1857', 'cell': '(754)-660-8105', 'id': {'name': '', 'value': None}, 'picture': {'large': 'https://randomuser.me/api/portraits/women/31.jpg', 'medium': 'https://randomuser.me/api/portraits/med/women/31.jpg', 'thumbnail': 'https://randomuser.me/api/portraits/thumb/women/31.jpg'}, 'nat': 'TR'}</msg>
<arg>${json_data['results'][0]}</arg>
<doc>Logs the given message with the given level.</doc>
<status status="PASS" start="2024-06-29T17:12:50.474493" elapsed="0.000413"/>
</kw>
<kw name="Log" owner="BuiltIn">
<msg time="2024-06-29T17:12:50.475323" level="INFO">login</msg>
<arg>${key}</arg>
<doc>Logs the given message with the given level.</doc>
<status status="PASS" start="2024-06-29T17:12:50.475198" elapsed="0.000162"/>
</kw>
<var name="${key}">login</var>
<status status="PASS" start="2024-06-29T17:12:50.473808" elapsed="0.001799"/>
</iter>
<var>${key}</var>
<value>@{expected_keys}</value>
<status status="PASS" start="2024-06-29T17:12:50.465652" elapsed="0.010074"/>
</for>
<kw name="Create List" owner="BuiltIn">
<msg time="2024-06-29T17:12:50.476052" level="INFO">${expected_keysTwo} = ['username', 'password']</msg>
<var>${expected_keysTwo}</var>
<arg>username</arg>
<arg>password</arg>
<doc>Returns a list containing given items.</doc>
<status status="PASS" start="2024-06-29T17:12:50.475919" elapsed="0.000184"/>
</kw>
<for flavor="IN">
<iter>
<kw name="Dictionary Should Contain Key" owner="Collections">
<arg>${json_data['results'][0]['login']}</arg>
<arg>${keyTwo}</arg>
<doc>Fails if ``key`` is not found from ``dictionary``.</doc>
<status status="PASS" start="2024-06-29T17:12:50.476606" elapsed="0.000383"/>
</kw>
<kw name="Dictionary Should Contain Key" owner="Collections">
<arg>${json_data['results'][0]['login']}</arg>
<arg>${keyTwo}</arg>
<doc>Fails if ``key`` is not found from ``dictionary``.</doc>
<status status="PASS" start="2024-06-29T17:12:50.477169" elapsed="0.000381"/>
</kw>
<kw name="Log" owner="BuiltIn">
<msg time="2024-06-29T17:12:50.477900" level="INFO">username</msg>
<arg>${keyTwo}</arg>
<doc>Logs the given message with the given level.</doc>
<status status="PASS" start="2024-06-29T17:12:50.477773" elapsed="0.000165"/>
</kw>
<var name="${keyTwo}">username</var>
<status status="PASS" start="2024-06-29T17:12:50.476498" elapsed="0.001658"/>
</iter>
<iter>
<kw name="Dictionary Should Contain Key" owner="Collections">
<arg>${json_data['results'][0]['login']}</arg>
<arg>${keyTwo}</arg>
<doc>Fails if ``key`` is not found from ``dictionary``.</doc>
<status status="PASS" start="2024-06-29T17:12:50.478436" elapsed="0.000382"/>
</kw>
<kw name="Dictionary Should Contain Key" owner="Collections">
<arg>${json_data['results'][0]['login']}</arg>
<arg>${keyTwo}</arg>
<doc>Fails if ``key`` is not found from ``dictionary``.</doc>
<status status="PASS" start="2024-06-29T17:12:50.478995" elapsed="0.000368"/>
</kw>
<kw name="Log" owner="BuiltIn">
<msg time="2024-06-29T17:12:50.479662" level="INFO">password</msg>
<arg>${keyTwo}</arg>
<doc>Logs the given message with the given level.</doc>
<status status="PASS" start="2024-06-29T17:12:50.479538" elapsed="0.000192"/>
</kw>
<var name="${keyTwo}">password</var>
<status status="PASS" start="2024-06-29T17:12:50.478329" elapsed="0.001717"/>
</iter>
<var>${keyTwo}</var>
<value>@{expected_keysTwo}</value>
<status status="PASS" start="2024-06-29T17:12:50.476348" elapsed="0.003825"/>
</for>
<status status="PASS" start="2024-06-29T17:12:50.316726" elapsed="0.163587"/>
</kw>
<doc>Testa a estrutura da resposta da API.</doc>
<tag>testeEstruturaResposta</tag>
<status status="PASS" start="2024-06-29T17:12:50.316164" elapsed="0.164299"/>
</test>
<test id="s1-s1-t4" name="Validar tipos de dados" line="28">
<kw name="Teste de Tipos de Dados" owner="random-user-service">
<kw name="GET On Session" owner="RequestsLibrary">
<msg time="2024-06-29T17:12:50.573282" level="INFO">GET Request : url=https://randomuser.me/api 
 path_url=/api 
 headers={'User-Agent': 'python-requests/2.32.3', 'Accept-Encoding': 'gzip, deflate', 'Accept': '*/*', 'Connection': 'keep-alive'} 
 body=None 
 </msg>
<msg time="2024-06-29T17:12:50.573377" level="INFO">GET Response : url=https://randomuser.me/api 
 status=200, reason=OK 
 headers={'Date': 'Sat, 29 Jun 2024 17:12:50 GMT', 'Content-Type': 'application/json; charset=utf-8', 'Transfer-Encoding': 'chunked', 'Connection': 'keep-alive', 'X-Powered-By': 'Express', 'Access-Control-Allow-Origin': '*', 'Cache-Control': 'no-cache', 'ETag': 'W/"499-/Z7SMiDO/tQM5y1ObQOlleYfITE"', 'Vary': 'Accept-Encoding', 'Content-Encoding': 'gzip', 'CF-Cache-Status': 'DYNAMIC', 'Report-To': '{"endpoints":[{"url":"https:\\/\\/a.nel.cloudflare.com\\/report\\/v4?s=zHhhTMb8MApUEc7ubRinaNd07Ted6hyU5KFnmboD8wFNBxkBwrPWhiHhz0qsEGfnPxL7pj5PbMlytDw2kzpqsB5s3bFG5iXgjPizoYB05%2FZE3lGO1RSGhY0Y0qMFqufx"}],"group":"cf-nel","max_age":604800}', 'NEL': '{"success_fraction":0,"report_to":"cf-nel","max_age":604800}', 'Server': 'cloudflare', 'CF-RAY': '89b78b338f44200f-IAD', 'alt-svc': 'h3=":443"; ma=86400'} 
 body={"results":[{"gender":"female","name":{"title":"Miss","first":"Rebecca","last":"Cox"},"location":{"street":{"number":3750,"name":"Stanley Road"},"city":"Carlisle","state":"County Armagh","country":"United Kingdom","postcode":"M4 5PH","coordinates":{"latitude":"-11.6273","longitude":"109.6066"},"timezone":{"offset":"-12:00","description":"Eniwetok, Kwajalein"}},"email":"rebecca.cox@example.com","login":{"uuid":"c2205c32-6178-4eb3-a198-084f71c2a9dc","username":"orangebird570","password":"maximum","salt":"eBF5TpNf","md5":"a6f00705577cc4ab4585af7d5d058572","sha1":"8a96d7ffa01da0dda0a99541261a84e536dcb3cd","sha256":"63949ba0811a28792c9aee127972b438323312dd41a99ef4bfd0e521587b79f2"},"dob":{"date":"1961-08-12T05:28:35.375Z","age":62},"registered":{"date":"2022-03-11T21:43:50.779Z","age":2},"phone":"0118163 066 9759","cell":"07302 517368","id":{"name":"NINO","value":"TM 06 12 44 L"},"picture":{"large":"https://randomuser.me/api/portraits/women/45.jpg","medium":"https://randomuser.me/api/portraits/med/women/45.jpg","thumbnail":"https://randomuser.me/api/portraits/thumb/women/45.jpg"},"nat":"GB"}],"info":{"seed":"c9bf7baa2cf44ef5","results":1,"page":1,"version":"1.4"}} 
 </msg>
<msg time="2024-06-29T17:12:50.573452" level="INFO">/opt/hostedtoolcache/Python/3.12.4/x64/lib/python3.12/site-packages/urllib3/connectionpool.py:1099: InsecureRequestWarning: Unverified HTTPS request is being made to host 'randomuser.me'. Adding certificate verification is strongly advised. See: https://urllib3.readthedocs.io/en/latest/advanced-usage.html#tls-warnings
  warnings.warn(</msg>
<msg time="2024-06-29T17:12:50.573573" level="INFO">${response} = &lt;Response [200]&gt;</msg>
<var>${response}</var>
<arg>consultarAPI</arg>
<arg>/api</arg>
<doc>Sends a GET request on a previously created HTTP Session.</doc>
<status status="PASS" start="2024-06-29T17:12:50.483105" elapsed="0.090563"/>
</kw>
<kw name="Set Variable" owner="BuiltIn">
<msg time="2024-06-29T17:12:50.574700" level="INFO">${json_data} = {'results': [{'gender': 'female', 'name': {'title': 'Miss', 'first': 'Rebecca', 'last': 'Cox'}, 'location': {'street': {'number': 3750, 'name': 'Stanley Road'}, 'city': 'Carlisle', 'state': 'County Ar...</msg>
<var>${json_data}</var>
<arg>${response.json()}</arg>
<doc>Returns the given values which can then be assigned to a variables.</doc>
<status status="PASS" start="2024-06-29T17:12:50.574193" elapsed="0.000539"/>
</kw>
<kw name="Log" owner="BuiltIn">
<msg time="2024-06-29T17:12:50.575195" level="INFO">{'results': [{'gender': 'female', 'name': {'title': 'Miss', 'first': 'Rebecca', 'last': 'Cox'}, 'location': {'street': {'number': 3750, 'name': 'Stanley Road'}, 'city': 'Carlisle', 'state': 'County Armagh', 'country': 'United Kingdom', 'postcode': 'M4 5PH', 'coordinates': {'latitude': '-11.6273', 'longitude': '109.6066'}, 'timezone': {'offset': '-12:00', 'description': 'Eniwetok, Kwajalein'}}, 'email': 'rebecca.cox@example.com', 'login': {'uuid': 'c2205c32-6178-4eb3-a198-084f71c2a9dc', 'username': 'orangebird570', 'password': 'maximum', 'salt': 'eBF5TpNf', 'md5': 'a6f00705577cc4ab4585af7d5d058572', 'sha1': '8a96d7ffa01da0dda0a99541261a84e536dcb3cd', 'sha256': '63949ba0811a28792c9aee127972b438323312dd41a99ef4bfd0e521587b79f2'}, 'dob': {'date': '1961-08-12T05:28:35.375Z', 'age': 62}, 'registered': {'date': '2022-03-11T21:43:50.779Z', 'age': 2}, 'phone': '0118163 066 9759', 'cell': '07302 517368', 'id': {'name': 'NINO', 'value': 'TM 06 12 44 L'}, 'picture': {'large': 'https://randomuser.me/api/portraits/women/45.jpg', 'medium': 'https://randomuser.me/api/portraits/med/women/45.jpg', 'thumbnail': 'https://randomuser.me/api/portraits/thumb/women/45.jpg'}, 'nat': 'GB'}], 'info': {'seed': 'c9bf7baa2cf44ef5', 'results': 1, 'page': 1, 'version': '1.4'}}</msg>
<arg>${json_data}</arg>
<doc>Logs the given message with the given level.</doc>
<status status="PASS" start="2024-06-29T17:12:50.575041" elapsed="0.000202"/>
</kw>
<kw name="Should Be String" owner="String">
<arg>${json_data['results'][0]['gender']}</arg>
<doc>Fails if the given ``item`` is not a string.</doc>
<status status="PASS" start="2024-06-29T17:12:50.575535" elapsed="0.000362"/>
</kw>
<kw name="Should Match Regexp" owner="BuiltIn">
<arg>${json_data['results'][0]['email']}</arg>
<arg>^[a-zA-Z0-9._%+-]+@[a-zA-Z0-9.-]+\.[a-zA-Z]{2,}$</arg>
<doc>Fails if ``string`` does not match ``pattern`` as a regular expression.</doc>
<status status="PASS" start="2024-06-29T17:12:50.576086" elapsed="0.000555"/>
</kw>
<kw name="Should Match Regexp" owner="BuiltIn">
<arg>${json_data['results'][0]['dob']['date']}</arg>
<arg>\\d{4}-\\d{2}-\\d{2}T\\d{2}:\\d{2}:\\d{2}\\.\\d{3}Z</arg>
<doc>Fails if ``string`` does not match ``pattern`` as a regular expression.</doc>
<status status="PASS" start="2024-06-29T17:12:50.576835" elapsed="0.000476"/>
</kw>
<kw name="Should Match Regexp" owner="BuiltIn">
<arg>${json_data['results'][0]['registered']['date']}</arg>
<arg>\\d{4}-\\d{2}-\\d{2}T\\d{2}:\\d{2}:\\d{2}\\.\\d{3}Z</arg>
<doc>Fails if ``string`` does not match ``pattern`` as a regular expression.</doc>
<status status="PASS" start="2024-06-29T17:12:50.577495" elapsed="0.000430"/>
</kw>
<kw name="Should Match Regexp" owner="BuiltIn">
<arg>${json_data['results'][0]['picture']['large']}</arg>
<arg>^https?://.*\.(?:png|jpe?g|gif|bmp)$</arg>
<doc>Fails if ``string`` does not match ``pattern`` as a regular expression.</doc>
<status status="PASS" start="2024-06-29T17:12:50.578117" elapsed="0.000468"/>
</kw>
<kw name="Should Match Regexp" owner="BuiltIn">
<arg>${json_data['results'][0]['picture']['medium']}</arg>
<arg>^https?://.*\.(?:png|jpe?g|gif|bmp)$</arg>
<doc>Fails if ``string`` does not match ``pattern`` as a regular expression.</doc>
<status status="PASS" start="2024-06-29T17:12:50.578774" elapsed="0.000355"/>
</kw>
<kw name="Should Match Regexp" owner="BuiltIn">
<arg>${json_data['results'][0]['picture']['thumbnail']}</arg>
<arg>^https?://.*\.(?:png|jpe?g|gif|bmp)$</arg>
<doc>Fails if ``string`` does not match ``pattern`` as a regular expression.</doc>
<status status="PASS" start="2024-06-29T17:12:50.579316" elapsed="0.000349"/>
</kw>
<kw name="Log" owner="BuiltIn">
<msg time="2024-06-29T17:12:50.580179" level="INFO">{'large': 'https://randomuser.me/api/portraits/women/45.jpg', 'medium': 'https://randomuser.me/api/portraits/med/women/45.jpg', 'thumbnail': 'https://randomuser.me/api/portraits/thumb/women/45.jpg'}</msg>
<arg>${json_data['results'][0]['picture']}</arg>
<doc>Logs the given message with the given level.</doc>
<status status="PASS" start="2024-06-29T17:12:50.579850" elapsed="0.000371"/>
</kw>
<status status="PASS" start="2024-06-29T17:12:50.482883" elapsed="0.097597"/>
</kw>
<kw name="Teste de Tipos de Dados - Postcode" owner="random-user-service">
<kw name="GET On Session" owner="RequestsLibrary">
<msg time="2024-06-29T17:12:50.631265" level="INFO">GET Request : url=https://randomuser.me/api 
 path_url=/api 
 headers={'User-Agent': 'python-requests/2.32.3', 'Accept-Encoding': 'gzip, deflate', 'Accept': '*/*', 'Connection': 'keep-alive'} 
 body=None 
 </msg>
<msg time="2024-06-29T17:12:50.631329" level="INFO">GET Response : url=https://randomuser.me/api 
 status=200, reason=OK 
 headers={'Date': 'Sat, 29 Jun 2024 17:12:50 GMT', 'Content-Type': 'application/json; charset=utf-8', 'Transfer-Encoding': 'chunked', 'Connection': 'keep-alive', 'X-Powered-By': 'Express', 'Access-Control-Allow-Origin': '*', 'Cache-Control': 'no-cache', 'ETag': 'W/"48e-nQqnHvJuHNwMOcHnHOmdzvFbPJE"', 'Vary': 'Accept-Encoding', 'Content-Encoding': 'gzip', 'CF-Cache-Status': 'DYNAMIC', 'Report-To': '{"endpoints":[{"url":"https:\\/\\/a.nel.cloudflare.com\\/report\\/v4?s=EFbBzY53os73BDFNHeKr2q9cwty6MbeqWrk00vxWXxdMCLtCSCYqTYXLB%2B3jvzN6o3N4XV6iaZv3LTt5ZFu%2BOsaEVlFqf3vfBslTLbXWfrk6S4hPIF%2Ffak3m2eyb78E4"}],"group":"cf-nel","max_age":604800}', 'NEL': '{"success_fraction":0,"report_to":"cf-nel","max_age":604800}', 'Server': 'cloudflare', 'CF-RAY': '89b78b342809200f-IAD', 'alt-svc': 'h3=":443"; ma=86400'} 
 body={"results":[{"gender":"female","name":{"title":"Miss","first":"Megan","last":"Byrd"},"location":{"street":{"number":6383,"name":"Galway Road"},"city":"Limerick","state":"Longford","country":"Ireland","postcode":60707,"coordinates":{"latitude":"2.4325","longitude":"174.6111"},"timezone":{"offset":"+5:30","description":"Bombay, Calcutta, Madras, New Delhi"}},"email":"megan.byrd@example.com","login":{"uuid":"b11ba288-9638-4fe1-bead-4744476014ea","username":"tinyelephant501","password":"nathanie","salt":"AmF83fn4","md5":"b8069b8c344e883564e31eb5e17fdfeb","sha1":"5aaec474a1864d50d9c834cd931adfda571708fa","sha256":"6b9326a7d9d633cfa089197947314ede1726fffb6d93e309223443ba90c90a4d"},"dob":{"date":"1961-11-28T08:41:54.939Z","age":62},"registered":{"date":"2008-04-21T06:51:33.772Z","age":16},"phone":"041-400-3864","cell":"081-202-8533","id":{"name":"PPS","value":"0670161T"},"picture":{"large":"https://randomuser.me/api/portraits/women/25.jpg","medium":"https://randomuser.me/api/portraits/med/women/25.jpg","thumbnail":"https://randomuser.me/api/portraits/thumb/women/25.jpg"},"nat":"IE"}],"info":{"seed":"dbe21993acc791cb","results":1,"page":1,"version":"1.4"}} 
 </msg>
<msg time="2024-06-29T17:12:50.631390" level="INFO">/opt/hostedtoolcache/Python/3.12.4/x64/lib/python3.12/site-packages/urllib3/connectionpool.py:1099: InsecureRequestWarning: Unverified HTTPS request is being made to host 'randomuser.me'. Adding certificate verification is strongly advised. See: https://urllib3.readthedocs.io/en/latest/advanced-usage.html#tls-warnings
  warnings.warn(</msg>
<msg time="2024-06-29T17:12:50.631488" level="INFO">${response} = &lt;Response [200]&gt;</msg>
<var>${response}</var>
<arg>consultarAPI</arg>
<arg>/api</arg>
<doc>Sends a GET request on a previously created HTTP Session.</doc>
<status status="PASS" start="2024-06-29T17:12:50.580924" elapsed="0.050608"/>
</kw>
<kw name="Set Variable" owner="BuiltIn">
<msg time="2024-06-29T17:12:50.632705" level="INFO">${json_data} = {'results': [{'gender': 'female', 'name': {'title': 'Miss', 'first': 'Megan', 'last': 'Byrd'}, 'location': {'street': {'number': 6383, 'name': 'Galway Road'}, 'city': 'Limerick', 'state': 'Longford', ...</msg>
<var>${json_data}</var>
<arg>${response.json()}</arg>
<doc>Returns the given values which can then be assigned to a variables.</doc>
<status status="PASS" start="2024-06-29T17:12:50.632030" elapsed="0.000704"/>
</kw>
<kw name="Log" owner="BuiltIn">
<msg time="2024-06-29T17:12:50.633198" level="INFO">{'results': [{'gender': 'female', 'name': {'title': 'Miss', 'first': 'Megan', 'last': 'Byrd'}, 'location': {'street': {'number': 6383, 'name': 'Galway Road'}, 'city': 'Limerick', 'state': 'Longford', 'country': 'Ireland', 'postcode': 60707, 'coordinates': {'latitude': '2.4325', 'longitude': '174.6111'}, 'timezone': {'offset': '+5:30', 'description': 'Bombay, Calcutta, Madras, New Delhi'}}, 'email': 'megan.byrd@example.com', 'login': {'uuid': 'b11ba288-9638-4fe1-bead-4744476014ea', 'username': 'tinyelephant501', 'password': 'nathanie', 'salt': 'AmF83fn4', 'md5': 'b8069b8c344e883564e31eb5e17fdfeb', 'sha1': '5aaec474a1864d50d9c834cd931adfda571708fa', 'sha256': '6b9326a7d9d633cfa089197947314ede1726fffb6d93e309223443ba90c90a4d'}, 'dob': {'date': '1961-11-28T08:41:54.939Z', 'age': 62}, 'registered': {'date': '2008-04-21T06:51:33.772Z', 'age': 16}, 'phone': '041-400-3864', 'cell': '081-202-8533', 'id': {'name': 'PPS', 'value': '0670161T'}, 'picture': {'large': 'https://randomuser.me/api/portraits/women/25.jpg', 'medium': 'https://randomuser.me/api/portraits/med/women/25.jpg', 'thumbnail': 'https://randomuser.me/api/portraits/thumb/women/25.jpg'}, 'nat': 'IE'}], 'info': {'seed': 'dbe21993acc791cb', 'results': 1, 'page': 1, 'version': '1.4'}}</msg>
<arg>${json_data}</arg>
<doc>Logs the given message with the given level.</doc>
<status status="PASS" start="2024-06-29T17:12:50.633043" elapsed="0.000201"/>
</kw>
<kw name="Should Be Equal As Numbers" owner="BuiltIn">
<arg>${json_data['results'][0]['location']['postcode']}</arg>
<arg>${json_data['results'][0]['location']['postcode']}</arg>
<doc>Fails if objects are unequal after converting them to real numbers.</doc>
<status status="PASS" start="2024-06-29T17:12:50.633538" elapsed="0.000657"/>
</kw>
<kw name="Log" owner="BuiltIn">
<msg time="2024-06-29T17:12:50.634713" level="INFO">60707</msg>
<arg>${json_data['results'][0]['location']['postcode']}</arg>
<doc>Logs the given message with the given level.</doc>
<status status="PASS" start="2024-06-29T17:12:50.634382" elapsed="0.000403"/>
</kw>
<status status="PASS" start="2024-06-29T17:12:50.580699" elapsed="0.054335"/>
</kw>
<doc>Testa se os tipos de dados na resposta da API estão corretos.</doc>
<tag>testeTiposDados</tag>
<status status="PASS" start="2024-06-29T17:12:50.482273" elapsed="0.152924"/>
</test>
<test id="s1-s1-t5" name="Validar conteudo" line="35">
<kw name="Teste de Tipos de Conteudo" owner="random-user-service">
<kw name="GET On Session" owner="RequestsLibrary">
<msg time="2024-06-29T17:12:50.734575" level="INFO">GET Request : url=https://randomuser.me/api 
 path_url=/api 
 headers={'User-Agent': 'python-requests/2.32.3', 'Accept-Encoding': 'gzip, deflate', 'Accept': '*/*', 'Connection': 'keep-alive'} 
 body=None 
 </msg>
<msg time="2024-06-29T17:12:50.734640" level="INFO">GET Response : url=https://randomuser.me/api 
 status=200, reason=OK 
 headers={'Date': 'Sat, 29 Jun 2024 17:12:50 GMT', 'Content-Type': 'application/json; charset=utf-8', 'Transfer-Encoding': 'chunked', 'Connection': 'keep-alive', 'X-Powered-By': 'Express', 'Access-Control-Allow-Origin': '*', 'Cache-Control': 'no-cache', 'ETag': 'W/"490-GwzdeXRuv0ippnoIn0tNY4oHOzU"', 'Vary': 'Accept-Encoding', 'Content-Encoding': 'gzip', 'CF-Cache-Status': 'DYNAMIC', 'Report-To': '{"endpoints":[{"url":"https:\\/\\/a.nel.cloudflare.com\\/report\\/v4?s=WwPIfiMuwJMJ7F4eYP6nrXiaifCsZtRJ8sEJfIJwSYPUvir2cxFgDoEdKz%2BceGQEqO00cTGQV9%2FuOLiGDxZE1fNQ1Q1ARWkF%2BBEdEG%2B8nZe0X%2BM0Rsa4lxrWvE9Q9fCb"}],"group":"cf-nel","max_age":604800}', 'NEL': '{"success_fraction":0,"report_to":"cf-nel","max_age":604800}', 'Server': 'cloudflare', 'CF-RAY': '89b78b348874200f-IAD', 'alt-svc': 'h3=":443"; ma=86400'} 
 body={"results":[{"gender":"male","name":{"title":"Mr","first":"Andreas","last":"Kristensen"},"location":{"street":{"number":3275,"name":"Lundvej"},"city":"Randers Nø","state":"Hovedstaden","country":"Denmark","postcode":36796,"coordinates":{"latitude":"-39.8909","longitude":"-25.0254"},"timezone":{"offset":"+5:30","description":"Bombay, Calcutta, Madras, New Delhi"}},"email":"andreas.kristensen@example.com","login":{"uuid":"15b57a54-250a-455a-98ef-c68dd072c34e","username":"tinyzebra815","password":"kcj9wx5n","salt":"iwaOuwPd","md5":"afc47dec88d0207596ff392bdbaf7919","sha1":"608cf9f2f76195051ac6482e732cca92214abeeb","sha256":"e3ac43aa8d53990789df523c36220d0bf7f07e29bc7ee5800bcec337b6c60891"},"dob":{"date":"1966-01-16T13:13:09.704Z","age":58},"registered":{"date":"2012-12-17T10:29:59.070Z","age":11},"phone":"80417229","cell":"73811649","id":{"name":"CPR","value":"160166-4875"},"picture":{"large":"https://randomuser.me/api/portraits/men/86.jpg","medium":"https://randomuser.me/api/portraits/med/men/86.jpg","thumbnail":"https://randomuser.me/api/portraits/thumb/men/86.jpg"},"nat":"DK"}],"info":{"seed":"cbe0035de5290a1d","results":1,"page":1,"version":"1.4"}} 
 </msg>
<msg time="2024-06-29T17:12:50.734709" level="INFO">/opt/hostedtoolcache/Python/3.12.4/x64/lib/python3.12/site-packages/urllib3/connectionpool.py:1099: InsecureRequestWarning: Unverified HTTPS request is being made to host 'randomuser.me'. Adding certificate verification is strongly advised. See: https://urllib3.readthedocs.io/en/latest/advanced-usage.html#tls-warnings
  warnings.warn(</msg>
<msg time="2024-06-29T17:12:50.734821" level="INFO">${response} = &lt;Response [200]&gt;</msg>
<var>${response}</var>
<arg>consultarAPI</arg>
<arg>/api</arg>
<doc>Sends a GET request on a previously created HTTP Session.</doc>
<status status="PASS" start="2024-06-29T17:12:50.637869" elapsed="0.096994"/>
</kw>
<kw name="Set Variable" owner="BuiltIn">
<msg time="2024-06-29T17:12:50.735744" level="INFO">${json_data} = {'results': [{'gender': 'male', 'name': {'title': 'Mr', 'first': 'Andreas', 'last': 'Kristensen'}, 'location': {'street': {'number': 3275, 'name': 'Lundvej'}, 'city': 'Randers Nø', 'state': 'Hovedstad...</msg>
<var>${json_data}</var>
<arg>${response.json()}</arg>
<doc>Returns the given values which can then be assigned to a variables.</doc>
<status status="PASS" start="2024-06-29T17:12:50.735304" elapsed="0.000469"/>
</kw>
<kw name="Set Variable" owner="BuiltIn">
<msg time="2024-06-29T17:12:50.736448" level="INFO">${name_title} = Mr</msg>
<var>${name_title}</var>
<arg>${json_data["results"][0]["name"]["title"]}</arg>
<doc>Returns the given values which can then be assigned to a variables.</doc>
<status status="PASS" start="2024-06-29T17:12:50.736074" elapsed="0.000399"/>
</kw>
<kw name="Create List" owner="BuiltIn">
<msg time="2024-06-29T17:12:50.736913" level="INFO">${allowed_titles} = ['Mr', 'Ms', 'Miss', 'Mrs', 'Madame', 'Monsieur']</msg>
<var>${allowed_titles}</var>
<arg>Mr</arg>
<arg>Ms</arg>
<arg>Miss</arg>
<arg>Mrs</arg>
<arg>Madame</arg>
<arg>Monsieur</arg>
<doc>Returns a list containing given items.</doc>
<status status="PASS" start="2024-06-29T17:12:50.736765" elapsed="0.000172"/>
</kw>
<kw name="List Should Contain Value" owner="Collections">
<arg>${allowed_titles}</arg>
<arg>${name_title}</arg>
<doc>Fails if the ``value`` is not found from ``list``.</doc>
<status status="PASS" start="2024-06-29T17:12:50.737236" elapsed="0.000172"/>
</kw>
<kw name="Set Variable" owner="BuiltIn">
<msg time="2024-06-29T17:12:50.737994" level="INFO">${name_country} = DK</msg>
<var>${name_country}</var>
<arg>${json_data["results"][0]["nat"]}</arg>
<doc>Returns the given values which can then be assigned to a variables.</doc>
<status status="PASS" start="2024-06-29T17:12:50.737584" elapsed="0.000435"/>
</kw>
<kw name="Create List" owner="BuiltIn">
<msg time="2024-06-29T17:12:50.738908" level="INFO">${list_country} = ['AD', 'AE', 'AF', 'AG', 'AI', 'AL', 'AM', 'AO', 'AQ', 'AR', 'AS', 'AT', 'AU', 'AW', 'AX', 'AZ', 'BA', 'BB', 'BD', 'BE', 'BF', 'BG', 'BH', 'BI', 'BJ', 'BL', 'BM', 'BN', 'BO', 'BQ', 'BR', 'BS', 'BT', '...</msg>
<var>${list_country}</var>
<arg>AD</arg>
<arg>AE</arg>
<arg>AF</arg>
<arg>AG</arg>
<arg>AI</arg>
<arg>AL</arg>
<arg>AM</arg>
<arg>AO</arg>
<arg>AQ</arg>
<arg>AR</arg>
<arg>AS</arg>
<arg>AT</arg>
<arg>AU</arg>
<arg>AW</arg>
<arg>AX</arg>
<arg>AZ</arg>
<arg>BA</arg>
<arg>BB</arg>
<arg>BD</arg>
<arg>BE</arg>
<arg>BF</arg>
<arg>BG</arg>
<arg>BH</arg>
<arg>BI</arg>
<arg>BJ</arg>
<arg>BL</arg>
<arg>BM</arg>
<arg>BN</arg>
<arg>BO</arg>
<arg>BQ</arg>
<arg>BR</arg>
<arg>BS</arg>
<arg>BT</arg>
<arg>BV</arg>
<arg>BW</arg>
<arg>BY</arg>
<arg>BZ</arg>
<arg>CA</arg>
<arg>CC</arg>
<arg>CD</arg>
<arg>CF</arg>
<arg>CG</arg>
<arg>CH</arg>
<arg>CI</arg>
<arg>CK</arg>
<arg>CL</arg>
<arg>CM</arg>
<arg>CN</arg>
<arg>CO</arg>
<arg>CR</arg>
<arg>CU</arg>
<arg>CV</arg>
<arg>CW</arg>
<arg>CX</arg>
<arg>CY</arg>
<arg>CZ</arg>
<arg>DE</arg>
<arg>DJ</arg>
<arg>DK</arg>
<arg>DM</arg>
<arg>DO</arg>
<arg>DZ</arg>
<arg>EC</arg>
<arg>EE</arg>
<arg>EG</arg>
<arg>EH</arg>
<arg>ER</arg>
<arg>ES</arg>
<arg>ET</arg>
<arg>FI</arg>
<arg>FJ</arg>
<arg>FK</arg>
<arg>FM</arg>
<arg>FO</arg>
<arg>FR</arg>
<arg>GA</arg>
<arg>GB</arg>
<arg>GD</arg>
<arg>GE</arg>
<arg>GF</arg>
<arg>GG</arg>
<arg>GH</arg>
<arg>GI</arg>
<arg>GL</arg>
<arg>GM</arg>
<arg>GN</arg>
<arg>GP</arg>
<arg>GQ</arg>
<arg>GR</arg>
<arg>GS</arg>
<arg>GT</arg>
<arg>GU</arg>
<arg>GW</arg>
<arg>GY</arg>
<arg>HK</arg>
<arg>HM</arg>
<arg>HN</arg>
<arg>HR</arg>
<arg>HT</arg>
<arg>HU</arg>
<arg>ID</arg>
<arg>IE</arg>
<arg>IL</arg>
<arg>IM</arg>
<arg>IN</arg>
<arg>IO</arg>
<arg>IQ</arg>
<arg>IR</arg>
<arg>IS</arg>
<arg>IT</arg>
<arg>JE</arg>
<arg>JM</arg>
<arg>JO</arg>
<arg>JP</arg>
<arg>KE</arg>
<arg>KG</arg>
<arg>KH</arg>
<arg>KI</arg>
<arg>KM</arg>
<arg>KN</arg>
<arg>KP</arg>
<arg>KR</arg>
<arg>KW</arg>
<arg>KY</arg>
<arg>KZ</arg>
<arg>LA</arg>
<arg>LB</arg>
<arg>LC</arg>
<arg>LI</arg>
<arg>LK</arg>
<arg>LR</arg>
<arg>LS</arg>
<arg>LT</arg>
<arg>LU</arg>
<arg>LV</arg>
<arg>LY</arg>
<arg>MA</arg>
<arg>MC</arg>
<arg>MD</arg>
<arg>ME</arg>
<arg>MF</arg>
<arg>MG</arg>
<arg>MH</arg>
<arg>MK</arg>
<arg>ML</arg>
<arg>MM</arg>
<arg>MN</arg>
<arg>MO</arg>
<arg>MP</arg>
<arg>MQ</arg>
<arg>MR</arg>
<arg>MS</arg>
<arg>MT</arg>
<arg>MU</arg>
<arg>MV</arg>
<arg>MW</arg>
<arg>MX</arg>
<arg>MY</arg>
<arg>MZ</arg>
<arg>NA</arg>
<arg>NC</arg>
<arg>NE</arg>
<arg>NF</arg>
<arg>NG</arg>
<arg>NI</arg>
<arg>NL</arg>
<arg>NO</arg>
<arg>NP</arg>
<arg>NR</arg>
<arg>NU</arg>
<arg>NZ</arg>
<arg>OM</arg>
<arg>PA</arg>
<arg>PE</arg>
<arg>PF</arg>
<arg>PG</arg>
<arg>PH</arg>
<arg>PK</arg>
<arg>PL</arg>
<arg>PM</arg>
<arg>PN</arg>
<arg>PR</arg>
<arg>PS</arg>
<arg>PT</arg>
<arg>PW</arg>
<arg>PY</arg>
<arg>QA</arg>
<arg>RE</arg>
<arg>RO</arg>
<arg>RS</arg>
<arg>RU</arg>
<arg>RW</arg>
<arg>SA</arg>
<arg>SB</arg>
<arg>SC</arg>
<arg>SD</arg>
<arg>SE</arg>
<arg>SG</arg>
<arg>SH</arg>
<arg>SI</arg>
<arg>SJ</arg>
<arg>SK</arg>
<arg>SL</arg>
<arg>SM</arg>
<arg>SN</arg>
<arg>SO</arg>
<arg>SR</arg>
<arg>SS</arg>
<arg>ST</arg>
<arg>SV</arg>
<arg>SX</arg>
<arg>SY</arg>
<arg>SZ</arg>
<arg>TC</arg>
<arg>TD</arg>
<arg>TF</arg>
<arg>TG</arg>
<arg>TH</arg>
<arg>TJ</arg>
<arg>TK</arg>
<arg>TL</arg>
<arg>TM</arg>
<arg>TN</arg>
<arg>TO</arg>
<arg>TR</arg>
<arg>TT</arg>
<arg>TV</arg>
<arg>TW</arg>
<arg>TZ</arg>
<arg>UA</arg>
<arg>UG</arg>
<arg>UM</arg>
<arg>US</arg>
<arg>UY</arg>
<arg>UZ</arg>
<arg>VA</arg>
<arg>VC</arg>
<arg>VE</arg>
<arg>VG</arg>
<arg>VI</arg>
<arg>VN</arg>
<arg>VU</arg>
<arg>WF</arg>
<arg>WS</arg>
<arg>XK</arg>
<arg>YE</arg>
<arg>YT</arg>
<arg>ZA</arg>
<arg>ZM</arg>
<arg>ZW</arg>
<doc>Returns a list containing given items.</doc>
<status status="PASS" start="2024-06-29T17:12:50.738310" elapsed="0.000623"/>
</kw>
<kw name="List Should Contain Value" owner="Collections">
<arg>${list_country}</arg>
<arg>${name_country}</arg>
<doc>Fails if the ``value`` is not found from ``list``.</doc>
<status status="PASS" start="2024-06-29T17:12:50.739729" elapsed="0.000203"/>
</kw>
<kw name="Run Keyword If" owner="BuiltIn">
<kw name="Should Be True" owner="BuiltIn">
<arg>${True}</arg>
<doc>Fails if the given condition is not true.</doc>
<status status="PASS" start="2024-06-29T17:12:50.740851" elapsed="0.000143"/>
</kw>
<arg>${json_data["results"][0]["location"]["coordinates"]["latitude"]} &gt;= -90 and ${json_data["results"][0]["location"]["coordinates"]["latitude"]} &lt;= 90</arg>
<arg>Should Be True</arg>
<arg>${True}</arg>
<doc>Runs the given keyword with the given arguments, if ``condition`` is true.</doc>
<status status="PASS" start="2024-06-29T17:12:50.740125" elapsed="0.000992"/>
</kw>
<kw name="Run Keyword If" owner="BuiltIn">
<kw name="Should Be True" owner="BuiltIn">
<arg>${True}</arg>
<doc>Fails if the given condition is not true.</doc>
<status status="PASS" start="2024-06-29T17:12:50.742022" elapsed="0.000138"/>
</kw>
<arg>${json_data["results"][0]["location"]["coordinates"]["longitude"]} &gt;= -180 and ${json_data["results"][0]["location"]["coordinates"]["longitude"]} &lt;= 180</arg>
<arg>Should Be True</arg>
<arg>${True}</arg>
<doc>Runs the given keyword with the given arguments, if ``condition`` is true.</doc>
<status status="PASS" start="2024-06-29T17:12:50.741295" elapsed="0.000985"/>
</kw>
<status status="PASS" start="2024-06-29T17:12:50.637486" elapsed="0.104920"/>
</kw>
<doc>Testa o conteúdo específico dos campos retornados pela API.</doc>
<tag>testeConteudo</tag>
<status status="PASS" start="2024-06-29T17:12:50.636981" elapsed="0.105571"/>
</test>
<status status="PASS" start="2024-06-29T17:12:49.904948" elapsed="0.839540"/>
</suite>
<status status="PASS" start="2024-06-29T17:12:49.890724" elapsed="0.859568"/>
</suite>
<statistics>
<total>
<stat pass="5" fail="0" skip="0">All Tests</stat>
</total>
<tag>
<stat pass="1" fail="0" skip="0">testeConteudo</stat>
<stat pass="1" fail="0" skip="0">testeEstruturaResposta</stat>
<stat pass="1" fail="0" skip="0">testeRequisicaoBasica</stat>
<stat pass="1" fail="0" skip="0">testeTiposDados</stat>
</tag>
<suite>
<stat pass="5" fail="0" skip="0" id="s1" name="Tests">Tests</stat>
<stat pass="5" fail="0" skip="0" id="s1-s1" name="Random-User-Test">Tests.Random-User-Test</stat>
</suite>
</statistics>
<errors>
</errors>
</robot>
