<?xml version="1.0" encoding="UTF-8"?>
<robot generator="Robot 7.0.1 (Python 3.12.4 on linux)" generated="2024-07-22T17:13:37.759691" rpa="false" schemaversion="5">
<suite id="s1" name="Tests" source="/home/runner/work/ApiRandomUser/ApiRandomUser/RamdonUser/tests">
<suite id="s1-s1" name="Random-User-Test" source="/home/runner/work/ApiRandomUser/ApiRandomUser/RamdonUser/tests/random-user-test.robot">
<test id="s1-s1-t1" name="Conectar" line="13">
<kw name="Conectar API" owner="random-user-service">
<kw name="Create Session" owner="RequestsLibrary">
<msg time="2024-07-22T17:13:38.159552" level="INFO">Creating Session using : alias=consultarAPI, url=https://randomuser.me/, headers={},                     cookies={}, auth=None, timeout=None, proxies=None, verify=False,                     debug=0 </msg>
<arg>consultarAPI</arg>
<arg>${URL}</arg>
<doc>Create Session: create a HTTP session to a server</doc>
<status status="PASS" start="2024-07-22T17:13:38.159335" elapsed="0.000405"/>
</kw>
<status status="PASS" start="2024-07-22T17:13:38.158251" elapsed="0.001863"/>
</kw>
<status status="PASS" start="2024-07-22T17:13:38.157689" elapsed="0.002677"/>
</test>
<test id="s1-s1-t2" name="Validar retorno 200 e JSON Válido" line="16">
<kw name="Teste de Requisicao Basica" owner="random-user-service">
<kw name="GET On Session" owner="RequestsLibrary">
<msg time="2024-07-22T17:13:38.254031" level="INFO">GET Request : url=https://randomuser.me/api 
 path_url=/api 
 headers={'User-Agent': 'python-requests/2.32.3', 'Accept-Encoding': 'gzip, deflate', 'Accept': '*/*', 'Connection': 'keep-alive'} 
 body=None 
 </msg>
<msg time="2024-07-22T17:13:38.254171" level="INFO">GET Response : url=https://randomuser.me/api 
 status=200, reason=OK 
 headers={'Date': 'Mon, 22 Jul 2024 17:13:38 GMT', 'Content-Type': 'application/json; charset=utf-8', 'Transfer-Encoding': 'chunked', 'Connection': 'keep-alive', 'X-Powered-By': 'Express', 'Access-Control-Allow-Origin': '*', 'Cache-Control': 'no-cache', 'ETag': 'W/"475-LoqdaGXfU3HEZuJ8phvw4BY87ms"', 'Vary': 'Accept-Encoding', 'Content-Encoding': 'gzip', 'CF-Cache-Status': 'DYNAMIC', 'Report-To': '{"endpoints":[{"url":"https:\\/\\/a.nel.cloudflare.com\\/report\\/v4?s=lBvywH57olli1AyGIStRZx3RiWOg96TQCJDiZtbX72zK2mBaI0KG8YDm5o4I5RkY%2BWMDKDIOqG%2FvkcXCiiMEfocQ5VU%2Fs4OS2N7IIJ4wDXCL514K68PaOripkQjPHE%2FV"}],"group":"cf-nel","max_age":604800}', 'NEL': '{"success_fraction":0,"report_to":"cf-nel","max_age":604800}', 'Server': 'cloudflare', 'CF-RAY': '8a750ffdaaf53b30-IAD', 'alt-svc': 'h3=":443"; ma=86400'} 
 body={"results":[{"gender":"male","name":{"title":"Mr","first":"Miguel","last":"Ramos"},"location":{"street":{"number":4043,"name":"E Pecan St"},"city":"Daly City","state":"Rhode Island","country":"United States","postcode":99455,"coordinates":{"latitude":"84.7520","longitude":"-4.6281"},"timezone":{"offset":"+3:30","description":"Tehran"}},"email":"miguel.ramos@example.com","login":{"uuid":"bb9633cf-602f-4e01-91b0-6cfc8127e6c5","username":"silverbird474","password":"adam","salt":"Bck76bgg","md5":"2c6652829fd7cde256f7523f7d41eeb6","sha1":"17a601bc58fb31b67413eb009c18324b7d5e5e3b","sha256":"7e1cacaeb6ba074ec738bf89793c6acbd52376486fb205037927914731ad2837"},"dob":{"date":"1988-04-18T01:51:31.171Z","age":36},"registered":{"date":"2021-11-03T17:31:01.740Z","age":2},"phone":"(601) 593-7333","cell":"(935) 880-5135","id":{"name":"SSN","value":"864-17-8751"},"picture":{"large":"https://randomuser.me/api/portraits/men/80.jpg","medium":"https://randomuser.me/api/portraits/med/men/80.jpg","thumbnail":"https://randomuser.me/api/portraits/thumb/men/80.jpg"},"nat":"US"}],"info":{"seed":"3d0bb75d735c5b25","results":1,"page":1,"version":"1.4"}} 
 </msg>
<msg time="2024-07-22T17:13:38.254256" level="INFO">/opt/hostedtoolcache/Python/3.12.4/x64/lib/python3.12/site-packages/urllib3/connectionpool.py:1099: InsecureRequestWarning: Unverified HTTPS request is being made to host 'randomuser.me'. Adding certificate verification is strongly advised. See: https://urllib3.readthedocs.io/en/latest/advanced-usage.html#tls-warnings
  warnings.warn(</msg>
<msg time="2024-07-22T17:13:38.254411" level="INFO">${response} = &lt;Response [200]&gt;</msg>
<var>${response}</var>
<arg>consultarAPI</arg>
<arg>/api</arg>
<doc>Sends a GET request on a previously created HTTP Session.</doc>
<status status="PASS" start="2024-07-22T17:13:38.163158" elapsed="0.091303"/>
</kw>
<kw name="Should Be Equal As Numbers" owner="BuiltIn">
<msg time="2024-07-22T17:13:38.255516" level="INFO">Argument types are:
&lt;class 'int'&gt;
&lt;class 'str'&gt;</msg>
<arg>${response.status_code}</arg>
<arg>200</arg>
<doc>Fails if objects are unequal after converting them to real numbers.</doc>
<status status="PASS" start="2024-07-22T17:13:38.255020" elapsed="0.000563"/>
</kw>
<kw name="Log" owner="BuiltIn">
<msg time="2024-07-22T17:13:38.256330" level="INFO">200</msg>
<arg>${response.status_code}</arg>
<doc>Logs the given message with the given level.</doc>
<status status="PASS" start="2024-07-22T17:13:38.255922" elapsed="0.000453"/>
</kw>
<kw name="Set Variable" owner="BuiltIn">
<msg time="2024-07-22T17:13:38.257143" level="INFO">${json_data} = {'results': [{'gender': 'male', 'name': {'title': 'Mr', 'first': 'Miguel', 'last': 'Ramos'}, 'location': {'street': {'number': 4043, 'name': 'E Pecan St'}, 'city': 'Daly City', 'state': 'Rhode Island'...</msg>
<var>${json_data}</var>
<arg>${response.json()}</arg>
<doc>Returns the given values which can then be assigned to a variables.</doc>
<status status="PASS" start="2024-07-22T17:13:38.256691" elapsed="0.000481"/>
</kw>
<kw name="Dictionary Should Contain Key" owner="Collections">
<arg>${json_data}</arg>
<arg>results</arg>
<doc>Fails if ``key`` is not found from ``dictionary``.</doc>
<status status="PASS" start="2024-07-22T17:13:38.257478" elapsed="0.000309"/>
</kw>
<status status="PASS" start="2024-07-22T17:13:38.162899" elapsed="0.095043"/>
</kw>
<doc>Testa se a API responde corretamente e retorna um objeto JSON válido.</doc>
<tag>testeRequisicaoBasica</tag>
<status status="PASS" start="2024-07-22T17:13:38.162346" elapsed="0.095766"/>
</test>
<test id="s1-s1-t3" name="Validar estrutura de resposta" line="22">
<kw name="Teste de Estrutura de Resposta" owner="random-user-service">
<kw name="GET On Session" owner="RequestsLibrary">
<msg time="2024-07-22T17:13:38.322862" level="INFO">GET Request : url=https://randomuser.me/api 
 path_url=/api 
 headers={'User-Agent': 'python-requests/2.32.3', 'Accept-Encoding': 'gzip, deflate', 'Accept': '*/*', 'Connection': 'keep-alive'} 
 body=None 
 </msg>
<msg time="2024-07-22T17:13:38.322929" level="INFO">GET Response : url=https://randomuser.me/api 
 status=200, reason=OK 
 headers={'Date': 'Mon, 22 Jul 2024 17:13:38 GMT', 'Content-Type': 'application/json; charset=utf-8', 'Transfer-Encoding': 'chunked', 'Connection': 'keep-alive', 'X-Powered-By': 'Express', 'Access-Control-Allow-Origin': '*', 'Cache-Control': 'no-cache', 'ETag': 'W/"498-lrDr558uNJieni5AIMOl9kWgB78"', 'Vary': 'Accept-Encoding', 'Content-Encoding': 'gzip', 'CF-Cache-Status': 'DYNAMIC', 'Report-To': '{"endpoints":[{"url":"https:\\/\\/a.nel.cloudflare.com\\/report\\/v4?s=U4ueeEoajlROJLoAsyne74EcNx6%2BvvE3F3Cuh6DMPPo%2BYRX7EbxZ8NUvTK2bSEEZuaumPRvnyJ2pWl5VQZSW0lw59PR2wTT2fvJqtAt8ok%2FGjt2htmOl%2FXHdz54Aec31"}],"group":"cf-nel","max_age":604800}', 'NEL': '{"success_fraction":0,"report_to":"cf-nel","max_age":604800}', 'Server': 'cloudflare', 'CF-RAY': '8a750ffe2b7c3b30-IAD', 'alt-svc': 'h3=":443"; ma=86400'} 
 body={"results":[{"gender":"male","name":{"title":"Mr","first":"Oscar","last":"Santiago"},"location":{"street":{"number":4271,"name":"Calle de Argumosa"},"city":"Málaga","state":"Región de Murcia","country":"Spain","postcode":78000,"coordinates":{"latitude":"-38.1662","longitude":"-165.7847"},"timezone":{"offset":"+5:30","description":"Bombay, Calcutta, Madras, New Delhi"}},"email":"oscar.santiago@example.com","login":{"uuid":"cdb658fc-d27c-4988-8faf-1c2d39a5c9db","username":"purplezebra159","password":"yessir","salt":"2iDVLFGV","md5":"5d08b051ac52eb81fe5b1dbd6b9babbd","sha1":"263b46f8c53ca4ed00c4eb65586c2451080d17dc","sha256":"c08e15e854b06c0bdb9e36511b3e734bfe00ff6e81a6cd3a7240f1685e863d15"},"dob":{"date":"1990-02-10T16:30:48.441Z","age":34},"registered":{"date":"2005-10-31T06:40:10.589Z","age":18},"phone":"916-637-587","cell":"672-119-176","id":{"name":"DNI","value":"35796934-N"},"picture":{"large":"https://randomuser.me/api/portraits/men/85.jpg","medium":"https://randomuser.me/api/portraits/med/men/85.jpg","thumbnail":"https://randomuser.me/api/portraits/thumb/men/85.jpg"},"nat":"ES"}],"info":{"seed":"cf52e21f457ceabc","results":1,"page":1,"version":"1.4"}} 
 </msg>
<msg time="2024-07-22T17:13:38.323029" level="INFO">/opt/hostedtoolcache/Python/3.12.4/x64/lib/python3.12/site-packages/urllib3/connectionpool.py:1099: InsecureRequestWarning: Unverified HTTPS request is being made to host 'randomuser.me'. Adding certificate verification is strongly advised. See: https://urllib3.readthedocs.io/en/latest/advanced-usage.html#tls-warnings
  warnings.warn(</msg>
<msg time="2024-07-22T17:13:38.323130" level="INFO">${response} = &lt;Response [200]&gt;</msg>
<var>${response}</var>
<arg>consultarAPI</arg>
<arg>/api</arg>
<doc>Sends a GET request on a previously created HTTP Session.</doc>
<status status="PASS" start="2024-07-22T17:13:38.260814" elapsed="0.062353"/>
</kw>
<kw name="Set Variable" owner="BuiltIn">
<msg time="2024-07-22T17:13:38.324240" level="INFO">${json_data} = {'results': [{'gender': 'male', 'name': {'title': 'Mr', 'first': 'Oscar', 'last': 'Santiago'}, 'location': {'street': {'number': 4271, 'name': 'Calle de Argumosa'}, 'city': 'Málaga', 'state': 'Región ...</msg>
<var>${json_data}</var>
<arg>${response.json()}</arg>
<doc>Returns the given values which can then be assigned to a variables.</doc>
<status status="PASS" start="2024-07-22T17:13:38.323633" elapsed="0.000671"/>
</kw>
<kw name="Log" owner="BuiltIn">
<msg time="2024-07-22T17:13:38.324783" level="INFO">{'results': [{'gender': 'male', 'name': {'title': 'Mr', 'first': 'Oscar', 'last': 'Santiago'}, 'location': {'street': {'number': 4271, 'name': 'Calle de Argumosa'}, 'city': 'Málaga', 'state': 'Región de Murcia', 'country': 'Spain', 'postcode': 78000, 'coordinates': {'latitude': '-38.1662', 'longitude': '-165.7847'}, 'timezone': {'offset': '+5:30', 'description': 'Bombay, Calcutta, Madras, New Delhi'}}, 'email': 'oscar.santiago@example.com', 'login': {'uuid': 'cdb658fc-d27c-4988-8faf-1c2d39a5c9db', 'username': 'purplezebra159', 'password': 'yessir', 'salt': '2iDVLFGV', 'md5': '5d08b051ac52eb81fe5b1dbd6b9babbd', 'sha1': '263b46f8c53ca4ed00c4eb65586c2451080d17dc', 'sha256': 'c08e15e854b06c0bdb9e36511b3e734bfe00ff6e81a6cd3a7240f1685e863d15'}, 'dob': {'date': '1990-02-10T16:30:48.441Z', 'age': 34}, 'registered': {'date': '2005-10-31T06:40:10.589Z', 'age': 18}, 'phone': '916-637-587', 'cell': '672-119-176', 'id': {'name': 'DNI', 'value': '35796934-N'}, 'picture': {'large': 'https://randomuser.me/api/portraits/men/85.jpg', 'medium': 'https://randomuser.me/api/portraits/med/men/85.jpg', 'thumbnail': 'https://randomuser.me/api/portraits/thumb/men/85.jpg'}, 'nat': 'ES'}], 'info': {'seed': 'cf52e21f457ceabc', 'results': 1, 'page': 1, 'version': '1.4'}}</msg>
<arg>${json_data}</arg>
<doc>Logs the given message with the given level.</doc>
<status status="PASS" start="2024-07-22T17:13:38.324621" elapsed="0.000212"/>
</kw>
<kw name="Dictionary Should Contain Key" owner="Collections">
<arg>${json_data}</arg>
<arg>results</arg>
<doc>Fails if ``key`` is not found from ``dictionary``.</doc>
<status status="PASS" start="2024-07-22T17:13:38.325126" elapsed="0.000162"/>
</kw>
<kw name="Should Not Be Empty" owner="BuiltIn">
<msg time="2024-07-22T17:13:38.325601" level="INFO">Length is 2.</msg>
<arg>${json_data}</arg>
<doc>Verifies that the given item is not empty.</doc>
<status status="PASS" start="2024-07-22T17:13:38.325478" elapsed="0.000166"/>
</kw>
<kw name="Create List" owner="BuiltIn">
<msg time="2024-07-22T17:13:38.326081" level="INFO">${expected_keys} = ['gender', 'name', 'location', 'email', 'login']</msg>
<var>${expected_keys}</var>
<arg>gender</arg>
<arg>name</arg>
<arg>location</arg>
<arg>email</arg>
<arg>login</arg>
<doc>Returns a list containing given items.</doc>
<status status="PASS" start="2024-07-22T17:13:38.325932" elapsed="0.000173"/>
</kw>
<for flavor="IN">
<iter>
<kw name="Dictionary Should Contain Key" owner="Collections">
<arg>${json_data['results'][0]}</arg>
<arg>${key}</arg>
<doc>Fails if ``key`` is not found from ``dictionary``.</doc>
<status status="PASS" start="2024-07-22T17:13:38.326677" elapsed="0.000406"/>
</kw>
<kw name="Log" owner="BuiltIn">
<msg time="2024-07-22T17:13:38.327638" level="INFO">{'gender': 'male', 'name': {'title': 'Mr', 'first': 'Oscar', 'last': 'Santiago'}, 'location': {'street': {'number': 4271, 'name': 'Calle de Argumosa'}, 'city': 'Málaga', 'state': 'Región de Murcia', 'country': 'Spain', 'postcode': 78000, 'coordinates': {'latitude': '-38.1662', 'longitude': '-165.7847'}, 'timezone': {'offset': '+5:30', 'description': 'Bombay, Calcutta, Madras, New Delhi'}}, 'email': 'oscar.santiago@example.com', 'login': {'uuid': 'cdb658fc-d27c-4988-8faf-1c2d39a5c9db', 'username': 'purplezebra159', 'password': 'yessir', 'salt': '2iDVLFGV', 'md5': '5d08b051ac52eb81fe5b1dbd6b9babbd', 'sha1': '263b46f8c53ca4ed00c4eb65586c2451080d17dc', 'sha256': 'c08e15e854b06c0bdb9e36511b3e734bfe00ff6e81a6cd3a7240f1685e863d15'}, 'dob': {'date': '1990-02-10T16:30:48.441Z', 'age': 34}, 'registered': {'date': '2005-10-31T06:40:10.589Z', 'age': 18}, 'phone': '916-637-587', 'cell': '672-119-176', 'id': {'name': 'DNI', 'value': '35796934-N'}, 'picture': {'large': 'https://randomuser.me/api/portraits/men/85.jpg', 'medium': 'https://randomuser.me/api/portraits/med/men/85.jpg', 'thumbnail': 'https://randomuser.me/api/portraits/thumb/men/85.jpg'}, 'nat': 'ES'}</msg>
<arg>${json_data['results'][0]}</arg>
<doc>Logs the given message with the given level.</doc>
<status status="PASS" start="2024-07-22T17:13:38.327275" elapsed="0.000415"/>
</kw>
<kw name="Log" owner="BuiltIn">
<msg time="2024-07-22T17:13:38.328115" level="INFO">gender</msg>
<arg>${key}</arg>
<doc>Logs the given message with the given level.</doc>
<status status="PASS" start="2024-07-22T17:13:38.327988" elapsed="0.000165"/>
</kw>
<var name="${key}">gender</var>
<status status="PASS" start="2024-07-22T17:13:38.326549" elapsed="0.001852"/>
</iter>
<iter>
<kw name="Dictionary Should Contain Key" owner="Collections">
<arg>${json_data['results'][0]}</arg>
<arg>${key}</arg>
<doc>Fails if ``key`` is not found from ``dictionary``.</doc>
<status status="PASS" start="2024-07-22T17:13:38.328704" elapsed="0.000388"/>
</kw>
<kw name="Log" owner="BuiltIn">
<msg time="2024-07-22T17:13:38.329635" level="INFO">{'gender': 'male', 'name': {'title': 'Mr', 'first': 'Oscar', 'last': 'Santiago'}, 'location': {'street': {'number': 4271, 'name': 'Calle de Argumosa'}, 'city': 'Málaga', 'state': 'Región de Murcia', 'country': 'Spain', 'postcode': 78000, 'coordinates': {'latitude': '-38.1662', 'longitude': '-165.7847'}, 'timezone': {'offset': '+5:30', 'description': 'Bombay, Calcutta, Madras, New Delhi'}}, 'email': 'oscar.santiago@example.com', 'login': {'uuid': 'cdb658fc-d27c-4988-8faf-1c2d39a5c9db', 'username': 'purplezebra159', 'password': 'yessir', 'salt': '2iDVLFGV', 'md5': '5d08b051ac52eb81fe5b1dbd6b9babbd', 'sha1': '263b46f8c53ca4ed00c4eb65586c2451080d17dc', 'sha256': 'c08e15e854b06c0bdb9e36511b3e734bfe00ff6e81a6cd3a7240f1685e863d15'}, 'dob': {'date': '1990-02-10T16:30:48.441Z', 'age': 34}, 'registered': {'date': '2005-10-31T06:40:10.589Z', 'age': 18}, 'phone': '916-637-587', 'cell': '672-119-176', 'id': {'name': 'DNI', 'value': '35796934-N'}, 'picture': {'large': 'https://randomuser.me/api/portraits/men/85.jpg', 'medium': 'https://randomuser.me/api/portraits/med/men/85.jpg', 'thumbnail': 'https://randomuser.me/api/portraits/thumb/men/85.jpg'}, 'nat': 'ES'}</msg>
<arg>${json_data['results'][0]}</arg>
<doc>Logs the given message with the given level.</doc>
<status status="PASS" start="2024-07-22T17:13:38.329275" elapsed="0.000445"/>
</kw>
<kw name="Log" owner="BuiltIn">
<msg time="2024-07-22T17:13:38.330150" level="INFO">name</msg>
<arg>${key}</arg>
<doc>Logs the given message with the given level.</doc>
<status status="PASS" start="2024-07-22T17:13:38.330023" elapsed="0.000183"/>
</kw>
<var name="${key}">name</var>
<status status="PASS" start="2024-07-22T17:13:38.328592" elapsed="0.001844"/>
</iter>
<iter>
<kw name="Dictionary Should Contain Key" owner="Collections">
<arg>${json_data['results'][0]}</arg>
<arg>${key}</arg>
<doc>Fails if ``key`` is not found from ``dictionary``.</doc>
<status status="PASS" start="2024-07-22T17:13:38.330720" elapsed="0.000398"/>
</kw>
<kw name="Log" owner="BuiltIn">
<msg time="2024-07-22T17:13:38.331664" level="INFO">{'gender': 'male', 'name': {'title': 'Mr', 'first': 'Oscar', 'last': 'Santiago'}, 'location': {'street': {'number': 4271, 'name': 'Calle de Argumosa'}, 'city': 'Málaga', 'state': 'Región de Murcia', 'country': 'Spain', 'postcode': 78000, 'coordinates': {'latitude': '-38.1662', 'longitude': '-165.7847'}, 'timezone': {'offset': '+5:30', 'description': 'Bombay, Calcutta, Madras, New Delhi'}}, 'email': 'oscar.santiago@example.com', 'login': {'uuid': 'cdb658fc-d27c-4988-8faf-1c2d39a5c9db', 'username': 'purplezebra159', 'password': 'yessir', 'salt': '2iDVLFGV', 'md5': '5d08b051ac52eb81fe5b1dbd6b9babbd', 'sha1': '263b46f8c53ca4ed00c4eb65586c2451080d17dc', 'sha256': 'c08e15e854b06c0bdb9e36511b3e734bfe00ff6e81a6cd3a7240f1685e863d15'}, 'dob': {'date': '1990-02-10T16:30:48.441Z', 'age': 34}, 'registered': {'date': '2005-10-31T06:40:10.589Z', 'age': 18}, 'phone': '916-637-587', 'cell': '672-119-176', 'id': {'name': 'DNI', 'value': '35796934-N'}, 'picture': {'large': 'https://randomuser.me/api/portraits/men/85.jpg', 'medium': 'https://randomuser.me/api/portraits/med/men/85.jpg', 'thumbnail': 'https://randomuser.me/api/portraits/thumb/men/85.jpg'}, 'nat': 'ES'}</msg>
<arg>${json_data['results'][0]}</arg>
<doc>Logs the given message with the given level.</doc>
<status status="PASS" start="2024-07-22T17:13:38.331311" elapsed="0.000412"/>
</kw>
<kw name="Log" owner="BuiltIn">
<msg time="2024-07-22T17:13:38.332161" level="INFO">location</msg>
<arg>${key}</arg>
<doc>Logs the given message with the given level.</doc>
<status status="PASS" start="2024-07-22T17:13:38.332033" elapsed="0.000165"/>
</kw>
<var name="${key}">location</var>
<status status="PASS" start="2024-07-22T17:13:38.330611" elapsed="0.001847"/>
</iter>
<iter>
<kw name="Dictionary Should Contain Key" owner="Collections">
<arg>${json_data['results'][0]}</arg>
<arg>${key}</arg>
<doc>Fails if ``key`` is not found from ``dictionary``.</doc>
<status status="PASS" start="2024-07-22T17:13:38.332747" elapsed="0.000388"/>
</kw>
<kw name="Log" owner="BuiltIn">
<msg time="2024-07-22T17:13:38.333817" level="INFO">{'gender': 'male', 'name': {'title': 'Mr', 'first': 'Oscar', 'last': 'Santiago'}, 'location': {'street': {'number': 4271, 'name': 'Calle de Argumosa'}, 'city': 'Málaga', 'state': 'Región de Murcia', 'country': 'Spain', 'postcode': 78000, 'coordinates': {'latitude': '-38.1662', 'longitude': '-165.7847'}, 'timezone': {'offset': '+5:30', 'description': 'Bombay, Calcutta, Madras, New Delhi'}}, 'email': 'oscar.santiago@example.com', 'login': {'uuid': 'cdb658fc-d27c-4988-8faf-1c2d39a5c9db', 'username': 'purplezebra159', 'password': 'yessir', 'salt': '2iDVLFGV', 'md5': '5d08b051ac52eb81fe5b1dbd6b9babbd', 'sha1': '263b46f8c53ca4ed00c4eb65586c2451080d17dc', 'sha256': 'c08e15e854b06c0bdb9e36511b3e734bfe00ff6e81a6cd3a7240f1685e863d15'}, 'dob': {'date': '1990-02-10T16:30:48.441Z', 'age': 34}, 'registered': {'date': '2005-10-31T06:40:10.589Z', 'age': 18}, 'phone': '916-637-587', 'cell': '672-119-176', 'id': {'name': 'DNI', 'value': '35796934-N'}, 'picture': {'large': 'https://randomuser.me/api/portraits/men/85.jpg', 'medium': 'https://randomuser.me/api/portraits/med/men/85.jpg', 'thumbnail': 'https://randomuser.me/api/portraits/thumb/men/85.jpg'}, 'nat': 'ES'}</msg>
<arg>${json_data['results'][0]}</arg>
<doc>Logs the given message with the given level.</doc>
<status status="PASS" start="2024-07-22T17:13:38.333449" elapsed="0.000418"/>
</kw>
<kw name="Log" owner="BuiltIn">
<msg time="2024-07-22T17:13:38.334294" level="INFO">email</msg>
<arg>${key}</arg>
<doc>Logs the given message with the given level.</doc>
<status status="PASS" start="2024-07-22T17:13:38.334166" elapsed="0.000166"/>
</kw>
<var name="${key}">email</var>
<status status="PASS" start="2024-07-22T17:13:38.332640" elapsed="0.001907"/>
</iter>
<iter>
<kw name="Dictionary Should Contain Key" owner="Collections">
<arg>${json_data['results'][0]}</arg>
<arg>${key}</arg>
<doc>Fails if ``key`` is not found from ``dictionary``.</doc>
<status status="PASS" start="2024-07-22T17:13:38.334839" elapsed="0.000376"/>
</kw>
<kw name="Log" owner="BuiltIn">
<msg time="2024-07-22T17:13:38.335842" level="INFO">{'gender': 'male', 'name': {'title': 'Mr', 'first': 'Oscar', 'last': 'Santiago'}, 'location': {'street': {'number': 4271, 'name': 'Calle de Argumosa'}, 'city': 'Málaga', 'state': 'Región de Murcia', 'country': 'Spain', 'postcode': 78000, 'coordinates': {'latitude': '-38.1662', 'longitude': '-165.7847'}, 'timezone': {'offset': '+5:30', 'description': 'Bombay, Calcutta, Madras, New Delhi'}}, 'email': 'oscar.santiago@example.com', 'login': {'uuid': 'cdb658fc-d27c-4988-8faf-1c2d39a5c9db', 'username': 'purplezebra159', 'password': 'yessir', 'salt': '2iDVLFGV', 'md5': '5d08b051ac52eb81fe5b1dbd6b9babbd', 'sha1': '263b46f8c53ca4ed00c4eb65586c2451080d17dc', 'sha256': 'c08e15e854b06c0bdb9e36511b3e734bfe00ff6e81a6cd3a7240f1685e863d15'}, 'dob': {'date': '1990-02-10T16:30:48.441Z', 'age': 34}, 'registered': {'date': '2005-10-31T06:40:10.589Z', 'age': 18}, 'phone': '916-637-587', 'cell': '672-119-176', 'id': {'name': 'DNI', 'value': '35796934-N'}, 'picture': {'large': 'https://randomuser.me/api/portraits/men/85.jpg', 'medium': 'https://randomuser.me/api/portraits/med/men/85.jpg', 'thumbnail': 'https://randomuser.me/api/portraits/thumb/men/85.jpg'}, 'nat': 'ES'}</msg>
<arg>${json_data['results'][0]}</arg>
<doc>Logs the given message with the given level.</doc>
<status status="PASS" start="2024-07-22T17:13:38.335398" elapsed="0.000522"/>
</kw>
<kw name="Log" owner="BuiltIn">
<msg time="2024-07-22T17:13:38.336467" level="INFO">login</msg>
<arg>${key}</arg>
<doc>Logs the given message with the given level.</doc>
<status status="PASS" start="2024-07-22T17:13:38.336332" elapsed="0.000172"/>
</kw>
<var name="${key}">login</var>
<status status="PASS" start="2024-07-22T17:13:38.334730" elapsed="0.001994"/>
</iter>
<var>${key}</var>
<value>@{expected_keys}</value>
<status status="PASS" start="2024-07-22T17:13:38.326362" elapsed="0.010483"/>
</for>
<kw name="Create List" owner="BuiltIn">
<msg time="2024-07-22T17:13:38.337167" level="INFO">${expected_keysTwo} = ['username', 'password']</msg>
<var>${expected_keysTwo}</var>
<arg>username</arg>
<arg>password</arg>
<doc>Returns a list containing given items.</doc>
<status status="PASS" start="2024-07-22T17:13:38.337034" elapsed="0.000185"/>
</kw>
<for flavor="IN">
<iter>
<kw name="Dictionary Should Contain Key" owner="Collections">
<arg>${json_data['results'][0]['login']}</arg>
<arg>${keyTwo}</arg>
<doc>Fails if ``key`` is not found from ``dictionary``.</doc>
<status status="PASS" start="2024-07-22T17:13:38.337723" elapsed="0.000384"/>
</kw>
<kw name="Dictionary Should Contain Key" owner="Collections">
<arg>${json_data['results'][0]['login']}</arg>
<arg>${keyTwo}</arg>
<doc>Fails if ``key`` is not found from ``dictionary``.</doc>
<status status="PASS" start="2024-07-22T17:13:38.338289" elapsed="0.000371"/>
</kw>
<kw name="Log" owner="BuiltIn">
<msg time="2024-07-22T17:13:38.338957" level="INFO">username</msg>
<arg>${keyTwo}</arg>
<doc>Logs the given message with the given level.</doc>
<status status="PASS" start="2024-07-22T17:13:38.338839" elapsed="0.000155"/>
</kw>
<var name="${keyTwo}">username</var>
<status status="PASS" start="2024-07-22T17:13:38.337616" elapsed="0.001597"/>
</iter>
<iter>
<kw name="Dictionary Should Contain Key" owner="Collections">
<arg>${json_data['results'][0]['login']}</arg>
<arg>${keyTwo}</arg>
<doc>Fails if ``key`` is not found from ``dictionary``.</doc>
<status status="PASS" start="2024-07-22T17:13:38.339492" elapsed="0.000380"/>
</kw>
<kw name="Dictionary Should Contain Key" owner="Collections">
<arg>${json_data['results'][0]['login']}</arg>
<arg>${keyTwo}</arg>
<doc>Fails if ``key`` is not found from ``dictionary``.</doc>
<status status="PASS" start="2024-07-22T17:13:38.340050" elapsed="0.000403"/>
</kw>
<kw name="Log" owner="BuiltIn">
<msg time="2024-07-22T17:13:38.340758" level="INFO">password</msg>
<arg>${keyTwo}</arg>
<doc>Logs the given message with the given level.</doc>
<status status="PASS" start="2024-07-22T17:13:38.340632" elapsed="0.000163"/>
</kw>
<var name="${keyTwo}">password</var>
<status status="PASS" start="2024-07-22T17:13:38.339382" elapsed="0.001640"/>
</iter>
<var>${keyTwo}</var>
<value>@{expected_keysTwo}</value>
<status status="PASS" start="2024-07-22T17:13:38.337464" elapsed="0.003679"/>
</for>
<status status="PASS" start="2024-07-22T17:13:38.260575" elapsed="0.080706"/>
</kw>
<doc>Testa a estrutura da resposta da API.</doc>
<tag>testeEstruturaResposta</tag>
<status status="PASS" start="2024-07-22T17:13:38.259984" elapsed="0.081446"/>
</test>
<test id="s1-s1-t4" name="Validar tipos de dados" line="28">
<kw name="Teste de Tipos de Dados" owner="random-user-service">
<kw name="GET On Session" owner="RequestsLibrary">
<msg time="2024-07-22T17:13:38.422994" level="INFO">GET Request : url=https://randomuser.me/api 
 path_url=/api 
 headers={'User-Agent': 'python-requests/2.32.3', 'Accept-Encoding': 'gzip, deflate', 'Accept': '*/*', 'Connection': 'keep-alive'} 
 body=None 
 </msg>
<msg time="2024-07-22T17:13:38.423059" level="INFO">GET Response : url=https://randomuser.me/api 
 status=200, reason=OK 
 headers={'Date': 'Mon, 22 Jul 2024 17:13:38 GMT', 'Content-Type': 'application/json; charset=utf-8', 'Transfer-Encoding': 'chunked', 'Connection': 'keep-alive', 'X-Powered-By': 'Express', 'Access-Control-Allow-Origin': '*', 'Cache-Control': 'no-cache', 'ETag': 'W/"48e-dTug6BS3tGWiUl7gmjXEO03eMV0"', 'Vary': 'Accept-Encoding', 'Content-Encoding': 'gzip', 'CF-Cache-Status': 'DYNAMIC', 'Report-To': '{"endpoints":[{"url":"https:\\/\\/a.nel.cloudflare.com\\/report\\/v4?s=2bnJCNQWVsZiRud2Y7hH1aBko0Z4pW9yQcEjmq%2BJMPXDc5sPi19Dm1MQcQu5OpDCX%2BkfrrU%2FVf%2BgpYAZdonKB3iZ8kAIxJHoWC2wL8LA1jTQfVPQWKcgkOUxE9XHS8yb"}],"group":"cf-nel","max_age":604800}', 'NEL': '{"success_fraction":0,"report_to":"cf-nel","max_age":604800}', 'Server': 'cloudflare', 'CF-RAY': '8a750ffeabf53b30-IAD', 'alt-svc': 'h3=":443"; ma=86400'} 
 body={"results":[{"gender":"male","name":{"title":"Mr","first":"Brennan","last":"Gordon"},"location":{"street":{"number":9717,"name":"Main Street"},"city":"Newry","state":"Gwynedd County","country":"United Kingdom","postcode":"KR2 3FF","coordinates":{"latitude":"-9.8940","longitude":"-83.4580"},"timezone":{"offset":"+7:00","description":"Bangkok, Hanoi, Jakarta"}},"email":"brennan.gordon@example.com","login":{"uuid":"15cf6978-8b37-4372-ba74-2178c1034a83","username":"heavyfish246","password":"ninja","salt":"FSmCmBjR","md5":"c1cfbf97648c2facdf781d1a94fd27ba","sha1":"8532a5cbd12919a573e4d648fe2df31f5e8f4fe5","sha256":"234e8b082509f5f9053efad2a879020a4856cf90dbdc573e8f6bf5801757fcd1"},"dob":{"date":"1951-07-01T03:48:43.489Z","age":73},"registered":{"date":"2012-02-24T12:45:59.267Z","age":12},"phone":"016977 9262","cell":"07024 949405","id":{"name":"NINO","value":"TB 79 69 05 C"},"picture":{"large":"https://randomuser.me/api/portraits/men/54.jpg","medium":"https://randomuser.me/api/portraits/med/men/54.jpg","thumbnail":"https://randomuser.me/api/portraits/thumb/men/54.jpg"},"nat":"GB"}],"info":{"seed":"31059dac72ab7dde","results":1,"page":1,"version":"1.4"}} 
 </msg>
<msg time="2024-07-22T17:13:38.423115" level="INFO">/opt/hostedtoolcache/Python/3.12.4/x64/lib/python3.12/site-packages/urllib3/connectionpool.py:1099: InsecureRequestWarning: Unverified HTTPS request is being made to host 'randomuser.me'. Adding certificate verification is strongly advised. See: https://urllib3.readthedocs.io/en/latest/advanced-usage.html#tls-warnings
  warnings.warn(</msg>
<msg time="2024-07-22T17:13:38.423205" level="INFO">${response} = &lt;Response [200]&gt;</msg>
<var>${response}</var>
<arg>consultarAPI</arg>
<arg>/api</arg>
<doc>Sends a GET request on a previously created HTTP Session.</doc>
<status status="PASS" start="2024-07-22T17:13:38.343907" elapsed="0.079340"/>
</kw>
<kw name="Set Variable" owner="BuiltIn">
<msg time="2024-07-22T17:13:38.424324" level="INFO">${json_data} = {'results': [{'gender': 'male', 'name': {'title': 'Mr', 'first': 'Brennan', 'last': 'Gordon'}, 'location': {'street': {'number': 9717, 'name': 'Main Street'}, 'city': 'Newry', 'state': 'Gwynedd County...</msg>
<var>${json_data}</var>
<arg>${response.json()}</arg>
<doc>Returns the given values which can then be assigned to a variables.</doc>
<status status="PASS" start="2024-07-22T17:13:38.423700" elapsed="0.000656"/>
</kw>
<kw name="Log" owner="BuiltIn">
<msg time="2024-07-22T17:13:38.424824" level="INFO">{'results': [{'gender': 'male', 'name': {'title': 'Mr', 'first': 'Brennan', 'last': 'Gordon'}, 'location': {'street': {'number': 9717, 'name': 'Main Street'}, 'city': 'Newry', 'state': 'Gwynedd County', 'country': 'United Kingdom', 'postcode': 'KR2 3FF', 'coordinates': {'latitude': '-9.8940', 'longitude': '-83.4580'}, 'timezone': {'offset': '+7:00', 'description': 'Bangkok, Hanoi, Jakarta'}}, 'email': 'brennan.gordon@example.com', 'login': {'uuid': '15cf6978-8b37-4372-ba74-2178c1034a83', 'username': 'heavyfish246', 'password': 'ninja', 'salt': 'FSmCmBjR', 'md5': 'c1cfbf97648c2facdf781d1a94fd27ba', 'sha1': '8532a5cbd12919a573e4d648fe2df31f5e8f4fe5', 'sha256': '234e8b082509f5f9053efad2a879020a4856cf90dbdc573e8f6bf5801757fcd1'}, 'dob': {'date': '1951-07-01T03:48:43.489Z', 'age': 73}, 'registered': {'date': '2012-02-24T12:45:59.267Z', 'age': 12}, 'phone': '016977 9262', 'cell': '07024 949405', 'id': {'name': 'NINO', 'value': 'TB 79 69 05 C'}, 'picture': {'large': 'https://randomuser.me/api/portraits/men/54.jpg', 'medium': 'https://randomuser.me/api/portraits/med/men/54.jpg', 'thumbnail': 'https://randomuser.me/api/portraits/thumb/men/54.jpg'}, 'nat': 'GB'}], 'info': {'seed': '31059dac72ab7dde', 'results': 1, 'page': 1, 'version': '1.4'}}</msg>
<arg>${json_data}</arg>
<doc>Logs the given message with the given level.</doc>
<status status="PASS" start="2024-07-22T17:13:38.424672" elapsed="0.000199"/>
</kw>
<kw name="Should Be String" owner="String">
<arg>${json_data['results'][0]['gender']}</arg>
<doc>Fails if the given ``item`` is not a string.</doc>
<status status="PASS" start="2024-07-22T17:13:38.425160" elapsed="0.000366"/>
</kw>
<kw name="Should Match Regexp" owner="BuiltIn">
<arg>${json_data['results'][0]['email']}</arg>
<arg>^[a-zA-Z0-9._%+-]+@[a-zA-Z0-9.-]+\.[a-zA-Z]{2,}$</arg>
<doc>Fails if ``string`` does not match ``pattern`` as a regular expression.</doc>
<status status="PASS" start="2024-07-22T17:13:38.425730" elapsed="0.000567"/>
</kw>
<kw name="Should Match Regexp" owner="BuiltIn">
<arg>${json_data['results'][0]['dob']['date']}</arg>
<arg>\\d{4}-\\d{2}-\\d{2}T\\d{2}:\\d{2}:\\d{2}\\.\\d{3}Z</arg>
<doc>Fails if ``string`` does not match ``pattern`` as a regular expression.</doc>
<status status="PASS" start="2024-07-22T17:13:38.426498" elapsed="0.000594"/>
</kw>
<kw name="Should Match Regexp" owner="BuiltIn">
<arg>${json_data['results'][0]['registered']['date']}</arg>
<arg>\\d{4}-\\d{2}-\\d{2}T\\d{2}:\\d{2}:\\d{2}\\.\\d{3}Z</arg>
<doc>Fails if ``string`` does not match ``pattern`` as a regular expression.</doc>
<status status="PASS" start="2024-07-22T17:13:38.427288" elapsed="0.000372"/>
</kw>
<kw name="Should Match Regexp" owner="BuiltIn">
<arg>${json_data['results'][0]['picture']['large']}</arg>
<arg>^https?://.*\.(?:png|jpe?g|gif|bmp)$</arg>
<doc>Fails if ``string`` does not match ``pattern`` as a regular expression.</doc>
<status status="PASS" start="2024-07-22T17:13:38.427848" elapsed="0.000497"/>
</kw>
<kw name="Should Match Regexp" owner="BuiltIn">
<arg>${json_data['results'][0]['picture']['medium']}</arg>
<arg>^https?://.*\.(?:png|jpe?g|gif|bmp)$</arg>
<doc>Fails if ``string`` does not match ``pattern`` as a regular expression.</doc>
<status status="PASS" start="2024-07-22T17:13:38.428539" elapsed="0.000354"/>
</kw>
<kw name="Should Match Regexp" owner="BuiltIn">
<arg>${json_data['results'][0]['picture']['thumbnail']}</arg>
<arg>^https?://.*\.(?:png|jpe?g|gif|bmp)$</arg>
<doc>Fails if ``string`` does not match ``pattern`` as a regular expression.</doc>
<status status="PASS" start="2024-07-22T17:13:38.429079" elapsed="0.000347"/>
</kw>
<kw name="Log" owner="BuiltIn">
<msg time="2024-07-22T17:13:38.429928" level="INFO">{'large': 'https://randomuser.me/api/portraits/men/54.jpg', 'medium': 'https://randomuser.me/api/portraits/med/men/54.jpg', 'thumbnail': 'https://randomuser.me/api/portraits/thumb/men/54.jpg'}</msg>
<arg>${json_data['results'][0]['picture']}</arg>
<doc>Logs the given message with the given level.</doc>
<status status="PASS" start="2024-07-22T17:13:38.429608" elapsed="0.000363"/>
</kw>
<status status="PASS" start="2024-07-22T17:13:38.343687" elapsed="0.086540"/>
</kw>
<kw name="Teste de Tipos de Dados - Postcode" owner="random-user-service">
<kw name="GET On Session" owner="RequestsLibrary">
<msg time="2024-07-22T17:13:38.524803" level="INFO">GET Request : url=https://randomuser.me/api 
 path_url=/api 
 headers={'User-Agent': 'python-requests/2.32.3', 'Accept-Encoding': 'gzip, deflate', 'Accept': '*/*', 'Connection': 'keep-alive'} 
 body=None 
 </msg>
<msg time="2024-07-22T17:13:38.524887" level="INFO">GET Response : url=https://randomuser.me/api 
 status=200, reason=OK 
 headers={'Date': 'Mon, 22 Jul 2024 17:13:38 GMT', 'Content-Type': 'application/json; charset=utf-8', 'Transfer-Encoding': 'chunked', 'Connection': 'keep-alive', 'X-Powered-By': 'Express', 'Access-Control-Allow-Origin': '*', 'Cache-Control': 'no-cache', 'ETag': 'W/"492-XDGBQ/Mp/P9sUndwlXy0gCdMfs8"', 'Vary': 'Accept-Encoding', 'Content-Encoding': 'gzip', 'CF-Cache-Status': 'DYNAMIC', 'Report-To': '{"endpoints":[{"url":"https:\\/\\/a.nel.cloudflare.com\\/report\\/v4?s=6HMxVtVJNpSvgvDvnNToLkS58MQ8dIqw1z6bn6upwrj%2FjpXH211NCOKlYK9PFCzfrA%2BUI6%2BYw4zt8p0ZgOXDiayNNCgUqdLGWaJTxB%2BBHUVidwsw1SZZL1iryk7D0QwI"}],"group":"cf-nel","max_age":604800}', 'NEL': '{"success_fraction":0,"report_to":"cf-nel","max_age":604800}', 'Server': 'cloudflare', 'CF-RAY': '8a750fff3c8b3b30-IAD', 'alt-svc': 'h3=":443"; ma=86400'} 
 body={"results":[{"gender":"female","name":{"title":"Mrs","first":"Prithvi","last":"Prabhu"},"location":{"street":{"number":5748,"name":"Vellala St"},"city":"Mathura","state":"Tamil Nadu","country":"India","postcode":83161,"coordinates":{"latitude":"12.3182","longitude":"66.7402"},"timezone":{"offset":"+3:00","description":"Baghdad, Riyadh, Moscow, St. Petersburg"}},"email":"prithvi.prabhu@example.com","login":{"uuid":"9a789f9d-d805-485a-bcca-6c010cc125ba","username":"redgorilla777","password":"silvia","salt":"GcuGvOTV","md5":"5ab9e0cf6ae9e1eae9f7191a02c6f336","sha1":"abd9e49624007bf2344905b6d17f2775b4817e9e","sha256":"f25d86272d81151506972e658788f6df36f6ec67197cc7516c22874ce04d2a6a"},"dob":{"date":"1945-09-25T06:38:05.833Z","age":78},"registered":{"date":"2004-04-26T01:32:22.090Z","age":20},"phone":"9701376909","cell":"9094162195","id":{"name":"UIDAI","value":"867977896186"},"picture":{"large":"https://randomuser.me/api/portraits/women/4.jpg","medium":"https://randomuser.me/api/portraits/med/women/4.jpg","thumbnail":"https://randomuser.me/api/portraits/thumb/women/4.jpg"},"nat":"IN"}],"info":{"seed":"12a69e7deaa4ce08","results":1,"page":1,"version":"1.4"}} 
 </msg>
<msg time="2024-07-22T17:13:38.524950" level="INFO">/opt/hostedtoolcache/Python/3.12.4/x64/lib/python3.12/site-packages/urllib3/connectionpool.py:1099: InsecureRequestWarning: Unverified HTTPS request is being made to host 'randomuser.me'. Adding certificate verification is strongly advised. See: https://urllib3.readthedocs.io/en/latest/advanced-usage.html#tls-warnings
  warnings.warn(</msg>
<msg time="2024-07-22T17:13:38.525063" level="INFO">${response} = &lt;Response [200]&gt;</msg>
<var>${response}</var>
<arg>consultarAPI</arg>
<arg>/api</arg>
<doc>Sends a GET request on a previously created HTTP Session.</doc>
<status status="PASS" start="2024-07-22T17:13:38.430658" elapsed="0.094447"/>
</kw>
<kw name="Set Variable" owner="BuiltIn">
<msg time="2024-07-22T17:13:38.526238" level="INFO">${json_data} = {'results': [{'gender': 'female', 'name': {'title': 'Mrs', 'first': 'Prithvi', 'last': 'Prabhu'}, 'location': {'street': {'number': 5748, 'name': 'Vellala St'}, 'city': 'Mathura', 'state': 'Tamil Nadu...</msg>
<var>${json_data}</var>
<arg>${response.json()}</arg>
<doc>Returns the given values which can then be assigned to a variables.</doc>
<status status="PASS" start="2024-07-22T17:13:38.525665" elapsed="0.000603"/>
</kw>
<kw name="Log" owner="BuiltIn">
<msg time="2024-07-22T17:13:38.526766" level="INFO">{'results': [{'gender': 'female', 'name': {'title': 'Mrs', 'first': 'Prithvi', 'last': 'Prabhu'}, 'location': {'street': {'number': 5748, 'name': 'Vellala St'}, 'city': 'Mathura', 'state': 'Tamil Nadu', 'country': 'India', 'postcode': 83161, 'coordinates': {'latitude': '12.3182', 'longitude': '66.7402'}, 'timezone': {'offset': '+3:00', 'description': 'Baghdad, Riyadh, Moscow, St. Petersburg'}}, 'email': 'prithvi.prabhu@example.com', 'login': {'uuid': '9a789f9d-d805-485a-bcca-6c010cc125ba', 'username': 'redgorilla777', 'password': 'silvia', 'salt': 'GcuGvOTV', 'md5': '5ab9e0cf6ae9e1eae9f7191a02c6f336', 'sha1': 'abd9e49624007bf2344905b6d17f2775b4817e9e', 'sha256': 'f25d86272d81151506972e658788f6df36f6ec67197cc7516c22874ce04d2a6a'}, 'dob': {'date': '1945-09-25T06:38:05.833Z', 'age': 78}, 'registered': {'date': '2004-04-26T01:32:22.090Z', 'age': 20}, 'phone': '9701376909', 'cell': '9094162195', 'id': {'name': 'UIDAI', 'value': '867977896186'}, 'picture': {'large': 'https://randomuser.me/api/portraits/women/4.jpg', 'medium': 'https://randomuser.me/api/portraits/med/women/4.jpg', 'thumbnail': 'https://randomuser.me/api/portraits/thumb/women/4.jpg'}, 'nat': 'IN'}], 'info': {'seed': '12a69e7deaa4ce08', 'results': 1, 'page': 1, 'version': '1.4'}}</msg>
<arg>${json_data}</arg>
<doc>Logs the given message with the given level.</doc>
<status status="PASS" start="2024-07-22T17:13:38.526601" elapsed="0.000213"/>
</kw>
<kw name="Should Be Equal As Numbers" owner="BuiltIn">
<arg>${json_data['results'][0]['location']['postcode']}</arg>
<arg>${json_data['results'][0]['location']['postcode']}</arg>
<doc>Fails if objects are unequal after converting them to real numbers.</doc>
<status status="PASS" start="2024-07-22T17:13:38.527115" elapsed="0.000648"/>
</kw>
<kw name="Log" owner="BuiltIn">
<msg time="2024-07-22T17:13:38.528362" level="INFO">83161</msg>
<arg>${json_data['results'][0]['location']['postcode']}</arg>
<doc>Logs the given message with the given level.</doc>
<status status="PASS" start="2024-07-22T17:13:38.527961" elapsed="0.000445"/>
</kw>
<status status="PASS" start="2024-07-22T17:13:38.430441" elapsed="0.098260"/>
</kw>
<doc>Testa se os tipos de dados na resposta da API estão corretos.</doc>
<tag>testeTiposDados</tag>
<status status="PASS" start="2024-07-22T17:13:38.343174" elapsed="0.185698"/>
</test>
<test id="s1-s1-t5" name="Validar conteudo" line="35">
<kw name="Teste de Tipos de Conteudo" owner="random-user-service">
<kw name="GET On Session" owner="RequestsLibrary">
<msg time="2024-07-22T17:13:38.625042" level="INFO">GET Request : url=https://randomuser.me/api 
 path_url=/api 
 headers={'User-Agent': 'python-requests/2.32.3', 'Accept-Encoding': 'gzip, deflate', 'Accept': '*/*', 'Connection': 'keep-alive'} 
 body=None 
 </msg>
<msg time="2024-07-22T17:13:38.625132" level="INFO">GET Response : url=https://randomuser.me/api 
 status=200, reason=OK 
 headers={'Date': 'Mon, 22 Jul 2024 17:13:38 GMT', 'Content-Type': 'application/json; charset=utf-8', 'Transfer-Encoding': 'chunked', 'Connection': 'keep-alive', 'X-Powered-By': 'Express', 'Access-Control-Allow-Origin': '*', 'Cache-Control': 'no-cache', 'ETag': 'W/"484-z6ztmOxhQpZO/4kgoAT+vq910mw"', 'Vary': 'Accept-Encoding', 'Content-Encoding': 'gzip', 'CF-Cache-Status': 'DYNAMIC', 'Report-To': '{"endpoints":[{"url":"https:\\/\\/a.nel.cloudflare.com\\/report\\/v4?s=LANVTXj0dRxgTKctMPi2Y8y%2FajyCkG6qMrBYOVOOW9D7k%2Bg4Z6xlLnP1%2BR9rCy9jAPwuwZkWzGE4z7cgrYXoANAgcXV6gmGTwpcRlhyhH5bqMxUSBbQlWwwiYbsdoTGW"}],"group":"cf-nel","max_age":604800}', 'NEL': '{"success_fraction":0,"report_to":"cf-nel","max_age":604800}', 'Server': 'cloudflare', 'CF-RAY': '8a750fffdd413b30-IAD', 'alt-svc': 'h3=":443"; ma=86400'} 
 body={"results":[{"gender":"male","name":{"title":"Mr","first":"Tor","last":"Gilberg"},"location":{"street":{"number":3594,"name":"Sporveisgata"},"city":"Gilja","state":"Rogaland","country":"Norway","postcode":"5743","coordinates":{"latitude":"42.7914","longitude":"-124.6397"},"timezone":{"offset":"-5:00","description":"Eastern Time (US &amp; Canada), Bogota, Lima"}},"email":"tor.gilberg@example.com","login":{"uuid":"e335c3ac-2683-4e62-8896-50232d7a3b93","username":"organickoala425","password":"macleod","salt":"hyIo5zid","md5":"a58667b4d64670e9d249747514e772c5","sha1":"6e89f33d80301b8f520139de4f86bf49f7c7c779","sha256":"4da1b6d274ae236e32297e2efe68f12bf1eaef3650ae355f5875b166e4520d89"},"dob":{"date":"1947-09-13T00:05:59.253Z","age":76},"registered":{"date":"2005-06-06T20:22:52.528Z","age":19},"phone":"38462652","cell":"94633978","id":{"name":"FN","value":"13094729577"},"picture":{"large":"https://randomuser.me/api/portraits/men/24.jpg","medium":"https://randomuser.me/api/portraits/med/men/24.jpg","thumbnail":"https://randomuser.me/api/portraits/thumb/men/24.jpg"},"nat":"NO"}],"info":{"seed":"b50483c80b1af6c8","results":1,"page":1,"version":"1.4"}} 
 </msg>
<msg time="2024-07-22T17:13:38.625213" level="INFO">/opt/hostedtoolcache/Python/3.12.4/x64/lib/python3.12/site-packages/urllib3/connectionpool.py:1099: InsecureRequestWarning: Unverified HTTPS request is being made to host 'randomuser.me'. Adding certificate verification is strongly advised. See: https://urllib3.readthedocs.io/en/latest/advanced-usage.html#tls-warnings
  warnings.warn(</msg>
<msg time="2024-07-22T17:13:38.625354" level="INFO">${response} = &lt;Response [200]&gt;</msg>
<var>${response}</var>
<arg>consultarAPI</arg>
<arg>/api</arg>
<doc>Sends a GET request on a previously created HTTP Session.</doc>
<status status="PASS" start="2024-07-22T17:13:38.531433" elapsed="0.093967"/>
</kw>
<kw name="Set Variable" owner="BuiltIn">
<msg time="2024-07-22T17:13:38.626445" level="INFO">${json_data} = {'results': [{'gender': 'male', 'name': {'title': 'Mr', 'first': 'Tor', 'last': 'Gilberg'}, 'location': {'street': {'number': 3594, 'name': 'Sporveisgata'}, 'city': 'Gilja', 'state': 'Rogaland', 'coun...</msg>
<var>${json_data}</var>
<arg>${response.json()}</arg>
<doc>Returns the given values which can then be assigned to a variables.</doc>
<status status="PASS" start="2024-07-22T17:13:38.625883" elapsed="0.000592"/>
</kw>
<kw name="Set Variable" owner="BuiltIn">
<msg time="2024-07-22T17:13:38.627159" level="INFO">${name_title} = Mr</msg>
<var>${name_title}</var>
<arg>${json_data["results"][0]["name"]["title"]}</arg>
<doc>Returns the given values which can then be assigned to a variables.</doc>
<status status="PASS" start="2024-07-22T17:13:38.626782" elapsed="0.000403"/>
</kw>
<kw name="Create List" owner="BuiltIn">
<msg time="2024-07-22T17:13:38.627620" level="INFO">${allowed_titles} = ['Mr', 'Ms', 'Miss', 'Mrs', 'Madame', 'Monsieur']</msg>
<var>${allowed_titles}</var>
<arg>Mr</arg>
<arg>Ms</arg>
<arg>Miss</arg>
<arg>Mrs</arg>
<arg>Madame</arg>
<arg>Monsieur</arg>
<doc>Returns a list containing given items.</doc>
<status status="PASS" start="2024-07-22T17:13:38.627476" elapsed="0.000167"/>
</kw>
<kw name="List Should Contain Value" owner="Collections">
<arg>${allowed_titles}</arg>
<arg>${name_title}</arg>
<doc>Fails if the ``value`` is not found from ``list``.</doc>
<status status="PASS" start="2024-07-22T17:13:38.627939" elapsed="0.000183"/>
</kw>
<kw name="Set Variable" owner="BuiltIn">
<msg time="2024-07-22T17:13:38.628722" level="INFO">${name_country} = NO</msg>
<var>${name_country}</var>
<arg>${json_data["results"][0]["nat"]}</arg>
<doc>Returns the given values which can then be assigned to a variables.</doc>
<status status="PASS" start="2024-07-22T17:13:38.628342" elapsed="0.000405"/>
</kw>
<kw name="Create List" owner="BuiltIn">
<msg time="2024-07-22T17:13:38.629641" level="INFO">${list_country} = ['AD', 'AE', 'AF', 'AG', 'AI', 'AL', 'AM', 'AO', 'AQ', 'AR', 'AS', 'AT', 'AU', 'AW', 'AX', 'AZ', 'BA', 'BB', 'BD', 'BE', 'BF', 'BG', 'BH', 'BI', 'BJ', 'BL', 'BM', 'BN', 'BO', 'BQ', 'BR', 'BS', 'BT', '...</msg>
<var>${list_country}</var>
<arg>AD</arg>
<arg>AE</arg>
<arg>AF</arg>
<arg>AG</arg>
<arg>AI</arg>
<arg>AL</arg>
<arg>AM</arg>
<arg>AO</arg>
<arg>AQ</arg>
<arg>AR</arg>
<arg>AS</arg>
<arg>AT</arg>
<arg>AU</arg>
<arg>AW</arg>
<arg>AX</arg>
<arg>AZ</arg>
<arg>BA</arg>
<arg>BB</arg>
<arg>BD</arg>
<arg>BE</arg>
<arg>BF</arg>
<arg>BG</arg>
<arg>BH</arg>
<arg>BI</arg>
<arg>BJ</arg>
<arg>BL</arg>
<arg>BM</arg>
<arg>BN</arg>
<arg>BO</arg>
<arg>BQ</arg>
<arg>BR</arg>
<arg>BS</arg>
<arg>BT</arg>
<arg>BV</arg>
<arg>BW</arg>
<arg>BY</arg>
<arg>BZ</arg>
<arg>CA</arg>
<arg>CC</arg>
<arg>CD</arg>
<arg>CF</arg>
<arg>CG</arg>
<arg>CH</arg>
<arg>CI</arg>
<arg>CK</arg>
<arg>CL</arg>
<arg>CM</arg>
<arg>CN</arg>
<arg>CO</arg>
<arg>CR</arg>
<arg>CU</arg>
<arg>CV</arg>
<arg>CW</arg>
<arg>CX</arg>
<arg>CY</arg>
<arg>CZ</arg>
<arg>DE</arg>
<arg>DJ</arg>
<arg>DK</arg>
<arg>DM</arg>
<arg>DO</arg>
<arg>DZ</arg>
<arg>EC</arg>
<arg>EE</arg>
<arg>EG</arg>
<arg>EH</arg>
<arg>ER</arg>
<arg>ES</arg>
<arg>ET</arg>
<arg>FI</arg>
<arg>FJ</arg>
<arg>FK</arg>
<arg>FM</arg>
<arg>FO</arg>
<arg>FR</arg>
<arg>GA</arg>
<arg>GB</arg>
<arg>GD</arg>
<arg>GE</arg>
<arg>GF</arg>
<arg>GG</arg>
<arg>GH</arg>
<arg>GI</arg>
<arg>GL</arg>
<arg>GM</arg>
<arg>GN</arg>
<arg>GP</arg>
<arg>GQ</arg>
<arg>GR</arg>
<arg>GS</arg>
<arg>GT</arg>
<arg>GU</arg>
<arg>GW</arg>
<arg>GY</arg>
<arg>HK</arg>
<arg>HM</arg>
<arg>HN</arg>
<arg>HR</arg>
<arg>HT</arg>
<arg>HU</arg>
<arg>ID</arg>
<arg>IE</arg>
<arg>IL</arg>
<arg>IM</arg>
<arg>IN</arg>
<arg>IO</arg>
<arg>IQ</arg>
<arg>IR</arg>
<arg>IS</arg>
<arg>IT</arg>
<arg>JE</arg>
<arg>JM</arg>
<arg>JO</arg>
<arg>JP</arg>
<arg>KE</arg>
<arg>KG</arg>
<arg>KH</arg>
<arg>KI</arg>
<arg>KM</arg>
<arg>KN</arg>
<arg>KP</arg>
<arg>KR</arg>
<arg>KW</arg>
<arg>KY</arg>
<arg>KZ</arg>
<arg>LA</arg>
<arg>LB</arg>
<arg>LC</arg>
<arg>LI</arg>
<arg>LK</arg>
<arg>LR</arg>
<arg>LS</arg>
<arg>LT</arg>
<arg>LU</arg>
<arg>LV</arg>
<arg>LY</arg>
<arg>MA</arg>
<arg>MC</arg>
<arg>MD</arg>
<arg>ME</arg>
<arg>MF</arg>
<arg>MG</arg>
<arg>MH</arg>
<arg>MK</arg>
<arg>ML</arg>
<arg>MM</arg>
<arg>MN</arg>
<arg>MO</arg>
<arg>MP</arg>
<arg>MQ</arg>
<arg>MR</arg>
<arg>MS</arg>
<arg>MT</arg>
<arg>MU</arg>
<arg>MV</arg>
<arg>MW</arg>
<arg>MX</arg>
<arg>MY</arg>
<arg>MZ</arg>
<arg>NA</arg>
<arg>NC</arg>
<arg>NE</arg>
<arg>NF</arg>
<arg>NG</arg>
<arg>NI</arg>
<arg>NL</arg>
<arg>NO</arg>
<arg>NP</arg>
<arg>NR</arg>
<arg>NU</arg>
<arg>NZ</arg>
<arg>OM</arg>
<arg>PA</arg>
<arg>PE</arg>
<arg>PF</arg>
<arg>PG</arg>
<arg>PH</arg>
<arg>PK</arg>
<arg>PL</arg>
<arg>PM</arg>
<arg>PN</arg>
<arg>PR</arg>
<arg>PS</arg>
<arg>PT</arg>
<arg>PW</arg>
<arg>PY</arg>
<arg>QA</arg>
<arg>RE</arg>
<arg>RO</arg>
<arg>RS</arg>
<arg>RU</arg>
<arg>RW</arg>
<arg>SA</arg>
<arg>SB</arg>
<arg>SC</arg>
<arg>SD</arg>
<arg>SE</arg>
<arg>SG</arg>
<arg>SH</arg>
<arg>SI</arg>
<arg>SJ</arg>
<arg>SK</arg>
<arg>SL</arg>
<arg>SM</arg>
<arg>SN</arg>
<arg>SO</arg>
<arg>SR</arg>
<arg>SS</arg>
<arg>ST</arg>
<arg>SV</arg>
<arg>SX</arg>
<arg>SY</arg>
<arg>SZ</arg>
<arg>TC</arg>
<arg>TD</arg>
<arg>TF</arg>
<arg>TG</arg>
<arg>TH</arg>
<arg>TJ</arg>
<arg>TK</arg>
<arg>TL</arg>
<arg>TM</arg>
<arg>TN</arg>
<arg>TO</arg>
<arg>TR</arg>
<arg>TT</arg>
<arg>TV</arg>
<arg>TW</arg>
<arg>TZ</arg>
<arg>UA</arg>
<arg>UG</arg>
<arg>UM</arg>
<arg>US</arg>
<arg>UY</arg>
<arg>UZ</arg>
<arg>VA</arg>
<arg>VC</arg>
<arg>VE</arg>
<arg>VG</arg>
<arg>VI</arg>
<arg>VN</arg>
<arg>VU</arg>
<arg>WF</arg>
<arg>WS</arg>
<arg>XK</arg>
<arg>YE</arg>
<arg>YT</arg>
<arg>ZA</arg>
<arg>ZM</arg>
<arg>ZW</arg>
<doc>Returns a list containing given items.</doc>
<status status="PASS" start="2024-07-22T17:13:38.629046" elapsed="0.000620"/>
</kw>
<kw name="List Should Contain Value" owner="Collections">
<arg>${list_country}</arg>
<arg>${name_country}</arg>
<doc>Fails if the ``value`` is not found from ``list``.</doc>
<status status="PASS" start="2024-07-22T17:13:38.630621" elapsed="0.000208"/>
</kw>
<kw name="Run Keyword If" owner="BuiltIn">
<kw name="Should Be True" owner="BuiltIn">
<arg>${True}</arg>
<doc>Fails if the given condition is not true.</doc>
<status status="PASS" start="2024-07-22T17:13:38.631762" elapsed="0.000140"/>
</kw>
<arg>${json_data["results"][0]["location"]["coordinates"]["latitude"]} &gt;= -90 and ${json_data["results"][0]["location"]["coordinates"]["latitude"]} &lt;= 90</arg>
<arg>Should Be True</arg>
<arg>${True}</arg>
<doc>Runs the given keyword with the given arguments, if ``condition`` is true.</doc>
<status status="PASS" start="2024-07-22T17:13:38.631027" elapsed="0.000999"/>
</kw>
<kw name="Run Keyword If" owner="BuiltIn">
<kw name="Should Be True" owner="BuiltIn">
<arg>${True}</arg>
<doc>Fails if the given condition is not true.</doc>
<status status="PASS" start="2024-07-22T17:13:38.632930" elapsed="0.000136"/>
</kw>
<arg>${json_data["results"][0]["location"]["coordinates"]["longitude"]} &gt;= -180 and ${json_data["results"][0]["location"]["coordinates"]["longitude"]} &lt;= 180</arg>
<arg>Should Be True</arg>
<arg>${True}</arg>
<doc>Runs the given keyword with the given arguments, if ``condition`` is true.</doc>
<status status="PASS" start="2024-07-22T17:13:38.632207" elapsed="0.000982"/>
</kw>
<status status="PASS" start="2024-07-22T17:13:38.531208" elapsed="0.102111"/>
</kw>
<doc>Testa o conteúdo específico dos campos retornados pela API.</doc>
<tag>testeConteudo</tag>
<status status="PASS" start="2024-07-22T17:13:38.530652" elapsed="0.102813"/>
</test>
<status status="PASS" start="2024-07-22T17:13:37.819769" elapsed="0.815664"/>
</suite>
<status status="PASS" start="2024-07-22T17:13:37.804400" elapsed="0.836073"/>
</suite>
<statistics>
<total>
<stat pass="5" fail="0" skip="0">All Tests</stat>
</total>
<tag>
<stat pass="1" fail="0" skip="0">testeConteudo</stat>
<stat pass="1" fail="0" skip="0">testeEstruturaResposta</stat>
<stat pass="1" fail="0" skip="0">testeRequisicaoBasica</stat>
<stat pass="1" fail="0" skip="0">testeTiposDados</stat>
</tag>
<suite>
<stat pass="5" fail="0" skip="0" id="s1" name="Tests">Tests</stat>
<stat pass="5" fail="0" skip="0" id="s1-s1" name="Random-User-Test">Tests.Random-User-Test</stat>
</suite>
</statistics>
<errors>
</errors>
</robot>
