<?xml version="1.0" encoding="UTF-8"?>
<robot generator="Robot 7.0.1 (Python 3.12.4 on linux)" generated="2024-07-10T16:19:00.807796" rpa="false" schemaversion="5">
<suite id="s1" name="Tests" source="/home/runner/work/ApiRandomUser/ApiRandomUser/RamdonUser/tests">
<suite id="s1-s1" name="Random-User-Test" source="/home/runner/work/ApiRandomUser/ApiRandomUser/RamdonUser/tests/random-user-test.robot">
<test id="s1-s1-t1" name="Conectar" line="13">
<kw name="Conectar API" owner="random-user-service">
<kw name="Create Session" owner="RequestsLibrary">
<msg time="2024-07-10T16:19:01.200154" level="INFO">Creating Session using : alias=consultarAPI, url=https://randomuser.me/, headers={},                     cookies={}, auth=None, timeout=None, proxies=None, verify=False,                     debug=0 </msg>
<arg>consultarAPI</arg>
<arg>${URL}</arg>
<doc>Create Session: create a HTTP session to a server</doc>
<status status="PASS" start="2024-07-10T16:19:01.199950" elapsed="0.000422"/>
</kw>
<status status="PASS" start="2024-07-10T16:19:01.198968" elapsed="0.001773"/>
</kw>
<status status="PASS" start="2024-07-10T16:19:01.198310" elapsed="0.002620"/>
</test>
<test id="s1-s1-t2" name="Validar retorno 200 e JSON Válido" line="16">
<kw name="Teste de Requisicao Basica" owner="random-user-service">
<kw name="GET On Session" owner="RequestsLibrary">
<msg time="2024-07-10T16:19:01.403227" level="INFO">GET Request : url=https://randomuser.me/api 
 path_url=/api 
 headers={'User-Agent': 'python-requests/2.32.3', 'Accept-Encoding': 'gzip, deflate', 'Accept': '*/*', 'Connection': 'keep-alive'} 
 body=None 
 </msg>
<msg time="2024-07-10T16:19:01.403392" level="INFO">GET Response : url=https://randomuser.me/api 
 status=200, reason=OK 
 headers={'Date': 'Wed, 10 Jul 2024 16:19:01 GMT', 'Content-Type': 'application/json; charset=utf-8', 'Transfer-Encoding': 'chunked', 'Connection': 'keep-alive', 'X-Powered-By': 'Express', 'Access-Control-Allow-Origin': '*', 'Cache-Control': 'no-cache', 'ETag': 'W/"47d-mLTohRtI5+0pOGBr7vf6Rft+e40"', 'Vary': 'Accept-Encoding', 'Content-Encoding': 'gzip', 'CF-Cache-Status': 'DYNAMIC', 'Report-To': '{"endpoints":[{"url":"https:\\/\\/a.nel.cloudflare.com\\/report\\/v4?s=YUEc3uFrcx2lj4eq5Lt6u2X%2BChaBKoo6y3wVSF0zgDkvxdoEIFVIdKBwFmuBDZ%2FysW9GfMcK4S5pcoynevb7ss0L0mhElyc4VyVxsceNo4rCYcAJeYLJ3KR6btnMr9bP"}],"group":"cf-nel","max_age":604800}', 'NEL': '{"success_fraction":0,"report_to":"cf-nel","max_age":604800}', 'Server': 'cloudflare', 'CF-RAY': '8a11df7d7b9338a3-IAD', 'alt-svc': 'h3=":443"; ma=86400'} 
 body={"results":[{"gender":"female","name":{"title":"Ms","first":"Neea","last":"Leino"},"location":{"street":{"number":3242,"name":"Hermiankatu"},"city":"Muonio","state":"Päijät-Häme","country":"Finland","postcode":50760,"coordinates":{"latitude":"-24.4538","longitude":"173.5844"},"timezone":{"offset":"+3:30","description":"Tehran"}},"email":"neea.leino@example.com","login":{"uuid":"a8b95389-7361-45a0-ac3f-8897fce199e2","username":"yellowleopard586","password":"caesar","salt":"oxewQaAW","md5":"a8ffdd53a38960f12cb537e62037f672","sha1":"8f4513e4fbc5abaaa927c619f7fad2461cd5975a","sha256":"c4e6e173f15081368c7b4e0f643d3e6de3af1b88f733b56a84fe9b8cdbc6bec5"},"dob":{"date":"1979-02-19T20:06:19.656Z","age":45},"registered":{"date":"2011-11-01T01:55:01.890Z","age":12},"phone":"08-816-591","cell":"047-993-79-81","id":{"name":"HETU","value":"NaNNA796undefined"},"picture":{"large":"https://randomuser.me/api/portraits/women/92.jpg","medium":"https://randomuser.me/api/portraits/med/women/92.jpg","thumbnail":"https://randomuser.me/api/portraits/thumb/women/92.jpg"},"nat":"FI"}],"info":{"seed":"03f56ec0ad0fe1c1","results":1,"page":1,"version":"1.4"}} 
 </msg>
<msg time="2024-07-10T16:19:01.403485" level="INFO">/opt/hostedtoolcache/Python/3.12.4/x64/lib/python3.12/site-packages/urllib3/connectionpool.py:1099: InsecureRequestWarning: Unverified HTTPS request is being made to host 'randomuser.me'. Adding certificate verification is strongly advised. See: https://urllib3.readthedocs.io/en/latest/advanced-usage.html#tls-warnings
  warnings.warn(</msg>
<msg time="2024-07-10T16:19:01.403638" level="INFO">${response} = &lt;Response [200]&gt;</msg>
<var>${response}</var>
<arg>consultarAPI</arg>
<arg>/api</arg>
<doc>Sends a GET request on a previously created HTTP Session.</doc>
<status status="PASS" start="2024-07-10T16:19:01.203612" elapsed="0.200067"/>
</kw>
<kw name="Should Be Equal As Numbers" owner="BuiltIn">
<msg time="2024-07-10T16:19:01.404668" level="INFO">Argument types are:
&lt;class 'int'&gt;
&lt;class 'str'&gt;</msg>
<arg>${response.status_code}</arg>
<arg>200</arg>
<doc>Fails if objects are unequal after converting them to real numbers.</doc>
<status status="PASS" start="2024-07-10T16:19:01.404194" elapsed="0.000537"/>
</kw>
<kw name="Log" owner="BuiltIn">
<msg time="2024-07-10T16:19:01.405388" level="INFO">200</msg>
<arg>${response.status_code}</arg>
<doc>Logs the given message with the given level.</doc>
<status status="PASS" start="2024-07-10T16:19:01.405043" elapsed="0.000386"/>
</kw>
<kw name="Set Variable" owner="BuiltIn">
<msg time="2024-07-10T16:19:01.406165" level="INFO">${json_data} = {'results': [{'gender': 'female', 'name': {'title': 'Ms', 'first': 'Neea', 'last': 'Leino'}, 'location': {'street': {'number': 3242, 'name': 'Hermiankatu'}, 'city': 'Muonio', 'state': 'Päijät-Häme', '...</msg>
<var>${json_data}</var>
<arg>${response.json()}</arg>
<doc>Returns the given values which can then be assigned to a variables.</doc>
<status status="PASS" start="2024-07-10T16:19:01.405736" elapsed="0.000458"/>
</kw>
<kw name="Dictionary Should Contain Key" owner="Collections">
<arg>${json_data}</arg>
<arg>results</arg>
<doc>Fails if ``key`` is not found from ``dictionary``.</doc>
<status status="PASS" start="2024-07-10T16:19:01.406494" elapsed="0.000160"/>
</kw>
<status status="PASS" start="2024-07-10T16:19:01.203362" elapsed="0.203436"/>
</kw>
<doc>Testa se a API responde corretamente e retorna um objeto JSON válido.</doc>
<tag>testeRequisicaoBasica</tag>
<status status="PASS" start="2024-07-10T16:19:01.202797" elapsed="0.204178"/>
</test>
<test id="s1-s1-t3" name="Validar estrutura de resposta" line="22">
<kw name="Teste de Estrutura de Resposta" owner="random-user-service">
<kw name="GET On Session" owner="RequestsLibrary">
<msg time="2024-07-10T16:19:01.530842" level="INFO">GET Request : url=https://randomuser.me/api 
 path_url=/api 
 headers={'User-Agent': 'python-requests/2.32.3', 'Accept-Encoding': 'gzip, deflate', 'Accept': '*/*', 'Connection': 'keep-alive'} 
 body=None 
 </msg>
<msg time="2024-07-10T16:19:01.530937" level="INFO">GET Response : url=https://randomuser.me/api 
 status=200, reason=OK 
 headers={'Date': 'Wed, 10 Jul 2024 16:19:01 GMT', 'Content-Type': 'application/json; charset=utf-8', 'Transfer-Encoding': 'chunked', 'Connection': 'keep-alive', 'X-Powered-By': 'Express', 'Access-Control-Allow-Origin': '*', 'Cache-Control': 'no-cache', 'ETag': 'W/"496-9P/fqr3FCbYvqhF+QWNrDDbN6Eg"', 'Vary': 'Accept-Encoding', 'Content-Encoding': 'gzip', 'CF-Cache-Status': 'DYNAMIC', 'Report-To': '{"endpoints":[{"url":"https:\\/\\/a.nel.cloudflare.com\\/report\\/v4?s=vUWiGD4qRFqrVYMUrOag7BbV3B3hjYAtfw1QILAyv37aXf%2Bg2df32UMMuSBEOzX30B2AQmG1NqREnmHjCaubnN7GDnjkDfwZujhdrpljUfB%2BMMobh%2BGfqBt7OrO96WUn"}],"group":"cf-nel","max_age":604800}', 'NEL': '{"success_fraction":0,"report_to":"cf-nel","max_age":604800}', 'Server': 'cloudflare', 'CF-RAY': '8a11df7ddc1438a3-IAD', 'alt-svc': 'h3=":443"; ma=86400'} 
 body={"results":[{"gender":"female","name":{"title":"Ms","first":"Jucemira","last":"da Luz"},"location":{"street":{"number":3270,"name":"Rua Dois"},"city":"Mauá","state":"Sergipe","country":"Brazil","postcode":71056,"coordinates":{"latitude":"-76.2289","longitude":"59.7680"},"timezone":{"offset":"+1:00","description":"Brussels, Copenhagen, Madrid, Paris"}},"email":"jucemira.daluz@example.com","login":{"uuid":"74c7548e-aff5-4e25-8470-0811966b71ef","username":"beautifulbird581","password":"jamie","salt":"98t5iwbr","md5":"3ade4d3dd04b9a71ccf2af5fa0970d7c","sha1":"f0a5226d017a3631791360a24a0ebe27a9fe96e3","sha256":"9997d6fdcf541fbe4572a2b7731467f7838d9be5c8a12343609afed3ab2ba44c"},"dob":{"date":"1949-03-05T20:16:36.650Z","age":75},"registered":{"date":"2004-07-27T17:27:35.558Z","age":19},"phone":"(44) 7419-9746","cell":"(13) 6052-1543","id":{"name":"CPF","value":"245.905.079-52"},"picture":{"large":"https://randomuser.me/api/portraits/women/59.jpg","medium":"https://randomuser.me/api/portraits/med/women/59.jpg","thumbnail":"https://randomuser.me/api/portraits/thumb/women/59.jpg"},"nat":"BR"}],"info":{"seed":"cb6b4d568b58ddb1","results":1,"page":1,"version":"1.4"}} 
 </msg>
<msg time="2024-07-10T16:19:01.531065" level="INFO">/opt/hostedtoolcache/Python/3.12.4/x64/lib/python3.12/site-packages/urllib3/connectionpool.py:1099: InsecureRequestWarning: Unverified HTTPS request is being made to host 'randomuser.me'. Adding certificate verification is strongly advised. See: https://urllib3.readthedocs.io/en/latest/advanced-usage.html#tls-warnings
  warnings.warn(</msg>
<msg time="2024-07-10T16:19:01.531184" level="INFO">${response} = &lt;Response [200]&gt;</msg>
<var>${response}</var>
<arg>consultarAPI</arg>
<arg>/api</arg>
<doc>Sends a GET request on a previously created HTTP Session.</doc>
<status status="PASS" start="2024-07-10T16:19:01.409542" elapsed="0.121674"/>
</kw>
<kw name="Set Variable" owner="BuiltIn">
<msg time="2024-07-10T16:19:01.532229" level="INFO">${json_data} = {'results': [{'gender': 'female', 'name': {'title': 'Ms', 'first': 'Jucemira', 'last': 'da Luz'}, 'location': {'street': {'number': 3270, 'name': 'Rua Dois'}, 'city': 'Mauá', 'state': 'Sergipe', 'coun...</msg>
<var>${json_data}</var>
<arg>${response.json()}</arg>
<doc>Returns the given values which can then be assigned to a variables.</doc>
<status status="PASS" start="2024-07-10T16:19:01.531727" elapsed="0.000567"/>
</kw>
<kw name="Log" owner="BuiltIn">
<msg time="2024-07-10T16:19:01.532789" level="INFO">{'results': [{'gender': 'female', 'name': {'title': 'Ms', 'first': 'Jucemira', 'last': 'da Luz'}, 'location': {'street': {'number': 3270, 'name': 'Rua Dois'}, 'city': 'Mauá', 'state': 'Sergipe', 'country': 'Brazil', 'postcode': 71056, 'coordinates': {'latitude': '-76.2289', 'longitude': '59.7680'}, 'timezone': {'offset': '+1:00', 'description': 'Brussels, Copenhagen, Madrid, Paris'}}, 'email': 'jucemira.daluz@example.com', 'login': {'uuid': '74c7548e-aff5-4e25-8470-0811966b71ef', 'username': 'beautifulbird581', 'password': 'jamie', 'salt': '98t5iwbr', 'md5': '3ade4d3dd04b9a71ccf2af5fa0970d7c', 'sha1': 'f0a5226d017a3631791360a24a0ebe27a9fe96e3', 'sha256': '9997d6fdcf541fbe4572a2b7731467f7838d9be5c8a12343609afed3ab2ba44c'}, 'dob': {'date': '1949-03-05T20:16:36.650Z', 'age': 75}, 'registered': {'date': '2004-07-27T17:27:35.558Z', 'age': 19}, 'phone': '(44) 7419-9746', 'cell': '(13) 6052-1543', 'id': {'name': 'CPF', 'value': '245.905.079-52'}, 'picture': {'large': 'https://randomuser.me/api/portraits/women/59.jpg', 'medium': 'https://randomuser.me/api/portraits/med/women/59.jpg', 'thumbnail': 'https://randomuser.me/api/portraits/thumb/women/59.jpg'}, 'nat': 'BR'}], 'info': {'seed': 'cb6b4d568b58ddb1', 'results': 1, 'page': 1, 'version': '1.4'}}</msg>
<arg>${json_data}</arg>
<doc>Logs the given message with the given level.</doc>
<status status="PASS" start="2024-07-10T16:19:01.532625" elapsed="0.000213"/>
</kw>
<kw name="Dictionary Should Contain Key" owner="Collections">
<arg>${json_data}</arg>
<arg>results</arg>
<doc>Fails if ``key`` is not found from ``dictionary``.</doc>
<status status="PASS" start="2024-07-10T16:19:01.533126" elapsed="0.000158"/>
</kw>
<kw name="Should Not Be Empty" owner="BuiltIn">
<msg time="2024-07-10T16:19:01.533604" level="INFO">Length is 2.</msg>
<arg>${json_data}</arg>
<doc>Verifies that the given item is not empty.</doc>
<status status="PASS" start="2024-07-10T16:19:01.533470" elapsed="0.000171"/>
</kw>
<kw name="Create List" owner="BuiltIn">
<msg time="2024-07-10T16:19:01.534237" level="INFO">${expected_keys} = ['gender', 'name', 'location', 'email', 'login']</msg>
<var>${expected_keys}</var>
<arg>gender</arg>
<arg>name</arg>
<arg>location</arg>
<arg>email</arg>
<arg>login</arg>
<doc>Returns a list containing given items.</doc>
<status status="PASS" start="2024-07-10T16:19:01.533927" elapsed="0.000335"/>
</kw>
<for flavor="IN">
<iter>
<kw name="Dictionary Should Contain Key" owner="Collections">
<arg>${json_data['results'][0]}</arg>
<arg>${key}</arg>
<doc>Fails if ``key`` is not found from ``dictionary``.</doc>
<status status="PASS" start="2024-07-10T16:19:01.534836" elapsed="0.000395"/>
</kw>
<kw name="Log" owner="BuiltIn">
<msg time="2024-07-10T16:19:01.535771" level="INFO">{'gender': 'female', 'name': {'title': 'Ms', 'first': 'Jucemira', 'last': 'da Luz'}, 'location': {'street': {'number': 3270, 'name': 'Rua Dois'}, 'city': 'Mauá', 'state': 'Sergipe', 'country': 'Brazil', 'postcode': 71056, 'coordinates': {'latitude': '-76.2289', 'longitude': '59.7680'}, 'timezone': {'offset': '+1:00', 'description': 'Brussels, Copenhagen, Madrid, Paris'}}, 'email': 'jucemira.daluz@example.com', 'login': {'uuid': '74c7548e-aff5-4e25-8470-0811966b71ef', 'username': 'beautifulbird581', 'password': 'jamie', 'salt': '98t5iwbr', 'md5': '3ade4d3dd04b9a71ccf2af5fa0970d7c', 'sha1': 'f0a5226d017a3631791360a24a0ebe27a9fe96e3', 'sha256': '9997d6fdcf541fbe4572a2b7731467f7838d9be5c8a12343609afed3ab2ba44c'}, 'dob': {'date': '1949-03-05T20:16:36.650Z', 'age': 75}, 'registered': {'date': '2004-07-27T17:27:35.558Z', 'age': 19}, 'phone': '(44) 7419-9746', 'cell': '(13) 6052-1543', 'id': {'name': 'CPF', 'value': '245.905.079-52'}, 'picture': {'large': 'https://randomuser.me/api/portraits/women/59.jpg', 'medium': 'https://randomuser.me/api/portraits/med/women/59.jpg', 'thumbnail': 'https://randomuser.me/api/portraits/thumb/women/59.jpg'}, 'nat': 'BR'}</msg>
<arg>${json_data['results'][0]}</arg>
<doc>Logs the given message with the given level.</doc>
<status status="PASS" start="2024-07-10T16:19:01.535414" elapsed="0.000408"/>
</kw>
<kw name="Log" owner="BuiltIn">
<msg time="2024-07-10T16:19:01.536246" level="INFO">gender</msg>
<arg>${key}</arg>
<doc>Logs the given message with the given level.</doc>
<status status="PASS" start="2024-07-10T16:19:01.536119" elapsed="0.000187"/>
</kw>
<var name="${key}">gender</var>
<status status="PASS" start="2024-07-10T16:19:01.534713" elapsed="0.001813"/>
</iter>
<iter>
<kw name="Dictionary Should Contain Key" owner="Collections">
<arg>${json_data['results'][0]}</arg>
<arg>${key}</arg>
<doc>Fails if ``key`` is not found from ``dictionary``.</doc>
<status status="PASS" start="2024-07-10T16:19:01.536820" elapsed="0.000388"/>
</kw>
<kw name="Log" owner="BuiltIn">
<msg time="2024-07-10T16:19:01.537736" level="INFO">{'gender': 'female', 'name': {'title': 'Ms', 'first': 'Jucemira', 'last': 'da Luz'}, 'location': {'street': {'number': 3270, 'name': 'Rua Dois'}, 'city': 'Mauá', 'state': 'Sergipe', 'country': 'Brazil', 'postcode': 71056, 'coordinates': {'latitude': '-76.2289', 'longitude': '59.7680'}, 'timezone': {'offset': '+1:00', 'description': 'Brussels, Copenhagen, Madrid, Paris'}}, 'email': 'jucemira.daluz@example.com', 'login': {'uuid': '74c7548e-aff5-4e25-8470-0811966b71ef', 'username': 'beautifulbird581', 'password': 'jamie', 'salt': '98t5iwbr', 'md5': '3ade4d3dd04b9a71ccf2af5fa0970d7c', 'sha1': 'f0a5226d017a3631791360a24a0ebe27a9fe96e3', 'sha256': '9997d6fdcf541fbe4572a2b7731467f7838d9be5c8a12343609afed3ab2ba44c'}, 'dob': {'date': '1949-03-05T20:16:36.650Z', 'age': 75}, 'registered': {'date': '2004-07-27T17:27:35.558Z', 'age': 19}, 'phone': '(44) 7419-9746', 'cell': '(13) 6052-1543', 'id': {'name': 'CPF', 'value': '245.905.079-52'}, 'picture': {'large': 'https://randomuser.me/api/portraits/women/59.jpg', 'medium': 'https://randomuser.me/api/portraits/med/women/59.jpg', 'thumbnail': 'https://randomuser.me/api/portraits/thumb/women/59.jpg'}, 'nat': 'BR'}</msg>
<arg>${json_data['results'][0]}</arg>
<doc>Logs the given message with the given level.</doc>
<status status="PASS" start="2024-07-10T16:19:01.537387" elapsed="0.000431"/>
</kw>
<kw name="Log" owner="BuiltIn">
<msg time="2024-07-10T16:19:01.538241" level="INFO">name</msg>
<arg>${key}</arg>
<doc>Logs the given message with the given level.</doc>
<status status="PASS" start="2024-07-10T16:19:01.538114" elapsed="0.000164"/>
</kw>
<var name="${key}">name</var>
<status status="PASS" start="2024-07-10T16:19:01.536708" elapsed="0.001784"/>
</iter>
<iter>
<kw name="Dictionary Should Contain Key" owner="Collections">
<arg>${json_data['results'][0]}</arg>
<arg>${key}</arg>
<doc>Fails if ``key`` is not found from ``dictionary``.</doc>
<status status="PASS" start="2024-07-10T16:19:01.538775" elapsed="0.000370"/>
</kw>
<kw name="Log" owner="BuiltIn">
<msg time="2024-07-10T16:19:01.539680" level="INFO">{'gender': 'female', 'name': {'title': 'Ms', 'first': 'Jucemira', 'last': 'da Luz'}, 'location': {'street': {'number': 3270, 'name': 'Rua Dois'}, 'city': 'Mauá', 'state': 'Sergipe', 'country': 'Brazil', 'postcode': 71056, 'coordinates': {'latitude': '-76.2289', 'longitude': '59.7680'}, 'timezone': {'offset': '+1:00', 'description': 'Brussels, Copenhagen, Madrid, Paris'}}, 'email': 'jucemira.daluz@example.com', 'login': {'uuid': '74c7548e-aff5-4e25-8470-0811966b71ef', 'username': 'beautifulbird581', 'password': 'jamie', 'salt': '98t5iwbr', 'md5': '3ade4d3dd04b9a71ccf2af5fa0970d7c', 'sha1': 'f0a5226d017a3631791360a24a0ebe27a9fe96e3', 'sha256': '9997d6fdcf541fbe4572a2b7731467f7838d9be5c8a12343609afed3ab2ba44c'}, 'dob': {'date': '1949-03-05T20:16:36.650Z', 'age': 75}, 'registered': {'date': '2004-07-27T17:27:35.558Z', 'age': 19}, 'phone': '(44) 7419-9746', 'cell': '(13) 6052-1543', 'id': {'name': 'CPF', 'value': '245.905.079-52'}, 'picture': {'large': 'https://randomuser.me/api/portraits/women/59.jpg', 'medium': 'https://randomuser.me/api/portraits/med/women/59.jpg', 'thumbnail': 'https://randomuser.me/api/portraits/thumb/women/59.jpg'}, 'nat': 'BR'}</msg>
<arg>${json_data['results'][0]}</arg>
<doc>Logs the given message with the given level.</doc>
<status status="PASS" start="2024-07-10T16:19:01.539332" elapsed="0.000397"/>
</kw>
<kw name="Log" owner="BuiltIn">
<msg time="2024-07-10T16:19:01.540151" level="INFO">location</msg>
<arg>${key}</arg>
<doc>Logs the given message with the given level.</doc>
<status status="PASS" start="2024-07-10T16:19:01.540025" elapsed="0.000162"/>
</kw>
<var name="${key}">location</var>
<status status="PASS" start="2024-07-10T16:19:01.538667" elapsed="0.001775"/>
</iter>
<iter>
<kw name="Dictionary Should Contain Key" owner="Collections">
<arg>${json_data['results'][0]}</arg>
<arg>${key}</arg>
<doc>Fails if ``key`` is not found from ``dictionary``.</doc>
<status status="PASS" start="2024-07-10T16:19:01.540718" elapsed="0.000382"/>
</kw>
<kw name="Log" owner="BuiltIn">
<msg time="2024-07-10T16:19:01.541632" level="INFO">{'gender': 'female', 'name': {'title': 'Ms', 'first': 'Jucemira', 'last': 'da Luz'}, 'location': {'street': {'number': 3270, 'name': 'Rua Dois'}, 'city': 'Mauá', 'state': 'Sergipe', 'country': 'Brazil', 'postcode': 71056, 'coordinates': {'latitude': '-76.2289', 'longitude': '59.7680'}, 'timezone': {'offset': '+1:00', 'description': 'Brussels, Copenhagen, Madrid, Paris'}}, 'email': 'jucemira.daluz@example.com', 'login': {'uuid': '74c7548e-aff5-4e25-8470-0811966b71ef', 'username': 'beautifulbird581', 'password': 'jamie', 'salt': '98t5iwbr', 'md5': '3ade4d3dd04b9a71ccf2af5fa0970d7c', 'sha1': 'f0a5226d017a3631791360a24a0ebe27a9fe96e3', 'sha256': '9997d6fdcf541fbe4572a2b7731467f7838d9be5c8a12343609afed3ab2ba44c'}, 'dob': {'date': '1949-03-05T20:16:36.650Z', 'age': 75}, 'registered': {'date': '2004-07-27T17:27:35.558Z', 'age': 19}, 'phone': '(44) 7419-9746', 'cell': '(13) 6052-1543', 'id': {'name': 'CPF', 'value': '245.905.079-52'}, 'picture': {'large': 'https://randomuser.me/api/portraits/women/59.jpg', 'medium': 'https://randomuser.me/api/portraits/med/women/59.jpg', 'thumbnail': 'https://randomuser.me/api/portraits/thumb/women/59.jpg'}, 'nat': 'BR'}</msg>
<arg>${json_data['results'][0]}</arg>
<doc>Logs the given message with the given level.</doc>
<status status="PASS" start="2024-07-10T16:19:01.541284" elapsed="0.000397"/>
</kw>
<kw name="Log" owner="BuiltIn">
<msg time="2024-07-10T16:19:01.542122" level="INFO">email</msg>
<arg>${key}</arg>
<doc>Logs the given message with the given level.</doc>
<status status="PASS" start="2024-07-10T16:19:01.541983" elapsed="0.000178"/>
</kw>
<var name="${key}">email</var>
<status status="PASS" start="2024-07-10T16:19:01.540612" elapsed="0.001761"/>
</iter>
<iter>
<kw name="Dictionary Should Contain Key" owner="Collections">
<arg>${json_data['results'][0]}</arg>
<arg>${key}</arg>
<doc>Fails if ``key`` is not found from ``dictionary``.</doc>
<status status="PASS" start="2024-07-10T16:19:01.542652" elapsed="0.000381"/>
</kw>
<kw name="Log" owner="BuiltIn">
<msg time="2024-07-10T16:19:01.543557" level="INFO">{'gender': 'female', 'name': {'title': 'Ms', 'first': 'Jucemira', 'last': 'da Luz'}, 'location': {'street': {'number': 3270, 'name': 'Rua Dois'}, 'city': 'Mauá', 'state': 'Sergipe', 'country': 'Brazil', 'postcode': 71056, 'coordinates': {'latitude': '-76.2289', 'longitude': '59.7680'}, 'timezone': {'offset': '+1:00', 'description': 'Brussels, Copenhagen, Madrid, Paris'}}, 'email': 'jucemira.daluz@example.com', 'login': {'uuid': '74c7548e-aff5-4e25-8470-0811966b71ef', 'username': 'beautifulbird581', 'password': 'jamie', 'salt': '98t5iwbr', 'md5': '3ade4d3dd04b9a71ccf2af5fa0970d7c', 'sha1': 'f0a5226d017a3631791360a24a0ebe27a9fe96e3', 'sha256': '9997d6fdcf541fbe4572a2b7731467f7838d9be5c8a12343609afed3ab2ba44c'}, 'dob': {'date': '1949-03-05T20:16:36.650Z', 'age': 75}, 'registered': {'date': '2004-07-27T17:27:35.558Z', 'age': 19}, 'phone': '(44) 7419-9746', 'cell': '(13) 6052-1543', 'id': {'name': 'CPF', 'value': '245.905.079-52'}, 'picture': {'large': 'https://randomuser.me/api/portraits/women/59.jpg', 'medium': 'https://randomuser.me/api/portraits/med/women/59.jpg', 'thumbnail': 'https://randomuser.me/api/portraits/thumb/women/59.jpg'}, 'nat': 'BR'}</msg>
<arg>${json_data['results'][0]}</arg>
<doc>Logs the given message with the given level.</doc>
<status status="PASS" start="2024-07-10T16:19:01.543216" elapsed="0.000388"/>
</kw>
<kw name="Log" owner="BuiltIn">
<msg time="2024-07-10T16:19:01.544065" level="INFO">login</msg>
<arg>${key}</arg>
<doc>Logs the given message with the given level.</doc>
<status status="PASS" start="2024-07-10T16:19:01.543929" elapsed="0.000172"/>
</kw>
<var name="${key}">login</var>
<status status="PASS" start="2024-07-10T16:19:01.542540" elapsed="0.001799"/>
</iter>
<var>${key}</var>
<value>@{expected_keys}</value>
<status status="PASS" start="2024-07-10T16:19:01.534524" elapsed="0.009933"/>
</for>
<kw name="Create List" owner="BuiltIn">
<msg time="2024-07-10T16:19:01.544797" level="INFO">${expected_keysTwo} = ['username', 'password']</msg>
<var>${expected_keysTwo}</var>
<arg>username</arg>
<arg>password</arg>
<doc>Returns a list containing given items.</doc>
<status status="PASS" start="2024-07-10T16:19:01.544655" elapsed="0.000193"/>
</kw>
<for flavor="IN">
<iter>
<kw name="Dictionary Should Contain Key" owner="Collections">
<arg>${json_data['results'][0]['login']}</arg>
<arg>${keyTwo}</arg>
<doc>Fails if ``key`` is not found from ``dictionary``.</doc>
<status status="PASS" start="2024-07-10T16:19:01.545352" elapsed="0.000386"/>
</kw>
<kw name="Dictionary Should Contain Key" owner="Collections">
<arg>${json_data['results'][0]['login']}</arg>
<arg>${keyTwo}</arg>
<doc>Fails if ``key`` is not found from ``dictionary``.</doc>
<status status="PASS" start="2024-07-10T16:19:01.545918" elapsed="0.000367"/>
</kw>
<kw name="Log" owner="BuiltIn">
<msg time="2024-07-10T16:19:01.546588" level="INFO">username</msg>
<arg>${keyTwo}</arg>
<doc>Logs the given message with the given level.</doc>
<status status="PASS" start="2024-07-10T16:19:01.546469" elapsed="0.000156"/>
</kw>
<var name="${keyTwo}">username</var>
<status status="PASS" start="2024-07-10T16:19:01.545244" elapsed="0.001597"/>
</iter>
<iter>
<kw name="Dictionary Should Contain Key" owner="Collections">
<arg>${json_data['results'][0]['login']}</arg>
<arg>${keyTwo}</arg>
<doc>Fails if ``key`` is not found from ``dictionary``.</doc>
<status status="PASS" start="2024-07-10T16:19:01.547113" elapsed="0.000379"/>
</kw>
<kw name="Dictionary Should Contain Key" owner="Collections">
<arg>${json_data['results'][0]['login']}</arg>
<arg>${keyTwo}</arg>
<doc>Fails if ``key`` is not found from ``dictionary``.</doc>
<status status="PASS" start="2024-07-10T16:19:01.547669" elapsed="0.000364"/>
</kw>
<kw name="Log" owner="BuiltIn">
<msg time="2024-07-10T16:19:01.548386" level="INFO">password</msg>
<arg>${keyTwo}</arg>
<doc>Logs the given message with the given level.</doc>
<status status="PASS" start="2024-07-10T16:19:01.548207" elapsed="0.000226"/>
</kw>
<var name="${keyTwo}">password</var>
<status status="PASS" start="2024-07-10T16:19:01.547008" elapsed="0.001744"/>
</iter>
<var>${keyTwo}</var>
<value>@{expected_keysTwo}</value>
<status status="PASS" start="2024-07-10T16:19:01.545094" elapsed="0.003777"/>
</for>
<status status="PASS" start="2024-07-10T16:19:01.409311" elapsed="0.139697"/>
</kw>
<doc>Testa a estrutura da resposta da API.</doc>
<tag>testeEstruturaResposta</tag>
<status status="PASS" start="2024-07-10T16:19:01.408797" elapsed="0.140367"/>
</test>
<test id="s1-s1-t4" name="Validar tipos de dados" line="28">
<kw name="Teste de Tipos de Dados" owner="random-user-service">
<kw name="GET On Session" owner="RequestsLibrary">
<msg time="2024-07-10T16:19:01.595581" level="INFO">GET Request : url=https://randomuser.me/api 
 path_url=/api 
 headers={'User-Agent': 'python-requests/2.32.3', 'Accept-Encoding': 'gzip, deflate', 'Accept': '*/*', 'Connection': 'keep-alive'} 
 body=None 
 </msg>
<msg time="2024-07-10T16:19:01.595669" level="INFO">GET Response : url=https://randomuser.me/api 
 status=200, reason=OK 
 headers={'Date': 'Wed, 10 Jul 2024 16:19:01 GMT', 'Content-Type': 'application/json; charset=utf-8', 'Transfer-Encoding': 'chunked', 'Connection': 'keep-alive', 'X-Powered-By': 'Express', 'Access-Control-Allow-Origin': '*', 'Cache-Control': 'no-cache', 'ETag': 'W/"4ac-3TUCZWai46U/PZ+bigGUIVjNyH8"', 'Vary': 'Accept-Encoding', 'Content-Encoding': 'gzip', 'CF-Cache-Status': 'DYNAMIC', 'Report-To': '{"endpoints":[{"url":"https:\\/\\/a.nel.cloudflare.com\\/report\\/v4?s=yifTL%2FPWmTBQZ4xJ4dYufoRmTGRKCVg4psLe3hsjdOhgws1vazr4v%2FOH3Cul7I4CcqsXqnwUN29k%2BsL3gBpwPe1kG7g4b7XviYtGBvDNW%2FB%2FkNLI1qApGOsFnHH3uF%2F8"}],"group":"cf-nel","max_age":604800}', 'NEL': '{"success_fraction":0,"report_to":"cf-nel","max_age":604800}', 'Server': 'cloudflare', 'CF-RAY': '8a11df7ebd2c38a3-IAD', 'alt-svc': 'h3=":443"; ma=86400'} 
 body={"results":[{"gender":"female","name":{"title":"Mrs","first":"ستایش","last":"سلطانی نژاد"},"location":{"street":{"number":7552,"name":"میدان شمشیری"},"city":"زنجان","state":"آذربایجان غربی","country":"Iran","postcode":93941,"coordinates":{"latitude":"13.3594","longitude":"107.5326"},"timezone":{"offset":"-1:00","description":"Azores, Cape Verde Islands"}},"email":"stysh.sltnynjd@example.com","login":{"uuid":"7566cb70-eff9-4c05-9db1-4d52acb4adb6","username":"bigfish834","password":"pink","salt":"77JYbut1","md5":"5efb612786f08d71d40b9ee10c83bdaa","sha1":"45a4787819ca1e26c25c6c36a48997aadc866d24","sha256":"b4a738db732b18125a4da043447e9f7be101ade4ac8cc97397acb376b293857d"},"dob":{"date":"1962-10-24T19:05:36.603Z","age":61},"registered":{"date":"2005-03-21T20:51:50.086Z","age":19},"phone":"077-36874965","cell":"0915-990-7523","id":{"name":"","value":null},"picture":{"large":"https://randomuser.me/api/portraits/women/64.jpg","medium":"https://randomuser.me/api/portraits/med/women/64.jpg","thumbnail":"https://randomuser.me/api/portraits/thumb/women/64.jpg"},"nat":"IR"}],"info":{"seed":"1a80581fa4d5af70","results":1,"page":1,"version":"1.4"}} 
 </msg>
<msg time="2024-07-10T16:19:01.595750" level="INFO">/opt/hostedtoolcache/Python/3.12.4/x64/lib/python3.12/site-packages/urllib3/connectionpool.py:1099: InsecureRequestWarning: Unverified HTTPS request is being made to host 'randomuser.me'. Adding certificate verification is strongly advised. See: https://urllib3.readthedocs.io/en/latest/advanced-usage.html#tls-warnings
  warnings.warn(</msg>
<msg time="2024-07-10T16:19:01.595854" level="INFO">${response} = &lt;Response [200]&gt;</msg>
<var>${response}</var>
<arg>consultarAPI</arg>
<arg>/api</arg>
<doc>Sends a GET request on a previously created HTTP Session.</doc>
<status status="PASS" start="2024-07-10T16:19:01.551618" elapsed="0.044264"/>
</kw>
<kw name="Set Variable" owner="BuiltIn">
<msg time="2024-07-10T16:19:01.596860" level="INFO">${json_data} = {'results': [{'gender': 'female', 'name': {'title': 'Mrs', 'first': 'ستایش', 'last': 'سلطانی نژاد'}, 'location': {'street': {'number': 7552, 'name': 'میدان شمشیری'}, 'city': 'زنجان', 'state': 'آذربایج...</msg>
<var>${json_data}</var>
<arg>${response.json()}</arg>
<doc>Returns the given values which can then be assigned to a variables.</doc>
<status status="PASS" start="2024-07-10T16:19:01.596365" elapsed="0.000526"/>
</kw>
<kw name="Log" owner="BuiltIn">
<msg time="2024-07-10T16:19:01.597347" level="INFO">{'results': [{'gender': 'female', 'name': {'title': 'Mrs', 'first': 'ستایش', 'last': 'سلطانی نژاد'}, 'location': {'street': {'number': 7552, 'name': 'میدان شمشیری'}, 'city': 'زنجان', 'state': 'آذربایجان غربی', 'country': 'Iran', 'postcode': 93941, 'coordinates': {'latitude': '13.3594', 'longitude': '107.5326'}, 'timezone': {'offset': '-1:00', 'description': 'Azores, Cape Verde Islands'}}, 'email': 'stysh.sltnynjd@example.com', 'login': {'uuid': '7566cb70-eff9-4c05-9db1-4d52acb4adb6', 'username': 'bigfish834', 'password': 'pink', 'salt': '77JYbut1', 'md5': '5efb612786f08d71d40b9ee10c83bdaa', 'sha1': '45a4787819ca1e26c25c6c36a48997aadc866d24', 'sha256': 'b4a738db732b18125a4da043447e9f7be101ade4ac8cc97397acb376b293857d'}, 'dob': {'date': '1962-10-24T19:05:36.603Z', 'age': 61}, 'registered': {'date': '2005-03-21T20:51:50.086Z', 'age': 19}, 'phone': '077-36874965', 'cell': '0915-990-7523', 'id': {'name': '', 'value': None}, 'picture': {'large': 'https://randomuser.me/api/portraits/women/64.jpg', 'medium': 'https://randomuser.me/api/portraits/med/women/64.jpg', 'thumbnail': 'https://randomuser.me/api/portraits/thumb/women/64.jpg'}, 'nat': 'IR'}], 'info': {'seed': '1a80581fa4d5af70', 'results': 1, 'page': 1, 'version': '1.4'}}</msg>
<arg>${json_data}</arg>
<doc>Logs the given message with the given level.</doc>
<status status="PASS" start="2024-07-10T16:19:01.597191" elapsed="0.000205"/>
</kw>
<kw name="Should Be String" owner="String">
<arg>${json_data['results'][0]['gender']}</arg>
<doc>Fails if the given ``item`` is not a string.</doc>
<status status="PASS" start="2024-07-10T16:19:01.597683" elapsed="0.000357"/>
</kw>
<kw name="Should Match Regexp" owner="BuiltIn">
<arg>${json_data['results'][0]['email']}</arg>
<arg>^[a-zA-Z0-9._%+-]+@[a-zA-Z0-9.-]+\.[a-zA-Z]{2,}$</arg>
<doc>Fails if ``string`` does not match ``pattern`` as a regular expression.</doc>
<status status="PASS" start="2024-07-10T16:19:01.598275" elapsed="0.000518"/>
</kw>
<kw name="Should Match Regexp" owner="BuiltIn">
<arg>${json_data['results'][0]['dob']['date']}</arg>
<arg>\\d{4}-\\d{2}-\\d{2}T\\d{2}:\\d{2}:\\d{2}\\.\\d{3}Z</arg>
<doc>Fails if ``string`` does not match ``pattern`` as a regular expression.</doc>
<status status="PASS" start="2024-07-10T16:19:01.598982" elapsed="0.000470"/>
</kw>
<kw name="Should Match Regexp" owner="BuiltIn">
<arg>${json_data['results'][0]['registered']['date']}</arg>
<arg>\\d{4}-\\d{2}-\\d{2}T\\d{2}:\\d{2}:\\d{2}\\.\\d{3}Z</arg>
<doc>Fails if ``string`` does not match ``pattern`` as a regular expression.</doc>
<status status="PASS" start="2024-07-10T16:19:01.599638" elapsed="0.000359"/>
</kw>
<kw name="Should Match Regexp" owner="BuiltIn">
<arg>${json_data['results'][0]['picture']['large']}</arg>
<arg>^https?://.*\.(?:png|jpe?g|gif|bmp)$</arg>
<doc>Fails if ``string`` does not match ``pattern`` as a regular expression.</doc>
<status status="PASS" start="2024-07-10T16:19:01.600176" elapsed="0.000495"/>
</kw>
<kw name="Should Match Regexp" owner="BuiltIn">
<arg>${json_data['results'][0]['picture']['medium']}</arg>
<arg>^https?://.*\.(?:png|jpe?g|gif|bmp)$</arg>
<doc>Fails if ``string`` does not match ``pattern`` as a regular expression.</doc>
<status status="PASS" start="2024-07-10T16:19:01.600859" elapsed="0.000349"/>
</kw>
<kw name="Should Match Regexp" owner="BuiltIn">
<arg>${json_data['results'][0]['picture']['thumbnail']}</arg>
<arg>^https?://.*\.(?:png|jpe?g|gif|bmp)$</arg>
<doc>Fails if ``string`` does not match ``pattern`` as a regular expression.</doc>
<status status="PASS" start="2024-07-10T16:19:01.601391" elapsed="0.000353"/>
</kw>
<kw name="Log" owner="BuiltIn">
<msg time="2024-07-10T16:19:01.602254" level="INFO">{'large': 'https://randomuser.me/api/portraits/women/64.jpg', 'medium': 'https://randomuser.me/api/portraits/med/women/64.jpg', 'thumbnail': 'https://randomuser.me/api/portraits/thumb/women/64.jpg'}</msg>
<arg>${json_data['results'][0]['picture']}</arg>
<doc>Logs the given message with the given level.</doc>
<status status="PASS" start="2024-07-10T16:19:01.601926" elapsed="0.000371"/>
</kw>
<status status="PASS" start="2024-07-10T16:19:01.551395" elapsed="0.051151"/>
</kw>
<kw name="Teste de Tipos de Dados - Postcode" owner="random-user-service">
<kw name="GET On Session" owner="RequestsLibrary">
<msg time="2024-07-10T16:19:01.709426" level="INFO">GET Request : url=https://randomuser.me/api 
 path_url=/api 
 headers={'User-Agent': 'python-requests/2.32.3', 'Accept-Encoding': 'gzip, deflate', 'Accept': '*/*', 'Connection': 'keep-alive'} 
 body=None 
 </msg>
<msg time="2024-07-10T16:19:01.709528" level="INFO">GET Response : url=https://randomuser.me/api 
 status=200, reason=OK 
 headers={'Date': 'Wed, 10 Jul 2024 16:19:01 GMT', 'Content-Type': 'application/json; charset=utf-8', 'Transfer-Encoding': 'chunked', 'Connection': 'keep-alive', 'X-Powered-By': 'Express', 'Access-Control-Allow-Origin': '*', 'Cache-Control': 'no-cache', 'ETag': 'W/"498-DnDHrwMLOpuMRgKXgRBq6h7Nc8g"', 'Vary': 'Accept-Encoding', 'Content-Encoding': 'gzip', 'CF-Cache-Status': 'DYNAMIC', 'Report-To': '{"endpoints":[{"url":"https:\\/\\/a.nel.cloudflare.com\\/report\\/v4?s=vderW09yuN3XL6BQG5X%2BGC%2FJb1Tpf2lE4ziiV%2FuVOpaau2AHtts5gYcSFFKQ3dGWu6OSrqEeb3x5RW%2FCfxF7O3maj5L2ZTzeUeKAVXDnlzbc2YFO3isNDIGOSAs7giCY"}],"group":"cf-nel","max_age":604800}', 'NEL': '{"success_fraction":0,"report_to":"cf-nel","max_age":604800}', 'Server': 'cloudflare', 'CF-RAY': '8a11df7f0d9438a3-IAD', 'alt-svc': 'h3=":443"; ma=86400'} 
 body={"results":[{"gender":"female","name":{"title":"Miss","first":"Blanca","last":"Meraz"},"location":{"street":{"number":5103,"name":"Callejón Zamora"},"city":"Santiago Niltepec","state":"Hidalgo","country":"Mexico","postcode":97141,"coordinates":{"latitude":"26.6972","longitude":"75.8912"},"timezone":{"offset":"-12:00","description":"Eniwetok, Kwajalein"}},"email":"blanca.meraz@example.com","login":{"uuid":"282084c6-faa6-42ae-af75-c5733142679f","username":"greenrabbit420","password":"jasmine","salt":"NPAiO6k8","md5":"4fcf83e02d44a24a0e75545aa09c3228","sha1":"d89e811561f1e049c78a634cbc7adad46c4aaf27","sha256":"995d61bc3375063af9d3a70aeddbd865126768ab03343cb342984d138391901b"},"dob":{"date":"1972-04-27T00:57:21.595Z","age":52},"registered":{"date":"2006-05-27T22:26:59.197Z","age":18},"phone":"(612) 144 6937","cell":"(626) 937 5254","id":{"name":"NSS","value":"76 20 84 1355 5"},"picture":{"large":"https://randomuser.me/api/portraits/women/23.jpg","medium":"https://randomuser.me/api/portraits/med/women/23.jpg","thumbnail":"https://randomuser.me/api/portraits/thumb/women/23.jpg"},"nat":"MX"}],"info":{"seed":"dfd5cf6d3e4f6514","results":1,"page":1,"version":"1.4"}} 
 </msg>
<msg time="2024-07-10T16:19:01.709615" level="INFO">/opt/hostedtoolcache/Python/3.12.4/x64/lib/python3.12/site-packages/urllib3/connectionpool.py:1099: InsecureRequestWarning: Unverified HTTPS request is being made to host 'randomuser.me'. Adding certificate verification is strongly advised. See: https://urllib3.readthedocs.io/en/latest/advanced-usage.html#tls-warnings
  warnings.warn(</msg>
<msg time="2024-07-10T16:19:01.709756" level="INFO">${response} = &lt;Response [200]&gt;</msg>
<var>${response}</var>
<arg>consultarAPI</arg>
<arg>/api</arg>
<doc>Sends a GET request on a previously created HTTP Session.</doc>
<status status="PASS" start="2024-07-10T16:19:01.602974" elapsed="0.106831"/>
</kw>
<kw name="Set Variable" owner="BuiltIn">
<msg time="2024-07-10T16:19:01.710807" level="INFO">${json_data} = {'results': [{'gender': 'female', 'name': {'title': 'Miss', 'first': 'Blanca', 'last': 'Meraz'}, 'location': {'street': {'number': 5103, 'name': 'Callejón Zamora'}, 'city': 'Santiago Niltepec', 'state...</msg>
<var>${json_data}</var>
<arg>${response.json()}</arg>
<doc>Returns the given values which can then be assigned to a variables.</doc>
<status status="PASS" start="2024-07-10T16:19:01.710301" elapsed="0.000538"/>
</kw>
<kw name="Log" owner="BuiltIn">
<msg time="2024-07-10T16:19:01.711312" level="INFO">{'results': [{'gender': 'female', 'name': {'title': 'Miss', 'first': 'Blanca', 'last': 'Meraz'}, 'location': {'street': {'number': 5103, 'name': 'Callejón Zamora'}, 'city': 'Santiago Niltepec', 'state': 'Hidalgo', 'country': 'Mexico', 'postcode': 97141, 'coordinates': {'latitude': '26.6972', 'longitude': '75.8912'}, 'timezone': {'offset': '-12:00', 'description': 'Eniwetok, Kwajalein'}}, 'email': 'blanca.meraz@example.com', 'login': {'uuid': '282084c6-faa6-42ae-af75-c5733142679f', 'username': 'greenrabbit420', 'password': 'jasmine', 'salt': 'NPAiO6k8', 'md5': '4fcf83e02d44a24a0e75545aa09c3228', 'sha1': 'd89e811561f1e049c78a634cbc7adad46c4aaf27', 'sha256': '995d61bc3375063af9d3a70aeddbd865126768ab03343cb342984d138391901b'}, 'dob': {'date': '1972-04-27T00:57:21.595Z', 'age': 52}, 'registered': {'date': '2006-05-27T22:26:59.197Z', 'age': 18}, 'phone': '(612) 144 6937', 'cell': '(626) 937 5254', 'id': {'name': 'NSS', 'value': '76 20 84 1355 5'}, 'picture': {'large': 'https://randomuser.me/api/portraits/women/23.jpg', 'medium': 'https://randomuser.me/api/portraits/med/women/23.jpg', 'thumbnail': 'https://randomuser.me/api/portraits/thumb/women/23.jpg'}, 'nat': 'MX'}], 'info': {'seed': 'dfd5cf6d3e4f6514', 'results': 1, 'page': 1, 'version': '1.4'}}</msg>
<arg>${json_data}</arg>
<doc>Logs the given message with the given level.</doc>
<status status="PASS" start="2024-07-10T16:19:01.711148" elapsed="0.000225"/>
</kw>
<kw name="Should Be Equal As Numbers" owner="BuiltIn">
<arg>${json_data['results'][0]['location']['postcode']}</arg>
<arg>${json_data['results'][0]['location']['postcode']}</arg>
<doc>Fails if objects are unequal after converting them to real numbers.</doc>
<status status="PASS" start="2024-07-10T16:19:01.711669" elapsed="0.000678"/>
</kw>
<kw name="Log" owner="BuiltIn">
<msg time="2024-07-10T16:19:01.713082" level="INFO">97141</msg>
<arg>${json_data['results'][0]['location']['postcode']}</arg>
<doc>Logs the given message with the given level.</doc>
<status status="PASS" start="2024-07-10T16:19:01.712574" elapsed="0.000550"/>
</kw>
<status status="PASS" start="2024-07-10T16:19:01.602757" elapsed="0.110638"/>
</kw>
<doc>Testa se os tipos de dados na resposta da API estão corretos.</doc>
<tag>testeTiposDados</tag>
<status status="PASS" start="2024-07-10T16:19:01.550939" elapsed="0.162623"/>
</test>
<test id="s1-s1-t5" name="Validar conteudo" line="35">
<kw name="Teste de Tipos de Conteudo" owner="random-user-service">
<kw name="GET On Session" owner="RequestsLibrary">
<msg time="2024-07-10T16:19:01.823394" level="INFO">GET Request : url=https://randomuser.me/api 
 path_url=/api 
 headers={'User-Agent': 'python-requests/2.32.3', 'Accept-Encoding': 'gzip, deflate', 'Accept': '*/*', 'Connection': 'keep-alive'} 
 body=None 
 </msg>
<msg time="2024-07-10T16:19:01.823492" level="INFO">GET Response : url=https://randomuser.me/api 
 status=200, reason=OK 
 headers={'Date': 'Wed, 10 Jul 2024 16:19:01 GMT', 'Content-Type': 'application/json; charset=utf-8', 'Transfer-Encoding': 'chunked', 'Connection': 'keep-alive', 'X-Powered-By': 'Express', 'Access-Control-Allow-Origin': '*', 'Cache-Control': 'no-cache', 'ETag': 'W/"4ad-OAxFJ/HnNLQRWegQDMLu17wjFFA"', 'Vary': 'Accept-Encoding', 'Content-Encoding': 'gzip', 'CF-Cache-Status': 'DYNAMIC', 'Report-To': '{"endpoints":[{"url":"https:\\/\\/a.nel.cloudflare.com\\/report\\/v4?s=by141P1nKWoGSm%2BZtrvLRsntihFdgAlmzggzrO8uNalhU5Y3S21A%2Ff0kXjAmwa0HEJxn2jCGabktp7Ql%2FlEDZXFbDgENCCkfTVzqRXr69z8ddheWry1Wc2rDnL7nVw9u"}],"group":"cf-nel","max_age":604800}', 'NEL': '{"success_fraction":0,"report_to":"cf-nel","max_age":604800}', 'Server': 'cloudflare', 'CF-RAY': '8a11df7fce7138a3-IAD', 'alt-svc': 'h3=":443"; ma=86400'} 
 body={"results":[{"gender":"male","name":{"title":"Mr","first":"Javier","last":"Prieto"},"location":{"street":{"number":7893,"name":"Avenida Baja California Sur"},"city":"Lomas del Real","state":"Tamaulipas","country":"Mexico","postcode":69616,"coordinates":{"latitude":"28.5005","longitude":"-75.8784"},"timezone":{"offset":"+10:00","description":"Eastern Australia, Guam, Vladivostok"}},"email":"javier.prieto@example.com","login":{"uuid":"7bfc17da-48de-4408-9b07-e58e77ed2a51","username":"angrykoala898","password":"porsche1","salt":"qH26rdIZ","md5":"803dd0704c65c1eaab588d872bcc2a94","sha1":"0e6875a29a9da44566bb61ecbe4a831f15717aad","sha256":"4fdd240099fc5803bdb366f895a8530d70cc8fa91989e4b50be66ebf6358d9f1"},"dob":{"date":"1964-06-07T17:00:44.974Z","age":60},"registered":{"date":"2012-12-25T15:14:28.915Z","age":11},"phone":"(644) 881 6300","cell":"(605) 267 9470","id":{"name":"NSS","value":"19 86 06 4229 4"},"picture":{"large":"https://randomuser.me/api/portraits/men/91.jpg","medium":"https://randomuser.me/api/portraits/med/men/91.jpg","thumbnail":"https://randomuser.me/api/portraits/thumb/men/91.jpg"},"nat":"MX"}],"info":{"seed":"8f49e0a6fd1974b0","results":1,"page":1,"version":"1.4"}} 
 </msg>
<msg time="2024-07-10T16:19:01.823564" level="INFO">/opt/hostedtoolcache/Python/3.12.4/x64/lib/python3.12/site-packages/urllib3/connectionpool.py:1099: InsecureRequestWarning: Unverified HTTPS request is being made to host 'randomuser.me'. Adding certificate verification is strongly advised. See: https://urllib3.readthedocs.io/en/latest/advanced-usage.html#tls-warnings
  warnings.warn(</msg>
<msg time="2024-07-10T16:19:01.823684" level="INFO">${response} = &lt;Response [200]&gt;</msg>
<var>${response}</var>
<arg>consultarAPI</arg>
<arg>/api</arg>
<doc>Sends a GET request on a previously created HTTP Session.</doc>
<status status="PASS" start="2024-07-10T16:19:01.716445" elapsed="0.107273"/>
</kw>
<kw name="Set Variable" owner="BuiltIn">
<msg time="2024-07-10T16:19:01.824856" level="INFO">${json_data} = {'results': [{'gender': 'male', 'name': {'title': 'Mr', 'first': 'Javier', 'last': 'Prieto'}, 'location': {'street': {'number': 7893, 'name': 'Avenida Baja California Sur'}, 'city': 'Lomas del Real', ...</msg>
<var>${json_data}</var>
<arg>${response.json()}</arg>
<doc>Returns the given values which can then be assigned to a variables.</doc>
<status status="PASS" start="2024-07-10T16:19:01.824316" elapsed="0.000572"/>
</kw>
<kw name="Set Variable" owner="BuiltIn">
<msg time="2024-07-10T16:19:01.825604" level="INFO">${name_title} = Mr</msg>
<var>${name_title}</var>
<arg>${json_data["results"][0]["name"]["title"]}</arg>
<doc>Returns the given values which can then be assigned to a variables.</doc>
<status status="PASS" start="2024-07-10T16:19:01.825208" elapsed="0.000422"/>
</kw>
<kw name="Create List" owner="BuiltIn">
<msg time="2024-07-10T16:19:01.826081" level="INFO">${allowed_titles} = ['Mr', 'Ms', 'Miss', 'Mrs', 'Madame', 'Monsieur']</msg>
<var>${allowed_titles}</var>
<arg>Mr</arg>
<arg>Ms</arg>
<arg>Miss</arg>
<arg>Mrs</arg>
<arg>Madame</arg>
<arg>Monsieur</arg>
<doc>Returns a list containing given items.</doc>
<status status="PASS" start="2024-07-10T16:19:01.825929" elapsed="0.000177"/>
</kw>
<kw name="List Should Contain Value" owner="Collections">
<arg>${allowed_titles}</arg>
<arg>${name_title}</arg>
<doc>Fails if the ``value`` is not found from ``list``.</doc>
<status status="PASS" start="2024-07-10T16:19:01.826412" elapsed="0.000179"/>
</kw>
<kw name="Set Variable" owner="BuiltIn">
<msg time="2024-07-10T16:19:01.827144" level="INFO">${name_country} = MX</msg>
<var>${name_country}</var>
<arg>${json_data["results"][0]["nat"]}</arg>
<doc>Returns the given values which can then be assigned to a variables.</doc>
<status status="PASS" start="2024-07-10T16:19:01.826773" elapsed="0.000397"/>
</kw>
<kw name="Create List" owner="BuiltIn">
<msg time="2024-07-10T16:19:01.828108" level="INFO">${list_country} = ['AD', 'AE', 'AF', 'AG', 'AI', 'AL', 'AM', 'AO', 'AQ', 'AR', 'AS', 'AT', 'AU', 'AW', 'AX', 'AZ', 'BA', 'BB', 'BD', 'BE', 'BF', 'BG', 'BH', 'BI', 'BJ', 'BL', 'BM', 'BN', 'BO', 'BQ', 'BR', 'BS', 'BT', '...</msg>
<var>${list_country}</var>
<arg>AD</arg>
<arg>AE</arg>
<arg>AF</arg>
<arg>AG</arg>
<arg>AI</arg>
<arg>AL</arg>
<arg>AM</arg>
<arg>AO</arg>
<arg>AQ</arg>
<arg>AR</arg>
<arg>AS</arg>
<arg>AT</arg>
<arg>AU</arg>
<arg>AW</arg>
<arg>AX</arg>
<arg>AZ</arg>
<arg>BA</arg>
<arg>BB</arg>
<arg>BD</arg>
<arg>BE</arg>
<arg>BF</arg>
<arg>BG</arg>
<arg>BH</arg>
<arg>BI</arg>
<arg>BJ</arg>
<arg>BL</arg>
<arg>BM</arg>
<arg>BN</arg>
<arg>BO</arg>
<arg>BQ</arg>
<arg>BR</arg>
<arg>BS</arg>
<arg>BT</arg>
<arg>BV</arg>
<arg>BW</arg>
<arg>BY</arg>
<arg>BZ</arg>
<arg>CA</arg>
<arg>CC</arg>
<arg>CD</arg>
<arg>CF</arg>
<arg>CG</arg>
<arg>CH</arg>
<arg>CI</arg>
<arg>CK</arg>
<arg>CL</arg>
<arg>CM</arg>
<arg>CN</arg>
<arg>CO</arg>
<arg>CR</arg>
<arg>CU</arg>
<arg>CV</arg>
<arg>CW</arg>
<arg>CX</arg>
<arg>CY</arg>
<arg>CZ</arg>
<arg>DE</arg>
<arg>DJ</arg>
<arg>DK</arg>
<arg>DM</arg>
<arg>DO</arg>
<arg>DZ</arg>
<arg>EC</arg>
<arg>EE</arg>
<arg>EG</arg>
<arg>EH</arg>
<arg>ER</arg>
<arg>ES</arg>
<arg>ET</arg>
<arg>FI</arg>
<arg>FJ</arg>
<arg>FK</arg>
<arg>FM</arg>
<arg>FO</arg>
<arg>FR</arg>
<arg>GA</arg>
<arg>GB</arg>
<arg>GD</arg>
<arg>GE</arg>
<arg>GF</arg>
<arg>GG</arg>
<arg>GH</arg>
<arg>GI</arg>
<arg>GL</arg>
<arg>GM</arg>
<arg>GN</arg>
<arg>GP</arg>
<arg>GQ</arg>
<arg>GR</arg>
<arg>GS</arg>
<arg>GT</arg>
<arg>GU</arg>
<arg>GW</arg>
<arg>GY</arg>
<arg>HK</arg>
<arg>HM</arg>
<arg>HN</arg>
<arg>HR</arg>
<arg>HT</arg>
<arg>HU</arg>
<arg>ID</arg>
<arg>IE</arg>
<arg>IL</arg>
<arg>IM</arg>
<arg>IN</arg>
<arg>IO</arg>
<arg>IQ</arg>
<arg>IR</arg>
<arg>IS</arg>
<arg>IT</arg>
<arg>JE</arg>
<arg>JM</arg>
<arg>JO</arg>
<arg>JP</arg>
<arg>KE</arg>
<arg>KG</arg>
<arg>KH</arg>
<arg>KI</arg>
<arg>KM</arg>
<arg>KN</arg>
<arg>KP</arg>
<arg>KR</arg>
<arg>KW</arg>
<arg>KY</arg>
<arg>KZ</arg>
<arg>LA</arg>
<arg>LB</arg>
<arg>LC</arg>
<arg>LI</arg>
<arg>LK</arg>
<arg>LR</arg>
<arg>LS</arg>
<arg>LT</arg>
<arg>LU</arg>
<arg>LV</arg>
<arg>LY</arg>
<arg>MA</arg>
<arg>MC</arg>
<arg>MD</arg>
<arg>ME</arg>
<arg>MF</arg>
<arg>MG</arg>
<arg>MH</arg>
<arg>MK</arg>
<arg>ML</arg>
<arg>MM</arg>
<arg>MN</arg>
<arg>MO</arg>
<arg>MP</arg>
<arg>MQ</arg>
<arg>MR</arg>
<arg>MS</arg>
<arg>MT</arg>
<arg>MU</arg>
<arg>MV</arg>
<arg>MW</arg>
<arg>MX</arg>
<arg>MY</arg>
<arg>MZ</arg>
<arg>NA</arg>
<arg>NC</arg>
<arg>NE</arg>
<arg>NF</arg>
<arg>NG</arg>
<arg>NI</arg>
<arg>NL</arg>
<arg>NO</arg>
<arg>NP</arg>
<arg>NR</arg>
<arg>NU</arg>
<arg>NZ</arg>
<arg>OM</arg>
<arg>PA</arg>
<arg>PE</arg>
<arg>PF</arg>
<arg>PG</arg>
<arg>PH</arg>
<arg>PK</arg>
<arg>PL</arg>
<arg>PM</arg>
<arg>PN</arg>
<arg>PR</arg>
<arg>PS</arg>
<arg>PT</arg>
<arg>PW</arg>
<arg>PY</arg>
<arg>QA</arg>
<arg>RE</arg>
<arg>RO</arg>
<arg>RS</arg>
<arg>RU</arg>
<arg>RW</arg>
<arg>SA</arg>
<arg>SB</arg>
<arg>SC</arg>
<arg>SD</arg>
<arg>SE</arg>
<arg>SG</arg>
<arg>SH</arg>
<arg>SI</arg>
<arg>SJ</arg>
<arg>SK</arg>
<arg>SL</arg>
<arg>SM</arg>
<arg>SN</arg>
<arg>SO</arg>
<arg>SR</arg>
<arg>SS</arg>
<arg>ST</arg>
<arg>SV</arg>
<arg>SX</arg>
<arg>SY</arg>
<arg>SZ</arg>
<arg>TC</arg>
<arg>TD</arg>
<arg>TF</arg>
<arg>TG</arg>
<arg>TH</arg>
<arg>TJ</arg>
<arg>TK</arg>
<arg>TL</arg>
<arg>TM</arg>
<arg>TN</arg>
<arg>TO</arg>
<arg>TR</arg>
<arg>TT</arg>
<arg>TV</arg>
<arg>TW</arg>
<arg>TZ</arg>
<arg>UA</arg>
<arg>UG</arg>
<arg>UM</arg>
<arg>US</arg>
<arg>UY</arg>
<arg>UZ</arg>
<arg>VA</arg>
<arg>VC</arg>
<arg>VE</arg>
<arg>VG</arg>
<arg>VI</arg>
<arg>VN</arg>
<arg>VU</arg>
<arg>WF</arg>
<arg>WS</arg>
<arg>XK</arg>
<arg>YE</arg>
<arg>YT</arg>
<arg>ZA</arg>
<arg>ZM</arg>
<arg>ZW</arg>
<doc>Returns a list containing given items.</doc>
<status status="PASS" start="2024-07-10T16:19:01.827475" elapsed="0.000660"/>
</kw>
<kw name="List Should Contain Value" owner="Collections">
<arg>${list_country}</arg>
<arg>${name_country}</arg>
<doc>Fails if the ``value`` is not found from ``list``.</doc>
<status status="PASS" start="2024-07-10T16:19:01.828959" elapsed="0.000206"/>
</kw>
<kw name="Run Keyword If" owner="BuiltIn">
<kw name="Should Be True" owner="BuiltIn">
<arg>${True}</arg>
<doc>Fails if the given condition is not true.</doc>
<status status="PASS" start="2024-07-10T16:19:01.830114" elapsed="0.000143"/>
</kw>
<arg>${json_data["results"][0]["location"]["coordinates"]["latitude"]} &gt;= -90 and ${json_data["results"][0]["location"]["coordinates"]["latitude"]} &lt;= 90</arg>
<arg>Should Be True</arg>
<arg>${True}</arg>
<doc>Runs the given keyword with the given arguments, if ``condition`` is true.</doc>
<status status="PASS" start="2024-07-10T16:19:01.829365" elapsed="0.001019"/>
</kw>
<kw name="Run Keyword If" owner="BuiltIn">
<kw name="Should Be True" owner="BuiltIn">
<arg>${True}</arg>
<doc>Fails if the given condition is not true.</doc>
<status status="PASS" start="2024-07-10T16:19:01.831291" elapsed="0.000244"/>
</kw>
<arg>${json_data["results"][0]["location"]["coordinates"]["longitude"]} &gt;= -180 and ${json_data["results"][0]["location"]["coordinates"]["longitude"]} &lt;= 180</arg>
<arg>Should Be True</arg>
<arg>${True}</arg>
<doc>Runs the given keyword with the given arguments, if ``condition`` is true.</doc>
<status status="PASS" start="2024-07-10T16:19:01.830569" elapsed="0.001096"/>
</kw>
<status status="PASS" start="2024-07-10T16:19:01.716033" elapsed="0.115768"/>
</kw>
<doc>Testa o conteúdo específico dos campos retornados pela API.</doc>
<tag>testeConteudo</tag>
<status status="PASS" start="2024-07-10T16:19:01.715348" elapsed="0.116614"/>
</test>
<status status="PASS" start="2024-07-10T16:19:00.866844" elapsed="0.967167"/>
</suite>
<status status="PASS" start="2024-07-10T16:19:00.852525" elapsed="0.986536"/>
</suite>
<statistics>
<total>
<stat pass="5" fail="0" skip="0">All Tests</stat>
</total>
<tag>
<stat pass="1" fail="0" skip="0">testeConteudo</stat>
<stat pass="1" fail="0" skip="0">testeEstruturaResposta</stat>
<stat pass="1" fail="0" skip="0">testeRequisicaoBasica</stat>
<stat pass="1" fail="0" skip="0">testeTiposDados</stat>
</tag>
<suite>
<stat pass="5" fail="0" skip="0" id="s1" name="Tests">Tests</stat>
<stat pass="5" fail="0" skip="0" id="s1-s1" name="Random-User-Test">Tests.Random-User-Test</stat>
</suite>
</statistics>
<errors>
</errors>
</robot>
