<?xml version="1.0" encoding="UTF-8"?>
<robot generator="Robot 7.0 (Python 3.12.3 on linux)" generated="2024-05-25T23:13:50.237036" rpa="false" schemaversion="5">
<suite id="s1" name="Tests" source="/home/runner/work/ApiRandomUser/ApiRandomUser/RamdonUser/tests">
<suite id="s1-s1" name="Random-User-Test" source="/home/runner/work/ApiRandomUser/ApiRandomUser/RamdonUser/tests/random-user-test.robot">
<test id="s1-s1-t1" name="Conectar" line="13">
<kw name="Conectar API" owner="random-user-service">
<kw name="Create Session" owner="RequestsLibrary">
<msg time="2024-05-25T23:13:50.658865" level="INFO">Creating Session using : alias=consultarAPI, url=https://randomuser.me/, headers={},                     cookies={}, auth=None, timeout=None, proxies=None, verify=False,                     debug=0 </msg>
<arg>consultarAPI</arg>
<arg>${URL}</arg>
<doc>Create Session: create a HTTP session to a server</doc>
<status status="PASS" start="2024-05-25T23:13:50.658623" elapsed="0.000462"/>
</kw>
<status status="PASS" start="2024-05-25T23:13:50.657521" elapsed="0.001990"/>
</kw>
<status status="PASS" start="2024-05-25T23:13:50.656766" elapsed="0.002953"/>
</test>
<test id="s1-s1-t2" name="Validar retorno 200 e JSON Válido" line="16">
<kw name="Teste de Requisicao Basica" owner="random-user-service">
<kw name="GET On Session" owner="RequestsLibrary">
<msg time="2024-05-25T23:13:50.930583" level="INFO">GET Request : url=https://randomuser.me/api 
 path_url=/api 
 headers={'User-Agent': 'python-requests/2.32.2', 'Accept-Encoding': 'gzip, deflate', 'Accept': '*/*', 'Connection': 'keep-alive'} 
 body=None 
 </msg>
<msg time="2024-05-25T23:13:50.930760" level="INFO">GET Response : url=https://randomuser.me/api 
 status=200, reason=OK 
 headers={'Date': 'Sat, 25 May 2024 23:13:50 GMT', 'Content-Type': 'application/json; charset=utf-8', 'Transfer-Encoding': 'chunked', 'Connection': 'keep-alive', 'X-Powered-By': 'Express', 'Access-Control-Allow-Origin': '*', 'Cache-Control': 'no-cache', 'ETag': 'W/"48c-/lKh0iSGC0M2xhzNXPG2U0yXwD0"', 'Vary': 'Accept-Encoding', 'Content-Encoding': 'gzip', 'CF-Cache-Status': 'DYNAMIC', 'Report-To': '{"endpoints":[{"url":"https:\\/\\/a.nel.cloudflare.com\\/report\\/v4?s=5mGcN4yBpN4HhkoYT1a14jQggpQZTc1SjZYvasMzodhHqwRKsXcpvznmsGe17zaATMAtyun0%2B3h1Npva5BlRwaAzrSuBFhIPfYoIR60MFPpUTKMt15adURh%2B4vIu8z8t"}],"group":"cf-nel","max_age":604800}', 'NEL': '{"success_fraction":0,"report_to":"cf-nel","max_age":604800}', 'Server': 'cloudflare', 'CF-RAY': '889937e4ce662320-SJC', 'alt-svc': 'h3=":443"; ma=86400'} 
 body={"results":[{"gender":"male","name":{"title":"Mr","first":"Gustavo","last":"Haro"},"location":{"street":{"number":8219,"name":"Calle Tlaxcala"},"city":"Ochomitas","state":"San Luis Potosí","country":"Mexico","postcode":50023,"coordinates":{"latitude":"26.1287","longitude":"-14.1566"},"timezone":{"offset":"+9:30","description":"Adelaide, Darwin"}},"email":"gustavo.haro@example.com","login":{"uuid":"66ed38b7-3529-4ea2-b497-819e40a29a01","username":"organicladybug590","password":"dabomb","salt":"ovjK4Nko","md5":"4a961197b6ef370894f8662692b97f83","sha1":"22aeb5b21bc33456b905262f8f93bb4ebd2c1a5d","sha256":"2ece1730208760841c876e2fc1baa8b38883b7902c0c89299b9f379f6c905d63"},"dob":{"date":"1951-03-20T04:37:45.419Z","age":73},"registered":{"date":"2013-08-30T21:22:48.127Z","age":10},"phone":"(630) 615 6001","cell":"(678) 643 6210","id":{"name":"NSS","value":"66 41 53 3371 8"},"picture":{"large":"https://randomuser.me/api/portraits/men/91.jpg","medium":"https://randomuser.me/api/portraits/med/men/91.jpg","thumbnail":"https://randomuser.me/api/portraits/thumb/men/91.jpg"},"nat":"MX"}],"info":{"seed":"9a31a0b091dae747","results":1,"page":1,"version":"1.4"}} 
 </msg>
<msg time="2024-05-25T23:13:50.930853" level="INFO">/opt/hostedtoolcache/Python/3.12.3/x64/lib/python3.12/site-packages/urllib3/connectionpool.py:1103: InsecureRequestWarning: Unverified HTTPS request is being made to host 'randomuser.me'. Adding certificate verification is strongly advised. See: https://urllib3.readthedocs.io/en/latest/advanced-usage.html#tls-warnings
  warnings.warn(</msg>
<msg time="2024-05-25T23:13:50.931002" level="INFO">${response} = &lt;Response [200]&gt;</msg>
<var>${response}</var>
<arg>consultarAPI</arg>
<arg>/api</arg>
<doc>Sends a GET request on a previously created HTTP Session.</doc>
<status status="PASS" start="2024-05-25T23:13:50.662593" elapsed="0.268454"/>
</kw>
<kw name="Should Be Equal As Numbers" owner="BuiltIn">
<msg time="2024-05-25T23:13:50.932226" level="INFO">Argument types are:
&lt;class 'int'&gt;
&lt;class 'str'&gt;</msg>
<arg>${response.status_code}</arg>
<arg>200</arg>
<doc>Fails if objects are unequal after converting them to real numbers.</doc>
<status status="PASS" start="2024-05-25T23:13:50.931656" elapsed="0.000666"/>
</kw>
<kw name="Log" owner="BuiltIn">
<msg time="2024-05-25T23:13:50.933332" level="INFO">200</msg>
<arg>${response.status_code}</arg>
<doc>Logs the given message with the given level.</doc>
<status status="PASS" start="2024-05-25T23:13:50.932813" elapsed="0.000575"/>
</kw>
<kw name="Set Variable" owner="BuiltIn">
<msg time="2024-05-25T23:13:50.934281" level="INFO">${json_data} = {'results': [{'gender': 'male', 'name': {'title': 'Mr', 'first': 'Gustavo', 'last': 'Haro'}, 'location': {'street': {'number': 8219, 'name': 'Calle Tlaxcala'}, 'city': 'Ochomitas', 'state': 'San Luis ...</msg>
<var>${json_data}</var>
<arg>${response.json()}</arg>
<doc>Returns the given values which can then be assigned to a variables.</doc>
<status status="PASS" start="2024-05-25T23:13:50.933758" elapsed="0.000554"/>
</kw>
<kw name="Dictionary Should Contain Key" owner="Collections">
<msg time="2024-05-25T23:13:50.934849" level="INFO">False</msg>
<arg>${json_data}</arg>
<arg>results</arg>
<doc>Fails if ``key`` is not found from ``dictionary``.</doc>
<status status="PASS" start="2024-05-25T23:13:50.934658" elapsed="0.000254"/>
</kw>
<status status="PASS" start="2024-05-25T23:13:50.662302" elapsed="0.272918"/>
</kw>
<doc>Testa se a API responde corretamente e retorna um objeto JSON válido.</doc>
<tag>testeRequisicaoBasica</tag>
<status status="PASS" start="2024-05-25T23:13:50.661706" elapsed="0.273707"/>
</test>
<test id="s1-s1-t3" name="Validar estrutura de resposta" line="22">
<kw name="Teste de Estrutura de Resposta" owner="random-user-service">
<kw name="GET On Session" owner="RequestsLibrary">
<msg time="2024-05-25T23:13:51.024973" level="INFO">GET Request : url=https://randomuser.me/api 
 path_url=/api 
 headers={'User-Agent': 'python-requests/2.32.2', 'Accept-Encoding': 'gzip, deflate', 'Accept': '*/*', 'Connection': 'keep-alive'} 
 body=None 
 </msg>
<msg time="2024-05-25T23:13:51.025090" level="INFO">GET Response : url=https://randomuser.me/api 
 status=200, reason=OK 
 headers={'Date': 'Sat, 25 May 2024 23:13:51 GMT', 'Content-Type': 'application/json; charset=utf-8', 'Transfer-Encoding': 'chunked', 'Connection': 'keep-alive', 'X-Powered-By': 'Express', 'Access-Control-Allow-Origin': '*', 'Cache-Control': 'no-cache', 'ETag': 'W/"48f-ayzgLByeW00Nl7QGviEWazQE/mM"', 'Vary': 'Accept-Encoding', 'Content-Encoding': 'gzip', 'CF-Cache-Status': 'DYNAMIC', 'Report-To': '{"endpoints":[{"url":"https:\\/\\/a.nel.cloudflare.com\\/report\\/v4?s=ix2zT9jDjLN%2FYxoAJ2Fa2J%2BohnUk98UsEcwfac%2FcKt6hWlS6yY3jHYA7SW9TOx%2BHqvpyN2VzI4KPZaqs6HOrGvTPx05oqKfw1sHPOqgZcrx75IRm%2FZ6l7yxYC321rOJ1"}],"group":"cf-nel","max_age":604800}', 'NEL': '{"success_fraction":0,"report_to":"cf-nel","max_age":604800}', 'Server': 'cloudflare', 'CF-RAY': '889937e56f0f2320-SJC', 'alt-svc': 'h3=":443"; ma=86400'} 
 body={"results":[{"gender":"female","name":{"title":"Miss","first":"Rosa","last":"Mortensen"},"location":{"street":{"number":5280,"name":"Højlundsvej"},"city":"Rødvig Stevns","state":"Syddanmark","country":"Denmark","postcode":82963,"coordinates":{"latitude":"-43.9756","longitude":"18.1295"},"timezone":{"offset":"-8:00","description":"Pacific Time (US &amp; Canada)"}},"email":"rosa.mortensen@example.com","login":{"uuid":"c83285be-c33a-4fdd-8642-ca189757e4ed","username":"blackrabbit718","password":"dadada","salt":"mnN9YYtx","md5":"691866c8daaff79e8f8e482cf2ee0218","sha1":"f9fc73a892a391ae12aed1e39435b965b3e75345","sha256":"cb7a97eafa2afda22c46f08ea26ae76ce4d23b43ec2bc5056df78646b713b368"},"dob":{"date":"1949-03-11T18:00:23.386Z","age":75},"registered":{"date":"2012-12-23T11:14:14.685Z","age":11},"phone":"43482989","cell":"12614338","id":{"name":"CPR","value":"110349-1152"},"picture":{"large":"https://randomuser.me/api/portraits/women/57.jpg","medium":"https://randomuser.me/api/portraits/med/women/57.jpg","thumbnail":"https://randomuser.me/api/portraits/thumb/women/57.jpg"},"nat":"DK"}],"info":{"seed":"51b40d1dbac56878","results":1,"page":1,"version":"1.4"}} 
 </msg>
<msg time="2024-05-25T23:13:51.025281" level="INFO">/opt/hostedtoolcache/Python/3.12.3/x64/lib/python3.12/site-packages/urllib3/connectionpool.py:1103: InsecureRequestWarning: Unverified HTTPS request is being made to host 'randomuser.me'. Adding certificate verification is strongly advised. See: https://urllib3.readthedocs.io/en/latest/advanced-usage.html#tls-warnings
  warnings.warn(</msg>
<msg time="2024-05-25T23:13:51.025411" level="INFO">${response} = &lt;Response [200]&gt;</msg>
<var>${response}</var>
<arg>consultarAPI</arg>
<arg>/api</arg>
<doc>Sends a GET request on a previously created HTTP Session.</doc>
<status status="PASS" start="2024-05-25T23:13:50.938169" elapsed="0.087269"/>
</kw>
<kw name="Set Variable" owner="BuiltIn">
<msg time="2024-05-25T23:13:51.026591" level="INFO">${json_data} = {'results': [{'gender': 'female', 'name': {'title': 'Miss', 'first': 'Rosa', 'last': 'Mortensen'}, 'location': {'street': {'number': 5280, 'name': 'Højlundsvej'}, 'city': 'Rødvig Stevns', 'state': 'Sy...</msg>
<var>${json_data}</var>
<arg>${response.json()}</arg>
<doc>Returns the given values which can then be assigned to a variables.</doc>
<status status="PASS" start="2024-05-25T23:13:51.026043" elapsed="0.000578"/>
</kw>
<kw name="Log" owner="BuiltIn">
<msg time="2024-05-25T23:13:51.027123" level="INFO">{'results': [{'gender': 'female', 'name': {'title': 'Miss', 'first': 'Rosa', 'last': 'Mortensen'}, 'location': {'street': {'number': 5280, 'name': 'Højlundsvej'}, 'city': 'Rødvig Stevns', 'state': 'Syddanmark', 'country': 'Denmark', 'postcode': 82963, 'coordinates': {'latitude': '-43.9756', 'longitude': '18.1295'}, 'timezone': {'offset': '-8:00', 'description': 'Pacific Time (US &amp; Canada)'}}, 'email': 'rosa.mortensen@example.com', 'login': {'uuid': 'c83285be-c33a-4fdd-8642-ca189757e4ed', 'username': 'blackrabbit718', 'password': 'dadada', 'salt': 'mnN9YYtx', 'md5': '691866c8daaff79e8f8e482cf2ee0218', 'sha1': 'f9fc73a892a391ae12aed1e39435b965b3e75345', 'sha256': 'cb7a97eafa2afda22c46f08ea26ae76ce4d23b43ec2bc5056df78646b713b368'}, 'dob': {'date': '1949-03-11T18:00:23.386Z', 'age': 75}, 'registered': {'date': '2012-12-23T11:14:14.685Z', 'age': 11}, 'phone': '43482989', 'cell': '12614338', 'id': {'name': 'CPR', 'value': '110349-1152'}, 'picture': {'large': 'https://randomuser.me/api/portraits/women/57.jpg', 'medium': 'https://randomuser.me/api/portraits/med/women/57.jpg', 'thumbnail': 'https://randomuser.me/api/portraits/thumb/women/57.jpg'}, 'nat': 'DK'}], 'info': {'seed': '51b40d1dbac56878', 'results': 1, 'page': 1, 'version': '1.4'}}</msg>
<arg>${json_data}</arg>
<doc>Logs the given message with the given level.</doc>
<status status="PASS" start="2024-05-25T23:13:51.026957" elapsed="0.000222"/>
</kw>
<kw name="Dictionary Should Contain Key" owner="Collections">
<msg time="2024-05-25T23:13:51.027636" level="INFO">False</msg>
<arg>${json_data}</arg>
<arg>results</arg>
<doc>Fails if ``key`` is not found from ``dictionary``.</doc>
<status status="PASS" start="2024-05-25T23:13:51.027478" elapsed="0.000194"/>
</kw>
<kw name="Should Not Be Empty" owner="BuiltIn">
<msg time="2024-05-25T23:13:51.028095" level="INFO">Length is 2.</msg>
<arg>${json_data}</arg>
<doc>Verifies that the given item is not empty.</doc>
<status status="PASS" start="2024-05-25T23:13:51.027963" elapsed="0.000170"/>
</kw>
<kw name="Create List" owner="BuiltIn">
<msg time="2024-05-25T23:13:51.028747" level="INFO">${expected_keys} = ['gender', 'name', 'location', 'email', 'login']</msg>
<var>${expected_keys}</var>
<arg>gender</arg>
<arg>name</arg>
<arg>location</arg>
<arg>email</arg>
<arg>login</arg>
<doc>Returns a list containing given items.</doc>
<status status="PASS" start="2024-05-25T23:13:51.028420" elapsed="0.000352"/>
</kw>
<for flavor="IN">
<iter>
<kw name="Dictionary Should Contain Key" owner="Collections">
<msg time="2024-05-25T23:13:51.029846" level="INFO">False</msg>
<arg>${json_data['results'][0]}</arg>
<arg>${key}</arg>
<doc>Fails if ``key`` is not found from ``dictionary``.</doc>
<status status="PASS" start="2024-05-25T23:13:51.029431" elapsed="0.000453"/>
</kw>
<kw name="Log" owner="BuiltIn">
<msg time="2024-05-25T23:13:51.030558" level="INFO">{'gender': 'female', 'name': {'title': 'Miss', 'first': 'Rosa', 'last': 'Mortensen'}, 'location': {'street': {'number': 5280, 'name': 'Højlundsvej'}, 'city': 'Rødvig Stevns', 'state': 'Syddanmark', 'country': 'Denmark', 'postcode': 82963, 'coordinates': {'latitude': '-43.9756', 'longitude': '18.1295'}, 'timezone': {'offset': '-8:00', 'description': 'Pacific Time (US &amp; Canada)'}}, 'email': 'rosa.mortensen@example.com', 'login': {'uuid': 'c83285be-c33a-4fdd-8642-ca189757e4ed', 'username': 'blackrabbit718', 'password': 'dadada', 'salt': 'mnN9YYtx', 'md5': '691866c8daaff79e8f8e482cf2ee0218', 'sha1': 'f9fc73a892a391ae12aed1e39435b965b3e75345', 'sha256': 'cb7a97eafa2afda22c46f08ea26ae76ce4d23b43ec2bc5056df78646b713b368'}, 'dob': {'date': '1949-03-11T18:00:23.386Z', 'age': 75}, 'registered': {'date': '2012-12-23T11:14:14.685Z', 'age': 11}, 'phone': '43482989', 'cell': '12614338', 'id': {'name': 'CPR', 'value': '110349-1152'}, 'picture': {'large': 'https://randomuser.me/api/portraits/women/57.jpg', 'medium': 'https://randomuser.me/api/portraits/med/women/57.jpg', 'thumbnail': 'https://randomuser.me/api/portraits/thumb/women/57.jpg'}, 'nat': 'DK'}</msg>
<arg>${json_data['results'][0]}</arg>
<doc>Logs the given message with the given level.</doc>
<status status="PASS" start="2024-05-25T23:13:51.030188" elapsed="0.000422"/>
</kw>
<kw name="Log" owner="BuiltIn">
<msg time="2024-05-25T23:13:51.031034" level="INFO">gender</msg>
<arg>${key}</arg>
<doc>Logs the given message with the given level.</doc>
<status status="PASS" start="2024-05-25T23:13:51.030906" elapsed="0.000165"/>
</kw>
<var name="${key}">gender</var>
<status status="PASS" start="2024-05-25T23:13:51.029299" elapsed="0.001988"/>
</iter>
<iter>
<kw name="Dictionary Should Contain Key" owner="Collections">
<msg time="2024-05-25T23:13:51.031974" level="INFO">False</msg>
<arg>${json_data['results'][0]}</arg>
<arg>${key}</arg>
<doc>Fails if ``key`` is not found from ``dictionary``.</doc>
<status status="PASS" start="2024-05-25T23:13:51.031586" elapsed="0.000425"/>
</kw>
<kw name="Log" owner="BuiltIn">
<msg time="2024-05-25T23:13:51.032716" level="INFO">{'gender': 'female', 'name': {'title': 'Miss', 'first': 'Rosa', 'last': 'Mortensen'}, 'location': {'street': {'number': 5280, 'name': 'Højlundsvej'}, 'city': 'Rødvig Stevns', 'state': 'Syddanmark', 'country': 'Denmark', 'postcode': 82963, 'coordinates': {'latitude': '-43.9756', 'longitude': '18.1295'}, 'timezone': {'offset': '-8:00', 'description': 'Pacific Time (US &amp; Canada)'}}, 'email': 'rosa.mortensen@example.com', 'login': {'uuid': 'c83285be-c33a-4fdd-8642-ca189757e4ed', 'username': 'blackrabbit718', 'password': 'dadada', 'salt': 'mnN9YYtx', 'md5': '691866c8daaff79e8f8e482cf2ee0218', 'sha1': 'f9fc73a892a391ae12aed1e39435b965b3e75345', 'sha256': 'cb7a97eafa2afda22c46f08ea26ae76ce4d23b43ec2bc5056df78646b713b368'}, 'dob': {'date': '1949-03-11T18:00:23.386Z', 'age': 75}, 'registered': {'date': '2012-12-23T11:14:14.685Z', 'age': 11}, 'phone': '43482989', 'cell': '12614338', 'id': {'name': 'CPR', 'value': '110349-1152'}, 'picture': {'large': 'https://randomuser.me/api/portraits/women/57.jpg', 'medium': 'https://randomuser.me/api/portraits/med/women/57.jpg', 'thumbnail': 'https://randomuser.me/api/portraits/thumb/women/57.jpg'}, 'nat': 'DK'}</msg>
<arg>${json_data['results'][0]}</arg>
<doc>Logs the given message with the given level.</doc>
<status status="PASS" start="2024-05-25T23:13:51.032341" elapsed="0.000426"/>
</kw>
<kw name="Log" owner="BuiltIn">
<msg time="2024-05-25T23:13:51.033224" level="INFO">name</msg>
<arg>${key}</arg>
<doc>Logs the given message with the given level.</doc>
<status status="PASS" start="2024-05-25T23:13:51.033069" elapsed="0.000194"/>
</kw>
<var name="${key}">name</var>
<status status="PASS" start="2024-05-25T23:13:51.031472" elapsed="0.002018"/>
</iter>
<iter>
<kw name="Dictionary Should Contain Key" owner="Collections">
<msg time="2024-05-25T23:13:51.034165" level="INFO">False</msg>
<arg>${json_data['results'][0]}</arg>
<arg>${key}</arg>
<doc>Fails if ``key`` is not found from ``dictionary``.</doc>
<status status="PASS" start="2024-05-25T23:13:51.033785" elapsed="0.000417"/>
</kw>
<kw name="Log" owner="BuiltIn">
<msg time="2024-05-25T23:13:51.034934" level="INFO">{'gender': 'female', 'name': {'title': 'Miss', 'first': 'Rosa', 'last': 'Mortensen'}, 'location': {'street': {'number': 5280, 'name': 'Højlundsvej'}, 'city': 'Rødvig Stevns', 'state': 'Syddanmark', 'country': 'Denmark', 'postcode': 82963, 'coordinates': {'latitude': '-43.9756', 'longitude': '18.1295'}, 'timezone': {'offset': '-8:00', 'description': 'Pacific Time (US &amp; Canada)'}}, 'email': 'rosa.mortensen@example.com', 'login': {'uuid': 'c83285be-c33a-4fdd-8642-ca189757e4ed', 'username': 'blackrabbit718', 'password': 'dadada', 'salt': 'mnN9YYtx', 'md5': '691866c8daaff79e8f8e482cf2ee0218', 'sha1': 'f9fc73a892a391ae12aed1e39435b965b3e75345', 'sha256': 'cb7a97eafa2afda22c46f08ea26ae76ce4d23b43ec2bc5056df78646b713b368'}, 'dob': {'date': '1949-03-11T18:00:23.386Z', 'age': 75}, 'registered': {'date': '2012-12-23T11:14:14.685Z', 'age': 11}, 'phone': '43482989', 'cell': '12614338', 'id': {'name': 'CPR', 'value': '110349-1152'}, 'picture': {'large': 'https://randomuser.me/api/portraits/women/57.jpg', 'medium': 'https://randomuser.me/api/portraits/med/women/57.jpg', 'thumbnail': 'https://randomuser.me/api/portraits/thumb/women/57.jpg'}, 'nat': 'DK'}</msg>
<arg>${json_data['results'][0]}</arg>
<doc>Logs the given message with the given level.</doc>
<status status="PASS" start="2024-05-25T23:13:51.034529" elapsed="0.000456"/>
</kw>
<kw name="Log" owner="BuiltIn">
<msg time="2024-05-25T23:13:51.035418" level="INFO">location</msg>
<arg>${key}</arg>
<doc>Logs the given message with the given level.</doc>
<status status="PASS" start="2024-05-25T23:13:51.035291" elapsed="0.000165"/>
</kw>
<var name="${key}">location</var>
<status status="PASS" start="2024-05-25T23:13:51.033671" elapsed="0.002002"/>
</iter>
<iter>
<kw name="Dictionary Should Contain Key" owner="Collections">
<msg time="2024-05-25T23:13:51.036345" level="INFO">False</msg>
<arg>${json_data['results'][0]}</arg>
<arg>${key}</arg>
<doc>Fails if ``key`` is not found from ``dictionary``.</doc>
<status status="PASS" start="2024-05-25T23:13:51.035962" elapsed="0.000421"/>
</kw>
<kw name="Log" owner="BuiltIn">
<msg time="2024-05-25T23:13:51.037063" level="INFO">{'gender': 'female', 'name': {'title': 'Miss', 'first': 'Rosa', 'last': 'Mortensen'}, 'location': {'street': {'number': 5280, 'name': 'Højlundsvej'}, 'city': 'Rødvig Stevns', 'state': 'Syddanmark', 'country': 'Denmark', 'postcode': 82963, 'coordinates': {'latitude': '-43.9756', 'longitude': '18.1295'}, 'timezone': {'offset': '-8:00', 'description': 'Pacific Time (US &amp; Canada)'}}, 'email': 'rosa.mortensen@example.com', 'login': {'uuid': 'c83285be-c33a-4fdd-8642-ca189757e4ed', 'username': 'blackrabbit718', 'password': 'dadada', 'salt': 'mnN9YYtx', 'md5': '691866c8daaff79e8f8e482cf2ee0218', 'sha1': 'f9fc73a892a391ae12aed1e39435b965b3e75345', 'sha256': 'cb7a97eafa2afda22c46f08ea26ae76ce4d23b43ec2bc5056df78646b713b368'}, 'dob': {'date': '1949-03-11T18:00:23.386Z', 'age': 75}, 'registered': {'date': '2012-12-23T11:14:14.685Z', 'age': 11}, 'phone': '43482989', 'cell': '12614338', 'id': {'name': 'CPR', 'value': '110349-1152'}, 'picture': {'large': 'https://randomuser.me/api/portraits/women/57.jpg', 'medium': 'https://randomuser.me/api/portraits/med/women/57.jpg', 'thumbnail': 'https://randomuser.me/api/portraits/thumb/women/57.jpg'}, 'nat': 'DK'}</msg>
<arg>${json_data['results'][0]}</arg>
<doc>Logs the given message with the given level.</doc>
<status status="PASS" start="2024-05-25T23:13:51.036690" elapsed="0.000425"/>
</kw>
<kw name="Log" owner="BuiltIn">
<msg time="2024-05-25T23:13:51.037596" level="INFO">email</msg>
<arg>${key}</arg>
<doc>Logs the given message with the given level.</doc>
<status status="PASS" start="2024-05-25T23:13:51.037465" elapsed="0.000169"/>
</kw>
<var name="${key}">email</var>
<status status="PASS" start="2024-05-25T23:13:51.035846" elapsed="0.002004"/>
</iter>
<iter>
<kw name="Dictionary Should Contain Key" owner="Collections">
<msg time="2024-05-25T23:13:51.038525" level="INFO">False</msg>
<arg>${json_data['results'][0]}</arg>
<arg>${key}</arg>
<doc>Fails if ``key`` is not found from ``dictionary``.</doc>
<status status="PASS" start="2024-05-25T23:13:51.038134" elapsed="0.000429"/>
</kw>
<kw name="Log" owner="BuiltIn">
<msg time="2024-05-25T23:13:51.039230" level="INFO">{'gender': 'female', 'name': {'title': 'Miss', 'first': 'Rosa', 'last': 'Mortensen'}, 'location': {'street': {'number': 5280, 'name': 'Højlundsvej'}, 'city': 'Rødvig Stevns', 'state': 'Syddanmark', 'country': 'Denmark', 'postcode': 82963, 'coordinates': {'latitude': '-43.9756', 'longitude': '18.1295'}, 'timezone': {'offset': '-8:00', 'description': 'Pacific Time (US &amp; Canada)'}}, 'email': 'rosa.mortensen@example.com', 'login': {'uuid': 'c83285be-c33a-4fdd-8642-ca189757e4ed', 'username': 'blackrabbit718', 'password': 'dadada', 'salt': 'mnN9YYtx', 'md5': '691866c8daaff79e8f8e482cf2ee0218', 'sha1': 'f9fc73a892a391ae12aed1e39435b965b3e75345', 'sha256': 'cb7a97eafa2afda22c46f08ea26ae76ce4d23b43ec2bc5056df78646b713b368'}, 'dob': {'date': '1949-03-11T18:00:23.386Z', 'age': 75}, 'registered': {'date': '2012-12-23T11:14:14.685Z', 'age': 11}, 'phone': '43482989', 'cell': '12614338', 'id': {'name': 'CPR', 'value': '110349-1152'}, 'picture': {'large': 'https://randomuser.me/api/portraits/women/57.jpg', 'medium': 'https://randomuser.me/api/portraits/med/women/57.jpg', 'thumbnail': 'https://randomuser.me/api/portraits/thumb/women/57.jpg'}, 'nat': 'DK'}</msg>
<arg>${json_data['results'][0]}</arg>
<doc>Logs the given message with the given level.</doc>
<status status="PASS" start="2024-05-25T23:13:51.038859" elapsed="0.000424"/>
</kw>
<kw name="Log" owner="BuiltIn">
<msg time="2024-05-25T23:13:51.039704" level="INFO">login</msg>
<arg>${key}</arg>
<doc>Logs the given message with the given level.</doc>
<status status="PASS" start="2024-05-25T23:13:51.039577" elapsed="0.000166"/>
</kw>
<var name="${key}">login</var>
<status status="PASS" start="2024-05-25T23:13:51.038023" elapsed="0.001968"/>
</iter>
<var>${key}</var>
<value>@{expected_keys}</value>
<status status="PASS" start="2024-05-25T23:13:51.029040" elapsed="0.011078"/>
</for>
<kw name="Create List" owner="BuiltIn">
<msg time="2024-05-25T23:13:51.040469" level="INFO">${expected_keysTwo} = ['username', 'password']</msg>
<var>${expected_keysTwo}</var>
<arg>username</arg>
<arg>password</arg>
<doc>Returns a list containing given items.</doc>
<status status="PASS" start="2024-05-25T23:13:51.040327" elapsed="0.000166"/>
</kw>
<for flavor="IN">
<iter>
<kw name="Dictionary Should Contain Key" owner="Collections">
<msg time="2024-05-25T23:13:51.041424" level="INFO">False</msg>
<arg>${json_data['results'][0]['login']}</arg>
<arg>${keyTwo}</arg>
<doc>Fails if ``key`` is not found from ``dictionary``.</doc>
<status status="PASS" start="2024-05-25T23:13:51.041014" elapsed="0.000448"/>
</kw>
<kw name="Dictionary Should Contain Key" owner="Collections">
<msg time="2024-05-25T23:13:51.042142" level="INFO">False</msg>
<arg>${json_data['results'][0]['login']}</arg>
<arg>${keyTwo}</arg>
<doc>Fails if ``key`` is not found from ``dictionary``.</doc>
<status status="PASS" start="2024-05-25T23:13:51.041762" elapsed="0.000417"/>
</kw>
<kw name="Log" owner="BuiltIn">
<msg time="2024-05-25T23:13:51.042613" level="INFO">username</msg>
<arg>${keyTwo}</arg>
<doc>Logs the given message with the given level.</doc>
<status status="PASS" start="2024-05-25T23:13:51.042484" elapsed="0.000167"/>
</kw>
<var name="${keyTwo}">username</var>
<status status="PASS" start="2024-05-25T23:13:51.040904" elapsed="0.001959"/>
</iter>
<iter>
<kw name="Dictionary Should Contain Key" owner="Collections">
<msg time="2024-05-25T23:13:51.043539" level="INFO">False</msg>
<arg>${json_data['results'][0]['login']}</arg>
<arg>${keyTwo}</arg>
<doc>Fails if ``key`` is not found from ``dictionary``.</doc>
<status status="PASS" start="2024-05-25T23:13:51.043160" elapsed="0.000416"/>
</kw>
<kw name="Dictionary Should Contain Key" owner="Collections">
<msg time="2024-05-25T23:13:51.044344" level="INFO">False</msg>
<arg>${json_data['results'][0]['login']}</arg>
<arg>${keyTwo}</arg>
<doc>Fails if ``key`` is not found from ``dictionary``.</doc>
<status status="PASS" start="2024-05-25T23:13:51.043867" elapsed="0.000517"/>
</kw>
<kw name="Log" owner="BuiltIn">
<msg time="2024-05-25T23:13:51.044809" level="INFO">password</msg>
<arg>${keyTwo}</arg>
<doc>Logs the given message with the given level.</doc>
<status status="PASS" start="2024-05-25T23:13:51.044681" elapsed="0.000166"/>
</kw>
<var name="${keyTwo}">password</var>
<status status="PASS" start="2024-05-25T23:13:51.043045" elapsed="0.002017"/>
</iter>
<var>${keyTwo}</var>
<value>@{expected_keysTwo}</value>
<status status="PASS" start="2024-05-25T23:13:51.040745" elapsed="0.004491"/>
</for>
<status status="PASS" start="2024-05-25T23:13:50.937895" elapsed="0.107496"/>
</kw>
<doc>Testa a estrutura da resposta da API.</doc>
<tag>testeEstruturaResposta</tag>
<status status="PASS" start="2024-05-25T23:13:50.937334" elapsed="0.108224"/>
</test>
<test id="s1-s1-t4" name="Validar tipos de dados" line="28">
<kw name="Teste de Tipos de Dados" owner="random-user-service">
<kw name="GET On Session" owner="RequestsLibrary">
<msg time="2024-05-25T23:13:51.141558" level="INFO">GET Request : url=https://randomuser.me/api 
 path_url=/api 
 headers={'User-Agent': 'python-requests/2.32.2', 'Accept-Encoding': 'gzip, deflate', 'Accept': '*/*', 'Connection': 'keep-alive'} 
 body=None 
 </msg>
<msg time="2024-05-25T23:13:51.141661" level="INFO">GET Response : url=https://randomuser.me/api 
 status=200, reason=OK 
 headers={'Date': 'Sat, 25 May 2024 23:13:51 GMT', 'Content-Type': 'application/json; charset=utf-8', 'Transfer-Encoding': 'chunked', 'Connection': 'keep-alive', 'X-Powered-By': 'Express', 'Access-Control-Allow-Origin': '*', 'Cache-Control': 'no-cache', 'ETag': 'W/"4a9-dXPrx9OxFcCQpDNXnpWYdNTqY2o"', 'Vary': 'Accept-Encoding', 'Content-Encoding': 'gzip', 'CF-Cache-Status': 'DYNAMIC', 'Report-To': '{"endpoints":[{"url":"https:\\/\\/a.nel.cloudflare.com\\/report\\/v4?s=fG1XxTQ1Z31PYrKbZShavXQ2mFIfbywpmO0SOJQQYf%2BrPbFzSH7PB6VX8z5KIMVooGGkbQti9%2Fgo%2B36qjJLusYvQ9aXlOufJa0yx6mAOdRYvojinVPsLrEQ%2BSAUwYkYW"}],"group":"cf-nel","max_age":604800}', 'NEL': '{"success_fraction":0,"report_to":"cf-nel","max_age":604800}', 'Server': 'cloudflare', 'CF-RAY': '889937e61fd92320-SJC', 'alt-svc': 'h3=":443"; ma=86400'} 
 body={"results":[{"gender":"female","name":{"title":"Mrs","first":"Kelly","last":"Castillo"},"location":{"street":{"number":8417,"name":"Hickory Creek Dr"},"city":"West Covina","state":"Vermont","country":"United States","postcode":25764,"coordinates":{"latitude":"89.8907","longitude":"24.0427"},"timezone":{"offset":"+9:00","description":"Tokyo, Seoul, Osaka, Sapporo, Yakutsk"}},"email":"kelly.castillo@example.com","login":{"uuid":"828ed5fe-26b4-4d3d-8454-6fd7baf14d31","username":"browngorilla977","password":"easton","salt":"yTq1mYqs","md5":"d55830f7693c4d72d8e0825f973cbaa6","sha1":"ec6ea3e6807bfa435e5096cf75404fe592f37b46","sha256":"3f76a9961cbdc23621f9a488411a63c14c72264b8c5ed0b6e406041e28b30f73"},"dob":{"date":"1991-08-06T18:17:19.424Z","age":32},"registered":{"date":"2011-10-02T21:30:36.659Z","age":12},"phone":"(790) 482-1045","cell":"(404) 276-9824","id":{"name":"SSN","value":"577-81-4883"},"picture":{"large":"https://randomuser.me/api/portraits/women/71.jpg","medium":"https://randomuser.me/api/portraits/med/women/71.jpg","thumbnail":"https://randomuser.me/api/portraits/thumb/women/71.jpg"},"nat":"US"}],"info":{"seed":"2f2c331fbd3f1bd1","results":1,"page":1,"version":"1.4"}} 
 </msg>
<msg time="2024-05-25T23:13:51.141738" level="INFO">/opt/hostedtoolcache/Python/3.12.3/x64/lib/python3.12/site-packages/urllib3/connectionpool.py:1103: InsecureRequestWarning: Unverified HTTPS request is being made to host 'randomuser.me'. Adding certificate verification is strongly advised. See: https://urllib3.readthedocs.io/en/latest/advanced-usage.html#tls-warnings
  warnings.warn(</msg>
<msg time="2024-05-25T23:13:51.141863" level="INFO">${response} = &lt;Response [200]&gt;</msg>
<var>${response}</var>
<arg>consultarAPI</arg>
<arg>/api</arg>
<doc>Sends a GET request on a previously created HTTP Session.</doc>
<status status="PASS" start="2024-05-25T23:13:51.048147" elapsed="0.093757"/>
</kw>
<kw name="Set Variable" owner="BuiltIn">
<msg time="2024-05-25T23:13:51.143196" level="INFO">${json_data} = {'results': [{'gender': 'female', 'name': {'title': 'Mrs', 'first': 'Kelly', 'last': 'Castillo'}, 'location': {'street': {'number': 8417, 'name': 'Hickory Creek Dr'}, 'city': 'West Covina', 'state': '...</msg>
<var>${json_data}</var>
<arg>${response.json()}</arg>
<doc>Returns the given values which can then be assigned to a variables.</doc>
<status status="PASS" start="2024-05-25T23:13:51.142592" elapsed="0.000634"/>
</kw>
<kw name="Log" owner="BuiltIn">
<msg time="2024-05-25T23:13:51.143795" level="INFO">{'results': [{'gender': 'female', 'name': {'title': 'Mrs', 'first': 'Kelly', 'last': 'Castillo'}, 'location': {'street': {'number': 8417, 'name': 'Hickory Creek Dr'}, 'city': 'West Covina', 'state': 'Vermont', 'country': 'United States', 'postcode': 25764, 'coordinates': {'latitude': '89.8907', 'longitude': '24.0427'}, 'timezone': {'offset': '+9:00', 'description': 'Tokyo, Seoul, Osaka, Sapporo, Yakutsk'}}, 'email': 'kelly.castillo@example.com', 'login': {'uuid': '828ed5fe-26b4-4d3d-8454-6fd7baf14d31', 'username': 'browngorilla977', 'password': 'easton', 'salt': 'yTq1mYqs', 'md5': 'd55830f7693c4d72d8e0825f973cbaa6', 'sha1': 'ec6ea3e6807bfa435e5096cf75404fe592f37b46', 'sha256': '3f76a9961cbdc23621f9a488411a63c14c72264b8c5ed0b6e406041e28b30f73'}, 'dob': {'date': '1991-08-06T18:17:19.424Z', 'age': 32}, 'registered': {'date': '2011-10-02T21:30:36.659Z', 'age': 12}, 'phone': '(790) 482-1045', 'cell': '(404) 276-9824', 'id': {'name': 'SSN', 'value': '577-81-4883'}, 'picture': {'large': 'https://randomuser.me/api/portraits/women/71.jpg', 'medium': 'https://randomuser.me/api/portraits/med/women/71.jpg', 'thumbnail': 'https://randomuser.me/api/portraits/thumb/women/71.jpg'}, 'nat': 'US'}], 'info': {'seed': '2f2c331fbd3f1bd1', 'results': 1, 'page': 1, 'version': '1.4'}}</msg>
<arg>${json_data}</arg>
<doc>Logs the given message with the given level.</doc>
<status status="PASS" start="2024-05-25T23:13:51.143613" elapsed="0.000272"/>
</kw>
<kw name="Should Be String" owner="String">
<arg>${json_data['results'][0]['gender']}</arg>
<doc>Fails if the given ``item`` is not a string.</doc>
<status status="PASS" start="2024-05-25T23:13:51.144219" elapsed="0.000392"/>
</kw>
<kw name="Should Match Regexp" owner="BuiltIn">
<arg>${json_data['results'][0]['email']}</arg>
<arg>^[a-zA-Z0-9._%+-]+@[a-zA-Z0-9.-]+\.[a-zA-Z]{2,}$</arg>
<doc>Fails if ``string`` does not match ``pattern`` as a regular expression.</doc>
<status status="PASS" start="2024-05-25T23:13:51.144817" elapsed="0.000602"/>
</kw>
<kw name="Should Match Regexp" owner="BuiltIn">
<arg>${json_data['results'][0]['dob']['date']}</arg>
<arg>\\d{4}-\\d{2}-\\d{2}T\\d{2}:\\d{2}:\\d{2}\\.\\d{3}Z</arg>
<doc>Fails if ``string`` does not match ``pattern`` as a regular expression.</doc>
<status status="PASS" start="2024-05-25T23:13:51.145635" elapsed="0.000513"/>
</kw>
<kw name="Should Match Regexp" owner="BuiltIn">
<arg>${json_data['results'][0]['registered']['date']}</arg>
<arg>\\d{4}-\\d{2}-\\d{2}T\\d{2}:\\d{2}:\\d{2}\\.\\d{3}Z</arg>
<doc>Fails if ``string`` does not match ``pattern`` as a regular expression.</doc>
<status status="PASS" start="2024-05-25T23:13:51.146353" elapsed="0.000385"/>
</kw>
<kw name="Should Match Regexp" owner="BuiltIn">
<arg>${json_data['results'][0]['picture']['large']}</arg>
<arg>^https?://.*\.(?:png|jpe?g|gif|bmp)$</arg>
<doc>Fails if ``string`` does not match ``pattern`` as a regular expression.</doc>
<status status="PASS" start="2024-05-25T23:13:51.146935" elapsed="0.000469"/>
</kw>
<kw name="Should Match Regexp" owner="BuiltIn">
<arg>${json_data['results'][0]['picture']['medium']}</arg>
<arg>^https?://.*\.(?:png|jpe?g|gif|bmp)$</arg>
<doc>Fails if ``string`` does not match ``pattern`` as a regular expression.</doc>
<status status="PASS" start="2024-05-25T23:13:51.147599" elapsed="0.000371"/>
</kw>
<kw name="Should Match Regexp" owner="BuiltIn">
<arg>${json_data['results'][0]['picture']['thumbnail']}</arg>
<arg>^https?://.*\.(?:png|jpe?g|gif|bmp)$</arg>
<doc>Fails if ``string`` does not match ``pattern`` as a regular expression.</doc>
<status status="PASS" start="2024-05-25T23:13:51.148159" elapsed="0.000355"/>
</kw>
<kw name="Log" owner="BuiltIn">
<msg time="2024-05-25T23:13:51.149040" level="INFO">{'large': 'https://randomuser.me/api/portraits/women/71.jpg', 'medium': 'https://randomuser.me/api/portraits/med/women/71.jpg', 'thumbnail': 'https://randomuser.me/api/portraits/thumb/women/71.jpg'}</msg>
<arg>${json_data['results'][0]['picture']}</arg>
<doc>Logs the given message with the given level.</doc>
<status status="PASS" start="2024-05-25T23:13:51.148710" elapsed="0.000375"/>
</kw>
<status status="PASS" start="2024-05-25T23:13:51.047891" elapsed="0.101545"/>
</kw>
<kw name="Teste de Tipos de Dados - Postcode" owner="random-user-service">
<kw name="GET On Session" owner="RequestsLibrary">
<msg time="2024-05-25T23:13:51.240172" level="INFO">GET Request : url=https://randomuser.me/api 
 path_url=/api 
 headers={'User-Agent': 'python-requests/2.32.2', 'Accept-Encoding': 'gzip, deflate', 'Accept': '*/*', 'Connection': 'keep-alive'} 
 body=None 
 </msg>
<msg time="2024-05-25T23:13:51.240284" level="INFO">GET Response : url=https://randomuser.me/api 
 status=200, reason=OK 
 headers={'Date': 'Sat, 25 May 2024 23:13:51 GMT', 'Content-Type': 'application/json; charset=utf-8', 'Transfer-Encoding': 'chunked', 'Connection': 'keep-alive', 'X-Powered-By': 'Express', 'Access-Control-Allow-Origin': '*', 'Cache-Control': 'no-cache', 'ETag': 'W/"49d-v0jERL/XPV28yU4wAvHPKBF/RcA"', 'Vary': 'Accept-Encoding', 'Content-Encoding': 'gzip', 'CF-Cache-Status': 'DYNAMIC', 'Report-To': '{"endpoints":[{"url":"https:\\/\\/a.nel.cloudflare.com\\/report\\/v4?s=2X0mzpZiXXbHwqfyoAFlVK0GA06kOsaWhuzJPsXF3t9lmcOABJ4tBFg3qUjUp2zC3LY3I17rv%2FaDOXWwqMdX2nJbtYEHoaeB%2BX54fnvgcYUBFKM6EBKUBVRPL228r8Qf"}],"group":"cf-nel","max_age":604800}', 'NEL': '{"success_fraction":0,"report_to":"cf-nel","max_age":604800}', 'Server': 'cloudflare', 'CF-RAY': '889937e6b87a2320-SJC', 'alt-svc': 'h3=":443"; ma=86400'} 
 body={"results":[{"gender":"female","name":{"title":"Miss","first":"Cecilie","last":"Jørgensen"},"location":{"street":{"number":2695,"name":"Højskolevej"},"city":"Gjern","state":"Hovedstaden","country":"Denmark","postcode":97669,"coordinates":{"latitude":"-38.9242","longitude":"143.6269"},"timezone":{"offset":"+11:00","description":"Magadan, Solomon Islands, New Caledonia"}},"email":"cecilie.jorgensen@example.com","login":{"uuid":"254f4534-fd17-4ce4-9890-4cd6174d9e4d","username":"angryfish783","password":"marriage","salt":"1hBV6pZG","md5":"1a4f8366c63dbde30ae15d52f49e2695","sha1":"5d2b0e8c7edc87d1c53fc7235641b6c25652569c","sha256":"edc6cc95499ae589c9aa3748ecac4b9609ad04cd7cef07ccd5d30f6494008b35"},"dob":{"date":"1993-01-30T21:21:40.950Z","age":31},"registered":{"date":"2010-06-15T06:27:34.626Z","age":13},"phone":"42858384","cell":"56899619","id":{"name":"CPR","value":"300193-8986"},"picture":{"large":"https://randomuser.me/api/portraits/women/11.jpg","medium":"https://randomuser.me/api/portraits/med/women/11.jpg","thumbnail":"https://randomuser.me/api/portraits/thumb/women/11.jpg"},"nat":"DK"}],"info":{"seed":"86647cb7431e3ba2","results":1,"page":1,"version":"1.4"}} 
 </msg>
<msg time="2024-05-25T23:13:51.240370" level="INFO">/opt/hostedtoolcache/Python/3.12.3/x64/lib/python3.12/site-packages/urllib3/connectionpool.py:1103: InsecureRequestWarning: Unverified HTTPS request is being made to host 'randomuser.me'. Adding certificate verification is strongly advised. See: https://urllib3.readthedocs.io/en/latest/advanced-usage.html#tls-warnings
  warnings.warn(</msg>
<msg time="2024-05-25T23:13:51.240517" level="INFO">${response} = &lt;Response [200]&gt;</msg>
<var>${response}</var>
<arg>consultarAPI</arg>
<arg>/api</arg>
<doc>Sends a GET request on a previously created HTTP Session.</doc>
<status status="PASS" start="2024-05-25T23:13:51.149930" elapsed="0.090635"/>
</kw>
<kw name="Set Variable" owner="BuiltIn">
<msg time="2024-05-25T23:13:51.241867" level="INFO">${json_data} = {'results': [{'gender': 'female', 'name': {'title': 'Miss', 'first': 'Cecilie', 'last': 'Jørgensen'}, 'location': {'street': {'number': 2695, 'name': 'Højskolevej'}, 'city': 'Gjern', 'state': 'Hovedst...</msg>
<var>${json_data}</var>
<arg>${response.json()}</arg>
<doc>Returns the given values which can then be assigned to a variables.</doc>
<status status="PASS" start="2024-05-25T23:13:51.241269" elapsed="0.000632"/>
</kw>
<kw name="Log" owner="BuiltIn">
<msg time="2024-05-25T23:13:51.242390" level="INFO">{'results': [{'gender': 'female', 'name': {'title': 'Miss', 'first': 'Cecilie', 'last': 'Jørgensen'}, 'location': {'street': {'number': 2695, 'name': 'Højskolevej'}, 'city': 'Gjern', 'state': 'Hovedstaden', 'country': 'Denmark', 'postcode': 97669, 'coordinates': {'latitude': '-38.9242', 'longitude': '143.6269'}, 'timezone': {'offset': '+11:00', 'description': 'Magadan, Solomon Islands, New Caledonia'}}, 'email': 'cecilie.jorgensen@example.com', 'login': {'uuid': '254f4534-fd17-4ce4-9890-4cd6174d9e4d', 'username': 'angryfish783', 'password': 'marriage', 'salt': '1hBV6pZG', 'md5': '1a4f8366c63dbde30ae15d52f49e2695', 'sha1': '5d2b0e8c7edc87d1c53fc7235641b6c25652569c', 'sha256': 'edc6cc95499ae589c9aa3748ecac4b9609ad04cd7cef07ccd5d30f6494008b35'}, 'dob': {'date': '1993-01-30T21:21:40.950Z', 'age': 31}, 'registered': {'date': '2010-06-15T06:27:34.626Z', 'age': 13}, 'phone': '42858384', 'cell': '56899619', 'id': {'name': 'CPR', 'value': '300193-8986'}, 'picture': {'large': 'https://randomuser.me/api/portraits/women/11.jpg', 'medium': 'https://randomuser.me/api/portraits/med/women/11.jpg', 'thumbnail': 'https://randomuser.me/api/portraits/thumb/women/11.jpg'}, 'nat': 'DK'}], 'info': {'seed': '86647cb7431e3ba2', 'results': 1, 'page': 1, 'version': '1.4'}}</msg>
<arg>${json_data}</arg>
<doc>Logs the given message with the given level.</doc>
<status status="PASS" start="2024-05-25T23:13:51.242228" elapsed="0.000246"/>
</kw>
<kw name="Should Be Equal As Numbers" owner="BuiltIn">
<arg>${json_data['results'][0]['location']['postcode']}</arg>
<arg>${json_data['results'][0]['location']['postcode']}</arg>
<doc>Fails if objects are unequal after converting them to real numbers.</doc>
<status status="PASS" start="2024-05-25T23:13:51.242781" elapsed="0.000805"/>
</kw>
<kw name="Log" owner="BuiltIn">
<msg time="2024-05-25T23:13:51.244119" level="INFO">97669</msg>
<arg>${json_data['results'][0]['location']['postcode']}</arg>
<doc>Logs the given message with the given level.</doc>
<status status="PASS" start="2024-05-25T23:13:51.243782" elapsed="0.000377"/>
</kw>
<status status="PASS" start="2024-05-25T23:13:51.149679" elapsed="0.094741"/>
</kw>
<doc>Testa se os tipos de dados na resposta da API estão corretos.</doc>
<tag>testeTiposDados</tag>
<status status="PASS" start="2024-05-25T23:13:51.047372" elapsed="0.197216"/>
</test>
<test id="s1-s1-t5" name="Validar conteudo" line="35">
<kw name="Teste de Tipos de Conteudo" owner="random-user-service">
<kw name="GET On Session" owner="RequestsLibrary">
<msg time="2024-05-25T23:13:51.335139" level="INFO">GET Request : url=https://randomuser.me/api 
 path_url=/api 
 headers={'User-Agent': 'python-requests/2.32.2', 'Accept-Encoding': 'gzip, deflate', 'Accept': '*/*', 'Connection': 'keep-alive'} 
 body=None 
 </msg>
<msg time="2024-05-25T23:13:51.335238" level="INFO">GET Response : url=https://randomuser.me/api 
 status=200, reason=OK 
 headers={'Date': 'Sat, 25 May 2024 23:13:51 GMT', 'Content-Type': 'application/json; charset=utf-8', 'Transfer-Encoding': 'chunked', 'Connection': 'keep-alive', 'X-Powered-By': 'Express', 'Access-Control-Allow-Origin': '*', 'Cache-Control': 'no-cache', 'ETag': 'W/"497-Ju4CI5lgLNRNh1/pIE7ecKFT8aA"', 'Vary': 'Accept-Encoding', 'Content-Encoding': 'gzip', 'CF-Cache-Status': 'DYNAMIC', 'Report-To': '{"endpoints":[{"url":"https:\\/\\/a.nel.cloudflare.com\\/report\\/v4?s=%2FhgXaGMRxE5nkEy4R%2FE2OI2W3iZXeh%2BBtHhIIeaDqAMyGXBSuK3mj7278oQRL%2BJpK9leH2G%2Fs5qyiQXbgTutiR6rbrG%2BwVtBeFuA3ehHcrs79Ks3VJGMfOUMWLtf%2FIt2"}],"group":"cf-nel","max_age":604800}', 'NEL': '{"success_fraction":0,"report_to":"cf-nel","max_age":604800}', 'Server': 'cloudflare', 'CF-RAY': '889937e7591b2320-SJC', 'alt-svc': 'h3=":443"; ma=86400'} 
 body={"results":[{"gender":"male","name":{"title":"Mr","first":"Manuel","last":"Ramirez"},"location":{"street":{"number":7107,"name":"Queens Road"},"city":"Dundee","state":"Leicestershire","country":"United Kingdom","postcode":"ZP5A 3RX","coordinates":{"latitude":"-12.4263","longitude":"-77.5773"},"timezone":{"offset":"-1:00","description":"Azores, Cape Verde Islands"}},"email":"manuel.ramirez@example.com","login":{"uuid":"ab6ba49a-8030-4281-b0a5-34f994bb584a","username":"purplegoose271","password":"010101","salt":"IbnbjGgU","md5":"e7b555a78ccbf6056715391a52682124","sha1":"1d9ecfc6cfeccd9e827783f48dcab4b2dff7ad6c","sha256":"d3039103f60f7092259543e68c58c18d56b1794a1f257341840838ebc6c29217"},"dob":{"date":"1961-01-09T17:54:50.876Z","age":63},"registered":{"date":"2022-01-06T01:11:48.451Z","age":2},"phone":"017684 38177","cell":"07089 069616","id":{"name":"NINO","value":"PY 99 69 21 B"},"picture":{"large":"https://randomuser.me/api/portraits/men/59.jpg","medium":"https://randomuser.me/api/portraits/med/men/59.jpg","thumbnail":"https://randomuser.me/api/portraits/thumb/men/59.jpg"},"nat":"GB"}],"info":{"seed":"52385f32d7064a0a","results":1,"page":1,"version":"1.4"}} 
 </msg>
<msg time="2024-05-25T23:13:51.335310" level="INFO">/opt/hostedtoolcache/Python/3.12.3/x64/lib/python3.12/site-packages/urllib3/connectionpool.py:1103: InsecureRequestWarning: Unverified HTTPS request is being made to host 'randomuser.me'. Adding certificate verification is strongly advised. See: https://urllib3.readthedocs.io/en/latest/advanced-usage.html#tls-warnings
  warnings.warn(</msg>
<msg time="2024-05-25T23:13:51.335435" level="INFO">${response} = &lt;Response [200]&gt;</msg>
<var>${response}</var>
<arg>consultarAPI</arg>
<arg>/api</arg>
<doc>Sends a GET request on a previously created HTTP Session.</doc>
<status status="PASS" start="2024-05-25T23:13:51.247532" elapsed="0.087931"/>
</kw>
<kw name="Set Variable" owner="BuiltIn">
<msg time="2024-05-25T23:13:51.336555" level="INFO">${json_data} = {'results': [{'gender': 'male', 'name': {'title': 'Mr', 'first': 'Manuel', 'last': 'Ramirez'}, 'location': {'street': {'number': 7107, 'name': 'Queens Road'}, 'city': 'Dundee', 'state': 'Leicestershir...</msg>
<var>${json_data}</var>
<arg>${response.json()}</arg>
<doc>Returns the given values which can then be assigned to a variables.</doc>
<status status="PASS" start="2024-05-25T23:13:51.336025" elapsed="0.000559"/>
</kw>
<kw name="Set Variable" owner="BuiltIn">
<msg time="2024-05-25T23:13:51.337334" level="INFO">${name_title} = Mr</msg>
<var>${name_title}</var>
<arg>${json_data["results"][0]["name"]["title"]}</arg>
<doc>Returns the given values which can then be assigned to a variables.</doc>
<status status="PASS" start="2024-05-25T23:13:51.336907" elapsed="0.000453"/>
</kw>
<kw name="Create List" owner="BuiltIn">
<msg time="2024-05-25T23:13:51.337811" level="INFO">${allowed_titles} = ['Mr', 'Ms', 'Miss', 'Mrs', 'Madame', 'Monsieur']</msg>
<var>${allowed_titles}</var>
<arg>Mr</arg>
<arg>Ms</arg>
<arg>Miss</arg>
<arg>Mrs</arg>
<arg>Madame</arg>
<arg>Monsieur</arg>
<doc>Returns a list containing given items.</doc>
<status status="PASS" start="2024-05-25T23:13:51.337662" elapsed="0.000173"/>
</kw>
<kw name="List Should Contain Value" owner="Collections">
<msg time="2024-05-25T23:13:51.338315" level="INFO">False</msg>
<arg>${allowed_titles}</arg>
<arg>${name_title}</arg>
<doc>Fails if the ``value`` is not found from ``list``.</doc>
<status status="PASS" start="2024-05-25T23:13:51.338138" elapsed="0.000215"/>
</kw>
<kw name="Set Variable" owner="BuiltIn">
<msg time="2024-05-25T23:13:51.339019" level="INFO">${name_country} = GB</msg>
<var>${name_country}</var>
<arg>${json_data["results"][0]["nat"]}</arg>
<doc>Returns the given values which can then be assigned to a variables.</doc>
<status status="PASS" start="2024-05-25T23:13:51.338643" elapsed="0.000402"/>
</kw>
<kw name="Create List" owner="BuiltIn">
<msg time="2024-05-25T23:13:51.339949" level="INFO">${list_country} = ['AD', 'AE', 'AF', 'AG', 'AI', 'AL', 'AM', 'AO', 'AQ', 'AR', 'AS', 'AT', 'AU', 'AW', 'AX', 'AZ', 'BA', 'BB', 'BD', 'BE', 'BF', 'BG', 'BH', 'BI', 'BJ', 'BL', 'BM', 'BN', 'BO', 'BQ', 'BR', 'BS', 'BT', '...</msg>
<var>${list_country}</var>
<arg>AD</arg>
<arg>AE</arg>
<arg>AF</arg>
<arg>AG</arg>
<arg>AI</arg>
<arg>AL</arg>
<arg>AM</arg>
<arg>AO</arg>
<arg>AQ</arg>
<arg>AR</arg>
<arg>AS</arg>
<arg>AT</arg>
<arg>AU</arg>
<arg>AW</arg>
<arg>AX</arg>
<arg>AZ</arg>
<arg>BA</arg>
<arg>BB</arg>
<arg>BD</arg>
<arg>BE</arg>
<arg>BF</arg>
<arg>BG</arg>
<arg>BH</arg>
<arg>BI</arg>
<arg>BJ</arg>
<arg>BL</arg>
<arg>BM</arg>
<arg>BN</arg>
<arg>BO</arg>
<arg>BQ</arg>
<arg>BR</arg>
<arg>BS</arg>
<arg>BT</arg>
<arg>BV</arg>
<arg>BW</arg>
<arg>BY</arg>
<arg>BZ</arg>
<arg>CA</arg>
<arg>CC</arg>
<arg>CD</arg>
<arg>CF</arg>
<arg>CG</arg>
<arg>CH</arg>
<arg>CI</arg>
<arg>CK</arg>
<arg>CL</arg>
<arg>CM</arg>
<arg>CN</arg>
<arg>CO</arg>
<arg>CR</arg>
<arg>CU</arg>
<arg>CV</arg>
<arg>CW</arg>
<arg>CX</arg>
<arg>CY</arg>
<arg>CZ</arg>
<arg>DE</arg>
<arg>DJ</arg>
<arg>DK</arg>
<arg>DM</arg>
<arg>DO</arg>
<arg>DZ</arg>
<arg>EC</arg>
<arg>EE</arg>
<arg>EG</arg>
<arg>EH</arg>
<arg>ER</arg>
<arg>ES</arg>
<arg>ET</arg>
<arg>FI</arg>
<arg>FJ</arg>
<arg>FK</arg>
<arg>FM</arg>
<arg>FO</arg>
<arg>FR</arg>
<arg>GA</arg>
<arg>GB</arg>
<arg>GD</arg>
<arg>GE</arg>
<arg>GF</arg>
<arg>GG</arg>
<arg>GH</arg>
<arg>GI</arg>
<arg>GL</arg>
<arg>GM</arg>
<arg>GN</arg>
<arg>GP</arg>
<arg>GQ</arg>
<arg>GR</arg>
<arg>GS</arg>
<arg>GT</arg>
<arg>GU</arg>
<arg>GW</arg>
<arg>GY</arg>
<arg>HK</arg>
<arg>HM</arg>
<arg>HN</arg>
<arg>HR</arg>
<arg>HT</arg>
<arg>HU</arg>
<arg>ID</arg>
<arg>IE</arg>
<arg>IL</arg>
<arg>IM</arg>
<arg>IN</arg>
<arg>IO</arg>
<arg>IQ</arg>
<arg>IR</arg>
<arg>IS</arg>
<arg>IT</arg>
<arg>JE</arg>
<arg>JM</arg>
<arg>JO</arg>
<arg>JP</arg>
<arg>KE</arg>
<arg>KG</arg>
<arg>KH</arg>
<arg>KI</arg>
<arg>KM</arg>
<arg>KN</arg>
<arg>KP</arg>
<arg>KR</arg>
<arg>KW</arg>
<arg>KY</arg>
<arg>KZ</arg>
<arg>LA</arg>
<arg>LB</arg>
<arg>LC</arg>
<arg>LI</arg>
<arg>LK</arg>
<arg>LR</arg>
<arg>LS</arg>
<arg>LT</arg>
<arg>LU</arg>
<arg>LV</arg>
<arg>LY</arg>
<arg>MA</arg>
<arg>MC</arg>
<arg>MD</arg>
<arg>ME</arg>
<arg>MF</arg>
<arg>MG</arg>
<arg>MH</arg>
<arg>MK</arg>
<arg>ML</arg>
<arg>MM</arg>
<arg>MN</arg>
<arg>MO</arg>
<arg>MP</arg>
<arg>MQ</arg>
<arg>MR</arg>
<arg>MS</arg>
<arg>MT</arg>
<arg>MU</arg>
<arg>MV</arg>
<arg>MW</arg>
<arg>MX</arg>
<arg>MY</arg>
<arg>MZ</arg>
<arg>NA</arg>
<arg>NC</arg>
<arg>NE</arg>
<arg>NF</arg>
<arg>NG</arg>
<arg>NI</arg>
<arg>NL</arg>
<arg>NO</arg>
<arg>NP</arg>
<arg>NR</arg>
<arg>NU</arg>
<arg>NZ</arg>
<arg>OM</arg>
<arg>PA</arg>
<arg>PE</arg>
<arg>PF</arg>
<arg>PG</arg>
<arg>PH</arg>
<arg>PK</arg>
<arg>PL</arg>
<arg>PM</arg>
<arg>PN</arg>
<arg>PR</arg>
<arg>PS</arg>
<arg>PT</arg>
<arg>PW</arg>
<arg>PY</arg>
<arg>QA</arg>
<arg>RE</arg>
<arg>RO</arg>
<arg>RS</arg>
<arg>RU</arg>
<arg>RW</arg>
<arg>SA</arg>
<arg>SB</arg>
<arg>SC</arg>
<arg>SD</arg>
<arg>SE</arg>
<arg>SG</arg>
<arg>SH</arg>
<arg>SI</arg>
<arg>SJ</arg>
<arg>SK</arg>
<arg>SL</arg>
<arg>SM</arg>
<arg>SN</arg>
<arg>SO</arg>
<arg>SR</arg>
<arg>SS</arg>
<arg>ST</arg>
<arg>SV</arg>
<arg>SX</arg>
<arg>SY</arg>
<arg>SZ</arg>
<arg>TC</arg>
<arg>TD</arg>
<arg>TF</arg>
<arg>TG</arg>
<arg>TH</arg>
<arg>TJ</arg>
<arg>TK</arg>
<arg>TL</arg>
<arg>TM</arg>
<arg>TN</arg>
<arg>TO</arg>
<arg>TR</arg>
<arg>TT</arg>
<arg>TV</arg>
<arg>TW</arg>
<arg>TZ</arg>
<arg>UA</arg>
<arg>UG</arg>
<arg>UM</arg>
<arg>US</arg>
<arg>UY</arg>
<arg>UZ</arg>
<arg>VA</arg>
<arg>VC</arg>
<arg>VE</arg>
<arg>VG</arg>
<arg>VI</arg>
<arg>VN</arg>
<arg>VU</arg>
<arg>WF</arg>
<arg>WS</arg>
<arg>XK</arg>
<arg>YE</arg>
<arg>YT</arg>
<arg>ZA</arg>
<arg>ZM</arg>
<arg>ZW</arg>
<doc>Returns a list containing given items.</doc>
<status status="PASS" start="2024-05-25T23:13:51.339344" elapsed="0.000630"/>
</kw>
<kw name="List Should Contain Value" owner="Collections">
<msg time="2024-05-25T23:13:51.340978" level="INFO">False</msg>
<arg>${list_country}</arg>
<arg>${name_country}</arg>
<doc>Fails if the ``value`` is not found from ``list``.</doc>
<status status="PASS" start="2024-05-25T23:13:51.340771" elapsed="0.000246"/>
</kw>
<kw name="Run Keyword If" owner="BuiltIn">
<kw name="Should Be True" owner="BuiltIn">
<arg>${True}</arg>
<doc>Fails if the given condition is not true.</doc>
<status status="PASS" start="2024-05-25T23:13:51.342159" elapsed="0.000147"/>
</kw>
<arg>${json_data["results"][0]["location"]["coordinates"]["latitude"]} &gt;= -90 and ${json_data["results"][0]["location"]["coordinates"]["latitude"]} &lt;= 90</arg>
<arg>Should Be True</arg>
<arg>${True}</arg>
<doc>Runs the given keyword with the given arguments, if ``condition`` is true.</doc>
<status status="PASS" start="2024-05-25T23:13:51.341378" elapsed="0.001056"/>
</kw>
<kw name="Run Keyword If" owner="BuiltIn">
<kw name="Should Be True" owner="BuiltIn">
<arg>${True}</arg>
<doc>Fails if the given condition is not true.</doc>
<status status="PASS" start="2024-05-25T23:13:51.343314" elapsed="0.000277"/>
</kw>
<arg>${json_data["results"][0]["location"]["coordinates"]["longitude"]} &gt;= -180 and ${json_data["results"][0]["location"]["coordinates"]["longitude"]} &lt;= 180</arg>
<arg>Should Be True</arg>
<arg>${True}</arg>
<doc>Runs the given keyword with the given arguments, if ``condition`` is true.</doc>
<status status="PASS" start="2024-05-25T23:13:51.342623" elapsed="0.001094"/>
</kw>
<status status="PASS" start="2024-05-25T23:13:51.247129" elapsed="0.096722"/>
</kw>
<doc>Testa o conteúdo específico dos campos retornados pela API.</doc>
<tag>testeConteudo</tag>
<status status="PASS" start="2024-05-25T23:13:51.246422" elapsed="0.097581"/>
</test>
<status status="PASS" start="2024-05-25T23:13:50.298627" elapsed="1.047368"/>
</suite>
<status status="PASS" start="2024-05-25T23:13:50.284408" elapsed="1.066934"/>
</suite>
<statistics>
<total>
<stat pass="5" fail="0" skip="0">All Tests</stat>
</total>
<tag>
<stat pass="1" fail="0" skip="0">testeConteudo</stat>
<stat pass="1" fail="0" skip="0">testeEstruturaResposta</stat>
<stat pass="1" fail="0" skip="0">testeRequisicaoBasica</stat>
<stat pass="1" fail="0" skip="0">testeTiposDados</stat>
</tag>
<suite>
<stat pass="5" fail="0" skip="0" id="s1" name="Tests">Tests</stat>
<stat pass="5" fail="0" skip="0" id="s1-s1" name="Random-User-Test">Tests.Random-User-Test</stat>
</suite>
</statistics>
<errors>
</errors>
</robot>
