<?xml version="1.0" encoding="UTF-8"?>
<robot generator="Robot 7.0 (Python 3.12.3 on linux)" generated="2024-05-30T17:12:54.438415" rpa="false" schemaversion="5">
<suite id="s1" name="Tests" source="/home/runner/work/ApiRandomUser/ApiRandomUser/RamdonUser/tests">
<suite id="s1-s1" name="Random-User-Test" source="/home/runner/work/ApiRandomUser/ApiRandomUser/RamdonUser/tests/random-user-test.robot">
<test id="s1-s1-t1" name="Conectar" line="13">
<kw name="Conectar API" owner="random-user-service">
<kw name="Create Session" owner="RequestsLibrary">
<msg time="2024-05-30T17:12:54.831969" level="INFO">Creating Session using : alias=consultarAPI, url=https://randomuser.me/, headers={},                     cookies={}, auth=None, timeout=None, proxies=None, verify=False,                     debug=0 </msg>
<arg>consultarAPI</arg>
<arg>${URL}</arg>
<doc>Create Session: create a HTTP session to a server</doc>
<status status="PASS" start="2024-05-30T17:12:54.831759" elapsed="0.000442"/>
</kw>
<status status="PASS" start="2024-05-30T17:12:54.830678" elapsed="0.001907"/>
</kw>
<status status="PASS" start="2024-05-30T17:12:54.830026" elapsed="0.002765"/>
</test>
<test id="s1-s1-t2" name="Validar retorno 200 e JSON Válido" line="16">
<kw name="Teste de Requisicao Basica" owner="random-user-service">
<kw name="GET On Session" owner="RequestsLibrary">
<msg time="2024-05-30T17:12:54.940774" level="INFO">GET Request : url=https://randomuser.me/api 
 path_url=/api 
 headers={'User-Agent': 'python-requests/2.32.3', 'Accept-Encoding': 'gzip, deflate', 'Accept': '*/*', 'Connection': 'keep-alive'} 
 body=None 
 </msg>
<msg time="2024-05-30T17:12:54.940943" level="INFO">GET Response : url=https://randomuser.me/api 
 status=200, reason=OK 
 headers={'Date': 'Thu, 30 May 2024 17:12:54 GMT', 'Content-Type': 'application/json; charset=utf-8', 'Transfer-Encoding': 'chunked', 'Connection': 'keep-alive', 'X-Powered-By': 'Express', 'Access-Control-Allow-Origin': '*', 'Cache-Control': 'no-cache', 'ETag': 'W/"477-LxS2J4FxXRpQo0F8KvE6pP5KNRE"', 'Vary': 'Accept-Encoding', 'Content-Encoding': 'gzip', 'CF-Cache-Status': 'DYNAMIC', 'Report-To': '{"endpoints":[{"url":"https:\\/\\/a.nel.cloudflare.com\\/report\\/v4?s=9GuYp9Fah73aOQtXDgQBYTq0Q9dtcgwGZ%2F%2BkYhbLRlwkq6oHwL1BBoptYxeOrhIEIVSqhyenRbAd5MBsbS3YMhIGFORDt5ADSwPeBN0u6h14i1ldvT9pTylyYDCTBwe4"}],"group":"cf-nel","max_age":604800}', 'NEL': '{"success_fraction":0,"report_to":"cf-nel","max_age":604800}', 'Server': 'cloudflare', 'CF-RAY': '88c05a0edd989658-SJC', 'alt-svc': 'h3=":443"; ma=86400'} 
 body={"results":[{"gender":"male","name":{"title":"Mr","first":"May","last":"Azhazha"},"location":{"street":{"number":7139,"name":"Ivana Kramskogo"},"city":"Mar'yinka","state":"Odeska","country":"Ukraine","postcode":77583,"coordinates":{"latitude":"75.3136","longitude":"-32.5671"},"timezone":{"offset":"+2:00","description":"Kaliningrad, South Africa"}},"email":"may.azhazha@example.com","login":{"uuid":"808b789c-a496-4843-9aad-95094e85d7b8","username":"redsnake611","password":"overkill","salt":"OqLxHsnJ","md5":"ce3a49e3d2bd84dbad8f045449b0dabe","sha1":"39c8c9f129c85d7c7be87f49fe852dbc044d5265","sha256":"167d740ab17b6a77888b691856a27651e106bc5c046767cf88ce25a96f6ccc7f"},"dob":{"date":"1964-07-03T21:51:17.999Z","age":59},"registered":{"date":"2002-08-13T08:53:41.283Z","age":21},"phone":"(068) X53-8475","cell":"(097) R04-8651","id":{"name":"","value":null},"picture":{"large":"https://randomuser.me/api/portraits/men/59.jpg","medium":"https://randomuser.me/api/portraits/med/men/59.jpg","thumbnail":"https://randomuser.me/api/portraits/thumb/men/59.jpg"},"nat":"UA"}],"info":{"seed":"5ef4c4fca654a15c","results":1,"page":1,"version":"1.4"}} 
 </msg>
<msg time="2024-05-30T17:12:54.941043" level="INFO">/opt/hostedtoolcache/Python/3.12.3/x64/lib/python3.12/site-packages/urllib3/connectionpool.py:1103: InsecureRequestWarning: Unverified HTTPS request is being made to host 'randomuser.me'. Adding certificate verification is strongly advised. See: https://urllib3.readthedocs.io/en/latest/advanced-usage.html#tls-warnings
  warnings.warn(</msg>
<msg time="2024-05-30T17:12:54.941215" level="INFO">${response} = &lt;Response [200]&gt;</msg>
<var>${response}</var>
<arg>consultarAPI</arg>
<arg>/api</arg>
<doc>Sends a GET request on a previously created HTTP Session.</doc>
<status status="PASS" start="2024-05-30T17:12:54.835568" elapsed="0.105696"/>
</kw>
<kw name="Should Be Equal As Numbers" owner="BuiltIn">
<msg time="2024-05-30T17:12:54.942473" level="INFO">Argument types are:
&lt;class 'int'&gt;
&lt;class 'str'&gt;</msg>
<arg>${response.status_code}</arg>
<arg>200</arg>
<doc>Fails if objects are unequal after converting them to real numbers.</doc>
<status status="PASS" start="2024-05-30T17:12:54.941924" elapsed="0.000617"/>
</kw>
<kw name="Log" owner="BuiltIn">
<msg time="2024-05-30T17:12:54.943283" level="INFO">200</msg>
<arg>${response.status_code}</arg>
<doc>Logs the given message with the given level.</doc>
<status status="PASS" start="2024-05-30T17:12:54.942915" elapsed="0.000418"/>
</kw>
<kw name="Set Variable" owner="BuiltIn">
<msg time="2024-05-30T17:12:54.944136" level="INFO">${json_data} = {'results': [{'gender': 'male', 'name': {'title': 'Mr', 'first': 'May', 'last': 'Azhazha'}, 'location': {'street': {'number': 7139, 'name': 'Ivana Kramskogo'}, 'city': "Mar'yinka", 'state': 'Odeska', ...</msg>
<var>${json_data}</var>
<arg>${response.json()}</arg>
<doc>Returns the given values which can then be assigned to a variables.</doc>
<status status="PASS" start="2024-05-30T17:12:54.943667" elapsed="0.000498"/>
</kw>
<kw name="Dictionary Should Contain Key" owner="Collections">
<msg time="2024-05-30T17:12:54.944663" level="INFO">False</msg>
<arg>${json_data}</arg>
<arg>results</arg>
<doc>Fails if ``key`` is not found from ``dictionary``.</doc>
<status status="PASS" start="2024-05-30T17:12:54.944473" elapsed="0.000411"/>
</kw>
<status status="PASS" start="2024-05-30T17:12:54.835315" elapsed="0.109842"/>
</kw>
<doc>Testa se a API responde corretamente e retorna um objeto JSON válido.</doc>
<tag>testeRequisicaoBasica</tag>
<status status="PASS" start="2024-05-30T17:12:54.834710" elapsed="0.110633"/>
</test>
<test id="s1-s1-t3" name="Validar estrutura de resposta" line="22">
<kw name="Teste de Estrutura de Resposta" owner="random-user-service">
<kw name="GET On Session" owner="RequestsLibrary">
<msg time="2024-05-30T17:12:55.043931" level="INFO">GET Request : url=https://randomuser.me/api 
 path_url=/api 
 headers={'User-Agent': 'python-requests/2.32.3', 'Accept-Encoding': 'gzip, deflate', 'Accept': '*/*', 'Connection': 'keep-alive'} 
 body=None 
 </msg>
<msg time="2024-05-30T17:12:55.044045" level="INFO">GET Response : url=https://randomuser.me/api 
 status=200, reason=OK 
 headers={'Date': 'Thu, 30 May 2024 17:12:55 GMT', 'Content-Type': 'application/json; charset=utf-8', 'Transfer-Encoding': 'chunked', 'Connection': 'keep-alive', 'X-Powered-By': 'Express', 'Access-Control-Allow-Origin': '*', 'Cache-Control': 'no-cache', 'ETag': 'W/"47e-Ip7MgIbym4Uqi4A13z4p99K5nJ4"', 'Vary': 'Accept-Encoding', 'Content-Encoding': 'gzip', 'CF-Cache-Status': 'DYNAMIC', 'Report-To': '{"endpoints":[{"url":"https:\\/\\/a.nel.cloudflare.com\\/report\\/v4?s=sRWOQexdg5mYo30xzKeBT9Cg%2BZq3Oql5ZjOv7KJ%2FFsSMwiC%2B%2FJCQ9lHUlNydvNA2bBETS08RcN4%2FM2Nt0DBavv2wptTLwc9F47gCp8KPDcKgs2UlIRjp8yLClNbeOQRA"}],"group":"cf-nel","max_age":604800}', 'NEL': '{"success_fraction":0,"report_to":"cf-nel","max_age":604800}', 'Server': 'cloudflare', 'CF-RAY': '88c05a0f7dee9658-SJC', 'alt-svc': 'h3=":443"; ma=86400'} 
 body={"results":[{"gender":"female","name":{"title":"Mrs","first":"Clara","last":"Denys"},"location":{"street":{"number":9007,"name":"36th Ave"},"city":"Cadillac","state":"Northwest Territories","country":"Canada","postcode":"K6Y 5X4","coordinates":{"latitude":"-70.0782","longitude":"173.2697"},"timezone":{"offset":"+4:30","description":"Kabul"}},"email":"clara.denys@example.com","login":{"uuid":"548ae116-fb76-4185-93d5-80145871d35b","username":"greenleopard137","password":"stone","salt":"REyfFwLn","md5":"f765c39af182be9adf68819f3c1d60b2","sha1":"4640624a36e31f37e5780436d037620524c62eaf","sha256":"d03065a8864edf107ad006a80e5b7d48da7c4e236ca566c57fc33e17f76364ab"},"dob":{"date":"1950-06-20T10:32:18.756Z","age":73},"registered":{"date":"2007-06-20T05:48:39.405Z","age":16},"phone":"N41 W23-7889","cell":"K00 F72-7225","id":{"name":"SIN","value":"902973643"},"picture":{"large":"https://randomuser.me/api/portraits/women/32.jpg","medium":"https://randomuser.me/api/portraits/med/women/32.jpg","thumbnail":"https://randomuser.me/api/portraits/thumb/women/32.jpg"},"nat":"CA"}],"info":{"seed":"463c3f66d6e1de7b","results":1,"page":1,"version":"1.4"}} 
 </msg>
<msg time="2024-05-30T17:12:55.044180" level="INFO">/opt/hostedtoolcache/Python/3.12.3/x64/lib/python3.12/site-packages/urllib3/connectionpool.py:1103: InsecureRequestWarning: Unverified HTTPS request is being made to host 'randomuser.me'. Adding certificate verification is strongly advised. See: https://urllib3.readthedocs.io/en/latest/advanced-usage.html#tls-warnings
  warnings.warn(</msg>
<msg time="2024-05-30T17:12:55.044303" level="INFO">${response} = &lt;Response [200]&gt;</msg>
<var>${response}</var>
<arg>consultarAPI</arg>
<arg>/api</arg>
<doc>Sends a GET request on a previously created HTTP Session.</doc>
<status status="PASS" start="2024-05-30T17:12:54.947964" elapsed="0.096393"/>
</kw>
<kw name="Set Variable" owner="BuiltIn">
<msg time="2024-05-30T17:12:55.045607" level="INFO">${json_data} = {'results': [{'gender': 'female', 'name': {'title': 'Mrs', 'first': 'Clara', 'last': 'Denys'}, 'location': {'street': {'number': 9007, 'name': '36th Ave'}, 'city': 'Cadillac', 'state': 'Northwest Terr...</msg>
<var>${json_data}</var>
<arg>${response.json()}</arg>
<doc>Returns the given values which can then be assigned to a variables.</doc>
<status status="PASS" start="2024-05-30T17:12:55.044908" elapsed="0.000728"/>
</kw>
<kw name="Log" owner="BuiltIn">
<msg time="2024-05-30T17:12:55.046106" level="INFO">{'results': [{'gender': 'female', 'name': {'title': 'Mrs', 'first': 'Clara', 'last': 'Denys'}, 'location': {'street': {'number': 9007, 'name': '36th Ave'}, 'city': 'Cadillac', 'state': 'Northwest Territories', 'country': 'Canada', 'postcode': 'K6Y 5X4', 'coordinates': {'latitude': '-70.0782', 'longitude': '173.2697'}, 'timezone': {'offset': '+4:30', 'description': 'Kabul'}}, 'email': 'clara.denys@example.com', 'login': {'uuid': '548ae116-fb76-4185-93d5-80145871d35b', 'username': 'greenleopard137', 'password': 'stone', 'salt': 'REyfFwLn', 'md5': 'f765c39af182be9adf68819f3c1d60b2', 'sha1': '4640624a36e31f37e5780436d037620524c62eaf', 'sha256': 'd03065a8864edf107ad006a80e5b7d48da7c4e236ca566c57fc33e17f76364ab'}, 'dob': {'date': '1950-06-20T10:32:18.756Z', 'age': 73}, 'registered': {'date': '2007-06-20T05:48:39.405Z', 'age': 16}, 'phone': 'N41 W23-7889', 'cell': 'K00 F72-7225', 'id': {'name': 'SIN', 'value': '902973643'}, 'picture': {'large': 'https://randomuser.me/api/portraits/women/32.jpg', 'medium': 'https://randomuser.me/api/portraits/med/women/32.jpg', 'thumbnail': 'https://randomuser.me/api/portraits/thumb/women/32.jpg'}, 'nat': 'CA'}], 'info': {'seed': '463c3f66d6e1de7b', 'results': 1, 'page': 1, 'version': '1.4'}}</msg>
<arg>${json_data}</arg>
<doc>Logs the given message with the given level.</doc>
<status status="PASS" start="2024-05-30T17:12:55.045946" elapsed="0.000208"/>
</kw>
<kw name="Dictionary Should Contain Key" owner="Collections">
<msg time="2024-05-30T17:12:55.046606" level="INFO">False</msg>
<arg>${json_data}</arg>
<arg>results</arg>
<doc>Fails if ``key`` is not found from ``dictionary``.</doc>
<status status="PASS" start="2024-05-30T17:12:55.046450" elapsed="0.000192"/>
</kw>
<kw name="Should Not Be Empty" owner="BuiltIn">
<msg time="2024-05-30T17:12:55.047083" level="INFO">Length is 2.</msg>
<arg>${json_data}</arg>
<doc>Verifies that the given item is not empty.</doc>
<status status="PASS" start="2024-05-30T17:12:55.046936" elapsed="0.000185"/>
</kw>
<kw name="Create List" owner="BuiltIn">
<msg time="2024-05-30T17:12:55.047568" level="INFO">${expected_keys} = ['gender', 'name', 'location', 'email', 'login']</msg>
<var>${expected_keys}</var>
<arg>gender</arg>
<arg>name</arg>
<arg>location</arg>
<arg>email</arg>
<arg>login</arg>
<doc>Returns a list containing given items.</doc>
<status status="PASS" start="2024-05-30T17:12:55.047420" elapsed="0.000172"/>
</kw>
<for flavor="IN">
<iter>
<kw name="Dictionary Should Contain Key" owner="Collections">
<msg time="2024-05-30T17:12:55.048641" level="INFO">False</msg>
<arg>${json_data['results'][0]}</arg>
<arg>${key}</arg>
<doc>Fails if ``key`` is not found from ``dictionary``.</doc>
<status status="PASS" start="2024-05-30T17:12:55.048223" elapsed="0.000464"/>
</kw>
<kw name="Log" owner="BuiltIn">
<msg time="2024-05-30T17:12:55.049405" level="INFO">{'gender': 'female', 'name': {'title': 'Mrs', 'first': 'Clara', 'last': 'Denys'}, 'location': {'street': {'number': 9007, 'name': '36th Ave'}, 'city': 'Cadillac', 'state': 'Northwest Territories', 'country': 'Canada', 'postcode': 'K6Y 5X4', 'coordinates': {'latitude': '-70.0782', 'longitude': '173.2697'}, 'timezone': {'offset': '+4:30', 'description': 'Kabul'}}, 'email': 'clara.denys@example.com', 'login': {'uuid': '548ae116-fb76-4185-93d5-80145871d35b', 'username': 'greenleopard137', 'password': 'stone', 'salt': 'REyfFwLn', 'md5': 'f765c39af182be9adf68819f3c1d60b2', 'sha1': '4640624a36e31f37e5780436d037620524c62eaf', 'sha256': 'd03065a8864edf107ad006a80e5b7d48da7c4e236ca566c57fc33e17f76364ab'}, 'dob': {'date': '1950-06-20T10:32:18.756Z', 'age': 73}, 'registered': {'date': '2007-06-20T05:48:39.405Z', 'age': 16}, 'phone': 'N41 W23-7889', 'cell': 'K00 F72-7225', 'id': {'name': 'SIN', 'value': '902973643'}, 'picture': {'large': 'https://randomuser.me/api/portraits/women/32.jpg', 'medium': 'https://randomuser.me/api/portraits/med/women/32.jpg', 'thumbnail': 'https://randomuser.me/api/portraits/thumb/women/32.jpg'}, 'nat': 'CA'}</msg>
<arg>${json_data['results'][0]}</arg>
<doc>Logs the given message with the given level.</doc>
<status status="PASS" start="2024-05-30T17:12:55.049016" elapsed="0.000440"/>
</kw>
<kw name="Log" owner="BuiltIn">
<msg time="2024-05-30T17:12:55.049911" level="INFO">gender</msg>
<arg>${key}</arg>
<doc>Logs the given message with the given level.</doc>
<status status="PASS" start="2024-05-30T17:12:55.049761" elapsed="0.000188"/>
</kw>
<var name="${key}">gender</var>
<status status="PASS" start="2024-05-30T17:12:55.048091" elapsed="0.002078"/>
</iter>
<iter>
<kw name="Dictionary Should Contain Key" owner="Collections">
<msg time="2024-05-30T17:12:55.050876" level="INFO">False</msg>
<arg>${json_data['results'][0]}</arg>
<arg>${key}</arg>
<doc>Fails if ``key`` is not found from ``dictionary``.</doc>
<status status="PASS" start="2024-05-30T17:12:55.050483" elapsed="0.000433"/>
</kw>
<kw name="Log" owner="BuiltIn">
<msg time="2024-05-30T17:12:55.051615" level="INFO">{'gender': 'female', 'name': {'title': 'Mrs', 'first': 'Clara', 'last': 'Denys'}, 'location': {'street': {'number': 9007, 'name': '36th Ave'}, 'city': 'Cadillac', 'state': 'Northwest Territories', 'country': 'Canada', 'postcode': 'K6Y 5X4', 'coordinates': {'latitude': '-70.0782', 'longitude': '173.2697'}, 'timezone': {'offset': '+4:30', 'description': 'Kabul'}}, 'email': 'clara.denys@example.com', 'login': {'uuid': '548ae116-fb76-4185-93d5-80145871d35b', 'username': 'greenleopard137', 'password': 'stone', 'salt': 'REyfFwLn', 'md5': 'f765c39af182be9adf68819f3c1d60b2', 'sha1': '4640624a36e31f37e5780436d037620524c62eaf', 'sha256': 'd03065a8864edf107ad006a80e5b7d48da7c4e236ca566c57fc33e17f76364ab'}, 'dob': {'date': '1950-06-20T10:32:18.756Z', 'age': 73}, 'registered': {'date': '2007-06-20T05:48:39.405Z', 'age': 16}, 'phone': 'N41 W23-7889', 'cell': 'K00 F72-7225', 'id': {'name': 'SIN', 'value': '902973643'}, 'picture': {'large': 'https://randomuser.me/api/portraits/women/32.jpg', 'medium': 'https://randomuser.me/api/portraits/med/women/32.jpg', 'thumbnail': 'https://randomuser.me/api/portraits/thumb/women/32.jpg'}, 'nat': 'CA'}</msg>
<arg>${json_data['results'][0]}</arg>
<doc>Logs the given message with the given level.</doc>
<status status="PASS" start="2024-05-30T17:12:55.051249" elapsed="0.000415"/>
</kw>
<kw name="Log" owner="BuiltIn">
<msg time="2024-05-30T17:12:55.052140" level="INFO">name</msg>
<arg>${key}</arg>
<doc>Logs the given message with the given level.</doc>
<status status="PASS" start="2024-05-30T17:12:55.051964" elapsed="0.000216"/>
</kw>
<var name="${key}">name</var>
<status status="PASS" start="2024-05-30T17:12:55.050363" elapsed="0.002044"/>
</iter>
<iter>
<kw name="Dictionary Should Contain Key" owner="Collections">
<msg time="2024-05-30T17:12:55.053104" level="INFO">False</msg>
<arg>${json_data['results'][0]}</arg>
<arg>${key}</arg>
<doc>Fails if ``key`` is not found from ``dictionary``.</doc>
<status status="PASS" start="2024-05-30T17:12:55.052716" elapsed="0.000427"/>
</kw>
<kw name="Log" owner="BuiltIn">
<msg time="2024-05-30T17:12:55.053828" level="INFO">{'gender': 'female', 'name': {'title': 'Mrs', 'first': 'Clara', 'last': 'Denys'}, 'location': {'street': {'number': 9007, 'name': '36th Ave'}, 'city': 'Cadillac', 'state': 'Northwest Territories', 'country': 'Canada', 'postcode': 'K6Y 5X4', 'coordinates': {'latitude': '-70.0782', 'longitude': '173.2697'}, 'timezone': {'offset': '+4:30', 'description': 'Kabul'}}, 'email': 'clara.denys@example.com', 'login': {'uuid': '548ae116-fb76-4185-93d5-80145871d35b', 'username': 'greenleopard137', 'password': 'stone', 'salt': 'REyfFwLn', 'md5': 'f765c39af182be9adf68819f3c1d60b2', 'sha1': '4640624a36e31f37e5780436d037620524c62eaf', 'sha256': 'd03065a8864edf107ad006a80e5b7d48da7c4e236ca566c57fc33e17f76364ab'}, 'dob': {'date': '1950-06-20T10:32:18.756Z', 'age': 73}, 'registered': {'date': '2007-06-20T05:48:39.405Z', 'age': 16}, 'phone': 'N41 W23-7889', 'cell': 'K00 F72-7225', 'id': {'name': 'SIN', 'value': '902973643'}, 'picture': {'large': 'https://randomuser.me/api/portraits/women/32.jpg', 'medium': 'https://randomuser.me/api/portraits/med/women/32.jpg', 'thumbnail': 'https://randomuser.me/api/portraits/thumb/women/32.jpg'}, 'nat': 'CA'}</msg>
<arg>${json_data['results'][0]}</arg>
<doc>Logs the given message with the given level.</doc>
<status status="PASS" start="2024-05-30T17:12:55.053454" elapsed="0.000433"/>
</kw>
<kw name="Log" owner="BuiltIn">
<msg time="2024-05-30T17:12:55.054323" level="INFO">location</msg>
<arg>${key}</arg>
<doc>Logs the given message with the given level.</doc>
<status status="PASS" start="2024-05-30T17:12:55.054192" elapsed="0.000177"/>
</kw>
<var name="${key}">location</var>
<status status="PASS" start="2024-05-30T17:12:55.052597" elapsed="0.002013"/>
</iter>
<iter>
<kw name="Dictionary Should Contain Key" owner="Collections">
<msg time="2024-05-30T17:12:55.055400" level="INFO">False</msg>
<arg>${json_data['results'][0]}</arg>
<arg>${key}</arg>
<doc>Fails if ``key`` is not found from ``dictionary``.</doc>
<status status="PASS" start="2024-05-30T17:12:55.054907" elapsed="0.000532"/>
</kw>
<kw name="Log" owner="BuiltIn">
<msg time="2024-05-30T17:12:55.056150" level="INFO">{'gender': 'female', 'name': {'title': 'Mrs', 'first': 'Clara', 'last': 'Denys'}, 'location': {'street': {'number': 9007, 'name': '36th Ave'}, 'city': 'Cadillac', 'state': 'Northwest Territories', 'country': 'Canada', 'postcode': 'K6Y 5X4', 'coordinates': {'latitude': '-70.0782', 'longitude': '173.2697'}, 'timezone': {'offset': '+4:30', 'description': 'Kabul'}}, 'email': 'clara.denys@example.com', 'login': {'uuid': '548ae116-fb76-4185-93d5-80145871d35b', 'username': 'greenleopard137', 'password': 'stone', 'salt': 'REyfFwLn', 'md5': 'f765c39af182be9adf68819f3c1d60b2', 'sha1': '4640624a36e31f37e5780436d037620524c62eaf', 'sha256': 'd03065a8864edf107ad006a80e5b7d48da7c4e236ca566c57fc33e17f76364ab'}, 'dob': {'date': '1950-06-20T10:32:18.756Z', 'age': 73}, 'registered': {'date': '2007-06-20T05:48:39.405Z', 'age': 16}, 'phone': 'N41 W23-7889', 'cell': 'K00 F72-7225', 'id': {'name': 'SIN', 'value': '902973643'}, 'picture': {'large': 'https://randomuser.me/api/portraits/women/32.jpg', 'medium': 'https://randomuser.me/api/portraits/med/women/32.jpg', 'thumbnail': 'https://randomuser.me/api/portraits/thumb/women/32.jpg'}, 'nat': 'CA'}</msg>
<arg>${json_data['results'][0]}</arg>
<doc>Logs the given message with the given level.</doc>
<status status="PASS" start="2024-05-30T17:12:55.055742" elapsed="0.000467"/>
</kw>
<kw name="Log" owner="BuiltIn">
<msg time="2024-05-30T17:12:55.056695" level="INFO">email</msg>
<arg>${key}</arg>
<doc>Logs the given message with the given level.</doc>
<status status="PASS" start="2024-05-30T17:12:55.056515" elapsed="0.000222"/>
</kw>
<var name="${key}">email</var>
<status status="PASS" start="2024-05-30T17:12:55.054791" elapsed="0.002181"/>
</iter>
<iter>
<kw name="Dictionary Should Contain Key" owner="Collections">
<msg time="2024-05-30T17:12:55.057677" level="INFO">False</msg>
<arg>${json_data['results'][0]}</arg>
<arg>${key}</arg>
<doc>Fails if ``key`` is not found from ``dictionary``.</doc>
<status status="PASS" start="2024-05-30T17:12:55.057278" elapsed="0.000437"/>
</kw>
<kw name="Log" owner="BuiltIn">
<msg time="2024-05-30T17:12:55.058384" level="INFO">{'gender': 'female', 'name': {'title': 'Mrs', 'first': 'Clara', 'last': 'Denys'}, 'location': {'street': {'number': 9007, 'name': '36th Ave'}, 'city': 'Cadillac', 'state': 'Northwest Territories', 'country': 'Canada', 'postcode': 'K6Y 5X4', 'coordinates': {'latitude': '-70.0782', 'longitude': '173.2697'}, 'timezone': {'offset': '+4:30', 'description': 'Kabul'}}, 'email': 'clara.denys@example.com', 'login': {'uuid': '548ae116-fb76-4185-93d5-80145871d35b', 'username': 'greenleopard137', 'password': 'stone', 'salt': 'REyfFwLn', 'md5': 'f765c39af182be9adf68819f3c1d60b2', 'sha1': '4640624a36e31f37e5780436d037620524c62eaf', 'sha256': 'd03065a8864edf107ad006a80e5b7d48da7c4e236ca566c57fc33e17f76364ab'}, 'dob': {'date': '1950-06-20T10:32:18.756Z', 'age': 73}, 'registered': {'date': '2007-06-20T05:48:39.405Z', 'age': 16}, 'phone': 'N41 W23-7889', 'cell': 'K00 F72-7225', 'id': {'name': 'SIN', 'value': '902973643'}, 'picture': {'large': 'https://randomuser.me/api/portraits/women/32.jpg', 'medium': 'https://randomuser.me/api/portraits/med/women/32.jpg', 'thumbnail': 'https://randomuser.me/api/portraits/thumb/women/32.jpg'}, 'nat': 'CA'}</msg>
<arg>${json_data['results'][0]}</arg>
<doc>Logs the given message with the given level.</doc>
<status status="PASS" start="2024-05-30T17:12:55.058014" elapsed="0.000420"/>
</kw>
<kw name="Log" owner="BuiltIn">
<msg time="2024-05-30T17:12:55.058873" level="INFO">login</msg>
<arg>${key}</arg>
<doc>Logs the given message with the given level.</doc>
<status status="PASS" start="2024-05-30T17:12:55.058736" elapsed="0.000178"/>
</kw>
<var name="${key}">login</var>
<status status="PASS" start="2024-05-30T17:12:55.057161" elapsed="0.001974"/>
</iter>
<var>${key}</var>
<value>@{expected_keys}</value>
<status status="PASS" start="2024-05-30T17:12:55.047858" elapsed="0.011430"/>
</for>
<kw name="Create List" owner="BuiltIn">
<msg time="2024-05-30T17:12:55.059645" level="INFO">${expected_keysTwo} = ['username', 'password']</msg>
<var>${expected_keysTwo}</var>
<arg>username</arg>
<arg>password</arg>
<doc>Returns a list containing given items.</doc>
<status status="PASS" start="2024-05-30T17:12:55.059496" elapsed="0.000173"/>
</kw>
<for flavor="IN">
<iter>
<kw name="Dictionary Should Contain Key" owner="Collections">
<msg time="2024-05-30T17:12:55.060607" level="INFO">False</msg>
<arg>${json_data['results'][0]['login']}</arg>
<arg>${keyTwo}</arg>
<doc>Fails if ``key`` is not found from ``dictionary``.</doc>
<status status="PASS" start="2024-05-30T17:12:55.060217" elapsed="0.000429"/>
</kw>
<kw name="Dictionary Should Contain Key" owner="Collections">
<msg time="2024-05-30T17:12:55.061336" level="INFO">False</msg>
<arg>${json_data['results'][0]['login']}</arg>
<arg>${keyTwo}</arg>
<doc>Fails if ``key`` is not found from ``dictionary``.</doc>
<status status="PASS" start="2024-05-30T17:12:55.060947" elapsed="0.000427"/>
</kw>
<kw name="Log" owner="BuiltIn">
<msg time="2024-05-30T17:12:55.061803" level="INFO">username</msg>
<arg>${keyTwo}</arg>
<doc>Logs the given message with the given level.</doc>
<status status="PASS" start="2024-05-30T17:12:55.061674" elapsed="0.000167"/>
</kw>
<var name="${keyTwo}">username</var>
<status status="PASS" start="2024-05-30T17:12:55.060100" elapsed="0.001959"/>
</iter>
<iter>
<kw name="Dictionary Should Contain Key" owner="Collections">
<msg time="2024-05-30T17:12:55.062744" level="INFO">False</msg>
<arg>${json_data['results'][0]['login']}</arg>
<arg>${keyTwo}</arg>
<doc>Fails if ``key`` is not found from ``dictionary``.</doc>
<status status="PASS" start="2024-05-30T17:12:55.062348" elapsed="0.000433"/>
</kw>
<kw name="Dictionary Should Contain Key" owner="Collections">
<msg time="2024-05-30T17:12:55.063462" level="INFO">False</msg>
<arg>${json_data['results'][0]['login']}</arg>
<arg>${keyTwo}</arg>
<doc>Fails if ``key`` is not found from ``dictionary``.</doc>
<status status="PASS" start="2024-05-30T17:12:55.063074" elapsed="0.000425"/>
</kw>
<kw name="Log" owner="BuiltIn">
<msg time="2024-05-30T17:12:55.063925" level="INFO">password</msg>
<arg>${keyTwo}</arg>
<doc>Logs the given message with the given level.</doc>
<status status="PASS" start="2024-05-30T17:12:55.063795" elapsed="0.000166"/>
</kw>
<var name="${keyTwo}">password</var>
<status status="PASS" start="2024-05-30T17:12:55.062237" elapsed="0.002000"/>
</iter>
<var>${keyTwo}</var>
<value>@{expected_keysTwo}</value>
<status status="PASS" start="2024-05-30T17:12:55.059909" elapsed="0.004449"/>
</for>
<status status="PASS" start="2024-05-30T17:12:54.947708" elapsed="0.116792"/>
</kw>
<doc>Testa a estrutura da resposta da API.</doc>
<tag>testeEstruturaResposta</tag>
<status status="PASS" start="2024-05-30T17:12:54.947186" elapsed="0.117476"/>
</test>
<test id="s1-s1-t4" name="Validar tipos de dados" line="28">
<kw name="Teste de Tipos de Dados" owner="random-user-service">
<kw name="GET On Session" owner="RequestsLibrary">
<msg time="2024-05-30T17:12:55.218308" level="INFO">GET Request : url=https://randomuser.me/api 
 path_url=/api 
 headers={'User-Agent': 'python-requests/2.32.3', 'Accept-Encoding': 'gzip, deflate', 'Accept': '*/*', 'Connection': 'keep-alive'} 
 body=None 
 </msg>
<msg time="2024-05-30T17:12:55.218410" level="INFO">GET Response : url=https://randomuser.me/api 
 status=200, reason=OK 
 headers={'Date': 'Thu, 30 May 2024 17:12:55 GMT', 'Content-Type': 'application/json; charset=utf-8', 'Transfer-Encoding': 'chunked', 'Connection': 'keep-alive', 'X-Powered-By': 'Express', 'Access-Control-Allow-Origin': '*', 'Cache-Control': 'no-cache', 'ETag': 'W/"498-fcUfOZBT0mqis5i8GdptDS00xQo"', 'Vary': 'Accept-Encoding', 'Content-Encoding': 'gzip', 'CF-Cache-Status': 'DYNAMIC', 'Report-To': '{"endpoints":[{"url":"https:\\/\\/a.nel.cloudflare.com\\/report\\/v4?s=2s31Ndd6xYGOoBk13Zmn3O5TbSj%2Fk1QPZuyv4GQ0hWCHAed0hwRSq1oL%2FAskepoJQl7b8kCW8BBR%2FfEX1P1ch7aGK7viSwxr8k4eqyfnml%2BhNgotAaFlPXmtvVfBfbum"}],"group":"cf-nel","max_age":604800}', 'NEL': '{"success_fraction":0,"report_to":"cf-nel","max_age":604800}', 'Server': 'cloudflare', 'CF-RAY': '88c05a103ebb9658-SJC', 'alt-svc': 'h3=":443"; ma=86400'} 
 body={"results":[{"gender":"male","name":{"title":"Mr","first":"Rufino","last":"Téllez"},"location":{"street":{"number":5445,"name":"Periférico Bahrein"},"city":"Tecate","state":"Queretaro","country":"Mexico","postcode":55337,"coordinates":{"latitude":"24.4205","longitude":"-121.0731"},"timezone":{"offset":"-3:00","description":"Brazil, Buenos Aires, Georgetown"}},"email":"rufino.tellez@example.com","login":{"uuid":"dd58cda8-f822-40f7-8f0f-1eeee07bfde7","username":"angryzebra166","password":"veronica","salt":"0Gjja8CU","md5":"69052c441ac93e6da624b32ee6a59a7f","sha1":"f7cbab6fb921caebfa19790b4a0c14106d05de57","sha256":"9817ae8c92464a53d50424363db8565ac26965132ed1a80f533c92b1f573a199"},"dob":{"date":"1995-11-13T10:18:27.689Z","age":28},"registered":{"date":"2020-07-27T18:56:30.073Z","age":3},"phone":"(680) 479 8942","cell":"(613) 646 6516","id":{"name":"NSS","value":"12 61 16 7918 4"},"picture":{"large":"https://randomuser.me/api/portraits/men/91.jpg","medium":"https://randomuser.me/api/portraits/med/men/91.jpg","thumbnail":"https://randomuser.me/api/portraits/thumb/men/91.jpg"},"nat":"MX"}],"info":{"seed":"b1be89bc71efefbe","results":1,"page":1,"version":"1.4"}} 
 </msg>
<msg time="2024-05-30T17:12:55.218498" level="INFO">/opt/hostedtoolcache/Python/3.12.3/x64/lib/python3.12/site-packages/urllib3/connectionpool.py:1103: InsecureRequestWarning: Unverified HTTPS request is being made to host 'randomuser.me'. Adding certificate verification is strongly advised. See: https://urllib3.readthedocs.io/en/latest/advanced-usage.html#tls-warnings
  warnings.warn(</msg>
<msg time="2024-05-30T17:12:55.218623" level="INFO">${response} = &lt;Response [200]&gt;</msg>
<var>${response}</var>
<arg>consultarAPI</arg>
<arg>/api</arg>
<doc>Sends a GET request on a previously created HTTP Session.</doc>
<status status="PASS" start="2024-05-30T17:12:55.067185" elapsed="0.151602"/>
</kw>
<kw name="Set Variable" owner="BuiltIn">
<msg time="2024-05-30T17:12:55.219807" level="INFO">${json_data} = {'results': [{'gender': 'male', 'name': {'title': 'Mr', 'first': 'Rufino', 'last': 'Téllez'}, 'location': {'street': {'number': 5445, 'name': 'Periférico Bahrein'}, 'city': 'Tecate', 'state': 'Quereta...</msg>
<var>${json_data}</var>
<arg>${response.json()}</arg>
<doc>Returns the given values which can then be assigned to a variables.</doc>
<status status="PASS" start="2024-05-30T17:12:55.219261" elapsed="0.000577"/>
</kw>
<kw name="Log" owner="BuiltIn">
<msg time="2024-05-30T17:12:55.220427" level="INFO">{'results': [{'gender': 'male', 'name': {'title': 'Mr', 'first': 'Rufino', 'last': 'Téllez'}, 'location': {'street': {'number': 5445, 'name': 'Periférico Bahrein'}, 'city': 'Tecate', 'state': 'Queretaro', 'country': 'Mexico', 'postcode': 55337, 'coordinates': {'latitude': '24.4205', 'longitude': '-121.0731'}, 'timezone': {'offset': '-3:00', 'description': 'Brazil, Buenos Aires, Georgetown'}}, 'email': 'rufino.tellez@example.com', 'login': {'uuid': 'dd58cda8-f822-40f7-8f0f-1eeee07bfde7', 'username': 'angryzebra166', 'password': 'veronica', 'salt': '0Gjja8CU', 'md5': '69052c441ac93e6da624b32ee6a59a7f', 'sha1': 'f7cbab6fb921caebfa19790b4a0c14106d05de57', 'sha256': '9817ae8c92464a53d50424363db8565ac26965132ed1a80f533c92b1f573a199'}, 'dob': {'date': '1995-11-13T10:18:27.689Z', 'age': 28}, 'registered': {'date': '2020-07-27T18:56:30.073Z', 'age': 3}, 'phone': '(680) 479 8942', 'cell': '(613) 646 6516', 'id': {'name': 'NSS', 'value': '12 61 16 7918 4'}, 'picture': {'large': 'https://randomuser.me/api/portraits/men/91.jpg', 'medium': 'https://randomuser.me/api/portraits/med/men/91.jpg', 'thumbnail': 'https://randomuser.me/api/portraits/thumb/men/91.jpg'}, 'nat': 'MX'}], 'info': {'seed': 'b1be89bc71efefbe', 'results': 1, 'page': 1, 'version': '1.4'}}</msg>
<arg>${json_data}</arg>
<doc>Logs the given message with the given level.</doc>
<status status="PASS" start="2024-05-30T17:12:55.220246" elapsed="0.000270"/>
</kw>
<kw name="Should Be String" owner="String">
<arg>${json_data['results'][0]['gender']}</arg>
<doc>Fails if the given ``item`` is not a string.</doc>
<status status="PASS" start="2024-05-30T17:12:55.220857" elapsed="0.000424"/>
</kw>
<kw name="Should Match Regexp" owner="BuiltIn">
<arg>${json_data['results'][0]['email']}</arg>
<arg>^[a-zA-Z0-9._%+-]+@[a-zA-Z0-9.-]+\.[a-zA-Z]{2,}$</arg>
<doc>Fails if ``string`` does not match ``pattern`` as a regular expression.</doc>
<status status="PASS" start="2024-05-30T17:12:55.221500" elapsed="0.000700"/>
</kw>
<kw name="Should Match Regexp" owner="BuiltIn">
<arg>${json_data['results'][0]['dob']['date']}</arg>
<arg>\\d{4}-\\d{2}-\\d{2}T\\d{2}:\\d{2}:\\d{2}\\.\\d{3}Z</arg>
<doc>Fails if ``string`` does not match ``pattern`` as a regular expression.</doc>
<status status="PASS" start="2024-05-30T17:12:55.222405" elapsed="0.000497"/>
</kw>
<kw name="Should Match Regexp" owner="BuiltIn">
<arg>${json_data['results'][0]['registered']['date']}</arg>
<arg>\\d{4}-\\d{2}-\\d{2}T\\d{2}:\\d{2}:\\d{2}\\.\\d{3}Z</arg>
<doc>Fails if ``string`` does not match ``pattern`` as a regular expression.</doc>
<status status="PASS" start="2024-05-30T17:12:55.223105" elapsed="0.000396"/>
</kw>
<kw name="Should Match Regexp" owner="BuiltIn">
<arg>${json_data['results'][0]['picture']['large']}</arg>
<arg>^https?://.*\.(?:png|jpe?g|gif|bmp)$</arg>
<doc>Fails if ``string`` does not match ``pattern`` as a regular expression.</doc>
<status status="PASS" start="2024-05-30T17:12:55.223692" elapsed="0.000505"/>
</kw>
<kw name="Should Match Regexp" owner="BuiltIn">
<arg>${json_data['results'][0]['picture']['medium']}</arg>
<arg>^https?://.*\.(?:png|jpe?g|gif|bmp)$</arg>
<doc>Fails if ``string`` does not match ``pattern`` as a regular expression.</doc>
<status status="PASS" start="2024-05-30T17:12:55.224395" elapsed="0.000361"/>
</kw>
<kw name="Should Match Regexp" owner="BuiltIn">
<arg>${json_data['results'][0]['picture']['thumbnail']}</arg>
<arg>^https?://.*\.(?:png|jpe?g|gif|bmp)$</arg>
<doc>Fails if ``string`` does not match ``pattern`` as a regular expression.</doc>
<status status="PASS" start="2024-05-30T17:12:55.224945" elapsed="0.000375"/>
</kw>
<kw name="Log" owner="BuiltIn">
<msg time="2024-05-30T17:12:55.225835" level="INFO">{'large': 'https://randomuser.me/api/portraits/men/91.jpg', 'medium': 'https://randomuser.me/api/portraits/med/men/91.jpg', 'thumbnail': 'https://randomuser.me/api/portraits/thumb/men/91.jpg'}</msg>
<arg>${json_data['results'][0]['picture']}</arg>
<doc>Logs the given message with the given level.</doc>
<status status="PASS" start="2024-05-30T17:12:55.225509" elapsed="0.000369"/>
</kw>
<status status="PASS" start="2024-05-30T17:12:55.066948" elapsed="0.159197"/>
</kw>
<kw name="Teste de Tipos de Dados - Postcode" owner="random-user-service">
<kw name="GET On Session" owner="RequestsLibrary">
<msg time="2024-05-30T17:12:55.317019" level="INFO">GET Request : url=https://randomuser.me/api 
 path_url=/api 
 headers={'User-Agent': 'python-requests/2.32.3', 'Accept-Encoding': 'gzip, deflate', 'Accept': '*/*', 'Connection': 'keep-alive'} 
 body=None 
 </msg>
<msg time="2024-05-30T17:12:55.317120" level="INFO">GET Response : url=https://randomuser.me/api 
 status=200, reason=OK 
 headers={'Date': 'Thu, 30 May 2024 17:12:55 GMT', 'Content-Type': 'application/json; charset=utf-8', 'Transfer-Encoding': 'chunked', 'Connection': 'keep-alive', 'X-Powered-By': 'Express', 'Access-Control-Allow-Origin': '*', 'Cache-Control': 'no-cache', 'ETag': 'W/"4a7-V3RrasIgxm1/H8WVCt5/SKsJ+Ug"', 'Vary': 'Accept-Encoding', 'Content-Encoding': 'gzip', 'CF-Cache-Status': 'DYNAMIC', 'Report-To': '{"endpoints":[{"url":"https:\\/\\/a.nel.cloudflare.com\\/report\\/v4?s=3VKqTR8jJ2M7D2x9O1XdSQXdBe0M7uS1mNJbAhtlKD7oR40ccwWFaYnOWXYPavihLYa3Hk1ZGPdDEI1M4u8S32pZFlzD21faWl7jS37abxHsD4ErCO9z38TyMbniclZu"}],"group":"cf-nel","max_age":604800}', 'NEL': '{"success_fraction":0,"report_to":"cf-nel","max_age":604800}', 'Server': 'cloudflare', 'CF-RAY': '88c05a112f969658-SJC', 'alt-svc': 'h3=":443"; ma=86400'} 
 body={"results":[{"gender":"male","name":{"title":"Mr","first":"Conrado","last":"Corrales"},"location":{"street":{"number":8352,"name":"Calle Papua Nueva Guinea"},"city":"Komchen","state":"Guanajuato","country":"Mexico","postcode":23733,"coordinates":{"latitude":"24.2908","longitude":"-150.8984"},"timezone":{"offset":"+9:00","description":"Tokyo, Seoul, Osaka, Sapporo, Yakutsk"}},"email":"conrado.corrales@example.com","login":{"uuid":"24dd3652-c0d4-4a0a-8f3f-b92108e20a30","username":"bluezebra734","password":"weller","salt":"Ub2rPaOr","md5":"b0ab0b092c750645a707a86face6af57","sha1":"1fbb327e0d6de0051ff2a89b683644786eeec089","sha256":"0a917b45949a47776318c5890dab345dad7d82e6d455422e6c38d68a24f643c0"},"dob":{"date":"1979-03-12T10:53:22.692Z","age":45},"registered":{"date":"2005-06-12T10:36:20.265Z","age":18},"phone":"(605) 910 6202","cell":"(676) 500 4603","id":{"name":"NSS","value":"44 50 49 2640 6"},"picture":{"large":"https://randomuser.me/api/portraits/men/12.jpg","medium":"https://randomuser.me/api/portraits/med/men/12.jpg","thumbnail":"https://randomuser.me/api/portraits/thumb/men/12.jpg"},"nat":"MX"}],"info":{"seed":"09058ce6091ecd77","results":1,"page":1,"version":"1.4"}} 
 </msg>
<msg time="2024-05-30T17:12:55.317197" level="INFO">/opt/hostedtoolcache/Python/3.12.3/x64/lib/python3.12/site-packages/urllib3/connectionpool.py:1103: InsecureRequestWarning: Unverified HTTPS request is being made to host 'randomuser.me'. Adding certificate verification is strongly advised. See: https://urllib3.readthedocs.io/en/latest/advanced-usage.html#tls-warnings
  warnings.warn(</msg>
<msg time="2024-05-30T17:12:55.317318" level="INFO">${response} = &lt;Response [200]&gt;</msg>
<var>${response}</var>
<arg>consultarAPI</arg>
<arg>/api</arg>
<doc>Sends a GET request on a previously created HTTP Session.</doc>
<status status="PASS" start="2024-05-30T17:12:55.226608" elapsed="0.090749"/>
</kw>
<kw name="Set Variable" owner="BuiltIn">
<msg time="2024-05-30T17:12:55.318457" level="INFO">${json_data} = {'results': [{'gender': 'male', 'name': {'title': 'Mr', 'first': 'Conrado', 'last': 'Corrales'}, 'location': {'street': {'number': 8352, 'name': 'Calle Papua Nueva Guinea'}, 'city': 'Komchen', 'state'...</msg>
<var>${json_data}</var>
<arg>${response.json()}</arg>
<doc>Returns the given values which can then be assigned to a variables.</doc>
<status status="PASS" start="2024-05-30T17:12:55.317900" elapsed="0.000587"/>
</kw>
<kw name="Log" owner="BuiltIn">
<msg time="2024-05-30T17:12:55.319003" level="INFO">{'results': [{'gender': 'male', 'name': {'title': 'Mr', 'first': 'Conrado', 'last': 'Corrales'}, 'location': {'street': {'number': 8352, 'name': 'Calle Papua Nueva Guinea'}, 'city': 'Komchen', 'state': 'Guanajuato', 'country': 'Mexico', 'postcode': 23733, 'coordinates': {'latitude': '24.2908', 'longitude': '-150.8984'}, 'timezone': {'offset': '+9:00', 'description': 'Tokyo, Seoul, Osaka, Sapporo, Yakutsk'}}, 'email': 'conrado.corrales@example.com', 'login': {'uuid': '24dd3652-c0d4-4a0a-8f3f-b92108e20a30', 'username': 'bluezebra734', 'password': 'weller', 'salt': 'Ub2rPaOr', 'md5': 'b0ab0b092c750645a707a86face6af57', 'sha1': '1fbb327e0d6de0051ff2a89b683644786eeec089', 'sha256': '0a917b45949a47776318c5890dab345dad7d82e6d455422e6c38d68a24f643c0'}, 'dob': {'date': '1979-03-12T10:53:22.692Z', 'age': 45}, 'registered': {'date': '2005-06-12T10:36:20.265Z', 'age': 18}, 'phone': '(605) 910 6202', 'cell': '(676) 500 4603', 'id': {'name': 'NSS', 'value': '44 50 49 2640 6'}, 'picture': {'large': 'https://randomuser.me/api/portraits/men/12.jpg', 'medium': 'https://randomuser.me/api/portraits/med/men/12.jpg', 'thumbnail': 'https://randomuser.me/api/portraits/thumb/men/12.jpg'}, 'nat': 'MX'}], 'info': {'seed': '09058ce6091ecd77', 'results': 1, 'page': 1, 'version': '1.4'}}</msg>
<arg>${json_data}</arg>
<doc>Logs the given message with the given level.</doc>
<status status="PASS" start="2024-05-30T17:12:55.318834" elapsed="0.000255"/>
</kw>
<kw name="Should Be Equal As Numbers" owner="BuiltIn">
<arg>${json_data['results'][0]['location']['postcode']}</arg>
<arg>${json_data['results'][0]['location']['postcode']}</arg>
<doc>Fails if objects are unequal after converting them to real numbers.</doc>
<status status="PASS" start="2024-05-30T17:12:55.319410" elapsed="0.000730"/>
</kw>
<kw name="Log" owner="BuiltIn">
<msg time="2024-05-30T17:12:55.320717" level="INFO">23733</msg>
<arg>${json_data['results'][0]['location']['postcode']}</arg>
<doc>Logs the given message with the given level.</doc>
<status status="PASS" start="2024-05-30T17:12:55.320356" elapsed="0.000403"/>
</kw>
<status status="PASS" start="2024-05-30T17:12:55.226375" elapsed="0.094647"/>
</kw>
<doc>Testa se os tipos de dados na resposta da API estão corretos.</doc>
<tag>testeTiposDados</tag>
<status status="PASS" start="2024-05-30T17:12:55.066476" elapsed="0.254719"/>
</test>
<test id="s1-s1-t5" name="Validar conteudo" line="35">
<kw name="Teste de Tipos de Conteudo" owner="random-user-service">
<kw name="GET On Session" owner="RequestsLibrary">
<msg time="2024-05-30T17:12:55.609384" level="INFO">GET Request : url=https://randomuser.me/api 
 path_url=/api 
 headers={'User-Agent': 'python-requests/2.32.3', 'Accept-Encoding': 'gzip, deflate', 'Accept': '*/*', 'Connection': 'keep-alive'} 
 body=None 
 </msg>
<msg time="2024-05-30T17:12:55.609488" level="INFO">GET Response : url=https://randomuser.me/api 
 status=200, reason=OK 
 headers={'Date': 'Thu, 30 May 2024 17:12:55 GMT', 'Content-Type': 'application/json; charset=utf-8', 'Transfer-Encoding': 'chunked', 'Connection': 'keep-alive', 'X-Powered-By': 'Express', 'Access-Control-Allow-Origin': '*', 'Cache-Control': 'no-cache', 'ETag': 'W/"481-EuM4uIJyVldPXtu2SaLDTFyRwZQ"', 'Vary': 'Accept-Encoding', 'Content-Encoding': 'gzip', 'CF-Cache-Status': 'DYNAMIC', 'Report-To': '{"endpoints":[{"url":"https:\\/\\/a.nel.cloudflare.com\\/report\\/v4?s=mWRiid0%2Fauz2xTLcf%2B73LJIKIQtOnBrnL0IfSXz7kMwAbHLcjqeBMpTEEsJTAL142ATzonoyvUH7nh2aG%2FRELpCg38LXAp5fIwMruGAoZXBasQR0Vetbugt3pMSpAEj%2F"}],"group":"cf-nel","max_age":604800}', 'NEL': '{"success_fraction":0,"report_to":"cf-nel","max_age":604800}', 'Server': 'cloudflare', 'CF-RAY': '88c05a11c8069658-SJC', 'alt-svc': 'h3=":443"; ma=86400'} 
 body={"results":[{"gender":"female","name":{"title":"Ms","first":"Marianne","last":"Bélanger"},"location":{"street":{"number":6202,"name":"Cedar St"},"city":"Port Elgin","state":"Alberta","country":"Canada","postcode":"S3U 8M6","coordinates":{"latitude":"-71.9810","longitude":"2.8102"},"timezone":{"offset":"+5:45","description":"Kathmandu"}},"email":"marianne.belanger@example.com","login":{"uuid":"c2cb93a0-0c21-4fda-93be-a10e389e866c","username":"tinyostrich185","password":"qwerqwer","salt":"Uih02Pvo","md5":"9e14fa6d50a90930c0a7713fd41388c7","sha1":"ab42f92153ba761bf8611e470170a382dfddd4f9","sha256":"cad7c23ff83e6c5f5dee7d2a61449aec1e1e65275671606d8e1224f5cf251c90"},"dob":{"date":"1947-06-23T22:24:47.537Z","age":76},"registered":{"date":"2020-06-16T06:09:09.015Z","age":3},"phone":"N68 O43-7464","cell":"O67 F33-6338","id":{"name":"SIN","value":"573107869"},"picture":{"large":"https://randomuser.me/api/portraits/women/20.jpg","medium":"https://randomuser.me/api/portraits/med/women/20.jpg","thumbnail":"https://randomuser.me/api/portraits/thumb/women/20.jpg"},"nat":"CA"}],"info":{"seed":"42d97279d0db2d07","results":1,"page":1,"version":"1.4"}} 
 </msg>
<msg time="2024-05-30T17:12:55.609568" level="INFO">/opt/hostedtoolcache/Python/3.12.3/x64/lib/python3.12/site-packages/urllib3/connectionpool.py:1103: InsecureRequestWarning: Unverified HTTPS request is being made to host 'randomuser.me'. Adding certificate verification is strongly advised. See: https://urllib3.readthedocs.io/en/latest/advanced-usage.html#tls-warnings
  warnings.warn(</msg>
<msg time="2024-05-30T17:12:55.609692" level="INFO">${response} = &lt;Response [200]&gt;</msg>
<var>${response}</var>
<arg>consultarAPI</arg>
<arg>/api</arg>
<doc>Sends a GET request on a previously created HTTP Session.</doc>
<status status="PASS" start="2024-05-30T17:12:55.323798" elapsed="0.285927"/>
</kw>
<kw name="Set Variable" owner="BuiltIn">
<msg time="2024-05-30T17:12:55.610820" level="INFO">${json_data} = {'results': [{'gender': 'female', 'name': {'title': 'Ms', 'first': 'Marianne', 'last': 'Bélanger'}, 'location': {'street': {'number': 6202, 'name': 'Cedar St'}, 'city': 'Port Elgin', 'state': 'Alberta...</msg>
<var>${json_data}</var>
<arg>${response.json()}</arg>
<doc>Returns the given values which can then be assigned to a variables.</doc>
<status status="PASS" start="2024-05-30T17:12:55.610298" elapsed="0.000551"/>
</kw>
<kw name="Set Variable" owner="BuiltIn">
<msg time="2024-05-30T17:12:55.611554" level="INFO">${name_title} = Ms</msg>
<var>${name_title}</var>
<arg>${json_data["results"][0]["name"]["title"]}</arg>
<doc>Returns the given values which can then be assigned to a variables.</doc>
<status status="PASS" start="2024-05-30T17:12:55.611153" elapsed="0.000427"/>
</kw>
<kw name="Create List" owner="BuiltIn">
<msg time="2024-05-30T17:12:55.612087" level="INFO">${allowed_titles} = ['Mr', 'Ms', 'Miss', 'Mrs', 'Madame', 'Monsieur']</msg>
<var>${allowed_titles}</var>
<arg>Mr</arg>
<arg>Ms</arg>
<arg>Miss</arg>
<arg>Mrs</arg>
<arg>Madame</arg>
<arg>Monsieur</arg>
<doc>Returns a list containing given items.</doc>
<status status="PASS" start="2024-05-30T17:12:55.611889" elapsed="0.000224"/>
</kw>
<kw name="List Should Contain Value" owner="Collections">
<msg time="2024-05-30T17:12:55.612603" level="INFO">False</msg>
<arg>${allowed_titles}</arg>
<arg>${name_title}</arg>
<doc>Fails if the ``value`` is not found from ``list``.</doc>
<status status="PASS" start="2024-05-30T17:12:55.612427" elapsed="0.000215"/>
</kw>
<kw name="Set Variable" owner="BuiltIn">
<msg time="2024-05-30T17:12:55.613509" level="INFO">${name_country} = CA</msg>
<var>${name_country}</var>
<arg>${json_data["results"][0]["nat"]}</arg>
<doc>Returns the given values which can then be assigned to a variables.</doc>
<status status="PASS" start="2024-05-30T17:12:55.612938" elapsed="0.000597"/>
</kw>
<kw name="Create List" owner="BuiltIn">
<msg time="2024-05-30T17:12:55.614441" level="INFO">${list_country} = ['AD', 'AE', 'AF', 'AG', 'AI', 'AL', 'AM', 'AO', 'AQ', 'AR', 'AS', 'AT', 'AU', 'AW', 'AX', 'AZ', 'BA', 'BB', 'BD', 'BE', 'BF', 'BG', 'BH', 'BI', 'BJ', 'BL', 'BM', 'BN', 'BO', 'BQ', 'BR', 'BS', 'BT', '...</msg>
<var>${list_country}</var>
<arg>AD</arg>
<arg>AE</arg>
<arg>AF</arg>
<arg>AG</arg>
<arg>AI</arg>
<arg>AL</arg>
<arg>AM</arg>
<arg>AO</arg>
<arg>AQ</arg>
<arg>AR</arg>
<arg>AS</arg>
<arg>AT</arg>
<arg>AU</arg>
<arg>AW</arg>
<arg>AX</arg>
<arg>AZ</arg>
<arg>BA</arg>
<arg>BB</arg>
<arg>BD</arg>
<arg>BE</arg>
<arg>BF</arg>
<arg>BG</arg>
<arg>BH</arg>
<arg>BI</arg>
<arg>BJ</arg>
<arg>BL</arg>
<arg>BM</arg>
<arg>BN</arg>
<arg>BO</arg>
<arg>BQ</arg>
<arg>BR</arg>
<arg>BS</arg>
<arg>BT</arg>
<arg>BV</arg>
<arg>BW</arg>
<arg>BY</arg>
<arg>BZ</arg>
<arg>CA</arg>
<arg>CC</arg>
<arg>CD</arg>
<arg>CF</arg>
<arg>CG</arg>
<arg>CH</arg>
<arg>CI</arg>
<arg>CK</arg>
<arg>CL</arg>
<arg>CM</arg>
<arg>CN</arg>
<arg>CO</arg>
<arg>CR</arg>
<arg>CU</arg>
<arg>CV</arg>
<arg>CW</arg>
<arg>CX</arg>
<arg>CY</arg>
<arg>CZ</arg>
<arg>DE</arg>
<arg>DJ</arg>
<arg>DK</arg>
<arg>DM</arg>
<arg>DO</arg>
<arg>DZ</arg>
<arg>EC</arg>
<arg>EE</arg>
<arg>EG</arg>
<arg>EH</arg>
<arg>ER</arg>
<arg>ES</arg>
<arg>ET</arg>
<arg>FI</arg>
<arg>FJ</arg>
<arg>FK</arg>
<arg>FM</arg>
<arg>FO</arg>
<arg>FR</arg>
<arg>GA</arg>
<arg>GB</arg>
<arg>GD</arg>
<arg>GE</arg>
<arg>GF</arg>
<arg>GG</arg>
<arg>GH</arg>
<arg>GI</arg>
<arg>GL</arg>
<arg>GM</arg>
<arg>GN</arg>
<arg>GP</arg>
<arg>GQ</arg>
<arg>GR</arg>
<arg>GS</arg>
<arg>GT</arg>
<arg>GU</arg>
<arg>GW</arg>
<arg>GY</arg>
<arg>HK</arg>
<arg>HM</arg>
<arg>HN</arg>
<arg>HR</arg>
<arg>HT</arg>
<arg>HU</arg>
<arg>ID</arg>
<arg>IE</arg>
<arg>IL</arg>
<arg>IM</arg>
<arg>IN</arg>
<arg>IO</arg>
<arg>IQ</arg>
<arg>IR</arg>
<arg>IS</arg>
<arg>IT</arg>
<arg>JE</arg>
<arg>JM</arg>
<arg>JO</arg>
<arg>JP</arg>
<arg>KE</arg>
<arg>KG</arg>
<arg>KH</arg>
<arg>KI</arg>
<arg>KM</arg>
<arg>KN</arg>
<arg>KP</arg>
<arg>KR</arg>
<arg>KW</arg>
<arg>KY</arg>
<arg>KZ</arg>
<arg>LA</arg>
<arg>LB</arg>
<arg>LC</arg>
<arg>LI</arg>
<arg>LK</arg>
<arg>LR</arg>
<arg>LS</arg>
<arg>LT</arg>
<arg>LU</arg>
<arg>LV</arg>
<arg>LY</arg>
<arg>MA</arg>
<arg>MC</arg>
<arg>MD</arg>
<arg>ME</arg>
<arg>MF</arg>
<arg>MG</arg>
<arg>MH</arg>
<arg>MK</arg>
<arg>ML</arg>
<arg>MM</arg>
<arg>MN</arg>
<arg>MO</arg>
<arg>MP</arg>
<arg>MQ</arg>
<arg>MR</arg>
<arg>MS</arg>
<arg>MT</arg>
<arg>MU</arg>
<arg>MV</arg>
<arg>MW</arg>
<arg>MX</arg>
<arg>MY</arg>
<arg>MZ</arg>
<arg>NA</arg>
<arg>NC</arg>
<arg>NE</arg>
<arg>NF</arg>
<arg>NG</arg>
<arg>NI</arg>
<arg>NL</arg>
<arg>NO</arg>
<arg>NP</arg>
<arg>NR</arg>
<arg>NU</arg>
<arg>NZ</arg>
<arg>OM</arg>
<arg>PA</arg>
<arg>PE</arg>
<arg>PF</arg>
<arg>PG</arg>
<arg>PH</arg>
<arg>PK</arg>
<arg>PL</arg>
<arg>PM</arg>
<arg>PN</arg>
<arg>PR</arg>
<arg>PS</arg>
<arg>PT</arg>
<arg>PW</arg>
<arg>PY</arg>
<arg>QA</arg>
<arg>RE</arg>
<arg>RO</arg>
<arg>RS</arg>
<arg>RU</arg>
<arg>RW</arg>
<arg>SA</arg>
<arg>SB</arg>
<arg>SC</arg>
<arg>SD</arg>
<arg>SE</arg>
<arg>SG</arg>
<arg>SH</arg>
<arg>SI</arg>
<arg>SJ</arg>
<arg>SK</arg>
<arg>SL</arg>
<arg>SM</arg>
<arg>SN</arg>
<arg>SO</arg>
<arg>SR</arg>
<arg>SS</arg>
<arg>ST</arg>
<arg>SV</arg>
<arg>SX</arg>
<arg>SY</arg>
<arg>SZ</arg>
<arg>TC</arg>
<arg>TD</arg>
<arg>TF</arg>
<arg>TG</arg>
<arg>TH</arg>
<arg>TJ</arg>
<arg>TK</arg>
<arg>TL</arg>
<arg>TM</arg>
<arg>TN</arg>
<arg>TO</arg>
<arg>TR</arg>
<arg>TT</arg>
<arg>TV</arg>
<arg>TW</arg>
<arg>TZ</arg>
<arg>UA</arg>
<arg>UG</arg>
<arg>UM</arg>
<arg>US</arg>
<arg>UY</arg>
<arg>UZ</arg>
<arg>VA</arg>
<arg>VC</arg>
<arg>VE</arg>
<arg>VG</arg>
<arg>VI</arg>
<arg>VN</arg>
<arg>VU</arg>
<arg>WF</arg>
<arg>WS</arg>
<arg>XK</arg>
<arg>YE</arg>
<arg>YT</arg>
<arg>ZA</arg>
<arg>ZM</arg>
<arg>ZW</arg>
<doc>Returns a list containing given items.</doc>
<status status="PASS" start="2024-05-30T17:12:55.613842" elapsed="0.000624"/>
</kw>
<kw name="List Should Contain Value" owner="Collections">
<msg time="2024-05-30T17:12:55.615454" level="INFO">False</msg>
<arg>${list_country}</arg>
<arg>${name_country}</arg>
<doc>Fails if the ``value`` is not found from ``list``.</doc>
<status status="PASS" start="2024-05-30T17:12:55.615252" elapsed="0.000237"/>
</kw>
<kw name="Run Keyword If" owner="BuiltIn">
<kw name="Should Be True" owner="BuiltIn">
<arg>${True}</arg>
<doc>Fails if the given condition is not true.</doc>
<status status="PASS" start="2024-05-30T17:12:55.616595" elapsed="0.000146"/>
</kw>
<arg>${json_data["results"][0]["location"]["coordinates"]["latitude"]} &gt;= -90 and ${json_data["results"][0]["location"]["coordinates"]["latitude"]} &lt;= 90</arg>
<arg>Should Be True</arg>
<arg>${True}</arg>
<doc>Runs the given keyword with the given arguments, if ``condition`` is true.</doc>
<status status="PASS" start="2024-05-30T17:12:55.615799" elapsed="0.001069"/>
</kw>
<kw name="Run Keyword If" owner="BuiltIn">
<kw name="Should Be True" owner="BuiltIn">
<arg>${True}</arg>
<doc>Fails if the given condition is not true.</doc>
<status status="PASS" start="2024-05-30T17:12:55.617767" elapsed="0.000139"/>
</kw>
<arg>${json_data["results"][0]["location"]["coordinates"]["longitude"]} &gt;= -180 and ${json_data["results"][0]["location"]["coordinates"]["longitude"]} &lt;= 180</arg>
<arg>Should Be True</arg>
<arg>${True}</arg>
<doc>Runs the given keyword with the given arguments, if ``condition`` is true.</doc>
<status status="PASS" start="2024-05-30T17:12:55.617058" elapsed="0.000970"/>
</kw>
<status status="PASS" start="2024-05-30T17:12:55.323560" elapsed="0.294599"/>
</kw>
<doc>Testa o conteúdo específico dos campos retornados pela API.</doc>
<tag>testeConteudo</tag>
<status status="PASS" start="2024-05-30T17:12:55.322990" elapsed="0.295327"/>
</test>
<status status="PASS" start="2024-05-30T17:12:54.496849" elapsed="1.123444"/>
</suite>
<status status="PASS" start="2024-05-30T17:12:54.483181" elapsed="1.142331"/>
</suite>
<statistics>
<total>
<stat pass="5" fail="0" skip="0">All Tests</stat>
</total>
<tag>
<stat pass="1" fail="0" skip="0">testeConteudo</stat>
<stat pass="1" fail="0" skip="0">testeEstruturaResposta</stat>
<stat pass="1" fail="0" skip="0">testeRequisicaoBasica</stat>
<stat pass="1" fail="0" skip="0">testeTiposDados</stat>
</tag>
<suite>
<stat pass="5" fail="0" skip="0" id="s1" name="Tests">Tests</stat>
<stat pass="5" fail="0" skip="0" id="s1-s1" name="Random-User-Test">Tests.Random-User-Test</stat>
</suite>
</statistics>
<errors>
</errors>
</robot>
