<?xml version="1.0" encoding="UTF-8"?>
<robot generator="Robot 7.0.1 (Python 3.12.4 on linux)" generated="2024-08-10T16:18:42.868396" rpa="false" schemaversion="5">
<suite id="s1" name="Tests" source="/home/runner/work/ApiRandomUser/ApiRandomUser/RamdonUser/tests">
<suite id="s1-s1" name="Random-User-Test" source="/home/runner/work/ApiRandomUser/ApiRandomUser/RamdonUser/tests/random-user-test.robot">
<test id="s1-s1-t1" name="Conectar" line="13">
<kw name="Conectar API" owner="random-user-service">
<kw name="Create Session" owner="RequestsLibrary">
<msg time="2024-08-10T16:18:43.261204" level="INFO">Creating Session using : alias=consultarAPI, url=https://randomuser.me/, headers={},                     cookies={}, auth=None, timeout=None, proxies=None, verify=False,                     debug=0 </msg>
<arg>consultarAPI</arg>
<arg>${URL}</arg>
<doc>Create Session: create a HTTP session to a server</doc>
<status status="PASS" start="2024-08-10T16:18:43.261014" elapsed="0.000353"/>
</kw>
<status status="PASS" start="2024-08-10T16:18:43.259999" elapsed="0.001712"/>
</kw>
<status status="PASS" start="2024-08-10T16:18:43.259398" elapsed="0.002503"/>
</test>
<test id="s1-s1-t2" name="Validar retorno 200 e JSON Válido" line="16">
<kw name="Teste de Requisicao Basica" owner="random-user-service">
<kw name="GET On Session" owner="RequestsLibrary">
<msg time="2024-08-10T16:18:43.354266" level="INFO">GET Request : url=https://randomuser.me/api 
 path_url=/api 
 headers={'User-Agent': 'python-requests/2.32.3', 'Accept-Encoding': 'gzip, deflate', 'Accept': '*/*', 'Connection': 'keep-alive'} 
 body=None 
 </msg>
<msg time="2024-08-10T16:18:43.354418" level="INFO">GET Response : url=https://randomuser.me/api 
 status=200, reason=OK 
 headers={'Date': 'Sat, 10 Aug 2024 16:18:43 GMT', 'Content-Type': 'application/json; charset=utf-8', 'Transfer-Encoding': 'chunked', 'Connection': 'keep-alive', 'X-Powered-By': 'Express', 'Access-Control-Allow-Origin': '*', 'Cache-Control': 'no-cache', 'ETag': 'W/"466-2ow928ZOUyDljhjN6OqR6CQ7zqg"', 'Vary': 'Accept-Encoding', 'Content-Encoding': 'gzip', 'CF-Cache-Status': 'DYNAMIC', 'Report-To': '{"endpoints":[{"url":"https:\\/\\/a.nel.cloudflare.com\\/report\\/v4?s=jie6cNpq5V8qDpn4Dvx9LiflFpv7ih0bSIjYYw6%2BSQXO10E%2BmqXUrpTcCPaH4aS9TxgNlr4L6aC9U%2BY2vzB7%2F1yjl59eHqpcm6q3FpgjuXvzt2F9lHBMoCvXNewFfuyB"}],"group":"cf-nel","max_age":604800}', 'NEL': '{"success_fraction":0,"report_to":"cf-nel","max_age":604800}', 'Server': 'cloudflare', 'CF-RAY': '8b114dac982ec968-IAD', 'alt-svc': 'h3=":443"; ma=86400'} 
 body={"results":[{"gender":"female","name":{"title":"Ms","first":"Nalan","last":"Kıraç"},"location":{"street":{"number":5758,"name":"Kushimoto Sk"},"city":"Adana","state":"Elazığ","country":"Turkey","postcode":78747,"coordinates":{"latitude":"68.9466","longitude":"99.6399"},"timezone":{"offset":"-9:00","description":"Alaska"}},"email":"nalan.kirac@example.com","login":{"uuid":"b8e19304-c1d5-4087-ae2e-4d4ae43d3c90","username":"whitefish853","password":"buffett","salt":"hZudFEx4","md5":"7dd38780aa061cb0a1a709c97af7eead","sha1":"6cbc09e0e73f325e4ee7ae0f613b6b24a31f2a2b","sha256":"248af6ea4b803574c403ae1dedb259d4baa19c157de9d36bc1edf1bd28abf645"},"dob":{"date":"1958-12-19T01:04:26.037Z","age":65},"registered":{"date":"2015-07-03T03:09:04.395Z","age":9},"phone":"(228)-276-0506","cell":"(784)-149-6903","id":{"name":"","value":null},"picture":{"large":"https://randomuser.me/api/portraits/women/88.jpg","medium":"https://randomuser.me/api/portraits/med/women/88.jpg","thumbnail":"https://randomuser.me/api/portraits/thumb/women/88.jpg"},"nat":"TR"}],"info":{"seed":"53c8fe6d9c9d4353","results":1,"page":1,"version":"1.4"}} 
 </msg>
<msg time="2024-08-10T16:18:43.354515" level="INFO">/opt/hostedtoolcache/Python/3.12.4/x64/lib/python3.12/site-packages/urllib3/connectionpool.py:1099: InsecureRequestWarning: Unverified HTTPS request is being made to host 'randomuser.me'. Adding certificate verification is strongly advised. See: https://urllib3.readthedocs.io/en/latest/advanced-usage.html#tls-warnings
  warnings.warn(</msg>
<msg time="2024-08-10T16:18:43.354641" level="INFO">${response} = &lt;Response [200]&gt;</msg>
<var>${response}</var>
<arg>consultarAPI</arg>
<arg>/api</arg>
<doc>Sends a GET request on a previously created HTTP Session.</doc>
<status status="PASS" start="2024-08-10T16:18:43.264558" elapsed="0.090125"/>
</kw>
<kw name="Should Be Equal As Numbers" owner="BuiltIn">
<msg time="2024-08-10T16:18:43.355579" level="INFO">Argument types are:
&lt;class 'int'&gt;
&lt;class 'str'&gt;</msg>
<arg>${response.status_code}</arg>
<arg>200</arg>
<doc>Fails if objects are unequal after converting them to real numbers.</doc>
<status status="PASS" start="2024-08-10T16:18:43.355155" elapsed="0.000489"/>
</kw>
<kw name="Log" owner="BuiltIn">
<msg time="2024-08-10T16:18:43.356325" level="INFO">200</msg>
<arg>${response.status_code}</arg>
<doc>Logs the given message with the given level.</doc>
<status status="PASS" start="2024-08-10T16:18:43.355962" elapsed="0.000406"/>
</kw>
<kw name="Set Variable" owner="BuiltIn">
<msg time="2024-08-10T16:18:43.357127" level="INFO">${json_data} = {'results': [{'gender': 'female', 'name': {'title': 'Ms', 'first': 'Nalan', 'last': 'Kıraç'}, 'location': {'street': {'number': 5758, 'name': 'Kushimoto Sk'}, 'city': 'Adana', 'state': 'Elazığ', 'coun...</msg>
<var>${json_data}</var>
<arg>${response.json()}</arg>
<doc>Returns the given values which can then be assigned to a variables.</doc>
<status status="PASS" start="2024-08-10T16:18:43.356680" elapsed="0.000478"/>
</kw>
<kw name="Dictionary Should Contain Key" owner="Collections">
<arg>${json_data}</arg>
<arg>results</arg>
<doc>Fails if ``key`` is not found from ``dictionary``.</doc>
<status status="PASS" start="2024-08-10T16:18:43.357468" elapsed="0.000301"/>
</kw>
<status status="PASS" start="2024-08-10T16:18:43.264315" elapsed="0.093605"/>
</kw>
<doc>Testa se a API responde corretamente e retorna um objeto JSON válido.</doc>
<tag>testeRequisicaoBasica</tag>
<status status="PASS" start="2024-08-10T16:18:43.263776" elapsed="0.094312"/>
</test>
<test id="s1-s1-t3" name="Validar estrutura de resposta" line="22">
<kw name="Teste de Estrutura de Resposta" owner="random-user-service">
<kw name="GET On Session" owner="RequestsLibrary">
<msg time="2024-08-10T16:18:43.434504" level="INFO">GET Request : url=https://randomuser.me/api 
 path_url=/api 
 headers={'User-Agent': 'python-requests/2.32.3', 'Accept-Encoding': 'gzip, deflate', 'Accept': '*/*', 'Connection': 'keep-alive'} 
 body=None 
 </msg>
<msg time="2024-08-10T16:18:43.434591" level="INFO">GET Response : url=https://randomuser.me/api 
 status=200, reason=OK 
 headers={'Date': 'Sat, 10 Aug 2024 16:18:43 GMT', 'Content-Type': 'application/json; charset=utf-8', 'Transfer-Encoding': 'chunked', 'Connection': 'keep-alive', 'X-Powered-By': 'Express', 'Access-Control-Allow-Origin': '*', 'Cache-Control': 'no-cache', 'ETag': 'W/"47f-5pHzlT8+UoZQXg9bxTuRVZuqz9M"', 'Vary': 'Accept-Encoding', 'Content-Encoding': 'gzip', 'CF-Cache-Status': 'DYNAMIC', 'Report-To': '{"endpoints":[{"url":"https:\\/\\/a.nel.cloudflare.com\\/report\\/v4?s=nS6KTGg2AseW3vNsp6KAu9kLxKfnKpuwJHQeAgwzXhDnVGfiStZ09vr81tTJd4N3lFJhCkXkKKaubeuP184ciDkU26I80tH3bt3PpQQqUDnlMshjpU62M%2FOfu31FV0RX"}],"group":"cf-nel","max_age":604800}', 'NEL': '{"success_fraction":0,"report_to":"cf-nel","max_age":604800}', 'Server': 'cloudflare', 'CF-RAY': '8b114dad0920c968-IAD', 'alt-svc': 'h3=":443"; ma=86400'} 
 body={"results":[{"gender":"male","name":{"title":"Mr","first":"Brent","last":"Lynch"},"location":{"street":{"number":9820,"name":"Eason Rd"},"city":"Oxnard","state":"Massachusetts","country":"United States","postcode":85794,"coordinates":{"latitude":"85.2859","longitude":"-144.3100"},"timezone":{"offset":"+9:30","description":"Adelaide, Darwin"}},"email":"brent.lynch@example.com","login":{"uuid":"18ef3a6d-833e-4412-a14e-4bbeada13524","username":"goldenswan337","password":"absolute","salt":"Gml6qejx","md5":"a88b889163eb3f03a21a5139175776dc","sha1":"6e91c09a2719e8b2b2419fd97a7db3ba2d284831","sha256":"5bf99394df92356278799c35e0a07dad15b217d7e8997787e2a1ce9182cb77c2"},"dob":{"date":"1987-03-04T04:20:26.824Z","age":37},"registered":{"date":"2017-01-21T07:53:01.611Z","age":7},"phone":"(786) 223-1327","cell":"(493) 891-0446","id":{"name":"SSN","value":"330-23-5834"},"picture":{"large":"https://randomuser.me/api/portraits/men/91.jpg","medium":"https://randomuser.me/api/portraits/med/men/91.jpg","thumbnail":"https://randomuser.me/api/portraits/thumb/men/91.jpg"},"nat":"US"}],"info":{"seed":"7b7a4eecb220d2d5","results":1,"page":1,"version":"1.4"}} 
 </msg>
<msg time="2024-08-10T16:18:43.434716" level="INFO">/opt/hostedtoolcache/Python/3.12.4/x64/lib/python3.12/site-packages/urllib3/connectionpool.py:1099: InsecureRequestWarning: Unverified HTTPS request is being made to host 'randomuser.me'. Adding certificate verification is strongly advised. See: https://urllib3.readthedocs.io/en/latest/advanced-usage.html#tls-warnings
  warnings.warn(</msg>
<msg time="2024-08-10T16:18:43.434848" level="INFO">${response} = &lt;Response [200]&gt;</msg>
<var>${response}</var>
<arg>consultarAPI</arg>
<arg>/api</arg>
<doc>Sends a GET request on a previously created HTTP Session.</doc>
<status status="PASS" start="2024-08-10T16:18:43.361061" elapsed="0.073828"/>
</kw>
<kw name="Set Variable" owner="BuiltIn">
<msg time="2024-08-10T16:18:43.435869" level="INFO">${json_data} = {'results': [{'gender': 'male', 'name': {'title': 'Mr', 'first': 'Brent', 'last': 'Lynch'}, 'location': {'street': {'number': 9820, 'name': 'Eason Rd'}, 'city': 'Oxnard', 'state': 'Massachusetts', 'co...</msg>
<var>${json_data}</var>
<arg>${response.json()}</arg>
<doc>Returns the given values which can then be assigned to a variables.</doc>
<status status="PASS" start="2024-08-10T16:18:43.435320" elapsed="0.000577"/>
</kw>
<kw name="Log" owner="BuiltIn">
<msg time="2024-08-10T16:18:43.436357" level="INFO">{'results': [{'gender': 'male', 'name': {'title': 'Mr', 'first': 'Brent', 'last': 'Lynch'}, 'location': {'street': {'number': 9820, 'name': 'Eason Rd'}, 'city': 'Oxnard', 'state': 'Massachusetts', 'country': 'United States', 'postcode': 85794, 'coordinates': {'latitude': '85.2859', 'longitude': '-144.3100'}, 'timezone': {'offset': '+9:30', 'description': 'Adelaide, Darwin'}}, 'email': 'brent.lynch@example.com', 'login': {'uuid': '18ef3a6d-833e-4412-a14e-4bbeada13524', 'username': 'goldenswan337', 'password': 'absolute', 'salt': 'Gml6qejx', 'md5': 'a88b889163eb3f03a21a5139175776dc', 'sha1': '6e91c09a2719e8b2b2419fd97a7db3ba2d284831', 'sha256': '5bf99394df92356278799c35e0a07dad15b217d7e8997787e2a1ce9182cb77c2'}, 'dob': {'date': '1987-03-04T04:20:26.824Z', 'age': 37}, 'registered': {'date': '2017-01-21T07:53:01.611Z', 'age': 7}, 'phone': '(786) 223-1327', 'cell': '(493) 891-0446', 'id': {'name': 'SSN', 'value': '330-23-5834'}, 'picture': {'large': 'https://randomuser.me/api/portraits/men/91.jpg', 'medium': 'https://randomuser.me/api/portraits/med/men/91.jpg', 'thumbnail': 'https://randomuser.me/api/portraits/thumb/men/91.jpg'}, 'nat': 'US'}], 'info': {'seed': '7b7a4eecb220d2d5', 'results': 1, 'page': 1, 'version': '1.4'}}</msg>
<arg>${json_data}</arg>
<doc>Logs the given message with the given level.</doc>
<status status="PASS" start="2024-08-10T16:18:43.436201" elapsed="0.000203"/>
</kw>
<kw name="Dictionary Should Contain Key" owner="Collections">
<arg>${json_data}</arg>
<arg>results</arg>
<doc>Fails if ``key`` is not found from ``dictionary``.</doc>
<status status="PASS" start="2024-08-10T16:18:43.436695" elapsed="0.000161"/>
</kw>
<kw name="Should Not Be Empty" owner="BuiltIn">
<msg time="2024-08-10T16:18:43.437163" level="INFO">Length is 2.</msg>
<arg>${json_data}</arg>
<doc>Verifies that the given item is not empty.</doc>
<status status="PASS" start="2024-08-10T16:18:43.437039" elapsed="0.000162"/>
</kw>
<kw name="Create List" owner="BuiltIn">
<msg time="2024-08-10T16:18:43.437638" level="INFO">${expected_keys} = ['gender', 'name', 'location', 'email', 'login']</msg>
<var>${expected_keys}</var>
<arg>gender</arg>
<arg>name</arg>
<arg>location</arg>
<arg>email</arg>
<arg>login</arg>
<doc>Returns a list containing given items.</doc>
<status status="PASS" start="2024-08-10T16:18:43.437487" elapsed="0.000176"/>
</kw>
<for flavor="IN">
<iter>
<kw name="Dictionary Should Contain Key" owner="Collections">
<arg>${json_data['results'][0]}</arg>
<arg>${key}</arg>
<doc>Fails if ``key`` is not found from ``dictionary``.</doc>
<status status="PASS" start="2024-08-10T16:18:43.438232" elapsed="0.000415"/>
</kw>
<kw name="Log" owner="BuiltIn">
<msg time="2024-08-10T16:18:43.439247" level="INFO">{'gender': 'male', 'name': {'title': 'Mr', 'first': 'Brent', 'last': 'Lynch'}, 'location': {'street': {'number': 9820, 'name': 'Eason Rd'}, 'city': 'Oxnard', 'state': 'Massachusetts', 'country': 'United States', 'postcode': 85794, 'coordinates': {'latitude': '85.2859', 'longitude': '-144.3100'}, 'timezone': {'offset': '+9:30', 'description': 'Adelaide, Darwin'}}, 'email': 'brent.lynch@example.com', 'login': {'uuid': '18ef3a6d-833e-4412-a14e-4bbeada13524', 'username': 'goldenswan337', 'password': 'absolute', 'salt': 'Gml6qejx', 'md5': 'a88b889163eb3f03a21a5139175776dc', 'sha1': '6e91c09a2719e8b2b2419fd97a7db3ba2d284831', 'sha256': '5bf99394df92356278799c35e0a07dad15b217d7e8997787e2a1ce9182cb77c2'}, 'dob': {'date': '1987-03-04T04:20:26.824Z', 'age': 37}, 'registered': {'date': '2017-01-21T07:53:01.611Z', 'age': 7}, 'phone': '(786) 223-1327', 'cell': '(493) 891-0446', 'id': {'name': 'SSN', 'value': '330-23-5834'}, 'picture': {'large': 'https://randomuser.me/api/portraits/men/91.jpg', 'medium': 'https://randomuser.me/api/portraits/med/men/91.jpg', 'thumbnail': 'https://randomuser.me/api/portraits/thumb/men/91.jpg'}, 'nat': 'US'}</msg>
<arg>${json_data['results'][0]}</arg>
<doc>Logs the given message with the given level.</doc>
<status status="PASS" start="2024-08-10T16:18:43.438874" elapsed="0.000431"/>
</kw>
<kw name="Log" owner="BuiltIn">
<msg time="2024-08-10T16:18:43.439740" level="INFO">gender</msg>
<arg>${key}</arg>
<doc>Logs the given message with the given level.</doc>
<status status="PASS" start="2024-08-10T16:18:43.439608" elapsed="0.000171"/>
</kw>
<var name="${key}">gender</var>
<status status="PASS" start="2024-08-10T16:18:43.438108" elapsed="0.001894"/>
</iter>
<iter>
<kw name="Dictionary Should Contain Key" owner="Collections">
<arg>${json_data['results'][0]}</arg>
<arg>${key}</arg>
<doc>Fails if ``key`` is not found from ``dictionary``.</doc>
<status status="PASS" start="2024-08-10T16:18:43.440309" elapsed="0.000403"/>
</kw>
<kw name="Log" owner="BuiltIn">
<msg time="2024-08-10T16:18:43.441252" level="INFO">{'gender': 'male', 'name': {'title': 'Mr', 'first': 'Brent', 'last': 'Lynch'}, 'location': {'street': {'number': 9820, 'name': 'Eason Rd'}, 'city': 'Oxnard', 'state': 'Massachusetts', 'country': 'United States', 'postcode': 85794, 'coordinates': {'latitude': '85.2859', 'longitude': '-144.3100'}, 'timezone': {'offset': '+9:30', 'description': 'Adelaide, Darwin'}}, 'email': 'brent.lynch@example.com', 'login': {'uuid': '18ef3a6d-833e-4412-a14e-4bbeada13524', 'username': 'goldenswan337', 'password': 'absolute', 'salt': 'Gml6qejx', 'md5': 'a88b889163eb3f03a21a5139175776dc', 'sha1': '6e91c09a2719e8b2b2419fd97a7db3ba2d284831', 'sha256': '5bf99394df92356278799c35e0a07dad15b217d7e8997787e2a1ce9182cb77c2'}, 'dob': {'date': '1987-03-04T04:20:26.824Z', 'age': 37}, 'registered': {'date': '2017-01-21T07:53:01.611Z', 'age': 7}, 'phone': '(786) 223-1327', 'cell': '(493) 891-0446', 'id': {'name': 'SSN', 'value': '330-23-5834'}, 'picture': {'large': 'https://randomuser.me/api/portraits/men/91.jpg', 'medium': 'https://randomuser.me/api/portraits/med/men/91.jpg', 'thumbnail': 'https://randomuser.me/api/portraits/thumb/men/91.jpg'}, 'nat': 'US'}</msg>
<arg>${json_data['results'][0]}</arg>
<doc>Logs the given message with the given level.</doc>
<status status="PASS" start="2024-08-10T16:18:43.440897" elapsed="0.000435"/>
</kw>
<kw name="Log" owner="BuiltIn">
<msg time="2024-08-10T16:18:43.441770" level="INFO">name</msg>
<arg>${key}</arg>
<doc>Logs the given message with the given level.</doc>
<status status="PASS" start="2024-08-10T16:18:43.441631" elapsed="0.000178"/>
</kw>
<var name="${key}">name</var>
<status status="PASS" start="2024-08-10T16:18:43.440190" elapsed="0.001837"/>
</iter>
<iter>
<kw name="Dictionary Should Contain Key" owner="Collections">
<arg>${json_data['results'][0]}</arg>
<arg>${key}</arg>
<doc>Fails if ``key`` is not found from ``dictionary``.</doc>
<status status="PASS" start="2024-08-10T16:18:43.442316" elapsed="0.000399"/>
</kw>
<kw name="Log" owner="BuiltIn">
<msg time="2024-08-10T16:18:43.443290" level="INFO">{'gender': 'male', 'name': {'title': 'Mr', 'first': 'Brent', 'last': 'Lynch'}, 'location': {'street': {'number': 9820, 'name': 'Eason Rd'}, 'city': 'Oxnard', 'state': 'Massachusetts', 'country': 'United States', 'postcode': 85794, 'coordinates': {'latitude': '85.2859', 'longitude': '-144.3100'}, 'timezone': {'offset': '+9:30', 'description': 'Adelaide, Darwin'}}, 'email': 'brent.lynch@example.com', 'login': {'uuid': '18ef3a6d-833e-4412-a14e-4bbeada13524', 'username': 'goldenswan337', 'password': 'absolute', 'salt': 'Gml6qejx', 'md5': 'a88b889163eb3f03a21a5139175776dc', 'sha1': '6e91c09a2719e8b2b2419fd97a7db3ba2d284831', 'sha256': '5bf99394df92356278799c35e0a07dad15b217d7e8997787e2a1ce9182cb77c2'}, 'dob': {'date': '1987-03-04T04:20:26.824Z', 'age': 37}, 'registered': {'date': '2017-01-21T07:53:01.611Z', 'age': 7}, 'phone': '(786) 223-1327', 'cell': '(493) 891-0446', 'id': {'name': 'SSN', 'value': '330-23-5834'}, 'picture': {'large': 'https://randomuser.me/api/portraits/men/91.jpg', 'medium': 'https://randomuser.me/api/portraits/med/men/91.jpg', 'thumbnail': 'https://randomuser.me/api/portraits/thumb/men/91.jpg'}, 'nat': 'US'}</msg>
<arg>${json_data['results'][0]}</arg>
<doc>Logs the given message with the given level.</doc>
<status status="PASS" start="2024-08-10T16:18:43.442934" elapsed="0.000404"/>
</kw>
<kw name="Log" owner="BuiltIn">
<msg time="2024-08-10T16:18:43.443784" level="INFO">location</msg>
<arg>${key}</arg>
<doc>Logs the given message with the given level.</doc>
<status status="PASS" start="2024-08-10T16:18:43.443652" elapsed="0.000171"/>
</kw>
<var name="${key}">location</var>
<status status="PASS" start="2024-08-10T16:18:43.442205" elapsed="0.001836"/>
</iter>
<iter>
<kw name="Dictionary Should Contain Key" owner="Collections">
<arg>${json_data['results'][0]}</arg>
<arg>${key}</arg>
<doc>Fails if ``key`` is not found from ``dictionary``.</doc>
<status status="PASS" start="2024-08-10T16:18:43.444326" elapsed="0.000393"/>
</kw>
<kw name="Log" owner="BuiltIn">
<msg time="2024-08-10T16:18:43.445364" level="INFO">{'gender': 'male', 'name': {'title': 'Mr', 'first': 'Brent', 'last': 'Lynch'}, 'location': {'street': {'number': 9820, 'name': 'Eason Rd'}, 'city': 'Oxnard', 'state': 'Massachusetts', 'country': 'United States', 'postcode': 85794, 'coordinates': {'latitude': '85.2859', 'longitude': '-144.3100'}, 'timezone': {'offset': '+9:30', 'description': 'Adelaide, Darwin'}}, 'email': 'brent.lynch@example.com', 'login': {'uuid': '18ef3a6d-833e-4412-a14e-4bbeada13524', 'username': 'goldenswan337', 'password': 'absolute', 'salt': 'Gml6qejx', 'md5': 'a88b889163eb3f03a21a5139175776dc', 'sha1': '6e91c09a2719e8b2b2419fd97a7db3ba2d284831', 'sha256': '5bf99394df92356278799c35e0a07dad15b217d7e8997787e2a1ce9182cb77c2'}, 'dob': {'date': '1987-03-04T04:20:26.824Z', 'age': 37}, 'registered': {'date': '2017-01-21T07:53:01.611Z', 'age': 7}, 'phone': '(786) 223-1327', 'cell': '(493) 891-0446', 'id': {'name': 'SSN', 'value': '330-23-5834'}, 'picture': {'large': 'https://randomuser.me/api/portraits/men/91.jpg', 'medium': 'https://randomuser.me/api/portraits/med/men/91.jpg', 'thumbnail': 'https://randomuser.me/api/portraits/thumb/men/91.jpg'}, 'nat': 'US'}</msg>
<arg>${json_data['results'][0]}</arg>
<doc>Logs the given message with the given level.</doc>
<status status="PASS" start="2024-08-10T16:18:43.445010" elapsed="0.000403"/>
</kw>
<kw name="Log" owner="BuiltIn">
<msg time="2024-08-10T16:18:43.445846" level="INFO">email</msg>
<arg>${key}</arg>
<doc>Logs the given message with the given level.</doc>
<status status="PASS" start="2024-08-10T16:18:43.445714" elapsed="0.000171"/>
</kw>
<var name="${key}">email</var>
<status status="PASS" start="2024-08-10T16:18:43.444216" elapsed="0.001885"/>
</iter>
<iter>
<kw name="Dictionary Should Contain Key" owner="Collections">
<arg>${json_data['results'][0]}</arg>
<arg>${key}</arg>
<doc>Fails if ``key`` is not found from ``dictionary``.</doc>
<status status="PASS" start="2024-08-10T16:18:43.446387" elapsed="0.000383"/>
</kw>
<kw name="Log" owner="BuiltIn">
<msg time="2024-08-10T16:18:43.447346" level="INFO">{'gender': 'male', 'name': {'title': 'Mr', 'first': 'Brent', 'last': 'Lynch'}, 'location': {'street': {'number': 9820, 'name': 'Eason Rd'}, 'city': 'Oxnard', 'state': 'Massachusetts', 'country': 'United States', 'postcode': 85794, 'coordinates': {'latitude': '85.2859', 'longitude': '-144.3100'}, 'timezone': {'offset': '+9:30', 'description': 'Adelaide, Darwin'}}, 'email': 'brent.lynch@example.com', 'login': {'uuid': '18ef3a6d-833e-4412-a14e-4bbeada13524', 'username': 'goldenswan337', 'password': 'absolute', 'salt': 'Gml6qejx', 'md5': 'a88b889163eb3f03a21a5139175776dc', 'sha1': '6e91c09a2719e8b2b2419fd97a7db3ba2d284831', 'sha256': '5bf99394df92356278799c35e0a07dad15b217d7e8997787e2a1ce9182cb77c2'}, 'dob': {'date': '1987-03-04T04:20:26.824Z', 'age': 37}, 'registered': {'date': '2017-01-21T07:53:01.611Z', 'age': 7}, 'phone': '(786) 223-1327', 'cell': '(493) 891-0446', 'id': {'name': 'SSN', 'value': '330-23-5834'}, 'picture': {'large': 'https://randomuser.me/api/portraits/men/91.jpg', 'medium': 'https://randomuser.me/api/portraits/med/men/91.jpg', 'thumbnail': 'https://randomuser.me/api/portraits/thumb/men/91.jpg'}, 'nat': 'US'}</msg>
<arg>${json_data['results'][0]}</arg>
<doc>Logs the given message with the given level.</doc>
<status status="PASS" start="2024-08-10T16:18:43.446991" elapsed="0.000404"/>
</kw>
<kw name="Log" owner="BuiltIn">
<msg time="2024-08-10T16:18:43.447821" level="INFO">login</msg>
<arg>${key}</arg>
<doc>Logs the given message with the given level.</doc>
<status status="PASS" start="2024-08-10T16:18:43.447691" elapsed="0.000168"/>
</kw>
<var name="${key}">login</var>
<status status="PASS" start="2024-08-10T16:18:43.446277" elapsed="0.001799"/>
</iter>
<var>${key}</var>
<value>@{expected_keys}</value>
<status status="PASS" start="2024-08-10T16:18:43.437923" elapsed="0.010275"/>
</for>
<kw name="Create List" owner="BuiltIn">
<msg time="2024-08-10T16:18:43.448527" level="INFO">${expected_keysTwo} = ['username', 'password']</msg>
<var>${expected_keysTwo}</var>
<arg>username</arg>
<arg>password</arg>
<doc>Returns a list containing given items.</doc>
<status status="PASS" start="2024-08-10T16:18:43.448390" elapsed="0.000162"/>
</kw>
<for flavor="IN">
<iter>
<kw name="Dictionary Should Contain Key" owner="Collections">
<arg>${json_data['results'][0]['login']}</arg>
<arg>${keyTwo}</arg>
<doc>Fails if ``key`` is not found from ``dictionary``.</doc>
<status status="PASS" start="2024-08-10T16:18:43.449091" elapsed="0.000419"/>
</kw>
<kw name="Dictionary Should Contain Key" owner="Collections">
<arg>${json_data['results'][0]['login']}</arg>
<arg>${keyTwo}</arg>
<doc>Fails if ``key`` is not found from ``dictionary``.</doc>
<status status="PASS" start="2024-08-10T16:18:43.449699" elapsed="0.000377"/>
</kw>
<kw name="Log" owner="BuiltIn">
<msg time="2024-08-10T16:18:43.450376" level="INFO">username</msg>
<arg>${keyTwo}</arg>
<doc>Logs the given message with the given level.</doc>
<status status="PASS" start="2024-08-10T16:18:43.450255" elapsed="0.000161"/>
</kw>
<var name="${keyTwo}">username</var>
<status status="PASS" start="2024-08-10T16:18:43.448982" elapsed="0.001677"/>
</iter>
<iter>
<kw name="Dictionary Should Contain Key" owner="Collections">
<arg>${json_data['results'][0]['login']}</arg>
<arg>${keyTwo}</arg>
<doc>Fails if ``key`` is not found from ``dictionary``.</doc>
<status status="PASS" start="2024-08-10T16:18:43.450987" elapsed="0.000399"/>
</kw>
<kw name="Dictionary Should Contain Key" owner="Collections">
<arg>${json_data['results'][0]['login']}</arg>
<arg>${keyTwo}</arg>
<doc>Fails if ``key`` is not found from ``dictionary``.</doc>
<status status="PASS" start="2024-08-10T16:18:43.451567" elapsed="0.000376"/>
</kw>
<kw name="Log" owner="BuiltIn">
<msg time="2024-08-10T16:18:43.452246" level="INFO">password</msg>
<arg>${keyTwo}</arg>
<doc>Logs the given message with the given level.</doc>
<status status="PASS" start="2024-08-10T16:18:43.452123" elapsed="0.000160"/>
</kw>
<var name="${keyTwo}">password</var>
<status status="PASS" start="2024-08-10T16:18:43.450872" elapsed="0.001646"/>
</iter>
<var>${keyTwo}</var>
<value>@{expected_keysTwo}</value>
<status status="PASS" start="2024-08-10T16:18:43.448825" elapsed="0.003816"/>
</for>
<status status="PASS" start="2024-08-10T16:18:43.360719" elapsed="0.092061"/>
</kw>
<doc>Testa a estrutura da resposta da API.</doc>
<tag>testeEstruturaResposta</tag>
<status status="PASS" start="2024-08-10T16:18:43.359960" elapsed="0.092966"/>
</test>
<test id="s1-s1-t4" name="Validar tipos de dados" line="28">
<kw name="Teste de Tipos de Dados" owner="random-user-service">
<kw name="GET On Session" owner="RequestsLibrary">
<msg time="2024-08-10T16:18:43.530058" level="INFO">GET Request : url=https://randomuser.me/api 
 path_url=/api 
 headers={'User-Agent': 'python-requests/2.32.3', 'Accept-Encoding': 'gzip, deflate', 'Accept': '*/*', 'Connection': 'keep-alive'} 
 body=None 
 </msg>
<msg time="2024-08-10T16:18:43.530148" level="INFO">GET Response : url=https://randomuser.me/api 
 status=200, reason=OK 
 headers={'Date': 'Sat, 10 Aug 2024 16:18:43 GMT', 'Content-Type': 'application/json; charset=utf-8', 'Transfer-Encoding': 'chunked', 'Connection': 'keep-alive', 'X-Powered-By': 'Express', 'Access-Control-Allow-Origin': '*', 'Cache-Control': 'no-cache', 'ETag': 'W/"48f-p5idr0Atr1pUy2bkUyZsNwANGDw"', 'Vary': 'Accept-Encoding', 'Content-Encoding': 'gzip', 'CF-Cache-Status': 'DYNAMIC', 'Report-To': '{"endpoints":[{"url":"https:\\/\\/a.nel.cloudflare.com\\/report\\/v4?s=rMz3SI1AznuMvY6VRrYbpzIUZz8BzjvK8CUV0mIAyAn%2B5StWveEjMrdfhDb1VvMmZHDxm8ZyLFvOI9Ru%2FqZs56xDV0GsxhHVwH2K86EuM6QGY5Ht4OUdy%2BNlc4lxsQCK"}],"group":"cf-nel","max_age":604800}', 'NEL': '{"success_fraction":0,"report_to":"cf-nel","max_age":604800}', 'Server': 'cloudflare', 'CF-RAY': '8b114dad9a9ec968-IAD', 'alt-svc': 'h3=":443"; ma=86400'} 
 body={"results":[{"gender":"male","name":{"title":"Mr","first":"Eugenio","last":"Duran"},"location":{"street":{"number":932,"name":"Calle de Segovia"},"city":"Torrente","state":"Cantabria","country":"Spain","postcode":59726,"coordinates":{"latitude":"-35.0287","longitude":"-50.6222"},"timezone":{"offset":"-5:00","description":"Eastern Time (US &amp; Canada), Bogota, Lima"}},"email":"eugenio.duran@example.com","login":{"uuid":"53319e38-777b-4187-8647-b4cb1c6d8f45","username":"crazyladybug735","password":"hack","salt":"BEDSeGEV","md5":"04e67776cbbcb56a657c00cc36e53989","sha1":"068f2e3e06341781cfe6bc5394e5ea638e6e2fe3","sha256":"96815248187b8865e4c1b845a48d19d96d51e27dfc6df42439f4797da0a731df"},"dob":{"date":"1961-07-20T19:21:42.175Z","age":63},"registered":{"date":"2018-02-15T09:17:57.184Z","age":6},"phone":"908-485-923","cell":"631-251-051","id":{"name":"DNI","value":"14483353-J"},"picture":{"large":"https://randomuser.me/api/portraits/men/73.jpg","medium":"https://randomuser.me/api/portraits/med/men/73.jpg","thumbnail":"https://randomuser.me/api/portraits/thumb/men/73.jpg"},"nat":"ES"}],"info":{"seed":"e73b3312cb65dfb7","results":1,"page":1,"version":"1.4"}} 
 </msg>
<msg time="2024-08-10T16:18:43.530216" level="INFO">/opt/hostedtoolcache/Python/3.12.4/x64/lib/python3.12/site-packages/urllib3/connectionpool.py:1099: InsecureRequestWarning: Unverified HTTPS request is being made to host 'randomuser.me'. Adding certificate verification is strongly advised. See: https://urllib3.readthedocs.io/en/latest/advanced-usage.html#tls-warnings
  warnings.warn(</msg>
<msg time="2024-08-10T16:18:43.530340" level="INFO">${response} = &lt;Response [200]&gt;</msg>
<var>${response}</var>
<arg>consultarAPI</arg>
<arg>/api</arg>
<doc>Sends a GET request on a previously created HTTP Session.</doc>
<status status="PASS" start="2024-08-10T16:18:43.455408" elapsed="0.074972"/>
</kw>
<kw name="Set Variable" owner="BuiltIn">
<msg time="2024-08-10T16:18:43.531390" level="INFO">${json_data} = {'results': [{'gender': 'male', 'name': {'title': 'Mr', 'first': 'Eugenio', 'last': 'Duran'}, 'location': {'street': {'number': 932, 'name': 'Calle de Segovia'}, 'city': 'Torrente', 'state': 'Cantabri...</msg>
<var>${json_data}</var>
<arg>${response.json()}</arg>
<doc>Returns the given values which can then be assigned to a variables.</doc>
<status status="PASS" start="2024-08-10T16:18:43.530879" elapsed="0.000542"/>
</kw>
<kw name="Log" owner="BuiltIn">
<msg time="2024-08-10T16:18:43.531910" level="INFO">{'results': [{'gender': 'male', 'name': {'title': 'Mr', 'first': 'Eugenio', 'last': 'Duran'}, 'location': {'street': {'number': 932, 'name': 'Calle de Segovia'}, 'city': 'Torrente', 'state': 'Cantabria', 'country': 'Spain', 'postcode': 59726, 'coordinates': {'latitude': '-35.0287', 'longitude': '-50.6222'}, 'timezone': {'offset': '-5:00', 'description': 'Eastern Time (US &amp; Canada), Bogota, Lima'}}, 'email': 'eugenio.duran@example.com', 'login': {'uuid': '53319e38-777b-4187-8647-b4cb1c6d8f45', 'username': 'crazyladybug735', 'password': 'hack', 'salt': 'BEDSeGEV', 'md5': '04e67776cbbcb56a657c00cc36e53989', 'sha1': '068f2e3e06341781cfe6bc5394e5ea638e6e2fe3', 'sha256': '96815248187b8865e4c1b845a48d19d96d51e27dfc6df42439f4797da0a731df'}, 'dob': {'date': '1961-07-20T19:21:42.175Z', 'age': 63}, 'registered': {'date': '2018-02-15T09:17:57.184Z', 'age': 6}, 'phone': '908-485-923', 'cell': '631-251-051', 'id': {'name': 'DNI', 'value': '14483353-J'}, 'picture': {'large': 'https://randomuser.me/api/portraits/men/73.jpg', 'medium': 'https://randomuser.me/api/portraits/med/men/73.jpg', 'thumbnail': 'https://randomuser.me/api/portraits/thumb/men/73.jpg'}, 'nat': 'ES'}], 'info': {'seed': 'e73b3312cb65dfb7', 'results': 1, 'page': 1, 'version': '1.4'}}</msg>
<arg>${json_data}</arg>
<doc>Logs the given message with the given level.</doc>
<status status="PASS" start="2024-08-10T16:18:43.531750" elapsed="0.000212"/>
</kw>
<kw name="Should Be String" owner="String">
<arg>${json_data['results'][0]['gender']}</arg>
<doc>Fails if the given ``item`` is not a string.</doc>
<status status="PASS" start="2024-08-10T16:18:43.532258" elapsed="0.000367"/>
</kw>
<kw name="Should Match Regexp" owner="BuiltIn">
<arg>${json_data['results'][0]['email']}</arg>
<arg>^[a-zA-Z0-9._%+-]+@[a-zA-Z0-9.-]+\.[a-zA-Z]{2,}$</arg>
<doc>Fails if ``string`` does not match ``pattern`` as a regular expression.</doc>
<status status="PASS" start="2024-08-10T16:18:43.532826" elapsed="0.000534"/>
</kw>
<kw name="Should Match Regexp" owner="BuiltIn">
<arg>${json_data['results'][0]['dob']['date']}</arg>
<arg>\\d{4}-\\d{2}-\\d{2}T\\d{2}:\\d{2}:\\d{2}\\.\\d{3}Z</arg>
<doc>Fails if ``string`` does not match ``pattern`` as a regular expression.</doc>
<status status="PASS" start="2024-08-10T16:18:43.533600" elapsed="0.000650"/>
</kw>
<kw name="Should Match Regexp" owner="BuiltIn">
<arg>${json_data['results'][0]['registered']['date']}</arg>
<arg>\\d{4}-\\d{2}-\\d{2}T\\d{2}:\\d{2}:\\d{2}\\.\\d{3}Z</arg>
<doc>Fails if ``string`` does not match ``pattern`` as a regular expression.</doc>
<status status="PASS" start="2024-08-10T16:18:43.534447" elapsed="0.000399"/>
</kw>
<kw name="Should Match Regexp" owner="BuiltIn">
<arg>${json_data['results'][0]['picture']['large']}</arg>
<arg>^https?://.*\.(?:png|jpe?g|gif|bmp)$</arg>
<doc>Fails if ``string`` does not match ``pattern`` as a regular expression.</doc>
<status status="PASS" start="2024-08-10T16:18:43.535048" elapsed="0.000467"/>
</kw>
<kw name="Should Match Regexp" owner="BuiltIn">
<arg>${json_data['results'][0]['picture']['medium']}</arg>
<arg>^https?://.*\.(?:png|jpe?g|gif|bmp)$</arg>
<doc>Fails if ``string`` does not match ``pattern`` as a regular expression.</doc>
<status status="PASS" start="2024-08-10T16:18:43.535706" elapsed="0.000362"/>
</kw>
<kw name="Should Match Regexp" owner="BuiltIn">
<arg>${json_data['results'][0]['picture']['thumbnail']}</arg>
<arg>^https?://.*\.(?:png|jpe?g|gif|bmp)$</arg>
<doc>Fails if ``string`` does not match ``pattern`` as a regular expression.</doc>
<status status="PASS" start="2024-08-10T16:18:43.536255" elapsed="0.000354"/>
</kw>
<kw name="Log" owner="BuiltIn">
<msg time="2024-08-10T16:18:43.537119" level="INFO">{'large': 'https://randomuser.me/api/portraits/men/73.jpg', 'medium': 'https://randomuser.me/api/portraits/med/men/73.jpg', 'thumbnail': 'https://randomuser.me/api/portraits/thumb/men/73.jpg'}</msg>
<arg>${json_data['results'][0]['picture']}</arg>
<doc>Logs the given message with the given level.</doc>
<status status="PASS" start="2024-08-10T16:18:43.536794" elapsed="0.000370"/>
</kw>
<status status="PASS" start="2024-08-10T16:18:43.455188" elapsed="0.082237"/>
</kw>
<kw name="Teste de Tipos de Dados - Postcode" owner="random-user-service">
<kw name="GET On Session" owner="RequestsLibrary">
<msg time="2024-08-10T16:18:43.630699" level="INFO">GET Request : url=https://randomuser.me/api 
 path_url=/api 
 headers={'User-Agent': 'python-requests/2.32.3', 'Accept-Encoding': 'gzip, deflate', 'Accept': '*/*', 'Connection': 'keep-alive'} 
 body=None 
 </msg>
<msg time="2024-08-10T16:18:43.630784" level="INFO">GET Response : url=https://randomuser.me/api 
 status=200, reason=OK 
 headers={'Date': 'Sat, 10 Aug 2024 16:18:43 GMT', 'Content-Type': 'application/json; charset=utf-8', 'Transfer-Encoding': 'chunked', 'Connection': 'keep-alive', 'X-Powered-By': 'Express', 'Access-Control-Allow-Origin': '*', 'Cache-Control': 'no-cache', 'ETag': 'W/"494-XwsRW4Qamx7JCio9HkrXtesEXKc"', 'Vary': 'Accept-Encoding', 'Content-Encoding': 'gzip', 'CF-Cache-Status': 'DYNAMIC', 'Report-To': '{"endpoints":[{"url":"https:\\/\\/a.nel.cloudflare.com\\/report\\/v4?s=JLrDK77mKj7ysb9Lo4QUt7N4PmhXRA2ucjSDYRVYRbKNPQTsXsHNN%2BqaWobqaE2t8amGy9KC%2BZXfDgKxlF6vR2PrbJJfo1Daj%2BYpyfLnoWpwRhZJLGsGcVvCarH%2BMwW5"}],"group":"cf-nel","max_age":604800}', 'NEL': '{"success_fraction":0,"report_to":"cf-nel","max_age":604800}', 'Server': 'cloudflare', 'CF-RAY': '8b114dae1c08c968-IAD', 'alt-svc': 'h3=":443"; ma=86400'} 
 body={"results":[{"gender":"female","name":{"title":"Miss","first":"Isla","last":"Jones"},"location":{"street":{"number":8935,"name":"Pages Road"},"city":"Lower Hutt","state":"Bay of Plenty","country":"New Zealand","postcode":39390,"coordinates":{"latitude":"49.3533","longitude":"110.9361"},"timezone":{"offset":"+5:30","description":"Bombay, Calcutta, Madras, New Delhi"}},"email":"isla.jones@example.com","login":{"uuid":"751bea61-5347-4c68-98c9-c85a4f83e491","username":"organicpeacock600","password":"shaolin","salt":"orBWyHfG","md5":"3908028c51e6fbb3561d785004d8400e","sha1":"465508786fb50e776a905702a6f205849024227c","sha256":"9ae7ee571105f02ed052f2094b05f1c6d358f6d285408814e95a2d35a19de531"},"dob":{"date":"1962-08-17T01:05:57.363Z","age":61},"registered":{"date":"2015-02-13T02:09:06.674Z","age":9},"phone":"(951)-835-0193","cell":"(582)-883-2011","id":{"name":"","value":null},"picture":{"large":"https://randomuser.me/api/portraits/women/27.jpg","medium":"https://randomuser.me/api/portraits/med/women/27.jpg","thumbnail":"https://randomuser.me/api/portraits/thumb/women/27.jpg"},"nat":"NZ"}],"info":{"seed":"bfa325f49ee9979c","results":1,"page":1,"version":"1.4"}} 
 </msg>
<msg time="2024-08-10T16:18:43.630898" level="INFO">/opt/hostedtoolcache/Python/3.12.4/x64/lib/python3.12/site-packages/urllib3/connectionpool.py:1099: InsecureRequestWarning: Unverified HTTPS request is being made to host 'randomuser.me'. Adding certificate verification is strongly advised. See: https://urllib3.readthedocs.io/en/latest/advanced-usage.html#tls-warnings
  warnings.warn(</msg>
<msg time="2024-08-10T16:18:43.631033" level="INFO">${response} = &lt;Response [200]&gt;</msg>
<var>${response}</var>
<arg>consultarAPI</arg>
<arg>/api</arg>
<doc>Sends a GET request on a previously created HTTP Session.</doc>
<status status="PASS" start="2024-08-10T16:18:43.537873" elapsed="0.093310"/>
</kw>
<kw name="Set Variable" owner="BuiltIn">
<msg time="2024-08-10T16:18:43.632088" level="INFO">${json_data} = {'results': [{'gender': 'female', 'name': {'title': 'Miss', 'first': 'Isla', 'last': 'Jones'}, 'location': {'street': {'number': 8935, 'name': 'Pages Road'}, 'city': 'Lower Hutt', 'state': 'Bay of Ple...</msg>
<var>${json_data}</var>
<arg>${response.json()}</arg>
<doc>Returns the given values which can then be assigned to a variables.</doc>
<status status="PASS" start="2024-08-10T16:18:43.631532" elapsed="0.000585"/>
</kw>
<kw name="Log" owner="BuiltIn">
<msg time="2024-08-10T16:18:43.632585" level="INFO">{'results': [{'gender': 'female', 'name': {'title': 'Miss', 'first': 'Isla', 'last': 'Jones'}, 'location': {'street': {'number': 8935, 'name': 'Pages Road'}, 'city': 'Lower Hutt', 'state': 'Bay of Plenty', 'country': 'New Zealand', 'postcode': 39390, 'coordinates': {'latitude': '49.3533', 'longitude': '110.9361'}, 'timezone': {'offset': '+5:30', 'description': 'Bombay, Calcutta, Madras, New Delhi'}}, 'email': 'isla.jones@example.com', 'login': {'uuid': '751bea61-5347-4c68-98c9-c85a4f83e491', 'username': 'organicpeacock600', 'password': 'shaolin', 'salt': 'orBWyHfG', 'md5': '3908028c51e6fbb3561d785004d8400e', 'sha1': '465508786fb50e776a905702a6f205849024227c', 'sha256': '9ae7ee571105f02ed052f2094b05f1c6d358f6d285408814e95a2d35a19de531'}, 'dob': {'date': '1962-08-17T01:05:57.363Z', 'age': 61}, 'registered': {'date': '2015-02-13T02:09:06.674Z', 'age': 9}, 'phone': '(951)-835-0193', 'cell': '(582)-883-2011', 'id': {'name': '', 'value': None}, 'picture': {'large': 'https://randomuser.me/api/portraits/women/27.jpg', 'medium': 'https://randomuser.me/api/portraits/med/women/27.jpg', 'thumbnail': 'https://randomuser.me/api/portraits/thumb/women/27.jpg'}, 'nat': 'NZ'}], 'info': {'seed': 'bfa325f49ee9979c', 'results': 1, 'page': 1, 'version': '1.4'}}</msg>
<arg>${json_data}</arg>
<doc>Logs the given message with the given level.</doc>
<status status="PASS" start="2024-08-10T16:18:43.632421" elapsed="0.000211"/>
</kw>
<kw name="Should Be Equal As Numbers" owner="BuiltIn">
<arg>${json_data['results'][0]['location']['postcode']}</arg>
<arg>${json_data['results'][0]['location']['postcode']}</arg>
<doc>Fails if objects are unequal after converting them to real numbers.</doc>
<status status="PASS" start="2024-08-10T16:18:43.632923" elapsed="0.000655"/>
</kw>
<kw name="Log" owner="BuiltIn">
<msg time="2024-08-10T16:18:43.634137" level="INFO">39390</msg>
<arg>${json_data['results'][0]['location']['postcode']}</arg>
<doc>Logs the given message with the given level.</doc>
<status status="PASS" start="2024-08-10T16:18:43.633784" elapsed="0.000400"/>
</kw>
<status status="PASS" start="2024-08-10T16:18:43.537647" elapsed="0.096822"/>
</kw>
<doc>Testa se os tipos de dados na resposta da API estão corretos.</doc>
<tag>testeTiposDados</tag>
<status status="PASS" start="2024-08-10T16:18:43.454670" elapsed="0.179979"/>
</test>
<test id="s1-s1-t5" name="Validar conteudo" line="35">
<kw name="Teste de Tipos de Conteudo" owner="random-user-service">
<kw name="GET On Session" owner="RequestsLibrary">
<msg time="2024-08-10T16:18:43.731274" level="INFO">GET Request : url=https://randomuser.me/api 
 path_url=/api 
 headers={'User-Agent': 'python-requests/2.32.3', 'Accept-Encoding': 'gzip, deflate', 'Accept': '*/*', 'Connection': 'keep-alive'} 
 body=None 
 </msg>
<msg time="2024-08-10T16:18:43.731370" level="INFO">GET Response : url=https://randomuser.me/api 
 status=200, reason=OK 
 headers={'Date': 'Sat, 10 Aug 2024 16:18:43 GMT', 'Content-Type': 'application/json; charset=utf-8', 'Transfer-Encoding': 'chunked', 'Connection': 'keep-alive', 'X-Powered-By': 'Express', 'Access-Control-Allow-Origin': '*', 'Cache-Control': 'no-cache', 'ETag': 'W/"477-VLOw35ApfKSCuT6oX/P5sTZO8HU"', 'Vary': 'Accept-Encoding', 'Content-Encoding': 'gzip', 'CF-Cache-Status': 'DYNAMIC', 'Report-To': '{"endpoints":[{"url":"https:\\/\\/a.nel.cloudflare.com\\/report\\/v4?s=QedvAuMTFccAuFL1adZNGF%2BC45M72qG4DiJRmdlLprop4BmCK%2BKLZBH0ueAzN58DquSKAKRxnh9otJjjfWZr4uVYHwmZssH2wefMxPlfTrhCRdNhTmEHHp4D0P0kdRoS"}],"group":"cf-nel","max_age":604800}', 'NEL': '{"success_fraction":0,"report_to":"cf-nel","max_age":604800}', 'Server': 'cloudflare', 'CF-RAY': '8b114daebd51c968-IAD', 'alt-svc': 'h3=":443"; ma=86400'} 
 body={"results":[{"gender":"male","name":{"title":"Mr","first":"Elliot","last":"Anderson"},"location":{"street":{"number":7982,"name":"Wellington St"},"city":"Havelock","state":"Nova Scotia","country":"Canada","postcode":"U0S 4K1","coordinates":{"latitude":"-67.7913","longitude":"-33.4323"},"timezone":{"offset":"+5:45","description":"Kathmandu"}},"email":"elliot.anderson@example.com","login":{"uuid":"41ccf67c-faf5-40b9-9030-8f970e5971e2","username":"brownbird587","password":"4200","salt":"0N7vdSMZ","md5":"a2ada34eaa3ec9ce442a73b8afb96042","sha1":"b1515310102ff90ad03116c14b859f716103aa97","sha256":"e712ceaf0ff38089fcc1442120d9f78b6be2e9e435d020842f3b8956aea92a21"},"dob":{"date":"1998-03-07T17:39:04.944Z","age":26},"registered":{"date":"2014-09-11T12:20:20.979Z","age":9},"phone":"B83 P41-9120","cell":"R27 T49-8966","id":{"name":"SIN","value":"638013888"},"picture":{"large":"https://randomuser.me/api/portraits/men/46.jpg","medium":"https://randomuser.me/api/portraits/med/men/46.jpg","thumbnail":"https://randomuser.me/api/portraits/thumb/men/46.jpg"},"nat":"CA"}],"info":{"seed":"72411e26249923a2","results":1,"page":1,"version":"1.4"}} 
 </msg>
<msg time="2024-08-10T16:18:43.731475" level="INFO">/opt/hostedtoolcache/Python/3.12.4/x64/lib/python3.12/site-packages/urllib3/connectionpool.py:1099: InsecureRequestWarning: Unverified HTTPS request is being made to host 'randomuser.me'. Adding certificate verification is strongly advised. See: https://urllib3.readthedocs.io/en/latest/advanced-usage.html#tls-warnings
  warnings.warn(</msg>
<msg time="2024-08-10T16:18:43.731615" level="INFO">${response} = &lt;Response [200]&gt;</msg>
<var>${response}</var>
<arg>consultarAPI</arg>
<arg>/api</arg>
<doc>Sends a GET request on a previously created HTTP Session.</doc>
<status status="PASS" start="2024-08-10T16:18:43.637100" elapsed="0.094557"/>
</kw>
<kw name="Set Variable" owner="BuiltIn">
<msg time="2024-08-10T16:18:43.732974" level="INFO">${json_data} = {'results': [{'gender': 'male', 'name': {'title': 'Mr', 'first': 'Elliot', 'last': 'Anderson'}, 'location': {'street': {'number': 7982, 'name': 'Wellington St'}, 'city': 'Havelock', 'state': 'Nova Sco...</msg>
<var>${json_data}</var>
<arg>${response.json()}</arg>
<doc>Returns the given values which can then be assigned to a variables.</doc>
<status status="PASS" start="2024-08-10T16:18:43.732191" elapsed="0.000833"/>
</kw>
<kw name="Set Variable" owner="BuiltIn">
<msg time="2024-08-10T16:18:43.734108" level="INFO">${name_title} = Mr</msg>
<var>${name_title}</var>
<arg>${json_data["results"][0]["name"]["title"]}</arg>
<doc>Returns the given values which can then be assigned to a variables.</doc>
<status status="PASS" start="2024-08-10T16:18:43.733507" elapsed="0.000640"/>
</kw>
<kw name="Create List" owner="BuiltIn">
<msg time="2024-08-10T16:18:43.734807" level="INFO">${allowed_titles} = ['Mr', 'Ms', 'Miss', 'Mrs', 'Madame', 'Monsieur']</msg>
<var>${allowed_titles}</var>
<arg>Mr</arg>
<arg>Ms</arg>
<arg>Miss</arg>
<arg>Mrs</arg>
<arg>Madame</arg>
<arg>Monsieur</arg>
<doc>Returns a list containing given items.</doc>
<status status="PASS" start="2024-08-10T16:18:43.734580" elapsed="0.000296"/>
</kw>
<kw name="List Should Contain Value" owner="Collections">
<arg>${allowed_titles}</arg>
<arg>${name_title}</arg>
<doc>Fails if the ``value`` is not found from ``list``.</doc>
<status status="PASS" start="2024-08-10T16:18:43.735339" elapsed="0.000267"/>
</kw>
<kw name="Set Variable" owner="BuiltIn">
<msg time="2024-08-10T16:18:43.736567" level="INFO">${name_country} = CA</msg>
<var>${name_country}</var>
<arg>${json_data["results"][0]["nat"]}</arg>
<doc>Returns the given values which can then be assigned to a variables.</doc>
<status status="PASS" start="2024-08-10T16:18:43.735906" elapsed="0.000707"/>
</kw>
<kw name="Create List" owner="BuiltIn">
<msg time="2024-08-10T16:18:43.738352" level="INFO">${list_country} = ['AD', 'AE', 'AF', 'AG', 'AI', 'AL', 'AM', 'AO', 'AQ', 'AR', 'AS', 'AT', 'AU', 'AW', 'AX', 'AZ', 'BA', 'BB', 'BD', 'BE', 'BF', 'BG', 'BH', 'BI', 'BJ', 'BL', 'BM', 'BN', 'BO', 'BQ', 'BR', 'BS', 'BT', '...</msg>
<var>${list_country}</var>
<arg>AD</arg>
<arg>AE</arg>
<arg>AF</arg>
<arg>AG</arg>
<arg>AI</arg>
<arg>AL</arg>
<arg>AM</arg>
<arg>AO</arg>
<arg>AQ</arg>
<arg>AR</arg>
<arg>AS</arg>
<arg>AT</arg>
<arg>AU</arg>
<arg>AW</arg>
<arg>AX</arg>
<arg>AZ</arg>
<arg>BA</arg>
<arg>BB</arg>
<arg>BD</arg>
<arg>BE</arg>
<arg>BF</arg>
<arg>BG</arg>
<arg>BH</arg>
<arg>BI</arg>
<arg>BJ</arg>
<arg>BL</arg>
<arg>BM</arg>
<arg>BN</arg>
<arg>BO</arg>
<arg>BQ</arg>
<arg>BR</arg>
<arg>BS</arg>
<arg>BT</arg>
<arg>BV</arg>
<arg>BW</arg>
<arg>BY</arg>
<arg>BZ</arg>
<arg>CA</arg>
<arg>CC</arg>
<arg>CD</arg>
<arg>CF</arg>
<arg>CG</arg>
<arg>CH</arg>
<arg>CI</arg>
<arg>CK</arg>
<arg>CL</arg>
<arg>CM</arg>
<arg>CN</arg>
<arg>CO</arg>
<arg>CR</arg>
<arg>CU</arg>
<arg>CV</arg>
<arg>CW</arg>
<arg>CX</arg>
<arg>CY</arg>
<arg>CZ</arg>
<arg>DE</arg>
<arg>DJ</arg>
<arg>DK</arg>
<arg>DM</arg>
<arg>DO</arg>
<arg>DZ</arg>
<arg>EC</arg>
<arg>EE</arg>
<arg>EG</arg>
<arg>EH</arg>
<arg>ER</arg>
<arg>ES</arg>
<arg>ET</arg>
<arg>FI</arg>
<arg>FJ</arg>
<arg>FK</arg>
<arg>FM</arg>
<arg>FO</arg>
<arg>FR</arg>
<arg>GA</arg>
<arg>GB</arg>
<arg>GD</arg>
<arg>GE</arg>
<arg>GF</arg>
<arg>GG</arg>
<arg>GH</arg>
<arg>GI</arg>
<arg>GL</arg>
<arg>GM</arg>
<arg>GN</arg>
<arg>GP</arg>
<arg>GQ</arg>
<arg>GR</arg>
<arg>GS</arg>
<arg>GT</arg>
<arg>GU</arg>
<arg>GW</arg>
<arg>GY</arg>
<arg>HK</arg>
<arg>HM</arg>
<arg>HN</arg>
<arg>HR</arg>
<arg>HT</arg>
<arg>HU</arg>
<arg>ID</arg>
<arg>IE</arg>
<arg>IL</arg>
<arg>IM</arg>
<arg>IN</arg>
<arg>IO</arg>
<arg>IQ</arg>
<arg>IR</arg>
<arg>IS</arg>
<arg>IT</arg>
<arg>JE</arg>
<arg>JM</arg>
<arg>JO</arg>
<arg>JP</arg>
<arg>KE</arg>
<arg>KG</arg>
<arg>KH</arg>
<arg>KI</arg>
<arg>KM</arg>
<arg>KN</arg>
<arg>KP</arg>
<arg>KR</arg>
<arg>KW</arg>
<arg>KY</arg>
<arg>KZ</arg>
<arg>LA</arg>
<arg>LB</arg>
<arg>LC</arg>
<arg>LI</arg>
<arg>LK</arg>
<arg>LR</arg>
<arg>LS</arg>
<arg>LT</arg>
<arg>LU</arg>
<arg>LV</arg>
<arg>LY</arg>
<arg>MA</arg>
<arg>MC</arg>
<arg>MD</arg>
<arg>ME</arg>
<arg>MF</arg>
<arg>MG</arg>
<arg>MH</arg>
<arg>MK</arg>
<arg>ML</arg>
<arg>MM</arg>
<arg>MN</arg>
<arg>MO</arg>
<arg>MP</arg>
<arg>MQ</arg>
<arg>MR</arg>
<arg>MS</arg>
<arg>MT</arg>
<arg>MU</arg>
<arg>MV</arg>
<arg>MW</arg>
<arg>MX</arg>
<arg>MY</arg>
<arg>MZ</arg>
<arg>NA</arg>
<arg>NC</arg>
<arg>NE</arg>
<arg>NF</arg>
<arg>NG</arg>
<arg>NI</arg>
<arg>NL</arg>
<arg>NO</arg>
<arg>NP</arg>
<arg>NR</arg>
<arg>NU</arg>
<arg>NZ</arg>
<arg>OM</arg>
<arg>PA</arg>
<arg>PE</arg>
<arg>PF</arg>
<arg>PG</arg>
<arg>PH</arg>
<arg>PK</arg>
<arg>PL</arg>
<arg>PM</arg>
<arg>PN</arg>
<arg>PR</arg>
<arg>PS</arg>
<arg>PT</arg>
<arg>PW</arg>
<arg>PY</arg>
<arg>QA</arg>
<arg>RE</arg>
<arg>RO</arg>
<arg>RS</arg>
<arg>RU</arg>
<arg>RW</arg>
<arg>SA</arg>
<arg>SB</arg>
<arg>SC</arg>
<arg>SD</arg>
<arg>SE</arg>
<arg>SG</arg>
<arg>SH</arg>
<arg>SI</arg>
<arg>SJ</arg>
<arg>SK</arg>
<arg>SL</arg>
<arg>SM</arg>
<arg>SN</arg>
<arg>SO</arg>
<arg>SR</arg>
<arg>SS</arg>
<arg>ST</arg>
<arg>SV</arg>
<arg>SX</arg>
<arg>SY</arg>
<arg>SZ</arg>
<arg>TC</arg>
<arg>TD</arg>
<arg>TF</arg>
<arg>TG</arg>
<arg>TH</arg>
<arg>TJ</arg>
<arg>TK</arg>
<arg>TL</arg>
<arg>TM</arg>
<arg>TN</arg>
<arg>TO</arg>
<arg>TR</arg>
<arg>TT</arg>
<arg>TV</arg>
<arg>TW</arg>
<arg>TZ</arg>
<arg>UA</arg>
<arg>UG</arg>
<arg>UM</arg>
<arg>US</arg>
<arg>UY</arg>
<arg>UZ</arg>
<arg>VA</arg>
<arg>VC</arg>
<arg>VE</arg>
<arg>VG</arg>
<arg>VI</arg>
<arg>VN</arg>
<arg>VU</arg>
<arg>WF</arg>
<arg>WS</arg>
<arg>XK</arg>
<arg>YE</arg>
<arg>YT</arg>
<arg>ZA</arg>
<arg>ZM</arg>
<arg>ZW</arg>
<doc>Returns a list containing given items.</doc>
<status status="PASS" start="2024-08-10T16:18:43.737101" elapsed="0.001295"/>
</kw>
<kw name="List Should Contain Value" owner="Collections">
<arg>${list_country}</arg>
<arg>${name_country}</arg>
<doc>Fails if the ``value`` is not found from ``list``.</doc>
<status status="PASS" start="2024-08-10T16:18:43.740003" elapsed="0.000354"/>
</kw>
<kw name="Run Keyword If" owner="BuiltIn">
<kw name="Should Be True" owner="BuiltIn">
<arg>${True}</arg>
<doc>Fails if the given condition is not true.</doc>
<status status="PASS" start="2024-08-10T16:18:43.741494" elapsed="0.000151"/>
</kw>
<arg>${json_data["results"][0]["location"]["coordinates"]["latitude"]} &gt;= -90 and ${json_data["results"][0]["location"]["coordinates"]["latitude"]} &lt;= 90</arg>
<arg>Should Be True</arg>
<arg>${True}</arg>
<doc>Runs the given keyword with the given arguments, if ``condition`` is true.</doc>
<status status="PASS" start="2024-08-10T16:18:43.740672" elapsed="0.001105"/>
</kw>
<kw name="Run Keyword If" owner="BuiltIn">
<kw name="Should Be True" owner="BuiltIn">
<arg>${True}</arg>
<doc>Fails if the given condition is not true.</doc>
<status status="PASS" start="2024-08-10T16:18:43.742677" elapsed="0.000141"/>
</kw>
<arg>${json_data["results"][0]["location"]["coordinates"]["longitude"]} &gt;= -180 and ${json_data["results"][0]["location"]["coordinates"]["longitude"]} &lt;= 180</arg>
<arg>Should Be True</arg>
<arg>${True}</arg>
<doc>Runs the given keyword with the given arguments, if ``condition`` is true.</doc>
<status status="PASS" start="2024-08-10T16:18:43.741962" elapsed="0.001021"/>
</kw>
<status status="PASS" start="2024-08-10T16:18:43.636865" elapsed="0.106250"/>
</kw>
<doc>Testa o conteúdo específico dos campos retornados pela API.</doc>
<tag>testeConteudo</tag>
<status status="PASS" start="2024-08-10T16:18:43.636437" elapsed="0.106825"/>
</test>
<status status="PASS" start="2024-08-10T16:18:42.927473" elapsed="0.817750"/>
</suite>
<status status="PASS" start="2024-08-10T16:18:42.913184" elapsed="0.837180"/>
</suite>
<statistics>
<total>
<stat pass="5" fail="0" skip="0">All Tests</stat>
</total>
<tag>
<stat pass="1" fail="0" skip="0">testeConteudo</stat>
<stat pass="1" fail="0" skip="0">testeEstruturaResposta</stat>
<stat pass="1" fail="0" skip="0">testeRequisicaoBasica</stat>
<stat pass="1" fail="0" skip="0">testeTiposDados</stat>
</tag>
<suite>
<stat pass="5" fail="0" skip="0" id="s1" name="Tests">Tests</stat>
<stat pass="5" fail="0" skip="0" id="s1-s1" name="Random-User-Test">Tests.Random-User-Test</stat>
</suite>
</statistics>
<errors>
</errors>
</robot>
