<?xml version="1.0" encoding="UTF-8"?>
<robot generator="Robot 7.0.1 (Python 3.12.4 on linux)" generated="2024-07-17T10:16:43.928851" rpa="false" schemaversion="5">
<suite id="s1" name="Tests" source="/home/runner/work/ApiRandomUser/ApiRandomUser/RamdonUser/tests">
<suite id="s1-s1" name="Random-User-Test" source="/home/runner/work/ApiRandomUser/ApiRandomUser/RamdonUser/tests/random-user-test.robot">
<test id="s1-s1-t1" name="Conectar" line="13">
<kw name="Conectar API" owner="random-user-service">
<kw name="Create Session" owner="RequestsLibrary">
<msg time="2024-07-17T10:16:44.340663" level="INFO">Creating Session using : alias=consultarAPI, url=https://randomuser.me/, headers={},                     cookies={}, auth=None, timeout=None, proxies=None, verify=False,                     debug=0 </msg>
<arg>consultarAPI</arg>
<arg>${URL}</arg>
<doc>Create Session: create a HTTP session to a server</doc>
<status status="PASS" start="2024-07-17T10:16:44.340435" elapsed="0.000408"/>
</kw>
<status status="PASS" start="2024-07-17T10:16:44.339461" elapsed="0.001740"/>
</kw>
<status status="PASS" start="2024-07-17T10:16:44.338921" elapsed="0.002473"/>
</test>
<test id="s1-s1-t2" name="Validar retorno 200 e JSON Válido" line="16">
<kw name="Teste de Requisicao Basica" owner="random-user-service">
<kw name="GET On Session" owner="RequestsLibrary">
<msg time="2024-07-17T10:16:44.593795" level="INFO">GET Request : url=https://randomuser.me/api 
 path_url=/api 
 headers={'User-Agent': 'python-requests/2.32.3', 'Accept-Encoding': 'gzip, deflate', 'Accept': '*/*', 'Connection': 'keep-alive'} 
 body=None 
 </msg>
<msg time="2024-07-17T10:16:44.593942" level="INFO">GET Response : url=https://randomuser.me/api 
 status=200, reason=OK 
 headers={'Date': 'Wed, 17 Jul 2024 10:16:44 GMT', 'Content-Type': 'application/json; charset=utf-8', 'Transfer-Encoding': 'chunked', 'Connection': 'keep-alive', 'X-Powered-By': 'Express', 'Access-Control-Allow-Origin': '*', 'Cache-Control': 'no-cache', 'ETag': 'W/"496-YJGYU6w+lSsFcN7wz8/NvRkCZVw"', 'Vary': 'Accept-Encoding', 'Content-Encoding': 'gzip', 'CF-Cache-Status': 'DYNAMIC', 'Report-To': '{"endpoints":[{"url":"https:\\/\\/a.nel.cloudflare.com\\/report\\/v4?s=PsiMfuPk57eensAYfmAUgokWwiCwmo%2B4qni39e5yaGKDk2awjYY3tZ0iCi93gaEO81D5IUcv35IJc5GcPV%2B0ouk%2Bj%2BGPH3qK4CeQ5jK555UMVmSJ7k9VBn%2FEgs3XPTvk"}],"group":"cf-nel","max_age":604800}', 'NEL': '{"success_fraction":0,"report_to":"cf-nel","max_age":604800}', 'Server': 'cloudflare', 'CF-RAY': '8a497a6e6c1f8018-IAD', 'alt-svc': 'h3=":443"; ma=86400'} 
 body={"results":[{"gender":"male","name":{"title":"Mr","first":"Aaron","last":"Sanchez"},"location":{"street":{"number":8261,"name":"Rue de L'Église"},"city":"Rueil-Malmaison","state":"Gers","country":"France","postcode":91514,"coordinates":{"latitude":"-21.2359","longitude":"-88.6797"},"timezone":{"offset":"-1:00","description":"Azores, Cape Verde Islands"}},"email":"aaron.sanchez@example.com","login":{"uuid":"0f6d9c5e-3f33-40ee-a36e-ffba20810856","username":"happytiger999","password":"chiquita","salt":"p7mmb64Q","md5":"78eb1728be05d31045e872e509cfffec","sha1":"431342f1fa61465c146e18b8d52ba871ef025008","sha256":"ec4ef9001d75eec1d46bfb3b5300229c6c4bd482129242e45387e2ad7c5c962d"},"dob":{"date":"2000-08-16T08:30:03.682Z","age":23},"registered":{"date":"2016-10-05T19:17:29.759Z","age":7},"phone":"01-05-00-53-39","cell":"06-19-04-48-32","id":{"name":"INSEE","value":"11000768847848 83"},"picture":{"large":"https://randomuser.me/api/portraits/men/65.jpg","medium":"https://randomuser.me/api/portraits/med/men/65.jpg","thumbnail":"https://randomuser.me/api/portraits/thumb/men/65.jpg"},"nat":"FR"}],"info":{"seed":"0848847bed09281c","results":1,"page":1,"version":"1.4"}} 
 </msg>
<msg time="2024-07-17T10:16:44.594029" level="INFO">/opt/hostedtoolcache/Python/3.12.4/x64/lib/python3.12/site-packages/urllib3/connectionpool.py:1099: InsecureRequestWarning: Unverified HTTPS request is being made to host 'randomuser.me'. Adding certificate verification is strongly advised. See: https://urllib3.readthedocs.io/en/latest/advanced-usage.html#tls-warnings
  warnings.warn(</msg>
<msg time="2024-07-17T10:16:44.594191" level="INFO">${response} = &lt;Response [200]&gt;</msg>
<var>${response}</var>
<arg>consultarAPI</arg>
<arg>/api</arg>
<doc>Sends a GET request on a previously created HTTP Session.</doc>
<status status="PASS" start="2024-07-17T10:16:44.344036" elapsed="0.250196"/>
</kw>
<kw name="Should Be Equal As Numbers" owner="BuiltIn">
<msg time="2024-07-17T10:16:44.595176" level="INFO">Argument types are:
&lt;class 'int'&gt;
&lt;class 'str'&gt;</msg>
<arg>${response.status_code}</arg>
<arg>200</arg>
<doc>Fails if objects are unequal after converting them to real numbers.</doc>
<status status="PASS" start="2024-07-17T10:16:44.594718" elapsed="0.000524"/>
</kw>
<kw name="Log" owner="BuiltIn">
<msg time="2024-07-17T10:16:44.595910" level="INFO">200</msg>
<arg>${response.status_code}</arg>
<doc>Logs the given message with the given level.</doc>
<status status="PASS" start="2024-07-17T10:16:44.595559" elapsed="0.000394"/>
</kw>
<kw name="Set Variable" owner="BuiltIn">
<msg time="2024-07-17T10:16:44.596736" level="INFO">${json_data} = {'results': [{'gender': 'male', 'name': {'title': 'Mr', 'first': 'Aaron', 'last': 'Sanchez'}, 'location': {'street': {'number': 8261, 'name': "Rue de L'Église"}, 'city': 'Rueil-Malmaison', 'state': 'G...</msg>
<var>${json_data}</var>
<arg>${response.json()}</arg>
<doc>Returns the given values which can then be assigned to a variables.</doc>
<status status="PASS" start="2024-07-17T10:16:44.596256" elapsed="0.000511"/>
</kw>
<kw name="Dictionary Should Contain Key" owner="Collections">
<arg>${json_data}</arg>
<arg>results</arg>
<doc>Fails if ``key`` is not found from ``dictionary``.</doc>
<status status="PASS" start="2024-07-17T10:16:44.597079" elapsed="0.000167"/>
</kw>
<status status="PASS" start="2024-07-17T10:16:44.343791" elapsed="0.253605"/>
</kw>
<doc>Testa se a API responde corretamente e retorna um objeto JSON válido.</doc>
<tag>testeRequisicaoBasica</tag>
<status status="PASS" start="2024-07-17T10:16:44.343270" elapsed="0.254310"/>
</test>
<test id="s1-s1-t3" name="Validar estrutura de resposta" line="22">
<kw name="Teste de Estrutura de Resposta" owner="random-user-service">
<kw name="GET On Session" owner="RequestsLibrary">
<msg time="2024-07-17T10:16:44.691773" level="INFO">GET Request : url=https://randomuser.me/api 
 path_url=/api 
 headers={'User-Agent': 'python-requests/2.32.3', 'Accept-Encoding': 'gzip, deflate', 'Accept': '*/*', 'Connection': 'keep-alive'} 
 body=None 
 </msg>
<msg time="2024-07-17T10:16:44.691865" level="INFO">GET Response : url=https://randomuser.me/api 
 status=200, reason=OK 
 headers={'Date': 'Wed, 17 Jul 2024 10:16:44 GMT', 'Content-Type': 'application/json; charset=utf-8', 'Transfer-Encoding': 'chunked', 'Connection': 'keep-alive', 'X-Powered-By': 'Express', 'Access-Control-Allow-Origin': '*', 'Cache-Control': 'no-cache', 'ETag': 'W/"4a4-8yV9K7kxJQsVlN4tKJviy3edVRI"', 'Vary': 'Accept-Encoding', 'Content-Encoding': 'gzip', 'CF-Cache-Status': 'DYNAMIC', 'Report-To': '{"endpoints":[{"url":"https:\\/\\/a.nel.cloudflare.com\\/report\\/v4?s=z75MxxUKIj%2ByZdLQlVVbp2XWxmUmxVBNLv6N1ztdfCVgJBgYEiJ4fCF0i2tFlrMCnxtF8RGeRKizFwQ49y99JZmpuf84JBCYuaIv%2FWn4To7qwKUp1bVR0VxRugigfgwF"}],"group":"cf-nel","max_age":604800}', 'NEL': '{"success_fraction":0,"report_to":"cf-nel","max_age":604800}', 'Server': 'cloudflare', 'CF-RAY': '8a497a6ecc6b8018-IAD', 'alt-svc': 'h3=":443"; ma=86400'} 
 body={"results":[{"gender":"female","name":{"title":"Ms","first":"کیانا","last":"گلشن"},"location":{"street":{"number":4653,"name":"شیخ فضل الله نوری"},"city":"زنجان","state":"خراسان رضوی","country":"Iran","postcode":13224,"coordinates":{"latitude":"13.8354","longitude":"24.9360"},"timezone":{"offset":"-8:00","description":"Pacific Time (US &amp; Canada)"}},"email":"khyn.glshn@example.com","login":{"uuid":"eff27875-05f5-4698-8475-7848d85c84b0","username":"greenladybug597","password":"hounddog","salt":"t7vyLFVr","md5":"cf760bbb387aac4bfa530a93678802c9","sha1":"60d226071f50aac21238e97ef1d319857305b929","sha256":"f152f6dd30b64d9e918e685619bd1cb5b161e83da8436fad7f566d3f1212cb14"},"dob":{"date":"1961-10-01T22:48:24.093Z","age":62},"registered":{"date":"2013-06-29T19:13:29.194Z","age":11},"phone":"053-75370090","cell":"0929-065-6445","id":{"name":"","value":null},"picture":{"large":"https://randomuser.me/api/portraits/women/83.jpg","medium":"https://randomuser.me/api/portraits/med/women/83.jpg","thumbnail":"https://randomuser.me/api/portraits/thumb/women/83.jpg"},"nat":"IR"}],"info":{"seed":"98fa3ac22c1cabc9","results":1,"page":1,"version":"1.4"}} 
 </msg>
<msg time="2024-07-17T10:16:44.691992" level="INFO">/opt/hostedtoolcache/Python/3.12.4/x64/lib/python3.12/site-packages/urllib3/connectionpool.py:1099: InsecureRequestWarning: Unverified HTTPS request is being made to host 'randomuser.me'. Adding certificate verification is strongly advised. See: https://urllib3.readthedocs.io/en/latest/advanced-usage.html#tls-warnings
  warnings.warn(</msg>
<msg time="2024-07-17T10:16:44.692107" level="INFO">${response} = &lt;Response [200]&gt;</msg>
<var>${response}</var>
<arg>consultarAPI</arg>
<arg>/api</arg>
<doc>Sends a GET request on a previously created HTTP Session.</doc>
<status status="PASS" start="2024-07-17T10:16:44.600215" elapsed="0.091933"/>
</kw>
<kw name="Set Variable" owner="BuiltIn">
<msg time="2024-07-17T10:16:44.693252" level="INFO">${json_data} = {'results': [{'gender': 'female', 'name': {'title': 'Ms', 'first': 'کیانا', 'last': 'گلشن'}, 'location': {'street': {'number': 4653, 'name': 'شیخ فضل الله نوری'}, 'city': 'زنجان', 'state': 'خراسان رضو...</msg>
<var>${json_data}</var>
<arg>${response.json()}</arg>
<doc>Returns the given values which can then be assigned to a variables.</doc>
<status status="PASS" start="2024-07-17T10:16:44.692663" elapsed="0.000621"/>
</kw>
<kw name="Log" owner="BuiltIn">
<msg time="2024-07-17T10:16:44.693768" level="INFO">{'results': [{'gender': 'female', 'name': {'title': 'Ms', 'first': 'کیانا', 'last': 'گلشن'}, 'location': {'street': {'number': 4653, 'name': 'شیخ فضل الله نوری'}, 'city': 'زنجان', 'state': 'خراسان رضوی', 'country': 'Iran', 'postcode': 13224, 'coordinates': {'latitude': '13.8354', 'longitude': '24.9360'}, 'timezone': {'offset': '-8:00', 'description': 'Pacific Time (US &amp; Canada)'}}, 'email': 'khyn.glshn@example.com', 'login': {'uuid': 'eff27875-05f5-4698-8475-7848d85c84b0', 'username': 'greenladybug597', 'password': 'hounddog', 'salt': 't7vyLFVr', 'md5': 'cf760bbb387aac4bfa530a93678802c9', 'sha1': '60d226071f50aac21238e97ef1d319857305b929', 'sha256': 'f152f6dd30b64d9e918e685619bd1cb5b161e83da8436fad7f566d3f1212cb14'}, 'dob': {'date': '1961-10-01T22:48:24.093Z', 'age': 62}, 'registered': {'date': '2013-06-29T19:13:29.194Z', 'age': 11}, 'phone': '053-75370090', 'cell': '0929-065-6445', 'id': {'name': '', 'value': None}, 'picture': {'large': 'https://randomuser.me/api/portraits/women/83.jpg', 'medium': 'https://randomuser.me/api/portraits/med/women/83.jpg', 'thumbnail': 'https://randomuser.me/api/portraits/thumb/women/83.jpg'}, 'nat': 'IR'}], 'info': {'seed': '98fa3ac22c1cabc9', 'results': 1, 'page': 1, 'version': '1.4'}}</msg>
<arg>${json_data}</arg>
<doc>Logs the given message with the given level.</doc>
<status status="PASS" start="2024-07-17T10:16:44.693603" elapsed="0.000229"/>
</kw>
<kw name="Dictionary Should Contain Key" owner="Collections">
<arg>${json_data}</arg>
<arg>results</arg>
<doc>Fails if ``key`` is not found from ``dictionary``.</doc>
<status status="PASS" start="2024-07-17T10:16:44.694129" elapsed="0.000156"/>
</kw>
<kw name="Should Not Be Empty" owner="BuiltIn">
<msg time="2024-07-17T10:16:44.694607" level="INFO">Length is 2.</msg>
<arg>${json_data}</arg>
<doc>Verifies that the given item is not empty.</doc>
<status status="PASS" start="2024-07-17T10:16:44.694470" elapsed="0.000176"/>
</kw>
<kw name="Create List" owner="BuiltIn">
<msg time="2024-07-17T10:16:44.695221" level="INFO">${expected_keys} = ['gender', 'name', 'location', 'email', 'login']</msg>
<var>${expected_keys}</var>
<arg>gender</arg>
<arg>name</arg>
<arg>location</arg>
<arg>email</arg>
<arg>login</arg>
<doc>Returns a list containing given items.</doc>
<status status="PASS" start="2024-07-17T10:16:44.694934" elapsed="0.000313"/>
</kw>
<for flavor="IN">
<iter>
<kw name="Dictionary Should Contain Key" owner="Collections">
<arg>${json_data['results'][0]}</arg>
<arg>${key}</arg>
<doc>Fails if ``key`` is not found from ``dictionary``.</doc>
<status status="PASS" start="2024-07-17T10:16:44.695829" elapsed="0.000405"/>
</kw>
<kw name="Log" owner="BuiltIn">
<msg time="2024-07-17T10:16:44.696822" level="INFO">{'gender': 'female', 'name': {'title': 'Ms', 'first': 'کیانا', 'last': 'گلشن'}, 'location': {'street': {'number': 4653, 'name': 'شیخ فضل الله نوری'}, 'city': 'زنجان', 'state': 'خراسان رضوی', 'country': 'Iran', 'postcode': 13224, 'coordinates': {'latitude': '13.8354', 'longitude': '24.9360'}, 'timezone': {'offset': '-8:00', 'description': 'Pacific Time (US &amp; Canada)'}}, 'email': 'khyn.glshn@example.com', 'login': {'uuid': 'eff27875-05f5-4698-8475-7848d85c84b0', 'username': 'greenladybug597', 'password': 'hounddog', 'salt': 't7vyLFVr', 'md5': 'cf760bbb387aac4bfa530a93678802c9', 'sha1': '60d226071f50aac21238e97ef1d319857305b929', 'sha256': 'f152f6dd30b64d9e918e685619bd1cb5b161e83da8436fad7f566d3f1212cb14'}, 'dob': {'date': '1961-10-01T22:48:24.093Z', 'age': 62}, 'registered': {'date': '2013-06-29T19:13:29.194Z', 'age': 11}, 'phone': '053-75370090', 'cell': '0929-065-6445', 'id': {'name': '', 'value': None}, 'picture': {'large': 'https://randomuser.me/api/portraits/women/83.jpg', 'medium': 'https://randomuser.me/api/portraits/med/women/83.jpg', 'thumbnail': 'https://randomuser.me/api/portraits/thumb/women/83.jpg'}, 'nat': 'IR'}</msg>
<arg>${json_data['results'][0]}</arg>
<doc>Logs the given message with the given level.</doc>
<status status="PASS" start="2024-07-17T10:16:44.696421" elapsed="0.000454"/>
</kw>
<kw name="Log" owner="BuiltIn">
<msg time="2024-07-17T10:16:44.697312" level="INFO">gender</msg>
<arg>${key}</arg>
<doc>Logs the given message with the given level.</doc>
<status status="PASS" start="2024-07-17T10:16:44.697183" elapsed="0.000166"/>
</kw>
<var name="${key}">gender</var>
<status status="PASS" start="2024-07-17T10:16:44.695700" elapsed="0.001873"/>
</iter>
<iter>
<kw name="Dictionary Should Contain Key" owner="Collections">
<arg>${json_data['results'][0]}</arg>
<arg>${key}</arg>
<doc>Fails if ``key`` is not found from ``dictionary``.</doc>
<status status="PASS" start="2024-07-17T10:16:44.697872" elapsed="0.000404"/>
</kw>
<kw name="Log" owner="BuiltIn">
<msg time="2024-07-17T10:16:44.698856" level="INFO">{'gender': 'female', 'name': {'title': 'Ms', 'first': 'کیانا', 'last': 'گلشن'}, 'location': {'street': {'number': 4653, 'name': 'شیخ فضل الله نوری'}, 'city': 'زنجان', 'state': 'خراسان رضوی', 'country': 'Iran', 'postcode': 13224, 'coordinates': {'latitude': '13.8354', 'longitude': '24.9360'}, 'timezone': {'offset': '-8:00', 'description': 'Pacific Time (US &amp; Canada)'}}, 'email': 'khyn.glshn@example.com', 'login': {'uuid': 'eff27875-05f5-4698-8475-7848d85c84b0', 'username': 'greenladybug597', 'password': 'hounddog', 'salt': 't7vyLFVr', 'md5': 'cf760bbb387aac4bfa530a93678802c9', 'sha1': '60d226071f50aac21238e97ef1d319857305b929', 'sha256': 'f152f6dd30b64d9e918e685619bd1cb5b161e83da8436fad7f566d3f1212cb14'}, 'dob': {'date': '1961-10-01T22:48:24.093Z', 'age': 62}, 'registered': {'date': '2013-06-29T19:13:29.194Z', 'age': 11}, 'phone': '053-75370090', 'cell': '0929-065-6445', 'id': {'name': '', 'value': None}, 'picture': {'large': 'https://randomuser.me/api/portraits/women/83.jpg', 'medium': 'https://randomuser.me/api/portraits/med/women/83.jpg', 'thumbnail': 'https://randomuser.me/api/portraits/thumb/women/83.jpg'}, 'nat': 'IR'}</msg>
<arg>${json_data['results'][0]}</arg>
<doc>Logs the given message with the given level.</doc>
<status status="PASS" start="2024-07-17T10:16:44.698496" elapsed="0.000415"/>
</kw>
<kw name="Log" owner="BuiltIn">
<msg time="2024-07-17T10:16:44.699342" level="INFO">name</msg>
<arg>${key}</arg>
<doc>Logs the given message with the given level.</doc>
<status status="PASS" start="2024-07-17T10:16:44.699214" elapsed="0.000165"/>
</kw>
<var name="${key}">name</var>
<status status="PASS" start="2024-07-17T10:16:44.697758" elapsed="0.001835"/>
</iter>
<iter>
<kw name="Dictionary Should Contain Key" owner="Collections">
<arg>${json_data['results'][0]}</arg>
<arg>${key}</arg>
<doc>Fails if ``key`` is not found from ``dictionary``.</doc>
<status status="PASS" start="2024-07-17T10:16:44.700053" elapsed="0.000573"/>
</kw>
<kw name="Log" owner="BuiltIn">
<msg time="2024-07-17T10:16:44.701205" level="INFO">{'gender': 'female', 'name': {'title': 'Ms', 'first': 'کیانا', 'last': 'گلشن'}, 'location': {'street': {'number': 4653, 'name': 'شیخ فضل الله نوری'}, 'city': 'زنجان', 'state': 'خراسان رضوی', 'country': 'Iran', 'postcode': 13224, 'coordinates': {'latitude': '13.8354', 'longitude': '24.9360'}, 'timezone': {'offset': '-8:00', 'description': 'Pacific Time (US &amp; Canada)'}}, 'email': 'khyn.glshn@example.com', 'login': {'uuid': 'eff27875-05f5-4698-8475-7848d85c84b0', 'username': 'greenladybug597', 'password': 'hounddog', 'salt': 't7vyLFVr', 'md5': 'cf760bbb387aac4bfa530a93678802c9', 'sha1': '60d226071f50aac21238e97ef1d319857305b929', 'sha256': 'f152f6dd30b64d9e918e685619bd1cb5b161e83da8436fad7f566d3f1212cb14'}, 'dob': {'date': '1961-10-01T22:48:24.093Z', 'age': 62}, 'registered': {'date': '2013-06-29T19:13:29.194Z', 'age': 11}, 'phone': '053-75370090', 'cell': '0929-065-6445', 'id': {'name': '', 'value': None}, 'picture': {'large': 'https://randomuser.me/api/portraits/women/83.jpg', 'medium': 'https://randomuser.me/api/portraits/med/women/83.jpg', 'thumbnail': 'https://randomuser.me/api/portraits/thumb/women/83.jpg'}, 'nat': 'IR'}</msg>
<arg>${json_data['results'][0]}</arg>
<doc>Logs the given message with the given level.</doc>
<status status="PASS" start="2024-07-17T10:16:44.700838" elapsed="0.000420"/>
</kw>
<kw name="Log" owner="BuiltIn">
<msg time="2024-07-17T10:16:44.701688" level="INFO">location</msg>
<arg>${key}</arg>
<doc>Logs the given message with the given level.</doc>
<status status="PASS" start="2024-07-17T10:16:44.701559" elapsed="0.000167"/>
</kw>
<var name="${key}">location</var>
<status status="PASS" start="2024-07-17T10:16:44.699867" elapsed="0.002075"/>
</iter>
<iter>
<kw name="Dictionary Should Contain Key" owner="Collections">
<arg>${json_data['results'][0]}</arg>
<arg>${key}</arg>
<doc>Fails if ``key`` is not found from ``dictionary``.</doc>
<status status="PASS" start="2024-07-17T10:16:44.702224" elapsed="0.000590"/>
</kw>
<kw name="Log" owner="BuiltIn">
<msg time="2024-07-17T10:16:44.703383" level="INFO">{'gender': 'female', 'name': {'title': 'Ms', 'first': 'کیانا', 'last': 'گلشن'}, 'location': {'street': {'number': 4653, 'name': 'شیخ فضل الله نوری'}, 'city': 'زنجان', 'state': 'خراسان رضوی', 'country': 'Iran', 'postcode': 13224, 'coordinates': {'latitude': '13.8354', 'longitude': '24.9360'}, 'timezone': {'offset': '-8:00', 'description': 'Pacific Time (US &amp; Canada)'}}, 'email': 'khyn.glshn@example.com', 'login': {'uuid': 'eff27875-05f5-4698-8475-7848d85c84b0', 'username': 'greenladybug597', 'password': 'hounddog', 'salt': 't7vyLFVr', 'md5': 'cf760bbb387aac4bfa530a93678802c9', 'sha1': '60d226071f50aac21238e97ef1d319857305b929', 'sha256': 'f152f6dd30b64d9e918e685619bd1cb5b161e83da8436fad7f566d3f1212cb14'}, 'dob': {'date': '1961-10-01T22:48:24.093Z', 'age': 62}, 'registered': {'date': '2013-06-29T19:13:29.194Z', 'age': 11}, 'phone': '053-75370090', 'cell': '0929-065-6445', 'id': {'name': '', 'value': None}, 'picture': {'large': 'https://randomuser.me/api/portraits/women/83.jpg', 'medium': 'https://randomuser.me/api/portraits/med/women/83.jpg', 'thumbnail': 'https://randomuser.me/api/portraits/thumb/women/83.jpg'}, 'nat': 'IR'}</msg>
<arg>${json_data['results'][0]}</arg>
<doc>Logs the given message with the given level.</doc>
<status status="PASS" start="2024-07-17T10:16:44.703015" elapsed="0.000422"/>
</kw>
<kw name="Log" owner="BuiltIn">
<msg time="2024-07-17T10:16:44.703882" level="INFO">email</msg>
<arg>${key}</arg>
<doc>Logs the given message with the given level.</doc>
<status status="PASS" start="2024-07-17T10:16:44.703748" elapsed="0.000173"/>
</kw>
<var name="${key}">email</var>
<status status="PASS" start="2024-07-17T10:16:44.702115" elapsed="0.002026"/>
</iter>
<iter>
<kw name="Dictionary Should Contain Key" owner="Collections">
<arg>${json_data['results'][0]}</arg>
<arg>${key}</arg>
<doc>Fails if ``key`` is not found from ``dictionary``.</doc>
<status status="PASS" start="2024-07-17T10:16:44.704428" elapsed="0.000420"/>
</kw>
<kw name="Log" owner="BuiltIn">
<msg time="2024-07-17T10:16:44.705400" level="INFO">{'gender': 'female', 'name': {'title': 'Ms', 'first': 'کیانا', 'last': 'گلشن'}, 'location': {'street': {'number': 4653, 'name': 'شیخ فضل الله نوری'}, 'city': 'زنجان', 'state': 'خراسان رضوی', 'country': 'Iran', 'postcode': 13224, 'coordinates': {'latitude': '13.8354', 'longitude': '24.9360'}, 'timezone': {'offset': '-8:00', 'description': 'Pacific Time (US &amp; Canada)'}}, 'email': 'khyn.glshn@example.com', 'login': {'uuid': 'eff27875-05f5-4698-8475-7848d85c84b0', 'username': 'greenladybug597', 'password': 'hounddog', 'salt': 't7vyLFVr', 'md5': 'cf760bbb387aac4bfa530a93678802c9', 'sha1': '60d226071f50aac21238e97ef1d319857305b929', 'sha256': 'f152f6dd30b64d9e918e685619bd1cb5b161e83da8436fad7f566d3f1212cb14'}, 'dob': {'date': '1961-10-01T22:48:24.093Z', 'age': 62}, 'registered': {'date': '2013-06-29T19:13:29.194Z', 'age': 11}, 'phone': '053-75370090', 'cell': '0929-065-6445', 'id': {'name': '', 'value': None}, 'picture': {'large': 'https://randomuser.me/api/portraits/women/83.jpg', 'medium': 'https://randomuser.me/api/portraits/med/women/83.jpg', 'thumbnail': 'https://randomuser.me/api/portraits/thumb/women/83.jpg'}, 'nat': 'IR'}</msg>
<arg>${json_data['results'][0]}</arg>
<doc>Logs the given message with the given level.</doc>
<status status="PASS" start="2024-07-17T10:16:44.705034" elapsed="0.000419"/>
</kw>
<kw name="Log" owner="BuiltIn">
<msg time="2024-07-17T10:16:44.705879" level="INFO">login</msg>
<arg>${key}</arg>
<doc>Logs the given message with the given level.</doc>
<status status="PASS" start="2024-07-17T10:16:44.705751" elapsed="0.000164"/>
</kw>
<var name="${key}">login</var>
<status status="PASS" start="2024-07-17T10:16:44.704314" elapsed="0.001819"/>
</iter>
<var>${key}</var>
<value>@{expected_keys}</value>
<status status="PASS" start="2024-07-17T10:16:44.695511" elapsed="0.010771"/>
</for>
<kw name="Create List" owner="BuiltIn">
<msg time="2024-07-17T10:16:44.706621" level="INFO">${expected_keysTwo} = ['username', 'password']</msg>
<var>${expected_keysTwo}</var>
<arg>username</arg>
<arg>password</arg>
<doc>Returns a list containing given items.</doc>
<status status="PASS" start="2024-07-17T10:16:44.706481" elapsed="0.000165"/>
</kw>
<for flavor="IN">
<iter>
<kw name="Dictionary Should Contain Key" owner="Collections">
<arg>${json_data['results'][0]['login']}</arg>
<arg>${keyTwo}</arg>
<doc>Fails if ``key`` is not found from ``dictionary``.</doc>
<status status="PASS" start="2024-07-17T10:16:44.707142" elapsed="0.000392"/>
</kw>
<kw name="Dictionary Should Contain Key" owner="Collections">
<arg>${json_data['results'][0]['login']}</arg>
<arg>${keyTwo}</arg>
<doc>Fails if ``key`` is not found from ``dictionary``.</doc>
<status status="PASS" start="2024-07-17T10:16:44.707717" elapsed="0.000381"/>
</kw>
<kw name="Log" owner="BuiltIn">
<msg time="2024-07-17T10:16:44.708402" level="INFO">username</msg>
<arg>${keyTwo}</arg>
<doc>Logs the given message with the given level.</doc>
<status status="PASS" start="2024-07-17T10:16:44.708282" elapsed="0.000157"/>
</kw>
<var name="${keyTwo}">username</var>
<status status="PASS" start="2024-07-17T10:16:44.707035" elapsed="0.001657"/>
</iter>
<iter>
<kw name="Dictionary Should Contain Key" owner="Collections">
<arg>${json_data['results'][0]['login']}</arg>
<arg>${keyTwo}</arg>
<doc>Fails if ``key`` is not found from ``dictionary``.</doc>
<status status="PASS" start="2024-07-17T10:16:44.708980" elapsed="0.000392"/>
</kw>
<kw name="Dictionary Should Contain Key" owner="Collections">
<arg>${json_data['results'][0]['login']}</arg>
<arg>${keyTwo}</arg>
<doc>Fails if ``key`` is not found from ``dictionary``.</doc>
<status status="PASS" start="2024-07-17T10:16:44.709554" elapsed="0.000371"/>
</kw>
<kw name="Log" owner="BuiltIn">
<msg time="2024-07-17T10:16:44.710222" level="INFO">password</msg>
<arg>${keyTwo}</arg>
<doc>Logs the given message with the given level.</doc>
<status status="PASS" start="2024-07-17T10:16:44.710103" elapsed="0.000161"/>
</kw>
<var name="${keyTwo}">password</var>
<status status="PASS" start="2024-07-17T10:16:44.708870" elapsed="0.001707"/>
</iter>
<var>${keyTwo}</var>
<value>@{expected_keysTwo}</value>
<status status="PASS" start="2024-07-17T10:16:44.706883" elapsed="0.003816"/>
</for>
<status status="PASS" start="2024-07-17T10:16:44.599980" elapsed="0.110861"/>
</kw>
<doc>Testa a estrutura da resposta da API.</doc>
<tag>testeEstruturaResposta</tag>
<status status="PASS" start="2024-07-17T10:16:44.599454" elapsed="0.111534"/>
</test>
<test id="s1-s1-t4" name="Validar tipos de dados" line="28">
<kw name="Teste de Tipos de Dados" owner="random-user-service">
<kw name="GET On Session" owner="RequestsLibrary">
<msg time="2024-07-17T10:16:44.806450" level="INFO">GET Request : url=https://randomuser.me/api 
 path_url=/api 
 headers={'User-Agent': 'python-requests/2.32.3', 'Accept-Encoding': 'gzip, deflate', 'Accept': '*/*', 'Connection': 'keep-alive'} 
 body=None 
 </msg>
<msg time="2024-07-17T10:16:44.806527" level="INFO">GET Response : url=https://randomuser.me/api 
 status=200, reason=OK 
 headers={'Date': 'Wed, 17 Jul 2024 10:16:44 GMT', 'Content-Type': 'application/json; charset=utf-8', 'Transfer-Encoding': 'chunked', 'Connection': 'keep-alive', 'X-Powered-By': 'Express', 'Access-Control-Allow-Origin': '*', 'Cache-Control': 'no-cache', 'ETag': 'W/"496-+DCH4cUPRF79B8H6Qaw1I8AwBo8"', 'Vary': 'Accept-Encoding', 'Content-Encoding': 'gzip', 'CF-Cache-Status': 'DYNAMIC', 'Report-To': '{"endpoints":[{"url":"https:\\/\\/a.nel.cloudflare.com\\/report\\/v4?s=BPczOA2mcB95BADYiQnnVVoSgGWGT4GGURJJ4CkNezgz68ELJy1oX25ZvhMljGjB6ZTbnjwXlIyGxEMIqB9unKqYH5rMy3D8cSITGp6JEWDyU8ZMazIaV12K1TKcyaEk"}],"group":"cf-nel","max_age":604800}', 'NEL': '{"success_fraction":0,"report_to":"cf-nel","max_age":604800}', 'Server': 'cloudflare', 'CF-RAY': '8a497a6f7d288018-IAD', 'alt-svc': 'h3=":443"; ma=86400'} 
 body={"results":[{"gender":"male","name":{"title":"Mr","first":"Niilo","last":"Waara"},"location":{"street":{"number":6496,"name":"Otavalankatu"},"city":"Kaarina","state":"Tavastia Proper","country":"Finland","postcode":49970,"coordinates":{"latitude":"-22.8424","longitude":"-38.6107"},"timezone":{"offset":"+5:30","description":"Bombay, Calcutta, Madras, New Delhi"}},"email":"niilo.waara@example.com","login":{"uuid":"9fba83e7-333c-49ff-8989-259165680ffd","username":"orangemeercat267","password":"michael2","salt":"ppoVK90a","md5":"5021cf97fcdfd77baab32bd96de99288","sha1":"7670c9e8f145cf96b0ba2dfac6ccbdafd91b258a","sha256":"da613ec03082600e7784522f40a1fd2f6c56c397fb32f99d128fbe08df8ed68e"},"dob":{"date":"1963-02-17T02:29:16.233Z","age":61},"registered":{"date":"2013-11-01T18:11:22.819Z","age":10},"phone":"05-335-099","cell":"048-075-15-18","id":{"name":"HETU","value":"NaNNA199undefined"},"picture":{"large":"https://randomuser.me/api/portraits/men/6.jpg","medium":"https://randomuser.me/api/portraits/med/men/6.jpg","thumbnail":"https://randomuser.me/api/portraits/thumb/men/6.jpg"},"nat":"FI"}],"info":{"seed":"018f631332e4be16","results":1,"page":1,"version":"1.4"}} 
 </msg>
<msg time="2024-07-17T10:16:44.806593" level="INFO">/opt/hostedtoolcache/Python/3.12.4/x64/lib/python3.12/site-packages/urllib3/connectionpool.py:1099: InsecureRequestWarning: Unverified HTTPS request is being made to host 'randomuser.me'. Adding certificate verification is strongly advised. See: https://urllib3.readthedocs.io/en/latest/advanced-usage.html#tls-warnings
  warnings.warn(</msg>
<msg time="2024-07-17T10:16:44.806701" level="INFO">${response} = &lt;Response [200]&gt;</msg>
<var>${response}</var>
<arg>consultarAPI</arg>
<arg>/api</arg>
<doc>Sends a GET request on a previously created HTTP Session.</doc>
<status status="PASS" start="2024-07-17T10:16:44.713546" elapsed="0.093204"/>
</kw>
<kw name="Set Variable" owner="BuiltIn">
<msg time="2024-07-17T10:16:44.807826" level="INFO">${json_data} = {'results': [{'gender': 'male', 'name': {'title': 'Mr', 'first': 'Niilo', 'last': 'Waara'}, 'location': {'street': {'number': 6496, 'name': 'Otavalankatu'}, 'city': 'Kaarina', 'state': 'Tavastia Prope...</msg>
<var>${json_data}</var>
<arg>${response.json()}</arg>
<doc>Returns the given values which can then be assigned to a variables.</doc>
<status status="PASS" start="2024-07-17T10:16:44.807276" elapsed="0.000579"/>
</kw>
<kw name="Log" owner="BuiltIn">
<msg time="2024-07-17T10:16:44.808316" level="INFO">{'results': [{'gender': 'male', 'name': {'title': 'Mr', 'first': 'Niilo', 'last': 'Waara'}, 'location': {'street': {'number': 6496, 'name': 'Otavalankatu'}, 'city': 'Kaarina', 'state': 'Tavastia Proper', 'country': 'Finland', 'postcode': 49970, 'coordinates': {'latitude': '-22.8424', 'longitude': '-38.6107'}, 'timezone': {'offset': '+5:30', 'description': 'Bombay, Calcutta, Madras, New Delhi'}}, 'email': 'niilo.waara@example.com', 'login': {'uuid': '9fba83e7-333c-49ff-8989-259165680ffd', 'username': 'orangemeercat267', 'password': 'michael2', 'salt': 'ppoVK90a', 'md5': '5021cf97fcdfd77baab32bd96de99288', 'sha1': '7670c9e8f145cf96b0ba2dfac6ccbdafd91b258a', 'sha256': 'da613ec03082600e7784522f40a1fd2f6c56c397fb32f99d128fbe08df8ed68e'}, 'dob': {'date': '1963-02-17T02:29:16.233Z', 'age': 61}, 'registered': {'date': '2013-11-01T18:11:22.819Z', 'age': 10}, 'phone': '05-335-099', 'cell': '048-075-15-18', 'id': {'name': 'HETU', 'value': 'NaNNA199undefined'}, 'picture': {'large': 'https://randomuser.me/api/portraits/men/6.jpg', 'medium': 'https://randomuser.me/api/portraits/med/men/6.jpg', 'thumbnail': 'https://randomuser.me/api/portraits/thumb/men/6.jpg'}, 'nat': 'FI'}], 'info': {'seed': '018f631332e4be16', 'results': 1, 'page': 1, 'version': '1.4'}}</msg>
<arg>${json_data}</arg>
<doc>Logs the given message with the given level.</doc>
<status status="PASS" start="2024-07-17T10:16:44.808165" elapsed="0.000199"/>
</kw>
<kw name="Should Be String" owner="String">
<arg>${json_data['results'][0]['gender']}</arg>
<doc>Fails if the given ``item`` is not a string.</doc>
<status status="PASS" start="2024-07-17T10:16:44.808694" elapsed="0.000367"/>
</kw>
<kw name="Should Match Regexp" owner="BuiltIn">
<arg>${json_data['results'][0]['email']}</arg>
<arg>^[a-zA-Z0-9._%+-]+@[a-zA-Z0-9.-]+\.[a-zA-Z]{2,}$</arg>
<doc>Fails if ``string`` does not match ``pattern`` as a regular expression.</doc>
<status status="PASS" start="2024-07-17T10:16:44.809285" elapsed="0.000523"/>
</kw>
<kw name="Should Match Regexp" owner="BuiltIn">
<arg>${json_data['results'][0]['dob']['date']}</arg>
<arg>\\d{4}-\\d{2}-\\d{2}T\\d{2}:\\d{2}:\\d{2}\\.\\d{3}Z</arg>
<doc>Fails if ``string`` does not match ``pattern`` as a regular expression.</doc>
<status status="PASS" start="2024-07-17T10:16:44.810006" elapsed="0.000490"/>
</kw>
<kw name="Should Match Regexp" owner="BuiltIn">
<arg>${json_data['results'][0]['registered']['date']}</arg>
<arg>\\d{4}-\\d{2}-\\d{2}T\\d{2}:\\d{2}:\\d{2}\\.\\d{3}Z</arg>
<doc>Fails if ``string`` does not match ``pattern`` as a regular expression.</doc>
<status status="PASS" start="2024-07-17T10:16:44.810692" elapsed="0.000371"/>
</kw>
<kw name="Should Match Regexp" owner="BuiltIn">
<arg>${json_data['results'][0]['picture']['large']}</arg>
<arg>^https?://.*\.(?:png|jpe?g|gif|bmp)$</arg>
<doc>Fails if ``string`` does not match ``pattern`` as a regular expression.</doc>
<status status="PASS" start="2024-07-17T10:16:44.811252" elapsed="0.000462"/>
</kw>
<kw name="Should Match Regexp" owner="BuiltIn">
<arg>${json_data['results'][0]['picture']['medium']}</arg>
<arg>^https?://.*\.(?:png|jpe?g|gif|bmp)$</arg>
<doc>Fails if ``string`` does not match ``pattern`` as a regular expression.</doc>
<status status="PASS" start="2024-07-17T10:16:44.811936" elapsed="0.000363"/>
</kw>
<kw name="Should Match Regexp" owner="BuiltIn">
<arg>${json_data['results'][0]['picture']['thumbnail']}</arg>
<arg>^https?://.*\.(?:png|jpe?g|gif|bmp)$</arg>
<doc>Fails if ``string`` does not match ``pattern`` as a regular expression.</doc>
<status status="PASS" start="2024-07-17T10:16:44.812486" elapsed="0.000377"/>
</kw>
<kw name="Log" owner="BuiltIn">
<msg time="2024-07-17T10:16:44.813388" level="INFO">{'large': 'https://randomuser.me/api/portraits/men/6.jpg', 'medium': 'https://randomuser.me/api/portraits/med/men/6.jpg', 'thumbnail': 'https://randomuser.me/api/portraits/thumb/men/6.jpg'}</msg>
<arg>${json_data['results'][0]['picture']}</arg>
<doc>Logs the given message with the given level.</doc>
<status status="PASS" start="2024-07-17T10:16:44.813050" elapsed="0.000381"/>
</kw>
<status status="PASS" start="2024-07-17T10:16:44.713313" elapsed="0.100374"/>
</kw>
<kw name="Teste de Tipos de Dados - Postcode" owner="random-user-service">
<kw name="GET On Session" owner="RequestsLibrary">
<msg time="2024-07-17T10:16:44.898911" level="INFO">GET Request : url=https://randomuser.me/api 
 path_url=/api 
 headers={'User-Agent': 'python-requests/2.32.3', 'Accept-Encoding': 'gzip, deflate', 'Accept': '*/*', 'Connection': 'keep-alive'} 
 body=None 
 </msg>
<msg time="2024-07-17T10:16:44.898998" level="INFO">GET Response : url=https://randomuser.me/api 
 status=200, reason=OK 
 headers={'Date': 'Wed, 17 Jul 2024 10:16:44 GMT', 'Content-Type': 'application/json; charset=utf-8', 'Transfer-Encoding': 'chunked', 'Connection': 'keep-alive', 'X-Powered-By': 'Express', 'Access-Control-Allow-Origin': '*', 'Cache-Control': 'no-cache', 'ETag': 'W/"496-St+eZFGY7eGUNNh8eSAzE0S/opk"', 'Vary': 'Accept-Encoding', 'Content-Encoding': 'gzip', 'CF-Cache-Status': 'DYNAMIC', 'Report-To': '{"endpoints":[{"url":"https:\\/\\/a.nel.cloudflare.com\\/report\\/v4?s=xtkb745l0VdwUoUWWX9jh1oLm1q%2B%2BMWKc7TIM3GpPx5dyeTgwbkFiDK2wwOlO15DTHyw1KCS6nuufs1VZtRCSZf%2FfEodk6kmeGPbRyu2hk2qcfl0qjoPnLlCm4FEF4kx"}],"group":"cf-nel","max_age":604800}', 'NEL': '{"success_fraction":0,"report_to":"cf-nel","max_age":604800}', 'Server': 'cloudflare', 'CF-RAY': '8a497a701dbe8018-IAD', 'alt-svc': 'h3=":443"; ma=86400'} 
 body={"results":[{"gender":"female","name":{"title":"Ms","first":"Mónica","last":"Lozano"},"location":{"street":{"number":7352,"name":"Calle de Alcalá"},"city":"Bilbao","state":"Islas Baleares","country":"Spain","postcode":11942,"coordinates":{"latitude":"-36.1184","longitude":"15.5315"},"timezone":{"offset":"+4:00","description":"Abu Dhabi, Muscat, Baku, Tbilisi"}},"email":"monica.lozano@example.com","login":{"uuid":"a7cab42b-018d-4522-925c-fb75f9319ecc","username":"silverwolf774","password":"firewall","salt":"hH1wliYi","md5":"593cc3c63e763b8a4f5d7694c49495e2","sha1":"a240d12ee4e7f482df1eec3bbf74ced0331f3bb7","sha256":"f73dfc648f0dc324b3d745b3fdfc90782be48e4d021bf92aa701051b430ffa6b"},"dob":{"date":"1970-04-20T09:21:17.617Z","age":54},"registered":{"date":"2009-08-05T06:25:52.207Z","age":14},"phone":"952-058-772","cell":"629-819-730","id":{"name":"DNI","value":"37836185-H"},"picture":{"large":"https://randomuser.me/api/portraits/women/95.jpg","medium":"https://randomuser.me/api/portraits/med/women/95.jpg","thumbnail":"https://randomuser.me/api/portraits/thumb/women/95.jpg"},"nat":"ES"}],"info":{"seed":"197bcdcb77b806d9","results":1,"page":1,"version":"1.4"}} 
 </msg>
<msg time="2024-07-17T10:16:44.899074" level="INFO">/opt/hostedtoolcache/Python/3.12.4/x64/lib/python3.12/site-packages/urllib3/connectionpool.py:1099: InsecureRequestWarning: Unverified HTTPS request is being made to host 'randomuser.me'. Adding certificate verification is strongly advised. See: https://urllib3.readthedocs.io/en/latest/advanced-usage.html#tls-warnings
  warnings.warn(</msg>
<msg time="2024-07-17T10:16:44.899188" level="INFO">${response} = &lt;Response [200]&gt;</msg>
<var>${response}</var>
<arg>consultarAPI</arg>
<arg>/api</arg>
<doc>Sends a GET request on a previously created HTTP Session.</doc>
<status status="PASS" start="2024-07-17T10:16:44.814120" elapsed="0.085119"/>
</kw>
<kw name="Set Variable" owner="BuiltIn">
<msg time="2024-07-17T10:16:44.900345" level="INFO">${json_data} = {'results': [{'gender': 'female', 'name': {'title': 'Ms', 'first': 'Mónica', 'last': 'Lozano'}, 'location': {'street': {'number': 7352, 'name': 'Calle de Alcalá'}, 'city': 'Bilbao', 'state': 'Islas Ba...</msg>
<var>${json_data}</var>
<arg>${response.json()}</arg>
<doc>Returns the given values which can then be assigned to a variables.</doc>
<status status="PASS" start="2024-07-17T10:16:44.899769" elapsed="0.000608"/>
</kw>
<kw name="Log" owner="BuiltIn">
<msg time="2024-07-17T10:16:44.900891" level="INFO">{'results': [{'gender': 'female', 'name': {'title': 'Ms', 'first': 'Mónica', 'last': 'Lozano'}, 'location': {'street': {'number': 7352, 'name': 'Calle de Alcalá'}, 'city': 'Bilbao', 'state': 'Islas Baleares', 'country': 'Spain', 'postcode': 11942, 'coordinates': {'latitude': '-36.1184', 'longitude': '15.5315'}, 'timezone': {'offset': '+4:00', 'description': 'Abu Dhabi, Muscat, Baku, Tbilisi'}}, 'email': 'monica.lozano@example.com', 'login': {'uuid': 'a7cab42b-018d-4522-925c-fb75f9319ecc', 'username': 'silverwolf774', 'password': 'firewall', 'salt': 'hH1wliYi', 'md5': '593cc3c63e763b8a4f5d7694c49495e2', 'sha1': 'a240d12ee4e7f482df1eec3bbf74ced0331f3bb7', 'sha256': 'f73dfc648f0dc324b3d745b3fdfc90782be48e4d021bf92aa701051b430ffa6b'}, 'dob': {'date': '1970-04-20T09:21:17.617Z', 'age': 54}, 'registered': {'date': '2009-08-05T06:25:52.207Z', 'age': 14}, 'phone': '952-058-772', 'cell': '629-819-730', 'id': {'name': 'DNI', 'value': '37836185-H'}, 'picture': {'large': 'https://randomuser.me/api/portraits/women/95.jpg', 'medium': 'https://randomuser.me/api/portraits/med/women/95.jpg', 'thumbnail': 'https://randomuser.me/api/portraits/thumb/women/95.jpg'}, 'nat': 'ES'}], 'info': {'seed': '197bcdcb77b806d9', 'results': 1, 'page': 1, 'version': '1.4'}}</msg>
<arg>${json_data}</arg>
<doc>Logs the given message with the given level.</doc>
<status status="PASS" start="2024-07-17T10:16:44.900725" elapsed="0.000216"/>
</kw>
<kw name="Should Be Equal As Numbers" owner="BuiltIn">
<arg>${json_data['results'][0]['location']['postcode']}</arg>
<arg>${json_data['results'][0]['location']['postcode']}</arg>
<doc>Fails if objects are unequal after converting them to real numbers.</doc>
<status status="PASS" start="2024-07-17T10:16:44.901247" elapsed="0.000631"/>
</kw>
<kw name="Log" owner="BuiltIn">
<msg time="2024-07-17T10:16:44.902596" level="INFO">11942</msg>
<arg>${json_data['results'][0]['location']['postcode']}</arg>
<doc>Logs the given message with the given level.</doc>
<status status="PASS" start="2024-07-17T10:16:44.902107" elapsed="0.000532"/>
</kw>
<status status="PASS" start="2024-07-17T10:16:44.813903" elapsed="0.088996"/>
</kw>
<doc>Testa se os tipos de dados na resposta da API estão corretos.</doc>
<tag>testeTiposDados</tag>
<status status="PASS" start="2024-07-17T10:16:44.712790" elapsed="0.190275"/>
</test>
<test id="s1-s1-t5" name="Validar conteudo" line="35">
<kw name="Teste de Tipos de Conteudo" owner="random-user-service">
<kw name="GET On Session" owner="RequestsLibrary">
<msg time="2024-07-17T10:16:44.996747" level="INFO">GET Request : url=https://randomuser.me/api 
 path_url=/api 
 headers={'User-Agent': 'python-requests/2.32.3', 'Accept-Encoding': 'gzip, deflate', 'Accept': '*/*', 'Connection': 'keep-alive'} 
 body=None 
 </msg>
<msg time="2024-07-17T10:16:44.996835" level="INFO">GET Response : url=https://randomuser.me/api 
 status=200, reason=OK 
 headers={'Date': 'Wed, 17 Jul 2024 10:16:44 GMT', 'Content-Type': 'application/json; charset=utf-8', 'Transfer-Encoding': 'chunked', 'Connection': 'keep-alive', 'X-Powered-By': 'Express', 'Access-Control-Allow-Origin': '*', 'Cache-Control': 'no-cache', 'ETag': 'W/"493-CuCxGmuTh3fAiATS8EHtnlXwC0w"', 'Vary': 'Accept-Encoding', 'Content-Encoding': 'gzip', 'CF-Cache-Status': 'DYNAMIC', 'Report-To': '{"endpoints":[{"url":"https:\\/\\/a.nel.cloudflare.com\\/report\\/v4?s=qErfHCa2pOhvPFPH2OkDuivsJo5dX3zN0V%2F1g3MFMI8cf%2B5Cx1bIt0q7O7k3raqifJIpD10YAW15mLtBOwgWABddV%2FkxiCmhmg3C39oU8LSdO5Ngs08IzO%2BojORXkg0T"}],"group":"cf-nel","max_age":604800}', 'NEL': '{"success_fraction":0,"report_to":"cf-nel","max_age":604800}', 'Server': 'cloudflare', 'CF-RAY': '8a497a70ae5c8018-IAD', 'alt-svc': 'h3=":443"; ma=86400'} 
 body={"results":[{"gender":"male","name":{"title":"Mr","first":"Daniel","last":"Diez"},"location":{"street":{"number":8336,"name":"Calle del Pez"},"city":"Las Palmas de Gran Canaria","state":"Asturias","country":"Spain","postcode":89287,"coordinates":{"latitude":"-32.2401","longitude":"-11.3418"},"timezone":{"offset":"+8:00","description":"Beijing, Perth, Singapore, Hong Kong"}},"email":"daniel.diez@example.com","login":{"uuid":"43ddd62e-b78f-4be8-8b32-d57643782029","username":"bluedog837","password":"polly","salt":"SCH8Q5Gp","md5":"0c899cbb8cc7befb457b57a3333dd6ae","sha1":"62778ecef102b258e084959b1a35245103695850","sha256":"45c10feaf312088de25a5f35521e4c1259065bdcbf81b9f4d50ff3600abb9262"},"dob":{"date":"1965-02-02T18:26:23.035Z","age":59},"registered":{"date":"2011-03-17T21:19:37.989Z","age":13},"phone":"921-451-015","cell":"689-862-119","id":{"name":"DNI","value":"47243120-H"},"picture":{"large":"https://randomuser.me/api/portraits/men/40.jpg","medium":"https://randomuser.me/api/portraits/med/men/40.jpg","thumbnail":"https://randomuser.me/api/portraits/thumb/men/40.jpg"},"nat":"ES"}],"info":{"seed":"0077ea0e33acd0ae","results":1,"page":1,"version":"1.4"}} 
 </msg>
<msg time="2024-07-17T10:16:44.996899" level="INFO">/opt/hostedtoolcache/Python/3.12.4/x64/lib/python3.12/site-packages/urllib3/connectionpool.py:1099: InsecureRequestWarning: Unverified HTTPS request is being made to host 'randomuser.me'. Adding certificate verification is strongly advised. See: https://urllib3.readthedocs.io/en/latest/advanced-usage.html#tls-warnings
  warnings.warn(</msg>
<msg time="2024-07-17T10:16:44.997016" level="INFO">${response} = &lt;Response [200]&gt;</msg>
<var>${response}</var>
<arg>consultarAPI</arg>
<arg>/api</arg>
<doc>Sends a GET request on a previously created HTTP Session.</doc>
<status status="PASS" start="2024-07-17T10:16:44.905611" elapsed="0.091445"/>
</kw>
<kw name="Set Variable" owner="BuiltIn">
<msg time="2024-07-17T10:16:44.998181" level="INFO">${json_data} = {'results': [{'gender': 'male', 'name': {'title': 'Mr', 'first': 'Daniel', 'last': 'Diez'}, 'location': {'street': {'number': 8336, 'name': 'Calle del Pez'}, 'city': 'Las Palmas de Gran Canaria', 'sta...</msg>
<var>${json_data}</var>
<arg>${response.json()}</arg>
<doc>Returns the given values which can then be assigned to a variables.</doc>
<status status="PASS" start="2024-07-17T10:16:44.997624" elapsed="0.000586"/>
</kw>
<kw name="Set Variable" owner="BuiltIn">
<msg time="2024-07-17T10:16:44.998900" level="INFO">${name_title} = Mr</msg>
<var>${name_title}</var>
<arg>${json_data["results"][0]["name"]["title"]}</arg>
<doc>Returns the given values which can then be assigned to a variables.</doc>
<status status="PASS" start="2024-07-17T10:16:44.998518" elapsed="0.000408"/>
</kw>
<kw name="Create List" owner="BuiltIn">
<msg time="2024-07-17T10:16:44.999372" level="INFO">${allowed_titles} = ['Mr', 'Ms', 'Miss', 'Mrs', 'Madame', 'Monsieur']</msg>
<var>${allowed_titles}</var>
<arg>Mr</arg>
<arg>Ms</arg>
<arg>Miss</arg>
<arg>Mrs</arg>
<arg>Madame</arg>
<arg>Monsieur</arg>
<doc>Returns a list containing given items.</doc>
<status status="PASS" start="2024-07-17T10:16:44.999223" elapsed="0.000173"/>
</kw>
<kw name="List Should Contain Value" owner="Collections">
<arg>${allowed_titles}</arg>
<arg>${name_title}</arg>
<doc>Fails if the ``value`` is not found from ``list``.</doc>
<status status="PASS" start="2024-07-17T10:16:44.999693" elapsed="0.000182"/>
</kw>
<kw name="Set Variable" owner="BuiltIn">
<msg time="2024-07-17T10:16:45.000424" level="INFO">${name_country} = ES</msg>
<var>${name_country}</var>
<arg>${json_data["results"][0]["nat"]}</arg>
<doc>Returns the given values which can then be assigned to a variables.</doc>
<status status="PASS" start="2024-07-17T10:16:45.000054" elapsed="0.000406"/>
</kw>
<kw name="Create List" owner="BuiltIn">
<msg time="2024-07-17T10:16:45.001398" level="INFO">${list_country} = ['AD', 'AE', 'AF', 'AG', 'AI', 'AL', 'AM', 'AO', 'AQ', 'AR', 'AS', 'AT', 'AU', 'AW', 'AX', 'AZ', 'BA', 'BB', 'BD', 'BE', 'BF', 'BG', 'BH', 'BI', 'BJ', 'BL', 'BM', 'BN', 'BO', 'BQ', 'BR', 'BS', 'BT', '...</msg>
<var>${list_country}</var>
<arg>AD</arg>
<arg>AE</arg>
<arg>AF</arg>
<arg>AG</arg>
<arg>AI</arg>
<arg>AL</arg>
<arg>AM</arg>
<arg>AO</arg>
<arg>AQ</arg>
<arg>AR</arg>
<arg>AS</arg>
<arg>AT</arg>
<arg>AU</arg>
<arg>AW</arg>
<arg>AX</arg>
<arg>AZ</arg>
<arg>BA</arg>
<arg>BB</arg>
<arg>BD</arg>
<arg>BE</arg>
<arg>BF</arg>
<arg>BG</arg>
<arg>BH</arg>
<arg>BI</arg>
<arg>BJ</arg>
<arg>BL</arg>
<arg>BM</arg>
<arg>BN</arg>
<arg>BO</arg>
<arg>BQ</arg>
<arg>BR</arg>
<arg>BS</arg>
<arg>BT</arg>
<arg>BV</arg>
<arg>BW</arg>
<arg>BY</arg>
<arg>BZ</arg>
<arg>CA</arg>
<arg>CC</arg>
<arg>CD</arg>
<arg>CF</arg>
<arg>CG</arg>
<arg>CH</arg>
<arg>CI</arg>
<arg>CK</arg>
<arg>CL</arg>
<arg>CM</arg>
<arg>CN</arg>
<arg>CO</arg>
<arg>CR</arg>
<arg>CU</arg>
<arg>CV</arg>
<arg>CW</arg>
<arg>CX</arg>
<arg>CY</arg>
<arg>CZ</arg>
<arg>DE</arg>
<arg>DJ</arg>
<arg>DK</arg>
<arg>DM</arg>
<arg>DO</arg>
<arg>DZ</arg>
<arg>EC</arg>
<arg>EE</arg>
<arg>EG</arg>
<arg>EH</arg>
<arg>ER</arg>
<arg>ES</arg>
<arg>ET</arg>
<arg>FI</arg>
<arg>FJ</arg>
<arg>FK</arg>
<arg>FM</arg>
<arg>FO</arg>
<arg>FR</arg>
<arg>GA</arg>
<arg>GB</arg>
<arg>GD</arg>
<arg>GE</arg>
<arg>GF</arg>
<arg>GG</arg>
<arg>GH</arg>
<arg>GI</arg>
<arg>GL</arg>
<arg>GM</arg>
<arg>GN</arg>
<arg>GP</arg>
<arg>GQ</arg>
<arg>GR</arg>
<arg>GS</arg>
<arg>GT</arg>
<arg>GU</arg>
<arg>GW</arg>
<arg>GY</arg>
<arg>HK</arg>
<arg>HM</arg>
<arg>HN</arg>
<arg>HR</arg>
<arg>HT</arg>
<arg>HU</arg>
<arg>ID</arg>
<arg>IE</arg>
<arg>IL</arg>
<arg>IM</arg>
<arg>IN</arg>
<arg>IO</arg>
<arg>IQ</arg>
<arg>IR</arg>
<arg>IS</arg>
<arg>IT</arg>
<arg>JE</arg>
<arg>JM</arg>
<arg>JO</arg>
<arg>JP</arg>
<arg>KE</arg>
<arg>KG</arg>
<arg>KH</arg>
<arg>KI</arg>
<arg>KM</arg>
<arg>KN</arg>
<arg>KP</arg>
<arg>KR</arg>
<arg>KW</arg>
<arg>KY</arg>
<arg>KZ</arg>
<arg>LA</arg>
<arg>LB</arg>
<arg>LC</arg>
<arg>LI</arg>
<arg>LK</arg>
<arg>LR</arg>
<arg>LS</arg>
<arg>LT</arg>
<arg>LU</arg>
<arg>LV</arg>
<arg>LY</arg>
<arg>MA</arg>
<arg>MC</arg>
<arg>MD</arg>
<arg>ME</arg>
<arg>MF</arg>
<arg>MG</arg>
<arg>MH</arg>
<arg>MK</arg>
<arg>ML</arg>
<arg>MM</arg>
<arg>MN</arg>
<arg>MO</arg>
<arg>MP</arg>
<arg>MQ</arg>
<arg>MR</arg>
<arg>MS</arg>
<arg>MT</arg>
<arg>MU</arg>
<arg>MV</arg>
<arg>MW</arg>
<arg>MX</arg>
<arg>MY</arg>
<arg>MZ</arg>
<arg>NA</arg>
<arg>NC</arg>
<arg>NE</arg>
<arg>NF</arg>
<arg>NG</arg>
<arg>NI</arg>
<arg>NL</arg>
<arg>NO</arg>
<arg>NP</arg>
<arg>NR</arg>
<arg>NU</arg>
<arg>NZ</arg>
<arg>OM</arg>
<arg>PA</arg>
<arg>PE</arg>
<arg>PF</arg>
<arg>PG</arg>
<arg>PH</arg>
<arg>PK</arg>
<arg>PL</arg>
<arg>PM</arg>
<arg>PN</arg>
<arg>PR</arg>
<arg>PS</arg>
<arg>PT</arg>
<arg>PW</arg>
<arg>PY</arg>
<arg>QA</arg>
<arg>RE</arg>
<arg>RO</arg>
<arg>RS</arg>
<arg>RU</arg>
<arg>RW</arg>
<arg>SA</arg>
<arg>SB</arg>
<arg>SC</arg>
<arg>SD</arg>
<arg>SE</arg>
<arg>SG</arg>
<arg>SH</arg>
<arg>SI</arg>
<arg>SJ</arg>
<arg>SK</arg>
<arg>SL</arg>
<arg>SM</arg>
<arg>SN</arg>
<arg>SO</arg>
<arg>SR</arg>
<arg>SS</arg>
<arg>ST</arg>
<arg>SV</arg>
<arg>SX</arg>
<arg>SY</arg>
<arg>SZ</arg>
<arg>TC</arg>
<arg>TD</arg>
<arg>TF</arg>
<arg>TG</arg>
<arg>TH</arg>
<arg>TJ</arg>
<arg>TK</arg>
<arg>TL</arg>
<arg>TM</arg>
<arg>TN</arg>
<arg>TO</arg>
<arg>TR</arg>
<arg>TT</arg>
<arg>TV</arg>
<arg>TW</arg>
<arg>TZ</arg>
<arg>UA</arg>
<arg>UG</arg>
<arg>UM</arg>
<arg>US</arg>
<arg>UY</arg>
<arg>UZ</arg>
<arg>VA</arg>
<arg>VC</arg>
<arg>VE</arg>
<arg>VG</arg>
<arg>VI</arg>
<arg>VN</arg>
<arg>VU</arg>
<arg>WF</arg>
<arg>WS</arg>
<arg>XK</arg>
<arg>YE</arg>
<arg>YT</arg>
<arg>ZA</arg>
<arg>ZM</arg>
<arg>ZW</arg>
<doc>Returns a list containing given items.</doc>
<status status="PASS" start="2024-07-17T10:16:45.000792" elapsed="0.000631"/>
</kw>
<kw name="List Should Contain Value" owner="Collections">
<arg>${list_country}</arg>
<arg>${name_country}</arg>
<doc>Fails if the ``value`` is not found from ``list``.</doc>
<status status="PASS" start="2024-07-17T10:16:45.002213" elapsed="0.000203"/>
</kw>
<kw name="Run Keyword If" owner="BuiltIn">
<kw name="Should Be True" owner="BuiltIn">
<arg>${True}</arg>
<doc>Fails if the given condition is not true.</doc>
<status status="PASS" start="2024-07-17T10:16:45.003359" elapsed="0.000143"/>
</kw>
<arg>${json_data["results"][0]["location"]["coordinates"]["latitude"]} &gt;= -90 and ${json_data["results"][0]["location"]["coordinates"]["latitude"]} &lt;= 90</arg>
<arg>Should Be True</arg>
<arg>${True}</arg>
<doc>Runs the given keyword with the given arguments, if ``condition`` is true.</doc>
<status status="PASS" start="2024-07-17T10:16:45.002613" elapsed="0.001017"/>
</kw>
<kw name="Run Keyword If" owner="BuiltIn">
<kw name="Should Be True" owner="BuiltIn">
<arg>${True}</arg>
<doc>Fails if the given condition is not true.</doc>
<status status="PASS" start="2024-07-17T10:16:45.004509" elapsed="0.000271"/>
</kw>
<arg>${json_data["results"][0]["location"]["coordinates"]["longitude"]} &gt;= -180 and ${json_data["results"][0]["location"]["coordinates"]["longitude"]} &lt;= 180</arg>
<arg>Should Be True</arg>
<arg>${True}</arg>
<doc>Runs the given keyword with the given arguments, if ``condition`` is true.</doc>
<status status="PASS" start="2024-07-17T10:16:45.003813" elapsed="0.001099"/>
</kw>
<status status="PASS" start="2024-07-17T10:16:44.905389" elapsed="0.099658"/>
</kw>
<doc>Testa o conteúdo específico dos campos retornados pela API.</doc>
<tag>testeConteudo</tag>
<status status="PASS" start="2024-07-17T10:16:44.904852" elapsed="0.100346"/>
</test>
<status status="PASS" start="2024-07-17T10:16:43.997544" elapsed="1.009658"/>
</suite>
<status status="PASS" start="2024-07-17T10:16:43.983209" elapsed="1.029043"/>
</suite>
<statistics>
<total>
<stat pass="5" fail="0" skip="0">All Tests</stat>
</total>
<tag>
<stat pass="1" fail="0" skip="0">testeConteudo</stat>
<stat pass="1" fail="0" skip="0">testeEstruturaResposta</stat>
<stat pass="1" fail="0" skip="0">testeRequisicaoBasica</stat>
<stat pass="1" fail="0" skip="0">testeTiposDados</stat>
</tag>
<suite>
<stat pass="5" fail="0" skip="0" id="s1" name="Tests">Tests</stat>
<stat pass="5" fail="0" skip="0" id="s1-s1" name="Random-User-Test">Tests.Random-User-Test</stat>
</suite>
</statistics>
<errors>
</errors>
</robot>
