<?xml version="1.0" encoding="UTF-8"?>
<robot generator="Robot 7.0.1 (Python 3.12.4 on linux)" generated="2024-06-27T22:13:52.065532" rpa="false" schemaversion="5">
<suite id="s1" name="Tests" source="/home/runner/work/ApiRandomUser/ApiRandomUser/RamdonUser/tests">
<suite id="s1-s1" name="Random-User-Test" source="/home/runner/work/ApiRandomUser/ApiRandomUser/RamdonUser/tests/random-user-test.robot">
<test id="s1-s1-t1" name="Conectar" line="13">
<kw name="Conectar API" owner="random-user-service">
<kw name="Create Session" owner="RequestsLibrary">
<msg time="2024-06-27T22:13:52.458987" level="INFO">Creating Session using : alias=consultarAPI, url=https://randomuser.me/, headers={},                     cookies={}, auth=None, timeout=None, proxies=None, verify=False,                     debug=0 </msg>
<arg>consultarAPI</arg>
<arg>${URL}</arg>
<doc>Create Session: create a HTTP session to a server</doc>
<status status="PASS" start="2024-06-27T22:13:52.458786" elapsed="0.000369"/>
</kw>
<status status="PASS" start="2024-06-27T22:13:52.457828" elapsed="0.001674"/>
</kw>
<status status="PASS" start="2024-06-27T22:13:52.457233" elapsed="0.002461"/>
</test>
<test id="s1-s1-t2" name="Validar retorno 200 e JSON Válido" line="16">
<kw name="Teste de Requisicao Basica" owner="random-user-service">
<kw name="GET On Session" owner="RequestsLibrary">
<msg time="2024-06-27T22:13:52.661615" level="INFO">GET Request : url=https://randomuser.me/api 
 path_url=/api 
 headers={'User-Agent': 'python-requests/2.32.3', 'Accept-Encoding': 'gzip, deflate', 'Accept': '*/*', 'Connection': 'keep-alive'} 
 body=None 
 </msg>
<msg time="2024-06-27T22:13:52.661768" level="INFO">GET Response : url=https://randomuser.me/api 
 status=200, reason=OK 
 headers={'Date': 'Thu, 27 Jun 2024 22:13:52 GMT', 'Content-Type': 'application/json; charset=utf-8', 'Transfer-Encoding': 'chunked', 'Connection': 'keep-alive', 'X-Powered-By': 'Express', 'Access-Control-Allow-Origin': '*', 'Cache-Control': 'no-cache', 'ETag': 'W/"482-VuqwiYpdqAG58LRPmGO1rnaE5sE"', 'Vary': 'Accept-Encoding', 'Content-Encoding': 'gzip', 'CF-Cache-Status': 'DYNAMIC', 'Report-To': '{"endpoints":[{"url":"https:\\/\\/a.nel.cloudflare.com\\/report\\/v4?s=RafMZmmCwGxzIZWd0IJZGtyfQkcxbgxf0Da0fghTSNrTwJMI2y3QrxrNDz%2FxWemjGgp4yjyeeN7UzS5I%2FzBclra52I9SSDGLJjyL5EA54wH5Szz7%2B5GPTyXvQ8NBXGcc"}],"group":"cf-nel","max_age":604800}', 'NEL': '{"success_fraction":0,"report_to":"cf-nel","max_age":604800}', 'Server': 'cloudflare', 'CF-RAY': '89a8c96bdc243b32-IAD', 'alt-svc': 'h3=":443"; ma=86400'} 
 body={"results":[{"gender":"female","name":{"title":"Miss","first":"Esma","last":"Bayındır"},"location":{"street":{"number":4839,"name":"Abanoz Sk"},"city":"Malatya","state":"Afyonkarahisar","country":"Turkey","postcode":38768,"coordinates":{"latitude":"70.3215","longitude":"44.8402"},"timezone":{"offset":"+6:00","description":"Almaty, Dhaka, Colombo"}},"email":"esma.bayindir@example.com","login":{"uuid":"530c7680-56d8-4b66-b60e-9f79b79cd574","username":"tinymeercat945","password":"343434","salt":"x1IRxxEA","md5":"a12100384c46c6aeac5e312a4df0aa53","sha1":"ce69ac4cb549f0c259e16d661899a3d3f68c8c51","sha256":"c1572510a6cfc7dced279c10d78fa469e4a4398face295cef5d3816bcd1241f7"},"dob":{"date":"1972-06-23T00:10:29.867Z","age":52},"registered":{"date":"2014-07-08T15:16:12.364Z","age":9},"phone":"(467)-834-2886","cell":"(462)-874-8494","id":{"name":"","value":null},"picture":{"large":"https://randomuser.me/api/portraits/women/72.jpg","medium":"https://randomuser.me/api/portraits/med/women/72.jpg","thumbnail":"https://randomuser.me/api/portraits/thumb/women/72.jpg"},"nat":"TR"}],"info":{"seed":"74c3fee7d012af6a","results":1,"page":1,"version":"1.4"}} 
 </msg>
<msg time="2024-06-27T22:13:52.661855" level="INFO">/opt/hostedtoolcache/Python/3.12.4/x64/lib/python3.12/site-packages/urllib3/connectionpool.py:1099: InsecureRequestWarning: Unverified HTTPS request is being made to host 'randomuser.me'. Adding certificate verification is strongly advised. See: https://urllib3.readthedocs.io/en/latest/advanced-usage.html#tls-warnings
  warnings.warn(</msg>
<msg time="2024-06-27T22:13:52.662014" level="INFO">${response} = &lt;Response [200]&gt;</msg>
<var>${response}</var>
<arg>consultarAPI</arg>
<arg>/api</arg>
<doc>Sends a GET request on a previously created HTTP Session.</doc>
<status status="PASS" start="2024-06-27T22:13:52.462328" elapsed="0.199732"/>
</kw>
<kw name="Should Be Equal As Numbers" owner="BuiltIn">
<msg time="2024-06-27T22:13:52.663066" level="INFO">Argument types are:
&lt;class 'int'&gt;
&lt;class 'str'&gt;</msg>
<arg>${response.status_code}</arg>
<arg>200</arg>
<doc>Fails if objects are unequal after converting them to real numbers.</doc>
<status status="PASS" start="2024-06-27T22:13:52.662573" elapsed="0.000557"/>
</kw>
<kw name="Log" owner="BuiltIn">
<msg time="2024-06-27T22:13:52.663797" level="INFO">200</msg>
<arg>${response.status_code}</arg>
<doc>Logs the given message with the given level.</doc>
<status status="PASS" start="2024-06-27T22:13:52.663448" elapsed="0.000391"/>
</kw>
<kw name="Set Variable" owner="BuiltIn">
<msg time="2024-06-27T22:13:52.664595" level="INFO">${json_data} = {'results': [{'gender': 'female', 'name': {'title': 'Miss', 'first': 'Esma', 'last': 'Bayındır'}, 'location': {'street': {'number': 4839, 'name': 'Abanoz Sk'}, 'city': 'Malatya', 'state': 'Afyonkarahi...</msg>
<var>${json_data}</var>
<arg>${response.json()}</arg>
<doc>Returns the given values which can then be assigned to a variables.</doc>
<status status="PASS" start="2024-06-27T22:13:52.664148" elapsed="0.000478"/>
</kw>
<kw name="Dictionary Should Contain Key" owner="Collections">
<arg>${json_data}</arg>
<arg>results</arg>
<doc>Fails if ``key`` is not found from ``dictionary``.</doc>
<status status="PASS" start="2024-06-27T22:13:52.664929" elapsed="0.000166"/>
</kw>
<status status="PASS" start="2024-06-27T22:13:52.462086" elapsed="0.203162"/>
</kw>
<doc>Testa se a API responde corretamente e retorna um objeto JSON válido.</doc>
<tag>testeRequisicaoBasica</tag>
<status status="PASS" start="2024-06-27T22:13:52.461547" elapsed="0.203878"/>
</test>
<test id="s1-s1-t3" name="Validar estrutura de resposta" line="22">
<kw name="Teste de Estrutura de Resposta" owner="random-user-service">
<kw name="GET On Session" owner="RequestsLibrary">
<msg time="2024-06-27T22:13:52.770324" level="INFO">GET Request : url=https://randomuser.me/api 
 path_url=/api 
 headers={'User-Agent': 'python-requests/2.32.3', 'Accept-Encoding': 'gzip, deflate', 'Accept': '*/*', 'Connection': 'keep-alive'} 
 body=None 
 </msg>
<msg time="2024-06-27T22:13:52.770406" level="INFO">GET Response : url=https://randomuser.me/api 
 status=200, reason=OK 
 headers={'Date': 'Thu, 27 Jun 2024 22:13:52 GMT', 'Content-Type': 'application/json; charset=utf-8', 'Transfer-Encoding': 'chunked', 'Connection': 'keep-alive', 'X-Powered-By': 'Express', 'Access-Control-Allow-Origin': '*', 'Cache-Control': 'no-cache', 'ETag': 'W/"499-S9jV32MyWEEIKXSmYQlGcY7bDKU"', 'Vary': 'Accept-Encoding', 'Content-Encoding': 'gzip', 'CF-Cache-Status': 'DYNAMIC', 'Report-To': '{"endpoints":[{"url":"https:\\/\\/a.nel.cloudflare.com\\/report\\/v4?s=uwvk%2B2dv2hLewiU8gXtQYyxX7ekrKnn%2Fn8jQ5BP1gk6wunrLJabAFIalfpL0Jgs3l6miBpaQ3yFsxZhfM6yijM6PwcpwVj%2B%2BL3X3%2BsdMW14af2S9XGDEpy3t7ZGA8XbN"}],"group":"cf-nel","max_age":604800}', 'NEL': '{"success_fraction":0,"report_to":"cf-nel","max_age":604800}', 'Server': 'cloudflare', 'CF-RAY': '89a8c96c3c983b32-IAD', 'alt-svc': 'h3=":443"; ma=86400'} 
 body={"results":[{"gender":"female","name":{"title":"Ms","first":"Derci","last":"Dias"},"location":{"street":{"number":7277,"name":"Rua São Francisco "},"city":"Itajaí","state":"Paraíba","country":"Brazil","postcode":11921,"coordinates":{"latitude":"-76.8410","longitude":"88.1635"},"timezone":{"offset":"+4:00","description":"Abu Dhabi, Muscat, Baku, Tbilisi"}},"email":"derci.dias@example.com","login":{"uuid":"35d9bb68-0f96-4d2d-88bb-109e270af87b","username":"sadbutterfly140","password":"preacher","salt":"9Jy1k2tG","md5":"e63f18412bd9201dd5bf6732e42fa627","sha1":"593b730ccb30f596daf3f039c5c3cc6783b4fa04","sha256":"c363589da3d6f4a8ec172137e136b760d27d8d6a5783d6603da4b2b2867c5d4f"},"dob":{"date":"1978-07-07T09:57:17.218Z","age":45},"registered":{"date":"2020-10-20T08:13:01.571Z","age":3},"phone":"(40) 6954-7654","cell":"(59) 4079-5050","id":{"name":"CPF","value":"470.891.280-25"},"picture":{"large":"https://randomuser.me/api/portraits/women/15.jpg","medium":"https://randomuser.me/api/portraits/med/women/15.jpg","thumbnail":"https://randomuser.me/api/portraits/thumb/women/15.jpg"},"nat":"BR"}],"info":{"seed":"263ed7e548253f79","results":1,"page":1,"version":"1.4"}} 
 </msg>
<msg time="2024-06-27T22:13:52.770524" level="INFO">/opt/hostedtoolcache/Python/3.12.4/x64/lib/python3.12/site-packages/urllib3/connectionpool.py:1099: InsecureRequestWarning: Unverified HTTPS request is being made to host 'randomuser.me'. Adding certificate verification is strongly advised. See: https://urllib3.readthedocs.io/en/latest/advanced-usage.html#tls-warnings
  warnings.warn(</msg>
<msg time="2024-06-27T22:13:52.770687" level="INFO">${response} = &lt;Response [200]&gt;</msg>
<var>${response}</var>
<arg>consultarAPI</arg>
<arg>/api</arg>
<doc>Sends a GET request on a previously created HTTP Session.</doc>
<status status="PASS" start="2024-06-27T22:13:52.668179" elapsed="0.102552"/>
</kw>
<kw name="Set Variable" owner="BuiltIn">
<msg time="2024-06-27T22:13:52.771540" level="INFO">${json_data} = {'results': [{'gender': 'female', 'name': {'title': 'Ms', 'first': 'Derci', 'last': 'Dias'}, 'location': {'street': {'number': 7277, 'name': 'Rua São Francisco '}, 'city': 'Itajaí', 'state': 'Paraíba'...</msg>
<var>${json_data}</var>
<arg>${response.json()}</arg>
<doc>Returns the given values which can then be assigned to a variables.</doc>
<status status="PASS" start="2024-06-27T22:13:52.771083" elapsed="0.000486"/>
</kw>
<kw name="Log" owner="BuiltIn">
<msg time="2024-06-27T22:13:52.772030" level="INFO">{'results': [{'gender': 'female', 'name': {'title': 'Ms', 'first': 'Derci', 'last': 'Dias'}, 'location': {'street': {'number': 7277, 'name': 'Rua São Francisco '}, 'city': 'Itajaí', 'state': 'Paraíba', 'country': 'Brazil', 'postcode': 11921, 'coordinates': {'latitude': '-76.8410', 'longitude': '88.1635'}, 'timezone': {'offset': '+4:00', 'description': 'Abu Dhabi, Muscat, Baku, Tbilisi'}}, 'email': 'derci.dias@example.com', 'login': {'uuid': '35d9bb68-0f96-4d2d-88bb-109e270af87b', 'username': 'sadbutterfly140', 'password': 'preacher', 'salt': '9Jy1k2tG', 'md5': 'e63f18412bd9201dd5bf6732e42fa627', 'sha1': '593b730ccb30f596daf3f039c5c3cc6783b4fa04', 'sha256': 'c363589da3d6f4a8ec172137e136b760d27d8d6a5783d6603da4b2b2867c5d4f'}, 'dob': {'date': '1978-07-07T09:57:17.218Z', 'age': 45}, 'registered': {'date': '2020-10-20T08:13:01.571Z', 'age': 3}, 'phone': '(40) 6954-7654', 'cell': '(59) 4079-5050', 'id': {'name': 'CPF', 'value': '470.891.280-25'}, 'picture': {'large': 'https://randomuser.me/api/portraits/women/15.jpg', 'medium': 'https://randomuser.me/api/portraits/med/women/15.jpg', 'thumbnail': 'https://randomuser.me/api/portraits/thumb/women/15.jpg'}, 'nat': 'BR'}], 'info': {'seed': '263ed7e548253f79', 'results': 1, 'page': 1, 'version': '1.4'}}</msg>
<arg>${json_data}</arg>
<doc>Logs the given message with the given level.</doc>
<status status="PASS" start="2024-06-27T22:13:52.771874" elapsed="0.000205"/>
</kw>
<kw name="Dictionary Should Contain Key" owner="Collections">
<arg>${json_data}</arg>
<arg>results</arg>
<doc>Fails if ``key`` is not found from ``dictionary``.</doc>
<status status="PASS" start="2024-06-27T22:13:52.772365" elapsed="0.000153"/>
</kw>
<kw name="Should Not Be Empty" owner="BuiltIn">
<msg time="2024-06-27T22:13:52.772826" level="INFO">Length is 2.</msg>
<arg>${json_data}</arg>
<doc>Verifies that the given item is not empty.</doc>
<status status="PASS" start="2024-06-27T22:13:52.772696" elapsed="0.000167"/>
</kw>
<kw name="Create List" owner="BuiltIn">
<msg time="2024-06-27T22:13:52.773428" level="INFO">${expected_keys} = ['gender', 'name', 'location', 'email', 'login']</msg>
<var>${expected_keys}</var>
<arg>gender</arg>
<arg>name</arg>
<arg>location</arg>
<arg>email</arg>
<arg>login</arg>
<doc>Returns a list containing given items.</doc>
<status status="PASS" start="2024-06-27T22:13:52.773151" elapsed="0.000302"/>
</kw>
<for flavor="IN">
<iter>
<kw name="Dictionary Should Contain Key" owner="Collections">
<arg>${json_data['results'][0]}</arg>
<arg>${key}</arg>
<doc>Fails if ``key`` is not found from ``dictionary``.</doc>
<status status="PASS" start="2024-06-27T22:13:52.774015" elapsed="0.000390"/>
</kw>
<kw name="Log" owner="BuiltIn">
<msg time="2024-06-27T22:13:52.775002" level="INFO">{'gender': 'female', 'name': {'title': 'Ms', 'first': 'Derci', 'last': 'Dias'}, 'location': {'street': {'number': 7277, 'name': 'Rua São Francisco '}, 'city': 'Itajaí', 'state': 'Paraíba', 'country': 'Brazil', 'postcode': 11921, 'coordinates': {'latitude': '-76.8410', 'longitude': '88.1635'}, 'timezone': {'offset': '+4:00', 'description': 'Abu Dhabi, Muscat, Baku, Tbilisi'}}, 'email': 'derci.dias@example.com', 'login': {'uuid': '35d9bb68-0f96-4d2d-88bb-109e270af87b', 'username': 'sadbutterfly140', 'password': 'preacher', 'salt': '9Jy1k2tG', 'md5': 'e63f18412bd9201dd5bf6732e42fa627', 'sha1': '593b730ccb30f596daf3f039c5c3cc6783b4fa04', 'sha256': 'c363589da3d6f4a8ec172137e136b760d27d8d6a5783d6603da4b2b2867c5d4f'}, 'dob': {'date': '1978-07-07T09:57:17.218Z', 'age': 45}, 'registered': {'date': '2020-10-20T08:13:01.571Z', 'age': 3}, 'phone': '(40) 6954-7654', 'cell': '(59) 4079-5050', 'id': {'name': 'CPF', 'value': '470.891.280-25'}, 'picture': {'large': 'https://randomuser.me/api/portraits/women/15.jpg', 'medium': 'https://randomuser.me/api/portraits/med/women/15.jpg', 'thumbnail': 'https://randomuser.me/api/portraits/thumb/women/15.jpg'}, 'nat': 'BR'}</msg>
<arg>${json_data['results'][0]}</arg>
<doc>Logs the given message with the given level.</doc>
<status status="PASS" start="2024-06-27T22:13:52.774588" elapsed="0.000465"/>
</kw>
<kw name="Log" owner="BuiltIn">
<msg time="2024-06-27T22:13:52.775489" level="INFO">gender</msg>
<arg>${key}</arg>
<doc>Logs the given message with the given level.</doc>
<status status="PASS" start="2024-06-27T22:13:52.775360" elapsed="0.000167"/>
</kw>
<var name="${key}">gender</var>
<status status="PASS" start="2024-06-27T22:13:52.773894" elapsed="0.001848"/>
</iter>
<iter>
<kw name="Dictionary Should Contain Key" owner="Collections">
<arg>${json_data['results'][0]}</arg>
<arg>${key}</arg>
<doc>Fails if ``key`` is not found from ``dictionary``.</doc>
<status status="PASS" start="2024-06-27T22:13:52.776036" elapsed="0.000392"/>
</kw>
<kw name="Log" owner="BuiltIn">
<msg time="2024-06-27T22:13:52.776960" level="INFO">{'gender': 'female', 'name': {'title': 'Ms', 'first': 'Derci', 'last': 'Dias'}, 'location': {'street': {'number': 7277, 'name': 'Rua São Francisco '}, 'city': 'Itajaí', 'state': 'Paraíba', 'country': 'Brazil', 'postcode': 11921, 'coordinates': {'latitude': '-76.8410', 'longitude': '88.1635'}, 'timezone': {'offset': '+4:00', 'description': 'Abu Dhabi, Muscat, Baku, Tbilisi'}}, 'email': 'derci.dias@example.com', 'login': {'uuid': '35d9bb68-0f96-4d2d-88bb-109e270af87b', 'username': 'sadbutterfly140', 'password': 'preacher', 'salt': '9Jy1k2tG', 'md5': 'e63f18412bd9201dd5bf6732e42fa627', 'sha1': '593b730ccb30f596daf3f039c5c3cc6783b4fa04', 'sha256': 'c363589da3d6f4a8ec172137e136b760d27d8d6a5783d6603da4b2b2867c5d4f'}, 'dob': {'date': '1978-07-07T09:57:17.218Z', 'age': 45}, 'registered': {'date': '2020-10-20T08:13:01.571Z', 'age': 3}, 'phone': '(40) 6954-7654', 'cell': '(59) 4079-5050', 'id': {'name': 'CPF', 'value': '470.891.280-25'}, 'picture': {'large': 'https://randomuser.me/api/portraits/women/15.jpg', 'medium': 'https://randomuser.me/api/portraits/med/women/15.jpg', 'thumbnail': 'https://randomuser.me/api/portraits/thumb/women/15.jpg'}, 'nat': 'BR'}</msg>
<arg>${json_data['results'][0]}</arg>
<doc>Logs the given message with the given level.</doc>
<status status="PASS" start="2024-06-27T22:13:52.776610" elapsed="0.000432"/>
</kw>
<kw name="Log" owner="BuiltIn">
<msg time="2024-06-27T22:13:52.777482" level="INFO">name</msg>
<arg>${key}</arg>
<doc>Logs the given message with the given level.</doc>
<status status="PASS" start="2024-06-27T22:13:52.777354" elapsed="0.000165"/>
</kw>
<var name="${key}">name</var>
<status status="PASS" start="2024-06-27T22:13:52.775926" elapsed="0.001809"/>
</iter>
<iter>
<kw name="Dictionary Should Contain Key" owner="Collections">
<arg>${json_data['results'][0]}</arg>
<arg>${key}</arg>
<doc>Fails if ``key`` is not found from ``dictionary``.</doc>
<status status="PASS" start="2024-06-27T22:13:52.778022" elapsed="0.000381"/>
</kw>
<kw name="Log" owner="BuiltIn">
<msg time="2024-06-27T22:13:52.778969" level="INFO">{'gender': 'female', 'name': {'title': 'Ms', 'first': 'Derci', 'last': 'Dias'}, 'location': {'street': {'number': 7277, 'name': 'Rua São Francisco '}, 'city': 'Itajaí', 'state': 'Paraíba', 'country': 'Brazil', 'postcode': 11921, 'coordinates': {'latitude': '-76.8410', 'longitude': '88.1635'}, 'timezone': {'offset': '+4:00', 'description': 'Abu Dhabi, Muscat, Baku, Tbilisi'}}, 'email': 'derci.dias@example.com', 'login': {'uuid': '35d9bb68-0f96-4d2d-88bb-109e270af87b', 'username': 'sadbutterfly140', 'password': 'preacher', 'salt': '9Jy1k2tG', 'md5': 'e63f18412bd9201dd5bf6732e42fa627', 'sha1': '593b730ccb30f596daf3f039c5c3cc6783b4fa04', 'sha256': 'c363589da3d6f4a8ec172137e136b760d27d8d6a5783d6603da4b2b2867c5d4f'}, 'dob': {'date': '1978-07-07T09:57:17.218Z', 'age': 45}, 'registered': {'date': '2020-10-20T08:13:01.571Z', 'age': 3}, 'phone': '(40) 6954-7654', 'cell': '(59) 4079-5050', 'id': {'name': 'CPF', 'value': '470.891.280-25'}, 'picture': {'large': 'https://randomuser.me/api/portraits/women/15.jpg', 'medium': 'https://randomuser.me/api/portraits/med/women/15.jpg', 'thumbnail': 'https://randomuser.me/api/portraits/thumb/women/15.jpg'}, 'nat': 'BR'}</msg>
<arg>${json_data['results'][0]}</arg>
<doc>Logs the given message with the given level.</doc>
<status status="PASS" start="2024-06-27T22:13:52.778586" elapsed="0.000432"/>
</kw>
<kw name="Log" owner="BuiltIn">
<msg time="2024-06-27T22:13:52.779445" level="INFO">location</msg>
<arg>${key}</arg>
<doc>Logs the given message with the given level.</doc>
<status status="PASS" start="2024-06-27T22:13:52.779318" elapsed="0.000164"/>
</kw>
<var name="${key}">location</var>
<status status="PASS" start="2024-06-27T22:13:52.777910" elapsed="0.001787"/>
</iter>
<iter>
<kw name="Dictionary Should Contain Key" owner="Collections">
<arg>${json_data['results'][0]}</arg>
<arg>${key}</arg>
<doc>Fails if ``key`` is not found from ``dictionary``.</doc>
<status status="PASS" start="2024-06-27T22:13:52.779971" elapsed="0.000387"/>
</kw>
<kw name="Log" owner="BuiltIn">
<msg time="2024-06-27T22:13:52.780887" level="INFO">{'gender': 'female', 'name': {'title': 'Ms', 'first': 'Derci', 'last': 'Dias'}, 'location': {'street': {'number': 7277, 'name': 'Rua São Francisco '}, 'city': 'Itajaí', 'state': 'Paraíba', 'country': 'Brazil', 'postcode': 11921, 'coordinates': {'latitude': '-76.8410', 'longitude': '88.1635'}, 'timezone': {'offset': '+4:00', 'description': 'Abu Dhabi, Muscat, Baku, Tbilisi'}}, 'email': 'derci.dias@example.com', 'login': {'uuid': '35d9bb68-0f96-4d2d-88bb-109e270af87b', 'username': 'sadbutterfly140', 'password': 'preacher', 'salt': '9Jy1k2tG', 'md5': 'e63f18412bd9201dd5bf6732e42fa627', 'sha1': '593b730ccb30f596daf3f039c5c3cc6783b4fa04', 'sha256': 'c363589da3d6f4a8ec172137e136b760d27d8d6a5783d6603da4b2b2867c5d4f'}, 'dob': {'date': '1978-07-07T09:57:17.218Z', 'age': 45}, 'registered': {'date': '2020-10-20T08:13:01.571Z', 'age': 3}, 'phone': '(40) 6954-7654', 'cell': '(59) 4079-5050', 'id': {'name': 'CPF', 'value': '470.891.280-25'}, 'picture': {'large': 'https://randomuser.me/api/portraits/women/15.jpg', 'medium': 'https://randomuser.me/api/portraits/med/women/15.jpg', 'thumbnail': 'https://randomuser.me/api/portraits/thumb/women/15.jpg'}, 'nat': 'BR'}</msg>
<arg>${json_data['results'][0]}</arg>
<doc>Logs the given message with the given level.</doc>
<status status="PASS" start="2024-06-27T22:13:52.780537" elapsed="0.000398"/>
</kw>
<kw name="Log" owner="BuiltIn">
<msg time="2024-06-27T22:13:52.781351" level="INFO">email</msg>
<arg>${key}</arg>
<doc>Logs the given message with the given level.</doc>
<status status="PASS" start="2024-06-27T22:13:52.781227" elapsed="0.000162"/>
</kw>
<var name="${key}">email</var>
<status status="PASS" start="2024-06-27T22:13:52.779865" elapsed="0.001747"/>
</iter>
<iter>
<kw name="Dictionary Should Contain Key" owner="Collections">
<arg>${json_data['results'][0]}</arg>
<arg>${key}</arg>
<doc>Fails if ``key`` is not found from ``dictionary``.</doc>
<status status="PASS" start="2024-06-27T22:13:52.781898" elapsed="0.000389"/>
</kw>
<kw name="Log" owner="BuiltIn">
<msg time="2024-06-27T22:13:52.782858" level="INFO">{'gender': 'female', 'name': {'title': 'Ms', 'first': 'Derci', 'last': 'Dias'}, 'location': {'street': {'number': 7277, 'name': 'Rua São Francisco '}, 'city': 'Itajaí', 'state': 'Paraíba', 'country': 'Brazil', 'postcode': 11921, 'coordinates': {'latitude': '-76.8410', 'longitude': '88.1635'}, 'timezone': {'offset': '+4:00', 'description': 'Abu Dhabi, Muscat, Baku, Tbilisi'}}, 'email': 'derci.dias@example.com', 'login': {'uuid': '35d9bb68-0f96-4d2d-88bb-109e270af87b', 'username': 'sadbutterfly140', 'password': 'preacher', 'salt': '9Jy1k2tG', 'md5': 'e63f18412bd9201dd5bf6732e42fa627', 'sha1': '593b730ccb30f596daf3f039c5c3cc6783b4fa04', 'sha256': 'c363589da3d6f4a8ec172137e136b760d27d8d6a5783d6603da4b2b2867c5d4f'}, 'dob': {'date': '1978-07-07T09:57:17.218Z', 'age': 45}, 'registered': {'date': '2020-10-20T08:13:01.571Z', 'age': 3}, 'phone': '(40) 6954-7654', 'cell': '(59) 4079-5050', 'id': {'name': 'CPF', 'value': '470.891.280-25'}, 'picture': {'large': 'https://randomuser.me/api/portraits/women/15.jpg', 'medium': 'https://randomuser.me/api/portraits/med/women/15.jpg', 'thumbnail': 'https://randomuser.me/api/portraits/thumb/women/15.jpg'}, 'nat': 'BR'}</msg>
<arg>${json_data['results'][0]}</arg>
<doc>Logs the given message with the given level.</doc>
<status status="PASS" start="2024-06-27T22:13:52.782468" elapsed="0.000437"/>
</kw>
<kw name="Log" owner="BuiltIn">
<msg time="2024-06-27T22:13:52.783326" level="INFO">login</msg>
<arg>${key}</arg>
<doc>Logs the given message with the given level.</doc>
<status status="PASS" start="2024-06-27T22:13:52.783199" elapsed="0.000164"/>
</kw>
<var name="${key}">login</var>
<status status="PASS" start="2024-06-27T22:13:52.781783" elapsed="0.001792"/>
</iter>
<var>${key}</var>
<value>@{expected_keys}</value>
<status status="PASS" start="2024-06-27T22:13:52.773709" elapsed="0.009987"/>
</for>
<kw name="Create List" owner="BuiltIn">
<msg time="2024-06-27T22:13:52.784056" level="INFO">${expected_keysTwo} = ['username', 'password']</msg>
<var>${expected_keysTwo}</var>
<arg>username</arg>
<arg>password</arg>
<doc>Returns a list containing given items.</doc>
<status status="PASS" start="2024-06-27T22:13:52.783884" elapsed="0.000197"/>
</kw>
<for flavor="IN">
<iter>
<kw name="Dictionary Should Contain Key" owner="Collections">
<arg>${json_data['results'][0]['login']}</arg>
<arg>${keyTwo}</arg>
<doc>Fails if ``key`` is not found from ``dictionary``.</doc>
<status status="PASS" start="2024-06-27T22:13:52.784571" elapsed="0.000395"/>
</kw>
<kw name="Dictionary Should Contain Key" owner="Collections">
<arg>${json_data['results'][0]['login']}</arg>
<arg>${keyTwo}</arg>
<doc>Fails if ``key`` is not found from ``dictionary``.</doc>
<status status="PASS" start="2024-06-27T22:13:52.785143" elapsed="0.000375"/>
</kw>
<kw name="Log" owner="BuiltIn">
<msg time="2024-06-27T22:13:52.785826" level="INFO">username</msg>
<arg>${keyTwo}</arg>
<doc>Logs the given message with the given level.</doc>
<status status="PASS" start="2024-06-27T22:13:52.785705" elapsed="0.000157"/>
</kw>
<var name="${keyTwo}">username</var>
<status status="PASS" start="2024-06-27T22:13:52.784465" elapsed="0.001618"/>
</iter>
<iter>
<kw name="Dictionary Should Contain Key" owner="Collections">
<arg>${json_data['results'][0]['login']}</arg>
<arg>${keyTwo}</arg>
<doc>Fails if ``key`` is not found from ``dictionary``.</doc>
<status status="PASS" start="2024-06-27T22:13:52.786356" elapsed="0.000416"/>
</kw>
<kw name="Dictionary Should Contain Key" owner="Collections">
<arg>${json_data['results'][0]['login']}</arg>
<arg>${keyTwo}</arg>
<doc>Fails if ``key`` is not found from ``dictionary``.</doc>
<status status="PASS" start="2024-06-27T22:13:52.786951" elapsed="0.000380"/>
</kw>
<kw name="Log" owner="BuiltIn">
<msg time="2024-06-27T22:13:52.787623" level="INFO">password</msg>
<arg>${keyTwo}</arg>
<doc>Logs the given message with the given level.</doc>
<status status="PASS" start="2024-06-27T22:13:52.787506" elapsed="0.000159"/>
</kw>
<var name="${keyTwo}">password</var>
<status status="PASS" start="2024-06-27T22:13:52.786251" elapsed="0.001733"/>
</iter>
<var>${keyTwo}</var>
<value>@{expected_keysTwo}</value>
<status status="PASS" start="2024-06-27T22:13:52.784317" elapsed="0.003791"/>
</for>
<status status="PASS" start="2024-06-27T22:13:52.667944" elapsed="0.120303"/>
</kw>
<doc>Testa a estrutura da resposta da API.</doc>
<tag>testeEstruturaResposta</tag>
<status status="PASS" start="2024-06-27T22:13:52.667309" elapsed="0.121084"/>
</test>
<test id="s1-s1-t4" name="Validar tipos de dados" line="28">
<kw name="Teste de Tipos de Dados" owner="random-user-service">
<kw name="GET On Session" owner="RequestsLibrary">
<msg time="2024-06-27T22:13:52.857805" level="INFO">GET Request : url=https://randomuser.me/api 
 path_url=/api 
 headers={'User-Agent': 'python-requests/2.32.3', 'Accept-Encoding': 'gzip, deflate', 'Accept': '*/*', 'Connection': 'keep-alive'} 
 body=None 
 </msg>
<msg time="2024-06-27T22:13:52.857871" level="INFO">GET Response : url=https://randomuser.me/api 
 status=200, reason=OK 
 headers={'Date': 'Thu, 27 Jun 2024 22:13:52 GMT', 'Content-Type': 'application/json; charset=utf-8', 'Transfer-Encoding': 'chunked', 'Connection': 'keep-alive', 'X-Powered-By': 'Express', 'Access-Control-Allow-Origin': '*', 'Cache-Control': 'no-cache', 'ETag': 'W/"498-o+O8jVUywyYW7YBou5oNoT9a1zE"', 'Vary': 'Accept-Encoding', 'Content-Encoding': 'gzip', 'CF-Cache-Status': 'DYNAMIC', 'Report-To': '{"endpoints":[{"url":"https:\\/\\/a.nel.cloudflare.com\\/report\\/v4?s=LHkpxD%2FLBI2eVmhgYBvU4PxT0UXX8UPKxXMgnJ%2B6aDolwUsBgbj3MWeHLSF9mEl0AHlX%2F0g90TKydELluosdXYPX4G4nm4jNYEFAKHsRT9zKEcCsMlvIJsqJQQHsob9N"}],"group":"cf-nel","max_age":604800}', 'NEL': '{"success_fraction":0,"report_to":"cf-nel","max_age":604800}', 'Server': 'cloudflare', 'CF-RAY': '89a8c96cfd713b32-IAD', 'alt-svc': 'h3=":443"; ma=86400'} 
 body={"results":[{"gender":"male","name":{"title":"Mr","first":"Emilio","last":"Nell"},"location":{"street":{"number":1639,"name":"Bagijnesingel"},"city":"Doorwerth","state":"Overijssel","country":"Netherlands","postcode":"7537 US","coordinates":{"latitude":"36.4277","longitude":"-133.8522"},"timezone":{"offset":"+3:00","description":"Baghdad, Riyadh, Moscow, St. Petersburg"}},"email":"emilio.nell@example.com","login":{"uuid":"378212bc-885e-496e-86cf-01b37bbcb007","username":"smallzebra120","password":"hedgehog","salt":"IHu6Jy6X","md5":"47f1e02c2afec5bef842e86865b1f324","sha1":"58a522e9e18382ce17f29436807220295a6f8a11","sha256":"d91cb189c2816b92db1d07c9b23096eb94a20d6797ce5a3a73fb00109d27dce0"},"dob":{"date":"1950-04-19T13:12:25.412Z","age":74},"registered":{"date":"2017-03-14T18:26:42.021Z","age":7},"phone":"(0745) 548593","cell":"(06) 19888488","id":{"name":"BSN","value":"18621177"},"picture":{"large":"https://randomuser.me/api/portraits/men/20.jpg","medium":"https://randomuser.me/api/portraits/med/men/20.jpg","thumbnail":"https://randomuser.me/api/portraits/thumb/men/20.jpg"},"nat":"NL"}],"info":{"seed":"5ffa0de2ce4cfd19","results":1,"page":1,"version":"1.4"}} 
 </msg>
<msg time="2024-06-27T22:13:52.857927" level="INFO">/opt/hostedtoolcache/Python/3.12.4/x64/lib/python3.12/site-packages/urllib3/connectionpool.py:1099: InsecureRequestWarning: Unverified HTTPS request is being made to host 'randomuser.me'. Adding certificate verification is strongly advised. See: https://urllib3.readthedocs.io/en/latest/advanced-usage.html#tls-warnings
  warnings.warn(</msg>
<msg time="2024-06-27T22:13:52.858034" level="INFO">${response} = &lt;Response [200]&gt;</msg>
<var>${response}</var>
<arg>consultarAPI</arg>
<arg>/api</arg>
<doc>Sends a GET request on a previously created HTTP Session.</doc>
<status status="PASS" start="2024-06-27T22:13:52.790946" elapsed="0.067128"/>
</kw>
<kw name="Set Variable" owner="BuiltIn">
<msg time="2024-06-27T22:13:52.858920" level="INFO">${json_data} = {'results': [{'gender': 'male', 'name': {'title': 'Mr', 'first': 'Emilio', 'last': 'Nell'}, 'location': {'street': {'number': 1639, 'name': 'Bagijnesingel'}, 'city': 'Doorwerth', 'state': 'Overijssel'...</msg>
<var>${json_data}</var>
<arg>${response.json()}</arg>
<doc>Returns the given values which can then be assigned to a variables.</doc>
<status status="PASS" start="2024-06-27T22:13:52.858445" elapsed="0.000509"/>
</kw>
<kw name="Log" owner="BuiltIn">
<msg time="2024-06-27T22:13:52.859417" level="INFO">{'results': [{'gender': 'male', 'name': {'title': 'Mr', 'first': 'Emilio', 'last': 'Nell'}, 'location': {'street': {'number': 1639, 'name': 'Bagijnesingel'}, 'city': 'Doorwerth', 'state': 'Overijssel', 'country': 'Netherlands', 'postcode': '7537 US', 'coordinates': {'latitude': '36.4277', 'longitude': '-133.8522'}, 'timezone': {'offset': '+3:00', 'description': 'Baghdad, Riyadh, Moscow, St. Petersburg'}}, 'email': 'emilio.nell@example.com', 'login': {'uuid': '378212bc-885e-496e-86cf-01b37bbcb007', 'username': 'smallzebra120', 'password': 'hedgehog', 'salt': 'IHu6Jy6X', 'md5': '47f1e02c2afec5bef842e86865b1f324', 'sha1': '58a522e9e18382ce17f29436807220295a6f8a11', 'sha256': 'd91cb189c2816b92db1d07c9b23096eb94a20d6797ce5a3a73fb00109d27dce0'}, 'dob': {'date': '1950-04-19T13:12:25.412Z', 'age': 74}, 'registered': {'date': '2017-03-14T18:26:42.021Z', 'age': 7}, 'phone': '(0745) 548593', 'cell': '(06) 19888488', 'id': {'name': 'BSN', 'value': '18621177'}, 'picture': {'large': 'https://randomuser.me/api/portraits/men/20.jpg', 'medium': 'https://randomuser.me/api/portraits/med/men/20.jpg', 'thumbnail': 'https://randomuser.me/api/portraits/thumb/men/20.jpg'}, 'nat': 'NL'}], 'info': {'seed': '5ffa0de2ce4cfd19', 'results': 1, 'page': 1, 'version': '1.4'}}</msg>
<arg>${json_data}</arg>
<doc>Logs the given message with the given level.</doc>
<status status="PASS" start="2024-06-27T22:13:52.859264" elapsed="0.000200"/>
</kw>
<kw name="Should Be String" owner="String">
<arg>${json_data['results'][0]['gender']}</arg>
<doc>Fails if the given ``item`` is not a string.</doc>
<status status="PASS" start="2024-06-27T22:13:52.859754" elapsed="0.000360"/>
</kw>
<kw name="Should Match Regexp" owner="BuiltIn">
<arg>${json_data['results'][0]['email']}</arg>
<arg>^[a-zA-Z0-9._%+-]+@[a-zA-Z0-9.-]+\.[a-zA-Z]{2,}$</arg>
<doc>Fails if ``string`` does not match ``pattern`` as a regular expression.</doc>
<status status="PASS" start="2024-06-27T22:13:52.860304" elapsed="0.000547"/>
</kw>
<kw name="Should Match Regexp" owner="BuiltIn">
<arg>${json_data['results'][0]['dob']['date']}</arg>
<arg>\\d{4}-\\d{2}-\\d{2}T\\d{2}:\\d{2}:\\d{2}\\.\\d{3}Z</arg>
<doc>Fails if ``string`` does not match ``pattern`` as a regular expression.</doc>
<status status="PASS" start="2024-06-27T22:13:52.861043" elapsed="0.000481"/>
</kw>
<kw name="Should Match Regexp" owner="BuiltIn">
<arg>${json_data['results'][0]['registered']['date']}</arg>
<arg>\\d{4}-\\d{2}-\\d{2}T\\d{2}:\\d{2}:\\d{2}\\.\\d{3}Z</arg>
<doc>Fails if ``string`` does not match ``pattern`` as a regular expression.</doc>
<status status="PASS" start="2024-06-27T22:13:52.861711" elapsed="0.000368"/>
</kw>
<kw name="Should Match Regexp" owner="BuiltIn">
<arg>${json_data['results'][0]['picture']['large']}</arg>
<arg>^https?://.*\.(?:png|jpe?g|gif|bmp)$</arg>
<doc>Fails if ``string`` does not match ``pattern`` as a regular expression.</doc>
<status status="PASS" start="2024-06-27T22:13:52.862265" elapsed="0.000490"/>
</kw>
<kw name="Should Match Regexp" owner="BuiltIn">
<arg>${json_data['results'][0]['picture']['medium']}</arg>
<arg>^https?://.*\.(?:png|jpe?g|gif|bmp)$</arg>
<doc>Fails if ``string`` does not match ``pattern`` as a regular expression.</doc>
<status status="PASS" start="2024-06-27T22:13:52.862944" elapsed="0.000358"/>
</kw>
<kw name="Should Match Regexp" owner="BuiltIn">
<arg>${json_data['results'][0]['picture']['thumbnail']}</arg>
<arg>^https?://.*\.(?:png|jpe?g|gif|bmp)$</arg>
<doc>Fails if ``string`` does not match ``pattern`` as a regular expression.</doc>
<status status="PASS" start="2024-06-27T22:13:52.863491" elapsed="0.000357"/>
</kw>
<kw name="Log" owner="BuiltIn">
<msg time="2024-06-27T22:13:52.864376" level="INFO">{'large': 'https://randomuser.me/api/portraits/men/20.jpg', 'medium': 'https://randomuser.me/api/portraits/med/men/20.jpg', 'thumbnail': 'https://randomuser.me/api/portraits/thumb/men/20.jpg'}</msg>
<arg>${json_data['results'][0]['picture']}</arg>
<doc>Logs the given message with the given level.</doc>
<status status="PASS" start="2024-06-27T22:13:52.864032" elapsed="0.000385"/>
</kw>
<status status="PASS" start="2024-06-27T22:13:52.790713" elapsed="0.073960"/>
</kw>
<kw name="Teste de Tipos de Dados - Postcode" owner="random-user-service">
<kw name="GET On Session" owner="RequestsLibrary">
<msg time="2024-06-27T22:13:52.956682" level="INFO">GET Request : url=https://randomuser.me/api 
 path_url=/api 
 headers={'User-Agent': 'python-requests/2.32.3', 'Accept-Encoding': 'gzip, deflate', 'Accept': '*/*', 'Connection': 'keep-alive'} 
 body=None 
 </msg>
<msg time="2024-06-27T22:13:52.956761" level="INFO">GET Response : url=https://randomuser.me/api 
 status=200, reason=OK 
 headers={'Date': 'Thu, 27 Jun 2024 22:13:52 GMT', 'Content-Type': 'application/json; charset=utf-8', 'Transfer-Encoding': 'chunked', 'Connection': 'keep-alive', 'X-Powered-By': 'Express', 'Access-Control-Allow-Origin': '*', 'Cache-Control': 'no-cache', 'ETag': 'W/"499-pn+8jLYPkySdICA3a3t6ouXAJng"', 'Vary': 'Accept-Encoding', 'Content-Encoding': 'gzip', 'CF-Cache-Status': 'DYNAMIC', 'Report-To': '{"endpoints":[{"url":"https:\\/\\/a.nel.cloudflare.com\\/report\\/v4?s=8DnkV5W2FZt2IHjlkEnt6sBMUj5FZINZBXMqu8zFdbPqpXVyYQi12AKqT%2BZhFVgRUo%2BI34Hpja8zqk9exzn7A29JTndWkXeycpVaJzDoYGirYLOPjzihX%2BhrBwbzD5iV"}],"group":"cf-nel","max_age":604800}', 'NEL': '{"success_fraction":0,"report_to":"cf-nel","max_age":604800}', 'Server': 'cloudflare', 'CF-RAY': '89a8c96d6e153b32-IAD', 'alt-svc': 'h3=":443"; ma=86400'} 
 body={"results":[{"gender":"female","name":{"title":"Mrs","first":"Elenise","last":"Rocha"},"location":{"street":{"number":4555,"name":"Rua Santa Rita "},"city":"Taboão da Serra","state":"Pará","country":"Brazil","postcode":22244,"coordinates":{"latitude":"-76.0674","longitude":"108.6960"},"timezone":{"offset":"+2:00","description":"Kaliningrad, South Africa"}},"email":"elenise.rocha@example.com","login":{"uuid":"4d987ae8-2952-4ebe-9bf9-5594e706813d","username":"organicfrog386","password":"villa","salt":"Jtj5T4xU","md5":"d7068b6dfe5d2aaccd3da20dc7f0545a","sha1":"772bf5cf561643562e5bcdae2d03c7dbe54e9e6f","sha256":"699a456f9c561f0b518d5f99fe146bf2080eae3bdb32b9b0336e2f711b086818"},"dob":{"date":"1978-11-17T23:12:48.660Z","age":45},"registered":{"date":"2007-11-20T17:23:47.521Z","age":16},"phone":"(40) 3502-8966","cell":"(35) 5943-7612","id":{"name":"CPF","value":"228.737.805-03"},"picture":{"large":"https://randomuser.me/api/portraits/women/90.jpg","medium":"https://randomuser.me/api/portraits/med/women/90.jpg","thumbnail":"https://randomuser.me/api/portraits/thumb/women/90.jpg"},"nat":"BR"}],"info":{"seed":"374d4d7152f9563b","results":1,"page":1,"version":"1.4"}} 
 </msg>
<msg time="2024-06-27T22:13:52.956833" level="INFO">/opt/hostedtoolcache/Python/3.12.4/x64/lib/python3.12/site-packages/urllib3/connectionpool.py:1099: InsecureRequestWarning: Unverified HTTPS request is being made to host 'randomuser.me'. Adding certificate verification is strongly advised. See: https://urllib3.readthedocs.io/en/latest/advanced-usage.html#tls-warnings
  warnings.warn(</msg>
<msg time="2024-06-27T22:13:52.956954" level="INFO">${response} = &lt;Response [200]&gt;</msg>
<var>${response}</var>
<arg>consultarAPI</arg>
<arg>/api</arg>
<doc>Sends a GET request on a previously created HTTP Session.</doc>
<status status="PASS" start="2024-06-27T22:13:52.865119" elapsed="0.091877"/>
</kw>
<kw name="Set Variable" owner="BuiltIn">
<msg time="2024-06-27T22:13:52.957802" level="INFO">${json_data} = {'results': [{'gender': 'female', 'name': {'title': 'Mrs', 'first': 'Elenise', 'last': 'Rocha'}, 'location': {'street': {'number': 4555, 'name': 'Rua Santa Rita '}, 'city': 'Taboão da Serra', 'state':...</msg>
<var>${json_data}</var>
<arg>${response.json()}</arg>
<doc>Returns the given values which can then be assigned to a variables.</doc>
<status status="PASS" start="2024-06-27T22:13:52.957363" elapsed="0.000468"/>
</kw>
<kw name="Log" owner="BuiltIn">
<msg time="2024-06-27T22:13:52.958301" level="INFO">{'results': [{'gender': 'female', 'name': {'title': 'Mrs', 'first': 'Elenise', 'last': 'Rocha'}, 'location': {'street': {'number': 4555, 'name': 'Rua Santa Rita '}, 'city': 'Taboão da Serra', 'state': 'Pará', 'country': 'Brazil', 'postcode': 22244, 'coordinates': {'latitude': '-76.0674', 'longitude': '108.6960'}, 'timezone': {'offset': '+2:00', 'description': 'Kaliningrad, South Africa'}}, 'email': 'elenise.rocha@example.com', 'login': {'uuid': '4d987ae8-2952-4ebe-9bf9-5594e706813d', 'username': 'organicfrog386', 'password': 'villa', 'salt': 'Jtj5T4xU', 'md5': 'd7068b6dfe5d2aaccd3da20dc7f0545a', 'sha1': '772bf5cf561643562e5bcdae2d03c7dbe54e9e6f', 'sha256': '699a456f9c561f0b518d5f99fe146bf2080eae3bdb32b9b0336e2f711b086818'}, 'dob': {'date': '1978-11-17T23:12:48.660Z', 'age': 45}, 'registered': {'date': '2007-11-20T17:23:47.521Z', 'age': 16}, 'phone': '(40) 3502-8966', 'cell': '(35) 5943-7612', 'id': {'name': 'CPF', 'value': '228.737.805-03'}, 'picture': {'large': 'https://randomuser.me/api/portraits/women/90.jpg', 'medium': 'https://randomuser.me/api/portraits/med/women/90.jpg', 'thumbnail': 'https://randomuser.me/api/portraits/thumb/women/90.jpg'}, 'nat': 'BR'}], 'info': {'seed': '374d4d7152f9563b', 'results': 1, 'page': 1, 'version': '1.4'}}</msg>
<arg>${json_data}</arg>
<doc>Logs the given message with the given level.</doc>
<status status="PASS" start="2024-06-27T22:13:52.958144" elapsed="0.000205"/>
</kw>
<kw name="Should Be Equal As Numbers" owner="BuiltIn">
<arg>${json_data['results'][0]['location']['postcode']}</arg>
<arg>${json_data['results'][0]['location']['postcode']}</arg>
<doc>Fails if objects are unequal after converting them to real numbers.</doc>
<status status="PASS" start="2024-06-27T22:13:52.958639" elapsed="0.000657"/>
</kw>
<kw name="Log" owner="BuiltIn">
<msg time="2024-06-27T22:13:52.959953" level="INFO">22244</msg>
<arg>${json_data['results'][0]['location']['postcode']}</arg>
<doc>Logs the given message with the given level.</doc>
<status status="PASS" start="2024-06-27T22:13:52.959488" elapsed="0.000537"/>
</kw>
<status status="PASS" start="2024-06-27T22:13:52.864897" elapsed="0.095383"/>
</kw>
<doc>Testa se os tipos de dados na resposta da API estão corretos.</doc>
<tag>testeTiposDados</tag>
<status status="PASS" start="2024-06-27T22:13:52.790133" elapsed="0.170303"/>
</test>
<test id="s1-s1-t5" name="Validar conteudo" line="35">
<kw name="Teste de Tipos de Conteudo" owner="random-user-service">
<kw name="GET On Session" owner="RequestsLibrary">
<msg time="2024-06-27T22:13:53.059719" level="INFO">GET Request : url=https://randomuser.me/api 
 path_url=/api 
 headers={'User-Agent': 'python-requests/2.32.3', 'Accept-Encoding': 'gzip, deflate', 'Accept': '*/*', 'Connection': 'keep-alive'} 
 body=None 
 </msg>
<msg time="2024-06-27T22:13:53.059813" level="INFO">GET Response : url=https://randomuser.me/api 
 status=200, reason=OK 
 headers={'Date': 'Thu, 27 Jun 2024 22:13:53 GMT', 'Content-Type': 'application/json; charset=utf-8', 'Transfer-Encoding': 'chunked', 'Connection': 'keep-alive', 'X-Powered-By': 'Express', 'Access-Control-Allow-Origin': '*', 'Cache-Control': 'no-cache', 'ETag': 'W/"49a-t0bGf09f/bV9C3ln2CQqZJywpjY"', 'Vary': 'Accept-Encoding', 'Content-Encoding': 'gzip', 'CF-Cache-Status': 'DYNAMIC', 'Report-To': '{"endpoints":[{"url":"https:\\/\\/a.nel.cloudflare.com\\/report\\/v4?s=vShr5ToU2gQx4%2BDiQVALKU82kW7%2BMGyXcDUBdgrGC3MiUBRJaGXkac%2FhDP0N2muPfgVIRXUh5fNBg96ieANqS%2FLM1XaLhDZ0yjyzaTno%2BjP043n2NFBnzARVUkIhAiHr"}],"group":"cf-nel","max_age":604800}', 'NEL': '{"success_fraction":0,"report_to":"cf-nel","max_age":604800}', 'Server': 'cloudflare', 'CF-RAY': '89a8c96e0eff3b32-IAD', 'alt-svc': 'h3=":443"; ma=86400'} 
 body={"results":[{"gender":"female","name":{"title":"Ms","first":"Monisha","last":"Gamskar"},"location":{"street":{"number":8944,"name":"Fontainhas"},"city":"Thrissur","state":"Maharashtra","country":"India","postcode":84985,"coordinates":{"latitude":"11.4664","longitude":"120.4313"},"timezone":{"offset":"+8:00","description":"Beijing, Perth, Singapore, Hong Kong"}},"email":"monisha.gamskar@example.com","login":{"uuid":"64cde4e9-d980-45d8-9fef-4f87f95a6ec6","username":"whiteelephant959","password":"tuesday","salt":"MHcuZFZ9","md5":"4ea9e809adee171a657c503ca7e7661e","sha1":"cc9f1895b4407c56a62b0f15837b09cfddb6b716","sha256":"3f1dc01aaa7500e9cea5c3813bd4e1805fbbd5521832a0053a64b135612e9d87"},"dob":{"date":"1974-04-19T02:14:50.651Z","age":50},"registered":{"date":"2012-02-23T23:51:35.645Z","age":12},"phone":"8364974267","cell":"7614852408","id":{"name":"UIDAI","value":"861413116193"},"picture":{"large":"https://randomuser.me/api/portraits/women/96.jpg","medium":"https://randomuser.me/api/portraits/med/women/96.jpg","thumbnail":"https://randomuser.me/api/portraits/thumb/women/96.jpg"},"nat":"IN"}],"info":{"seed":"978f987e494fcec0","results":1,"page":1,"version":"1.4"}} 
 </msg>
<msg time="2024-06-27T22:13:53.059890" level="INFO">/opt/hostedtoolcache/Python/3.12.4/x64/lib/python3.12/site-packages/urllib3/connectionpool.py:1099: InsecureRequestWarning: Unverified HTTPS request is being made to host 'randomuser.me'. Adding certificate verification is strongly advised. See: https://urllib3.readthedocs.io/en/latest/advanced-usage.html#tls-warnings
  warnings.warn(</msg>
<msg time="2024-06-27T22:13:53.060039" level="INFO">${response} = &lt;Response [200]&gt;</msg>
<var>${response}</var>
<arg>consultarAPI</arg>
<arg>/api</arg>
<doc>Sends a GET request on a previously created HTTP Session.</doc>
<status status="PASS" start="2024-06-27T22:13:52.963129" elapsed="0.096962"/>
</kw>
<kw name="Set Variable" owner="BuiltIn">
<msg time="2024-06-27T22:13:53.061002" level="INFO">${json_data} = {'results': [{'gender': 'female', 'name': {'title': 'Ms', 'first': 'Monisha', 'last': 'Gamskar'}, 'location': {'street': {'number': 8944, 'name': 'Fontainhas'}, 'city': 'Thrissur', 'state': 'Maharasht...</msg>
<var>${json_data}</var>
<arg>${response.json()}</arg>
<doc>Returns the given values which can then be assigned to a variables.</doc>
<status status="PASS" start="2024-06-27T22:13:53.060521" elapsed="0.000510"/>
</kw>
<kw name="Set Variable" owner="BuiltIn">
<msg time="2024-06-27T22:13:53.061710" level="INFO">${name_title} = Ms</msg>
<var>${name_title}</var>
<arg>${json_data["results"][0]["name"]["title"]}</arg>
<doc>Returns the given values which can then be assigned to a variables.</doc>
<status status="PASS" start="2024-06-27T22:13:53.061336" elapsed="0.000399"/>
</kw>
<kw name="Create List" owner="BuiltIn">
<msg time="2024-06-27T22:13:53.062172" level="INFO">${allowed_titles} = ['Mr', 'Ms', 'Miss', 'Mrs', 'Madame', 'Monsieur']</msg>
<var>${allowed_titles}</var>
<arg>Mr</arg>
<arg>Ms</arg>
<arg>Miss</arg>
<arg>Mrs</arg>
<arg>Madame</arg>
<arg>Monsieur</arg>
<doc>Returns a list containing given items.</doc>
<status status="PASS" start="2024-06-27T22:13:53.062026" elapsed="0.000170"/>
</kw>
<kw name="List Should Contain Value" owner="Collections">
<arg>${allowed_titles}</arg>
<arg>${name_title}</arg>
<doc>Fails if the ``value`` is not found from ``list``.</doc>
<status status="PASS" start="2024-06-27T22:13:53.062489" elapsed="0.000215"/>
</kw>
<kw name="Set Variable" owner="BuiltIn">
<msg time="2024-06-27T22:13:53.063258" level="INFO">${name_country} = IN</msg>
<var>${name_country}</var>
<arg>${json_data["results"][0]["nat"]}</arg>
<doc>Returns the given values which can then be assigned to a variables.</doc>
<status status="PASS" start="2024-06-27T22:13:53.062895" elapsed="0.000387"/>
</kw>
<kw name="Create List" owner="BuiltIn">
<msg time="2024-06-27T22:13:53.064163" level="INFO">${list_country} = ['AD', 'AE', 'AF', 'AG', 'AI', 'AL', 'AM', 'AO', 'AQ', 'AR', 'AS', 'AT', 'AU', 'AW', 'AX', 'AZ', 'BA', 'BB', 'BD', 'BE', 'BF', 'BG', 'BH', 'BI', 'BJ', 'BL', 'BM', 'BN', 'BO', 'BQ', 'BR', 'BS', 'BT', '...</msg>
<var>${list_country}</var>
<arg>AD</arg>
<arg>AE</arg>
<arg>AF</arg>
<arg>AG</arg>
<arg>AI</arg>
<arg>AL</arg>
<arg>AM</arg>
<arg>AO</arg>
<arg>AQ</arg>
<arg>AR</arg>
<arg>AS</arg>
<arg>AT</arg>
<arg>AU</arg>
<arg>AW</arg>
<arg>AX</arg>
<arg>AZ</arg>
<arg>BA</arg>
<arg>BB</arg>
<arg>BD</arg>
<arg>BE</arg>
<arg>BF</arg>
<arg>BG</arg>
<arg>BH</arg>
<arg>BI</arg>
<arg>BJ</arg>
<arg>BL</arg>
<arg>BM</arg>
<arg>BN</arg>
<arg>BO</arg>
<arg>BQ</arg>
<arg>BR</arg>
<arg>BS</arg>
<arg>BT</arg>
<arg>BV</arg>
<arg>BW</arg>
<arg>BY</arg>
<arg>BZ</arg>
<arg>CA</arg>
<arg>CC</arg>
<arg>CD</arg>
<arg>CF</arg>
<arg>CG</arg>
<arg>CH</arg>
<arg>CI</arg>
<arg>CK</arg>
<arg>CL</arg>
<arg>CM</arg>
<arg>CN</arg>
<arg>CO</arg>
<arg>CR</arg>
<arg>CU</arg>
<arg>CV</arg>
<arg>CW</arg>
<arg>CX</arg>
<arg>CY</arg>
<arg>CZ</arg>
<arg>DE</arg>
<arg>DJ</arg>
<arg>DK</arg>
<arg>DM</arg>
<arg>DO</arg>
<arg>DZ</arg>
<arg>EC</arg>
<arg>EE</arg>
<arg>EG</arg>
<arg>EH</arg>
<arg>ER</arg>
<arg>ES</arg>
<arg>ET</arg>
<arg>FI</arg>
<arg>FJ</arg>
<arg>FK</arg>
<arg>FM</arg>
<arg>FO</arg>
<arg>FR</arg>
<arg>GA</arg>
<arg>GB</arg>
<arg>GD</arg>
<arg>GE</arg>
<arg>GF</arg>
<arg>GG</arg>
<arg>GH</arg>
<arg>GI</arg>
<arg>GL</arg>
<arg>GM</arg>
<arg>GN</arg>
<arg>GP</arg>
<arg>GQ</arg>
<arg>GR</arg>
<arg>GS</arg>
<arg>GT</arg>
<arg>GU</arg>
<arg>GW</arg>
<arg>GY</arg>
<arg>HK</arg>
<arg>HM</arg>
<arg>HN</arg>
<arg>HR</arg>
<arg>HT</arg>
<arg>HU</arg>
<arg>ID</arg>
<arg>IE</arg>
<arg>IL</arg>
<arg>IM</arg>
<arg>IN</arg>
<arg>IO</arg>
<arg>IQ</arg>
<arg>IR</arg>
<arg>IS</arg>
<arg>IT</arg>
<arg>JE</arg>
<arg>JM</arg>
<arg>JO</arg>
<arg>JP</arg>
<arg>KE</arg>
<arg>KG</arg>
<arg>KH</arg>
<arg>KI</arg>
<arg>KM</arg>
<arg>KN</arg>
<arg>KP</arg>
<arg>KR</arg>
<arg>KW</arg>
<arg>KY</arg>
<arg>KZ</arg>
<arg>LA</arg>
<arg>LB</arg>
<arg>LC</arg>
<arg>LI</arg>
<arg>LK</arg>
<arg>LR</arg>
<arg>LS</arg>
<arg>LT</arg>
<arg>LU</arg>
<arg>LV</arg>
<arg>LY</arg>
<arg>MA</arg>
<arg>MC</arg>
<arg>MD</arg>
<arg>ME</arg>
<arg>MF</arg>
<arg>MG</arg>
<arg>MH</arg>
<arg>MK</arg>
<arg>ML</arg>
<arg>MM</arg>
<arg>MN</arg>
<arg>MO</arg>
<arg>MP</arg>
<arg>MQ</arg>
<arg>MR</arg>
<arg>MS</arg>
<arg>MT</arg>
<arg>MU</arg>
<arg>MV</arg>
<arg>MW</arg>
<arg>MX</arg>
<arg>MY</arg>
<arg>MZ</arg>
<arg>NA</arg>
<arg>NC</arg>
<arg>NE</arg>
<arg>NF</arg>
<arg>NG</arg>
<arg>NI</arg>
<arg>NL</arg>
<arg>NO</arg>
<arg>NP</arg>
<arg>NR</arg>
<arg>NU</arg>
<arg>NZ</arg>
<arg>OM</arg>
<arg>PA</arg>
<arg>PE</arg>
<arg>PF</arg>
<arg>PG</arg>
<arg>PH</arg>
<arg>PK</arg>
<arg>PL</arg>
<arg>PM</arg>
<arg>PN</arg>
<arg>PR</arg>
<arg>PS</arg>
<arg>PT</arg>
<arg>PW</arg>
<arg>PY</arg>
<arg>QA</arg>
<arg>RE</arg>
<arg>RO</arg>
<arg>RS</arg>
<arg>RU</arg>
<arg>RW</arg>
<arg>SA</arg>
<arg>SB</arg>
<arg>SC</arg>
<arg>SD</arg>
<arg>SE</arg>
<arg>SG</arg>
<arg>SH</arg>
<arg>SI</arg>
<arg>SJ</arg>
<arg>SK</arg>
<arg>SL</arg>
<arg>SM</arg>
<arg>SN</arg>
<arg>SO</arg>
<arg>SR</arg>
<arg>SS</arg>
<arg>ST</arg>
<arg>SV</arg>
<arg>SX</arg>
<arg>SY</arg>
<arg>SZ</arg>
<arg>TC</arg>
<arg>TD</arg>
<arg>TF</arg>
<arg>TG</arg>
<arg>TH</arg>
<arg>TJ</arg>
<arg>TK</arg>
<arg>TL</arg>
<arg>TM</arg>
<arg>TN</arg>
<arg>TO</arg>
<arg>TR</arg>
<arg>TT</arg>
<arg>TV</arg>
<arg>TW</arg>
<arg>TZ</arg>
<arg>UA</arg>
<arg>UG</arg>
<arg>UM</arg>
<arg>US</arg>
<arg>UY</arg>
<arg>UZ</arg>
<arg>VA</arg>
<arg>VC</arg>
<arg>VE</arg>
<arg>VG</arg>
<arg>VI</arg>
<arg>VN</arg>
<arg>VU</arg>
<arg>WF</arg>
<arg>WS</arg>
<arg>XK</arg>
<arg>YE</arg>
<arg>YT</arg>
<arg>ZA</arg>
<arg>ZM</arg>
<arg>ZW</arg>
<doc>Returns a list containing given items.</doc>
<status status="PASS" start="2024-06-27T22:13:53.063571" elapsed="0.000617"/>
</kw>
<kw name="List Should Contain Value" owner="Collections">
<arg>${list_country}</arg>
<arg>${name_country}</arg>
<doc>Fails if the ``value`` is not found from ``list``.</doc>
<status status="PASS" start="2024-06-27T22:13:53.064981" elapsed="0.000209"/>
</kw>
<kw name="Run Keyword If" owner="BuiltIn">
<kw name="Should Be True" owner="BuiltIn">
<arg>${True}</arg>
<doc>Fails if the given condition is not true.</doc>
<status status="PASS" start="2024-06-27T22:13:53.066121" elapsed="0.000141"/>
</kw>
<arg>${json_data["results"][0]["location"]["coordinates"]["latitude"]} &gt;= -90 and ${json_data["results"][0]["location"]["coordinates"]["latitude"]} &lt;= 90</arg>
<arg>Should Be True</arg>
<arg>${True}</arg>
<doc>Runs the given keyword with the given arguments, if ``condition`` is true.</doc>
<status status="PASS" start="2024-06-27T22:13:53.065387" elapsed="0.000999"/>
</kw>
<kw name="Run Keyword If" owner="BuiltIn">
<kw name="Should Be True" owner="BuiltIn">
<arg>${True}</arg>
<doc>Fails if the given condition is not true.</doc>
<status status="PASS" start="2024-06-27T22:13:53.067294" elapsed="0.000234"/>
</kw>
<arg>${json_data["results"][0]["location"]["coordinates"]["longitude"]} &gt;= -180 and ${json_data["results"][0]["location"]["coordinates"]["longitude"]} &lt;= 180</arg>
<arg>Should Be True</arg>
<arg>${True}</arg>
<doc>Runs the given keyword with the given arguments, if ``condition`` is true.</doc>
<status status="PASS" start="2024-06-27T22:13:53.066574" elapsed="0.001083"/>
</kw>
<status status="PASS" start="2024-06-27T22:13:52.962775" elapsed="0.105013"/>
</kw>
<doc>Testa o conteúdo específico dos campos retornados pela API.</doc>
<tag>testeConteudo</tag>
<status status="PASS" start="2024-06-27T22:13:52.962138" elapsed="0.105794"/>
</test>
<status status="PASS" start="2024-06-27T22:13:52.124153" elapsed="0.945747"/>
</suite>
<status status="PASS" start="2024-06-27T22:13:52.109840" elapsed="0.965117"/>
</suite>
<statistics>
<total>
<stat pass="5" fail="0" skip="0">All Tests</stat>
</total>
<tag>
<stat pass="1" fail="0" skip="0">testeConteudo</stat>
<stat pass="1" fail="0" skip="0">testeEstruturaResposta</stat>
<stat pass="1" fail="0" skip="0">testeRequisicaoBasica</stat>
<stat pass="1" fail="0" skip="0">testeTiposDados</stat>
</tag>
<suite>
<stat pass="5" fail="0" skip="0" id="s1" name="Tests">Tests</stat>
<stat pass="5" fail="0" skip="0" id="s1-s1" name="Random-User-Test">Tests.Random-User-Test</stat>
</suite>
</statistics>
<errors>
</errors>
</robot>
