<?xml version="1.0" encoding="UTF-8"?>
<robot generator="Robot 7.0.1 (Python 3.12.4 on linux)" generated="2024-08-05T08:20:06.940420" rpa="false" schemaversion="5">
<suite id="s1" name="Tests" source="/home/runner/work/ApiRandomUser/ApiRandomUser/RamdonUser/tests">
<suite id="s1-s1" name="Random-User-Test" source="/home/runner/work/ApiRandomUser/ApiRandomUser/RamdonUser/tests/random-user-test.robot">
<test id="s1-s1-t1" name="Conectar" line="13">
<kw name="Conectar API" owner="random-user-service">
<kw name="Create Session" owner="RequestsLibrary">
<msg time="2024-08-05T08:20:07.347227" level="INFO">Creating Session using : alias=consultarAPI, url=https://randomuser.me/, headers={},                     cookies={}, auth=None, timeout=None, proxies=None, verify=False,                     debug=0 </msg>
<arg>consultarAPI</arg>
<arg>${URL}</arg>
<doc>Create Session: create a HTTP session to a server</doc>
<status status="PASS" start="2024-08-05T08:20:07.347023" elapsed="0.000385"/>
</kw>
<status status="PASS" start="2024-08-05T08:20:07.345955" elapsed="0.001819"/>
</kw>
<status status="PASS" start="2024-08-05T08:20:07.345312" elapsed="0.002658"/>
</test>
<test id="s1-s1-t2" name="Validar retorno 200 e JSON Válido" line="16">
<kw name="Teste de Requisicao Basica" owner="random-user-service">
<kw name="GET On Session" owner="RequestsLibrary">
<msg time="2024-08-05T08:20:14.437917" level="INFO">GET Request : url=https://randomuser.me/api 
 path_url=/api 
 headers={'User-Agent': 'python-requests/2.32.3', 'Accept-Encoding': 'gzip, deflate', 'Accept': '*/*', 'Connection': 'keep-alive'} 
 body=None 
 </msg>
<msg time="2024-08-05T08:20:14.438073" level="INFO">GET Response : url=https://randomuser.me/api 
 status=200, reason=OK 
 headers={'Date': 'Mon, 05 Aug 2024 08:20:14 GMT', 'Content-Type': 'application/json; charset=utf-8', 'Transfer-Encoding': 'chunked', 'Connection': 'keep-alive', 'X-Powered-By': 'Express', 'Access-Control-Allow-Origin': '*', 'Cache-Control': 'no-cache', 'ETag': 'W/"477-AmF31/+FdNIBfrlwKlivyqiQXi0"', 'Vary': 'Accept-Encoding', 'Content-Encoding': 'gzip', 'CF-Cache-Status': 'DYNAMIC', 'Report-To': '{"endpoints":[{"url":"https:\\/\\/a.nel.cloudflare.com\\/report\\/v4?s=EYQx%2FREbOb%2B%2F9jXTkHctKHvD9TUHOj4ToO1MDyJ9%2BeASPKWe60WITze%2Fxuj4vb%2BLiZTHyCiyE3RhqtoD5LzWDxI5jA7Ch4mbP3XwGYP%2FoHKtYaIjH6va76NxLdyUCmim"}],"group":"cf-nel","max_age":604800}', 'NEL': '{"success_fraction":0,"report_to":"cf-nel","max_age":604800}', 'Server': 'cloudflare', 'CF-RAY': '8ae55dba4ed62ae3-LAX', 'alt-svc': 'h3=":443"; ma=86400'} 
 body={"results":[{"gender":"male","name":{"title":"Mr","first":"Charan","last":"Rao"},"location":{"street":{"number":6348,"name":"Tank Bund Rd"},"city":"Sambhal","state":"Dadra and Nagar Haveli","country":"India","postcode":19012,"coordinates":{"latitude":"8.1804","longitude":"-9.4012"},"timezone":{"offset":"+5:45","description":"Kathmandu"}},"email":"charan.rao@example.com","login":{"uuid":"4bcafd31-b908-4c1c-9251-99ba7f4d7ab1","username":"goldenbutterfly645","password":"buster","salt":"SLbHXgVK","md5":"71dd8764081ea1e82a20f6b120f8fc8c","sha1":"40c303d272f3021e72f079fa1d33892afe44912c","sha256":"f3cc899a97d3a0038f3efdc7af127eb03fc525a8dfadeed3056756a02248633a"},"dob":{"date":"1980-01-26T10:39:10.659Z","age":44},"registered":{"date":"2017-03-29T00:54:00.454Z","age":7},"phone":"8928467018","cell":"7069779686","id":{"name":"UIDAI","value":"358329310824"},"picture":{"large":"https://randomuser.me/api/portraits/men/65.jpg","medium":"https://randomuser.me/api/portraits/med/men/65.jpg","thumbnail":"https://randomuser.me/api/portraits/thumb/men/65.jpg"},"nat":"IN"}],"info":{"seed":"c9fb8c7a9fa5ee8c","results":1,"page":1,"version":"1.4"}} 
 </msg>
<msg time="2024-08-05T08:20:14.438149" level="INFO">/opt/hostedtoolcache/Python/3.12.4/x64/lib/python3.12/site-packages/urllib3/connectionpool.py:1099: InsecureRequestWarning: Unverified HTTPS request is being made to host 'randomuser.me'. Adding certificate verification is strongly advised. See: https://urllib3.readthedocs.io/en/latest/advanced-usage.html#tls-warnings
  warnings.warn(</msg>
<msg time="2024-08-05T08:20:14.438309" level="INFO">${response} = &lt;Response [200]&gt;</msg>
<var>${response}</var>
<arg>consultarAPI</arg>
<arg>/api</arg>
<doc>Sends a GET request on a previously created HTTP Session.</doc>
<status status="PASS" start="2024-08-05T08:20:07.351187" elapsed="7.087160"/>
</kw>
<kw name="Should Be Equal As Numbers" owner="BuiltIn">
<msg time="2024-08-05T08:20:14.439397" level="INFO">Argument types are:
&lt;class 'int'&gt;
&lt;class 'str'&gt;</msg>
<arg>${response.status_code}</arg>
<arg>200</arg>
<doc>Fails if objects are unequal after converting them to real numbers.</doc>
<status status="PASS" start="2024-08-05T08:20:14.438927" elapsed="0.000535"/>
</kw>
<kw name="Log" owner="BuiltIn">
<msg time="2024-08-05T08:20:14.440125" level="INFO">200</msg>
<arg>${response.status_code}</arg>
<doc>Logs the given message with the given level.</doc>
<status status="PASS" start="2024-08-05T08:20:14.439775" elapsed="0.000392"/>
</kw>
<kw name="Set Variable" owner="BuiltIn">
<msg time="2024-08-05T08:20:14.440892" level="INFO">${json_data} = {'results': [{'gender': 'male', 'name': {'title': 'Mr', 'first': 'Charan', 'last': 'Rao'}, 'location': {'street': {'number': 6348, 'name': 'Tank Bund Rd'}, 'city': 'Sambhal', 'state': 'Dadra and Nagar...</msg>
<var>${json_data}</var>
<arg>${response.json()}</arg>
<doc>Returns the given values which can then be assigned to a variables.</doc>
<status status="PASS" start="2024-08-05T08:20:14.440465" elapsed="0.000455"/>
</kw>
<kw name="Dictionary Should Contain Key" owner="Collections">
<arg>${json_data}</arg>
<arg>results</arg>
<doc>Fails if ``key`` is not found from ``dictionary``.</doc>
<status status="PASS" start="2024-08-05T08:20:14.441210" elapsed="0.000313"/>
</kw>
<status status="PASS" start="2024-08-05T08:20:07.350831" elapsed="7.090843"/>
</kw>
<doc>Testa se a API responde corretamente e retorna um objeto JSON válido.</doc>
<tag>testeRequisicaoBasica</tag>
<status status="PASS" start="2024-08-05T08:20:07.350256" elapsed="7.091589"/>
</test>
<test id="s1-s1-t3" name="Validar estrutura de resposta" line="22">
<kw name="Teste de Estrutura de Resposta" owner="random-user-service">
<kw name="GET On Session" owner="RequestsLibrary">
<msg time="2024-08-05T08:20:21.614228" level="INFO">GET Request : url=https://randomuser.me/api 
 path_url=/api 
 headers={'User-Agent': 'python-requests/2.32.3', 'Accept-Encoding': 'gzip, deflate', 'Accept': '*/*', 'Connection': 'keep-alive'} 
 body=None 
 </msg>
<msg time="2024-08-05T08:20:21.614329" level="INFO">GET Response : url=https://randomuser.me/api 
 status=200, reason=OK 
 headers={'Date': 'Mon, 05 Aug 2024 08:20:21 GMT', 'Content-Type': 'application/json; charset=utf-8', 'Transfer-Encoding': 'chunked', 'Connection': 'keep-alive', 'X-Powered-By': 'Express', 'Access-Control-Allow-Origin': '*', 'Cache-Control': 'no-cache', 'ETag': 'W/"497-2UOjifmwtRmQ8RMc0S0Bj3vsvks"', 'Vary': 'Accept-Encoding', 'Content-Encoding': 'gzip', 'CF-Cache-Status': 'DYNAMIC', 'Report-To': '{"endpoints":[{"url":"https:\\/\\/a.nel.cloudflare.com\\/report\\/v4?s=pb80Rj6JzShH2nPzQX92YOSQ3e%2F336Wf8mCKx%2BzWkxo4uZU1PvQ8h8N32%2BgoIwEgKKfz8cFFrH7o60lV2Fow1b9NtwXD9432P4R69AZCOXVu5mgc89rNwsSNNhOSUp4M"}],"group":"cf-nel","max_age":604800}', 'NEL': '{"success_fraction":0,"report_to":"cf-nel","max_age":604800}', 'Server': 'cloudflare', 'CF-RAY': '8ae55de64aa72ae3-LAX', 'alt-svc': 'h3=":443"; ma=86400'} 
 body={"results":[{"gender":"female","name":{"title":"Ms","first":"آوین","last":"یاسمی"},"location":{"street":{"number":4198,"name":"میدان امام خمینی"},"city":"گرگان","state":"کرمان","country":"Iran","postcode":79093,"coordinates":{"latitude":"16.1910","longitude":"145.4603"},"timezone":{"offset":"-8:00","description":"Pacific Time (US &amp; Canada)"}},"email":"awyn.ysmy@example.com","login":{"uuid":"1fe26afc-c9ef-48c0-8e32-b7a6d2cfdf62","username":"blackpeacock546","password":"channel","salt":"L47FXcW6","md5":"76d6c70a0e78175db0b4b68335309510","sha1":"5695494b59099a08081ce8c7767c8ab6a6a12b75","sha256":"6ae9cb23e8da265ef01d9621a69341932acae6b694b4e30f3401b0ed8fbe8b88"},"dob":{"date":"1982-03-30T23:12:43.091Z","age":42},"registered":{"date":"2010-08-08T12:12:31.402Z","age":13},"phone":"017-98941924","cell":"0992-516-6247","id":{"name":"","value":null},"picture":{"large":"https://randomuser.me/api/portraits/women/84.jpg","medium":"https://randomuser.me/api/portraits/med/women/84.jpg","thumbnail":"https://randomuser.me/api/portraits/thumb/women/84.jpg"},"nat":"IR"}],"info":{"seed":"474b58a3874c31f8","results":1,"page":1,"version":"1.4"}} 
 </msg>
<msg time="2024-08-05T08:20:21.614495" level="INFO">/opt/hostedtoolcache/Python/3.12.4/x64/lib/python3.12/site-packages/urllib3/connectionpool.py:1099: InsecureRequestWarning: Unverified HTTPS request is being made to host 'randomuser.me'. Adding certificate verification is strongly advised. See: https://urllib3.readthedocs.io/en/latest/advanced-usage.html#tls-warnings
  warnings.warn(</msg>
<msg time="2024-08-05T08:20:21.614642" level="INFO">${response} = &lt;Response [200]&gt;</msg>
<var>${response}</var>
<arg>consultarAPI</arg>
<arg>/api</arg>
<doc>Sends a GET request on a previously created HTTP Session.</doc>
<status status="PASS" start="2024-08-05T08:20:14.444536" elapsed="7.170150"/>
</kw>
<kw name="Set Variable" owner="BuiltIn">
<msg time="2024-08-05T08:20:21.615705" level="INFO">${json_data} = {'results': [{'gender': 'female', 'name': {'title': 'Ms', 'first': 'آوین', 'last': 'یاسمی'}, 'location': {'street': {'number': 4198, 'name': 'میدان امام خمینی'}, 'city': 'گرگان', 'state': 'کرمان', 'co...</msg>
<var>${json_data}</var>
<arg>${response.json()}</arg>
<doc>Returns the given values which can then be assigned to a variables.</doc>
<status status="PASS" start="2024-08-05T08:20:21.615180" elapsed="0.000556"/>
</kw>
<kw name="Log" owner="BuiltIn">
<msg time="2024-08-05T08:20:21.616200" level="INFO">{'results': [{'gender': 'female', 'name': {'title': 'Ms', 'first': 'آوین', 'last': 'یاسمی'}, 'location': {'street': {'number': 4198, 'name': 'میدان امام خمینی'}, 'city': 'گرگان', 'state': 'کرمان', 'country': 'Iran', 'postcode': 79093, 'coordinates': {'latitude': '16.1910', 'longitude': '145.4603'}, 'timezone': {'offset': '-8:00', 'description': 'Pacific Time (US &amp; Canada)'}}, 'email': 'awyn.ysmy@example.com', 'login': {'uuid': '1fe26afc-c9ef-48c0-8e32-b7a6d2cfdf62', 'username': 'blackpeacock546', 'password': 'channel', 'salt': 'L47FXcW6', 'md5': '76d6c70a0e78175db0b4b68335309510', 'sha1': '5695494b59099a08081ce8c7767c8ab6a6a12b75', 'sha256': '6ae9cb23e8da265ef01d9621a69341932acae6b694b4e30f3401b0ed8fbe8b88'}, 'dob': {'date': '1982-03-30T23:12:43.091Z', 'age': 42}, 'registered': {'date': '2010-08-08T12:12:31.402Z', 'age': 13}, 'phone': '017-98941924', 'cell': '0992-516-6247', 'id': {'name': '', 'value': None}, 'picture': {'large': 'https://randomuser.me/api/portraits/women/84.jpg', 'medium': 'https://randomuser.me/api/portraits/med/women/84.jpg', 'thumbnail': 'https://randomuser.me/api/portraits/thumb/women/84.jpg'}, 'nat': 'IR'}], 'info': {'seed': '474b58a3874c31f8', 'results': 1, 'page': 1, 'version': '1.4'}}</msg>
<arg>${json_data}</arg>
<doc>Logs the given message with the given level.</doc>
<status status="PASS" start="2024-08-05T08:20:21.616037" elapsed="0.000214"/>
</kw>
<kw name="Dictionary Should Contain Key" owner="Collections">
<arg>${json_data}</arg>
<arg>results</arg>
<doc>Fails if ``key`` is not found from ``dictionary``.</doc>
<status status="PASS" start="2024-08-05T08:20:21.616550" elapsed="0.000168"/>
</kw>
<kw name="Should Not Be Empty" owner="BuiltIn">
<msg time="2024-08-05T08:20:21.617017" level="INFO">Length is 2.</msg>
<arg>${json_data}</arg>
<doc>Verifies that the given item is not empty.</doc>
<status status="PASS" start="2024-08-05T08:20:21.616896" elapsed="0.000158"/>
</kw>
<kw name="Create List" owner="BuiltIn">
<msg time="2024-08-05T08:20:21.617483" level="INFO">${expected_keys} = ['gender', 'name', 'location', 'email', 'login']</msg>
<var>${expected_keys}</var>
<arg>gender</arg>
<arg>name</arg>
<arg>location</arg>
<arg>email</arg>
<arg>login</arg>
<doc>Returns a list containing given items.</doc>
<status status="PASS" start="2024-08-05T08:20:21.617337" elapsed="0.000169"/>
</kw>
<for flavor="IN">
<iter>
<kw name="Dictionary Should Contain Key" owner="Collections">
<arg>${json_data['results'][0]}</arg>
<arg>${key}</arg>
<doc>Fails if ``key`` is not found from ``dictionary``.</doc>
<status status="PASS" start="2024-08-05T08:20:21.618082" elapsed="0.000439"/>
</kw>
<kw name="Log" owner="BuiltIn">
<msg time="2024-08-05T08:20:21.619073" level="INFO">{'gender': 'female', 'name': {'title': 'Ms', 'first': 'آوین', 'last': 'یاسمی'}, 'location': {'street': {'number': 4198, 'name': 'میدان امام خمینی'}, 'city': 'گرگان', 'state': 'کرمان', 'country': 'Iran', 'postcode': 79093, 'coordinates': {'latitude': '16.1910', 'longitude': '145.4603'}, 'timezone': {'offset': '-8:00', 'description': 'Pacific Time (US &amp; Canada)'}}, 'email': 'awyn.ysmy@example.com', 'login': {'uuid': '1fe26afc-c9ef-48c0-8e32-b7a6d2cfdf62', 'username': 'blackpeacock546', 'password': 'channel', 'salt': 'L47FXcW6', 'md5': '76d6c70a0e78175db0b4b68335309510', 'sha1': '5695494b59099a08081ce8c7767c8ab6a6a12b75', 'sha256': '6ae9cb23e8da265ef01d9621a69341932acae6b694b4e30f3401b0ed8fbe8b88'}, 'dob': {'date': '1982-03-30T23:12:43.091Z', 'age': 42}, 'registered': {'date': '2010-08-08T12:12:31.402Z', 'age': 13}, 'phone': '017-98941924', 'cell': '0992-516-6247', 'id': {'name': '', 'value': None}, 'picture': {'large': 'https://randomuser.me/api/portraits/women/84.jpg', 'medium': 'https://randomuser.me/api/portraits/med/women/84.jpg', 'thumbnail': 'https://randomuser.me/api/portraits/thumb/women/84.jpg'}, 'nat': 'IR'}</msg>
<arg>${json_data['results'][0]}</arg>
<doc>Logs the given message with the given level.</doc>
<status status="PASS" start="2024-08-05T08:20:21.618711" elapsed="0.000415"/>
</kw>
<kw name="Log" owner="BuiltIn">
<msg time="2024-08-05T08:20:21.619552" level="INFO">gender</msg>
<arg>${key}</arg>
<doc>Logs the given message with the given level.</doc>
<status status="PASS" start="2024-08-05T08:20:21.619425" elapsed="0.000165"/>
</kw>
<var name="${key}">gender</var>
<status status="PASS" start="2024-08-05T08:20:21.617961" elapsed="0.001845"/>
</iter>
<iter>
<kw name="Dictionary Should Contain Key" owner="Collections">
<arg>${json_data['results'][0]}</arg>
<arg>${key}</arg>
<doc>Fails if ``key`` is not found from ``dictionary``.</doc>
<status status="PASS" start="2024-08-05T08:20:21.620097" elapsed="0.000401"/>
</kw>
<kw name="Log" owner="BuiltIn">
<msg time="2024-08-05T08:20:21.621065" level="INFO">{'gender': 'female', 'name': {'title': 'Ms', 'first': 'آوین', 'last': 'یاسمی'}, 'location': {'street': {'number': 4198, 'name': 'میدان امام خمینی'}, 'city': 'گرگان', 'state': 'کرمان', 'country': 'Iran', 'postcode': 79093, 'coordinates': {'latitude': '16.1910', 'longitude': '145.4603'}, 'timezone': {'offset': '-8:00', 'description': 'Pacific Time (US &amp; Canada)'}}, 'email': 'awyn.ysmy@example.com', 'login': {'uuid': '1fe26afc-c9ef-48c0-8e32-b7a6d2cfdf62', 'username': 'blackpeacock546', 'password': 'channel', 'salt': 'L47FXcW6', 'md5': '76d6c70a0e78175db0b4b68335309510', 'sha1': '5695494b59099a08081ce8c7767c8ab6a6a12b75', 'sha256': '6ae9cb23e8da265ef01d9621a69341932acae6b694b4e30f3401b0ed8fbe8b88'}, 'dob': {'date': '1982-03-30T23:12:43.091Z', 'age': 42}, 'registered': {'date': '2010-08-08T12:12:31.402Z', 'age': 13}, 'phone': '017-98941924', 'cell': '0992-516-6247', 'id': {'name': '', 'value': None}, 'picture': {'large': 'https://randomuser.me/api/portraits/women/84.jpg', 'medium': 'https://randomuser.me/api/portraits/med/women/84.jpg', 'thumbnail': 'https://randomuser.me/api/portraits/thumb/women/84.jpg'}, 'nat': 'IR'}</msg>
<arg>${json_data['results'][0]}</arg>
<doc>Logs the given message with the given level.</doc>
<status status="PASS" start="2024-08-05T08:20:21.620677" elapsed="0.000452"/>
</kw>
<kw name="Log" owner="BuiltIn">
<msg time="2024-08-05T08:20:21.621554" level="INFO">name</msg>
<arg>${key}</arg>
<doc>Logs the given message with the given level.</doc>
<status status="PASS" start="2024-08-05T08:20:21.621425" elapsed="0.000166"/>
</kw>
<var name="${key}">name</var>
<status status="PASS" start="2024-08-05T08:20:21.619987" elapsed="0.001818"/>
</iter>
<iter>
<kw name="Dictionary Should Contain Key" owner="Collections">
<arg>${json_data['results'][0]}</arg>
<arg>${key}</arg>
<doc>Fails if ``key`` is not found from ``dictionary``.</doc>
<status status="PASS" start="2024-08-05T08:20:21.622096" elapsed="0.000405"/>
</kw>
<kw name="Log" owner="BuiltIn">
<msg time="2024-08-05T08:20:21.623047" level="INFO">{'gender': 'female', 'name': {'title': 'Ms', 'first': 'آوین', 'last': 'یاسمی'}, 'location': {'street': {'number': 4198, 'name': 'میدان امام خمینی'}, 'city': 'گرگان', 'state': 'کرمان', 'country': 'Iran', 'postcode': 79093, 'coordinates': {'latitude': '16.1910', 'longitude': '145.4603'}, 'timezone': {'offset': '-8:00', 'description': 'Pacific Time (US &amp; Canada)'}}, 'email': 'awyn.ysmy@example.com', 'login': {'uuid': '1fe26afc-c9ef-48c0-8e32-b7a6d2cfdf62', 'username': 'blackpeacock546', 'password': 'channel', 'salt': 'L47FXcW6', 'md5': '76d6c70a0e78175db0b4b68335309510', 'sha1': '5695494b59099a08081ce8c7767c8ab6a6a12b75', 'sha256': '6ae9cb23e8da265ef01d9621a69341932acae6b694b4e30f3401b0ed8fbe8b88'}, 'dob': {'date': '1982-03-30T23:12:43.091Z', 'age': 42}, 'registered': {'date': '2010-08-08T12:12:31.402Z', 'age': 13}, 'phone': '017-98941924', 'cell': '0992-516-6247', 'id': {'name': '', 'value': None}, 'picture': {'large': 'https://randomuser.me/api/portraits/women/84.jpg', 'medium': 'https://randomuser.me/api/portraits/med/women/84.jpg', 'thumbnail': 'https://randomuser.me/api/portraits/thumb/women/84.jpg'}, 'nat': 'IR'}</msg>
<arg>${json_data['results'][0]}</arg>
<doc>Logs the given message with the given level.</doc>
<status status="PASS" start="2024-08-05T08:20:21.622692" elapsed="0.000407"/>
</kw>
<kw name="Log" owner="BuiltIn">
<msg time="2024-08-05T08:20:21.623532" level="INFO">location</msg>
<arg>${key}</arg>
<doc>Logs the given message with the given level.</doc>
<status status="PASS" start="2024-08-05T08:20:21.623405" elapsed="0.000164"/>
</kw>
<var name="${key}">location</var>
<status status="PASS" start="2024-08-05T08:20:21.621981" elapsed="0.001819"/>
</iter>
<iter>
<kw name="Dictionary Should Contain Key" owner="Collections">
<arg>${json_data['results'][0]}</arg>
<arg>${key}</arg>
<doc>Fails if ``key`` is not found from ``dictionary``.</doc>
<status status="PASS" start="2024-08-05T08:20:21.624076" elapsed="0.000381"/>
</kw>
<kw name="Log" owner="BuiltIn">
<msg time="2024-08-05T08:20:21.625114" level="INFO">{'gender': 'female', 'name': {'title': 'Ms', 'first': 'آوین', 'last': 'یاسمی'}, 'location': {'street': {'number': 4198, 'name': 'میدان امام خمینی'}, 'city': 'گرگان', 'state': 'کرمان', 'country': 'Iran', 'postcode': 79093, 'coordinates': {'latitude': '16.1910', 'longitude': '145.4603'}, 'timezone': {'offset': '-8:00', 'description': 'Pacific Time (US &amp; Canada)'}}, 'email': 'awyn.ysmy@example.com', 'login': {'uuid': '1fe26afc-c9ef-48c0-8e32-b7a6d2cfdf62', 'username': 'blackpeacock546', 'password': 'channel', 'salt': 'L47FXcW6', 'md5': '76d6c70a0e78175db0b4b68335309510', 'sha1': '5695494b59099a08081ce8c7767c8ab6a6a12b75', 'sha256': '6ae9cb23e8da265ef01d9621a69341932acae6b694b4e30f3401b0ed8fbe8b88'}, 'dob': {'date': '1982-03-30T23:12:43.091Z', 'age': 42}, 'registered': {'date': '2010-08-08T12:12:31.402Z', 'age': 13}, 'phone': '017-98941924', 'cell': '0992-516-6247', 'id': {'name': '', 'value': None}, 'picture': {'large': 'https://randomuser.me/api/portraits/women/84.jpg', 'medium': 'https://randomuser.me/api/portraits/med/women/84.jpg', 'thumbnail': 'https://randomuser.me/api/portraits/thumb/women/84.jpg'}, 'nat': 'IR'}</msg>
<arg>${json_data['results'][0]}</arg>
<doc>Logs the given message with the given level.</doc>
<status status="PASS" start="2024-08-05T08:20:21.624755" elapsed="0.000411"/>
</kw>
<kw name="Log" owner="BuiltIn">
<msg time="2024-08-05T08:20:21.625595" level="INFO">email</msg>
<arg>${key}</arg>
<doc>Logs the given message with the given level.</doc>
<status status="PASS" start="2024-08-05T08:20:21.625463" elapsed="0.000170"/>
</kw>
<var name="${key}">email</var>
<status status="PASS" start="2024-08-05T08:20:21.623970" elapsed="0.001880"/>
</iter>
<iter>
<kw name="Dictionary Should Contain Key" owner="Collections">
<arg>${json_data['results'][0]}</arg>
<arg>${key}</arg>
<doc>Fails if ``key`` is not found from ``dictionary``.</doc>
<status status="PASS" start="2024-08-05T08:20:21.626133" elapsed="0.000414"/>
</kw>
<kw name="Log" owner="BuiltIn">
<msg time="2024-08-05T08:20:21.627098" level="INFO">{'gender': 'female', 'name': {'title': 'Ms', 'first': 'آوین', 'last': 'یاسمی'}, 'location': {'street': {'number': 4198, 'name': 'میدان امام خمینی'}, 'city': 'گرگان', 'state': 'کرمان', 'country': 'Iran', 'postcode': 79093, 'coordinates': {'latitude': '16.1910', 'longitude': '145.4603'}, 'timezone': {'offset': '-8:00', 'description': 'Pacific Time (US &amp; Canada)'}}, 'email': 'awyn.ysmy@example.com', 'login': {'uuid': '1fe26afc-c9ef-48c0-8e32-b7a6d2cfdf62', 'username': 'blackpeacock546', 'password': 'channel', 'salt': 'L47FXcW6', 'md5': '76d6c70a0e78175db0b4b68335309510', 'sha1': '5695494b59099a08081ce8c7767c8ab6a6a12b75', 'sha256': '6ae9cb23e8da265ef01d9621a69341932acae6b694b4e30f3401b0ed8fbe8b88'}, 'dob': {'date': '1982-03-30T23:12:43.091Z', 'age': 42}, 'registered': {'date': '2010-08-08T12:12:31.402Z', 'age': 13}, 'phone': '017-98941924', 'cell': '0992-516-6247', 'id': {'name': '', 'value': None}, 'picture': {'large': 'https://randomuser.me/api/portraits/women/84.jpg', 'medium': 'https://randomuser.me/api/portraits/med/women/84.jpg', 'thumbnail': 'https://randomuser.me/api/portraits/thumb/women/84.jpg'}, 'nat': 'IR'}</msg>
<arg>${json_data['results'][0]}</arg>
<doc>Logs the given message with the given level.</doc>
<status status="PASS" start="2024-08-05T08:20:21.626732" elapsed="0.000417"/>
</kw>
<kw name="Log" owner="BuiltIn">
<msg time="2024-08-05T08:20:21.627574" level="INFO">login</msg>
<arg>${key}</arg>
<doc>Logs the given message with the given level.</doc>
<status status="PASS" start="2024-08-05T08:20:21.627445" elapsed="0.000166"/>
</kw>
<var name="${key}">login</var>
<status status="PASS" start="2024-08-05T08:20:21.626025" elapsed="0.001799"/>
</iter>
<var>${key}</var>
<value>@{expected_keys}</value>
<status status="PASS" start="2024-08-05T08:20:21.617766" elapsed="0.010177"/>
</for>
<kw name="Create List" owner="BuiltIn">
<msg time="2024-08-05T08:20:21.628297" level="INFO">${expected_keysTwo} = ['username', 'password']</msg>
<var>${expected_keysTwo}</var>
<arg>username</arg>
<arg>password</arg>
<doc>Returns a list containing given items.</doc>
<status status="PASS" start="2024-08-05T08:20:21.628160" elapsed="0.000161"/>
</kw>
<for flavor="IN">
<iter>
<kw name="Dictionary Should Contain Key" owner="Collections">
<arg>${json_data['results'][0]['login']}</arg>
<arg>${keyTwo}</arg>
<doc>Fails if ``key`` is not found from ``dictionary``.</doc>
<status status="PASS" start="2024-08-05T08:20:21.628811" elapsed="0.000374"/>
</kw>
<kw name="Dictionary Should Contain Key" owner="Collections">
<arg>${json_data['results'][0]['login']}</arg>
<arg>${keyTwo}</arg>
<doc>Fails if ``key`` is not found from ``dictionary``.</doc>
<status status="PASS" start="2024-08-05T08:20:21.629364" elapsed="0.000374"/>
</kw>
<kw name="Log" owner="BuiltIn">
<msg time="2024-08-05T08:20:21.630030" level="INFO">username</msg>
<arg>${keyTwo}</arg>
<doc>Logs the given message with the given level.</doc>
<status status="PASS" start="2024-08-05T08:20:21.629912" elapsed="0.000153"/>
</kw>
<var name="${keyTwo}">username</var>
<status status="PASS" start="2024-08-05T08:20:21.628704" elapsed="0.001586"/>
</iter>
<iter>
<kw name="Dictionary Should Contain Key" owner="Collections">
<arg>${json_data['results'][0]['login']}</arg>
<arg>${keyTwo}</arg>
<doc>Fails if ``key`` is not found from ``dictionary``.</doc>
<status status="PASS" start="2024-08-05T08:20:21.630596" elapsed="0.000383"/>
</kw>
<kw name="Dictionary Should Contain Key" owner="Collections">
<arg>${json_data['results'][0]['login']}</arg>
<arg>${keyTwo}</arg>
<doc>Fails if ``key`` is not found from ``dictionary``.</doc>
<status status="PASS" start="2024-08-05T08:20:21.631154" elapsed="0.000365"/>
</kw>
<kw name="Log" owner="BuiltIn">
<msg time="2024-08-05T08:20:21.631816" level="INFO">password</msg>
<arg>${keyTwo}</arg>
<doc>Logs the given message with the given level.</doc>
<status status="PASS" start="2024-08-05T08:20:21.631696" elapsed="0.000157"/>
</kw>
<var name="${keyTwo}">password</var>
<status status="PASS" start="2024-08-05T08:20:21.630484" elapsed="0.001589"/>
</iter>
<var>${keyTwo}</var>
<value>@{expected_keysTwo}</value>
<status status="PASS" start="2024-08-05T08:20:21.628555" elapsed="0.003637"/>
</for>
<status status="PASS" start="2024-08-05T08:20:14.444307" elapsed="7.188024"/>
</kw>
<doc>Testa a estrutura da resposta da API.</doc>
<tag>testeEstruturaResposta</tag>
<status status="PASS" start="2024-08-05T08:20:14.443725" elapsed="7.188766"/>
</test>
<test id="s1-s1-t4" name="Validar tipos de dados" line="28">
<kw name="Teste de Tipos de Dados" owner="random-user-service">
<kw name="GET On Session" owner="RequestsLibrary">
<msg time="2024-08-05T08:20:29.366029" level="INFO">GET Request : url=https://randomuser.me/api 
 path_url=/api 
 headers={'User-Agent': 'python-requests/2.32.3', 'Accept-Encoding': 'gzip, deflate', 'Accept': '*/*', 'Connection': 'keep-alive'} 
 body=None 
 </msg>
<msg time="2024-08-05T08:20:29.366131" level="INFO">GET Response : url=https://randomuser.me/api 
 status=200, reason=OK 
 headers={'Date': 'Mon, 05 Aug 2024 08:20:29 GMT', 'Content-Type': 'application/json; charset=utf-8', 'Transfer-Encoding': 'chunked', 'Connection': 'keep-alive', 'X-Powered-By': 'Express', 'Access-Control-Allow-Origin': '*', 'Cache-Control': 'no-cache', 'ETag': 'W/"499-rzzE1Crs1wz0VrW46tdYat80V6A"', 'Vary': 'Accept-Encoding', 'Content-Encoding': 'gzip', 'CF-Cache-Status': 'DYNAMIC', 'Report-To': '{"endpoints":[{"url":"https:\\/\\/a.nel.cloudflare.com\\/report\\/v4?s=GYaD64kwFLzCFgAc1HLx0qB6hCZdH%2FWsF0XQoiUivenY8NVsUr3zK4RaQxBLl%2BAhoV5h3kdNJA3T69JJgK2wlfFjknvivVrkbNE46Rj31gBCwkFSu%2BYTt0ku%2FBxXLg9g"}],"group":"cf-nel","max_age":604800}', 'NEL': '{"success_fraction":0,"report_to":"cf-nel","max_age":604800}', 'Server': 'cloudflare', 'CF-RAY': '8ae55e133fd32ae3-LAX', 'alt-svc': 'h3=":443"; ma=86400'} 
 body={"results":[{"gender":"female","name":{"title":"Miss","first":"Reina","last":"Lebrón"},"location":{"street":{"number":3153,"name":"Circuito Rwanda"},"city":"El Pitahayal","state":"Tamaulipas","country":"Mexico","postcode":96733,"coordinates":{"latitude":"22.5644","longitude":"15.1758"},"timezone":{"offset":"-8:00","description":"Pacific Time (US &amp; Canada)"}},"email":"reina.lebron@example.com","login":{"uuid":"d712554d-f755-4305-b097-71861e4477a4","username":"lazykoala205","password":"minime","salt":"BvwmbwSc","md5":"98a49a9aad1b40e31d3d80acc7737b89","sha1":"9686d94a31f02dfa70e56d908bf61295d017c804","sha256":"43fbe11c8b5decd312366d71a93135505a61f4dfaebbee63c2c8d0daa8f058ce"},"dob":{"date":"1974-09-19T13:39:59.390Z","age":49},"registered":{"date":"2010-03-06T00:26:39.305Z","age":14},"phone":"(692) 244 6234","cell":"(632) 659 7677","id":{"name":"NSS","value":"88 32 69 6428 3"},"picture":{"large":"https://randomuser.me/api/portraits/women/11.jpg","medium":"https://randomuser.me/api/portraits/med/women/11.jpg","thumbnail":"https://randomuser.me/api/portraits/thumb/women/11.jpg"},"nat":"MX"}],"info":{"seed":"8951636f2671fcf3","results":1,"page":1,"version":"1.4"}} 
 </msg>
<msg time="2024-08-05T08:20:29.366201" level="INFO">/opt/hostedtoolcache/Python/3.12.4/x64/lib/python3.12/site-packages/urllib3/connectionpool.py:1099: InsecureRequestWarning: Unverified HTTPS request is being made to host 'randomuser.me'. Adding certificate verification is strongly advised. See: https://urllib3.readthedocs.io/en/latest/advanced-usage.html#tls-warnings
  warnings.warn(</msg>
<msg time="2024-08-05T08:20:29.366337" level="INFO">${response} = &lt;Response [200]&gt;</msg>
<var>${response}</var>
<arg>consultarAPI</arg>
<arg>/api</arg>
<doc>Sends a GET request on a previously created HTTP Session.</doc>
<status status="PASS" start="2024-08-05T08:20:21.635052" elapsed="7.731326"/>
</kw>
<kw name="Set Variable" owner="BuiltIn">
<msg time="2024-08-05T08:20:29.367690" level="INFO">${json_data} = {'results': [{'gender': 'female', 'name': {'title': 'Miss', 'first': 'Reina', 'last': 'Lebrón'}, 'location': {'street': {'number': 3153, 'name': 'Circuito Rwanda'}, 'city': 'El Pitahayal', 'state': 'T...</msg>
<var>${json_data}</var>
<arg>${response.json()}</arg>
<doc>Returns the given values which can then be assigned to a variables.</doc>
<status status="PASS" start="2024-08-05T08:20:29.367002" elapsed="0.000725"/>
</kw>
<kw name="Log" owner="BuiltIn">
<msg time="2024-08-05T08:20:29.369680" level="INFO">{'results': [{'gender': 'female', 'name': {'title': 'Miss', 'first': 'Reina', 'last': 'Lebrón'}, 'location': {'street': {'number': 3153, 'name': 'Circuito Rwanda'}, 'city': 'El Pitahayal', 'state': 'Tamaulipas', 'country': 'Mexico', 'postcode': 96733, 'coordinates': {'latitude': '22.5644', 'longitude': '15.1758'}, 'timezone': {'offset': '-8:00', 'description': 'Pacific Time (US &amp; Canada)'}}, 'email': 'reina.lebron@example.com', 'login': {'uuid': 'd712554d-f755-4305-b097-71861e4477a4', 'username': 'lazykoala205', 'password': 'minime', 'salt': 'BvwmbwSc', 'md5': '98a49a9aad1b40e31d3d80acc7737b89', 'sha1': '9686d94a31f02dfa70e56d908bf61295d017c804', 'sha256': '43fbe11c8b5decd312366d71a93135505a61f4dfaebbee63c2c8d0daa8f058ce'}, 'dob': {'date': '1974-09-19T13:39:59.390Z', 'age': 49}, 'registered': {'date': '2010-03-06T00:26:39.305Z', 'age': 14}, 'phone': '(692) 244 6234', 'cell': '(632) 659 7677', 'id': {'name': 'NSS', 'value': '88 32 69 6428 3'}, 'picture': {'large': 'https://randomuser.me/api/portraits/women/11.jpg', 'medium': 'https://randomuser.me/api/portraits/med/women/11.jpg', 'thumbnail': 'https://randomuser.me/api/portraits/thumb/women/11.jpg'}, 'nat': 'MX'}], 'info': {'seed': '8951636f2671fcf3', 'results': 1, 'page': 1, 'version': '1.4'}}</msg>
<arg>${json_data}</arg>
<doc>Logs the given message with the given level.</doc>
<status status="PASS" start="2024-08-05T08:20:29.369462" elapsed="0.000293"/>
</kw>
<kw name="Should Be String" owner="String">
<arg>${json_data['results'][0]['gender']}</arg>
<doc>Fails if the given ``item`` is not a string.</doc>
<status status="PASS" start="2024-08-05T08:20:29.370079" elapsed="0.000408"/>
</kw>
<kw name="Should Match Regexp" owner="BuiltIn">
<arg>${json_data['results'][0]['email']}</arg>
<arg>^[a-zA-Z0-9._%+-]+@[a-zA-Z0-9.-]+\.[a-zA-Z]{2,}$</arg>
<doc>Fails if ``string`` does not match ``pattern`` as a regular expression.</doc>
<status status="PASS" start="2024-08-05T08:20:29.370746" elapsed="0.000524"/>
</kw>
<kw name="Should Match Regexp" owner="BuiltIn">
<arg>${json_data['results'][0]['dob']['date']}</arg>
<arg>\\d{4}-\\d{2}-\\d{2}T\\d{2}:\\d{2}:\\d{2}\\.\\d{3}Z</arg>
<doc>Fails if ``string`` does not match ``pattern`` as a regular expression.</doc>
<status status="PASS" start="2024-08-05T08:20:29.371465" elapsed="0.000622"/>
</kw>
<kw name="Should Match Regexp" owner="BuiltIn">
<arg>${json_data['results'][0]['registered']['date']}</arg>
<arg>\\d{4}-\\d{2}-\\d{2}T\\d{2}:\\d{2}:\\d{2}\\.\\d{3}Z</arg>
<doc>Fails if ``string`` does not match ``pattern`` as a regular expression.</doc>
<status status="PASS" start="2024-08-05T08:20:29.372278" elapsed="0.000369"/>
</kw>
<kw name="Should Match Regexp" owner="BuiltIn">
<arg>${json_data['results'][0]['picture']['large']}</arg>
<arg>^https?://.*\.(?:png|jpe?g|gif|bmp)$</arg>
<doc>Fails if ``string`` does not match ``pattern`` as a regular expression.</doc>
<status status="PASS" start="2024-08-05T08:20:29.372832" elapsed="0.000500"/>
</kw>
<kw name="Should Match Regexp" owner="BuiltIn">
<arg>${json_data['results'][0]['picture']['medium']}</arg>
<arg>^https?://.*\.(?:png|jpe?g|gif|bmp)$</arg>
<doc>Fails if ``string`` does not match ``pattern`` as a regular expression.</doc>
<status status="PASS" start="2024-08-05T08:20:29.373521" elapsed="0.000362"/>
</kw>
<kw name="Should Match Regexp" owner="BuiltIn">
<arg>${json_data['results'][0]['picture']['thumbnail']}</arg>
<arg>^https?://.*\.(?:png|jpe?g|gif|bmp)$</arg>
<doc>Fails if ``string`` does not match ``pattern`` as a regular expression.</doc>
<status status="PASS" start="2024-08-05T08:20:29.374064" elapsed="0.000390"/>
</kw>
<kw name="Log" owner="BuiltIn">
<msg time="2024-08-05T08:20:29.374985" level="INFO">{'large': 'https://randomuser.me/api/portraits/women/11.jpg', 'medium': 'https://randomuser.me/api/portraits/med/women/11.jpg', 'thumbnail': 'https://randomuser.me/api/portraits/thumb/women/11.jpg'}</msg>
<arg>${json_data['results'][0]['picture']}</arg>
<doc>Logs the given message with the given level.</doc>
<status status="PASS" start="2024-08-05T08:20:29.374657" elapsed="0.000370"/>
</kw>
<status status="PASS" start="2024-08-05T08:20:21.634827" elapsed="7.740456"/>
</kw>
<kw name="Teste de Tipos de Dados - Postcode" owner="random-user-service">
<kw name="GET On Session" owner="RequestsLibrary">
<msg time="2024-08-05T08:20:36.201374" level="INFO">GET Request : url=https://randomuser.me/api 
 path_url=/api 
 headers={'User-Agent': 'python-requests/2.32.3', 'Accept-Encoding': 'gzip, deflate', 'Accept': '*/*', 'Connection': 'keep-alive'} 
 body=None 
 </msg>
<msg time="2024-08-05T08:20:36.201492" level="INFO">GET Response : url=https://randomuser.me/api 
 status=200, reason=OK 
 headers={'Date': 'Mon, 05 Aug 2024 08:20:36 GMT', 'Content-Type': 'application/json; charset=utf-8', 'Transfer-Encoding': 'chunked', 'Connection': 'keep-alive', 'X-Powered-By': 'Express', 'Access-Control-Allow-Origin': '*', 'Cache-Control': 'no-cache', 'ETag': 'W/"487-3a1UGEXCbLYqeCzYxQym1gqZZ00"', 'Vary': 'Accept-Encoding', 'Content-Encoding': 'gzip', 'CF-Cache-Status': 'DYNAMIC', 'Report-To': '{"endpoints":[{"url":"https:\\/\\/a.nel.cloudflare.com\\/report\\/v4?s=E1KUvvbkcacjLpnqJsQ%2Fa%2BuAkPCAfcHfF3DC3C8j%2FZ7N%2FubZW5Onlelr5b87JjDMT9YIp5k5TSehqz%2B9yePud7%2BHovGxNogg9CgVt%2Bl6Cflf6JNVlqoJw9lu4U8bA9gW"}],"group":"cf-nel","max_age":604800}', 'NEL': '{"success_fraction":0,"report_to":"cf-nel","max_age":604800}', 'Server': 'cloudflare', 'CF-RAY': '8ae55e43a91d2ae3-LAX', 'alt-svc': 'h3=":443"; ma=86400'} 
 body={"results":[{"gender":"female","name":{"title":"Mrs","first":"Begüm","last":"Abadan"},"location":{"street":{"number":4062,"name":"Mevlana Cd"},"city":"Mardin","state":"Eskişehir","country":"Turkey","postcode":14614,"coordinates":{"latitude":"70.9408","longitude":"162.4238"},"timezone":{"offset":"+1:00","description":"Brussels, Copenhagen, Madrid, Paris"}},"email":"begum.abadan@example.com","login":{"uuid":"20876e95-0b6e-40f6-a7ce-6edc2301fb74","username":"whitekoala897","password":"sidney","salt":"Tz6c9y3B","md5":"8f16bf86ae7dc06ac373b8308ba65f65","sha1":"039e52c2a0832f154d028710a3e3fc8cb76e09c0","sha256":"f59e80d0e7bbd1802430edc89eec9a8548e2ac1e2f4e68bbfbb9113c8f11d23d"},"dob":{"date":"1993-06-25T15:09:26.071Z","age":31},"registered":{"date":"2017-10-25T23:05:31.066Z","age":6},"phone":"(200)-974-2345","cell":"(527)-092-2783","id":{"name":"","value":null},"picture":{"large":"https://randomuser.me/api/portraits/women/16.jpg","medium":"https://randomuser.me/api/portraits/med/women/16.jpg","thumbnail":"https://randomuser.me/api/portraits/thumb/women/16.jpg"},"nat":"TR"}],"info":{"seed":"28e34b62dd6ca1f1","results":1,"page":1,"version":"1.4"}} 
 </msg>
<msg time="2024-08-05T08:20:36.201580" level="INFO">/opt/hostedtoolcache/Python/3.12.4/x64/lib/python3.12/site-packages/urllib3/connectionpool.py:1099: InsecureRequestWarning: Unverified HTTPS request is being made to host 'randomuser.me'. Adding certificate verification is strongly advised. See: https://urllib3.readthedocs.io/en/latest/advanced-usage.html#tls-warnings
  warnings.warn(</msg>
<msg time="2024-08-05T08:20:36.201727" level="INFO">${response} = &lt;Response [200]&gt;</msg>
<var>${response}</var>
<arg>consultarAPI</arg>
<arg>/api</arg>
<doc>Sends a GET request on a previously created HTTP Session.</doc>
<status status="PASS" start="2024-08-05T08:20:29.375726" elapsed="6.826042"/>
</kw>
<kw name="Set Variable" owner="BuiltIn">
<msg time="2024-08-05T08:20:36.202873" level="INFO">${json_data} = {'results': [{'gender': 'female', 'name': {'title': 'Mrs', 'first': 'Begüm', 'last': 'Abadan'}, 'location': {'street': {'number': 4062, 'name': 'Mevlana Cd'}, 'city': 'Mardin', 'state': 'Eskişehir', '...</msg>
<var>${json_data}</var>
<arg>${response.json()}</arg>
<doc>Returns the given values which can then be assigned to a variables.</doc>
<status status="PASS" start="2024-08-05T08:20:36.202294" elapsed="0.000609"/>
</kw>
<kw name="Log" owner="BuiltIn">
<msg time="2024-08-05T08:20:36.203370" level="INFO">{'results': [{'gender': 'female', 'name': {'title': 'Mrs', 'first': 'Begüm', 'last': 'Abadan'}, 'location': {'street': {'number': 4062, 'name': 'Mevlana Cd'}, 'city': 'Mardin', 'state': 'Eskişehir', 'country': 'Turkey', 'postcode': 14614, 'coordinates': {'latitude': '70.9408', 'longitude': '162.4238'}, 'timezone': {'offset': '+1:00', 'description': 'Brussels, Copenhagen, Madrid, Paris'}}, 'email': 'begum.abadan@example.com', 'login': {'uuid': '20876e95-0b6e-40f6-a7ce-6edc2301fb74', 'username': 'whitekoala897', 'password': 'sidney', 'salt': 'Tz6c9y3B', 'md5': '8f16bf86ae7dc06ac373b8308ba65f65', 'sha1': '039e52c2a0832f154d028710a3e3fc8cb76e09c0', 'sha256': 'f59e80d0e7bbd1802430edc89eec9a8548e2ac1e2f4e68bbfbb9113c8f11d23d'}, 'dob': {'date': '1993-06-25T15:09:26.071Z', 'age': 31}, 'registered': {'date': '2017-10-25T23:05:31.066Z', 'age': 6}, 'phone': '(200)-974-2345', 'cell': '(527)-092-2783', 'id': {'name': '', 'value': None}, 'picture': {'large': 'https://randomuser.me/api/portraits/women/16.jpg', 'medium': 'https://randomuser.me/api/portraits/med/women/16.jpg', 'thumbnail': 'https://randomuser.me/api/portraits/thumb/women/16.jpg'}, 'nat': 'TR'}], 'info': {'seed': '28e34b62dd6ca1f1', 'results': 1, 'page': 1, 'version': '1.4'}}</msg>
<arg>${json_data}</arg>
<doc>Logs the given message with the given level.</doc>
<status status="PASS" start="2024-08-05T08:20:36.203205" elapsed="0.000215"/>
</kw>
<kw name="Should Be Equal As Numbers" owner="BuiltIn">
<arg>${json_data['results'][0]['location']['postcode']}</arg>
<arg>${json_data['results'][0]['location']['postcode']}</arg>
<doc>Fails if objects are unequal after converting them to real numbers.</doc>
<status status="PASS" start="2024-08-05T08:20:36.203714" elapsed="0.000611"/>
</kw>
<kw name="Log" owner="BuiltIn">
<msg time="2024-08-05T08:20:36.204895" level="INFO">14614</msg>
<arg>${json_data['results'][0]['location']['postcode']}</arg>
<doc>Logs the given message with the given level.</doc>
<status status="PASS" start="2024-08-05T08:20:36.204549" elapsed="0.000386"/>
</kw>
<status status="PASS" start="2024-08-05T08:20:29.375503" elapsed="6.829697"/>
</kw>
<doc>Testa se os tipos de dados na resposta da API estão corretos.</doc>
<tag>testeTiposDados</tag>
<status status="PASS" start="2024-08-05T08:20:21.634231" elapsed="14.571147"/>
</test>
<test id="s1-s1-t5" name="Validar conteudo" line="35">
<kw name="Teste de Tipos de Conteudo" owner="random-user-service">
<kw name="GET On Session" owner="RequestsLibrary">
<msg time="2024-08-05T08:20:42.848675" level="INFO">GET Request : url=https://randomuser.me/api 
 path_url=/api 
 headers={'User-Agent': 'python-requests/2.32.3', 'Accept-Encoding': 'gzip, deflate', 'Accept': '*/*', 'Connection': 'keep-alive'} 
 body=None 
 </msg>
<msg time="2024-08-05T08:20:42.848786" level="INFO">GET Response : url=https://randomuser.me/api 
 status=200, reason=OK 
 headers={'Date': 'Mon, 05 Aug 2024 08:20:42 GMT', 'Content-Type': 'application/json; charset=utf-8', 'Transfer-Encoding': 'chunked', 'Connection': 'keep-alive', 'X-Powered-By': 'Express', 'Access-Control-Allow-Origin': '*', 'Cache-Control': 'no-cache', 'ETag': 'W/"484-f5lN2rbDnRfEyOu2cVA50C08bhE"', 'Vary': 'Accept-Encoding', 'Content-Encoding': 'gzip', 'CF-Cache-Status': 'DYNAMIC', 'Report-To': '{"endpoints":[{"url":"https:\\/\\/a.nel.cloudflare.com\\/report\\/v4?s=7Rz6QpvJgdYCOWBOf03QajDSNwmVfV0uAYEZag6WNNOBGd4UoHglVttvQWwwcSWikP71hQ34qd%2BRj%2BdjAPx%2BVlFeC6Ka4A%2FkMDyzRFLyIic3OrGrn%2BdJegJT5Jiyc17%2B"}],"group":"cf-nel","max_age":604800}', 'NEL': '{"success_fraction":0,"report_to":"cf-nel","max_age":604800}', 'Server': 'cloudflare', 'CF-RAY': '8ae55e6e5af72ae3-LAX', 'alt-svc': 'h3=":443"; ma=86400'} 
 body={"results":[{"gender":"male","name":{"title":"Mr","first":"Esteban","last":"Parra"},"location":{"street":{"number":4874,"name":"Avenida de Castilla"},"city":"La Palma","state":"Comunidad Valenciana","country":"Spain","postcode":44496,"coordinates":{"latitude":"-35.9919","longitude":"-138.1758"},"timezone":{"offset":"-2:00","description":"Mid-Atlantic"}},"email":"esteban.parra@example.com","login":{"uuid":"5a671686-bddf-484f-9a47-7112caf4d6f7","username":"crazykoala504","password":"office","salt":"RY19Ft01","md5":"5f1cae7d7b9529814f401231ab5d006e","sha1":"a83b019dfaf5ac4feea695fbff765b96d2dc84a4","sha256":"6f8e40b4307609eaa68e3b19134bff5554711c8fb1447b0c7f199edcc0a7fdb4"},"dob":{"date":"1951-02-24T17:24:31.428Z","age":73},"registered":{"date":"2003-08-11T22:06:36.768Z","age":20},"phone":"976-928-494","cell":"659-740-448","id":{"name":"DNI","value":"88057141-X"},"picture":{"large":"https://randomuser.me/api/portraits/men/14.jpg","medium":"https://randomuser.me/api/portraits/med/men/14.jpg","thumbnail":"https://randomuser.me/api/portraits/thumb/men/14.jpg"},"nat":"ES"}],"info":{"seed":"188b2eff5b6dec99","results":1,"page":1,"version":"1.4"}} 
 </msg>
<msg time="2024-08-05T08:20:42.848868" level="INFO">/opt/hostedtoolcache/Python/3.12.4/x64/lib/python3.12/site-packages/urllib3/connectionpool.py:1099: InsecureRequestWarning: Unverified HTTPS request is being made to host 'randomuser.me'. Adding certificate verification is strongly advised. See: https://urllib3.readthedocs.io/en/latest/advanced-usage.html#tls-warnings
  warnings.warn(</msg>
<msg time="2024-08-05T08:20:42.849025" level="INFO">${response} = &lt;Response [200]&gt;</msg>
<var>${response}</var>
<arg>consultarAPI</arg>
<arg>/api</arg>
<doc>Sends a GET request on a previously created HTTP Session.</doc>
<status status="PASS" start="2024-08-05T08:20:36.207986" elapsed="6.641088"/>
</kw>
<kw name="Set Variable" owner="BuiltIn">
<msg time="2024-08-05T08:20:42.850268" level="INFO">${json_data} = {'results': [{'gender': 'male', 'name': {'title': 'Mr', 'first': 'Esteban', 'last': 'Parra'}, 'location': {'street': {'number': 4874, 'name': 'Avenida de Castilla'}, 'city': 'La Palma', 'state': 'Comu...</msg>
<var>${json_data}</var>
<arg>${response.json()}</arg>
<doc>Returns the given values which can then be assigned to a variables.</doc>
<status status="PASS" start="2024-08-05T08:20:42.849695" elapsed="0.000603"/>
</kw>
<kw name="Set Variable" owner="BuiltIn">
<msg time="2024-08-05T08:20:42.851080" level="INFO">${name_title} = Mr</msg>
<var>${name_title}</var>
<arg>${json_data["results"][0]["name"]["title"]}</arg>
<doc>Returns the given values which can then be assigned to a variables.</doc>
<status status="PASS" start="2024-08-05T08:20:42.850687" elapsed="0.000419"/>
</kw>
<kw name="Create List" owner="BuiltIn">
<msg time="2024-08-05T08:20:42.851562" level="INFO">${allowed_titles} = ['Mr', 'Ms', 'Miss', 'Mrs', 'Madame', 'Monsieur']</msg>
<var>${allowed_titles}</var>
<arg>Mr</arg>
<arg>Ms</arg>
<arg>Miss</arg>
<arg>Mrs</arg>
<arg>Madame</arg>
<arg>Monsieur</arg>
<doc>Returns a list containing given items.</doc>
<status status="PASS" start="2024-08-05T08:20:42.851408" elapsed="0.000178"/>
</kw>
<kw name="List Should Contain Value" owner="Collections">
<arg>${allowed_titles}</arg>
<arg>${name_title}</arg>
<doc>Fails if the ``value`` is not found from ``list``.</doc>
<status status="PASS" start="2024-08-05T08:20:42.851890" elapsed="0.000192"/>
</kw>
<kw name="Set Variable" owner="BuiltIn">
<msg time="2024-08-05T08:20:42.852641" level="INFO">${name_country} = ES</msg>
<var>${name_country}</var>
<arg>${json_data["results"][0]["nat"]}</arg>
<doc>Returns the given values which can then be assigned to a variables.</doc>
<status status="PASS" start="2024-08-05T08:20:42.852273" elapsed="0.000393"/>
</kw>
<kw name="Create List" owner="BuiltIn">
<msg time="2024-08-05T08:20:42.853560" level="INFO">${list_country} = ['AD', 'AE', 'AF', 'AG', 'AI', 'AL', 'AM', 'AO', 'AQ', 'AR', 'AS', 'AT', 'AU', 'AW', 'AX', 'AZ', 'BA', 'BB', 'BD', 'BE', 'BF', 'BG', 'BH', 'BI', 'BJ', 'BL', 'BM', 'BN', 'BO', 'BQ', 'BR', 'BS', 'BT', '...</msg>
<var>${list_country}</var>
<arg>AD</arg>
<arg>AE</arg>
<arg>AF</arg>
<arg>AG</arg>
<arg>AI</arg>
<arg>AL</arg>
<arg>AM</arg>
<arg>AO</arg>
<arg>AQ</arg>
<arg>AR</arg>
<arg>AS</arg>
<arg>AT</arg>
<arg>AU</arg>
<arg>AW</arg>
<arg>AX</arg>
<arg>AZ</arg>
<arg>BA</arg>
<arg>BB</arg>
<arg>BD</arg>
<arg>BE</arg>
<arg>BF</arg>
<arg>BG</arg>
<arg>BH</arg>
<arg>BI</arg>
<arg>BJ</arg>
<arg>BL</arg>
<arg>BM</arg>
<arg>BN</arg>
<arg>BO</arg>
<arg>BQ</arg>
<arg>BR</arg>
<arg>BS</arg>
<arg>BT</arg>
<arg>BV</arg>
<arg>BW</arg>
<arg>BY</arg>
<arg>BZ</arg>
<arg>CA</arg>
<arg>CC</arg>
<arg>CD</arg>
<arg>CF</arg>
<arg>CG</arg>
<arg>CH</arg>
<arg>CI</arg>
<arg>CK</arg>
<arg>CL</arg>
<arg>CM</arg>
<arg>CN</arg>
<arg>CO</arg>
<arg>CR</arg>
<arg>CU</arg>
<arg>CV</arg>
<arg>CW</arg>
<arg>CX</arg>
<arg>CY</arg>
<arg>CZ</arg>
<arg>DE</arg>
<arg>DJ</arg>
<arg>DK</arg>
<arg>DM</arg>
<arg>DO</arg>
<arg>DZ</arg>
<arg>EC</arg>
<arg>EE</arg>
<arg>EG</arg>
<arg>EH</arg>
<arg>ER</arg>
<arg>ES</arg>
<arg>ET</arg>
<arg>FI</arg>
<arg>FJ</arg>
<arg>FK</arg>
<arg>FM</arg>
<arg>FO</arg>
<arg>FR</arg>
<arg>GA</arg>
<arg>GB</arg>
<arg>GD</arg>
<arg>GE</arg>
<arg>GF</arg>
<arg>GG</arg>
<arg>GH</arg>
<arg>GI</arg>
<arg>GL</arg>
<arg>GM</arg>
<arg>GN</arg>
<arg>GP</arg>
<arg>GQ</arg>
<arg>GR</arg>
<arg>GS</arg>
<arg>GT</arg>
<arg>GU</arg>
<arg>GW</arg>
<arg>GY</arg>
<arg>HK</arg>
<arg>HM</arg>
<arg>HN</arg>
<arg>HR</arg>
<arg>HT</arg>
<arg>HU</arg>
<arg>ID</arg>
<arg>IE</arg>
<arg>IL</arg>
<arg>IM</arg>
<arg>IN</arg>
<arg>IO</arg>
<arg>IQ</arg>
<arg>IR</arg>
<arg>IS</arg>
<arg>IT</arg>
<arg>JE</arg>
<arg>JM</arg>
<arg>JO</arg>
<arg>JP</arg>
<arg>KE</arg>
<arg>KG</arg>
<arg>KH</arg>
<arg>KI</arg>
<arg>KM</arg>
<arg>KN</arg>
<arg>KP</arg>
<arg>KR</arg>
<arg>KW</arg>
<arg>KY</arg>
<arg>KZ</arg>
<arg>LA</arg>
<arg>LB</arg>
<arg>LC</arg>
<arg>LI</arg>
<arg>LK</arg>
<arg>LR</arg>
<arg>LS</arg>
<arg>LT</arg>
<arg>LU</arg>
<arg>LV</arg>
<arg>LY</arg>
<arg>MA</arg>
<arg>MC</arg>
<arg>MD</arg>
<arg>ME</arg>
<arg>MF</arg>
<arg>MG</arg>
<arg>MH</arg>
<arg>MK</arg>
<arg>ML</arg>
<arg>MM</arg>
<arg>MN</arg>
<arg>MO</arg>
<arg>MP</arg>
<arg>MQ</arg>
<arg>MR</arg>
<arg>MS</arg>
<arg>MT</arg>
<arg>MU</arg>
<arg>MV</arg>
<arg>MW</arg>
<arg>MX</arg>
<arg>MY</arg>
<arg>MZ</arg>
<arg>NA</arg>
<arg>NC</arg>
<arg>NE</arg>
<arg>NF</arg>
<arg>NG</arg>
<arg>NI</arg>
<arg>NL</arg>
<arg>NO</arg>
<arg>NP</arg>
<arg>NR</arg>
<arg>NU</arg>
<arg>NZ</arg>
<arg>OM</arg>
<arg>PA</arg>
<arg>PE</arg>
<arg>PF</arg>
<arg>PG</arg>
<arg>PH</arg>
<arg>PK</arg>
<arg>PL</arg>
<arg>PM</arg>
<arg>PN</arg>
<arg>PR</arg>
<arg>PS</arg>
<arg>PT</arg>
<arg>PW</arg>
<arg>PY</arg>
<arg>QA</arg>
<arg>RE</arg>
<arg>RO</arg>
<arg>RS</arg>
<arg>RU</arg>
<arg>RW</arg>
<arg>SA</arg>
<arg>SB</arg>
<arg>SC</arg>
<arg>SD</arg>
<arg>SE</arg>
<arg>SG</arg>
<arg>SH</arg>
<arg>SI</arg>
<arg>SJ</arg>
<arg>SK</arg>
<arg>SL</arg>
<arg>SM</arg>
<arg>SN</arg>
<arg>SO</arg>
<arg>SR</arg>
<arg>SS</arg>
<arg>ST</arg>
<arg>SV</arg>
<arg>SX</arg>
<arg>SY</arg>
<arg>SZ</arg>
<arg>TC</arg>
<arg>TD</arg>
<arg>TF</arg>
<arg>TG</arg>
<arg>TH</arg>
<arg>TJ</arg>
<arg>TK</arg>
<arg>TL</arg>
<arg>TM</arg>
<arg>TN</arg>
<arg>TO</arg>
<arg>TR</arg>
<arg>TT</arg>
<arg>TV</arg>
<arg>TW</arg>
<arg>TZ</arg>
<arg>UA</arg>
<arg>UG</arg>
<arg>UM</arg>
<arg>US</arg>
<arg>UY</arg>
<arg>UZ</arg>
<arg>VA</arg>
<arg>VC</arg>
<arg>VE</arg>
<arg>VG</arg>
<arg>VI</arg>
<arg>VN</arg>
<arg>VU</arg>
<arg>WF</arg>
<arg>WS</arg>
<arg>XK</arg>
<arg>YE</arg>
<arg>YT</arg>
<arg>ZA</arg>
<arg>ZM</arg>
<arg>ZW</arg>
<doc>Returns a list containing given items.</doc>
<status status="PASS" start="2024-08-05T08:20:42.852964" elapsed="0.000622"/>
</kw>
<kw name="List Should Contain Value" owner="Collections">
<arg>${list_country}</arg>
<arg>${name_country}</arg>
<doc>Fails if the ``value`` is not found from ``list``.</doc>
<status status="PASS" start="2024-08-05T08:20:42.854591" elapsed="0.000220"/>
</kw>
<kw name="Run Keyword If" owner="BuiltIn">
<kw name="Should Be True" owner="BuiltIn">
<arg>${True}</arg>
<doc>Fails if the given condition is not true.</doc>
<status status="PASS" start="2024-08-05T08:20:42.855774" elapsed="0.000148"/>
</kw>
<arg>${json_data["results"][0]["location"]["coordinates"]["latitude"]} &gt;= -90 and ${json_data["results"][0]["location"]["coordinates"]["latitude"]} &lt;= 90</arg>
<arg>Should Be True</arg>
<arg>${True}</arg>
<doc>Runs the given keyword with the given arguments, if ``condition`` is true.</doc>
<status status="PASS" start="2024-08-05T08:20:42.855009" elapsed="0.001040"/>
</kw>
<kw name="Run Keyword If" owner="BuiltIn">
<kw name="Should Be True" owner="BuiltIn">
<arg>${True}</arg>
<doc>Fails if the given condition is not true.</doc>
<status status="PASS" start="2024-08-05T08:20:42.856923" elapsed="0.000136"/>
</kw>
<arg>${json_data["results"][0]["location"]["coordinates"]["longitude"]} &gt;= -180 and ${json_data["results"][0]["location"]["coordinates"]["longitude"]} &lt;= 180</arg>
<arg>Should Be True</arg>
<arg>${True}</arg>
<doc>Runs the given keyword with the given arguments, if ``condition`` is true.</doc>
<status status="PASS" start="2024-08-05T08:20:42.856227" elapsed="0.000955"/>
</kw>
<status status="PASS" start="2024-08-05T08:20:36.207747" elapsed="6.649563"/>
</kw>
<doc>Testa o conteúdo específico dos campos retornados pela API.</doc>
<tag>testeConteudo</tag>
<status status="PASS" start="2024-08-05T08:20:36.207153" elapsed="6.650309"/>
</test>
<status status="PASS" start="2024-08-05T08:20:06.999336" elapsed="35.860201"/>
</suite>
<status status="PASS" start="2024-08-05T08:20:06.984863" elapsed="35.879753"/>
</suite>
<statistics>
<total>
<stat pass="5" fail="0" skip="0">All Tests</stat>
</total>
<tag>
<stat pass="1" fail="0" skip="0">testeConteudo</stat>
<stat pass="1" fail="0" skip="0">testeEstruturaResposta</stat>
<stat pass="1" fail="0" skip="0">testeRequisicaoBasica</stat>
<stat pass="1" fail="0" skip="0">testeTiposDados</stat>
</tag>
<suite>
<stat pass="5" fail="0" skip="0" id="s1" name="Tests">Tests</stat>
<stat pass="5" fail="0" skip="0" id="s1-s1" name="Random-User-Test">Tests.Random-User-Test</stat>
</suite>
</statistics>
<errors>
</errors>
</robot>
