<?xml version="1.0" encoding="UTF-8"?>
<robot generator="Robot 7.0 (Python 3.12.3 on linux)" generated="2024-05-16T09:15:19.403067" rpa="false" schemaversion="5">
<suite id="s1" name="Tests" source="/home/runner/work/DesafioQAItauRogerioJordao/DesafioQAItauRogerioJordao/RamdonUser/tests">
<suite id="s1-s1" name="Random-User-Test" source="/home/runner/work/DesafioQAItauRogerioJordao/DesafioQAItauRogerioJordao/RamdonUser/tests/random-user-test.robot">
<test id="s1-s1-t1" name="Conectar" line="13">
<kw name="Conectar API" owner="random-user-service">
<kw name="Create Session" owner="RequestsLibrary">
<msg time="2024-05-16T09:15:19.758156" level="INFO">Creating Session using : alias=consultarAPI, url=https://randomuser.me/, headers={},                     cookies={}, auth=None, timeout=None, proxies=None, verify=False,                     debug=0 </msg>
<arg>consultarAPI</arg>
<arg>${URL}</arg>
<doc>Create Session: create a HTTP session to a server</doc>
<status status="PASS" start="2024-05-16T09:15:19.757962" elapsed="0.000364"/>
</kw>
<status status="PASS" start="2024-05-16T09:15:19.757028" elapsed="0.001649"/>
</kw>
<status status="PASS" start="2024-05-16T09:15:19.756424" elapsed="0.002452"/>
</test>
<test id="s1-s1-t2" name="Validar retorno 200 e JSON Válido" line="16">
<kw name="Teste de Requisicao Basica" owner="random-user-service">
<kw name="GET On Session" owner="RequestsLibrary">
<msg time="2024-05-16T09:15:19.835137" level="INFO">GET Request : url=https://randomuser.me/api 
 path_url=/api 
 headers={'User-Agent': 'python-requests/2.31.0', 'Accept-Encoding': 'gzip, deflate', 'Accept': '*/*', 'Connection': 'keep-alive'} 
 body=None 
 </msg>
<msg time="2024-05-16T09:15:19.835308" level="INFO">GET Response : url=https://randomuser.me/api 
 status=200, reason=OK 
 headers={'Date': 'Thu, 16 May 2024 09:15:19 GMT', 'Content-Type': 'application/json; charset=utf-8', 'Transfer-Encoding': 'chunked', 'Connection': 'keep-alive', 'X-Powered-By': 'Express', 'Access-Control-Allow-Origin': '*', 'Cache-Control': 'no-cache', 'ETag': 'W/"4ba-PODzgc1VoM2J178mz0tYdBYaGoo"', 'Vary': 'Accept-Encoding', 'Content-Encoding': 'gzip', 'CF-Cache-Status': 'DYNAMIC', 'Report-To': '{"endpoints":[{"url":"https:\\/\\/a.nel.cloudflare.com\\/report\\/v4?s=Hj%2BMywfKPq7lKwznJIqjSXrbv8YCox5CdWWZyot6Us%2F4rOVlBv4CH1VNbzkcbXL3lfM5odUrNzxRNUuFIFQwMefg7sLbsToQ%2FnYdEscigVTjzjY%2BodsjVjIIe5pKbTzD"}],"group":"cf-nel","max_age":604800}', 'NEL': '{"success_fraction":0,"report_to":"cf-nel","max_age":604800}', 'Server': 'cloudflare', 'CF-RAY': '884a4338a8593925-IAD', 'alt-svc': 'h3=":443"; ma=86400'} 
 body={"results":[{"gender":"female","name":{"title":"Madame","first":"Laetitia","last":"Robert"},"location":{"street":{"number":4816,"name":"Rue de L'Abbé-Roger-Derry"},"city":"Sils im Domleschg","state":"Luzern","country":"Switzerland","postcode":6664,"coordinates":{"latitude":"-57.7949","longitude":"84.5084"},"timezone":{"offset":"+8:00","description":"Beijing, Perth, Singapore, Hong Kong"}},"email":"laetitia.robert@example.com","login":{"uuid":"8ddd79d7-c29b-4a58-9388-622de9a5a6ae","username":"lazygorilla227","password":"locks","salt":"jMQQwFem","md5":"36ad1ce3588bd21b8f9b78912d686509","sha1":"556afadf60436dc6a24e24c31e009c7c20f7c6a7","sha256":"3cb6d5faed060ef3a8e729411c2ae7bfe7c1f7aef817018cd215b49aa102030e"},"dob":{"date":"1955-01-28T09:43:42.801Z","age":69},"registered":{"date":"2018-09-04T11:02:07.110Z","age":5},"phone":"076 646 96 47","cell":"077 845 52 46","id":{"name":"AVS","value":"756.9794.0489.72"},"picture":{"large":"https://randomuser.me/api/portraits/women/84.jpg","medium":"https://randomuser.me/api/portraits/med/women/84.jpg","thumbnail":"https://randomuser.me/api/portraits/thumb/women/84.jpg"},"nat":"CH"}],"info":{"seed":"e8bf34a471860b04","results":1,"page":1,"version":"1.4"}} 
 </msg>
<msg time="2024-05-16T09:15:19.835399" level="INFO">/opt/hostedtoolcache/Python/3.12.3/x64/lib/python3.12/site-packages/urllib3/connectionpool.py:1103: InsecureRequestWarning: Unverified HTTPS request is being made to host 'randomuser.me'. Adding certificate verification is strongly advised. See: https://urllib3.readthedocs.io/en/latest/advanced-usage.html#tls-warnings
  warnings.warn(</msg>
<msg time="2024-05-16T09:15:19.835551" level="INFO">${response} = &lt;Response [200]&gt;</msg>
<var>${response}</var>
<arg>consultarAPI</arg>
<arg>/api</arg>
<doc>Sends a GET request on a previously created HTTP Session.</doc>
<status status="PASS" start="2024-05-16T09:15:19.761556" elapsed="0.074036"/>
</kw>
<kw name="Should Be Equal As Numbers" owner="BuiltIn">
<msg time="2024-05-16T09:15:19.836382" level="INFO">Argument types are:
&lt;class 'int'&gt;
&lt;class 'str'&gt;</msg>
<arg>${response.status_code}</arg>
<arg>200</arg>
<doc>Fails if objects are unequal after converting them to real numbers.</doc>
<status status="PASS" start="2024-05-16T09:15:19.835987" elapsed="0.000459"/>
</kw>
<kw name="Log" owner="BuiltIn">
<msg time="2024-05-16T09:15:19.837151" level="INFO">200</msg>
<arg>${response.status_code}</arg>
<doc>Logs the given message with the given level.</doc>
<status status="PASS" start="2024-05-16T09:15:19.836778" elapsed="0.000417"/>
</kw>
<kw name="Set Variable" owner="BuiltIn">
<msg time="2024-05-16T09:15:19.837955" level="INFO">${json_data} = {'results': [{'gender': 'female', 'name': {'title': 'Madame', 'first': 'Laetitia', 'last': 'Robert'}, 'location': {'street': {'number': 4816, 'name': "Rue de L'Abbé-Roger-Derry"}, 'city': 'Sils im Dom...</msg>
<var>${json_data}</var>
<arg>${response.json()}</arg>
<doc>Returns the given values which can then be assigned to a variables.</doc>
<status status="PASS" start="2024-05-16T09:15:19.837503" elapsed="0.000482"/>
</kw>
<kw name="Dictionary Should Contain Key" owner="Collections">
<msg time="2024-05-16T09:15:19.838461" level="INFO">False</msg>
<arg>${json_data}</arg>
<arg>results</arg>
<doc>Fails if ``key`` is not found from ``dictionary``.</doc>
<status status="PASS" start="2024-05-16T09:15:19.838294" elapsed="0.000207"/>
</kw>
<status status="PASS" start="2024-05-16T09:15:19.761306" elapsed="0.077446"/>
</kw>
<doc>Testa se a API responde corretamente e retorna um objeto JSON válido.</doc>
<tag>testeRequisicaoBasica</tag>
<status status="PASS" start="2024-05-16T09:15:19.760774" elapsed="0.078146"/>
</test>
<test id="s1-s1-t3" name="Validar estrutura de resposta" line="22">
<kw name="Teste de Estrutura de Resposta" owner="random-user-service">
<kw name="GET On Session" owner="RequestsLibrary">
<msg time="2024-05-16T09:15:19.946056" level="INFO">GET Request : url=https://randomuser.me/api 
 path_url=/api 
 headers={'User-Agent': 'python-requests/2.31.0', 'Accept-Encoding': 'gzip, deflate', 'Accept': '*/*', 'Connection': 'keep-alive'} 
 body=None 
 </msg>
<msg time="2024-05-16T09:15:19.946141" level="INFO">GET Response : url=https://randomuser.me/api 
 status=200, reason=OK 
 headers={'Date': 'Thu, 16 May 2024 09:15:19 GMT', 'Content-Type': 'application/json; charset=utf-8', 'Transfer-Encoding': 'chunked', 'Connection': 'keep-alive', 'X-Powered-By': 'Express', 'Access-Control-Allow-Origin': '*', 'Cache-Control': 'no-cache', 'ETag': 'W/"498-ZUFbuldkCsX9n7x+LPs+F8UVeW4"', 'Vary': 'Accept-Encoding', 'Content-Encoding': 'gzip', 'CF-Cache-Status': 'DYNAMIC', 'Report-To': '{"endpoints":[{"url":"https:\\/\\/a.nel.cloudflare.com\\/report\\/v4?s=NUeFkBg17CMaQyHAZibPVbKL7TYDRPKrwPCGn2f8QH4z3agJJOMiLhO91oANAnKuk4ucAuI0ldop%2BPpUv1%2Fy1AfDqSbn7fiBPTM06nJSZrD%2B2BtMuyIy8%2FRSV6FX7g8o"}],"group":"cf-nel","max_age":604800}', 'NEL': '{"success_fraction":0,"report_to":"cf-nel","max_age":604800}', 'Server': 'cloudflare', 'CF-RAY': '884a433908c23925-IAD', 'alt-svc': 'h3=":443"; ma=86400'} 
 body={"results":[{"gender":"female","name":{"title":"Ms","first":"Axelle","last":"Brunet"},"location":{"street":{"number":8102,"name":"Rue Barrème"},"city":"Saint-Pierre","state":"Aude","country":"France","postcode":98621,"coordinates":{"latitude":"-19.6242","longitude":"81.1387"},"timezone":{"offset":"-11:00","description":"Midway Island, Samoa"}},"email":"axelle.brunet@example.com","login":{"uuid":"21d1c6d1-f86e-416b-bb81-3db3977a6e55","username":"beautifulelephant843","password":"keystone","salt":"Ix4gySnT","md5":"246516fa99d810f961c7d070b8967bf2","sha1":"120f1d09629d30b442a29dcae78637ca8cb7ad9a","sha256":"5b3a1364834227c191daac383f11f9a8ae34b8faa8908abdf370d6182380126e"},"dob":{"date":"1985-07-03T02:26:33.979Z","age":38},"registered":{"date":"2006-03-31T01:54:40.242Z","age":18},"phone":"03-46-48-33-03","cell":"06-98-22-29-90","id":{"name":"INSEE","value":"2850631315406 76"},"picture":{"large":"https://randomuser.me/api/portraits/women/58.jpg","medium":"https://randomuser.me/api/portraits/med/women/58.jpg","thumbnail":"https://randomuser.me/api/portraits/thumb/women/58.jpg"},"nat":"FR"}],"info":{"seed":"5e0257d63780e951","results":1,"page":1,"version":"1.4"}} 
 </msg>
<msg time="2024-05-16T09:15:19.946259" level="INFO">/opt/hostedtoolcache/Python/3.12.3/x64/lib/python3.12/site-packages/urllib3/connectionpool.py:1103: InsecureRequestWarning: Unverified HTTPS request is being made to host 'randomuser.me'. Adding certificate verification is strongly advised. See: https://urllib3.readthedocs.io/en/latest/advanced-usage.html#tls-warnings
  warnings.warn(</msg>
<msg time="2024-05-16T09:15:19.946390" level="INFO">${response} = &lt;Response [200]&gt;</msg>
<var>${response}</var>
<arg>consultarAPI</arg>
<arg>/api</arg>
<doc>Sends a GET request on a previously created HTTP Session.</doc>
<status status="PASS" start="2024-05-16T09:15:19.841556" elapsed="0.104883"/>
</kw>
<kw name="Set Variable" owner="BuiltIn">
<msg time="2024-05-16T09:15:19.947583" level="INFO">${json_data} = {'results': [{'gender': 'female', 'name': {'title': 'Ms', 'first': 'Axelle', 'last': 'Brunet'}, 'location': {'street': {'number': 8102, 'name': 'Rue Barrème'}, 'city': 'Saint-Pierre', 'state': 'Aude',...</msg>
<var>${json_data}</var>
<arg>${response.json()}</arg>
<doc>Returns the given values which can then be assigned to a variables.</doc>
<status status="PASS" start="2024-05-16T09:15:19.946956" elapsed="0.000658"/>
</kw>
<kw name="Log" owner="BuiltIn">
<msg time="2024-05-16T09:15:19.948098" level="INFO">{'results': [{'gender': 'female', 'name': {'title': 'Ms', 'first': 'Axelle', 'last': 'Brunet'}, 'location': {'street': {'number': 8102, 'name': 'Rue Barrème'}, 'city': 'Saint-Pierre', 'state': 'Aude', 'country': 'France', 'postcode': 98621, 'coordinates': {'latitude': '-19.6242', 'longitude': '81.1387'}, 'timezone': {'offset': '-11:00', 'description': 'Midway Island, Samoa'}}, 'email': 'axelle.brunet@example.com', 'login': {'uuid': '21d1c6d1-f86e-416b-bb81-3db3977a6e55', 'username': 'beautifulelephant843', 'password': 'keystone', 'salt': 'Ix4gySnT', 'md5': '246516fa99d810f961c7d070b8967bf2', 'sha1': '120f1d09629d30b442a29dcae78637ca8cb7ad9a', 'sha256': '5b3a1364834227c191daac383f11f9a8ae34b8faa8908abdf370d6182380126e'}, 'dob': {'date': '1985-07-03T02:26:33.979Z', 'age': 38}, 'registered': {'date': '2006-03-31T01:54:40.242Z', 'age': 18}, 'phone': '03-46-48-33-03', 'cell': '06-98-22-29-90', 'id': {'name': 'INSEE', 'value': '2850631315406 76'}, 'picture': {'large': 'https://randomuser.me/api/portraits/women/58.jpg', 'medium': 'https://randomuser.me/api/portraits/med/women/58.jpg', 'thumbnail': 'https://randomuser.me/api/portraits/thumb/women/58.jpg'}, 'nat': 'FR'}], 'info': {'seed': '5e0257d63780e951', 'results': 1, 'page': 1, 'version': '1.4'}}</msg>
<arg>${json_data}</arg>
<doc>Logs the given message with the given level.</doc>
<status status="PASS" start="2024-05-16T09:15:19.947929" elapsed="0.000222"/>
</kw>
<kw name="Dictionary Should Contain Key" owner="Collections">
<msg time="2024-05-16T09:15:19.948610" level="INFO">False</msg>
<arg>${json_data}</arg>
<arg>results</arg>
<doc>Fails if ``key`` is not found from ``dictionary``.</doc>
<status status="PASS" start="2024-05-16T09:15:19.948455" elapsed="0.000192"/>
</kw>
<kw name="Should Not Be Empty" owner="BuiltIn">
<msg time="2024-05-16T09:15:19.949077" level="INFO">Length is 2.</msg>
<arg>${json_data}</arg>
<doc>Verifies that the given item is not empty.</doc>
<status status="PASS" start="2024-05-16T09:15:19.948944" elapsed="0.000172"/>
</kw>
<kw name="Create List" owner="BuiltIn">
<msg time="2024-05-16T09:15:19.949700" level="INFO">${expected_keys} = ['gender', 'name', 'location', 'email', 'login']</msg>
<var>${expected_keys}</var>
<arg>gender</arg>
<arg>name</arg>
<arg>location</arg>
<arg>email</arg>
<arg>login</arg>
<doc>Returns a list containing given items.</doc>
<status status="PASS" start="2024-05-16T09:15:19.949406" elapsed="0.000321"/>
</kw>
<for flavor="IN">
<iter>
<kw name="Dictionary Should Contain Key" owner="Collections">
<msg time="2024-05-16T09:15:19.950766" level="INFO">False</msg>
<arg>${json_data['results'][0]}</arg>
<arg>${key}</arg>
<doc>Fails if ``key`` is not found from ``dictionary``.</doc>
<status status="PASS" start="2024-05-16T09:15:19.950316" elapsed="0.000489"/>
</kw>
<kw name="Log" owner="BuiltIn">
<msg time="2024-05-16T09:15:19.951500" level="INFO">{'gender': 'female', 'name': {'title': 'Ms', 'first': 'Axelle', 'last': 'Brunet'}, 'location': {'street': {'number': 8102, 'name': 'Rue Barrème'}, 'city': 'Saint-Pierre', 'state': 'Aude', 'country': 'France', 'postcode': 98621, 'coordinates': {'latitude': '-19.6242', 'longitude': '81.1387'}, 'timezone': {'offset': '-11:00', 'description': 'Midway Island, Samoa'}}, 'email': 'axelle.brunet@example.com', 'login': {'uuid': '21d1c6d1-f86e-416b-bb81-3db3977a6e55', 'username': 'beautifulelephant843', 'password': 'keystone', 'salt': 'Ix4gySnT', 'md5': '246516fa99d810f961c7d070b8967bf2', 'sha1': '120f1d09629d30b442a29dcae78637ca8cb7ad9a', 'sha256': '5b3a1364834227c191daac383f11f9a8ae34b8faa8908abdf370d6182380126e'}, 'dob': {'date': '1985-07-03T02:26:33.979Z', 'age': 38}, 'registered': {'date': '2006-03-31T01:54:40.242Z', 'age': 18}, 'phone': '03-46-48-33-03', 'cell': '06-98-22-29-90', 'id': {'name': 'INSEE', 'value': '2850631315406 76'}, 'picture': {'large': 'https://randomuser.me/api/portraits/women/58.jpg', 'medium': 'https://randomuser.me/api/portraits/med/women/58.jpg', 'thumbnail': 'https://randomuser.me/api/portraits/thumb/women/58.jpg'}, 'nat': 'FR'}</msg>
<arg>${json_data['results'][0]}</arg>
<doc>Logs the given message with the given level.</doc>
<status status="PASS" start="2024-05-16T09:15:19.951109" elapsed="0.000442"/>
</kw>
<kw name="Log" owner="BuiltIn">
<msg time="2024-05-16T09:15:19.951988" level="INFO">gender</msg>
<arg>${key}</arg>
<doc>Logs the given message with the given level.</doc>
<status status="PASS" start="2024-05-16T09:15:19.951860" elapsed="0.000166"/>
</kw>
<var name="${key}">gender</var>
<status status="PASS" start="2024-05-16T09:15:19.950189" elapsed="0.002054"/>
</iter>
<iter>
<kw name="Dictionary Should Contain Key" owner="Collections">
<msg time="2024-05-16T09:15:19.952941" level="INFO">False</msg>
<arg>${json_data['results'][0]}</arg>
<arg>${key}</arg>
<doc>Fails if ``key`` is not found from ``dictionary``.</doc>
<status status="PASS" start="2024-05-16T09:15:19.952547" elapsed="0.000433"/>
</kw>
<kw name="Log" owner="BuiltIn">
<msg time="2024-05-16T09:15:19.953670" level="INFO">{'gender': 'female', 'name': {'title': 'Ms', 'first': 'Axelle', 'last': 'Brunet'}, 'location': {'street': {'number': 8102, 'name': 'Rue Barrème'}, 'city': 'Saint-Pierre', 'state': 'Aude', 'country': 'France', 'postcode': 98621, 'coordinates': {'latitude': '-19.6242', 'longitude': '81.1387'}, 'timezone': {'offset': '-11:00', 'description': 'Midway Island, Samoa'}}, 'email': 'axelle.brunet@example.com', 'login': {'uuid': '21d1c6d1-f86e-416b-bb81-3db3977a6e55', 'username': 'beautifulelephant843', 'password': 'keystone', 'salt': 'Ix4gySnT', 'md5': '246516fa99d810f961c7d070b8967bf2', 'sha1': '120f1d09629d30b442a29dcae78637ca8cb7ad9a', 'sha256': '5b3a1364834227c191daac383f11f9a8ae34b8faa8908abdf370d6182380126e'}, 'dob': {'date': '1985-07-03T02:26:33.979Z', 'age': 38}, 'registered': {'date': '2006-03-31T01:54:40.242Z', 'age': 18}, 'phone': '03-46-48-33-03', 'cell': '06-98-22-29-90', 'id': {'name': 'INSEE', 'value': '2850631315406 76'}, 'picture': {'large': 'https://randomuser.me/api/portraits/women/58.jpg', 'medium': 'https://randomuser.me/api/portraits/med/women/58.jpg', 'thumbnail': 'https://randomuser.me/api/portraits/thumb/women/58.jpg'}, 'nat': 'FR'}</msg>
<arg>${json_data['results'][0]}</arg>
<doc>Logs the given message with the given level.</doc>
<status status="PASS" start="2024-05-16T09:15:19.953305" elapsed="0.000416"/>
</kw>
<kw name="Log" owner="BuiltIn">
<msg time="2024-05-16T09:15:19.954152" level="INFO">name</msg>
<arg>${key}</arg>
<doc>Logs the given message with the given level.</doc>
<status status="PASS" start="2024-05-16T09:15:19.954023" elapsed="0.000168"/>
</kw>
<var name="${key}">name</var>
<status status="PASS" start="2024-05-16T09:15:19.952431" elapsed="0.001978"/>
</iter>
<iter>
<kw name="Dictionary Should Contain Key" owner="Collections">
<msg time="2024-05-16T09:15:19.955088" level="INFO">False</msg>
<arg>${json_data['results'][0]}</arg>
<arg>${key}</arg>
<doc>Fails if ``key`` is not found from ``dictionary``.</doc>
<status status="PASS" start="2024-05-16T09:15:19.954701" elapsed="0.000425"/>
</kw>
<kw name="Log" owner="BuiltIn">
<msg time="2024-05-16T09:15:19.955836" level="INFO">{'gender': 'female', 'name': {'title': 'Ms', 'first': 'Axelle', 'last': 'Brunet'}, 'location': {'street': {'number': 8102, 'name': 'Rue Barrème'}, 'city': 'Saint-Pierre', 'state': 'Aude', 'country': 'France', 'postcode': 98621, 'coordinates': {'latitude': '-19.6242', 'longitude': '81.1387'}, 'timezone': {'offset': '-11:00', 'description': 'Midway Island, Samoa'}}, 'email': 'axelle.brunet@example.com', 'login': {'uuid': '21d1c6d1-f86e-416b-bb81-3db3977a6e55', 'username': 'beautifulelephant843', 'password': 'keystone', 'salt': 'Ix4gySnT', 'md5': '246516fa99d810f961c7d070b8967bf2', 'sha1': '120f1d09629d30b442a29dcae78637ca8cb7ad9a', 'sha256': '5b3a1364834227c191daac383f11f9a8ae34b8faa8908abdf370d6182380126e'}, 'dob': {'date': '1985-07-03T02:26:33.979Z', 'age': 38}, 'registered': {'date': '2006-03-31T01:54:40.242Z', 'age': 18}, 'phone': '03-46-48-33-03', 'cell': '06-98-22-29-90', 'id': {'name': 'INSEE', 'value': '2850631315406 76'}, 'picture': {'large': 'https://randomuser.me/api/portraits/women/58.jpg', 'medium': 'https://randomuser.me/api/portraits/med/women/58.jpg', 'thumbnail': 'https://randomuser.me/api/portraits/thumb/women/58.jpg'}, 'nat': 'FR'}</msg>
<arg>${json_data['results'][0]}</arg>
<doc>Logs the given message with the given level.</doc>
<status status="PASS" start="2024-05-16T09:15:19.955473" elapsed="0.000414"/>
</kw>
<kw name="Log" owner="BuiltIn">
<msg time="2024-05-16T09:15:19.956310" level="INFO">location</msg>
<arg>${key}</arg>
<doc>Logs the given message with the given level.</doc>
<status status="PASS" start="2024-05-16T09:15:19.956183" elapsed="0.000165"/>
</kw>
<var name="${key}">location</var>
<status status="PASS" start="2024-05-16T09:15:19.954588" elapsed="0.001976"/>
</iter>
<iter>
<kw name="Dictionary Should Contain Key" owner="Collections">
<msg time="2024-05-16T09:15:19.957235" level="INFO">False</msg>
<arg>${json_data['results'][0]}</arg>
<arg>${key}</arg>
<doc>Fails if ``key`` is not found from ``dictionary``.</doc>
<status status="PASS" start="2024-05-16T09:15:19.956849" elapsed="0.000424"/>
</kw>
<kw name="Log" owner="BuiltIn">
<msg time="2024-05-16T09:15:19.957931" level="INFO">{'gender': 'female', 'name': {'title': 'Ms', 'first': 'Axelle', 'last': 'Brunet'}, 'location': {'street': {'number': 8102, 'name': 'Rue Barrème'}, 'city': 'Saint-Pierre', 'state': 'Aude', 'country': 'France', 'postcode': 98621, 'coordinates': {'latitude': '-19.6242', 'longitude': '81.1387'}, 'timezone': {'offset': '-11:00', 'description': 'Midway Island, Samoa'}}, 'email': 'axelle.brunet@example.com', 'login': {'uuid': '21d1c6d1-f86e-416b-bb81-3db3977a6e55', 'username': 'beautifulelephant843', 'password': 'keystone', 'salt': 'Ix4gySnT', 'md5': '246516fa99d810f961c7d070b8967bf2', 'sha1': '120f1d09629d30b442a29dcae78637ca8cb7ad9a', 'sha256': '5b3a1364834227c191daac383f11f9a8ae34b8faa8908abdf370d6182380126e'}, 'dob': {'date': '1985-07-03T02:26:33.979Z', 'age': 38}, 'registered': {'date': '2006-03-31T01:54:40.242Z', 'age': 18}, 'phone': '03-46-48-33-03', 'cell': '06-98-22-29-90', 'id': {'name': 'INSEE', 'value': '2850631315406 76'}, 'picture': {'large': 'https://randomuser.me/api/portraits/women/58.jpg', 'medium': 'https://randomuser.me/api/portraits/med/women/58.jpg', 'thumbnail': 'https://randomuser.me/api/portraits/thumb/women/58.jpg'}, 'nat': 'FR'}</msg>
<arg>${json_data['results'][0]}</arg>
<doc>Logs the given message with the given level.</doc>
<status status="PASS" start="2024-05-16T09:15:19.957571" elapsed="0.000421"/>
</kw>
<kw name="Log" owner="BuiltIn">
<msg time="2024-05-16T09:15:19.958412" level="INFO">email</msg>
<arg>${key}</arg>
<doc>Logs the given message with the given level.</doc>
<status status="PASS" start="2024-05-16T09:15:19.958285" elapsed="0.000165"/>
</kw>
<var name="${key}">email</var>
<status status="PASS" start="2024-05-16T09:15:19.956737" elapsed="0.001931"/>
</iter>
<iter>
<kw name="Dictionary Should Contain Key" owner="Collections">
<msg time="2024-05-16T09:15:19.959358" level="INFO">False</msg>
<arg>${json_data['results'][0]}</arg>
<arg>${key}</arg>
<doc>Fails if ``key`` is not found from ``dictionary``.</doc>
<status status="PASS" start="2024-05-16T09:15:19.958952" elapsed="0.000444"/>
</kw>
<kw name="Log" owner="BuiltIn">
<msg time="2024-05-16T09:15:19.960059" level="INFO">{'gender': 'female', 'name': {'title': 'Ms', 'first': 'Axelle', 'last': 'Brunet'}, 'location': {'street': {'number': 8102, 'name': 'Rue Barrème'}, 'city': 'Saint-Pierre', 'state': 'Aude', 'country': 'France', 'postcode': 98621, 'coordinates': {'latitude': '-19.6242', 'longitude': '81.1387'}, 'timezone': {'offset': '-11:00', 'description': 'Midway Island, Samoa'}}, 'email': 'axelle.brunet@example.com', 'login': {'uuid': '21d1c6d1-f86e-416b-bb81-3db3977a6e55', 'username': 'beautifulelephant843', 'password': 'keystone', 'salt': 'Ix4gySnT', 'md5': '246516fa99d810f961c7d070b8967bf2', 'sha1': '120f1d09629d30b442a29dcae78637ca8cb7ad9a', 'sha256': '5b3a1364834227c191daac383f11f9a8ae34b8faa8908abdf370d6182380126e'}, 'dob': {'date': '1985-07-03T02:26:33.979Z', 'age': 38}, 'registered': {'date': '2006-03-31T01:54:40.242Z', 'age': 18}, 'phone': '03-46-48-33-03', 'cell': '06-98-22-29-90', 'id': {'name': 'INSEE', 'value': '2850631315406 76'}, 'picture': {'large': 'https://randomuser.me/api/portraits/women/58.jpg', 'medium': 'https://randomuser.me/api/portraits/med/women/58.jpg', 'thumbnail': 'https://randomuser.me/api/portraits/thumb/women/58.jpg'}, 'nat': 'FR'}</msg>
<arg>${json_data['results'][0]}</arg>
<doc>Logs the given message with the given level.</doc>
<status status="PASS" start="2024-05-16T09:15:19.959691" elapsed="0.000418"/>
</kw>
<kw name="Log" owner="BuiltIn">
<msg time="2024-05-16T09:15:19.960542" level="INFO">login</msg>
<arg>${key}</arg>
<doc>Logs the given message with the given level.</doc>
<status status="PASS" start="2024-05-16T09:15:19.960415" elapsed="0.000165"/>
</kw>
<var name="${key}">login</var>
<status status="PASS" start="2024-05-16T09:15:19.958841" elapsed="0.001981"/>
</iter>
<var>${key}</var>
<value>@{expected_keys}</value>
<status status="PASS" start="2024-05-16T09:15:19.950002" elapsed="0.010946"/>
</for>
<kw name="Create List" owner="BuiltIn">
<msg time="2024-05-16T09:15:19.961281" level="INFO">${expected_keysTwo} = ['username', 'password']</msg>
<var>${expected_keysTwo}</var>
<arg>username</arg>
<arg>password</arg>
<doc>Returns a list containing given items.</doc>
<status status="PASS" start="2024-05-16T09:15:19.961143" elapsed="0.000162"/>
</kw>
<for flavor="IN">
<iter>
<kw name="Dictionary Should Contain Key" owner="Collections">
<msg time="2024-05-16T09:15:19.962191" level="INFO">False</msg>
<arg>${json_data['results'][0]['login']}</arg>
<arg>${keyTwo}</arg>
<doc>Fails if ``key`` is not found from ``dictionary``.</doc>
<status status="PASS" start="2024-05-16T09:15:19.961804" elapsed="0.000424"/>
</kw>
<kw name="Dictionary Should Contain Key" owner="Collections">
<msg time="2024-05-16T09:15:19.962908" level="INFO">False</msg>
<arg>${json_data['results'][0]['login']}</arg>
<arg>${keyTwo}</arg>
<doc>Fails if ``key`` is not found from ``dictionary``.</doc>
<status status="PASS" start="2024-05-16T09:15:19.962520" elapsed="0.000426"/>
</kw>
<kw name="Log" owner="BuiltIn">
<msg time="2024-05-16T09:15:19.963410" level="INFO">username</msg>
<arg>${keyTwo}</arg>
<doc>Logs the given message with the given level.</doc>
<status status="PASS" start="2024-05-16T09:15:19.963274" elapsed="0.000179"/>
</kw>
<var name="${keyTwo}">username</var>
<status status="PASS" start="2024-05-16T09:15:19.961693" elapsed="0.001980"/>
</iter>
<iter>
<kw name="Dictionary Should Contain Key" owner="Collections">
<msg time="2024-05-16T09:15:19.964347" level="INFO">False</msg>
<arg>${json_data['results'][0]['login']}</arg>
<arg>${keyTwo}</arg>
<doc>Fails if ``key`` is not found from ``dictionary``.</doc>
<status status="PASS" start="2024-05-16T09:15:19.963958" elapsed="0.000426"/>
</kw>
<kw name="Dictionary Should Contain Key" owner="Collections">
<msg time="2024-05-16T09:15:19.965147" level="INFO">False</msg>
<arg>${json_data['results'][0]['login']}</arg>
<arg>${keyTwo}</arg>
<doc>Fails if ``key`` is not found from ``dictionary``.</doc>
<status status="PASS" start="2024-05-16T09:15:19.964679" elapsed="0.000506"/>
</kw>
<kw name="Log" owner="BuiltIn">
<msg time="2024-05-16T09:15:19.965610" level="INFO">password</msg>
<arg>${keyTwo}</arg>
<doc>Logs the given message with the given level.</doc>
<status status="PASS" start="2024-05-16T09:15:19.965480" elapsed="0.000168"/>
</kw>
<var name="${keyTwo}">password</var>
<status status="PASS" start="2024-05-16T09:15:19.963846" elapsed="0.002018"/>
</iter>
<var>${keyTwo}</var>
<value>@{expected_keysTwo}</value>
<status status="PASS" start="2024-05-16T09:15:19.961543" elapsed="0.004443"/>
</for>
<status status="PASS" start="2024-05-16T09:15:19.841324" elapsed="0.124799"/>
</kw>
<doc>Testa a estrutura da resposta da API.</doc>
<tag>testeEstruturaResposta</tag>
<status status="PASS" start="2024-05-16T09:15:19.840735" elapsed="0.125539"/>
</test>
<test id="s1-s1-t4" name="Validar tipos de dados" line="28">
<kw name="Teste de Tipos de Dados" owner="random-user-service">
<kw name="GET On Session" owner="RequestsLibrary">
<msg time="2024-05-16T09:15:20.057218" level="INFO">GET Request : url=https://randomuser.me/api 
 path_url=/api 
 headers={'User-Agent': 'python-requests/2.31.0', 'Accept-Encoding': 'gzip, deflate', 'Accept': '*/*', 'Connection': 'keep-alive'} 
 body=None 
 </msg>
<msg time="2024-05-16T09:15:20.057317" level="INFO">GET Response : url=https://randomuser.me/api 
 status=200, reason=OK 
 headers={'Date': 'Thu, 16 May 2024 09:15:20 GMT', 'Content-Type': 'application/json; charset=utf-8', 'Transfer-Encoding': 'chunked', 'Connection': 'keep-alive', 'X-Powered-By': 'Express', 'Access-Control-Allow-Origin': '*', 'Cache-Control': 'no-cache', 'ETag': 'W/"486-mEe47vRF03N69cwGGX3FP4EtoMw"', 'Vary': 'Accept-Encoding', 'Content-Encoding': 'gzip', 'CF-Cache-Status': 'DYNAMIC', 'Report-To': '{"endpoints":[{"url":"https:\\/\\/a.nel.cloudflare.com\\/report\\/v4?s=OQf8x0tWFRTY9rvM3hgn75RoEEV5hvusIFOxj47OjzTh9jd1IX7mtfwzf1OyXNiCSb%2FJTeqlIXBskWgKTa%2BGfvIsNNlqZzjmxOR3n9IgdxVRgqv9aXtYhlGJtDRrr9Td"}],"group":"cf-nel","max_age":604800}', 'NEL': '{"success_fraction":0,"report_to":"cf-nel","max_age":604800}', 'Server': 'cloudflare', 'CF-RAY': '884a4339c98f3925-IAD', 'alt-svc': 'h3=":443"; ma=86400'} 
 body={"results":[{"gender":"female","name":{"title":"Ms","first":"Romashka","last":"Shumeyko"},"location":{"street":{"number":402,"name":"Morinecka"},"city":"Ukrayinka","state":"Hmelnicka","country":"Ukraine","postcode":50566,"coordinates":{"latitude":"75.9768","longitude":"174.0669"},"timezone":{"offset":"+6:00","description":"Almaty, Dhaka, Colombo"}},"email":"romashka.shumeyko@example.com","login":{"uuid":"bfbc09ee-7a49-4a05-bd2f-c3bc118f6f33","username":"whiterabbit311","password":"bonehead","salt":"OrKOdu71","md5":"3597cf656dd5efefa0240257fe4cddd5","sha1":"eba42b5dcedb36170ffa6314327a3e838a25f6cf","sha256":"a574572a489b5e2468e6c6aef921786bdf4d1cffb8e149737d1989007b60109a"},"dob":{"date":"1984-10-18T21:47:55.436Z","age":39},"registered":{"date":"2017-10-18T03:52:14.016Z","age":6},"phone":"(066) O94-9229","cell":"(068) J72-3859","id":{"name":"","value":null},"picture":{"large":"https://randomuser.me/api/portraits/women/11.jpg","medium":"https://randomuser.me/api/portraits/med/women/11.jpg","thumbnail":"https://randomuser.me/api/portraits/thumb/women/11.jpg"},"nat":"UA"}],"info":{"seed":"ea1cfd68e70d3184","results":1,"page":1,"version":"1.4"}} 
 </msg>
<msg time="2024-05-16T09:15:20.057396" level="INFO">/opt/hostedtoolcache/Python/3.12.3/x64/lib/python3.12/site-packages/urllib3/connectionpool.py:1103: InsecureRequestWarning: Unverified HTTPS request is being made to host 'randomuser.me'. Adding certificate verification is strongly advised. See: https://urllib3.readthedocs.io/en/latest/advanced-usage.html#tls-warnings
  warnings.warn(</msg>
<msg time="2024-05-16T09:15:20.057524" level="INFO">${response} = &lt;Response [200]&gt;</msg>
<var>${response}</var>
<arg>consultarAPI</arg>
<arg>/api</arg>
<doc>Sends a GET request on a previously created HTTP Session.</doc>
<status status="PASS" start="2024-05-16T09:15:19.968768" elapsed="0.088809"/>
</kw>
<kw name="Set Variable" owner="BuiltIn">
<msg time="2024-05-16T09:15:20.058567" level="INFO">${json_data} = {'results': [{'gender': 'female', 'name': {'title': 'Ms', 'first': 'Romashka', 'last': 'Shumeyko'}, 'location': {'street': {'number': 402, 'name': 'Morinecka'}, 'city': 'Ukrayinka', 'state': 'Hmelnick...</msg>
<var>${json_data}</var>
<arg>${response.json()}</arg>
<doc>Returns the given values which can then be assigned to a variables.</doc>
<status status="PASS" start="2024-05-16T09:15:20.058087" elapsed="0.000510"/>
</kw>
<kw name="Log" owner="BuiltIn">
<msg time="2024-05-16T09:15:20.059063" level="INFO">{'results': [{'gender': 'female', 'name': {'title': 'Ms', 'first': 'Romashka', 'last': 'Shumeyko'}, 'location': {'street': {'number': 402, 'name': 'Morinecka'}, 'city': 'Ukrayinka', 'state': 'Hmelnicka', 'country': 'Ukraine', 'postcode': 50566, 'coordinates': {'latitude': '75.9768', 'longitude': '174.0669'}, 'timezone': {'offset': '+6:00', 'description': 'Almaty, Dhaka, Colombo'}}, 'email': 'romashka.shumeyko@example.com', 'login': {'uuid': 'bfbc09ee-7a49-4a05-bd2f-c3bc118f6f33', 'username': 'whiterabbit311', 'password': 'bonehead', 'salt': 'OrKOdu71', 'md5': '3597cf656dd5efefa0240257fe4cddd5', 'sha1': 'eba42b5dcedb36170ffa6314327a3e838a25f6cf', 'sha256': 'a574572a489b5e2468e6c6aef921786bdf4d1cffb8e149737d1989007b60109a'}, 'dob': {'date': '1984-10-18T21:47:55.436Z', 'age': 39}, 'registered': {'date': '2017-10-18T03:52:14.016Z', 'age': 6}, 'phone': '(066) O94-9229', 'cell': '(068) J72-3859', 'id': {'name': '', 'value': None}, 'picture': {'large': 'https://randomuser.me/api/portraits/women/11.jpg', 'medium': 'https://randomuser.me/api/portraits/med/women/11.jpg', 'thumbnail': 'https://randomuser.me/api/portraits/thumb/women/11.jpg'}, 'nat': 'UA'}], 'info': {'seed': 'ea1cfd68e70d3184', 'results': 1, 'page': 1, 'version': '1.4'}}</msg>
<arg>${json_data}</arg>
<doc>Logs the given message with the given level.</doc>
<status status="PASS" start="2024-05-16T09:15:20.058903" elapsed="0.000243"/>
</kw>
<kw name="Should Be String" owner="String">
<arg>${json_data['results'][0]['gender']}</arg>
<doc>Fails if the given ``item`` is not a string.</doc>
<status status="PASS" start="2024-05-16T09:15:20.059540" elapsed="0.000369"/>
</kw>
<kw name="Should Match Regexp" owner="BuiltIn">
<arg>${json_data['results'][0]['email']}</arg>
<arg>^[a-zA-Z0-9._%+-]+@[a-zA-Z0-9.-]+\.[a-zA-Z]{2,}$</arg>
<doc>Fails if ``string`` does not match ``pattern`` as a regular expression.</doc>
<status status="PASS" start="2024-05-16T09:15:20.060106" elapsed="0.000515"/>
</kw>
<kw name="Should Match Regexp" owner="BuiltIn">
<arg>${json_data['results'][0]['dob']['date']}</arg>
<arg>\\d{4}-\\d{2}-\\d{2}T\\d{2}:\\d{2}:\\d{2}\\.\\d{3}Z</arg>
<doc>Fails if ``string`` does not match ``pattern`` as a regular expression.</doc>
<status status="PASS" start="2024-05-16T09:15:20.060824" elapsed="0.000499"/>
</kw>
<kw name="Should Match Regexp" owner="BuiltIn">
<arg>${json_data['results'][0]['registered']['date']}</arg>
<arg>\\d{4}-\\d{2}-\\d{2}T\\d{2}:\\d{2}:\\d{2}\\.\\d{3}Z</arg>
<doc>Fails if ``string`` does not match ``pattern`` as a regular expression.</doc>
<status status="PASS" start="2024-05-16T09:15:20.061518" elapsed="0.000375"/>
</kw>
<kw name="Should Match Regexp" owner="BuiltIn">
<arg>${json_data['results'][0]['picture']['large']}</arg>
<arg>^https?://.*\.(?:png|jpe?g|gif|bmp)$</arg>
<doc>Fails if ``string`` does not match ``pattern`` as a regular expression.</doc>
<status status="PASS" start="2024-05-16T09:15:20.062082" elapsed="0.000460"/>
</kw>
<kw name="Should Match Regexp" owner="BuiltIn">
<arg>${json_data['results'][0]['picture']['medium']}</arg>
<arg>^https?://.*\.(?:png|jpe?g|gif|bmp)$</arg>
<doc>Fails if ``string`` does not match ``pattern`` as a regular expression.</doc>
<status status="PASS" start="2024-05-16T09:15:20.062734" elapsed="0.000365"/>
</kw>
<kw name="Should Match Regexp" owner="BuiltIn">
<arg>${json_data['results'][0]['picture']['thumbnail']}</arg>
<arg>^https?://.*\.(?:png|jpe?g|gif|bmp)$</arg>
<doc>Fails if ``string`` does not match ``pattern`` as a regular expression.</doc>
<status status="PASS" start="2024-05-16T09:15:20.063316" elapsed="0.000358"/>
</kw>
<kw name="Log" owner="BuiltIn">
<msg time="2024-05-16T09:15:20.064179" level="INFO">{'large': 'https://randomuser.me/api/portraits/women/11.jpg', 'medium': 'https://randomuser.me/api/portraits/med/women/11.jpg', 'thumbnail': 'https://randomuser.me/api/portraits/thumb/women/11.jpg'}</msg>
<arg>${json_data['results'][0]['picture']}</arg>
<doc>Logs the given message with the given level.</doc>
<status status="PASS" start="2024-05-16T09:15:20.063857" elapsed="0.000364"/>
</kw>
<status status="PASS" start="2024-05-16T09:15:19.968545" elapsed="0.095933"/>
</kw>
<kw name="Teste de Tipos de Dados - Postcode" owner="random-user-service">
<kw name="GET On Session" owner="RequestsLibrary">
<msg time="2024-05-16T09:15:20.176569" level="INFO">GET Request : url=https://randomuser.me/api 
 path_url=/api 
 headers={'User-Agent': 'python-requests/2.31.0', 'Accept-Encoding': 'gzip, deflate', 'Accept': '*/*', 'Connection': 'keep-alive'} 
 body=None 
 </msg>
<msg time="2024-05-16T09:15:20.176654" level="INFO">GET Response : url=https://randomuser.me/api 
 status=200, reason=OK 
 headers={'Date': 'Thu, 16 May 2024 09:15:20 GMT', 'Content-Type': 'application/json; charset=utf-8', 'Transfer-Encoding': 'chunked', 'Connection': 'keep-alive', 'X-Powered-By': 'Express', 'Access-Control-Allow-Origin': '*', 'Cache-Control': 'no-cache', 'ETag': 'W/"49d-wogQyyV2LjrKNljzVCUUnzhxLq8"', 'Vary': 'Accept-Encoding', 'Content-Encoding': 'gzip', 'CF-Cache-Status': 'DYNAMIC', 'Report-To': '{"endpoints":[{"url":"https:\\/\\/a.nel.cloudflare.com\\/report\\/v4?s=HbbcCyiomPu9AohK1LfdXVnmKoPQvVJx59WwtCAtn%2BcmTjZUpvGAYNckf9DV2toDFldhThEqYATcjeqwDi4LqbYfi%2F1Ug%2FjMGnOlm3H0xoKdqSqC%2B3Bwp6OB1rBOakC1"}],"group":"cf-nel","max_age":604800}', 'NEL': '{"success_fraction":0,"report_to":"cf-nel","max_age":604800}', 'Server': 'cloudflare', 'CF-RAY': '884a433a6a383925-IAD', 'alt-svc': 'h3=":443"; ma=86400'} 
 body={"results":[{"gender":"female","name":{"title":"Mrs","first":"Abril","last":"Cornejo"},"location":{"street":{"number":3913,"name":"Prolongación Alemán"},"city":"Xochipala","state":"Oaxaca","country":"Mexico","postcode":11533,"coordinates":{"latitude":"27.2752","longitude":"46.6597"},"timezone":{"offset":"+9:00","description":"Tokyo, Seoul, Osaka, Sapporo, Yakutsk"}},"email":"abril.cornejo@example.com","login":{"uuid":"047e6df9-0667-4ea6-b3a3-6d3e03996688","username":"bluekoala875","password":"owen","salt":"ByB6NACo","md5":"e5f7a7fe36d8429f401779b0f98f8640","sha1":"858281ac90acd8ddc47ffa96eb61bd3424449ffa","sha256":"884eadf6390bead7cd48825e2155bb31d0272bc7d2799e970aa4fee98edad885"},"dob":{"date":"1955-05-09T20:06:09.778Z","age":69},"registered":{"date":"2020-10-06T01:51:38.600Z","age":3},"phone":"(625) 543 5595","cell":"(643) 683 6589","id":{"name":"NSS","value":"87 04 43 8540 3"},"picture":{"large":"https://randomuser.me/api/portraits/women/5.jpg","medium":"https://randomuser.me/api/portraits/med/women/5.jpg","thumbnail":"https://randomuser.me/api/portraits/thumb/women/5.jpg"},"nat":"MX"}],"info":{"seed":"2721c29450a10232","results":1,"page":1,"version":"1.4"}} 
 </msg>
<msg time="2024-05-16T09:15:20.176730" level="INFO">/opt/hostedtoolcache/Python/3.12.3/x64/lib/python3.12/site-packages/urllib3/connectionpool.py:1103: InsecureRequestWarning: Unverified HTTPS request is being made to host 'randomuser.me'. Adding certificate verification is strongly advised. See: https://urllib3.readthedocs.io/en/latest/advanced-usage.html#tls-warnings
  warnings.warn(</msg>
<msg time="2024-05-16T09:15:20.176842" level="INFO">${response} = &lt;Response [200]&gt;</msg>
<var>${response}</var>
<arg>consultarAPI</arg>
<arg>/api</arg>
<doc>Sends a GET request on a previously created HTTP Session.</doc>
<status status="PASS" start="2024-05-16T09:15:20.064928" elapsed="0.111953"/>
</kw>
<kw name="Set Variable" owner="BuiltIn">
<msg time="2024-05-16T09:15:20.177789" level="INFO">${json_data} = {'results': [{'gender': 'female', 'name': {'title': 'Mrs', 'first': 'Abril', 'last': 'Cornejo'}, 'location': {'street': {'number': 3913, 'name': 'Prolongación Alemán'}, 'city': 'Xochipala', 'state': '...</msg>
<var>${json_data}</var>
<arg>${response.json()}</arg>
<doc>Returns the given values which can then be assigned to a variables.</doc>
<status status="PASS" start="2024-05-16T09:15:20.177331" elapsed="0.000488"/>
</kw>
<kw name="Log" owner="BuiltIn">
<msg time="2024-05-16T09:15:20.178276" level="INFO">{'results': [{'gender': 'female', 'name': {'title': 'Mrs', 'first': 'Abril', 'last': 'Cornejo'}, 'location': {'street': {'number': 3913, 'name': 'Prolongación Alemán'}, 'city': 'Xochipala', 'state': 'Oaxaca', 'country': 'Mexico', 'postcode': 11533, 'coordinates': {'latitude': '27.2752', 'longitude': '46.6597'}, 'timezone': {'offset': '+9:00', 'description': 'Tokyo, Seoul, Osaka, Sapporo, Yakutsk'}}, 'email': 'abril.cornejo@example.com', 'login': {'uuid': '047e6df9-0667-4ea6-b3a3-6d3e03996688', 'username': 'bluekoala875', 'password': 'owen', 'salt': 'ByB6NACo', 'md5': 'e5f7a7fe36d8429f401779b0f98f8640', 'sha1': '858281ac90acd8ddc47ffa96eb61bd3424449ffa', 'sha256': '884eadf6390bead7cd48825e2155bb31d0272bc7d2799e970aa4fee98edad885'}, 'dob': {'date': '1955-05-09T20:06:09.778Z', 'age': 69}, 'registered': {'date': '2020-10-06T01:51:38.600Z', 'age': 3}, 'phone': '(625) 543 5595', 'cell': '(643) 683 6589', 'id': {'name': 'NSS', 'value': '87 04 43 8540 3'}, 'picture': {'large': 'https://randomuser.me/api/portraits/women/5.jpg', 'medium': 'https://randomuser.me/api/portraits/med/women/5.jpg', 'thumbnail': 'https://randomuser.me/api/portraits/thumb/women/5.jpg'}, 'nat': 'MX'}], 'info': {'seed': '2721c29450a10232', 'results': 1, 'page': 1, 'version': '1.4'}}</msg>
<arg>${json_data}</arg>
<doc>Logs the given message with the given level.</doc>
<status status="PASS" start="2024-05-16T09:15:20.178121" elapsed="0.000236"/>
</kw>
<kw name="Should Be Equal As Numbers" owner="BuiltIn">
<arg>${json_data['results'][0]['location']['postcode']}</arg>
<arg>${json_data['results'][0]['location']['postcode']}</arg>
<doc>Fails if objects are unequal after converting them to real numbers.</doc>
<status status="PASS" start="2024-05-16T09:15:20.178656" elapsed="0.000813"/>
</kw>
<kw name="Log" owner="BuiltIn">
<msg time="2024-05-16T09:15:20.180002" level="INFO">11533</msg>
<arg>${json_data['results'][0]['location']['postcode']}</arg>
<doc>Logs the given message with the given level.</doc>
<status status="PASS" start="2024-05-16T09:15:20.179667" elapsed="0.000376"/>
</kw>
<status status="PASS" start="2024-05-16T09:15:20.064701" elapsed="0.115597"/>
</kw>
<doc>Testa se os tipos de dados na resposta da API estão corretos.</doc>
<tag>testeTiposDados</tag>
<status status="PASS" start="2024-05-16T09:15:19.968038" elapsed="0.212424"/>
</test>
<test id="s1-s1-t5" name="Validar conteudo" line="35">
<kw name="Teste de Tipos de Conteudo" owner="random-user-service">
<kw name="GET On Session" owner="RequestsLibrary">
<msg time="2024-05-16T09:15:20.280258" level="INFO">GET Request : url=https://randomuser.me/api 
 path_url=/api 
 headers={'User-Agent': 'python-requests/2.31.0', 'Accept-Encoding': 'gzip, deflate', 'Accept': '*/*', 'Connection': 'keep-alive'} 
 body=None 
 </msg>
<msg time="2024-05-16T09:15:20.280327" level="INFO">GET Response : url=https://randomuser.me/api 
 status=200, reason=OK 
 headers={'Date': 'Thu, 16 May 2024 09:15:20 GMT', 'Content-Type': 'application/json; charset=utf-8', 'Transfer-Encoding': 'chunked', 'Connection': 'keep-alive', 'X-Powered-By': 'Express', 'Access-Control-Allow-Origin': '*', 'Cache-Control': 'no-cache', 'ETag': 'W/"47a-issJ8niXD90SGB1HN0BqQ0MvnII"', 'Vary': 'Accept-Encoding', 'Content-Encoding': 'gzip', 'CF-Cache-Status': 'DYNAMIC', 'Report-To': '{"endpoints":[{"url":"https:\\/\\/a.nel.cloudflare.com\\/report\\/v4?s=luhju7L%2FV8qPBZkGjHfiLfjFff2be7l5NraxZsrqNjzAT%2BQUOu9OMOVy9fY0bVyNxFfDMNUcqpsHTpXN4Bio6aX3%2F5JLR4XqOPDAlKw9wXtm8vwNd13sdH8a1VcoojE8"}],"group":"cf-nel","max_age":604800}', 'NEL': '{"success_fraction":0,"report_to":"cf-nel","max_age":604800}', 'Server': 'cloudflare', 'CF-RAY': '884a433b2b323925-IAD', 'alt-svc': 'h3=":443"; ma=86400'} 
 body={"results":[{"gender":"male","name":{"title":"Mr","first":"Jayden","last":"Waage"},"location":{"street":{"number":9633,"name":"Wilses gate"},"city":"Malm","state":"Telemark","country":"Norway","postcode":"3212","coordinates":{"latitude":"44.9809","longitude":"-20.6499"},"timezone":{"offset":"+5:30","description":"Bombay, Calcutta, Madras, New Delhi"}},"email":"jayden.waage@example.com","login":{"uuid":"6fbff7c5-d94f-40d1-a42d-11df914b4321","username":"blacksnake204","password":"dennis","salt":"2Js9cZei","md5":"e6ec365ccf5d4f2f8f88e1283a0c48d9","sha1":"bb62d0333dbeee029a0af0a3649e2f96cfedad36","sha256":"6a24363621a452d45ac6bc6cfb3a5252cd80e38c1417c99abbf9a44fb800b14d"},"dob":{"date":"1950-04-10T17:44:48.770Z","age":74},"registered":{"date":"2018-12-19T23:49:59.876Z","age":5},"phone":"60272211","cell":"47165930","id":{"name":"FN","value":"10045019115"},"picture":{"large":"https://randomuser.me/api/portraits/men/98.jpg","medium":"https://randomuser.me/api/portraits/med/men/98.jpg","thumbnail":"https://randomuser.me/api/portraits/thumb/men/98.jpg"},"nat":"NO"}],"info":{"seed":"b774c98400bc5c6e","results":1,"page":1,"version":"1.4"}} 
 </msg>
<msg time="2024-05-16T09:15:20.280381" level="INFO">/opt/hostedtoolcache/Python/3.12.3/x64/lib/python3.12/site-packages/urllib3/connectionpool.py:1103: InsecureRequestWarning: Unverified HTTPS request is being made to host 'randomuser.me'. Adding certificate verification is strongly advised. See: https://urllib3.readthedocs.io/en/latest/advanced-usage.html#tls-warnings
  warnings.warn(</msg>
<msg time="2024-05-16T09:15:20.280462" level="INFO">${response} = &lt;Response [200]&gt;</msg>
<var>${response}</var>
<arg>consultarAPI</arg>
<arg>/api</arg>
<doc>Sends a GET request on a previously created HTTP Session.</doc>
<status status="PASS" start="2024-05-16T09:15:20.182957" elapsed="0.097538"/>
</kw>
<kw name="Set Variable" owner="BuiltIn">
<msg time="2024-05-16T09:15:20.281292" level="INFO">${json_data} = {'results': [{'gender': 'male', 'name': {'title': 'Mr', 'first': 'Jayden', 'last': 'Waage'}, 'location': {'street': {'number': 9633, 'name': 'Wilses gate'}, 'city': 'Malm', 'state': 'Telemark', 'count...</msg>
<var>${json_data}</var>
<arg>${response.json()}</arg>
<doc>Returns the given values which can then be assigned to a variables.</doc>
<status status="PASS" start="2024-05-16T09:15:20.280867" elapsed="0.000453"/>
</kw>
<kw name="Set Variable" owner="BuiltIn">
<msg time="2024-05-16T09:15:20.282012" level="INFO">${name_title} = Mr</msg>
<var>${name_title}</var>
<arg>${json_data["results"][0]["name"]["title"]}</arg>
<doc>Returns the given values which can then be assigned to a variables.</doc>
<status status="PASS" start="2024-05-16T09:15:20.281623" elapsed="0.000415"/>
</kw>
<kw name="Create List" owner="BuiltIn">
<msg time="2024-05-16T09:15:20.282488" level="INFO">${allowed_titles} = ['Mr', 'Ms', 'Miss', 'Mrs', 'Madame', 'Monsieur']</msg>
<var>${allowed_titles}</var>
<arg>Mr</arg>
<arg>Ms</arg>
<arg>Miss</arg>
<arg>Mrs</arg>
<arg>Madame</arg>
<arg>Monsieur</arg>
<doc>Returns a list containing given items.</doc>
<status status="PASS" start="2024-05-16T09:15:20.282338" elapsed="0.000175"/>
</kw>
<kw name="List Should Contain Value" owner="Collections">
<msg time="2024-05-16T09:15:20.282985" level="INFO">False</msg>
<arg>${allowed_titles}</arg>
<arg>${name_title}</arg>
<doc>Fails if the ``value`` is not found from ``list``.</doc>
<status status="PASS" start="2024-05-16T09:15:20.282813" elapsed="0.000208"/>
</kw>
<kw name="Set Variable" owner="BuiltIn">
<msg time="2024-05-16T09:15:20.283721" level="INFO">${name_country} = NO</msg>
<var>${name_country}</var>
<arg>${json_data["results"][0]["nat"]}</arg>
<doc>Returns the given values which can then be assigned to a variables.</doc>
<status status="PASS" start="2024-05-16T09:15:20.283338" elapsed="0.000408"/>
</kw>
<kw name="Create List" owner="BuiltIn">
<msg time="2024-05-16T09:15:20.284644" level="INFO">${list_country} = ['AD', 'AE', 'AF', 'AG', 'AI', 'AL', 'AM', 'AO', 'AQ', 'AR', 'AS', 'AT', 'AU', 'AW', 'AX', 'AZ', 'BA', 'BB', 'BD', 'BE', 'BF', 'BG', 'BH', 'BI', 'BJ', 'BL', 'BM', 'BN', 'BO', 'BQ', 'BR', 'BS', 'BT', '...</msg>
<var>${list_country}</var>
<arg>AD</arg>
<arg>AE</arg>
<arg>AF</arg>
<arg>AG</arg>
<arg>AI</arg>
<arg>AL</arg>
<arg>AM</arg>
<arg>AO</arg>
<arg>AQ</arg>
<arg>AR</arg>
<arg>AS</arg>
<arg>AT</arg>
<arg>AU</arg>
<arg>AW</arg>
<arg>AX</arg>
<arg>AZ</arg>
<arg>BA</arg>
<arg>BB</arg>
<arg>BD</arg>
<arg>BE</arg>
<arg>BF</arg>
<arg>BG</arg>
<arg>BH</arg>
<arg>BI</arg>
<arg>BJ</arg>
<arg>BL</arg>
<arg>BM</arg>
<arg>BN</arg>
<arg>BO</arg>
<arg>BQ</arg>
<arg>BR</arg>
<arg>BS</arg>
<arg>BT</arg>
<arg>BV</arg>
<arg>BW</arg>
<arg>BY</arg>
<arg>BZ</arg>
<arg>CA</arg>
<arg>CC</arg>
<arg>CD</arg>
<arg>CF</arg>
<arg>CG</arg>
<arg>CH</arg>
<arg>CI</arg>
<arg>CK</arg>
<arg>CL</arg>
<arg>CM</arg>
<arg>CN</arg>
<arg>CO</arg>
<arg>CR</arg>
<arg>CU</arg>
<arg>CV</arg>
<arg>CW</arg>
<arg>CX</arg>
<arg>CY</arg>
<arg>CZ</arg>
<arg>DE</arg>
<arg>DJ</arg>
<arg>DK</arg>
<arg>DM</arg>
<arg>DO</arg>
<arg>DZ</arg>
<arg>EC</arg>
<arg>EE</arg>
<arg>EG</arg>
<arg>EH</arg>
<arg>ER</arg>
<arg>ES</arg>
<arg>ET</arg>
<arg>FI</arg>
<arg>FJ</arg>
<arg>FK</arg>
<arg>FM</arg>
<arg>FO</arg>
<arg>FR</arg>
<arg>GA</arg>
<arg>GB</arg>
<arg>GD</arg>
<arg>GE</arg>
<arg>GF</arg>
<arg>GG</arg>
<arg>GH</arg>
<arg>GI</arg>
<arg>GL</arg>
<arg>GM</arg>
<arg>GN</arg>
<arg>GP</arg>
<arg>GQ</arg>
<arg>GR</arg>
<arg>GS</arg>
<arg>GT</arg>
<arg>GU</arg>
<arg>GW</arg>
<arg>GY</arg>
<arg>HK</arg>
<arg>HM</arg>
<arg>HN</arg>
<arg>HR</arg>
<arg>HT</arg>
<arg>HU</arg>
<arg>ID</arg>
<arg>IE</arg>
<arg>IL</arg>
<arg>IM</arg>
<arg>IN</arg>
<arg>IO</arg>
<arg>IQ</arg>
<arg>IR</arg>
<arg>IS</arg>
<arg>IT</arg>
<arg>JE</arg>
<arg>JM</arg>
<arg>JO</arg>
<arg>JP</arg>
<arg>KE</arg>
<arg>KG</arg>
<arg>KH</arg>
<arg>KI</arg>
<arg>KM</arg>
<arg>KN</arg>
<arg>KP</arg>
<arg>KR</arg>
<arg>KW</arg>
<arg>KY</arg>
<arg>KZ</arg>
<arg>LA</arg>
<arg>LB</arg>
<arg>LC</arg>
<arg>LI</arg>
<arg>LK</arg>
<arg>LR</arg>
<arg>LS</arg>
<arg>LT</arg>
<arg>LU</arg>
<arg>LV</arg>
<arg>LY</arg>
<arg>MA</arg>
<arg>MC</arg>
<arg>MD</arg>
<arg>ME</arg>
<arg>MF</arg>
<arg>MG</arg>
<arg>MH</arg>
<arg>MK</arg>
<arg>ML</arg>
<arg>MM</arg>
<arg>MN</arg>
<arg>MO</arg>
<arg>MP</arg>
<arg>MQ</arg>
<arg>MR</arg>
<arg>MS</arg>
<arg>MT</arg>
<arg>MU</arg>
<arg>MV</arg>
<arg>MW</arg>
<arg>MX</arg>
<arg>MY</arg>
<arg>MZ</arg>
<arg>NA</arg>
<arg>NC</arg>
<arg>NE</arg>
<arg>NF</arg>
<arg>NG</arg>
<arg>NI</arg>
<arg>NL</arg>
<arg>NO</arg>
<arg>NP</arg>
<arg>NR</arg>
<arg>NU</arg>
<arg>NZ</arg>
<arg>OM</arg>
<arg>PA</arg>
<arg>PE</arg>
<arg>PF</arg>
<arg>PG</arg>
<arg>PH</arg>
<arg>PK</arg>
<arg>PL</arg>
<arg>PM</arg>
<arg>PN</arg>
<arg>PR</arg>
<arg>PS</arg>
<arg>PT</arg>
<arg>PW</arg>
<arg>PY</arg>
<arg>QA</arg>
<arg>RE</arg>
<arg>RO</arg>
<arg>RS</arg>
<arg>RU</arg>
<arg>RW</arg>
<arg>SA</arg>
<arg>SB</arg>
<arg>SC</arg>
<arg>SD</arg>
<arg>SE</arg>
<arg>SG</arg>
<arg>SH</arg>
<arg>SI</arg>
<arg>SJ</arg>
<arg>SK</arg>
<arg>SL</arg>
<arg>SM</arg>
<arg>SN</arg>
<arg>SO</arg>
<arg>SR</arg>
<arg>SS</arg>
<arg>ST</arg>
<arg>SV</arg>
<arg>SX</arg>
<arg>SY</arg>
<arg>SZ</arg>
<arg>TC</arg>
<arg>TD</arg>
<arg>TF</arg>
<arg>TG</arg>
<arg>TH</arg>
<arg>TJ</arg>
<arg>TK</arg>
<arg>TL</arg>
<arg>TM</arg>
<arg>TN</arg>
<arg>TO</arg>
<arg>TR</arg>
<arg>TT</arg>
<arg>TV</arg>
<arg>TW</arg>
<arg>TZ</arg>
<arg>UA</arg>
<arg>UG</arg>
<arg>UM</arg>
<arg>US</arg>
<arg>UY</arg>
<arg>UZ</arg>
<arg>VA</arg>
<arg>VC</arg>
<arg>VE</arg>
<arg>VG</arg>
<arg>VI</arg>
<arg>VN</arg>
<arg>VU</arg>
<arg>WF</arg>
<arg>WS</arg>
<arg>XK</arg>
<arg>YE</arg>
<arg>YT</arg>
<arg>ZA</arg>
<arg>ZM</arg>
<arg>ZW</arg>
<doc>Returns a list containing given items.</doc>
<status status="PASS" start="2024-05-16T09:15:20.284049" elapsed="0.000621"/>
</kw>
<kw name="List Should Contain Value" owner="Collections">
<msg time="2024-05-16T09:15:20.285642" level="INFO">False</msg>
<arg>${list_country}</arg>
<arg>${name_country}</arg>
<doc>Fails if the ``value`` is not found from ``list``.</doc>
<status status="PASS" start="2024-05-16T09:15:20.285441" elapsed="0.000237"/>
</kw>
<kw name="Run Keyword If" owner="BuiltIn">
<kw name="Should Be True" owner="BuiltIn">
<arg>${True}</arg>
<doc>Fails if the given condition is not true.</doc>
<status status="PASS" start="2024-05-16T09:15:20.286748" elapsed="0.000147"/>
</kw>
<arg>${json_data["results"][0]["location"]["coordinates"]["latitude"]} &gt;= -90 and ${json_data["results"][0]["location"]["coordinates"]["latitude"]} &lt;= 90</arg>
<arg>Should Be True</arg>
<arg>${True}</arg>
<doc>Runs the given keyword with the given arguments, if ``condition`` is true.</doc>
<status status="PASS" start="2024-05-16T09:15:20.285990" elapsed="0.001033"/>
</kw>
<kw name="Run Keyword If" owner="BuiltIn">
<kw name="Should Be True" owner="BuiltIn">
<arg>${True}</arg>
<doc>Fails if the given condition is not true.</doc>
<status status="PASS" start="2024-05-16T09:15:20.287939" elapsed="0.000241"/>
</kw>
<arg>${json_data["results"][0]["location"]["coordinates"]["longitude"]} &gt;= -180 and ${json_data["results"][0]["location"]["coordinates"]["longitude"]} &lt;= 180</arg>
<arg>Should Be True</arg>
<arg>${True}</arg>
<doc>Runs the given keyword with the given arguments, if ``condition`` is true.</doc>
<status status="PASS" start="2024-05-16T09:15:20.287238" elapsed="0.001069"/>
</kw>
<status status="PASS" start="2024-05-16T09:15:20.182734" elapsed="0.105700"/>
</kw>
<doc>Testa o conteúdo específico dos campos retornados pela API.</doc>
<tag>testeConteudo</tag>
<status status="PASS" start="2024-05-16T09:15:20.182209" elapsed="0.106369"/>
</test>
<status status="PASS" start="2024-05-16T09:15:19.459793" elapsed="0.830701"/>
</suite>
<status status="PASS" start="2024-05-16T09:15:19.446325" elapsed="0.849364"/>
</suite>
<statistics>
<total>
<stat pass="5" fail="0" skip="0">All Tests</stat>
</total>
<tag>
<stat pass="1" fail="0" skip="0">testeConteudo</stat>
<stat pass="1" fail="0" skip="0">testeEstruturaResposta</stat>
<stat pass="1" fail="0" skip="0">testeRequisicaoBasica</stat>
<stat pass="1" fail="0" skip="0">testeTiposDados</stat>
</tag>
<suite>
<stat pass="5" fail="0" skip="0" id="s1" name="Tests">Tests</stat>
<stat pass="5" fail="0" skip="0" id="s1-s1" name="Random-User-Test">Tests.Random-User-Test</stat>
</suite>
</statistics>
<errors>
</errors>
</robot>
