<?xml version="1.0" encoding="UTF-8"?>
<robot generator="Robot 7.0 (Python 3.12.3 on linux)" generated="2024-05-08T16:18:06.019755" rpa="false" schemaversion="5">
<suite id="s1" name="Tests" source="/home/runner/work/DesafioQAItauRogerioJordao/DesafioQAItauRogerioJordao/RamdonUser/tests">
<suite id="s1-s1" name="Random-User-Test" source="/home/runner/work/DesafioQAItauRogerioJordao/DesafioQAItauRogerioJordao/RamdonUser/tests/random-user-test.robot">
<test id="s1-s1-t1" name="Conectar" line="13">
<kw name="Conectar API" owner="random-user-service">
<kw name="Create Session" owner="RequestsLibrary">
<msg time="2024-05-08T16:18:06.405797" level="INFO">Creating Session using : alias=consultarAPI, url=https://randomuser.me/, headers={},                     cookies={}, auth=None, timeout=None, proxies=None, verify=False,                     debug=0 </msg>
<arg>consultarAPI</arg>
<arg>${URL}</arg>
<doc>Create Session: create a HTTP session to a server</doc>
<status status="PASS" start="2024-05-08T16:18:06.405593" elapsed="0.000387"/>
</kw>
<status status="PASS" start="2024-05-08T16:18:06.404570" elapsed="0.001762"/>
</kw>
<status status="PASS" start="2024-05-08T16:18:06.403931" elapsed="0.002594"/>
</test>
<test id="s1-s1-t2" name="Validar retorno 200 e JSON Válido" line="16">
<kw name="Teste de Requisicao Basica" owner="random-user-service">
<kw name="GET On Session" owner="RequestsLibrary">
<msg time="2024-05-08T16:18:06.607283" level="INFO">GET Request : url=https://randomuser.me/api 
 path_url=/api 
 headers={'User-Agent': 'python-requests/2.31.0', 'Accept-Encoding': 'gzip, deflate', 'Accept': '*/*', 'Connection': 'keep-alive'} 
 body=None 
 </msg>
<msg time="2024-05-08T16:18:06.607450" level="INFO">GET Response : url=https://randomuser.me/api 
 status=200, reason=OK 
 headers={'Date': 'Wed, 08 May 2024 16:18:06 GMT', 'Content-Type': 'application/json; charset=utf-8', 'Transfer-Encoding': 'chunked', 'Connection': 'keep-alive', 'X-Powered-By': 'Express', 'Access-Control-Allow-Origin': '*', 'Cache-Control': 'no-cache', 'ETag': 'W/"48e-eiCTreEKcAfoMpCt8kkYwFQKByY"', 'Vary': 'Accept-Encoding', 'Content-Encoding': 'gzip', 'CF-Cache-Status': 'DYNAMIC', 'Report-To': '{"endpoints":[{"url":"https:\\/\\/a.nel.cloudflare.com\\/report\\/v4?s=3hONT%2FZnPpBOk4nJNLJx6OEFegOuYj2mLwWk8hS0apT0tN2qgI7bVQo%2FPibqorzTE1EweZs%2BadCRlWljZaNoss3kav2MIF2quJOVben7cGFLgJzQjNhIAUNuZ551VpVd"}],"group":"cf-nel","max_age":604800}', 'NEL': '{"success_fraction":0,"report_to":"cf-nel","max_age":604800}', 'Server': 'cloudflare', 'CF-RAY': '880ac386ee53700a-IAD', 'alt-svc': 'h3=":443"; ma=86400'} 
 body={"results":[{"gender":"male","name":{"title":"Mr","first":"Mylan","last":"Bourgeois"},"location":{"street":{"number":5879,"name":"Boulevard de la Duchère"},"city":"Le Mans","state":"Eure-et-Loir","country":"France","postcode":27973,"coordinates":{"latitude":"-15.7891","longitude":"-15.9391"},"timezone":{"offset":"-10:00","description":"Hawaii"}},"email":"mylan.bourgeois@example.com","login":{"uuid":"b1192643-ccb2-449e-bbaa-098cd77715de","username":"purplemouse122","password":"pillow","salt":"XUTjpK6U","md5":"0489494f54f83c2aa62de51ffbec8c37","sha1":"569066fb116843ff7c5181cfbe1bb4dbf6a0fa75","sha256":"d87a8ae63fa8359e94736bb66eecab196558ac53c8c9c24a32723c4a9ba217c3"},"dob":{"date":"1976-11-05T02:42:35.137Z","age":47},"registered":{"date":"2013-06-10T08:51:23.374Z","age":10},"phone":"05-44-41-38-93","cell":"06-78-88-92-94","id":{"name":"INSEE","value":"1761001717105 61"},"picture":{"large":"https://randomuser.me/api/portraits/men/77.jpg","medium":"https://randomuser.me/api/portraits/med/men/77.jpg","thumbnail":"https://randomuser.me/api/portraits/thumb/men/77.jpg"},"nat":"FR"}],"info":{"seed":"4865624526f072ec","results":1,"page":1,"version":"1.4"}} 
 </msg>
<msg time="2024-05-08T16:18:06.607533" level="INFO">/opt/hostedtoolcache/Python/3.12.3/x64/lib/python3.12/site-packages/urllib3/connectionpool.py:1103: InsecureRequestWarning: Unverified HTTPS request is being made to host 'randomuser.me'. Adding certificate verification is strongly advised. See: https://urllib3.readthedocs.io/en/latest/advanced-usage.html#tls-warnings
  warnings.warn(</msg>
<msg time="2024-05-08T16:18:06.607685" level="INFO">${response} = &lt;Response [200]&gt;</msg>
<var>${response}</var>
<arg>consultarAPI</arg>
<arg>/api</arg>
<doc>Sends a GET request on a previously created HTTP Session.</doc>
<status status="PASS" start="2024-05-08T16:18:06.409178" elapsed="0.198551"/>
</kw>
<kw name="Should Be Equal As Numbers" owner="BuiltIn">
<msg time="2024-05-08T16:18:06.608736" level="INFO">Argument types are:
&lt;class 'int'&gt;
&lt;class 'str'&gt;</msg>
<arg>${response.status_code}</arg>
<arg>200</arg>
<doc>Fails if objects are unequal after converting them to real numbers.</doc>
<status status="PASS" start="2024-05-08T16:18:06.608242" elapsed="0.000563"/>
</kw>
<kw name="Log" owner="BuiltIn">
<msg time="2024-05-08T16:18:06.609514" level="INFO">200</msg>
<arg>${response.status_code}</arg>
<doc>Logs the given message with the given level.</doc>
<status status="PASS" start="2024-05-08T16:18:06.609158" elapsed="0.000399"/>
</kw>
<kw name="Set Variable" owner="BuiltIn">
<msg time="2024-05-08T16:18:06.610316" level="INFO">${json_data} = {'results': [{'gender': 'male', 'name': {'title': 'Mr', 'first': 'Mylan', 'last': 'Bourgeois'}, 'location': {'street': {'number': 5879, 'name': 'Boulevard de la Duchère'}, 'city': 'Le Mans', 'state': ...</msg>
<var>${json_data}</var>
<arg>${response.json()}</arg>
<doc>Returns the given values which can then be assigned to a variables.</doc>
<status status="PASS" start="2024-05-08T16:18:06.609866" elapsed="0.000479"/>
</kw>
<kw name="Dictionary Should Contain Key" owner="Collections">
<msg time="2024-05-08T16:18:06.610821" level="INFO">False</msg>
<arg>${json_data}</arg>
<arg>results</arg>
<doc>Fails if ``key`` is not found from ``dictionary``.</doc>
<status status="PASS" start="2024-05-08T16:18:06.610654" elapsed="0.000206"/>
</kw>
<status status="PASS" start="2024-05-08T16:18:06.408931" elapsed="0.202187"/>
</kw>
<doc>Testa se a API responde corretamente e retorna um objeto JSON válido.</doc>
<tag>testeRequisicaoBasica</tag>
<status status="PASS" start="2024-05-08T16:18:06.408401" elapsed="0.202907"/>
</test>
<test id="s1-s1-t3" name="Validar estrutura de resposta" line="22">
<kw name="Teste de Estrutura de Resposta" owner="random-user-service">
<kw name="GET On Session" owner="RequestsLibrary">
<msg time="2024-05-08T16:18:06.695018" level="INFO">GET Request : url=https://randomuser.me/api 
 path_url=/api 
 headers={'User-Agent': 'python-requests/2.31.0', 'Accept-Encoding': 'gzip, deflate', 'Accept': '*/*', 'Connection': 'keep-alive'} 
 body=None 
 </msg>
<msg time="2024-05-08T16:18:06.695107" level="INFO">GET Response : url=https://randomuser.me/api 
 status=200, reason=OK 
 headers={'Date': 'Wed, 08 May 2024 16:18:06 GMT', 'Content-Type': 'application/json; charset=utf-8', 'Transfer-Encoding': 'chunked', 'Connection': 'keep-alive', 'X-Powered-By': 'Express', 'Access-Control-Allow-Origin': '*', 'Cache-Control': 'no-cache', 'ETag': 'W/"497-tqqFL57lGHZlzS6JSDYOXAsPThk"', 'Vary': 'Accept-Encoding', 'Content-Encoding': 'gzip', 'CF-Cache-Status': 'DYNAMIC', 'Report-To': '{"endpoints":[{"url":"https:\\/\\/a.nel.cloudflare.com\\/report\\/v4?s=kptLeB4DPdYLXMXdy%2FbNzHyHqtTVwabh7hTCyFSuQT6NH%2BDmG2Pr2DuZp6VjHdv0tyzaKRTOsoX6OZ1FTnlLEgHQtO%2FvKNTPKINplOqWICTX%2FeMpIlZLsirK6F9Hewou"}],"group":"cf-nel","max_age":604800}', 'NEL': '{"success_fraction":0,"report_to":"cf-nel","max_age":604800}', 'Server': 'cloudflare', 'CF-RAY': '880ac3875ec4700a-IAD', 'alt-svc': 'h3=":443"; ma=86400'} 
 body={"results":[{"gender":"male","name":{"title":"Mr","first":"Joshua","last":"Boyd"},"location":{"street":{"number":2245,"name":"Grange Road"},"city":"Newport","state":"Leicestershire","country":"United Kingdom","postcode":"UA9 3EG","coordinates":{"latitude":"-6.8978","longitude":"-122.4348"},"timezone":{"offset":"-3:00","description":"Brazil, Buenos Aires, Georgetown"}},"email":"joshua.boyd@example.com","login":{"uuid":"81533993-4066-4b9c-ae4c-8ace88646f89","username":"crazyrabbit597","password":"techno","salt":"pdzyRMVh","md5":"9fa8330cd446c534d7bc239be672ef80","sha1":"6ff1e49f91ab09222afa7f9ed536f4ae75431460","sha256":"5731595aa88cd1bc42c0042a52b9199d54f207c78e2a319e43330880b9c67da5"},"dob":{"date":"1981-03-20T17:11:50.638Z","age":43},"registered":{"date":"2017-12-10T04:09:45.079Z","age":6},"phone":"019467 29759","cell":"07918 818766","id":{"name":"NINO","value":"TS 10 37 31 Z"},"picture":{"large":"https://randomuser.me/api/portraits/men/87.jpg","medium":"https://randomuser.me/api/portraits/med/men/87.jpg","thumbnail":"https://randomuser.me/api/portraits/thumb/men/87.jpg"},"nat":"GB"}],"info":{"seed":"937d587eea32fb4c","results":1,"page":1,"version":"1.4"}} 
 </msg>
<msg time="2024-05-08T16:18:06.695227" level="INFO">/opt/hostedtoolcache/Python/3.12.3/x64/lib/python3.12/site-packages/urllib3/connectionpool.py:1103: InsecureRequestWarning: Unverified HTTPS request is being made to host 'randomuser.me'. Adding certificate verification is strongly advised. See: https://urllib3.readthedocs.io/en/latest/advanced-usage.html#tls-warnings
  warnings.warn(</msg>
<msg time="2024-05-08T16:18:06.695362" level="INFO">${response} = &lt;Response [200]&gt;</msg>
<var>${response}</var>
<arg>consultarAPI</arg>
<arg>/api</arg>
<doc>Sends a GET request on a previously created HTTP Session.</doc>
<status status="PASS" start="2024-05-08T16:18:06.613932" elapsed="0.081471"/>
</kw>
<kw name="Set Variable" owner="BuiltIn">
<msg time="2024-05-08T16:18:06.696361" level="INFO">${json_data} = {'results': [{'gender': 'male', 'name': {'title': 'Mr', 'first': 'Joshua', 'last': 'Boyd'}, 'location': {'street': {'number': 2245, 'name': 'Grange Road'}, 'city': 'Newport', 'state': 'Leicestershire'...</msg>
<var>${json_data}</var>
<arg>${response.json()}</arg>
<doc>Returns the given values which can then be assigned to a variables.</doc>
<status status="PASS" start="2024-05-08T16:18:06.695859" elapsed="0.000530"/>
</kw>
<kw name="Log" owner="BuiltIn">
<msg time="2024-05-08T16:18:06.696911" level="INFO">{'results': [{'gender': 'male', 'name': {'title': 'Mr', 'first': 'Joshua', 'last': 'Boyd'}, 'location': {'street': {'number': 2245, 'name': 'Grange Road'}, 'city': 'Newport', 'state': 'Leicestershire', 'country': 'United Kingdom', 'postcode': 'UA9 3EG', 'coordinates': {'latitude': '-6.8978', 'longitude': '-122.4348'}, 'timezone': {'offset': '-3:00', 'description': 'Brazil, Buenos Aires, Georgetown'}}, 'email': 'joshua.boyd@example.com', 'login': {'uuid': '81533993-4066-4b9c-ae4c-8ace88646f89', 'username': 'crazyrabbit597', 'password': 'techno', 'salt': 'pdzyRMVh', 'md5': '9fa8330cd446c534d7bc239be672ef80', 'sha1': '6ff1e49f91ab09222afa7f9ed536f4ae75431460', 'sha256': '5731595aa88cd1bc42c0042a52b9199d54f207c78e2a319e43330880b9c67da5'}, 'dob': {'date': '1981-03-20T17:11:50.638Z', 'age': 43}, 'registered': {'date': '2017-12-10T04:09:45.079Z', 'age': 6}, 'phone': '019467 29759', 'cell': '07918 818766', 'id': {'name': 'NINO', 'value': 'TS 10 37 31 Z'}, 'picture': {'large': 'https://randomuser.me/api/portraits/men/87.jpg', 'medium': 'https://randomuser.me/api/portraits/med/men/87.jpg', 'thumbnail': 'https://randomuser.me/api/portraits/thumb/men/87.jpg'}, 'nat': 'GB'}], 'info': {'seed': '937d587eea32fb4c', 'results': 1, 'page': 1, 'version': '1.4'}}</msg>
<arg>${json_data}</arg>
<doc>Logs the given message with the given level.</doc>
<status status="PASS" start="2024-05-08T16:18:06.696731" elapsed="0.000230"/>
</kw>
<kw name="Dictionary Should Contain Key" owner="Collections">
<msg time="2024-05-08T16:18:06.697421" level="INFO">False</msg>
<arg>${json_data}</arg>
<arg>results</arg>
<doc>Fails if ``key`` is not found from ``dictionary``.</doc>
<status status="PASS" start="2024-05-08T16:18:06.697265" elapsed="0.000194"/>
</kw>
<kw name="Should Not Be Empty" owner="BuiltIn">
<msg time="2024-05-08T16:18:06.697884" level="INFO">Length is 2.</msg>
<arg>${json_data}</arg>
<doc>Verifies that the given item is not empty.</doc>
<status status="PASS" start="2024-05-08T16:18:06.697753" elapsed="0.000168"/>
</kw>
<kw name="Create List" owner="BuiltIn">
<msg time="2024-05-08T16:18:06.698512" level="INFO">${expected_keys} = ['gender', 'name', 'location', 'email', 'login']</msg>
<var>${expected_keys}</var>
<arg>gender</arg>
<arg>name</arg>
<arg>location</arg>
<arg>email</arg>
<arg>login</arg>
<doc>Returns a list containing given items.</doc>
<status status="PASS" start="2024-05-08T16:18:06.698204" elapsed="0.000333"/>
</kw>
<for flavor="IN">
<iter>
<kw name="Dictionary Should Contain Key" owner="Collections">
<msg time="2024-05-08T16:18:06.699546" level="INFO">False</msg>
<arg>${json_data['results'][0]}</arg>
<arg>${key}</arg>
<doc>Fails if ``key`` is not found from ``dictionary``.</doc>
<status status="PASS" start="2024-05-08T16:18:06.699147" elapsed="0.000437"/>
</kw>
<kw name="Log" owner="BuiltIn">
<msg time="2024-05-08T16:18:06.700248" level="INFO">{'gender': 'male', 'name': {'title': 'Mr', 'first': 'Joshua', 'last': 'Boyd'}, 'location': {'street': {'number': 2245, 'name': 'Grange Road'}, 'city': 'Newport', 'state': 'Leicestershire', 'country': 'United Kingdom', 'postcode': 'UA9 3EG', 'coordinates': {'latitude': '-6.8978', 'longitude': '-122.4348'}, 'timezone': {'offset': '-3:00', 'description': 'Brazil, Buenos Aires, Georgetown'}}, 'email': 'joshua.boyd@example.com', 'login': {'uuid': '81533993-4066-4b9c-ae4c-8ace88646f89', 'username': 'crazyrabbit597', 'password': 'techno', 'salt': 'pdzyRMVh', 'md5': '9fa8330cd446c534d7bc239be672ef80', 'sha1': '6ff1e49f91ab09222afa7f9ed536f4ae75431460', 'sha256': '5731595aa88cd1bc42c0042a52b9199d54f207c78e2a319e43330880b9c67da5'}, 'dob': {'date': '1981-03-20T17:11:50.638Z', 'age': 43}, 'registered': {'date': '2017-12-10T04:09:45.079Z', 'age': 6}, 'phone': '019467 29759', 'cell': '07918 818766', 'id': {'name': 'NINO', 'value': 'TS 10 37 31 Z'}, 'picture': {'large': 'https://randomuser.me/api/portraits/men/87.jpg', 'medium': 'https://randomuser.me/api/portraits/med/men/87.jpg', 'thumbnail': 'https://randomuser.me/api/portraits/thumb/men/87.jpg'}, 'nat': 'GB'}</msg>
<arg>${json_data['results'][0]}</arg>
<doc>Logs the given message with the given level.</doc>
<status status="PASS" start="2024-05-08T16:18:06.699884" elapsed="0.000413"/>
</kw>
<kw name="Log" owner="BuiltIn">
<msg time="2024-05-08T16:18:06.700754" level="INFO">gender</msg>
<arg>${key}</arg>
<doc>Logs the given message with the given level.</doc>
<status status="PASS" start="2024-05-08T16:18:06.700612" elapsed="0.000179"/>
</kw>
<var name="${key}">gender</var>
<status status="PASS" start="2024-05-08T16:18:06.699019" elapsed="0.001986"/>
</iter>
<iter>
<kw name="Dictionary Should Contain Key" owner="Collections">
<msg time="2024-05-08T16:18:06.701699" level="INFO">False</msg>
<arg>${json_data['results'][0]}</arg>
<arg>${key}</arg>
<doc>Fails if ``key`` is not found from ``dictionary``.</doc>
<status status="PASS" start="2024-05-08T16:18:06.701307" elapsed="0.000429"/>
</kw>
<kw name="Log" owner="BuiltIn">
<msg time="2024-05-08T16:18:06.702426" level="INFO">{'gender': 'male', 'name': {'title': 'Mr', 'first': 'Joshua', 'last': 'Boyd'}, 'location': {'street': {'number': 2245, 'name': 'Grange Road'}, 'city': 'Newport', 'state': 'Leicestershire', 'country': 'United Kingdom', 'postcode': 'UA9 3EG', 'coordinates': {'latitude': '-6.8978', 'longitude': '-122.4348'}, 'timezone': {'offset': '-3:00', 'description': 'Brazil, Buenos Aires, Georgetown'}}, 'email': 'joshua.boyd@example.com', 'login': {'uuid': '81533993-4066-4b9c-ae4c-8ace88646f89', 'username': 'crazyrabbit597', 'password': 'techno', 'salt': 'pdzyRMVh', 'md5': '9fa8330cd446c534d7bc239be672ef80', 'sha1': '6ff1e49f91ab09222afa7f9ed536f4ae75431460', 'sha256': '5731595aa88cd1bc42c0042a52b9199d54f207c78e2a319e43330880b9c67da5'}, 'dob': {'date': '1981-03-20T17:11:50.638Z', 'age': 43}, 'registered': {'date': '2017-12-10T04:09:45.079Z', 'age': 6}, 'phone': '019467 29759', 'cell': '07918 818766', 'id': {'name': 'NINO', 'value': 'TS 10 37 31 Z'}, 'picture': {'large': 'https://randomuser.me/api/portraits/men/87.jpg', 'medium': 'https://randomuser.me/api/portraits/med/men/87.jpg', 'thumbnail': 'https://randomuser.me/api/portraits/thumb/men/87.jpg'}, 'nat': 'GB'}</msg>
<arg>${json_data['results'][0]}</arg>
<doc>Logs the given message with the given level.</doc>
<status status="PASS" start="2024-05-08T16:18:06.702063" elapsed="0.000410"/>
</kw>
<kw name="Log" owner="BuiltIn">
<msg time="2024-05-08T16:18:06.702894" level="INFO">name</msg>
<arg>${key}</arg>
<doc>Logs the given message with the given level.</doc>
<status status="PASS" start="2024-05-08T16:18:06.702768" elapsed="0.000164"/>
</kw>
<var name="${key}">name</var>
<status status="PASS" start="2024-05-08T16:18:06.701194" elapsed="0.001951"/>
</iter>
<iter>
<kw name="Dictionary Should Contain Key" owner="Collections">
<msg time="2024-05-08T16:18:06.703856" level="INFO">False</msg>
<arg>${json_data['results'][0]}</arg>
<arg>${key}</arg>
<doc>Fails if ``key`` is not found from ``dictionary``.</doc>
<status status="PASS" start="2024-05-08T16:18:06.703472" elapsed="0.000431"/>
</kw>
<kw name="Log" owner="BuiltIn">
<msg time="2024-05-08T16:18:06.704555" level="INFO">{'gender': 'male', 'name': {'title': 'Mr', 'first': 'Joshua', 'last': 'Boyd'}, 'location': {'street': {'number': 2245, 'name': 'Grange Road'}, 'city': 'Newport', 'state': 'Leicestershire', 'country': 'United Kingdom', 'postcode': 'UA9 3EG', 'coordinates': {'latitude': '-6.8978', 'longitude': '-122.4348'}, 'timezone': {'offset': '-3:00', 'description': 'Brazil, Buenos Aires, Georgetown'}}, 'email': 'joshua.boyd@example.com', 'login': {'uuid': '81533993-4066-4b9c-ae4c-8ace88646f89', 'username': 'crazyrabbit597', 'password': 'techno', 'salt': 'pdzyRMVh', 'md5': '9fa8330cd446c534d7bc239be672ef80', 'sha1': '6ff1e49f91ab09222afa7f9ed536f4ae75431460', 'sha256': '5731595aa88cd1bc42c0042a52b9199d54f207c78e2a319e43330880b9c67da5'}, 'dob': {'date': '1981-03-20T17:11:50.638Z', 'age': 43}, 'registered': {'date': '2017-12-10T04:09:45.079Z', 'age': 6}, 'phone': '019467 29759', 'cell': '07918 818766', 'id': {'name': 'NINO', 'value': 'TS 10 37 31 Z'}, 'picture': {'large': 'https://randomuser.me/api/portraits/men/87.jpg', 'medium': 'https://randomuser.me/api/portraits/med/men/87.jpg', 'thumbnail': 'https://randomuser.me/api/portraits/thumb/men/87.jpg'}, 'nat': 'GB'}</msg>
<arg>${json_data['results'][0]}</arg>
<doc>Logs the given message with the given level.</doc>
<status status="PASS" start="2024-05-08T16:18:06.704200" elapsed="0.000424"/>
</kw>
<kw name="Log" owner="BuiltIn">
<msg time="2024-05-08T16:18:06.705049" level="INFO">location</msg>
<arg>${key}</arg>
<doc>Logs the given message with the given level.</doc>
<status status="PASS" start="2024-05-08T16:18:06.704925" elapsed="0.000161"/>
</kw>
<var name="${key}">location</var>
<status status="PASS" start="2024-05-08T16:18:06.703359" elapsed="0.001935"/>
</iter>
<iter>
<kw name="Dictionary Should Contain Key" owner="Collections">
<msg time="2024-05-08T16:18:06.705954" level="INFO">False</msg>
<arg>${json_data['results'][0]}</arg>
<arg>${key}</arg>
<doc>Fails if ``key`` is not found from ``dictionary``.</doc>
<status status="PASS" start="2024-05-08T16:18:06.705573" elapsed="0.000418"/>
</kw>
<kw name="Log" owner="BuiltIn">
<msg time="2024-05-08T16:18:06.706650" level="INFO">{'gender': 'male', 'name': {'title': 'Mr', 'first': 'Joshua', 'last': 'Boyd'}, 'location': {'street': {'number': 2245, 'name': 'Grange Road'}, 'city': 'Newport', 'state': 'Leicestershire', 'country': 'United Kingdom', 'postcode': 'UA9 3EG', 'coordinates': {'latitude': '-6.8978', 'longitude': '-122.4348'}, 'timezone': {'offset': '-3:00', 'description': 'Brazil, Buenos Aires, Georgetown'}}, 'email': 'joshua.boyd@example.com', 'login': {'uuid': '81533993-4066-4b9c-ae4c-8ace88646f89', 'username': 'crazyrabbit597', 'password': 'techno', 'salt': 'pdzyRMVh', 'md5': '9fa8330cd446c534d7bc239be672ef80', 'sha1': '6ff1e49f91ab09222afa7f9ed536f4ae75431460', 'sha256': '5731595aa88cd1bc42c0042a52b9199d54f207c78e2a319e43330880b9c67da5'}, 'dob': {'date': '1981-03-20T17:11:50.638Z', 'age': 43}, 'registered': {'date': '2017-12-10T04:09:45.079Z', 'age': 6}, 'phone': '019467 29759', 'cell': '07918 818766', 'id': {'name': 'NINO', 'value': 'TS 10 37 31 Z'}, 'picture': {'large': 'https://randomuser.me/api/portraits/men/87.jpg', 'medium': 'https://randomuser.me/api/portraits/med/men/87.jpg', 'thumbnail': 'https://randomuser.me/api/portraits/thumb/men/87.jpg'}, 'nat': 'GB'}</msg>
<arg>${json_data['results'][0]}</arg>
<doc>Logs the given message with the given level.</doc>
<status status="PASS" start="2024-05-08T16:18:06.706294" elapsed="0.000403"/>
</kw>
<kw name="Log" owner="BuiltIn">
<msg time="2024-05-08T16:18:06.707114" level="INFO">email</msg>
<arg>${key}</arg>
<doc>Logs the given message with the given level.</doc>
<status status="PASS" start="2024-05-08T16:18:06.706988" elapsed="0.000162"/>
</kw>
<var name="${key}">email</var>
<status status="PASS" start="2024-05-08T16:18:06.705464" elapsed="0.001901"/>
</iter>
<iter>
<kw name="Dictionary Should Contain Key" owner="Collections">
<msg time="2024-05-08T16:18:06.708028" level="INFO">False</msg>
<arg>${json_data['results'][0]}</arg>
<arg>${key}</arg>
<doc>Fails if ``key`` is not found from ``dictionary``.</doc>
<status status="PASS" start="2024-05-08T16:18:06.707645" elapsed="0.000419"/>
</kw>
<kw name="Log" owner="BuiltIn">
<msg time="2024-05-08T16:18:06.708754" level="INFO">{'gender': 'male', 'name': {'title': 'Mr', 'first': 'Joshua', 'last': 'Boyd'}, 'location': {'street': {'number': 2245, 'name': 'Grange Road'}, 'city': 'Newport', 'state': 'Leicestershire', 'country': 'United Kingdom', 'postcode': 'UA9 3EG', 'coordinates': {'latitude': '-6.8978', 'longitude': '-122.4348'}, 'timezone': {'offset': '-3:00', 'description': 'Brazil, Buenos Aires, Georgetown'}}, 'email': 'joshua.boyd@example.com', 'login': {'uuid': '81533993-4066-4b9c-ae4c-8ace88646f89', 'username': 'crazyrabbit597', 'password': 'techno', 'salt': 'pdzyRMVh', 'md5': '9fa8330cd446c534d7bc239be672ef80', 'sha1': '6ff1e49f91ab09222afa7f9ed536f4ae75431460', 'sha256': '5731595aa88cd1bc42c0042a52b9199d54f207c78e2a319e43330880b9c67da5'}, 'dob': {'date': '1981-03-20T17:11:50.638Z', 'age': 43}, 'registered': {'date': '2017-12-10T04:09:45.079Z', 'age': 6}, 'phone': '019467 29759', 'cell': '07918 818766', 'id': {'name': 'NINO', 'value': 'TS 10 37 31 Z'}, 'picture': {'large': 'https://randomuser.me/api/portraits/men/87.jpg', 'medium': 'https://randomuser.me/api/portraits/med/men/87.jpg', 'thumbnail': 'https://randomuser.me/api/portraits/thumb/men/87.jpg'}, 'nat': 'GB'}</msg>
<arg>${json_data['results'][0]}</arg>
<doc>Logs the given message with the given level.</doc>
<status status="PASS" start="2024-05-08T16:18:06.708355" elapsed="0.000445"/>
</kw>
<kw name="Log" owner="BuiltIn">
<msg time="2024-05-08T16:18:06.709222" level="INFO">login</msg>
<arg>${key}</arg>
<doc>Logs the given message with the given level.</doc>
<status status="PASS" start="2024-05-08T16:18:06.709098" elapsed="0.000161"/>
</kw>
<var name="${key}">login</var>
<status status="PASS" start="2024-05-08T16:18:06.707536" elapsed="0.001959"/>
</iter>
<var>${key}</var>
<value>@{expected_keys}</value>
<status status="PASS" start="2024-05-08T16:18:06.698806" elapsed="0.010815"/>
</for>
<kw name="Create List" owner="BuiltIn">
<msg time="2024-05-08T16:18:06.709954" level="INFO">${expected_keysTwo} = ['username', 'password']</msg>
<var>${expected_keysTwo}</var>
<arg>username</arg>
<arg>password</arg>
<doc>Returns a list containing given items.</doc>
<status status="PASS" start="2024-05-08T16:18:06.709820" elapsed="0.000157"/>
</kw>
<for flavor="IN">
<iter>
<kw name="Dictionary Should Contain Key" owner="Collections">
<msg time="2024-05-08T16:18:06.710877" level="INFO">False</msg>
<arg>${json_data['results'][0]['login']}</arg>
<arg>${keyTwo}</arg>
<doc>Fails if ``key`` is not found from ``dictionary``.</doc>
<status status="PASS" start="2024-05-08T16:18:06.710481" elapsed="0.000432"/>
</kw>
<kw name="Dictionary Should Contain Key" owner="Collections">
<msg time="2024-05-08T16:18:06.711581" level="INFO">False</msg>
<arg>${json_data['results'][0]['login']}</arg>
<arg>${keyTwo}</arg>
<doc>Fails if ``key`` is not found from ``dictionary``.</doc>
<status status="PASS" start="2024-05-08T16:18:06.711204" elapsed="0.000413"/>
</kw>
<kw name="Log" owner="BuiltIn">
<msg time="2024-05-08T16:18:06.712028" level="INFO">username</msg>
<arg>${keyTwo}</arg>
<doc>Logs the given message with the given level.</doc>
<status status="PASS" start="2024-05-08T16:18:06.711904" elapsed="0.000166"/>
</kw>
<var name="${keyTwo}">username</var>
<status status="PASS" start="2024-05-08T16:18:06.710362" elapsed="0.001919"/>
</iter>
<iter>
<kw name="Dictionary Should Contain Key" owner="Collections">
<msg time="2024-05-08T16:18:06.712995" level="INFO">False</msg>
<arg>${json_data['results'][0]['login']}</arg>
<arg>${keyTwo}</arg>
<doc>Fails if ``key`` is not found from ``dictionary``.</doc>
<status status="PASS" start="2024-05-08T16:18:06.712572" elapsed="0.000459"/>
</kw>
<kw name="Dictionary Should Contain Key" owner="Collections">
<msg time="2024-05-08T16:18:06.713789" level="INFO">False</msg>
<arg>${json_data['results'][0]['login']}</arg>
<arg>${keyTwo}</arg>
<doc>Fails if ``key`` is not found from ``dictionary``.</doc>
<status status="PASS" start="2024-05-08T16:18:06.713325" elapsed="0.000502"/>
</kw>
<kw name="Log" owner="BuiltIn">
<msg time="2024-05-08T16:18:06.714251" level="INFO">password</msg>
<arg>${keyTwo}</arg>
<doc>Logs the given message with the given level.</doc>
<status status="PASS" start="2024-05-08T16:18:06.714123" elapsed="0.000166"/>
</kw>
<var name="${keyTwo}">password</var>
<status status="PASS" start="2024-05-08T16:18:06.712459" elapsed="0.002048"/>
</iter>
<var>${keyTwo}</var>
<value>@{expected_keysTwo}</value>
<status status="PASS" start="2024-05-08T16:18:06.710209" elapsed="0.004432"/>
</for>
<status status="PASS" start="2024-05-08T16:18:06.613689" elapsed="0.101101"/>
</kw>
<doc>Testa a estrutura da resposta da API.</doc>
<tag>testeEstruturaResposta</tag>
<status status="PASS" start="2024-05-08T16:18:06.613190" elapsed="0.101754"/>
</test>
<test id="s1-s1-t4" name="Validar tipos de dados" line="28">
<kw name="Teste de Tipos de Dados" owner="random-user-service">
<kw name="GET On Session" owner="RequestsLibrary">
<msg time="2024-05-08T16:18:06.814271" level="INFO">GET Request : url=https://randomuser.me/api 
 path_url=/api 
 headers={'User-Agent': 'python-requests/2.31.0', 'Accept-Encoding': 'gzip, deflate', 'Accept': '*/*', 'Connection': 'keep-alive'} 
 body=None 
 </msg>
<msg time="2024-05-08T16:18:06.814372" level="INFO">GET Response : url=https://randomuser.me/api 
 status=200, reason=OK 
 headers={'Date': 'Wed, 08 May 2024 16:18:06 GMT', 'Content-Type': 'application/json; charset=utf-8', 'Transfer-Encoding': 'chunked', 'Connection': 'keep-alive', 'X-Powered-By': 'Express', 'Access-Control-Allow-Origin': '*', 'Cache-Control': 'no-cache', 'ETag': 'W/"478-fRg3a0R/FQGprnSWJj8y7VmJCXA"', 'Vary': 'Accept-Encoding', 'Content-Encoding': 'gzip', 'CF-Cache-Status': 'DYNAMIC', 'Report-To': '{"endpoints":[{"url":"https:\\/\\/a.nel.cloudflare.com\\/report\\/v4?s=FNeN1%2FGPAbCMv%2Bf2v%2BWdmCZKSNwkNH5V1PW1XvSqDmgpwPVb%2FDDOsg3QBxtJafg2XW6owCCJh02tM%2FIqVjTxj4h6HEc%2FXzA1wIWW1QamtI3WpziCHLcnaeN2LL3uxky0"}],"group":"cf-nel","max_age":604800}', 'NEL': '{"success_fraction":0,"report_to":"cf-nel","max_age":604800}', 'Server': 'cloudflare', 'CF-RAY': '880ac387ff97700a-IAD', 'alt-svc': 'h3=":443"; ma=86400'} 
 body={"results":[{"gender":"male","name":{"title":"Mr","first":"Diego","last":"Gil"},"location":{"street":{"number":9773,"name":"Calle Nebrija"},"city":"Palma de Mallorca","state":"Melilla","country":"Spain","postcode":99356,"coordinates":{"latitude":"-34.0714","longitude":"-148.6042"},"timezone":{"offset":"+2:00","description":"Kaliningrad, South Africa"}},"email":"diego.gil@example.com","login":{"uuid":"458feacf-acb9-48e7-a716-68815453777c","username":"bigkoala447","password":"hjkl","salt":"NWRLF5Eh","md5":"d11e31be2d4f8e3131b41313e2da8df7","sha1":"49866707799d5c711be620deba6970e8ff2f4b7c","sha256":"cd88a7050bfbea8480f0defbcc7ca44a02c7b892f9e6dfbfcda49fb3bb9c90e6"},"dob":{"date":"1976-03-22T01:05:36.330Z","age":48},"registered":{"date":"2012-07-22T17:59:56.555Z","age":11},"phone":"932-324-447","cell":"617-091-421","id":{"name":"DNI","value":"49340081-K"},"picture":{"large":"https://randomuser.me/api/portraits/men/9.jpg","medium":"https://randomuser.me/api/portraits/med/men/9.jpg","thumbnail":"https://randomuser.me/api/portraits/thumb/men/9.jpg"},"nat":"ES"}],"info":{"seed":"25462ae78b55efaf","results":1,"page":1,"version":"1.4"}} 
 </msg>
<msg time="2024-05-08T16:18:06.814446" level="INFO">/opt/hostedtoolcache/Python/3.12.3/x64/lib/python3.12/site-packages/urllib3/connectionpool.py:1103: InsecureRequestWarning: Unverified HTTPS request is being made to host 'randomuser.me'. Adding certificate verification is strongly advised. See: https://urllib3.readthedocs.io/en/latest/advanced-usage.html#tls-warnings
  warnings.warn(</msg>
<msg time="2024-05-08T16:18:06.814598" level="INFO">${response} = &lt;Response [200]&gt;</msg>
<var>${response}</var>
<arg>consultarAPI</arg>
<arg>/api</arg>
<doc>Sends a GET request on a previously created HTTP Session.</doc>
<status status="PASS" start="2024-05-08T16:18:06.717439" elapsed="0.097209"/>
</kw>
<kw name="Set Variable" owner="BuiltIn">
<msg time="2024-05-08T16:18:06.815641" level="INFO">${json_data} = {'results': [{'gender': 'male', 'name': {'title': 'Mr', 'first': 'Diego', 'last': 'Gil'}, 'location': {'street': {'number': 9773, 'name': 'Calle Nebrija'}, 'city': 'Palma de Mallorca', 'state': 'Melil...</msg>
<var>${json_data}</var>
<arg>${response.json()}</arg>
<doc>Returns the given values which can then be assigned to a variables.</doc>
<status status="PASS" start="2024-05-08T16:18:06.815136" elapsed="0.000534"/>
</kw>
<kw name="Log" owner="BuiltIn">
<msg time="2024-05-08T16:18:06.816128" level="INFO">{'results': [{'gender': 'male', 'name': {'title': 'Mr', 'first': 'Diego', 'last': 'Gil'}, 'location': {'street': {'number': 9773, 'name': 'Calle Nebrija'}, 'city': 'Palma de Mallorca', 'state': 'Melilla', 'country': 'Spain', 'postcode': 99356, 'coordinates': {'latitude': '-34.0714', 'longitude': '-148.6042'}, 'timezone': {'offset': '+2:00', 'description': 'Kaliningrad, South Africa'}}, 'email': 'diego.gil@example.com', 'login': {'uuid': '458feacf-acb9-48e7-a716-68815453777c', 'username': 'bigkoala447', 'password': 'hjkl', 'salt': 'NWRLF5Eh', 'md5': 'd11e31be2d4f8e3131b41313e2da8df7', 'sha1': '49866707799d5c711be620deba6970e8ff2f4b7c', 'sha256': 'cd88a7050bfbea8480f0defbcc7ca44a02c7b892f9e6dfbfcda49fb3bb9c90e6'}, 'dob': {'date': '1976-03-22T01:05:36.330Z', 'age': 48}, 'registered': {'date': '2012-07-22T17:59:56.555Z', 'age': 11}, 'phone': '932-324-447', 'cell': '617-091-421', 'id': {'name': 'DNI', 'value': '49340081-K'}, 'picture': {'large': 'https://randomuser.me/api/portraits/men/9.jpg', 'medium': 'https://randomuser.me/api/portraits/med/men/9.jpg', 'thumbnail': 'https://randomuser.me/api/portraits/thumb/men/9.jpg'}, 'nat': 'ES'}], 'info': {'seed': '25462ae78b55efaf', 'results': 1, 'page': 1, 'version': '1.4'}}</msg>
<arg>${json_data}</arg>
<doc>Logs the given message with the given level.</doc>
<status status="PASS" start="2024-05-08T16:18:06.815975" elapsed="0.000234"/>
</kw>
<kw name="Should Be String" owner="String">
<arg>${json_data['results'][0]['gender']}</arg>
<doc>Fails if the given ``item`` is not a string.</doc>
<status status="PASS" start="2024-05-08T16:18:06.816505" elapsed="0.000411"/>
</kw>
<kw name="Should Match Regexp" owner="BuiltIn">
<arg>${json_data['results'][0]['email']}</arg>
<arg>^[a-zA-Z0-9._%+-]+@[a-zA-Z0-9.-]+\.[a-zA-Z]{2,}$</arg>
<doc>Fails if ``string`` does not match ``pattern`` as a regular expression.</doc>
<status status="PASS" start="2024-05-08T16:18:06.817108" elapsed="0.000511"/>
</kw>
<kw name="Should Match Regexp" owner="BuiltIn">
<arg>${json_data['results'][0]['dob']['date']}</arg>
<arg>\\d{4}-\\d{2}-\\d{2}T\\d{2}:\\d{2}:\\d{2}\\.\\d{3}Z</arg>
<doc>Fails if ``string`` does not match ``pattern`` as a regular expression.</doc>
<status status="PASS" start="2024-05-08T16:18:06.817813" elapsed="0.000494"/>
</kw>
<kw name="Should Match Regexp" owner="BuiltIn">
<arg>${json_data['results'][0]['registered']['date']}</arg>
<arg>\\d{4}-\\d{2}-\\d{2}T\\d{2}:\\d{2}:\\d{2}\\.\\d{3}Z</arg>
<doc>Fails if ``string`` does not match ``pattern`` as a regular expression.</doc>
<status status="PASS" start="2024-05-08T16:18:06.818498" elapsed="0.000364"/>
</kw>
<kw name="Should Match Regexp" owner="BuiltIn">
<arg>${json_data['results'][0]['picture']['large']}</arg>
<arg>^https?://.*\.(?:png|jpe?g|gif|bmp)$</arg>
<doc>Fails if ``string`` does not match ``pattern`` as a regular expression.</doc>
<status status="PASS" start="2024-05-08T16:18:06.819046" elapsed="0.000460"/>
</kw>
<kw name="Should Match Regexp" owner="BuiltIn">
<arg>${json_data['results'][0]['picture']['medium']}</arg>
<arg>^https?://.*\.(?:png|jpe?g|gif|bmp)$</arg>
<doc>Fails if ``string`` does not match ``pattern`` as a regular expression.</doc>
<status status="PASS" start="2024-05-08T16:18:06.819690" elapsed="0.000349"/>
</kw>
<kw name="Should Match Regexp" owner="BuiltIn">
<arg>${json_data['results'][0]['picture']['thumbnail']}</arg>
<arg>^https?://.*\.(?:png|jpe?g|gif|bmp)$</arg>
<doc>Fails if ``string`` does not match ``pattern`` as a regular expression.</doc>
<status status="PASS" start="2024-05-08T16:18:06.820226" elapsed="0.000359"/>
</kw>
<kw name="Log" owner="BuiltIn">
<msg time="2024-05-08T16:18:06.821132" level="INFO">{'large': 'https://randomuser.me/api/portraits/men/9.jpg', 'medium': 'https://randomuser.me/api/portraits/med/men/9.jpg', 'thumbnail': 'https://randomuser.me/api/portraits/thumb/men/9.jpg'}</msg>
<arg>${json_data['results'][0]['picture']}</arg>
<doc>Logs the given message with the given level.</doc>
<status status="PASS" start="2024-05-08T16:18:06.820796" elapsed="0.000377"/>
</kw>
<status status="PASS" start="2024-05-08T16:18:06.717211" elapsed="0.104218"/>
</kw>
<kw name="Teste de Tipos de Dados - Postcode" owner="random-user-service">
<kw name="GET On Session" owner="RequestsLibrary">
<msg time="2024-05-08T16:18:06.886779" level="INFO">GET Request : url=https://randomuser.me/api 
 path_url=/api 
 headers={'User-Agent': 'python-requests/2.31.0', 'Accept-Encoding': 'gzip, deflate', 'Accept': '*/*', 'Connection': 'keep-alive'} 
 body=None 
 </msg>
<msg time="2024-05-08T16:18:06.886870" level="INFO">GET Response : url=https://randomuser.me/api 
 status=200, reason=OK 
 headers={'Date': 'Wed, 08 May 2024 16:18:06 GMT', 'Content-Type': 'application/json; charset=utf-8', 'Transfer-Encoding': 'chunked', 'Connection': 'keep-alive', 'X-Powered-By': 'Express', 'Access-Control-Allow-Origin': '*', 'Cache-Control': 'no-cache', 'ETag': 'W/"48e-ePzBCz6DJynMvQOxGbVBMa8nz18"', 'Vary': 'Accept-Encoding', 'Content-Encoding': 'gzip', 'CF-Cache-Status': 'DYNAMIC', 'Report-To': '{"endpoints":[{"url":"https:\\/\\/a.nel.cloudflare.com\\/report\\/v4?s=u8Bf8Mrj3Bl%2BjVP2XNuIa4tigkwZzW9IRSST%2FMKt8I%2BH3W2p61az0dK5myaBazxi%2Fx6DyxhoxqnPhCHGeNbcCPwwJmdSYgJakukWevaFF9aFAMpqFJoHSPMNCY%2ByqR2Z"}],"group":"cf-nel","max_age":604800}', 'NEL': '{"success_fraction":0,"report_to":"cf-nel","max_age":604800}', 'Server': 'cloudflare', 'CF-RAY': '880ac388a853700a-IAD', 'alt-svc': 'h3=":443"; ma=86400'} 
 body={"results":[{"gender":"male","name":{"title":"Mr","first":"Cecil","last":"Steeves "},"location":{"street":{"number":7646,"name":"Railroad St"},"city":"Charleston","state":"Illinois","country":"United States","postcode":32979,"coordinates":{"latitude":"88.2965","longitude":"-3.8109"},"timezone":{"offset":"+2:00","description":"Kaliningrad, South Africa"}},"email":"cecil.steeves@example.com","login":{"uuid":"2d8ca244-9081-435b-adce-3fb477baee50","username":"silvertiger317","password":"stonecol","salt":"KaHepwRQ","md5":"6f12d86337a3a1689b36a6000479d50e","sha1":"981b375f7ba4021a9f84d2ae8fc0f2bee9f0f2ca","sha256":"f83de624af3f86f7a7c698e4c973125f9ab5faebfd21b701326682a276c328a0"},"dob":{"date":"1999-05-22T07:05:23.377Z","age":24},"registered":{"date":"2017-01-17T13:52:26.281Z","age":7},"phone":"(547) 789-3034","cell":"(972) 690-3634","id":{"name":"SSN","value":"239-92-8783"},"picture":{"large":"https://randomuser.me/api/portraits/men/30.jpg","medium":"https://randomuser.me/api/portraits/med/men/30.jpg","thumbnail":"https://randomuser.me/api/portraits/thumb/men/30.jpg"},"nat":"US"}],"info":{"seed":"09ba57fcbe43a3de","results":1,"page":1,"version":"1.4"}} 
 </msg>
<msg time="2024-05-08T16:18:06.886945" level="INFO">/opt/hostedtoolcache/Python/3.12.3/x64/lib/python3.12/site-packages/urllib3/connectionpool.py:1103: InsecureRequestWarning: Unverified HTTPS request is being made to host 'randomuser.me'. Adding certificate verification is strongly advised. See: https://urllib3.readthedocs.io/en/latest/advanced-usage.html#tls-warnings
  warnings.warn(</msg>
<msg time="2024-05-08T16:18:06.887057" level="INFO">${response} = &lt;Response [200]&gt;</msg>
<var>${response}</var>
<arg>consultarAPI</arg>
<arg>/api</arg>
<doc>Sends a GET request on a previously created HTTP Session.</doc>
<status status="PASS" start="2024-05-08T16:18:06.821879" elapsed="0.065209"/>
</kw>
<kw name="Set Variable" owner="BuiltIn">
<msg time="2024-05-08T16:18:06.887963" level="INFO">${json_data} = {'results': [{'gender': 'male', 'name': {'title': 'Mr', 'first': 'Cecil', 'last': 'Steeves '}, 'location': {'street': {'number': 7646, 'name': 'Railroad St'}, 'city': 'Charleston', 'state': 'Illinois'...</msg>
<var>${json_data}</var>
<arg>${response.json()}</arg>
<doc>Returns the given values which can then be assigned to a variables.</doc>
<status status="PASS" start="2024-05-08T16:18:06.887509" elapsed="0.000481"/>
</kw>
<kw name="Log" owner="BuiltIn">
<msg time="2024-05-08T16:18:06.888446" level="INFO">{'results': [{'gender': 'male', 'name': {'title': 'Mr', 'first': 'Cecil', 'last': 'Steeves '}, 'location': {'street': {'number': 7646, 'name': 'Railroad St'}, 'city': 'Charleston', 'state': 'Illinois', 'country': 'United States', 'postcode': 32979, 'coordinates': {'latitude': '88.2965', 'longitude': '-3.8109'}, 'timezone': {'offset': '+2:00', 'description': 'Kaliningrad, South Africa'}}, 'email': 'cecil.steeves@example.com', 'login': {'uuid': '2d8ca244-9081-435b-adce-3fb477baee50', 'username': 'silvertiger317', 'password': 'stonecol', 'salt': 'KaHepwRQ', 'md5': '6f12d86337a3a1689b36a6000479d50e', 'sha1': '981b375f7ba4021a9f84d2ae8fc0f2bee9f0f2ca', 'sha256': 'f83de624af3f86f7a7c698e4c973125f9ab5faebfd21b701326682a276c328a0'}, 'dob': {'date': '1999-05-22T07:05:23.377Z', 'age': 24}, 'registered': {'date': '2017-01-17T13:52:26.281Z', 'age': 7}, 'phone': '(547) 789-3034', 'cell': '(972) 690-3634', 'id': {'name': 'SSN', 'value': '239-92-8783'}, 'picture': {'large': 'https://randomuser.me/api/portraits/men/30.jpg', 'medium': 'https://randomuser.me/api/portraits/med/men/30.jpg', 'thumbnail': 'https://randomuser.me/api/portraits/thumb/men/30.jpg'}, 'nat': 'US'}], 'info': {'seed': '09ba57fcbe43a3de', 'results': 1, 'page': 1, 'version': '1.4'}}</msg>
<arg>${json_data}</arg>
<doc>Logs the given message with the given level.</doc>
<status status="PASS" start="2024-05-08T16:18:06.888297" elapsed="0.000227"/>
</kw>
<kw name="Should Be Equal As Numbers" owner="BuiltIn">
<arg>${json_data['results'][0]['location']['postcode']}</arg>
<arg>${json_data['results'][0]['location']['postcode']}</arg>
<doc>Fails if objects are unequal after converting them to real numbers.</doc>
<status status="PASS" start="2024-05-08T16:18:06.888878" elapsed="0.000776"/>
</kw>
<kw name="Log" owner="BuiltIn">
<msg time="2024-05-08T16:18:06.890178" level="INFO">32979</msg>
<arg>${json_data['results'][0]['location']['postcode']}</arg>
<doc>Logs the given message with the given level.</doc>
<status status="PASS" start="2024-05-08T16:18:06.889846" elapsed="0.000371"/>
</kw>
<status status="PASS" start="2024-05-08T16:18:06.821651" elapsed="0.068817"/>
</kw>
<doc>Testa se os tipos de dados na resposta da API estão corretos.</doc>
<tag>testeTiposDados</tag>
<status status="PASS" start="2024-05-08T16:18:06.716746" elapsed="0.173886"/>
</test>
<test id="s1-s1-t5" name="Validar conteudo" line="35">
<kw name="Teste de Tipos de Conteudo" owner="random-user-service">
<kw name="GET On Session" owner="RequestsLibrary">
<msg time="2024-05-08T16:18:06.986975" level="INFO">GET Request : url=https://randomuser.me/api 
 path_url=/api 
 headers={'User-Agent': 'python-requests/2.31.0', 'Accept-Encoding': 'gzip, deflate', 'Accept': '*/*', 'Connection': 'keep-alive'} 
 body=None 
 </msg>
<msg time="2024-05-08T16:18:06.987067" level="INFO">GET Response : url=https://randomuser.me/api 
 status=200, reason=OK 
 headers={'Date': 'Wed, 08 May 2024 16:18:06 GMT', 'Content-Type': 'application/json; charset=utf-8', 'Transfer-Encoding': 'chunked', 'Connection': 'keep-alive', 'X-Powered-By': 'Express', 'Access-Control-Allow-Origin': '*', 'Cache-Control': 'no-cache', 'ETag': 'W/"49f-qIbvzN3bAsorYeRYiKY+xjstovQ"', 'Vary': 'Accept-Encoding', 'Content-Encoding': 'gzip', 'CF-Cache-Status': 'DYNAMIC', 'Report-To': '{"endpoints":[{"url":"https:\\/\\/a.nel.cloudflare.com\\/report\\/v4?s=ZogL5VV5cHfEDrf1FbbgJHDxYJgPaw2B%2F3tZnFxB0iQMYXENlMp93ggn2K%2BAHYvXE%2Bkc72WszH3iSQehHftXGzg4WIM5C1zHKoI6bC1IxHvFSQFoduhG9gsaRkofYzYl"}],"group":"cf-nel","max_age":604800}', 'NEL': '{"success_fraction":0,"report_to":"cf-nel","max_age":604800}', 'Server': 'cloudflare', 'CF-RAY': '880ac38918e6700a-IAD', 'alt-svc': 'h3=":443"; ma=86400'} 
 body={"results":[{"gender":"female","name":{"title":"Miss","first":"Alejandra","last":"Romero"},"location":{"street":{"number":4221,"name":"Calle de Segovia"},"city":"Parla","state":"Andalucía","country":"Spain","postcode":96994,"coordinates":{"latitude":"-32.6654","longitude":"114.2526"},"timezone":{"offset":"-6:00","description":"Central Time (US &amp; Canada), Mexico City"}},"email":"alejandra.romero@example.com","login":{"uuid":"0c3369a0-fc19-4f03-9cd4-1dc837649865","username":"crazybird871","password":"sterling","salt":"UfL7dpvY","md5":"a9d0c2f80b2fcf0f3ef63a25497f5257","sha1":"9d5ed33ce9fda73ccdc15c716465a6e3abf5b807","sha256":"f0ecb0681222c68238686205c6aac16293213e6cf139c6599452ad33c1fa304e"},"dob":{"date":"1987-10-30T07:44:11.309Z","age":36},"registered":{"date":"2013-03-24T19:14:34.563Z","age":11},"phone":"944-255-337","cell":"614-231-629","id":{"name":"DNI","value":"62541870-C"},"picture":{"large":"https://randomuser.me/api/portraits/women/18.jpg","medium":"https://randomuser.me/api/portraits/med/women/18.jpg","thumbnail":"https://randomuser.me/api/portraits/thumb/women/18.jpg"},"nat":"ES"}],"info":{"seed":"fc20de681b2fc04a","results":1,"page":1,"version":"1.4"}} 
 </msg>
<msg time="2024-05-08T16:18:06.987149" level="INFO">/opt/hostedtoolcache/Python/3.12.3/x64/lib/python3.12/site-packages/urllib3/connectionpool.py:1103: InsecureRequestWarning: Unverified HTTPS request is being made to host 'randomuser.me'. Adding certificate verification is strongly advised. See: https://urllib3.readthedocs.io/en/latest/advanced-usage.html#tls-warnings
  warnings.warn(</msg>
<msg time="2024-05-08T16:18:06.987251" level="INFO">${response} = &lt;Response [200]&gt;</msg>
<var>${response}</var>
<arg>consultarAPI</arg>
<arg>/api</arg>
<doc>Sends a GET request on a previously created HTTP Session.</doc>
<status status="PASS" start="2024-05-08T16:18:06.893118" elapsed="0.094169"/>
</kw>
<kw name="Set Variable" owner="BuiltIn">
<msg time="2024-05-08T16:18:06.988249" level="INFO">${json_data} = {'results': [{'gender': 'female', 'name': {'title': 'Miss', 'first': 'Alejandra', 'last': 'Romero'}, 'location': {'street': {'number': 4221, 'name': 'Calle de Segovia'}, 'city': 'Parla', 'state': 'And...</msg>
<var>${json_data}</var>
<arg>${response.json()}</arg>
<doc>Returns the given values which can then be assigned to a variables.</doc>
<status status="PASS" start="2024-05-08T16:18:06.987749" elapsed="0.000529"/>
</kw>
<kw name="Set Variable" owner="BuiltIn">
<msg time="2024-05-08T16:18:06.989032" level="INFO">${name_title} = Miss</msg>
<var>${name_title}</var>
<arg>${json_data["results"][0]["name"]["title"]}</arg>
<doc>Returns the given values which can then be assigned to a variables.</doc>
<status status="PASS" start="2024-05-08T16:18:06.988586" elapsed="0.000472"/>
</kw>
<kw name="Create List" owner="BuiltIn">
<msg time="2024-05-08T16:18:06.989514" level="INFO">${allowed_titles} = ['Mr', 'Ms', 'Miss', 'Mrs', 'Madame', 'Monsieur']</msg>
<var>${allowed_titles}</var>
<arg>Mr</arg>
<arg>Ms</arg>
<arg>Miss</arg>
<arg>Mrs</arg>
<arg>Madame</arg>
<arg>Monsieur</arg>
<doc>Returns a list containing given items.</doc>
<status status="PASS" start="2024-05-08T16:18:06.989363" elapsed="0.000176"/>
</kw>
<kw name="List Should Contain Value" owner="Collections">
<msg time="2024-05-08T16:18:06.990014" level="INFO">False</msg>
<arg>${allowed_titles}</arg>
<arg>${name_title}</arg>
<doc>Fails if the ``value`` is not found from ``list``.</doc>
<status status="PASS" start="2024-05-08T16:18:06.989836" elapsed="0.000215"/>
</kw>
<kw name="Set Variable" owner="BuiltIn">
<msg time="2024-05-08T16:18:06.990736" level="INFO">${name_country} = ES</msg>
<var>${name_country}</var>
<arg>${json_data["results"][0]["nat"]}</arg>
<doc>Returns the given values which can then be assigned to a variables.</doc>
<status status="PASS" start="2024-05-08T16:18:06.990348" elapsed="0.000413"/>
</kw>
<kw name="Create List" owner="BuiltIn">
<msg time="2024-05-08T16:18:06.991661" level="INFO">${list_country} = ['AD', 'AE', 'AF', 'AG', 'AI', 'AL', 'AM', 'AO', 'AQ', 'AR', 'AS', 'AT', 'AU', 'AW', 'AX', 'AZ', 'BA', 'BB', 'BD', 'BE', 'BF', 'BG', 'BH', 'BI', 'BJ', 'BL', 'BM', 'BN', 'BO', 'BQ', 'BR', 'BS', 'BT', '...</msg>
<var>${list_country}</var>
<arg>AD</arg>
<arg>AE</arg>
<arg>AF</arg>
<arg>AG</arg>
<arg>AI</arg>
<arg>AL</arg>
<arg>AM</arg>
<arg>AO</arg>
<arg>AQ</arg>
<arg>AR</arg>
<arg>AS</arg>
<arg>AT</arg>
<arg>AU</arg>
<arg>AW</arg>
<arg>AX</arg>
<arg>AZ</arg>
<arg>BA</arg>
<arg>BB</arg>
<arg>BD</arg>
<arg>BE</arg>
<arg>BF</arg>
<arg>BG</arg>
<arg>BH</arg>
<arg>BI</arg>
<arg>BJ</arg>
<arg>BL</arg>
<arg>BM</arg>
<arg>BN</arg>
<arg>BO</arg>
<arg>BQ</arg>
<arg>BR</arg>
<arg>BS</arg>
<arg>BT</arg>
<arg>BV</arg>
<arg>BW</arg>
<arg>BY</arg>
<arg>BZ</arg>
<arg>CA</arg>
<arg>CC</arg>
<arg>CD</arg>
<arg>CF</arg>
<arg>CG</arg>
<arg>CH</arg>
<arg>CI</arg>
<arg>CK</arg>
<arg>CL</arg>
<arg>CM</arg>
<arg>CN</arg>
<arg>CO</arg>
<arg>CR</arg>
<arg>CU</arg>
<arg>CV</arg>
<arg>CW</arg>
<arg>CX</arg>
<arg>CY</arg>
<arg>CZ</arg>
<arg>DE</arg>
<arg>DJ</arg>
<arg>DK</arg>
<arg>DM</arg>
<arg>DO</arg>
<arg>DZ</arg>
<arg>EC</arg>
<arg>EE</arg>
<arg>EG</arg>
<arg>EH</arg>
<arg>ER</arg>
<arg>ES</arg>
<arg>ET</arg>
<arg>FI</arg>
<arg>FJ</arg>
<arg>FK</arg>
<arg>FM</arg>
<arg>FO</arg>
<arg>FR</arg>
<arg>GA</arg>
<arg>GB</arg>
<arg>GD</arg>
<arg>GE</arg>
<arg>GF</arg>
<arg>GG</arg>
<arg>GH</arg>
<arg>GI</arg>
<arg>GL</arg>
<arg>GM</arg>
<arg>GN</arg>
<arg>GP</arg>
<arg>GQ</arg>
<arg>GR</arg>
<arg>GS</arg>
<arg>GT</arg>
<arg>GU</arg>
<arg>GW</arg>
<arg>GY</arg>
<arg>HK</arg>
<arg>HM</arg>
<arg>HN</arg>
<arg>HR</arg>
<arg>HT</arg>
<arg>HU</arg>
<arg>ID</arg>
<arg>IE</arg>
<arg>IL</arg>
<arg>IM</arg>
<arg>IN</arg>
<arg>IO</arg>
<arg>IQ</arg>
<arg>IR</arg>
<arg>IS</arg>
<arg>IT</arg>
<arg>JE</arg>
<arg>JM</arg>
<arg>JO</arg>
<arg>JP</arg>
<arg>KE</arg>
<arg>KG</arg>
<arg>KH</arg>
<arg>KI</arg>
<arg>KM</arg>
<arg>KN</arg>
<arg>KP</arg>
<arg>KR</arg>
<arg>KW</arg>
<arg>KY</arg>
<arg>KZ</arg>
<arg>LA</arg>
<arg>LB</arg>
<arg>LC</arg>
<arg>LI</arg>
<arg>LK</arg>
<arg>LR</arg>
<arg>LS</arg>
<arg>LT</arg>
<arg>LU</arg>
<arg>LV</arg>
<arg>LY</arg>
<arg>MA</arg>
<arg>MC</arg>
<arg>MD</arg>
<arg>ME</arg>
<arg>MF</arg>
<arg>MG</arg>
<arg>MH</arg>
<arg>MK</arg>
<arg>ML</arg>
<arg>MM</arg>
<arg>MN</arg>
<arg>MO</arg>
<arg>MP</arg>
<arg>MQ</arg>
<arg>MR</arg>
<arg>MS</arg>
<arg>MT</arg>
<arg>MU</arg>
<arg>MV</arg>
<arg>MW</arg>
<arg>MX</arg>
<arg>MY</arg>
<arg>MZ</arg>
<arg>NA</arg>
<arg>NC</arg>
<arg>NE</arg>
<arg>NF</arg>
<arg>NG</arg>
<arg>NI</arg>
<arg>NL</arg>
<arg>NO</arg>
<arg>NP</arg>
<arg>NR</arg>
<arg>NU</arg>
<arg>NZ</arg>
<arg>OM</arg>
<arg>PA</arg>
<arg>PE</arg>
<arg>PF</arg>
<arg>PG</arg>
<arg>PH</arg>
<arg>PK</arg>
<arg>PL</arg>
<arg>PM</arg>
<arg>PN</arg>
<arg>PR</arg>
<arg>PS</arg>
<arg>PT</arg>
<arg>PW</arg>
<arg>PY</arg>
<arg>QA</arg>
<arg>RE</arg>
<arg>RO</arg>
<arg>RS</arg>
<arg>RU</arg>
<arg>RW</arg>
<arg>SA</arg>
<arg>SB</arg>
<arg>SC</arg>
<arg>SD</arg>
<arg>SE</arg>
<arg>SG</arg>
<arg>SH</arg>
<arg>SI</arg>
<arg>SJ</arg>
<arg>SK</arg>
<arg>SL</arg>
<arg>SM</arg>
<arg>SN</arg>
<arg>SO</arg>
<arg>SR</arg>
<arg>SS</arg>
<arg>ST</arg>
<arg>SV</arg>
<arg>SX</arg>
<arg>SY</arg>
<arg>SZ</arg>
<arg>TC</arg>
<arg>TD</arg>
<arg>TF</arg>
<arg>TG</arg>
<arg>TH</arg>
<arg>TJ</arg>
<arg>TK</arg>
<arg>TL</arg>
<arg>TM</arg>
<arg>TN</arg>
<arg>TO</arg>
<arg>TR</arg>
<arg>TT</arg>
<arg>TV</arg>
<arg>TW</arg>
<arg>TZ</arg>
<arg>UA</arg>
<arg>UG</arg>
<arg>UM</arg>
<arg>US</arg>
<arg>UY</arg>
<arg>UZ</arg>
<arg>VA</arg>
<arg>VC</arg>
<arg>VE</arg>
<arg>VG</arg>
<arg>VI</arg>
<arg>VN</arg>
<arg>VU</arg>
<arg>WF</arg>
<arg>WS</arg>
<arg>XK</arg>
<arg>YE</arg>
<arg>YT</arg>
<arg>ZA</arg>
<arg>ZM</arg>
<arg>ZW</arg>
<doc>Returns a list containing given items.</doc>
<status status="PASS" start="2024-05-08T16:18:06.991062" elapsed="0.000625"/>
</kw>
<kw name="List Should Contain Value" owner="Collections">
<msg time="2024-05-08T16:18:06.992707" level="INFO">False</msg>
<arg>${list_country}</arg>
<arg>${name_country}</arg>
<doc>Fails if the ``value`` is not found from ``list``.</doc>
<status status="PASS" start="2024-05-08T16:18:06.992480" elapsed="0.000265"/>
</kw>
<kw name="Run Keyword If" owner="BuiltIn">
<kw name="Should Be True" owner="BuiltIn">
<arg>${True}</arg>
<doc>Fails if the given condition is not true.</doc>
<status status="PASS" start="2024-05-08T16:18:06.993837" elapsed="0.000147"/>
</kw>
<arg>${json_data["results"][0]["location"]["coordinates"]["latitude"]} &gt;= -90 and ${json_data["results"][0]["location"]["coordinates"]["latitude"]} &lt;= 90</arg>
<arg>Should Be True</arg>
<arg>${True}</arg>
<doc>Runs the given keyword with the given arguments, if ``condition`` is true.</doc>
<status status="PASS" start="2024-05-08T16:18:06.993072" elapsed="0.001040"/>
</kw>
<kw name="Run Keyword If" owner="BuiltIn">
<kw name="Should Be True" owner="BuiltIn">
<arg>${True}</arg>
<doc>Fails if the given condition is not true.</doc>
<status status="PASS" start="2024-05-08T16:18:06.995003" elapsed="0.000256"/>
</kw>
<arg>${json_data["results"][0]["location"]["coordinates"]["longitude"]} &gt;= -180 and ${json_data["results"][0]["location"]["coordinates"]["longitude"]} &lt;= 180</arg>
<arg>Should Be True</arg>
<arg>${True}</arg>
<doc>Runs the given keyword with the given arguments, if ``condition`` is true.</doc>
<status status="PASS" start="2024-05-08T16:18:06.994303" elapsed="0.001083"/>
</kw>
<status status="PASS" start="2024-05-08T16:18:06.892892" elapsed="0.102627"/>
</kw>
<doc>Testa o conteúdo específico dos campos retornados pela API.</doc>
<tag>testeConteudo</tag>
<status status="PASS" start="2024-05-08T16:18:06.892416" elapsed="0.103258"/>
</test>
<status status="PASS" start="2024-05-08T16:18:06.088295" elapsed="0.909386"/>
</suite>
<status status="PASS" start="2024-05-08T16:18:06.074600" elapsed="0.928213"/>
</suite>
<statistics>
<total>
<stat pass="5" fail="0" skip="0">All Tests</stat>
</total>
<tag>
<stat pass="1" fail="0" skip="0">testeConteudo</stat>
<stat pass="1" fail="0" skip="0">testeEstruturaResposta</stat>
<stat pass="1" fail="0" skip="0">testeRequisicaoBasica</stat>
<stat pass="1" fail="0" skip="0">testeTiposDados</stat>
</tag>
<suite>
<stat pass="5" fail="0" skip="0" id="s1" name="Tests">Tests</stat>
<stat pass="5" fail="0" skip="0" id="s1-s1" name="Random-User-Test">Tests.Random-User-Test</stat>
</suite>
</statistics>
<errors>
</errors>
</robot>
