<?xml version="1.0" encoding="UTF-8"?>
<robot generator="Robot 7.0.1 (Python 3.12.4 on linux)" generated="2024-08-04T04:19:09.486592" rpa="false" schemaversion="5">
<suite id="s1" name="Tests" source="/home/runner/work/ApiRandomUser/ApiRandomUser/RamdonUser/tests">
<suite id="s1-s1" name="Random-User-Test" source="/home/runner/work/ApiRandomUser/ApiRandomUser/RamdonUser/tests/random-user-test.robot">
<test id="s1-s1-t1" name="Conectar" line="13">
<kw name="Conectar API" owner="random-user-service">
<kw name="Create Session" owner="RequestsLibrary">
<msg time="2024-08-04T04:19:09.878406" level="INFO">Creating Session using : alias=consultarAPI, url=https://randomuser.me/, headers={},                     cookies={}, auth=None, timeout=None, proxies=None, verify=False,                     debug=0 </msg>
<arg>consultarAPI</arg>
<arg>${URL}</arg>
<doc>Create Session: create a HTTP session to a server</doc>
<status status="PASS" start="2024-08-04T04:19:09.878208" elapsed="0.000374"/>
</kw>
<status status="PASS" start="2024-08-04T04:19:09.877191" elapsed="0.001745"/>
</kw>
<status status="PASS" start="2024-08-04T04:19:09.876596" elapsed="0.002532"/>
</test>
<test id="s1-s1-t2" name="Validar retorno 200 e JSON Válido" line="16">
<kw name="Teste de Requisicao Basica" owner="random-user-service">
<kw name="GET On Session" owner="RequestsLibrary">
<msg time="2024-08-04T04:19:10.178032" level="INFO">GET Request : url=https://randomuser.me/api 
 path_url=/api 
 headers={'User-Agent': 'python-requests/2.32.3', 'Accept-Encoding': 'gzip, deflate', 'Accept': '*/*', 'Connection': 'keep-alive'} 
 body=None 
 </msg>
<msg time="2024-08-04T04:19:10.178182" level="INFO">GET Response : url=https://randomuser.me/api 
 status=200, reason=OK 
 headers={'Date': 'Sun, 04 Aug 2024 04:19:10 GMT', 'Content-Type': 'application/json; charset=utf-8', 'Transfer-Encoding': 'chunked', 'Connection': 'keep-alive', 'X-Powered-By': 'Express', 'Access-Control-Allow-Origin': '*', 'Cache-Control': 'no-cache', 'ETag': 'W/"46e-mf/ocKDuj3c+BhpZeJ0JBTD1DTM"', 'Vary': 'Accept-Encoding', 'Content-Encoding': 'gzip', 'CF-Cache-Status': 'DYNAMIC', 'Report-To': '{"endpoints":[{"url":"https:\\/\\/a.nel.cloudflare.com\\/report\\/v4?s=tN84O5GhcQ6RxqA1AmhjseLuWoDUySyI3COb7rJ%2BkwGrKyW%2Fv6OXB9MR%2FcLqAIpU9krRpW14%2BunVesjp2J09CKKraSo85RdOBW3pGLRonxwKq9EqSynU3jEmXJn7dy0s"}],"group":"cf-nel","max_age":604800}', 'NEL': '{"success_fraction":0,"report_to":"cf-nel","max_age":604800}', 'Server': 'cloudflare', 'CF-RAY': '8adbbf640e8d0fbc-LAX', 'alt-svc': 'h3=":443"; ma=86400'} 
 body={"results":[{"gender":"female","name":{"title":"Ms","first":"Laura","last":"Nielsen"},"location":{"street":{"number":1633,"name":"Lillevangsvej"},"city":"Lintrup","state":"Sjælland","country":"Denmark","postcode":30624,"coordinates":{"latitude":"-43.6304","longitude":"170.2347"},"timezone":{"offset":"-9:00","description":"Alaska"}},"email":"laura.nielsen@example.com","login":{"uuid":"8ad1277b-348d-4802-b2de-b87c85f0828d","username":"tinypanda603","password":"smoke1","salt":"rGZIciBi","md5":"1722ba9143888a307d195f10c38a58fb","sha1":"bf61b7459a87f37e3aa489790e832464388ab37e","sha256":"e357db8f4cba7eb5d63256bf6456c0ec6c26462f54a3c984861e7ef48079be72"},"dob":{"date":"1970-03-21T06:42:03.690Z","age":54},"registered":{"date":"2017-06-30T08:27:10.567Z","age":7},"phone":"39051589","cell":"16992948","id":{"name":"CPR","value":"210370-6090"},"picture":{"large":"https://randomuser.me/api/portraits/women/52.jpg","medium":"https://randomuser.me/api/portraits/med/women/52.jpg","thumbnail":"https://randomuser.me/api/portraits/thumb/women/52.jpg"},"nat":"DK"}],"info":{"seed":"b987a53141d85b7a","results":1,"page":1,"version":"1.4"}} 
 </msg>
<msg time="2024-08-04T04:19:10.178261" level="INFO">/opt/hostedtoolcache/Python/3.12.4/x64/lib/python3.12/site-packages/urllib3/connectionpool.py:1099: InsecureRequestWarning: Unverified HTTPS request is being made to host 'randomuser.me'. Adding certificate verification is strongly advised. See: https://urllib3.readthedocs.io/en/latest/advanced-usage.html#tls-warnings
  warnings.warn(</msg>
<msg time="2024-08-04T04:19:10.178395" level="INFO">${response} = &lt;Response [200]&gt;</msg>
<var>${response}</var>
<arg>consultarAPI</arg>
<arg>/api</arg>
<doc>Sends a GET request on a previously created HTTP Session.</doc>
<status status="PASS" start="2024-08-04T04:19:09.881767" elapsed="0.296671"/>
</kw>
<kw name="Should Be Equal As Numbers" owner="BuiltIn">
<msg time="2024-08-04T04:19:10.179420" level="INFO">Argument types are:
&lt;class 'int'&gt;
&lt;class 'str'&gt;</msg>
<arg>${response.status_code}</arg>
<arg>200</arg>
<doc>Fails if objects are unequal after converting them to real numbers.</doc>
<status status="PASS" start="2024-08-04T04:19:10.178965" elapsed="0.000519"/>
</kw>
<kw name="Log" owner="BuiltIn">
<msg time="2024-08-04T04:19:10.180133" level="INFO">200</msg>
<arg>${response.status_code}</arg>
<doc>Logs the given message with the given level.</doc>
<status status="PASS" start="2024-08-04T04:19:10.179792" elapsed="0.000382"/>
</kw>
<kw name="Set Variable" owner="BuiltIn">
<msg time="2024-08-04T04:19:10.180982" level="INFO">${json_data} = {'results': [{'gender': 'female', 'name': {'title': 'Ms', 'first': 'Laura', 'last': 'Nielsen'}, 'location': {'street': {'number': 1633, 'name': 'Lillevangsvej'}, 'city': 'Lintrup', 'state': 'Sjælland'...</msg>
<var>${json_data}</var>
<arg>${response.json()}</arg>
<doc>Returns the given values which can then be assigned to a variables.</doc>
<status status="PASS" start="2024-08-04T04:19:10.180534" elapsed="0.000477"/>
</kw>
<kw name="Dictionary Should Contain Key" owner="Collections">
<arg>${json_data}</arg>
<arg>results</arg>
<doc>Fails if ``key`` is not found from ``dictionary``.</doc>
<status status="PASS" start="2024-08-04T04:19:10.181328" elapsed="0.000330"/>
</kw>
<status status="PASS" start="2024-08-04T04:19:09.881525" elapsed="0.300285"/>
</kw>
<doc>Testa se a API responde corretamente e retorna um objeto JSON válido.</doc>
<tag>testeRequisicaoBasica</tag>
<status status="PASS" start="2024-08-04T04:19:09.881015" elapsed="0.300968"/>
</test>
<test id="s1-s1-t3" name="Validar estrutura de resposta" line="22">
<kw name="Teste de Estrutura de Resposta" owner="random-user-service">
<kw name="GET On Session" owner="RequestsLibrary">
<msg time="2024-08-04T04:19:10.284994" level="INFO">GET Request : url=https://randomuser.me/api 
 path_url=/api 
 headers={'User-Agent': 'python-requests/2.32.3', 'Accept-Encoding': 'gzip, deflate', 'Accept': '*/*', 'Connection': 'keep-alive'} 
 body=None 
 </msg>
<msg time="2024-08-04T04:19:10.285088" level="INFO">GET Response : url=https://randomuser.me/api 
 status=200, reason=OK 
 headers={'Date': 'Sun, 04 Aug 2024 04:19:10 GMT', 'Content-Type': 'application/json; charset=utf-8', 'Transfer-Encoding': 'chunked', 'Connection': 'keep-alive', 'X-Powered-By': 'Express', 'Access-Control-Allow-Origin': '*', 'Cache-Control': 'no-cache', 'ETag': 'W/"4a2-Q31lKB+bYIUfaEZVCAj4MFmO1pY"', 'Vary': 'Accept-Encoding', 'Content-Encoding': 'gzip', 'CF-Cache-Status': 'DYNAMIC', 'Report-To': '{"endpoints":[{"url":"https:\\/\\/a.nel.cloudflare.com\\/report\\/v4?s=bsVHbSV9I8Vw7Xhn8qkD%2BiuGt2BwFmZ%2F3We9QChDoVIsPqE7Hn%2FDXOisUd435VWByAmLBIKgO%2BUJlnbkERttjbCIpV%2FybU6xFbQZx20ioolgkUmLxYcvyKB1KzvtchcM"}],"group":"cf-nel","max_age":604800}', 'NEL': '{"success_fraction":0,"report_to":"cf-nel","max_age":604800}', 'Server': 'cloudflare', 'CF-RAY': '8adbbf64af670fbc-LAX', 'alt-svc': 'h3=":443"; ma=86400'} 
 body={"results":[{"gender":"male","name":{"title":"Mr","first":"Frithjof","last":"Brink"},"location":{"street":{"number":4517,"name":"Jahnstraße"},"city":"Südwestpfalz","state":"Baden-Württemberg","country":"Germany","postcode":30071,"coordinates":{"latitude":"-53.9357","longitude":"-29.1901"},"timezone":{"offset":"+3:00","description":"Baghdad, Riyadh, Moscow, St. Petersburg"}},"email":"frithjof.brink@example.com","login":{"uuid":"41877d03-6239-4c0d-9237-8a51d8853e4b","username":"bluekoala555","password":"broncos","salt":"yknJVa1t","md5":"33d27b480c9e9de7570129ea93e519a5","sha1":"af70c92794e696b07554b14368fa2da257712f81","sha256":"dcc6c91fded3d1014f30838beb30da4e27bd6ab6c16a3c9bcab060a184c2fffa"},"dob":{"date":"1983-06-23T20:20:01.305Z","age":41},"registered":{"date":"2009-04-19T21:24:47.570Z","age":15},"phone":"0855-3283719","cell":"0173-9149904","id":{"name":"SVNR","value":"08 230683 B 376"},"picture":{"large":"https://randomuser.me/api/portraits/men/9.jpg","medium":"https://randomuser.me/api/portraits/med/men/9.jpg","thumbnail":"https://randomuser.me/api/portraits/thumb/men/9.jpg"},"nat":"DE"}],"info":{"seed":"17b9177f30017f47","results":1,"page":1,"version":"1.4"}} 
 </msg>
<msg time="2024-08-04T04:19:10.285218" level="INFO">/opt/hostedtoolcache/Python/3.12.4/x64/lib/python3.12/site-packages/urllib3/connectionpool.py:1099: InsecureRequestWarning: Unverified HTTPS request is being made to host 'randomuser.me'. Adding certificate verification is strongly advised. See: https://urllib3.readthedocs.io/en/latest/advanced-usage.html#tls-warnings
  warnings.warn(</msg>
<msg time="2024-08-04T04:19:10.285330" level="INFO">${response} = &lt;Response [200]&gt;</msg>
<var>${response}</var>
<arg>consultarAPI</arg>
<arg>/api</arg>
<doc>Sends a GET request on a previously created HTTP Session.</doc>
<status status="PASS" start="2024-08-04T04:19:10.184689" elapsed="0.100677"/>
</kw>
<kw name="Set Variable" owner="BuiltIn">
<msg time="2024-08-04T04:19:10.286274" level="INFO">${json_data} = {'results': [{'gender': 'male', 'name': {'title': 'Mr', 'first': 'Frithjof', 'last': 'Brink'}, 'location': {'street': {'number': 4517, 'name': 'Jahnstraße'}, 'city': 'Südwestpfalz', 'state': 'Baden-Wü...</msg>
<var>${json_data}</var>
<arg>${response.json()}</arg>
<doc>Returns the given values which can then be assigned to a variables.</doc>
<status status="PASS" start="2024-08-04T04:19:10.285787" elapsed="0.000519"/>
</kw>
<kw name="Log" owner="BuiltIn">
<msg time="2024-08-04T04:19:10.286780" level="INFO">{'results': [{'gender': 'male', 'name': {'title': 'Mr', 'first': 'Frithjof', 'last': 'Brink'}, 'location': {'street': {'number': 4517, 'name': 'Jahnstraße'}, 'city': 'Südwestpfalz', 'state': 'Baden-Württemberg', 'country': 'Germany', 'postcode': 30071, 'coordinates': {'latitude': '-53.9357', 'longitude': '-29.1901'}, 'timezone': {'offset': '+3:00', 'description': 'Baghdad, Riyadh, Moscow, St. Petersburg'}}, 'email': 'frithjof.brink@example.com', 'login': {'uuid': '41877d03-6239-4c0d-9237-8a51d8853e4b', 'username': 'bluekoala555', 'password': 'broncos', 'salt': 'yknJVa1t', 'md5': '33d27b480c9e9de7570129ea93e519a5', 'sha1': 'af70c92794e696b07554b14368fa2da257712f81', 'sha256': 'dcc6c91fded3d1014f30838beb30da4e27bd6ab6c16a3c9bcab060a184c2fffa'}, 'dob': {'date': '1983-06-23T20:20:01.305Z', 'age': 41}, 'registered': {'date': '2009-04-19T21:24:47.570Z', 'age': 15}, 'phone': '0855-3283719', 'cell': '0173-9149904', 'id': {'name': 'SVNR', 'value': '08 230683 B 376'}, 'picture': {'large': 'https://randomuser.me/api/portraits/men/9.jpg', 'medium': 'https://randomuser.me/api/portraits/med/men/9.jpg', 'thumbnail': 'https://randomuser.me/api/portraits/thumb/men/9.jpg'}, 'nat': 'DE'}], 'info': {'seed': '17b9177f30017f47', 'results': 1, 'page': 1, 'version': '1.4'}}</msg>
<arg>${json_data}</arg>
<doc>Logs the given message with the given level.</doc>
<status status="PASS" start="2024-08-04T04:19:10.286613" elapsed="0.000215"/>
</kw>
<kw name="Dictionary Should Contain Key" owner="Collections">
<arg>${json_data}</arg>
<arg>results</arg>
<doc>Fails if ``key`` is not found from ``dictionary``.</doc>
<status status="PASS" start="2024-08-04T04:19:10.287118" elapsed="0.000162"/>
</kw>
<kw name="Should Not Be Empty" owner="BuiltIn">
<msg time="2024-08-04T04:19:10.287586" level="INFO">Length is 2.</msg>
<arg>${json_data}</arg>
<doc>Verifies that the given item is not empty.</doc>
<status status="PASS" start="2024-08-04T04:19:10.287461" elapsed="0.000162"/>
</kw>
<kw name="Create List" owner="BuiltIn">
<msg time="2024-08-04T04:19:10.288057" level="INFO">${expected_keys} = ['gender', 'name', 'location', 'email', 'login']</msg>
<var>${expected_keys}</var>
<arg>gender</arg>
<arg>name</arg>
<arg>location</arg>
<arg>email</arg>
<arg>login</arg>
<doc>Returns a list containing given items.</doc>
<status status="PASS" start="2024-08-04T04:19:10.287911" elapsed="0.000170"/>
</kw>
<for flavor="IN">
<iter>
<kw name="Dictionary Should Contain Key" owner="Collections">
<arg>${json_data['results'][0]}</arg>
<arg>${key}</arg>
<doc>Fails if ``key`` is not found from ``dictionary``.</doc>
<status status="PASS" start="2024-08-04T04:19:10.288717" elapsed="0.000411"/>
</kw>
<kw name="Log" owner="BuiltIn">
<msg time="2024-08-04T04:19:10.289683" level="INFO">{'gender': 'male', 'name': {'title': 'Mr', 'first': 'Frithjof', 'last': 'Brink'}, 'location': {'street': {'number': 4517, 'name': 'Jahnstraße'}, 'city': 'Südwestpfalz', 'state': 'Baden-Württemberg', 'country': 'Germany', 'postcode': 30071, 'coordinates': {'latitude': '-53.9357', 'longitude': '-29.1901'}, 'timezone': {'offset': '+3:00', 'description': 'Baghdad, Riyadh, Moscow, St. Petersburg'}}, 'email': 'frithjof.brink@example.com', 'login': {'uuid': '41877d03-6239-4c0d-9237-8a51d8853e4b', 'username': 'bluekoala555', 'password': 'broncos', 'salt': 'yknJVa1t', 'md5': '33d27b480c9e9de7570129ea93e519a5', 'sha1': 'af70c92794e696b07554b14368fa2da257712f81', 'sha256': 'dcc6c91fded3d1014f30838beb30da4e27bd6ab6c16a3c9bcab060a184c2fffa'}, 'dob': {'date': '1983-06-23T20:20:01.305Z', 'age': 41}, 'registered': {'date': '2009-04-19T21:24:47.570Z', 'age': 15}, 'phone': '0855-3283719', 'cell': '0173-9149904', 'id': {'name': 'SVNR', 'value': '08 230683 B 376'}, 'picture': {'large': 'https://randomuser.me/api/portraits/men/9.jpg', 'medium': 'https://randomuser.me/api/portraits/med/men/9.jpg', 'thumbnail': 'https://randomuser.me/api/portraits/thumb/men/9.jpg'}, 'nat': 'DE'}</msg>
<arg>${json_data['results'][0]}</arg>
<doc>Logs the given message with the given level.</doc>
<status status="PASS" start="2024-08-04T04:19:10.289320" elapsed="0.000412"/>
</kw>
<kw name="Log" owner="BuiltIn">
<msg time="2024-08-04T04:19:10.290160" level="INFO">gender</msg>
<arg>${key}</arg>
<doc>Logs the given message with the given level.</doc>
<status status="PASS" start="2024-08-04T04:19:10.290031" elapsed="0.000166"/>
</kw>
<var name="${key}">gender</var>
<status status="PASS" start="2024-08-04T04:19:10.288590" elapsed="0.001822"/>
</iter>
<iter>
<kw name="Dictionary Should Contain Key" owner="Collections">
<arg>${json_data['results'][0]}</arg>
<arg>${key}</arg>
<doc>Fails if ``key`` is not found from ``dictionary``.</doc>
<status status="PASS" start="2024-08-04T04:19:10.290707" elapsed="0.000392"/>
</kw>
<kw name="Log" owner="BuiltIn">
<msg time="2024-08-04T04:19:10.291666" level="INFO">{'gender': 'male', 'name': {'title': 'Mr', 'first': 'Frithjof', 'last': 'Brink'}, 'location': {'street': {'number': 4517, 'name': 'Jahnstraße'}, 'city': 'Südwestpfalz', 'state': 'Baden-Württemberg', 'country': 'Germany', 'postcode': 30071, 'coordinates': {'latitude': '-53.9357', 'longitude': '-29.1901'}, 'timezone': {'offset': '+3:00', 'description': 'Baghdad, Riyadh, Moscow, St. Petersburg'}}, 'email': 'frithjof.brink@example.com', 'login': {'uuid': '41877d03-6239-4c0d-9237-8a51d8853e4b', 'username': 'bluekoala555', 'password': 'broncos', 'salt': 'yknJVa1t', 'md5': '33d27b480c9e9de7570129ea93e519a5', 'sha1': 'af70c92794e696b07554b14368fa2da257712f81', 'sha256': 'dcc6c91fded3d1014f30838beb30da4e27bd6ab6c16a3c9bcab060a184c2fffa'}, 'dob': {'date': '1983-06-23T20:20:01.305Z', 'age': 41}, 'registered': {'date': '2009-04-19T21:24:47.570Z', 'age': 15}, 'phone': '0855-3283719', 'cell': '0173-9149904', 'id': {'name': 'SVNR', 'value': '08 230683 B 376'}, 'picture': {'large': 'https://randomuser.me/api/portraits/men/9.jpg', 'medium': 'https://randomuser.me/api/portraits/med/men/9.jpg', 'thumbnail': 'https://randomuser.me/api/portraits/thumb/men/9.jpg'}, 'nat': 'DE'}</msg>
<arg>${json_data['results'][0]}</arg>
<doc>Logs the given message with the given level.</doc>
<status status="PASS" start="2024-08-04T04:19:10.291280" elapsed="0.000436"/>
</kw>
<kw name="Log" owner="BuiltIn">
<msg time="2024-08-04T04:19:10.292140" level="INFO">name</msg>
<arg>${key}</arg>
<doc>Logs the given message with the given level.</doc>
<status status="PASS" start="2024-08-04T04:19:10.292013" elapsed="0.000165"/>
</kw>
<var name="${key}">name</var>
<status status="PASS" start="2024-08-04T04:19:10.290596" elapsed="0.001831"/>
</iter>
<iter>
<kw name="Dictionary Should Contain Key" owner="Collections">
<arg>${json_data['results'][0]}</arg>
<arg>${key}</arg>
<doc>Fails if ``key`` is not found from ``dictionary``.</doc>
<status status="PASS" start="2024-08-04T04:19:10.292708" elapsed="0.000380"/>
</kw>
<kw name="Log" owner="BuiltIn">
<msg time="2024-08-04T04:19:10.293622" level="INFO">{'gender': 'male', 'name': {'title': 'Mr', 'first': 'Frithjof', 'last': 'Brink'}, 'location': {'street': {'number': 4517, 'name': 'Jahnstraße'}, 'city': 'Südwestpfalz', 'state': 'Baden-Württemberg', 'country': 'Germany', 'postcode': 30071, 'coordinates': {'latitude': '-53.9357', 'longitude': '-29.1901'}, 'timezone': {'offset': '+3:00', 'description': 'Baghdad, Riyadh, Moscow, St. Petersburg'}}, 'email': 'frithjof.brink@example.com', 'login': {'uuid': '41877d03-6239-4c0d-9237-8a51d8853e4b', 'username': 'bluekoala555', 'password': 'broncos', 'salt': 'yknJVa1t', 'md5': '33d27b480c9e9de7570129ea93e519a5', 'sha1': 'af70c92794e696b07554b14368fa2da257712f81', 'sha256': 'dcc6c91fded3d1014f30838beb30da4e27bd6ab6c16a3c9bcab060a184c2fffa'}, 'dob': {'date': '1983-06-23T20:20:01.305Z', 'age': 41}, 'registered': {'date': '2009-04-19T21:24:47.570Z', 'age': 15}, 'phone': '0855-3283719', 'cell': '0173-9149904', 'id': {'name': 'SVNR', 'value': '08 230683 B 376'}, 'picture': {'large': 'https://randomuser.me/api/portraits/men/9.jpg', 'medium': 'https://randomuser.me/api/portraits/med/men/9.jpg', 'thumbnail': 'https://randomuser.me/api/portraits/thumb/men/9.jpg'}, 'nat': 'DE'}</msg>
<arg>${json_data['results'][0]}</arg>
<doc>Logs the given message with the given level.</doc>
<status status="PASS" start="2024-08-04T04:19:10.293268" elapsed="0.000403"/>
</kw>
<kw name="Log" owner="BuiltIn">
<msg time="2024-08-04T04:19:10.294105" level="INFO">location</msg>
<arg>${key}</arg>
<doc>Logs the given message with the given level.</doc>
<status status="PASS" start="2024-08-04T04:19:10.293974" elapsed="0.000169"/>
</kw>
<var name="${key}">location</var>
<status status="PASS" start="2024-08-04T04:19:10.292601" elapsed="0.001768"/>
</iter>
<iter>
<kw name="Dictionary Should Contain Key" owner="Collections">
<arg>${json_data['results'][0]}</arg>
<arg>${key}</arg>
<doc>Fails if ``key`` is not found from ``dictionary``.</doc>
<status status="PASS" start="2024-08-04T04:19:10.294649" elapsed="0.000382"/>
</kw>
<kw name="Log" owner="BuiltIn">
<msg time="2024-08-04T04:19:10.295678" level="INFO">{'gender': 'male', 'name': {'title': 'Mr', 'first': 'Frithjof', 'last': 'Brink'}, 'location': {'street': {'number': 4517, 'name': 'Jahnstraße'}, 'city': 'Südwestpfalz', 'state': 'Baden-Württemberg', 'country': 'Germany', 'postcode': 30071, 'coordinates': {'latitude': '-53.9357', 'longitude': '-29.1901'}, 'timezone': {'offset': '+3:00', 'description': 'Baghdad, Riyadh, Moscow, St. Petersburg'}}, 'email': 'frithjof.brink@example.com', 'login': {'uuid': '41877d03-6239-4c0d-9237-8a51d8853e4b', 'username': 'bluekoala555', 'password': 'broncos', 'salt': 'yknJVa1t', 'md5': '33d27b480c9e9de7570129ea93e519a5', 'sha1': 'af70c92794e696b07554b14368fa2da257712f81', 'sha256': 'dcc6c91fded3d1014f30838beb30da4e27bd6ab6c16a3c9bcab060a184c2fffa'}, 'dob': {'date': '1983-06-23T20:20:01.305Z', 'age': 41}, 'registered': {'date': '2009-04-19T21:24:47.570Z', 'age': 15}, 'phone': '0855-3283719', 'cell': '0173-9149904', 'id': {'name': 'SVNR', 'value': '08 230683 B 376'}, 'picture': {'large': 'https://randomuser.me/api/portraits/men/9.jpg', 'medium': 'https://randomuser.me/api/portraits/med/men/9.jpg', 'thumbnail': 'https://randomuser.me/api/portraits/thumb/men/9.jpg'}, 'nat': 'DE'}</msg>
<arg>${json_data['results'][0]}</arg>
<doc>Logs the given message with the given level.</doc>
<status status="PASS" start="2024-08-04T04:19:10.295326" elapsed="0.000401"/>
</kw>
<kw name="Log" owner="BuiltIn">
<msg time="2024-08-04T04:19:10.296153" level="INFO">email</msg>
<arg>${key}</arg>
<doc>Logs the given message with the given level.</doc>
<status status="PASS" start="2024-08-04T04:19:10.296024" elapsed="0.000197"/>
</kw>
<var name="${key}">email</var>
<status status="PASS" start="2024-08-04T04:19:10.294541" elapsed="0.001927"/>
</iter>
<iter>
<kw name="Dictionary Should Contain Key" owner="Collections">
<arg>${json_data['results'][0]}</arg>
<arg>${key}</arg>
<doc>Fails if ``key`` is not found from ``dictionary``.</doc>
<status status="PASS" start="2024-08-04T04:19:10.296749" elapsed="0.000374"/>
</kw>
<kw name="Log" owner="BuiltIn">
<msg time="2024-08-04T04:19:10.297650" level="INFO">{'gender': 'male', 'name': {'title': 'Mr', 'first': 'Frithjof', 'last': 'Brink'}, 'location': {'street': {'number': 4517, 'name': 'Jahnstraße'}, 'city': 'Südwestpfalz', 'state': 'Baden-Württemberg', 'country': 'Germany', 'postcode': 30071, 'coordinates': {'latitude': '-53.9357', 'longitude': '-29.1901'}, 'timezone': {'offset': '+3:00', 'description': 'Baghdad, Riyadh, Moscow, St. Petersburg'}}, 'email': 'frithjof.brink@example.com', 'login': {'uuid': '41877d03-6239-4c0d-9237-8a51d8853e4b', 'username': 'bluekoala555', 'password': 'broncos', 'salt': 'yknJVa1t', 'md5': '33d27b480c9e9de7570129ea93e519a5', 'sha1': 'af70c92794e696b07554b14368fa2da257712f81', 'sha256': 'dcc6c91fded3d1014f30838beb30da4e27bd6ab6c16a3c9bcab060a184c2fffa'}, 'dob': {'date': '1983-06-23T20:20:01.305Z', 'age': 41}, 'registered': {'date': '2009-04-19T21:24:47.570Z', 'age': 15}, 'phone': '0855-3283719', 'cell': '0173-9149904', 'id': {'name': 'SVNR', 'value': '08 230683 B 376'}, 'picture': {'large': 'https://randomuser.me/api/portraits/men/9.jpg', 'medium': 'https://randomuser.me/api/portraits/med/men/9.jpg', 'thumbnail': 'https://randomuser.me/api/portraits/thumb/men/9.jpg'}, 'nat': 'DE'}</msg>
<arg>${json_data['results'][0]}</arg>
<doc>Logs the given message with the given level.</doc>
<status status="PASS" start="2024-08-04T04:19:10.297302" elapsed="0.000405"/>
</kw>
<kw name="Log" owner="BuiltIn">
<msg time="2024-08-04T04:19:10.298129" level="INFO">login</msg>
<arg>${key}</arg>
<doc>Logs the given message with the given level.</doc>
<status status="PASS" start="2024-08-04T04:19:10.298000" elapsed="0.000166"/>
</kw>
<var name="${key}">login</var>
<status status="PASS" start="2024-08-04T04:19:10.296641" elapsed="0.001738"/>
</iter>
<var>${key}</var>
<value>@{expected_keys}</value>
<status status="PASS" start="2024-08-04T04:19:10.288393" elapsed="0.010104"/>
</for>
<kw name="Create List" owner="BuiltIn">
<msg time="2024-08-04T04:19:10.298852" level="INFO">${expected_keysTwo} = ['username', 'password']</msg>
<var>${expected_keysTwo}</var>
<arg>username</arg>
<arg>password</arg>
<doc>Returns a list containing given items.</doc>
<status status="PASS" start="2024-08-04T04:19:10.298714" elapsed="0.000162"/>
</kw>
<for flavor="IN">
<iter>
<kw name="Dictionary Should Contain Key" owner="Collections">
<arg>${json_data['results'][0]['login']}</arg>
<arg>${keyTwo}</arg>
<doc>Fails if ``key`` is not found from ``dictionary``.</doc>
<status status="PASS" start="2024-08-04T04:19:10.299373" elapsed="0.000384"/>
</kw>
<kw name="Dictionary Should Contain Key" owner="Collections">
<arg>${json_data['results'][0]['login']}</arg>
<arg>${keyTwo}</arg>
<doc>Fails if ``key`` is not found from ``dictionary``.</doc>
<status status="PASS" start="2024-08-04T04:19:10.299936" elapsed="0.000407"/>
</kw>
<kw name="Log" owner="BuiltIn">
<msg time="2024-08-04T04:19:10.300640" level="INFO">username</msg>
<arg>${keyTwo}</arg>
<doc>Logs the given message with the given level.</doc>
<status status="PASS" start="2024-08-04T04:19:10.300520" elapsed="0.000157"/>
</kw>
<var name="${keyTwo}">username</var>
<status status="PASS" start="2024-08-04T04:19:10.299266" elapsed="0.001635"/>
</iter>
<iter>
<kw name="Dictionary Should Contain Key" owner="Collections">
<arg>${json_data['results'][0]['login']}</arg>
<arg>${keyTwo}</arg>
<doc>Fails if ``key`` is not found from ``dictionary``.</doc>
<status status="PASS" start="2024-08-04T04:19:10.301177" elapsed="0.000382"/>
</kw>
<kw name="Dictionary Should Contain Key" owner="Collections">
<arg>${json_data['results'][0]['login']}</arg>
<arg>${keyTwo}</arg>
<doc>Fails if ``key`` is not found from ``dictionary``.</doc>
<status status="PASS" start="2024-08-04T04:19:10.301735" elapsed="0.000367"/>
</kw>
<kw name="Log" owner="BuiltIn">
<msg time="2024-08-04T04:19:10.302398" level="INFO">password</msg>
<arg>${keyTwo}</arg>
<doc>Logs the given message with the given level.</doc>
<status status="PASS" start="2024-08-04T04:19:10.302279" elapsed="0.000156"/>
</kw>
<var name="${keyTwo}">password</var>
<status status="PASS" start="2024-08-04T04:19:10.301072" elapsed="0.001585"/>
</iter>
<var>${keyTwo}</var>
<value>@{expected_keysTwo}</value>
<status status="PASS" start="2024-08-04T04:19:10.299114" elapsed="0.003664"/>
</for>
<status status="PASS" start="2024-08-04T04:19:10.184456" elapsed="0.118460"/>
</kw>
<doc>Testa a estrutura da resposta da API.</doc>
<tag>testeEstruturaResposta</tag>
<status status="PASS" start="2024-08-04T04:19:10.183945" elapsed="0.119124"/>
</test>
<test id="s1-s1-t4" name="Validar tipos de dados" line="28">
<kw name="Teste de Tipos de Dados" owner="random-user-service">
<kw name="GET On Session" owner="RequestsLibrary">
<msg time="2024-08-04T04:19:10.402777" level="INFO">GET Request : url=https://randomuser.me/api 
 path_url=/api 
 headers={'User-Agent': 'python-requests/2.32.3', 'Accept-Encoding': 'gzip, deflate', 'Accept': '*/*', 'Connection': 'keep-alive'} 
 body=None 
 </msg>
<msg time="2024-08-04T04:19:10.402882" level="INFO">GET Response : url=https://randomuser.me/api 
 status=200, reason=OK 
 headers={'Date': 'Sun, 04 Aug 2024 04:19:10 GMT', 'Content-Type': 'application/json; charset=utf-8', 'Transfer-Encoding': 'chunked', 'Connection': 'keep-alive', 'X-Powered-By': 'Express', 'Access-Control-Allow-Origin': '*', 'Cache-Control': 'no-cache', 'ETag': 'W/"48e-4om/pJRZ6vr4YREVXs8dAvTc0L0"', 'Vary': 'Accept-Encoding', 'Content-Encoding': 'gzip', 'CF-Cache-Status': 'DYNAMIC', 'Report-To': '{"endpoints":[{"url":"https:\\/\\/a.nel.cloudflare.com\\/report\\/v4?s=beBzzkHODOrxF94Xoc%2FotsJFf3EdYtoTMQev27qoiLsGAX8PZHKvDN47av9FDlauKobjkoeOfdnmGouXzRaqts94Qv8zWSrBTV5328OLnz%2BO4QPHTLR8gm%2BhxAJNyUfV"}],"group":"cf-nel","max_age":604800}', 'NEL': '{"success_fraction":0,"report_to":"cf-nel","max_age":604800}', 'Server': 'cloudflare', 'CF-RAY': '8adbbf6568990fbc-LAX', 'alt-svc': 'h3=":443"; ma=86400'} 
 body={"results":[{"gender":"female","name":{"title":"Mrs","first":"Franka","last":"Röder"},"location":{"street":{"number":7297,"name":"Kirchplatz"},"city":"Schwarzenbach an der Saale","state":"Hessen","country":"Germany","postcode":98494,"coordinates":{"latitude":"-55.1465","longitude":"37.0646"},"timezone":{"offset":"+9:30","description":"Adelaide, Darwin"}},"email":"franka.roder@example.com","login":{"uuid":"5b6eb8c6-fe87-4fa1-a717-87cbbcfeca7b","username":"lazylion544","password":"baby","salt":"5HE9MgyD","md5":"ec43e7cbc8d8555b012c5b302f5e57cf","sha1":"f4bf5ee4cf9f95511ddc7241b7882183f9125b2b","sha256":"3b63b32e67cad480ec776f8e39cd741dddf614d4bd102a7db62405eb4ea4cfb0"},"dob":{"date":"1990-01-17T12:02:07.611Z","age":34},"registered":{"date":"2016-11-20T22:16:54.701Z","age":7},"phone":"0799-7647769","cell":"0170-4232423","id":{"name":"SVNR","value":"82 170190 R 918"},"picture":{"large":"https://randomuser.me/api/portraits/women/69.jpg","medium":"https://randomuser.me/api/portraits/med/women/69.jpg","thumbnail":"https://randomuser.me/api/portraits/thumb/women/69.jpg"},"nat":"DE"}],"info":{"seed":"8e9c4754cc7f6206","results":1,"page":1,"version":"1.4"}} 
 </msg>
<msg time="2024-08-04T04:19:10.402966" level="INFO">/opt/hostedtoolcache/Python/3.12.4/x64/lib/python3.12/site-packages/urllib3/connectionpool.py:1099: InsecureRequestWarning: Unverified HTTPS request is being made to host 'randomuser.me'. Adding certificate verification is strongly advised. See: https://urllib3.readthedocs.io/en/latest/advanced-usage.html#tls-warnings
  warnings.warn(</msg>
<msg time="2024-08-04T04:19:10.403099" level="INFO">${response} = &lt;Response [200]&gt;</msg>
<var>${response}</var>
<arg>consultarAPI</arg>
<arg>/api</arg>
<doc>Sends a GET request on a previously created HTTP Session.</doc>
<status status="PASS" start="2024-08-04T04:19:10.305569" elapsed="0.097578"/>
</kw>
<kw name="Set Variable" owner="BuiltIn">
<msg time="2024-08-04T04:19:10.404254" level="INFO">${json_data} = {'results': [{'gender': 'female', 'name': {'title': 'Mrs', 'first': 'Franka', 'last': 'Röder'}, 'location': {'street': {'number': 7297, 'name': 'Kirchplatz'}, 'city': 'Schwarzenbach an der Saale', 'st...</msg>
<var>${json_data}</var>
<arg>${response.json()}</arg>
<doc>Returns the given values which can then be assigned to a variables.</doc>
<status status="PASS" start="2024-08-04T04:19:10.403710" elapsed="0.000583"/>
</kw>
<kw name="Log" owner="BuiltIn">
<msg time="2024-08-04T04:19:10.404777" level="INFO">{'results': [{'gender': 'female', 'name': {'title': 'Mrs', 'first': 'Franka', 'last': 'Röder'}, 'location': {'street': {'number': 7297, 'name': 'Kirchplatz'}, 'city': 'Schwarzenbach an der Saale', 'state': 'Hessen', 'country': 'Germany', 'postcode': 98494, 'coordinates': {'latitude': '-55.1465', 'longitude': '37.0646'}, 'timezone': {'offset': '+9:30', 'description': 'Adelaide, Darwin'}}, 'email': 'franka.roder@example.com', 'login': {'uuid': '5b6eb8c6-fe87-4fa1-a717-87cbbcfeca7b', 'username': 'lazylion544', 'password': 'baby', 'salt': '5HE9MgyD', 'md5': 'ec43e7cbc8d8555b012c5b302f5e57cf', 'sha1': 'f4bf5ee4cf9f95511ddc7241b7882183f9125b2b', 'sha256': '3b63b32e67cad480ec776f8e39cd741dddf614d4bd102a7db62405eb4ea4cfb0'}, 'dob': {'date': '1990-01-17T12:02:07.611Z', 'age': 34}, 'registered': {'date': '2016-11-20T22:16:54.701Z', 'age': 7}, 'phone': '0799-7647769', 'cell': '0170-4232423', 'id': {'name': 'SVNR', 'value': '82 170190 R 918'}, 'picture': {'large': 'https://randomuser.me/api/portraits/women/69.jpg', 'medium': 'https://randomuser.me/api/portraits/med/women/69.jpg', 'thumbnail': 'https://randomuser.me/api/portraits/thumb/women/69.jpg'}, 'nat': 'DE'}], 'info': {'seed': '8e9c4754cc7f6206', 'results': 1, 'page': 1, 'version': '1.4'}}</msg>
<arg>${json_data}</arg>
<doc>Logs the given message with the given level.</doc>
<status status="PASS" start="2024-08-04T04:19:10.404610" elapsed="0.000218"/>
</kw>
<kw name="Should Be String" owner="String">
<arg>${json_data['results'][0]['gender']}</arg>
<doc>Fails if the given ``item`` is not a string.</doc>
<status status="PASS" start="2024-08-04T04:19:10.405128" elapsed="0.000366"/>
</kw>
<kw name="Should Match Regexp" owner="BuiltIn">
<arg>${json_data['results'][0]['email']}</arg>
<arg>^[a-zA-Z0-9._%+-]+@[a-zA-Z0-9.-]+\.[a-zA-Z]{2,}$</arg>
<doc>Fails if ``string`` does not match ``pattern`` as a regular expression.</doc>
<status status="PASS" start="2024-08-04T04:19:10.405721" elapsed="0.000522"/>
</kw>
<kw name="Should Match Regexp" owner="BuiltIn">
<arg>${json_data['results'][0]['dob']['date']}</arg>
<arg>\\d{4}-\\d{2}-\\d{2}T\\d{2}:\\d{2}:\\d{2}\\.\\d{3}Z</arg>
<doc>Fails if ``string`` does not match ``pattern`` as a regular expression.</doc>
<status status="PASS" start="2024-08-04T04:19:10.406440" elapsed="0.000629"/>
</kw>
<kw name="Should Match Regexp" owner="BuiltIn">
<arg>${json_data['results'][0]['registered']['date']}</arg>
<arg>\\d{4}-\\d{2}-\\d{2}T\\d{2}:\\d{2}:\\d{2}\\.\\d{3}Z</arg>
<doc>Fails if ``string`` does not match ``pattern`` as a regular expression.</doc>
<status status="PASS" start="2024-08-04T04:19:10.407266" elapsed="0.000372"/>
</kw>
<kw name="Should Match Regexp" owner="BuiltIn">
<arg>${json_data['results'][0]['picture']['large']}</arg>
<arg>^https?://.*\.(?:png|jpe?g|gif|bmp)$</arg>
<doc>Fails if ``string`` does not match ``pattern`` as a regular expression.</doc>
<status status="PASS" start="2024-08-04T04:19:10.407826" elapsed="0.000502"/>
</kw>
<kw name="Should Match Regexp" owner="BuiltIn">
<arg>${json_data['results'][0]['picture']['medium']}</arg>
<arg>^https?://.*\.(?:png|jpe?g|gif|bmp)$</arg>
<doc>Fails if ``string`` does not match ``pattern`` as a regular expression.</doc>
<status status="PASS" start="2024-08-04T04:19:10.408524" elapsed="0.000365"/>
</kw>
<kw name="Should Match Regexp" owner="BuiltIn">
<arg>${json_data['results'][0]['picture']['thumbnail']}</arg>
<arg>^https?://.*\.(?:png|jpe?g|gif|bmp)$</arg>
<doc>Fails if ``string`` does not match ``pattern`` as a regular expression.</doc>
<status status="PASS" start="2024-08-04T04:19:10.409082" elapsed="0.000350"/>
</kw>
<kw name="Log" owner="BuiltIn">
<msg time="2024-08-04T04:19:10.409933" level="INFO">{'large': 'https://randomuser.me/api/portraits/women/69.jpg', 'medium': 'https://randomuser.me/api/portraits/med/women/69.jpg', 'thumbnail': 'https://randomuser.me/api/portraits/thumb/women/69.jpg'}</msg>
<arg>${json_data['results'][0]['picture']}</arg>
<doc>Logs the given message with the given level.</doc>
<status status="PASS" start="2024-08-04T04:19:10.409614" elapsed="0.000362"/>
</kw>
<status status="PASS" start="2024-08-04T04:19:10.305340" elapsed="0.104895"/>
</kw>
<kw name="Teste de Tipos de Dados - Postcode" owner="random-user-service">
<kw name="GET On Session" owner="RequestsLibrary">
<msg time="2024-08-04T04:19:10.515766" level="INFO">GET Request : url=https://randomuser.me/api 
 path_url=/api 
 headers={'User-Agent': 'python-requests/2.32.3', 'Accept-Encoding': 'gzip, deflate', 'Accept': '*/*', 'Connection': 'keep-alive'} 
 body=None 
 </msg>
<msg time="2024-08-04T04:19:10.515828" level="INFO">GET Response : url=https://randomuser.me/api 
 status=200, reason=OK 
 headers={'Date': 'Sun, 04 Aug 2024 04:19:10 GMT', 'Content-Type': 'application/json; charset=utf-8', 'Transfer-Encoding': 'chunked', 'Connection': 'keep-alive', 'X-Powered-By': 'Express', 'Access-Control-Allow-Origin': '*', 'Cache-Control': 'no-cache', 'ETag': 'W/"4a2-x9DBMztmZwZdw3EnlD59Qkk5y44"', 'Vary': 'Accept-Encoding', 'Content-Encoding': 'gzip', 'CF-Cache-Status': 'DYNAMIC', 'Report-To': '{"endpoints":[{"url":"https:\\/\\/a.nel.cloudflare.com\\/report\\/v4?s=bn9owODt6fBlTaUMwpxMDJKx0bzFwkDGRKGTeWVN0T83k3rw91zY8i1moz89bT%2FDvM7TsLfa566pcVE0ZhypnWXmNoIZSjOXdDJiDGxPcgwnKEBnU%2FiVxOsR%2B3eEjHf5"}],"group":"cf-nel","max_age":604800}', 'NEL': '{"success_fraction":0,"report_to":"cf-nel","max_age":604800}', 'Server': 'cloudflare', 'CF-RAY': '8adbbf66196c0fbc-LAX', 'alt-svc': 'h3=":443"; ma=86400'} 
 body={"results":[{"gender":"female","name":{"title":"Ms","first":"Anni","last":"Mattila"},"location":{"street":{"number":3331,"name":"Mannerheimintie"},"city":"Iisalmi","state":"Kymenlaakso","country":"Finland","postcode":54426,"coordinates":{"latitude":"-22.7460","longitude":"173.3707"},"timezone":{"offset":"-5:00","description":"Eastern Time (US &amp; Canada), Bogota, Lima"}},"email":"anni.mattila@example.com","login":{"uuid":"19b35623-7945-4692-9705-20455a8db0b5","username":"goldendog116","password":"123456a","salt":"MqwxKiJC","md5":"ff1038ab4afce08a4efdf1a94dbc7303","sha1":"e6e78a6334c46b0da7fbfc6cf695ecbf94b1585d","sha256":"0a5118c9bedf53a5f61f68af956ac05a10027444d09327f52a16a398968dfde1"},"dob":{"date":"1959-10-12T17:10:13.692Z","age":64},"registered":{"date":"2009-03-19T19:10:40.978Z","age":15},"phone":"07-587-073","cell":"042-391-61-67","id":{"name":"HETU","value":"NaNNA356undefined"},"picture":{"large":"https://randomuser.me/api/portraits/women/30.jpg","medium":"https://randomuser.me/api/portraits/med/women/30.jpg","thumbnail":"https://randomuser.me/api/portraits/thumb/women/30.jpg"},"nat":"FI"}],"info":{"seed":"3e2a316feafa0572","results":1,"page":1,"version":"1.4"}} 
 </msg>
<msg time="2024-08-04T04:19:10.515883" level="INFO">/opt/hostedtoolcache/Python/3.12.4/x64/lib/python3.12/site-packages/urllib3/connectionpool.py:1099: InsecureRequestWarning: Unverified HTTPS request is being made to host 'randomuser.me'. Adding certificate verification is strongly advised. See: https://urllib3.readthedocs.io/en/latest/advanced-usage.html#tls-warnings
  warnings.warn(</msg>
<msg time="2024-08-04T04:19:10.515968" level="INFO">${response} = &lt;Response [200]&gt;</msg>
<var>${response}</var>
<arg>consultarAPI</arg>
<arg>/api</arg>
<doc>Sends a GET request on a previously created HTTP Session.</doc>
<status status="PASS" start="2024-08-04T04:19:10.410682" elapsed="0.105315"/>
</kw>
<kw name="Set Variable" owner="BuiltIn">
<msg time="2024-08-04T04:19:10.516913" level="INFO">${json_data} = {'results': [{'gender': 'female', 'name': {'title': 'Ms', 'first': 'Anni', 'last': 'Mattila'}, 'location': {'street': {'number': 3331, 'name': 'Mannerheimintie'}, 'city': 'Iisalmi', 'state': 'Kymenlaa...</msg>
<var>${json_data}</var>
<arg>${response.json()}</arg>
<doc>Returns the given values which can then be assigned to a variables.</doc>
<status status="PASS" start="2024-08-04T04:19:10.516463" elapsed="0.000479"/>
</kw>
<kw name="Log" owner="BuiltIn">
<msg time="2024-08-04T04:19:10.517397" level="INFO">{'results': [{'gender': 'female', 'name': {'title': 'Ms', 'first': 'Anni', 'last': 'Mattila'}, 'location': {'street': {'number': 3331, 'name': 'Mannerheimintie'}, 'city': 'Iisalmi', 'state': 'Kymenlaakso', 'country': 'Finland', 'postcode': 54426, 'coordinates': {'latitude': '-22.7460', 'longitude': '173.3707'}, 'timezone': {'offset': '-5:00', 'description': 'Eastern Time (US &amp; Canada), Bogota, Lima'}}, 'email': 'anni.mattila@example.com', 'login': {'uuid': '19b35623-7945-4692-9705-20455a8db0b5', 'username': 'goldendog116', 'password': '123456a', 'salt': 'MqwxKiJC', 'md5': 'ff1038ab4afce08a4efdf1a94dbc7303', 'sha1': 'e6e78a6334c46b0da7fbfc6cf695ecbf94b1585d', 'sha256': '0a5118c9bedf53a5f61f68af956ac05a10027444d09327f52a16a398968dfde1'}, 'dob': {'date': '1959-10-12T17:10:13.692Z', 'age': 64}, 'registered': {'date': '2009-03-19T19:10:40.978Z', 'age': 15}, 'phone': '07-587-073', 'cell': '042-391-61-67', 'id': {'name': 'HETU', 'value': 'NaNNA356undefined'}, 'picture': {'large': 'https://randomuser.me/api/portraits/women/30.jpg', 'medium': 'https://randomuser.me/api/portraits/med/women/30.jpg', 'thumbnail': 'https://randomuser.me/api/portraits/thumb/women/30.jpg'}, 'nat': 'FI'}], 'info': {'seed': '3e2a316feafa0572', 'results': 1, 'page': 1, 'version': '1.4'}}</msg>
<arg>${json_data}</arg>
<doc>Logs the given message with the given level.</doc>
<status status="PASS" start="2024-08-04T04:19:10.517243" elapsed="0.000203"/>
</kw>
<kw name="Should Be Equal As Numbers" owner="BuiltIn">
<arg>${json_data['results'][0]['location']['postcode']}</arg>
<arg>${json_data['results'][0]['location']['postcode']}</arg>
<doc>Fails if objects are unequal after converting them to real numbers.</doc>
<status status="PASS" start="2024-08-04T04:19:10.517737" elapsed="0.000615"/>
</kw>
<kw name="Log" owner="BuiltIn">
<msg time="2024-08-04T04:19:10.518925" level="INFO">54426</msg>
<arg>${json_data['results'][0]['location']['postcode']}</arg>
<doc>Logs the given message with the given level.</doc>
<status status="PASS" start="2024-08-04T04:19:10.518572" elapsed="0.000393"/>
</kw>
<status status="PASS" start="2024-08-04T04:19:10.410457" elapsed="0.108757"/>
</kw>
<doc>Testa se os tipos de dados na resposta da API estão corretos.</doc>
<tag>testeTiposDados</tag>
<status status="PASS" start="2024-08-04T04:19:10.304898" elapsed="0.214476"/>
</test>
<test id="s1-s1-t5" name="Validar conteudo" line="35">
<kw name="Teste de Tipos de Conteudo" owner="random-user-service">
<kw name="GET On Session" owner="RequestsLibrary">
<msg time="2024-08-04T04:19:10.615001" level="INFO">GET Request : url=https://randomuser.me/api 
 path_url=/api 
 headers={'User-Agent': 'python-requests/2.32.3', 'Accept-Encoding': 'gzip, deflate', 'Accept': '*/*', 'Connection': 'keep-alive'} 
 body=None 
 </msg>
<msg time="2024-08-04T04:19:10.615083" level="INFO">GET Response : url=https://randomuser.me/api 
 status=200, reason=OK 
 headers={'Date': 'Sun, 04 Aug 2024 04:19:10 GMT', 'Content-Type': 'application/json; charset=utf-8', 'Transfer-Encoding': 'chunked', 'Connection': 'keep-alive', 'X-Powered-By': 'Express', 'Access-Control-Allow-Origin': '*', 'Cache-Control': 'no-cache', 'ETag': 'W/"48e-U8s34O/vhIMAT7Wv4fO5f0UzWFY"', 'Vary': 'Accept-Encoding', 'Content-Encoding': 'gzip', 'CF-Cache-Status': 'DYNAMIC', 'Report-To': '{"endpoints":[{"url":"https:\\/\\/a.nel.cloudflare.com\\/report\\/v4?s=eGEmyB0UZWnbjYZnHJxQhG3lJ0tZ6RDih1Bo95DJRbTRAgjo1LK%2FV3t0cjHbwdMsXLW0o0j49Nfyt4pwO9FSowVQrkr4aZp8GkX6Mipt1K7I%2BFCsl1XZBehsnIyL1lq4"}],"group":"cf-nel","max_age":604800}', 'NEL': '{"success_fraction":0,"report_to":"cf-nel","max_age":604800}', 'Server': 'cloudflare', 'CF-RAY': '8adbbf66ca680fbc-LAX', 'alt-svc': 'h3=":443"; ma=86400'} 
 body={"results":[{"gender":"female","name":{"title":"Mrs","first":"Yasemin","last":"Alyanak"},"location":{"street":{"number":5863,"name":"Maçka Cd"},"city":"Niğde","state":"Muğla","country":"Turkey","postcode":91839,"coordinates":{"latitude":"72.5681","longitude":"15.7903"},"timezone":{"offset":"+3:00","description":"Baghdad, Riyadh, Moscow, St. Petersburg"}},"email":"yasemin.alyanak@example.com","login":{"uuid":"f1689ba9-e6c7-4d60-8f1b-71ae352b7081","username":"silverkoala175","password":"amsterdam","salt":"AXD2xdY0","md5":"255124e4bee1e9d873be19f48251ad44","sha1":"3932b8517238009afb58bacf8aafa70c6b76d0d4","sha256":"6af6cea02bbeade598441209a7c5c619b22fcd3ba4949c4cf0e8cd9cf0309437"},"dob":{"date":"1982-02-18T10:12:45.924Z","age":42},"registered":{"date":"2021-01-27T11:25:50.323Z","age":3},"phone":"(317)-405-0731","cell":"(758)-820-4640","id":{"name":"","value":null},"picture":{"large":"https://randomuser.me/api/portraits/women/18.jpg","medium":"https://randomuser.me/api/portraits/med/women/18.jpg","thumbnail":"https://randomuser.me/api/portraits/thumb/women/18.jpg"},"nat":"TR"}],"info":{"seed":"b8ac102081ad2c32","results":1,"page":1,"version":"1.4"}} 
 </msg>
<msg time="2024-08-04T04:19:10.615141" level="INFO">/opt/hostedtoolcache/Python/3.12.4/x64/lib/python3.12/site-packages/urllib3/connectionpool.py:1099: InsecureRequestWarning: Unverified HTTPS request is being made to host 'randomuser.me'. Adding certificate verification is strongly advised. See: https://urllib3.readthedocs.io/en/latest/advanced-usage.html#tls-warnings
  warnings.warn(</msg>
<msg time="2024-08-04T04:19:10.615227" level="INFO">${response} = &lt;Response [200]&gt;</msg>
<var>${response}</var>
<arg>consultarAPI</arg>
<arg>/api</arg>
<doc>Sends a GET request on a previously created HTTP Session.</doc>
<status status="PASS" start="2024-08-04T04:19:10.521816" elapsed="0.093444"/>
</kw>
<kw name="Set Variable" owner="BuiltIn">
<msg time="2024-08-04T04:19:10.616114" level="INFO">${json_data} = {'results': [{'gender': 'female', 'name': {'title': 'Mrs', 'first': 'Yasemin', 'last': 'Alyanak'}, 'location': {'street': {'number': 5863, 'name': 'Maçka Cd'}, 'city': 'Niğde', 'state': 'Muğla', 'coun...</msg>
<var>${json_data}</var>
<arg>${response.json()}</arg>
<doc>Returns the given values which can then be assigned to a variables.</doc>
<status status="PASS" start="2024-08-04T04:19:10.615650" elapsed="0.000494"/>
</kw>
<kw name="Set Variable" owner="BuiltIn">
<msg time="2024-08-04T04:19:10.616880" level="INFO">${name_title} = Mrs</msg>
<var>${name_title}</var>
<arg>${json_data["results"][0]["name"]["title"]}</arg>
<doc>Returns the given values which can then be assigned to a variables.</doc>
<status status="PASS" start="2024-08-04T04:19:10.616501" elapsed="0.000405"/>
</kw>
<kw name="Create List" owner="BuiltIn">
<msg time="2024-08-04T04:19:10.617357" level="INFO">${allowed_titles} = ['Mr', 'Ms', 'Miss', 'Mrs', 'Madame', 'Monsieur']</msg>
<var>${allowed_titles}</var>
<arg>Mr</arg>
<arg>Ms</arg>
<arg>Miss</arg>
<arg>Mrs</arg>
<arg>Madame</arg>
<arg>Monsieur</arg>
<doc>Returns a list containing given items.</doc>
<status status="PASS" start="2024-08-04T04:19:10.617206" elapsed="0.000176"/>
</kw>
<kw name="List Should Contain Value" owner="Collections">
<arg>${allowed_titles}</arg>
<arg>${name_title}</arg>
<doc>Fails if the ``value`` is not found from ``list``.</doc>
<status status="PASS" start="2024-08-04T04:19:10.617682" elapsed="0.000182"/>
</kw>
<kw name="Set Variable" owner="BuiltIn">
<msg time="2024-08-04T04:19:10.618421" level="INFO">${name_country} = TR</msg>
<var>${name_country}</var>
<arg>${json_data["results"][0]["nat"]}</arg>
<doc>Returns the given values which can then be assigned to a variables.</doc>
<status status="PASS" start="2024-08-04T04:19:10.618047" elapsed="0.000399"/>
</kw>
<kw name="Create List" owner="BuiltIn">
<msg time="2024-08-04T04:19:10.619334" level="INFO">${list_country} = ['AD', 'AE', 'AF', 'AG', 'AI', 'AL', 'AM', 'AO', 'AQ', 'AR', 'AS', 'AT', 'AU', 'AW', 'AX', 'AZ', 'BA', 'BB', 'BD', 'BE', 'BF', 'BG', 'BH', 'BI', 'BJ', 'BL', 'BM', 'BN', 'BO', 'BQ', 'BR', 'BS', 'BT', '...</msg>
<var>${list_country}</var>
<arg>AD</arg>
<arg>AE</arg>
<arg>AF</arg>
<arg>AG</arg>
<arg>AI</arg>
<arg>AL</arg>
<arg>AM</arg>
<arg>AO</arg>
<arg>AQ</arg>
<arg>AR</arg>
<arg>AS</arg>
<arg>AT</arg>
<arg>AU</arg>
<arg>AW</arg>
<arg>AX</arg>
<arg>AZ</arg>
<arg>BA</arg>
<arg>BB</arg>
<arg>BD</arg>
<arg>BE</arg>
<arg>BF</arg>
<arg>BG</arg>
<arg>BH</arg>
<arg>BI</arg>
<arg>BJ</arg>
<arg>BL</arg>
<arg>BM</arg>
<arg>BN</arg>
<arg>BO</arg>
<arg>BQ</arg>
<arg>BR</arg>
<arg>BS</arg>
<arg>BT</arg>
<arg>BV</arg>
<arg>BW</arg>
<arg>BY</arg>
<arg>BZ</arg>
<arg>CA</arg>
<arg>CC</arg>
<arg>CD</arg>
<arg>CF</arg>
<arg>CG</arg>
<arg>CH</arg>
<arg>CI</arg>
<arg>CK</arg>
<arg>CL</arg>
<arg>CM</arg>
<arg>CN</arg>
<arg>CO</arg>
<arg>CR</arg>
<arg>CU</arg>
<arg>CV</arg>
<arg>CW</arg>
<arg>CX</arg>
<arg>CY</arg>
<arg>CZ</arg>
<arg>DE</arg>
<arg>DJ</arg>
<arg>DK</arg>
<arg>DM</arg>
<arg>DO</arg>
<arg>DZ</arg>
<arg>EC</arg>
<arg>EE</arg>
<arg>EG</arg>
<arg>EH</arg>
<arg>ER</arg>
<arg>ES</arg>
<arg>ET</arg>
<arg>FI</arg>
<arg>FJ</arg>
<arg>FK</arg>
<arg>FM</arg>
<arg>FO</arg>
<arg>FR</arg>
<arg>GA</arg>
<arg>GB</arg>
<arg>GD</arg>
<arg>GE</arg>
<arg>GF</arg>
<arg>GG</arg>
<arg>GH</arg>
<arg>GI</arg>
<arg>GL</arg>
<arg>GM</arg>
<arg>GN</arg>
<arg>GP</arg>
<arg>GQ</arg>
<arg>GR</arg>
<arg>GS</arg>
<arg>GT</arg>
<arg>GU</arg>
<arg>GW</arg>
<arg>GY</arg>
<arg>HK</arg>
<arg>HM</arg>
<arg>HN</arg>
<arg>HR</arg>
<arg>HT</arg>
<arg>HU</arg>
<arg>ID</arg>
<arg>IE</arg>
<arg>IL</arg>
<arg>IM</arg>
<arg>IN</arg>
<arg>IO</arg>
<arg>IQ</arg>
<arg>IR</arg>
<arg>IS</arg>
<arg>IT</arg>
<arg>JE</arg>
<arg>JM</arg>
<arg>JO</arg>
<arg>JP</arg>
<arg>KE</arg>
<arg>KG</arg>
<arg>KH</arg>
<arg>KI</arg>
<arg>KM</arg>
<arg>KN</arg>
<arg>KP</arg>
<arg>KR</arg>
<arg>KW</arg>
<arg>KY</arg>
<arg>KZ</arg>
<arg>LA</arg>
<arg>LB</arg>
<arg>LC</arg>
<arg>LI</arg>
<arg>LK</arg>
<arg>LR</arg>
<arg>LS</arg>
<arg>LT</arg>
<arg>LU</arg>
<arg>LV</arg>
<arg>LY</arg>
<arg>MA</arg>
<arg>MC</arg>
<arg>MD</arg>
<arg>ME</arg>
<arg>MF</arg>
<arg>MG</arg>
<arg>MH</arg>
<arg>MK</arg>
<arg>ML</arg>
<arg>MM</arg>
<arg>MN</arg>
<arg>MO</arg>
<arg>MP</arg>
<arg>MQ</arg>
<arg>MR</arg>
<arg>MS</arg>
<arg>MT</arg>
<arg>MU</arg>
<arg>MV</arg>
<arg>MW</arg>
<arg>MX</arg>
<arg>MY</arg>
<arg>MZ</arg>
<arg>NA</arg>
<arg>NC</arg>
<arg>NE</arg>
<arg>NF</arg>
<arg>NG</arg>
<arg>NI</arg>
<arg>NL</arg>
<arg>NO</arg>
<arg>NP</arg>
<arg>NR</arg>
<arg>NU</arg>
<arg>NZ</arg>
<arg>OM</arg>
<arg>PA</arg>
<arg>PE</arg>
<arg>PF</arg>
<arg>PG</arg>
<arg>PH</arg>
<arg>PK</arg>
<arg>PL</arg>
<arg>PM</arg>
<arg>PN</arg>
<arg>PR</arg>
<arg>PS</arg>
<arg>PT</arg>
<arg>PW</arg>
<arg>PY</arg>
<arg>QA</arg>
<arg>RE</arg>
<arg>RO</arg>
<arg>RS</arg>
<arg>RU</arg>
<arg>RW</arg>
<arg>SA</arg>
<arg>SB</arg>
<arg>SC</arg>
<arg>SD</arg>
<arg>SE</arg>
<arg>SG</arg>
<arg>SH</arg>
<arg>SI</arg>
<arg>SJ</arg>
<arg>SK</arg>
<arg>SL</arg>
<arg>SM</arg>
<arg>SN</arg>
<arg>SO</arg>
<arg>SR</arg>
<arg>SS</arg>
<arg>ST</arg>
<arg>SV</arg>
<arg>SX</arg>
<arg>SY</arg>
<arg>SZ</arg>
<arg>TC</arg>
<arg>TD</arg>
<arg>TF</arg>
<arg>TG</arg>
<arg>TH</arg>
<arg>TJ</arg>
<arg>TK</arg>
<arg>TL</arg>
<arg>TM</arg>
<arg>TN</arg>
<arg>TO</arg>
<arg>TR</arg>
<arg>TT</arg>
<arg>TV</arg>
<arg>TW</arg>
<arg>TZ</arg>
<arg>UA</arg>
<arg>UG</arg>
<arg>UM</arg>
<arg>US</arg>
<arg>UY</arg>
<arg>UZ</arg>
<arg>VA</arg>
<arg>VC</arg>
<arg>VE</arg>
<arg>VG</arg>
<arg>VI</arg>
<arg>VN</arg>
<arg>VU</arg>
<arg>WF</arg>
<arg>WS</arg>
<arg>XK</arg>
<arg>YE</arg>
<arg>YT</arg>
<arg>ZA</arg>
<arg>ZM</arg>
<arg>ZW</arg>
<doc>Returns a list containing given items.</doc>
<status status="PASS" start="2024-08-04T04:19:10.618738" elapsed="0.000622"/>
</kw>
<kw name="List Should Contain Value" owner="Collections">
<arg>${list_country}</arg>
<arg>${name_country}</arg>
<doc>Fails if the ``value`` is not found from ``list``.</doc>
<status status="PASS" start="2024-08-04T04:19:10.620317" elapsed="0.000212"/>
</kw>
<kw name="Run Keyword If" owner="BuiltIn">
<kw name="Should Be True" owner="BuiltIn">
<arg>${True}</arg>
<doc>Fails if the given condition is not true.</doc>
<status status="PASS" start="2024-08-04T04:19:10.621463" elapsed="0.000142"/>
</kw>
<arg>${json_data["results"][0]["location"]["coordinates"]["latitude"]} &gt;= -90 and ${json_data["results"][0]["location"]["coordinates"]["latitude"]} &lt;= 90</arg>
<arg>Should Be True</arg>
<arg>${True}</arg>
<doc>Runs the given keyword with the given arguments, if ``condition`` is true.</doc>
<status status="PASS" start="2024-08-04T04:19:10.620726" elapsed="0.001003"/>
</kw>
<kw name="Run Keyword If" owner="BuiltIn">
<kw name="Should Be True" owner="BuiltIn">
<arg>${True}</arg>
<doc>Fails if the given condition is not true.</doc>
<status status="PASS" start="2024-08-04T04:19:10.622593" elapsed="0.000136"/>
</kw>
<arg>${json_data["results"][0]["location"]["coordinates"]["longitude"]} &gt;= -180 and ${json_data["results"][0]["location"]["coordinates"]["longitude"]} &lt;= 180</arg>
<arg>Should Be True</arg>
<arg>${True}</arg>
<doc>Runs the given keyword with the given arguments, if ``condition`` is true.</doc>
<status status="PASS" start="2024-08-04T04:19:10.621906" elapsed="0.000945"/>
</kw>
<status status="PASS" start="2024-08-04T04:19:10.521598" elapsed="0.101379"/>
</kw>
<doc>Testa o conteúdo específico dos campos retornados pela API.</doc>
<tag>testeConteudo</tag>
<status status="PASS" start="2024-08-04T04:19:10.521165" elapsed="0.101954"/>
</test>
<status status="PASS" start="2024-08-04T04:19:09.545206" elapsed="1.079824"/>
</suite>
<status status="PASS" start="2024-08-04T04:19:09.530970" elapsed="1.099076"/>
</suite>
<statistics>
<total>
<stat pass="5" fail="0" skip="0">All Tests</stat>
</total>
<tag>
<stat pass="1" fail="0" skip="0">testeConteudo</stat>
<stat pass="1" fail="0" skip="0">testeEstruturaResposta</stat>
<stat pass="1" fail="0" skip="0">testeRequisicaoBasica</stat>
<stat pass="1" fail="0" skip="0">testeTiposDados</stat>
</tag>
<suite>
<stat pass="5" fail="0" skip="0" id="s1" name="Tests">Tests</stat>
<stat pass="5" fail="0" skip="0" id="s1-s1" name="Random-User-Test">Tests.Random-User-Test</stat>
</suite>
</statistics>
<errors>
</errors>
</robot>
