<?xml version="1.0" encoding="UTF-8"?>
<robot generator="Robot 7.0 (Python 3.12.2 on linux)" generated="2024-04-13T07:12:55.431774" rpa="false" schemaversion="5">
<suite id="s1" name="Tests" source="/home/runner/work/DesafioQAItauRogerioJordao/DesafioQAItauRogerioJordao/RamdonUser/tests">
<suite id="s1-s1" name="Random-User-Test" source="/home/runner/work/DesafioQAItauRogerioJordao/DesafioQAItauRogerioJordao/RamdonUser/tests/random-user-test.robot">
<test id="s1-s1-t1" name="Conectar" line="13">
<kw name="Conectar API" owner="random-user-service">
<kw name="Create Session" owner="RequestsLibrary">
<msg time="2024-04-13T07:12:55.786747" level="INFO">Creating Session using : alias=consultarAPI, url=https://randomuser.me/, headers={},                     cookies={}, auth=None, timeout=None, proxies=None, verify=False,                     debug=0 </msg>
<arg>consultarAPI</arg>
<arg>${URL}</arg>
<doc>Create Session: create a HTTP session to a server</doc>
<status status="PASS" start="2024-04-13T07:12:55.786536" elapsed="0.000375"/>
</kw>
<status status="PASS" start="2024-04-13T07:12:55.785480" elapsed="0.001790"/>
</kw>
<status status="PASS" start="2024-04-13T07:12:55.784958" elapsed="0.002529"/>
</test>
<test id="s1-s1-t2" name="Validar retorno 200 e JSON Válido" line="16">
<kw name="Teste de Requisicao Basica" owner="random-user-service">
<kw name="GET On Session" owner="RequestsLibrary">
<msg time="2024-04-13T07:12:55.904385" level="INFO">GET Request : url=https://randomuser.me/api 
 path_url=/api 
 headers={'User-Agent': 'python-requests/2.31.0', 'Accept-Encoding': 'gzip, deflate', 'Accept': '*/*', 'Connection': 'keep-alive'} 
 body=None 
 </msg>
<msg time="2024-04-13T07:12:55.904489" level="INFO">GET Response : url=https://randomuser.me/api 
 status=200, reason=OK 
 headers={'Date': 'Sat, 13 Apr 2024 07:12:55 GMT', 'Content-Type': 'application/json; charset=utf-8', 'Transfer-Encoding': 'chunked', 'Connection': 'keep-alive', 'X-Powered-By': 'Express', 'Access-Control-Allow-Origin': '*', 'Cache-Control': 'no-cache', 'ETag': 'W/"4a3-C48AOwxMY9KZtMjQLswTcLel/yg"', 'Vary': 'Accept-Encoding', 'Content-Encoding': 'gzip', 'CF-Cache-Status': 'DYNAMIC', 'Report-To': '{"endpoints":[{"url":"https:\\/\\/a.nel.cloudflare.com\\/report\\/v4?s=X57RH42MtS9JA%2Fl01rBGMmnDWVd7V06v30pn4iHlDy2fFj6KRgi3ZW9nII9uwm2Pz7TaHirVQ6j1Eyk51%2F788gWQ%2F3Hsya1%2F9T%2BqpAi1lnHFwIOtFlNEs5H5f%2F6cvKEu"}],"group":"cf-nel","max_age":604800}', 'NEL': '{"success_fraction":0,"report_to":"cf-nel","max_age":604800}', 'Server': 'cloudflare', 'CF-RAY': '8739a68cd8521692-SJC', 'alt-svc': 'h3=":443"; ma=86400'} 
 body={"results":[{"gender":"female","name":{"title":"Miss","first":"Sapthashree","last":"Nand"},"location":{"street":{"number":5286,"name":"Tilak Marg"},"city":"Pimpri-Chinchwad","state":"Meghalaya","country":"India","postcode":69880,"coordinates":{"latitude":"12.8033","longitude":"120.5822"},"timezone":{"offset":"-5:00","description":"Eastern Time (US &amp; Canada), Bogota, Lima"}},"email":"sapthashree.nand@example.com","login":{"uuid":"b9338fba-aaa3-481a-a429-df295a9a648b","username":"purpleswan967","password":"bravo","salt":"NOlGgOhr","md5":"757d5f0929e218f20b13ce59b34d1b1f","sha1":"d3396c37cdf1b1f0e682b541a0b5fc8416123eab","sha256":"af045f641e053049c5a15b8ad84b166eee9e07217f0abdad97016a530f62da94"},"dob":{"date":"1953-02-19T21:21:30.346Z","age":71},"registered":{"date":"2013-08-28T22:28:00.828Z","age":10},"phone":"8664257730","cell":"9761341926","id":{"name":"UIDAI","value":"055371109092"},"picture":{"large":"https://randomuser.me/api/portraits/women/31.jpg","medium":"https://randomuser.me/api/portraits/med/women/31.jpg","thumbnail":"https://randomuser.me/api/portraits/thumb/women/31.jpg"},"nat":"IN"}],"info":{"seed":"a66d2ace4693b6bf","results":1,"page":1,"version":"1.4"}} 
 </msg>
<msg time="2024-04-13T07:12:55.904560" level="INFO">/opt/hostedtoolcache/Python/3.12.2/x64/lib/python3.12/site-packages/urllib3/connectionpool.py:1103: InsecureRequestWarning: Unverified HTTPS request is being made to host 'randomuser.me'. Adding certificate verification is strongly advised. See: https://urllib3.readthedocs.io/en/latest/advanced-usage.html#tls-warnings
  warnings.warn(</msg>
<msg time="2024-04-13T07:12:55.904681" level="INFO">${response} = &lt;Response [200]&gt;</msg>
<var>${response}</var>
<arg>consultarAPI</arg>
<arg>/api</arg>
<doc>Sends a GET request on a previously created HTTP Session.</doc>
<status status="PASS" start="2024-04-13T07:12:55.790184" elapsed="0.114537"/>
</kw>
<kw name="Should Be Equal As Numbers" owner="BuiltIn">
<msg time="2024-04-13T07:12:55.905699" level="INFO">Argument types are:
&lt;class 'int'&gt;
&lt;class 'str'&gt;</msg>
<arg>${response.status_code}</arg>
<arg>200</arg>
<doc>Fails if objects are unequal after converting them to real numbers.</doc>
<status status="PASS" start="2024-04-13T07:12:55.905227" elapsed="0.000537"/>
</kw>
<kw name="Log" owner="BuiltIn">
<msg time="2024-04-13T07:12:55.906503" level="INFO">200</msg>
<arg>${response.status_code}</arg>
<doc>Logs the given message with the given level.</doc>
<status status="PASS" start="2024-04-13T07:12:55.906093" elapsed="0.000455"/>
</kw>
<kw name="Set Variable" owner="BuiltIn">
<msg time="2024-04-13T07:12:55.907329" level="INFO">${json_data} = {'results': [{'gender': 'female', 'name': {'title': 'Miss', 'first': 'Sapthashree', 'last': 'Nand'}, 'location': {'street': {'number': 5286, 'name': 'Tilak Marg'}, 'city': 'Pimpri-Chinchwad', 'state':...</msg>
<var>${json_data}</var>
<arg>${response.json()}</arg>
<doc>Returns the given values which can then be assigned to a variables.</doc>
<status status="PASS" start="2024-04-13T07:12:55.906886" elapsed="0.000471"/>
</kw>
<kw name="Dictionary Should Contain Key" owner="Collections">
<msg time="2024-04-13T07:12:55.907833" level="INFO">False</msg>
<arg>${json_data}</arg>
<arg>results</arg>
<doc>Fails if ``key`` is not found from ``dictionary``.</doc>
<status status="PASS" start="2024-04-13T07:12:55.907665" elapsed="0.000207"/>
</kw>
<status status="PASS" start="2024-04-13T07:12:55.789922" elapsed="0.118202"/>
</kw>
<doc>Testa se a API responde corretamente e retorna um objeto JSON válido.</doc>
<tag>testeRequisicaoBasica</tag>
<status status="PASS" start="2024-04-13T07:12:55.789452" elapsed="0.118847"/>
</test>
<test id="s1-s1-t3" name="Validar estrutura de resposta" line="22">
<kw name="Teste de Estrutura de Resposta" owner="random-user-service">
<kw name="GET On Session" owner="RequestsLibrary">
<msg time="2024-04-13T07:12:56.011364" level="INFO">GET Request : url=https://randomuser.me/api 
 path_url=/api 
 headers={'User-Agent': 'python-requests/2.31.0', 'Accept-Encoding': 'gzip, deflate', 'Accept': '*/*', 'Connection': 'keep-alive'} 
 body=None 
 </msg>
<msg time="2024-04-13T07:12:56.011456" level="INFO">GET Response : url=https://randomuser.me/api 
 status=200, reason=OK 
 headers={'Date': 'Sat, 13 Apr 2024 07:12:56 GMT', 'Content-Type': 'application/json; charset=utf-8', 'Transfer-Encoding': 'chunked', 'Connection': 'keep-alive', 'X-Powered-By': 'Express', 'Access-Control-Allow-Origin': '*', 'Cache-Control': 'no-cache', 'ETag': 'W/"478-oNbe7y5OCvKZKJfMh8NAfUWI6Ts"', 'Vary': 'Accept-Encoding', 'Content-Encoding': 'gzip', 'CF-Cache-Status': 'DYNAMIC', 'Report-To': '{"endpoints":[{"url":"https:\\/\\/a.nel.cloudflare.com\\/report\\/v4?s=nTJmiHb9lsHcUNKk8n6hgXVsgRzAFN0U%2BaWIfIThpkZT3hBE%2FiAxoxHaSn9zpb%2FsCgY9AwZMpFdWUo2VjeKJgM0mOF6dCDWBQT9gVboe%2BTZM5xFTvTJEImLiuhQRc6wK"}],"group":"cf-nel","max_age":604800}', 'NEL': '{"success_fraction":0,"report_to":"cf-nel","max_age":604800}', 'Server': 'cloudflare', 'CF-RAY': '8739a68d791d1692-SJC', 'alt-svc': 'h3=":443"; ma=86400'} 
 body={"results":[{"gender":"male","name":{"title":"Mr","first":"Velizar","last":"Katić"},"location":{"street":{"number":5115,"name":"Cerska"},"city":"Ada","state":"Pčinja","country":"Serbia","postcode":98946,"coordinates":{"latitude":"63.0565","longitude":"-9.2546"},"timezone":{"offset":"+4:00","description":"Abu Dhabi, Muscat, Baku, Tbilisi"}},"email":"velizar.katic@example.com","login":{"uuid":"d49820af-3d86-4650-bf25-36198b1b45a5","username":"bluegoose304","password":"vector","salt":"n2FyAud9","md5":"097676b01b9cc7261bc83b46c7dc61be","sha1":"46a50a7b0601b236d73de64bf6117f66986784dc","sha256":"d4b35d8103cacc16e94cd28d366a79c21517145cd8d2f059bca772bf948b3464"},"dob":{"date":"1967-08-22T05:09:20.150Z","age":56},"registered":{"date":"2003-12-22T19:47:39.091Z","age":20},"phone":"026-1733-637","cell":"060-1049-049","id":{"name":"SID","value":"497591737"},"picture":{"large":"https://randomuser.me/api/portraits/men/59.jpg","medium":"https://randomuser.me/api/portraits/med/men/59.jpg","thumbnail":"https://randomuser.me/api/portraits/thumb/men/59.jpg"},"nat":"RS"}],"info":{"seed":"0e181f10fe2f5f62","results":1,"page":1,"version":"1.4"}} 
 </msg>
<msg time="2024-04-13T07:12:56.011594" level="INFO">/opt/hostedtoolcache/Python/3.12.2/x64/lib/python3.12/site-packages/urllib3/connectionpool.py:1103: InsecureRequestWarning: Unverified HTTPS request is being made to host 'randomuser.me'. Adding certificate verification is strongly advised. See: https://urllib3.readthedocs.io/en/latest/advanced-usage.html#tls-warnings
  warnings.warn(</msg>
<msg time="2024-04-13T07:12:56.011697" level="INFO">${response} = &lt;Response [200]&gt;</msg>
<var>${response}</var>
<arg>consultarAPI</arg>
<arg>/api</arg>
<doc>Sends a GET request on a previously created HTTP Session.</doc>
<status status="PASS" start="2024-04-13T07:12:55.911124" elapsed="0.100612"/>
</kw>
<kw name="Set Variable" owner="BuiltIn">
<msg time="2024-04-13T07:12:56.012594" level="INFO">${json_data} = {'results': [{'gender': 'male', 'name': {'title': 'Mr', 'first': 'Velizar', 'last': 'Katić'}, 'location': {'street': {'number': 5115, 'name': 'Cerska'}, 'city': 'Ada', 'state': 'Pčinja', 'country': 'S...</msg>
<var>${json_data}</var>
<arg>${response.json()}</arg>
<doc>Returns the given values which can then be assigned to a variables.</doc>
<status status="PASS" start="2024-04-13T07:12:56.012117" elapsed="0.000509"/>
</kw>
<kw name="Log" owner="BuiltIn">
<msg time="2024-04-13T07:12:56.013112" level="INFO">{'results': [{'gender': 'male', 'name': {'title': 'Mr', 'first': 'Velizar', 'last': 'Katić'}, 'location': {'street': {'number': 5115, 'name': 'Cerska'}, 'city': 'Ada', 'state': 'Pčinja', 'country': 'Serbia', 'postcode': 98946, 'coordinates': {'latitude': '63.0565', 'longitude': '-9.2546'}, 'timezone': {'offset': '+4:00', 'description': 'Abu Dhabi, Muscat, Baku, Tbilisi'}}, 'email': 'velizar.katic@example.com', 'login': {'uuid': 'd49820af-3d86-4650-bf25-36198b1b45a5', 'username': 'bluegoose304', 'password': 'vector', 'salt': 'n2FyAud9', 'md5': '097676b01b9cc7261bc83b46c7dc61be', 'sha1': '46a50a7b0601b236d73de64bf6117f66986784dc', 'sha256': 'd4b35d8103cacc16e94cd28d366a79c21517145cd8d2f059bca772bf948b3464'}, 'dob': {'date': '1967-08-22T05:09:20.150Z', 'age': 56}, 'registered': {'date': '2003-12-22T19:47:39.091Z', 'age': 20}, 'phone': '026-1733-637', 'cell': '060-1049-049', 'id': {'name': 'SID', 'value': '497591737'}, 'picture': {'large': 'https://randomuser.me/api/portraits/men/59.jpg', 'medium': 'https://randomuser.me/api/portraits/med/men/59.jpg', 'thumbnail': 'https://randomuser.me/api/portraits/thumb/men/59.jpg'}, 'nat': 'RS'}], 'info': {'seed': '0e181f10fe2f5f62', 'results': 1, 'page': 1, 'version': '1.4'}}</msg>
<arg>${json_data}</arg>
<doc>Logs the given message with the given level.</doc>
<status status="PASS" start="2024-04-13T07:12:56.012944" elapsed="0.000220"/>
</kw>
<kw name="Dictionary Should Contain Key" owner="Collections">
<msg time="2024-04-13T07:12:56.013629" level="INFO">False</msg>
<arg>${json_data}</arg>
<arg>results</arg>
<doc>Fails if ``key`` is not found from ``dictionary``.</doc>
<status status="PASS" start="2024-04-13T07:12:56.013471" elapsed="0.000196"/>
</kw>
<kw name="Should Not Be Empty" owner="BuiltIn">
<msg time="2024-04-13T07:12:56.014105" level="INFO">Length is 2.</msg>
<arg>${json_data}</arg>
<doc>Verifies that the given item is not empty.</doc>
<status status="PASS" start="2024-04-13T07:12:56.013969" elapsed="0.000176"/>
</kw>
<kw name="Create List" owner="BuiltIn">
<msg time="2024-04-13T07:12:56.014639" level="INFO">${expected_keys} = ['gender', 'name', 'location', 'email', 'login']</msg>
<var>${expected_keys}</var>
<arg>gender</arg>
<arg>name</arg>
<arg>location</arg>
<arg>email</arg>
<arg>login</arg>
<doc>Returns a list containing given items.</doc>
<status status="PASS" start="2024-04-13T07:12:56.014482" elapsed="0.000182"/>
</kw>
<for flavor="IN">
<iter>
<kw name="Dictionary Should Contain Key" owner="Collections">
<msg time="2024-04-13T07:12:56.015645" level="INFO">False</msg>
<arg>${json_data['results'][0]}</arg>
<arg>${key}</arg>
<doc>Fails if ``key`` is not found from ``dictionary``.</doc>
<status status="PASS" start="2024-04-13T07:12:56.015236" elapsed="0.000449"/>
</kw>
<kw name="Log" owner="BuiltIn">
<msg time="2024-04-13T07:12:56.016376" level="INFO">{'gender': 'male', 'name': {'title': 'Mr', 'first': 'Velizar', 'last': 'Katić'}, 'location': {'street': {'number': 5115, 'name': 'Cerska'}, 'city': 'Ada', 'state': 'Pčinja', 'country': 'Serbia', 'postcode': 98946, 'coordinates': {'latitude': '63.0565', 'longitude': '-9.2546'}, 'timezone': {'offset': '+4:00', 'description': 'Abu Dhabi, Muscat, Baku, Tbilisi'}}, 'email': 'velizar.katic@example.com', 'login': {'uuid': 'd49820af-3d86-4650-bf25-36198b1b45a5', 'username': 'bluegoose304', 'password': 'vector', 'salt': 'n2FyAud9', 'md5': '097676b01b9cc7261bc83b46c7dc61be', 'sha1': '46a50a7b0601b236d73de64bf6117f66986784dc', 'sha256': 'd4b35d8103cacc16e94cd28d366a79c21517145cd8d2f059bca772bf948b3464'}, 'dob': {'date': '1967-08-22T05:09:20.150Z', 'age': 56}, 'registered': {'date': '2003-12-22T19:47:39.091Z', 'age': 20}, 'phone': '026-1733-637', 'cell': '060-1049-049', 'id': {'name': 'SID', 'value': '497591737'}, 'picture': {'large': 'https://randomuser.me/api/portraits/men/59.jpg', 'medium': 'https://randomuser.me/api/portraits/med/men/59.jpg', 'thumbnail': 'https://randomuser.me/api/portraits/thumb/men/59.jpg'}, 'nat': 'RS'}</msg>
<arg>${json_data['results'][0]}</arg>
<doc>Logs the given message with the given level.</doc>
<status status="PASS" start="2024-04-13T07:12:56.015995" elapsed="0.000433"/>
</kw>
<kw name="Log" owner="BuiltIn">
<msg time="2024-04-13T07:12:56.016875" level="INFO">gender</msg>
<arg>${key}</arg>
<doc>Logs the given message with the given level.</doc>
<status status="PASS" start="2024-04-13T07:12:56.016742" elapsed="0.000171"/>
</kw>
<var name="${key}">gender</var>
<status status="PASS" start="2024-04-13T07:12:56.015109" elapsed="0.002025"/>
</iter>
<iter>
<kw name="Dictionary Should Contain Key" owner="Collections">
<msg time="2024-04-13T07:12:56.017846" level="INFO">False</msg>
<arg>${json_data['results'][0]}</arg>
<arg>${key}</arg>
<doc>Fails if ``key`` is not found from ``dictionary``.</doc>
<status status="PASS" start="2024-04-13T07:12:56.017443" elapsed="0.000443"/>
</kw>
<kw name="Log" owner="BuiltIn">
<msg time="2024-04-13T07:12:56.018618" level="INFO">{'gender': 'male', 'name': {'title': 'Mr', 'first': 'Velizar', 'last': 'Katić'}, 'location': {'street': {'number': 5115, 'name': 'Cerska'}, 'city': 'Ada', 'state': 'Pčinja', 'country': 'Serbia', 'postcode': 98946, 'coordinates': {'latitude': '63.0565', 'longitude': '-9.2546'}, 'timezone': {'offset': '+4:00', 'description': 'Abu Dhabi, Muscat, Baku, Tbilisi'}}, 'email': 'velizar.katic@example.com', 'login': {'uuid': 'd49820af-3d86-4650-bf25-36198b1b45a5', 'username': 'bluegoose304', 'password': 'vector', 'salt': 'n2FyAud9', 'md5': '097676b01b9cc7261bc83b46c7dc61be', 'sha1': '46a50a7b0601b236d73de64bf6117f66986784dc', 'sha256': 'd4b35d8103cacc16e94cd28d366a79c21517145cd8d2f059bca772bf948b3464'}, 'dob': {'date': '1967-08-22T05:09:20.150Z', 'age': 56}, 'registered': {'date': '2003-12-22T19:47:39.091Z', 'age': 20}, 'phone': '026-1733-637', 'cell': '060-1049-049', 'id': {'name': 'SID', 'value': '497591737'}, 'picture': {'large': 'https://randomuser.me/api/portraits/men/59.jpg', 'medium': 'https://randomuser.me/api/portraits/med/men/59.jpg', 'thumbnail': 'https://randomuser.me/api/portraits/thumb/men/59.jpg'}, 'nat': 'RS'}</msg>
<arg>${json_data['results'][0]}</arg>
<doc>Logs the given message with the given level.</doc>
<status status="PASS" start="2024-04-13T07:12:56.018221" elapsed="0.000449"/>
</kw>
<kw name="Log" owner="BuiltIn">
<msg time="2024-04-13T07:12:56.019108" level="INFO">name</msg>
<arg>${key}</arg>
<doc>Logs the given message with the given level.</doc>
<status status="PASS" start="2024-04-13T07:12:56.018978" elapsed="0.000170"/>
</kw>
<var name="${key}">name</var>
<status status="PASS" start="2024-04-13T07:12:56.017325" elapsed="0.002042"/>
</iter>
<iter>
<kw name="Dictionary Should Contain Key" owner="Collections">
<msg time="2024-04-13T07:12:56.020051" level="INFO">False</msg>
<arg>${json_data['results'][0]}</arg>
<arg>${key}</arg>
<doc>Fails if ``key`` is not found from ``dictionary``.</doc>
<status status="PASS" start="2024-04-13T07:12:56.019666" elapsed="0.000423"/>
</kw>
<kw name="Log" owner="BuiltIn">
<msg time="2024-04-13T07:12:56.020758" level="INFO">{'gender': 'male', 'name': {'title': 'Mr', 'first': 'Velizar', 'last': 'Katić'}, 'location': {'street': {'number': 5115, 'name': 'Cerska'}, 'city': 'Ada', 'state': 'Pčinja', 'country': 'Serbia', 'postcode': 98946, 'coordinates': {'latitude': '63.0565', 'longitude': '-9.2546'}, 'timezone': {'offset': '+4:00', 'description': 'Abu Dhabi, Muscat, Baku, Tbilisi'}}, 'email': 'velizar.katic@example.com', 'login': {'uuid': 'd49820af-3d86-4650-bf25-36198b1b45a5', 'username': 'bluegoose304', 'password': 'vector', 'salt': 'n2FyAud9', 'md5': '097676b01b9cc7261bc83b46c7dc61be', 'sha1': '46a50a7b0601b236d73de64bf6117f66986784dc', 'sha256': 'd4b35d8103cacc16e94cd28d366a79c21517145cd8d2f059bca772bf948b3464'}, 'dob': {'date': '1967-08-22T05:09:20.150Z', 'age': 56}, 'registered': {'date': '2003-12-22T19:47:39.091Z', 'age': 20}, 'phone': '026-1733-637', 'cell': '060-1049-049', 'id': {'name': 'SID', 'value': '497591737'}, 'picture': {'large': 'https://randomuser.me/api/portraits/men/59.jpg', 'medium': 'https://randomuser.me/api/portraits/med/men/59.jpg', 'thumbnail': 'https://randomuser.me/api/portraits/thumb/men/59.jpg'}, 'nat': 'RS'}</msg>
<arg>${json_data['results'][0]}</arg>
<doc>Logs the given message with the given level.</doc>
<status status="PASS" start="2024-04-13T07:12:56.020393" elapsed="0.000421"/>
</kw>
<kw name="Log" owner="BuiltIn">
<msg time="2024-04-13T07:12:56.021246" level="INFO">location</msg>
<arg>${key}</arg>
<doc>Logs the given message with the given level.</doc>
<status status="PASS" start="2024-04-13T07:12:56.021116" elapsed="0.000170"/>
</kw>
<var name="${key}">location</var>
<status status="PASS" start="2024-04-13T07:12:56.019551" elapsed="0.001956"/>
</iter>
<iter>
<kw name="Dictionary Should Contain Key" owner="Collections">
<msg time="2024-04-13T07:12:56.022186" level="INFO">False</msg>
<arg>${json_data['results'][0]}</arg>
<arg>${key}</arg>
<doc>Fails if ``key`` is not found from ``dictionary``.</doc>
<status status="PASS" start="2024-04-13T07:12:56.021797" elapsed="0.000428"/>
</kw>
<kw name="Log" owner="BuiltIn">
<msg time="2024-04-13T07:12:56.022925" level="INFO">{'gender': 'male', 'name': {'title': 'Mr', 'first': 'Velizar', 'last': 'Katić'}, 'location': {'street': {'number': 5115, 'name': 'Cerska'}, 'city': 'Ada', 'state': 'Pčinja', 'country': 'Serbia', 'postcode': 98946, 'coordinates': {'latitude': '63.0565', 'longitude': '-9.2546'}, 'timezone': {'offset': '+4:00', 'description': 'Abu Dhabi, Muscat, Baku, Tbilisi'}}, 'email': 'velizar.katic@example.com', 'login': {'uuid': 'd49820af-3d86-4650-bf25-36198b1b45a5', 'username': 'bluegoose304', 'password': 'vector', 'salt': 'n2FyAud9', 'md5': '097676b01b9cc7261bc83b46c7dc61be', 'sha1': '46a50a7b0601b236d73de64bf6117f66986784dc', 'sha256': 'd4b35d8103cacc16e94cd28d366a79c21517145cd8d2f059bca772bf948b3464'}, 'dob': {'date': '1967-08-22T05:09:20.150Z', 'age': 56}, 'registered': {'date': '2003-12-22T19:47:39.091Z', 'age': 20}, 'phone': '026-1733-637', 'cell': '060-1049-049', 'id': {'name': 'SID', 'value': '497591737'}, 'picture': {'large': 'https://randomuser.me/api/portraits/men/59.jpg', 'medium': 'https://randomuser.me/api/portraits/med/men/59.jpg', 'thumbnail': 'https://randomuser.me/api/portraits/thumb/men/59.jpg'}, 'nat': 'RS'}</msg>
<arg>${json_data['results'][0]}</arg>
<doc>Logs the given message with the given level.</doc>
<status status="PASS" start="2024-04-13T07:12:56.022551" elapsed="0.000424"/>
</kw>
<kw name="Log" owner="BuiltIn">
<msg time="2024-04-13T07:12:56.023411" level="INFO">email</msg>
<arg>${key}</arg>
<doc>Logs the given message with the given level.</doc>
<status status="PASS" start="2024-04-13T07:12:56.023280" elapsed="0.000170"/>
</kw>
<var name="${key}">email</var>
<status status="PASS" start="2024-04-13T07:12:56.021685" elapsed="0.001982"/>
</iter>
<iter>
<kw name="Dictionary Should Contain Key" owner="Collections">
<msg time="2024-04-13T07:12:56.024335" level="INFO">False</msg>
<arg>${json_data['results'][0]}</arg>
<arg>${key}</arg>
<doc>Fails if ``key`` is not found from ``dictionary``.</doc>
<status status="PASS" start="2024-04-13T07:12:56.023954" elapsed="0.000418"/>
</kw>
<kw name="Log" owner="BuiltIn">
<msg time="2024-04-13T07:12:56.025033" level="INFO">{'gender': 'male', 'name': {'title': 'Mr', 'first': 'Velizar', 'last': 'Katić'}, 'location': {'street': {'number': 5115, 'name': 'Cerska'}, 'city': 'Ada', 'state': 'Pčinja', 'country': 'Serbia', 'postcode': 98946, 'coordinates': {'latitude': '63.0565', 'longitude': '-9.2546'}, 'timezone': {'offset': '+4:00', 'description': 'Abu Dhabi, Muscat, Baku, Tbilisi'}}, 'email': 'velizar.katic@example.com', 'login': {'uuid': 'd49820af-3d86-4650-bf25-36198b1b45a5', 'username': 'bluegoose304', 'password': 'vector', 'salt': 'n2FyAud9', 'md5': '097676b01b9cc7261bc83b46c7dc61be', 'sha1': '46a50a7b0601b236d73de64bf6117f66986784dc', 'sha256': 'd4b35d8103cacc16e94cd28d366a79c21517145cd8d2f059bca772bf948b3464'}, 'dob': {'date': '1967-08-22T05:09:20.150Z', 'age': 56}, 'registered': {'date': '2003-12-22T19:47:39.091Z', 'age': 20}, 'phone': '026-1733-637', 'cell': '060-1049-049', 'id': {'name': 'SID', 'value': '497591737'}, 'picture': {'large': 'https://randomuser.me/api/portraits/men/59.jpg', 'medium': 'https://randomuser.me/api/portraits/med/men/59.jpg', 'thumbnail': 'https://randomuser.me/api/portraits/thumb/men/59.jpg'}, 'nat': 'RS'}</msg>
<arg>${json_data['results'][0]}</arg>
<doc>Logs the given message with the given level.</doc>
<status status="PASS" start="2024-04-13T07:12:56.024666" elapsed="0.000418"/>
</kw>
<kw name="Log" owner="BuiltIn">
<msg time="2024-04-13T07:12:56.025513" level="INFO">login</msg>
<arg>${key}</arg>
<doc>Logs the given message with the given level.</doc>
<status status="PASS" start="2024-04-13T07:12:56.025386" elapsed="0.000164"/>
</kw>
<var name="${key}">login</var>
<status status="PASS" start="2024-04-13T07:12:56.023841" elapsed="0.001930"/>
</iter>
<var>${key}</var>
<value>@{expected_keys}</value>
<status status="PASS" start="2024-04-13T07:12:56.014925" elapsed="0.010995"/>
</for>
<kw name="Create List" owner="BuiltIn">
<msg time="2024-04-13T07:12:56.026266" level="INFO">${expected_keysTwo} = ['username', 'password']</msg>
<var>${expected_keysTwo}</var>
<arg>username</arg>
<arg>password</arg>
<doc>Returns a list containing given items.</doc>
<status status="PASS" start="2024-04-13T07:12:56.026126" elapsed="0.000164"/>
</kw>
<for flavor="IN">
<iter>
<kw name="Dictionary Should Contain Key" owner="Collections">
<msg time="2024-04-13T07:12:56.027317" level="INFO">False</msg>
<arg>${json_data['results'][0]['login']}</arg>
<arg>${keyTwo}</arg>
<doc>Fails if ``key`` is not found from ``dictionary``.</doc>
<status status="PASS" start="2024-04-13T07:12:56.026923" elapsed="0.000432"/>
</kw>
<kw name="Dictionary Should Contain Key" owner="Collections">
<msg time="2024-04-13T07:12:56.028047" level="INFO">False</msg>
<arg>${json_data['results'][0]['login']}</arg>
<arg>${keyTwo}</arg>
<doc>Fails if ``key`` is not found from ``dictionary``.</doc>
<status status="PASS" start="2024-04-13T07:12:56.027658" elapsed="0.000426"/>
</kw>
<kw name="Log" owner="BuiltIn">
<msg time="2024-04-13T07:12:56.028515" level="INFO">username</msg>
<arg>${keyTwo}</arg>
<doc>Logs the given message with the given level.</doc>
<status status="PASS" start="2024-04-13T07:12:56.028385" elapsed="0.000168"/>
</kw>
<var name="${keyTwo}">username</var>
<status status="PASS" start="2024-04-13T07:12:56.026807" elapsed="0.001963"/>
</iter>
<iter>
<kw name="Dictionary Should Contain Key" owner="Collections">
<msg time="2024-04-13T07:12:56.029437" level="INFO">False</msg>
<arg>${json_data['results'][0]['login']}</arg>
<arg>${keyTwo}</arg>
<doc>Fails if ``key`` is not found from ``dictionary``.</doc>
<status status="PASS" start="2024-04-13T07:12:56.029056" elapsed="0.000418"/>
</kw>
<kw name="Dictionary Should Contain Key" owner="Collections">
<msg time="2024-04-13T07:12:56.030151" level="INFO">False</msg>
<arg>${json_data['results'][0]['login']}</arg>
<arg>${keyTwo}</arg>
<doc>Fails if ``key`` is not found from ``dictionary``.</doc>
<status status="PASS" start="2024-04-13T07:12:56.029766" elapsed="0.000422"/>
</kw>
<kw name="Log" owner="BuiltIn">
<msg time="2024-04-13T07:12:56.030638" level="INFO">password</msg>
<arg>${keyTwo}</arg>
<doc>Logs the given message with the given level.</doc>
<status status="PASS" start="2024-04-13T07:12:56.030507" elapsed="0.000169"/>
</kw>
<var name="${keyTwo}">password</var>
<status status="PASS" start="2024-04-13T07:12:56.028945" elapsed="0.001949"/>
</iter>
<var>${keyTwo}</var>
<value>@{expected_keysTwo}</value>
<status status="PASS" start="2024-04-13T07:12:56.026550" elapsed="0.004466"/>
</for>
<status status="PASS" start="2024-04-13T07:12:55.910890" elapsed="0.120263"/>
</kw>
<doc>Testa a estrutura da resposta da API.</doc>
<tag>testeEstruturaResposta</tag>
<status status="PASS" start="2024-04-13T07:12:55.910154" elapsed="0.121151"/>
</test>
<test id="s1-s1-t4" name="Validar tipos de dados" line="28">
<kw name="Teste de Tipos de Dados" owner="random-user-service">
<kw name="GET On Session" owner="RequestsLibrary">
<msg time="2024-04-13T07:12:56.117756" level="INFO">GET Request : url=https://randomuser.me/api 
 path_url=/api 
 headers={'User-Agent': 'python-requests/2.31.0', 'Accept-Encoding': 'gzip, deflate', 'Accept': '*/*', 'Connection': 'keep-alive'} 
 body=None 
 </msg>
<msg time="2024-04-13T07:12:56.117821" level="INFO">GET Response : url=https://randomuser.me/api 
 status=200, reason=OK 
 headers={'Date': 'Sat, 13 Apr 2024 07:12:56 GMT', 'Content-Type': 'application/json; charset=utf-8', 'Transfer-Encoding': 'chunked', 'Connection': 'keep-alive', 'X-Powered-By': 'Express', 'Access-Control-Allow-Origin': '*', 'Cache-Control': 'no-cache', 'ETag': 'W/"490-hdM9A5Xcxatj+nx5RD+DQqQZpgY"', 'Vary': 'Accept-Encoding', 'Content-Encoding': 'gzip', 'CF-Cache-Status': 'DYNAMIC', 'Report-To': '{"endpoints":[{"url":"https:\\/\\/a.nel.cloudflare.com\\/report\\/v4?s=x4kjUU799kZfevgTFvRWJJkTeM21HRND8aPBqwYJUjZZ0fYzjRxIW6oGVBFj45oVS8wE1Lz84G%2F2wy1LOIkrvep%2Ff3wcoxeY6c714u7XvduYSh5r4XjGNjIVfF6je3lu"}],"group":"cf-nel","max_age":604800}', 'NEL': '{"success_fraction":0,"report_to":"cf-nel","max_age":604800}', 'Server': 'cloudflare', 'CF-RAY': '8739a68e39df1692-SJC', 'alt-svc': 'h3=":443"; ma=86400'} 
 body={"results":[{"gender":"male","name":{"title":"Monsieur","first":"Guillaume","last":"Dufour"},"location":{"street":{"number":2052,"name":"Avenue du Château"},"city":"Treytorrens (Payerne)","state":"Uri","country":"Switzerland","postcode":4642,"coordinates":{"latitude":"-56.6702","longitude":"-11.3691"},"timezone":{"offset":"+4:30","description":"Kabul"}},"email":"guillaume.dufour@example.com","login":{"uuid":"63a31dd1-9507-454e-9e24-35706b30ed8d","username":"blackfish319","password":"universa","salt":"JwcDvq52","md5":"fade0cc96606900c597552c72fc5abf5","sha1":"c85ae8116b77334dad42c235c63072ee7e09a542","sha256":"8b1fb2dcc1d5b1281b36d699dae8b9de3b0a3859cd7843c0a1915ab774f5de23"},"dob":{"date":"1965-06-01T18:53:26.973Z","age":58},"registered":{"date":"2011-04-21T19:30:13.074Z","age":12},"phone":"078 208 85 84","cell":"077 168 88 66","id":{"name":"AVS","value":"756.5057.9676.21"},"picture":{"large":"https://randomuser.me/api/portraits/men/1.jpg","medium":"https://randomuser.me/api/portraits/med/men/1.jpg","thumbnail":"https://randomuser.me/api/portraits/thumb/men/1.jpg"},"nat":"CH"}],"info":{"seed":"13711a21282039c4","results":1,"page":1,"version":"1.4"}} 
 </msg>
<msg time="2024-04-13T07:12:56.117879" level="INFO">/opt/hostedtoolcache/Python/3.12.2/x64/lib/python3.12/site-packages/urllib3/connectionpool.py:1103: InsecureRequestWarning: Unverified HTTPS request is being made to host 'randomuser.me'. Adding certificate verification is strongly advised. See: https://urllib3.readthedocs.io/en/latest/advanced-usage.html#tls-warnings
  warnings.warn(</msg>
<msg time="2024-04-13T07:12:56.117967" level="INFO">${response} = &lt;Response [200]&gt;</msg>
<var>${response}</var>
<arg>consultarAPI</arg>
<arg>/api</arg>
<doc>Sends a GET request on a previously created HTTP Session.</doc>
<status status="PASS" start="2024-04-13T07:12:56.033797" elapsed="0.084211"/>
</kw>
<kw name="Set Variable" owner="BuiltIn">
<msg time="2024-04-13T07:12:56.119049" level="INFO">${json_data} = {'results': [{'gender': 'male', 'name': {'title': 'Monsieur', 'first': 'Guillaume', 'last': 'Dufour'}, 'location': {'street': {'number': 2052, 'name': 'Avenue du Château'}, 'city': 'Treytorrens (Payer...</msg>
<var>${json_data}</var>
<arg>${response.json()}</arg>
<doc>Returns the given values which can then be assigned to a variables.</doc>
<status status="PASS" start="2024-04-13T07:12:56.118484" elapsed="0.000595"/>
</kw>
<kw name="Log" owner="BuiltIn">
<msg time="2024-04-13T07:12:56.119549" level="INFO">{'results': [{'gender': 'male', 'name': {'title': 'Monsieur', 'first': 'Guillaume', 'last': 'Dufour'}, 'location': {'street': {'number': 2052, 'name': 'Avenue du Château'}, 'city': 'Treytorrens (Payerne)', 'state': 'Uri', 'country': 'Switzerland', 'postcode': 4642, 'coordinates': {'latitude': '-56.6702', 'longitude': '-11.3691'}, 'timezone': {'offset': '+4:30', 'description': 'Kabul'}}, 'email': 'guillaume.dufour@example.com', 'login': {'uuid': '63a31dd1-9507-454e-9e24-35706b30ed8d', 'username': 'blackfish319', 'password': 'universa', 'salt': 'JwcDvq52', 'md5': 'fade0cc96606900c597552c72fc5abf5', 'sha1': 'c85ae8116b77334dad42c235c63072ee7e09a542', 'sha256': '8b1fb2dcc1d5b1281b36d699dae8b9de3b0a3859cd7843c0a1915ab774f5de23'}, 'dob': {'date': '1965-06-01T18:53:26.973Z', 'age': 58}, 'registered': {'date': '2011-04-21T19:30:13.074Z', 'age': 12}, 'phone': '078 208 85 84', 'cell': '077 168 88 66', 'id': {'name': 'AVS', 'value': '756.5057.9676.21'}, 'picture': {'large': 'https://randomuser.me/api/portraits/men/1.jpg', 'medium': 'https://randomuser.me/api/portraits/med/men/1.jpg', 'thumbnail': 'https://randomuser.me/api/portraits/thumb/men/1.jpg'}, 'nat': 'CH'}], 'info': {'seed': '13711a21282039c4', 'results': 1, 'page': 1, 'version': '1.4'}}</msg>
<arg>${json_data}</arg>
<doc>Logs the given message with the given level.</doc>
<status status="PASS" start="2024-04-13T07:12:56.119392" elapsed="0.000207"/>
</kw>
<kw name="Should Be String" owner="String">
<arg>${json_data['results'][0]['gender']}</arg>
<doc>Fails if the given ``item`` is not a string.</doc>
<status status="PASS" start="2024-04-13T07:12:56.119924" elapsed="0.000368"/>
</kw>
<kw name="Should Match Regexp" owner="BuiltIn">
<arg>${json_data['results'][0]['email']}</arg>
<arg>^[a-zA-Z0-9._%+-]+@[a-zA-Z0-9.-]+\.[a-zA-Z]{2,}$</arg>
<doc>Fails if ``string`` does not match ``pattern`` as a regular expression.</doc>
<status status="PASS" start="2024-04-13T07:12:56.120487" elapsed="0.000500"/>
</kw>
<kw name="Should Match Regexp" owner="BuiltIn">
<arg>${json_data['results'][0]['dob']['date']}</arg>
<arg>\\d{4}-\\d{2}-\\d{2}T\\d{2}:\\d{2}:\\d{2}\\.\\d{3}Z</arg>
<doc>Fails if ``string`` does not match ``pattern`` as a regular expression.</doc>
<status status="PASS" start="2024-04-13T07:12:56.121183" elapsed="0.000495"/>
</kw>
<kw name="Should Match Regexp" owner="BuiltIn">
<arg>${json_data['results'][0]['registered']['date']}</arg>
<arg>\\d{4}-\\d{2}-\\d{2}T\\d{2}:\\d{2}:\\d{2}\\.\\d{3}Z</arg>
<doc>Fails if ``string`` does not match ``pattern`` as a regular expression.</doc>
<status status="PASS" start="2024-04-13T07:12:56.121874" elapsed="0.000377"/>
</kw>
<kw name="Should Match Regexp" owner="BuiltIn">
<arg>${json_data['results'][0]['picture']['large']}</arg>
<arg>^https?://.*\.(?:png|jpe?g|gif|bmp)$</arg>
<doc>Fails if ``string`` does not match ``pattern`` as a regular expression.</doc>
<status status="PASS" start="2024-04-13T07:12:56.122474" elapsed="0.000484"/>
</kw>
<kw name="Should Match Regexp" owner="BuiltIn">
<arg>${json_data['results'][0]['picture']['medium']}</arg>
<arg>^https?://.*\.(?:png|jpe?g|gif|bmp)$</arg>
<doc>Fails if ``string`` does not match ``pattern`` as a regular expression.</doc>
<status status="PASS" start="2024-04-13T07:12:56.123150" elapsed="0.000361"/>
</kw>
<kw name="Should Match Regexp" owner="BuiltIn">
<arg>${json_data['results'][0]['picture']['thumbnail']}</arg>
<arg>^https?://.*\.(?:png|jpe?g|gif|bmp)$</arg>
<doc>Fails if ``string`` does not match ``pattern`` as a regular expression.</doc>
<status status="PASS" start="2024-04-13T07:12:56.123700" elapsed="0.000352"/>
</kw>
<kw name="Log" owner="BuiltIn">
<msg time="2024-04-13T07:12:56.124570" level="INFO">{'large': 'https://randomuser.me/api/portraits/men/1.jpg', 'medium': 'https://randomuser.me/api/portraits/med/men/1.jpg', 'thumbnail': 'https://randomuser.me/api/portraits/thumb/men/1.jpg'}</msg>
<arg>${json_data['results'][0]['picture']}</arg>
<doc>Logs the given message with the given level.</doc>
<status status="PASS" start="2024-04-13T07:12:56.124236" elapsed="0.000376"/>
</kw>
<status status="PASS" start="2024-04-13T07:12:56.033574" elapsed="0.091291"/>
</kw>
<kw name="Teste de Tipos de Dados - Postcode" owner="random-user-service">
<kw name="GET On Session" owner="RequestsLibrary">
<msg time="2024-04-13T07:12:56.216521" level="INFO">GET Request : url=https://randomuser.me/api 
 path_url=/api 
 headers={'User-Agent': 'python-requests/2.31.0', 'Accept-Encoding': 'gzip, deflate', 'Accept': '*/*', 'Connection': 'keep-alive'} 
 body=None 
 </msg>
<msg time="2024-04-13T07:12:56.216605" level="INFO">GET Response : url=https://randomuser.me/api 
 status=200, reason=OK 
 headers={'Date': 'Sat, 13 Apr 2024 07:12:56 GMT', 'Content-Type': 'application/json; charset=utf-8', 'Transfer-Encoding': 'chunked', 'Connection': 'keep-alive', 'X-Powered-By': 'Express', 'Access-Control-Allow-Origin': '*', 'Cache-Control': 'no-cache', 'ETag': 'W/"498-MbPCanWPT55Z16VnMQB993D6esg"', 'Vary': 'Accept-Encoding', 'Content-Encoding': 'gzip', 'CF-Cache-Status': 'DYNAMIC', 'Report-To': '{"endpoints":[{"url":"https:\\/\\/a.nel.cloudflare.com\\/report\\/v4?s=RajA9MVGQDTBuV0l1U1UpOcb1PyrWmB8BI836ba81Go0NtPp0sz9ZETcf6ff1Z4r5Wuda5D5TB4Eujf9Vh0%2FEX%2FYw5BN2Z1CaS33jf%2FTezugMw4ihlcdOLtXt0Utj0Qx"}],"group":"cf-nel","max_age":604800}', 'NEL': '{"success_fraction":0,"report_to":"cf-nel","max_age":604800}', 'Server': 'cloudflare', 'CF-RAY': '8739a68eca561692-SJC', 'alt-svc': 'h3=":443"; ma=86400'} 
 body={"results":[{"gender":"male","name":{"title":"Mr","first":"Lester","last":"Sutton"},"location":{"street":{"number":2281,"name":"Smokey Ln"},"city":"Los Angeles","state":"Indiana","country":"United States","postcode":36140,"coordinates":{"latitude":"89.0635","longitude":"-109.3817"},"timezone":{"offset":"+8:00","description":"Beijing, Perth, Singapore, Hong Kong"}},"email":"lester.sutton@example.com","login":{"uuid":"9ed3c844-3175-4777-8186-a3f2b2da9bf6","username":"orangegorilla711","password":"apples","salt":"ogCvDBBI","md5":"025cbf1ece80e9bf42386459377eecc9","sha1":"d9af19b44878c4e40c1e96f2ad2f2f01c1ba2cb0","sha256":"1d757b6a8a325bb43584bb657c3ff05d4817e12a8fb36d6ce8449a43c76d767c"},"dob":{"date":"1958-04-19T05:00:32.593Z","age":65},"registered":{"date":"2021-10-15T02:13:14.954Z","age":2},"phone":"(718) 757-9371","cell":"(393) 679-5602","id":{"name":"SSN","value":"250-54-7642"},"picture":{"large":"https://randomuser.me/api/portraits/men/15.jpg","medium":"https://randomuser.me/api/portraits/med/men/15.jpg","thumbnail":"https://randomuser.me/api/portraits/thumb/men/15.jpg"},"nat":"US"}],"info":{"seed":"6e75922b4f2a86db","results":1,"page":1,"version":"1.4"}} 
 </msg>
<msg time="2024-04-13T07:12:56.216696" level="INFO">/opt/hostedtoolcache/Python/3.12.2/x64/lib/python3.12/site-packages/urllib3/connectionpool.py:1103: InsecureRequestWarning: Unverified HTTPS request is being made to host 'randomuser.me'. Adding certificate verification is strongly advised. See: https://urllib3.readthedocs.io/en/latest/advanced-usage.html#tls-warnings
  warnings.warn(</msg>
<msg time="2024-04-13T07:12:56.216810" level="INFO">${response} = &lt;Response [200]&gt;</msg>
<var>${response}</var>
<arg>consultarAPI</arg>
<arg>/api</arg>
<doc>Sends a GET request on a previously created HTTP Session.</doc>
<status status="PASS" start="2024-04-13T07:12:56.125299" elapsed="0.091553"/>
</kw>
<kw name="Set Variable" owner="BuiltIn">
<msg time="2024-04-13T07:12:56.217720" level="INFO">${json_data} = {'results': [{'gender': 'male', 'name': {'title': 'Mr', 'first': 'Lester', 'last': 'Sutton'}, 'location': {'street': {'number': 2281, 'name': 'Smokey Ln'}, 'city': 'Los Angeles', 'state': 'Indiana', '...</msg>
<var>${json_data}</var>
<arg>${response.json()}</arg>
<doc>Returns the given values which can then be assigned to a variables.</doc>
<status status="PASS" start="2024-04-13T07:12:56.217281" elapsed="0.000467"/>
</kw>
<kw name="Log" owner="BuiltIn">
<msg time="2024-04-13T07:12:56.218206" level="INFO">{'results': [{'gender': 'male', 'name': {'title': 'Mr', 'first': 'Lester', 'last': 'Sutton'}, 'location': {'street': {'number': 2281, 'name': 'Smokey Ln'}, 'city': 'Los Angeles', 'state': 'Indiana', 'country': 'United States', 'postcode': 36140, 'coordinates': {'latitude': '89.0635', 'longitude': '-109.3817'}, 'timezone': {'offset': '+8:00', 'description': 'Beijing, Perth, Singapore, Hong Kong'}}, 'email': 'lester.sutton@example.com', 'login': {'uuid': '9ed3c844-3175-4777-8186-a3f2b2da9bf6', 'username': 'orangegorilla711', 'password': 'apples', 'salt': 'ogCvDBBI', 'md5': '025cbf1ece80e9bf42386459377eecc9', 'sha1': 'd9af19b44878c4e40c1e96f2ad2f2f01c1ba2cb0', 'sha256': '1d757b6a8a325bb43584bb657c3ff05d4817e12a8fb36d6ce8449a43c76d767c'}, 'dob': {'date': '1958-04-19T05:00:32.593Z', 'age': 65}, 'registered': {'date': '2021-10-15T02:13:14.954Z', 'age': 2}, 'phone': '(718) 757-9371', 'cell': '(393) 679-5602', 'id': {'name': 'SSN', 'value': '250-54-7642'}, 'picture': {'large': 'https://randomuser.me/api/portraits/men/15.jpg', 'medium': 'https://randomuser.me/api/portraits/med/men/15.jpg', 'thumbnail': 'https://randomuser.me/api/portraits/thumb/men/15.jpg'}, 'nat': 'US'}], 'info': {'seed': '6e75922b4f2a86db', 'results': 1, 'page': 1, 'version': '1.4'}}</msg>
<arg>${json_data}</arg>
<doc>Logs the given message with the given level.</doc>
<status status="PASS" start="2024-04-13T07:12:56.218052" elapsed="0.000201"/>
</kw>
<kw name="Should Be Equal As Numbers" owner="BuiltIn">
<arg>${json_data['results'][0]['location']['postcode']}</arg>
<arg>${json_data['results'][0]['location']['postcode']}</arg>
<doc>Fails if objects are unequal after converting them to real numbers.</doc>
<status status="PASS" start="2024-04-13T07:12:56.218593" elapsed="0.000669"/>
</kw>
<kw name="Log" owner="BuiltIn">
<msg time="2024-04-13T07:12:56.219800" level="INFO">36140</msg>
<arg>${json_data['results'][0]['location']['postcode']}</arg>
<doc>Logs the given message with the given level.</doc>
<status status="PASS" start="2024-04-13T07:12:56.219458" elapsed="0.000383"/>
</kw>
<status status="PASS" start="2024-04-13T07:12:56.125074" elapsed="0.095024"/>
</kw>
<doc>Testa se os tipos de dados na resposta da API estão corretos.</doc>
<tag>testeTiposDados</tag>
<status status="PASS" start="2024-04-13T07:12:56.033064" elapsed="0.187196"/>
</test>
<test id="s1-s1-t5" name="Validar conteudo" line="35">
<kw name="Teste de Tipos de Conteudo" owner="random-user-service">
<kw name="GET On Session" owner="RequestsLibrary">
<msg time="2024-04-13T07:12:56.325489" level="INFO">GET Request : url=https://randomuser.me/api 
 path_url=/api 
 headers={'User-Agent': 'python-requests/2.31.0', 'Accept-Encoding': 'gzip, deflate', 'Accept': '*/*', 'Connection': 'keep-alive'} 
 body=None 
 </msg>
<msg time="2024-04-13T07:12:56.325571" level="INFO">GET Response : url=https://randomuser.me/api 
 status=200, reason=OK 
 headers={'Date': 'Sat, 13 Apr 2024 07:12:56 GMT', 'Content-Type': 'application/json; charset=utf-8', 'Transfer-Encoding': 'chunked', 'Connection': 'keep-alive', 'X-Powered-By': 'Express', 'Access-Control-Allow-Origin': '*', 'Cache-Control': 'no-cache', 'ETag': 'W/"47a-N/WadugbAzpvfIJpBiFruGKaf3Q"', 'Vary': 'Accept-Encoding', 'Content-Encoding': 'gzip', 'CF-Cache-Status': 'DYNAMIC', 'Report-To': '{"endpoints":[{"url":"https:\\/\\/a.nel.cloudflare.com\\/report\\/v4?s=Y0Q%2FfjVnUH4BFi18rUnxZBD49fWMN1w6kF8H8TncSefF8x5v3nt1je%2FbVQpAWvrsPzgS72Rtzm7mOJc7N48Aigsb5K8kx4N1H2UUJ%2Bnst5f9ynuFCti34u8eZBLgZMra"}],"group":"cf-nel","max_age":604800}', 'NEL': '{"success_fraction":0,"report_to":"cf-nel","max_age":604800}', 'Server': 'cloudflare', 'CF-RAY': '8739a68f6ae81692-SJC', 'alt-svc': 'h3=":443"; ma=86400'} 
 body={"results":[{"gender":"male","name":{"title":"Mr","first":"Aiden","last":"Harris"},"location":{"street":{"number":6076,"name":"20th Ave"},"city":"Cornwall","state":"British Columbia","country":"Canada","postcode":"V1Z 4I9","coordinates":{"latitude":"-70.3717","longitude":"-146.0685"},"timezone":{"offset":"-2:00","description":"Mid-Atlantic"}},"email":"aiden.harris@example.com","login":{"uuid":"06590314-2190-4af7-899a-f433a1af57c0","username":"purplemouse956","password":"mikey1","salt":"khJaO9BG","md5":"f867e89a53e96553c76350a57064b2da","sha1":"c510ef5826c0d07c65d1e92cce3fd26ba4e681a7","sha256":"2a5917a85cf868257ae741c76fd694201ef92e71f1da98a199c489223d9c16ce"},"dob":{"date":"1959-04-24T13:19:43.332Z","age":64},"registered":{"date":"2006-08-08T10:32:35.328Z","age":17},"phone":"R16 Y34-7076","cell":"B03 Z36-8895","id":{"name":"SIN","value":"364862151"},"picture":{"large":"https://randomuser.me/api/portraits/men/20.jpg","medium":"https://randomuser.me/api/portraits/med/men/20.jpg","thumbnail":"https://randomuser.me/api/portraits/thumb/men/20.jpg"},"nat":"CA"}],"info":{"seed":"a062bfdcc2a99917","results":1,"page":1,"version":"1.4"}} 
 </msg>
<msg time="2024-04-13T07:12:56.325645" level="INFO">/opt/hostedtoolcache/Python/3.12.2/x64/lib/python3.12/site-packages/urllib3/connectionpool.py:1103: InsecureRequestWarning: Unverified HTTPS request is being made to host 'randomuser.me'. Adding certificate verification is strongly advised. See: https://urllib3.readthedocs.io/en/latest/advanced-usage.html#tls-warnings
  warnings.warn(</msg>
<msg time="2024-04-13T07:12:56.325764" level="INFO">${response} = &lt;Response [200]&gt;</msg>
<var>${response}</var>
<arg>consultarAPI</arg>
<arg>/api</arg>
<doc>Sends a GET request on a previously created HTTP Session.</doc>
<status status="PASS" start="2024-04-13T07:12:56.222755" elapsed="0.103070"/>
</kw>
<kw name="Set Variable" owner="BuiltIn">
<msg time="2024-04-13T07:12:56.326937" level="INFO">${json_data} = {'results': [{'gender': 'male', 'name': {'title': 'Mr', 'first': 'Aiden', 'last': 'Harris'}, 'location': {'street': {'number': 6076, 'name': '20th Ave'}, 'city': 'Cornwall', 'state': 'British Columbia...</msg>
<var>${json_data}</var>
<arg>${response.json()}</arg>
<doc>Returns the given values which can then be assigned to a variables.</doc>
<status status="PASS" start="2024-04-13T07:12:56.326355" elapsed="0.000610"/>
</kw>
<kw name="Set Variable" owner="BuiltIn">
<msg time="2024-04-13T07:12:56.327683" level="INFO">${name_title} = Mr</msg>
<var>${name_title}</var>
<arg>${json_data["results"][0]["name"]["title"]}</arg>
<doc>Returns the given values which can then be assigned to a variables.</doc>
<status status="PASS" start="2024-04-13T07:12:56.327299" elapsed="0.000409"/>
</kw>
<kw name="Create List" owner="BuiltIn">
<msg time="2024-04-13T07:12:56.328155" level="INFO">${allowed_titles} = ['Mr', 'Ms', 'Miss', 'Mrs', 'Madame', 'Monsieur']</msg>
<var>${allowed_titles}</var>
<arg>Mr</arg>
<arg>Ms</arg>
<arg>Miss</arg>
<arg>Mrs</arg>
<arg>Madame</arg>
<arg>Monsieur</arg>
<doc>Returns a list containing given items.</doc>
<status status="PASS" start="2024-04-13T07:12:56.328006" elapsed="0.000174"/>
</kw>
<kw name="List Should Contain Value" owner="Collections">
<msg time="2024-04-13T07:12:56.328652" level="INFO">False</msg>
<arg>${allowed_titles}</arg>
<arg>${name_title}</arg>
<doc>Fails if the ``value`` is not found from ``list``.</doc>
<status status="PASS" start="2024-04-13T07:12:56.328478" elapsed="0.000212"/>
</kw>
<kw name="Set Variable" owner="BuiltIn">
<msg time="2024-04-13T07:12:56.329359" level="INFO">${name_country} = CA</msg>
<var>${name_country}</var>
<arg>${json_data["results"][0]["nat"]}</arg>
<doc>Returns the given values which can then be assigned to a variables.</doc>
<status status="PASS" start="2024-04-13T07:12:56.328980" elapsed="0.000404"/>
</kw>
<kw name="Create List" owner="BuiltIn">
<msg time="2024-04-13T07:12:56.330287" level="INFO">${list_country} = ['AD', 'AE', 'AF', 'AG', 'AI', 'AL', 'AM', 'AO', 'AQ', 'AR', 'AS', 'AT', 'AU', 'AW', 'AX', 'AZ', 'BA', 'BB', 'BD', 'BE', 'BF', 'BG', 'BH', 'BI', 'BJ', 'BL', 'BM', 'BN', 'BO', 'BQ', 'BR', 'BS', 'BT', '...</msg>
<var>${list_country}</var>
<arg>AD</arg>
<arg>AE</arg>
<arg>AF</arg>
<arg>AG</arg>
<arg>AI</arg>
<arg>AL</arg>
<arg>AM</arg>
<arg>AO</arg>
<arg>AQ</arg>
<arg>AR</arg>
<arg>AS</arg>
<arg>AT</arg>
<arg>AU</arg>
<arg>AW</arg>
<arg>AX</arg>
<arg>AZ</arg>
<arg>BA</arg>
<arg>BB</arg>
<arg>BD</arg>
<arg>BE</arg>
<arg>BF</arg>
<arg>BG</arg>
<arg>BH</arg>
<arg>BI</arg>
<arg>BJ</arg>
<arg>BL</arg>
<arg>BM</arg>
<arg>BN</arg>
<arg>BO</arg>
<arg>BQ</arg>
<arg>BR</arg>
<arg>BS</arg>
<arg>BT</arg>
<arg>BV</arg>
<arg>BW</arg>
<arg>BY</arg>
<arg>BZ</arg>
<arg>CA</arg>
<arg>CC</arg>
<arg>CD</arg>
<arg>CF</arg>
<arg>CG</arg>
<arg>CH</arg>
<arg>CI</arg>
<arg>CK</arg>
<arg>CL</arg>
<arg>CM</arg>
<arg>CN</arg>
<arg>CO</arg>
<arg>CR</arg>
<arg>CU</arg>
<arg>CV</arg>
<arg>CW</arg>
<arg>CX</arg>
<arg>CY</arg>
<arg>CZ</arg>
<arg>DE</arg>
<arg>DJ</arg>
<arg>DK</arg>
<arg>DM</arg>
<arg>DO</arg>
<arg>DZ</arg>
<arg>EC</arg>
<arg>EE</arg>
<arg>EG</arg>
<arg>EH</arg>
<arg>ER</arg>
<arg>ES</arg>
<arg>ET</arg>
<arg>FI</arg>
<arg>FJ</arg>
<arg>FK</arg>
<arg>FM</arg>
<arg>FO</arg>
<arg>FR</arg>
<arg>GA</arg>
<arg>GB</arg>
<arg>GD</arg>
<arg>GE</arg>
<arg>GF</arg>
<arg>GG</arg>
<arg>GH</arg>
<arg>GI</arg>
<arg>GL</arg>
<arg>GM</arg>
<arg>GN</arg>
<arg>GP</arg>
<arg>GQ</arg>
<arg>GR</arg>
<arg>GS</arg>
<arg>GT</arg>
<arg>GU</arg>
<arg>GW</arg>
<arg>GY</arg>
<arg>HK</arg>
<arg>HM</arg>
<arg>HN</arg>
<arg>HR</arg>
<arg>HT</arg>
<arg>HU</arg>
<arg>ID</arg>
<arg>IE</arg>
<arg>IL</arg>
<arg>IM</arg>
<arg>IN</arg>
<arg>IO</arg>
<arg>IQ</arg>
<arg>IR</arg>
<arg>IS</arg>
<arg>IT</arg>
<arg>JE</arg>
<arg>JM</arg>
<arg>JO</arg>
<arg>JP</arg>
<arg>KE</arg>
<arg>KG</arg>
<arg>KH</arg>
<arg>KI</arg>
<arg>KM</arg>
<arg>KN</arg>
<arg>KP</arg>
<arg>KR</arg>
<arg>KW</arg>
<arg>KY</arg>
<arg>KZ</arg>
<arg>LA</arg>
<arg>LB</arg>
<arg>LC</arg>
<arg>LI</arg>
<arg>LK</arg>
<arg>LR</arg>
<arg>LS</arg>
<arg>LT</arg>
<arg>LU</arg>
<arg>LV</arg>
<arg>LY</arg>
<arg>MA</arg>
<arg>MC</arg>
<arg>MD</arg>
<arg>ME</arg>
<arg>MF</arg>
<arg>MG</arg>
<arg>MH</arg>
<arg>MK</arg>
<arg>ML</arg>
<arg>MM</arg>
<arg>MN</arg>
<arg>MO</arg>
<arg>MP</arg>
<arg>MQ</arg>
<arg>MR</arg>
<arg>MS</arg>
<arg>MT</arg>
<arg>MU</arg>
<arg>MV</arg>
<arg>MW</arg>
<arg>MX</arg>
<arg>MY</arg>
<arg>MZ</arg>
<arg>NA</arg>
<arg>NC</arg>
<arg>NE</arg>
<arg>NF</arg>
<arg>NG</arg>
<arg>NI</arg>
<arg>NL</arg>
<arg>NO</arg>
<arg>NP</arg>
<arg>NR</arg>
<arg>NU</arg>
<arg>NZ</arg>
<arg>OM</arg>
<arg>PA</arg>
<arg>PE</arg>
<arg>PF</arg>
<arg>PG</arg>
<arg>PH</arg>
<arg>PK</arg>
<arg>PL</arg>
<arg>PM</arg>
<arg>PN</arg>
<arg>PR</arg>
<arg>PS</arg>
<arg>PT</arg>
<arg>PW</arg>
<arg>PY</arg>
<arg>QA</arg>
<arg>RE</arg>
<arg>RO</arg>
<arg>RS</arg>
<arg>RU</arg>
<arg>RW</arg>
<arg>SA</arg>
<arg>SB</arg>
<arg>SC</arg>
<arg>SD</arg>
<arg>SE</arg>
<arg>SG</arg>
<arg>SH</arg>
<arg>SI</arg>
<arg>SJ</arg>
<arg>SK</arg>
<arg>SL</arg>
<arg>SM</arg>
<arg>SN</arg>
<arg>SO</arg>
<arg>SR</arg>
<arg>SS</arg>
<arg>ST</arg>
<arg>SV</arg>
<arg>SX</arg>
<arg>SY</arg>
<arg>SZ</arg>
<arg>TC</arg>
<arg>TD</arg>
<arg>TF</arg>
<arg>TG</arg>
<arg>TH</arg>
<arg>TJ</arg>
<arg>TK</arg>
<arg>TL</arg>
<arg>TM</arg>
<arg>TN</arg>
<arg>TO</arg>
<arg>TR</arg>
<arg>TT</arg>
<arg>TV</arg>
<arg>TW</arg>
<arg>TZ</arg>
<arg>UA</arg>
<arg>UG</arg>
<arg>UM</arg>
<arg>US</arg>
<arg>UY</arg>
<arg>UZ</arg>
<arg>VA</arg>
<arg>VC</arg>
<arg>VE</arg>
<arg>VG</arg>
<arg>VI</arg>
<arg>VN</arg>
<arg>VU</arg>
<arg>WF</arg>
<arg>WS</arg>
<arg>XK</arg>
<arg>YE</arg>
<arg>YT</arg>
<arg>ZA</arg>
<arg>ZM</arg>
<arg>ZW</arg>
<doc>Returns a list containing given items.</doc>
<status status="PASS" start="2024-04-13T07:12:56.329690" elapsed="0.000622"/>
</kw>
<kw name="List Should Contain Value" owner="Collections">
<msg time="2024-04-13T07:12:56.331336" level="INFO">False</msg>
<arg>${list_country}</arg>
<arg>${name_country}</arg>
<doc>Fails if the ``value`` is not found from ``list``.</doc>
<status status="PASS" start="2024-04-13T07:12:56.331128" elapsed="0.000246"/>
</kw>
<kw name="Run Keyword If" owner="BuiltIn">
<kw name="Should Be True" owner="BuiltIn">
<arg>${True}</arg>
<doc>Fails if the given condition is not true.</doc>
<status status="PASS" start="2024-04-13T07:12:56.332534" elapsed="0.000146"/>
</kw>
<arg>${json_data["results"][0]["location"]["coordinates"]["latitude"]} &gt;= -90 and ${json_data["results"][0]["location"]["coordinates"]["latitude"]} &lt;= 90</arg>
<arg>Should Be True</arg>
<arg>${True}</arg>
<doc>Runs the given keyword with the given arguments, if ``condition`` is true.</doc>
<status status="PASS" start="2024-04-13T07:12:56.331681" elapsed="0.001130"/>
</kw>
<kw name="Run Keyword If" owner="BuiltIn">
<kw name="Should Be True" owner="BuiltIn">
<arg>${True}</arg>
<doc>Fails if the given condition is not true.</doc>
<status status="PASS" start="2024-04-13T07:12:56.333696" elapsed="0.000140"/>
</kw>
<arg>${json_data["results"][0]["location"]["coordinates"]["longitude"]} &gt;= -180 and ${json_data["results"][0]["location"]["coordinates"]["longitude"]} &lt;= 180</arg>
<arg>Should Be True</arg>
<arg>${True}</arg>
<doc>Runs the given keyword with the given arguments, if ``condition`` is true.</doc>
<status status="PASS" start="2024-04-13T07:12:56.332999" elapsed="0.000964"/>
</kw>
<status status="PASS" start="2024-04-13T07:12:56.222528" elapsed="0.111564"/>
</kw>
<doc>Testa o conteúdo específico dos campos retornados pela API.</doc>
<tag>testeConteudo</tag>
<status status="PASS" start="2024-04-13T07:12:56.221993" elapsed="0.112244"/>
</test>
<status status="PASS" start="2024-04-13T07:12:55.483779" elapsed="0.852416"/>
</suite>
<status status="PASS" start="2024-04-13T07:12:55.470235" elapsed="0.871279"/>
</suite>
<statistics>
<total>
<stat pass="5" fail="0" skip="0">All Tests</stat>
</total>
<tag>
<stat pass="1" fail="0" skip="0">testeConteudo</stat>
<stat pass="1" fail="0" skip="0">testeEstruturaResposta</stat>
<stat pass="1" fail="0" skip="0">testeRequisicaoBasica</stat>
<stat pass="1" fail="0" skip="0">testeTiposDados</stat>
</tag>
<suite>
<stat pass="5" fail="0" skip="0" id="s1" name="Tests">Tests</stat>
<stat pass="5" fail="0" skip="0" id="s1-s1" name="Random-User-Test">Tests.Random-User-Test</stat>
</suite>
</statistics>
<errors>
</errors>
</robot>
