<?xml version="1.0" encoding="UTF-8"?>
<robot generator="Robot 7.0.1 (Python 3.12.4 on linux)" generated="2024-07-25T01:08:15.347230" rpa="false" schemaversion="5">
<suite id="s1" name="Tests" source="/home/runner/work/ApiRandomUser/ApiRandomUser/RamdonUser/tests">
<suite id="s1-s1" name="Random-User-Test" source="/home/runner/work/ApiRandomUser/ApiRandomUser/RamdonUser/tests/random-user-test.robot">
<test id="s1-s1-t1" name="Conectar" line="13">
<kw name="Conectar API" owner="random-user-service">
<kw name="Create Session" owner="RequestsLibrary">
<msg time="2024-07-25T01:08:15.764997" level="INFO">Creating Session using : alias=consultarAPI, url=https://randomuser.me/, headers={},                     cookies={}, auth=None, timeout=None, proxies=None, verify=False,                     debug=0 </msg>
<arg>consultarAPI</arg>
<arg>${URL}</arg>
<doc>Create Session: create a HTTP session to a server</doc>
<status status="PASS" start="2024-07-25T01:08:15.764794" elapsed="0.000386"/>
</kw>
<status status="PASS" start="2024-07-25T01:08:15.763734" elapsed="0.001808"/>
</kw>
<status status="PASS" start="2024-07-25T01:08:15.763072" elapsed="0.002676"/>
</test>
<test id="s1-s1-t2" name="Validar retorno 200 e JSON Válido" line="16">
<kw name="Teste de Requisicao Basica" owner="random-user-service">
<kw name="GET On Session" owner="RequestsLibrary">
<msg time="2024-07-25T01:08:15.956663" level="INFO">GET Request : url=https://randomuser.me/api 
 path_url=/api 
 headers={'User-Agent': 'python-requests/2.32.3', 'Accept-Encoding': 'gzip, deflate', 'Accept': '*/*', 'Connection': 'keep-alive'} 
 body=None 
 </msg>
<msg time="2024-07-25T01:08:15.956783" level="INFO">GET Response : url=https://randomuser.me/api 
 status=200, reason=OK 
 headers={'Date': 'Thu, 25 Jul 2024 01:08:15 GMT', 'Content-Type': 'application/json; charset=utf-8', 'Transfer-Encoding': 'chunked', 'Connection': 'keep-alive', 'X-Powered-By': 'Express', 'Access-Control-Allow-Origin': '*', 'Cache-Control': 'no-cache', 'ETag': 'W/"49a-yV/7SSbkry3GHv0Z8W3Ac5ptdUA"', 'Vary': 'Accept-Encoding', 'Content-Encoding': 'gzip', 'CF-Cache-Status': 'DYNAMIC', 'Report-To': '{"endpoints":[{"url":"https:\\/\\/a.nel.cloudflare.com\\/report\\/v4?s=VwUkJD7q59QGIupgDgQEF2gZAJxOUr4y3xUFWGfvQvPGcdnbJctgo64gdeaYo9yG8swAI8a0extaI%2Fk6nKsmbNlGcyZ1fKi1pSuiiAUXRcm8JkMPl7AKx4NTctxRWyac"}],"group":"cf-nel","max_age":604800}', 'NEL': '{"success_fraction":0,"report_to":"cf-nel","max_age":604800}', 'Server': 'cloudflare', 'CF-RAY': '8a8841ff6fc661e7-ORD', 'alt-svc': 'h3=":443"; ma=86400'} 
 body={"results":[{"gender":"female","name":{"title":"Miss","first":"Sam","last":"Simmons"},"location":{"street":{"number":1465,"name":"Bridge Road"},"city":"City of London","state":"Lincolnshire","country":"United Kingdom","postcode":"T7 8PR","coordinates":{"latitude":"-11.0324","longitude":"53.9970"},"timezone":{"offset":"-12:00","description":"Eniwetok, Kwajalein"}},"email":"sam.simmons@example.com","login":{"uuid":"dd302139-dfd8-4de6-baf1-3332308048a1","username":"beautifulduck317","password":"xxx123","salt":"01FY4x9N","md5":"0c5c50000ae8953e19c474787f8dba95","sha1":"e8ea05591fc4c87fe0cc682e0050c9c08c6d8137","sha256":"97f6972641561b4772e697c1b48359bf2a8cc178f8c04831d84fb9cf68fce15c"},"dob":{"date":"1956-11-24T07:13:42.880Z","age":67},"registered":{"date":"2004-12-29T10:49:37.019Z","age":19},"phone":"01050 25619","cell":"07574 843365","id":{"name":"NINO","value":"CA 04 93 36 Z"},"picture":{"large":"https://randomuser.me/api/portraits/women/21.jpg","medium":"https://randomuser.me/api/portraits/med/women/21.jpg","thumbnail":"https://randomuser.me/api/portraits/thumb/women/21.jpg"},"nat":"GB"}],"info":{"seed":"80be8ce46277214e","results":1,"page":1,"version":"1.4"}} 
 </msg>
<msg time="2024-07-25T01:08:15.956860" level="INFO">/opt/hostedtoolcache/Python/3.12.4/x64/lib/python3.12/site-packages/urllib3/connectionpool.py:1099: InsecureRequestWarning: Unverified HTTPS request is being made to host 'randomuser.me'. Adding certificate verification is strongly advised. See: https://urllib3.readthedocs.io/en/latest/advanced-usage.html#tls-warnings
  warnings.warn(</msg>
<msg time="2024-07-25T01:08:15.956996" level="INFO">${response} = &lt;Response [200]&gt;</msg>
<var>${response}</var>
<arg>consultarAPI</arg>
<arg>/api</arg>
<doc>Sends a GET request on a previously created HTTP Session.</doc>
<status status="PASS" start="2024-07-25T01:08:15.768574" elapsed="0.188464"/>
</kw>
<kw name="Should Be Equal As Numbers" owner="BuiltIn">
<msg time="2024-07-25T01:08:15.957917" level="INFO">Argument types are:
&lt;class 'int'&gt;
&lt;class 'str'&gt;</msg>
<arg>${response.status_code}</arg>
<arg>200</arg>
<doc>Fails if objects are unequal after converting them to real numbers.</doc>
<status status="PASS" start="2024-07-25T01:08:15.957471" elapsed="0.000514"/>
</kw>
<kw name="Log" owner="BuiltIn">
<msg time="2024-07-25T01:08:15.958701" level="INFO">200</msg>
<arg>${response.status_code}</arg>
<doc>Logs the given message with the given level.</doc>
<status status="PASS" start="2024-07-25T01:08:15.958321" elapsed="0.000427"/>
</kw>
<kw name="Set Variable" owner="BuiltIn">
<msg time="2024-07-25T01:08:15.959573" level="INFO">${json_data} = {'results': [{'gender': 'female', 'name': {'title': 'Miss', 'first': 'Sam', 'last': 'Simmons'}, 'location': {'street': {'number': 1465, 'name': 'Bridge Road'}, 'city': 'City of London', 'state': 'Linc...</msg>
<var>${json_data}</var>
<arg>${response.json()}</arg>
<doc>Returns the given values which can then be assigned to a variables.</doc>
<status status="PASS" start="2024-07-25T01:08:15.959076" elapsed="0.000529"/>
</kw>
<kw name="Dictionary Should Contain Key" owner="Collections">
<arg>${json_data}</arg>
<arg>results</arg>
<doc>Fails if ``key`` is not found from ``dictionary``.</doc>
<status status="PASS" start="2024-07-25T01:08:15.959943" elapsed="0.000308"/>
</kw>
<status status="PASS" start="2024-07-25T01:08:15.768311" elapsed="0.192103"/>
</kw>
<doc>Testa se a API responde corretamente e retorna um objeto JSON válido.</doc>
<tag>testeRequisicaoBasica</tag>
<status status="PASS" start="2024-07-25T01:08:15.767775" elapsed="0.192819"/>
</test>
<test id="s1-s1-t3" name="Validar estrutura de resposta" line="22">
<kw name="Teste de Estrutura de Resposta" owner="random-user-service">
<kw name="GET On Session" owner="RequestsLibrary">
<msg time="2024-07-25T01:08:16.092092" level="INFO">GET Request : url=https://randomuser.me/api 
 path_url=/api 
 headers={'User-Agent': 'python-requests/2.32.3', 'Accept-Encoding': 'gzip, deflate', 'Accept': '*/*', 'Connection': 'keep-alive'} 
 body=None 
 </msg>
<msg time="2024-07-25T01:08:16.092177" level="INFO">GET Response : url=https://randomuser.me/api 
 status=200, reason=OK 
 headers={'Date': 'Thu, 25 Jul 2024 01:08:16 GMT', 'Content-Type': 'application/json; charset=utf-8', 'Transfer-Encoding': 'chunked', 'Connection': 'keep-alive', 'X-Powered-By': 'Express', 'Access-Control-Allow-Origin': '*', 'Cache-Control': 'no-cache', 'ETag': 'W/"474-Y3hjdMd+x3CP98jg8+K24wHSsdM"', 'Vary': 'Accept-Encoding', 'Content-Encoding': 'gzip', 'CF-Cache-Status': 'DYNAMIC', 'Report-To': '{"endpoints":[{"url":"https:\\/\\/a.nel.cloudflare.com\\/report\\/v4?s=pv3Vl9jkFXFK8saSBwrtw8wQZ0XGqbXzv3MC7U0GcT617dM5MIadEWFRlyk6jz%2FuqoNW814EQI3uEsKFCuMgdDECLM1QHhIFUzosG2svhYm229NxaAQZEbLH1w%2FW90dn"}],"group":"cf-nel","max_age":604800}', 'NEL': '{"success_fraction":0,"report_to":"cf-nel","max_age":604800}', 'Server': 'cloudflare', 'CF-RAY': '8a8841ffc82b61e7-ORD', 'alt-svc': 'h3=":443"; ma=86400'} 
 body={"results":[{"gender":"male","name":{"title":"Mr","first":"Abdul","last":"Reitan"},"location":{"street":{"number":3361,"name":"Haugerudtunet"},"city":"Eide","state":"Vest-Agder","country":"Norway","postcode":"8754","coordinates":{"latitude":"45.5361","longitude":"-41.7685"},"timezone":{"offset":"+7:00","description":"Bangkok, Hanoi, Jakarta"}},"email":"abdul.reitan@example.com","login":{"uuid":"0ad552ed-c799-4790-8c9c-53001ecd3eb1","username":"organicpeacock417","password":"sancho","salt":"XDKKDJds","md5":"da4afd2e0e378e2ab005f15299544725","sha1":"ab78a00cf41a3bf1c103fb268ef06dd0655eaa3f","sha256":"eaa0b5e05697bf237d5afedb510a4197e3aa4d61dfa1fad5ef4962e0c83e4ea6"},"dob":{"date":"1955-04-23T03:13:48.368Z","age":69},"registered":{"date":"2003-04-10T04:34:18.868Z","age":21},"phone":"28881971","cell":"40060205","id":{"name":"FN","value":"23045520919"},"picture":{"large":"https://randomuser.me/api/portraits/men/0.jpg","medium":"https://randomuser.me/api/portraits/med/men/0.jpg","thumbnail":"https://randomuser.me/api/portraits/thumb/men/0.jpg"},"nat":"NO"}],"info":{"seed":"2418625d4f696c2f","results":1,"page":1,"version":"1.4"}} 
 </msg>
<msg time="2024-07-25T01:08:16.092301" level="INFO">/opt/hostedtoolcache/Python/3.12.4/x64/lib/python3.12/site-packages/urllib3/connectionpool.py:1099: InsecureRequestWarning: Unverified HTTPS request is being made to host 'randomuser.me'. Adding certificate verification is strongly advised. See: https://urllib3.readthedocs.io/en/latest/advanced-usage.html#tls-warnings
  warnings.warn(</msg>
<msg time="2024-07-25T01:08:16.092446" level="INFO">${response} = &lt;Response [200]&gt;</msg>
<var>${response}</var>
<arg>consultarAPI</arg>
<arg>/api</arg>
<doc>Sends a GET request on a previously created HTTP Session.</doc>
<status status="PASS" start="2024-07-25T01:08:15.963484" elapsed="0.129012"/>
</kw>
<kw name="Set Variable" owner="BuiltIn">
<msg time="2024-07-25T01:08:16.093355" level="INFO">${json_data} = {'results': [{'gender': 'male', 'name': {'title': 'Mr', 'first': 'Abdul', 'last': 'Reitan'}, 'location': {'street': {'number': 3361, 'name': 'Haugerudtunet'}, 'city': 'Eide', 'state': 'Vest-Agder', 'c...</msg>
<var>${json_data}</var>
<arg>${response.json()}</arg>
<doc>Returns the given values which can then be assigned to a variables.</doc>
<status status="PASS" start="2024-07-25T01:08:16.092869" elapsed="0.000517"/>
</kw>
<kw name="Log" owner="BuiltIn">
<msg time="2024-07-25T01:08:16.093878" level="INFO">{'results': [{'gender': 'male', 'name': {'title': 'Mr', 'first': 'Abdul', 'last': 'Reitan'}, 'location': {'street': {'number': 3361, 'name': 'Haugerudtunet'}, 'city': 'Eide', 'state': 'Vest-Agder', 'country': 'Norway', 'postcode': '8754', 'coordinates': {'latitude': '45.5361', 'longitude': '-41.7685'}, 'timezone': {'offset': '+7:00', 'description': 'Bangkok, Hanoi, Jakarta'}}, 'email': 'abdul.reitan@example.com', 'login': {'uuid': '0ad552ed-c799-4790-8c9c-53001ecd3eb1', 'username': 'organicpeacock417', 'password': 'sancho', 'salt': 'XDKKDJds', 'md5': 'da4afd2e0e378e2ab005f15299544725', 'sha1': 'ab78a00cf41a3bf1c103fb268ef06dd0655eaa3f', 'sha256': 'eaa0b5e05697bf237d5afedb510a4197e3aa4d61dfa1fad5ef4962e0c83e4ea6'}, 'dob': {'date': '1955-04-23T03:13:48.368Z', 'age': 69}, 'registered': {'date': '2003-04-10T04:34:18.868Z', 'age': 21}, 'phone': '28881971', 'cell': '40060205', 'id': {'name': 'FN', 'value': '23045520919'}, 'picture': {'large': 'https://randomuser.me/api/portraits/men/0.jpg', 'medium': 'https://randomuser.me/api/portraits/med/men/0.jpg', 'thumbnail': 'https://randomuser.me/api/portraits/thumb/men/0.jpg'}, 'nat': 'NO'}], 'info': {'seed': '2418625d4f696c2f', 'results': 1, 'page': 1, 'version': '1.4'}}</msg>
<arg>${json_data}</arg>
<doc>Logs the given message with the given level.</doc>
<status status="PASS" start="2024-07-25T01:08:16.093703" elapsed="0.000225"/>
</kw>
<kw name="Dictionary Should Contain Key" owner="Collections">
<arg>${json_data}</arg>
<arg>results</arg>
<doc>Fails if ``key`` is not found from ``dictionary``.</doc>
<status status="PASS" start="2024-07-25T01:08:16.094236" elapsed="0.000167"/>
</kw>
<kw name="Should Not Be Empty" owner="BuiltIn">
<msg time="2024-07-25T01:08:16.094731" level="INFO">Length is 2.</msg>
<arg>${json_data}</arg>
<doc>Verifies that the given item is not empty.</doc>
<status status="PASS" start="2024-07-25T01:08:16.094597" elapsed="0.000175"/>
</kw>
<kw name="Create List" owner="BuiltIn">
<msg time="2024-07-25T01:08:16.095278" level="INFO">${expected_keys} = ['gender', 'name', 'location', 'email', 'login']</msg>
<var>${expected_keys}</var>
<arg>gender</arg>
<arg>name</arg>
<arg>location</arg>
<arg>email</arg>
<arg>login</arg>
<doc>Returns a list containing given items.</doc>
<status status="PASS" start="2024-07-25T01:08:16.095068" elapsed="0.000238"/>
</kw>
<for flavor="IN">
<iter>
<kw name="Dictionary Should Contain Key" owner="Collections">
<arg>${json_data['results'][0]}</arg>
<arg>${key}</arg>
<doc>Fails if ``key`` is not found from ``dictionary``.</doc>
<status status="PASS" start="2024-07-25T01:08:16.095911" elapsed="0.000425"/>
</kw>
<kw name="Log" owner="BuiltIn">
<msg time="2024-07-25T01:08:16.096918" level="INFO">{'gender': 'male', 'name': {'title': 'Mr', 'first': 'Abdul', 'last': 'Reitan'}, 'location': {'street': {'number': 3361, 'name': 'Haugerudtunet'}, 'city': 'Eide', 'state': 'Vest-Agder', 'country': 'Norway', 'postcode': '8754', 'coordinates': {'latitude': '45.5361', 'longitude': '-41.7685'}, 'timezone': {'offset': '+7:00', 'description': 'Bangkok, Hanoi, Jakarta'}}, 'email': 'abdul.reitan@example.com', 'login': {'uuid': '0ad552ed-c799-4790-8c9c-53001ecd3eb1', 'username': 'organicpeacock417', 'password': 'sancho', 'salt': 'XDKKDJds', 'md5': 'da4afd2e0e378e2ab005f15299544725', 'sha1': 'ab78a00cf41a3bf1c103fb268ef06dd0655eaa3f', 'sha256': 'eaa0b5e05697bf237d5afedb510a4197e3aa4d61dfa1fad5ef4962e0c83e4ea6'}, 'dob': {'date': '1955-04-23T03:13:48.368Z', 'age': 69}, 'registered': {'date': '2003-04-10T04:34:18.868Z', 'age': 21}, 'phone': '28881971', 'cell': '40060205', 'id': {'name': 'FN', 'value': '23045520919'}, 'picture': {'large': 'https://randomuser.me/api/portraits/men/0.jpg', 'medium': 'https://randomuser.me/api/portraits/med/men/0.jpg', 'thumbnail': 'https://randomuser.me/api/portraits/thumb/men/0.jpg'}, 'nat': 'NO'}</msg>
<arg>${json_data['results'][0]}</arg>
<doc>Logs the given message with the given level.</doc>
<status status="PASS" start="2024-07-25T01:08:16.096540" elapsed="0.000439"/>
</kw>
<kw name="Log" owner="BuiltIn">
<msg time="2024-07-25T01:08:16.097429" level="INFO">gender</msg>
<arg>${key}</arg>
<doc>Logs the given message with the given level.</doc>
<status status="PASS" start="2024-07-25T01:08:16.097292" elapsed="0.000178"/>
</kw>
<var name="${key}">gender</var>
<status status="PASS" start="2024-07-25T01:08:16.095778" elapsed="0.001926"/>
</iter>
<iter>
<kw name="Dictionary Should Contain Key" owner="Collections">
<arg>${json_data['results'][0]}</arg>
<arg>${key}</arg>
<doc>Fails if ``key`` is not found from ``dictionary``.</doc>
<status status="PASS" start="2024-07-25T01:08:16.098023" elapsed="0.000412"/>
</kw>
<kw name="Log" owner="BuiltIn">
<msg time="2024-07-25T01:08:16.099003" level="INFO">{'gender': 'male', 'name': {'title': 'Mr', 'first': 'Abdul', 'last': 'Reitan'}, 'location': {'street': {'number': 3361, 'name': 'Haugerudtunet'}, 'city': 'Eide', 'state': 'Vest-Agder', 'country': 'Norway', 'postcode': '8754', 'coordinates': {'latitude': '45.5361', 'longitude': '-41.7685'}, 'timezone': {'offset': '+7:00', 'description': 'Bangkok, Hanoi, Jakarta'}}, 'email': 'abdul.reitan@example.com', 'login': {'uuid': '0ad552ed-c799-4790-8c9c-53001ecd3eb1', 'username': 'organicpeacock417', 'password': 'sancho', 'salt': 'XDKKDJds', 'md5': 'da4afd2e0e378e2ab005f15299544725', 'sha1': 'ab78a00cf41a3bf1c103fb268ef06dd0655eaa3f', 'sha256': 'eaa0b5e05697bf237d5afedb510a4197e3aa4d61dfa1fad5ef4962e0c83e4ea6'}, 'dob': {'date': '1955-04-23T03:13:48.368Z', 'age': 69}, 'registered': {'date': '2003-04-10T04:34:18.868Z', 'age': 21}, 'phone': '28881971', 'cell': '40060205', 'id': {'name': 'FN', 'value': '23045520919'}, 'picture': {'large': 'https://randomuser.me/api/portraits/men/0.jpg', 'medium': 'https://randomuser.me/api/portraits/med/men/0.jpg', 'thumbnail': 'https://randomuser.me/api/portraits/thumb/men/0.jpg'}, 'nat': 'NO'}</msg>
<arg>${json_data['results'][0]}</arg>
<doc>Logs the given message with the given level.</doc>
<status status="PASS" start="2024-07-25T01:08:16.098629" elapsed="0.000457"/>
</kw>
<kw name="Log" owner="BuiltIn">
<msg time="2024-07-25T01:08:16.099547" level="INFO">name</msg>
<arg>${key}</arg>
<doc>Logs the given message with the given level.</doc>
<status status="PASS" start="2024-07-25T01:08:16.099416" elapsed="0.000170"/>
</kw>
<var name="${key}">name</var>
<status status="PASS" start="2024-07-25T01:08:16.097903" elapsed="0.001901"/>
</iter>
<iter>
<kw name="Dictionary Should Contain Key" owner="Collections">
<arg>${json_data['results'][0]}</arg>
<arg>${key}</arg>
<doc>Fails if ``key`` is not found from ``dictionary``.</doc>
<status status="PASS" start="2024-07-25T01:08:16.100101" elapsed="0.000388"/>
</kw>
<kw name="Log" owner="BuiltIn">
<msg time="2024-07-25T01:08:16.101023" level="INFO">{'gender': 'male', 'name': {'title': 'Mr', 'first': 'Abdul', 'last': 'Reitan'}, 'location': {'street': {'number': 3361, 'name': 'Haugerudtunet'}, 'city': 'Eide', 'state': 'Vest-Agder', 'country': 'Norway', 'postcode': '8754', 'coordinates': {'latitude': '45.5361', 'longitude': '-41.7685'}, 'timezone': {'offset': '+7:00', 'description': 'Bangkok, Hanoi, Jakarta'}}, 'email': 'abdul.reitan@example.com', 'login': {'uuid': '0ad552ed-c799-4790-8c9c-53001ecd3eb1', 'username': 'organicpeacock417', 'password': 'sancho', 'salt': 'XDKKDJds', 'md5': 'da4afd2e0e378e2ab005f15299544725', 'sha1': 'ab78a00cf41a3bf1c103fb268ef06dd0655eaa3f', 'sha256': 'eaa0b5e05697bf237d5afedb510a4197e3aa4d61dfa1fad5ef4962e0c83e4ea6'}, 'dob': {'date': '1955-04-23T03:13:48.368Z', 'age': 69}, 'registered': {'date': '2003-04-10T04:34:18.868Z', 'age': 21}, 'phone': '28881971', 'cell': '40060205', 'id': {'name': 'FN', 'value': '23045520919'}, 'picture': {'large': 'https://randomuser.me/api/portraits/men/0.jpg', 'medium': 'https://randomuser.me/api/portraits/med/men/0.jpg', 'thumbnail': 'https://randomuser.me/api/portraits/thumb/men/0.jpg'}, 'nat': 'NO'}</msg>
<arg>${json_data['results'][0]}</arg>
<doc>Logs the given message with the given level.</doc>
<status status="PASS" start="2024-07-25T01:08:16.100678" elapsed="0.000402"/>
</kw>
<kw name="Log" owner="BuiltIn">
<msg time="2024-07-25T01:08:16.101503" level="INFO">location</msg>
<arg>${key}</arg>
<doc>Logs the given message with the given level.</doc>
<status status="PASS" start="2024-07-25T01:08:16.101375" elapsed="0.000167"/>
</kw>
<var name="${key}">location</var>
<status status="PASS" start="2024-07-25T01:08:16.099981" elapsed="0.001782"/>
</iter>
<iter>
<kw name="Dictionary Should Contain Key" owner="Collections">
<arg>${json_data['results'][0]}</arg>
<arg>${key}</arg>
<doc>Fails if ``key`` is not found from ``dictionary``.</doc>
<status status="PASS" start="2024-07-25T01:08:16.102044" elapsed="0.000379"/>
</kw>
<kw name="Log" owner="BuiltIn">
<msg time="2024-07-25T01:08:16.103076" level="INFO">{'gender': 'male', 'name': {'title': 'Mr', 'first': 'Abdul', 'last': 'Reitan'}, 'location': {'street': {'number': 3361, 'name': 'Haugerudtunet'}, 'city': 'Eide', 'state': 'Vest-Agder', 'country': 'Norway', 'postcode': '8754', 'coordinates': {'latitude': '45.5361', 'longitude': '-41.7685'}, 'timezone': {'offset': '+7:00', 'description': 'Bangkok, Hanoi, Jakarta'}}, 'email': 'abdul.reitan@example.com', 'login': {'uuid': '0ad552ed-c799-4790-8c9c-53001ecd3eb1', 'username': 'organicpeacock417', 'password': 'sancho', 'salt': 'XDKKDJds', 'md5': 'da4afd2e0e378e2ab005f15299544725', 'sha1': 'ab78a00cf41a3bf1c103fb268ef06dd0655eaa3f', 'sha256': 'eaa0b5e05697bf237d5afedb510a4197e3aa4d61dfa1fad5ef4962e0c83e4ea6'}, 'dob': {'date': '1955-04-23T03:13:48.368Z', 'age': 69}, 'registered': {'date': '2003-04-10T04:34:18.868Z', 'age': 21}, 'phone': '28881971', 'cell': '40060205', 'id': {'name': 'FN', 'value': '23045520919'}, 'picture': {'large': 'https://randomuser.me/api/portraits/men/0.jpg', 'medium': 'https://randomuser.me/api/portraits/med/men/0.jpg', 'thumbnail': 'https://randomuser.me/api/portraits/thumb/men/0.jpg'}, 'nat': 'NO'}</msg>
<arg>${json_data['results'][0]}</arg>
<doc>Logs the given message with the given level.</doc>
<status status="PASS" start="2024-07-25T01:08:16.102724" elapsed="0.000403"/>
</kw>
<kw name="Log" owner="BuiltIn">
<msg time="2024-07-25T01:08:16.103588" level="INFO">email</msg>
<arg>${key}</arg>
<doc>Logs the given message with the given level.</doc>
<status status="PASS" start="2024-07-25T01:08:16.103458" elapsed="0.000168"/>
</kw>
<var name="${key}">email</var>
<status status="PASS" start="2024-07-25T01:08:16.101937" elapsed="0.001912"/>
</iter>
<iter>
<kw name="Dictionary Should Contain Key" owner="Collections">
<arg>${json_data['results'][0]}</arg>
<arg>${key}</arg>
<doc>Fails if ``key`` is not found from ``dictionary``.</doc>
<status status="PASS" start="2024-07-25T01:08:16.104138" elapsed="0.000375"/>
</kw>
<kw name="Log" owner="BuiltIn">
<msg time="2024-07-25T01:08:16.105049" level="INFO">{'gender': 'male', 'name': {'title': 'Mr', 'first': 'Abdul', 'last': 'Reitan'}, 'location': {'street': {'number': 3361, 'name': 'Haugerudtunet'}, 'city': 'Eide', 'state': 'Vest-Agder', 'country': 'Norway', 'postcode': '8754', 'coordinates': {'latitude': '45.5361', 'longitude': '-41.7685'}, 'timezone': {'offset': '+7:00', 'description': 'Bangkok, Hanoi, Jakarta'}}, 'email': 'abdul.reitan@example.com', 'login': {'uuid': '0ad552ed-c799-4790-8c9c-53001ecd3eb1', 'username': 'organicpeacock417', 'password': 'sancho', 'salt': 'XDKKDJds', 'md5': 'da4afd2e0e378e2ab005f15299544725', 'sha1': 'ab78a00cf41a3bf1c103fb268ef06dd0655eaa3f', 'sha256': 'eaa0b5e05697bf237d5afedb510a4197e3aa4d61dfa1fad5ef4962e0c83e4ea6'}, 'dob': {'date': '1955-04-23T03:13:48.368Z', 'age': 69}, 'registered': {'date': '2003-04-10T04:34:18.868Z', 'age': 21}, 'phone': '28881971', 'cell': '40060205', 'id': {'name': 'FN', 'value': '23045520919'}, 'picture': {'large': 'https://randomuser.me/api/portraits/men/0.jpg', 'medium': 'https://randomuser.me/api/portraits/med/men/0.jpg', 'thumbnail': 'https://randomuser.me/api/portraits/thumb/men/0.jpg'}, 'nat': 'NO'}</msg>
<arg>${json_data['results'][0]}</arg>
<doc>Logs the given message with the given level.</doc>
<status status="PASS" start="2024-07-25T01:08:16.104695" elapsed="0.000402"/>
</kw>
<kw name="Log" owner="BuiltIn">
<msg time="2024-07-25T01:08:16.105518" level="INFO">login</msg>
<arg>${key}</arg>
<doc>Logs the given message with the given level.</doc>
<status status="PASS" start="2024-07-25T01:08:16.105390" elapsed="0.000166"/>
</kw>
<var name="${key}">login</var>
<status status="PASS" start="2024-07-25T01:08:16.104021" elapsed="0.001760"/>
</iter>
<var>${key}</var>
<value>@{expected_keys}</value>
<status status="PASS" start="2024-07-25T01:08:16.095581" elapsed="0.010318"/>
</for>
<kw name="Create List" owner="BuiltIn">
<msg time="2024-07-25T01:08:16.106222" level="INFO">${expected_keysTwo} = ['username', 'password']</msg>
<var>${expected_keysTwo}</var>
<arg>username</arg>
<arg>password</arg>
<doc>Returns a list containing given items.</doc>
<status status="PASS" start="2024-07-25T01:08:16.106087" elapsed="0.000160"/>
</kw>
<for flavor="IN">
<iter>
<kw name="Dictionary Should Contain Key" owner="Collections">
<arg>${json_data['results'][0]['login']}</arg>
<arg>${keyTwo}</arg>
<doc>Fails if ``key`` is not found from ``dictionary``.</doc>
<status status="PASS" start="2024-07-25T01:08:16.106791" elapsed="0.000443"/>
</kw>
<kw name="Dictionary Should Contain Key" owner="Collections">
<arg>${json_data['results'][0]['login']}</arg>
<arg>${keyTwo}</arg>
<doc>Fails if ``key`` is not found from ``dictionary``.</doc>
<status status="PASS" start="2024-07-25T01:08:16.107439" elapsed="0.000396"/>
</kw>
<kw name="Log" owner="BuiltIn">
<msg time="2024-07-25T01:08:16.108163" level="INFO">username</msg>
<arg>${keyTwo}</arg>
<doc>Logs the given message with the given level.</doc>
<status status="PASS" start="2024-07-25T01:08:16.108033" elapsed="0.000170"/>
</kw>
<var name="${keyTwo}">username</var>
<status status="PASS" start="2024-07-25T01:08:16.106674" elapsed="0.001762"/>
</iter>
<iter>
<kw name="Dictionary Should Contain Key" owner="Collections">
<arg>${json_data['results'][0]['login']}</arg>
<arg>${keyTwo}</arg>
<doc>Fails if ``key`` is not found from ``dictionary``.</doc>
<status status="PASS" start="2024-07-25T01:08:16.108736" elapsed="0.000399"/>
</kw>
<kw name="Dictionary Should Contain Key" owner="Collections">
<arg>${json_data['results'][0]['login']}</arg>
<arg>${keyTwo}</arg>
<doc>Fails if ``key`` is not found from ``dictionary``.</doc>
<status status="PASS" start="2024-07-25T01:08:16.109324" elapsed="0.000397"/>
</kw>
<kw name="Log" owner="BuiltIn">
<msg time="2024-07-25T01:08:16.110043" level="INFO">password</msg>
<arg>${keyTwo}</arg>
<doc>Logs the given message with the given level.</doc>
<status status="PASS" start="2024-07-25T01:08:16.109909" elapsed="0.000173"/>
</kw>
<var name="${keyTwo}">password</var>
<status status="PASS" start="2024-07-25T01:08:16.108618" elapsed="0.001696"/>
</iter>
<var>${keyTwo}</var>
<value>@{expected_keysTwo}</value>
<status status="PASS" start="2024-07-25T01:08:16.106511" elapsed="0.003934"/>
</for>
<status status="PASS" start="2024-07-25T01:08:15.963212" elapsed="0.147382"/>
</kw>
<doc>Testa a estrutura da resposta da API.</doc>
<tag>testeEstruturaResposta</tag>
<status status="PASS" start="2024-07-25T01:08:15.962598" elapsed="0.148154"/>
</test>
<test id="s1-s1-t4" name="Validar tipos de dados" line="28">
<kw name="Teste de Tipos de Dados" owner="random-user-service">
<kw name="GET On Session" owner="RequestsLibrary">
<msg time="2024-07-25T01:08:16.276629" level="INFO">GET Request : url=https://randomuser.me/api 
 path_url=/api 
 headers={'User-Agent': 'python-requests/2.32.3', 'Accept-Encoding': 'gzip, deflate', 'Accept': '*/*', 'Connection': 'keep-alive'} 
 body=None 
 </msg>
<msg time="2024-07-25T01:08:16.276712" level="INFO">GET Response : url=https://randomuser.me/api 
 status=200, reason=OK 
 headers={'Date': 'Thu, 25 Jul 2024 01:08:16 GMT', 'Content-Type': 'application/json; charset=utf-8', 'Transfer-Encoding': 'chunked', 'Connection': 'keep-alive', 'X-Powered-By': 'Express', 'Access-Control-Allow-Origin': '*', 'Cache-Control': 'no-cache', 'ETag': 'W/"492-Rk/ulbvwFKGx5HsbJwKtpZ9Na08"', 'Vary': 'Accept-Encoding', 'Content-Encoding': 'gzip', 'CF-Cache-Status': 'DYNAMIC', 'Report-To': '{"endpoints":[{"url":"https:\\/\\/a.nel.cloudflare.com\\/report\\/v4?s=%2BaNAvr%2FN7m%2FbuyHTk1k%2FQHA9ZaSWfmEnt%2F1a0enaCHBkz6X4DvV7NGAcZUPmp%2BHtwKAzas%2BsdJr%2BSRxYp46wgj1%2FsO4brFFmoCAbhVbHdD7Pzh%2BKWWQ%2BF9Gi%2BT%2B%2BSpo1"}],"group":"cf-nel","max_age":604800}', 'NEL': '{"success_fraction":0,"report_to":"cf-nel","max_age":604800}', 'Server': 'cloudflare', 'CF-RAY': '8a884200b95e61e7-ORD', 'alt-svc': 'h3=":443"; ma=86400'} 
 body={"results":[{"gender":"female","name":{"title":"Mrs","first":"Emmie","last":"Picard"},"location":{"street":{"number":288,"name":"Rue de L'Église"},"city":"Le Mans","state":"Aisne","country":"France","postcode":47469,"coordinates":{"latitude":"-14.2528","longitude":"109.7997"},"timezone":{"offset":"-7:00","description":"Mountain Time (US &amp; Canada)"}},"email":"emmie.picard@example.com","login":{"uuid":"5d730960-6b5d-4edf-82de-37f09ef3688f","username":"tinyduck543","password":"slinky","salt":"Rv26Y0Yk","md5":"f0a17accb81c0a016ee334bd41344084","sha1":"ce4cbd245bb6c9054b9c539936ab002816c5ae34","sha256":"f55233fba4c4459ac0a6430290e8f02d7b75bd7df49295e85434640c9ef8d9ef"},"dob":{"date":"1998-04-20T08:44:06.556Z","age":26},"registered":{"date":"2002-09-18T22:46:55.350Z","age":21},"phone":"05-91-45-59-82","cell":"06-48-97-04-76","id":{"name":"INSEE","value":"2980335348348 97"},"picture":{"large":"https://randomuser.me/api/portraits/women/59.jpg","medium":"https://randomuser.me/api/portraits/med/women/59.jpg","thumbnail":"https://randomuser.me/api/portraits/thumb/women/59.jpg"},"nat":"FR"}],"info":{"seed":"cc8bb267bd4a20b5","results":1,"page":1,"version":"1.4"}} 
 </msg>
<msg time="2024-07-25T01:08:16.276794" level="INFO">/opt/hostedtoolcache/Python/3.12.4/x64/lib/python3.12/site-packages/urllib3/connectionpool.py:1099: InsecureRequestWarning: Unverified HTTPS request is being made to host 'randomuser.me'. Adding certificate verification is strongly advised. See: https://urllib3.readthedocs.io/en/latest/advanced-usage.html#tls-warnings
  warnings.warn(</msg>
<msg time="2024-07-25T01:08:16.276911" level="INFO">${response} = &lt;Response [200]&gt;</msg>
<var>${response}</var>
<arg>consultarAPI</arg>
<arg>/api</arg>
<doc>Sends a GET request on a previously created HTTP Session.</doc>
<status status="PASS" start="2024-07-25T01:08:16.113401" elapsed="0.163560"/>
</kw>
<kw name="Set Variable" owner="BuiltIn">
<msg time="2024-07-25T01:08:16.277832" level="INFO">${json_data} = {'results': [{'gender': 'female', 'name': {'title': 'Mrs', 'first': 'Emmie', 'last': 'Picard'}, 'location': {'street': {'number': 288, 'name': "Rue de L'Église"}, 'city': 'Le Mans', 'state': 'Aisne', ...</msg>
<var>${json_data}</var>
<arg>${response.json()}</arg>
<doc>Returns the given values which can then be assigned to a variables.</doc>
<status status="PASS" start="2024-07-25T01:08:16.277342" elapsed="0.000521"/>
</kw>
<kw name="Log" owner="BuiltIn">
<msg time="2024-07-25T01:08:16.278344" level="INFO">{'results': [{'gender': 'female', 'name': {'title': 'Mrs', 'first': 'Emmie', 'last': 'Picard'}, 'location': {'street': {'number': 288, 'name': "Rue de L'Église"}, 'city': 'Le Mans', 'state': 'Aisne', 'country': 'France', 'postcode': 47469, 'coordinates': {'latitude': '-14.2528', 'longitude': '109.7997'}, 'timezone': {'offset': '-7:00', 'description': 'Mountain Time (US &amp; Canada)'}}, 'email': 'emmie.picard@example.com', 'login': {'uuid': '5d730960-6b5d-4edf-82de-37f09ef3688f', 'username': 'tinyduck543', 'password': 'slinky', 'salt': 'Rv26Y0Yk', 'md5': 'f0a17accb81c0a016ee334bd41344084', 'sha1': 'ce4cbd245bb6c9054b9c539936ab002816c5ae34', 'sha256': 'f55233fba4c4459ac0a6430290e8f02d7b75bd7df49295e85434640c9ef8d9ef'}, 'dob': {'date': '1998-04-20T08:44:06.556Z', 'age': 26}, 'registered': {'date': '2002-09-18T22:46:55.350Z', 'age': 21}, 'phone': '05-91-45-59-82', 'cell': '06-48-97-04-76', 'id': {'name': 'INSEE', 'value': '2980335348348 97'}, 'picture': {'large': 'https://randomuser.me/api/portraits/women/59.jpg', 'medium': 'https://randomuser.me/api/portraits/med/women/59.jpg', 'thumbnail': 'https://randomuser.me/api/portraits/thumb/women/59.jpg'}, 'nat': 'FR'}], 'info': {'seed': 'cc8bb267bd4a20b5', 'results': 1, 'page': 1, 'version': '1.4'}}</msg>
<arg>${json_data}</arg>
<doc>Logs the given message with the given level.</doc>
<status status="PASS" start="2024-07-25T01:08:16.278180" elapsed="0.000216"/>
</kw>
<kw name="Should Be String" owner="String">
<arg>${json_data['results'][0]['gender']}</arg>
<doc>Fails if the given ``item`` is not a string.</doc>
<status status="PASS" start="2024-07-25T01:08:16.278699" elapsed="0.000399"/>
</kw>
<kw name="Should Match Regexp" owner="BuiltIn">
<arg>${json_data['results'][0]['email']}</arg>
<arg>^[a-zA-Z0-9._%+-]+@[a-zA-Z0-9.-]+\.[a-zA-Z]{2,}$</arg>
<doc>Fails if ``string`` does not match ``pattern`` as a regular expression.</doc>
<status status="PASS" start="2024-07-25T01:08:16.279345" elapsed="0.000535"/>
</kw>
<kw name="Should Match Regexp" owner="BuiltIn">
<arg>${json_data['results'][0]['dob']['date']}</arg>
<arg>\\d{4}-\\d{2}-\\d{2}T\\d{2}:\\d{2}:\\d{2}\\.\\d{3}Z</arg>
<doc>Fails if ``string`` does not match ``pattern`` as a regular expression.</doc>
<status status="PASS" start="2024-07-25T01:08:16.280118" elapsed="0.000607"/>
</kw>
<kw name="Should Match Regexp" owner="BuiltIn">
<arg>${json_data['results'][0]['registered']['date']}</arg>
<arg>\\d{4}-\\d{2}-\\d{2}T\\d{2}:\\d{2}:\\d{2}\\.\\d{3}Z</arg>
<doc>Fails if ``string`` does not match ``pattern`` as a regular expression.</doc>
<status status="PASS" start="2024-07-25T01:08:16.280922" elapsed="0.000376"/>
</kw>
<kw name="Should Match Regexp" owner="BuiltIn">
<arg>${json_data['results'][0]['picture']['large']}</arg>
<arg>^https?://.*\.(?:png|jpe?g|gif|bmp)$</arg>
<doc>Fails if ``string`` does not match ``pattern`` as a regular expression.</doc>
<status status="PASS" start="2024-07-25T01:08:16.281489" elapsed="0.000469"/>
</kw>
<kw name="Should Match Regexp" owner="BuiltIn">
<arg>${json_data['results'][0]['picture']['medium']}</arg>
<arg>^https?://.*\.(?:png|jpe?g|gif|bmp)$</arg>
<doc>Fails if ``string`` does not match ``pattern`` as a regular expression.</doc>
<status status="PASS" start="2024-07-25T01:08:16.282156" elapsed="0.000376"/>
</kw>
<kw name="Should Match Regexp" owner="BuiltIn">
<arg>${json_data['results'][0]['picture']['thumbnail']}</arg>
<arg>^https?://.*\.(?:png|jpe?g|gif|bmp)$</arg>
<doc>Fails if ``string`` does not match ``pattern`` as a regular expression.</doc>
<status status="PASS" start="2024-07-25T01:08:16.282736" elapsed="0.000368"/>
</kw>
<kw name="Log" owner="BuiltIn">
<msg time="2024-07-25T01:08:16.283661" level="INFO">{'large': 'https://randomuser.me/api/portraits/women/59.jpg', 'medium': 'https://randomuser.me/api/portraits/med/women/59.jpg', 'thumbnail': 'https://randomuser.me/api/portraits/thumb/women/59.jpg'}</msg>
<arg>${json_data['results'][0]['picture']}</arg>
<doc>Logs the given message with the given level.</doc>
<status status="PASS" start="2024-07-25T01:08:16.283319" elapsed="0.000387"/>
</kw>
<status status="PASS" start="2024-07-25T01:08:16.113169" elapsed="0.170807"/>
</kw>
<kw name="Teste de Tipos de Dados - Postcode" owner="random-user-service">
<kw name="GET On Session" owner="RequestsLibrary">
<msg time="2024-07-25T01:08:16.343435" level="INFO">GET Request : url=https://randomuser.me/api 
 path_url=/api 
 headers={'User-Agent': 'python-requests/2.32.3', 'Accept-Encoding': 'gzip, deflate', 'Accept': '*/*', 'Connection': 'keep-alive'} 
 body=None 
 </msg>
<msg time="2024-07-25T01:08:16.343522" level="INFO">GET Response : url=https://randomuser.me/api 
 status=200, reason=OK 
 headers={'Date': 'Thu, 25 Jul 2024 01:08:16 GMT', 'Content-Type': 'application/json; charset=utf-8', 'Transfer-Encoding': 'chunked', 'Connection': 'keep-alive', 'X-Powered-By': 'Express', 'Access-Control-Allow-Origin': '*', 'Cache-Control': 'no-cache', 'ETag': 'W/"48e-p5No38Q/onGbuhq1HpgCbzQ0GCE"', 'Vary': 'Accept-Encoding', 'Content-Encoding': 'gzip', 'CF-Cache-Status': 'DYNAMIC', 'Report-To': '{"endpoints":[{"url":"https:\\/\\/a.nel.cloudflare.com\\/report\\/v4?s=Xoo8%2ByzLlNYCcQgTyUHLnEbcYcz%2BXrR9ZqYlQFNadJFfDBEtYt6DzniIYg0SetBVPdYmu3WQwXILKYDH9fO1d2Fen17NHkWZDNvEIrSVCzD6AltLUYzqvB%2FcnflLj7Yg"}],"group":"cf-nel","max_age":604800}', 'NEL': '{"success_fraction":0,"report_to":"cf-nel","max_age":604800}', 'Server': 'cloudflare', 'CF-RAY': '8a884201ca9561e7-ORD', 'alt-svc': 'h3=":443"; ma=86400'} 
 body={"results":[{"gender":"female","name":{"title":"Mrs","first":"Iina","last":"Kivi"},"location":{"street":{"number":2991,"name":"Esplanadi"},"city":"Kalajoki","state":"Ostrobothnia","country":"Finland","postcode":30928,"coordinates":{"latitude":"-28.3651","longitude":"88.1510"},"timezone":{"offset":"-3:00","description":"Brazil, Buenos Aires, Georgetown"}},"email":"iina.kivi@example.com","login":{"uuid":"55654138-3dfa-4acf-8702-19471cd30e4b","username":"bluebird614","password":"717171","salt":"Z8OPV9tE","md5":"fb3ab359b912f81b8c059f47f6da23ff","sha1":"81ab88970d0953e271b8794ac0a2aa52f6af3d67","sha256":"1d62995953f91179466632a2c05a825e05624b74f821480a45cc8d8fe59d6fcf"},"dob":{"date":"1960-09-07T21:41:26.092Z","age":63},"registered":{"date":"2011-02-23T17:18:52.361Z","age":13},"phone":"08-820-926","cell":"040-520-36-01","id":{"name":"HETU","value":"NaNNA874undefined"},"picture":{"large":"https://randomuser.me/api/portraits/women/11.jpg","medium":"https://randomuser.me/api/portraits/med/women/11.jpg","thumbnail":"https://randomuser.me/api/portraits/thumb/women/11.jpg"},"nat":"FI"}],"info":{"seed":"8425635dd3588fe5","results":1,"page":1,"version":"1.4"}} 
 </msg>
<msg time="2024-07-25T01:08:16.343600" level="INFO">/opt/hostedtoolcache/Python/3.12.4/x64/lib/python3.12/site-packages/urllib3/connectionpool.py:1099: InsecureRequestWarning: Unverified HTTPS request is being made to host 'randomuser.me'. Adding certificate verification is strongly advised. See: https://urllib3.readthedocs.io/en/latest/advanced-usage.html#tls-warnings
  warnings.warn(</msg>
<msg time="2024-07-25T01:08:16.343744" level="INFO">${response} = &lt;Response [200]&gt;</msg>
<var>${response}</var>
<arg>consultarAPI</arg>
<arg>/api</arg>
<doc>Sends a GET request on a previously created HTTP Session.</doc>
<status status="PASS" start="2024-07-25T01:08:16.284438" elapsed="0.059365"/>
</kw>
<kw name="Set Variable" owner="BuiltIn">
<msg time="2024-07-25T01:08:16.344857" level="INFO">${json_data} = {'results': [{'gender': 'female', 'name': {'title': 'Mrs', 'first': 'Iina', 'last': 'Kivi'}, 'location': {'street': {'number': 2991, 'name': 'Esplanadi'}, 'city': 'Kalajoki', 'state': 'Ostrobothnia', ...</msg>
<var>${json_data}</var>
<arg>${response.json()}</arg>
<doc>Returns the given values which can then be assigned to a variables.</doc>
<status status="PASS" start="2024-07-25T01:08:16.344309" elapsed="0.000577"/>
</kw>
<kw name="Log" owner="BuiltIn">
<msg time="2024-07-25T01:08:16.345376" level="INFO">{'results': [{'gender': 'female', 'name': {'title': 'Mrs', 'first': 'Iina', 'last': 'Kivi'}, 'location': {'street': {'number': 2991, 'name': 'Esplanadi'}, 'city': 'Kalajoki', 'state': 'Ostrobothnia', 'country': 'Finland', 'postcode': 30928, 'coordinates': {'latitude': '-28.3651', 'longitude': '88.1510'}, 'timezone': {'offset': '-3:00', 'description': 'Brazil, Buenos Aires, Georgetown'}}, 'email': 'iina.kivi@example.com', 'login': {'uuid': '55654138-3dfa-4acf-8702-19471cd30e4b', 'username': 'bluebird614', 'password': '717171', 'salt': 'Z8OPV9tE', 'md5': 'fb3ab359b912f81b8c059f47f6da23ff', 'sha1': '81ab88970d0953e271b8794ac0a2aa52f6af3d67', 'sha256': '1d62995953f91179466632a2c05a825e05624b74f821480a45cc8d8fe59d6fcf'}, 'dob': {'date': '1960-09-07T21:41:26.092Z', 'age': 63}, 'registered': {'date': '2011-02-23T17:18:52.361Z', 'age': 13}, 'phone': '08-820-926', 'cell': '040-520-36-01', 'id': {'name': 'HETU', 'value': 'NaNNA874undefined'}, 'picture': {'large': 'https://randomuser.me/api/portraits/women/11.jpg', 'medium': 'https://randomuser.me/api/portraits/med/women/11.jpg', 'thumbnail': 'https://randomuser.me/api/portraits/thumb/women/11.jpg'}, 'nat': 'FI'}], 'info': {'seed': '8425635dd3588fe5', 'results': 1, 'page': 1, 'version': '1.4'}}</msg>
<arg>${json_data}</arg>
<doc>Logs the given message with the given level.</doc>
<status status="PASS" start="2024-07-25T01:08:16.345208" elapsed="0.000228"/>
</kw>
<kw name="Should Be Equal As Numbers" owner="BuiltIn">
<arg>${json_data['results'][0]['location']['postcode']}</arg>
<arg>${json_data['results'][0]['location']['postcode']}</arg>
<doc>Fails if objects are unequal after converting them to real numbers.</doc>
<status status="PASS" start="2024-07-25T01:08:16.345745" elapsed="0.000650"/>
</kw>
<kw name="Log" owner="BuiltIn">
<msg time="2024-07-25T01:08:16.346953" level="INFO">30928</msg>
<arg>${json_data['results'][0]['location']['postcode']}</arg>
<doc>Logs the given message with the given level.</doc>
<status status="PASS" start="2024-07-25T01:08:16.346600" elapsed="0.000397"/>
</kw>
<status status="PASS" start="2024-07-25T01:08:16.284199" elapsed="0.063117"/>
</kw>
<doc>Testa se os tipos de dados na resposta da API estão corretos.</doc>
<tag>testeTiposDados</tag>
<status status="PASS" start="2024-07-25T01:08:16.112619" elapsed="0.234869"/>
</test>
<test id="s1-s1-t5" name="Validar conteudo" line="35">
<kw name="Teste de Tipos de Conteudo" owner="random-user-service">
<kw name="GET On Session" owner="RequestsLibrary">
<msg time="2024-07-25T01:08:16.427021" level="INFO">GET Request : url=https://randomuser.me/api 
 path_url=/api 
 headers={'User-Agent': 'python-requests/2.32.3', 'Accept-Encoding': 'gzip, deflate', 'Accept': '*/*', 'Connection': 'keep-alive'} 
 body=None 
 </msg>
<msg time="2024-07-25T01:08:16.427117" level="INFO">GET Response : url=https://randomuser.me/api 
 status=200, reason=OK 
 headers={'Date': 'Thu, 25 Jul 2024 01:08:16 GMT', 'Content-Type': 'application/json; charset=utf-8', 'Transfer-Encoding': 'chunked', 'Connection': 'keep-alive', 'X-Powered-By': 'Express', 'Access-Control-Allow-Origin': '*', 'Cache-Control': 'no-cache', 'ETag': 'W/"48a-qilVqbD5m64+IjLcDB0bTUUk1zk"', 'Vary': 'Accept-Encoding', 'Content-Encoding': 'gzip', 'CF-Cache-Status': 'DYNAMIC', 'Report-To': '{"endpoints":[{"url":"https:\\/\\/a.nel.cloudflare.com\\/report\\/v4?s=hPX7bqe2PvV8jpDR2hREanoFVEiyqwQ%2B1q0RnTDtTPOtzILu4ys5JBy0rRR%2FeT%2BJ%2F3O16wkkcKVQFEjQp%2BDFF6aASS5KPYmy5dASfsrdlRg1phm3bn0MEiOvDnHkTKZG"}],"group":"cf-nel","max_age":604800}', 'NEL': '{"success_fraction":0,"report_to":"cf-nel","max_age":604800}', 'Server': 'cloudflare', 'CF-RAY': '8a8842022b0f61e7-ORD', 'alt-svc': 'h3=":443"; ma=86400'} 
 body={"results":[{"gender":"female","name":{"title":"Ms","first":"Madison","last":"Evans"},"location":{"street":{"number":3177,"name":"Fitzherbert Avenue"},"city":"Lower Hutt","state":"Manawatu-Wanganui","country":"New Zealand","postcode":66729,"coordinates":{"latitude":"55.3714","longitude":"97.0491"},"timezone":{"offset":"-10:00","description":"Hawaii"}},"email":"madison.evans@example.com","login":{"uuid":"92b15465-a080-4b76-9e41-a00172750e8f","username":"beautifulostrich149","password":"cynthia","salt":"aHdRDy25","md5":"c46b5abad05f0347591db31b1c20465b","sha1":"21cfbba7e2d93d40a6c32beedc9bf6264ffa3cc2","sha256":"b1dac0d5ffcd024b3a27ad049094a2270b5ce3c42ae1a813285d22e7db1f8230"},"dob":{"date":"1947-06-22T11:04:24.260Z","age":77},"registered":{"date":"2004-07-05T12:54:04.954Z","age":20},"phone":"(143)-095-9236","cell":"(536)-096-8024","id":{"name":"","value":null},"picture":{"large":"https://randomuser.me/api/portraits/women/47.jpg","medium":"https://randomuser.me/api/portraits/med/women/47.jpg","thumbnail":"https://randomuser.me/api/portraits/thumb/women/47.jpg"},"nat":"NZ"}],"info":{"seed":"2536921ad1ce43fa","results":1,"page":1,"version":"1.4"}} 
 </msg>
<msg time="2024-07-25T01:08:16.427233" level="INFO">/opt/hostedtoolcache/Python/3.12.4/x64/lib/python3.12/site-packages/urllib3/connectionpool.py:1099: InsecureRequestWarning: Unverified HTTPS request is being made to host 'randomuser.me'. Adding certificate verification is strongly advised. See: https://urllib3.readthedocs.io/en/latest/advanced-usage.html#tls-warnings
  warnings.warn(</msg>
<msg time="2024-07-25T01:08:16.427383" level="INFO">${response} = &lt;Response [200]&gt;</msg>
<var>${response}</var>
<arg>consultarAPI</arg>
<arg>/api</arg>
<doc>Sends a GET request on a previously created HTTP Session.</doc>
<status status="PASS" start="2024-07-25T01:08:16.349968" elapsed="0.077474"/>
</kw>
<kw name="Set Variable" owner="BuiltIn">
<msg time="2024-07-25T01:08:16.428385" level="INFO">${json_data} = {'results': [{'gender': 'female', 'name': {'title': 'Ms', 'first': 'Madison', 'last': 'Evans'}, 'location': {'street': {'number': 3177, 'name': 'Fitzherbert Avenue'}, 'city': 'Lower Hutt', 'state': 'M...</msg>
<var>${json_data}</var>
<arg>${response.json()}</arg>
<doc>Returns the given values which can then be assigned to a variables.</doc>
<status status="PASS" start="2024-07-25T01:08:16.427901" elapsed="0.000514"/>
</kw>
<kw name="Set Variable" owner="BuiltIn">
<msg time="2024-07-25T01:08:16.429137" level="INFO">${name_title} = Ms</msg>
<var>${name_title}</var>
<arg>${json_data["results"][0]["name"]["title"]}</arg>
<doc>Returns the given values which can then be assigned to a variables.</doc>
<status status="PASS" start="2024-07-25T01:08:16.428738" elapsed="0.000426"/>
</kw>
<kw name="Create List" owner="BuiltIn">
<msg time="2024-07-25T01:08:16.429634" level="INFO">${allowed_titles} = ['Mr', 'Ms', 'Miss', 'Mrs', 'Madame', 'Monsieur']</msg>
<var>${allowed_titles}</var>
<arg>Mr</arg>
<arg>Ms</arg>
<arg>Miss</arg>
<arg>Mrs</arg>
<arg>Madame</arg>
<arg>Monsieur</arg>
<doc>Returns a list containing given items.</doc>
<status status="PASS" start="2024-07-25T01:08:16.429477" elapsed="0.000183"/>
</kw>
<kw name="List Should Contain Value" owner="Collections">
<arg>${allowed_titles}</arg>
<arg>${name_title}</arg>
<doc>Fails if the ``value`` is not found from ``list``.</doc>
<status status="PASS" start="2024-07-25T01:08:16.429968" elapsed="0.000193"/>
</kw>
<kw name="Set Variable" owner="BuiltIn">
<msg time="2024-07-25T01:08:16.430743" level="INFO">${name_country} = NZ</msg>
<var>${name_country}</var>
<arg>${json_data["results"][0]["nat"]}</arg>
<doc>Returns the given values which can then be assigned to a variables.</doc>
<status status="PASS" start="2024-07-25T01:08:16.430351" elapsed="0.000419"/>
</kw>
<kw name="Create List" owner="BuiltIn">
<msg time="2024-07-25T01:08:16.431735" level="INFO">${list_country} = ['AD', 'AE', 'AF', 'AG', 'AI', 'AL', 'AM', 'AO', 'AQ', 'AR', 'AS', 'AT', 'AU', 'AW', 'AX', 'AZ', 'BA', 'BB', 'BD', 'BE', 'BF', 'BG', 'BH', 'BI', 'BJ', 'BL', 'BM', 'BN', 'BO', 'BQ', 'BR', 'BS', 'BT', '...</msg>
<var>${list_country}</var>
<arg>AD</arg>
<arg>AE</arg>
<arg>AF</arg>
<arg>AG</arg>
<arg>AI</arg>
<arg>AL</arg>
<arg>AM</arg>
<arg>AO</arg>
<arg>AQ</arg>
<arg>AR</arg>
<arg>AS</arg>
<arg>AT</arg>
<arg>AU</arg>
<arg>AW</arg>
<arg>AX</arg>
<arg>AZ</arg>
<arg>BA</arg>
<arg>BB</arg>
<arg>BD</arg>
<arg>BE</arg>
<arg>BF</arg>
<arg>BG</arg>
<arg>BH</arg>
<arg>BI</arg>
<arg>BJ</arg>
<arg>BL</arg>
<arg>BM</arg>
<arg>BN</arg>
<arg>BO</arg>
<arg>BQ</arg>
<arg>BR</arg>
<arg>BS</arg>
<arg>BT</arg>
<arg>BV</arg>
<arg>BW</arg>
<arg>BY</arg>
<arg>BZ</arg>
<arg>CA</arg>
<arg>CC</arg>
<arg>CD</arg>
<arg>CF</arg>
<arg>CG</arg>
<arg>CH</arg>
<arg>CI</arg>
<arg>CK</arg>
<arg>CL</arg>
<arg>CM</arg>
<arg>CN</arg>
<arg>CO</arg>
<arg>CR</arg>
<arg>CU</arg>
<arg>CV</arg>
<arg>CW</arg>
<arg>CX</arg>
<arg>CY</arg>
<arg>CZ</arg>
<arg>DE</arg>
<arg>DJ</arg>
<arg>DK</arg>
<arg>DM</arg>
<arg>DO</arg>
<arg>DZ</arg>
<arg>EC</arg>
<arg>EE</arg>
<arg>EG</arg>
<arg>EH</arg>
<arg>ER</arg>
<arg>ES</arg>
<arg>ET</arg>
<arg>FI</arg>
<arg>FJ</arg>
<arg>FK</arg>
<arg>FM</arg>
<arg>FO</arg>
<arg>FR</arg>
<arg>GA</arg>
<arg>GB</arg>
<arg>GD</arg>
<arg>GE</arg>
<arg>GF</arg>
<arg>GG</arg>
<arg>GH</arg>
<arg>GI</arg>
<arg>GL</arg>
<arg>GM</arg>
<arg>GN</arg>
<arg>GP</arg>
<arg>GQ</arg>
<arg>GR</arg>
<arg>GS</arg>
<arg>GT</arg>
<arg>GU</arg>
<arg>GW</arg>
<arg>GY</arg>
<arg>HK</arg>
<arg>HM</arg>
<arg>HN</arg>
<arg>HR</arg>
<arg>HT</arg>
<arg>HU</arg>
<arg>ID</arg>
<arg>IE</arg>
<arg>IL</arg>
<arg>IM</arg>
<arg>IN</arg>
<arg>IO</arg>
<arg>IQ</arg>
<arg>IR</arg>
<arg>IS</arg>
<arg>IT</arg>
<arg>JE</arg>
<arg>JM</arg>
<arg>JO</arg>
<arg>JP</arg>
<arg>KE</arg>
<arg>KG</arg>
<arg>KH</arg>
<arg>KI</arg>
<arg>KM</arg>
<arg>KN</arg>
<arg>KP</arg>
<arg>KR</arg>
<arg>KW</arg>
<arg>KY</arg>
<arg>KZ</arg>
<arg>LA</arg>
<arg>LB</arg>
<arg>LC</arg>
<arg>LI</arg>
<arg>LK</arg>
<arg>LR</arg>
<arg>LS</arg>
<arg>LT</arg>
<arg>LU</arg>
<arg>LV</arg>
<arg>LY</arg>
<arg>MA</arg>
<arg>MC</arg>
<arg>MD</arg>
<arg>ME</arg>
<arg>MF</arg>
<arg>MG</arg>
<arg>MH</arg>
<arg>MK</arg>
<arg>ML</arg>
<arg>MM</arg>
<arg>MN</arg>
<arg>MO</arg>
<arg>MP</arg>
<arg>MQ</arg>
<arg>MR</arg>
<arg>MS</arg>
<arg>MT</arg>
<arg>MU</arg>
<arg>MV</arg>
<arg>MW</arg>
<arg>MX</arg>
<arg>MY</arg>
<arg>MZ</arg>
<arg>NA</arg>
<arg>NC</arg>
<arg>NE</arg>
<arg>NF</arg>
<arg>NG</arg>
<arg>NI</arg>
<arg>NL</arg>
<arg>NO</arg>
<arg>NP</arg>
<arg>NR</arg>
<arg>NU</arg>
<arg>NZ</arg>
<arg>OM</arg>
<arg>PA</arg>
<arg>PE</arg>
<arg>PF</arg>
<arg>PG</arg>
<arg>PH</arg>
<arg>PK</arg>
<arg>PL</arg>
<arg>PM</arg>
<arg>PN</arg>
<arg>PR</arg>
<arg>PS</arg>
<arg>PT</arg>
<arg>PW</arg>
<arg>PY</arg>
<arg>QA</arg>
<arg>RE</arg>
<arg>RO</arg>
<arg>RS</arg>
<arg>RU</arg>
<arg>RW</arg>
<arg>SA</arg>
<arg>SB</arg>
<arg>SC</arg>
<arg>SD</arg>
<arg>SE</arg>
<arg>SG</arg>
<arg>SH</arg>
<arg>SI</arg>
<arg>SJ</arg>
<arg>SK</arg>
<arg>SL</arg>
<arg>SM</arg>
<arg>SN</arg>
<arg>SO</arg>
<arg>SR</arg>
<arg>SS</arg>
<arg>ST</arg>
<arg>SV</arg>
<arg>SX</arg>
<arg>SY</arg>
<arg>SZ</arg>
<arg>TC</arg>
<arg>TD</arg>
<arg>TF</arg>
<arg>TG</arg>
<arg>TH</arg>
<arg>TJ</arg>
<arg>TK</arg>
<arg>TL</arg>
<arg>TM</arg>
<arg>TN</arg>
<arg>TO</arg>
<arg>TR</arg>
<arg>TT</arg>
<arg>TV</arg>
<arg>TW</arg>
<arg>TZ</arg>
<arg>UA</arg>
<arg>UG</arg>
<arg>UM</arg>
<arg>US</arg>
<arg>UY</arg>
<arg>UZ</arg>
<arg>VA</arg>
<arg>VC</arg>
<arg>VE</arg>
<arg>VG</arg>
<arg>VI</arg>
<arg>VN</arg>
<arg>VU</arg>
<arg>WF</arg>
<arg>WS</arg>
<arg>XK</arg>
<arg>YE</arg>
<arg>YT</arg>
<arg>ZA</arg>
<arg>ZM</arg>
<arg>ZW</arg>
<doc>Returns a list containing given items.</doc>
<status status="PASS" start="2024-07-25T01:08:16.431072" elapsed="0.000692"/>
</kw>
<kw name="List Should Contain Value" owner="Collections">
<arg>${list_country}</arg>
<arg>${name_country}</arg>
<doc>Fails if the ``value`` is not found from ``list``.</doc>
<status status="PASS" start="2024-07-25T01:08:16.432736" elapsed="0.000223"/>
</kw>
<kw name="Run Keyword If" owner="BuiltIn">
<kw name="Should Be True" owner="BuiltIn">
<arg>${True}</arg>
<doc>Fails if the given condition is not true.</doc>
<status status="PASS" start="2024-07-25T01:08:16.433952" elapsed="0.000154"/>
</kw>
<arg>${json_data["results"][0]["location"]["coordinates"]["latitude"]} &gt;= -90 and ${json_data["results"][0]["location"]["coordinates"]["latitude"]} &lt;= 90</arg>
<arg>Should Be True</arg>
<arg>${True}</arg>
<doc>Runs the given keyword with the given arguments, if ``condition`` is true.</doc>
<status status="PASS" start="2024-07-25T01:08:16.433171" elapsed="0.001073"/>
</kw>
<kw name="Run Keyword If" owner="BuiltIn">
<kw name="Should Be True" owner="BuiltIn">
<arg>${True}</arg>
<doc>Fails if the given condition is not true.</doc>
<status status="PASS" start="2024-07-25T01:08:16.435175" elapsed="0.000194"/>
</kw>
<arg>${json_data["results"][0]["location"]["coordinates"]["longitude"]} &gt;= -180 and ${json_data["results"][0]["location"]["coordinates"]["longitude"]} &lt;= 180</arg>
<arg>Should Be True</arg>
<arg>${True}</arg>
<doc>Runs the given keyword with the given arguments, if ``condition`` is true.</doc>
<status status="PASS" start="2024-07-25T01:08:16.434443" elapsed="0.001059"/>
</kw>
<status status="PASS" start="2024-07-25T01:08:16.349735" elapsed="0.085905"/>
</kw>
<doc>Testa o conteúdo específico dos campos retornados pela API.</doc>
<tag>testeConteudo</tag>
<status status="PASS" start="2024-07-25T01:08:16.349290" elapsed="0.086504"/>
</test>
<status status="PASS" start="2024-07-25T01:08:15.414945" elapsed="1.022844"/>
</suite>
<status status="PASS" start="2024-07-25T01:08:15.399805" elapsed="1.043195"/>
</suite>
<statistics>
<total>
<stat pass="5" fail="0" skip="0">All Tests</stat>
</total>
<tag>
<stat pass="1" fail="0" skip="0">testeConteudo</stat>
<stat pass="1" fail="0" skip="0">testeEstruturaResposta</stat>
<stat pass="1" fail="0" skip="0">testeRequisicaoBasica</stat>
<stat pass="1" fail="0" skip="0">testeTiposDados</stat>
</tag>
<suite>
<stat pass="5" fail="0" skip="0" id="s1" name="Tests">Tests</stat>
<stat pass="5" fail="0" skip="0" id="s1-s1" name="Random-User-Test">Tests.Random-User-Test</stat>
</suite>
</statistics>
<errors>
</errors>
</robot>
