<?xml version="1.0" encoding="UTF-8"?>
<robot generator="Robot 7.0 (Python 3.12.2 on linux)" generated="2024-03-26T04:15:41.088112" rpa="false" schemaversion="5">
<suite id="s1" name="Tests" source="/home/runner/work/DesafioQAItauRogerioJordao/DesafioQAItauRogerioJordao/RamdonUser/tests">
<suite id="s1-s1" name="Random-User-Test" source="/home/runner/work/DesafioQAItauRogerioJordao/DesafioQAItauRogerioJordao/RamdonUser/tests/random-user-test.robot">
<test id="s1-s1-t1" name="Conectar" line="13">
<kw name="Conectar API" owner="random-user-service">
<kw name="Create Session" owner="RequestsLibrary">
<msg time="2024-03-26T04:15:41.462592" level="INFO">Creating Session using : alias=consultarAPI, url=https://randomuser.me/, headers={},                     cookies={}, auth=None, timeout=None, proxies=None, verify=False,                     debug=0 </msg>
<arg>consultarAPI</arg>
<arg>${URL}</arg>
<doc>Create Session: create a HTTP session to a server</doc>
<status status="PASS" start="2024-03-26T04:15:41.462340" elapsed="0.000445"/>
</kw>
<status status="PASS" start="2024-03-26T04:15:41.461272" elapsed="0.001891"/>
</kw>
<status status="PASS" start="2024-03-26T04:15:41.460600" elapsed="0.002768"/>
</test>
<test id="s1-s1-t2" name="Validar retorno 200 e JSON Válido" line="16">
<kw name="Teste de Requisicao Basica" owner="random-user-service">
<kw name="GET On Session" owner="RequestsLibrary">
<msg time="2024-03-26T04:15:41.535124" level="INFO">GET Request : url=https://randomuser.me/api 
 path_url=/api 
 headers={'User-Agent': 'python-requests/2.31.0', 'Accept-Encoding': 'gzip, deflate', 'Accept': '*/*', 'Connection': 'keep-alive'} 
 body=None 
 </msg>
<msg time="2024-03-26T04:15:41.535291" level="INFO">GET Response : url=https://randomuser.me/api 
 status=200, reason=OK 
 headers={'Date': 'Tue, 26 Mar 2024 04:15:41 GMT', 'Content-Type': 'application/json; charset=utf-8', 'Transfer-Encoding': 'chunked', 'Connection': 'keep-alive', 'X-Powered-By': 'Express', 'Access-Control-Allow-Origin': '*', 'Cache-Control': 'no-cache', 'ETag': 'W/"4a8-QMGA5dTTA47RMPy5+v17t0ODl7U"', 'Vary': 'Accept-Encoding', 'Content-Encoding': 'gzip', 'CF-Cache-Status': 'DYNAMIC', 'Report-To': '{"endpoints":[{"url":"https:\\/\\/a.nel.cloudflare.com\\/report\\/v4?s=1H%2B7zKUXEs0Lzm%2FKscoxPrb0G%2BwXzt5IdfDRIYKWlGx%2F8kRl82jKseLUPLxPzZkvhCaJLXAk3%2FMx7F3g5MtAn07INLFkRkzac%2FyX3LavC41UHyURhlkTiYWuj867titZ"}],"group":"cf-nel","max_age":604800}', 'NEL': '{"success_fraction":0,"report_to":"cf-nel","max_age":604800}', 'Server': 'cloudflare', 'CF-RAY': '86a4522c6c4c2d0e-IAD', 'alt-svc': 'h3=":443"; ma=86400'} 
 body={"results":[{"gender":"female","name":{"title":"Ms","first":"Zulmira","last":"da Costa"},"location":{"street":{"number":8581,"name":"Rua Santa Rita "},"city":"Salto","state":"Santa Catarina","country":"Brazil","postcode":99609,"coordinates":{"latitude":"-76.4306","longitude":"59.2191"},"timezone":{"offset":"-4:00","description":"Atlantic Time (Canada), Caracas, La Paz"}},"email":"zulmira.dacosta@example.com","login":{"uuid":"f3e4dacd-f96c-44cf-9712-d22ccc1166ca","username":"blacksnake238","password":"all4one","salt":"MyYqW0LD","md5":"acfbac69d14491a99b55d8e3aaafacef","sha1":"14953cec36cf8f98a69b9a618e7d8058a355e4ca","sha256":"02b6490002a88fa9df8545af97d855583dd22f78594ee5e69dfe21bef5252612"},"dob":{"date":"1952-08-18T04:45:32.218Z","age":71},"registered":{"date":"2018-01-26T06:28:03.378Z","age":6},"phone":"(81) 0438-6204","cell":"(40) 3083-4671","id":{"name":"CPF","value":"820.336.230-43"},"picture":{"large":"https://randomuser.me/api/portraits/women/73.jpg","medium":"https://randomuser.me/api/portraits/med/women/73.jpg","thumbnail":"https://randomuser.me/api/portraits/thumb/women/73.jpg"},"nat":"BR"}],"info":{"seed":"bfe685a54e317a35","results":1,"page":1,"version":"1.4"}} 
 </msg>
<msg time="2024-03-26T04:15:41.535420" level="INFO">/opt/hostedtoolcache/Python/3.12.2/x64/lib/python3.12/site-packages/urllib3/connectionpool.py:1103: InsecureRequestWarning: Unverified HTTPS request is being made to host 'randomuser.me'. Adding certificate verification is strongly advised. See: https://urllib3.readthedocs.io/en/latest/advanced-usage.html#tls-warnings
  warnings.warn(</msg>
<msg time="2024-03-26T04:15:41.535583" level="INFO">${response} = &lt;Response [200]&gt;</msg>
<var>${response}</var>
<arg>consultarAPI</arg>
<arg>/api</arg>
<doc>Sends a GET request on a previously created HTTP Session.</doc>
<status status="PASS" start="2024-03-26T04:15:41.466030" elapsed="0.069595"/>
</kw>
<kw name="Should Be Equal As Numbers" owner="BuiltIn">
<msg time="2024-03-26T04:15:41.536796" level="INFO">Argument types are:
&lt;class 'int'&gt;
&lt;class 'str'&gt;</msg>
<arg>${response.status_code}</arg>
<arg>200</arg>
<doc>Fails if objects are unequal after converting them to real numbers.</doc>
<status status="PASS" start="2024-03-26T04:15:41.536295" elapsed="0.000569"/>
</kw>
<kw name="Log" owner="BuiltIn">
<msg time="2024-03-26T04:15:41.537551" level="INFO">200</msg>
<arg>${response.status_code}</arg>
<doc>Logs the given message with the given level.</doc>
<status status="PASS" start="2024-03-26T04:15:41.537191" elapsed="0.000405"/>
</kw>
<kw name="Set Variable" owner="BuiltIn">
<msg time="2024-03-26T04:15:41.538415" level="INFO">${json_data} = {'results': [{'gender': 'female', 'name': {'title': 'Ms', 'first': 'Zulmira', 'last': 'da Costa'}, 'location': {'street': {'number': 8581, 'name': 'Rua Santa Rita '}, 'city': 'Salto', 'state': 'Santa ...</msg>
<var>${json_data}</var>
<arg>${response.json()}</arg>
<doc>Returns the given values which can then be assigned to a variables.</doc>
<status status="PASS" start="2024-03-26T04:15:41.537937" elapsed="0.000511"/>
</kw>
<kw name="Dictionary Should Contain Key" owner="Collections">
<msg time="2024-03-26T04:15:41.538941" level="INFO">False</msg>
<arg>${json_data}</arg>
<arg>results</arg>
<doc>Fails if ``key`` is not found from ``dictionary``.</doc>
<status status="PASS" start="2024-03-26T04:15:41.538768" elapsed="0.000213"/>
</kw>
<status status="PASS" start="2024-03-26T04:15:41.465775" elapsed="0.073466"/>
</kw>
<doc>Testa se a API responde corretamente e retorna um objeto JSON válido.</doc>
<tag>testeRequisicaoBasica</tag>
<status status="PASS" start="2024-03-26T04:15:41.465212" elapsed="0.074221"/>
</test>
<test id="s1-s1-t3" name="Validar estrutura de resposta" line="22">
<kw name="Teste de Estrutura de Resposta" owner="random-user-service">
<kw name="GET On Session" owner="RequestsLibrary">
<msg time="2024-03-26T04:15:41.633622" level="INFO">GET Request : url=https://randomuser.me/api 
 path_url=/api 
 headers={'User-Agent': 'python-requests/2.31.0', 'Accept-Encoding': 'gzip, deflate', 'Accept': '*/*', 'Connection': 'keep-alive'} 
 body=None 
 </msg>
<msg time="2024-03-26T04:15:41.633730" level="INFO">GET Response : url=https://randomuser.me/api 
 status=200, reason=OK 
 headers={'Date': 'Tue, 26 Mar 2024 04:15:41 GMT', 'Content-Type': 'application/json; charset=utf-8', 'Transfer-Encoding': 'chunked', 'Connection': 'keep-alive', 'X-Powered-By': 'Express', 'Access-Control-Allow-Origin': '*', 'Cache-Control': 'no-cache', 'ETag': 'W/"4a1-MLYRkbm4LbAsy9iLV77tBjUj0ig"', 'Vary': 'Accept-Encoding', 'Content-Encoding': 'gzip', 'CF-Cache-Status': 'DYNAMIC', 'Report-To': '{"endpoints":[{"url":"https:\\/\\/a.nel.cloudflare.com\\/report\\/v4?s=QNvvoKTG7we7zOInpR5WnBxRxfYXCAwLfhasPd0xHG3c4j7y7ao8gKC23mZEbW2if8v8Sr1sLOQOOlIB07xiNM%2Fw%2BsrnTwMl8gcONeeS7gAq8oZJOuIddKX0dn8Nn4kH"}],"group":"cf-nel","max_age":604800}', 'NEL': '{"success_fraction":0,"report_to":"cf-nel","max_age":604800}', 'Server': 'cloudflare', 'CF-RAY': '86a4522cac8f2d0e-IAD', 'alt-svc': 'h3=":443"; ma=86400'} 
 body={"results":[{"gender":"male","name":{"title":"Mr","first":"David","last":"Jordan"},"location":{"street":{"number":6509,"name":"W Belt Line Rd"},"city":"Murrieta","state":"West Virginia","country":"United States","postcode":44926,"coordinates":{"latitude":"82.9998","longitude":"-49.0260"},"timezone":{"offset":"0:00","description":"Western Europe Time, London, Lisbon, Casablanca"}},"email":"david.jordan@example.com","login":{"uuid":"377ad9f6-86fe-46dd-9f8a-f7fe37c07fbd","username":"lazymouse969","password":"wild","salt":"Hy85yZZt","md5":"da32990d1fc8e70f556a69d17d3ebd07","sha1":"846f1bbedc2dcd1f39edc4cff56f593aac4a1cf0","sha256":"9e0200e09f0933c59aa32e12b145feadbdae1c2b7851162b485edde64729c854"},"dob":{"date":"1970-07-19T04:29:46.104Z","age":53},"registered":{"date":"2022-04-16T20:35:14.034Z","age":1},"phone":"(347) 249-7883","cell":"(240) 378-5886","id":{"name":"SSN","value":"531-86-7850"},"picture":{"large":"https://randomuser.me/api/portraits/men/88.jpg","medium":"https://randomuser.me/api/portraits/med/men/88.jpg","thumbnail":"https://randomuser.me/api/portraits/thumb/men/88.jpg"},"nat":"US"}],"info":{"seed":"b033a22c40269922","results":1,"page":1,"version":"1.4"}} 
 </msg>
<msg time="2024-03-26T04:15:41.633871" level="INFO">/opt/hostedtoolcache/Python/3.12.2/x64/lib/python3.12/site-packages/urllib3/connectionpool.py:1103: InsecureRequestWarning: Unverified HTTPS request is being made to host 'randomuser.me'. Adding certificate verification is strongly advised. See: https://urllib3.readthedocs.io/en/latest/advanced-usage.html#tls-warnings
  warnings.warn(</msg>
<msg time="2024-03-26T04:15:41.634011" level="INFO">${response} = &lt;Response [200]&gt;</msg>
<var>${response}</var>
<arg>consultarAPI</arg>
<arg>/api</arg>
<doc>Sends a GET request on a previously created HTTP Session.</doc>
<status status="PASS" start="2024-03-26T04:15:41.542341" elapsed="0.091710"/>
</kw>
<kw name="Set Variable" owner="BuiltIn">
<msg time="2024-03-26T04:15:41.635267" level="INFO">${json_data} = {'results': [{'gender': 'male', 'name': {'title': 'Mr', 'first': 'David', 'last': 'Jordan'}, 'location': {'street': {'number': 6509, 'name': 'W Belt Line Rd'}, 'city': 'Murrieta', 'state': 'West Virgi...</msg>
<var>${json_data}</var>
<arg>${response.json()}</arg>
<doc>Returns the given values which can then be assigned to a variables.</doc>
<status status="PASS" start="2024-03-26T04:15:41.634704" elapsed="0.000593"/>
</kw>
<kw name="Log" owner="BuiltIn">
<msg time="2024-03-26T04:15:41.635779" level="INFO">{'results': [{'gender': 'male', 'name': {'title': 'Mr', 'first': 'David', 'last': 'Jordan'}, 'location': {'street': {'number': 6509, 'name': 'W Belt Line Rd'}, 'city': 'Murrieta', 'state': 'West Virginia', 'country': 'United States', 'postcode': 44926, 'coordinates': {'latitude': '82.9998', 'longitude': '-49.0260'}, 'timezone': {'offset': '0:00', 'description': 'Western Europe Time, London, Lisbon, Casablanca'}}, 'email': 'david.jordan@example.com', 'login': {'uuid': '377ad9f6-86fe-46dd-9f8a-f7fe37c07fbd', 'username': 'lazymouse969', 'password': 'wild', 'salt': 'Hy85yZZt', 'md5': 'da32990d1fc8e70f556a69d17d3ebd07', 'sha1': '846f1bbedc2dcd1f39edc4cff56f593aac4a1cf0', 'sha256': '9e0200e09f0933c59aa32e12b145feadbdae1c2b7851162b485edde64729c854'}, 'dob': {'date': '1970-07-19T04:29:46.104Z', 'age': 53}, 'registered': {'date': '2022-04-16T20:35:14.034Z', 'age': 1}, 'phone': '(347) 249-7883', 'cell': '(240) 378-5886', 'id': {'name': 'SSN', 'value': '531-86-7850'}, 'picture': {'large': 'https://randomuser.me/api/portraits/men/88.jpg', 'medium': 'https://randomuser.me/api/portraits/med/men/88.jpg', 'thumbnail': 'https://randomuser.me/api/portraits/thumb/men/88.jpg'}, 'nat': 'US'}], 'info': {'seed': 'b033a22c40269922', 'results': 1, 'page': 1, 'version': '1.4'}}</msg>
<arg>${json_data}</arg>
<doc>Logs the given message with the given level.</doc>
<status status="PASS" start="2024-03-26T04:15:41.635614" elapsed="0.000212"/>
</kw>
<kw name="Dictionary Should Contain Key" owner="Collections">
<msg time="2024-03-26T04:15:41.636286" level="INFO">False</msg>
<arg>${json_data}</arg>
<arg>results</arg>
<doc>Fails if ``key`` is not found from ``dictionary``.</doc>
<status status="PASS" start="2024-03-26T04:15:41.636127" elapsed="0.000197"/>
</kw>
<kw name="Should Not Be Empty" owner="BuiltIn">
<msg time="2024-03-26T04:15:41.636758" level="INFO">Length is 2.</msg>
<arg>${json_data}</arg>
<doc>Verifies that the given item is not empty.</doc>
<status status="PASS" start="2024-03-26T04:15:41.636623" elapsed="0.000175"/>
</kw>
<kw name="Create List" owner="BuiltIn">
<msg time="2024-03-26T04:15:41.637250" level="INFO">${expected_keys} = ['gender', 'name', 'location', 'email', 'login']</msg>
<var>${expected_keys}</var>
<arg>gender</arg>
<arg>name</arg>
<arg>location</arg>
<arg>email</arg>
<arg>login</arg>
<doc>Returns a list containing given items.</doc>
<status status="PASS" start="2024-03-26T04:15:41.637093" elapsed="0.000182"/>
</kw>
<for flavor="IN">
<iter>
<kw name="Dictionary Should Contain Key" owner="Collections">
<msg time="2024-03-26T04:15:41.638275" level="INFO">False</msg>
<arg>${json_data['results'][0]}</arg>
<arg>${key}</arg>
<doc>Fails if ``key`` is not found from ``dictionary``.</doc>
<status status="PASS" start="2024-03-26T04:15:41.637862" elapsed="0.000453"/>
</kw>
<kw name="Log" owner="BuiltIn">
<msg time="2024-03-26T04:15:41.639042" level="INFO">{'gender': 'male', 'name': {'title': 'Mr', 'first': 'David', 'last': 'Jordan'}, 'location': {'street': {'number': 6509, 'name': 'W Belt Line Rd'}, 'city': 'Murrieta', 'state': 'West Virginia', 'country': 'United States', 'postcode': 44926, 'coordinates': {'latitude': '82.9998', 'longitude': '-49.0260'}, 'timezone': {'offset': '0:00', 'description': 'Western Europe Time, London, Lisbon, Casablanca'}}, 'email': 'david.jordan@example.com', 'login': {'uuid': '377ad9f6-86fe-46dd-9f8a-f7fe37c07fbd', 'username': 'lazymouse969', 'password': 'wild', 'salt': 'Hy85yZZt', 'md5': 'da32990d1fc8e70f556a69d17d3ebd07', 'sha1': '846f1bbedc2dcd1f39edc4cff56f593aac4a1cf0', 'sha256': '9e0200e09f0933c59aa32e12b145feadbdae1c2b7851162b485edde64729c854'}, 'dob': {'date': '1970-07-19T04:29:46.104Z', 'age': 53}, 'registered': {'date': '2022-04-16T20:35:14.034Z', 'age': 1}, 'phone': '(347) 249-7883', 'cell': '(240) 378-5886', 'id': {'name': 'SSN', 'value': '531-86-7850'}, 'picture': {'large': 'https://randomuser.me/api/portraits/men/88.jpg', 'medium': 'https://randomuser.me/api/portraits/med/men/88.jpg', 'thumbnail': 'https://randomuser.me/api/portraits/thumb/men/88.jpg'}, 'nat': 'US'}</msg>
<arg>${json_data['results'][0]}</arg>
<doc>Logs the given message with the given level.</doc>
<status status="PASS" start="2024-03-26T04:15:41.638671" elapsed="0.000427"/>
</kw>
<kw name="Log" owner="BuiltIn">
<msg time="2024-03-26T04:15:41.639540" level="INFO">gender</msg>
<arg>${key}</arg>
<doc>Logs the given message with the given level.</doc>
<status status="PASS" start="2024-03-26T04:15:41.639407" elapsed="0.000172"/>
</kw>
<var name="${key}">gender</var>
<status status="PASS" start="2024-03-26T04:15:41.637735" elapsed="0.002063"/>
</iter>
<iter>
<kw name="Dictionary Should Contain Key" owner="Collections">
<msg time="2024-03-26T04:15:41.640500" level="INFO">False</msg>
<arg>${json_data['results'][0]}</arg>
<arg>${key}</arg>
<doc>Fails if ``key`` is not found from ``dictionary``.</doc>
<status status="PASS" start="2024-03-26T04:15:41.640110" elapsed="0.000428"/>
</kw>
<kw name="Log" owner="BuiltIn">
<msg time="2024-03-26T04:15:41.641242" level="INFO">{'gender': 'male', 'name': {'title': 'Mr', 'first': 'David', 'last': 'Jordan'}, 'location': {'street': {'number': 6509, 'name': 'W Belt Line Rd'}, 'city': 'Murrieta', 'state': 'West Virginia', 'country': 'United States', 'postcode': 44926, 'coordinates': {'latitude': '82.9998', 'longitude': '-49.0260'}, 'timezone': {'offset': '0:00', 'description': 'Western Europe Time, London, Lisbon, Casablanca'}}, 'email': 'david.jordan@example.com', 'login': {'uuid': '377ad9f6-86fe-46dd-9f8a-f7fe37c07fbd', 'username': 'lazymouse969', 'password': 'wild', 'salt': 'Hy85yZZt', 'md5': 'da32990d1fc8e70f556a69d17d3ebd07', 'sha1': '846f1bbedc2dcd1f39edc4cff56f593aac4a1cf0', 'sha256': '9e0200e09f0933c59aa32e12b145feadbdae1c2b7851162b485edde64729c854'}, 'dob': {'date': '1970-07-19T04:29:46.104Z', 'age': 53}, 'registered': {'date': '2022-04-16T20:35:14.034Z', 'age': 1}, 'phone': '(347) 249-7883', 'cell': '(240) 378-5886', 'id': {'name': 'SSN', 'value': '531-86-7850'}, 'picture': {'large': 'https://randomuser.me/api/portraits/men/88.jpg', 'medium': 'https://randomuser.me/api/portraits/med/men/88.jpg', 'thumbnail': 'https://randomuser.me/api/portraits/thumb/men/88.jpg'}, 'nat': 'US'}</msg>
<arg>${json_data['results'][0]}</arg>
<doc>Logs the given message with the given level.</doc>
<status status="PASS" start="2024-03-26T04:15:41.640879" elapsed="0.000411"/>
</kw>
<kw name="Log" owner="BuiltIn">
<msg time="2024-03-26T04:15:41.641718" level="INFO">name</msg>
<arg>${key}</arg>
<doc>Logs the given message with the given level.</doc>
<status status="PASS" start="2024-03-26T04:15:41.641587" elapsed="0.000170"/>
</kw>
<var name="${key}">name</var>
<status status="PASS" start="2024-03-26T04:15:41.639994" elapsed="0.001980"/>
</iter>
<iter>
<kw name="Dictionary Should Contain Key" owner="Collections">
<msg time="2024-03-26T04:15:41.642684" level="INFO">False</msg>
<arg>${json_data['results'][0]}</arg>
<arg>${key}</arg>
<doc>Fails if ``key`` is not found from ``dictionary``.</doc>
<status status="PASS" start="2024-03-26T04:15:41.642268" elapsed="0.000456"/>
</kw>
<kw name="Log" owner="BuiltIn">
<msg time="2024-03-26T04:15:41.643393" level="INFO">{'gender': 'male', 'name': {'title': 'Mr', 'first': 'David', 'last': 'Jordan'}, 'location': {'street': {'number': 6509, 'name': 'W Belt Line Rd'}, 'city': 'Murrieta', 'state': 'West Virginia', 'country': 'United States', 'postcode': 44926, 'coordinates': {'latitude': '82.9998', 'longitude': '-49.0260'}, 'timezone': {'offset': '0:00', 'description': 'Western Europe Time, London, Lisbon, Casablanca'}}, 'email': 'david.jordan@example.com', 'login': {'uuid': '377ad9f6-86fe-46dd-9f8a-f7fe37c07fbd', 'username': 'lazymouse969', 'password': 'wild', 'salt': 'Hy85yZZt', 'md5': 'da32990d1fc8e70f556a69d17d3ebd07', 'sha1': '846f1bbedc2dcd1f39edc4cff56f593aac4a1cf0', 'sha256': '9e0200e09f0933c59aa32e12b145feadbdae1c2b7851162b485edde64729c854'}, 'dob': {'date': '1970-07-19T04:29:46.104Z', 'age': 53}, 'registered': {'date': '2022-04-16T20:35:14.034Z', 'age': 1}, 'phone': '(347) 249-7883', 'cell': '(240) 378-5886', 'id': {'name': 'SSN', 'value': '531-86-7850'}, 'picture': {'large': 'https://randomuser.me/api/portraits/men/88.jpg', 'medium': 'https://randomuser.me/api/portraits/med/men/88.jpg', 'thumbnail': 'https://randomuser.me/api/portraits/thumb/men/88.jpg'}, 'nat': 'US'}</msg>
<arg>${json_data['results'][0]}</arg>
<doc>Logs the given message with the given level.</doc>
<status status="PASS" start="2024-03-26T04:15:41.643029" elapsed="0.000417"/>
</kw>
<kw name="Log" owner="BuiltIn">
<msg time="2024-03-26T04:15:41.643874" level="INFO">location</msg>
<arg>${key}</arg>
<doc>Logs the given message with the given level.</doc>
<status status="PASS" start="2024-03-26T04:15:41.643746" elapsed="0.000167"/>
</kw>
<var name="${key}">location</var>
<status status="PASS" start="2024-03-26T04:15:41.642155" elapsed="0.001976"/>
</iter>
<iter>
<kw name="Dictionary Should Contain Key" owner="Collections">
<msg time="2024-03-26T04:15:41.644804" level="INFO">False</msg>
<arg>${json_data['results'][0]}</arg>
<arg>${key}</arg>
<doc>Fails if ``key`` is not found from ``dictionary``.</doc>
<status status="PASS" start="2024-03-26T04:15:41.644420" elapsed="0.000423"/>
</kw>
<kw name="Log" owner="BuiltIn">
<msg time="2024-03-26T04:15:41.645508" level="INFO">{'gender': 'male', 'name': {'title': 'Mr', 'first': 'David', 'last': 'Jordan'}, 'location': {'street': {'number': 6509, 'name': 'W Belt Line Rd'}, 'city': 'Murrieta', 'state': 'West Virginia', 'country': 'United States', 'postcode': 44926, 'coordinates': {'latitude': '82.9998', 'longitude': '-49.0260'}, 'timezone': {'offset': '0:00', 'description': 'Western Europe Time, London, Lisbon, Casablanca'}}, 'email': 'david.jordan@example.com', 'login': {'uuid': '377ad9f6-86fe-46dd-9f8a-f7fe37c07fbd', 'username': 'lazymouse969', 'password': 'wild', 'salt': 'Hy85yZZt', 'md5': 'da32990d1fc8e70f556a69d17d3ebd07', 'sha1': '846f1bbedc2dcd1f39edc4cff56f593aac4a1cf0', 'sha256': '9e0200e09f0933c59aa32e12b145feadbdae1c2b7851162b485edde64729c854'}, 'dob': {'date': '1970-07-19T04:29:46.104Z', 'age': 53}, 'registered': {'date': '2022-04-16T20:35:14.034Z', 'age': 1}, 'phone': '(347) 249-7883', 'cell': '(240) 378-5886', 'id': {'name': 'SSN', 'value': '531-86-7850'}, 'picture': {'large': 'https://randomuser.me/api/portraits/men/88.jpg', 'medium': 'https://randomuser.me/api/portraits/med/men/88.jpg', 'thumbnail': 'https://randomuser.me/api/portraits/thumb/men/88.jpg'}, 'nat': 'US'}</msg>
<arg>${json_data['results'][0]}</arg>
<doc>Logs the given message with the given level.</doc>
<status status="PASS" start="2024-03-26T04:15:41.645143" elapsed="0.000414"/>
</kw>
<kw name="Log" owner="BuiltIn">
<msg time="2024-03-26T04:15:41.645991" level="INFO">email</msg>
<arg>${key}</arg>
<doc>Logs the given message with the given level.</doc>
<status status="PASS" start="2024-03-26T04:15:41.645858" elapsed="0.000173"/>
</kw>
<var name="${key}">email</var>
<status status="PASS" start="2024-03-26T04:15:41.644307" elapsed="0.001940"/>
</iter>
<iter>
<kw name="Dictionary Should Contain Key" owner="Collections">
<msg time="2024-03-26T04:15:41.646978" level="INFO">False</msg>
<arg>${json_data['results'][0]}</arg>
<arg>${key}</arg>
<doc>Fails if ``key`` is not found from ``dictionary``.</doc>
<status status="PASS" start="2024-03-26T04:15:41.646588" elapsed="0.000428"/>
</kw>
<kw name="Log" owner="BuiltIn">
<msg time="2024-03-26T04:15:41.647682" level="INFO">{'gender': 'male', 'name': {'title': 'Mr', 'first': 'David', 'last': 'Jordan'}, 'location': {'street': {'number': 6509, 'name': 'W Belt Line Rd'}, 'city': 'Murrieta', 'state': 'West Virginia', 'country': 'United States', 'postcode': 44926, 'coordinates': {'latitude': '82.9998', 'longitude': '-49.0260'}, 'timezone': {'offset': '0:00', 'description': 'Western Europe Time, London, Lisbon, Casablanca'}}, 'email': 'david.jordan@example.com', 'login': {'uuid': '377ad9f6-86fe-46dd-9f8a-f7fe37c07fbd', 'username': 'lazymouse969', 'password': 'wild', 'salt': 'Hy85yZZt', 'md5': 'da32990d1fc8e70f556a69d17d3ebd07', 'sha1': '846f1bbedc2dcd1f39edc4cff56f593aac4a1cf0', 'sha256': '9e0200e09f0933c59aa32e12b145feadbdae1c2b7851162b485edde64729c854'}, 'dob': {'date': '1970-07-19T04:29:46.104Z', 'age': 53}, 'registered': {'date': '2022-04-16T20:35:14.034Z', 'age': 1}, 'phone': '(347) 249-7883', 'cell': '(240) 378-5886', 'id': {'name': 'SSN', 'value': '531-86-7850'}, 'picture': {'large': 'https://randomuser.me/api/portraits/men/88.jpg', 'medium': 'https://randomuser.me/api/portraits/med/men/88.jpg', 'thumbnail': 'https://randomuser.me/api/portraits/thumb/men/88.jpg'}, 'nat': 'US'}</msg>
<arg>${json_data['results'][0]}</arg>
<doc>Logs the given message with the given level.</doc>
<status status="PASS" start="2024-03-26T04:15:41.647315" elapsed="0.000416"/>
</kw>
<kw name="Log" owner="BuiltIn">
<msg time="2024-03-26T04:15:41.648161" level="INFO">login</msg>
<arg>${key}</arg>
<doc>Logs the given message with the given level.</doc>
<status status="PASS" start="2024-03-26T04:15:41.648032" elapsed="0.000320"/>
</kw>
<var name="${key}">login</var>
<status status="PASS" start="2024-03-26T04:15:41.646456" elapsed="0.002125"/>
</iter>
<var>${key}</var>
<value>@{expected_keys}</value>
<status status="PASS" start="2024-03-26T04:15:41.637538" elapsed="0.011168"/>
</for>
<kw name="Create List" owner="BuiltIn">
<msg time="2024-03-26T04:15:41.649050" level="INFO">${expected_keysTwo} = ['username', 'password']</msg>
<var>${expected_keysTwo}</var>
<arg>username</arg>
<arg>password</arg>
<doc>Returns a list containing given items.</doc>
<status status="PASS" start="2024-03-26T04:15:41.648909" elapsed="0.000166"/>
</kw>
<for flavor="IN">
<iter>
<kw name="Dictionary Should Contain Key" owner="Collections">
<msg time="2024-03-26T04:15:41.649964" level="INFO">False</msg>
<arg>${json_data['results'][0]['login']}</arg>
<arg>${keyTwo}</arg>
<doc>Fails if ``key`` is not found from ``dictionary``.</doc>
<status status="PASS" start="2024-03-26T04:15:41.649585" elapsed="0.000417"/>
</kw>
<kw name="Dictionary Should Contain Key" owner="Collections">
<msg time="2024-03-26T04:15:41.650730" level="INFO">False</msg>
<arg>${json_data['results'][0]['login']}</arg>
<arg>${keyTwo}</arg>
<doc>Fails if ``key`` is not found from ``dictionary``.</doc>
<status status="PASS" start="2024-03-26T04:15:41.650297" elapsed="0.000471"/>
</kw>
<kw name="Log" owner="BuiltIn">
<msg time="2024-03-26T04:15:41.651195" level="INFO">username</msg>
<arg>${keyTwo}</arg>
<doc>Logs the given message with the given level.</doc>
<status status="PASS" start="2024-03-26T04:15:41.651065" elapsed="0.000168"/>
</kw>
<var name="${keyTwo}">username</var>
<status status="PASS" start="2024-03-26T04:15:41.649474" elapsed="0.001975"/>
</iter>
<iter>
<kw name="Dictionary Should Contain Key" owner="Collections">
<msg time="2024-03-26T04:15:41.652116" level="INFO">False</msg>
<arg>${json_data['results'][0]['login']}</arg>
<arg>${keyTwo}</arg>
<doc>Fails if ``key`` is not found from ``dictionary``.</doc>
<status status="PASS" start="2024-03-26T04:15:41.651734" elapsed="0.000421"/>
</kw>
<kw name="Dictionary Should Contain Key" owner="Collections">
<msg time="2024-03-26T04:15:41.652832" level="INFO">False</msg>
<arg>${json_data['results'][0]['login']}</arg>
<arg>${keyTwo}</arg>
<doc>Fails if ``key`` is not found from ``dictionary``.</doc>
<status status="PASS" start="2024-03-26T04:15:41.652448" elapsed="0.000425"/>
</kw>
<kw name="Log" owner="BuiltIn">
<msg time="2024-03-26T04:15:41.653341" level="INFO">password</msg>
<arg>${keyTwo}</arg>
<doc>Logs the given message with the given level.</doc>
<status status="PASS" start="2024-03-26T04:15:41.653195" elapsed="0.000188"/>
</kw>
<var name="${keyTwo}">password</var>
<status status="PASS" start="2024-03-26T04:15:41.651623" elapsed="0.001999"/>
</iter>
<var>${keyTwo}</var>
<value>@{expected_keysTwo}</value>
<status status="PASS" start="2024-03-26T04:15:41.649317" elapsed="0.004436"/>
</for>
<status status="PASS" start="2024-03-26T04:15:41.542076" elapsed="0.111828"/>
</kw>
<doc>Testa a estrutura da resposta da API.</doc>
<tag>testeEstruturaResposta</tag>
<status status="PASS" start="2024-03-26T04:15:41.541274" elapsed="0.112800"/>
</test>
<test id="s1-s1-t4" name="Validar tipos de dados" line="28">
<kw name="Teste de Tipos de Dados" owner="random-user-service">
<kw name="GET On Session" owner="RequestsLibrary">
<msg time="2024-03-26T04:15:41.734342" level="INFO">GET Request : url=https://randomuser.me/api 
 path_url=/api 
 headers={'User-Agent': 'python-requests/2.31.0', 'Accept-Encoding': 'gzip, deflate', 'Accept': '*/*', 'Connection': 'keep-alive'} 
 body=None 
 </msg>
<msg time="2024-03-26T04:15:41.734492" level="INFO">GET Response : url=https://randomuser.me/api 
 status=200, reason=OK 
 headers={'Date': 'Tue, 26 Mar 2024 04:15:41 GMT', 'Content-Type': 'application/json; charset=utf-8', 'Transfer-Encoding': 'chunked', 'Connection': 'keep-alive', 'X-Powered-By': 'Express', 'Access-Control-Allow-Origin': '*', 'Cache-Control': 'no-cache', 'ETag': 'W/"489-nWebnb7blqnVfkkW47Whp2Zcdqc"', 'Vary': 'Accept-Encoding', 'Content-Encoding': 'gzip', 'CF-Cache-Status': 'DYNAMIC', 'Report-To': '{"endpoints":[{"url":"https:\\/\\/a.nel.cloudflare.com\\/report\\/v4?s=YB%2BLYlxvg4qPxCunqVmmQXAZ2UFbvaDLuTQ47quYvQPUBW3dCtLgudoTHEap7HAK2JvHezrRG%2FHXJzHEAUOh4nB%2BtC7lJGACPj8Dkby4whIZjaNSoM53Yeo5orjc0jEC"}],"group":"cf-nel","max_age":604800}', 'NEL': '{"success_fraction":0,"report_to":"cf-nel","max_age":604800}', 'Server': 'cloudflare', 'CF-RAY': '86a4522d5d462d0e-IAD', 'alt-svc': 'h3=":443"; ma=86400'} 
 body={"results":[{"gender":"female","name":{"title":"Miss","first":"Becky","last":"Dunne"},"location":{"street":{"number":3077,"name":"School Lane"},"city":"Dundalk","state":"Kildare","country":"Ireland","postcode":15127,"coordinates":{"latitude":"2.1451","longitude":"77.0522"},"timezone":{"offset":"+1:00","description":"Brussels, Copenhagen, Madrid, Paris"}},"email":"becky.dunne@example.com","login":{"uuid":"23274b56-0b7d-4173-8c9e-f5a587697943","username":"whitewolf384","password":"marine1","salt":"UDZfEmaW","md5":"885f189d9ae91bc98c4071d6c405cfe6","sha1":"626bb56dfb51ca5a167a05dc3ab53266bfedb2a0","sha256":"1a8f02d6475f44d62e20feb1eaa5ae61dfbc12a0ceb6242dfbce183a90f8ccd1"},"dob":{"date":"1981-12-07T07:43:29.428Z","age":42},"registered":{"date":"2009-07-19T14:42:52.715Z","age":14},"phone":"041-364-5228","cell":"081-184-2620","id":{"name":"PPS","value":"3875442T"},"picture":{"large":"https://randomuser.me/api/portraits/women/51.jpg","medium":"https://randomuser.me/api/portraits/med/women/51.jpg","thumbnail":"https://randomuser.me/api/portraits/thumb/women/51.jpg"},"nat":"IE"}],"info":{"seed":"6d2254802147a4e3","results":1,"page":1,"version":"1.4"}} 
 </msg>
<msg time="2024-03-26T04:15:41.734579" level="INFO">/opt/hostedtoolcache/Python/3.12.2/x64/lib/python3.12/site-packages/urllib3/connectionpool.py:1103: InsecureRequestWarning: Unverified HTTPS request is being made to host 'randomuser.me'. Adding certificate verification is strongly advised. See: https://urllib3.readthedocs.io/en/latest/advanced-usage.html#tls-warnings
  warnings.warn(</msg>
<msg time="2024-03-26T04:15:41.734713" level="INFO">${response} = &lt;Response [200]&gt;</msg>
<var>${response}</var>
<arg>consultarAPI</arg>
<arg>/api</arg>
<doc>Sends a GET request on a previously created HTTP Session.</doc>
<status status="PASS" start="2024-03-26T04:15:41.656692" elapsed="0.078056"/>
</kw>
<kw name="Set Variable" owner="BuiltIn">
<msg time="2024-03-26T04:15:41.735972" level="INFO">${json_data} = {'results': [{'gender': 'female', 'name': {'title': 'Miss', 'first': 'Becky', 'last': 'Dunne'}, 'location': {'street': {'number': 3077, 'name': 'School Lane'}, 'city': 'Dundalk', 'state': 'Kildare', '...</msg>
<var>${json_data}</var>
<arg>${response.json()}</arg>
<doc>Returns the given values which can then be assigned to a variables.</doc>
<status status="PASS" start="2024-03-26T04:15:41.735408" elapsed="0.000593"/>
</kw>
<kw name="Log" owner="BuiltIn">
<msg time="2024-03-26T04:15:41.736483" level="INFO">{'results': [{'gender': 'female', 'name': {'title': 'Miss', 'first': 'Becky', 'last': 'Dunne'}, 'location': {'street': {'number': 3077, 'name': 'School Lane'}, 'city': 'Dundalk', 'state': 'Kildare', 'country': 'Ireland', 'postcode': 15127, 'coordinates': {'latitude': '2.1451', 'longitude': '77.0522'}, 'timezone': {'offset': '+1:00', 'description': 'Brussels, Copenhagen, Madrid, Paris'}}, 'email': 'becky.dunne@example.com', 'login': {'uuid': '23274b56-0b7d-4173-8c9e-f5a587697943', 'username': 'whitewolf384', 'password': 'marine1', 'salt': 'UDZfEmaW', 'md5': '885f189d9ae91bc98c4071d6c405cfe6', 'sha1': '626bb56dfb51ca5a167a05dc3ab53266bfedb2a0', 'sha256': '1a8f02d6475f44d62e20feb1eaa5ae61dfbc12a0ceb6242dfbce183a90f8ccd1'}, 'dob': {'date': '1981-12-07T07:43:29.428Z', 'age': 42}, 'registered': {'date': '2009-07-19T14:42:52.715Z', 'age': 14}, 'phone': '041-364-5228', 'cell': '081-184-2620', 'id': {'name': 'PPS', 'value': '3875442T'}, 'picture': {'large': 'https://randomuser.me/api/portraits/women/51.jpg', 'medium': 'https://randomuser.me/api/portraits/med/women/51.jpg', 'thumbnail': 'https://randomuser.me/api/portraits/thumb/women/51.jpg'}, 'nat': 'IE'}], 'info': {'seed': '6d2254802147a4e3', 'results': 1, 'page': 1, 'version': '1.4'}}</msg>
<arg>${json_data}</arg>
<doc>Logs the given message with the given level.</doc>
<status status="PASS" start="2024-03-26T04:15:41.736321" elapsed="0.000256"/>
</kw>
<kw name="Should Be String" owner="String">
<arg>${json_data['results'][0]['gender']}</arg>
<doc>Fails if the given ``item`` is not a string.</doc>
<status status="PASS" start="2024-03-26T04:15:41.736882" elapsed="0.000368"/>
</kw>
<kw name="Should Match Regexp" owner="BuiltIn">
<arg>${json_data['results'][0]['email']}</arg>
<arg>^[a-zA-Z0-9._%+-]+@[a-zA-Z0-9.-]+\.[a-zA-Z]{2,}$</arg>
<doc>Fails if ``string`` does not match ``pattern`` as a regular expression.</doc>
<status status="PASS" start="2024-03-26T04:15:41.737446" elapsed="0.000518"/>
</kw>
<kw name="Should Match Regexp" owner="BuiltIn">
<arg>${json_data['results'][0]['dob']['date']}</arg>
<arg>\\d{4}-\\d{2}-\\d{2}T\\d{2}:\\d{2}:\\d{2}\\.\\d{3}Z</arg>
<doc>Fails if ``string`` does not match ``pattern`` as a regular expression.</doc>
<status status="PASS" start="2024-03-26T04:15:41.738163" elapsed="0.000534"/>
</kw>
<kw name="Should Match Regexp" owner="BuiltIn">
<arg>${json_data['results'][0]['registered']['date']}</arg>
<arg>\\d{4}-\\d{2}-\\d{2}T\\d{2}:\\d{2}:\\d{2}\\.\\d{3}Z</arg>
<doc>Fails if ``string`` does not match ``pattern`` as a regular expression.</doc>
<status status="PASS" start="2024-03-26T04:15:41.738896" elapsed="0.000377"/>
</kw>
<kw name="Should Match Regexp" owner="BuiltIn">
<arg>${json_data['results'][0]['picture']['large']}</arg>
<arg>^https?://.*\.(?:png|jpe?g|gif|bmp)$</arg>
<doc>Fails if ``string`` does not match ``pattern`` as a regular expression.</doc>
<status status="PASS" start="2024-03-26T04:15:41.739462" elapsed="0.000458"/>
</kw>
<kw name="Should Match Regexp" owner="BuiltIn">
<arg>${json_data['results'][0]['picture']['medium']}</arg>
<arg>^https?://.*\.(?:png|jpe?g|gif|bmp)$</arg>
<doc>Fails if ``string`` does not match ``pattern`` as a regular expression.</doc>
<status status="PASS" start="2024-03-26T04:15:41.740111" elapsed="0.000357"/>
</kw>
<kw name="Should Match Regexp" owner="BuiltIn">
<arg>${json_data['results'][0]['picture']['thumbnail']}</arg>
<arg>^https?://.*\.(?:png|jpe?g|gif|bmp)$</arg>
<doc>Fails if ``string`` does not match ``pattern`` as a regular expression.</doc>
<status status="PASS" start="2024-03-26T04:15:41.740654" elapsed="0.000349"/>
</kw>
<kw name="Log" owner="BuiltIn">
<msg time="2024-03-26T04:15:41.741526" level="INFO">{'large': 'https://randomuser.me/api/portraits/women/51.jpg', 'medium': 'https://randomuser.me/api/portraits/med/women/51.jpg', 'thumbnail': 'https://randomuser.me/api/portraits/thumb/women/51.jpg'}</msg>
<arg>${json_data['results'][0]['picture']}</arg>
<doc>Logs the given message with the given level.</doc>
<status status="PASS" start="2024-03-26T04:15:41.741187" elapsed="0.000387"/>
</kw>
<status status="PASS" start="2024-03-26T04:15:41.656455" elapsed="0.085400"/>
</kw>
<kw name="Teste de Tipos de Dados - Postcode" owner="random-user-service">
<kw name="GET On Session" owner="RequestsLibrary">
<msg time="2024-03-26T04:15:41.833220" level="INFO">GET Request : url=https://randomuser.me/api 
 path_url=/api 
 headers={'User-Agent': 'python-requests/2.31.0', 'Accept-Encoding': 'gzip, deflate', 'Accept': '*/*', 'Connection': 'keep-alive'} 
 body=None 
 </msg>
<msg time="2024-03-26T04:15:41.833319" level="INFO">GET Response : url=https://randomuser.me/api 
 status=200, reason=OK 
 headers={'Date': 'Tue, 26 Mar 2024 04:15:41 GMT', 'Content-Type': 'application/json; charset=utf-8', 'Transfer-Encoding': 'chunked', 'Connection': 'keep-alive', 'X-Powered-By': 'Express', 'Access-Control-Allow-Origin': '*', 'Cache-Control': 'no-cache', 'ETag': 'W/"49c-OYHUFrx0zH+5TaStPfojWjHuoAc"', 'Vary': 'Accept-Encoding', 'Content-Encoding': 'gzip', 'CF-Cache-Status': 'DYNAMIC', 'Report-To': '{"endpoints":[{"url":"https:\\/\\/a.nel.cloudflare.com\\/report\\/v4?s=stoL%2BNzmCNTiuYafyPbvySGMd6dEgnFB56Ji7K0i%2FN6%2FTsbv%2F7LpPPIo21Yg%2FWjO7vbFP6PKHDKJ2Ek5jpxv2hDDKC%2FD1jlSmRzqHtXOKL2j8h1FX8YCeTs6pUJjnTbs"}],"group":"cf-nel","max_age":604800}', 'NEL': '{"success_fraction":0,"report_to":"cf-nel","max_age":604800}', 'Server': 'cloudflare', 'CF-RAY': '86a4522dedba2d0e-IAD', 'alt-svc': 'h3=":443"; ma=86400'} 
 body={"results":[{"gender":"female","name":{"title":"Ms","first":"Sylvia","last":"Riley"},"location":{"street":{"number":737,"name":"W 6th St"},"city":"Traralgon","state":"Northern Territory","country":"Australia","postcode":6058,"coordinates":{"latitude":"-89.9573","longitude":"135.7127"},"timezone":{"offset":"-4:00","description":"Atlantic Time (Canada), Caracas, La Paz"}},"email":"sylvia.riley@example.com","login":{"uuid":"ece41de5-c641-4993-b3dc-a8c88f485712","username":"silvermouse605","password":"slick1","salt":"yrhKKomo","md5":"4a3ec1142eb497b8f8184c30b73a4786","sha1":"b566baa095a4d84e89069e70c6941366c348f15a","sha256":"05408e2cf91e7e67d77c80c50764f72e1f19223a938c457afe2282a4c5efba96"},"dob":{"date":"1989-03-28T12:51:42.689Z","age":34},"registered":{"date":"2012-06-21T10:55:04.870Z","age":11},"phone":"09-3534-1151","cell":"0486-975-165","id":{"name":"TFN","value":"564297365"},"picture":{"large":"https://randomuser.me/api/portraits/women/50.jpg","medium":"https://randomuser.me/api/portraits/med/women/50.jpg","thumbnail":"https://randomuser.me/api/portraits/thumb/women/50.jpg"},"nat":"AU"}],"info":{"seed":"9ac2716d862e96de","results":1,"page":1,"version":"1.4"}} 
 </msg>
<msg time="2024-03-26T04:15:41.833405" level="INFO">/opt/hostedtoolcache/Python/3.12.2/x64/lib/python3.12/site-packages/urllib3/connectionpool.py:1103: InsecureRequestWarning: Unverified HTTPS request is being made to host 'randomuser.me'. Adding certificate verification is strongly advised. See: https://urllib3.readthedocs.io/en/latest/advanced-usage.html#tls-warnings
  warnings.warn(</msg>
<msg time="2024-03-26T04:15:41.833536" level="INFO">${response} = &lt;Response [200]&gt;</msg>
<var>${response}</var>
<arg>consultarAPI</arg>
<arg>/api</arg>
<doc>Sends a GET request on a previously created HTTP Session.</doc>
<status status="PASS" start="2024-03-26T04:15:41.742532" elapsed="0.091044"/>
</kw>
<kw name="Set Variable" owner="BuiltIn">
<msg time="2024-03-26T04:15:41.834800" level="INFO">${json_data} = {'results': [{'gender': 'female', 'name': {'title': 'Ms', 'first': 'Sylvia', 'last': 'Riley'}, 'location': {'street': {'number': 737, 'name': 'W 6th St'}, 'city': 'Traralgon', 'state': 'Northern Terri...</msg>
<var>${json_data}</var>
<arg>${response.json()}</arg>
<doc>Returns the given values which can then be assigned to a variables.</doc>
<status status="PASS" start="2024-03-26T04:15:41.834221" elapsed="0.000608"/>
</kw>
<kw name="Log" owner="BuiltIn">
<msg time="2024-03-26T04:15:41.835332" level="INFO">{'results': [{'gender': 'female', 'name': {'title': 'Ms', 'first': 'Sylvia', 'last': 'Riley'}, 'location': {'street': {'number': 737, 'name': 'W 6th St'}, 'city': 'Traralgon', 'state': 'Northern Territory', 'country': 'Australia', 'postcode': 6058, 'coordinates': {'latitude': '-89.9573', 'longitude': '135.7127'}, 'timezone': {'offset': '-4:00', 'description': 'Atlantic Time (Canada), Caracas, La Paz'}}, 'email': 'sylvia.riley@example.com', 'login': {'uuid': 'ece41de5-c641-4993-b3dc-a8c88f485712', 'username': 'silvermouse605', 'password': 'slick1', 'salt': 'yrhKKomo', 'md5': '4a3ec1142eb497b8f8184c30b73a4786', 'sha1': 'b566baa095a4d84e89069e70c6941366c348f15a', 'sha256': '05408e2cf91e7e67d77c80c50764f72e1f19223a938c457afe2282a4c5efba96'}, 'dob': {'date': '1989-03-28T12:51:42.689Z', 'age': 34}, 'registered': {'date': '2012-06-21T10:55:04.870Z', 'age': 11}, 'phone': '09-3534-1151', 'cell': '0486-975-165', 'id': {'name': 'TFN', 'value': '564297365'}, 'picture': {'large': 'https://randomuser.me/api/portraits/women/50.jpg', 'medium': 'https://randomuser.me/api/portraits/med/women/50.jpg', 'thumbnail': 'https://randomuser.me/api/portraits/thumb/women/50.jpg'}, 'nat': 'AU'}], 'info': {'seed': '9ac2716d862e96de', 'results': 1, 'page': 1, 'version': '1.4'}}</msg>
<arg>${json_data}</arg>
<doc>Logs the given message with the given level.</doc>
<status status="PASS" start="2024-03-26T04:15:41.835173" elapsed="0.000241"/>
</kw>
<kw name="Should Be Equal As Numbers" owner="BuiltIn">
<arg>${json_data['results'][0]['location']['postcode']}</arg>
<arg>${json_data['results'][0]['location']['postcode']}</arg>
<doc>Fails if objects are unequal after converting them to real numbers.</doc>
<status status="PASS" start="2024-03-26T04:15:41.835720" elapsed="0.000639"/>
</kw>
<kw name="Log" owner="BuiltIn">
<msg time="2024-03-26T04:15:41.836889" level="INFO">6058</msg>
<arg>${json_data['results'][0]['location']['postcode']}</arg>
<doc>Logs the given message with the given level.</doc>
<status status="PASS" start="2024-03-26T04:15:41.836552" elapsed="0.000378"/>
</kw>
<status status="PASS" start="2024-03-26T04:15:41.742091" elapsed="0.095098"/>
</kw>
<doc>Testa se os tipos de dados na resposta da API estão corretos.</doc>
<tag>testeTiposDados</tag>
<status status="PASS" start="2024-03-26T04:15:41.655879" elapsed="0.181486"/>
</test>
<test id="s1-s1-t5" name="Validar conteudo" line="35">
<kw name="Teste de Tipos de Conteudo" owner="random-user-service">
<kw name="GET On Session" owner="RequestsLibrary">
<msg time="2024-03-26T04:15:41.932695" level="INFO">GET Request : url=https://randomuser.me/api 
 path_url=/api 
 headers={'User-Agent': 'python-requests/2.31.0', 'Accept-Encoding': 'gzip, deflate', 'Accept': '*/*', 'Connection': 'keep-alive'} 
 body=None 
 </msg>
<msg time="2024-03-26T04:15:41.932806" level="INFO">GET Response : url=https://randomuser.me/api 
 status=200, reason=OK 
 headers={'Date': 'Tue, 26 Mar 2024 04:15:41 GMT', 'Content-Type': 'application/json; charset=utf-8', 'Transfer-Encoding': 'chunked', 'Connection': 'keep-alive', 'X-Powered-By': 'Express', 'Access-Control-Allow-Origin': '*', 'Cache-Control': 'no-cache', 'ETag': 'W/"48a-IbWSkuOfnZT+T8MLWX9fsOJYv4Y"', 'Vary': 'Accept-Encoding', 'Content-Encoding': 'gzip', 'CF-Cache-Status': 'DYNAMIC', 'Report-To': '{"endpoints":[{"url":"https:\\/\\/a.nel.cloudflare.com\\/report\\/v4?s=eULkBbTnU0uiY9NIDK44YDEo97q%2BhpJf9SGJDXZH6AoFnGA0wx3Zh5j22LpSmG5b%2FBT2NR8FSuhdaYdZdWY0Z8iB2Rqef7DAloVC9CYiK3YdB3CQ767qFnxAi4ML9NOZ"}],"group":"cf-nel","max_age":604800}', 'NEL': '{"success_fraction":0,"report_to":"cf-nel","max_age":604800}', 'Server': 'cloudflare', 'CF-RAY': '86a4522e8e412d0e-IAD', 'alt-svc': 'h3=":443"; ma=86400'} 
 body={"results":[{"gender":"male","name":{"title":"Mr","first":"Mathis","last":"Picard"},"location":{"street":{"number":6788,"name":"Rue de L'Abbaye"},"city":"Poitiers","state":"Bouches-du-Rhône","country":"France","postcode":15693,"coordinates":{"latitude":"-13.1510","longitude":"-175.7425"},"timezone":{"offset":"+5:45","description":"Kathmandu"}},"email":"mathis.picard@example.com","login":{"uuid":"acba8b11-ef22-4a1a-9927-2d891e70a4e0","username":"blackladybug222","password":"motor","salt":"39lkPgP3","md5":"b23a3bb9df7b8b3f90d158c0a5289039","sha1":"179727a670a38b6a5c273f8624ed9caf1989d035","sha256":"f25bccc60985f99f2993f5126ae35e09d22beae540f753aabe2c85b998659f10"},"dob":{"date":"1993-01-03T11:22:14.379Z","age":31},"registered":{"date":"2012-08-29T08:04:59.130Z","age":11},"phone":"01-94-06-29-00","cell":"06-15-14-22-03","id":{"name":"INSEE","value":"1930003343018 39"},"picture":{"large":"https://randomuser.me/api/portraits/men/61.jpg","medium":"https://randomuser.me/api/portraits/med/men/61.jpg","thumbnail":"https://randomuser.me/api/portraits/thumb/men/61.jpg"},"nat":"FR"}],"info":{"seed":"6707a83c31b84d2b","results":1,"page":1,"version":"1.4"}} 
 </msg>
<msg time="2024-03-26T04:15:41.932886" level="INFO">/opt/hostedtoolcache/Python/3.12.2/x64/lib/python3.12/site-packages/urllib3/connectionpool.py:1103: InsecureRequestWarning: Unverified HTTPS request is being made to host 'randomuser.me'. Adding certificate verification is strongly advised. See: https://urllib3.readthedocs.io/en/latest/advanced-usage.html#tls-warnings
  warnings.warn(</msg>
<msg time="2024-03-26T04:15:41.933036" level="INFO">${response} = &lt;Response [200]&gt;</msg>
<var>${response}</var>
<arg>consultarAPI</arg>
<arg>/api</arg>
<doc>Sends a GET request on a previously created HTTP Session.</doc>
<status status="PASS" start="2024-03-26T04:15:41.840017" elapsed="0.093066"/>
</kw>
<kw name="Set Variable" owner="BuiltIn">
<msg time="2024-03-26T04:15:41.934285" level="INFO">${json_data} = {'results': [{'gender': 'male', 'name': {'title': 'Mr', 'first': 'Mathis', 'last': 'Picard'}, 'location': {'street': {'number': 6788, 'name': "Rue de L'Abbaye"}, 'city': 'Poitiers', 'state': 'Bouches-...</msg>
<var>${json_data}</var>
<arg>${response.json()}</arg>
<doc>Returns the given values which can then be assigned to a variables.</doc>
<status status="PASS" start="2024-03-26T04:15:41.933727" elapsed="0.000587"/>
</kw>
<kw name="Set Variable" owner="BuiltIn">
<msg time="2024-03-26T04:15:41.935049" level="INFO">${name_title} = Mr</msg>
<var>${name_title}</var>
<arg>${json_data["results"][0]["name"]["title"]}</arg>
<doc>Returns the given values which can then be assigned to a variables.</doc>
<status status="PASS" start="2024-03-26T04:15:41.934662" elapsed="0.000412"/>
</kw>
<kw name="Create List" owner="BuiltIn">
<msg time="2024-03-26T04:15:41.935521" level="INFO">${allowed_titles} = ['Mr', 'Ms', 'Miss', 'Mrs', 'Madame', 'Monsieur']</msg>
<var>${allowed_titles}</var>
<arg>Mr</arg>
<arg>Ms</arg>
<arg>Miss</arg>
<arg>Mrs</arg>
<arg>Madame</arg>
<arg>Monsieur</arg>
<doc>Returns a list containing given items.</doc>
<status status="PASS" start="2024-03-26T04:15:41.935372" elapsed="0.000173"/>
</kw>
<kw name="List Should Contain Value" owner="Collections">
<msg time="2024-03-26T04:15:41.936026" level="INFO">False</msg>
<arg>${allowed_titles}</arg>
<arg>${name_title}</arg>
<doc>Fails if the ``value`` is not found from ``list``.</doc>
<status status="PASS" start="2024-03-26T04:15:41.935847" elapsed="0.000217"/>
</kw>
<kw name="Set Variable" owner="BuiltIn">
<msg time="2024-03-26T04:15:41.936721" level="INFO">${name_country} = FR</msg>
<var>${name_country}</var>
<arg>${json_data["results"][0]["nat"]}</arg>
<doc>Returns the given values which can then be assigned to a variables.</doc>
<status status="PASS" start="2024-03-26T04:15:41.936348" elapsed="0.000398"/>
</kw>
<kw name="Create List" owner="BuiltIn">
<msg time="2024-03-26T04:15:41.937657" level="INFO">${list_country} = ['AD', 'AE', 'AF', 'AG', 'AI', 'AL', 'AM', 'AO', 'AQ', 'AR', 'AS', 'AT', 'AU', 'AW', 'AX', 'AZ', 'BA', 'BB', 'BD', 'BE', 'BF', 'BG', 'BH', 'BI', 'BJ', 'BL', 'BM', 'BN', 'BO', 'BQ', 'BR', 'BS', 'BT', '...</msg>
<var>${list_country}</var>
<arg>AD</arg>
<arg>AE</arg>
<arg>AF</arg>
<arg>AG</arg>
<arg>AI</arg>
<arg>AL</arg>
<arg>AM</arg>
<arg>AO</arg>
<arg>AQ</arg>
<arg>AR</arg>
<arg>AS</arg>
<arg>AT</arg>
<arg>AU</arg>
<arg>AW</arg>
<arg>AX</arg>
<arg>AZ</arg>
<arg>BA</arg>
<arg>BB</arg>
<arg>BD</arg>
<arg>BE</arg>
<arg>BF</arg>
<arg>BG</arg>
<arg>BH</arg>
<arg>BI</arg>
<arg>BJ</arg>
<arg>BL</arg>
<arg>BM</arg>
<arg>BN</arg>
<arg>BO</arg>
<arg>BQ</arg>
<arg>BR</arg>
<arg>BS</arg>
<arg>BT</arg>
<arg>BV</arg>
<arg>BW</arg>
<arg>BY</arg>
<arg>BZ</arg>
<arg>CA</arg>
<arg>CC</arg>
<arg>CD</arg>
<arg>CF</arg>
<arg>CG</arg>
<arg>CH</arg>
<arg>CI</arg>
<arg>CK</arg>
<arg>CL</arg>
<arg>CM</arg>
<arg>CN</arg>
<arg>CO</arg>
<arg>CR</arg>
<arg>CU</arg>
<arg>CV</arg>
<arg>CW</arg>
<arg>CX</arg>
<arg>CY</arg>
<arg>CZ</arg>
<arg>DE</arg>
<arg>DJ</arg>
<arg>DK</arg>
<arg>DM</arg>
<arg>DO</arg>
<arg>DZ</arg>
<arg>EC</arg>
<arg>EE</arg>
<arg>EG</arg>
<arg>EH</arg>
<arg>ER</arg>
<arg>ES</arg>
<arg>ET</arg>
<arg>FI</arg>
<arg>FJ</arg>
<arg>FK</arg>
<arg>FM</arg>
<arg>FO</arg>
<arg>FR</arg>
<arg>GA</arg>
<arg>GB</arg>
<arg>GD</arg>
<arg>GE</arg>
<arg>GF</arg>
<arg>GG</arg>
<arg>GH</arg>
<arg>GI</arg>
<arg>GL</arg>
<arg>GM</arg>
<arg>GN</arg>
<arg>GP</arg>
<arg>GQ</arg>
<arg>GR</arg>
<arg>GS</arg>
<arg>GT</arg>
<arg>GU</arg>
<arg>GW</arg>
<arg>GY</arg>
<arg>HK</arg>
<arg>HM</arg>
<arg>HN</arg>
<arg>HR</arg>
<arg>HT</arg>
<arg>HU</arg>
<arg>ID</arg>
<arg>IE</arg>
<arg>IL</arg>
<arg>IM</arg>
<arg>IN</arg>
<arg>IO</arg>
<arg>IQ</arg>
<arg>IR</arg>
<arg>IS</arg>
<arg>IT</arg>
<arg>JE</arg>
<arg>JM</arg>
<arg>JO</arg>
<arg>JP</arg>
<arg>KE</arg>
<arg>KG</arg>
<arg>KH</arg>
<arg>KI</arg>
<arg>KM</arg>
<arg>KN</arg>
<arg>KP</arg>
<arg>KR</arg>
<arg>KW</arg>
<arg>KY</arg>
<arg>KZ</arg>
<arg>LA</arg>
<arg>LB</arg>
<arg>LC</arg>
<arg>LI</arg>
<arg>LK</arg>
<arg>LR</arg>
<arg>LS</arg>
<arg>LT</arg>
<arg>LU</arg>
<arg>LV</arg>
<arg>LY</arg>
<arg>MA</arg>
<arg>MC</arg>
<arg>MD</arg>
<arg>ME</arg>
<arg>MF</arg>
<arg>MG</arg>
<arg>MH</arg>
<arg>MK</arg>
<arg>ML</arg>
<arg>MM</arg>
<arg>MN</arg>
<arg>MO</arg>
<arg>MP</arg>
<arg>MQ</arg>
<arg>MR</arg>
<arg>MS</arg>
<arg>MT</arg>
<arg>MU</arg>
<arg>MV</arg>
<arg>MW</arg>
<arg>MX</arg>
<arg>MY</arg>
<arg>MZ</arg>
<arg>NA</arg>
<arg>NC</arg>
<arg>NE</arg>
<arg>NF</arg>
<arg>NG</arg>
<arg>NI</arg>
<arg>NL</arg>
<arg>NO</arg>
<arg>NP</arg>
<arg>NR</arg>
<arg>NU</arg>
<arg>NZ</arg>
<arg>OM</arg>
<arg>PA</arg>
<arg>PE</arg>
<arg>PF</arg>
<arg>PG</arg>
<arg>PH</arg>
<arg>PK</arg>
<arg>PL</arg>
<arg>PM</arg>
<arg>PN</arg>
<arg>PR</arg>
<arg>PS</arg>
<arg>PT</arg>
<arg>PW</arg>
<arg>PY</arg>
<arg>QA</arg>
<arg>RE</arg>
<arg>RO</arg>
<arg>RS</arg>
<arg>RU</arg>
<arg>RW</arg>
<arg>SA</arg>
<arg>SB</arg>
<arg>SC</arg>
<arg>SD</arg>
<arg>SE</arg>
<arg>SG</arg>
<arg>SH</arg>
<arg>SI</arg>
<arg>SJ</arg>
<arg>SK</arg>
<arg>SL</arg>
<arg>SM</arg>
<arg>SN</arg>
<arg>SO</arg>
<arg>SR</arg>
<arg>SS</arg>
<arg>ST</arg>
<arg>SV</arg>
<arg>SX</arg>
<arg>SY</arg>
<arg>SZ</arg>
<arg>TC</arg>
<arg>TD</arg>
<arg>TF</arg>
<arg>TG</arg>
<arg>TH</arg>
<arg>TJ</arg>
<arg>TK</arg>
<arg>TL</arg>
<arg>TM</arg>
<arg>TN</arg>
<arg>TO</arg>
<arg>TR</arg>
<arg>TT</arg>
<arg>TV</arg>
<arg>TW</arg>
<arg>TZ</arg>
<arg>UA</arg>
<arg>UG</arg>
<arg>UM</arg>
<arg>US</arg>
<arg>UY</arg>
<arg>UZ</arg>
<arg>VA</arg>
<arg>VC</arg>
<arg>VE</arg>
<arg>VG</arg>
<arg>VI</arg>
<arg>VN</arg>
<arg>VU</arg>
<arg>WF</arg>
<arg>WS</arg>
<arg>XK</arg>
<arg>YE</arg>
<arg>YT</arg>
<arg>ZA</arg>
<arg>ZM</arg>
<arg>ZW</arg>
<doc>Returns a list containing given items.</doc>
<status status="PASS" start="2024-03-26T04:15:41.937057" elapsed="0.000625"/>
</kw>
<kw name="List Should Contain Value" owner="Collections">
<msg time="2024-03-26T04:15:41.938856" level="INFO">False</msg>
<arg>${list_country}</arg>
<arg>${name_country}</arg>
<doc>Fails if the ``value`` is not found from ``list``.</doc>
<status status="PASS" start="2024-03-26T04:15:41.938644" elapsed="0.000252"/>
</kw>
<kw name="Run Keyword If" owner="BuiltIn">
<kw name="Should Be True" owner="BuiltIn">
<arg>${True}</arg>
<doc>Fails if the given condition is not true.</doc>
<status status="PASS" start="2024-03-26T04:15:41.939972" elapsed="0.000152"/>
</kw>
<arg>${json_data["results"][0]["location"]["coordinates"]["latitude"]} &gt;= -90 and ${json_data["results"][0]["location"]["coordinates"]["latitude"]} &lt;= 90</arg>
<arg>Should Be True</arg>
<arg>${True}</arg>
<doc>Runs the given keyword with the given arguments, if ``condition`` is true.</doc>
<status status="PASS" start="2024-03-26T04:15:41.939215" elapsed="0.001039"/>
</kw>
<kw name="Run Keyword If" owner="BuiltIn">
<kw name="Should Be True" owner="BuiltIn">
<arg>${True}</arg>
<doc>Fails if the given condition is not true.</doc>
<status status="PASS" start="2024-03-26T04:15:41.941134" elapsed="0.000139"/>
</kw>
<arg>${json_data["results"][0]["location"]["coordinates"]["longitude"]} &gt;= -180 and ${json_data["results"][0]["location"]["coordinates"]["longitude"]} &lt;= 180</arg>
<arg>Should Be True</arg>
<arg>${True}</arg>
<doc>Runs the given keyword with the given arguments, if ``condition`` is true.</doc>
<status status="PASS" start="2024-03-26T04:15:41.940441" elapsed="0.000956"/>
</kw>
<status status="PASS" start="2024-03-26T04:15:41.839783" elapsed="0.101748"/>
</kw>
<doc>Testa o conteúdo específico dos campos retornados pela API.</doc>
<tag>testeConteudo</tag>
<status status="PASS" start="2024-03-26T04:15:41.839206" elapsed="0.102488"/>
</test>
<status status="PASS" start="2024-03-26T04:15:41.143113" elapsed="0.800594"/>
</suite>
<status status="PASS" start="2024-03-26T04:15:41.129073" elapsed="0.820032"/>
</suite>
<statistics>
<total>
<stat pass="5" fail="0" skip="0">All Tests</stat>
</total>
<tag>
<stat pass="1" fail="0" skip="0">testeConteudo</stat>
<stat pass="1" fail="0" skip="0">testeEstruturaResposta</stat>
<stat pass="1" fail="0" skip="0">testeRequisicaoBasica</stat>
<stat pass="1" fail="0" skip="0">testeTiposDados</stat>
</tag>
<suite>
<stat pass="5" fail="0" skip="0" id="s1" name="Tests">Tests</stat>
<stat pass="5" fail="0" skip="0" id="s1-s1" name="Random-User-Test">Tests.Random-User-Test</stat>
</suite>
</statistics>
<errors>
</errors>
</robot>
