<?xml version="1.0" encoding="UTF-8"?>
<robot generator="Robot 7.0 (Python 3.12.3 on linux)" generated="2024-06-06T01:04:35.715053" rpa="false" schemaversion="5">
<suite id="s1" name="Tests" source="/home/runner/work/ApiRandomUser/ApiRandomUser/RamdonUser/tests">
<suite id="s1-s1" name="Random-User-Test" source="/home/runner/work/ApiRandomUser/ApiRandomUser/RamdonUser/tests/random-user-test.robot">
<test id="s1-s1-t1" name="Conectar" line="13">
<kw name="Conectar API" owner="random-user-service">
<kw name="Create Session" owner="RequestsLibrary">
<msg time="2024-06-06T01:04:36.121552" level="INFO">Creating Session using : alias=consultarAPI, url=https://randomuser.me/, headers={},                     cookies={}, auth=None, timeout=None, proxies=None, verify=False,                     debug=0 </msg>
<arg>consultarAPI</arg>
<arg>${URL}</arg>
<doc>Create Session: create a HTTP session to a server</doc>
<status status="PASS" start="2024-06-06T01:04:36.121336" elapsed="0.000409"/>
</kw>
<status status="PASS" start="2024-06-06T01:04:36.120221" elapsed="0.001906"/>
</kw>
<status status="PASS" start="2024-06-06T01:04:36.119572" elapsed="0.002748"/>
</test>
<test id="s1-s1-t2" name="Validar retorno 200 e JSON Válido" line="16">
<kw name="Teste de Requisicao Basica" owner="random-user-service">
<kw name="GET On Session" owner="RequestsLibrary">
<msg time="2024-06-06T01:04:36.239323" level="INFO">GET Request : url=https://randomuser.me/api 
 path_url=/api 
 headers={'User-Agent': 'python-requests/2.32.3', 'Accept-Encoding': 'gzip, deflate', 'Accept': '*/*', 'Connection': 'keep-alive'} 
 body=None 
 </msg>
<msg time="2024-06-06T01:04:36.239487" level="INFO">GET Response : url=https://randomuser.me/api 
 status=200, reason=OK 
 headers={'Date': 'Thu, 06 Jun 2024 01:04:36 GMT', 'Content-Type': 'application/json; charset=utf-8', 'Transfer-Encoding': 'chunked', 'Connection': 'keep-alive', 'X-Powered-By': 'Express', 'Access-Control-Allow-Origin': '*', 'Cache-Control': 'no-cache', 'ETag': 'W/"4a0-vW01yI0BULtTG7DEwwfakjbqa3M"', 'Vary': 'Accept-Encoding', 'Content-Encoding': 'gzip', 'CF-Cache-Status': 'DYNAMIC', 'Report-To': '{"endpoints":[{"url":"https:\\/\\/a.nel.cloudflare.com\\/report\\/v4?s=gIMgWhXp6gYYwSnOAaOL5TZeGsHM%2FnQGXunobfNZB0lToh6sQeFaitm8OYkAtYeDVmKZfbKhrpDLkCV6FR9mJ%2Fhu3tSre14hYHT7J2yYpPt707oOofIAfivBTLFojXb6"}],"group":"cf-nel","max_age":604800}', 'NEL': '{"success_fraction":0,"report_to":"cf-nel","max_age":604800}', 'Server': 'cloudflare', 'CF-RAY': '88f47d41fa73156a-SJC', 'alt-svc': 'h3=":443"; ma=86400'} 
 body={"results":[{"gender":"female","name":{"title":"Mademoiselle","first":"Yvonne","last":"Lemoine"},"location":{"street":{"number":7568,"name":"Place de la Mairie"},"city":"Hermrigen","state":"Luzern","country":"Switzerland","postcode":5039,"coordinates":{"latitude":"-56.5709","longitude":"104.2457"},"timezone":{"offset":"-12:00","description":"Eniwetok, Kwajalein"}},"email":"yvonne.lemoine@example.com","login":{"uuid":"f960c467-abd0-47cd-bf5e-72305671efe2","username":"tinykoala236","password":"frogger","salt":"Q3dDWZp7","md5":"38bb6888a3a5433fd971f9d69b18e87b","sha1":"1702e99181731d4d41f33aa43b4d3554480310f1","sha256":"40374396c63d4ab5b1a3499d757bae392f5eeac4cdf3d5217fde91f6f6642c23"},"dob":{"date":"1958-09-14T03:36:29.289Z","age":65},"registered":{"date":"2002-06-22T10:52:09.361Z","age":21},"phone":"075 998 13 15","cell":"076 238 80 54","id":{"name":"AVS","value":"756.2612.8769.21"},"picture":{"large":"https://randomuser.me/api/portraits/women/34.jpg","medium":"https://randomuser.me/api/portraits/med/women/34.jpg","thumbnail":"https://randomuser.me/api/portraits/thumb/women/34.jpg"},"nat":"CH"}],"info":{"seed":"920bc9b669478593","results":1,"page":1,"version":"1.4"}} 
 </msg>
<msg time="2024-06-06T01:04:36.239572" level="INFO">/opt/hostedtoolcache/Python/3.12.3/x64/lib/python3.12/site-packages/urllib3/connectionpool.py:1103: InsecureRequestWarning: Unverified HTTPS request is being made to host 'randomuser.me'. Adding certificate verification is strongly advised. See: https://urllib3.readthedocs.io/en/latest/advanced-usage.html#tls-warnings
  warnings.warn(</msg>
<msg time="2024-06-06T01:04:36.239720" level="INFO">${response} = &lt;Response [200]&gt;</msg>
<var>${response}</var>
<arg>consultarAPI</arg>
<arg>/api</arg>
<doc>Sends a GET request on a previously created HTTP Session.</doc>
<status status="PASS" start="2024-06-06T01:04:36.125026" elapsed="0.114739"/>
</kw>
<kw name="Should Be Equal As Numbers" owner="BuiltIn">
<msg time="2024-06-06T01:04:36.240844" level="INFO">Argument types are:
&lt;class 'int'&gt;
&lt;class 'str'&gt;</msg>
<arg>${response.status_code}</arg>
<arg>200</arg>
<doc>Fails if objects are unequal after converting them to real numbers.</doc>
<status status="PASS" start="2024-06-06T01:04:36.240378" elapsed="0.000535"/>
</kw>
<kw name="Log" owner="BuiltIn">
<msg time="2024-06-06T01:04:36.241718" level="INFO">200</msg>
<arg>${response.status_code}</arg>
<doc>Logs the given message with the given level.</doc>
<status status="PASS" start="2024-06-06T01:04:36.241348" elapsed="0.000422"/>
</kw>
<kw name="Set Variable" owner="BuiltIn">
<msg time="2024-06-06T01:04:36.242535" level="INFO">${json_data} = {'results': [{'gender': 'female', 'name': {'title': 'Mademoiselle', 'first': 'Yvonne', 'last': 'Lemoine'}, 'location': {'street': {'number': 7568, 'name': 'Place de la Mairie'}, 'city': 'Hermrigen', '...</msg>
<var>${json_data}</var>
<arg>${response.json()}</arg>
<doc>Returns the given values which can then be assigned to a variables.</doc>
<status status="PASS" start="2024-06-06T01:04:36.242097" elapsed="0.000468"/>
</kw>
<kw name="Dictionary Should Contain Key" owner="Collections">
<msg time="2024-06-06T01:04:36.243055" level="INFO">False</msg>
<arg>${json_data}</arg>
<arg>results</arg>
<doc>Fails if ``key`` is not found from ``dictionary``.</doc>
<status status="PASS" start="2024-06-06T01:04:36.242875" elapsed="0.000392"/>
</kw>
<status status="PASS" start="2024-06-06T01:04:36.124742" elapsed="0.118799"/>
</kw>
<doc>Testa se a API responde corretamente e retorna um objeto JSON válido.</doc>
<tag>testeRequisicaoBasica</tag>
<status status="PASS" start="2024-06-06T01:04:36.124211" elapsed="0.119518"/>
</test>
<test id="s1-s1-t3" name="Validar estrutura de resposta" line="22">
<kw name="Teste de Estrutura de Resposta" owner="random-user-service">
<kw name="GET On Session" owner="RequestsLibrary">
<msg time="2024-06-06T01:04:36.345829" level="INFO">GET Request : url=https://randomuser.me/api 
 path_url=/api 
 headers={'User-Agent': 'python-requests/2.32.3', 'Accept-Encoding': 'gzip, deflate', 'Accept': '*/*', 'Connection': 'keep-alive'} 
 body=None 
 </msg>
<msg time="2024-06-06T01:04:36.345952" level="INFO">GET Response : url=https://randomuser.me/api 
 status=200, reason=OK 
 headers={'Date': 'Thu, 06 Jun 2024 01:04:36 GMT', 'Content-Type': 'application/json; charset=utf-8', 'Transfer-Encoding': 'chunked', 'Connection': 'keep-alive', 'X-Powered-By': 'Express', 'Access-Control-Allow-Origin': '*', 'Cache-Control': 'no-cache', 'ETag': 'W/"498-hxdWEhOkdbn129w+UYqv5boQOOI"', 'Vary': 'Accept-Encoding', 'Content-Encoding': 'gzip', 'CF-Cache-Status': 'DYNAMIC', 'Report-To': '{"endpoints":[{"url":"https:\\/\\/a.nel.cloudflare.com\\/report\\/v4?s=1bUqTtbstykZW97B26gwlONTOJiTNrSAfrstQaj3p8ba2QOSJq%2F9IZbZ%2Bpf6s3q6zgc6JbBqmrMhmTKf8oLXQJGDnCtHLdFds0wEMmyG1z8LbqYhTHpcnXuN6iDRWOHu"}],"group":"cf-nel","max_age":604800}', 'NEL': '{"success_fraction":0,"report_to":"cf-nel","max_age":604800}', 'Server': 'cloudflare', 'CF-RAY': '88f47d429af6156a-SJC', 'alt-svc': 'h3=":443"; ma=86400'} 
 body={"results":[{"gender":"female","name":{"title":"Ms","first":"Mónica","last":"Soler"},"location":{"street":{"number":8942,"name":"Calle de Bravo Murillo"},"city":"San Sebastián","state":"Cataluña","country":"Spain","postcode":76119,"coordinates":{"latitude":"-37.5095","longitude":"68.8595"},"timezone":{"offset":"+4:00","description":"Abu Dhabi, Muscat, Baku, Tbilisi"}},"email":"monica.soler@example.com","login":{"uuid":"beb9e6b6-bbc3-4ab5-92f7-099ab4fbfb17","username":"lazybird639","password":"zephyr","salt":"SXnORtgj","md5":"3de3b7b66612d9cc434c6322e3730c02","sha1":"f34f1dadb4ab64826a5ca3d035905064ffe54e60","sha256":"69dd4d2a74c1f2fac470dbb7ed17dc2d61c2e1d83e7ce5787bf3ac63f48ee2da"},"dob":{"date":"1979-07-24T06:47:46.507Z","age":44},"registered":{"date":"2015-12-26T13:35:40.513Z","age":8},"phone":"929-797-049","cell":"659-089-375","id":{"name":"DNI","value":"89092256-W"},"picture":{"large":"https://randomuser.me/api/portraits/women/70.jpg","medium":"https://randomuser.me/api/portraits/med/women/70.jpg","thumbnail":"https://randomuser.me/api/portraits/thumb/women/70.jpg"},"nat":"ES"}],"info":{"seed":"f3c6fbe13e7e7038","results":1,"page":1,"version":"1.4"}} 
 </msg>
<msg time="2024-06-06T01:04:36.346114" level="INFO">/opt/hostedtoolcache/Python/3.12.3/x64/lib/python3.12/site-packages/urllib3/connectionpool.py:1103: InsecureRequestWarning: Unverified HTTPS request is being made to host 'randomuser.me'. Adding certificate verification is strongly advised. See: https://urllib3.readthedocs.io/en/latest/advanced-usage.html#tls-warnings
  warnings.warn(</msg>
<msg time="2024-06-06T01:04:36.346260" level="INFO">${response} = &lt;Response [200]&gt;</msg>
<var>${response}</var>
<arg>consultarAPI</arg>
<arg>/api</arg>
<doc>Sends a GET request on a previously created HTTP Session.</doc>
<status status="PASS" start="2024-06-06T01:04:36.246779" elapsed="0.099509"/>
</kw>
<kw name="Set Variable" owner="BuiltIn">
<msg time="2024-06-06T01:04:36.347443" level="INFO">${json_data} = {'results': [{'gender': 'female', 'name': {'title': 'Ms', 'first': 'Mónica', 'last': 'Soler'}, 'location': {'street': {'number': 8942, 'name': 'Calle de Bravo Murillo'}, 'city': 'San Sebastián', 'stat...</msg>
<var>${json_data}</var>
<arg>${response.json()}</arg>
<doc>Returns the given values which can then be assigned to a variables.</doc>
<status status="PASS" start="2024-06-06T01:04:36.346876" elapsed="0.000601"/>
</kw>
<kw name="Log" owner="BuiltIn">
<msg time="2024-06-06T01:04:36.348026" level="INFO">{'results': [{'gender': 'female', 'name': {'title': 'Ms', 'first': 'Mónica', 'last': 'Soler'}, 'location': {'street': {'number': 8942, 'name': 'Calle de Bravo Murillo'}, 'city': 'San Sebastián', 'state': 'Cataluña', 'country': 'Spain', 'postcode': 76119, 'coordinates': {'latitude': '-37.5095', 'longitude': '68.8595'}, 'timezone': {'offset': '+4:00', 'description': 'Abu Dhabi, Muscat, Baku, Tbilisi'}}, 'email': 'monica.soler@example.com', 'login': {'uuid': 'beb9e6b6-bbc3-4ab5-92f7-099ab4fbfb17', 'username': 'lazybird639', 'password': 'zephyr', 'salt': 'SXnORtgj', 'md5': '3de3b7b66612d9cc434c6322e3730c02', 'sha1': 'f34f1dadb4ab64826a5ca3d035905064ffe54e60', 'sha256': '69dd4d2a74c1f2fac470dbb7ed17dc2d61c2e1d83e7ce5787bf3ac63f48ee2da'}, 'dob': {'date': '1979-07-24T06:47:46.507Z', 'age': 44}, 'registered': {'date': '2015-12-26T13:35:40.513Z', 'age': 8}, 'phone': '929-797-049', 'cell': '659-089-375', 'id': {'name': 'DNI', 'value': '89092256-W'}, 'picture': {'large': 'https://randomuser.me/api/portraits/women/70.jpg', 'medium': 'https://randomuser.me/api/portraits/med/women/70.jpg', 'thumbnail': 'https://randomuser.me/api/portraits/thumb/women/70.jpg'}, 'nat': 'ES'}], 'info': {'seed': 'f3c6fbe13e7e7038', 'results': 1, 'page': 1, 'version': '1.4'}}</msg>
<arg>${json_data}</arg>
<doc>Logs the given message with the given level.</doc>
<status status="PASS" start="2024-06-06T01:04:36.347852" elapsed="0.000225"/>
</kw>
<kw name="Dictionary Should Contain Key" owner="Collections">
<msg time="2024-06-06T01:04:36.348541" level="INFO">False</msg>
<arg>${json_data}</arg>
<arg>results</arg>
<doc>Fails if ``key`` is not found from ``dictionary``.</doc>
<status status="PASS" start="2024-06-06T01:04:36.348382" elapsed="0.000196"/>
</kw>
<kw name="Should Not Be Empty" owner="BuiltIn">
<msg time="2024-06-06T01:04:36.349046" level="INFO">Length is 2.</msg>
<arg>${json_data}</arg>
<doc>Verifies that the given item is not empty.</doc>
<status status="PASS" start="2024-06-06T01:04:36.348878" elapsed="0.000216"/>
</kw>
<kw name="Create List" owner="BuiltIn">
<msg time="2024-06-06T01:04:36.349554" level="INFO">${expected_keys} = ['gender', 'name', 'location', 'email', 'login']</msg>
<var>${expected_keys}</var>
<arg>gender</arg>
<arg>name</arg>
<arg>location</arg>
<arg>email</arg>
<arg>login</arg>
<doc>Returns a list containing given items.</doc>
<status status="PASS" start="2024-06-06T01:04:36.349400" elapsed="0.000178"/>
</kw>
<for flavor="IN">
<iter>
<kw name="Dictionary Should Contain Key" owner="Collections">
<msg time="2024-06-06T01:04:36.350619" level="INFO">False</msg>
<arg>${json_data['results'][0]}</arg>
<arg>${key}</arg>
<doc>Fails if ``key`` is not found from ``dictionary``.</doc>
<status status="PASS" start="2024-06-06T01:04:36.350185" elapsed="0.000479"/>
</kw>
<kw name="Log" owner="BuiltIn">
<msg time="2024-06-06T01:04:36.351361" level="INFO">{'gender': 'female', 'name': {'title': 'Ms', 'first': 'Mónica', 'last': 'Soler'}, 'location': {'street': {'number': 8942, 'name': 'Calle de Bravo Murillo'}, 'city': 'San Sebastián', 'state': 'Cataluña', 'country': 'Spain', 'postcode': 76119, 'coordinates': {'latitude': '-37.5095', 'longitude': '68.8595'}, 'timezone': {'offset': '+4:00', 'description': 'Abu Dhabi, Muscat, Baku, Tbilisi'}}, 'email': 'monica.soler@example.com', 'login': {'uuid': 'beb9e6b6-bbc3-4ab5-92f7-099ab4fbfb17', 'username': 'lazybird639', 'password': 'zephyr', 'salt': 'SXnORtgj', 'md5': '3de3b7b66612d9cc434c6322e3730c02', 'sha1': 'f34f1dadb4ab64826a5ca3d035905064ffe54e60', 'sha256': '69dd4d2a74c1f2fac470dbb7ed17dc2d61c2e1d83e7ce5787bf3ac63f48ee2da'}, 'dob': {'date': '1979-07-24T06:47:46.507Z', 'age': 44}, 'registered': {'date': '2015-12-26T13:35:40.513Z', 'age': 8}, 'phone': '929-797-049', 'cell': '659-089-375', 'id': {'name': 'DNI', 'value': '89092256-W'}, 'picture': {'large': 'https://randomuser.me/api/portraits/women/70.jpg', 'medium': 'https://randomuser.me/api/portraits/med/women/70.jpg', 'thumbnail': 'https://randomuser.me/api/portraits/thumb/women/70.jpg'}, 'nat': 'ES'}</msg>
<arg>${json_data['results'][0]}</arg>
<doc>Logs the given message with the given level.</doc>
<status status="PASS" start="2024-06-06T01:04:36.350982" elapsed="0.000431"/>
</kw>
<kw name="Log" owner="BuiltIn">
<msg time="2024-06-06T01:04:36.351853" level="INFO">gender</msg>
<arg>${key}</arg>
<doc>Logs the given message with the given level.</doc>
<status status="PASS" start="2024-06-06T01:04:36.351721" elapsed="0.000172"/>
</kw>
<var name="${key}">gender</var>
<status status="PASS" start="2024-06-06T01:04:36.350052" elapsed="0.002067"/>
</iter>
<iter>
<kw name="Dictionary Should Contain Key" owner="Collections">
<msg time="2024-06-06T01:04:36.352825" level="INFO">False</msg>
<arg>${json_data['results'][0]}</arg>
<arg>${key}</arg>
<doc>Fails if ``key`` is not found from ``dictionary``.</doc>
<status status="PASS" start="2024-06-06T01:04:36.352433" elapsed="0.000429"/>
</kw>
<kw name="Log" owner="BuiltIn">
<msg time="2024-06-06T01:04:36.353605" level="INFO">{'gender': 'female', 'name': {'title': 'Ms', 'first': 'Mónica', 'last': 'Soler'}, 'location': {'street': {'number': 8942, 'name': 'Calle de Bravo Murillo'}, 'city': 'San Sebastián', 'state': 'Cataluña', 'country': 'Spain', 'postcode': 76119, 'coordinates': {'latitude': '-37.5095', 'longitude': '68.8595'}, 'timezone': {'offset': '+4:00', 'description': 'Abu Dhabi, Muscat, Baku, Tbilisi'}}, 'email': 'monica.soler@example.com', 'login': {'uuid': 'beb9e6b6-bbc3-4ab5-92f7-099ab4fbfb17', 'username': 'lazybird639', 'password': 'zephyr', 'salt': 'SXnORtgj', 'md5': '3de3b7b66612d9cc434c6322e3730c02', 'sha1': 'f34f1dadb4ab64826a5ca3d035905064ffe54e60', 'sha256': '69dd4d2a74c1f2fac470dbb7ed17dc2d61c2e1d83e7ce5787bf3ac63f48ee2da'}, 'dob': {'date': '1979-07-24T06:47:46.507Z', 'age': 44}, 'registered': {'date': '2015-12-26T13:35:40.513Z', 'age': 8}, 'phone': '929-797-049', 'cell': '659-089-375', 'id': {'name': 'DNI', 'value': '89092256-W'}, 'picture': {'large': 'https://randomuser.me/api/portraits/women/70.jpg', 'medium': 'https://randomuser.me/api/portraits/med/women/70.jpg', 'thumbnail': 'https://randomuser.me/api/portraits/thumb/women/70.jpg'}, 'nat': 'ES'}</msg>
<arg>${json_data['results'][0]}</arg>
<doc>Logs the given message with the given level.</doc>
<status status="PASS" start="2024-06-06T01:04:36.353235" elapsed="0.000431"/>
</kw>
<kw name="Log" owner="BuiltIn">
<msg time="2024-06-06T01:04:36.354263" level="INFO">name</msg>
<arg>${key}</arg>
<doc>Logs the given message with the given level.</doc>
<status status="PASS" start="2024-06-06T01:04:36.354078" elapsed="0.000249"/>
</kw>
<var name="${key}">name</var>
<status status="PASS" start="2024-06-06T01:04:36.352315" elapsed="0.002374"/>
</iter>
<iter>
<kw name="Dictionary Should Contain Key" owner="Collections">
<msg time="2024-06-06T01:04:36.355829" level="INFO">False</msg>
<arg>${json_data['results'][0]}</arg>
<arg>${key}</arg>
<doc>Fails if ``key`` is not found from ``dictionary``.</doc>
<status status="PASS" start="2024-06-06T01:04:36.355186" elapsed="0.000701"/>
</kw>
<kw name="Log" owner="BuiltIn">
<msg time="2024-06-06T01:04:36.357078" level="INFO">{'gender': 'female', 'name': {'title': 'Ms', 'first': 'Mónica', 'last': 'Soler'}, 'location': {'street': {'number': 8942, 'name': 'Calle de Bravo Murillo'}, 'city': 'San Sebastián', 'state': 'Cataluña', 'country': 'Spain', 'postcode': 76119, 'coordinates': {'latitude': '-37.5095', 'longitude': '68.8595'}, 'timezone': {'offset': '+4:00', 'description': 'Abu Dhabi, Muscat, Baku, Tbilisi'}}, 'email': 'monica.soler@example.com', 'login': {'uuid': 'beb9e6b6-bbc3-4ab5-92f7-099ab4fbfb17', 'username': 'lazybird639', 'password': 'zephyr', 'salt': 'SXnORtgj', 'md5': '3de3b7b66612d9cc434c6322e3730c02', 'sha1': 'f34f1dadb4ab64826a5ca3d035905064ffe54e60', 'sha256': '69dd4d2a74c1f2fac470dbb7ed17dc2d61c2e1d83e7ce5787bf3ac63f48ee2da'}, 'dob': {'date': '1979-07-24T06:47:46.507Z', 'age': 44}, 'registered': {'date': '2015-12-26T13:35:40.513Z', 'age': 8}, 'phone': '929-797-049', 'cell': '659-089-375', 'id': {'name': 'DNI', 'value': '89092256-W'}, 'picture': {'large': 'https://randomuser.me/api/portraits/women/70.jpg', 'medium': 'https://randomuser.me/api/portraits/med/women/70.jpg', 'thumbnail': 'https://randomuser.me/api/portraits/thumb/women/70.jpg'}, 'nat': 'ES'}</msg>
<arg>${json_data['results'][0]}</arg>
<doc>Logs the given message with the given level.</doc>
<status status="PASS" start="2024-06-06T01:04:36.356385" elapsed="0.000786"/>
</kw>
<kw name="Log" owner="BuiltIn">
<msg time="2024-06-06T01:04:36.357867" level="INFO">location</msg>
<arg>${key}</arg>
<doc>Logs the given message with the given level.</doc>
<status status="PASS" start="2024-06-06T01:04:36.357667" elapsed="0.000262"/>
</kw>
<var name="${key}">location</var>
<status status="PASS" start="2024-06-06T01:04:36.354990" elapsed="0.003309"/>
</iter>
<iter>
<kw name="Dictionary Should Contain Key" owner="Collections">
<msg time="2024-06-06T01:04:36.359646" level="INFO">False</msg>
<arg>${json_data['results'][0]}</arg>
<arg>${key}</arg>
<doc>Fails if ``key`` is not found from ``dictionary``.</doc>
<status status="PASS" start="2024-06-06T01:04:36.358790" elapsed="0.000915"/>
</kw>
<kw name="Log" owner="BuiltIn">
<msg time="2024-06-06T01:04:36.360801" level="INFO">{'gender': 'female', 'name': {'title': 'Ms', 'first': 'Mónica', 'last': 'Soler'}, 'location': {'street': {'number': 8942, 'name': 'Calle de Bravo Murillo'}, 'city': 'San Sebastián', 'state': 'Cataluña', 'country': 'Spain', 'postcode': 76119, 'coordinates': {'latitude': '-37.5095', 'longitude': '68.8595'}, 'timezone': {'offset': '+4:00', 'description': 'Abu Dhabi, Muscat, Baku, Tbilisi'}}, 'email': 'monica.soler@example.com', 'login': {'uuid': 'beb9e6b6-bbc3-4ab5-92f7-099ab4fbfb17', 'username': 'lazybird639', 'password': 'zephyr', 'salt': 'SXnORtgj', 'md5': '3de3b7b66612d9cc434c6322e3730c02', 'sha1': 'f34f1dadb4ab64826a5ca3d035905064ffe54e60', 'sha256': '69dd4d2a74c1f2fac470dbb7ed17dc2d61c2e1d83e7ce5787bf3ac63f48ee2da'}, 'dob': {'date': '1979-07-24T06:47:46.507Z', 'age': 44}, 'registered': {'date': '2015-12-26T13:35:40.513Z', 'age': 8}, 'phone': '929-797-049', 'cell': '659-089-375', 'id': {'name': 'DNI', 'value': '89092256-W'}, 'picture': {'large': 'https://randomuser.me/api/portraits/women/70.jpg', 'medium': 'https://randomuser.me/api/portraits/med/women/70.jpg', 'thumbnail': 'https://randomuser.me/api/portraits/thumb/women/70.jpg'}, 'nat': 'ES'}</msg>
<arg>${json_data['results'][0]}</arg>
<doc>Logs the given message with the given level.</doc>
<status status="PASS" start="2024-06-06T01:04:36.360195" elapsed="0.000689"/>
</kw>
<kw name="Log" owner="BuiltIn">
<msg time="2024-06-06T01:04:36.361642" level="INFO">email</msg>
<arg>${key}</arg>
<doc>Logs the given message with the given level.</doc>
<status status="PASS" start="2024-06-06T01:04:36.361427" elapsed="0.000279"/>
</kw>
<var name="${key}">email</var>
<status status="PASS" start="2024-06-06T01:04:36.358590" elapsed="0.003451"/>
</iter>
<iter>
<kw name="Dictionary Should Contain Key" owner="Collections">
<msg time="2024-06-06T01:04:36.362790" level="INFO">False</msg>
<arg>${json_data['results'][0]}</arg>
<arg>${key}</arg>
<doc>Fails if ``key`` is not found from ``dictionary``.</doc>
<status status="PASS" start="2024-06-06T01:04:36.362373" elapsed="0.000456"/>
</kw>
<kw name="Log" owner="BuiltIn">
<msg time="2024-06-06T01:04:36.363545" level="INFO">{'gender': 'female', 'name': {'title': 'Ms', 'first': 'Mónica', 'last': 'Soler'}, 'location': {'street': {'number': 8942, 'name': 'Calle de Bravo Murillo'}, 'city': 'San Sebastián', 'state': 'Cataluña', 'country': 'Spain', 'postcode': 76119, 'coordinates': {'latitude': '-37.5095', 'longitude': '68.8595'}, 'timezone': {'offset': '+4:00', 'description': 'Abu Dhabi, Muscat, Baku, Tbilisi'}}, 'email': 'monica.soler@example.com', 'login': {'uuid': 'beb9e6b6-bbc3-4ab5-92f7-099ab4fbfb17', 'username': 'lazybird639', 'password': 'zephyr', 'salt': 'SXnORtgj', 'md5': '3de3b7b66612d9cc434c6322e3730c02', 'sha1': 'f34f1dadb4ab64826a5ca3d035905064ffe54e60', 'sha256': '69dd4d2a74c1f2fac470dbb7ed17dc2d61c2e1d83e7ce5787bf3ac63f48ee2da'}, 'dob': {'date': '1979-07-24T06:47:46.507Z', 'age': 44}, 'registered': {'date': '2015-12-26T13:35:40.513Z', 'age': 8}, 'phone': '929-797-049', 'cell': '659-089-375', 'id': {'name': 'DNI', 'value': '89092256-W'}, 'picture': {'large': 'https://randomuser.me/api/portraits/women/70.jpg', 'medium': 'https://randomuser.me/api/portraits/med/women/70.jpg', 'thumbnail': 'https://randomuser.me/api/portraits/thumb/women/70.jpg'}, 'nat': 'ES'}</msg>
<arg>${json_data['results'][0]}</arg>
<doc>Logs the given message with the given level.</doc>
<status status="PASS" start="2024-06-06T01:04:36.363150" elapsed="0.000446"/>
</kw>
<kw name="Log" owner="BuiltIn">
<msg time="2024-06-06T01:04:36.364030" level="INFO">login</msg>
<arg>${key}</arg>
<doc>Logs the given message with the given level.</doc>
<status status="PASS" start="2024-06-06T01:04:36.363900" elapsed="0.000168"/>
</kw>
<var name="${key}">login</var>
<status status="PASS" start="2024-06-06T01:04:36.362248" elapsed="0.002073"/>
</iter>
<var>${key}</var>
<value>@{expected_keys}</value>
<status status="PASS" start="2024-06-06T01:04:36.349843" elapsed="0.014607"/>
</for>
<kw name="Create List" owner="BuiltIn">
<msg time="2024-06-06T01:04:36.364803" level="INFO">${expected_keysTwo} = ['username', 'password']</msg>
<var>${expected_keysTwo}</var>
<arg>username</arg>
<arg>password</arg>
<doc>Returns a list containing given items.</doc>
<status status="PASS" start="2024-06-06T01:04:36.364658" elapsed="0.000169"/>
</kw>
<for flavor="IN">
<iter>
<kw name="Dictionary Should Contain Key" owner="Collections">
<msg time="2024-06-06T01:04:36.365822" level="INFO">False</msg>
<arg>${json_data['results'][0]['login']}</arg>
<arg>${keyTwo}</arg>
<doc>Fails if ``key`` is not found from ``dictionary``.</doc>
<status status="PASS" start="2024-06-06T01:04:36.365416" elapsed="0.000444"/>
</kw>
<kw name="Dictionary Should Contain Key" owner="Collections">
<msg time="2024-06-06T01:04:36.366559" level="INFO">False</msg>
<arg>${json_data['results'][0]['login']}</arg>
<arg>${keyTwo}</arg>
<doc>Fails if ``key`` is not found from ``dictionary``.</doc>
<status status="PASS" start="2024-06-06T01:04:36.366168" elapsed="0.000428"/>
</kw>
<kw name="Log" owner="BuiltIn">
<msg time="2024-06-06T01:04:36.367025" level="INFO">username</msg>
<arg>${keyTwo}</arg>
<doc>Logs the given message with the given level.</doc>
<status status="PASS" start="2024-06-06T01:04:36.366895" elapsed="0.000168"/>
</kw>
<var name="${keyTwo}">username</var>
<status status="PASS" start="2024-06-06T01:04:36.365302" elapsed="0.001985"/>
</iter>
<iter>
<kw name="Dictionary Should Contain Key" owner="Collections">
<msg time="2024-06-06T01:04:36.367969" level="INFO">False</msg>
<arg>${json_data['results'][0]['login']}</arg>
<arg>${keyTwo}</arg>
<doc>Fails if ``key`` is not found from ``dictionary``.</doc>
<status status="PASS" start="2024-06-06T01:04:36.367575" elapsed="0.000432"/>
</kw>
<kw name="Dictionary Should Contain Key" owner="Collections">
<msg time="2024-06-06T01:04:36.368689" level="INFO">False</msg>
<arg>${json_data['results'][0]['login']}</arg>
<arg>${keyTwo}</arg>
<doc>Fails if ``key`` is not found from ``dictionary``.</doc>
<status status="PASS" start="2024-06-06T01:04:36.368307" elapsed="0.000419"/>
</kw>
<kw name="Log" owner="BuiltIn">
<msg time="2024-06-06T01:04:36.369201" level="INFO">password</msg>
<arg>${keyTwo}</arg>
<doc>Logs the given message with the given level.</doc>
<status status="PASS" start="2024-06-06T01:04:36.369058" elapsed="0.000180"/>
</kw>
<var name="${keyTwo}">password</var>
<status status="PASS" start="2024-06-06T01:04:36.367463" elapsed="0.001994"/>
</iter>
<var>${keyTwo}</var>
<value>@{expected_keysTwo}</value>
<status status="PASS" start="2024-06-06T01:04:36.365132" elapsed="0.004442"/>
</for>
<status status="PASS" start="2024-06-06T01:04:36.246422" elapsed="0.123302"/>
</kw>
<doc>Testa a estrutura da resposta da API.</doc>
<tag>testeEstruturaResposta</tag>
<status status="PASS" start="2024-06-06T01:04:36.245605" elapsed="0.124284"/>
</test>
<test id="s1-s1-t4" name="Validar tipos de dados" line="28">
<kw name="Teste de Tipos de Dados" owner="random-user-service">
<kw name="GET On Session" owner="RequestsLibrary">
<msg time="2024-06-06T01:04:36.463434" level="INFO">GET Request : url=https://randomuser.me/api 
 path_url=/api 
 headers={'User-Agent': 'python-requests/2.32.3', 'Accept-Encoding': 'gzip, deflate', 'Accept': '*/*', 'Connection': 'keep-alive'} 
 body=None 
 </msg>
<msg time="2024-06-06T01:04:36.463538" level="INFO">GET Response : url=https://randomuser.me/api 
 status=200, reason=OK 
 headers={'Date': 'Thu, 06 Jun 2024 01:04:36 GMT', 'Content-Type': 'application/json; charset=utf-8', 'Transfer-Encoding': 'chunked', 'Connection': 'keep-alive', 'X-Powered-By': 'Express', 'Access-Control-Allow-Origin': '*', 'Cache-Control': 'no-cache', 'ETag': 'W/"478-romBwMhEBK9Cn502Z5DDRolyWbs"', 'Vary': 'Accept-Encoding', 'Content-Encoding': 'gzip', 'CF-Cache-Status': 'DYNAMIC', 'Report-To': '{"endpoints":[{"url":"https:\\/\\/a.nel.cloudflare.com\\/report\\/v4?s=9tfGbnMotVuFdXYlL47P3YB8bSoSV4rewEyS%2BNspboxSYYILviba6HYkZ1AzphNstyUYMyCRUDRY1KTzHTGBmwwTWKwJ%2F1xa%2BW%2BuQF7hNYMk9SAMhN68M6BvfKn5ZSjE"}],"group":"cf-nel","max_age":604800}', 'NEL': '{"success_fraction":0,"report_to":"cf-nel","max_age":604800}', 'Server': 'cloudflare', 'CF-RAY': '88f47d435ba4156a-SJC', 'alt-svc': 'h3=":443"; ma=86400'} 
 body={"results":[{"gender":"male","name":{"title":"Mr","first":"Felix","last":"Andersen"},"location":{"street":{"number":6764,"name":"Havrevej"},"city":"Ølstykke","state":"Nordjylland","country":"Denmark","postcode":46466,"coordinates":{"latitude":"-44.7349","longitude":"-128.0462"},"timezone":{"offset":"+6:00","description":"Almaty, Dhaka, Colombo"}},"email":"felix.andersen@example.com","login":{"uuid":"40ca4fa6-1432-4c5f-8eee-ecbbcf10ea47","username":"tinyswan934","password":"termite","salt":"hsljWv0a","md5":"6bab2dc853957691e9525a02a5dc05dc","sha1":"40c7d68c2dc2a338a7b1ceec276fedfda48c9a34","sha256":"0caef75b7b470ceb088faf1fb4d1608621bf308f67d0c85591ad26c2caa54216"},"dob":{"date":"1990-04-07T10:46:43.344Z","age":34},"registered":{"date":"2016-02-08T13:56:05.569Z","age":8},"phone":"89009624","cell":"85293419","id":{"name":"CPR","value":"070490-4661"},"picture":{"large":"https://randomuser.me/api/portraits/men/72.jpg","medium":"https://randomuser.me/api/portraits/med/men/72.jpg","thumbnail":"https://randomuser.me/api/portraits/thumb/men/72.jpg"},"nat":"DK"}],"info":{"seed":"c62b9f75b4bff822","results":1,"page":1,"version":"1.4"}} 
 </msg>
<msg time="2024-06-06T01:04:36.463615" level="INFO">/opt/hostedtoolcache/Python/3.12.3/x64/lib/python3.12/site-packages/urllib3/connectionpool.py:1103: InsecureRequestWarning: Unverified HTTPS request is being made to host 'randomuser.me'. Adding certificate verification is strongly advised. See: https://urllib3.readthedocs.io/en/latest/advanced-usage.html#tls-warnings
  warnings.warn(</msg>
<msg time="2024-06-06T01:04:36.463745" level="INFO">${response} = &lt;Response [200]&gt;</msg>
<var>${response}</var>
<arg>consultarAPI</arg>
<arg>/api</arg>
<doc>Sends a GET request on a previously created HTTP Session.</doc>
<status status="PASS" start="2024-06-06T01:04:36.372420" elapsed="0.091368"/>
</kw>
<kw name="Set Variable" owner="BuiltIn">
<msg time="2024-06-06T01:04:36.465198" level="INFO">${json_data} = {'results': [{'gender': 'male', 'name': {'title': 'Mr', 'first': 'Felix', 'last': 'Andersen'}, 'location': {'street': {'number': 6764, 'name': 'Havrevej'}, 'city': 'Ølstykke', 'state': 'Nordjylland', ...</msg>
<var>${json_data}</var>
<arg>${response.json()}</arg>
<doc>Returns the given values which can then be assigned to a variables.</doc>
<status status="PASS" start="2024-06-06T01:04:36.464580" elapsed="0.000649"/>
</kw>
<kw name="Log" owner="BuiltIn">
<msg time="2024-06-06T01:04:36.465729" level="INFO">{'results': [{'gender': 'male', 'name': {'title': 'Mr', 'first': 'Felix', 'last': 'Andersen'}, 'location': {'street': {'number': 6764, 'name': 'Havrevej'}, 'city': 'Ølstykke', 'state': 'Nordjylland', 'country': 'Denmark', 'postcode': 46466, 'coordinates': {'latitude': '-44.7349', 'longitude': '-128.0462'}, 'timezone': {'offset': '+6:00', 'description': 'Almaty, Dhaka, Colombo'}}, 'email': 'felix.andersen@example.com', 'login': {'uuid': '40ca4fa6-1432-4c5f-8eee-ecbbcf10ea47', 'username': 'tinyswan934', 'password': 'termite', 'salt': 'hsljWv0a', 'md5': '6bab2dc853957691e9525a02a5dc05dc', 'sha1': '40c7d68c2dc2a338a7b1ceec276fedfda48c9a34', 'sha256': '0caef75b7b470ceb088faf1fb4d1608621bf308f67d0c85591ad26c2caa54216'}, 'dob': {'date': '1990-04-07T10:46:43.344Z', 'age': 34}, 'registered': {'date': '2016-02-08T13:56:05.569Z', 'age': 8}, 'phone': '89009624', 'cell': '85293419', 'id': {'name': 'CPR', 'value': '070490-4661'}, 'picture': {'large': 'https://randomuser.me/api/portraits/men/72.jpg', 'medium': 'https://randomuser.me/api/portraits/med/men/72.jpg', 'thumbnail': 'https://randomuser.me/api/portraits/thumb/men/72.jpg'}, 'nat': 'DK'}], 'info': {'seed': 'c62b9f75b4bff822', 'results': 1, 'page': 1, 'version': '1.4'}}</msg>
<arg>${json_data}</arg>
<doc>Logs the given message with the given level.</doc>
<status status="PASS" start="2024-06-06T01:04:36.465563" elapsed="0.000258"/>
</kw>
<kw name="Should Be String" owner="String">
<arg>${json_data['results'][0]['gender']}</arg>
<doc>Fails if the given ``item`` is not a string.</doc>
<status status="PASS" start="2024-06-06T01:04:36.466133" elapsed="0.000376"/>
</kw>
<kw name="Should Match Regexp" owner="BuiltIn">
<arg>${json_data['results'][0]['email']}</arg>
<arg>^[a-zA-Z0-9._%+-]+@[a-zA-Z0-9.-]+\.[a-zA-Z]{2,}$</arg>
<doc>Fails if ``string`` does not match ``pattern`` as a regular expression.</doc>
<status status="PASS" start="2024-06-06T01:04:36.466705" elapsed="0.000672"/>
</kw>
<kw name="Should Match Regexp" owner="BuiltIn">
<arg>${json_data['results'][0]['dob']['date']}</arg>
<arg>\\d{4}-\\d{2}-\\d{2}T\\d{2}:\\d{2}:\\d{2}\\.\\d{3}Z</arg>
<doc>Fails if ``string`` does not match ``pattern`` as a regular expression.</doc>
<status status="PASS" start="2024-06-06T01:04:36.467578" elapsed="0.000490"/>
</kw>
<kw name="Should Match Regexp" owner="BuiltIn">
<arg>${json_data['results'][0]['registered']['date']}</arg>
<arg>\\d{4}-\\d{2}-\\d{2}T\\d{2}:\\d{2}:\\d{2}\\.\\d{3}Z</arg>
<doc>Fails if ``string`` does not match ``pattern`` as a regular expression.</doc>
<status status="PASS" start="2024-06-06T01:04:36.468264" elapsed="0.000368"/>
</kw>
<kw name="Should Match Regexp" owner="BuiltIn">
<arg>${json_data['results'][0]['picture']['large']}</arg>
<arg>^https?://.*\.(?:png|jpe?g|gif|bmp)$</arg>
<doc>Fails if ``string`` does not match ``pattern`` as a regular expression.</doc>
<status status="PASS" start="2024-06-06T01:04:36.468822" elapsed="0.000508"/>
</kw>
<kw name="Should Match Regexp" owner="BuiltIn">
<arg>${json_data['results'][0]['picture']['medium']}</arg>
<arg>^https?://.*\.(?:png|jpe?g|gif|bmp)$</arg>
<doc>Fails if ``string`` does not match ``pattern`` as a regular expression.</doc>
<status status="PASS" start="2024-06-06T01:04:36.469527" elapsed="0.000366"/>
</kw>
<kw name="Should Match Regexp" owner="BuiltIn">
<arg>${json_data['results'][0]['picture']['thumbnail']}</arg>
<arg>^https?://.*\.(?:png|jpe?g|gif|bmp)$</arg>
<doc>Fails if ``string`` does not match ``pattern`` as a regular expression.</doc>
<status status="PASS" start="2024-06-06T01:04:36.470086" elapsed="0.000351"/>
</kw>
<kw name="Log" owner="BuiltIn">
<msg time="2024-06-06T01:04:36.470941" level="INFO">{'large': 'https://randomuser.me/api/portraits/men/72.jpg', 'medium': 'https://randomuser.me/api/portraits/med/men/72.jpg', 'thumbnail': 'https://randomuser.me/api/portraits/thumb/men/72.jpg'}</msg>
<arg>${json_data['results'][0]['picture']}</arg>
<doc>Logs the given message with the given level.</doc>
<status status="PASS" start="2024-06-06T01:04:36.470620" elapsed="0.000363"/>
</kw>
<status status="PASS" start="2024-06-06T01:04:36.372171" elapsed="0.099084"/>
</kw>
<kw name="Teste de Tipos de Dados - Postcode" owner="random-user-service">
<kw name="GET On Session" owner="RequestsLibrary">
<msg time="2024-06-06T01:04:36.558195" level="INFO">GET Request : url=https://randomuser.me/api 
 path_url=/api 
 headers={'User-Agent': 'python-requests/2.32.3', 'Accept-Encoding': 'gzip, deflate', 'Accept': '*/*', 'Connection': 'keep-alive'} 
 body=None 
 </msg>
<msg time="2024-06-06T01:04:36.558305" level="INFO">GET Response : url=https://randomuser.me/api 
 status=200, reason=OK 
 headers={'Date': 'Thu, 06 Jun 2024 01:04:36 GMT', 'Content-Type': 'application/json; charset=utf-8', 'Transfer-Encoding': 'chunked', 'Connection': 'keep-alive', 'X-Powered-By': 'Express', 'Access-Control-Allow-Origin': '*', 'Cache-Control': 'no-cache', 'ETag': 'W/"486-XQfU0bavH5Nz+qcBl28EL/8aUsE"', 'Vary': 'Accept-Encoding', 'Content-Encoding': 'gzip', 'CF-Cache-Status': 'DYNAMIC', 'Report-To': '{"endpoints":[{"url":"https:\\/\\/a.nel.cloudflare.com\\/report\\/v4?s=rwqjxzoqBLVjH7knOPZ2dehm%2Bxxn8t%2BxNq3BZSukanpAlywwPB2ZFr0L%2F5Xeqda%2F6h674f9FthbC%2BzUg9lcw404cCZJCw98xdKvCpYuuYpYuaDpAaUNB8RcFuBrw6hID"}],"group":"cf-nel","max_age":604800}', 'NEL': '{"success_fraction":0,"report_to":"cf-nel","max_age":604800}', 'Server': 'cloudflare', 'CF-RAY': '88f47d43fc40156a-SJC', 'alt-svc': 'h3=":443"; ma=86400'} 
 body={"results":[{"gender":"male","name":{"title":"Mr","first":"Dev","last":"Gamskar"},"location":{"street":{"number":7321,"name":"Mint St"},"city":"Surat","state":"Uttarakhand","country":"India","postcode":79501,"coordinates":{"latitude":"6.0909","longitude":"-160.6408"},"timezone":{"offset":"+11:00","description":"Magadan, Solomon Islands, New Caledonia"}},"email":"dev.gamskar@example.com","login":{"uuid":"44fb8efc-e38a-4941-9d47-3589f2da9062","username":"crazyladybug285","password":"splash","salt":"3nIOMtfL","md5":"b8ae25c417c033eaece93712e91a6620","sha1":"61348a1f0664a0f0ee9f3c261d67944d040fddb3","sha256":"80f8ee37dbe8aaadf9c76362f8b4c70f469e73c68006303f3dac46770a817e3d"},"dob":{"date":"1962-07-16T10:24:43.876Z","age":61},"registered":{"date":"2012-05-12T14:16:28.283Z","age":12},"phone":"9186604191","cell":"8071661463","id":{"name":"UIDAI","value":"022634368767"},"picture":{"large":"https://randomuser.me/api/portraits/men/56.jpg","medium":"https://randomuser.me/api/portraits/med/men/56.jpg","thumbnail":"https://randomuser.me/api/portraits/thumb/men/56.jpg"},"nat":"IN"}],"info":{"seed":"aa1979718101116b","results":1,"page":1,"version":"1.4"}} 
 </msg>
<msg time="2024-06-06T01:04:36.558388" level="INFO">/opt/hostedtoolcache/Python/3.12.3/x64/lib/python3.12/site-packages/urllib3/connectionpool.py:1103: InsecureRequestWarning: Unverified HTTPS request is being made to host 'randomuser.me'. Adding certificate verification is strongly advised. See: https://urllib3.readthedocs.io/en/latest/advanced-usage.html#tls-warnings
  warnings.warn(</msg>
<msg time="2024-06-06T01:04:36.558533" level="INFO">${response} = &lt;Response [200]&gt;</msg>
<var>${response}</var>
<arg>consultarAPI</arg>
<arg>/api</arg>
<doc>Sends a GET request on a previously created HTTP Session.</doc>
<status status="PASS" start="2024-06-06T01:04:36.471729" elapsed="0.086844"/>
</kw>
<kw name="Set Variable" owner="BuiltIn">
<msg time="2024-06-06T01:04:36.559836" level="INFO">${json_data} = {'results': [{'gender': 'male', 'name': {'title': 'Mr', 'first': 'Dev', 'last': 'Gamskar'}, 'location': {'street': {'number': 7321, 'name': 'Mint St'}, 'city': 'Surat', 'state': 'Uttarakhand', 'countr...</msg>
<var>${json_data}</var>
<arg>${response.json()}</arg>
<doc>Returns the given values which can then be assigned to a variables.</doc>
<status status="PASS" start="2024-06-06T01:04:36.559224" elapsed="0.000641"/>
</kw>
<kw name="Log" owner="BuiltIn">
<msg time="2024-06-06T01:04:36.560344" level="INFO">{'results': [{'gender': 'male', 'name': {'title': 'Mr', 'first': 'Dev', 'last': 'Gamskar'}, 'location': {'street': {'number': 7321, 'name': 'Mint St'}, 'city': 'Surat', 'state': 'Uttarakhand', 'country': 'India', 'postcode': 79501, 'coordinates': {'latitude': '6.0909', 'longitude': '-160.6408'}, 'timezone': {'offset': '+11:00', 'description': 'Magadan, Solomon Islands, New Caledonia'}}, 'email': 'dev.gamskar@example.com', 'login': {'uuid': '44fb8efc-e38a-4941-9d47-3589f2da9062', 'username': 'crazyladybug285', 'password': 'splash', 'salt': '3nIOMtfL', 'md5': 'b8ae25c417c033eaece93712e91a6620', 'sha1': '61348a1f0664a0f0ee9f3c261d67944d040fddb3', 'sha256': '80f8ee37dbe8aaadf9c76362f8b4c70f469e73c68006303f3dac46770a817e3d'}, 'dob': {'date': '1962-07-16T10:24:43.876Z', 'age': 61}, 'registered': {'date': '2012-05-12T14:16:28.283Z', 'age': 12}, 'phone': '9186604191', 'cell': '8071661463', 'id': {'name': 'UIDAI', 'value': '022634368767'}, 'picture': {'large': 'https://randomuser.me/api/portraits/men/56.jpg', 'medium': 'https://randomuser.me/api/portraits/med/men/56.jpg', 'thumbnail': 'https://randomuser.me/api/portraits/thumb/men/56.jpg'}, 'nat': 'IN'}], 'info': {'seed': 'aa1979718101116b', 'results': 1, 'page': 1, 'version': '1.4'}}</msg>
<arg>${json_data}</arg>
<doc>Logs the given message with the given level.</doc>
<status status="PASS" start="2024-06-06T01:04:36.560186" elapsed="0.000240"/>
</kw>
<kw name="Should Be Equal As Numbers" owner="BuiltIn">
<arg>${json_data['results'][0]['location']['postcode']}</arg>
<arg>${json_data['results'][0]['location']['postcode']}</arg>
<doc>Fails if objects are unequal after converting them to real numbers.</doc>
<status status="PASS" start="2024-06-06T01:04:36.560727" elapsed="0.000686"/>
</kw>
<kw name="Log" owner="BuiltIn">
<msg time="2024-06-06T01:04:36.561969" level="INFO">79501</msg>
<arg>${json_data['results'][0]['location']['postcode']}</arg>
<doc>Logs the given message with the given level.</doc>
<status status="PASS" start="2024-06-06T01:04:36.561618" elapsed="0.000396"/>
</kw>
<status status="PASS" start="2024-06-06T01:04:36.471493" elapsed="0.090797"/>
</kw>
<doc>Testa se os tipos de dados na resposta da API estão corretos.</doc>
<tag>testeTiposDados</tag>
<status status="PASS" start="2024-06-06T01:04:36.371654" elapsed="0.190812"/>
</test>
<test id="s1-s1-t5" name="Validar conteudo" line="35">
<kw name="Teste de Tipos de Conteudo" owner="random-user-service">
<kw name="GET On Session" owner="RequestsLibrary">
<msg time="2024-06-06T01:04:36.667929" level="INFO">GET Request : url=https://randomuser.me/api 
 path_url=/api 
 headers={'User-Agent': 'python-requests/2.32.3', 'Accept-Encoding': 'gzip, deflate', 'Accept': '*/*', 'Connection': 'keep-alive'} 
 body=None 
 </msg>
<msg time="2024-06-06T01:04:36.668030" level="INFO">GET Response : url=https://randomuser.me/api 
 status=200, reason=OK 
 headers={'Date': 'Thu, 06 Jun 2024 01:04:36 GMT', 'Content-Type': 'application/json; charset=utf-8', 'Transfer-Encoding': 'chunked', 'Connection': 'keep-alive', 'X-Powered-By': 'Express', 'Access-Control-Allow-Origin': '*', 'Cache-Control': 'no-cache', 'ETag': 'W/"4a0-xVeg3JBKzK76jOB3zH/EegSpdbw"', 'Vary': 'Accept-Encoding', 'Content-Encoding': 'gzip', 'CF-Cache-Status': 'DYNAMIC', 'Report-To': '{"endpoints":[{"url":"https:\\/\\/a.nel.cloudflare.com\\/report\\/v4?s=2LgG8GIMr6jF3YEjBNzzGsLFOKXDaXXPZlXEiyfZfdELfe%2FGW09YG6gazV%2BMC9iDn4Ka1vBsEbh5wCcpnUolRwWat0s7gTuXBDyVLqd74KJ1mO90yg2bTcEssL4AyvNX"}],"group":"cf-nel","max_age":604800}', 'NEL': '{"success_fraction":0,"report_to":"cf-nel","max_age":604800}', 'Server': 'cloudflare', 'CF-RAY': '88f47d448cc0156a-SJC', 'alt-svc': 'h3=":443"; ma=86400'} 
 body={"results":[{"gender":"male","name":{"title":"Mr","first":"Guillermo","last":"Valverde"},"location":{"street":{"number":429,"name":"Circunvalación Turquía"},"city":"Ley Federal de Reforma Agraria","state":"Guanajuato","country":"Mexico","postcode":23977,"coordinates":{"latitude":"22.3385","longitude":"-38.7422"},"timezone":{"offset":"-10:00","description":"Hawaii"}},"email":"guillermo.valverde@example.com","login":{"uuid":"6e106752-3080-4722-904f-6e91a330e369","username":"crazyzebra445","password":"655321","salt":"obGbEijt","md5":"1999bbd0ce34239bab1cd63553f1bc84","sha1":"8b27c47f2125bbf2cf9cc9b3111b37de5ba96481","sha256":"c953c84ea54a6b55457b8b617c0006e96879b3b53d1ae838a6a24c2d24e88100"},"dob":{"date":"1994-06-06T19:53:59.981Z","age":29},"registered":{"date":"2014-01-27T00:00:53.546Z","age":10},"phone":"(662) 209 2458","cell":"(615) 647 6185","id":{"name":"NSS","value":"19 46 35 3762 5"},"picture":{"large":"https://randomuser.me/api/portraits/men/7.jpg","medium":"https://randomuser.me/api/portraits/med/men/7.jpg","thumbnail":"https://randomuser.me/api/portraits/thumb/men/7.jpg"},"nat":"MX"}],"info":{"seed":"64e253a089f242d1","results":1,"page":1,"version":"1.4"}} 
 </msg>
<msg time="2024-06-06T01:04:36.668106" level="INFO">/opt/hostedtoolcache/Python/3.12.3/x64/lib/python3.12/site-packages/urllib3/connectionpool.py:1103: InsecureRequestWarning: Unverified HTTPS request is being made to host 'randomuser.me'. Adding certificate verification is strongly advised. See: https://urllib3.readthedocs.io/en/latest/advanced-usage.html#tls-warnings
  warnings.warn(</msg>
<msg time="2024-06-06T01:04:36.668238" level="INFO">${response} = &lt;Response [200]&gt;</msg>
<var>${response}</var>
<arg>consultarAPI</arg>
<arg>/api</arg>
<doc>Sends a GET request on a previously created HTTP Session.</doc>
<status status="PASS" start="2024-06-06T01:04:36.565095" elapsed="0.103187"/>
</kw>
<kw name="Set Variable" owner="BuiltIn">
<msg time="2024-06-06T01:04:36.669666" level="INFO">${json_data} = {'results': [{'gender': 'male', 'name': {'title': 'Mr', 'first': 'Guillermo', 'last': 'Valverde'}, 'location': {'street': {'number': 429, 'name': 'Circunvalación Turquía'}, 'city': 'Ley Federal de Ref...</msg>
<var>${json_data}</var>
<arg>${response.json()}</arg>
<doc>Returns the given values which can then be assigned to a variables.</doc>
<status status="PASS" start="2024-06-06T01:04:36.669108" elapsed="0.000588"/>
</kw>
<kw name="Set Variable" owner="BuiltIn">
<msg time="2024-06-06T01:04:36.670454" level="INFO">${name_title} = Mr</msg>
<var>${name_title}</var>
<arg>${json_data["results"][0]["name"]["title"]}</arg>
<doc>Returns the given values which can then be assigned to a variables.</doc>
<status status="PASS" start="2024-06-06T01:04:36.670047" elapsed="0.000434"/>
</kw>
<kw name="Create List" owner="BuiltIn">
<msg time="2024-06-06T01:04:36.670956" level="INFO">${allowed_titles} = ['Mr', 'Ms', 'Miss', 'Mrs', 'Madame', 'Monsieur']</msg>
<var>${allowed_titles}</var>
<arg>Mr</arg>
<arg>Ms</arg>
<arg>Miss</arg>
<arg>Mrs</arg>
<arg>Madame</arg>
<arg>Monsieur</arg>
<doc>Returns a list containing given items.</doc>
<status status="PASS" start="2024-06-06T01:04:36.670799" elapsed="0.000182"/>
</kw>
<kw name="List Should Contain Value" owner="Collections">
<msg time="2024-06-06T01:04:36.671481" level="INFO">False</msg>
<arg>${allowed_titles}</arg>
<arg>${name_title}</arg>
<doc>Fails if the ``value`` is not found from ``list``.</doc>
<status status="PASS" start="2024-06-06T01:04:36.671299" elapsed="0.000219"/>
</kw>
<kw name="Set Variable" owner="BuiltIn">
<msg time="2024-06-06T01:04:36.672400" level="INFO">${name_country} = MX</msg>
<var>${name_country}</var>
<arg>${json_data["results"][0]["nat"]}</arg>
<doc>Returns the given values which can then be assigned to a variables.</doc>
<status status="PASS" start="2024-06-06T01:04:36.671828" elapsed="0.000598"/>
</kw>
<kw name="Create List" owner="BuiltIn">
<msg time="2024-06-06T01:04:36.673367" level="INFO">${list_country} = ['AD', 'AE', 'AF', 'AG', 'AI', 'AL', 'AM', 'AO', 'AQ', 'AR', 'AS', 'AT', 'AU', 'AW', 'AX', 'AZ', 'BA', 'BB', 'BD', 'BE', 'BF', 'BG', 'BH', 'BI', 'BJ', 'BL', 'BM', 'BN', 'BO', 'BQ', 'BR', 'BS', 'BT', '...</msg>
<var>${list_country}</var>
<arg>AD</arg>
<arg>AE</arg>
<arg>AF</arg>
<arg>AG</arg>
<arg>AI</arg>
<arg>AL</arg>
<arg>AM</arg>
<arg>AO</arg>
<arg>AQ</arg>
<arg>AR</arg>
<arg>AS</arg>
<arg>AT</arg>
<arg>AU</arg>
<arg>AW</arg>
<arg>AX</arg>
<arg>AZ</arg>
<arg>BA</arg>
<arg>BB</arg>
<arg>BD</arg>
<arg>BE</arg>
<arg>BF</arg>
<arg>BG</arg>
<arg>BH</arg>
<arg>BI</arg>
<arg>BJ</arg>
<arg>BL</arg>
<arg>BM</arg>
<arg>BN</arg>
<arg>BO</arg>
<arg>BQ</arg>
<arg>BR</arg>
<arg>BS</arg>
<arg>BT</arg>
<arg>BV</arg>
<arg>BW</arg>
<arg>BY</arg>
<arg>BZ</arg>
<arg>CA</arg>
<arg>CC</arg>
<arg>CD</arg>
<arg>CF</arg>
<arg>CG</arg>
<arg>CH</arg>
<arg>CI</arg>
<arg>CK</arg>
<arg>CL</arg>
<arg>CM</arg>
<arg>CN</arg>
<arg>CO</arg>
<arg>CR</arg>
<arg>CU</arg>
<arg>CV</arg>
<arg>CW</arg>
<arg>CX</arg>
<arg>CY</arg>
<arg>CZ</arg>
<arg>DE</arg>
<arg>DJ</arg>
<arg>DK</arg>
<arg>DM</arg>
<arg>DO</arg>
<arg>DZ</arg>
<arg>EC</arg>
<arg>EE</arg>
<arg>EG</arg>
<arg>EH</arg>
<arg>ER</arg>
<arg>ES</arg>
<arg>ET</arg>
<arg>FI</arg>
<arg>FJ</arg>
<arg>FK</arg>
<arg>FM</arg>
<arg>FO</arg>
<arg>FR</arg>
<arg>GA</arg>
<arg>GB</arg>
<arg>GD</arg>
<arg>GE</arg>
<arg>GF</arg>
<arg>GG</arg>
<arg>GH</arg>
<arg>GI</arg>
<arg>GL</arg>
<arg>GM</arg>
<arg>GN</arg>
<arg>GP</arg>
<arg>GQ</arg>
<arg>GR</arg>
<arg>GS</arg>
<arg>GT</arg>
<arg>GU</arg>
<arg>GW</arg>
<arg>GY</arg>
<arg>HK</arg>
<arg>HM</arg>
<arg>HN</arg>
<arg>HR</arg>
<arg>HT</arg>
<arg>HU</arg>
<arg>ID</arg>
<arg>IE</arg>
<arg>IL</arg>
<arg>IM</arg>
<arg>IN</arg>
<arg>IO</arg>
<arg>IQ</arg>
<arg>IR</arg>
<arg>IS</arg>
<arg>IT</arg>
<arg>JE</arg>
<arg>JM</arg>
<arg>JO</arg>
<arg>JP</arg>
<arg>KE</arg>
<arg>KG</arg>
<arg>KH</arg>
<arg>KI</arg>
<arg>KM</arg>
<arg>KN</arg>
<arg>KP</arg>
<arg>KR</arg>
<arg>KW</arg>
<arg>KY</arg>
<arg>KZ</arg>
<arg>LA</arg>
<arg>LB</arg>
<arg>LC</arg>
<arg>LI</arg>
<arg>LK</arg>
<arg>LR</arg>
<arg>LS</arg>
<arg>LT</arg>
<arg>LU</arg>
<arg>LV</arg>
<arg>LY</arg>
<arg>MA</arg>
<arg>MC</arg>
<arg>MD</arg>
<arg>ME</arg>
<arg>MF</arg>
<arg>MG</arg>
<arg>MH</arg>
<arg>MK</arg>
<arg>ML</arg>
<arg>MM</arg>
<arg>MN</arg>
<arg>MO</arg>
<arg>MP</arg>
<arg>MQ</arg>
<arg>MR</arg>
<arg>MS</arg>
<arg>MT</arg>
<arg>MU</arg>
<arg>MV</arg>
<arg>MW</arg>
<arg>MX</arg>
<arg>MY</arg>
<arg>MZ</arg>
<arg>NA</arg>
<arg>NC</arg>
<arg>NE</arg>
<arg>NF</arg>
<arg>NG</arg>
<arg>NI</arg>
<arg>NL</arg>
<arg>NO</arg>
<arg>NP</arg>
<arg>NR</arg>
<arg>NU</arg>
<arg>NZ</arg>
<arg>OM</arg>
<arg>PA</arg>
<arg>PE</arg>
<arg>PF</arg>
<arg>PG</arg>
<arg>PH</arg>
<arg>PK</arg>
<arg>PL</arg>
<arg>PM</arg>
<arg>PN</arg>
<arg>PR</arg>
<arg>PS</arg>
<arg>PT</arg>
<arg>PW</arg>
<arg>PY</arg>
<arg>QA</arg>
<arg>RE</arg>
<arg>RO</arg>
<arg>RS</arg>
<arg>RU</arg>
<arg>RW</arg>
<arg>SA</arg>
<arg>SB</arg>
<arg>SC</arg>
<arg>SD</arg>
<arg>SE</arg>
<arg>SG</arg>
<arg>SH</arg>
<arg>SI</arg>
<arg>SJ</arg>
<arg>SK</arg>
<arg>SL</arg>
<arg>SM</arg>
<arg>SN</arg>
<arg>SO</arg>
<arg>SR</arg>
<arg>SS</arg>
<arg>ST</arg>
<arg>SV</arg>
<arg>SX</arg>
<arg>SY</arg>
<arg>SZ</arg>
<arg>TC</arg>
<arg>TD</arg>
<arg>TF</arg>
<arg>TG</arg>
<arg>TH</arg>
<arg>TJ</arg>
<arg>TK</arg>
<arg>TL</arg>
<arg>TM</arg>
<arg>TN</arg>
<arg>TO</arg>
<arg>TR</arg>
<arg>TT</arg>
<arg>TV</arg>
<arg>TW</arg>
<arg>TZ</arg>
<arg>UA</arg>
<arg>UG</arg>
<arg>UM</arg>
<arg>US</arg>
<arg>UY</arg>
<arg>UZ</arg>
<arg>VA</arg>
<arg>VC</arg>
<arg>VE</arg>
<arg>VG</arg>
<arg>VI</arg>
<arg>VN</arg>
<arg>VU</arg>
<arg>WF</arg>
<arg>WS</arg>
<arg>XK</arg>
<arg>YE</arg>
<arg>YT</arg>
<arg>ZA</arg>
<arg>ZM</arg>
<arg>ZW</arg>
<doc>Returns a list containing given items.</doc>
<status status="PASS" start="2024-06-06T01:04:36.672737" elapsed="0.000656"/>
</kw>
<kw name="List Should Contain Value" owner="Collections">
<msg time="2024-06-06T01:04:36.674398" level="INFO">False</msg>
<arg>${list_country}</arg>
<arg>${name_country}</arg>
<doc>Fails if the ``value`` is not found from ``list``.</doc>
<status status="PASS" start="2024-06-06T01:04:36.674191" elapsed="0.000243"/>
</kw>
<kw name="Run Keyword If" owner="BuiltIn">
<kw name="Should Be True" owner="BuiltIn">
<arg>${True}</arg>
<doc>Fails if the given condition is not true.</doc>
<status status="PASS" start="2024-06-06T01:04:36.675502" elapsed="0.000153"/>
</kw>
<arg>${json_data["results"][0]["location"]["coordinates"]["latitude"]} &gt;= -90 and ${json_data["results"][0]["location"]["coordinates"]["latitude"]} &lt;= 90</arg>
<arg>Should Be True</arg>
<arg>${True}</arg>
<doc>Runs the given keyword with the given arguments, if ``condition`` is true.</doc>
<status status="PASS" start="2024-06-06T01:04:36.674748" elapsed="0.001054"/>
</kw>
<kw name="Run Keyword If" owner="BuiltIn">
<kw name="Should Be True" owner="BuiltIn">
<arg>${True}</arg>
<doc>Fails if the given condition is not true.</doc>
<status status="PASS" start="2024-06-06T01:04:36.676703" elapsed="0.000138"/>
</kw>
<arg>${json_data["results"][0]["location"]["coordinates"]["longitude"]} &gt;= -180 and ${json_data["results"][0]["location"]["coordinates"]["longitude"]} &lt;= 180</arg>
<arg>Should Be True</arg>
<arg>${True}</arg>
<doc>Runs the given keyword with the given arguments, if ``condition`` is true.</doc>
<status status="PASS" start="2024-06-06T01:04:36.675998" elapsed="0.000990"/>
</kw>
<status status="PASS" start="2024-06-06T01:04:36.564808" elapsed="0.112327"/>
</kw>
<doc>Testa o conteúdo específico dos campos retornados pela API.</doc>
<tag>testeConteudo</tag>
<status status="PASS" start="2024-06-06T01:04:36.564231" elapsed="0.113060"/>
</test>
<status status="PASS" start="2024-06-06T01:04:35.774973" elapsed="0.904302"/>
</suite>
<status status="PASS" start="2024-06-06T01:04:35.761288" elapsed="0.923358"/>
</suite>
<statistics>
<total>
<stat pass="5" fail="0" skip="0">All Tests</stat>
</total>
<tag>
<stat pass="1" fail="0" skip="0">testeConteudo</stat>
<stat pass="1" fail="0" skip="0">testeEstruturaResposta</stat>
<stat pass="1" fail="0" skip="0">testeRequisicaoBasica</stat>
<stat pass="1" fail="0" skip="0">testeTiposDados</stat>
</tag>
<suite>
<stat pass="5" fail="0" skip="0" id="s1" name="Tests">Tests</stat>
<stat pass="5" fail="0" skip="0" id="s1-s1" name="Random-User-Test">Tests.Random-User-Test</stat>
</suite>
</statistics>
<errors>
</errors>
</robot>
