<?xml version="1.0" encoding="UTF-8"?>
<robot generator="Robot 7.0 (Python 3.12.3 on linux)" generated="2024-06-07T12:29:19.056646" rpa="false" schemaversion="5">
<suite id="s1" name="Tests" source="/home/runner/work/ApiRandomUser/ApiRandomUser/RamdonUser/tests">
<suite id="s1-s1" name="Random-User-Test" source="/home/runner/work/ApiRandomUser/ApiRandomUser/RamdonUser/tests/random-user-test.robot">
<test id="s1-s1-t1" name="Conectar" line="13">
<kw name="Conectar API" owner="random-user-service">
<kw name="Create Session" owner="RequestsLibrary">
<msg time="2024-06-07T12:29:19.488576" level="INFO">Creating Session using : alias=consultarAPI, url=https://randomuser.me/, headers={},                     cookies={}, auth=None, timeout=None, proxies=None, verify=False,                     debug=0 </msg>
<arg>consultarAPI</arg>
<arg>${URL}</arg>
<doc>Create Session: create a HTTP session to a server</doc>
<status status="PASS" start="2024-06-07T12:29:19.488348" elapsed="0.000436"/>
</kw>
<status status="PASS" start="2024-06-07T12:29:19.487228" elapsed="0.001968"/>
</kw>
<status status="PASS" start="2024-06-07T12:29:19.486529" elapsed="0.002877"/>
</test>
<test id="s1-s1-t2" name="Validar retorno 200 e JSON Válido" line="16">
<kw name="Teste de Requisicao Basica" owner="random-user-service">
<kw name="GET On Session" owner="RequestsLibrary">
<msg time="2024-06-07T12:29:19.581831" level="INFO">GET Request : url=https://randomuser.me/api 
 path_url=/api 
 headers={'User-Agent': 'python-requests/2.32.3', 'Accept-Encoding': 'gzip, deflate', 'Accept': '*/*', 'Connection': 'keep-alive'} 
 body=None 
 </msg>
<msg time="2024-06-07T12:29:19.582058" level="INFO">GET Response : url=https://randomuser.me/api 
 status=200, reason=OK 
 headers={'Date': 'Fri, 07 Jun 2024 12:29:19 GMT', 'Content-Type': 'application/json; charset=utf-8', 'Transfer-Encoding': 'chunked', 'Connection': 'keep-alive', 'X-Powered-By': 'Express', 'Access-Control-Allow-Origin': '*', 'Cache-Control': 'no-cache', 'ETag': 'W/"494-I4gbvjoN0QnBZeyJ/LhomI+Y+X0"', 'Vary': 'Accept-Encoding', 'Content-Encoding': 'gzip', 'CF-Cache-Status': 'DYNAMIC', 'Report-To': '{"endpoints":[{"url":"https:\\/\\/a.nel.cloudflare.com\\/report\\/v4?s=F4AYgDQXPKirAqy7hCCvvXTk6pZ3e56ouWEiWoCsX3rCKpGnNcSXz%2BllwEHIrJRymYeP%2FgxRtOMFtOTHwtVF6dSXBENI4vuDjIbmQM3FvVU3xXZ93Jjn580ED4j%2FCc%2FA"}],"group":"cf-nel","max_age":604800}', 'NEL': '{"success_fraction":0,"report_to":"cf-nel","max_age":604800}', 'Server': 'cloudflare', 'CF-RAY': '8900a5a50a60634a-ORD', 'alt-svc': 'h3=":443"; ma=86400'} 
 body={"results":[{"gender":"male","name":{"title":"Mr","first":"Bastian","last":"Niemann"},"location":{"street":{"number":5333,"name":"Schulweg"},"city":"Schlotheim","state":"Saarland","country":"Germany","postcode":72632,"coordinates":{"latitude":"-52.5332","longitude":"-124.0859"},"timezone":{"offset":"+5:30","description":"Bombay, Calcutta, Madras, New Delhi"}},"email":"bastian.niemann@example.com","login":{"uuid":"19b8ecbb-ea6a-4cf3-a79f-8b6887127073","username":"purplezebra591","password":"italy","salt":"5QBPW8ny","md5":"2d6e0ac4b3c6dddfc0efc62f9b900f35","sha1":"d6e1961cc01c2dac34fafca8916deaf28ad46eff","sha256":"85a64fdb28f0ece9cb07911ba5ef2cd7c7d05f35a7619967c8b9aeb65fea888e"},"dob":{"date":"1984-10-10T06:29:21.879Z","age":39},"registered":{"date":"2010-03-21T12:17:47.921Z","age":14},"phone":"0541-1404127","cell":"0175-2571406","id":{"name":"SVNR","value":"23 101084 N 088"},"picture":{"large":"https://randomuser.me/api/portraits/men/50.jpg","medium":"https://randomuser.me/api/portraits/med/men/50.jpg","thumbnail":"https://randomuser.me/api/portraits/thumb/men/50.jpg"},"nat":"DE"}],"info":{"seed":"59cd3e2b898535d0","results":1,"page":1,"version":"1.4"}} 
 </msg>
<msg time="2024-06-07T12:29:19.582153" level="INFO">/opt/hostedtoolcache/Python/3.12.3/x64/lib/python3.12/site-packages/urllib3/connectionpool.py:1103: InsecureRequestWarning: Unverified HTTPS request is being made to host 'randomuser.me'. Adding certificate verification is strongly advised. See: https://urllib3.readthedocs.io/en/latest/advanced-usage.html#tls-warnings
  warnings.warn(</msg>
<msg time="2024-06-07T12:29:19.582302" level="INFO">${response} = &lt;Response [200]&gt;</msg>
<var>${response}</var>
<arg>consultarAPI</arg>
<arg>/api</arg>
<doc>Sends a GET request on a previously created HTTP Session.</doc>
<status status="PASS" start="2024-06-07T12:29:19.492224" elapsed="0.090114"/>
</kw>
<kw name="Should Be Equal As Numbers" owner="BuiltIn">
<msg time="2024-06-07T12:29:19.583686" level="INFO">Argument types are:
&lt;class 'int'&gt;
&lt;class 'str'&gt;</msg>
<arg>${response.status_code}</arg>
<arg>200</arg>
<doc>Fails if objects are unequal after converting them to real numbers.</doc>
<status status="PASS" start="2024-06-07T12:29:19.583007" elapsed="0.000796"/>
</kw>
<kw name="Log" owner="BuiltIn">
<msg time="2024-06-07T12:29:19.585045" level="INFO">200</msg>
<arg>${response.status_code}</arg>
<doc>Logs the given message with the given level.</doc>
<status status="PASS" start="2024-06-07T12:29:19.584425" elapsed="0.000692"/>
</kw>
<kw name="Set Variable" owner="BuiltIn">
<msg time="2024-06-07T12:29:19.586280" level="INFO">${json_data} = {'results': [{'gender': 'male', 'name': {'title': 'Mr', 'first': 'Bastian', 'last': 'Niemann'}, 'location': {'street': {'number': 5333, 'name': 'Schulweg'}, 'city': 'Schlotheim', 'state': 'Saarland', ...</msg>
<var>${json_data}</var>
<arg>${response.json()}</arg>
<doc>Returns the given values which can then be assigned to a variables.</doc>
<status status="PASS" start="2024-06-07T12:29:19.585566" elapsed="0.000763"/>
</kw>
<kw name="Dictionary Should Contain Key" owner="Collections">
<msg time="2024-06-07T12:29:19.587149" level="INFO">False</msg>
<arg>${json_data}</arg>
<arg>results</arg>
<doc>Fails if ``key`` is not found from ``dictionary``.</doc>
<status status="PASS" start="2024-06-07T12:29:19.586847" elapsed="0.000612"/>
</kw>
<status status="PASS" start="2024-06-07T12:29:19.491962" elapsed="0.095870"/>
</kw>
<doc>Testa se a API responde corretamente e retorna um objeto JSON válido.</doc>
<tag>testeRequisicaoBasica</tag>
<status status="PASS" start="2024-06-07T12:29:19.491397" elapsed="0.096664"/>
</test>
<test id="s1-s1-t3" name="Validar estrutura de resposta" line="22">
<kw name="Teste de Estrutura de Resposta" owner="random-user-service">
<kw name="GET On Session" owner="RequestsLibrary">
<msg time="2024-06-07T12:29:19.675107" level="INFO">GET Request : url=https://randomuser.me/api 
 path_url=/api 
 headers={'User-Agent': 'python-requests/2.32.3', 'Accept-Encoding': 'gzip, deflate', 'Accept': '*/*', 'Connection': 'keep-alive'} 
 body=None 
 </msg>
<msg time="2024-06-07T12:29:19.675214" level="INFO">GET Response : url=https://randomuser.me/api 
 status=200, reason=OK 
 headers={'Date': 'Fri, 07 Jun 2024 12:29:19 GMT', 'Content-Type': 'application/json; charset=utf-8', 'Transfer-Encoding': 'chunked', 'Connection': 'keep-alive', 'X-Powered-By': 'Express', 'Access-Control-Allow-Origin': '*', 'Cache-Control': 'no-cache', 'ETag': 'W/"47f-65q/0aQMR8naSD46Kr3YmV64k7Q"', 'Vary': 'Accept-Encoding', 'Content-Encoding': 'gzip', 'CF-Cache-Status': 'DYNAMIC', 'Report-To': '{"endpoints":[{"url":"https:\\/\\/a.nel.cloudflare.com\\/report\\/v4?s=RbTRJIpUQRI2ep%2BXvTZ3cQpO13tythgMllRCR3UzN1d2upcA5zumBo1uwwKudg%2BX1pLNmFwN%2Bd6FAyLLpwNyoPTPM8p%2FT%2BV2iTYzuZhtMnrzURRbPTJDalrXn%2B%2FnLvJV"}],"group":"cf-nel","max_age":604800}', 'NEL': '{"success_fraction":0,"report_to":"cf-nel","max_age":604800}', 'Server': 'cloudflare', 'CF-RAY': '8900a5a57acf634a-ORD', 'alt-svc': 'h3=":443"; ma=86400'} 
 body={"results":[{"gender":"male","name":{"title":"Mr","first":"Maxime","last":"Macdonald"},"location":{"street":{"number":4944,"name":"Disputed Rd"},"city":"Oakville","state":"Québec","country":"Canada","postcode":"B6O 8D5","coordinates":{"latitude":"-69.6190","longitude":"-20.3952"},"timezone":{"offset":"+9:30","description":"Adelaide, Darwin"}},"email":"maxime.macdonald@example.com","login":{"uuid":"a9e76ad8-f38f-4aac-bbcb-ed0ace8a81cb","username":"silverpanda921","password":"poison","salt":"7mF8QNWB","md5":"18317c85035da0174c8f6360b9aeb8b3","sha1":"62d4617ef4ed0447eac73aefb11ca7e7e872544f","sha256":"f4cc37b2ff3074359c3ca55fadbd390d511bfba96dc2c7d9f34528d7ccd17833"},"dob":{"date":"1991-08-01T09:06:43.918Z","age":32},"registered":{"date":"2003-06-17T16:29:45.797Z","age":20},"phone":"T85 R51-8799","cell":"Y47 W55-2524","id":{"name":"SIN","value":"672976297"},"picture":{"large":"https://randomuser.me/api/portraits/men/65.jpg","medium":"https://randomuser.me/api/portraits/med/men/65.jpg","thumbnail":"https://randomuser.me/api/portraits/thumb/men/65.jpg"},"nat":"CA"}],"info":{"seed":"7108c368da326fe4","results":1,"page":1,"version":"1.4"}} 
 </msg>
<msg time="2024-06-07T12:29:19.675350" level="INFO">/opt/hostedtoolcache/Python/3.12.3/x64/lib/python3.12/site-packages/urllib3/connectionpool.py:1103: InsecureRequestWarning: Unverified HTTPS request is being made to host 'randomuser.me'. Adding certificate verification is strongly advised. See: https://urllib3.readthedocs.io/en/latest/advanced-usage.html#tls-warnings
  warnings.warn(</msg>
<msg time="2024-06-07T12:29:19.675488" level="INFO">${response} = &lt;Response [200]&gt;</msg>
<var>${response}</var>
<arg>consultarAPI</arg>
<arg>/api</arg>
<doc>Sends a GET request on a previously created HTTP Session.</doc>
<status status="PASS" start="2024-06-07T12:29:19.591208" elapsed="0.084316"/>
</kw>
<kw name="Set Variable" owner="BuiltIn">
<msg time="2024-06-07T12:29:19.676635" level="INFO">${json_data} = {'results': [{'gender': 'male', 'name': {'title': 'Mr', 'first': 'Maxime', 'last': 'Macdonald'}, 'location': {'street': {'number': 4944, 'name': 'Disputed Rd'}, 'city': 'Oakville', 'state': 'Québec', ...</msg>
<var>${json_data}</var>
<arg>${response.json()}</arg>
<doc>Returns the given values which can then be assigned to a variables.</doc>
<status status="PASS" start="2024-06-07T12:29:19.676088" elapsed="0.000580"/>
</kw>
<kw name="Log" owner="BuiltIn">
<msg time="2024-06-07T12:29:19.677157" level="INFO">{'results': [{'gender': 'male', 'name': {'title': 'Mr', 'first': 'Maxime', 'last': 'Macdonald'}, 'location': {'street': {'number': 4944, 'name': 'Disputed Rd'}, 'city': 'Oakville', 'state': 'Québec', 'country': 'Canada', 'postcode': 'B6O 8D5', 'coordinates': {'latitude': '-69.6190', 'longitude': '-20.3952'}, 'timezone': {'offset': '+9:30', 'description': 'Adelaide, Darwin'}}, 'email': 'maxime.macdonald@example.com', 'login': {'uuid': 'a9e76ad8-f38f-4aac-bbcb-ed0ace8a81cb', 'username': 'silverpanda921', 'password': 'poison', 'salt': '7mF8QNWB', 'md5': '18317c85035da0174c8f6360b9aeb8b3', 'sha1': '62d4617ef4ed0447eac73aefb11ca7e7e872544f', 'sha256': 'f4cc37b2ff3074359c3ca55fadbd390d511bfba96dc2c7d9f34528d7ccd17833'}, 'dob': {'date': '1991-08-01T09:06:43.918Z', 'age': 32}, 'registered': {'date': '2003-06-17T16:29:45.797Z', 'age': 20}, 'phone': 'T85 R51-8799', 'cell': 'Y47 W55-2524', 'id': {'name': 'SIN', 'value': '672976297'}, 'picture': {'large': 'https://randomuser.me/api/portraits/men/65.jpg', 'medium': 'https://randomuser.me/api/portraits/med/men/65.jpg', 'thumbnail': 'https://randomuser.me/api/portraits/thumb/men/65.jpg'}, 'nat': 'CA'}], 'info': {'seed': '7108c368da326fe4', 'results': 1, 'page': 1, 'version': '1.4'}}</msg>
<arg>${json_data}</arg>
<doc>Logs the given message with the given level.</doc>
<status status="PASS" start="2024-06-07T12:29:19.676990" elapsed="0.000219"/>
</kw>
<kw name="Dictionary Should Contain Key" owner="Collections">
<msg time="2024-06-07T12:29:19.677682" level="INFO">False</msg>
<arg>${json_data}</arg>
<arg>results</arg>
<doc>Fails if ``key`` is not found from ``dictionary``.</doc>
<status status="PASS" start="2024-06-07T12:29:19.677521" elapsed="0.000199"/>
</kw>
<kw name="Should Not Be Empty" owner="BuiltIn">
<msg time="2024-06-07T12:29:19.678201" level="INFO">Length is 2.</msg>
<arg>${json_data}</arg>
<doc>Verifies that the given item is not empty.</doc>
<status status="PASS" start="2024-06-07T12:29:19.678052" elapsed="0.000190"/>
</kw>
<kw name="Create List" owner="BuiltIn">
<msg time="2024-06-07T12:29:19.678698" level="INFO">${expected_keys} = ['gender', 'name', 'location', 'email', 'login']</msg>
<var>${expected_keys}</var>
<arg>gender</arg>
<arg>name</arg>
<arg>location</arg>
<arg>email</arg>
<arg>login</arg>
<doc>Returns a list containing given items.</doc>
<status status="PASS" start="2024-06-07T12:29:19.678543" elapsed="0.000180"/>
</kw>
<for flavor="IN">
<iter>
<kw name="Dictionary Should Contain Key" owner="Collections">
<msg time="2024-06-07T12:29:19.679758" level="INFO">False</msg>
<arg>${json_data['results'][0]}</arg>
<arg>${key}</arg>
<doc>Fails if ``key`` is not found from ``dictionary``.</doc>
<status status="PASS" start="2024-06-07T12:29:19.679340" elapsed="0.000463"/>
</kw>
<kw name="Log" owner="BuiltIn">
<msg time="2024-06-07T12:29:19.680489" level="INFO">{'gender': 'male', 'name': {'title': 'Mr', 'first': 'Maxime', 'last': 'Macdonald'}, 'location': {'street': {'number': 4944, 'name': 'Disputed Rd'}, 'city': 'Oakville', 'state': 'Québec', 'country': 'Canada', 'postcode': 'B6O 8D5', 'coordinates': {'latitude': '-69.6190', 'longitude': '-20.3952'}, 'timezone': {'offset': '+9:30', 'description': 'Adelaide, Darwin'}}, 'email': 'maxime.macdonald@example.com', 'login': {'uuid': 'a9e76ad8-f38f-4aac-bbcb-ed0ace8a81cb', 'username': 'silverpanda921', 'password': 'poison', 'salt': '7mF8QNWB', 'md5': '18317c85035da0174c8f6360b9aeb8b3', 'sha1': '62d4617ef4ed0447eac73aefb11ca7e7e872544f', 'sha256': 'f4cc37b2ff3074359c3ca55fadbd390d511bfba96dc2c7d9f34528d7ccd17833'}, 'dob': {'date': '1991-08-01T09:06:43.918Z', 'age': 32}, 'registered': {'date': '2003-06-17T16:29:45.797Z', 'age': 20}, 'phone': 'T85 R51-8799', 'cell': 'Y47 W55-2524', 'id': {'name': 'SIN', 'value': '672976297'}, 'picture': {'large': 'https://randomuser.me/api/portraits/men/65.jpg', 'medium': 'https://randomuser.me/api/portraits/med/men/65.jpg', 'thumbnail': 'https://randomuser.me/api/portraits/thumb/men/65.jpg'}, 'nat': 'CA'}</msg>
<arg>${json_data['results'][0]}</arg>
<doc>Logs the given message with the given level.</doc>
<status status="PASS" start="2024-06-07T12:29:19.680109" elapsed="0.000434"/>
</kw>
<kw name="Log" owner="BuiltIn">
<msg time="2024-06-07T12:29:19.680992" level="INFO">gender</msg>
<arg>${key}</arg>
<doc>Logs the given message with the given level.</doc>
<status status="PASS" start="2024-06-07T12:29:19.680860" elapsed="0.000170"/>
</kw>
<var name="${key}">gender</var>
<status status="PASS" start="2024-06-07T12:29:19.679209" elapsed="0.002042"/>
</iter>
<iter>
<kw name="Dictionary Should Contain Key" owner="Collections">
<msg time="2024-06-07T12:29:19.681956" level="INFO">False</msg>
<arg>${json_data['results'][0]}</arg>
<arg>${key}</arg>
<doc>Fails if ``key`` is not found from ``dictionary``.</doc>
<status status="PASS" start="2024-06-07T12:29:19.681559" elapsed="0.000463"/>
</kw>
<kw name="Log" owner="BuiltIn">
<msg time="2024-06-07T12:29:19.682724" level="INFO">{'gender': 'male', 'name': {'title': 'Mr', 'first': 'Maxime', 'last': 'Macdonald'}, 'location': {'street': {'number': 4944, 'name': 'Disputed Rd'}, 'city': 'Oakville', 'state': 'Québec', 'country': 'Canada', 'postcode': 'B6O 8D5', 'coordinates': {'latitude': '-69.6190', 'longitude': '-20.3952'}, 'timezone': {'offset': '+9:30', 'description': 'Adelaide, Darwin'}}, 'email': 'maxime.macdonald@example.com', 'login': {'uuid': 'a9e76ad8-f38f-4aac-bbcb-ed0ace8a81cb', 'username': 'silverpanda921', 'password': 'poison', 'salt': '7mF8QNWB', 'md5': '18317c85035da0174c8f6360b9aeb8b3', 'sha1': '62d4617ef4ed0447eac73aefb11ca7e7e872544f', 'sha256': 'f4cc37b2ff3074359c3ca55fadbd390d511bfba96dc2c7d9f34528d7ccd17833'}, 'dob': {'date': '1991-08-01T09:06:43.918Z', 'age': 32}, 'registered': {'date': '2003-06-17T16:29:45.797Z', 'age': 20}, 'phone': 'T85 R51-8799', 'cell': 'Y47 W55-2524', 'id': {'name': 'SIN', 'value': '672976297'}, 'picture': {'large': 'https://randomuser.me/api/portraits/men/65.jpg', 'medium': 'https://randomuser.me/api/portraits/med/men/65.jpg', 'thumbnail': 'https://randomuser.me/api/portraits/thumb/men/65.jpg'}, 'nat': 'CA'}</msg>
<arg>${json_data['results'][0]}</arg>
<doc>Logs the given message with the given level.</doc>
<status status="PASS" start="2024-06-07T12:29:19.682356" elapsed="0.000420"/>
</kw>
<kw name="Log" owner="BuiltIn">
<msg time="2024-06-07T12:29:19.683222" level="INFO">name</msg>
<arg>${key}</arg>
<doc>Logs the given message with the given level.</doc>
<status status="PASS" start="2024-06-07T12:29:19.683082" elapsed="0.000180"/>
</kw>
<var name="${key}">name</var>
<status status="PASS" start="2024-06-07T12:29:19.681442" elapsed="0.002039"/>
</iter>
<iter>
<kw name="Dictionary Should Contain Key" owner="Collections">
<msg time="2024-06-07T12:29:19.684164" level="INFO">False</msg>
<arg>${json_data['results'][0]}</arg>
<arg>${key}</arg>
<doc>Fails if ``key`` is not found from ``dictionary``.</doc>
<status status="PASS" start="2024-06-07T12:29:19.683780" elapsed="0.000423"/>
</kw>
<kw name="Log" owner="BuiltIn">
<msg time="2024-06-07T12:29:19.684887" level="INFO">{'gender': 'male', 'name': {'title': 'Mr', 'first': 'Maxime', 'last': 'Macdonald'}, 'location': {'street': {'number': 4944, 'name': 'Disputed Rd'}, 'city': 'Oakville', 'state': 'Québec', 'country': 'Canada', 'postcode': 'B6O 8D5', 'coordinates': {'latitude': '-69.6190', 'longitude': '-20.3952'}, 'timezone': {'offset': '+9:30', 'description': 'Adelaide, Darwin'}}, 'email': 'maxime.macdonald@example.com', 'login': {'uuid': 'a9e76ad8-f38f-4aac-bbcb-ed0ace8a81cb', 'username': 'silverpanda921', 'password': 'poison', 'salt': '7mF8QNWB', 'md5': '18317c85035da0174c8f6360b9aeb8b3', 'sha1': '62d4617ef4ed0447eac73aefb11ca7e7e872544f', 'sha256': 'f4cc37b2ff3074359c3ca55fadbd390d511bfba96dc2c7d9f34528d7ccd17833'}, 'dob': {'date': '1991-08-01T09:06:43.918Z', 'age': 32}, 'registered': {'date': '2003-06-17T16:29:45.797Z', 'age': 20}, 'phone': 'T85 R51-8799', 'cell': 'Y47 W55-2524', 'id': {'name': 'SIN', 'value': '672976297'}, 'picture': {'large': 'https://randomuser.me/api/portraits/men/65.jpg', 'medium': 'https://randomuser.me/api/portraits/med/men/65.jpg', 'thumbnail': 'https://randomuser.me/api/portraits/thumb/men/65.jpg'}, 'nat': 'CA'}</msg>
<arg>${json_data['results'][0]}</arg>
<doc>Logs the given message with the given level.</doc>
<status status="PASS" start="2024-06-07T12:29:19.684516" elapsed="0.000432"/>
</kw>
<kw name="Log" owner="BuiltIn">
<msg time="2024-06-07T12:29:19.685383" level="INFO">location</msg>
<arg>${key}</arg>
<doc>Logs the given message with the given level.</doc>
<status status="PASS" start="2024-06-07T12:29:19.685255" elapsed="0.000167"/>
</kw>
<var name="${key}">location</var>
<status status="PASS" start="2024-06-07T12:29:19.683664" elapsed="0.001973"/>
</iter>
<iter>
<kw name="Dictionary Should Contain Key" owner="Collections">
<msg time="2024-06-07T12:29:19.686453" level="INFO">False</msg>
<arg>${json_data['results'][0]}</arg>
<arg>${key}</arg>
<doc>Fails if ``key`` is not found from ``dictionary``.</doc>
<status status="PASS" start="2024-06-07T12:29:19.685930" elapsed="0.000562"/>
</kw>
<kw name="Log" owner="BuiltIn">
<msg time="2024-06-07T12:29:19.687159" level="INFO">{'gender': 'male', 'name': {'title': 'Mr', 'first': 'Maxime', 'last': 'Macdonald'}, 'location': {'street': {'number': 4944, 'name': 'Disputed Rd'}, 'city': 'Oakville', 'state': 'Québec', 'country': 'Canada', 'postcode': 'B6O 8D5', 'coordinates': {'latitude': '-69.6190', 'longitude': '-20.3952'}, 'timezone': {'offset': '+9:30', 'description': 'Adelaide, Darwin'}}, 'email': 'maxime.macdonald@example.com', 'login': {'uuid': 'a9e76ad8-f38f-4aac-bbcb-ed0ace8a81cb', 'username': 'silverpanda921', 'password': 'poison', 'salt': '7mF8QNWB', 'md5': '18317c85035da0174c8f6360b9aeb8b3', 'sha1': '62d4617ef4ed0447eac73aefb11ca7e7e872544f', 'sha256': 'f4cc37b2ff3074359c3ca55fadbd390d511bfba96dc2c7d9f34528d7ccd17833'}, 'dob': {'date': '1991-08-01T09:06:43.918Z', 'age': 32}, 'registered': {'date': '2003-06-17T16:29:45.797Z', 'age': 20}, 'phone': 'T85 R51-8799', 'cell': 'Y47 W55-2524', 'id': {'name': 'SIN', 'value': '672976297'}, 'picture': {'large': 'https://randomuser.me/api/portraits/men/65.jpg', 'medium': 'https://randomuser.me/api/portraits/med/men/65.jpg', 'thumbnail': 'https://randomuser.me/api/portraits/thumb/men/65.jpg'}, 'nat': 'CA'}</msg>
<arg>${json_data['results'][0]}</arg>
<doc>Logs the given message with the given level.</doc>
<status status="PASS" start="2024-06-07T12:29:19.686794" elapsed="0.000417"/>
</kw>
<kw name="Log" owner="BuiltIn">
<msg time="2024-06-07T12:29:19.687644" level="INFO">email</msg>
<arg>${key}</arg>
<doc>Logs the given message with the given level.</doc>
<status status="PASS" start="2024-06-07T12:29:19.687512" elapsed="0.000169"/>
</kw>
<var name="${key}">email</var>
<status status="PASS" start="2024-06-07T12:29:19.685815" elapsed="0.002088"/>
</iter>
<iter>
<kw name="Dictionary Should Contain Key" owner="Collections">
<msg time="2024-06-07T12:29:19.688574" level="INFO">False</msg>
<arg>${json_data['results'][0]}</arg>
<arg>${key}</arg>
<doc>Fails if ``key`` is not found from ``dictionary``.</doc>
<status status="PASS" start="2024-06-07T12:29:19.688190" elapsed="0.000421"/>
</kw>
<kw name="Log" owner="BuiltIn">
<msg time="2024-06-07T12:29:19.689268" level="INFO">{'gender': 'male', 'name': {'title': 'Mr', 'first': 'Maxime', 'last': 'Macdonald'}, 'location': {'street': {'number': 4944, 'name': 'Disputed Rd'}, 'city': 'Oakville', 'state': 'Québec', 'country': 'Canada', 'postcode': 'B6O 8D5', 'coordinates': {'latitude': '-69.6190', 'longitude': '-20.3952'}, 'timezone': {'offset': '+9:30', 'description': 'Adelaide, Darwin'}}, 'email': 'maxime.macdonald@example.com', 'login': {'uuid': 'a9e76ad8-f38f-4aac-bbcb-ed0ace8a81cb', 'username': 'silverpanda921', 'password': 'poison', 'salt': '7mF8QNWB', 'md5': '18317c85035da0174c8f6360b9aeb8b3', 'sha1': '62d4617ef4ed0447eac73aefb11ca7e7e872544f', 'sha256': 'f4cc37b2ff3074359c3ca55fadbd390d511bfba96dc2c7d9f34528d7ccd17833'}, 'dob': {'date': '1991-08-01T09:06:43.918Z', 'age': 32}, 'registered': {'date': '2003-06-17T16:29:45.797Z', 'age': 20}, 'phone': 'T85 R51-8799', 'cell': 'Y47 W55-2524', 'id': {'name': 'SIN', 'value': '672976297'}, 'picture': {'large': 'https://randomuser.me/api/portraits/men/65.jpg', 'medium': 'https://randomuser.me/api/portraits/med/men/65.jpg', 'thumbnail': 'https://randomuser.me/api/portraits/thumb/men/65.jpg'}, 'nat': 'CA'}</msg>
<arg>${json_data['results'][0]}</arg>
<doc>Logs the given message with the given level.</doc>
<status status="PASS" start="2024-06-07T12:29:19.688905" elapsed="0.000413"/>
</kw>
<kw name="Log" owner="BuiltIn">
<msg time="2024-06-07T12:29:19.689741" level="INFO">login</msg>
<arg>${key}</arg>
<doc>Logs the given message with the given level.</doc>
<status status="PASS" start="2024-06-07T12:29:19.689614" elapsed="0.000164"/>
</kw>
<var name="${key}">login</var>
<status status="PASS" start="2024-06-07T12:29:19.688078" elapsed="0.001939"/>
</iter>
<var>${key}</var>
<value>@{expected_keys}</value>
<status status="PASS" start="2024-06-07T12:29:19.678989" elapsed="0.011176"/>
</for>
<kw name="Create List" owner="BuiltIn">
<msg time="2024-06-07T12:29:19.690505" level="INFO">${expected_keysTwo} = ['username', 'password']</msg>
<var>${expected_keysTwo}</var>
<arg>username</arg>
<arg>password</arg>
<doc>Returns a list containing given items.</doc>
<status status="PASS" start="2024-06-07T12:29:19.690368" elapsed="0.000161"/>
</kw>
<for flavor="IN">
<iter>
<kw name="Dictionary Should Contain Key" owner="Collections">
<msg time="2024-06-07T12:29:19.691423" level="INFO">False</msg>
<arg>${json_data['results'][0]['login']}</arg>
<arg>${keyTwo}</arg>
<doc>Fails if ``key`` is not found from ``dictionary``.</doc>
<status status="PASS" start="2024-06-07T12:29:19.691040" elapsed="0.000420"/>
</kw>
<kw name="Dictionary Should Contain Key" owner="Collections">
<msg time="2024-06-07T12:29:19.692131" level="INFO">False</msg>
<arg>${json_data['results'][0]['login']}</arg>
<arg>${keyTwo}</arg>
<doc>Fails if ``key`` is not found from ``dictionary``.</doc>
<status status="PASS" start="2024-06-07T12:29:19.691754" elapsed="0.000413"/>
</kw>
<kw name="Log" owner="BuiltIn">
<msg time="2024-06-07T12:29:19.692582" level="INFO">username</msg>
<arg>${keyTwo}</arg>
<doc>Logs the given message with the given level.</doc>
<status status="PASS" start="2024-06-07T12:29:19.692456" elapsed="0.000163"/>
</kw>
<var name="${keyTwo}">username</var>
<status status="PASS" start="2024-06-07T12:29:19.690929" elapsed="0.001900"/>
</iter>
<iter>
<kw name="Dictionary Should Contain Key" owner="Collections">
<msg time="2024-06-07T12:29:19.693485" level="INFO">False</msg>
<arg>${json_data['results'][0]['login']}</arg>
<arg>${keyTwo}</arg>
<doc>Fails if ``key`` is not found from ``dictionary``.</doc>
<status status="PASS" start="2024-06-07T12:29:19.693109" elapsed="0.000413"/>
</kw>
<kw name="Dictionary Should Contain Key" owner="Collections">
<msg time="2024-06-07T12:29:19.694409" level="INFO">False</msg>
<arg>${json_data['results'][0]['login']}</arg>
<arg>${keyTwo}</arg>
<doc>Fails if ``key`` is not found from ``dictionary``.</doc>
<status status="PASS" start="2024-06-07T12:29:19.693815" elapsed="0.000648"/>
</kw>
<kw name="Log" owner="BuiltIn">
<msg time="2024-06-07T12:29:19.695126" level="INFO">password</msg>
<arg>${keyTwo}</arg>
<doc>Logs the given message with the given level.</doc>
<status status="PASS" start="2024-06-07T12:29:19.694923" elapsed="0.000270"/>
</kw>
<var name="${keyTwo}">password</var>
<status status="PASS" start="2024-06-07T12:29:19.692999" elapsed="0.002533"/>
</iter>
<var>${keyTwo}</var>
<value>@{expected_keysTwo}</value>
<status status="PASS" start="2024-06-07T12:29:19.690774" elapsed="0.004942"/>
</for>
<status status="PASS" start="2024-06-07T12:29:19.590838" elapsed="0.105110"/>
</kw>
<doc>Testa a estrutura da resposta da API.</doc>
<tag>testeEstruturaResposta</tag>
<status status="PASS" start="2024-06-07T12:29:19.590013" elapsed="0.106202"/>
</test>
<test id="s1-s1-t4" name="Validar tipos de dados" line="28">
<kw name="Teste de Tipos de Dados" owner="random-user-service">
<kw name="GET On Session" owner="RequestsLibrary">
<msg time="2024-06-07T12:29:19.774008" level="INFO">GET Request : url=https://randomuser.me/api 
 path_url=/api 
 headers={'User-Agent': 'python-requests/2.32.3', 'Accept-Encoding': 'gzip, deflate', 'Accept': '*/*', 'Connection': 'keep-alive'} 
 body=None 
 </msg>
<msg time="2024-06-07T12:29:19.774131" level="INFO">GET Response : url=https://randomuser.me/api 
 status=200, reason=OK 
 headers={'Date': 'Fri, 07 Jun 2024 12:29:19 GMT', 'Content-Type': 'application/json; charset=utf-8', 'Transfer-Encoding': 'chunked', 'Connection': 'keep-alive', 'X-Powered-By': 'Express', 'Access-Control-Allow-Origin': '*', 'Cache-Control': 'no-cache', 'ETag': 'W/"4a3-rixjVLzWyKUtZQFxThc3AynFmjg"', 'Vary': 'Accept-Encoding', 'Content-Encoding': 'gzip', 'CF-Cache-Status': 'DYNAMIC', 'Report-To': '{"endpoints":[{"url":"https:\\/\\/a.nel.cloudflare.com\\/report\\/v4?s=j83ZsicwLiPP%2BLgku1T8yRbOORB0xg4PWtSgxpEyhqLI1Vn51ekIEymmmCG5h54Q1clBd0n2sgt7tynQdqFwpYc1sUySbU6XKrhy9FP%2B0JxDm5MmwiOxnuAfxJ%2FvVfIW"}],"group":"cf-nel","max_age":604800}', 'NEL': '{"success_fraction":0,"report_to":"cf-nel","max_age":604800}', 'Server': 'cloudflare', 'CF-RAY': '8900a5a62b58634a-ORD', 'alt-svc': 'h3=":443"; ma=86400'} 
 body={"results":[{"gender":"female","name":{"title":"Miss","first":"Tracy","last":"Willis"},"location":{"street":{"number":9626,"name":"Oaks Cross"},"city":"Wakefield","state":"County Antrim","country":"United Kingdom","postcode":"MX69 1AX","coordinates":{"latitude":"-6.6018","longitude":"2.7525"},"timezone":{"offset":"+10:00","description":"Eastern Australia, Guam, Vladivostok"}},"email":"tracy.willis@example.com","login":{"uuid":"ff2ef8e2-a0fe-4560-8dd8-0f4e1d531bfd","username":"orangebear970","password":"stephen1","salt":"b84tzbHZ","md5":"cf87f58dca3a498cfe4008203ff8d545","sha1":"8e55b26b2f32f5e1bcfd87ac25212e5ba3908d0f","sha256":"0984cf2b05f22a9e9f2f274e68457b03a62408e5391e49c5f84c07daa2ec3f1f"},"dob":{"date":"1962-01-16T01:14:39.346Z","age":62},"registered":{"date":"2019-12-24T07:50:58.451Z","age":4},"phone":"016977 5046","cell":"07347 128763","id":{"name":"NINO","value":"JP 40 52 45 W"},"picture":{"large":"https://randomuser.me/api/portraits/women/6.jpg","medium":"https://randomuser.me/api/portraits/med/women/6.jpg","thumbnail":"https://randomuser.me/api/portraits/thumb/women/6.jpg"},"nat":"GB"}],"info":{"seed":"be33ca28dd701b9c","results":1,"page":1,"version":"1.4"}} 
 </msg>
<msg time="2024-06-07T12:29:19.774216" level="INFO">/opt/hostedtoolcache/Python/3.12.3/x64/lib/python3.12/site-packages/urllib3/connectionpool.py:1103: InsecureRequestWarning: Unverified HTTPS request is being made to host 'randomuser.me'. Adding certificate verification is strongly advised. See: https://urllib3.readthedocs.io/en/latest/advanced-usage.html#tls-warnings
  warnings.warn(</msg>
<msg time="2024-06-07T12:29:19.774337" level="INFO">${response} = &lt;Response [200]&gt;</msg>
<var>${response}</var>
<arg>consultarAPI</arg>
<arg>/api</arg>
<doc>Sends a GET request on a previously created HTTP Session.</doc>
<status status="PASS" start="2024-06-07T12:29:19.700419" elapsed="0.073950"/>
</kw>
<kw name="Set Variable" owner="BuiltIn">
<msg time="2024-06-07T12:29:19.775481" level="INFO">${json_data} = {'results': [{'gender': 'female', 'name': {'title': 'Miss', 'first': 'Tracy', 'last': 'Willis'}, 'location': {'street': {'number': 9626, 'name': 'Oaks Cross'}, 'city': 'Wakefield', 'state': 'County An...</msg>
<var>${json_data}</var>
<arg>${response.json()}</arg>
<doc>Returns the given values which can then be assigned to a variables.</doc>
<status status="PASS" start="2024-06-07T12:29:19.774941" elapsed="0.000571"/>
</kw>
<kw name="Log" owner="BuiltIn">
<msg time="2024-06-07T12:29:19.776072" level="INFO">{'results': [{'gender': 'female', 'name': {'title': 'Miss', 'first': 'Tracy', 'last': 'Willis'}, 'location': {'street': {'number': 9626, 'name': 'Oaks Cross'}, 'city': 'Wakefield', 'state': 'County Antrim', 'country': 'United Kingdom', 'postcode': 'MX69 1AX', 'coordinates': {'latitude': '-6.6018', 'longitude': '2.7525'}, 'timezone': {'offset': '+10:00', 'description': 'Eastern Australia, Guam, Vladivostok'}}, 'email': 'tracy.willis@example.com', 'login': {'uuid': 'ff2ef8e2-a0fe-4560-8dd8-0f4e1d531bfd', 'username': 'orangebear970', 'password': 'stephen1', 'salt': 'b84tzbHZ', 'md5': 'cf87f58dca3a498cfe4008203ff8d545', 'sha1': '8e55b26b2f32f5e1bcfd87ac25212e5ba3908d0f', 'sha256': '0984cf2b05f22a9e9f2f274e68457b03a62408e5391e49c5f84c07daa2ec3f1f'}, 'dob': {'date': '1962-01-16T01:14:39.346Z', 'age': 62}, 'registered': {'date': '2019-12-24T07:50:58.451Z', 'age': 4}, 'phone': '016977 5046', 'cell': '07347 128763', 'id': {'name': 'NINO', 'value': 'JP 40 52 45 W'}, 'picture': {'large': 'https://randomuser.me/api/portraits/women/6.jpg', 'medium': 'https://randomuser.me/api/portraits/med/women/6.jpg', 'thumbnail': 'https://randomuser.me/api/portraits/thumb/women/6.jpg'}, 'nat': 'GB'}], 'info': {'seed': 'be33ca28dd701b9c', 'results': 1, 'page': 1, 'version': '1.4'}}</msg>
<arg>${json_data}</arg>
<doc>Logs the given message with the given level.</doc>
<status status="PASS" start="2024-06-07T12:29:19.775882" elapsed="0.000282"/>
</kw>
<kw name="Should Be String" owner="String">
<arg>${json_data['results'][0]['gender']}</arg>
<doc>Fails if the given ``item`` is not a string.</doc>
<status status="PASS" start="2024-06-07T12:29:19.776508" elapsed="0.000399"/>
</kw>
<kw name="Should Match Regexp" owner="BuiltIn">
<arg>${json_data['results'][0]['email']}</arg>
<arg>^[a-zA-Z0-9._%+-]+@[a-zA-Z0-9.-]+\.[a-zA-Z]{2,}$</arg>
<doc>Fails if ``string`` does not match ``pattern`` as a regular expression.</doc>
<status status="PASS" start="2024-06-07T12:29:19.777110" elapsed="0.000730"/>
</kw>
<kw name="Should Match Regexp" owner="BuiltIn">
<arg>${json_data['results'][0]['dob']['date']}</arg>
<arg>\\d{4}-\\d{2}-\\d{2}T\\d{2}:\\d{2}:\\d{2}\\.\\d{3}Z</arg>
<doc>Fails if ``string`` does not match ``pattern`` as a regular expression.</doc>
<status status="PASS" start="2024-06-07T12:29:19.778097" elapsed="0.000516"/>
</kw>
<kw name="Should Match Regexp" owner="BuiltIn">
<arg>${json_data['results'][0]['registered']['date']}</arg>
<arg>\\d{4}-\\d{2}-\\d{2}T\\d{2}:\\d{2}:\\d{2}\\.\\d{3}Z</arg>
<doc>Fails if ``string`` does not match ``pattern`` as a regular expression.</doc>
<status status="PASS" start="2024-06-07T12:29:19.778831" elapsed="0.000399"/>
</kw>
<kw name="Should Match Regexp" owner="BuiltIn">
<arg>${json_data['results'][0]['picture']['large']}</arg>
<arg>^https?://.*\.(?:png|jpe?g|gif|bmp)$</arg>
<doc>Fails if ``string`` does not match ``pattern`` as a regular expression.</doc>
<status status="PASS" start="2024-06-07T12:29:19.779425" elapsed="0.000477"/>
</kw>
<kw name="Should Match Regexp" owner="BuiltIn">
<arg>${json_data['results'][0]['picture']['medium']}</arg>
<arg>^https?://.*\.(?:png|jpe?g|gif|bmp)$</arg>
<doc>Fails if ``string`` does not match ``pattern`` as a regular expression.</doc>
<status status="PASS" start="2024-06-07T12:29:19.780096" elapsed="0.000359"/>
</kw>
<kw name="Should Match Regexp" owner="BuiltIn">
<arg>${json_data['results'][0]['picture']['thumbnail']}</arg>
<arg>^https?://.*\.(?:png|jpe?g|gif|bmp)$</arg>
<doc>Fails if ``string`` does not match ``pattern`` as a regular expression.</doc>
<status status="PASS" start="2024-06-07T12:29:19.780648" elapsed="0.000358"/>
</kw>
<kw name="Log" owner="BuiltIn">
<msg time="2024-06-07T12:29:19.781534" level="INFO">{'large': 'https://randomuser.me/api/portraits/women/6.jpg', 'medium': 'https://randomuser.me/api/portraits/med/women/6.jpg', 'thumbnail': 'https://randomuser.me/api/portraits/thumb/women/6.jpg'}</msg>
<arg>${json_data['results'][0]['picture']}</arg>
<doc>Logs the given message with the given level.</doc>
<status status="PASS" start="2024-06-07T12:29:19.781193" elapsed="0.000383"/>
</kw>
<status status="PASS" start="2024-06-07T12:29:19.700029" elapsed="0.081830"/>
</kw>
<kw name="Teste de Tipos de Dados - Postcode" owner="random-user-service">
<kw name="GET On Session" owner="RequestsLibrary">
<msg time="2024-06-07T12:29:19.882747" level="INFO">GET Request : url=https://randomuser.me/api 
 path_url=/api 
 headers={'User-Agent': 'python-requests/2.32.3', 'Accept-Encoding': 'gzip, deflate', 'Accept': '*/*', 'Connection': 'keep-alive'} 
 body=None 
 </msg>
<msg time="2024-06-07T12:29:19.882858" level="INFO">GET Response : url=https://randomuser.me/api 
 status=200, reason=OK 
 headers={'Date': 'Fri, 07 Jun 2024 12:29:19 GMT', 'Content-Type': 'application/json; charset=utf-8', 'Transfer-Encoding': 'chunked', 'Connection': 'keep-alive', 'X-Powered-By': 'Express', 'Access-Control-Allow-Origin': '*', 'Cache-Control': 'no-cache', 'ETag': 'W/"48e-M7Jwsm93fvULcOs54bFswK6h00U"', 'Vary': 'Accept-Encoding', 'Content-Encoding': 'gzip', 'CF-Cache-Status': 'DYNAMIC', 'Report-To': '{"endpoints":[{"url":"https:\\/\\/a.nel.cloudflare.com\\/report\\/v4?s=3pX%2F%2FShGADZCEW8N0aK6%2FB5UkBz%2FkdjTGm6bfd%2BsjhpZj5tMIzw2jhDAZ6KFHthzBjsvIVtTS5EVkwQTLoJjtAOhZswMrXaRXMgsor96p9qMM%2FNW%2FdanDqhbXiyfXp1J"}],"group":"cf-nel","max_age":604800}', 'NEL': '{"success_fraction":0,"report_to":"cf-nel","max_age":604800}', 'Server': 'cloudflare', 'CF-RAY': '8900a5a6abb6634a-ORD', 'alt-svc': 'h3=":443"; ma=86400'} 
 body={"results":[{"gender":"female","name":{"title":"Mademoiselle","first":"Bruna","last":"Meunier"},"location":{"street":{"number":401,"name":"Rue Dugas-Montbel"},"city":"Grüsch","state":"Valais","country":"Switzerland","postcode":2673,"coordinates":{"latitude":"-59.1273","longitude":"91.8337"},"timezone":{"offset":"-9:00","description":"Alaska"}},"email":"bruna.meunier@example.com","login":{"uuid":"2af10d5d-383f-4f86-8ebc-8b09702bb328","username":"silverleopard744","password":"pontiac","salt":"Hp90GBc3","md5":"c575dae54fe3d8a55ac6eb958cd9adaa","sha1":"81cfd5c3cbe9de6d02397209f4aee85fe9d4db67","sha256":"45008d1d9dbe789ae4b20c1b76dbf65c4df177d08946e86c30c43034d27c9492"},"dob":{"date":"1946-01-01T23:28:30.712Z","age":78},"registered":{"date":"2014-08-22T14:06:41.546Z","age":9},"phone":"078 621 52 85","cell":"077 345 69 50","id":{"name":"AVS","value":"756.0653.5232.15"},"picture":{"large":"https://randomuser.me/api/portraits/women/43.jpg","medium":"https://randomuser.me/api/portraits/med/women/43.jpg","thumbnail":"https://randomuser.me/api/portraits/thumb/women/43.jpg"},"nat":"CH"}],"info":{"seed":"ea8cce0a2760ef50","results":1,"page":1,"version":"1.4"}} 
 </msg>
<msg time="2024-06-07T12:29:19.882938" level="INFO">/opt/hostedtoolcache/Python/3.12.3/x64/lib/python3.12/site-packages/urllib3/connectionpool.py:1103: InsecureRequestWarning: Unverified HTTPS request is being made to host 'randomuser.me'. Adding certificate verification is strongly advised. See: https://urllib3.readthedocs.io/en/latest/advanced-usage.html#tls-warnings
  warnings.warn(</msg>
<msg time="2024-06-07T12:29:19.883072" level="INFO">${response} = &lt;Response [200]&gt;</msg>
<var>${response}</var>
<arg>consultarAPI</arg>
<arg>/api</arg>
<doc>Sends a GET request on a previously created HTTP Session.</doc>
<status status="PASS" start="2024-06-07T12:29:19.782377" elapsed="0.100739"/>
</kw>
<kw name="Set Variable" owner="BuiltIn">
<msg time="2024-06-07T12:29:19.884222" level="INFO">${json_data} = {'results': [{'gender': 'female', 'name': {'title': 'Mademoiselle', 'first': 'Bruna', 'last': 'Meunier'}, 'location': {'street': {'number': 401, 'name': 'Rue Dugas-Montbel'}, 'city': 'Grüsch', 'state'...</msg>
<var>${json_data}</var>
<arg>${response.json()}</arg>
<doc>Returns the given values which can then be assigned to a variables.</doc>
<status status="PASS" start="2024-06-07T12:29:19.883660" elapsed="0.000593"/>
</kw>
<kw name="Log" owner="BuiltIn">
<msg time="2024-06-07T12:29:19.884800" level="INFO">{'results': [{'gender': 'female', 'name': {'title': 'Mademoiselle', 'first': 'Bruna', 'last': 'Meunier'}, 'location': {'street': {'number': 401, 'name': 'Rue Dugas-Montbel'}, 'city': 'Grüsch', 'state': 'Valais', 'country': 'Switzerland', 'postcode': 2673, 'coordinates': {'latitude': '-59.1273', 'longitude': '91.8337'}, 'timezone': {'offset': '-9:00', 'description': 'Alaska'}}, 'email': 'bruna.meunier@example.com', 'login': {'uuid': '2af10d5d-383f-4f86-8ebc-8b09702bb328', 'username': 'silverleopard744', 'password': 'pontiac', 'salt': 'Hp90GBc3', 'md5': 'c575dae54fe3d8a55ac6eb958cd9adaa', 'sha1': '81cfd5c3cbe9de6d02397209f4aee85fe9d4db67', 'sha256': '45008d1d9dbe789ae4b20c1b76dbf65c4df177d08946e86c30c43034d27c9492'}, 'dob': {'date': '1946-01-01T23:28:30.712Z', 'age': 78}, 'registered': {'date': '2014-08-22T14:06:41.546Z', 'age': 9}, 'phone': '078 621 52 85', 'cell': '077 345 69 50', 'id': {'name': 'AVS', 'value': '756.0653.5232.15'}, 'picture': {'large': 'https://randomuser.me/api/portraits/women/43.jpg', 'medium': 'https://randomuser.me/api/portraits/med/women/43.jpg', 'thumbnail': 'https://randomuser.me/api/portraits/thumb/women/43.jpg'}, 'nat': 'CH'}], 'info': {'seed': 'ea8cce0a2760ef50', 'results': 1, 'page': 1, 'version': '1.4'}}</msg>
<arg>${json_data}</arg>
<doc>Logs the given message with the given level.</doc>
<status status="PASS" start="2024-06-07T12:29:19.884619" elapsed="0.000281"/>
</kw>
<kw name="Should Be Equal As Numbers" owner="BuiltIn">
<arg>${json_data['results'][0]['location']['postcode']}</arg>
<arg>${json_data['results'][0]['location']['postcode']}</arg>
<doc>Fails if objects are unequal after converting them to real numbers.</doc>
<status status="PASS" start="2024-06-07T12:29:19.885224" elapsed="0.000642"/>
</kw>
<kw name="Log" owner="BuiltIn">
<msg time="2024-06-07T12:29:19.886466" level="INFO">2673</msg>
<arg>${json_data['results'][0]['location']['postcode']}</arg>
<doc>Logs the given message with the given level.</doc>
<status status="PASS" start="2024-06-07T12:29:19.886111" elapsed="0.000396"/>
</kw>
<status status="PASS" start="2024-06-07T12:29:19.782126" elapsed="0.104646"/>
</kw>
<doc>Testa se os tipos de dados na resposta da API estão corretos.</doc>
<tag>testeTiposDados</tag>
<status status="PASS" start="2024-06-07T12:29:19.699307" elapsed="0.187639"/>
</test>
<test id="s1-s1-t5" name="Validar conteudo" line="35">
<kw name="Teste de Tipos de Conteudo" owner="random-user-service">
<kw name="GET On Session" owner="RequestsLibrary">
<msg time="2024-06-07T12:29:19.975203" level="INFO">GET Request : url=https://randomuser.me/api 
 path_url=/api 
 headers={'User-Agent': 'python-requests/2.32.3', 'Accept-Encoding': 'gzip, deflate', 'Accept': '*/*', 'Connection': 'keep-alive'} 
 body=None 
 </msg>
<msg time="2024-06-07T12:29:19.975324" level="INFO">GET Response : url=https://randomuser.me/api 
 status=200, reason=OK 
 headers={'Date': 'Fri, 07 Jun 2024 12:29:19 GMT', 'Content-Type': 'application/json; charset=utf-8', 'Transfer-Encoding': 'chunked', 'Connection': 'keep-alive', 'X-Powered-By': 'Express', 'Access-Control-Allow-Origin': '*', 'Cache-Control': 'no-cache', 'ETag': 'W/"48d-+de0wzLVlh8IhiBglNR8XyNzU1o"', 'Vary': 'Accept-Encoding', 'Content-Encoding': 'gzip', 'CF-Cache-Status': 'DYNAMIC', 'Report-To': '{"endpoints":[{"url":"https:\\/\\/a.nel.cloudflare.com\\/report\\/v4?s=CeusgicuqSo96Fd3klAWLDUnpwnZO17Oez2lprlEhfWTUm2E1QVbNK%2FqJeM15iNwdkw6Y6aPiP%2Fkaza916WQiKX1dSZ66z8n3FQWx4yj3s9hvVq8faefl4ewwBiYM96G"}],"group":"cf-nel","max_age":604800}', 'NEL': '{"success_fraction":0,"report_to":"cf-nel","max_age":604800}', 'Server': 'cloudflare', 'CF-RAY': '8900a5a75c63634a-ORD', 'alt-svc': 'h3=":443"; ma=86400'} 
 body={"results":[{"gender":"male","name":{"title":"Mr","first":"Nixon","last":"White"},"location":{"street":{"number":3801,"name":"Broadway Avenue"},"city":"Christchurch","state":"Nelson","country":"New Zealand","postcode":96155,"coordinates":{"latitude":"49.8654","longitude":"-64.2196"},"timezone":{"offset":"+9:00","description":"Tokyo, Seoul, Osaka, Sapporo, Yakutsk"}},"email":"nixon.white@example.com","login":{"uuid":"cee6117f-f3a4-48ac-ba58-274f1731ce02","username":"goldenleopard254","password":"pearls","salt":"9oPsGPWm","md5":"915e5a2d796fed644ea8d5f9fd63da38","sha1":"21682aea3db4de04f1c0680182f8feff3a121769","sha256":"f7f358178e70b9a97f8690d842b15224fac311331d53aca2e29e6894a12f9558"},"dob":{"date":"1971-04-18T07:52:54.887Z","age":53},"registered":{"date":"2008-02-13T06:04:45.502Z","age":16},"phone":"(041)-078-0134","cell":"(064)-246-6801","id":{"name":"","value":null},"picture":{"large":"https://randomuser.me/api/portraits/men/98.jpg","medium":"https://randomuser.me/api/portraits/med/men/98.jpg","thumbnail":"https://randomuser.me/api/portraits/thumb/men/98.jpg"},"nat":"NZ"}],"info":{"seed":"b9ac9fb2e513854f","results":1,"page":1,"version":"1.4"}} 
 </msg>
<msg time="2024-06-07T12:29:19.975413" level="INFO">/opt/hostedtoolcache/Python/3.12.3/x64/lib/python3.12/site-packages/urllib3/connectionpool.py:1103: InsecureRequestWarning: Unverified HTTPS request is being made to host 'randomuser.me'. Adding certificate verification is strongly advised. See: https://urllib3.readthedocs.io/en/latest/advanced-usage.html#tls-warnings
  warnings.warn(</msg>
<msg time="2024-06-07T12:29:19.975564" level="INFO">${response} = &lt;Response [200]&gt;</msg>
<var>${response}</var>
<arg>consultarAPI</arg>
<arg>/api</arg>
<doc>Sends a GET request on a previously created HTTP Session.</doc>
<status status="PASS" start="2024-06-07T12:29:19.889489" elapsed="0.086117"/>
</kw>
<kw name="Set Variable" owner="BuiltIn">
<msg time="2024-06-07T12:29:19.976716" level="INFO">${json_data} = {'results': [{'gender': 'male', 'name': {'title': 'Mr', 'first': 'Nixon', 'last': 'White'}, 'location': {'street': {'number': 3801, 'name': 'Broadway Avenue'}, 'city': 'Christchurch', 'state': 'Nelson...</msg>
<var>${json_data}</var>
<arg>${response.json()}</arg>
<doc>Returns the given values which can then be assigned to a variables.</doc>
<status status="PASS" start="2024-06-07T12:29:19.976182" elapsed="0.000563"/>
</kw>
<kw name="Set Variable" owner="BuiltIn">
<msg time="2024-06-07T12:29:19.977530" level="INFO">${name_title} = Mr</msg>
<var>${name_title}</var>
<arg>${json_data["results"][0]["name"]["title"]}</arg>
<doc>Returns the given values which can then be assigned to a variables.</doc>
<status status="PASS" start="2024-06-07T12:29:19.977113" elapsed="0.000442"/>
</kw>
<kw name="Create List" owner="BuiltIn">
<msg time="2024-06-07T12:29:19.978082" level="INFO">${allowed_titles} = ['Mr', 'Ms', 'Miss', 'Mrs', 'Madame', 'Monsieur']</msg>
<var>${allowed_titles}</var>
<arg>Mr</arg>
<arg>Ms</arg>
<arg>Miss</arg>
<arg>Mrs</arg>
<arg>Madame</arg>
<arg>Monsieur</arg>
<doc>Returns a list containing given items.</doc>
<status status="PASS" start="2024-06-07T12:29:19.977881" elapsed="0.000227"/>
</kw>
<kw name="List Should Contain Value" owner="Collections">
<msg time="2024-06-07T12:29:19.978622" level="INFO">False</msg>
<arg>${allowed_titles}</arg>
<arg>${name_title}</arg>
<doc>Fails if the ``value`` is not found from ``list``.</doc>
<status status="PASS" start="2024-06-07T12:29:19.978436" elapsed="0.000225"/>
</kw>
<kw name="Set Variable" owner="BuiltIn">
<msg time="2024-06-07T12:29:19.979563" level="INFO">${name_country} = NZ</msg>
<var>${name_country}</var>
<arg>${json_data["results"][0]["nat"]}</arg>
<doc>Returns the given values which can then be assigned to a variables.</doc>
<status status="PASS" start="2024-06-07T12:29:19.978967" elapsed="0.000622"/>
</kw>
<kw name="Create List" owner="BuiltIn">
<msg time="2024-06-07T12:29:19.980511" level="INFO">${list_country} = ['AD', 'AE', 'AF', 'AG', 'AI', 'AL', 'AM', 'AO', 'AQ', 'AR', 'AS', 'AT', 'AU', 'AW', 'AX', 'AZ', 'BA', 'BB', 'BD', 'BE', 'BF', 'BG', 'BH', 'BI', 'BJ', 'BL', 'BM', 'BN', 'BO', 'BQ', 'BR', 'BS', 'BT', '...</msg>
<var>${list_country}</var>
<arg>AD</arg>
<arg>AE</arg>
<arg>AF</arg>
<arg>AG</arg>
<arg>AI</arg>
<arg>AL</arg>
<arg>AM</arg>
<arg>AO</arg>
<arg>AQ</arg>
<arg>AR</arg>
<arg>AS</arg>
<arg>AT</arg>
<arg>AU</arg>
<arg>AW</arg>
<arg>AX</arg>
<arg>AZ</arg>
<arg>BA</arg>
<arg>BB</arg>
<arg>BD</arg>
<arg>BE</arg>
<arg>BF</arg>
<arg>BG</arg>
<arg>BH</arg>
<arg>BI</arg>
<arg>BJ</arg>
<arg>BL</arg>
<arg>BM</arg>
<arg>BN</arg>
<arg>BO</arg>
<arg>BQ</arg>
<arg>BR</arg>
<arg>BS</arg>
<arg>BT</arg>
<arg>BV</arg>
<arg>BW</arg>
<arg>BY</arg>
<arg>BZ</arg>
<arg>CA</arg>
<arg>CC</arg>
<arg>CD</arg>
<arg>CF</arg>
<arg>CG</arg>
<arg>CH</arg>
<arg>CI</arg>
<arg>CK</arg>
<arg>CL</arg>
<arg>CM</arg>
<arg>CN</arg>
<arg>CO</arg>
<arg>CR</arg>
<arg>CU</arg>
<arg>CV</arg>
<arg>CW</arg>
<arg>CX</arg>
<arg>CY</arg>
<arg>CZ</arg>
<arg>DE</arg>
<arg>DJ</arg>
<arg>DK</arg>
<arg>DM</arg>
<arg>DO</arg>
<arg>DZ</arg>
<arg>EC</arg>
<arg>EE</arg>
<arg>EG</arg>
<arg>EH</arg>
<arg>ER</arg>
<arg>ES</arg>
<arg>ET</arg>
<arg>FI</arg>
<arg>FJ</arg>
<arg>FK</arg>
<arg>FM</arg>
<arg>FO</arg>
<arg>FR</arg>
<arg>GA</arg>
<arg>GB</arg>
<arg>GD</arg>
<arg>GE</arg>
<arg>GF</arg>
<arg>GG</arg>
<arg>GH</arg>
<arg>GI</arg>
<arg>GL</arg>
<arg>GM</arg>
<arg>GN</arg>
<arg>GP</arg>
<arg>GQ</arg>
<arg>GR</arg>
<arg>GS</arg>
<arg>GT</arg>
<arg>GU</arg>
<arg>GW</arg>
<arg>GY</arg>
<arg>HK</arg>
<arg>HM</arg>
<arg>HN</arg>
<arg>HR</arg>
<arg>HT</arg>
<arg>HU</arg>
<arg>ID</arg>
<arg>IE</arg>
<arg>IL</arg>
<arg>IM</arg>
<arg>IN</arg>
<arg>IO</arg>
<arg>IQ</arg>
<arg>IR</arg>
<arg>IS</arg>
<arg>IT</arg>
<arg>JE</arg>
<arg>JM</arg>
<arg>JO</arg>
<arg>JP</arg>
<arg>KE</arg>
<arg>KG</arg>
<arg>KH</arg>
<arg>KI</arg>
<arg>KM</arg>
<arg>KN</arg>
<arg>KP</arg>
<arg>KR</arg>
<arg>KW</arg>
<arg>KY</arg>
<arg>KZ</arg>
<arg>LA</arg>
<arg>LB</arg>
<arg>LC</arg>
<arg>LI</arg>
<arg>LK</arg>
<arg>LR</arg>
<arg>LS</arg>
<arg>LT</arg>
<arg>LU</arg>
<arg>LV</arg>
<arg>LY</arg>
<arg>MA</arg>
<arg>MC</arg>
<arg>MD</arg>
<arg>ME</arg>
<arg>MF</arg>
<arg>MG</arg>
<arg>MH</arg>
<arg>MK</arg>
<arg>ML</arg>
<arg>MM</arg>
<arg>MN</arg>
<arg>MO</arg>
<arg>MP</arg>
<arg>MQ</arg>
<arg>MR</arg>
<arg>MS</arg>
<arg>MT</arg>
<arg>MU</arg>
<arg>MV</arg>
<arg>MW</arg>
<arg>MX</arg>
<arg>MY</arg>
<arg>MZ</arg>
<arg>NA</arg>
<arg>NC</arg>
<arg>NE</arg>
<arg>NF</arg>
<arg>NG</arg>
<arg>NI</arg>
<arg>NL</arg>
<arg>NO</arg>
<arg>NP</arg>
<arg>NR</arg>
<arg>NU</arg>
<arg>NZ</arg>
<arg>OM</arg>
<arg>PA</arg>
<arg>PE</arg>
<arg>PF</arg>
<arg>PG</arg>
<arg>PH</arg>
<arg>PK</arg>
<arg>PL</arg>
<arg>PM</arg>
<arg>PN</arg>
<arg>PR</arg>
<arg>PS</arg>
<arg>PT</arg>
<arg>PW</arg>
<arg>PY</arg>
<arg>QA</arg>
<arg>RE</arg>
<arg>RO</arg>
<arg>RS</arg>
<arg>RU</arg>
<arg>RW</arg>
<arg>SA</arg>
<arg>SB</arg>
<arg>SC</arg>
<arg>SD</arg>
<arg>SE</arg>
<arg>SG</arg>
<arg>SH</arg>
<arg>SI</arg>
<arg>SJ</arg>
<arg>SK</arg>
<arg>SL</arg>
<arg>SM</arg>
<arg>SN</arg>
<arg>SO</arg>
<arg>SR</arg>
<arg>SS</arg>
<arg>ST</arg>
<arg>SV</arg>
<arg>SX</arg>
<arg>SY</arg>
<arg>SZ</arg>
<arg>TC</arg>
<arg>TD</arg>
<arg>TF</arg>
<arg>TG</arg>
<arg>TH</arg>
<arg>TJ</arg>
<arg>TK</arg>
<arg>TL</arg>
<arg>TM</arg>
<arg>TN</arg>
<arg>TO</arg>
<arg>TR</arg>
<arg>TT</arg>
<arg>TV</arg>
<arg>TW</arg>
<arg>TZ</arg>
<arg>UA</arg>
<arg>UG</arg>
<arg>UM</arg>
<arg>US</arg>
<arg>UY</arg>
<arg>UZ</arg>
<arg>VA</arg>
<arg>VC</arg>
<arg>VE</arg>
<arg>VG</arg>
<arg>VI</arg>
<arg>VN</arg>
<arg>VU</arg>
<arg>WF</arg>
<arg>WS</arg>
<arg>XK</arg>
<arg>YE</arg>
<arg>YT</arg>
<arg>ZA</arg>
<arg>ZM</arg>
<arg>ZW</arg>
<doc>Returns a list containing given items.</doc>
<status status="PASS" start="2024-06-07T12:29:19.979905" elapsed="0.000631"/>
</kw>
<kw name="List Should Contain Value" owner="Collections">
<msg time="2024-06-07T12:29:19.981539" level="INFO">False</msg>
<arg>${list_country}</arg>
<arg>${name_country}</arg>
<doc>Fails if the ``value`` is not found from ``list``.</doc>
<status status="PASS" start="2024-06-07T12:29:19.981326" elapsed="0.000249"/>
</kw>
<kw name="Run Keyword If" owner="BuiltIn">
<kw name="Should Be True" owner="BuiltIn">
<arg>${True}</arg>
<doc>Fails if the given condition is not true.</doc>
<status status="PASS" start="2024-06-07T12:29:19.982686" elapsed="0.000147"/>
</kw>
<arg>${json_data["results"][0]["location"]["coordinates"]["latitude"]} &gt;= -90 and ${json_data["results"][0]["location"]["coordinates"]["latitude"]} &lt;= 90</arg>
<arg>Should Be True</arg>
<arg>${True}</arg>
<doc>Runs the given keyword with the given arguments, if ``condition`` is true.</doc>
<status status="PASS" start="2024-06-07T12:29:19.981900" elapsed="0.001059"/>
</kw>
<kw name="Run Keyword If" owner="BuiltIn">
<kw name="Should Be True" owner="BuiltIn">
<arg>${True}</arg>
<doc>Fails if the given condition is not true.</doc>
<status status="PASS" start="2024-06-07T12:29:19.983865" elapsed="0.000145"/>
</kw>
<arg>${json_data["results"][0]["location"]["coordinates"]["longitude"]} &gt;= -180 and ${json_data["results"][0]["location"]["coordinates"]["longitude"]} &lt;= 180</arg>
<arg>Should Be True</arg>
<arg>${True}</arg>
<doc>Runs the given keyword with the given arguments, if ``condition`` is true.</doc>
<status status="PASS" start="2024-06-07T12:29:19.983152" elapsed="0.000983"/>
</kw>
<status status="PASS" start="2024-06-07T12:29:19.889249" elapsed="0.095018"/>
</kw>
<doc>Testa o conteúdo específico dos campos retornados pela API.</doc>
<tag>testeConteudo</tag>
<status status="PASS" start="2024-06-07T12:29:19.888715" elapsed="0.095710"/>
</test>
<status status="PASS" start="2024-06-07T12:29:19.116998" elapsed="0.869399"/>
</suite>
<status status="PASS" start="2024-06-07T12:29:19.103177" elapsed="0.888479"/>
</suite>
<statistics>
<total>
<stat pass="5" fail="0" skip="0">All Tests</stat>
</total>
<tag>
<stat pass="1" fail="0" skip="0">testeConteudo</stat>
<stat pass="1" fail="0" skip="0">testeEstruturaResposta</stat>
<stat pass="1" fail="0" skip="0">testeRequisicaoBasica</stat>
<stat pass="1" fail="0" skip="0">testeTiposDados</stat>
</tag>
<suite>
<stat pass="5" fail="0" skip="0" id="s1" name="Tests">Tests</stat>
<stat pass="5" fail="0" skip="0" id="s1-s1" name="Random-User-Test">Tests.Random-User-Test</stat>
</suite>
</statistics>
<errors>
</errors>
</robot>
