<?xml version="1.0" encoding="UTF-8"?>
<robot generator="Robot 7.0.1 (Python 3.12.4 on linux)" generated="2024-08-06T21:14:36.833290" rpa="false" schemaversion="5">
<suite id="s1" name="Tests" source="/home/runner/work/ApiRandomUser/ApiRandomUser/RamdonUser/tests">
<suite id="s1-s1" name="Random-User-Test" source="/home/runner/work/ApiRandomUser/ApiRandomUser/RamdonUser/tests/random-user-test.robot">
<test id="s1-s1-t1" name="Conectar" line="13">
<kw name="Conectar API" owner="random-user-service">
<kw name="Create Session" owner="RequestsLibrary">
<msg time="2024-08-06T21:14:37.337419" level="INFO">Creating Session using : alias=consultarAPI, url=https://randomuser.me/, headers={},                     cookies={}, auth=None, timeout=None, proxies=None, verify=False,                     debug=0 </msg>
<arg>consultarAPI</arg>
<arg>${URL}</arg>
<doc>Create Session: create a HTTP session to a server</doc>
<status status="PASS" start="2024-08-06T21:14:37.337203" elapsed="0.000420"/>
</kw>
<status status="PASS" start="2024-08-06T21:14:37.336045" elapsed="0.001960"/>
</kw>
<status status="PASS" start="2024-08-06T21:14:37.335315" elapsed="0.002890"/>
</test>
<test id="s1-s1-t2" name="Validar retorno 200 e JSON Válido" line="16">
<kw name="Teste de Requisicao Basica" owner="random-user-service">
<kw name="GET On Session" owner="RequestsLibrary">
<msg time="2024-08-06T21:14:37.519027" level="INFO">GET Request : url=https://randomuser.me/api 
 path_url=/api 
 headers={'User-Agent': 'python-requests/2.32.3', 'Accept-Encoding': 'gzip, deflate', 'Accept': '*/*', 'Connection': 'keep-alive'} 
 body=None 
 </msg>
<msg time="2024-08-06T21:14:37.519212" level="INFO">GET Response : url=https://randomuser.me/api 
 status=200, reason=OK 
 headers={'Date': 'Tue, 06 Aug 2024 21:14:37 GMT', 'Content-Type': 'application/json; charset=utf-8', 'Transfer-Encoding': 'chunked', 'Connection': 'keep-alive', 'X-Powered-By': 'Express', 'Access-Control-Allow-Origin': '*', 'Cache-Control': 'no-cache', 'ETag': 'W/"472-hzWLSQjCf5qL37WnbgPuYhoGjGo"', 'Vary': 'Accept-Encoding', 'Content-Encoding': 'gzip', 'CF-Cache-Status': 'DYNAMIC', 'Report-To': '{"endpoints":[{"url":"https:\\/\\/a.nel.cloudflare.com\\/report\\/v4?s=7s7tkM9o%2FMLaTorDngQW8hHpPBDtcQAZoH9DktIRbA8De9kIlTbPJowOIZix%2F%2BmiLzLeJdvyG%2Fs71ZCDgWPtDCbYg%2FquU5Grgzb4P0X0OF95UZIWzWvPF6wYkNPvTmo5"}],"group":"cf-nel","max_age":604800}', 'NEL': '{"success_fraction":0,"report_to":"cf-nel","max_age":604800}', 'Server': 'cloudflare', 'CF-RAY': '8af209a04d14205a-IAD', 'alt-svc': 'h3=":443"; ma=86400'} 
 body={"results":[{"gender":"female","name":{"title":"Miss","first":"Houria","last":"Vonk"},"location":{"street":{"number":3756,"name":"Ciceropad"},"city":"Hoeven","state":"Zeeland","country":"Netherlands","postcode":"1250 YM","coordinates":{"latitude":"37.4321","longitude":"54.3085"},"timezone":{"offset":"-10:00","description":"Hawaii"}},"email":"houria.vonk@example.com","login":{"uuid":"6e51645e-bd83-4de7-a1cd-6a9ccfb97b54","username":"tinykoala671","password":"rufus","salt":"ZFm27D5e","md5":"744564338d1cff777736d50e7d081746","sha1":"d56af320bd4dca69d0245a3f3cd2c49f70a3ea18","sha256":"9f01bb33778c6302c9731e5184d7c5109e6b9676c666dc766f31cb3d9d13df71"},"dob":{"date":"1977-12-15T23:30:54.394Z","age":46},"registered":{"date":"2017-09-15T22:24:07.773Z","age":6},"phone":"(097) 5473214","cell":"(06) 08296075","id":{"name":"BSN","value":"24697300"},"picture":{"large":"https://randomuser.me/api/portraits/women/74.jpg","medium":"https://randomuser.me/api/portraits/med/women/74.jpg","thumbnail":"https://randomuser.me/api/portraits/thumb/women/74.jpg"},"nat":"NL"}],"info":{"seed":"d2b2b8d7f8931432","results":1,"page":1,"version":"1.4"}} 
 </msg>
<msg time="2024-08-06T21:14:37.519305" level="INFO">/opt/hostedtoolcache/Python/3.12.4/x64/lib/python3.12/site-packages/urllib3/connectionpool.py:1099: InsecureRequestWarning: Unverified HTTPS request is being made to host 'randomuser.me'. Adding certificate verification is strongly advised. See: https://urllib3.readthedocs.io/en/latest/advanced-usage.html#tls-warnings
  warnings.warn(</msg>
<msg time="2024-08-06T21:14:37.519479" level="INFO">${response} = &lt;Response [200]&gt;</msg>
<var>${response}</var>
<arg>consultarAPI</arg>
<arg>/api</arg>
<doc>Sends a GET request on a previously created HTTP Session.</doc>
<status status="PASS" start="2024-08-06T21:14:37.340927" elapsed="0.178611"/>
</kw>
<kw name="Should Be Equal As Numbers" owner="BuiltIn">
<msg time="2024-08-06T21:14:37.520983" level="INFO">Argument types are:
&lt;class 'int'&gt;
&lt;class 'str'&gt;</msg>
<arg>${response.status_code}</arg>
<arg>200</arg>
<doc>Fails if objects are unequal after converting them to real numbers.</doc>
<status status="PASS" start="2024-08-06T21:14:37.520422" elapsed="0.000638"/>
</kw>
<kw name="Log" owner="BuiltIn">
<msg time="2024-08-06T21:14:37.521852" level="INFO">200</msg>
<arg>${response.status_code}</arg>
<doc>Logs the given message with the given level.</doc>
<status status="PASS" start="2024-08-06T21:14:37.521467" elapsed="0.000431"/>
</kw>
<kw name="Set Variable" owner="BuiltIn">
<msg time="2024-08-06T21:14:37.522666" level="INFO">${json_data} = {'results': [{'gender': 'female', 'name': {'title': 'Miss', 'first': 'Houria', 'last': 'Vonk'}, 'location': {'street': {'number': 3756, 'name': 'Ciceropad'}, 'city': 'Hoeven', 'state': 'Zeeland', 'cou...</msg>
<var>${json_data}</var>
<arg>${response.json()}</arg>
<doc>Returns the given values which can then be assigned to a variables.</doc>
<status status="PASS" start="2024-08-06T21:14:37.522216" elapsed="0.000479"/>
</kw>
<kw name="Dictionary Should Contain Key" owner="Collections">
<arg>${json_data}</arg>
<arg>results</arg>
<doc>Fails if ``key`` is not found from ``dictionary``.</doc>
<status status="PASS" start="2024-08-06T21:14:37.523018" elapsed="0.000367"/>
</kw>
<status status="PASS" start="2024-08-06T21:14:37.340676" elapsed="0.182872"/>
</kw>
<doc>Testa se a API responde corretamente e retorna um objeto JSON válido.</doc>
<tag>testeRequisicaoBasica</tag>
<status status="PASS" start="2024-08-06T21:14:37.340086" elapsed="0.183645"/>
</test>
<test id="s1-s1-t3" name="Validar estrutura de resposta" line="22">
<kw name="Teste de Estrutura de Resposta" owner="random-user-service">
<kw name="GET On Session" owner="RequestsLibrary">
<msg time="2024-08-06T21:14:37.618696" level="INFO">GET Request : url=https://randomuser.me/api 
 path_url=/api 
 headers={'User-Agent': 'python-requests/2.32.3', 'Accept-Encoding': 'gzip, deflate', 'Accept': '*/*', 'Connection': 'keep-alive'} 
 body=None 
 </msg>
<msg time="2024-08-06T21:14:37.618818" level="INFO">GET Response : url=https://randomuser.me/api 
 status=200, reason=OK 
 headers={'Date': 'Tue, 06 Aug 2024 21:14:37 GMT', 'Content-Type': 'application/json; charset=utf-8', 'Transfer-Encoding': 'chunked', 'Connection': 'keep-alive', 'X-Powered-By': 'Express', 'Access-Control-Allow-Origin': '*', 'Cache-Control': 'no-cache', 'ETag': 'W/"485-ZKaxnQwlh1Ggfbr9JgJSxMPV/i4"', 'Vary': 'Accept-Encoding', 'Content-Encoding': 'gzip', 'CF-Cache-Status': 'DYNAMIC', 'Report-To': '{"endpoints":[{"url":"https:\\/\\/a.nel.cloudflare.com\\/report\\/v4?s=9n5QTzM%2Fmv8qPZd3dRhhTLP0gfa1c%2BTxp2KIvKCbnjqZ001ZirUwjJy%2FDTn80A%2FwdBXpVdSouoZXYxAX3fay1k7WIuVvp4PEee0lCL6gPxAYADszPdaJtpxQIDog9B80"}],"group":"cf-nel","max_age":604800}', 'NEL': '{"success_fraction":0,"report_to":"cf-nel","max_age":604800}', 'Server': 'cloudflare', 'CF-RAY': '8af209a09d5c205a-IAD', 'alt-svc': 'h3=":443"; ma=86400'} 
 body={"results":[{"gender":"male","name":{"title":"Mr","first":"Sebastian","last":"Brown"},"location":{"street":{"number":1320,"name":"Shady Ln Dr"},"city":"Hartford","state":"Indiana","country":"United States","postcode":44885,"coordinates":{"latitude":"84.0357","longitude":"-15.8871"},"timezone":{"offset":"+9:30","description":"Adelaide, Darwin"}},"email":"sebastian.brown@example.com","login":{"uuid":"d1e2b646-a5d8-4fea-84ce-d2068b48ae84","username":"silvertiger864","password":"doodle","salt":"OuZH05OG","md5":"426a5e50deab7915b68e50b1da4e2b77","sha1":"37aa3cc07554ec360b8f3b085def69a2d9fd96d5","sha256":"6205309f25e641adcc1e94eee6472b042037b8021fc54e5453363752dcb5dc4e"},"dob":{"date":"1953-05-14T04:00:24.956Z","age":71},"registered":{"date":"2003-01-23T14:58:33.899Z","age":21},"phone":"(672) 668-5325","cell":"(677) 673-7365","id":{"name":"SSN","value":"738-01-2416"},"picture":{"large":"https://randomuser.me/api/portraits/men/41.jpg","medium":"https://randomuser.me/api/portraits/med/men/41.jpg","thumbnail":"https://randomuser.me/api/portraits/thumb/men/41.jpg"},"nat":"US"}],"info":{"seed":"c6d8d8141ffeb7bf","results":1,"page":1,"version":"1.4"}} 
 </msg>
<msg time="2024-08-06T21:14:37.618977" level="INFO">/opt/hostedtoolcache/Python/3.12.4/x64/lib/python3.12/site-packages/urllib3/connectionpool.py:1099: InsecureRequestWarning: Unverified HTTPS request is being made to host 'randomuser.me'. Adding certificate verification is strongly advised. See: https://urllib3.readthedocs.io/en/latest/advanced-usage.html#tls-warnings
  warnings.warn(</msg>
<msg time="2024-08-06T21:14:37.619133" level="INFO">${response} = &lt;Response [200]&gt;</msg>
<var>${response}</var>
<arg>consultarAPI</arg>
<arg>/api</arg>
<doc>Sends a GET request on a previously created HTTP Session.</doc>
<status status="PASS" start="2024-08-06T21:14:37.526647" elapsed="0.092528"/>
</kw>
<kw name="Set Variable" owner="BuiltIn">
<msg time="2024-08-06T21:14:37.620553" level="INFO">${json_data} = {'results': [{'gender': 'male', 'name': {'title': 'Mr', 'first': 'Sebastian', 'last': 'Brown'}, 'location': {'street': {'number': 1320, 'name': 'Shady Ln Dr'}, 'city': 'Hartford', 'state': 'Indiana', ...</msg>
<var>${json_data}</var>
<arg>${response.json()}</arg>
<doc>Returns the given values which can then be assigned to a variables.</doc>
<status status="PASS" start="2024-08-06T21:14:37.619850" elapsed="0.000738"/>
</kw>
<kw name="Log" owner="BuiltIn">
<msg time="2024-08-06T21:14:37.621186" level="INFO">{'results': [{'gender': 'male', 'name': {'title': 'Mr', 'first': 'Sebastian', 'last': 'Brown'}, 'location': {'street': {'number': 1320, 'name': 'Shady Ln Dr'}, 'city': 'Hartford', 'state': 'Indiana', 'country': 'United States', 'postcode': 44885, 'coordinates': {'latitude': '84.0357', 'longitude': '-15.8871'}, 'timezone': {'offset': '+9:30', 'description': 'Adelaide, Darwin'}}, 'email': 'sebastian.brown@example.com', 'login': {'uuid': 'd1e2b646-a5d8-4fea-84ce-d2068b48ae84', 'username': 'silvertiger864', 'password': 'doodle', 'salt': 'OuZH05OG', 'md5': '426a5e50deab7915b68e50b1da4e2b77', 'sha1': '37aa3cc07554ec360b8f3b085def69a2d9fd96d5', 'sha256': '6205309f25e641adcc1e94eee6472b042037b8021fc54e5453363752dcb5dc4e'}, 'dob': {'date': '1953-05-14T04:00:24.956Z', 'age': 71}, 'registered': {'date': '2003-01-23T14:58:33.899Z', 'age': 21}, 'phone': '(672) 668-5325', 'cell': '(677) 673-7365', 'id': {'name': 'SSN', 'value': '738-01-2416'}, 'picture': {'large': 'https://randomuser.me/api/portraits/men/41.jpg', 'medium': 'https://randomuser.me/api/portraits/med/men/41.jpg', 'thumbnail': 'https://randomuser.me/api/portraits/thumb/men/41.jpg'}, 'nat': 'US'}], 'info': {'seed': 'c6d8d8141ffeb7bf', 'results': 1, 'page': 1, 'version': '1.4'}}</msg>
<arg>${json_data}</arg>
<doc>Logs the given message with the given level.</doc>
<status status="PASS" start="2024-08-06T21:14:37.621002" elapsed="0.000236"/>
</kw>
<kw name="Dictionary Should Contain Key" owner="Collections">
<arg>${json_data}</arg>
<arg>results</arg>
<doc>Fails if ``key`` is not found from ``dictionary``.</doc>
<status status="PASS" start="2024-08-06T21:14:37.621542" elapsed="0.000179"/>
</kw>
<kw name="Should Not Be Empty" owner="BuiltIn">
<msg time="2024-08-06T21:14:37.622052" level="INFO">Length is 2.</msg>
<arg>${json_data}</arg>
<doc>Verifies that the given item is not empty.</doc>
<status status="PASS" start="2024-08-06T21:14:37.621916" elapsed="0.000180"/>
</kw>
<kw name="Create List" owner="BuiltIn">
<msg time="2024-08-06T21:14:37.622562" level="INFO">${expected_keys} = ['gender', 'name', 'location', 'email', 'login']</msg>
<var>${expected_keys}</var>
<arg>gender</arg>
<arg>name</arg>
<arg>location</arg>
<arg>email</arg>
<arg>login</arg>
<doc>Returns a list containing given items.</doc>
<status status="PASS" start="2024-08-06T21:14:37.622408" elapsed="0.000179"/>
</kw>
<for flavor="IN">
<iter>
<kw name="Dictionary Should Contain Key" owner="Collections">
<arg>${json_data['results'][0]}</arg>
<arg>${key}</arg>
<doc>Fails if ``key`` is not found from ``dictionary``.</doc>
<status status="PASS" start="2024-08-06T21:14:37.623204" elapsed="0.000448"/>
</kw>
<kw name="Log" owner="BuiltIn">
<msg time="2024-08-06T21:14:37.624213" level="INFO">{'gender': 'male', 'name': {'title': 'Mr', 'first': 'Sebastian', 'last': 'Brown'}, 'location': {'street': {'number': 1320, 'name': 'Shady Ln Dr'}, 'city': 'Hartford', 'state': 'Indiana', 'country': 'United States', 'postcode': 44885, 'coordinates': {'latitude': '84.0357', 'longitude': '-15.8871'}, 'timezone': {'offset': '+9:30', 'description': 'Adelaide, Darwin'}}, 'email': 'sebastian.brown@example.com', 'login': {'uuid': 'd1e2b646-a5d8-4fea-84ce-d2068b48ae84', 'username': 'silvertiger864', 'password': 'doodle', 'salt': 'OuZH05OG', 'md5': '426a5e50deab7915b68e50b1da4e2b77', 'sha1': '37aa3cc07554ec360b8f3b085def69a2d9fd96d5', 'sha256': '6205309f25e641adcc1e94eee6472b042037b8021fc54e5453363752dcb5dc4e'}, 'dob': {'date': '1953-05-14T04:00:24.956Z', 'age': 71}, 'registered': {'date': '2003-01-23T14:58:33.899Z', 'age': 21}, 'phone': '(672) 668-5325', 'cell': '(677) 673-7365', 'id': {'name': 'SSN', 'value': '738-01-2416'}, 'picture': {'large': 'https://randomuser.me/api/portraits/men/41.jpg', 'medium': 'https://randomuser.me/api/portraits/med/men/41.jpg', 'thumbnail': 'https://randomuser.me/api/portraits/thumb/men/41.jpg'}, 'nat': 'US'}</msg>
<arg>${json_data['results'][0]}</arg>
<doc>Logs the given message with the given level.</doc>
<status status="PASS" start="2024-08-06T21:14:37.623850" elapsed="0.000449"/>
</kw>
<kw name="Log" owner="BuiltIn">
<msg time="2024-08-06T21:14:37.624767" level="INFO">gender</msg>
<arg>${key}</arg>
<doc>Logs the given message with the given level.</doc>
<status status="PASS" start="2024-08-06T21:14:37.624633" elapsed="0.000174"/>
</kw>
<var name="${key}">gender</var>
<status status="PASS" start="2024-08-06T21:14:37.623072" elapsed="0.001963"/>
</iter>
<iter>
<kw name="Dictionary Should Contain Key" owner="Collections">
<arg>${json_data['results'][0]}</arg>
<arg>${key}</arg>
<doc>Fails if ``key`` is not found from ``dictionary``.</doc>
<status status="PASS" start="2024-08-06T21:14:37.625358" elapsed="0.000422"/>
</kw>
<kw name="Log" owner="BuiltIn">
<msg time="2024-08-06T21:14:37.626328" level="INFO">{'gender': 'male', 'name': {'title': 'Mr', 'first': 'Sebastian', 'last': 'Brown'}, 'location': {'street': {'number': 1320, 'name': 'Shady Ln Dr'}, 'city': 'Hartford', 'state': 'Indiana', 'country': 'United States', 'postcode': 44885, 'coordinates': {'latitude': '84.0357', 'longitude': '-15.8871'}, 'timezone': {'offset': '+9:30', 'description': 'Adelaide, Darwin'}}, 'email': 'sebastian.brown@example.com', 'login': {'uuid': 'd1e2b646-a5d8-4fea-84ce-d2068b48ae84', 'username': 'silvertiger864', 'password': 'doodle', 'salt': 'OuZH05OG', 'md5': '426a5e50deab7915b68e50b1da4e2b77', 'sha1': '37aa3cc07554ec360b8f3b085def69a2d9fd96d5', 'sha256': '6205309f25e641adcc1e94eee6472b042037b8021fc54e5453363752dcb5dc4e'}, 'dob': {'date': '1953-05-14T04:00:24.956Z', 'age': 71}, 'registered': {'date': '2003-01-23T14:58:33.899Z', 'age': 21}, 'phone': '(672) 668-5325', 'cell': '(677) 673-7365', 'id': {'name': 'SSN', 'value': '738-01-2416'}, 'picture': {'large': 'https://randomuser.me/api/portraits/men/41.jpg', 'medium': 'https://randomuser.me/api/portraits/med/men/41.jpg', 'thumbnail': 'https://randomuser.me/api/portraits/thumb/men/41.jpg'}, 'nat': 'US'}</msg>
<arg>${json_data['results'][0]}</arg>
<doc>Logs the given message with the given level.</doc>
<status status="PASS" start="2024-08-06T21:14:37.625971" elapsed="0.000453"/>
</kw>
<kw name="Log" owner="BuiltIn">
<msg time="2024-08-06T21:14:37.626874" level="INFO">name</msg>
<arg>${key}</arg>
<doc>Logs the given message with the given level.</doc>
<status status="PASS" start="2024-08-06T21:14:37.626740" elapsed="0.000174"/>
</kw>
<var name="${key}">name</var>
<status status="PASS" start="2024-08-06T21:14:37.625237" elapsed="0.001898"/>
</iter>
<iter>
<kw name="Dictionary Should Contain Key" owner="Collections">
<arg>${json_data['results'][0]}</arg>
<arg>${key}</arg>
<doc>Fails if ``key`` is not found from ``dictionary``.</doc>
<status status="PASS" start="2024-08-06T21:14:37.627440" elapsed="0.000389"/>
</kw>
<kw name="Log" owner="BuiltIn">
<msg time="2024-08-06T21:14:37.628424" level="INFO">{'gender': 'male', 'name': {'title': 'Mr', 'first': 'Sebastian', 'last': 'Brown'}, 'location': {'street': {'number': 1320, 'name': 'Shady Ln Dr'}, 'city': 'Hartford', 'state': 'Indiana', 'country': 'United States', 'postcode': 44885, 'coordinates': {'latitude': '84.0357', 'longitude': '-15.8871'}, 'timezone': {'offset': '+9:30', 'description': 'Adelaide, Darwin'}}, 'email': 'sebastian.brown@example.com', 'login': {'uuid': 'd1e2b646-a5d8-4fea-84ce-d2068b48ae84', 'username': 'silvertiger864', 'password': 'doodle', 'salt': 'OuZH05OG', 'md5': '426a5e50deab7915b68e50b1da4e2b77', 'sha1': '37aa3cc07554ec360b8f3b085def69a2d9fd96d5', 'sha256': '6205309f25e641adcc1e94eee6472b042037b8021fc54e5453363752dcb5dc4e'}, 'dob': {'date': '1953-05-14T04:00:24.956Z', 'age': 71}, 'registered': {'date': '2003-01-23T14:58:33.899Z', 'age': 21}, 'phone': '(672) 668-5325', 'cell': '(677) 673-7365', 'id': {'name': 'SSN', 'value': '738-01-2416'}, 'picture': {'large': 'https://randomuser.me/api/portraits/men/41.jpg', 'medium': 'https://randomuser.me/api/portraits/med/men/41.jpg', 'thumbnail': 'https://randomuser.me/api/portraits/thumb/men/41.jpg'}, 'nat': 'US'}</msg>
<arg>${json_data['results'][0]}</arg>
<doc>Logs the given message with the given level.</doc>
<status status="PASS" start="2024-08-06T21:14:37.628017" elapsed="0.000457"/>
</kw>
<kw name="Log" owner="BuiltIn">
<msg time="2024-08-06T21:14:37.628916" level="INFO">location</msg>
<arg>${key}</arg>
<doc>Logs the given message with the given level.</doc>
<status status="PASS" start="2024-08-06T21:14:37.628789" elapsed="0.000165"/>
</kw>
<var name="${key}">location</var>
<status status="PASS" start="2024-08-06T21:14:37.627326" elapsed="0.001850"/>
</iter>
<iter>
<kw name="Dictionary Should Contain Key" owner="Collections">
<arg>${json_data['results'][0]}</arg>
<arg>${key}</arg>
<doc>Fails if ``key`` is not found from ``dictionary``.</doc>
<status status="PASS" start="2024-08-06T21:14:37.629467" elapsed="0.000403"/>
</kw>
<kw name="Log" owner="BuiltIn">
<msg time="2024-08-06T21:14:37.630562" level="INFO">{'gender': 'male', 'name': {'title': 'Mr', 'first': 'Sebastian', 'last': 'Brown'}, 'location': {'street': {'number': 1320, 'name': 'Shady Ln Dr'}, 'city': 'Hartford', 'state': 'Indiana', 'country': 'United States', 'postcode': 44885, 'coordinates': {'latitude': '84.0357', 'longitude': '-15.8871'}, 'timezone': {'offset': '+9:30', 'description': 'Adelaide, Darwin'}}, 'email': 'sebastian.brown@example.com', 'login': {'uuid': 'd1e2b646-a5d8-4fea-84ce-d2068b48ae84', 'username': 'silvertiger864', 'password': 'doodle', 'salt': 'OuZH05OG', 'md5': '426a5e50deab7915b68e50b1da4e2b77', 'sha1': '37aa3cc07554ec360b8f3b085def69a2d9fd96d5', 'sha256': '6205309f25e641adcc1e94eee6472b042037b8021fc54e5453363752dcb5dc4e'}, 'dob': {'date': '1953-05-14T04:00:24.956Z', 'age': 71}, 'registered': {'date': '2003-01-23T14:58:33.899Z', 'age': 21}, 'phone': '(672) 668-5325', 'cell': '(677) 673-7365', 'id': {'name': 'SSN', 'value': '738-01-2416'}, 'picture': {'large': 'https://randomuser.me/api/portraits/men/41.jpg', 'medium': 'https://randomuser.me/api/portraits/med/men/41.jpg', 'thumbnail': 'https://randomuser.me/api/portraits/thumb/men/41.jpg'}, 'nat': 'US'}</msg>
<arg>${json_data['results'][0]}</arg>
<doc>Logs the given message with the given level.</doc>
<status status="PASS" start="2024-08-06T21:14:37.630204" elapsed="0.000416"/>
</kw>
<kw name="Log" owner="BuiltIn">
<msg time="2024-08-06T21:14:37.631064" level="INFO">email</msg>
<arg>${key}</arg>
<doc>Logs the given message with the given level.</doc>
<status status="PASS" start="2024-08-06T21:14:37.630933" elapsed="0.000170"/>
</kw>
<var name="${key}">email</var>
<status status="PASS" start="2024-08-06T21:14:37.629357" elapsed="0.001973"/>
</iter>
<iter>
<kw name="Dictionary Should Contain Key" owner="Collections">
<arg>${json_data['results'][0]}</arg>
<arg>${key}</arg>
<doc>Fails if ``key`` is not found from ``dictionary``.</doc>
<status status="PASS" start="2024-08-06T21:14:37.631624" elapsed="0.000379"/>
</kw>
<kw name="Log" owner="BuiltIn">
<msg time="2024-08-06T21:14:37.632577" level="INFO">{'gender': 'male', 'name': {'title': 'Mr', 'first': 'Sebastian', 'last': 'Brown'}, 'location': {'street': {'number': 1320, 'name': 'Shady Ln Dr'}, 'city': 'Hartford', 'state': 'Indiana', 'country': 'United States', 'postcode': 44885, 'coordinates': {'latitude': '84.0357', 'longitude': '-15.8871'}, 'timezone': {'offset': '+9:30', 'description': 'Adelaide, Darwin'}}, 'email': 'sebastian.brown@example.com', 'login': {'uuid': 'd1e2b646-a5d8-4fea-84ce-d2068b48ae84', 'username': 'silvertiger864', 'password': 'doodle', 'salt': 'OuZH05OG', 'md5': '426a5e50deab7915b68e50b1da4e2b77', 'sha1': '37aa3cc07554ec360b8f3b085def69a2d9fd96d5', 'sha256': '6205309f25e641adcc1e94eee6472b042037b8021fc54e5453363752dcb5dc4e'}, 'dob': {'date': '1953-05-14T04:00:24.956Z', 'age': 71}, 'registered': {'date': '2003-01-23T14:58:33.899Z', 'age': 21}, 'phone': '(672) 668-5325', 'cell': '(677) 673-7365', 'id': {'name': 'SSN', 'value': '738-01-2416'}, 'picture': {'large': 'https://randomuser.me/api/portraits/men/41.jpg', 'medium': 'https://randomuser.me/api/portraits/med/men/41.jpg', 'thumbnail': 'https://randomuser.me/api/portraits/thumb/men/41.jpg'}, 'nat': 'US'}</msg>
<arg>${json_data['results'][0]}</arg>
<doc>Logs the given message with the given level.</doc>
<status status="PASS" start="2024-08-06T21:14:37.632194" elapsed="0.000430"/>
</kw>
<kw name="Log" owner="BuiltIn">
<msg time="2024-08-06T21:14:37.633064" level="INFO">login</msg>
<arg>${key}</arg>
<doc>Logs the given message with the given level.</doc>
<status status="PASS" start="2024-08-06T21:14:37.632933" elapsed="0.000171"/>
</kw>
<var name="${key}">login</var>
<status status="PASS" start="2024-08-06T21:14:37.631512" elapsed="0.001813"/>
</iter>
<var>${key}</var>
<value>@{expected_keys}</value>
<status status="PASS" start="2024-08-06T21:14:37.622865" elapsed="0.010588"/>
</for>
<kw name="Create List" owner="BuiltIn">
<msg time="2024-08-06T21:14:37.633807" level="INFO">${expected_keysTwo} = ['username', 'password']</msg>
<var>${expected_keysTwo}</var>
<arg>username</arg>
<arg>password</arg>
<doc>Returns a list containing given items.</doc>
<status status="PASS" start="2024-08-06T21:14:37.633657" elapsed="0.000176"/>
</kw>
<for flavor="IN">
<iter>
<kw name="Dictionary Should Contain Key" owner="Collections">
<arg>${json_data['results'][0]['login']}</arg>
<arg>${keyTwo}</arg>
<doc>Fails if ``key`` is not found from ``dictionary``.</doc>
<status status="PASS" start="2024-08-06T21:14:37.634418" elapsed="0.000413"/>
</kw>
<kw name="Dictionary Should Contain Key" owner="Collections">
<arg>${json_data['results'][0]['login']}</arg>
<arg>${keyTwo}</arg>
<doc>Fails if ``key`` is not found from ``dictionary``.</doc>
<status status="PASS" start="2024-08-06T21:14:37.635016" elapsed="0.000388"/>
</kw>
<kw name="Log" owner="BuiltIn">
<msg time="2024-08-06T21:14:37.635704" level="INFO">username</msg>
<arg>${keyTwo}</arg>
<doc>Logs the given message with the given level.</doc>
<status status="PASS" start="2024-08-06T21:14:37.635581" elapsed="0.000161"/>
</kw>
<var name="${keyTwo}">username</var>
<status status="PASS" start="2024-08-06T21:14:37.634305" elapsed="0.001673"/>
</iter>
<iter>
<kw name="Dictionary Should Contain Key" owner="Collections">
<arg>${json_data['results'][0]['login']}</arg>
<arg>${keyTwo}</arg>
<doc>Fails if ``key`` is not found from ``dictionary``.</doc>
<status status="PASS" start="2024-08-06T21:14:37.636301" elapsed="0.000414"/>
</kw>
<kw name="Dictionary Should Contain Key" owner="Collections">
<arg>${json_data['results'][0]['login']}</arg>
<arg>${keyTwo}</arg>
<doc>Fails if ``key`` is not found from ``dictionary``.</doc>
<status status="PASS" start="2024-08-06T21:14:37.636896" elapsed="0.000377"/>
</kw>
<kw name="Log" owner="BuiltIn">
<msg time="2024-08-06T21:14:37.637571" level="INFO">password</msg>
<arg>${keyTwo}</arg>
<doc>Logs the given message with the given level.</doc>
<status status="PASS" start="2024-08-06T21:14:37.637451" elapsed="0.000158"/>
</kw>
<var name="${keyTwo}">password</var>
<status status="PASS" start="2024-08-06T21:14:37.636157" elapsed="0.001689"/>
</iter>
<var>${keyTwo}</var>
<value>@{expected_keysTwo}</value>
<status status="PASS" start="2024-08-06T21:14:37.634131" elapsed="0.003842"/>
</for>
<status status="PASS" start="2024-08-06T21:14:37.526377" elapsed="0.111753"/>
</kw>
<doc>Testa a estrutura da resposta da API.</doc>
<tag>testeEstruturaResposta</tag>
<status status="PASS" start="2024-08-06T21:14:37.525698" elapsed="0.112602"/>
</test>
<test id="s1-s1-t4" name="Validar tipos de dados" line="28">
<kw name="Teste de Tipos de Dados" owner="random-user-service">
<kw name="GET On Session" owner="RequestsLibrary">
<msg time="2024-08-06T21:14:37.714736" level="INFO">GET Request : url=https://randomuser.me/api 
 path_url=/api 
 headers={'User-Agent': 'python-requests/2.32.3', 'Accept-Encoding': 'gzip, deflate', 'Accept': '*/*', 'Connection': 'keep-alive'} 
 body=None 
 </msg>
<msg time="2024-08-06T21:14:37.714863" level="INFO">GET Response : url=https://randomuser.me/api 
 status=200, reason=OK 
 headers={'Date': 'Tue, 06 Aug 2024 21:14:37 GMT', 'Content-Type': 'application/json; charset=utf-8', 'Transfer-Encoding': 'chunked', 'Connection': 'keep-alive', 'X-Powered-By': 'Express', 'Access-Control-Allow-Origin': '*', 'Cache-Control': 'no-cache', 'ETag': 'W/"4af-AUx8wEUJPs3zSK3zVDebgZkcImo"', 'Vary': 'Accept-Encoding', 'Content-Encoding': 'gzip', 'CF-Cache-Status': 'DYNAMIC', 'Report-To': '{"endpoints":[{"url":"https:\\/\\/a.nel.cloudflare.com\\/report\\/v4?s=WSs2FvMC4g8JLn%2F2TowjJo3OxYsJaODUi9bbMjkihSKPHHhRA7%2B%2B9qWo61u9EbFhntMy%2F4ii3kMkO7UkX6el0gusWvYZW%2F8IXfZG%2Bm4evaawmE%2BL4RGSXJmthqwIzYW1"}],"group":"cf-nel","max_age":604800}', 'NEL': '{"success_fraction":0,"report_to":"cf-nel","max_age":604800}', 'Server': 'cloudflare', 'CF-RAY': '8af209a14e6d205a-IAD', 'alt-svc': 'h3=":443"; ma=86400'} 
 body={"results":[{"gender":"female","name":{"title":"Miss","first":"Scarlett","last":"Little"},"location":{"street":{"number":4526,"name":"Mill Road"},"city":"Cardiff","state":"North Yorkshire","country":"United Kingdom","postcode":"G29 9GX","coordinates":{"latitude":"-12.6049","longitude":"83.3878"},"timezone":{"offset":"+11:00","description":"Magadan, Solomon Islands, New Caledonia"}},"email":"scarlett.little@example.com","login":{"uuid":"d83f772a-5fd5-41c1-bfeb-76ae24832f64","username":"sadladybug463","password":"unknown","salt":"02veVg70","md5":"4093f42c6e6cc877ac87204e7b989567","sha1":"65cf9a99d0f381401e999a3f37783881ae4ccdbd","sha256":"b81b8dba27ba91dffe96fc253cccacb5266eb32ec123c777643260674f062af0"},"dob":{"date":"1983-01-01T07:59:13.906Z","age":41},"registered":{"date":"2020-09-25T06:46:22.704Z","age":3},"phone":"016973 54332","cell":"07308 528718","id":{"name":"NINO","value":"LR 75 27 93 H"},"picture":{"large":"https://randomuser.me/api/portraits/women/13.jpg","medium":"https://randomuser.me/api/portraits/med/women/13.jpg","thumbnail":"https://randomuser.me/api/portraits/thumb/women/13.jpg"},"nat":"GB"}],"info":{"seed":"e54b0d81b5e9fa79","results":1,"page":1,"version":"1.4"}} 
 </msg>
<msg time="2024-08-06T21:14:37.714947" level="INFO">/opt/hostedtoolcache/Python/3.12.4/x64/lib/python3.12/site-packages/urllib3/connectionpool.py:1099: InsecureRequestWarning: Unverified HTTPS request is being made to host 'randomuser.me'. Adding certificate verification is strongly advised. See: https://urllib3.readthedocs.io/en/latest/advanced-usage.html#tls-warnings
  warnings.warn(</msg>
<msg time="2024-08-06T21:14:37.715097" level="INFO">${response} = &lt;Response [200]&gt;</msg>
<var>${response}</var>
<arg>consultarAPI</arg>
<arg>/api</arg>
<doc>Sends a GET request on a previously created HTTP Session.</doc>
<status status="PASS" start="2024-08-06T21:14:37.641034" elapsed="0.074090"/>
</kw>
<kw name="Set Variable" owner="BuiltIn">
<msg time="2024-08-06T21:14:37.716395" level="INFO">${json_data} = {'results': [{'gender': 'female', 'name': {'title': 'Miss', 'first': 'Scarlett', 'last': 'Little'}, 'location': {'street': {'number': 4526, 'name': 'Mill Road'}, 'city': 'Cardiff', 'state': 'North Yor...</msg>
<var>${json_data}</var>
<arg>${response.json()}</arg>
<doc>Returns the given values which can then be assigned to a variables.</doc>
<status status="PASS" start="2024-08-06T21:14:37.715775" elapsed="0.000649"/>
</kw>
<kw name="Log" owner="BuiltIn">
<msg time="2024-08-06T21:14:37.716904" level="INFO">{'results': [{'gender': 'female', 'name': {'title': 'Miss', 'first': 'Scarlett', 'last': 'Little'}, 'location': {'street': {'number': 4526, 'name': 'Mill Road'}, 'city': 'Cardiff', 'state': 'North Yorkshire', 'country': 'United Kingdom', 'postcode': 'G29 9GX', 'coordinates': {'latitude': '-12.6049', 'longitude': '83.3878'}, 'timezone': {'offset': '+11:00', 'description': 'Magadan, Solomon Islands, New Caledonia'}}, 'email': 'scarlett.little@example.com', 'login': {'uuid': 'd83f772a-5fd5-41c1-bfeb-76ae24832f64', 'username': 'sadladybug463', 'password': 'unknown', 'salt': '02veVg70', 'md5': '4093f42c6e6cc877ac87204e7b989567', 'sha1': '65cf9a99d0f381401e999a3f37783881ae4ccdbd', 'sha256': 'b81b8dba27ba91dffe96fc253cccacb5266eb32ec123c777643260674f062af0'}, 'dob': {'date': '1983-01-01T07:59:13.906Z', 'age': 41}, 'registered': {'date': '2020-09-25T06:46:22.704Z', 'age': 3}, 'phone': '016973 54332', 'cell': '07308 528718', 'id': {'name': 'NINO', 'value': 'LR 75 27 93 H'}, 'picture': {'large': 'https://randomuser.me/api/portraits/women/13.jpg', 'medium': 'https://randomuser.me/api/portraits/med/women/13.jpg', 'thumbnail': 'https://randomuser.me/api/portraits/thumb/women/13.jpg'}, 'nat': 'GB'}], 'info': {'seed': 'e54b0d81b5e9fa79', 'results': 1, 'page': 1, 'version': '1.4'}}</msg>
<arg>${json_data}</arg>
<doc>Logs the given message with the given level.</doc>
<status status="PASS" start="2024-08-06T21:14:37.716743" elapsed="0.000209"/>
</kw>
<kw name="Should Be String" owner="String">
<arg>${json_data['results'][0]['gender']}</arg>
<doc>Fails if the given ``item`` is not a string.</doc>
<status status="PASS" start="2024-08-06T21:14:37.717247" elapsed="0.000382"/>
</kw>
<kw name="Should Match Regexp" owner="BuiltIn">
<arg>${json_data['results'][0]['email']}</arg>
<arg>^[a-zA-Z0-9._%+-]+@[a-zA-Z0-9.-]+\.[a-zA-Z]{2,}$</arg>
<doc>Fails if ``string`` does not match ``pattern`` as a regular expression.</doc>
<status status="PASS" start="2024-08-06T21:14:37.717823" elapsed="0.000553"/>
</kw>
<kw name="Should Match Regexp" owner="BuiltIn">
<arg>${json_data['results'][0]['dob']['date']}</arg>
<arg>\\d{4}-\\d{2}-\\d{2}T\\d{2}:\\d{2}:\\d{2}\\.\\d{3}Z</arg>
<doc>Fails if ``string`` does not match ``pattern`` as a regular expression.</doc>
<status status="PASS" start="2024-08-06T21:14:37.718624" elapsed="0.000690"/>
</kw>
<kw name="Should Match Regexp" owner="BuiltIn">
<arg>${json_data['results'][0]['registered']['date']}</arg>
<arg>\\d{4}-\\d{2}-\\d{2}T\\d{2}:\\d{2}:\\d{2}\\.\\d{3}Z</arg>
<doc>Fails if ``string`` does not match ``pattern`` as a regular expression.</doc>
<status status="PASS" start="2024-08-06T21:14:37.719509" elapsed="0.000375"/>
</kw>
<kw name="Should Match Regexp" owner="BuiltIn">
<arg>${json_data['results'][0]['picture']['large']}</arg>
<arg>^https?://.*\.(?:png|jpe?g|gif|bmp)$</arg>
<doc>Fails if ``string`` does not match ``pattern`` as a regular expression.</doc>
<status status="PASS" start="2024-08-06T21:14:37.720073" elapsed="0.000509"/>
</kw>
<kw name="Should Match Regexp" owner="BuiltIn">
<arg>${json_data['results'][0]['picture']['medium']}</arg>
<arg>^https?://.*\.(?:png|jpe?g|gif|bmp)$</arg>
<doc>Fails if ``string`` does not match ``pattern`` as a regular expression.</doc>
<status status="PASS" start="2024-08-06T21:14:37.720776" elapsed="0.000363"/>
</kw>
<kw name="Should Match Regexp" owner="BuiltIn">
<arg>${json_data['results'][0]['picture']['thumbnail']}</arg>
<arg>^https?://.*\.(?:png|jpe?g|gif|bmp)$</arg>
<doc>Fails if ``string`` does not match ``pattern`` as a regular expression.</doc>
<status status="PASS" start="2024-08-06T21:14:37.721336" elapsed="0.000358"/>
</kw>
<kw name="Log" owner="BuiltIn">
<msg time="2024-08-06T21:14:37.722204" level="INFO">{'large': 'https://randomuser.me/api/portraits/women/13.jpg', 'medium': 'https://randomuser.me/api/portraits/med/women/13.jpg', 'thumbnail': 'https://randomuser.me/api/portraits/thumb/women/13.jpg'}</msg>
<arg>${json_data['results'][0]['picture']}</arg>
<doc>Logs the given message with the given level.</doc>
<status status="PASS" start="2024-08-06T21:14:37.721877" elapsed="0.000371"/>
</kw>
<status status="PASS" start="2024-08-06T21:14:37.640767" elapsed="0.081750"/>
</kw>
<kw name="Teste de Tipos de Dados - Postcode" owner="random-user-service">
<kw name="GET On Session" owner="RequestsLibrary">
<msg time="2024-08-06T21:14:37.815430" level="INFO">GET Request : url=https://randomuser.me/api 
 path_url=/api 
 headers={'User-Agent': 'python-requests/2.32.3', 'Accept-Encoding': 'gzip, deflate', 'Accept': '*/*', 'Connection': 'keep-alive'} 
 body=None 
 </msg>
<msg time="2024-08-06T21:14:37.815612" level="INFO">GET Response : url=https://randomuser.me/api 
 status=200, reason=OK 
 headers={'Date': 'Tue, 06 Aug 2024 21:14:37 GMT', 'Content-Type': 'application/json; charset=utf-8', 'Transfer-Encoding': 'chunked', 'Connection': 'keep-alive', 'X-Powered-By': 'Express', 'Access-Control-Allow-Origin': '*', 'Cache-Control': 'no-cache', 'ETag': 'W/"48b-fxH8mAgjozwivhnlzxHrY6mccnI"', 'Vary': 'Accept-Encoding', 'Content-Encoding': 'gzip', 'CF-Cache-Status': 'DYNAMIC', 'Report-To': '{"endpoints":[{"url":"https:\\/\\/a.nel.cloudflare.com\\/report\\/v4?s=H1feX3HqyWecf94amwLNOosLu9OCOK18NA04iyUUz%2Bb89aFWO3eqcig7FbBVTtMaIStP7BFMTvZToN8VEAPv4E6KpDPSUElP68nXog1J%2B4P1O1zqM29JmZO2JHtJ9iEx"}],"group":"cf-nel","max_age":604800}', 'NEL': '{"success_fraction":0,"report_to":"cf-nel","max_age":604800}', 'Server': 'cloudflare', 'CF-RAY': '8af209a1cf04205a-IAD', 'alt-svc': 'h3=":443"; ma=86400'} 
 body={"results":[{"gender":"male","name":{"title":"Mr","first":"Novak","last":"Silić"},"location":{"street":{"number":9622,"name":"Dobrivoja Jovanovića"},"city":"Zvečan","state":"North Bačka","country":"Serbia","postcode":70748,"coordinates":{"latitude":"55.9586","longitude":"-44.5707"},"timezone":{"offset":"-7:00","description":"Mountain Time (US &amp; Canada)"}},"email":"novak.silic@example.com","login":{"uuid":"9b3f2f7a-8f8b-49af-8c68-b339605c0f20","username":"happyleopard740","password":"shibby","salt":"H7HUKP8b","md5":"d7a4235e4fa66721afae51ee49b809d9","sha1":"baef55f9d81f92f738ee3374dfa2cfbce7c37af5","sha256":"5ae2117a4ccc2b7acade880f2398b02b7b5df1ffb507b0759b9979eb9bf8a339"},"dob":{"date":"1955-12-08T23:32:58.759Z","age":68},"registered":{"date":"2006-10-03T01:37:15.719Z","age":17},"phone":"020-3709-102","cell":"067-0904-653","id":{"name":"SID","value":"782272318"},"picture":{"large":"https://randomuser.me/api/portraits/men/56.jpg","medium":"https://randomuser.me/api/portraits/med/men/56.jpg","thumbnail":"https://randomuser.me/api/portraits/thumb/men/56.jpg"},"nat":"RS"}],"info":{"seed":"6a29427ea0c4fb81","results":1,"page":1,"version":"1.4"}} 
 </msg>
<msg time="2024-08-06T21:14:37.815749" level="INFO">/opt/hostedtoolcache/Python/3.12.4/x64/lib/python3.12/site-packages/urllib3/connectionpool.py:1099: InsecureRequestWarning: Unverified HTTPS request is being made to host 'randomuser.me'. Adding certificate verification is strongly advised. See: https://urllib3.readthedocs.io/en/latest/advanced-usage.html#tls-warnings
  warnings.warn(</msg>
<msg time="2024-08-06T21:14:37.815981" level="INFO">${response} = &lt;Response [200]&gt;</msg>
<var>${response}</var>
<arg>consultarAPI</arg>
<arg>/api</arg>
<doc>Sends a GET request on a previously created HTTP Session.</doc>
<status status="PASS" start="2024-08-06T21:14:37.723004" elapsed="0.093033"/>
</kw>
<kw name="Set Variable" owner="BuiltIn">
<msg time="2024-08-06T21:14:37.818120" level="INFO">${json_data} = {'results': [{'gender': 'male', 'name': {'title': 'Mr', 'first': 'Novak', 'last': 'Silić'}, 'location': {'street': {'number': 9622, 'name': 'Dobrivoja Jovanovića'}, 'city': 'Zvečan', 'state': 'North B...</msg>
<var>${json_data}</var>
<arg>${response.json()}</arg>
<doc>Returns the given values which can then be assigned to a variables.</doc>
<status status="PASS" start="2024-08-06T21:14:37.817093" elapsed="0.001086"/>
</kw>
<kw name="Log" owner="BuiltIn">
<msg time="2024-08-06T21:14:37.819114" level="INFO">{'results': [{'gender': 'male', 'name': {'title': 'Mr', 'first': 'Novak', 'last': 'Silić'}, 'location': {'street': {'number': 9622, 'name': 'Dobrivoja Jovanovića'}, 'city': 'Zvečan', 'state': 'North Bačka', 'country': 'Serbia', 'postcode': 70748, 'coordinates': {'latitude': '55.9586', 'longitude': '-44.5707'}, 'timezone': {'offset': '-7:00', 'description': 'Mountain Time (US &amp; Canada)'}}, 'email': 'novak.silic@example.com', 'login': {'uuid': '9b3f2f7a-8f8b-49af-8c68-b339605c0f20', 'username': 'happyleopard740', 'password': 'shibby', 'salt': 'H7HUKP8b', 'md5': 'd7a4235e4fa66721afae51ee49b809d9', 'sha1': 'baef55f9d81f92f738ee3374dfa2cfbce7c37af5', 'sha256': '5ae2117a4ccc2b7acade880f2398b02b7b5df1ffb507b0759b9979eb9bf8a339'}, 'dob': {'date': '1955-12-08T23:32:58.759Z', 'age': 68}, 'registered': {'date': '2006-10-03T01:37:15.719Z', 'age': 17}, 'phone': '020-3709-102', 'cell': '067-0904-653', 'id': {'name': 'SID', 'value': '782272318'}, 'picture': {'large': 'https://randomuser.me/api/portraits/men/56.jpg', 'medium': 'https://randomuser.me/api/portraits/med/men/56.jpg', 'thumbnail': 'https://randomuser.me/api/portraits/thumb/men/56.jpg'}, 'nat': 'RS'}], 'info': {'seed': '6a29427ea0c4fb81', 'results': 1, 'page': 1, 'version': '1.4'}}</msg>
<arg>${json_data}</arg>
<doc>Logs the given message with the given level.</doc>
<status status="PASS" start="2024-08-06T21:14:37.818838" elapsed="0.000365"/>
</kw>
<kw name="Should Be Equal As Numbers" owner="BuiltIn">
<arg>${json_data['results'][0]['location']['postcode']}</arg>
<arg>${json_data['results'][0]['location']['postcode']}</arg>
<doc>Fails if objects are unequal after converting them to real numbers.</doc>
<status status="PASS" start="2024-08-06T21:14:37.819686" elapsed="0.001054"/>
</kw>
<kw name="Log" owner="BuiltIn">
<msg time="2024-08-06T21:14:37.821588" level="INFO">70748</msg>
<arg>${json_data['results'][0]['location']['postcode']}</arg>
<doc>Logs the given message with the given level.</doc>
<status status="PASS" start="2024-08-06T21:14:37.821040" elapsed="0.000615"/>
</kw>
<status status="PASS" start="2024-08-06T21:14:37.722762" elapsed="0.099360"/>
</kw>
<doc>Testa se os tipos de dados na resposta da API estão corretos.</doc>
<tag>testeTiposDados</tag>
<status status="PASS" start="2024-08-06T21:14:37.640100" elapsed="0.182300"/>
</test>
<test id="s1-s1-t5" name="Validar conteudo" line="35">
<kw name="Teste de Tipos de Conteudo" owner="random-user-service">
<kw name="GET On Session" owner="RequestsLibrary">
<msg time="2024-08-06T21:14:37.920320" level="INFO">GET Request : url=https://randomuser.me/api 
 path_url=/api 
 headers={'User-Agent': 'python-requests/2.32.3', 'Accept-Encoding': 'gzip, deflate', 'Accept': '*/*', 'Connection': 'keep-alive'} 
 body=None 
 </msg>
<msg time="2024-08-06T21:14:37.920450" level="INFO">GET Response : url=https://randomuser.me/api 
 status=200, reason=OK 
 headers={'Date': 'Tue, 06 Aug 2024 21:14:37 GMT', 'Content-Type': 'application/json; charset=utf-8', 'Transfer-Encoding': 'chunked', 'Connection': 'keep-alive', 'X-Powered-By': 'Express', 'Access-Control-Allow-Origin': '*', 'Cache-Control': 'no-cache', 'ETag': 'W/"48f-nZMZN6FAyF9aoP5J87kQo9xFimY"', 'Vary': 'Accept-Encoding', 'Content-Encoding': 'gzip', 'CF-Cache-Status': 'DYNAMIC', 'Report-To': '{"endpoints":[{"url":"https:\\/\\/a.nel.cloudflare.com\\/report\\/v4?s=xv1phWENUNyOKqDlQ6Z6MMoHzYu52YINKcRz4c7fgt%2BpRVx9b7Lz1gZs9bzfJFb90Q1W3y63sI3ajTTlITCF0tR3mFryGBhSLQ1PSxogEvo3hmyCx0MZFjNiOODsaX9Y"}],"group":"cf-nel","max_age":604800}', 'NEL': '{"success_fraction":0,"report_to":"cf-nel","max_age":604800}', 'Server': 'cloudflare', 'CF-RAY': '8af209a27fe6205a-IAD', 'alt-svc': 'h3=":443"; ma=86400'} 
 body={"results":[{"gender":"female","name":{"title":"Ms","first":"Lillian","last":"Vevle"},"location":{"street":{"number":7106,"name":"Persbråtan"},"city":"Kinsarvik","state":"Troms - Romsa","country":"Norway","postcode":"4018","coordinates":{"latitude":"39.2792","longitude":"58.1237"},"timezone":{"offset":"+1:00","description":"Brussels, Copenhagen, Madrid, Paris"}},"email":"lillian.vevle@example.com","login":{"uuid":"8ed7ba5d-ef02-4d31-b25e-a968f8de8480","username":"tinyostrich648","password":"exotic","salt":"0dlZogRk","md5":"dac0074bf4880435bb8306a5fca3ae71","sha1":"c8471cedea85b7d3bc75f44f18b8634032c7b22c","sha256":"ee59358603309ff65b969bdb51b7af57b4950db84f68016da32df5d482a9fdbb"},"dob":{"date":"1968-08-03T03:37:56.102Z","age":56},"registered":{"date":"2012-05-19T22:40:52.686Z","age":12},"phone":"68852505","cell":"43478495","id":{"name":"FN","value":"03086826002"},"picture":{"large":"https://randomuser.me/api/portraits/women/93.jpg","medium":"https://randomuser.me/api/portraits/med/women/93.jpg","thumbnail":"https://randomuser.me/api/portraits/thumb/women/93.jpg"},"nat":"NO"}],"info":{"seed":"56292c2b4ab82cb2","results":1,"page":1,"version":"1.4"}} 
 </msg>
<msg time="2024-08-06T21:14:37.920548" level="INFO">/opt/hostedtoolcache/Python/3.12.4/x64/lib/python3.12/site-packages/urllib3/connectionpool.py:1099: InsecureRequestWarning: Unverified HTTPS request is being made to host 'randomuser.me'. Adding certificate verification is strongly advised. See: https://urllib3.readthedocs.io/en/latest/advanced-usage.html#tls-warnings
  warnings.warn(</msg>
<msg time="2024-08-06T21:14:37.920695" level="INFO">${response} = &lt;Response [200]&gt;</msg>
<var>${response}</var>
<arg>consultarAPI</arg>
<arg>/api</arg>
<doc>Sends a GET request on a previously created HTTP Session.</doc>
<status status="PASS" start="2024-08-06T21:14:37.826568" elapsed="0.094157"/>
</kw>
<kw name="Set Variable" owner="BuiltIn">
<msg time="2024-08-06T21:14:37.921992" level="INFO">${json_data} = {'results': [{'gender': 'female', 'name': {'title': 'Ms', 'first': 'Lillian', 'last': 'Vevle'}, 'location': {'street': {'number': 7106, 'name': 'Persbråtan'}, 'city': 'Kinsarvik', 'state': 'Troms - Ro...</msg>
<var>${json_data}</var>
<arg>${response.json()}</arg>
<doc>Returns the given values which can then be assigned to a variables.</doc>
<status status="PASS" start="2024-08-06T21:14:37.921376" elapsed="0.000648"/>
</kw>
<kw name="Set Variable" owner="BuiltIn">
<msg time="2024-08-06T21:14:37.922751" level="INFO">${name_title} = Ms</msg>
<var>${name_title}</var>
<arg>${json_data["results"][0]["name"]["title"]}</arg>
<doc>Returns the given values which can then be assigned to a variables.</doc>
<status status="PASS" start="2024-08-06T21:14:37.922346" elapsed="0.000432"/>
</kw>
<kw name="Create List" owner="BuiltIn">
<msg time="2024-08-06T21:14:37.923238" level="INFO">${allowed_titles} = ['Mr', 'Ms', 'Miss', 'Mrs', 'Madame', 'Monsieur']</msg>
<var>${allowed_titles}</var>
<arg>Mr</arg>
<arg>Ms</arg>
<arg>Miss</arg>
<arg>Mrs</arg>
<arg>Madame</arg>
<arg>Monsieur</arg>
<doc>Returns a list containing given items.</doc>
<status status="PASS" start="2024-08-06T21:14:37.923084" elapsed="0.000179"/>
</kw>
<kw name="List Should Contain Value" owner="Collections">
<arg>${allowed_titles}</arg>
<arg>${name_title}</arg>
<doc>Fails if the ``value`` is not found from ``list``.</doc>
<status status="PASS" start="2024-08-06T21:14:37.923571" elapsed="0.000196"/>
</kw>
<kw name="Set Variable" owner="BuiltIn">
<msg time="2024-08-06T21:14:37.924417" level="INFO">${name_country} = NO</msg>
<var>${name_country}</var>
<arg>${json_data["results"][0]["nat"]}</arg>
<doc>Returns the given values which can then be assigned to a variables.</doc>
<status status="PASS" start="2024-08-06T21:14:37.923958" elapsed="0.000485"/>
</kw>
<kw name="Create List" owner="BuiltIn">
<msg time="2024-08-06T21:14:37.925335" level="INFO">${list_country} = ['AD', 'AE', 'AF', 'AG', 'AI', 'AL', 'AM', 'AO', 'AQ', 'AR', 'AS', 'AT', 'AU', 'AW', 'AX', 'AZ', 'BA', 'BB', 'BD', 'BE', 'BF', 'BG', 'BH', 'BI', 'BJ', 'BL', 'BM', 'BN', 'BO', 'BQ', 'BR', 'BS', 'BT', '...</msg>
<var>${list_country}</var>
<arg>AD</arg>
<arg>AE</arg>
<arg>AF</arg>
<arg>AG</arg>
<arg>AI</arg>
<arg>AL</arg>
<arg>AM</arg>
<arg>AO</arg>
<arg>AQ</arg>
<arg>AR</arg>
<arg>AS</arg>
<arg>AT</arg>
<arg>AU</arg>
<arg>AW</arg>
<arg>AX</arg>
<arg>AZ</arg>
<arg>BA</arg>
<arg>BB</arg>
<arg>BD</arg>
<arg>BE</arg>
<arg>BF</arg>
<arg>BG</arg>
<arg>BH</arg>
<arg>BI</arg>
<arg>BJ</arg>
<arg>BL</arg>
<arg>BM</arg>
<arg>BN</arg>
<arg>BO</arg>
<arg>BQ</arg>
<arg>BR</arg>
<arg>BS</arg>
<arg>BT</arg>
<arg>BV</arg>
<arg>BW</arg>
<arg>BY</arg>
<arg>BZ</arg>
<arg>CA</arg>
<arg>CC</arg>
<arg>CD</arg>
<arg>CF</arg>
<arg>CG</arg>
<arg>CH</arg>
<arg>CI</arg>
<arg>CK</arg>
<arg>CL</arg>
<arg>CM</arg>
<arg>CN</arg>
<arg>CO</arg>
<arg>CR</arg>
<arg>CU</arg>
<arg>CV</arg>
<arg>CW</arg>
<arg>CX</arg>
<arg>CY</arg>
<arg>CZ</arg>
<arg>DE</arg>
<arg>DJ</arg>
<arg>DK</arg>
<arg>DM</arg>
<arg>DO</arg>
<arg>DZ</arg>
<arg>EC</arg>
<arg>EE</arg>
<arg>EG</arg>
<arg>EH</arg>
<arg>ER</arg>
<arg>ES</arg>
<arg>ET</arg>
<arg>FI</arg>
<arg>FJ</arg>
<arg>FK</arg>
<arg>FM</arg>
<arg>FO</arg>
<arg>FR</arg>
<arg>GA</arg>
<arg>GB</arg>
<arg>GD</arg>
<arg>GE</arg>
<arg>GF</arg>
<arg>GG</arg>
<arg>GH</arg>
<arg>GI</arg>
<arg>GL</arg>
<arg>GM</arg>
<arg>GN</arg>
<arg>GP</arg>
<arg>GQ</arg>
<arg>GR</arg>
<arg>GS</arg>
<arg>GT</arg>
<arg>GU</arg>
<arg>GW</arg>
<arg>GY</arg>
<arg>HK</arg>
<arg>HM</arg>
<arg>HN</arg>
<arg>HR</arg>
<arg>HT</arg>
<arg>HU</arg>
<arg>ID</arg>
<arg>IE</arg>
<arg>IL</arg>
<arg>IM</arg>
<arg>IN</arg>
<arg>IO</arg>
<arg>IQ</arg>
<arg>IR</arg>
<arg>IS</arg>
<arg>IT</arg>
<arg>JE</arg>
<arg>JM</arg>
<arg>JO</arg>
<arg>JP</arg>
<arg>KE</arg>
<arg>KG</arg>
<arg>KH</arg>
<arg>KI</arg>
<arg>KM</arg>
<arg>KN</arg>
<arg>KP</arg>
<arg>KR</arg>
<arg>KW</arg>
<arg>KY</arg>
<arg>KZ</arg>
<arg>LA</arg>
<arg>LB</arg>
<arg>LC</arg>
<arg>LI</arg>
<arg>LK</arg>
<arg>LR</arg>
<arg>LS</arg>
<arg>LT</arg>
<arg>LU</arg>
<arg>LV</arg>
<arg>LY</arg>
<arg>MA</arg>
<arg>MC</arg>
<arg>MD</arg>
<arg>ME</arg>
<arg>MF</arg>
<arg>MG</arg>
<arg>MH</arg>
<arg>MK</arg>
<arg>ML</arg>
<arg>MM</arg>
<arg>MN</arg>
<arg>MO</arg>
<arg>MP</arg>
<arg>MQ</arg>
<arg>MR</arg>
<arg>MS</arg>
<arg>MT</arg>
<arg>MU</arg>
<arg>MV</arg>
<arg>MW</arg>
<arg>MX</arg>
<arg>MY</arg>
<arg>MZ</arg>
<arg>NA</arg>
<arg>NC</arg>
<arg>NE</arg>
<arg>NF</arg>
<arg>NG</arg>
<arg>NI</arg>
<arg>NL</arg>
<arg>NO</arg>
<arg>NP</arg>
<arg>NR</arg>
<arg>NU</arg>
<arg>NZ</arg>
<arg>OM</arg>
<arg>PA</arg>
<arg>PE</arg>
<arg>PF</arg>
<arg>PG</arg>
<arg>PH</arg>
<arg>PK</arg>
<arg>PL</arg>
<arg>PM</arg>
<arg>PN</arg>
<arg>PR</arg>
<arg>PS</arg>
<arg>PT</arg>
<arg>PW</arg>
<arg>PY</arg>
<arg>QA</arg>
<arg>RE</arg>
<arg>RO</arg>
<arg>RS</arg>
<arg>RU</arg>
<arg>RW</arg>
<arg>SA</arg>
<arg>SB</arg>
<arg>SC</arg>
<arg>SD</arg>
<arg>SE</arg>
<arg>SG</arg>
<arg>SH</arg>
<arg>SI</arg>
<arg>SJ</arg>
<arg>SK</arg>
<arg>SL</arg>
<arg>SM</arg>
<arg>SN</arg>
<arg>SO</arg>
<arg>SR</arg>
<arg>SS</arg>
<arg>ST</arg>
<arg>SV</arg>
<arg>SX</arg>
<arg>SY</arg>
<arg>SZ</arg>
<arg>TC</arg>
<arg>TD</arg>
<arg>TF</arg>
<arg>TG</arg>
<arg>TH</arg>
<arg>TJ</arg>
<arg>TK</arg>
<arg>TL</arg>
<arg>TM</arg>
<arg>TN</arg>
<arg>TO</arg>
<arg>TR</arg>
<arg>TT</arg>
<arg>TV</arg>
<arg>TW</arg>
<arg>TZ</arg>
<arg>UA</arg>
<arg>UG</arg>
<arg>UM</arg>
<arg>US</arg>
<arg>UY</arg>
<arg>UZ</arg>
<arg>VA</arg>
<arg>VC</arg>
<arg>VE</arg>
<arg>VG</arg>
<arg>VI</arg>
<arg>VN</arg>
<arg>VU</arg>
<arg>WF</arg>
<arg>WS</arg>
<arg>XK</arg>
<arg>YE</arg>
<arg>YT</arg>
<arg>ZA</arg>
<arg>ZM</arg>
<arg>ZW</arg>
<doc>Returns a list containing given items.</doc>
<status status="PASS" start="2024-08-06T21:14:37.924740" elapsed="0.000622"/>
</kw>
<kw name="List Should Contain Value" owner="Collections">
<arg>${list_country}</arg>
<arg>${name_country}</arg>
<doc>Fails if the ``value`` is not found from ``list``.</doc>
<status status="PASS" start="2024-08-06T21:14:37.926408" elapsed="0.000216"/>
</kw>
<kw name="Run Keyword If" owner="BuiltIn">
<kw name="Should Be True" owner="BuiltIn">
<arg>${True}</arg>
<doc>Fails if the given condition is not true.</doc>
<status status="PASS" start="2024-08-06T21:14:37.927607" elapsed="0.000147"/>
</kw>
<arg>${json_data["results"][0]["location"]["coordinates"]["latitude"]} &gt;= -90 and ${json_data["results"][0]["location"]["coordinates"]["latitude"]} &lt;= 90</arg>
<arg>Should Be True</arg>
<arg>${True}</arg>
<doc>Runs the given keyword with the given arguments, if ``condition`` is true.</doc>
<status status="PASS" start="2024-08-06T21:14:37.926832" elapsed="0.001051"/>
</kw>
<kw name="Run Keyword If" owner="BuiltIn">
<kw name="Should Be True" owner="BuiltIn">
<arg>${True}</arg>
<doc>Fails if the given condition is not true.</doc>
<status status="PASS" start="2024-08-06T21:14:37.928807" elapsed="0.000141"/>
</kw>
<arg>${json_data["results"][0]["location"]["coordinates"]["longitude"]} &gt;= -180 and ${json_data["results"][0]["location"]["coordinates"]["longitude"]} &lt;= 180</arg>
<arg>Should Be True</arg>
<arg>${True}</arg>
<doc>Runs the given keyword with the given arguments, if ``condition`` is true.</doc>
<status status="PASS" start="2024-08-06T21:14:37.928066" elapsed="0.001007"/>
</kw>
<status status="PASS" start="2024-08-06T21:14:37.826213" elapsed="0.102999"/>
</kw>
<doc>Testa o conteúdo específico dos campos retornados pela API.</doc>
<tag>testeConteudo</tag>
<status status="PASS" start="2024-08-06T21:14:37.825455" elapsed="0.103931"/>
</test>
<status status="PASS" start="2024-08-06T21:14:36.899198" elapsed="1.032257"/>
</suite>
<status status="PASS" start="2024-08-06T21:14:36.883218" elapsed="1.053656"/>
</suite>
<statistics>
<total>
<stat pass="5" fail="0" skip="0">All Tests</stat>
</total>
<tag>
<stat pass="1" fail="0" skip="0">testeConteudo</stat>
<stat pass="1" fail="0" skip="0">testeEstruturaResposta</stat>
<stat pass="1" fail="0" skip="0">testeRequisicaoBasica</stat>
<stat pass="1" fail="0" skip="0">testeTiposDados</stat>
</tag>
<suite>
<stat pass="5" fail="0" skip="0" id="s1" name="Tests">Tests</stat>
<stat pass="5" fail="0" skip="0" id="s1-s1" name="Random-User-Test">Tests.Random-User-Test</stat>
</suite>
</statistics>
<errors>
</errors>
</robot>
