<?xml version="1.0" encoding="UTF-8"?>
<robot generator="Robot 7.0 (Python 3.12.2 on linux)" generated="2024-04-06T05:13:29.872658" rpa="false" schemaversion="5">
<suite id="s1" name="Tests" source="/home/runner/work/DesafioQAItauRogerioJordao/DesafioQAItauRogerioJordao/RamdonUser/tests">
<suite id="s1-s1" name="Random-User-Test" source="/home/runner/work/DesafioQAItauRogerioJordao/DesafioQAItauRogerioJordao/RamdonUser/tests/random-user-test.robot">
<test id="s1-s1-t1" name="Conectar" line="13">
<kw name="Conectar API" owner="random-user-service">
<kw name="Create Session" owner="RequestsLibrary">
<msg time="2024-04-06T05:13:30.233666" level="INFO">Creating Session using : alias=consultarAPI, url=https://randomuser.me/, headers={},                     cookies={}, auth=None, timeout=None, proxies=None, verify=False,                     debug=0 </msg>
<arg>consultarAPI</arg>
<arg>${URL}</arg>
<doc>Create Session: create a HTTP session to a server</doc>
<status status="PASS" start="2024-04-06T05:13:30.233453" elapsed="0.000390"/>
</kw>
<status status="PASS" start="2024-04-06T05:13:30.232346" elapsed="0.001886"/>
</kw>
<status status="PASS" start="2024-04-06T05:13:30.231713" elapsed="0.002729"/>
</test>
<test id="s1-s1-t2" name="Validar retorno 200 e JSON Válido" line="16">
<kw name="Teste de Requisicao Basica" owner="random-user-service">
<kw name="GET On Session" owner="RequestsLibrary">
<msg time="2024-04-06T05:13:30.454107" level="INFO">GET Request : url=https://randomuser.me/api 
 path_url=/api 
 headers={'User-Agent': 'python-requests/2.31.0', 'Accept-Encoding': 'gzip, deflate', 'Accept': '*/*', 'Connection': 'keep-alive'} 
 body=None 
 </msg>
<msg time="2024-04-06T05:13:30.454283" level="INFO">GET Response : url=https://randomuser.me/api 
 status=200, reason=OK 
 headers={'Date': 'Sat, 06 Apr 2024 05:13:30 GMT', 'Content-Type': 'application/json; charset=utf-8', 'Transfer-Encoding': 'chunked', 'Connection': 'keep-alive', 'X-Powered-By': 'Express', 'Access-Control-Allow-Origin': '*', 'Cache-Control': 'no-cache', 'ETag': 'W/"48e-HwsaK75Q3wK1Fni8lKcyevi5Jpo"', 'Vary': 'Accept-Encoding', 'Content-Encoding': 'gzip', 'CF-Cache-Status': 'DYNAMIC', 'Report-To': '{"endpoints":[{"url":"https:\\/\\/a.nel.cloudflare.com\\/report\\/v4?s=WXHIHrqlt1QPd%2Btoww6DQ9On1BpU57%2BFXA5CrOjXN6ACHuous7P64rv5BbFfRFy64hheY3Z5%2BRtMJyY9Gtgs3HVHNEYH4WD9ET8MmSpMcLRyKRHweUopgE8VN99E4ayA"}],"group":"cf-nel","max_age":604800}', 'NEL': '{"success_fraction":0,"report_to":"cf-nel","max_age":604800}', 'Server': 'cloudflare', 'CF-RAY': '86ff49fcdf1acf87-SJC', 'alt-svc': 'h3=":443"; ma=86400'} 
 body={"results":[{"gender":"male","name":{"title":"Mr","first":"Mauro","last":"Moreira"},"location":{"street":{"number":9511,"name":"Rua Pernambuco "},"city":"Caxias","state":"Ceará","country":"Brazil","postcode":60302,"coordinates":{"latitude":"-76.7788","longitude":"-146.2924"},"timezone":{"offset":"-3:00","description":"Brazil, Buenos Aires, Georgetown"}},"email":"mauro.moreira@example.com","login":{"uuid":"aa5f7338-aff8-4548-bfaa-5ef1d8b34bdb","username":"purplemouse395","password":"vanhalen","salt":"P97GurHn","md5":"def570d171e3390c9b181dd5f4952501","sha1":"12c23a7a70b38ef9930f1f6f0b64ed26ae7bf872","sha256":"b991780a936e11a26c04b886af7787f021011051df499d02c9b6c112e1697126"},"dob":{"date":"1996-05-16T00:41:09.955Z","age":27},"registered":{"date":"2021-07-30T14:12:01.675Z","age":2},"phone":"(85) 6227-8771","cell":"(69) 5617-2430","id":{"name":"CPF","value":"922.001.908-00"},"picture":{"large":"https://randomuser.me/api/portraits/men/7.jpg","medium":"https://randomuser.me/api/portraits/med/men/7.jpg","thumbnail":"https://randomuser.me/api/portraits/thumb/men/7.jpg"},"nat":"BR"}],"info":{"seed":"7ceebbfdd88009bc","results":1,"page":1,"version":"1.4"}} 
 </msg>
<msg time="2024-04-06T05:13:30.454411" level="INFO">/opt/hostedtoolcache/Python/3.12.2/x64/lib/python3.12/site-packages/urllib3/connectionpool.py:1103: InsecureRequestWarning: Unverified HTTPS request is being made to host 'randomuser.me'. Adding certificate verification is strongly advised. See: https://urllib3.readthedocs.io/en/latest/advanced-usage.html#tls-warnings
  warnings.warn(</msg>
<msg time="2024-04-06T05:13:30.454580" level="INFO">${response} = &lt;Response [200]&gt;</msg>
<var>${response}</var>
<arg>consultarAPI</arg>
<arg>/api</arg>
<doc>Sends a GET request on a previously created HTTP Session.</doc>
<status status="PASS" start="2024-04-06T05:13:30.237155" elapsed="0.217469"/>
</kw>
<kw name="Should Be Equal As Numbers" owner="BuiltIn">
<msg time="2024-04-06T05:13:30.455727" level="INFO">Argument types are:
&lt;class 'int'&gt;
&lt;class 'str'&gt;</msg>
<arg>${response.status_code}</arg>
<arg>200</arg>
<doc>Fails if objects are unequal after converting them to real numbers.</doc>
<status status="PASS" start="2024-04-06T05:13:30.455244" elapsed="0.000556"/>
</kw>
<kw name="Log" owner="BuiltIn">
<msg time="2024-04-06T05:13:30.456547" level="INFO">200</msg>
<arg>${response.status_code}</arg>
<doc>Logs the given message with the given level.</doc>
<status status="PASS" start="2024-04-06T05:13:30.456168" elapsed="0.000423"/>
</kw>
<kw name="Set Variable" owner="BuiltIn">
<msg time="2024-04-06T05:13:30.457461" level="INFO">${json_data} = {'results': [{'gender': 'male', 'name': {'title': 'Mr', 'first': 'Mauro', 'last': 'Moreira'}, 'location': {'street': {'number': 9511, 'name': 'Rua Pernambuco '}, 'city': 'Caxias', 'state': 'Ceará', 'c...</msg>
<var>${json_data}</var>
<arg>${response.json()}</arg>
<doc>Returns the given values which can then be assigned to a variables.</doc>
<status status="PASS" start="2024-04-06T05:13:30.456957" elapsed="0.000533"/>
</kw>
<kw name="Dictionary Should Contain Key" owner="Collections">
<msg time="2024-04-06T05:13:30.457987" level="INFO">False</msg>
<arg>${json_data}</arg>
<arg>results</arg>
<doc>Fails if ``key`` is not found from ``dictionary``.</doc>
<status status="PASS" start="2024-04-06T05:13:30.457811" elapsed="0.000216"/>
</kw>
<status status="PASS" start="2024-04-06T05:13:30.236894" elapsed="0.221413"/>
</kw>
<doc>Testa se a API responde corretamente e retorna um objeto JSON válido.</doc>
<tag>testeRequisicaoBasica</tag>
<status status="PASS" start="2024-04-06T05:13:30.236296" elapsed="0.222201"/>
</test>
<test id="s1-s1-t3" name="Validar estrutura de resposta" line="22">
<kw name="Teste de Estrutura de Resposta" owner="random-user-service">
<kw name="GET On Session" owner="RequestsLibrary">
<msg time="2024-04-06T05:13:30.554397" level="INFO">GET Request : url=https://randomuser.me/api 
 path_url=/api 
 headers={'User-Agent': 'python-requests/2.31.0', 'Accept-Encoding': 'gzip, deflate', 'Accept': '*/*', 'Connection': 'keep-alive'} 
 body=None 
 </msg>
<msg time="2024-04-06T05:13:30.554514" level="INFO">GET Response : url=https://randomuser.me/api 
 status=200, reason=OK 
 headers={'Date': 'Sat, 06 Apr 2024 05:13:30 GMT', 'Content-Type': 'application/json; charset=utf-8', 'Transfer-Encoding': 'chunked', 'Connection': 'keep-alive', 'X-Powered-By': 'Express', 'Access-Control-Allow-Origin': '*', 'Cache-Control': 'no-cache', 'ETag': 'W/"47c-2VqsM/eNtZl+uNkt6SSNVjY/bco"', 'Vary': 'Accept-Encoding', 'Content-Encoding': 'gzip', 'CF-Cache-Status': 'DYNAMIC', 'Report-To': '{"endpoints":[{"url":"https:\\/\\/a.nel.cloudflare.com\\/report\\/v4?s=df7%2Fj9wODZhwsLMOA1OBiAzySfGb3kj%2FNf90oTo6YCUSSAvtBPkE%2BGgrXQgWinMCEaYPT71nfH2bOgjSUR4uiTqyRrHq5Ye%2Fz6dnGHtKtjveVE6VFz8FMDXjRK34Er1E"}],"group":"cf-nel","max_age":604800}', 'NEL': '{"success_fraction":0,"report_to":"cf-nel","max_age":604800}', 'Server': 'cloudflare', 'CF-RAY': '86ff49fd6ffdcf87-SJC', 'alt-svc': 'h3=":443"; ma=86400'} 
 body={"results":[{"gender":"female","name":{"title":"Ms","first":"Celia","last":"Lugo"},"location":{"street":{"number":2041,"name":"Corredor Mayorga"},"city":"La Yerbabuena","state":"Yucatan","country":"Mexico","postcode":28591,"coordinates":{"latitude":"25.2370","longitude":"45.4334"},"timezone":{"offset":"-9:00","description":"Alaska"}},"email":"celia.lugo@example.com","login":{"uuid":"38f1387f-32ec-4ec3-b8ad-0553bd99d476","username":"smallbear420","password":"nnnnn","salt":"k4W4Xp7I","md5":"1d70e7ab44bd7636e6609facc7b5bfdb","sha1":"b71b92a86e78a930829d897d5009b11ec4b9d59b","sha256":"dfbed18daa61d2d793c42faa92fae98366ae4a8da82d2b8cd7a6d139c70ebdbc"},"dob":{"date":"1965-05-01T17:56:41.258Z","age":58},"registered":{"date":"2006-05-27T04:37:22.329Z","age":17},"phone":"(685) 683 4435","cell":"(625) 009 0436","id":{"name":"NSS","value":"01 91 50 2558 8"},"picture":{"large":"https://randomuser.me/api/portraits/women/67.jpg","medium":"https://randomuser.me/api/portraits/med/women/67.jpg","thumbnail":"https://randomuser.me/api/portraits/thumb/women/67.jpg"},"nat":"MX"}],"info":{"seed":"713185d62b8c8556","results":1,"page":1,"version":"1.4"}} 
 </msg>
<msg time="2024-04-06T05:13:30.554676" level="INFO">/opt/hostedtoolcache/Python/3.12.2/x64/lib/python3.12/site-packages/urllib3/connectionpool.py:1103: InsecureRequestWarning: Unverified HTTPS request is being made to host 'randomuser.me'. Adding certificate verification is strongly advised. See: https://urllib3.readthedocs.io/en/latest/advanced-usage.html#tls-warnings
  warnings.warn(</msg>
<msg time="2024-04-06T05:13:30.554828" level="INFO">${response} = &lt;Response [200]&gt;</msg>
<var>${response}</var>
<arg>consultarAPI</arg>
<arg>/api</arg>
<doc>Sends a GET request on a previously created HTTP Session.</doc>
<status status="PASS" start="2024-04-06T05:13:30.461471" elapsed="0.093400"/>
</kw>
<kw name="Set Variable" owner="BuiltIn">
<msg time="2024-04-06T05:13:30.556036" level="INFO">${json_data} = {'results': [{'gender': 'female', 'name': {'title': 'Ms', 'first': 'Celia', 'last': 'Lugo'}, 'location': {'street': {'number': 2041, 'name': 'Corredor Mayorga'}, 'city': 'La Yerbabuena', 'state': 'Yuc...</msg>
<var>${json_data}</var>
<arg>${response.json()}</arg>
<doc>Returns the given values which can then be assigned to a variables.</doc>
<status status="PASS" start="2024-04-06T05:13:30.555466" elapsed="0.000601"/>
</kw>
<kw name="Log" owner="BuiltIn">
<msg time="2024-04-06T05:13:30.556615" level="INFO">{'results': [{'gender': 'female', 'name': {'title': 'Ms', 'first': 'Celia', 'last': 'Lugo'}, 'location': {'street': {'number': 2041, 'name': 'Corredor Mayorga'}, 'city': 'La Yerbabuena', 'state': 'Yucatan', 'country': 'Mexico', 'postcode': 28591, 'coordinates': {'latitude': '25.2370', 'longitude': '45.4334'}, 'timezone': {'offset': '-9:00', 'description': 'Alaska'}}, 'email': 'celia.lugo@example.com', 'login': {'uuid': '38f1387f-32ec-4ec3-b8ad-0553bd99d476', 'username': 'smallbear420', 'password': 'nnnnn', 'salt': 'k4W4Xp7I', 'md5': '1d70e7ab44bd7636e6609facc7b5bfdb', 'sha1': 'b71b92a86e78a930829d897d5009b11ec4b9d59b', 'sha256': 'dfbed18daa61d2d793c42faa92fae98366ae4a8da82d2b8cd7a6d139c70ebdbc'}, 'dob': {'date': '1965-05-01T17:56:41.258Z', 'age': 58}, 'registered': {'date': '2006-05-27T04:37:22.329Z', 'age': 17}, 'phone': '(685) 683 4435', 'cell': '(625) 009 0436', 'id': {'name': 'NSS', 'value': '01 91 50 2558 8'}, 'picture': {'large': 'https://randomuser.me/api/portraits/women/67.jpg', 'medium': 'https://randomuser.me/api/portraits/med/women/67.jpg', 'thumbnail': 'https://randomuser.me/api/portraits/thumb/women/67.jpg'}, 'nat': 'MX'}], 'info': {'seed': '713185d62b8c8556', 'results': 1, 'page': 1, 'version': '1.4'}}</msg>
<arg>${json_data}</arg>
<doc>Logs the given message with the given level.</doc>
<status status="PASS" start="2024-04-06T05:13:30.556440" elapsed="0.000225"/>
</kw>
<kw name="Dictionary Should Contain Key" owner="Collections">
<msg time="2024-04-06T05:13:30.557142" level="INFO">False</msg>
<arg>${json_data}</arg>
<arg>results</arg>
<doc>Fails if ``key`` is not found from ``dictionary``.</doc>
<status status="PASS" start="2024-04-06T05:13:30.556976" elapsed="0.000204"/>
</kw>
<kw name="Should Not Be Empty" owner="BuiltIn">
<msg time="2024-04-06T05:13:30.557676" level="INFO">Length is 2.</msg>
<arg>${json_data}</arg>
<doc>Verifies that the given item is not empty.</doc>
<status status="PASS" start="2024-04-06T05:13:30.557535" elapsed="0.000181"/>
</kw>
<kw name="Create List" owner="BuiltIn">
<msg time="2024-04-06T05:13:30.558170" level="INFO">${expected_keys} = ['gender', 'name', 'location', 'email', 'login']</msg>
<var>${expected_keys}</var>
<arg>gender</arg>
<arg>name</arg>
<arg>location</arg>
<arg>email</arg>
<arg>login</arg>
<doc>Returns a list containing given items.</doc>
<status status="PASS" start="2024-04-06T05:13:30.558015" elapsed="0.000180"/>
</kw>
<for flavor="IN">
<iter>
<kw name="Dictionary Should Contain Key" owner="Collections">
<msg time="2024-04-06T05:13:30.559226" level="INFO">False</msg>
<arg>${json_data['results'][0]}</arg>
<arg>${key}</arg>
<doc>Fails if ``key`` is not found from ``dictionary``.</doc>
<status status="PASS" start="2024-04-06T05:13:30.558795" elapsed="0.000472"/>
</kw>
<kw name="Log" owner="BuiltIn">
<msg time="2024-04-06T05:13:30.559959" level="INFO">{'gender': 'female', 'name': {'title': 'Ms', 'first': 'Celia', 'last': 'Lugo'}, 'location': {'street': {'number': 2041, 'name': 'Corredor Mayorga'}, 'city': 'La Yerbabuena', 'state': 'Yucatan', 'country': 'Mexico', 'postcode': 28591, 'coordinates': {'latitude': '25.2370', 'longitude': '45.4334'}, 'timezone': {'offset': '-9:00', 'description': 'Alaska'}}, 'email': 'celia.lugo@example.com', 'login': {'uuid': '38f1387f-32ec-4ec3-b8ad-0553bd99d476', 'username': 'smallbear420', 'password': 'nnnnn', 'salt': 'k4W4Xp7I', 'md5': '1d70e7ab44bd7636e6609facc7b5bfdb', 'sha1': 'b71b92a86e78a930829d897d5009b11ec4b9d59b', 'sha256': 'dfbed18daa61d2d793c42faa92fae98366ae4a8da82d2b8cd7a6d139c70ebdbc'}, 'dob': {'date': '1965-05-01T17:56:41.258Z', 'age': 58}, 'registered': {'date': '2006-05-27T04:37:22.329Z', 'age': 17}, 'phone': '(685) 683 4435', 'cell': '(625) 009 0436', 'id': {'name': 'NSS', 'value': '01 91 50 2558 8'}, 'picture': {'large': 'https://randomuser.me/api/portraits/women/67.jpg', 'medium': 'https://randomuser.me/api/portraits/med/women/67.jpg', 'thumbnail': 'https://randomuser.me/api/portraits/thumb/women/67.jpg'}, 'nat': 'MX'}</msg>
<arg>${json_data['results'][0]}</arg>
<doc>Logs the given message with the given level.</doc>
<status status="PASS" start="2024-04-06T05:13:30.559580" elapsed="0.000428"/>
</kw>
<kw name="Log" owner="BuiltIn">
<msg time="2024-04-06T05:13:30.560441" level="INFO">gender</msg>
<arg>${key}</arg>
<doc>Logs the given message with the given level.</doc>
<status status="PASS" start="2024-04-06T05:13:30.560309" elapsed="0.000181"/>
</kw>
<var name="${key}">gender</var>
<status status="PASS" start="2024-04-06T05:13:30.558667" elapsed="0.002050"/>
</iter>
<iter>
<kw name="Dictionary Should Contain Key" owner="Collections">
<msg time="2024-04-06T05:13:30.561455" level="INFO">False</msg>
<arg>${json_data['results'][0]}</arg>
<arg>${key}</arg>
<doc>Fails if ``key`` is not found from ``dictionary``.</doc>
<status status="PASS" start="2024-04-06T05:13:30.561034" elapsed="0.000459"/>
</kw>
<kw name="Log" owner="BuiltIn">
<msg time="2024-04-06T05:13:30.562195" level="INFO">{'gender': 'female', 'name': {'title': 'Ms', 'first': 'Celia', 'last': 'Lugo'}, 'location': {'street': {'number': 2041, 'name': 'Corredor Mayorga'}, 'city': 'La Yerbabuena', 'state': 'Yucatan', 'country': 'Mexico', 'postcode': 28591, 'coordinates': {'latitude': '25.2370', 'longitude': '45.4334'}, 'timezone': {'offset': '-9:00', 'description': 'Alaska'}}, 'email': 'celia.lugo@example.com', 'login': {'uuid': '38f1387f-32ec-4ec3-b8ad-0553bd99d476', 'username': 'smallbear420', 'password': 'nnnnn', 'salt': 'k4W4Xp7I', 'md5': '1d70e7ab44bd7636e6609facc7b5bfdb', 'sha1': 'b71b92a86e78a930829d897d5009b11ec4b9d59b', 'sha256': 'dfbed18daa61d2d793c42faa92fae98366ae4a8da82d2b8cd7a6d139c70ebdbc'}, 'dob': {'date': '1965-05-01T17:56:41.258Z', 'age': 58}, 'registered': {'date': '2006-05-27T04:37:22.329Z', 'age': 17}, 'phone': '(685) 683 4435', 'cell': '(625) 009 0436', 'id': {'name': 'NSS', 'value': '01 91 50 2558 8'}, 'picture': {'large': 'https://randomuser.me/api/portraits/women/67.jpg', 'medium': 'https://randomuser.me/api/portraits/med/women/67.jpg', 'thumbnail': 'https://randomuser.me/api/portraits/thumb/women/67.jpg'}, 'nat': 'MX'}</msg>
<arg>${json_data['results'][0]}</arg>
<doc>Logs the given message with the given level.</doc>
<status status="PASS" start="2024-04-06T05:13:30.561830" elapsed="0.000413"/>
</kw>
<kw name="Log" owner="BuiltIn">
<msg time="2024-04-06T05:13:30.562676" level="INFO">name</msg>
<arg>${key}</arg>
<doc>Logs the given message with the given level.</doc>
<status status="PASS" start="2024-04-06T05:13:30.562547" elapsed="0.000167"/>
</kw>
<var name="${key}">name</var>
<status status="PASS" start="2024-04-06T05:13:30.560914" elapsed="0.002020"/>
</iter>
<iter>
<kw name="Dictionary Should Contain Key" owner="Collections">
<msg time="2024-04-06T05:13:30.563616" level="INFO">False</msg>
<arg>${json_data['results'][0]}</arg>
<arg>${key}</arg>
<doc>Fails if ``key`` is not found from ``dictionary``.</doc>
<status status="PASS" start="2024-04-06T05:13:30.563232" elapsed="0.000422"/>
</kw>
<kw name="Log" owner="BuiltIn">
<msg time="2024-04-06T05:13:30.564320" level="INFO">{'gender': 'female', 'name': {'title': 'Ms', 'first': 'Celia', 'last': 'Lugo'}, 'location': {'street': {'number': 2041, 'name': 'Corredor Mayorga'}, 'city': 'La Yerbabuena', 'state': 'Yucatan', 'country': 'Mexico', 'postcode': 28591, 'coordinates': {'latitude': '25.2370', 'longitude': '45.4334'}, 'timezone': {'offset': '-9:00', 'description': 'Alaska'}}, 'email': 'celia.lugo@example.com', 'login': {'uuid': '38f1387f-32ec-4ec3-b8ad-0553bd99d476', 'username': 'smallbear420', 'password': 'nnnnn', 'salt': 'k4W4Xp7I', 'md5': '1d70e7ab44bd7636e6609facc7b5bfdb', 'sha1': 'b71b92a86e78a930829d897d5009b11ec4b9d59b', 'sha256': 'dfbed18daa61d2d793c42faa92fae98366ae4a8da82d2b8cd7a6d139c70ebdbc'}, 'dob': {'date': '1965-05-01T17:56:41.258Z', 'age': 58}, 'registered': {'date': '2006-05-27T04:37:22.329Z', 'age': 17}, 'phone': '(685) 683 4435', 'cell': '(625) 009 0436', 'id': {'name': 'NSS', 'value': '01 91 50 2558 8'}, 'picture': {'large': 'https://randomuser.me/api/portraits/women/67.jpg', 'medium': 'https://randomuser.me/api/portraits/med/women/67.jpg', 'thumbnail': 'https://randomuser.me/api/portraits/thumb/women/67.jpg'}, 'nat': 'MX'}</msg>
<arg>${json_data['results'][0]}</arg>
<doc>Logs the given message with the given level.</doc>
<status status="PASS" start="2024-04-06T05:13:30.563960" elapsed="0.000413"/>
</kw>
<kw name="Log" owner="BuiltIn">
<msg time="2024-04-06T05:13:30.564806" level="INFO">location</msg>
<arg>${key}</arg>
<doc>Logs the given message with the given level.</doc>
<status status="PASS" start="2024-04-06T05:13:30.564678" elapsed="0.000166"/>
</kw>
<var name="${key}">location</var>
<status status="PASS" start="2024-04-06T05:13:30.563119" elapsed="0.001943"/>
</iter>
<iter>
<kw name="Dictionary Should Contain Key" owner="Collections">
<msg time="2024-04-06T05:13:30.565771" level="INFO">False</msg>
<arg>${json_data['results'][0]}</arg>
<arg>${key}</arg>
<doc>Fails if ``key`` is not found from ``dictionary``.</doc>
<status status="PASS" start="2024-04-06T05:13:30.565389" elapsed="0.000420"/>
</kw>
<kw name="Log" owner="BuiltIn">
<msg time="2024-04-06T05:13:30.566480" level="INFO">{'gender': 'female', 'name': {'title': 'Ms', 'first': 'Celia', 'last': 'Lugo'}, 'location': {'street': {'number': 2041, 'name': 'Corredor Mayorga'}, 'city': 'La Yerbabuena', 'state': 'Yucatan', 'country': 'Mexico', 'postcode': 28591, 'coordinates': {'latitude': '25.2370', 'longitude': '45.4334'}, 'timezone': {'offset': '-9:00', 'description': 'Alaska'}}, 'email': 'celia.lugo@example.com', 'login': {'uuid': '38f1387f-32ec-4ec3-b8ad-0553bd99d476', 'username': 'smallbear420', 'password': 'nnnnn', 'salt': 'k4W4Xp7I', 'md5': '1d70e7ab44bd7636e6609facc7b5bfdb', 'sha1': 'b71b92a86e78a930829d897d5009b11ec4b9d59b', 'sha256': 'dfbed18daa61d2d793c42faa92fae98366ae4a8da82d2b8cd7a6d139c70ebdbc'}, 'dob': {'date': '1965-05-01T17:56:41.258Z', 'age': 58}, 'registered': {'date': '2006-05-27T04:37:22.329Z', 'age': 17}, 'phone': '(685) 683 4435', 'cell': '(625) 009 0436', 'id': {'name': 'NSS', 'value': '01 91 50 2558 8'}, 'picture': {'large': 'https://randomuser.me/api/portraits/women/67.jpg', 'medium': 'https://randomuser.me/api/portraits/med/women/67.jpg', 'thumbnail': 'https://randomuser.me/api/portraits/thumb/women/67.jpg'}, 'nat': 'MX'}</msg>
<arg>${json_data['results'][0]}</arg>
<doc>Logs the given message with the given level.</doc>
<status status="PASS" start="2024-04-06T05:13:30.566111" elapsed="0.000415"/>
</kw>
<kw name="Log" owner="BuiltIn">
<msg time="2024-04-06T05:13:30.566952" level="INFO">email</msg>
<arg>${key}</arg>
<doc>Logs the given message with the given level.</doc>
<status status="PASS" start="2024-04-06T05:13:30.566824" elapsed="0.000166"/>
</kw>
<var name="${key}">email</var>
<status status="PASS" start="2024-04-06T05:13:30.565272" elapsed="0.001933"/>
</iter>
<iter>
<kw name="Dictionary Should Contain Key" owner="Collections">
<msg time="2024-04-06T05:13:30.567882" level="INFO">False</msg>
<arg>${json_data['results'][0]}</arg>
<arg>${key}</arg>
<doc>Fails if ``key`` is not found from ``dictionary``.</doc>
<status status="PASS" start="2024-04-06T05:13:30.567499" elapsed="0.000420"/>
</kw>
<kw name="Log" owner="BuiltIn">
<msg time="2024-04-06T05:13:30.568591" level="INFO">{'gender': 'female', 'name': {'title': 'Ms', 'first': 'Celia', 'last': 'Lugo'}, 'location': {'street': {'number': 2041, 'name': 'Corredor Mayorga'}, 'city': 'La Yerbabuena', 'state': 'Yucatan', 'country': 'Mexico', 'postcode': 28591, 'coordinates': {'latitude': '25.2370', 'longitude': '45.4334'}, 'timezone': {'offset': '-9:00', 'description': 'Alaska'}}, 'email': 'celia.lugo@example.com', 'login': {'uuid': '38f1387f-32ec-4ec3-b8ad-0553bd99d476', 'username': 'smallbear420', 'password': 'nnnnn', 'salt': 'k4W4Xp7I', 'md5': '1d70e7ab44bd7636e6609facc7b5bfdb', 'sha1': 'b71b92a86e78a930829d897d5009b11ec4b9d59b', 'sha256': 'dfbed18daa61d2d793c42faa92fae98366ae4a8da82d2b8cd7a6d139c70ebdbc'}, 'dob': {'date': '1965-05-01T17:56:41.258Z', 'age': 58}, 'registered': {'date': '2006-05-27T04:37:22.329Z', 'age': 17}, 'phone': '(685) 683 4435', 'cell': '(625) 009 0436', 'id': {'name': 'NSS', 'value': '01 91 50 2558 8'}, 'picture': {'large': 'https://randomuser.me/api/portraits/women/67.jpg', 'medium': 'https://randomuser.me/api/portraits/med/women/67.jpg', 'thumbnail': 'https://randomuser.me/api/portraits/thumb/women/67.jpg'}, 'nat': 'MX'}</msg>
<arg>${json_data['results'][0]}</arg>
<doc>Logs the given message with the given level.</doc>
<status status="PASS" start="2024-04-06T05:13:30.568215" elapsed="0.000422"/>
</kw>
<kw name="Log" owner="BuiltIn">
<msg time="2024-04-06T05:13:30.569066" level="INFO">login</msg>
<arg>${key}</arg>
<doc>Logs the given message with the given level.</doc>
<status status="PASS" start="2024-04-06T05:13:30.568938" elapsed="0.000299"/>
</kw>
<var name="${key}">login</var>
<status status="PASS" start="2024-04-06T05:13:30.567381" elapsed="0.002104"/>
</iter>
<var>${key}</var>
<value>@{expected_keys}</value>
<status status="PASS" start="2024-04-06T05:13:30.558469" elapsed="0.011168"/>
</for>
<kw name="Create List" owner="BuiltIn">
<msg time="2024-04-06T05:13:30.569988" level="INFO">${expected_keysTwo} = ['username', 'password']</msg>
<var>${expected_keysTwo}</var>
<arg>username</arg>
<arg>password</arg>
<doc>Returns a list containing given items.</doc>
<status status="PASS" start="2024-04-06T05:13:30.569846" elapsed="0.000166"/>
</kw>
<for flavor="IN">
<iter>
<kw name="Dictionary Should Contain Key" owner="Collections">
<msg time="2024-04-06T05:13:30.570989" level="INFO">False</msg>
<arg>${json_data['results'][0]['login']}</arg>
<arg>${keyTwo}</arg>
<doc>Fails if ``key`` is not found from ``dictionary``.</doc>
<status status="PASS" start="2024-04-06T05:13:30.570598" elapsed="0.000429"/>
</kw>
<kw name="Dictionary Should Contain Key" owner="Collections">
<msg time="2024-04-06T05:13:30.571713" level="INFO">False</msg>
<arg>${json_data['results'][0]['login']}</arg>
<arg>${keyTwo}</arg>
<doc>Fails if ``key`` is not found from ``dictionary``.</doc>
<status status="PASS" start="2024-04-06T05:13:30.571327" elapsed="0.000423"/>
</kw>
<kw name="Log" owner="BuiltIn">
<msg time="2024-04-06T05:13:30.572177" level="INFO">username</msg>
<arg>${keyTwo}</arg>
<doc>Logs the given message with the given level.</doc>
<status status="PASS" start="2024-04-06T05:13:30.572050" elapsed="0.000164"/>
</kw>
<var name="${keyTwo}">username</var>
<status status="PASS" start="2024-04-06T05:13:30.570418" elapsed="0.002014"/>
</iter>
<iter>
<kw name="Dictionary Should Contain Key" owner="Collections">
<msg time="2024-04-06T05:13:30.573093" level="INFO">False</msg>
<arg>${json_data['results'][0]['login']}</arg>
<arg>${keyTwo}</arg>
<doc>Fails if ``key`` is not found from ``dictionary``.</doc>
<status status="PASS" start="2024-04-06T05:13:30.572718" elapsed="0.000412"/>
</kw>
<kw name="Dictionary Should Contain Key" owner="Collections">
<msg time="2024-04-06T05:13:30.573842" level="INFO">False</msg>
<arg>${json_data['results'][0]['login']}</arg>
<arg>${keyTwo}</arg>
<doc>Fails if ``key`` is not found from ``dictionary``.</doc>
<status status="PASS" start="2024-04-06T05:13:30.573459" elapsed="0.000419"/>
</kw>
<kw name="Log" owner="BuiltIn">
<msg time="2024-04-06T05:13:30.574305" level="INFO">password</msg>
<arg>${keyTwo}</arg>
<doc>Logs the given message with the given level.</doc>
<status status="PASS" start="2024-04-06T05:13:30.574178" elapsed="0.000164"/>
</kw>
<var name="${keyTwo}">password</var>
<status status="PASS" start="2024-04-06T05:13:30.572607" elapsed="0.001950"/>
</iter>
<var>${keyTwo}</var>
<value>@{expected_keysTwo}</value>
<status status="PASS" start="2024-04-06T05:13:30.570263" elapsed="0.004416"/>
</for>
<status status="PASS" start="2024-04-06T05:13:30.461194" elapsed="0.113630"/>
</kw>
<doc>Testa a estrutura da resposta da API.</doc>
<tag>testeEstruturaResposta</tag>
<status status="PASS" start="2024-04-06T05:13:30.460372" elapsed="0.114618"/>
</test>
<test id="s1-s1-t4" name="Validar tipos de dados" line="28">
<kw name="Teste de Tipos de Dados" owner="random-user-service">
<kw name="GET On Session" owner="RequestsLibrary">
<msg time="2024-04-06T05:13:30.669641" level="INFO">GET Request : url=https://randomuser.me/api 
 path_url=/api 
 headers={'User-Agent': 'python-requests/2.31.0', 'Accept-Encoding': 'gzip, deflate', 'Accept': '*/*', 'Connection': 'keep-alive'} 
 body=None 
 </msg>
<msg time="2024-04-06T05:13:30.669723" level="INFO">GET Response : url=https://randomuser.me/api 
 status=200, reason=OK 
 headers={'Date': 'Sat, 06 Apr 2024 05:13:30 GMT', 'Content-Type': 'application/json; charset=utf-8', 'Transfer-Encoding': 'chunked', 'Connection': 'keep-alive', 'X-Powered-By': 'Express', 'Access-Control-Allow-Origin': '*', 'Cache-Control': 'no-cache', 'ETag': 'W/"479-uUuLZ/Dp9SkWMWB5SRWzlVNH96E"', 'Vary': 'Accept-Encoding', 'Content-Encoding': 'gzip', 'CF-Cache-Status': 'DYNAMIC', 'Report-To': '{"endpoints":[{"url":"https:\\/\\/a.nel.cloudflare.com\\/report\\/v4?s=ajNkXuchyh6a94uhyP80lkqVtdUDtn1XjTYhwacQX41SXJPG3pvdajYboV0%2B%2But3ZAuxaVceOvNrwJjPh%2Fsv6dzmD6K4H%2BKh71GQA4KiDtU%2FGIS2F7v%2FQimu7KH%2F6eBy"}],"group":"cf-nel","max_age":604800}', 'NEL': '{"success_fraction":0,"report_to":"cf-nel","max_age":604800}', 'Server': 'cloudflare', 'CF-RAY': '86ff49fe28d6cf87-SJC', 'alt-svc': 'h3=":443"; ma=86400'} 
 body={"results":[{"gender":"male","name":{"title":"Mr","first":"Tony","last":"Sullivan"},"location":{"street":{"number":7963,"name":"Manor Road"},"city":"Cavan","state":"Tipperary","country":"Ireland","postcode":12309,"coordinates":{"latitude":"2.0427","longitude":"-172.7864"},"timezone":{"offset":"-12:00","description":"Eniwetok, Kwajalein"}},"email":"tony.sullivan@example.com","login":{"uuid":"fe0c63d0-e183-4316-b071-e203210a5a61","username":"heavybutterfly906","password":"252525","salt":"4eFoofyE","md5":"f3da9f802f33309758b18223faca9322","sha1":"6f7b546cd77f66e282c9863e547b61338f7b32c0","sha256":"1b1c3cc262762f261e54f2b3742dc294db6da088add12336f3e51232a7b5fb93"},"dob":{"date":"1954-07-26T22:54:25.225Z","age":69},"registered":{"date":"2003-05-09T10:54:46.157Z","age":20},"phone":"011-006-3630","cell":"081-014-4675","id":{"name":"PPS","value":"3926525T"},"picture":{"large":"https://randomuser.me/api/portraits/men/22.jpg","medium":"https://randomuser.me/api/portraits/med/men/22.jpg","thumbnail":"https://randomuser.me/api/portraits/thumb/men/22.jpg"},"nat":"IE"}],"info":{"seed":"b6955b919e34a82f","results":1,"page":1,"version":"1.4"}} 
 </msg>
<msg time="2024-04-06T05:13:30.669800" level="INFO">/opt/hostedtoolcache/Python/3.12.2/x64/lib/python3.12/site-packages/urllib3/connectionpool.py:1103: InsecureRequestWarning: Unverified HTTPS request is being made to host 'randomuser.me'. Adding certificate verification is strongly advised. See: https://urllib3.readthedocs.io/en/latest/advanced-usage.html#tls-warnings
  warnings.warn(</msg>
<msg time="2024-04-06T05:13:30.669899" level="INFO">${response} = &lt;Response [200]&gt;</msg>
<var>${response}</var>
<arg>consultarAPI</arg>
<arg>/api</arg>
<doc>Sends a GET request on a previously created HTTP Session.</doc>
<status status="PASS" start="2024-04-06T05:13:30.577622" elapsed="0.092318"/>
</kw>
<kw name="Set Variable" owner="BuiltIn">
<msg time="2024-04-06T05:13:30.670977" level="INFO">${json_data} = {'results': [{'gender': 'male', 'name': {'title': 'Mr', 'first': 'Tony', 'last': 'Sullivan'}, 'location': {'street': {'number': 7963, 'name': 'Manor Road'}, 'city': 'Cavan', 'state': 'Tipperary', 'cou...</msg>
<var>${json_data}</var>
<arg>${response.json()}</arg>
<doc>Returns the given values which can then be assigned to a variables.</doc>
<status status="PASS" start="2024-04-06T05:13:30.670424" elapsed="0.000581"/>
</kw>
<kw name="Log" owner="BuiltIn">
<msg time="2024-04-06T05:13:30.671480" level="INFO">{'results': [{'gender': 'male', 'name': {'title': 'Mr', 'first': 'Tony', 'last': 'Sullivan'}, 'location': {'street': {'number': 7963, 'name': 'Manor Road'}, 'city': 'Cavan', 'state': 'Tipperary', 'country': 'Ireland', 'postcode': 12309, 'coordinates': {'latitude': '2.0427', 'longitude': '-172.7864'}, 'timezone': {'offset': '-12:00', 'description': 'Eniwetok, Kwajalein'}}, 'email': 'tony.sullivan@example.com', 'login': {'uuid': 'fe0c63d0-e183-4316-b071-e203210a5a61', 'username': 'heavybutterfly906', 'password': '252525', 'salt': '4eFoofyE', 'md5': 'f3da9f802f33309758b18223faca9322', 'sha1': '6f7b546cd77f66e282c9863e547b61338f7b32c0', 'sha256': '1b1c3cc262762f261e54f2b3742dc294db6da088add12336f3e51232a7b5fb93'}, 'dob': {'date': '1954-07-26T22:54:25.225Z', 'age': 69}, 'registered': {'date': '2003-05-09T10:54:46.157Z', 'age': 20}, 'phone': '011-006-3630', 'cell': '081-014-4675', 'id': {'name': 'PPS', 'value': '3926525T'}, 'picture': {'large': 'https://randomuser.me/api/portraits/men/22.jpg', 'medium': 'https://randomuser.me/api/portraits/med/men/22.jpg', 'thumbnail': 'https://randomuser.me/api/portraits/thumb/men/22.jpg'}, 'nat': 'IE'}], 'info': {'seed': 'b6955b919e34a82f', 'results': 1, 'page': 1, 'version': '1.4'}}</msg>
<arg>${json_data}</arg>
<doc>Logs the given message with the given level.</doc>
<status status="PASS" start="2024-04-06T05:13:30.671320" elapsed="0.000248"/>
</kw>
<kw name="Should Be String" owner="String">
<arg>${json_data['results'][0]['gender']}</arg>
<doc>Fails if the given ``item`` is not a string.</doc>
<status status="PASS" start="2024-04-06T05:13:30.671885" elapsed="0.000364"/>
</kw>
<kw name="Should Match Regexp" owner="BuiltIn">
<arg>${json_data['results'][0]['email']}</arg>
<arg>^[a-zA-Z0-9._%+-]+@[a-zA-Z0-9.-]+\.[a-zA-Z]{2,}$</arg>
<doc>Fails if ``string`` does not match ``pattern`` as a regular expression.</doc>
<status status="PASS" start="2024-04-06T05:13:30.672444" elapsed="0.000519"/>
</kw>
<kw name="Should Match Regexp" owner="BuiltIn">
<arg>${json_data['results'][0]['dob']['date']}</arg>
<arg>\\d{4}-\\d{2}-\\d{2}T\\d{2}:\\d{2}:\\d{2}\\.\\d{3}Z</arg>
<doc>Fails if ``string`` does not match ``pattern`` as a regular expression.</doc>
<status status="PASS" start="2024-04-06T05:13:30.673163" elapsed="0.000549"/>
</kw>
<kw name="Should Match Regexp" owner="BuiltIn">
<arg>${json_data['results'][0]['registered']['date']}</arg>
<arg>\\d{4}-\\d{2}-\\d{2}T\\d{2}:\\d{2}:\\d{2}\\.\\d{3}Z</arg>
<doc>Fails if ``string`` does not match ``pattern`` as a regular expression.</doc>
<status status="PASS" start="2024-04-06T05:13:30.673909" elapsed="0.000372"/>
</kw>
<kw name="Should Match Regexp" owner="BuiltIn">
<arg>${json_data['results'][0]['picture']['large']}</arg>
<arg>^https?://.*\.(?:png|jpe?g|gif|bmp)$</arg>
<doc>Fails if ``string`` does not match ``pattern`` as a regular expression.</doc>
<status status="PASS" start="2024-04-06T05:13:30.674469" elapsed="0.000457"/>
</kw>
<kw name="Should Match Regexp" owner="BuiltIn">
<arg>${json_data['results'][0]['picture']['medium']}</arg>
<arg>^https?://.*\.(?:png|jpe?g|gif|bmp)$</arg>
<doc>Fails if ``string`` does not match ``pattern`` as a regular expression.</doc>
<status status="PASS" start="2024-04-06T05:13:30.675119" elapsed="0.000354"/>
</kw>
<kw name="Should Match Regexp" owner="BuiltIn">
<arg>${json_data['results'][0]['picture']['thumbnail']}</arg>
<arg>^https?://.*\.(?:png|jpe?g|gif|bmp)$</arg>
<doc>Fails if ``string`` does not match ``pattern`` as a regular expression.</doc>
<status status="PASS" start="2024-04-06T05:13:30.675657" elapsed="0.000353"/>
</kw>
<kw name="Log" owner="BuiltIn">
<msg time="2024-04-06T05:13:30.676518" level="INFO">{'large': 'https://randomuser.me/api/portraits/men/22.jpg', 'medium': 'https://randomuser.me/api/portraits/med/men/22.jpg', 'thumbnail': 'https://randomuser.me/api/portraits/thumb/men/22.jpg'}</msg>
<arg>${json_data['results'][0]['picture']}</arg>
<doc>Logs the given message with the given level.</doc>
<status status="PASS" start="2024-04-06T05:13:30.676191" elapsed="0.000368"/>
</kw>
<status status="PASS" start="2024-04-06T05:13:30.577381" elapsed="0.099441"/>
</kw>
<kw name="Teste de Tipos de Dados - Postcode" owner="random-user-service">
<kw name="GET On Session" owner="RequestsLibrary">
<msg time="2024-04-06T05:13:30.760567" level="INFO">GET Request : url=https://randomuser.me/api 
 path_url=/api 
 headers={'User-Agent': 'python-requests/2.31.0', 'Accept-Encoding': 'gzip, deflate', 'Accept': '*/*', 'Connection': 'keep-alive'} 
 body=None 
 </msg>
<msg time="2024-04-06T05:13:30.760660" level="INFO">GET Response : url=https://randomuser.me/api 
 status=200, reason=OK 
 headers={'Date': 'Sat, 06 Apr 2024 05:13:30 GMT', 'Content-Type': 'application/json; charset=utf-8', 'Transfer-Encoding': 'chunked', 'Connection': 'keep-alive', 'X-Powered-By': 'Express', 'Access-Control-Allow-Origin': '*', 'Cache-Control': 'no-cache', 'ETag': 'W/"48c-9PcgsMa9wwcJUzwxlejHfSNtVKg"', 'Vary': 'Accept-Encoding', 'Content-Encoding': 'gzip', 'CF-Cache-Status': 'DYNAMIC', 'Report-To': '{"endpoints":[{"url":"https:\\/\\/a.nel.cloudflare.com\\/report\\/v4?s=gFsFfWGlmkrrzT%2FrI2yLPoYiMNSdo0ea4ind3flHdHGjxxZT1r9ddYedv5wKynmHetwFGI%2FeKRRH3nlGZ7sg3PXjjFYDF7q4DZUt3RpYGphulR%2BTCdkUqI1q5NwMzShc"}],"group":"cf-nel","max_age":604800}', 'NEL': '{"success_fraction":0,"report_to":"cf-nel","max_age":604800}', 'Server': 'cloudflare', 'CF-RAY': '86ff49fec97dcf87-SJC', 'alt-svc': 'h3=":443"; ma=86400'} 
 body={"results":[{"gender":"male","name":{"title":"Mr","first":"Ventura","last":"Campos"},"location":{"street":{"number":6690,"name":"Rua Carlos Gomes"},"city":"Ribeirão Preto","state":"Alagoas","country":"Brazil","postcode":68267,"coordinates":{"latitude":"-78.9880","longitude":"-95.5999"},"timezone":{"offset":"+9:30","description":"Adelaide, Darwin"}},"email":"ventura.campos@example.com","login":{"uuid":"f1ea2b0a-ac1f-4236-b747-73fd2db540c0","username":"crazyladybug517","password":"house1","salt":"NXe8kpAS","md5":"176e073e9f8720096d1727dfad471f48","sha1":"7e4a4a0247528609e437cca4ad08236a478bd930","sha256":"86acfc15db23d3726af8d7dacf9daf62cdafb58d0580bed61490a094a77bda64"},"dob":{"date":"1956-05-26T17:02:25.944Z","age":67},"registered":{"date":"2021-11-03T05:01:28.896Z","age":2},"phone":"(18) 7320-8021","cell":"(56) 2184-9720","id":{"name":"CPF","value":"180.954.096-48"},"picture":{"large":"https://randomuser.me/api/portraits/men/81.jpg","medium":"https://randomuser.me/api/portraits/med/men/81.jpg","thumbnail":"https://randomuser.me/api/portraits/thumb/men/81.jpg"},"nat":"BR"}],"info":{"seed":"a0fb2b7e32ad622b","results":1,"page":1,"version":"1.4"}} 
 </msg>
<msg time="2024-04-06T05:13:30.760751" level="INFO">/opt/hostedtoolcache/Python/3.12.2/x64/lib/python3.12/site-packages/urllib3/connectionpool.py:1103: InsecureRequestWarning: Unverified HTTPS request is being made to host 'randomuser.me'. Adding certificate verification is strongly advised. See: https://urllib3.readthedocs.io/en/latest/advanced-usage.html#tls-warnings
  warnings.warn(</msg>
<msg time="2024-04-06T05:13:30.760878" level="INFO">${response} = &lt;Response [200]&gt;</msg>
<var>${response}</var>
<arg>consultarAPI</arg>
<arg>/api</arg>
<doc>Sends a GET request on a previously created HTTP Session.</doc>
<status status="PASS" start="2024-04-06T05:13:30.677439" elapsed="0.083489"/>
</kw>
<kw name="Set Variable" owner="BuiltIn">
<msg time="2024-04-06T05:13:30.762052" level="INFO">${json_data} = {'results': [{'gender': 'male', 'name': {'title': 'Mr', 'first': 'Ventura', 'last': 'Campos'}, 'location': {'street': {'number': 6690, 'name': 'Rua Carlos Gomes'}, 'city': 'Ribeirão Preto', 'state': '...</msg>
<var>${json_data}</var>
<arg>${response.json()}</arg>
<doc>Returns the given values which can then be assigned to a variables.</doc>
<status status="PASS" start="2024-04-06T05:13:30.761506" elapsed="0.000576"/>
</kw>
<kw name="Log" owner="BuiltIn">
<msg time="2024-04-06T05:13:30.762559" level="INFO">{'results': [{'gender': 'male', 'name': {'title': 'Mr', 'first': 'Ventura', 'last': 'Campos'}, 'location': {'street': {'number': 6690, 'name': 'Rua Carlos Gomes'}, 'city': 'Ribeirão Preto', 'state': 'Alagoas', 'country': 'Brazil', 'postcode': 68267, 'coordinates': {'latitude': '-78.9880', 'longitude': '-95.5999'}, 'timezone': {'offset': '+9:30', 'description': 'Adelaide, Darwin'}}, 'email': 'ventura.campos@example.com', 'login': {'uuid': 'f1ea2b0a-ac1f-4236-b747-73fd2db540c0', 'username': 'crazyladybug517', 'password': 'house1', 'salt': 'NXe8kpAS', 'md5': '176e073e9f8720096d1727dfad471f48', 'sha1': '7e4a4a0247528609e437cca4ad08236a478bd930', 'sha256': '86acfc15db23d3726af8d7dacf9daf62cdafb58d0580bed61490a094a77bda64'}, 'dob': {'date': '1956-05-26T17:02:25.944Z', 'age': 67}, 'registered': {'date': '2021-11-03T05:01:28.896Z', 'age': 2}, 'phone': '(18) 7320-8021', 'cell': '(56) 2184-9720', 'id': {'name': 'CPF', 'value': '180.954.096-48'}, 'picture': {'large': 'https://randomuser.me/api/portraits/men/81.jpg', 'medium': 'https://randomuser.me/api/portraits/med/men/81.jpg', 'thumbnail': 'https://randomuser.me/api/portraits/thumb/men/81.jpg'}, 'nat': 'BR'}], 'info': {'seed': 'a0fb2b7e32ad622b', 'results': 1, 'page': 1, 'version': '1.4'}}</msg>
<arg>${json_data}</arg>
<doc>Logs the given message with the given level.</doc>
<status status="PASS" start="2024-04-06T05:13:30.762398" elapsed="0.000241"/>
</kw>
<kw name="Should Be Equal As Numbers" owner="BuiltIn">
<arg>${json_data['results'][0]['location']['postcode']}</arg>
<arg>${json_data['results'][0]['location']['postcode']}</arg>
<doc>Fails if objects are unequal after converting them to real numbers.</doc>
<status status="PASS" start="2024-04-06T05:13:30.762962" elapsed="0.000636"/>
</kw>
<kw name="Log" owner="BuiltIn">
<msg time="2024-04-06T05:13:30.764130" level="INFO">68267</msg>
<arg>${json_data['results'][0]['location']['postcode']}</arg>
<doc>Logs the given message with the given level.</doc>
<status status="PASS" start="2024-04-06T05:13:30.763792" elapsed="0.000378"/>
</kw>
<status status="PASS" start="2024-04-06T05:13:30.677047" elapsed="0.087383"/>
</kw>
<doc>Testa se os tipos de dados na resposta da API estão corretos.</doc>
<tag>testeTiposDados</tag>
<status status="PASS" start="2024-04-06T05:13:30.576777" elapsed="0.187826"/>
</test>
<test id="s1-s1-t5" name="Validar conteudo" line="35">
<kw name="Teste de Tipos de Conteudo" owner="random-user-service">
<kw name="GET On Session" owner="RequestsLibrary">
<msg time="2024-04-06T05:13:30.863589" level="INFO">GET Request : url=https://randomuser.me/api 
 path_url=/api 
 headers={'User-Agent': 'python-requests/2.31.0', 'Accept-Encoding': 'gzip, deflate', 'Accept': '*/*', 'Connection': 'keep-alive'} 
 body=None 
 </msg>
<msg time="2024-04-06T05:13:30.863679" level="INFO">GET Response : url=https://randomuser.me/api 
 status=200, reason=OK 
 headers={'Date': 'Sat, 06 Apr 2024 05:13:30 GMT', 'Content-Type': 'application/json; charset=utf-8', 'Transfer-Encoding': 'chunked', 'Connection': 'keep-alive', 'X-Powered-By': 'Express', 'Access-Control-Allow-Origin': '*', 'Cache-Control': 'no-cache', 'ETag': 'W/"47b-YjEpY6ui6N0ipoUg7HDEjl8ZvJ8"', 'Vary': 'Accept-Encoding', 'Content-Encoding': 'gzip', 'CF-Cache-Status': 'DYNAMIC', 'Report-To': '{"endpoints":[{"url":"https:\\/\\/a.nel.cloudflare.com\\/report\\/v4?s=iL65h5KgkFM57xXWXvOM%2F5N4fGwKw2icmp6JnygkAF06UqY488T78eaSdA%2FYuMo5ugQCM8nnoas%2FJpeK4BqG5F1E8dk2trJO3szvXJCZe70j%2ByLGLpdojFV2IHTH7wPT"}],"group":"cf-nel","max_age":604800}', 'NEL': '{"success_fraction":0,"report_to":"cf-nel","max_age":604800}', 'Server': 'cloudflare', 'CF-RAY': '86ff49ff5a2fcf87-SJC', 'alt-svc': 'h3=":443"; ma=86400'} 
 body={"results":[{"gender":"male","name":{"title":"Mr","first":"Nathaniel","last":"Evans"},"location":{"street":{"number":2633,"name":"Linwood Avenue"},"city":"Lower Hutt","state":"Southland","country":"New Zealand","postcode":97899,"coordinates":{"latitude":"50.0803","longitude":"-65.1717"},"timezone":{"offset":"-2:00","description":"Mid-Atlantic"}},"email":"nathaniel.evans@example.com","login":{"uuid":"c36476af-0b6b-4817-9d8d-1884dae04723","username":"orangesnake193","password":"slugger","salt":"dSyUHeEg","md5":"5b4c0689f3097609394d2123046f7ae9","sha1":"f5d8f97b274cb5c5a4b00a30f25ca59cb8435eb9","sha256":"23c5eef0431f541dab6e59e2fbaf7a203de4f24365858062554f3d6a5badb536"},"dob":{"date":"1975-08-13T19:15:09.044Z","age":48},"registered":{"date":"2012-11-10T01:31:26.869Z","age":11},"phone":"(869)-024-1257","cell":"(783)-638-9176","id":{"name":"","value":null},"picture":{"large":"https://randomuser.me/api/portraits/men/28.jpg","medium":"https://randomuser.me/api/portraits/med/men/28.jpg","thumbnail":"https://randomuser.me/api/portraits/thumb/men/28.jpg"},"nat":"NZ"}],"info":{"seed":"150e83c29ae80779","results":1,"page":1,"version":"1.4"}} 
 </msg>
<msg time="2024-04-06T05:13:30.863747" level="INFO">/opt/hostedtoolcache/Python/3.12.2/x64/lib/python3.12/site-packages/urllib3/connectionpool.py:1103: InsecureRequestWarning: Unverified HTTPS request is being made to host 'randomuser.me'. Adding certificate verification is strongly advised. See: https://urllib3.readthedocs.io/en/latest/advanced-usage.html#tls-warnings
  warnings.warn(</msg>
<msg time="2024-04-06T05:13:30.863871" level="INFO">${response} = &lt;Response [200]&gt;</msg>
<var>${response}</var>
<arg>consultarAPI</arg>
<arg>/api</arg>
<doc>Sends a GET request on a previously created HTTP Session.</doc>
<status status="PASS" start="2024-04-06T05:13:30.767226" elapsed="0.096695"/>
</kw>
<kw name="Set Variable" owner="BuiltIn">
<msg time="2024-04-06T05:13:30.865046" level="INFO">${json_data} = {'results': [{'gender': 'male', 'name': {'title': 'Mr', 'first': 'Nathaniel', 'last': 'Evans'}, 'location': {'street': {'number': 2633, 'name': 'Linwood Avenue'}, 'city': 'Lower Hutt', 'state': 'South...</msg>
<var>${json_data}</var>
<arg>${response.json()}</arg>
<doc>Returns the given values which can then be assigned to a variables.</doc>
<status status="PASS" start="2024-04-06T05:13:30.864492" elapsed="0.000583"/>
</kw>
<kw name="Set Variable" owner="BuiltIn">
<msg time="2024-04-06T05:13:30.865824" level="INFO">${name_title} = Mr</msg>
<var>${name_title}</var>
<arg>${json_data["results"][0]["name"]["title"]}</arg>
<doc>Returns the given values which can then be assigned to a variables.</doc>
<status status="PASS" start="2024-04-06T05:13:30.865427" elapsed="0.000423"/>
</kw>
<kw name="Create List" owner="BuiltIn">
<msg time="2024-04-06T05:13:30.866306" level="INFO">${allowed_titles} = ['Mr', 'Ms', 'Miss', 'Mrs', 'Madame', 'Monsieur']</msg>
<var>${allowed_titles}</var>
<arg>Mr</arg>
<arg>Ms</arg>
<arg>Miss</arg>
<arg>Mrs</arg>
<arg>Madame</arg>
<arg>Monsieur</arg>
<doc>Returns a list containing given items.</doc>
<status status="PASS" start="2024-04-06T05:13:30.866156" elapsed="0.000175"/>
</kw>
<kw name="List Should Contain Value" owner="Collections">
<msg time="2024-04-06T05:13:30.866815" level="INFO">False</msg>
<arg>${allowed_titles}</arg>
<arg>${name_title}</arg>
<doc>Fails if the ``value`` is not found from ``list``.</doc>
<status status="PASS" start="2024-04-06T05:13:30.866640" elapsed="0.000212"/>
</kw>
<kw name="Set Variable" owner="BuiltIn">
<msg time="2024-04-06T05:13:30.867523" level="INFO">${name_country} = NZ</msg>
<var>${name_country}</var>
<arg>${json_data["results"][0]["nat"]}</arg>
<doc>Returns the given values which can then be assigned to a variables.</doc>
<status status="PASS" start="2024-04-06T05:13:30.867144" elapsed="0.000405"/>
</kw>
<kw name="Create List" owner="BuiltIn">
<msg time="2024-04-06T05:13:30.868462" level="INFO">${list_country} = ['AD', 'AE', 'AF', 'AG', 'AI', 'AL', 'AM', 'AO', 'AQ', 'AR', 'AS', 'AT', 'AU', 'AW', 'AX', 'AZ', 'BA', 'BB', 'BD', 'BE', 'BF', 'BG', 'BH', 'BI', 'BJ', 'BL', 'BM', 'BN', 'BO', 'BQ', 'BR', 'BS', 'BT', '...</msg>
<var>${list_country}</var>
<arg>AD</arg>
<arg>AE</arg>
<arg>AF</arg>
<arg>AG</arg>
<arg>AI</arg>
<arg>AL</arg>
<arg>AM</arg>
<arg>AO</arg>
<arg>AQ</arg>
<arg>AR</arg>
<arg>AS</arg>
<arg>AT</arg>
<arg>AU</arg>
<arg>AW</arg>
<arg>AX</arg>
<arg>AZ</arg>
<arg>BA</arg>
<arg>BB</arg>
<arg>BD</arg>
<arg>BE</arg>
<arg>BF</arg>
<arg>BG</arg>
<arg>BH</arg>
<arg>BI</arg>
<arg>BJ</arg>
<arg>BL</arg>
<arg>BM</arg>
<arg>BN</arg>
<arg>BO</arg>
<arg>BQ</arg>
<arg>BR</arg>
<arg>BS</arg>
<arg>BT</arg>
<arg>BV</arg>
<arg>BW</arg>
<arg>BY</arg>
<arg>BZ</arg>
<arg>CA</arg>
<arg>CC</arg>
<arg>CD</arg>
<arg>CF</arg>
<arg>CG</arg>
<arg>CH</arg>
<arg>CI</arg>
<arg>CK</arg>
<arg>CL</arg>
<arg>CM</arg>
<arg>CN</arg>
<arg>CO</arg>
<arg>CR</arg>
<arg>CU</arg>
<arg>CV</arg>
<arg>CW</arg>
<arg>CX</arg>
<arg>CY</arg>
<arg>CZ</arg>
<arg>DE</arg>
<arg>DJ</arg>
<arg>DK</arg>
<arg>DM</arg>
<arg>DO</arg>
<arg>DZ</arg>
<arg>EC</arg>
<arg>EE</arg>
<arg>EG</arg>
<arg>EH</arg>
<arg>ER</arg>
<arg>ES</arg>
<arg>ET</arg>
<arg>FI</arg>
<arg>FJ</arg>
<arg>FK</arg>
<arg>FM</arg>
<arg>FO</arg>
<arg>FR</arg>
<arg>GA</arg>
<arg>GB</arg>
<arg>GD</arg>
<arg>GE</arg>
<arg>GF</arg>
<arg>GG</arg>
<arg>GH</arg>
<arg>GI</arg>
<arg>GL</arg>
<arg>GM</arg>
<arg>GN</arg>
<arg>GP</arg>
<arg>GQ</arg>
<arg>GR</arg>
<arg>GS</arg>
<arg>GT</arg>
<arg>GU</arg>
<arg>GW</arg>
<arg>GY</arg>
<arg>HK</arg>
<arg>HM</arg>
<arg>HN</arg>
<arg>HR</arg>
<arg>HT</arg>
<arg>HU</arg>
<arg>ID</arg>
<arg>IE</arg>
<arg>IL</arg>
<arg>IM</arg>
<arg>IN</arg>
<arg>IO</arg>
<arg>IQ</arg>
<arg>IR</arg>
<arg>IS</arg>
<arg>IT</arg>
<arg>JE</arg>
<arg>JM</arg>
<arg>JO</arg>
<arg>JP</arg>
<arg>KE</arg>
<arg>KG</arg>
<arg>KH</arg>
<arg>KI</arg>
<arg>KM</arg>
<arg>KN</arg>
<arg>KP</arg>
<arg>KR</arg>
<arg>KW</arg>
<arg>KY</arg>
<arg>KZ</arg>
<arg>LA</arg>
<arg>LB</arg>
<arg>LC</arg>
<arg>LI</arg>
<arg>LK</arg>
<arg>LR</arg>
<arg>LS</arg>
<arg>LT</arg>
<arg>LU</arg>
<arg>LV</arg>
<arg>LY</arg>
<arg>MA</arg>
<arg>MC</arg>
<arg>MD</arg>
<arg>ME</arg>
<arg>MF</arg>
<arg>MG</arg>
<arg>MH</arg>
<arg>MK</arg>
<arg>ML</arg>
<arg>MM</arg>
<arg>MN</arg>
<arg>MO</arg>
<arg>MP</arg>
<arg>MQ</arg>
<arg>MR</arg>
<arg>MS</arg>
<arg>MT</arg>
<arg>MU</arg>
<arg>MV</arg>
<arg>MW</arg>
<arg>MX</arg>
<arg>MY</arg>
<arg>MZ</arg>
<arg>NA</arg>
<arg>NC</arg>
<arg>NE</arg>
<arg>NF</arg>
<arg>NG</arg>
<arg>NI</arg>
<arg>NL</arg>
<arg>NO</arg>
<arg>NP</arg>
<arg>NR</arg>
<arg>NU</arg>
<arg>NZ</arg>
<arg>OM</arg>
<arg>PA</arg>
<arg>PE</arg>
<arg>PF</arg>
<arg>PG</arg>
<arg>PH</arg>
<arg>PK</arg>
<arg>PL</arg>
<arg>PM</arg>
<arg>PN</arg>
<arg>PR</arg>
<arg>PS</arg>
<arg>PT</arg>
<arg>PW</arg>
<arg>PY</arg>
<arg>QA</arg>
<arg>RE</arg>
<arg>RO</arg>
<arg>RS</arg>
<arg>RU</arg>
<arg>RW</arg>
<arg>SA</arg>
<arg>SB</arg>
<arg>SC</arg>
<arg>SD</arg>
<arg>SE</arg>
<arg>SG</arg>
<arg>SH</arg>
<arg>SI</arg>
<arg>SJ</arg>
<arg>SK</arg>
<arg>SL</arg>
<arg>SM</arg>
<arg>SN</arg>
<arg>SO</arg>
<arg>SR</arg>
<arg>SS</arg>
<arg>ST</arg>
<arg>SV</arg>
<arg>SX</arg>
<arg>SY</arg>
<arg>SZ</arg>
<arg>TC</arg>
<arg>TD</arg>
<arg>TF</arg>
<arg>TG</arg>
<arg>TH</arg>
<arg>TJ</arg>
<arg>TK</arg>
<arg>TL</arg>
<arg>TM</arg>
<arg>TN</arg>
<arg>TO</arg>
<arg>TR</arg>
<arg>TT</arg>
<arg>TV</arg>
<arg>TW</arg>
<arg>TZ</arg>
<arg>UA</arg>
<arg>UG</arg>
<arg>UM</arg>
<arg>US</arg>
<arg>UY</arg>
<arg>UZ</arg>
<arg>VA</arg>
<arg>VC</arg>
<arg>VE</arg>
<arg>VG</arg>
<arg>VI</arg>
<arg>VN</arg>
<arg>VU</arg>
<arg>WF</arg>
<arg>WS</arg>
<arg>XK</arg>
<arg>YE</arg>
<arg>YT</arg>
<arg>ZA</arg>
<arg>ZM</arg>
<arg>ZW</arg>
<doc>Returns a list containing given items.</doc>
<status status="PASS" start="2024-04-06T05:13:30.867865" elapsed="0.000622"/>
</kw>
<kw name="List Should Contain Value" owner="Collections">
<msg time="2024-04-06T05:13:30.869641" level="INFO">False</msg>
<arg>${list_country}</arg>
<arg>${name_country}</arg>
<doc>Fails if the ``value`` is not found from ``list``.</doc>
<status status="PASS" start="2024-04-06T05:13:30.869432" elapsed="0.000246"/>
</kw>
<kw name="Run Keyword If" owner="BuiltIn">
<kw name="Should Be True" owner="BuiltIn">
<arg>${True}</arg>
<doc>Fails if the given condition is not true.</doc>
<status status="PASS" start="2024-04-06T05:13:30.870773" elapsed="0.000150"/>
</kw>
<arg>${json_data["results"][0]["location"]["coordinates"]["latitude"]} &gt;= -90 and ${json_data["results"][0]["location"]["coordinates"]["latitude"]} &lt;= 90</arg>
<arg>Should Be True</arg>
<arg>${True}</arg>
<doc>Runs the given keyword with the given arguments, if ``condition`` is true.</doc>
<status status="PASS" start="2024-04-06T05:13:30.869998" elapsed="0.001058"/>
</kw>
<kw name="Run Keyword If" owner="BuiltIn">
<kw name="Should Be True" owner="BuiltIn">
<arg>${True}</arg>
<doc>Fails if the given condition is not true.</doc>
<status status="PASS" start="2024-04-06T05:13:30.871955" elapsed="0.000140"/>
</kw>
<arg>${json_data["results"][0]["location"]["coordinates"]["longitude"]} &gt;= -180 and ${json_data["results"][0]["location"]["coordinates"]["longitude"]} &lt;= 180</arg>
<arg>Should Be True</arg>
<arg>${True}</arg>
<doc>Runs the given keyword with the given arguments, if ``condition`` is true.</doc>
<status status="PASS" start="2024-04-06T05:13:30.871248" elapsed="0.000976"/>
</kw>
<status status="PASS" start="2024-04-06T05:13:30.766995" elapsed="0.105369"/>
</kw>
<doc>Testa o conteúdo específico dos campos retornados pela API.</doc>
<tag>testeConteudo</tag>
<status status="PASS" start="2024-04-06T05:13:30.766467" elapsed="0.106047"/>
</test>
<status status="PASS" start="2024-04-06T05:13:29.924883" elapsed="0.949680"/>
</suite>
<status status="PASS" start="2024-04-06T05:13:29.911237" elapsed="0.968735"/>
</suite>
<statistics>
<total>
<stat pass="5" fail="0" skip="0">All Tests</stat>
</total>
<tag>
<stat pass="1" fail="0" skip="0">testeConteudo</stat>
<stat pass="1" fail="0" skip="0">testeEstruturaResposta</stat>
<stat pass="1" fail="0" skip="0">testeRequisicaoBasica</stat>
<stat pass="1" fail="0" skip="0">testeTiposDados</stat>
</tag>
<suite>
<stat pass="5" fail="0" skip="0" id="s1" name="Tests">Tests</stat>
<stat pass="5" fail="0" skip="0" id="s1-s1" name="Random-User-Test">Tests.Random-User-Test</stat>
</suite>
</statistics>
<errors>
</errors>
</robot>
