<?xml version="1.0" encoding="UTF-8"?>
<robot generator="Robot 7.0 (Python 3.12.3 on linux)" generated="2024-04-21T05:13:29.980666" rpa="false" schemaversion="5">
<suite id="s1" name="Tests" source="/home/runner/work/DesafioQAItauRogerioJordao/DesafioQAItauRogerioJordao/RamdonUser/tests">
<suite id="s1-s1" name="Random-User-Test" source="/home/runner/work/DesafioQAItauRogerioJordao/DesafioQAItauRogerioJordao/RamdonUser/tests/random-user-test.robot">
<test id="s1-s1-t1" name="Conectar" line="13">
<kw name="Conectar API" owner="random-user-service">
<kw name="Create Session" owner="RequestsLibrary">
<msg time="2024-04-21T05:13:30.369021" level="INFO">Creating Session using : alias=consultarAPI, url=https://randomuser.me/, headers={},                     cookies={}, auth=None, timeout=None, proxies=None, verify=False,                     debug=0 </msg>
<arg>consultarAPI</arg>
<arg>${URL}</arg>
<doc>Create Session: create a HTTP session to a server</doc>
<status status="PASS" start="2024-04-21T05:13:30.368814" elapsed="0.000378"/>
</kw>
<status status="PASS" start="2024-04-21T05:13:30.367883" elapsed="0.001654"/>
</kw>
<status status="PASS" start="2024-04-21T05:13:30.367359" elapsed="0.002366"/>
</test>
<test id="s1-s1-t2" name="Validar retorno 200 e JSON Válido" line="16">
<kw name="Teste de Requisicao Basica" owner="random-user-service">
<kw name="GET On Session" owner="RequestsLibrary">
<msg time="2024-04-21T05:13:30.548441" level="INFO">GET Request : url=https://randomuser.me/api 
 path_url=/api 
 headers={'User-Agent': 'python-requests/2.31.0', 'Accept-Encoding': 'gzip, deflate', 'Accept': '*/*', 'Connection': 'keep-alive'} 
 body=None 
 </msg>
<msg time="2024-04-21T05:13:30.548559" level="INFO">GET Response : url=https://randomuser.me/api 
 status=200, reason=OK 
 headers={'Date': 'Sun, 21 Apr 2024 05:13:30 GMT', 'Content-Type': 'application/json; charset=utf-8', 'Transfer-Encoding': 'chunked', 'Connection': 'keep-alive', 'X-Powered-By': 'Express', 'Access-Control-Allow-Origin': '*', 'Cache-Control': 'no-cache', 'ETag': 'W/"495-GIvaloV/sSABKk4cSHS5mJTwwJE"', 'Vary': 'Accept-Encoding', 'Content-Encoding': 'gzip', 'CF-Cache-Status': 'DYNAMIC', 'Report-To': '{"endpoints":[{"url":"https:\\/\\/a.nel.cloudflare.com\\/report\\/v4?s=wozsFLkp7pfkbhJEm4EPK2myqRKiCO3ReniOl7gLapsRZMTrwAPVRoZuURp7ANa3OimWInIoUjGs%2FDdmWMTd70ABmGvbK2aQrzT%2FYIFfEjGT%2Bi7HQG4Gepqbo9aN3YDh"}],"group":"cf-nel","max_age":604800}', 'NEL': '{"success_fraction":0,"report_to":"cf-nel","max_age":604800}', 'Server': 'cloudflare', 'CF-RAY': '877ae29dbb46206c-IAD', 'alt-svc': 'h3=":443"; ma=86400'} 
 body={"results":[{"gender":"female","name":{"title":"Miss","first":"Alexis","last":"Anderson"},"location":{"street":{"number":796,"name":"Richmond Ave"},"city":"South River","state":"New Brunswick","country":"Canada","postcode":"E5S 4S1","coordinates":{"latitude":"-67.2270","longitude":"145.3267"},"timezone":{"offset":"-11:00","description":"Midway Island, Samoa"}},"email":"alexis.anderson@example.com","login":{"uuid":"01001cc4-0f4a-41b0-a46f-e58fa2e03d95","username":"yellowtiger391","password":"hal9000","salt":"8rQgSayp","md5":"8118afe65c01b90d97cd2f0dbc6f492b","sha1":"e272e04ab24c94923823c96708cc8f4d9c19e8c9","sha256":"9847a031270f6de14e4884bbf6a52c30b8b2bb42844edc537a5e5736405e3a92"},"dob":{"date":"1976-03-24T03:12:25.531Z","age":48},"registered":{"date":"2021-12-12T07:14:00.104Z","age":2},"phone":"E90 G85-3871","cell":"L90 R35-3434","id":{"name":"SIN","value":"268245172"},"picture":{"large":"https://randomuser.me/api/portraits/women/64.jpg","medium":"https://randomuser.me/api/portraits/med/women/64.jpg","thumbnail":"https://randomuser.me/api/portraits/thumb/women/64.jpg"},"nat":"CA"}],"info":{"seed":"9056bda1a7bd0333","results":1,"page":1,"version":"1.4"}} 
 </msg>
<msg time="2024-04-21T05:13:30.548630" level="INFO">/opt/hostedtoolcache/Python/3.12.3/x64/lib/python3.12/site-packages/urllib3/connectionpool.py:1103: InsecureRequestWarning: Unverified HTTPS request is being made to host 'randomuser.me'. Adding certificate verification is strongly advised. See: https://urllib3.readthedocs.io/en/latest/advanced-usage.html#tls-warnings
  warnings.warn(</msg>
<msg time="2024-04-21T05:13:30.548741" level="INFO">${response} = &lt;Response [200]&gt;</msg>
<var>${response}</var>
<arg>consultarAPI</arg>
<arg>/api</arg>
<doc>Sends a GET request on a previously created HTTP Session.</doc>
<status status="PASS" start="2024-04-21T05:13:30.372313" elapsed="0.176469"/>
</kw>
<kw name="Should Be Equal As Numbers" owner="BuiltIn">
<msg time="2024-04-21T05:13:30.549654" level="INFO">Argument types are:
&lt;class 'int'&gt;
&lt;class 'str'&gt;</msg>
<arg>${response.status_code}</arg>
<arg>200</arg>
<doc>Fails if objects are unequal after converting them to real numbers.</doc>
<status status="PASS" start="2024-04-21T05:13:30.549232" elapsed="0.000486"/>
</kw>
<kw name="Log" owner="BuiltIn">
<msg time="2024-04-21T05:13:30.550391" level="INFO">200</msg>
<arg>${response.status_code}</arg>
<doc>Logs the given message with the given level.</doc>
<status status="PASS" start="2024-04-21T05:13:30.550039" elapsed="0.000393"/>
</kw>
<kw name="Set Variable" owner="BuiltIn">
<msg time="2024-04-21T05:13:30.551173" level="INFO">${json_data} = {'results': [{'gender': 'female', 'name': {'title': 'Miss', 'first': 'Alexis', 'last': 'Anderson'}, 'location': {'street': {'number': 796, 'name': 'Richmond Ave'}, 'city': 'South River', 'state': 'New...</msg>
<var>${json_data}</var>
<arg>${response.json()}</arg>
<doc>Returns the given values which can then be assigned to a variables.</doc>
<status status="PASS" start="2024-04-21T05:13:30.550738" elapsed="0.000463"/>
</kw>
<kw name="Dictionary Should Contain Key" owner="Collections">
<msg time="2024-04-21T05:13:30.551660" level="INFO">False</msg>
<arg>${json_data}</arg>
<arg>results</arg>
<doc>Fails if ``key`` is not found from ``dictionary``.</doc>
<status status="PASS" start="2024-04-21T05:13:30.551498" elapsed="0.000200"/>
</kw>
<status status="PASS" start="2024-04-21T05:13:30.372024" elapsed="0.179927"/>
</kw>
<doc>Testa se a API responde corretamente e retorna um objeto JSON válido.</doc>
<tag>testeRequisicaoBasica</tag>
<status status="PASS" start="2024-04-21T05:13:30.371567" elapsed="0.180557"/>
</test>
<test id="s1-s1-t3" name="Validar estrutura de resposta" line="22">
<kw name="Teste de Estrutura de Resposta" owner="random-user-service">
<kw name="GET On Session" owner="RequestsLibrary">
<msg time="2024-04-21T05:13:30.849167" level="INFO">GET Request : url=https://randomuser.me/api 
 path_url=/api 
 headers={'User-Agent': 'python-requests/2.31.0', 'Accept-Encoding': 'gzip, deflate', 'Accept': '*/*', 'Connection': 'keep-alive'} 
 body=None 
 </msg>
<msg time="2024-04-21T05:13:30.849247" level="INFO">GET Response : url=https://randomuser.me/api 
 status=200, reason=OK 
 headers={'Date': 'Sun, 21 Apr 2024 05:13:30 GMT', 'Content-Type': 'application/json; charset=utf-8', 'Transfer-Encoding': 'chunked', 'Connection': 'keep-alive', 'X-Powered-By': 'Express', 'Access-Control-Allow-Origin': '*', 'Cache-Control': 'no-cache', 'ETag': 'W/"493-nw1eSg5BcfV6RPJzkP9kVHNvbvc"', 'Vary': 'Accept-Encoding', 'Content-Encoding': 'gzip', 'CF-Cache-Status': 'DYNAMIC', 'Report-To': '{"endpoints":[{"url":"https:\\/\\/a.nel.cloudflare.com\\/report\\/v4?s=Ir4TRwhsfj%2BIDl6o4qIcq2VgEcf%2F57tGbKPEZwrEhWdzveDjgaGfu3k88%2BbIPGU1351z8YCqWPtDl4Z2Ej4pTEBQ0GGJtXD%2FoWbr2p4%2B92CgTERmIeWfVgb5k4aSN6h6"}],"group":"cf-nel","max_age":604800}', 'NEL': '{"success_fraction":0,"report_to":"cf-nel","max_age":604800}', 'Server': 'cloudflare', 'CF-RAY': '877ae29dfb8b206c-IAD', 'alt-svc': 'h3=":443"; ma=86400'} 
 body={"results":[{"gender":"male","name":{"title":"Mr","first":"Benedikt","last":"Hauschild"},"location":{"street":{"number":5384,"name":"Lindenstraße"},"city":"Bad Wildbad","state":"Nordrhein-Westfalen","country":"Germany","postcode":92179,"coordinates":{"latitude":"-52.2555","longitude":"-73.5152"},"timezone":{"offset":"+5:45","description":"Kathmandu"}},"email":"benedikt.hauschild@example.com","login":{"uuid":"14c8919e-7a1f-4ed9-9d89-130de64702ad","username":"orangemeercat183","password":"styles","salt":"CNh73YLe","md5":"5f852acac5712797ad299b130e6bc919","sha1":"f69e284ec469e68fd7e02d8c6e474b8e5a40d269","sha256":"06c08d4a9ea0211c09b5b1a11ab38bade36c8d7ed530a7179dc3e2b2b253257b"},"dob":{"date":"1956-12-05T05:43:31.540Z","age":67},"registered":{"date":"2002-08-15T11:09:46.456Z","age":21},"phone":"0832-4016800","cell":"0174-4238266","id":{"name":"SVNR","value":"12 041256 H 286"},"picture":{"large":"https://randomuser.me/api/portraits/men/85.jpg","medium":"https://randomuser.me/api/portraits/med/men/85.jpg","thumbnail":"https://randomuser.me/api/portraits/thumb/men/85.jpg"},"nat":"DE"}],"info":{"seed":"1dc74fd59fa9c1db","results":1,"page":1,"version":"1.4"}} 
 </msg>
<msg time="2024-04-21T05:13:30.849356" level="INFO">/opt/hostedtoolcache/Python/3.12.3/x64/lib/python3.12/site-packages/urllib3/connectionpool.py:1103: InsecureRequestWarning: Unverified HTTPS request is being made to host 'randomuser.me'. Adding certificate verification is strongly advised. See: https://urllib3.readthedocs.io/en/latest/advanced-usage.html#tls-warnings
  warnings.warn(</msg>
<msg time="2024-04-21T05:13:30.849589" level="INFO">${response} = &lt;Response [200]&gt;</msg>
<var>${response}</var>
<arg>consultarAPI</arg>
<arg>/api</arg>
<doc>Sends a GET request on a previously created HTTP Session.</doc>
<status status="PASS" start="2024-04-21T05:13:30.554793" elapsed="0.294829"/>
</kw>
<kw name="Set Variable" owner="BuiltIn">
<msg time="2024-04-21T05:13:30.850553" level="INFO">${json_data} = {'results': [{'gender': 'male', 'name': {'title': 'Mr', 'first': 'Benedikt', 'last': 'Hauschild'}, 'location': {'street': {'number': 5384, 'name': 'Lindenstraße'}, 'city': 'Bad Wildbad', 'state': 'Nor...</msg>
<var>${json_data}</var>
<arg>${response.json()}</arg>
<doc>Returns the given values which can then be assigned to a variables.</doc>
<status status="PASS" start="2024-04-21T05:13:30.850039" elapsed="0.000561"/>
</kw>
<kw name="Log" owner="BuiltIn">
<msg time="2024-04-21T05:13:30.851062" level="INFO">{'results': [{'gender': 'male', 'name': {'title': 'Mr', 'first': 'Benedikt', 'last': 'Hauschild'}, 'location': {'street': {'number': 5384, 'name': 'Lindenstraße'}, 'city': 'Bad Wildbad', 'state': 'Nordrhein-Westfalen', 'country': 'Germany', 'postcode': 92179, 'coordinates': {'latitude': '-52.2555', 'longitude': '-73.5152'}, 'timezone': {'offset': '+5:45', 'description': 'Kathmandu'}}, 'email': 'benedikt.hauschild@example.com', 'login': {'uuid': '14c8919e-7a1f-4ed9-9d89-130de64702ad', 'username': 'orangemeercat183', 'password': 'styles', 'salt': 'CNh73YLe', 'md5': '5f852acac5712797ad299b130e6bc919', 'sha1': 'f69e284ec469e68fd7e02d8c6e474b8e5a40d269', 'sha256': '06c08d4a9ea0211c09b5b1a11ab38bade36c8d7ed530a7179dc3e2b2b253257b'}, 'dob': {'date': '1956-12-05T05:43:31.540Z', 'age': 67}, 'registered': {'date': '2002-08-15T11:09:46.456Z', 'age': 21}, 'phone': '0832-4016800', 'cell': '0174-4238266', 'id': {'name': 'SVNR', 'value': '12 041256 H 286'}, 'picture': {'large': 'https://randomuser.me/api/portraits/men/85.jpg', 'medium': 'https://randomuser.me/api/portraits/med/men/85.jpg', 'thumbnail': 'https://randomuser.me/api/portraits/thumb/men/85.jpg'}, 'nat': 'DE'}], 'info': {'seed': '1dc74fd59fa9c1db', 'results': 1, 'page': 1, 'version': '1.4'}}</msg>
<arg>${json_data}</arg>
<doc>Logs the given message with the given level.</doc>
<status status="PASS" start="2024-04-21T05:13:30.850903" elapsed="0.000207"/>
</kw>
<kw name="Dictionary Should Contain Key" owner="Collections">
<msg time="2024-04-21T05:13:30.851558" level="INFO">False</msg>
<arg>${json_data}</arg>
<arg>results</arg>
<doc>Fails if ``key`` is not found from ``dictionary``.</doc>
<status status="PASS" start="2024-04-21T05:13:30.851407" elapsed="0.000186"/>
</kw>
<kw name="Should Not Be Empty" owner="BuiltIn">
<msg time="2024-04-21T05:13:30.852004" level="INFO">Length is 2.</msg>
<arg>${json_data}</arg>
<doc>Verifies that the given item is not empty.</doc>
<status status="PASS" start="2024-04-21T05:13:30.851877" elapsed="0.000163"/>
</kw>
<kw name="Create List" owner="BuiltIn">
<msg time="2024-04-21T05:13:30.852661" level="INFO">${expected_keys} = ['gender', 'name', 'location', 'email', 'login']</msg>
<var>${expected_keys}</var>
<arg>gender</arg>
<arg>name</arg>
<arg>location</arg>
<arg>email</arg>
<arg>login</arg>
<doc>Returns a list containing given items.</doc>
<status status="PASS" start="2024-04-21T05:13:30.852357" elapsed="0.000329"/>
</kw>
<for flavor="IN">
<iter>
<kw name="Dictionary Should Contain Key" owner="Collections">
<msg time="2024-04-21T05:13:30.853663" level="INFO">False</msg>
<arg>${json_data['results'][0]}</arg>
<arg>${key}</arg>
<doc>Fails if ``key`` is not found from ``dictionary``.</doc>
<status status="PASS" start="2024-04-21T05:13:30.853260" elapsed="0.000441"/>
</kw>
<kw name="Log" owner="BuiltIn">
<msg time="2024-04-21T05:13:30.854354" level="INFO">{'gender': 'male', 'name': {'title': 'Mr', 'first': 'Benedikt', 'last': 'Hauschild'}, 'location': {'street': {'number': 5384, 'name': 'Lindenstraße'}, 'city': 'Bad Wildbad', 'state': 'Nordrhein-Westfalen', 'country': 'Germany', 'postcode': 92179, 'coordinates': {'latitude': '-52.2555', 'longitude': '-73.5152'}, 'timezone': {'offset': '+5:45', 'description': 'Kathmandu'}}, 'email': 'benedikt.hauschild@example.com', 'login': {'uuid': '14c8919e-7a1f-4ed9-9d89-130de64702ad', 'username': 'orangemeercat183', 'password': 'styles', 'salt': 'CNh73YLe', 'md5': '5f852acac5712797ad299b130e6bc919', 'sha1': 'f69e284ec469e68fd7e02d8c6e474b8e5a40d269', 'sha256': '06c08d4a9ea0211c09b5b1a11ab38bade36c8d7ed530a7179dc3e2b2b253257b'}, 'dob': {'date': '1956-12-05T05:43:31.540Z', 'age': 67}, 'registered': {'date': '2002-08-15T11:09:46.456Z', 'age': 21}, 'phone': '0832-4016800', 'cell': '0174-4238266', 'id': {'name': 'SVNR', 'value': '12 041256 H 286'}, 'picture': {'large': 'https://randomuser.me/api/portraits/men/85.jpg', 'medium': 'https://randomuser.me/api/portraits/med/men/85.jpg', 'thumbnail': 'https://randomuser.me/api/portraits/thumb/men/85.jpg'}, 'nat': 'DE'}</msg>
<arg>${json_data['results'][0]}</arg>
<doc>Logs the given message with the given level.</doc>
<status status="PASS" start="2024-04-21T05:13:30.853997" elapsed="0.000405"/>
</kw>
<kw name="Log" owner="BuiltIn">
<msg time="2024-04-21T05:13:30.854812" level="INFO">gender</msg>
<arg>${key}</arg>
<doc>Logs the given message with the given level.</doc>
<status status="PASS" start="2024-04-21T05:13:30.854689" elapsed="0.000159"/>
</kw>
<var name="${key}">gender</var>
<status status="PASS" start="2024-04-21T05:13:30.853137" elapsed="0.001920"/>
</iter>
<iter>
<kw name="Dictionary Should Contain Key" owner="Collections">
<msg time="2024-04-21T05:13:30.855733" level="INFO">False</msg>
<arg>${json_data['results'][0]}</arg>
<arg>${key}</arg>
<doc>Fails if ``key`` is not found from ``dictionary``.</doc>
<status status="PASS" start="2024-04-21T05:13:30.855349" elapsed="0.000420"/>
</kw>
<kw name="Log" owner="BuiltIn">
<msg time="2024-04-21T05:13:30.856470" level="INFO">{'gender': 'male', 'name': {'title': 'Mr', 'first': 'Benedikt', 'last': 'Hauschild'}, 'location': {'street': {'number': 5384, 'name': 'Lindenstraße'}, 'city': 'Bad Wildbad', 'state': 'Nordrhein-Westfalen', 'country': 'Germany', 'postcode': 92179, 'coordinates': {'latitude': '-52.2555', 'longitude': '-73.5152'}, 'timezone': {'offset': '+5:45', 'description': 'Kathmandu'}}, 'email': 'benedikt.hauschild@example.com', 'login': {'uuid': '14c8919e-7a1f-4ed9-9d89-130de64702ad', 'username': 'orangemeercat183', 'password': 'styles', 'salt': 'CNh73YLe', 'md5': '5f852acac5712797ad299b130e6bc919', 'sha1': 'f69e284ec469e68fd7e02d8c6e474b8e5a40d269', 'sha256': '06c08d4a9ea0211c09b5b1a11ab38bade36c8d7ed530a7179dc3e2b2b253257b'}, 'dob': {'date': '1956-12-05T05:43:31.540Z', 'age': 67}, 'registered': {'date': '2002-08-15T11:09:46.456Z', 'age': 21}, 'phone': '0832-4016800', 'cell': '0174-4238266', 'id': {'name': 'SVNR', 'value': '12 041256 H 286'}, 'picture': {'large': 'https://randomuser.me/api/portraits/men/85.jpg', 'medium': 'https://randomuser.me/api/portraits/med/men/85.jpg', 'thumbnail': 'https://randomuser.me/api/portraits/thumb/men/85.jpg'}, 'nat': 'DE'}</msg>
<arg>${json_data['results'][0]}</arg>
<doc>Logs the given message with the given level.</doc>
<status status="PASS" start="2024-04-21T05:13:30.856087" elapsed="0.000432"/>
</kw>
<kw name="Log" owner="BuiltIn">
<msg time="2024-04-21T05:13:30.856934" level="INFO">name</msg>
<arg>${key}</arg>
<doc>Logs the given message with the given level.</doc>
<status status="PASS" start="2024-04-21T05:13:30.856812" elapsed="0.000158"/>
</kw>
<var name="${key}">name</var>
<status status="PASS" start="2024-04-21T05:13:30.855238" elapsed="0.001940"/>
</iter>
<iter>
<kw name="Dictionary Should Contain Key" owner="Collections">
<msg time="2024-04-21T05:13:30.857846" level="INFO">False</msg>
<arg>${json_data['results'][0]}</arg>
<arg>${key}</arg>
<doc>Fails if ``key`` is not found from ``dictionary``.</doc>
<status status="PASS" start="2024-04-21T05:13:30.857460" elapsed="0.000423"/>
</kw>
<kw name="Log" owner="BuiltIn">
<msg time="2024-04-21T05:13:30.858532" level="INFO">{'gender': 'male', 'name': {'title': 'Mr', 'first': 'Benedikt', 'last': 'Hauschild'}, 'location': {'street': {'number': 5384, 'name': 'Lindenstraße'}, 'city': 'Bad Wildbad', 'state': 'Nordrhein-Westfalen', 'country': 'Germany', 'postcode': 92179, 'coordinates': {'latitude': '-52.2555', 'longitude': '-73.5152'}, 'timezone': {'offset': '+5:45', 'description': 'Kathmandu'}}, 'email': 'benedikt.hauschild@example.com', 'login': {'uuid': '14c8919e-7a1f-4ed9-9d89-130de64702ad', 'username': 'orangemeercat183', 'password': 'styles', 'salt': 'CNh73YLe', 'md5': '5f852acac5712797ad299b130e6bc919', 'sha1': 'f69e284ec469e68fd7e02d8c6e474b8e5a40d269', 'sha256': '06c08d4a9ea0211c09b5b1a11ab38bade36c8d7ed530a7179dc3e2b2b253257b'}, 'dob': {'date': '1956-12-05T05:43:31.540Z', 'age': 67}, 'registered': {'date': '2002-08-15T11:09:46.456Z', 'age': 21}, 'phone': '0832-4016800', 'cell': '0174-4238266', 'id': {'name': 'SVNR', 'value': '12 041256 H 286'}, 'picture': {'large': 'https://randomuser.me/api/portraits/men/85.jpg', 'medium': 'https://randomuser.me/api/portraits/med/men/85.jpg', 'thumbnail': 'https://randomuser.me/api/portraits/thumb/men/85.jpg'}, 'nat': 'DE'}</msg>
<arg>${json_data['results'][0]}</arg>
<doc>Logs the given message with the given level.</doc>
<status status="PASS" start="2024-04-21T05:13:30.858170" elapsed="0.000410"/>
</kw>
<kw name="Log" owner="BuiltIn">
<msg time="2024-04-21T05:13:30.858994" level="INFO">location</msg>
<arg>${key}</arg>
<doc>Logs the given message with the given level.</doc>
<status status="PASS" start="2024-04-21T05:13:30.858870" elapsed="0.000162"/>
</kw>
<var name="${key}">location</var>
<status status="PASS" start="2024-04-21T05:13:30.857351" elapsed="0.001889"/>
</iter>
<iter>
<kw name="Dictionary Should Contain Key" owner="Collections">
<msg time="2024-04-21T05:13:30.859894" level="INFO">False</msg>
<arg>${json_data['results'][0]}</arg>
<arg>${key}</arg>
<doc>Fails if ``key`` is not found from ``dictionary``.</doc>
<status status="PASS" start="2024-04-21T05:13:30.859516" elapsed="0.000420"/>
</kw>
<kw name="Log" owner="BuiltIn">
<msg time="2024-04-21T05:13:30.860624" level="INFO">{'gender': 'male', 'name': {'title': 'Mr', 'first': 'Benedikt', 'last': 'Hauschild'}, 'location': {'street': {'number': 5384, 'name': 'Lindenstraße'}, 'city': 'Bad Wildbad', 'state': 'Nordrhein-Westfalen', 'country': 'Germany', 'postcode': 92179, 'coordinates': {'latitude': '-52.2555', 'longitude': '-73.5152'}, 'timezone': {'offset': '+5:45', 'description': 'Kathmandu'}}, 'email': 'benedikt.hauschild@example.com', 'login': {'uuid': '14c8919e-7a1f-4ed9-9d89-130de64702ad', 'username': 'orangemeercat183', 'password': 'styles', 'salt': 'CNh73YLe', 'md5': '5f852acac5712797ad299b130e6bc919', 'sha1': 'f69e284ec469e68fd7e02d8c6e474b8e5a40d269', 'sha256': '06c08d4a9ea0211c09b5b1a11ab38bade36c8d7ed530a7179dc3e2b2b253257b'}, 'dob': {'date': '1956-12-05T05:43:31.540Z', 'age': 67}, 'registered': {'date': '2002-08-15T11:09:46.456Z', 'age': 21}, 'phone': '0832-4016800', 'cell': '0174-4238266', 'id': {'name': 'SVNR', 'value': '12 041256 H 286'}, 'picture': {'large': 'https://randomuser.me/api/portraits/men/85.jpg', 'medium': 'https://randomuser.me/api/portraits/med/men/85.jpg', 'thumbnail': 'https://randomuser.me/api/portraits/thumb/men/85.jpg'}, 'nat': 'DE'}</msg>
<arg>${json_data['results'][0]}</arg>
<doc>Logs the given message with the given level.</doc>
<status status="PASS" start="2024-04-21T05:13:30.860263" elapsed="0.000410"/>
</kw>
<kw name="Log" owner="BuiltIn">
<msg time="2024-04-21T05:13:30.861087" level="INFO">email</msg>
<arg>${key}</arg>
<doc>Logs the given message with the given level.</doc>
<status status="PASS" start="2024-04-21T05:13:30.860963" elapsed="0.000161"/>
</kw>
<var name="${key}">email</var>
<status status="PASS" start="2024-04-21T05:13:30.859408" elapsed="0.001923"/>
</iter>
<iter>
<kw name="Dictionary Should Contain Key" owner="Collections">
<msg time="2024-04-21T05:13:30.861994" level="INFO">False</msg>
<arg>${json_data['results'][0]}</arg>
<arg>${key}</arg>
<doc>Fails if ``key`` is not found from ``dictionary``.</doc>
<status status="PASS" start="2024-04-21T05:13:30.861610" elapsed="0.000421"/>
</kw>
<kw name="Log" owner="BuiltIn">
<msg time="2024-04-21T05:13:30.862679" level="INFO">{'gender': 'male', 'name': {'title': 'Mr', 'first': 'Benedikt', 'last': 'Hauschild'}, 'location': {'street': {'number': 5384, 'name': 'Lindenstraße'}, 'city': 'Bad Wildbad', 'state': 'Nordrhein-Westfalen', 'country': 'Germany', 'postcode': 92179, 'coordinates': {'latitude': '-52.2555', 'longitude': '-73.5152'}, 'timezone': {'offset': '+5:45', 'description': 'Kathmandu'}}, 'email': 'benedikt.hauschild@example.com', 'login': {'uuid': '14c8919e-7a1f-4ed9-9d89-130de64702ad', 'username': 'orangemeercat183', 'password': 'styles', 'salt': 'CNh73YLe', 'md5': '5f852acac5712797ad299b130e6bc919', 'sha1': 'f69e284ec469e68fd7e02d8c6e474b8e5a40d269', 'sha256': '06c08d4a9ea0211c09b5b1a11ab38bade36c8d7ed530a7179dc3e2b2b253257b'}, 'dob': {'date': '1956-12-05T05:43:31.540Z', 'age': 67}, 'registered': {'date': '2002-08-15T11:09:46.456Z', 'age': 21}, 'phone': '0832-4016800', 'cell': '0174-4238266', 'id': {'name': 'SVNR', 'value': '12 041256 H 286'}, 'picture': {'large': 'https://randomuser.me/api/portraits/men/85.jpg', 'medium': 'https://randomuser.me/api/portraits/med/men/85.jpg', 'thumbnail': 'https://randomuser.me/api/portraits/thumb/men/85.jpg'}, 'nat': 'DE'}</msg>
<arg>${json_data['results'][0]}</arg>
<doc>Logs the given message with the given level.</doc>
<status status="PASS" start="2024-04-21T05:13:30.862321" elapsed="0.000407"/>
</kw>
<kw name="Log" owner="BuiltIn">
<msg time="2024-04-21T05:13:30.863141" level="INFO">login</msg>
<arg>${key}</arg>
<doc>Logs the given message with the given level.</doc>
<status status="PASS" start="2024-04-21T05:13:30.863017" elapsed="0.000160"/>
</kw>
<var name="${key}">login</var>
<status status="PASS" start="2024-04-21T05:13:30.861502" elapsed="0.001908"/>
</iter>
<var>${key}</var>
<value>@{expected_keys}</value>
<status status="PASS" start="2024-04-21T05:13:30.852948" elapsed="0.010586"/>
</for>
<kw name="Create List" owner="BuiltIn">
<msg time="2024-04-21T05:13:30.863862" level="INFO">${expected_keysTwo} = ['username', 'password']</msg>
<var>${expected_keysTwo}</var>
<arg>username</arg>
<arg>password</arg>
<doc>Returns a list containing given items.</doc>
<status status="PASS" start="2024-04-21T05:13:30.863728" elapsed="0.000158"/>
</kw>
<for flavor="IN">
<iter>
<kw name="Dictionary Should Contain Key" owner="Collections">
<msg time="2024-04-21T05:13:30.864801" level="INFO">False</msg>
<arg>${json_data['results'][0]['login']}</arg>
<arg>${keyTwo}</arg>
<doc>Fails if ``key`` is not found from ``dictionary``.</doc>
<status status="PASS" start="2024-04-21T05:13:30.864411" elapsed="0.000427"/>
</kw>
<kw name="Dictionary Should Contain Key" owner="Collections">
<msg time="2024-04-21T05:13:30.865498" level="INFO">False</msg>
<arg>${json_data['results'][0]['login']}</arg>
<arg>${keyTwo}</arg>
<doc>Fails if ``key`` is not found from ``dictionary``.</doc>
<status status="PASS" start="2024-04-21T05:13:30.865124" elapsed="0.000411"/>
</kw>
<kw name="Log" owner="BuiltIn">
<msg time="2024-04-21T05:13:30.865953" level="INFO">username</msg>
<arg>${keyTwo}</arg>
<doc>Logs the given message with the given level.</doc>
<status status="PASS" start="2024-04-21T05:13:30.865830" elapsed="0.000165"/>
</kw>
<var name="${keyTwo}">username</var>
<status status="PASS" start="2024-04-21T05:13:30.864301" elapsed="0.001903"/>
</iter>
<iter>
<kw name="Dictionary Should Contain Key" owner="Collections">
<msg time="2024-04-21T05:13:30.866855" level="INFO">False</msg>
<arg>${json_data['results'][0]['login']}</arg>
<arg>${keyTwo}</arg>
<doc>Fails if ``key`` is not found from ``dictionary``.</doc>
<status status="PASS" start="2024-04-21T05:13:30.866477" elapsed="0.000419"/>
</kw>
<kw name="Dictionary Should Contain Key" owner="Collections">
<msg time="2024-04-21T05:13:30.867638" level="INFO">False</msg>
<arg>${json_data['results'][0]['login']}</arg>
<arg>${keyTwo}</arg>
<doc>Fails if ``key`` is not found from ``dictionary``.</doc>
<status status="PASS" start="2024-04-21T05:13:30.867185" elapsed="0.000490"/>
</kw>
<kw name="Log" owner="BuiltIn">
<msg time="2024-04-21T05:13:30.868086" level="INFO">password</msg>
<arg>${keyTwo}</arg>
<doc>Logs the given message with the given level.</doc>
<status status="PASS" start="2024-04-21T05:13:30.867962" elapsed="0.000161"/>
</kw>
<var name="${keyTwo}">password</var>
<status status="PASS" start="2024-04-21T05:13:30.866370" elapsed="0.002007"/>
</iter>
<var>${keyTwo}</var>
<value>@{expected_keysTwo}</value>
<status status="PASS" start="2024-04-21T05:13:30.864117" elapsed="0.004379"/>
</for>
<status status="PASS" start="2024-04-21T05:13:30.554558" elapsed="0.314077"/>
</kw>
<doc>Testa a estrutura da resposta da API.</doc>
<tag>testeEstruturaResposta</tag>
<status status="PASS" start="2024-04-21T05:13:30.554069" elapsed="0.314719"/>
</test>
<test id="s1-s1-t4" name="Validar tipos de dados" line="28">
<kw name="Teste de Tipos de Dados" owner="random-user-service">
<kw name="GET On Session" owner="RequestsLibrary">
<msg time="2024-04-21T05:13:30.971922" level="INFO">GET Request : url=https://randomuser.me/api 
 path_url=/api 
 headers={'User-Agent': 'python-requests/2.31.0', 'Accept-Encoding': 'gzip, deflate', 'Accept': '*/*', 'Connection': 'keep-alive'} 
 body=None 
 </msg>
<msg time="2024-04-21T05:13:30.971989" level="INFO">GET Response : url=https://randomuser.me/api 
 status=200, reason=OK 
 headers={'Date': 'Sun, 21 Apr 2024 05:13:30 GMT', 'Content-Type': 'application/json; charset=utf-8', 'Transfer-Encoding': 'chunked', 'Connection': 'keep-alive', 'X-Powered-By': 'Express', 'Access-Control-Allow-Origin': '*', 'Cache-Control': 'no-cache', 'ETag': 'W/"485-yWuRG7Y4urc2aOU2nLkxL8L8akk"', 'Vary': 'Accept-Encoding', 'Content-Encoding': 'gzip', 'CF-Cache-Status': 'DYNAMIC', 'Report-To': '{"endpoints":[{"url":"https:\\/\\/a.nel.cloudflare.com\\/report\\/v4?s=7Ga1pq1EtQ1MvdYN74J2EzHLV%2FY1mqUjipUa9A6bKvmjxiqxbNpqrZljOs2UC%2B6pV%2BiKvbfgI99CnhbaA8LPLjab0S%2BPENkYvvXLRmDNZXDP0WNDOxlwtf53Z%2FJ1MCMH"}],"group":"cf-nel","max_age":604800}', 'NEL': '{"success_fraction":0,"report_to":"cf-nel","max_age":604800}', 'Server': 'cloudflare', 'CF-RAY': '877ae29ffd38206c-IAD', 'alt-svc': 'h3=":443"; ma=86400'} 
 body={"results":[{"gender":"female","name":{"title":"Mrs","first":"Yasemin","last":"Akışık"},"location":{"street":{"number":5350,"name":"Şehitler Cd"},"city":"Sinop","state":"Çanakkale","country":"Turkey","postcode":14739,"coordinates":{"latitude":"66.9946","longitude":"64.8917"},"timezone":{"offset":"-1:00","description":"Azores, Cape Verde Islands"}},"email":"yasemin.akisik@example.com","login":{"uuid":"f19685b3-0961-4347-b112-d289297bec23","username":"blacksnake226","password":"aaa111","salt":"LzemrBTg","md5":"6d51e44082a2ffba59e219623c342c77","sha1":"fc7f238d4f207ba79d0b9f41e4a459d5214f136b","sha256":"8538733eb564dc8b48b619fc6b2d44f41576f0f959bf060d822487fd8eb5a9f5"},"dob":{"date":"1974-03-14T09:23:14.616Z","age":50},"registered":{"date":"2013-11-15T21:26:54.223Z","age":10},"phone":"(647)-971-1246","cell":"(402)-820-3650","id":{"name":"","value":null},"picture":{"large":"https://randomuser.me/api/portraits/women/13.jpg","medium":"https://randomuser.me/api/portraits/med/women/13.jpg","thumbnail":"https://randomuser.me/api/portraits/thumb/women/13.jpg"},"nat":"TR"}],"info":{"seed":"eee2140542e2f5a0","results":1,"page":1,"version":"1.4"}} 
 </msg>
<msg time="2024-04-21T05:13:30.972048" level="INFO">/opt/hostedtoolcache/Python/3.12.3/x64/lib/python3.12/site-packages/urllib3/connectionpool.py:1103: InsecureRequestWarning: Unverified HTTPS request is being made to host 'randomuser.me'. Adding certificate verification is strongly advised. See: https://urllib3.readthedocs.io/en/latest/advanced-usage.html#tls-warnings
  warnings.warn(</msg>
<msg time="2024-04-21T05:13:30.972137" level="INFO">${response} = &lt;Response [200]&gt;</msg>
<var>${response}</var>
<arg>consultarAPI</arg>
<arg>/api</arg>
<doc>Sends a GET request on a previously created HTTP Session.</doc>
<status status="PASS" start="2024-04-21T05:13:30.871272" elapsed="0.100937"/>
</kw>
<kw name="Set Variable" owner="BuiltIn">
<msg time="2024-04-21T05:13:30.973048" level="INFO">${json_data} = {'results': [{'gender': 'female', 'name': {'title': 'Mrs', 'first': 'Yasemin', 'last': 'Akışık'}, 'location': {'street': {'number': 5350, 'name': 'Şehitler Cd'}, 'city': 'Sinop', 'state': 'Çanakkale',...</msg>
<var>${json_data}</var>
<arg>${response.json()}</arg>
<doc>Returns the given values which can then be assigned to a variables.</doc>
<status status="PASS" start="2024-04-21T05:13:30.972586" elapsed="0.000492"/>
</kw>
<kw name="Log" owner="BuiltIn">
<msg time="2024-04-21T05:13:30.973531" level="INFO">{'results': [{'gender': 'female', 'name': {'title': 'Mrs', 'first': 'Yasemin', 'last': 'Akışık'}, 'location': {'street': {'number': 5350, 'name': 'Şehitler Cd'}, 'city': 'Sinop', 'state': 'Çanakkale', 'country': 'Turkey', 'postcode': 14739, 'coordinates': {'latitude': '66.9946', 'longitude': '64.8917'}, 'timezone': {'offset': '-1:00', 'description': 'Azores, Cape Verde Islands'}}, 'email': 'yasemin.akisik@example.com', 'login': {'uuid': 'f19685b3-0961-4347-b112-d289297bec23', 'username': 'blacksnake226', 'password': 'aaa111', 'salt': 'LzemrBTg', 'md5': '6d51e44082a2ffba59e219623c342c77', 'sha1': 'fc7f238d4f207ba79d0b9f41e4a459d5214f136b', 'sha256': '8538733eb564dc8b48b619fc6b2d44f41576f0f959bf060d822487fd8eb5a9f5'}, 'dob': {'date': '1974-03-14T09:23:14.616Z', 'age': 50}, 'registered': {'date': '2013-11-15T21:26:54.223Z', 'age': 10}, 'phone': '(647)-971-1246', 'cell': '(402)-820-3650', 'id': {'name': '', 'value': None}, 'picture': {'large': 'https://randomuser.me/api/portraits/women/13.jpg', 'medium': 'https://randomuser.me/api/portraits/med/women/13.jpg', 'thumbnail': 'https://randomuser.me/api/portraits/thumb/women/13.jpg'}, 'nat': 'TR'}], 'info': {'seed': 'eee2140542e2f5a0', 'results': 1, 'page': 1, 'version': '1.4'}}</msg>
<arg>${json_data}</arg>
<doc>Logs the given message with the given level.</doc>
<status status="PASS" start="2024-04-21T05:13:30.973378" elapsed="0.000232"/>
</kw>
<kw name="Should Be String" owner="String">
<arg>${json_data['results'][0]['gender']}</arg>
<doc>Fails if the given ``item`` is not a string.</doc>
<status status="PASS" start="2024-04-21T05:13:30.973905" elapsed="0.000349"/>
</kw>
<kw name="Should Match Regexp" owner="BuiltIn">
<arg>${json_data['results'][0]['email']}</arg>
<arg>^[a-zA-Z0-9._%+-]+@[a-zA-Z0-9.-]+\.[a-zA-Z]{2,}$</arg>
<doc>Fails if ``string`` does not match ``pattern`` as a regular expression.</doc>
<status status="PASS" start="2024-04-21T05:13:30.974439" elapsed="0.000505"/>
</kw>
<kw name="Should Match Regexp" owner="BuiltIn">
<arg>${json_data['results'][0]['dob']['date']}</arg>
<arg>\\d{4}-\\d{2}-\\d{2}T\\d{2}:\\d{2}:\\d{2}\\.\\d{3}Z</arg>
<doc>Fails if ``string`` does not match ``pattern`` as a regular expression.</doc>
<status status="PASS" start="2024-04-21T05:13:30.975132" elapsed="0.000471"/>
</kw>
<kw name="Should Match Regexp" owner="BuiltIn">
<arg>${json_data['results'][0]['registered']['date']}</arg>
<arg>\\d{4}-\\d{2}-\\d{2}T\\d{2}:\\d{2}:\\d{2}\\.\\d{3}Z</arg>
<doc>Fails if ``string`` does not match ``pattern`` as a regular expression.</doc>
<status status="PASS" start="2024-04-21T05:13:30.975787" elapsed="0.000415"/>
</kw>
<kw name="Should Match Regexp" owner="BuiltIn">
<arg>${json_data['results'][0]['picture']['large']}</arg>
<arg>^https?://.*\.(?:png|jpe?g|gif|bmp)$</arg>
<doc>Fails if ``string`` does not match ``pattern`` as a regular expression.</doc>
<status status="PASS" start="2024-04-21T05:13:30.976390" elapsed="0.000458"/>
</kw>
<kw name="Should Match Regexp" owner="BuiltIn">
<arg>${json_data['results'][0]['picture']['medium']}</arg>
<arg>^https?://.*\.(?:png|jpe?g|gif|bmp)$</arg>
<doc>Fails if ``string`` does not match ``pattern`` as a regular expression.</doc>
<status status="PASS" start="2024-04-21T05:13:30.977036" elapsed="0.000355"/>
</kw>
<kw name="Should Match Regexp" owner="BuiltIn">
<arg>${json_data['results'][0]['picture']['thumbnail']}</arg>
<arg>^https?://.*\.(?:png|jpe?g|gif|bmp)$</arg>
<doc>Fails if ``string`` does not match ``pattern`` as a regular expression.</doc>
<status status="PASS" start="2024-04-21T05:13:30.977574" elapsed="0.000343"/>
</kw>
<kw name="Log" owner="BuiltIn">
<msg time="2024-04-21T05:13:30.978413" level="INFO">{'large': 'https://randomuser.me/api/portraits/women/13.jpg', 'medium': 'https://randomuser.me/api/portraits/med/women/13.jpg', 'thumbnail': 'https://randomuser.me/api/portraits/thumb/women/13.jpg'}</msg>
<arg>${json_data['results'][0]['picture']}</arg>
<doc>Logs the given message with the given level.</doc>
<status status="PASS" start="2024-04-21T05:13:30.978090" elapsed="0.000362"/>
</kw>
<status status="PASS" start="2024-04-21T05:13:30.871048" elapsed="0.107651"/>
</kw>
<kw name="Teste de Tipos de Dados - Postcode" owner="random-user-service">
<kw name="GET On Session" owner="RequestsLibrary">
<msg time="2024-04-21T05:13:31.009713" level="INFO">GET Request : url=https://randomuser.me/api 
 path_url=/api 
 headers={'User-Agent': 'python-requests/2.31.0', 'Accept-Encoding': 'gzip, deflate', 'Accept': '*/*', 'Connection': 'keep-alive'} 
 body=None 
 </msg>
<msg time="2024-04-21T05:13:31.009785" level="INFO">GET Response : url=https://randomuser.me/api 
 status=200, reason=OK 
 headers={'Date': 'Sun, 21 Apr 2024 05:13:31 GMT', 'Content-Type': 'application/json; charset=utf-8', 'Transfer-Encoding': 'chunked', 'Connection': 'keep-alive', 'X-Powered-By': 'Express', 'Access-Control-Allow-Origin': '*', 'Cache-Control': 'no-cache', 'ETag': 'W/"497-CK+xLCov8Q6jl/tHenNCXWGOf2E"', 'Vary': 'Accept-Encoding', 'Content-Encoding': 'gzip', 'CF-Cache-Status': 'DYNAMIC', 'Report-To': '{"endpoints":[{"url":"https:\\/\\/a.nel.cloudflare.com\\/report\\/v4?s=AYW4E6n%2Bee5Rdj9UDskVZcFGuobz82WTDBaoNrLMKBgQL88xNR5eCXyd4BKLs0C65GnM8d5JV0QEA0rf0faeeun9QFMxj9kfW9%2BP3pnk6Sef6j1W%2FWd8DRdVOILZohiD"}],"group":"cf-nel","max_age":604800}', 'NEL': '{"success_fraction":0,"report_to":"cf-nel","max_age":604800}', 'Server': 'cloudflare', 'CF-RAY': '877ae2a0add2206c-IAD', 'alt-svc': 'h3=":443"; ma=86400'} 
 body={"results":[{"gender":"male","name":{"title":"Mr","first":"Hans-Jörg","last":"Meinke"},"location":{"street":{"number":4091,"name":"Brunnenstraße"},"city":"Seeland","state":"Niedersachsen","country":"Germany","postcode":13130,"coordinates":{"latitude":"-52.5467","longitude":"-101.5219"},"timezone":{"offset":"-8:00","description":"Pacific Time (US &amp; Canada)"}},"email":"hans-jorg.meinke@example.com","login":{"uuid":"69262c80-5bfb-4730-9f0d-1099532e2acf","username":"angryswan195","password":"vladimir","salt":"vT7TBnbw","md5":"ccf434584bd80a81b8bace1fcaebb988","sha1":"3d697088b040d0601efa7f13b4e0f39bd10e4b22","sha256":"ead167d1eab30a953750f8201cb4e0312c1bf95fc1ac6740b958c2e745e0f1c5"},"dob":{"date":"1947-09-16T03:13:32.709Z","age":76},"registered":{"date":"2013-12-11T03:00:08.370Z","age":10},"phone":"0321-8167963","cell":"0174-7496290","id":{"name":"SVNR","value":"63 150947 M 260"},"picture":{"large":"https://randomuser.me/api/portraits/men/59.jpg","medium":"https://randomuser.me/api/portraits/med/men/59.jpg","thumbnail":"https://randomuser.me/api/portraits/thumb/men/59.jpg"},"nat":"DE"}],"info":{"seed":"8cac9321fe2924d8","results":1,"page":1,"version":"1.4"}} 
 </msg>
<msg time="2024-04-21T05:13:31.009854" level="INFO">/opt/hostedtoolcache/Python/3.12.3/x64/lib/python3.12/site-packages/urllib3/connectionpool.py:1103: InsecureRequestWarning: Unverified HTTPS request is being made to host 'randomuser.me'. Adding certificate verification is strongly advised. See: https://urllib3.readthedocs.io/en/latest/advanced-usage.html#tls-warnings
  warnings.warn(</msg>
<msg time="2024-04-21T05:13:31.009967" level="INFO">${response} = &lt;Response [200]&gt;</msg>
<var>${response}</var>
<arg>consultarAPI</arg>
<arg>/api</arg>
<doc>Sends a GET request on a previously created HTTP Session.</doc>
<status status="PASS" start="2024-04-21T05:13:30.979141" elapsed="0.030855"/>
</kw>
<kw name="Set Variable" owner="BuiltIn">
<msg time="2024-04-21T05:13:31.010876" level="INFO">${json_data} = {'results': [{'gender': 'male', 'name': {'title': 'Mr', 'first': 'Hans-Jörg', 'last': 'Meinke'}, 'location': {'street': {'number': 4091, 'name': 'Brunnenstraße'}, 'city': 'Seeland', 'state': 'Niedersa...</msg>
<var>${json_data}</var>
<arg>${response.json()}</arg>
<doc>Returns the given values which can then be assigned to a variables.</doc>
<status status="PASS" start="2024-04-21T05:13:31.010423" elapsed="0.000482"/>
</kw>
<kw name="Log" owner="BuiltIn">
<msg time="2024-04-21T05:13:31.011366" level="INFO">{'results': [{'gender': 'male', 'name': {'title': 'Mr', 'first': 'Hans-Jörg', 'last': 'Meinke'}, 'location': {'street': {'number': 4091, 'name': 'Brunnenstraße'}, 'city': 'Seeland', 'state': 'Niedersachsen', 'country': 'Germany', 'postcode': 13130, 'coordinates': {'latitude': '-52.5467', 'longitude': '-101.5219'}, 'timezone': {'offset': '-8:00', 'description': 'Pacific Time (US &amp; Canada)'}}, 'email': 'hans-jorg.meinke@example.com', 'login': {'uuid': '69262c80-5bfb-4730-9f0d-1099532e2acf', 'username': 'angryswan195', 'password': 'vladimir', 'salt': 'vT7TBnbw', 'md5': 'ccf434584bd80a81b8bace1fcaebb988', 'sha1': '3d697088b040d0601efa7f13b4e0f39bd10e4b22', 'sha256': 'ead167d1eab30a953750f8201cb4e0312c1bf95fc1ac6740b958c2e745e0f1c5'}, 'dob': {'date': '1947-09-16T03:13:32.709Z', 'age': 76}, 'registered': {'date': '2013-12-11T03:00:08.370Z', 'age': 10}, 'phone': '0321-8167963', 'cell': '0174-7496290', 'id': {'name': 'SVNR', 'value': '63 150947 M 260'}, 'picture': {'large': 'https://randomuser.me/api/portraits/men/59.jpg', 'medium': 'https://randomuser.me/api/portraits/med/men/59.jpg', 'thumbnail': 'https://randomuser.me/api/portraits/thumb/men/59.jpg'}, 'nat': 'DE'}], 'info': {'seed': '8cac9321fe2924d8', 'results': 1, 'page': 1, 'version': '1.4'}}</msg>
<arg>${json_data}</arg>
<doc>Logs the given message with the given level.</doc>
<status status="PASS" start="2024-04-21T05:13:31.011212" elapsed="0.000233"/>
</kw>
<kw name="Should Be Equal As Numbers" owner="BuiltIn">
<arg>${json_data['results'][0]['location']['postcode']}</arg>
<arg>${json_data['results'][0]['location']['postcode']}</arg>
<doc>Fails if objects are unequal after converting them to real numbers.</doc>
<status status="PASS" start="2024-04-21T05:13:31.011746" elapsed="0.000792"/>
</kw>
<kw name="Log" owner="BuiltIn">
<msg time="2024-04-21T05:13:31.013064" level="INFO">13130</msg>
<arg>${json_data['results'][0]['location']['postcode']}</arg>
<doc>Logs the given message with the given level.</doc>
<status status="PASS" start="2024-04-21T05:13:31.012731" elapsed="0.000370"/>
</kw>
<status status="PASS" start="2024-04-21T05:13:30.978917" elapsed="0.034416"/>
</kw>
<doc>Testa se os tipos de dados na resposta da API estão corretos.</doc>
<tag>testeTiposDados</tag>
<status status="PASS" start="2024-04-21T05:13:30.870580" elapsed="0.142899"/>
</test>
<test id="s1-s1-t5" name="Validar conteudo" line="35">
<kw name="Teste de Tipos de Conteudo" owner="random-user-service">
<kw name="GET On Session" owner="RequestsLibrary">
<msg time="2024-04-21T05:13:31.113839" level="INFO">GET Request : url=https://randomuser.me/api 
 path_url=/api 
 headers={'User-Agent': 'python-requests/2.31.0', 'Accept-Encoding': 'gzip, deflate', 'Accept': '*/*', 'Connection': 'keep-alive'} 
 body=None 
 </msg>
<msg time="2024-04-21T05:13:31.113925" level="INFO">GET Response : url=https://randomuser.me/api 
 status=200, reason=OK 
 headers={'Date': 'Sun, 21 Apr 2024 05:13:31 GMT', 'Content-Type': 'application/json; charset=utf-8', 'Transfer-Encoding': 'chunked', 'Connection': 'keep-alive', 'X-Powered-By': 'Express', 'Access-Control-Allow-Origin': '*', 'Cache-Control': 'no-cache', 'ETag': 'W/"493-RwTJHUJh/dNer8Vxrgo5N7q/r5I"', 'Vary': 'Accept-Encoding', 'Content-Encoding': 'gzip', 'CF-Cache-Status': 'DYNAMIC', 'Report-To': '{"endpoints":[{"url":"https:\\/\\/a.nel.cloudflare.com\\/report\\/v4?s=3DIroQiRedOoTMRqNEONxOBImIhfLqcNHnlQRKRrcqa0%2BAvqocaIrimTu9TBe2eWxIlvPcXyhf9ChKrDfkvynMBo033pPFzTHxDZwOnTaHWdsAyS9pSp9YhJc7G4KmGu"}],"group":"cf-nel","max_age":604800}', 'NEL': '{"success_fraction":0,"report_to":"cf-nel","max_age":604800}', 'Server': 'cloudflare', 'CF-RAY': '877ae2a0de0a206c-IAD', 'alt-svc': 'h3=":443"; ma=86400'} 
 body={"results":[{"gender":"female","name":{"title":"Ms","first":"Ava","last":"Little"},"location":{"street":{"number":8635,"name":"Fairview St"},"city":"Wagga Wagga","state":"South Australia","country":"Australia","postcode":4097,"coordinates":{"latitude":"-87.1600","longitude":"93.5318"},"timezone":{"offset":"+4:00","description":"Abu Dhabi, Muscat, Baku, Tbilisi"}},"email":"ava.little@example.com","login":{"uuid":"18c9d4e8-efdc-4ceb-9878-23e86bfcd1e4","username":"orangedog292","password":"hollywoo","salt":"81VW5QMF","md5":"0802eccc584bd6f68a90ad8682d6b30a","sha1":"6cceed55b757b31ee5176121720fa9e6b196471d","sha256":"03f7dd75efb9422f0ac688ae50f8e54f355ea6757c095c321d99acfce2fa4bce"},"dob":{"date":"1996-07-19T22:36:14.005Z","age":27},"registered":{"date":"2013-02-02T07:46:46.426Z","age":11},"phone":"07-9781-9206","cell":"0456-246-403","id":{"name":"TFN","value":"210013751"},"picture":{"large":"https://randomuser.me/api/portraits/women/40.jpg","medium":"https://randomuser.me/api/portraits/med/women/40.jpg","thumbnail":"https://randomuser.me/api/portraits/thumb/women/40.jpg"},"nat":"AU"}],"info":{"seed":"44a1b5d0260ef4f9","results":1,"page":1,"version":"1.4"}} 
 </msg>
<msg time="2024-04-21T05:13:31.113995" level="INFO">/opt/hostedtoolcache/Python/3.12.3/x64/lib/python3.12/site-packages/urllib3/connectionpool.py:1103: InsecureRequestWarning: Unverified HTTPS request is being made to host 'randomuser.me'. Adding certificate verification is strongly advised. See: https://urllib3.readthedocs.io/en/latest/advanced-usage.html#tls-warnings
  warnings.warn(</msg>
<msg time="2024-04-21T05:13:31.114107" level="INFO">${response} = &lt;Response [200]&gt;</msg>
<var>${response}</var>
<arg>consultarAPI</arg>
<arg>/api</arg>
<doc>Sends a GET request on a previously created HTTP Session.</doc>
<status status="PASS" start="2024-04-21T05:13:31.015767" elapsed="0.098376"/>
</kw>
<kw name="Set Variable" owner="BuiltIn">
<msg time="2024-04-21T05:13:31.115026" level="INFO">${json_data} = {'results': [{'gender': 'female', 'name': {'title': 'Ms', 'first': 'Ava', 'last': 'Little'}, 'location': {'street': {'number': 8635, 'name': 'Fairview St'}, 'city': 'Wagga Wagga', 'state': 'South Aust...</msg>
<var>${json_data}</var>
<arg>${response.json()}</arg>
<doc>Returns the given values which can then be assigned to a variables.</doc>
<status status="PASS" start="2024-04-21T05:13:31.114572" elapsed="0.000482"/>
</kw>
<kw name="Set Variable" owner="BuiltIn">
<msg time="2024-04-21T05:13:31.115729" level="INFO">${name_title} = Ms</msg>
<var>${name_title}</var>
<arg>${json_data["results"][0]["name"]["title"]}</arg>
<doc>Returns the given values which can then be assigned to a variables.</doc>
<status status="PASS" start="2024-04-21T05:13:31.115351" elapsed="0.000403"/>
</kw>
<kw name="Create List" owner="BuiltIn">
<msg time="2024-04-21T05:13:31.116249" level="INFO">${allowed_titles} = ['Mr', 'Ms', 'Miss', 'Mrs', 'Madame', 'Monsieur']</msg>
<var>${allowed_titles}</var>
<arg>Mr</arg>
<arg>Ms</arg>
<arg>Miss</arg>
<arg>Mrs</arg>
<arg>Madame</arg>
<arg>Monsieur</arg>
<doc>Returns a list containing given items.</doc>
<status status="PASS" start="2024-04-21T05:13:31.116051" elapsed="0.000225"/>
</kw>
<kw name="List Should Contain Value" owner="Collections">
<msg time="2024-04-21T05:13:31.116748" level="INFO">False</msg>
<arg>${allowed_titles}</arg>
<arg>${name_title}</arg>
<doc>Fails if the ``value`` is not found from ``list``.</doc>
<status status="PASS" start="2024-04-21T05:13:31.116577" elapsed="0.000207"/>
</kw>
<kw name="Set Variable" owner="BuiltIn">
<msg time="2024-04-21T05:13:31.117449" level="INFO">${name_country} = AU</msg>
<var>${name_country}</var>
<arg>${json_data["results"][0]["nat"]}</arg>
<doc>Returns the given values which can then be assigned to a variables.</doc>
<status status="PASS" start="2024-04-21T05:13:31.117069" elapsed="0.000405"/>
</kw>
<kw name="Create List" owner="BuiltIn">
<msg time="2024-04-21T05:13:31.118353" level="INFO">${list_country} = ['AD', 'AE', 'AF', 'AG', 'AI', 'AL', 'AM', 'AO', 'AQ', 'AR', 'AS', 'AT', 'AU', 'AW', 'AX', 'AZ', 'BA', 'BB', 'BD', 'BE', 'BF', 'BG', 'BH', 'BI', 'BJ', 'BL', 'BM', 'BN', 'BO', 'BQ', 'BR', 'BS', 'BT', '...</msg>
<var>${list_country}</var>
<arg>AD</arg>
<arg>AE</arg>
<arg>AF</arg>
<arg>AG</arg>
<arg>AI</arg>
<arg>AL</arg>
<arg>AM</arg>
<arg>AO</arg>
<arg>AQ</arg>
<arg>AR</arg>
<arg>AS</arg>
<arg>AT</arg>
<arg>AU</arg>
<arg>AW</arg>
<arg>AX</arg>
<arg>AZ</arg>
<arg>BA</arg>
<arg>BB</arg>
<arg>BD</arg>
<arg>BE</arg>
<arg>BF</arg>
<arg>BG</arg>
<arg>BH</arg>
<arg>BI</arg>
<arg>BJ</arg>
<arg>BL</arg>
<arg>BM</arg>
<arg>BN</arg>
<arg>BO</arg>
<arg>BQ</arg>
<arg>BR</arg>
<arg>BS</arg>
<arg>BT</arg>
<arg>BV</arg>
<arg>BW</arg>
<arg>BY</arg>
<arg>BZ</arg>
<arg>CA</arg>
<arg>CC</arg>
<arg>CD</arg>
<arg>CF</arg>
<arg>CG</arg>
<arg>CH</arg>
<arg>CI</arg>
<arg>CK</arg>
<arg>CL</arg>
<arg>CM</arg>
<arg>CN</arg>
<arg>CO</arg>
<arg>CR</arg>
<arg>CU</arg>
<arg>CV</arg>
<arg>CW</arg>
<arg>CX</arg>
<arg>CY</arg>
<arg>CZ</arg>
<arg>DE</arg>
<arg>DJ</arg>
<arg>DK</arg>
<arg>DM</arg>
<arg>DO</arg>
<arg>DZ</arg>
<arg>EC</arg>
<arg>EE</arg>
<arg>EG</arg>
<arg>EH</arg>
<arg>ER</arg>
<arg>ES</arg>
<arg>ET</arg>
<arg>FI</arg>
<arg>FJ</arg>
<arg>FK</arg>
<arg>FM</arg>
<arg>FO</arg>
<arg>FR</arg>
<arg>GA</arg>
<arg>GB</arg>
<arg>GD</arg>
<arg>GE</arg>
<arg>GF</arg>
<arg>GG</arg>
<arg>GH</arg>
<arg>GI</arg>
<arg>GL</arg>
<arg>GM</arg>
<arg>GN</arg>
<arg>GP</arg>
<arg>GQ</arg>
<arg>GR</arg>
<arg>GS</arg>
<arg>GT</arg>
<arg>GU</arg>
<arg>GW</arg>
<arg>GY</arg>
<arg>HK</arg>
<arg>HM</arg>
<arg>HN</arg>
<arg>HR</arg>
<arg>HT</arg>
<arg>HU</arg>
<arg>ID</arg>
<arg>IE</arg>
<arg>IL</arg>
<arg>IM</arg>
<arg>IN</arg>
<arg>IO</arg>
<arg>IQ</arg>
<arg>IR</arg>
<arg>IS</arg>
<arg>IT</arg>
<arg>JE</arg>
<arg>JM</arg>
<arg>JO</arg>
<arg>JP</arg>
<arg>KE</arg>
<arg>KG</arg>
<arg>KH</arg>
<arg>KI</arg>
<arg>KM</arg>
<arg>KN</arg>
<arg>KP</arg>
<arg>KR</arg>
<arg>KW</arg>
<arg>KY</arg>
<arg>KZ</arg>
<arg>LA</arg>
<arg>LB</arg>
<arg>LC</arg>
<arg>LI</arg>
<arg>LK</arg>
<arg>LR</arg>
<arg>LS</arg>
<arg>LT</arg>
<arg>LU</arg>
<arg>LV</arg>
<arg>LY</arg>
<arg>MA</arg>
<arg>MC</arg>
<arg>MD</arg>
<arg>ME</arg>
<arg>MF</arg>
<arg>MG</arg>
<arg>MH</arg>
<arg>MK</arg>
<arg>ML</arg>
<arg>MM</arg>
<arg>MN</arg>
<arg>MO</arg>
<arg>MP</arg>
<arg>MQ</arg>
<arg>MR</arg>
<arg>MS</arg>
<arg>MT</arg>
<arg>MU</arg>
<arg>MV</arg>
<arg>MW</arg>
<arg>MX</arg>
<arg>MY</arg>
<arg>MZ</arg>
<arg>NA</arg>
<arg>NC</arg>
<arg>NE</arg>
<arg>NF</arg>
<arg>NG</arg>
<arg>NI</arg>
<arg>NL</arg>
<arg>NO</arg>
<arg>NP</arg>
<arg>NR</arg>
<arg>NU</arg>
<arg>NZ</arg>
<arg>OM</arg>
<arg>PA</arg>
<arg>PE</arg>
<arg>PF</arg>
<arg>PG</arg>
<arg>PH</arg>
<arg>PK</arg>
<arg>PL</arg>
<arg>PM</arg>
<arg>PN</arg>
<arg>PR</arg>
<arg>PS</arg>
<arg>PT</arg>
<arg>PW</arg>
<arg>PY</arg>
<arg>QA</arg>
<arg>RE</arg>
<arg>RO</arg>
<arg>RS</arg>
<arg>RU</arg>
<arg>RW</arg>
<arg>SA</arg>
<arg>SB</arg>
<arg>SC</arg>
<arg>SD</arg>
<arg>SE</arg>
<arg>SG</arg>
<arg>SH</arg>
<arg>SI</arg>
<arg>SJ</arg>
<arg>SK</arg>
<arg>SL</arg>
<arg>SM</arg>
<arg>SN</arg>
<arg>SO</arg>
<arg>SR</arg>
<arg>SS</arg>
<arg>ST</arg>
<arg>SV</arg>
<arg>SX</arg>
<arg>SY</arg>
<arg>SZ</arg>
<arg>TC</arg>
<arg>TD</arg>
<arg>TF</arg>
<arg>TG</arg>
<arg>TH</arg>
<arg>TJ</arg>
<arg>TK</arg>
<arg>TL</arg>
<arg>TM</arg>
<arg>TN</arg>
<arg>TO</arg>
<arg>TR</arg>
<arg>TT</arg>
<arg>TV</arg>
<arg>TW</arg>
<arg>TZ</arg>
<arg>UA</arg>
<arg>UG</arg>
<arg>UM</arg>
<arg>US</arg>
<arg>UY</arg>
<arg>UZ</arg>
<arg>VA</arg>
<arg>VC</arg>
<arg>VE</arg>
<arg>VG</arg>
<arg>VI</arg>
<arg>VN</arg>
<arg>VU</arg>
<arg>WF</arg>
<arg>WS</arg>
<arg>XK</arg>
<arg>YE</arg>
<arg>YT</arg>
<arg>ZA</arg>
<arg>ZM</arg>
<arg>ZW</arg>
<doc>Returns a list containing given items.</doc>
<status status="PASS" start="2024-04-21T05:13:31.117772" elapsed="0.000606"/>
</kw>
<kw name="List Should Contain Value" owner="Collections">
<msg time="2024-04-21T05:13:31.119370" level="INFO">False</msg>
<arg>${list_country}</arg>
<arg>${name_country}</arg>
<doc>Fails if the ``value`` is not found from ``list``.</doc>
<status status="PASS" start="2024-04-21T05:13:31.119174" elapsed="0.000231"/>
</kw>
<kw name="Run Keyword If" owner="BuiltIn">
<kw name="Should Be True" owner="BuiltIn">
<arg>${True}</arg>
<doc>Fails if the given condition is not true.</doc>
<status status="PASS" start="2024-04-21T05:13:31.120492" elapsed="0.000144"/>
</kw>
<arg>${json_data["results"][0]["location"]["coordinates"]["latitude"]} &gt;= -90 and ${json_data["results"][0]["location"]["coordinates"]["latitude"]} &lt;= 90</arg>
<arg>Should Be True</arg>
<arg>${True}</arg>
<doc>Runs the given keyword with the given arguments, if ``condition`` is true.</doc>
<status status="PASS" start="2024-04-21T05:13:31.119711" elapsed="0.001051"/>
</kw>
<kw name="Run Keyword If" owner="BuiltIn">
<kw name="Should Be True" owner="BuiltIn">
<arg>${True}</arg>
<doc>Fails if the given condition is not true.</doc>
<status status="PASS" start="2024-04-21T05:13:31.121625" elapsed="0.000249"/>
</kw>
<arg>${json_data["results"][0]["location"]["coordinates"]["longitude"]} &gt;= -180 and ${json_data["results"][0]["location"]["coordinates"]["longitude"]} &lt;= 180</arg>
<arg>Should Be True</arg>
<arg>${True}</arg>
<doc>Runs the given keyword with the given arguments, if ``condition`` is true.</doc>
<status status="PASS" start="2024-04-21T05:13:31.120944" elapsed="0.001055"/>
</kw>
<status status="PASS" start="2024-04-21T05:13:31.015551" elapsed="0.106579"/>
</kw>
<doc>Testa o conteúdo específico dos campos retornados pela API.</doc>
<tag>testeConteudo</tag>
<status status="PASS" start="2024-04-21T05:13:31.015111" elapsed="0.107167"/>
</test>
<status status="PASS" start="2024-04-21T05:13:30.050409" elapsed="1.073806"/>
</suite>
<status status="PASS" start="2024-04-21T05:13:30.037099" elapsed="1.092222"/>
</suite>
<statistics>
<total>
<stat pass="5" fail="0" skip="0">All Tests</stat>
</total>
<tag>
<stat pass="1" fail="0" skip="0">testeConteudo</stat>
<stat pass="1" fail="0" skip="0">testeEstruturaResposta</stat>
<stat pass="1" fail="0" skip="0">testeRequisicaoBasica</stat>
<stat pass="1" fail="0" skip="0">testeTiposDados</stat>
</tag>
<suite>
<stat pass="5" fail="0" skip="0" id="s1" name="Tests">Tests</stat>
<stat pass="5" fail="0" skip="0" id="s1-s1" name="Random-User-Test">Tests.Random-User-Test</stat>
</suite>
</statistics>
<errors>
</errors>
</robot>
