<?xml version="1.0" encoding="UTF-8"?>
<robot generator="Robot 7.0 (Python 3.12.3 on linux)" generated="2024-06-03T01:05:41.877237" rpa="false" schemaversion="5">
<suite id="s1" name="Tests" source="/home/runner/work/ApiRandomUser/ApiRandomUser/RamdonUser/tests">
<suite id="s1-s1" name="Random-User-Test" source="/home/runner/work/ApiRandomUser/ApiRandomUser/RamdonUser/tests/random-user-test.robot">
<test id="s1-s1-t1" name="Conectar" line="13">
<kw name="Conectar API" owner="random-user-service">
<kw name="Create Session" owner="RequestsLibrary">
<msg time="2024-06-03T01:05:42.288397" level="INFO">Creating Session using : alias=consultarAPI, url=https://randomuser.me/, headers={},                     cookies={}, auth=None, timeout=None, proxies=None, verify=False,                     debug=0 </msg>
<arg>consultarAPI</arg>
<arg>${URL}</arg>
<doc>Create Session: create a HTTP session to a server</doc>
<status status="PASS" start="2024-06-03T01:05:42.288182" elapsed="0.000401"/>
</kw>
<status status="PASS" start="2024-06-03T01:05:42.287100" elapsed="0.001899"/>
</kw>
<status status="PASS" start="2024-06-03T01:05:42.286445" elapsed="0.002752"/>
</test>
<test id="s1-s1-t2" name="Validar retorno 200 e JSON Válido" line="16">
<kw name="Teste de Requisicao Basica" owner="random-user-service">
<kw name="GET On Session" owner="RequestsLibrary">
<msg time="2024-06-03T01:05:42.589669" level="INFO">GET Request : url=https://randomuser.me/api 
 path_url=/api 
 headers={'User-Agent': 'python-requests/2.32.3', 'Accept-Encoding': 'gzip, deflate', 'Accept': '*/*', 'Connection': 'keep-alive'} 
 body=None 
 </msg>
<msg time="2024-06-03T01:05:42.589838" level="INFO">GET Response : url=https://randomuser.me/api 
 status=200, reason=OK 
 headers={'Date': 'Mon, 03 Jun 2024 01:05:42 GMT', 'Content-Type': 'application/json; charset=utf-8', 'Transfer-Encoding': 'chunked', 'Connection': 'keep-alive', 'X-Powered-By': 'Express', 'Access-Control-Allow-Origin': '*', 'Cache-Control': 'no-cache', 'ETag': 'W/"4a0-4znKCv1W/wsGlsxxH3FX5WXWk+g"', 'Vary': 'Accept-Encoding', 'Content-Encoding': 'gzip', 'CF-Cache-Status': 'DYNAMIC', 'Report-To': '{"endpoints":[{"url":"https:\\/\\/a.nel.cloudflare.com\\/report\\/v4?s=4dzELxFI9GNyLF%2BLB3W5UL4yoLl63wuJN6fQ9xxIiUS0UmHdbUnvWAwWweCoIEAgXjxUnNxG3O9zceSjWxjWJpAY%2BDkeo4gjdJdziIq8dRC6osCvo%2BXeLUimMK84KLD%2F"}],"group":"cf-nel","max_age":604800}', 'NEL': '{"success_fraction":0,"report_to":"cf-nel","max_age":604800}', 'Server': 'cloudflare', 'CF-RAY': '88dbc6c0689c15b0-SJC', 'alt-svc': 'h3=":443"; ma=86400'} 
 body={"results":[{"gender":"male","name":{"title":"Mr","first":"Célestin","last":"Roche"},"location":{"street":{"number":6892,"name":"Rue de Cuire"},"city":"Montpellier","state":"Essonne","country":"France","postcode":36649,"coordinates":{"latitude":"-21.1844","longitude":"-159.7634"},"timezone":{"offset":"+10:00","description":"Eastern Australia, Guam, Vladivostok"}},"email":"celestin.roche@example.com","login":{"uuid":"2efb7844-ff28-4c70-b678-3a4b80bc04c4","username":"lazyleopard273","password":"gorilla","salt":"09kIUEdD","md5":"b3873a1fc746de558da2ee5edb2f1561","sha1":"d50ffb129a644612a2e927a417582740b58ae74e","sha256":"7504c7639f575fb88c97bb06bd768b7e7df84e97be4ccc5ea8129ef74cd4d120"},"dob":{"date":"1983-04-05T02:49:17.789Z","age":41},"registered":{"date":"2007-11-22T04:29:25.882Z","age":16},"phone":"03-07-70-37-25","cell":"06-27-83-59-59","id":{"name":"INSEE","value":"1830376254569 46"},"picture":{"large":"https://randomuser.me/api/portraits/men/74.jpg","medium":"https://randomuser.me/api/portraits/med/men/74.jpg","thumbnail":"https://randomuser.me/api/portraits/thumb/men/74.jpg"},"nat":"FR"}],"info":{"seed":"1e3fb09ab6667acd","results":1,"page":1,"version":"1.4"}} 
 </msg>
<msg time="2024-06-03T01:05:42.589924" level="INFO">/opt/hostedtoolcache/Python/3.12.3/x64/lib/python3.12/site-packages/urllib3/connectionpool.py:1103: InsecureRequestWarning: Unverified HTTPS request is being made to host 'randomuser.me'. Adding certificate verification is strongly advised. See: https://urllib3.readthedocs.io/en/latest/advanced-usage.html#tls-warnings
  warnings.warn(</msg>
<msg time="2024-06-03T01:05:42.590071" level="INFO">${response} = &lt;Response [200]&gt;</msg>
<var>${response}</var>
<arg>consultarAPI</arg>
<arg>/api</arg>
<doc>Sends a GET request on a previously created HTTP Session.</doc>
<status status="PASS" start="2024-06-03T01:05:42.291932" elapsed="0.298193"/>
</kw>
<kw name="Should Be Equal As Numbers" owner="BuiltIn">
<msg time="2024-06-03T01:05:42.591155" level="INFO">Argument types are:
&lt;class 'int'&gt;
&lt;class 'str'&gt;</msg>
<arg>${response.status_code}</arg>
<arg>200</arg>
<doc>Fails if objects are unequal after converting them to real numbers.</doc>
<status status="PASS" start="2024-06-03T01:05:42.590686" elapsed="0.000536"/>
</kw>
<kw name="Log" owner="BuiltIn">
<msg time="2024-06-03T01:05:42.591923" level="INFO">200</msg>
<arg>${response.status_code}</arg>
<doc>Logs the given message with the given level.</doc>
<status status="PASS" start="2024-06-03T01:05:42.591574" elapsed="0.000396"/>
</kw>
<kw name="Set Variable" owner="BuiltIn">
<msg time="2024-06-03T01:05:42.592748" level="INFO">${json_data} = {'results': [{'gender': 'male', 'name': {'title': 'Mr', 'first': 'Célestin', 'last': 'Roche'}, 'location': {'street': {'number': 6892, 'name': 'Rue de Cuire'}, 'city': 'Montpellier', 'state': 'Essonne...</msg>
<var>${json_data}</var>
<arg>${response.json()}</arg>
<doc>Returns the given values which can then be assigned to a variables.</doc>
<status status="PASS" start="2024-06-03T01:05:42.592281" elapsed="0.000502"/>
</kw>
<kw name="Dictionary Should Contain Key" owner="Collections">
<msg time="2024-06-03T01:05:42.593270" level="INFO">False</msg>
<arg>${json_data}</arg>
<arg>results</arg>
<doc>Fails if ``key`` is not found from ``dictionary``.</doc>
<status status="PASS" start="2024-06-03T01:05:42.593094" elapsed="0.000380"/>
</kw>
<status status="PASS" start="2024-06-03T01:05:42.291671" elapsed="0.302074"/>
</kw>
<doc>Testa se a API responde corretamente e retorna um objeto JSON válido.</doc>
<tag>testeRequisicaoBasica</tag>
<status status="PASS" start="2024-06-03T01:05:42.291092" elapsed="0.302838"/>
</test>
<test id="s1-s1-t3" name="Validar estrutura de resposta" line="22">
<kw name="Teste de Estrutura de Resposta" owner="random-user-service">
<kw name="GET On Session" owner="RequestsLibrary">
<msg time="2024-06-03T01:05:42.683714" level="INFO">GET Request : url=https://randomuser.me/api 
 path_url=/api 
 headers={'User-Agent': 'python-requests/2.32.3', 'Accept-Encoding': 'gzip, deflate', 'Accept': '*/*', 'Connection': 'keep-alive'} 
 body=None 
 </msg>
<msg time="2024-06-03T01:05:42.683812" level="INFO">GET Response : url=https://randomuser.me/api 
 status=200, reason=OK 
 headers={'Date': 'Mon, 03 Jun 2024 01:05:42 GMT', 'Content-Type': 'application/json; charset=utf-8', 'Transfer-Encoding': 'chunked', 'Connection': 'keep-alive', 'X-Powered-By': 'Express', 'Access-Control-Allow-Origin': '*', 'Cache-Control': 'no-cache', 'ETag': 'W/"49a-KM0D3xvihjLjIJBVPu3QG4Q3M5E"', 'Vary': 'Accept-Encoding', 'Content-Encoding': 'gzip', 'CF-Cache-Status': 'DYNAMIC', 'Report-To': '{"endpoints":[{"url":"https:\\/\\/a.nel.cloudflare.com\\/report\\/v4?s=%2FgLCe2ryFuzy1xNLsQWQwjooN30A9vT3BUxVAnhR%2BuNwm%2FLiyQ3OkU2IyHadro8JDze%2BP4MpyKHz1eJ%2FHXGqWi877%2B1nD7XfNzvZJQ7lVBzOBW%2FZrNYy8L%2FkK1a4h4Wd"}],"group":"cf-nel","max_age":604800}', 'NEL': '{"success_fraction":0,"report_to":"cf-nel","max_age":604800}', 'Server': 'cloudflare', 'CF-RAY': '88dbc6c1396f15b0-SJC', 'alt-svc': 'h3=":443"; ma=86400'} 
 body={"results":[{"gender":"female","name":{"title":"Miss","first":"Kristie","last":"Geraerts"},"location":{"street":{"number":1965,"name":"Boermaat"},"city":"Wormerland","state":"Friesland","country":"Netherlands","postcode":"1340 NL","coordinates":{"latitude":"36.3018","longitude":"22.2992"},"timezone":{"offset":"-1:00","description":"Azores, Cape Verde Islands"}},"email":"kristie.geraerts@example.com","login":{"uuid":"834632f3-8030-4311-bbf9-3b20b6e962d1","username":"organicduck771","password":"wishbone","salt":"amcpfhCU","md5":"e774fd289f320004ead170c77a4cfddf","sha1":"36177548d98a2bc16b10112de6fa0d8b3f08c789","sha256":"18b9d3a31b2ee12691381405087ff3ab5dd7ac670ab3e5b223bf0d10fbe3a1fe"},"dob":{"date":"1953-05-24T23:13:12.344Z","age":71},"registered":{"date":"2003-02-25T08:32:28.022Z","age":21},"phone":"(0065) 743550","cell":"(06) 97396431","id":{"name":"BSN","value":"28543387"},"picture":{"large":"https://randomuser.me/api/portraits/women/68.jpg","medium":"https://randomuser.me/api/portraits/med/women/68.jpg","thumbnail":"https://randomuser.me/api/portraits/thumb/women/68.jpg"},"nat":"NL"}],"info":{"seed":"b2557806c0dd0f27","results":1,"page":1,"version":"1.4"}} 
 </msg>
<msg time="2024-06-03T01:05:42.683939" level="INFO">/opt/hostedtoolcache/Python/3.12.3/x64/lib/python3.12/site-packages/urllib3/connectionpool.py:1103: InsecureRequestWarning: Unverified HTTPS request is being made to host 'randomuser.me'. Adding certificate verification is strongly advised. See: https://urllib3.readthedocs.io/en/latest/advanced-usage.html#tls-warnings
  warnings.warn(</msg>
<msg time="2024-06-03T01:05:42.684064" level="INFO">${response} = &lt;Response [200]&gt;</msg>
<var>${response}</var>
<arg>consultarAPI</arg>
<arg>/api</arg>
<doc>Sends a GET request on a previously created HTTP Session.</doc>
<status status="PASS" start="2024-06-03T01:05:42.596527" elapsed="0.087564"/>
</kw>
<kw name="Set Variable" owner="BuiltIn">
<msg time="2024-06-03T01:05:42.685147" level="INFO">${json_data} = {'results': [{'gender': 'female', 'name': {'title': 'Miss', 'first': 'Kristie', 'last': 'Geraerts'}, 'location': {'street': {'number': 1965, 'name': 'Boermaat'}, 'city': 'Wormerland', 'state': 'Friesl...</msg>
<var>${json_data}</var>
<arg>${response.json()}</arg>
<doc>Returns the given values which can then be assigned to a variables.</doc>
<status status="PASS" start="2024-06-03T01:05:42.684594" elapsed="0.000583"/>
</kw>
<kw name="Log" owner="BuiltIn">
<msg time="2024-06-03T01:05:42.685654" level="INFO">{'results': [{'gender': 'female', 'name': {'title': 'Miss', 'first': 'Kristie', 'last': 'Geraerts'}, 'location': {'street': {'number': 1965, 'name': 'Boermaat'}, 'city': 'Wormerland', 'state': 'Friesland', 'country': 'Netherlands', 'postcode': '1340 NL', 'coordinates': {'latitude': '36.3018', 'longitude': '22.2992'}, 'timezone': {'offset': '-1:00', 'description': 'Azores, Cape Verde Islands'}}, 'email': 'kristie.geraerts@example.com', 'login': {'uuid': '834632f3-8030-4311-bbf9-3b20b6e962d1', 'username': 'organicduck771', 'password': 'wishbone', 'salt': 'amcpfhCU', 'md5': 'e774fd289f320004ead170c77a4cfddf', 'sha1': '36177548d98a2bc16b10112de6fa0d8b3f08c789', 'sha256': '18b9d3a31b2ee12691381405087ff3ab5dd7ac670ab3e5b223bf0d10fbe3a1fe'}, 'dob': {'date': '1953-05-24T23:13:12.344Z', 'age': 71}, 'registered': {'date': '2003-02-25T08:32:28.022Z', 'age': 21}, 'phone': '(0065) 743550', 'cell': '(06) 97396431', 'id': {'name': 'BSN', 'value': '28543387'}, 'picture': {'large': 'https://randomuser.me/api/portraits/women/68.jpg', 'medium': 'https://randomuser.me/api/portraits/med/women/68.jpg', 'thumbnail': 'https://randomuser.me/api/portraits/thumb/women/68.jpg'}, 'nat': 'NL'}], 'info': {'seed': 'b2557806c0dd0f27', 'results': 1, 'page': 1, 'version': '1.4'}}</msg>
<arg>${json_data}</arg>
<doc>Logs the given message with the given level.</doc>
<status status="PASS" start="2024-06-03T01:05:42.685488" elapsed="0.000214"/>
</kw>
<kw name="Dictionary Should Contain Key" owner="Collections">
<msg time="2024-06-03T01:05:42.686158" level="INFO">False</msg>
<arg>${json_data}</arg>
<arg>results</arg>
<doc>Fails if ``key`` is not found from ``dictionary``.</doc>
<status status="PASS" start="2024-06-03T01:05:42.685999" elapsed="0.000197"/>
</kw>
<kw name="Should Not Be Empty" owner="BuiltIn">
<msg time="2024-06-03T01:05:42.686624" level="INFO">Length is 2.</msg>
<arg>${json_data}</arg>
<doc>Verifies that the given item is not empty.</doc>
<status status="PASS" start="2024-06-03T01:05:42.686490" elapsed="0.000171"/>
</kw>
<kw name="Create List" owner="BuiltIn">
<msg time="2024-06-03T01:05:42.687099" level="INFO">${expected_keys} = ['gender', 'name', 'location', 'email', 'login']</msg>
<var>${expected_keys}</var>
<arg>gender</arg>
<arg>name</arg>
<arg>location</arg>
<arg>email</arg>
<arg>login</arg>
<doc>Returns a list containing given items.</doc>
<status status="PASS" start="2024-06-03T01:05:42.686951" elapsed="0.000171"/>
</kw>
<for flavor="IN">
<iter>
<kw name="Dictionary Should Contain Key" owner="Collections">
<msg time="2024-06-03T01:05:42.688122" level="INFO">False</msg>
<arg>${json_data['results'][0]}</arg>
<arg>${key}</arg>
<doc>Fails if ``key`` is not found from ``dictionary``.</doc>
<status status="PASS" start="2024-06-03T01:05:42.687710" elapsed="0.000458"/>
</kw>
<kw name="Log" owner="BuiltIn">
<msg time="2024-06-03T01:05:42.688870" level="INFO">{'gender': 'female', 'name': {'title': 'Miss', 'first': 'Kristie', 'last': 'Geraerts'}, 'location': {'street': {'number': 1965, 'name': 'Boermaat'}, 'city': 'Wormerland', 'state': 'Friesland', 'country': 'Netherlands', 'postcode': '1340 NL', 'coordinates': {'latitude': '36.3018', 'longitude': '22.2992'}, 'timezone': {'offset': '-1:00', 'description': 'Azores, Cape Verde Islands'}}, 'email': 'kristie.geraerts@example.com', 'login': {'uuid': '834632f3-8030-4311-bbf9-3b20b6e962d1', 'username': 'organicduck771', 'password': 'wishbone', 'salt': 'amcpfhCU', 'md5': 'e774fd289f320004ead170c77a4cfddf', 'sha1': '36177548d98a2bc16b10112de6fa0d8b3f08c789', 'sha256': '18b9d3a31b2ee12691381405087ff3ab5dd7ac670ab3e5b223bf0d10fbe3a1fe'}, 'dob': {'date': '1953-05-24T23:13:12.344Z', 'age': 71}, 'registered': {'date': '2003-02-25T08:32:28.022Z', 'age': 21}, 'phone': '(0065) 743550', 'cell': '(06) 97396431', 'id': {'name': 'BSN', 'value': '28543387'}, 'picture': {'large': 'https://randomuser.me/api/portraits/women/68.jpg', 'medium': 'https://randomuser.me/api/portraits/med/women/68.jpg', 'thumbnail': 'https://randomuser.me/api/portraits/thumb/women/68.jpg'}, 'nat': 'NL'}</msg>
<arg>${json_data['results'][0]}</arg>
<doc>Logs the given message with the given level.</doc>
<status status="PASS" start="2024-06-03T01:05:42.688470" elapsed="0.000450"/>
</kw>
<kw name="Log" owner="BuiltIn">
<msg time="2024-06-03T01:05:42.689350" level="INFO">gender</msg>
<arg>${key}</arg>
<doc>Logs the given message with the given level.</doc>
<status status="PASS" start="2024-06-03T01:05:42.689221" elapsed="0.000167"/>
</kw>
<var name="${key}">gender</var>
<status status="PASS" start="2024-06-03T01:05:42.687584" elapsed="0.002022"/>
</iter>
<iter>
<kw name="Dictionary Should Contain Key" owner="Collections">
<msg time="2024-06-03T01:05:42.690303" level="INFO">False</msg>
<arg>${json_data['results'][0]}</arg>
<arg>${key}</arg>
<doc>Fails if ``key`` is not found from ``dictionary``.</doc>
<status status="PASS" start="2024-06-03T01:05:42.689913" elapsed="0.000428"/>
</kw>
<kw name="Log" owner="BuiltIn">
<msg time="2024-06-03T01:05:42.691037" level="INFO">{'gender': 'female', 'name': {'title': 'Miss', 'first': 'Kristie', 'last': 'Geraerts'}, 'location': {'street': {'number': 1965, 'name': 'Boermaat'}, 'city': 'Wormerland', 'state': 'Friesland', 'country': 'Netherlands', 'postcode': '1340 NL', 'coordinates': {'latitude': '36.3018', 'longitude': '22.2992'}, 'timezone': {'offset': '-1:00', 'description': 'Azores, Cape Verde Islands'}}, 'email': 'kristie.geraerts@example.com', 'login': {'uuid': '834632f3-8030-4311-bbf9-3b20b6e962d1', 'username': 'organicduck771', 'password': 'wishbone', 'salt': 'amcpfhCU', 'md5': 'e774fd289f320004ead170c77a4cfddf', 'sha1': '36177548d98a2bc16b10112de6fa0d8b3f08c789', 'sha256': '18b9d3a31b2ee12691381405087ff3ab5dd7ac670ab3e5b223bf0d10fbe3a1fe'}, 'dob': {'date': '1953-05-24T23:13:12.344Z', 'age': 71}, 'registered': {'date': '2003-02-25T08:32:28.022Z', 'age': 21}, 'phone': '(0065) 743550', 'cell': '(06) 97396431', 'id': {'name': 'BSN', 'value': '28543387'}, 'picture': {'large': 'https://randomuser.me/api/portraits/women/68.jpg', 'medium': 'https://randomuser.me/api/portraits/med/women/68.jpg', 'thumbnail': 'https://randomuser.me/api/portraits/thumb/women/68.jpg'}, 'nat': 'NL'}</msg>
<arg>${json_data['results'][0]}</arg>
<doc>Logs the given message with the given level.</doc>
<status status="PASS" start="2024-06-03T01:05:42.690666" elapsed="0.000421"/>
</kw>
<kw name="Log" owner="BuiltIn">
<msg time="2024-06-03T01:05:42.691516" level="INFO">name</msg>
<arg>${key}</arg>
<doc>Logs the given message with the given level.</doc>
<status status="PASS" start="2024-06-03T01:05:42.691385" elapsed="0.000168"/>
</kw>
<var name="${key}">name</var>
<status status="PASS" start="2024-06-03T01:05:42.689796" elapsed="0.001983"/>
</iter>
<iter>
<kw name="Dictionary Should Contain Key" owner="Collections">
<msg time="2024-06-03T01:05:42.692454" level="INFO">False</msg>
<arg>${json_data['results'][0]}</arg>
<arg>${key}</arg>
<doc>Fails if ``key`` is not found from ``dictionary``.</doc>
<status status="PASS" start="2024-06-03T01:05:42.692075" elapsed="0.000416"/>
</kw>
<kw name="Log" owner="BuiltIn">
<msg time="2024-06-03T01:05:42.693198" level="INFO">{'gender': 'female', 'name': {'title': 'Miss', 'first': 'Kristie', 'last': 'Geraerts'}, 'location': {'street': {'number': 1965, 'name': 'Boermaat'}, 'city': 'Wormerland', 'state': 'Friesland', 'country': 'Netherlands', 'postcode': '1340 NL', 'coordinates': {'latitude': '36.3018', 'longitude': '22.2992'}, 'timezone': {'offset': '-1:00', 'description': 'Azores, Cape Verde Islands'}}, 'email': 'kristie.geraerts@example.com', 'login': {'uuid': '834632f3-8030-4311-bbf9-3b20b6e962d1', 'username': 'organicduck771', 'password': 'wishbone', 'salt': 'amcpfhCU', 'md5': 'e774fd289f320004ead170c77a4cfddf', 'sha1': '36177548d98a2bc16b10112de6fa0d8b3f08c789', 'sha256': '18b9d3a31b2ee12691381405087ff3ab5dd7ac670ab3e5b223bf0d10fbe3a1fe'}, 'dob': {'date': '1953-05-24T23:13:12.344Z', 'age': 71}, 'registered': {'date': '2003-02-25T08:32:28.022Z', 'age': 21}, 'phone': '(0065) 743550', 'cell': '(06) 97396431', 'id': {'name': 'BSN', 'value': '28543387'}, 'picture': {'large': 'https://randomuser.me/api/portraits/women/68.jpg', 'medium': 'https://randomuser.me/api/portraits/med/women/68.jpg', 'thumbnail': 'https://randomuser.me/api/portraits/thumb/women/68.jpg'}, 'nat': 'NL'}</msg>
<arg>${json_data['results'][0]}</arg>
<doc>Logs the given message with the given level.</doc>
<status status="PASS" start="2024-06-03T01:05:42.692824" elapsed="0.000424"/>
</kw>
<kw name="Log" owner="BuiltIn">
<msg time="2024-06-03T01:05:42.693685" level="INFO">location</msg>
<arg>${key}</arg>
<doc>Logs the given message with the given level.</doc>
<status status="PASS" start="2024-06-03T01:05:42.693554" elapsed="0.000170"/>
</kw>
<var name="${key}">location</var>
<status status="PASS" start="2024-06-03T01:05:42.691960" elapsed="0.001983"/>
</iter>
<iter>
<kw name="Dictionary Should Contain Key" owner="Collections">
<msg time="2024-06-03T01:05:42.694724" level="INFO">False</msg>
<arg>${json_data['results'][0]}</arg>
<arg>${key}</arg>
<doc>Fails if ``key`` is not found from ``dictionary``.</doc>
<status status="PASS" start="2024-06-03T01:05:42.694231" elapsed="0.000532"/>
</kw>
<kw name="Log" owner="BuiltIn">
<msg time="2024-06-03T01:05:42.695426" level="INFO">{'gender': 'female', 'name': {'title': 'Miss', 'first': 'Kristie', 'last': 'Geraerts'}, 'location': {'street': {'number': 1965, 'name': 'Boermaat'}, 'city': 'Wormerland', 'state': 'Friesland', 'country': 'Netherlands', 'postcode': '1340 NL', 'coordinates': {'latitude': '36.3018', 'longitude': '22.2992'}, 'timezone': {'offset': '-1:00', 'description': 'Azores, Cape Verde Islands'}}, 'email': 'kristie.geraerts@example.com', 'login': {'uuid': '834632f3-8030-4311-bbf9-3b20b6e962d1', 'username': 'organicduck771', 'password': 'wishbone', 'salt': 'amcpfhCU', 'md5': 'e774fd289f320004ead170c77a4cfddf', 'sha1': '36177548d98a2bc16b10112de6fa0d8b3f08c789', 'sha256': '18b9d3a31b2ee12691381405087ff3ab5dd7ac670ab3e5b223bf0d10fbe3a1fe'}, 'dob': {'date': '1953-05-24T23:13:12.344Z', 'age': 71}, 'registered': {'date': '2003-02-25T08:32:28.022Z', 'age': 21}, 'phone': '(0065) 743550', 'cell': '(06) 97396431', 'id': {'name': 'BSN', 'value': '28543387'}, 'picture': {'large': 'https://randomuser.me/api/portraits/women/68.jpg', 'medium': 'https://randomuser.me/api/portraits/med/women/68.jpg', 'thumbnail': 'https://randomuser.me/api/portraits/thumb/women/68.jpg'}, 'nat': 'NL'}</msg>
<arg>${json_data['results'][0]}</arg>
<doc>Logs the given message with the given level.</doc>
<status status="PASS" start="2024-06-03T01:05:42.695066" elapsed="0.000407"/>
</kw>
<kw name="Log" owner="BuiltIn">
<msg time="2024-06-03T01:05:42.695900" level="INFO">email</msg>
<arg>${key}</arg>
<doc>Logs the given message with the given level.</doc>
<status status="PASS" start="2024-06-03T01:05:42.695770" elapsed="0.000168"/>
</kw>
<var name="${key}">email</var>
<status status="PASS" start="2024-06-03T01:05:42.694119" elapsed="0.002036"/>
</iter>
<iter>
<kw name="Dictionary Should Contain Key" owner="Collections">
<msg time="2024-06-03T01:05:42.696863" level="INFO">False</msg>
<arg>${json_data['results'][0]}</arg>
<arg>${key}</arg>
<doc>Fails if ``key`` is not found from ``dictionary``.</doc>
<status status="PASS" start="2024-06-03T01:05:42.696447" elapsed="0.000454"/>
</kw>
<kw name="Log" owner="BuiltIn">
<msg time="2024-06-03T01:05:42.697836" level="INFO">{'gender': 'female', 'name': {'title': 'Miss', 'first': 'Kristie', 'last': 'Geraerts'}, 'location': {'street': {'number': 1965, 'name': 'Boermaat'}, 'city': 'Wormerland', 'state': 'Friesland', 'country': 'Netherlands', 'postcode': '1340 NL', 'coordinates': {'latitude': '36.3018', 'longitude': '22.2992'}, 'timezone': {'offset': '-1:00', 'description': 'Azores, Cape Verde Islands'}}, 'email': 'kristie.geraerts@example.com', 'login': {'uuid': '834632f3-8030-4311-bbf9-3b20b6e962d1', 'username': 'organicduck771', 'password': 'wishbone', 'salt': 'amcpfhCU', 'md5': 'e774fd289f320004ead170c77a4cfddf', 'sha1': '36177548d98a2bc16b10112de6fa0d8b3f08c789', 'sha256': '18b9d3a31b2ee12691381405087ff3ab5dd7ac670ab3e5b223bf0d10fbe3a1fe'}, 'dob': {'date': '1953-05-24T23:13:12.344Z', 'age': 71}, 'registered': {'date': '2003-02-25T08:32:28.022Z', 'age': 21}, 'phone': '(0065) 743550', 'cell': '(06) 97396431', 'id': {'name': 'BSN', 'value': '28543387'}, 'picture': {'large': 'https://randomuser.me/api/portraits/women/68.jpg', 'medium': 'https://randomuser.me/api/portraits/med/women/68.jpg', 'thumbnail': 'https://randomuser.me/api/portraits/thumb/women/68.jpg'}, 'nat': 'NL'}</msg>
<arg>${json_data['results'][0]}</arg>
<doc>Logs the given message with the given level.</doc>
<status status="PASS" start="2024-06-03T01:05:42.697272" elapsed="0.000644"/>
</kw>
<kw name="Log" owner="BuiltIn">
<msg time="2024-06-03T01:05:42.698588" level="INFO">login</msg>
<arg>${key}</arg>
<doc>Logs the given message with the given level.</doc>
<status status="PASS" start="2024-06-03T01:05:42.698390" elapsed="0.000255"/>
</kw>
<var name="${key}">login</var>
<status status="PASS" start="2024-06-03T01:05:42.696334" elapsed="0.002662"/>
</iter>
<var>${key}</var>
<value>@{expected_keys}</value>
<status status="PASS" start="2024-06-03T01:05:42.687383" elapsed="0.011808"/>
</for>
<kw name="Create List" owner="BuiltIn">
<msg time="2024-06-03T01:05:42.699747" level="INFO">${expected_keysTwo} = ['username', 'password']</msg>
<var>${expected_keysTwo}</var>
<arg>username</arg>
<arg>password</arg>
<doc>Returns a list containing given items.</doc>
<status status="PASS" start="2024-06-03T01:05:42.699521" elapsed="0.000271"/>
</kw>
<for flavor="IN">
<iter>
<kw name="Dictionary Should Contain Key" owner="Collections">
<msg time="2024-06-03T01:05:42.701239" level="INFO">False</msg>
<arg>${json_data['results'][0]['login']}</arg>
<arg>${keyTwo}</arg>
<doc>Fails if ``key`` is not found from ``dictionary``.</doc>
<status status="PASS" start="2024-06-03T01:05:42.700597" elapsed="0.000700"/>
</kw>
<kw name="Dictionary Should Contain Key" owner="Collections">
<msg time="2024-06-03T01:05:42.702377" level="INFO">False</msg>
<arg>${json_data['results'][0]['login']}</arg>
<arg>${keyTwo}</arg>
<doc>Fails if ``key`` is not found from ``dictionary``.</doc>
<status status="PASS" start="2024-06-03T01:05:42.701747" elapsed="0.000695"/>
</kw>
<kw name="Log" owner="BuiltIn">
<msg time="2024-06-03T01:05:42.703132" level="INFO">username</msg>
<arg>${keyTwo}</arg>
<doc>Logs the given message with the given level.</doc>
<status status="PASS" start="2024-06-03T01:05:42.702918" elapsed="0.000286"/>
</kw>
<var name="${keyTwo}">username</var>
<status status="PASS" start="2024-06-03T01:05:42.700425" elapsed="0.003108"/>
</iter>
<iter>
<kw name="Dictionary Should Contain Key" owner="Collections">
<msg time="2024-06-03T01:05:42.704637" level="INFO">False</msg>
<arg>${json_data['results'][0]['login']}</arg>
<arg>${keyTwo}</arg>
<doc>Fails if ``key`` is not found from ``dictionary``.</doc>
<status status="PASS" start="2024-06-03T01:05:42.704008" elapsed="0.000688"/>
</kw>
<kw name="Dictionary Should Contain Key" owner="Collections">
<msg time="2024-06-03T01:05:42.705854" level="INFO">False</msg>
<arg>${json_data['results'][0]['login']}</arg>
<arg>${keyTwo}</arg>
<doc>Fails if ``key`` is not found from ``dictionary``.</doc>
<status status="PASS" start="2024-06-03T01:05:42.705190" elapsed="0.000727"/>
</kw>
<kw name="Log" owner="BuiltIn">
<msg time="2024-06-03T01:05:42.706571" level="INFO">password</msg>
<arg>${keyTwo}</arg>
<doc>Logs the given message with the given level.</doc>
<status status="PASS" start="2024-06-03T01:05:42.706364" elapsed="0.000275"/>
</kw>
<var name="${keyTwo}">password</var>
<status status="PASS" start="2024-06-03T01:05:42.703817" elapsed="0.003163"/>
</iter>
<var>${keyTwo}</var>
<value>@{expected_keysTwo}</value>
<status status="PASS" start="2024-06-03T01:05:42.700177" elapsed="0.007012"/>
</for>
<status status="PASS" start="2024-06-03T01:05:42.596283" elapsed="0.111159"/>
</kw>
<doc>Testa a estrutura da resposta da API.</doc>
<tag>testeEstruturaResposta</tag>
<status status="PASS" start="2024-06-03T01:05:42.595753" elapsed="0.111946"/>
</test>
<test id="s1-s1-t4" name="Validar tipos de dados" line="28">
<kw name="Teste de Tipos de Dados" owner="random-user-service">
<kw name="GET On Session" owner="RequestsLibrary">
<msg time="2024-06-03T01:05:42.800070" level="INFO">GET Request : url=https://randomuser.me/api 
 path_url=/api 
 headers={'User-Agent': 'python-requests/2.32.3', 'Accept-Encoding': 'gzip, deflate', 'Accept': '*/*', 'Connection': 'keep-alive'} 
 body=None 
 </msg>
<msg time="2024-06-03T01:05:42.800174" level="INFO">GET Response : url=https://randomuser.me/api 
 status=200, reason=OK 
 headers={'Date': 'Mon, 03 Jun 2024 01:05:42 GMT', 'Content-Type': 'application/json; charset=utf-8', 'Transfer-Encoding': 'chunked', 'Connection': 'keep-alive', 'X-Powered-By': 'Express', 'Access-Control-Allow-Origin': '*', 'Cache-Control': 'no-cache', 'ETag': 'W/"499-02DW6mxkcpkR9Rux7V2g/UfYGyg"', 'Vary': 'Accept-Encoding', 'Content-Encoding': 'gzip', 'CF-Cache-Status': 'DYNAMIC', 'Report-To': '{"endpoints":[{"url":"https:\\/\\/a.nel.cloudflare.com\\/report\\/v4?s=yM7B2p6iZlCYzUkItAfG6F0lyYK%2FdqSsFoXZaLY%2FesJatUH1K9C7gGFzeICkwZIS4HoW9kZTzB4ItVbcdomk%2BXnTMPySSvIKvS5aGHDa9m7l%2B7Z%2BTGgh3NGhx4ZNKilI"}],"group":"cf-nel","max_age":604800}', 'NEL': '{"success_fraction":0,"report_to":"cf-nel","max_age":604800}', 'Server': 'cloudflare', 'CF-RAY': '88dbc6c1fa0c15b0-SJC', 'alt-svc': 'h3=":443"; ma=86400'} 
 body={"results":[{"gender":"female","name":{"title":"Miss","first":"Danielle","last":"Clark"},"location":{"street":{"number":9321,"name":"Main Street"},"city":"Wicklow","state":"Waterford","country":"Ireland","postcode":40087,"coordinates":{"latitude":"-1.8220","longitude":"116.3842"},"timezone":{"offset":"+3:00","description":"Baghdad, Riyadh, Moscow, St. Petersburg"}},"email":"danielle.clark@example.com","login":{"uuid":"4218e6fe-5564-48a9-8a8d-8ee8a71558ac","username":"smallleopard924","password":"logger","salt":"uzqINKsP","md5":"9d9dbab69aa765d90e028c5e2a680337","sha1":"dc8a5ac0826b729bc256db5a4c53c239e3d70e90","sha256":"ce59e6f53976e170b4b74db73daf4499fe8103929cb7810b2bd47cfe98e7f975"},"dob":{"date":"1994-05-15T13:09:19.567Z","age":30},"registered":{"date":"2013-05-23T07:53:30.211Z","age":11},"phone":"041-133-5672","cell":"081-832-5297","id":{"name":"PPS","value":"1670555T"},"picture":{"large":"https://randomuser.me/api/portraits/women/66.jpg","medium":"https://randomuser.me/api/portraits/med/women/66.jpg","thumbnail":"https://randomuser.me/api/portraits/thumb/women/66.jpg"},"nat":"IE"}],"info":{"seed":"279200ca6c3aba48","results":1,"page":1,"version":"1.4"}} 
 </msg>
<msg time="2024-06-03T01:05:42.800249" level="INFO">/opt/hostedtoolcache/Python/3.12.3/x64/lib/python3.12/site-packages/urllib3/connectionpool.py:1103: InsecureRequestWarning: Unverified HTTPS request is being made to host 'randomuser.me'. Adding certificate verification is strongly advised. See: https://urllib3.readthedocs.io/en/latest/advanced-usage.html#tls-warnings
  warnings.warn(</msg>
<msg time="2024-06-03T01:05:42.800371" level="INFO">${response} = &lt;Response [200]&gt;</msg>
<var>${response}</var>
<arg>consultarAPI</arg>
<arg>/api</arg>
<doc>Sends a GET request on a previously created HTTP Session.</doc>
<status status="PASS" start="2024-06-03T01:05:42.711909" elapsed="0.088490"/>
</kw>
<kw name="Set Variable" owner="BuiltIn">
<msg time="2024-06-03T01:05:42.801524" level="INFO">${json_data} = {'results': [{'gender': 'female', 'name': {'title': 'Miss', 'first': 'Danielle', 'last': 'Clark'}, 'location': {'street': {'number': 9321, 'name': 'Main Street'}, 'city': 'Wicklow', 'state': 'Waterfor...</msg>
<var>${json_data}</var>
<arg>${response.json()}</arg>
<doc>Returns the given values which can then be assigned to a variables.</doc>
<status status="PASS" start="2024-06-03T01:05:42.800988" elapsed="0.000568"/>
</kw>
<kw name="Log" owner="BuiltIn">
<msg time="2024-06-03T01:05:42.802076" level="INFO">{'results': [{'gender': 'female', 'name': {'title': 'Miss', 'first': 'Danielle', 'last': 'Clark'}, 'location': {'street': {'number': 9321, 'name': 'Main Street'}, 'city': 'Wicklow', 'state': 'Waterford', 'country': 'Ireland', 'postcode': 40087, 'coordinates': {'latitude': '-1.8220', 'longitude': '116.3842'}, 'timezone': {'offset': '+3:00', 'description': 'Baghdad, Riyadh, Moscow, St. Petersburg'}}, 'email': 'danielle.clark@example.com', 'login': {'uuid': '4218e6fe-5564-48a9-8a8d-8ee8a71558ac', 'username': 'smallleopard924', 'password': 'logger', 'salt': 'uzqINKsP', 'md5': '9d9dbab69aa765d90e028c5e2a680337', 'sha1': 'dc8a5ac0826b729bc256db5a4c53c239e3d70e90', 'sha256': 'ce59e6f53976e170b4b74db73daf4499fe8103929cb7810b2bd47cfe98e7f975'}, 'dob': {'date': '1994-05-15T13:09:19.567Z', 'age': 30}, 'registered': {'date': '2013-05-23T07:53:30.211Z', 'age': 11}, 'phone': '041-133-5672', 'cell': '081-832-5297', 'id': {'name': 'PPS', 'value': '1670555T'}, 'picture': {'large': 'https://randomuser.me/api/portraits/women/66.jpg', 'medium': 'https://randomuser.me/api/portraits/med/women/66.jpg', 'thumbnail': 'https://randomuser.me/api/portraits/thumb/women/66.jpg'}, 'nat': 'IE'}], 'info': {'seed': '279200ca6c3aba48', 'results': 1, 'page': 1, 'version': '1.4'}}</msg>
<arg>${json_data}</arg>
<doc>Logs the given message with the given level.</doc>
<status status="PASS" start="2024-06-03T01:05:42.801885" elapsed="0.000299"/>
</kw>
<kw name="Should Be String" owner="String">
<arg>${json_data['results'][0]['gender']}</arg>
<doc>Fails if the given ``item`` is not a string.</doc>
<status status="PASS" start="2024-06-03T01:05:42.802501" elapsed="0.000388"/>
</kw>
<kw name="Should Match Regexp" owner="BuiltIn">
<arg>${json_data['results'][0]['email']}</arg>
<arg>^[a-zA-Z0-9._%+-]+@[a-zA-Z0-9.-]+\.[a-zA-Z]{2,}$</arg>
<doc>Fails if ``string`` does not match ``pattern`` as a regular expression.</doc>
<status status="PASS" start="2024-06-03T01:05:42.803089" elapsed="0.000682"/>
</kw>
<kw name="Should Match Regexp" owner="BuiltIn">
<arg>${json_data['results'][0]['dob']['date']}</arg>
<arg>\\d{4}-\\d{2}-\\d{2}T\\d{2}:\\d{2}:\\d{2}\\.\\d{3}Z</arg>
<doc>Fails if ``string`` does not match ``pattern`` as a regular expression.</doc>
<status status="PASS" start="2024-06-03T01:05:42.803976" elapsed="0.000492"/>
</kw>
<kw name="Should Match Regexp" owner="BuiltIn">
<arg>${json_data['results'][0]['registered']['date']}</arg>
<arg>\\d{4}-\\d{2}-\\d{2}T\\d{2}:\\d{2}:\\d{2}\\.\\d{3}Z</arg>
<doc>Fails if ``string`` does not match ``pattern`` as a regular expression.</doc>
<status status="PASS" start="2024-06-03T01:05:42.804668" elapsed="0.000411"/>
</kw>
<kw name="Should Match Regexp" owner="BuiltIn">
<arg>${json_data['results'][0]['picture']['large']}</arg>
<arg>^https?://.*\.(?:png|jpe?g|gif|bmp)$</arg>
<doc>Fails if ``string`` does not match ``pattern`` as a regular expression.</doc>
<status status="PASS" start="2024-06-03T01:05:42.805275" elapsed="0.000467"/>
</kw>
<kw name="Should Match Regexp" owner="BuiltIn">
<arg>${json_data['results'][0]['picture']['medium']}</arg>
<arg>^https?://.*\.(?:png|jpe?g|gif|bmp)$</arg>
<doc>Fails if ``string`` does not match ``pattern`` as a regular expression.</doc>
<status status="PASS" start="2024-06-03T01:05:42.805938" elapsed="0.000374"/>
</kw>
<kw name="Should Match Regexp" owner="BuiltIn">
<arg>${json_data['results'][0]['picture']['thumbnail']}</arg>
<arg>^https?://.*\.(?:png|jpe?g|gif|bmp)$</arg>
<doc>Fails if ``string`` does not match ``pattern`` as a regular expression.</doc>
<status status="PASS" start="2024-06-03T01:05:42.806504" elapsed="0.000354"/>
</kw>
<kw name="Log" owner="BuiltIn">
<msg time="2024-06-03T01:05:42.807376" level="INFO">{'large': 'https://randomuser.me/api/portraits/women/66.jpg', 'medium': 'https://randomuser.me/api/portraits/med/women/66.jpg', 'thumbnail': 'https://randomuser.me/api/portraits/thumb/women/66.jpg'}</msg>
<arg>${json_data['results'][0]['picture']}</arg>
<doc>Logs the given message with the given level.</doc>
<status status="PASS" start="2024-06-03T01:05:42.807045" elapsed="0.000375"/>
</kw>
<status status="PASS" start="2024-06-03T01:05:42.711563" elapsed="0.096124"/>
</kw>
<kw name="Teste de Tipos de Dados - Postcode" owner="random-user-service">
<kw name="GET On Session" owner="RequestsLibrary">
<msg time="2024-06-03T01:05:42.904603" level="INFO">GET Request : url=https://randomuser.me/api 
 path_url=/api 
 headers={'User-Agent': 'python-requests/2.32.3', 'Accept-Encoding': 'gzip, deflate', 'Accept': '*/*', 'Connection': 'keep-alive'} 
 body=None 
 </msg>
<msg time="2024-06-03T01:05:42.904757" level="INFO">GET Response : url=https://randomuser.me/api 
 status=200, reason=OK 
 headers={'Date': 'Mon, 03 Jun 2024 01:05:42 GMT', 'Content-Type': 'application/json; charset=utf-8', 'Transfer-Encoding': 'chunked', 'Connection': 'keep-alive', 'X-Powered-By': 'Express', 'Access-Control-Allow-Origin': '*', 'Cache-Control': 'no-cache', 'ETag': 'W/"494-5uTm2Yre8mkXhEWe8Rya/3QzNzY"', 'Vary': 'Accept-Encoding', 'Content-Encoding': 'gzip', 'CF-Cache-Status': 'DYNAMIC', 'Report-To': '{"endpoints":[{"url":"https:\\/\\/a.nel.cloudflare.com\\/report\\/v4?s=eaedHCHbeBb1yYIgsPn3N0otIcX%2FVZnY8T8fqE%2Bp5OazmvHh8mDI9Wupmuq5RH3%2BHy%2FM6HYzQgOUeTUO7yrBte%2FwB0sOJFNwSXp%2BaO4sY%2FjqkcI%2Be3Uf6KVZTBu6vvJw"}],"group":"cf-nel","max_age":604800}', 'NEL': '{"success_fraction":0,"report_to":"cf-nel","max_age":604800}', 'Server': 'cloudflare', 'CF-RAY': '88dbc6c29a7115b0-SJC', 'alt-svc': 'h3=":443"; ma=86400'} 
 body={"results":[{"gender":"female","name":{"title":"Miss","first":"Giuliana","last":"da Costa"},"location":{"street":{"number":1830,"name":"Rua Santa Catarina "},"city":"Alagoinhas","state":"Mato Grosso do Sul","country":"Brazil","postcode":80243,"coordinates":{"latitude":"-73.1762","longitude":"67.8911"},"timezone":{"offset":"+4:30","description":"Kabul"}},"email":"giuliana.dacosta@example.com","login":{"uuid":"630a2906-c7f3-4fac-ab6e-4999da4d36ea","username":"tinyfish648","password":"heart","salt":"C8p8QXzT","md5":"cc41041f11915188fcf6cdb1ddeb0194","sha1":"6914307c65146fd764a1c5db2c530bdc09dea167","sha256":"942d0e5b3fd4b3a9ea64b33e4162d40067dec0201246ac083417a7750b471d45"},"dob":{"date":"1979-07-30T10:29:16.856Z","age":44},"registered":{"date":"2014-01-11T13:40:19.150Z","age":10},"phone":"(62) 8238-6257","cell":"(41) 2256-6251","id":{"name":"CPF","value":"871.396.514-56"},"picture":{"large":"https://randomuser.me/api/portraits/women/81.jpg","medium":"https://randomuser.me/api/portraits/med/women/81.jpg","thumbnail":"https://randomuser.me/api/portraits/thumb/women/81.jpg"},"nat":"BR"}],"info":{"seed":"47b1e9ab0619267a","results":1,"page":1,"version":"1.4"}} 
 </msg>
<msg time="2024-06-03T01:05:42.904849" level="INFO">/opt/hostedtoolcache/Python/3.12.3/x64/lib/python3.12/site-packages/urllib3/connectionpool.py:1103: InsecureRequestWarning: Unverified HTTPS request is being made to host 'randomuser.me'. Adding certificate verification is strongly advised. See: https://urllib3.readthedocs.io/en/latest/advanced-usage.html#tls-warnings
  warnings.warn(</msg>
<msg time="2024-06-03T01:05:42.904987" level="INFO">${response} = &lt;Response [200]&gt;</msg>
<var>${response}</var>
<arg>consultarAPI</arg>
<arg>/api</arg>
<doc>Sends a GET request on a previously created HTTP Session.</doc>
<status status="PASS" start="2024-06-03T01:05:42.808150" elapsed="0.096878"/>
</kw>
<kw name="Set Variable" owner="BuiltIn">
<msg time="2024-06-03T01:05:42.906089" level="INFO">${json_data} = {'results': [{'gender': 'female', 'name': {'title': 'Miss', 'first': 'Giuliana', 'last': 'da Costa'}, 'location': {'street': {'number': 1830, 'name': 'Rua Santa Catarina '}, 'city': 'Alagoinhas', 'sta...</msg>
<var>${json_data}</var>
<arg>${response.json()}</arg>
<doc>Returns the given values which can then be assigned to a variables.</doc>
<status status="PASS" start="2024-06-03T01:05:42.905573" elapsed="0.000547"/>
</kw>
<kw name="Log" owner="BuiltIn">
<msg time="2024-06-03T01:05:42.906600" level="INFO">{'results': [{'gender': 'female', 'name': {'title': 'Miss', 'first': 'Giuliana', 'last': 'da Costa'}, 'location': {'street': {'number': 1830, 'name': 'Rua Santa Catarina '}, 'city': 'Alagoinhas', 'state': 'Mato Grosso do Sul', 'country': 'Brazil', 'postcode': 80243, 'coordinates': {'latitude': '-73.1762', 'longitude': '67.8911'}, 'timezone': {'offset': '+4:30', 'description': 'Kabul'}}, 'email': 'giuliana.dacosta@example.com', 'login': {'uuid': '630a2906-c7f3-4fac-ab6e-4999da4d36ea', 'username': 'tinyfish648', 'password': 'heart', 'salt': 'C8p8QXzT', 'md5': 'cc41041f11915188fcf6cdb1ddeb0194', 'sha1': '6914307c65146fd764a1c5db2c530bdc09dea167', 'sha256': '942d0e5b3fd4b3a9ea64b33e4162d40067dec0201246ac083417a7750b471d45'}, 'dob': {'date': '1979-07-30T10:29:16.856Z', 'age': 44}, 'registered': {'date': '2014-01-11T13:40:19.150Z', 'age': 10}, 'phone': '(62) 8238-6257', 'cell': '(41) 2256-6251', 'id': {'name': 'CPF', 'value': '871.396.514-56'}, 'picture': {'large': 'https://randomuser.me/api/portraits/women/81.jpg', 'medium': 'https://randomuser.me/api/portraits/med/women/81.jpg', 'thumbnail': 'https://randomuser.me/api/portraits/thumb/women/81.jpg'}, 'nat': 'BR'}], 'info': {'seed': '47b1e9ab0619267a', 'results': 1, 'page': 1, 'version': '1.4'}}</msg>
<arg>${json_data}</arg>
<doc>Logs the given message with the given level.</doc>
<status status="PASS" start="2024-06-03T01:05:42.906440" elapsed="0.000245"/>
</kw>
<kw name="Should Be Equal As Numbers" owner="BuiltIn">
<arg>${json_data['results'][0]['location']['postcode']}</arg>
<arg>${json_data['results'][0]['location']['postcode']}</arg>
<doc>Fails if objects are unequal after converting them to real numbers.</doc>
<status status="PASS" start="2024-06-03T01:05:42.906992" elapsed="0.000632"/>
</kw>
<kw name="Log" owner="BuiltIn">
<msg time="2024-06-03T01:05:42.908161" level="INFO">80243</msg>
<arg>${json_data['results'][0]['location']['postcode']}</arg>
<doc>Logs the given message with the given level.</doc>
<status status="PASS" start="2024-06-03T01:05:42.907819" elapsed="0.000387"/>
</kw>
<status status="PASS" start="2024-06-03T01:05:42.807917" elapsed="0.100556"/>
</kw>
<doc>Testa se os tipos de dados na resposta da API estão corretos.</doc>
<tag>testeTiposDados</tag>
<status status="PASS" start="2024-06-03T01:05:42.710886" elapsed="0.197762"/>
</test>
<test id="s1-s1-t5" name="Validar conteudo" line="35">
<kw name="Teste de Tipos de Conteudo" owner="random-user-service">
<kw name="GET On Session" owner="RequestsLibrary">
<msg time="2024-06-03T01:05:42.999087" level="INFO">GET Request : url=https://randomuser.me/api 
 path_url=/api 
 headers={'User-Agent': 'python-requests/2.32.3', 'Accept-Encoding': 'gzip, deflate', 'Accept': '*/*', 'Connection': 'keep-alive'} 
 body=None 
 </msg>
<msg time="2024-06-03T01:05:42.999202" level="INFO">GET Response : url=https://randomuser.me/api 
 status=200, reason=OK 
 headers={'Date': 'Mon, 03 Jun 2024 01:05:42 GMT', 'Content-Type': 'application/json; charset=utf-8', 'Transfer-Encoding': 'chunked', 'Connection': 'keep-alive', 'X-Powered-By': 'Express', 'Access-Control-Allow-Origin': '*', 'Cache-Control': 'no-cache', 'ETag': 'W/"48b-mSKLX8HlD8d9G/t90W13GZppR+U"', 'Vary': 'Accept-Encoding', 'Content-Encoding': 'gzip', 'CF-Cache-Status': 'DYNAMIC', 'Report-To': '{"endpoints":[{"url":"https:\\/\\/a.nel.cloudflare.com\\/report\\/v4?s=0SqVCphcMtYfY0hbcsgWJI6BdOgLMuK0nvxaEdsEYCVCF52nOomDFaAwes5Ap71ELQZ4HMk%2BXKdz8cQ0DczOmnswR3xw%2FzQj3QfRSMflpcLhBIpR8a4O%2FYwZpnNP4Ns7"}],"group":"cf-nel","max_age":604800}', 'NEL': '{"success_fraction":0,"report_to":"cf-nel","max_age":604800}', 'Server': 'cloudflare', 'CF-RAY': '88dbc6c33b0715b0-SJC', 'alt-svc': 'h3=":443"; ma=86400'} 
 body={"results":[{"gender":"female","name":{"title":"Miss","first":"Jovana","last":"Živojinović"},"location":{"street":{"number":1917,"name":"Koretinska"},"city":"Nova Crnja","state":"Toplica","country":"Serbia","postcode":52925,"coordinates":{"latitude":"58.2574","longitude":"116.0680"},"timezone":{"offset":"-12:00","description":"Eniwetok, Kwajalein"}},"email":"jovana.zivojinovic@example.com","login":{"uuid":"5f30368e-7693-436f-8a0c-e5ce61c2ffd0","username":"smalltiger430","password":"1357","salt":"yKooy0bN","md5":"1855e10d0abab2409758153e5dba7cb7","sha1":"d3837d96f5c866665a116e33e04eea5c93470047","sha256":"7305b1e381219a09054e218fe02227932b0e788387a1acc01dee10944e340672"},"dob":{"date":"1989-11-24T16:24:13.788Z","age":34},"registered":{"date":"2020-06-30T11:55:53.611Z","age":3},"phone":"017-1998-035","cell":"068-5194-540","id":{"name":"SID","value":"185537961"},"picture":{"large":"https://randomuser.me/api/portraits/women/38.jpg","medium":"https://randomuser.me/api/portraits/med/women/38.jpg","thumbnail":"https://randomuser.me/api/portraits/thumb/women/38.jpg"},"nat":"RS"}],"info":{"seed":"db2040c73827dec7","results":1,"page":1,"version":"1.4"}} 
 </msg>
<msg time="2024-06-03T01:05:42.999276" level="INFO">/opt/hostedtoolcache/Python/3.12.3/x64/lib/python3.12/site-packages/urllib3/connectionpool.py:1103: InsecureRequestWarning: Unverified HTTPS request is being made to host 'randomuser.me'. Adding certificate verification is strongly advised. See: https://urllib3.readthedocs.io/en/latest/advanced-usage.html#tls-warnings
  warnings.warn(</msg>
<msg time="2024-06-03T01:05:42.999398" level="INFO">${response} = &lt;Response [200]&gt;</msg>
<var>${response}</var>
<arg>consultarAPI</arg>
<arg>/api</arg>
<doc>Sends a GET request on a previously created HTTP Session.</doc>
<status status="PASS" start="2024-06-03T01:05:42.911525" elapsed="0.087906"/>
</kw>
<kw name="Set Variable" owner="BuiltIn">
<msg time="2024-06-03T01:05:43.000498" level="INFO">${json_data} = {'results': [{'gender': 'female', 'name': {'title': 'Miss', 'first': 'Jovana', 'last': 'Živojinović'}, 'location': {'street': {'number': 1917, 'name': 'Koretinska'}, 'city': 'Nova Crnja', 'state': 'To...</msg>
<var>${json_data}</var>
<arg>${response.json()}</arg>
<doc>Returns the given values which can then be assigned to a variables.</doc>
<status status="PASS" start="2024-06-03T01:05:42.999975" elapsed="0.000554"/>
</kw>
<kw name="Set Variable" owner="BuiltIn">
<msg time="2024-06-03T01:05:43.001268" level="INFO">${name_title} = Miss</msg>
<var>${name_title}</var>
<arg>${json_data["results"][0]["name"]["title"]}</arg>
<doc>Returns the given values which can then be assigned to a variables.</doc>
<status status="PASS" start="2024-06-03T01:05:43.000880" elapsed="0.000414"/>
</kw>
<kw name="Create List" owner="BuiltIn">
<msg time="2024-06-03T01:05:43.001750" level="INFO">${allowed_titles} = ['Mr', 'Ms', 'Miss', 'Mrs', 'Madame', 'Monsieur']</msg>
<var>${allowed_titles}</var>
<arg>Mr</arg>
<arg>Ms</arg>
<arg>Miss</arg>
<arg>Mrs</arg>
<arg>Madame</arg>
<arg>Monsieur</arg>
<doc>Returns a list containing given items.</doc>
<status status="PASS" start="2024-06-03T01:05:43.001597" elapsed="0.000187"/>
</kw>
<kw name="List Should Contain Value" owner="Collections">
<msg time="2024-06-03T01:05:43.002283" level="INFO">False</msg>
<arg>${allowed_titles}</arg>
<arg>${name_title}</arg>
<doc>Fails if the ``value`` is not found from ``list``.</doc>
<status status="PASS" start="2024-06-03T01:05:43.002092" elapsed="0.000231"/>
</kw>
<kw name="Set Variable" owner="BuiltIn">
<msg time="2024-06-03T01:05:43.003188" level="INFO">${name_country} = RS</msg>
<var>${name_country}</var>
<arg>${json_data["results"][0]["nat"]}</arg>
<doc>Returns the given values which can then be assigned to a variables.</doc>
<status status="PASS" start="2024-06-03T01:05:43.002621" elapsed="0.000593"/>
</kw>
<kw name="Create List" owner="BuiltIn">
<msg time="2024-06-03T01:05:43.004126" level="INFO">${list_country} = ['AD', 'AE', 'AF', 'AG', 'AI', 'AL', 'AM', 'AO', 'AQ', 'AR', 'AS', 'AT', 'AU', 'AW', 'AX', 'AZ', 'BA', 'BB', 'BD', 'BE', 'BF', 'BG', 'BH', 'BI', 'BJ', 'BL', 'BM', 'BN', 'BO', 'BQ', 'BR', 'BS', 'BT', '...</msg>
<var>${list_country}</var>
<arg>AD</arg>
<arg>AE</arg>
<arg>AF</arg>
<arg>AG</arg>
<arg>AI</arg>
<arg>AL</arg>
<arg>AM</arg>
<arg>AO</arg>
<arg>AQ</arg>
<arg>AR</arg>
<arg>AS</arg>
<arg>AT</arg>
<arg>AU</arg>
<arg>AW</arg>
<arg>AX</arg>
<arg>AZ</arg>
<arg>BA</arg>
<arg>BB</arg>
<arg>BD</arg>
<arg>BE</arg>
<arg>BF</arg>
<arg>BG</arg>
<arg>BH</arg>
<arg>BI</arg>
<arg>BJ</arg>
<arg>BL</arg>
<arg>BM</arg>
<arg>BN</arg>
<arg>BO</arg>
<arg>BQ</arg>
<arg>BR</arg>
<arg>BS</arg>
<arg>BT</arg>
<arg>BV</arg>
<arg>BW</arg>
<arg>BY</arg>
<arg>BZ</arg>
<arg>CA</arg>
<arg>CC</arg>
<arg>CD</arg>
<arg>CF</arg>
<arg>CG</arg>
<arg>CH</arg>
<arg>CI</arg>
<arg>CK</arg>
<arg>CL</arg>
<arg>CM</arg>
<arg>CN</arg>
<arg>CO</arg>
<arg>CR</arg>
<arg>CU</arg>
<arg>CV</arg>
<arg>CW</arg>
<arg>CX</arg>
<arg>CY</arg>
<arg>CZ</arg>
<arg>DE</arg>
<arg>DJ</arg>
<arg>DK</arg>
<arg>DM</arg>
<arg>DO</arg>
<arg>DZ</arg>
<arg>EC</arg>
<arg>EE</arg>
<arg>EG</arg>
<arg>EH</arg>
<arg>ER</arg>
<arg>ES</arg>
<arg>ET</arg>
<arg>FI</arg>
<arg>FJ</arg>
<arg>FK</arg>
<arg>FM</arg>
<arg>FO</arg>
<arg>FR</arg>
<arg>GA</arg>
<arg>GB</arg>
<arg>GD</arg>
<arg>GE</arg>
<arg>GF</arg>
<arg>GG</arg>
<arg>GH</arg>
<arg>GI</arg>
<arg>GL</arg>
<arg>GM</arg>
<arg>GN</arg>
<arg>GP</arg>
<arg>GQ</arg>
<arg>GR</arg>
<arg>GS</arg>
<arg>GT</arg>
<arg>GU</arg>
<arg>GW</arg>
<arg>GY</arg>
<arg>HK</arg>
<arg>HM</arg>
<arg>HN</arg>
<arg>HR</arg>
<arg>HT</arg>
<arg>HU</arg>
<arg>ID</arg>
<arg>IE</arg>
<arg>IL</arg>
<arg>IM</arg>
<arg>IN</arg>
<arg>IO</arg>
<arg>IQ</arg>
<arg>IR</arg>
<arg>IS</arg>
<arg>IT</arg>
<arg>JE</arg>
<arg>JM</arg>
<arg>JO</arg>
<arg>JP</arg>
<arg>KE</arg>
<arg>KG</arg>
<arg>KH</arg>
<arg>KI</arg>
<arg>KM</arg>
<arg>KN</arg>
<arg>KP</arg>
<arg>KR</arg>
<arg>KW</arg>
<arg>KY</arg>
<arg>KZ</arg>
<arg>LA</arg>
<arg>LB</arg>
<arg>LC</arg>
<arg>LI</arg>
<arg>LK</arg>
<arg>LR</arg>
<arg>LS</arg>
<arg>LT</arg>
<arg>LU</arg>
<arg>LV</arg>
<arg>LY</arg>
<arg>MA</arg>
<arg>MC</arg>
<arg>MD</arg>
<arg>ME</arg>
<arg>MF</arg>
<arg>MG</arg>
<arg>MH</arg>
<arg>MK</arg>
<arg>ML</arg>
<arg>MM</arg>
<arg>MN</arg>
<arg>MO</arg>
<arg>MP</arg>
<arg>MQ</arg>
<arg>MR</arg>
<arg>MS</arg>
<arg>MT</arg>
<arg>MU</arg>
<arg>MV</arg>
<arg>MW</arg>
<arg>MX</arg>
<arg>MY</arg>
<arg>MZ</arg>
<arg>NA</arg>
<arg>NC</arg>
<arg>NE</arg>
<arg>NF</arg>
<arg>NG</arg>
<arg>NI</arg>
<arg>NL</arg>
<arg>NO</arg>
<arg>NP</arg>
<arg>NR</arg>
<arg>NU</arg>
<arg>NZ</arg>
<arg>OM</arg>
<arg>PA</arg>
<arg>PE</arg>
<arg>PF</arg>
<arg>PG</arg>
<arg>PH</arg>
<arg>PK</arg>
<arg>PL</arg>
<arg>PM</arg>
<arg>PN</arg>
<arg>PR</arg>
<arg>PS</arg>
<arg>PT</arg>
<arg>PW</arg>
<arg>PY</arg>
<arg>QA</arg>
<arg>RE</arg>
<arg>RO</arg>
<arg>RS</arg>
<arg>RU</arg>
<arg>RW</arg>
<arg>SA</arg>
<arg>SB</arg>
<arg>SC</arg>
<arg>SD</arg>
<arg>SE</arg>
<arg>SG</arg>
<arg>SH</arg>
<arg>SI</arg>
<arg>SJ</arg>
<arg>SK</arg>
<arg>SL</arg>
<arg>SM</arg>
<arg>SN</arg>
<arg>SO</arg>
<arg>SR</arg>
<arg>SS</arg>
<arg>ST</arg>
<arg>SV</arg>
<arg>SX</arg>
<arg>SY</arg>
<arg>SZ</arg>
<arg>TC</arg>
<arg>TD</arg>
<arg>TF</arg>
<arg>TG</arg>
<arg>TH</arg>
<arg>TJ</arg>
<arg>TK</arg>
<arg>TL</arg>
<arg>TM</arg>
<arg>TN</arg>
<arg>TO</arg>
<arg>TR</arg>
<arg>TT</arg>
<arg>TV</arg>
<arg>TW</arg>
<arg>TZ</arg>
<arg>UA</arg>
<arg>UG</arg>
<arg>UM</arg>
<arg>US</arg>
<arg>UY</arg>
<arg>UZ</arg>
<arg>VA</arg>
<arg>VC</arg>
<arg>VE</arg>
<arg>VG</arg>
<arg>VI</arg>
<arg>VN</arg>
<arg>VU</arg>
<arg>WF</arg>
<arg>WS</arg>
<arg>XK</arg>
<arg>YE</arg>
<arg>YT</arg>
<arg>ZA</arg>
<arg>ZM</arg>
<arg>ZW</arg>
<doc>Returns a list containing given items.</doc>
<status status="PASS" start="2024-06-03T01:05:43.003528" elapsed="0.000624"/>
</kw>
<kw name="List Should Contain Value" owner="Collections">
<msg time="2024-06-03T01:05:43.005176" level="INFO">False</msg>
<arg>${list_country}</arg>
<arg>${name_country}</arg>
<doc>Fails if the ``value`` is not found from ``list``.</doc>
<status status="PASS" start="2024-06-03T01:05:43.004968" elapsed="0.000245"/>
</kw>
<kw name="Run Keyword If" owner="BuiltIn">
<kw name="Should Be True" owner="BuiltIn">
<arg>${True}</arg>
<doc>Fails if the given condition is not true.</doc>
<status status="PASS" start="2024-06-03T01:05:43.006289" elapsed="0.000147"/>
</kw>
<arg>${json_data["results"][0]["location"]["coordinates"]["latitude"]} &gt;= -90 and ${json_data["results"][0]["location"]["coordinates"]["latitude"]} &lt;= 90</arg>
<arg>Should Be True</arg>
<arg>${True}</arg>
<doc>Runs the given keyword with the given arguments, if ``condition`` is true.</doc>
<status status="PASS" start="2024-06-03T01:05:43.005533" elapsed="0.001033"/>
</kw>
<kw name="Run Keyword If" owner="BuiltIn">
<kw name="Should Be True" owner="BuiltIn">
<arg>${True}</arg>
<doc>Fails if the given condition is not true.</doc>
<status status="PASS" start="2024-06-03T01:05:43.007471" elapsed="0.000151"/>
</kw>
<arg>${json_data["results"][0]["location"]["coordinates"]["longitude"]} &gt;= -180 and ${json_data["results"][0]["location"]["coordinates"]["longitude"]} &lt;= 180</arg>
<arg>Should Be True</arg>
<arg>${True}</arg>
<doc>Runs the given keyword with the given arguments, if ``condition`` is true.</doc>
<status status="PASS" start="2024-06-03T01:05:43.006761" elapsed="0.000986"/>
</kw>
<status status="PASS" start="2024-06-03T01:05:42.911137" elapsed="0.096749"/>
</kw>
<doc>Testa o conteúdo específico dos campos retornados pela API.</doc>
<tag>testeConteudo</tag>
<status status="PASS" start="2024-06-03T01:05:42.910447" elapsed="0.097594"/>
</test>
<status status="PASS" start="2024-06-03T01:05:41.935733" elapsed="1.074287"/>
</suite>
<status status="PASS" start="2024-06-03T01:05:41.921861" elapsed="1.093463"/>
</suite>
<statistics>
<total>
<stat pass="5" fail="0" skip="0">All Tests</stat>
</total>
<tag>
<stat pass="1" fail="0" skip="0">testeConteudo</stat>
<stat pass="1" fail="0" skip="0">testeEstruturaResposta</stat>
<stat pass="1" fail="0" skip="0">testeRequisicaoBasica</stat>
<stat pass="1" fail="0" skip="0">testeTiposDados</stat>
</tag>
<suite>
<stat pass="5" fail="0" skip="0" id="s1" name="Tests">Tests</stat>
<stat pass="5" fail="0" skip="0" id="s1-s1" name="Random-User-Test">Tests.Random-User-Test</stat>
</suite>
</statistics>
<errors>
</errors>
</robot>
