<?xml version="1.0" encoding="UTF-8"?>
<robot generator="Robot 7.0 (Python 3.12.3 on linux)" generated="2024-04-28T03:15:40.279099" rpa="false" schemaversion="5">
<suite id="s1" name="Tests" source="/home/runner/work/DesafioQAItauRogerioJordao/DesafioQAItauRogerioJordao/RamdonUser/tests">
<suite id="s1-s1" name="Random-User-Test" source="/home/runner/work/DesafioQAItauRogerioJordao/DesafioQAItauRogerioJordao/RamdonUser/tests/random-user-test.robot">
<test id="s1-s1-t1" name="Conectar" line="13">
<kw name="Conectar API" owner="random-user-service">
<kw name="Create Session" owner="RequestsLibrary">
<msg time="2024-04-28T03:15:40.665367" level="INFO">Creating Session using : alias=consultarAPI, url=https://randomuser.me/, headers={},                     cookies={}, auth=None, timeout=None, proxies=None, verify=False,                     debug=0 </msg>
<arg>consultarAPI</arg>
<arg>${URL}</arg>
<doc>Create Session: create a HTTP session to a server</doc>
<status status="PASS" start="2024-04-28T03:15:40.665140" elapsed="0.000435"/>
</kw>
<status status="PASS" start="2024-04-28T03:15:40.664108" elapsed="0.001872"/>
</kw>
<status status="PASS" start="2024-04-28T03:15:40.663451" elapsed="0.002736"/>
</test>
<test id="s1-s1-t2" name="Validar retorno 200 e JSON Válido" line="16">
<kw name="Teste de Requisicao Basica" owner="random-user-service">
<kw name="GET On Session" owner="RequestsLibrary">
<msg time="2024-04-28T03:15:41.015731" level="INFO">GET Request : url=https://randomuser.me/api 
 path_url=/api 
 headers={'User-Agent': 'python-requests/2.31.0', 'Accept-Encoding': 'gzip, deflate', 'Accept': '*/*', 'Connection': 'keep-alive'} 
 body=None 
 </msg>
<msg time="2024-04-28T03:15:41.015902" level="INFO">GET Response : url=https://randomuser.me/api 
 status=200, reason=OK 
 headers={'Date': 'Sun, 28 Apr 2024 03:15:41 GMT', 'Content-Type': 'application/json; charset=utf-8', 'Transfer-Encoding': 'chunked', 'Connection': 'keep-alive', 'X-Powered-By': 'Express', 'Access-Control-Allow-Origin': '*', 'Cache-Control': 'no-cache', 'ETag': 'W/"4a3-qB+hJMKepVRTnqPqloIzWzmoL6Q"', 'Vary': 'Accept-Encoding', 'Content-Encoding': 'gzip', 'CF-Cache-Status': 'DYNAMIC', 'Report-To': '{"endpoints":[{"url":"https:\\/\\/a.nel.cloudflare.com\\/report\\/v4?s=RyOcRyQCYX7OXFX5Q6Moe2W6fm65eKr1%2BGnbyvgie0EH0r2L6OYa0bMAzgOp%2BfJiN3omjUvzMZdMRJWPKtBYFI0w033wD1kzfpjftj42yCQDIyFALrZIOcm1SfZ%2BtwTj"}],"group":"cf-nel","max_age":604800}', 'NEL': '{"success_fraction":0,"report_to":"cf-nel","max_age":604800}', 'Server': 'cloudflare', 'CF-RAY': '87b3e3a47882e26a-ORD', 'alt-svc': 'h3=":443"; ma=86400'} 
 body={"results":[{"gender":"female","name":{"title":"Miss","first":"Amalie","last":"Petersen"},"location":{"street":{"number":6963,"name":"Hans Egedes Vej"},"city":"Vesterborg","state":"Midtjylland","country":"Denmark","postcode":56547,"coordinates":{"latitude":"-39.3375","longitude":"114.3403"},"timezone":{"offset":"-4:00","description":"Atlantic Time (Canada), Caracas, La Paz"}},"email":"amalie.petersen@example.com","login":{"uuid":"0c24b4e7-8899-47e4-88c9-4fb550aadf3f","username":"organicelephant967","password":"saturn","salt":"HJME6tWI","md5":"16cbebe29be421f962e453f517a772e0","sha1":"ecce250149dc54a5afaf6f798a97c95b42a73825","sha256":"265e86f59af04c0e6f691d9c159fa2c4445274764829ab9992efa9eac4664db0"},"dob":{"date":"1985-12-28T08:54:17.168Z","age":38},"registered":{"date":"2009-09-13T20:48:41.524Z","age":14},"phone":"06689194","cell":"78396323","id":{"name":"CPR","value":"281285-8538"},"picture":{"large":"https://randomuser.me/api/portraits/women/35.jpg","medium":"https://randomuser.me/api/portraits/med/women/35.jpg","thumbnail":"https://randomuser.me/api/portraits/thumb/women/35.jpg"},"nat":"DK"}],"info":{"seed":"ab049853f423b0ef","results":1,"page":1,"version":"1.4"}} 
 </msg>
<msg time="2024-04-28T03:15:41.015996" level="INFO">/opt/hostedtoolcache/Python/3.12.3/x64/lib/python3.12/site-packages/urllib3/connectionpool.py:1103: InsecureRequestWarning: Unverified HTTPS request is being made to host 'randomuser.me'. Adding certificate verification is strongly advised. See: https://urllib3.readthedocs.io/en/latest/advanced-usage.html#tls-warnings
  warnings.warn(</msg>
<msg time="2024-04-28T03:15:41.016158" level="INFO">${response} = &lt;Response [200]&gt;</msg>
<var>${response}</var>
<arg>consultarAPI</arg>
<arg>/api</arg>
<doc>Sends a GET request on a previously created HTTP Session.</doc>
<status status="PASS" start="2024-04-28T03:15:40.669014" elapsed="0.347192"/>
</kw>
<kw name="Should Be Equal As Numbers" owner="BuiltIn">
<msg time="2024-04-28T03:15:41.017190" level="INFO">Argument types are:
&lt;class 'int'&gt;
&lt;class 'str'&gt;</msg>
<arg>${response.status_code}</arg>
<arg>200</arg>
<doc>Fails if objects are unequal after converting them to real numbers.</doc>
<status status="PASS" start="2024-04-28T03:15:41.016732" elapsed="0.000522"/>
</kw>
<kw name="Log" owner="BuiltIn">
<msg time="2024-04-28T03:15:41.017925" level="INFO">200</msg>
<arg>${response.status_code}</arg>
<doc>Logs the given message with the given level.</doc>
<status status="PASS" start="2024-04-28T03:15:41.017569" elapsed="0.000398"/>
</kw>
<kw name="Set Variable" owner="BuiltIn">
<msg time="2024-04-28T03:15:41.018691" level="INFO">${json_data} = {'results': [{'gender': 'female', 'name': {'title': 'Miss', 'first': 'Amalie', 'last': 'Petersen'}, 'location': {'street': {'number': 6963, 'name': 'Hans Egedes Vej'}, 'city': 'Vesterborg', 'state': '...</msg>
<var>${json_data}</var>
<arg>${response.json()}</arg>
<doc>Returns the given values which can then be assigned to a variables.</doc>
<status status="PASS" start="2024-04-28T03:15:41.018265" elapsed="0.000453"/>
</kw>
<kw name="Dictionary Should Contain Key" owner="Collections">
<msg time="2024-04-28T03:15:41.019253" level="INFO">False</msg>
<arg>${json_data}</arg>
<arg>results</arg>
<doc>Fails if ``key`` is not found from ``dictionary``.</doc>
<status status="PASS" start="2024-04-28T03:15:41.019056" elapsed="0.000238"/>
</kw>
<status status="PASS" start="2024-04-28T03:15:40.668748" elapsed="0.350808"/>
</kw>
<doc>Testa se a API responde corretamente e retorna um objeto JSON válido.</doc>
<tag>testeRequisicaoBasica</tag>
<status status="PASS" start="2024-04-28T03:15:40.668156" elapsed="0.351586"/>
</test>
<test id="s1-s1-t3" name="Validar estrutura de resposta" line="22">
<kw name="Teste de Estrutura de Resposta" owner="random-user-service">
<kw name="GET On Session" owner="RequestsLibrary">
<msg time="2024-04-28T03:15:41.069451" level="INFO">GET Request : url=https://randomuser.me/api 
 path_url=/api 
 headers={'User-Agent': 'python-requests/2.31.0', 'Accept-Encoding': 'gzip, deflate', 'Accept': '*/*', 'Connection': 'keep-alive'} 
 body=None 
 </msg>
<msg time="2024-04-28T03:15:41.069553" level="INFO">GET Response : url=https://randomuser.me/api 
 status=200, reason=OK 
 headers={'Date': 'Sun, 28 Apr 2024 03:15:41 GMT', 'Content-Type': 'application/json; charset=utf-8', 'Transfer-Encoding': 'chunked', 'Connection': 'keep-alive', 'X-Powered-By': 'Express', 'Access-Control-Allow-Origin': '*', 'Cache-Control': 'no-cache', 'ETag': 'W/"4a8-NV3vpANDLc9Kr2VGvLLs10flabo"', 'Vary': 'Accept-Encoding', 'Content-Encoding': 'gzip', 'CF-Cache-Status': 'DYNAMIC', 'Report-To': '{"endpoints":[{"url":"https:\\/\\/a.nel.cloudflare.com\\/report\\/v4?s=bZwXa5otfL2KLZNJp5vVcnNz54PejyLc3aY1VuBHAJ3kpyb%2FPDnzwaKCjkEWqFX24DRg0DAVEV3Qv4joW4jeo9XaZm2wsa14NCliigsTK1qHD5KpZM5n8O5GGZ3TwN7X"}],"group":"cf-nel","max_age":604800}', 'NEL': '{"success_fraction":0,"report_to":"cf-nel","max_age":604800}', 'Server': 'cloudflare', 'CF-RAY': '87b3e3a5698de26a-ORD', 'alt-svc': 'h3=":443"; ma=86400'} 
 body={"results":[{"gender":"female","name":{"title":"Mrs","first":"Cirleni","last":"Teixeira"},"location":{"street":{"number":7740,"name":"Avenida da Democracia"},"city":"Itaquaquecetuba","state":"Acre","country":"Brazil","postcode":38499,"coordinates":{"latitude":"-79.8950","longitude":"124.8402"},"timezone":{"offset":"-1:00","description":"Azores, Cape Verde Islands"}},"email":"cirleni.teixeira@example.com","login":{"uuid":"2f86c060-52ab-4c2f-b06d-5814c0d9d597","username":"ticklishgoose555","password":"hansolo","salt":"kNQVj8Ed","md5":"eb4b227024eedf83ede9e8b0ac1cefe7","sha1":"56b88730244c565e62a2151fe694d2af17c4ffe2","sha256":"e6cc067629838aa61cc80bb3991302a3c32b33a92edc31941edf83c6fec7a6f9"},"dob":{"date":"1950-08-18T09:12:08.917Z","age":73},"registered":{"date":"2007-08-27T18:23:24.423Z","age":16},"phone":"(08) 6835-4945","cell":"(55) 4212-6585","id":{"name":"CPF","value":"484.271.746-21"},"picture":{"large":"https://randomuser.me/api/portraits/women/77.jpg","medium":"https://randomuser.me/api/portraits/med/women/77.jpg","thumbnail":"https://randomuser.me/api/portraits/thumb/women/77.jpg"},"nat":"BR"}],"info":{"seed":"74e7f19d8ca3d790","results":1,"page":1,"version":"1.4"}} 
 </msg>
<msg time="2024-04-28T03:15:41.069689" level="INFO">/opt/hostedtoolcache/Python/3.12.3/x64/lib/python3.12/site-packages/urllib3/connectionpool.py:1103: InsecureRequestWarning: Unverified HTTPS request is being made to host 'randomuser.me'. Adding certificate verification is strongly advised. See: https://urllib3.readthedocs.io/en/latest/advanced-usage.html#tls-warnings
  warnings.warn(</msg>
<msg time="2024-04-28T03:15:41.069838" level="INFO">${response} = &lt;Response [200]&gt;</msg>
<var>${response}</var>
<arg>consultarAPI</arg>
<arg>/api</arg>
<doc>Sends a GET request on a previously created HTTP Session.</doc>
<status status="PASS" start="2024-04-28T03:15:41.022286" elapsed="0.047595"/>
</kw>
<kw name="Set Variable" owner="BuiltIn">
<msg time="2024-04-28T03:15:41.070903" level="INFO">${json_data} = {'results': [{'gender': 'female', 'name': {'title': 'Mrs', 'first': 'Cirleni', 'last': 'Teixeira'}, 'location': {'street': {'number': 7740, 'name': 'Avenida da Democracia'}, 'city': 'Itaquaquecetuba',...</msg>
<var>${json_data}</var>
<arg>${response.json()}</arg>
<doc>Returns the given values which can then be assigned to a variables.</doc>
<status status="PASS" start="2024-04-28T03:15:41.070372" elapsed="0.000559"/>
</kw>
<kw name="Log" owner="BuiltIn">
<msg time="2024-04-28T03:15:41.071430" level="INFO">{'results': [{'gender': 'female', 'name': {'title': 'Mrs', 'first': 'Cirleni', 'last': 'Teixeira'}, 'location': {'street': {'number': 7740, 'name': 'Avenida da Democracia'}, 'city': 'Itaquaquecetuba', 'state': 'Acre', 'country': 'Brazil', 'postcode': 38499, 'coordinates': {'latitude': '-79.8950', 'longitude': '124.8402'}, 'timezone': {'offset': '-1:00', 'description': 'Azores, Cape Verde Islands'}}, 'email': 'cirleni.teixeira@example.com', 'login': {'uuid': '2f86c060-52ab-4c2f-b06d-5814c0d9d597', 'username': 'ticklishgoose555', 'password': 'hansolo', 'salt': 'kNQVj8Ed', 'md5': 'eb4b227024eedf83ede9e8b0ac1cefe7', 'sha1': '56b88730244c565e62a2151fe694d2af17c4ffe2', 'sha256': 'e6cc067629838aa61cc80bb3991302a3c32b33a92edc31941edf83c6fec7a6f9'}, 'dob': {'date': '1950-08-18T09:12:08.917Z', 'age': 73}, 'registered': {'date': '2007-08-27T18:23:24.423Z', 'age': 16}, 'phone': '(08) 6835-4945', 'cell': '(55) 4212-6585', 'id': {'name': 'CPF', 'value': '484.271.746-21'}, 'picture': {'large': 'https://randomuser.me/api/portraits/women/77.jpg', 'medium': 'https://randomuser.me/api/portraits/med/women/77.jpg', 'thumbnail': 'https://randomuser.me/api/portraits/thumb/women/77.jpg'}, 'nat': 'BR'}], 'info': {'seed': '74e7f19d8ca3d790', 'results': 1, 'page': 1, 'version': '1.4'}}</msg>
<arg>${json_data}</arg>
<doc>Logs the given message with the given level.</doc>
<status status="PASS" start="2024-04-28T03:15:41.071267" elapsed="0.000211"/>
</kw>
<kw name="Dictionary Should Contain Key" owner="Collections">
<msg time="2024-04-28T03:15:41.071926" level="INFO">False</msg>
<arg>${json_data}</arg>
<arg>results</arg>
<doc>Fails if ``key`` is not found from ``dictionary``.</doc>
<status status="PASS" start="2024-04-28T03:15:41.071769" elapsed="0.000194"/>
</kw>
<kw name="Should Not Be Empty" owner="BuiltIn">
<msg time="2024-04-28T03:15:41.072493" level="INFO">Length is 2.</msg>
<arg>${json_data}</arg>
<doc>Verifies that the given item is not empty.</doc>
<status status="PASS" start="2024-04-28T03:15:41.072301" elapsed="0.000486"/>
</kw>
<kw name="Create List" owner="BuiltIn">
<msg time="2024-04-28T03:15:41.073523" level="INFO">${expected_keys} = ['gender', 'name', 'location', 'email', 'login']</msg>
<var>${expected_keys}</var>
<arg>gender</arg>
<arg>name</arg>
<arg>location</arg>
<arg>email</arg>
<arg>login</arg>
<doc>Returns a list containing given items.</doc>
<status status="PASS" start="2024-04-28T03:15:41.073271" elapsed="0.000295"/>
</kw>
<for flavor="IN">
<iter>
<kw name="Dictionary Should Contain Key" owner="Collections">
<msg time="2024-04-28T03:15:41.075009" level="INFO">False</msg>
<arg>${json_data['results'][0]}</arg>
<arg>${key}</arg>
<doc>Fails if ``key`` is not found from ``dictionary``.</doc>
<status status="PASS" start="2024-04-28T03:15:41.074395" elapsed="0.000671"/>
</kw>
<kw name="Log" owner="BuiltIn">
<msg time="2024-04-28T03:15:41.076141" level="INFO">{'gender': 'female', 'name': {'title': 'Mrs', 'first': 'Cirleni', 'last': 'Teixeira'}, 'location': {'street': {'number': 7740, 'name': 'Avenida da Democracia'}, 'city': 'Itaquaquecetuba', 'state': 'Acre', 'country': 'Brazil', 'postcode': 38499, 'coordinates': {'latitude': '-79.8950', 'longitude': '124.8402'}, 'timezone': {'offset': '-1:00', 'description': 'Azores, Cape Verde Islands'}}, 'email': 'cirleni.teixeira@example.com', 'login': {'uuid': '2f86c060-52ab-4c2f-b06d-5814c0d9d597', 'username': 'ticklishgoose555', 'password': 'hansolo', 'salt': 'kNQVj8Ed', 'md5': 'eb4b227024eedf83ede9e8b0ac1cefe7', 'sha1': '56b88730244c565e62a2151fe694d2af17c4ffe2', 'sha256': 'e6cc067629838aa61cc80bb3991302a3c32b33a92edc31941edf83c6fec7a6f9'}, 'dob': {'date': '1950-08-18T09:12:08.917Z', 'age': 73}, 'registered': {'date': '2007-08-27T18:23:24.423Z', 'age': 16}, 'phone': '(08) 6835-4945', 'cell': '(55) 4212-6585', 'id': {'name': 'CPF', 'value': '484.271.746-21'}, 'picture': {'large': 'https://randomuser.me/api/portraits/women/77.jpg', 'medium': 'https://randomuser.me/api/portraits/med/women/77.jpg', 'thumbnail': 'https://randomuser.me/api/portraits/thumb/women/77.jpg'}, 'nat': 'BR'}</msg>
<arg>${json_data['results'][0]}</arg>
<doc>Logs the given message with the given level.</doc>
<status status="PASS" start="2024-04-28T03:15:41.075532" elapsed="0.000698"/>
</kw>
<kw name="Log" owner="BuiltIn">
<msg time="2024-04-28T03:15:41.076876" level="INFO">gender</msg>
<arg>${key}</arg>
<doc>Logs the given message with the given level.</doc>
<status status="PASS" start="2024-04-28T03:15:41.076675" elapsed="0.000257"/>
</kw>
<var name="${key}">gender</var>
<status status="PASS" start="2024-04-28T03:15:41.074211" elapsed="0.003034"/>
</iter>
<iter>
<kw name="Dictionary Should Contain Key" owner="Collections">
<msg time="2024-04-28T03:15:41.078375" level="INFO">False</msg>
<arg>${json_data['results'][0]}</arg>
<arg>${key}</arg>
<doc>Fails if ``key`` is not found from ``dictionary``.</doc>
<status status="PASS" start="2024-04-28T03:15:41.077728" elapsed="0.000712"/>
</kw>
<kw name="Log" owner="BuiltIn">
<msg time="2024-04-28T03:15:41.079640" level="INFO">{'gender': 'female', 'name': {'title': 'Mrs', 'first': 'Cirleni', 'last': 'Teixeira'}, 'location': {'street': {'number': 7740, 'name': 'Avenida da Democracia'}, 'city': 'Itaquaquecetuba', 'state': 'Acre', 'country': 'Brazil', 'postcode': 38499, 'coordinates': {'latitude': '-79.8950', 'longitude': '124.8402'}, 'timezone': {'offset': '-1:00', 'description': 'Azores, Cape Verde Islands'}}, 'email': 'cirleni.teixeira@example.com', 'login': {'uuid': '2f86c060-52ab-4c2f-b06d-5814c0d9d597', 'username': 'ticklishgoose555', 'password': 'hansolo', 'salt': 'kNQVj8Ed', 'md5': 'eb4b227024eedf83ede9e8b0ac1cefe7', 'sha1': '56b88730244c565e62a2151fe694d2af17c4ffe2', 'sha256': 'e6cc067629838aa61cc80bb3991302a3c32b33a92edc31941edf83c6fec7a6f9'}, 'dob': {'date': '1950-08-18T09:12:08.917Z', 'age': 73}, 'registered': {'date': '2007-08-27T18:23:24.423Z', 'age': 16}, 'phone': '(08) 6835-4945', 'cell': '(55) 4212-6585', 'id': {'name': 'CPF', 'value': '484.271.746-21'}, 'picture': {'large': 'https://randomuser.me/api/portraits/women/77.jpg', 'medium': 'https://randomuser.me/api/portraits/med/women/77.jpg', 'thumbnail': 'https://randomuser.me/api/portraits/thumb/women/77.jpg'}, 'nat': 'BR'}</msg>
<arg>${json_data['results'][0]}</arg>
<doc>Logs the given message with the given level.</doc>
<status status="PASS" start="2024-04-28T03:15:41.078974" elapsed="0.000754"/>
</kw>
<kw name="Log" owner="BuiltIn">
<msg time="2024-04-28T03:15:41.080390" level="INFO">name</msg>
<arg>${key}</arg>
<doc>Logs the given message with the given level.</doc>
<status status="PASS" start="2024-04-28T03:15:41.080196" elapsed="0.000255"/>
</kw>
<var name="${key}">name</var>
<status status="PASS" start="2024-04-28T03:15:41.077539" elapsed="0.003215"/>
</iter>
<iter>
<kw name="Dictionary Should Contain Key" owner="Collections">
<msg time="2024-04-28T03:15:41.081796" level="INFO">False</msg>
<arg>${json_data['results'][0]}</arg>
<arg>${key}</arg>
<doc>Fails if ``key`` is not found from ``dictionary``.</doc>
<status status="PASS" start="2024-04-28T03:15:41.081210" elapsed="0.000644"/>
</kw>
<kw name="Log" owner="BuiltIn">
<msg time="2024-04-28T03:15:41.082860" level="INFO">{'gender': 'female', 'name': {'title': 'Mrs', 'first': 'Cirleni', 'last': 'Teixeira'}, 'location': {'street': {'number': 7740, 'name': 'Avenida da Democracia'}, 'city': 'Itaquaquecetuba', 'state': 'Acre', 'country': 'Brazil', 'postcode': 38499, 'coordinates': {'latitude': '-79.8950', 'longitude': '124.8402'}, 'timezone': {'offset': '-1:00', 'description': 'Azores, Cape Verde Islands'}}, 'email': 'cirleni.teixeira@example.com', 'login': {'uuid': '2f86c060-52ab-4c2f-b06d-5814c0d9d597', 'username': 'ticklishgoose555', 'password': 'hansolo', 'salt': 'kNQVj8Ed', 'md5': 'eb4b227024eedf83ede9e8b0ac1cefe7', 'sha1': '56b88730244c565e62a2151fe694d2af17c4ffe2', 'sha256': 'e6cc067629838aa61cc80bb3991302a3c32b33a92edc31941edf83c6fec7a6f9'}, 'dob': {'date': '1950-08-18T09:12:08.917Z', 'age': 73}, 'registered': {'date': '2007-08-27T18:23:24.423Z', 'age': 16}, 'phone': '(08) 6835-4945', 'cell': '(55) 4212-6585', 'id': {'name': 'CPF', 'value': '484.271.746-21'}, 'picture': {'large': 'https://randomuser.me/api/portraits/women/77.jpg', 'medium': 'https://randomuser.me/api/portraits/med/women/77.jpg', 'thumbnail': 'https://randomuser.me/api/portraits/thumb/women/77.jpg'}, 'nat': 'BR'}</msg>
<arg>${json_data['results'][0]}</arg>
<doc>Logs the given message with the given level.</doc>
<status status="PASS" start="2024-04-28T03:15:41.082287" elapsed="0.000651"/>
</kw>
<kw name="Log" owner="BuiltIn">
<msg time="2024-04-28T03:15:41.083615" level="INFO">location</msg>
<arg>${key}</arg>
<doc>Logs the given message with the given level.</doc>
<status status="PASS" start="2024-04-28T03:15:41.083409" elapsed="0.000269"/>
</kw>
<var name="${key}">location</var>
<status status="PASS" start="2024-04-28T03:15:41.081014" elapsed="0.002982"/>
</iter>
<iter>
<kw name="Dictionary Should Contain Key" owner="Collections">
<msg time="2024-04-28T03:15:41.084804" level="INFO">False</msg>
<arg>${json_data['results'][0]}</arg>
<arg>${key}</arg>
<doc>Fails if ``key`` is not found from ``dictionary``.</doc>
<status status="PASS" start="2024-04-28T03:15:41.084399" elapsed="0.000444"/>
</kw>
<kw name="Log" owner="BuiltIn">
<msg time="2024-04-28T03:15:41.085516" level="INFO">{'gender': 'female', 'name': {'title': 'Mrs', 'first': 'Cirleni', 'last': 'Teixeira'}, 'location': {'street': {'number': 7740, 'name': 'Avenida da Democracia'}, 'city': 'Itaquaquecetuba', 'state': 'Acre', 'country': 'Brazil', 'postcode': 38499, 'coordinates': {'latitude': '-79.8950', 'longitude': '124.8402'}, 'timezone': {'offset': '-1:00', 'description': 'Azores, Cape Verde Islands'}}, 'email': 'cirleni.teixeira@example.com', 'login': {'uuid': '2f86c060-52ab-4c2f-b06d-5814c0d9d597', 'username': 'ticklishgoose555', 'password': 'hansolo', 'salt': 'kNQVj8Ed', 'md5': 'eb4b227024eedf83ede9e8b0ac1cefe7', 'sha1': '56b88730244c565e62a2151fe694d2af17c4ffe2', 'sha256': 'e6cc067629838aa61cc80bb3991302a3c32b33a92edc31941edf83c6fec7a6f9'}, 'dob': {'date': '1950-08-18T09:12:08.917Z', 'age': 73}, 'registered': {'date': '2007-08-27T18:23:24.423Z', 'age': 16}, 'phone': '(08) 6835-4945', 'cell': '(55) 4212-6585', 'id': {'name': 'CPF', 'value': '484.271.746-21'}, 'picture': {'large': 'https://randomuser.me/api/portraits/women/77.jpg', 'medium': 'https://randomuser.me/api/portraits/med/women/77.jpg', 'thumbnail': 'https://randomuser.me/api/portraits/thumb/women/77.jpg'}, 'nat': 'BR'}</msg>
<arg>${json_data['results'][0]}</arg>
<doc>Logs the given message with the given level.</doc>
<status status="PASS" start="2024-04-28T03:15:41.085152" elapsed="0.000413"/>
</kw>
<kw name="Log" owner="BuiltIn">
<msg time="2024-04-28T03:15:41.085994" level="INFO">email</msg>
<arg>${key}</arg>
<doc>Logs the given message with the given level.</doc>
<status status="PASS" start="2024-04-28T03:15:41.085863" elapsed="0.000168"/>
</kw>
<var name="${key}">email</var>
<status status="PASS" start="2024-04-28T03:15:41.084258" elapsed="0.001987"/>
</iter>
<iter>
<kw name="Dictionary Should Contain Key" owner="Collections">
<msg time="2024-04-28T03:15:41.086915" level="INFO">False</msg>
<arg>${json_data['results'][0]}</arg>
<arg>${key}</arg>
<doc>Fails if ``key`` is not found from ``dictionary``.</doc>
<status status="PASS" start="2024-04-28T03:15:41.086529" elapsed="0.000424"/>
</kw>
<kw name="Log" owner="BuiltIn">
<msg time="2024-04-28T03:15:41.087647" level="INFO">{'gender': 'female', 'name': {'title': 'Mrs', 'first': 'Cirleni', 'last': 'Teixeira'}, 'location': {'street': {'number': 7740, 'name': 'Avenida da Democracia'}, 'city': 'Itaquaquecetuba', 'state': 'Acre', 'country': 'Brazil', 'postcode': 38499, 'coordinates': {'latitude': '-79.8950', 'longitude': '124.8402'}, 'timezone': {'offset': '-1:00', 'description': 'Azores, Cape Verde Islands'}}, 'email': 'cirleni.teixeira@example.com', 'login': {'uuid': '2f86c060-52ab-4c2f-b06d-5814c0d9d597', 'username': 'ticklishgoose555', 'password': 'hansolo', 'salt': 'kNQVj8Ed', 'md5': 'eb4b227024eedf83ede9e8b0ac1cefe7', 'sha1': '56b88730244c565e62a2151fe694d2af17c4ffe2', 'sha256': 'e6cc067629838aa61cc80bb3991302a3c32b33a92edc31941edf83c6fec7a6f9'}, 'dob': {'date': '1950-08-18T09:12:08.917Z', 'age': 73}, 'registered': {'date': '2007-08-27T18:23:24.423Z', 'age': 16}, 'phone': '(08) 6835-4945', 'cell': '(55) 4212-6585', 'id': {'name': 'CPF', 'value': '484.271.746-21'}, 'picture': {'large': 'https://randomuser.me/api/portraits/women/77.jpg', 'medium': 'https://randomuser.me/api/portraits/med/women/77.jpg', 'thumbnail': 'https://randomuser.me/api/portraits/thumb/women/77.jpg'}, 'nat': 'BR'}</msg>
<arg>${json_data['results'][0]}</arg>
<doc>Logs the given message with the given level.</doc>
<status status="PASS" start="2024-04-28T03:15:41.087271" elapsed="0.000423"/>
</kw>
<kw name="Log" owner="BuiltIn">
<msg time="2024-04-28T03:15:41.088118" level="INFO">login</msg>
<arg>${key}</arg>
<doc>Logs the given message with the given level.</doc>
<status status="PASS" start="2024-04-28T03:15:41.087991" elapsed="0.000195"/>
</kw>
<var name="${key}">login</var>
<status status="PASS" start="2024-04-28T03:15:41.086418" elapsed="0.001987"/>
</iter>
<var>${key}</var>
<value>@{expected_keys}</value>
<status status="PASS" start="2024-04-28T03:15:41.073942" elapsed="0.014583"/>
</for>
<kw name="Create List" owner="BuiltIn">
<msg time="2024-04-28T03:15:41.088865" level="INFO">${expected_keysTwo} = ['username', 'password']</msg>
<var>${expected_keysTwo}</var>
<arg>username</arg>
<arg>password</arg>
<doc>Returns a list containing given items.</doc>
<status status="PASS" start="2024-04-28T03:15:41.088726" elapsed="0.000163"/>
</kw>
<for flavor="IN">
<iter>
<kw name="Dictionary Should Contain Key" owner="Collections">
<msg time="2024-04-28T03:15:41.089791" level="INFO">False</msg>
<arg>${json_data['results'][0]['login']}</arg>
<arg>${keyTwo}</arg>
<doc>Fails if ``key`` is not found from ``dictionary``.</doc>
<status status="PASS" start="2024-04-28T03:15:41.089399" elapsed="0.000429"/>
</kw>
<kw name="Dictionary Should Contain Key" owner="Collections">
<msg time="2024-04-28T03:15:41.090500" level="INFO">False</msg>
<arg>${json_data['results'][0]['login']}</arg>
<arg>${keyTwo}</arg>
<doc>Fails if ``key`` is not found from ``dictionary``.</doc>
<status status="PASS" start="2024-04-28T03:15:41.090119" elapsed="0.000418"/>
</kw>
<kw name="Log" owner="BuiltIn">
<msg time="2024-04-28T03:15:41.090949" level="INFO">username</msg>
<arg>${keyTwo}</arg>
<doc>Logs the given message with the given level.</doc>
<status status="PASS" start="2024-04-28T03:15:41.090823" elapsed="0.000167"/>
</kw>
<var name="${keyTwo}">username</var>
<status status="PASS" start="2024-04-28T03:15:41.089288" elapsed="0.001948"/>
</iter>
<iter>
<kw name="Dictionary Should Contain Key" owner="Collections">
<msg time="2024-04-28T03:15:41.092002" level="INFO">False</msg>
<arg>${json_data['results'][0]['login']}</arg>
<arg>${keyTwo}</arg>
<doc>Fails if ``key`` is not found from ``dictionary``.</doc>
<status status="PASS" start="2024-04-28T03:15:41.091528" elapsed="0.000518"/>
</kw>
<kw name="Dictionary Should Contain Key" owner="Collections">
<msg time="2024-04-28T03:15:41.092718" level="INFO">False</msg>
<arg>${json_data['results'][0]['login']}</arg>
<arg>${keyTwo}</arg>
<doc>Fails if ``key`` is not found from ``dictionary``.</doc>
<status status="PASS" start="2024-04-28T03:15:41.092342" elapsed="0.000412"/>
</kw>
<kw name="Log" owner="BuiltIn">
<msg time="2024-04-28T03:15:41.093169" level="INFO">password</msg>
<arg>${keyTwo}</arg>
<doc>Logs the given message with the given level.</doc>
<status status="PASS" start="2024-04-28T03:15:41.093044" elapsed="0.000160"/>
</kw>
<var name="${keyTwo}">password</var>
<status status="PASS" start="2024-04-28T03:15:41.091419" elapsed="0.001995"/>
</iter>
<var>${keyTwo}</var>
<value>@{expected_keysTwo}</value>
<status status="PASS" start="2024-04-28T03:15:41.089129" elapsed="0.004404"/>
</for>
<status status="PASS" start="2024-04-28T03:15:41.022048" elapsed="0.071627"/>
</kw>
<doc>Testa a estrutura da resposta da API.</doc>
<tag>testeEstruturaResposta</tag>
<status status="PASS" start="2024-04-28T03:15:41.021548" elapsed="0.072284"/>
</test>
<test id="s1-s1-t4" name="Validar tipos de dados" line="28">
<kw name="Teste de Tipos de Dados" owner="random-user-service">
<kw name="GET On Session" owner="RequestsLibrary">
<msg time="2024-04-28T03:15:41.168791" level="INFO">GET Request : url=https://randomuser.me/api 
 path_url=/api 
 headers={'User-Agent': 'python-requests/2.31.0', 'Accept-Encoding': 'gzip, deflate', 'Accept': '*/*', 'Connection': 'keep-alive'} 
 body=None 
 </msg>
<msg time="2024-04-28T03:15:41.168904" level="INFO">GET Response : url=https://randomuser.me/api 
 status=200, reason=OK 
 headers={'Date': 'Sun, 28 Apr 2024 03:15:41 GMT', 'Content-Type': 'application/json; charset=utf-8', 'Transfer-Encoding': 'chunked', 'Connection': 'keep-alive', 'X-Powered-By': 'Express', 'Access-Control-Allow-Origin': '*', 'Cache-Control': 'no-cache', 'ETag': 'W/"498-0us3myQONG8TW1ghqZGniVNfhiY"', 'Vary': 'Accept-Encoding', 'Content-Encoding': 'gzip', 'CF-Cache-Status': 'DYNAMIC', 'Report-To': '{"endpoints":[{"url":"https:\\/\\/a.nel.cloudflare.com\\/report\\/v4?s=T1BxSXmyRDIQQyjx749KKdYmVOh1P%2BoefvgwhY4Pd013VbxNk4K4NrGuF6ZTvZ8GwK3VVklU%2BQj610XzmIcaDfhB7IBFWYtrIKuDNwPRS42K3GLEp%2BOVgxro9MjP4ECY"}],"group":"cf-nel","max_age":604800}', 'NEL': '{"success_fraction":0,"report_to":"cf-nel","max_age":604800}', 'Server': 'cloudflare', 'CF-RAY': '87b3e3a5ea13e26a-ORD', 'alt-svc': 'h3=":443"; ma=86400'} 
 body={"results":[{"gender":"male","name":{"title":"Mr","first":"Maximiliano","last":"Van Dongen"},"location":{"street":{"number":9088,"name":"Dr. Rivestraat"},"city":"Dordrecht","state":"Zeeland","country":"Netherlands","postcode":"1770 UB","coordinates":{"latitude":"36.7134","longitude":"-32.3154"},"timezone":{"offset":"-11:00","description":"Midway Island, Samoa"}},"email":"maximiliano.vandongen@example.com","login":{"uuid":"9c0e72e8-0267-46ad-959d-fe87c0bb900f","username":"organicswan969","password":"famous","salt":"bjzEAM1g","md5":"b83b22dbfe4e153c7b40b23a7591cb0f","sha1":"07f939b45d1f5b3674377927da0f458a80a96f6c","sha256":"319069e80336df1655d9447565973e4dbbc10f0fd3e6c28866a02e077f28fc21"},"dob":{"date":"1995-10-25T13:54:04.411Z","age":28},"registered":{"date":"2013-05-13T22:36:20.533Z","age":10},"phone":"(0323) 218892","cell":"(06) 55362128","id":{"name":"BSN","value":"30406031"},"picture":{"large":"https://randomuser.me/api/portraits/men/48.jpg","medium":"https://randomuser.me/api/portraits/med/men/48.jpg","thumbnail":"https://randomuser.me/api/portraits/thumb/men/48.jpg"},"nat":"NL"}],"info":{"seed":"1ce01ae9ed8adde0","results":1,"page":1,"version":"1.4"}} 
 </msg>
<msg time="2024-04-28T03:15:41.168988" level="INFO">/opt/hostedtoolcache/Python/3.12.3/x64/lib/python3.12/site-packages/urllib3/connectionpool.py:1103: InsecureRequestWarning: Unverified HTTPS request is being made to host 'randomuser.me'. Adding certificate verification is strongly advised. See: https://urllib3.readthedocs.io/en/latest/advanced-usage.html#tls-warnings
  warnings.warn(</msg>
<msg time="2024-04-28T03:15:41.169149" level="INFO">${response} = &lt;Response [200]&gt;</msg>
<var>${response}</var>
<arg>consultarAPI</arg>
<arg>/api</arg>
<doc>Sends a GET request on a previously created HTTP Session.</doc>
<status status="PASS" start="2024-04-28T03:15:41.096371" elapsed="0.072827"/>
</kw>
<kw name="Set Variable" owner="BuiltIn">
<msg time="2024-04-28T03:15:41.170268" level="INFO">${json_data} = {'results': [{'gender': 'male', 'name': {'title': 'Mr', 'first': 'Maximiliano', 'last': 'Van Dongen'}, 'location': {'street': {'number': 9088, 'name': 'Dr. Rivestraat'}, 'city': 'Dordrecht', 'state': ...</msg>
<var>${json_data}</var>
<arg>${response.json()}</arg>
<doc>Returns the given values which can then be assigned to a variables.</doc>
<status status="PASS" start="2024-04-28T03:15:41.169749" elapsed="0.000546"/>
</kw>
<kw name="Log" owner="BuiltIn">
<msg time="2024-04-28T03:15:41.170767" level="INFO">{'results': [{'gender': 'male', 'name': {'title': 'Mr', 'first': 'Maximiliano', 'last': 'Van Dongen'}, 'location': {'street': {'number': 9088, 'name': 'Dr. Rivestraat'}, 'city': 'Dordrecht', 'state': 'Zeeland', 'country': 'Netherlands', 'postcode': '1770 UB', 'coordinates': {'latitude': '36.7134', 'longitude': '-32.3154'}, 'timezone': {'offset': '-11:00', 'description': 'Midway Island, Samoa'}}, 'email': 'maximiliano.vandongen@example.com', 'login': {'uuid': '9c0e72e8-0267-46ad-959d-fe87c0bb900f', 'username': 'organicswan969', 'password': 'famous', 'salt': 'bjzEAM1g', 'md5': 'b83b22dbfe4e153c7b40b23a7591cb0f', 'sha1': '07f939b45d1f5b3674377927da0f458a80a96f6c', 'sha256': '319069e80336df1655d9447565973e4dbbc10f0fd3e6c28866a02e077f28fc21'}, 'dob': {'date': '1995-10-25T13:54:04.411Z', 'age': 28}, 'registered': {'date': '2013-05-13T22:36:20.533Z', 'age': 10}, 'phone': '(0323) 218892', 'cell': '(06) 55362128', 'id': {'name': 'BSN', 'value': '30406031'}, 'picture': {'large': 'https://randomuser.me/api/portraits/men/48.jpg', 'medium': 'https://randomuser.me/api/portraits/med/men/48.jpg', 'thumbnail': 'https://randomuser.me/api/portraits/thumb/men/48.jpg'}, 'nat': 'NL'}], 'info': {'seed': '1ce01ae9ed8adde0', 'results': 1, 'page': 1, 'version': '1.4'}}</msg>
<arg>${json_data}</arg>
<doc>Logs the given message with the given level.</doc>
<status status="PASS" start="2024-04-28T03:15:41.170604" elapsed="0.000252"/>
</kw>
<kw name="Should Be String" owner="String">
<arg>${json_data['results'][0]['gender']}</arg>
<doc>Fails if the given ``item`` is not a string.</doc>
<status status="PASS" start="2024-04-28T03:15:41.171208" elapsed="0.000382"/>
</kw>
<kw name="Should Match Regexp" owner="BuiltIn">
<arg>${json_data['results'][0]['email']}</arg>
<arg>^[a-zA-Z0-9._%+-]+@[a-zA-Z0-9.-]+\.[a-zA-Z]{2,}$</arg>
<doc>Fails if ``string`` does not match ``pattern`` as a regular expression.</doc>
<status status="PASS" start="2024-04-28T03:15:41.171781" elapsed="0.000522"/>
</kw>
<kw name="Should Match Regexp" owner="BuiltIn">
<arg>${json_data['results'][0]['dob']['date']}</arg>
<arg>\\d{4}-\\d{2}-\\d{2}T\\d{2}:\\d{2}:\\d{2}\\.\\d{3}Z</arg>
<doc>Fails if ``string`` does not match ``pattern`` as a regular expression.</doc>
<status status="PASS" start="2024-04-28T03:15:41.172495" elapsed="0.000478"/>
</kw>
<kw name="Should Match Regexp" owner="BuiltIn">
<arg>${json_data['results'][0]['registered']['date']}</arg>
<arg>\\d{4}-\\d{2}-\\d{2}T\\d{2}:\\d{2}:\\d{2}\\.\\d{3}Z</arg>
<doc>Fails if ``string`` does not match ``pattern`` as a regular expression.</doc>
<status status="PASS" start="2024-04-28T03:15:41.173161" elapsed="0.000363"/>
</kw>
<kw name="Should Match Regexp" owner="BuiltIn">
<arg>${json_data['results'][0]['picture']['large']}</arg>
<arg>^https?://.*\.(?:png|jpe?g|gif|bmp)$</arg>
<doc>Fails if ``string`` does not match ``pattern`` as a regular expression.</doc>
<status status="PASS" start="2024-04-28T03:15:41.173708" elapsed="0.000463"/>
</kw>
<kw name="Should Match Regexp" owner="BuiltIn">
<arg>${json_data['results'][0]['picture']['medium']}</arg>
<arg>^https?://.*\.(?:png|jpe?g|gif|bmp)$</arg>
<doc>Fails if ``string`` does not match ``pattern`` as a regular expression.</doc>
<status status="PASS" start="2024-04-28T03:15:41.174356" elapsed="0.000361"/>
</kw>
<kw name="Should Match Regexp" owner="BuiltIn">
<arg>${json_data['results'][0]['picture']['thumbnail']}</arg>
<arg>^https?://.*\.(?:png|jpe?g|gif|bmp)$</arg>
<doc>Fails if ``string`` does not match ``pattern`` as a regular expression.</doc>
<status status="PASS" start="2024-04-28T03:15:41.174903" elapsed="0.000384"/>
</kw>
<kw name="Log" owner="BuiltIn">
<msg time="2024-04-28T03:15:41.175787" level="INFO">{'large': 'https://randomuser.me/api/portraits/men/48.jpg', 'medium': 'https://randomuser.me/api/portraits/med/men/48.jpg', 'thumbnail': 'https://randomuser.me/api/portraits/thumb/men/48.jpg'}</msg>
<arg>${json_data['results'][0]['picture']}</arg>
<doc>Logs the given message with the given level.</doc>
<status status="PASS" start="2024-04-28T03:15:41.175465" elapsed="0.000363"/>
</kw>
<status status="PASS" start="2024-04-28T03:15:41.096141" elapsed="0.079944"/>
</kw>
<kw name="Teste de Tipos de Dados - Postcode" owner="random-user-service">
<kw name="GET On Session" owner="RequestsLibrary">
<msg time="2024-04-28T03:15:41.271328" level="INFO">GET Request : url=https://randomuser.me/api 
 path_url=/api 
 headers={'User-Agent': 'python-requests/2.31.0', 'Accept-Encoding': 'gzip, deflate', 'Accept': '*/*', 'Connection': 'keep-alive'} 
 body=None 
 </msg>
<msg time="2024-04-28T03:15:41.271445" level="INFO">GET Response : url=https://randomuser.me/api 
 status=200, reason=OK 
 headers={'Date': 'Sun, 28 Apr 2024 03:15:41 GMT', 'Content-Type': 'application/json; charset=utf-8', 'Transfer-Encoding': 'chunked', 'Connection': 'keep-alive', 'X-Powered-By': 'Express', 'Access-Control-Allow-Origin': '*', 'Cache-Control': 'no-cache', 'ETag': 'W/"4b3-nDA3hlVpbTmunkkEbhvnx12D2ok"', 'Vary': 'Accept-Encoding', 'Content-Encoding': 'gzip', 'CF-Cache-Status': 'DYNAMIC', 'Report-To': '{"endpoints":[{"url":"https:\\/\\/a.nel.cloudflare.com\\/report\\/v4?s=5MTkOg9K02T2jdiGT2ET4ZCfriZxHV5M53GDP%2BqZTA2BSGAhsqIAduvGv75dXgnov%2BeYAFtM5aBobpXXbXEsVER9xjoVB%2FyWg0UcfUdDQKlvlTQ8Bc1IiMr%2FbQFTTmt6"}],"group":"cf-nel","max_age":604800}', 'NEL': '{"success_fraction":0,"report_to":"cf-nel","max_age":604800}', 'Server': 'cloudflare', 'CF-RAY': '87b3e3a66ab1e26a-ORD', 'alt-svc': 'h3=":443"; ma=86400'} 
 body={"results":[{"gender":"female","name":{"title":"Ms","first":"آیناز","last":"حسینی"},"location":{"street":{"number":7759,"name":"بلوار کشاورز"},"city":"ایلام","state":"کهگیلویه و بویراحمد","country":"Iran","postcode":81506,"coordinates":{"latitude":"14.8770","longitude":"166.8061"},"timezone":{"offset":"+8:00","description":"Beijing, Perth, Singapore, Hong Kong"}},"email":"aynz.hsyny@example.com","login":{"uuid":"21cdc22e-cc7b-48c5-a0a2-3676c38aafa4","username":"blueduck479","password":"newport","salt":"XCRGWvja","md5":"71030580f0264ae8026c3f2f504de190","sha1":"79d352ef4b5ce91a689b91614b8aab334332a7e0","sha256":"41d3aee8eafdcb99d9ec7bcb5797d7b44011ad46b36b0f71cbbe3d044080dd9d"},"dob":{"date":"1970-12-31T21:24:03.084Z","age":53},"registered":{"date":"2010-12-22T22:50:14.326Z","age":13},"phone":"025-66962716","cell":"0953-475-4868","id":{"name":"","value":null},"picture":{"large":"https://randomuser.me/api/portraits/women/74.jpg","medium":"https://randomuser.me/api/portraits/med/women/74.jpg","thumbnail":"https://randomuser.me/api/portraits/thumb/women/74.jpg"},"nat":"IR"}],"info":{"seed":"8bff524c315a6ed2","results":1,"page":1,"version":"1.4"}} 
 </msg>
<msg time="2024-04-28T03:15:41.271532" level="INFO">/opt/hostedtoolcache/Python/3.12.3/x64/lib/python3.12/site-packages/urllib3/connectionpool.py:1103: InsecureRequestWarning: Unverified HTTPS request is being made to host 'randomuser.me'. Adding certificate verification is strongly advised. See: https://urllib3.readthedocs.io/en/latest/advanced-usage.html#tls-warnings
  warnings.warn(</msg>
<msg time="2024-04-28T03:15:41.271684" level="INFO">${response} = &lt;Response [200]&gt;</msg>
<var>${response}</var>
<arg>consultarAPI</arg>
<arg>/api</arg>
<doc>Sends a GET request on a previously created HTTP Session.</doc>
<status status="PASS" start="2024-04-28T03:15:41.176549" elapsed="0.095180"/>
</kw>
<kw name="Set Variable" owner="BuiltIn">
<msg time="2024-04-28T03:15:41.272836" level="INFO">${json_data} = {'results': [{'gender': 'female', 'name': {'title': 'Ms', 'first': 'آیناز', 'last': 'حسینی'}, 'location': {'street': {'number': 7759, 'name': 'بلوار کشاورز'}, 'city': 'ایلام', 'state': 'کهگیلویه و بوی...</msg>
<var>${json_data}</var>
<arg>${response.json()}</arg>
<doc>Returns the given values which can then be assigned to a variables.</doc>
<status status="PASS" start="2024-04-28T03:15:41.272303" elapsed="0.000563"/>
</kw>
<kw name="Log" owner="BuiltIn">
<msg time="2024-04-28T03:15:41.273347" level="INFO">{'results': [{'gender': 'female', 'name': {'title': 'Ms', 'first': 'آیناز', 'last': 'حسینی'}, 'location': {'street': {'number': 7759, 'name': 'بلوار کشاورز'}, 'city': 'ایلام', 'state': 'کهگیلویه و بویراحمد', 'country': 'Iran', 'postcode': 81506, 'coordinates': {'latitude': '14.8770', 'longitude': '166.8061'}, 'timezone': {'offset': '+8:00', 'description': 'Beijing, Perth, Singapore, Hong Kong'}}, 'email': 'aynz.hsyny@example.com', 'login': {'uuid': '21cdc22e-cc7b-48c5-a0a2-3676c38aafa4', 'username': 'blueduck479', 'password': 'newport', 'salt': 'XCRGWvja', 'md5': '71030580f0264ae8026c3f2f504de190', 'sha1': '79d352ef4b5ce91a689b91614b8aab334332a7e0', 'sha256': '41d3aee8eafdcb99d9ec7bcb5797d7b44011ad46b36b0f71cbbe3d044080dd9d'}, 'dob': {'date': '1970-12-31T21:24:03.084Z', 'age': 53}, 'registered': {'date': '2010-12-22T22:50:14.326Z', 'age': 13}, 'phone': '025-66962716', 'cell': '0953-475-4868', 'id': {'name': '', 'value': None}, 'picture': {'large': 'https://randomuser.me/api/portraits/women/74.jpg', 'medium': 'https://randomuser.me/api/portraits/med/women/74.jpg', 'thumbnail': 'https://randomuser.me/api/portraits/thumb/women/74.jpg'}, 'nat': 'IR'}], 'info': {'seed': '8bff524c315a6ed2', 'results': 1, 'page': 1, 'version': '1.4'}}</msg>
<arg>${json_data}</arg>
<doc>Logs the given message with the given level.</doc>
<status status="PASS" start="2024-04-28T03:15:41.273183" elapsed="0.000252"/>
</kw>
<kw name="Should Be Equal As Numbers" owner="BuiltIn">
<arg>${json_data['results'][0]['location']['postcode']}</arg>
<arg>${json_data['results'][0]['location']['postcode']}</arg>
<doc>Fails if objects are unequal after converting them to real numbers.</doc>
<status status="PASS" start="2024-04-28T03:15:41.273931" elapsed="0.000634"/>
</kw>
<kw name="Log" owner="BuiltIn">
<msg time="2024-04-28T03:15:41.275109" level="INFO">81506</msg>
<arg>${json_data['results'][0]['location']['postcode']}</arg>
<doc>Logs the given message with the given level.</doc>
<status status="PASS" start="2024-04-28T03:15:41.274756" elapsed="0.000426"/>
</kw>
<status status="PASS" start="2024-04-28T03:15:41.176313" elapsed="0.099137"/>
</kw>
<doc>Testa se os tipos de dados na resposta da API estão corretos.</doc>
<tag>testeTiposDados</tag>
<status status="PASS" start="2024-04-28T03:15:41.095683" elapsed="0.179936"/>
</test>
<test id="s1-s1-t5" name="Validar conteudo" line="35">
<kw name="Teste de Tipos de Conteudo" owner="random-user-service">
<kw name="GET On Session" owner="RequestsLibrary">
<msg time="2024-04-28T03:15:41.366838" level="INFO">GET Request : url=https://randomuser.me/api 
 path_url=/api 
 headers={'User-Agent': 'python-requests/2.31.0', 'Accept-Encoding': 'gzip, deflate', 'Accept': '*/*', 'Connection': 'keep-alive'} 
 body=None 
 </msg>
<msg time="2024-04-28T03:15:41.366937" level="INFO">GET Response : url=https://randomuser.me/api 
 status=200, reason=OK 
 headers={'Date': 'Sun, 28 Apr 2024 03:15:41 GMT', 'Content-Type': 'application/json; charset=utf-8', 'Transfer-Encoding': 'chunked', 'Connection': 'keep-alive', 'X-Powered-By': 'Express', 'Access-Control-Allow-Origin': '*', 'Cache-Control': 'no-cache', 'ETag': 'W/"48d-MLHbc1nwTM4s7XUG53HuMrjXtJk"', 'Vary': 'Accept-Encoding', 'Content-Encoding': 'gzip', 'CF-Cache-Status': 'DYNAMIC', 'Report-To': '{"endpoints":[{"url":"https:\\/\\/a.nel.cloudflare.com\\/report\\/v4?s=PdSPeJylzcNc%2FG3%2FNuBnLswS2tnwHk4eYY9nnNTN9x4WlVn8%2FUlDnvWVjJC3dIF18x9zRYcJlW737XAIu5s0dtyhgN7Pd%2BUQeBWYyO%2FwcSFPoFtdZtbCdKpTH4gqBeCN"}],"group":"cf-nel","max_age":604800}', 'NEL': '{"success_fraction":0,"report_to":"cf-nel","max_age":604800}', 'Server': 'cloudflare', 'CF-RAY': '87b3e3a70b66e26a-ORD', 'alt-svc': 'h3=":443"; ma=86400'} 
 body={"results":[{"gender":"male","name":{"title":"Mr","first":"Dwight","last":"Wood"},"location":{"street":{"number":1376,"name":"Stanley Road"},"city":"St Albans","state":"West Sussex","country":"United Kingdom","postcode":"PR8L 8GW","coordinates":{"latitude":"-12.3333","longitude":"-20.8911"},"timezone":{"offset":"-11:00","description":"Midway Island, Samoa"}},"email":"dwight.wood@example.com","login":{"uuid":"4f02ccf1-35f1-4377-a66d-06fcf852d1f2","username":"happyswan119","password":"goodtime","salt":"mw8fpDEQ","md5":"fc8d1528cafaa4fa8951d8955e23d192","sha1":"a621dbe7d9aa64a4cfd3d59774f8ae9ad7f39c1f","sha256":"7f93e53c09d9ac2d49aace0f122ed92022b34ec380ddb33534f9dd4a8329dc86"},"dob":{"date":"1968-07-22T07:23:15.649Z","age":55},"registered":{"date":"2021-04-09T06:32:21.691Z","age":3},"phone":"015396 88682","cell":"07398 272290","id":{"name":"NINO","value":"GS 87 98 50 B"},"picture":{"large":"https://randomuser.me/api/portraits/men/79.jpg","medium":"https://randomuser.me/api/portraits/med/men/79.jpg","thumbnail":"https://randomuser.me/api/portraits/thumb/men/79.jpg"},"nat":"GB"}],"info":{"seed":"1b2332d00ea47f19","results":1,"page":1,"version":"1.4"}} 
 </msg>
<msg time="2024-04-28T03:15:41.367006" level="INFO">/opt/hostedtoolcache/Python/3.12.3/x64/lib/python3.12/site-packages/urllib3/connectionpool.py:1103: InsecureRequestWarning: Unverified HTTPS request is being made to host 'randomuser.me'. Adding certificate verification is strongly advised. See: https://urllib3.readthedocs.io/en/latest/advanced-usage.html#tls-warnings
  warnings.warn(</msg>
<msg time="2024-04-28T03:15:41.367151" level="INFO">${response} = &lt;Response [200]&gt;</msg>
<var>${response}</var>
<arg>consultarAPI</arg>
<arg>/api</arg>
<doc>Sends a GET request on a previously created HTTP Session.</doc>
<status status="PASS" start="2024-04-28T03:15:41.278078" elapsed="0.089117"/>
</kw>
<kw name="Set Variable" owner="BuiltIn">
<msg time="2024-04-28T03:15:41.368223" level="INFO">${json_data} = {'results': [{'gender': 'male', 'name': {'title': 'Mr', 'first': 'Dwight', 'last': 'Wood'}, 'location': {'street': {'number': 1376, 'name': 'Stanley Road'}, 'city': 'St Albans', 'state': 'West Sussex'...</msg>
<var>${json_data}</var>
<arg>${response.json()}</arg>
<doc>Returns the given values which can then be assigned to a variables.</doc>
<status status="PASS" start="2024-04-28T03:15:41.367716" elapsed="0.000535"/>
</kw>
<kw name="Set Variable" owner="BuiltIn">
<msg time="2024-04-28T03:15:41.368934" level="INFO">${name_title} = Mr</msg>
<var>${name_title}</var>
<arg>${json_data["results"][0]["name"]["title"]}</arg>
<doc>Returns the given values which can then be assigned to a variables.</doc>
<status status="PASS" start="2024-04-28T03:15:41.368551" elapsed="0.000407"/>
</kw>
<kw name="Create List" owner="BuiltIn">
<msg time="2024-04-28T03:15:41.369404" level="INFO">${allowed_titles} = ['Mr', 'Ms', 'Miss', 'Mrs', 'Madame', 'Monsieur']</msg>
<var>${allowed_titles}</var>
<arg>Mr</arg>
<arg>Ms</arg>
<arg>Miss</arg>
<arg>Mrs</arg>
<arg>Madame</arg>
<arg>Monsieur</arg>
<doc>Returns a list containing given items.</doc>
<status status="PASS" start="2024-04-28T03:15:41.369259" elapsed="0.000169"/>
</kw>
<kw name="List Should Contain Value" owner="Collections">
<msg time="2024-04-28T03:15:41.369892" level="INFO">False</msg>
<arg>${allowed_titles}</arg>
<arg>${name_title}</arg>
<doc>Fails if the ``value`` is not found from ``list``.</doc>
<status status="PASS" start="2024-04-28T03:15:41.369721" elapsed="0.000207"/>
</kw>
<kw name="Set Variable" owner="BuiltIn">
<msg time="2024-04-28T03:15:41.370595" level="INFO">${name_country} = GB</msg>
<var>${name_country}</var>
<arg>${json_data["results"][0]["nat"]}</arg>
<doc>Returns the given values which can then be assigned to a variables.</doc>
<status status="PASS" start="2024-04-28T03:15:41.370211" elapsed="0.000409"/>
</kw>
<kw name="Create List" owner="BuiltIn">
<msg time="2024-04-28T03:15:41.371540" level="INFO">${list_country} = ['AD', 'AE', 'AF', 'AG', 'AI', 'AL', 'AM', 'AO', 'AQ', 'AR', 'AS', 'AT', 'AU', 'AW', 'AX', 'AZ', 'BA', 'BB', 'BD', 'BE', 'BF', 'BG', 'BH', 'BI', 'BJ', 'BL', 'BM', 'BN', 'BO', 'BQ', 'BR', 'BS', 'BT', '...</msg>
<var>${list_country}</var>
<arg>AD</arg>
<arg>AE</arg>
<arg>AF</arg>
<arg>AG</arg>
<arg>AI</arg>
<arg>AL</arg>
<arg>AM</arg>
<arg>AO</arg>
<arg>AQ</arg>
<arg>AR</arg>
<arg>AS</arg>
<arg>AT</arg>
<arg>AU</arg>
<arg>AW</arg>
<arg>AX</arg>
<arg>AZ</arg>
<arg>BA</arg>
<arg>BB</arg>
<arg>BD</arg>
<arg>BE</arg>
<arg>BF</arg>
<arg>BG</arg>
<arg>BH</arg>
<arg>BI</arg>
<arg>BJ</arg>
<arg>BL</arg>
<arg>BM</arg>
<arg>BN</arg>
<arg>BO</arg>
<arg>BQ</arg>
<arg>BR</arg>
<arg>BS</arg>
<arg>BT</arg>
<arg>BV</arg>
<arg>BW</arg>
<arg>BY</arg>
<arg>BZ</arg>
<arg>CA</arg>
<arg>CC</arg>
<arg>CD</arg>
<arg>CF</arg>
<arg>CG</arg>
<arg>CH</arg>
<arg>CI</arg>
<arg>CK</arg>
<arg>CL</arg>
<arg>CM</arg>
<arg>CN</arg>
<arg>CO</arg>
<arg>CR</arg>
<arg>CU</arg>
<arg>CV</arg>
<arg>CW</arg>
<arg>CX</arg>
<arg>CY</arg>
<arg>CZ</arg>
<arg>DE</arg>
<arg>DJ</arg>
<arg>DK</arg>
<arg>DM</arg>
<arg>DO</arg>
<arg>DZ</arg>
<arg>EC</arg>
<arg>EE</arg>
<arg>EG</arg>
<arg>EH</arg>
<arg>ER</arg>
<arg>ES</arg>
<arg>ET</arg>
<arg>FI</arg>
<arg>FJ</arg>
<arg>FK</arg>
<arg>FM</arg>
<arg>FO</arg>
<arg>FR</arg>
<arg>GA</arg>
<arg>GB</arg>
<arg>GD</arg>
<arg>GE</arg>
<arg>GF</arg>
<arg>GG</arg>
<arg>GH</arg>
<arg>GI</arg>
<arg>GL</arg>
<arg>GM</arg>
<arg>GN</arg>
<arg>GP</arg>
<arg>GQ</arg>
<arg>GR</arg>
<arg>GS</arg>
<arg>GT</arg>
<arg>GU</arg>
<arg>GW</arg>
<arg>GY</arg>
<arg>HK</arg>
<arg>HM</arg>
<arg>HN</arg>
<arg>HR</arg>
<arg>HT</arg>
<arg>HU</arg>
<arg>ID</arg>
<arg>IE</arg>
<arg>IL</arg>
<arg>IM</arg>
<arg>IN</arg>
<arg>IO</arg>
<arg>IQ</arg>
<arg>IR</arg>
<arg>IS</arg>
<arg>IT</arg>
<arg>JE</arg>
<arg>JM</arg>
<arg>JO</arg>
<arg>JP</arg>
<arg>KE</arg>
<arg>KG</arg>
<arg>KH</arg>
<arg>KI</arg>
<arg>KM</arg>
<arg>KN</arg>
<arg>KP</arg>
<arg>KR</arg>
<arg>KW</arg>
<arg>KY</arg>
<arg>KZ</arg>
<arg>LA</arg>
<arg>LB</arg>
<arg>LC</arg>
<arg>LI</arg>
<arg>LK</arg>
<arg>LR</arg>
<arg>LS</arg>
<arg>LT</arg>
<arg>LU</arg>
<arg>LV</arg>
<arg>LY</arg>
<arg>MA</arg>
<arg>MC</arg>
<arg>MD</arg>
<arg>ME</arg>
<arg>MF</arg>
<arg>MG</arg>
<arg>MH</arg>
<arg>MK</arg>
<arg>ML</arg>
<arg>MM</arg>
<arg>MN</arg>
<arg>MO</arg>
<arg>MP</arg>
<arg>MQ</arg>
<arg>MR</arg>
<arg>MS</arg>
<arg>MT</arg>
<arg>MU</arg>
<arg>MV</arg>
<arg>MW</arg>
<arg>MX</arg>
<arg>MY</arg>
<arg>MZ</arg>
<arg>NA</arg>
<arg>NC</arg>
<arg>NE</arg>
<arg>NF</arg>
<arg>NG</arg>
<arg>NI</arg>
<arg>NL</arg>
<arg>NO</arg>
<arg>NP</arg>
<arg>NR</arg>
<arg>NU</arg>
<arg>NZ</arg>
<arg>OM</arg>
<arg>PA</arg>
<arg>PE</arg>
<arg>PF</arg>
<arg>PG</arg>
<arg>PH</arg>
<arg>PK</arg>
<arg>PL</arg>
<arg>PM</arg>
<arg>PN</arg>
<arg>PR</arg>
<arg>PS</arg>
<arg>PT</arg>
<arg>PW</arg>
<arg>PY</arg>
<arg>QA</arg>
<arg>RE</arg>
<arg>RO</arg>
<arg>RS</arg>
<arg>RU</arg>
<arg>RW</arg>
<arg>SA</arg>
<arg>SB</arg>
<arg>SC</arg>
<arg>SD</arg>
<arg>SE</arg>
<arg>SG</arg>
<arg>SH</arg>
<arg>SI</arg>
<arg>SJ</arg>
<arg>SK</arg>
<arg>SL</arg>
<arg>SM</arg>
<arg>SN</arg>
<arg>SO</arg>
<arg>SR</arg>
<arg>SS</arg>
<arg>ST</arg>
<arg>SV</arg>
<arg>SX</arg>
<arg>SY</arg>
<arg>SZ</arg>
<arg>TC</arg>
<arg>TD</arg>
<arg>TF</arg>
<arg>TG</arg>
<arg>TH</arg>
<arg>TJ</arg>
<arg>TK</arg>
<arg>TL</arg>
<arg>TM</arg>
<arg>TN</arg>
<arg>TO</arg>
<arg>TR</arg>
<arg>TT</arg>
<arg>TV</arg>
<arg>TW</arg>
<arg>TZ</arg>
<arg>UA</arg>
<arg>UG</arg>
<arg>UM</arg>
<arg>US</arg>
<arg>UY</arg>
<arg>UZ</arg>
<arg>VA</arg>
<arg>VC</arg>
<arg>VE</arg>
<arg>VG</arg>
<arg>VI</arg>
<arg>VN</arg>
<arg>VU</arg>
<arg>WF</arg>
<arg>WS</arg>
<arg>XK</arg>
<arg>YE</arg>
<arg>YT</arg>
<arg>ZA</arg>
<arg>ZM</arg>
<arg>ZW</arg>
<doc>Returns a list containing given items.</doc>
<status status="PASS" start="2024-04-28T03:15:41.370919" elapsed="0.000647"/>
</kw>
<kw name="List Should Contain Value" owner="Collections">
<msg time="2024-04-28T03:15:41.372554" level="INFO">False</msg>
<arg>${list_country}</arg>
<arg>${name_country}</arg>
<doc>Fails if the ``value`` is not found from ``list``.</doc>
<status status="PASS" start="2024-04-28T03:15:41.372355" elapsed="0.000237"/>
</kw>
<kw name="Run Keyword If" owner="BuiltIn">
<kw name="Should Be True" owner="BuiltIn">
<arg>${True}</arg>
<doc>Fails if the given condition is not true.</doc>
<status status="PASS" start="2024-04-28T03:15:41.373659" elapsed="0.000264"/>
</kw>
<arg>${json_data["results"][0]["location"]["coordinates"]["latitude"]} &gt;= -90 and ${json_data["results"][0]["location"]["coordinates"]["latitude"]} &lt;= 90</arg>
<arg>Should Be True</arg>
<arg>${True}</arg>
<doc>Runs the given keyword with the given arguments, if ``condition`` is true.</doc>
<status status="PASS" start="2024-04-28T03:15:41.372903" elapsed="0.001151"/>
</kw>
<kw name="Run Keyword If" owner="BuiltIn">
<kw name="Should Be True" owner="BuiltIn">
<arg>${True}</arg>
<doc>Fails if the given condition is not true.</doc>
<status status="PASS" start="2024-04-28T03:15:41.374949" elapsed="0.000138"/>
</kw>
<arg>${json_data["results"][0]["location"]["coordinates"]["longitude"]} &gt;= -180 and ${json_data["results"][0]["location"]["coordinates"]["longitude"]} &lt;= 180</arg>
<arg>Should Be True</arg>
<arg>${True}</arg>
<doc>Runs the given keyword with the given arguments, if ``condition`` is true.</doc>
<status status="PASS" start="2024-04-28T03:15:41.374238" elapsed="0.001004"/>
</kw>
<status status="PASS" start="2024-04-28T03:15:41.277848" elapsed="0.097537"/>
</kw>
<doc>Testa o conteúdo específico dos campos retornados pela API.</doc>
<tag>testeConteudo</tag>
<status status="PASS" start="2024-04-28T03:15:41.277382" elapsed="0.098151"/>
</test>
<status status="PASS" start="2024-04-28T03:15:40.339917" elapsed="1.037613"/>
</suite>
<status status="PASS" start="2024-04-28T03:15:40.325851" elapsed="1.056966"/>
</suite>
<statistics>
<total>
<stat pass="5" fail="0" skip="0">All Tests</stat>
</total>
<tag>
<stat pass="1" fail="0" skip="0">testeConteudo</stat>
<stat pass="1" fail="0" skip="0">testeEstruturaResposta</stat>
<stat pass="1" fail="0" skip="0">testeRequisicaoBasica</stat>
<stat pass="1" fail="0" skip="0">testeTiposDados</stat>
</tag>
<suite>
<stat pass="5" fail="0" skip="0" id="s1" name="Tests">Tests</stat>
<stat pass="5" fail="0" skip="0" id="s1-s1" name="Random-User-Test">Tests.Random-User-Test</stat>
</suite>
</statistics>
<errors>
</errors>
</robot>
