<?xml version="1.0" encoding="UTF-8"?>
<robot generator="Robot 7.0 (Python 3.12.2 on linux)" generated="2024-03-31T01:04:36.725960" rpa="false" schemaversion="5">
<suite id="s1" name="Tests" source="/home/runner/work/DesafioQAItauRogerioJordao/DesafioQAItauRogerioJordao/RamdonUser/tests">
<suite id="s1-s1" name="Random-User-Test" source="/home/runner/work/DesafioQAItauRogerioJordao/DesafioQAItauRogerioJordao/RamdonUser/tests/random-user-test.robot">
<test id="s1-s1-t1" name="Conectar" line="13">
<kw name="Conectar API" owner="random-user-service">
<kw name="Create Session" owner="RequestsLibrary">
<msg time="2024-03-31T01:04:37.093012" level="INFO">Creating Session using : alias=consultarAPI, url=https://randomuser.me/, headers={},                     cookies={}, auth=None, timeout=None, proxies=None, verify=False,                     debug=0 </msg>
<arg>consultarAPI</arg>
<arg>${URL}</arg>
<doc>Create Session: create a HTTP session to a server</doc>
<status status="PASS" start="2024-03-31T01:04:37.092801" elapsed="0.000383"/>
</kw>
<status status="PASS" start="2024-03-31T01:04:37.091740" elapsed="0.001827"/>
</kw>
<status status="PASS" start="2024-03-31T01:04:37.091206" elapsed="0.002568"/>
</test>
<test id="s1-s1-t2" name="Validar retorno 200 e JSON Válido" line="16">
<kw name="Teste de Requisicao Basica" owner="random-user-service">
<kw name="GET On Session" owner="RequestsLibrary">
<msg time="2024-03-31T01:04:37.148279" level="INFO">GET Request : url=https://randomuser.me/api 
 path_url=/api 
 headers={'User-Agent': 'python-requests/2.31.0', 'Accept-Encoding': 'gzip, deflate', 'Accept': '*/*', 'Connection': 'keep-alive'} 
 body=None 
 </msg>
<msg time="2024-03-31T01:04:37.148391" level="INFO">GET Response : url=https://randomuser.me/api 
 status=200, reason=OK 
 headers={'Date': 'Sun, 31 Mar 2024 01:04:37 GMT', 'Content-Type': 'application/json; charset=utf-8', 'Transfer-Encoding': 'chunked', 'Connection': 'keep-alive', 'X-Powered-By': 'Express', 'Access-Control-Allow-Origin': '*', 'Cache-Control': 'no-cache', 'ETag': 'W/"49d-fqHNoEHqfW0cxm6kvOUorK6Xw7w"', 'Vary': 'Accept-Encoding', 'Content-Encoding': 'gzip', 'CF-Cache-Status': 'DYNAMIC', 'Report-To': '{"endpoints":[{"url":"https:\\/\\/a.nel.cloudflare.com\\/report\\/v4?s=WcryWBAHJZF9ODEK7puvb6wF%2FPTVhTGzt5Rk1rq8dY8blbsRiUGymuGyh2Y4Gd%2Bk5NSoDw49q1GPb0kP3ysGyDzBPbxCW7%2B7pHwiXjRv66768Qlg%2FQ9NF2wkIlqwePgi"}],"group":"cf-nel","max_age":604800}', 'NEL': '{"success_fraction":0,"report_to":"cf-nel","max_age":604800}', 'Server': 'cloudflare', 'CF-RAY': '86cc6d27fc823897-IAD', 'alt-svc': 'h3=":443"; ma=86400'} 
 body={"results":[{"gender":"female","name":{"title":"Mrs","first":"Madeleine","last":"Cooper"},"location":{"street":{"number":7006,"name":"Colombo Street"},"city":"Blenheim","state":"Southland","country":"New Zealand","postcode":80368,"coordinates":{"latitude":"51.5993","longitude":"8.7832"},"timezone":{"offset":"-4:00","description":"Atlantic Time (Canada), Caracas, La Paz"}},"email":"madeleine.cooper@example.com","login":{"uuid":"9194b21a-c418-4e2d-a836-aa30e962425a","username":"happyostrich685","password":"chloe1","salt":"pgI4j1PG","md5":"6b10c6ffb5cb0102db51bc6cee15507a","sha1":"86b45d5e7824fa8f67e601f8cfc767aa39c88be2","sha256":"e788f13823f839ea3d15d71187ad6c055148cc90d2bb2912e3d860d4508d4a0d"},"dob":{"date":"1956-04-20T16:08:52.476Z","age":67},"registered":{"date":"2002-12-18T20:31:42.837Z","age":21},"phone":"(631)-213-6757","cell":"(341)-117-1178","id":{"name":"","value":null},"picture":{"large":"https://randomuser.me/api/portraits/women/88.jpg","medium":"https://randomuser.me/api/portraits/med/women/88.jpg","thumbnail":"https://randomuser.me/api/portraits/thumb/women/88.jpg"},"nat":"NZ"}],"info":{"seed":"a23d92e6ddc72e7c","results":1,"page":1,"version":"1.4"}} 
 </msg>
<msg time="2024-03-31T01:04:37.148492" level="INFO">/opt/hostedtoolcache/Python/3.12.2/x64/lib/python3.12/site-packages/urllib3/connectionpool.py:1103: InsecureRequestWarning: Unverified HTTPS request is being made to host 'randomuser.me'. Adding certificate verification is strongly advised. See: https://urllib3.readthedocs.io/en/latest/advanced-usage.html#tls-warnings
  warnings.warn(</msg>
<msg time="2024-03-31T01:04:37.148604" level="INFO">${response} = &lt;Response [200]&gt;</msg>
<var>${response}</var>
<arg>consultarAPI</arg>
<arg>/api</arg>
<doc>Sends a GET request on a previously created HTTP Session.</doc>
<status status="PASS" start="2024-03-31T01:04:37.096404" elapsed="0.052241"/>
</kw>
<kw name="Should Be Equal As Numbers" owner="BuiltIn">
<msg time="2024-03-31T01:04:37.149501" level="INFO">Argument types are:
&lt;class 'int'&gt;
&lt;class 'str'&gt;</msg>
<arg>${response.status_code}</arg>
<arg>200</arg>
<doc>Fails if objects are unequal after converting them to real numbers.</doc>
<status status="PASS" start="2024-03-31T01:04:37.149081" elapsed="0.000486"/>
</kw>
<kw name="Log" owner="BuiltIn">
<msg time="2024-03-31T01:04:37.150264" level="INFO">200</msg>
<arg>${response.status_code}</arg>
<doc>Logs the given message with the given level.</doc>
<status status="PASS" start="2024-03-31T01:04:37.149897" elapsed="0.000412"/>
</kw>
<kw name="Set Variable" owner="BuiltIn">
<msg time="2024-03-31T01:04:37.151132" level="INFO">${json_data} = {'results': [{'gender': 'female', 'name': {'title': 'Mrs', 'first': 'Madeleine', 'last': 'Cooper'}, 'location': {'street': {'number': 7006, 'name': 'Colombo Street'}, 'city': 'Blenheim', 'state': 'Sou...</msg>
<var>${json_data}</var>
<arg>${response.json()}</arg>
<doc>Returns the given values which can then be assigned to a variables.</doc>
<status status="PASS" start="2024-03-31T01:04:37.150650" elapsed="0.000514"/>
</kw>
<kw name="Dictionary Should Contain Key" owner="Collections">
<msg time="2024-03-31T01:04:37.151663" level="INFO">False</msg>
<arg>${json_data}</arg>
<arg>results</arg>
<doc>Fails if ``key`` is not found from ``dictionary``.</doc>
<status status="PASS" start="2024-03-31T01:04:37.151476" elapsed="0.000231"/>
</kw>
<status status="PASS" start="2024-03-31T01:04:37.096149" elapsed="0.055843"/>
</kw>
<doc>Testa se a API responde corretamente e retorna um objeto JSON válido.</doc>
<tag>testeRequisicaoBasica</tag>
<status status="PASS" start="2024-03-31T01:04:37.095671" elapsed="0.056503"/>
</test>
<test id="s1-s1-t3" name="Validar estrutura de resposta" line="22">
<kw name="Teste de Estrutura de Resposta" owner="random-user-service">
<kw name="GET On Session" owner="RequestsLibrary">
<msg time="2024-03-31T01:04:37.250172" level="INFO">GET Request : url=https://randomuser.me/api 
 path_url=/api 
 headers={'User-Agent': 'python-requests/2.31.0', 'Accept-Encoding': 'gzip, deflate', 'Accept': '*/*', 'Connection': 'keep-alive'} 
 body=None 
 </msg>
<msg time="2024-03-31T01:04:37.250260" level="INFO">GET Response : url=https://randomuser.me/api 
 status=200, reason=OK 
 headers={'Date': 'Sun, 31 Mar 2024 01:04:37 GMT', 'Content-Type': 'application/json; charset=utf-8', 'Transfer-Encoding': 'chunked', 'Connection': 'keep-alive', 'X-Powered-By': 'Express', 'Access-Control-Allow-Origin': '*', 'Cache-Control': 'no-cache', 'ETag': 'W/"48a-ZzWNCr/eTujyOsprl8kvXEnXnQ8"', 'Vary': 'Accept-Encoding', 'Content-Encoding': 'gzip', 'CF-Cache-Status': 'DYNAMIC', 'Report-To': '{"endpoints":[{"url":"https:\\/\\/a.nel.cloudflare.com\\/report\\/v4?s=EZ0rdJJiK%2BLhraB21pDD3XZgMWJm7g4OyM7mxpAPgPo0q%2FGn1Y%2BE80uui1fgCgxdeuiOmUhYBAX4nGVS8nzGx5kgaGtBaxISEcCHC2OFbGWKWdf7YkN55sZLx0B4s5Y9"}],"group":"cf-nel","max_age":604800}', 'NEL': '{"success_fraction":0,"report_to":"cf-nel","max_age":604800}', 'Server': 'cloudflare', 'CF-RAY': '86cc6d283cdf3897-IAD', 'alt-svc': 'h3=":443"; ma=86400'} 
 body={"results":[{"gender":"male","name":{"title":"Mr","first":"Alexis","last":"Novak"},"location":{"street":{"number":2190,"name":"Brock Rd"},"city":"Keswick","state":"Québec","country":"Canada","postcode":"A0Q 7I2","coordinates":{"latitude":"-70.6930","longitude":"-139.2394"},"timezone":{"offset":"+11:00","description":"Magadan, Solomon Islands, New Caledonia"}},"email":"alexis.novak@example.com","login":{"uuid":"1bf337c8-1950-4b75-8722-8e7d1a445a2e","username":"blackdog592","password":"jordan1","salt":"hKvaRDtc","md5":"38496c1749820fb7ba5c6331dce6ca8a","sha1":"39db2b7553d215bb32c75a605755d080c7beec28","sha256":"fec2697a89dbac1250bf1f1788216c7017eecbf6568bd9d8d0a7b2c8e2388e8d"},"dob":{"date":"1995-09-09T11:21:28.407Z","age":28},"registered":{"date":"2011-10-22T23:17:50.981Z","age":12},"phone":"C62 H36-1842","cell":"K36 O85-8193","id":{"name":"SIN","value":"611372269"},"picture":{"large":"https://randomuser.me/api/portraits/men/81.jpg","medium":"https://randomuser.me/api/portraits/med/men/81.jpg","thumbnail":"https://randomuser.me/api/portraits/thumb/men/81.jpg"},"nat":"CA"}],"info":{"seed":"278f2d3dcb3528bb","results":1,"page":1,"version":"1.4"}} 
 </msg>
<msg time="2024-03-31T01:04:37.250401" level="INFO">/opt/hostedtoolcache/Python/3.12.2/x64/lib/python3.12/site-packages/urllib3/connectionpool.py:1103: InsecureRequestWarning: Unverified HTTPS request is being made to host 'randomuser.me'. Adding certificate verification is strongly advised. See: https://urllib3.readthedocs.io/en/latest/advanced-usage.html#tls-warnings
  warnings.warn(</msg>
<msg time="2024-03-31T01:04:37.250500" level="INFO">${response} = &lt;Response [200]&gt;</msg>
<var>${response}</var>
<arg>consultarAPI</arg>
<arg>/api</arg>
<doc>Sends a GET request on a previously created HTTP Session.</doc>
<status status="PASS" start="2024-03-31T01:04:37.154871" elapsed="0.095665"/>
</kw>
<kw name="Set Variable" owner="BuiltIn">
<msg time="2024-03-31T01:04:37.251453" level="INFO">${json_data} = {'results': [{'gender': 'male', 'name': {'title': 'Mr', 'first': 'Alexis', 'last': 'Novak'}, 'location': {'street': {'number': 2190, 'name': 'Brock Rd'}, 'city': 'Keswick', 'state': 'Québec', 'country...</msg>
<var>${json_data}</var>
<arg>${response.json()}</arg>
<doc>Returns the given values which can then be assigned to a variables.</doc>
<status status="PASS" start="2024-03-31T01:04:37.250937" elapsed="0.000546"/>
</kw>
<kw name="Log" owner="BuiltIn">
<msg time="2024-03-31T01:04:37.251962" level="INFO">{'results': [{'gender': 'male', 'name': {'title': 'Mr', 'first': 'Alexis', 'last': 'Novak'}, 'location': {'street': {'number': 2190, 'name': 'Brock Rd'}, 'city': 'Keswick', 'state': 'Québec', 'country': 'Canada', 'postcode': 'A0Q 7I2', 'coordinates': {'latitude': '-70.6930', 'longitude': '-139.2394'}, 'timezone': {'offset': '+11:00', 'description': 'Magadan, Solomon Islands, New Caledonia'}}, 'email': 'alexis.novak@example.com', 'login': {'uuid': '1bf337c8-1950-4b75-8722-8e7d1a445a2e', 'username': 'blackdog592', 'password': 'jordan1', 'salt': 'hKvaRDtc', 'md5': '38496c1749820fb7ba5c6331dce6ca8a', 'sha1': '39db2b7553d215bb32c75a605755d080c7beec28', 'sha256': 'fec2697a89dbac1250bf1f1788216c7017eecbf6568bd9d8d0a7b2c8e2388e8d'}, 'dob': {'date': '1995-09-09T11:21:28.407Z', 'age': 28}, 'registered': {'date': '2011-10-22T23:17:50.981Z', 'age': 12}, 'phone': 'C62 H36-1842', 'cell': 'K36 O85-8193', 'id': {'name': 'SIN', 'value': '611372269'}, 'picture': {'large': 'https://randomuser.me/api/portraits/men/81.jpg', 'medium': 'https://randomuser.me/api/portraits/med/men/81.jpg', 'thumbnail': 'https://randomuser.me/api/portraits/thumb/men/81.jpg'}, 'nat': 'CA'}], 'info': {'seed': '278f2d3dcb3528bb', 'results': 1, 'page': 1, 'version': '1.4'}}</msg>
<arg>${json_data}</arg>
<doc>Logs the given message with the given level.</doc>
<status status="PASS" start="2024-03-31T01:04:37.251800" elapsed="0.000212"/>
</kw>
<kw name="Dictionary Should Contain Key" owner="Collections">
<msg time="2024-03-31T01:04:37.252480" level="INFO">False</msg>
<arg>${json_data}</arg>
<arg>results</arg>
<doc>Fails if ``key`` is not found from ``dictionary``.</doc>
<status status="PASS" start="2024-03-31T01:04:37.252313" elapsed="0.000207"/>
</kw>
<kw name="Should Not Be Empty" owner="BuiltIn">
<msg time="2024-03-31T01:04:37.252963" level="INFO">Length is 2.</msg>
<arg>${json_data}</arg>
<doc>Verifies that the given item is not empty.</doc>
<status status="PASS" start="2024-03-31T01:04:37.252828" elapsed="0.000174"/>
</kw>
<kw name="Create List" owner="BuiltIn">
<msg time="2024-03-31T01:04:37.253448" level="INFO">${expected_keys} = ['gender', 'name', 'location', 'email', 'login']</msg>
<var>${expected_keys}</var>
<arg>gender</arg>
<arg>name</arg>
<arg>location</arg>
<arg>email</arg>
<arg>login</arg>
<doc>Returns a list containing given items.</doc>
<status status="PASS" start="2024-03-31T01:04:37.253297" elapsed="0.000176"/>
</kw>
<for flavor="IN">
<iter>
<kw name="Dictionary Should Contain Key" owner="Collections">
<msg time="2024-03-31T01:04:37.254452" level="INFO">False</msg>
<arg>${json_data['results'][0]}</arg>
<arg>${key}</arg>
<doc>Fails if ``key`` is not found from ``dictionary``.</doc>
<status status="PASS" start="2024-03-31T01:04:37.254047" elapsed="0.000445"/>
</kw>
<kw name="Log" owner="BuiltIn">
<msg time="2024-03-31T01:04:37.255202" level="INFO">{'gender': 'male', 'name': {'title': 'Mr', 'first': 'Alexis', 'last': 'Novak'}, 'location': {'street': {'number': 2190, 'name': 'Brock Rd'}, 'city': 'Keswick', 'state': 'Québec', 'country': 'Canada', 'postcode': 'A0Q 7I2', 'coordinates': {'latitude': '-70.6930', 'longitude': '-139.2394'}, 'timezone': {'offset': '+11:00', 'description': 'Magadan, Solomon Islands, New Caledonia'}}, 'email': 'alexis.novak@example.com', 'login': {'uuid': '1bf337c8-1950-4b75-8722-8e7d1a445a2e', 'username': 'blackdog592', 'password': 'jordan1', 'salt': 'hKvaRDtc', 'md5': '38496c1749820fb7ba5c6331dce6ca8a', 'sha1': '39db2b7553d215bb32c75a605755d080c7beec28', 'sha256': 'fec2697a89dbac1250bf1f1788216c7017eecbf6568bd9d8d0a7b2c8e2388e8d'}, 'dob': {'date': '1995-09-09T11:21:28.407Z', 'age': 28}, 'registered': {'date': '2011-10-22T23:17:50.981Z', 'age': 12}, 'phone': 'C62 H36-1842', 'cell': 'K36 O85-8193', 'id': {'name': 'SIN', 'value': '611372269'}, 'picture': {'large': 'https://randomuser.me/api/portraits/men/81.jpg', 'medium': 'https://randomuser.me/api/portraits/med/men/81.jpg', 'thumbnail': 'https://randomuser.me/api/portraits/thumb/men/81.jpg'}, 'nat': 'CA'}</msg>
<arg>${json_data['results'][0]}</arg>
<doc>Logs the given message with the given level.</doc>
<status status="PASS" start="2024-03-31T01:04:37.254802" elapsed="0.000456"/>
</kw>
<kw name="Log" owner="BuiltIn">
<msg time="2024-03-31T01:04:37.255700" level="INFO">gender</msg>
<arg>${key}</arg>
<doc>Logs the given message with the given level.</doc>
<status status="PASS" start="2024-03-31T01:04:37.255567" elapsed="0.000172"/>
</kw>
<var name="${key}">gender</var>
<status status="PASS" start="2024-03-31T01:04:37.253921" elapsed="0.002046"/>
</iter>
<iter>
<kw name="Dictionary Should Contain Key" owner="Collections">
<msg time="2024-03-31T01:04:37.256665" level="INFO">False</msg>
<arg>${json_data['results'][0]}</arg>
<arg>${key}</arg>
<doc>Fails if ``key`` is not found from ``dictionary``.</doc>
<status status="PASS" start="2024-03-31T01:04:37.256274" elapsed="0.000430"/>
</kw>
<kw name="Log" owner="BuiltIn">
<msg time="2024-03-31T01:04:37.257414" level="INFO">{'gender': 'male', 'name': {'title': 'Mr', 'first': 'Alexis', 'last': 'Novak'}, 'location': {'street': {'number': 2190, 'name': 'Brock Rd'}, 'city': 'Keswick', 'state': 'Québec', 'country': 'Canada', 'postcode': 'A0Q 7I2', 'coordinates': {'latitude': '-70.6930', 'longitude': '-139.2394'}, 'timezone': {'offset': '+11:00', 'description': 'Magadan, Solomon Islands, New Caledonia'}}, 'email': 'alexis.novak@example.com', 'login': {'uuid': '1bf337c8-1950-4b75-8722-8e7d1a445a2e', 'username': 'blackdog592', 'password': 'jordan1', 'salt': 'hKvaRDtc', 'md5': '38496c1749820fb7ba5c6331dce6ca8a', 'sha1': '39db2b7553d215bb32c75a605755d080c7beec28', 'sha256': 'fec2697a89dbac1250bf1f1788216c7017eecbf6568bd9d8d0a7b2c8e2388e8d'}, 'dob': {'date': '1995-09-09T11:21:28.407Z', 'age': 28}, 'registered': {'date': '2011-10-22T23:17:50.981Z', 'age': 12}, 'phone': 'C62 H36-1842', 'cell': 'K36 O85-8193', 'id': {'name': 'SIN', 'value': '611372269'}, 'picture': {'large': 'https://randomuser.me/api/portraits/men/81.jpg', 'medium': 'https://randomuser.me/api/portraits/med/men/81.jpg', 'thumbnail': 'https://randomuser.me/api/portraits/thumb/men/81.jpg'}, 'nat': 'CA'}</msg>
<arg>${json_data['results'][0]}</arg>
<doc>Logs the given message with the given level.</doc>
<status status="PASS" start="2024-03-31T01:04:37.257048" elapsed="0.000417"/>
</kw>
<kw name="Log" owner="BuiltIn">
<msg time="2024-03-31T01:04:37.257899" level="INFO">name</msg>
<arg>${key}</arg>
<doc>Logs the given message with the given level.</doc>
<status status="PASS" start="2024-03-31T01:04:37.257769" elapsed="0.000169"/>
</kw>
<var name="${key}">name</var>
<status status="PASS" start="2024-03-31T01:04:37.256159" elapsed="0.001998"/>
</iter>
<iter>
<kw name="Dictionary Should Contain Key" owner="Collections">
<msg time="2024-03-31T01:04:37.258836" level="INFO">False</msg>
<arg>${json_data['results'][0]}</arg>
<arg>${key}</arg>
<doc>Fails if ``key`` is not found from ``dictionary``.</doc>
<status status="PASS" start="2024-03-31T01:04:37.258450" elapsed="0.000425"/>
</kw>
<kw name="Log" owner="BuiltIn">
<msg time="2024-03-31T01:04:37.259596" level="INFO">{'gender': 'male', 'name': {'title': 'Mr', 'first': 'Alexis', 'last': 'Novak'}, 'location': {'street': {'number': 2190, 'name': 'Brock Rd'}, 'city': 'Keswick', 'state': 'Québec', 'country': 'Canada', 'postcode': 'A0Q 7I2', 'coordinates': {'latitude': '-70.6930', 'longitude': '-139.2394'}, 'timezone': {'offset': '+11:00', 'description': 'Magadan, Solomon Islands, New Caledonia'}}, 'email': 'alexis.novak@example.com', 'login': {'uuid': '1bf337c8-1950-4b75-8722-8e7d1a445a2e', 'username': 'blackdog592', 'password': 'jordan1', 'salt': 'hKvaRDtc', 'md5': '38496c1749820fb7ba5c6331dce6ca8a', 'sha1': '39db2b7553d215bb32c75a605755d080c7beec28', 'sha256': 'fec2697a89dbac1250bf1f1788216c7017eecbf6568bd9d8d0a7b2c8e2388e8d'}, 'dob': {'date': '1995-09-09T11:21:28.407Z', 'age': 28}, 'registered': {'date': '2011-10-22T23:17:50.981Z', 'age': 12}, 'phone': 'C62 H36-1842', 'cell': 'K36 O85-8193', 'id': {'name': 'SIN', 'value': '611372269'}, 'picture': {'large': 'https://randomuser.me/api/portraits/men/81.jpg', 'medium': 'https://randomuser.me/api/portraits/med/men/81.jpg', 'thumbnail': 'https://randomuser.me/api/portraits/thumb/men/81.jpg'}, 'nat': 'CA'}</msg>
<arg>${json_data['results'][0]}</arg>
<doc>Logs the given message with the given level.</doc>
<status status="PASS" start="2024-03-31T01:04:37.259229" elapsed="0.000422"/>
</kw>
<kw name="Log" owner="BuiltIn">
<msg time="2024-03-31T01:04:37.260108" level="INFO">location</msg>
<arg>${key}</arg>
<doc>Logs the given message with the given level.</doc>
<status status="PASS" start="2024-03-31T01:04:37.259969" elapsed="0.000180"/>
</kw>
<var name="${key}">location</var>
<status status="PASS" start="2024-03-31T01:04:37.258337" elapsed="0.002033"/>
</iter>
<iter>
<kw name="Dictionary Should Contain Key" owner="Collections">
<msg time="2024-03-31T01:04:37.261039" level="INFO">False</msg>
<arg>${json_data['results'][0]}</arg>
<arg>${key}</arg>
<doc>Fails if ``key`` is not found from ``dictionary``.</doc>
<status status="PASS" start="2024-03-31T01:04:37.260655" elapsed="0.000422"/>
</kw>
<kw name="Log" owner="BuiltIn">
<msg time="2024-03-31T01:04:37.261740" level="INFO">{'gender': 'male', 'name': {'title': 'Mr', 'first': 'Alexis', 'last': 'Novak'}, 'location': {'street': {'number': 2190, 'name': 'Brock Rd'}, 'city': 'Keswick', 'state': 'Québec', 'country': 'Canada', 'postcode': 'A0Q 7I2', 'coordinates': {'latitude': '-70.6930', 'longitude': '-139.2394'}, 'timezone': {'offset': '+11:00', 'description': 'Magadan, Solomon Islands, New Caledonia'}}, 'email': 'alexis.novak@example.com', 'login': {'uuid': '1bf337c8-1950-4b75-8722-8e7d1a445a2e', 'username': 'blackdog592', 'password': 'jordan1', 'salt': 'hKvaRDtc', 'md5': '38496c1749820fb7ba5c6331dce6ca8a', 'sha1': '39db2b7553d215bb32c75a605755d080c7beec28', 'sha256': 'fec2697a89dbac1250bf1f1788216c7017eecbf6568bd9d8d0a7b2c8e2388e8d'}, 'dob': {'date': '1995-09-09T11:21:28.407Z', 'age': 28}, 'registered': {'date': '2011-10-22T23:17:50.981Z', 'age': 12}, 'phone': 'C62 H36-1842', 'cell': 'K36 O85-8193', 'id': {'name': 'SIN', 'value': '611372269'}, 'picture': {'large': 'https://randomuser.me/api/portraits/men/81.jpg', 'medium': 'https://randomuser.me/api/portraits/med/men/81.jpg', 'thumbnail': 'https://randomuser.me/api/portraits/thumb/men/81.jpg'}, 'nat': 'CA'}</msg>
<arg>${json_data['results'][0]}</arg>
<doc>Logs the given message with the given level.</doc>
<status status="PASS" start="2024-03-31T01:04:37.261375" elapsed="0.000416"/>
</kw>
<kw name="Log" owner="BuiltIn">
<msg time="2024-03-31T01:04:37.262218" level="INFO">email</msg>
<arg>${key}</arg>
<doc>Logs the given message with the given level.</doc>
<status status="PASS" start="2024-03-31T01:04:37.262090" elapsed="0.000167"/>
</kw>
<var name="${key}">email</var>
<status status="PASS" start="2024-03-31T01:04:37.260544" elapsed="0.001928"/>
</iter>
<iter>
<kw name="Dictionary Should Contain Key" owner="Collections">
<msg time="2024-03-31T01:04:37.263188" level="INFO">False</msg>
<arg>${json_data['results'][0]}</arg>
<arg>${key}</arg>
<doc>Fails if ``key`` is not found from ``dictionary``.</doc>
<status status="PASS" start="2024-03-31T01:04:37.262778" elapsed="0.000449"/>
</kw>
<kw name="Log" owner="BuiltIn">
<msg time="2024-03-31T01:04:37.263882" level="INFO">{'gender': 'male', 'name': {'title': 'Mr', 'first': 'Alexis', 'last': 'Novak'}, 'location': {'street': {'number': 2190, 'name': 'Brock Rd'}, 'city': 'Keswick', 'state': 'Québec', 'country': 'Canada', 'postcode': 'A0Q 7I2', 'coordinates': {'latitude': '-70.6930', 'longitude': '-139.2394'}, 'timezone': {'offset': '+11:00', 'description': 'Magadan, Solomon Islands, New Caledonia'}}, 'email': 'alexis.novak@example.com', 'login': {'uuid': '1bf337c8-1950-4b75-8722-8e7d1a445a2e', 'username': 'blackdog592', 'password': 'jordan1', 'salt': 'hKvaRDtc', 'md5': '38496c1749820fb7ba5c6331dce6ca8a', 'sha1': '39db2b7553d215bb32c75a605755d080c7beec28', 'sha256': 'fec2697a89dbac1250bf1f1788216c7017eecbf6568bd9d8d0a7b2c8e2388e8d'}, 'dob': {'date': '1995-09-09T11:21:28.407Z', 'age': 28}, 'registered': {'date': '2011-10-22T23:17:50.981Z', 'age': 12}, 'phone': 'C62 H36-1842', 'cell': 'K36 O85-8193', 'id': {'name': 'SIN', 'value': '611372269'}, 'picture': {'large': 'https://randomuser.me/api/portraits/men/81.jpg', 'medium': 'https://randomuser.me/api/portraits/med/men/81.jpg', 'thumbnail': 'https://randomuser.me/api/portraits/thumb/men/81.jpg'}, 'nat': 'CA'}</msg>
<arg>${json_data['results'][0]}</arg>
<doc>Logs the given message with the given level.</doc>
<status status="PASS" start="2024-03-31T01:04:37.263525" elapsed="0.000405"/>
</kw>
<kw name="Log" owner="BuiltIn">
<msg time="2024-03-31T01:04:37.264361" level="INFO">login</msg>
<arg>${key}</arg>
<doc>Logs the given message with the given level.</doc>
<status status="PASS" start="2024-03-31T01:04:37.264230" elapsed="0.000275"/>
</kw>
<var name="${key}">login</var>
<status status="PASS" start="2024-03-31T01:04:37.262653" elapsed="0.002104"/>
</iter>
<var>${key}</var>
<value>@{expected_keys}</value>
<status status="PASS" start="2024-03-31T01:04:37.253734" elapsed="0.011153"/>
</for>
<kw name="Create List" owner="BuiltIn">
<msg time="2024-03-31T01:04:37.265227" level="INFO">${expected_keysTwo} = ['username', 'password']</msg>
<var>${expected_keysTwo}</var>
<arg>username</arg>
<arg>password</arg>
<doc>Returns a list containing given items.</doc>
<status status="PASS" start="2024-03-31T01:04:37.265087" elapsed="0.000164"/>
</kw>
<for flavor="IN">
<iter>
<kw name="Dictionary Should Contain Key" owner="Collections">
<msg time="2024-03-31T01:04:37.266157" level="INFO">False</msg>
<arg>${json_data['results'][0]['login']}</arg>
<arg>${keyTwo}</arg>
<doc>Fails if ``key`` is not found from ``dictionary``.</doc>
<status status="PASS" start="2024-03-31T01:04:37.265760" elapsed="0.000434"/>
</kw>
<kw name="Dictionary Should Contain Key" owner="Collections">
<msg time="2024-03-31T01:04:37.266869" level="INFO">False</msg>
<arg>${json_data['results'][0]['login']}</arg>
<arg>${keyTwo}</arg>
<doc>Fails if ``key`` is not found from ``dictionary``.</doc>
<status status="PASS" start="2024-03-31T01:04:37.266491" elapsed="0.000416"/>
</kw>
<kw name="Log" owner="BuiltIn">
<msg time="2024-03-31T01:04:37.267376" level="INFO">username</msg>
<arg>${keyTwo}</arg>
<doc>Logs the given message with the given level.</doc>
<status status="PASS" start="2024-03-31T01:04:37.267243" elapsed="0.000171"/>
</kw>
<var name="${keyTwo}">username</var>
<status status="PASS" start="2024-03-31T01:04:37.265647" elapsed="0.001988"/>
</iter>
<iter>
<kw name="Dictionary Should Contain Key" owner="Collections">
<msg time="2024-03-31T01:04:37.268306" level="INFO">False</msg>
<arg>${json_data['results'][0]['login']}</arg>
<arg>${keyTwo}</arg>
<doc>Fails if ``key`` is not found from ``dictionary``.</doc>
<status status="PASS" start="2024-03-31T01:04:37.267920" elapsed="0.000425"/>
</kw>
<kw name="Dictionary Should Contain Key" owner="Collections">
<msg time="2024-03-31T01:04:37.269017" level="INFO">False</msg>
<arg>${json_data['results'][0]['login']}</arg>
<arg>${keyTwo}</arg>
<doc>Fails if ``key`` is not found from ``dictionary``.</doc>
<status status="PASS" start="2024-03-31T01:04:37.268641" elapsed="0.000413"/>
</kw>
<kw name="Log" owner="BuiltIn">
<msg time="2024-03-31T01:04:37.269476" level="INFO">password</msg>
<arg>${keyTwo}</arg>
<doc>Logs the given message with the given level.</doc>
<status status="PASS" start="2024-03-31T01:04:37.269347" elapsed="0.000168"/>
</kw>
<var name="${keyTwo}">password</var>
<status status="PASS" start="2024-03-31T01:04:37.267811" elapsed="0.001922"/>
</iter>
<var>${keyTwo}</var>
<value>@{expected_keysTwo}</value>
<status status="PASS" start="2024-03-31T01:04:37.265494" elapsed="0.004372"/>
</for>
<status status="PASS" start="2024-03-31T01:04:37.154633" elapsed="0.115374"/>
</kw>
<doc>Testa a estrutura da resposta da API.</doc>
<tag>testeEstruturaResposta</tag>
<status status="PASS" start="2024-03-31T01:04:37.153992" elapsed="0.116180"/>
</test>
<test id="s1-s1-t4" name="Validar tipos de dados" line="28">
<kw name="Teste de Tipos de Dados" owner="random-user-service">
<kw name="GET On Session" owner="RequestsLibrary">
<msg time="2024-03-31T01:04:37.350537" level="INFO">GET Request : url=https://randomuser.me/api 
 path_url=/api 
 headers={'User-Agent': 'python-requests/2.31.0', 'Accept-Encoding': 'gzip, deflate', 'Accept': '*/*', 'Connection': 'keep-alive'} 
 body=None 
 </msg>
<msg time="2024-03-31T01:04:37.350629" level="INFO">GET Response : url=https://randomuser.me/api 
 status=200, reason=OK 
 headers={'Date': 'Sun, 31 Mar 2024 01:04:37 GMT', 'Content-Type': 'application/json; charset=utf-8', 'Transfer-Encoding': 'chunked', 'Connection': 'keep-alive', 'X-Powered-By': 'Express', 'Access-Control-Allow-Origin': '*', 'Cache-Control': 'no-cache', 'ETag': 'W/"48e-zOBW9GCYvYg3yu2EcMbwkys8OLQ"', 'Vary': 'Accept-Encoding', 'Content-Encoding': 'gzip', 'CF-Cache-Status': 'DYNAMIC', 'Report-To': '{"endpoints":[{"url":"https:\\/\\/a.nel.cloudflare.com\\/report\\/v4?s=cScvu0NUMOCAgHEegHSFA1yNODoUKqzJMI%2FUzMqqj2uqGUnRAaKcdAASix7BV0Gffb3JuSdqxbTtx07Sojx%2BKdSoR3ZsggHhEv2fXlzpRy4RHyJO8D62oLHRZjShVSye"}],"group":"cf-nel","max_age":604800}', 'NEL': '{"success_fraction":0,"report_to":"cf-nel","max_age":604800}', 'Server': 'cloudflare', 'CF-RAY': '86cc6d28fdca3897-IAD', 'alt-svc': 'h3=":443"; ma=86400'} 
 body={"results":[{"gender":"female","name":{"title":"Mrs","first":"Emmi","last":"Mantyla"},"location":{"street":{"number":6374,"name":"Otavalankatu"},"city":"Kalajoki","state":"Uusimaa","country":"Finland","postcode":42539,"coordinates":{"latitude":"-22.0791","longitude":"91.8129"},"timezone":{"offset":"-8:00","description":"Pacific Time (US &amp; Canada)"}},"email":"emmi.mantyla@example.com","login":{"uuid":"3982a83e-51df-43fa-bfd4-b9ba2ac389e2","username":"goldenpeacock655","password":"solo","salt":"h19n7Q98","md5":"f376a3b3c999286f5a43476edb5dad2b","sha1":"9838f2bfc4bdd23627085ad5e546f67551e73a38","sha256":"4cf2e947f79a725252aa07c80ffc00ad3a939ae901dc7c93d8b7c3f7065ee15d"},"dob":{"date":"1985-10-26T15:11:43.296Z","age":38},"registered":{"date":"2015-06-06T15:55:12.526Z","age":8},"phone":"07-725-681","cell":"047-609-32-59","id":{"name":"HETU","value":"NaNNA280undefined"},"picture":{"large":"https://randomuser.me/api/portraits/women/13.jpg","medium":"https://randomuser.me/api/portraits/med/women/13.jpg","thumbnail":"https://randomuser.me/api/portraits/thumb/women/13.jpg"},"nat":"FI"}],"info":{"seed":"d110febee1eae9df","results":1,"page":1,"version":"1.4"}} 
 </msg>
<msg time="2024-03-31T01:04:37.350717" level="INFO">/opt/hostedtoolcache/Python/3.12.2/x64/lib/python3.12/site-packages/urllib3/connectionpool.py:1103: InsecureRequestWarning: Unverified HTTPS request is being made to host 'randomuser.me'. Adding certificate verification is strongly advised. See: https://urllib3.readthedocs.io/en/latest/advanced-usage.html#tls-warnings
  warnings.warn(</msg>
<msg time="2024-03-31T01:04:37.350843" level="INFO">${response} = &lt;Response [200]&gt;</msg>
<var>${response}</var>
<arg>consultarAPI</arg>
<arg>/api</arg>
<doc>Sends a GET request on a previously created HTTP Session.</doc>
<status status="PASS" start="2024-03-31T01:04:37.272673" elapsed="0.078211"/>
</kw>
<kw name="Set Variable" owner="BuiltIn">
<msg time="2024-03-31T01:04:37.352031" level="INFO">${json_data} = {'results': [{'gender': 'female', 'name': {'title': 'Mrs', 'first': 'Emmi', 'last': 'Mantyla'}, 'location': {'street': {'number': 6374, 'name': 'Otavalankatu'}, 'city': 'Kalajoki', 'state': 'Uusimaa',...</msg>
<var>${json_data}</var>
<arg>${response.json()}</arg>
<doc>Returns the given values which can then be assigned to a variables.</doc>
<status status="PASS" start="2024-03-31T01:04:37.351375" elapsed="0.000707"/>
</kw>
<kw name="Log" owner="BuiltIn">
<msg time="2024-03-31T01:04:37.352742" level="INFO">{'results': [{'gender': 'female', 'name': {'title': 'Mrs', 'first': 'Emmi', 'last': 'Mantyla'}, 'location': {'street': {'number': 6374, 'name': 'Otavalankatu'}, 'city': 'Kalajoki', 'state': 'Uusimaa', 'country': 'Finland', 'postcode': 42539, 'coordinates': {'latitude': '-22.0791', 'longitude': '91.8129'}, 'timezone': {'offset': '-8:00', 'description': 'Pacific Time (US &amp; Canada)'}}, 'email': 'emmi.mantyla@example.com', 'login': {'uuid': '3982a83e-51df-43fa-bfd4-b9ba2ac389e2', 'username': 'goldenpeacock655', 'password': 'solo', 'salt': 'h19n7Q98', 'md5': 'f376a3b3c999286f5a43476edb5dad2b', 'sha1': '9838f2bfc4bdd23627085ad5e546f67551e73a38', 'sha256': '4cf2e947f79a725252aa07c80ffc00ad3a939ae901dc7c93d8b7c3f7065ee15d'}, 'dob': {'date': '1985-10-26T15:11:43.296Z', 'age': 38}, 'registered': {'date': '2015-06-06T15:55:12.526Z', 'age': 8}, 'phone': '07-725-681', 'cell': '047-609-32-59', 'id': {'name': 'HETU', 'value': 'NaNNA280undefined'}, 'picture': {'large': 'https://randomuser.me/api/portraits/women/13.jpg', 'medium': 'https://randomuser.me/api/portraits/med/women/13.jpg', 'thumbnail': 'https://randomuser.me/api/portraits/thumb/women/13.jpg'}, 'nat': 'FI'}], 'info': {'seed': 'd110febee1eae9df', 'results': 1, 'page': 1, 'version': '1.4'}}</msg>
<arg>${json_data}</arg>
<doc>Logs the given message with the given level.</doc>
<status status="PASS" start="2024-03-31T01:04:37.352526" elapsed="0.000332"/>
</kw>
<kw name="Should Be String" owner="String">
<arg>${json_data['results'][0]['gender']}</arg>
<doc>Fails if the given ``item`` is not a string.</doc>
<status status="PASS" start="2024-03-31T01:04:37.353274" elapsed="0.000560"/>
</kw>
<kw name="Should Match Regexp" owner="BuiltIn">
<arg>${json_data['results'][0]['email']}</arg>
<arg>^[a-zA-Z0-9._%+-]+@[a-zA-Z0-9.-]+\.[a-zA-Z]{2,}$</arg>
<doc>Fails if ``string`` does not match ``pattern`` as a regular expression.</doc>
<status status="PASS" start="2024-03-31T01:04:37.354126" elapsed="0.000795"/>
</kw>
<kw name="Should Match Regexp" owner="BuiltIn">
<arg>${json_data['results'][0]['dob']['date']}</arg>
<arg>\\d{4}-\\d{2}-\\d{2}T\\d{2}:\\d{2}:\\d{2}\\.\\d{3}Z</arg>
<doc>Fails if ``string`` does not match ``pattern`` as a regular expression.</doc>
<status status="PASS" start="2024-03-31T01:04:37.355281" elapsed="0.000828"/>
</kw>
<kw name="Should Match Regexp" owner="BuiltIn">
<arg>${json_data['results'][0]['registered']['date']}</arg>
<arg>\\d{4}-\\d{2}-\\d{2}T\\d{2}:\\d{2}:\\d{2}\\.\\d{3}Z</arg>
<doc>Fails if ``string`` does not match ``pattern`` as a regular expression.</doc>
<status status="PASS" start="2024-03-31T01:04:37.356443" elapsed="0.000589"/>
</kw>
<kw name="Should Match Regexp" owner="BuiltIn">
<arg>${json_data['results'][0]['picture']['large']}</arg>
<arg>^https?://.*\.(?:png|jpe?g|gif|bmp)$</arg>
<doc>Fails if ``string`` does not match ``pattern`` as a regular expression.</doc>
<status status="PASS" start="2024-03-31T01:04:37.357338" elapsed="0.000795"/>
</kw>
<kw name="Should Match Regexp" owner="BuiltIn">
<arg>${json_data['results'][0]['picture']['medium']}</arg>
<arg>^https?://.*\.(?:png|jpe?g|gif|bmp)$</arg>
<doc>Fails if ``string`` does not match ``pattern`` as a regular expression.</doc>
<status status="PASS" start="2024-03-31T01:04:37.358469" elapsed="0.000576"/>
</kw>
<kw name="Should Match Regexp" owner="BuiltIn">
<arg>${json_data['results'][0]['picture']['thumbnail']}</arg>
<arg>^https?://.*\.(?:png|jpe?g|gif|bmp)$</arg>
<doc>Fails if ``string`` does not match ``pattern`` as a regular expression.</doc>
<status status="PASS" start="2024-03-31T01:04:37.359393" elapsed="0.000639"/>
</kw>
<kw name="Log" owner="BuiltIn">
<msg time="2024-03-31T01:04:37.360929" level="INFO">{'large': 'https://randomuser.me/api/portraits/women/13.jpg', 'medium': 'https://randomuser.me/api/portraits/med/women/13.jpg', 'thumbnail': 'https://randomuser.me/api/portraits/thumb/women/13.jpg'}</msg>
<arg>${json_data['results'][0]['picture']}</arg>
<doc>Logs the given message with the given level.</doc>
<status status="PASS" start="2024-03-31T01:04:37.360349" elapsed="0.000663"/>
</kw>
<status status="PASS" start="2024-03-31T01:04:37.272435" elapsed="0.088961"/>
</kw>
<kw name="Teste de Tipos de Dados - Postcode" owner="random-user-service">
<kw name="GET On Session" owner="RequestsLibrary">
<msg time="2024-03-31T01:04:37.450826" level="INFO">GET Request : url=https://randomuser.me/api 
 path_url=/api 
 headers={'User-Agent': 'python-requests/2.31.0', 'Accept-Encoding': 'gzip, deflate', 'Accept': '*/*', 'Connection': 'keep-alive'} 
 body=None 
 </msg>
<msg time="2024-03-31T01:04:37.450892" level="INFO">GET Response : url=https://randomuser.me/api 
 status=200, reason=OK 
 headers={'Date': 'Sun, 31 Mar 2024 01:04:37 GMT', 'Content-Type': 'application/json; charset=utf-8', 'Transfer-Encoding': 'chunked', 'Connection': 'keep-alive', 'X-Powered-By': 'Express', 'Access-Control-Allow-Origin': '*', 'Cache-Control': 'no-cache', 'ETag': 'W/"49c-Nq+s4zJWDhcap/FSWC5n6Ft83Vc"', 'Vary': 'Accept-Encoding', 'Content-Encoding': 'gzip', 'CF-Cache-Status': 'DYNAMIC', 'Report-To': '{"endpoints":[{"url":"https:\\/\\/a.nel.cloudflare.com\\/report\\/v4?s=iniTRsvdjx9bbTV%2BZ4TcK2SaeW%2B3U2pkhqGyZx48ZYOQa9egeBr3JS7j3b7ajGJbSkfAq7tRnwjOmTwJac5dDLElsjkTzBFwM7iRuK9nECMhZdUNbR6Q0%2BlhqXGT8nLz"}],"group":"cf-nel","max_age":604800}', 'NEL': '{"success_fraction":0,"report_to":"cf-nel","max_age":604800}', 'Server': 'cloudflare', 'CF-RAY': '86cc6d298e8a3897-IAD', 'alt-svc': 'h3=":443"; ma=86400'} 
 body={"results":[{"gender":"male","name":{"title":"Mr","first":"Damien","last":"Da Silva"},"location":{"street":{"number":1231,"name":"Rue des Chartreux"},"city":"Le Havre","state":"Somme","country":"France","postcode":37520,"coordinates":{"latitude":"-17.6638","longitude":"-47.9468"},"timezone":{"offset":"+11:00","description":"Magadan, Solomon Islands, New Caledonia"}},"email":"damien.dasilva@example.com","login":{"uuid":"32f1b6d4-d06c-4b9d-9ba2-e62c2fec32c4","username":"redcat890","password":"pookey","salt":"2cyVTM1t","md5":"618d6444a663181ef2e2e4431eb5c512","sha1":"7cd8b5ff2d9150092186dca0e869a49c1f2c6d54","sha256":"02f2af17c77224369c1cad20d060a9825ab0d53a348c02695455701ac0e092bf"},"dob":{"date":"1965-12-19T23:08:41.919Z","age":58},"registered":{"date":"2005-02-12T22:26:02.274Z","age":19},"phone":"01-99-72-17-21","cell":"06-38-67-13-99","id":{"name":"INSEE","value":"1651147329468 78"},"picture":{"large":"https://randomuser.me/api/portraits/men/79.jpg","medium":"https://randomuser.me/api/portraits/med/men/79.jpg","thumbnail":"https://randomuser.me/api/portraits/thumb/men/79.jpg"},"nat":"FR"}],"info":{"seed":"e2abd23c012f6d7c","results":1,"page":1,"version":"1.4"}} 
 </msg>
<msg time="2024-03-31T01:04:37.450963" level="INFO">/opt/hostedtoolcache/Python/3.12.2/x64/lib/python3.12/site-packages/urllib3/connectionpool.py:1103: InsecureRequestWarning: Unverified HTTPS request is being made to host 'randomuser.me'. Adding certificate verification is strongly advised. See: https://urllib3.readthedocs.io/en/latest/advanced-usage.html#tls-warnings
  warnings.warn(</msg>
<msg time="2024-03-31T01:04:37.451054" level="INFO">${response} = &lt;Response [200]&gt;</msg>
<var>${response}</var>
<arg>consultarAPI</arg>
<arg>/api</arg>
<doc>Sends a GET request on a previously created HTTP Session.</doc>
<status status="PASS" start="2024-03-31T01:04:37.362270" elapsed="0.088861"/>
</kw>
<kw name="Set Variable" owner="BuiltIn">
<msg time="2024-03-31T01:04:37.451991" level="INFO">${json_data} = {'results': [{'gender': 'male', 'name': {'title': 'Mr', 'first': 'Damien', 'last': 'Da Silva'}, 'location': {'street': {'number': 1231, 'name': 'Rue des Chartreux'}, 'city': 'Le Havre', 'state': 'Somm...</msg>
<var>${json_data}</var>
<arg>${response.json()}</arg>
<doc>Returns the given values which can then be assigned to a variables.</doc>
<status status="PASS" start="2024-03-31T01:04:37.451518" elapsed="0.000503"/>
</kw>
<kw name="Log" owner="BuiltIn">
<msg time="2024-03-31T01:04:37.452488" level="INFO">{'results': [{'gender': 'male', 'name': {'title': 'Mr', 'first': 'Damien', 'last': 'Da Silva'}, 'location': {'street': {'number': 1231, 'name': 'Rue des Chartreux'}, 'city': 'Le Havre', 'state': 'Somme', 'country': 'France', 'postcode': 37520, 'coordinates': {'latitude': '-17.6638', 'longitude': '-47.9468'}, 'timezone': {'offset': '+11:00', 'description': 'Magadan, Solomon Islands, New Caledonia'}}, 'email': 'damien.dasilva@example.com', 'login': {'uuid': '32f1b6d4-d06c-4b9d-9ba2-e62c2fec32c4', 'username': 'redcat890', 'password': 'pookey', 'salt': '2cyVTM1t', 'md5': '618d6444a663181ef2e2e4431eb5c512', 'sha1': '7cd8b5ff2d9150092186dca0e869a49c1f2c6d54', 'sha256': '02f2af17c77224369c1cad20d060a9825ab0d53a348c02695455701ac0e092bf'}, 'dob': {'date': '1965-12-19T23:08:41.919Z', 'age': 58}, 'registered': {'date': '2005-02-12T22:26:02.274Z', 'age': 19}, 'phone': '01-99-72-17-21', 'cell': '06-38-67-13-99', 'id': {'name': 'INSEE', 'value': '1651147329468 78'}, 'picture': {'large': 'https://randomuser.me/api/portraits/men/79.jpg', 'medium': 'https://randomuser.me/api/portraits/med/men/79.jpg', 'thumbnail': 'https://randomuser.me/api/portraits/thumb/men/79.jpg'}, 'nat': 'FR'}], 'info': {'seed': 'e2abd23c012f6d7c', 'results': 1, 'page': 1, 'version': '1.4'}}</msg>
<arg>${json_data}</arg>
<doc>Logs the given message with the given level.</doc>
<status status="PASS" start="2024-03-31T01:04:37.452333" elapsed="0.000234"/>
</kw>
<kw name="Should Be Equal As Numbers" owner="BuiltIn">
<arg>${json_data['results'][0]['location']['postcode']}</arg>
<arg>${json_data['results'][0]['location']['postcode']}</arg>
<doc>Fails if objects are unequal after converting them to real numbers.</doc>
<status status="PASS" start="2024-03-31T01:04:37.452874" elapsed="0.000639"/>
</kw>
<kw name="Log" owner="BuiltIn">
<msg time="2024-03-31T01:04:37.454052" level="INFO">37520</msg>
<arg>${json_data['results'][0]['location']['postcode']}</arg>
<doc>Logs the given message with the given level.</doc>
<status status="PASS" start="2024-03-31T01:04:37.453710" elapsed="0.000384"/>
</kw>
<status status="PASS" start="2024-03-31T01:04:37.361756" elapsed="0.092593"/>
</kw>
<doc>Testa se os tipos de dados na resposta da API estão corretos.</doc>
<tag>testeTiposDados</tag>
<status status="PASS" start="2024-03-31T01:04:37.271980" elapsed="0.182534"/>
</test>
<test id="s1-s1-t5" name="Validar conteudo" line="35">
<kw name="Teste de Tipos de Conteudo" owner="random-user-service">
<kw name="GET On Session" owner="RequestsLibrary">
<msg time="2024-03-31T01:04:37.556461" level="INFO">GET Request : url=https://randomuser.me/api 
 path_url=/api 
 headers={'User-Agent': 'python-requests/2.31.0', 'Accept-Encoding': 'gzip, deflate', 'Accept': '*/*', 'Connection': 'keep-alive'} 
 body=None 
 </msg>
<msg time="2024-03-31T01:04:37.556545" level="INFO">GET Response : url=https://randomuser.me/api 
 status=200, reason=OK 
 headers={'Date': 'Sun, 31 Mar 2024 01:04:37 GMT', 'Content-Type': 'application/json; charset=utf-8', 'Transfer-Encoding': 'chunked', 'Connection': 'keep-alive', 'X-Powered-By': 'Express', 'Access-Control-Allow-Origin': '*', 'Cache-Control': 'no-cache', 'ETag': 'W/"483-arNIJ62BdtolS9dozFOp+MaJwBQ"', 'Vary': 'Accept-Encoding', 'Content-Encoding': 'gzip', 'CF-Cache-Status': 'DYNAMIC', 'Report-To': '{"endpoints":[{"url":"https:\\/\\/a.nel.cloudflare.com\\/report\\/v4?s=BPVLiHH7jzlBLIG0ohN8jhLd2BcUnyMQ2IEs%2BMjVgyxr6ah235RZGbTgnr5v%2Fp7PS773Ln1G%2Fz5z9RoR%2F3XybgndfC%2BJhiphM7cb8bYkxgKW3THsyw62ftPt4j8XcSXE"}],"group":"cf-nel","max_age":604800}', 'NEL': '{"success_fraction":0,"report_to":"cf-nel","max_age":604800}', 'Server': 'cloudflare', 'CF-RAY': '86cc6d2a1f523897-IAD', 'alt-svc': 'h3=":443"; ma=86400'} 
 body={"results":[{"gender":"female","name":{"title":"Ms","first":"Paige","last":"Li"},"location":{"street":{"number":2596,"name":"Innes Road"},"city":"Timaru","state":"Waikato","country":"New Zealand","postcode":10820,"coordinates":{"latitude":"48.8894","longitude":"38.1924"},"timezone":{"offset":"-4:00","description":"Atlantic Time (Canada), Caracas, La Paz"}},"email":"paige.li@example.com","login":{"uuid":"c7b446dd-0f80-41bb-9633-010b45d99b9f","username":"brownbear186","password":"cartman1","salt":"8HdfSTKx","md5":"f0a6c74066802abdfbdb97745f623aae","sha1":"d9c2552802984fffff543e2a07abad323fbd4da5","sha256":"cebe83566bffd8c34c0c5aae1b60fce7563b5008a9a085e54608eb8b6f59a58d"},"dob":{"date":"1946-05-21T18:34:39.905Z","age":77},"registered":{"date":"2016-03-29T00:48:16.084Z","age":8},"phone":"(386)-676-9262","cell":"(053)-607-6138","id":{"name":"","value":null},"picture":{"large":"https://randomuser.me/api/portraits/women/28.jpg","medium":"https://randomuser.me/api/portraits/med/women/28.jpg","thumbnail":"https://randomuser.me/api/portraits/thumb/women/28.jpg"},"nat":"NZ"}],"info":{"seed":"efa382f980f18f09","results":1,"page":1,"version":"1.4"}} 
 </msg>
<msg time="2024-03-31T01:04:37.556619" level="INFO">/opt/hostedtoolcache/Python/3.12.2/x64/lib/python3.12/site-packages/urllib3/connectionpool.py:1103: InsecureRequestWarning: Unverified HTTPS request is being made to host 'randomuser.me'. Adding certificate verification is strongly advised. See: https://urllib3.readthedocs.io/en/latest/advanced-usage.html#tls-warnings
  warnings.warn(</msg>
<msg time="2024-03-31T01:04:37.556730" level="INFO">${response} = &lt;Response [200]&gt;</msg>
<var>${response}</var>
<arg>consultarAPI</arg>
<arg>/api</arg>
<doc>Sends a GET request on a previously created HTTP Session.</doc>
<status status="PASS" start="2024-03-31T01:04:37.456990" elapsed="0.099783"/>
</kw>
<kw name="Set Variable" owner="BuiltIn">
<msg time="2024-03-31T01:04:37.557646" level="INFO">${json_data} = {'results': [{'gender': 'female', 'name': {'title': 'Ms', 'first': 'Paige', 'last': 'Li'}, 'location': {'street': {'number': 2596, 'name': 'Innes Road'}, 'city': 'Timaru', 'state': 'Waikato', 'country...</msg>
<var>${json_data}</var>
<arg>${response.json()}</arg>
<doc>Returns the given values which can then be assigned to a variables.</doc>
<status status="PASS" start="2024-03-31T01:04:37.557195" elapsed="0.000480"/>
</kw>
<kw name="Set Variable" owner="BuiltIn">
<msg time="2024-03-31T01:04:37.558379" level="INFO">${name_title} = Ms</msg>
<var>${name_title}</var>
<arg>${json_data["results"][0]["name"]["title"]}</arg>
<doc>Returns the given values which can then be assigned to a variables.</doc>
<status status="PASS" start="2024-03-31T01:04:37.557986" elapsed="0.000418"/>
</kw>
<kw name="Create List" owner="BuiltIn">
<msg time="2024-03-31T01:04:37.558859" level="INFO">${allowed_titles} = ['Mr', 'Ms', 'Miss', 'Mrs', 'Madame', 'Monsieur']</msg>
<var>${allowed_titles}</var>
<arg>Mr</arg>
<arg>Ms</arg>
<arg>Miss</arg>
<arg>Mrs</arg>
<arg>Madame</arg>
<arg>Monsieur</arg>
<doc>Returns a list containing given items.</doc>
<status status="PASS" start="2024-03-31T01:04:37.558708" elapsed="0.000175"/>
</kw>
<kw name="List Should Contain Value" owner="Collections">
<msg time="2024-03-31T01:04:37.559413" level="INFO">False</msg>
<arg>${allowed_titles}</arg>
<arg>${name_title}</arg>
<doc>Fails if the ``value`` is not found from ``list``.</doc>
<status status="PASS" start="2024-03-31T01:04:37.559236" elapsed="0.000215"/>
</kw>
<kw name="Set Variable" owner="BuiltIn">
<msg time="2024-03-31T01:04:37.560145" level="INFO">${name_country} = NZ</msg>
<var>${name_country}</var>
<arg>${json_data["results"][0]["nat"]}</arg>
<doc>Returns the given values which can then be assigned to a variables.</doc>
<status status="PASS" start="2024-03-31T01:04:37.559755" elapsed="0.000416"/>
</kw>
<kw name="Create List" owner="BuiltIn">
<msg time="2024-03-31T01:04:37.561101" level="INFO">${list_country} = ['AD', 'AE', 'AF', 'AG', 'AI', 'AL', 'AM', 'AO', 'AQ', 'AR', 'AS', 'AT', 'AU', 'AW', 'AX', 'AZ', 'BA', 'BB', 'BD', 'BE', 'BF', 'BG', 'BH', 'BI', 'BJ', 'BL', 'BM', 'BN', 'BO', 'BQ', 'BR', 'BS', 'BT', '...</msg>
<var>${list_country}</var>
<arg>AD</arg>
<arg>AE</arg>
<arg>AF</arg>
<arg>AG</arg>
<arg>AI</arg>
<arg>AL</arg>
<arg>AM</arg>
<arg>AO</arg>
<arg>AQ</arg>
<arg>AR</arg>
<arg>AS</arg>
<arg>AT</arg>
<arg>AU</arg>
<arg>AW</arg>
<arg>AX</arg>
<arg>AZ</arg>
<arg>BA</arg>
<arg>BB</arg>
<arg>BD</arg>
<arg>BE</arg>
<arg>BF</arg>
<arg>BG</arg>
<arg>BH</arg>
<arg>BI</arg>
<arg>BJ</arg>
<arg>BL</arg>
<arg>BM</arg>
<arg>BN</arg>
<arg>BO</arg>
<arg>BQ</arg>
<arg>BR</arg>
<arg>BS</arg>
<arg>BT</arg>
<arg>BV</arg>
<arg>BW</arg>
<arg>BY</arg>
<arg>BZ</arg>
<arg>CA</arg>
<arg>CC</arg>
<arg>CD</arg>
<arg>CF</arg>
<arg>CG</arg>
<arg>CH</arg>
<arg>CI</arg>
<arg>CK</arg>
<arg>CL</arg>
<arg>CM</arg>
<arg>CN</arg>
<arg>CO</arg>
<arg>CR</arg>
<arg>CU</arg>
<arg>CV</arg>
<arg>CW</arg>
<arg>CX</arg>
<arg>CY</arg>
<arg>CZ</arg>
<arg>DE</arg>
<arg>DJ</arg>
<arg>DK</arg>
<arg>DM</arg>
<arg>DO</arg>
<arg>DZ</arg>
<arg>EC</arg>
<arg>EE</arg>
<arg>EG</arg>
<arg>EH</arg>
<arg>ER</arg>
<arg>ES</arg>
<arg>ET</arg>
<arg>FI</arg>
<arg>FJ</arg>
<arg>FK</arg>
<arg>FM</arg>
<arg>FO</arg>
<arg>FR</arg>
<arg>GA</arg>
<arg>GB</arg>
<arg>GD</arg>
<arg>GE</arg>
<arg>GF</arg>
<arg>GG</arg>
<arg>GH</arg>
<arg>GI</arg>
<arg>GL</arg>
<arg>GM</arg>
<arg>GN</arg>
<arg>GP</arg>
<arg>GQ</arg>
<arg>GR</arg>
<arg>GS</arg>
<arg>GT</arg>
<arg>GU</arg>
<arg>GW</arg>
<arg>GY</arg>
<arg>HK</arg>
<arg>HM</arg>
<arg>HN</arg>
<arg>HR</arg>
<arg>HT</arg>
<arg>HU</arg>
<arg>ID</arg>
<arg>IE</arg>
<arg>IL</arg>
<arg>IM</arg>
<arg>IN</arg>
<arg>IO</arg>
<arg>IQ</arg>
<arg>IR</arg>
<arg>IS</arg>
<arg>IT</arg>
<arg>JE</arg>
<arg>JM</arg>
<arg>JO</arg>
<arg>JP</arg>
<arg>KE</arg>
<arg>KG</arg>
<arg>KH</arg>
<arg>KI</arg>
<arg>KM</arg>
<arg>KN</arg>
<arg>KP</arg>
<arg>KR</arg>
<arg>KW</arg>
<arg>KY</arg>
<arg>KZ</arg>
<arg>LA</arg>
<arg>LB</arg>
<arg>LC</arg>
<arg>LI</arg>
<arg>LK</arg>
<arg>LR</arg>
<arg>LS</arg>
<arg>LT</arg>
<arg>LU</arg>
<arg>LV</arg>
<arg>LY</arg>
<arg>MA</arg>
<arg>MC</arg>
<arg>MD</arg>
<arg>ME</arg>
<arg>MF</arg>
<arg>MG</arg>
<arg>MH</arg>
<arg>MK</arg>
<arg>ML</arg>
<arg>MM</arg>
<arg>MN</arg>
<arg>MO</arg>
<arg>MP</arg>
<arg>MQ</arg>
<arg>MR</arg>
<arg>MS</arg>
<arg>MT</arg>
<arg>MU</arg>
<arg>MV</arg>
<arg>MW</arg>
<arg>MX</arg>
<arg>MY</arg>
<arg>MZ</arg>
<arg>NA</arg>
<arg>NC</arg>
<arg>NE</arg>
<arg>NF</arg>
<arg>NG</arg>
<arg>NI</arg>
<arg>NL</arg>
<arg>NO</arg>
<arg>NP</arg>
<arg>NR</arg>
<arg>NU</arg>
<arg>NZ</arg>
<arg>OM</arg>
<arg>PA</arg>
<arg>PE</arg>
<arg>PF</arg>
<arg>PG</arg>
<arg>PH</arg>
<arg>PK</arg>
<arg>PL</arg>
<arg>PM</arg>
<arg>PN</arg>
<arg>PR</arg>
<arg>PS</arg>
<arg>PT</arg>
<arg>PW</arg>
<arg>PY</arg>
<arg>QA</arg>
<arg>RE</arg>
<arg>RO</arg>
<arg>RS</arg>
<arg>RU</arg>
<arg>RW</arg>
<arg>SA</arg>
<arg>SB</arg>
<arg>SC</arg>
<arg>SD</arg>
<arg>SE</arg>
<arg>SG</arg>
<arg>SH</arg>
<arg>SI</arg>
<arg>SJ</arg>
<arg>SK</arg>
<arg>SL</arg>
<arg>SM</arg>
<arg>SN</arg>
<arg>SO</arg>
<arg>SR</arg>
<arg>SS</arg>
<arg>ST</arg>
<arg>SV</arg>
<arg>SX</arg>
<arg>SY</arg>
<arg>SZ</arg>
<arg>TC</arg>
<arg>TD</arg>
<arg>TF</arg>
<arg>TG</arg>
<arg>TH</arg>
<arg>TJ</arg>
<arg>TK</arg>
<arg>TL</arg>
<arg>TM</arg>
<arg>TN</arg>
<arg>TO</arg>
<arg>TR</arg>
<arg>TT</arg>
<arg>TV</arg>
<arg>TW</arg>
<arg>TZ</arg>
<arg>UA</arg>
<arg>UG</arg>
<arg>UM</arg>
<arg>US</arg>
<arg>UY</arg>
<arg>UZ</arg>
<arg>VA</arg>
<arg>VC</arg>
<arg>VE</arg>
<arg>VG</arg>
<arg>VI</arg>
<arg>VN</arg>
<arg>VU</arg>
<arg>WF</arg>
<arg>WS</arg>
<arg>XK</arg>
<arg>YE</arg>
<arg>YT</arg>
<arg>ZA</arg>
<arg>ZM</arg>
<arg>ZW</arg>
<doc>Returns a list containing given items.</doc>
<status status="PASS" start="2024-03-31T01:04:37.560486" elapsed="0.000642"/>
</kw>
<kw name="List Should Contain Value" owner="Collections">
<msg time="2024-03-31T01:04:37.562278" level="INFO">False</msg>
<arg>${list_country}</arg>
<arg>${name_country}</arg>
<doc>Fails if the ``value`` is not found from ``list``.</doc>
<status status="PASS" start="2024-03-31T01:04:37.562060" elapsed="0.000256"/>
</kw>
<kw name="Run Keyword If" owner="BuiltIn">
<kw name="Should Be True" owner="BuiltIn">
<arg>${True}</arg>
<doc>Fails if the given condition is not true.</doc>
<status status="PASS" start="2024-03-31T01:04:37.563468" elapsed="0.000157"/>
</kw>
<arg>${json_data["results"][0]["location"]["coordinates"]["latitude"]} &gt;= -90 and ${json_data["results"][0]["location"]["coordinates"]["latitude"]} &lt;= 90</arg>
<arg>Should Be True</arg>
<arg>${True}</arg>
<doc>Runs the given keyword with the given arguments, if ``condition`` is true.</doc>
<status status="PASS" start="2024-03-31T01:04:37.562636" elapsed="0.001123"/>
</kw>
<kw name="Run Keyword If" owner="BuiltIn">
<kw name="Should Be True" owner="BuiltIn">
<arg>${True}</arg>
<doc>Fails if the given condition is not true.</doc>
<status status="PASS" start="2024-03-31T01:04:37.564658" elapsed="0.000141"/>
</kw>
<arg>${json_data["results"][0]["location"]["coordinates"]["longitude"]} &gt;= -180 and ${json_data["results"][0]["location"]["coordinates"]["longitude"]} &lt;= 180</arg>
<arg>Should Be True</arg>
<arg>${True}</arg>
<doc>Runs the given keyword with the given arguments, if ``condition`` is true.</doc>
<status status="PASS" start="2024-03-31T01:04:37.563953" elapsed="0.000974"/>
</kw>
<status status="PASS" start="2024-03-31T01:04:37.456767" elapsed="0.108294"/>
</kw>
<doc>Testa o conteúdo específico dos campos retornados pela API.</doc>
<tag>testeConteudo</tag>
<status status="PASS" start="2024-03-31T01:04:37.456329" elapsed="0.108884"/>
</test>
<status status="PASS" start="2024-03-31T01:04:36.778508" elapsed="0.788680"/>
</suite>
<status status="PASS" start="2024-03-31T01:04:36.764891" elapsed="0.807669"/>
</suite>
<statistics>
<total>
<stat pass="5" fail="0" skip="0">All Tests</stat>
</total>
<tag>
<stat pass="1" fail="0" skip="0">testeConteudo</stat>
<stat pass="1" fail="0" skip="0">testeEstruturaResposta</stat>
<stat pass="1" fail="0" skip="0">testeRequisicaoBasica</stat>
<stat pass="1" fail="0" skip="0">testeTiposDados</stat>
</tag>
<suite>
<stat pass="5" fail="0" skip="0" id="s1" name="Tests">Tests</stat>
<stat pass="5" fail="0" skip="0" id="s1-s1" name="Random-User-Test">Tests.Random-User-Test</stat>
</suite>
</statistics>
<errors>
</errors>
</robot>
