<?xml version="1.0" encoding="UTF-8"?>
<robot generator="Robot 7.0 (Python 3.12.2 on linux)" generated="2024-04-02T11:12:06.298723" rpa="false" schemaversion="5">
<suite id="s1" name="Tests" source="/home/runner/work/DesafioQAItauRogerioJordao/DesafioQAItauRogerioJordao/RamdonUser/tests">
<suite id="s1-s1" name="Random-User-Test" source="/home/runner/work/DesafioQAItauRogerioJordao/DesafioQAItauRogerioJordao/RamdonUser/tests/random-user-test.robot">
<test id="s1-s1-t1" name="Conectar" line="13">
<kw name="Conectar API" owner="random-user-service">
<kw name="Create Session" owner="RequestsLibrary">
<msg time="2024-04-02T11:12:06.672689" level="INFO">Creating Session using : alias=consultarAPI, url=https://randomuser.me/, headers={},                     cookies={}, auth=None, timeout=None, proxies=None, verify=False,                     debug=0 </msg>
<arg>consultarAPI</arg>
<arg>${URL}</arg>
<doc>Create Session: create a HTTP session to a server</doc>
<status status="PASS" start="2024-04-02T11:12:06.672478" elapsed="0.000410"/>
</kw>
<status status="PASS" start="2024-04-02T11:12:06.671361" elapsed="0.001909"/>
</kw>
<status status="PASS" start="2024-04-02T11:12:06.670689" elapsed="0.002787"/>
</test>
<test id="s1-s1-t2" name="Validar retorno 200 e JSON Válido" line="16">
<kw name="Teste de Requisicao Basica" owner="random-user-service">
<kw name="GET On Session" owner="RequestsLibrary">
<msg time="2024-04-02T11:12:06.795233" level="INFO">GET Request : url=https://randomuser.me/api 
 path_url=/api 
 headers={'User-Agent': 'python-requests/2.31.0', 'Accept-Encoding': 'gzip, deflate', 'Accept': '*/*', 'Connection': 'keep-alive'} 
 body=None 
 </msg>
<msg time="2024-04-02T11:12:06.795397" level="INFO">GET Response : url=https://randomuser.me/api 
 status=200, reason=OK 
 headers={'Date': 'Tue, 02 Apr 2024 11:12:06 GMT', 'Content-Type': 'application/json; charset=utf-8', 'Transfer-Encoding': 'chunked', 'Connection': 'keep-alive', 'X-Powered-By': 'Express', 'Access-Control-Allow-Origin': '*', 'Cache-Control': 'no-cache', 'ETag': 'W/"4a6-IgHaKIm9zU+sRnrmiA0BPDGpC6U"', 'Vary': 'Accept-Encoding', 'Content-Encoding': 'gzip', 'CF-Cache-Status': 'DYNAMIC', 'Report-To': '{"endpoints":[{"url":"https:\\/\\/a.nel.cloudflare.com\\/report\\/v4?s=HHE0pIttk2L9ba2D5mpnXRfEEnCm9PjF8Rh60wA%2FA2XY49LRxFueogWSesTOM58gU7ZNJfTW9dfx%2FpGZqYT8IlxKFGH6ai6kZ%2F%2BCCG2k%2B0yP5QzW%2Fm8riVe9HyCOgqsj"}],"group":"cf-nel","max_age":604800}', 'NEL': '{"success_fraction":0,"report_to":"cf-nel","max_age":604800}', 'Server': 'cloudflare', 'CF-RAY': '86e061c9ed9f22de-SJC', 'alt-svc': 'h3=":443"; ma=86400'} 
 body={"results":[{"gender":"female","name":{"title":"Mrs","first":"Délia","last":"Rocha"},"location":{"street":{"number":7862,"name":"Rua Onze "},"city":"Almirante Tamandaré","state":"Santa Catarina","country":"Brazil","postcode":98657,"coordinates":{"latitude":"-77.1999","longitude":"105.6551"},"timezone":{"offset":"+1:00","description":"Brussels, Copenhagen, Madrid, Paris"}},"email":"delia.rocha@example.com","login":{"uuid":"4da7c60d-f4b0-4c8b-9f91-b40ddd7f4cb4","username":"bigpeacock342","password":"maggot","salt":"rSbVIU28","md5":"b127c240833cf891dadfdb83b51cfcec","sha1":"0e79ae78043128817ce762c0493e04304f53b9d6","sha256":"febb91c36ded758ef24e1e087dbc8bacc403356cca4b935d37e8c47d485b796d"},"dob":{"date":"1947-07-18T22:29:02.748Z","age":76},"registered":{"date":"2019-10-24T02:45:38.763Z","age":4},"phone":"(84) 9287-3822","cell":"(14) 4532-2256","id":{"name":"CPF","value":"234.013.765-35"},"picture":{"large":"https://randomuser.me/api/portraits/women/80.jpg","medium":"https://randomuser.me/api/portraits/med/women/80.jpg","thumbnail":"https://randomuser.me/api/portraits/thumb/women/80.jpg"},"nat":"BR"}],"info":{"seed":"eca24e518e1232d0","results":1,"page":1,"version":"1.4"}} 
 </msg>
<msg time="2024-04-02T11:12:06.795545" level="INFO">/opt/hostedtoolcache/Python/3.12.2/x64/lib/python3.12/site-packages/urllib3/connectionpool.py:1103: InsecureRequestWarning: Unverified HTTPS request is being made to host 'randomuser.me'. Adding certificate verification is strongly advised. See: https://urllib3.readthedocs.io/en/latest/advanced-usage.html#tls-warnings
  warnings.warn(</msg>
<msg time="2024-04-02T11:12:06.795706" level="INFO">${response} = &lt;Response [200]&gt;</msg>
<var>${response}</var>
<arg>consultarAPI</arg>
<arg>/api</arg>
<doc>Sends a GET request on a previously created HTTP Session.</doc>
<status status="PASS" start="2024-04-02T11:12:06.676169" elapsed="0.119580"/>
</kw>
<kw name="Should Be Equal As Numbers" owner="BuiltIn">
<msg time="2024-04-02T11:12:06.796939" level="INFO">Argument types are:
&lt;class 'int'&gt;
&lt;class 'str'&gt;</msg>
<arg>${response.status_code}</arg>
<arg>200</arg>
<doc>Fails if objects are unequal after converting them to real numbers.</doc>
<status status="PASS" start="2024-04-02T11:12:06.796449" elapsed="0.000558"/>
</kw>
<kw name="Log" owner="BuiltIn">
<msg time="2024-04-02T11:12:06.797710" level="INFO">200</msg>
<arg>${response.status_code}</arg>
<doc>Logs the given message with the given level.</doc>
<status status="PASS" start="2024-04-02T11:12:06.797344" elapsed="0.000412"/>
</kw>
<kw name="Set Variable" owner="BuiltIn">
<msg time="2024-04-02T11:12:06.798554" level="INFO">${json_data} = {'results': [{'gender': 'female', 'name': {'title': 'Mrs', 'first': 'Délia', 'last': 'Rocha'}, 'location': {'street': {'number': 7862, 'name': 'Rua Onze '}, 'city': 'Almirante Tamandaré', 'state': 'Sa...</msg>
<var>${json_data}</var>
<arg>${response.json()}</arg>
<doc>Returns the given values which can then be assigned to a variables.</doc>
<status status="PASS" start="2024-04-02T11:12:06.798094" elapsed="0.000491"/>
</kw>
<kw name="Dictionary Should Contain Key" owner="Collections">
<msg time="2024-04-02T11:12:06.799076" level="INFO">False</msg>
<arg>${json_data}</arg>
<arg>results</arg>
<doc>Fails if ``key`` is not found from ``dictionary``.</doc>
<status status="PASS" start="2024-04-02T11:12:06.798905" elapsed="0.000212"/>
</kw>
<status status="PASS" start="2024-04-02T11:12:06.675918" elapsed="0.123461"/>
</kw>
<doc>Testa se a API responde corretamente e retorna um objeto JSON válido.</doc>
<tag>testeRequisicaoBasica</tag>
<status status="PASS" start="2024-04-02T11:12:06.675336" elapsed="0.124275"/>
</test>
<test id="s1-s1-t3" name="Validar estrutura de resposta" line="22">
<kw name="Teste de Estrutura de Resposta" owner="random-user-service">
<kw name="GET On Session" owner="RequestsLibrary">
<msg time="2024-04-02T11:12:06.889891" level="INFO">GET Request : url=https://randomuser.me/api 
 path_url=/api 
 headers={'User-Agent': 'python-requests/2.31.0', 'Accept-Encoding': 'gzip, deflate', 'Accept': '*/*', 'Connection': 'keep-alive'} 
 body=None 
 </msg>
<msg time="2024-04-02T11:12:06.890004" level="INFO">GET Response : url=https://randomuser.me/api 
 status=200, reason=OK 
 headers={'Date': 'Tue, 02 Apr 2024 11:12:06 GMT', 'Content-Type': 'application/json; charset=utf-8', 'Transfer-Encoding': 'chunked', 'Connection': 'keep-alive', 'X-Powered-By': 'Express', 'Access-Control-Allow-Origin': '*', 'Cache-Control': 'no-cache', 'ETag': 'W/"499-tqvddP0CR+D0l6uRNsd8VFqrahE"', 'Vary': 'Accept-Encoding', 'Content-Encoding': 'gzip', 'CF-Cache-Status': 'DYNAMIC', 'Report-To': '{"endpoints":[{"url":"https:\\/\\/a.nel.cloudflare.com\\/report\\/v4?s=8ulhScXR4wdn7zvUE1bAjqGplyww7nv1PIEl8hNHY3sR6S0jUhttqSZvIybIMlkQGsZ0MAeeHO0o7IOOXVU6QHP5zsNSKRohGJ4eWBdkbh7TQ2JJpR0p7QIvGdRTIDro"}],"group":"cf-nel","max_age":604800}', 'NEL': '{"success_fraction":0,"report_to":"cf-nel","max_age":604800}', 'Server': 'cloudflare', 'CF-RAY': '86e061ca8e1622de-SJC', 'alt-svc': 'h3=":443"; ma=86400'} 
 body={"results":[{"gender":"male","name":{"title":"Mr","first":"Jozef","last":"Stellmacher"},"location":{"street":{"number":9764,"name":"Mozartstraße"},"city":"Gernsheim","state":"Baden-Württemberg","country":"Germany","postcode":36020,"coordinates":{"latitude":"-53.9671","longitude":"-135.4381"},"timezone":{"offset":"-8:00","description":"Pacific Time (US &amp; Canada)"}},"email":"jozef.stellmacher@example.com","login":{"uuid":"8d2fa404-0488-4671-bbad-43f31c8d2a58","username":"redsnake336","password":"phpbb","salt":"dsHFyCfT","md5":"da0c85a869f739359042ac292f0339df","sha1":"b82ab8c799d57320872c8c9fa4e5356779a80bb7","sha256":"0bd02741981d8881fb4a268ddd24c9ae68962b718787a98a35783b906a02f134"},"dob":{"date":"1957-02-23T23:43:08.943Z","age":67},"registered":{"date":"2022-04-22T21:09:43.239Z","age":1},"phone":"0175-8163515","cell":"0178-3594922","id":{"name":"SVNR","value":"14 230257 S 019"},"picture":{"large":"https://randomuser.me/api/portraits/men/23.jpg","medium":"https://randomuser.me/api/portraits/med/men/23.jpg","thumbnail":"https://randomuser.me/api/portraits/thumb/men/23.jpg"},"nat":"DE"}],"info":{"seed":"cd7a5e8d03381756","results":1,"page":1,"version":"1.4"}} 
 </msg>
<msg time="2024-04-02T11:12:06.890164" level="INFO">/opt/hostedtoolcache/Python/3.12.2/x64/lib/python3.12/site-packages/urllib3/connectionpool.py:1103: InsecureRequestWarning: Unverified HTTPS request is being made to host 'randomuser.me'. Adding certificate verification is strongly advised. See: https://urllib3.readthedocs.io/en/latest/advanced-usage.html#tls-warnings
  warnings.warn(</msg>
<msg time="2024-04-02T11:12:06.890306" level="INFO">${response} = &lt;Response [200]&gt;</msg>
<var>${response}</var>
<arg>consultarAPI</arg>
<arg>/api</arg>
<doc>Sends a GET request on a previously created HTTP Session.</doc>
<status status="PASS" start="2024-04-02T11:12:06.802551" elapsed="0.087796"/>
</kw>
<kw name="Set Variable" owner="BuiltIn">
<msg time="2024-04-02T11:12:06.891673" level="INFO">${json_data} = {'results': [{'gender': 'male', 'name': {'title': 'Mr', 'first': 'Jozef', 'last': 'Stellmacher'}, 'location': {'street': {'number': 9764, 'name': 'Mozartstraße'}, 'city': 'Gernsheim', 'state': 'Baden-...</msg>
<var>${json_data}</var>
<arg>${response.json()}</arg>
<doc>Returns the given values which can then be assigned to a variables.</doc>
<status status="PASS" start="2024-04-02T11:12:06.891028" elapsed="0.000677"/>
</kw>
<kw name="Log" owner="BuiltIn">
<msg time="2024-04-02T11:12:06.892203" level="INFO">{'results': [{'gender': 'male', 'name': {'title': 'Mr', 'first': 'Jozef', 'last': 'Stellmacher'}, 'location': {'street': {'number': 9764, 'name': 'Mozartstraße'}, 'city': 'Gernsheim', 'state': 'Baden-Württemberg', 'country': 'Germany', 'postcode': 36020, 'coordinates': {'latitude': '-53.9671', 'longitude': '-135.4381'}, 'timezone': {'offset': '-8:00', 'description': 'Pacific Time (US &amp; Canada)'}}, 'email': 'jozef.stellmacher@example.com', 'login': {'uuid': '8d2fa404-0488-4671-bbad-43f31c8d2a58', 'username': 'redsnake336', 'password': 'phpbb', 'salt': 'dsHFyCfT', 'md5': 'da0c85a869f739359042ac292f0339df', 'sha1': 'b82ab8c799d57320872c8c9fa4e5356779a80bb7', 'sha256': '0bd02741981d8881fb4a268ddd24c9ae68962b718787a98a35783b906a02f134'}, 'dob': {'date': '1957-02-23T23:43:08.943Z', 'age': 67}, 'registered': {'date': '2022-04-22T21:09:43.239Z', 'age': 1}, 'phone': '0175-8163515', 'cell': '0178-3594922', 'id': {'name': 'SVNR', 'value': '14 230257 S 019'}, 'picture': {'large': 'https://randomuser.me/api/portraits/men/23.jpg', 'medium': 'https://randomuser.me/api/portraits/med/men/23.jpg', 'thumbnail': 'https://randomuser.me/api/portraits/thumb/men/23.jpg'}, 'nat': 'DE'}], 'info': {'seed': 'cd7a5e8d03381756', 'results': 1, 'page': 1, 'version': '1.4'}}</msg>
<arg>${json_data}</arg>
<doc>Logs the given message with the given level.</doc>
<status status="PASS" start="2024-04-02T11:12:06.892030" elapsed="0.000227"/>
</kw>
<kw name="Dictionary Should Contain Key" owner="Collections">
<msg time="2024-04-02T11:12:06.892728" level="INFO">False</msg>
<arg>${json_data}</arg>
<arg>results</arg>
<doc>Fails if ``key`` is not found from ``dictionary``.</doc>
<status status="PASS" start="2024-04-02T11:12:06.892565" elapsed="0.000202"/>
</kw>
<kw name="Should Not Be Empty" owner="BuiltIn">
<msg time="2024-04-02T11:12:06.893207" level="INFO">Length is 2.</msg>
<arg>${json_data}</arg>
<doc>Verifies that the given item is not empty.</doc>
<status status="PASS" start="2024-04-02T11:12:06.893071" elapsed="0.000176"/>
</kw>
<kw name="Create List" owner="BuiltIn">
<msg time="2024-04-02T11:12:06.893693" level="INFO">${expected_keys} = ['gender', 'name', 'location', 'email', 'login']</msg>
<var>${expected_keys}</var>
<arg>gender</arg>
<arg>name</arg>
<arg>location</arg>
<arg>email</arg>
<arg>login</arg>
<doc>Returns a list containing given items.</doc>
<status status="PASS" start="2024-04-02T11:12:06.893542" elapsed="0.000177"/>
</kw>
<for flavor="IN">
<iter>
<kw name="Dictionary Should Contain Key" owner="Collections">
<msg time="2024-04-02T11:12:06.894729" level="INFO">False</msg>
<arg>${json_data['results'][0]}</arg>
<arg>${key}</arg>
<doc>Fails if ``key`` is not found from ``dictionary``.</doc>
<status status="PASS" start="2024-04-02T11:12:06.894316" elapsed="0.000454"/>
</kw>
<kw name="Log" owner="BuiltIn">
<msg time="2024-04-02T11:12:06.895452" level="INFO">{'gender': 'male', 'name': {'title': 'Mr', 'first': 'Jozef', 'last': 'Stellmacher'}, 'location': {'street': {'number': 9764, 'name': 'Mozartstraße'}, 'city': 'Gernsheim', 'state': 'Baden-Württemberg', 'country': 'Germany', 'postcode': 36020, 'coordinates': {'latitude': '-53.9671', 'longitude': '-135.4381'}, 'timezone': {'offset': '-8:00', 'description': 'Pacific Time (US &amp; Canada)'}}, 'email': 'jozef.stellmacher@example.com', 'login': {'uuid': '8d2fa404-0488-4671-bbad-43f31c8d2a58', 'username': 'redsnake336', 'password': 'phpbb', 'salt': 'dsHFyCfT', 'md5': 'da0c85a869f739359042ac292f0339df', 'sha1': 'b82ab8c799d57320872c8c9fa4e5356779a80bb7', 'sha256': '0bd02741981d8881fb4a268ddd24c9ae68962b718787a98a35783b906a02f134'}, 'dob': {'date': '1957-02-23T23:43:08.943Z', 'age': 67}, 'registered': {'date': '2022-04-22T21:09:43.239Z', 'age': 1}, 'phone': '0175-8163515', 'cell': '0178-3594922', 'id': {'name': 'SVNR', 'value': '14 230257 S 019'}, 'picture': {'large': 'https://randomuser.me/api/portraits/men/23.jpg', 'medium': 'https://randomuser.me/api/portraits/med/men/23.jpg', 'thumbnail': 'https://randomuser.me/api/portraits/thumb/men/23.jpg'}, 'nat': 'DE'}</msg>
<arg>${json_data['results'][0]}</arg>
<doc>Logs the given message with the given level.</doc>
<status status="PASS" start="2024-04-02T11:12:06.895081" elapsed="0.000461"/>
</kw>
<kw name="Log" owner="BuiltIn">
<msg time="2024-04-02T11:12:06.895994" level="INFO">gender</msg>
<arg>${key}</arg>
<doc>Logs the given message with the given level.</doc>
<status status="PASS" start="2024-04-02T11:12:06.895859" elapsed="0.000174"/>
</kw>
<var name="${key}">gender</var>
<status status="PASS" start="2024-04-02T11:12:06.894188" elapsed="0.002070"/>
</iter>
<iter>
<kw name="Dictionary Should Contain Key" owner="Collections">
<msg time="2024-04-02T11:12:06.896971" level="INFO">False</msg>
<arg>${json_data['results'][0]}</arg>
<arg>${key}</arg>
<doc>Fails if ``key`` is not found from ``dictionary``.</doc>
<status status="PASS" start="2024-04-02T11:12:06.896579" elapsed="0.000431"/>
</kw>
<kw name="Log" owner="BuiltIn">
<msg time="2024-04-02T11:12:06.897709" level="INFO">{'gender': 'male', 'name': {'title': 'Mr', 'first': 'Jozef', 'last': 'Stellmacher'}, 'location': {'street': {'number': 9764, 'name': 'Mozartstraße'}, 'city': 'Gernsheim', 'state': 'Baden-Württemberg', 'country': 'Germany', 'postcode': 36020, 'coordinates': {'latitude': '-53.9671', 'longitude': '-135.4381'}, 'timezone': {'offset': '-8:00', 'description': 'Pacific Time (US &amp; Canada)'}}, 'email': 'jozef.stellmacher@example.com', 'login': {'uuid': '8d2fa404-0488-4671-bbad-43f31c8d2a58', 'username': 'redsnake336', 'password': 'phpbb', 'salt': 'dsHFyCfT', 'md5': 'da0c85a869f739359042ac292f0339df', 'sha1': 'b82ab8c799d57320872c8c9fa4e5356779a80bb7', 'sha256': '0bd02741981d8881fb4a268ddd24c9ae68962b718787a98a35783b906a02f134'}, 'dob': {'date': '1957-02-23T23:43:08.943Z', 'age': 67}, 'registered': {'date': '2022-04-22T21:09:43.239Z', 'age': 1}, 'phone': '0175-8163515', 'cell': '0178-3594922', 'id': {'name': 'SVNR', 'value': '14 230257 S 019'}, 'picture': {'large': 'https://randomuser.me/api/portraits/men/23.jpg', 'medium': 'https://randomuser.me/api/portraits/med/men/23.jpg', 'thumbnail': 'https://randomuser.me/api/portraits/thumb/men/23.jpg'}, 'nat': 'DE'}</msg>
<arg>${json_data['results'][0]}</arg>
<doc>Logs the given message with the given level.</doc>
<status status="PASS" start="2024-04-02T11:12:06.897344" elapsed="0.000417"/>
</kw>
<kw name="Log" owner="BuiltIn">
<msg time="2024-04-02T11:12:06.898196" level="INFO">name</msg>
<arg>${key}</arg>
<doc>Logs the given message with the given level.</doc>
<status status="PASS" start="2024-04-02T11:12:06.898066" elapsed="0.000169"/>
</kw>
<var name="${key}">name</var>
<status status="PASS" start="2024-04-02T11:12:06.896462" elapsed="0.001994"/>
</iter>
<iter>
<kw name="Dictionary Should Contain Key" owner="Collections">
<msg time="2024-04-02T11:12:06.899135" level="INFO">False</msg>
<arg>${json_data['results'][0]}</arg>
<arg>${key}</arg>
<doc>Fails if ``key`` is not found from ``dictionary``.</doc>
<status status="PASS" start="2024-04-02T11:12:06.898750" elapsed="0.000423"/>
</kw>
<kw name="Log" owner="BuiltIn">
<msg time="2024-04-02T11:12:06.899878" level="INFO">{'gender': 'male', 'name': {'title': 'Mr', 'first': 'Jozef', 'last': 'Stellmacher'}, 'location': {'street': {'number': 9764, 'name': 'Mozartstraße'}, 'city': 'Gernsheim', 'state': 'Baden-Württemberg', 'country': 'Germany', 'postcode': 36020, 'coordinates': {'latitude': '-53.9671', 'longitude': '-135.4381'}, 'timezone': {'offset': '-8:00', 'description': 'Pacific Time (US &amp; Canada)'}}, 'email': 'jozef.stellmacher@example.com', 'login': {'uuid': '8d2fa404-0488-4671-bbad-43f31c8d2a58', 'username': 'redsnake336', 'password': 'phpbb', 'salt': 'dsHFyCfT', 'md5': 'da0c85a869f739359042ac292f0339df', 'sha1': 'b82ab8c799d57320872c8c9fa4e5356779a80bb7', 'sha256': '0bd02741981d8881fb4a268ddd24c9ae68962b718787a98a35783b906a02f134'}, 'dob': {'date': '1957-02-23T23:43:08.943Z', 'age': 67}, 'registered': {'date': '2022-04-22T21:09:43.239Z', 'age': 1}, 'phone': '0175-8163515', 'cell': '0178-3594922', 'id': {'name': 'SVNR', 'value': '14 230257 S 019'}, 'picture': {'large': 'https://randomuser.me/api/portraits/men/23.jpg', 'medium': 'https://randomuser.me/api/portraits/med/men/23.jpg', 'thumbnail': 'https://randomuser.me/api/portraits/thumb/men/23.jpg'}, 'nat': 'DE'}</msg>
<arg>${json_data['results'][0]}</arg>
<doc>Logs the given message with the given level.</doc>
<status status="PASS" start="2024-04-02T11:12:06.899478" elapsed="0.000458"/>
</kw>
<kw name="Log" owner="BuiltIn">
<msg time="2024-04-02T11:12:06.900373" level="INFO">location</msg>
<arg>${key}</arg>
<doc>Logs the given message with the given level.</doc>
<status status="PASS" start="2024-04-02T11:12:06.900242" elapsed="0.000169"/>
</kw>
<var name="${key}">location</var>
<status status="PASS" start="2024-04-02T11:12:06.898638" elapsed="0.001994"/>
</iter>
<iter>
<kw name="Dictionary Should Contain Key" owner="Collections">
<msg time="2024-04-02T11:12:06.901305" level="INFO">False</msg>
<arg>${json_data['results'][0]}</arg>
<arg>${key}</arg>
<doc>Fails if ``key`` is not found from ``dictionary``.</doc>
<status status="PASS" start="2024-04-02T11:12:06.900921" elapsed="0.000422"/>
</kw>
<kw name="Log" owner="BuiltIn">
<msg time="2024-04-02T11:12:06.902015" level="INFO">{'gender': 'male', 'name': {'title': 'Mr', 'first': 'Jozef', 'last': 'Stellmacher'}, 'location': {'street': {'number': 9764, 'name': 'Mozartstraße'}, 'city': 'Gernsheim', 'state': 'Baden-Württemberg', 'country': 'Germany', 'postcode': 36020, 'coordinates': {'latitude': '-53.9671', 'longitude': '-135.4381'}, 'timezone': {'offset': '-8:00', 'description': 'Pacific Time (US &amp; Canada)'}}, 'email': 'jozef.stellmacher@example.com', 'login': {'uuid': '8d2fa404-0488-4671-bbad-43f31c8d2a58', 'username': 'redsnake336', 'password': 'phpbb', 'salt': 'dsHFyCfT', 'md5': 'da0c85a869f739359042ac292f0339df', 'sha1': 'b82ab8c799d57320872c8c9fa4e5356779a80bb7', 'sha256': '0bd02741981d8881fb4a268ddd24c9ae68962b718787a98a35783b906a02f134'}, 'dob': {'date': '1957-02-23T23:43:08.943Z', 'age': 67}, 'registered': {'date': '2022-04-22T21:09:43.239Z', 'age': 1}, 'phone': '0175-8163515', 'cell': '0178-3594922', 'id': {'name': 'SVNR', 'value': '14 230257 S 019'}, 'picture': {'large': 'https://randomuser.me/api/portraits/men/23.jpg', 'medium': 'https://randomuser.me/api/portraits/med/men/23.jpg', 'thumbnail': 'https://randomuser.me/api/portraits/thumb/men/23.jpg'}, 'nat': 'DE'}</msg>
<arg>${json_data['results'][0]}</arg>
<doc>Logs the given message with the given level.</doc>
<status status="PASS" start="2024-04-02T11:12:06.901646" elapsed="0.000421"/>
</kw>
<kw name="Log" owner="BuiltIn">
<msg time="2024-04-02T11:12:06.902495" level="INFO">email</msg>
<arg>${key}</arg>
<doc>Logs the given message with the given level.</doc>
<status status="PASS" start="2024-04-02T11:12:06.902366" elapsed="0.000168"/>
</kw>
<var name="${key}">email</var>
<status status="PASS" start="2024-04-02T11:12:06.900809" elapsed="0.001945"/>
</iter>
<iter>
<kw name="Dictionary Should Contain Key" owner="Collections">
<msg time="2024-04-02T11:12:06.903451" level="INFO">False</msg>
<arg>${json_data['results'][0]}</arg>
<arg>${key}</arg>
<doc>Fails if ``key`` is not found from ``dictionary``.</doc>
<status status="PASS" start="2024-04-02T11:12:06.903060" elapsed="0.000457"/>
</kw>
<kw name="Log" owner="BuiltIn">
<msg time="2024-04-02T11:12:06.904190" level="INFO">{'gender': 'male', 'name': {'title': 'Mr', 'first': 'Jozef', 'last': 'Stellmacher'}, 'location': {'street': {'number': 9764, 'name': 'Mozartstraße'}, 'city': 'Gernsheim', 'state': 'Baden-Württemberg', 'country': 'Germany', 'postcode': 36020, 'coordinates': {'latitude': '-53.9671', 'longitude': '-135.4381'}, 'timezone': {'offset': '-8:00', 'description': 'Pacific Time (US &amp; Canada)'}}, 'email': 'jozef.stellmacher@example.com', 'login': {'uuid': '8d2fa404-0488-4671-bbad-43f31c8d2a58', 'username': 'redsnake336', 'password': 'phpbb', 'salt': 'dsHFyCfT', 'md5': 'da0c85a869f739359042ac292f0339df', 'sha1': 'b82ab8c799d57320872c8c9fa4e5356779a80bb7', 'sha256': '0bd02741981d8881fb4a268ddd24c9ae68962b718787a98a35783b906a02f134'}, 'dob': {'date': '1957-02-23T23:43:08.943Z', 'age': 67}, 'registered': {'date': '2022-04-22T21:09:43.239Z', 'age': 1}, 'phone': '0175-8163515', 'cell': '0178-3594922', 'id': {'name': 'SVNR', 'value': '14 230257 S 019'}, 'picture': {'large': 'https://randomuser.me/api/portraits/men/23.jpg', 'medium': 'https://randomuser.me/api/portraits/med/men/23.jpg', 'thumbnail': 'https://randomuser.me/api/portraits/thumb/men/23.jpg'}, 'nat': 'DE'}</msg>
<arg>${json_data['results'][0]}</arg>
<doc>Logs the given message with the given level.</doc>
<status status="PASS" start="2024-04-02T11:12:06.903823" elapsed="0.000418"/>
</kw>
<kw name="Log" owner="BuiltIn">
<msg time="2024-04-02T11:12:06.904666" level="INFO">login</msg>
<arg>${key}</arg>
<doc>Logs the given message with the given level.</doc>
<status status="PASS" start="2024-04-02T11:12:06.904538" elapsed="0.000278"/>
</kw>
<var name="${key}">login</var>
<status status="PASS" start="2024-04-02T11:12:06.902942" elapsed="0.002122"/>
</iter>
<var>${key}</var>
<value>@{expected_keys}</value>
<status status="PASS" start="2024-04-02T11:12:06.893983" elapsed="0.011207"/>
</for>
<kw name="Create List" owner="BuiltIn">
<msg time="2024-04-02T11:12:06.905529" level="INFO">${expected_keysTwo} = ['username', 'password']</msg>
<var>${expected_keysTwo}</var>
<arg>username</arg>
<arg>password</arg>
<doc>Returns a list containing given items.</doc>
<status status="PASS" start="2024-04-02T11:12:06.905390" elapsed="0.000164"/>
</kw>
<for flavor="IN">
<iter>
<kw name="Dictionary Should Contain Key" owner="Collections">
<msg time="2024-04-02T11:12:06.906456" level="INFO">False</msg>
<arg>${json_data['results'][0]['login']}</arg>
<arg>${keyTwo}</arg>
<doc>Fails if ``key`` is not found from ``dictionary``.</doc>
<status status="PASS" start="2024-04-02T11:12:06.906064" elapsed="0.000429"/>
</kw>
<kw name="Dictionary Should Contain Key" owner="Collections">
<msg time="2024-04-02T11:12:06.907179" level="INFO">False</msg>
<arg>${json_data['results'][0]['login']}</arg>
<arg>${keyTwo}</arg>
<doc>Fails if ``key`` is not found from ``dictionary``.</doc>
<status status="PASS" start="2024-04-02T11:12:06.906793" elapsed="0.000424"/>
</kw>
<kw name="Log" owner="BuiltIn">
<msg time="2024-04-02T11:12:06.907689" level="INFO">username</msg>
<arg>${keyTwo}</arg>
<doc>Logs the given message with the given level.</doc>
<status status="PASS" start="2024-04-02T11:12:06.907545" elapsed="0.000183"/>
</kw>
<var name="${keyTwo}">username</var>
<status status="PASS" start="2024-04-02T11:12:06.905952" elapsed="0.001998"/>
</iter>
<iter>
<kw name="Dictionary Should Contain Key" owner="Collections">
<msg time="2024-04-02T11:12:06.908622" level="INFO">False</msg>
<arg>${json_data['results'][0]['login']}</arg>
<arg>${keyTwo}</arg>
<doc>Fails if ``key`` is not found from ``dictionary``.</doc>
<status status="PASS" start="2024-04-02T11:12:06.908237" elapsed="0.000423"/>
</kw>
<kw name="Dictionary Should Contain Key" owner="Collections">
<msg time="2024-04-02T11:12:06.909341" level="INFO">False</msg>
<arg>${json_data['results'][0]['login']}</arg>
<arg>${keyTwo}</arg>
<doc>Fails if ``key`` is not found from ``dictionary``.</doc>
<status status="PASS" start="2024-04-02T11:12:06.908963" elapsed="0.000416"/>
</kw>
<kw name="Log" owner="BuiltIn">
<msg time="2024-04-02T11:12:06.909817" level="INFO">password</msg>
<arg>${keyTwo}</arg>
<doc>Logs the given message with the given level.</doc>
<status status="PASS" start="2024-04-02T11:12:06.909687" elapsed="0.000169"/>
</kw>
<var name="${keyTwo}">password</var>
<status status="PASS" start="2024-04-02T11:12:06.908125" elapsed="0.001948"/>
</iter>
<var>${keyTwo}</var>
<value>@{expected_keysTwo}</value>
<status status="PASS" start="2024-04-02T11:12:06.905795" elapsed="0.004401"/>
</for>
<status status="PASS" start="2024-04-02T11:12:06.802299" elapsed="0.108046"/>
</kw>
<doc>Testa a estrutura da resposta da API.</doc>
<tag>testeEstruturaResposta</tag>
<status status="PASS" start="2024-04-02T11:12:06.801482" elapsed="0.109034"/>
</test>
<test id="s1-s1-t4" name="Validar tipos de dados" line="28">
<kw name="Teste de Tipos de Dados" owner="random-user-service">
<kw name="GET On Session" owner="RequestsLibrary">
<msg time="2024-04-02T11:12:07.010515" level="INFO">GET Request : url=https://randomuser.me/api 
 path_url=/api 
 headers={'User-Agent': 'python-requests/2.31.0', 'Accept-Encoding': 'gzip, deflate', 'Accept': '*/*', 'Connection': 'keep-alive'} 
 body=None 
 </msg>
<msg time="2024-04-02T11:12:07.010619" level="INFO">GET Response : url=https://randomuser.me/api 
 status=200, reason=OK 
 headers={'Date': 'Tue, 02 Apr 2024 11:12:07 GMT', 'Content-Type': 'application/json; charset=utf-8', 'Transfer-Encoding': 'chunked', 'Connection': 'keep-alive', 'X-Powered-By': 'Express', 'Access-Control-Allow-Origin': '*', 'Cache-Control': 'no-cache', 'ETag': 'W/"4a7-tx2+4njrfeSxH0BbHz6PCQJ4/+Q"', 'Vary': 'Accept-Encoding', 'Content-Encoding': 'gzip', 'CF-Cache-Status': 'DYNAMIC', 'Report-To': '{"endpoints":[{"url":"https:\\/\\/a.nel.cloudflare.com\\/report\\/v4?s=HjiVjfsW03B%2FknamCGU%2B0XTFF2WbEv%2FaISNRjlnOxoQf2sRIKzraXI%2FR2vKiCZ8wwzmeCsQDtuMpZniHzM7UDC5Ni7rEtHXLJUKkbg5zNPDnuJSm1be2Ye3sHHqhgtPz"}],"group":"cf-nel","max_age":604800}', 'NEL': '{"success_fraction":0,"report_to":"cf-nel","max_age":604800}', 'Server': 'cloudflare', 'CF-RAY': '86e061cb3e7922de-SJC', 'alt-svc': 'h3=":443"; ma=86400'} 
 body={"results":[{"gender":"male","name":{"title":"Mr","first":"Nicholas","last":"Vasquez"},"location":{"street":{"number":7207,"name":"Timber Wolf Trail"},"city":"Shepparton","state":"Australian Capital Territory","country":"Australia","postcode":3007,"coordinates":{"latitude":"-83.4402","longitude":"-97.3999"},"timezone":{"offset":"-3:00","description":"Brazil, Buenos Aires, Georgetown"}},"email":"nicholas.vasquez@example.com","login":{"uuid":"be5bdc1f-bb8a-44c6-8760-001d045dd544","username":"happybear152","password":"julie","salt":"RTHPqWxd","md5":"6104d67afa702b03c0092bf357f0bbe0","sha1":"5efc4b7b10341eb21ecb4b397f75e14047be583e","sha256":"7a3f6a3de36d69693a355c7c1b37864083f156d205fc75af0bb5526341a73283"},"dob":{"date":"1945-03-17T14:20:53.744Z","age":79},"registered":{"date":"2004-02-26T21:31:21.407Z","age":20},"phone":"00-2388-3224","cell":"0460-411-427","id":{"name":"TFN","value":"173960170"},"picture":{"large":"https://randomuser.me/api/portraits/men/82.jpg","medium":"https://randomuser.me/api/portraits/med/men/82.jpg","thumbnail":"https://randomuser.me/api/portraits/thumb/men/82.jpg"},"nat":"AU"}],"info":{"seed":"e5dd02d298302cd3","results":1,"page":1,"version":"1.4"}} 
 </msg>
<msg time="2024-04-02T11:12:07.010690" level="INFO">/opt/hostedtoolcache/Python/3.12.2/x64/lib/python3.12/site-packages/urllib3/connectionpool.py:1103: InsecureRequestWarning: Unverified HTTPS request is being made to host 'randomuser.me'. Adding certificate verification is strongly advised. See: https://urllib3.readthedocs.io/en/latest/advanced-usage.html#tls-warnings
  warnings.warn(</msg>
<msg time="2024-04-02T11:12:07.010814" level="INFO">${response} = &lt;Response [200]&gt;</msg>
<var>${response}</var>
<arg>consultarAPI</arg>
<arg>/api</arg>
<doc>Sends a GET request on a previously created HTTP Session.</doc>
<status status="PASS" start="2024-04-02T11:12:06.913157" elapsed="0.097697"/>
</kw>
<kw name="Set Variable" owner="BuiltIn">
<msg time="2024-04-02T11:12:07.012175" level="INFO">${json_data} = {'results': [{'gender': 'male', 'name': {'title': 'Mr', 'first': 'Nicholas', 'last': 'Vasquez'}, 'location': {'street': {'number': 7207, 'name': 'Timber Wolf Trail'}, 'city': 'Shepparton', 'state': 'A...</msg>
<var>${json_data}</var>
<arg>${response.json()}</arg>
<doc>Returns the given values which can then be assigned to a variables.</doc>
<status status="PASS" start="2024-04-02T11:12:07.011584" elapsed="0.000621"/>
</kw>
<kw name="Log" owner="BuiltIn">
<msg time="2024-04-02T11:12:07.012685" level="INFO">{'results': [{'gender': 'male', 'name': {'title': 'Mr', 'first': 'Nicholas', 'last': 'Vasquez'}, 'location': {'street': {'number': 7207, 'name': 'Timber Wolf Trail'}, 'city': 'Shepparton', 'state': 'Australian Capital Territory', 'country': 'Australia', 'postcode': 3007, 'coordinates': {'latitude': '-83.4402', 'longitude': '-97.3999'}, 'timezone': {'offset': '-3:00', 'description': 'Brazil, Buenos Aires, Georgetown'}}, 'email': 'nicholas.vasquez@example.com', 'login': {'uuid': 'be5bdc1f-bb8a-44c6-8760-001d045dd544', 'username': 'happybear152', 'password': 'julie', 'salt': 'RTHPqWxd', 'md5': '6104d67afa702b03c0092bf357f0bbe0', 'sha1': '5efc4b7b10341eb21ecb4b397f75e14047be583e', 'sha256': '7a3f6a3de36d69693a355c7c1b37864083f156d205fc75af0bb5526341a73283'}, 'dob': {'date': '1945-03-17T14:20:53.744Z', 'age': 79}, 'registered': {'date': '2004-02-26T21:31:21.407Z', 'age': 20}, 'phone': '00-2388-3224', 'cell': '0460-411-427', 'id': {'name': 'TFN', 'value': '173960170'}, 'picture': {'large': 'https://randomuser.me/api/portraits/men/82.jpg', 'medium': 'https://randomuser.me/api/portraits/med/men/82.jpg', 'thumbnail': 'https://randomuser.me/api/portraits/thumb/men/82.jpg'}, 'nat': 'AU'}], 'info': {'seed': 'e5dd02d298302cd3', 'results': 1, 'page': 1, 'version': '1.4'}}</msg>
<arg>${json_data}</arg>
<doc>Logs the given message with the given level.</doc>
<status status="PASS" start="2024-04-02T11:12:07.012528" elapsed="0.000251"/>
</kw>
<kw name="Should Be String" owner="String">
<arg>${json_data['results'][0]['gender']}</arg>
<doc>Fails if the given ``item`` is not a string.</doc>
<status status="PASS" start="2024-04-02T11:12:07.013087" elapsed="0.000364"/>
</kw>
<kw name="Should Match Regexp" owner="BuiltIn">
<arg>${json_data['results'][0]['email']}</arg>
<arg>^[a-zA-Z0-9._%+-]+@[a-zA-Z0-9.-]+\.[a-zA-Z]{2,}$</arg>
<doc>Fails if ``string`` does not match ``pattern`` as a regular expression.</doc>
<status status="PASS" start="2024-04-02T11:12:07.013646" elapsed="0.000525"/>
</kw>
<kw name="Should Match Regexp" owner="BuiltIn">
<arg>${json_data['results'][0]['dob']['date']}</arg>
<arg>\\d{4}-\\d{2}-\\d{2}T\\d{2}:\\d{2}:\\d{2}\\.\\d{3}Z</arg>
<doc>Fails if ``string`` does not match ``pattern`` as a regular expression.</doc>
<status status="PASS" start="2024-04-02T11:12:07.014381" elapsed="0.000491"/>
</kw>
<kw name="Should Match Regexp" owner="BuiltIn">
<arg>${json_data['results'][0]['registered']['date']}</arg>
<arg>\\d{4}-\\d{2}-\\d{2}T\\d{2}:\\d{2}:\\d{2}\\.\\d{3}Z</arg>
<doc>Fails if ``string`` does not match ``pattern`` as a regular expression.</doc>
<status status="PASS" start="2024-04-02T11:12:07.015066" elapsed="0.000369"/>
</kw>
<kw name="Should Match Regexp" owner="BuiltIn">
<arg>${json_data['results'][0]['picture']['large']}</arg>
<arg>^https?://.*\.(?:png|jpe?g|gif|bmp)$</arg>
<doc>Fails if ``string`` does not match ``pattern`` as a regular expression.</doc>
<status status="PASS" start="2024-04-02T11:12:07.015666" elapsed="0.000460"/>
</kw>
<kw name="Should Match Regexp" owner="BuiltIn">
<arg>${json_data['results'][0]['picture']['medium']}</arg>
<arg>^https?://.*\.(?:png|jpe?g|gif|bmp)$</arg>
<doc>Fails if ``string`` does not match ``pattern`` as a regular expression.</doc>
<status status="PASS" start="2024-04-02T11:12:07.016319" elapsed="0.000361"/>
</kw>
<kw name="Should Match Regexp" owner="BuiltIn">
<arg>${json_data['results'][0]['picture']['thumbnail']}</arg>
<arg>^https?://.*\.(?:png|jpe?g|gif|bmp)$</arg>
<doc>Fails if ``string`` does not match ``pattern`` as a regular expression.</doc>
<status status="PASS" start="2024-04-02T11:12:07.016866" elapsed="0.000352"/>
</kw>
<kw name="Log" owner="BuiltIn">
<msg time="2024-04-02T11:12:07.017729" level="INFO">{'large': 'https://randomuser.me/api/portraits/men/82.jpg', 'medium': 'https://randomuser.me/api/portraits/med/men/82.jpg', 'thumbnail': 'https://randomuser.me/api/portraits/thumb/men/82.jpg'}</msg>
<arg>${json_data['results'][0]['picture']}</arg>
<doc>Logs the given message with the given level.</doc>
<status status="PASS" start="2024-04-02T11:12:07.017399" elapsed="0.000378"/>
</kw>
<status status="PASS" start="2024-04-02T11:12:06.912914" elapsed="0.105123"/>
</kw>
<kw name="Teste de Tipos de Dados - Postcode" owner="random-user-service">
<kw name="GET On Session" owner="RequestsLibrary">
<msg time="2024-04-02T11:12:07.104513" level="INFO">GET Request : url=https://randomuser.me/api 
 path_url=/api 
 headers={'User-Agent': 'python-requests/2.31.0', 'Accept-Encoding': 'gzip, deflate', 'Accept': '*/*', 'Connection': 'keep-alive'} 
 body=None 
 </msg>
<msg time="2024-04-02T11:12:07.104616" level="INFO">GET Response : url=https://randomuser.me/api 
 status=200, reason=OK 
 headers={'Date': 'Tue, 02 Apr 2024 11:12:07 GMT', 'Content-Type': 'application/json; charset=utf-8', 'Transfer-Encoding': 'chunked', 'Connection': 'keep-alive', 'X-Powered-By': 'Express', 'Access-Control-Allow-Origin': '*', 'Cache-Control': 'no-cache', 'ETag': 'W/"4ad-EIDaHIdmiUQCdWOkm9ZAx9FowRw"', 'Vary': 'Accept-Encoding', 'Content-Encoding': 'gzip', 'CF-Cache-Status': 'DYNAMIC', 'Report-To': '{"endpoints":[{"url":"https:\\/\\/a.nel.cloudflare.com\\/report\\/v4?s=n3FoGblblIluPpkIftyUanHolwp9DGFYJ6Vu7B9Sc%2BrNDai%2FGG1PxjrrhhuDoyrzRAhYf1ahf2zGBvH%2FyjD1Ku7T1k2npAUtj0EfqjKJ7z1%2FJDgN%2BSwedAhudtEszSpi"}],"group":"cf-nel","max_age":604800}', 'NEL': '{"success_fraction":0,"report_to":"cf-nel","max_age":604800}', 'Server': 'cloudflare', 'CF-RAY': '86e061cbeee822de-SJC', 'alt-svc': 'h3=":443"; ma=86400'} 
 body={"results":[{"gender":"female","name":{"title":"Miss","first":"Alexa","last":"Long"},"location":{"street":{"number":6370,"name":"Homestead Rd"},"city":"Australian Capital Territory","state":"Australian Capital Territory","country":"Australia","postcode":2854,"coordinates":{"latitude":"-86.1105","longitude":"60.0530"},"timezone":{"offset":"+7:00","description":"Bangkok, Hanoi, Jakarta"}},"email":"alexa.long@example.com","login":{"uuid":"082da610-cedc-4a0b-8d12-a698eaefae12","username":"blackostrich451","password":"asdf123","salt":"41UPdRqZ","md5":"313ed15d9c82863e361bd4ec55833636","sha1":"806a4fef49b2acfa35129c90f9ff7d924c00fef2","sha256":"e2bc16953a62e10c246f5b88d4158e00320af1e3db46039f5c2cb02333330c21"},"dob":{"date":"1979-04-03T16:46:52.169Z","age":44},"registered":{"date":"2013-01-02T19:37:16.978Z","age":11},"phone":"06-8968-0115","cell":"0489-011-199","id":{"name":"TFN","value":"681987512"},"picture":{"large":"https://randomuser.me/api/portraits/women/88.jpg","medium":"https://randomuser.me/api/portraits/med/women/88.jpg","thumbnail":"https://randomuser.me/api/portraits/thumb/women/88.jpg"},"nat":"AU"}],"info":{"seed":"0021ed1a8125fe5e","results":1,"page":1,"version":"1.4"}} 
 </msg>
<msg time="2024-04-02T11:12:07.104709" level="INFO">/opt/hostedtoolcache/Python/3.12.2/x64/lib/python3.12/site-packages/urllib3/connectionpool.py:1103: InsecureRequestWarning: Unverified HTTPS request is being made to host 'randomuser.me'. Adding certificate verification is strongly advised. See: https://urllib3.readthedocs.io/en/latest/advanced-usage.html#tls-warnings
  warnings.warn(</msg>
<msg time="2024-04-02T11:12:07.104838" level="INFO">${response} = &lt;Response [200]&gt;</msg>
<var>${response}</var>
<arg>consultarAPI</arg>
<arg>/api</arg>
<doc>Sends a GET request on a previously created HTTP Session.</doc>
<status status="PASS" start="2024-04-02T11:12:07.018670" elapsed="0.086208"/>
</kw>
<kw name="Set Variable" owner="BuiltIn">
<msg time="2024-04-02T11:12:07.106143" level="INFO">${json_data} = {'results': [{'gender': 'female', 'name': {'title': 'Miss', 'first': 'Alexa', 'last': 'Long'}, 'location': {'street': {'number': 6370, 'name': 'Homestead Rd'}, 'city': 'Australian Capital Territory', ...</msg>
<var>${json_data}</var>
<arg>${response.json()}</arg>
<doc>Returns the given values which can then be assigned to a variables.</doc>
<status status="PASS" start="2024-04-02T11:12:07.105566" elapsed="0.000606"/>
</kw>
<kw name="Log" owner="BuiltIn">
<msg time="2024-04-02T11:12:07.106643" level="INFO">{'results': [{'gender': 'female', 'name': {'title': 'Miss', 'first': 'Alexa', 'last': 'Long'}, 'location': {'street': {'number': 6370, 'name': 'Homestead Rd'}, 'city': 'Australian Capital Territory', 'state': 'Australian Capital Territory', 'country': 'Australia', 'postcode': 2854, 'coordinates': {'latitude': '-86.1105', 'longitude': '60.0530'}, 'timezone': {'offset': '+7:00', 'description': 'Bangkok, Hanoi, Jakarta'}}, 'email': 'alexa.long@example.com', 'login': {'uuid': '082da610-cedc-4a0b-8d12-a698eaefae12', 'username': 'blackostrich451', 'password': 'asdf123', 'salt': '41UPdRqZ', 'md5': '313ed15d9c82863e361bd4ec55833636', 'sha1': '806a4fef49b2acfa35129c90f9ff7d924c00fef2', 'sha256': 'e2bc16953a62e10c246f5b88d4158e00320af1e3db46039f5c2cb02333330c21'}, 'dob': {'date': '1979-04-03T16:46:52.169Z', 'age': 44}, 'registered': {'date': '2013-01-02T19:37:16.978Z', 'age': 11}, 'phone': '06-8968-0115', 'cell': '0489-011-199', 'id': {'name': 'TFN', 'value': '681987512'}, 'picture': {'large': 'https://randomuser.me/api/portraits/women/88.jpg', 'medium': 'https://randomuser.me/api/portraits/med/women/88.jpg', 'thumbnail': 'https://randomuser.me/api/portraits/thumb/women/88.jpg'}, 'nat': 'AU'}], 'info': {'seed': '0021ed1a8125fe5e', 'results': 1, 'page': 1, 'version': '1.4'}}</msg>
<arg>${json_data}</arg>
<doc>Logs the given message with the given level.</doc>
<status status="PASS" start="2024-04-02T11:12:07.106486" elapsed="0.000242"/>
</kw>
<kw name="Should Be Equal As Numbers" owner="BuiltIn">
<arg>${json_data['results'][0]['location']['postcode']}</arg>
<arg>${json_data['results'][0]['location']['postcode']}</arg>
<doc>Fails if objects are unequal after converting them to real numbers.</doc>
<status status="PASS" start="2024-04-02T11:12:07.107032" elapsed="0.000692"/>
</kw>
<kw name="Log" owner="BuiltIn">
<msg time="2024-04-02T11:12:07.108279" level="INFO">2854</msg>
<arg>${json_data['results'][0]['location']['postcode']}</arg>
<doc>Logs the given message with the given level.</doc>
<status status="PASS" start="2024-04-02T11:12:07.107929" elapsed="0.000392"/>
</kw>
<status status="PASS" start="2024-04-02T11:12:07.018279" elapsed="0.090306"/>
</kw>
<doc>Testa se os tipos de dados na resposta da API estão corretos.</doc>
<tag>testeTiposDados</tag>
<status status="PASS" start="2024-04-02T11:12:06.912329" elapsed="0.196477"/>
</test>
<test id="s1-s1-t5" name="Validar conteudo" line="35">
<kw name="Teste de Tipos de Conteudo" owner="random-user-service">
<kw name="GET On Session" owner="RequestsLibrary">
<msg time="2024-04-02T11:12:07.477563" level="INFO">GET Request : url=https://randomuser.me/api 
 path_url=/api 
 headers={'User-Agent': 'python-requests/2.31.0', 'Accept-Encoding': 'gzip, deflate', 'Accept': '*/*', 'Connection': 'keep-alive'} 
 body=None 
 </msg>
<msg time="2024-04-02T11:12:07.477680" level="INFO">GET Response : url=https://randomuser.me/api 
 status=200, reason=OK 
 headers={'Date': 'Tue, 02 Apr 2024 11:12:07 GMT', 'Content-Type': 'application/json; charset=utf-8', 'Transfer-Encoding': 'chunked', 'Connection': 'keep-alive', 'X-Powered-By': 'Express', 'Access-Control-Allow-Origin': '*', 'Cache-Control': 'no-cache', 'ETag': 'W/"48c-oqV5/upZBePX//eyWBDSiPYsDWA"', 'Vary': 'Accept-Encoding', 'Content-Encoding': 'gzip', 'CF-Cache-Status': 'DYNAMIC', 'Report-To': '{"endpoints":[{"url":"https:\\/\\/a.nel.cloudflare.com\\/report\\/v4?s=RJVM%2FWnABRbIhidBc8WiEkNJxPOZIx9hlFff7Qz%2FgJ9Pf6R2i%2BjBDrmbNer8UZ%2FFTU1kpjTA5UD8RmKv5OuHP272KqU0kDWFZwkR5Xep3UbrCeejFRUHldQjDhfaU264"}],"group":"cf-nel","max_age":604800}', 'NEL': '{"success_fraction":0,"report_to":"cf-nel","max_age":604800}', 'Server': 'cloudflare', 'CF-RAY': '86e061cc7f4222de-SJC', 'alt-svc': 'h3=":443"; ma=86400'} 
 body={"results":[{"gender":"male","name":{"title":"Mr","first":"Mattis","last":"Hope"},"location":{"street":{"number":5725,"name":"Rosenhoffgata"},"city":"Storforshei","state":"Møre og Romsdal","country":"Norway","postcode":"4051","coordinates":{"latitude":"39.5728","longitude":"-98.4344"},"timezone":{"offset":"+8:00","description":"Beijing, Perth, Singapore, Hong Kong"}},"email":"mattis.hope@example.com","login":{"uuid":"95d9bc6f-b705-4e9a-b5d2-8705edcc679b","username":"ticklishcat596","password":"elvis1","salt":"TDcu5KOm","md5":"4829fcf88bf71679fa2cb67ac921b1cb","sha1":"bdff006e10f3bfc909638b9671153aa6e404831c","sha256":"e361fee069bb35d1a448fa43297f79ae47b7eded5a92ac714f1b1670284a8e16"},"dob":{"date":"1969-12-06T11:18:56.544Z","age":54},"registered":{"date":"2003-06-21T21:01:44.136Z","age":20},"phone":"88774457","cell":"99780958","id":{"name":"FN","value":"06126915959"},"picture":{"large":"https://randomuser.me/api/portraits/men/33.jpg","medium":"https://randomuser.me/api/portraits/med/men/33.jpg","thumbnail":"https://randomuser.me/api/portraits/thumb/men/33.jpg"},"nat":"NO"}],"info":{"seed":"83c89965d66474f4","results":1,"page":1,"version":"1.4"}} 
 </msg>
<msg time="2024-04-02T11:12:07.477761" level="INFO">/opt/hostedtoolcache/Python/3.12.2/x64/lib/python3.12/site-packages/urllib3/connectionpool.py:1103: InsecureRequestWarning: Unverified HTTPS request is being made to host 'randomuser.me'. Adding certificate verification is strongly advised. See: https://urllib3.readthedocs.io/en/latest/advanced-usage.html#tls-warnings
  warnings.warn(</msg>
<msg time="2024-04-02T11:12:07.477904" level="INFO">${response} = &lt;Response [200]&gt;</msg>
<var>${response}</var>
<arg>consultarAPI</arg>
<arg>/api</arg>
<doc>Sends a GET request on a previously created HTTP Session.</doc>
<status status="PASS" start="2024-04-02T11:12:07.111795" elapsed="0.366161"/>
</kw>
<kw name="Set Variable" owner="BuiltIn">
<msg time="2024-04-02T11:12:07.479330" level="INFO">${json_data} = {'results': [{'gender': 'male', 'name': {'title': 'Mr', 'first': 'Mattis', 'last': 'Hope'}, 'location': {'street': {'number': 5725, 'name': 'Rosenhoffgata'}, 'city': 'Storforshei', 'state': 'Møre og R...</msg>
<var>${json_data}</var>
<arg>${response.json()}</arg>
<doc>Returns the given values which can then be assigned to a variables.</doc>
<status status="PASS" start="2024-04-02T11:12:07.478717" elapsed="0.000644"/>
</kw>
<kw name="Set Variable" owner="BuiltIn">
<msg time="2024-04-02T11:12:07.480090" level="INFO">${name_title} = Mr</msg>
<var>${name_title}</var>
<arg>${json_data["results"][0]["name"]["title"]}</arg>
<doc>Returns the given values which can then be assigned to a variables.</doc>
<status status="PASS" start="2024-04-02T11:12:07.479705" elapsed="0.000413"/>
</kw>
<kw name="Create List" owner="BuiltIn">
<msg time="2024-04-02T11:12:07.480579" level="INFO">${allowed_titles} = ['Mr', 'Ms', 'Miss', 'Mrs', 'Madame', 'Monsieur']</msg>
<var>${allowed_titles}</var>
<arg>Mr</arg>
<arg>Ms</arg>
<arg>Miss</arg>
<arg>Mrs</arg>
<arg>Madame</arg>
<arg>Monsieur</arg>
<doc>Returns a list containing given items.</doc>
<status status="PASS" start="2024-04-02T11:12:07.480427" elapsed="0.000177"/>
</kw>
<kw name="List Should Contain Value" owner="Collections">
<msg time="2024-04-02T11:12:07.481094" level="INFO">False</msg>
<arg>${allowed_titles}</arg>
<arg>${name_title}</arg>
<doc>Fails if the ``value`` is not found from ``list``.</doc>
<status status="PASS" start="2024-04-02T11:12:07.480917" elapsed="0.000215"/>
</kw>
<kw name="Set Variable" owner="BuiltIn">
<msg time="2024-04-02T11:12:07.481818" level="INFO">${name_country} = NO</msg>
<var>${name_country}</var>
<arg>${json_data["results"][0]["nat"]}</arg>
<doc>Returns the given values which can then be assigned to a variables.</doc>
<status status="PASS" start="2024-04-02T11:12:07.481426" elapsed="0.000417"/>
</kw>
<kw name="Create List" owner="BuiltIn">
<msg time="2024-04-02T11:12:07.482757" level="INFO">${list_country} = ['AD', 'AE', 'AF', 'AG', 'AI', 'AL', 'AM', 'AO', 'AQ', 'AR', 'AS', 'AT', 'AU', 'AW', 'AX', 'AZ', 'BA', 'BB', 'BD', 'BE', 'BF', 'BG', 'BH', 'BI', 'BJ', 'BL', 'BM', 'BN', 'BO', 'BQ', 'BR', 'BS', 'BT', '...</msg>
<var>${list_country}</var>
<arg>AD</arg>
<arg>AE</arg>
<arg>AF</arg>
<arg>AG</arg>
<arg>AI</arg>
<arg>AL</arg>
<arg>AM</arg>
<arg>AO</arg>
<arg>AQ</arg>
<arg>AR</arg>
<arg>AS</arg>
<arg>AT</arg>
<arg>AU</arg>
<arg>AW</arg>
<arg>AX</arg>
<arg>AZ</arg>
<arg>BA</arg>
<arg>BB</arg>
<arg>BD</arg>
<arg>BE</arg>
<arg>BF</arg>
<arg>BG</arg>
<arg>BH</arg>
<arg>BI</arg>
<arg>BJ</arg>
<arg>BL</arg>
<arg>BM</arg>
<arg>BN</arg>
<arg>BO</arg>
<arg>BQ</arg>
<arg>BR</arg>
<arg>BS</arg>
<arg>BT</arg>
<arg>BV</arg>
<arg>BW</arg>
<arg>BY</arg>
<arg>BZ</arg>
<arg>CA</arg>
<arg>CC</arg>
<arg>CD</arg>
<arg>CF</arg>
<arg>CG</arg>
<arg>CH</arg>
<arg>CI</arg>
<arg>CK</arg>
<arg>CL</arg>
<arg>CM</arg>
<arg>CN</arg>
<arg>CO</arg>
<arg>CR</arg>
<arg>CU</arg>
<arg>CV</arg>
<arg>CW</arg>
<arg>CX</arg>
<arg>CY</arg>
<arg>CZ</arg>
<arg>DE</arg>
<arg>DJ</arg>
<arg>DK</arg>
<arg>DM</arg>
<arg>DO</arg>
<arg>DZ</arg>
<arg>EC</arg>
<arg>EE</arg>
<arg>EG</arg>
<arg>EH</arg>
<arg>ER</arg>
<arg>ES</arg>
<arg>ET</arg>
<arg>FI</arg>
<arg>FJ</arg>
<arg>FK</arg>
<arg>FM</arg>
<arg>FO</arg>
<arg>FR</arg>
<arg>GA</arg>
<arg>GB</arg>
<arg>GD</arg>
<arg>GE</arg>
<arg>GF</arg>
<arg>GG</arg>
<arg>GH</arg>
<arg>GI</arg>
<arg>GL</arg>
<arg>GM</arg>
<arg>GN</arg>
<arg>GP</arg>
<arg>GQ</arg>
<arg>GR</arg>
<arg>GS</arg>
<arg>GT</arg>
<arg>GU</arg>
<arg>GW</arg>
<arg>GY</arg>
<arg>HK</arg>
<arg>HM</arg>
<arg>HN</arg>
<arg>HR</arg>
<arg>HT</arg>
<arg>HU</arg>
<arg>ID</arg>
<arg>IE</arg>
<arg>IL</arg>
<arg>IM</arg>
<arg>IN</arg>
<arg>IO</arg>
<arg>IQ</arg>
<arg>IR</arg>
<arg>IS</arg>
<arg>IT</arg>
<arg>JE</arg>
<arg>JM</arg>
<arg>JO</arg>
<arg>JP</arg>
<arg>KE</arg>
<arg>KG</arg>
<arg>KH</arg>
<arg>KI</arg>
<arg>KM</arg>
<arg>KN</arg>
<arg>KP</arg>
<arg>KR</arg>
<arg>KW</arg>
<arg>KY</arg>
<arg>KZ</arg>
<arg>LA</arg>
<arg>LB</arg>
<arg>LC</arg>
<arg>LI</arg>
<arg>LK</arg>
<arg>LR</arg>
<arg>LS</arg>
<arg>LT</arg>
<arg>LU</arg>
<arg>LV</arg>
<arg>LY</arg>
<arg>MA</arg>
<arg>MC</arg>
<arg>MD</arg>
<arg>ME</arg>
<arg>MF</arg>
<arg>MG</arg>
<arg>MH</arg>
<arg>MK</arg>
<arg>ML</arg>
<arg>MM</arg>
<arg>MN</arg>
<arg>MO</arg>
<arg>MP</arg>
<arg>MQ</arg>
<arg>MR</arg>
<arg>MS</arg>
<arg>MT</arg>
<arg>MU</arg>
<arg>MV</arg>
<arg>MW</arg>
<arg>MX</arg>
<arg>MY</arg>
<arg>MZ</arg>
<arg>NA</arg>
<arg>NC</arg>
<arg>NE</arg>
<arg>NF</arg>
<arg>NG</arg>
<arg>NI</arg>
<arg>NL</arg>
<arg>NO</arg>
<arg>NP</arg>
<arg>NR</arg>
<arg>NU</arg>
<arg>NZ</arg>
<arg>OM</arg>
<arg>PA</arg>
<arg>PE</arg>
<arg>PF</arg>
<arg>PG</arg>
<arg>PH</arg>
<arg>PK</arg>
<arg>PL</arg>
<arg>PM</arg>
<arg>PN</arg>
<arg>PR</arg>
<arg>PS</arg>
<arg>PT</arg>
<arg>PW</arg>
<arg>PY</arg>
<arg>QA</arg>
<arg>RE</arg>
<arg>RO</arg>
<arg>RS</arg>
<arg>RU</arg>
<arg>RW</arg>
<arg>SA</arg>
<arg>SB</arg>
<arg>SC</arg>
<arg>SD</arg>
<arg>SE</arg>
<arg>SG</arg>
<arg>SH</arg>
<arg>SI</arg>
<arg>SJ</arg>
<arg>SK</arg>
<arg>SL</arg>
<arg>SM</arg>
<arg>SN</arg>
<arg>SO</arg>
<arg>SR</arg>
<arg>SS</arg>
<arg>ST</arg>
<arg>SV</arg>
<arg>SX</arg>
<arg>SY</arg>
<arg>SZ</arg>
<arg>TC</arg>
<arg>TD</arg>
<arg>TF</arg>
<arg>TG</arg>
<arg>TH</arg>
<arg>TJ</arg>
<arg>TK</arg>
<arg>TL</arg>
<arg>TM</arg>
<arg>TN</arg>
<arg>TO</arg>
<arg>TR</arg>
<arg>TT</arg>
<arg>TV</arg>
<arg>TW</arg>
<arg>TZ</arg>
<arg>UA</arg>
<arg>UG</arg>
<arg>UM</arg>
<arg>US</arg>
<arg>UY</arg>
<arg>UZ</arg>
<arg>VA</arg>
<arg>VC</arg>
<arg>VE</arg>
<arg>VG</arg>
<arg>VI</arg>
<arg>VN</arg>
<arg>VU</arg>
<arg>WF</arg>
<arg>WS</arg>
<arg>XK</arg>
<arg>YE</arg>
<arg>YT</arg>
<arg>ZA</arg>
<arg>ZM</arg>
<arg>ZW</arg>
<doc>Returns a list containing given items.</doc>
<status status="PASS" start="2024-04-02T11:12:07.482155" elapsed="0.000629"/>
</kw>
<kw name="List Should Contain Value" owner="Collections">
<msg time="2024-04-02T11:12:07.483961" level="INFO">False</msg>
<arg>${list_country}</arg>
<arg>${name_country}</arg>
<doc>Fails if the ``value`` is not found from ``list``.</doc>
<status status="PASS" start="2024-04-02T11:12:07.483748" elapsed="0.000251"/>
</kw>
<kw name="Run Keyword If" owner="BuiltIn">
<kw name="Should Be True" owner="BuiltIn">
<arg>${True}</arg>
<doc>Fails if the given condition is not true.</doc>
<status status="PASS" start="2024-04-02T11:12:07.485092" elapsed="0.000150"/>
</kw>
<arg>${json_data["results"][0]["location"]["coordinates"]["latitude"]} &gt;= -90 and ${json_data["results"][0]["location"]["coordinates"]["latitude"]} &lt;= 90</arg>
<arg>Should Be True</arg>
<arg>${True}</arg>
<doc>Runs the given keyword with the given arguments, if ``condition`` is true.</doc>
<status status="PASS" start="2024-04-02T11:12:07.484317" elapsed="0.001054"/>
</kw>
<kw name="Run Keyword If" owner="BuiltIn">
<kw name="Should Be True" owner="BuiltIn">
<arg>${True}</arg>
<doc>Fails if the given condition is not true.</doc>
<status status="PASS" start="2024-04-02T11:12:07.486265" elapsed="0.000140"/>
</kw>
<arg>${json_data["results"][0]["location"]["coordinates"]["longitude"]} &gt;= -180 and ${json_data["results"][0]["location"]["coordinates"]["longitude"]} &lt;= 180</arg>
<arg>Should Be True</arg>
<arg>${True}</arg>
<doc>Runs the given keyword with the given arguments, if ``condition`` is true.</doc>
<status status="PASS" start="2024-04-02T11:12:07.485559" elapsed="0.000972"/>
</kw>
<status status="PASS" start="2024-04-02T11:12:07.111553" elapsed="0.375113"/>
</kw>
<doc>Testa o conteúdo específico dos campos retornados pela API.</doc>
<tag>testeConteudo</tag>
<status status="PASS" start="2024-04-02T11:12:07.110973" elapsed="0.375852"/>
</test>
<status status="PASS" start="2024-04-02T11:12:06.352182" elapsed="1.136630"/>
</suite>
<status status="PASS" start="2024-04-02T11:12:06.338277" elapsed="1.155948"/>
</suite>
<statistics>
<total>
<stat pass="5" fail="0" skip="0">All Tests</stat>
</total>
<tag>
<stat pass="1" fail="0" skip="0">testeConteudo</stat>
<stat pass="1" fail="0" skip="0">testeEstruturaResposta</stat>
<stat pass="1" fail="0" skip="0">testeRequisicaoBasica</stat>
<stat pass="1" fail="0" skip="0">testeTiposDados</stat>
</tag>
<suite>
<stat pass="5" fail="0" skip="0" id="s1" name="Tests">Tests</stat>
<stat pass="5" fail="0" skip="0" id="s1-s1" name="Random-User-Test">Tests.Random-User-Test</stat>
</suite>
</statistics>
<errors>
</errors>
</robot>
