<?xml version="1.0" encoding="UTF-8"?>
<robot generator="Robot 7.0.1 (Python 3.12.4 on linux)" generated="2024-06-27T06:20:58.074498" rpa="false" schemaversion="5">
<suite id="s1" name="Tests" source="/home/runner/work/ApiRandomUser/ApiRandomUser/RamdonUser/tests">
<suite id="s1-s1" name="Random-User-Test" source="/home/runner/work/ApiRandomUser/ApiRandomUser/RamdonUser/tests/random-user-test.robot">
<test id="s1-s1-t1" name="Conectar" line="13">
<kw name="Conectar API" owner="random-user-service">
<kw name="Create Session" owner="RequestsLibrary">
<msg time="2024-06-27T06:20:58.482711" level="INFO">Creating Session using : alias=consultarAPI, url=https://randomuser.me/, headers={},                     cookies={}, auth=None, timeout=None, proxies=None, verify=False,                     debug=0 </msg>
<arg>consultarAPI</arg>
<arg>${URL}</arg>
<doc>Create Session: create a HTTP session to a server</doc>
<status status="PASS" start="2024-06-27T06:20:58.482503" elapsed="0.000378"/>
</kw>
<status status="PASS" start="2024-06-27T06:20:58.481482" elapsed="0.001748"/>
</kw>
<status status="PASS" start="2024-06-27T06:20:58.480871" elapsed="0.002593"/>
</test>
<test id="s1-s1-t2" name="Validar retorno 200 e JSON Válido" line="16">
<kw name="Teste de Requisicao Basica" owner="random-user-service">
<kw name="GET On Session" owner="RequestsLibrary">
<msg time="2024-06-27T06:20:58.696970" level="INFO">GET Request : url=https://randomuser.me/api 
 path_url=/api 
 headers={'User-Agent': 'python-requests/2.32.3', 'Accept-Encoding': 'gzip, deflate', 'Accept': '*/*', 'Connection': 'keep-alive'} 
 body=None 
 </msg>
<msg time="2024-06-27T06:20:58.697121" level="INFO">GET Response : url=https://randomuser.me/api 
 status=200, reason=OK 
 headers={'Date': 'Thu, 27 Jun 2024 06:20:58 GMT', 'Content-Type': 'application/json; charset=utf-8', 'Transfer-Encoding': 'chunked', 'Connection': 'keep-alive', 'X-Powered-By': 'Express', 'Access-Control-Allow-Origin': '*', 'Cache-Control': 'no-cache', 'ETag': 'W/"479-eGwXmBicfC7oINEHFiGT+zSwibA"', 'Vary': 'Accept-Encoding', 'Content-Encoding': 'gzip', 'CF-Cache-Status': 'DYNAMIC', 'Report-To': '{"endpoints":[{"url":"https:\\/\\/a.nel.cloudflare.com\\/report\\/v4?s=ahrUocjfkoQkG69Dgu%2Bt50W2cSVuKk7HiPsrxKHMXIDhgC9rhRDN74ELyHNBUJ7PfD7v0lgwmketZzke6WLFUF71EJOZFRwmeK0cOwXEOXg5VeKUhJuy6CORQYPlJzBc"}],"group":"cf-nel","max_age":604800}', 'NEL': '{"success_fraction":0,"report_to":"cf-nel","max_age":604800}', 'Server': 'cloudflare', 'CF-RAY': '89a3559278c720ae-IAD', 'alt-svc': 'h3=":443"; ma=86400'} 
 body={"results":[{"gender":"male","name":{"title":"Mr","first":"Gordon","last":"Romero"},"location":{"street":{"number":2192,"name":"Queens Road"},"city":"Bangor","state":"Dyfed","country":"United Kingdom","postcode":"R53 8UZ","coordinates":{"latitude":"-10.0399","longitude":"-164.6834"},"timezone":{"offset":"-9:00","description":"Alaska"}},"email":"gordon.romero@example.com","login":{"uuid":"6c13a05b-ac4f-463b-91f8-a1f5e70a7d56","username":"whiteleopard707","password":"arrows","salt":"NUt9zlQ1","md5":"30ffa094cfdbdaf93a5556605a1276df","sha1":"fc0c176c573a714ab46cadb5c806008561104615","sha256":"6802f965ec05ff6b86dfa833016d729f74bc8e4663b549ba3dbb60d92b2f3be7"},"dob":{"date":"1950-02-13T03:51:51.493Z","age":74},"registered":{"date":"2021-06-02T20:07:56.550Z","age":3},"phone":"015242 90773","cell":"07292 316602","id":{"name":"NINO","value":"GR 47 93 35 T"},"picture":{"large":"https://randomuser.me/api/portraits/men/32.jpg","medium":"https://randomuser.me/api/portraits/med/men/32.jpg","thumbnail":"https://randomuser.me/api/portraits/thumb/men/32.jpg"},"nat":"GB"}],"info":{"seed":"a5939c2ff23d8a9b","results":1,"page":1,"version":"1.4"}} 
 </msg>
<msg time="2024-06-27T06:20:58.697214" level="INFO">/opt/hostedtoolcache/Python/3.12.4/x64/lib/python3.12/site-packages/urllib3/connectionpool.py:1099: InsecureRequestWarning: Unverified HTTPS request is being made to host 'randomuser.me'. Adding certificate verification is strongly advised. See: https://urllib3.readthedocs.io/en/latest/advanced-usage.html#tls-warnings
  warnings.warn(</msg>
<msg time="2024-06-27T06:20:58.697370" level="INFO">${response} = &lt;Response [200]&gt;</msg>
<var>${response}</var>
<arg>consultarAPI</arg>
<arg>/api</arg>
<doc>Sends a GET request on a previously created HTTP Session.</doc>
<status status="PASS" start="2024-06-27T06:20:58.487812" elapsed="0.209614"/>
</kw>
<kw name="Should Be Equal As Numbers" owner="BuiltIn">
<msg time="2024-06-27T06:20:58.698762" level="INFO">Argument types are:
&lt;class 'int'&gt;
&lt;class 'str'&gt;</msg>
<arg>${response.status_code}</arg>
<arg>200</arg>
<doc>Fails if objects are unequal after converting them to real numbers.</doc>
<status status="PASS" start="2024-06-27T06:20:58.698152" elapsed="0.000676"/>
</kw>
<kw name="Log" owner="BuiltIn">
<msg time="2024-06-27T06:20:58.699488" level="INFO">200</msg>
<arg>${response.status_code}</arg>
<doc>Logs the given message with the given level.</doc>
<status status="PASS" start="2024-06-27T06:20:58.699144" elapsed="0.000386"/>
</kw>
<kw name="Set Variable" owner="BuiltIn">
<msg time="2024-06-27T06:20:58.700283" level="INFO">${json_data} = {'results': [{'gender': 'male', 'name': {'title': 'Mr', 'first': 'Gordon', 'last': 'Romero'}, 'location': {'street': {'number': 2192, 'name': 'Queens Road'}, 'city': 'Bangor', 'state': 'Dyfed', 'count...</msg>
<var>${json_data}</var>
<arg>${response.json()}</arg>
<doc>Returns the given values which can then be assigned to a variables.</doc>
<status status="PASS" start="2024-06-27T06:20:58.699833" elapsed="0.000479"/>
</kw>
<kw name="Dictionary Should Contain Key" owner="Collections">
<arg>${json_data}</arg>
<arg>results</arg>
<doc>Fails if ``key`` is not found from ``dictionary``.</doc>
<status status="PASS" start="2024-06-27T06:20:58.700608" elapsed="0.000167"/>
</kw>
<status status="PASS" start="2024-06-27T06:20:58.487550" elapsed="0.213374"/>
</kw>
<doc>Testa se a API responde corretamente e retorna um objeto JSON válido.</doc>
<tag>testeRequisicaoBasica</tag>
<status status="PASS" start="2024-06-27T06:20:58.486913" elapsed="0.214182"/>
</test>
<test id="s1-s1-t3" name="Validar estrutura de resposta" line="22">
<kw name="Teste de Estrutura de Resposta" owner="random-user-service">
<kw name="GET On Session" owner="RequestsLibrary">
<msg time="2024-06-27T06:20:58.797140" level="INFO">GET Request : url=https://randomuser.me/api 
 path_url=/api 
 headers={'User-Agent': 'python-requests/2.32.3', 'Accept-Encoding': 'gzip, deflate', 'Accept': '*/*', 'Connection': 'keep-alive'} 
 body=None 
 </msg>
<msg time="2024-06-27T06:20:58.797219" level="INFO">GET Response : url=https://randomuser.me/api 
 status=200, reason=OK 
 headers={'Date': 'Thu, 27 Jun 2024 06:20:58 GMT', 'Content-Type': 'application/json; charset=utf-8', 'Transfer-Encoding': 'chunked', 'Connection': 'keep-alive', 'X-Powered-By': 'Express', 'Access-Control-Allow-Origin': '*', 'Cache-Control': 'no-cache', 'ETag': 'W/"4bd-uA2V+BwTShmMb44gmhDN5YtY3l0"', 'Vary': 'Accept-Encoding', 'Content-Encoding': 'gzip', 'CF-Cache-Status': 'DYNAMIC', 'Report-To': '{"endpoints":[{"url":"https:\\/\\/a.nel.cloudflare.com\\/report\\/v4?s=WuKQ4RmxexvXDSvFGF2QoqR1RhF0yPq2jeL4QWnDm%2Ba1H3zAZFdya6ZJaWKSOb5QN4pRZEEYbPDb1EUK3iGwSLDGoEn454N9MPz2ymmoZUFtaVmX%2FENAut9hpyWcH64a"}],"group":"cf-nel","max_age":604800}', 'NEL': '{"success_fraction":0,"report_to":"cf-nel","max_age":604800}', 'Server': 'cloudflare', 'CF-RAY': '89a35592e93420ae-IAD', 'alt-svc': 'h3=":443"; ma=86400'} 
 body={"results":[{"gender":"female","name":{"title":"Mademoiselle","first":"Anabela","last":"Bonnet"},"location":{"street":{"number":5930,"name":"Place du 8 Novembre 1942"},"city":"Saint-George","state":"Glarus","country":"Switzerland","postcode":1024,"coordinates":{"latitude":"-61.3064","longitude":"94.3011"},"timezone":{"offset":"-5:00","description":"Eastern Time (US &amp; Canada), Bogota, Lima"}},"email":"anabela.bonnet@example.com","login":{"uuid":"01f394c4-2971-4dc2-b7e3-8705a60950e1","username":"blueleopard522","password":"toffee","salt":"KBeZXl0C","md5":"211ffcf8e938c6404957dd98b39c7e27","sha1":"c611f8e561d20a2f6d4ccf108d24f84dcb671e11","sha256":"77d01907764ea1472ff81e8f7a45c8e79e53810b40cdfa68fafb053ae908a7ff"},"dob":{"date":"1945-01-20T14:14:15.584Z","age":79},"registered":{"date":"2008-10-16T09:23:58.259Z","age":15},"phone":"077 309 15 57","cell":"075 161 95 34","id":{"name":"AVS","value":"756.7558.0932.19"},"picture":{"large":"https://randomuser.me/api/portraits/women/66.jpg","medium":"https://randomuser.me/api/portraits/med/women/66.jpg","thumbnail":"https://randomuser.me/api/portraits/thumb/women/66.jpg"},"nat":"CH"}],"info":{"seed":"ea9eeb0418d7a997","results":1,"page":1,"version":"1.4"}} 
 </msg>
<msg time="2024-06-27T06:20:58.797336" level="INFO">/opt/hostedtoolcache/Python/3.12.4/x64/lib/python3.12/site-packages/urllib3/connectionpool.py:1099: InsecureRequestWarning: Unverified HTTPS request is being made to host 'randomuser.me'. Adding certificate verification is strongly advised. See: https://urllib3.readthedocs.io/en/latest/advanced-usage.html#tls-warnings
  warnings.warn(</msg>
<msg time="2024-06-27T06:20:58.797443" level="INFO">${response} = &lt;Response [200]&gt;</msg>
<var>${response}</var>
<arg>consultarAPI</arg>
<arg>/api</arg>
<doc>Sends a GET request on a previously created HTTP Session.</doc>
<status status="PASS" start="2024-06-27T06:20:58.703775" elapsed="0.093717"/>
</kw>
<kw name="Set Variable" owner="BuiltIn">
<msg time="2024-06-27T06:20:58.798805" level="INFO">${json_data} = {'results': [{'gender': 'female', 'name': {'title': 'Mademoiselle', 'first': 'Anabela', 'last': 'Bonnet'}, 'location': {'street': {'number': 5930, 'name': 'Place du 8 Novembre 1942'}, 'city': 'Saint-G...</msg>
<var>${json_data}</var>
<arg>${response.json()}</arg>
<doc>Returns the given values which can then be assigned to a variables.</doc>
<status status="PASS" start="2024-06-27T06:20:58.798104" elapsed="0.000731"/>
</kw>
<kw name="Log" owner="BuiltIn">
<msg time="2024-06-27T06:20:58.799294" level="INFO">{'results': [{'gender': 'female', 'name': {'title': 'Mademoiselle', 'first': 'Anabela', 'last': 'Bonnet'}, 'location': {'street': {'number': 5930, 'name': 'Place du 8 Novembre 1942'}, 'city': 'Saint-George', 'state': 'Glarus', 'country': 'Switzerland', 'postcode': 1024, 'coordinates': {'latitude': '-61.3064', 'longitude': '94.3011'}, 'timezone': {'offset': '-5:00', 'description': 'Eastern Time (US &amp; Canada), Bogota, Lima'}}, 'email': 'anabela.bonnet@example.com', 'login': {'uuid': '01f394c4-2971-4dc2-b7e3-8705a60950e1', 'username': 'blueleopard522', 'password': 'toffee', 'salt': 'KBeZXl0C', 'md5': '211ffcf8e938c6404957dd98b39c7e27', 'sha1': 'c611f8e561d20a2f6d4ccf108d24f84dcb671e11', 'sha256': '77d01907764ea1472ff81e8f7a45c8e79e53810b40cdfa68fafb053ae908a7ff'}, 'dob': {'date': '1945-01-20T14:14:15.584Z', 'age': 79}, 'registered': {'date': '2008-10-16T09:23:58.259Z', 'age': 15}, 'phone': '077 309 15 57', 'cell': '075 161 95 34', 'id': {'name': 'AVS', 'value': '756.7558.0932.19'}, 'picture': {'large': 'https://randomuser.me/api/portraits/women/66.jpg', 'medium': 'https://randomuser.me/api/portraits/med/women/66.jpg', 'thumbnail': 'https://randomuser.me/api/portraits/thumb/women/66.jpg'}, 'nat': 'CH'}], 'info': {'seed': 'ea9eeb0418d7a997', 'results': 1, 'page': 1, 'version': '1.4'}}</msg>
<arg>${json_data}</arg>
<doc>Logs the given message with the given level.</doc>
<status status="PASS" start="2024-06-27T06:20:58.799139" elapsed="0.000205"/>
</kw>
<kw name="Dictionary Should Contain Key" owner="Collections">
<arg>${json_data}</arg>
<arg>results</arg>
<doc>Fails if ``key`` is not found from ``dictionary``.</doc>
<status status="PASS" start="2024-06-27T06:20:58.799634" elapsed="0.000158"/>
</kw>
<kw name="Should Not Be Empty" owner="BuiltIn">
<msg time="2024-06-27T06:20:58.800106" level="INFO">Length is 2.</msg>
<arg>${json_data}</arg>
<doc>Verifies that the given item is not empty.</doc>
<status status="PASS" start="2024-06-27T06:20:58.799980" elapsed="0.000165"/>
</kw>
<kw name="Create List" owner="BuiltIn">
<msg time="2024-06-27T06:20:58.800588" level="INFO">${expected_keys} = ['gender', 'name', 'location', 'email', 'login']</msg>
<var>${expected_keys}</var>
<arg>gender</arg>
<arg>name</arg>
<arg>location</arg>
<arg>email</arg>
<arg>login</arg>
<doc>Returns a list containing given items.</doc>
<status status="PASS" start="2024-06-27T06:20:58.800436" elapsed="0.000176"/>
</kw>
<for flavor="IN">
<iter>
<kw name="Dictionary Should Contain Key" owner="Collections">
<arg>${json_data['results'][0]}</arg>
<arg>${key}</arg>
<doc>Fails if ``key`` is not found from ``dictionary``.</doc>
<status status="PASS" start="2024-06-27T06:20:58.801325" elapsed="0.000401"/>
</kw>
<kw name="Log" owner="BuiltIn">
<msg time="2024-06-27T06:20:58.802336" level="INFO">{'gender': 'female', 'name': {'title': 'Mademoiselle', 'first': 'Anabela', 'last': 'Bonnet'}, 'location': {'street': {'number': 5930, 'name': 'Place du 8 Novembre 1942'}, 'city': 'Saint-George', 'state': 'Glarus', 'country': 'Switzerland', 'postcode': 1024, 'coordinates': {'latitude': '-61.3064', 'longitude': '94.3011'}, 'timezone': {'offset': '-5:00', 'description': 'Eastern Time (US &amp; Canada), Bogota, Lima'}}, 'email': 'anabela.bonnet@example.com', 'login': {'uuid': '01f394c4-2971-4dc2-b7e3-8705a60950e1', 'username': 'blueleopard522', 'password': 'toffee', 'salt': 'KBeZXl0C', 'md5': '211ffcf8e938c6404957dd98b39c7e27', 'sha1': 'c611f8e561d20a2f6d4ccf108d24f84dcb671e11', 'sha256': '77d01907764ea1472ff81e8f7a45c8e79e53810b40cdfa68fafb053ae908a7ff'}, 'dob': {'date': '1945-01-20T14:14:15.584Z', 'age': 79}, 'registered': {'date': '2008-10-16T09:23:58.259Z', 'age': 15}, 'phone': '077 309 15 57', 'cell': '075 161 95 34', 'id': {'name': 'AVS', 'value': '756.7558.0932.19'}, 'picture': {'large': 'https://randomuser.me/api/portraits/women/66.jpg', 'medium': 'https://randomuser.me/api/portraits/med/women/66.jpg', 'thumbnail': 'https://randomuser.me/api/portraits/thumb/women/66.jpg'}, 'nat': 'CH'}</msg>
<arg>${json_data['results'][0]}</arg>
<doc>Logs the given message with the given level.</doc>
<status status="PASS" start="2024-06-27T06:20:58.801931" elapsed="0.000457"/>
</kw>
<kw name="Log" owner="BuiltIn">
<msg time="2024-06-27T06:20:58.802825" level="INFO">gender</msg>
<arg>${key}</arg>
<doc>Logs the given message with the given level.</doc>
<status status="PASS" start="2024-06-27T06:20:58.802694" elapsed="0.000171"/>
</kw>
<var name="${key}">gender</var>
<status status="PASS" start="2024-06-27T06:20:58.801201" elapsed="0.001881"/>
</iter>
<iter>
<kw name="Dictionary Should Contain Key" owner="Collections">
<arg>${json_data['results'][0]}</arg>
<arg>${key}</arg>
<doc>Fails if ``key`` is not found from ``dictionary``.</doc>
<status status="PASS" start="2024-06-27T06:20:58.803376" elapsed="0.000390"/>
</kw>
<kw name="Log" owner="BuiltIn">
<msg time="2024-06-27T06:20:58.804339" level="INFO">{'gender': 'female', 'name': {'title': 'Mademoiselle', 'first': 'Anabela', 'last': 'Bonnet'}, 'location': {'street': {'number': 5930, 'name': 'Place du 8 Novembre 1942'}, 'city': 'Saint-George', 'state': 'Glarus', 'country': 'Switzerland', 'postcode': 1024, 'coordinates': {'latitude': '-61.3064', 'longitude': '94.3011'}, 'timezone': {'offset': '-5:00', 'description': 'Eastern Time (US &amp; Canada), Bogota, Lima'}}, 'email': 'anabela.bonnet@example.com', 'login': {'uuid': '01f394c4-2971-4dc2-b7e3-8705a60950e1', 'username': 'blueleopard522', 'password': 'toffee', 'salt': 'KBeZXl0C', 'md5': '211ffcf8e938c6404957dd98b39c7e27', 'sha1': 'c611f8e561d20a2f6d4ccf108d24f84dcb671e11', 'sha256': '77d01907764ea1472ff81e8f7a45c8e79e53810b40cdfa68fafb053ae908a7ff'}, 'dob': {'date': '1945-01-20T14:14:15.584Z', 'age': 79}, 'registered': {'date': '2008-10-16T09:23:58.259Z', 'age': 15}, 'phone': '077 309 15 57', 'cell': '075 161 95 34', 'id': {'name': 'AVS', 'value': '756.7558.0932.19'}, 'picture': {'large': 'https://randomuser.me/api/portraits/women/66.jpg', 'medium': 'https://randomuser.me/api/portraits/med/women/66.jpg', 'thumbnail': 'https://randomuser.me/api/portraits/thumb/women/66.jpg'}, 'nat': 'CH'}</msg>
<arg>${json_data['results'][0]}</arg>
<doc>Logs the given message with the given level.</doc>
<status status="PASS" start="2024-06-27T06:20:58.803981" elapsed="0.000409"/>
</kw>
<kw name="Log" owner="BuiltIn">
<msg time="2024-06-27T06:20:58.804822" level="INFO">name</msg>
<arg>${key}</arg>
<doc>Logs the given message with the given level.</doc>
<status status="PASS" start="2024-06-27T06:20:58.804694" elapsed="0.000165"/>
</kw>
<var name="${key}">name</var>
<status status="PASS" start="2024-06-27T06:20:58.803265" elapsed="0.001809"/>
</iter>
<iter>
<kw name="Dictionary Should Contain Key" owner="Collections">
<arg>${json_data['results'][0]}</arg>
<arg>${key}</arg>
<doc>Fails if ``key`` is not found from ``dictionary``.</doc>
<status status="PASS" start="2024-06-27T06:20:58.805369" elapsed="0.000385"/>
</kw>
<kw name="Log" owner="BuiltIn">
<msg time="2024-06-27T06:20:58.806315" level="INFO">{'gender': 'female', 'name': {'title': 'Mademoiselle', 'first': 'Anabela', 'last': 'Bonnet'}, 'location': {'street': {'number': 5930, 'name': 'Place du 8 Novembre 1942'}, 'city': 'Saint-George', 'state': 'Glarus', 'country': 'Switzerland', 'postcode': 1024, 'coordinates': {'latitude': '-61.3064', 'longitude': '94.3011'}, 'timezone': {'offset': '-5:00', 'description': 'Eastern Time (US &amp; Canada), Bogota, Lima'}}, 'email': 'anabela.bonnet@example.com', 'login': {'uuid': '01f394c4-2971-4dc2-b7e3-8705a60950e1', 'username': 'blueleopard522', 'password': 'toffee', 'salt': 'KBeZXl0C', 'md5': '211ffcf8e938c6404957dd98b39c7e27', 'sha1': 'c611f8e561d20a2f6d4ccf108d24f84dcb671e11', 'sha256': '77d01907764ea1472ff81e8f7a45c8e79e53810b40cdfa68fafb053ae908a7ff'}, 'dob': {'date': '1945-01-20T14:14:15.584Z', 'age': 79}, 'registered': {'date': '2008-10-16T09:23:58.259Z', 'age': 15}, 'phone': '077 309 15 57', 'cell': '075 161 95 34', 'id': {'name': 'AVS', 'value': '756.7558.0932.19'}, 'picture': {'large': 'https://randomuser.me/api/portraits/women/66.jpg', 'medium': 'https://randomuser.me/api/portraits/med/women/66.jpg', 'thumbnail': 'https://randomuser.me/api/portraits/thumb/women/66.jpg'}, 'nat': 'CH'}</msg>
<arg>${json_data['results'][0]}</arg>
<doc>Logs the given message with the given level.</doc>
<status status="PASS" start="2024-06-27T06:20:58.805937" elapsed="0.000438"/>
</kw>
<kw name="Log" owner="BuiltIn">
<msg time="2024-06-27T06:20:58.806804" level="INFO">location</msg>
<arg>${key}</arg>
<doc>Logs the given message with the given level.</doc>
<status status="PASS" start="2024-06-27T06:20:58.806675" elapsed="0.000167"/>
</kw>
<var name="${key}">location</var>
<status status="PASS" start="2024-06-27T06:20:58.805261" elapsed="0.001794"/>
</iter>
<iter>
<kw name="Dictionary Should Contain Key" owner="Collections">
<arg>${json_data['results'][0]}</arg>
<arg>${key}</arg>
<doc>Fails if ``key`` is not found from ``dictionary``.</doc>
<status status="PASS" start="2024-06-27T06:20:58.807331" elapsed="0.000387"/>
</kw>
<kw name="Log" owner="BuiltIn">
<msg time="2024-06-27T06:20:58.808245" level="INFO">{'gender': 'female', 'name': {'title': 'Mademoiselle', 'first': 'Anabela', 'last': 'Bonnet'}, 'location': {'street': {'number': 5930, 'name': 'Place du 8 Novembre 1942'}, 'city': 'Saint-George', 'state': 'Glarus', 'country': 'Switzerland', 'postcode': 1024, 'coordinates': {'latitude': '-61.3064', 'longitude': '94.3011'}, 'timezone': {'offset': '-5:00', 'description': 'Eastern Time (US &amp; Canada), Bogota, Lima'}}, 'email': 'anabela.bonnet@example.com', 'login': {'uuid': '01f394c4-2971-4dc2-b7e3-8705a60950e1', 'username': 'blueleopard522', 'password': 'toffee', 'salt': 'KBeZXl0C', 'md5': '211ffcf8e938c6404957dd98b39c7e27', 'sha1': 'c611f8e561d20a2f6d4ccf108d24f84dcb671e11', 'sha256': '77d01907764ea1472ff81e8f7a45c8e79e53810b40cdfa68fafb053ae908a7ff'}, 'dob': {'date': '1945-01-20T14:14:15.584Z', 'age': 79}, 'registered': {'date': '2008-10-16T09:23:58.259Z', 'age': 15}, 'phone': '077 309 15 57', 'cell': '075 161 95 34', 'id': {'name': 'AVS', 'value': '756.7558.0932.19'}, 'picture': {'large': 'https://randomuser.me/api/portraits/women/66.jpg', 'medium': 'https://randomuser.me/api/portraits/med/women/66.jpg', 'thumbnail': 'https://randomuser.me/api/portraits/thumb/women/66.jpg'}, 'nat': 'CH'}</msg>
<arg>${json_data['results'][0]}</arg>
<doc>Logs the given message with the given level.</doc>
<status status="PASS" start="2024-06-27T06:20:58.807899" elapsed="0.000397"/>
</kw>
<kw name="Log" owner="BuiltIn">
<msg time="2024-06-27T06:20:58.808715" level="INFO">email</msg>
<arg>${key}</arg>
<doc>Logs the given message with the given level.</doc>
<status status="PASS" start="2024-06-27T06:20:58.808587" elapsed="0.000166"/>
</kw>
<var name="${key}">email</var>
<status status="PASS" start="2024-06-27T06:20:58.807225" elapsed="0.001746"/>
</iter>
<iter>
<kw name="Dictionary Should Contain Key" owner="Collections">
<arg>${json_data['results'][0]}</arg>
<arg>${key}</arg>
<doc>Fails if ``key`` is not found from ``dictionary``.</doc>
<status status="PASS" start="2024-06-27T06:20:58.809253" elapsed="0.000386"/>
</kw>
<kw name="Log" owner="BuiltIn">
<msg time="2024-06-27T06:20:58.810173" level="INFO">{'gender': 'female', 'name': {'title': 'Mademoiselle', 'first': 'Anabela', 'last': 'Bonnet'}, 'location': {'street': {'number': 5930, 'name': 'Place du 8 Novembre 1942'}, 'city': 'Saint-George', 'state': 'Glarus', 'country': 'Switzerland', 'postcode': 1024, 'coordinates': {'latitude': '-61.3064', 'longitude': '94.3011'}, 'timezone': {'offset': '-5:00', 'description': 'Eastern Time (US &amp; Canada), Bogota, Lima'}}, 'email': 'anabela.bonnet@example.com', 'login': {'uuid': '01f394c4-2971-4dc2-b7e3-8705a60950e1', 'username': 'blueleopard522', 'password': 'toffee', 'salt': 'KBeZXl0C', 'md5': '211ffcf8e938c6404957dd98b39c7e27', 'sha1': 'c611f8e561d20a2f6d4ccf108d24f84dcb671e11', 'sha256': '77d01907764ea1472ff81e8f7a45c8e79e53810b40cdfa68fafb053ae908a7ff'}, 'dob': {'date': '1945-01-20T14:14:15.584Z', 'age': 79}, 'registered': {'date': '2008-10-16T09:23:58.259Z', 'age': 15}, 'phone': '077 309 15 57', 'cell': '075 161 95 34', 'id': {'name': 'AVS', 'value': '756.7558.0932.19'}, 'picture': {'large': 'https://randomuser.me/api/portraits/women/66.jpg', 'medium': 'https://randomuser.me/api/portraits/med/women/66.jpg', 'thumbnail': 'https://randomuser.me/api/portraits/thumb/women/66.jpg'}, 'nat': 'CH'}</msg>
<arg>${json_data['results'][0]}</arg>
<doc>Logs the given message with the given level.</doc>
<status status="PASS" start="2024-06-27T06:20:58.809820" elapsed="0.000442"/>
</kw>
<kw name="Log" owner="BuiltIn">
<msg time="2024-06-27T06:20:58.810701" level="INFO">login</msg>
<arg>${key}</arg>
<doc>Logs the given message with the given level.</doc>
<status status="PASS" start="2024-06-27T06:20:58.810574" elapsed="0.000165"/>
</kw>
<var name="${key}">login</var>
<status status="PASS" start="2024-06-27T06:20:58.809141" elapsed="0.001814"/>
</iter>
<var>${key}</var>
<value>@{expected_keys}</value>
<status status="PASS" start="2024-06-27T06:20:58.801016" elapsed="0.010087"/>
</for>
<kw name="Create List" owner="BuiltIn">
<msg time="2024-06-27T06:20:58.811429" level="INFO">${expected_keysTwo} = ['username', 'password']</msg>
<var>${expected_keysTwo}</var>
<arg>username</arg>
<arg>password</arg>
<doc>Returns a list containing given items.</doc>
<status status="PASS" start="2024-06-27T06:20:58.811295" elapsed="0.000158"/>
</kw>
<for flavor="IN">
<iter>
<kw name="Dictionary Should Contain Key" owner="Collections">
<arg>${json_data['results'][0]['login']}</arg>
<arg>${keyTwo}</arg>
<doc>Fails if ``key`` is not found from ``dictionary``.</doc>
<status status="PASS" start="2024-06-27T06:20:58.811945" elapsed="0.000395"/>
</kw>
<kw name="Dictionary Should Contain Key" owner="Collections">
<arg>${json_data['results'][0]['login']}</arg>
<arg>${keyTwo}</arg>
<doc>Fails if ``key`` is not found from ``dictionary``.</doc>
<status status="PASS" start="2024-06-27T06:20:58.812519" elapsed="0.000367"/>
</kw>
<kw name="Log" owner="BuiltIn">
<msg time="2024-06-27T06:20:58.813189" level="INFO">username</msg>
<arg>${keyTwo}</arg>
<doc>Logs the given message with the given level.</doc>
<status status="PASS" start="2024-06-27T06:20:58.813066" elapsed="0.000161"/>
</kw>
<var name="${keyTwo}">username</var>
<status status="PASS" start="2024-06-27T06:20:58.811840" elapsed="0.001601"/>
</iter>
<iter>
<kw name="Dictionary Should Contain Key" owner="Collections">
<arg>${json_data['results'][0]['login']}</arg>
<arg>${keyTwo}</arg>
<doc>Fails if ``key`` is not found from ``dictionary``.</doc>
<status status="PASS" start="2024-06-27T06:20:58.813716" elapsed="0.000381"/>
</kw>
<kw name="Dictionary Should Contain Key" owner="Collections">
<arg>${json_data['results'][0]['login']}</arg>
<arg>${keyTwo}</arg>
<doc>Fails if ``key`` is not found from ``dictionary``.</doc>
<status status="PASS" start="2024-06-27T06:20:58.814306" elapsed="0.000395"/>
</kw>
<kw name="Log" owner="BuiltIn">
<msg time="2024-06-27T06:20:58.814998" level="INFO">password</msg>
<arg>${keyTwo}</arg>
<doc>Logs the given message with the given level.</doc>
<status status="PASS" start="2024-06-27T06:20:58.814879" elapsed="0.000165"/>
</kw>
<var name="${keyTwo}">password</var>
<status status="PASS" start="2024-06-27T06:20:58.813611" elapsed="0.001653"/>
</iter>
<var>${keyTwo}</var>
<value>@{expected_keysTwo}</value>
<status status="PASS" start="2024-06-27T06:20:58.811684" elapsed="0.003700"/>
</for>
<status status="PASS" start="2024-06-27T06:20:58.703547" elapsed="0.111973"/>
</kw>
<doc>Testa a estrutura da resposta da API.</doc>
<tag>testeEstruturaResposta</tag>
<status status="PASS" start="2024-06-27T06:20:58.702946" elapsed="0.112719"/>
</test>
<test id="s1-s1-t4" name="Validar tipos de dados" line="28">
<kw name="Teste de Tipos de Dados" owner="random-user-service">
<kw name="GET On Session" owner="RequestsLibrary">
<msg time="2024-06-27T06:20:58.892971" level="INFO">GET Request : url=https://randomuser.me/api 
 path_url=/api 
 headers={'User-Agent': 'python-requests/2.32.3', 'Accept-Encoding': 'gzip, deflate', 'Accept': '*/*', 'Connection': 'keep-alive'} 
 body=None 
 </msg>
<msg time="2024-06-27T06:20:58.893088" level="INFO">GET Response : url=https://randomuser.me/api 
 status=200, reason=OK 
 headers={'Date': 'Thu, 27 Jun 2024 06:20:58 GMT', 'Content-Type': 'application/json; charset=utf-8', 'Transfer-Encoding': 'chunked', 'Connection': 'keep-alive', 'X-Powered-By': 'Express', 'Access-Control-Allow-Origin': '*', 'Cache-Control': 'no-cache', 'ETag': 'W/"486-ofpxQSIGg80FebuzxwNOoUAwe5U"', 'Vary': 'Accept-Encoding', 'Content-Encoding': 'gzip', 'CF-Cache-Status': 'DYNAMIC', 'Report-To': '{"endpoints":[{"url":"https:\\/\\/a.nel.cloudflare.com\\/report\\/v4?s=9zd2gyGSiunsmjP5dxg5rnb25UCquZspOfL23%2FgNLzHBnfmAG0zK0V34D2MPvnRppnjWMJG6Le0EfmKdEosdOgOEPcXqiXz1cIr8EE20f%2FQE9w4gbuVfbIBz%2FEelWbMx"}],"group":"cf-nel","max_age":604800}', 'NEL': '{"success_fraction":0,"report_to":"cf-nel","max_age":604800}', 'Server': 'cloudflare', 'CF-RAY': '89a35593a9ee20ae-IAD', 'alt-svc': 'h3=":443"; ma=86400'} 
 body={"results":[{"gender":"female","name":{"title":"Miss","first":"Sophie","last":"Martin"},"location":{"street":{"number":9154,"name":"Cuba Street"},"city":"Gisborne","state":"Marlborough","country":"New Zealand","postcode":51786,"coordinates":{"latitude":"51.8572","longitude":"8.8827"},"timezone":{"offset":"+7:00","description":"Bangkok, Hanoi, Jakarta"}},"email":"sophie.martin@example.com","login":{"uuid":"e80de236-790c-4b5f-a917-55a08896f816","username":"lazygoose425","password":"asdfasdf","salt":"LbWQt86M","md5":"7c7307c5550524a7b6fb672213eae534","sha1":"a5c88024d70f6307547c10676ae1188b6d57e042","sha256":"88cbb3afeefe0c9fad8f5165720629acdb53e38b4be1c15f2d17245585b0d730"},"dob":{"date":"1983-05-17T04:47:51.979Z","age":41},"registered":{"date":"2002-11-17T19:18:01.283Z","age":21},"phone":"(553)-951-4265","cell":"(444)-965-6274","id":{"name":"","value":null},"picture":{"large":"https://randomuser.me/api/portraits/women/52.jpg","medium":"https://randomuser.me/api/portraits/med/women/52.jpg","thumbnail":"https://randomuser.me/api/portraits/thumb/women/52.jpg"},"nat":"NZ"}],"info":{"seed":"4b79a4153c95eec2","results":1,"page":1,"version":"1.4"}} 
 </msg>
<msg time="2024-06-27T06:20:58.893186" level="INFO">/opt/hostedtoolcache/Python/3.12.4/x64/lib/python3.12/site-packages/urllib3/connectionpool.py:1099: InsecureRequestWarning: Unverified HTTPS request is being made to host 'randomuser.me'. Adding certificate verification is strongly advised. See: https://urllib3.readthedocs.io/en/latest/advanced-usage.html#tls-warnings
  warnings.warn(</msg>
<msg time="2024-06-27T06:20:58.893322" level="INFO">${response} = &lt;Response [200]&gt;</msg>
<var>${response}</var>
<arg>consultarAPI</arg>
<arg>/api</arg>
<doc>Sends a GET request on a previously created HTTP Session.</doc>
<status status="PASS" start="2024-06-27T06:20:58.818212" elapsed="0.075154"/>
</kw>
<kw name="Set Variable" owner="BuiltIn">
<msg time="2024-06-27T06:20:58.894850" level="INFO">${json_data} = {'results': [{'gender': 'female', 'name': {'title': 'Miss', 'first': 'Sophie', 'last': 'Martin'}, 'location': {'street': {'number': 9154, 'name': 'Cuba Street'}, 'city': 'Gisborne', 'state': 'Marlboro...</msg>
<var>${json_data}</var>
<arg>${response.json()}</arg>
<doc>Returns the given values which can then be assigned to a variables.</doc>
<status status="PASS" start="2024-06-27T06:20:58.894092" elapsed="0.000790"/>
</kw>
<kw name="Log" owner="BuiltIn">
<msg time="2024-06-27T06:20:58.895348" level="INFO">{'results': [{'gender': 'female', 'name': {'title': 'Miss', 'first': 'Sophie', 'last': 'Martin'}, 'location': {'street': {'number': 9154, 'name': 'Cuba Street'}, 'city': 'Gisborne', 'state': 'Marlborough', 'country': 'New Zealand', 'postcode': 51786, 'coordinates': {'latitude': '51.8572', 'longitude': '8.8827'}, 'timezone': {'offset': '+7:00', 'description': 'Bangkok, Hanoi, Jakarta'}}, 'email': 'sophie.martin@example.com', 'login': {'uuid': 'e80de236-790c-4b5f-a917-55a08896f816', 'username': 'lazygoose425', 'password': 'asdfasdf', 'salt': 'LbWQt86M', 'md5': '7c7307c5550524a7b6fb672213eae534', 'sha1': 'a5c88024d70f6307547c10676ae1188b6d57e042', 'sha256': '88cbb3afeefe0c9fad8f5165720629acdb53e38b4be1c15f2d17245585b0d730'}, 'dob': {'date': '1983-05-17T04:47:51.979Z', 'age': 41}, 'registered': {'date': '2002-11-17T19:18:01.283Z', 'age': 21}, 'phone': '(553)-951-4265', 'cell': '(444)-965-6274', 'id': {'name': '', 'value': None}, 'picture': {'large': 'https://randomuser.me/api/portraits/women/52.jpg', 'medium': 'https://randomuser.me/api/portraits/med/women/52.jpg', 'thumbnail': 'https://randomuser.me/api/portraits/thumb/women/52.jpg'}, 'nat': 'NZ'}], 'info': {'seed': '4b79a4153c95eec2', 'results': 1, 'page': 1, 'version': '1.4'}}</msg>
<arg>${json_data}</arg>
<doc>Logs the given message with the given level.</doc>
<status status="PASS" start="2024-06-27T06:20:58.895190" elapsed="0.000207"/>
</kw>
<kw name="Should Be String" owner="String">
<arg>${json_data['results'][0]['gender']}</arg>
<doc>Fails if the given ``item`` is not a string.</doc>
<status status="PASS" start="2024-06-27T06:20:58.895687" elapsed="0.000400"/>
</kw>
<kw name="Should Match Regexp" owner="BuiltIn">
<arg>${json_data['results'][0]['email']}</arg>
<arg>^[a-zA-Z0-9._%+-]+@[a-zA-Z0-9.-]+\.[a-zA-Z]{2,}$</arg>
<doc>Fails if ``string`` does not match ``pattern`` as a regular expression.</doc>
<status status="PASS" start="2024-06-27T06:20:58.896275" elapsed="0.000523"/>
</kw>
<kw name="Should Match Regexp" owner="BuiltIn">
<arg>${json_data['results'][0]['dob']['date']}</arg>
<arg>\\d{4}-\\d{2}-\\d{2}T\\d{2}:\\d{2}:\\d{2}\\.\\d{3}Z</arg>
<doc>Fails if ``string`` does not match ``pattern`` as a regular expression.</doc>
<status status="PASS" start="2024-06-27T06:20:58.896987" elapsed="0.000480"/>
</kw>
<kw name="Should Match Regexp" owner="BuiltIn">
<arg>${json_data['results'][0]['registered']['date']}</arg>
<arg>\\d{4}-\\d{2}-\\d{2}T\\d{2}:\\d{2}:\\d{2}\\.\\d{3}Z</arg>
<doc>Fails if ``string`` does not match ``pattern`` as a regular expression.</doc>
<status status="PASS" start="2024-06-27T06:20:58.897653" elapsed="0.000360"/>
</kw>
<kw name="Should Match Regexp" owner="BuiltIn">
<arg>${json_data['results'][0]['picture']['large']}</arg>
<arg>^https?://.*\.(?:png|jpe?g|gif|bmp)$</arg>
<doc>Fails if ``string`` does not match ``pattern`` as a regular expression.</doc>
<status status="PASS" start="2024-06-27T06:20:58.898194" elapsed="0.000503"/>
</kw>
<kw name="Should Match Regexp" owner="BuiltIn">
<arg>${json_data['results'][0]['picture']['medium']}</arg>
<arg>^https?://.*\.(?:png|jpe?g|gif|bmp)$</arg>
<doc>Fails if ``string`` does not match ``pattern`` as a regular expression.</doc>
<status status="PASS" start="2024-06-27T06:20:58.898885" elapsed="0.000352"/>
</kw>
<kw name="Should Match Regexp" owner="BuiltIn">
<arg>${json_data['results'][0]['picture']['thumbnail']}</arg>
<arg>^https?://.*\.(?:png|jpe?g|gif|bmp)$</arg>
<doc>Fails if ``string`` does not match ``pattern`` as a regular expression.</doc>
<status status="PASS" start="2024-06-27T06:20:58.899419" elapsed="0.000353"/>
</kw>
<kw name="Log" owner="BuiltIn">
<msg time="2024-06-27T06:20:58.900291" level="INFO">{'large': 'https://randomuser.me/api/portraits/women/52.jpg', 'medium': 'https://randomuser.me/api/portraits/med/women/52.jpg', 'thumbnail': 'https://randomuser.me/api/portraits/thumb/women/52.jpg'}</msg>
<arg>${json_data['results'][0]['picture']}</arg>
<doc>Logs the given message with the given level.</doc>
<status status="PASS" start="2024-06-27T06:20:58.899955" elapsed="0.000380"/>
</kw>
<status status="PASS" start="2024-06-27T06:20:58.817994" elapsed="0.082602"/>
</kw>
<kw name="Teste de Tipos de Dados - Postcode" owner="random-user-service">
<kw name="GET On Session" owner="RequestsLibrary">
<msg time="2024-06-27T06:20:58.996219" level="INFO">GET Request : url=https://randomuser.me/api 
 path_url=/api 
 headers={'User-Agent': 'python-requests/2.32.3', 'Accept-Encoding': 'gzip, deflate', 'Accept': '*/*', 'Connection': 'keep-alive'} 
 body=None 
 </msg>
<msg time="2024-06-27T06:20:58.996323" level="INFO">GET Response : url=https://randomuser.me/api 
 status=200, reason=OK 
 headers={'Date': 'Thu, 27 Jun 2024 06:20:58 GMT', 'Content-Type': 'application/json; charset=utf-8', 'Transfer-Encoding': 'chunked', 'Connection': 'keep-alive', 'X-Powered-By': 'Express', 'Access-Control-Allow-Origin': '*', 'Cache-Control': 'no-cache', 'ETag': 'W/"48f-o2XT9BBIyePsQSNrGdYJWZAwptQ"', 'Vary': 'Accept-Encoding', 'Content-Encoding': 'gzip', 'CF-Cache-Status': 'DYNAMIC', 'Report-To': '{"endpoints":[{"url":"https:\\/\\/a.nel.cloudflare.com\\/report\\/v4?s=OvwG0VA2qmrZDFqvuy5Nled0F%2BDwkRw7PIrSSDkEbhyS0sNbUJ5WRMPCKrSSr4y%2FgT2E%2BXaFOZjIMDRVdlshz%2BJ5ppbqOLrBRj8nOFK3Et6ZBKYGPhwkOhFLdlmRhXwh"}],"group":"cf-nel","max_age":604800}', 'NEL': '{"success_fraction":0,"report_to":"cf-nel","max_age":604800}', 'Server': 'cloudflare', 'CF-RAY': '89a355942a8220ae-IAD', 'alt-svc': 'h3=":443"; ma=86400'} 
 body={"results":[{"gender":"male","name":{"title":"Mr","first":"Rachit","last":"Chiplunkar"},"location":{"street":{"number":6982,"name":"Lindsay St"},"city":"Mirzapur","state":"Chhattisgarh","country":"India","postcode":48610,"coordinates":{"latitude":"11.5779","longitude":"-162.3270"},"timezone":{"offset":"+4:00","description":"Abu Dhabi, Muscat, Baku, Tbilisi"}},"email":"rachit.chiplunkar@example.com","login":{"uuid":"b39b7926-ce37-431a-8192-41c98982bbc8","username":"organicdog354","password":"beamer","salt":"W5mClfPW","md5":"906c3c4c2fe7c6b726592cffd678d030","sha1":"75640098570c6762db62f927c5e94195df9089cd","sha256":"d52b54219cfb6a008da95a38829c7d099e87609c1f85b9d48d5c65cb30ea2fe1"},"dob":{"date":"1950-06-22T22:51:45.787Z","age":74},"registered":{"date":"2017-06-19T01:25:25.925Z","age":7},"phone":"8551777546","cell":"9156534377","id":{"name":"UIDAI","value":"417989917051"},"picture":{"large":"https://randomuser.me/api/portraits/men/56.jpg","medium":"https://randomuser.me/api/portraits/med/men/56.jpg","thumbnail":"https://randomuser.me/api/portraits/thumb/men/56.jpg"},"nat":"IN"}],"info":{"seed":"60cb9f734606346e","results":1,"page":1,"version":"1.4"}} 
 </msg>
<msg time="2024-06-27T06:20:58.996407" level="INFO">/opt/hostedtoolcache/Python/3.12.4/x64/lib/python3.12/site-packages/urllib3/connectionpool.py:1099: InsecureRequestWarning: Unverified HTTPS request is being made to host 'randomuser.me'. Adding certificate verification is strongly advised. See: https://urllib3.readthedocs.io/en/latest/advanced-usage.html#tls-warnings
  warnings.warn(</msg>
<msg time="2024-06-27T06:20:58.996534" level="INFO">${response} = &lt;Response [200]&gt;</msg>
<var>${response}</var>
<arg>consultarAPI</arg>
<arg>/api</arg>
<doc>Sends a GET request on a previously created HTTP Session.</doc>
<status status="PASS" start="2024-06-27T06:20:58.901050" elapsed="0.095528"/>
</kw>
<kw name="Set Variable" owner="BuiltIn">
<msg time="2024-06-27T06:20:58.997943" level="INFO">${json_data} = {'results': [{'gender': 'male', 'name': {'title': 'Mr', 'first': 'Rachit', 'last': 'Chiplunkar'}, 'location': {'street': {'number': 6982, 'name': 'Lindsay St'}, 'city': 'Mirzapur', 'state': 'Chhattisg...</msg>
<var>${json_data}</var>
<arg>${response.json()}</arg>
<doc>Returns the given values which can then be assigned to a variables.</doc>
<status status="PASS" start="2024-06-27T06:20:58.997178" elapsed="0.000796"/>
</kw>
<kw name="Log" owner="BuiltIn">
<msg time="2024-06-27T06:20:58.998480" level="INFO">{'results': [{'gender': 'male', 'name': {'title': 'Mr', 'first': 'Rachit', 'last': 'Chiplunkar'}, 'location': {'street': {'number': 6982, 'name': 'Lindsay St'}, 'city': 'Mirzapur', 'state': 'Chhattisgarh', 'country': 'India', 'postcode': 48610, 'coordinates': {'latitude': '11.5779', 'longitude': '-162.3270'}, 'timezone': {'offset': '+4:00', 'description': 'Abu Dhabi, Muscat, Baku, Tbilisi'}}, 'email': 'rachit.chiplunkar@example.com', 'login': {'uuid': 'b39b7926-ce37-431a-8192-41c98982bbc8', 'username': 'organicdog354', 'password': 'beamer', 'salt': 'W5mClfPW', 'md5': '906c3c4c2fe7c6b726592cffd678d030', 'sha1': '75640098570c6762db62f927c5e94195df9089cd', 'sha256': 'd52b54219cfb6a008da95a38829c7d099e87609c1f85b9d48d5c65cb30ea2fe1'}, 'dob': {'date': '1950-06-22T22:51:45.787Z', 'age': 74}, 'registered': {'date': '2017-06-19T01:25:25.925Z', 'age': 7}, 'phone': '8551777546', 'cell': '9156534377', 'id': {'name': 'UIDAI', 'value': '417989917051'}, 'picture': {'large': 'https://randomuser.me/api/portraits/men/56.jpg', 'medium': 'https://randomuser.me/api/portraits/med/men/56.jpg', 'thumbnail': 'https://randomuser.me/api/portraits/thumb/men/56.jpg'}, 'nat': 'IN'}], 'info': {'seed': '60cb9f734606346e', 'results': 1, 'page': 1, 'version': '1.4'}}</msg>
<arg>${json_data}</arg>
<doc>Logs the given message with the given level.</doc>
<status status="PASS" start="2024-06-27T06:20:58.998316" elapsed="0.000213"/>
</kw>
<kw name="Should Be Equal As Numbers" owner="BuiltIn">
<arg>${json_data['results'][0]['location']['postcode']}</arg>
<arg>${json_data['results'][0]['location']['postcode']}</arg>
<doc>Fails if objects are unequal after converting them to real numbers.</doc>
<status status="PASS" start="2024-06-27T06:20:58.998820" elapsed="0.000620"/>
</kw>
<kw name="Log" owner="BuiltIn">
<msg time="2024-06-27T06:20:58.999997" level="INFO">48610</msg>
<arg>${json_data['results'][0]['location']['postcode']}</arg>
<doc>Logs the given message with the given level.</doc>
<status status="PASS" start="2024-06-27T06:20:58.999656" elapsed="0.000381"/>
</kw>
<status status="PASS" start="2024-06-27T06:20:58.900822" elapsed="0.099461"/>
</kw>
<doc>Testa se os tipos de dados na resposta da API estão corretos.</doc>
<tag>testeTiposDados</tag>
<status status="PASS" start="2024-06-27T06:20:58.817364" elapsed="0.183082"/>
</test>
<test id="s1-s1-t5" name="Validar conteudo" line="35">
<kw name="Teste de Tipos de Conteudo" owner="random-user-service">
<kw name="GET On Session" owner="RequestsLibrary">
<msg time="2024-06-27T06:20:59.092670" level="INFO">GET Request : url=https://randomuser.me/api 
 path_url=/api 
 headers={'User-Agent': 'python-requests/2.32.3', 'Accept-Encoding': 'gzip, deflate', 'Accept': '*/*', 'Connection': 'keep-alive'} 
 body=None 
 </msg>
<msg time="2024-06-27T06:20:59.092755" level="INFO">GET Response : url=https://randomuser.me/api 
 status=200, reason=OK 
 headers={'Date': 'Thu, 27 Jun 2024 06:20:59 GMT', 'Content-Type': 'application/json; charset=utf-8', 'Transfer-Encoding': 'chunked', 'Connection': 'keep-alive', 'X-Powered-By': 'Express', 'Access-Control-Allow-Origin': '*', 'Cache-Control': 'no-cache', 'ETag': 'W/"470-ieBujElxQH8khFU/shhEpWc16tM"', 'Vary': 'Accept-Encoding', 'Content-Encoding': 'gzip', 'CF-Cache-Status': 'DYNAMIC', 'Report-To': '{"endpoints":[{"url":"https:\\/\\/a.nel.cloudflare.com\\/report\\/v4?s=Rk5jYPp3LirWA%2FAKwgXBC4szoWb%2BNDKPdhyvEwVvDiFdIhOhQWp7j7H1l%2BQHTFBcQ%2F0EbccOerfpCVG%2FD%2BVBDR%2F73s%2FyTf%2FO9grvFDTLRcNZ8f7iemxnVLkyrPATqQW%2B"}],"group":"cf-nel","max_age":604800}', 'NEL': '{"success_fraction":0,"report_to":"cf-nel","max_age":604800}', 'Server': 'cloudflare', 'CF-RAY': '89a35594cb3f20ae-IAD', 'alt-svc': 'h3=":443"; ma=86400'} 
 body={"results":[{"gender":"male","name":{"title":"Mr","first":"Tidemann","last":"Hjelm"},"location":{"street":{"number":3264,"name":"Sarpsborggata"},"city":"Stranda","state":"Bergen","country":"Norway","postcode":"6876","coordinates":{"latitude":"44.1076","longitude":"-125.8668"},"timezone":{"offset":"-12:00","description":"Eniwetok, Kwajalein"}},"email":"tidemann.hjelm@example.com","login":{"uuid":"e505bc12-28c9-41fe-adb0-1dc3dd662218","username":"redbird194","password":"strike","salt":"lFYMh93l","md5":"0987a3dd5f9c683964edbc1054c6ea5c","sha1":"b71d853aac2eaa0ed3de6210aded8567404258d2","sha256":"bce1aaa96c32dddd14699469e69b932e5e11a1dc2bd5f787440034f546343647"},"dob":{"date":"1992-11-12T01:26:35.089Z","age":31},"registered":{"date":"2018-08-08T12:22:06.648Z","age":5},"phone":"88331105","cell":"42792823","id":{"name":"FN","value":"12119225742"},"picture":{"large":"https://randomuser.me/api/portraits/men/18.jpg","medium":"https://randomuser.me/api/portraits/med/men/18.jpg","thumbnail":"https://randomuser.me/api/portraits/thumb/men/18.jpg"},"nat":"NO"}],"info":{"seed":"0a3eb02c54c1bca3","results":1,"page":1,"version":"1.4"}} 
 </msg>
<msg time="2024-06-27T06:20:59.092844" level="INFO">/opt/hostedtoolcache/Python/3.12.4/x64/lib/python3.12/site-packages/urllib3/connectionpool.py:1099: InsecureRequestWarning: Unverified HTTPS request is being made to host 'randomuser.me'. Adding certificate verification is strongly advised. See: https://urllib3.readthedocs.io/en/latest/advanced-usage.html#tls-warnings
  warnings.warn(</msg>
<msg time="2024-06-27T06:20:59.092954" level="INFO">${response} = &lt;Response [200]&gt;</msg>
<var>${response}</var>
<arg>consultarAPI</arg>
<arg>/api</arg>
<doc>Sends a GET request on a previously created HTTP Session.</doc>
<status status="PASS" start="2024-06-27T06:20:59.003104" elapsed="0.089892"/>
</kw>
<kw name="Set Variable" owner="BuiltIn">
<msg time="2024-06-27T06:20:59.094339" level="INFO">${json_data} = {'results': [{'gender': 'male', 'name': {'title': 'Mr', 'first': 'Tidemann', 'last': 'Hjelm'}, 'location': {'street': {'number': 3264, 'name': 'Sarpsborggata'}, 'city': 'Stranda', 'state': 'Bergen', '...</msg>
<var>${json_data}</var>
<arg>${response.json()}</arg>
<doc>Returns the given values which can then be assigned to a variables.</doc>
<status status="PASS" start="2024-06-27T06:20:59.093642" elapsed="0.000727"/>
</kw>
<kw name="Set Variable" owner="BuiltIn">
<msg time="2024-06-27T06:20:59.095055" level="INFO">${name_title} = Mr</msg>
<var>${name_title}</var>
<arg>${json_data["results"][0]["name"]["title"]}</arg>
<doc>Returns the given values which can then be assigned to a variables.</doc>
<status status="PASS" start="2024-06-27T06:20:59.094677" elapsed="0.000403"/>
</kw>
<kw name="Create List" owner="BuiltIn">
<msg time="2024-06-27T06:20:59.095521" level="INFO">${allowed_titles} = ['Mr', 'Ms', 'Miss', 'Mrs', 'Madame', 'Monsieur']</msg>
<var>${allowed_titles}</var>
<arg>Mr</arg>
<arg>Ms</arg>
<arg>Miss</arg>
<arg>Mrs</arg>
<arg>Madame</arg>
<arg>Monsieur</arg>
<doc>Returns a list containing given items.</doc>
<status status="PASS" start="2024-06-27T06:20:59.095372" elapsed="0.000173"/>
</kw>
<kw name="List Should Contain Value" owner="Collections">
<arg>${allowed_titles}</arg>
<arg>${name_title}</arg>
<doc>Fails if the ``value`` is not found from ``list``.</doc>
<status status="PASS" start="2024-06-27T06:20:59.095838" elapsed="0.000183"/>
</kw>
<kw name="Set Variable" owner="BuiltIn">
<msg time="2024-06-27T06:20:59.096554" level="INFO">${name_country} = NO</msg>
<var>${name_country}</var>
<arg>${json_data["results"][0]["nat"]}</arg>
<doc>Returns the given values which can then be assigned to a variables.</doc>
<status status="PASS" start="2024-06-27T06:20:59.096195" elapsed="0.000384"/>
</kw>
<kw name="Create List" owner="BuiltIn">
<msg time="2024-06-27T06:20:59.097461" level="INFO">${list_country} = ['AD', 'AE', 'AF', 'AG', 'AI', 'AL', 'AM', 'AO', 'AQ', 'AR', 'AS', 'AT', 'AU', 'AW', 'AX', 'AZ', 'BA', 'BB', 'BD', 'BE', 'BF', 'BG', 'BH', 'BI', 'BJ', 'BL', 'BM', 'BN', 'BO', 'BQ', 'BR', 'BS', 'BT', '...</msg>
<var>${list_country}</var>
<arg>AD</arg>
<arg>AE</arg>
<arg>AF</arg>
<arg>AG</arg>
<arg>AI</arg>
<arg>AL</arg>
<arg>AM</arg>
<arg>AO</arg>
<arg>AQ</arg>
<arg>AR</arg>
<arg>AS</arg>
<arg>AT</arg>
<arg>AU</arg>
<arg>AW</arg>
<arg>AX</arg>
<arg>AZ</arg>
<arg>BA</arg>
<arg>BB</arg>
<arg>BD</arg>
<arg>BE</arg>
<arg>BF</arg>
<arg>BG</arg>
<arg>BH</arg>
<arg>BI</arg>
<arg>BJ</arg>
<arg>BL</arg>
<arg>BM</arg>
<arg>BN</arg>
<arg>BO</arg>
<arg>BQ</arg>
<arg>BR</arg>
<arg>BS</arg>
<arg>BT</arg>
<arg>BV</arg>
<arg>BW</arg>
<arg>BY</arg>
<arg>BZ</arg>
<arg>CA</arg>
<arg>CC</arg>
<arg>CD</arg>
<arg>CF</arg>
<arg>CG</arg>
<arg>CH</arg>
<arg>CI</arg>
<arg>CK</arg>
<arg>CL</arg>
<arg>CM</arg>
<arg>CN</arg>
<arg>CO</arg>
<arg>CR</arg>
<arg>CU</arg>
<arg>CV</arg>
<arg>CW</arg>
<arg>CX</arg>
<arg>CY</arg>
<arg>CZ</arg>
<arg>DE</arg>
<arg>DJ</arg>
<arg>DK</arg>
<arg>DM</arg>
<arg>DO</arg>
<arg>DZ</arg>
<arg>EC</arg>
<arg>EE</arg>
<arg>EG</arg>
<arg>EH</arg>
<arg>ER</arg>
<arg>ES</arg>
<arg>ET</arg>
<arg>FI</arg>
<arg>FJ</arg>
<arg>FK</arg>
<arg>FM</arg>
<arg>FO</arg>
<arg>FR</arg>
<arg>GA</arg>
<arg>GB</arg>
<arg>GD</arg>
<arg>GE</arg>
<arg>GF</arg>
<arg>GG</arg>
<arg>GH</arg>
<arg>GI</arg>
<arg>GL</arg>
<arg>GM</arg>
<arg>GN</arg>
<arg>GP</arg>
<arg>GQ</arg>
<arg>GR</arg>
<arg>GS</arg>
<arg>GT</arg>
<arg>GU</arg>
<arg>GW</arg>
<arg>GY</arg>
<arg>HK</arg>
<arg>HM</arg>
<arg>HN</arg>
<arg>HR</arg>
<arg>HT</arg>
<arg>HU</arg>
<arg>ID</arg>
<arg>IE</arg>
<arg>IL</arg>
<arg>IM</arg>
<arg>IN</arg>
<arg>IO</arg>
<arg>IQ</arg>
<arg>IR</arg>
<arg>IS</arg>
<arg>IT</arg>
<arg>JE</arg>
<arg>JM</arg>
<arg>JO</arg>
<arg>JP</arg>
<arg>KE</arg>
<arg>KG</arg>
<arg>KH</arg>
<arg>KI</arg>
<arg>KM</arg>
<arg>KN</arg>
<arg>KP</arg>
<arg>KR</arg>
<arg>KW</arg>
<arg>KY</arg>
<arg>KZ</arg>
<arg>LA</arg>
<arg>LB</arg>
<arg>LC</arg>
<arg>LI</arg>
<arg>LK</arg>
<arg>LR</arg>
<arg>LS</arg>
<arg>LT</arg>
<arg>LU</arg>
<arg>LV</arg>
<arg>LY</arg>
<arg>MA</arg>
<arg>MC</arg>
<arg>MD</arg>
<arg>ME</arg>
<arg>MF</arg>
<arg>MG</arg>
<arg>MH</arg>
<arg>MK</arg>
<arg>ML</arg>
<arg>MM</arg>
<arg>MN</arg>
<arg>MO</arg>
<arg>MP</arg>
<arg>MQ</arg>
<arg>MR</arg>
<arg>MS</arg>
<arg>MT</arg>
<arg>MU</arg>
<arg>MV</arg>
<arg>MW</arg>
<arg>MX</arg>
<arg>MY</arg>
<arg>MZ</arg>
<arg>NA</arg>
<arg>NC</arg>
<arg>NE</arg>
<arg>NF</arg>
<arg>NG</arg>
<arg>NI</arg>
<arg>NL</arg>
<arg>NO</arg>
<arg>NP</arg>
<arg>NR</arg>
<arg>NU</arg>
<arg>NZ</arg>
<arg>OM</arg>
<arg>PA</arg>
<arg>PE</arg>
<arg>PF</arg>
<arg>PG</arg>
<arg>PH</arg>
<arg>PK</arg>
<arg>PL</arg>
<arg>PM</arg>
<arg>PN</arg>
<arg>PR</arg>
<arg>PS</arg>
<arg>PT</arg>
<arg>PW</arg>
<arg>PY</arg>
<arg>QA</arg>
<arg>RE</arg>
<arg>RO</arg>
<arg>RS</arg>
<arg>RU</arg>
<arg>RW</arg>
<arg>SA</arg>
<arg>SB</arg>
<arg>SC</arg>
<arg>SD</arg>
<arg>SE</arg>
<arg>SG</arg>
<arg>SH</arg>
<arg>SI</arg>
<arg>SJ</arg>
<arg>SK</arg>
<arg>SL</arg>
<arg>SM</arg>
<arg>SN</arg>
<arg>SO</arg>
<arg>SR</arg>
<arg>SS</arg>
<arg>ST</arg>
<arg>SV</arg>
<arg>SX</arg>
<arg>SY</arg>
<arg>SZ</arg>
<arg>TC</arg>
<arg>TD</arg>
<arg>TF</arg>
<arg>TG</arg>
<arg>TH</arg>
<arg>TJ</arg>
<arg>TK</arg>
<arg>TL</arg>
<arg>TM</arg>
<arg>TN</arg>
<arg>TO</arg>
<arg>TR</arg>
<arg>TT</arg>
<arg>TV</arg>
<arg>TW</arg>
<arg>TZ</arg>
<arg>UA</arg>
<arg>UG</arg>
<arg>UM</arg>
<arg>US</arg>
<arg>UY</arg>
<arg>UZ</arg>
<arg>VA</arg>
<arg>VC</arg>
<arg>VE</arg>
<arg>VG</arg>
<arg>VI</arg>
<arg>VN</arg>
<arg>VU</arg>
<arg>WF</arg>
<arg>WS</arg>
<arg>XK</arg>
<arg>YE</arg>
<arg>YT</arg>
<arg>ZA</arg>
<arg>ZM</arg>
<arg>ZW</arg>
<doc>Returns a list containing given items.</doc>
<status status="PASS" start="2024-06-27T06:20:59.096869" elapsed="0.000617"/>
</kw>
<kw name="List Should Contain Value" owner="Collections">
<arg>${list_country}</arg>
<arg>${name_country}</arg>
<doc>Fails if the ``value`` is not found from ``list``.</doc>
<status status="PASS" start="2024-06-27T06:20:59.098308" elapsed="0.000208"/>
</kw>
<kw name="Run Keyword If" owner="BuiltIn">
<kw name="Should Be True" owner="BuiltIn">
<arg>${True}</arg>
<doc>Fails if the given condition is not true.</doc>
<status status="PASS" start="2024-06-27T06:20:59.099454" elapsed="0.000139"/>
</kw>
<arg>${json_data["results"][0]["location"]["coordinates"]["latitude"]} &gt;= -90 and ${json_data["results"][0]["location"]["coordinates"]["latitude"]} &lt;= 90</arg>
<arg>Should Be True</arg>
<arg>${True}</arg>
<doc>Runs the given keyword with the given arguments, if ``condition`` is true.</doc>
<status status="PASS" start="2024-06-27T06:20:59.098711" elapsed="0.001007"/>
</kw>
<kw name="Run Keyword If" owner="BuiltIn">
<kw name="Should Be True" owner="BuiltIn">
<arg>${True}</arg>
<doc>Fails if the given condition is not true.</doc>
<status status="PASS" start="2024-06-27T06:20:59.100578" elapsed="0.000135"/>
</kw>
<arg>${json_data["results"][0]["location"]["coordinates"]["longitude"]} &gt;= -180 and ${json_data["results"][0]["location"]["coordinates"]["longitude"]} &lt;= 180</arg>
<arg>Should Be True</arg>
<arg>${True}</arg>
<doc>Runs the given keyword with the given arguments, if ``condition`` is true.</doc>
<status status="PASS" start="2024-06-27T06:20:59.099894" elapsed="0.000941"/>
</kw>
<status status="PASS" start="2024-06-27T06:20:59.002756" elapsed="0.098208"/>
</kw>
<doc>Testa o conteúdo específico dos campos retornados pela API.</doc>
<tag>testeConteudo</tag>
<status status="PASS" start="2024-06-27T06:20:59.002191" elapsed="0.098917"/>
</test>
<status status="PASS" start="2024-06-27T06:20:58.133318" elapsed="0.969786"/>
</suite>
<status status="PASS" start="2024-06-27T06:20:58.119029" elapsed="0.989272"/>
</suite>
<statistics>
<total>
<stat pass="5" fail="0" skip="0">All Tests</stat>
</total>
<tag>
<stat pass="1" fail="0" skip="0">testeConteudo</stat>
<stat pass="1" fail="0" skip="0">testeEstruturaResposta</stat>
<stat pass="1" fail="0" skip="0">testeRequisicaoBasica</stat>
<stat pass="1" fail="0" skip="0">testeTiposDados</stat>
</tag>
<suite>
<stat pass="5" fail="0" skip="0" id="s1" name="Tests">Tests</stat>
<stat pass="5" fail="0" skip="0" id="s1-s1" name="Random-User-Test">Tests.Random-User-Test</stat>
</suite>
</statistics>
<errors>
</errors>
</robot>
