<?xml version="1.0" encoding="UTF-8"?>
<robot generator="Robot 7.0.1 (Python 3.12.4 on linux)" generated="2024-07-24T20:15:54.827178" rpa="false" schemaversion="5">
<suite id="s1" name="Tests" source="/home/runner/work/ApiRandomUser/ApiRandomUser/RamdonUser/tests">
<suite id="s1-s1" name="Random-User-Test" source="/home/runner/work/ApiRandomUser/ApiRandomUser/RamdonUser/tests/random-user-test.robot">
<test id="s1-s1-t1" name="Conectar" line="13">
<kw name="Conectar API" owner="random-user-service">
<kw name="Create Session" owner="RequestsLibrary">
<msg time="2024-07-24T20:15:55.222663" level="INFO">Creating Session using : alias=consultarAPI, url=https://randomuser.me/, headers={},                     cookies={}, auth=None, timeout=None, proxies=None, verify=False,                     debug=0 </msg>
<arg>consultarAPI</arg>
<arg>${URL}</arg>
<doc>Create Session: create a HTTP session to a server</doc>
<status status="PASS" start="2024-07-24T20:15:55.222474" elapsed="0.000355"/>
</kw>
<status status="PASS" start="2024-07-24T20:15:55.221484" elapsed="0.001682"/>
</kw>
<status status="PASS" start="2024-07-24T20:15:55.220956" elapsed="0.002405"/>
</test>
<test id="s1-s1-t2" name="Validar retorno 200 e JSON Válido" line="16">
<kw name="Teste de Requisicao Basica" owner="random-user-service">
<kw name="GET On Session" owner="RequestsLibrary">
<msg time="2024-07-24T20:15:55.423722" level="INFO">GET Request : url=https://randomuser.me/api 
 path_url=/api 
 headers={'User-Agent': 'python-requests/2.32.3', 'Accept-Encoding': 'gzip, deflate', 'Accept': '*/*', 'Connection': 'keep-alive'} 
 body=None 
 </msg>
<msg time="2024-07-24T20:15:55.423902" level="INFO">GET Response : url=https://randomuser.me/api 
 status=200, reason=OK 
 headers={'Date': 'Wed, 24 Jul 2024 20:15:55 GMT', 'Content-Type': 'application/json; charset=utf-8', 'Transfer-Encoding': 'chunked', 'Connection': 'keep-alive', 'X-Powered-By': 'Express', 'Access-Control-Allow-Origin': '*', 'Cache-Control': 'no-cache', 'ETag': 'W/"470-SN9E8aAEKmqcC3ONXZixmEohYbc"', 'Vary': 'Accept-Encoding', 'Content-Encoding': 'gzip', 'CF-Cache-Status': 'DYNAMIC', 'Report-To': '{"endpoints":[{"url":"https:\\/\\/a.nel.cloudflare.com\\/report\\/v4?s=qx5DqqyiOSgC5H%2FkboCdDdQddgMU9%2Bz66auCK9d5kMR%2FZy38qF%2BeWuH41NWf7Tg%2BS6bExcuFwn0%2BpPiQgbiWS6mwkY%2BF3wsQjjpYTunn3A%2BKLsY4fLU3zfsUxoK%2BnzBk"}],"group":"cf-nel","max_age":604800}', 'NEL': '{"success_fraction":0,"report_to":"cf-nel","max_age":604800}', 'Server': 'cloudflare', 'CF-RAY': '8a8695c30b2061c0-ORD', 'alt-svc': 'h3=":443"; ma=86400'} 
 body={"results":[{"gender":"male","name":{"title":"Mr","first":"Charles","last":"Wong"},"location":{"street":{"number":8070,"name":"3rd St"},"city":"Winfield","state":"New Brunswick","country":"Canada","postcode":"E0U 3S8","coordinates":{"latitude":"-65.7465","longitude":"-77.8435"},"timezone":{"offset":"-9:00","description":"Alaska"}},"email":"charles.wong@example.com","login":{"uuid":"3f1c1f4f-61e6-41b3-8579-6ffeb0dec410","username":"heavymeercat483","password":"ferrari1","salt":"xg5xhTnG","md5":"41f54b473f555f04558f70eb71b65fea","sha1":"d467ff1f104c8ed5fef542ed2feccada04ad6f35","sha256":"b90ce40a1bbd88cb84a36a9a925c21817a4d93ffad8bcfec648680a25e08545a"},"dob":{"date":"2001-01-07T23:49:23.003Z","age":23},"registered":{"date":"2021-12-19T11:56:10.359Z","age":2},"phone":"T08 X72-0041","cell":"P73 G61-4404","id":{"name":"SIN","value":"216978080"},"picture":{"large":"https://randomuser.me/api/portraits/men/87.jpg","medium":"https://randomuser.me/api/portraits/med/men/87.jpg","thumbnail":"https://randomuser.me/api/portraits/thumb/men/87.jpg"},"nat":"CA"}],"info":{"seed":"4a208848676854e3","results":1,"page":1,"version":"1.4"}} 
 </msg>
<msg time="2024-07-24T20:15:55.424013" level="INFO">/opt/hostedtoolcache/Python/3.12.4/x64/lib/python3.12/site-packages/urllib3/connectionpool.py:1099: InsecureRequestWarning: Unverified HTTPS request is being made to host 'randomuser.me'. Adding certificate verification is strongly advised. See: https://urllib3.readthedocs.io/en/latest/advanced-usage.html#tls-warnings
  warnings.warn(</msg>
<msg time="2024-07-24T20:15:55.424181" level="INFO">${response} = &lt;Response [200]&gt;</msg>
<var>${response}</var>
<arg>consultarAPI</arg>
<arg>/api</arg>
<doc>Sends a GET request on a previously created HTTP Session.</doc>
<status status="PASS" start="2024-07-24T20:15:55.225921" elapsed="0.198308"/>
</kw>
<kw name="Should Be Equal As Numbers" owner="BuiltIn">
<msg time="2024-07-24T20:15:55.425501" level="INFO">Argument types are:
&lt;class 'int'&gt;
&lt;class 'str'&gt;</msg>
<arg>${response.status_code}</arg>
<arg>200</arg>
<doc>Fails if objects are unequal after converting them to real numbers.</doc>
<status status="PASS" start="2024-07-24T20:15:55.424847" elapsed="0.000747"/>
</kw>
<kw name="Log" owner="BuiltIn">
<msg time="2024-07-24T20:15:55.426722" level="INFO">200</msg>
<arg>${response.status_code}</arg>
<doc>Logs the given message with the given level.</doc>
<status status="PASS" start="2024-07-24T20:15:55.426088" elapsed="0.000698"/>
</kw>
<kw name="Set Variable" owner="BuiltIn">
<msg time="2024-07-24T20:15:55.427976" level="INFO">${json_data} = {'results': [{'gender': 'male', 'name': {'title': 'Mr', 'first': 'Charles', 'last': 'Wong'}, 'location': {'street': {'number': 8070, 'name': '3rd St'}, 'city': 'Winfield', 'state': 'New Brunswick', 'c...</msg>
<var>${json_data}</var>
<arg>${response.json()}</arg>
<doc>Returns the given values which can then be assigned to a variables.</doc>
<status status="PASS" start="2024-07-24T20:15:55.427261" elapsed="0.000767"/>
</kw>
<kw name="Dictionary Should Contain Key" owner="Collections">
<arg>${json_data}</arg>
<arg>results</arg>
<doc>Fails if ``key`` is not found from ``dictionary``.</doc>
<status status="PASS" start="2024-07-24T20:15:55.428523" elapsed="0.000453"/>
</kw>
<status status="PASS" start="2024-07-24T20:15:55.225679" elapsed="0.203555"/>
</kw>
<doc>Testa se a API responde corretamente e retorna um objeto JSON válido.</doc>
<tag>testeRequisicaoBasica</tag>
<status status="PASS" start="2024-07-24T20:15:55.225204" elapsed="0.204331"/>
</test>
<test id="s1-s1-t3" name="Validar estrutura de resposta" line="22">
<kw name="Teste de Estrutura de Resposta" owner="random-user-service">
<kw name="GET On Session" owner="RequestsLibrary">
<msg time="2024-07-24T20:15:55.522304" level="INFO">GET Request : url=https://randomuser.me/api 
 path_url=/api 
 headers={'User-Agent': 'python-requests/2.32.3', 'Accept-Encoding': 'gzip, deflate', 'Accept': '*/*', 'Connection': 'keep-alive'} 
 body=None 
 </msg>
<msg time="2024-07-24T20:15:55.522385" level="INFO">GET Response : url=https://randomuser.me/api 
 status=200, reason=OK 
 headers={'Date': 'Wed, 24 Jul 2024 20:15:55 GMT', 'Content-Type': 'application/json; charset=utf-8', 'Transfer-Encoding': 'chunked', 'Connection': 'keep-alive', 'X-Powered-By': 'Express', 'Access-Control-Allow-Origin': '*', 'Cache-Control': 'no-cache', 'ETag': 'W/"48b-D8oyJMJSy4OIBkr7dwiPn1bMzkM"', 'Vary': 'Accept-Encoding', 'Content-Encoding': 'gzip', 'CF-Cache-Status': 'DYNAMIC', 'Report-To': '{"endpoints":[{"url":"https:\\/\\/a.nel.cloudflare.com\\/report\\/v4?s=tik0zRfYPK5EDf4WUV0alA9lSjbOYrmZy55pGAGDvd1CqxtQj9vwvkCNzh7gidNF5ikSW%2BYliu4sFS11wCWg9dFI2NvvmFVKm65sTmY4K%2FxVPKtvgQtveefNLtqpMT%2F0"}],"group":"cf-nel","max_age":604800}', 'NEL': '{"success_fraction":0,"report_to":"cf-nel","max_age":604800}', 'Server': 'cloudflare', 'CF-RAY': '8a8695c37ba561c0-ORD', 'alt-svc': 'h3=":443"; ma=86400'} 
 body={"results":[{"gender":"female","name":{"title":"Ms","first":"Melissa","last":"Ramirez"},"location":{"street":{"number":3858,"name":"Stevens Creek Blvd"},"city":"Tweed","state":"New South Wales","country":"Australia","postcode":847,"coordinates":{"latitude":"-81.9559","longitude":"16.0861"},"timezone":{"offset":"+9:30","description":"Adelaide, Darwin"}},"email":"melissa.ramirez@example.com","login":{"uuid":"bbee6ce3-1203-4a36-93c4-f91296caf903","username":"brownwolf612","password":"sheila","salt":"icmQmxxo","md5":"f2c142d8e5bd14a3ed6ba4f63bc4d48b","sha1":"2973c33e7fae39b747e1162085649c99749aacd7","sha256":"826ea480ceb4fb6d278c27ce0e06a01118e4509b5abe87d6ffcc71ef943df260"},"dob":{"date":"1950-11-08T07:48:01.956Z","age":73},"registered":{"date":"2005-08-21T13:29:16.330Z","age":18},"phone":"04-7695-0238","cell":"0439-835-227","id":{"name":"TFN","value":"564240442"},"picture":{"large":"https://randomuser.me/api/portraits/women/57.jpg","medium":"https://randomuser.me/api/portraits/med/women/57.jpg","thumbnail":"https://randomuser.me/api/portraits/thumb/women/57.jpg"},"nat":"AU"}],"info":{"seed":"aa3716c642a76fde","results":1,"page":1,"version":"1.4"}} 
 </msg>
<msg time="2024-07-24T20:15:55.522498" level="INFO">/opt/hostedtoolcache/Python/3.12.4/x64/lib/python3.12/site-packages/urllib3/connectionpool.py:1099: InsecureRequestWarning: Unverified HTTPS request is being made to host 'randomuser.me'. Adding certificate verification is strongly advised. See: https://urllib3.readthedocs.io/en/latest/advanced-usage.html#tls-warnings
  warnings.warn(</msg>
<msg time="2024-07-24T20:15:55.522627" level="INFO">${response} = &lt;Response [200]&gt;</msg>
<var>${response}</var>
<arg>consultarAPI</arg>
<arg>/api</arg>
<doc>Sends a GET request on a previously created HTTP Session.</doc>
<status status="PASS" start="2024-07-24T20:15:55.433329" elapsed="0.089349"/>
</kw>
<kw name="Set Variable" owner="BuiltIn">
<msg time="2024-07-24T20:15:55.523730" level="INFO">${json_data} = {'results': [{'gender': 'female', 'name': {'title': 'Ms', 'first': 'Melissa', 'last': 'Ramirez'}, 'location': {'street': {'number': 3858, 'name': 'Stevens Creek Blvd'}, 'city': 'Tweed', 'state': 'New ...</msg>
<var>${json_data}</var>
<arg>${response.json()}</arg>
<doc>Returns the given values which can then be assigned to a variables.</doc>
<status status="PASS" start="2024-07-24T20:15:55.523168" elapsed="0.000591"/>
</kw>
<kw name="Log" owner="BuiltIn">
<msg time="2024-07-24T20:15:55.524229" level="INFO">{'results': [{'gender': 'female', 'name': {'title': 'Ms', 'first': 'Melissa', 'last': 'Ramirez'}, 'location': {'street': {'number': 3858, 'name': 'Stevens Creek Blvd'}, 'city': 'Tweed', 'state': 'New South Wales', 'country': 'Australia', 'postcode': 847, 'coordinates': {'latitude': '-81.9559', 'longitude': '16.0861'}, 'timezone': {'offset': '+9:30', 'description': 'Adelaide, Darwin'}}, 'email': 'melissa.ramirez@example.com', 'login': {'uuid': 'bbee6ce3-1203-4a36-93c4-f91296caf903', 'username': 'brownwolf612', 'password': 'sheila', 'salt': 'icmQmxxo', 'md5': 'f2c142d8e5bd14a3ed6ba4f63bc4d48b', 'sha1': '2973c33e7fae39b747e1162085649c99749aacd7', 'sha256': '826ea480ceb4fb6d278c27ce0e06a01118e4509b5abe87d6ffcc71ef943df260'}, 'dob': {'date': '1950-11-08T07:48:01.956Z', 'age': 73}, 'registered': {'date': '2005-08-21T13:29:16.330Z', 'age': 18}, 'phone': '04-7695-0238', 'cell': '0439-835-227', 'id': {'name': 'TFN', 'value': '564240442'}, 'picture': {'large': 'https://randomuser.me/api/portraits/women/57.jpg', 'medium': 'https://randomuser.me/api/portraits/med/women/57.jpg', 'thumbnail': 'https://randomuser.me/api/portraits/thumb/women/57.jpg'}, 'nat': 'AU'}], 'info': {'seed': 'aa3716c642a76fde', 'results': 1, 'page': 1, 'version': '1.4'}}</msg>
<arg>${json_data}</arg>
<doc>Logs the given message with the given level.</doc>
<status status="PASS" start="2024-07-24T20:15:55.524068" elapsed="0.000209"/>
</kw>
<kw name="Dictionary Should Contain Key" owner="Collections">
<arg>${json_data}</arg>
<arg>results</arg>
<doc>Fails if ``key`` is not found from ``dictionary``.</doc>
<status status="PASS" start="2024-07-24T20:15:55.524574" elapsed="0.000159"/>
</kw>
<kw name="Should Not Be Empty" owner="BuiltIn">
<msg time="2024-07-24T20:15:55.525085" level="INFO">Length is 2.</msg>
<arg>${json_data}</arg>
<doc>Verifies that the given item is not empty.</doc>
<status status="PASS" start="2024-07-24T20:15:55.524918" elapsed="0.000208"/>
</kw>
<kw name="Create List" owner="BuiltIn">
<msg time="2024-07-24T20:15:55.525572" level="INFO">${expected_keys} = ['gender', 'name', 'location', 'email', 'login']</msg>
<var>${expected_keys}</var>
<arg>gender</arg>
<arg>name</arg>
<arg>location</arg>
<arg>email</arg>
<arg>login</arg>
<doc>Returns a list containing given items.</doc>
<status status="PASS" start="2024-07-24T20:15:55.525419" elapsed="0.000177"/>
</kw>
<for flavor="IN">
<iter>
<kw name="Dictionary Should Contain Key" owner="Collections">
<arg>${json_data['results'][0]}</arg>
<arg>${key}</arg>
<doc>Fails if ``key`` is not found from ``dictionary``.</doc>
<status status="PASS" start="2024-07-24T20:15:55.526181" elapsed="0.000418"/>
</kw>
<kw name="Log" owner="BuiltIn">
<msg time="2024-07-24T20:15:55.527154" level="INFO">{'gender': 'female', 'name': {'title': 'Ms', 'first': 'Melissa', 'last': 'Ramirez'}, 'location': {'street': {'number': 3858, 'name': 'Stevens Creek Blvd'}, 'city': 'Tweed', 'state': 'New South Wales', 'country': 'Australia', 'postcode': 847, 'coordinates': {'latitude': '-81.9559', 'longitude': '16.0861'}, 'timezone': {'offset': '+9:30', 'description': 'Adelaide, Darwin'}}, 'email': 'melissa.ramirez@example.com', 'login': {'uuid': 'bbee6ce3-1203-4a36-93c4-f91296caf903', 'username': 'brownwolf612', 'password': 'sheila', 'salt': 'icmQmxxo', 'md5': 'f2c142d8e5bd14a3ed6ba4f63bc4d48b', 'sha1': '2973c33e7fae39b747e1162085649c99749aacd7', 'sha256': '826ea480ceb4fb6d278c27ce0e06a01118e4509b5abe87d6ffcc71ef943df260'}, 'dob': {'date': '1950-11-08T07:48:01.956Z', 'age': 73}, 'registered': {'date': '2005-08-21T13:29:16.330Z', 'age': 18}, 'phone': '04-7695-0238', 'cell': '0439-835-227', 'id': {'name': 'TFN', 'value': '564240442'}, 'picture': {'large': 'https://randomuser.me/api/portraits/women/57.jpg', 'medium': 'https://randomuser.me/api/portraits/med/women/57.jpg', 'thumbnail': 'https://randomuser.me/api/portraits/thumb/women/57.jpg'}, 'nat': 'AU'}</msg>
<arg>${json_data['results'][0]}</arg>
<doc>Logs the given message with the given level.</doc>
<status status="PASS" start="2024-07-24T20:15:55.526787" elapsed="0.000414"/>
</kw>
<kw name="Log" owner="BuiltIn">
<msg time="2024-07-24T20:15:55.527700" level="INFO">gender</msg>
<arg>${key}</arg>
<doc>Logs the given message with the given level.</doc>
<status status="PASS" start="2024-07-24T20:15:55.527562" elapsed="0.000177"/>
</kw>
<var name="${key}">gender</var>
<status status="PASS" start="2024-07-24T20:15:55.526054" elapsed="0.001908"/>
</iter>
<iter>
<kw name="Dictionary Should Contain Key" owner="Collections">
<arg>${json_data['results'][0]}</arg>
<arg>${key}</arg>
<doc>Fails if ``key`` is not found from ``dictionary``.</doc>
<status status="PASS" start="2024-07-24T20:15:55.528259" elapsed="0.000392"/>
</kw>
<kw name="Log" owner="BuiltIn">
<msg time="2024-07-24T20:15:55.529220" level="INFO">{'gender': 'female', 'name': {'title': 'Ms', 'first': 'Melissa', 'last': 'Ramirez'}, 'location': {'street': {'number': 3858, 'name': 'Stevens Creek Blvd'}, 'city': 'Tweed', 'state': 'New South Wales', 'country': 'Australia', 'postcode': 847, 'coordinates': {'latitude': '-81.9559', 'longitude': '16.0861'}, 'timezone': {'offset': '+9:30', 'description': 'Adelaide, Darwin'}}, 'email': 'melissa.ramirez@example.com', 'login': {'uuid': 'bbee6ce3-1203-4a36-93c4-f91296caf903', 'username': 'brownwolf612', 'password': 'sheila', 'salt': 'icmQmxxo', 'md5': 'f2c142d8e5bd14a3ed6ba4f63bc4d48b', 'sha1': '2973c33e7fae39b747e1162085649c99749aacd7', 'sha256': '826ea480ceb4fb6d278c27ce0e06a01118e4509b5abe87d6ffcc71ef943df260'}, 'dob': {'date': '1950-11-08T07:48:01.956Z', 'age': 73}, 'registered': {'date': '2005-08-21T13:29:16.330Z', 'age': 18}, 'phone': '04-7695-0238', 'cell': '0439-835-227', 'id': {'name': 'TFN', 'value': '564240442'}, 'picture': {'large': 'https://randomuser.me/api/portraits/women/57.jpg', 'medium': 'https://randomuser.me/api/portraits/med/women/57.jpg', 'thumbnail': 'https://randomuser.me/api/portraits/thumb/women/57.jpg'}, 'nat': 'AU'}</msg>
<arg>${json_data['results'][0]}</arg>
<doc>Logs the given message with the given level.</doc>
<status status="PASS" start="2024-07-24T20:15:55.528834" elapsed="0.000469"/>
</kw>
<kw name="Log" owner="BuiltIn">
<msg time="2024-07-24T20:15:55.529742" level="INFO">name</msg>
<arg>${key}</arg>
<doc>Logs the given message with the given level.</doc>
<status status="PASS" start="2024-07-24T20:15:55.529613" elapsed="0.000168"/>
</kw>
<var name="${key}">name</var>
<status status="PASS" start="2024-07-24T20:15:55.528147" elapsed="0.001852"/>
</iter>
<iter>
<kw name="Dictionary Should Contain Key" owner="Collections">
<arg>${json_data['results'][0]}</arg>
<arg>${key}</arg>
<doc>Fails if ``key`` is not found from ``dictionary``.</doc>
<status status="PASS" start="2024-07-24T20:15:55.530282" elapsed="0.000379"/>
</kw>
<kw name="Log" owner="BuiltIn">
<msg time="2024-07-24T20:15:55.531201" level="INFO">{'gender': 'female', 'name': {'title': 'Ms', 'first': 'Melissa', 'last': 'Ramirez'}, 'location': {'street': {'number': 3858, 'name': 'Stevens Creek Blvd'}, 'city': 'Tweed', 'state': 'New South Wales', 'country': 'Australia', 'postcode': 847, 'coordinates': {'latitude': '-81.9559', 'longitude': '16.0861'}, 'timezone': {'offset': '+9:30', 'description': 'Adelaide, Darwin'}}, 'email': 'melissa.ramirez@example.com', 'login': {'uuid': 'bbee6ce3-1203-4a36-93c4-f91296caf903', 'username': 'brownwolf612', 'password': 'sheila', 'salt': 'icmQmxxo', 'md5': 'f2c142d8e5bd14a3ed6ba4f63bc4d48b', 'sha1': '2973c33e7fae39b747e1162085649c99749aacd7', 'sha256': '826ea480ceb4fb6d278c27ce0e06a01118e4509b5abe87d6ffcc71ef943df260'}, 'dob': {'date': '1950-11-08T07:48:01.956Z', 'age': 73}, 'registered': {'date': '2005-08-21T13:29:16.330Z', 'age': 18}, 'phone': '04-7695-0238', 'cell': '0439-835-227', 'id': {'name': 'TFN', 'value': '564240442'}, 'picture': {'large': 'https://randomuser.me/api/portraits/women/57.jpg', 'medium': 'https://randomuser.me/api/portraits/med/women/57.jpg', 'thumbnail': 'https://randomuser.me/api/portraits/thumb/women/57.jpg'}, 'nat': 'AU'}</msg>
<arg>${json_data['results'][0]}</arg>
<doc>Logs the given message with the given level.</doc>
<status status="PASS" start="2024-07-24T20:15:55.530849" elapsed="0.000402"/>
</kw>
<kw name="Log" owner="BuiltIn">
<msg time="2024-07-24T20:15:55.531675" level="INFO">location</msg>
<arg>${key}</arg>
<doc>Logs the given message with the given level.</doc>
<status status="PASS" start="2024-07-24T20:15:55.531548" elapsed="0.000164"/>
</kw>
<var name="${key}">location</var>
<status status="PASS" start="2024-07-24T20:15:55.530176" elapsed="0.001753"/>
</iter>
<iter>
<kw name="Dictionary Should Contain Key" owner="Collections">
<arg>${json_data['results'][0]}</arg>
<arg>${key}</arg>
<doc>Fails if ``key`` is not found from ``dictionary``.</doc>
<status status="PASS" start="2024-07-24T20:15:55.532205" elapsed="0.000376"/>
</kw>
<kw name="Log" owner="BuiltIn">
<msg time="2024-07-24T20:15:55.533257" level="INFO">{'gender': 'female', 'name': {'title': 'Ms', 'first': 'Melissa', 'last': 'Ramirez'}, 'location': {'street': {'number': 3858, 'name': 'Stevens Creek Blvd'}, 'city': 'Tweed', 'state': 'New South Wales', 'country': 'Australia', 'postcode': 847, 'coordinates': {'latitude': '-81.9559', 'longitude': '16.0861'}, 'timezone': {'offset': '+9:30', 'description': 'Adelaide, Darwin'}}, 'email': 'melissa.ramirez@example.com', 'login': {'uuid': 'bbee6ce3-1203-4a36-93c4-f91296caf903', 'username': 'brownwolf612', 'password': 'sheila', 'salt': 'icmQmxxo', 'md5': 'f2c142d8e5bd14a3ed6ba4f63bc4d48b', 'sha1': '2973c33e7fae39b747e1162085649c99749aacd7', 'sha256': '826ea480ceb4fb6d278c27ce0e06a01118e4509b5abe87d6ffcc71ef943df260'}, 'dob': {'date': '1950-11-08T07:48:01.956Z', 'age': 73}, 'registered': {'date': '2005-08-21T13:29:16.330Z', 'age': 18}, 'phone': '04-7695-0238', 'cell': '0439-835-227', 'id': {'name': 'TFN', 'value': '564240442'}, 'picture': {'large': 'https://randomuser.me/api/portraits/women/57.jpg', 'medium': 'https://randomuser.me/api/portraits/med/women/57.jpg', 'thumbnail': 'https://randomuser.me/api/portraits/thumb/women/57.jpg'}, 'nat': 'AU'}</msg>
<arg>${json_data['results'][0]}</arg>
<doc>Logs the given message with the given level.</doc>
<status status="PASS" start="2024-07-24T20:15:55.532874" elapsed="0.000433"/>
</kw>
<kw name="Log" owner="BuiltIn">
<msg time="2024-07-24T20:15:55.533737" level="INFO">email</msg>
<arg>${key}</arg>
<doc>Logs the given message with the given level.</doc>
<status status="PASS" start="2024-07-24T20:15:55.533608" elapsed="0.000168"/>
</kw>
<var name="${key}">email</var>
<status status="PASS" start="2024-07-24T20:15:55.532100" elapsed="0.001890"/>
</iter>
<iter>
<kw name="Dictionary Should Contain Key" owner="Collections">
<arg>${json_data['results'][0]}</arg>
<arg>${key}</arg>
<doc>Fails if ``key`` is not found from ``dictionary``.</doc>
<status status="PASS" start="2024-07-24T20:15:55.534271" elapsed="0.000374"/>
</kw>
<kw name="Log" owner="BuiltIn">
<msg time="2024-07-24T20:15:55.535177" level="INFO">{'gender': 'female', 'name': {'title': 'Ms', 'first': 'Melissa', 'last': 'Ramirez'}, 'location': {'street': {'number': 3858, 'name': 'Stevens Creek Blvd'}, 'city': 'Tweed', 'state': 'New South Wales', 'country': 'Australia', 'postcode': 847, 'coordinates': {'latitude': '-81.9559', 'longitude': '16.0861'}, 'timezone': {'offset': '+9:30', 'description': 'Adelaide, Darwin'}}, 'email': 'melissa.ramirez@example.com', 'login': {'uuid': 'bbee6ce3-1203-4a36-93c4-f91296caf903', 'username': 'brownwolf612', 'password': 'sheila', 'salt': 'icmQmxxo', 'md5': 'f2c142d8e5bd14a3ed6ba4f63bc4d48b', 'sha1': '2973c33e7fae39b747e1162085649c99749aacd7', 'sha256': '826ea480ceb4fb6d278c27ce0e06a01118e4509b5abe87d6ffcc71ef943df260'}, 'dob': {'date': '1950-11-08T07:48:01.956Z', 'age': 73}, 'registered': {'date': '2005-08-21T13:29:16.330Z', 'age': 18}, 'phone': '04-7695-0238', 'cell': '0439-835-227', 'id': {'name': 'TFN', 'value': '564240442'}, 'picture': {'large': 'https://randomuser.me/api/portraits/women/57.jpg', 'medium': 'https://randomuser.me/api/portraits/med/women/57.jpg', 'thumbnail': 'https://randomuser.me/api/portraits/thumb/women/57.jpg'}, 'nat': 'AU'}</msg>
<arg>${json_data['results'][0]}</arg>
<doc>Logs the given message with the given level.</doc>
<status status="PASS" start="2024-07-24T20:15:55.534827" elapsed="0.000398"/>
</kw>
<kw name="Log" owner="BuiltIn">
<msg time="2024-07-24T20:15:55.535656" level="INFO">login</msg>
<arg>${key}</arg>
<doc>Logs the given message with the given level.</doc>
<status status="PASS" start="2024-07-24T20:15:55.535527" elapsed="0.000166"/>
</kw>
<var name="${key}">login</var>
<status status="PASS" start="2024-07-24T20:15:55.534164" elapsed="0.001744"/>
</iter>
<var>${key}</var>
<value>@{expected_keys}</value>
<status status="PASS" start="2024-07-24T20:15:55.525869" elapsed="0.010161"/>
</for>
<kw name="Create List" owner="BuiltIn">
<msg time="2024-07-24T20:15:55.536349" level="INFO">${expected_keysTwo} = ['username', 'password']</msg>
<var>${expected_keysTwo}</var>
<arg>username</arg>
<arg>password</arg>
<doc>Returns a list containing given items.</doc>
<status status="PASS" start="2024-07-24T20:15:55.536215" elapsed="0.000185"/>
</kw>
<for flavor="IN">
<iter>
<kw name="Dictionary Should Contain Key" owner="Collections">
<arg>${json_data['results'][0]['login']}</arg>
<arg>${keyTwo}</arg>
<doc>Fails if ``key`` is not found from ``dictionary``.</doc>
<status status="PASS" start="2024-07-24T20:15:55.536916" elapsed="0.000418"/>
</kw>
<kw name="Dictionary Should Contain Key" owner="Collections">
<arg>${json_data['results'][0]['login']}</arg>
<arg>${keyTwo}</arg>
<doc>Fails if ``key`` is not found from ``dictionary``.</doc>
<status status="PASS" start="2024-07-24T20:15:55.537515" elapsed="0.000370"/>
</kw>
<kw name="Log" owner="BuiltIn">
<msg time="2024-07-24T20:15:55.538183" level="INFO">username</msg>
<arg>${keyTwo}</arg>
<doc>Logs the given message with the given level.</doc>
<status status="PASS" start="2024-07-24T20:15:55.538063" elapsed="0.000157"/>
</kw>
<var name="${keyTwo}">username</var>
<status status="PASS" start="2024-07-24T20:15:55.536804" elapsed="0.001633"/>
</iter>
<iter>
<kw name="Dictionary Should Contain Key" owner="Collections">
<arg>${json_data['results'][0]['login']}</arg>
<arg>${keyTwo}</arg>
<doc>Fails if ``key`` is not found from ``dictionary``.</doc>
<status status="PASS" start="2024-07-24T20:15:55.538718" elapsed="0.000375"/>
</kw>
<kw name="Dictionary Should Contain Key" owner="Collections">
<arg>${json_data['results'][0]['login']}</arg>
<arg>${keyTwo}</arg>
<doc>Fails if ``key`` is not found from ``dictionary``.</doc>
<status status="PASS" start="2024-07-24T20:15:55.539270" elapsed="0.000366"/>
</kw>
<kw name="Log" owner="BuiltIn">
<msg time="2024-07-24T20:15:55.539931" level="INFO">password</msg>
<arg>${keyTwo}</arg>
<doc>Logs the given message with the given level.</doc>
<status status="PASS" start="2024-07-24T20:15:55.539809" elapsed="0.000160"/>
</kw>
<var name="${keyTwo}">password</var>
<status status="PASS" start="2024-07-24T20:15:55.538608" elapsed="0.001578"/>
</iter>
<var>${keyTwo}</var>
<value>@{expected_keysTwo}</value>
<status status="PASS" start="2024-07-24T20:15:55.536655" elapsed="0.003652"/>
</for>
<status status="PASS" start="2024-07-24T20:15:55.433091" elapsed="0.107352"/>
</kw>
<doc>Testa a estrutura da resposta da API.</doc>
<tag>testeEstruturaResposta</tag>
<status status="PASS" start="2024-07-24T20:15:55.432553" elapsed="0.108035"/>
</test>
<test id="s1-s1-t4" name="Validar tipos de dados" line="28">
<kw name="Teste de Tipos de Dados" owner="random-user-service">
<kw name="GET On Session" owner="RequestsLibrary">
<msg time="2024-07-24T20:15:55.615941" level="INFO">GET Request : url=https://randomuser.me/api 
 path_url=/api 
 headers={'User-Agent': 'python-requests/2.32.3', 'Accept-Encoding': 'gzip, deflate', 'Accept': '*/*', 'Connection': 'keep-alive'} 
 body=None 
 </msg>
<msg time="2024-07-24T20:15:55.616024" level="INFO">GET Response : url=https://randomuser.me/api 
 status=200, reason=OK 
 headers={'Date': 'Wed, 24 Jul 2024 20:15:55 GMT', 'Content-Type': 'application/json; charset=utf-8', 'Transfer-Encoding': 'chunked', 'Connection': 'keep-alive', 'X-Powered-By': 'Express', 'Access-Control-Allow-Origin': '*', 'Cache-Control': 'no-cache', 'ETag': 'W/"47d-Kblm3FWRfxTlr3ya/iOQLOB15xQ"', 'Vary': 'Accept-Encoding', 'Content-Encoding': 'gzip', 'CF-Cache-Status': 'DYNAMIC', 'Report-To': '{"endpoints":[{"url":"https:\\/\\/a.nel.cloudflare.com\\/report\\/v4?s=HLUu3CXT4tge78ORd9DOVBCofNO6XniW13Zvsq3jFhyiPcipymPNyH7DD2aZbXiepwRHvueQ8dyYnUtYf512pgNSlovy77%2Bwo%2FIbSfX6RhNjbbKI996hCj4Z4Z8C5xWO"}],"group":"cf-nel","max_age":604800}', 'NEL': '{"success_fraction":0,"report_to":"cf-nel","max_age":604800}', 'Server': 'cloudflare', 'CF-RAY': '8a8695c42c9961c0-ORD', 'alt-svc': 'h3=":443"; ma=86400'} 
 body={"results":[{"gender":"male","name":{"title":"Mr","first":"Pablo","last":"Páez"},"location":{"street":{"number":6318,"name":"Circunvalación Turquía"},"city":"Huajicori","state":"Morelos","country":"Mexico","postcode":88098,"coordinates":{"latitude":"24.7181","longitude":"-87.1893"},"timezone":{"offset":"-10:00","description":"Hawaii"}},"email":"pablo.paez@example.com","login":{"uuid":"ca1a658d-e265-4fe1-884e-d625e75ae6f7","username":"crazytiger834","password":"keisha","salt":"5iAt75es","md5":"a3121311d1f980332cf8f0c66b15d48f","sha1":"5b3ab8ce3672950ababc06fa2c2e19a2539b6360","sha256":"76f1ae9d8640e8c8ee4bec2c290cd496b688b9796987e12e6873e1aedcc7dbe5"},"dob":{"date":"1968-02-18T03:00:45.659Z","age":56},"registered":{"date":"2004-10-14T18:50:34.937Z","age":19},"phone":"(694) 369 3948","cell":"(683) 566 0918","id":{"name":"NSS","value":"79 96 92 7898 9"},"picture":{"large":"https://randomuser.me/api/portraits/men/32.jpg","medium":"https://randomuser.me/api/portraits/med/men/32.jpg","thumbnail":"https://randomuser.me/api/portraits/thumb/men/32.jpg"},"nat":"MX"}],"info":{"seed":"9aa8d3688e28c738","results":1,"page":1,"version":"1.4"}} 
 </msg>
<msg time="2024-07-24T20:15:55.616101" level="INFO">/opt/hostedtoolcache/Python/3.12.4/x64/lib/python3.12/site-packages/urllib3/connectionpool.py:1099: InsecureRequestWarning: Unverified HTTPS request is being made to host 'randomuser.me'. Adding certificate verification is strongly advised. See: https://urllib3.readthedocs.io/en/latest/advanced-usage.html#tls-warnings
  warnings.warn(</msg>
<msg time="2024-07-24T20:15:55.616190" level="INFO">${response} = &lt;Response [200]&gt;</msg>
<var>${response}</var>
<arg>consultarAPI</arg>
<arg>/api</arg>
<doc>Sends a GET request on a previously created HTTP Session.</doc>
<status status="PASS" start="2024-07-24T20:15:55.542984" elapsed="0.073231"/>
</kw>
<kw name="Set Variable" owner="BuiltIn">
<msg time="2024-07-24T20:15:55.617099" level="INFO">${json_data} = {'results': [{'gender': 'male', 'name': {'title': 'Mr', 'first': 'Pablo', 'last': 'Páez'}, 'location': {'street': {'number': 6318, 'name': 'Circunvalación Turquía'}, 'city': 'Huajicori', 'state': 'Mor...</msg>
<var>${json_data}</var>
<arg>${response.json()}</arg>
<doc>Returns the given values which can then be assigned to a variables.</doc>
<status status="PASS" start="2024-07-24T20:15:55.616595" elapsed="0.000540"/>
</kw>
<kw name="Log" owner="BuiltIn">
<msg time="2024-07-24T20:15:55.617600" level="INFO">{'results': [{'gender': 'male', 'name': {'title': 'Mr', 'first': 'Pablo', 'last': 'Páez'}, 'location': {'street': {'number': 6318, 'name': 'Circunvalación Turquía'}, 'city': 'Huajicori', 'state': 'Morelos', 'country': 'Mexico', 'postcode': 88098, 'coordinates': {'latitude': '24.7181', 'longitude': '-87.1893'}, 'timezone': {'offset': '-10:00', 'description': 'Hawaii'}}, 'email': 'pablo.paez@example.com', 'login': {'uuid': 'ca1a658d-e265-4fe1-884e-d625e75ae6f7', 'username': 'crazytiger834', 'password': 'keisha', 'salt': '5iAt75es', 'md5': 'a3121311d1f980332cf8f0c66b15d48f', 'sha1': '5b3ab8ce3672950ababc06fa2c2e19a2539b6360', 'sha256': '76f1ae9d8640e8c8ee4bec2c290cd496b688b9796987e12e6873e1aedcc7dbe5'}, 'dob': {'date': '1968-02-18T03:00:45.659Z', 'age': 56}, 'registered': {'date': '2004-10-14T18:50:34.937Z', 'age': 19}, 'phone': '(694) 369 3948', 'cell': '(683) 566 0918', 'id': {'name': 'NSS', 'value': '79 96 92 7898 9'}, 'picture': {'large': 'https://randomuser.me/api/portraits/men/32.jpg', 'medium': 'https://randomuser.me/api/portraits/med/men/32.jpg', 'thumbnail': 'https://randomuser.me/api/portraits/thumb/men/32.jpg'}, 'nat': 'MX'}], 'info': {'seed': '9aa8d3688e28c738', 'results': 1, 'page': 1, 'version': '1.4'}}</msg>
<arg>${json_data}</arg>
<doc>Logs the given message with the given level.</doc>
<status status="PASS" start="2024-07-24T20:15:55.617446" elapsed="0.000202"/>
</kw>
<kw name="Should Be String" owner="String">
<arg>${json_data['results'][0]['gender']}</arg>
<doc>Fails if the given ``item`` is not a string.</doc>
<status status="PASS" start="2024-07-24T20:15:55.617937" elapsed="0.000359"/>
</kw>
<kw name="Should Match Regexp" owner="BuiltIn">
<arg>${json_data['results'][0]['email']}</arg>
<arg>^[a-zA-Z0-9._%+-]+@[a-zA-Z0-9.-]+\.[a-zA-Z]{2,}$</arg>
<doc>Fails if ``string`` does not match ``pattern`` as a regular expression.</doc>
<status status="PASS" start="2024-07-24T20:15:55.618489" elapsed="0.000504"/>
</kw>
<kw name="Should Match Regexp" owner="BuiltIn">
<arg>${json_data['results'][0]['dob']['date']}</arg>
<arg>\\d{4}-\\d{2}-\\d{2}T\\d{2}:\\d{2}:\\d{2}\\.\\d{3}Z</arg>
<doc>Fails if ``string`` does not match ``pattern`` as a regular expression.</doc>
<status status="PASS" start="2024-07-24T20:15:55.619222" elapsed="0.000597"/>
</kw>
<kw name="Should Match Regexp" owner="BuiltIn">
<arg>${json_data['results'][0]['registered']['date']}</arg>
<arg>\\d{4}-\\d{2}-\\d{2}T\\d{2}:\\d{2}:\\d{2}\\.\\d{3}Z</arg>
<doc>Fails if ``string`` does not match ``pattern`` as a regular expression.</doc>
<status status="PASS" start="2024-07-24T20:15:55.620013" elapsed="0.000370"/>
</kw>
<kw name="Should Match Regexp" owner="BuiltIn">
<arg>${json_data['results'][0]['picture']['large']}</arg>
<arg>^https?://.*\.(?:png|jpe?g|gif|bmp)$</arg>
<doc>Fails if ``string`` does not match ``pattern`` as a regular expression.</doc>
<status status="PASS" start="2024-07-24T20:15:55.620569" elapsed="0.000475"/>
</kw>
<kw name="Should Match Regexp" owner="BuiltIn">
<arg>${json_data['results'][0]['picture']['medium']}</arg>
<arg>^https?://.*\.(?:png|jpe?g|gif|bmp)$</arg>
<doc>Fails if ``string`` does not match ``pattern`` as a regular expression.</doc>
<status status="PASS" start="2024-07-24T20:15:55.621238" elapsed="0.000351"/>
</kw>
<kw name="Should Match Regexp" owner="BuiltIn">
<arg>${json_data['results'][0]['picture']['thumbnail']}</arg>
<arg>^https?://.*\.(?:png|jpe?g|gif|bmp)$</arg>
<doc>Fails if ``string`` does not match ``pattern`` as a regular expression.</doc>
<status status="PASS" start="2024-07-24T20:15:55.621771" elapsed="0.000347"/>
</kw>
<kw name="Log" owner="BuiltIn">
<msg time="2024-07-24T20:15:55.622612" level="INFO">{'large': 'https://randomuser.me/api/portraits/men/32.jpg', 'medium': 'https://randomuser.me/api/portraits/med/men/32.jpg', 'thumbnail': 'https://randomuser.me/api/portraits/thumb/men/32.jpg'}</msg>
<arg>${json_data['results'][0]['picture']}</arg>
<doc>Logs the given message with the given level.</doc>
<status status="PASS" start="2024-07-24T20:15:55.622294" elapsed="0.000385"/>
</kw>
<status status="PASS" start="2024-07-24T20:15:55.542767" elapsed="0.080205"/>
</kw>
<kw name="Teste de Tipos de Dados - Postcode" owner="random-user-service">
<kw name="GET On Session" owner="RequestsLibrary">
<msg time="2024-07-24T20:15:55.721649" level="INFO">GET Request : url=https://randomuser.me/api 
 path_url=/api 
 headers={'User-Agent': 'python-requests/2.32.3', 'Accept-Encoding': 'gzip, deflate', 'Accept': '*/*', 'Connection': 'keep-alive'} 
 body=None 
 </msg>
<msg time="2024-07-24T20:15:55.721738" level="INFO">GET Response : url=https://randomuser.me/api 
 status=200, reason=OK 
 headers={'Date': 'Wed, 24 Jul 2024 20:15:55 GMT', 'Content-Type': 'application/json; charset=utf-8', 'Transfer-Encoding': 'chunked', 'Connection': 'keep-alive', 'X-Powered-By': 'Express', 'Access-Control-Allow-Origin': '*', 'Cache-Control': 'no-cache', 'ETag': 'W/"47f-xVE2OoxSSZeKkGuLY72sFnhOJM4"', 'Vary': 'Accept-Encoding', 'Content-Encoding': 'gzip', 'CF-Cache-Status': 'DYNAMIC', 'Report-To': '{"endpoints":[{"url":"https:\\/\\/a.nel.cloudflare.com\\/report\\/v4?s=7B11bdImOq%2BIy5aCop6tkQyRFoqnUZ59sf2cW%2FAGwLbp4MIPIWigxi6DZC%2BRRKOIblsaG8qQy1G8zv%2Fr%2B%2FywtUkBVYo%2F2iRNEoyhF18lChghYksZWPAtCUlEB9xQiGRB"}],"group":"cf-nel","max_age":604800}', 'NEL': '{"success_fraction":0,"report_to":"cf-nel","max_age":604800}', 'Server': 'cloudflare', 'CF-RAY': '8a8695c4ad5761c0-ORD', 'alt-svc': 'h3=":443"; ma=86400'} 
 body={"results":[{"gender":"male","name":{"title":"Mr","first":"Alberto","last":"Arellano"},"location":{"street":{"number":441,"name":"Continuación Núñez"},"city":"Atliaca","state":"Sonora","country":"Mexico","postcode":40141,"coordinates":{"latitude":"29.6821","longitude":"-71.1272"},"timezone":{"offset":"-9:00","description":"Alaska"}},"email":"alberto.arellano@example.com","login":{"uuid":"001070c5-5612-487c-8954-6d1fdcfc7f54","username":"greenfish476","password":"magick","salt":"uyekGDVq","md5":"dddf6b904888331573ba98f1cf66e443","sha1":"f0f81f868c8e87cc631a311e55cb392bc52be5f0","sha256":"1e9e000a10994a546ac7be05e19fb4b9fcc1e5523edeafbf5f1aeda80db669b8"},"dob":{"date":"1993-11-14T23:24:24.389Z","age":30},"registered":{"date":"2004-08-09T09:14:39.225Z","age":19},"phone":"(687) 974 9329","cell":"(641) 248 6291","id":{"name":"NSS","value":"42 23 32 6684 8"},"picture":{"large":"https://randomuser.me/api/portraits/men/96.jpg","medium":"https://randomuser.me/api/portraits/med/men/96.jpg","thumbnail":"https://randomuser.me/api/portraits/thumb/men/96.jpg"},"nat":"MX"}],"info":{"seed":"ad90c96e60393055","results":1,"page":1,"version":"1.4"}} 
 </msg>
<msg time="2024-07-24T20:15:55.721816" level="INFO">/opt/hostedtoolcache/Python/3.12.4/x64/lib/python3.12/site-packages/urllib3/connectionpool.py:1099: InsecureRequestWarning: Unverified HTTPS request is being made to host 'randomuser.me'. Adding certificate verification is strongly advised. See: https://urllib3.readthedocs.io/en/latest/advanced-usage.html#tls-warnings
  warnings.warn(</msg>
<msg time="2024-07-24T20:15:55.721939" level="INFO">${response} = &lt;Response [200]&gt;</msg>
<var>${response}</var>
<arg>consultarAPI</arg>
<arg>/api</arg>
<doc>Sends a GET request on a previously created HTTP Session.</doc>
<status status="PASS" start="2024-07-24T20:15:55.623418" elapsed="0.098576"/>
</kw>
<kw name="Set Variable" owner="BuiltIn">
<msg time="2024-07-24T20:15:55.723147" level="INFO">${json_data} = {'results': [{'gender': 'male', 'name': {'title': 'Mr', 'first': 'Alberto', 'last': 'Arellano'}, 'location': {'street': {'number': 441, 'name': 'Continuación Núñez'}, 'city': 'Atliaca', 'state': 'Sono...</msg>
<var>${json_data}</var>
<arg>${response.json()}</arg>
<doc>Returns the given values which can then be assigned to a variables.</doc>
<status status="PASS" start="2024-07-24T20:15:55.722558" elapsed="0.000618"/>
</kw>
<kw name="Log" owner="BuiltIn">
<msg time="2024-07-24T20:15:55.723656" level="INFO">{'results': [{'gender': 'male', 'name': {'title': 'Mr', 'first': 'Alberto', 'last': 'Arellano'}, 'location': {'street': {'number': 441, 'name': 'Continuación Núñez'}, 'city': 'Atliaca', 'state': 'Sonora', 'country': 'Mexico', 'postcode': 40141, 'coordinates': {'latitude': '29.6821', 'longitude': '-71.1272'}, 'timezone': {'offset': '-9:00', 'description': 'Alaska'}}, 'email': 'alberto.arellano@example.com', 'login': {'uuid': '001070c5-5612-487c-8954-6d1fdcfc7f54', 'username': 'greenfish476', 'password': 'magick', 'salt': 'uyekGDVq', 'md5': 'dddf6b904888331573ba98f1cf66e443', 'sha1': 'f0f81f868c8e87cc631a311e55cb392bc52be5f0', 'sha256': '1e9e000a10994a546ac7be05e19fb4b9fcc1e5523edeafbf5f1aeda80db669b8'}, 'dob': {'date': '1993-11-14T23:24:24.389Z', 'age': 30}, 'registered': {'date': '2004-08-09T09:14:39.225Z', 'age': 19}, 'phone': '(687) 974 9329', 'cell': '(641) 248 6291', 'id': {'name': 'NSS', 'value': '42 23 32 6684 8'}, 'picture': {'large': 'https://randomuser.me/api/portraits/men/96.jpg', 'medium': 'https://randomuser.me/api/portraits/med/men/96.jpg', 'thumbnail': 'https://randomuser.me/api/portraits/thumb/men/96.jpg'}, 'nat': 'MX'}], 'info': {'seed': 'ad90c96e60393055', 'results': 1, 'page': 1, 'version': '1.4'}}</msg>
<arg>${json_data}</arg>
<doc>Logs the given message with the given level.</doc>
<status status="PASS" start="2024-07-24T20:15:55.723489" elapsed="0.000217"/>
</kw>
<kw name="Should Be Equal As Numbers" owner="BuiltIn">
<arg>${json_data['results'][0]['location']['postcode']}</arg>
<arg>${json_data['results'][0]['location']['postcode']}</arg>
<doc>Fails if objects are unequal after converting them to real numbers.</doc>
<status status="PASS" start="2024-07-24T20:15:55.724006" elapsed="0.000624"/>
</kw>
<kw name="Log" owner="BuiltIn">
<msg time="2024-07-24T20:15:55.725207" level="INFO">40141</msg>
<arg>${json_data['results'][0]['location']['postcode']}</arg>
<doc>Logs the given message with the given level.</doc>
<status status="PASS" start="2024-07-24T20:15:55.724826" elapsed="0.000424"/>
</kw>
<status status="PASS" start="2024-07-24T20:15:55.623196" elapsed="0.102335"/>
</kw>
<doc>Testa se os tipos de dados na resposta da API estão corretos.</doc>
<tag>testeTiposDados</tag>
<status status="PASS" start="2024-07-24T20:15:55.542341" elapsed="0.183355"/>
</test>
<test id="s1-s1-t5" name="Validar conteudo" line="35">
<kw name="Teste de Tipos de Conteudo" owner="random-user-service">
<kw name="GET On Session" owner="RequestsLibrary">
<msg time="2024-07-24T20:15:55.834455" level="INFO">GET Request : url=https://randomuser.me/api 
 path_url=/api 
 headers={'User-Agent': 'python-requests/2.32.3', 'Accept-Encoding': 'gzip, deflate', 'Accept': '*/*', 'Connection': 'keep-alive'} 
 body=None 
 </msg>
<msg time="2024-07-24T20:15:55.834542" level="INFO">GET Response : url=https://randomuser.me/api 
 status=200, reason=OK 
 headers={'Date': 'Wed, 24 Jul 2024 20:15:55 GMT', 'Content-Type': 'application/json; charset=utf-8', 'Transfer-Encoding': 'chunked', 'Connection': 'keep-alive', 'X-Powered-By': 'Express', 'Access-Control-Allow-Origin': '*', 'Cache-Control': 'no-cache', 'ETag': 'W/"45d-ucFDcVTm5DfXXyLVhK4EN24MiKU"', 'Vary': 'Accept-Encoding', 'Content-Encoding': 'gzip', 'CF-Cache-Status': 'DYNAMIC', 'Report-To': '{"endpoints":[{"url":"https:\\/\\/a.nel.cloudflare.com\\/report\\/v4?s=EgI%2BCysJoXrbBWLHIGrYGFohVdNNljKfmyIqKahbBC0h4586nAoBngfc18xmnYLJNG6sLAEDfCC%2FQvzMIkQU3pmVRBDtdpa1h5ZKbMspkJi5I%2Bl3kRvLYE502khZlB0i"}],"group":"cf-nel","max_age":604800}', 'NEL': '{"success_fraction":0,"report_to":"cf-nel","max_age":604800}', 'Server': 'cloudflare', 'CF-RAY': '8a8695c54e5f61c0-ORD', 'alt-svc': 'h3=":443"; ma=86400'} 
 body={"results":[{"gender":"male","name":{"title":"Mr","first":"Kuzey","last":"Akan"},"location":{"street":{"number":4533,"name":"Abanoz Sk"},"city":"Konya","state":"Muğla","country":"Turkey","postcode":33101,"coordinates":{"latitude":"68.2930","longitude":"-55.5309"},"timezone":{"offset":"-2:00","description":"Mid-Atlantic"}},"email":"kuzey.akan@example.com","login":{"uuid":"80676894-80ad-495b-a4ea-1fce02dfec87","username":"tinyostrich174","password":"dandan","salt":"HdN3KuTz","md5":"35fd65819856920204cf3a682776f72c","sha1":"ed25fcc61dae9dc96d4da9a165359ba43740bb57","sha256":"a126248f09a7e5aa6116ebf772ca7e1f042875c72c4875470148cefd02da5d42"},"dob":{"date":"1998-10-22T08:42:19.764Z","age":25},"registered":{"date":"2018-03-15T08:06:29.300Z","age":6},"phone":"(018)-997-5487","cell":"(858)-749-4151","id":{"name":"","value":null},"picture":{"large":"https://randomuser.me/api/portraits/men/91.jpg","medium":"https://randomuser.me/api/portraits/med/men/91.jpg","thumbnail":"https://randomuser.me/api/portraits/thumb/men/91.jpg"},"nat":"TR"}],"info":{"seed":"076e19a186f4452e","results":1,"page":1,"version":"1.4"}} 
 </msg>
<msg time="2024-07-24T20:15:55.834606" level="INFO">/opt/hostedtoolcache/Python/3.12.4/x64/lib/python3.12/site-packages/urllib3/connectionpool.py:1099: InsecureRequestWarning: Unverified HTTPS request is being made to host 'randomuser.me'. Adding certificate verification is strongly advised. See: https://urllib3.readthedocs.io/en/latest/advanced-usage.html#tls-warnings
  warnings.warn(</msg>
<msg time="2024-07-24T20:15:55.834703" level="INFO">${response} = &lt;Response [200]&gt;</msg>
<var>${response}</var>
<arg>consultarAPI</arg>
<arg>/api</arg>
<doc>Sends a GET request on a previously created HTTP Session.</doc>
<status status="PASS" start="2024-07-24T20:15:55.728573" elapsed="0.106173"/>
</kw>
<kw name="Set Variable" owner="BuiltIn">
<msg time="2024-07-24T20:15:55.835868" level="INFO">${json_data} = {'results': [{'gender': 'male', 'name': {'title': 'Mr', 'first': 'Kuzey', 'last': 'Akan'}, 'location': {'street': {'number': 4533, 'name': 'Abanoz Sk'}, 'city': 'Konya', 'state': 'Muğla', 'country': '...</msg>
<var>${json_data}</var>
<arg>${response.json()}</arg>
<doc>Returns the given values which can then be assigned to a variables.</doc>
<status status="PASS" start="2024-07-24T20:15:55.835281" elapsed="0.000618"/>
</kw>
<kw name="Set Variable" owner="BuiltIn">
<msg time="2024-07-24T20:15:55.836607" level="INFO">${name_title} = Mr</msg>
<var>${name_title}</var>
<arg>${json_data["results"][0]["name"]["title"]}</arg>
<doc>Returns the given values which can then be assigned to a variables.</doc>
<status status="PASS" start="2024-07-24T20:15:55.836216" elapsed="0.000417"/>
</kw>
<kw name="Create List" owner="BuiltIn">
<msg time="2024-07-24T20:15:55.837125" level="INFO">${allowed_titles} = ['Mr', 'Ms', 'Miss', 'Mrs', 'Madame', 'Monsieur']</msg>
<var>${allowed_titles}</var>
<arg>Mr</arg>
<arg>Ms</arg>
<arg>Miss</arg>
<arg>Mrs</arg>
<arg>Madame</arg>
<arg>Monsieur</arg>
<doc>Returns a list containing given items.</doc>
<status status="PASS" start="2024-07-24T20:15:55.836936" elapsed="0.000220"/>
</kw>
<kw name="List Should Contain Value" owner="Collections">
<arg>${allowed_titles}</arg>
<arg>${name_title}</arg>
<doc>Fails if the ``value`` is not found from ``list``.</doc>
<status status="PASS" start="2024-07-24T20:15:55.837473" elapsed="0.000197"/>
</kw>
<kw name="Set Variable" owner="BuiltIn">
<msg time="2024-07-24T20:15:55.838231" level="INFO">${name_country} = TR</msg>
<var>${name_country}</var>
<arg>${json_data["results"][0]["nat"]}</arg>
<doc>Returns the given values which can then be assigned to a variables.</doc>
<status status="PASS" start="2024-07-24T20:15:55.837853" elapsed="0.000403"/>
</kw>
<kw name="Create List" owner="BuiltIn">
<msg time="2024-07-24T20:15:55.839166" level="INFO">${list_country} = ['AD', 'AE', 'AF', 'AG', 'AI', 'AL', 'AM', 'AO', 'AQ', 'AR', 'AS', 'AT', 'AU', 'AW', 'AX', 'AZ', 'BA', 'BB', 'BD', 'BE', 'BF', 'BG', 'BH', 'BI', 'BJ', 'BL', 'BM', 'BN', 'BO', 'BQ', 'BR', 'BS', 'BT', '...</msg>
<var>${list_country}</var>
<arg>AD</arg>
<arg>AE</arg>
<arg>AF</arg>
<arg>AG</arg>
<arg>AI</arg>
<arg>AL</arg>
<arg>AM</arg>
<arg>AO</arg>
<arg>AQ</arg>
<arg>AR</arg>
<arg>AS</arg>
<arg>AT</arg>
<arg>AU</arg>
<arg>AW</arg>
<arg>AX</arg>
<arg>AZ</arg>
<arg>BA</arg>
<arg>BB</arg>
<arg>BD</arg>
<arg>BE</arg>
<arg>BF</arg>
<arg>BG</arg>
<arg>BH</arg>
<arg>BI</arg>
<arg>BJ</arg>
<arg>BL</arg>
<arg>BM</arg>
<arg>BN</arg>
<arg>BO</arg>
<arg>BQ</arg>
<arg>BR</arg>
<arg>BS</arg>
<arg>BT</arg>
<arg>BV</arg>
<arg>BW</arg>
<arg>BY</arg>
<arg>BZ</arg>
<arg>CA</arg>
<arg>CC</arg>
<arg>CD</arg>
<arg>CF</arg>
<arg>CG</arg>
<arg>CH</arg>
<arg>CI</arg>
<arg>CK</arg>
<arg>CL</arg>
<arg>CM</arg>
<arg>CN</arg>
<arg>CO</arg>
<arg>CR</arg>
<arg>CU</arg>
<arg>CV</arg>
<arg>CW</arg>
<arg>CX</arg>
<arg>CY</arg>
<arg>CZ</arg>
<arg>DE</arg>
<arg>DJ</arg>
<arg>DK</arg>
<arg>DM</arg>
<arg>DO</arg>
<arg>DZ</arg>
<arg>EC</arg>
<arg>EE</arg>
<arg>EG</arg>
<arg>EH</arg>
<arg>ER</arg>
<arg>ES</arg>
<arg>ET</arg>
<arg>FI</arg>
<arg>FJ</arg>
<arg>FK</arg>
<arg>FM</arg>
<arg>FO</arg>
<arg>FR</arg>
<arg>GA</arg>
<arg>GB</arg>
<arg>GD</arg>
<arg>GE</arg>
<arg>GF</arg>
<arg>GG</arg>
<arg>GH</arg>
<arg>GI</arg>
<arg>GL</arg>
<arg>GM</arg>
<arg>GN</arg>
<arg>GP</arg>
<arg>GQ</arg>
<arg>GR</arg>
<arg>GS</arg>
<arg>GT</arg>
<arg>GU</arg>
<arg>GW</arg>
<arg>GY</arg>
<arg>HK</arg>
<arg>HM</arg>
<arg>HN</arg>
<arg>HR</arg>
<arg>HT</arg>
<arg>HU</arg>
<arg>ID</arg>
<arg>IE</arg>
<arg>IL</arg>
<arg>IM</arg>
<arg>IN</arg>
<arg>IO</arg>
<arg>IQ</arg>
<arg>IR</arg>
<arg>IS</arg>
<arg>IT</arg>
<arg>JE</arg>
<arg>JM</arg>
<arg>JO</arg>
<arg>JP</arg>
<arg>KE</arg>
<arg>KG</arg>
<arg>KH</arg>
<arg>KI</arg>
<arg>KM</arg>
<arg>KN</arg>
<arg>KP</arg>
<arg>KR</arg>
<arg>KW</arg>
<arg>KY</arg>
<arg>KZ</arg>
<arg>LA</arg>
<arg>LB</arg>
<arg>LC</arg>
<arg>LI</arg>
<arg>LK</arg>
<arg>LR</arg>
<arg>LS</arg>
<arg>LT</arg>
<arg>LU</arg>
<arg>LV</arg>
<arg>LY</arg>
<arg>MA</arg>
<arg>MC</arg>
<arg>MD</arg>
<arg>ME</arg>
<arg>MF</arg>
<arg>MG</arg>
<arg>MH</arg>
<arg>MK</arg>
<arg>ML</arg>
<arg>MM</arg>
<arg>MN</arg>
<arg>MO</arg>
<arg>MP</arg>
<arg>MQ</arg>
<arg>MR</arg>
<arg>MS</arg>
<arg>MT</arg>
<arg>MU</arg>
<arg>MV</arg>
<arg>MW</arg>
<arg>MX</arg>
<arg>MY</arg>
<arg>MZ</arg>
<arg>NA</arg>
<arg>NC</arg>
<arg>NE</arg>
<arg>NF</arg>
<arg>NG</arg>
<arg>NI</arg>
<arg>NL</arg>
<arg>NO</arg>
<arg>NP</arg>
<arg>NR</arg>
<arg>NU</arg>
<arg>NZ</arg>
<arg>OM</arg>
<arg>PA</arg>
<arg>PE</arg>
<arg>PF</arg>
<arg>PG</arg>
<arg>PH</arg>
<arg>PK</arg>
<arg>PL</arg>
<arg>PM</arg>
<arg>PN</arg>
<arg>PR</arg>
<arg>PS</arg>
<arg>PT</arg>
<arg>PW</arg>
<arg>PY</arg>
<arg>QA</arg>
<arg>RE</arg>
<arg>RO</arg>
<arg>RS</arg>
<arg>RU</arg>
<arg>RW</arg>
<arg>SA</arg>
<arg>SB</arg>
<arg>SC</arg>
<arg>SD</arg>
<arg>SE</arg>
<arg>SG</arg>
<arg>SH</arg>
<arg>SI</arg>
<arg>SJ</arg>
<arg>SK</arg>
<arg>SL</arg>
<arg>SM</arg>
<arg>SN</arg>
<arg>SO</arg>
<arg>SR</arg>
<arg>SS</arg>
<arg>ST</arg>
<arg>SV</arg>
<arg>SX</arg>
<arg>SY</arg>
<arg>SZ</arg>
<arg>TC</arg>
<arg>TD</arg>
<arg>TF</arg>
<arg>TG</arg>
<arg>TH</arg>
<arg>TJ</arg>
<arg>TK</arg>
<arg>TL</arg>
<arg>TM</arg>
<arg>TN</arg>
<arg>TO</arg>
<arg>TR</arg>
<arg>TT</arg>
<arg>TV</arg>
<arg>TW</arg>
<arg>TZ</arg>
<arg>UA</arg>
<arg>UG</arg>
<arg>UM</arg>
<arg>US</arg>
<arg>UY</arg>
<arg>UZ</arg>
<arg>VA</arg>
<arg>VC</arg>
<arg>VE</arg>
<arg>VG</arg>
<arg>VI</arg>
<arg>VN</arg>
<arg>VU</arg>
<arg>WF</arg>
<arg>WS</arg>
<arg>XK</arg>
<arg>YE</arg>
<arg>YT</arg>
<arg>ZA</arg>
<arg>ZM</arg>
<arg>ZW</arg>
<doc>Returns a list containing given items.</doc>
<status status="PASS" start="2024-07-24T20:15:55.838552" elapsed="0.000639"/>
</kw>
<kw name="List Should Contain Value" owner="Collections">
<arg>${list_country}</arg>
<arg>${name_country}</arg>
<doc>Fails if the ``value`` is not found from ``list``.</doc>
<status status="PASS" start="2024-07-24T20:15:55.840153" elapsed="0.000213"/>
</kw>
<kw name="Run Keyword If" owner="BuiltIn">
<kw name="Should Be True" owner="BuiltIn">
<arg>${True}</arg>
<doc>Fails if the given condition is not true.</doc>
<status status="PASS" start="2024-07-24T20:15:55.841357" elapsed="0.000154"/>
</kw>
<arg>${json_data["results"][0]["location"]["coordinates"]["latitude"]} &gt;= -90 and ${json_data["results"][0]["location"]["coordinates"]["latitude"]} &lt;= 90</arg>
<arg>Should Be True</arg>
<arg>${True}</arg>
<doc>Runs the given keyword with the given arguments, if ``condition`` is true.</doc>
<status status="PASS" start="2024-07-24T20:15:55.840570" elapsed="0.001079"/>
</kw>
<kw name="Run Keyword If" owner="BuiltIn">
<kw name="Should Be True" owner="BuiltIn">
<arg>${True}</arg>
<doc>Fails if the given condition is not true.</doc>
<status status="PASS" start="2024-07-24T20:15:55.842529" elapsed="0.000136"/>
</kw>
<arg>${json_data["results"][0]["location"]["coordinates"]["longitude"]} &gt;= -180 and ${json_data["results"][0]["location"]["coordinates"]["longitude"]} &lt;= 180</arg>
<arg>Should Be True</arg>
<arg>${True}</arg>
<doc>Runs the given keyword with the given arguments, if ``condition`` is true.</doc>
<status status="PASS" start="2024-07-24T20:15:55.841834" elapsed="0.000956"/>
</kw>
<status status="PASS" start="2024-07-24T20:15:55.728207" elapsed="0.114712"/>
</kw>
<doc>Testa o conteúdo específico dos campos retornados pela API.</doc>
<tag>testeConteudo</tag>
<status status="PASS" start="2024-07-24T20:15:55.727533" elapsed="0.115532"/>
</test>
<status status="PASS" start="2024-07-24T20:15:54.885417" elapsed="0.959653"/>
</suite>
<status status="PASS" start="2024-07-24T20:15:54.870621" elapsed="0.979706"/>
</suite>
<statistics>
<total>
<stat pass="5" fail="0" skip="0">All Tests</stat>
</total>
<tag>
<stat pass="1" fail="0" skip="0">testeConteudo</stat>
<stat pass="1" fail="0" skip="0">testeEstruturaResposta</stat>
<stat pass="1" fail="0" skip="0">testeRequisicaoBasica</stat>
<stat pass="1" fail="0" skip="0">testeTiposDados</stat>
</tag>
<suite>
<stat pass="5" fail="0" skip="0" id="s1" name="Tests">Tests</stat>
<stat pass="5" fail="0" skip="0" id="s1-s1" name="Random-User-Test">Tests.Random-User-Test</stat>
</suite>
</statistics>
<errors>
</errors>
</robot>
