<?xml version="1.0" encoding="UTF-8"?>
<robot generator="Robot 7.0 (Python 3.12.3 on linux)" generated="2024-05-09T01:02:03.518341" rpa="false" schemaversion="5">
<suite id="s1" name="Tests" source="/home/runner/work/DesafioQAItauRogerioJordao/DesafioQAItauRogerioJordao/RamdonUser/tests">
<suite id="s1-s1" name="Random-User-Test" source="/home/runner/work/DesafioQAItauRogerioJordao/DesafioQAItauRogerioJordao/RamdonUser/tests/random-user-test.robot">
<test id="s1-s1-t1" name="Conectar" line="13">
<kw name="Conectar API" owner="random-user-service">
<kw name="Create Session" owner="RequestsLibrary">
<msg time="2024-05-09T01:02:03.921820" level="INFO">Creating Session using : alias=consultarAPI, url=https://randomuser.me/, headers={},                     cookies={}, auth=None, timeout=None, proxies=None, verify=False,                     debug=0 </msg>
<arg>consultarAPI</arg>
<arg>${URL}</arg>
<doc>Create Session: create a HTTP session to a server</doc>
<status status="PASS" start="2024-05-09T01:02:03.921609" elapsed="0.000412"/>
</kw>
<status status="PASS" start="2024-05-09T01:02:03.920582" elapsed="0.001812"/>
</kw>
<status status="PASS" start="2024-05-09T01:02:03.919905" elapsed="0.002690"/>
</test>
<test id="s1-s1-t2" name="Validar retorno 200 e JSON Válido" line="16">
<kw name="Teste de Requisicao Basica" owner="random-user-service">
<kw name="GET On Session" owner="RequestsLibrary">
<msg time="2024-05-09T01:02:04.040775" level="INFO">GET Request : url=https://randomuser.me/api 
 path_url=/api 
 headers={'User-Agent': 'python-requests/2.31.0', 'Accept-Encoding': 'gzip, deflate', 'Accept': '*/*', 'Connection': 'keep-alive'} 
 body=None 
 </msg>
<msg time="2024-05-09T01:02:04.040971" level="INFO">GET Response : url=https://randomuser.me/api 
 status=200, reason=OK 
 headers={'Date': 'Thu, 09 May 2024 01:02:04 GMT', 'Content-Type': 'application/json; charset=utf-8', 'Transfer-Encoding': 'chunked', 'Connection': 'keep-alive', 'X-Powered-By': 'Express', 'Access-Control-Allow-Origin': '*', 'Cache-Control': 'no-cache', 'ETag': 'W/"481-uA2kaya8j4Zz5ZcJtBKRaKBpVJw"', 'Vary': 'Accept-Encoding', 'Content-Encoding': 'gzip', 'CF-Cache-Status': 'DYNAMIC', 'Report-To': '{"endpoints":[{"url":"https:\\/\\/a.nel.cloudflare.com\\/report\\/v4?s=Hf2AnfeBMKRuM4GEsTrP7IivPNnMGd63Ghw5oE8waasAzKvLxP%2BWuLTkP1rjkW1ElZ6f8kiw23z%2BcsnAuPaCYzbPibujU%2BYktEKPD4jrbqeo0oW7rxo1H5nIu5pKQYwL"}],"group":"cf-nel","max_age":604800}', 'NEL': '{"success_fraction":0,"report_to":"cf-nel","max_age":604800}', 'Server': 'cloudflare', 'CF-RAY': '880dc30aed9f1119-ORD', 'alt-svc': 'h3=":443"; ma=86400'} 
 body={"results":[{"gender":"female","name":{"title":"Mrs","first":"Scarlett","last":"Hughes"},"location":{"street":{"number":6087,"name":"Anzac Drive"},"city":"Palmerston North","state":"Northland","country":"New Zealand","postcode":54711,"coordinates":{"latitude":"50.1168","longitude":"26.9183"},"timezone":{"offset":"-2:00","description":"Mid-Atlantic"}},"email":"scarlett.hughes@example.com","login":{"uuid":"e4769098-7e92-443a-9bfc-4cac92be0648","username":"silverfrog801","password":"woof","salt":"4MkqlQfR","md5":"b2e607ff226f42a61e659f27006afc58","sha1":"8459b798d1430ce5f197d90d7dc841e828ba65c6","sha256":"445bfd32a985a3b18c32b408d670ce3a275bee711edfa9a97e3398aabf8f6bb3"},"dob":{"date":"1983-05-25T13:38:25.382Z","age":40},"registered":{"date":"2018-08-01T09:23:56.259Z","age":5},"phone":"(178)-043-5731","cell":"(562)-135-1650","id":{"name":"","value":null},"picture":{"large":"https://randomuser.me/api/portraits/women/57.jpg","medium":"https://randomuser.me/api/portraits/med/women/57.jpg","thumbnail":"https://randomuser.me/api/portraits/thumb/women/57.jpg"},"nat":"NZ"}],"info":{"seed":"48c0ec13b1b1b9d7","results":1,"page":1,"version":"1.4"}} 
 </msg>
<msg time="2024-05-09T01:02:04.041068" level="INFO">/opt/hostedtoolcache/Python/3.12.3/x64/lib/python3.12/site-packages/urllib3/connectionpool.py:1103: InsecureRequestWarning: Unverified HTTPS request is being made to host 'randomuser.me'. Adding certificate verification is strongly advised. See: https://urllib3.readthedocs.io/en/latest/advanced-usage.html#tls-warnings
  warnings.warn(</msg>
<msg time="2024-05-09T01:02:04.041213" level="INFO">${response} = &lt;Response [200]&gt;</msg>
<var>${response}</var>
<arg>consultarAPI</arg>
<arg>/api</arg>
<doc>Sends a GET request on a previously created HTTP Session.</doc>
<status status="PASS" start="2024-05-09T01:02:03.925666" elapsed="0.115590"/>
</kw>
<kw name="Should Be Equal As Numbers" owner="BuiltIn">
<msg time="2024-05-09T01:02:04.042378" level="INFO">Argument types are:
&lt;class 'int'&gt;
&lt;class 'str'&gt;</msg>
<arg>${response.status_code}</arg>
<arg>200</arg>
<doc>Fails if objects are unequal after converting them to real numbers.</doc>
<status status="PASS" start="2024-05-09T01:02:04.041888" elapsed="0.000561"/>
</kw>
<kw name="Log" owner="BuiltIn">
<msg time="2024-05-09T01:02:04.043228" level="INFO">200</msg>
<arg>${response.status_code}</arg>
<doc>Logs the given message with the given level.</doc>
<status status="PASS" start="2024-05-09T01:02:04.042842" elapsed="0.000433"/>
</kw>
<kw name="Set Variable" owner="BuiltIn">
<msg time="2024-05-09T01:02:04.044097" level="INFO">${json_data} = {'results': [{'gender': 'female', 'name': {'title': 'Mrs', 'first': 'Scarlett', 'last': 'Hughes'}, 'location': {'street': {'number': 6087, 'name': 'Anzac Drive'}, 'city': 'Palmerston North', 'state': ...</msg>
<var>${json_data}</var>
<arg>${response.json()}</arg>
<doc>Returns the given values which can then be assigned to a variables.</doc>
<status status="PASS" start="2024-05-09T01:02:04.043599" elapsed="0.000529"/>
</kw>
<kw name="Dictionary Should Contain Key" owner="Collections">
<msg time="2024-05-09T01:02:04.044708" level="INFO">False</msg>
<arg>${json_data}</arg>
<arg>results</arg>
<doc>Fails if ``key`` is not found from ``dictionary``.</doc>
<status status="PASS" start="2024-05-09T01:02:04.044489" elapsed="0.000264"/>
</kw>
<status status="PASS" start="2024-05-09T01:02:03.925358" elapsed="0.119668"/>
</kw>
<doc>Testa se a API responde corretamente e retorna um objeto JSON válido.</doc>
<tag>testeRequisicaoBasica</tag>
<status status="PASS" start="2024-05-09T01:02:03.924790" elapsed="0.120433"/>
</test>
<test id="s1-s1-t3" name="Validar estrutura de resposta" line="22">
<kw name="Teste de Estrutura de Resposta" owner="random-user-service">
<kw name="GET On Session" owner="RequestsLibrary">
<msg time="2024-05-09T01:02:04.129985" level="INFO">GET Request : url=https://randomuser.me/api 
 path_url=/api 
 headers={'User-Agent': 'python-requests/2.31.0', 'Accept-Encoding': 'gzip, deflate', 'Accept': '*/*', 'Connection': 'keep-alive'} 
 body=None 
 </msg>
<msg time="2024-05-09T01:02:04.130094" level="INFO">GET Response : url=https://randomuser.me/api 
 status=200, reason=OK 
 headers={'Date': 'Thu, 09 May 2024 01:02:04 GMT', 'Content-Type': 'application/json; charset=utf-8', 'Transfer-Encoding': 'chunked', 'Connection': 'keep-alive', 'X-Powered-By': 'Express', 'Access-Control-Allow-Origin': '*', 'Cache-Control': 'no-cache', 'ETag': 'W/"474-/9JOsaexPgDR7xmwl07QuinTEpM"', 'Vary': 'Accept-Encoding', 'Content-Encoding': 'gzip', 'CF-Cache-Status': 'DYNAMIC', 'Report-To': '{"endpoints":[{"url":"https:\\/\\/a.nel.cloudflare.com\\/report\\/v4?s=x7lb7RBpFT0V%2FOfSVVj9JBJadTvpjMtyxCGXjtKiqf3guw2uLPgbC%2FFFtK01XwLBJZRmr7A37OR3LZA2omeZz0s38pPKnnefUhMdkxJbWBbnHlnhFWiCJfr53nQ4vX66"}],"group":"cf-nel","max_age":604800}', 'NEL': '{"success_fraction":0,"report_to":"cf-nel","max_age":604800}', 'Server': 'cloudflare', 'CF-RAY': '880dc30b5e4c1119-ORD', 'alt-svc': 'h3=":443"; ma=86400'} 
 body={"results":[{"gender":"male","name":{"title":"Mr","first":"Draško","last":"Rukavina"},"location":{"street":{"number":7317,"name":"Brutska"},"city":"Vranje","state":"West Bačka","country":"Serbia","postcode":18217,"coordinates":{"latitude":"58.8744","longitude":"-155.8935"},"timezone":{"offset":"-3:30","description":"Newfoundland"}},"email":"drasko.rukavina@example.com","login":{"uuid":"4a5b1ef1-76e5-479b-a7d1-34ac015b1bdb","username":"ticklishcat269","password":"jacques","salt":"Dz5tDJUQ","md5":"786687cb4320911cf6a724bd89cef815","sha1":"ac256cad0576553e8f480f31309f90dfb6d222f5","sha256":"49a307da53d138c8c5bdda051900263646a6509384334a560ded82f4df418a7f"},"dob":{"date":"1960-08-03T02:33:41.049Z","age":63},"registered":{"date":"2015-03-10T03:35:24.344Z","age":9},"phone":"010-3717-870","cell":"065-9654-611","id":{"name":"SID","value":"117162342"},"picture":{"large":"https://randomuser.me/api/portraits/men/76.jpg","medium":"https://randomuser.me/api/portraits/med/men/76.jpg","thumbnail":"https://randomuser.me/api/portraits/thumb/men/76.jpg"},"nat":"RS"}],"info":{"seed":"94c2369d13790bb3","results":1,"page":1,"version":"1.4"}} 
 </msg>
<msg time="2024-05-09T01:02:04.130223" level="INFO">/opt/hostedtoolcache/Python/3.12.3/x64/lib/python3.12/site-packages/urllib3/connectionpool.py:1103: InsecureRequestWarning: Unverified HTTPS request is being made to host 'randomuser.me'. Adding certificate verification is strongly advised. See: https://urllib3.readthedocs.io/en/latest/advanced-usage.html#tls-warnings
  warnings.warn(</msg>
<msg time="2024-05-09T01:02:04.130366" level="INFO">${response} = &lt;Response [200]&gt;</msg>
<var>${response}</var>
<arg>consultarAPI</arg>
<arg>/api</arg>
<doc>Sends a GET request on a previously created HTTP Session.</doc>
<status status="PASS" start="2024-05-09T01:02:04.048364" elapsed="0.082044"/>
</kw>
<kw name="Set Variable" owner="BuiltIn">
<msg time="2024-05-09T01:02:04.131647" level="INFO">${json_data} = {'results': [{'gender': 'male', 'name': {'title': 'Mr', 'first': 'Draško', 'last': 'Rukavina'}, 'location': {'street': {'number': 7317, 'name': 'Brutska'}, 'city': 'Vranje', 'state': 'West Bačka', 'co...</msg>
<var>${json_data}</var>
<arg>${response.json()}</arg>
<doc>Returns the given values which can then be assigned to a variables.</doc>
<status status="PASS" start="2024-05-09T01:02:04.131060" elapsed="0.000658"/>
</kw>
<kw name="Log" owner="BuiltIn">
<msg time="2024-05-09T01:02:04.132294" level="INFO">{'results': [{'gender': 'male', 'name': {'title': 'Mr', 'first': 'Draško', 'last': 'Rukavina'}, 'location': {'street': {'number': 7317, 'name': 'Brutska'}, 'city': 'Vranje', 'state': 'West Bačka', 'country': 'Serbia', 'postcode': 18217, 'coordinates': {'latitude': '58.8744', 'longitude': '-155.8935'}, 'timezone': {'offset': '-3:30', 'description': 'Newfoundland'}}, 'email': 'drasko.rukavina@example.com', 'login': {'uuid': '4a5b1ef1-76e5-479b-a7d1-34ac015b1bdb', 'username': 'ticklishcat269', 'password': 'jacques', 'salt': 'Dz5tDJUQ', 'md5': '786687cb4320911cf6a724bd89cef815', 'sha1': 'ac256cad0576553e8f480f31309f90dfb6d222f5', 'sha256': '49a307da53d138c8c5bdda051900263646a6509384334a560ded82f4df418a7f'}, 'dob': {'date': '1960-08-03T02:33:41.049Z', 'age': 63}, 'registered': {'date': '2015-03-10T03:35:24.344Z', 'age': 9}, 'phone': '010-3717-870', 'cell': '065-9654-611', 'id': {'name': 'SID', 'value': '117162342'}, 'picture': {'large': 'https://randomuser.me/api/portraits/men/76.jpg', 'medium': 'https://randomuser.me/api/portraits/med/men/76.jpg', 'thumbnail': 'https://randomuser.me/api/portraits/thumb/men/76.jpg'}, 'nat': 'RS'}], 'info': {'seed': '94c2369d13790bb3', 'results': 1, 'page': 1, 'version': '1.4'}}</msg>
<arg>${json_data}</arg>
<doc>Logs the given message with the given level.</doc>
<status status="PASS" start="2024-05-09T01:02:04.132103" elapsed="0.000247"/>
</kw>
<kw name="Dictionary Should Contain Key" owner="Collections">
<msg time="2024-05-09T01:02:04.132852" level="INFO">False</msg>
<arg>${json_data}</arg>
<arg>results</arg>
<doc>Fails if ``key`` is not found from ``dictionary``.</doc>
<status status="PASS" start="2024-05-09T01:02:04.132680" elapsed="0.000212"/>
</kw>
<kw name="Should Not Be Empty" owner="BuiltIn">
<msg time="2024-05-09T01:02:04.133347" level="INFO">Length is 2.</msg>
<arg>${json_data}</arg>
<doc>Verifies that the given item is not empty.</doc>
<status status="PASS" start="2024-05-09T01:02:04.133206" elapsed="0.000181"/>
</kw>
<kw name="Create List" owner="BuiltIn">
<msg time="2024-05-09T01:02:04.134006" level="INFO">${expected_keys} = ['gender', 'name', 'location', 'email', 'login']</msg>
<var>${expected_keys}</var>
<arg>gender</arg>
<arg>name</arg>
<arg>location</arg>
<arg>email</arg>
<arg>login</arg>
<doc>Returns a list containing given items.</doc>
<status status="PASS" start="2024-05-09T01:02:04.133683" elapsed="0.000350"/>
</kw>
<for flavor="IN">
<iter>
<kw name="Dictionary Should Contain Key" owner="Collections">
<msg time="2024-05-09T01:02:04.135071" level="INFO">False</msg>
<arg>${json_data['results'][0]}</arg>
<arg>${key}</arg>
<doc>Fails if ``key`` is not found from ``dictionary``.</doc>
<status status="PASS" start="2024-05-09T01:02:04.134643" elapsed="0.000468"/>
</kw>
<kw name="Log" owner="BuiltIn">
<msg time="2024-05-09T01:02:04.135852" level="INFO">{'gender': 'male', 'name': {'title': 'Mr', 'first': 'Draško', 'last': 'Rukavina'}, 'location': {'street': {'number': 7317, 'name': 'Brutska'}, 'city': 'Vranje', 'state': 'West Bačka', 'country': 'Serbia', 'postcode': 18217, 'coordinates': {'latitude': '58.8744', 'longitude': '-155.8935'}, 'timezone': {'offset': '-3:30', 'description': 'Newfoundland'}}, 'email': 'drasko.rukavina@example.com', 'login': {'uuid': '4a5b1ef1-76e5-479b-a7d1-34ac015b1bdb', 'username': 'ticklishcat269', 'password': 'jacques', 'salt': 'Dz5tDJUQ', 'md5': '786687cb4320911cf6a724bd89cef815', 'sha1': 'ac256cad0576553e8f480f31309f90dfb6d222f5', 'sha256': '49a307da53d138c8c5bdda051900263646a6509384334a560ded82f4df418a7f'}, 'dob': {'date': '1960-08-03T02:33:41.049Z', 'age': 63}, 'registered': {'date': '2015-03-10T03:35:24.344Z', 'age': 9}, 'phone': '010-3717-870', 'cell': '065-9654-611', 'id': {'name': 'SID', 'value': '117162342'}, 'picture': {'large': 'https://randomuser.me/api/portraits/men/76.jpg', 'medium': 'https://randomuser.me/api/portraits/med/men/76.jpg', 'thumbnail': 'https://randomuser.me/api/portraits/thumb/men/76.jpg'}, 'nat': 'RS'}</msg>
<arg>${json_data['results'][0]}</arg>
<doc>Logs the given message with the given level.</doc>
<status status="PASS" start="2024-05-09T01:02:04.135413" elapsed="0.000491"/>
</kw>
<kw name="Log" owner="BuiltIn">
<msg time="2024-05-09T01:02:04.136341" level="INFO">gender</msg>
<arg>${key}</arg>
<doc>Logs the given message with the given level.</doc>
<status status="PASS" start="2024-05-09T01:02:04.136212" elapsed="0.000167"/>
</kw>
<var name="${key}">gender</var>
<status status="PASS" start="2024-05-09T01:02:04.134511" elapsed="0.002086"/>
</iter>
<iter>
<kw name="Dictionary Should Contain Key" owner="Collections">
<msg time="2024-05-09T01:02:04.137300" level="INFO">False</msg>
<arg>${json_data['results'][0]}</arg>
<arg>${key}</arg>
<doc>Fails if ``key`` is not found from ``dictionary``.</doc>
<status status="PASS" start="2024-05-09T01:02:04.136913" elapsed="0.000426"/>
</kw>
<kw name="Log" owner="BuiltIn">
<msg time="2024-05-09T01:02:04.138042" level="INFO">{'gender': 'male', 'name': {'title': 'Mr', 'first': 'Draško', 'last': 'Rukavina'}, 'location': {'street': {'number': 7317, 'name': 'Brutska'}, 'city': 'Vranje', 'state': 'West Bačka', 'country': 'Serbia', 'postcode': 18217, 'coordinates': {'latitude': '58.8744', 'longitude': '-155.8935'}, 'timezone': {'offset': '-3:30', 'description': 'Newfoundland'}}, 'email': 'drasko.rukavina@example.com', 'login': {'uuid': '4a5b1ef1-76e5-479b-a7d1-34ac015b1bdb', 'username': 'ticklishcat269', 'password': 'jacques', 'salt': 'Dz5tDJUQ', 'md5': '786687cb4320911cf6a724bd89cef815', 'sha1': 'ac256cad0576553e8f480f31309f90dfb6d222f5', 'sha256': '49a307da53d138c8c5bdda051900263646a6509384334a560ded82f4df418a7f'}, 'dob': {'date': '1960-08-03T02:33:41.049Z', 'age': 63}, 'registered': {'date': '2015-03-10T03:35:24.344Z', 'age': 9}, 'phone': '010-3717-870', 'cell': '065-9654-611', 'id': {'name': 'SID', 'value': '117162342'}, 'picture': {'large': 'https://randomuser.me/api/portraits/men/76.jpg', 'medium': 'https://randomuser.me/api/portraits/med/men/76.jpg', 'thumbnail': 'https://randomuser.me/api/portraits/thumb/men/76.jpg'}, 'nat': 'RS'}</msg>
<arg>${json_data['results'][0]}</arg>
<doc>Logs the given message with the given level.</doc>
<status status="PASS" start="2024-05-09T01:02:04.137669" elapsed="0.000424"/>
</kw>
<kw name="Log" owner="BuiltIn">
<msg time="2024-05-09T01:02:04.138528" level="INFO">name</msg>
<arg>${key}</arg>
<doc>Logs the given message with the given level.</doc>
<status status="PASS" start="2024-05-09T01:02:04.138398" elapsed="0.000170"/>
</kw>
<var name="${key}">name</var>
<status status="PASS" start="2024-05-09T01:02:04.136796" elapsed="0.001998"/>
</iter>
<iter>
<kw name="Dictionary Should Contain Key" owner="Collections">
<msg time="2024-05-09T01:02:04.139495" level="INFO">False</msg>
<arg>${json_data['results'][0]}</arg>
<arg>${key}</arg>
<doc>Fails if ``key`` is not found from ``dictionary``.</doc>
<status status="PASS" start="2024-05-09T01:02:04.139094" elapsed="0.000441"/>
</kw>
<kw name="Log" owner="BuiltIn">
<msg time="2024-05-09T01:02:04.140249" level="INFO">{'gender': 'male', 'name': {'title': 'Mr', 'first': 'Draško', 'last': 'Rukavina'}, 'location': {'street': {'number': 7317, 'name': 'Brutska'}, 'city': 'Vranje', 'state': 'West Bačka', 'country': 'Serbia', 'postcode': 18217, 'coordinates': {'latitude': '58.8744', 'longitude': '-155.8935'}, 'timezone': {'offset': '-3:30', 'description': 'Newfoundland'}}, 'email': 'drasko.rukavina@example.com', 'login': {'uuid': '4a5b1ef1-76e5-479b-a7d1-34ac015b1bdb', 'username': 'ticklishcat269', 'password': 'jacques', 'salt': 'Dz5tDJUQ', 'md5': '786687cb4320911cf6a724bd89cef815', 'sha1': 'ac256cad0576553e8f480f31309f90dfb6d222f5', 'sha256': '49a307da53d138c8c5bdda051900263646a6509384334a560ded82f4df418a7f'}, 'dob': {'date': '1960-08-03T02:33:41.049Z', 'age': 63}, 'registered': {'date': '2015-03-10T03:35:24.344Z', 'age': 9}, 'phone': '010-3717-870', 'cell': '065-9654-611', 'id': {'name': 'SID', 'value': '117162342'}, 'picture': {'large': 'https://randomuser.me/api/portraits/men/76.jpg', 'medium': 'https://randomuser.me/api/portraits/med/men/76.jpg', 'thumbnail': 'https://randomuser.me/api/portraits/thumb/men/76.jpg'}, 'nat': 'RS'}</msg>
<arg>${json_data['results'][0]}</arg>
<doc>Logs the given message with the given level.</doc>
<status status="PASS" start="2024-05-09T01:02:04.139874" elapsed="0.000426"/>
</kw>
<kw name="Log" owner="BuiltIn">
<msg time="2024-05-09T01:02:04.140728" level="INFO">location</msg>
<arg>${key}</arg>
<doc>Logs the given message with the given level.</doc>
<status status="PASS" start="2024-05-09T01:02:04.140601" elapsed="0.000166"/>
</kw>
<var name="${key}">location</var>
<status status="PASS" start="2024-05-09T01:02:04.138980" elapsed="0.002054"/>
</iter>
<iter>
<kw name="Dictionary Should Contain Key" owner="Collections">
<msg time="2024-05-09T01:02:04.141729" level="INFO">False</msg>
<arg>${json_data['results'][0]}</arg>
<arg>${key}</arg>
<doc>Fails if ``key`` is not found from ``dictionary``.</doc>
<status status="PASS" start="2024-05-09T01:02:04.141337" elapsed="0.000430"/>
</kw>
<kw name="Log" owner="BuiltIn">
<msg time="2024-05-09T01:02:04.142436" level="INFO">{'gender': 'male', 'name': {'title': 'Mr', 'first': 'Draško', 'last': 'Rukavina'}, 'location': {'street': {'number': 7317, 'name': 'Brutska'}, 'city': 'Vranje', 'state': 'West Bačka', 'country': 'Serbia', 'postcode': 18217, 'coordinates': {'latitude': '58.8744', 'longitude': '-155.8935'}, 'timezone': {'offset': '-3:30', 'description': 'Newfoundland'}}, 'email': 'drasko.rukavina@example.com', 'login': {'uuid': '4a5b1ef1-76e5-479b-a7d1-34ac015b1bdb', 'username': 'ticklishcat269', 'password': 'jacques', 'salt': 'Dz5tDJUQ', 'md5': '786687cb4320911cf6a724bd89cef815', 'sha1': 'ac256cad0576553e8f480f31309f90dfb6d222f5', 'sha256': '49a307da53d138c8c5bdda051900263646a6509384334a560ded82f4df418a7f'}, 'dob': {'date': '1960-08-03T02:33:41.049Z', 'age': 63}, 'registered': {'date': '2015-03-10T03:35:24.344Z', 'age': 9}, 'phone': '010-3717-870', 'cell': '065-9654-611', 'id': {'name': 'SID', 'value': '117162342'}, 'picture': {'large': 'https://randomuser.me/api/portraits/men/76.jpg', 'medium': 'https://randomuser.me/api/portraits/med/men/76.jpg', 'thumbnail': 'https://randomuser.me/api/portraits/thumb/men/76.jpg'}, 'nat': 'RS'}</msg>
<arg>${json_data['results'][0]}</arg>
<doc>Logs the given message with the given level.</doc>
<status status="PASS" start="2024-05-09T01:02:04.142068" elapsed="0.000418"/>
</kw>
<kw name="Log" owner="BuiltIn">
<msg time="2024-05-09T01:02:04.142909" level="INFO">email</msg>
<arg>${key}</arg>
<doc>Logs the given message with the given level.</doc>
<status status="PASS" start="2024-05-09T01:02:04.142782" elapsed="0.000164"/>
</kw>
<var name="${key}">email</var>
<status status="PASS" start="2024-05-09T01:02:04.141224" elapsed="0.001948"/>
</iter>
<iter>
<kw name="Dictionary Should Contain Key" owner="Collections">
<msg time="2024-05-09T01:02:04.143907" level="INFO">False</msg>
<arg>${json_data['results'][0]}</arg>
<arg>${key}</arg>
<doc>Fails if ``key`` is not found from ``dictionary``.</doc>
<status status="PASS" start="2024-05-09T01:02:04.143457" elapsed="0.000490"/>
</kw>
<kw name="Log" owner="BuiltIn">
<msg time="2024-05-09T01:02:04.144613" level="INFO">{'gender': 'male', 'name': {'title': 'Mr', 'first': 'Draško', 'last': 'Rukavina'}, 'location': {'street': {'number': 7317, 'name': 'Brutska'}, 'city': 'Vranje', 'state': 'West Bačka', 'country': 'Serbia', 'postcode': 18217, 'coordinates': {'latitude': '58.8744', 'longitude': '-155.8935'}, 'timezone': {'offset': '-3:30', 'description': 'Newfoundland'}}, 'email': 'drasko.rukavina@example.com', 'login': {'uuid': '4a5b1ef1-76e5-479b-a7d1-34ac015b1bdb', 'username': 'ticklishcat269', 'password': 'jacques', 'salt': 'Dz5tDJUQ', 'md5': '786687cb4320911cf6a724bd89cef815', 'sha1': 'ac256cad0576553e8f480f31309f90dfb6d222f5', 'sha256': '49a307da53d138c8c5bdda051900263646a6509384334a560ded82f4df418a7f'}, 'dob': {'date': '1960-08-03T02:33:41.049Z', 'age': 63}, 'registered': {'date': '2015-03-10T03:35:24.344Z', 'age': 9}, 'phone': '010-3717-870', 'cell': '065-9654-611', 'id': {'name': 'SID', 'value': '117162342'}, 'picture': {'large': 'https://randomuser.me/api/portraits/men/76.jpg', 'medium': 'https://randomuser.me/api/portraits/med/men/76.jpg', 'thumbnail': 'https://randomuser.me/api/portraits/thumb/men/76.jpg'}, 'nat': 'RS'}</msg>
<arg>${json_data['results'][0]}</arg>
<doc>Logs the given message with the given level.</doc>
<status status="PASS" start="2024-05-09T01:02:04.144248" elapsed="0.000416"/>
</kw>
<kw name="Log" owner="BuiltIn">
<msg time="2024-05-09T01:02:04.145095" level="INFO">login</msg>
<arg>${key}</arg>
<doc>Logs the given message with the given level.</doc>
<status status="PASS" start="2024-05-09T01:02:04.144966" elapsed="0.000167"/>
</kw>
<var name="${key}">login</var>
<status status="PASS" start="2024-05-09T01:02:04.143346" elapsed="0.002004"/>
</iter>
<var>${key}</var>
<value>@{expected_keys}</value>
<status status="PASS" start="2024-05-09T01:02:04.134309" elapsed="0.011164"/>
</for>
<kw name="Create List" owner="BuiltIn">
<msg time="2024-05-09T01:02:04.145842" level="INFO">${expected_keysTwo} = ['username', 'password']</msg>
<var>${expected_keysTwo}</var>
<arg>username</arg>
<arg>password</arg>
<doc>Returns a list containing given items.</doc>
<status status="PASS" start="2024-05-09T01:02:04.145700" elapsed="0.000165"/>
</kw>
<for flavor="IN">
<iter>
<kw name="Dictionary Should Contain Key" owner="Collections">
<msg time="2024-05-09T01:02:04.146769" level="INFO">False</msg>
<arg>${json_data['results'][0]['login']}</arg>
<arg>${keyTwo}</arg>
<doc>Fails if ``key`` is not found from ``dictionary``.</doc>
<status status="PASS" start="2024-05-09T01:02:04.146373" elapsed="0.000435"/>
</kw>
<kw name="Dictionary Should Contain Key" owner="Collections">
<msg time="2024-05-09T01:02:04.147493" level="INFO">False</msg>
<arg>${json_data['results'][0]['login']}</arg>
<arg>${keyTwo}</arg>
<doc>Fails if ``key`` is not found from ``dictionary``.</doc>
<status status="PASS" start="2024-05-09T01:02:04.147107" elapsed="0.000424"/>
</kw>
<kw name="Log" owner="BuiltIn">
<msg time="2024-05-09T01:02:04.148004" level="INFO">username</msg>
<arg>${keyTwo}</arg>
<doc>Logs the given message with the given level.</doc>
<status status="PASS" start="2024-05-09T01:02:04.147871" elapsed="0.000178"/>
</kw>
<var name="${keyTwo}">username</var>
<status status="PASS" start="2024-05-09T01:02:04.146264" elapsed="0.002005"/>
</iter>
<iter>
<kw name="Dictionary Should Contain Key" owner="Collections">
<msg time="2024-05-09T01:02:04.148944" level="INFO">False</msg>
<arg>${json_data['results'][0]['login']}</arg>
<arg>${keyTwo}</arg>
<doc>Fails if ``key`` is not found from ``dictionary``.</doc>
<status status="PASS" start="2024-05-09T01:02:04.148555" elapsed="0.000427"/>
</kw>
<kw name="Dictionary Should Contain Key" owner="Collections">
<msg time="2024-05-09T01:02:04.149759" level="INFO">False</msg>
<arg>${json_data['results'][0]['login']}</arg>
<arg>${keyTwo}</arg>
<doc>Fails if ``key`` is not found from ``dictionary``.</doc>
<status status="PASS" start="2024-05-09T01:02:04.149278" elapsed="0.000521"/>
</kw>
<kw name="Log" owner="BuiltIn">
<msg time="2024-05-09T01:02:04.150226" level="INFO">password</msg>
<arg>${keyTwo}</arg>
<doc>Logs the given message with the given level.</doc>
<status status="PASS" start="2024-05-09T01:02:04.150098" elapsed="0.000165"/>
</kw>
<var name="${keyTwo}">password</var>
<status status="PASS" start="2024-05-09T01:02:04.148444" elapsed="0.002037"/>
</iter>
<var>${keyTwo}</var>
<value>@{expected_keysTwo}</value>
<status status="PASS" start="2024-05-09T01:02:04.146105" elapsed="0.004497"/>
</for>
<status status="PASS" start="2024-05-09T01:02:04.048004" elapsed="0.102739"/>
</kw>
<doc>Testa a estrutura da resposta da API.</doc>
<tag>testeEstruturaResposta</tag>
<status status="PASS" start="2024-05-09T01:02:04.047159" elapsed="0.103750"/>
</test>
<test id="s1-s1-t4" name="Validar tipos de dados" line="28">
<kw name="Teste de Tipos de Dados" owner="random-user-service">
<kw name="GET On Session" owner="RequestsLibrary">
<msg time="2024-05-09T01:02:04.238144" level="INFO">GET Request : url=https://randomuser.me/api 
 path_url=/api 
 headers={'User-Agent': 'python-requests/2.31.0', 'Accept-Encoding': 'gzip, deflate', 'Accept': '*/*', 'Connection': 'keep-alive'} 
 body=None 
 </msg>
<msg time="2024-05-09T01:02:04.238261" level="INFO">GET Response : url=https://randomuser.me/api 
 status=200, reason=OK 
 headers={'Date': 'Thu, 09 May 2024 01:02:04 GMT', 'Content-Type': 'application/json; charset=utf-8', 'Transfer-Encoding': 'chunked', 'Connection': 'keep-alive', 'X-Powered-By': 'Express', 'Access-Control-Allow-Origin': '*', 'Cache-Control': 'no-cache', 'ETag': 'W/"4a2-vGiKGWBxZy0rnWIXfsUrVwveZVE"', 'Vary': 'Accept-Encoding', 'Content-Encoding': 'gzip', 'CF-Cache-Status': 'DYNAMIC', 'Report-To': '{"endpoints":[{"url":"https:\\/\\/a.nel.cloudflare.com\\/report\\/v4?s=ZJP%2B7Z4YDT0jPUoOEvdFIpN%2BjGyTWTYT1Pa7Or25OX25vFIUI3VUKOtfFTDEvC6PYA9GqvGW3cW5Glxq7upU0WTsgvY1rkylAzqnOI0qydnUlss3Ds6ZwkSy0BpbYdnX"}],"group":"cf-nel","max_age":604800}', 'NEL': '{"success_fraction":0,"report_to":"cf-nel","max_age":604800}', 'Server': 'cloudflare', 'CF-RAY': '880dc30bff7a1119-ORD', 'alt-svc': 'h3=":443"; ma=86400'} 
 body={"results":[{"gender":"male","name":{"title":"Mr","first":"Gerald","last":"Austin"},"location":{"street":{"number":5762,"name":"Brick Kiln Road"},"city":"Londonderry","state":"North Yorkshire","country":"United Kingdom","postcode":"O4I 1BW","coordinates":{"latitude":"-7.3051","longitude":"-116.4786"},"timezone":{"offset":"-7:00","description":"Mountain Time (US &amp; Canada)"}},"email":"gerald.austin@example.com","login":{"uuid":"503918a6-0d2c-491d-bdb1-c4492b7f8222","username":"sadbutterfly805","password":"snapple","salt":"cYkXLf1R","md5":"78b55251eb80ce3f7f35d4a627902c85","sha1":"ee09472fd97dde0edec73a027586b11af89118ab","sha256":"56afcf6d040cc84aa1a78d07398e7d01a02a0e3c4fbc30529fa222373e9f8bbf"},"dob":{"date":"1961-09-22T01:01:11.683Z","age":62},"registered":{"date":"2007-06-02T06:48:09.976Z","age":16},"phone":"016977 76697","cell":"07893 574485","id":{"name":"NINO","value":"RK 13 56 74 B"},"picture":{"large":"https://randomuser.me/api/portraits/men/60.jpg","medium":"https://randomuser.me/api/portraits/med/men/60.jpg","thumbnail":"https://randomuser.me/api/portraits/thumb/men/60.jpg"},"nat":"GB"}],"info":{"seed":"e382dc7e1d76789a","results":1,"page":1,"version":"1.4"}} 
 </msg>
<msg time="2024-05-09T01:02:04.238341" level="INFO">/opt/hostedtoolcache/Python/3.12.3/x64/lib/python3.12/site-packages/urllib3/connectionpool.py:1103: InsecureRequestWarning: Unverified HTTPS request is being made to host 'randomuser.me'. Adding certificate verification is strongly advised. See: https://urllib3.readthedocs.io/en/latest/advanced-usage.html#tls-warnings
  warnings.warn(</msg>
<msg time="2024-05-09T01:02:04.238466" level="INFO">${response} = &lt;Response [200]&gt;</msg>
<var>${response}</var>
<arg>consultarAPI</arg>
<arg>/api</arg>
<doc>Sends a GET request on a previously created HTTP Session.</doc>
<status status="PASS" start="2024-05-09T01:02:04.155087" elapsed="0.083422"/>
</kw>
<kw name="Set Variable" owner="BuiltIn">
<msg time="2024-05-09T01:02:04.239853" level="INFO">${json_data} = {'results': [{'gender': 'male', 'name': {'title': 'Mr', 'first': 'Gerald', 'last': 'Austin'}, 'location': {'street': {'number': 5762, 'name': 'Brick Kiln Road'}, 'city': 'Londonderry', 'state': 'North...</msg>
<var>${json_data}</var>
<arg>${response.json()}</arg>
<doc>Returns the given values which can then be assigned to a variables.</doc>
<status status="PASS" start="2024-05-09T01:02:04.239200" elapsed="0.000684"/>
</kw>
<kw name="Log" owner="BuiltIn">
<msg time="2024-05-09T01:02:04.240442" level="INFO">{'results': [{'gender': 'male', 'name': {'title': 'Mr', 'first': 'Gerald', 'last': 'Austin'}, 'location': {'street': {'number': 5762, 'name': 'Brick Kiln Road'}, 'city': 'Londonderry', 'state': 'North Yorkshire', 'country': 'United Kingdom', 'postcode': 'O4I 1BW', 'coordinates': {'latitude': '-7.3051', 'longitude': '-116.4786'}, 'timezone': {'offset': '-7:00', 'description': 'Mountain Time (US &amp; Canada)'}}, 'email': 'gerald.austin@example.com', 'login': {'uuid': '503918a6-0d2c-491d-bdb1-c4492b7f8222', 'username': 'sadbutterfly805', 'password': 'snapple', 'salt': 'cYkXLf1R', 'md5': '78b55251eb80ce3f7f35d4a627902c85', 'sha1': 'ee09472fd97dde0edec73a027586b11af89118ab', 'sha256': '56afcf6d040cc84aa1a78d07398e7d01a02a0e3c4fbc30529fa222373e9f8bbf'}, 'dob': {'date': '1961-09-22T01:01:11.683Z', 'age': 62}, 'registered': {'date': '2007-06-02T06:48:09.976Z', 'age': 16}, 'phone': '016977 76697', 'cell': '07893 574485', 'id': {'name': 'NINO', 'value': 'RK 13 56 74 B'}, 'picture': {'large': 'https://randomuser.me/api/portraits/men/60.jpg', 'medium': 'https://randomuser.me/api/portraits/med/men/60.jpg', 'thumbnail': 'https://randomuser.me/api/portraits/thumb/men/60.jpg'}, 'nat': 'GB'}], 'info': {'seed': 'e382dc7e1d76789a', 'results': 1, 'page': 1, 'version': '1.4'}}</msg>
<arg>${json_data}</arg>
<doc>Logs the given message with the given level.</doc>
<status status="PASS" start="2024-05-09T01:02:04.240264" elapsed="0.000267"/>
</kw>
<kw name="Should Be String" owner="String">
<arg>${json_data['results'][0]['gender']}</arg>
<doc>Fails if the given ``item`` is not a string.</doc>
<status status="PASS" start="2024-05-09T01:02:04.240855" elapsed="0.000393"/>
</kw>
<kw name="Should Match Regexp" owner="BuiltIn">
<arg>${json_data['results'][0]['email']}</arg>
<arg>^[a-zA-Z0-9._%+-]+@[a-zA-Z0-9.-]+\.[a-zA-Z]{2,}$</arg>
<doc>Fails if ``string`` does not match ``pattern`` as a regular expression.</doc>
<status status="PASS" start="2024-05-09T01:02:04.241453" elapsed="0.000532"/>
</kw>
<kw name="Should Match Regexp" owner="BuiltIn">
<arg>${json_data['results'][0]['dob']['date']}</arg>
<arg>\\d{4}-\\d{2}-\\d{2}T\\d{2}:\\d{2}:\\d{2}\\.\\d{3}Z</arg>
<doc>Fails if ``string`` does not match ``pattern`` as a regular expression.</doc>
<status status="PASS" start="2024-05-09T01:02:04.242186" elapsed="0.000508"/>
</kw>
<kw name="Should Match Regexp" owner="BuiltIn">
<arg>${json_data['results'][0]['registered']['date']}</arg>
<arg>\\d{4}-\\d{2}-\\d{2}T\\d{2}:\\d{2}:\\d{2}\\.\\d{3}Z</arg>
<doc>Fails if ``string`` does not match ``pattern`` as a regular expression.</doc>
<status status="PASS" start="2024-05-09T01:02:04.242892" elapsed="0.000375"/>
</kw>
<kw name="Should Match Regexp" owner="BuiltIn">
<arg>${json_data['results'][0]['picture']['large']}</arg>
<arg>^https?://.*\.(?:png|jpe?g|gif|bmp)$</arg>
<doc>Fails if ``string`` does not match ``pattern`` as a regular expression.</doc>
<status status="PASS" start="2024-05-09T01:02:04.243458" elapsed="0.000524"/>
</kw>
<kw name="Should Match Regexp" owner="BuiltIn">
<arg>${json_data['results'][0]['picture']['medium']}</arg>
<arg>^https?://.*\.(?:png|jpe?g|gif|bmp)$</arg>
<doc>Fails if ``string`` does not match ``pattern`` as a regular expression.</doc>
<status status="PASS" start="2024-05-09T01:02:04.244179" elapsed="0.000371"/>
</kw>
<kw name="Should Match Regexp" owner="BuiltIn">
<arg>${json_data['results'][0]['picture']['thumbnail']}</arg>
<arg>^https?://.*\.(?:png|jpe?g|gif|bmp)$</arg>
<doc>Fails if ``string`` does not match ``pattern`` as a regular expression.</doc>
<status status="PASS" start="2024-05-09T01:02:04.244745" elapsed="0.000356"/>
</kw>
<kw name="Log" owner="BuiltIn">
<msg time="2024-05-09T01:02:04.245613" level="INFO">{'large': 'https://randomuser.me/api/portraits/men/60.jpg', 'medium': 'https://randomuser.me/api/portraits/med/men/60.jpg', 'thumbnail': 'https://randomuser.me/api/portraits/thumb/men/60.jpg'}</msg>
<arg>${json_data['results'][0]['picture']}</arg>
<doc>Logs the given message with the given level.</doc>
<status status="PASS" start="2024-05-09T01:02:04.245285" elapsed="0.000370"/>
</kw>
<status status="PASS" start="2024-05-09T01:02:04.154711" elapsed="0.091211"/>
</kw>
<kw name="Teste de Tipos de Dados - Postcode" owner="random-user-service">
<kw name="GET On Session" owner="RequestsLibrary">
<msg time="2024-05-09T01:02:04.339119" level="INFO">GET Request : url=https://randomuser.me/api 
 path_url=/api 
 headers={'User-Agent': 'python-requests/2.31.0', 'Accept-Encoding': 'gzip, deflate', 'Accept': '*/*', 'Connection': 'keep-alive'} 
 body=None 
 </msg>
<msg time="2024-05-09T01:02:04.339235" level="INFO">GET Response : url=https://randomuser.me/api 
 status=200, reason=OK 
 headers={'Date': 'Thu, 09 May 2024 01:02:04 GMT', 'Content-Type': 'application/json; charset=utf-8', 'Transfer-Encoding': 'chunked', 'Connection': 'keep-alive', 'X-Powered-By': 'Express', 'Access-Control-Allow-Origin': '*', 'Cache-Control': 'no-cache', 'ETag': 'W/"488-8Xwbf/vfcdiaEbzUbLPvRVBNz2o"', 'Vary': 'Accept-Encoding', 'Content-Encoding': 'gzip', 'CF-Cache-Status': 'DYNAMIC', 'Report-To': '{"endpoints":[{"url":"https:\\/\\/a.nel.cloudflare.com\\/report\\/v4?s=XCU95yZnt3aw2CdlzQj84AVwP0UgcbW5vqbYXQolFLiGiZLlT2Yr%2FC1st5xjRdyDa9HhYx71fpDfGY4M7ToVE3peT7thJxRSvrSJ2ti%2FxGbqaagg0%2FCruV8qlirl6Bpe"}],"group":"cf-nel","max_age":604800}', 'NEL': '{"success_fraction":0,"report_to":"cf-nel","max_age":604800}', 'Server': 'cloudflare', 'CF-RAY': '880dc30c88891119-ORD', 'alt-svc': 'h3=":443"; ma=86400'} 
 body={"results":[{"gender":"female","name":{"title":"Miss","first":"Thea","last":"Brown"},"location":{"street":{"number":8609,"name":"Kamo Road"},"city":"Lower Hutt","state":"Taranaki","country":"New Zealand","postcode":70427,"coordinates":{"latitude":"54.0390","longitude":"20.8716"},"timezone":{"offset":"+4:00","description":"Abu Dhabi, Muscat, Baku, Tbilisi"}},"email":"thea.brown@example.com","login":{"uuid":"f05ad66b-a8fc-47ee-928d-1b97f1960ec4","username":"ticklishbird752","password":"maddie","salt":"F0XD351l","md5":"08f98072ec45aeb9657644a6795ecf8a","sha1":"e178aca48e19e055eba7524eaa83b03ee270d407","sha256":"74523d0c556589bd64715d2099210cda36caf1c316f68e0fffe0cda1f16ba9e5"},"dob":{"date":"1978-05-23T02:35:55.609Z","age":45},"registered":{"date":"2012-01-29T02:04:07.905Z","age":12},"phone":"(054)-088-3856","cell":"(444)-234-8515","id":{"name":"","value":null},"picture":{"large":"https://randomuser.me/api/portraits/women/92.jpg","medium":"https://randomuser.me/api/portraits/med/women/92.jpg","thumbnail":"https://randomuser.me/api/portraits/thumb/women/92.jpg"},"nat":"NZ"}],"info":{"seed":"1720f70bf2bb66a6","results":1,"page":1,"version":"1.4"}} 
 </msg>
<msg time="2024-05-09T01:02:04.339319" level="INFO">/opt/hostedtoolcache/Python/3.12.3/x64/lib/python3.12/site-packages/urllib3/connectionpool.py:1103: InsecureRequestWarning: Unverified HTTPS request is being made to host 'randomuser.me'. Adding certificate verification is strongly advised. See: https://urllib3.readthedocs.io/en/latest/advanced-usage.html#tls-warnings
  warnings.warn(</msg>
<msg time="2024-05-09T01:02:04.339463" level="INFO">${response} = &lt;Response [200]&gt;</msg>
<var>${response}</var>
<arg>consultarAPI</arg>
<arg>/api</arg>
<doc>Sends a GET request on a previously created HTTP Session.</doc>
<status status="PASS" start="2024-05-09T01:02:04.246400" elapsed="0.093104"/>
</kw>
<kw name="Set Variable" owner="BuiltIn">
<msg time="2024-05-09T01:02:04.340801" level="INFO">${json_data} = {'results': [{'gender': 'female', 'name': {'title': 'Miss', 'first': 'Thea', 'last': 'Brown'}, 'location': {'street': {'number': 8609, 'name': 'Kamo Road'}, 'city': 'Lower Hutt', 'state': 'Taranaki', ...</msg>
<var>${json_data}</var>
<arg>${response.json()}</arg>
<doc>Returns the given values which can then be assigned to a variables.</doc>
<status status="PASS" start="2024-05-09T01:02:04.340195" elapsed="0.000636"/>
</kw>
<kw name="Log" owner="BuiltIn">
<msg time="2024-05-09T01:02:04.341369" level="INFO">{'results': [{'gender': 'female', 'name': {'title': 'Miss', 'first': 'Thea', 'last': 'Brown'}, 'location': {'street': {'number': 8609, 'name': 'Kamo Road'}, 'city': 'Lower Hutt', 'state': 'Taranaki', 'country': 'New Zealand', 'postcode': 70427, 'coordinates': {'latitude': '54.0390', 'longitude': '20.8716'}, 'timezone': {'offset': '+4:00', 'description': 'Abu Dhabi, Muscat, Baku, Tbilisi'}}, 'email': 'thea.brown@example.com', 'login': {'uuid': 'f05ad66b-a8fc-47ee-928d-1b97f1960ec4', 'username': 'ticklishbird752', 'password': 'maddie', 'salt': 'F0XD351l', 'md5': '08f98072ec45aeb9657644a6795ecf8a', 'sha1': 'e178aca48e19e055eba7524eaa83b03ee270d407', 'sha256': '74523d0c556589bd64715d2099210cda36caf1c316f68e0fffe0cda1f16ba9e5'}, 'dob': {'date': '1978-05-23T02:35:55.609Z', 'age': 45}, 'registered': {'date': '2012-01-29T02:04:07.905Z', 'age': 12}, 'phone': '(054)-088-3856', 'cell': '(444)-234-8515', 'id': {'name': '', 'value': None}, 'picture': {'large': 'https://randomuser.me/api/portraits/women/92.jpg', 'medium': 'https://randomuser.me/api/portraits/med/women/92.jpg', 'thumbnail': 'https://randomuser.me/api/portraits/thumb/women/92.jpg'}, 'nat': 'NZ'}], 'info': {'seed': '1720f70bf2bb66a6', 'results': 1, 'page': 1, 'version': '1.4'}}</msg>
<arg>${json_data}</arg>
<doc>Logs the given message with the given level.</doc>
<status status="PASS" start="2024-05-09T01:02:04.341194" elapsed="0.000263"/>
</kw>
<kw name="Should Be Equal As Numbers" owner="BuiltIn">
<arg>${json_data['results'][0]['location']['postcode']}</arg>
<arg>${json_data['results'][0]['location']['postcode']}</arg>
<doc>Fails if objects are unequal after converting them to real numbers.</doc>
<status status="PASS" start="2024-05-09T01:02:04.341782" elapsed="0.000850"/>
</kw>
<kw name="Log" owner="BuiltIn">
<msg time="2024-05-09T01:02:04.343184" level="INFO">70427</msg>
<arg>${json_data['results'][0]['location']['postcode']}</arg>
<doc>Logs the given message with the given level.</doc>
<status status="PASS" start="2024-05-09T01:02:04.342839" elapsed="0.000387"/>
</kw>
<status status="PASS" start="2024-05-09T01:02:04.246160" elapsed="0.097330"/>
</kw>
<doc>Testa se os tipos de dados na resposta da API estão corretos.</doc>
<tag>testeTiposDados</tag>
<status status="PASS" start="2024-05-09T01:02:04.153979" elapsed="0.189719"/>
</test>
<test id="s1-s1-t5" name="Validar conteudo" line="35">
<kw name="Teste de Tipos de Conteudo" owner="random-user-service">
<kw name="GET On Session" owner="RequestsLibrary">
<msg time="2024-05-09T01:02:04.444792" level="INFO">GET Request : url=https://randomuser.me/api 
 path_url=/api 
 headers={'User-Agent': 'python-requests/2.31.0', 'Accept-Encoding': 'gzip, deflate', 'Accept': '*/*', 'Connection': 'keep-alive'} 
 body=None 
 </msg>
<msg time="2024-05-09T01:02:04.444892" level="INFO">GET Response : url=https://randomuser.me/api 
 status=200, reason=OK 
 headers={'Date': 'Thu, 09 May 2024 01:02:04 GMT', 'Content-Type': 'application/json; charset=utf-8', 'Transfer-Encoding': 'chunked', 'Connection': 'keep-alive', 'X-Powered-By': 'Express', 'Access-Control-Allow-Origin': '*', 'Cache-Control': 'no-cache', 'ETag': 'W/"485-EQ7sT5xJDkSTLT3kl6Rpzc0Pg4c"', 'Vary': 'Accept-Encoding', 'Content-Encoding': 'gzip', 'CF-Cache-Status': 'DYNAMIC', 'Report-To': '{"endpoints":[{"url":"https:\\/\\/a.nel.cloudflare.com\\/report\\/v4?s=BMPXhraX6GzKjZOsxRsAeFjd0%2BDxhH2SjyZSnZ3CKSV5zB2%2FqTwpo4iQjOV1SK3XUlK4EN8%2FQubIUrEQZgiCU7e3oaUfpkuwK%2FOgS1ntasvZjJl1TsUjunbo9I0RE5Gj"}],"group":"cf-nel","max_age":604800}', 'NEL': '{"success_fraction":0,"report_to":"cf-nel","max_age":604800}', 'Server': 'cloudflare', 'CF-RAY': '880dc30d29a51119-ORD', 'alt-svc': 'h3=":443"; ma=86400'} 
 body={"results":[{"gender":"female","name":{"title":"Ms","first":"Isla","last":"Green"},"location":{"street":{"number":5094,"name":"Wainoni Road"},"city":"Nelson","state":"Nelson","country":"New Zealand","postcode":40089,"coordinates":{"latitude":"54.4591","longitude":"46.6324"},"timezone":{"offset":"+5:30","description":"Bombay, Calcutta, Madras, New Delhi"}},"email":"isla.green@example.com","login":{"uuid":"73db8e87-57da-46c2-8798-6752ab94dd97","username":"orangekoala530","password":"maggie","salt":"D3NzWjIC","md5":"ec2dc024637776fb4142f78f473b86f1","sha1":"d43d7843b9d8910697f12e4bd52ff76650f36cd5","sha256":"b7ca49be338350d57e7b7bf1fcb9d663d65d00e14879d53dceeb999f6706349f"},"dob":{"date":"1964-05-15T00:51:58.449Z","age":59},"registered":{"date":"2004-11-12T12:11:41.248Z","age":19},"phone":"(752)-886-4376","cell":"(338)-035-9632","id":{"name":"","value":null},"picture":{"large":"https://randomuser.me/api/portraits/women/64.jpg","medium":"https://randomuser.me/api/portraits/med/women/64.jpg","thumbnail":"https://randomuser.me/api/portraits/thumb/women/64.jpg"},"nat":"NZ"}],"info":{"seed":"a244c53bff21e7ca","results":1,"page":1,"version":"1.4"}} 
 </msg>
<msg time="2024-05-09T01:02:04.444962" level="INFO">/opt/hostedtoolcache/Python/3.12.3/x64/lib/python3.12/site-packages/urllib3/connectionpool.py:1103: InsecureRequestWarning: Unverified HTTPS request is being made to host 'randomuser.me'. Adding certificate verification is strongly advised. See: https://urllib3.readthedocs.io/en/latest/advanced-usage.html#tls-warnings
  warnings.warn(</msg>
<msg time="2024-05-09T01:02:04.445086" level="INFO">${response} = &lt;Response [200]&gt;</msg>
<var>${response}</var>
<arg>consultarAPI</arg>
<arg>/api</arg>
<doc>Sends a GET request on a previously created HTTP Session.</doc>
<status status="PASS" start="2024-05-09T01:02:04.346347" elapsed="0.098780"/>
</kw>
<kw name="Set Variable" owner="BuiltIn">
<msg time="2024-05-09T01:02:04.446368" level="INFO">${json_data} = {'results': [{'gender': 'female', 'name': {'title': 'Ms', 'first': 'Isla', 'last': 'Green'}, 'location': {'street': {'number': 5094, 'name': 'Wainoni Road'}, 'city': 'Nelson', 'state': 'Nelson', 'coun...</msg>
<var>${json_data}</var>
<arg>${response.json()}</arg>
<doc>Returns the given values which can then be assigned to a variables.</doc>
<status status="PASS" start="2024-05-09T01:02:04.445782" elapsed="0.000615"/>
</kw>
<kw name="Set Variable" owner="BuiltIn">
<msg time="2024-05-09T01:02:04.447120" level="INFO">${name_title} = Ms</msg>
<var>${name_title}</var>
<arg>${json_data["results"][0]["name"]["title"]}</arg>
<doc>Returns the given values which can then be assigned to a variables.</doc>
<status status="PASS" start="2024-05-09T01:02:04.446722" elapsed="0.000424"/>
</kw>
<kw name="Create List" owner="BuiltIn">
<msg time="2024-05-09T01:02:04.447600" level="INFO">${allowed_titles} = ['Mr', 'Ms', 'Miss', 'Mrs', 'Madame', 'Monsieur']</msg>
<var>${allowed_titles}</var>
<arg>Mr</arg>
<arg>Ms</arg>
<arg>Miss</arg>
<arg>Mrs</arg>
<arg>Madame</arg>
<arg>Monsieur</arg>
<doc>Returns a list containing given items.</doc>
<status status="PASS" start="2024-05-09T01:02:04.447451" elapsed="0.000175"/>
</kw>
<kw name="List Should Contain Value" owner="Collections">
<msg time="2024-05-09T01:02:04.448198" level="INFO">False</msg>
<arg>${allowed_titles}</arg>
<arg>${name_title}</arg>
<doc>Fails if the ``value`` is not found from ``list``.</doc>
<status status="PASS" start="2024-05-09T01:02:04.448018" elapsed="0.000219"/>
</kw>
<kw name="Set Variable" owner="BuiltIn">
<msg time="2024-05-09T01:02:04.448928" level="INFO">${name_country} = NZ</msg>
<var>${name_country}</var>
<arg>${json_data["results"][0]["nat"]}</arg>
<doc>Returns the given values which can then be assigned to a variables.</doc>
<status status="PASS" start="2024-05-09T01:02:04.448531" elapsed="0.000423"/>
</kw>
<kw name="Create List" owner="BuiltIn">
<msg time="2024-05-09T01:02:04.449852" level="INFO">${list_country} = ['AD', 'AE', 'AF', 'AG', 'AI', 'AL', 'AM', 'AO', 'AQ', 'AR', 'AS', 'AT', 'AU', 'AW', 'AX', 'AZ', 'BA', 'BB', 'BD', 'BE', 'BF', 'BG', 'BH', 'BI', 'BJ', 'BL', 'BM', 'BN', 'BO', 'BQ', 'BR', 'BS', 'BT', '...</msg>
<var>${list_country}</var>
<arg>AD</arg>
<arg>AE</arg>
<arg>AF</arg>
<arg>AG</arg>
<arg>AI</arg>
<arg>AL</arg>
<arg>AM</arg>
<arg>AO</arg>
<arg>AQ</arg>
<arg>AR</arg>
<arg>AS</arg>
<arg>AT</arg>
<arg>AU</arg>
<arg>AW</arg>
<arg>AX</arg>
<arg>AZ</arg>
<arg>BA</arg>
<arg>BB</arg>
<arg>BD</arg>
<arg>BE</arg>
<arg>BF</arg>
<arg>BG</arg>
<arg>BH</arg>
<arg>BI</arg>
<arg>BJ</arg>
<arg>BL</arg>
<arg>BM</arg>
<arg>BN</arg>
<arg>BO</arg>
<arg>BQ</arg>
<arg>BR</arg>
<arg>BS</arg>
<arg>BT</arg>
<arg>BV</arg>
<arg>BW</arg>
<arg>BY</arg>
<arg>BZ</arg>
<arg>CA</arg>
<arg>CC</arg>
<arg>CD</arg>
<arg>CF</arg>
<arg>CG</arg>
<arg>CH</arg>
<arg>CI</arg>
<arg>CK</arg>
<arg>CL</arg>
<arg>CM</arg>
<arg>CN</arg>
<arg>CO</arg>
<arg>CR</arg>
<arg>CU</arg>
<arg>CV</arg>
<arg>CW</arg>
<arg>CX</arg>
<arg>CY</arg>
<arg>CZ</arg>
<arg>DE</arg>
<arg>DJ</arg>
<arg>DK</arg>
<arg>DM</arg>
<arg>DO</arg>
<arg>DZ</arg>
<arg>EC</arg>
<arg>EE</arg>
<arg>EG</arg>
<arg>EH</arg>
<arg>ER</arg>
<arg>ES</arg>
<arg>ET</arg>
<arg>FI</arg>
<arg>FJ</arg>
<arg>FK</arg>
<arg>FM</arg>
<arg>FO</arg>
<arg>FR</arg>
<arg>GA</arg>
<arg>GB</arg>
<arg>GD</arg>
<arg>GE</arg>
<arg>GF</arg>
<arg>GG</arg>
<arg>GH</arg>
<arg>GI</arg>
<arg>GL</arg>
<arg>GM</arg>
<arg>GN</arg>
<arg>GP</arg>
<arg>GQ</arg>
<arg>GR</arg>
<arg>GS</arg>
<arg>GT</arg>
<arg>GU</arg>
<arg>GW</arg>
<arg>GY</arg>
<arg>HK</arg>
<arg>HM</arg>
<arg>HN</arg>
<arg>HR</arg>
<arg>HT</arg>
<arg>HU</arg>
<arg>ID</arg>
<arg>IE</arg>
<arg>IL</arg>
<arg>IM</arg>
<arg>IN</arg>
<arg>IO</arg>
<arg>IQ</arg>
<arg>IR</arg>
<arg>IS</arg>
<arg>IT</arg>
<arg>JE</arg>
<arg>JM</arg>
<arg>JO</arg>
<arg>JP</arg>
<arg>KE</arg>
<arg>KG</arg>
<arg>KH</arg>
<arg>KI</arg>
<arg>KM</arg>
<arg>KN</arg>
<arg>KP</arg>
<arg>KR</arg>
<arg>KW</arg>
<arg>KY</arg>
<arg>KZ</arg>
<arg>LA</arg>
<arg>LB</arg>
<arg>LC</arg>
<arg>LI</arg>
<arg>LK</arg>
<arg>LR</arg>
<arg>LS</arg>
<arg>LT</arg>
<arg>LU</arg>
<arg>LV</arg>
<arg>LY</arg>
<arg>MA</arg>
<arg>MC</arg>
<arg>MD</arg>
<arg>ME</arg>
<arg>MF</arg>
<arg>MG</arg>
<arg>MH</arg>
<arg>MK</arg>
<arg>ML</arg>
<arg>MM</arg>
<arg>MN</arg>
<arg>MO</arg>
<arg>MP</arg>
<arg>MQ</arg>
<arg>MR</arg>
<arg>MS</arg>
<arg>MT</arg>
<arg>MU</arg>
<arg>MV</arg>
<arg>MW</arg>
<arg>MX</arg>
<arg>MY</arg>
<arg>MZ</arg>
<arg>NA</arg>
<arg>NC</arg>
<arg>NE</arg>
<arg>NF</arg>
<arg>NG</arg>
<arg>NI</arg>
<arg>NL</arg>
<arg>NO</arg>
<arg>NP</arg>
<arg>NR</arg>
<arg>NU</arg>
<arg>NZ</arg>
<arg>OM</arg>
<arg>PA</arg>
<arg>PE</arg>
<arg>PF</arg>
<arg>PG</arg>
<arg>PH</arg>
<arg>PK</arg>
<arg>PL</arg>
<arg>PM</arg>
<arg>PN</arg>
<arg>PR</arg>
<arg>PS</arg>
<arg>PT</arg>
<arg>PW</arg>
<arg>PY</arg>
<arg>QA</arg>
<arg>RE</arg>
<arg>RO</arg>
<arg>RS</arg>
<arg>RU</arg>
<arg>RW</arg>
<arg>SA</arg>
<arg>SB</arg>
<arg>SC</arg>
<arg>SD</arg>
<arg>SE</arg>
<arg>SG</arg>
<arg>SH</arg>
<arg>SI</arg>
<arg>SJ</arg>
<arg>SK</arg>
<arg>SL</arg>
<arg>SM</arg>
<arg>SN</arg>
<arg>SO</arg>
<arg>SR</arg>
<arg>SS</arg>
<arg>ST</arg>
<arg>SV</arg>
<arg>SX</arg>
<arg>SY</arg>
<arg>SZ</arg>
<arg>TC</arg>
<arg>TD</arg>
<arg>TF</arg>
<arg>TG</arg>
<arg>TH</arg>
<arg>TJ</arg>
<arg>TK</arg>
<arg>TL</arg>
<arg>TM</arg>
<arg>TN</arg>
<arg>TO</arg>
<arg>TR</arg>
<arg>TT</arg>
<arg>TV</arg>
<arg>TW</arg>
<arg>TZ</arg>
<arg>UA</arg>
<arg>UG</arg>
<arg>UM</arg>
<arg>US</arg>
<arg>UY</arg>
<arg>UZ</arg>
<arg>VA</arg>
<arg>VC</arg>
<arg>VE</arg>
<arg>VG</arg>
<arg>VI</arg>
<arg>VN</arg>
<arg>VU</arg>
<arg>WF</arg>
<arg>WS</arg>
<arg>XK</arg>
<arg>YE</arg>
<arg>YT</arg>
<arg>ZA</arg>
<arg>ZM</arg>
<arg>ZW</arg>
<doc>Returns a list containing given items.</doc>
<status status="PASS" start="2024-05-09T01:02:04.449259" elapsed="0.000619"/>
</kw>
<kw name="List Should Contain Value" owner="Collections">
<msg time="2024-05-09T01:02:04.450886" level="INFO">False</msg>
<arg>${list_country}</arg>
<arg>${name_country}</arg>
<doc>Fails if the ``value`` is not found from ``list``.</doc>
<status status="PASS" start="2024-05-09T01:02:04.450680" elapsed="0.000244"/>
</kw>
<kw name="Run Keyword If" owner="BuiltIn">
<kw name="Should Be True" owner="BuiltIn">
<arg>${True}</arg>
<doc>Fails if the given condition is not true.</doc>
<status status="PASS" start="2024-05-09T01:02:04.452051" elapsed="0.000156"/>
</kw>
<arg>${json_data["results"][0]["location"]["coordinates"]["latitude"]} &gt;= -90 and ${json_data["results"][0]["location"]["coordinates"]["latitude"]} &lt;= 90</arg>
<arg>Should Be True</arg>
<arg>${True}</arg>
<doc>Runs the given keyword with the given arguments, if ``condition`` is true.</doc>
<status status="PASS" start="2024-05-09T01:02:04.451240" elapsed="0.001095"/>
</kw>
<kw name="Run Keyword If" owner="BuiltIn">
<kw name="Should Be True" owner="BuiltIn">
<arg>${True}</arg>
<doc>Fails if the given condition is not true.</doc>
<status status="PASS" start="2024-05-09T01:02:04.453232" elapsed="0.000273"/>
</kw>
<arg>${json_data["results"][0]["location"]["coordinates"]["longitude"]} &gt;= -180 and ${json_data["results"][0]["location"]["coordinates"]["longitude"]} &lt;= 180</arg>
<arg>Should Be True</arg>
<arg>${True}</arg>
<doc>Runs the given keyword with the given arguments, if ``condition`` is true.</doc>
<status status="PASS" start="2024-05-09T01:02:04.452523" elapsed="0.001109"/>
</kw>
<status status="PASS" start="2024-05-09T01:02:04.346104" elapsed="0.107663"/>
</kw>
<doc>Testa o conteúdo específico dos campos retornados pela API.</doc>
<tag>testeConteudo</tag>
<status status="PASS" start="2024-05-09T01:02:04.345538" elapsed="0.108387"/>
</test>
<status status="PASS" start="2024-05-09T01:02:03.578289" elapsed="0.877680"/>
</suite>
<status status="PASS" start="2024-05-09T01:02:03.564403" elapsed="0.897104"/>
</suite>
<statistics>
<total>
<stat pass="5" fail="0" skip="0">All Tests</stat>
</total>
<tag>
<stat pass="1" fail="0" skip="0">testeConteudo</stat>
<stat pass="1" fail="0" skip="0">testeEstruturaResposta</stat>
<stat pass="1" fail="0" skip="0">testeRequisicaoBasica</stat>
<stat pass="1" fail="0" skip="0">testeTiposDados</stat>
</tag>
<suite>
<stat pass="5" fail="0" skip="0" id="s1" name="Tests">Tests</stat>
<stat pass="5" fail="0" skip="0" id="s1-s1" name="Random-User-Test">Tests.Random-User-Test</stat>
</suite>
</statistics>
<errors>
</errors>
</robot>
