<?xml version="1.0" encoding="UTF-8"?>
<robot generator="Robot 7.0 (Python 3.12.3 on linux)" generated="2024-06-10T05:15:16.325474" rpa="false" schemaversion="5">
<suite id="s1" name="Tests" source="/home/runner/work/ApiRandomUser/ApiRandomUser/RamdonUser/tests">
<suite id="s1-s1" name="Random-User-Test" source="/home/runner/work/ApiRandomUser/ApiRandomUser/RamdonUser/tests/random-user-test.robot">
<test id="s1-s1-t1" name="Conectar" line="13">
<kw name="Conectar API" owner="random-user-service">
<kw name="Create Session" owner="RequestsLibrary">
<msg time="2024-06-10T05:15:16.702151" level="INFO">Creating Session using : alias=consultarAPI, url=https://randomuser.me/, headers={},                     cookies={}, auth=None, timeout=None, proxies=None, verify=False,                     debug=0 </msg>
<arg>consultarAPI</arg>
<arg>${URL}</arg>
<doc>Create Session: create a HTTP session to a server</doc>
<status status="PASS" start="2024-06-10T05:15:16.701951" elapsed="0.000368"/>
</kw>
<status status="PASS" start="2024-06-10T05:15:16.700946" elapsed="0.001727"/>
</kw>
<status status="PASS" start="2024-06-10T05:15:16.700389" elapsed="0.002476"/>
</test>
<test id="s1-s1-t2" name="Validar retorno 200 e JSON Válido" line="16">
<kw name="Teste de Requisicao Basica" owner="random-user-service">
<kw name="GET On Session" owner="RequestsLibrary">
<msg time="2024-06-10T05:15:16.871893" level="INFO">GET Request : url=https://randomuser.me/api 
 path_url=/api 
 headers={'User-Agent': 'python-requests/2.32.3', 'Accept-Encoding': 'gzip, deflate', 'Accept': '*/*', 'Connection': 'keep-alive'} 
 body=None 
 </msg>
<msg time="2024-06-10T05:15:16.872024" level="INFO">GET Response : url=https://randomuser.me/api 
 status=200, reason=OK 
 headers={'Date': 'Mon, 10 Jun 2024 05:15:16 GMT', 'Content-Type': 'application/json; charset=utf-8', 'Transfer-Encoding': 'chunked', 'Connection': 'keep-alive', 'X-Powered-By': 'Express', 'Access-Control-Allow-Origin': '*', 'Cache-Control': 'no-cache', 'ETag': 'W/"484-jYrBUW8lGoj72DYNdze1DBF0MeA"', 'Vary': 'Accept-Encoding', 'Content-Encoding': 'gzip', 'CF-Cache-Status': 'DYNAMIC', 'Report-To': '{"endpoints":[{"url":"https:\\/\\/a.nel.cloudflare.com\\/report\\/v4?s=popgoKA0zjfqocMtWM%2FEMvDen1M0yHrp6CYJAYwYEWFbgFcGSJcpsLIPjK0H%2FAg7XyyfroHtn1bb5RFOo64DXtDnSnqs6I0tp0RU%2F3FknArmVFTg9aXPjxaBfd1x%2BS6L"}],"group":"cf-nel","max_age":604800}', 'NEL': '{"success_fraction":0,"report_to":"cf-nel","max_age":604800}', 'Server': 'cloudflare', 'CF-RAY': '8916e1f59d979e76-SJC', 'alt-svc': 'h3=":443"; ma=86400'} 
 body={"results":[{"gender":"female","name":{"title":"Ms","first":"Meta","last":"Rath"},"location":{"street":{"number":7631,"name":"Eichenweg"},"city":"Ludwigshafen am Rhein","state":"Schleswig-Holstein","country":"Germany","postcode":98391,"coordinates":{"latitude":"-48.3138","longitude":"147.0874"},"timezone":{"offset":"+3:30","description":"Tehran"}},"email":"meta.rath@example.com","login":{"uuid":"bab9c48e-f4e5-4e18-94b0-019ee7f08fba","username":"angrybear183","password":"real","salt":"p5x6eF2s","md5":"9d4327a660f598279141978a1e13c412","sha1":"e2b707148118aa1eaa4d07a6f4496dda83a7f88d","sha256":"598a2753edd689ab2d46271ec92b7e4abdf03d934dcf7528c4a09cadfd69e2ee"},"dob":{"date":"1979-08-10T10:20:34.662Z","age":44},"registered":{"date":"2020-10-21T00:14:29.245Z","age":3},"phone":"0490-5966268","cell":"0172-9859798","id":{"name":"SVNR","value":"67 100879 R 791"},"picture":{"large":"https://randomuser.me/api/portraits/women/86.jpg","medium":"https://randomuser.me/api/portraits/med/women/86.jpg","thumbnail":"https://randomuser.me/api/portraits/thumb/women/86.jpg"},"nat":"DE"}],"info":{"seed":"575de04bfda67b1d","results":1,"page":1,"version":"1.4"}} 
 </msg>
<msg time="2024-06-10T05:15:16.872105" level="INFO">/opt/hostedtoolcache/Python/3.12.3/x64/lib/python3.12/site-packages/urllib3/connectionpool.py:1103: InsecureRequestWarning: Unverified HTTPS request is being made to host 'randomuser.me'. Adding certificate verification is strongly advised. See: https://urllib3.readthedocs.io/en/latest/advanced-usage.html#tls-warnings
  warnings.warn(</msg>
<msg time="2024-06-10T05:15:16.872226" level="INFO">${response} = &lt;Response [200]&gt;</msg>
<var>${response}</var>
<arg>consultarAPI</arg>
<arg>/api</arg>
<doc>Sends a GET request on a previously created HTTP Session.</doc>
<status status="PASS" start="2024-06-10T05:15:16.705558" elapsed="0.166710"/>
</kw>
<kw name="Should Be Equal As Numbers" owner="BuiltIn">
<msg time="2024-06-10T05:15:16.873254" level="INFO">Argument types are:
&lt;class 'int'&gt;
&lt;class 'str'&gt;</msg>
<arg>${response.status_code}</arg>
<arg>200</arg>
<doc>Fails if objects are unequal after converting them to real numbers.</doc>
<status status="PASS" start="2024-06-10T05:15:16.872773" elapsed="0.000545"/>
</kw>
<kw name="Log" owner="BuiltIn">
<msg time="2024-06-10T05:15:16.874019" level="INFO">200</msg>
<arg>${response.status_code}</arg>
<doc>Logs the given message with the given level.</doc>
<status status="PASS" start="2024-06-10T05:15:16.873670" elapsed="0.000397"/>
</kw>
<kw name="Set Variable" owner="BuiltIn">
<msg time="2024-06-10T05:15:16.874825" level="INFO">${json_data} = {'results': [{'gender': 'female', 'name': {'title': 'Ms', 'first': 'Meta', 'last': 'Rath'}, 'location': {'street': {'number': 7631, 'name': 'Eichenweg'}, 'city': 'Ludwigshafen am Rhein', 'state': 'Sch...</msg>
<var>${json_data}</var>
<arg>${response.json()}</arg>
<doc>Returns the given values which can then be assigned to a variables.</doc>
<status status="PASS" start="2024-06-10T05:15:16.874383" elapsed="0.000470"/>
</kw>
<kw name="Dictionary Should Contain Key" owner="Collections">
<msg time="2024-06-10T05:15:16.875348" level="INFO">False</msg>
<arg>${json_data}</arg>
<arg>results</arg>
<doc>Fails if ``key`` is not found from ``dictionary``.</doc>
<status status="PASS" start="2024-06-10T05:15:16.875152" elapsed="0.000371"/>
</kw>
<status status="PASS" start="2024-06-10T05:15:16.705307" elapsed="0.170500"/>
</kw>
<doc>Testa se a API responde corretamente e retorna um objeto JSON válido.</doc>
<tag>testeRequisicaoBasica</tag>
<status status="PASS" start="2024-06-10T05:15:16.704792" elapsed="0.171188"/>
</test>
<test id="s1-s1-t3" name="Validar estrutura de resposta" line="22">
<kw name="Teste de Estrutura de Resposta" owner="random-user-service">
<kw name="GET On Session" owner="RequestsLibrary">
<msg time="2024-06-10T05:15:16.970521" level="INFO">GET Request : url=https://randomuser.me/api 
 path_url=/api 
 headers={'User-Agent': 'python-requests/2.32.3', 'Accept-Encoding': 'gzip, deflate', 'Accept': '*/*', 'Connection': 'keep-alive'} 
 body=None 
 </msg>
<msg time="2024-06-10T05:15:16.970603" level="INFO">GET Response : url=https://randomuser.me/api 
 status=200, reason=OK 
 headers={'Date': 'Mon, 10 Jun 2024 05:15:16 GMT', 'Content-Type': 'application/json; charset=utf-8', 'Transfer-Encoding': 'chunked', 'Connection': 'keep-alive', 'X-Powered-By': 'Express', 'Access-Control-Allow-Origin': '*', 'Cache-Control': 'no-cache', 'ETag': 'W/"461-6i5utmjHj58XPdnquxUxJ1GEwD0"', 'Vary': 'Accept-Encoding', 'Content-Encoding': 'gzip', 'CF-Cache-Status': 'DYNAMIC', 'Report-To': '{"endpoints":[{"url":"https:\\/\\/a.nel.cloudflare.com\\/report\\/v4?s=TVhSHKk5PQ9GC%2FHdmfOUd2ibdFAOTgdT4PCQUIPD%2FDL6P7xUTHHyIJ7ybpFtZcDoIFLRfu4gIV3ba4Y10dPCH6HfrvKkmawQVgcrQwzrqu9rM2lkYwOGslsHFXDhkCu1"}],"group":"cf-nel","max_age":604800}', 'NEL': '{"success_fraction":0,"report_to":"cf-nel","max_age":604800}', 'Server': 'cloudflare', 'CF-RAY': '8916e1f68e699e76-SJC', 'alt-svc': 'h3=":443"; ma=86400'} 
 body={"results":[{"gender":"male","name":{"title":"Mr","first":"Joe","last":"Foster"},"location":{"street":{"number":4714,"name":"Park Road"},"city":"Donabate","state":"Louth","country":"Ireland","postcode":60880,"coordinates":{"latitude":"-1.2350","longitude":"-19.4099"},"timezone":{"offset":"-10:00","description":"Hawaii"}},"email":"joe.foster@example.com","login":{"uuid":"8417a499-a3a7-40e0-a686-db6fefc8a26f","username":"orangegorilla850","password":"gore","salt":"OmOCc4b4","md5":"23db5eb51a7ea38b8d7172278431555a","sha1":"bbd28413ed3cb93352b0f818abf042bcedb68162","sha256":"b7040b032cfee3262d28dff152c8401f9cf4782566b5ed39c4a4bc07fe76da1c"},"dob":{"date":"1986-07-01T10:42:58.078Z","age":37},"registered":{"date":"2010-06-27T09:05:22.160Z","age":13},"phone":"071-985-6139","cell":"081-786-4368","id":{"name":"PPS","value":"0194709T"},"picture":{"large":"https://randomuser.me/api/portraits/men/98.jpg","medium":"https://randomuser.me/api/portraits/med/men/98.jpg","thumbnail":"https://randomuser.me/api/portraits/thumb/men/98.jpg"},"nat":"IE"}],"info":{"seed":"834a2dbee394efa2","results":1,"page":1,"version":"1.4"}} 
 </msg>
<msg time="2024-06-10T05:15:16.970715" level="INFO">/opt/hostedtoolcache/Python/3.12.3/x64/lib/python3.12/site-packages/urllib3/connectionpool.py:1103: InsecureRequestWarning: Unverified HTTPS request is being made to host 'randomuser.me'. Adding certificate verification is strongly advised. See: https://urllib3.readthedocs.io/en/latest/advanced-usage.html#tls-warnings
  warnings.warn(</msg>
<msg time="2024-06-10T05:15:16.970840" level="INFO">${response} = &lt;Response [200]&gt;</msg>
<var>${response}</var>
<arg>consultarAPI</arg>
<arg>/api</arg>
<doc>Sends a GET request on a previously created HTTP Session.</doc>
<status status="PASS" start="2024-06-10T05:15:16.878669" elapsed="0.092218"/>
</kw>
<kw name="Set Variable" owner="BuiltIn">
<msg time="2024-06-10T05:15:16.971815" level="INFO">${json_data} = {'results': [{'gender': 'male', 'name': {'title': 'Mr', 'first': 'Joe', 'last': 'Foster'}, 'location': {'street': {'number': 4714, 'name': 'Park Road'}, 'city': 'Donabate', 'state': 'Louth', 'country'...</msg>
<var>${json_data}</var>
<arg>${response.json()}</arg>
<doc>Returns the given values which can then be assigned to a variables.</doc>
<status status="PASS" start="2024-06-10T05:15:16.971360" elapsed="0.000486"/>
</kw>
<kw name="Log" owner="BuiltIn">
<msg time="2024-06-10T05:15:16.972320" level="INFO">{'results': [{'gender': 'male', 'name': {'title': 'Mr', 'first': 'Joe', 'last': 'Foster'}, 'location': {'street': {'number': 4714, 'name': 'Park Road'}, 'city': 'Donabate', 'state': 'Louth', 'country': 'Ireland', 'postcode': 60880, 'coordinates': {'latitude': '-1.2350', 'longitude': '-19.4099'}, 'timezone': {'offset': '-10:00', 'description': 'Hawaii'}}, 'email': 'joe.foster@example.com', 'login': {'uuid': '8417a499-a3a7-40e0-a686-db6fefc8a26f', 'username': 'orangegorilla850', 'password': 'gore', 'salt': 'OmOCc4b4', 'md5': '23db5eb51a7ea38b8d7172278431555a', 'sha1': 'bbd28413ed3cb93352b0f818abf042bcedb68162', 'sha256': 'b7040b032cfee3262d28dff152c8401f9cf4782566b5ed39c4a4bc07fe76da1c'}, 'dob': {'date': '1986-07-01T10:42:58.078Z', 'age': 37}, 'registered': {'date': '2010-06-27T09:05:22.160Z', 'age': 13}, 'phone': '071-985-6139', 'cell': '081-786-4368', 'id': {'name': 'PPS', 'value': '0194709T'}, 'picture': {'large': 'https://randomuser.me/api/portraits/men/98.jpg', 'medium': 'https://randomuser.me/api/portraits/med/men/98.jpg', 'thumbnail': 'https://randomuser.me/api/portraits/thumb/men/98.jpg'}, 'nat': 'IE'}], 'info': {'seed': '834a2dbee394efa2', 'results': 1, 'page': 1, 'version': '1.4'}}</msg>
<arg>${json_data}</arg>
<doc>Logs the given message with the given level.</doc>
<status status="PASS" start="2024-06-10T05:15:16.972162" elapsed="0.000207"/>
</kw>
<kw name="Dictionary Should Contain Key" owner="Collections">
<msg time="2024-06-10T05:15:16.972827" level="INFO">False</msg>
<arg>${json_data}</arg>
<arg>results</arg>
<doc>Fails if ``key`` is not found from ``dictionary``.</doc>
<status status="PASS" start="2024-06-10T05:15:16.972666" elapsed="0.000199"/>
</kw>
<kw name="Should Not Be Empty" owner="BuiltIn">
<msg time="2024-06-10T05:15:16.973304" level="INFO">Length is 2.</msg>
<arg>${json_data}</arg>
<doc>Verifies that the given item is not empty.</doc>
<status status="PASS" start="2024-06-10T05:15:16.973164" elapsed="0.000181"/>
</kw>
<kw name="Create List" owner="BuiltIn">
<msg time="2024-06-10T05:15:16.973798" level="INFO">${expected_keys} = ['gender', 'name', 'location', 'email', 'login']</msg>
<var>${expected_keys}</var>
<arg>gender</arg>
<arg>name</arg>
<arg>location</arg>
<arg>email</arg>
<arg>login</arg>
<doc>Returns a list containing given items.</doc>
<status status="PASS" start="2024-06-10T05:15:16.973645" elapsed="0.000178"/>
</kw>
<for flavor="IN">
<iter>
<kw name="Dictionary Should Contain Key" owner="Collections">
<msg time="2024-06-10T05:15:16.974817" level="INFO">False</msg>
<arg>${json_data['results'][0]}</arg>
<arg>${key}</arg>
<doc>Fails if ``key`` is not found from ``dictionary``.</doc>
<status status="PASS" start="2024-06-10T05:15:16.974408" elapsed="0.000452"/>
</kw>
<kw name="Log" owner="BuiltIn">
<msg time="2024-06-10T05:15:16.975562" level="INFO">{'gender': 'male', 'name': {'title': 'Mr', 'first': 'Joe', 'last': 'Foster'}, 'location': {'street': {'number': 4714, 'name': 'Park Road'}, 'city': 'Donabate', 'state': 'Louth', 'country': 'Ireland', 'postcode': 60880, 'coordinates': {'latitude': '-1.2350', 'longitude': '-19.4099'}, 'timezone': {'offset': '-10:00', 'description': 'Hawaii'}}, 'email': 'joe.foster@example.com', 'login': {'uuid': '8417a499-a3a7-40e0-a686-db6fefc8a26f', 'username': 'orangegorilla850', 'password': 'gore', 'salt': 'OmOCc4b4', 'md5': '23db5eb51a7ea38b8d7172278431555a', 'sha1': 'bbd28413ed3cb93352b0f818abf042bcedb68162', 'sha256': 'b7040b032cfee3262d28dff152c8401f9cf4782566b5ed39c4a4bc07fe76da1c'}, 'dob': {'date': '1986-07-01T10:42:58.078Z', 'age': 37}, 'registered': {'date': '2010-06-27T09:05:22.160Z', 'age': 13}, 'phone': '071-985-6139', 'cell': '081-786-4368', 'id': {'name': 'PPS', 'value': '0194709T'}, 'picture': {'large': 'https://randomuser.me/api/portraits/men/98.jpg', 'medium': 'https://randomuser.me/api/portraits/med/men/98.jpg', 'thumbnail': 'https://randomuser.me/api/portraits/thumb/men/98.jpg'}, 'nat': 'IE'}</msg>
<arg>${json_data['results'][0]}</arg>
<doc>Logs the given message with the given level.</doc>
<status status="PASS" start="2024-06-10T05:15:16.975167" elapsed="0.000446"/>
</kw>
<kw name="Log" owner="BuiltIn">
<msg time="2024-06-10T05:15:16.976049" level="INFO">gender</msg>
<arg>${key}</arg>
<doc>Logs the given message with the given level.</doc>
<status status="PASS" start="2024-06-10T05:15:16.975917" elapsed="0.000171"/>
</kw>
<var name="${key}">gender</var>
<status status="PASS" start="2024-06-10T05:15:16.974271" elapsed="0.002033"/>
</iter>
<iter>
<kw name="Dictionary Should Contain Key" owner="Collections">
<msg time="2024-06-10T05:15:16.976996" level="INFO">False</msg>
<arg>${json_data['results'][0]}</arg>
<arg>${key}</arg>
<doc>Fails if ``key`` is not found from ``dictionary``.</doc>
<status status="PASS" start="2024-06-10T05:15:16.976610" elapsed="0.000424"/>
</kw>
<kw name="Log" owner="BuiltIn">
<msg time="2024-06-10T05:15:16.977723" level="INFO">{'gender': 'male', 'name': {'title': 'Mr', 'first': 'Joe', 'last': 'Foster'}, 'location': {'street': {'number': 4714, 'name': 'Park Road'}, 'city': 'Donabate', 'state': 'Louth', 'country': 'Ireland', 'postcode': 60880, 'coordinates': {'latitude': '-1.2350', 'longitude': '-19.4099'}, 'timezone': {'offset': '-10:00', 'description': 'Hawaii'}}, 'email': 'joe.foster@example.com', 'login': {'uuid': '8417a499-a3a7-40e0-a686-db6fefc8a26f', 'username': 'orangegorilla850', 'password': 'gore', 'salt': 'OmOCc4b4', 'md5': '23db5eb51a7ea38b8d7172278431555a', 'sha1': 'bbd28413ed3cb93352b0f818abf042bcedb68162', 'sha256': 'b7040b032cfee3262d28dff152c8401f9cf4782566b5ed39c4a4bc07fe76da1c'}, 'dob': {'date': '1986-07-01T10:42:58.078Z', 'age': 37}, 'registered': {'date': '2010-06-27T09:05:22.160Z', 'age': 13}, 'phone': '071-985-6139', 'cell': '081-786-4368', 'id': {'name': 'PPS', 'value': '0194709T'}, 'picture': {'large': 'https://randomuser.me/api/portraits/men/98.jpg', 'medium': 'https://randomuser.me/api/portraits/med/men/98.jpg', 'thumbnail': 'https://randomuser.me/api/portraits/thumb/men/98.jpg'}, 'nat': 'IE'}</msg>
<arg>${json_data['results'][0]}</arg>
<doc>Logs the given message with the given level.</doc>
<status status="PASS" start="2024-06-10T05:15:16.977333" elapsed="0.000440"/>
</kw>
<kw name="Log" owner="BuiltIn">
<msg time="2024-06-10T05:15:16.978214" level="INFO">name</msg>
<arg>${key}</arg>
<doc>Logs the given message with the given level.</doc>
<status status="PASS" start="2024-06-10T05:15:16.978075" elapsed="0.000179"/>
</kw>
<var name="${key}">name</var>
<status status="PASS" start="2024-06-10T05:15:16.976493" elapsed="0.001978"/>
</iter>
<iter>
<kw name="Dictionary Should Contain Key" owner="Collections">
<msg time="2024-06-10T05:15:16.979147" level="INFO">False</msg>
<arg>${json_data['results'][0]}</arg>
<arg>${key}</arg>
<doc>Fails if ``key`` is not found from ``dictionary``.</doc>
<status status="PASS" start="2024-06-10T05:15:16.978766" elapsed="0.000419"/>
</kw>
<kw name="Log" owner="BuiltIn">
<msg time="2024-06-10T05:15:16.979885" level="INFO">{'gender': 'male', 'name': {'title': 'Mr', 'first': 'Joe', 'last': 'Foster'}, 'location': {'street': {'number': 4714, 'name': 'Park Road'}, 'city': 'Donabate', 'state': 'Louth', 'country': 'Ireland', 'postcode': 60880, 'coordinates': {'latitude': '-1.2350', 'longitude': '-19.4099'}, 'timezone': {'offset': '-10:00', 'description': 'Hawaii'}}, 'email': 'joe.foster@example.com', 'login': {'uuid': '8417a499-a3a7-40e0-a686-db6fefc8a26f', 'username': 'orangegorilla850', 'password': 'gore', 'salt': 'OmOCc4b4', 'md5': '23db5eb51a7ea38b8d7172278431555a', 'sha1': 'bbd28413ed3cb93352b0f818abf042bcedb68162', 'sha256': 'b7040b032cfee3262d28dff152c8401f9cf4782566b5ed39c4a4bc07fe76da1c'}, 'dob': {'date': '1986-07-01T10:42:58.078Z', 'age': 37}, 'registered': {'date': '2010-06-27T09:05:22.160Z', 'age': 13}, 'phone': '071-985-6139', 'cell': '081-786-4368', 'id': {'name': 'PPS', 'value': '0194709T'}, 'picture': {'large': 'https://randomuser.me/api/portraits/men/98.jpg', 'medium': 'https://randomuser.me/api/portraits/med/men/98.jpg', 'thumbnail': 'https://randomuser.me/api/portraits/thumb/men/98.jpg'}, 'nat': 'IE'}</msg>
<arg>${json_data['results'][0]}</arg>
<doc>Logs the given message with the given level.</doc>
<status status="PASS" start="2024-06-10T05:15:16.979519" elapsed="0.000424"/>
</kw>
<kw name="Log" owner="BuiltIn">
<msg time="2024-06-10T05:15:16.980367" level="INFO">location</msg>
<arg>${key}</arg>
<doc>Logs the given message with the given level.</doc>
<status status="PASS" start="2024-06-10T05:15:16.980239" elapsed="0.000165"/>
</kw>
<var name="${key}">location</var>
<status status="PASS" start="2024-06-10T05:15:16.978652" elapsed="0.001968"/>
</iter>
<iter>
<kw name="Dictionary Should Contain Key" owner="Collections">
<msg time="2024-06-10T05:15:16.981396" level="INFO">False</msg>
<arg>${json_data['results'][0]}</arg>
<arg>${key}</arg>
<doc>Fails if ``key`` is not found from ``dictionary``.</doc>
<status status="PASS" start="2024-06-10T05:15:16.980910" elapsed="0.000525"/>
</kw>
<kw name="Log" owner="BuiltIn">
<msg time="2024-06-10T05:15:16.982091" level="INFO">{'gender': 'male', 'name': {'title': 'Mr', 'first': 'Joe', 'last': 'Foster'}, 'location': {'street': {'number': 4714, 'name': 'Park Road'}, 'city': 'Donabate', 'state': 'Louth', 'country': 'Ireland', 'postcode': 60880, 'coordinates': {'latitude': '-1.2350', 'longitude': '-19.4099'}, 'timezone': {'offset': '-10:00', 'description': 'Hawaii'}}, 'email': 'joe.foster@example.com', 'login': {'uuid': '8417a499-a3a7-40e0-a686-db6fefc8a26f', 'username': 'orangegorilla850', 'password': 'gore', 'salt': 'OmOCc4b4', 'md5': '23db5eb51a7ea38b8d7172278431555a', 'sha1': 'bbd28413ed3cb93352b0f818abf042bcedb68162', 'sha256': 'b7040b032cfee3262d28dff152c8401f9cf4782566b5ed39c4a4bc07fe76da1c'}, 'dob': {'date': '1986-07-01T10:42:58.078Z', 'age': 37}, 'registered': {'date': '2010-06-27T09:05:22.160Z', 'age': 13}, 'phone': '071-985-6139', 'cell': '081-786-4368', 'id': {'name': 'PPS', 'value': '0194709T'}, 'picture': {'large': 'https://randomuser.me/api/portraits/men/98.jpg', 'medium': 'https://randomuser.me/api/portraits/med/men/98.jpg', 'thumbnail': 'https://randomuser.me/api/portraits/thumb/men/98.jpg'}, 'nat': 'IE'}</msg>
<arg>${json_data['results'][0]}</arg>
<doc>Logs the given message with the given level.</doc>
<status status="PASS" start="2024-06-10T05:15:16.981736" elapsed="0.000403"/>
</kw>
<kw name="Log" owner="BuiltIn">
<msg time="2024-06-10T05:15:16.982564" level="INFO">email</msg>
<arg>${key}</arg>
<doc>Logs the given message with the given level.</doc>
<status status="PASS" start="2024-06-10T05:15:16.982435" elapsed="0.000166"/>
</kw>
<var name="${key}">email</var>
<status status="PASS" start="2024-06-10T05:15:16.980797" elapsed="0.002021"/>
</iter>
<iter>
<kw name="Dictionary Should Contain Key" owner="Collections">
<msg time="2024-06-10T05:15:16.983531" level="INFO">False</msg>
<arg>${json_data['results'][0]}</arg>
<arg>${key}</arg>
<doc>Fails if ``key`` is not found from ``dictionary``.</doc>
<status status="PASS" start="2024-06-10T05:15:16.983104" elapsed="0.000464"/>
</kw>
<kw name="Log" owner="BuiltIn">
<msg time="2024-06-10T05:15:16.984215" level="INFO">{'gender': 'male', 'name': {'title': 'Mr', 'first': 'Joe', 'last': 'Foster'}, 'location': {'street': {'number': 4714, 'name': 'Park Road'}, 'city': 'Donabate', 'state': 'Louth', 'country': 'Ireland', 'postcode': 60880, 'coordinates': {'latitude': '-1.2350', 'longitude': '-19.4099'}, 'timezone': {'offset': '-10:00', 'description': 'Hawaii'}}, 'email': 'joe.foster@example.com', 'login': {'uuid': '8417a499-a3a7-40e0-a686-db6fefc8a26f', 'username': 'orangegorilla850', 'password': 'gore', 'salt': 'OmOCc4b4', 'md5': '23db5eb51a7ea38b8d7172278431555a', 'sha1': 'bbd28413ed3cb93352b0f818abf042bcedb68162', 'sha256': 'b7040b032cfee3262d28dff152c8401f9cf4782566b5ed39c4a4bc07fe76da1c'}, 'dob': {'date': '1986-07-01T10:42:58.078Z', 'age': 37}, 'registered': {'date': '2010-06-27T09:05:22.160Z', 'age': 13}, 'phone': '071-985-6139', 'cell': '081-786-4368', 'id': {'name': 'PPS', 'value': '0194709T'}, 'picture': {'large': 'https://randomuser.me/api/portraits/men/98.jpg', 'medium': 'https://randomuser.me/api/portraits/med/men/98.jpg', 'thumbnail': 'https://randomuser.me/api/portraits/thumb/men/98.jpg'}, 'nat': 'IE'}</msg>
<arg>${json_data['results'][0]}</arg>
<doc>Logs the given message with the given level.</doc>
<status status="PASS" start="2024-06-10T05:15:16.983862" elapsed="0.000399"/>
</kw>
<kw name="Log" owner="BuiltIn">
<msg time="2024-06-10T05:15:16.984680" level="INFO">login</msg>
<arg>${key}</arg>
<doc>Logs the given message with the given level.</doc>
<status status="PASS" start="2024-06-10T05:15:16.984552" elapsed="0.000165"/>
</kw>
<var name="${key}">login</var>
<status status="PASS" start="2024-06-10T05:15:16.982993" elapsed="0.001939"/>
</iter>
<var>${key}</var>
<value>@{expected_keys}</value>
<status status="PASS" start="2024-06-10T05:15:16.974087" elapsed="0.010966"/>
</for>
<kw name="Create List" owner="BuiltIn">
<msg time="2024-06-10T05:15:16.985422" level="INFO">${expected_keysTwo} = ['username', 'password']</msg>
<var>${expected_keysTwo}</var>
<arg>username</arg>
<arg>password</arg>
<doc>Returns a list containing given items.</doc>
<status status="PASS" start="2024-06-10T05:15:16.985250" elapsed="0.000196"/>
</kw>
<for flavor="IN">
<iter>
<kw name="Dictionary Should Contain Key" owner="Collections">
<msg time="2024-06-10T05:15:16.986328" level="INFO">False</msg>
<arg>${json_data['results'][0]['login']}</arg>
<arg>${keyTwo}</arg>
<doc>Fails if ``key`` is not found from ``dictionary``.</doc>
<status status="PASS" start="2024-06-10T05:15:16.985943" elapsed="0.000421"/>
</kw>
<kw name="Dictionary Should Contain Key" owner="Collections">
<msg time="2024-06-10T05:15:16.987040" level="INFO">False</msg>
<arg>${json_data['results'][0]['login']}</arg>
<arg>${keyTwo}</arg>
<doc>Fails if ``key`` is not found from ``dictionary``.</doc>
<status status="PASS" start="2024-06-10T05:15:16.986658" elapsed="0.000419"/>
</kw>
<kw name="Log" owner="BuiltIn">
<msg time="2024-06-10T05:15:16.987518" level="INFO">username</msg>
<arg>${keyTwo}</arg>
<doc>Logs the given message with the given level.</doc>
<status status="PASS" start="2024-06-10T05:15:16.987387" elapsed="0.000170"/>
</kw>
<var name="${keyTwo}">username</var>
<status status="PASS" start="2024-06-10T05:15:16.985834" elapsed="0.001941"/>
</iter>
<iter>
<kw name="Dictionary Should Contain Key" owner="Collections">
<msg time="2024-06-10T05:15:16.988437" level="INFO">False</msg>
<arg>${json_data['results'][0]['login']}</arg>
<arg>${keyTwo}</arg>
<doc>Fails if ``key`` is not found from ``dictionary``.</doc>
<status status="PASS" start="2024-06-10T05:15:16.988059" elapsed="0.000415"/>
</kw>
<kw name="Dictionary Should Contain Key" owner="Collections">
<msg time="2024-06-10T05:15:16.989154" level="INFO">False</msg>
<arg>${json_data['results'][0]['login']}</arg>
<arg>${keyTwo}</arg>
<doc>Fails if ``key`` is not found from ``dictionary``.</doc>
<status status="PASS" start="2024-06-10T05:15:16.988767" elapsed="0.000428"/>
</kw>
<kw name="Log" owner="BuiltIn">
<msg time="2024-06-10T05:15:16.989610" level="INFO">password</msg>
<arg>${keyTwo}</arg>
<doc>Logs the given message with the given level.</doc>
<status status="PASS" start="2024-06-10T05:15:16.989484" elapsed="0.000164"/>
</kw>
<var name="${keyTwo}">password</var>
<status status="PASS" start="2024-06-10T05:15:16.987948" elapsed="0.001917"/>
</iter>
<var>${keyTwo}</var>
<value>@{expected_keysTwo}</value>
<status status="PASS" start="2024-06-10T05:15:16.985683" elapsed="0.004302"/>
</for>
<status status="PASS" start="2024-06-10T05:15:16.878435" elapsed="0.111685"/>
</kw>
<doc>Testa a estrutura da resposta da API.</doc>
<tag>testeEstruturaResposta</tag>
<status status="PASS" start="2024-06-10T05:15:16.877863" elapsed="0.112404"/>
</test>
<test id="s1-s1-t4" name="Validar tipos de dados" line="28">
<kw name="Teste de Tipos de Dados" owner="random-user-service">
<kw name="GET On Session" owner="RequestsLibrary">
<msg time="2024-06-10T05:15:17.078468" level="INFO">GET Request : url=https://randomuser.me/api 
 path_url=/api 
 headers={'User-Agent': 'python-requests/2.32.3', 'Accept-Encoding': 'gzip, deflate', 'Accept': '*/*', 'Connection': 'keep-alive'} 
 body=None 
 </msg>
<msg time="2024-06-10T05:15:17.078532" level="INFO">GET Response : url=https://randomuser.me/api 
 status=200, reason=OK 
 headers={'Date': 'Mon, 10 Jun 2024 05:15:17 GMT', 'Content-Type': 'application/json; charset=utf-8', 'Transfer-Encoding': 'chunked', 'Connection': 'keep-alive', 'X-Powered-By': 'Express', 'Access-Control-Allow-Origin': '*', 'Cache-Control': 'no-cache', 'ETag': 'W/"476-FcnhWW10Tt9+1UMLTn9UJJ97bqo"', 'Vary': 'Accept-Encoding', 'Content-Encoding': 'gzip', 'CF-Cache-Status': 'DYNAMIC', 'Report-To': '{"endpoints":[{"url":"https:\\/\\/a.nel.cloudflare.com\\/report\\/v4?s=cSSAT8%2FEwi1xvajOluYczcX%2BrmO%2FmdpnB7MoBREkJNDINBzhGxMDkLVaopRNU6QpCJKlq9mPxUCM%2BAY1OpxBJ%2BTpflUz%2FPg9Yc6z89mN2xD5xoPtYO2sOZjCO1cEP6lj"}],"group":"cf-nel","max_age":604800}', 'NEL': '{"success_fraction":0,"report_to":"cf-nel","max_age":604800}', 'Server': 'cloudflare', 'CF-RAY': '8916e1f73ef69e76-SJC', 'alt-svc': 'h3=":443"; ma=86400'} 
 body={"results":[{"gender":"female","name":{"title":"Mrs","first":"سارینا","last":"نجاتی"},"location":{"street":{"number":4927,"name":"پاسداران"},"city":"کرمان","state":"تهران","country":"Iran","postcode":77469,"coordinates":{"latitude":"13.3801","longitude":"111.8743"},"timezone":{"offset":"+4:30","description":"Kabul"}},"email":"sryn.njty@example.com","login":{"uuid":"7b8a7fe3-b79d-451b-9bc6-bef117db8683","username":"happypanda907","password":"sheeba","salt":"EMYveTtR","md5":"e36023daaf83686621a0f467e329d0d8","sha1":"9e84a8ac53e2e8d1d19259e20334d47079644b6d","sha256":"bcae24113c027ec88d30a23243d1cc91752ac2366289f8b5799567927934e1dd"},"dob":{"date":"1998-09-15T10:14:05.022Z","age":25},"registered":{"date":"2003-08-09T14:49:28.519Z","age":20},"phone":"048-75352088","cell":"0932-227-9624","id":{"name":"","value":null},"picture":{"large":"https://randomuser.me/api/portraits/women/10.jpg","medium":"https://randomuser.me/api/portraits/med/women/10.jpg","thumbnail":"https://randomuser.me/api/portraits/thumb/women/10.jpg"},"nat":"IR"}],"info":{"seed":"ade13eb2fbc7cd14","results":1,"page":1,"version":"1.4"}} 
 </msg>
<msg time="2024-06-10T05:15:17.078592" level="INFO">/opt/hostedtoolcache/Python/3.12.3/x64/lib/python3.12/site-packages/urllib3/connectionpool.py:1103: InsecureRequestWarning: Unverified HTTPS request is being made to host 'randomuser.me'. Adding certificate verification is strongly advised. See: https://urllib3.readthedocs.io/en/latest/advanced-usage.html#tls-warnings
  warnings.warn(</msg>
<msg time="2024-06-10T05:15:17.078680" level="INFO">${response} = &lt;Response [200]&gt;</msg>
<var>${response}</var>
<arg>consultarAPI</arg>
<arg>/api</arg>
<doc>Sends a GET request on a previously created HTTP Session.</doc>
<status status="PASS" start="2024-06-10T05:15:16.992717" elapsed="0.086001"/>
</kw>
<kw name="Set Variable" owner="BuiltIn">
<msg time="2024-06-10T05:15:17.079586" level="INFO">${json_data} = {'results': [{'gender': 'female', 'name': {'title': 'Mrs', 'first': 'سارینا', 'last': 'نجاتی'}, 'location': {'street': {'number': 4927, 'name': 'پاسداران'}, 'city': 'کرمان', 'state': 'تهران', 'country...</msg>
<var>${json_data}</var>
<arg>${response.json()}</arg>
<doc>Returns the given values which can then be assigned to a variables.</doc>
<status status="PASS" start="2024-06-10T05:15:17.079088" elapsed="0.000529"/>
</kw>
<kw name="Log" owner="BuiltIn">
<msg time="2024-06-10T05:15:17.080093" level="INFO">{'results': [{'gender': 'female', 'name': {'title': 'Mrs', 'first': 'سارینا', 'last': 'نجاتی'}, 'location': {'street': {'number': 4927, 'name': 'پاسداران'}, 'city': 'کرمان', 'state': 'تهران', 'country': 'Iran', 'postcode': 77469, 'coordinates': {'latitude': '13.3801', 'longitude': '111.8743'}, 'timezone': {'offset': '+4:30', 'description': 'Kabul'}}, 'email': 'sryn.njty@example.com', 'login': {'uuid': '7b8a7fe3-b79d-451b-9bc6-bef117db8683', 'username': 'happypanda907', 'password': 'sheeba', 'salt': 'EMYveTtR', 'md5': 'e36023daaf83686621a0f467e329d0d8', 'sha1': '9e84a8ac53e2e8d1d19259e20334d47079644b6d', 'sha256': 'bcae24113c027ec88d30a23243d1cc91752ac2366289f8b5799567927934e1dd'}, 'dob': {'date': '1998-09-15T10:14:05.022Z', 'age': 25}, 'registered': {'date': '2003-08-09T14:49:28.519Z', 'age': 20}, 'phone': '048-75352088', 'cell': '0932-227-9624', 'id': {'name': '', 'value': None}, 'picture': {'large': 'https://randomuser.me/api/portraits/women/10.jpg', 'medium': 'https://randomuser.me/api/portraits/med/women/10.jpg', 'thumbnail': 'https://randomuser.me/api/portraits/thumb/women/10.jpg'}, 'nat': 'IR'}], 'info': {'seed': 'ade13eb2fbc7cd14', 'results': 1, 'page': 1, 'version': '1.4'}}</msg>
<arg>${json_data}</arg>
<doc>Logs the given message with the given level.</doc>
<status status="PASS" start="2024-06-10T05:15:17.079933" elapsed="0.000212"/>
</kw>
<kw name="Should Be String" owner="String">
<arg>${json_data['results'][0]['gender']}</arg>
<doc>Fails if the given ``item`` is not a string.</doc>
<status status="PASS" start="2024-06-10T05:15:17.080441" elapsed="0.000386"/>
</kw>
<kw name="Should Match Regexp" owner="BuiltIn">
<arg>${json_data['results'][0]['email']}</arg>
<arg>^[a-zA-Z0-9._%+-]+@[a-zA-Z0-9.-]+\.[a-zA-Z]{2,}$</arg>
<doc>Fails if ``string`` does not match ``pattern`` as a regular expression.</doc>
<status status="PASS" start="2024-06-10T05:15:17.081030" elapsed="0.000616"/>
</kw>
<kw name="Should Match Regexp" owner="BuiltIn">
<arg>${json_data['results'][0]['dob']['date']}</arg>
<arg>\\d{4}-\\d{2}-\\d{2}T\\d{2}:\\d{2}:\\d{2}\\.\\d{3}Z</arg>
<doc>Fails if ``string`` does not match ``pattern`` as a regular expression.</doc>
<status status="PASS" start="2024-06-10T05:15:17.081850" elapsed="0.000489"/>
</kw>
<kw name="Should Match Regexp" owner="BuiltIn">
<arg>${json_data['results'][0]['registered']['date']}</arg>
<arg>\\d{4}-\\d{2}-\\d{2}T\\d{2}:\\d{2}:\\d{2}\\.\\d{3}Z</arg>
<doc>Fails if ``string`` does not match ``pattern`` as a regular expression.</doc>
<status status="PASS" start="2024-06-10T05:15:17.082535" elapsed="0.000367"/>
</kw>
<kw name="Should Match Regexp" owner="BuiltIn">
<arg>${json_data['results'][0]['picture']['large']}</arg>
<arg>^https?://.*\.(?:png|jpe?g|gif|bmp)$</arg>
<doc>Fails if ``string`` does not match ``pattern`` as a regular expression.</doc>
<status status="PASS" start="2024-06-10T05:15:17.083093" elapsed="0.000481"/>
</kw>
<kw name="Should Match Regexp" owner="BuiltIn">
<arg>${json_data['results'][0]['picture']['medium']}</arg>
<arg>^https?://.*\.(?:png|jpe?g|gif|bmp)$</arg>
<doc>Fails if ``string`` does not match ``pattern`` as a regular expression.</doc>
<status status="PASS" start="2024-06-10T05:15:17.083766" elapsed="0.000353"/>
</kw>
<kw name="Should Match Regexp" owner="BuiltIn">
<arg>${json_data['results'][0]['picture']['thumbnail']}</arg>
<arg>^https?://.*\.(?:png|jpe?g|gif|bmp)$</arg>
<doc>Fails if ``string`` does not match ``pattern`` as a regular expression.</doc>
<status status="PASS" start="2024-06-10T05:15:17.084305" elapsed="0.000345"/>
</kw>
<kw name="Log" owner="BuiltIn">
<msg time="2024-06-10T05:15:17.085154" level="INFO">{'large': 'https://randomuser.me/api/portraits/women/10.jpg', 'medium': 'https://randomuser.me/api/portraits/med/women/10.jpg', 'thumbnail': 'https://randomuser.me/api/portraits/thumb/women/10.jpg'}</msg>
<arg>${json_data['results'][0]['picture']}</arg>
<doc>Logs the given message with the given level.</doc>
<status status="PASS" start="2024-06-10T05:15:17.084832" elapsed="0.000363"/>
</kw>
<status status="PASS" start="2024-06-10T05:15:16.992491" elapsed="0.092955"/>
</kw>
<kw name="Teste de Tipos de Dados - Postcode" owner="random-user-service">
<kw name="GET On Session" owner="RequestsLibrary">
<msg time="2024-06-10T05:15:17.175617" level="INFO">GET Request : url=https://randomuser.me/api 
 path_url=/api 
 headers={'User-Agent': 'python-requests/2.32.3', 'Accept-Encoding': 'gzip, deflate', 'Accept': '*/*', 'Connection': 'keep-alive'} 
 body=None 
 </msg>
<msg time="2024-06-10T05:15:17.175700" level="INFO">GET Response : url=https://randomuser.me/api 
 status=200, reason=OK 
 headers={'Date': 'Mon, 10 Jun 2024 05:15:17 GMT', 'Content-Type': 'application/json; charset=utf-8', 'Transfer-Encoding': 'chunked', 'Connection': 'keep-alive', 'X-Powered-By': 'Express', 'Access-Control-Allow-Origin': '*', 'Cache-Control': 'no-cache', 'ETag': 'W/"499-urFlL1G+nscKoH+8Iza5ut7APBo"', 'Vary': 'Accept-Encoding', 'Content-Encoding': 'gzip', 'CF-Cache-Status': 'DYNAMIC', 'Report-To': '{"endpoints":[{"url":"https:\\/\\/a.nel.cloudflare.com\\/report\\/v4?s=u%2BvcIGUxnLppaS%2FGf89qX0LW7XSpgpMVbUq8wb55Rbfhf86%2BJ16tXAAae8H4hzvGX8aZnPspyg1hQW%2F%2FMKlH57R9iyGmFePXb4Z6bli366%2FLJ%2BcuPpoD9LZRF%2Bk7O%2B1x"}],"group":"cf-nel","max_age":604800}', 'NEL': '{"success_fraction":0,"report_to":"cf-nel","max_age":604800}', 'Server': 'cloudflare', 'CF-RAY': '8916e1f7cf689e76-SJC', 'alt-svc': 'h3=":443"; ma=86400'} 
 body={"results":[{"gender":"female","name":{"title":"Miss","first":"Cassandra","last":"Nicolas"},"location":{"street":{"number":3541,"name":"Rue du Cardinal-Gerlier"},"city":"Toulon","state":"Loiret","country":"France","postcode":40035,"coordinates":{"latitude":"-13.5398","longitude":"26.9789"},"timezone":{"offset":"+9:30","description":"Adelaide, Darwin"}},"email":"cassandra.nicolas@example.com","login":{"uuid":"2c4e5ce9-5bef-4a84-a21d-60e00f08b4c4","username":"smallgorilla148","password":"angie","salt":"U67PFrMl","md5":"09457c512e4d127bc7eb90ee709d19dd","sha1":"d4677e2f1e411723e1bf77dc14c0b2e9bdd8ab12","sha256":"8c968547e79b31620fa0d571364a230df6a410401efce477390eac1942c0f2e8"},"dob":{"date":"1994-08-11T11:45:22.530Z","age":29},"registered":{"date":"2002-09-24T11:38:51.400Z","age":21},"phone":"05-05-62-82-47","cell":"06-06-04-33-07","id":{"name":"INSEE","value":"2940704971599 04"},"picture":{"large":"https://randomuser.me/api/portraits/women/2.jpg","medium":"https://randomuser.me/api/portraits/med/women/2.jpg","thumbnail":"https://randomuser.me/api/portraits/thumb/women/2.jpg"},"nat":"FR"}],"info":{"seed":"c16a78efc617b429","results":1,"page":1,"version":"1.4"}} 
 </msg>
<msg time="2024-06-10T05:15:17.175773" level="INFO">/opt/hostedtoolcache/Python/3.12.3/x64/lib/python3.12/site-packages/urllib3/connectionpool.py:1103: InsecureRequestWarning: Unverified HTTPS request is being made to host 'randomuser.me'. Adding certificate verification is strongly advised. See: https://urllib3.readthedocs.io/en/latest/advanced-usage.html#tls-warnings
  warnings.warn(</msg>
<msg time="2024-06-10T05:15:17.175878" level="INFO">${response} = &lt;Response [200]&gt;</msg>
<var>${response}</var>
<arg>consultarAPI</arg>
<arg>/api</arg>
<doc>Sends a GET request on a previously created HTTP Session.</doc>
<status status="PASS" start="2024-06-10T05:15:17.085871" elapsed="0.090044"/>
</kw>
<kw name="Set Variable" owner="BuiltIn">
<msg time="2024-06-10T05:15:17.176830" level="INFO">${json_data} = {'results': [{'gender': 'female', 'name': {'title': 'Miss', 'first': 'Cassandra', 'last': 'Nicolas'}, 'location': {'street': {'number': 3541, 'name': 'Rue du Cardinal-Gerlier'}, 'city': 'Toulon', 'sta...</msg>
<var>${json_data}</var>
<arg>${response.json()}</arg>
<doc>Returns the given values which can then be assigned to a variables.</doc>
<status status="PASS" start="2024-06-10T05:15:17.176391" elapsed="0.000472"/>
</kw>
<kw name="Log" owner="BuiltIn">
<msg time="2024-06-10T05:15:17.177316" level="INFO">{'results': [{'gender': 'female', 'name': {'title': 'Miss', 'first': 'Cassandra', 'last': 'Nicolas'}, 'location': {'street': {'number': 3541, 'name': 'Rue du Cardinal-Gerlier'}, 'city': 'Toulon', 'state': 'Loiret', 'country': 'France', 'postcode': 40035, 'coordinates': {'latitude': '-13.5398', 'longitude': '26.9789'}, 'timezone': {'offset': '+9:30', 'description': 'Adelaide, Darwin'}}, 'email': 'cassandra.nicolas@example.com', 'login': {'uuid': '2c4e5ce9-5bef-4a84-a21d-60e00f08b4c4', 'username': 'smallgorilla148', 'password': 'angie', 'salt': 'U67PFrMl', 'md5': '09457c512e4d127bc7eb90ee709d19dd', 'sha1': 'd4677e2f1e411723e1bf77dc14c0b2e9bdd8ab12', 'sha256': '8c968547e79b31620fa0d571364a230df6a410401efce477390eac1942c0f2e8'}, 'dob': {'date': '1994-08-11T11:45:22.530Z', 'age': 29}, 'registered': {'date': '2002-09-24T11:38:51.400Z', 'age': 21}, 'phone': '05-05-62-82-47', 'cell': '06-06-04-33-07', 'id': {'name': 'INSEE', 'value': '2940704971599 04'}, 'picture': {'large': 'https://randomuser.me/api/portraits/women/2.jpg', 'medium': 'https://randomuser.me/api/portraits/med/women/2.jpg', 'thumbnail': 'https://randomuser.me/api/portraits/thumb/women/2.jpg'}, 'nat': 'FR'}], 'info': {'seed': 'c16a78efc617b429', 'results': 1, 'page': 1, 'version': '1.4'}}</msg>
<arg>${json_data}</arg>
<doc>Logs the given message with the given level.</doc>
<status status="PASS" start="2024-06-10T05:15:17.177169" elapsed="0.000204"/>
</kw>
<kw name="Should Be Equal As Numbers" owner="BuiltIn">
<arg>${json_data['results'][0]['location']['postcode']}</arg>
<arg>${json_data['results'][0]['location']['postcode']}</arg>
<doc>Fails if objects are unequal after converting them to real numbers.</doc>
<status status="PASS" start="2024-06-10T05:15:17.177664" elapsed="0.000604"/>
</kw>
<kw name="Log" owner="BuiltIn">
<msg time="2024-06-10T05:15:17.178832" level="INFO">40035</msg>
<arg>${json_data['results'][0]['location']['postcode']}</arg>
<doc>Logs the given message with the given level.</doc>
<status status="PASS" start="2024-06-10T05:15:17.178494" elapsed="0.000378"/>
</kw>
<status status="PASS" start="2024-06-10T05:15:17.085654" elapsed="0.093464"/>
</kw>
<doc>Testa se os tipos de dados na resposta da API estão corretos.</doc>
<tag>testeTiposDados</tag>
<status status="PASS" start="2024-06-10T05:15:16.992066" elapsed="0.187209"/>
</test>
<test id="s1-s1-t5" name="Validar conteudo" line="35">
<kw name="Teste de Tipos de Conteudo" owner="random-user-service">
<kw name="GET On Session" owner="RequestsLibrary">
<msg time="2024-06-10T05:15:17.282081" level="INFO">GET Request : url=https://randomuser.me/api 
 path_url=/api 
 headers={'User-Agent': 'python-requests/2.32.3', 'Accept-Encoding': 'gzip, deflate', 'Accept': '*/*', 'Connection': 'keep-alive'} 
 body=None 
 </msg>
<msg time="2024-06-10T05:15:17.282158" level="INFO">GET Response : url=https://randomuser.me/api 
 status=200, reason=OK 
 headers={'Date': 'Mon, 10 Jun 2024 05:15:17 GMT', 'Content-Type': 'application/json; charset=utf-8', 'Transfer-Encoding': 'chunked', 'Connection': 'keep-alive', 'X-Powered-By': 'Express', 'Access-Control-Allow-Origin': '*', 'Cache-Control': 'no-cache', 'ETag': 'W/"489-urSOSnm5g8bi8OgJuA6TtC0X+O8"', 'Vary': 'Accept-Encoding', 'Content-Encoding': 'gzip', 'CF-Cache-Status': 'DYNAMIC', 'Report-To': '{"endpoints":[{"url":"https:\\/\\/a.nel.cloudflare.com\\/report\\/v4?s=3%2FMd%2FXc2usLFUNGSQSDuo3DbrA6ylZ%2F9ufz%2BTQgmDeMgRDfQu%2FJqDkTnEQpTcyVQByUmLiMa8ZU00txdPMWPLz6SDF0BBx%2FsT1rucL3RG%2FRc1j9oXifM8gy2uPKhxOBN"}],"group":"cf-nel","max_age":604800}', 'NEL': '{"success_fraction":0,"report_to":"cf-nel","max_age":604800}', 'Server': 'cloudflare', 'CF-RAY': '8916e1f86fd99e76-SJC', 'alt-svc': 'h3=":443"; ma=86400'} 
 body={"results":[{"gender":"male","name":{"title":"Mr","first":"Željko","last":"Perić"},"location":{"street":{"number":2302,"name":"Palisadska"},"city":"Crna Trava","state":"Kosovo","country":"Serbia","postcode":50400,"coordinates":{"latitude":"61.4900","longitude":"-174.6300"},"timezone":{"offset":"+1:00","description":"Brussels, Copenhagen, Madrid, Paris"}},"email":"zeljko.peric@example.com","login":{"uuid":"f873a327-d68c-4639-ac8c-2e2f3e2eba94","username":"orangerabbit245","password":"scully","salt":"2zIVymMk","md5":"c01c30a9feb7c2dbbc9f4db65d058a76","sha1":"e15d137aa3f28db1095deb7086cf193a65e92bba","sha256":"b36e143e53f1e300cc85fd3194596ac3b1935de586a13b4677f1c62ff282c07c"},"dob":{"date":"1996-10-31T13:22:42.996Z","age":27},"registered":{"date":"2005-03-19T16:59:36.724Z","age":19},"phone":"019-1976-625","cell":"067-1128-423","id":{"name":"SID","value":"210537573"},"picture":{"large":"https://randomuser.me/api/portraits/men/94.jpg","medium":"https://randomuser.me/api/portraits/med/men/94.jpg","thumbnail":"https://randomuser.me/api/portraits/thumb/men/94.jpg"},"nat":"RS"}],"info":{"seed":"7e4a4b88f7613b4d","results":1,"page":1,"version":"1.4"}} 
 </msg>
<msg time="2024-06-10T05:15:17.282228" level="INFO">/opt/hostedtoolcache/Python/3.12.3/x64/lib/python3.12/site-packages/urllib3/connectionpool.py:1103: InsecureRequestWarning: Unverified HTTPS request is being made to host 'randomuser.me'. Adding certificate verification is strongly advised. See: https://urllib3.readthedocs.io/en/latest/advanced-usage.html#tls-warnings
  warnings.warn(</msg>
<msg time="2024-06-10T05:15:17.282334" level="INFO">${response} = &lt;Response [200]&gt;</msg>
<var>${response}</var>
<arg>consultarAPI</arg>
<arg>/api</arg>
<doc>Sends a GET request on a previously created HTTP Session.</doc>
<status status="PASS" start="2024-06-10T05:15:17.181652" elapsed="0.100727"/>
</kw>
<kw name="Set Variable" owner="BuiltIn">
<msg time="2024-06-10T05:15:17.283292" level="INFO">${json_data} = {'results': [{'gender': 'male', 'name': {'title': 'Mr', 'first': 'Željko', 'last': 'Perić'}, 'location': {'street': {'number': 2302, 'name': 'Palisadska'}, 'city': 'Crna Trava', 'state': 'Kosovo', 'co...</msg>
<var>${json_data}</var>
<arg>${response.json()}</arg>
<doc>Returns the given values which can then be assigned to a variables.</doc>
<status status="PASS" start="2024-06-10T05:15:17.282824" elapsed="0.000534"/>
</kw>
<kw name="Set Variable" owner="BuiltIn">
<msg time="2024-06-10T05:15:17.284053" level="INFO">${name_title} = Mr</msg>
<var>${name_title}</var>
<arg>${json_data["results"][0]["name"]["title"]}</arg>
<doc>Returns the given values which can then be assigned to a variables.</doc>
<status status="PASS" start="2024-06-10T05:15:17.283674" elapsed="0.000404"/>
</kw>
<kw name="Create List" owner="BuiltIn">
<msg time="2024-06-10T05:15:17.284529" level="INFO">${allowed_titles} = ['Mr', 'Ms', 'Miss', 'Mrs', 'Madame', 'Monsieur']</msg>
<var>${allowed_titles}</var>
<arg>Mr</arg>
<arg>Ms</arg>
<arg>Miss</arg>
<arg>Mrs</arg>
<arg>Madame</arg>
<arg>Monsieur</arg>
<doc>Returns a list containing given items.</doc>
<status status="PASS" start="2024-06-10T05:15:17.284382" elapsed="0.000171"/>
</kw>
<kw name="List Should Contain Value" owner="Collections">
<msg time="2024-06-10T05:15:17.285024" level="INFO">False</msg>
<arg>${allowed_titles}</arg>
<arg>${name_title}</arg>
<doc>Fails if the ``value`` is not found from ``list``.</doc>
<status status="PASS" start="2024-06-10T05:15:17.284855" elapsed="0.000204"/>
</kw>
<kw name="Set Variable" owner="BuiltIn">
<msg time="2024-06-10T05:15:17.285859" level="INFO">${name_country} = RS</msg>
<var>${name_country}</var>
<arg>${json_data["results"][0]["nat"]}</arg>
<doc>Returns the given values which can then be assigned to a variables.</doc>
<status status="PASS" start="2024-06-10T05:15:17.285357" elapsed="0.000528"/>
</kw>
<kw name="Create List" owner="BuiltIn">
<msg time="2024-06-10T05:15:17.286784" level="INFO">${list_country} = ['AD', 'AE', 'AF', 'AG', 'AI', 'AL', 'AM', 'AO', 'AQ', 'AR', 'AS', 'AT', 'AU', 'AW', 'AX', 'AZ', 'BA', 'BB', 'BD', 'BE', 'BF', 'BG', 'BH', 'BI', 'BJ', 'BL', 'BM', 'BN', 'BO', 'BQ', 'BR', 'BS', 'BT', '...</msg>
<var>${list_country}</var>
<arg>AD</arg>
<arg>AE</arg>
<arg>AF</arg>
<arg>AG</arg>
<arg>AI</arg>
<arg>AL</arg>
<arg>AM</arg>
<arg>AO</arg>
<arg>AQ</arg>
<arg>AR</arg>
<arg>AS</arg>
<arg>AT</arg>
<arg>AU</arg>
<arg>AW</arg>
<arg>AX</arg>
<arg>AZ</arg>
<arg>BA</arg>
<arg>BB</arg>
<arg>BD</arg>
<arg>BE</arg>
<arg>BF</arg>
<arg>BG</arg>
<arg>BH</arg>
<arg>BI</arg>
<arg>BJ</arg>
<arg>BL</arg>
<arg>BM</arg>
<arg>BN</arg>
<arg>BO</arg>
<arg>BQ</arg>
<arg>BR</arg>
<arg>BS</arg>
<arg>BT</arg>
<arg>BV</arg>
<arg>BW</arg>
<arg>BY</arg>
<arg>BZ</arg>
<arg>CA</arg>
<arg>CC</arg>
<arg>CD</arg>
<arg>CF</arg>
<arg>CG</arg>
<arg>CH</arg>
<arg>CI</arg>
<arg>CK</arg>
<arg>CL</arg>
<arg>CM</arg>
<arg>CN</arg>
<arg>CO</arg>
<arg>CR</arg>
<arg>CU</arg>
<arg>CV</arg>
<arg>CW</arg>
<arg>CX</arg>
<arg>CY</arg>
<arg>CZ</arg>
<arg>DE</arg>
<arg>DJ</arg>
<arg>DK</arg>
<arg>DM</arg>
<arg>DO</arg>
<arg>DZ</arg>
<arg>EC</arg>
<arg>EE</arg>
<arg>EG</arg>
<arg>EH</arg>
<arg>ER</arg>
<arg>ES</arg>
<arg>ET</arg>
<arg>FI</arg>
<arg>FJ</arg>
<arg>FK</arg>
<arg>FM</arg>
<arg>FO</arg>
<arg>FR</arg>
<arg>GA</arg>
<arg>GB</arg>
<arg>GD</arg>
<arg>GE</arg>
<arg>GF</arg>
<arg>GG</arg>
<arg>GH</arg>
<arg>GI</arg>
<arg>GL</arg>
<arg>GM</arg>
<arg>GN</arg>
<arg>GP</arg>
<arg>GQ</arg>
<arg>GR</arg>
<arg>GS</arg>
<arg>GT</arg>
<arg>GU</arg>
<arg>GW</arg>
<arg>GY</arg>
<arg>HK</arg>
<arg>HM</arg>
<arg>HN</arg>
<arg>HR</arg>
<arg>HT</arg>
<arg>HU</arg>
<arg>ID</arg>
<arg>IE</arg>
<arg>IL</arg>
<arg>IM</arg>
<arg>IN</arg>
<arg>IO</arg>
<arg>IQ</arg>
<arg>IR</arg>
<arg>IS</arg>
<arg>IT</arg>
<arg>JE</arg>
<arg>JM</arg>
<arg>JO</arg>
<arg>JP</arg>
<arg>KE</arg>
<arg>KG</arg>
<arg>KH</arg>
<arg>KI</arg>
<arg>KM</arg>
<arg>KN</arg>
<arg>KP</arg>
<arg>KR</arg>
<arg>KW</arg>
<arg>KY</arg>
<arg>KZ</arg>
<arg>LA</arg>
<arg>LB</arg>
<arg>LC</arg>
<arg>LI</arg>
<arg>LK</arg>
<arg>LR</arg>
<arg>LS</arg>
<arg>LT</arg>
<arg>LU</arg>
<arg>LV</arg>
<arg>LY</arg>
<arg>MA</arg>
<arg>MC</arg>
<arg>MD</arg>
<arg>ME</arg>
<arg>MF</arg>
<arg>MG</arg>
<arg>MH</arg>
<arg>MK</arg>
<arg>ML</arg>
<arg>MM</arg>
<arg>MN</arg>
<arg>MO</arg>
<arg>MP</arg>
<arg>MQ</arg>
<arg>MR</arg>
<arg>MS</arg>
<arg>MT</arg>
<arg>MU</arg>
<arg>MV</arg>
<arg>MW</arg>
<arg>MX</arg>
<arg>MY</arg>
<arg>MZ</arg>
<arg>NA</arg>
<arg>NC</arg>
<arg>NE</arg>
<arg>NF</arg>
<arg>NG</arg>
<arg>NI</arg>
<arg>NL</arg>
<arg>NO</arg>
<arg>NP</arg>
<arg>NR</arg>
<arg>NU</arg>
<arg>NZ</arg>
<arg>OM</arg>
<arg>PA</arg>
<arg>PE</arg>
<arg>PF</arg>
<arg>PG</arg>
<arg>PH</arg>
<arg>PK</arg>
<arg>PL</arg>
<arg>PM</arg>
<arg>PN</arg>
<arg>PR</arg>
<arg>PS</arg>
<arg>PT</arg>
<arg>PW</arg>
<arg>PY</arg>
<arg>QA</arg>
<arg>RE</arg>
<arg>RO</arg>
<arg>RS</arg>
<arg>RU</arg>
<arg>RW</arg>
<arg>SA</arg>
<arg>SB</arg>
<arg>SC</arg>
<arg>SD</arg>
<arg>SE</arg>
<arg>SG</arg>
<arg>SH</arg>
<arg>SI</arg>
<arg>SJ</arg>
<arg>SK</arg>
<arg>SL</arg>
<arg>SM</arg>
<arg>SN</arg>
<arg>SO</arg>
<arg>SR</arg>
<arg>SS</arg>
<arg>ST</arg>
<arg>SV</arg>
<arg>SX</arg>
<arg>SY</arg>
<arg>SZ</arg>
<arg>TC</arg>
<arg>TD</arg>
<arg>TF</arg>
<arg>TG</arg>
<arg>TH</arg>
<arg>TJ</arg>
<arg>TK</arg>
<arg>TL</arg>
<arg>TM</arg>
<arg>TN</arg>
<arg>TO</arg>
<arg>TR</arg>
<arg>TT</arg>
<arg>TV</arg>
<arg>TW</arg>
<arg>TZ</arg>
<arg>UA</arg>
<arg>UG</arg>
<arg>UM</arg>
<arg>US</arg>
<arg>UY</arg>
<arg>UZ</arg>
<arg>VA</arg>
<arg>VC</arg>
<arg>VE</arg>
<arg>VG</arg>
<arg>VI</arg>
<arg>VN</arg>
<arg>VU</arg>
<arg>WF</arg>
<arg>WS</arg>
<arg>XK</arg>
<arg>YE</arg>
<arg>YT</arg>
<arg>ZA</arg>
<arg>ZM</arg>
<arg>ZW</arg>
<doc>Returns a list containing given items.</doc>
<status status="PASS" start="2024-06-10T05:15:17.286190" elapsed="0.000620"/>
</kw>
<kw name="List Should Contain Value" owner="Collections">
<msg time="2024-06-10T05:15:17.287817" level="INFO">False</msg>
<arg>${list_country}</arg>
<arg>${name_country}</arg>
<doc>Fails if the ``value`` is not found from ``list``.</doc>
<status status="PASS" start="2024-06-10T05:15:17.287611" elapsed="0.000242"/>
</kw>
<kw name="Run Keyword If" owner="BuiltIn">
<kw name="Should Be True" owner="BuiltIn">
<arg>${True}</arg>
<doc>Fails if the given condition is not true.</doc>
<status status="PASS" start="2024-06-10T05:15:17.288891" elapsed="0.000144"/>
</kw>
<arg>${json_data["results"][0]["location"]["coordinates"]["latitude"]} &gt;= -90 and ${json_data["results"][0]["location"]["coordinates"]["latitude"]} &lt;= 90</arg>
<arg>Should Be True</arg>
<arg>${True}</arg>
<doc>Runs the given keyword with the given arguments, if ``condition`` is true.</doc>
<status status="PASS" start="2024-06-10T05:15:17.288167" elapsed="0.000995"/>
</kw>
<kw name="Run Keyword If" owner="BuiltIn">
<kw name="Should Be True" owner="BuiltIn">
<arg>${True}</arg>
<doc>Fails if the given condition is not true.</doc>
<status status="PASS" start="2024-06-10T05:15:17.290027" elapsed="0.000138"/>
</kw>
<arg>${json_data["results"][0]["location"]["coordinates"]["longitude"]} &gt;= -180 and ${json_data["results"][0]["location"]["coordinates"]["longitude"]} &lt;= 180</arg>
<arg>Should Be True</arg>
<arg>${True}</arg>
<doc>Runs the given keyword with the given arguments, if ``condition`` is true.</doc>
<status status="PASS" start="2024-06-10T05:15:17.289344" elapsed="0.000944"/>
</kw>
<status status="PASS" start="2024-06-10T05:15:17.181431" elapsed="0.108983"/>
</kw>
<doc>Testa o conteúdo específico dos campos retornados pela API.</doc>
<tag>testeConteudo</tag>
<status status="PASS" start="2024-06-10T05:15:17.181010" elapsed="0.109546"/>
</test>
<status status="PASS" start="2024-06-10T05:15:16.381395" elapsed="0.911092"/>
</suite>
<status status="PASS" start="2024-06-10T05:15:16.368390" elapsed="0.929173"/>
</suite>
<statistics>
<total>
<stat pass="5" fail="0" skip="0">All Tests</stat>
</total>
<tag>
<stat pass="1" fail="0" skip="0">testeConteudo</stat>
<stat pass="1" fail="0" skip="0">testeEstruturaResposta</stat>
<stat pass="1" fail="0" skip="0">testeRequisicaoBasica</stat>
<stat pass="1" fail="0" skip="0">testeTiposDados</stat>
</tag>
<suite>
<stat pass="5" fail="0" skip="0" id="s1" name="Tests">Tests</stat>
<stat pass="5" fail="0" skip="0" id="s1-s1" name="Random-User-Test">Tests.Random-User-Test</stat>
</suite>
</statistics>
<errors>
</errors>
</robot>
