<?xml version="1.0" encoding="UTF-8"?>
<robot generator="Robot 7.0.1 (Python 3.12.4 on linux)" generated="2024-07-06T15:15:39.033070" rpa="false" schemaversion="5">
<suite id="s1" name="Tests" source="/home/runner/work/ApiRandomUser/ApiRandomUser/RamdonUser/tests">
<suite id="s1-s1" name="Random-User-Test" source="/home/runner/work/ApiRandomUser/ApiRandomUser/RamdonUser/tests/random-user-test.robot">
<test id="s1-s1-t1" name="Conectar" line="13">
<kw name="Conectar API" owner="random-user-service">
<kw name="Create Session" owner="RequestsLibrary">
<msg time="2024-07-06T15:15:39.437133" level="INFO">Creating Session using : alias=consultarAPI, url=https://randomuser.me/, headers={},                     cookies={}, auth=None, timeout=None, proxies=None, verify=False,                     debug=0 </msg>
<arg>consultarAPI</arg>
<arg>${URL}</arg>
<doc>Create Session: create a HTTP session to a server</doc>
<status status="PASS" start="2024-07-06T15:15:39.436920" elapsed="0.000458"/>
</kw>
<status status="PASS" start="2024-07-06T15:15:39.435906" elapsed="0.001852"/>
</kw>
<status status="PASS" start="2024-07-06T15:15:39.435253" elapsed="0.002708"/>
</test>
<test id="s1-s1-t2" name="Validar retorno 200 e JSON Válido" line="16">
<kw name="Teste de Requisicao Basica" owner="random-user-service">
<kw name="GET On Session" owner="RequestsLibrary">
<msg time="2024-07-06T15:15:39.784321" level="INFO">GET Request : url=https://randomuser.me/api 
 path_url=/api 
 headers={'User-Agent': 'python-requests/2.32.3', 'Accept-Encoding': 'gzip, deflate', 'Accept': '*/*', 'Connection': 'keep-alive'} 
 body=None 
 </msg>
<msg time="2024-07-06T15:15:39.784548" level="INFO">GET Response : url=https://randomuser.me/api 
 status=200, reason=OK 
 headers={'Date': 'Sat, 06 Jul 2024 15:15:39 GMT', 'Content-Type': 'application/json; charset=utf-8', 'Transfer-Encoding': 'chunked', 'Connection': 'keep-alive', 'X-Powered-By': 'Express', 'Access-Control-Allow-Origin': '*', 'Cache-Control': 'no-cache', 'ETag': 'W/"488-Ne0kdDB3b+s11VcCZ/RWnJ2lhTE"', 'Vary': 'Accept-Encoding', 'Content-Encoding': 'gzip', 'CF-Cache-Status': 'DYNAMIC', 'Report-To': '{"endpoints":[{"url":"https:\\/\\/a.nel.cloudflare.com\\/report\\/v4?s=whyS16sTpoZ1eSWhJdYoYqrkdbe2G0rIHJ50XOBSj5WT%2BQn1aJySHNS7NNzVNzLYYcpwSQq6V5%2FJp6LxV4DN8XdKj7FB2gBJaNQPHaWHR%2BhlWcEksV6dOc7y4Ke9HeSv"}],"group":"cf-nel","max_age":604800}', 'NEL': '{"success_fraction":0,"report_to":"cf-nel","max_age":604800}', 'Server': 'cloudflare', 'CF-RAY': '89f08d2cbac52a91-LAX', 'alt-svc': 'h3=":443"; ma=86400'} 
 body={"results":[{"gender":"male","name":{"title":"Mr","first":"Servé","last":"Blommers"},"location":{"street":{"number":2637,"name":"Droogscheerdersgaarde"},"city":"Oosterzee","state":"Overijssel","country":"Netherlands","postcode":"9736 IB","coordinates":{"latitude":"38.2109","longitude":"-34.3918"},"timezone":{"offset":"+4:30","description":"Kabul"}},"email":"serve.blommers@example.com","login":{"uuid":"d1a47abf-43a3-4971-92d9-4d9edd492da3","username":"ticklishmeercat338","password":"briana","salt":"rlQpKEg1","md5":"8dc830ec78842ead9d11b9fdaa0d9c16","sha1":"73fdb6b396d1d24f4bc1d5e9646c7287ba45a0a6","sha256":"07c4df8b2e78dfdb90e22ff7b94ea067e74eb6015b69928fb85eb6e5436ae109"},"dob":{"date":"1992-08-03T21:27:25.443Z","age":31},"registered":{"date":"2014-03-10T14:31:27.435Z","age":10},"phone":"(0125) 277633","cell":"(06) 11507257","id":{"name":"BSN","value":"44340183"},"picture":{"large":"https://randomuser.me/api/portraits/men/93.jpg","medium":"https://randomuser.me/api/portraits/med/men/93.jpg","thumbnail":"https://randomuser.me/api/portraits/thumb/men/93.jpg"},"nat":"NL"}],"info":{"seed":"f331513aebb12486","results":1,"page":1,"version":"1.4"}} 
 </msg>
<msg time="2024-07-06T15:15:39.784648" level="INFO">/opt/hostedtoolcache/Python/3.12.4/x64/lib/python3.12/site-packages/urllib3/connectionpool.py:1099: InsecureRequestWarning: Unverified HTTPS request is being made to host 'randomuser.me'. Adding certificate verification is strongly advised. See: https://urllib3.readthedocs.io/en/latest/advanced-usage.html#tls-warnings
  warnings.warn(</msg>
<msg time="2024-07-06T15:15:39.784821" level="INFO">${response} = &lt;Response [200]&gt;</msg>
<var>${response}</var>
<arg>consultarAPI</arg>
<arg>/api</arg>
<doc>Sends a GET request on a previously created HTTP Session.</doc>
<status status="PASS" start="2024-07-06T15:15:39.440604" elapsed="0.344262"/>
</kw>
<kw name="Should Be Equal As Numbers" owner="BuiltIn">
<msg time="2024-07-06T15:15:39.785908" level="INFO">Argument types are:
&lt;class 'int'&gt;
&lt;class 'str'&gt;</msg>
<arg>${response.status_code}</arg>
<arg>200</arg>
<doc>Fails if objects are unequal after converting them to real numbers.</doc>
<status status="PASS" start="2024-07-06T15:15:39.785430" elapsed="0.000545"/>
</kw>
<kw name="Log" owner="BuiltIn">
<msg time="2024-07-06T15:15:39.786631" level="INFO">200</msg>
<arg>${response.status_code}</arg>
<doc>Logs the given message with the given level.</doc>
<status status="PASS" start="2024-07-06T15:15:39.786286" elapsed="0.000388"/>
</kw>
<kw name="Set Variable" owner="BuiltIn">
<msg time="2024-07-06T15:15:39.787403" level="INFO">${json_data} = {'results': [{'gender': 'male', 'name': {'title': 'Mr', 'first': 'Servé', 'last': 'Blommers'}, 'location': {'street': {'number': 2637, 'name': 'Droogscheerdersgaarde'}, 'city': 'Oosterzee', 'state': '...</msg>
<var>${json_data}</var>
<arg>${response.json()}</arg>
<doc>Returns the given values which can then be assigned to a variables.</doc>
<status status="PASS" start="2024-07-06T15:15:39.786974" elapsed="0.000458"/>
</kw>
<kw name="Dictionary Should Contain Key" owner="Collections">
<arg>${json_data}</arg>
<arg>results</arg>
<doc>Fails if ``key`` is not found from ``dictionary``.</doc>
<status status="PASS" start="2024-07-06T15:15:39.787725" elapsed="0.000162"/>
</kw>
<status status="PASS" start="2024-07-06T15:15:39.440325" elapsed="0.347712"/>
</kw>
<doc>Testa se a API responde corretamente e retorna um objeto JSON válido.</doc>
<tag>testeRequisicaoBasica</tag>
<status status="PASS" start="2024-07-06T15:15:39.439826" elapsed="0.348386"/>
</test>
<test id="s1-s1-t3" name="Validar estrutura de resposta" line="22">
<kw name="Teste de Estrutura de Resposta" owner="random-user-service">
<kw name="GET On Session" owner="RequestsLibrary">
<msg time="2024-07-06T15:15:39.885210" level="INFO">GET Request : url=https://randomuser.me/api 
 path_url=/api 
 headers={'User-Agent': 'python-requests/2.32.3', 'Accept-Encoding': 'gzip, deflate', 'Accept': '*/*', 'Connection': 'keep-alive'} 
 body=None 
 </msg>
<msg time="2024-07-06T15:15:39.885313" level="INFO">GET Response : url=https://randomuser.me/api 
 status=200, reason=OK 
 headers={'Date': 'Sat, 06 Jul 2024 15:15:39 GMT', 'Content-Type': 'application/json; charset=utf-8', 'Transfer-Encoding': 'chunked', 'Connection': 'keep-alive', 'X-Powered-By': 'Express', 'Access-Control-Allow-Origin': '*', 'Cache-Control': 'no-cache', 'ETag': 'W/"497-YDnW5HLwehJTRBYG76lQeodAlVE"', 'Vary': 'Accept-Encoding', 'Content-Encoding': 'gzip', 'CF-Cache-Status': 'DYNAMIC', 'Report-To': '{"endpoints":[{"url":"https:\\/\\/a.nel.cloudflare.com\\/report\\/v4?s=0PCI9bR7n0BU87K6PHt%2FHaNMJ2hw%2Bz878sti0GbpCOuox9tQDekgvTNm8ZYt4anaqErzqHbHYfhzEVq%2B3u1WFKSYDfSkWnbINTHl%2FInU%2FyYqyy%2FNBl9ClaeHqY4y4JSE"}],"group":"cf-nel","max_age":604800}', 'NEL': '{"success_fraction":0,"report_to":"cf-nel","max_age":604800}', 'Server': 'cloudflare', 'CF-RAY': '89f08d2dbc062a91-LAX', 'alt-svc': 'h3=":443"; ma=86400'} 
 body={"results":[{"gender":"male","name":{"title":"Mr","first":"Antonio","last":"Edwards"},"location":{"street":{"number":5797,"name":"Spring St"},"city":"Geelong","state":"New South Wales","country":"Australia","postcode":9548,"coordinates":{"latitude":"-88.0031","longitude":"-116.8055"},"timezone":{"offset":"+10:00","description":"Eastern Australia, Guam, Vladivostok"}},"email":"antonio.edwards@example.com","login":{"uuid":"03f9c63e-c448-47b8-824a-4487d1c80435","username":"crazyostrich356","password":"buddie","salt":"VrpFBTFr","md5":"0cf582a4788f8f51c4a556c488da03d9","sha1":"7f37127eb3b3ed1e565bafd216e21191716a0a1e","sha256":"d62bc0576b67b51846deddfdac490b4352876ec3c8b989b6db6764069fa793be"},"dob":{"date":"1961-02-17T10:46:50.848Z","age":63},"registered":{"date":"2012-05-03T12:26:04.312Z","age":12},"phone":"08-0750-2132","cell":"0482-644-995","id":{"name":"TFN","value":"559577438"},"picture":{"large":"https://randomuser.me/api/portraits/men/47.jpg","medium":"https://randomuser.me/api/portraits/med/men/47.jpg","thumbnail":"https://randomuser.me/api/portraits/thumb/men/47.jpg"},"nat":"AU"}],"info":{"seed":"7dd408bd7564682b","results":1,"page":1,"version":"1.4"}} 
 </msg>
<msg time="2024-07-06T15:15:39.885454" level="INFO">/opt/hostedtoolcache/Python/3.12.4/x64/lib/python3.12/site-packages/urllib3/connectionpool.py:1099: InsecureRequestWarning: Unverified HTTPS request is being made to host 'randomuser.me'. Adding certificate verification is strongly advised. See: https://urllib3.readthedocs.io/en/latest/advanced-usage.html#tls-warnings
  warnings.warn(</msg>
<msg time="2024-07-06T15:15:39.885585" level="INFO">${response} = &lt;Response [200]&gt;</msg>
<var>${response}</var>
<arg>consultarAPI</arg>
<arg>/api</arg>
<doc>Sends a GET request on a previously created HTTP Session.</doc>
<status status="PASS" start="2024-07-06T15:15:39.790834" elapsed="0.094802"/>
</kw>
<kw name="Set Variable" owner="BuiltIn">
<msg time="2024-07-06T15:15:39.886596" level="INFO">${json_data} = {'results': [{'gender': 'male', 'name': {'title': 'Mr', 'first': 'Antonio', 'last': 'Edwards'}, 'location': {'street': {'number': 5797, 'name': 'Spring St'}, 'city': 'Geelong', 'state': 'New South Wal...</msg>
<var>${json_data}</var>
<arg>${response.json()}</arg>
<doc>Returns the given values which can then be assigned to a variables.</doc>
<status status="PASS" start="2024-07-06T15:15:39.886116" elapsed="0.000508"/>
</kw>
<kw name="Log" owner="BuiltIn">
<msg time="2024-07-06T15:15:39.887084" level="INFO">{'results': [{'gender': 'male', 'name': {'title': 'Mr', 'first': 'Antonio', 'last': 'Edwards'}, 'location': {'street': {'number': 5797, 'name': 'Spring St'}, 'city': 'Geelong', 'state': 'New South Wales', 'country': 'Australia', 'postcode': 9548, 'coordinates': {'latitude': '-88.0031', 'longitude': '-116.8055'}, 'timezone': {'offset': '+10:00', 'description': 'Eastern Australia, Guam, Vladivostok'}}, 'email': 'antonio.edwards@example.com', 'login': {'uuid': '03f9c63e-c448-47b8-824a-4487d1c80435', 'username': 'crazyostrich356', 'password': 'buddie', 'salt': 'VrpFBTFr', 'md5': '0cf582a4788f8f51c4a556c488da03d9', 'sha1': '7f37127eb3b3ed1e565bafd216e21191716a0a1e', 'sha256': 'd62bc0576b67b51846deddfdac490b4352876ec3c8b989b6db6764069fa793be'}, 'dob': {'date': '1961-02-17T10:46:50.848Z', 'age': 63}, 'registered': {'date': '2012-05-03T12:26:04.312Z', 'age': 12}, 'phone': '08-0750-2132', 'cell': '0482-644-995', 'id': {'name': 'TFN', 'value': '559577438'}, 'picture': {'large': 'https://randomuser.me/api/portraits/men/47.jpg', 'medium': 'https://randomuser.me/api/portraits/med/men/47.jpg', 'thumbnail': 'https://randomuser.me/api/portraits/thumb/men/47.jpg'}, 'nat': 'AU'}], 'info': {'seed': '7dd408bd7564682b', 'results': 1, 'page': 1, 'version': '1.4'}}</msg>
<arg>${json_data}</arg>
<doc>Logs the given message with the given level.</doc>
<status status="PASS" start="2024-07-06T15:15:39.886928" elapsed="0.000205"/>
</kw>
<kw name="Dictionary Should Contain Key" owner="Collections">
<arg>${json_data}</arg>
<arg>results</arg>
<doc>Fails if ``key`` is not found from ``dictionary``.</doc>
<status status="PASS" start="2024-07-06T15:15:39.887417" elapsed="0.000154"/>
</kw>
<kw name="Should Not Be Empty" owner="BuiltIn">
<msg time="2024-07-06T15:15:39.887888" level="INFO">Length is 2.</msg>
<arg>${json_data}</arg>
<doc>Verifies that the given item is not empty.</doc>
<status status="PASS" start="2024-07-06T15:15:39.887753" elapsed="0.000175"/>
</kw>
<kw name="Create List" owner="BuiltIn">
<msg time="2024-07-06T15:15:39.888582" level="INFO">${expected_keys} = ['gender', 'name', 'location', 'email', 'login']</msg>
<var>${expected_keys}</var>
<arg>gender</arg>
<arg>name</arg>
<arg>location</arg>
<arg>email</arg>
<arg>login</arg>
<doc>Returns a list containing given items.</doc>
<status status="PASS" start="2024-07-06T15:15:39.888221" elapsed="0.000387"/>
</kw>
<for flavor="IN">
<iter>
<kw name="Dictionary Should Contain Key" owner="Collections">
<arg>${json_data['results'][0]}</arg>
<arg>${key}</arg>
<doc>Fails if ``key`` is not found from ``dictionary``.</doc>
<status status="PASS" start="2024-07-06T15:15:39.889193" elapsed="0.000392"/>
</kw>
<kw name="Log" owner="BuiltIn">
<msg time="2024-07-06T15:15:39.890134" level="INFO">{'gender': 'male', 'name': {'title': 'Mr', 'first': 'Antonio', 'last': 'Edwards'}, 'location': {'street': {'number': 5797, 'name': 'Spring St'}, 'city': 'Geelong', 'state': 'New South Wales', 'country': 'Australia', 'postcode': 9548, 'coordinates': {'latitude': '-88.0031', 'longitude': '-116.8055'}, 'timezone': {'offset': '+10:00', 'description': 'Eastern Australia, Guam, Vladivostok'}}, 'email': 'antonio.edwards@example.com', 'login': {'uuid': '03f9c63e-c448-47b8-824a-4487d1c80435', 'username': 'crazyostrich356', 'password': 'buddie', 'salt': 'VrpFBTFr', 'md5': '0cf582a4788f8f51c4a556c488da03d9', 'sha1': '7f37127eb3b3ed1e565bafd216e21191716a0a1e', 'sha256': 'd62bc0576b67b51846deddfdac490b4352876ec3c8b989b6db6764069fa793be'}, 'dob': {'date': '1961-02-17T10:46:50.848Z', 'age': 63}, 'registered': {'date': '2012-05-03T12:26:04.312Z', 'age': 12}, 'phone': '08-0750-2132', 'cell': '0482-644-995', 'id': {'name': 'TFN', 'value': '559577438'}, 'picture': {'large': 'https://randomuser.me/api/portraits/men/47.jpg', 'medium': 'https://randomuser.me/api/portraits/med/men/47.jpg', 'thumbnail': 'https://randomuser.me/api/portraits/thumb/men/47.jpg'}, 'nat': 'AU'}</msg>
<arg>${json_data['results'][0]}</arg>
<doc>Logs the given message with the given level.</doc>
<status status="PASS" start="2024-07-06T15:15:39.889772" elapsed="0.000411"/>
</kw>
<kw name="Log" owner="BuiltIn">
<msg time="2024-07-06T15:15:39.890601" level="INFO">gender</msg>
<arg>${key}</arg>
<doc>Logs the given message with the given level.</doc>
<status status="PASS" start="2024-07-06T15:15:39.890474" elapsed="0.000165"/>
</kw>
<var name="${key}">gender</var>
<status status="PASS" start="2024-07-06T15:15:39.889070" elapsed="0.001784"/>
</iter>
<iter>
<kw name="Dictionary Should Contain Key" owner="Collections">
<arg>${json_data['results'][0]}</arg>
<arg>${key}</arg>
<doc>Fails if ``key`` is not found from ``dictionary``.</doc>
<status status="PASS" start="2024-07-06T15:15:39.891151" elapsed="0.000382"/>
</kw>
<kw name="Log" owner="BuiltIn">
<msg time="2024-07-06T15:15:39.892063" level="INFO">{'gender': 'male', 'name': {'title': 'Mr', 'first': 'Antonio', 'last': 'Edwards'}, 'location': {'street': {'number': 5797, 'name': 'Spring St'}, 'city': 'Geelong', 'state': 'New South Wales', 'country': 'Australia', 'postcode': 9548, 'coordinates': {'latitude': '-88.0031', 'longitude': '-116.8055'}, 'timezone': {'offset': '+10:00', 'description': 'Eastern Australia, Guam, Vladivostok'}}, 'email': 'antonio.edwards@example.com', 'login': {'uuid': '03f9c63e-c448-47b8-824a-4487d1c80435', 'username': 'crazyostrich356', 'password': 'buddie', 'salt': 'VrpFBTFr', 'md5': '0cf582a4788f8f51c4a556c488da03d9', 'sha1': '7f37127eb3b3ed1e565bafd216e21191716a0a1e', 'sha256': 'd62bc0576b67b51846deddfdac490b4352876ec3c8b989b6db6764069fa793be'}, 'dob': {'date': '1961-02-17T10:46:50.848Z', 'age': 63}, 'registered': {'date': '2012-05-03T12:26:04.312Z', 'age': 12}, 'phone': '08-0750-2132', 'cell': '0482-644-995', 'id': {'name': 'TFN', 'value': '559577438'}, 'picture': {'large': 'https://randomuser.me/api/portraits/men/47.jpg', 'medium': 'https://randomuser.me/api/portraits/med/men/47.jpg', 'thumbnail': 'https://randomuser.me/api/portraits/thumb/men/47.jpg'}, 'nat': 'AU'}</msg>
<arg>${json_data['results'][0]}</arg>
<doc>Logs the given message with the given level.</doc>
<status status="PASS" start="2024-07-06T15:15:39.891720" elapsed="0.000424"/>
</kw>
<kw name="Log" owner="BuiltIn">
<msg time="2024-07-06T15:15:39.892600" level="INFO">name</msg>
<arg>${key}</arg>
<doc>Logs the given message with the given level.</doc>
<status status="PASS" start="2024-07-06T15:15:39.892464" elapsed="0.000173"/>
</kw>
<var name="${key}">name</var>
<status status="PASS" start="2024-07-06T15:15:39.891035" elapsed="0.001821"/>
</iter>
<iter>
<kw name="Dictionary Should Contain Key" owner="Collections">
<arg>${json_data['results'][0]}</arg>
<arg>${key}</arg>
<doc>Fails if ``key`` is not found from ``dictionary``.</doc>
<status status="PASS" start="2024-07-06T15:15:39.893138" elapsed="0.000373"/>
</kw>
<kw name="Log" owner="BuiltIn">
<msg time="2024-07-06T15:15:39.894040" level="INFO">{'gender': 'male', 'name': {'title': 'Mr', 'first': 'Antonio', 'last': 'Edwards'}, 'location': {'street': {'number': 5797, 'name': 'Spring St'}, 'city': 'Geelong', 'state': 'New South Wales', 'country': 'Australia', 'postcode': 9548, 'coordinates': {'latitude': '-88.0031', 'longitude': '-116.8055'}, 'timezone': {'offset': '+10:00', 'description': 'Eastern Australia, Guam, Vladivostok'}}, 'email': 'antonio.edwards@example.com', 'login': {'uuid': '03f9c63e-c448-47b8-824a-4487d1c80435', 'username': 'crazyostrich356', 'password': 'buddie', 'salt': 'VrpFBTFr', 'md5': '0cf582a4788f8f51c4a556c488da03d9', 'sha1': '7f37127eb3b3ed1e565bafd216e21191716a0a1e', 'sha256': 'd62bc0576b67b51846deddfdac490b4352876ec3c8b989b6db6764069fa793be'}, 'dob': {'date': '1961-02-17T10:46:50.848Z', 'age': 63}, 'registered': {'date': '2012-05-03T12:26:04.312Z', 'age': 12}, 'phone': '08-0750-2132', 'cell': '0482-644-995', 'id': {'name': 'TFN', 'value': '559577438'}, 'picture': {'large': 'https://randomuser.me/api/portraits/men/47.jpg', 'medium': 'https://randomuser.me/api/portraits/med/men/47.jpg', 'thumbnail': 'https://randomuser.me/api/portraits/thumb/men/47.jpg'}, 'nat': 'AU'}</msg>
<arg>${json_data['results'][0]}</arg>
<doc>Logs the given message with the given level.</doc>
<status status="PASS" start="2024-07-06T15:15:39.893693" elapsed="0.000396"/>
</kw>
<kw name="Log" owner="BuiltIn">
<msg time="2024-07-06T15:15:39.894515" level="INFO">location</msg>
<arg>${key}</arg>
<doc>Logs the given message with the given level.</doc>
<status status="PASS" start="2024-07-06T15:15:39.894388" elapsed="0.000164"/>
</kw>
<var name="${key}">location</var>
<status status="PASS" start="2024-07-06T15:15:39.893030" elapsed="0.001736"/>
</iter>
<iter>
<kw name="Dictionary Should Contain Key" owner="Collections">
<arg>${json_data['results'][0]}</arg>
<arg>${key}</arg>
<doc>Fails if ``key`` is not found from ``dictionary``.</doc>
<status status="PASS" start="2024-07-06T15:15:39.895050" elapsed="0.000388"/>
</kw>
<kw name="Log" owner="BuiltIn">
<msg time="2024-07-06T15:15:39.895976" level="INFO">{'gender': 'male', 'name': {'title': 'Mr', 'first': 'Antonio', 'last': 'Edwards'}, 'location': {'street': {'number': 5797, 'name': 'Spring St'}, 'city': 'Geelong', 'state': 'New South Wales', 'country': 'Australia', 'postcode': 9548, 'coordinates': {'latitude': '-88.0031', 'longitude': '-116.8055'}, 'timezone': {'offset': '+10:00', 'description': 'Eastern Australia, Guam, Vladivostok'}}, 'email': 'antonio.edwards@example.com', 'login': {'uuid': '03f9c63e-c448-47b8-824a-4487d1c80435', 'username': 'crazyostrich356', 'password': 'buddie', 'salt': 'VrpFBTFr', 'md5': '0cf582a4788f8f51c4a556c488da03d9', 'sha1': '7f37127eb3b3ed1e565bafd216e21191716a0a1e', 'sha256': 'd62bc0576b67b51846deddfdac490b4352876ec3c8b989b6db6764069fa793be'}, 'dob': {'date': '1961-02-17T10:46:50.848Z', 'age': 63}, 'registered': {'date': '2012-05-03T12:26:04.312Z', 'age': 12}, 'phone': '08-0750-2132', 'cell': '0482-644-995', 'id': {'name': 'TFN', 'value': '559577438'}, 'picture': {'large': 'https://randomuser.me/api/portraits/men/47.jpg', 'medium': 'https://randomuser.me/api/portraits/med/men/47.jpg', 'thumbnail': 'https://randomuser.me/api/portraits/thumb/men/47.jpg'}, 'nat': 'AU'}</msg>
<arg>${json_data['results'][0]}</arg>
<doc>Logs the given message with the given level.</doc>
<status status="PASS" start="2024-07-06T15:15:39.895626" elapsed="0.000400"/>
</kw>
<kw name="Log" owner="BuiltIn">
<msg time="2024-07-06T15:15:39.896480" level="INFO">email</msg>
<arg>${key}</arg>
<doc>Logs the given message with the given level.</doc>
<status status="PASS" start="2024-07-06T15:15:39.896320" elapsed="0.000204"/>
</kw>
<var name="${key}">email</var>
<status status="PASS" start="2024-07-06T15:15:39.894935" elapsed="0.001824"/>
</iter>
<iter>
<kw name="Dictionary Should Contain Key" owner="Collections">
<arg>${json_data['results'][0]}</arg>
<arg>${key}</arg>
<doc>Fails if ``key`` is not found from ``dictionary``.</doc>
<status status="PASS" start="2024-07-06T15:15:39.897045" elapsed="0.000387"/>
</kw>
<kw name="Log" owner="BuiltIn">
<msg time="2024-07-06T15:15:39.897961" level="INFO">{'gender': 'male', 'name': {'title': 'Mr', 'first': 'Antonio', 'last': 'Edwards'}, 'location': {'street': {'number': 5797, 'name': 'Spring St'}, 'city': 'Geelong', 'state': 'New South Wales', 'country': 'Australia', 'postcode': 9548, 'coordinates': {'latitude': '-88.0031', 'longitude': '-116.8055'}, 'timezone': {'offset': '+10:00', 'description': 'Eastern Australia, Guam, Vladivostok'}}, 'email': 'antonio.edwards@example.com', 'login': {'uuid': '03f9c63e-c448-47b8-824a-4487d1c80435', 'username': 'crazyostrich356', 'password': 'buddie', 'salt': 'VrpFBTFr', 'md5': '0cf582a4788f8f51c4a556c488da03d9', 'sha1': '7f37127eb3b3ed1e565bafd216e21191716a0a1e', 'sha256': 'd62bc0576b67b51846deddfdac490b4352876ec3c8b989b6db6764069fa793be'}, 'dob': {'date': '1961-02-17T10:46:50.848Z', 'age': 63}, 'registered': {'date': '2012-05-03T12:26:04.312Z', 'age': 12}, 'phone': '08-0750-2132', 'cell': '0482-644-995', 'id': {'name': 'TFN', 'value': '559577438'}, 'picture': {'large': 'https://randomuser.me/api/portraits/men/47.jpg', 'medium': 'https://randomuser.me/api/portraits/med/men/47.jpg', 'thumbnail': 'https://randomuser.me/api/portraits/thumb/men/47.jpg'}, 'nat': 'AU'}</msg>
<arg>${json_data['results'][0]}</arg>
<doc>Logs the given message with the given level.</doc>
<status status="PASS" start="2024-07-06T15:15:39.897613" elapsed="0.000398"/>
</kw>
<kw name="Log" owner="BuiltIn">
<msg time="2024-07-06T15:15:39.898427" level="INFO">login</msg>
<arg>${key}</arg>
<doc>Logs the given message with the given level.</doc>
<status status="PASS" start="2024-07-06T15:15:39.898301" elapsed="0.000164"/>
</kw>
<var name="${key}">login</var>
<status status="PASS" start="2024-07-06T15:15:39.896928" elapsed="0.001752"/>
</iter>
<var>${key}</var>
<value>@{expected_keys}</value>
<status status="PASS" start="2024-07-06T15:15:39.888879" elapsed="0.009923"/>
</for>
<kw name="Create List" owner="BuiltIn">
<msg time="2024-07-06T15:15:39.899128" level="INFO">${expected_keysTwo} = ['username', 'password']</msg>
<var>${expected_keysTwo}</var>
<arg>username</arg>
<arg>password</arg>
<doc>Returns a list containing given items.</doc>
<status status="PASS" start="2024-07-06T15:15:39.898987" elapsed="0.000203"/>
</kw>
<for flavor="IN">
<iter>
<kw name="Dictionary Should Contain Key" owner="Collections">
<arg>${json_data['results'][0]['login']}</arg>
<arg>${keyTwo}</arg>
<doc>Fails if ``key`` is not found from ``dictionary``.</doc>
<status status="PASS" start="2024-07-06T15:15:39.899690" elapsed="0.000397"/>
</kw>
<kw name="Dictionary Should Contain Key" owner="Collections">
<arg>${json_data['results'][0]['login']}</arg>
<arg>${keyTwo}</arg>
<doc>Fails if ``key`` is not found from ``dictionary``.</doc>
<status status="PASS" start="2024-07-06T15:15:39.900268" elapsed="0.000401"/>
</kw>
<kw name="Log" owner="BuiltIn">
<msg time="2024-07-06T15:15:39.900972" level="INFO">username</msg>
<arg>${keyTwo}</arg>
<doc>Logs the given message with the given level.</doc>
<status status="PASS" start="2024-07-06T15:15:39.900852" elapsed="0.000159"/>
</kw>
<var name="${keyTwo}">username</var>
<status status="PASS" start="2024-07-06T15:15:39.899584" elapsed="0.001649"/>
</iter>
<iter>
<kw name="Dictionary Should Contain Key" owner="Collections">
<arg>${json_data['results'][0]['login']}</arg>
<arg>${keyTwo}</arg>
<doc>Fails if ``key`` is not found from ``dictionary``.</doc>
<status status="PASS" start="2024-07-06T15:15:39.901509" elapsed="0.000386"/>
</kw>
<kw name="Dictionary Should Contain Key" owner="Collections">
<arg>${json_data['results'][0]['login']}</arg>
<arg>${keyTwo}</arg>
<doc>Fails if ``key`` is not found from ``dictionary``.</doc>
<status status="PASS" start="2024-07-06T15:15:39.902073" elapsed="0.000369"/>
</kw>
<kw name="Log" owner="BuiltIn">
<msg time="2024-07-06T15:15:39.902733" level="INFO">password</msg>
<arg>${keyTwo}</arg>
<doc>Logs the given message with the given level.</doc>
<status status="PASS" start="2024-07-06T15:15:39.902616" elapsed="0.000159"/>
</kw>
<var name="${keyTwo}">password</var>
<status status="PASS" start="2024-07-06T15:15:39.901402" elapsed="0.001683"/>
</iter>
<var>${keyTwo}</var>
<value>@{expected_keysTwo}</value>
<status status="PASS" start="2024-07-06T15:15:39.899437" elapsed="0.003767"/>
</for>
<status status="PASS" start="2024-07-06T15:15:39.790593" elapsed="0.112747"/>
</kw>
<doc>Testa a estrutura da resposta da API.</doc>
<tag>testeEstruturaResposta</tag>
<status status="PASS" start="2024-07-06T15:15:39.790079" elapsed="0.113412"/>
</test>
<test id="s1-s1-t4" name="Validar tipos de dados" line="28">
<kw name="Teste de Tipos de Dados" owner="random-user-service">
<kw name="GET On Session" owner="RequestsLibrary">
<msg time="2024-07-06T15:15:40.003299" level="INFO">GET Request : url=https://randomuser.me/api 
 path_url=/api 
 headers={'User-Agent': 'python-requests/2.32.3', 'Accept-Encoding': 'gzip, deflate', 'Accept': '*/*', 'Connection': 'keep-alive'} 
 body=None 
 </msg>
<msg time="2024-07-06T15:15:40.003402" level="INFO">GET Response : url=https://randomuser.me/api 
 status=200, reason=OK 
 headers={'Date': 'Sat, 06 Jul 2024 15:15:39 GMT', 'Content-Type': 'application/json; charset=utf-8', 'Transfer-Encoding': 'chunked', 'Connection': 'keep-alive', 'X-Powered-By': 'Express', 'Access-Control-Allow-Origin': '*', 'Cache-Control': 'no-cache', 'ETag': 'W/"48f-RusgoER5HS+bC/fJv5k2dwTzWBc"', 'Vary': 'Accept-Encoding', 'Content-Encoding': 'gzip', 'CF-Cache-Status': 'DYNAMIC', 'Report-To': '{"endpoints":[{"url":"https:\\/\\/a.nel.cloudflare.com\\/report\\/v4?s=1XPrNZenAD0X89cF%2FydrOtB471TA6VEDFMWEVGxTAnli%2Fw55uTicNtzIVyjH1eORaRu71zMxaoGD5KeTY1g2oCgkde3EDyL%2B%2BOynxuQyUQbV84em0iOf0cn1lp5cRvjd"}],"group":"cf-nel","max_age":604800}', 'NEL': '{"success_fraction":0,"report_to":"cf-nel","max_age":604800}', 'Server': 'cloudflare', 'CF-RAY': '89f08d2e6cfc2a91-LAX', 'alt-svc': 'h3=":443"; ma=86400'} 
 body={"results":[{"gender":"male","name":{"title":"Mr","first":"Daniel","last":"Rasmussen"},"location":{"street":{"number":3406,"name":"Svenstrupvej"},"city":"Stokkemarke","state":"Sjælland","country":"Denmark","postcode":40112,"coordinates":{"latitude":"-42.9818","longitude":"-20.2296"},"timezone":{"offset":"+9:00","description":"Tokyo, Seoul, Osaka, Sapporo, Yakutsk"}},"email":"daniel.rasmussen@example.com","login":{"uuid":"3ee5cdc5-6fd5-4523-ac77-c35400844cf5","username":"heavykoala786","password":"sharp","salt":"A81wuhn6","md5":"498a45f5d571373aae38897464ef59fd","sha1":"1496eed2efaacb04abfd5a72b40187393953efe1","sha256":"7bd188635c70c27c5b49500917546d5728bf10e4f9a54714aabf0d0d677ff2ca"},"dob":{"date":"1957-10-24T00:06:12.821Z","age":66},"registered":{"date":"2009-08-06T04:59:57.509Z","age":14},"phone":"00522793","cell":"73039565","id":{"name":"CPR","value":"231057-5416"},"picture":{"large":"https://randomuser.me/api/portraits/men/29.jpg","medium":"https://randomuser.me/api/portraits/med/men/29.jpg","thumbnail":"https://randomuser.me/api/portraits/thumb/men/29.jpg"},"nat":"DK"}],"info":{"seed":"7a356f1c4f7d19de","results":1,"page":1,"version":"1.4"}} 
 </msg>
<msg time="2024-07-06T15:15:40.003484" level="INFO">/opt/hostedtoolcache/Python/3.12.4/x64/lib/python3.12/site-packages/urllib3/connectionpool.py:1099: InsecureRequestWarning: Unverified HTTPS request is being made to host 'randomuser.me'. Adding certificate verification is strongly advised. See: https://urllib3.readthedocs.io/en/latest/advanced-usage.html#tls-warnings
  warnings.warn(</msg>
<msg time="2024-07-06T15:15:40.003608" level="INFO">${response} = &lt;Response [200]&gt;</msg>
<var>${response}</var>
<arg>consultarAPI</arg>
<arg>/api</arg>
<doc>Sends a GET request on a previously created HTTP Session.</doc>
<status status="PASS" start="2024-07-06T15:15:39.905971" elapsed="0.097680"/>
</kw>
<kw name="Set Variable" owner="BuiltIn">
<msg time="2024-07-06T15:15:40.004810" level="INFO">${json_data} = {'results': [{'gender': 'male', 'name': {'title': 'Mr', 'first': 'Daniel', 'last': 'Rasmussen'}, 'location': {'street': {'number': 3406, 'name': 'Svenstrupvej'}, 'city': 'Stokkemarke', 'state': 'Sjæll...</msg>
<var>${json_data}</var>
<arg>${response.json()}</arg>
<doc>Returns the given values which can then be assigned to a variables.</doc>
<status status="PASS" start="2024-07-06T15:15:40.004212" elapsed="0.000629"/>
</kw>
<kw name="Log" owner="BuiltIn">
<msg time="2024-07-06T15:15:40.005386" level="INFO">{'results': [{'gender': 'male', 'name': {'title': 'Mr', 'first': 'Daniel', 'last': 'Rasmussen'}, 'location': {'street': {'number': 3406, 'name': 'Svenstrupvej'}, 'city': 'Stokkemarke', 'state': 'Sjælland', 'country': 'Denmark', 'postcode': 40112, 'coordinates': {'latitude': '-42.9818', 'longitude': '-20.2296'}, 'timezone': {'offset': '+9:00', 'description': 'Tokyo, Seoul, Osaka, Sapporo, Yakutsk'}}, 'email': 'daniel.rasmussen@example.com', 'login': {'uuid': '3ee5cdc5-6fd5-4523-ac77-c35400844cf5', 'username': 'heavykoala786', 'password': 'sharp', 'salt': 'A81wuhn6', 'md5': '498a45f5d571373aae38897464ef59fd', 'sha1': '1496eed2efaacb04abfd5a72b40187393953efe1', 'sha256': '7bd188635c70c27c5b49500917546d5728bf10e4f9a54714aabf0d0d677ff2ca'}, 'dob': {'date': '1957-10-24T00:06:12.821Z', 'age': 66}, 'registered': {'date': '2009-08-06T04:59:57.509Z', 'age': 14}, 'phone': '00522793', 'cell': '73039565', 'id': {'name': 'CPR', 'value': '231057-5416'}, 'picture': {'large': 'https://randomuser.me/api/portraits/men/29.jpg', 'medium': 'https://randomuser.me/api/portraits/med/men/29.jpg', 'thumbnail': 'https://randomuser.me/api/portraits/thumb/men/29.jpg'}, 'nat': 'DK'}], 'info': {'seed': '7a356f1c4f7d19de', 'results': 1, 'page': 1, 'version': '1.4'}}</msg>
<arg>${json_data}</arg>
<doc>Logs the given message with the given level.</doc>
<status status="PASS" start="2024-07-06T15:15:40.005208" elapsed="0.000230"/>
</kw>
<kw name="Should Be String" owner="String">
<arg>${json_data['results'][0]['gender']}</arg>
<doc>Fails if the given ``item`` is not a string.</doc>
<status status="PASS" start="2024-07-06T15:15:40.005743" elapsed="0.000380"/>
</kw>
<kw name="Should Match Regexp" owner="BuiltIn">
<arg>${json_data['results'][0]['email']}</arg>
<arg>^[a-zA-Z0-9._%+-]+@[a-zA-Z0-9.-]+\.[a-zA-Z]{2,}$</arg>
<doc>Fails if ``string`` does not match ``pattern`` as a regular expression.</doc>
<status status="PASS" start="2024-07-06T15:15:40.006323" elapsed="0.000575"/>
</kw>
<kw name="Should Match Regexp" owner="BuiltIn">
<arg>${json_data['results'][0]['dob']['date']}</arg>
<arg>\\d{4}-\\d{2}-\\d{2}T\\d{2}:\\d{2}:\\d{2}\\.\\d{3}Z</arg>
<doc>Fails if ``string`` does not match ``pattern`` as a regular expression.</doc>
<status status="PASS" start="2024-07-06T15:15:40.007096" elapsed="0.000490"/>
</kw>
<kw name="Should Match Regexp" owner="BuiltIn">
<arg>${json_data['results'][0]['registered']['date']}</arg>
<arg>\\d{4}-\\d{2}-\\d{2}T\\d{2}:\\d{2}:\\d{2}\\.\\d{3}Z</arg>
<doc>Fails if ``string`` does not match ``pattern`` as a regular expression.</doc>
<status status="PASS" start="2024-07-06T15:15:40.007779" elapsed="0.000492"/>
</kw>
<kw name="Should Match Regexp" owner="BuiltIn">
<arg>${json_data['results'][0]['picture']['large']}</arg>
<arg>^https?://.*\.(?:png|jpe?g|gif|bmp)$</arg>
<doc>Fails if ``string`` does not match ``pattern`` as a regular expression.</doc>
<status status="PASS" start="2024-07-06T15:15:40.008579" elapsed="0.000630"/>
</kw>
<kw name="Should Match Regexp" owner="BuiltIn">
<arg>${json_data['results'][0]['picture']['medium']}</arg>
<arg>^https?://.*\.(?:png|jpe?g|gif|bmp)$</arg>
<doc>Fails if ``string`` does not match ``pattern`` as a regular expression.</doc>
<status status="PASS" start="2024-07-06T15:15:40.009407" elapsed="0.000385"/>
</kw>
<kw name="Should Match Regexp" owner="BuiltIn">
<arg>${json_data['results'][0]['picture']['thumbnail']}</arg>
<arg>^https?://.*\.(?:png|jpe?g|gif|bmp)$</arg>
<doc>Fails if ``string`` does not match ``pattern`` as a regular expression.</doc>
<status status="PASS" start="2024-07-06T15:15:40.009989" elapsed="0.000353"/>
</kw>
<kw name="Log" owner="BuiltIn">
<msg time="2024-07-06T15:15:40.010856" level="INFO">{'large': 'https://randomuser.me/api/portraits/men/29.jpg', 'medium': 'https://randomuser.me/api/portraits/med/men/29.jpg', 'thumbnail': 'https://randomuser.me/api/portraits/thumb/men/29.jpg'}</msg>
<arg>${json_data['results'][0]['picture']}</arg>
<doc>Logs the given message with the given level.</doc>
<status status="PASS" start="2024-07-06T15:15:40.010523" elapsed="0.000377"/>
</kw>
<status status="PASS" start="2024-07-06T15:15:39.905750" elapsed="0.105426"/>
</kw>
<kw name="Teste de Tipos de Dados - Postcode" owner="random-user-service">
<kw name="GET On Session" owner="RequestsLibrary">
<msg time="2024-07-06T15:15:40.118340" level="INFO">GET Request : url=https://randomuser.me/api 
 path_url=/api 
 headers={'User-Agent': 'python-requests/2.32.3', 'Accept-Encoding': 'gzip, deflate', 'Accept': '*/*', 'Connection': 'keep-alive'} 
 body=None 
 </msg>
<msg time="2024-07-06T15:15:40.118441" level="INFO">GET Response : url=https://randomuser.me/api 
 status=200, reason=OK 
 headers={'Date': 'Sat, 06 Jul 2024 15:15:40 GMT', 'Content-Type': 'application/json; charset=utf-8', 'Transfer-Encoding': 'chunked', 'Connection': 'keep-alive', 'X-Powered-By': 'Express', 'Access-Control-Allow-Origin': '*', 'Cache-Control': 'no-cache', 'ETag': 'W/"473-gyELlj2BSfjh/JKCoAxTgo4rGf4"', 'Vary': 'Accept-Encoding', 'Content-Encoding': 'gzip', 'CF-Cache-Status': 'DYNAMIC', 'Report-To': '{"endpoints":[{"url":"https:\\/\\/a.nel.cloudflare.com\\/report\\/v4?s=jgyOIKT3KXxhn2Q%2BExszVUeDNmKOot8iRUiYLx7Pg%2BdnuazO2M8hg5wv7K%2F7M0RsiEk22w7It6zZw%2BvHqlIKBPI8woayRcKw9z308GyoIBIGjr5XcKobDZJDWRxlmVbC"}],"group":"cf-nel","max_age":604800}', 'NEL': '{"success_fraction":0,"report_to":"cf-nel","max_age":604800}', 'Server': 'cloudflare', 'CF-RAY': '89f08d2f1da82a91-LAX', 'alt-svc': 'h3=":443"; ma=86400'} 
 body={"results":[{"gender":"male","name":{"title":"Mr","first":"Gorun","last":"Dovgoshiya"},"location":{"street":{"number":9639,"name":"Balakliyivska"},"city":"Novomoskovsk","state":"Sumska","country":"Ukraine","postcode":70827,"coordinates":{"latitude":"81.3110","longitude":"-17.3263"},"timezone":{"offset":"+5:45","description":"Kathmandu"}},"email":"gorun.dovgoshiya@example.com","login":{"uuid":"34cf09ba-d8a3-4279-8a5d-bba8fd1e80b8","username":"greensnake731","password":"obsidian","salt":"2FOmiELb","md5":"0db80213a70861bc7cb561f2d3a6c4bd","sha1":"0dc178e984e338c978dc611f886847a6b0aff2e0","sha256":"a8925ac9d63e35f25e28419feb91b13dd7dc71d22d50091e2cec3ce362d390d3"},"dob":{"date":"1986-04-11T22:29:59.975Z","age":38},"registered":{"date":"2015-07-08T02:24:56.725Z","age":8},"phone":"(099) W18-5075","cell":"(097) Q08-9306","id":{"name":"","value":null},"picture":{"large":"https://randomuser.me/api/portraits/men/53.jpg","medium":"https://randomuser.me/api/portraits/med/men/53.jpg","thumbnail":"https://randomuser.me/api/portraits/thumb/men/53.jpg"},"nat":"UA"}],"info":{"seed":"5b943f37f4515bb4","results":1,"page":1,"version":"1.4"}} 
 </msg>
<msg time="2024-07-06T15:15:40.118513" level="INFO">/opt/hostedtoolcache/Python/3.12.4/x64/lib/python3.12/site-packages/urllib3/connectionpool.py:1099: InsecureRequestWarning: Unverified HTTPS request is being made to host 'randomuser.me'. Adding certificate verification is strongly advised. See: https://urllib3.readthedocs.io/en/latest/advanced-usage.html#tls-warnings
  warnings.warn(</msg>
<msg time="2024-07-06T15:15:40.118635" level="INFO">${response} = &lt;Response [200]&gt;</msg>
<var>${response}</var>
<arg>consultarAPI</arg>
<arg>/api</arg>
<doc>Sends a GET request on a previously created HTTP Session.</doc>
<status status="PASS" start="2024-07-06T15:15:40.011660" elapsed="0.107016"/>
</kw>
<kw name="Set Variable" owner="BuiltIn">
<msg time="2024-07-06T15:15:40.119750" level="INFO">${json_data} = {'results': [{'gender': 'male', 'name': {'title': 'Mr', 'first': 'Gorun', 'last': 'Dovgoshiya'}, 'location': {'street': {'number': 9639, 'name': 'Balakliyivska'}, 'city': 'Novomoskovsk', 'state': 'Sum...</msg>
<var>${json_data}</var>
<arg>${response.json()}</arg>
<doc>Returns the given values which can then be assigned to a variables.</doc>
<status status="PASS" start="2024-07-06T15:15:40.119227" elapsed="0.000552"/>
</kw>
<kw name="Log" owner="BuiltIn">
<msg time="2024-07-06T15:15:40.120256" level="INFO">{'results': [{'gender': 'male', 'name': {'title': 'Mr', 'first': 'Gorun', 'last': 'Dovgoshiya'}, 'location': {'street': {'number': 9639, 'name': 'Balakliyivska'}, 'city': 'Novomoskovsk', 'state': 'Sumska', 'country': 'Ukraine', 'postcode': 70827, 'coordinates': {'latitude': '81.3110', 'longitude': '-17.3263'}, 'timezone': {'offset': '+5:45', 'description': 'Kathmandu'}}, 'email': 'gorun.dovgoshiya@example.com', 'login': {'uuid': '34cf09ba-d8a3-4279-8a5d-bba8fd1e80b8', 'username': 'greensnake731', 'password': 'obsidian', 'salt': '2FOmiELb', 'md5': '0db80213a70861bc7cb561f2d3a6c4bd', 'sha1': '0dc178e984e338c978dc611f886847a6b0aff2e0', 'sha256': 'a8925ac9d63e35f25e28419feb91b13dd7dc71d22d50091e2cec3ce362d390d3'}, 'dob': {'date': '1986-04-11T22:29:59.975Z', 'age': 38}, 'registered': {'date': '2015-07-08T02:24:56.725Z', 'age': 8}, 'phone': '(099) W18-5075', 'cell': '(097) Q08-9306', 'id': {'name': '', 'value': None}, 'picture': {'large': 'https://randomuser.me/api/portraits/men/53.jpg', 'medium': 'https://randomuser.me/api/portraits/med/men/53.jpg', 'thumbnail': 'https://randomuser.me/api/portraits/thumb/men/53.jpg'}, 'nat': 'UA'}], 'info': {'seed': '5b943f37f4515bb4', 'results': 1, 'page': 1, 'version': '1.4'}}</msg>
<arg>${json_data}</arg>
<doc>Logs the given message with the given level.</doc>
<status status="PASS" start="2024-07-06T15:15:40.120094" elapsed="0.000209"/>
</kw>
<kw name="Should Be Equal As Numbers" owner="BuiltIn">
<arg>${json_data['results'][0]['location']['postcode']}</arg>
<arg>${json_data['results'][0]['location']['postcode']}</arg>
<doc>Fails if objects are unequal after converting them to real numbers.</doc>
<status status="PASS" start="2024-07-06T15:15:40.120634" elapsed="0.000619"/>
</kw>
<kw name="Log" owner="BuiltIn">
<msg time="2024-07-06T15:15:40.121992" level="INFO">70827</msg>
<arg>${json_data['results'][0]['location']['postcode']}</arg>
<doc>Logs the given message with the given level.</doc>
<status status="PASS" start="2024-07-06T15:15:40.121444" elapsed="0.000591"/>
</kw>
<status status="PASS" start="2024-07-06T15:15:40.011422" elapsed="0.110920"/>
</kw>
<doc>Testa se os tipos de dados na resposta da API estão corretos.</doc>
<tag>testeTiposDados</tag>
<status status="PASS" start="2024-07-06T15:15:39.905298" elapsed="0.217212"/>
</test>
<test id="s1-s1-t5" name="Validar conteudo" line="35">
<kw name="Teste de Tipos de Conteudo" owner="random-user-service">
<kw name="GET On Session" owner="RequestsLibrary">
<msg time="2024-07-06T15:15:40.227235" level="INFO">GET Request : url=https://randomuser.me/api 
 path_url=/api 
 headers={'User-Agent': 'python-requests/2.32.3', 'Accept-Encoding': 'gzip, deflate', 'Accept': '*/*', 'Connection': 'keep-alive'} 
 body=None 
 </msg>
<msg time="2024-07-06T15:15:40.227353" level="INFO">GET Response : url=https://randomuser.me/api 
 status=200, reason=OK 
 headers={'Date': 'Sat, 06 Jul 2024 15:15:40 GMT', 'Content-Type': 'application/json; charset=utf-8', 'Transfer-Encoding': 'chunked', 'Connection': 'keep-alive', 'X-Powered-By': 'Express', 'Access-Control-Allow-Origin': '*', 'Cache-Control': 'no-cache', 'ETag': 'W/"492-XHTWdwgWc+IpAEoeo2OXryqDnxU"', 'Vary': 'Accept-Encoding', 'Content-Encoding': 'gzip', 'CF-Cache-Status': 'DYNAMIC', 'Report-To': '{"endpoints":[{"url":"https:\\/\\/a.nel.cloudflare.com\\/report\\/v4?s=ItyIa2ctZjYsIPNFnApzAdScu28k6dum%2BPgX3NgN7Qg%2FwqsizXvF2gNTIeJ60GZ9wn%2FOuWVe42kRm%2FekwiOd6jFkvW4rdcQWet3KuyxRrDD%2Frb9bkXnMhDihyQoPUjNh"}],"group":"cf-nel","max_age":604800}', 'NEL': '{"success_fraction":0,"report_to":"cf-nel","max_age":604800}', 'Server': 'cloudflare', 'CF-RAY': '89f08d2fce802a91-LAX', 'alt-svc': 'h3=":443"; ma=86400'} 
 body={"results":[{"gender":"male","name":{"title":"Mr","first":"Julian","last":"Day"},"location":{"street":{"number":215,"name":"Pockrus Page Rd"},"city":"Darwin","state":"Australian Capital Territory","country":"Australia","postcode":4210,"coordinates":{"latitude":"-88.3177","longitude":"-30.2360"},"timezone":{"offset":"-7:00","description":"Mountain Time (US &amp; Canada)"}},"email":"julian.day@example.com","login":{"uuid":"8320a50b-eea9-4057-b90a-b5e28b2a23db","username":"angrymouse727","password":"mortimer","salt":"35NJdvC0","md5":"d503c4e8c46df882d8abd0781c52eeeb","sha1":"7743030db2c0d41783b04051a18d28aac7d41b8a","sha256":"3c91781397a28748dcf41ab0d10eab9562cd3f1268655f4e6d2dcb954a201aa2"},"dob":{"date":"1964-04-23T01:24:51.126Z","age":60},"registered":{"date":"2020-10-30T02:03:14.195Z","age":3},"phone":"05-7161-2873","cell":"0482-602-935","id":{"name":"TFN","value":"781250563"},"picture":{"large":"https://randomuser.me/api/portraits/men/15.jpg","medium":"https://randomuser.me/api/portraits/med/men/15.jpg","thumbnail":"https://randomuser.me/api/portraits/thumb/men/15.jpg"},"nat":"AU"}],"info":{"seed":"1c042f1e7e330867","results":1,"page":1,"version":"1.4"}} 
 </msg>
<msg time="2024-07-06T15:15:40.227433" level="INFO">/opt/hostedtoolcache/Python/3.12.4/x64/lib/python3.12/site-packages/urllib3/connectionpool.py:1099: InsecureRequestWarning: Unverified HTTPS request is being made to host 'randomuser.me'. Adding certificate verification is strongly advised. See: https://urllib3.readthedocs.io/en/latest/advanced-usage.html#tls-warnings
  warnings.warn(</msg>
<msg time="2024-07-06T15:15:40.227554" level="INFO">${response} = &lt;Response [200]&gt;</msg>
<var>${response}</var>
<arg>consultarAPI</arg>
<arg>/api</arg>
<doc>Sends a GET request on a previously created HTTP Session.</doc>
<status status="PASS" start="2024-07-06T15:15:40.125045" elapsed="0.102535"/>
</kw>
<kw name="Set Variable" owner="BuiltIn">
<msg time="2024-07-06T15:15:40.228680" level="INFO">${json_data} = {'results': [{'gender': 'male', 'name': {'title': 'Mr', 'first': 'Julian', 'last': 'Day'}, 'location': {'street': {'number': 215, 'name': 'Pockrus Page Rd'}, 'city': 'Darwin', 'state': 'Australian Cap...</msg>
<var>${json_data}</var>
<arg>${response.json()}</arg>
<doc>Returns the given values which can then be assigned to a variables.</doc>
<status status="PASS" start="2024-07-06T15:15:40.228113" elapsed="0.000595"/>
</kw>
<kw name="Set Variable" owner="BuiltIn">
<msg time="2024-07-06T15:15:40.229395" level="INFO">${name_title} = Mr</msg>
<var>${name_title}</var>
<arg>${json_data["results"][0]["name"]["title"]}</arg>
<doc>Returns the given values which can then be assigned to a variables.</doc>
<status status="PASS" start="2024-07-06T15:15:40.229010" elapsed="0.000410"/>
</kw>
<kw name="Create List" owner="BuiltIn">
<msg time="2024-07-06T15:15:40.229859" level="INFO">${allowed_titles} = ['Mr', 'Ms', 'Miss', 'Mrs', 'Madame', 'Monsieur']</msg>
<var>${allowed_titles}</var>
<arg>Mr</arg>
<arg>Ms</arg>
<arg>Miss</arg>
<arg>Mrs</arg>
<arg>Madame</arg>
<arg>Monsieur</arg>
<doc>Returns a list containing given items.</doc>
<status status="PASS" start="2024-07-06T15:15:40.229712" elapsed="0.000171"/>
</kw>
<kw name="List Should Contain Value" owner="Collections">
<arg>${allowed_titles}</arg>
<arg>${name_title}</arg>
<doc>Fails if the ``value`` is not found from ``list``.</doc>
<status status="PASS" start="2024-07-06T15:15:40.230176" elapsed="0.000181"/>
</kw>
<kw name="Set Variable" owner="BuiltIn">
<msg time="2024-07-06T15:15:40.230917" level="INFO">${name_country} = AU</msg>
<var>${name_country}</var>
<arg>${json_data["results"][0]["nat"]}</arg>
<doc>Returns the given values which can then be assigned to a variables.</doc>
<status status="PASS" start="2024-07-06T15:15:40.230543" elapsed="0.000399"/>
</kw>
<kw name="Create List" owner="BuiltIn">
<msg time="2024-07-06T15:15:40.231830" level="INFO">${list_country} = ['AD', 'AE', 'AF', 'AG', 'AI', 'AL', 'AM', 'AO', 'AQ', 'AR', 'AS', 'AT', 'AU', 'AW', 'AX', 'AZ', 'BA', 'BB', 'BD', 'BE', 'BF', 'BG', 'BH', 'BI', 'BJ', 'BL', 'BM', 'BN', 'BO', 'BQ', 'BR', 'BS', 'BT', '...</msg>
<var>${list_country}</var>
<arg>AD</arg>
<arg>AE</arg>
<arg>AF</arg>
<arg>AG</arg>
<arg>AI</arg>
<arg>AL</arg>
<arg>AM</arg>
<arg>AO</arg>
<arg>AQ</arg>
<arg>AR</arg>
<arg>AS</arg>
<arg>AT</arg>
<arg>AU</arg>
<arg>AW</arg>
<arg>AX</arg>
<arg>AZ</arg>
<arg>BA</arg>
<arg>BB</arg>
<arg>BD</arg>
<arg>BE</arg>
<arg>BF</arg>
<arg>BG</arg>
<arg>BH</arg>
<arg>BI</arg>
<arg>BJ</arg>
<arg>BL</arg>
<arg>BM</arg>
<arg>BN</arg>
<arg>BO</arg>
<arg>BQ</arg>
<arg>BR</arg>
<arg>BS</arg>
<arg>BT</arg>
<arg>BV</arg>
<arg>BW</arg>
<arg>BY</arg>
<arg>BZ</arg>
<arg>CA</arg>
<arg>CC</arg>
<arg>CD</arg>
<arg>CF</arg>
<arg>CG</arg>
<arg>CH</arg>
<arg>CI</arg>
<arg>CK</arg>
<arg>CL</arg>
<arg>CM</arg>
<arg>CN</arg>
<arg>CO</arg>
<arg>CR</arg>
<arg>CU</arg>
<arg>CV</arg>
<arg>CW</arg>
<arg>CX</arg>
<arg>CY</arg>
<arg>CZ</arg>
<arg>DE</arg>
<arg>DJ</arg>
<arg>DK</arg>
<arg>DM</arg>
<arg>DO</arg>
<arg>DZ</arg>
<arg>EC</arg>
<arg>EE</arg>
<arg>EG</arg>
<arg>EH</arg>
<arg>ER</arg>
<arg>ES</arg>
<arg>ET</arg>
<arg>FI</arg>
<arg>FJ</arg>
<arg>FK</arg>
<arg>FM</arg>
<arg>FO</arg>
<arg>FR</arg>
<arg>GA</arg>
<arg>GB</arg>
<arg>GD</arg>
<arg>GE</arg>
<arg>GF</arg>
<arg>GG</arg>
<arg>GH</arg>
<arg>GI</arg>
<arg>GL</arg>
<arg>GM</arg>
<arg>GN</arg>
<arg>GP</arg>
<arg>GQ</arg>
<arg>GR</arg>
<arg>GS</arg>
<arg>GT</arg>
<arg>GU</arg>
<arg>GW</arg>
<arg>GY</arg>
<arg>HK</arg>
<arg>HM</arg>
<arg>HN</arg>
<arg>HR</arg>
<arg>HT</arg>
<arg>HU</arg>
<arg>ID</arg>
<arg>IE</arg>
<arg>IL</arg>
<arg>IM</arg>
<arg>IN</arg>
<arg>IO</arg>
<arg>IQ</arg>
<arg>IR</arg>
<arg>IS</arg>
<arg>IT</arg>
<arg>JE</arg>
<arg>JM</arg>
<arg>JO</arg>
<arg>JP</arg>
<arg>KE</arg>
<arg>KG</arg>
<arg>KH</arg>
<arg>KI</arg>
<arg>KM</arg>
<arg>KN</arg>
<arg>KP</arg>
<arg>KR</arg>
<arg>KW</arg>
<arg>KY</arg>
<arg>KZ</arg>
<arg>LA</arg>
<arg>LB</arg>
<arg>LC</arg>
<arg>LI</arg>
<arg>LK</arg>
<arg>LR</arg>
<arg>LS</arg>
<arg>LT</arg>
<arg>LU</arg>
<arg>LV</arg>
<arg>LY</arg>
<arg>MA</arg>
<arg>MC</arg>
<arg>MD</arg>
<arg>ME</arg>
<arg>MF</arg>
<arg>MG</arg>
<arg>MH</arg>
<arg>MK</arg>
<arg>ML</arg>
<arg>MM</arg>
<arg>MN</arg>
<arg>MO</arg>
<arg>MP</arg>
<arg>MQ</arg>
<arg>MR</arg>
<arg>MS</arg>
<arg>MT</arg>
<arg>MU</arg>
<arg>MV</arg>
<arg>MW</arg>
<arg>MX</arg>
<arg>MY</arg>
<arg>MZ</arg>
<arg>NA</arg>
<arg>NC</arg>
<arg>NE</arg>
<arg>NF</arg>
<arg>NG</arg>
<arg>NI</arg>
<arg>NL</arg>
<arg>NO</arg>
<arg>NP</arg>
<arg>NR</arg>
<arg>NU</arg>
<arg>NZ</arg>
<arg>OM</arg>
<arg>PA</arg>
<arg>PE</arg>
<arg>PF</arg>
<arg>PG</arg>
<arg>PH</arg>
<arg>PK</arg>
<arg>PL</arg>
<arg>PM</arg>
<arg>PN</arg>
<arg>PR</arg>
<arg>PS</arg>
<arg>PT</arg>
<arg>PW</arg>
<arg>PY</arg>
<arg>QA</arg>
<arg>RE</arg>
<arg>RO</arg>
<arg>RS</arg>
<arg>RU</arg>
<arg>RW</arg>
<arg>SA</arg>
<arg>SB</arg>
<arg>SC</arg>
<arg>SD</arg>
<arg>SE</arg>
<arg>SG</arg>
<arg>SH</arg>
<arg>SI</arg>
<arg>SJ</arg>
<arg>SK</arg>
<arg>SL</arg>
<arg>SM</arg>
<arg>SN</arg>
<arg>SO</arg>
<arg>SR</arg>
<arg>SS</arg>
<arg>ST</arg>
<arg>SV</arg>
<arg>SX</arg>
<arg>SY</arg>
<arg>SZ</arg>
<arg>TC</arg>
<arg>TD</arg>
<arg>TF</arg>
<arg>TG</arg>
<arg>TH</arg>
<arg>TJ</arg>
<arg>TK</arg>
<arg>TL</arg>
<arg>TM</arg>
<arg>TN</arg>
<arg>TO</arg>
<arg>TR</arg>
<arg>TT</arg>
<arg>TV</arg>
<arg>TW</arg>
<arg>TZ</arg>
<arg>UA</arg>
<arg>UG</arg>
<arg>UM</arg>
<arg>US</arg>
<arg>UY</arg>
<arg>UZ</arg>
<arg>VA</arg>
<arg>VC</arg>
<arg>VE</arg>
<arg>VG</arg>
<arg>VI</arg>
<arg>VN</arg>
<arg>VU</arg>
<arg>WF</arg>
<arg>WS</arg>
<arg>XK</arg>
<arg>YE</arg>
<arg>YT</arg>
<arg>ZA</arg>
<arg>ZM</arg>
<arg>ZW</arg>
<doc>Returns a list containing given items.</doc>
<status status="PASS" start="2024-07-06T15:15:40.231238" elapsed="0.000618"/>
</kw>
<kw name="List Should Contain Value" owner="Collections">
<arg>${list_country}</arg>
<arg>${name_country}</arg>
<doc>Fails if the ``value`` is not found from ``list``.</doc>
<status status="PASS" start="2024-07-06T15:15:40.232670" elapsed="0.000201"/>
</kw>
<kw name="Run Keyword If" owner="BuiltIn">
<kw name="Should Be True" owner="BuiltIn">
<arg>${True}</arg>
<doc>Fails if the given condition is not true.</doc>
<status status="PASS" start="2024-07-06T15:15:40.233810" elapsed="0.000141"/>
</kw>
<arg>${json_data["results"][0]["location"]["coordinates"]["latitude"]} &gt;= -90 and ${json_data["results"][0]["location"]["coordinates"]["latitude"]} &lt;= 90</arg>
<arg>Should Be True</arg>
<arg>${True}</arg>
<doc>Runs the given keyword with the given arguments, if ``condition`` is true.</doc>
<status status="PASS" start="2024-07-06T15:15:40.233067" elapsed="0.001008"/>
</kw>
<kw name="Run Keyword If" owner="BuiltIn">
<kw name="Should Be True" owner="BuiltIn">
<arg>${True}</arg>
<doc>Fails if the given condition is not true.</doc>
<status status="PASS" start="2024-07-06T15:15:40.234940" elapsed="0.000243"/>
</kw>
<arg>${json_data["results"][0]["location"]["coordinates"]["longitude"]} &gt;= -180 and ${json_data["results"][0]["location"]["coordinates"]["longitude"]} &lt;= 180</arg>
<arg>Should Be True</arg>
<arg>${True}</arg>
<doc>Runs the given keyword with the given arguments, if ``condition`` is true.</doc>
<status status="PASS" start="2024-07-06T15:15:40.234253" elapsed="0.001059"/>
</kw>
<status status="PASS" start="2024-07-06T15:15:40.124821" elapsed="0.110624"/>
</kw>
<doc>Testa o conteúdo específico dos campos retornados pela API.</doc>
<tag>testeConteudo</tag>
<status status="PASS" start="2024-07-06T15:15:40.124303" elapsed="0.111294"/>
</test>
<status status="PASS" start="2024-07-06T15:15:39.093121" elapsed="1.144473"/>
</suite>
<status status="PASS" start="2024-07-06T15:15:39.078495" elapsed="1.164139"/>
</suite>
<statistics>
<total>
<stat pass="5" fail="0" skip="0">All Tests</stat>
</total>
<tag>
<stat pass="1" fail="0" skip="0">testeConteudo</stat>
<stat pass="1" fail="0" skip="0">testeEstruturaResposta</stat>
<stat pass="1" fail="0" skip="0">testeRequisicaoBasica</stat>
<stat pass="1" fail="0" skip="0">testeTiposDados</stat>
</tag>
<suite>
<stat pass="5" fail="0" skip="0" id="s1" name="Tests">Tests</stat>
<stat pass="5" fail="0" skip="0" id="s1-s1" name="Random-User-Test">Tests.Random-User-Test</stat>
</suite>
</statistics>
<errors>
</errors>
</robot>
