<?xml version="1.0" encoding="UTF-8"?>
<robot generator="Robot 7.0 (Python 3.12.2 on linux)" generated="2024-04-16T07:16:04.162006" rpa="false" schemaversion="5">
<suite id="s1" name="Tests" source="/home/runner/work/DesafioQAItauRogerioJordao/DesafioQAItauRogerioJordao/RamdonUser/tests">
<suite id="s1-s1" name="Random-User-Test" source="/home/runner/work/DesafioQAItauRogerioJordao/DesafioQAItauRogerioJordao/RamdonUser/tests/random-user-test.robot">
<test id="s1-s1-t1" name="Conectar" line="13">
<kw name="Conectar API" owner="random-user-service">
<kw name="Create Session" owner="RequestsLibrary">
<msg time="2024-04-16T07:16:04.533700" level="INFO">Creating Session using : alias=consultarAPI, url=https://randomuser.me/, headers={},                     cookies={}, auth=None, timeout=None, proxies=None, verify=False,                     debug=0 </msg>
<arg>consultarAPI</arg>
<arg>${URL}</arg>
<doc>Create Session: create a HTTP session to a server</doc>
<status status="PASS" start="2024-04-16T07:16:04.533491" elapsed="0.000411"/>
</kw>
<status status="PASS" start="2024-04-16T07:16:04.532396" elapsed="0.001879"/>
</kw>
<status status="PASS" start="2024-04-16T07:16:04.531805" elapsed="0.002681"/>
</test>
<test id="s1-s1-t2" name="Validar retorno 200 e JSON Válido" line="16">
<kw name="Teste de Requisicao Basica" owner="random-user-service">
<kw name="GET On Session" owner="RequestsLibrary">
<msg time="2024-04-16T07:16:04.985114" level="INFO">GET Request : url=https://randomuser.me/api 
 path_url=/api 
 headers={'User-Agent': 'python-requests/2.31.0', 'Accept-Encoding': 'gzip, deflate', 'Accept': '*/*', 'Connection': 'keep-alive'} 
 body=None 
 </msg>
<msg time="2024-04-16T07:16:04.985270" level="INFO">GET Response : url=https://randomuser.me/api 
 status=200, reason=OK 
 headers={'Date': 'Tue, 16 Apr 2024 07:16:04 GMT', 'Content-Type': 'application/json; charset=utf-8', 'Transfer-Encoding': 'chunked', 'Connection': 'keep-alive', 'X-Powered-By': 'Express', 'Access-Control-Allow-Origin': '*', 'Cache-Control': 'no-cache', 'ETag': 'W/"489-13TIZEPP++gRRva77TofhGOXrCQ"', 'Vary': 'Accept-Encoding', 'Content-Encoding': 'gzip', 'CF-Cache-Status': 'DYNAMIC', 'Report-To': '{"endpoints":[{"url":"https:\\/\\/a.nel.cloudflare.com\\/report\\/v4?s=L%2FZeW%2B7enzBYOrWUku5x%2BVxcfdfK1e1EX3maYo7vfDjC48qSYNqUlhjGMaT4%2FgETbemPQqYmO08vP8YIbJAFMq2Kk33ljFzKo2yJsO2oOS0Gyc6P%2FBqttP6A2iCc0WoD"}],"group":"cf-nel","max_age":604800}', 'NEL': '{"success_fraction":0,"report_to":"cf-nel","max_age":604800}', 'Server': 'cloudflare', 'CF-RAY': '8752634aec700822-IAD', 'alt-svc': 'h3=":443"; ma=86400'} 
 body={"results":[{"gender":"male","name":{"title":"Mr","first":"Johnny","last":"Jones"},"location":{"street":{"number":1485,"name":"Woodlawn Avenue"},"city":"Sligo","state":"Clare","country":"Ireland","postcode":25533,"coordinates":{"latitude":"2.0121","longitude":"-140.0585"},"timezone":{"offset":"+11:00","description":"Magadan, Solomon Islands, New Caledonia"}},"email":"johnny.jones@example.com","login":{"uuid":"87f2fd12-0d6b-4eb0-8a97-abc3dc75aa91","username":"purpleladybug680","password":"pass1","salt":"cYzU4TaW","md5":"a75f120ef945d73eb8065469c386b141","sha1":"4a6009bc51126d0e144edd5095cf1416e06988eb","sha256":"73a0b3f62de4e5e61f57dd0e032a085313a96ac2da46844a87272c223c121bad"},"dob":{"date":"1984-11-17T14:29:48.978Z","age":39},"registered":{"date":"2017-09-12T14:30:43.658Z","age":6},"phone":"061-743-6651","cell":"081-077-6332","id":{"name":"PPS","value":"0899971T"},"picture":{"large":"https://randomuser.me/api/portraits/men/21.jpg","medium":"https://randomuser.me/api/portraits/med/men/21.jpg","thumbnail":"https://randomuser.me/api/portraits/thumb/men/21.jpg"},"nat":"IE"}],"info":{"seed":"635f8da396d19af0","results":1,"page":1,"version":"1.4"}} 
 </msg>
<msg time="2024-04-16T07:16:04.985350" level="INFO">/opt/hostedtoolcache/Python/3.12.2/x64/lib/python3.12/site-packages/urllib3/connectionpool.py:1103: InsecureRequestWarning: Unverified HTTPS request is being made to host 'randomuser.me'. Adding certificate verification is strongly advised. See: https://urllib3.readthedocs.io/en/latest/advanced-usage.html#tls-warnings
  warnings.warn(</msg>
<msg time="2024-04-16T07:16:04.985493" level="INFO">${response} = &lt;Response [200]&gt;</msg>
<var>${response}</var>
<arg>consultarAPI</arg>
<arg>/api</arg>
<doc>Sends a GET request on a previously created HTTP Session.</doc>
<status status="PASS" start="2024-04-16T07:16:04.537120" elapsed="0.448417"/>
</kw>
<kw name="Should Be Equal As Numbers" owner="BuiltIn">
<msg time="2024-04-16T07:16:04.986755" level="INFO">Argument types are:
&lt;class 'int'&gt;
&lt;class 'str'&gt;</msg>
<arg>${response.status_code}</arg>
<arg>200</arg>
<doc>Fails if objects are unequal after converting them to real numbers.</doc>
<status status="PASS" start="2024-04-16T07:16:04.986241" elapsed="0.000580"/>
</kw>
<kw name="Log" owner="BuiltIn">
<msg time="2024-04-16T07:16:04.987505" level="INFO">200</msg>
<arg>${response.status_code}</arg>
<doc>Logs the given message with the given level.</doc>
<status status="PASS" start="2024-04-16T07:16:04.987153" elapsed="0.000398"/>
</kw>
<kw name="Set Variable" owner="BuiltIn">
<msg time="2024-04-16T07:16:04.988348" level="INFO">${json_data} = {'results': [{'gender': 'male', 'name': {'title': 'Mr', 'first': 'Johnny', 'last': 'Jones'}, 'location': {'street': {'number': 1485, 'name': 'Woodlawn Avenue'}, 'city': 'Sligo', 'state': 'Clare', 'cou...</msg>
<var>${json_data}</var>
<arg>${response.json()}</arg>
<doc>Returns the given values which can then be assigned to a variables.</doc>
<status status="PASS" start="2024-04-16T07:16:04.987909" elapsed="0.000468"/>
</kw>
<kw name="Dictionary Should Contain Key" owner="Collections">
<msg time="2024-04-16T07:16:04.988854" level="INFO">False</msg>
<arg>${json_data}</arg>
<arg>results</arg>
<doc>Fails if ``key`` is not found from ``dictionary``.</doc>
<status status="PASS" start="2024-04-16T07:16:04.988684" elapsed="0.000218"/>
</kw>
<status status="PASS" start="2024-04-16T07:16:04.536862" elapsed="0.452310"/>
</kw>
<doc>Testa se a API responde corretamente e retorna um objeto JSON válido.</doc>
<tag>testeRequisicaoBasica</tag>
<status status="PASS" start="2024-04-16T07:16:04.536388" elapsed="0.452979"/>
</test>
<test id="s1-s1-t3" name="Validar estrutura de resposta" line="22">
<kw name="Teste de Estrutura de Resposta" owner="random-user-service">
<kw name="GET On Session" owner="RequestsLibrary">
<msg time="2024-04-16T07:16:05.088514" level="INFO">GET Request : url=https://randomuser.me/api 
 path_url=/api 
 headers={'User-Agent': 'python-requests/2.31.0', 'Accept-Encoding': 'gzip, deflate', 'Accept': '*/*', 'Connection': 'keep-alive'} 
 body=None 
 </msg>
<msg time="2024-04-16T07:16:05.088618" level="INFO">GET Response : url=https://randomuser.me/api 
 status=200, reason=OK 
 headers={'Date': 'Tue, 16 Apr 2024 07:16:05 GMT', 'Content-Type': 'application/json; charset=utf-8', 'Transfer-Encoding': 'chunked', 'Connection': 'keep-alive', 'X-Powered-By': 'Express', 'Access-Control-Allow-Origin': '*', 'Cache-Control': 'no-cache', 'ETag': 'W/"479-GUwfO8fLdw2SgUdsF5DTfMVKqVs"', 'Vary': 'Accept-Encoding', 'Content-Encoding': 'gzip', 'CF-Cache-Status': 'DYNAMIC', 'Report-To': '{"endpoints":[{"url":"https:\\/\\/a.nel.cloudflare.com\\/report\\/v4?s=kFRiYb7C7g5mmwIQTY8%2BQPsfNhuOTg7ncZN9Uv5L2MCzWbgMSYWU0b34aBWyHhbklSL0DRLVzVcJ18RK9N2cxLaetrshr5n5NEniDGXOq%2F7SyECWm66Okn71lJtEQ%2Fra"}],"group":"cf-nel","max_age":604800}', 'NEL': '{"success_fraction":0,"report_to":"cf-nel","max_age":604800}', 'Server': 'cloudflare', 'CF-RAY': '8752634b3cc90822-IAD', 'alt-svc': 'h3=":443"; ma=86400'} 
 body={"results":[{"gender":"male","name":{"title":"Mr","first":"Ved","last":"Uchil"},"location":{"street":{"number":3061,"name":"Bannerghatta Rd"},"city":"Panipat","state":"Karnataka","country":"India","postcode":61783,"coordinates":{"latitude":"7.0435","longitude":"-112.9796"},"timezone":{"offset":"-1:00","description":"Azores, Cape Verde Islands"}},"email":"ved.uchil@example.com","login":{"uuid":"ef640b79-e7f2-4d6c-9372-7839b40951c6","username":"heavydog520","password":"caprice","salt":"6D7j2AVu","md5":"3d63113da4981230f737922d434e97d5","sha1":"ca78172bfc7c4911394ad0065ff9d484ad6551ea","sha256":"3f94956d3938c2d9a07168340806102c1b72890226d3d1fed977989f41803c41"},"dob":{"date":"1973-03-06T08:57:59.902Z","age":51},"registered":{"date":"2006-10-11T07:09:26.163Z","age":17},"phone":"9206317347","cell":"7937647347","id":{"name":"UIDAI","value":"457138772111"},"picture":{"large":"https://randomuser.me/api/portraits/men/61.jpg","medium":"https://randomuser.me/api/portraits/med/men/61.jpg","thumbnail":"https://randomuser.me/api/portraits/thumb/men/61.jpg"},"nat":"IN"}],"info":{"seed":"08c3ae90d4bef402","results":1,"page":1,"version":"1.4"}} 
 </msg>
<msg time="2024-04-16T07:16:05.088773" level="INFO">/opt/hostedtoolcache/Python/3.12.2/x64/lib/python3.12/site-packages/urllib3/connectionpool.py:1103: InsecureRequestWarning: Unverified HTTPS request is being made to host 'randomuser.me'. Adding certificate verification is strongly advised. See: https://urllib3.readthedocs.io/en/latest/advanced-usage.html#tls-warnings
  warnings.warn(</msg>
<msg time="2024-04-16T07:16:05.088897" level="INFO">${response} = &lt;Response [200]&gt;</msg>
<var>${response}</var>
<arg>consultarAPI</arg>
<arg>/api</arg>
<doc>Sends a GET request on a previously created HTTP Session.</doc>
<status status="PASS" start="2024-04-16T07:16:04.992166" elapsed="0.096767"/>
</kw>
<kw name="Set Variable" owner="BuiltIn">
<msg time="2024-04-16T07:16:05.089974" level="INFO">${json_data} = {'results': [{'gender': 'male', 'name': {'title': 'Mr', 'first': 'Ved', 'last': 'Uchil'}, 'location': {'street': {'number': 3061, 'name': 'Bannerghatta Rd'}, 'city': 'Panipat', 'state': 'Karnataka', '...</msg>
<var>${json_data}</var>
<arg>${response.json()}</arg>
<doc>Returns the given values which can then be assigned to a variables.</doc>
<status status="PASS" start="2024-04-16T07:16:05.089447" elapsed="0.000555"/>
</kw>
<kw name="Log" owner="BuiltIn">
<msg time="2024-04-16T07:16:05.090485" level="INFO">{'results': [{'gender': 'male', 'name': {'title': 'Mr', 'first': 'Ved', 'last': 'Uchil'}, 'location': {'street': {'number': 3061, 'name': 'Bannerghatta Rd'}, 'city': 'Panipat', 'state': 'Karnataka', 'country': 'India', 'postcode': 61783, 'coordinates': {'latitude': '7.0435', 'longitude': '-112.9796'}, 'timezone': {'offset': '-1:00', 'description': 'Azores, Cape Verde Islands'}}, 'email': 'ved.uchil@example.com', 'login': {'uuid': 'ef640b79-e7f2-4d6c-9372-7839b40951c6', 'username': 'heavydog520', 'password': 'caprice', 'salt': '6D7j2AVu', 'md5': '3d63113da4981230f737922d434e97d5', 'sha1': 'ca78172bfc7c4911394ad0065ff9d484ad6551ea', 'sha256': '3f94956d3938c2d9a07168340806102c1b72890226d3d1fed977989f41803c41'}, 'dob': {'date': '1973-03-06T08:57:59.902Z', 'age': 51}, 'registered': {'date': '2006-10-11T07:09:26.163Z', 'age': 17}, 'phone': '9206317347', 'cell': '7937647347', 'id': {'name': 'UIDAI', 'value': '457138772111'}, 'picture': {'large': 'https://randomuser.me/api/portraits/men/61.jpg', 'medium': 'https://randomuser.me/api/portraits/med/men/61.jpg', 'thumbnail': 'https://randomuser.me/api/portraits/thumb/men/61.jpg'}, 'nat': 'IN'}], 'info': {'seed': '08c3ae90d4bef402', 'results': 1, 'page': 1, 'version': '1.4'}}</msg>
<arg>${json_data}</arg>
<doc>Logs the given message with the given level.</doc>
<status status="PASS" start="2024-04-16T07:16:05.090323" elapsed="0.000209"/>
</kw>
<kw name="Dictionary Should Contain Key" owner="Collections">
<msg time="2024-04-16T07:16:05.090988" level="INFO">False</msg>
<arg>${json_data}</arg>
<arg>results</arg>
<doc>Fails if ``key`` is not found from ``dictionary``.</doc>
<status status="PASS" start="2024-04-16T07:16:05.090829" elapsed="0.000196"/>
</kw>
<kw name="Should Not Be Empty" owner="BuiltIn">
<msg time="2024-04-16T07:16:05.091456" level="INFO">Length is 2.</msg>
<arg>${json_data}</arg>
<doc>Verifies that the given item is not empty.</doc>
<status status="PASS" start="2024-04-16T07:16:05.091318" elapsed="0.000176"/>
</kw>
<kw name="Create List" owner="BuiltIn">
<msg time="2024-04-16T07:16:05.091994" level="INFO">${expected_keys} = ['gender', 'name', 'location', 'email', 'login']</msg>
<var>${expected_keys}</var>
<arg>gender</arg>
<arg>name</arg>
<arg>location</arg>
<arg>email</arg>
<arg>login</arg>
<doc>Returns a list containing given items.</doc>
<status status="PASS" start="2024-04-16T07:16:05.091832" elapsed="0.000187"/>
</kw>
<for flavor="IN">
<iter>
<kw name="Dictionary Should Contain Key" owner="Collections">
<msg time="2024-04-16T07:16:05.093031" level="INFO">False</msg>
<arg>${json_data['results'][0]}</arg>
<arg>${key}</arg>
<doc>Fails if ``key`` is not found from ``dictionary``.</doc>
<status status="PASS" start="2024-04-16T07:16:05.092609" elapsed="0.000462"/>
</kw>
<kw name="Log" owner="BuiltIn">
<msg time="2024-04-16T07:16:05.093738" level="INFO">{'gender': 'male', 'name': {'title': 'Mr', 'first': 'Ved', 'last': 'Uchil'}, 'location': {'street': {'number': 3061, 'name': 'Bannerghatta Rd'}, 'city': 'Panipat', 'state': 'Karnataka', 'country': 'India', 'postcode': 61783, 'coordinates': {'latitude': '7.0435', 'longitude': '-112.9796'}, 'timezone': {'offset': '-1:00', 'description': 'Azores, Cape Verde Islands'}}, 'email': 'ved.uchil@example.com', 'login': {'uuid': 'ef640b79-e7f2-4d6c-9372-7839b40951c6', 'username': 'heavydog520', 'password': 'caprice', 'salt': '6D7j2AVu', 'md5': '3d63113da4981230f737922d434e97d5', 'sha1': 'ca78172bfc7c4911394ad0065ff9d484ad6551ea', 'sha256': '3f94956d3938c2d9a07168340806102c1b72890226d3d1fed977989f41803c41'}, 'dob': {'date': '1973-03-06T08:57:59.902Z', 'age': 51}, 'registered': {'date': '2006-10-11T07:09:26.163Z', 'age': 17}, 'phone': '9206317347', 'cell': '7937647347', 'id': {'name': 'UIDAI', 'value': '457138772111'}, 'picture': {'large': 'https://randomuser.me/api/portraits/men/61.jpg', 'medium': 'https://randomuser.me/api/portraits/med/men/61.jpg', 'thumbnail': 'https://randomuser.me/api/portraits/thumb/men/61.jpg'}, 'nat': 'IN'}</msg>
<arg>${json_data['results'][0]}</arg>
<doc>Logs the given message with the given level.</doc>
<status status="PASS" start="2024-04-16T07:16:05.093370" elapsed="0.000416"/>
</kw>
<kw name="Log" owner="BuiltIn">
<msg time="2024-04-16T07:16:05.094213" level="INFO">gender</msg>
<arg>${key}</arg>
<doc>Logs the given message with the given level.</doc>
<status status="PASS" start="2024-04-16T07:16:05.094081" elapsed="0.000171"/>
</kw>
<var name="${key}">gender</var>
<status status="PASS" start="2024-04-16T07:16:05.092484" elapsed="0.001991"/>
</iter>
<iter>
<kw name="Dictionary Should Contain Key" owner="Collections">
<msg time="2024-04-16T07:16:05.095173" level="INFO">False</msg>
<arg>${json_data['results'][0]}</arg>
<arg>${key}</arg>
<doc>Fails if ``key`` is not found from ``dictionary``.</doc>
<status status="PASS" start="2024-04-16T07:16:05.094781" elapsed="0.000429"/>
</kw>
<kw name="Log" owner="BuiltIn">
<msg time="2024-04-16T07:16:05.095923" level="INFO">{'gender': 'male', 'name': {'title': 'Mr', 'first': 'Ved', 'last': 'Uchil'}, 'location': {'street': {'number': 3061, 'name': 'Bannerghatta Rd'}, 'city': 'Panipat', 'state': 'Karnataka', 'country': 'India', 'postcode': 61783, 'coordinates': {'latitude': '7.0435', 'longitude': '-112.9796'}, 'timezone': {'offset': '-1:00', 'description': 'Azores, Cape Verde Islands'}}, 'email': 'ved.uchil@example.com', 'login': {'uuid': 'ef640b79-e7f2-4d6c-9372-7839b40951c6', 'username': 'heavydog520', 'password': 'caprice', 'salt': '6D7j2AVu', 'md5': '3d63113da4981230f737922d434e97d5', 'sha1': 'ca78172bfc7c4911394ad0065ff9d484ad6551ea', 'sha256': '3f94956d3938c2d9a07168340806102c1b72890226d3d1fed977989f41803c41'}, 'dob': {'date': '1973-03-06T08:57:59.902Z', 'age': 51}, 'registered': {'date': '2006-10-11T07:09:26.163Z', 'age': 17}, 'phone': '9206317347', 'cell': '7937647347', 'id': {'name': 'UIDAI', 'value': '457138772111'}, 'picture': {'large': 'https://randomuser.me/api/portraits/men/61.jpg', 'medium': 'https://randomuser.me/api/portraits/med/men/61.jpg', 'thumbnail': 'https://randomuser.me/api/portraits/thumb/men/61.jpg'}, 'nat': 'IN'}</msg>
<arg>${json_data['results'][0]}</arg>
<doc>Logs the given message with the given level.</doc>
<status status="PASS" start="2024-04-16T07:16:05.095536" elapsed="0.000439"/>
</kw>
<kw name="Log" owner="BuiltIn">
<msg time="2024-04-16T07:16:05.096410" level="INFO">name</msg>
<arg>${key}</arg>
<doc>Logs the given message with the given level.</doc>
<status status="PASS" start="2024-04-16T07:16:05.096281" elapsed="0.000179"/>
</kw>
<var name="${key}">name</var>
<status status="PASS" start="2024-04-16T07:16:05.094665" elapsed="0.002030"/>
</iter>
<iter>
<kw name="Dictionary Should Contain Key" owner="Collections">
<msg time="2024-04-16T07:16:05.097371" level="INFO">False</msg>
<arg>${json_data['results'][0]}</arg>
<arg>${key}</arg>
<doc>Fails if ``key`` is not found from ``dictionary``.</doc>
<status status="PASS" start="2024-04-16T07:16:05.096989" elapsed="0.000420"/>
</kw>
<kw name="Log" owner="BuiltIn">
<msg time="2024-04-16T07:16:05.098063" level="INFO">{'gender': 'male', 'name': {'title': 'Mr', 'first': 'Ved', 'last': 'Uchil'}, 'location': {'street': {'number': 3061, 'name': 'Bannerghatta Rd'}, 'city': 'Panipat', 'state': 'Karnataka', 'country': 'India', 'postcode': 61783, 'coordinates': {'latitude': '7.0435', 'longitude': '-112.9796'}, 'timezone': {'offset': '-1:00', 'description': 'Azores, Cape Verde Islands'}}, 'email': 'ved.uchil@example.com', 'login': {'uuid': 'ef640b79-e7f2-4d6c-9372-7839b40951c6', 'username': 'heavydog520', 'password': 'caprice', 'salt': '6D7j2AVu', 'md5': '3d63113da4981230f737922d434e97d5', 'sha1': 'ca78172bfc7c4911394ad0065ff9d484ad6551ea', 'sha256': '3f94956d3938c2d9a07168340806102c1b72890226d3d1fed977989f41803c41'}, 'dob': {'date': '1973-03-06T08:57:59.902Z', 'age': 51}, 'registered': {'date': '2006-10-11T07:09:26.163Z', 'age': 17}, 'phone': '9206317347', 'cell': '7937647347', 'id': {'name': 'UIDAI', 'value': '457138772111'}, 'picture': {'large': 'https://randomuser.me/api/portraits/men/61.jpg', 'medium': 'https://randomuser.me/api/portraits/med/men/61.jpg', 'thumbnail': 'https://randomuser.me/api/portraits/thumb/men/61.jpg'}, 'nat': 'IN'}</msg>
<arg>${json_data['results'][0]}</arg>
<doc>Logs the given message with the given level.</doc>
<status status="PASS" start="2024-04-16T07:16:05.097705" elapsed="0.000405"/>
</kw>
<kw name="Log" owner="BuiltIn">
<msg time="2024-04-16T07:16:05.098536" level="INFO">location</msg>
<arg>${key}</arg>
<doc>Logs the given message with the given level.</doc>
<status status="PASS" start="2024-04-16T07:16:05.098408" elapsed="0.000165"/>
</kw>
<var name="${key}">location</var>
<status status="PASS" start="2024-04-16T07:16:05.096877" elapsed="0.001916"/>
</iter>
<iter>
<kw name="Dictionary Should Contain Key" owner="Collections">
<msg time="2024-04-16T07:16:05.099453" level="INFO">False</msg>
<arg>${json_data['results'][0]}</arg>
<arg>${key}</arg>
<doc>Fails if ``key`` is not found from ``dictionary``.</doc>
<status status="PASS" start="2024-04-16T07:16:05.099074" elapsed="0.000422"/>
</kw>
<kw name="Log" owner="BuiltIn">
<msg time="2024-04-16T07:16:05.100196" level="INFO">{'gender': 'male', 'name': {'title': 'Mr', 'first': 'Ved', 'last': 'Uchil'}, 'location': {'street': {'number': 3061, 'name': 'Bannerghatta Rd'}, 'city': 'Panipat', 'state': 'Karnataka', 'country': 'India', 'postcode': 61783, 'coordinates': {'latitude': '7.0435', 'longitude': '-112.9796'}, 'timezone': {'offset': '-1:00', 'description': 'Azores, Cape Verde Islands'}}, 'email': 'ved.uchil@example.com', 'login': {'uuid': 'ef640b79-e7f2-4d6c-9372-7839b40951c6', 'username': 'heavydog520', 'password': 'caprice', 'salt': '6D7j2AVu', 'md5': '3d63113da4981230f737922d434e97d5', 'sha1': 'ca78172bfc7c4911394ad0065ff9d484ad6551ea', 'sha256': '3f94956d3938c2d9a07168340806102c1b72890226d3d1fed977989f41803c41'}, 'dob': {'date': '1973-03-06T08:57:59.902Z', 'age': 51}, 'registered': {'date': '2006-10-11T07:09:26.163Z', 'age': 17}, 'phone': '9206317347', 'cell': '7937647347', 'id': {'name': 'UIDAI', 'value': '457138772111'}, 'picture': {'large': 'https://randomuser.me/api/portraits/men/61.jpg', 'medium': 'https://randomuser.me/api/portraits/med/men/61.jpg', 'thumbnail': 'https://randomuser.me/api/portraits/thumb/men/61.jpg'}, 'nat': 'IN'}</msg>
<arg>${json_data['results'][0]}</arg>
<doc>Logs the given message with the given level.</doc>
<status status="PASS" start="2024-04-16T07:16:05.099832" elapsed="0.000412"/>
</kw>
<kw name="Log" owner="BuiltIn">
<msg time="2024-04-16T07:16:05.100675" level="INFO">email</msg>
<arg>${key}</arg>
<doc>Logs the given message with the given level.</doc>
<status status="PASS" start="2024-04-16T07:16:05.100546" elapsed="0.000167"/>
</kw>
<var name="${key}">email</var>
<status status="PASS" start="2024-04-16T07:16:05.098964" elapsed="0.001966"/>
</iter>
<iter>
<kw name="Dictionary Should Contain Key" owner="Collections">
<msg time="2024-04-16T07:16:05.101591" level="INFO">False</msg>
<arg>${json_data['results'][0]}</arg>
<arg>${key}</arg>
<doc>Fails if ``key`` is not found from ``dictionary``.</doc>
<status status="PASS" start="2024-04-16T07:16:05.101216" elapsed="0.000414"/>
</kw>
<kw name="Log" owner="BuiltIn">
<msg time="2024-04-16T07:16:05.102286" level="INFO">{'gender': 'male', 'name': {'title': 'Mr', 'first': 'Ved', 'last': 'Uchil'}, 'location': {'street': {'number': 3061, 'name': 'Bannerghatta Rd'}, 'city': 'Panipat', 'state': 'Karnataka', 'country': 'India', 'postcode': 61783, 'coordinates': {'latitude': '7.0435', 'longitude': '-112.9796'}, 'timezone': {'offset': '-1:00', 'description': 'Azores, Cape Verde Islands'}}, 'email': 'ved.uchil@example.com', 'login': {'uuid': 'ef640b79-e7f2-4d6c-9372-7839b40951c6', 'username': 'heavydog520', 'password': 'caprice', 'salt': '6D7j2AVu', 'md5': '3d63113da4981230f737922d434e97d5', 'sha1': 'ca78172bfc7c4911394ad0065ff9d484ad6551ea', 'sha256': '3f94956d3938c2d9a07168340806102c1b72890226d3d1fed977989f41803c41'}, 'dob': {'date': '1973-03-06T08:57:59.902Z', 'age': 51}, 'registered': {'date': '2006-10-11T07:09:26.163Z', 'age': 17}, 'phone': '9206317347', 'cell': '7937647347', 'id': {'name': 'UIDAI', 'value': '457138772111'}, 'picture': {'large': 'https://randomuser.me/api/portraits/men/61.jpg', 'medium': 'https://randomuser.me/api/portraits/med/men/61.jpg', 'thumbnail': 'https://randomuser.me/api/portraits/thumb/men/61.jpg'}, 'nat': 'IN'}</msg>
<arg>${json_data['results'][0]}</arg>
<doc>Logs the given message with the given level.</doc>
<status status="PASS" start="2024-04-16T07:16:05.101929" elapsed="0.000404"/>
</kw>
<kw name="Log" owner="BuiltIn">
<msg time="2024-04-16T07:16:05.102754" level="INFO">login</msg>
<arg>${key}</arg>
<doc>Logs the given message with the given level.</doc>
<status status="PASS" start="2024-04-16T07:16:05.102627" elapsed="0.000164"/>
</kw>
<var name="${key}">login</var>
<status status="PASS" start="2024-04-16T07:16:05.101104" elapsed="0.001911"/>
</iter>
<var>${key}</var>
<value>@{expected_keys}</value>
<status status="PASS" start="2024-04-16T07:16:05.092289" elapsed="0.010873"/>
</for>
<kw name="Create List" owner="BuiltIn">
<msg time="2024-04-16T07:16:05.103506" level="INFO">${expected_keysTwo} = ['username', 'password']</msg>
<var>${expected_keysTwo}</var>
<arg>username</arg>
<arg>password</arg>
<doc>Returns a list containing given items.</doc>
<status status="PASS" start="2024-04-16T07:16:05.103367" elapsed="0.000163"/>
</kw>
<for flavor="IN">
<iter>
<kw name="Dictionary Should Contain Key" owner="Collections">
<msg time="2024-04-16T07:16:05.104577" level="INFO">False</msg>
<arg>${json_data['results'][0]['login']}</arg>
<arg>${keyTwo}</arg>
<doc>Fails if ``key`` is not found from ``dictionary``.</doc>
<status status="PASS" start="2024-04-16T07:16:05.104195" elapsed="0.000420"/>
</kw>
<kw name="Dictionary Should Contain Key" owner="Collections">
<msg time="2024-04-16T07:16:05.105290" level="INFO">False</msg>
<arg>${json_data['results'][0]['login']}</arg>
<arg>${keyTwo}</arg>
<doc>Fails if ``key`` is not found from ``dictionary``.</doc>
<status status="PASS" start="2024-04-16T07:16:05.104914" elapsed="0.000414"/>
</kw>
<kw name="Log" owner="BuiltIn">
<msg time="2024-04-16T07:16:05.105755" level="INFO">username</msg>
<arg>${keyTwo}</arg>
<doc>Logs the given message with the given level.</doc>
<status status="PASS" start="2024-04-16T07:16:05.105623" elapsed="0.000169"/>
</kw>
<var name="${keyTwo}">username</var>
<status status="PASS" start="2024-04-16T07:16:05.104081" elapsed="0.001929"/>
</iter>
<iter>
<kw name="Dictionary Should Contain Key" owner="Collections">
<msg time="2024-04-16T07:16:05.106665" level="INFO">False</msg>
<arg>${json_data['results'][0]['login']}</arg>
<arg>${keyTwo}</arg>
<doc>Fails if ``key`` is not found from ``dictionary``.</doc>
<status status="PASS" start="2024-04-16T07:16:05.106293" elapsed="0.000410"/>
</kw>
<kw name="Dictionary Should Contain Key" owner="Collections">
<msg time="2024-04-16T07:16:05.107377" level="INFO">False</msg>
<arg>${json_data['results'][0]['login']}</arg>
<arg>${keyTwo}</arg>
<doc>Fails if ``key`` is not found from ``dictionary``.</doc>
<status status="PASS" start="2024-04-16T07:16:05.106998" elapsed="0.000416"/>
</kw>
<kw name="Log" owner="BuiltIn">
<msg time="2024-04-16T07:16:05.107875" level="INFO">password</msg>
<arg>${keyTwo}</arg>
<doc>Logs the given message with the given level.</doc>
<status status="PASS" start="2024-04-16T07:16:05.107743" elapsed="0.000170"/>
</kw>
<var name="${keyTwo}">password</var>
<status status="PASS" start="2024-04-16T07:16:05.106184" elapsed="0.001949"/>
</iter>
<var>${keyTwo}</var>
<value>@{expected_keysTwo}</value>
<status status="PASS" start="2024-04-16T07:16:05.103809" elapsed="0.004446"/>
</for>
<status status="PASS" start="2024-04-16T07:16:04.991923" elapsed="0.116478"/>
</kw>
<doc>Testa a estrutura da resposta da API.</doc>
<tag>testeEstruturaResposta</tag>
<status status="PASS" start="2024-04-16T07:16:04.991214" elapsed="0.117354"/>
</test>
<test id="s1-s1-t4" name="Validar tipos de dados" line="28">
<kw name="Teste de Tipos de Dados" owner="random-user-service">
<kw name="GET On Session" owner="RequestsLibrary">
<msg time="2024-04-16T07:16:05.197512" level="INFO">GET Request : url=https://randomuser.me/api 
 path_url=/api 
 headers={'User-Agent': 'python-requests/2.31.0', 'Accept-Encoding': 'gzip, deflate', 'Accept': '*/*', 'Connection': 'keep-alive'} 
 body=None 
 </msg>
<msg time="2024-04-16T07:16:05.197613" level="INFO">GET Response : url=https://randomuser.me/api 
 status=200, reason=OK 
 headers={'Date': 'Tue, 16 Apr 2024 07:16:05 GMT', 'Content-Type': 'application/json; charset=utf-8', 'Transfer-Encoding': 'chunked', 'Connection': 'keep-alive', 'X-Powered-By': 'Express', 'Access-Control-Allow-Origin': '*', 'Cache-Control': 'no-cache', 'ETag': 'W/"492-DoRqlcMBGjkZPzEMifAttaGuWek"', 'Vary': 'Accept-Encoding', 'Content-Encoding': 'gzip', 'CF-Cache-Status': 'DYNAMIC', 'Report-To': '{"endpoints":[{"url":"https:\\/\\/a.nel.cloudflare.com\\/report\\/v4?s=MsCQR%2FuugdYtzjw2jJ5e8a1SWXw81b4yMEfgfGwJsOg7xMmBYV0QerDc2%2FDeaROQMIy2lj8uVtdR6i0hl4ImjpDqR%2BR2%2BlBy4iI%2FJq0snzx2GQQbwaRD2Ys9LzaCfSZS"}],"group":"cf-nel","max_age":604800}', 'NEL': '{"success_fraction":0,"report_to":"cf-nel","max_age":604800}', 'Server': 'cloudflare', 'CF-RAY': '8752634bfd700822-IAD', 'alt-svc': 'h3=":443"; ma=86400'} 
 body={"results":[{"gender":"female","name":{"title":"Mademoiselle","first":"Ilse","last":"Bertrand"},"location":{"street":{"number":7304,"name":"Rue de la Fontaine"},"city":"Vex","state":"Nidwalden","country":"Switzerland","postcode":5764,"coordinates":{"latitude":"-56.1175","longitude":"109.9717"},"timezone":{"offset":"-10:00","description":"Hawaii"}},"email":"ilse.bertrand@example.com","login":{"uuid":"6121bae8-8f35-4781-8bcc-4301a5823eb4","username":"silverelephant292","password":"secret","salt":"8ntCFhaS","md5":"c6096d57968e184a566aca8dee212056","sha1":"2e1c823af9264f0569f22a591f4064ca5259eb33","sha256":"f726cce8a4512594544a7bc93bc6e3136b05867e43756b8b3877feb834863c38"},"dob":{"date":"1947-08-26T07:27:08.196Z","age":76},"registered":{"date":"2003-06-27T10:13:58.067Z","age":20},"phone":"075 197 30 57","cell":"075 040 43 46","id":{"name":"AVS","value":"756.9175.8189.27"},"picture":{"large":"https://randomuser.me/api/portraits/women/62.jpg","medium":"https://randomuser.me/api/portraits/med/women/62.jpg","thumbnail":"https://randomuser.me/api/portraits/thumb/women/62.jpg"},"nat":"CH"}],"info":{"seed":"e8268a0e4eb1e81b","results":1,"page":1,"version":"1.4"}} 
 </msg>
<msg time="2024-04-16T07:16:05.197690" level="INFO">/opt/hostedtoolcache/Python/3.12.2/x64/lib/python3.12/site-packages/urllib3/connectionpool.py:1103: InsecureRequestWarning: Unverified HTTPS request is being made to host 'randomuser.me'. Adding certificate verification is strongly advised. See: https://urllib3.readthedocs.io/en/latest/advanced-usage.html#tls-warnings
  warnings.warn(</msg>
<msg time="2024-04-16T07:16:05.197808" level="INFO">${response} = &lt;Response [200]&gt;</msg>
<var>${response}</var>
<arg>consultarAPI</arg>
<arg>/api</arg>
<doc>Sends a GET request on a previously created HTTP Session.</doc>
<status status="PASS" start="2024-04-16T07:16:05.111039" elapsed="0.086810"/>
</kw>
<kw name="Set Variable" owner="BuiltIn">
<msg time="2024-04-16T07:16:05.198907" level="INFO">${json_data} = {'results': [{'gender': 'female', 'name': {'title': 'Mademoiselle', 'first': 'Ilse', 'last': 'Bertrand'}, 'location': {'street': {'number': 7304, 'name': 'Rue de la Fontaine'}, 'city': 'Vex', 'state':...</msg>
<var>${json_data}</var>
<arg>${response.json()}</arg>
<doc>Returns the given values which can then be assigned to a variables.</doc>
<status status="PASS" start="2024-04-16T07:16:05.198386" elapsed="0.000550"/>
</kw>
<kw name="Log" owner="BuiltIn">
<msg time="2024-04-16T07:16:05.199417" level="INFO">{'results': [{'gender': 'female', 'name': {'title': 'Mademoiselle', 'first': 'Ilse', 'last': 'Bertrand'}, 'location': {'street': {'number': 7304, 'name': 'Rue de la Fontaine'}, 'city': 'Vex', 'state': 'Nidwalden', 'country': 'Switzerland', 'postcode': 5764, 'coordinates': {'latitude': '-56.1175', 'longitude': '109.9717'}, 'timezone': {'offset': '-10:00', 'description': 'Hawaii'}}, 'email': 'ilse.bertrand@example.com', 'login': {'uuid': '6121bae8-8f35-4781-8bcc-4301a5823eb4', 'username': 'silverelephant292', 'password': 'secret', 'salt': '8ntCFhaS', 'md5': 'c6096d57968e184a566aca8dee212056', 'sha1': '2e1c823af9264f0569f22a591f4064ca5259eb33', 'sha256': 'f726cce8a4512594544a7bc93bc6e3136b05867e43756b8b3877feb834863c38'}, 'dob': {'date': '1947-08-26T07:27:08.196Z', 'age': 76}, 'registered': {'date': '2003-06-27T10:13:58.067Z', 'age': 20}, 'phone': '075 197 30 57', 'cell': '075 040 43 46', 'id': {'name': 'AVS', 'value': '756.9175.8189.27'}, 'picture': {'large': 'https://randomuser.me/api/portraits/women/62.jpg', 'medium': 'https://randomuser.me/api/portraits/med/women/62.jpg', 'thumbnail': 'https://randomuser.me/api/portraits/thumb/women/62.jpg'}, 'nat': 'CH'}], 'info': {'seed': 'e8268a0e4eb1e81b', 'results': 1, 'page': 1, 'version': '1.4'}}</msg>
<arg>${json_data}</arg>
<doc>Logs the given message with the given level.</doc>
<status status="PASS" start="2024-04-16T07:16:05.199256" elapsed="0.000249"/>
</kw>
<kw name="Should Be String" owner="String">
<arg>${json_data['results'][0]['gender']}</arg>
<doc>Fails if the given ``item`` is not a string.</doc>
<status status="PASS" start="2024-04-16T07:16:05.199864" elapsed="0.000369"/>
</kw>
<kw name="Should Match Regexp" owner="BuiltIn">
<arg>${json_data['results'][0]['email']}</arg>
<arg>^[a-zA-Z0-9._%+-]+@[a-zA-Z0-9.-]+\.[a-zA-Z]{2,}$</arg>
<doc>Fails if ``string`` does not match ``pattern`` as a regular expression.</doc>
<status status="PASS" start="2024-04-16T07:16:05.200431" elapsed="0.000523"/>
</kw>
<kw name="Should Match Regexp" owner="BuiltIn">
<arg>${json_data['results'][0]['dob']['date']}</arg>
<arg>\\d{4}-\\d{2}-\\d{2}T\\d{2}:\\d{2}:\\d{2}\\.\\d{3}Z</arg>
<doc>Fails if ``string`` does not match ``pattern`` as a regular expression.</doc>
<status status="PASS" start="2024-04-16T07:16:05.201152" elapsed="0.000490"/>
</kw>
<kw name="Should Match Regexp" owner="BuiltIn">
<arg>${json_data['results'][0]['registered']['date']}</arg>
<arg>\\d{4}-\\d{2}-\\d{2}T\\d{2}:\\d{2}:\\d{2}\\.\\d{3}Z</arg>
<doc>Fails if ``string`` does not match ``pattern`` as a regular expression.</doc>
<status status="PASS" start="2024-04-16T07:16:05.201844" elapsed="0.000371"/>
</kw>
<kw name="Should Match Regexp" owner="BuiltIn">
<arg>${json_data['results'][0]['picture']['large']}</arg>
<arg>^https?://.*\.(?:png|jpe?g|gif|bmp)$</arg>
<doc>Fails if ``string`` does not match ``pattern`` as a regular expression.</doc>
<status status="PASS" start="2024-04-16T07:16:05.202403" elapsed="0.000464"/>
</kw>
<kw name="Should Match Regexp" owner="BuiltIn">
<arg>${json_data['results'][0]['picture']['medium']}</arg>
<arg>^https?://.*\.(?:png|jpe?g|gif|bmp)$</arg>
<doc>Fails if ``string`` does not match ``pattern`` as a regular expression.</doc>
<status status="PASS" start="2024-04-16T07:16:05.203054" elapsed="0.000350"/>
</kw>
<kw name="Should Match Regexp" owner="BuiltIn">
<arg>${json_data['results'][0]['picture']['thumbnail']}</arg>
<arg>^https?://.*\.(?:png|jpe?g|gif|bmp)$</arg>
<doc>Fails if ``string`` does not match ``pattern`` as a regular expression.</doc>
<status status="PASS" start="2024-04-16T07:16:05.203612" elapsed="0.000373"/>
</kw>
<kw name="Log" owner="BuiltIn">
<msg time="2024-04-16T07:16:05.204505" level="INFO">{'large': 'https://randomuser.me/api/portraits/women/62.jpg', 'medium': 'https://randomuser.me/api/portraits/med/women/62.jpg', 'thumbnail': 'https://randomuser.me/api/portraits/thumb/women/62.jpg'}</msg>
<arg>${json_data['results'][0]['picture']}</arg>
<doc>Logs the given message with the given level.</doc>
<status status="PASS" start="2024-04-16T07:16:05.204169" elapsed="0.000379"/>
</kw>
<status status="PASS" start="2024-04-16T07:16:05.110806" elapsed="0.094012"/>
</kw>
<kw name="Teste de Tipos de Dados - Postcode" owner="random-user-service">
<kw name="GET On Session" owner="RequestsLibrary">
<msg time="2024-04-16T07:16:05.281121" level="INFO">GET Request : url=https://randomuser.me/api 
 path_url=/api 
 headers={'User-Agent': 'python-requests/2.31.0', 'Accept-Encoding': 'gzip, deflate', 'Accept': '*/*', 'Connection': 'keep-alive'} 
 body=None 
 </msg>
<msg time="2024-04-16T07:16:05.281223" level="INFO">GET Response : url=https://randomuser.me/api 
 status=200, reason=OK 
 headers={'Date': 'Tue, 16 Apr 2024 07:16:05 GMT', 'Content-Type': 'application/json; charset=utf-8', 'Transfer-Encoding': 'chunked', 'Connection': 'keep-alive', 'X-Powered-By': 'Express', 'Access-Control-Allow-Origin': '*', 'Cache-Control': 'no-cache', 'ETag': 'W/"48e-PYueOgjRf1B8o7DT5CkkYNx4Jk8"', 'Vary': 'Accept-Encoding', 'Content-Encoding': 'gzip', 'CF-Cache-Status': 'DYNAMIC', 'Report-To': '{"endpoints":[{"url":"https:\\/\\/a.nel.cloudflare.com\\/report\\/v4?s=TBBgScmdk%2B2gsdYycHSuhOQBFA2TBb9nG65DpkgX%2BM44w3QV%2B490SfMj%2BVgRHDBIBgIBOSbznUdHfPu6KiKYAp%2F3fFUOaiHyTRP1dbDm6WvSrnz2YSYvXI0nNJp5OmSt"}],"group":"cf-nel","max_age":604800}', 'NEL': '{"success_fraction":0,"report_to":"cf-nel","max_age":604800}', 'Server': 'cloudflare', 'CF-RAY': '8752634c8dfb0822-IAD', 'alt-svc': 'h3=":443"; ma=86400'} 
 body={"results":[{"gender":"female","name":{"title":"Miss","first":"Léia","last":"Mendes"},"location":{"street":{"number":615,"name":"Rua Santo Antônio "},"city":"Valparaíso de Goiás","state":"Bahia","country":"Brazil","postcode":46112,"coordinates":{"latitude":"-77.4614","longitude":"150.7346"},"timezone":{"offset":"+5:45","description":"Kathmandu"}},"email":"leia.mendes@example.com","login":{"uuid":"992b0af2-669e-454b-809b-cfbee36ca2aa","username":"sadsnake966","password":"maserati","salt":"xK3upTFb","md5":"d5ebac37908e9384981d5bde609e52b9","sha1":"78fc659c22ef23e8fafa6143c6313840c6f80c8e","sha256":"d33ed0e20cdf877278e66c892ab2ecedb5b3402da131247f3092f597caf34530"},"dob":{"date":"1985-05-16T19:02:52.418Z","age":38},"registered":{"date":"2020-03-23T16:52:10.390Z","age":4},"phone":"(13) 8616-6211","cell":"(92) 4104-8079","id":{"name":"CPF","value":"497.226.263-01"},"picture":{"large":"https://randomuser.me/api/portraits/women/88.jpg","medium":"https://randomuser.me/api/portraits/med/women/88.jpg","thumbnail":"https://randomuser.me/api/portraits/thumb/women/88.jpg"},"nat":"BR"}],"info":{"seed":"81a7b6b434318dfa","results":1,"page":1,"version":"1.4"}} 
 </msg>
<msg time="2024-04-16T07:16:05.281314" level="INFO">/opt/hostedtoolcache/Python/3.12.2/x64/lib/python3.12/site-packages/urllib3/connectionpool.py:1103: InsecureRequestWarning: Unverified HTTPS request is being made to host 'randomuser.me'. Adding certificate verification is strongly advised. See: https://urllib3.readthedocs.io/en/latest/advanced-usage.html#tls-warnings
  warnings.warn(</msg>
<msg time="2024-04-16T07:16:05.281438" level="INFO">${response} = &lt;Response [200]&gt;</msg>
<var>${response}</var>
<arg>consultarAPI</arg>
<arg>/api</arg>
<doc>Sends a GET request on a previously created HTTP Session.</doc>
<status status="PASS" start="2024-04-16T07:16:05.205306" elapsed="0.076180"/>
</kw>
<kw name="Set Variable" owner="BuiltIn">
<msg time="2024-04-16T07:16:05.282550" level="INFO">${json_data} = {'results': [{'gender': 'female', 'name': {'title': 'Miss', 'first': 'Léia', 'last': 'Mendes'}, 'location': {'street': {'number': 615, 'name': 'Rua Santo Antônio '}, 'city': 'Valparaíso de Goiás', 'st...</msg>
<var>${json_data}</var>
<arg>${response.json()}</arg>
<doc>Returns the given values which can then be assigned to a variables.</doc>
<status status="PASS" start="2024-04-16T07:16:05.282017" elapsed="0.000563"/>
</kw>
<kw name="Log" owner="BuiltIn">
<msg time="2024-04-16T07:16:05.283068" level="INFO">{'results': [{'gender': 'female', 'name': {'title': 'Miss', 'first': 'Léia', 'last': 'Mendes'}, 'location': {'street': {'number': 615, 'name': 'Rua Santo Antônio '}, 'city': 'Valparaíso de Goiás', 'state': 'Bahia', 'country': 'Brazil', 'postcode': 46112, 'coordinates': {'latitude': '-77.4614', 'longitude': '150.7346'}, 'timezone': {'offset': '+5:45', 'description': 'Kathmandu'}}, 'email': 'leia.mendes@example.com', 'login': {'uuid': '992b0af2-669e-454b-809b-cfbee36ca2aa', 'username': 'sadsnake966', 'password': 'maserati', 'salt': 'xK3upTFb', 'md5': 'd5ebac37908e9384981d5bde609e52b9', 'sha1': '78fc659c22ef23e8fafa6143c6313840c6f80c8e', 'sha256': 'd33ed0e20cdf877278e66c892ab2ecedb5b3402da131247f3092f597caf34530'}, 'dob': {'date': '1985-05-16T19:02:52.418Z', 'age': 38}, 'registered': {'date': '2020-03-23T16:52:10.390Z', 'age': 4}, 'phone': '(13) 8616-6211', 'cell': '(92) 4104-8079', 'id': {'name': 'CPF', 'value': '497.226.263-01'}, 'picture': {'large': 'https://randomuser.me/api/portraits/women/88.jpg', 'medium': 'https://randomuser.me/api/portraits/med/women/88.jpg', 'thumbnail': 'https://randomuser.me/api/portraits/thumb/women/88.jpg'}, 'nat': 'BR'}], 'info': {'seed': '81a7b6b434318dfa', 'results': 1, 'page': 1, 'version': '1.4'}}</msg>
<arg>${json_data}</arg>
<doc>Logs the given message with the given level.</doc>
<status status="PASS" start="2024-04-16T07:16:05.282902" elapsed="0.000216"/>
</kw>
<kw name="Should Be Equal As Numbers" owner="BuiltIn">
<arg>${json_data['results'][0]['location']['postcode']}</arg>
<arg>${json_data['results'][0]['location']['postcode']}</arg>
<doc>Fails if objects are unequal after converting them to real numbers.</doc>
<status status="PASS" start="2024-04-16T07:16:05.283428" elapsed="0.000709"/>
</kw>
<kw name="Log" owner="BuiltIn">
<msg time="2024-04-16T07:16:05.284666" level="INFO">46112</msg>
<arg>${json_data['results'][0]['location']['postcode']}</arg>
<doc>Logs the given message with the given level.</doc>
<status status="PASS" start="2024-04-16T07:16:05.284330" elapsed="0.000377"/>
</kw>
<status status="PASS" start="2024-04-16T07:16:05.205060" elapsed="0.079926"/>
</kw>
<doc>Testa se os tipos de dados na resposta da API estão corretos.</doc>
<tag>testeTiposDados</tag>
<status status="PASS" start="2024-04-16T07:16:05.110327" elapsed="0.174854"/>
</test>
<test id="s1-s1-t5" name="Validar conteudo" line="35">
<kw name="Teste de Tipos de Conteudo" owner="random-user-service">
<kw name="GET On Session" owner="RequestsLibrary">
<msg time="2024-04-16T07:16:05.387766" level="INFO">GET Request : url=https://randomuser.me/api 
 path_url=/api 
 headers={'User-Agent': 'python-requests/2.31.0', 'Accept-Encoding': 'gzip, deflate', 'Accept': '*/*', 'Connection': 'keep-alive'} 
 body=None 
 </msg>
<msg time="2024-04-16T07:16:05.387867" level="INFO">GET Response : url=https://randomuser.me/api 
 status=200, reason=OK 
 headers={'Date': 'Tue, 16 Apr 2024 07:16:05 GMT', 'Content-Type': 'application/json; charset=utf-8', 'Transfer-Encoding': 'chunked', 'Connection': 'keep-alive', 'X-Powered-By': 'Express', 'Access-Control-Allow-Origin': '*', 'Cache-Control': 'no-cache', 'ETag': 'W/"4a1-qG4lYrL/uUgMw+vRmHiEmYgXpkA"', 'Vary': 'Accept-Encoding', 'Content-Encoding': 'gzip', 'CF-Cache-Status': 'DYNAMIC', 'Report-To': '{"endpoints":[{"url":"https:\\/\\/a.nel.cloudflare.com\\/report\\/v4?s=3F%2BIDHiTlOHqqbL7UhxDLqOVhGOcs6dp0SI9Loqc7cBAixYOE1qm5JP7700p9dM1gARovo9LqEDyvqn8UZfO%2F3r2b%2Bmx%2FCB6b%2BDbPU5ojEYD96kaM2sgPTLBNyclxm3u"}],"group":"cf-nel","max_age":604800}', 'NEL': '{"success_fraction":0,"report_to":"cf-nel","max_age":604800}', 'Server': 'cloudflare', 'CF-RAY': '8752634d0e6d0822-IAD', 'alt-svc': 'h3=":443"; ma=86400'} 
 body={"results":[{"gender":"male","name":{"title":"Mr","first":"Jairo","last":"Zamora"},"location":{"street":{"number":6945,"name":"Privada Nevárez"},"city":"San José Temascatio","state":"Sonora","country":"Mexico","postcode":55289,"coordinates":{"latitude":"21.6706","longitude":"-104.5337"},"timezone":{"offset":"+1:00","description":"Brussels, Copenhagen, Madrid, Paris"}},"email":"jairo.zamora@example.com","login":{"uuid":"7f7bdbc8-0609-4016-af9d-c48dade3d24b","username":"organicswan824","password":"whitney","salt":"bAdJbhyN","md5":"673ba60c2bb05eb5c8a0456c080e3444","sha1":"d7f828bf4e763df32fb5519be9c985ba8395a996","sha256":"b54c200fc9f94b7e52d9939bbbd48405838bd1dc1e9fea41e7e3bf6eaaee0d4c"},"dob":{"date":"1959-09-25T19:13:48.065Z","age":64},"registered":{"date":"2013-04-15T20:47:01.025Z","age":11},"phone":"(668) 928 1278","cell":"(610) 161 1926","id":{"name":"NSS","value":"68 49 22 3226 5"},"picture":{"large":"https://randomuser.me/api/portraits/men/82.jpg","medium":"https://randomuser.me/api/portraits/med/men/82.jpg","thumbnail":"https://randomuser.me/api/portraits/thumb/men/82.jpg"},"nat":"MX"}],"info":{"seed":"906c86417d49eb19","results":1,"page":1,"version":"1.4"}} 
 </msg>
<msg time="2024-04-16T07:16:05.387940" level="INFO">/opt/hostedtoolcache/Python/3.12.2/x64/lib/python3.12/site-packages/urllib3/connectionpool.py:1103: InsecureRequestWarning: Unverified HTTPS request is being made to host 'randomuser.me'. Adding certificate verification is strongly advised. See: https://urllib3.readthedocs.io/en/latest/advanced-usage.html#tls-warnings
  warnings.warn(</msg>
<msg time="2024-04-16T07:16:05.388058" level="INFO">${response} = &lt;Response [200]&gt;</msg>
<var>${response}</var>
<arg>consultarAPI</arg>
<arg>/api</arg>
<doc>Sends a GET request on a previously created HTTP Session.</doc>
<status status="PASS" start="2024-04-16T07:16:05.287746" elapsed="0.100344"/>
</kw>
<kw name="Set Variable" owner="BuiltIn">
<msg time="2024-04-16T07:16:05.389172" level="INFO">${json_data} = {'results': [{'gender': 'male', 'name': {'title': 'Mr', 'first': 'Jairo', 'last': 'Zamora'}, 'location': {'street': {'number': 6945, 'name': 'Privada Nevárez'}, 'city': 'San José Temascatio', 'state':...</msg>
<var>${json_data}</var>
<arg>${response.json()}</arg>
<doc>Returns the given values which can then be assigned to a variables.</doc>
<status status="PASS" start="2024-04-16T07:16:05.388644" elapsed="0.000557"/>
</kw>
<kw name="Set Variable" owner="BuiltIn">
<msg time="2024-04-16T07:16:05.389909" level="INFO">${name_title} = Mr</msg>
<var>${name_title}</var>
<arg>${json_data["results"][0]["name"]["title"]}</arg>
<doc>Returns the given values which can then be assigned to a variables.</doc>
<status status="PASS" start="2024-04-16T07:16:05.389520" elapsed="0.000415"/>
</kw>
<kw name="Create List" owner="BuiltIn">
<msg time="2024-04-16T07:16:05.390388" level="INFO">${allowed_titles} = ['Mr', 'Ms', 'Miss', 'Mrs', 'Madame', 'Monsieur']</msg>
<var>${allowed_titles}</var>
<arg>Mr</arg>
<arg>Ms</arg>
<arg>Miss</arg>
<arg>Mrs</arg>
<arg>Madame</arg>
<arg>Monsieur</arg>
<doc>Returns a list containing given items.</doc>
<status status="PASS" start="2024-04-16T07:16:05.390237" elapsed="0.000176"/>
</kw>
<kw name="List Should Contain Value" owner="Collections">
<msg time="2024-04-16T07:16:05.390902" level="INFO">False</msg>
<arg>${allowed_titles}</arg>
<arg>${name_title}</arg>
<doc>Fails if the ``value`` is not found from ``list``.</doc>
<status status="PASS" start="2024-04-16T07:16:05.390716" elapsed="0.000224"/>
</kw>
<kw name="Set Variable" owner="BuiltIn">
<msg time="2024-04-16T07:16:05.391660" level="INFO">${name_country} = MX</msg>
<var>${name_country}</var>
<arg>${json_data["results"][0]["nat"]}</arg>
<doc>Returns the given values which can then be assigned to a variables.</doc>
<status status="PASS" start="2024-04-16T07:16:05.391238" elapsed="0.000449"/>
</kw>
<kw name="Create List" owner="BuiltIn">
<msg time="2024-04-16T07:16:05.392603" level="INFO">${list_country} = ['AD', 'AE', 'AF', 'AG', 'AI', 'AL', 'AM', 'AO', 'AQ', 'AR', 'AS', 'AT', 'AU', 'AW', 'AX', 'AZ', 'BA', 'BB', 'BD', 'BE', 'BF', 'BG', 'BH', 'BI', 'BJ', 'BL', 'BM', 'BN', 'BO', 'BQ', 'BR', 'BS', 'BT', '...</msg>
<var>${list_country}</var>
<arg>AD</arg>
<arg>AE</arg>
<arg>AF</arg>
<arg>AG</arg>
<arg>AI</arg>
<arg>AL</arg>
<arg>AM</arg>
<arg>AO</arg>
<arg>AQ</arg>
<arg>AR</arg>
<arg>AS</arg>
<arg>AT</arg>
<arg>AU</arg>
<arg>AW</arg>
<arg>AX</arg>
<arg>AZ</arg>
<arg>BA</arg>
<arg>BB</arg>
<arg>BD</arg>
<arg>BE</arg>
<arg>BF</arg>
<arg>BG</arg>
<arg>BH</arg>
<arg>BI</arg>
<arg>BJ</arg>
<arg>BL</arg>
<arg>BM</arg>
<arg>BN</arg>
<arg>BO</arg>
<arg>BQ</arg>
<arg>BR</arg>
<arg>BS</arg>
<arg>BT</arg>
<arg>BV</arg>
<arg>BW</arg>
<arg>BY</arg>
<arg>BZ</arg>
<arg>CA</arg>
<arg>CC</arg>
<arg>CD</arg>
<arg>CF</arg>
<arg>CG</arg>
<arg>CH</arg>
<arg>CI</arg>
<arg>CK</arg>
<arg>CL</arg>
<arg>CM</arg>
<arg>CN</arg>
<arg>CO</arg>
<arg>CR</arg>
<arg>CU</arg>
<arg>CV</arg>
<arg>CW</arg>
<arg>CX</arg>
<arg>CY</arg>
<arg>CZ</arg>
<arg>DE</arg>
<arg>DJ</arg>
<arg>DK</arg>
<arg>DM</arg>
<arg>DO</arg>
<arg>DZ</arg>
<arg>EC</arg>
<arg>EE</arg>
<arg>EG</arg>
<arg>EH</arg>
<arg>ER</arg>
<arg>ES</arg>
<arg>ET</arg>
<arg>FI</arg>
<arg>FJ</arg>
<arg>FK</arg>
<arg>FM</arg>
<arg>FO</arg>
<arg>FR</arg>
<arg>GA</arg>
<arg>GB</arg>
<arg>GD</arg>
<arg>GE</arg>
<arg>GF</arg>
<arg>GG</arg>
<arg>GH</arg>
<arg>GI</arg>
<arg>GL</arg>
<arg>GM</arg>
<arg>GN</arg>
<arg>GP</arg>
<arg>GQ</arg>
<arg>GR</arg>
<arg>GS</arg>
<arg>GT</arg>
<arg>GU</arg>
<arg>GW</arg>
<arg>GY</arg>
<arg>HK</arg>
<arg>HM</arg>
<arg>HN</arg>
<arg>HR</arg>
<arg>HT</arg>
<arg>HU</arg>
<arg>ID</arg>
<arg>IE</arg>
<arg>IL</arg>
<arg>IM</arg>
<arg>IN</arg>
<arg>IO</arg>
<arg>IQ</arg>
<arg>IR</arg>
<arg>IS</arg>
<arg>IT</arg>
<arg>JE</arg>
<arg>JM</arg>
<arg>JO</arg>
<arg>JP</arg>
<arg>KE</arg>
<arg>KG</arg>
<arg>KH</arg>
<arg>KI</arg>
<arg>KM</arg>
<arg>KN</arg>
<arg>KP</arg>
<arg>KR</arg>
<arg>KW</arg>
<arg>KY</arg>
<arg>KZ</arg>
<arg>LA</arg>
<arg>LB</arg>
<arg>LC</arg>
<arg>LI</arg>
<arg>LK</arg>
<arg>LR</arg>
<arg>LS</arg>
<arg>LT</arg>
<arg>LU</arg>
<arg>LV</arg>
<arg>LY</arg>
<arg>MA</arg>
<arg>MC</arg>
<arg>MD</arg>
<arg>ME</arg>
<arg>MF</arg>
<arg>MG</arg>
<arg>MH</arg>
<arg>MK</arg>
<arg>ML</arg>
<arg>MM</arg>
<arg>MN</arg>
<arg>MO</arg>
<arg>MP</arg>
<arg>MQ</arg>
<arg>MR</arg>
<arg>MS</arg>
<arg>MT</arg>
<arg>MU</arg>
<arg>MV</arg>
<arg>MW</arg>
<arg>MX</arg>
<arg>MY</arg>
<arg>MZ</arg>
<arg>NA</arg>
<arg>NC</arg>
<arg>NE</arg>
<arg>NF</arg>
<arg>NG</arg>
<arg>NI</arg>
<arg>NL</arg>
<arg>NO</arg>
<arg>NP</arg>
<arg>NR</arg>
<arg>NU</arg>
<arg>NZ</arg>
<arg>OM</arg>
<arg>PA</arg>
<arg>PE</arg>
<arg>PF</arg>
<arg>PG</arg>
<arg>PH</arg>
<arg>PK</arg>
<arg>PL</arg>
<arg>PM</arg>
<arg>PN</arg>
<arg>PR</arg>
<arg>PS</arg>
<arg>PT</arg>
<arg>PW</arg>
<arg>PY</arg>
<arg>QA</arg>
<arg>RE</arg>
<arg>RO</arg>
<arg>RS</arg>
<arg>RU</arg>
<arg>RW</arg>
<arg>SA</arg>
<arg>SB</arg>
<arg>SC</arg>
<arg>SD</arg>
<arg>SE</arg>
<arg>SG</arg>
<arg>SH</arg>
<arg>SI</arg>
<arg>SJ</arg>
<arg>SK</arg>
<arg>SL</arg>
<arg>SM</arg>
<arg>SN</arg>
<arg>SO</arg>
<arg>SR</arg>
<arg>SS</arg>
<arg>ST</arg>
<arg>SV</arg>
<arg>SX</arg>
<arg>SY</arg>
<arg>SZ</arg>
<arg>TC</arg>
<arg>TD</arg>
<arg>TF</arg>
<arg>TG</arg>
<arg>TH</arg>
<arg>TJ</arg>
<arg>TK</arg>
<arg>TL</arg>
<arg>TM</arg>
<arg>TN</arg>
<arg>TO</arg>
<arg>TR</arg>
<arg>TT</arg>
<arg>TV</arg>
<arg>TW</arg>
<arg>TZ</arg>
<arg>UA</arg>
<arg>UG</arg>
<arg>UM</arg>
<arg>US</arg>
<arg>UY</arg>
<arg>UZ</arg>
<arg>VA</arg>
<arg>VC</arg>
<arg>VE</arg>
<arg>VG</arg>
<arg>VI</arg>
<arg>VN</arg>
<arg>VU</arg>
<arg>WF</arg>
<arg>WS</arg>
<arg>XK</arg>
<arg>YE</arg>
<arg>YT</arg>
<arg>ZA</arg>
<arg>ZM</arg>
<arg>ZW</arg>
<doc>Returns a list containing given items.</doc>
<status status="PASS" start="2024-04-16T07:16:05.392004" elapsed="0.000624"/>
</kw>
<kw name="List Should Contain Value" owner="Collections">
<msg time="2024-04-16T07:16:05.393615" level="INFO">False</msg>
<arg>${list_country}</arg>
<arg>${name_country}</arg>
<doc>Fails if the ``value`` is not found from ``list``.</doc>
<status status="PASS" start="2024-04-16T07:16:05.393411" elapsed="0.000241"/>
</kw>
<kw name="Run Keyword If" owner="BuiltIn">
<kw name="Should Be True" owner="BuiltIn">
<arg>${True}</arg>
<doc>Fails if the given condition is not true.</doc>
<status status="PASS" start="2024-04-16T07:16:05.394867" elapsed="0.000146"/>
</kw>
<arg>${json_data["results"][0]["location"]["coordinates"]["latitude"]} &gt;= -90 and ${json_data["results"][0]["location"]["coordinates"]["latitude"]} &lt;= 90</arg>
<arg>Should Be True</arg>
<arg>${True}</arg>
<doc>Runs the given keyword with the given arguments, if ``condition`` is true.</doc>
<status status="PASS" start="2024-04-16T07:16:05.393967" elapsed="0.001176"/>
</kw>
<kw name="Run Keyword If" owner="BuiltIn">
<kw name="Should Be True" owner="BuiltIn">
<arg>${True}</arg>
<doc>Fails if the given condition is not true.</doc>
<status status="PASS" start="2024-04-16T07:16:05.396078" elapsed="0.000139"/>
</kw>
<arg>${json_data["results"][0]["location"]["coordinates"]["longitude"]} &gt;= -180 and ${json_data["results"][0]["location"]["coordinates"]["longitude"]} &lt;= 180</arg>
<arg>Should Be True</arg>
<arg>${True}</arg>
<doc>Runs the given keyword with the given arguments, if ``condition`` is true.</doc>
<status status="PASS" start="2024-04-16T07:16:05.395332" elapsed="0.001009"/>
</kw>
<status status="PASS" start="2024-04-16T07:16:05.287475" elapsed="0.109002"/>
</kw>
<doc>Testa o conteúdo específico dos campos retornados pela API.</doc>
<tag>testeConteudo</tag>
<status status="PASS" start="2024-04-16T07:16:05.286990" elapsed="0.109644"/>
</test>
<status status="PASS" start="2024-04-16T07:16:04.215770" elapsed="1.182883"/>
</suite>
<status status="PASS" start="2024-04-16T07:16:04.201846" elapsed="1.202225"/>
</suite>
<statistics>
<total>
<stat pass="5" fail="0" skip="0">All Tests</stat>
</total>
<tag>
<stat pass="1" fail="0" skip="0">testeConteudo</stat>
<stat pass="1" fail="0" skip="0">testeEstruturaResposta</stat>
<stat pass="1" fail="0" skip="0">testeRequisicaoBasica</stat>
<stat pass="1" fail="0" skip="0">testeTiposDados</stat>
</tag>
<suite>
<stat pass="5" fail="0" skip="0" id="s1" name="Tests">Tests</stat>
<stat pass="5" fail="0" skip="0" id="s1-s1" name="Random-User-Test">Tests.Random-User-Test</stat>
</suite>
</statistics>
<errors>
</errors>
</robot>
