<?xml version="1.0" encoding="UTF-8"?>
<robot generator="Robot 7.0.1 (Python 3.12.4 on linux)" generated="2024-06-23T01:10:02.014700" rpa="false" schemaversion="5">
<suite id="s1" name="Tests" source="/home/runner/work/ApiRandomUser/ApiRandomUser/RamdonUser/tests">
<suite id="s1-s1" name="Random-User-Test" source="/home/runner/work/ApiRandomUser/ApiRandomUser/RamdonUser/tests/random-user-test.robot">
<test id="s1-s1-t1" name="Conectar" line="13">
<kw name="Conectar API" owner="random-user-service">
<kw name="Create Session" owner="RequestsLibrary">
<msg time="2024-06-23T01:10:02.447933" level="INFO">Creating Session using : alias=consultarAPI, url=https://randomuser.me/, headers={},                     cookies={}, auth=None, timeout=None, proxies=None, verify=False,                     debug=0 </msg>
<arg>consultarAPI</arg>
<arg>${URL}</arg>
<doc>Create Session: create a HTTP session to a server</doc>
<status status="PASS" start="2024-06-23T01:10:02.447710" elapsed="0.000400"/>
</kw>
<status status="PASS" start="2024-06-23T01:10:02.446792" elapsed="0.001666"/>
</kw>
<status status="PASS" start="2024-06-23T01:10:02.446189" elapsed="0.002461"/>
</test>
<test id="s1-s1-t2" name="Validar retorno 200 e JSON Válido" line="16">
<kw name="Teste de Requisicao Basica" owner="random-user-service">
<kw name="GET On Session" owner="RequestsLibrary">
<msg time="2024-06-23T01:10:02.600398" level="INFO">GET Request : url=https://randomuser.me/api 
 path_url=/api 
 headers={'User-Agent': 'python-requests/2.32.3', 'Accept-Encoding': 'gzip, deflate', 'Accept': '*/*', 'Connection': 'keep-alive'} 
 body=None 
 </msg>
<msg time="2024-06-23T01:10:02.600555" level="INFO">GET Response : url=https://randomuser.me/api 
 status=200, reason=OK 
 headers={'Date': 'Sun, 23 Jun 2024 01:10:02 GMT', 'Content-Type': 'application/json; charset=utf-8', 'Transfer-Encoding': 'chunked', 'Connection': 'keep-alive', 'X-Powered-By': 'Express', 'Access-Control-Allow-Origin': '*', 'Cache-Control': 'no-cache', 'ETag': 'W/"48c-mNOEjENxHKJhA9u3Pe02uukU8lQ"', 'Vary': 'Accept-Encoding', 'Content-Encoding': 'gzip', 'CF-Cache-Status': 'DYNAMIC', 'Report-To': '{"endpoints":[{"url":"https:\\/\\/a.nel.cloudflare.com\\/report\\/v4?s=W6lRze6c%2BiRNfiCEt7WTjVhp7x6xlGSiPcnKWuPXol%2Fdcq0XJT%2B7PtkqJp4ByTZBPSTypH47iGBtnvMW%2F2tKP2g7S5TANbTHH7jnNSARvcydAMlQbNNOS3pMHRvNjmEw"}],"group":"cf-nel","max_age":604800}', 'NEL': '{"success_fraction":0,"report_to":"cf-nel","max_age":604800}', 'Server': 'cloudflare', 'CF-RAY': '898098998b489698-SJC', 'alt-svc': 'h3=":443"; ma=86400'} 
 body={"results":[{"gender":"female","name":{"title":"Miss","first":"Elsa","last":"Waara"},"location":{"street":{"number":6838,"name":"Rautatienkatu"},"city":"Paltamo","state":"Päijät-Häme","country":"Finland","postcode":96623,"coordinates":{"latitude":"-26.9450","longitude":"102.6321"},"timezone":{"offset":"-12:00","description":"Eniwetok, Kwajalein"}},"email":"elsa.waara@example.com","login":{"uuid":"3e20aa9a-f308-4c79-ab9f-ec32cce20faf","username":"whiteswan819","password":"mollie","salt":"ncFUEKOR","md5":"6ca38152de1ea0e4d8c467c9c38ead25","sha1":"3c5422fc26d60dc0cfb5c738caee02abe2f13f43","sha256":"46869fcafc4c39543c0eda18861eab4c70a84562b163a63be56713e0cd067aa3"},"dob":{"date":"1958-05-27T08:47:33.884Z","age":66},"registered":{"date":"2005-10-25T21:29:11.606Z","age":18},"phone":"08-910-969","cell":"043-426-65-30","id":{"name":"HETU","value":"NaNNA292undefined"},"picture":{"large":"https://randomuser.me/api/portraits/women/76.jpg","medium":"https://randomuser.me/api/portraits/med/women/76.jpg","thumbnail":"https://randomuser.me/api/portraits/thumb/women/76.jpg"},"nat":"FI"}],"info":{"seed":"0bb8c12c9b1e2f46","results":1,"page":1,"version":"1.4"}} 
 </msg>
<msg time="2024-06-23T01:10:02.600642" level="INFO">/opt/hostedtoolcache/Python/3.12.4/x64/lib/python3.12/site-packages/urllib3/connectionpool.py:1099: InsecureRequestWarning: Unverified HTTPS request is being made to host 'randomuser.me'. Adding certificate verification is strongly advised. See: https://urllib3.readthedocs.io/en/latest/advanced-usage.html#tls-warnings
  warnings.warn(</msg>
<msg time="2024-06-23T01:10:02.600791" level="INFO">${response} = &lt;Response [200]&gt;</msg>
<var>${response}</var>
<arg>consultarAPI</arg>
<arg>/api</arg>
<doc>Sends a GET request on a previously created HTTP Session.</doc>
<status status="PASS" start="2024-06-23T01:10:02.451274" elapsed="0.149559"/>
</kw>
<kw name="Should Be Equal As Numbers" owner="BuiltIn">
<msg time="2024-06-23T01:10:02.602007" level="INFO">Argument types are:
&lt;class 'int'&gt;
&lt;class 'str'&gt;</msg>
<arg>${response.status_code}</arg>
<arg>200</arg>
<doc>Fails if objects are unequal after converting them to real numbers.</doc>
<status status="PASS" start="2024-06-23T01:10:02.601507" elapsed="0.000570"/>
</kw>
<kw name="Log" owner="BuiltIn">
<msg time="2024-06-23T01:10:02.602793" level="INFO">200</msg>
<arg>${response.status_code}</arg>
<doc>Logs the given message with the given level.</doc>
<status status="PASS" start="2024-06-23T01:10:02.602425" elapsed="0.000429"/>
</kw>
<kw name="Set Variable" owner="BuiltIn">
<msg time="2024-06-23T01:10:02.603623" level="INFO">${json_data} = {'results': [{'gender': 'female', 'name': {'title': 'Miss', 'first': 'Elsa', 'last': 'Waara'}, 'location': {'street': {'number': 6838, 'name': 'Rautatienkatu'}, 'city': 'Paltamo', 'state': 'Päijät-Häm...</msg>
<var>${json_data}</var>
<arg>${response.json()}</arg>
<doc>Returns the given values which can then be assigned to a variables.</doc>
<status status="PASS" start="2024-06-23T01:10:02.603169" elapsed="0.000484"/>
</kw>
<kw name="Dictionary Should Contain Key" owner="Collections">
<arg>${json_data}</arg>
<arg>results</arg>
<doc>Fails if ``key`` is not found from ``dictionary``.</doc>
<status status="PASS" start="2024-06-23T01:10:02.603984" elapsed="0.000177"/>
</kw>
<status status="PASS" start="2024-06-23T01:10:02.451030" elapsed="0.153287"/>
</kw>
<doc>Testa se a API responde corretamente e retorna um objeto JSON válido.</doc>
<tag>testeRequisicaoBasica</tag>
<status status="PASS" start="2024-06-23T01:10:02.450486" elapsed="0.154010"/>
</test>
<test id="s1-s1-t3" name="Validar estrutura de resposta" line="22">
<kw name="Teste de Estrutura de Resposta" owner="random-user-service">
<kw name="GET On Session" owner="RequestsLibrary">
<msg time="2024-06-23T01:10:02.731846" level="INFO">GET Request : url=https://randomuser.me/api 
 path_url=/api 
 headers={'User-Agent': 'python-requests/2.32.3', 'Accept-Encoding': 'gzip, deflate', 'Accept': '*/*', 'Connection': 'keep-alive'} 
 body=None 
 </msg>
<msg time="2024-06-23T01:10:02.731983" level="INFO">GET Response : url=https://randomuser.me/api 
 status=200, reason=OK 
 headers={'Date': 'Sun, 23 Jun 2024 01:10:02 GMT', 'Content-Type': 'application/json; charset=utf-8', 'Transfer-Encoding': 'chunked', 'Connection': 'keep-alive', 'X-Powered-By': 'Express', 'Access-Control-Allow-Origin': '*', 'Cache-Control': 'no-cache', 'ETag': 'W/"4b1-6Pdjk1prQRd1YfIyvr+ULgfhgmg"', 'Vary': 'Accept-Encoding', 'Content-Encoding': 'gzip', 'CF-Cache-Status': 'DYNAMIC', 'Report-To': '{"endpoints":[{"url":"https:\\/\\/a.nel.cloudflare.com\\/report\\/v4?s=YgSn5CYJZrUN0VFIjFkd%2FOiFwIzTxwvcRsiNtARIO5ByoJ2Mx%2F7EKJgKUvw7Hx0wj67Yunah7g00ecsXPStJMwIvO%2BL9R2LVBvEQ20HL%2B1gA8GDSZdxYGEkeCfdOMYup"}],"group":"cf-nel","max_age":604800}', 'NEL': '{"success_fraction":0,"report_to":"cf-nel","max_age":604800}', 'Server': 'cloudflare', 'CF-RAY': '8980989a4bcb9698-SJC', 'alt-svc': 'h3=":443"; ma=86400'} 
 body={"results":[{"gender":"female","name":{"title":"Miss","first":"Maëlys","last":"Morin"},"location":{"street":{"number":9569,"name":"Rue de la Gare"},"city":"Champigny-sur-Marne","state":"Manche","country":"France","postcode":97256,"coordinates":{"latitude":"-13.9721","longitude":"21.3732"},"timezone":{"offset":"-5:00","description":"Eastern Time (US &amp; Canada), Bogota, Lima"}},"email":"maelys.morin@example.com","login":{"uuid":"cb13fa3a-f598-4c94-b8bc-3e07beebfc5c","username":"smallelephant929","password":"quincy","salt":"wMGWLqRG","md5":"424f3969dcd8d879b0d26e5bfc6209ae","sha1":"450a4b87b748b0377aa9af869a2a04e901d8e54b","sha256":"16169c47590d05d238e0f2a7361abc28ff19a631ecd1fcd598f6572cce21e21b"},"dob":{"date":"1944-11-06T21:50:20.047Z","age":79},"registered":{"date":"2011-06-25T13:43:53.319Z","age":12},"phone":"05-96-97-38-11","cell":"06-08-44-54-14","id":{"name":"INSEE","value":"2441056494911 61"},"picture":{"large":"https://randomuser.me/api/portraits/women/70.jpg","medium":"https://randomuser.me/api/portraits/med/women/70.jpg","thumbnail":"https://randomuser.me/api/portraits/thumb/women/70.jpg"},"nat":"FR"}],"info":{"seed":"cb476e9d92ce6757","results":1,"page":1,"version":"1.4"}} 
 </msg>
<msg time="2024-06-23T01:10:02.732122" level="INFO">/opt/hostedtoolcache/Python/3.12.4/x64/lib/python3.12/site-packages/urllib3/connectionpool.py:1099: InsecureRequestWarning: Unverified HTTPS request is being made to host 'randomuser.me'. Adding certificate verification is strongly advised. See: https://urllib3.readthedocs.io/en/latest/advanced-usage.html#tls-warnings
  warnings.warn(</msg>
<msg time="2024-06-23T01:10:02.732246" level="INFO">${response} = &lt;Response [200]&gt;</msg>
<var>${response}</var>
<arg>consultarAPI</arg>
<arg>/api</arg>
<doc>Sends a GET request on a previously created HTTP Session.</doc>
<status status="PASS" start="2024-06-23T01:10:02.607220" elapsed="0.125067"/>
</kw>
<kw name="Set Variable" owner="BuiltIn">
<msg time="2024-06-23T01:10:02.733458" level="INFO">${json_data} = {'results': [{'gender': 'female', 'name': {'title': 'Miss', 'first': 'Maëlys', 'last': 'Morin'}, 'location': {'street': {'number': 9569, 'name': 'Rue de la Gare'}, 'city': 'Champigny-sur-Marne', 'stat...</msg>
<var>${json_data}</var>
<arg>${response.json()}</arg>
<doc>Returns the given values which can then be assigned to a variables.</doc>
<status status="PASS" start="2024-06-23T01:10:02.732888" elapsed="0.000601"/>
</kw>
<kw name="Log" owner="BuiltIn">
<msg time="2024-06-23T01:10:02.733953" level="INFO">{'results': [{'gender': 'female', 'name': {'title': 'Miss', 'first': 'Maëlys', 'last': 'Morin'}, 'location': {'street': {'number': 9569, 'name': 'Rue de la Gare'}, 'city': 'Champigny-sur-Marne', 'state': 'Manche', 'country': 'France', 'postcode': 97256, 'coordinates': {'latitude': '-13.9721', 'longitude': '21.3732'}, 'timezone': {'offset': '-5:00', 'description': 'Eastern Time (US &amp; Canada), Bogota, Lima'}}, 'email': 'maelys.morin@example.com', 'login': {'uuid': 'cb13fa3a-f598-4c94-b8bc-3e07beebfc5c', 'username': 'smallelephant929', 'password': 'quincy', 'salt': 'wMGWLqRG', 'md5': '424f3969dcd8d879b0d26e5bfc6209ae', 'sha1': '450a4b87b748b0377aa9af869a2a04e901d8e54b', 'sha256': '16169c47590d05d238e0f2a7361abc28ff19a631ecd1fcd598f6572cce21e21b'}, 'dob': {'date': '1944-11-06T21:50:20.047Z', 'age': 79}, 'registered': {'date': '2011-06-25T13:43:53.319Z', 'age': 12}, 'phone': '05-96-97-38-11', 'cell': '06-08-44-54-14', 'id': {'name': 'INSEE', 'value': '2441056494911 61'}, 'picture': {'large': 'https://randomuser.me/api/portraits/women/70.jpg', 'medium': 'https://randomuser.me/api/portraits/med/women/70.jpg', 'thumbnail': 'https://randomuser.me/api/portraits/thumb/women/70.jpg'}, 'nat': 'FR'}], 'info': {'seed': 'cb476e9d92ce6757', 'results': 1, 'page': 1, 'version': '1.4'}}</msg>
<arg>${json_data}</arg>
<doc>Logs the given message with the given level.</doc>
<status status="PASS" start="2024-06-23T01:10:02.733789" elapsed="0.000215"/>
</kw>
<kw name="Dictionary Should Contain Key" owner="Collections">
<arg>${json_data}</arg>
<arg>results</arg>
<doc>Fails if ``key`` is not found from ``dictionary``.</doc>
<status status="PASS" start="2024-06-23T01:10:02.734298" elapsed="0.000157"/>
</kw>
<kw name="Should Not Be Empty" owner="BuiltIn">
<msg time="2024-06-23T01:10:02.734758" level="INFO">Length is 2.</msg>
<arg>${json_data}</arg>
<doc>Verifies that the given item is not empty.</doc>
<status status="PASS" start="2024-06-23T01:10:02.734634" elapsed="0.000167"/>
</kw>
<kw name="Create List" owner="BuiltIn">
<msg time="2024-06-23T01:10:02.735234" level="INFO">${expected_keys} = ['gender', 'name', 'location', 'email', 'login']</msg>
<var>${expected_keys}</var>
<arg>gender</arg>
<arg>name</arg>
<arg>location</arg>
<arg>email</arg>
<arg>login</arg>
<doc>Returns a list containing given items.</doc>
<status status="PASS" start="2024-06-23T01:10:02.735088" elapsed="0.000170"/>
</kw>
<for flavor="IN">
<iter>
<kw name="Dictionary Should Contain Key" owner="Collections">
<arg>${json_data['results'][0]}</arg>
<arg>${key}</arg>
<doc>Fails if ``key`` is not found from ``dictionary``.</doc>
<status status="PASS" start="2024-06-23T01:10:02.736039" elapsed="0.000396"/>
</kw>
<kw name="Log" owner="BuiltIn">
<msg time="2024-06-23T01:10:02.736975" level="INFO">{'gender': 'female', 'name': {'title': 'Miss', 'first': 'Maëlys', 'last': 'Morin'}, 'location': {'street': {'number': 9569, 'name': 'Rue de la Gare'}, 'city': 'Champigny-sur-Marne', 'state': 'Manche', 'country': 'France', 'postcode': 97256, 'coordinates': {'latitude': '-13.9721', 'longitude': '21.3732'}, 'timezone': {'offset': '-5:00', 'description': 'Eastern Time (US &amp; Canada), Bogota, Lima'}}, 'email': 'maelys.morin@example.com', 'login': {'uuid': 'cb13fa3a-f598-4c94-b8bc-3e07beebfc5c', 'username': 'smallelephant929', 'password': 'quincy', 'salt': 'wMGWLqRG', 'md5': '424f3969dcd8d879b0d26e5bfc6209ae', 'sha1': '450a4b87b748b0377aa9af869a2a04e901d8e54b', 'sha256': '16169c47590d05d238e0f2a7361abc28ff19a631ecd1fcd598f6572cce21e21b'}, 'dob': {'date': '1944-11-06T21:50:20.047Z', 'age': 79}, 'registered': {'date': '2011-06-25T13:43:53.319Z', 'age': 12}, 'phone': '05-96-97-38-11', 'cell': '06-08-44-54-14', 'id': {'name': 'INSEE', 'value': '2441056494911 61'}, 'picture': {'large': 'https://randomuser.me/api/portraits/women/70.jpg', 'medium': 'https://randomuser.me/api/portraits/med/women/70.jpg', 'thumbnail': 'https://randomuser.me/api/portraits/thumb/women/70.jpg'}, 'nat': 'FR'}</msg>
<arg>${json_data['results'][0]}</arg>
<doc>Logs the given message with the given level.</doc>
<status status="PASS" start="2024-06-23T01:10:02.736616" elapsed="0.000410"/>
</kw>
<kw name="Log" owner="BuiltIn">
<msg time="2024-06-23T01:10:02.737448" level="INFO">gender</msg>
<arg>${key}</arg>
<doc>Logs the given message with the given level.</doc>
<status status="PASS" start="2024-06-23T01:10:02.737322" elapsed="0.000164"/>
</kw>
<var name="${key}">gender</var>
<status status="PASS" start="2024-06-23T01:10:02.735875" elapsed="0.001824"/>
</iter>
<iter>
<kw name="Dictionary Should Contain Key" owner="Collections">
<arg>${json_data['results'][0]}</arg>
<arg>${key}</arg>
<doc>Fails if ``key`` is not found from ``dictionary``.</doc>
<status status="PASS" start="2024-06-23T01:10:02.737994" elapsed="0.000390"/>
</kw>
<kw name="Log" owner="BuiltIn">
<msg time="2024-06-23T01:10:02.738951" level="INFO">{'gender': 'female', 'name': {'title': 'Miss', 'first': 'Maëlys', 'last': 'Morin'}, 'location': {'street': {'number': 9569, 'name': 'Rue de la Gare'}, 'city': 'Champigny-sur-Marne', 'state': 'Manche', 'country': 'France', 'postcode': 97256, 'coordinates': {'latitude': '-13.9721', 'longitude': '21.3732'}, 'timezone': {'offset': '-5:00', 'description': 'Eastern Time (US &amp; Canada), Bogota, Lima'}}, 'email': 'maelys.morin@example.com', 'login': {'uuid': 'cb13fa3a-f598-4c94-b8bc-3e07beebfc5c', 'username': 'smallelephant929', 'password': 'quincy', 'salt': 'wMGWLqRG', 'md5': '424f3969dcd8d879b0d26e5bfc6209ae', 'sha1': '450a4b87b748b0377aa9af869a2a04e901d8e54b', 'sha256': '16169c47590d05d238e0f2a7361abc28ff19a631ecd1fcd598f6572cce21e21b'}, 'dob': {'date': '1944-11-06T21:50:20.047Z', 'age': 79}, 'registered': {'date': '2011-06-25T13:43:53.319Z', 'age': 12}, 'phone': '05-96-97-38-11', 'cell': '06-08-44-54-14', 'id': {'name': 'INSEE', 'value': '2441056494911 61'}, 'picture': {'large': 'https://randomuser.me/api/portraits/women/70.jpg', 'medium': 'https://randomuser.me/api/portraits/med/women/70.jpg', 'thumbnail': 'https://randomuser.me/api/portraits/thumb/women/70.jpg'}, 'nat': 'FR'}</msg>
<arg>${json_data['results'][0]}</arg>
<doc>Logs the given message with the given level.</doc>
<status status="PASS" start="2024-06-23T01:10:02.738594" elapsed="0.000407"/>
</kw>
<kw name="Log" owner="BuiltIn">
<msg time="2024-06-23T01:10:02.739421" level="INFO">name</msg>
<arg>${key}</arg>
<doc>Logs the given message with the given level.</doc>
<status status="PASS" start="2024-06-23T01:10:02.739293" elapsed="0.000164"/>
</kw>
<var name="${key}">name</var>
<status status="PASS" start="2024-06-23T01:10:02.737884" elapsed="0.001785"/>
</iter>
<iter>
<kw name="Dictionary Should Contain Key" owner="Collections">
<arg>${json_data['results'][0]}</arg>
<arg>${key}</arg>
<doc>Fails if ``key`` is not found from ``dictionary``.</doc>
<status status="PASS" start="2024-06-23T01:10:02.739968" elapsed="0.000387"/>
</kw>
<kw name="Log" owner="BuiltIn">
<msg time="2024-06-23T01:10:02.740883" level="INFO">{'gender': 'female', 'name': {'title': 'Miss', 'first': 'Maëlys', 'last': 'Morin'}, 'location': {'street': {'number': 9569, 'name': 'Rue de la Gare'}, 'city': 'Champigny-sur-Marne', 'state': 'Manche', 'country': 'France', 'postcode': 97256, 'coordinates': {'latitude': '-13.9721', 'longitude': '21.3732'}, 'timezone': {'offset': '-5:00', 'description': 'Eastern Time (US &amp; Canada), Bogota, Lima'}}, 'email': 'maelys.morin@example.com', 'login': {'uuid': 'cb13fa3a-f598-4c94-b8bc-3e07beebfc5c', 'username': 'smallelephant929', 'password': 'quincy', 'salt': 'wMGWLqRG', 'md5': '424f3969dcd8d879b0d26e5bfc6209ae', 'sha1': '450a4b87b748b0377aa9af869a2a04e901d8e54b', 'sha256': '16169c47590d05d238e0f2a7361abc28ff19a631ecd1fcd598f6572cce21e21b'}, 'dob': {'date': '1944-11-06T21:50:20.047Z', 'age': 79}, 'registered': {'date': '2011-06-25T13:43:53.319Z', 'age': 12}, 'phone': '05-96-97-38-11', 'cell': '06-08-44-54-14', 'id': {'name': 'INSEE', 'value': '2441056494911 61'}, 'picture': {'large': 'https://randomuser.me/api/portraits/women/70.jpg', 'medium': 'https://randomuser.me/api/portraits/med/women/70.jpg', 'thumbnail': 'https://randomuser.me/api/portraits/thumb/women/70.jpg'}, 'nat': 'FR'}</msg>
<arg>${json_data['results'][0]}</arg>
<doc>Logs the given message with the given level.</doc>
<status status="PASS" start="2024-06-23T01:10:02.740535" elapsed="0.000398"/>
</kw>
<kw name="Log" owner="BuiltIn">
<msg time="2024-06-23T01:10:02.741353" level="INFO">location</msg>
<arg>${key}</arg>
<doc>Logs the given message with the given level.</doc>
<status status="PASS" start="2024-06-23T01:10:02.741219" elapsed="0.000170"/>
</kw>
<var name="${key}">location</var>
<status status="PASS" start="2024-06-23T01:10:02.739841" elapsed="0.001759"/>
</iter>
<iter>
<kw name="Dictionary Should Contain Key" owner="Collections">
<arg>${json_data['results'][0]}</arg>
<arg>${key}</arg>
<doc>Fails if ``key`` is not found from ``dictionary``.</doc>
<status status="PASS" start="2024-06-23T01:10:02.741872" elapsed="0.000373"/>
</kw>
<kw name="Log" owner="BuiltIn">
<msg time="2024-06-23T01:10:02.742805" level="INFO">{'gender': 'female', 'name': {'title': 'Miss', 'first': 'Maëlys', 'last': 'Morin'}, 'location': {'street': {'number': 9569, 'name': 'Rue de la Gare'}, 'city': 'Champigny-sur-Marne', 'state': 'Manche', 'country': 'France', 'postcode': 97256, 'coordinates': {'latitude': '-13.9721', 'longitude': '21.3732'}, 'timezone': {'offset': '-5:00', 'description': 'Eastern Time (US &amp; Canada), Bogota, Lima'}}, 'email': 'maelys.morin@example.com', 'login': {'uuid': 'cb13fa3a-f598-4c94-b8bc-3e07beebfc5c', 'username': 'smallelephant929', 'password': 'quincy', 'salt': 'wMGWLqRG', 'md5': '424f3969dcd8d879b0d26e5bfc6209ae', 'sha1': '450a4b87b748b0377aa9af869a2a04e901d8e54b', 'sha256': '16169c47590d05d238e0f2a7361abc28ff19a631ecd1fcd598f6572cce21e21b'}, 'dob': {'date': '1944-11-06T21:50:20.047Z', 'age': 79}, 'registered': {'date': '2011-06-25T13:43:53.319Z', 'age': 12}, 'phone': '05-96-97-38-11', 'cell': '06-08-44-54-14', 'id': {'name': 'INSEE', 'value': '2441056494911 61'}, 'picture': {'large': 'https://randomuser.me/api/portraits/women/70.jpg', 'medium': 'https://randomuser.me/api/portraits/med/women/70.jpg', 'thumbnail': 'https://randomuser.me/api/portraits/thumb/women/70.jpg'}, 'nat': 'FR'}</msg>
<arg>${json_data['results'][0]}</arg>
<doc>Logs the given message with the given level.</doc>
<status status="PASS" start="2024-06-23T01:10:02.742434" elapsed="0.000432"/>
</kw>
<kw name="Log" owner="BuiltIn">
<msg time="2024-06-23T01:10:02.743283" level="INFO">email</msg>
<arg>${key}</arg>
<doc>Logs the given message with the given level.</doc>
<status status="PASS" start="2024-06-23T01:10:02.743157" elapsed="0.000163"/>
</kw>
<var name="${key}">email</var>
<status status="PASS" start="2024-06-23T01:10:02.741767" elapsed="0.001765"/>
</iter>
<iter>
<kw name="Dictionary Should Contain Key" owner="Collections">
<arg>${json_data['results'][0]}</arg>
<arg>${key}</arg>
<doc>Fails if ``key`` is not found from ``dictionary``.</doc>
<status status="PASS" start="2024-06-23T01:10:02.743804" elapsed="0.000405"/>
</kw>
<kw name="Log" owner="BuiltIn">
<msg time="2024-06-23T01:10:02.744735" level="INFO">{'gender': 'female', 'name': {'title': 'Miss', 'first': 'Maëlys', 'last': 'Morin'}, 'location': {'street': {'number': 9569, 'name': 'Rue de la Gare'}, 'city': 'Champigny-sur-Marne', 'state': 'Manche', 'country': 'France', 'postcode': 97256, 'coordinates': {'latitude': '-13.9721', 'longitude': '21.3732'}, 'timezone': {'offset': '-5:00', 'description': 'Eastern Time (US &amp; Canada), Bogota, Lima'}}, 'email': 'maelys.morin@example.com', 'login': {'uuid': 'cb13fa3a-f598-4c94-b8bc-3e07beebfc5c', 'username': 'smallelephant929', 'password': 'quincy', 'salt': 'wMGWLqRG', 'md5': '424f3969dcd8d879b0d26e5bfc6209ae', 'sha1': '450a4b87b748b0377aa9af869a2a04e901d8e54b', 'sha256': '16169c47590d05d238e0f2a7361abc28ff19a631ecd1fcd598f6572cce21e21b'}, 'dob': {'date': '1944-11-06T21:50:20.047Z', 'age': 79}, 'registered': {'date': '2011-06-25T13:43:53.319Z', 'age': 12}, 'phone': '05-96-97-38-11', 'cell': '06-08-44-54-14', 'id': {'name': 'INSEE', 'value': '2441056494911 61'}, 'picture': {'large': 'https://randomuser.me/api/portraits/women/70.jpg', 'medium': 'https://randomuser.me/api/portraits/med/women/70.jpg', 'thumbnail': 'https://randomuser.me/api/portraits/thumb/women/70.jpg'}, 'nat': 'FR'}</msg>
<arg>${json_data['results'][0]}</arg>
<doc>Logs the given message with the given level.</doc>
<status status="PASS" start="2024-06-23T01:10:02.744388" elapsed="0.000396"/>
</kw>
<kw name="Log" owner="BuiltIn">
<msg time="2024-06-23T01:10:02.745204" level="INFO">login</msg>
<arg>${key}</arg>
<doc>Logs the given message with the given level.</doc>
<status status="PASS" start="2024-06-23T01:10:02.745074" elapsed="0.000167"/>
</kw>
<var name="${key}">login</var>
<status status="PASS" start="2024-06-23T01:10:02.743699" elapsed="0.001752"/>
</iter>
<var>${key}</var>
<value>@{expected_keys}</value>
<status status="PASS" start="2024-06-23T01:10:02.735673" elapsed="0.009919"/>
</for>
<kw name="Create List" owner="BuiltIn">
<msg time="2024-06-23T01:10:02.745916" level="INFO">${expected_keysTwo} = ['username', 'password']</msg>
<var>${expected_keysTwo}</var>
<arg>username</arg>
<arg>password</arg>
<doc>Returns a list containing given items.</doc>
<status status="PASS" start="2024-06-23T01:10:02.745784" elapsed="0.000155"/>
</kw>
<for flavor="IN">
<iter>
<kw name="Dictionary Should Contain Key" owner="Collections">
<arg>${json_data['results'][0]['login']}</arg>
<arg>${keyTwo}</arg>
<doc>Fails if ``key`` is not found from ``dictionary``.</doc>
<status status="PASS" start="2024-06-23T01:10:02.746424" elapsed="0.000386"/>
</kw>
<kw name="Dictionary Should Contain Key" owner="Collections">
<arg>${json_data['results'][0]['login']}</arg>
<arg>${keyTwo}</arg>
<doc>Fails if ``key`` is not found from ``dictionary``.</doc>
<status status="PASS" start="2024-06-23T01:10:02.746987" elapsed="0.000372"/>
</kw>
<kw name="Log" owner="BuiltIn">
<msg time="2024-06-23T01:10:02.747650" level="INFO">username</msg>
<arg>${keyTwo}</arg>
<doc>Logs the given message with the given level.</doc>
<status status="PASS" start="2024-06-23T01:10:02.747532" elapsed="0.000155"/>
</kw>
<var name="${keyTwo}">username</var>
<status status="PASS" start="2024-06-23T01:10:02.746319" elapsed="0.001610"/>
</iter>
<iter>
<kw name="Dictionary Should Contain Key" owner="Collections">
<arg>${json_data['results'][0]['login']}</arg>
<arg>${keyTwo}</arg>
<doc>Fails if ``key`` is not found from ``dictionary``.</doc>
<status status="PASS" start="2024-06-23T01:10:02.748212" elapsed="0.000380"/>
</kw>
<kw name="Dictionary Should Contain Key" owner="Collections">
<arg>${json_data['results'][0]['login']}</arg>
<arg>${keyTwo}</arg>
<doc>Fails if ``key`` is not found from ``dictionary``.</doc>
<status status="PASS" start="2024-06-23T01:10:02.748766" elapsed="0.000378"/>
</kw>
<kw name="Log" owner="BuiltIn">
<msg time="2024-06-23T01:10:02.749432" level="INFO">password</msg>
<arg>${keyTwo}</arg>
<doc>Logs the given message with the given level.</doc>
<status status="PASS" start="2024-06-23T01:10:02.749315" elapsed="0.000153"/>
</kw>
<var name="${keyTwo}">password</var>
<status status="PASS" start="2024-06-23T01:10:02.748106" elapsed="0.001575"/>
</iter>
<var>${keyTwo}</var>
<value>@{expected_keysTwo}</value>
<status status="PASS" start="2024-06-23T01:10:02.746169" elapsed="0.003626"/>
</for>
<status status="PASS" start="2024-06-23T01:10:02.606984" elapsed="0.142949"/>
</kw>
<doc>Testa a estrutura da resposta da API.</doc>
<tag>testeEstruturaResposta</tag>
<status status="PASS" start="2024-06-23T01:10:02.606348" elapsed="0.143736"/>
</test>
<test id="s1-s1-t4" name="Validar tipos de dados" line="28">
<kw name="Teste de Tipos de Dados" owner="random-user-service">
<kw name="GET On Session" owner="RequestsLibrary">
<msg time="2024-06-23T01:10:02.869641" level="INFO">GET Request : url=https://randomuser.me/api 
 path_url=/api 
 headers={'User-Agent': 'python-requests/2.32.3', 'Accept-Encoding': 'gzip, deflate', 'Accept': '*/*', 'Connection': 'keep-alive'} 
 body=None 
 </msg>
<msg time="2024-06-23T01:10:02.869721" level="INFO">GET Response : url=https://randomuser.me/api 
 status=200, reason=OK 
 headers={'Date': 'Sun, 23 Jun 2024 01:10:02 GMT', 'Content-Type': 'application/json; charset=utf-8', 'Transfer-Encoding': 'chunked', 'Connection': 'keep-alive', 'X-Powered-By': 'Express', 'Access-Control-Allow-Origin': '*', 'Cache-Control': 'no-cache', 'ETag': 'W/"493-6AnQTydW4mB+c1AzRp/gqwGQLS0"', 'Vary': 'Accept-Encoding', 'Content-Encoding': 'gzip', 'CF-Cache-Status': 'DYNAMIC', 'Report-To': '{"endpoints":[{"url":"https:\\/\\/a.nel.cloudflare.com\\/report\\/v4?s=nAPMqIzcfy8%2FAJVoMuANUsgRjofjkwTEmCTNkiNKJ06A%2F8%2F6p4MqkKZoKFne1BpHR1R14HBgNWBZq5Hd03iO5rGh%2Bc7jMHokpIlqoIMJQHsOVjEaseUmVizCUgt4OcR2"}],"group":"cf-nel","max_age":604800}', 'NEL': '{"success_fraction":0,"report_to":"cf-nel","max_age":604800}', 'Server': 'cloudflare', 'CF-RAY': '8980989b3c419698-SJC', 'alt-svc': 'h3=":443"; ma=86400'} 
 body={"results":[{"gender":"female","name":{"title":"Miss","first":"Alberte","last":"Johansen"},"location":{"street":{"number":7030,"name":"Huginsvej"},"city":"Nørrebro","state":"Danmark","country":"Denmark","postcode":88427,"coordinates":{"latitude":"-39.0636","longitude":"114.1664"},"timezone":{"offset":"+3:00","description":"Baghdad, Riyadh, Moscow, St. Petersburg"}},"email":"alberte.johansen@example.com","login":{"uuid":"0408b590-d44b-42d2-92c8-be436a56be8b","username":"lazypanda925","password":"royal","salt":"srTkZjfk","md5":"c2dd710d4a46ea7c8650e6e9b4ecee63","sha1":"cbfc2d43a628831e209c23ead307c2c2190742ee","sha256":"214e02f84c77847f8b6186dcd31839464452f93f9d905bf6807973c309d3cbf8"},"dob":{"date":"1961-09-25T06:28:15.152Z","age":62},"registered":{"date":"2006-10-15T04:02:13.034Z","age":17},"phone":"63478562","cell":"75421098","id":{"name":"CPR","value":"250961-2559"},"picture":{"large":"https://randomuser.me/api/portraits/women/39.jpg","medium":"https://randomuser.me/api/portraits/med/women/39.jpg","thumbnail":"https://randomuser.me/api/portraits/thumb/women/39.jpg"},"nat":"DK"}],"info":{"seed":"f1d3b57dcdccbffd","results":1,"page":1,"version":"1.4"}} 
 </msg>
<msg time="2024-06-23T01:10:02.869791" level="INFO">/opt/hostedtoolcache/Python/3.12.4/x64/lib/python3.12/site-packages/urllib3/connectionpool.py:1099: InsecureRequestWarning: Unverified HTTPS request is being made to host 'randomuser.me'. Adding certificate verification is strongly advised. See: https://urllib3.readthedocs.io/en/latest/advanced-usage.html#tls-warnings
  warnings.warn(</msg>
<msg time="2024-06-23T01:10:02.869886" level="INFO">${response} = &lt;Response [200]&gt;</msg>
<var>${response}</var>
<arg>consultarAPI</arg>
<arg>/api</arg>
<doc>Sends a GET request on a previously created HTTP Session.</doc>
<status status="PASS" start="2024-06-23T01:10:02.752734" elapsed="0.117198"/>
</kw>
<kw name="Set Variable" owner="BuiltIn">
<msg time="2024-06-23T01:10:02.871003" level="INFO">${json_data} = {'results': [{'gender': 'female', 'name': {'title': 'Miss', 'first': 'Alberte', 'last': 'Johansen'}, 'location': {'street': {'number': 7030, 'name': 'Huginsvej'}, 'city': 'Nørrebro', 'state': 'Danmark...</msg>
<var>${json_data}</var>
<arg>${response.json()}</arg>
<doc>Returns the given values which can then be assigned to a variables.</doc>
<status status="PASS" start="2024-06-23T01:10:02.870420" elapsed="0.000612"/>
</kw>
<kw name="Log" owner="BuiltIn">
<msg time="2024-06-23T01:10:02.871485" level="INFO">{'results': [{'gender': 'female', 'name': {'title': 'Miss', 'first': 'Alberte', 'last': 'Johansen'}, 'location': {'street': {'number': 7030, 'name': 'Huginsvej'}, 'city': 'Nørrebro', 'state': 'Danmark', 'country': 'Denmark', 'postcode': 88427, 'coordinates': {'latitude': '-39.0636', 'longitude': '114.1664'}, 'timezone': {'offset': '+3:00', 'description': 'Baghdad, Riyadh, Moscow, St. Petersburg'}}, 'email': 'alberte.johansen@example.com', 'login': {'uuid': '0408b590-d44b-42d2-92c8-be436a56be8b', 'username': 'lazypanda925', 'password': 'royal', 'salt': 'srTkZjfk', 'md5': 'c2dd710d4a46ea7c8650e6e9b4ecee63', 'sha1': 'cbfc2d43a628831e209c23ead307c2c2190742ee', 'sha256': '214e02f84c77847f8b6186dcd31839464452f93f9d905bf6807973c309d3cbf8'}, 'dob': {'date': '1961-09-25T06:28:15.152Z', 'age': 62}, 'registered': {'date': '2006-10-15T04:02:13.034Z', 'age': 17}, 'phone': '63478562', 'cell': '75421098', 'id': {'name': 'CPR', 'value': '250961-2559'}, 'picture': {'large': 'https://randomuser.me/api/portraits/women/39.jpg', 'medium': 'https://randomuser.me/api/portraits/med/women/39.jpg', 'thumbnail': 'https://randomuser.me/api/portraits/thumb/women/39.jpg'}, 'nat': 'DK'}], 'info': {'seed': 'f1d3b57dcdccbffd', 'results': 1, 'page': 1, 'version': '1.4'}}</msg>
<arg>${json_data}</arg>
<doc>Logs the given message with the given level.</doc>
<status status="PASS" start="2024-06-23T01:10:02.871331" elapsed="0.000201"/>
</kw>
<kw name="Should Be String" owner="String">
<arg>${json_data['results'][0]['gender']}</arg>
<doc>Fails if the given ``item`` is not a string.</doc>
<status status="PASS" start="2024-06-23T01:10:02.871828" elapsed="0.000436"/>
</kw>
<kw name="Should Match Regexp" owner="BuiltIn">
<arg>${json_data['results'][0]['email']}</arg>
<arg>^[a-zA-Z0-9._%+-]+@[a-zA-Z0-9.-]+\.[a-zA-Z]{2,}$</arg>
<doc>Fails if ``string`` does not match ``pattern`` as a regular expression.</doc>
<status status="PASS" start="2024-06-23T01:10:02.872461" elapsed="0.000524"/>
</kw>
<kw name="Should Match Regexp" owner="BuiltIn">
<arg>${json_data['results'][0]['dob']['date']}</arg>
<arg>\\d{4}-\\d{2}-\\d{2}T\\d{2}:\\d{2}:\\d{2}\\.\\d{3}Z</arg>
<doc>Fails if ``string`` does not match ``pattern`` as a regular expression.</doc>
<status status="PASS" start="2024-06-23T01:10:02.873176" elapsed="0.000484"/>
</kw>
<kw name="Should Match Regexp" owner="BuiltIn">
<arg>${json_data['results'][0]['registered']['date']}</arg>
<arg>\\d{4}-\\d{2}-\\d{2}T\\d{2}:\\d{2}:\\d{2}\\.\\d{3}Z</arg>
<doc>Fails if ``string`` does not match ``pattern`` as a regular expression.</doc>
<status status="PASS" start="2024-06-23T01:10:02.873847" elapsed="0.000361"/>
</kw>
<kw name="Should Match Regexp" owner="BuiltIn">
<arg>${json_data['results'][0]['picture']['large']}</arg>
<arg>^https?://.*\.(?:png|jpe?g|gif|bmp)$</arg>
<doc>Fails if ``string`` does not match ``pattern`` as a regular expression.</doc>
<status status="PASS" start="2024-06-23T01:10:02.874388" elapsed="0.000455"/>
</kw>
<kw name="Should Match Regexp" owner="BuiltIn">
<arg>${json_data['results'][0]['picture']['medium']}</arg>
<arg>^https?://.*\.(?:png|jpe?g|gif|bmp)$</arg>
<doc>Fails if ``string`` does not match ``pattern`` as a regular expression.</doc>
<status status="PASS" start="2024-06-23T01:10:02.875027" elapsed="0.000355"/>
</kw>
<kw name="Should Match Regexp" owner="BuiltIn">
<arg>${json_data['results'][0]['picture']['thumbnail']}</arg>
<arg>^https?://.*\.(?:png|jpe?g|gif|bmp)$</arg>
<doc>Fails if ``string`` does not match ``pattern`` as a regular expression.</doc>
<status status="PASS" start="2024-06-23T01:10:02.875561" elapsed="0.000377"/>
</kw>
<kw name="Log" owner="BuiltIn">
<msg time="2024-06-23T01:10:02.876452" level="INFO">{'large': 'https://randomuser.me/api/portraits/women/39.jpg', 'medium': 'https://randomuser.me/api/portraits/med/women/39.jpg', 'thumbnail': 'https://randomuser.me/api/portraits/thumb/women/39.jpg'}</msg>
<arg>${json_data['results'][0]['picture']}</arg>
<doc>Logs the given message with the given level.</doc>
<status status="PASS" start="2024-06-23T01:10:02.876126" elapsed="0.000367"/>
</kw>
<status status="PASS" start="2024-06-23T01:10:02.752499" elapsed="0.124245"/>
</kw>
<kw name="Teste de Tipos de Dados - Postcode" owner="random-user-service">
<kw name="GET On Session" owner="RequestsLibrary">
<msg time="2024-06-23T01:10:03.003991" level="INFO">GET Request : url=https://randomuser.me/api 
 path_url=/api 
 headers={'User-Agent': 'python-requests/2.32.3', 'Accept-Encoding': 'gzip, deflate', 'Accept': '*/*', 'Connection': 'keep-alive'} 
 body=None 
 </msg>
<msg time="2024-06-23T01:10:03.004057" level="INFO">GET Response : url=https://randomuser.me/api 
 status=200, reason=OK 
 headers={'Date': 'Sun, 23 Jun 2024 01:10:03 GMT', 'Content-Type': 'application/json; charset=utf-8', 'Transfer-Encoding': 'chunked', 'Connection': 'keep-alive', 'X-Powered-By': 'Express', 'Access-Control-Allow-Origin': '*', 'Cache-Control': 'no-cache', 'ETag': 'W/"495-Trz9jngslMCEkpVGPCNa9/VJsf0"', 'Vary': 'Accept-Encoding', 'Content-Encoding': 'gzip', 'CF-Cache-Status': 'DYNAMIC', 'Report-To': '{"endpoints":[{"url":"https:\\/\\/a.nel.cloudflare.com\\/report\\/v4?s=t7oFBYhoi5zMRCg98NMyL38gTCYrXR428FNba0aJRvwIVKY9niyNyCAtZdpy0bFrMj3nhh2TpRJ6JP3yVAut591lRdC4UGWiMeH23Jmdq5G42ijsbNAnXfZ8NC8PLMCx"}],"group":"cf-nel","max_age":604800}', 'NEL': '{"success_fraction":0,"report_to":"cf-nel","max_age":604800}', 'Server': 'cloudflare', 'CF-RAY': '8980989bfcbb9698-SJC', 'alt-svc': 'h3=":443"; ma=86400'} 
 body={"results":[{"gender":"female","name":{"title":"Miss","first":"Marcia","last":"Boyd"},"location":{"street":{"number":2929,"name":"Northaven Rd"},"city":"Toowoomba","state":"Queensland","country":"Australia","postcode":3238,"coordinates":{"latitude":"-84.4058","longitude":"11.4437"},"timezone":{"offset":"+3:00","description":"Baghdad, Riyadh, Moscow, St. Petersburg"}},"email":"marcia.boyd@example.com","login":{"uuid":"a11848d7-5575-47b9-aa29-59070a7e8d71","username":"purplefrog650","password":"brandy1","salt":"vCtCTJ7M","md5":"15d1d9f1c638db00b2c5b88bb983d148","sha1":"f6462b69a38a03fec42a1960a60ad6c8a8f0c9d2","sha256":"2a24eafe45a753f1dfaff35762115320e9818b815a24569b0f59ec5b276b8ce9"},"dob":{"date":"1946-11-11T16:04:03.962Z","age":77},"registered":{"date":"2012-01-02T19:52:46.420Z","age":12},"phone":"06-4958-4011","cell":"0485-075-492","id":{"name":"TFN","value":"975982483"},"picture":{"large":"https://randomuser.me/api/portraits/women/1.jpg","medium":"https://randomuser.me/api/portraits/med/women/1.jpg","thumbnail":"https://randomuser.me/api/portraits/thumb/women/1.jpg"},"nat":"AU"}],"info":{"seed":"e440c1d9680a5da9","results":1,"page":1,"version":"1.4"}} 
 </msg>
<msg time="2024-06-23T01:10:03.004115" level="INFO">/opt/hostedtoolcache/Python/3.12.4/x64/lib/python3.12/site-packages/urllib3/connectionpool.py:1099: InsecureRequestWarning: Unverified HTTPS request is being made to host 'randomuser.me'. Adding certificate verification is strongly advised. See: https://urllib3.readthedocs.io/en/latest/advanced-usage.html#tls-warnings
  warnings.warn(</msg>
<msg time="2024-06-23T01:10:03.004209" level="INFO">${response} = &lt;Response [200]&gt;</msg>
<var>${response}</var>
<arg>consultarAPI</arg>
<arg>/api</arg>
<doc>Sends a GET request on a previously created HTTP Session.</doc>
<status status="PASS" start="2024-06-23T01:10:02.877166" elapsed="0.127082"/>
</kw>
<kw name="Set Variable" owner="BuiltIn">
<msg time="2024-06-23T01:10:03.005277" level="INFO">${json_data} = {'results': [{'gender': 'female', 'name': {'title': 'Miss', 'first': 'Marcia', 'last': 'Boyd'}, 'location': {'street': {'number': 2929, 'name': 'Northaven Rd'}, 'city': 'Toowoomba', 'state': 'Queensla...</msg>
<var>${json_data}</var>
<arg>${response.json()}</arg>
<doc>Returns the given values which can then be assigned to a variables.</doc>
<status status="PASS" start="2024-06-23T01:10:03.004705" elapsed="0.000600"/>
</kw>
<kw name="Log" owner="BuiltIn">
<msg time="2024-06-23T01:10:03.005750" level="INFO">{'results': [{'gender': 'female', 'name': {'title': 'Miss', 'first': 'Marcia', 'last': 'Boyd'}, 'location': {'street': {'number': 2929, 'name': 'Northaven Rd'}, 'city': 'Toowoomba', 'state': 'Queensland', 'country': 'Australia', 'postcode': 3238, 'coordinates': {'latitude': '-84.4058', 'longitude': '11.4437'}, 'timezone': {'offset': '+3:00', 'description': 'Baghdad, Riyadh, Moscow, St. Petersburg'}}, 'email': 'marcia.boyd@example.com', 'login': {'uuid': 'a11848d7-5575-47b9-aa29-59070a7e8d71', 'username': 'purplefrog650', 'password': 'brandy1', 'salt': 'vCtCTJ7M', 'md5': '15d1d9f1c638db00b2c5b88bb983d148', 'sha1': 'f6462b69a38a03fec42a1960a60ad6c8a8f0c9d2', 'sha256': '2a24eafe45a753f1dfaff35762115320e9818b815a24569b0f59ec5b276b8ce9'}, 'dob': {'date': '1946-11-11T16:04:03.962Z', 'age': 77}, 'registered': {'date': '2012-01-02T19:52:46.420Z', 'age': 12}, 'phone': '06-4958-4011', 'cell': '0485-075-492', 'id': {'name': 'TFN', 'value': '975982483'}, 'picture': {'large': 'https://randomuser.me/api/portraits/women/1.jpg', 'medium': 'https://randomuser.me/api/portraits/med/women/1.jpg', 'thumbnail': 'https://randomuser.me/api/portraits/thumb/women/1.jpg'}, 'nat': 'AU'}], 'info': {'seed': 'e440c1d9680a5da9', 'results': 1, 'page': 1, 'version': '1.4'}}</msg>
<arg>${json_data}</arg>
<doc>Logs the given message with the given level.</doc>
<status status="PASS" start="2024-06-23T01:10:03.005600" elapsed="0.000195"/>
</kw>
<kw name="Should Be Equal As Numbers" owner="BuiltIn">
<arg>${json_data['results'][0]['location']['postcode']}</arg>
<arg>${json_data['results'][0]['location']['postcode']}</arg>
<doc>Fails if objects are unequal after converting them to real numbers.</doc>
<status status="PASS" start="2024-06-23T01:10:03.006077" elapsed="0.000626"/>
</kw>
<kw name="Log" owner="BuiltIn">
<msg time="2024-06-23T01:10:03.007253" level="INFO">3238</msg>
<arg>${json_data['results'][0]['location']['postcode']}</arg>
<doc>Logs the given message with the given level.</doc>
<status status="PASS" start="2024-06-23T01:10:03.006921" elapsed="0.000371"/>
</kw>
<status status="PASS" start="2024-06-23T01:10:02.876953" elapsed="0.130583"/>
</kw>
<doc>Testa se os tipos de dados na resposta da API estão corretos.</doc>
<tag>testeTiposDados</tag>
<status status="PASS" start="2024-06-23T01:10:02.751813" elapsed="0.255884"/>
</test>
<test id="s1-s1-t5" name="Validar conteudo" line="35">
<kw name="Teste de Tipos de Conteudo" owner="random-user-service">
<kw name="GET On Session" owner="RequestsLibrary">
<msg time="2024-06-23T01:10:03.104204" level="INFO">GET Request : url=https://randomuser.me/api 
 path_url=/api 
 headers={'User-Agent': 'python-requests/2.32.3', 'Accept-Encoding': 'gzip, deflate', 'Accept': '*/*', 'Connection': 'keep-alive'} 
 body=None 
 </msg>
<msg time="2024-06-23T01:10:03.104266" level="INFO">GET Response : url=https://randomuser.me/api 
 status=200, reason=OK 
 headers={'Date': 'Sun, 23 Jun 2024 01:10:03 GMT', 'Content-Type': 'application/json; charset=utf-8', 'Transfer-Encoding': 'chunked', 'Connection': 'keep-alive', 'X-Powered-By': 'Express', 'Access-Control-Allow-Origin': '*', 'Cache-Control': 'no-cache', 'ETag': 'W/"48d-ofbUJMYpDkHCvZbNUDL8v4RBV4k"', 'Vary': 'Accept-Encoding', 'Content-Encoding': 'gzip', 'CF-Cache-Status': 'DYNAMIC', 'Report-To': '{"endpoints":[{"url":"https:\\/\\/a.nel.cloudflare.com\\/report\\/v4?s=rmhAKPRmAtdbxXiOtQZQCy%2F7zmCkQDo2Sn0N5QtLh799d8GjWxxX6KT6%2BqWHZqzodo8Y3FzlSEozo4v0Q8j7pLdjIH5xf5ifKbvAlTzZzYLLDH5rNtl7iGH0nXPzD1NV"}],"group":"cf-nel","max_age":604800}', 'NEL': '{"success_fraction":0,"report_to":"cf-nel","max_age":604800}', 'Server': 'cloudflare', 'CF-RAY': '8980989cdd329698-SJC', 'alt-svc': 'h3=":443"; ma=86400'} 
 body={"results":[{"gender":"male","name":{"title":"Mr","first":"Ramon","last":"Bates"},"location":{"street":{"number":147,"name":"Cherry St"},"city":"Busselton","state":"Western Australia","country":"Australia","postcode":9405,"coordinates":{"latitude":"-89.8843","longitude":"-130.3529"},"timezone":{"offset":"+4:00","description":"Abu Dhabi, Muscat, Baku, Tbilisi"}},"email":"ramon.bates@example.com","login":{"uuid":"c09013ed-587f-4aa2-89ac-725a28ec57fc","username":"purplepeacock506","password":"medic","salt":"uGC7PPks","md5":"ed242424b63201bbe4f9f7801e462d27","sha1":"a48c7c0625f05366eb078b96aa7271d931ee9319","sha256":"14e4eb524728c920b911281718c09409f16e2a5a38a4522326ab1dd629113845"},"dob":{"date":"1955-02-06T15:15:46.024Z","age":69},"registered":{"date":"2008-09-15T19:33:26.973Z","age":15},"phone":"01-5873-4972","cell":"0401-354-782","id":{"name":"TFN","value":"617889860"},"picture":{"large":"https://randomuser.me/api/portraits/men/68.jpg","medium":"https://randomuser.me/api/portraits/med/men/68.jpg","thumbnail":"https://randomuser.me/api/portraits/thumb/men/68.jpg"},"nat":"AU"}],"info":{"seed":"d5c92ce50c79b313","results":1,"page":1,"version":"1.4"}} 
 </msg>
<msg time="2024-06-23T01:10:03.104331" level="INFO">/opt/hostedtoolcache/Python/3.12.4/x64/lib/python3.12/site-packages/urllib3/connectionpool.py:1099: InsecureRequestWarning: Unverified HTTPS request is being made to host 'randomuser.me'. Adding certificate verification is strongly advised. See: https://urllib3.readthedocs.io/en/latest/advanced-usage.html#tls-warnings
  warnings.warn(</msg>
<msg time="2024-06-23T01:10:03.104415" level="INFO">${response} = &lt;Response [200]&gt;</msg>
<var>${response}</var>
<arg>consultarAPI</arg>
<arg>/api</arg>
<doc>Sends a GET request on a previously created HTTP Session.</doc>
<status status="PASS" start="2024-06-23T01:10:03.010316" elapsed="0.094139"/>
</kw>
<kw name="Set Variable" owner="BuiltIn">
<msg time="2024-06-23T01:10:03.105456" level="INFO">${json_data} = {'results': [{'gender': 'male', 'name': {'title': 'Mr', 'first': 'Ramon', 'last': 'Bates'}, 'location': {'street': {'number': 147, 'name': 'Cherry St'}, 'city': 'Busselton', 'state': 'Western Australi...</msg>
<var>${json_data}</var>
<arg>${response.json()}</arg>
<doc>Returns the given values which can then be assigned to a variables.</doc>
<status status="PASS" start="2024-06-23T01:10:03.104898" elapsed="0.000586"/>
</kw>
<kw name="Set Variable" owner="BuiltIn">
<msg time="2024-06-23T01:10:03.106161" level="INFO">${name_title} = Mr</msg>
<var>${name_title}</var>
<arg>${json_data["results"][0]["name"]["title"]}</arg>
<doc>Returns the given values which can then be assigned to a variables.</doc>
<status status="PASS" start="2024-06-23T01:10:03.105782" elapsed="0.000404"/>
</kw>
<kw name="Create List" owner="BuiltIn">
<msg time="2024-06-23T01:10:03.106631" level="INFO">${allowed_titles} = ['Mr', 'Ms', 'Miss', 'Mrs', 'Madame', 'Monsieur']</msg>
<var>${allowed_titles}</var>
<arg>Mr</arg>
<arg>Ms</arg>
<arg>Miss</arg>
<arg>Mrs</arg>
<arg>Madame</arg>
<arg>Monsieur</arg>
<doc>Returns a list containing given items.</doc>
<status status="PASS" start="2024-06-23T01:10:03.106478" elapsed="0.000177"/>
</kw>
<kw name="List Should Contain Value" owner="Collections">
<arg>${allowed_titles}</arg>
<arg>${name_title}</arg>
<doc>Fails if the ``value`` is not found from ``list``.</doc>
<status status="PASS" start="2024-06-23T01:10:03.106982" elapsed="0.000173"/>
</kw>
<kw name="Set Variable" owner="BuiltIn">
<msg time="2024-06-23T01:10:03.107697" level="INFO">${name_country} = AU</msg>
<var>${name_country}</var>
<arg>${json_data["results"][0]["nat"]}</arg>
<doc>Returns the given values which can then be assigned to a variables.</doc>
<status status="PASS" start="2024-06-23T01:10:03.107331" elapsed="0.000390"/>
</kw>
<kw name="Create List" owner="BuiltIn">
<msg time="2024-06-23T01:10:03.108646" level="INFO">${list_country} = ['AD', 'AE', 'AF', 'AG', 'AI', 'AL', 'AM', 'AO', 'AQ', 'AR', 'AS', 'AT', 'AU', 'AW', 'AX', 'AZ', 'BA', 'BB', 'BD', 'BE', 'BF', 'BG', 'BH', 'BI', 'BJ', 'BL', 'BM', 'BN', 'BO', 'BQ', 'BR', 'BS', 'BT', '...</msg>
<var>${list_country}</var>
<arg>AD</arg>
<arg>AE</arg>
<arg>AF</arg>
<arg>AG</arg>
<arg>AI</arg>
<arg>AL</arg>
<arg>AM</arg>
<arg>AO</arg>
<arg>AQ</arg>
<arg>AR</arg>
<arg>AS</arg>
<arg>AT</arg>
<arg>AU</arg>
<arg>AW</arg>
<arg>AX</arg>
<arg>AZ</arg>
<arg>BA</arg>
<arg>BB</arg>
<arg>BD</arg>
<arg>BE</arg>
<arg>BF</arg>
<arg>BG</arg>
<arg>BH</arg>
<arg>BI</arg>
<arg>BJ</arg>
<arg>BL</arg>
<arg>BM</arg>
<arg>BN</arg>
<arg>BO</arg>
<arg>BQ</arg>
<arg>BR</arg>
<arg>BS</arg>
<arg>BT</arg>
<arg>BV</arg>
<arg>BW</arg>
<arg>BY</arg>
<arg>BZ</arg>
<arg>CA</arg>
<arg>CC</arg>
<arg>CD</arg>
<arg>CF</arg>
<arg>CG</arg>
<arg>CH</arg>
<arg>CI</arg>
<arg>CK</arg>
<arg>CL</arg>
<arg>CM</arg>
<arg>CN</arg>
<arg>CO</arg>
<arg>CR</arg>
<arg>CU</arg>
<arg>CV</arg>
<arg>CW</arg>
<arg>CX</arg>
<arg>CY</arg>
<arg>CZ</arg>
<arg>DE</arg>
<arg>DJ</arg>
<arg>DK</arg>
<arg>DM</arg>
<arg>DO</arg>
<arg>DZ</arg>
<arg>EC</arg>
<arg>EE</arg>
<arg>EG</arg>
<arg>EH</arg>
<arg>ER</arg>
<arg>ES</arg>
<arg>ET</arg>
<arg>FI</arg>
<arg>FJ</arg>
<arg>FK</arg>
<arg>FM</arg>
<arg>FO</arg>
<arg>FR</arg>
<arg>GA</arg>
<arg>GB</arg>
<arg>GD</arg>
<arg>GE</arg>
<arg>GF</arg>
<arg>GG</arg>
<arg>GH</arg>
<arg>GI</arg>
<arg>GL</arg>
<arg>GM</arg>
<arg>GN</arg>
<arg>GP</arg>
<arg>GQ</arg>
<arg>GR</arg>
<arg>GS</arg>
<arg>GT</arg>
<arg>GU</arg>
<arg>GW</arg>
<arg>GY</arg>
<arg>HK</arg>
<arg>HM</arg>
<arg>HN</arg>
<arg>HR</arg>
<arg>HT</arg>
<arg>HU</arg>
<arg>ID</arg>
<arg>IE</arg>
<arg>IL</arg>
<arg>IM</arg>
<arg>IN</arg>
<arg>IO</arg>
<arg>IQ</arg>
<arg>IR</arg>
<arg>IS</arg>
<arg>IT</arg>
<arg>JE</arg>
<arg>JM</arg>
<arg>JO</arg>
<arg>JP</arg>
<arg>KE</arg>
<arg>KG</arg>
<arg>KH</arg>
<arg>KI</arg>
<arg>KM</arg>
<arg>KN</arg>
<arg>KP</arg>
<arg>KR</arg>
<arg>KW</arg>
<arg>KY</arg>
<arg>KZ</arg>
<arg>LA</arg>
<arg>LB</arg>
<arg>LC</arg>
<arg>LI</arg>
<arg>LK</arg>
<arg>LR</arg>
<arg>LS</arg>
<arg>LT</arg>
<arg>LU</arg>
<arg>LV</arg>
<arg>LY</arg>
<arg>MA</arg>
<arg>MC</arg>
<arg>MD</arg>
<arg>ME</arg>
<arg>MF</arg>
<arg>MG</arg>
<arg>MH</arg>
<arg>MK</arg>
<arg>ML</arg>
<arg>MM</arg>
<arg>MN</arg>
<arg>MO</arg>
<arg>MP</arg>
<arg>MQ</arg>
<arg>MR</arg>
<arg>MS</arg>
<arg>MT</arg>
<arg>MU</arg>
<arg>MV</arg>
<arg>MW</arg>
<arg>MX</arg>
<arg>MY</arg>
<arg>MZ</arg>
<arg>NA</arg>
<arg>NC</arg>
<arg>NE</arg>
<arg>NF</arg>
<arg>NG</arg>
<arg>NI</arg>
<arg>NL</arg>
<arg>NO</arg>
<arg>NP</arg>
<arg>NR</arg>
<arg>NU</arg>
<arg>NZ</arg>
<arg>OM</arg>
<arg>PA</arg>
<arg>PE</arg>
<arg>PF</arg>
<arg>PG</arg>
<arg>PH</arg>
<arg>PK</arg>
<arg>PL</arg>
<arg>PM</arg>
<arg>PN</arg>
<arg>PR</arg>
<arg>PS</arg>
<arg>PT</arg>
<arg>PW</arg>
<arg>PY</arg>
<arg>QA</arg>
<arg>RE</arg>
<arg>RO</arg>
<arg>RS</arg>
<arg>RU</arg>
<arg>RW</arg>
<arg>SA</arg>
<arg>SB</arg>
<arg>SC</arg>
<arg>SD</arg>
<arg>SE</arg>
<arg>SG</arg>
<arg>SH</arg>
<arg>SI</arg>
<arg>SJ</arg>
<arg>SK</arg>
<arg>SL</arg>
<arg>SM</arg>
<arg>SN</arg>
<arg>SO</arg>
<arg>SR</arg>
<arg>SS</arg>
<arg>ST</arg>
<arg>SV</arg>
<arg>SX</arg>
<arg>SY</arg>
<arg>SZ</arg>
<arg>TC</arg>
<arg>TD</arg>
<arg>TF</arg>
<arg>TG</arg>
<arg>TH</arg>
<arg>TJ</arg>
<arg>TK</arg>
<arg>TL</arg>
<arg>TM</arg>
<arg>TN</arg>
<arg>TO</arg>
<arg>TR</arg>
<arg>TT</arg>
<arg>TV</arg>
<arg>TW</arg>
<arg>TZ</arg>
<arg>UA</arg>
<arg>UG</arg>
<arg>UM</arg>
<arg>US</arg>
<arg>UY</arg>
<arg>UZ</arg>
<arg>VA</arg>
<arg>VC</arg>
<arg>VE</arg>
<arg>VG</arg>
<arg>VI</arg>
<arg>VN</arg>
<arg>VU</arg>
<arg>WF</arg>
<arg>WS</arg>
<arg>XK</arg>
<arg>YE</arg>
<arg>YT</arg>
<arg>ZA</arg>
<arg>ZM</arg>
<arg>ZW</arg>
<doc>Returns a list containing given items.</doc>
<status status="PASS" start="2024-06-23T01:10:03.108045" elapsed="0.000626"/>
</kw>
<kw name="List Should Contain Value" owner="Collections">
<arg>${list_country}</arg>
<arg>${name_country}</arg>
<doc>Fails if the ``value`` is not found from ``list``.</doc>
<status status="PASS" start="2024-06-23T01:10:03.109473" elapsed="0.000199"/>
</kw>
<kw name="Run Keyword If" owner="BuiltIn">
<kw name="Should Be True" owner="BuiltIn">
<arg>${True}</arg>
<doc>Fails if the given condition is not true.</doc>
<status status="PASS" start="2024-06-23T01:10:03.110600" elapsed="0.000138"/>
</kw>
<arg>${json_data["results"][0]["location"]["coordinates"]["latitude"]} &gt;= -90 and ${json_data["results"][0]["location"]["coordinates"]["latitude"]} &lt;= 90</arg>
<arg>Should Be True</arg>
<arg>${True}</arg>
<doc>Runs the given keyword with the given arguments, if ``condition`` is true.</doc>
<status status="PASS" start="2024-06-23T01:10:03.109862" elapsed="0.001007"/>
</kw>
<kw name="Run Keyword If" owner="BuiltIn">
<kw name="Should Be True" owner="BuiltIn">
<arg>${True}</arg>
<doc>Fails if the given condition is not true.</doc>
<status status="PASS" start="2024-06-23T01:10:03.111803" elapsed="0.000164"/>
</kw>
<arg>${json_data["results"][0]["location"]["coordinates"]["longitude"]} &gt;= -180 and ${json_data["results"][0]["location"]["coordinates"]["longitude"]} &lt;= 180</arg>
<arg>Should Be True</arg>
<arg>${True}</arg>
<doc>Runs the given keyword with the given arguments, if ``condition`` is true.</doc>
<status status="PASS" start="2024-06-23T01:10:03.111112" elapsed="0.000980"/>
</kw>
<status status="PASS" start="2024-06-23T01:10:03.009964" elapsed="0.102255"/>
</kw>
<doc>Testa o conteúdo específico dos campos retornados pela API.</doc>
<tag>testeConteudo</tag>
<status status="PASS" start="2024-06-23T01:10:03.009465" elapsed="0.102891"/>
</test>
<status status="PASS" start="2024-06-23T01:10:02.074251" elapsed="1.040002"/>
</suite>
<status status="PASS" start="2024-06-23T01:10:02.059978" elapsed="1.059513"/>
</suite>
<statistics>
<total>
<stat pass="5" fail="0" skip="0">All Tests</stat>
</total>
<tag>
<stat pass="1" fail="0" skip="0">testeConteudo</stat>
<stat pass="1" fail="0" skip="0">testeEstruturaResposta</stat>
<stat pass="1" fail="0" skip="0">testeRequisicaoBasica</stat>
<stat pass="1" fail="0" skip="0">testeTiposDados</stat>
</tag>
<suite>
<stat pass="5" fail="0" skip="0" id="s1" name="Tests">Tests</stat>
<stat pass="5" fail="0" skip="0" id="s1-s1" name="Random-User-Test">Tests.Random-User-Test</stat>
</suite>
</statistics>
<errors>
</errors>
</robot>
