<?xml version="1.0" encoding="UTF-8"?>
<robot generator="Robot 7.0.1 (Python 3.12.3 on linux)" generated="2024-06-17T02:34:22.868919" rpa="false" schemaversion="5">
<suite id="s1" name="Tests" source="/home/runner/work/ApiRandomUser/ApiRandomUser/RamdonUser/tests">
<suite id="s1-s1" name="Random-User-Test" source="/home/runner/work/ApiRandomUser/ApiRandomUser/RamdonUser/tests/random-user-test.robot">
<test id="s1-s1-t1" name="Conectar" line="13">
<kw name="Conectar API" owner="random-user-service">
<kw name="Create Session" owner="RequestsLibrary">
<msg time="2024-06-17T02:34:23.280940" level="INFO">Creating Session using : alias=consultarAPI, url=https://randomuser.me/, headers={},                     cookies={}, auth=None, timeout=None, proxies=None, verify=False,                     debug=0 </msg>
<arg>consultarAPI</arg>
<arg>${URL}</arg>
<doc>Create Session: create a HTTP session to a server</doc>
<status status="PASS" start="2024-06-17T02:34:23.280717" elapsed="0.000401"/>
</kw>
<status status="PASS" start="2024-06-17T02:34:23.279701" elapsed="0.001773"/>
</kw>
<status status="PASS" start="2024-06-17T02:34:23.279099" elapsed="0.002568"/>
</test>
<test id="s1-s1-t2" name="Validar retorno 200 e JSON Válido" line="16">
<kw name="Teste de Requisicao Basica" owner="random-user-service">
<kw name="GET On Session" owner="RequestsLibrary">
<msg time="2024-06-17T02:34:23.460616" level="INFO">GET Request : url=https://randomuser.me/api 
 path_url=/api 
 headers={'User-Agent': 'python-requests/2.32.3', 'Accept-Encoding': 'gzip, deflate', 'Accept': '*/*', 'Connection': 'keep-alive'} 
 body=None 
 </msg>
<msg time="2024-06-17T02:34:23.460782" level="INFO">GET Response : url=https://randomuser.me/api 
 status=200, reason=OK 
 headers={'Date': 'Mon, 17 Jun 2024 02:34:23 GMT', 'Content-Type': 'application/json; charset=utf-8', 'Transfer-Encoding': 'chunked', 'Connection': 'keep-alive', 'X-Powered-By': 'Express', 'Access-Control-Allow-Origin': '*', 'Cache-Control': 'no-cache', 'ETag': 'W/"4a9-XLvzOsHcJHe/YIJ1Xw5J4Mmyoto"', 'Vary': 'Accept-Encoding', 'Content-Encoding': 'gzip', 'CF-Cache-Status': 'DYNAMIC', 'Report-To': '{"endpoints":[{"url":"https:\\/\\/a.nel.cloudflare.com\\/report\\/v4?s=lvWl%2FtWqMwKq6J3dcp4QnYUNV6t%2Bcle9cYrelCfWuOKleRZGlWqWoqaZg%2B5gctZHU%2B9lPdI4imzvMN%2Be8ciLHtKviDd%2FPO9xQCb5zfbSMn58%2FCh3DVBDEqdHsQfXPfy3"}],"group":"cf-nel","max_age":604800}', 'NEL': '{"success_fraction":0,"report_to":"cf-nel","max_age":604800}', 'Server': 'cloudflare', 'CF-RAY': '894fa3e8790c700a-IAD', 'alt-svc': 'h3=":443"; ma=86400'} 
 body={"results":[{"gender":"female","name":{"title":"Miss","first":"Héloïse","last":"Renard"},"location":{"street":{"number":897,"name":"Rue de L'Église"},"city":"Pau","state":"Ardèche","country":"France","postcode":45326,"coordinates":{"latitude":"-15.4645","longitude":"26.5407"},"timezone":{"offset":"+5:00","description":"Ekaterinburg, Islamabad, Karachi, Tashkent"}},"email":"heloise.renard@example.com","login":{"uuid":"6d4a19a1-61aa-4402-8985-b86501720f30","username":"greenpeacock578","password":"laetitia","salt":"fMNsdkcL","md5":"d11c914d5656b540aeabb4c8b83adf1b","sha1":"a6e386b2004411d910529d786fca7ad0707d4b7b","sha256":"661f86775b5b4700abb1b275a1e405f123ae9961137a4b93e1c20bc34e01cb9b"},"dob":{"date":"1966-07-01T19:42:39.402Z","age":57},"registered":{"date":"2009-05-23T23:09:16.266Z","age":15},"phone":"01-41-09-20-77","cell":"06-47-09-01-83","id":{"name":"INSEE","value":"2660609781840 88"},"picture":{"large":"https://randomuser.me/api/portraits/women/3.jpg","medium":"https://randomuser.me/api/portraits/med/women/3.jpg","thumbnail":"https://randomuser.me/api/portraits/thumb/women/3.jpg"},"nat":"FR"}],"info":{"seed":"5b3da72c1911d978","results":1,"page":1,"version":"1.4"}} 
 </msg>
<msg time="2024-06-17T02:34:23.460907" level="INFO">/opt/hostedtoolcache/Python/3.12.3/x64/lib/python3.12/site-packages/urllib3/connectionpool.py:1103: InsecureRequestWarning: Unverified HTTPS request is being made to host 'randomuser.me'. Adding certificate verification is strongly advised. See: https://urllib3.readthedocs.io/en/latest/advanced-usage.html#tls-warnings
  warnings.warn(</msg>
<msg time="2024-06-17T02:34:23.461065" level="INFO">${response} = &lt;Response [200]&gt;</msg>
<var>${response}</var>
<arg>consultarAPI</arg>
<arg>/api</arg>
<doc>Sends a GET request on a previously created HTTP Session.</doc>
<status status="PASS" start="2024-06-17T02:34:23.284306" elapsed="0.176801"/>
</kw>
<kw name="Should Be Equal As Numbers" owner="BuiltIn">
<msg time="2024-06-17T02:34:23.462182" level="INFO">Argument types are:
&lt;class 'int'&gt;
&lt;class 'str'&gt;</msg>
<arg>${response.status_code}</arg>
<arg>200</arg>
<doc>Fails if objects are unequal after converting them to real numbers.</doc>
<status status="PASS" start="2024-06-17T02:34:23.461710" elapsed="0.000537"/>
</kw>
<kw name="Log" owner="BuiltIn">
<msg time="2024-06-17T02:34:23.462927" level="INFO">200</msg>
<arg>${response.status_code}</arg>
<doc>Logs the given message with the given level.</doc>
<status status="PASS" start="2024-06-17T02:34:23.462583" elapsed="0.000395"/>
</kw>
<kw name="Set Variable" owner="BuiltIn">
<msg time="2024-06-17T02:34:23.463718" level="INFO">${json_data} = {'results': [{'gender': 'female', 'name': {'title': 'Miss', 'first': 'Héloïse', 'last': 'Renard'}, 'location': {'street': {'number': 897, 'name': "Rue de L'Église"}, 'city': 'Pau', 'state': 'Ardèche',...</msg>
<var>${json_data}</var>
<arg>${response.json()}</arg>
<doc>Returns the given values which can then be assigned to a variables.</doc>
<status status="PASS" start="2024-06-17T02:34:23.463283" elapsed="0.000473"/>
</kw>
<kw name="Dictionary Should Contain Key" owner="Collections">
<arg>${json_data}</arg>
<arg>results</arg>
<doc>Fails if ``key`` is not found from ``dictionary``.</doc>
<status status="PASS" start="2024-06-17T02:34:23.464058" elapsed="0.000169"/>
</kw>
<status status="PASS" start="2024-06-17T02:34:23.284072" elapsed="0.180304"/>
</kw>
<doc>Testa se a API responde corretamente e retorna um objeto JSON válido.</doc>
<tag>testeRequisicaoBasica</tag>
<status status="PASS" start="2024-06-17T02:34:23.283515" elapsed="0.181039"/>
</test>
<test id="s1-s1-t3" name="Validar estrutura de resposta" line="22">
<kw name="Teste de Estrutura de Resposta" owner="random-user-service">
<kw name="GET On Session" owner="RequestsLibrary">
<msg time="2024-06-17T02:34:23.562063" level="INFO">GET Request : url=https://randomuser.me/api 
 path_url=/api 
 headers={'User-Agent': 'python-requests/2.32.3', 'Accept-Encoding': 'gzip, deflate', 'Accept': '*/*', 'Connection': 'keep-alive'} 
 body=None 
 </msg>
<msg time="2024-06-17T02:34:23.562156" level="INFO">GET Response : url=https://randomuser.me/api 
 status=200, reason=OK 
 headers={'Date': 'Mon, 17 Jun 2024 02:34:23 GMT', 'Content-Type': 'application/json; charset=utf-8', 'Transfer-Encoding': 'chunked', 'Connection': 'keep-alive', 'X-Powered-By': 'Express', 'Access-Control-Allow-Origin': '*', 'Cache-Control': 'no-cache', 'ETag': 'W/"494-pNQ6Z60O724AWPYMX/QQBW3Zixs"', 'Vary': 'Accept-Encoding', 'Content-Encoding': 'gzip', 'CF-Cache-Status': 'DYNAMIC', 'Report-To': '{"endpoints":[{"url":"https:\\/\\/a.nel.cloudflare.com\\/report\\/v4?s=1djsFIRTyxPzNHiiFW7WiHg3QB%2B9cy7EdifuIvF9a%2BSzOuO%2FdQqyDAW%2FYn49KFBnIZBOtHLiceW9CHm%2BvLebZ5fBsMN1DFdT0BMuyzV14jUUDrc6QnVUM4UXUVKADYru"}],"group":"cf-nel","max_age":604800}', 'NEL': '{"success_fraction":0,"report_to":"cf-nel","max_age":604800}', 'Server': 'cloudflare', 'CF-RAY': '894fa3e8b942700a-IAD', 'alt-svc': 'h3=":443"; ma=86400'} 
 body={"results":[{"gender":"female","name":{"title":"Miss","first":"Galina","last":"Todorović"},"location":{"street":{"number":6701,"name":"Liparska"},"city":"Valjevo","state":"Pomoravlje","country":"Serbia","postcode":93044,"coordinates":{"latitude":"62.4365","longitude":"6.7038"},"timezone":{"offset":"+8:00","description":"Beijing, Perth, Singapore, Hong Kong"}},"email":"galina.todorovic@example.com","login":{"uuid":"4d3da6e9-ea2e-4e8b-9e09-8dc50c65bf5d","username":"organicleopard843","password":"1989","salt":"Ph55HRv3","md5":"deaf9083a9b59b23083c6978f6e4b8c0","sha1":"3a075fbedec2b54a9bdab72fc57a83a714fb395f","sha256":"bf1b3ed3338b3326fbf31726555149a295e577cf178632ae2b302ef43ab1493c"},"dob":{"date":"1987-07-04T09:36:30.628Z","age":36},"registered":{"date":"2008-09-28T09:55:09.339Z","age":15},"phone":"034-3793-850","cell":"063-8819-352","id":{"name":"SID","value":"192390770"},"picture":{"large":"https://randomuser.me/api/portraits/women/3.jpg","medium":"https://randomuser.me/api/portraits/med/women/3.jpg","thumbnail":"https://randomuser.me/api/portraits/thumb/women/3.jpg"},"nat":"RS"}],"info":{"seed":"bf436b1dfcffd7e6","results":1,"page":1,"version":"1.4"}} 
 </msg>
<msg time="2024-06-17T02:34:23.562308" level="INFO">/opt/hostedtoolcache/Python/3.12.3/x64/lib/python3.12/site-packages/urllib3/connectionpool.py:1103: InsecureRequestWarning: Unverified HTTPS request is being made to host 'randomuser.me'. Adding certificate verification is strongly advised. See: https://urllib3.readthedocs.io/en/latest/advanced-usage.html#tls-warnings
  warnings.warn(</msg>
<msg time="2024-06-17T02:34:23.562438" level="INFO">${response} = &lt;Response [200]&gt;</msg>
<var>${response}</var>
<arg>consultarAPI</arg>
<arg>/api</arg>
<doc>Sends a GET request on a previously created HTTP Session.</doc>
<status status="PASS" start="2024-06-17T02:34:23.467406" elapsed="0.095084"/>
</kw>
<kw name="Set Variable" owner="BuiltIn">
<msg time="2024-06-17T02:34:23.563568" level="INFO">${json_data} = {'results': [{'gender': 'female', 'name': {'title': 'Miss', 'first': 'Galina', 'last': 'Todorović'}, 'location': {'street': {'number': 6701, 'name': 'Liparska'}, 'city': 'Valjevo', 'state': 'Pomoravlj...</msg>
<var>${json_data}</var>
<arg>${response.json()}</arg>
<doc>Returns the given values which can then be assigned to a variables.</doc>
<status status="PASS" start="2024-06-17T02:34:23.563011" elapsed="0.000588"/>
</kw>
<kw name="Log" owner="BuiltIn">
<msg time="2024-06-17T02:34:23.564075" level="INFO">{'results': [{'gender': 'female', 'name': {'title': 'Miss', 'first': 'Galina', 'last': 'Todorović'}, 'location': {'street': {'number': 6701, 'name': 'Liparska'}, 'city': 'Valjevo', 'state': 'Pomoravlje', 'country': 'Serbia', 'postcode': 93044, 'coordinates': {'latitude': '62.4365', 'longitude': '6.7038'}, 'timezone': {'offset': '+8:00', 'description': 'Beijing, Perth, Singapore, Hong Kong'}}, 'email': 'galina.todorovic@example.com', 'login': {'uuid': '4d3da6e9-ea2e-4e8b-9e09-8dc50c65bf5d', 'username': 'organicleopard843', 'password': '1989', 'salt': 'Ph55HRv3', 'md5': 'deaf9083a9b59b23083c6978f6e4b8c0', 'sha1': '3a075fbedec2b54a9bdab72fc57a83a714fb395f', 'sha256': 'bf1b3ed3338b3326fbf31726555149a295e577cf178632ae2b302ef43ab1493c'}, 'dob': {'date': '1987-07-04T09:36:30.628Z', 'age': 36}, 'registered': {'date': '2008-09-28T09:55:09.339Z', 'age': 15}, 'phone': '034-3793-850', 'cell': '063-8819-352', 'id': {'name': 'SID', 'value': '192390770'}, 'picture': {'large': 'https://randomuser.me/api/portraits/women/3.jpg', 'medium': 'https://randomuser.me/api/portraits/med/women/3.jpg', 'thumbnail': 'https://randomuser.me/api/portraits/thumb/women/3.jpg'}, 'nat': 'RS'}], 'info': {'seed': 'bf436b1dfcffd7e6', 'results': 1, 'page': 1, 'version': '1.4'}}</msg>
<arg>${json_data}</arg>
<doc>Logs the given message with the given level.</doc>
<status status="PASS" start="2024-06-17T02:34:23.563914" elapsed="0.000211"/>
</kw>
<kw name="Dictionary Should Contain Key" owner="Collections">
<arg>${json_data}</arg>
<arg>results</arg>
<doc>Fails if ``key`` is not found from ``dictionary``.</doc>
<status status="PASS" start="2024-06-17T02:34:23.564423" elapsed="0.000158"/>
</kw>
<kw name="Should Not Be Empty" owner="BuiltIn">
<msg time="2024-06-17T02:34:23.564928" level="INFO">Length is 2.</msg>
<arg>${json_data}</arg>
<doc>Verifies that the given item is not empty.</doc>
<status status="PASS" start="2024-06-17T02:34:23.564765" elapsed="0.000209"/>
</kw>
<kw name="Create List" owner="BuiltIn">
<msg time="2024-06-17T02:34:23.565444" level="INFO">${expected_keys} = ['gender', 'name', 'location', 'email', 'login']</msg>
<var>${expected_keys}</var>
<arg>gender</arg>
<arg>name</arg>
<arg>location</arg>
<arg>email</arg>
<arg>login</arg>
<doc>Returns a list containing given items.</doc>
<status status="PASS" start="2024-06-17T02:34:23.565288" elapsed="0.000181"/>
</kw>
<for flavor="IN">
<iter>
<kw name="Dictionary Should Contain Key" owner="Collections">
<arg>${json_data['results'][0]}</arg>
<arg>${key}</arg>
<doc>Fails if ``key`` is not found from ``dictionary``.</doc>
<status status="PASS" start="2024-06-17T02:34:23.566039" elapsed="0.000409"/>
</kw>
<kw name="Log" owner="BuiltIn">
<msg time="2024-06-17T02:34:23.567014" level="INFO">{'gender': 'female', 'name': {'title': 'Miss', 'first': 'Galina', 'last': 'Todorović'}, 'location': {'street': {'number': 6701, 'name': 'Liparska'}, 'city': 'Valjevo', 'state': 'Pomoravlje', 'country': 'Serbia', 'postcode': 93044, 'coordinates': {'latitude': '62.4365', 'longitude': '6.7038'}, 'timezone': {'offset': '+8:00', 'description': 'Beijing, Perth, Singapore, Hong Kong'}}, 'email': 'galina.todorovic@example.com', 'login': {'uuid': '4d3da6e9-ea2e-4e8b-9e09-8dc50c65bf5d', 'username': 'organicleopard843', 'password': '1989', 'salt': 'Ph55HRv3', 'md5': 'deaf9083a9b59b23083c6978f6e4b8c0', 'sha1': '3a075fbedec2b54a9bdab72fc57a83a714fb395f', 'sha256': 'bf1b3ed3338b3326fbf31726555149a295e577cf178632ae2b302ef43ab1493c'}, 'dob': {'date': '1987-07-04T09:36:30.628Z', 'age': 36}, 'registered': {'date': '2008-09-28T09:55:09.339Z', 'age': 15}, 'phone': '034-3793-850', 'cell': '063-8819-352', 'id': {'name': 'SID', 'value': '192390770'}, 'picture': {'large': 'https://randomuser.me/api/portraits/women/3.jpg', 'medium': 'https://randomuser.me/api/portraits/med/women/3.jpg', 'thumbnail': 'https://randomuser.me/api/portraits/thumb/women/3.jpg'}, 'nat': 'RS'}</msg>
<arg>${json_data['results'][0]}</arg>
<doc>Logs the given message with the given level.</doc>
<status status="PASS" start="2024-06-17T02:34:23.566645" elapsed="0.000433"/>
</kw>
<kw name="Log" owner="BuiltIn">
<msg time="2024-06-17T02:34:23.567511" level="INFO">gender</msg>
<arg>${key}</arg>
<doc>Logs the given message with the given level.</doc>
<status status="PASS" start="2024-06-17T02:34:23.567381" elapsed="0.000168"/>
</kw>
<var name="${key}">gender</var>
<status status="PASS" start="2024-06-17T02:34:23.565915" elapsed="0.001867"/>
</iter>
<iter>
<kw name="Dictionary Should Contain Key" owner="Collections">
<arg>${json_data['results'][0]}</arg>
<arg>${key}</arg>
<doc>Fails if ``key`` is not found from ``dictionary``.</doc>
<status status="PASS" start="2024-06-17T02:34:23.568082" elapsed="0.000394"/>
</kw>
<kw name="Log" owner="BuiltIn">
<msg time="2024-06-17T02:34:23.569032" level="INFO">{'gender': 'female', 'name': {'title': 'Miss', 'first': 'Galina', 'last': 'Todorović'}, 'location': {'street': {'number': 6701, 'name': 'Liparska'}, 'city': 'Valjevo', 'state': 'Pomoravlje', 'country': 'Serbia', 'postcode': 93044, 'coordinates': {'latitude': '62.4365', 'longitude': '6.7038'}, 'timezone': {'offset': '+8:00', 'description': 'Beijing, Perth, Singapore, Hong Kong'}}, 'email': 'galina.todorovic@example.com', 'login': {'uuid': '4d3da6e9-ea2e-4e8b-9e09-8dc50c65bf5d', 'username': 'organicleopard843', 'password': '1989', 'salt': 'Ph55HRv3', 'md5': 'deaf9083a9b59b23083c6978f6e4b8c0', 'sha1': '3a075fbedec2b54a9bdab72fc57a83a714fb395f', 'sha256': 'bf1b3ed3338b3326fbf31726555149a295e577cf178632ae2b302ef43ab1493c'}, 'dob': {'date': '1987-07-04T09:36:30.628Z', 'age': 36}, 'registered': {'date': '2008-09-28T09:55:09.339Z', 'age': 15}, 'phone': '034-3793-850', 'cell': '063-8819-352', 'id': {'name': 'SID', 'value': '192390770'}, 'picture': {'large': 'https://randomuser.me/api/portraits/women/3.jpg', 'medium': 'https://randomuser.me/api/portraits/med/women/3.jpg', 'thumbnail': 'https://randomuser.me/api/portraits/thumb/women/3.jpg'}, 'nat': 'RS'}</msg>
<arg>${json_data['results'][0]}</arg>
<doc>Logs the given message with the given level.</doc>
<status status="PASS" start="2024-06-17T02:34:23.568660" elapsed="0.000465"/>
</kw>
<kw name="Log" owner="BuiltIn">
<msg time="2024-06-17T02:34:23.569563" level="INFO">name</msg>
<arg>${key}</arg>
<doc>Logs the given message with the given level.</doc>
<status status="PASS" start="2024-06-17T02:34:23.569429" elapsed="0.000173"/>
</kw>
<var name="${key}">name</var>
<status status="PASS" start="2024-06-17T02:34:23.567968" elapsed="0.001851"/>
</iter>
<iter>
<kw name="Dictionary Should Contain Key" owner="Collections">
<arg>${json_data['results'][0]}</arg>
<arg>${key}</arg>
<doc>Fails if ``key`` is not found from ``dictionary``.</doc>
<status status="PASS" start="2024-06-17T02:34:23.570106" elapsed="0.000383"/>
</kw>
<kw name="Log" owner="BuiltIn">
<msg time="2024-06-17T02:34:23.571027" level="INFO">{'gender': 'female', 'name': {'title': 'Miss', 'first': 'Galina', 'last': 'Todorović'}, 'location': {'street': {'number': 6701, 'name': 'Liparska'}, 'city': 'Valjevo', 'state': 'Pomoravlje', 'country': 'Serbia', 'postcode': 93044, 'coordinates': {'latitude': '62.4365', 'longitude': '6.7038'}, 'timezone': {'offset': '+8:00', 'description': 'Beijing, Perth, Singapore, Hong Kong'}}, 'email': 'galina.todorovic@example.com', 'login': {'uuid': '4d3da6e9-ea2e-4e8b-9e09-8dc50c65bf5d', 'username': 'organicleopard843', 'password': '1989', 'salt': 'Ph55HRv3', 'md5': 'deaf9083a9b59b23083c6978f6e4b8c0', 'sha1': '3a075fbedec2b54a9bdab72fc57a83a714fb395f', 'sha256': 'bf1b3ed3338b3326fbf31726555149a295e577cf178632ae2b302ef43ab1493c'}, 'dob': {'date': '1987-07-04T09:36:30.628Z', 'age': 36}, 'registered': {'date': '2008-09-28T09:55:09.339Z', 'age': 15}, 'phone': '034-3793-850', 'cell': '063-8819-352', 'id': {'name': 'SID', 'value': '192390770'}, 'picture': {'large': 'https://randomuser.me/api/portraits/women/3.jpg', 'medium': 'https://randomuser.me/api/portraits/med/women/3.jpg', 'thumbnail': 'https://randomuser.me/api/portraits/thumb/women/3.jpg'}, 'nat': 'RS'}</msg>
<arg>${json_data['results'][0]}</arg>
<doc>Logs the given message with the given level.</doc>
<status status="PASS" start="2024-06-17T02:34:23.570678" elapsed="0.000400"/>
</kw>
<kw name="Log" owner="BuiltIn">
<msg time="2024-06-17T02:34:23.571498" level="INFO">location</msg>
<arg>${key}</arg>
<doc>Logs the given message with the given level.</doc>
<status status="PASS" start="2024-06-17T02:34:23.571371" elapsed="0.000164"/>
</kw>
<var name="${key}">location</var>
<status status="PASS" start="2024-06-17T02:34:23.569998" elapsed="0.001759"/>
</iter>
<iter>
<kw name="Dictionary Should Contain Key" owner="Collections">
<arg>${json_data['results'][0]}</arg>
<arg>${key}</arg>
<doc>Fails if ``key`` is not found from ``dictionary``.</doc>
<status status="PASS" start="2024-06-17T02:34:23.572036" elapsed="0.000382"/>
</kw>
<kw name="Log" owner="BuiltIn">
<msg time="2024-06-17T02:34:23.573002" level="INFO">{'gender': 'female', 'name': {'title': 'Miss', 'first': 'Galina', 'last': 'Todorović'}, 'location': {'street': {'number': 6701, 'name': 'Liparska'}, 'city': 'Valjevo', 'state': 'Pomoravlje', 'country': 'Serbia', 'postcode': 93044, 'coordinates': {'latitude': '62.4365', 'longitude': '6.7038'}, 'timezone': {'offset': '+8:00', 'description': 'Beijing, Perth, Singapore, Hong Kong'}}, 'email': 'galina.todorovic@example.com', 'login': {'uuid': '4d3da6e9-ea2e-4e8b-9e09-8dc50c65bf5d', 'username': 'organicleopard843', 'password': '1989', 'salt': 'Ph55HRv3', 'md5': 'deaf9083a9b59b23083c6978f6e4b8c0', 'sha1': '3a075fbedec2b54a9bdab72fc57a83a714fb395f', 'sha256': 'bf1b3ed3338b3326fbf31726555149a295e577cf178632ae2b302ef43ab1493c'}, 'dob': {'date': '1987-07-04T09:36:30.628Z', 'age': 36}, 'registered': {'date': '2008-09-28T09:55:09.339Z', 'age': 15}, 'phone': '034-3793-850', 'cell': '063-8819-352', 'id': {'name': 'SID', 'value': '192390770'}, 'picture': {'large': 'https://randomuser.me/api/portraits/women/3.jpg', 'medium': 'https://randomuser.me/api/portraits/med/women/3.jpg', 'thumbnail': 'https://randomuser.me/api/portraits/thumb/women/3.jpg'}, 'nat': 'RS'}</msg>
<arg>${json_data['results'][0]}</arg>
<doc>Logs the given message with the given level.</doc>
<status status="PASS" start="2024-06-17T02:34:23.572600" elapsed="0.000456"/>
</kw>
<kw name="Log" owner="BuiltIn">
<msg time="2024-06-17T02:34:23.573490" level="INFO">email</msg>
<arg>${key}</arg>
<doc>Logs the given message with the given level.</doc>
<status status="PASS" start="2024-06-17T02:34:23.573362" elapsed="0.000166"/>
</kw>
<var name="${key}">email</var>
<status status="PASS" start="2024-06-17T02:34:23.571929" elapsed="0.001817"/>
</iter>
<iter>
<kw name="Dictionary Should Contain Key" owner="Collections">
<arg>${json_data['results'][0]}</arg>
<arg>${key}</arg>
<doc>Fails if ``key`` is not found from ``dictionary``.</doc>
<status status="PASS" start="2024-06-17T02:34:23.574030" elapsed="0.000381"/>
</kw>
<kw name="Log" owner="BuiltIn">
<msg time="2024-06-17T02:34:23.574948" level="INFO">{'gender': 'female', 'name': {'title': 'Miss', 'first': 'Galina', 'last': 'Todorović'}, 'location': {'street': {'number': 6701, 'name': 'Liparska'}, 'city': 'Valjevo', 'state': 'Pomoravlje', 'country': 'Serbia', 'postcode': 93044, 'coordinates': {'latitude': '62.4365', 'longitude': '6.7038'}, 'timezone': {'offset': '+8:00', 'description': 'Beijing, Perth, Singapore, Hong Kong'}}, 'email': 'galina.todorovic@example.com', 'login': {'uuid': '4d3da6e9-ea2e-4e8b-9e09-8dc50c65bf5d', 'username': 'organicleopard843', 'password': '1989', 'salt': 'Ph55HRv3', 'md5': 'deaf9083a9b59b23083c6978f6e4b8c0', 'sha1': '3a075fbedec2b54a9bdab72fc57a83a714fb395f', 'sha256': 'bf1b3ed3338b3326fbf31726555149a295e577cf178632ae2b302ef43ab1493c'}, 'dob': {'date': '1987-07-04T09:36:30.628Z', 'age': 36}, 'registered': {'date': '2008-09-28T09:55:09.339Z', 'age': 15}, 'phone': '034-3793-850', 'cell': '063-8819-352', 'id': {'name': 'SID', 'value': '192390770'}, 'picture': {'large': 'https://randomuser.me/api/portraits/women/3.jpg', 'medium': 'https://randomuser.me/api/portraits/med/women/3.jpg', 'thumbnail': 'https://randomuser.me/api/portraits/thumb/women/3.jpg'}, 'nat': 'RS'}</msg>
<arg>${json_data['results'][0]}</arg>
<doc>Logs the given message with the given level.</doc>
<status status="PASS" start="2024-06-17T02:34:23.574601" elapsed="0.000398"/>
</kw>
<kw name="Log" owner="BuiltIn">
<msg time="2024-06-17T02:34:23.575524" level="INFO">login</msg>
<arg>${key}</arg>
<doc>Logs the given message with the given level.</doc>
<status status="PASS" start="2024-06-17T02:34:23.575293" elapsed="0.000269"/>
</kw>
<var name="${key}">login</var>
<status status="PASS" start="2024-06-17T02:34:23.573922" elapsed="0.001858"/>
</iter>
<var>${key}</var>
<value>@{expected_keys}</value>
<status status="PASS" start="2024-06-17T02:34:23.565731" elapsed="0.010173"/>
</for>
<kw name="Create List" owner="BuiltIn">
<msg time="2024-06-17T02:34:23.576224" level="INFO">${expected_keysTwo} = ['username', 'password']</msg>
<var>${expected_keysTwo}</var>
<arg>username</arg>
<arg>password</arg>
<doc>Returns a list containing given items.</doc>
<status status="PASS" start="2024-06-17T02:34:23.576090" elapsed="0.000185"/>
</kw>
<for flavor="IN">
<iter>
<kw name="Dictionary Should Contain Key" owner="Collections">
<arg>${json_data['results'][0]['login']}</arg>
<arg>${keyTwo}</arg>
<doc>Fails if ``key`` is not found from ``dictionary``.</doc>
<status status="PASS" start="2024-06-17T02:34:23.576789" elapsed="0.000409"/>
</kw>
<kw name="Dictionary Should Contain Key" owner="Collections">
<arg>${json_data['results'][0]['login']}</arg>
<arg>${keyTwo}</arg>
<doc>Fails if ``key`` is not found from ``dictionary``.</doc>
<status status="PASS" start="2024-06-17T02:34:23.577383" elapsed="0.000388"/>
</kw>
<kw name="Log" owner="BuiltIn">
<msg time="2024-06-17T02:34:23.578080" level="INFO">username</msg>
<arg>${keyTwo}</arg>
<doc>Logs the given message with the given level.</doc>
<status status="PASS" start="2024-06-17T02:34:23.577959" elapsed="0.000158"/>
</kw>
<var name="${keyTwo}">username</var>
<status status="PASS" start="2024-06-17T02:34:23.576681" elapsed="0.001656"/>
</iter>
<iter>
<kw name="Dictionary Should Contain Key" owner="Collections">
<arg>${json_data['results'][0]['login']}</arg>
<arg>${keyTwo}</arg>
<doc>Fails if ``key`` is not found from ``dictionary``.</doc>
<status status="PASS" start="2024-06-17T02:34:23.578625" elapsed="0.000378"/>
</kw>
<kw name="Dictionary Should Contain Key" owner="Collections">
<arg>${json_data['results'][0]['login']}</arg>
<arg>${keyTwo}</arg>
<doc>Fails if ``key`` is not found from ``dictionary``.</doc>
<status status="PASS" start="2024-06-17T02:34:23.579182" elapsed="0.000362"/>
</kw>
<kw name="Log" owner="BuiltIn">
<msg time="2024-06-17T02:34:23.579839" level="INFO">password</msg>
<arg>${keyTwo}</arg>
<doc>Logs the given message with the given level.</doc>
<status status="PASS" start="2024-06-17T02:34:23.579720" elapsed="0.000156"/>
</kw>
<var name="${keyTwo}">password</var>
<status status="PASS" start="2024-06-17T02:34:23.578517" elapsed="0.001580"/>
</iter>
<var>${keyTwo}</var>
<value>@{expected_keysTwo}</value>
<status status="PASS" start="2024-06-17T02:34:23.576531" elapsed="0.003689"/>
</for>
<status status="PASS" start="2024-06-17T02:34:23.467172" elapsed="0.113192"/>
</kw>
<doc>Testa a estrutura da resposta da API.</doc>
<tag>testeEstruturaResposta</tag>
<status status="PASS" start="2024-06-17T02:34:23.466413" elapsed="0.114104"/>
</test>
<test id="s1-s1-t4" name="Validar tipos de dados" line="28">
<kw name="Teste de Tipos de Dados" owner="random-user-service">
<kw name="GET On Session" owner="RequestsLibrary">
<msg time="2024-06-17T02:34:23.661522" level="INFO">GET Request : url=https://randomuser.me/api 
 path_url=/api 
 headers={'User-Agent': 'python-requests/2.32.3', 'Accept-Encoding': 'gzip, deflate', 'Accept': '*/*', 'Connection': 'keep-alive'} 
 body=None 
 </msg>
<msg time="2024-06-17T02:34:23.661609" level="INFO">GET Response : url=https://randomuser.me/api 
 status=200, reason=OK 
 headers={'Date': 'Mon, 17 Jun 2024 02:34:23 GMT', 'Content-Type': 'application/json; charset=utf-8', 'Transfer-Encoding': 'chunked', 'Connection': 'keep-alive', 'X-Powered-By': 'Express', 'Access-Control-Allow-Origin': '*', 'Cache-Control': 'no-cache', 'ETag': 'W/"48d-S+PMb42kQ7fwx44HOf8dlZryNSk"', 'Vary': 'Accept-Encoding', 'Content-Encoding': 'gzip', 'CF-Cache-Status': 'DYNAMIC', 'Report-To': '{"endpoints":[{"url":"https:\\/\\/a.nel.cloudflare.com\\/report\\/v4?s=6LxCwKyq5ByHI6TMgIGZxpAJR%2FnhM47vcgTa%2BQfXnlXIsoaB6q5fF0V%2Bod9UoBzthOxQ7jXQZVFUJsivImAN7mEeBSiGIqtpUh%2FG%2F%2BOGVhqMqEmHJPjqjS9tAExzSHTG"}],"group":"cf-nel","max_age":604800}', 'NEL': '{"success_fraction":0,"report_to":"cf-nel","max_age":604800}', 'Server': 'cloudflare', 'CF-RAY': '894fa3e96a2b700a-IAD', 'alt-svc': 'h3=":443"; ma=86400'} 
 body={"results":[{"gender":"male","name":{"title":"Mr","first":"Aleksander","last":"Sumstad"},"location":{"street":{"number":8772,"name":"Pløens gate"},"city":"Rena","state":"Nord-Trøndelag","country":"Norway","postcode":"2652","coordinates":{"latitude":"43.2098","longitude":"-130.1250"},"timezone":{"offset":"+1:00","description":"Brussels, Copenhagen, Madrid, Paris"}},"email":"aleksander.sumstad@example.com","login":{"uuid":"0d7ea970-3702-487e-b1b6-38b791d28dc0","username":"sadgorilla324","password":"back","salt":"mCbiHE38","md5":"864fd0e2b5ecbb782b53a6aa0012a29a","sha1":"a1c95f4c94f6cded8ad4bac0f5a51c9247e53a26","sha256":"65cf489970fc055fcc3cf11ce5b88632cbeaf236e32796113ee38f19fad5fca5"},"dob":{"date":"1976-04-01T22:24:19.707Z","age":48},"registered":{"date":"2016-03-03T21:42:52.050Z","age":8},"phone":"60815870","cell":"98410495","id":{"name":"FN","value":"01047627792"},"picture":{"large":"https://randomuser.me/api/portraits/men/45.jpg","medium":"https://randomuser.me/api/portraits/med/men/45.jpg","thumbnail":"https://randomuser.me/api/portraits/thumb/men/45.jpg"},"nat":"NO"}],"info":{"seed":"d5884fb7ab49bfb2","results":1,"page":1,"version":"1.4"}} 
 </msg>
<msg time="2024-06-17T02:34:23.661684" level="INFO">/opt/hostedtoolcache/Python/3.12.3/x64/lib/python3.12/site-packages/urllib3/connectionpool.py:1103: InsecureRequestWarning: Unverified HTTPS request is being made to host 'randomuser.me'. Adding certificate verification is strongly advised. See: https://urllib3.readthedocs.io/en/latest/advanced-usage.html#tls-warnings
  warnings.warn(</msg>
<msg time="2024-06-17T02:34:23.661813" level="INFO">${response} = &lt;Response [200]&gt;</msg>
<var>${response}</var>
<arg>consultarAPI</arg>
<arg>/api</arg>
<doc>Sends a GET request on a previously created HTTP Session.</doc>
<status status="PASS" start="2024-06-17T02:34:23.583105" elapsed="0.078748"/>
</kw>
<kw name="Set Variable" owner="BuiltIn">
<msg time="2024-06-17T02:34:23.662775" level="INFO">${json_data} = {'results': [{'gender': 'male', 'name': {'title': 'Mr', 'first': 'Aleksander', 'last': 'Sumstad'}, 'location': {'street': {'number': 8772, 'name': 'Pløens gate'}, 'city': 'Rena', 'state': 'Nord-Trønde...</msg>
<var>${json_data}</var>
<arg>${response.json()}</arg>
<doc>Returns the given values which can then be assigned to a variables.</doc>
<status status="PASS" start="2024-06-17T02:34:23.662308" elapsed="0.000496"/>
</kw>
<kw name="Log" owner="BuiltIn">
<msg time="2024-06-17T02:34:23.663275" level="INFO">{'results': [{'gender': 'male', 'name': {'title': 'Mr', 'first': 'Aleksander', 'last': 'Sumstad'}, 'location': {'street': {'number': 8772, 'name': 'Pløens gate'}, 'city': 'Rena', 'state': 'Nord-Trøndelag', 'country': 'Norway', 'postcode': '2652', 'coordinates': {'latitude': '43.2098', 'longitude': '-130.1250'}, 'timezone': {'offset': '+1:00', 'description': 'Brussels, Copenhagen, Madrid, Paris'}}, 'email': 'aleksander.sumstad@example.com', 'login': {'uuid': '0d7ea970-3702-487e-b1b6-38b791d28dc0', 'username': 'sadgorilla324', 'password': 'back', 'salt': 'mCbiHE38', 'md5': '864fd0e2b5ecbb782b53a6aa0012a29a', 'sha1': 'a1c95f4c94f6cded8ad4bac0f5a51c9247e53a26', 'sha256': '65cf489970fc055fcc3cf11ce5b88632cbeaf236e32796113ee38f19fad5fca5'}, 'dob': {'date': '1976-04-01T22:24:19.707Z', 'age': 48}, 'registered': {'date': '2016-03-03T21:42:52.050Z', 'age': 8}, 'phone': '60815870', 'cell': '98410495', 'id': {'name': 'FN', 'value': '01047627792'}, 'picture': {'large': 'https://randomuser.me/api/portraits/men/45.jpg', 'medium': 'https://randomuser.me/api/portraits/med/men/45.jpg', 'thumbnail': 'https://randomuser.me/api/portraits/thumb/men/45.jpg'}, 'nat': 'NO'}], 'info': {'seed': 'd5884fb7ab49bfb2', 'results': 1, 'page': 1, 'version': '1.4'}}</msg>
<arg>${json_data}</arg>
<doc>Logs the given message with the given level.</doc>
<status status="PASS" start="2024-06-17T02:34:23.663114" elapsed="0.000209"/>
</kw>
<kw name="Should Be String" owner="String">
<arg>${json_data['results'][0]['gender']}</arg>
<doc>Fails if the given ``item`` is not a string.</doc>
<status status="PASS" start="2024-06-17T02:34:23.663615" elapsed="0.000351"/>
</kw>
<kw name="Should Match Regexp" owner="BuiltIn">
<arg>${json_data['results'][0]['email']}</arg>
<arg>^[a-zA-Z0-9._%+-]+@[a-zA-Z0-9.-]+\.[a-zA-Z]{2,}$</arg>
<doc>Fails if ``string`` does not match ``pattern`` as a regular expression.</doc>
<status status="PASS" start="2024-06-17T02:34:23.664155" elapsed="0.000556"/>
</kw>
<kw name="Should Match Regexp" owner="BuiltIn">
<arg>${json_data['results'][0]['dob']['date']}</arg>
<arg>\\d{4}-\\d{2}-\\d{2}T\\d{2}:\\d{2}:\\d{2}\\.\\d{3}Z</arg>
<doc>Fails if ``string`` does not match ``pattern`` as a regular expression.</doc>
<status status="PASS" start="2024-06-17T02:34:23.664935" elapsed="0.000488"/>
</kw>
<kw name="Should Match Regexp" owner="BuiltIn">
<arg>${json_data['results'][0]['registered']['date']}</arg>
<arg>\\d{4}-\\d{2}-\\d{2}T\\d{2}:\\d{2}:\\d{2}\\.\\d{3}Z</arg>
<doc>Fails if ``string`` does not match ``pattern`` as a regular expression.</doc>
<status status="PASS" start="2024-06-17T02:34:23.665613" elapsed="0.000358"/>
</kw>
<kw name="Should Match Regexp" owner="BuiltIn">
<arg>${json_data['results'][0]['picture']['large']}</arg>
<arg>^https?://.*\.(?:png|jpe?g|gif|bmp)$</arg>
<doc>Fails if ``string`` does not match ``pattern`` as a regular expression.</doc>
<status status="PASS" start="2024-06-17T02:34:23.666156" elapsed="0.000450"/>
</kw>
<kw name="Should Match Regexp" owner="BuiltIn">
<arg>${json_data['results'][0]['picture']['medium']}</arg>
<arg>^https?://.*\.(?:png|jpe?g|gif|bmp)$</arg>
<doc>Fails if ``string`` does not match ``pattern`` as a regular expression.</doc>
<status status="PASS" start="2024-06-17T02:34:23.666797" elapsed="0.000369"/>
</kw>
<kw name="Should Match Regexp" owner="BuiltIn">
<arg>${json_data['results'][0]['picture']['thumbnail']}</arg>
<arg>^https?://.*\.(?:png|jpe?g|gif|bmp)$</arg>
<doc>Fails if ``string`` does not match ``pattern`` as a regular expression.</doc>
<status status="PASS" start="2024-06-17T02:34:23.667354" elapsed="0.000353"/>
</kw>
<kw name="Log" owner="BuiltIn">
<msg time="2024-06-17T02:34:23.668212" level="INFO">{'large': 'https://randomuser.me/api/portraits/men/45.jpg', 'medium': 'https://randomuser.me/api/portraits/med/men/45.jpg', 'thumbnail': 'https://randomuser.me/api/portraits/thumb/men/45.jpg'}</msg>
<arg>${json_data['results'][0]['picture']}</arg>
<doc>Logs the given message with the given level.</doc>
<status status="PASS" start="2024-06-17T02:34:23.667890" elapsed="0.000364"/>
</kw>
<status status="PASS" start="2024-06-17T02:34:23.582874" elapsed="0.085633"/>
</kw>
<kw name="Teste de Tipos de Dados - Postcode" owner="random-user-service">
<kw name="GET On Session" owner="RequestsLibrary">
<msg time="2024-06-17T02:34:23.760771" level="INFO">GET Request : url=https://randomuser.me/api 
 path_url=/api 
 headers={'User-Agent': 'python-requests/2.32.3', 'Accept-Encoding': 'gzip, deflate', 'Accept': '*/*', 'Connection': 'keep-alive'} 
 body=None 
 </msg>
<msg time="2024-06-17T02:34:23.760853" level="INFO">GET Response : url=https://randomuser.me/api 
 status=200, reason=OK 
 headers={'Date': 'Mon, 17 Jun 2024 02:34:23 GMT', 'Content-Type': 'application/json; charset=utf-8', 'Transfer-Encoding': 'chunked', 'Connection': 'keep-alive', 'X-Powered-By': 'Express', 'Access-Control-Allow-Origin': '*', 'Cache-Control': 'no-cache', 'ETag': 'W/"485-pDTjsnkUYzUmdGVSQwuvZM3an7Y"', 'Vary': 'Accept-Encoding', 'Content-Encoding': 'gzip', 'CF-Cache-Status': 'DYNAMIC', 'Report-To': '{"endpoints":[{"url":"https:\\/\\/a.nel.cloudflare.com\\/report\\/v4?s=8tqptbehoZz9t%2F%2FyYwFmTXc3AlqhYTY%2F70zTVuWQX5DTotB29vOZn2lwYc8QRQ3pkzrdtOTN7mnwkLm0j4C5pMAiKk73u3zKxVjSTnQhtPxtCJGdEYhIUymjqJUbjkcZ"}],"group":"cf-nel","max_age":604800}', 'NEL': '{"success_fraction":0,"report_to":"cf-nel","max_age":604800}', 'Server': 'cloudflare', 'CF-RAY': '894fa3e9fa92700a-IAD', 'alt-svc': 'h3=":443"; ma=86400'} 
 body={"results":[{"gender":"female","name":{"title":"Mrs","first":"Diane","last":"Horton"},"location":{"street":{"number":8598,"name":"E Pecan St"},"city":"Perth","state":"Australian Capital Territory","country":"Australia","postcode":666,"coordinates":{"latitude":"-89.2374","longitude":"146.8656"},"timezone":{"offset":"+4:30","description":"Kabul"}},"email":"diane.horton@example.com","login":{"uuid":"467ad3a0-fb0c-4551-bcbd-bc5851a0021a","username":"ticklishpanda800","password":"reilly","salt":"TcWwwgmV","md5":"1eb979e38d095fc225f4f8e5f583c021","sha1":"5c8330bdaa740b7a9262e86240b549a3d7614fdb","sha256":"decd38dc30b2bcbe037a17b6955df72fbdc84d9cb62344ee2fbe6970b5597721"},"dob":{"date":"1963-03-18T16:14:11.607Z","age":61},"registered":{"date":"2012-10-11T06:43:27.251Z","age":11},"phone":"00-6001-1615","cell":"0468-419-077","id":{"name":"TFN","value":"638864797"},"picture":{"large":"https://randomuser.me/api/portraits/women/36.jpg","medium":"https://randomuser.me/api/portraits/med/women/36.jpg","thumbnail":"https://randomuser.me/api/portraits/thumb/women/36.jpg"},"nat":"AU"}],"info":{"seed":"72de1b30cc654381","results":1,"page":1,"version":"1.4"}} 
 </msg>
<msg time="2024-06-17T02:34:23.760966" level="INFO">/opt/hostedtoolcache/Python/3.12.3/x64/lib/python3.12/site-packages/urllib3/connectionpool.py:1103: InsecureRequestWarning: Unverified HTTPS request is being made to host 'randomuser.me'. Adding certificate verification is strongly advised. See: https://urllib3.readthedocs.io/en/latest/advanced-usage.html#tls-warnings
  warnings.warn(</msg>
<msg time="2024-06-17T02:34:23.761076" level="INFO">${response} = &lt;Response [200]&gt;</msg>
<var>${response}</var>
<arg>consultarAPI</arg>
<arg>/api</arg>
<doc>Sends a GET request on a previously created HTTP Session.</doc>
<status status="PASS" start="2024-06-17T02:34:23.668975" elapsed="0.092139"/>
</kw>
<kw name="Set Variable" owner="BuiltIn">
<msg time="2024-06-17T02:34:23.761919" level="INFO">${json_data} = {'results': [{'gender': 'female', 'name': {'title': 'Mrs', 'first': 'Diane', 'last': 'Horton'}, 'location': {'street': {'number': 8598, 'name': 'E Pecan St'}, 'city': 'Perth', 'state': 'Australian Cap...</msg>
<var>${json_data}</var>
<arg>${response.json()}</arg>
<doc>Returns the given values which can then be assigned to a variables.</doc>
<status status="PASS" start="2024-06-17T02:34:23.761487" elapsed="0.000461"/>
</kw>
<kw name="Log" owner="BuiltIn">
<msg time="2024-06-17T02:34:23.762395" level="INFO">{'results': [{'gender': 'female', 'name': {'title': 'Mrs', 'first': 'Diane', 'last': 'Horton'}, 'location': {'street': {'number': 8598, 'name': 'E Pecan St'}, 'city': 'Perth', 'state': 'Australian Capital Territory', 'country': 'Australia', 'postcode': 666, 'coordinates': {'latitude': '-89.2374', 'longitude': '146.8656'}, 'timezone': {'offset': '+4:30', 'description': 'Kabul'}}, 'email': 'diane.horton@example.com', 'login': {'uuid': '467ad3a0-fb0c-4551-bcbd-bc5851a0021a', 'username': 'ticklishpanda800', 'password': 'reilly', 'salt': 'TcWwwgmV', 'md5': '1eb979e38d095fc225f4f8e5f583c021', 'sha1': '5c8330bdaa740b7a9262e86240b549a3d7614fdb', 'sha256': 'decd38dc30b2bcbe037a17b6955df72fbdc84d9cb62344ee2fbe6970b5597721'}, 'dob': {'date': '1963-03-18T16:14:11.607Z', 'age': 61}, 'registered': {'date': '2012-10-11T06:43:27.251Z', 'age': 11}, 'phone': '00-6001-1615', 'cell': '0468-419-077', 'id': {'name': 'TFN', 'value': '638864797'}, 'picture': {'large': 'https://randomuser.me/api/portraits/women/36.jpg', 'medium': 'https://randomuser.me/api/portraits/med/women/36.jpg', 'thumbnail': 'https://randomuser.me/api/portraits/thumb/women/36.jpg'}, 'nat': 'AU'}], 'info': {'seed': '72de1b30cc654381', 'results': 1, 'page': 1, 'version': '1.4'}}</msg>
<arg>${json_data}</arg>
<doc>Logs the given message with the given level.</doc>
<status status="PASS" start="2024-06-17T02:34:23.762246" elapsed="0.000216"/>
</kw>
<kw name="Should Be Equal As Numbers" owner="BuiltIn">
<arg>${json_data['results'][0]['location']['postcode']}</arg>
<arg>${json_data['results'][0]['location']['postcode']}</arg>
<doc>Fails if objects are unequal after converting them to real numbers.</doc>
<status status="PASS" start="2024-06-17T02:34:23.762754" elapsed="0.000610"/>
</kw>
<kw name="Log" owner="BuiltIn">
<msg time="2024-06-17T02:34:23.763891" level="INFO">666</msg>
<arg>${json_data['results'][0]['location']['postcode']}</arg>
<doc>Logs the given message with the given level.</doc>
<status status="PASS" start="2024-06-17T02:34:23.763555" elapsed="0.000377"/>
</kw>
<status status="PASS" start="2024-06-17T02:34:23.668725" elapsed="0.095479"/>
</kw>
<doc>Testa se os tipos de dados na resposta da API estão corretos.</doc>
<tag>testeTiposDados</tag>
<status status="PASS" start="2024-06-17T02:34:23.582336" elapsed="0.182036"/>
</test>
<test id="s1-s1-t5" name="Validar conteudo" line="35">
<kw name="Teste de Tipos de Conteudo" owner="random-user-service">
<kw name="GET On Session" owner="RequestsLibrary">
<msg time="2024-06-17T02:34:23.862230" level="INFO">GET Request : url=https://randomuser.me/api 
 path_url=/api 
 headers={'User-Agent': 'python-requests/2.32.3', 'Accept-Encoding': 'gzip, deflate', 'Accept': '*/*', 'Connection': 'keep-alive'} 
 body=None 
 </msg>
<msg time="2024-06-17T02:34:23.862295" level="INFO">GET Response : url=https://randomuser.me/api 
 status=200, reason=OK 
 headers={'Date': 'Mon, 17 Jun 2024 02:34:23 GMT', 'Content-Type': 'application/json; charset=utf-8', 'Transfer-Encoding': 'chunked', 'Connection': 'keep-alive', 'X-Powered-By': 'Express', 'Access-Control-Allow-Origin': '*', 'Cache-Control': 'no-cache', 'ETag': 'W/"46d-FIDibXhKsWMR9sV1LldIh/rhSAY"', 'Vary': 'Accept-Encoding', 'Content-Encoding': 'gzip', 'CF-Cache-Status': 'DYNAMIC', 'Report-To': '{"endpoints":[{"url":"https:\\/\\/a.nel.cloudflare.com\\/report\\/v4?s=28RBy5nPyxUd2fIK1oWfj7Zfp15sVyXNI5M%2FChvR0OGQIvI2TItHpH%2Bgets5bflZ0bq2fS2kiLL7IhuUeBaAqc%2BqwFNrJMX%2FNsWC9IruDoi4KSbwjKMFAYi1lTjH01HB"}],"group":"cf-nel","max_age":604800}', 'NEL': '{"success_fraction":0,"report_to":"cf-nel","max_age":604800}', 'Server': 'cloudflare', 'CF-RAY': '894fa3ea9b32700a-IAD', 'alt-svc': 'h3=":443"; ma=86400'} 
 body={"results":[{"gender":"male","name":{"title":"Mr","first":"Oscar","last":"Andersen"},"location":{"street":{"number":1836,"name":"Åparken"},"city":"Fredeikssund","state":"Nordjylland","country":"Denmark","postcode":69435,"coordinates":{"latitude":"-43.0429","longitude":"-108.1265"},"timezone":{"offset":"+4:30","description":"Kabul"}},"email":"oscar.andersen@example.com","login":{"uuid":"b0a2f38a-376d-4d7b-aaea-c9590c94c897","username":"tinyostrich820","password":"nomore","salt":"pBz11BR6","md5":"42469ccd68740b1c0df56c1fbccd2e43","sha1":"0ae0df7c90c4108a8a733cf19b520d00838c85c3","sha256":"67480f15150bc6d10517860c0465ab302800b4ec3669ec421c3e8a357f96e185"},"dob":{"date":"1977-02-21T10:49:57.575Z","age":47},"registered":{"date":"2008-11-06T11:34:46.381Z","age":15},"phone":"08627564","cell":"52341699","id":{"name":"CPR","value":"210277-4942"},"picture":{"large":"https://randomuser.me/api/portraits/men/61.jpg","medium":"https://randomuser.me/api/portraits/med/men/61.jpg","thumbnail":"https://randomuser.me/api/portraits/thumb/men/61.jpg"},"nat":"DK"}],"info":{"seed":"12bf6f0f4d1f355a","results":1,"page":1,"version":"1.4"}} 
 </msg>
<msg time="2024-06-17T02:34:23.862352" level="INFO">/opt/hostedtoolcache/Python/3.12.3/x64/lib/python3.12/site-packages/urllib3/connectionpool.py:1103: InsecureRequestWarning: Unverified HTTPS request is being made to host 'randomuser.me'. Adding certificate verification is strongly advised. See: https://urllib3.readthedocs.io/en/latest/advanced-usage.html#tls-warnings
  warnings.warn(</msg>
<msg time="2024-06-17T02:34:23.862457" level="INFO">${response} = &lt;Response [200]&gt;</msg>
<var>${response}</var>
<arg>consultarAPI</arg>
<arg>/api</arg>
<doc>Sends a GET request on a previously created HTTP Session.</doc>
<status status="PASS" start="2024-06-17T02:34:23.766838" elapsed="0.095658"/>
</kw>
<kw name="Set Variable" owner="BuiltIn">
<msg time="2024-06-17T02:34:23.863322" level="INFO">${json_data} = {'results': [{'gender': 'male', 'name': {'title': 'Mr', 'first': 'Oscar', 'last': 'Andersen'}, 'location': {'street': {'number': 1836, 'name': 'Åparken'}, 'city': 'Fredeikssund', 'state': 'Nordjylland...</msg>
<var>${json_data}</var>
<arg>${response.json()}</arg>
<doc>Returns the given values which can then be assigned to a variables.</doc>
<status status="PASS" start="2024-06-17T02:34:23.862870" elapsed="0.000483"/>
</kw>
<kw name="Set Variable" owner="BuiltIn">
<msg time="2024-06-17T02:34:23.864038" level="INFO">${name_title} = Mr</msg>
<var>${name_title}</var>
<arg>${json_data["results"][0]["name"]["title"]}</arg>
<doc>Returns the given values which can then be assigned to a variables.</doc>
<status status="PASS" start="2024-06-17T02:34:23.863662" elapsed="0.000401"/>
</kw>
<kw name="Create List" owner="BuiltIn">
<msg time="2024-06-17T02:34:23.864513" level="INFO">${allowed_titles} = ['Mr', 'Ms', 'Miss', 'Mrs', 'Madame', 'Monsieur']</msg>
<var>${allowed_titles}</var>
<arg>Mr</arg>
<arg>Ms</arg>
<arg>Miss</arg>
<arg>Mrs</arg>
<arg>Madame</arg>
<arg>Monsieur</arg>
<doc>Returns a list containing given items.</doc>
<status status="PASS" start="2024-06-17T02:34:23.864365" elapsed="0.000172"/>
</kw>
<kw name="List Should Contain Value" owner="Collections">
<arg>${allowed_titles}</arg>
<arg>${name_title}</arg>
<doc>Fails if the ``value`` is not found from ``list``.</doc>
<status status="PASS" start="2024-06-17T02:34:23.864841" elapsed="0.000220"/>
</kw>
<kw name="Set Variable" owner="BuiltIn">
<msg time="2024-06-17T02:34:23.865624" level="INFO">${name_country} = DK</msg>
<var>${name_country}</var>
<arg>${json_data["results"][0]["nat"]}</arg>
<doc>Returns the given values which can then be assigned to a variables.</doc>
<status status="PASS" start="2024-06-17T02:34:23.865252" elapsed="0.000396"/>
</kw>
<kw name="Create List" owner="BuiltIn">
<msg time="2024-06-17T02:34:23.866537" level="INFO">${list_country} = ['AD', 'AE', 'AF', 'AG', 'AI', 'AL', 'AM', 'AO', 'AQ', 'AR', 'AS', 'AT', 'AU', 'AW', 'AX', 'AZ', 'BA', 'BB', 'BD', 'BE', 'BF', 'BG', 'BH', 'BI', 'BJ', 'BL', 'BM', 'BN', 'BO', 'BQ', 'BR', 'BS', 'BT', '...</msg>
<var>${list_country}</var>
<arg>AD</arg>
<arg>AE</arg>
<arg>AF</arg>
<arg>AG</arg>
<arg>AI</arg>
<arg>AL</arg>
<arg>AM</arg>
<arg>AO</arg>
<arg>AQ</arg>
<arg>AR</arg>
<arg>AS</arg>
<arg>AT</arg>
<arg>AU</arg>
<arg>AW</arg>
<arg>AX</arg>
<arg>AZ</arg>
<arg>BA</arg>
<arg>BB</arg>
<arg>BD</arg>
<arg>BE</arg>
<arg>BF</arg>
<arg>BG</arg>
<arg>BH</arg>
<arg>BI</arg>
<arg>BJ</arg>
<arg>BL</arg>
<arg>BM</arg>
<arg>BN</arg>
<arg>BO</arg>
<arg>BQ</arg>
<arg>BR</arg>
<arg>BS</arg>
<arg>BT</arg>
<arg>BV</arg>
<arg>BW</arg>
<arg>BY</arg>
<arg>BZ</arg>
<arg>CA</arg>
<arg>CC</arg>
<arg>CD</arg>
<arg>CF</arg>
<arg>CG</arg>
<arg>CH</arg>
<arg>CI</arg>
<arg>CK</arg>
<arg>CL</arg>
<arg>CM</arg>
<arg>CN</arg>
<arg>CO</arg>
<arg>CR</arg>
<arg>CU</arg>
<arg>CV</arg>
<arg>CW</arg>
<arg>CX</arg>
<arg>CY</arg>
<arg>CZ</arg>
<arg>DE</arg>
<arg>DJ</arg>
<arg>DK</arg>
<arg>DM</arg>
<arg>DO</arg>
<arg>DZ</arg>
<arg>EC</arg>
<arg>EE</arg>
<arg>EG</arg>
<arg>EH</arg>
<arg>ER</arg>
<arg>ES</arg>
<arg>ET</arg>
<arg>FI</arg>
<arg>FJ</arg>
<arg>FK</arg>
<arg>FM</arg>
<arg>FO</arg>
<arg>FR</arg>
<arg>GA</arg>
<arg>GB</arg>
<arg>GD</arg>
<arg>GE</arg>
<arg>GF</arg>
<arg>GG</arg>
<arg>GH</arg>
<arg>GI</arg>
<arg>GL</arg>
<arg>GM</arg>
<arg>GN</arg>
<arg>GP</arg>
<arg>GQ</arg>
<arg>GR</arg>
<arg>GS</arg>
<arg>GT</arg>
<arg>GU</arg>
<arg>GW</arg>
<arg>GY</arg>
<arg>HK</arg>
<arg>HM</arg>
<arg>HN</arg>
<arg>HR</arg>
<arg>HT</arg>
<arg>HU</arg>
<arg>ID</arg>
<arg>IE</arg>
<arg>IL</arg>
<arg>IM</arg>
<arg>IN</arg>
<arg>IO</arg>
<arg>IQ</arg>
<arg>IR</arg>
<arg>IS</arg>
<arg>IT</arg>
<arg>JE</arg>
<arg>JM</arg>
<arg>JO</arg>
<arg>JP</arg>
<arg>KE</arg>
<arg>KG</arg>
<arg>KH</arg>
<arg>KI</arg>
<arg>KM</arg>
<arg>KN</arg>
<arg>KP</arg>
<arg>KR</arg>
<arg>KW</arg>
<arg>KY</arg>
<arg>KZ</arg>
<arg>LA</arg>
<arg>LB</arg>
<arg>LC</arg>
<arg>LI</arg>
<arg>LK</arg>
<arg>LR</arg>
<arg>LS</arg>
<arg>LT</arg>
<arg>LU</arg>
<arg>LV</arg>
<arg>LY</arg>
<arg>MA</arg>
<arg>MC</arg>
<arg>MD</arg>
<arg>ME</arg>
<arg>MF</arg>
<arg>MG</arg>
<arg>MH</arg>
<arg>MK</arg>
<arg>ML</arg>
<arg>MM</arg>
<arg>MN</arg>
<arg>MO</arg>
<arg>MP</arg>
<arg>MQ</arg>
<arg>MR</arg>
<arg>MS</arg>
<arg>MT</arg>
<arg>MU</arg>
<arg>MV</arg>
<arg>MW</arg>
<arg>MX</arg>
<arg>MY</arg>
<arg>MZ</arg>
<arg>NA</arg>
<arg>NC</arg>
<arg>NE</arg>
<arg>NF</arg>
<arg>NG</arg>
<arg>NI</arg>
<arg>NL</arg>
<arg>NO</arg>
<arg>NP</arg>
<arg>NR</arg>
<arg>NU</arg>
<arg>NZ</arg>
<arg>OM</arg>
<arg>PA</arg>
<arg>PE</arg>
<arg>PF</arg>
<arg>PG</arg>
<arg>PH</arg>
<arg>PK</arg>
<arg>PL</arg>
<arg>PM</arg>
<arg>PN</arg>
<arg>PR</arg>
<arg>PS</arg>
<arg>PT</arg>
<arg>PW</arg>
<arg>PY</arg>
<arg>QA</arg>
<arg>RE</arg>
<arg>RO</arg>
<arg>RS</arg>
<arg>RU</arg>
<arg>RW</arg>
<arg>SA</arg>
<arg>SB</arg>
<arg>SC</arg>
<arg>SD</arg>
<arg>SE</arg>
<arg>SG</arg>
<arg>SH</arg>
<arg>SI</arg>
<arg>SJ</arg>
<arg>SK</arg>
<arg>SL</arg>
<arg>SM</arg>
<arg>SN</arg>
<arg>SO</arg>
<arg>SR</arg>
<arg>SS</arg>
<arg>ST</arg>
<arg>SV</arg>
<arg>SX</arg>
<arg>SY</arg>
<arg>SZ</arg>
<arg>TC</arg>
<arg>TD</arg>
<arg>TF</arg>
<arg>TG</arg>
<arg>TH</arg>
<arg>TJ</arg>
<arg>TK</arg>
<arg>TL</arg>
<arg>TM</arg>
<arg>TN</arg>
<arg>TO</arg>
<arg>TR</arg>
<arg>TT</arg>
<arg>TV</arg>
<arg>TW</arg>
<arg>TZ</arg>
<arg>UA</arg>
<arg>UG</arg>
<arg>UM</arg>
<arg>US</arg>
<arg>UY</arg>
<arg>UZ</arg>
<arg>VA</arg>
<arg>VC</arg>
<arg>VE</arg>
<arg>VG</arg>
<arg>VI</arg>
<arg>VN</arg>
<arg>VU</arg>
<arg>WF</arg>
<arg>WS</arg>
<arg>XK</arg>
<arg>YE</arg>
<arg>YT</arg>
<arg>ZA</arg>
<arg>ZM</arg>
<arg>ZW</arg>
<doc>Returns a list containing given items.</doc>
<status status="PASS" start="2024-06-17T02:34:23.865942" elapsed="0.000620"/>
</kw>
<kw name="List Should Contain Value" owner="Collections">
<arg>${list_country}</arg>
<arg>${name_country}</arg>
<doc>Fails if the ``value`` is not found from ``list``.</doc>
<status status="PASS" start="2024-06-17T02:34:23.867348" elapsed="0.000203"/>
</kw>
<kw name="Run Keyword If" owner="BuiltIn">
<kw name="Should Be True" owner="BuiltIn">
<arg>${True}</arg>
<doc>Fails if the given condition is not true.</doc>
<status status="PASS" start="2024-06-17T02:34:23.868594" elapsed="0.000143"/>
</kw>
<arg>${json_data["results"][0]["location"]["coordinates"]["latitude"]} &gt;= -90 and ${json_data["results"][0]["location"]["coordinates"]["latitude"]} &lt;= 90</arg>
<arg>Should Be True</arg>
<arg>${True}</arg>
<doc>Runs the given keyword with the given arguments, if ``condition`` is true.</doc>
<status status="PASS" start="2024-06-17T02:34:23.867746" elapsed="0.001119"/>
</kw>
<kw name="Run Keyword If" owner="BuiltIn">
<kw name="Should Be True" owner="BuiltIn">
<arg>${True}</arg>
<doc>Fails if the given condition is not true.</doc>
<status status="PASS" start="2024-06-17T02:34:23.869775" elapsed="0.000140"/>
</kw>
<arg>${json_data["results"][0]["location"]["coordinates"]["longitude"]} &gt;= -180 and ${json_data["results"][0]["location"]["coordinates"]["longitude"]} &lt;= 180</arg>
<arg>Should Be True</arg>
<arg>${True}</arg>
<doc>Runs the given keyword with the given arguments, if ``condition`` is true.</doc>
<status status="PASS" start="2024-06-17T02:34:23.869079" elapsed="0.000960"/>
</kw>
<status status="PASS" start="2024-06-17T02:34:23.766621" elapsed="0.103546"/>
</kw>
<doc>Testa o conteúdo específico dos campos retornados pela API.</doc>
<tag>testeConteudo</tag>
<status status="PASS" start="2024-06-17T02:34:23.766184" elapsed="0.104126"/>
</test>
<status status="PASS" start="2024-06-17T02:34:22.927269" elapsed="0.944925"/>
</suite>
<status status="PASS" start="2024-06-17T02:34:22.912737" elapsed="0.964462"/>
</suite>
<statistics>
<total>
<stat pass="5" fail="0" skip="0">All Tests</stat>
</total>
<tag>
<stat pass="1" fail="0" skip="0">testeConteudo</stat>
<stat pass="1" fail="0" skip="0">testeEstruturaResposta</stat>
<stat pass="1" fail="0" skip="0">testeRequisicaoBasica</stat>
<stat pass="1" fail="0" skip="0">testeTiposDados</stat>
</tag>
<suite>
<stat pass="5" fail="0" skip="0" id="s1" name="Tests">Tests</stat>
<stat pass="5" fail="0" skip="0" id="s1-s1" name="Random-User-Test">Tests.Random-User-Test</stat>
</suite>
</statistics>
<errors>
</errors>
</robot>
