<?xml version="1.0" encoding="UTF-8"?>
<robot generator="Robot 7.0 (Python 3.12.2 on linux)" generated="2024-03-29T05:13:30.867647" rpa="false" schemaversion="5">
<suite id="s1" name="Tests" source="/home/runner/work/DesafioQAItauRogerioJordao/DesafioQAItauRogerioJordao/RamdonUser/tests">
<suite id="s1-s1" name="Random-User-Test" source="/home/runner/work/DesafioQAItauRogerioJordao/DesafioQAItauRogerioJordao/RamdonUser/tests/random-user-test.robot">
<test id="s1-s1-t1" name="Conectar" line="13">
<kw name="Conectar API" owner="random-user-service">
<kw name="Create Session" owner="RequestsLibrary">
<msg time="2024-03-29T05:13:31.263208" level="INFO">Creating Session using : alias=consultarAPI, url=https://randomuser.me/, headers={},                     cookies={}, auth=None, timeout=None, proxies=None, verify=False,                     debug=0 </msg>
<arg>consultarAPI</arg>
<arg>${URL}</arg>
<doc>Create Session: create a HTTP session to a server</doc>
<status status="PASS" start="2024-03-29T05:13:31.262985" elapsed="0.000414"/>
</kw>
<status status="PASS" start="2024-03-29T05:13:31.261919" elapsed="0.001854"/>
</kw>
<status status="PASS" start="2024-03-29T05:13:31.261321" elapsed="0.002671"/>
</test>
<test id="s1-s1-t2" name="Validar retorno 200 e JSON Válido" line="16">
<kw name="Teste de Requisicao Basica" owner="random-user-service">
<kw name="GET On Session" owner="RequestsLibrary">
<msg time="2024-03-29T05:13:31.343062" level="INFO">GET Request : url=https://randomuser.me/api 
 path_url=/api 
 headers={'User-Agent': 'python-requests/2.31.0', 'Accept-Encoding': 'gzip, deflate', 'Accept': '*/*', 'Connection': 'keep-alive'} 
 body=None 
 </msg>
<msg time="2024-03-29T05:13:31.343213" level="INFO">GET Response : url=https://randomuser.me/api 
 status=200, reason=OK 
 headers={'Date': 'Fri, 29 Mar 2024 05:13:31 GMT', 'Content-Type': 'application/json; charset=utf-8', 'Transfer-Encoding': 'chunked', 'Connection': 'keep-alive', 'X-Powered-By': 'Express', 'Access-Control-Allow-Origin': '*', 'Cache-Control': 'no-cache', 'ETag': 'W/"49f-9lUbEZ5N4yGODOLMaPK6YXA5Y/Q"', 'Vary': 'Accept-Encoding', 'Content-Encoding': 'gzip', 'CF-Cache-Status': 'DYNAMIC', 'Report-To': '{"endpoints":[{"url":"https:\\/\\/a.nel.cloudflare.com\\/report\\/v4?s=mZ0hdQFTK9kR0P4EDWyw4%2FHPl4ysDgUkfs4pcnxJIy8ee00Ssvar1OdCbOybe0LjN7YZ6PmXO2JX%2BNZq4iw1%2FrcE57cUyg2cKOQEn%2F8s0SBU8WTb5PljGV9RnEiP%2FeZD"}],"group":"cf-nel","max_age":604800}', 'NEL': '{"success_fraction":0,"report_to":"cf-nel","max_age":604800}', 'Server': 'cloudflare', 'CF-RAY': '86bd5f02ae840831-IAD', 'alt-svc': 'h3=":443"; ma=86400'} 
 body={"results":[{"gender":"female","name":{"title":"Miss","first":"Floortje","last":"Habers"},"location":{"street":{"number":14,"name":"Hof van Zuilenstein"},"city":"Oirsbeek","state":"Utrecht","country":"Netherlands","postcode":"8919 XS","coordinates":{"latitude":"37.1111","longitude":"87.9599"},"timezone":{"offset":"-1:00","description":"Azores, Cape Verde Islands"}},"email":"floortje.habers@example.com","login":{"uuid":"44260bad-10b4-45d3-a270-420074d5fbc7","username":"beautifulelephant259","password":"iron","salt":"bSquZmxl","md5":"9a1adcb4b4980720fd9857c130546447","sha1":"7a6e40fcecc148e109675ec0a86847a308d12649","sha256":"17745da481a3cb440709f7d88a25f5f8d1f761d7841efb61bb1963ea9f8d48b8"},"dob":{"date":"1945-01-23T11:10:29.318Z","age":79},"registered":{"date":"2003-01-22T03:59:06.862Z","age":21},"phone":"(038) 3977401","cell":"(06) 70877417","id":{"name":"BSN","value":"47923866"},"picture":{"large":"https://randomuser.me/api/portraits/women/48.jpg","medium":"https://randomuser.me/api/portraits/med/women/48.jpg","thumbnail":"https://randomuser.me/api/portraits/thumb/women/48.jpg"},"nat":"NL"}],"info":{"seed":"df1296fdb706e727","results":1,"page":1,"version":"1.4"}} 
 </msg>
<msg time="2024-03-29T05:13:31.343322" level="INFO">/opt/hostedtoolcache/Python/3.12.2/x64/lib/python3.12/site-packages/urllib3/connectionpool.py:1103: InsecureRequestWarning: Unverified HTTPS request is being made to host 'randomuser.me'. Adding certificate verification is strongly advised. See: https://urllib3.readthedocs.io/en/latest/advanced-usage.html#tls-warnings
  warnings.warn(</msg>
<msg time="2024-03-29T05:13:31.343458" level="INFO">${response} = &lt;Response [200]&gt;</msg>
<var>${response}</var>
<arg>consultarAPI</arg>
<arg>/api</arg>
<doc>Sends a GET request on a previously created HTTP Session.</doc>
<status status="PASS" start="2024-03-29T05:13:31.266640" elapsed="0.076859"/>
</kw>
<kw name="Should Be Equal As Numbers" owner="BuiltIn">
<msg time="2024-03-29T05:13:31.344573" level="INFO">Argument types are:
&lt;class 'int'&gt;
&lt;class 'str'&gt;</msg>
<arg>${response.status_code}</arg>
<arg>200</arg>
<doc>Fails if objects are unequal after converting them to real numbers.</doc>
<status status="PASS" start="2024-03-29T05:13:31.344061" elapsed="0.000583"/>
</kw>
<kw name="Log" owner="BuiltIn">
<msg time="2024-03-29T05:13:31.345381" level="INFO">200</msg>
<arg>${response.status_code}</arg>
<doc>Logs the given message with the given level.</doc>
<status status="PASS" start="2024-03-29T05:13:31.345004" elapsed="0.000423"/>
</kw>
<kw name="Set Variable" owner="BuiltIn">
<msg time="2024-03-29T05:13:31.346247" level="INFO">${json_data} = {'results': [{'gender': 'female', 'name': {'title': 'Miss', 'first': 'Floortje', 'last': 'Habers'}, 'location': {'street': {'number': 14, 'name': 'Hof van Zuilenstein'}, 'city': 'Oirsbeek', 'state': '...</msg>
<var>${json_data}</var>
<arg>${response.json()}</arg>
<doc>Returns the given values which can then be assigned to a variables.</doc>
<status status="PASS" start="2024-03-29T05:13:31.345788" elapsed="0.000488"/>
</kw>
<kw name="Dictionary Should Contain Key" owner="Collections">
<msg time="2024-03-29T05:13:31.346761" level="INFO">False</msg>
<arg>${json_data}</arg>
<arg>results</arg>
<doc>Fails if ``key`` is not found from ``dictionary``.</doc>
<status status="PASS" start="2024-03-29T05:13:31.346588" elapsed="0.000214"/>
</kw>
<status status="PASS" start="2024-03-29T05:13:31.266380" elapsed="0.080690"/>
</kw>
<doc>Testa se a API responde corretamente e retorna um objeto JSON válido.</doc>
<tag>testeRequisicaoBasica</tag>
<status status="PASS" start="2024-03-29T05:13:31.265875" elapsed="0.081390"/>
</test>
<test id="s1-s1-t3" name="Validar estrutura de resposta" line="22">
<kw name="Teste de Estrutura de Resposta" owner="random-user-service">
<kw name="GET On Session" owner="RequestsLibrary">
<msg time="2024-03-29T05:13:31.453599" level="INFO">GET Request : url=https://randomuser.me/api 
 path_url=/api 
 headers={'User-Agent': 'python-requests/2.31.0', 'Accept-Encoding': 'gzip, deflate', 'Accept': '*/*', 'Connection': 'keep-alive'} 
 body=None 
 </msg>
<msg time="2024-03-29T05:13:31.453733" level="INFO">GET Response : url=https://randomuser.me/api 
 status=200, reason=OK 
 headers={'Date': 'Fri, 29 Mar 2024 05:13:31 GMT', 'Content-Type': 'application/json; charset=utf-8', 'Transfer-Encoding': 'chunked', 'Connection': 'keep-alive', 'X-Powered-By': 'Express', 'Access-Control-Allow-Origin': '*', 'Cache-Control': 'no-cache', 'ETag': 'W/"48c-xnBGqlKAK4fQuFymPmUcNUkGv7g"', 'Vary': 'Accept-Encoding', 'Content-Encoding': 'gzip', 'CF-Cache-Status': 'DYNAMIC', 'Report-To': '{"endpoints":[{"url":"https:\\/\\/a.nel.cloudflare.com\\/report\\/v4?s=6JhwFYC7vbha9tjBJoGk84CPdncttXPUCWARIeSfg2KC19sTj0hpJ6VyA1savHmmBCQfv0KTHyu73ukXvdQoXCwy6svHN00T7L3deaT5U0DXLHeJaOlrtHbnbLRUIFZk"}],"group":"cf-nel","max_age":604800}', 'NEL': '{"success_fraction":0,"report_to":"cf-nel","max_age":604800}', 'Server': 'cloudflare', 'CF-RAY': '86bd5f02fef00831-IAD', 'alt-svc': 'h3=":443"; ma=86400'} 
 body={"results":[{"gender":"female","name":{"title":"Mrs","first":"Vidya","last":"Singh"},"location":{"street":{"number":426,"name":"Bhavani Peth"},"city":"Sangli","state":"Maharashtra","country":"India","postcode":23492,"coordinates":{"latitude":"8.1653","longitude":"81.5625"},"timezone":{"offset":"+10:00","description":"Eastern Australia, Guam, Vladivostok"}},"email":"vidya.singh@example.com","login":{"uuid":"fe8f01d9-2b2c-487f-9522-45f56d296d0a","username":"bluefish386","password":"bigbird","salt":"TiWHC0Kx","md5":"95eb9c2cef5505e1e5a4513265532c27","sha1":"315f1d91d172d9731055b9e49630178225f12d37","sha256":"17112eb6851804947d070f40a4dc7bfed4c1bc9e25f5275730936599cf531954"},"dob":{"date":"1999-06-26T00:59:04.737Z","age":24},"registered":{"date":"2008-11-21T22:12:41.668Z","age":15},"phone":"9154806378","cell":"7838115560","id":{"name":"UIDAI","value":"801846063290"},"picture":{"large":"https://randomuser.me/api/portraits/women/40.jpg","medium":"https://randomuser.me/api/portraits/med/women/40.jpg","thumbnail":"https://randomuser.me/api/portraits/thumb/women/40.jpg"},"nat":"IN"}],"info":{"seed":"3359daac990ea8ec","results":1,"page":1,"version":"1.4"}} 
 </msg>
<msg time="2024-03-29T05:13:31.453937" level="INFO">/opt/hostedtoolcache/Python/3.12.2/x64/lib/python3.12/site-packages/urllib3/connectionpool.py:1103: InsecureRequestWarning: Unverified HTTPS request is being made to host 'randomuser.me'. Adding certificate verification is strongly advised. See: https://urllib3.readthedocs.io/en/latest/advanced-usage.html#tls-warnings
  warnings.warn(</msg>
<msg time="2024-03-29T05:13:31.454131" level="INFO">${response} = &lt;Response [200]&gt;</msg>
<var>${response}</var>
<arg>consultarAPI</arg>
<arg>/api</arg>
<doc>Sends a GET request on a previously created HTTP Session.</doc>
<status status="PASS" start="2024-03-29T05:13:31.350066" elapsed="0.104115"/>
</kw>
<kw name="Set Variable" owner="BuiltIn">
<msg time="2024-03-29T05:13:31.455713" level="INFO">${json_data} = {'results': [{'gender': 'female', 'name': {'title': 'Mrs', 'first': 'Vidya', 'last': 'Singh'}, 'location': {'street': {'number': 426, 'name': 'Bhavani Peth'}, 'city': 'Sangli', 'state': 'Maharashtra',...</msg>
<var>${json_data}</var>
<arg>${response.json()}</arg>
<doc>Returns the given values which can then be assigned to a variables.</doc>
<status status="PASS" start="2024-03-29T05:13:31.454869" elapsed="0.000890"/>
</kw>
<kw name="Log" owner="BuiltIn">
<msg time="2024-03-29T05:13:31.456584" level="INFO">{'results': [{'gender': 'female', 'name': {'title': 'Mrs', 'first': 'Vidya', 'last': 'Singh'}, 'location': {'street': {'number': 426, 'name': 'Bhavani Peth'}, 'city': 'Sangli', 'state': 'Maharashtra', 'country': 'India', 'postcode': 23492, 'coordinates': {'latitude': '8.1653', 'longitude': '81.5625'}, 'timezone': {'offset': '+10:00', 'description': 'Eastern Australia, Guam, Vladivostok'}}, 'email': 'vidya.singh@example.com', 'login': {'uuid': 'fe8f01d9-2b2c-487f-9522-45f56d296d0a', 'username': 'bluefish386', 'password': 'bigbird', 'salt': 'TiWHC0Kx', 'md5': '95eb9c2cef5505e1e5a4513265532c27', 'sha1': '315f1d91d172d9731055b9e49630178225f12d37', 'sha256': '17112eb6851804947d070f40a4dc7bfed4c1bc9e25f5275730936599cf531954'}, 'dob': {'date': '1999-06-26T00:59:04.737Z', 'age': 24}, 'registered': {'date': '2008-11-21T22:12:41.668Z', 'age': 15}, 'phone': '9154806378', 'cell': '7838115560', 'id': {'name': 'UIDAI', 'value': '801846063290'}, 'picture': {'large': 'https://randomuser.me/api/portraits/women/40.jpg', 'medium': 'https://randomuser.me/api/portraits/med/women/40.jpg', 'thumbnail': 'https://randomuser.me/api/portraits/thumb/women/40.jpg'}, 'nat': 'IN'}], 'info': {'seed': '3359daac990ea8ec', 'results': 1, 'page': 1, 'version': '1.4'}}</msg>
<arg>${json_data}</arg>
<doc>Logs the given message with the given level.</doc>
<status status="PASS" start="2024-03-29T05:13:31.456327" elapsed="0.000333"/>
</kw>
<kw name="Dictionary Should Contain Key" owner="Collections">
<msg time="2024-03-29T05:13:31.457367" level="INFO">False</msg>
<arg>${json_data}</arg>
<arg>results</arg>
<doc>Fails if ``key`` is not found from ``dictionary``.</doc>
<status status="PASS" start="2024-03-29T05:13:31.457109" elapsed="0.000323"/>
</kw>
<kw name="Should Not Be Empty" owner="BuiltIn">
<msg time="2024-03-29T05:13:31.458097" level="INFO">Length is 2.</msg>
<arg>${json_data}</arg>
<doc>Verifies that the given item is not empty.</doc>
<status status="PASS" start="2024-03-29T05:13:31.457887" elapsed="0.000279"/>
</kw>
<kw name="Create List" owner="BuiltIn">
<msg time="2024-03-29T05:13:31.458893" level="INFO">${expected_keys} = ['gender', 'name', 'location', 'email', 'login']</msg>
<var>${expected_keys}</var>
<arg>gender</arg>
<arg>name</arg>
<arg>location</arg>
<arg>email</arg>
<arg>login</arg>
<doc>Returns a list containing given items.</doc>
<status status="PASS" start="2024-03-29T05:13:31.458640" elapsed="0.000297"/>
</kw>
<for flavor="IN">
<iter>
<kw name="Dictionary Should Contain Key" owner="Collections">
<msg time="2024-03-29T05:13:31.460577" level="INFO">False</msg>
<arg>${json_data['results'][0]}</arg>
<arg>${key}</arg>
<doc>Fails if ``key`` is not found from ``dictionary``.</doc>
<status status="PASS" start="2024-03-29T05:13:31.459863" elapsed="0.000778"/>
</kw>
<kw name="Log" owner="BuiltIn">
<msg time="2024-03-29T05:13:31.461764" level="INFO">{'gender': 'female', 'name': {'title': 'Mrs', 'first': 'Vidya', 'last': 'Singh'}, 'location': {'street': {'number': 426, 'name': 'Bhavani Peth'}, 'city': 'Sangli', 'state': 'Maharashtra', 'country': 'India', 'postcode': 23492, 'coordinates': {'latitude': '8.1653', 'longitude': '81.5625'}, 'timezone': {'offset': '+10:00', 'description': 'Eastern Australia, Guam, Vladivostok'}}, 'email': 'vidya.singh@example.com', 'login': {'uuid': 'fe8f01d9-2b2c-487f-9522-45f56d296d0a', 'username': 'bluefish386', 'password': 'bigbird', 'salt': 'TiWHC0Kx', 'md5': '95eb9c2cef5505e1e5a4513265532c27', 'sha1': '315f1d91d172d9731055b9e49630178225f12d37', 'sha256': '17112eb6851804947d070f40a4dc7bfed4c1bc9e25f5275730936599cf531954'}, 'dob': {'date': '1999-06-26T00:59:04.737Z', 'age': 24}, 'registered': {'date': '2008-11-21T22:12:41.668Z', 'age': 15}, 'phone': '9154806378', 'cell': '7838115560', 'id': {'name': 'UIDAI', 'value': '801846063290'}, 'picture': {'large': 'https://randomuser.me/api/portraits/women/40.jpg', 'medium': 'https://randomuser.me/api/portraits/med/women/40.jpg', 'thumbnail': 'https://randomuser.me/api/portraits/thumb/women/40.jpg'}, 'nat': 'IN'}</msg>
<arg>${json_data['results'][0]}</arg>
<doc>Logs the given message with the given level.</doc>
<status status="PASS" start="2024-03-29T05:13:31.461120" elapsed="0.000739"/>
</kw>
<kw name="Log" owner="BuiltIn">
<msg time="2024-03-29T05:13:31.462573" level="INFO">gender</msg>
<arg>${key}</arg>
<doc>Logs the given message with the given level.</doc>
<status status="PASS" start="2024-03-29T05:13:31.462358" elapsed="0.000288"/>
</kw>
<var name="${key}">gender</var>
<status status="PASS" start="2024-03-29T05:13:31.459674" elapsed="0.003342"/>
</iter>
<iter>
<kw name="Dictionary Should Contain Key" owner="Collections">
<msg time="2024-03-29T05:13:31.464209" level="INFO">False</msg>
<arg>${json_data['results'][0]}</arg>
<arg>${key}</arg>
<doc>Fails if ``key`` is not found from ``dictionary``.</doc>
<status status="PASS" start="2024-03-29T05:13:31.463534" elapsed="0.000768"/>
</kw>
<kw name="Log" owner="BuiltIn">
<msg time="2024-03-29T05:13:31.465442" level="INFO">{'gender': 'female', 'name': {'title': 'Mrs', 'first': 'Vidya', 'last': 'Singh'}, 'location': {'street': {'number': 426, 'name': 'Bhavani Peth'}, 'city': 'Sangli', 'state': 'Maharashtra', 'country': 'India', 'postcode': 23492, 'coordinates': {'latitude': '8.1653', 'longitude': '81.5625'}, 'timezone': {'offset': '+10:00', 'description': 'Eastern Australia, Guam, Vladivostok'}}, 'email': 'vidya.singh@example.com', 'login': {'uuid': 'fe8f01d9-2b2c-487f-9522-45f56d296d0a', 'username': 'bluefish386', 'password': 'bigbird', 'salt': 'TiWHC0Kx', 'md5': '95eb9c2cef5505e1e5a4513265532c27', 'sha1': '315f1d91d172d9731055b9e49630178225f12d37', 'sha256': '17112eb6851804947d070f40a4dc7bfed4c1bc9e25f5275730936599cf531954'}, 'dob': {'date': '1999-06-26T00:59:04.737Z', 'age': 24}, 'registered': {'date': '2008-11-21T22:12:41.668Z', 'age': 15}, 'phone': '9154806378', 'cell': '7838115560', 'id': {'name': 'UIDAI', 'value': '801846063290'}, 'picture': {'large': 'https://randomuser.me/api/portraits/women/40.jpg', 'medium': 'https://randomuser.me/api/portraits/med/women/40.jpg', 'thumbnail': 'https://randomuser.me/api/portraits/thumb/women/40.jpg'}, 'nat': 'IN'}</msg>
<arg>${json_data['results'][0]}</arg>
<doc>Logs the given message with the given level.</doc>
<status status="PASS" start="2024-03-29T05:13:31.464852" elapsed="0.000671"/>
</kw>
<kw name="Log" owner="BuiltIn">
<msg time="2024-03-29T05:13:31.466159" level="INFO">name</msg>
<arg>${key}</arg>
<doc>Logs the given message with the given level.</doc>
<status status="PASS" start="2024-03-29T05:13:31.465976" elapsed="0.000240"/>
</kw>
<var name="${key}">name</var>
<status status="PASS" start="2024-03-29T05:13:31.463346" elapsed="0.003174"/>
</iter>
<iter>
<kw name="Dictionary Should Contain Key" owner="Collections">
<msg time="2024-03-29T05:13:31.467550" level="INFO">False</msg>
<arg>${json_data['results'][0]}</arg>
<arg>${key}</arg>
<doc>Fails if ``key`` is not found from ``dictionary``.</doc>
<status status="PASS" start="2024-03-29T05:13:31.466939" elapsed="0.000677"/>
</kw>
<kw name="Log" owner="BuiltIn">
<msg time="2024-03-29T05:13:31.468629" level="INFO">{'gender': 'female', 'name': {'title': 'Mrs', 'first': 'Vidya', 'last': 'Singh'}, 'location': {'street': {'number': 426, 'name': 'Bhavani Peth'}, 'city': 'Sangli', 'state': 'Maharashtra', 'country': 'India', 'postcode': 23492, 'coordinates': {'latitude': '8.1653', 'longitude': '81.5625'}, 'timezone': {'offset': '+10:00', 'description': 'Eastern Australia, Guam, Vladivostok'}}, 'email': 'vidya.singh@example.com', 'login': {'uuid': 'fe8f01d9-2b2c-487f-9522-45f56d296d0a', 'username': 'bluefish386', 'password': 'bigbird', 'salt': 'TiWHC0Kx', 'md5': '95eb9c2cef5505e1e5a4513265532c27', 'sha1': '315f1d91d172d9731055b9e49630178225f12d37', 'sha256': '17112eb6851804947d070f40a4dc7bfed4c1bc9e25f5275730936599cf531954'}, 'dob': {'date': '1999-06-26T00:59:04.737Z', 'age': 24}, 'registered': {'date': '2008-11-21T22:12:41.668Z', 'age': 15}, 'phone': '9154806378', 'cell': '7838115560', 'id': {'name': 'UIDAI', 'value': '801846063290'}, 'picture': {'large': 'https://randomuser.me/api/portraits/women/40.jpg', 'medium': 'https://randomuser.me/api/portraits/med/women/40.jpg', 'thumbnail': 'https://randomuser.me/api/portraits/thumb/women/40.jpg'}, 'nat': 'IN'}</msg>
<arg>${json_data['results'][0]}</arg>
<doc>Logs the given message with the given level.</doc>
<status status="PASS" start="2024-03-29T05:13:31.468037" elapsed="0.000674"/>
</kw>
<kw name="Log" owner="BuiltIn">
<msg time="2024-03-29T05:13:31.469321" level="INFO">location</msg>
<arg>${key}</arg>
<doc>Logs the given message with the given level.</doc>
<status status="PASS" start="2024-03-29T05:13:31.469140" elapsed="0.000237"/>
</kw>
<var name="${key}">location</var>
<status status="PASS" start="2024-03-29T05:13:31.466779" elapsed="0.002908"/>
</iter>
<iter>
<kw name="Dictionary Should Contain Key" owner="Collections">
<msg time="2024-03-29T05:13:31.470696" level="INFO">False</msg>
<arg>${json_data['results'][0]}</arg>
<arg>${key}</arg>
<doc>Fails if ``key`` is not found from ``dictionary``.</doc>
<status status="PASS" start="2024-03-29T05:13:31.470125" elapsed="0.000631"/>
</kw>
<kw name="Log" owner="BuiltIn">
<msg time="2024-03-29T05:13:31.471788" level="INFO">{'gender': 'female', 'name': {'title': 'Mrs', 'first': 'Vidya', 'last': 'Singh'}, 'location': {'street': {'number': 426, 'name': 'Bhavani Peth'}, 'city': 'Sangli', 'state': 'Maharashtra', 'country': 'India', 'postcode': 23492, 'coordinates': {'latitude': '8.1653', 'longitude': '81.5625'}, 'timezone': {'offset': '+10:00', 'description': 'Eastern Australia, Guam, Vladivostok'}}, 'email': 'vidya.singh@example.com', 'login': {'uuid': 'fe8f01d9-2b2c-487f-9522-45f56d296d0a', 'username': 'bluefish386', 'password': 'bigbird', 'salt': 'TiWHC0Kx', 'md5': '95eb9c2cef5505e1e5a4513265532c27', 'sha1': '315f1d91d172d9731055b9e49630178225f12d37', 'sha256': '17112eb6851804947d070f40a4dc7bfed4c1bc9e25f5275730936599cf531954'}, 'dob': {'date': '1999-06-26T00:59:04.737Z', 'age': 24}, 'registered': {'date': '2008-11-21T22:12:41.668Z', 'age': 15}, 'phone': '9154806378', 'cell': '7838115560', 'id': {'name': 'UIDAI', 'value': '801846063290'}, 'picture': {'large': 'https://randomuser.me/api/portraits/women/40.jpg', 'medium': 'https://randomuser.me/api/portraits/med/women/40.jpg', 'thumbnail': 'https://randomuser.me/api/portraits/thumb/women/40.jpg'}, 'nat': 'IN'}</msg>
<arg>${json_data['results'][0]}</arg>
<doc>Logs the given message with the given level.</doc>
<status status="PASS" start="2024-03-29T05:13:31.471205" elapsed="0.000670"/>
</kw>
<kw name="Log" owner="BuiltIn">
<msg time="2024-03-29T05:13:31.472617" level="INFO">email</msg>
<arg>${key}</arg>
<doc>Logs the given message with the given level.</doc>
<status status="PASS" start="2024-03-29T05:13:31.472400" elapsed="0.000288"/>
</kw>
<var name="${key}">email</var>
<status status="PASS" start="2024-03-29T05:13:31.469944" elapsed="0.003109"/>
</iter>
<iter>
<kw name="Dictionary Should Contain Key" owner="Collections">
<msg time="2024-03-29T05:13:31.474240" level="INFO">False</msg>
<arg>${json_data['results'][0]}</arg>
<arg>${key}</arg>
<doc>Fails if ``key`` is not found from ``dictionary``.</doc>
<status status="PASS" start="2024-03-29T05:13:31.473558" elapsed="0.000751"/>
</kw>
<kw name="Log" owner="BuiltIn">
<msg time="2024-03-29T05:13:31.475382" level="INFO">{'gender': 'female', 'name': {'title': 'Mrs', 'first': 'Vidya', 'last': 'Singh'}, 'location': {'street': {'number': 426, 'name': 'Bhavani Peth'}, 'city': 'Sangli', 'state': 'Maharashtra', 'country': 'India', 'postcode': 23492, 'coordinates': {'latitude': '8.1653', 'longitude': '81.5625'}, 'timezone': {'offset': '+10:00', 'description': 'Eastern Australia, Guam, Vladivostok'}}, 'email': 'vidya.singh@example.com', 'login': {'uuid': 'fe8f01d9-2b2c-487f-9522-45f56d296d0a', 'username': 'bluefish386', 'password': 'bigbird', 'salt': 'TiWHC0Kx', 'md5': '95eb9c2cef5505e1e5a4513265532c27', 'sha1': '315f1d91d172d9731055b9e49630178225f12d37', 'sha256': '17112eb6851804947d070f40a4dc7bfed4c1bc9e25f5275730936599cf531954'}, 'dob': {'date': '1999-06-26T00:59:04.737Z', 'age': 24}, 'registered': {'date': '2008-11-21T22:12:41.668Z', 'age': 15}, 'phone': '9154806378', 'cell': '7838115560', 'id': {'name': 'UIDAI', 'value': '801846063290'}, 'picture': {'large': 'https://randomuser.me/api/portraits/women/40.jpg', 'medium': 'https://randomuser.me/api/portraits/med/women/40.jpg', 'thumbnail': 'https://randomuser.me/api/portraits/thumb/women/40.jpg'}, 'nat': 'IN'}</msg>
<arg>${json_data['results'][0]}</arg>
<doc>Logs the given message with the given level.</doc>
<status status="PASS" start="2024-03-29T05:13:31.474795" elapsed="0.000666"/>
</kw>
<kw name="Log" owner="BuiltIn">
<msg time="2024-03-29T05:13:31.476057" level="INFO">login</msg>
<arg>${key}</arg>
<doc>Logs the given message with the given level.</doc>
<status status="PASS" start="2024-03-29T05:13:31.475877" elapsed="0.000417"/>
</kw>
<var name="${key}">login</var>
<status status="PASS" start="2024-03-29T05:13:31.473362" elapsed="0.003324"/>
</iter>
<var>${key}</var>
<value>@{expected_keys}</value>
<status status="PASS" start="2024-03-29T05:13:31.459375" elapsed="0.017513"/>
</for>
<kw name="Create List" owner="BuiltIn">
<msg time="2024-03-29T05:13:31.477375" level="INFO">${expected_keysTwo} = ['username', 'password']</msg>
<var>${expected_keysTwo}</var>
<arg>username</arg>
<arg>password</arg>
<doc>Returns a list containing given items.</doc>
<status status="PASS" start="2024-03-29T05:13:31.477178" elapsed="0.000233"/>
</kw>
<for flavor="IN">
<iter>
<kw name="Dictionary Should Contain Key" owner="Collections">
<msg time="2024-03-29T05:13:31.478726" level="INFO">False</msg>
<arg>${json_data['results'][0]['login']}</arg>
<arg>${keyTwo}</arg>
<doc>Fails if ``key`` is not found from ``dictionary``.</doc>
<status status="PASS" start="2024-03-29T05:13:31.478145" elapsed="0.000638"/>
</kw>
<kw name="Dictionary Should Contain Key" owner="Collections">
<msg time="2024-03-29T05:13:31.479797" level="INFO">False</msg>
<arg>${json_data['results'][0]['login']}</arg>
<arg>${keyTwo}</arg>
<doc>Fails if ``key`` is not found from ``dictionary``.</doc>
<status status="PASS" start="2024-03-29T05:13:31.479203" elapsed="0.000659"/>
</kw>
<kw name="Log" owner="BuiltIn">
<msg time="2024-03-29T05:13:31.480558" level="INFO">username</msg>
<arg>${keyTwo}</arg>
<doc>Logs the given message with the given level.</doc>
<status status="PASS" start="2024-03-29T05:13:31.480352" elapsed="0.000277"/>
</kw>
<var name="${keyTwo}">username</var>
<status status="PASS" start="2024-03-29T05:13:31.477986" elapsed="0.003006"/>
</iter>
<iter>
<kw name="Dictionary Should Contain Key" owner="Collections">
<msg time="2024-03-29T05:13:31.482056" level="INFO">False</msg>
<arg>${json_data['results'][0]['login']}</arg>
<arg>${keyTwo}</arg>
<doc>Fails if ``key`` is not found from ``dictionary``.</doc>
<status status="PASS" start="2024-03-29T05:13:31.481451" elapsed="0.000674"/>
</kw>
<kw name="Dictionary Should Contain Key" owner="Collections">
<msg time="2024-03-29T05:13:31.483264" level="INFO">False</msg>
<arg>${json_data['results'][0]['login']}</arg>
<arg>${keyTwo}</arg>
<doc>Fails if ``key`` is not found from ``dictionary``.</doc>
<status status="PASS" start="2024-03-29T05:13:31.482602" elapsed="0.000729"/>
</kw>
<kw name="Log" owner="BuiltIn">
<msg time="2024-03-29T05:13:31.484027" level="INFO">password</msg>
<arg>${keyTwo}</arg>
<doc>Logs the given message with the given level.</doc>
<status status="PASS" start="2024-03-29T05:13:31.483829" elapsed="0.000261"/>
</kw>
<var name="${keyTwo}">password</var>
<status status="PASS" start="2024-03-29T05:13:31.481284" elapsed="0.003160"/>
</iter>
<var>${keyTwo}</var>
<value>@{expected_keysTwo}</value>
<status status="PASS" start="2024-03-29T05:13:31.477761" elapsed="0.006873"/>
</for>
<status status="PASS" start="2024-03-29T05:13:31.349822" elapsed="0.135058"/>
</kw>
<doc>Testa a estrutura da resposta da API.</doc>
<tag>testeEstruturaResposta</tag>
<status status="PASS" start="2024-03-29T05:13:31.349144" elapsed="0.136031"/>
</test>
<test id="s1-s1-t4" name="Validar tipos de dados" line="28">
<kw name="Teste de Tipos de Dados" owner="random-user-service">
<kw name="GET On Session" owner="RequestsLibrary">
<msg time="2024-03-29T05:13:31.542999" level="INFO">GET Request : url=https://randomuser.me/api 
 path_url=/api 
 headers={'User-Agent': 'python-requests/2.31.0', 'Accept-Encoding': 'gzip, deflate', 'Accept': '*/*', 'Connection': 'keep-alive'} 
 body=None 
 </msg>
<msg time="2024-03-29T05:13:31.543081" level="INFO">GET Response : url=https://randomuser.me/api 
 status=200, reason=OK 
 headers={'Date': 'Fri, 29 Mar 2024 05:13:31 GMT', 'Content-Type': 'application/json; charset=utf-8', 'Transfer-Encoding': 'chunked', 'Connection': 'keep-alive', 'X-Powered-By': 'Express', 'Access-Control-Allow-Origin': '*', 'Cache-Control': 'no-cache', 'ETag': 'W/"470-ErCYa2WDu5KiBlqsndS2vpyxkEM"', 'Vary': 'Accept-Encoding', 'Content-Encoding': 'gzip', 'CF-Cache-Status': 'DYNAMIC', 'Report-To': '{"endpoints":[{"url":"https:\\/\\/a.nel.cloudflare.com\\/report\\/v4?s=eVUrW5f7lkdMtIj9ikm9GemmgsgvgTYA2thTtZEViHpZfoRFV%2FufkdzX19Vuu%2BTfZWCqwWYcdxR0T2BA2m%2FitcHkAeVE6MskKM7V65TZUGW5msKYJrP9AdTDs7FKET5K"}],"group":"cf-nel","max_age":604800}', 'NEL': '{"success_fraction":0,"report_to":"cf-nel","max_age":604800}', 'Server': 'cloudflare', 'CF-RAY': '86bd5f03dfd60831-IAD', 'alt-svc': 'h3=":443"; ma=86400'} 
 body={"results":[{"gender":"male","name":{"title":"Mr","first":"Niclas","last":"Smith"},"location":{"street":{"number":8607,"name":"Lillevannsskogen"},"city":"Flisa","state":"Sør-Trøndelag","country":"Norway","postcode":"0381","coordinates":{"latitude":"39.5835","longitude":"-135.5687"},"timezone":{"offset":"-3:30","description":"Newfoundland"}},"email":"niclas.smith@example.com","login":{"uuid":"bc5d82bf-c4b7-4e47-96d0-ebe7abfb6a89","username":"smallbird938","password":"girls1","salt":"XqSC5qCv","md5":"4d1ad7791b6fbac34dab46f330f1cbfe","sha1":"3dd14112d93e1e13f07430ae0ac095579e4e01f7","sha256":"db5025cf2a1bccf665f7bbdf30c75443fae765b930c7388f807b9d53ae00e960"},"dob":{"date":"1985-08-21T12:59:12.901Z","age":38},"registered":{"date":"2020-09-18T23:48:11.141Z","age":3},"phone":"67963655","cell":"96169526","id":{"name":"FN","value":"21088525962"},"picture":{"large":"https://randomuser.me/api/portraits/men/46.jpg","medium":"https://randomuser.me/api/portraits/med/men/46.jpg","thumbnail":"https://randomuser.me/api/portraits/thumb/men/46.jpg"},"nat":"NO"}],"info":{"seed":"298331ec9d4b509e","results":1,"page":1,"version":"1.4"}} 
 </msg>
<msg time="2024-03-29T05:13:31.543154" level="INFO">/opt/hostedtoolcache/Python/3.12.2/x64/lib/python3.12/site-packages/urllib3/connectionpool.py:1103: InsecureRequestWarning: Unverified HTTPS request is being made to host 'randomuser.me'. Adding certificate verification is strongly advised. See: https://urllib3.readthedocs.io/en/latest/advanced-usage.html#tls-warnings
  warnings.warn(</msg>
<msg time="2024-03-29T05:13:31.543265" level="INFO">${response} = &lt;Response [200]&gt;</msg>
<var>${response}</var>
<arg>consultarAPI</arg>
<arg>/api</arg>
<doc>Sends a GET request on a previously created HTTP Session.</doc>
<status status="PASS" start="2024-03-29T05:13:31.489406" elapsed="0.053900"/>
</kw>
<kw name="Set Variable" owner="BuiltIn">
<msg time="2024-03-29T05:13:31.544216" level="INFO">${json_data} = {'results': [{'gender': 'male', 'name': {'title': 'Mr', 'first': 'Niclas', 'last': 'Smith'}, 'location': {'street': {'number': 8607, 'name': 'Lillevannsskogen'}, 'city': 'Flisa', 'state': 'Sør-Trøndel...</msg>
<var>${json_data}</var>
<arg>${response.json()}</arg>
<doc>Returns the given values which can then be assigned to a variables.</doc>
<status status="PASS" start="2024-03-29T05:13:31.543727" elapsed="0.000520"/>
</kw>
<kw name="Log" owner="BuiltIn">
<msg time="2024-03-29T05:13:31.544780" level="INFO">{'results': [{'gender': 'male', 'name': {'title': 'Mr', 'first': 'Niclas', 'last': 'Smith'}, 'location': {'street': {'number': 8607, 'name': 'Lillevannsskogen'}, 'city': 'Flisa', 'state': 'Sør-Trøndelag', 'country': 'Norway', 'postcode': '0381', 'coordinates': {'latitude': '39.5835', 'longitude': '-135.5687'}, 'timezone': {'offset': '-3:30', 'description': 'Newfoundland'}}, 'email': 'niclas.smith@example.com', 'login': {'uuid': 'bc5d82bf-c4b7-4e47-96d0-ebe7abfb6a89', 'username': 'smallbird938', 'password': 'girls1', 'salt': 'XqSC5qCv', 'md5': '4d1ad7791b6fbac34dab46f330f1cbfe', 'sha1': '3dd14112d93e1e13f07430ae0ac095579e4e01f7', 'sha256': 'db5025cf2a1bccf665f7bbdf30c75443fae765b930c7388f807b9d53ae00e960'}, 'dob': {'date': '1985-08-21T12:59:12.901Z', 'age': 38}, 'registered': {'date': '2020-09-18T23:48:11.141Z', 'age': 3}, 'phone': '67963655', 'cell': '96169526', 'id': {'name': 'FN', 'value': '21088525962'}, 'picture': {'large': 'https://randomuser.me/api/portraits/men/46.jpg', 'medium': 'https://randomuser.me/api/portraits/med/men/46.jpg', 'thumbnail': 'https://randomuser.me/api/portraits/thumb/men/46.jpg'}, 'nat': 'NO'}], 'info': {'seed': '298331ec9d4b509e', 'results': 1, 'page': 1, 'version': '1.4'}}</msg>
<arg>${json_data}</arg>
<doc>Logs the given message with the given level.</doc>
<status status="PASS" start="2024-03-29T05:13:31.544617" elapsed="0.000246"/>
</kw>
<kw name="Should Be String" owner="String">
<arg>${json_data['results'][0]['gender']}</arg>
<doc>Fails if the given ``item`` is not a string.</doc>
<status status="PASS" start="2024-03-29T05:13:31.545174" elapsed="0.000365"/>
</kw>
<kw name="Should Match Regexp" owner="BuiltIn">
<arg>${json_data['results'][0]['email']}</arg>
<arg>^[a-zA-Z0-9._%+-]+@[a-zA-Z0-9.-]+\.[a-zA-Z]{2,}$</arg>
<doc>Fails if ``string`` does not match ``pattern`` as a regular expression.</doc>
<status status="PASS" start="2024-03-29T05:13:31.545737" elapsed="0.000538"/>
</kw>
<kw name="Should Match Regexp" owner="BuiltIn">
<arg>${json_data['results'][0]['dob']['date']}</arg>
<arg>\\d{4}-\\d{2}-\\d{2}T\\d{2}:\\d{2}:\\d{2}\\.\\d{3}Z</arg>
<doc>Fails if ``string`` does not match ``pattern`` as a regular expression.</doc>
<status status="PASS" start="2024-03-29T05:13:31.546488" elapsed="0.000492"/>
</kw>
<kw name="Should Match Regexp" owner="BuiltIn">
<arg>${json_data['results'][0]['registered']['date']}</arg>
<arg>\\d{4}-\\d{2}-\\d{2}T\\d{2}:\\d{2}:\\d{2}\\.\\d{3}Z</arg>
<doc>Fails if ``string`` does not match ``pattern`` as a regular expression.</doc>
<status status="PASS" start="2024-03-29T05:13:31.547184" elapsed="0.000370"/>
</kw>
<kw name="Should Match Regexp" owner="BuiltIn">
<arg>${json_data['results'][0]['picture']['large']}</arg>
<arg>^https?://.*\.(?:png|jpe?g|gif|bmp)$</arg>
<doc>Fails if ``string`` does not match ``pattern`` as a regular expression.</doc>
<status status="PASS" start="2024-03-29T05:13:31.547742" elapsed="0.000469"/>
</kw>
<kw name="Should Match Regexp" owner="BuiltIn">
<arg>${json_data['results'][0]['picture']['medium']}</arg>
<arg>^https?://.*\.(?:png|jpe?g|gif|bmp)$</arg>
<doc>Fails if ``string`` does not match ``pattern`` as a regular expression.</doc>
<status status="PASS" start="2024-03-29T05:13:31.548429" elapsed="0.000369"/>
</kw>
<kw name="Should Match Regexp" owner="BuiltIn">
<arg>${json_data['results'][0]['picture']['thumbnail']}</arg>
<arg>^https?://.*\.(?:png|jpe?g|gif|bmp)$</arg>
<doc>Fails if ``string`` does not match ``pattern`` as a regular expression.</doc>
<status status="PASS" start="2024-03-29T05:13:31.548983" elapsed="0.000346"/>
</kw>
<kw name="Log" owner="BuiltIn">
<msg time="2024-03-29T05:13:31.549840" level="INFO">{'large': 'https://randomuser.me/api/portraits/men/46.jpg', 'medium': 'https://randomuser.me/api/portraits/med/men/46.jpg', 'thumbnail': 'https://randomuser.me/api/portraits/thumb/men/46.jpg'}</msg>
<arg>${json_data['results'][0]['picture']}</arg>
<doc>Logs the given message with the given level.</doc>
<status status="PASS" start="2024-03-29T05:13:31.549510" elapsed="0.000377"/>
</kw>
<status status="PASS" start="2024-03-29T05:13:31.489041" elapsed="0.061102"/>
</kw>
<kw name="Teste de Tipos de Dados - Postcode" owner="random-user-service">
<kw name="GET On Session" owner="RequestsLibrary">
<msg time="2024-03-29T05:13:31.640544" level="INFO">GET Request : url=https://randomuser.me/api 
 path_url=/api 
 headers={'User-Agent': 'python-requests/2.31.0', 'Accept-Encoding': 'gzip, deflate', 'Accept': '*/*', 'Connection': 'keep-alive'} 
 body=None 
 </msg>
<msg time="2024-03-29T05:13:31.640656" level="INFO">GET Response : url=https://randomuser.me/api 
 status=200, reason=OK 
 headers={'Date': 'Fri, 29 Mar 2024 05:13:31 GMT', 'Content-Type': 'application/json; charset=utf-8', 'Transfer-Encoding': 'chunked', 'Connection': 'keep-alive', 'X-Powered-By': 'Express', 'Access-Control-Allow-Origin': '*', 'Cache-Control': 'no-cache', 'ETag': 'W/"49c-t3Ow7GmAuF8wBGru+Y1XOyZ+O8Q"', 'Vary': 'Accept-Encoding', 'Content-Encoding': 'gzip', 'CF-Cache-Status': 'DYNAMIC', 'Report-To': '{"endpoints":[{"url":"https:\\/\\/a.nel.cloudflare.com\\/report\\/v4?s=VP0D3Nx%2BGIZe8j16nTbwUN%2Bhg5QdgA30Bix0Iy60u%2F%2FRoE9OPP63y0ry%2BytPI9dhUFkM3LWGvPQi%2FRfJdW%2BPNui9seDE5WrS3O1l3YEbuczGfJi12mzaDKNQ066HTEMk"}],"group":"cf-nel","max_age":604800}', 'NEL': '{"success_fraction":0,"report_to":"cf-nel","max_age":604800}', 'Server': 'cloudflare', 'CF-RAY': '86bd5f0438490831-IAD', 'alt-svc': 'h3=":443"; ma=86400'} 
 body={"results":[{"gender":"female","name":{"title":"Mrs","first":"یاسمن","last":"یاسمی"},"location":{"street":{"number":9543,"name":"اجاره دار"},"city":"همدان","state":"البرز","country":"Iran","postcode":15532,"coordinates":{"latitude":"13.5406","longitude":"135.1982"},"timezone":{"offset":"0:00","description":"Western Europe Time, London, Lisbon, Casablanca"}},"email":"ysmn.ysmy@example.com","login":{"uuid":"ef87f1d2-09d4-474b-88f8-b9664b88a6b2","username":"lazypanda622","password":"woods","salt":"J2sDqTaG","md5":"6670fdb0cf97cdb5caa02dc1cd36dd64","sha1":"26152414458eb42d68aaa47c6abb51294e1e8381","sha256":"ee4f8230f95b1a1730dbe85c6e98e9d20e4538d50e90f946f3680a6ec74e6b4f"},"dob":{"date":"1966-07-22T11:21:42.583Z","age":57},"registered":{"date":"2010-05-01T02:44:00.271Z","age":13},"phone":"075-56471150","cell":"0985-795-9682","id":{"name":"","value":null},"picture":{"large":"https://randomuser.me/api/portraits/women/26.jpg","medium":"https://randomuser.me/api/portraits/med/women/26.jpg","thumbnail":"https://randomuser.me/api/portraits/thumb/women/26.jpg"},"nat":"IR"}],"info":{"seed":"d442d1c4de88b12d","results":1,"page":1,"version":"1.4"}} 
 </msg>
<msg time="2024-03-29T05:13:31.640745" level="INFO">/opt/hostedtoolcache/Python/3.12.2/x64/lib/python3.12/site-packages/urllib3/connectionpool.py:1103: InsecureRequestWarning: Unverified HTTPS request is being made to host 'randomuser.me'. Adding certificate verification is strongly advised. See: https://urllib3.readthedocs.io/en/latest/advanced-usage.html#tls-warnings
  warnings.warn(</msg>
<msg time="2024-03-29T05:13:31.640881" level="INFO">${response} = &lt;Response [200]&gt;</msg>
<var>${response}</var>
<arg>consultarAPI</arg>
<arg>/api</arg>
<doc>Sends a GET request on a previously created HTTP Session.</doc>
<status status="PASS" start="2024-03-29T05:13:31.550716" elapsed="0.090203"/>
</kw>
<kw name="Set Variable" owner="BuiltIn">
<msg time="2024-03-29T05:13:31.642087" level="INFO">${json_data} = {'results': [{'gender': 'female', 'name': {'title': 'Mrs', 'first': 'یاسمن', 'last': 'یاسمی'}, 'location': {'street': {'number': 9543, 'name': 'اجاره دار'}, 'city': 'همدان', 'state': 'البرز', 'country...</msg>
<var>${json_data}</var>
<arg>${response.json()}</arg>
<doc>Returns the given values which can then be assigned to a variables.</doc>
<status status="PASS" start="2024-03-29T05:13:31.641536" elapsed="0.000582"/>
</kw>
<kw name="Log" owner="BuiltIn">
<msg time="2024-03-29T05:13:31.642593" level="INFO">{'results': [{'gender': 'female', 'name': {'title': 'Mrs', 'first': 'یاسمن', 'last': 'یاسمی'}, 'location': {'street': {'number': 9543, 'name': 'اجاره دار'}, 'city': 'همدان', 'state': 'البرز', 'country': 'Iran', 'postcode': 15532, 'coordinates': {'latitude': '13.5406', 'longitude': '135.1982'}, 'timezone': {'offset': '0:00', 'description': 'Western Europe Time, London, Lisbon, Casablanca'}}, 'email': 'ysmn.ysmy@example.com', 'login': {'uuid': 'ef87f1d2-09d4-474b-88f8-b9664b88a6b2', 'username': 'lazypanda622', 'password': 'woods', 'salt': 'J2sDqTaG', 'md5': '6670fdb0cf97cdb5caa02dc1cd36dd64', 'sha1': '26152414458eb42d68aaa47c6abb51294e1e8381', 'sha256': 'ee4f8230f95b1a1730dbe85c6e98e9d20e4538d50e90f946f3680a6ec74e6b4f'}, 'dob': {'date': '1966-07-22T11:21:42.583Z', 'age': 57}, 'registered': {'date': '2010-05-01T02:44:00.271Z', 'age': 13}, 'phone': '075-56471150', 'cell': '0985-795-9682', 'id': {'name': '', 'value': None}, 'picture': {'large': 'https://randomuser.me/api/portraits/women/26.jpg', 'medium': 'https://randomuser.me/api/portraits/med/women/26.jpg', 'thumbnail': 'https://randomuser.me/api/portraits/thumb/women/26.jpg'}, 'nat': 'IR'}], 'info': {'seed': 'd442d1c4de88b12d', 'results': 1, 'page': 1, 'version': '1.4'}}</msg>
<arg>${json_data}</arg>
<doc>Logs the given message with the given level.</doc>
<status status="PASS" start="2024-03-29T05:13:31.642431" elapsed="0.000246"/>
</kw>
<kw name="Should Be Equal As Numbers" owner="BuiltIn">
<arg>${json_data['results'][0]['location']['postcode']}</arg>
<arg>${json_data['results'][0]['location']['postcode']}</arg>
<doc>Fails if objects are unequal after converting them to real numbers.</doc>
<status status="PASS" start="2024-03-29T05:13:31.642989" elapsed="0.000643"/>
</kw>
<kw name="Log" owner="BuiltIn">
<msg time="2024-03-29T05:13:31.644161" level="INFO">15532</msg>
<arg>${json_data['results'][0]['location']['postcode']}</arg>
<doc>Logs the given message with the given level.</doc>
<status status="PASS" start="2024-03-29T05:13:31.643827" elapsed="0.000376"/>
</kw>
<status status="PASS" start="2024-03-29T05:13:31.550362" elapsed="0.094150"/>
</kw>
<doc>Testa se os tipos de dados na resposta da API estão corretos.</doc>
<tag>testeTiposDados</tag>
<status status="PASS" start="2024-03-29T05:13:31.488329" elapsed="0.156361"/>
</test>
<test id="s1-s1-t5" name="Validar conteudo" line="35">
<kw name="Teste de Tipos de Conteudo" owner="random-user-service">
<kw name="GET On Session" owner="RequestsLibrary">
<msg time="2024-03-29T05:13:31.749266" level="INFO">GET Request : url=https://randomuser.me/api 
 path_url=/api 
 headers={'User-Agent': 'python-requests/2.31.0', 'Accept-Encoding': 'gzip, deflate', 'Accept': '*/*', 'Connection': 'keep-alive'} 
 body=None 
 </msg>
<msg time="2024-03-29T05:13:31.749376" level="INFO">GET Response : url=https://randomuser.me/api 
 status=200, reason=OK 
 headers={'Date': 'Fri, 29 Mar 2024 05:13:31 GMT', 'Content-Type': 'application/json; charset=utf-8', 'Transfer-Encoding': 'chunked', 'Connection': 'keep-alive', 'X-Powered-By': 'Express', 'Access-Control-Allow-Origin': '*', 'Cache-Control': 'no-cache', 'ETag': 'W/"495-PxadGut+SXTLw6hget9WM+RRBLY"', 'Vary': 'Accept-Encoding', 'Content-Encoding': 'gzip', 'CF-Cache-Status': 'DYNAMIC', 'Report-To': '{"endpoints":[{"url":"https:\\/\\/a.nel.cloudflare.com\\/report\\/v4?s=951obKS%2FOOfk0LGOzn95ljf%2BnG0NTzk7gTEL4YueSU5U6GWyTn%2BY1Jg8QRoGnJaBNw5%2F6LQ3ulzybzMQeKiFHZ9x8dp2ooc7HdhpZEkMl6%2FitKGEf63PpeujQ5hzNVK6"}],"group":"cf-nel","max_age":604800}', 'NEL': '{"success_fraction":0,"report_to":"cf-nel","max_age":604800}', 'Server': 'cloudflare', 'CF-RAY': '86bd5f04d8e30831-IAD', 'alt-svc': 'h3=":443"; ma=86400'} 
 body={"results":[{"gender":"male","name":{"title":"Mr","first":"Juan","last":"Guevara"},"location":{"street":{"number":3340,"name":"Ampliación Baja California"},"city":"Tepechitlán","state":"Campeche","country":"Mexico","postcode":41173,"coordinates":{"latitude":"27.7981","longitude":"-123.4798"},"timezone":{"offset":"+6:00","description":"Almaty, Dhaka, Colombo"}},"email":"juan.guevara@example.com","login":{"uuid":"86c50d15-4712-4273-b4ae-946e7e2d69db","username":"purplewolf618","password":"data","salt":"sEejiDo7","md5":"a694abff5cb4de12ce1fb77d6b5b6b1d","sha1":"0e39e1bafe9166727d202245ca71cb1bf0cf59b1","sha256":"28bb3307d18daf41ba6b6c5b592a5d26c78a02a71fa1cef8bfa5f06ac0685894"},"dob":{"date":"1961-03-26T04:54:36.923Z","age":63},"registered":{"date":"2010-03-10T00:04:52.300Z","age":14},"phone":"(649) 183 5876","cell":"(670) 260 6502","id":{"name":"NSS","value":"27 09 74 8228 7"},"picture":{"large":"https://randomuser.me/api/portraits/men/91.jpg","medium":"https://randomuser.me/api/portraits/med/men/91.jpg","thumbnail":"https://randomuser.me/api/portraits/thumb/men/91.jpg"},"nat":"MX"}],"info":{"seed":"9fbcabf77c6e7120","results":1,"page":1,"version":"1.4"}} 
 </msg>
<msg time="2024-03-29T05:13:31.749442" level="INFO">/opt/hostedtoolcache/Python/3.12.2/x64/lib/python3.12/site-packages/urllib3/connectionpool.py:1103: InsecureRequestWarning: Unverified HTTPS request is being made to host 'randomuser.me'. Adding certificate verification is strongly advised. See: https://urllib3.readthedocs.io/en/latest/advanced-usage.html#tls-warnings
  warnings.warn(</msg>
<msg time="2024-03-29T05:13:31.749573" level="INFO">${response} = &lt;Response [200]&gt;</msg>
<var>${response}</var>
<arg>consultarAPI</arg>
<arg>/api</arg>
<doc>Sends a GET request on a previously created HTTP Session.</doc>
<status status="PASS" start="2024-03-29T05:13:31.647243" elapsed="0.102369"/>
</kw>
<kw name="Set Variable" owner="BuiltIn">
<msg time="2024-03-29T05:13:31.750746" level="INFO">${json_data} = {'results': [{'gender': 'male', 'name': {'title': 'Mr', 'first': 'Juan', 'last': 'Guevara'}, 'location': {'street': {'number': 3340, 'name': 'Ampliación Baja California'}, 'city': 'Tepechitlán', 'stat...</msg>
<var>${json_data}</var>
<arg>${response.json()}</arg>
<doc>Returns the given values which can then be assigned to a variables.</doc>
<status status="PASS" start="2024-03-29T05:13:31.750202" elapsed="0.000574"/>
</kw>
<kw name="Set Variable" owner="BuiltIn">
<msg time="2024-03-29T05:13:31.751480" level="INFO">${name_title} = Mr</msg>
<var>${name_title}</var>
<arg>${json_data["results"][0]["name"]["title"]}</arg>
<doc>Returns the given values which can then be assigned to a variables.</doc>
<status status="PASS" start="2024-03-29T05:13:31.751087" elapsed="0.000420"/>
</kw>
<kw name="Create List" owner="BuiltIn">
<msg time="2024-03-29T05:13:31.751963" level="INFO">${allowed_titles} = ['Mr', 'Ms', 'Miss', 'Mrs', 'Madame', 'Monsieur']</msg>
<var>${allowed_titles}</var>
<arg>Mr</arg>
<arg>Ms</arg>
<arg>Miss</arg>
<arg>Mrs</arg>
<arg>Madame</arg>
<arg>Monsieur</arg>
<doc>Returns a list containing given items.</doc>
<status status="PASS" start="2024-03-29T05:13:31.751812" elapsed="0.000176"/>
</kw>
<kw name="List Should Contain Value" owner="Collections">
<msg time="2024-03-29T05:13:31.752511" level="INFO">False</msg>
<arg>${allowed_titles}</arg>
<arg>${name_title}</arg>
<doc>Fails if the ``value`` is not found from ``list``.</doc>
<status status="PASS" start="2024-03-29T05:13:31.752330" elapsed="0.000225"/>
</kw>
<kw name="Set Variable" owner="BuiltIn">
<msg time="2024-03-29T05:13:31.753236" level="INFO">${name_country} = MX</msg>
<var>${name_country}</var>
<arg>${json_data["results"][0]["nat"]}</arg>
<doc>Returns the given values which can then be assigned to a variables.</doc>
<status status="PASS" start="2024-03-29T05:13:31.752856" elapsed="0.000407"/>
</kw>
<kw name="Create List" owner="BuiltIn">
<msg time="2024-03-29T05:13:31.754171" level="INFO">${list_country} = ['AD', 'AE', 'AF', 'AG', 'AI', 'AL', 'AM', 'AO', 'AQ', 'AR', 'AS', 'AT', 'AU', 'AW', 'AX', 'AZ', 'BA', 'BB', 'BD', 'BE', 'BF', 'BG', 'BH', 'BI', 'BJ', 'BL', 'BM', 'BN', 'BO', 'BQ', 'BR', 'BS', 'BT', '...</msg>
<var>${list_country}</var>
<arg>AD</arg>
<arg>AE</arg>
<arg>AF</arg>
<arg>AG</arg>
<arg>AI</arg>
<arg>AL</arg>
<arg>AM</arg>
<arg>AO</arg>
<arg>AQ</arg>
<arg>AR</arg>
<arg>AS</arg>
<arg>AT</arg>
<arg>AU</arg>
<arg>AW</arg>
<arg>AX</arg>
<arg>AZ</arg>
<arg>BA</arg>
<arg>BB</arg>
<arg>BD</arg>
<arg>BE</arg>
<arg>BF</arg>
<arg>BG</arg>
<arg>BH</arg>
<arg>BI</arg>
<arg>BJ</arg>
<arg>BL</arg>
<arg>BM</arg>
<arg>BN</arg>
<arg>BO</arg>
<arg>BQ</arg>
<arg>BR</arg>
<arg>BS</arg>
<arg>BT</arg>
<arg>BV</arg>
<arg>BW</arg>
<arg>BY</arg>
<arg>BZ</arg>
<arg>CA</arg>
<arg>CC</arg>
<arg>CD</arg>
<arg>CF</arg>
<arg>CG</arg>
<arg>CH</arg>
<arg>CI</arg>
<arg>CK</arg>
<arg>CL</arg>
<arg>CM</arg>
<arg>CN</arg>
<arg>CO</arg>
<arg>CR</arg>
<arg>CU</arg>
<arg>CV</arg>
<arg>CW</arg>
<arg>CX</arg>
<arg>CY</arg>
<arg>CZ</arg>
<arg>DE</arg>
<arg>DJ</arg>
<arg>DK</arg>
<arg>DM</arg>
<arg>DO</arg>
<arg>DZ</arg>
<arg>EC</arg>
<arg>EE</arg>
<arg>EG</arg>
<arg>EH</arg>
<arg>ER</arg>
<arg>ES</arg>
<arg>ET</arg>
<arg>FI</arg>
<arg>FJ</arg>
<arg>FK</arg>
<arg>FM</arg>
<arg>FO</arg>
<arg>FR</arg>
<arg>GA</arg>
<arg>GB</arg>
<arg>GD</arg>
<arg>GE</arg>
<arg>GF</arg>
<arg>GG</arg>
<arg>GH</arg>
<arg>GI</arg>
<arg>GL</arg>
<arg>GM</arg>
<arg>GN</arg>
<arg>GP</arg>
<arg>GQ</arg>
<arg>GR</arg>
<arg>GS</arg>
<arg>GT</arg>
<arg>GU</arg>
<arg>GW</arg>
<arg>GY</arg>
<arg>HK</arg>
<arg>HM</arg>
<arg>HN</arg>
<arg>HR</arg>
<arg>HT</arg>
<arg>HU</arg>
<arg>ID</arg>
<arg>IE</arg>
<arg>IL</arg>
<arg>IM</arg>
<arg>IN</arg>
<arg>IO</arg>
<arg>IQ</arg>
<arg>IR</arg>
<arg>IS</arg>
<arg>IT</arg>
<arg>JE</arg>
<arg>JM</arg>
<arg>JO</arg>
<arg>JP</arg>
<arg>KE</arg>
<arg>KG</arg>
<arg>KH</arg>
<arg>KI</arg>
<arg>KM</arg>
<arg>KN</arg>
<arg>KP</arg>
<arg>KR</arg>
<arg>KW</arg>
<arg>KY</arg>
<arg>KZ</arg>
<arg>LA</arg>
<arg>LB</arg>
<arg>LC</arg>
<arg>LI</arg>
<arg>LK</arg>
<arg>LR</arg>
<arg>LS</arg>
<arg>LT</arg>
<arg>LU</arg>
<arg>LV</arg>
<arg>LY</arg>
<arg>MA</arg>
<arg>MC</arg>
<arg>MD</arg>
<arg>ME</arg>
<arg>MF</arg>
<arg>MG</arg>
<arg>MH</arg>
<arg>MK</arg>
<arg>ML</arg>
<arg>MM</arg>
<arg>MN</arg>
<arg>MO</arg>
<arg>MP</arg>
<arg>MQ</arg>
<arg>MR</arg>
<arg>MS</arg>
<arg>MT</arg>
<arg>MU</arg>
<arg>MV</arg>
<arg>MW</arg>
<arg>MX</arg>
<arg>MY</arg>
<arg>MZ</arg>
<arg>NA</arg>
<arg>NC</arg>
<arg>NE</arg>
<arg>NF</arg>
<arg>NG</arg>
<arg>NI</arg>
<arg>NL</arg>
<arg>NO</arg>
<arg>NP</arg>
<arg>NR</arg>
<arg>NU</arg>
<arg>NZ</arg>
<arg>OM</arg>
<arg>PA</arg>
<arg>PE</arg>
<arg>PF</arg>
<arg>PG</arg>
<arg>PH</arg>
<arg>PK</arg>
<arg>PL</arg>
<arg>PM</arg>
<arg>PN</arg>
<arg>PR</arg>
<arg>PS</arg>
<arg>PT</arg>
<arg>PW</arg>
<arg>PY</arg>
<arg>QA</arg>
<arg>RE</arg>
<arg>RO</arg>
<arg>RS</arg>
<arg>RU</arg>
<arg>RW</arg>
<arg>SA</arg>
<arg>SB</arg>
<arg>SC</arg>
<arg>SD</arg>
<arg>SE</arg>
<arg>SG</arg>
<arg>SH</arg>
<arg>SI</arg>
<arg>SJ</arg>
<arg>SK</arg>
<arg>SL</arg>
<arg>SM</arg>
<arg>SN</arg>
<arg>SO</arg>
<arg>SR</arg>
<arg>SS</arg>
<arg>ST</arg>
<arg>SV</arg>
<arg>SX</arg>
<arg>SY</arg>
<arg>SZ</arg>
<arg>TC</arg>
<arg>TD</arg>
<arg>TF</arg>
<arg>TG</arg>
<arg>TH</arg>
<arg>TJ</arg>
<arg>TK</arg>
<arg>TL</arg>
<arg>TM</arg>
<arg>TN</arg>
<arg>TO</arg>
<arg>TR</arg>
<arg>TT</arg>
<arg>TV</arg>
<arg>TW</arg>
<arg>TZ</arg>
<arg>UA</arg>
<arg>UG</arg>
<arg>UM</arg>
<arg>US</arg>
<arg>UY</arg>
<arg>UZ</arg>
<arg>VA</arg>
<arg>VC</arg>
<arg>VE</arg>
<arg>VG</arg>
<arg>VI</arg>
<arg>VN</arg>
<arg>VU</arg>
<arg>WF</arg>
<arg>WS</arg>
<arg>XK</arg>
<arg>YE</arg>
<arg>YT</arg>
<arg>ZA</arg>
<arg>ZM</arg>
<arg>ZW</arg>
<doc>Returns a list containing given items.</doc>
<status status="PASS" start="2024-03-29T05:13:31.753569" elapsed="0.000628"/>
</kw>
<kw name="List Should Contain Value" owner="Collections">
<msg time="2024-03-29T05:13:31.755324" level="INFO">False</msg>
<arg>${list_country}</arg>
<arg>${name_country}</arg>
<doc>Fails if the ``value`` is not found from ``list``.</doc>
<status status="PASS" start="2024-03-29T05:13:31.755118" elapsed="0.000244"/>
</kw>
<kw name="Run Keyword If" owner="BuiltIn">
<kw name="Should Be True" owner="BuiltIn">
<arg>${True}</arg>
<doc>Fails if the given condition is not true.</doc>
<status status="PASS" start="2024-03-29T05:13:31.756494" elapsed="0.000151"/>
</kw>
<arg>${json_data["results"][0]["location"]["coordinates"]["latitude"]} &gt;= -90 and ${json_data["results"][0]["location"]["coordinates"]["latitude"]} &lt;= 90</arg>
<arg>Should Be True</arg>
<arg>${True}</arg>
<doc>Runs the given keyword with the given arguments, if ``condition`` is true.</doc>
<status status="PASS" start="2024-03-29T05:13:31.755676" elapsed="0.001102"/>
</kw>
<kw name="Run Keyword If" owner="BuiltIn">
<kw name="Should Be True" owner="BuiltIn">
<arg>${True}</arg>
<doc>Fails if the given condition is not true.</doc>
<status status="PASS" start="2024-03-29T05:13:31.757679" elapsed="0.000141"/>
</kw>
<arg>${json_data["results"][0]["location"]["coordinates"]["longitude"]} &gt;= -180 and ${json_data["results"][0]["location"]["coordinates"]["longitude"]} &lt;= 180</arg>
<arg>Should Be True</arg>
<arg>${True}</arg>
<doc>Runs the given keyword with the given arguments, if ``condition`` is true.</doc>
<status status="PASS" start="2024-03-29T05:13:31.756970" elapsed="0.001043"/>
</kw>
<status status="PASS" start="2024-03-29T05:13:31.647013" elapsed="0.111226"/>
</kw>
<doc>Testa o conteúdo específico dos campos retornados pela API.</doc>
<tag>testeConteudo</tag>
<status status="PASS" start="2024-03-29T05:13:31.646450" elapsed="0.112031"/>
</test>
<status status="PASS" start="2024-03-29T05:13:30.950370" elapsed="0.811471"/>
</suite>
<status status="PASS" start="2024-03-29T05:13:30.932455" elapsed="0.838870"/>
</suite>
<statistics>
<total>
<stat pass="5" fail="0" skip="0">All Tests</stat>
</total>
<tag>
<stat pass="1" fail="0" skip="0">testeConteudo</stat>
<stat pass="1" fail="0" skip="0">testeEstruturaResposta</stat>
<stat pass="1" fail="0" skip="0">testeRequisicaoBasica</stat>
<stat pass="1" fail="0" skip="0">testeTiposDados</stat>
</tag>
<suite>
<stat pass="5" fail="0" skip="0" id="s1" name="Tests">Tests</stat>
<stat pass="5" fail="0" skip="0" id="s1-s1" name="Random-User-Test">Tests.Random-User-Test</stat>
</suite>
</statistics>
<errors>
</errors>
</robot>
