<?xml version="1.0" encoding="UTF-8"?>
<robot generator="Robot 7.0.1 (Python 3.12.4 on linux)" generated="2024-06-29T02:30:19.012513" rpa="false" schemaversion="5">
<suite id="s1" name="Tests" source="/home/runner/work/ApiRandomUser/ApiRandomUser/RamdonUser/tests">
<suite id="s1-s1" name="Random-User-Test" source="/home/runner/work/ApiRandomUser/ApiRandomUser/RamdonUser/tests/random-user-test.robot">
<test id="s1-s1-t1" name="Conectar" line="13">
<kw name="Conectar API" owner="random-user-service">
<kw name="Create Session" owner="RequestsLibrary">
<msg time="2024-06-29T02:30:19.459408" level="INFO">Creating Session using : alias=consultarAPI, url=https://randomuser.me/, headers={},                     cookies={}, auth=None, timeout=None, proxies=None, verify=False,                     debug=0 </msg>
<arg>consultarAPI</arg>
<arg>${URL}</arg>
<doc>Create Session: create a HTTP session to a server</doc>
<status status="PASS" start="2024-06-29T02:30:19.459174" elapsed="0.000411"/>
</kw>
<status status="PASS" start="2024-06-29T02:30:19.458217" elapsed="0.001718"/>
</kw>
<status status="PASS" start="2024-06-29T02:30:19.457681" elapsed="0.002442"/>
</test>
<test id="s1-s1-t2" name="Validar retorno 200 e JSON Válido" line="16">
<kw name="Teste de Requisicao Basica" owner="random-user-service">
<kw name="GET On Session" owner="RequestsLibrary">
<msg time="2024-06-29T02:30:19.660293" level="INFO">GET Request : url=https://randomuser.me/api 
 path_url=/api 
 headers={'User-Agent': 'python-requests/2.32.3', 'Accept-Encoding': 'gzip, deflate', 'Accept': '*/*', 'Connection': 'keep-alive'} 
 body=None 
 </msg>
<msg time="2024-06-29T02:30:19.660420" level="INFO">GET Response : url=https://randomuser.me/api 
 status=200, reason=OK 
 headers={'Date': 'Sat, 29 Jun 2024 02:30:19 GMT', 'Content-Type': 'application/json; charset=utf-8', 'Transfer-Encoding': 'chunked', 'Connection': 'keep-alive', 'X-Powered-By': 'Express', 'Access-Control-Allow-Origin': '*', 'Cache-Control': 'no-cache', 'ETag': 'W/"487-2oYtXwuWYLIaqMx6/I28MZKMrTs"', 'Vary': 'Accept-Encoding', 'Content-Encoding': 'gzip', 'CF-Cache-Status': 'DYNAMIC', 'Report-To': '{"endpoints":[{"url":"https:\\/\\/a.nel.cloudflare.com\\/report\\/v4?s=Z1CflZoo7y%2BkQbzzAUlk34KFy67VlytorePxy5Axyq84kM7MBgxnoYGEhXwIaRcTqMuOO7C81FYZqgzvRh6rOQ5IAZ5Qsl5QuZYyBvE05izoAP60M10YrF2fb0XKbYwb"}],"group":"cf-nel","max_age":604800}', 'NEL': '{"success_fraction":0,"report_to":"cf-nel","max_age":604800}', 'Server': 'cloudflare', 'CF-RAY': '89b27e74897c6fa3-IAD', 'alt-svc': 'h3=":443"; ma=86400'} 
 body={"results":[{"gender":"female","name":{"title":"Mrs","first":"Esperanza","last":"Jiménez"},"location":{"street":{"number":5590,"name":"Calle Covadonga"},"city":"Oviedo","state":"La Rioja","country":"Spain","postcode":63631,"coordinates":{"latitude":"-32.4732","longitude":"36.8672"},"timezone":{"offset":"+9:30","description":"Adelaide, Darwin"}},"email":"esperanza.jimenez@example.com","login":{"uuid":"578e83ab-9da2-48d2-8538-1774ae77358b","username":"orangebird516","password":"chimera","salt":"1OjI2hqv","md5":"1351c2c693d09b25066b93291ddddc30","sha1":"0b9600835a0fab9555d75b1ffe78191bcc937266","sha256":"deda7846608da1fa468af2f362fa395f9fd44c9c7f4f6a12efd390432b58d2e0"},"dob":{"date":"1969-12-03T23:22:35.271Z","age":54},"registered":{"date":"2008-07-05T15:56:08.440Z","age":15},"phone":"984-423-578","cell":"675-360-032","id":{"name":"DNI","value":"40880954-G"},"picture":{"large":"https://randomuser.me/api/portraits/women/65.jpg","medium":"https://randomuser.me/api/portraits/med/women/65.jpg","thumbnail":"https://randomuser.me/api/portraits/thumb/women/65.jpg"},"nat":"ES"}],"info":{"seed":"3820f12b505b2dce","results":1,"page":1,"version":"1.4"}} 
 </msg>
<msg time="2024-06-29T02:30:19.660512" level="INFO">/opt/hostedtoolcache/Python/3.12.4/x64/lib/python3.12/site-packages/urllib3/connectionpool.py:1099: InsecureRequestWarning: Unverified HTTPS request is being made to host 'randomuser.me'. Adding certificate verification is strongly advised. See: https://urllib3.readthedocs.io/en/latest/advanced-usage.html#tls-warnings
  warnings.warn(</msg>
<msg time="2024-06-29T02:30:19.660673" level="INFO">${response} = &lt;Response [200]&gt;</msg>
<var>${response}</var>
<arg>consultarAPI</arg>
<arg>/api</arg>
<doc>Sends a GET request on a previously created HTTP Session.</doc>
<status status="PASS" start="2024-06-29T02:30:19.462687" elapsed="0.198040"/>
</kw>
<kw name="Should Be Equal As Numbers" owner="BuiltIn">
<msg time="2024-06-29T02:30:19.661675" level="INFO">Argument types are:
&lt;class 'int'&gt;
&lt;class 'str'&gt;</msg>
<arg>${response.status_code}</arg>
<arg>200</arg>
<doc>Fails if objects are unequal after converting them to real numbers.</doc>
<status status="PASS" start="2024-06-29T02:30:19.661195" elapsed="0.000543"/>
</kw>
<kw name="Log" owner="BuiltIn">
<msg time="2024-06-29T02:30:19.662401" level="INFO">200</msg>
<arg>${response.status_code}</arg>
<doc>Logs the given message with the given level.</doc>
<status status="PASS" start="2024-06-29T02:30:19.662055" elapsed="0.000388"/>
</kw>
<kw name="Set Variable" owner="BuiltIn">
<msg time="2024-06-29T02:30:19.663199" level="INFO">${json_data} = {'results': [{'gender': 'female', 'name': {'title': 'Mrs', 'first': 'Esperanza', 'last': 'Jiménez'}, 'location': {'street': {'number': 5590, 'name': 'Calle Covadonga'}, 'city': 'Oviedo', 'state': 'La ...</msg>
<var>${json_data}</var>
<arg>${response.json()}</arg>
<doc>Returns the given values which can then be assigned to a variables.</doc>
<status status="PASS" start="2024-06-29T02:30:19.662749" elapsed="0.000478"/>
</kw>
<kw name="Dictionary Should Contain Key" owner="Collections">
<arg>${json_data}</arg>
<arg>results</arg>
<doc>Fails if ``key`` is not found from ``dictionary``.</doc>
<status status="PASS" start="2024-06-29T02:30:19.663568" elapsed="0.000164"/>
</kw>
<status status="PASS" start="2024-06-29T02:30:19.462440" elapsed="0.201440"/>
</kw>
<doc>Testa se a API responde corretamente e retorna um objeto JSON válido.</doc>
<tag>testeRequisicaoBasica</tag>
<status status="PASS" start="2024-06-29T02:30:19.461979" elapsed="0.202061"/>
</test>
<test id="s1-s1-t3" name="Validar estrutura de resposta" line="22">
<kw name="Teste de Estrutura de Resposta" owner="random-user-service">
<kw name="GET On Session" owner="RequestsLibrary">
<msg time="2024-06-29T02:30:19.755859" level="INFO">GET Request : url=https://randomuser.me/api 
 path_url=/api 
 headers={'User-Agent': 'python-requests/2.32.3', 'Accept-Encoding': 'gzip, deflate', 'Accept': '*/*', 'Connection': 'keep-alive'} 
 body=None 
 </msg>
<msg time="2024-06-29T02:30:19.755952" level="INFO">GET Response : url=https://randomuser.me/api 
 status=200, reason=OK 
 headers={'Date': 'Sat, 29 Jun 2024 02:30:19 GMT', 'Content-Type': 'application/json; charset=utf-8', 'Transfer-Encoding': 'chunked', 'Connection': 'keep-alive', 'X-Powered-By': 'Express', 'Access-Control-Allow-Origin': '*', 'Cache-Control': 'no-cache', 'ETag': 'W/"475-Y5xOPmEbr/tKmUEloyInAo/WQKY"', 'Vary': 'Accept-Encoding', 'Content-Encoding': 'gzip', 'CF-Cache-Status': 'DYNAMIC', 'Report-To': '{"endpoints":[{"url":"https:\\/\\/a.nel.cloudflare.com\\/report\\/v4?s=0suntSZ594MhTZFe%2FO8voVSfkO%2BTqM5JkVdxZDhi%2BPt67N6BGl36%2Fcmx8dl82F2rxPvTewJK%2BG%2BgroiAS2pbhVPTww03YviBN%2FWS7UqzOuNyogrIFbdUH51EGYrdGcIe"}],"group":"cf-nel","max_age":604800}', 'NEL': '{"success_fraction":0,"report_to":"cf-nel","max_age":604800}', 'Server': 'cloudflare', 'CF-RAY': '89b27e74e9d66fa3-IAD', 'alt-svc': 'h3=":443"; ma=86400'} 
 body={"results":[{"gender":"female","name":{"title":"Ms","first":"Indie","last":"Thomas"},"location":{"street":{"number":6093,"name":"Cavendish Drive"},"city":"Gisborne","state":"Marlborough","country":"New Zealand","postcode":12141,"coordinates":{"latitude":"51.0575","longitude":"113.9435"},"timezone":{"offset":"-10:00","description":"Hawaii"}},"email":"indie.thomas@example.com","login":{"uuid":"6bd19126-027f-4d02-823a-0a474dd905c7","username":"redbear691","password":"carroll","salt":"jD72aksk","md5":"1e538141ff6c4e939fcf2f5a128d24a2","sha1":"ee351d465eea318a2d82e2fc050aa3f3c4d5c010","sha256":"a686672187a55f57f1adfb451b9e108b7e0de094d987181d2c37ed08b550b634"},"dob":{"date":"1959-07-23T12:41:59.730Z","age":64},"registered":{"date":"2012-01-01T11:30:35.597Z","age":12},"phone":"(886)-037-4445","cell":"(040)-194-3315","id":{"name":"","value":null},"picture":{"large":"https://randomuser.me/api/portraits/women/28.jpg","medium":"https://randomuser.me/api/portraits/med/women/28.jpg","thumbnail":"https://randomuser.me/api/portraits/thumb/women/28.jpg"},"nat":"NZ"}],"info":{"seed":"624a3929b28cda24","results":1,"page":1,"version":"1.4"}} 
 </msg>
<msg time="2024-06-29T02:30:19.756083" level="INFO">/opt/hostedtoolcache/Python/3.12.4/x64/lib/python3.12/site-packages/urllib3/connectionpool.py:1099: InsecureRequestWarning: Unverified HTTPS request is being made to host 'randomuser.me'. Adding certificate verification is strongly advised. See: https://urllib3.readthedocs.io/en/latest/advanced-usage.html#tls-warnings
  warnings.warn(</msg>
<msg time="2024-06-29T02:30:19.756218" level="INFO">${response} = &lt;Response [200]&gt;</msg>
<var>${response}</var>
<arg>consultarAPI</arg>
<arg>/api</arg>
<doc>Sends a GET request on a previously created HTTP Session.</doc>
<status status="PASS" start="2024-06-29T02:30:19.666960" elapsed="0.089302"/>
</kw>
<kw name="Set Variable" owner="BuiltIn">
<msg time="2024-06-29T02:30:19.757161" level="INFO">${json_data} = {'results': [{'gender': 'female', 'name': {'title': 'Ms', 'first': 'Indie', 'last': 'Thomas'}, 'location': {'street': {'number': 6093, 'name': 'Cavendish Drive'}, 'city': 'Gisborne', 'state': 'Marlbor...</msg>
<var>${json_data}</var>
<arg>${response.json()}</arg>
<doc>Returns the given values which can then be assigned to a variables.</doc>
<status status="PASS" start="2024-06-29T02:30:19.756682" elapsed="0.000508"/>
</kw>
<kw name="Log" owner="BuiltIn">
<msg time="2024-06-29T02:30:19.757646" level="INFO">{'results': [{'gender': 'female', 'name': {'title': 'Ms', 'first': 'Indie', 'last': 'Thomas'}, 'location': {'street': {'number': 6093, 'name': 'Cavendish Drive'}, 'city': 'Gisborne', 'state': 'Marlborough', 'country': 'New Zealand', 'postcode': 12141, 'coordinates': {'latitude': '51.0575', 'longitude': '113.9435'}, 'timezone': {'offset': '-10:00', 'description': 'Hawaii'}}, 'email': 'indie.thomas@example.com', 'login': {'uuid': '6bd19126-027f-4d02-823a-0a474dd905c7', 'username': 'redbear691', 'password': 'carroll', 'salt': 'jD72aksk', 'md5': '1e538141ff6c4e939fcf2f5a128d24a2', 'sha1': 'ee351d465eea318a2d82e2fc050aa3f3c4d5c010', 'sha256': 'a686672187a55f57f1adfb451b9e108b7e0de094d987181d2c37ed08b550b634'}, 'dob': {'date': '1959-07-23T12:41:59.730Z', 'age': 64}, 'registered': {'date': '2012-01-01T11:30:35.597Z', 'age': 12}, 'phone': '(886)-037-4445', 'cell': '(040)-194-3315', 'id': {'name': '', 'value': None}, 'picture': {'large': 'https://randomuser.me/api/portraits/women/28.jpg', 'medium': 'https://randomuser.me/api/portraits/med/women/28.jpg', 'thumbnail': 'https://randomuser.me/api/portraits/thumb/women/28.jpg'}, 'nat': 'NZ'}], 'info': {'seed': '624a3929b28cda24', 'results': 1, 'page': 1, 'version': '1.4'}}</msg>
<arg>${json_data}</arg>
<doc>Logs the given message with the given level.</doc>
<status status="PASS" start="2024-06-29T02:30:19.757491" elapsed="0.000201"/>
</kw>
<kw name="Dictionary Should Contain Key" owner="Collections">
<arg>${json_data}</arg>
<arg>results</arg>
<doc>Fails if ``key`` is not found from ``dictionary``.</doc>
<status status="PASS" start="2024-06-29T02:30:19.757981" elapsed="0.000161"/>
</kw>
<kw name="Should Not Be Empty" owner="BuiltIn">
<msg time="2024-06-29T02:30:19.758456" level="INFO">Length is 2.</msg>
<arg>${json_data}</arg>
<doc>Verifies that the given item is not empty.</doc>
<status status="PASS" start="2024-06-29T02:30:19.758328" elapsed="0.000167"/>
</kw>
<kw name="Create List" owner="BuiltIn">
<msg time="2024-06-29T02:30:19.758950" level="INFO">${expected_keys} = ['gender', 'name', 'location', 'email', 'login']</msg>
<var>${expected_keys}</var>
<arg>gender</arg>
<arg>name</arg>
<arg>location</arg>
<arg>email</arg>
<arg>login</arg>
<doc>Returns a list containing given items.</doc>
<status status="PASS" start="2024-06-29T02:30:19.758792" elapsed="0.000182"/>
</kw>
<for flavor="IN">
<iter>
<kw name="Dictionary Should Contain Key" owner="Collections">
<arg>${json_data['results'][0]}</arg>
<arg>${key}</arg>
<doc>Fails if ``key`` is not found from ``dictionary``.</doc>
<status status="PASS" start="2024-06-29T02:30:19.759755" elapsed="0.000399"/>
</kw>
<kw name="Log" owner="BuiltIn">
<msg time="2024-06-29T02:30:19.760709" level="INFO">{'gender': 'female', 'name': {'title': 'Ms', 'first': 'Indie', 'last': 'Thomas'}, 'location': {'street': {'number': 6093, 'name': 'Cavendish Drive'}, 'city': 'Gisborne', 'state': 'Marlborough', 'country': 'New Zealand', 'postcode': 12141, 'coordinates': {'latitude': '51.0575', 'longitude': '113.9435'}, 'timezone': {'offset': '-10:00', 'description': 'Hawaii'}}, 'email': 'indie.thomas@example.com', 'login': {'uuid': '6bd19126-027f-4d02-823a-0a474dd905c7', 'username': 'redbear691', 'password': 'carroll', 'salt': 'jD72aksk', 'md5': '1e538141ff6c4e939fcf2f5a128d24a2', 'sha1': 'ee351d465eea318a2d82e2fc050aa3f3c4d5c010', 'sha256': 'a686672187a55f57f1adfb451b9e108b7e0de094d987181d2c37ed08b550b634'}, 'dob': {'date': '1959-07-23T12:41:59.730Z', 'age': 64}, 'registered': {'date': '2012-01-01T11:30:35.597Z', 'age': 12}, 'phone': '(886)-037-4445', 'cell': '(040)-194-3315', 'id': {'name': '', 'value': None}, 'picture': {'large': 'https://randomuser.me/api/portraits/women/28.jpg', 'medium': 'https://randomuser.me/api/portraits/med/women/28.jpg', 'thumbnail': 'https://randomuser.me/api/portraits/thumb/women/28.jpg'}, 'nat': 'NZ'}</msg>
<arg>${json_data['results'][0]}</arg>
<doc>Logs the given message with the given level.</doc>
<status status="PASS" start="2024-06-29T02:30:19.760350" elapsed="0.000407"/>
</kw>
<kw name="Log" owner="BuiltIn">
<msg time="2024-06-29T02:30:19.761182" level="INFO">gender</msg>
<arg>${key}</arg>
<doc>Logs the given message with the given level.</doc>
<status status="PASS" start="2024-06-29T02:30:19.761055" elapsed="0.000164"/>
</kw>
<var name="${key}">gender</var>
<status status="PASS" start="2024-06-29T02:30:19.759630" elapsed="0.001805"/>
</iter>
<iter>
<kw name="Dictionary Should Contain Key" owner="Collections">
<arg>${json_data['results'][0]}</arg>
<arg>${key}</arg>
<doc>Fails if ``key`` is not found from ``dictionary``.</doc>
<status status="PASS" start="2024-06-29T02:30:19.761727" elapsed="0.000390"/>
</kw>
<kw name="Log" owner="BuiltIn">
<msg time="2024-06-29T02:30:19.762645" level="INFO">{'gender': 'female', 'name': {'title': 'Ms', 'first': 'Indie', 'last': 'Thomas'}, 'location': {'street': {'number': 6093, 'name': 'Cavendish Drive'}, 'city': 'Gisborne', 'state': 'Marlborough', 'country': 'New Zealand', 'postcode': 12141, 'coordinates': {'latitude': '51.0575', 'longitude': '113.9435'}, 'timezone': {'offset': '-10:00', 'description': 'Hawaii'}}, 'email': 'indie.thomas@example.com', 'login': {'uuid': '6bd19126-027f-4d02-823a-0a474dd905c7', 'username': 'redbear691', 'password': 'carroll', 'salt': 'jD72aksk', 'md5': '1e538141ff6c4e939fcf2f5a128d24a2', 'sha1': 'ee351d465eea318a2d82e2fc050aa3f3c4d5c010', 'sha256': 'a686672187a55f57f1adfb451b9e108b7e0de094d987181d2c37ed08b550b634'}, 'dob': {'date': '1959-07-23T12:41:59.730Z', 'age': 64}, 'registered': {'date': '2012-01-01T11:30:35.597Z', 'age': 12}, 'phone': '(886)-037-4445', 'cell': '(040)-194-3315', 'id': {'name': '', 'value': None}, 'picture': {'large': 'https://randomuser.me/api/portraits/women/28.jpg', 'medium': 'https://randomuser.me/api/portraits/med/women/28.jpg', 'thumbnail': 'https://randomuser.me/api/portraits/thumb/women/28.jpg'}, 'nat': 'NZ'}</msg>
<arg>${json_data['results'][0]}</arg>
<doc>Logs the given message with the given level.</doc>
<status status="PASS" start="2024-06-29T02:30:19.762299" elapsed="0.000422"/>
</kw>
<kw name="Log" owner="BuiltIn">
<msg time="2024-06-29T02:30:19.763140" level="INFO">name</msg>
<arg>${key}</arg>
<doc>Logs the given message with the given level.</doc>
<status status="PASS" start="2024-06-29T02:30:19.763016" elapsed="0.000161"/>
</kw>
<var name="${key}">name</var>
<status status="PASS" start="2024-06-29T02:30:19.761618" elapsed="0.001810"/>
</iter>
<iter>
<kw name="Dictionary Should Contain Key" owner="Collections">
<arg>${json_data['results'][0]}</arg>
<arg>${key}</arg>
<doc>Fails if ``key`` is not found from ``dictionary``.</doc>
<status status="PASS" start="2024-06-29T02:30:19.763730" elapsed="0.000384"/>
</kw>
<kw name="Log" owner="BuiltIn">
<msg time="2024-06-29T02:30:19.764644" level="INFO">{'gender': 'female', 'name': {'title': 'Ms', 'first': 'Indie', 'last': 'Thomas'}, 'location': {'street': {'number': 6093, 'name': 'Cavendish Drive'}, 'city': 'Gisborne', 'state': 'Marlborough', 'country': 'New Zealand', 'postcode': 12141, 'coordinates': {'latitude': '51.0575', 'longitude': '113.9435'}, 'timezone': {'offset': '-10:00', 'description': 'Hawaii'}}, 'email': 'indie.thomas@example.com', 'login': {'uuid': '6bd19126-027f-4d02-823a-0a474dd905c7', 'username': 'redbear691', 'password': 'carroll', 'salt': 'jD72aksk', 'md5': '1e538141ff6c4e939fcf2f5a128d24a2', 'sha1': 'ee351d465eea318a2d82e2fc050aa3f3c4d5c010', 'sha256': 'a686672187a55f57f1adfb451b9e108b7e0de094d987181d2c37ed08b550b634'}, 'dob': {'date': '1959-07-23T12:41:59.730Z', 'age': 64}, 'registered': {'date': '2012-01-01T11:30:35.597Z', 'age': 12}, 'phone': '(886)-037-4445', 'cell': '(040)-194-3315', 'id': {'name': '', 'value': None}, 'picture': {'large': 'https://randomuser.me/api/portraits/women/28.jpg', 'medium': 'https://randomuser.me/api/portraits/med/women/28.jpg', 'thumbnail': 'https://randomuser.me/api/portraits/thumb/women/28.jpg'}, 'nat': 'NZ'}</msg>
<arg>${json_data['results'][0]}</arg>
<doc>Logs the given message with the given level.</doc>
<status status="PASS" start="2024-06-29T02:30:19.764295" elapsed="0.000395"/>
</kw>
<kw name="Log" owner="BuiltIn">
<msg time="2024-06-29T02:30:19.765113" level="INFO">location</msg>
<arg>${key}</arg>
<doc>Logs the given message with the given level.</doc>
<status status="PASS" start="2024-06-29T02:30:19.764987" elapsed="0.000162"/>
</kw>
<var name="${key}">location</var>
<status status="PASS" start="2024-06-29T02:30:19.763622" elapsed="0.001742"/>
</iter>
<iter>
<kw name="Dictionary Should Contain Key" owner="Collections">
<arg>${json_data['results'][0]}</arg>
<arg>${key}</arg>
<doc>Fails if ``key`` is not found from ``dictionary``.</doc>
<status status="PASS" start="2024-06-29T02:30:19.765643" elapsed="0.000392"/>
</kw>
<kw name="Log" owner="BuiltIn">
<msg time="2024-06-29T02:30:19.766567" level="INFO">{'gender': 'female', 'name': {'title': 'Ms', 'first': 'Indie', 'last': 'Thomas'}, 'location': {'street': {'number': 6093, 'name': 'Cavendish Drive'}, 'city': 'Gisborne', 'state': 'Marlborough', 'country': 'New Zealand', 'postcode': 12141, 'coordinates': {'latitude': '51.0575', 'longitude': '113.9435'}, 'timezone': {'offset': '-10:00', 'description': 'Hawaii'}}, 'email': 'indie.thomas@example.com', 'login': {'uuid': '6bd19126-027f-4d02-823a-0a474dd905c7', 'username': 'redbear691', 'password': 'carroll', 'salt': 'jD72aksk', 'md5': '1e538141ff6c4e939fcf2f5a128d24a2', 'sha1': 'ee351d465eea318a2d82e2fc050aa3f3c4d5c010', 'sha256': 'a686672187a55f57f1adfb451b9e108b7e0de094d987181d2c37ed08b550b634'}, 'dob': {'date': '1959-07-23T12:41:59.730Z', 'age': 64}, 'registered': {'date': '2012-01-01T11:30:35.597Z', 'age': 12}, 'phone': '(886)-037-4445', 'cell': '(040)-194-3315', 'id': {'name': '', 'value': None}, 'picture': {'large': 'https://randomuser.me/api/portraits/women/28.jpg', 'medium': 'https://randomuser.me/api/portraits/med/women/28.jpg', 'thumbnail': 'https://randomuser.me/api/portraits/thumb/women/28.jpg'}, 'nat': 'NZ'}</msg>
<arg>${json_data['results'][0]}</arg>
<doc>Logs the given message with the given level.</doc>
<status status="PASS" start="2024-06-29T02:30:19.766215" elapsed="0.000399"/>
</kw>
<kw name="Log" owner="BuiltIn">
<msg time="2024-06-29T02:30:19.767036" level="INFO">email</msg>
<arg>${key}</arg>
<doc>Logs the given message with the given level.</doc>
<status status="PASS" start="2024-06-29T02:30:19.766910" elapsed="0.000164"/>
</kw>
<var name="${key}">email</var>
<status status="PASS" start="2024-06-29T02:30:19.765536" elapsed="0.001758"/>
</iter>
<iter>
<kw name="Dictionary Should Contain Key" owner="Collections">
<arg>${json_data['results'][0]}</arg>
<arg>${key}</arg>
<doc>Fails if ``key`` is not found from ``dictionary``.</doc>
<status status="PASS" start="2024-06-29T02:30:19.767621" elapsed="0.000387"/>
</kw>
<kw name="Log" owner="BuiltIn">
<msg time="2024-06-29T02:30:19.768547" level="INFO">{'gender': 'female', 'name': {'title': 'Ms', 'first': 'Indie', 'last': 'Thomas'}, 'location': {'street': {'number': 6093, 'name': 'Cavendish Drive'}, 'city': 'Gisborne', 'state': 'Marlborough', 'country': 'New Zealand', 'postcode': 12141, 'coordinates': {'latitude': '51.0575', 'longitude': '113.9435'}, 'timezone': {'offset': '-10:00', 'description': 'Hawaii'}}, 'email': 'indie.thomas@example.com', 'login': {'uuid': '6bd19126-027f-4d02-823a-0a474dd905c7', 'username': 'redbear691', 'password': 'carroll', 'salt': 'jD72aksk', 'md5': '1e538141ff6c4e939fcf2f5a128d24a2', 'sha1': 'ee351d465eea318a2d82e2fc050aa3f3c4d5c010', 'sha256': 'a686672187a55f57f1adfb451b9e108b7e0de094d987181d2c37ed08b550b634'}, 'dob': {'date': '1959-07-23T12:41:59.730Z', 'age': 64}, 'registered': {'date': '2012-01-01T11:30:35.597Z', 'age': 12}, 'phone': '(886)-037-4445', 'cell': '(040)-194-3315', 'id': {'name': '', 'value': None}, 'picture': {'large': 'https://randomuser.me/api/portraits/women/28.jpg', 'medium': 'https://randomuser.me/api/portraits/med/women/28.jpg', 'thumbnail': 'https://randomuser.me/api/portraits/thumb/women/28.jpg'}, 'nat': 'NZ'}</msg>
<arg>${json_data['results'][0]}</arg>
<doc>Logs the given message with the given level.</doc>
<status status="PASS" start="2024-06-29T02:30:19.768188" elapsed="0.000405"/>
</kw>
<kw name="Log" owner="BuiltIn">
<msg time="2024-06-29T02:30:19.769018" level="INFO">login</msg>
<arg>${key}</arg>
<doc>Logs the given message with the given level.</doc>
<status status="PASS" start="2024-06-29T02:30:19.768894" elapsed="0.000160"/>
</kw>
<var name="${key}">login</var>
<status status="PASS" start="2024-06-29T02:30:19.767507" elapsed="0.001765"/>
</iter>
<var>${key}</var>
<value>@{expected_keys}</value>
<status status="PASS" start="2024-06-29T02:30:19.759427" elapsed="0.009997"/>
</for>
<kw name="Create List" owner="BuiltIn">
<msg time="2024-06-29T02:30:19.769765" level="INFO">${expected_keysTwo} = ['username', 'password']</msg>
<var>${expected_keysTwo}</var>
<arg>username</arg>
<arg>password</arg>
<doc>Returns a list containing given items.</doc>
<status status="PASS" start="2024-06-29T02:30:19.769630" elapsed="0.000159"/>
</kw>
<for flavor="IN">
<iter>
<kw name="Dictionary Should Contain Key" owner="Collections">
<arg>${json_data['results'][0]['login']}</arg>
<arg>${keyTwo}</arg>
<doc>Fails if ``key`` is not found from ``dictionary``.</doc>
<status status="PASS" start="2024-06-29T02:30:19.770303" elapsed="0.000374"/>
</kw>
<kw name="Dictionary Should Contain Key" owner="Collections">
<arg>${json_data['results'][0]['login']}</arg>
<arg>${keyTwo}</arg>
<doc>Fails if ``key`` is not found from ``dictionary``.</doc>
<status status="PASS" start="2024-06-29T02:30:19.770854" elapsed="0.000380"/>
</kw>
<kw name="Log" owner="BuiltIn">
<msg time="2024-06-29T02:30:19.771588" level="INFO">username</msg>
<arg>${keyTwo}</arg>
<doc>Logs the given message with the given level.</doc>
<status status="PASS" start="2024-06-29T02:30:19.771461" elapsed="0.000164"/>
</kw>
<var name="${keyTwo}">username</var>
<status status="PASS" start="2024-06-29T02:30:19.770197" elapsed="0.001648"/>
</iter>
<iter>
<kw name="Dictionary Should Contain Key" owner="Collections">
<arg>${json_data['results'][0]['login']}</arg>
<arg>${keyTwo}</arg>
<doc>Fails if ``key`` is not found from ``dictionary``.</doc>
<status status="PASS" start="2024-06-29T02:30:19.772120" elapsed="0.000379"/>
</kw>
<kw name="Dictionary Should Contain Key" owner="Collections">
<arg>${json_data['results'][0]['login']}</arg>
<arg>${keyTwo}</arg>
<doc>Fails if ``key`` is not found from ``dictionary``.</doc>
<status status="PASS" start="2024-06-29T02:30:19.772675" elapsed="0.000364"/>
</kw>
<kw name="Log" owner="BuiltIn">
<msg time="2024-06-29T02:30:19.773331" level="INFO">password</msg>
<arg>${keyTwo}</arg>
<doc>Logs the given message with the given level.</doc>
<status status="PASS" start="2024-06-29T02:30:19.773214" elapsed="0.000158"/>
</kw>
<var name="${keyTwo}">password</var>
<status status="PASS" start="2024-06-29T02:30:19.772016" elapsed="0.001574"/>
</iter>
<var>${keyTwo}</var>
<value>@{expected_keysTwo}</value>
<status status="PASS" start="2024-06-29T02:30:19.770047" elapsed="0.003662"/>
</for>
<status status="PASS" start="2024-06-29T02:30:19.666635" elapsed="0.107213"/>
</kw>
<doc>Testa a estrutura da resposta da API.</doc>
<tag>testeEstruturaResposta</tag>
<status status="PASS" start="2024-06-29T02:30:19.665874" elapsed="0.108124"/>
</test>
<test id="s1-s1-t4" name="Validar tipos de dados" line="28">
<kw name="Teste de Tipos de Dados" owner="random-user-service">
<kw name="GET On Session" owner="RequestsLibrary">
<msg time="2024-06-29T02:30:19.846663" level="INFO">GET Request : url=https://randomuser.me/api 
 path_url=/api 
 headers={'User-Agent': 'python-requests/2.32.3', 'Accept-Encoding': 'gzip, deflate', 'Accept': '*/*', 'Connection': 'keep-alive'} 
 body=None 
 </msg>
<msg time="2024-06-29T02:30:19.846738" level="INFO">GET Response : url=https://randomuser.me/api 
 status=200, reason=OK 
 headers={'Date': 'Sat, 29 Jun 2024 02:30:19 GMT', 'Content-Type': 'application/json; charset=utf-8', 'Transfer-Encoding': 'chunked', 'Connection': 'keep-alive', 'X-Powered-By': 'Express', 'Access-Control-Allow-Origin': '*', 'Cache-Control': 'no-cache', 'ETag': 'W/"48f-MGZ62wYWnGb5U9md4GPuqLC/mJ4"', 'Vary': 'Accept-Encoding', 'Content-Encoding': 'gzip', 'CF-Cache-Status': 'DYNAMIC', 'Report-To': '{"endpoints":[{"url":"https:\\/\\/a.nel.cloudflare.com\\/report\\/v4?s=q9yP71faBJ%2FvDxpSSYwXPfeHQgZfn7rBd%2ByRWEfA6PHNr2YIDI6HnTCJX3Wghl8MbQm8CJSiZ6pyx%2BQdjeEQtzHckGdon4HtMzyVaxhG1Y7NUU4f%2FYXqFffA6mi7109j"}],"group":"cf-nel","max_age":604800}', 'NEL': '{"success_fraction":0,"report_to":"cf-nel","max_age":604800}', 'Server': 'cloudflare', 'CF-RAY': '89b27e759a6b6fa3-IAD', 'alt-svc': 'h3=":443"; ma=86400'} 
 body={"results":[{"gender":"male","name":{"title":"Mr","first":"Svitomir","last":"Grineveckiy"},"location":{"street":{"number":8939,"name":"Orelska"},"city":"Kadiyivka","state":"Chernivecka","country":"Ukraine","postcode":91827,"coordinates":{"latitude":"80.3593","longitude":"-151.2366"},"timezone":{"offset":"+1:00","description":"Brussels, Copenhagen, Madrid, Paris"}},"email":"svitomir.grineveckiy@example.com","login":{"uuid":"c37ea6fe-3318-41b6-8b61-c620b334670e","username":"happybird781","password":"pounding","salt":"oofHeTzd","md5":"f92e330262c85091970b6b449c150264","sha1":"07283afa0d0e49a4c649fc203a82be13bd5bf5db","sha256":"482211130bd33228aaf73cba2b24bbc22659aedfb26befd4d455a6bd23033934"},"dob":{"date":"1967-04-18T10:16:12.950Z","age":57},"registered":{"date":"2005-04-24T11:58:19.547Z","age":19},"phone":"(097) F12-4408","cell":"(099) T94-2989","id":{"name":"","value":null},"picture":{"large":"https://randomuser.me/api/portraits/men/6.jpg","medium":"https://randomuser.me/api/portraits/med/men/6.jpg","thumbnail":"https://randomuser.me/api/portraits/thumb/men/6.jpg"},"nat":"UA"}],"info":{"seed":"8c985639569c0230","results":1,"page":1,"version":"1.4"}} 
 </msg>
<msg time="2024-06-29T02:30:19.846807" level="INFO">/opt/hostedtoolcache/Python/3.12.4/x64/lib/python3.12/site-packages/urllib3/connectionpool.py:1099: InsecureRequestWarning: Unverified HTTPS request is being made to host 'randomuser.me'. Adding certificate verification is strongly advised. See: https://urllib3.readthedocs.io/en/latest/advanced-usage.html#tls-warnings
  warnings.warn(</msg>
<msg time="2024-06-29T02:30:19.846937" level="INFO">${response} = &lt;Response [200]&gt;</msg>
<var>${response}</var>
<arg>consultarAPI</arg>
<arg>/api</arg>
<doc>Sends a GET request on a previously created HTTP Session.</doc>
<status status="PASS" start="2024-06-29T02:30:19.776529" elapsed="0.070460"/>
</kw>
<kw name="Set Variable" owner="BuiltIn">
<msg time="2024-06-29T02:30:19.847906" level="INFO">${json_data} = {'results': [{'gender': 'male', 'name': {'title': 'Mr', 'first': 'Svitomir', 'last': 'Grineveckiy'}, 'location': {'street': {'number': 8939, 'name': 'Orelska'}, 'city': 'Kadiyivka', 'state': 'Chernive...</msg>
<var>${json_data}</var>
<arg>${response.json()}</arg>
<doc>Returns the given values which can then be assigned to a variables.</doc>
<status status="PASS" start="2024-06-29T02:30:19.847456" elapsed="0.000478"/>
</kw>
<kw name="Log" owner="BuiltIn">
<msg time="2024-06-29T02:30:19.848391" level="INFO">{'results': [{'gender': 'male', 'name': {'title': 'Mr', 'first': 'Svitomir', 'last': 'Grineveckiy'}, 'location': {'street': {'number': 8939, 'name': 'Orelska'}, 'city': 'Kadiyivka', 'state': 'Chernivecka', 'country': 'Ukraine', 'postcode': 91827, 'coordinates': {'latitude': '80.3593', 'longitude': '-151.2366'}, 'timezone': {'offset': '+1:00', 'description': 'Brussels, Copenhagen, Madrid, Paris'}}, 'email': 'svitomir.grineveckiy@example.com', 'login': {'uuid': 'c37ea6fe-3318-41b6-8b61-c620b334670e', 'username': 'happybird781', 'password': 'pounding', 'salt': 'oofHeTzd', 'md5': 'f92e330262c85091970b6b449c150264', 'sha1': '07283afa0d0e49a4c649fc203a82be13bd5bf5db', 'sha256': '482211130bd33228aaf73cba2b24bbc22659aedfb26befd4d455a6bd23033934'}, 'dob': {'date': '1967-04-18T10:16:12.950Z', 'age': 57}, 'registered': {'date': '2005-04-24T11:58:19.547Z', 'age': 19}, 'phone': '(097) F12-4408', 'cell': '(099) T94-2989', 'id': {'name': '', 'value': None}, 'picture': {'large': 'https://randomuser.me/api/portraits/men/6.jpg', 'medium': 'https://randomuser.me/api/portraits/med/men/6.jpg', 'thumbnail': 'https://randomuser.me/api/portraits/thumb/men/6.jpg'}, 'nat': 'UA'}], 'info': {'seed': '8c985639569c0230', 'results': 1, 'page': 1, 'version': '1.4'}}</msg>
<arg>${json_data}</arg>
<doc>Logs the given message with the given level.</doc>
<status status="PASS" start="2024-06-29T02:30:19.848237" elapsed="0.000202"/>
</kw>
<kw name="Should Be String" owner="String">
<arg>${json_data['results'][0]['gender']}</arg>
<doc>Fails if the given ``item`` is not a string.</doc>
<status status="PASS" start="2024-06-29T02:30:19.848728" elapsed="0.000357"/>
</kw>
<kw name="Should Match Regexp" owner="BuiltIn">
<arg>${json_data['results'][0]['email']}</arg>
<arg>^[a-zA-Z0-9._%+-]+@[a-zA-Z0-9.-]+\.[a-zA-Z]{2,}$</arg>
<doc>Fails if ``string`` does not match ``pattern`` as a regular expression.</doc>
<status status="PASS" start="2024-06-29T02:30:19.849271" elapsed="0.000521"/>
</kw>
<kw name="Should Match Regexp" owner="BuiltIn">
<arg>${json_data['results'][0]['dob']['date']}</arg>
<arg>\\d{4}-\\d{2}-\\d{2}T\\d{2}:\\d{2}:\\d{2}\\.\\d{3}Z</arg>
<doc>Fails if ``string`` does not match ``pattern`` as a regular expression.</doc>
<status status="PASS" start="2024-06-29T02:30:19.850016" elapsed="0.000484"/>
</kw>
<kw name="Should Match Regexp" owner="BuiltIn">
<arg>${json_data['results'][0]['registered']['date']}</arg>
<arg>\\d{4}-\\d{2}-\\d{2}T\\d{2}:\\d{2}:\\d{2}\\.\\d{3}Z</arg>
<doc>Fails if ``string`` does not match ``pattern`` as a regular expression.</doc>
<status status="PASS" start="2024-06-29T02:30:19.850688" elapsed="0.000362"/>
</kw>
<kw name="Should Match Regexp" owner="BuiltIn">
<arg>${json_data['results'][0]['picture']['large']}</arg>
<arg>^https?://.*\.(?:png|jpe?g|gif|bmp)$</arg>
<doc>Fails if ``string`` does not match ``pattern`` as a regular expression.</doc>
<status status="PASS" start="2024-06-29T02:30:19.851231" elapsed="0.000489"/>
</kw>
<kw name="Should Match Regexp" owner="BuiltIn">
<arg>${json_data['results'][0]['picture']['medium']}</arg>
<arg>^https?://.*\.(?:png|jpe?g|gif|bmp)$</arg>
<doc>Fails if ``string`` does not match ``pattern`` as a regular expression.</doc>
<status status="PASS" start="2024-06-29T02:30:19.851908" elapsed="0.000350"/>
</kw>
<kw name="Should Match Regexp" owner="BuiltIn">
<arg>${json_data['results'][0]['picture']['thumbnail']}</arg>
<arg>^https?://.*\.(?:png|jpe?g|gif|bmp)$</arg>
<doc>Fails if ``string`` does not match ``pattern`` as a regular expression.</doc>
<status status="PASS" start="2024-06-29T02:30:19.852437" elapsed="0.000363"/>
</kw>
<kw name="Log" owner="BuiltIn">
<msg time="2024-06-29T02:30:19.853310" level="INFO">{'large': 'https://randomuser.me/api/portraits/men/6.jpg', 'medium': 'https://randomuser.me/api/portraits/med/men/6.jpg', 'thumbnail': 'https://randomuser.me/api/portraits/thumb/men/6.jpg'}</msg>
<arg>${json_data['results'][0]['picture']}</arg>
<doc>Logs the given message with the given level.</doc>
<status status="PASS" start="2024-06-29T02:30:19.852980" elapsed="0.000371"/>
</kw>
<status status="PASS" start="2024-06-29T02:30:19.776308" elapsed="0.077293"/>
</kw>
<kw name="Teste de Tipos de Dados - Postcode" owner="random-user-service">
<kw name="GET On Session" owner="RequestsLibrary">
<msg time="2024-06-29T02:30:19.940036" level="INFO">GET Request : url=https://randomuser.me/api 
 path_url=/api 
 headers={'User-Agent': 'python-requests/2.32.3', 'Accept-Encoding': 'gzip, deflate', 'Accept': '*/*', 'Connection': 'keep-alive'} 
 body=None 
 </msg>
<msg time="2024-06-29T02:30:19.940115" level="INFO">GET Response : url=https://randomuser.me/api 
 status=200, reason=OK 
 headers={'Date': 'Sat, 29 Jun 2024 02:30:19 GMT', 'Content-Type': 'application/json; charset=utf-8', 'Transfer-Encoding': 'chunked', 'Connection': 'keep-alive', 'X-Powered-By': 'Express', 'Access-Control-Allow-Origin': '*', 'Cache-Control': 'no-cache', 'ETag': 'W/"4af-WxvjKjhnt9C0u2k0vJK1PC3J70g"', 'Vary': 'Accept-Encoding', 'Content-Encoding': 'gzip', 'CF-Cache-Status': 'DYNAMIC', 'Report-To': '{"endpoints":[{"url":"https:\\/\\/a.nel.cloudflare.com\\/report\\/v4?s=Yx10nk1PNUqLuU5lGfY94zBj2gHy4b40tiGH9CxIvGWEx1Esi4qTGHbYY9lMDlFl8RsA1YelgLTZ%2FOhC1xMgYeJbqG8avPCszODRlEZYXbSI6efp4GSDpEaDHzn6NC%2Bx"}],"group":"cf-nel","max_age":604800}', 'NEL': '{"success_fraction":0,"report_to":"cf-nel","max_age":604800}', 'Server': 'cloudflare', 'CF-RAY': '89b27e761af66fa3-IAD', 'alt-svc': 'h3=":443"; ma=86400'} 
 body={"results":[{"gender":"male","name":{"title":"Mr","first":"Tassilo","last":"Heitmann"},"location":{"street":{"number":1639,"name":"Wiesenstraße"},"city":"Treuchtlingen","state":"Mecklenburg-Vorpommern","country":"Germany","postcode":75280,"coordinates":{"latitude":"-53.3799","longitude":"-161.4837"},"timezone":{"offset":"+11:00","description":"Magadan, Solomon Islands, New Caledonia"}},"email":"tassilo.heitmann@example.com","login":{"uuid":"e5f2fd7b-ee42-4155-a564-12c93feb7813","username":"greenfish211","password":"franco","salt":"36pkgutj","md5":"21c2285e76ff5b49ed5084a5708cafbc","sha1":"a962e489a17003ab75368524079be6ac6434a4a2","sha256":"b0e6dd0826a7da16717b4b9c5bddc42199011bd8a8d7d4ba6d3670cec180ce5a"},"dob":{"date":"1955-01-09T19:32:59.780Z","age":69},"registered":{"date":"2017-06-05T22:29:58.423Z","age":7},"phone":"0299-6450213","cell":"0177-3538256","id":{"name":"SVNR","value":"02 090155 H 058"},"picture":{"large":"https://randomuser.me/api/portraits/men/61.jpg","medium":"https://randomuser.me/api/portraits/med/men/61.jpg","thumbnail":"https://randomuser.me/api/portraits/thumb/men/61.jpg"},"nat":"DE"}],"info":{"seed":"27d1755767786a6d","results":1,"page":1,"version":"1.4"}} 
 </msg>
<msg time="2024-06-29T02:30:19.940185" level="INFO">/opt/hostedtoolcache/Python/3.12.4/x64/lib/python3.12/site-packages/urllib3/connectionpool.py:1099: InsecureRequestWarning: Unverified HTTPS request is being made to host 'randomuser.me'. Adding certificate verification is strongly advised. See: https://urllib3.readthedocs.io/en/latest/advanced-usage.html#tls-warnings
  warnings.warn(</msg>
<msg time="2024-06-29T02:30:19.940322" level="INFO">${response} = &lt;Response [200]&gt;</msg>
<var>${response}</var>
<arg>consultarAPI</arg>
<arg>/api</arg>
<doc>Sends a GET request on a previously created HTTP Session.</doc>
<status status="PASS" start="2024-06-29T02:30:19.854025" elapsed="0.086343"/>
</kw>
<kw name="Set Variable" owner="BuiltIn">
<msg time="2024-06-29T02:30:19.941397" level="INFO">${json_data} = {'results': [{'gender': 'male', 'name': {'title': 'Mr', 'first': 'Tassilo', 'last': 'Heitmann'}, 'location': {'street': {'number': 1639, 'name': 'Wiesenstraße'}, 'city': 'Treuchtlingen', 'state': 'Mec...</msg>
<var>${json_data}</var>
<arg>${response.json()}</arg>
<doc>Returns the given values which can then be assigned to a variables.</doc>
<status status="PASS" start="2024-06-29T02:30:19.940830" elapsed="0.000608"/>
</kw>
<kw name="Log" owner="BuiltIn">
<msg time="2024-06-29T02:30:19.941904" level="INFO">{'results': [{'gender': 'male', 'name': {'title': 'Mr', 'first': 'Tassilo', 'last': 'Heitmann'}, 'location': {'street': {'number': 1639, 'name': 'Wiesenstraße'}, 'city': 'Treuchtlingen', 'state': 'Mecklenburg-Vorpommern', 'country': 'Germany', 'postcode': 75280, 'coordinates': {'latitude': '-53.3799', 'longitude': '-161.4837'}, 'timezone': {'offset': '+11:00', 'description': 'Magadan, Solomon Islands, New Caledonia'}}, 'email': 'tassilo.heitmann@example.com', 'login': {'uuid': 'e5f2fd7b-ee42-4155-a564-12c93feb7813', 'username': 'greenfish211', 'password': 'franco', 'salt': '36pkgutj', 'md5': '21c2285e76ff5b49ed5084a5708cafbc', 'sha1': 'a962e489a17003ab75368524079be6ac6434a4a2', 'sha256': 'b0e6dd0826a7da16717b4b9c5bddc42199011bd8a8d7d4ba6d3670cec180ce5a'}, 'dob': {'date': '1955-01-09T19:32:59.780Z', 'age': 69}, 'registered': {'date': '2017-06-05T22:29:58.423Z', 'age': 7}, 'phone': '0299-6450213', 'cell': '0177-3538256', 'id': {'name': 'SVNR', 'value': '02 090155 H 058'}, 'picture': {'large': 'https://randomuser.me/api/portraits/men/61.jpg', 'medium': 'https://randomuser.me/api/portraits/med/men/61.jpg', 'thumbnail': 'https://randomuser.me/api/portraits/thumb/men/61.jpg'}, 'nat': 'DE'}], 'info': {'seed': '27d1755767786a6d', 'results': 1, 'page': 1, 'version': '1.4'}}</msg>
<arg>${json_data}</arg>
<doc>Logs the given message with the given level.</doc>
<status status="PASS" start="2024-06-29T02:30:19.941748" elapsed="0.000209"/>
</kw>
<kw name="Should Be Equal As Numbers" owner="BuiltIn">
<arg>${json_data['results'][0]['location']['postcode']}</arg>
<arg>${json_data['results'][0]['location']['postcode']}</arg>
<doc>Fails if objects are unequal after converting them to real numbers.</doc>
<status status="PASS" start="2024-06-29T02:30:19.942257" elapsed="0.000620"/>
</kw>
<kw name="Log" owner="BuiltIn">
<msg time="2024-06-29T02:30:19.943440" level="INFO">75280</msg>
<arg>${json_data['results'][0]['location']['postcode']}</arg>
<doc>Logs the given message with the given level.</doc>
<status status="PASS" start="2024-06-29T02:30:19.943064" elapsed="0.000417"/>
</kw>
<status status="PASS" start="2024-06-29T02:30:19.853809" elapsed="0.089947"/>
</kw>
<doc>Testa se os tipos de dados na resposta da API estão corretos.</doc>
<tag>testeTiposDados</tag>
<status status="PASS" start="2024-06-29T02:30:19.775779" elapsed="0.168136"/>
</test>
<test id="s1-s1-t5" name="Validar conteudo" line="35">
<kw name="Teste de Tipos de Conteudo" owner="random-user-service">
<kw name="GET On Session" owner="RequestsLibrary">
<msg time="2024-06-29T02:30:20.060696" level="INFO">GET Request : url=https://randomuser.me/api 
 path_url=/api 
 headers={'User-Agent': 'python-requests/2.32.3', 'Accept-Encoding': 'gzip, deflate', 'Accept': '*/*', 'Connection': 'keep-alive'} 
 body=None 
 </msg>
<msg time="2024-06-29T02:30:20.060775" level="INFO">GET Response : url=https://randomuser.me/api 
 status=200, reason=OK 
 headers={'Date': 'Sat, 29 Jun 2024 02:30:20 GMT', 'Content-Type': 'application/json; charset=utf-8', 'Transfer-Encoding': 'chunked', 'Connection': 'keep-alive', 'X-Powered-By': 'Express', 'Access-Control-Allow-Origin': '*', 'Cache-Control': 'no-cache', 'ETag': 'W/"48b-ka+Hx/+qM7yQilKsW6FDvXQJ3Vs"', 'Vary': 'Accept-Encoding', 'Content-Encoding': 'gzip', 'CF-Cache-Status': 'DYNAMIC', 'Report-To': '{"endpoints":[{"url":"https:\\/\\/a.nel.cloudflare.com\\/report\\/v4?s=0Q7yHXdfAOM36G1iv%2BjOu9%2FgsmlAuH3FmFm%2BedZRLLOTebF9IlXi8syA0BJ8aQsNKl%2FhYgl2N4ZvaHggk58QEYVZXM0WAnEZliuPya0Bu7q3Wxu3GmX8YJQfrms8Ex6J"}],"group":"cf-nel","max_age":604800}', 'NEL': '{"success_fraction":0,"report_to":"cf-nel","max_age":604800}', 'Server': 'cloudflare', 'CF-RAY': '89b27e76ab7c6fa3-IAD', 'alt-svc': 'h3=":443"; ma=86400'} 
 body={"results":[{"gender":"male","name":{"title":"Mr","first":"Herédio","last":"Silveira"},"location":{"street":{"number":8724,"name":"Rua Sete de Setembro "},"city":"Jacareí","state":"Bahia","country":"Brazil","postcode":91901,"coordinates":{"latitude":"-74.6972","longitude":"-97.2432"},"timezone":{"offset":"+9:30","description":"Adelaide, Darwin"}},"email":"heredio.silveira@example.com","login":{"uuid":"7eedb72e-7341-4058-b04c-582e9f531f3c","username":"crazyrabbit433","password":"5454","salt":"EntfdvH8","md5":"ebc9ee2d5980b7292f6205601f00994f","sha1":"e28c51b943b698f8a1ce6eb78fc78dbd72e80608","sha256":"af79d0caaa817137d487aac574e3e132dee037c4cbe1def45be408cc97351c23"},"dob":{"date":"1974-12-19T17:25:53.698Z","age":49},"registered":{"date":"2005-06-20T23:37:52.507Z","age":19},"phone":"(59) 3209-1830","cell":"(03) 3638-7881","id":{"name":"CPF","value":"295.546.093-03"},"picture":{"large":"https://randomuser.me/api/portraits/men/92.jpg","medium":"https://randomuser.me/api/portraits/med/men/92.jpg","thumbnail":"https://randomuser.me/api/portraits/thumb/men/92.jpg"},"nat":"BR"}],"info":{"seed":"8cdb9d7de26e27ad","results":1,"page":1,"version":"1.4"}} 
 </msg>
<msg time="2024-06-29T02:30:20.060855" level="INFO">/opt/hostedtoolcache/Python/3.12.4/x64/lib/python3.12/site-packages/urllib3/connectionpool.py:1099: InsecureRequestWarning: Unverified HTTPS request is being made to host 'randomuser.me'. Adding certificate verification is strongly advised. See: https://urllib3.readthedocs.io/en/latest/advanced-usage.html#tls-warnings
  warnings.warn(</msg>
<msg time="2024-06-29T02:30:20.060981" level="INFO">${response} = &lt;Response [200]&gt;</msg>
<var>${response}</var>
<arg>consultarAPI</arg>
<arg>/api</arg>
<doc>Sends a GET request on a previously created HTTP Session.</doc>
<status status="PASS" start="2024-06-29T02:30:19.946888" elapsed="0.114134"/>
</kw>
<kw name="Set Variable" owner="BuiltIn">
<msg time="2024-06-29T02:30:20.061933" level="INFO">${json_data} = {'results': [{'gender': 'male', 'name': {'title': 'Mr', 'first': 'Herédio', 'last': 'Silveira'}, 'location': {'street': {'number': 8724, 'name': 'Rua Sete de Setembro '}, 'city': 'Jacareí', 'state': '...</msg>
<var>${json_data}</var>
<arg>${response.json()}</arg>
<doc>Returns the given values which can then be assigned to a variables.</doc>
<status status="PASS" start="2024-06-29T02:30:20.061451" elapsed="0.000510"/>
</kw>
<kw name="Set Variable" owner="BuiltIn">
<msg time="2024-06-29T02:30:20.062635" level="INFO">${name_title} = Mr</msg>
<var>${name_title}</var>
<arg>${json_data["results"][0]["name"]["title"]}</arg>
<doc>Returns the given values which can then be assigned to a variables.</doc>
<status status="PASS" start="2024-06-29T02:30:20.062263" elapsed="0.000397"/>
</kw>
<kw name="Create List" owner="BuiltIn">
<msg time="2024-06-29T02:30:20.063099" level="INFO">${allowed_titles} = ['Mr', 'Ms', 'Miss', 'Mrs', 'Madame', 'Monsieur']</msg>
<var>${allowed_titles}</var>
<arg>Mr</arg>
<arg>Ms</arg>
<arg>Miss</arg>
<arg>Mrs</arg>
<arg>Madame</arg>
<arg>Monsieur</arg>
<doc>Returns a list containing given items.</doc>
<status status="PASS" start="2024-06-29T02:30:20.062951" elapsed="0.000172"/>
</kw>
<kw name="List Should Contain Value" owner="Collections">
<arg>${allowed_titles}</arg>
<arg>${name_title}</arg>
<doc>Fails if the ``value`` is not found from ``list``.</doc>
<status status="PASS" start="2024-06-29T02:30:20.063460" elapsed="0.000184"/>
</kw>
<kw name="Set Variable" owner="BuiltIn">
<msg time="2024-06-29T02:30:20.064175" level="INFO">${name_country} = BR</msg>
<var>${name_country}</var>
<arg>${json_data["results"][0]["nat"]}</arg>
<doc>Returns the given values which can then be assigned to a variables.</doc>
<status status="PASS" start="2024-06-29T02:30:20.063819" elapsed="0.000381"/>
</kw>
<kw name="Create List" owner="BuiltIn">
<msg time="2024-06-29T02:30:20.065102" level="INFO">${list_country} = ['AD', 'AE', 'AF', 'AG', 'AI', 'AL', 'AM', 'AO', 'AQ', 'AR', 'AS', 'AT', 'AU', 'AW', 'AX', 'AZ', 'BA', 'BB', 'BD', 'BE', 'BF', 'BG', 'BH', 'BI', 'BJ', 'BL', 'BM', 'BN', 'BO', 'BQ', 'BR', 'BS', 'BT', '...</msg>
<var>${list_country}</var>
<arg>AD</arg>
<arg>AE</arg>
<arg>AF</arg>
<arg>AG</arg>
<arg>AI</arg>
<arg>AL</arg>
<arg>AM</arg>
<arg>AO</arg>
<arg>AQ</arg>
<arg>AR</arg>
<arg>AS</arg>
<arg>AT</arg>
<arg>AU</arg>
<arg>AW</arg>
<arg>AX</arg>
<arg>AZ</arg>
<arg>BA</arg>
<arg>BB</arg>
<arg>BD</arg>
<arg>BE</arg>
<arg>BF</arg>
<arg>BG</arg>
<arg>BH</arg>
<arg>BI</arg>
<arg>BJ</arg>
<arg>BL</arg>
<arg>BM</arg>
<arg>BN</arg>
<arg>BO</arg>
<arg>BQ</arg>
<arg>BR</arg>
<arg>BS</arg>
<arg>BT</arg>
<arg>BV</arg>
<arg>BW</arg>
<arg>BY</arg>
<arg>BZ</arg>
<arg>CA</arg>
<arg>CC</arg>
<arg>CD</arg>
<arg>CF</arg>
<arg>CG</arg>
<arg>CH</arg>
<arg>CI</arg>
<arg>CK</arg>
<arg>CL</arg>
<arg>CM</arg>
<arg>CN</arg>
<arg>CO</arg>
<arg>CR</arg>
<arg>CU</arg>
<arg>CV</arg>
<arg>CW</arg>
<arg>CX</arg>
<arg>CY</arg>
<arg>CZ</arg>
<arg>DE</arg>
<arg>DJ</arg>
<arg>DK</arg>
<arg>DM</arg>
<arg>DO</arg>
<arg>DZ</arg>
<arg>EC</arg>
<arg>EE</arg>
<arg>EG</arg>
<arg>EH</arg>
<arg>ER</arg>
<arg>ES</arg>
<arg>ET</arg>
<arg>FI</arg>
<arg>FJ</arg>
<arg>FK</arg>
<arg>FM</arg>
<arg>FO</arg>
<arg>FR</arg>
<arg>GA</arg>
<arg>GB</arg>
<arg>GD</arg>
<arg>GE</arg>
<arg>GF</arg>
<arg>GG</arg>
<arg>GH</arg>
<arg>GI</arg>
<arg>GL</arg>
<arg>GM</arg>
<arg>GN</arg>
<arg>GP</arg>
<arg>GQ</arg>
<arg>GR</arg>
<arg>GS</arg>
<arg>GT</arg>
<arg>GU</arg>
<arg>GW</arg>
<arg>GY</arg>
<arg>HK</arg>
<arg>HM</arg>
<arg>HN</arg>
<arg>HR</arg>
<arg>HT</arg>
<arg>HU</arg>
<arg>ID</arg>
<arg>IE</arg>
<arg>IL</arg>
<arg>IM</arg>
<arg>IN</arg>
<arg>IO</arg>
<arg>IQ</arg>
<arg>IR</arg>
<arg>IS</arg>
<arg>IT</arg>
<arg>JE</arg>
<arg>JM</arg>
<arg>JO</arg>
<arg>JP</arg>
<arg>KE</arg>
<arg>KG</arg>
<arg>KH</arg>
<arg>KI</arg>
<arg>KM</arg>
<arg>KN</arg>
<arg>KP</arg>
<arg>KR</arg>
<arg>KW</arg>
<arg>KY</arg>
<arg>KZ</arg>
<arg>LA</arg>
<arg>LB</arg>
<arg>LC</arg>
<arg>LI</arg>
<arg>LK</arg>
<arg>LR</arg>
<arg>LS</arg>
<arg>LT</arg>
<arg>LU</arg>
<arg>LV</arg>
<arg>LY</arg>
<arg>MA</arg>
<arg>MC</arg>
<arg>MD</arg>
<arg>ME</arg>
<arg>MF</arg>
<arg>MG</arg>
<arg>MH</arg>
<arg>MK</arg>
<arg>ML</arg>
<arg>MM</arg>
<arg>MN</arg>
<arg>MO</arg>
<arg>MP</arg>
<arg>MQ</arg>
<arg>MR</arg>
<arg>MS</arg>
<arg>MT</arg>
<arg>MU</arg>
<arg>MV</arg>
<arg>MW</arg>
<arg>MX</arg>
<arg>MY</arg>
<arg>MZ</arg>
<arg>NA</arg>
<arg>NC</arg>
<arg>NE</arg>
<arg>NF</arg>
<arg>NG</arg>
<arg>NI</arg>
<arg>NL</arg>
<arg>NO</arg>
<arg>NP</arg>
<arg>NR</arg>
<arg>NU</arg>
<arg>NZ</arg>
<arg>OM</arg>
<arg>PA</arg>
<arg>PE</arg>
<arg>PF</arg>
<arg>PG</arg>
<arg>PH</arg>
<arg>PK</arg>
<arg>PL</arg>
<arg>PM</arg>
<arg>PN</arg>
<arg>PR</arg>
<arg>PS</arg>
<arg>PT</arg>
<arg>PW</arg>
<arg>PY</arg>
<arg>QA</arg>
<arg>RE</arg>
<arg>RO</arg>
<arg>RS</arg>
<arg>RU</arg>
<arg>RW</arg>
<arg>SA</arg>
<arg>SB</arg>
<arg>SC</arg>
<arg>SD</arg>
<arg>SE</arg>
<arg>SG</arg>
<arg>SH</arg>
<arg>SI</arg>
<arg>SJ</arg>
<arg>SK</arg>
<arg>SL</arg>
<arg>SM</arg>
<arg>SN</arg>
<arg>SO</arg>
<arg>SR</arg>
<arg>SS</arg>
<arg>ST</arg>
<arg>SV</arg>
<arg>SX</arg>
<arg>SY</arg>
<arg>SZ</arg>
<arg>TC</arg>
<arg>TD</arg>
<arg>TF</arg>
<arg>TG</arg>
<arg>TH</arg>
<arg>TJ</arg>
<arg>TK</arg>
<arg>TL</arg>
<arg>TM</arg>
<arg>TN</arg>
<arg>TO</arg>
<arg>TR</arg>
<arg>TT</arg>
<arg>TV</arg>
<arg>TW</arg>
<arg>TZ</arg>
<arg>UA</arg>
<arg>UG</arg>
<arg>UM</arg>
<arg>US</arg>
<arg>UY</arg>
<arg>UZ</arg>
<arg>VA</arg>
<arg>VC</arg>
<arg>VE</arg>
<arg>VG</arg>
<arg>VI</arg>
<arg>VN</arg>
<arg>VU</arg>
<arg>WF</arg>
<arg>WS</arg>
<arg>XK</arg>
<arg>YE</arg>
<arg>YT</arg>
<arg>ZA</arg>
<arg>ZM</arg>
<arg>ZW</arg>
<doc>Returns a list containing given items.</doc>
<status status="PASS" start="2024-06-29T02:30:20.064503" elapsed="0.000624"/>
</kw>
<kw name="List Should Contain Value" owner="Collections">
<arg>${list_country}</arg>
<arg>${name_country}</arg>
<doc>Fails if the ``value`` is not found from ``list``.</doc>
<status status="PASS" start="2024-06-29T02:30:20.065932" elapsed="0.000200"/>
</kw>
<kw name="Run Keyword If" owner="BuiltIn">
<kw name="Should Be True" owner="BuiltIn">
<arg>${True}</arg>
<doc>Fails if the given condition is not true.</doc>
<status status="PASS" start="2024-06-29T02:30:20.067054" elapsed="0.000140"/>
</kw>
<arg>${json_data["results"][0]["location"]["coordinates"]["latitude"]} &gt;= -90 and ${json_data["results"][0]["location"]["coordinates"]["latitude"]} &lt;= 90</arg>
<arg>Should Be True</arg>
<arg>${True}</arg>
<doc>Runs the given keyword with the given arguments, if ``condition`` is true.</doc>
<status status="PASS" start="2024-06-29T02:30:20.066323" elapsed="0.001011"/>
</kw>
<kw name="Run Keyword If" owner="BuiltIn">
<kw name="Should Be True" owner="BuiltIn">
<arg>${True}</arg>
<doc>Fails if the given condition is not true.</doc>
<status status="PASS" start="2024-06-29T02:30:20.068217" elapsed="0.000134"/>
</kw>
<arg>${json_data["results"][0]["location"]["coordinates"]["longitude"]} &gt;= -180 and ${json_data["results"][0]["location"]["coordinates"]["longitude"]} &lt;= 180</arg>
<arg>Should Be True</arg>
<arg>${True}</arg>
<doc>Runs the given keyword with the given arguments, if ``condition`` is true.</doc>
<status status="PASS" start="2024-06-29T02:30:20.067527" elapsed="0.000943"/>
</kw>
<status status="PASS" start="2024-06-29T02:30:19.946317" elapsed="0.122283"/>
</kw>
<doc>Testa o conteúdo específico dos campos retornados pela API.</doc>
<tag>testeConteudo</tag>
<status status="PASS" start="2024-06-29T02:30:19.945662" elapsed="0.123084"/>
</test>
<status status="PASS" start="2024-06-29T02:30:19.075407" elapsed="0.995282"/>
</suite>
<status status="PASS" start="2024-06-29T02:30:19.056170" elapsed="1.019685"/>
</suite>
<statistics>
<total>
<stat pass="5" fail="0" skip="0">All Tests</stat>
</total>
<tag>
<stat pass="1" fail="0" skip="0">testeConteudo</stat>
<stat pass="1" fail="0" skip="0">testeEstruturaResposta</stat>
<stat pass="1" fail="0" skip="0">testeRequisicaoBasica</stat>
<stat pass="1" fail="0" skip="0">testeTiposDados</stat>
</tag>
<suite>
<stat pass="5" fail="0" skip="0" id="s1" name="Tests">Tests</stat>
<stat pass="5" fail="0" skip="0" id="s1-s1" name="Random-User-Test">Tests.Random-User-Test</stat>
</suite>
</statistics>
<errors>
</errors>
</robot>
