<?xml version="1.0" encoding="UTF-8"?>
<robot generator="Robot 7.0 (Python 3.12.3 on linux)" generated="2024-05-14T22:14:15.504895" rpa="false" schemaversion="5">
<suite id="s1" name="Tests" source="/home/runner/work/DesafioQAItauRogerioJordao/DesafioQAItauRogerioJordao/RamdonUser/tests">
<suite id="s1-s1" name="Random-User-Test" source="/home/runner/work/DesafioQAItauRogerioJordao/DesafioQAItauRogerioJordao/RamdonUser/tests/random-user-test.robot">
<test id="s1-s1-t1" name="Conectar" line="13">
<kw name="Conectar API" owner="random-user-service">
<kw name="Create Session" owner="RequestsLibrary">
<msg time="2024-05-14T22:14:15.877622" level="INFO">Creating Session using : alias=consultarAPI, url=https://randomuser.me/, headers={},                     cookies={}, auth=None, timeout=None, proxies=None, verify=False,                     debug=0 </msg>
<arg>consultarAPI</arg>
<arg>${URL}</arg>
<doc>Create Session: create a HTTP session to a server</doc>
<status status="PASS" start="2024-05-14T22:14:15.877405" elapsed="0.000406"/>
</kw>
<status status="PASS" start="2024-05-14T22:14:15.876353" elapsed="0.001829"/>
</kw>
<status status="PASS" start="2024-05-14T22:14:15.875680" elapsed="0.002693"/>
</test>
<test id="s1-s1-t2" name="Validar retorno 200 e JSON Válido" line="16">
<kw name="Teste de Requisicao Basica" owner="random-user-service">
<kw name="GET On Session" owner="RequestsLibrary">
<msg time="2024-05-14T22:14:16.005363" level="INFO">GET Request : url=https://randomuser.me/api 
 path_url=/api 
 headers={'User-Agent': 'python-requests/2.31.0', 'Accept-Encoding': 'gzip, deflate', 'Accept': '*/*', 'Connection': 'keep-alive'} 
 body=None 
 </msg>
<msg time="2024-05-14T22:14:16.005527" level="INFO">GET Response : url=https://randomuser.me/api 
 status=200, reason=OK 
 headers={'Date': 'Tue, 14 May 2024 22:14:16 GMT', 'Content-Type': 'application/json; charset=utf-8', 'Transfer-Encoding': 'chunked', 'Connection': 'keep-alive', 'X-Powered-By': 'Express', 'Access-Control-Allow-Origin': '*', 'Cache-Control': 'no-cache', 'ETag': 'W/"493-dtOYJWbJfd0RoQnL8FuopRC1res"', 'Vary': 'Accept-Encoding', 'Content-Encoding': 'gzip', 'CF-Cache-Status': 'DYNAMIC', 'Report-To': '{"endpoints":[{"url":"https:\\/\\/a.nel.cloudflare.com\\/report\\/v4?s=UiepX1aKT5and%2BkbgAz0TPP7IuUvPXEE%2BB4qrcvgJsf6IMzovyzlR9crhRd%2FkE2WpSf9Wh4GlC9HFOZYqIiltBdX7Li5W5PQ%2B%2BxQjf83I3guMZ%2FLm7pWGVr%2BolEApcwZ"}],"group":"cf-nel","max_age":604800}', 'NEL': '{"success_fraction":0,"report_to":"cf-nel","max_age":604800}', 'Server': 'cloudflare', 'CF-RAY': '883e3d7d7f171568-SJC', 'alt-svc': 'h3=":443"; ma=86400'} 
 body={"results":[{"gender":"female","name":{"title":"Miss","first":"Mestan","last":"Tekand"},"location":{"street":{"number":1719,"name":"Talak Göktepe Cd"},"city":"Tokat","state":"Bartın","country":"Turkey","postcode":56615,"coordinates":{"latitude":"72.5690","longitude":"70.3193"},"timezone":{"offset":"-4:00","description":"Atlantic Time (Canada), Caracas, La Paz"}},"email":"mestan.tekand@example.com","login":{"uuid":"9c0424be-8bed-4bd6-be14-6cb7bfed6d98","username":"goldengorilla782","password":"answer","salt":"T4ZSYAT3","md5":"4b4f45454d4c2f10f795d3c0cd0b2950","sha1":"74b92cf1ecdcb1494d87b8aa2c3711d1854ed31b","sha256":"129ec02ae3e08c91e6aa79fd2c07a99760e51ecfc35c15ac53119c23534f6bd0"},"dob":{"date":"1986-10-27T04:14:52.231Z","age":37},"registered":{"date":"2011-02-16T19:29:42.358Z","age":13},"phone":"(998)-485-5467","cell":"(687)-631-4224","id":{"name":"","value":null},"picture":{"large":"https://randomuser.me/api/portraits/women/67.jpg","medium":"https://randomuser.me/api/portraits/med/women/67.jpg","thumbnail":"https://randomuser.me/api/portraits/thumb/women/67.jpg"},"nat":"TR"}],"info":{"seed":"8b32ae0157dd2f65","results":1,"page":1,"version":"1.4"}} 
 </msg>
<msg time="2024-05-14T22:14:16.005618" level="INFO">/opt/hostedtoolcache/Python/3.12.3/x64/lib/python3.12/site-packages/urllib3/connectionpool.py:1103: InsecureRequestWarning: Unverified HTTPS request is being made to host 'randomuser.me'. Adding certificate verification is strongly advised. See: https://urllib3.readthedocs.io/en/latest/advanced-usage.html#tls-warnings
  warnings.warn(</msg>
<msg time="2024-05-14T22:14:16.005763" level="INFO">${response} = &lt;Response [200]&gt;</msg>
<var>${response}</var>
<arg>consultarAPI</arg>
<arg>/api</arg>
<doc>Sends a GET request on a previously created HTTP Session.</doc>
<status status="PASS" start="2024-05-14T22:14:15.881055" elapsed="0.124748"/>
</kw>
<kw name="Should Be Equal As Numbers" owner="BuiltIn">
<msg time="2024-05-14T22:14:16.006868" level="INFO">Argument types are:
&lt;class 'int'&gt;
&lt;class 'str'&gt;</msg>
<arg>${response.status_code}</arg>
<arg>200</arg>
<doc>Fails if objects are unequal after converting them to real numbers.</doc>
<status status="PASS" start="2024-05-14T22:14:16.006394" elapsed="0.000541"/>
</kw>
<kw name="Log" owner="BuiltIn">
<msg time="2024-05-14T22:14:16.007663" level="INFO">200</msg>
<arg>${response.status_code}</arg>
<doc>Logs the given message with the given level.</doc>
<status status="PASS" start="2024-05-14T22:14:16.007296" elapsed="0.000409"/>
</kw>
<kw name="Set Variable" owner="BuiltIn">
<msg time="2024-05-14T22:14:16.008468" level="INFO">${json_data} = {'results': [{'gender': 'female', 'name': {'title': 'Miss', 'first': 'Mestan', 'last': 'Tekand'}, 'location': {'street': {'number': 1719, 'name': 'Talak Göktepe Cd'}, 'city': 'Tokat', 'state': 'Bartın...</msg>
<var>${json_data}</var>
<arg>${response.json()}</arg>
<doc>Returns the given values which can then be assigned to a variables.</doc>
<status status="PASS" start="2024-05-14T22:14:16.008016" elapsed="0.000483"/>
</kw>
<kw name="Dictionary Should Contain Key" owner="Collections">
<msg time="2024-05-14T22:14:16.008981" level="INFO">False</msg>
<arg>${json_data}</arg>
<arg>results</arg>
<doc>Fails if ``key`` is not found from ``dictionary``.</doc>
<status status="PASS" start="2024-05-14T22:14:16.008806" elapsed="0.000216"/>
</kw>
<status status="PASS" start="2024-05-14T22:14:15.880809" elapsed="0.128521"/>
</kw>
<doc>Testa se a API responde corretamente e retorna um objeto JSON válido.</doc>
<tag>testeRequisicaoBasica</tag>
<status status="PASS" start="2024-05-14T22:14:15.880267" elapsed="0.129254"/>
</test>
<test id="s1-s1-t3" name="Validar estrutura de resposta" line="22">
<kw name="Teste de Estrutura de Resposta" owner="random-user-service">
<kw name="GET On Session" owner="RequestsLibrary">
<msg time="2024-05-14T22:14:16.107836" level="INFO">GET Request : url=https://randomuser.me/api 
 path_url=/api 
 headers={'User-Agent': 'python-requests/2.31.0', 'Accept-Encoding': 'gzip, deflate', 'Accept': '*/*', 'Connection': 'keep-alive'} 
 body=None 
 </msg>
<msg time="2024-05-14T22:14:16.107965" level="INFO">GET Response : url=https://randomuser.me/api 
 status=200, reason=OK 
 headers={'Date': 'Tue, 14 May 2024 22:14:16 GMT', 'Content-Type': 'application/json; charset=utf-8', 'Transfer-Encoding': 'chunked', 'Connection': 'keep-alive', 'X-Powered-By': 'Express', 'Access-Control-Allow-Origin': '*', 'Cache-Control': 'no-cache', 'ETag': 'W/"4b5-PIf0DGSaPjnjff6JXmrjq1ojB2I"', 'Vary': 'Accept-Encoding', 'Content-Encoding': 'gzip', 'CF-Cache-Status': 'DYNAMIC', 'Report-To': '{"endpoints":[{"url":"https:\\/\\/a.nel.cloudflare.com\\/report\\/v4?s=aZFMKVie%2Fn1R4xQe7CMFBbr05t6Bi9QcXny9xyH%2BHXDlxUXAk9FVyS669RwbTTdukHh2J4SiyFfEeD2G6AGmyhyv5T4g%2FihowH5mJF0WgOnlJo2V8OsN5JTEcH8m%2FqVP"}],"group":"cf-nel","max_age":604800}', 'NEL': '{"success_fraction":0,"report_to":"cf-nel","max_age":604800}', 'Server': 'cloudflare', 'CF-RAY': '883e3d7e1fc71568-SJC', 'alt-svc': 'h3=":443"; ma=86400'} 
 body={"results":[{"gender":"female","name":{"title":"Mademoiselle","first":"Karin","last":"Meyer"},"location":{"street":{"number":2202,"name":"Rue de L'Abbé-Carton"},"city":"Rüdtligen-Alchenflüh","state":"Aargau","country":"Switzerland","postcode":2304,"coordinates":{"latitude":"-59.9706","longitude":"32.0470"},"timezone":{"offset":"+4:00","description":"Abu Dhabi, Muscat, Baku, Tbilisi"}},"email":"karin.meyer@example.com","login":{"uuid":"7bd938b0-a702-4536-883f-56977622a954","username":"yellowfrog490","password":"chris1","salt":"DdkwmAHG","md5":"3490d1a1aac8bb35de67a546ff5f6b68","sha1":"a612ca0c73e2ece5e9b2aae56fde0cc426c3a036","sha256":"54b9aa067b1ac0854c334b09e2ca4dc465bff20f72d7df0e2790adf98878e34c"},"dob":{"date":"1978-01-18T13:50:01.589Z","age":46},"registered":{"date":"2011-06-22T16:17:22.726Z","age":12},"phone":"075 653 25 76","cell":"076 787 50 06","id":{"name":"AVS","value":"756.1173.1687.66"},"picture":{"large":"https://randomuser.me/api/portraits/women/43.jpg","medium":"https://randomuser.me/api/portraits/med/women/43.jpg","thumbnail":"https://randomuser.me/api/portraits/thumb/women/43.jpg"},"nat":"CH"}],"info":{"seed":"90d5ba2a74f87997","results":1,"page":1,"version":"1.4"}} 
 </msg>
<msg time="2024-05-14T22:14:16.108106" level="INFO">/opt/hostedtoolcache/Python/3.12.3/x64/lib/python3.12/site-packages/urllib3/connectionpool.py:1103: InsecureRequestWarning: Unverified HTTPS request is being made to host 'randomuser.me'. Adding certificate verification is strongly advised. See: https://urllib3.readthedocs.io/en/latest/advanced-usage.html#tls-warnings
  warnings.warn(</msg>
<msg time="2024-05-14T22:14:16.108251" level="INFO">${response} = &lt;Response [200]&gt;</msg>
<var>${response}</var>
<arg>consultarAPI</arg>
<arg>/api</arg>
<doc>Sends a GET request on a previously created HTTP Session.</doc>
<status status="PASS" start="2024-05-14T22:14:16.012175" elapsed="0.096119"/>
</kw>
<kw name="Set Variable" owner="BuiltIn">
<msg time="2024-05-14T22:14:16.109424" level="INFO">${json_data} = {'results': [{'gender': 'female', 'name': {'title': 'Mademoiselle', 'first': 'Karin', 'last': 'Meyer'}, 'location': {'street': {'number': 2202, 'name': "Rue de L'Abbé-Carton"}, 'city': 'Rüdtligen-Alch...</msg>
<var>${json_data}</var>
<arg>${response.json()}</arg>
<doc>Returns the given values which can then be assigned to a variables.</doc>
<status status="PASS" start="2024-05-14T22:14:16.108830" elapsed="0.000624"/>
</kw>
<kw name="Log" owner="BuiltIn">
<msg time="2024-05-14T22:14:16.109942" level="INFO">{'results': [{'gender': 'female', 'name': {'title': 'Mademoiselle', 'first': 'Karin', 'last': 'Meyer'}, 'location': {'street': {'number': 2202, 'name': "Rue de L'Abbé-Carton"}, 'city': 'Rüdtligen-Alchenflüh', 'state': 'Aargau', 'country': 'Switzerland', 'postcode': 2304, 'coordinates': {'latitude': '-59.9706', 'longitude': '32.0470'}, 'timezone': {'offset': '+4:00', 'description': 'Abu Dhabi, Muscat, Baku, Tbilisi'}}, 'email': 'karin.meyer@example.com', 'login': {'uuid': '7bd938b0-a702-4536-883f-56977622a954', 'username': 'yellowfrog490', 'password': 'chris1', 'salt': 'DdkwmAHG', 'md5': '3490d1a1aac8bb35de67a546ff5f6b68', 'sha1': 'a612ca0c73e2ece5e9b2aae56fde0cc426c3a036', 'sha256': '54b9aa067b1ac0854c334b09e2ca4dc465bff20f72d7df0e2790adf98878e34c'}, 'dob': {'date': '1978-01-18T13:50:01.589Z', 'age': 46}, 'registered': {'date': '2011-06-22T16:17:22.726Z', 'age': 12}, 'phone': '075 653 25 76', 'cell': '076 787 50 06', 'id': {'name': 'AVS', 'value': '756.1173.1687.66'}, 'picture': {'large': 'https://randomuser.me/api/portraits/women/43.jpg', 'medium': 'https://randomuser.me/api/portraits/med/women/43.jpg', 'thumbnail': 'https://randomuser.me/api/portraits/thumb/women/43.jpg'}, 'nat': 'CH'}], 'info': {'seed': '90d5ba2a74f87997', 'results': 1, 'page': 1, 'version': '1.4'}}</msg>
<arg>${json_data}</arg>
<doc>Logs the given message with the given level.</doc>
<status status="PASS" start="2024-05-14T22:14:16.109773" elapsed="0.000221"/>
</kw>
<kw name="Dictionary Should Contain Key" owner="Collections">
<msg time="2024-05-14T22:14:16.110469" level="INFO">False</msg>
<arg>${json_data}</arg>
<arg>results</arg>
<doc>Fails if ``key`` is not found from ``dictionary``.</doc>
<status status="PASS" start="2024-05-14T22:14:16.110296" elapsed="0.000212"/>
</kw>
<kw name="Should Not Be Empty" owner="BuiltIn">
<msg time="2024-05-14T22:14:16.110945" level="INFO">Length is 2.</msg>
<arg>${json_data}</arg>
<doc>Verifies that the given item is not empty.</doc>
<status status="PASS" start="2024-05-14T22:14:16.110807" elapsed="0.000354"/>
</kw>
<kw name="Create List" owner="BuiltIn">
<msg time="2024-05-14T22:14:16.111615" level="INFO">${expected_keys} = ['gender', 'name', 'location', 'email', 'login']</msg>
<var>${expected_keys}</var>
<arg>gender</arg>
<arg>name</arg>
<arg>location</arg>
<arg>email</arg>
<arg>login</arg>
<doc>Returns a list containing given items.</doc>
<status status="PASS" start="2024-05-14T22:14:16.111461" elapsed="0.000177"/>
</kw>
<for flavor="IN">
<iter>
<kw name="Dictionary Should Contain Key" owner="Collections">
<msg time="2024-05-14T22:14:16.112633" level="INFO">False</msg>
<arg>${json_data['results'][0]}</arg>
<arg>${key}</arg>
<doc>Fails if ``key`` is not found from ``dictionary``.</doc>
<status status="PASS" start="2024-05-14T22:14:16.112228" elapsed="0.000445"/>
</kw>
<kw name="Log" owner="BuiltIn">
<msg time="2024-05-14T22:14:16.113365" level="INFO">{'gender': 'female', 'name': {'title': 'Mademoiselle', 'first': 'Karin', 'last': 'Meyer'}, 'location': {'street': {'number': 2202, 'name': "Rue de L'Abbé-Carton"}, 'city': 'Rüdtligen-Alchenflüh', 'state': 'Aargau', 'country': 'Switzerland', 'postcode': 2304, 'coordinates': {'latitude': '-59.9706', 'longitude': '32.0470'}, 'timezone': {'offset': '+4:00', 'description': 'Abu Dhabi, Muscat, Baku, Tbilisi'}}, 'email': 'karin.meyer@example.com', 'login': {'uuid': '7bd938b0-a702-4536-883f-56977622a954', 'username': 'yellowfrog490', 'password': 'chris1', 'salt': 'DdkwmAHG', 'md5': '3490d1a1aac8bb35de67a546ff5f6b68', 'sha1': 'a612ca0c73e2ece5e9b2aae56fde0cc426c3a036', 'sha256': '54b9aa067b1ac0854c334b09e2ca4dc465bff20f72d7df0e2790adf98878e34c'}, 'dob': {'date': '1978-01-18T13:50:01.589Z', 'age': 46}, 'registered': {'date': '2011-06-22T16:17:22.726Z', 'age': 12}, 'phone': '075 653 25 76', 'cell': '076 787 50 06', 'id': {'name': 'AVS', 'value': '756.1173.1687.66'}, 'picture': {'large': 'https://randomuser.me/api/portraits/women/43.jpg', 'medium': 'https://randomuser.me/api/portraits/med/women/43.jpg', 'thumbnail': 'https://randomuser.me/api/portraits/thumb/women/43.jpg'}, 'nat': 'CH'}</msg>
<arg>${json_data['results'][0]}</arg>
<doc>Logs the given message with the given level.</doc>
<status status="PASS" start="2024-05-14T22:14:16.112970" elapsed="0.000444"/>
</kw>
<kw name="Log" owner="BuiltIn">
<msg time="2024-05-14T22:14:16.113841" level="INFO">gender</msg>
<arg>${key}</arg>
<doc>Logs the given message with the given level.</doc>
<status status="PASS" start="2024-05-14T22:14:16.113715" elapsed="0.000164"/>
</kw>
<var name="${key}">gender</var>
<status status="PASS" start="2024-05-14T22:14:16.112101" elapsed="0.001993"/>
</iter>
<iter>
<kw name="Dictionary Should Contain Key" owner="Collections">
<msg time="2024-05-14T22:14:16.114779" level="INFO">False</msg>
<arg>${json_data['results'][0]}</arg>
<arg>${key}</arg>
<doc>Fails if ``key`` is not found from ``dictionary``.</doc>
<status status="PASS" start="2024-05-14T22:14:16.114398" elapsed="0.000453"/>
</kw>
<kw name="Log" owner="BuiltIn">
<msg time="2024-05-14T22:14:16.115511" level="INFO">{'gender': 'female', 'name': {'title': 'Mademoiselle', 'first': 'Karin', 'last': 'Meyer'}, 'location': {'street': {'number': 2202, 'name': "Rue de L'Abbé-Carton"}, 'city': 'Rüdtligen-Alchenflüh', 'state': 'Aargau', 'country': 'Switzerland', 'postcode': 2304, 'coordinates': {'latitude': '-59.9706', 'longitude': '32.0470'}, 'timezone': {'offset': '+4:00', 'description': 'Abu Dhabi, Muscat, Baku, Tbilisi'}}, 'email': 'karin.meyer@example.com', 'login': {'uuid': '7bd938b0-a702-4536-883f-56977622a954', 'username': 'yellowfrog490', 'password': 'chris1', 'salt': 'DdkwmAHG', 'md5': '3490d1a1aac8bb35de67a546ff5f6b68', 'sha1': 'a612ca0c73e2ece5e9b2aae56fde0cc426c3a036', 'sha256': '54b9aa067b1ac0854c334b09e2ca4dc465bff20f72d7df0e2790adf98878e34c'}, 'dob': {'date': '1978-01-18T13:50:01.589Z', 'age': 46}, 'registered': {'date': '2011-06-22T16:17:22.726Z', 'age': 12}, 'phone': '075 653 25 76', 'cell': '076 787 50 06', 'id': {'name': 'AVS', 'value': '756.1173.1687.66'}, 'picture': {'large': 'https://randomuser.me/api/portraits/women/43.jpg', 'medium': 'https://randomuser.me/api/portraits/med/women/43.jpg', 'thumbnail': 'https://randomuser.me/api/portraits/thumb/women/43.jpg'}, 'nat': 'CH'}</msg>
<arg>${json_data['results'][0]}</arg>
<doc>Logs the given message with the given level.</doc>
<status status="PASS" start="2024-05-14T22:14:16.115148" elapsed="0.000412"/>
</kw>
<kw name="Log" owner="BuiltIn">
<msg time="2024-05-14T22:14:16.115993" level="INFO">name</msg>
<arg>${key}</arg>
<doc>Logs the given message with the given level.</doc>
<status status="PASS" start="2024-05-14T22:14:16.115864" elapsed="0.000166"/>
</kw>
<var name="${key}">name</var>
<status status="PASS" start="2024-05-14T22:14:16.114280" elapsed="0.001963"/>
</iter>
<iter>
<kw name="Dictionary Should Contain Key" owner="Collections">
<msg time="2024-05-14T22:14:16.116920" level="INFO">False</msg>
<arg>${json_data['results'][0]}</arg>
<arg>${key}</arg>
<doc>Fails if ``key`` is not found from ``dictionary``.</doc>
<status status="PASS" start="2024-05-14T22:14:16.116533" elapsed="0.000425"/>
</kw>
<kw name="Log" owner="BuiltIn">
<msg time="2024-05-14T22:14:16.117653" level="INFO">{'gender': 'female', 'name': {'title': 'Mademoiselle', 'first': 'Karin', 'last': 'Meyer'}, 'location': {'street': {'number': 2202, 'name': "Rue de L'Abbé-Carton"}, 'city': 'Rüdtligen-Alchenflüh', 'state': 'Aargau', 'country': 'Switzerland', 'postcode': 2304, 'coordinates': {'latitude': '-59.9706', 'longitude': '32.0470'}, 'timezone': {'offset': '+4:00', 'description': 'Abu Dhabi, Muscat, Baku, Tbilisi'}}, 'email': 'karin.meyer@example.com', 'login': {'uuid': '7bd938b0-a702-4536-883f-56977622a954', 'username': 'yellowfrog490', 'password': 'chris1', 'salt': 'DdkwmAHG', 'md5': '3490d1a1aac8bb35de67a546ff5f6b68', 'sha1': 'a612ca0c73e2ece5e9b2aae56fde0cc426c3a036', 'sha256': '54b9aa067b1ac0854c334b09e2ca4dc465bff20f72d7df0e2790adf98878e34c'}, 'dob': {'date': '1978-01-18T13:50:01.589Z', 'age': 46}, 'registered': {'date': '2011-06-22T16:17:22.726Z', 'age': 12}, 'phone': '075 653 25 76', 'cell': '076 787 50 06', 'id': {'name': 'AVS', 'value': '756.1173.1687.66'}, 'picture': {'large': 'https://randomuser.me/api/portraits/women/43.jpg', 'medium': 'https://randomuser.me/api/portraits/med/women/43.jpg', 'thumbnail': 'https://randomuser.me/api/portraits/thumb/women/43.jpg'}, 'nat': 'CH'}</msg>
<arg>${json_data['results'][0]}</arg>
<doc>Logs the given message with the given level.</doc>
<status status="PASS" start="2024-05-14T22:14:16.117281" elapsed="0.000422"/>
</kw>
<kw name="Log" owner="BuiltIn">
<msg time="2024-05-14T22:14:16.118134" level="INFO">location</msg>
<arg>${key}</arg>
<doc>Logs the given message with the given level.</doc>
<status status="PASS" start="2024-05-14T22:14:16.118006" elapsed="0.000165"/>
</kw>
<var name="${key}">location</var>
<status status="PASS" start="2024-05-14T22:14:16.116421" elapsed="0.001966"/>
</iter>
<iter>
<kw name="Dictionary Should Contain Key" owner="Collections">
<msg time="2024-05-14T22:14:16.119046" level="INFO">False</msg>
<arg>${json_data['results'][0]}</arg>
<arg>${key}</arg>
<doc>Fails if ``key`` is not found from ``dictionary``.</doc>
<status status="PASS" start="2024-05-14T22:14:16.118667" elapsed="0.000417"/>
</kw>
<kw name="Log" owner="BuiltIn">
<msg time="2024-05-14T22:14:16.119745" level="INFO">{'gender': 'female', 'name': {'title': 'Mademoiselle', 'first': 'Karin', 'last': 'Meyer'}, 'location': {'street': {'number': 2202, 'name': "Rue de L'Abbé-Carton"}, 'city': 'Rüdtligen-Alchenflüh', 'state': 'Aargau', 'country': 'Switzerland', 'postcode': 2304, 'coordinates': {'latitude': '-59.9706', 'longitude': '32.0470'}, 'timezone': {'offset': '+4:00', 'description': 'Abu Dhabi, Muscat, Baku, Tbilisi'}}, 'email': 'karin.meyer@example.com', 'login': {'uuid': '7bd938b0-a702-4536-883f-56977622a954', 'username': 'yellowfrog490', 'password': 'chris1', 'salt': 'DdkwmAHG', 'md5': '3490d1a1aac8bb35de67a546ff5f6b68', 'sha1': 'a612ca0c73e2ece5e9b2aae56fde0cc426c3a036', 'sha256': '54b9aa067b1ac0854c334b09e2ca4dc465bff20f72d7df0e2790adf98878e34c'}, 'dob': {'date': '1978-01-18T13:50:01.589Z', 'age': 46}, 'registered': {'date': '2011-06-22T16:17:22.726Z', 'age': 12}, 'phone': '075 653 25 76', 'cell': '076 787 50 06', 'id': {'name': 'AVS', 'value': '756.1173.1687.66'}, 'picture': {'large': 'https://randomuser.me/api/portraits/women/43.jpg', 'medium': 'https://randomuser.me/api/portraits/med/women/43.jpg', 'thumbnail': 'https://randomuser.me/api/portraits/thumb/women/43.jpg'}, 'nat': 'CH'}</msg>
<arg>${json_data['results'][0]}</arg>
<doc>Logs the given message with the given level.</doc>
<status status="PASS" start="2024-05-14T22:14:16.119379" elapsed="0.000414"/>
</kw>
<kw name="Log" owner="BuiltIn">
<msg time="2024-05-14T22:14:16.120211" level="INFO">email</msg>
<arg>${key}</arg>
<doc>Logs the given message with the given level.</doc>
<status status="PASS" start="2024-05-14T22:14:16.120087" elapsed="0.000161"/>
</kw>
<var name="${key}">email</var>
<status status="PASS" start="2024-05-14T22:14:16.118558" elapsed="0.001901"/>
</iter>
<iter>
<kw name="Dictionary Should Contain Key" owner="Collections">
<msg time="2024-05-14T22:14:16.121143" level="INFO">False</msg>
<arg>${json_data['results'][0]}</arg>
<arg>${key}</arg>
<doc>Fails if ``key`` is not found from ``dictionary``.</doc>
<status status="PASS" start="2024-05-14T22:14:16.120734" elapsed="0.000449"/>
</kw>
<kw name="Log" owner="BuiltIn">
<msg time="2024-05-14T22:14:16.121842" level="INFO">{'gender': 'female', 'name': {'title': 'Mademoiselle', 'first': 'Karin', 'last': 'Meyer'}, 'location': {'street': {'number': 2202, 'name': "Rue de L'Abbé-Carton"}, 'city': 'Rüdtligen-Alchenflüh', 'state': 'Aargau', 'country': 'Switzerland', 'postcode': 2304, 'coordinates': {'latitude': '-59.9706', 'longitude': '32.0470'}, 'timezone': {'offset': '+4:00', 'description': 'Abu Dhabi, Muscat, Baku, Tbilisi'}}, 'email': 'karin.meyer@example.com', 'login': {'uuid': '7bd938b0-a702-4536-883f-56977622a954', 'username': 'yellowfrog490', 'password': 'chris1', 'salt': 'DdkwmAHG', 'md5': '3490d1a1aac8bb35de67a546ff5f6b68', 'sha1': 'a612ca0c73e2ece5e9b2aae56fde0cc426c3a036', 'sha256': '54b9aa067b1ac0854c334b09e2ca4dc465bff20f72d7df0e2790adf98878e34c'}, 'dob': {'date': '1978-01-18T13:50:01.589Z', 'age': 46}, 'registered': {'date': '2011-06-22T16:17:22.726Z', 'age': 12}, 'phone': '075 653 25 76', 'cell': '076 787 50 06', 'id': {'name': 'AVS', 'value': '756.1173.1687.66'}, 'picture': {'large': 'https://randomuser.me/api/portraits/women/43.jpg', 'medium': 'https://randomuser.me/api/portraits/med/women/43.jpg', 'thumbnail': 'https://randomuser.me/api/portraits/thumb/women/43.jpg'}, 'nat': 'CH'}</msg>
<arg>${json_data['results'][0]}</arg>
<doc>Logs the given message with the given level.</doc>
<status status="PASS" start="2024-05-14T22:14:16.121477" elapsed="0.000414"/>
</kw>
<kw name="Log" owner="BuiltIn">
<msg time="2024-05-14T22:14:16.122342" level="INFO">login</msg>
<arg>${key}</arg>
<doc>Logs the given message with the given level.</doc>
<status status="PASS" start="2024-05-14T22:14:16.122215" elapsed="0.000165"/>
</kw>
<var name="${key}">login</var>
<status status="PASS" start="2024-05-14T22:14:16.120627" elapsed="0.001971"/>
</iter>
<var>${key}</var>
<value>@{expected_keys}</value>
<status status="PASS" start="2024-05-14T22:14:16.111901" elapsed="0.010819"/>
</for>
<kw name="Create List" owner="BuiltIn">
<msg time="2024-05-14T22:14:16.123047" level="INFO">${expected_keysTwo} = ['username', 'password']</msg>
<var>${expected_keysTwo}</var>
<arg>username</arg>
<arg>password</arg>
<doc>Returns a list containing given items.</doc>
<status status="PASS" start="2024-05-14T22:14:16.122912" elapsed="0.000158"/>
</kw>
<for flavor="IN">
<iter>
<kw name="Dictionary Should Contain Key" owner="Collections">
<msg time="2024-05-14T22:14:16.123949" level="INFO">False</msg>
<arg>${json_data['results'][0]['login']}</arg>
<arg>${keyTwo}</arg>
<doc>Fails if ``key`` is not found from ``dictionary``.</doc>
<status status="PASS" start="2024-05-14T22:14:16.123558" elapsed="0.000430"/>
</kw>
<kw name="Dictionary Should Contain Key" owner="Collections">
<msg time="2024-05-14T22:14:16.124662" level="INFO">False</msg>
<arg>${json_data['results'][0]['login']}</arg>
<arg>${keyTwo}</arg>
<doc>Fails if ``key`` is not found from ``dictionary``.</doc>
<status status="PASS" start="2024-05-14T22:14:16.124283" elapsed="0.000416"/>
</kw>
<kw name="Log" owner="BuiltIn">
<msg time="2024-05-14T22:14:16.125138" level="INFO">username</msg>
<arg>${keyTwo}</arg>
<doc>Logs the given message with the given level.</doc>
<status status="PASS" start="2024-05-14T22:14:16.124987" elapsed="0.000199"/>
</kw>
<var name="${keyTwo}">username</var>
<status status="PASS" start="2024-05-14T22:14:16.123451" elapsed="0.001956"/>
</iter>
<iter>
<kw name="Dictionary Should Contain Key" owner="Collections">
<msg time="2024-05-14T22:14:16.126149" level="INFO">False</msg>
<arg>${json_data['results'][0]['login']}</arg>
<arg>${keyTwo}</arg>
<doc>Fails if ``key`` is not found from ``dictionary``.</doc>
<status status="PASS" start="2024-05-14T22:14:16.125684" elapsed="0.000506"/>
</kw>
<kw name="Dictionary Should Contain Key" owner="Collections">
<msg time="2024-05-14T22:14:16.126860" level="INFO">False</msg>
<arg>${json_data['results'][0]['login']}</arg>
<arg>${keyTwo}</arg>
<doc>Fails if ``key`` is not found from ``dictionary``.</doc>
<status status="PASS" start="2024-05-14T22:14:16.126486" elapsed="0.000411"/>
</kw>
<kw name="Log" owner="BuiltIn">
<msg time="2024-05-14T22:14:16.127316" level="INFO">password</msg>
<arg>${keyTwo}</arg>
<doc>Logs the given message with the given level.</doc>
<status status="PASS" start="2024-05-14T22:14:16.127188" elapsed="0.000166"/>
</kw>
<var name="${keyTwo}">password</var>
<status status="PASS" start="2024-05-14T22:14:16.125576" elapsed="0.001991"/>
</iter>
<var>${keyTwo}</var>
<value>@{expected_keysTwo}</value>
<status status="PASS" start="2024-05-14T22:14:16.123302" elapsed="0.004385"/>
</for>
<status status="PASS" start="2024-05-14T22:14:16.011936" elapsed="0.115891"/>
</kw>
<doc>Testa a estrutura da resposta da API.</doc>
<tag>testeEstruturaResposta</tag>
<status status="PASS" start="2024-05-14T22:14:16.011414" elapsed="0.116575"/>
</test>
<test id="s1-s1-t4" name="Validar tipos de dados" line="28">
<kw name="Teste de Tipos de Dados" owner="random-user-service">
<kw name="GET On Session" owner="RequestsLibrary">
<msg time="2024-05-14T22:14:16.239599" level="INFO">GET Request : url=https://randomuser.me/api 
 path_url=/api 
 headers={'User-Agent': 'python-requests/2.31.0', 'Accept-Encoding': 'gzip, deflate', 'Accept': '*/*', 'Connection': 'keep-alive'} 
 body=None 
 </msg>
<msg time="2024-05-14T22:14:16.239707" level="INFO">GET Response : url=https://randomuser.me/api 
 status=200, reason=OK 
 headers={'Date': 'Tue, 14 May 2024 22:14:16 GMT', 'Content-Type': 'application/json; charset=utf-8', 'Transfer-Encoding': 'chunked', 'Connection': 'keep-alive', 'X-Powered-By': 'Express', 'Access-Control-Allow-Origin': '*', 'Cache-Control': 'no-cache', 'ETag': 'W/"486-K4hfU98gT0qLk+M6qQZTcViqmww"', 'Vary': 'Accept-Encoding', 'Content-Encoding': 'gzip', 'CF-Cache-Status': 'DYNAMIC', 'Report-To': '{"endpoints":[{"url":"https:\\/\\/a.nel.cloudflare.com\\/report\\/v4?s=S%2BYjfl8zTfuxDxBhmZL7GUzpBJUicGhRmcaN5CaHMXqZYri8InglV90N7T5uJ7Q%2B1KhBpbXtJ%2FPKBdMHHlmbtyAd8Wz35PB5z7M%2B7g6858S760EC3kSorZ3YHjFAXufe"}],"group":"cf-nel","max_age":604800}', 'NEL': '{"success_fraction":0,"report_to":"cf-nel","max_age":604800}', 'Server': 'cloudflare', 'CF-RAY': '883e3d7ed8531568-SJC', 'alt-svc': 'h3=":443"; ma=86400'} 
 body={"results":[{"gender":"male","name":{"title":"Mr","first":"Murat","last":"Tuğlu"},"location":{"street":{"number":3884,"name":"Doktorlar Cd"},"city":"Balıkesir","state":"Ardahan","country":"Turkey","postcode":81264,"coordinates":{"latitude":"70.5622","longitude":"-47.6693"},"timezone":{"offset":"-5:00","description":"Eastern Time (US &amp; Canada), Bogota, Lima"}},"email":"murat.tuglu@example.com","login":{"uuid":"bd4621ec-144e-44f0-85e6-5148716b4c91","username":"tinykoala430","password":"eggplant","salt":"frr5p8dq","md5":"ca7a02820fbbb8cc2c93bbd0e8ac0a8d","sha1":"8c7718b02095880e081ac24516ff92d240c8d5cc","sha256":"53149cc2d5025443db75d9271e4b1c29ef0572c2c1b0708a0c02f1fe25e621ea"},"dob":{"date":"1948-05-17T08:05:07.579Z","age":75},"registered":{"date":"2008-06-21T03:47:19.764Z","age":15},"phone":"(403)-627-6062","cell":"(678)-445-1665","id":{"name":"","value":null},"picture":{"large":"https://randomuser.me/api/portraits/men/50.jpg","medium":"https://randomuser.me/api/portraits/med/men/50.jpg","thumbnail":"https://randomuser.me/api/portraits/thumb/men/50.jpg"},"nat":"TR"}],"info":{"seed":"8312e895647243c5","results":1,"page":1,"version":"1.4"}} 
 </msg>
<msg time="2024-05-14T22:14:16.239793" level="INFO">/opt/hostedtoolcache/Python/3.12.3/x64/lib/python3.12/site-packages/urllib3/connectionpool.py:1103: InsecureRequestWarning: Unverified HTTPS request is being made to host 'randomuser.me'. Adding certificate verification is strongly advised. See: https://urllib3.readthedocs.io/en/latest/advanced-usage.html#tls-warnings
  warnings.warn(</msg>
<msg time="2024-05-14T22:14:16.239954" level="INFO">${response} = &lt;Response [200]&gt;</msg>
<var>${response}</var>
<arg>consultarAPI</arg>
<arg>/api</arg>
<doc>Sends a GET request on a previously created HTTP Session.</doc>
<status status="PASS" start="2024-05-14T22:14:16.130479" elapsed="0.109521"/>
</kw>
<kw name="Set Variable" owner="BuiltIn">
<msg time="2024-05-14T22:14:16.241143" level="INFO">${json_data} = {'results': [{'gender': 'male', 'name': {'title': 'Mr', 'first': 'Murat', 'last': 'Tuğlu'}, 'location': {'street': {'number': 3884, 'name': 'Doktorlar Cd'}, 'city': 'Balıkesir', 'state': 'Ardahan', 'c...</msg>
<var>${json_data}</var>
<arg>${response.json()}</arg>
<doc>Returns the given values which can then be assigned to a variables.</doc>
<status status="PASS" start="2024-05-14T22:14:16.240559" elapsed="0.000619"/>
</kw>
<kw name="Log" owner="BuiltIn">
<msg time="2024-05-14T22:14:16.241664" level="INFO">{'results': [{'gender': 'male', 'name': {'title': 'Mr', 'first': 'Murat', 'last': 'Tuğlu'}, 'location': {'street': {'number': 3884, 'name': 'Doktorlar Cd'}, 'city': 'Balıkesir', 'state': 'Ardahan', 'country': 'Turkey', 'postcode': 81264, 'coordinates': {'latitude': '70.5622', 'longitude': '-47.6693'}, 'timezone': {'offset': '-5:00', 'description': 'Eastern Time (US &amp; Canada), Bogota, Lima'}}, 'email': 'murat.tuglu@example.com', 'login': {'uuid': 'bd4621ec-144e-44f0-85e6-5148716b4c91', 'username': 'tinykoala430', 'password': 'eggplant', 'salt': 'frr5p8dq', 'md5': 'ca7a02820fbbb8cc2c93bbd0e8ac0a8d', 'sha1': '8c7718b02095880e081ac24516ff92d240c8d5cc', 'sha256': '53149cc2d5025443db75d9271e4b1c29ef0572c2c1b0708a0c02f1fe25e621ea'}, 'dob': {'date': '1948-05-17T08:05:07.579Z', 'age': 75}, 'registered': {'date': '2008-06-21T03:47:19.764Z', 'age': 15}, 'phone': '(403)-627-6062', 'cell': '(678)-445-1665', 'id': {'name': '', 'value': None}, 'picture': {'large': 'https://randomuser.me/api/portraits/men/50.jpg', 'medium': 'https://randomuser.me/api/portraits/med/men/50.jpg', 'thumbnail': 'https://randomuser.me/api/portraits/thumb/men/50.jpg'}, 'nat': 'TR'}], 'info': {'seed': '8312e895647243c5', 'results': 1, 'page': 1, 'version': '1.4'}}</msg>
<arg>${json_data}</arg>
<doc>Logs the given message with the given level.</doc>
<status status="PASS" start="2024-05-14T22:14:16.241500" elapsed="0.000263"/>
</kw>
<kw name="Should Be String" owner="String">
<arg>${json_data['results'][0]['gender']}</arg>
<doc>Fails if the given ``item`` is not a string.</doc>
<status status="PASS" start="2024-05-14T22:14:16.242074" elapsed="0.000370"/>
</kw>
<kw name="Should Match Regexp" owner="BuiltIn">
<arg>${json_data['results'][0]['email']}</arg>
<arg>^[a-zA-Z0-9._%+-]+@[a-zA-Z0-9.-]+\.[a-zA-Z]{2,}$</arg>
<doc>Fails if ``string`` does not match ``pattern`` as a regular expression.</doc>
<status status="PASS" start="2024-05-14T22:14:16.242632" elapsed="0.000508"/>
</kw>
<kw name="Should Match Regexp" owner="BuiltIn">
<arg>${json_data['results'][0]['dob']['date']}</arg>
<arg>\\d{4}-\\d{2}-\\d{2}T\\d{2}:\\d{2}:\\d{2}\\.\\d{3}Z</arg>
<doc>Fails if ``string`` does not match ``pattern`` as a regular expression.</doc>
<status status="PASS" start="2024-05-14T22:14:16.243329" elapsed="0.000487"/>
</kw>
<kw name="Should Match Regexp" owner="BuiltIn">
<arg>${json_data['results'][0]['registered']['date']}</arg>
<arg>\\d{4}-\\d{2}-\\d{2}T\\d{2}:\\d{2}:\\d{2}\\.\\d{3}Z</arg>
<doc>Fails if ``string`` does not match ``pattern`` as a regular expression.</doc>
<status status="PASS" start="2024-05-14T22:14:16.244003" elapsed="0.000364"/>
</kw>
<kw name="Should Match Regexp" owner="BuiltIn">
<arg>${json_data['results'][0]['picture']['large']}</arg>
<arg>^https?://.*\.(?:png|jpe?g|gif|bmp)$</arg>
<doc>Fails if ``string`` does not match ``pattern`` as a regular expression.</doc>
<status status="PASS" start="2024-05-14T22:14:16.244561" elapsed="0.000451"/>
</kw>
<kw name="Should Match Regexp" owner="BuiltIn">
<arg>${json_data['results'][0]['picture']['medium']}</arg>
<arg>^https?://.*\.(?:png|jpe?g|gif|bmp)$</arg>
<doc>Fails if ``string`` does not match ``pattern`` as a regular expression.</doc>
<status status="PASS" start="2024-05-14T22:14:16.245216" elapsed="0.000353"/>
</kw>
<kw name="Should Match Regexp" owner="BuiltIn">
<arg>${json_data['results'][0]['picture']['thumbnail']}</arg>
<arg>^https?://.*\.(?:png|jpe?g|gif|bmp)$</arg>
<doc>Fails if ``string`` does not match ``pattern`` as a regular expression.</doc>
<status status="PASS" start="2024-05-14T22:14:16.245757" elapsed="0.000346"/>
</kw>
<kw name="Log" owner="BuiltIn">
<msg time="2024-05-14T22:14:16.246593" level="INFO">{'large': 'https://randomuser.me/api/portraits/men/50.jpg', 'medium': 'https://randomuser.me/api/portraits/med/men/50.jpg', 'thumbnail': 'https://randomuser.me/api/portraits/thumb/men/50.jpg'}</msg>
<arg>${json_data['results'][0]['picture']}</arg>
<doc>Logs the given message with the given level.</doc>
<status status="PASS" start="2024-05-14T22:14:16.246278" elapsed="0.000356"/>
</kw>
<status status="PASS" start="2024-05-14T22:14:16.130249" elapsed="0.116644"/>
</kw>
<kw name="Teste de Tipos de Dados - Postcode" owner="random-user-service">
<kw name="GET On Session" owner="RequestsLibrary">
<msg time="2024-05-14T22:14:16.342047" level="INFO">GET Request : url=https://randomuser.me/api 
 path_url=/api 
 headers={'User-Agent': 'python-requests/2.31.0', 'Accept-Encoding': 'gzip, deflate', 'Accept': '*/*', 'Connection': 'keep-alive'} 
 body=None 
 </msg>
<msg time="2024-05-14T22:14:16.342162" level="INFO">GET Response : url=https://randomuser.me/api 
 status=200, reason=OK 
 headers={'Date': 'Tue, 14 May 2024 22:14:16 GMT', 'Content-Type': 'application/json; charset=utf-8', 'Transfer-Encoding': 'chunked', 'Connection': 'keep-alive', 'X-Powered-By': 'Express', 'Access-Control-Allow-Origin': '*', 'Cache-Control': 'no-cache', 'ETag': 'W/"4a3-YUt7VxQ1wEZn9t36MeLxceprz/M"', 'Vary': 'Accept-Encoding', 'Content-Encoding': 'gzip', 'CF-Cache-Status': 'DYNAMIC', 'Report-To': '{"endpoints":[{"url":"https:\\/\\/a.nel.cloudflare.com\\/report\\/v4?s=AaJVPMDhYmKAxnm8foddh4O0ioSPWAqAIhMlzvtUNDb4tfGk%2BElehaLJ9aYXbAU0w1mWHUFTgnyOHd3uQp%2F9U3MdGL7VHyPwMzJiyEd6Fb6n7%2BFUMI9NBJMWNT5VMtWR"}],"group":"cf-nel","max_age":604800}', 'NEL': '{"success_fraction":0,"report_to":"cf-nel","max_age":604800}', 'Server': 'cloudflare', 'CF-RAY': '883e3d7f98fe1568-SJC', 'alt-svc': 'h3=":443"; ma=86400'} 
 body={"results":[{"gender":"female","name":{"title":"Ms","first":"Gloria","last":"Knott"},"location":{"street":{"number":5333,"name":"Mittelstraße"},"city":"Bad Kreuznach","state":"Hamburg","country":"Germany","postcode":20704,"coordinates":{"latitude":"-52.1070","longitude":"125.7054"},"timezone":{"offset":"-6:00","description":"Central Time (US &amp; Canada), Mexico City"}},"email":"gloria.knott@example.com","login":{"uuid":"57e38a05-11a2-408e-926e-15b0289c37c1","username":"tinybutterfly382","password":"gambit","salt":"eNjaI61k","md5":"d2918ca4651503e339a17ff73ecfd941","sha1":"b55fb4cf9d43213e0e31d6d604bc2e3ed365728d","sha256":"a60e6ff25ba3db97819b57ed933abebfa211b3756009c609042bdee663858b19"},"dob":{"date":"1984-10-27T06:45:16.268Z","age":39},"registered":{"date":"2002-07-08T02:55:43.087Z","age":21},"phone":"0558-2470617","cell":"0172-7455672","id":{"name":"SVNR","value":"03 271084 K 540"},"picture":{"large":"https://randomuser.me/api/portraits/women/16.jpg","medium":"https://randomuser.me/api/portraits/med/women/16.jpg","thumbnail":"https://randomuser.me/api/portraits/thumb/women/16.jpg"},"nat":"DE"}],"info":{"seed":"a2fd9c6de275a0f8","results":1,"page":1,"version":"1.4"}} 
 </msg>
<msg time="2024-05-14T22:14:16.342253" level="INFO">/opt/hostedtoolcache/Python/3.12.3/x64/lib/python3.12/site-packages/urllib3/connectionpool.py:1103: InsecureRequestWarning: Unverified HTTPS request is being made to host 'randomuser.me'. Adding certificate verification is strongly advised. See: https://urllib3.readthedocs.io/en/latest/advanced-usage.html#tls-warnings
  warnings.warn(</msg>
<msg time="2024-05-14T22:14:16.342408" level="INFO">${response} = &lt;Response [200]&gt;</msg>
<var>${response}</var>
<arg>consultarAPI</arg>
<arg>/api</arg>
<doc>Sends a GET request on a previously created HTTP Session.</doc>
<status status="PASS" start="2024-05-14T22:14:16.247360" elapsed="0.095090"/>
</kw>
<kw name="Set Variable" owner="BuiltIn">
<msg time="2024-05-14T22:14:16.343471" level="INFO">${json_data} = {'results': [{'gender': 'female', 'name': {'title': 'Ms', 'first': 'Gloria', 'last': 'Knott'}, 'location': {'street': {'number': 5333, 'name': 'Mittelstraße'}, 'city': 'Bad Kreuznach', 'state': 'Hambu...</msg>
<var>${json_data}</var>
<arg>${response.json()}</arg>
<doc>Returns the given values which can then be assigned to a variables.</doc>
<status status="PASS" start="2024-05-14T22:14:16.342936" elapsed="0.000564"/>
</kw>
<kw name="Log" owner="BuiltIn">
<msg time="2024-05-14T22:14:16.343977" level="INFO">{'results': [{'gender': 'female', 'name': {'title': 'Ms', 'first': 'Gloria', 'last': 'Knott'}, 'location': {'street': {'number': 5333, 'name': 'Mittelstraße'}, 'city': 'Bad Kreuznach', 'state': 'Hamburg', 'country': 'Germany', 'postcode': 20704, 'coordinates': {'latitude': '-52.1070', 'longitude': '125.7054'}, 'timezone': {'offset': '-6:00', 'description': 'Central Time (US &amp; Canada), Mexico City'}}, 'email': 'gloria.knott@example.com', 'login': {'uuid': '57e38a05-11a2-408e-926e-15b0289c37c1', 'username': 'tinybutterfly382', 'password': 'gambit', 'salt': 'eNjaI61k', 'md5': 'd2918ca4651503e339a17ff73ecfd941', 'sha1': 'b55fb4cf9d43213e0e31d6d604bc2e3ed365728d', 'sha256': 'a60e6ff25ba3db97819b57ed933abebfa211b3756009c609042bdee663858b19'}, 'dob': {'date': '1984-10-27T06:45:16.268Z', 'age': 39}, 'registered': {'date': '2002-07-08T02:55:43.087Z', 'age': 21}, 'phone': '0558-2470617', 'cell': '0172-7455672', 'id': {'name': 'SVNR', 'value': '03 271084 K 540'}, 'picture': {'large': 'https://randomuser.me/api/portraits/women/16.jpg', 'medium': 'https://randomuser.me/api/portraits/med/women/16.jpg', 'thumbnail': 'https://randomuser.me/api/portraits/thumb/women/16.jpg'}, 'nat': 'DE'}], 'info': {'seed': 'a2fd9c6de275a0f8', 'results': 1, 'page': 1, 'version': '1.4'}}</msg>
<arg>${json_data}</arg>
<doc>Logs the given message with the given level.</doc>
<status status="PASS" start="2024-05-14T22:14:16.343821" elapsed="0.000241"/>
</kw>
<kw name="Should Be Equal As Numbers" owner="BuiltIn">
<arg>${json_data['results'][0]['location']['postcode']}</arg>
<arg>${json_data['results'][0]['location']['postcode']}</arg>
<doc>Fails if objects are unequal after converting them to real numbers.</doc>
<status status="PASS" start="2024-05-14T22:14:16.344540" elapsed="0.000647"/>
</kw>
<kw name="Log" owner="BuiltIn">
<msg time="2024-05-14T22:14:16.345720" level="INFO">20704</msg>
<arg>${json_data['results'][0]['location']['postcode']}</arg>
<doc>Logs the given message with the given level.</doc>
<status status="PASS" start="2024-05-14T22:14:16.345386" elapsed="0.000374"/>
</kw>
<status status="PASS" start="2024-05-14T22:14:16.247125" elapsed="0.098887"/>
</kw>
<doc>Testa se os tipos de dados na resposta da API estão corretos.</doc>
<tag>testeTiposDados</tag>
<status status="PASS" start="2024-05-14T22:14:16.129798" elapsed="0.216380"/>
</test>
<test id="s1-s1-t5" name="Validar conteudo" line="35">
<kw name="Teste de Tipos de Conteudo" owner="random-user-service">
<kw name="GET On Session" owner="RequestsLibrary">
<msg time="2024-05-14T22:14:16.439594" level="INFO">GET Request : url=https://randomuser.me/api 
 path_url=/api 
 headers={'User-Agent': 'python-requests/2.31.0', 'Accept-Encoding': 'gzip, deflate', 'Accept': '*/*', 'Connection': 'keep-alive'} 
 body=None 
 </msg>
<msg time="2024-05-14T22:14:16.439673" level="INFO">GET Response : url=https://randomuser.me/api 
 status=200, reason=OK 
 headers={'Date': 'Tue, 14 May 2024 22:14:16 GMT', 'Content-Type': 'application/json; charset=utf-8', 'Transfer-Encoding': 'chunked', 'Connection': 'keep-alive', 'X-Powered-By': 'Express', 'Access-Control-Allow-Origin': '*', 'Cache-Control': 'no-cache', 'ETag': 'W/"48f-B65xI1T3uAUlwz/XLFB2xDfhEzI"', 'Vary': 'Accept-Encoding', 'Content-Encoding': 'gzip', 'CF-Cache-Status': 'DYNAMIC', 'Report-To': '{"endpoints":[{"url":"https:\\/\\/a.nel.cloudflare.com\\/report\\/v4?s=5qAbU699XlE8qEi%2F55Ukdu2DJeJDJv6WILidARweY1NFMa4WycEa7tZux5tRLwcZawD%2BSgtZGw%2B5E9YJ8HipkecSS50cTIq0IWrFATVgH9%2BqUeTiXjFQpaAtIj%2F5BN8R"}],"group":"cf-nel","max_age":604800}', 'NEL': '{"success_fraction":0,"report_to":"cf-nel","max_age":604800}', 'Server': 'cloudflare', 'CF-RAY': '883e3d80399a1568-SJC', 'alt-svc': 'h3=":443"; ma=86400'} 
 body={"results":[{"gender":"male","name":{"title":"Mr","first":"Erich","last":"Wendland"},"location":{"street":{"number":2145,"name":"Mühlenstraße"},"city":"Berka/Werra","state":"Brandenburg","country":"Germany","postcode":81795,"coordinates":{"latitude":"-48.3285","longitude":"-31.8809"},"timezone":{"offset":"+7:00","description":"Bangkok, Hanoi, Jakarta"}},"email":"erich.wendland@example.com","login":{"uuid":"3fd3a13c-73af-443d-880d-6c0d7210b28f","username":"angrysnake478","password":"lovers","salt":"CpP7so2c","md5":"4f288c679af5ea3b945e3633b8bb5a9c","sha1":"2fa5e4a0a1f7efdf0df8d212e315f5982b29f808","sha256":"9816709ad27dd50dfde6c07a5794ca302b50c883953930f2a03d80b61f4fd639"},"dob":{"date":"1988-06-12T21:15:34.958Z","age":35},"registered":{"date":"2002-04-01T20:40:13.008Z","age":22},"phone":"0410-0715927","cell":"0175-7583041","id":{"name":"SVNR","value":"21 120688 W 372"},"picture":{"large":"https://randomuser.me/api/portraits/men/86.jpg","medium":"https://randomuser.me/api/portraits/med/men/86.jpg","thumbnail":"https://randomuser.me/api/portraits/thumb/men/86.jpg"},"nat":"DE"}],"info":{"seed":"0b857e7f6fe7fca4","results":1,"page":1,"version":"1.4"}} 
 </msg>
<msg time="2024-05-14T22:14:16.439745" level="INFO">/opt/hostedtoolcache/Python/3.12.3/x64/lib/python3.12/site-packages/urllib3/connectionpool.py:1103: InsecureRequestWarning: Unverified HTTPS request is being made to host 'randomuser.me'. Adding certificate verification is strongly advised. See: https://urllib3.readthedocs.io/en/latest/advanced-usage.html#tls-warnings
  warnings.warn(</msg>
<msg time="2024-05-14T22:14:16.439866" level="INFO">${response} = &lt;Response [200]&gt;</msg>
<var>${response}</var>
<arg>consultarAPI</arg>
<arg>/api</arg>
<doc>Sends a GET request on a previously created HTTP Session.</doc>
<status status="PASS" start="2024-05-14T22:14:16.348981" elapsed="0.090931"/>
</kw>
<kw name="Set Variable" owner="BuiltIn">
<msg time="2024-05-14T22:14:16.440834" level="INFO">${json_data} = {'results': [{'gender': 'male', 'name': {'title': 'Mr', 'first': 'Erich', 'last': 'Wendland'}, 'location': {'street': {'number': 2145, 'name': 'Mühlenstraße'}, 'city': 'Berka/Werra', 'state': 'Branden...</msg>
<var>${json_data}</var>
<arg>${response.json()}</arg>
<doc>Returns the given values which can then be assigned to a variables.</doc>
<status status="PASS" start="2024-05-14T22:14:16.440328" elapsed="0.000535"/>
</kw>
<kw name="Set Variable" owner="BuiltIn">
<msg time="2024-05-14T22:14:16.441589" level="INFO">${name_title} = Mr</msg>
<var>${name_title}</var>
<arg>${json_data["results"][0]["name"]["title"]}</arg>
<doc>Returns the given values which can then be assigned to a variables.</doc>
<status status="PASS" start="2024-05-14T22:14:16.441195" elapsed="0.000420"/>
</kw>
<kw name="Create List" owner="BuiltIn">
<msg time="2024-05-14T22:14:16.442056" level="INFO">${allowed_titles} = ['Mr', 'Ms', 'Miss', 'Mrs', 'Madame', 'Monsieur']</msg>
<var>${allowed_titles}</var>
<arg>Mr</arg>
<arg>Ms</arg>
<arg>Miss</arg>
<arg>Mrs</arg>
<arg>Madame</arg>
<arg>Monsieur</arg>
<doc>Returns a list containing given items.</doc>
<status status="PASS" start="2024-05-14T22:14:16.441910" elapsed="0.000170"/>
</kw>
<kw name="List Should Contain Value" owner="Collections">
<msg time="2024-05-14T22:14:16.442545" level="INFO">False</msg>
<arg>${allowed_titles}</arg>
<arg>${name_title}</arg>
<doc>Fails if the ``value`` is not found from ``list``.</doc>
<status status="PASS" start="2024-05-14T22:14:16.442377" elapsed="0.000203"/>
</kw>
<kw name="Set Variable" owner="BuiltIn">
<msg time="2024-05-14T22:14:16.443243" level="INFO">${name_country} = DE</msg>
<var>${name_country}</var>
<arg>${json_data["results"][0]["nat"]}</arg>
<doc>Returns the given values which can then be assigned to a variables.</doc>
<status status="PASS" start="2024-05-14T22:14:16.442870" elapsed="0.000398"/>
</kw>
<kw name="Create List" owner="BuiltIn">
<msg time="2024-05-14T22:14:16.444148" level="INFO">${list_country} = ['AD', 'AE', 'AF', 'AG', 'AI', 'AL', 'AM', 'AO', 'AQ', 'AR', 'AS', 'AT', 'AU', 'AW', 'AX', 'AZ', 'BA', 'BB', 'BD', 'BE', 'BF', 'BG', 'BH', 'BI', 'BJ', 'BL', 'BM', 'BN', 'BO', 'BQ', 'BR', 'BS', 'BT', '...</msg>
<var>${list_country}</var>
<arg>AD</arg>
<arg>AE</arg>
<arg>AF</arg>
<arg>AG</arg>
<arg>AI</arg>
<arg>AL</arg>
<arg>AM</arg>
<arg>AO</arg>
<arg>AQ</arg>
<arg>AR</arg>
<arg>AS</arg>
<arg>AT</arg>
<arg>AU</arg>
<arg>AW</arg>
<arg>AX</arg>
<arg>AZ</arg>
<arg>BA</arg>
<arg>BB</arg>
<arg>BD</arg>
<arg>BE</arg>
<arg>BF</arg>
<arg>BG</arg>
<arg>BH</arg>
<arg>BI</arg>
<arg>BJ</arg>
<arg>BL</arg>
<arg>BM</arg>
<arg>BN</arg>
<arg>BO</arg>
<arg>BQ</arg>
<arg>BR</arg>
<arg>BS</arg>
<arg>BT</arg>
<arg>BV</arg>
<arg>BW</arg>
<arg>BY</arg>
<arg>BZ</arg>
<arg>CA</arg>
<arg>CC</arg>
<arg>CD</arg>
<arg>CF</arg>
<arg>CG</arg>
<arg>CH</arg>
<arg>CI</arg>
<arg>CK</arg>
<arg>CL</arg>
<arg>CM</arg>
<arg>CN</arg>
<arg>CO</arg>
<arg>CR</arg>
<arg>CU</arg>
<arg>CV</arg>
<arg>CW</arg>
<arg>CX</arg>
<arg>CY</arg>
<arg>CZ</arg>
<arg>DE</arg>
<arg>DJ</arg>
<arg>DK</arg>
<arg>DM</arg>
<arg>DO</arg>
<arg>DZ</arg>
<arg>EC</arg>
<arg>EE</arg>
<arg>EG</arg>
<arg>EH</arg>
<arg>ER</arg>
<arg>ES</arg>
<arg>ET</arg>
<arg>FI</arg>
<arg>FJ</arg>
<arg>FK</arg>
<arg>FM</arg>
<arg>FO</arg>
<arg>FR</arg>
<arg>GA</arg>
<arg>GB</arg>
<arg>GD</arg>
<arg>GE</arg>
<arg>GF</arg>
<arg>GG</arg>
<arg>GH</arg>
<arg>GI</arg>
<arg>GL</arg>
<arg>GM</arg>
<arg>GN</arg>
<arg>GP</arg>
<arg>GQ</arg>
<arg>GR</arg>
<arg>GS</arg>
<arg>GT</arg>
<arg>GU</arg>
<arg>GW</arg>
<arg>GY</arg>
<arg>HK</arg>
<arg>HM</arg>
<arg>HN</arg>
<arg>HR</arg>
<arg>HT</arg>
<arg>HU</arg>
<arg>ID</arg>
<arg>IE</arg>
<arg>IL</arg>
<arg>IM</arg>
<arg>IN</arg>
<arg>IO</arg>
<arg>IQ</arg>
<arg>IR</arg>
<arg>IS</arg>
<arg>IT</arg>
<arg>JE</arg>
<arg>JM</arg>
<arg>JO</arg>
<arg>JP</arg>
<arg>KE</arg>
<arg>KG</arg>
<arg>KH</arg>
<arg>KI</arg>
<arg>KM</arg>
<arg>KN</arg>
<arg>KP</arg>
<arg>KR</arg>
<arg>KW</arg>
<arg>KY</arg>
<arg>KZ</arg>
<arg>LA</arg>
<arg>LB</arg>
<arg>LC</arg>
<arg>LI</arg>
<arg>LK</arg>
<arg>LR</arg>
<arg>LS</arg>
<arg>LT</arg>
<arg>LU</arg>
<arg>LV</arg>
<arg>LY</arg>
<arg>MA</arg>
<arg>MC</arg>
<arg>MD</arg>
<arg>ME</arg>
<arg>MF</arg>
<arg>MG</arg>
<arg>MH</arg>
<arg>MK</arg>
<arg>ML</arg>
<arg>MM</arg>
<arg>MN</arg>
<arg>MO</arg>
<arg>MP</arg>
<arg>MQ</arg>
<arg>MR</arg>
<arg>MS</arg>
<arg>MT</arg>
<arg>MU</arg>
<arg>MV</arg>
<arg>MW</arg>
<arg>MX</arg>
<arg>MY</arg>
<arg>MZ</arg>
<arg>NA</arg>
<arg>NC</arg>
<arg>NE</arg>
<arg>NF</arg>
<arg>NG</arg>
<arg>NI</arg>
<arg>NL</arg>
<arg>NO</arg>
<arg>NP</arg>
<arg>NR</arg>
<arg>NU</arg>
<arg>NZ</arg>
<arg>OM</arg>
<arg>PA</arg>
<arg>PE</arg>
<arg>PF</arg>
<arg>PG</arg>
<arg>PH</arg>
<arg>PK</arg>
<arg>PL</arg>
<arg>PM</arg>
<arg>PN</arg>
<arg>PR</arg>
<arg>PS</arg>
<arg>PT</arg>
<arg>PW</arg>
<arg>PY</arg>
<arg>QA</arg>
<arg>RE</arg>
<arg>RO</arg>
<arg>RS</arg>
<arg>RU</arg>
<arg>RW</arg>
<arg>SA</arg>
<arg>SB</arg>
<arg>SC</arg>
<arg>SD</arg>
<arg>SE</arg>
<arg>SG</arg>
<arg>SH</arg>
<arg>SI</arg>
<arg>SJ</arg>
<arg>SK</arg>
<arg>SL</arg>
<arg>SM</arg>
<arg>SN</arg>
<arg>SO</arg>
<arg>SR</arg>
<arg>SS</arg>
<arg>ST</arg>
<arg>SV</arg>
<arg>SX</arg>
<arg>SY</arg>
<arg>SZ</arg>
<arg>TC</arg>
<arg>TD</arg>
<arg>TF</arg>
<arg>TG</arg>
<arg>TH</arg>
<arg>TJ</arg>
<arg>TK</arg>
<arg>TL</arg>
<arg>TM</arg>
<arg>TN</arg>
<arg>TO</arg>
<arg>TR</arg>
<arg>TT</arg>
<arg>TV</arg>
<arg>TW</arg>
<arg>TZ</arg>
<arg>UA</arg>
<arg>UG</arg>
<arg>UM</arg>
<arg>US</arg>
<arg>UY</arg>
<arg>UZ</arg>
<arg>VA</arg>
<arg>VC</arg>
<arg>VE</arg>
<arg>VG</arg>
<arg>VI</arg>
<arg>VN</arg>
<arg>VU</arg>
<arg>WF</arg>
<arg>WS</arg>
<arg>XK</arg>
<arg>YE</arg>
<arg>YT</arg>
<arg>ZA</arg>
<arg>ZM</arg>
<arg>ZW</arg>
<doc>Returns a list containing given items.</doc>
<status status="PASS" start="2024-05-14T22:14:16.443564" elapsed="0.000610"/>
</kw>
<kw name="List Should Contain Value" owner="Collections">
<msg time="2024-05-14T22:14:16.445181" level="INFO">False</msg>
<arg>${list_country}</arg>
<arg>${name_country}</arg>
<doc>Fails if the ``value`` is not found from ``list``.</doc>
<status status="PASS" start="2024-05-14T22:14:16.444959" elapsed="0.000261"/>
</kw>
<kw name="Run Keyword If" owner="BuiltIn">
<kw name="Should Be True" owner="BuiltIn">
<arg>${True}</arg>
<doc>Fails if the given condition is not true.</doc>
<status status="PASS" start="2024-05-14T22:14:16.446295" elapsed="0.000250"/>
</kw>
<arg>${json_data["results"][0]["location"]["coordinates"]["latitude"]} &gt;= -90 and ${json_data["results"][0]["location"]["coordinates"]["latitude"]} &lt;= 90</arg>
<arg>Should Be True</arg>
<arg>${True}</arg>
<doc>Runs the given keyword with the given arguments, if ``condition`` is true.</doc>
<status status="PASS" start="2024-05-14T22:14:16.445541" elapsed="0.001134"/>
</kw>
<kw name="Run Keyword If" owner="BuiltIn">
<kw name="Should Be True" owner="BuiltIn">
<arg>${True}</arg>
<doc>Fails if the given condition is not true.</doc>
<status status="PASS" start="2024-05-14T22:14:16.447559" elapsed="0.000138"/>
</kw>
<arg>${json_data["results"][0]["location"]["coordinates"]["longitude"]} &gt;= -180 and ${json_data["results"][0]["location"]["coordinates"]["longitude"]} &lt;= 180</arg>
<arg>Should Be True</arg>
<arg>${True}</arg>
<doc>Runs the given keyword with the given arguments, if ``condition`` is true.</doc>
<status status="PASS" start="2024-05-14T22:14:16.446860" elapsed="0.000958"/>
</kw>
<status status="PASS" start="2024-05-14T22:14:16.348608" elapsed="0.099341"/>
</kw>
<doc>Testa o conteúdo específico dos campos retornados pela API.</doc>
<tag>testeConteudo</tag>
<status status="PASS" start="2024-05-14T22:14:16.347928" elapsed="0.100167"/>
</test>
<status status="PASS" start="2024-05-14T22:14:15.564983" elapsed="0.885060"/>
</suite>
<status status="PASS" start="2024-05-14T22:14:15.551059" elapsed="0.904156"/>
</suite>
<statistics>
<total>
<stat pass="5" fail="0" skip="0">All Tests</stat>
</total>
<tag>
<stat pass="1" fail="0" skip="0">testeConteudo</stat>
<stat pass="1" fail="0" skip="0">testeEstruturaResposta</stat>
<stat pass="1" fail="0" skip="0">testeRequisicaoBasica</stat>
<stat pass="1" fail="0" skip="0">testeTiposDados</stat>
</tag>
<suite>
<stat pass="5" fail="0" skip="0" id="s1" name="Tests">Tests</stat>
<stat pass="5" fail="0" skip="0" id="s1-s1" name="Random-User-Test">Tests.Random-User-Test</stat>
</suite>
</statistics>
<errors>
</errors>
</robot>
