<?xml version="1.0" encoding="UTF-8"?>
<robot generator="Robot 7.0 (Python 3.12.2 on linux)" generated="2024-04-04T22:12:26.167314" rpa="false" schemaversion="5">
<suite id="s1" name="Tests" source="/home/runner/work/DesafioQAItauRogerioJordao/DesafioQAItauRogerioJordao/RamdonUser/tests">
<suite id="s1-s1" name="Random-User-Test" source="/home/runner/work/DesafioQAItauRogerioJordao/DesafioQAItauRogerioJordao/RamdonUser/tests/random-user-test.robot">
<test id="s1-s1-t1" name="Conectar" line="13">
<kw name="Conectar API" owner="random-user-service">
<kw name="Create Session" owner="RequestsLibrary">
<msg time="2024-04-04T22:12:26.522561" level="INFO">Creating Session using : alias=consultarAPI, url=https://randomuser.me/, headers={},                     cookies={}, auth=None, timeout=None, proxies=None, verify=False,                     debug=0 </msg>
<arg>consultarAPI</arg>
<arg>${URL}</arg>
<doc>Create Session: create a HTTP session to a server</doc>
<status status="PASS" start="2024-04-04T22:12:26.522348" elapsed="0.000390"/>
</kw>
<status status="PASS" start="2024-04-04T22:12:26.521277" elapsed="0.001825"/>
</kw>
<status status="PASS" start="2024-04-04T22:12:26.520661" elapsed="0.002643"/>
</test>
<test id="s1-s1-t2" name="Validar retorno 200 e JSON Válido" line="16">
<kw name="Teste de Requisicao Basica" owner="random-user-service">
<kw name="GET On Session" owner="RequestsLibrary">
<msg time="2024-04-04T22:12:26.637150" level="INFO">GET Request : url=https://randomuser.me/api 
 path_url=/api 
 headers={'User-Agent': 'python-requests/2.31.0', 'Accept-Encoding': 'gzip, deflate', 'Accept': '*/*', 'Connection': 'keep-alive'} 
 body=None 
 </msg>
<msg time="2024-04-04T22:12:26.637302" level="INFO">GET Response : url=https://randomuser.me/api 
 status=200, reason=OK 
 headers={'Date': 'Thu, 04 Apr 2024 22:12:26 GMT', 'Content-Type': 'application/json; charset=utf-8', 'Transfer-Encoding': 'chunked', 'Connection': 'keep-alive', 'X-Powered-By': 'Express', 'Access-Control-Allow-Origin': '*', 'Cache-Control': 'no-cache', 'ETag': 'W/"488-oZUuYA8LWxxezauufbxI6mmajGE"', 'Vary': 'Accept-Encoding', 'Content-Encoding': 'gzip', 'CF-Cache-Status': 'DYNAMIC', 'Report-To': '{"endpoints":[{"url":"https:\\/\\/a.nel.cloudflare.com\\/report\\/v4?s=jSwuB06vxUopUlauaEezWiLZZmoSPM2kmmEuygcJVxMuIIxWvCYlZh9EEnPGs4R6wfkZHf%2FOUFovS3APvWZF4d0ddqiqZK7jFcnp03GLaZPb0BMVjOhJlYrE9DG8safK"}],"group":"cf-nel","max_age":604800}', 'NEL': '{"success_fraction":0,"report_to":"cf-nel","max_age":604800}', 'Server': 'cloudflare', 'CF-RAY': '86f4a3d1fce467a9-SJC', 'alt-svc': 'h3=":443"; ma=86400'} 
 body={"results":[{"gender":"female","name":{"title":"Miss","first":"Rachel","last":"Almaas"},"location":{"street":{"number":5954,"name":"Østerlisvingen"},"city":"Skotselv","state":"Vestfold","country":"Norway","postcode":"2004","coordinates":{"latitude":"46.2999","longitude":"82.4593"},"timezone":{"offset":"-8:00","description":"Pacific Time (US &amp; Canada)"}},"email":"rachel.almaas@example.com","login":{"uuid":"c0129fbf-82c9-4082-bd57-c309cc476a87","username":"heavypeacock269","password":"fireman","salt":"hVJaFiR2","md5":"939b6012bee0db21145873442493b02d","sha1":"2b826eb55a9b723e60aeee6e0bf7f78b1367792d","sha256":"c66426cf2c9e5185cb58ba5c14d6a9c2baa6520579416880c37ec41fc7e694a1"},"dob":{"date":"1944-09-03T12:05:05.623Z","age":79},"registered":{"date":"2014-01-19T00:53:41.206Z","age":10},"phone":"73446542","cell":"97538290","id":{"name":"FN","value":"03094437848"},"picture":{"large":"https://randomuser.me/api/portraits/women/76.jpg","medium":"https://randomuser.me/api/portraits/med/women/76.jpg","thumbnail":"https://randomuser.me/api/portraits/thumb/women/76.jpg"},"nat":"NO"}],"info":{"seed":"1da2dcaeb1df3276","results":1,"page":1,"version":"1.4"}} 
 </msg>
<msg time="2024-04-04T22:12:26.637434" level="INFO">/opt/hostedtoolcache/Python/3.12.2/x64/lib/python3.12/site-packages/urllib3/connectionpool.py:1103: InsecureRequestWarning: Unverified HTTPS request is being made to host 'randomuser.me'. Adding certificate verification is strongly advised. See: https://urllib3.readthedocs.io/en/latest/advanced-usage.html#tls-warnings
  warnings.warn(</msg>
<msg time="2024-04-04T22:12:26.637594" level="INFO">${response} = &lt;Response [200]&gt;</msg>
<var>${response}</var>
<arg>consultarAPI</arg>
<arg>/api</arg>
<doc>Sends a GET request on a previously created HTTP Session.</doc>
<status status="PASS" start="2024-04-04T22:12:26.525983" elapsed="0.111664"/>
</kw>
<kw name="Should Be Equal As Numbers" owner="BuiltIn">
<msg time="2024-04-04T22:12:26.638927" level="INFO">Argument types are:
&lt;class 'int'&gt;
&lt;class 'str'&gt;</msg>
<arg>${response.status_code}</arg>
<arg>200</arg>
<doc>Fails if objects are unequal after converting them to real numbers.</doc>
<status status="PASS" start="2024-04-04T22:12:26.638271" elapsed="0.000736"/>
</kw>
<kw name="Log" owner="BuiltIn">
<msg time="2024-04-04T22:12:26.639694" level="INFO">200</msg>
<arg>${response.status_code}</arg>
<doc>Logs the given message with the given level.</doc>
<status status="PASS" start="2024-04-04T22:12:26.639334" elapsed="0.000404"/>
</kw>
<kw name="Set Variable" owner="BuiltIn">
<msg time="2024-04-04T22:12:26.640527" level="INFO">${json_data} = {'results': [{'gender': 'female', 'name': {'title': 'Miss', 'first': 'Rachel', 'last': 'Almaas'}, 'location': {'street': {'number': 5954, 'name': 'Østerlisvingen'}, 'city': 'Skotselv', 'state': 'Vestf...</msg>
<var>${json_data}</var>
<arg>${response.json()}</arg>
<doc>Returns the given values which can then be assigned to a variables.</doc>
<status status="PASS" start="2024-04-04T22:12:26.640070" elapsed="0.000486"/>
</kw>
<kw name="Dictionary Should Contain Key" owner="Collections">
<msg time="2024-04-04T22:12:26.641027" level="INFO">False</msg>
<arg>${json_data}</arg>
<arg>results</arg>
<doc>Fails if ``key`` is not found from ``dictionary``.</doc>
<status status="PASS" start="2024-04-04T22:12:26.640862" elapsed="0.000205"/>
</kw>
<status status="PASS" start="2024-04-04T22:12:26.525724" elapsed="0.115601"/>
</kw>
<doc>Testa se a API responde corretamente e retorna um objeto JSON válido.</doc>
<tag>testeRequisicaoBasica</tag>
<status status="PASS" start="2024-04-04T22:12:26.525160" elapsed="0.116351"/>
</test>
<test id="s1-s1-t3" name="Validar estrutura de resposta" line="22">
<kw name="Teste de Estrutura de Resposta" owner="random-user-service">
<kw name="GET On Session" owner="RequestsLibrary">
<msg time="2024-04-04T22:12:26.737610" level="INFO">GET Request : url=https://randomuser.me/api 
 path_url=/api 
 headers={'User-Agent': 'python-requests/2.31.0', 'Accept-Encoding': 'gzip, deflate', 'Accept': '*/*', 'Connection': 'keep-alive'} 
 body=None 
 </msg>
<msg time="2024-04-04T22:12:26.737701" level="INFO">GET Response : url=https://randomuser.me/api 
 status=200, reason=OK 
 headers={'Date': 'Thu, 04 Apr 2024 22:12:26 GMT', 'Content-Type': 'application/json; charset=utf-8', 'Transfer-Encoding': 'chunked', 'Connection': 'keep-alive', 'X-Powered-By': 'Express', 'Access-Control-Allow-Origin': '*', 'Cache-Control': 'no-cache', 'ETag': 'W/"48d-ftVSNBTHushnddewJaOiWYVoCBw"', 'Vary': 'Accept-Encoding', 'Content-Encoding': 'gzip', 'CF-Cache-Status': 'DYNAMIC', 'Report-To': '{"endpoints":[{"url":"https:\\/\\/a.nel.cloudflare.com\\/report\\/v4?s=J84Qc7g%2BvIQ9W9b4iogzrUJTlYU10ow5eitDoApCWcuy8OTgyEPavYdrsAqlYiD%2B2Mnp3NfoYiNZGXMzaghkkM0i3QLS8UXUSM6DGA9VtLYgz5gFbQMCJ9Ra28gyThCD"}],"group":"cf-nel","max_age":604800}', 'NEL': '{"success_fraction":0,"report_to":"cf-nel","max_age":604800}', 'Server': 'cloudflare', 'CF-RAY': '86f4a3d28d4f67a9-SJC', 'alt-svc': 'h3=":443"; ma=86400'} 
 body={"results":[{"gender":"male","name":{"title":"Mr","first":"Keimpe","last":"Kreeft"},"location":{"street":{"number":1096,"name":"Honingbij"},"city":"Drogteropslagen","state":"Flevoland","country":"Netherlands","postcode":"7799 UL","coordinates":{"latitude":"32.3433","longitude":"-0.9689"},"timezone":{"offset":"-1:00","description":"Azores, Cape Verde Islands"}},"email":"keimpe.kreeft@example.com","login":{"uuid":"8661c31f-7bfa-4cde-96fe-8b54a16c09ea","username":"whitetiger557","password":"harald","salt":"DT0OY251","md5":"94e5340005ae34c5793de198de5f1123","sha1":"8690b82607f084b3de69ae5f8727e42043ceab1c","sha256":"04bbca966e9fea023e2657426a665247acae1e2f17b03799f820a929834fbecc"},"dob":{"date":"1984-02-06T07:35:08.772Z","age":40},"registered":{"date":"2008-11-19T10:47:36.759Z","age":15},"phone":"(060) 3706868","cell":"(06) 05652437","id":{"name":"BSN","value":"28437555"},"picture":{"large":"https://randomuser.me/api/portraits/men/30.jpg","medium":"https://randomuser.me/api/portraits/med/men/30.jpg","thumbnail":"https://randomuser.me/api/portraits/thumb/men/30.jpg"},"nat":"NL"}],"info":{"seed":"2c4b3f59118d933b","results":1,"page":1,"version":"1.4"}} 
 </msg>
<msg time="2024-04-04T22:12:26.737839" level="INFO">/opt/hostedtoolcache/Python/3.12.2/x64/lib/python3.12/site-packages/urllib3/connectionpool.py:1103: InsecureRequestWarning: Unverified HTTPS request is being made to host 'randomuser.me'. Adding certificate verification is strongly advised. See: https://urllib3.readthedocs.io/en/latest/advanced-usage.html#tls-warnings
  warnings.warn(</msg>
<msg time="2024-04-04T22:12:26.737969" level="INFO">${response} = &lt;Response [200]&gt;</msg>
<var>${response}</var>
<arg>consultarAPI</arg>
<arg>/api</arg>
<doc>Sends a GET request on a previously created HTTP Session.</doc>
<status status="PASS" start="2024-04-04T22:12:26.644397" elapsed="0.093609"/>
</kw>
<kw name="Set Variable" owner="BuiltIn">
<msg time="2024-04-04T22:12:26.738918" level="INFO">${json_data} = {'results': [{'gender': 'male', 'name': {'title': 'Mr', 'first': 'Keimpe', 'last': 'Kreeft'}, 'location': {'street': {'number': 1096, 'name': 'Honingbij'}, 'city': 'Drogteropslagen', 'state': 'Flevola...</msg>
<var>${json_data}</var>
<arg>${response.json()}</arg>
<doc>Returns the given values which can then be assigned to a variables.</doc>
<status status="PASS" start="2024-04-04T22:12:26.738440" elapsed="0.000507"/>
</kw>
<kw name="Log" owner="BuiltIn">
<msg time="2024-04-04T22:12:26.739417" level="INFO">{'results': [{'gender': 'male', 'name': {'title': 'Mr', 'first': 'Keimpe', 'last': 'Kreeft'}, 'location': {'street': {'number': 1096, 'name': 'Honingbij'}, 'city': 'Drogteropslagen', 'state': 'Flevoland', 'country': 'Netherlands', 'postcode': '7799 UL', 'coordinates': {'latitude': '32.3433', 'longitude': '-0.9689'}, 'timezone': {'offset': '-1:00', 'description': 'Azores, Cape Verde Islands'}}, 'email': 'keimpe.kreeft@example.com', 'login': {'uuid': '8661c31f-7bfa-4cde-96fe-8b54a16c09ea', 'username': 'whitetiger557', 'password': 'harald', 'salt': 'DT0OY251', 'md5': '94e5340005ae34c5793de198de5f1123', 'sha1': '8690b82607f084b3de69ae5f8727e42043ceab1c', 'sha256': '04bbca966e9fea023e2657426a665247acae1e2f17b03799f820a929834fbecc'}, 'dob': {'date': '1984-02-06T07:35:08.772Z', 'age': 40}, 'registered': {'date': '2008-11-19T10:47:36.759Z', 'age': 15}, 'phone': '(060) 3706868', 'cell': '(06) 05652437', 'id': {'name': 'BSN', 'value': '28437555'}, 'picture': {'large': 'https://randomuser.me/api/portraits/men/30.jpg', 'medium': 'https://randomuser.me/api/portraits/med/men/30.jpg', 'thumbnail': 'https://randomuser.me/api/portraits/thumb/men/30.jpg'}, 'nat': 'NL'}], 'info': {'seed': '2c4b3f59118d933b', 'results': 1, 'page': 1, 'version': '1.4'}}</msg>
<arg>${json_data}</arg>
<doc>Logs the given message with the given level.</doc>
<status status="PASS" start="2024-04-04T22:12:26.739258" elapsed="0.000207"/>
</kw>
<kw name="Dictionary Should Contain Key" owner="Collections">
<msg time="2024-04-04T22:12:26.739914" level="INFO">False</msg>
<arg>${json_data}</arg>
<arg>results</arg>
<doc>Fails if ``key`` is not found from ``dictionary``.</doc>
<status status="PASS" start="2024-04-04T22:12:26.739761" elapsed="0.000191"/>
</kw>
<kw name="Should Not Be Empty" owner="BuiltIn">
<msg time="2024-04-04T22:12:26.740378" level="INFO">Length is 2.</msg>
<arg>${json_data}</arg>
<doc>Verifies that the given item is not empty.</doc>
<status status="PASS" start="2024-04-04T22:12:26.740245" elapsed="0.000171"/>
</kw>
<kw name="Create List" owner="BuiltIn">
<msg time="2024-04-04T22:12:26.740854" level="INFO">${expected_keys} = ['gender', 'name', 'location', 'email', 'login']</msg>
<var>${expected_keys}</var>
<arg>gender</arg>
<arg>name</arg>
<arg>location</arg>
<arg>email</arg>
<arg>login</arg>
<doc>Returns a list containing given items.</doc>
<status status="PASS" start="2024-04-04T22:12:26.740705" elapsed="0.000173"/>
</kw>
<for flavor="IN">
<iter>
<kw name="Dictionary Should Contain Key" owner="Collections">
<msg time="2024-04-04T22:12:26.741869" level="INFO">False</msg>
<arg>${json_data['results'][0]}</arg>
<arg>${key}</arg>
<doc>Fails if ``key`` is not found from ``dictionary``.</doc>
<status status="PASS" start="2024-04-04T22:12:26.741464" elapsed="0.000444"/>
</kw>
<kw name="Log" owner="BuiltIn">
<msg time="2024-04-04T22:12:26.742612" level="INFO">{'gender': 'male', 'name': {'title': 'Mr', 'first': 'Keimpe', 'last': 'Kreeft'}, 'location': {'street': {'number': 1096, 'name': 'Honingbij'}, 'city': 'Drogteropslagen', 'state': 'Flevoland', 'country': 'Netherlands', 'postcode': '7799 UL', 'coordinates': {'latitude': '32.3433', 'longitude': '-0.9689'}, 'timezone': {'offset': '-1:00', 'description': 'Azores, Cape Verde Islands'}}, 'email': 'keimpe.kreeft@example.com', 'login': {'uuid': '8661c31f-7bfa-4cde-96fe-8b54a16c09ea', 'username': 'whitetiger557', 'password': 'harald', 'salt': 'DT0OY251', 'md5': '94e5340005ae34c5793de198de5f1123', 'sha1': '8690b82607f084b3de69ae5f8727e42043ceab1c', 'sha256': '04bbca966e9fea023e2657426a665247acae1e2f17b03799f820a929834fbecc'}, 'dob': {'date': '1984-02-06T07:35:08.772Z', 'age': 40}, 'registered': {'date': '2008-11-19T10:47:36.759Z', 'age': 15}, 'phone': '(060) 3706868', 'cell': '(06) 05652437', 'id': {'name': 'BSN', 'value': '28437555'}, 'picture': {'large': 'https://randomuser.me/api/portraits/men/30.jpg', 'medium': 'https://randomuser.me/api/portraits/med/men/30.jpg', 'thumbnail': 'https://randomuser.me/api/portraits/thumb/men/30.jpg'}, 'nat': 'NL'}</msg>
<arg>${json_data['results'][0]}</arg>
<doc>Logs the given message with the given level.</doc>
<status status="PASS" start="2024-04-04T22:12:26.742215" elapsed="0.000451"/>
</kw>
<kw name="Log" owner="BuiltIn">
<msg time="2024-04-04T22:12:26.743106" level="INFO">gender</msg>
<arg>${key}</arg>
<doc>Logs the given message with the given level.</doc>
<status status="PASS" start="2024-04-04T22:12:26.742973" elapsed="0.000178"/>
</kw>
<var name="${key}">gender</var>
<status status="PASS" start="2024-04-04T22:12:26.741332" elapsed="0.002045"/>
</iter>
<iter>
<kw name="Dictionary Should Contain Key" owner="Collections">
<msg time="2024-04-04T22:12:26.744066" level="INFO">False</msg>
<arg>${json_data['results'][0]}</arg>
<arg>${key}</arg>
<doc>Fails if ``key`` is not found from ``dictionary``.</doc>
<status status="PASS" start="2024-04-04T22:12:26.743683" elapsed="0.000421"/>
</kw>
<kw name="Log" owner="BuiltIn">
<msg time="2024-04-04T22:12:26.744811" level="INFO">{'gender': 'male', 'name': {'title': 'Mr', 'first': 'Keimpe', 'last': 'Kreeft'}, 'location': {'street': {'number': 1096, 'name': 'Honingbij'}, 'city': 'Drogteropslagen', 'state': 'Flevoland', 'country': 'Netherlands', 'postcode': '7799 UL', 'coordinates': {'latitude': '32.3433', 'longitude': '-0.9689'}, 'timezone': {'offset': '-1:00', 'description': 'Azores, Cape Verde Islands'}}, 'email': 'keimpe.kreeft@example.com', 'login': {'uuid': '8661c31f-7bfa-4cde-96fe-8b54a16c09ea', 'username': 'whitetiger557', 'password': 'harald', 'salt': 'DT0OY251', 'md5': '94e5340005ae34c5793de198de5f1123', 'sha1': '8690b82607f084b3de69ae5f8727e42043ceab1c', 'sha256': '04bbca966e9fea023e2657426a665247acae1e2f17b03799f820a929834fbecc'}, 'dob': {'date': '1984-02-06T07:35:08.772Z', 'age': 40}, 'registered': {'date': '2008-11-19T10:47:36.759Z', 'age': 15}, 'phone': '(060) 3706868', 'cell': '(06) 05652437', 'id': {'name': 'BSN', 'value': '28437555'}, 'picture': {'large': 'https://randomuser.me/api/portraits/men/30.jpg', 'medium': 'https://randomuser.me/api/portraits/med/men/30.jpg', 'thumbnail': 'https://randomuser.me/api/portraits/thumb/men/30.jpg'}, 'nat': 'NL'}</msg>
<arg>${json_data['results'][0]}</arg>
<doc>Logs the given message with the given level.</doc>
<status status="PASS" start="2024-04-04T22:12:26.744451" elapsed="0.000408"/>
</kw>
<kw name="Log" owner="BuiltIn">
<msg time="2024-04-04T22:12:26.745289" level="INFO">name</msg>
<arg>${key}</arg>
<doc>Logs the given message with the given level.</doc>
<status status="PASS" start="2024-04-04T22:12:26.745159" elapsed="0.000168"/>
</kw>
<var name="${key}">name</var>
<status status="PASS" start="2024-04-04T22:12:26.743566" elapsed="0.001981"/>
</iter>
<iter>
<kw name="Dictionary Should Contain Key" owner="Collections">
<msg time="2024-04-04T22:12:26.746221" level="INFO">False</msg>
<arg>${json_data['results'][0]}</arg>
<arg>${key}</arg>
<doc>Fails if ``key`` is not found from ``dictionary``.</doc>
<status status="PASS" start="2024-04-04T22:12:26.745842" elapsed="0.000418"/>
</kw>
<kw name="Log" owner="BuiltIn">
<msg time="2024-04-04T22:12:26.746954" level="INFO">{'gender': 'male', 'name': {'title': 'Mr', 'first': 'Keimpe', 'last': 'Kreeft'}, 'location': {'street': {'number': 1096, 'name': 'Honingbij'}, 'city': 'Drogteropslagen', 'state': 'Flevoland', 'country': 'Netherlands', 'postcode': '7799 UL', 'coordinates': {'latitude': '32.3433', 'longitude': '-0.9689'}, 'timezone': {'offset': '-1:00', 'description': 'Azores, Cape Verde Islands'}}, 'email': 'keimpe.kreeft@example.com', 'login': {'uuid': '8661c31f-7bfa-4cde-96fe-8b54a16c09ea', 'username': 'whitetiger557', 'password': 'harald', 'salt': 'DT0OY251', 'md5': '94e5340005ae34c5793de198de5f1123', 'sha1': '8690b82607f084b3de69ae5f8727e42043ceab1c', 'sha256': '04bbca966e9fea023e2657426a665247acae1e2f17b03799f820a929834fbecc'}, 'dob': {'date': '1984-02-06T07:35:08.772Z', 'age': 40}, 'registered': {'date': '2008-11-19T10:47:36.759Z', 'age': 15}, 'phone': '(060) 3706868', 'cell': '(06) 05652437', 'id': {'name': 'BSN', 'value': '28437555'}, 'picture': {'large': 'https://randomuser.me/api/portraits/men/30.jpg', 'medium': 'https://randomuser.me/api/portraits/med/men/30.jpg', 'thumbnail': 'https://randomuser.me/api/portraits/thumb/men/30.jpg'}, 'nat': 'NL'}</msg>
<arg>${json_data['results'][0]}</arg>
<doc>Logs the given message with the given level.</doc>
<status status="PASS" start="2024-04-04T22:12:26.746587" elapsed="0.000419"/>
</kw>
<kw name="Log" owner="BuiltIn">
<msg time="2024-04-04T22:12:26.747431" level="INFO">location</msg>
<arg>${key}</arg>
<doc>Logs the given message with the given level.</doc>
<status status="PASS" start="2024-04-04T22:12:26.747304" elapsed="0.000165"/>
</kw>
<var name="${key}">location</var>
<status status="PASS" start="2024-04-04T22:12:26.745728" elapsed="0.001958"/>
</iter>
<iter>
<kw name="Dictionary Should Contain Key" owner="Collections">
<msg time="2024-04-04T22:12:26.748348" level="INFO">False</msg>
<arg>${json_data['results'][0]}</arg>
<arg>${key}</arg>
<doc>Fails if ``key`` is not found from ``dictionary``.</doc>
<status status="PASS" start="2024-04-04T22:12:26.747970" elapsed="0.000416"/>
</kw>
<kw name="Log" owner="BuiltIn">
<msg time="2024-04-04T22:12:26.749047" level="INFO">{'gender': 'male', 'name': {'title': 'Mr', 'first': 'Keimpe', 'last': 'Kreeft'}, 'location': {'street': {'number': 1096, 'name': 'Honingbij'}, 'city': 'Drogteropslagen', 'state': 'Flevoland', 'country': 'Netherlands', 'postcode': '7799 UL', 'coordinates': {'latitude': '32.3433', 'longitude': '-0.9689'}, 'timezone': {'offset': '-1:00', 'description': 'Azores, Cape Verde Islands'}}, 'email': 'keimpe.kreeft@example.com', 'login': {'uuid': '8661c31f-7bfa-4cde-96fe-8b54a16c09ea', 'username': 'whitetiger557', 'password': 'harald', 'salt': 'DT0OY251', 'md5': '94e5340005ae34c5793de198de5f1123', 'sha1': '8690b82607f084b3de69ae5f8727e42043ceab1c', 'sha256': '04bbca966e9fea023e2657426a665247acae1e2f17b03799f820a929834fbecc'}, 'dob': {'date': '1984-02-06T07:35:08.772Z', 'age': 40}, 'registered': {'date': '2008-11-19T10:47:36.759Z', 'age': 15}, 'phone': '(060) 3706868', 'cell': '(06) 05652437', 'id': {'name': 'BSN', 'value': '28437555'}, 'picture': {'large': 'https://randomuser.me/api/portraits/men/30.jpg', 'medium': 'https://randomuser.me/api/portraits/med/men/30.jpg', 'thumbnail': 'https://randomuser.me/api/portraits/thumb/men/30.jpg'}, 'nat': 'NL'}</msg>
<arg>${json_data['results'][0]}</arg>
<doc>Logs the given message with the given level.</doc>
<status status="PASS" start="2024-04-04T22:12:26.748685" elapsed="0.000410"/>
</kw>
<kw name="Log" owner="BuiltIn">
<msg time="2024-04-04T22:12:26.749521" level="INFO">email</msg>
<arg>${key}</arg>
<doc>Logs the given message with the given level.</doc>
<status status="PASS" start="2024-04-04T22:12:26.749395" elapsed="0.000165"/>
</kw>
<var name="${key}">email</var>
<status status="PASS" start="2024-04-04T22:12:26.747859" elapsed="0.001915"/>
</iter>
<iter>
<kw name="Dictionary Should Contain Key" owner="Collections">
<msg time="2024-04-04T22:12:26.750469" level="INFO">False</msg>
<arg>${json_data['results'][0]}</arg>
<arg>${key}</arg>
<doc>Fails if ``key`` is not found from ``dictionary``.</doc>
<status status="PASS" start="2024-04-04T22:12:26.750067" elapsed="0.000439"/>
</kw>
<kw name="Log" owner="BuiltIn">
<msg time="2024-04-04T22:12:26.751166" level="INFO">{'gender': 'male', 'name': {'title': 'Mr', 'first': 'Keimpe', 'last': 'Kreeft'}, 'location': {'street': {'number': 1096, 'name': 'Honingbij'}, 'city': 'Drogteropslagen', 'state': 'Flevoland', 'country': 'Netherlands', 'postcode': '7799 UL', 'coordinates': {'latitude': '32.3433', 'longitude': '-0.9689'}, 'timezone': {'offset': '-1:00', 'description': 'Azores, Cape Verde Islands'}}, 'email': 'keimpe.kreeft@example.com', 'login': {'uuid': '8661c31f-7bfa-4cde-96fe-8b54a16c09ea', 'username': 'whitetiger557', 'password': 'harald', 'salt': 'DT0OY251', 'md5': '94e5340005ae34c5793de198de5f1123', 'sha1': '8690b82607f084b3de69ae5f8727e42043ceab1c', 'sha256': '04bbca966e9fea023e2657426a665247acae1e2f17b03799f820a929834fbecc'}, 'dob': {'date': '1984-02-06T07:35:08.772Z', 'age': 40}, 'registered': {'date': '2008-11-19T10:47:36.759Z', 'age': 15}, 'phone': '(060) 3706868', 'cell': '(06) 05652437', 'id': {'name': 'BSN', 'value': '28437555'}, 'picture': {'large': 'https://randomuser.me/api/portraits/men/30.jpg', 'medium': 'https://randomuser.me/api/portraits/med/men/30.jpg', 'thumbnail': 'https://randomuser.me/api/portraits/thumb/men/30.jpg'}, 'nat': 'NL'}</msg>
<arg>${json_data['results'][0]}</arg>
<doc>Logs the given message with the given level.</doc>
<status status="PASS" start="2024-04-04T22:12:26.750802" elapsed="0.000411"/>
</kw>
<kw name="Log" owner="BuiltIn">
<msg time="2024-04-04T22:12:26.751632" level="INFO">login</msg>
<arg>${key}</arg>
<doc>Logs the given message with the given level.</doc>
<status status="PASS" start="2024-04-04T22:12:26.751507" elapsed="0.000271"/>
</kw>
<var name="${key}">login</var>
<status status="PASS" start="2024-04-04T22:12:26.749951" elapsed="0.002081"/>
</iter>
<var>${key}</var>
<value>@{expected_keys}</value>
<status status="PASS" start="2024-04-04T22:12:26.741143" elapsed="0.011019"/>
</for>
<kw name="Create List" owner="BuiltIn">
<msg time="2024-04-04T22:12:26.752500" level="INFO">${expected_keysTwo} = ['username', 'password']</msg>
<var>${expected_keysTwo}</var>
<arg>username</arg>
<arg>password</arg>
<doc>Returns a list containing given items.</doc>
<status status="PASS" start="2024-04-04T22:12:26.752361" elapsed="0.000162"/>
</kw>
<for flavor="IN">
<iter>
<kw name="Dictionary Should Contain Key" owner="Collections">
<msg time="2024-04-04T22:12:26.753417" level="INFO">False</msg>
<arg>${json_data['results'][0]['login']}</arg>
<arg>${keyTwo}</arg>
<doc>Fails if ``key`` is not found from ``dictionary``.</doc>
<status status="PASS" start="2024-04-04T22:12:26.753027" elapsed="0.000427"/>
</kw>
<kw name="Dictionary Should Contain Key" owner="Collections">
<msg time="2024-04-04T22:12:26.754134" level="INFO">False</msg>
<arg>${json_data['results'][0]['login']}</arg>
<arg>${keyTwo}</arg>
<doc>Fails if ``key`` is not found from ``dictionary``.</doc>
<status status="PASS" start="2024-04-04T22:12:26.753754" elapsed="0.000418"/>
</kw>
<kw name="Log" owner="BuiltIn">
<msg time="2024-04-04T22:12:26.754632" level="INFO">username</msg>
<arg>${keyTwo}</arg>
<doc>Logs the given message with the given level.</doc>
<status status="PASS" start="2024-04-04T22:12:26.754498" elapsed="0.000172"/>
</kw>
<var name="${keyTwo}">username</var>
<status status="PASS" start="2024-04-04T22:12:26.752917" elapsed="0.001973"/>
</iter>
<iter>
<kw name="Dictionary Should Contain Key" owner="Collections">
<msg time="2024-04-04T22:12:26.755573" level="INFO">False</msg>
<arg>${json_data['results'][0]['login']}</arg>
<arg>${keyTwo}</arg>
<doc>Fails if ``key`` is not found from ``dictionary``.</doc>
<status status="PASS" start="2024-04-04T22:12:26.755187" elapsed="0.000425"/>
</kw>
<kw name="Dictionary Should Contain Key" owner="Collections">
<msg time="2024-04-04T22:12:26.756293" level="INFO">False</msg>
<arg>${json_data['results'][0]['login']}</arg>
<arg>${keyTwo}</arg>
<doc>Fails if ``key`` is not found from ``dictionary``.</doc>
<status status="PASS" start="2024-04-04T22:12:26.755908" elapsed="0.000424"/>
</kw>
<kw name="Log" owner="BuiltIn">
<msg time="2024-04-04T22:12:26.756756" level="INFO">password</msg>
<arg>${keyTwo}</arg>
<doc>Logs the given message with the given level.</doc>
<status status="PASS" start="2024-04-04T22:12:26.756628" elapsed="0.000167"/>
</kw>
<var name="${keyTwo}">password</var>
<status status="PASS" start="2024-04-04T22:12:26.755070" elapsed="0.001943"/>
</iter>
<var>${keyTwo}</var>
<value>@{expected_keysTwo}</value>
<status status="PASS" start="2024-04-04T22:12:26.752763" elapsed="0.004373"/>
</for>
<status status="PASS" start="2024-04-04T22:12:26.644160" elapsed="0.113117"/>
</kw>
<doc>Testa a estrutura da resposta da API.</doc>
<tag>testeEstruturaResposta</tag>
<status status="PASS" start="2024-04-04T22:12:26.643419" elapsed="0.114021"/>
</test>
<test id="s1-s1-t4" name="Validar tipos de dados" line="28">
<kw name="Teste de Tipos de Dados" owner="random-user-service">
<kw name="GET On Session" owner="RequestsLibrary">
<msg time="2024-04-04T22:12:26.844271" level="INFO">GET Request : url=https://randomuser.me/api 
 path_url=/api 
 headers={'User-Agent': 'python-requests/2.31.0', 'Accept-Encoding': 'gzip, deflate', 'Accept': '*/*', 'Connection': 'keep-alive'} 
 body=None 
 </msg>
<msg time="2024-04-04T22:12:26.844351" level="INFO">GET Response : url=https://randomuser.me/api 
 status=200, reason=OK 
 headers={'Date': 'Thu, 04 Apr 2024 22:12:26 GMT', 'Content-Type': 'application/json; charset=utf-8', 'Transfer-Encoding': 'chunked', 'Connection': 'keep-alive', 'X-Powered-By': 'Express', 'Access-Control-Allow-Origin': '*', 'Cache-Control': 'no-cache', 'ETag': 'W/"486-v+LtXAp49fIbrghz8LH0AD6Hme0"', 'Vary': 'Accept-Encoding', 'Content-Encoding': 'gzip', 'CF-Cache-Status': 'DYNAMIC', 'Report-To': '{"endpoints":[{"url":"https:\\/\\/a.nel.cloudflare.com\\/report\\/v4?s=K31yXGAUv%2FFaVogjhLsX%2FNUBfV4Uv9UOS5mQQudBMS4L2Wg%2FfJ614GomQk1HDZ49YepS%2Fr8dg0gmWd%2Bm0ng%2B%2BFBGjEg4Rj2TUcnS74VJjTh1uOJkSKANdf5DB%2ByKPLMy"}],"group":"cf-nel","max_age":604800}', 'NEL': '{"success_fraction":0,"report_to":"cf-nel","max_age":604800}', 'Server': 'cloudflare', 'CF-RAY': '86f4a3d34dda67a9-SJC', 'alt-svc': 'h3=":443"; ma=86400'} 
 body={"results":[{"gender":"female","name":{"title":"Ms","first":"Alice","last":"Thomas"},"location":{"street":{"number":1433,"name":"Highgate"},"city":"Blenheim","state":"Nelson","country":"New Zealand","postcode":44781,"coordinates":{"latitude":"55.1745","longitude":"124.1371"},"timezone":{"offset":"+8:00","description":"Beijing, Perth, Singapore, Hong Kong"}},"email":"alice.thomas@example.com","login":{"uuid":"0bed2617-6ca5-4be7-b965-22ba63906681","username":"greendog219","password":"ggggggg","salt":"UNxT3E7J","md5":"c4e5394787a45525331cb95e530c9a79","sha1":"15321fde64e4cd0c8f5085745930d33c4b353cf4","sha256":"95075f8296ed7867d4e211fd959eb56fd009977b0995ab6349380d7e951794c5"},"dob":{"date":"1984-08-21T08:51:32.454Z","age":39},"registered":{"date":"2014-11-16T05:32:17.726Z","age":9},"phone":"(250)-335-0095","cell":"(413)-026-8100","id":{"name":"","value":null},"picture":{"large":"https://randomuser.me/api/portraits/women/38.jpg","medium":"https://randomuser.me/api/portraits/med/women/38.jpg","thumbnail":"https://randomuser.me/api/portraits/thumb/women/38.jpg"},"nat":"NZ"}],"info":{"seed":"7f0dcdfdc5c88329","results":1,"page":1,"version":"1.4"}} 
 </msg>
<msg time="2024-04-04T22:12:26.844421" level="INFO">/opt/hostedtoolcache/Python/3.12.2/x64/lib/python3.12/site-packages/urllib3/connectionpool.py:1103: InsecureRequestWarning: Unverified HTTPS request is being made to host 'randomuser.me'. Adding certificate verification is strongly advised. See: https://urllib3.readthedocs.io/en/latest/advanced-usage.html#tls-warnings
  warnings.warn(</msg>
<msg time="2024-04-04T22:12:26.844527" level="INFO">${response} = &lt;Response [200]&gt;</msg>
<var>${response}</var>
<arg>consultarAPI</arg>
<arg>/api</arg>
<doc>Sends a GET request on a previously created HTTP Session.</doc>
<status status="PASS" start="2024-04-04T22:12:26.759903" elapsed="0.084660"/>
</kw>
<kw name="Set Variable" owner="BuiltIn">
<msg time="2024-04-04T22:12:26.845502" level="INFO">${json_data} = {'results': [{'gender': 'female', 'name': {'title': 'Ms', 'first': 'Alice', 'last': 'Thomas'}, 'location': {'street': {'number': 1433, 'name': 'Highgate'}, 'city': 'Blenheim', 'state': 'Nelson', 'coun...</msg>
<var>${json_data}</var>
<arg>${response.json()}</arg>
<doc>Returns the given values which can then be assigned to a variables.</doc>
<status status="PASS" start="2024-04-04T22:12:26.845039" elapsed="0.000491"/>
</kw>
<kw name="Log" owner="BuiltIn">
<msg time="2024-04-04T22:12:26.845993" level="INFO">{'results': [{'gender': 'female', 'name': {'title': 'Ms', 'first': 'Alice', 'last': 'Thomas'}, 'location': {'street': {'number': 1433, 'name': 'Highgate'}, 'city': 'Blenheim', 'state': 'Nelson', 'country': 'New Zealand', 'postcode': 44781, 'coordinates': {'latitude': '55.1745', 'longitude': '124.1371'}, 'timezone': {'offset': '+8:00', 'description': 'Beijing, Perth, Singapore, Hong Kong'}}, 'email': 'alice.thomas@example.com', 'login': {'uuid': '0bed2617-6ca5-4be7-b965-22ba63906681', 'username': 'greendog219', 'password': 'ggggggg', 'salt': 'UNxT3E7J', 'md5': 'c4e5394787a45525331cb95e530c9a79', 'sha1': '15321fde64e4cd0c8f5085745930d33c4b353cf4', 'sha256': '95075f8296ed7867d4e211fd959eb56fd009977b0995ab6349380d7e951794c5'}, 'dob': {'date': '1984-08-21T08:51:32.454Z', 'age': 39}, 'registered': {'date': '2014-11-16T05:32:17.726Z', 'age': 9}, 'phone': '(250)-335-0095', 'cell': '(413)-026-8100', 'id': {'name': '', 'value': None}, 'picture': {'large': 'https://randomuser.me/api/portraits/women/38.jpg', 'medium': 'https://randomuser.me/api/portraits/med/women/38.jpg', 'thumbnail': 'https://randomuser.me/api/portraits/thumb/women/38.jpg'}, 'nat': 'NZ'}], 'info': {'seed': '7f0dcdfdc5c88329', 'results': 1, 'page': 1, 'version': '1.4'}}</msg>
<arg>${json_data}</arg>
<doc>Logs the given message with the given level.</doc>
<status status="PASS" start="2024-04-04T22:12:26.845839" elapsed="0.000241"/>
</kw>
<kw name="Should Be String" owner="String">
<arg>${json_data['results'][0]['gender']}</arg>
<doc>Fails if the given ``item`` is not a string.</doc>
<status status="PASS" start="2024-04-04T22:12:26.846425" elapsed="0.000362"/>
</kw>
<kw name="Should Match Regexp" owner="BuiltIn">
<arg>${json_data['results'][0]['email']}</arg>
<arg>^[a-zA-Z0-9._%+-]+@[a-zA-Z0-9.-]+\.[a-zA-Z]{2,}$</arg>
<doc>Fails if ``string`` does not match ``pattern`` as a regular expression.</doc>
<status status="PASS" start="2024-04-04T22:12:26.846981" elapsed="0.000519"/>
</kw>
<kw name="Should Match Regexp" owner="BuiltIn">
<arg>${json_data['results'][0]['dob']['date']}</arg>
<arg>\\d{4}-\\d{2}-\\d{2}T\\d{2}:\\d{2}:\\d{2}\\.\\d{3}Z</arg>
<doc>Fails if ``string`` does not match ``pattern`` as a regular expression.</doc>
<status status="PASS" start="2024-04-04T22:12:26.847703" elapsed="0.000491"/>
</kw>
<kw name="Should Match Regexp" owner="BuiltIn">
<arg>${json_data['results'][0]['registered']['date']}</arg>
<arg>\\d{4}-\\d{2}-\\d{2}T\\d{2}:\\d{2}:\\d{2}\\.\\d{3}Z</arg>
<doc>Fails if ``string`` does not match ``pattern`` as a regular expression.</doc>
<status status="PASS" start="2024-04-04T22:12:26.848390" elapsed="0.000376"/>
</kw>
<kw name="Should Match Regexp" owner="BuiltIn">
<arg>${json_data['results'][0]['picture']['large']}</arg>
<arg>^https?://.*\.(?:png|jpe?g|gif|bmp)$</arg>
<doc>Fails if ``string`` does not match ``pattern`` as a regular expression.</doc>
<status status="PASS" start="2024-04-04T22:12:26.848957" elapsed="0.000455"/>
</kw>
<kw name="Should Match Regexp" owner="BuiltIn">
<arg>${json_data['results'][0]['picture']['medium']}</arg>
<arg>^https?://.*\.(?:png|jpe?g|gif|bmp)$</arg>
<doc>Fails if ``string`` does not match ``pattern`` as a regular expression.</doc>
<status status="PASS" start="2024-04-04T22:12:26.849602" elapsed="0.000358"/>
</kw>
<kw name="Should Match Regexp" owner="BuiltIn">
<arg>${json_data['results'][0]['picture']['thumbnail']}</arg>
<arg>^https?://.*\.(?:png|jpe?g|gif|bmp)$</arg>
<doc>Fails if ``string`` does not match ``pattern`` as a regular expression.</doc>
<status status="PASS" start="2024-04-04T22:12:26.850144" elapsed="0.000387"/>
</kw>
<kw name="Log" owner="BuiltIn">
<msg time="2024-04-04T22:12:26.851041" level="INFO">{'large': 'https://randomuser.me/api/portraits/women/38.jpg', 'medium': 'https://randomuser.me/api/portraits/med/women/38.jpg', 'thumbnail': 'https://randomuser.me/api/portraits/thumb/women/38.jpg'}</msg>
<arg>${json_data['results'][0]['picture']}</arg>
<doc>Logs the given message with the given level.</doc>
<status status="PASS" start="2024-04-04T22:12:26.850714" elapsed="0.000373"/>
</kw>
<status status="PASS" start="2024-04-04T22:12:26.759666" elapsed="0.091678"/>
</kw>
<kw name="Teste de Tipos de Dados - Postcode" owner="random-user-service">
<kw name="GET On Session" owner="RequestsLibrary">
<msg time="2024-04-04T22:12:26.949819" level="INFO">GET Request : url=https://randomuser.me/api 
 path_url=/api 
 headers={'User-Agent': 'python-requests/2.31.0', 'Accept-Encoding': 'gzip, deflate', 'Accept': '*/*', 'Connection': 'keep-alive'} 
 body=None 
 </msg>
<msg time="2024-04-04T22:12:26.949889" level="INFO">GET Response : url=https://randomuser.me/api 
 status=200, reason=OK 
 headers={'Date': 'Thu, 04 Apr 2024 22:12:26 GMT', 'Content-Type': 'application/json; charset=utf-8', 'Transfer-Encoding': 'chunked', 'Connection': 'keep-alive', 'X-Powered-By': 'Express', 'Access-Control-Allow-Origin': '*', 'Cache-Control': 'no-cache', 'ETag': 'W/"4af-Daz6l3G83aIzHIF0zhy7i1nJjxU"', 'Vary': 'Accept-Encoding', 'Content-Encoding': 'gzip', 'CF-Cache-Status': 'DYNAMIC', 'Report-To': '{"endpoints":[{"url":"https:\\/\\/a.nel.cloudflare.com\\/report\\/v4?s=LdGdLz9CDORzDkWygjhw9IV5B41RXfA9nOgIvWKIlsK4l%2FSvdg1Ao8blWkHjXMPClk4QdS8WwukN%2BymbiwdbOaxtlqOX1C2b0r%2Bwybs734gORVjb1eWz1iGReIfIWfpe"}],"group":"cf-nel","max_age":604800}', 'NEL': '{"success_fraction":0,"report_to":"cf-nel","max_age":604800}', 'Server': 'cloudflare', 'CF-RAY': '86f4a3d3de4267a9-SJC', 'alt-svc': 'h3=":443"; ma=86400'} 
 body={"results":[{"gender":"female","name":{"title":"Mademoiselle","first":"Fatima","last":"Leclercq"},"location":{"street":{"number":2755,"name":"Rue Denfert-Rochereau"},"city":"Chamoson","state":"Zug","country":"Switzerland","postcode":7391,"coordinates":{"latitude":"-58.5273","longitude":"29.2511"},"timezone":{"offset":"+5:30","description":"Bombay, Calcutta, Madras, New Delhi"}},"email":"fatima.leclercq@example.com","login":{"uuid":"58cb4a2f-81eb-4287-b50b-3c5176b6f2ea","username":"silverduck822","password":"222222","salt":"f5SjHBCw","md5":"9b807de1e9e6bae3b08922dfe0a0e882","sha1":"a38aa7e55a2ca99669ad82d7a4068779d8dd5bde","sha256":"f2188cc27f9d54dbc572291357399c29d1958a7080de7b39f6af34a6610c0925"},"dob":{"date":"1962-11-28T15:46:38.976Z","age":61},"registered":{"date":"2003-11-12T22:13:18.665Z","age":20},"phone":"076 919 65 70","cell":"079 198 49 21","id":{"name":"AVS","value":"756.8235.7847.17"},"picture":{"large":"https://randomuser.me/api/portraits/women/43.jpg","medium":"https://randomuser.me/api/portraits/med/women/43.jpg","thumbnail":"https://randomuser.me/api/portraits/thumb/women/43.jpg"},"nat":"CH"}],"info":{"seed":"f3da15b4f0d7a841","results":1,"page":1,"version":"1.4"}} 
 </msg>
<msg time="2024-04-04T22:12:26.949957" level="INFO">/opt/hostedtoolcache/Python/3.12.2/x64/lib/python3.12/site-packages/urllib3/connectionpool.py:1103: InsecureRequestWarning: Unverified HTTPS request is being made to host 'randomuser.me'. Adding certificate verification is strongly advised. See: https://urllib3.readthedocs.io/en/latest/advanced-usage.html#tls-warnings
  warnings.warn(</msg>
<msg time="2024-04-04T22:12:26.950049" level="INFO">${response} = &lt;Response [200]&gt;</msg>
<var>${response}</var>
<arg>consultarAPI</arg>
<arg>/api</arg>
<doc>Sends a GET request on a previously created HTTP Session.</doc>
<status status="PASS" start="2024-04-04T22:12:26.851910" elapsed="0.098163"/>
</kw>
<kw name="Set Variable" owner="BuiltIn">
<msg time="2024-04-04T22:12:26.950965" level="INFO">${json_data} = {'results': [{'gender': 'female', 'name': {'title': 'Mademoiselle', 'first': 'Fatima', 'last': 'Leclercq'}, 'location': {'street': {'number': 2755, 'name': 'Rue Denfert-Rochereau'}, 'city': 'Chamoson'...</msg>
<var>${json_data}</var>
<arg>${response.json()}</arg>
<doc>Returns the given values which can then be assigned to a variables.</doc>
<status status="PASS" start="2024-04-04T22:12:26.950504" elapsed="0.000488"/>
</kw>
<kw name="Log" owner="BuiltIn">
<msg time="2024-04-04T22:12:26.951446" level="INFO">{'results': [{'gender': 'female', 'name': {'title': 'Mademoiselle', 'first': 'Fatima', 'last': 'Leclercq'}, 'location': {'street': {'number': 2755, 'name': 'Rue Denfert-Rochereau'}, 'city': 'Chamoson', 'state': 'Zug', 'country': 'Switzerland', 'postcode': 7391, 'coordinates': {'latitude': '-58.5273', 'longitude': '29.2511'}, 'timezone': {'offset': '+5:30', 'description': 'Bombay, Calcutta, Madras, New Delhi'}}, 'email': 'fatima.leclercq@example.com', 'login': {'uuid': '58cb4a2f-81eb-4287-b50b-3c5176b6f2ea', 'username': 'silverduck822', 'password': '222222', 'salt': 'f5SjHBCw', 'md5': '9b807de1e9e6bae3b08922dfe0a0e882', 'sha1': 'a38aa7e55a2ca99669ad82d7a4068779d8dd5bde', 'sha256': 'f2188cc27f9d54dbc572291357399c29d1958a7080de7b39f6af34a6610c0925'}, 'dob': {'date': '1962-11-28T15:46:38.976Z', 'age': 61}, 'registered': {'date': '2003-11-12T22:13:18.665Z', 'age': 20}, 'phone': '076 919 65 70', 'cell': '079 198 49 21', 'id': {'name': 'AVS', 'value': '756.8235.7847.17'}, 'picture': {'large': 'https://randomuser.me/api/portraits/women/43.jpg', 'medium': 'https://randomuser.me/api/portraits/med/women/43.jpg', 'thumbnail': 'https://randomuser.me/api/portraits/thumb/women/43.jpg'}, 'nat': 'CH'}], 'info': {'seed': 'f3da15b4f0d7a841', 'results': 1, 'page': 1, 'version': '1.4'}}</msg>
<arg>${json_data}</arg>
<doc>Logs the given message with the given level.</doc>
<status status="PASS" start="2024-04-04T22:12:26.951295" elapsed="0.000236"/>
</kw>
<kw name="Should Be Equal As Numbers" owner="BuiltIn">
<arg>${json_data['results'][0]['location']['postcode']}</arg>
<arg>${json_data['results'][0]['location']['postcode']}</arg>
<doc>Fails if objects are unequal after converting them to real numbers.</doc>
<status status="PASS" start="2024-04-04T22:12:26.951835" elapsed="0.000619"/>
</kw>
<kw name="Log" owner="BuiltIn">
<msg time="2024-04-04T22:12:26.952985" level="INFO">7391</msg>
<arg>${json_data['results'][0]['location']['postcode']}</arg>
<doc>Logs the given message with the given level.</doc>
<status status="PASS" start="2024-04-04T22:12:26.952651" elapsed="0.000374"/>
</kw>
<status status="PASS" start="2024-04-04T22:12:26.851561" elapsed="0.101716"/>
</kw>
<doc>Testa se os tipos de dados na resposta da API estão corretos.</doc>
<tag>testeTiposDados</tag>
<status status="PASS" start="2024-04-04T22:12:26.759231" elapsed="0.194208"/>
</test>
<test id="s1-s1-t5" name="Validar conteudo" line="35">
<kw name="Teste de Tipos de Conteudo" owner="random-user-service">
<kw name="GET On Session" owner="RequestsLibrary">
<msg time="2024-04-04T22:12:27.049506" level="INFO">GET Request : url=https://randomuser.me/api 
 path_url=/api 
 headers={'User-Agent': 'python-requests/2.31.0', 'Accept-Encoding': 'gzip, deflate', 'Accept': '*/*', 'Connection': 'keep-alive'} 
 body=None 
 </msg>
<msg time="2024-04-04T22:12:27.049571" level="INFO">GET Response : url=https://randomuser.me/api 
 status=200, reason=OK 
 headers={'Date': 'Thu, 04 Apr 2024 22:12:27 GMT', 'Content-Type': 'application/json; charset=utf-8', 'Transfer-Encoding': 'chunked', 'Connection': 'keep-alive', 'X-Powered-By': 'Express', 'Access-Control-Allow-Origin': '*', 'Cache-Control': 'no-cache', 'ETag': 'W/"486-QA78zn+wBhhgJNkymnY1KTjcFss"', 'Vary': 'Accept-Encoding', 'Content-Encoding': 'gzip', 'CF-Cache-Status': 'DYNAMIC', 'Report-To': '{"endpoints":[{"url":"https:\\/\\/a.nel.cloudflare.com\\/report\\/v4?s=uWl9382NmkD9MeCGow1i6sSAVa%2F7bcaokLli1JyExuo%2BZKioSl46rKhbbGpM%2B1nYXyzHO1Y11qfzX%2B3FYVL6lLRjMXrWr746xTwk7CT87AvF2zRFkTeujBi78rp6uIw%2B"}],"group":"cf-nel","max_age":604800}', 'NEL': '{"success_fraction":0,"report_to":"cf-nel","max_age":604800}', 'Server': 'cloudflare', 'CF-RAY': '86f4a3d47ebb67a9-SJC', 'alt-svc': 'h3=":443"; ma=86400'} 
 body={"results":[{"gender":"female","name":{"title":"Ms","first":"Jasmina","last":"Nenadović"},"location":{"street":{"number":2100,"name":"Lipovički Put"},"city":"Ivanjica","state":"Podunavlje","country":"Serbia","postcode":85438,"coordinates":{"latitude":"62.0855","longitude":"171.7129"},"timezone":{"offset":"-10:00","description":"Hawaii"}},"email":"jasmina.nenadovic@example.com","login":{"uuid":"57d13648-d53b-40f1-ac59-c776299f99d7","username":"organicpeacock504","password":"footjob","salt":"xoRd0f6X","md5":"38bf57eddbdd72877d5a59e343e60ff1","sha1":"6d8e63623b1a65cb9e366d4fd3bd0e7c241bf141","sha256":"72f0723b2bb179a60685da685ebf10919f2c6618b29c123c8df7a692408c5008"},"dob":{"date":"1971-02-03T14:34:28.160Z","age":53},"registered":{"date":"2010-10-19T05:54:02.964Z","age":13},"phone":"025-9558-472","cell":"060-8347-620","id":{"name":"SID","value":"365883927"},"picture":{"large":"https://randomuser.me/api/portraits/women/15.jpg","medium":"https://randomuser.me/api/portraits/med/women/15.jpg","thumbnail":"https://randomuser.me/api/portraits/thumb/women/15.jpg"},"nat":"RS"}],"info":{"seed":"b8fc4210aed6d3f4","results":1,"page":1,"version":"1.4"}} 
 </msg>
<msg time="2024-04-04T22:12:27.049632" level="INFO">/opt/hostedtoolcache/Python/3.12.2/x64/lib/python3.12/site-packages/urllib3/connectionpool.py:1103: InsecureRequestWarning: Unverified HTTPS request is being made to host 'randomuser.me'. Adding certificate verification is strongly advised. See: https://urllib3.readthedocs.io/en/latest/advanced-usage.html#tls-warnings
  warnings.warn(</msg>
<msg time="2024-04-04T22:12:27.049720" level="INFO">${response} = &lt;Response [200]&gt;</msg>
<var>${response}</var>
<arg>consultarAPI</arg>
<arg>/api</arg>
<doc>Sends a GET request on a previously created HTTP Session.</doc>
<status status="PASS" start="2024-04-04T22:12:26.955849" elapsed="0.093895"/>
</kw>
<kw name="Set Variable" owner="BuiltIn">
<msg time="2024-04-04T22:12:27.050653" level="INFO">${json_data} = {'results': [{'gender': 'female', 'name': {'title': 'Ms', 'first': 'Jasmina', 'last': 'Nenadović'}, 'location': {'street': {'number': 2100, 'name': 'Lipovički Put'}, 'city': 'Ivanjica', 'state': 'Podu...</msg>
<var>${json_data}</var>
<arg>${response.json()}</arg>
<doc>Returns the given values which can then be assigned to a variables.</doc>
<status status="PASS" start="2024-04-04T22:12:27.050138" elapsed="0.000546"/>
</kw>
<kw name="Set Variable" owner="BuiltIn">
<msg time="2024-04-04T22:12:27.051362" level="INFO">${name_title} = Ms</msg>
<var>${name_title}</var>
<arg>${json_data["results"][0]["name"]["title"]}</arg>
<doc>Returns the given values which can then be assigned to a variables.</doc>
<status status="PASS" start="2024-04-04T22:12:27.050992" elapsed="0.000395"/>
</kw>
<kw name="Create List" owner="BuiltIn">
<msg time="2024-04-04T22:12:27.051839" level="INFO">${allowed_titles} = ['Mr', 'Ms', 'Miss', 'Mrs', 'Madame', 'Monsieur']</msg>
<var>${allowed_titles}</var>
<arg>Mr</arg>
<arg>Ms</arg>
<arg>Miss</arg>
<arg>Mrs</arg>
<arg>Madame</arg>
<arg>Monsieur</arg>
<doc>Returns a list containing given items.</doc>
<status status="PASS" start="2024-04-04T22:12:27.051686" elapsed="0.000177"/>
</kw>
<kw name="List Should Contain Value" owner="Collections">
<msg time="2024-04-04T22:12:27.052345" level="INFO">False</msg>
<arg>${allowed_titles}</arg>
<arg>${name_title}</arg>
<doc>Fails if the ``value`` is not found from ``list``.</doc>
<status status="PASS" start="2024-04-04T22:12:27.052169" elapsed="0.000212"/>
</kw>
<kw name="Set Variable" owner="BuiltIn">
<msg time="2024-04-04T22:12:27.053048" level="INFO">${name_country} = RS</msg>
<var>${name_country}</var>
<arg>${json_data["results"][0]["nat"]}</arg>
<doc>Returns the given values which can then be assigned to a variables.</doc>
<status status="PASS" start="2024-04-04T22:12:27.052672" elapsed="0.000401"/>
</kw>
<kw name="Create List" owner="BuiltIn">
<msg time="2024-04-04T22:12:27.053979" level="INFO">${list_country} = ['AD', 'AE', 'AF', 'AG', 'AI', 'AL', 'AM', 'AO', 'AQ', 'AR', 'AS', 'AT', 'AU', 'AW', 'AX', 'AZ', 'BA', 'BB', 'BD', 'BE', 'BF', 'BG', 'BH', 'BI', 'BJ', 'BL', 'BM', 'BN', 'BO', 'BQ', 'BR', 'BS', 'BT', '...</msg>
<var>${list_country}</var>
<arg>AD</arg>
<arg>AE</arg>
<arg>AF</arg>
<arg>AG</arg>
<arg>AI</arg>
<arg>AL</arg>
<arg>AM</arg>
<arg>AO</arg>
<arg>AQ</arg>
<arg>AR</arg>
<arg>AS</arg>
<arg>AT</arg>
<arg>AU</arg>
<arg>AW</arg>
<arg>AX</arg>
<arg>AZ</arg>
<arg>BA</arg>
<arg>BB</arg>
<arg>BD</arg>
<arg>BE</arg>
<arg>BF</arg>
<arg>BG</arg>
<arg>BH</arg>
<arg>BI</arg>
<arg>BJ</arg>
<arg>BL</arg>
<arg>BM</arg>
<arg>BN</arg>
<arg>BO</arg>
<arg>BQ</arg>
<arg>BR</arg>
<arg>BS</arg>
<arg>BT</arg>
<arg>BV</arg>
<arg>BW</arg>
<arg>BY</arg>
<arg>BZ</arg>
<arg>CA</arg>
<arg>CC</arg>
<arg>CD</arg>
<arg>CF</arg>
<arg>CG</arg>
<arg>CH</arg>
<arg>CI</arg>
<arg>CK</arg>
<arg>CL</arg>
<arg>CM</arg>
<arg>CN</arg>
<arg>CO</arg>
<arg>CR</arg>
<arg>CU</arg>
<arg>CV</arg>
<arg>CW</arg>
<arg>CX</arg>
<arg>CY</arg>
<arg>CZ</arg>
<arg>DE</arg>
<arg>DJ</arg>
<arg>DK</arg>
<arg>DM</arg>
<arg>DO</arg>
<arg>DZ</arg>
<arg>EC</arg>
<arg>EE</arg>
<arg>EG</arg>
<arg>EH</arg>
<arg>ER</arg>
<arg>ES</arg>
<arg>ET</arg>
<arg>FI</arg>
<arg>FJ</arg>
<arg>FK</arg>
<arg>FM</arg>
<arg>FO</arg>
<arg>FR</arg>
<arg>GA</arg>
<arg>GB</arg>
<arg>GD</arg>
<arg>GE</arg>
<arg>GF</arg>
<arg>GG</arg>
<arg>GH</arg>
<arg>GI</arg>
<arg>GL</arg>
<arg>GM</arg>
<arg>GN</arg>
<arg>GP</arg>
<arg>GQ</arg>
<arg>GR</arg>
<arg>GS</arg>
<arg>GT</arg>
<arg>GU</arg>
<arg>GW</arg>
<arg>GY</arg>
<arg>HK</arg>
<arg>HM</arg>
<arg>HN</arg>
<arg>HR</arg>
<arg>HT</arg>
<arg>HU</arg>
<arg>ID</arg>
<arg>IE</arg>
<arg>IL</arg>
<arg>IM</arg>
<arg>IN</arg>
<arg>IO</arg>
<arg>IQ</arg>
<arg>IR</arg>
<arg>IS</arg>
<arg>IT</arg>
<arg>JE</arg>
<arg>JM</arg>
<arg>JO</arg>
<arg>JP</arg>
<arg>KE</arg>
<arg>KG</arg>
<arg>KH</arg>
<arg>KI</arg>
<arg>KM</arg>
<arg>KN</arg>
<arg>KP</arg>
<arg>KR</arg>
<arg>KW</arg>
<arg>KY</arg>
<arg>KZ</arg>
<arg>LA</arg>
<arg>LB</arg>
<arg>LC</arg>
<arg>LI</arg>
<arg>LK</arg>
<arg>LR</arg>
<arg>LS</arg>
<arg>LT</arg>
<arg>LU</arg>
<arg>LV</arg>
<arg>LY</arg>
<arg>MA</arg>
<arg>MC</arg>
<arg>MD</arg>
<arg>ME</arg>
<arg>MF</arg>
<arg>MG</arg>
<arg>MH</arg>
<arg>MK</arg>
<arg>ML</arg>
<arg>MM</arg>
<arg>MN</arg>
<arg>MO</arg>
<arg>MP</arg>
<arg>MQ</arg>
<arg>MR</arg>
<arg>MS</arg>
<arg>MT</arg>
<arg>MU</arg>
<arg>MV</arg>
<arg>MW</arg>
<arg>MX</arg>
<arg>MY</arg>
<arg>MZ</arg>
<arg>NA</arg>
<arg>NC</arg>
<arg>NE</arg>
<arg>NF</arg>
<arg>NG</arg>
<arg>NI</arg>
<arg>NL</arg>
<arg>NO</arg>
<arg>NP</arg>
<arg>NR</arg>
<arg>NU</arg>
<arg>NZ</arg>
<arg>OM</arg>
<arg>PA</arg>
<arg>PE</arg>
<arg>PF</arg>
<arg>PG</arg>
<arg>PH</arg>
<arg>PK</arg>
<arg>PL</arg>
<arg>PM</arg>
<arg>PN</arg>
<arg>PR</arg>
<arg>PS</arg>
<arg>PT</arg>
<arg>PW</arg>
<arg>PY</arg>
<arg>QA</arg>
<arg>RE</arg>
<arg>RO</arg>
<arg>RS</arg>
<arg>RU</arg>
<arg>RW</arg>
<arg>SA</arg>
<arg>SB</arg>
<arg>SC</arg>
<arg>SD</arg>
<arg>SE</arg>
<arg>SG</arg>
<arg>SH</arg>
<arg>SI</arg>
<arg>SJ</arg>
<arg>SK</arg>
<arg>SL</arg>
<arg>SM</arg>
<arg>SN</arg>
<arg>SO</arg>
<arg>SR</arg>
<arg>SS</arg>
<arg>ST</arg>
<arg>SV</arg>
<arg>SX</arg>
<arg>SY</arg>
<arg>SZ</arg>
<arg>TC</arg>
<arg>TD</arg>
<arg>TF</arg>
<arg>TG</arg>
<arg>TH</arg>
<arg>TJ</arg>
<arg>TK</arg>
<arg>TL</arg>
<arg>TM</arg>
<arg>TN</arg>
<arg>TO</arg>
<arg>TR</arg>
<arg>TT</arg>
<arg>TV</arg>
<arg>TW</arg>
<arg>TZ</arg>
<arg>UA</arg>
<arg>UG</arg>
<arg>UM</arg>
<arg>US</arg>
<arg>UY</arg>
<arg>UZ</arg>
<arg>VA</arg>
<arg>VC</arg>
<arg>VE</arg>
<arg>VG</arg>
<arg>VI</arg>
<arg>VN</arg>
<arg>VU</arg>
<arg>WF</arg>
<arg>WS</arg>
<arg>XK</arg>
<arg>YE</arg>
<arg>YT</arg>
<arg>ZA</arg>
<arg>ZM</arg>
<arg>ZW</arg>
<doc>Returns a list containing given items.</doc>
<status status="PASS" start="2024-04-04T22:12:27.053380" elapsed="0.000624"/>
</kw>
<kw name="List Should Contain Value" owner="Collections">
<msg time="2024-04-04T22:12:27.055137" level="INFO">False</msg>
<arg>${list_country}</arg>
<arg>${name_country}</arg>
<doc>Fails if the ``value`` is not found from ``list``.</doc>
<status status="PASS" start="2024-04-04T22:12:27.054930" elapsed="0.000245"/>
</kw>
<kw name="Run Keyword If" owner="BuiltIn">
<kw name="Should Be True" owner="BuiltIn">
<arg>${True}</arg>
<doc>Fails if the given condition is not true.</doc>
<status status="PASS" start="2024-04-04T22:12:27.056242" elapsed="0.000145"/>
</kw>
<arg>${json_data["results"][0]["location"]["coordinates"]["latitude"]} &gt;= -90 and ${json_data["results"][0]["location"]["coordinates"]["latitude"]} &lt;= 90</arg>
<arg>Should Be True</arg>
<arg>${True}</arg>
<doc>Runs the given keyword with the given arguments, if ``condition`` is true.</doc>
<status status="PASS" start="2024-04-04T22:12:27.055487" elapsed="0.001029"/>
</kw>
<kw name="Run Keyword If" owner="BuiltIn">
<kw name="Should Be True" owner="BuiltIn">
<arg>${True}</arg>
<doc>Fails if the given condition is not true.</doc>
<status status="PASS" start="2024-04-04T22:12:27.057400" elapsed="0.000141"/>
</kw>
<arg>${json_data["results"][0]["location"]["coordinates"]["longitude"]} &gt;= -180 and ${json_data["results"][0]["location"]["coordinates"]["longitude"]} &lt;= 180</arg>
<arg>Should Be True</arg>
<arg>${True}</arg>
<doc>Runs the given keyword with the given arguments, if ``condition`` is true.</doc>
<status status="PASS" start="2024-04-04T22:12:27.056703" elapsed="0.000965"/>
</kw>
<status status="PASS" start="2024-04-04T22:12:26.955627" elapsed="0.102171"/>
</kw>
<doc>Testa o conteúdo específico dos campos retornados pela API.</doc>
<tag>testeConteudo</tag>
<status status="PASS" start="2024-04-04T22:12:26.955184" elapsed="0.102761"/>
</test>
<status status="PASS" start="2024-04-04T22:12:26.219287" elapsed="0.840578"/>
</suite>
<status status="PASS" start="2024-04-04T22:12:26.205708" elapsed="0.859338"/>
</suite>
<statistics>
<total>
<stat pass="5" fail="0" skip="0">All Tests</stat>
</total>
<tag>
<stat pass="1" fail="0" skip="0">testeConteudo</stat>
<stat pass="1" fail="0" skip="0">testeEstruturaResposta</stat>
<stat pass="1" fail="0" skip="0">testeRequisicaoBasica</stat>
<stat pass="1" fail="0" skip="0">testeTiposDados</stat>
</tag>
<suite>
<stat pass="5" fail="0" skip="0" id="s1" name="Tests">Tests</stat>
<stat pass="5" fail="0" skip="0" id="s1-s1" name="Random-User-Test">Tests.Random-User-Test</stat>
</suite>
</statistics>
<errors>
</errors>
</robot>
