<?xml version="1.0" encoding="UTF-8"?>
<robot generator="Robot 7.0 (Python 3.12.3 on linux)" generated="2024-05-15T20:17:15.398287" rpa="false" schemaversion="5">
<suite id="s1" name="Tests" source="/home/runner/work/DesafioQAItauRogerioJordao/DesafioQAItauRogerioJordao/RamdonUser/tests">
<suite id="s1-s1" name="Random-User-Test" source="/home/runner/work/DesafioQAItauRogerioJordao/DesafioQAItauRogerioJordao/RamdonUser/tests/random-user-test.robot">
<test id="s1-s1-t1" name="Conectar" line="13">
<kw name="Conectar API" owner="random-user-service">
<kw name="Create Session" owner="RequestsLibrary">
<msg time="2024-05-15T20:17:15.760777" level="INFO">Creating Session using : alias=consultarAPI, url=https://randomuser.me/, headers={},                     cookies={}, auth=None, timeout=None, proxies=None, verify=False,                     debug=0 </msg>
<arg>consultarAPI</arg>
<arg>${URL}</arg>
<doc>Create Session: create a HTTP session to a server</doc>
<status status="PASS" start="2024-05-15T20:17:15.760555" elapsed="0.000426"/>
</kw>
<status status="PASS" start="2024-05-15T20:17:15.759516" elapsed="0.001845"/>
</kw>
<status status="PASS" start="2024-05-15T20:17:15.758802" elapsed="0.002761"/>
</test>
<test id="s1-s1-t2" name="Validar retorno 200 e JSON Válido" line="16">
<kw name="Teste de Requisicao Basica" owner="random-user-service">
<kw name="GET On Session" owner="RequestsLibrary">
<msg time="2024-05-15T20:17:15.964836" level="INFO">GET Request : url=https://randomuser.me/api 
 path_url=/api 
 headers={'User-Agent': 'python-requests/2.31.0', 'Accept-Encoding': 'gzip, deflate', 'Accept': '*/*', 'Connection': 'keep-alive'} 
 body=None 
 </msg>
<msg time="2024-05-15T20:17:15.964988" level="INFO">GET Response : url=https://randomuser.me/api 
 status=200, reason=OK 
 headers={'Date': 'Wed, 15 May 2024 20:17:15 GMT', 'Content-Type': 'application/json; charset=utf-8', 'Transfer-Encoding': 'chunked', 'Connection': 'keep-alive', 'X-Powered-By': 'Express', 'Access-Control-Allow-Origin': '*', 'Cache-Control': 'no-cache', 'ETag': 'W/"48d-6Kjh8dHwAFS5WCxNZKz7XnD8sXk"', 'Vary': 'Accept-Encoding', 'Content-Encoding': 'gzip', 'CF-Cache-Status': 'DYNAMIC', 'Report-To': '{"endpoints":[{"url":"https:\\/\\/a.nel.cloudflare.com\\/report\\/v4?s=msGwoNb%2FrJds1ND6d%2FycxfTPvZ2KiRHnSSYcdqcXuBP61JSZy1TFcWUZVvJc1szTlcjDPgA1dGyE2PHNFbRpdu9X0pAOv5sz0vbbn4jS6TTY6BFLPOB28gyTWN73O9n5"}],"group":"cf-nel","max_age":604800}', 'NEL': '{"success_fraction":0,"report_to":"cf-nel","max_age":604800}', 'Server': 'cloudflare', 'CF-RAY': '8845cf7a7e3e1404-ORD', 'alt-svc': 'h3=":443"; ma=86400'} 
 body={"results":[{"gender":"male","name":{"title":"Mr","first":"Eemeli","last":"Pakkala"},"location":{"street":{"number":2032,"name":"Verkatehtaankatu"},"city":"Raisio","state":"Ostrobothnia","country":"Finland","postcode":90234,"coordinates":{"latitude":"-29.1563","longitude":"-164.7588"},"timezone":{"offset":"-12:00","description":"Eniwetok, Kwajalein"}},"email":"eemeli.pakkala@example.com","login":{"uuid":"3a03eb7e-3664-48af-960a-145abae7abe3","username":"angrymouse191","password":"harmony","salt":"nzxsIP8h","md5":"8b121b13d765b2576a91c28a228b7bfc","sha1":"1dee6dddf97128ba0a032a3ed9d2993d6af20540","sha256":"96acac97d9edd8ed8f3d18cc18b167c0eb280eb9eecd8fb4ce42051cfe378a3d"},"dob":{"date":"1961-03-04T12:58:55.480Z","age":63},"registered":{"date":"2008-09-24T07:20:56.969Z","age":15},"phone":"07-694-669","cell":"041-623-05-59","id":{"name":"HETU","value":"NaNNA183undefined"},"picture":{"large":"https://randomuser.me/api/portraits/men/68.jpg","medium":"https://randomuser.me/api/portraits/med/men/68.jpg","thumbnail":"https://randomuser.me/api/portraits/thumb/men/68.jpg"},"nat":"FI"}],"info":{"seed":"0f7f05b3c92d4262","results":1,"page":1,"version":"1.4"}} 
 </msg>
<msg time="2024-05-15T20:17:15.965070" level="INFO">/opt/hostedtoolcache/Python/3.12.3/x64/lib/python3.12/site-packages/urllib3/connectionpool.py:1103: InsecureRequestWarning: Unverified HTTPS request is being made to host 'randomuser.me'. Adding certificate verification is strongly advised. See: https://urllib3.readthedocs.io/en/latest/advanced-usage.html#tls-warnings
  warnings.warn(</msg>
<msg time="2024-05-15T20:17:15.965210" level="INFO">${response} = &lt;Response [200]&gt;</msg>
<var>${response}</var>
<arg>consultarAPI</arg>
<arg>/api</arg>
<doc>Sends a GET request on a previously created HTTP Session.</doc>
<status status="PASS" start="2024-05-15T20:17:15.764267" elapsed="0.200988"/>
</kw>
<kw name="Should Be Equal As Numbers" owner="BuiltIn">
<msg time="2024-05-15T20:17:15.966269" level="INFO">Argument types are:
&lt;class 'int'&gt;
&lt;class 'str'&gt;</msg>
<arg>${response.status_code}</arg>
<arg>200</arg>
<doc>Fails if objects are unequal after converting them to real numbers.</doc>
<status status="PASS" start="2024-05-15T20:17:15.965798" elapsed="0.000540"/>
</kw>
<kw name="Log" owner="BuiltIn">
<msg time="2024-05-15T20:17:15.967076" level="INFO">200</msg>
<arg>${response.status_code}</arg>
<doc>Logs the given message with the given level.</doc>
<status status="PASS" start="2024-05-15T20:17:15.966707" elapsed="0.000412"/>
</kw>
<kw name="Set Variable" owner="BuiltIn">
<msg time="2024-05-15T20:17:15.967917" level="INFO">${json_data} = {'results': [{'gender': 'male', 'name': {'title': 'Mr', 'first': 'Eemeli', 'last': 'Pakkala'}, 'location': {'street': {'number': 2032, 'name': 'Verkatehtaankatu'}, 'city': 'Raisio', 'state': 'Ostrobot...</msg>
<var>${json_data}</var>
<arg>${response.json()}</arg>
<doc>Returns the given values which can then be assigned to a variables.</doc>
<status status="PASS" start="2024-05-15T20:17:15.967468" elapsed="0.000480"/>
</kw>
<kw name="Dictionary Should Contain Key" owner="Collections">
<msg time="2024-05-15T20:17:15.968429" level="INFO">False</msg>
<arg>${json_data}</arg>
<arg>results</arg>
<doc>Fails if ``key`` is not found from ``dictionary``.</doc>
<status status="PASS" start="2024-05-15T20:17:15.968258" elapsed="0.000211"/>
</kw>
<status status="PASS" start="2024-05-15T20:17:15.764013" elapsed="0.204716"/>
</kw>
<doc>Testa se a API responde corretamente e retorna um objeto JSON válido.</doc>
<tag>testeRequisicaoBasica</tag>
<status status="PASS" start="2024-05-15T20:17:15.763458" elapsed="0.205457"/>
</test>
<test id="s1-s1-t3" name="Validar estrutura de resposta" line="22">
<kw name="Teste de Estrutura de Resposta" owner="random-user-service">
<kw name="GET On Session" owner="RequestsLibrary">
<msg time="2024-05-15T20:17:16.067197" level="INFO">GET Request : url=https://randomuser.me/api 
 path_url=/api 
 headers={'User-Agent': 'python-requests/2.31.0', 'Accept-Encoding': 'gzip, deflate', 'Accept': '*/*', 'Connection': 'keep-alive'} 
 body=None 
 </msg>
<msg time="2024-05-15T20:17:16.067298" level="INFO">GET Response : url=https://randomuser.me/api 
 status=200, reason=OK 
 headers={'Date': 'Wed, 15 May 2024 20:17:16 GMT', 'Content-Type': 'application/json; charset=utf-8', 'Transfer-Encoding': 'chunked', 'Connection': 'keep-alive', 'X-Powered-By': 'Express', 'Access-Control-Allow-Origin': '*', 'Cache-Control': 'no-cache', 'ETag': 'W/"48e-Pr4rv4nZoSd0713/d1ahFjeA/6s"', 'Vary': 'Accept-Encoding', 'Content-Encoding': 'gzip', 'CF-Cache-Status': 'DYNAMIC', 'Report-To': '{"endpoints":[{"url":"https:\\/\\/a.nel.cloudflare.com\\/report\\/v4?s=uEFNn27y42UlMdhuOqQgnrL26b9IQ3MUXktvrfzVpAjMJGLSJg5UoL%2Fdzev%2Bt%2B6MVECLGjaQvL8M4qYzjj1XjWgXFz6JL773ObtY4LprvP1adC1Q3WcNX%2BZ5RwZUGWVt"}],"group":"cf-nel","max_age":604800}', 'NEL': '{"success_fraction":0,"report_to":"cf-nel","max_age":604800}', 'Server': 'cloudflare', 'CF-RAY': '8845cf7aded21404-ORD', 'alt-svc': 'h3=":443"; ma=86400'} 
 body={"results":[{"gender":"male","name":{"title":"Mr","first":"Lucas","last":"Hernández"},"location":{"street":{"number":7731,"name":"Calle Mota"},"city":"Cuenca","state":"País Vasco","country":"Spain","postcode":67405,"coordinates":{"latitude":"-33.5482","longitude":"-120.6814"},"timezone":{"offset":"-4:00","description":"Atlantic Time (Canada), Caracas, La Paz"}},"email":"lucas.hernandez@example.com","login":{"uuid":"a64cd3ea-1ec5-4912-8fc3-364ae42a2867","username":"silverduck324","password":"will","salt":"f6XtKeka","md5":"8c88da37eee722050d6cc4bb0540b3a3","sha1":"c9c226c52842cbce8b1da2afc7e50f39b20b967b","sha256":"2d1adb1a8505bf35575a618cf4ddd391aab2cb50dd3c7e1c0b9d737dd170a94e"},"dob":{"date":"1968-04-02T02:41:26.835Z","age":56},"registered":{"date":"2008-04-20T05:33:49.223Z","age":16},"phone":"982-161-534","cell":"658-087-462","id":{"name":"DNI","value":"00965514-U"},"picture":{"large":"https://randomuser.me/api/portraits/men/64.jpg","medium":"https://randomuser.me/api/portraits/med/men/64.jpg","thumbnail":"https://randomuser.me/api/portraits/thumb/men/64.jpg"},"nat":"ES"}],"info":{"seed":"95e3cb9de300de2e","results":1,"page":1,"version":"1.4"}} 
 </msg>
<msg time="2024-05-15T20:17:16.067460" level="INFO">/opt/hostedtoolcache/Python/3.12.3/x64/lib/python3.12/site-packages/urllib3/connectionpool.py:1103: InsecureRequestWarning: Unverified HTTPS request is being made to host 'randomuser.me'. Adding certificate verification is strongly advised. See: https://urllib3.readthedocs.io/en/latest/advanced-usage.html#tls-warnings
  warnings.warn(</msg>
<msg time="2024-05-15T20:17:16.067599" level="INFO">${response} = &lt;Response [200]&gt;</msg>
<var>${response}</var>
<arg>consultarAPI</arg>
<arg>/api</arg>
<doc>Sends a GET request on a previously created HTTP Session.</doc>
<status status="PASS" start="2024-05-15T20:17:15.971547" elapsed="0.096104"/>
</kw>
<kw name="Set Variable" owner="BuiltIn">
<msg time="2024-05-15T20:17:16.068753" level="INFO">${json_data} = {'results': [{'gender': 'male', 'name': {'title': 'Mr', 'first': 'Lucas', 'last': 'Hernández'}, 'location': {'street': {'number': 7731, 'name': 'Calle Mota'}, 'city': 'Cuenca', 'state': 'País Vasco', ...</msg>
<var>${json_data}</var>
<arg>${response.json()}</arg>
<doc>Returns the given values which can then be assigned to a variables.</doc>
<status status="PASS" start="2024-05-15T20:17:16.068177" elapsed="0.000606"/>
</kw>
<kw name="Log" owner="BuiltIn">
<msg time="2024-05-15T20:17:16.069316" level="INFO">{'results': [{'gender': 'male', 'name': {'title': 'Mr', 'first': 'Lucas', 'last': 'Hernández'}, 'location': {'street': {'number': 7731, 'name': 'Calle Mota'}, 'city': 'Cuenca', 'state': 'País Vasco', 'country': 'Spain', 'postcode': 67405, 'coordinates': {'latitude': '-33.5482', 'longitude': '-120.6814'}, 'timezone': {'offset': '-4:00', 'description': 'Atlantic Time (Canada), Caracas, La Paz'}}, 'email': 'lucas.hernandez@example.com', 'login': {'uuid': 'a64cd3ea-1ec5-4912-8fc3-364ae42a2867', 'username': 'silverduck324', 'password': 'will', 'salt': 'f6XtKeka', 'md5': '8c88da37eee722050d6cc4bb0540b3a3', 'sha1': 'c9c226c52842cbce8b1da2afc7e50f39b20b967b', 'sha256': '2d1adb1a8505bf35575a618cf4ddd391aab2cb50dd3c7e1c0b9d737dd170a94e'}, 'dob': {'date': '1968-04-02T02:41:26.835Z', 'age': 56}, 'registered': {'date': '2008-04-20T05:33:49.223Z', 'age': 16}, 'phone': '982-161-534', 'cell': '658-087-462', 'id': {'name': 'DNI', 'value': '00965514-U'}, 'picture': {'large': 'https://randomuser.me/api/portraits/men/64.jpg', 'medium': 'https://randomuser.me/api/portraits/med/men/64.jpg', 'thumbnail': 'https://randomuser.me/api/portraits/thumb/men/64.jpg'}, 'nat': 'ES'}], 'info': {'seed': '95e3cb9de300de2e', 'results': 1, 'page': 1, 'version': '1.4'}}</msg>
<arg>${json_data}</arg>
<doc>Logs the given message with the given level.</doc>
<status status="PASS" start="2024-05-15T20:17:16.069138" elapsed="0.000231"/>
</kw>
<kw name="Dictionary Should Contain Key" owner="Collections">
<msg time="2024-05-15T20:17:16.069848" level="INFO">False</msg>
<arg>${json_data}</arg>
<arg>results</arg>
<doc>Fails if ``key`` is not found from ``dictionary``.</doc>
<status status="PASS" start="2024-05-15T20:17:16.069681" elapsed="0.000204"/>
</kw>
<kw name="Should Not Be Empty" owner="BuiltIn">
<msg time="2024-05-15T20:17:16.070325" level="INFO">Length is 2.</msg>
<arg>${json_data}</arg>
<doc>Verifies that the given item is not empty.</doc>
<status status="PASS" start="2024-05-15T20:17:16.070185" elapsed="0.000178"/>
</kw>
<kw name="Create List" owner="BuiltIn">
<msg time="2024-05-15T20:17:16.070980" level="INFO">${expected_keys} = ['gender', 'name', 'location', 'email', 'login']</msg>
<var>${expected_keys}</var>
<arg>gender</arg>
<arg>name</arg>
<arg>location</arg>
<arg>email</arg>
<arg>login</arg>
<doc>Returns a list containing given items.</doc>
<status status="PASS" start="2024-05-15T20:17:16.070661" elapsed="0.000344"/>
</kw>
<for flavor="IN">
<iter>
<kw name="Dictionary Should Contain Key" owner="Collections">
<msg time="2024-05-15T20:17:16.072075" level="INFO">False</msg>
<arg>${json_data['results'][0]}</arg>
<arg>${key}</arg>
<doc>Fails if ``key`` is not found from ``dictionary``.</doc>
<status status="PASS" start="2024-05-15T20:17:16.071653" elapsed="0.000461"/>
</kw>
<kw name="Log" owner="BuiltIn">
<msg time="2024-05-15T20:17:16.072796" level="INFO">{'gender': 'male', 'name': {'title': 'Mr', 'first': 'Lucas', 'last': 'Hernández'}, 'location': {'street': {'number': 7731, 'name': 'Calle Mota'}, 'city': 'Cuenca', 'state': 'País Vasco', 'country': 'Spain', 'postcode': 67405, 'coordinates': {'latitude': '-33.5482', 'longitude': '-120.6814'}, 'timezone': {'offset': '-4:00', 'description': 'Atlantic Time (Canada), Caracas, La Paz'}}, 'email': 'lucas.hernandez@example.com', 'login': {'uuid': 'a64cd3ea-1ec5-4912-8fc3-364ae42a2867', 'username': 'silverduck324', 'password': 'will', 'salt': 'f6XtKeka', 'md5': '8c88da37eee722050d6cc4bb0540b3a3', 'sha1': 'c9c226c52842cbce8b1da2afc7e50f39b20b967b', 'sha256': '2d1adb1a8505bf35575a618cf4ddd391aab2cb50dd3c7e1c0b9d737dd170a94e'}, 'dob': {'date': '1968-04-02T02:41:26.835Z', 'age': 56}, 'registered': {'date': '2008-04-20T05:33:49.223Z', 'age': 16}, 'phone': '982-161-534', 'cell': '658-087-462', 'id': {'name': 'DNI', 'value': '00965514-U'}, 'picture': {'large': 'https://randomuser.me/api/portraits/men/64.jpg', 'medium': 'https://randomuser.me/api/portraits/med/men/64.jpg', 'thumbnail': 'https://randomuser.me/api/portraits/thumb/men/64.jpg'}, 'nat': 'ES'}</msg>
<arg>${json_data['results'][0]}</arg>
<doc>Logs the given message with the given level.</doc>
<status status="PASS" start="2024-05-15T20:17:16.072420" elapsed="0.000426"/>
</kw>
<kw name="Log" owner="BuiltIn">
<msg time="2024-05-15T20:17:16.073277" level="INFO">gender</msg>
<arg>${key}</arg>
<doc>Logs the given message with the given level.</doc>
<status status="PASS" start="2024-05-15T20:17:16.073148" elapsed="0.000167"/>
</kw>
<var name="${key}">gender</var>
<status status="PASS" start="2024-05-15T20:17:16.071521" elapsed="0.002011"/>
</iter>
<iter>
<kw name="Dictionary Should Contain Key" owner="Collections">
<msg time="2024-05-15T20:17:16.074235" level="INFO">False</msg>
<arg>${json_data['results'][0]}</arg>
<arg>${key}</arg>
<doc>Fails if ``key`` is not found from ``dictionary``.</doc>
<status status="PASS" start="2024-05-15T20:17:16.073846" elapsed="0.000426"/>
</kw>
<kw name="Log" owner="BuiltIn">
<msg time="2024-05-15T20:17:16.074959" level="INFO">{'gender': 'male', 'name': {'title': 'Mr', 'first': 'Lucas', 'last': 'Hernández'}, 'location': {'street': {'number': 7731, 'name': 'Calle Mota'}, 'city': 'Cuenca', 'state': 'País Vasco', 'country': 'Spain', 'postcode': 67405, 'coordinates': {'latitude': '-33.5482', 'longitude': '-120.6814'}, 'timezone': {'offset': '-4:00', 'description': 'Atlantic Time (Canada), Caracas, La Paz'}}, 'email': 'lucas.hernandez@example.com', 'login': {'uuid': 'a64cd3ea-1ec5-4912-8fc3-364ae42a2867', 'username': 'silverduck324', 'password': 'will', 'salt': 'f6XtKeka', 'md5': '8c88da37eee722050d6cc4bb0540b3a3', 'sha1': 'c9c226c52842cbce8b1da2afc7e50f39b20b967b', 'sha256': '2d1adb1a8505bf35575a618cf4ddd391aab2cb50dd3c7e1c0b9d737dd170a94e'}, 'dob': {'date': '1968-04-02T02:41:26.835Z', 'age': 56}, 'registered': {'date': '2008-04-20T05:33:49.223Z', 'age': 16}, 'phone': '982-161-534', 'cell': '658-087-462', 'id': {'name': 'DNI', 'value': '00965514-U'}, 'picture': {'large': 'https://randomuser.me/api/portraits/men/64.jpg', 'medium': 'https://randomuser.me/api/portraits/med/men/64.jpg', 'thumbnail': 'https://randomuser.me/api/portraits/thumb/men/64.jpg'}, 'nat': 'ES'}</msg>
<arg>${json_data['results'][0]}</arg>
<doc>Logs the given message with the given level.</doc>
<status status="PASS" start="2024-05-15T20:17:16.074597" elapsed="0.000412"/>
</kw>
<kw name="Log" owner="BuiltIn">
<msg time="2024-05-15T20:17:16.075461" level="INFO">name</msg>
<arg>${key}</arg>
<doc>Logs the given message with the given level.</doc>
<status status="PASS" start="2024-05-15T20:17:16.075304" elapsed="0.000195"/>
</kw>
<var name="${key}">name</var>
<status status="PASS" start="2024-05-15T20:17:16.073725" elapsed="0.001988"/>
</iter>
<iter>
<kw name="Dictionary Should Contain Key" owner="Collections">
<msg time="2024-05-15T20:17:16.076380" level="INFO">False</msg>
<arg>${json_data['results'][0]}</arg>
<arg>${key}</arg>
<doc>Fails if ``key`` is not found from ``dictionary``.</doc>
<status status="PASS" start="2024-05-15T20:17:16.076003" elapsed="0.000420"/>
</kw>
<kw name="Log" owner="BuiltIn">
<msg time="2024-05-15T20:17:16.077090" level="INFO">{'gender': 'male', 'name': {'title': 'Mr', 'first': 'Lucas', 'last': 'Hernández'}, 'location': {'street': {'number': 7731, 'name': 'Calle Mota'}, 'city': 'Cuenca', 'state': 'País Vasco', 'country': 'Spain', 'postcode': 67405, 'coordinates': {'latitude': '-33.5482', 'longitude': '-120.6814'}, 'timezone': {'offset': '-4:00', 'description': 'Atlantic Time (Canada), Caracas, La Paz'}}, 'email': 'lucas.hernandez@example.com', 'login': {'uuid': 'a64cd3ea-1ec5-4912-8fc3-364ae42a2867', 'username': 'silverduck324', 'password': 'will', 'salt': 'f6XtKeka', 'md5': '8c88da37eee722050d6cc4bb0540b3a3', 'sha1': 'c9c226c52842cbce8b1da2afc7e50f39b20b967b', 'sha256': '2d1adb1a8505bf35575a618cf4ddd391aab2cb50dd3c7e1c0b9d737dd170a94e'}, 'dob': {'date': '1968-04-02T02:41:26.835Z', 'age': 56}, 'registered': {'date': '2008-04-20T05:33:49.223Z', 'age': 16}, 'phone': '982-161-534', 'cell': '658-087-462', 'id': {'name': 'DNI', 'value': '00965514-U'}, 'picture': {'large': 'https://randomuser.me/api/portraits/men/64.jpg', 'medium': 'https://randomuser.me/api/portraits/med/men/64.jpg', 'thumbnail': 'https://randomuser.me/api/portraits/thumb/men/64.jpg'}, 'nat': 'ES'}</msg>
<arg>${json_data['results'][0]}</arg>
<doc>Logs the given message with the given level.</doc>
<status status="PASS" start="2024-05-15T20:17:16.076721" elapsed="0.000448"/>
</kw>
<kw name="Log" owner="BuiltIn">
<msg time="2024-05-15T20:17:16.077600" level="INFO">location</msg>
<arg>${key}</arg>
<doc>Logs the given message with the given level.</doc>
<status status="PASS" start="2024-05-15T20:17:16.077472" elapsed="0.000165"/>
</kw>
<var name="${key}">location</var>
<status status="PASS" start="2024-05-15T20:17:16.075891" elapsed="0.001962"/>
</iter>
<iter>
<kw name="Dictionary Should Contain Key" owner="Collections">
<msg time="2024-05-15T20:17:16.078517" level="INFO">False</msg>
<arg>${json_data['results'][0]}</arg>
<arg>${key}</arg>
<doc>Fails if ``key`` is not found from ``dictionary``.</doc>
<status status="PASS" start="2024-05-15T20:17:16.078136" elapsed="0.000417"/>
</kw>
<kw name="Log" owner="BuiltIn">
<msg time="2024-05-15T20:17:16.079222" level="INFO">{'gender': 'male', 'name': {'title': 'Mr', 'first': 'Lucas', 'last': 'Hernández'}, 'location': {'street': {'number': 7731, 'name': 'Calle Mota'}, 'city': 'Cuenca', 'state': 'País Vasco', 'country': 'Spain', 'postcode': 67405, 'coordinates': {'latitude': '-33.5482', 'longitude': '-120.6814'}, 'timezone': {'offset': '-4:00', 'description': 'Atlantic Time (Canada), Caracas, La Paz'}}, 'email': 'lucas.hernandez@example.com', 'login': {'uuid': 'a64cd3ea-1ec5-4912-8fc3-364ae42a2867', 'username': 'silverduck324', 'password': 'will', 'salt': 'f6XtKeka', 'md5': '8c88da37eee722050d6cc4bb0540b3a3', 'sha1': 'c9c226c52842cbce8b1da2afc7e50f39b20b967b', 'sha256': '2d1adb1a8505bf35575a618cf4ddd391aab2cb50dd3c7e1c0b9d737dd170a94e'}, 'dob': {'date': '1968-04-02T02:41:26.835Z', 'age': 56}, 'registered': {'date': '2008-04-20T05:33:49.223Z', 'age': 16}, 'phone': '982-161-534', 'cell': '658-087-462', 'id': {'name': 'DNI', 'value': '00965514-U'}, 'picture': {'large': 'https://randomuser.me/api/portraits/men/64.jpg', 'medium': 'https://randomuser.me/api/portraits/med/men/64.jpg', 'thumbnail': 'https://randomuser.me/api/portraits/thumb/men/64.jpg'}, 'nat': 'ES'}</msg>
<arg>${json_data['results'][0]}</arg>
<doc>Logs the given message with the given level.</doc>
<status status="PASS" start="2024-05-15T20:17:16.078856" elapsed="0.000416"/>
</kw>
<kw name="Log" owner="BuiltIn">
<msg time="2024-05-15T20:17:16.079745" level="INFO">email</msg>
<arg>${key}</arg>
<doc>Logs the given message with the given level.</doc>
<status status="PASS" start="2024-05-15T20:17:16.079613" elapsed="0.000168"/>
</kw>
<var name="${key}">email</var>
<status status="PASS" start="2024-05-15T20:17:16.078026" elapsed="0.001980"/>
</iter>
<iter>
<kw name="Dictionary Should Contain Key" owner="Collections">
<msg time="2024-05-15T20:17:16.080680" level="INFO">False</msg>
<arg>${json_data['results'][0]}</arg>
<arg>${key}</arg>
<doc>Fails if ``key`` is not found from ``dictionary``.</doc>
<status status="PASS" start="2024-05-15T20:17:16.080291" elapsed="0.000426"/>
</kw>
<kw name="Log" owner="BuiltIn">
<msg time="2024-05-15T20:17:16.081377" level="INFO">{'gender': 'male', 'name': {'title': 'Mr', 'first': 'Lucas', 'last': 'Hernández'}, 'location': {'street': {'number': 7731, 'name': 'Calle Mota'}, 'city': 'Cuenca', 'state': 'País Vasco', 'country': 'Spain', 'postcode': 67405, 'coordinates': {'latitude': '-33.5482', 'longitude': '-120.6814'}, 'timezone': {'offset': '-4:00', 'description': 'Atlantic Time (Canada), Caracas, La Paz'}}, 'email': 'lucas.hernandez@example.com', 'login': {'uuid': 'a64cd3ea-1ec5-4912-8fc3-364ae42a2867', 'username': 'silverduck324', 'password': 'will', 'salt': 'f6XtKeka', 'md5': '8c88da37eee722050d6cc4bb0540b3a3', 'sha1': 'c9c226c52842cbce8b1da2afc7e50f39b20b967b', 'sha256': '2d1adb1a8505bf35575a618cf4ddd391aab2cb50dd3c7e1c0b9d737dd170a94e'}, 'dob': {'date': '1968-04-02T02:41:26.835Z', 'age': 56}, 'registered': {'date': '2008-04-20T05:33:49.223Z', 'age': 16}, 'phone': '982-161-534', 'cell': '658-087-462', 'id': {'name': 'DNI', 'value': '00965514-U'}, 'picture': {'large': 'https://randomuser.me/api/portraits/men/64.jpg', 'medium': 'https://randomuser.me/api/portraits/med/men/64.jpg', 'thumbnail': 'https://randomuser.me/api/portraits/thumb/men/64.jpg'}, 'nat': 'ES'}</msg>
<arg>${json_data['results'][0]}</arg>
<doc>Logs the given message with the given level.</doc>
<status status="PASS" start="2024-05-15T20:17:16.081011" elapsed="0.000414"/>
</kw>
<kw name="Log" owner="BuiltIn">
<msg time="2024-05-15T20:17:16.081860" level="INFO">login</msg>
<arg>${key}</arg>
<doc>Logs the given message with the given level.</doc>
<status status="PASS" start="2024-05-15T20:17:16.081733" elapsed="0.000164"/>
</kw>
<var name="${key}">login</var>
<status status="PASS" start="2024-05-15T20:17:16.080180" elapsed="0.001956"/>
</iter>
<var>${key}</var>
<value>@{expected_keys}</value>
<status status="PASS" start="2024-05-15T20:17:16.071285" elapsed="0.010978"/>
</for>
<kw name="Create List" owner="BuiltIn">
<msg time="2024-05-15T20:17:16.082597" level="INFO">${expected_keysTwo} = ['username', 'password']</msg>
<var>${expected_keysTwo}</var>
<arg>username</arg>
<arg>password</arg>
<doc>Returns a list containing given items.</doc>
<status status="PASS" start="2024-05-15T20:17:16.082460" elapsed="0.000160"/>
</kw>
<for flavor="IN">
<iter>
<kw name="Dictionary Should Contain Key" owner="Collections">
<msg time="2024-05-15T20:17:16.083578" level="INFO">False</msg>
<arg>${json_data['results'][0]['login']}</arg>
<arg>${keyTwo}</arg>
<doc>Fails if ``key`` is not found from ``dictionary``.</doc>
<status status="PASS" start="2024-05-15T20:17:16.083142" elapsed="0.000475"/>
</kw>
<kw name="Dictionary Should Contain Key" owner="Collections">
<msg time="2024-05-15T20:17:16.084302" level="INFO">False</msg>
<arg>${json_data['results'][0]['login']}</arg>
<arg>${keyTwo}</arg>
<doc>Fails if ``key`` is not found from ``dictionary``.</doc>
<status status="PASS" start="2024-05-15T20:17:16.083916" elapsed="0.000425"/>
</kw>
<kw name="Log" owner="BuiltIn">
<msg time="2024-05-15T20:17:16.084765" level="INFO">username</msg>
<arg>${keyTwo}</arg>
<doc>Logs the given message with the given level.</doc>
<status status="PASS" start="2024-05-15T20:17:16.084638" elapsed="0.000169"/>
</kw>
<var name="${keyTwo}">username</var>
<status status="PASS" start="2024-05-15T20:17:16.083024" elapsed="0.001997"/>
</iter>
<iter>
<kw name="Dictionary Should Contain Key" owner="Collections">
<msg time="2024-05-15T20:17:16.085691" level="INFO">False</msg>
<arg>${json_data['results'][0]['login']}</arg>
<arg>${keyTwo}</arg>
<doc>Fails if ``key`` is not found from ``dictionary``.</doc>
<status status="PASS" start="2024-05-15T20:17:16.085304" elapsed="0.000425"/>
</kw>
<kw name="Dictionary Should Contain Key" owner="Collections">
<msg time="2024-05-15T20:17:16.086493" level="INFO">False</msg>
<arg>${json_data['results'][0]['login']}</arg>
<arg>${keyTwo}</arg>
<doc>Fails if ``key`` is not found from ``dictionary``.</doc>
<status status="PASS" start="2024-05-15T20:17:16.086023" elapsed="0.000509"/>
</kw>
<kw name="Log" owner="BuiltIn">
<msg time="2024-05-15T20:17:16.086955" level="INFO">password</msg>
<arg>${keyTwo}</arg>
<doc>Logs the given message with the given level.</doc>
<status status="PASS" start="2024-05-15T20:17:16.086828" elapsed="0.000165"/>
</kw>
<var name="${keyTwo}">password</var>
<status status="PASS" start="2024-05-15T20:17:16.085195" elapsed="0.002020"/>
</iter>
<var>${keyTwo}</var>
<value>@{expected_keysTwo}</value>
<status status="PASS" start="2024-05-15T20:17:16.082861" elapsed="0.004509"/>
</for>
<status status="PASS" start="2024-05-15T20:17:15.971270" elapsed="0.116258"/>
</kw>
<doc>Testa a estrutura da resposta da API.</doc>
<tag>testeEstruturaResposta</tag>
<status status="PASS" start="2024-05-15T20:17:15.970738" elapsed="0.116950"/>
</test>
<test id="s1-s1-t4" name="Validar tipos de dados" line="28">
<kw name="Teste de Tipos de Dados" owner="random-user-service">
<kw name="GET On Session" owner="RequestsLibrary">
<msg time="2024-05-15T20:17:16.168854" level="INFO">GET Request : url=https://randomuser.me/api 
 path_url=/api 
 headers={'User-Agent': 'python-requests/2.31.0', 'Accept-Encoding': 'gzip, deflate', 'Accept': '*/*', 'Connection': 'keep-alive'} 
 body=None 
 </msg>
<msg time="2024-05-15T20:17:16.168961" level="INFO">GET Response : url=https://randomuser.me/api 
 status=200, reason=OK 
 headers={'Date': 'Wed, 15 May 2024 20:17:16 GMT', 'Content-Type': 'application/json; charset=utf-8', 'Transfer-Encoding': 'chunked', 'Connection': 'keep-alive', 'X-Powered-By': 'Express', 'Access-Control-Allow-Origin': '*', 'Cache-Control': 'no-cache', 'ETag': 'W/"4a9-leLKEW6CV9i7844uUOxiTOCBx9Q"', 'Vary': 'Accept-Encoding', 'Content-Encoding': 'gzip', 'CF-Cache-Status': 'DYNAMIC', 'Report-To': '{"endpoints":[{"url":"https:\\/\\/a.nel.cloudflare.com\\/report\\/v4?s=6B%2BH%2FEpk5hbyIBKu9a3ugD7gNgOzuzhMltRebtepLSsAAuoSrw8VAlIrB8AvB2C7yD6xKhPx6BBJB%2FcJVWVsm934PnnljMaQnLWkZff0ZBjTKPocZgxsZ6kR8%2BKtq2L%2F"}],"group":"cf-nel","max_age":604800}', 'NEL': '{"success_fraction":0,"report_to":"cf-nel","max_age":604800}', 'Server': 'cloudflare', 'CF-RAY': '8845cf7b98101404-ORD', 'alt-svc': 'h3=":443"; ma=86400'} 
 body={"results":[{"gender":"male","name":{"title":"Mr","first":"Soham","last":"Chambers"},"location":{"street":{"number":9745,"name":"St. John’S Road"},"city":"Belfast","state":"Herefordshire","country":"United Kingdom","postcode":"N6 6AF","coordinates":{"latitude":"-12.3539","longitude":"-163.0321"},"timezone":{"offset":"-5:00","description":"Eastern Time (US &amp; Canada), Bogota, Lima"}},"email":"soham.chambers@example.com","login":{"uuid":"e24fc174-952b-4f54-b05b-542cc929f281","username":"goldenpanda397","password":"1986","salt":"MwiT7wq0","md5":"69a1e65f85a3bd719b430fe1a175a3fd","sha1":"5721636325d3741cc75797d8ccaddeef193a45fd","sha256":"c0c292c2834924c0d3c37f969e572ae1e62e9061f4d4e38e401f9f710bd0b831"},"dob":{"date":"1961-06-11T07:20:35.418Z","age":62},"registered":{"date":"2005-07-22T04:49:01.177Z","age":18},"phone":"017684 63796","cell":"07753 759533","id":{"name":"NINO","value":"MK 03 57 25 J"},"picture":{"large":"https://randomuser.me/api/portraits/men/77.jpg","medium":"https://randomuser.me/api/portraits/med/men/77.jpg","thumbnail":"https://randomuser.me/api/portraits/thumb/men/77.jpg"},"nat":"GB"}],"info":{"seed":"a80c5a1cd4cc0686","results":1,"page":1,"version":"1.4"}} 
 </msg>
<msg time="2024-05-15T20:17:16.169051" level="INFO">/opt/hostedtoolcache/Python/3.12.3/x64/lib/python3.12/site-packages/urllib3/connectionpool.py:1103: InsecureRequestWarning: Unverified HTTPS request is being made to host 'randomuser.me'. Adding certificate verification is strongly advised. See: https://urllib3.readthedocs.io/en/latest/advanced-usage.html#tls-warnings
  warnings.warn(</msg>
<msg time="2024-05-15T20:17:16.169178" level="INFO">${response} = &lt;Response [200]&gt;</msg>
<var>${response}</var>
<arg>consultarAPI</arg>
<arg>/api</arg>
<doc>Sends a GET request on a previously created HTTP Session.</doc>
<status status="PASS" start="2024-05-15T20:17:16.090549" elapsed="0.078669"/>
</kw>
<kw name="Set Variable" owner="BuiltIn">
<msg time="2024-05-15T20:17:16.170468" level="INFO">${json_data} = {'results': [{'gender': 'male', 'name': {'title': 'Mr', 'first': 'Soham', 'last': 'Chambers'}, 'location': {'street': {'number': 9745, 'name': 'St. John’S Road'}, 'city': 'Belfast', 'state': 'Hereford...</msg>
<var>${json_data}</var>
<arg>${response.json()}</arg>
<doc>Returns the given values which can then be assigned to a variables.</doc>
<status status="PASS" start="2024-05-15T20:17:16.169853" elapsed="0.000646"/>
</kw>
<kw name="Log" owner="BuiltIn">
<msg time="2024-05-15T20:17:16.171012" level="INFO">{'results': [{'gender': 'male', 'name': {'title': 'Mr', 'first': 'Soham', 'last': 'Chambers'}, 'location': {'street': {'number': 9745, 'name': 'St. John’S Road'}, 'city': 'Belfast', 'state': 'Herefordshire', 'country': 'United Kingdom', 'postcode': 'N6 6AF', 'coordinates': {'latitude': '-12.3539', 'longitude': '-163.0321'}, 'timezone': {'offset': '-5:00', 'description': 'Eastern Time (US &amp; Canada), Bogota, Lima'}}, 'email': 'soham.chambers@example.com', 'login': {'uuid': 'e24fc174-952b-4f54-b05b-542cc929f281', 'username': 'goldenpanda397', 'password': '1986', 'salt': 'MwiT7wq0', 'md5': '69a1e65f85a3bd719b430fe1a175a3fd', 'sha1': '5721636325d3741cc75797d8ccaddeef193a45fd', 'sha256': 'c0c292c2834924c0d3c37f969e572ae1e62e9061f4d4e38e401f9f710bd0b831'}, 'dob': {'date': '1961-06-11T07:20:35.418Z', 'age': 62}, 'registered': {'date': '2005-07-22T04:49:01.177Z', 'age': 18}, 'phone': '017684 63796', 'cell': '07753 759533', 'id': {'name': 'NINO', 'value': 'MK 03 57 25 J'}, 'picture': {'large': 'https://randomuser.me/api/portraits/men/77.jpg', 'medium': 'https://randomuser.me/api/portraits/med/men/77.jpg', 'thumbnail': 'https://randomuser.me/api/portraits/thumb/men/77.jpg'}, 'nat': 'GB'}], 'info': {'seed': 'a80c5a1cd4cc0686', 'results': 1, 'page': 1, 'version': '1.4'}}</msg>
<arg>${json_data}</arg>
<doc>Logs the given message with the given level.</doc>
<status status="PASS" start="2024-05-15T20:17:16.170839" elapsed="0.000263"/>
</kw>
<kw name="Should Be String" owner="String">
<arg>${json_data['results'][0]['gender']}</arg>
<doc>Fails if the given ``item`` is not a string.</doc>
<status status="PASS" start="2024-05-15T20:17:16.171468" elapsed="0.000394"/>
</kw>
<kw name="Should Match Regexp" owner="BuiltIn">
<arg>${json_data['results'][0]['email']}</arg>
<arg>^[a-zA-Z0-9._%+-]+@[a-zA-Z0-9.-]+\.[a-zA-Z]{2,}$</arg>
<doc>Fails if ``string`` does not match ``pattern`` as a regular expression.</doc>
<status status="PASS" start="2024-05-15T20:17:16.172062" elapsed="0.000526"/>
</kw>
<kw name="Should Match Regexp" owner="BuiltIn">
<arg>${json_data['results'][0]['dob']['date']}</arg>
<arg>\\d{4}-\\d{2}-\\d{2}T\\d{2}:\\d{2}:\\d{2}\\.\\d{3}Z</arg>
<doc>Fails if ``string`` does not match ``pattern`` as a regular expression.</doc>
<status status="PASS" start="2024-05-15T20:17:16.172790" elapsed="0.000517"/>
</kw>
<kw name="Should Match Regexp" owner="BuiltIn">
<arg>${json_data['results'][0]['registered']['date']}</arg>
<arg>\\d{4}-\\d{2}-\\d{2}T\\d{2}:\\d{2}:\\d{2}\\.\\d{3}Z</arg>
<doc>Fails if ``string`` does not match ``pattern`` as a regular expression.</doc>
<status status="PASS" start="2024-05-15T20:17:16.173503" elapsed="0.000369"/>
</kw>
<kw name="Should Match Regexp" owner="BuiltIn">
<arg>${json_data['results'][0]['picture']['large']}</arg>
<arg>^https?://.*\.(?:png|jpe?g|gif|bmp)$</arg>
<doc>Fails if ``string`` does not match ``pattern`` as a regular expression.</doc>
<status status="PASS" start="2024-05-15T20:17:16.174064" elapsed="0.000465"/>
</kw>
<kw name="Should Match Regexp" owner="BuiltIn">
<arg>${json_data['results'][0]['picture']['medium']}</arg>
<arg>^https?://.*\.(?:png|jpe?g|gif|bmp)$</arg>
<doc>Fails if ``string`` does not match ``pattern`` as a regular expression.</doc>
<status status="PASS" start="2024-05-15T20:17:16.174723" elapsed="0.000359"/>
</kw>
<kw name="Should Match Regexp" owner="BuiltIn">
<arg>${json_data['results'][0]['picture']['thumbnail']}</arg>
<arg>^https?://.*\.(?:png|jpe?g|gif|bmp)$</arg>
<doc>Fails if ``string`` does not match ``pattern`` as a regular expression.</doc>
<status status="PASS" start="2024-05-15T20:17:16.175278" elapsed="0.000376"/>
</kw>
<kw name="Log" owner="BuiltIn">
<msg time="2024-05-15T20:17:16.176165" level="INFO">{'large': 'https://randomuser.me/api/portraits/men/77.jpg', 'medium': 'https://randomuser.me/api/portraits/med/men/77.jpg', 'thumbnail': 'https://randomuser.me/api/portraits/thumb/men/77.jpg'}</msg>
<arg>${json_data['results'][0]['picture']}</arg>
<doc>Logs the given message with the given level.</doc>
<status status="PASS" start="2024-05-15T20:17:16.175839" elapsed="0.000368"/>
</kw>
<status status="PASS" start="2024-05-15T20:17:16.090314" elapsed="0.086153"/>
</kw>
<kw name="Teste de Tipos de Dados - Postcode" owner="random-user-service">
<kw name="GET On Session" owner="RequestsLibrary">
<msg time="2024-05-15T20:17:16.278299" level="INFO">GET Request : url=https://randomuser.me/api 
 path_url=/api 
 headers={'User-Agent': 'python-requests/2.31.0', 'Accept-Encoding': 'gzip, deflate', 'Accept': '*/*', 'Connection': 'keep-alive'} 
 body=None 
 </msg>
<msg time="2024-05-15T20:17:16.278391" level="INFO">GET Response : url=https://randomuser.me/api 
 status=200, reason=OK 
 headers={'Date': 'Wed, 15 May 2024 20:17:16 GMT', 'Content-Type': 'application/json; charset=utf-8', 'Transfer-Encoding': 'chunked', 'Connection': 'keep-alive', 'X-Powered-By': 'Express', 'Access-Control-Allow-Origin': '*', 'Cache-Control': 'no-cache', 'ETag': 'W/"47e-Wa5jjFg7KlLWbcPkYSUPbWGk0Ew"', 'Vary': 'Accept-Encoding', 'Content-Encoding': 'gzip', 'CF-Cache-Status': 'DYNAMIC', 'Report-To': '{"endpoints":[{"url":"https:\\/\\/a.nel.cloudflare.com\\/report\\/v4?s=76vaq2gjO%2FXbME9LZhXYvhRbSFgRFr5CbJAO8ZaM00CsI02fdVxxwumZhv0C6AYZUuoMWDf8Iqb3Qt7OqSBMBHQGljrmSWnCN365L5JW9KI5p69ieIcR%2FG20%2F7b7LhV%2F"}],"group":"cf-nel","max_age":604800}', 'NEL': '{"success_fraction":0,"report_to":"cf-nel","max_age":604800}', 'Server': 'cloudflare', 'CF-RAY': '8845cf7c18fc1404-ORD', 'alt-svc': 'h3=":443"; ma=86400'} 
 body={"results":[{"gender":"female","name":{"title":"Miss","first":"Ece","last":"Tuğlu"},"location":{"street":{"number":7926,"name":"Mevlana Cd"},"city":"Yozgat","state":"Bolu","country":"Turkey","postcode":60888,"coordinates":{"latitude":"68.1837","longitude":"123.1625"},"timezone":{"offset":"+9:00","description":"Tokyo, Seoul, Osaka, Sapporo, Yakutsk"}},"email":"ece.tuglu@example.com","login":{"uuid":"6d4dced2-9d47-48cd-9c21-885a29411725","username":"bigleopard571","password":"bolton","salt":"YrEFX1hX","md5":"7e78fa35d1ed38c4c26b0db63ac5d4ed","sha1":"2ca36747166478bbc242ce27eeca7ee55b200d70","sha256":"b7e209f6421e8ee3eff7667fe4445e72cfbdc8be7d8df48de66f09749a750e44"},"dob":{"date":"1964-04-04T08:08:16.150Z","age":60},"registered":{"date":"2015-08-26T01:17:06.078Z","age":8},"phone":"(530)-141-3581","cell":"(000)-998-0328","id":{"name":"","value":null},"picture":{"large":"https://randomuser.me/api/portraits/women/14.jpg","medium":"https://randomuser.me/api/portraits/med/women/14.jpg","thumbnail":"https://randomuser.me/api/portraits/thumb/women/14.jpg"},"nat":"TR"}],"info":{"seed":"16bdbcc9f04d9698","results":1,"page":1,"version":"1.4"}} 
 </msg>
<msg time="2024-05-15T20:17:16.278462" level="INFO">/opt/hostedtoolcache/Python/3.12.3/x64/lib/python3.12/site-packages/urllib3/connectionpool.py:1103: InsecureRequestWarning: Unverified HTTPS request is being made to host 'randomuser.me'. Adding certificate verification is strongly advised. See: https://urllib3.readthedocs.io/en/latest/advanced-usage.html#tls-warnings
  warnings.warn(</msg>
<msg time="2024-05-15T20:17:16.278573" level="INFO">${response} = &lt;Response [200]&gt;</msg>
<var>${response}</var>
<arg>consultarAPI</arg>
<arg>/api</arg>
<doc>Sends a GET request on a previously created HTTP Session.</doc>
<status status="PASS" start="2024-05-15T20:17:16.176932" elapsed="0.101680"/>
</kw>
<kw name="Set Variable" owner="BuiltIn">
<msg time="2024-05-15T20:17:16.279871" level="INFO">${json_data} = {'results': [{'gender': 'female', 'name': {'title': 'Miss', 'first': 'Ece', 'last': 'Tuğlu'}, 'location': {'street': {'number': 7926, 'name': 'Mevlana Cd'}, 'city': 'Yozgat', 'state': 'Bolu', 'country...</msg>
<var>${json_data}</var>
<arg>${response.json()}</arg>
<doc>Returns the given values which can then be assigned to a variables.</doc>
<status status="PASS" start="2024-05-15T20:17:16.279222" elapsed="0.000679"/>
</kw>
<kw name="Log" owner="BuiltIn">
<msg time="2024-05-15T20:17:16.280383" level="INFO">{'results': [{'gender': 'female', 'name': {'title': 'Miss', 'first': 'Ece', 'last': 'Tuğlu'}, 'location': {'street': {'number': 7926, 'name': 'Mevlana Cd'}, 'city': 'Yozgat', 'state': 'Bolu', 'country': 'Turkey', 'postcode': 60888, 'coordinates': {'latitude': '68.1837', 'longitude': '123.1625'}, 'timezone': {'offset': '+9:00', 'description': 'Tokyo, Seoul, Osaka, Sapporo, Yakutsk'}}, 'email': 'ece.tuglu@example.com', 'login': {'uuid': '6d4dced2-9d47-48cd-9c21-885a29411725', 'username': 'bigleopard571', 'password': 'bolton', 'salt': 'YrEFX1hX', 'md5': '7e78fa35d1ed38c4c26b0db63ac5d4ed', 'sha1': '2ca36747166478bbc242ce27eeca7ee55b200d70', 'sha256': 'b7e209f6421e8ee3eff7667fe4445e72cfbdc8be7d8df48de66f09749a750e44'}, 'dob': {'date': '1964-04-04T08:08:16.150Z', 'age': 60}, 'registered': {'date': '2015-08-26T01:17:06.078Z', 'age': 8}, 'phone': '(530)-141-3581', 'cell': '(000)-998-0328', 'id': {'name': '', 'value': None}, 'picture': {'large': 'https://randomuser.me/api/portraits/women/14.jpg', 'medium': 'https://randomuser.me/api/portraits/med/women/14.jpg', 'thumbnail': 'https://randomuser.me/api/portraits/thumb/women/14.jpg'}, 'nat': 'TR'}], 'info': {'seed': '16bdbcc9f04d9698', 'results': 1, 'page': 1, 'version': '1.4'}}</msg>
<arg>${json_data}</arg>
<doc>Logs the given message with the given level.</doc>
<status status="PASS" start="2024-05-15T20:17:16.280218" elapsed="0.000252"/>
</kw>
<kw name="Should Be Equal As Numbers" owner="BuiltIn">
<arg>${json_data['results'][0]['location']['postcode']}</arg>
<arg>${json_data['results'][0]['location']['postcode']}</arg>
<doc>Fails if objects are unequal after converting them to real numbers.</doc>
<status status="PASS" start="2024-05-15T20:17:16.280779" elapsed="0.000803"/>
</kw>
<kw name="Log" owner="BuiltIn">
<msg time="2024-05-15T20:17:16.282115" level="INFO">60888</msg>
<arg>${json_data['results'][0]['location']['postcode']}</arg>
<doc>Logs the given message with the given level.</doc>
<status status="PASS" start="2024-05-15T20:17:16.281778" elapsed="0.000377"/>
</kw>
<status status="PASS" start="2024-05-15T20:17:16.176700" elapsed="0.105712"/>
</kw>
<doc>Testa se os tipos de dados na resposta da API estão corretos.</doc>
<tag>testeTiposDados</tag>
<status status="PASS" start="2024-05-15T20:17:16.089728" elapsed="0.192862"/>
</test>
<test id="s1-s1-t5" name="Validar conteudo" line="35">
<kw name="Teste de Tipos de Conteudo" owner="random-user-service">
<kw name="GET On Session" owner="RequestsLibrary">
<msg time="2024-05-15T20:17:16.364227" level="INFO">GET Request : url=https://randomuser.me/api 
 path_url=/api 
 headers={'User-Agent': 'python-requests/2.31.0', 'Accept-Encoding': 'gzip, deflate', 'Accept': '*/*', 'Connection': 'keep-alive'} 
 body=None 
 </msg>
<msg time="2024-05-15T20:17:16.364322" level="INFO">GET Response : url=https://randomuser.me/api 
 status=200, reason=OK 
 headers={'Date': 'Wed, 15 May 2024 20:17:16 GMT', 'Content-Type': 'application/json; charset=utf-8', 'Transfer-Encoding': 'chunked', 'Connection': 'keep-alive', 'X-Powered-By': 'Express', 'Access-Control-Allow-Origin': '*', 'Cache-Control': 'no-cache', 'ETag': 'W/"482-9FhVLupMIFYkRSOtI0tcvK8TU4s"', 'Vary': 'Accept-Encoding', 'Content-Encoding': 'gzip', 'CF-Cache-Status': 'DYNAMIC', 'Report-To': '{"endpoints":[{"url":"https:\\/\\/a.nel.cloudflare.com\\/report\\/v4?s=ZNQBaUwwrlYg7A2fFebOAogdh%2FzdKSV5DXnbH%2FLUJLJo4urAQda6FyhgrssPXEBeuDKUXHWbTXqY3K4ticbv%2Bpl6DknpYAY7mtnreWH8m%2BgNLmS82Mr6b1F6%2BLr7gVrz"}],"group":"cf-nel","max_age":604800}', 'NEL': '{"success_fraction":0,"report_to":"cf-nel","max_age":604800}', 'Server': 'cloudflare', 'CF-RAY': '8845cf7cca0c1404-ORD', 'alt-svc': 'h3=":443"; ma=86400'} 
 body={"results":[{"gender":"female","name":{"title":"Miss","first":"Shabari","last":"Bhat"},"location":{"street":{"number":8263,"name":"Racecource Rd"},"city":"Fatehpur","state":"Tamil Nadu","country":"India","postcode":40630,"coordinates":{"latitude":"8.5693","longitude":"9.7670"},"timezone":{"offset":"+7:00","description":"Bangkok, Hanoi, Jakarta"}},"email":"shabari.bhat@example.com","login":{"uuid":"b20cda4d-51ce-48e6-8378-279a156e1bf3","username":"orangedog515","password":"jones1","salt":"fX5H6AHn","md5":"9e6bce6236168984fa40fbf81b9b3037","sha1":"e08d0e43bde1c458889eea0d0224a69d6dc91aa4","sha256":"979590d27927912c02d63a33850ee9e535324f35571aaaa0d540eb1c2a4fe72a"},"dob":{"date":"1979-06-30T09:52:20.400Z","age":44},"registered":{"date":"2015-08-11T22:58:25.959Z","age":8},"phone":"7390692642","cell":"9533919286","id":{"name":"UIDAI","value":"515451758727"},"picture":{"large":"https://randomuser.me/api/portraits/women/10.jpg","medium":"https://randomuser.me/api/portraits/med/women/10.jpg","thumbnail":"https://randomuser.me/api/portraits/thumb/women/10.jpg"},"nat":"IN"}],"info":{"seed":"13e758d11bb55125","results":1,"page":1,"version":"1.4"}} 
 </msg>
<msg time="2024-05-15T20:17:16.364396" level="INFO">/opt/hostedtoolcache/Python/3.12.3/x64/lib/python3.12/site-packages/urllib3/connectionpool.py:1103: InsecureRequestWarning: Unverified HTTPS request is being made to host 'randomuser.me'. Adding certificate verification is strongly advised. See: https://urllib3.readthedocs.io/en/latest/advanced-usage.html#tls-warnings
  warnings.warn(</msg>
<msg time="2024-05-15T20:17:16.364509" level="INFO">${response} = &lt;Response [200]&gt;</msg>
<var>${response}</var>
<arg>consultarAPI</arg>
<arg>/api</arg>
<doc>Sends a GET request on a previously created HTTP Session.</doc>
<status status="PASS" start="2024-05-15T20:17:16.285443" elapsed="0.079109"/>
</kw>
<kw name="Set Variable" owner="BuiltIn">
<msg time="2024-05-15T20:17:16.365684" level="INFO">${json_data} = {'results': [{'gender': 'female', 'name': {'title': 'Miss', 'first': 'Shabari', 'last': 'Bhat'}, 'location': {'street': {'number': 8263, 'name': 'Racecource Rd'}, 'city': 'Fatehpur', 'state': 'Tamil N...</msg>
<var>${json_data}</var>
<arg>${response.json()}</arg>
<doc>Returns the given values which can then be assigned to a variables.</doc>
<status status="PASS" start="2024-05-15T20:17:16.365111" elapsed="0.000602"/>
</kw>
<kw name="Set Variable" owner="BuiltIn">
<msg time="2024-05-15T20:17:16.366405" level="INFO">${name_title} = Miss</msg>
<var>${name_title}</var>
<arg>${json_data["results"][0]["name"]["title"]}</arg>
<doc>Returns the given values which can then be assigned to a variables.</doc>
<status status="PASS" start="2024-05-15T20:17:16.366023" elapsed="0.000407"/>
</kw>
<kw name="Create List" owner="BuiltIn">
<msg time="2024-05-15T20:17:16.366902" level="INFO">${allowed_titles} = ['Mr', 'Ms', 'Miss', 'Mrs', 'Madame', 'Monsieur']</msg>
<var>${allowed_titles}</var>
<arg>Mr</arg>
<arg>Ms</arg>
<arg>Miss</arg>
<arg>Mrs</arg>
<arg>Madame</arg>
<arg>Monsieur</arg>
<doc>Returns a list containing given items.</doc>
<status status="PASS" start="2024-05-15T20:17:16.366752" elapsed="0.000173"/>
</kw>
<kw name="List Should Contain Value" owner="Collections">
<msg time="2024-05-15T20:17:16.367447" level="INFO">False</msg>
<arg>${allowed_titles}</arg>
<arg>${name_title}</arg>
<doc>Fails if the ``value`` is not found from ``list``.</doc>
<status status="PASS" start="2024-05-15T20:17:16.367231" elapsed="0.000254"/>
</kw>
<kw name="Set Variable" owner="BuiltIn">
<msg time="2024-05-15T20:17:16.368177" level="INFO">${name_country} = IN</msg>
<var>${name_country}</var>
<arg>${json_data["results"][0]["nat"]}</arg>
<doc>Returns the given values which can then be assigned to a variables.</doc>
<status status="PASS" start="2024-05-15T20:17:16.367792" elapsed="0.000410"/>
</kw>
<kw name="Create List" owner="BuiltIn">
<msg time="2024-05-15T20:17:16.369094" level="INFO">${list_country} = ['AD', 'AE', 'AF', 'AG', 'AI', 'AL', 'AM', 'AO', 'AQ', 'AR', 'AS', 'AT', 'AU', 'AW', 'AX', 'AZ', 'BA', 'BB', 'BD', 'BE', 'BF', 'BG', 'BH', 'BI', 'BJ', 'BL', 'BM', 'BN', 'BO', 'BQ', 'BR', 'BS', 'BT', '...</msg>
<var>${list_country}</var>
<arg>AD</arg>
<arg>AE</arg>
<arg>AF</arg>
<arg>AG</arg>
<arg>AI</arg>
<arg>AL</arg>
<arg>AM</arg>
<arg>AO</arg>
<arg>AQ</arg>
<arg>AR</arg>
<arg>AS</arg>
<arg>AT</arg>
<arg>AU</arg>
<arg>AW</arg>
<arg>AX</arg>
<arg>AZ</arg>
<arg>BA</arg>
<arg>BB</arg>
<arg>BD</arg>
<arg>BE</arg>
<arg>BF</arg>
<arg>BG</arg>
<arg>BH</arg>
<arg>BI</arg>
<arg>BJ</arg>
<arg>BL</arg>
<arg>BM</arg>
<arg>BN</arg>
<arg>BO</arg>
<arg>BQ</arg>
<arg>BR</arg>
<arg>BS</arg>
<arg>BT</arg>
<arg>BV</arg>
<arg>BW</arg>
<arg>BY</arg>
<arg>BZ</arg>
<arg>CA</arg>
<arg>CC</arg>
<arg>CD</arg>
<arg>CF</arg>
<arg>CG</arg>
<arg>CH</arg>
<arg>CI</arg>
<arg>CK</arg>
<arg>CL</arg>
<arg>CM</arg>
<arg>CN</arg>
<arg>CO</arg>
<arg>CR</arg>
<arg>CU</arg>
<arg>CV</arg>
<arg>CW</arg>
<arg>CX</arg>
<arg>CY</arg>
<arg>CZ</arg>
<arg>DE</arg>
<arg>DJ</arg>
<arg>DK</arg>
<arg>DM</arg>
<arg>DO</arg>
<arg>DZ</arg>
<arg>EC</arg>
<arg>EE</arg>
<arg>EG</arg>
<arg>EH</arg>
<arg>ER</arg>
<arg>ES</arg>
<arg>ET</arg>
<arg>FI</arg>
<arg>FJ</arg>
<arg>FK</arg>
<arg>FM</arg>
<arg>FO</arg>
<arg>FR</arg>
<arg>GA</arg>
<arg>GB</arg>
<arg>GD</arg>
<arg>GE</arg>
<arg>GF</arg>
<arg>GG</arg>
<arg>GH</arg>
<arg>GI</arg>
<arg>GL</arg>
<arg>GM</arg>
<arg>GN</arg>
<arg>GP</arg>
<arg>GQ</arg>
<arg>GR</arg>
<arg>GS</arg>
<arg>GT</arg>
<arg>GU</arg>
<arg>GW</arg>
<arg>GY</arg>
<arg>HK</arg>
<arg>HM</arg>
<arg>HN</arg>
<arg>HR</arg>
<arg>HT</arg>
<arg>HU</arg>
<arg>ID</arg>
<arg>IE</arg>
<arg>IL</arg>
<arg>IM</arg>
<arg>IN</arg>
<arg>IO</arg>
<arg>IQ</arg>
<arg>IR</arg>
<arg>IS</arg>
<arg>IT</arg>
<arg>JE</arg>
<arg>JM</arg>
<arg>JO</arg>
<arg>JP</arg>
<arg>KE</arg>
<arg>KG</arg>
<arg>KH</arg>
<arg>KI</arg>
<arg>KM</arg>
<arg>KN</arg>
<arg>KP</arg>
<arg>KR</arg>
<arg>KW</arg>
<arg>KY</arg>
<arg>KZ</arg>
<arg>LA</arg>
<arg>LB</arg>
<arg>LC</arg>
<arg>LI</arg>
<arg>LK</arg>
<arg>LR</arg>
<arg>LS</arg>
<arg>LT</arg>
<arg>LU</arg>
<arg>LV</arg>
<arg>LY</arg>
<arg>MA</arg>
<arg>MC</arg>
<arg>MD</arg>
<arg>ME</arg>
<arg>MF</arg>
<arg>MG</arg>
<arg>MH</arg>
<arg>MK</arg>
<arg>ML</arg>
<arg>MM</arg>
<arg>MN</arg>
<arg>MO</arg>
<arg>MP</arg>
<arg>MQ</arg>
<arg>MR</arg>
<arg>MS</arg>
<arg>MT</arg>
<arg>MU</arg>
<arg>MV</arg>
<arg>MW</arg>
<arg>MX</arg>
<arg>MY</arg>
<arg>MZ</arg>
<arg>NA</arg>
<arg>NC</arg>
<arg>NE</arg>
<arg>NF</arg>
<arg>NG</arg>
<arg>NI</arg>
<arg>NL</arg>
<arg>NO</arg>
<arg>NP</arg>
<arg>NR</arg>
<arg>NU</arg>
<arg>NZ</arg>
<arg>OM</arg>
<arg>PA</arg>
<arg>PE</arg>
<arg>PF</arg>
<arg>PG</arg>
<arg>PH</arg>
<arg>PK</arg>
<arg>PL</arg>
<arg>PM</arg>
<arg>PN</arg>
<arg>PR</arg>
<arg>PS</arg>
<arg>PT</arg>
<arg>PW</arg>
<arg>PY</arg>
<arg>QA</arg>
<arg>RE</arg>
<arg>RO</arg>
<arg>RS</arg>
<arg>RU</arg>
<arg>RW</arg>
<arg>SA</arg>
<arg>SB</arg>
<arg>SC</arg>
<arg>SD</arg>
<arg>SE</arg>
<arg>SG</arg>
<arg>SH</arg>
<arg>SI</arg>
<arg>SJ</arg>
<arg>SK</arg>
<arg>SL</arg>
<arg>SM</arg>
<arg>SN</arg>
<arg>SO</arg>
<arg>SR</arg>
<arg>SS</arg>
<arg>ST</arg>
<arg>SV</arg>
<arg>SX</arg>
<arg>SY</arg>
<arg>SZ</arg>
<arg>TC</arg>
<arg>TD</arg>
<arg>TF</arg>
<arg>TG</arg>
<arg>TH</arg>
<arg>TJ</arg>
<arg>TK</arg>
<arg>TL</arg>
<arg>TM</arg>
<arg>TN</arg>
<arg>TO</arg>
<arg>TR</arg>
<arg>TT</arg>
<arg>TV</arg>
<arg>TW</arg>
<arg>TZ</arg>
<arg>UA</arg>
<arg>UG</arg>
<arg>UM</arg>
<arg>US</arg>
<arg>UY</arg>
<arg>UZ</arg>
<arg>VA</arg>
<arg>VC</arg>
<arg>VE</arg>
<arg>VG</arg>
<arg>VI</arg>
<arg>VN</arg>
<arg>VU</arg>
<arg>WF</arg>
<arg>WS</arg>
<arg>XK</arg>
<arg>YE</arg>
<arg>YT</arg>
<arg>ZA</arg>
<arg>ZM</arg>
<arg>ZW</arg>
<doc>Returns a list containing given items.</doc>
<status status="PASS" start="2024-05-15T20:17:16.368506" elapsed="0.000613"/>
</kw>
<kw name="List Should Contain Value" owner="Collections">
<msg time="2024-05-15T20:17:16.370100" level="INFO">False</msg>
<arg>${list_country}</arg>
<arg>${name_country}</arg>
<doc>Fails if the ``value`` is not found from ``list``.</doc>
<status status="PASS" start="2024-05-15T20:17:16.369899" elapsed="0.000238"/>
</kw>
<kw name="Run Keyword If" owner="BuiltIn">
<kw name="Should Be True" owner="BuiltIn">
<arg>${True}</arg>
<doc>Fails if the given condition is not true.</doc>
<status status="PASS" start="2024-05-15T20:17:16.371203" elapsed="0.000171"/>
</kw>
<arg>${json_data["results"][0]["location"]["coordinates"]["latitude"]} &gt;= -90 and ${json_data["results"][0]["location"]["coordinates"]["latitude"]} &lt;= 90</arg>
<arg>Should Be True</arg>
<arg>${True}</arg>
<doc>Runs the given keyword with the given arguments, if ``condition`` is true.</doc>
<status status="PASS" start="2024-05-15T20:17:16.370452" elapsed="0.001054"/>
</kw>
<kw name="Run Keyword If" owner="BuiltIn">
<kw name="Should Be True" owner="BuiltIn">
<arg>${True}</arg>
<doc>Fails if the given condition is not true.</doc>
<status status="PASS" start="2024-05-15T20:17:16.372386" elapsed="0.000255"/>
</kw>
<arg>${json_data["results"][0]["location"]["coordinates"]["longitude"]} &gt;= -180 and ${json_data["results"][0]["location"]["coordinates"]["longitude"]} &lt;= 180</arg>
<arg>Should Be True</arg>
<arg>${True}</arg>
<doc>Runs the given keyword with the given arguments, if ``condition`` is true.</doc>
<status status="PASS" start="2024-05-15T20:17:16.371695" elapsed="0.001074"/>
</kw>
<status status="PASS" start="2024-05-15T20:17:16.285066" elapsed="0.087838"/>
</kw>
<doc>Testa o conteúdo específico dos campos retornados pela API.</doc>
<tag>testeConteudo</tag>
<status status="PASS" start="2024-05-15T20:17:16.284403" elapsed="0.088652"/>
</test>
<status status="PASS" start="2024-05-15T20:17:15.454839" elapsed="0.920189"/>
</suite>
<status status="PASS" start="2024-05-15T20:17:15.441523" elapsed="0.938707"/>
</suite>
<statistics>
<total>
<stat pass="5" fail="0" skip="0">All Tests</stat>
</total>
<tag>
<stat pass="1" fail="0" skip="0">testeConteudo</stat>
<stat pass="1" fail="0" skip="0">testeEstruturaResposta</stat>
<stat pass="1" fail="0" skip="0">testeRequisicaoBasica</stat>
<stat pass="1" fail="0" skip="0">testeTiposDados</stat>
</tag>
<suite>
<stat pass="5" fail="0" skip="0" id="s1" name="Tests">Tests</stat>
<stat pass="5" fail="0" skip="0" id="s1-s1" name="Random-User-Test">Tests.Random-User-Test</stat>
</suite>
</statistics>
<errors>
</errors>
</robot>
