<?xml version="1.0" encoding="UTF-8"?>
<robot generator="Robot 7.0 (Python 3.12.3 on linux)" generated="2024-05-04T19:12:23.437239" rpa="false" schemaversion="5">
<suite id="s1" name="Tests" source="/home/runner/work/DesafioQAItauRogerioJordao/DesafioQAItauRogerioJordao/RamdonUser/tests">
<suite id="s1-s1" name="Random-User-Test" source="/home/runner/work/DesafioQAItauRogerioJordao/DesafioQAItauRogerioJordao/RamdonUser/tests/random-user-test.robot">
<test id="s1-s1-t1" name="Conectar" line="13">
<kw name="Conectar API" owner="random-user-service">
<kw name="Create Session" owner="RequestsLibrary">
<msg time="2024-05-04T19:12:23.800938" level="INFO">Creating Session using : alias=consultarAPI, url=https://randomuser.me/, headers={},                     cookies={}, auth=None, timeout=None, proxies=None, verify=False,                     debug=0 </msg>
<arg>consultarAPI</arg>
<arg>${URL}</arg>
<doc>Create Session: create a HTTP session to a server</doc>
<status status="PASS" start="2024-05-04T19:12:23.800734" elapsed="0.000381"/>
</kw>
<status status="PASS" start="2024-05-04T19:12:23.799754" elapsed="0.001716"/>
</kw>
<status status="PASS" start="2024-05-04T19:12:23.799226" elapsed="0.002437"/>
</test>
<test id="s1-s1-t2" name="Validar retorno 200 e JSON Válido" line="16">
<kw name="Teste de Requisicao Basica" owner="random-user-service">
<kw name="GET On Session" owner="RequestsLibrary">
<msg time="2024-05-04T19:12:23.899131" level="INFO">GET Request : url=https://randomuser.me/api 
 path_url=/api 
 headers={'User-Agent': 'python-requests/2.31.0', 'Accept-Encoding': 'gzip, deflate', 'Accept': '*/*', 'Connection': 'keep-alive'} 
 body=None 
 </msg>
<msg time="2024-05-04T19:12:23.899271" level="INFO">GET Response : url=https://randomuser.me/api 
 status=200, reason=OK 
 headers={'Date': 'Sat, 04 May 2024 19:12:23 GMT', 'Content-Type': 'application/json; charset=utf-8', 'Transfer-Encoding': 'chunked', 'Connection': 'keep-alive', 'X-Powered-By': 'Express', 'Access-Control-Allow-Origin': '*', 'Cache-Control': 'no-cache', 'ETag': 'W/"4b6-FoF3yT48Dadv3ye/pWIayGTID3I"', 'Vary': 'Accept-Encoding', 'Content-Encoding': 'gzip', 'CF-Cache-Status': 'DYNAMIC', 'Report-To': '{"endpoints":[{"url":"https:\\/\\/a.nel.cloudflare.com\\/report\\/v4?s=1NsyJPU1fl4kvS7YZdJOXXNzVRUhWoJ8diLPKMhD%2BR03wpC524auRKcX6LfQ5%2FRawqlyTnvjsDi1akj5Z0IdH9FIXyCKFr0%2Fdnim1b6%2F6lo3u%2FaBx8Owdj3XtCyAsEdG"}],"group":"cf-nel","max_age":604800}', 'NEL': '{"success_fraction":0,"report_to":"cf-nel","max_age":604800}', 'Server': 'cloudflare', 'CF-RAY': '87eacd55089522e4-ORD', 'alt-svc': 'h3=":443"; ma=86400'} 
 body={"results":[{"gender":"male","name":{"title":"Mr","first":"Felix","last":"Barela"},"location":{"street":{"number":8487,"name":"Avenida Riojas"},"city":"Las Hilamas (El Piedrero)","state":"Baja California Sur","country":"Mexico","postcode":96537,"coordinates":{"latitude":"28.8009","longitude":"-84.0943"},"timezone":{"offset":"-6:00","description":"Central Time (US &amp; Canada), Mexico City"}},"email":"felix.barela@example.com","login":{"uuid":"413d171f-9e0a-4509-bfc4-e0de9ba3a047","username":"silverelephant895","password":"zachary","salt":"K3dMwbL8","md5":"603c57963d57ee95796969908df8bbe2","sha1":"50e187220e5a53c034e5573778e1a1e519084d47","sha256":"920a0653a660f5df504f0e69b2f2d9105cbb4f62752e8da9ec733dde299e4653"},"dob":{"date":"1944-11-30T05:01:11.710Z","age":79},"registered":{"date":"2019-07-16T08:32:41.182Z","age":4},"phone":"(666) 626 0240","cell":"(624) 898 4848","id":{"name":"NSS","value":"08 16 00 7196 6"},"picture":{"large":"https://randomuser.me/api/portraits/men/92.jpg","medium":"https://randomuser.me/api/portraits/med/men/92.jpg","thumbnail":"https://randomuser.me/api/portraits/thumb/men/92.jpg"},"nat":"MX"}],"info":{"seed":"dbf3e3a57cb9ddd3","results":1,"page":1,"version":"1.4"}} 
 </msg>
<msg time="2024-05-04T19:12:23.899362" level="INFO">/opt/hostedtoolcache/Python/3.12.3/x64/lib/python3.12/site-packages/urllib3/connectionpool.py:1103: InsecureRequestWarning: Unverified HTTPS request is being made to host 'randomuser.me'. Adding certificate verification is strongly advised. See: https://urllib3.readthedocs.io/en/latest/advanced-usage.html#tls-warnings
  warnings.warn(</msg>
<msg time="2024-05-04T19:12:23.899500" level="INFO">${response} = &lt;Response [200]&gt;</msg>
<var>${response}</var>
<arg>consultarAPI</arg>
<arg>/api</arg>
<doc>Sends a GET request on a previously created HTTP Session.</doc>
<status status="PASS" start="2024-05-04T19:12:23.804244" elapsed="0.095298"/>
</kw>
<kw name="Should Be Equal As Numbers" owner="BuiltIn">
<msg time="2024-05-04T19:12:23.900638" level="INFO">Argument types are:
&lt;class 'int'&gt;
&lt;class 'str'&gt;</msg>
<arg>${response.status_code}</arg>
<arg>200</arg>
<doc>Fails if objects are unequal after converting them to real numbers.</doc>
<status status="PASS" start="2024-05-04T19:12:23.900096" elapsed="0.000609"/>
</kw>
<kw name="Log" owner="BuiltIn">
<msg time="2024-05-04T19:12:23.901426" level="INFO">200</msg>
<arg>${response.status_code}</arg>
<doc>Logs the given message with the given level.</doc>
<status status="PASS" start="2024-05-04T19:12:23.901044" elapsed="0.000424"/>
</kw>
<kw name="Set Variable" owner="BuiltIn">
<msg time="2024-05-04T19:12:23.902231" level="INFO">${json_data} = {'results': [{'gender': 'male', 'name': {'title': 'Mr', 'first': 'Felix', 'last': 'Barela'}, 'location': {'street': {'number': 8487, 'name': 'Avenida Riojas'}, 'city': 'Las Hilamas (El Piedrero)', 'st...</msg>
<var>${json_data}</var>
<arg>${response.json()}</arg>
<doc>Returns the given values which can then be assigned to a variables.</doc>
<status status="PASS" start="2024-05-04T19:12:23.901780" elapsed="0.000480"/>
</kw>
<kw name="Dictionary Should Contain Key" owner="Collections">
<msg time="2024-05-04T19:12:23.902727" level="INFO">False</msg>
<arg>${json_data}</arg>
<arg>results</arg>
<doc>Fails if ``key`` is not found from ``dictionary``.</doc>
<status status="PASS" start="2024-05-04T19:12:23.902560" elapsed="0.000205"/>
</kw>
<status status="PASS" start="2024-05-04T19:12:23.804003" elapsed="0.099019"/>
</kw>
<doc>Testa se a API responde corretamente e retorna um objeto JSON válido.</doc>
<tag>testeRequisicaoBasica</tag>
<status status="PASS" start="2024-05-04T19:12:23.803546" elapsed="0.099655"/>
</test>
<test id="s1-s1-t3" name="Validar estrutura de resposta" line="22">
<kw name="Teste de Estrutura de Resposta" owner="random-user-service">
<kw name="GET On Session" owner="RequestsLibrary">
<msg time="2024-05-04T19:12:23.998484" level="INFO">GET Request : url=https://randomuser.me/api 
 path_url=/api 
 headers={'User-Agent': 'python-requests/2.31.0', 'Accept-Encoding': 'gzip, deflate', 'Accept': '*/*', 'Connection': 'keep-alive'} 
 body=None 
 </msg>
<msg time="2024-05-04T19:12:23.998569" level="INFO">GET Response : url=https://randomuser.me/api 
 status=200, reason=OK 
 headers={'Date': 'Sat, 04 May 2024 19:12:23 GMT', 'Content-Type': 'application/json; charset=utf-8', 'Transfer-Encoding': 'chunked', 'Connection': 'keep-alive', 'X-Powered-By': 'Express', 'Access-Control-Allow-Origin': '*', 'Cache-Control': 'no-cache', 'ETag': 'W/"4ae-j8KRdlD/GjYpxyHyhqzY8pH1+io"', 'Vary': 'Accept-Encoding', 'Content-Encoding': 'gzip', 'CF-Cache-Status': 'DYNAMIC', 'Report-To': '{"endpoints":[{"url":"https:\\/\\/a.nel.cloudflare.com\\/report\\/v4?s=HAywBFxy%2B%2B7tNLyLw5xrE%2BLFTsIxTYZkQELUPqq%2BIEOoSQlMa%2F3D5LYVrguU4mGzJEcnKo9LNft8mk%2FHKgc%2FL7ddl9PmoHTrBglG5lVVr8SXuTa7OaKl3R9x8x7YrB4R"}],"group":"cf-nel","max_age":604800}', 'NEL': '{"success_fraction":0,"report_to":"cf-nel","max_age":604800}', 'Server': 'cloudflare', 'CF-RAY': '87eacd55690622e4-ORD', 'alt-svc': 'h3=":443"; ma=86400'} 
 body={"results":[{"gender":"male","name":{"title":"Monsieur","first":"Oswald","last":"Vincent"},"location":{"street":{"number":2116,"name":"Rue des Ecrivains"},"city":"Eglisau","state":"Aargau","country":"Switzerland","postcode":7674,"coordinates":{"latitude":"-62.5401","longitude":"-101.5047"},"timezone":{"offset":"+5:00","description":"Ekaterinburg, Islamabad, Karachi, Tashkent"}},"email":"oswald.vincent@example.com","login":{"uuid":"cfb3b400-66db-4431-8993-1b91b85406dd","username":"organicelephant185","password":"merlin1","salt":"xA2RqpeW","md5":"e4542e5b3332b7e3307d1f69d909b068","sha1":"83a0677a55081b7937f9a63866618dd3e722e3d7","sha256":"d9004551cc055d92327687eb2a4168c133d15e7212c57cde24c4854f41302265"},"dob":{"date":"1984-10-30T04:44:13.194Z","age":39},"registered":{"date":"2014-01-29T19:06:07.881Z","age":10},"phone":"077 320 48 89","cell":"075 008 07 38","id":{"name":"AVS","value":"756.1839.8258.15"},"picture":{"large":"https://randomuser.me/api/portraits/men/11.jpg","medium":"https://randomuser.me/api/portraits/med/men/11.jpg","thumbnail":"https://randomuser.me/api/portraits/thumb/men/11.jpg"},"nat":"CH"}],"info":{"seed":"33d340f28f6b49fb","results":1,"page":1,"version":"1.4"}} 
 </msg>
<msg time="2024-05-04T19:12:23.998667" level="INFO">/opt/hostedtoolcache/Python/3.12.3/x64/lib/python3.12/site-packages/urllib3/connectionpool.py:1103: InsecureRequestWarning: Unverified HTTPS request is being made to host 'randomuser.me'. Adding certificate verification is strongly advised. See: https://urllib3.readthedocs.io/en/latest/advanced-usage.html#tls-warnings
  warnings.warn(</msg>
<msg time="2024-05-04T19:12:23.998776" level="INFO">${response} = &lt;Response [200]&gt;</msg>
<var>${response}</var>
<arg>consultarAPI</arg>
<arg>/api</arg>
<doc>Sends a GET request on a previously created HTTP Session.</doc>
<status status="PASS" start="2024-05-04T19:12:23.905926" elapsed="0.092888"/>
</kw>
<kw name="Set Variable" owner="BuiltIn">
<msg time="2024-05-04T19:12:23.999830" level="INFO">${json_data} = {'results': [{'gender': 'male', 'name': {'title': 'Monsieur', 'first': 'Oswald', 'last': 'Vincent'}, 'location': {'street': {'number': 2116, 'name': 'Rue des Ecrivains'}, 'city': 'Eglisau', 'state': '...</msg>
<var>${json_data}</var>
<arg>${response.json()}</arg>
<doc>Returns the given values which can then be assigned to a variables.</doc>
<status status="PASS" start="2024-05-04T19:12:23.999268" elapsed="0.000591"/>
</kw>
<kw name="Log" owner="BuiltIn">
<msg time="2024-05-04T19:12:24.000326" level="INFO">{'results': [{'gender': 'male', 'name': {'title': 'Monsieur', 'first': 'Oswald', 'last': 'Vincent'}, 'location': {'street': {'number': 2116, 'name': 'Rue des Ecrivains'}, 'city': 'Eglisau', 'state': 'Aargau', 'country': 'Switzerland', 'postcode': 7674, 'coordinates': {'latitude': '-62.5401', 'longitude': '-101.5047'}, 'timezone': {'offset': '+5:00', 'description': 'Ekaterinburg, Islamabad, Karachi, Tashkent'}}, 'email': 'oswald.vincent@example.com', 'login': {'uuid': 'cfb3b400-66db-4431-8993-1b91b85406dd', 'username': 'organicelephant185', 'password': 'merlin1', 'salt': 'xA2RqpeW', 'md5': 'e4542e5b3332b7e3307d1f69d909b068', 'sha1': '83a0677a55081b7937f9a63866618dd3e722e3d7', 'sha256': 'd9004551cc055d92327687eb2a4168c133d15e7212c57cde24c4854f41302265'}, 'dob': {'date': '1984-10-30T04:44:13.194Z', 'age': 39}, 'registered': {'date': '2014-01-29T19:06:07.881Z', 'age': 10}, 'phone': '077 320 48 89', 'cell': '075 008 07 38', 'id': {'name': 'AVS', 'value': '756.1839.8258.15'}, 'picture': {'large': 'https://randomuser.me/api/portraits/men/11.jpg', 'medium': 'https://randomuser.me/api/portraits/med/men/11.jpg', 'thumbnail': 'https://randomuser.me/api/portraits/thumb/men/11.jpg'}, 'nat': 'CH'}], 'info': {'seed': '33d340f28f6b49fb', 'results': 1, 'page': 1, 'version': '1.4'}}</msg>
<arg>${json_data}</arg>
<doc>Logs the given message with the given level.</doc>
<status status="PASS" start="2024-05-04T19:12:24.000166" elapsed="0.000213"/>
</kw>
<kw name="Dictionary Should Contain Key" owner="Collections">
<msg time="2024-05-04T19:12:24.000879" level="INFO">False</msg>
<arg>${json_data}</arg>
<arg>results</arg>
<doc>Fails if ``key`` is not found from ``dictionary``.</doc>
<status status="PASS" start="2024-05-04T19:12:24.000720" elapsed="0.000196"/>
</kw>
<kw name="Should Not Be Empty" owner="BuiltIn">
<msg time="2024-05-04T19:12:24.001362" level="INFO">Length is 2.</msg>
<arg>${json_data}</arg>
<doc>Verifies that the given item is not empty.</doc>
<status status="PASS" start="2024-05-04T19:12:24.001207" elapsed="0.000199"/>
</kw>
<kw name="Create List" owner="BuiltIn">
<msg time="2024-05-04T19:12:24.001976" level="INFO">${expected_keys} = ['gender', 'name', 'location', 'email', 'login']</msg>
<var>${expected_keys}</var>
<arg>gender</arg>
<arg>name</arg>
<arg>location</arg>
<arg>email</arg>
<arg>login</arg>
<doc>Returns a list containing given items.</doc>
<status status="PASS" start="2024-05-04T19:12:24.001694" elapsed="0.000306"/>
</kw>
<for flavor="IN">
<iter>
<kw name="Dictionary Should Contain Key" owner="Collections">
<msg time="2024-05-04T19:12:24.002985" level="INFO">False</msg>
<arg>${json_data['results'][0]}</arg>
<arg>${key}</arg>
<doc>Fails if ``key`` is not found from ``dictionary``.</doc>
<status status="PASS" start="2024-05-04T19:12:24.002587" elapsed="0.000435"/>
</kw>
<kw name="Log" owner="BuiltIn">
<msg time="2024-05-04T19:12:24.003683" level="INFO">{'gender': 'male', 'name': {'title': 'Monsieur', 'first': 'Oswald', 'last': 'Vincent'}, 'location': {'street': {'number': 2116, 'name': 'Rue des Ecrivains'}, 'city': 'Eglisau', 'state': 'Aargau', 'country': 'Switzerland', 'postcode': 7674, 'coordinates': {'latitude': '-62.5401', 'longitude': '-101.5047'}, 'timezone': {'offset': '+5:00', 'description': 'Ekaterinburg, Islamabad, Karachi, Tashkent'}}, 'email': 'oswald.vincent@example.com', 'login': {'uuid': 'cfb3b400-66db-4431-8993-1b91b85406dd', 'username': 'organicelephant185', 'password': 'merlin1', 'salt': 'xA2RqpeW', 'md5': 'e4542e5b3332b7e3307d1f69d909b068', 'sha1': '83a0677a55081b7937f9a63866618dd3e722e3d7', 'sha256': 'd9004551cc055d92327687eb2a4168c133d15e7212c57cde24c4854f41302265'}, 'dob': {'date': '1984-10-30T04:44:13.194Z', 'age': 39}, 'registered': {'date': '2014-01-29T19:06:07.881Z', 'age': 10}, 'phone': '077 320 48 89', 'cell': '075 008 07 38', 'id': {'name': 'AVS', 'value': '756.1839.8258.15'}, 'picture': {'large': 'https://randomuser.me/api/portraits/men/11.jpg', 'medium': 'https://randomuser.me/api/portraits/med/men/11.jpg', 'thumbnail': 'https://randomuser.me/api/portraits/thumb/men/11.jpg'}, 'nat': 'CH'}</msg>
<arg>${json_data['results'][0]}</arg>
<doc>Logs the given message with the given level.</doc>
<status status="PASS" start="2024-05-04T19:12:24.003321" elapsed="0.000409"/>
</kw>
<kw name="Log" owner="BuiltIn">
<msg time="2024-05-04T19:12:24.004159" level="INFO">gender</msg>
<arg>${key}</arg>
<doc>Logs the given message with the given level.</doc>
<status status="PASS" start="2024-05-04T19:12:24.004028" elapsed="0.000168"/>
</kw>
<var name="${key}">gender</var>
<status status="PASS" start="2024-05-04T19:12:24.002462" elapsed="0.001945"/>
</iter>
<iter>
<kw name="Dictionary Should Contain Key" owner="Collections">
<msg time="2024-05-04T19:12:24.005134" level="INFO">False</msg>
<arg>${json_data['results'][0]}</arg>
<arg>${key}</arg>
<doc>Fails if ``key`` is not found from ``dictionary``.</doc>
<status status="PASS" start="2024-05-04T19:12:24.004751" elapsed="0.000451"/>
</kw>
<kw name="Log" owner="BuiltIn">
<msg time="2024-05-04T19:12:24.005852" level="INFO">{'gender': 'male', 'name': {'title': 'Monsieur', 'first': 'Oswald', 'last': 'Vincent'}, 'location': {'street': {'number': 2116, 'name': 'Rue des Ecrivains'}, 'city': 'Eglisau', 'state': 'Aargau', 'country': 'Switzerland', 'postcode': 7674, 'coordinates': {'latitude': '-62.5401', 'longitude': '-101.5047'}, 'timezone': {'offset': '+5:00', 'description': 'Ekaterinburg, Islamabad, Karachi, Tashkent'}}, 'email': 'oswald.vincent@example.com', 'login': {'uuid': 'cfb3b400-66db-4431-8993-1b91b85406dd', 'username': 'organicelephant185', 'password': 'merlin1', 'salt': 'xA2RqpeW', 'md5': 'e4542e5b3332b7e3307d1f69d909b068', 'sha1': '83a0677a55081b7937f9a63866618dd3e722e3d7', 'sha256': 'd9004551cc055d92327687eb2a4168c133d15e7212c57cde24c4854f41302265'}, 'dob': {'date': '1984-10-30T04:44:13.194Z', 'age': 39}, 'registered': {'date': '2014-01-29T19:06:07.881Z', 'age': 10}, 'phone': '077 320 48 89', 'cell': '075 008 07 38', 'id': {'name': 'AVS', 'value': '756.1839.8258.15'}, 'picture': {'large': 'https://randomuser.me/api/portraits/men/11.jpg', 'medium': 'https://randomuser.me/api/portraits/med/men/11.jpg', 'thumbnail': 'https://randomuser.me/api/portraits/thumb/men/11.jpg'}, 'nat': 'CH'}</msg>
<arg>${json_data['results'][0]}</arg>
<doc>Logs the given message with the given level.</doc>
<status status="PASS" start="2024-05-04T19:12:24.005498" elapsed="0.000401"/>
</kw>
<kw name="Log" owner="BuiltIn">
<msg time="2024-05-04T19:12:24.006315" level="INFO">name</msg>
<arg>${key}</arg>
<doc>Logs the given message with the given level.</doc>
<status status="PASS" start="2024-05-04T19:12:24.006189" elapsed="0.000163"/>
</kw>
<var name="${key}">name</var>
<status status="PASS" start="2024-05-04T19:12:24.004625" elapsed="0.001939"/>
</iter>
<iter>
<kw name="Dictionary Should Contain Key" owner="Collections">
<msg time="2024-05-04T19:12:24.007241" level="INFO">False</msg>
<arg>${json_data['results'][0]}</arg>
<arg>${key}</arg>
<doc>Fails if ``key`` is not found from ``dictionary``.</doc>
<status status="PASS" start="2024-05-04T19:12:24.006851" elapsed="0.000431"/>
</kw>
<kw name="Log" owner="BuiltIn">
<msg time="2024-05-04T19:12:24.007950" level="INFO">{'gender': 'male', 'name': {'title': 'Monsieur', 'first': 'Oswald', 'last': 'Vincent'}, 'location': {'street': {'number': 2116, 'name': 'Rue des Ecrivains'}, 'city': 'Eglisau', 'state': 'Aargau', 'country': 'Switzerland', 'postcode': 7674, 'coordinates': {'latitude': '-62.5401', 'longitude': '-101.5047'}, 'timezone': {'offset': '+5:00', 'description': 'Ekaterinburg, Islamabad, Karachi, Tashkent'}}, 'email': 'oswald.vincent@example.com', 'login': {'uuid': 'cfb3b400-66db-4431-8993-1b91b85406dd', 'username': 'organicelephant185', 'password': 'merlin1', 'salt': 'xA2RqpeW', 'md5': 'e4542e5b3332b7e3307d1f69d909b068', 'sha1': '83a0677a55081b7937f9a63866618dd3e722e3d7', 'sha256': 'd9004551cc055d92327687eb2a4168c133d15e7212c57cde24c4854f41302265'}, 'dob': {'date': '1984-10-30T04:44:13.194Z', 'age': 39}, 'registered': {'date': '2014-01-29T19:06:07.881Z', 'age': 10}, 'phone': '077 320 48 89', 'cell': '075 008 07 38', 'id': {'name': 'AVS', 'value': '756.1839.8258.15'}, 'picture': {'large': 'https://randomuser.me/api/portraits/men/11.jpg', 'medium': 'https://randomuser.me/api/portraits/med/men/11.jpg', 'thumbnail': 'https://randomuser.me/api/portraits/thumb/men/11.jpg'}, 'nat': 'CH'}</msg>
<arg>${json_data['results'][0]}</arg>
<doc>Logs the given message with the given level.</doc>
<status status="PASS" start="2024-05-04T19:12:24.007580" elapsed="0.000416"/>
</kw>
<kw name="Log" owner="BuiltIn">
<msg time="2024-05-04T19:12:24.008408" level="INFO">location</msg>
<arg>${key}</arg>
<doc>Logs the given message with the given level.</doc>
<status status="PASS" start="2024-05-04T19:12:24.008284" elapsed="0.000161"/>
</kw>
<var name="${key}">location</var>
<status status="PASS" start="2024-05-04T19:12:24.006741" elapsed="0.001950"/>
</iter>
<iter>
<kw name="Dictionary Should Contain Key" owner="Collections">
<msg time="2024-05-04T19:12:24.009381" level="INFO">False</msg>
<arg>${json_data['results'][0]}</arg>
<arg>${key}</arg>
<doc>Fails if ``key`` is not found from ``dictionary``.</doc>
<status status="PASS" start="2024-05-04T19:12:24.008973" elapsed="0.000449"/>
</kw>
<kw name="Log" owner="BuiltIn">
<msg time="2024-05-04T19:12:24.010094" level="INFO">{'gender': 'male', 'name': {'title': 'Monsieur', 'first': 'Oswald', 'last': 'Vincent'}, 'location': {'street': {'number': 2116, 'name': 'Rue des Ecrivains'}, 'city': 'Eglisau', 'state': 'Aargau', 'country': 'Switzerland', 'postcode': 7674, 'coordinates': {'latitude': '-62.5401', 'longitude': '-101.5047'}, 'timezone': {'offset': '+5:00', 'description': 'Ekaterinburg, Islamabad, Karachi, Tashkent'}}, 'email': 'oswald.vincent@example.com', 'login': {'uuid': 'cfb3b400-66db-4431-8993-1b91b85406dd', 'username': 'organicelephant185', 'password': 'merlin1', 'salt': 'xA2RqpeW', 'md5': 'e4542e5b3332b7e3307d1f69d909b068', 'sha1': '83a0677a55081b7937f9a63866618dd3e722e3d7', 'sha256': 'd9004551cc055d92327687eb2a4168c133d15e7212c57cde24c4854f41302265'}, 'dob': {'date': '1984-10-30T04:44:13.194Z', 'age': 39}, 'registered': {'date': '2014-01-29T19:06:07.881Z', 'age': 10}, 'phone': '077 320 48 89', 'cell': '075 008 07 38', 'id': {'name': 'AVS', 'value': '756.1839.8258.15'}, 'picture': {'large': 'https://randomuser.me/api/portraits/men/11.jpg', 'medium': 'https://randomuser.me/api/portraits/med/men/11.jpg', 'thumbnail': 'https://randomuser.me/api/portraits/thumb/men/11.jpg'}, 'nat': 'CH'}</msg>
<arg>${json_data['results'][0]}</arg>
<doc>Logs the given message with the given level.</doc>
<status status="PASS" start="2024-05-04T19:12:24.009733" elapsed="0.000408"/>
</kw>
<kw name="Log" owner="BuiltIn">
<msg time="2024-05-04T19:12:24.010553" level="INFO">email</msg>
<arg>${key}</arg>
<doc>Logs the given message with the given level.</doc>
<status status="PASS" start="2024-05-04T19:12:24.010430" elapsed="0.000160"/>
</kw>
<var name="${key}">email</var>
<status status="PASS" start="2024-05-04T19:12:24.008863" elapsed="0.001935"/>
</iter>
<iter>
<kw name="Dictionary Should Contain Key" owner="Collections">
<msg time="2024-05-04T19:12:24.011466" level="INFO">False</msg>
<arg>${json_data['results'][0]}</arg>
<arg>${key}</arg>
<doc>Fails if ``key`` is not found from ``dictionary``.</doc>
<status status="PASS" start="2024-05-04T19:12:24.011080" elapsed="0.000422"/>
</kw>
<kw name="Log" owner="BuiltIn">
<msg time="2024-05-04T19:12:24.012166" level="INFO">{'gender': 'male', 'name': {'title': 'Monsieur', 'first': 'Oswald', 'last': 'Vincent'}, 'location': {'street': {'number': 2116, 'name': 'Rue des Ecrivains'}, 'city': 'Eglisau', 'state': 'Aargau', 'country': 'Switzerland', 'postcode': 7674, 'coordinates': {'latitude': '-62.5401', 'longitude': '-101.5047'}, 'timezone': {'offset': '+5:00', 'description': 'Ekaterinburg, Islamabad, Karachi, Tashkent'}}, 'email': 'oswald.vincent@example.com', 'login': {'uuid': 'cfb3b400-66db-4431-8993-1b91b85406dd', 'username': 'organicelephant185', 'password': 'merlin1', 'salt': 'xA2RqpeW', 'md5': 'e4542e5b3332b7e3307d1f69d909b068', 'sha1': '83a0677a55081b7937f9a63866618dd3e722e3d7', 'sha256': 'd9004551cc055d92327687eb2a4168c133d15e7212c57cde24c4854f41302265'}, 'dob': {'date': '1984-10-30T04:44:13.194Z', 'age': 39}, 'registered': {'date': '2014-01-29T19:06:07.881Z', 'age': 10}, 'phone': '077 320 48 89', 'cell': '075 008 07 38', 'id': {'name': 'AVS', 'value': '756.1839.8258.15'}, 'picture': {'large': 'https://randomuser.me/api/portraits/men/11.jpg', 'medium': 'https://randomuser.me/api/portraits/med/men/11.jpg', 'thumbnail': 'https://randomuser.me/api/portraits/thumb/men/11.jpg'}, 'nat': 'CH'}</msg>
<arg>${json_data['results'][0]}</arg>
<doc>Logs the given message with the given level.</doc>
<status status="PASS" start="2024-05-04T19:12:24.011800" elapsed="0.000412"/>
</kw>
<kw name="Log" owner="BuiltIn">
<msg time="2024-05-04T19:12:24.012692" level="INFO">login</msg>
<arg>${key}</arg>
<doc>Logs the given message with the given level.</doc>
<status status="PASS" start="2024-05-04T19:12:24.012558" elapsed="0.000172"/>
</kw>
<var name="${key}">login</var>
<status status="PASS" start="2024-05-04T19:12:24.010970" elapsed="0.001976"/>
</iter>
<var>${key}</var>
<value>@{expected_keys}</value>
<status status="PASS" start="2024-05-04T19:12:24.002271" elapsed="0.010796"/>
</for>
<kw name="Create List" owner="BuiltIn">
<msg time="2024-05-04T19:12:24.013391" level="INFO">${expected_keysTwo} = ['username', 'password']</msg>
<var>${expected_keysTwo}</var>
<arg>username</arg>
<arg>password</arg>
<doc>Returns a list containing given items.</doc>
<status status="PASS" start="2024-05-04T19:12:24.013257" elapsed="0.000157"/>
</kw>
<for flavor="IN">
<iter>
<kw name="Dictionary Should Contain Key" owner="Collections">
<msg time="2024-05-04T19:12:24.014300" level="INFO">False</msg>
<arg>${json_data['results'][0]['login']}</arg>
<arg>${keyTwo}</arg>
<doc>Fails if ``key`` is not found from ``dictionary``.</doc>
<status status="PASS" start="2024-05-04T19:12:24.013916" elapsed="0.000420"/>
</kw>
<kw name="Dictionary Should Contain Key" owner="Collections">
<msg time="2024-05-04T19:12:24.014999" level="INFO">False</msg>
<arg>${json_data['results'][0]['login']}</arg>
<arg>${keyTwo}</arg>
<doc>Fails if ``key`` is not found from ``dictionary``.</doc>
<status status="PASS" start="2024-05-04T19:12:24.014624" elapsed="0.000412"/>
</kw>
<kw name="Log" owner="BuiltIn">
<msg time="2024-05-04T19:12:24.015444" level="INFO">username</msg>
<arg>${keyTwo}</arg>
<doc>Logs the given message with the given level.</doc>
<status status="PASS" start="2024-05-04T19:12:24.015320" elapsed="0.000165"/>
</kw>
<var name="${keyTwo}">username</var>
<status status="PASS" start="2024-05-04T19:12:24.013797" elapsed="0.001899"/>
</iter>
<iter>
<kw name="Dictionary Should Contain Key" owner="Collections">
<msg time="2024-05-04T19:12:24.016353" level="INFO">False</msg>
<arg>${json_data['results'][0]['login']}</arg>
<arg>${keyTwo}</arg>
<doc>Fails if ``key`` is not found from ``dictionary``.</doc>
<status status="PASS" start="2024-05-04T19:12:24.015973" elapsed="0.000416"/>
</kw>
<kw name="Dictionary Should Contain Key" owner="Collections">
<msg time="2024-05-04T19:12:24.017160" level="INFO">False</msg>
<arg>${json_data['results'][0]['login']}</arg>
<arg>${keyTwo}</arg>
<doc>Fails if ``key`` is not found from ``dictionary``.</doc>
<status status="PASS" start="2024-05-04T19:12:24.016696" elapsed="0.000515"/>
</kw>
<kw name="Log" owner="BuiltIn">
<msg time="2024-05-04T19:12:24.017629" level="INFO">password</msg>
<arg>${keyTwo}</arg>
<doc>Logs the given message with the given level.</doc>
<status status="PASS" start="2024-05-04T19:12:24.017503" elapsed="0.000163"/>
</kw>
<var name="${keyTwo}">password</var>
<status status="PASS" start="2024-05-04T19:12:24.015865" elapsed="0.002017"/>
</iter>
<var>${keyTwo}</var>
<value>@{expected_keysTwo}</value>
<status status="PASS" start="2024-05-04T19:12:24.013645" elapsed="0.004356"/>
</for>
<status status="PASS" start="2024-05-04T19:12:23.905695" elapsed="0.112444"/>
</kw>
<doc>Testa a estrutura da resposta da API.</doc>
<tag>testeEstruturaResposta</tag>
<status status="PASS" start="2024-05-04T19:12:23.905094" elapsed="0.113193"/>
</test>
<test id="s1-s1-t4" name="Validar tipos de dados" line="28">
<kw name="Teste de Tipos de Dados" owner="random-user-service">
<kw name="GET On Session" owner="RequestsLibrary">
<msg time="2024-05-04T19:12:24.105033" level="INFO">GET Request : url=https://randomuser.me/api 
 path_url=/api 
 headers={'User-Agent': 'python-requests/2.31.0', 'Accept-Encoding': 'gzip, deflate', 'Accept': '*/*', 'Connection': 'keep-alive'} 
 body=None 
 </msg>
<msg time="2024-05-04T19:12:24.105126" level="INFO">GET Response : url=https://randomuser.me/api 
 status=200, reason=OK 
 headers={'Date': 'Sat, 04 May 2024 19:12:24 GMT', 'Content-Type': 'application/json; charset=utf-8', 'Transfer-Encoding': 'chunked', 'Connection': 'keep-alive', 'X-Powered-By': 'Express', 'Access-Control-Allow-Origin': '*', 'Cache-Control': 'no-cache', 'ETag': 'W/"481-qzpr7D8Y39tNnAyiuU6ptau3A+o"', 'Vary': 'Accept-Encoding', 'Content-Encoding': 'gzip', 'CF-Cache-Status': 'DYNAMIC', 'Report-To': '{"endpoints":[{"url":"https:\\/\\/a.nel.cloudflare.com\\/report\\/v4?s=J6w7z9WtBhCBLw0Xu%2Fydl9%2BcjW7C8597VLRAgsXwpxrTeCzH21FLJWWGnfHvAzGnOwnGzxNoNm0MMkzyaGcP9os9vyCq54B1YeBEe1ySVawtgYAvgqKWQWbX0iN%2Bk%2BlK"}],"group":"cf-nel","max_age":604800}', 'NEL': '{"success_fraction":0,"report_to":"cf-nel","max_age":604800}', 'Server': 'cloudflare', 'CF-RAY': '87eacd5629e122e4-ORD', 'alt-svc': 'h3=":443"; ma=86400'} 
 body={"results":[{"gender":"male","name":{"title":"Mr","first":"Matteo","last":"Alme"},"location":{"street":{"number":8688,"name":"Holsts gate"},"city":"Bjørnevatn","state":"Aust-Agder","country":"Norway","postcode":"5635","coordinates":{"latitude":"40.4965","longitude":"-138.7034"},"timezone":{"offset":"+4:00","description":"Abu Dhabi, Muscat, Baku, Tbilisi"}},"email":"matteo.alme@example.com","login":{"uuid":"909d5010-49ea-4916-b1d0-c7d5fe5c6448","username":"ticklishbear782","password":"badger","salt":"tJ6PMgAR","md5":"74565bf5b13f0b1bcf443ecf47ed68f0","sha1":"9767b997b5e1dcd3ad9183d562d35b0336196794","sha256":"88654934c30d15882cedbe61eb25f238d9baebf512242eb12ae6103a097e61ac"},"dob":{"date":"1971-10-09T23:35:14.538Z","age":52},"registered":{"date":"2019-05-25T11:31:16.658Z","age":4},"phone":"89374225","cell":"41055642","id":{"name":"FN","value":"09107123595"},"picture":{"large":"https://randomuser.me/api/portraits/men/31.jpg","medium":"https://randomuser.me/api/portraits/med/men/31.jpg","thumbnail":"https://randomuser.me/api/portraits/thumb/men/31.jpg"},"nat":"NO"}],"info":{"seed":"2357d6808e32bf89","results":1,"page":1,"version":"1.4"}} 
 </msg>
<msg time="2024-05-04T19:12:24.105194" level="INFO">/opt/hostedtoolcache/Python/3.12.3/x64/lib/python3.12/site-packages/urllib3/connectionpool.py:1103: InsecureRequestWarning: Unverified HTTPS request is being made to host 'randomuser.me'. Adding certificate verification is strongly advised. See: https://urllib3.readthedocs.io/en/latest/advanced-usage.html#tls-warnings
  warnings.warn(</msg>
<msg time="2024-05-04T19:12:24.105301" level="INFO">${response} = &lt;Response [200]&gt;</msg>
<var>${response}</var>
<arg>consultarAPI</arg>
<arg>/api</arg>
<doc>Sends a GET request on a previously created HTTP Session.</doc>
<status status="PASS" start="2024-05-04T19:12:24.020816" elapsed="0.084510"/>
</kw>
<kw name="Set Variable" owner="BuiltIn">
<msg time="2024-05-04T19:12:24.106375" level="INFO">${json_data} = {'results': [{'gender': 'male', 'name': {'title': 'Mr', 'first': 'Matteo', 'last': 'Alme'}, 'location': {'street': {'number': 8688, 'name': 'Holsts gate'}, 'city': 'Bjørnevatn', 'state': 'Aust-Agder',...</msg>
<var>${json_data}</var>
<arg>${response.json()}</arg>
<doc>Returns the given values which can then be assigned to a variables.</doc>
<status status="PASS" start="2024-05-04T19:12:24.105844" elapsed="0.000560"/>
</kw>
<kw name="Log" owner="BuiltIn">
<msg time="2024-05-04T19:12:24.106911" level="INFO">{'results': [{'gender': 'male', 'name': {'title': 'Mr', 'first': 'Matteo', 'last': 'Alme'}, 'location': {'street': {'number': 8688, 'name': 'Holsts gate'}, 'city': 'Bjørnevatn', 'state': 'Aust-Agder', 'country': 'Norway', 'postcode': '5635', 'coordinates': {'latitude': '40.4965', 'longitude': '-138.7034'}, 'timezone': {'offset': '+4:00', 'description': 'Abu Dhabi, Muscat, Baku, Tbilisi'}}, 'email': 'matteo.alme@example.com', 'login': {'uuid': '909d5010-49ea-4916-b1d0-c7d5fe5c6448', 'username': 'ticklishbear782', 'password': 'badger', 'salt': 'tJ6PMgAR', 'md5': '74565bf5b13f0b1bcf443ecf47ed68f0', 'sha1': '9767b997b5e1dcd3ad9183d562d35b0336196794', 'sha256': '88654934c30d15882cedbe61eb25f238d9baebf512242eb12ae6103a097e61ac'}, 'dob': {'date': '1971-10-09T23:35:14.538Z', 'age': 52}, 'registered': {'date': '2019-05-25T11:31:16.658Z', 'age': 4}, 'phone': '89374225', 'cell': '41055642', 'id': {'name': 'FN', 'value': '09107123595'}, 'picture': {'large': 'https://randomuser.me/api/portraits/men/31.jpg', 'medium': 'https://randomuser.me/api/portraits/med/men/31.jpg', 'thumbnail': 'https://randomuser.me/api/portraits/thumb/men/31.jpg'}, 'nat': 'NO'}], 'info': {'seed': '2357d6808e32bf89', 'results': 1, 'page': 1, 'version': '1.4'}}</msg>
<arg>${json_data}</arg>
<doc>Logs the given message with the given level.</doc>
<status status="PASS" start="2024-05-04T19:12:24.106739" elapsed="0.000264"/>
</kw>
<kw name="Should Be String" owner="String">
<arg>${json_data['results'][0]['gender']}</arg>
<doc>Fails if the given ``item`` is not a string.</doc>
<status status="PASS" start="2024-05-04T19:12:24.107317" elapsed="0.000375"/>
</kw>
<kw name="Should Match Regexp" owner="BuiltIn">
<arg>${json_data['results'][0]['email']}</arg>
<arg>^[a-zA-Z0-9._%+-]+@[a-zA-Z0-9.-]+\.[a-zA-Z]{2,}$</arg>
<doc>Fails if ``string`` does not match ``pattern`` as a regular expression.</doc>
<status status="PASS" start="2024-05-04T19:12:24.107887" elapsed="0.000514"/>
</kw>
<kw name="Should Match Regexp" owner="BuiltIn">
<arg>${json_data['results'][0]['dob']['date']}</arg>
<arg>\\d{4}-\\d{2}-\\d{2}T\\d{2}:\\d{2}:\\d{2}\\.\\d{3}Z</arg>
<doc>Fails if ``string`` does not match ``pattern`` as a regular expression.</doc>
<status status="PASS" start="2024-05-04T19:12:24.108627" elapsed="0.000502"/>
</kw>
<kw name="Should Match Regexp" owner="BuiltIn">
<arg>${json_data['results'][0]['registered']['date']}</arg>
<arg>\\d{4}-\\d{2}-\\d{2}T\\d{2}:\\d{2}:\\d{2}\\.\\d{3}Z</arg>
<doc>Fails if ``string`` does not match ``pattern`` as a regular expression.</doc>
<status status="PASS" start="2024-05-04T19:12:24.109318" elapsed="0.000374"/>
</kw>
<kw name="Should Match Regexp" owner="BuiltIn">
<arg>${json_data['results'][0]['picture']['large']}</arg>
<arg>^https?://.*\.(?:png|jpe?g|gif|bmp)$</arg>
<doc>Fails if ``string`` does not match ``pattern`` as a regular expression.</doc>
<status status="PASS" start="2024-05-04T19:12:24.109875" elapsed="0.000451"/>
</kw>
<kw name="Should Match Regexp" owner="BuiltIn">
<arg>${json_data['results'][0]['picture']['medium']}</arg>
<arg>^https?://.*\.(?:png|jpe?g|gif|bmp)$</arg>
<doc>Fails if ``string`` does not match ``pattern`` as a regular expression.</doc>
<status status="PASS" start="2024-05-04T19:12:24.110510" elapsed="0.000353"/>
</kw>
<kw name="Should Match Regexp" owner="BuiltIn">
<arg>${json_data['results'][0]['picture']['thumbnail']}</arg>
<arg>^https?://.*\.(?:png|jpe?g|gif|bmp)$</arg>
<doc>Fails if ``string`` does not match ``pattern`` as a regular expression.</doc>
<status status="PASS" start="2024-05-04T19:12:24.111047" elapsed="0.000343"/>
</kw>
<kw name="Log" owner="BuiltIn">
<msg time="2024-05-04T19:12:24.111887" level="INFO">{'large': 'https://randomuser.me/api/portraits/men/31.jpg', 'medium': 'https://randomuser.me/api/portraits/med/men/31.jpg', 'thumbnail': 'https://randomuser.me/api/portraits/thumb/men/31.jpg'}</msg>
<arg>${json_data['results'][0]['picture']}</arg>
<doc>Logs the given message with the given level.</doc>
<status status="PASS" start="2024-05-04T19:12:24.111568" elapsed="0.000359"/>
</kw>
<status status="PASS" start="2024-05-04T19:12:24.020583" elapsed="0.091603"/>
</kw>
<kw name="Teste de Tipos de Dados - Postcode" owner="random-user-service">
<kw name="GET On Session" owner="RequestsLibrary">
<msg time="2024-05-04T19:12:24.199486" level="INFO">GET Request : url=https://randomuser.me/api 
 path_url=/api 
 headers={'User-Agent': 'python-requests/2.31.0', 'Accept-Encoding': 'gzip, deflate', 'Accept': '*/*', 'Connection': 'keep-alive'} 
 body=None 
 </msg>
<msg time="2024-05-04T19:12:24.199568" level="INFO">GET Response : url=https://randomuser.me/api 
 status=200, reason=OK 
 headers={'Date': 'Sat, 04 May 2024 19:12:24 GMT', 'Content-Type': 'application/json; charset=utf-8', 'Transfer-Encoding': 'chunked', 'Connection': 'keep-alive', 'X-Powered-By': 'Express', 'Access-Control-Allow-Origin': '*', 'Cache-Control': 'no-cache', 'ETag': 'W/"4a6-DFjs9bm+weTOYLmG0FhvsYUdmHg"', 'Vary': 'Accept-Encoding', 'Content-Encoding': 'gzip', 'CF-Cache-Status': 'DYNAMIC', 'Report-To': '{"endpoints":[{"url":"https:\\/\\/a.nel.cloudflare.com\\/report\\/v4?s=%2Fh11KoMH30XG5oxtQp71cxDMIqyhtxVXNuiw50Ht0aKGhFg3lgsivxU9wd9yRVsatGtIcJkmMaAl135gg4gkGmmTpzLd1fHNzVnOD%2B0N19tKNuuOcNrssrkoqJBKiwfo"}],"group":"cf-nel","max_age":604800}', 'NEL': '{"success_fraction":0,"report_to":"cf-nel","max_age":604800}', 'Server': 'cloudflare', 'CF-RAY': '87eacd56baa922e4-ORD', 'alt-svc': 'h3=":443"; ma=86400'} 
 body={"results":[{"gender":"male","name":{"title":"Mr","first":"Múcio","last":"das Neves"},"location":{"street":{"number":1472,"name":"Avenida Brasil "},"city":"Manaus","state":"Rio Grande do Sul","country":"Brazil","postcode":49294,"coordinates":{"latitude":"-78.9617","longitude":"-81.0946"},"timezone":{"offset":"+5:00","description":"Ekaterinburg, Islamabad, Karachi, Tashkent"}},"email":"mucio.dasneves@example.com","login":{"uuid":"b5a208c6-e1fc-4ca7-8715-c990d3db1560","username":"beautifulfrog827","password":"juice","salt":"6h7UXODp","md5":"6b9c1079b466edb0bc4a3962a23e216d","sha1":"89122f8d4914c8c66ce20a6c04665a1e71576c15","sha256":"eb4490d6b726abd9a86363f8039a34ce81f166135bbcaed0d1ffcc0a13208da9"},"dob":{"date":"1977-08-29T23:57:04.745Z","age":46},"registered":{"date":"2013-11-13T01:37:49.049Z","age":10},"phone":"(82) 8703-3094","cell":"(54) 8682-8240","id":{"name":"CPF","value":"848.729.953-43"},"picture":{"large":"https://randomuser.me/api/portraits/men/3.jpg","medium":"https://randomuser.me/api/portraits/med/men/3.jpg","thumbnail":"https://randomuser.me/api/portraits/thumb/men/3.jpg"},"nat":"BR"}],"info":{"seed":"aac3e6ba1977c49e","results":1,"page":1,"version":"1.4"}} 
 </msg>
<msg time="2024-05-04T19:12:24.199640" level="INFO">/opt/hostedtoolcache/Python/3.12.3/x64/lib/python3.12/site-packages/urllib3/connectionpool.py:1103: InsecureRequestWarning: Unverified HTTPS request is being made to host 'randomuser.me'. Adding certificate verification is strongly advised. See: https://urllib3.readthedocs.io/en/latest/advanced-usage.html#tls-warnings
  warnings.warn(</msg>
<msg time="2024-05-04T19:12:24.199746" level="INFO">${response} = &lt;Response [200]&gt;</msg>
<var>${response}</var>
<arg>consultarAPI</arg>
<arg>/api</arg>
<doc>Sends a GET request on a previously created HTTP Session.</doc>
<status status="PASS" start="2024-05-04T19:12:24.112671" elapsed="0.087107"/>
</kw>
<kw name="Set Variable" owner="BuiltIn">
<msg time="2024-05-04T19:12:24.200718" level="INFO">${json_data} = {'results': [{'gender': 'male', 'name': {'title': 'Mr', 'first': 'Múcio', 'last': 'das Neves'}, 'location': {'street': {'number': 1472, 'name': 'Avenida Brasil '}, 'city': 'Manaus', 'state': 'Rio Gran...</msg>
<var>${json_data}</var>
<arg>${response.json()}</arg>
<doc>Returns the given values which can then be assigned to a variables.</doc>
<status status="PASS" start="2024-05-04T19:12:24.200200" elapsed="0.000547"/>
</kw>
<kw name="Log" owner="BuiltIn">
<msg time="2024-05-04T19:12:24.201214" level="INFO">{'results': [{'gender': 'male', 'name': {'title': 'Mr', 'first': 'Múcio', 'last': 'das Neves'}, 'location': {'street': {'number': 1472, 'name': 'Avenida Brasil '}, 'city': 'Manaus', 'state': 'Rio Grande do Sul', 'country': 'Brazil', 'postcode': 49294, 'coordinates': {'latitude': '-78.9617', 'longitude': '-81.0946'}, 'timezone': {'offset': '+5:00', 'description': 'Ekaterinburg, Islamabad, Karachi, Tashkent'}}, 'email': 'mucio.dasneves@example.com', 'login': {'uuid': 'b5a208c6-e1fc-4ca7-8715-c990d3db1560', 'username': 'beautifulfrog827', 'password': 'juice', 'salt': '6h7UXODp', 'md5': '6b9c1079b466edb0bc4a3962a23e216d', 'sha1': '89122f8d4914c8c66ce20a6c04665a1e71576c15', 'sha256': 'eb4490d6b726abd9a86363f8039a34ce81f166135bbcaed0d1ffcc0a13208da9'}, 'dob': {'date': '1977-08-29T23:57:04.745Z', 'age': 46}, 'registered': {'date': '2013-11-13T01:37:49.049Z', 'age': 10}, 'phone': '(82) 8703-3094', 'cell': '(54) 8682-8240', 'id': {'name': 'CPF', 'value': '848.729.953-43'}, 'picture': {'large': 'https://randomuser.me/api/portraits/men/3.jpg', 'medium': 'https://randomuser.me/api/portraits/med/men/3.jpg', 'thumbnail': 'https://randomuser.me/api/portraits/thumb/men/3.jpg'}, 'nat': 'BR'}], 'info': {'seed': 'aac3e6ba1977c49e', 'results': 1, 'page': 1, 'version': '1.4'}}</msg>
<arg>${json_data}</arg>
<doc>Logs the given message with the given level.</doc>
<status status="PASS" start="2024-05-04T19:12:24.201059" elapsed="0.000235"/>
</kw>
<kw name="Should Be Equal As Numbers" owner="BuiltIn">
<arg>${json_data['results'][0]['location']['postcode']}</arg>
<arg>${json_data['results'][0]['location']['postcode']}</arg>
<doc>Fails if objects are unequal after converting them to real numbers.</doc>
<status status="PASS" start="2024-05-04T19:12:24.201606" elapsed="0.000771"/>
</kw>
<kw name="Log" owner="BuiltIn">
<msg time="2024-05-04T19:12:24.202904" level="INFO">49294</msg>
<arg>${json_data['results'][0]['location']['postcode']}</arg>
<doc>Logs the given message with the given level.</doc>
<status status="PASS" start="2024-05-04T19:12:24.202571" elapsed="0.000374"/>
</kw>
<status status="PASS" start="2024-05-04T19:12:24.112413" elapsed="0.090781"/>
</kw>
<doc>Testa se os tipos de dados na resposta da API estão corretos.</doc>
<tag>testeTiposDados</tag>
<status status="PASS" start="2024-05-04T19:12:24.020139" elapsed="0.183223"/>
</test>
<test id="s1-s1-t5" name="Validar conteudo" line="35">
<kw name="Teste de Tipos de Conteudo" owner="random-user-service">
<kw name="GET On Session" owner="RequestsLibrary">
<msg time="2024-05-04T19:12:24.297498" level="INFO">GET Request : url=https://randomuser.me/api 
 path_url=/api 
 headers={'User-Agent': 'python-requests/2.31.0', 'Accept-Encoding': 'gzip, deflate', 'Accept': '*/*', 'Connection': 'keep-alive'} 
 body=None 
 </msg>
<msg time="2024-05-04T19:12:24.297596" level="INFO">GET Response : url=https://randomuser.me/api 
 status=200, reason=OK 
 headers={'Date': 'Sat, 04 May 2024 19:12:24 GMT', 'Content-Type': 'application/json; charset=utf-8', 'Transfer-Encoding': 'chunked', 'Connection': 'keep-alive', 'X-Powered-By': 'Express', 'Access-Control-Allow-Origin': '*', 'Cache-Control': 'no-cache', 'ETag': 'W/"473-dYmJCZ+ekOPpXXwlzD5mLrnyyQ4"', 'Vary': 'Accept-Encoding', 'Content-Encoding': 'gzip', 'CF-Cache-Status': 'DYNAMIC', 'Report-To': '{"endpoints":[{"url":"https:\\/\\/a.nel.cloudflare.com\\/report\\/v4?s=zqyWSe3v9r1kOP8aYajjRTFKV7GGWMH%2F2wLrnwxd12UiDn2%2Bns31pZA3hW306fnkYFO9v9OzivgKKSulmn9NemHRLY0%2Bg%2FEZCBe6NHM42IVnGO6fb%2BvDAjEB7%2BlPzQk0"}],"group":"cf-nel","max_age":604800}', 'NEL': '{"success_fraction":0,"report_to":"cf-nel","max_age":604800}', 'Server': 'cloudflare', 'CF-RAY': '87eacd574b7c22e4-ORD', 'alt-svc': 'h3=":443"; ma=86400'} 
 body={"results":[{"gender":"male","name":{"title":"Mr","first":"Cody","last":"Wood"},"location":{"street":{"number":4475,"name":"Thornridge Cir"},"city":"Dumas","state":"Arizona","country":"United States","postcode":42045,"coordinates":{"latitude":"82.2692","longitude":"-118.9001"},"timezone":{"offset":"+5:45","description":"Kathmandu"}},"email":"cody.wood@example.com","login":{"uuid":"3fc7d305-b2fe-4979-8fae-ac1c60181618","username":"purplewolf701","password":"wolfpac","salt":"Uj96MBMd","md5":"e3c9fe6cd56c1dec740dce57922fc305","sha1":"36d44c2d7200b709a233641e780272f4e9319fc0","sha256":"f7eab3595ab13f3f888aa4e8abba094fd0f1435a288e6bc4730f55aa9ad4eb76"},"dob":{"date":"1989-03-27T04:07:34.444Z","age":35},"registered":{"date":"2004-07-14T09:41:57.205Z","age":19},"phone":"(500) 604-1556","cell":"(613) 646-1850","id":{"name":"SSN","value":"856-42-8115"},"picture":{"large":"https://randomuser.me/api/portraits/men/80.jpg","medium":"https://randomuser.me/api/portraits/med/men/80.jpg","thumbnail":"https://randomuser.me/api/portraits/thumb/men/80.jpg"},"nat":"US"}],"info":{"seed":"33de204cf3d0dd37","results":1,"page":1,"version":"1.4"}} 
 </msg>
<msg time="2024-05-04T19:12:24.297676" level="INFO">/opt/hostedtoolcache/Python/3.12.3/x64/lib/python3.12/site-packages/urllib3/connectionpool.py:1103: InsecureRequestWarning: Unverified HTTPS request is being made to host 'randomuser.me'. Adding certificate verification is strongly advised. See: https://urllib3.readthedocs.io/en/latest/advanced-usage.html#tls-warnings
  warnings.warn(</msg>
<msg time="2024-05-04T19:12:24.297789" level="INFO">${response} = &lt;Response [200]&gt;</msg>
<var>${response}</var>
<arg>consultarAPI</arg>
<arg>/api</arg>
<doc>Sends a GET request on a previously created HTTP Session.</doc>
<status status="PASS" start="2024-05-04T19:12:24.205840" elapsed="0.091991"/>
</kw>
<kw name="Set Variable" owner="BuiltIn">
<msg time="2024-05-04T19:12:24.298826" level="INFO">${json_data} = {'results': [{'gender': 'male', 'name': {'title': 'Mr', 'first': 'Cody', 'last': 'Wood'}, 'location': {'street': {'number': 4475, 'name': 'Thornridge Cir'}, 'city': 'Dumas', 'state': 'Arizona', 'count...</msg>
<var>${json_data}</var>
<arg>${response.json()}</arg>
<doc>Returns the given values which can then be assigned to a variables.</doc>
<status status="PASS" start="2024-05-04T19:12:24.298348" elapsed="0.000506"/>
</kw>
<kw name="Set Variable" owner="BuiltIn">
<msg time="2024-05-04T19:12:24.299542" level="INFO">${name_title} = Mr</msg>
<var>${name_title}</var>
<arg>${json_data["results"][0]["name"]["title"]}</arg>
<doc>Returns the given values which can then be assigned to a variables.</doc>
<status status="PASS" start="2024-05-04T19:12:24.299156" elapsed="0.000411"/>
</kw>
<kw name="Create List" owner="BuiltIn">
<msg time="2024-05-04T19:12:24.300011" level="INFO">${allowed_titles} = ['Mr', 'Ms', 'Miss', 'Mrs', 'Madame', 'Monsieur']</msg>
<var>${allowed_titles}</var>
<arg>Mr</arg>
<arg>Ms</arg>
<arg>Miss</arg>
<arg>Mrs</arg>
<arg>Madame</arg>
<arg>Monsieur</arg>
<doc>Returns a list containing given items.</doc>
<status status="PASS" start="2024-05-04T19:12:24.299864" elapsed="0.000172"/>
</kw>
<kw name="List Should Contain Value" owner="Collections">
<msg time="2024-05-04T19:12:24.300499" level="INFO">False</msg>
<arg>${allowed_titles}</arg>
<arg>${name_title}</arg>
<doc>Fails if the ``value`` is not found from ``list``.</doc>
<status status="PASS" start="2024-05-04T19:12:24.300328" elapsed="0.000246"/>
</kw>
<kw name="Set Variable" owner="BuiltIn">
<msg time="2024-05-04T19:12:24.301259" level="INFO">${name_country} = US</msg>
<var>${name_country}</var>
<arg>${json_data["results"][0]["nat"]}</arg>
<doc>Returns the given values which can then be assigned to a variables.</doc>
<status status="PASS" start="2024-05-04T19:12:24.300876" elapsed="0.000407"/>
</kw>
<kw name="Create List" owner="BuiltIn">
<msg time="2024-05-04T19:12:24.302160" level="INFO">${list_country} = ['AD', 'AE', 'AF', 'AG', 'AI', 'AL', 'AM', 'AO', 'AQ', 'AR', 'AS', 'AT', 'AU', 'AW', 'AX', 'AZ', 'BA', 'BB', 'BD', 'BE', 'BF', 'BG', 'BH', 'BI', 'BJ', 'BL', 'BM', 'BN', 'BO', 'BQ', 'BR', 'BS', 'BT', '...</msg>
<var>${list_country}</var>
<arg>AD</arg>
<arg>AE</arg>
<arg>AF</arg>
<arg>AG</arg>
<arg>AI</arg>
<arg>AL</arg>
<arg>AM</arg>
<arg>AO</arg>
<arg>AQ</arg>
<arg>AR</arg>
<arg>AS</arg>
<arg>AT</arg>
<arg>AU</arg>
<arg>AW</arg>
<arg>AX</arg>
<arg>AZ</arg>
<arg>BA</arg>
<arg>BB</arg>
<arg>BD</arg>
<arg>BE</arg>
<arg>BF</arg>
<arg>BG</arg>
<arg>BH</arg>
<arg>BI</arg>
<arg>BJ</arg>
<arg>BL</arg>
<arg>BM</arg>
<arg>BN</arg>
<arg>BO</arg>
<arg>BQ</arg>
<arg>BR</arg>
<arg>BS</arg>
<arg>BT</arg>
<arg>BV</arg>
<arg>BW</arg>
<arg>BY</arg>
<arg>BZ</arg>
<arg>CA</arg>
<arg>CC</arg>
<arg>CD</arg>
<arg>CF</arg>
<arg>CG</arg>
<arg>CH</arg>
<arg>CI</arg>
<arg>CK</arg>
<arg>CL</arg>
<arg>CM</arg>
<arg>CN</arg>
<arg>CO</arg>
<arg>CR</arg>
<arg>CU</arg>
<arg>CV</arg>
<arg>CW</arg>
<arg>CX</arg>
<arg>CY</arg>
<arg>CZ</arg>
<arg>DE</arg>
<arg>DJ</arg>
<arg>DK</arg>
<arg>DM</arg>
<arg>DO</arg>
<arg>DZ</arg>
<arg>EC</arg>
<arg>EE</arg>
<arg>EG</arg>
<arg>EH</arg>
<arg>ER</arg>
<arg>ES</arg>
<arg>ET</arg>
<arg>FI</arg>
<arg>FJ</arg>
<arg>FK</arg>
<arg>FM</arg>
<arg>FO</arg>
<arg>FR</arg>
<arg>GA</arg>
<arg>GB</arg>
<arg>GD</arg>
<arg>GE</arg>
<arg>GF</arg>
<arg>GG</arg>
<arg>GH</arg>
<arg>GI</arg>
<arg>GL</arg>
<arg>GM</arg>
<arg>GN</arg>
<arg>GP</arg>
<arg>GQ</arg>
<arg>GR</arg>
<arg>GS</arg>
<arg>GT</arg>
<arg>GU</arg>
<arg>GW</arg>
<arg>GY</arg>
<arg>HK</arg>
<arg>HM</arg>
<arg>HN</arg>
<arg>HR</arg>
<arg>HT</arg>
<arg>HU</arg>
<arg>ID</arg>
<arg>IE</arg>
<arg>IL</arg>
<arg>IM</arg>
<arg>IN</arg>
<arg>IO</arg>
<arg>IQ</arg>
<arg>IR</arg>
<arg>IS</arg>
<arg>IT</arg>
<arg>JE</arg>
<arg>JM</arg>
<arg>JO</arg>
<arg>JP</arg>
<arg>KE</arg>
<arg>KG</arg>
<arg>KH</arg>
<arg>KI</arg>
<arg>KM</arg>
<arg>KN</arg>
<arg>KP</arg>
<arg>KR</arg>
<arg>KW</arg>
<arg>KY</arg>
<arg>KZ</arg>
<arg>LA</arg>
<arg>LB</arg>
<arg>LC</arg>
<arg>LI</arg>
<arg>LK</arg>
<arg>LR</arg>
<arg>LS</arg>
<arg>LT</arg>
<arg>LU</arg>
<arg>LV</arg>
<arg>LY</arg>
<arg>MA</arg>
<arg>MC</arg>
<arg>MD</arg>
<arg>ME</arg>
<arg>MF</arg>
<arg>MG</arg>
<arg>MH</arg>
<arg>MK</arg>
<arg>ML</arg>
<arg>MM</arg>
<arg>MN</arg>
<arg>MO</arg>
<arg>MP</arg>
<arg>MQ</arg>
<arg>MR</arg>
<arg>MS</arg>
<arg>MT</arg>
<arg>MU</arg>
<arg>MV</arg>
<arg>MW</arg>
<arg>MX</arg>
<arg>MY</arg>
<arg>MZ</arg>
<arg>NA</arg>
<arg>NC</arg>
<arg>NE</arg>
<arg>NF</arg>
<arg>NG</arg>
<arg>NI</arg>
<arg>NL</arg>
<arg>NO</arg>
<arg>NP</arg>
<arg>NR</arg>
<arg>NU</arg>
<arg>NZ</arg>
<arg>OM</arg>
<arg>PA</arg>
<arg>PE</arg>
<arg>PF</arg>
<arg>PG</arg>
<arg>PH</arg>
<arg>PK</arg>
<arg>PL</arg>
<arg>PM</arg>
<arg>PN</arg>
<arg>PR</arg>
<arg>PS</arg>
<arg>PT</arg>
<arg>PW</arg>
<arg>PY</arg>
<arg>QA</arg>
<arg>RE</arg>
<arg>RO</arg>
<arg>RS</arg>
<arg>RU</arg>
<arg>RW</arg>
<arg>SA</arg>
<arg>SB</arg>
<arg>SC</arg>
<arg>SD</arg>
<arg>SE</arg>
<arg>SG</arg>
<arg>SH</arg>
<arg>SI</arg>
<arg>SJ</arg>
<arg>SK</arg>
<arg>SL</arg>
<arg>SM</arg>
<arg>SN</arg>
<arg>SO</arg>
<arg>SR</arg>
<arg>SS</arg>
<arg>ST</arg>
<arg>SV</arg>
<arg>SX</arg>
<arg>SY</arg>
<arg>SZ</arg>
<arg>TC</arg>
<arg>TD</arg>
<arg>TF</arg>
<arg>TG</arg>
<arg>TH</arg>
<arg>TJ</arg>
<arg>TK</arg>
<arg>TL</arg>
<arg>TM</arg>
<arg>TN</arg>
<arg>TO</arg>
<arg>TR</arg>
<arg>TT</arg>
<arg>TV</arg>
<arg>TW</arg>
<arg>TZ</arg>
<arg>UA</arg>
<arg>UG</arg>
<arg>UM</arg>
<arg>US</arg>
<arg>UY</arg>
<arg>UZ</arg>
<arg>VA</arg>
<arg>VC</arg>
<arg>VE</arg>
<arg>VG</arg>
<arg>VI</arg>
<arg>VN</arg>
<arg>VU</arg>
<arg>WF</arg>
<arg>WS</arg>
<arg>XK</arg>
<arg>YE</arg>
<arg>YT</arg>
<arg>ZA</arg>
<arg>ZM</arg>
<arg>ZW</arg>
<doc>Returns a list containing given items.</doc>
<status status="PASS" start="2024-05-04T19:12:24.301578" elapsed="0.000607"/>
</kw>
<kw name="List Should Contain Value" owner="Collections">
<msg time="2024-05-04T19:12:24.303163" level="INFO">False</msg>
<arg>${list_country}</arg>
<arg>${name_country}</arg>
<doc>Fails if the ``value`` is not found from ``list``.</doc>
<status status="PASS" start="2024-05-04T19:12:24.302967" elapsed="0.000231"/>
</kw>
<kw name="Run Keyword If" owner="BuiltIn">
<kw name="Should Be True" owner="BuiltIn">
<arg>${True}</arg>
<doc>Fails if the given condition is not true.</doc>
<status status="PASS" start="2024-05-04T19:12:24.304256" elapsed="0.000140"/>
</kw>
<arg>${json_data["results"][0]["location"]["coordinates"]["latitude"]} &gt;= -90 and ${json_data["results"][0]["location"]["coordinates"]["latitude"]} &lt;= 90</arg>
<arg>Should Be True</arg>
<arg>${True}</arg>
<doc>Runs the given keyword with the given arguments, if ``condition`` is true.</doc>
<status status="PASS" start="2024-05-04T19:12:24.303504" elapsed="0.001039"/>
</kw>
<kw name="Run Keyword If" owner="BuiltIn">
<kw name="Should Be True" owner="BuiltIn">
<arg>${True}</arg>
<doc>Fails if the given condition is not true.</doc>
<status status="PASS" start="2024-05-04T19:12:24.305437" elapsed="0.000257"/>
</kw>
<arg>${json_data["results"][0]["location"]["coordinates"]["longitude"]} &gt;= -180 and ${json_data["results"][0]["location"]["coordinates"]["longitude"]} &lt;= 180</arg>
<arg>Should Be True</arg>
<arg>${True}</arg>
<doc>Runs the given keyword with the given arguments, if ``condition`` is true.</doc>
<status status="PASS" start="2024-05-04T19:12:24.304741" elapsed="0.001083"/>
</kw>
<status status="PASS" start="2024-05-04T19:12:24.205619" elapsed="0.100335"/>
</kw>
<doc>Testa o conteúdo específico dos campos retornados pela API.</doc>
<tag>testeConteudo</tag>
<status status="PASS" start="2024-05-04T19:12:24.205162" elapsed="0.100938"/>
</test>
<status status="PASS" start="2024-05-04T19:12:23.494825" elapsed="0.813235"/>
</suite>
<status status="PASS" start="2024-05-04T19:12:23.481175" elapsed="0.832025"/>
</suite>
<statistics>
<total>
<stat pass="5" fail="0" skip="0">All Tests</stat>
</total>
<tag>
<stat pass="1" fail="0" skip="0">testeConteudo</stat>
<stat pass="1" fail="0" skip="0">testeEstruturaResposta</stat>
<stat pass="1" fail="0" skip="0">testeRequisicaoBasica</stat>
<stat pass="1" fail="0" skip="0">testeTiposDados</stat>
</tag>
<suite>
<stat pass="5" fail="0" skip="0" id="s1" name="Tests">Tests</stat>
<stat pass="5" fail="0" skip="0" id="s1-s1" name="Random-User-Test">Tests.Random-User-Test</stat>
</suite>
</statistics>
<errors>
</errors>
</robot>
