<?xml version="1.0" encoding="UTF-8"?>
<robot generator="Robot 7.0.1 (Python 3.12.4 on linux)" generated="2024-07-24T10:18:10.859499" rpa="false" schemaversion="5">
<suite id="s1" name="Tests" source="/home/runner/work/ApiRandomUser/ApiRandomUser/RamdonUser/tests">
<suite id="s1-s1" name="Random-User-Test" source="/home/runner/work/ApiRandomUser/ApiRandomUser/RamdonUser/tests/random-user-test.robot">
<test id="s1-s1-t1" name="Conectar" line="13">
<kw name="Conectar API" owner="random-user-service">
<kw name="Create Session" owner="RequestsLibrary">
<msg time="2024-07-24T10:18:11.255795" level="INFO">Creating Session using : alias=consultarAPI, url=https://randomuser.me/, headers={},                     cookies={}, auth=None, timeout=None, proxies=None, verify=False,                     debug=0 </msg>
<arg>consultarAPI</arg>
<arg>${URL}</arg>
<doc>Create Session: create a HTTP session to a server</doc>
<status status="PASS" start="2024-07-24T10:18:11.255590" elapsed="0.000414"/>
</kw>
<status status="PASS" start="2024-07-24T10:18:11.254475" elapsed="0.001909"/>
</kw>
<status status="PASS" start="2024-07-24T10:18:11.253752" elapsed="0.002834"/>
</test>
<test id="s1-s1-t2" name="Validar retorno 200 e JSON Válido" line="16">
<kw name="Teste de Requisicao Basica" owner="random-user-service">
<kw name="GET On Session" owner="RequestsLibrary">
<msg time="2024-07-24T10:18:11.375851" level="INFO">GET Request : url=https://randomuser.me/api 
 path_url=/api 
 headers={'User-Agent': 'python-requests/2.32.3', 'Accept-Encoding': 'gzip, deflate', 'Accept': '*/*', 'Connection': 'keep-alive'} 
 body=None 
 </msg>
<msg time="2024-07-24T10:18:11.376039" level="INFO">GET Response : url=https://randomuser.me/api 
 status=200, reason=OK 
 headers={'Date': 'Wed, 24 Jul 2024 10:18:11 GMT', 'Content-Type': 'application/json; charset=utf-8', 'Transfer-Encoding': 'chunked', 'Connection': 'keep-alive', 'X-Powered-By': 'Express', 'Access-Control-Allow-Origin': '*', 'Cache-Control': 'no-cache', 'ETag': 'W/"489-EdLG9DLNPovxtM95XxjwBsZUOyo"', 'Vary': 'Accept-Encoding', 'Content-Encoding': 'gzip', 'CF-Cache-Status': 'DYNAMIC', 'Report-To': '{"endpoints":[{"url":"https:\\/\\/a.nel.cloudflare.com\\/report\\/v4?s=ynhfMwnfpgUFulPgz0iHLRIGcrHFpPyj1PhEqnZqrPeliryi5DuLoMwG%2FhNfCsdXYoTzjbj8jxdIEjl9m1GnyazBQyS4vMlXpJpXkdQe%2BOuc58gFu0%2BeP3cBKa6rUjoW"}],"group":"cf-nel","max_age":604800}', 'NEL': '{"success_fraction":0,"report_to":"cf-nel","max_age":604800}', 'Server': 'cloudflare', 'CF-RAY': '8a832a2c8ac77acd-SJC', 'alt-svc': 'h3=":443"; ma=86400'} 
 body={"results":[{"gender":"female","name":{"title":"Ms","first":"Brandy","last":"Payne"},"location":{"street":{"number":3278,"name":"Blossom Hill Rd"},"city":"Flowermound","state":"Colorado","country":"United States","postcode":79400,"coordinates":{"latitude":"84.7440","longitude":"115.0001"},"timezone":{"offset":"-10:00","description":"Hawaii"}},"email":"brandy.payne@example.com","login":{"uuid":"2ad15051-c3f5-4851-8849-8a71d1e1d10a","username":"organicleopard707","password":"damage","salt":"n7uGvhcH","md5":"b127a2eae5e4701c2d7061864165b753","sha1":"6d6995368deac1df18c90636ffebf8c5ebc8921d","sha256":"875a37d4426e0a4009aa9f9ebcecc1d23e674e124508927cfa65e59a4429f256"},"dob":{"date":"1969-10-25T08:14:05.232Z","age":54},"registered":{"date":"2004-04-06T19:17:09.634Z","age":20},"phone":"(291) 810-6704","cell":"(620) 306-1372","id":{"name":"SSN","value":"700-50-4869"},"picture":{"large":"https://randomuser.me/api/portraits/women/81.jpg","medium":"https://randomuser.me/api/portraits/med/women/81.jpg","thumbnail":"https://randomuser.me/api/portraits/thumb/women/81.jpg"},"nat":"US"}],"info":{"seed":"e1abca0ce4a33a00","results":1,"page":1,"version":"1.4"}} 
 </msg>
<msg time="2024-07-24T10:18:11.376140" level="INFO">/opt/hostedtoolcache/Python/3.12.4/x64/lib/python3.12/site-packages/urllib3/connectionpool.py:1099: InsecureRequestWarning: Unverified HTTPS request is being made to host 'randomuser.me'. Adding certificate verification is strongly advised. See: https://urllib3.readthedocs.io/en/latest/advanced-usage.html#tls-warnings
  warnings.warn(</msg>
<msg time="2024-07-24T10:18:11.376277" level="INFO">${response} = &lt;Response [200]&gt;</msg>
<var>${response}</var>
<arg>consultarAPI</arg>
<arg>/api</arg>
<doc>Sends a GET request on a previously created HTTP Session.</doc>
<status status="PASS" start="2024-07-24T10:18:11.259199" elapsed="0.117120"/>
</kw>
<kw name="Should Be Equal As Numbers" owner="BuiltIn">
<msg time="2024-07-24T10:18:11.377243" level="INFO">Argument types are:
&lt;class 'int'&gt;
&lt;class 'str'&gt;</msg>
<arg>${response.status_code}</arg>
<arg>200</arg>
<doc>Fails if objects are unequal after converting them to real numbers.</doc>
<status status="PASS" start="2024-07-24T10:18:11.376792" elapsed="0.000517"/>
</kw>
<kw name="Log" owner="BuiltIn">
<msg time="2024-07-24T10:18:11.377999" level="INFO">200</msg>
<arg>${response.status_code}</arg>
<doc>Logs the given message with the given level.</doc>
<status status="PASS" start="2024-07-24T10:18:11.377637" elapsed="0.000414"/>
</kw>
<kw name="Set Variable" owner="BuiltIn">
<msg time="2024-07-24T10:18:11.378811" level="INFO">${json_data} = {'results': [{'gender': 'female', 'name': {'title': 'Ms', 'first': 'Brandy', 'last': 'Payne'}, 'location': {'street': {'number': 3278, 'name': 'Blossom Hill Rd'}, 'city': 'Flowermound', 'state': 'Colo...</msg>
<var>${json_data}</var>
<arg>${response.json()}</arg>
<doc>Returns the given values which can then be assigned to a variables.</doc>
<status status="PASS" start="2024-07-24T10:18:11.378363" elapsed="0.000478"/>
</kw>
<kw name="Dictionary Should Contain Key" owner="Collections">
<arg>${json_data}</arg>
<arg>results</arg>
<doc>Fails if ``key`` is not found from ``dictionary``.</doc>
<status status="PASS" start="2024-07-24T10:18:11.379158" elapsed="0.000316"/>
</kw>
<status status="PASS" start="2024-07-24T10:18:11.258951" elapsed="0.120679"/>
</kw>
<doc>Testa se a API responde corretamente e retorna um objeto JSON válido.</doc>
<tag>testeRequisicaoBasica</tag>
<status status="PASS" start="2024-07-24T10:18:11.258468" elapsed="0.121336"/>
</test>
<test id="s1-s1-t3" name="Validar estrutura de resposta" line="22">
<kw name="Teste de Estrutura de Resposta" owner="random-user-service">
<kw name="GET On Session" owner="RequestsLibrary">
<msg time="2024-07-24T10:18:11.478021" level="INFO">GET Request : url=https://randomuser.me/api 
 path_url=/api 
 headers={'User-Agent': 'python-requests/2.32.3', 'Accept-Encoding': 'gzip, deflate', 'Accept': '*/*', 'Connection': 'keep-alive'} 
 body=None 
 </msg>
<msg time="2024-07-24T10:18:11.478091" level="INFO">GET Response : url=https://randomuser.me/api 
 status=200, reason=OK 
 headers={'Date': 'Wed, 24 Jul 2024 10:18:11 GMT', 'Content-Type': 'application/json; charset=utf-8', 'Transfer-Encoding': 'chunked', 'Connection': 'keep-alive', 'X-Powered-By': 'Express', 'Access-Control-Allow-Origin': '*', 'Cache-Control': 'no-cache', 'ETag': 'W/"489-AjcpzR5NFW1xJMLAAGeMsBr5JLA"', 'Vary': 'Accept-Encoding', 'Content-Encoding': 'gzip', 'CF-Cache-Status': 'DYNAMIC', 'Report-To': '{"endpoints":[{"url":"https:\\/\\/a.nel.cloudflare.com\\/report\\/v4?s=reLc7ZyGNplJneriAOLTyOFxQTSo8nih3ggZOMx9d23uaxf5x1Pd0P7BUqFDBkA6UmBnC7aPoq4gUi6pAnI5S4iZVMxzk1xao3cSBg6AFcc2o%2BAcnLPeUfBBAVMg2bik"}],"group":"cf-nel","max_age":604800}', 'NEL': '{"success_fraction":0,"report_to":"cf-nel","max_age":604800}', 'Server': 'cloudflare', 'CF-RAY': '8a832a2d2b377acd-SJC', 'alt-svc': 'h3=":443"; ma=86400'} 
 body={"results":[{"gender":"male","name":{"title":"Mr","first":"Raúl","last":"Hidalgo"},"location":{"street":{"number":8324,"name":"Calle Covadonga"},"city":"Elche","state":"Ceuta","country":"Spain","postcode":47808,"coordinates":{"latitude":"-30.0173","longitude":"-71.8556"},"timezone":{"offset":"-5:00","description":"Eastern Time (US &amp; Canada), Bogota, Lima"}},"email":"raul.hidalgo@example.com","login":{"uuid":"d63d3376-2c44-4c77-9a64-b3a151121d42","username":"greenelephant722","password":"nostromo","salt":"iWqqVDDL","md5":"bec924d5fc64bd7c30044eca097497d8","sha1":"f4e1e47ae18149eaec5527fdc28d43a102749be1","sha256":"2a89df2d31a89920d4a441e5b5a786d4a68a27fac1594b189cf091181abc2e5c"},"dob":{"date":"1955-04-18T19:47:02.643Z","age":69},"registered":{"date":"2015-01-13T14:13:37.708Z","age":9},"phone":"930-011-821","cell":"676-316-186","id":{"name":"DNI","value":"52419567-U"},"picture":{"large":"https://randomuser.me/api/portraits/men/9.jpg","medium":"https://randomuser.me/api/portraits/med/men/9.jpg","thumbnail":"https://randomuser.me/api/portraits/thumb/men/9.jpg"},"nat":"ES"}],"info":{"seed":"bd8afb16a3e87dec","results":1,"page":1,"version":"1.4"}} 
 </msg>
<msg time="2024-07-24T10:18:11.478193" level="INFO">/opt/hostedtoolcache/Python/3.12.4/x64/lib/python3.12/site-packages/urllib3/connectionpool.py:1099: InsecureRequestWarning: Unverified HTTPS request is being made to host 'randomuser.me'. Adding certificate verification is strongly advised. See: https://urllib3.readthedocs.io/en/latest/advanced-usage.html#tls-warnings
  warnings.warn(</msg>
<msg time="2024-07-24T10:18:11.478292" level="INFO">${response} = &lt;Response [200]&gt;</msg>
<var>${response}</var>
<arg>consultarAPI</arg>
<arg>/api</arg>
<doc>Sends a GET request on a previously created HTTP Session.</doc>
<status status="PASS" start="2024-07-24T10:18:11.382455" elapsed="0.095866"/>
</kw>
<kw name="Set Variable" owner="BuiltIn">
<msg time="2024-07-24T10:18:11.479195" level="INFO">${json_data} = {'results': [{'gender': 'male', 'name': {'title': 'Mr', 'first': 'Raúl', 'last': 'Hidalgo'}, 'location': {'street': {'number': 8324, 'name': 'Calle Covadonga'}, 'city': 'Elche', 'state': 'Ceuta', 'cou...</msg>
<var>${json_data}</var>
<arg>${response.json()}</arg>
<doc>Returns the given values which can then be assigned to a variables.</doc>
<status status="PASS" start="2024-07-24T10:18:11.478720" elapsed="0.000507"/>
</kw>
<kw name="Log" owner="BuiltIn">
<msg time="2024-07-24T10:18:11.479713" level="INFO">{'results': [{'gender': 'male', 'name': {'title': 'Mr', 'first': 'Raúl', 'last': 'Hidalgo'}, 'location': {'street': {'number': 8324, 'name': 'Calle Covadonga'}, 'city': 'Elche', 'state': 'Ceuta', 'country': 'Spain', 'postcode': 47808, 'coordinates': {'latitude': '-30.0173', 'longitude': '-71.8556'}, 'timezone': {'offset': '-5:00', 'description': 'Eastern Time (US &amp; Canada), Bogota, Lima'}}, 'email': 'raul.hidalgo@example.com', 'login': {'uuid': 'd63d3376-2c44-4c77-9a64-b3a151121d42', 'username': 'greenelephant722', 'password': 'nostromo', 'salt': 'iWqqVDDL', 'md5': 'bec924d5fc64bd7c30044eca097497d8', 'sha1': 'f4e1e47ae18149eaec5527fdc28d43a102749be1', 'sha256': '2a89df2d31a89920d4a441e5b5a786d4a68a27fac1594b189cf091181abc2e5c'}, 'dob': {'date': '1955-04-18T19:47:02.643Z', 'age': 69}, 'registered': {'date': '2015-01-13T14:13:37.708Z', 'age': 9}, 'phone': '930-011-821', 'cell': '676-316-186', 'id': {'name': 'DNI', 'value': '52419567-U'}, 'picture': {'large': 'https://randomuser.me/api/portraits/men/9.jpg', 'medium': 'https://randomuser.me/api/portraits/med/men/9.jpg', 'thumbnail': 'https://randomuser.me/api/portraits/thumb/men/9.jpg'}, 'nat': 'ES'}], 'info': {'seed': 'bd8afb16a3e87dec', 'results': 1, 'page': 1, 'version': '1.4'}}</msg>
<arg>${json_data}</arg>
<doc>Logs the given message with the given level.</doc>
<status status="PASS" start="2024-07-24T10:18:11.479545" elapsed="0.000224"/>
</kw>
<kw name="Dictionary Should Contain Key" owner="Collections">
<arg>${json_data}</arg>
<arg>results</arg>
<doc>Fails if ``key`` is not found from ``dictionary``.</doc>
<status status="PASS" start="2024-07-24T10:18:11.480112" elapsed="0.000169"/>
</kw>
<kw name="Should Not Be Empty" owner="BuiltIn">
<msg time="2024-07-24T10:18:11.480637" level="INFO">Length is 2.</msg>
<arg>${json_data}</arg>
<doc>Verifies that the given item is not empty.</doc>
<status status="PASS" start="2024-07-24T10:18:11.480503" elapsed="0.000175"/>
</kw>
<kw name="Create List" owner="BuiltIn">
<msg time="2024-07-24T10:18:11.481144" level="INFO">${expected_keys} = ['gender', 'name', 'location', 'email', 'login']</msg>
<var>${expected_keys}</var>
<arg>gender</arg>
<arg>name</arg>
<arg>location</arg>
<arg>email</arg>
<arg>login</arg>
<doc>Returns a list containing given items.</doc>
<status status="PASS" start="2024-07-24T10:18:11.480990" elapsed="0.000179"/>
</kw>
<for flavor="IN">
<iter>
<kw name="Dictionary Should Contain Key" owner="Collections">
<arg>${json_data['results'][0]}</arg>
<arg>${key}</arg>
<doc>Fails if ``key`` is not found from ``dictionary``.</doc>
<status status="PASS" start="2024-07-24T10:18:11.481939" elapsed="0.000543"/>
</kw>
<kw name="Log" owner="BuiltIn">
<msg time="2024-07-24T10:18:11.483226" level="INFO">{'gender': 'male', 'name': {'title': 'Mr', 'first': 'Raúl', 'last': 'Hidalgo'}, 'location': {'street': {'number': 8324, 'name': 'Calle Covadonga'}, 'city': 'Elche', 'state': 'Ceuta', 'country': 'Spain', 'postcode': 47808, 'coordinates': {'latitude': '-30.0173', 'longitude': '-71.8556'}, 'timezone': {'offset': '-5:00', 'description': 'Eastern Time (US &amp; Canada), Bogota, Lima'}}, 'email': 'raul.hidalgo@example.com', 'login': {'uuid': 'd63d3376-2c44-4c77-9a64-b3a151121d42', 'username': 'greenelephant722', 'password': 'nostromo', 'salt': 'iWqqVDDL', 'md5': 'bec924d5fc64bd7c30044eca097497d8', 'sha1': 'f4e1e47ae18149eaec5527fdc28d43a102749be1', 'sha256': '2a89df2d31a89920d4a441e5b5a786d4a68a27fac1594b189cf091181abc2e5c'}, 'dob': {'date': '1955-04-18T19:47:02.643Z', 'age': 69}, 'registered': {'date': '2015-01-13T14:13:37.708Z', 'age': 9}, 'phone': '930-011-821', 'cell': '676-316-186', 'id': {'name': 'DNI', 'value': '52419567-U'}, 'picture': {'large': 'https://randomuser.me/api/portraits/men/9.jpg', 'medium': 'https://randomuser.me/api/portraits/med/men/9.jpg', 'thumbnail': 'https://randomuser.me/api/portraits/thumb/men/9.jpg'}, 'nat': 'ES'}</msg>
<arg>${json_data['results'][0]}</arg>
<doc>Logs the given message with the given level.</doc>
<status status="PASS" start="2024-07-24T10:18:11.482731" elapsed="0.000568"/>
</kw>
<kw name="Log" owner="BuiltIn">
<msg time="2024-07-24T10:18:11.483839" level="INFO">gender</msg>
<arg>${key}</arg>
<doc>Logs the given message with the given level.</doc>
<status status="PASS" start="2024-07-24T10:18:11.483680" elapsed="0.000211"/>
</kw>
<var name="${key}">gender</var>
<status status="PASS" start="2024-07-24T10:18:11.481736" elapsed="0.002460"/>
</iter>
<iter>
<kw name="Dictionary Should Contain Key" owner="Collections">
<arg>${json_data['results'][0]}</arg>
<arg>${key}</arg>
<doc>Fails if ``key`` is not found from ``dictionary``.</doc>
<status status="PASS" start="2024-07-24T10:18:11.484576" elapsed="0.000405"/>
</kw>
<kw name="Log" owner="BuiltIn">
<msg time="2024-07-24T10:18:11.485535" level="INFO">{'gender': 'male', 'name': {'title': 'Mr', 'first': 'Raúl', 'last': 'Hidalgo'}, 'location': {'street': {'number': 8324, 'name': 'Calle Covadonga'}, 'city': 'Elche', 'state': 'Ceuta', 'country': 'Spain', 'postcode': 47808, 'coordinates': {'latitude': '-30.0173', 'longitude': '-71.8556'}, 'timezone': {'offset': '-5:00', 'description': 'Eastern Time (US &amp; Canada), Bogota, Lima'}}, 'email': 'raul.hidalgo@example.com', 'login': {'uuid': 'd63d3376-2c44-4c77-9a64-b3a151121d42', 'username': 'greenelephant722', 'password': 'nostromo', 'salt': 'iWqqVDDL', 'md5': 'bec924d5fc64bd7c30044eca097497d8', 'sha1': 'f4e1e47ae18149eaec5527fdc28d43a102749be1', 'sha256': '2a89df2d31a89920d4a441e5b5a786d4a68a27fac1594b189cf091181abc2e5c'}, 'dob': {'date': '1955-04-18T19:47:02.643Z', 'age': 69}, 'registered': {'date': '2015-01-13T14:13:37.708Z', 'age': 9}, 'phone': '930-011-821', 'cell': '676-316-186', 'id': {'name': 'DNI', 'value': '52419567-U'}, 'picture': {'large': 'https://randomuser.me/api/portraits/men/9.jpg', 'medium': 'https://randomuser.me/api/portraits/med/men/9.jpg', 'thumbnail': 'https://randomuser.me/api/portraits/thumb/men/9.jpg'}, 'nat': 'ES'}</msg>
<arg>${json_data['results'][0]}</arg>
<doc>Logs the given message with the given level.</doc>
<status status="PASS" start="2024-07-24T10:18:11.485170" elapsed="0.000453"/>
</kw>
<kw name="Log" owner="BuiltIn">
<msg time="2024-07-24T10:18:11.486074" level="INFO">name</msg>
<arg>${key}</arg>
<doc>Logs the given message with the given level.</doc>
<status status="PASS" start="2024-07-24T10:18:11.485943" elapsed="0.000171"/>
</kw>
<var name="${key}">name</var>
<status status="PASS" start="2024-07-24T10:18:11.484440" elapsed="0.001894"/>
</iter>
<iter>
<kw name="Dictionary Should Contain Key" owner="Collections">
<arg>${json_data['results'][0]}</arg>
<arg>${key}</arg>
<doc>Fails if ``key`` is not found from ``dictionary``.</doc>
<status status="PASS" start="2024-07-24T10:18:11.486627" elapsed="0.000385"/>
</kw>
<kw name="Log" owner="BuiltIn">
<msg time="2024-07-24T10:18:11.487562" level="INFO">{'gender': 'male', 'name': {'title': 'Mr', 'first': 'Raúl', 'last': 'Hidalgo'}, 'location': {'street': {'number': 8324, 'name': 'Calle Covadonga'}, 'city': 'Elche', 'state': 'Ceuta', 'country': 'Spain', 'postcode': 47808, 'coordinates': {'latitude': '-30.0173', 'longitude': '-71.8556'}, 'timezone': {'offset': '-5:00', 'description': 'Eastern Time (US &amp; Canada), Bogota, Lima'}}, 'email': 'raul.hidalgo@example.com', 'login': {'uuid': 'd63d3376-2c44-4c77-9a64-b3a151121d42', 'username': 'greenelephant722', 'password': 'nostromo', 'salt': 'iWqqVDDL', 'md5': 'bec924d5fc64bd7c30044eca097497d8', 'sha1': 'f4e1e47ae18149eaec5527fdc28d43a102749be1', 'sha256': '2a89df2d31a89920d4a441e5b5a786d4a68a27fac1594b189cf091181abc2e5c'}, 'dob': {'date': '1955-04-18T19:47:02.643Z', 'age': 69}, 'registered': {'date': '2015-01-13T14:13:37.708Z', 'age': 9}, 'phone': '930-011-821', 'cell': '676-316-186', 'id': {'name': 'DNI', 'value': '52419567-U'}, 'picture': {'large': 'https://randomuser.me/api/portraits/men/9.jpg', 'medium': 'https://randomuser.me/api/portraits/med/men/9.jpg', 'thumbnail': 'https://randomuser.me/api/portraits/thumb/men/9.jpg'}, 'nat': 'ES'}</msg>
<arg>${json_data['results'][0]}</arg>
<doc>Logs the given message with the given level.</doc>
<status status="PASS" start="2024-07-24T10:18:11.487203" elapsed="0.000412"/>
</kw>
<kw name="Log" owner="BuiltIn">
<msg time="2024-07-24T10:18:11.488080" level="INFO">location</msg>
<arg>${key}</arg>
<doc>Logs the given message with the given level.</doc>
<status status="PASS" start="2024-07-24T10:18:11.487916" elapsed="0.000206"/>
</kw>
<var name="${key}">location</var>
<status status="PASS" start="2024-07-24T10:18:11.486513" elapsed="0.001832"/>
</iter>
<iter>
<kw name="Dictionary Should Contain Key" owner="Collections">
<arg>${json_data['results'][0]}</arg>
<arg>${key}</arg>
<doc>Fails if ``key`` is not found from ``dictionary``.</doc>
<status status="PASS" start="2024-07-24T10:18:11.488631" elapsed="0.000391"/>
</kw>
<kw name="Log" owner="BuiltIn">
<msg time="2024-07-24T10:18:11.489684" level="INFO">{'gender': 'male', 'name': {'title': 'Mr', 'first': 'Raúl', 'last': 'Hidalgo'}, 'location': {'street': {'number': 8324, 'name': 'Calle Covadonga'}, 'city': 'Elche', 'state': 'Ceuta', 'country': 'Spain', 'postcode': 47808, 'coordinates': {'latitude': '-30.0173', 'longitude': '-71.8556'}, 'timezone': {'offset': '-5:00', 'description': 'Eastern Time (US &amp; Canada), Bogota, Lima'}}, 'email': 'raul.hidalgo@example.com', 'login': {'uuid': 'd63d3376-2c44-4c77-9a64-b3a151121d42', 'username': 'greenelephant722', 'password': 'nostromo', 'salt': 'iWqqVDDL', 'md5': 'bec924d5fc64bd7c30044eca097497d8', 'sha1': 'f4e1e47ae18149eaec5527fdc28d43a102749be1', 'sha256': '2a89df2d31a89920d4a441e5b5a786d4a68a27fac1594b189cf091181abc2e5c'}, 'dob': {'date': '1955-04-18T19:47:02.643Z', 'age': 69}, 'registered': {'date': '2015-01-13T14:13:37.708Z', 'age': 9}, 'phone': '930-011-821', 'cell': '676-316-186', 'id': {'name': 'DNI', 'value': '52419567-U'}, 'picture': {'large': 'https://randomuser.me/api/portraits/men/9.jpg', 'medium': 'https://randomuser.me/api/portraits/med/men/9.jpg', 'thumbnail': 'https://randomuser.me/api/portraits/thumb/men/9.jpg'}, 'nat': 'ES'}</msg>
<arg>${json_data['results'][0]}</arg>
<doc>Logs the given message with the given level.</doc>
<status status="PASS" start="2024-07-24T10:18:11.489326" elapsed="0.000412"/>
</kw>
<kw name="Log" owner="BuiltIn">
<msg time="2024-07-24T10:18:11.490162" level="INFO">email</msg>
<arg>${key}</arg>
<doc>Logs the given message with the given level.</doc>
<status status="PASS" start="2024-07-24T10:18:11.490035" elapsed="0.000167"/>
</kw>
<var name="${key}">email</var>
<status status="PASS" start="2024-07-24T10:18:11.488522" elapsed="0.001894"/>
</iter>
<iter>
<kw name="Dictionary Should Contain Key" owner="Collections">
<arg>${json_data['results'][0]}</arg>
<arg>${key}</arg>
<doc>Fails if ``key`` is not found from ``dictionary``.</doc>
<status status="PASS" start="2024-07-24T10:18:11.490705" elapsed="0.000385"/>
</kw>
<kw name="Log" owner="BuiltIn">
<msg time="2024-07-24T10:18:11.491634" level="INFO">{'gender': 'male', 'name': {'title': 'Mr', 'first': 'Raúl', 'last': 'Hidalgo'}, 'location': {'street': {'number': 8324, 'name': 'Calle Covadonga'}, 'city': 'Elche', 'state': 'Ceuta', 'country': 'Spain', 'postcode': 47808, 'coordinates': {'latitude': '-30.0173', 'longitude': '-71.8556'}, 'timezone': {'offset': '-5:00', 'description': 'Eastern Time (US &amp; Canada), Bogota, Lima'}}, 'email': 'raul.hidalgo@example.com', 'login': {'uuid': 'd63d3376-2c44-4c77-9a64-b3a151121d42', 'username': 'greenelephant722', 'password': 'nostromo', 'salt': 'iWqqVDDL', 'md5': 'bec924d5fc64bd7c30044eca097497d8', 'sha1': 'f4e1e47ae18149eaec5527fdc28d43a102749be1', 'sha256': '2a89df2d31a89920d4a441e5b5a786d4a68a27fac1594b189cf091181abc2e5c'}, 'dob': {'date': '1955-04-18T19:47:02.643Z', 'age': 69}, 'registered': {'date': '2015-01-13T14:13:37.708Z', 'age': 9}, 'phone': '930-011-821', 'cell': '676-316-186', 'id': {'name': 'DNI', 'value': '52419567-U'}, 'picture': {'large': 'https://randomuser.me/api/portraits/men/9.jpg', 'medium': 'https://randomuser.me/api/portraits/med/men/9.jpg', 'thumbnail': 'https://randomuser.me/api/portraits/thumb/men/9.jpg'}, 'nat': 'ES'}</msg>
<arg>${json_data['results'][0]}</arg>
<doc>Logs the given message with the given level.</doc>
<status status="PASS" start="2024-07-24T10:18:11.491275" elapsed="0.000412"/>
</kw>
<kw name="Log" owner="BuiltIn">
<msg time="2024-07-24T10:18:11.492150" level="INFO">login</msg>
<arg>${key}</arg>
<doc>Logs the given message with the given level.</doc>
<status status="PASS" start="2024-07-24T10:18:11.492015" elapsed="0.000173"/>
</kw>
<var name="${key}">login</var>
<status status="PASS" start="2024-07-24T10:18:11.490596" elapsed="0.001811"/>
</iter>
<var>${key}</var>
<value>@{expected_keys}</value>
<status status="PASS" start="2024-07-24T10:18:11.481459" elapsed="0.011076"/>
</for>
<kw name="Create List" owner="BuiltIn">
<msg time="2024-07-24T10:18:11.492862" level="INFO">${expected_keysTwo} = ['username', 'password']</msg>
<var>${expected_keysTwo}</var>
<arg>username</arg>
<arg>password</arg>
<doc>Returns a list containing given items.</doc>
<status status="PASS" start="2024-07-24T10:18:11.492726" elapsed="0.000198"/>
</kw>
<for flavor="IN">
<iter>
<kw name="Dictionary Should Contain Key" owner="Collections">
<arg>${json_data['results'][0]['login']}</arg>
<arg>${keyTwo}</arg>
<doc>Fails if ``key`` is not found from ``dictionary``.</doc>
<status status="PASS" start="2024-07-24T10:18:11.493436" elapsed="0.000386"/>
</kw>
<kw name="Dictionary Should Contain Key" owner="Collections">
<arg>${json_data['results'][0]['login']}</arg>
<arg>${keyTwo}</arg>
<doc>Fails if ``key`` is not found from ``dictionary``.</doc>
<status status="PASS" start="2024-07-24T10:18:11.494011" elapsed="0.000374"/>
</kw>
<kw name="Log" owner="BuiltIn">
<msg time="2024-07-24T10:18:11.494683" level="INFO">username</msg>
<arg>${keyTwo}</arg>
<doc>Logs the given message with the given level.</doc>
<status status="PASS" start="2024-07-24T10:18:11.494563" elapsed="0.000157"/>
</kw>
<var name="${keyTwo}">username</var>
<status status="PASS" start="2024-07-24T10:18:11.493329" elapsed="0.001609"/>
</iter>
<iter>
<kw name="Dictionary Should Contain Key" owner="Collections">
<arg>${json_data['results'][0]['login']}</arg>
<arg>${keyTwo}</arg>
<doc>Fails if ``key`` is not found from ``dictionary``.</doc>
<status status="PASS" start="2024-07-24T10:18:11.495221" elapsed="0.000384"/>
</kw>
<kw name="Dictionary Should Contain Key" owner="Collections">
<arg>${json_data['results'][0]['login']}</arg>
<arg>${keyTwo}</arg>
<doc>Fails if ``key`` is not found from ``dictionary``.</doc>
<status status="PASS" start="2024-07-24T10:18:11.495783" elapsed="0.000417"/>
</kw>
<kw name="Log" owner="BuiltIn">
<msg time="2024-07-24T10:18:11.496511" level="INFO">password</msg>
<arg>${keyTwo}</arg>
<doc>Logs the given message with the given level.</doc>
<status status="PASS" start="2024-07-24T10:18:11.496382" elapsed="0.000167"/>
</kw>
<var name="${keyTwo}">password</var>
<status status="PASS" start="2024-07-24T10:18:11.495110" elapsed="0.001660"/>
</iter>
<var>${keyTwo}</var>
<value>@{expected_keysTwo}</value>
<status status="PASS" start="2024-07-24T10:18:11.493174" elapsed="0.003716"/>
</for>
<status status="PASS" start="2024-07-24T10:18:11.382220" elapsed="0.114809"/>
</kw>
<doc>Testa a estrutura da resposta da API.</doc>
<tag>testeEstruturaResposta</tag>
<status status="PASS" start="2024-07-24T10:18:11.381719" elapsed="0.115471"/>
</test>
<test id="s1-s1-t4" name="Validar tipos de dados" line="28">
<kw name="Teste de Tipos de Dados" owner="random-user-service">
<kw name="GET On Session" owner="RequestsLibrary">
<msg time="2024-07-24T10:18:11.611261" level="INFO">GET Request : url=https://randomuser.me/api 
 path_url=/api 
 headers={'User-Agent': 'python-requests/2.32.3', 'Accept-Encoding': 'gzip, deflate', 'Accept': '*/*', 'Connection': 'keep-alive'} 
 body=None 
 </msg>
<msg time="2024-07-24T10:18:11.611347" level="INFO">GET Response : url=https://randomuser.me/api 
 status=200, reason=OK 
 headers={'Date': 'Wed, 24 Jul 2024 10:18:11 GMT', 'Content-Type': 'application/json; charset=utf-8', 'Transfer-Encoding': 'chunked', 'Connection': 'keep-alive', 'X-Powered-By': 'Express', 'Access-Control-Allow-Origin': '*', 'Cache-Control': 'no-cache', 'ETag': 'W/"46f-GxiZgrQnG77zr0nlSVzMMrupDn0"', 'Vary': 'Accept-Encoding', 'Content-Encoding': 'gzip', 'CF-Cache-Status': 'DYNAMIC', 'Report-To': '{"endpoints":[{"url":"https:\\/\\/a.nel.cloudflare.com\\/report\\/v4?s=a5bso%2FtPmtdk5NCBJH1G0W0L%2F7GY1LMyM%2BPSx1jx9oUwbHyJCdVlwXOV8rghN8orDUciKyFYXrDGTnljDk2hZ8YdE6xGoCM6npbAby91DxN31NtDEtXsEMtFg%2Fv%2FGxt%2F"}],"group":"cf-nel","max_age":604800}', 'NEL': '{"success_fraction":0,"report_to":"cf-nel","max_age":604800}', 'Server': 'cloudflare', 'CF-RAY': '8a832a2deba97acd-SJC', 'alt-svc': 'h3=":443"; ma=86400'} 
 body={"results":[{"gender":"male","name":{"title":"Mr","first":"Aapo","last":"Savela"},"location":{"street":{"number":2472,"name":"Hämeenkatu"},"city":"Ingå","state":"Ostrobothnia","country":"Finland","postcode":34262,"coordinates":{"latitude":"-29.3221","longitude":"-161.4225"},"timezone":{"offset":"-9:00","description":"Alaska"}},"email":"aapo.savela@example.com","login":{"uuid":"0d133274-e09d-4675-8423-36b5cb11454a","username":"blackdog288","password":"daemon","salt":"4dL1ACtb","md5":"0a2dce3436805adf88aabf9467b1b021","sha1":"184020e17590cb6771153c73f9fda192de385380","sha256":"95227989af5cd1d171d5db4307353662d040efd7700557e9b40364420ce2d862"},"dob":{"date":"1967-07-27T17:06:19.209Z","age":56},"registered":{"date":"2016-08-06T12:17:13.635Z","age":7},"phone":"08-701-233","cell":"046-750-65-42","id":{"name":"HETU","value":"NaNNA133undefined"},"picture":{"large":"https://randomuser.me/api/portraits/men/35.jpg","medium":"https://randomuser.me/api/portraits/med/men/35.jpg","thumbnail":"https://randomuser.me/api/portraits/thumb/men/35.jpg"},"nat":"FI"}],"info":{"seed":"f64f8f2e31e32238","results":1,"page":1,"version":"1.4"}} 
 </msg>
<msg time="2024-07-24T10:18:11.611420" level="INFO">/opt/hostedtoolcache/Python/3.12.4/x64/lib/python3.12/site-packages/urllib3/connectionpool.py:1099: InsecureRequestWarning: Unverified HTTPS request is being made to host 'randomuser.me'. Adding certificate verification is strongly advised. See: https://urllib3.readthedocs.io/en/latest/advanced-usage.html#tls-warnings
  warnings.warn(</msg>
<msg time="2024-07-24T10:18:11.611537" level="INFO">${response} = &lt;Response [200]&gt;</msg>
<var>${response}</var>
<arg>consultarAPI</arg>
<arg>/api</arg>
<doc>Sends a GET request on a previously created HTTP Session.</doc>
<status status="PASS" start="2024-07-24T10:18:11.499684" elapsed="0.111905"/>
</kw>
<kw name="Set Variable" owner="BuiltIn">
<msg time="2024-07-24T10:18:11.612672" level="INFO">${json_data} = {'results': [{'gender': 'male', 'name': {'title': 'Mr', 'first': 'Aapo', 'last': 'Savela'}, 'location': {'street': {'number': 2472, 'name': 'Hämeenkatu'}, 'city': 'Ingå', 'state': 'Ostrobothnia', 'cou...</msg>
<var>${json_data}</var>
<arg>${response.json()}</arg>
<doc>Returns the given values which can then be assigned to a variables.</doc>
<status status="PASS" start="2024-07-24T10:18:11.612100" elapsed="0.000603"/>
</kw>
<kw name="Log" owner="BuiltIn">
<msg time="2024-07-24T10:18:11.613175" level="INFO">{'results': [{'gender': 'male', 'name': {'title': 'Mr', 'first': 'Aapo', 'last': 'Savela'}, 'location': {'street': {'number': 2472, 'name': 'Hämeenkatu'}, 'city': 'Ingå', 'state': 'Ostrobothnia', 'country': 'Finland', 'postcode': 34262, 'coordinates': {'latitude': '-29.3221', 'longitude': '-161.4225'}, 'timezone': {'offset': '-9:00', 'description': 'Alaska'}}, 'email': 'aapo.savela@example.com', 'login': {'uuid': '0d133274-e09d-4675-8423-36b5cb11454a', 'username': 'blackdog288', 'password': 'daemon', 'salt': '4dL1ACtb', 'md5': '0a2dce3436805adf88aabf9467b1b021', 'sha1': '184020e17590cb6771153c73f9fda192de385380', 'sha256': '95227989af5cd1d171d5db4307353662d040efd7700557e9b40364420ce2d862'}, 'dob': {'date': '1967-07-27T17:06:19.209Z', 'age': 56}, 'registered': {'date': '2016-08-06T12:17:13.635Z', 'age': 7}, 'phone': '08-701-233', 'cell': '046-750-65-42', 'id': {'name': 'HETU', 'value': 'NaNNA133undefined'}, 'picture': {'large': 'https://randomuser.me/api/portraits/men/35.jpg', 'medium': 'https://randomuser.me/api/portraits/med/men/35.jpg', 'thumbnail': 'https://randomuser.me/api/portraits/thumb/men/35.jpg'}, 'nat': 'FI'}], 'info': {'seed': 'f64f8f2e31e32238', 'results': 1, 'page': 1, 'version': '1.4'}}</msg>
<arg>${json_data}</arg>
<doc>Logs the given message with the given level.</doc>
<status status="PASS" start="2024-07-24T10:18:11.613017" elapsed="0.000209"/>
</kw>
<kw name="Should Be String" owner="String">
<arg>${json_data['results'][0]['gender']}</arg>
<doc>Fails if the given ``item`` is not a string.</doc>
<status status="PASS" start="2024-07-24T10:18:11.613524" elapsed="0.000378"/>
</kw>
<kw name="Should Match Regexp" owner="BuiltIn">
<arg>${json_data['results'][0]['email']}</arg>
<arg>^[a-zA-Z0-9._%+-]+@[a-zA-Z0-9.-]+\.[a-zA-Z]{2,}$</arg>
<doc>Fails if ``string`` does not match ``pattern`` as a regular expression.</doc>
<status status="PASS" start="2024-07-24T10:18:11.614096" elapsed="0.000523"/>
</kw>
<kw name="Should Match Regexp" owner="BuiltIn">
<arg>${json_data['results'][0]['dob']['date']}</arg>
<arg>\\d{4}-\\d{2}-\\d{2}T\\d{2}:\\d{2}:\\d{2}\\.\\d{3}Z</arg>
<doc>Fails if ``string`` does not match ``pattern`` as a regular expression.</doc>
<status status="PASS" start="2024-07-24T10:18:11.614852" elapsed="0.000612"/>
</kw>
<kw name="Should Match Regexp" owner="BuiltIn">
<arg>${json_data['results'][0]['registered']['date']}</arg>
<arg>\\d{4}-\\d{2}-\\d{2}T\\d{2}:\\d{2}:\\d{2}\\.\\d{3}Z</arg>
<doc>Fails if ``string`` does not match ``pattern`` as a regular expression.</doc>
<status status="PASS" start="2024-07-24T10:18:11.615661" elapsed="0.000431"/>
</kw>
<kw name="Should Match Regexp" owner="BuiltIn">
<arg>${json_data['results'][0]['picture']['large']}</arg>
<arg>^https?://.*\.(?:png|jpe?g|gif|bmp)$</arg>
<doc>Fails if ``string`` does not match ``pattern`` as a regular expression.</doc>
<status status="PASS" start="2024-07-24T10:18:11.616297" elapsed="0.000474"/>
</kw>
<kw name="Should Match Regexp" owner="BuiltIn">
<arg>${json_data['results'][0]['picture']['medium']}</arg>
<arg>^https?://.*\.(?:png|jpe?g|gif|bmp)$</arg>
<doc>Fails if ``string`` does not match ``pattern`` as a regular expression.</doc>
<status status="PASS" start="2024-07-24T10:18:11.616965" elapsed="0.000360"/>
</kw>
<kw name="Should Match Regexp" owner="BuiltIn">
<arg>${json_data['results'][0]['picture']['thumbnail']}</arg>
<arg>^https?://.*\.(?:png|jpe?g|gif|bmp)$</arg>
<doc>Fails if ``string`` does not match ``pattern`` as a regular expression.</doc>
<status status="PASS" start="2024-07-24T10:18:11.617511" elapsed="0.000364"/>
</kw>
<kw name="Log" owner="BuiltIn">
<msg time="2024-07-24T10:18:11.618393" level="INFO">{'large': 'https://randomuser.me/api/portraits/men/35.jpg', 'medium': 'https://randomuser.me/api/portraits/med/men/35.jpg', 'thumbnail': 'https://randomuser.me/api/portraits/thumb/men/35.jpg'}</msg>
<arg>${json_data['results'][0]['picture']}</arg>
<doc>Logs the given message with the given level.</doc>
<status status="PASS" start="2024-07-24T10:18:11.618066" elapsed="0.000370"/>
</kw>
<status status="PASS" start="2024-07-24T10:18:11.499455" elapsed="0.119242"/>
</kw>
<kw name="Teste de Tipos de Dados - Postcode" owner="random-user-service">
<kw name="GET On Session" owner="RequestsLibrary">
<msg time="2024-07-24T10:18:11.726138" level="INFO">GET Request : url=https://randomuser.me/api 
 path_url=/api 
 headers={'User-Agent': 'python-requests/2.32.3', 'Accept-Encoding': 'gzip, deflate', 'Accept': '*/*', 'Connection': 'keep-alive'} 
 body=None 
 </msg>
<msg time="2024-07-24T10:18:11.726226" level="INFO">GET Response : url=https://randomuser.me/api 
 status=200, reason=OK 
 headers={'Date': 'Wed, 24 Jul 2024 10:18:11 GMT', 'Content-Type': 'application/json; charset=utf-8', 'Transfer-Encoding': 'chunked', 'Connection': 'keep-alive', 'X-Powered-By': 'Express', 'Access-Control-Allow-Origin': '*', 'Cache-Control': 'no-cache', 'ETag': 'W/"497-FZrLGqjpUwhx5CqsqBgKAQZot9c"', 'Vary': 'Accept-Encoding', 'Content-Encoding': 'gzip', 'CF-Cache-Status': 'DYNAMIC', 'Report-To': '{"endpoints":[{"url":"https:\\/\\/a.nel.cloudflare.com\\/report\\/v4?s=Q0ljzFAaDvBVZ7%2FcwTH2JVJ6CGzr8sclQyO0DTTwPE1hHlMQNOw0Ok9BEZ9t3emWSgEm2Ufu8uKQrK2PJY%2BpLvDlGjIIYK%2FMA1thevYCv%2B5NPneuCbtvL8MsYkRojYPA"}],"group":"cf-nel","max_age":604800}', 'NEL': '{"success_fraction":0,"report_to":"cf-nel","max_age":604800}', 'Server': 'cloudflare', 'CF-RAY': '8a832a2eac157acd-SJC', 'alt-svc': 'h3=":443"; ma=86400'} 
 body={"results":[{"gender":"male","name":{"title":"Mr","first":"Ronald","last":"Newman"},"location":{"street":{"number":7878,"name":"Westheimer Rd"},"city":"Glendale","state":"Colorado","country":"United States","postcode":77884,"coordinates":{"latitude":"86.3301","longitude":"-55.1154"},"timezone":{"offset":"+1:00","description":"Brussels, Copenhagen, Madrid, Paris"}},"email":"ronald.newman@example.com","login":{"uuid":"da7cf51c-28d4-4c4a-881c-bd77ec07d232","username":"bigrabbit762","password":"kordell1","salt":"kHYqVsNW","md5":"48a522c4fb65cc335835ec95ca18312c","sha1":"6d14d215d2c1c30d6ae2716e42a7b42817247970","sha256":"a7dcccd584003e6f4ab13844790743e42c628c71f81ed23bfa4b567e9a1f8587"},"dob":{"date":"1993-07-02T18:58:45.901Z","age":31},"registered":{"date":"2011-03-23T08:29:31.276Z","age":13},"phone":"(970) 581-2166","cell":"(577) 446-0735","id":{"name":"SSN","value":"806-89-7781"},"picture":{"large":"https://randomuser.me/api/portraits/men/45.jpg","medium":"https://randomuser.me/api/portraits/med/men/45.jpg","thumbnail":"https://randomuser.me/api/portraits/thumb/men/45.jpg"},"nat":"US"}],"info":{"seed":"4b3aa0143954aa01","results":1,"page":1,"version":"1.4"}} 
 </msg>
<msg time="2024-07-24T10:18:11.726297" level="INFO">/opt/hostedtoolcache/Python/3.12.4/x64/lib/python3.12/site-packages/urllib3/connectionpool.py:1099: InsecureRequestWarning: Unverified HTTPS request is being made to host 'randomuser.me'. Adding certificate verification is strongly advised. See: https://urllib3.readthedocs.io/en/latest/advanced-usage.html#tls-warnings
  warnings.warn(</msg>
<msg time="2024-07-24T10:18:11.726423" level="INFO">${response} = &lt;Response [200]&gt;</msg>
<var>${response}</var>
<arg>consultarAPI</arg>
<arg>/api</arg>
<doc>Sends a GET request on a previously created HTTP Session.</doc>
<status status="PASS" start="2024-07-24T10:18:11.619147" elapsed="0.107325"/>
</kw>
<kw name="Set Variable" owner="BuiltIn">
<msg time="2024-07-24T10:18:11.727621" level="INFO">${json_data} = {'results': [{'gender': 'male', 'name': {'title': 'Mr', 'first': 'Ronald', 'last': 'Newman'}, 'location': {'street': {'number': 7878, 'name': 'Westheimer Rd'}, 'city': 'Glendale', 'state': 'Colorado',...</msg>
<var>${json_data}</var>
<arg>${response.json()}</arg>
<doc>Returns the given values which can then be assigned to a variables.</doc>
<status status="PASS" start="2024-07-24T10:18:11.727022" elapsed="0.000629"/>
</kw>
<kw name="Log" owner="BuiltIn">
<msg time="2024-07-24T10:18:11.728179" level="INFO">{'results': [{'gender': 'male', 'name': {'title': 'Mr', 'first': 'Ronald', 'last': 'Newman'}, 'location': {'street': {'number': 7878, 'name': 'Westheimer Rd'}, 'city': 'Glendale', 'state': 'Colorado', 'country': 'United States', 'postcode': 77884, 'coordinates': {'latitude': '86.3301', 'longitude': '-55.1154'}, 'timezone': {'offset': '+1:00', 'description': 'Brussels, Copenhagen, Madrid, Paris'}}, 'email': 'ronald.newman@example.com', 'login': {'uuid': 'da7cf51c-28d4-4c4a-881c-bd77ec07d232', 'username': 'bigrabbit762', 'password': 'kordell1', 'salt': 'kHYqVsNW', 'md5': '48a522c4fb65cc335835ec95ca18312c', 'sha1': '6d14d215d2c1c30d6ae2716e42a7b42817247970', 'sha256': 'a7dcccd584003e6f4ab13844790743e42c628c71f81ed23bfa4b567e9a1f8587'}, 'dob': {'date': '1993-07-02T18:58:45.901Z', 'age': 31}, 'registered': {'date': '2011-03-23T08:29:31.276Z', 'age': 13}, 'phone': '(970) 581-2166', 'cell': '(577) 446-0735', 'id': {'name': 'SSN', 'value': '806-89-7781'}, 'picture': {'large': 'https://randomuser.me/api/portraits/men/45.jpg', 'medium': 'https://randomuser.me/api/portraits/med/men/45.jpg', 'thumbnail': 'https://randomuser.me/api/portraits/thumb/men/45.jpg'}, 'nat': 'US'}], 'info': {'seed': '4b3aa0143954aa01', 'results': 1, 'page': 1, 'version': '1.4'}}</msg>
<arg>${json_data}</arg>
<doc>Logs the given message with the given level.</doc>
<status status="PASS" start="2024-07-24T10:18:11.728003" elapsed="0.000226"/>
</kw>
<kw name="Should Be Equal As Numbers" owner="BuiltIn">
<arg>${json_data['results'][0]['location']['postcode']}</arg>
<arg>${json_data['results'][0]['location']['postcode']}</arg>
<doc>Fails if objects are unequal after converting them to real numbers.</doc>
<status status="PASS" start="2024-07-24T10:18:11.728547" elapsed="0.000630"/>
</kw>
<kw name="Log" owner="BuiltIn">
<msg time="2024-07-24T10:18:11.729715" level="INFO">77884</msg>
<arg>${json_data['results'][0]['location']['postcode']}</arg>
<doc>Logs the given message with the given level.</doc>
<status status="PASS" start="2024-07-24T10:18:11.729372" elapsed="0.000384"/>
</kw>
<status status="PASS" start="2024-07-24T10:18:11.618912" elapsed="0.111126"/>
</kw>
<doc>Testa se os tipos de dados na resposta da API estão corretos.</doc>
<tag>testeTiposDados</tag>
<status status="PASS" start="2024-07-24T10:18:11.498932" elapsed="0.231279"/>
</test>
<test id="s1-s1-t5" name="Validar conteudo" line="35">
<kw name="Teste de Tipos de Conteudo" owner="random-user-service">
<kw name="GET On Session" owner="RequestsLibrary">
<msg time="2024-07-24T10:18:11.823641" level="INFO">GET Request : url=https://randomuser.me/api 
 path_url=/api 
 headers={'User-Agent': 'python-requests/2.32.3', 'Accept-Encoding': 'gzip, deflate', 'Accept': '*/*', 'Connection': 'keep-alive'} 
 body=None 
 </msg>
<msg time="2024-07-24T10:18:11.823716" level="INFO">GET Response : url=https://randomuser.me/api 
 status=200, reason=OK 
 headers={'Date': 'Wed, 24 Jul 2024 10:18:11 GMT', 'Content-Type': 'application/json; charset=utf-8', 'Transfer-Encoding': 'chunked', 'Connection': 'keep-alive', 'X-Powered-By': 'Express', 'Access-Control-Allow-Origin': '*', 'Cache-Control': 'no-cache', 'ETag': 'W/"48e-wj5heVpK5cJXTrn+AsWQhTB/UH4"', 'Vary': 'Accept-Encoding', 'Content-Encoding': 'gzip', 'CF-Cache-Status': 'DYNAMIC', 'Report-To': '{"endpoints":[{"url":"https:\\/\\/a.nel.cloudflare.com\\/report\\/v4?s=WkB2%2FuxBUG%2B9CcQDb5dIUOw%2BWMFy6VYLVgWfTCLNx3iuRqIXmzARwrDL8p91Ewa1cSZzkh5dy8t49uXEDNdl4niMAXHBmxkP%2F4Xun6yAhoVqFQU8B4%2Farn%2FsQRPXY5kG"}],"group":"cf-nel","max_age":604800}', 'NEL': '{"success_fraction":0,"report_to":"cf-nel","max_age":604800}', 'Server': 'cloudflare', 'CF-RAY': '8a832a2f5c7d7acd-SJC', 'alt-svc': 'h3=":443"; ma=86400'} 
 body={"results":[{"gender":"female","name":{"title":"Mrs","first":"Julie","last":"Lowe"},"location":{"street":{"number":6393,"name":"Manor Road"},"city":"Kilcock","state":"Kerry","country":"Ireland","postcode":54689,"coordinates":{"latitude":"0.0420","longitude":"135.6848"},"timezone":{"offset":"0:00","description":"Western Europe Time, London, Lisbon, Casablanca"}},"email":"julie.lowe@example.com","login":{"uuid":"88a7a675-75e7-43a2-94ee-0f073827f048","username":"tinybird999","password":"tracker","salt":"t5CpNjwq","md5":"a70556995094a4ff4ffe8bbafda7c567","sha1":"59185f15916593b5b5a8ac2b4848c7d54d1e997b","sha256":"4cb391da28d72abb7b05d1c695dbffe54fcd61bebfc3853dd11c17ba9f37f8cb"},"dob":{"date":"1944-10-05T03:18:04.058Z","age":79},"registered":{"date":"2011-12-01T17:22:13.829Z","age":12},"phone":"041-149-0257","cell":"081-223-6608","id":{"name":"PPS","value":"4236307T"},"picture":{"large":"https://randomuser.me/api/portraits/women/18.jpg","medium":"https://randomuser.me/api/portraits/med/women/18.jpg","thumbnail":"https://randomuser.me/api/portraits/thumb/women/18.jpg"},"nat":"IE"}],"info":{"seed":"2ac61f4c486f2cd8","results":1,"page":1,"version":"1.4"}} 
 </msg>
<msg time="2024-07-24T10:18:11.823784" level="INFO">/opt/hostedtoolcache/Python/3.12.4/x64/lib/python3.12/site-packages/urllib3/connectionpool.py:1099: InsecureRequestWarning: Unverified HTTPS request is being made to host 'randomuser.me'. Adding certificate verification is strongly advised. See: https://urllib3.readthedocs.io/en/latest/advanced-usage.html#tls-warnings
  warnings.warn(</msg>
<msg time="2024-07-24T10:18:11.823889" level="INFO">${response} = &lt;Response [200]&gt;</msg>
<var>${response}</var>
<arg>consultarAPI</arg>
<arg>/api</arg>
<doc>Sends a GET request on a previously created HTTP Session.</doc>
<status status="PASS" start="2024-07-24T10:18:11.732776" elapsed="0.091156"/>
</kw>
<kw name="Set Variable" owner="BuiltIn">
<msg time="2024-07-24T10:18:11.825018" level="INFO">${json_data} = {'results': [{'gender': 'female', 'name': {'title': 'Mrs', 'first': 'Julie', 'last': 'Lowe'}, 'location': {'street': {'number': 6393, 'name': 'Manor Road'}, 'city': 'Kilcock', 'state': 'Kerry', 'count...</msg>
<var>${json_data}</var>
<arg>${response.json()}</arg>
<doc>Returns the given values which can then be assigned to a variables.</doc>
<status status="PASS" start="2024-07-24T10:18:11.824453" elapsed="0.000594"/>
</kw>
<kw name="Set Variable" owner="BuiltIn">
<msg time="2024-07-24T10:18:11.825756" level="INFO">${name_title} = Mrs</msg>
<var>${name_title}</var>
<arg>${json_data["results"][0]["name"]["title"]}</arg>
<doc>Returns the given values which can then be assigned to a variables.</doc>
<status status="PASS" start="2024-07-24T10:18:11.825365" elapsed="0.000423"/>
</kw>
<kw name="Create List" owner="BuiltIn">
<msg time="2024-07-24T10:18:11.826257" level="INFO">${allowed_titles} = ['Mr', 'Ms', 'Miss', 'Mrs', 'Madame', 'Monsieur']</msg>
<var>${allowed_titles}</var>
<arg>Mr</arg>
<arg>Ms</arg>
<arg>Miss</arg>
<arg>Mrs</arg>
<arg>Madame</arg>
<arg>Monsieur</arg>
<doc>Returns a list containing given items.</doc>
<status status="PASS" start="2024-07-24T10:18:11.826104" elapsed="0.000178"/>
</kw>
<kw name="List Should Contain Value" owner="Collections">
<arg>${allowed_titles}</arg>
<arg>${name_title}</arg>
<doc>Fails if the ``value`` is not found from ``list``.</doc>
<status status="PASS" start="2024-07-24T10:18:11.826590" elapsed="0.000187"/>
</kw>
<kw name="Set Variable" owner="BuiltIn">
<msg time="2024-07-24T10:18:11.827338" level="INFO">${name_country} = IE</msg>
<var>${name_country}</var>
<arg>${json_data["results"][0]["nat"]}</arg>
<doc>Returns the given values which can then be assigned to a variables.</doc>
<status status="PASS" start="2024-07-24T10:18:11.826961" elapsed="0.000402"/>
</kw>
<kw name="Create List" owner="BuiltIn">
<msg time="2024-07-24T10:18:11.828293" level="INFO">${list_country} = ['AD', 'AE', 'AF', 'AG', 'AI', 'AL', 'AM', 'AO', 'AQ', 'AR', 'AS', 'AT', 'AU', 'AW', 'AX', 'AZ', 'BA', 'BB', 'BD', 'BE', 'BF', 'BG', 'BH', 'BI', 'BJ', 'BL', 'BM', 'BN', 'BO', 'BQ', 'BR', 'BS', 'BT', '...</msg>
<var>${list_country}</var>
<arg>AD</arg>
<arg>AE</arg>
<arg>AF</arg>
<arg>AG</arg>
<arg>AI</arg>
<arg>AL</arg>
<arg>AM</arg>
<arg>AO</arg>
<arg>AQ</arg>
<arg>AR</arg>
<arg>AS</arg>
<arg>AT</arg>
<arg>AU</arg>
<arg>AW</arg>
<arg>AX</arg>
<arg>AZ</arg>
<arg>BA</arg>
<arg>BB</arg>
<arg>BD</arg>
<arg>BE</arg>
<arg>BF</arg>
<arg>BG</arg>
<arg>BH</arg>
<arg>BI</arg>
<arg>BJ</arg>
<arg>BL</arg>
<arg>BM</arg>
<arg>BN</arg>
<arg>BO</arg>
<arg>BQ</arg>
<arg>BR</arg>
<arg>BS</arg>
<arg>BT</arg>
<arg>BV</arg>
<arg>BW</arg>
<arg>BY</arg>
<arg>BZ</arg>
<arg>CA</arg>
<arg>CC</arg>
<arg>CD</arg>
<arg>CF</arg>
<arg>CG</arg>
<arg>CH</arg>
<arg>CI</arg>
<arg>CK</arg>
<arg>CL</arg>
<arg>CM</arg>
<arg>CN</arg>
<arg>CO</arg>
<arg>CR</arg>
<arg>CU</arg>
<arg>CV</arg>
<arg>CW</arg>
<arg>CX</arg>
<arg>CY</arg>
<arg>CZ</arg>
<arg>DE</arg>
<arg>DJ</arg>
<arg>DK</arg>
<arg>DM</arg>
<arg>DO</arg>
<arg>DZ</arg>
<arg>EC</arg>
<arg>EE</arg>
<arg>EG</arg>
<arg>EH</arg>
<arg>ER</arg>
<arg>ES</arg>
<arg>ET</arg>
<arg>FI</arg>
<arg>FJ</arg>
<arg>FK</arg>
<arg>FM</arg>
<arg>FO</arg>
<arg>FR</arg>
<arg>GA</arg>
<arg>GB</arg>
<arg>GD</arg>
<arg>GE</arg>
<arg>GF</arg>
<arg>GG</arg>
<arg>GH</arg>
<arg>GI</arg>
<arg>GL</arg>
<arg>GM</arg>
<arg>GN</arg>
<arg>GP</arg>
<arg>GQ</arg>
<arg>GR</arg>
<arg>GS</arg>
<arg>GT</arg>
<arg>GU</arg>
<arg>GW</arg>
<arg>GY</arg>
<arg>HK</arg>
<arg>HM</arg>
<arg>HN</arg>
<arg>HR</arg>
<arg>HT</arg>
<arg>HU</arg>
<arg>ID</arg>
<arg>IE</arg>
<arg>IL</arg>
<arg>IM</arg>
<arg>IN</arg>
<arg>IO</arg>
<arg>IQ</arg>
<arg>IR</arg>
<arg>IS</arg>
<arg>IT</arg>
<arg>JE</arg>
<arg>JM</arg>
<arg>JO</arg>
<arg>JP</arg>
<arg>KE</arg>
<arg>KG</arg>
<arg>KH</arg>
<arg>KI</arg>
<arg>KM</arg>
<arg>KN</arg>
<arg>KP</arg>
<arg>KR</arg>
<arg>KW</arg>
<arg>KY</arg>
<arg>KZ</arg>
<arg>LA</arg>
<arg>LB</arg>
<arg>LC</arg>
<arg>LI</arg>
<arg>LK</arg>
<arg>LR</arg>
<arg>LS</arg>
<arg>LT</arg>
<arg>LU</arg>
<arg>LV</arg>
<arg>LY</arg>
<arg>MA</arg>
<arg>MC</arg>
<arg>MD</arg>
<arg>ME</arg>
<arg>MF</arg>
<arg>MG</arg>
<arg>MH</arg>
<arg>MK</arg>
<arg>ML</arg>
<arg>MM</arg>
<arg>MN</arg>
<arg>MO</arg>
<arg>MP</arg>
<arg>MQ</arg>
<arg>MR</arg>
<arg>MS</arg>
<arg>MT</arg>
<arg>MU</arg>
<arg>MV</arg>
<arg>MW</arg>
<arg>MX</arg>
<arg>MY</arg>
<arg>MZ</arg>
<arg>NA</arg>
<arg>NC</arg>
<arg>NE</arg>
<arg>NF</arg>
<arg>NG</arg>
<arg>NI</arg>
<arg>NL</arg>
<arg>NO</arg>
<arg>NP</arg>
<arg>NR</arg>
<arg>NU</arg>
<arg>NZ</arg>
<arg>OM</arg>
<arg>PA</arg>
<arg>PE</arg>
<arg>PF</arg>
<arg>PG</arg>
<arg>PH</arg>
<arg>PK</arg>
<arg>PL</arg>
<arg>PM</arg>
<arg>PN</arg>
<arg>PR</arg>
<arg>PS</arg>
<arg>PT</arg>
<arg>PW</arg>
<arg>PY</arg>
<arg>QA</arg>
<arg>RE</arg>
<arg>RO</arg>
<arg>RS</arg>
<arg>RU</arg>
<arg>RW</arg>
<arg>SA</arg>
<arg>SB</arg>
<arg>SC</arg>
<arg>SD</arg>
<arg>SE</arg>
<arg>SG</arg>
<arg>SH</arg>
<arg>SI</arg>
<arg>SJ</arg>
<arg>SK</arg>
<arg>SL</arg>
<arg>SM</arg>
<arg>SN</arg>
<arg>SO</arg>
<arg>SR</arg>
<arg>SS</arg>
<arg>ST</arg>
<arg>SV</arg>
<arg>SX</arg>
<arg>SY</arg>
<arg>SZ</arg>
<arg>TC</arg>
<arg>TD</arg>
<arg>TF</arg>
<arg>TG</arg>
<arg>TH</arg>
<arg>TJ</arg>
<arg>TK</arg>
<arg>TL</arg>
<arg>TM</arg>
<arg>TN</arg>
<arg>TO</arg>
<arg>TR</arg>
<arg>TT</arg>
<arg>TV</arg>
<arg>TW</arg>
<arg>TZ</arg>
<arg>UA</arg>
<arg>UG</arg>
<arg>UM</arg>
<arg>US</arg>
<arg>UY</arg>
<arg>UZ</arg>
<arg>VA</arg>
<arg>VC</arg>
<arg>VE</arg>
<arg>VG</arg>
<arg>VI</arg>
<arg>VN</arg>
<arg>VU</arg>
<arg>WF</arg>
<arg>WS</arg>
<arg>XK</arg>
<arg>YE</arg>
<arg>YT</arg>
<arg>ZA</arg>
<arg>ZM</arg>
<arg>ZW</arg>
<doc>Returns a list containing given items.</doc>
<status status="PASS" start="2024-07-24T10:18:11.827661" elapsed="0.000659"/>
</kw>
<kw name="List Should Contain Value" owner="Collections">
<arg>${list_country}</arg>
<arg>${name_country}</arg>
<doc>Fails if the ``value`` is not found from ``list``.</doc>
<status status="PASS" start="2024-07-24T10:18:11.829301" elapsed="0.000214"/>
</kw>
<kw name="Run Keyword If" owner="BuiltIn">
<kw name="Should Be True" owner="BuiltIn">
<arg>${True}</arg>
<doc>Fails if the given condition is not true.</doc>
<status status="PASS" start="2024-07-24T10:18:11.830478" elapsed="0.000145"/>
</kw>
<arg>${json_data["results"][0]["location"]["coordinates"]["latitude"]} &gt;= -90 and ${json_data["results"][0]["location"]["coordinates"]["latitude"]} &lt;= 90</arg>
<arg>Should Be True</arg>
<arg>${True}</arg>
<doc>Runs the given keyword with the given arguments, if ``condition`` is true.</doc>
<status status="PASS" start="2024-07-24T10:18:11.829717" elapsed="0.001034"/>
</kw>
<kw name="Run Keyword If" owner="BuiltIn">
<kw name="Should Be True" owner="BuiltIn">
<arg>${True}</arg>
<doc>Fails if the given condition is not true.</doc>
<status status="PASS" start="2024-07-24T10:18:11.831634" elapsed="0.000138"/>
</kw>
<arg>${json_data["results"][0]["location"]["coordinates"]["longitude"]} &gt;= -180 and ${json_data["results"][0]["location"]["coordinates"]["longitude"]} &lt;= 180</arg>
<arg>Should Be True</arg>
<arg>${True}</arg>
<doc>Runs the given keyword with the given arguments, if ``condition`` is true.</doc>
<status status="PASS" start="2024-07-24T10:18:11.830936" elapsed="0.000962"/>
</kw>
<status status="PASS" start="2024-07-24T10:18:11.732554" elapsed="0.099525"/>
</kw>
<doc>Testa o conteúdo específico dos campos retornados pela API.</doc>
<tag>testeConteudo</tag>
<status status="PASS" start="2024-07-24T10:18:11.732017" elapsed="0.100224"/>
</test>
<status status="PASS" start="2024-07-24T10:18:10.919576" elapsed="0.914660"/>
</suite>
<status status="PASS" start="2024-07-24T10:18:10.905000" elapsed="0.934308"/>
</suite>
<statistics>
<total>
<stat pass="5" fail="0" skip="0">All Tests</stat>
</total>
<tag>
<stat pass="1" fail="0" skip="0">testeConteudo</stat>
<stat pass="1" fail="0" skip="0">testeEstruturaResposta</stat>
<stat pass="1" fail="0" skip="0">testeRequisicaoBasica</stat>
<stat pass="1" fail="0" skip="0">testeTiposDados</stat>
</tag>
<suite>
<stat pass="5" fail="0" skip="0" id="s1" name="Tests">Tests</stat>
<stat pass="5" fail="0" skip="0" id="s1-s1" name="Random-User-Test">Tests.Random-User-Test</stat>
</suite>
</statistics>
<errors>
</errors>
</robot>
