<?xml version="1.0" encoding="UTF-8"?>
<robot generator="Robot 7.0.1 (Python 3.12.3 on linux)" generated="2024-06-16T09:16:30.701385" rpa="false" schemaversion="5">
<suite id="s1" name="Tests" source="/home/runner/work/ApiRandomUser/ApiRandomUser/RamdonUser/tests">
<suite id="s1-s1" name="Random-User-Test" source="/home/runner/work/ApiRandomUser/ApiRandomUser/RamdonUser/tests/random-user-test.robot">
<test id="s1-s1-t1" name="Conectar" line="13">
<kw name="Conectar API" owner="random-user-service">
<kw name="Create Session" owner="RequestsLibrary">
<msg time="2024-06-16T09:16:31.079881" level="INFO">Creating Session using : alias=consultarAPI, url=https://randomuser.me/, headers={},                     cookies={}, auth=None, timeout=None, proxies=None, verify=False,                     debug=0 </msg>
<arg>consultarAPI</arg>
<arg>${URL}</arg>
<doc>Create Session: create a HTTP session to a server</doc>
<status status="PASS" start="2024-06-16T09:16:31.079675" elapsed="0.000400"/>
</kw>
<status status="PASS" start="2024-06-16T09:16:31.078572" elapsed="0.001860"/>
</kw>
<status status="PASS" start="2024-06-16T09:16:31.078046" elapsed="0.002580"/>
</test>
<test id="s1-s1-t2" name="Validar retorno 200 e JSON Válido" line="16">
<kw name="Teste de Requisicao Basica" owner="random-user-service">
<kw name="GET On Session" owner="RequestsLibrary">
<msg time="2024-06-16T09:16:31.255622" level="INFO">GET Request : url=https://randomuser.me/api 
 path_url=/api 
 headers={'User-Agent': 'python-requests/2.32.3', 'Accept-Encoding': 'gzip, deflate', 'Accept': '*/*', 'Connection': 'keep-alive'} 
 body=None 
 </msg>
<msg time="2024-06-16T09:16:31.255757" level="INFO">GET Response : url=https://randomuser.me/api 
 status=200, reason=OK 
 headers={'Date': 'Sun, 16 Jun 2024 09:16:31 GMT', 'Content-Type': 'application/json; charset=utf-8', 'Transfer-Encoding': 'chunked', 'Connection': 'keep-alive', 'X-Powered-By': 'Express', 'Access-Control-Allow-Origin': '*', 'Cache-Control': 'no-cache', 'ETag': 'W/"48b-sXdXwusU4gQdkKq7cySgOdARaUg"', 'Vary': 'Accept-Encoding', 'Content-Encoding': 'gzip', 'CF-Cache-Status': 'DYNAMIC', 'Report-To': '{"endpoints":[{"url":"https:\\/\\/a.nel.cloudflare.com\\/report\\/v4?s=qa8CuqMBQ7xdkrqVjUIDFXe%2Fdwr6AsR7ZfZYzeb1ISwX7QHJWULpzsSiC2Wq1L%2FmjoinpBS4kZnkRSmDEsBdRMtQBrncggKP%2BXweoMALAcqb4ksiS%2FAJvs%2F1DDMhH%2FVX"}],"group":"cf-nel","max_age":604800}', 'NEL': '{"success_fraction":0,"report_to":"cf-nel","max_age":604800}', 'Server': 'cloudflare', 'CF-RAY': '8949b3972c6c59a4-IAD', 'alt-svc': 'h3=":443"; ma=86400'} 
 body={"results":[{"gender":"male","name":{"title":"Mr","first":"Kristupas","last":"Utgård"},"location":{"street":{"number":3955,"name":"Vestliveien"},"city":"Ringebu","state":"Hordaland","country":"Norway","postcode":"1763","coordinates":{"latitude":"42.1704","longitude":"-115.9063"},"timezone":{"offset":"+11:00","description":"Magadan, Solomon Islands, New Caledonia"}},"email":"kristupas.utgard@example.com","login":{"uuid":"8ef6fa51-e637-4c26-8b16-98c0495c953a","username":"biggorilla653","password":"rainbow","salt":"4znDVlyF","md5":"0a1f101a5e442f9e99f30ae5fb58c287","sha1":"a5657562170c99d5fe68cc4ed4ca9c179739df66","sha256":"8f60ede0fbbd2461595c4ba1490f160edc0d2011f7305041c1405fa3f1ec8225"},"dob":{"date":"1973-02-18T00:56:23.406Z","age":51},"registered":{"date":"2018-06-24T04:11:44.170Z","age":5},"phone":"35386326","cell":"93835356","id":{"name":"FN","value":"18027300509"},"picture":{"large":"https://randomuser.me/api/portraits/men/3.jpg","medium":"https://randomuser.me/api/portraits/med/men/3.jpg","thumbnail":"https://randomuser.me/api/portraits/thumb/men/3.jpg"},"nat":"NO"}],"info":{"seed":"c2b1d834787333bd","results":1,"page":1,"version":"1.4"}} 
 </msg>
<msg time="2024-06-16T09:16:31.255843" level="INFO">/opt/hostedtoolcache/Python/3.12.3/x64/lib/python3.12/site-packages/urllib3/connectionpool.py:1103: InsecureRequestWarning: Unverified HTTPS request is being made to host 'randomuser.me'. Adding certificate verification is strongly advised. See: https://urllib3.readthedocs.io/en/latest/advanced-usage.html#tls-warnings
  warnings.warn(</msg>
<msg time="2024-06-16T09:16:31.256004" level="INFO">${response} = &lt;Response [200]&gt;</msg>
<var>${response}</var>
<arg>consultarAPI</arg>
<arg>/api</arg>
<doc>Sends a GET request on a previously created HTTP Session.</doc>
<status status="PASS" start="2024-06-16T09:16:31.083209" elapsed="0.172836"/>
</kw>
<kw name="Should Be Equal As Numbers" owner="BuiltIn">
<msg time="2024-06-16T09:16:31.257018" level="INFO">Argument types are:
&lt;class 'int'&gt;
&lt;class 'str'&gt;</msg>
<arg>${response.status_code}</arg>
<arg>200</arg>
<doc>Fails if objects are unequal after converting them to real numbers.</doc>
<status status="PASS" start="2024-06-16T09:16:31.256554" elapsed="0.000527"/>
</kw>
<kw name="Log" owner="BuiltIn">
<msg time="2024-06-16T09:16:31.257759" level="INFO">200</msg>
<arg>${response.status_code}</arg>
<doc>Logs the given message with the given level.</doc>
<status status="PASS" start="2024-06-16T09:16:31.257420" elapsed="0.000387"/>
</kw>
<kw name="Set Variable" owner="BuiltIn">
<msg time="2024-06-16T09:16:31.258535" level="INFO">${json_data} = {'results': [{'gender': 'male', 'name': {'title': 'Mr', 'first': 'Kristupas', 'last': 'Utgård'}, 'location': {'street': {'number': 3955, 'name': 'Vestliveien'}, 'city': 'Ringebu', 'state': 'Hordaland'...</msg>
<var>${json_data}</var>
<arg>${response.json()}</arg>
<doc>Returns the given values which can then be assigned to a variables.</doc>
<status status="PASS" start="2024-06-16T09:16:31.258111" elapsed="0.000455"/>
</kw>
<kw name="Dictionary Should Contain Key" owner="Collections">
<arg>${json_data}</arg>
<arg>results</arg>
<doc>Fails if ``key`` is not found from ``dictionary``.</doc>
<status status="PASS" start="2024-06-16T09:16:31.258865" elapsed="0.000160"/>
</kw>
<status status="PASS" start="2024-06-16T09:16:31.082972" elapsed="0.176196"/>
</kw>
<doc>Testa se a API responde corretamente e retorna um objeto JSON válido.</doc>
<tag>testeRequisicaoBasica</tag>
<status status="PASS" start="2024-06-16T09:16:31.082530" elapsed="0.176801"/>
</test>
<test id="s1-s1-t3" name="Validar estrutura de resposta" line="22">
<kw name="Teste de Estrutura de Resposta" owner="random-user-service">
<kw name="GET On Session" owner="RequestsLibrary">
<msg time="2024-06-16T09:16:31.353257" level="INFO">GET Request : url=https://randomuser.me/api 
 path_url=/api 
 headers={'User-Agent': 'python-requests/2.32.3', 'Accept-Encoding': 'gzip, deflate', 'Accept': '*/*', 'Connection': 'keep-alive'} 
 body=None 
 </msg>
<msg time="2024-06-16T09:16:31.353351" level="INFO">GET Response : url=https://randomuser.me/api 
 status=200, reason=OK 
 headers={'Date': 'Sun, 16 Jun 2024 09:16:31 GMT', 'Content-Type': 'application/json; charset=utf-8', 'Transfer-Encoding': 'chunked', 'Connection': 'keep-alive', 'X-Powered-By': 'Express', 'Access-Control-Allow-Origin': '*', 'Cache-Control': 'no-cache', 'ETag': 'W/"4b0-VUmdztZLCD3E+U3rR78hrK69jJQ"', 'Vary': 'Accept-Encoding', 'Content-Encoding': 'gzip', 'CF-Cache-Status': 'DYNAMIC', 'Report-To': '{"endpoints":[{"url":"https:\\/\\/a.nel.cloudflare.com\\/report\\/v4?s=6YzZlx7hxn92Po6NnEx%2BeNbtVnemTRHYHumD%2B%2BqppTNlvESXnwWargQnyQcPC5m4ecPcc9aZnNG0%2FSOdwUDG5lo011o%2BF8rJU3nznKRQL5gubKKy46MxU7UwivnKvqDA"}],"group":"cf-nel","max_age":604800}', 'NEL': '{"success_fraction":0,"report_to":"cf-nel","max_age":604800}', 'Server': 'cloudflare', 'CF-RAY': '8949b3976c9659a4-IAD', 'alt-svc': 'h3=":443"; ma=86400'} 
 body={"results":[{"gender":"female","name":{"title":"Ms","first":"Carmen","last":"Janke"},"location":{"street":{"number":679,"name":"Wiesenstraße"},"city":"Immenstadt im Allgäu","state":"Baden-Württemberg","country":"Germany","postcode":69596,"coordinates":{"latitude":"-51.4782","longitude":"116.2651"},"timezone":{"offset":"+9:00","description":"Tokyo, Seoul, Osaka, Sapporo, Yakutsk"}},"email":"carmen.janke@example.com","login":{"uuid":"26ed1f60-afdb-4619-a8cf-0b0c5547245d","username":"yellowbird743","password":"service","salt":"7ZTzeLxI","md5":"2cb3a1c75a5fb395992e6aed005fbc3d","sha1":"f02feb80a7a78131f5433ba17d5fb6fc43b42ba2","sha256":"2ba8f5082d24cba3cb28e2859a51f0c37423a77693260ab725b5ae63565d5f00"},"dob":{"date":"1945-10-23T05:45:09.135Z","age":78},"registered":{"date":"2018-05-23T08:15:21.110Z","age":6},"phone":"0324-1238720","cell":"0176-3147119","id":{"name":"SVNR","value":"46 221045 J 582"},"picture":{"large":"https://randomuser.me/api/portraits/women/34.jpg","medium":"https://randomuser.me/api/portraits/med/women/34.jpg","thumbnail":"https://randomuser.me/api/portraits/thumb/women/34.jpg"},"nat":"DE"}],"info":{"seed":"5c4d2a0a576ab296","results":1,"page":1,"version":"1.4"}} 
 </msg>
<msg time="2024-06-16T09:16:31.353494" level="INFO">/opt/hostedtoolcache/Python/3.12.3/x64/lib/python3.12/site-packages/urllib3/connectionpool.py:1103: InsecureRequestWarning: Unverified HTTPS request is being made to host 'randomuser.me'. Adding certificate verification is strongly advised. See: https://urllib3.readthedocs.io/en/latest/advanced-usage.html#tls-warnings
  warnings.warn(</msg>
<msg time="2024-06-16T09:16:31.353633" level="INFO">${response} = &lt;Response [200]&gt;</msg>
<var>${response}</var>
<arg>consultarAPI</arg>
<arg>/api</arg>
<doc>Sends a GET request on a previously created HTTP Session.</doc>
<status status="PASS" start="2024-06-16T09:16:31.262008" elapsed="0.091673"/>
</kw>
<kw name="Set Variable" owner="BuiltIn">
<msg time="2024-06-16T09:16:31.354783" level="INFO">${json_data} = {'results': [{'gender': 'female', 'name': {'title': 'Ms', 'first': 'Carmen', 'last': 'Janke'}, 'location': {'street': {'number': 679, 'name': 'Wiesenstraße'}, 'city': 'Immenstadt im Allgäu', 'state': ...</msg>
<var>${json_data}</var>
<arg>${response.json()}</arg>
<doc>Returns the given values which can then be assigned to a variables.</doc>
<status status="PASS" start="2024-06-16T09:16:31.354225" elapsed="0.000588"/>
</kw>
<kw name="Log" owner="BuiltIn">
<msg time="2024-06-16T09:16:31.355292" level="INFO">{'results': [{'gender': 'female', 'name': {'title': 'Ms', 'first': 'Carmen', 'last': 'Janke'}, 'location': {'street': {'number': 679, 'name': 'Wiesenstraße'}, 'city': 'Immenstadt im Allgäu', 'state': 'Baden-Württemberg', 'country': 'Germany', 'postcode': 69596, 'coordinates': {'latitude': '-51.4782', 'longitude': '116.2651'}, 'timezone': {'offset': '+9:00', 'description': 'Tokyo, Seoul, Osaka, Sapporo, Yakutsk'}}, 'email': 'carmen.janke@example.com', 'login': {'uuid': '26ed1f60-afdb-4619-a8cf-0b0c5547245d', 'username': 'yellowbird743', 'password': 'service', 'salt': '7ZTzeLxI', 'md5': '2cb3a1c75a5fb395992e6aed005fbc3d', 'sha1': 'f02feb80a7a78131f5433ba17d5fb6fc43b42ba2', 'sha256': '2ba8f5082d24cba3cb28e2859a51f0c37423a77693260ab725b5ae63565d5f00'}, 'dob': {'date': '1945-10-23T05:45:09.135Z', 'age': 78}, 'registered': {'date': '2018-05-23T08:15:21.110Z', 'age': 6}, 'phone': '0324-1238720', 'cell': '0176-3147119', 'id': {'name': 'SVNR', 'value': '46 221045 J 582'}, 'picture': {'large': 'https://randomuser.me/api/portraits/women/34.jpg', 'medium': 'https://randomuser.me/api/portraits/med/women/34.jpg', 'thumbnail': 'https://randomuser.me/api/portraits/thumb/women/34.jpg'}, 'nat': 'DE'}], 'info': {'seed': '5c4d2a0a576ab296', 'results': 1, 'page': 1, 'version': '1.4'}}</msg>
<arg>${json_data}</arg>
<doc>Logs the given message with the given level.</doc>
<status status="PASS" start="2024-06-16T09:16:31.355131" elapsed="0.000209"/>
</kw>
<kw name="Dictionary Should Contain Key" owner="Collections">
<arg>${json_data}</arg>
<arg>results</arg>
<doc>Fails if ``key`` is not found from ``dictionary``.</doc>
<status status="PASS" start="2024-06-16T09:16:31.355634" elapsed="0.000157"/>
</kw>
<kw name="Should Not Be Empty" owner="BuiltIn">
<msg time="2024-06-16T09:16:31.356154" level="INFO">Length is 2.</msg>
<arg>${json_data}</arg>
<doc>Verifies that the given item is not empty.</doc>
<status status="PASS" start="2024-06-16T09:16:31.356021" elapsed="0.000171"/>
</kw>
<kw name="Create List" owner="BuiltIn">
<msg time="2024-06-16T09:16:31.356629" level="INFO">${expected_keys} = ['gender', 'name', 'location', 'email', 'login']</msg>
<var>${expected_keys}</var>
<arg>gender</arg>
<arg>name</arg>
<arg>location</arg>
<arg>email</arg>
<arg>login</arg>
<doc>Returns a list containing given items.</doc>
<status status="PASS" start="2024-06-16T09:16:31.356483" elapsed="0.000169"/>
</kw>
<for flavor="IN">
<iter>
<kw name="Dictionary Should Contain Key" owner="Collections">
<arg>${json_data['results'][0]}</arg>
<arg>${key}</arg>
<doc>Fails if ``key`` is not found from ``dictionary``.</doc>
<status status="PASS" start="2024-06-16T09:16:31.357222" elapsed="0.000399"/>
</kw>
<kw name="Log" owner="BuiltIn">
<msg time="2024-06-16T09:16:31.358172" level="INFO">{'gender': 'female', 'name': {'title': 'Ms', 'first': 'Carmen', 'last': 'Janke'}, 'location': {'street': {'number': 679, 'name': 'Wiesenstraße'}, 'city': 'Immenstadt im Allgäu', 'state': 'Baden-Württemberg', 'country': 'Germany', 'postcode': 69596, 'coordinates': {'latitude': '-51.4782', 'longitude': '116.2651'}, 'timezone': {'offset': '+9:00', 'description': 'Tokyo, Seoul, Osaka, Sapporo, Yakutsk'}}, 'email': 'carmen.janke@example.com', 'login': {'uuid': '26ed1f60-afdb-4619-a8cf-0b0c5547245d', 'username': 'yellowbird743', 'password': 'service', 'salt': '7ZTzeLxI', 'md5': '2cb3a1c75a5fb395992e6aed005fbc3d', 'sha1': 'f02feb80a7a78131f5433ba17d5fb6fc43b42ba2', 'sha256': '2ba8f5082d24cba3cb28e2859a51f0c37423a77693260ab725b5ae63565d5f00'}, 'dob': {'date': '1945-10-23T05:45:09.135Z', 'age': 78}, 'registered': {'date': '2018-05-23T08:15:21.110Z', 'age': 6}, 'phone': '0324-1238720', 'cell': '0176-3147119', 'id': {'name': 'SVNR', 'value': '46 221045 J 582'}, 'picture': {'large': 'https://randomuser.me/api/portraits/women/34.jpg', 'medium': 'https://randomuser.me/api/portraits/med/women/34.jpg', 'thumbnail': 'https://randomuser.me/api/portraits/thumb/women/34.jpg'}, 'nat': 'DE'}</msg>
<arg>${json_data['results'][0]}</arg>
<doc>Logs the given message with the given level.</doc>
<status status="PASS" start="2024-06-16T09:16:31.357815" elapsed="0.000408"/>
</kw>
<kw name="Log" owner="BuiltIn">
<msg time="2024-06-16T09:16:31.358646" level="INFO">gender</msg>
<arg>${key}</arg>
<doc>Logs the given message with the given level.</doc>
<status status="PASS" start="2024-06-16T09:16:31.358517" elapsed="0.000172"/>
</kw>
<var name="${key}">gender</var>
<status status="PASS" start="2024-06-16T09:16:31.357098" elapsed="0.001810"/>
</iter>
<iter>
<kw name="Dictionary Should Contain Key" owner="Collections">
<arg>${json_data['results'][0]}</arg>
<arg>${key}</arg>
<doc>Fails if ``key`` is not found from ``dictionary``.</doc>
<status status="PASS" start="2024-06-16T09:16:31.359205" elapsed="0.000385"/>
</kw>
<kw name="Log" owner="BuiltIn">
<msg time="2024-06-16T09:16:31.360185" level="INFO">{'gender': 'female', 'name': {'title': 'Ms', 'first': 'Carmen', 'last': 'Janke'}, 'location': {'street': {'number': 679, 'name': 'Wiesenstraße'}, 'city': 'Immenstadt im Allgäu', 'state': 'Baden-Württemberg', 'country': 'Germany', 'postcode': 69596, 'coordinates': {'latitude': '-51.4782', 'longitude': '116.2651'}, 'timezone': {'offset': '+9:00', 'description': 'Tokyo, Seoul, Osaka, Sapporo, Yakutsk'}}, 'email': 'carmen.janke@example.com', 'login': {'uuid': '26ed1f60-afdb-4619-a8cf-0b0c5547245d', 'username': 'yellowbird743', 'password': 'service', 'salt': '7ZTzeLxI', 'md5': '2cb3a1c75a5fb395992e6aed005fbc3d', 'sha1': 'f02feb80a7a78131f5433ba17d5fb6fc43b42ba2', 'sha256': '2ba8f5082d24cba3cb28e2859a51f0c37423a77693260ab725b5ae63565d5f00'}, 'dob': {'date': '1945-10-23T05:45:09.135Z', 'age': 78}, 'registered': {'date': '2018-05-23T08:15:21.110Z', 'age': 6}, 'phone': '0324-1238720', 'cell': '0176-3147119', 'id': {'name': 'SVNR', 'value': '46 221045 J 582'}, 'picture': {'large': 'https://randomuser.me/api/portraits/women/34.jpg', 'medium': 'https://randomuser.me/api/portraits/med/women/34.jpg', 'thumbnail': 'https://randomuser.me/api/portraits/thumb/women/34.jpg'}, 'nat': 'DE'}</msg>
<arg>${json_data['results'][0]}</arg>
<doc>Logs the given message with the given level.</doc>
<status status="PASS" start="2024-06-16T09:16:31.359801" elapsed="0.000436"/>
</kw>
<kw name="Log" owner="BuiltIn">
<msg time="2024-06-16T09:16:31.360668" level="INFO">name</msg>
<arg>${key}</arg>
<doc>Logs the given message with the given level.</doc>
<status status="PASS" start="2024-06-16T09:16:31.360542" elapsed="0.000164"/>
</kw>
<var name="${key}">name</var>
<status status="PASS" start="2024-06-16T09:16:31.359093" elapsed="0.001827"/>
</iter>
<iter>
<kw name="Dictionary Should Contain Key" owner="Collections">
<arg>${json_data['results'][0]}</arg>
<arg>${key}</arg>
<doc>Fails if ``key`` is not found from ``dictionary``.</doc>
<status status="PASS" start="2024-06-16T09:16:31.361206" elapsed="0.000380"/>
</kw>
<kw name="Log" owner="BuiltIn">
<msg time="2024-06-16T09:16:31.362118" level="INFO">{'gender': 'female', 'name': {'title': 'Ms', 'first': 'Carmen', 'last': 'Janke'}, 'location': {'street': {'number': 679, 'name': 'Wiesenstraße'}, 'city': 'Immenstadt im Allgäu', 'state': 'Baden-Württemberg', 'country': 'Germany', 'postcode': 69596, 'coordinates': {'latitude': '-51.4782', 'longitude': '116.2651'}, 'timezone': {'offset': '+9:00', 'description': 'Tokyo, Seoul, Osaka, Sapporo, Yakutsk'}}, 'email': 'carmen.janke@example.com', 'login': {'uuid': '26ed1f60-afdb-4619-a8cf-0b0c5547245d', 'username': 'yellowbird743', 'password': 'service', 'salt': '7ZTzeLxI', 'md5': '2cb3a1c75a5fb395992e6aed005fbc3d', 'sha1': 'f02feb80a7a78131f5433ba17d5fb6fc43b42ba2', 'sha256': '2ba8f5082d24cba3cb28e2859a51f0c37423a77693260ab725b5ae63565d5f00'}, 'dob': {'date': '1945-10-23T05:45:09.135Z', 'age': 78}, 'registered': {'date': '2018-05-23T08:15:21.110Z', 'age': 6}, 'phone': '0324-1238720', 'cell': '0176-3147119', 'id': {'name': 'SVNR', 'value': '46 221045 J 582'}, 'picture': {'large': 'https://randomuser.me/api/portraits/women/34.jpg', 'medium': 'https://randomuser.me/api/portraits/med/women/34.jpg', 'thumbnail': 'https://randomuser.me/api/portraits/thumb/women/34.jpg'}, 'nat': 'DE'}</msg>
<arg>${json_data['results'][0]}</arg>
<doc>Logs the given message with the given level.</doc>
<status status="PASS" start="2024-06-16T09:16:31.361766" elapsed="0.000400"/>
</kw>
<kw name="Log" owner="BuiltIn">
<msg time="2024-06-16T09:16:31.362581" level="INFO">location</msg>
<arg>${key}</arg>
<doc>Logs the given message with the given level.</doc>
<status status="PASS" start="2024-06-16T09:16:31.362457" elapsed="0.000169"/>
</kw>
<var name="${key}">location</var>
<status status="PASS" start="2024-06-16T09:16:31.361098" elapsed="0.001744"/>
</iter>
<iter>
<kw name="Dictionary Should Contain Key" owner="Collections">
<arg>${json_data['results'][0]}</arg>
<arg>${key}</arg>
<doc>Fails if ``key`` is not found from ``dictionary``.</doc>
<status status="PASS" start="2024-06-16T09:16:31.363117" elapsed="0.000379"/>
</kw>
<kw name="Log" owner="BuiltIn">
<msg time="2024-06-16T09:16:31.364071" level="INFO">{'gender': 'female', 'name': {'title': 'Ms', 'first': 'Carmen', 'last': 'Janke'}, 'location': {'street': {'number': 679, 'name': 'Wiesenstraße'}, 'city': 'Immenstadt im Allgäu', 'state': 'Baden-Württemberg', 'country': 'Germany', 'postcode': 69596, 'coordinates': {'latitude': '-51.4782', 'longitude': '116.2651'}, 'timezone': {'offset': '+9:00', 'description': 'Tokyo, Seoul, Osaka, Sapporo, Yakutsk'}}, 'email': 'carmen.janke@example.com', 'login': {'uuid': '26ed1f60-afdb-4619-a8cf-0b0c5547245d', 'username': 'yellowbird743', 'password': 'service', 'salt': '7ZTzeLxI', 'md5': '2cb3a1c75a5fb395992e6aed005fbc3d', 'sha1': 'f02feb80a7a78131f5433ba17d5fb6fc43b42ba2', 'sha256': '2ba8f5082d24cba3cb28e2859a51f0c37423a77693260ab725b5ae63565d5f00'}, 'dob': {'date': '1945-10-23T05:45:09.135Z', 'age': 78}, 'registered': {'date': '2018-05-23T08:15:21.110Z', 'age': 6}, 'phone': '0324-1238720', 'cell': '0176-3147119', 'id': {'name': 'SVNR', 'value': '46 221045 J 582'}, 'picture': {'large': 'https://randomuser.me/api/portraits/women/34.jpg', 'medium': 'https://randomuser.me/api/portraits/med/women/34.jpg', 'thumbnail': 'https://randomuser.me/api/portraits/thumb/women/34.jpg'}, 'nat': 'DE'}</msg>
<arg>${json_data['results'][0]}</arg>
<doc>Logs the given message with the given level.</doc>
<status status="PASS" start="2024-06-16T09:16:31.363681" elapsed="0.000439"/>
</kw>
<kw name="Log" owner="BuiltIn">
<msg time="2024-06-16T09:16:31.364542" level="INFO">email</msg>
<arg>${key}</arg>
<doc>Logs the given message with the given level.</doc>
<status status="PASS" start="2024-06-16T09:16:31.364415" elapsed="0.000165"/>
</kw>
<var name="${key}">email</var>
<status status="PASS" start="2024-06-16T09:16:31.363011" elapsed="0.001792"/>
</iter>
<iter>
<kw name="Dictionary Should Contain Key" owner="Collections">
<arg>${json_data['results'][0]}</arg>
<arg>${key}</arg>
<doc>Fails if ``key`` is not found from ``dictionary``.</doc>
<status status="PASS" start="2024-06-16T09:16:31.365094" elapsed="0.000386"/>
</kw>
<kw name="Log" owner="BuiltIn">
<msg time="2024-06-16T09:16:31.366016" level="INFO">{'gender': 'female', 'name': {'title': 'Ms', 'first': 'Carmen', 'last': 'Janke'}, 'location': {'street': {'number': 679, 'name': 'Wiesenstraße'}, 'city': 'Immenstadt im Allgäu', 'state': 'Baden-Württemberg', 'country': 'Germany', 'postcode': 69596, 'coordinates': {'latitude': '-51.4782', 'longitude': '116.2651'}, 'timezone': {'offset': '+9:00', 'description': 'Tokyo, Seoul, Osaka, Sapporo, Yakutsk'}}, 'email': 'carmen.janke@example.com', 'login': {'uuid': '26ed1f60-afdb-4619-a8cf-0b0c5547245d', 'username': 'yellowbird743', 'password': 'service', 'salt': '7ZTzeLxI', 'md5': '2cb3a1c75a5fb395992e6aed005fbc3d', 'sha1': 'f02feb80a7a78131f5433ba17d5fb6fc43b42ba2', 'sha256': '2ba8f5082d24cba3cb28e2859a51f0c37423a77693260ab725b5ae63565d5f00'}, 'dob': {'date': '1945-10-23T05:45:09.135Z', 'age': 78}, 'registered': {'date': '2018-05-23T08:15:21.110Z', 'age': 6}, 'phone': '0324-1238720', 'cell': '0176-3147119', 'id': {'name': 'SVNR', 'value': '46 221045 J 582'}, 'picture': {'large': 'https://randomuser.me/api/portraits/women/34.jpg', 'medium': 'https://randomuser.me/api/portraits/med/women/34.jpg', 'thumbnail': 'https://randomuser.me/api/portraits/thumb/women/34.jpg'}, 'nat': 'DE'}</msg>
<arg>${json_data['results'][0]}</arg>
<doc>Logs the given message with the given level.</doc>
<status status="PASS" start="2024-06-16T09:16:31.365663" elapsed="0.000414"/>
</kw>
<kw name="Log" owner="BuiltIn">
<msg time="2024-06-16T09:16:31.366494" level="INFO">login</msg>
<arg>${key}</arg>
<doc>Logs the given message with the given level.</doc>
<status status="PASS" start="2024-06-16T09:16:31.366370" elapsed="0.000161"/>
</kw>
<var name="${key}">login</var>
<status status="PASS" start="2024-06-16T09:16:31.364985" elapsed="0.001766"/>
</iter>
<var>${key}</var>
<value>@{expected_keys}</value>
<status status="PASS" start="2024-06-16T09:16:31.356912" elapsed="0.009987"/>
</for>
<kw name="Create List" owner="BuiltIn">
<msg time="2024-06-16T09:16:31.367242" level="INFO">${expected_keysTwo} = ['username', 'password']</msg>
<var>${expected_keysTwo}</var>
<arg>username</arg>
<arg>password</arg>
<doc>Returns a list containing given items.</doc>
<status status="PASS" start="2024-06-16T09:16:31.367098" elapsed="0.000168"/>
</kw>
<for flavor="IN">
<iter>
<kw name="Dictionary Should Contain Key" owner="Collections">
<arg>${json_data['results'][0]['login']}</arg>
<arg>${keyTwo}</arg>
<doc>Fails if ``key`` is not found from ``dictionary``.</doc>
<status status="PASS" start="2024-06-16T09:16:31.367757" elapsed="0.000418"/>
</kw>
<kw name="Dictionary Should Contain Key" owner="Collections">
<arg>${json_data['results'][0]['login']}</arg>
<arg>${keyTwo}</arg>
<doc>Fails if ``key`` is not found from ``dictionary``.</doc>
<status status="PASS" start="2024-06-16T09:16:31.368360" elapsed="0.000480"/>
</kw>
<kw name="Log" owner="BuiltIn">
<msg time="2024-06-16T09:16:31.369141" level="INFO">username</msg>
<arg>${keyTwo}</arg>
<doc>Logs the given message with the given level.</doc>
<status status="PASS" start="2024-06-16T09:16:31.369021" elapsed="0.000158"/>
</kw>
<var name="${keyTwo}">username</var>
<status status="PASS" start="2024-06-16T09:16:31.367651" elapsed="0.001746"/>
</iter>
<iter>
<kw name="Dictionary Should Contain Key" owner="Collections">
<arg>${json_data['results'][0]['login']}</arg>
<arg>${keyTwo}</arg>
<doc>Fails if ``key`` is not found from ``dictionary``.</doc>
<status status="PASS" start="2024-06-16T09:16:31.369675" elapsed="0.000376"/>
</kw>
<kw name="Dictionary Should Contain Key" owner="Collections">
<arg>${json_data['results'][0]['login']}</arg>
<arg>${keyTwo}</arg>
<doc>Fails if ``key`` is not found from ``dictionary``.</doc>
<status status="PASS" start="2024-06-16T09:16:31.370229" elapsed="0.000364"/>
</kw>
<kw name="Log" owner="BuiltIn">
<msg time="2024-06-16T09:16:31.370885" level="INFO">password</msg>
<arg>${keyTwo}</arg>
<doc>Logs the given message with the given level.</doc>
<status status="PASS" start="2024-06-16T09:16:31.370770" elapsed="0.000152"/>
</kw>
<var name="${keyTwo}">password</var>
<status status="PASS" start="2024-06-16T09:16:31.369569" elapsed="0.001569"/>
</iter>
<var>${keyTwo}</var>
<value>@{expected_keysTwo}</value>
<status status="PASS" start="2024-06-16T09:16:31.367501" elapsed="0.003758"/>
</for>
<status status="PASS" start="2024-06-16T09:16:31.261645" elapsed="0.109755"/>
</kw>
<doc>Testa a estrutura da resposta da API.</doc>
<tag>testeEstruturaResposta</tag>
<status status="PASS" start="2024-06-16T09:16:31.261164" elapsed="0.110392"/>
</test>
<test id="s1-s1-t4" name="Validar tipos de dados" line="28">
<kw name="Teste de Tipos de Dados" owner="random-user-service">
<kw name="GET On Session" owner="RequestsLibrary">
<msg time="2024-06-16T09:16:31.454800" level="INFO">GET Request : url=https://randomuser.me/api 
 path_url=/api 
 headers={'User-Agent': 'python-requests/2.32.3', 'Accept-Encoding': 'gzip, deflate', 'Accept': '*/*', 'Connection': 'keep-alive'} 
 body=None 
 </msg>
<msg time="2024-06-16T09:16:31.454878" level="INFO">GET Response : url=https://randomuser.me/api 
 status=200, reason=OK 
 headers={'Date': 'Sun, 16 Jun 2024 09:16:31 GMT', 'Content-Type': 'application/json; charset=utf-8', 'Transfer-Encoding': 'chunked', 'Connection': 'keep-alive', 'X-Powered-By': 'Express', 'Access-Control-Allow-Origin': '*', 'Cache-Control': 'no-cache', 'ETag': 'W/"478-L2Oso/FY79VhZzLi+YfzoL4zy4w"', 'Vary': 'Accept-Encoding', 'Content-Encoding': 'gzip', 'CF-Cache-Status': 'DYNAMIC', 'Report-To': '{"endpoints":[{"url":"https:\\/\\/a.nel.cloudflare.com\\/report\\/v4?s=wf57EtnNHcBlp3s4O1b6n7NRpHR4ZuwriR%2Fr3Wc%2FqbFjeBV783T1NBm9T6imCTuvPVz4vkX1L0ZMU2BlAGvFuUxWJMaW5UXnR5wVv8Xc8D8%2FZRkl%2BOa9O%2BbLcYDZdV4T"}],"group":"cf-nel","max_age":604800}', 'NEL': '{"success_fraction":0,"report_to":"cf-nel","max_age":604800}', 'Server': 'cloudflare', 'CF-RAY': '8949b3981cfa59a4-IAD', 'alt-svc': 'h3=":443"; ma=86400'} 
 body={"results":[{"gender":"female","name":{"title":"Mrs","first":"Violet","last":"Kumar"},"location":{"street":{"number":3326,"name":"Clyde Street"},"city":"Tauranga","state":"Auckland","country":"New Zealand","postcode":48028,"coordinates":{"latitude":"53.4216","longitude":"176.7265"},"timezone":{"offset":"-2:00","description":"Mid-Atlantic"}},"email":"violet.kumar@example.com","login":{"uuid":"f67652c0-64c1-4dff-9236-2455ab208343","username":"happycat352","password":"christmas","salt":"rVeY88Lj","md5":"17f4cf32a5a21736105b67bad6f796e1","sha1":"3738d2560e1b892b2c6676e404360feb422f6983","sha256":"3bdb607b03fefc8dcbf9acacc0d8ad4a904c9d71a84b09e90296f23b891c7fbb"},"dob":{"date":"1965-10-31T17:36:36.619Z","age":58},"registered":{"date":"2009-09-03T15:36:07.992Z","age":14},"phone":"(710)-522-2606","cell":"(479)-579-7378","id":{"name":"","value":null},"picture":{"large":"https://randomuser.me/api/portraits/women/65.jpg","medium":"https://randomuser.me/api/portraits/med/women/65.jpg","thumbnail":"https://randomuser.me/api/portraits/thumb/women/65.jpg"},"nat":"NZ"}],"info":{"seed":"6c8ec9a53d4e0f1f","results":1,"page":1,"version":"1.4"}} 
 </msg>
<msg time="2024-06-16T09:16:31.454946" level="INFO">/opt/hostedtoolcache/Python/3.12.3/x64/lib/python3.12/site-packages/urllib3/connectionpool.py:1103: InsecureRequestWarning: Unverified HTTPS request is being made to host 'randomuser.me'. Adding certificate verification is strongly advised. See: https://urllib3.readthedocs.io/en/latest/advanced-usage.html#tls-warnings
  warnings.warn(</msg>
<msg time="2024-06-16T09:16:31.455065" level="INFO">${response} = &lt;Response [200]&gt;</msg>
<var>${response}</var>
<arg>consultarAPI</arg>
<arg>/api</arg>
<doc>Sends a GET request on a previously created HTTP Session.</doc>
<status status="PASS" start="2024-06-16T09:16:31.374045" elapsed="0.081068"/>
</kw>
<kw name="Set Variable" owner="BuiltIn">
<msg time="2024-06-16T09:16:31.456140" level="INFO">${json_data} = {'results': [{'gender': 'female', 'name': {'title': 'Mrs', 'first': 'Violet', 'last': 'Kumar'}, 'location': {'street': {'number': 3326, 'name': 'Clyde Street'}, 'city': 'Tauranga', 'state': 'Auckland'...</msg>
<var>${json_data}</var>
<arg>${response.json()}</arg>
<doc>Returns the given values which can then be assigned to a variables.</doc>
<status status="PASS" start="2024-06-16T09:16:31.455582" elapsed="0.000587"/>
</kw>
<kw name="Log" owner="BuiltIn">
<msg time="2024-06-16T09:16:31.456637" level="INFO">{'results': [{'gender': 'female', 'name': {'title': 'Mrs', 'first': 'Violet', 'last': 'Kumar'}, 'location': {'street': {'number': 3326, 'name': 'Clyde Street'}, 'city': 'Tauranga', 'state': 'Auckland', 'country': 'New Zealand', 'postcode': 48028, 'coordinates': {'latitude': '53.4216', 'longitude': '176.7265'}, 'timezone': {'offset': '-2:00', 'description': 'Mid-Atlantic'}}, 'email': 'violet.kumar@example.com', 'login': {'uuid': 'f67652c0-64c1-4dff-9236-2455ab208343', 'username': 'happycat352', 'password': 'christmas', 'salt': 'rVeY88Lj', 'md5': '17f4cf32a5a21736105b67bad6f796e1', 'sha1': '3738d2560e1b892b2c6676e404360feb422f6983', 'sha256': '3bdb607b03fefc8dcbf9acacc0d8ad4a904c9d71a84b09e90296f23b891c7fbb'}, 'dob': {'date': '1965-10-31T17:36:36.619Z', 'age': 58}, 'registered': {'date': '2009-09-03T15:36:07.992Z', 'age': 14}, 'phone': '(710)-522-2606', 'cell': '(479)-579-7378', 'id': {'name': '', 'value': None}, 'picture': {'large': 'https://randomuser.me/api/portraits/women/65.jpg', 'medium': 'https://randomuser.me/api/portraits/med/women/65.jpg', 'thumbnail': 'https://randomuser.me/api/portraits/thumb/women/65.jpg'}, 'nat': 'NZ'}], 'info': {'seed': '6c8ec9a53d4e0f1f', 'results': 1, 'page': 1, 'version': '1.4'}}</msg>
<arg>${json_data}</arg>
<doc>Logs the given message with the given level.</doc>
<status status="PASS" start="2024-06-16T09:16:31.456483" elapsed="0.000201"/>
</kw>
<kw name="Should Be String" owner="String">
<arg>${json_data['results'][0]['gender']}</arg>
<doc>Fails if the given ``item`` is not a string.</doc>
<status status="PASS" start="2024-06-16T09:16:31.456974" elapsed="0.000360"/>
</kw>
<kw name="Should Match Regexp" owner="BuiltIn">
<arg>${json_data['results'][0]['email']}</arg>
<arg>^[a-zA-Z0-9._%+-]+@[a-zA-Z0-9.-]+\.[a-zA-Z]{2,}$</arg>
<doc>Fails if ``string`` does not match ``pattern`` as a regular expression.</doc>
<status status="PASS" start="2024-06-16T09:16:31.457556" elapsed="0.000513"/>
</kw>
<kw name="Should Match Regexp" owner="BuiltIn">
<arg>${json_data['results'][0]['dob']['date']}</arg>
<arg>\\d{4}-\\d{2}-\\d{2}T\\d{2}:\\d{2}:\\d{2}\\.\\d{3}Z</arg>
<doc>Fails if ``string`` does not match ``pattern`` as a regular expression.</doc>
<status status="PASS" start="2024-06-16T09:16:31.458265" elapsed="0.000477"/>
</kw>
<kw name="Should Match Regexp" owner="BuiltIn">
<arg>${json_data['results'][0]['registered']['date']}</arg>
<arg>\\d{4}-\\d{2}-\\d{2}T\\d{2}:\\d{2}:\\d{2}\\.\\d{3}Z</arg>
<doc>Fails if ``string`` does not match ``pattern`` as a regular expression.</doc>
<status status="PASS" start="2024-06-16T09:16:31.458933" elapsed="0.000370"/>
</kw>
<kw name="Should Match Regexp" owner="BuiltIn">
<arg>${json_data['results'][0]['picture']['large']}</arg>
<arg>^https?://.*\.(?:png|jpe?g|gif|bmp)$</arg>
<doc>Fails if ``string`` does not match ``pattern`` as a regular expression.</doc>
<status status="PASS" start="2024-06-16T09:16:31.459489" elapsed="0.000489"/>
</kw>
<kw name="Should Match Regexp" owner="BuiltIn">
<arg>${json_data['results'][0]['picture']['medium']}</arg>
<arg>^https?://.*\.(?:png|jpe?g|gif|bmp)$</arg>
<doc>Fails if ``string`` does not match ``pattern`` as a regular expression.</doc>
<status status="PASS" start="2024-06-16T09:16:31.460184" elapsed="0.000355"/>
</kw>
<kw name="Should Match Regexp" owner="BuiltIn">
<arg>${json_data['results'][0]['picture']['thumbnail']}</arg>
<arg>^https?://.*\.(?:png|jpe?g|gif|bmp)$</arg>
<doc>Fails if ``string`` does not match ``pattern`` as a regular expression.</doc>
<status status="PASS" start="2024-06-16T09:16:31.460725" elapsed="0.000345"/>
</kw>
<kw name="Log" owner="BuiltIn">
<msg time="2024-06-16T09:16:31.461586" level="INFO">{'large': 'https://randomuser.me/api/portraits/women/65.jpg', 'medium': 'https://randomuser.me/api/portraits/med/women/65.jpg', 'thumbnail': 'https://randomuser.me/api/portraits/thumb/women/65.jpg'}</msg>
<arg>${json_data['results'][0]['picture']}</arg>
<doc>Logs the given message with the given level.</doc>
<status status="PASS" start="2024-06-16T09:16:31.461259" elapsed="0.000370"/>
</kw>
<status status="PASS" start="2024-06-16T09:16:31.373818" elapsed="0.088080"/>
</kw>
<kw name="Teste de Tipos de Dados - Postcode" owner="random-user-service">
<kw name="GET On Session" owner="RequestsLibrary">
<msg time="2024-06-16T09:16:31.569326" level="INFO">GET Request : url=https://randomuser.me/api 
 path_url=/api 
 headers={'User-Agent': 'python-requests/2.32.3', 'Accept-Encoding': 'gzip, deflate', 'Accept': '*/*', 'Connection': 'keep-alive'} 
 body=None 
 </msg>
<msg time="2024-06-16T09:16:31.569391" level="INFO">GET Response : url=https://randomuser.me/api 
 status=200, reason=OK 
 headers={'Date': 'Sun, 16 Jun 2024 09:16:31 GMT', 'Content-Type': 'application/json; charset=utf-8', 'Transfer-Encoding': 'chunked', 'Connection': 'keep-alive', 'X-Powered-By': 'Express', 'Access-Control-Allow-Origin': '*', 'Cache-Control': 'no-cache', 'ETag': 'W/"49a-KultA52DPEGEWXPgRwZBFiB4cv4"', 'Vary': 'Accept-Encoding', 'Content-Encoding': 'gzip', 'CF-Cache-Status': 'DYNAMIC', 'Report-To': '{"endpoints":[{"url":"https:\\/\\/a.nel.cloudflare.com\\/report\\/v4?s=Phl3OtioA593w%2BsY5UTeIq30Uj1JEEKv9EZDdZpRxediGzC7NLMhhN7I1kweX5VWIftUkHMkHY25NrSoy1nSjCtW97coXNmRWtWZL1%2BlJIrZ3uhH8WGfwxiZWKKNdDt2"}],"group":"cf-nel","max_age":604800}', 'NEL': '{"success_fraction":0,"report_to":"cf-nel","max_age":604800}', 'Server': 'cloudflare', 'CF-RAY': '8949b398ad5a59a4-IAD', 'alt-svc': 'h3=":443"; ma=86400'} 
 body={"results":[{"gender":"female","name":{"title":"Miss","first":"Zoe","last":"Cruz"},"location":{"street":{"number":8945,"name":"Ormond Quay"},"city":"Kinsealy-Drinan","state":"South Dublin","country":"Ireland","postcode":69129,"coordinates":{"latitude":"3.7821","longitude":"133.2810"},"timezone":{"offset":"+5:00","description":"Ekaterinburg, Islamabad, Karachi, Tashkent"}},"email":"zoe.cruz@example.com","login":{"uuid":"f24ae98d-a448-42d1-b18c-8cfa43d3dda9","username":"silverleopard806","password":"lawson","salt":"srIjZh7f","md5":"50a7ae3d56c7ce82ed1d18ef64a648e3","sha1":"6f7526132d5ae246531df06609c7817676b36155","sha256":"ee1e21eef755759c20cf3cc6c99bec9779d56762629a56840a204dd0e5e14f93"},"dob":{"date":"1998-06-28T09:23:33.216Z","age":25},"registered":{"date":"2015-12-01T22:20:33.010Z","age":8},"phone":"021-828-8669","cell":"081-728-2339","id":{"name":"PPS","value":"5939701T"},"picture":{"large":"https://randomuser.me/api/portraits/women/25.jpg","medium":"https://randomuser.me/api/portraits/med/women/25.jpg","thumbnail":"https://randomuser.me/api/portraits/thumb/women/25.jpg"},"nat":"IE"}],"info":{"seed":"c0e83150ec64ceee","results":1,"page":1,"version":"1.4"}} 
 </msg>
<msg time="2024-06-16T09:16:31.569447" level="INFO">/opt/hostedtoolcache/Python/3.12.3/x64/lib/python3.12/site-packages/urllib3/connectionpool.py:1103: InsecureRequestWarning: Unverified HTTPS request is being made to host 'randomuser.me'. Adding certificate verification is strongly advised. See: https://urllib3.readthedocs.io/en/latest/advanced-usage.html#tls-warnings
  warnings.warn(</msg>
<msg time="2024-06-16T09:16:31.569544" level="INFO">${response} = &lt;Response [200]&gt;</msg>
<var>${response}</var>
<arg>consultarAPI</arg>
<arg>/api</arg>
<doc>Sends a GET request on a previously created HTTP Session.</doc>
<status status="PASS" start="2024-06-16T09:16:31.462332" elapsed="0.107251"/>
</kw>
<kw name="Set Variable" owner="BuiltIn">
<msg time="2024-06-16T09:16:31.570394" level="INFO">${json_data} = {'results': [{'gender': 'female', 'name': {'title': 'Miss', 'first': 'Zoe', 'last': 'Cruz'}, 'location': {'street': {'number': 8945, 'name': 'Ormond Quay'}, 'city': 'Kinsealy-Drinan', 'state': 'South ...</msg>
<var>${json_data}</var>
<arg>${response.json()}</arg>
<doc>Returns the given values which can then be assigned to a variables.</doc>
<status status="PASS" start="2024-06-16T09:16:31.569953" elapsed="0.000469"/>
</kw>
<kw name="Log" owner="BuiltIn">
<msg time="2024-06-16T09:16:31.571022" level="INFO">{'results': [{'gender': 'female', 'name': {'title': 'Miss', 'first': 'Zoe', 'last': 'Cruz'}, 'location': {'street': {'number': 8945, 'name': 'Ormond Quay'}, 'city': 'Kinsealy-Drinan', 'state': 'South Dublin', 'country': 'Ireland', 'postcode': 69129, 'coordinates': {'latitude': '3.7821', 'longitude': '133.2810'}, 'timezone': {'offset': '+5:00', 'description': 'Ekaterinburg, Islamabad, Karachi, Tashkent'}}, 'email': 'zoe.cruz@example.com', 'login': {'uuid': 'f24ae98d-a448-42d1-b18c-8cfa43d3dda9', 'username': 'silverleopard806', 'password': 'lawson', 'salt': 'srIjZh7f', 'md5': '50a7ae3d56c7ce82ed1d18ef64a648e3', 'sha1': '6f7526132d5ae246531df06609c7817676b36155', 'sha256': 'ee1e21eef755759c20cf3cc6c99bec9779d56762629a56840a204dd0e5e14f93'}, 'dob': {'date': '1998-06-28T09:23:33.216Z', 'age': 25}, 'registered': {'date': '2015-12-01T22:20:33.010Z', 'age': 8}, 'phone': '021-828-8669', 'cell': '081-728-2339', 'id': {'name': 'PPS', 'value': '5939701T'}, 'picture': {'large': 'https://randomuser.me/api/portraits/women/25.jpg', 'medium': 'https://randomuser.me/api/portraits/med/women/25.jpg', 'thumbnail': 'https://randomuser.me/api/portraits/thumb/women/25.jpg'}, 'nat': 'IE'}], 'info': {'seed': 'c0e83150ec64ceee', 'results': 1, 'page': 1, 'version': '1.4'}}</msg>
<arg>${json_data}</arg>
<doc>Logs the given message with the given level.</doc>
<status status="PASS" start="2024-06-16T09:16:31.570867" elapsed="0.000201"/>
</kw>
<kw name="Should Be Equal As Numbers" owner="BuiltIn">
<arg>${json_data['results'][0]['location']['postcode']}</arg>
<arg>${json_data['results'][0]['location']['postcode']}</arg>
<doc>Fails if objects are unequal after converting them to real numbers.</doc>
<status status="PASS" start="2024-06-16T09:16:31.571356" elapsed="0.000634"/>
</kw>
<kw name="Log" owner="BuiltIn">
<msg time="2024-06-16T09:16:31.572562" level="INFO">69129</msg>
<arg>${json_data['results'][0]['location']['postcode']}</arg>
<doc>Logs the given message with the given level.</doc>
<status status="PASS" start="2024-06-16T09:16:31.572227" elapsed="0.000375"/>
</kw>
<status status="PASS" start="2024-06-16T09:16:31.462110" elapsed="0.110742"/>
</kw>
<doc>Testa se os tipos de dados na resposta da API estão corretos.</doc>
<tag>testeTiposDados</tag>
<status status="PASS" start="2024-06-16T09:16:31.373366" elapsed="0.199642"/>
</test>
<test id="s1-s1-t5" name="Validar conteudo" line="35">
<kw name="Teste de Tipos de Conteudo" owner="random-user-service">
<kw name="GET On Session" owner="RequestsLibrary">
<msg time="2024-06-16T09:16:31.655430" level="INFO">GET Request : url=https://randomuser.me/api 
 path_url=/api 
 headers={'User-Agent': 'python-requests/2.32.3', 'Accept-Encoding': 'gzip, deflate', 'Accept': '*/*', 'Connection': 'keep-alive'} 
 body=None 
 </msg>
<msg time="2024-06-16T09:16:31.655503" level="INFO">GET Response : url=https://randomuser.me/api 
 status=200, reason=OK 
 headers={'Date': 'Sun, 16 Jun 2024 09:16:31 GMT', 'Content-Type': 'application/json; charset=utf-8', 'Transfer-Encoding': 'chunked', 'Connection': 'keep-alive', 'X-Powered-By': 'Express', 'Access-Control-Allow-Origin': '*', 'Cache-Control': 'no-cache', 'ETag': 'W/"49b-5vbK4bnG8qEAW/yAQxDXuENlaow"', 'Vary': 'Accept-Encoding', 'Content-Encoding': 'gzip', 'CF-Cache-Status': 'DYNAMIC', 'Report-To': '{"endpoints":[{"url":"https:\\/\\/a.nel.cloudflare.com\\/report\\/v4?s=tVGwyIkxgdaDjsTTh4BINrE%2BxQvikxqXa5IR9DxmNIimZJxA9Tsm0fUbFbEcOvJ6qj0%2F0rpoSnVNHadiGH%2Bj6tRVugsEJ7wD08386uK3Ec%2FND1htg02fZyn%2BfeVJfN4p"}],"group":"cf-nel","max_age":604800}', 'NEL': '{"success_fraction":0,"report_to":"cf-nel","max_age":604800}', 'Server': 'cloudflare', 'CF-RAY': '8949b3995dc759a4-IAD', 'alt-svc': 'h3=":443"; ma=86400'} 
 body={"results":[{"gender":"female","name":{"title":"Miss","first":"Alma","last":"Caballero"},"location":{"street":{"number":4915,"name":"Peatonal Norte Jurado"},"city":"Tenenexpan","state":"Sonora","country":"Mexico","postcode":63644,"coordinates":{"latitude":"23.7224","longitude":"77.3263"},"timezone":{"offset":"+2:00","description":"Kaliningrad, South Africa"}},"email":"alma.caballero@example.com","login":{"uuid":"02387bdc-9257-439d-a606-492289d86abe","username":"happyfish642","password":"454545","salt":"lvEmJZAy","md5":"0d0a021b72dc35314838fb415532f0f5","sha1":"06f7f10899506c1a34b3a0e780c409acc9b442db","sha256":"19fcc3a429ae32645889fc86ad35014de36354fe7f025f2307fe89704dcd418a"},"dob":{"date":"1953-03-16T14:58:28.357Z","age":71},"registered":{"date":"2004-12-10T06:36:23.566Z","age":19},"phone":"(658) 536 7853","cell":"(696) 809 6875","id":{"name":"NSS","value":"30 84 74 2431 6"},"picture":{"large":"https://randomuser.me/api/portraits/women/54.jpg","medium":"https://randomuser.me/api/portraits/med/women/54.jpg","thumbnail":"https://randomuser.me/api/portraits/thumb/women/54.jpg"},"nat":"MX"}],"info":{"seed":"f30fc578f6f1d6a9","results":1,"page":1,"version":"1.4"}} 
 </msg>
<msg time="2024-06-16T09:16:31.655557" level="INFO">/opt/hostedtoolcache/Python/3.12.3/x64/lib/python3.12/site-packages/urllib3/connectionpool.py:1103: InsecureRequestWarning: Unverified HTTPS request is being made to host 'randomuser.me'. Adding certificate verification is strongly advised. See: https://urllib3.readthedocs.io/en/latest/advanced-usage.html#tls-warnings
  warnings.warn(</msg>
<msg time="2024-06-16T09:16:31.655641" level="INFO">${response} = &lt;Response [200]&gt;</msg>
<var>${response}</var>
<arg>consultarAPI</arg>
<arg>/api</arg>
<doc>Sends a GET request on a previously created HTTP Session.</doc>
<status status="PASS" start="2024-06-16T09:16:31.575756" elapsed="0.079915"/>
</kw>
<kw name="Set Variable" owner="BuiltIn">
<msg time="2024-06-16T09:16:31.656494" level="INFO">${json_data} = {'results': [{'gender': 'female', 'name': {'title': 'Miss', 'first': 'Alma', 'last': 'Caballero'}, 'location': {'street': {'number': 4915, 'name': 'Peatonal Norte Jurado'}, 'city': 'Tenenexpan', 'stat...</msg>
<var>${json_data}</var>
<arg>${response.json()}</arg>
<doc>Returns the given values which can then be assigned to a variables.</doc>
<status status="PASS" start="2024-06-16T09:16:31.656062" elapsed="0.000460"/>
</kw>
<kw name="Set Variable" owner="BuiltIn">
<msg time="2024-06-16T09:16:31.657201" level="INFO">${name_title} = Miss</msg>
<var>${name_title}</var>
<arg>${json_data["results"][0]["name"]["title"]}</arg>
<doc>Returns the given values which can then be assigned to a variables.</doc>
<status status="PASS" start="2024-06-16T09:16:31.656820" elapsed="0.000406"/>
</kw>
<kw name="Create List" owner="BuiltIn">
<msg time="2024-06-16T09:16:31.657665" level="INFO">${allowed_titles} = ['Mr', 'Ms', 'Miss', 'Mrs', 'Madame', 'Monsieur']</msg>
<var>${allowed_titles}</var>
<arg>Mr</arg>
<arg>Ms</arg>
<arg>Miss</arg>
<arg>Mrs</arg>
<arg>Madame</arg>
<arg>Monsieur</arg>
<doc>Returns a list containing given items.</doc>
<status status="PASS" start="2024-06-16T09:16:31.657519" elapsed="0.000171"/>
</kw>
<kw name="List Should Contain Value" owner="Collections">
<arg>${allowed_titles}</arg>
<arg>${name_title}</arg>
<doc>Fails if the ``value`` is not found from ``list``.</doc>
<status status="PASS" start="2024-06-16T09:16:31.657983" elapsed="0.000173"/>
</kw>
<kw name="Set Variable" owner="BuiltIn">
<msg time="2024-06-16T09:16:31.658707" level="INFO">${name_country} = MX</msg>
<var>${name_country}</var>
<arg>${json_data["results"][0]["nat"]}</arg>
<doc>Returns the given values which can then be assigned to a variables.</doc>
<status status="PASS" start="2024-06-16T09:16:31.658338" elapsed="0.000394"/>
</kw>
<kw name="Create List" owner="BuiltIn">
<msg time="2024-06-16T09:16:31.659616" level="INFO">${list_country} = ['AD', 'AE', 'AF', 'AG', 'AI', 'AL', 'AM', 'AO', 'AQ', 'AR', 'AS', 'AT', 'AU', 'AW', 'AX', 'AZ', 'BA', 'BB', 'BD', 'BE', 'BF', 'BG', 'BH', 'BI', 'BJ', 'BL', 'BM', 'BN', 'BO', 'BQ', 'BR', 'BS', 'BT', '...</msg>
<var>${list_country}</var>
<arg>AD</arg>
<arg>AE</arg>
<arg>AF</arg>
<arg>AG</arg>
<arg>AI</arg>
<arg>AL</arg>
<arg>AM</arg>
<arg>AO</arg>
<arg>AQ</arg>
<arg>AR</arg>
<arg>AS</arg>
<arg>AT</arg>
<arg>AU</arg>
<arg>AW</arg>
<arg>AX</arg>
<arg>AZ</arg>
<arg>BA</arg>
<arg>BB</arg>
<arg>BD</arg>
<arg>BE</arg>
<arg>BF</arg>
<arg>BG</arg>
<arg>BH</arg>
<arg>BI</arg>
<arg>BJ</arg>
<arg>BL</arg>
<arg>BM</arg>
<arg>BN</arg>
<arg>BO</arg>
<arg>BQ</arg>
<arg>BR</arg>
<arg>BS</arg>
<arg>BT</arg>
<arg>BV</arg>
<arg>BW</arg>
<arg>BY</arg>
<arg>BZ</arg>
<arg>CA</arg>
<arg>CC</arg>
<arg>CD</arg>
<arg>CF</arg>
<arg>CG</arg>
<arg>CH</arg>
<arg>CI</arg>
<arg>CK</arg>
<arg>CL</arg>
<arg>CM</arg>
<arg>CN</arg>
<arg>CO</arg>
<arg>CR</arg>
<arg>CU</arg>
<arg>CV</arg>
<arg>CW</arg>
<arg>CX</arg>
<arg>CY</arg>
<arg>CZ</arg>
<arg>DE</arg>
<arg>DJ</arg>
<arg>DK</arg>
<arg>DM</arg>
<arg>DO</arg>
<arg>DZ</arg>
<arg>EC</arg>
<arg>EE</arg>
<arg>EG</arg>
<arg>EH</arg>
<arg>ER</arg>
<arg>ES</arg>
<arg>ET</arg>
<arg>FI</arg>
<arg>FJ</arg>
<arg>FK</arg>
<arg>FM</arg>
<arg>FO</arg>
<arg>FR</arg>
<arg>GA</arg>
<arg>GB</arg>
<arg>GD</arg>
<arg>GE</arg>
<arg>GF</arg>
<arg>GG</arg>
<arg>GH</arg>
<arg>GI</arg>
<arg>GL</arg>
<arg>GM</arg>
<arg>GN</arg>
<arg>GP</arg>
<arg>GQ</arg>
<arg>GR</arg>
<arg>GS</arg>
<arg>GT</arg>
<arg>GU</arg>
<arg>GW</arg>
<arg>GY</arg>
<arg>HK</arg>
<arg>HM</arg>
<arg>HN</arg>
<arg>HR</arg>
<arg>HT</arg>
<arg>HU</arg>
<arg>ID</arg>
<arg>IE</arg>
<arg>IL</arg>
<arg>IM</arg>
<arg>IN</arg>
<arg>IO</arg>
<arg>IQ</arg>
<arg>IR</arg>
<arg>IS</arg>
<arg>IT</arg>
<arg>JE</arg>
<arg>JM</arg>
<arg>JO</arg>
<arg>JP</arg>
<arg>KE</arg>
<arg>KG</arg>
<arg>KH</arg>
<arg>KI</arg>
<arg>KM</arg>
<arg>KN</arg>
<arg>KP</arg>
<arg>KR</arg>
<arg>KW</arg>
<arg>KY</arg>
<arg>KZ</arg>
<arg>LA</arg>
<arg>LB</arg>
<arg>LC</arg>
<arg>LI</arg>
<arg>LK</arg>
<arg>LR</arg>
<arg>LS</arg>
<arg>LT</arg>
<arg>LU</arg>
<arg>LV</arg>
<arg>LY</arg>
<arg>MA</arg>
<arg>MC</arg>
<arg>MD</arg>
<arg>ME</arg>
<arg>MF</arg>
<arg>MG</arg>
<arg>MH</arg>
<arg>MK</arg>
<arg>ML</arg>
<arg>MM</arg>
<arg>MN</arg>
<arg>MO</arg>
<arg>MP</arg>
<arg>MQ</arg>
<arg>MR</arg>
<arg>MS</arg>
<arg>MT</arg>
<arg>MU</arg>
<arg>MV</arg>
<arg>MW</arg>
<arg>MX</arg>
<arg>MY</arg>
<arg>MZ</arg>
<arg>NA</arg>
<arg>NC</arg>
<arg>NE</arg>
<arg>NF</arg>
<arg>NG</arg>
<arg>NI</arg>
<arg>NL</arg>
<arg>NO</arg>
<arg>NP</arg>
<arg>NR</arg>
<arg>NU</arg>
<arg>NZ</arg>
<arg>OM</arg>
<arg>PA</arg>
<arg>PE</arg>
<arg>PF</arg>
<arg>PG</arg>
<arg>PH</arg>
<arg>PK</arg>
<arg>PL</arg>
<arg>PM</arg>
<arg>PN</arg>
<arg>PR</arg>
<arg>PS</arg>
<arg>PT</arg>
<arg>PW</arg>
<arg>PY</arg>
<arg>QA</arg>
<arg>RE</arg>
<arg>RO</arg>
<arg>RS</arg>
<arg>RU</arg>
<arg>RW</arg>
<arg>SA</arg>
<arg>SB</arg>
<arg>SC</arg>
<arg>SD</arg>
<arg>SE</arg>
<arg>SG</arg>
<arg>SH</arg>
<arg>SI</arg>
<arg>SJ</arg>
<arg>SK</arg>
<arg>SL</arg>
<arg>SM</arg>
<arg>SN</arg>
<arg>SO</arg>
<arg>SR</arg>
<arg>SS</arg>
<arg>ST</arg>
<arg>SV</arg>
<arg>SX</arg>
<arg>SY</arg>
<arg>SZ</arg>
<arg>TC</arg>
<arg>TD</arg>
<arg>TF</arg>
<arg>TG</arg>
<arg>TH</arg>
<arg>TJ</arg>
<arg>TK</arg>
<arg>TL</arg>
<arg>TM</arg>
<arg>TN</arg>
<arg>TO</arg>
<arg>TR</arg>
<arg>TT</arg>
<arg>TV</arg>
<arg>TW</arg>
<arg>TZ</arg>
<arg>UA</arg>
<arg>UG</arg>
<arg>UM</arg>
<arg>US</arg>
<arg>UY</arg>
<arg>UZ</arg>
<arg>VA</arg>
<arg>VC</arg>
<arg>VE</arg>
<arg>VG</arg>
<arg>VI</arg>
<arg>VN</arg>
<arg>VU</arg>
<arg>WF</arg>
<arg>WS</arg>
<arg>XK</arg>
<arg>YE</arg>
<arg>YT</arg>
<arg>ZA</arg>
<arg>ZM</arg>
<arg>ZW</arg>
<doc>Returns a list containing given items.</doc>
<status status="PASS" start="2024-06-16T09:16:31.659024" elapsed="0.000617"/>
</kw>
<kw name="List Should Contain Value" owner="Collections">
<arg>${list_country}</arg>
<arg>${name_country}</arg>
<doc>Fails if the ``value`` is not found from ``list``.</doc>
<status status="PASS" start="2024-06-16T09:16:31.660473" elapsed="0.000209"/>
</kw>
<kw name="Run Keyword If" owner="BuiltIn">
<kw name="Should Be True" owner="BuiltIn">
<arg>${True}</arg>
<doc>Fails if the given condition is not true.</doc>
<status status="PASS" start="2024-06-16T09:16:31.661599" elapsed="0.000240"/>
</kw>
<arg>${json_data["results"][0]["location"]["coordinates"]["latitude"]} &gt;= -90 and ${json_data["results"][0]["location"]["coordinates"]["latitude"]} &lt;= 90</arg>
<arg>Should Be True</arg>
<arg>${True}</arg>
<doc>Runs the given keyword with the given arguments, if ``condition`` is true.</doc>
<status status="PASS" start="2024-06-16T09:16:31.660878" elapsed="0.001088"/>
</kw>
<kw name="Run Keyword If" owner="BuiltIn">
<kw name="Should Be True" owner="BuiltIn">
<arg>${True}</arg>
<doc>Fails if the given condition is not true.</doc>
<status status="PASS" start="2024-06-16T09:16:31.662836" elapsed="0.000137"/>
</kw>
<arg>${json_data["results"][0]["location"]["coordinates"]["longitude"]} &gt;= -180 and ${json_data["results"][0]["location"]["coordinates"]["longitude"]} &lt;= 180</arg>
<arg>Should Be True</arg>
<arg>${True}</arg>
<doc>Runs the given keyword with the given arguments, if ``condition`` is true.</doc>
<status status="PASS" start="2024-06-16T09:16:31.662148" elapsed="0.000944"/>
</kw>
<status status="PASS" start="2024-06-16T09:16:31.575396" elapsed="0.087819"/>
</kw>
<doc>Testa o conteúdo específico dos campos retornados pela API.</doc>
<tag>testeConteudo</tag>
<status status="PASS" start="2024-06-16T09:16:31.574733" elapsed="0.088619"/>
</test>
<status status="PASS" start="2024-06-16T09:16:30.759332" elapsed="0.905991"/>
</suite>
<status status="PASS" start="2024-06-16T09:16:30.746028" elapsed="0.924382"/>
</suite>
<statistics>
<total>
<stat pass="5" fail="0" skip="0">All Tests</stat>
</total>
<tag>
<stat pass="1" fail="0" skip="0">testeConteudo</stat>
<stat pass="1" fail="0" skip="0">testeEstruturaResposta</stat>
<stat pass="1" fail="0" skip="0">testeRequisicaoBasica</stat>
<stat pass="1" fail="0" skip="0">testeTiposDados</stat>
</tag>
<suite>
<stat pass="5" fail="0" skip="0" id="s1" name="Tests">Tests</stat>
<stat pass="5" fail="0" skip="0" id="s1-s1" name="Random-User-Test">Tests.Random-User-Test</stat>
</suite>
</statistics>
<errors>
</errors>
</robot>
