<?xml version="1.0" encoding="UTF-8"?>
<robot generator="Robot 7.0.1 (Python 3.12.4 on linux)" generated="2024-06-23T12:26:37.625869" rpa="false" schemaversion="5">
<suite id="s1" name="Tests" source="/home/runner/work/ApiRandomUser/ApiRandomUser/RamdonUser/tests">
<suite id="s1-s1" name="Random-User-Test" source="/home/runner/work/ApiRandomUser/ApiRandomUser/RamdonUser/tests/random-user-test.robot">
<test id="s1-s1-t1" name="Conectar" line="13">
<kw name="Conectar API" owner="random-user-service">
<kw name="Create Session" owner="RequestsLibrary">
<msg time="2024-06-23T12:26:38.022065" level="INFO">Creating Session using : alias=consultarAPI, url=https://randomuser.me/, headers={},                     cookies={}, auth=None, timeout=None, proxies=None, verify=False,                     debug=0 </msg>
<arg>consultarAPI</arg>
<arg>${URL}</arg>
<doc>Create Session: create a HTTP session to a server</doc>
<status status="PASS" start="2024-06-23T12:26:38.021870" elapsed="0.000348"/>
</kw>
<status status="PASS" start="2024-06-23T12:26:38.020962" elapsed="0.001588"/>
</kw>
<status status="PASS" start="2024-06-23T12:26:38.020454" elapsed="0.002287"/>
</test>
<test id="s1-s1-t2" name="Validar retorno 200 e JSON Válido" line="16">
<kw name="Teste de Requisicao Basica" owner="random-user-service">
<kw name="GET On Session" owner="RequestsLibrary">
<msg time="2024-06-23T12:26:38.194761" level="INFO">GET Request : url=https://randomuser.me/api 
 path_url=/api 
 headers={'User-Agent': 'python-requests/2.32.3', 'Accept-Encoding': 'gzip, deflate', 'Accept': '*/*', 'Connection': 'keep-alive'} 
 body=None 
 </msg>
<msg time="2024-06-23T12:26:38.194880" level="INFO">GET Response : url=https://randomuser.me/api 
 status=200, reason=OK 
 headers={'Date': 'Sun, 23 Jun 2024 12:26:38 GMT', 'Content-Type': 'application/json; charset=utf-8', 'Transfer-Encoding': 'chunked', 'Connection': 'keep-alive', 'X-Powered-By': 'Express', 'Access-Control-Allow-Origin': '*', 'Cache-Control': 'no-cache', 'ETag': 'W/"4af-j3QYAAH2QTn3Z+kB7m/QUukUdmA"', 'Vary': 'Accept-Encoding', 'Content-Encoding': 'gzip', 'CF-Cache-Status': 'DYNAMIC', 'Report-To': '{"endpoints":[{"url":"https:\\/\\/a.nel.cloudflare.com\\/report\\/v4?s=Ig7t9yBW7yaS12%2BkCp21Fssl%2BZY%2BcYhBACjDMt6TvYKixTm7vIJRjDY4QuATOo09Z3ZxgRfEq9VHyemssQVzFx9vL4D7c96XUbZ%2F0uHyl%2Fh3b%2FsafONEwfEujV6vweQ3"}],"group":"cf-nel","max_age":604800}', 'NEL': '{"success_fraction":0,"report_to":"cf-nel","max_age":604800}', 'Server': 'cloudflare', 'CF-RAY': '898477b48a3c82de-IAD', 'alt-svc': 'h3=":443"; ma=86400'} 
 body={"results":[{"gender":"female","name":{"title":"Mrs","first":"Tülay","last":"Steenvoorden"},"location":{"street":{"number":1086,"name":"Achterhuizen"},"city":"Scharnegoutum","state":"Groningen","country":"Netherlands","postcode":"2180 AK","coordinates":{"latitude":"38.3169","longitude":"83.3946"},"timezone":{"offset":"+11:00","description":"Magadan, Solomon Islands, New Caledonia"}},"email":"tulay.steenvoorden@example.com","login":{"uuid":"ea6f10b6-4f23-4c76-b5a6-1f2a7ae7d7b5","username":"happycat961","password":"pass1234","salt":"8hoVDxRx","md5":"092d4c293b9f5458c9bcd79ba519d5ff","sha1":"3db1ad02f9320901b71c3cef6f4c18e57bcf896a","sha256":"95d54f7eff02493f98a6bd97f3a23de2698f6df1e6fcd10eb3608b96a59aa0c4"},"dob":{"date":"1954-12-21T04:12:17.033Z","age":69},"registered":{"date":"2015-01-19T08:53:17.547Z","age":9},"phone":"(068) 4847309","cell":"(06) 20547069","id":{"name":"BSN","value":"85875336"},"picture":{"large":"https://randomuser.me/api/portraits/women/43.jpg","medium":"https://randomuser.me/api/portraits/med/women/43.jpg","thumbnail":"https://randomuser.me/api/portraits/thumb/women/43.jpg"},"nat":"NL"}],"info":{"seed":"3d35af76a3792662","results":1,"page":1,"version":"1.4"}} 
 </msg>
<msg time="2024-06-23T12:26:38.194955" level="INFO">/opt/hostedtoolcache/Python/3.12.4/x64/lib/python3.12/site-packages/urllib3/connectionpool.py:1099: InsecureRequestWarning: Unverified HTTPS request is being made to host 'randomuser.me'. Adding certificate verification is strongly advised. See: https://urllib3.readthedocs.io/en/latest/advanced-usage.html#tls-warnings
  warnings.warn(</msg>
<msg time="2024-06-23T12:26:38.195089" level="INFO">${response} = &lt;Response [200]&gt;</msg>
<var>${response}</var>
<arg>consultarAPI</arg>
<arg>/api</arg>
<doc>Sends a GET request on a previously created HTTP Session.</doc>
<status status="PASS" start="2024-06-23T12:26:38.025321" elapsed="0.169809"/>
</kw>
<kw name="Should Be Equal As Numbers" owner="BuiltIn">
<msg time="2024-06-23T12:26:38.195988" level="INFO">Argument types are:
&lt;class 'int'&gt;
&lt;class 'str'&gt;</msg>
<arg>${response.status_code}</arg>
<arg>200</arg>
<doc>Fails if objects are unequal after converting them to real numbers.</doc>
<status status="PASS" start="2024-06-23T12:26:38.195564" elapsed="0.000495"/>
</kw>
<kw name="Log" owner="BuiltIn">
<msg time="2024-06-23T12:26:38.196750" level="INFO">200</msg>
<arg>${response.status_code}</arg>
<doc>Logs the given message with the given level.</doc>
<status status="PASS" start="2024-06-23T12:26:38.196390" elapsed="0.000403"/>
</kw>
<kw name="Set Variable" owner="BuiltIn">
<msg time="2024-06-23T12:26:38.197573" level="INFO">${json_data} = {'results': [{'gender': 'female', 'name': {'title': 'Mrs', 'first': 'Tülay', 'last': 'Steenvoorden'}, 'location': {'street': {'number': 1086, 'name': 'Achterhuizen'}, 'city': 'Scharnegoutum', 'state':...</msg>
<var>${json_data}</var>
<arg>${response.json()}</arg>
<doc>Returns the given values which can then be assigned to a variables.</doc>
<status status="PASS" start="2024-06-23T12:26:38.197102" elapsed="0.000503"/>
</kw>
<kw name="Dictionary Should Contain Key" owner="Collections">
<arg>${json_data}</arg>
<arg>results</arg>
<doc>Fails if ``key`` is not found from ``dictionary``.</doc>
<status status="PASS" start="2024-06-23T12:26:38.197908" elapsed="0.000164"/>
</kw>
<status status="PASS" start="2024-06-23T12:26:38.025028" elapsed="0.173189"/>
</kw>
<doc>Testa se a API responde corretamente e retorna um objeto JSON válido.</doc>
<tag>testeRequisicaoBasica</tag>
<status status="PASS" start="2024-06-23T12:26:38.024573" elapsed="0.173810"/>
</test>
<test id="s1-s1-t3" name="Validar estrutura de resposta" line="22">
<kw name="Teste de Estrutura de Resposta" owner="random-user-service">
<kw name="GET On Session" owner="RequestsLibrary">
<msg time="2024-06-23T12:26:38.293999" level="INFO">GET Request : url=https://randomuser.me/api 
 path_url=/api 
 headers={'User-Agent': 'python-requests/2.32.3', 'Accept-Encoding': 'gzip, deflate', 'Accept': '*/*', 'Connection': 'keep-alive'} 
 body=None 
 </msg>
<msg time="2024-06-23T12:26:38.294068" level="INFO">GET Response : url=https://randomuser.me/api 
 status=200, reason=OK 
 headers={'Date': 'Sun, 23 Jun 2024 12:26:38 GMT', 'Content-Type': 'application/json; charset=utf-8', 'Transfer-Encoding': 'chunked', 'Connection': 'keep-alive', 'X-Powered-By': 'Express', 'Access-Control-Allow-Origin': '*', 'Cache-Control': 'no-cache', 'ETag': 'W/"488-E0Itl2waCYJW1bAgr0DsUpuJP34"', 'Vary': 'Accept-Encoding', 'Content-Encoding': 'gzip', 'CF-Cache-Status': 'DYNAMIC', 'Report-To': '{"endpoints":[{"url":"https:\\/\\/a.nel.cloudflare.com\\/report\\/v4?s=AAzJWS5QzHthkEyOZQ0x0CtUi%2B%2F%2F1B5gz1SnwbqUsP9lG%2Ba40rnHHgO0%2FSGuCW59vRmSvtGO2JUdP%2BE9MHa6BN53FMkB8W0zZhZcC%2BGEeYeygM2GA5oARVwgCP55oIGF"}],"group":"cf-nel","max_age":604800}', 'NEL': '{"success_fraction":0,"report_to":"cf-nel","max_age":604800}', 'Server': 'cloudflare', 'CF-RAY': '898477b4ca7f82de-IAD', 'alt-svc': 'h3=":443"; ma=86400'} 
 body={"results":[{"gender":"female","name":{"title":"Miss","first":"Lesa","last":"Davidson"},"location":{"street":{"number":6447,"name":"Depaul Dr"},"city":"Geraldton","state":"Australian Capital Territory","country":"Australia","postcode":7465,"coordinates":{"latitude":"-89.4453","longitude":"59.7079"},"timezone":{"offset":"+4:30","description":"Kabul"}},"email":"lesa.davidson@example.com","login":{"uuid":"933aa260-4e1e-4c0d-9a4c-dc19a8054901","username":"silversnake829","password":"cwoui","salt":"4f5XcZJP","md5":"8f542c6f431ef5a46faaa407cea46355","sha1":"c93513ee3eb1daf2d38d9f299d030e51b3e9263e","sha256":"01ebdce671ebfb5289f452f56f8f0a5e593164cfa5b14c9ebb8466891465644e"},"dob":{"date":"1950-09-27T16:25:20.946Z","age":73},"registered":{"date":"2014-02-20T10:36:24.634Z","age":10},"phone":"05-0335-0103","cell":"0490-131-614","id":{"name":"TFN","value":"124974969"},"picture":{"large":"https://randomuser.me/api/portraits/women/64.jpg","medium":"https://randomuser.me/api/portraits/med/women/64.jpg","thumbnail":"https://randomuser.me/api/portraits/thumb/women/64.jpg"},"nat":"AU"}],"info":{"seed":"ee65d4a666aac26a","results":1,"page":1,"version":"1.4"}} 
 </msg>
<msg time="2024-06-23T12:26:38.294169" level="INFO">/opt/hostedtoolcache/Python/3.12.4/x64/lib/python3.12/site-packages/urllib3/connectionpool.py:1099: InsecureRequestWarning: Unverified HTTPS request is being made to host 'randomuser.me'. Adding certificate verification is strongly advised. See: https://urllib3.readthedocs.io/en/latest/advanced-usage.html#tls-warnings
  warnings.warn(</msg>
<msg time="2024-06-23T12:26:38.294285" level="INFO">${response} = &lt;Response [200]&gt;</msg>
<var>${response}</var>
<arg>consultarAPI</arg>
<arg>/api</arg>
<doc>Sends a GET request on a previously created HTTP Session.</doc>
<status status="PASS" start="2024-06-23T12:26:38.200961" elapsed="0.093364"/>
</kw>
<kw name="Set Variable" owner="BuiltIn">
<msg time="2024-06-23T12:26:38.295150" level="INFO">${json_data} = {'results': [{'gender': 'female', 'name': {'title': 'Miss', 'first': 'Lesa', 'last': 'Davidson'}, 'location': {'street': {'number': 6447, 'name': 'Depaul Dr'}, 'city': 'Geraldton', 'state': 'Australia...</msg>
<var>${json_data}</var>
<arg>${response.json()}</arg>
<doc>Returns the given values which can then be assigned to a variables.</doc>
<status status="PASS" start="2024-06-23T12:26:38.294695" elapsed="0.000483"/>
</kw>
<kw name="Log" owner="BuiltIn">
<msg time="2024-06-23T12:26:38.295652" level="INFO">{'results': [{'gender': 'female', 'name': {'title': 'Miss', 'first': 'Lesa', 'last': 'Davidson'}, 'location': {'street': {'number': 6447, 'name': 'Depaul Dr'}, 'city': 'Geraldton', 'state': 'Australian Capital Territory', 'country': 'Australia', 'postcode': 7465, 'coordinates': {'latitude': '-89.4453', 'longitude': '59.7079'}, 'timezone': {'offset': '+4:30', 'description': 'Kabul'}}, 'email': 'lesa.davidson@example.com', 'login': {'uuid': '933aa260-4e1e-4c0d-9a4c-dc19a8054901', 'username': 'silversnake829', 'password': 'cwoui', 'salt': '4f5XcZJP', 'md5': '8f542c6f431ef5a46faaa407cea46355', 'sha1': 'c93513ee3eb1daf2d38d9f299d030e51b3e9263e', 'sha256': '01ebdce671ebfb5289f452f56f8f0a5e593164cfa5b14c9ebb8466891465644e'}, 'dob': {'date': '1950-09-27T16:25:20.946Z', 'age': 73}, 'registered': {'date': '2014-02-20T10:36:24.634Z', 'age': 10}, 'phone': '05-0335-0103', 'cell': '0490-131-614', 'id': {'name': 'TFN', 'value': '124974969'}, 'picture': {'large': 'https://randomuser.me/api/portraits/women/64.jpg', 'medium': 'https://randomuser.me/api/portraits/med/women/64.jpg', 'thumbnail': 'https://randomuser.me/api/portraits/thumb/women/64.jpg'}, 'nat': 'AU'}], 'info': {'seed': 'ee65d4a666aac26a', 'results': 1, 'page': 1, 'version': '1.4'}}</msg>
<arg>${json_data}</arg>
<doc>Logs the given message with the given level.</doc>
<status status="PASS" start="2024-06-23T12:26:38.295492" elapsed="0.000209"/>
</kw>
<kw name="Dictionary Should Contain Key" owner="Collections">
<arg>${json_data}</arg>
<arg>results</arg>
<doc>Fails if ``key`` is not found from ``dictionary``.</doc>
<status status="PASS" start="2024-06-23T12:26:38.295996" elapsed="0.000158"/>
</kw>
<kw name="Should Not Be Empty" owner="BuiltIn">
<msg time="2024-06-23T12:26:38.296460" level="INFO">Length is 2.</msg>
<arg>${json_data}</arg>
<doc>Verifies that the given item is not empty.</doc>
<status status="PASS" start="2024-06-23T12:26:38.296336" elapsed="0.000164"/>
</kw>
<kw name="Create List" owner="BuiltIn">
<msg time="2024-06-23T12:26:38.297064" level="INFO">${expected_keys} = ['gender', 'name', 'location', 'email', 'login']</msg>
<var>${expected_keys}</var>
<arg>gender</arg>
<arg>name</arg>
<arg>location</arg>
<arg>email</arg>
<arg>login</arg>
<doc>Returns a list containing given items.</doc>
<status status="PASS" start="2024-06-23T12:26:38.296785" elapsed="0.000304"/>
</kw>
<for flavor="IN">
<iter>
<kw name="Dictionary Should Contain Key" owner="Collections">
<arg>${json_data['results'][0]}</arg>
<arg>${key}</arg>
<doc>Fails if ``key`` is not found from ``dictionary``.</doc>
<status status="PASS" start="2024-06-23T12:26:38.297692" elapsed="0.000414"/>
</kw>
<kw name="Log" owner="BuiltIn">
<msg time="2024-06-23T12:26:38.298660" level="INFO">{'gender': 'female', 'name': {'title': 'Miss', 'first': 'Lesa', 'last': 'Davidson'}, 'location': {'street': {'number': 6447, 'name': 'Depaul Dr'}, 'city': 'Geraldton', 'state': 'Australian Capital Territory', 'country': 'Australia', 'postcode': 7465, 'coordinates': {'latitude': '-89.4453', 'longitude': '59.7079'}, 'timezone': {'offset': '+4:30', 'description': 'Kabul'}}, 'email': 'lesa.davidson@example.com', 'login': {'uuid': '933aa260-4e1e-4c0d-9a4c-dc19a8054901', 'username': 'silversnake829', 'password': 'cwoui', 'salt': '4f5XcZJP', 'md5': '8f542c6f431ef5a46faaa407cea46355', 'sha1': 'c93513ee3eb1daf2d38d9f299d030e51b3e9263e', 'sha256': '01ebdce671ebfb5289f452f56f8f0a5e593164cfa5b14c9ebb8466891465644e'}, 'dob': {'date': '1950-09-27T16:25:20.946Z', 'age': 73}, 'registered': {'date': '2014-02-20T10:36:24.634Z', 'age': 10}, 'phone': '05-0335-0103', 'cell': '0490-131-614', 'id': {'name': 'TFN', 'value': '124974969'}, 'picture': {'large': 'https://randomuser.me/api/portraits/women/64.jpg', 'medium': 'https://randomuser.me/api/portraits/med/women/64.jpg', 'thumbnail': 'https://randomuser.me/api/portraits/thumb/women/64.jpg'}, 'nat': 'AU'}</msg>
<arg>${json_data['results'][0]}</arg>
<doc>Logs the given message with the given level.</doc>
<status status="PASS" start="2024-06-23T12:26:38.298301" elapsed="0.000409"/>
</kw>
<kw name="Log" owner="BuiltIn">
<msg time="2024-06-23T12:26:38.299139" level="INFO">gender</msg>
<arg>${key}</arg>
<doc>Logs the given message with the given level.</doc>
<status status="PASS" start="2024-06-23T12:26:38.299009" elapsed="0.000169"/>
</kw>
<var name="${key}">gender</var>
<status status="PASS" start="2024-06-23T12:26:38.297567" elapsed="0.001828"/>
</iter>
<iter>
<kw name="Dictionary Should Contain Key" owner="Collections">
<arg>${json_data['results'][0]}</arg>
<arg>${key}</arg>
<doc>Fails if ``key`` is not found from ``dictionary``.</doc>
<status status="PASS" start="2024-06-23T12:26:38.299693" elapsed="0.000390"/>
</kw>
<kw name="Log" owner="BuiltIn">
<msg time="2024-06-23T12:26:38.300625" level="INFO">{'gender': 'female', 'name': {'title': 'Miss', 'first': 'Lesa', 'last': 'Davidson'}, 'location': {'street': {'number': 6447, 'name': 'Depaul Dr'}, 'city': 'Geraldton', 'state': 'Australian Capital Territory', 'country': 'Australia', 'postcode': 7465, 'coordinates': {'latitude': '-89.4453', 'longitude': '59.7079'}, 'timezone': {'offset': '+4:30', 'description': 'Kabul'}}, 'email': 'lesa.davidson@example.com', 'login': {'uuid': '933aa260-4e1e-4c0d-9a4c-dc19a8054901', 'username': 'silversnake829', 'password': 'cwoui', 'salt': '4f5XcZJP', 'md5': '8f542c6f431ef5a46faaa407cea46355', 'sha1': 'c93513ee3eb1daf2d38d9f299d030e51b3e9263e', 'sha256': '01ebdce671ebfb5289f452f56f8f0a5e593164cfa5b14c9ebb8466891465644e'}, 'dob': {'date': '1950-09-27T16:25:20.946Z', 'age': 73}, 'registered': {'date': '2014-02-20T10:36:24.634Z', 'age': 10}, 'phone': '05-0335-0103', 'cell': '0490-131-614', 'id': {'name': 'TFN', 'value': '124974969'}, 'picture': {'large': 'https://randomuser.me/api/portraits/women/64.jpg', 'medium': 'https://randomuser.me/api/portraits/med/women/64.jpg', 'thumbnail': 'https://randomuser.me/api/portraits/thumb/women/64.jpg'}, 'nat': 'AU'}</msg>
<arg>${json_data['results'][0]}</arg>
<doc>Logs the given message with the given level.</doc>
<status status="PASS" start="2024-06-23T12:26:38.300270" elapsed="0.000435"/>
</kw>
<kw name="Log" owner="BuiltIn">
<msg time="2024-06-23T12:26:38.301134" level="INFO">name</msg>
<arg>${key}</arg>
<doc>Logs the given message with the given level.</doc>
<status status="PASS" start="2024-06-23T12:26:38.301005" elapsed="0.000168"/>
</kw>
<var name="${key}">name</var>
<status status="PASS" start="2024-06-23T12:26:38.299580" elapsed="0.001832"/>
</iter>
<iter>
<kw name="Dictionary Should Contain Key" owner="Collections">
<arg>${json_data['results'][0]}</arg>
<arg>${key}</arg>
<doc>Fails if ``key`` is not found from ``dictionary``.</doc>
<status status="PASS" start="2024-06-23T12:26:38.301703" elapsed="0.000388"/>
</kw>
<kw name="Log" owner="BuiltIn">
<msg time="2024-06-23T12:26:38.302624" level="INFO">{'gender': 'female', 'name': {'title': 'Miss', 'first': 'Lesa', 'last': 'Davidson'}, 'location': {'street': {'number': 6447, 'name': 'Depaul Dr'}, 'city': 'Geraldton', 'state': 'Australian Capital Territory', 'country': 'Australia', 'postcode': 7465, 'coordinates': {'latitude': '-89.4453', 'longitude': '59.7079'}, 'timezone': {'offset': '+4:30', 'description': 'Kabul'}}, 'email': 'lesa.davidson@example.com', 'login': {'uuid': '933aa260-4e1e-4c0d-9a4c-dc19a8054901', 'username': 'silversnake829', 'password': 'cwoui', 'salt': '4f5XcZJP', 'md5': '8f542c6f431ef5a46faaa407cea46355', 'sha1': 'c93513ee3eb1daf2d38d9f299d030e51b3e9263e', 'sha256': '01ebdce671ebfb5289f452f56f8f0a5e593164cfa5b14c9ebb8466891465644e'}, 'dob': {'date': '1950-09-27T16:25:20.946Z', 'age': 73}, 'registered': {'date': '2014-02-20T10:36:24.634Z', 'age': 10}, 'phone': '05-0335-0103', 'cell': '0490-131-614', 'id': {'name': 'TFN', 'value': '124974969'}, 'picture': {'large': 'https://randomuser.me/api/portraits/women/64.jpg', 'medium': 'https://randomuser.me/api/portraits/med/women/64.jpg', 'thumbnail': 'https://randomuser.me/api/portraits/thumb/women/64.jpg'}, 'nat': 'AU'}</msg>
<arg>${json_data['results'][0]}</arg>
<doc>Logs the given message with the given level.</doc>
<status status="PASS" start="2024-06-23T12:26:38.302274" elapsed="0.000399"/>
</kw>
<kw name="Log" owner="BuiltIn">
<msg time="2024-06-23T12:26:38.303096" level="INFO">location</msg>
<arg>${key}</arg>
<doc>Logs the given message with the given level.</doc>
<status status="PASS" start="2024-06-23T12:26:38.302967" elapsed="0.000167"/>
</kw>
<var name="${key}">location</var>
<status status="PASS" start="2024-06-23T12:26:38.301593" elapsed="0.001756"/>
</iter>
<iter>
<kw name="Dictionary Should Contain Key" owner="Collections">
<arg>${json_data['results'][0]}</arg>
<arg>${key}</arg>
<doc>Fails if ``key`` is not found from ``dictionary``.</doc>
<status status="PASS" start="2024-06-23T12:26:38.303637" elapsed="0.000393"/>
</kw>
<kw name="Log" owner="BuiltIn">
<msg time="2024-06-23T12:26:38.304565" level="INFO">{'gender': 'female', 'name': {'title': 'Miss', 'first': 'Lesa', 'last': 'Davidson'}, 'location': {'street': {'number': 6447, 'name': 'Depaul Dr'}, 'city': 'Geraldton', 'state': 'Australian Capital Territory', 'country': 'Australia', 'postcode': 7465, 'coordinates': {'latitude': '-89.4453', 'longitude': '59.7079'}, 'timezone': {'offset': '+4:30', 'description': 'Kabul'}}, 'email': 'lesa.davidson@example.com', 'login': {'uuid': '933aa260-4e1e-4c0d-9a4c-dc19a8054901', 'username': 'silversnake829', 'password': 'cwoui', 'salt': '4f5XcZJP', 'md5': '8f542c6f431ef5a46faaa407cea46355', 'sha1': 'c93513ee3eb1daf2d38d9f299d030e51b3e9263e', 'sha256': '01ebdce671ebfb5289f452f56f8f0a5e593164cfa5b14c9ebb8466891465644e'}, 'dob': {'date': '1950-09-27T16:25:20.946Z', 'age': 73}, 'registered': {'date': '2014-02-20T10:36:24.634Z', 'age': 10}, 'phone': '05-0335-0103', 'cell': '0490-131-614', 'id': {'name': 'TFN', 'value': '124974969'}, 'picture': {'large': 'https://randomuser.me/api/portraits/women/64.jpg', 'medium': 'https://randomuser.me/api/portraits/med/women/64.jpg', 'thumbnail': 'https://randomuser.me/api/portraits/thumb/women/64.jpg'}, 'nat': 'AU'}</msg>
<arg>${json_data['results'][0]}</arg>
<doc>Logs the given message with the given level.</doc>
<status status="PASS" start="2024-06-23T12:26:38.304212" elapsed="0.000405"/>
</kw>
<kw name="Log" owner="BuiltIn">
<msg time="2024-06-23T12:26:38.305037" level="INFO">email</msg>
<arg>${key}</arg>
<doc>Logs the given message with the given level.</doc>
<status status="PASS" start="2024-06-23T12:26:38.304910" elapsed="0.000166"/>
</kw>
<var name="${key}">email</var>
<status status="PASS" start="2024-06-23T12:26:38.303527" elapsed="0.001784"/>
</iter>
<iter>
<kw name="Dictionary Should Contain Key" owner="Collections">
<arg>${json_data['results'][0]}</arg>
<arg>${key}</arg>
<doc>Fails if ``key`` is not found from ``dictionary``.</doc>
<status status="PASS" start="2024-06-23T12:26:38.305590" elapsed="0.000391"/>
</kw>
<kw name="Log" owner="BuiltIn">
<msg time="2024-06-23T12:26:38.306514" level="INFO">{'gender': 'female', 'name': {'title': 'Miss', 'first': 'Lesa', 'last': 'Davidson'}, 'location': {'street': {'number': 6447, 'name': 'Depaul Dr'}, 'city': 'Geraldton', 'state': 'Australian Capital Territory', 'country': 'Australia', 'postcode': 7465, 'coordinates': {'latitude': '-89.4453', 'longitude': '59.7079'}, 'timezone': {'offset': '+4:30', 'description': 'Kabul'}}, 'email': 'lesa.davidson@example.com', 'login': {'uuid': '933aa260-4e1e-4c0d-9a4c-dc19a8054901', 'username': 'silversnake829', 'password': 'cwoui', 'salt': '4f5XcZJP', 'md5': '8f542c6f431ef5a46faaa407cea46355', 'sha1': 'c93513ee3eb1daf2d38d9f299d030e51b3e9263e', 'sha256': '01ebdce671ebfb5289f452f56f8f0a5e593164cfa5b14c9ebb8466891465644e'}, 'dob': {'date': '1950-09-27T16:25:20.946Z', 'age': 73}, 'registered': {'date': '2014-02-20T10:36:24.634Z', 'age': 10}, 'phone': '05-0335-0103', 'cell': '0490-131-614', 'id': {'name': 'TFN', 'value': '124974969'}, 'picture': {'large': 'https://randomuser.me/api/portraits/women/64.jpg', 'medium': 'https://randomuser.me/api/portraits/med/women/64.jpg', 'thumbnail': 'https://randomuser.me/api/portraits/thumb/women/64.jpg'}, 'nat': 'AU'}</msg>
<arg>${json_data['results'][0]}</arg>
<doc>Logs the given message with the given level.</doc>
<status status="PASS" start="2024-06-23T12:26:38.306163" elapsed="0.000398"/>
</kw>
<kw name="Log" owner="BuiltIn">
<msg time="2024-06-23T12:26:38.306984" level="INFO">login</msg>
<arg>${key}</arg>
<doc>Logs the given message with the given level.</doc>
<status status="PASS" start="2024-06-23T12:26:38.306857" elapsed="0.000165"/>
</kw>
<var name="${key}">login</var>
<status status="PASS" start="2024-06-23T12:26:38.305482" elapsed="0.001752"/>
</iter>
<var>${key}</var>
<value>@{expected_keys}</value>
<status status="PASS" start="2024-06-23T12:26:38.297375" elapsed="0.009978"/>
</for>
<kw name="Create List" owner="BuiltIn">
<msg time="2024-06-23T12:26:38.307674" level="INFO">${expected_keysTwo} = ['username', 'password']</msg>
<var>${expected_keysTwo}</var>
<arg>username</arg>
<arg>password</arg>
<doc>Returns a list containing given items.</doc>
<status status="PASS" start="2024-06-23T12:26:38.307540" elapsed="0.000158"/>
</kw>
<for flavor="IN">
<iter>
<kw name="Dictionary Should Contain Key" owner="Collections">
<arg>${json_data['results'][0]['login']}</arg>
<arg>${keyTwo}</arg>
<doc>Fails if ``key`` is not found from ``dictionary``.</doc>
<status status="PASS" start="2024-06-23T12:26:38.308222" elapsed="0.000383"/>
</kw>
<kw name="Dictionary Should Contain Key" owner="Collections">
<arg>${json_data['results'][0]['login']}</arg>
<arg>${keyTwo}</arg>
<doc>Fails if ``key`` is not found from ``dictionary``.</doc>
<status status="PASS" start="2024-06-23T12:26:38.308791" elapsed="0.000372"/>
</kw>
<kw name="Log" owner="BuiltIn">
<msg time="2024-06-23T12:26:38.309488" level="INFO">username</msg>
<arg>${keyTwo}</arg>
<doc>Logs the given message with the given level.</doc>
<status status="PASS" start="2024-06-23T12:26:38.309368" elapsed="0.000159"/>
</kw>
<var name="${keyTwo}">username</var>
<status status="PASS" start="2024-06-23T12:26:38.308115" elapsed="0.001636"/>
</iter>
<iter>
<kw name="Dictionary Should Contain Key" owner="Collections">
<arg>${json_data['results'][0]['login']}</arg>
<arg>${keyTwo}</arg>
<doc>Fails if ``key`` is not found from ``dictionary``.</doc>
<status status="PASS" start="2024-06-23T12:26:38.310025" elapsed="0.000388"/>
</kw>
<kw name="Dictionary Should Contain Key" owner="Collections">
<arg>${json_data['results'][0]['login']}</arg>
<arg>${keyTwo}</arg>
<doc>Fails if ``key`` is not found from ``dictionary``.</doc>
<status status="PASS" start="2024-06-23T12:26:38.310591" elapsed="0.000375"/>
</kw>
<kw name="Log" owner="BuiltIn">
<msg time="2024-06-23T12:26:38.311258" level="INFO">password</msg>
<arg>${keyTwo}</arg>
<doc>Logs the given message with the given level.</doc>
<status status="PASS" start="2024-06-23T12:26:38.311140" elapsed="0.000155"/>
</kw>
<var name="${keyTwo}">password</var>
<status status="PASS" start="2024-06-23T12:26:38.309919" elapsed="0.001684"/>
</iter>
<var>${keyTwo}</var>
<value>@{expected_keysTwo}</value>
<status status="PASS" start="2024-06-23T12:26:38.307955" elapsed="0.003769"/>
</for>
<status status="PASS" start="2024-06-23T12:26:38.200727" elapsed="0.111133"/>
</kw>
<doc>Testa a estrutura da resposta da API.</doc>
<tag>testeEstruturaResposta</tag>
<status status="PASS" start="2024-06-23T12:26:38.200166" elapsed="0.111839"/>
</test>
<test id="s1-s1-t4" name="Validar tipos de dados" line="28">
<kw name="Teste de Tipos de Dados" owner="random-user-service">
<kw name="GET On Session" owner="RequestsLibrary">
<msg time="2024-06-23T12:26:38.397426" level="INFO">GET Request : url=https://randomuser.me/api 
 path_url=/api 
 headers={'User-Agent': 'python-requests/2.32.3', 'Accept-Encoding': 'gzip, deflate', 'Accept': '*/*', 'Connection': 'keep-alive'} 
 body=None 
 </msg>
<msg time="2024-06-23T12:26:38.397514" level="INFO">GET Response : url=https://randomuser.me/api 
 status=200, reason=OK 
 headers={'Date': 'Sun, 23 Jun 2024 12:26:38 GMT', 'Content-Type': 'application/json; charset=utf-8', 'Transfer-Encoding': 'chunked', 'Connection': 'keep-alive', 'X-Powered-By': 'Express', 'Access-Control-Allow-Origin': '*', 'Cache-Control': 'no-cache', 'ETag': 'W/"47c-XLZUr9suemBaPsBiwTK3VLJDxI4"', 'Vary': 'Accept-Encoding', 'Content-Encoding': 'gzip', 'CF-Cache-Status': 'DYNAMIC', 'Report-To': '{"endpoints":[{"url":"https:\\/\\/a.nel.cloudflare.com\\/report\\/v4?s=KFmJj1yMmcIZQjsTs6aQdcUFI7g36z2GI2XWT8s3Y2iyBa5dbp2%2FnvNF%2FSWu2hEXIPEhTHOVxrgJ8lPIoV15bOXG%2Bcl5vAnLc38FyQOe1m261FoKdDbaQPTPDgrnAmJ8"}],"group":"cf-nel","max_age":604800}', 'NEL': '{"success_fraction":0,"report_to":"cf-nel","max_age":604800}', 'Server': 'cloudflare', 'CF-RAY': '898477b57b3a82de-IAD', 'alt-svc': 'h3=":443"; ma=86400'} 
 body={"results":[{"gender":"female","name":{"title":"Miss","first":"Vildan","last":"Tahincioğlu"},"location":{"street":{"number":1799,"name":"Tunalı Hilmi Cd"},"city":"Nevşehir","state":"Antalya","country":"Turkey","postcode":89790,"coordinates":{"latitude":"68.3901","longitude":"83.7719"},"timezone":{"offset":"+5:45","description":"Kathmandu"}},"email":"vildan.tahincioglu@example.com","login":{"uuid":"fc2c2a91-ea51-4384-9776-c25e114458c9","username":"happyrabbit265","password":"julie","salt":"NwgnIrwE","md5":"933992a6df2cf14c92bf22579c3adadf","sha1":"d5ae9068fe1a47aa6a040954b3303c7aa5e6007b","sha256":"e87f4bb94d9aa1702fa80c45dbc33418671e8b81811136caa7e35cb7d8b078f6"},"dob":{"date":"1963-06-09T23:00:26.589Z","age":61},"registered":{"date":"2020-08-07T16:55:45.127Z","age":3},"phone":"(022)-357-5279","cell":"(675)-011-6430","id":{"name":"","value":null},"picture":{"large":"https://randomuser.me/api/portraits/women/8.jpg","medium":"https://randomuser.me/api/portraits/med/women/8.jpg","thumbnail":"https://randomuser.me/api/portraits/thumb/women/8.jpg"},"nat":"TR"}],"info":{"seed":"e5049ae61edf8a7f","results":1,"page":1,"version":"1.4"}} 
 </msg>
<msg time="2024-06-23T12:26:38.397649" level="INFO">/opt/hostedtoolcache/Python/3.12.4/x64/lib/python3.12/site-packages/urllib3/connectionpool.py:1099: InsecureRequestWarning: Unverified HTTPS request is being made to host 'randomuser.me'. Adding certificate verification is strongly advised. See: https://urllib3.readthedocs.io/en/latest/advanced-usage.html#tls-warnings
  warnings.warn(</msg>
<msg time="2024-06-23T12:26:38.397802" level="INFO">${response} = &lt;Response [200]&gt;</msg>
<var>${response}</var>
<arg>consultarAPI</arg>
<arg>/api</arg>
<doc>Sends a GET request on a previously created HTTP Session.</doc>
<status status="PASS" start="2024-06-23T12:26:38.314509" elapsed="0.083344"/>
</kw>
<kw name="Set Variable" owner="BuiltIn">
<msg time="2024-06-23T12:26:38.398868" level="INFO">${json_data} = {'results': [{'gender': 'female', 'name': {'title': 'Miss', 'first': 'Vildan', 'last': 'Tahincioğlu'}, 'location': {'street': {'number': 1799, 'name': 'Tunalı Hilmi Cd'}, 'city': 'Nevşehir', 'state': ...</msg>
<var>${json_data}</var>
<arg>${response.json()}</arg>
<doc>Returns the given values which can then be assigned to a variables.</doc>
<status status="PASS" start="2024-06-23T12:26:38.398409" elapsed="0.000489"/>
</kw>
<kw name="Log" owner="BuiltIn">
<msg time="2024-06-23T12:26:38.399379" level="INFO">{'results': [{'gender': 'female', 'name': {'title': 'Miss', 'first': 'Vildan', 'last': 'Tahincioğlu'}, 'location': {'street': {'number': 1799, 'name': 'Tunalı Hilmi Cd'}, 'city': 'Nevşehir', 'state': 'Antalya', 'country': 'Turkey', 'postcode': 89790, 'coordinates': {'latitude': '68.3901', 'longitude': '83.7719'}, 'timezone': {'offset': '+5:45', 'description': 'Kathmandu'}}, 'email': 'vildan.tahincioglu@example.com', 'login': {'uuid': 'fc2c2a91-ea51-4384-9776-c25e114458c9', 'username': 'happyrabbit265', 'password': 'julie', 'salt': 'NwgnIrwE', 'md5': '933992a6df2cf14c92bf22579c3adadf', 'sha1': 'd5ae9068fe1a47aa6a040954b3303c7aa5e6007b', 'sha256': 'e87f4bb94d9aa1702fa80c45dbc33418671e8b81811136caa7e35cb7d8b078f6'}, 'dob': {'date': '1963-06-09T23:00:26.589Z', 'age': 61}, 'registered': {'date': '2020-08-07T16:55:45.127Z', 'age': 3}, 'phone': '(022)-357-5279', 'cell': '(675)-011-6430', 'id': {'name': '', 'value': None}, 'picture': {'large': 'https://randomuser.me/api/portraits/women/8.jpg', 'medium': 'https://randomuser.me/api/portraits/med/women/8.jpg', 'thumbnail': 'https://randomuser.me/api/portraits/thumb/women/8.jpg'}, 'nat': 'TR'}], 'info': {'seed': 'e5049ae61edf8a7f', 'results': 1, 'page': 1, 'version': '1.4'}}</msg>
<arg>${json_data}</arg>
<doc>Logs the given message with the given level.</doc>
<status status="PASS" start="2024-06-23T12:26:38.399201" elapsed="0.000228"/>
</kw>
<kw name="Should Be String" owner="String">
<arg>${json_data['results'][0]['gender']}</arg>
<doc>Fails if the given ``item`` is not a string.</doc>
<status status="PASS" start="2024-06-23T12:26:38.399719" elapsed="0.000372"/>
</kw>
<kw name="Should Match Regexp" owner="BuiltIn">
<arg>${json_data['results'][0]['email']}</arg>
<arg>^[a-zA-Z0-9._%+-]+@[a-zA-Z0-9.-]+\.[a-zA-Z]{2,}$</arg>
<doc>Fails if ``string`` does not match ``pattern`` as a regular expression.</doc>
<status status="PASS" start="2024-06-23T12:26:38.400279" elapsed="0.000510"/>
</kw>
<kw name="Should Match Regexp" owner="BuiltIn">
<arg>${json_data['results'][0]['dob']['date']}</arg>
<arg>\\d{4}-\\d{2}-\\d{2}T\\d{2}:\\d{2}:\\d{2}\\.\\d{3}Z</arg>
<doc>Fails if ``string`` does not match ``pattern`` as a regular expression.</doc>
<status status="PASS" start="2024-06-23T12:26:38.401014" elapsed="0.000524"/>
</kw>
<kw name="Should Match Regexp" owner="BuiltIn">
<arg>${json_data['results'][0]['registered']['date']}</arg>
<arg>\\d{4}-\\d{2}-\\d{2}T\\d{2}:\\d{2}:\\d{2}\\.\\d{3}Z</arg>
<doc>Fails if ``string`` does not match ``pattern`` as a regular expression.</doc>
<status status="PASS" start="2024-06-23T12:26:38.401729" elapsed="0.000372"/>
</kw>
<kw name="Should Match Regexp" owner="BuiltIn">
<arg>${json_data['results'][0]['picture']['large']}</arg>
<arg>^https?://.*\.(?:png|jpe?g|gif|bmp)$</arg>
<doc>Fails if ``string`` does not match ``pattern`` as a regular expression.</doc>
<status status="PASS" start="2024-06-23T12:26:38.402285" elapsed="0.000457"/>
</kw>
<kw name="Should Match Regexp" owner="BuiltIn">
<arg>${json_data['results'][0]['picture']['medium']}</arg>
<arg>^https?://.*\.(?:png|jpe?g|gif|bmp)$</arg>
<doc>Fails if ``string`` does not match ``pattern`` as a regular expression.</doc>
<status status="PASS" start="2024-06-23T12:26:38.402930" elapsed="0.000350"/>
</kw>
<kw name="Should Match Regexp" owner="BuiltIn">
<arg>${json_data['results'][0]['picture']['thumbnail']}</arg>
<arg>^https?://.*\.(?:png|jpe?g|gif|bmp)$</arg>
<doc>Fails if ``string`` does not match ``pattern`` as a regular expression.</doc>
<status status="PASS" start="2024-06-23T12:26:38.403465" elapsed="0.000345"/>
</kw>
<kw name="Log" owner="BuiltIn">
<msg time="2024-06-23T12:26:38.404307" level="INFO">{'large': 'https://randomuser.me/api/portraits/women/8.jpg', 'medium': 'https://randomuser.me/api/portraits/med/women/8.jpg', 'thumbnail': 'https://randomuser.me/api/portraits/thumb/women/8.jpg'}</msg>
<arg>${json_data['results'][0]['picture']}</arg>
<doc>Logs the given message with the given level.</doc>
<status status="PASS" start="2024-06-23T12:26:38.403988" elapsed="0.000362"/>
</kw>
<status status="PASS" start="2024-06-23T12:26:38.314290" elapsed="0.090312"/>
</kw>
<kw name="Teste de Tipos de Dados - Postcode" owner="random-user-service">
<kw name="GET On Session" owner="RequestsLibrary">
<msg time="2024-06-23T12:26:38.498544" level="INFO">GET Request : url=https://randomuser.me/api 
 path_url=/api 
 headers={'User-Agent': 'python-requests/2.32.3', 'Accept-Encoding': 'gzip, deflate', 'Accept': '*/*', 'Connection': 'keep-alive'} 
 body=None 
 </msg>
<msg time="2024-06-23T12:26:38.498610" level="INFO">GET Response : url=https://randomuser.me/api 
 status=200, reason=OK 
 headers={'Date': 'Sun, 23 Jun 2024 12:26:38 GMT', 'Content-Type': 'application/json; charset=utf-8', 'Transfer-Encoding': 'chunked', 'Connection': 'keep-alive', 'X-Powered-By': 'Express', 'Access-Control-Allow-Origin': '*', 'Cache-Control': 'no-cache', 'ETag': 'W/"48c-zi/ht9Q02y8DhUhyj8QLlAiNd4Y"', 'Vary': 'Accept-Encoding', 'Content-Encoding': 'gzip', 'CF-Cache-Status': 'DYNAMIC', 'Report-To': '{"endpoints":[{"url":"https:\\/\\/a.nel.cloudflare.com\\/report\\/v4?s=1K794BFM3Zuw6MeJzAqH360tiaZKlQr95dWhg2EVsVvhpfKFkUmfZcpQjUelejSJ5FWKQRrzJk8MhAeSn5hRSOZfvkw49uyMguYYULECa3Nb1vrsJstAQAnJm6Q8NpvD"}],"group":"cf-nel","max_age":604800}', 'NEL': '{"success_fraction":0,"report_to":"cf-nel","max_age":604800}', 'Server': 'cloudflare', 'CF-RAY': '898477b60bfa82de-IAD', 'alt-svc': 'h3=":443"; ma=86400'} 
 body={"results":[{"gender":"male","name":{"title":"Mr","first":"Alfredo","last":"Butler"},"location":{"street":{"number":9667,"name":"E Sandy Lake Rd"},"city":"Darwin","state":"Victoria","country":"Australia","postcode":2920,"coordinates":{"latitude":"-86.3996","longitude":"-152.0537"},"timezone":{"offset":"-3:00","description":"Brazil, Buenos Aires, Georgetown"}},"email":"alfredo.butler@example.com","login":{"uuid":"015f34d3-3e17-4edd-9064-cbf602bbc28c","username":"happyfrog816","password":"23skidoo","salt":"n3fB4ZZx","md5":"4933cba77b21e486f9d60d031fc544cb","sha1":"ccf295071c5f3f0395c5d95f1525eb2748e1cfac","sha256":"98ff83b0974f245ef4105a03a097e2f4d9eeafe955654e70952d2cdced7e456a"},"dob":{"date":"1984-06-29T10:47:57.386Z","age":39},"registered":{"date":"2021-07-18T03:51:09.058Z","age":2},"phone":"00-1667-1574","cell":"0424-614-345","id":{"name":"TFN","value":"448330960"},"picture":{"large":"https://randomuser.me/api/portraits/men/40.jpg","medium":"https://randomuser.me/api/portraits/med/men/40.jpg","thumbnail":"https://randomuser.me/api/portraits/thumb/men/40.jpg"},"nat":"AU"}],"info":{"seed":"c494776a3564be11","results":1,"page":1,"version":"1.4"}} 
 </msg>
<msg time="2024-06-23T12:26:38.498666" level="INFO">/opt/hostedtoolcache/Python/3.12.4/x64/lib/python3.12/site-packages/urllib3/connectionpool.py:1099: InsecureRequestWarning: Unverified HTTPS request is being made to host 'randomuser.me'. Adding certificate verification is strongly advised. See: https://urllib3.readthedocs.io/en/latest/advanced-usage.html#tls-warnings
  warnings.warn(</msg>
<msg time="2024-06-23T12:26:38.498771" level="INFO">${response} = &lt;Response [200]&gt;</msg>
<var>${response}</var>
<arg>consultarAPI</arg>
<arg>/api</arg>
<doc>Sends a GET request on a previously created HTTP Session.</doc>
<status status="PASS" start="2024-06-23T12:26:38.405024" elapsed="0.093786"/>
</kw>
<kw name="Set Variable" owner="BuiltIn">
<msg time="2024-06-23T12:26:38.499611" level="INFO">${json_data} = {'results': [{'gender': 'male', 'name': {'title': 'Mr', 'first': 'Alfredo', 'last': 'Butler'}, 'location': {'street': {'number': 9667, 'name': 'E Sandy Lake Rd'}, 'city': 'Darwin', 'state': 'Victoria'...</msg>
<var>${json_data}</var>
<arg>${response.json()}</arg>
<doc>Returns the given values which can then be assigned to a variables.</doc>
<status status="PASS" start="2024-06-23T12:26:38.499156" elapsed="0.000485"/>
</kw>
<kw name="Log" owner="BuiltIn">
<msg time="2024-06-23T12:26:38.500089" level="INFO">{'results': [{'gender': 'male', 'name': {'title': 'Mr', 'first': 'Alfredo', 'last': 'Butler'}, 'location': {'street': {'number': 9667, 'name': 'E Sandy Lake Rd'}, 'city': 'Darwin', 'state': 'Victoria', 'country': 'Australia', 'postcode': 2920, 'coordinates': {'latitude': '-86.3996', 'longitude': '-152.0537'}, 'timezone': {'offset': '-3:00', 'description': 'Brazil, Buenos Aires, Georgetown'}}, 'email': 'alfredo.butler@example.com', 'login': {'uuid': '015f34d3-3e17-4edd-9064-cbf602bbc28c', 'username': 'happyfrog816', 'password': '23skidoo', 'salt': 'n3fB4ZZx', 'md5': '4933cba77b21e486f9d60d031fc544cb', 'sha1': 'ccf295071c5f3f0395c5d95f1525eb2748e1cfac', 'sha256': '98ff83b0974f245ef4105a03a097e2f4d9eeafe955654e70952d2cdced7e456a'}, 'dob': {'date': '1984-06-29T10:47:57.386Z', 'age': 39}, 'registered': {'date': '2021-07-18T03:51:09.058Z', 'age': 2}, 'phone': '00-1667-1574', 'cell': '0424-614-345', 'id': {'name': 'TFN', 'value': '448330960'}, 'picture': {'large': 'https://randomuser.me/api/portraits/men/40.jpg', 'medium': 'https://randomuser.me/api/portraits/med/men/40.jpg', 'thumbnail': 'https://randomuser.me/api/portraits/thumb/men/40.jpg'}, 'nat': 'AU'}], 'info': {'seed': 'c494776a3564be11', 'results': 1, 'page': 1, 'version': '1.4'}}</msg>
<arg>${json_data}</arg>
<doc>Logs the given message with the given level.</doc>
<status status="PASS" start="2024-06-23T12:26:38.499940" elapsed="0.000198"/>
</kw>
<kw name="Should Be Equal As Numbers" owner="BuiltIn">
<arg>${json_data['results'][0]['location']['postcode']}</arg>
<arg>${json_data['results'][0]['location']['postcode']}</arg>
<doc>Fails if objects are unequal after converting them to real numbers.</doc>
<status status="PASS" start="2024-06-23T12:26:38.500426" elapsed="0.000625"/>
</kw>
<kw name="Log" owner="BuiltIn">
<msg time="2024-06-23T12:26:38.501745" level="INFO">2920</msg>
<arg>${json_data['results'][0]['location']['postcode']}</arg>
<doc>Logs the given message with the given level.</doc>
<status status="PASS" start="2024-06-23T12:26:38.501275" elapsed="0.000512"/>
</kw>
<status status="PASS" start="2024-06-23T12:26:38.404811" elapsed="0.097254"/>
</kw>
<doc>Testa se os tipos de dados na resposta da API estão corretos.</doc>
<tag>testeTiposDados</tag>
<status status="PASS" start="2024-06-23T12:26:38.313776" elapsed="0.188449"/>
</test>
<test id="s1-s1-t5" name="Validar conteudo" line="35">
<kw name="Teste de Tipos de Conteudo" owner="random-user-service">
<kw name="GET On Session" owner="RequestsLibrary">
<msg time="2024-06-23T12:26:38.592779" level="INFO">GET Request : url=https://randomuser.me/api 
 path_url=/api 
 headers={'User-Agent': 'python-requests/2.32.3', 'Accept-Encoding': 'gzip, deflate', 'Accept': '*/*', 'Connection': 'keep-alive'} 
 body=None 
 </msg>
<msg time="2024-06-23T12:26:38.592856" level="INFO">GET Response : url=https://randomuser.me/api 
 status=200, reason=OK 
 headers={'Date': 'Sun, 23 Jun 2024 12:26:38 GMT', 'Content-Type': 'application/json; charset=utf-8', 'Transfer-Encoding': 'chunked', 'Connection': 'keep-alive', 'X-Powered-By': 'Express', 'Access-Control-Allow-Origin': '*', 'Cache-Control': 'no-cache', 'ETag': 'W/"491-uRQ0sKRhUtLgS9fPxidUM098qRw"', 'Vary': 'Accept-Encoding', 'Content-Encoding': 'gzip', 'CF-Cache-Status': 'DYNAMIC', 'Report-To': '{"endpoints":[{"url":"https:\\/\\/a.nel.cloudflare.com\\/report\\/v4?s=TXl%2B3jnpBE%2FqUxulE5kfNmupXa47wRWfZIiNcGEEhUZoj7qVbMayibxu%2BFtH%2B14ul6mC%2FClYQbKMErumhhjHhfHB0PRqM5S3rwUcQqvgqo8yI1qD6KSn%2FhoBCRKkk1jW"}],"group":"cf-nel","max_age":604800}', 'NEL': '{"success_fraction":0,"report_to":"cf-nel","max_age":604800}', 'Server': 'cloudflare', 'CF-RAY': '898477b6acc582de-IAD', 'alt-svc': 'h3=":443"; ma=86400'} 
 body={"results":[{"gender":"female","name":{"title":"Miss","first":"Denice","last":"Cardoso"},"location":{"street":{"number":1397,"name":"Rua Pará "},"city":"Coronel Fabriciano","state":"Pernambuco","country":"Brazil","postcode":17253,"coordinates":{"latitude":"-77.9543","longitude":"121.1858"},"timezone":{"offset":"-3:30","description":"Newfoundland"}},"email":"denice.cardoso@example.com","login":{"uuid":"32152749-11e9-4c54-8050-a49692421d0e","username":"angrymouse327","password":"france","salt":"g6LYtqad","md5":"4b95cf4c6b98b3b8eacd4901dacd34b3","sha1":"69c8b427359d67c356ef5d5d0944a5fb2174c6de","sha256":"d5dee85c8d8a5b33cf5a7616afeda573d0f0583ce6a682c31a62101a77178230"},"dob":{"date":"1977-08-15T02:17:41.901Z","age":46},"registered":{"date":"2010-04-05T04:16:04.919Z","age":14},"phone":"(12) 1080-8355","cell":"(02) 9951-6686","id":{"name":"CPF","value":"608.037.831-39"},"picture":{"large":"https://randomuser.me/api/portraits/women/57.jpg","medium":"https://randomuser.me/api/portraits/med/women/57.jpg","thumbnail":"https://randomuser.me/api/portraits/thumb/women/57.jpg"},"nat":"BR"}],"info":{"seed":"de62d9b343f6a534","results":1,"page":1,"version":"1.4"}} 
 </msg>
<msg time="2024-06-23T12:26:38.592925" level="INFO">/opt/hostedtoolcache/Python/3.12.4/x64/lib/python3.12/site-packages/urllib3/connectionpool.py:1099: InsecureRequestWarning: Unverified HTTPS request is being made to host 'randomuser.me'. Adding certificate verification is strongly advised. See: https://urllib3.readthedocs.io/en/latest/advanced-usage.html#tls-warnings
  warnings.warn(</msg>
<msg time="2024-06-23T12:26:38.593039" level="INFO">${response} = &lt;Response [200]&gt;</msg>
<var>${response}</var>
<arg>consultarAPI</arg>
<arg>/api</arg>
<doc>Sends a GET request on a previously created HTTP Session.</doc>
<status status="PASS" start="2024-06-23T12:26:38.504657" elapsed="0.088431"/>
</kw>
<kw name="Set Variable" owner="BuiltIn">
<msg time="2024-06-23T12:26:38.594185" level="INFO">${json_data} = {'results': [{'gender': 'female', 'name': {'title': 'Miss', 'first': 'Denice', 'last': 'Cardoso'}, 'location': {'street': {'number': 1397, 'name': 'Rua Pará '}, 'city': 'Coronel Fabriciano', 'state': ...</msg>
<var>${json_data}</var>
<arg>${response.json()}</arg>
<doc>Returns the given values which can then be assigned to a variables.</doc>
<status status="PASS" start="2024-06-23T12:26:38.593639" elapsed="0.000575"/>
</kw>
<kw name="Set Variable" owner="BuiltIn">
<msg time="2024-06-23T12:26:38.594894" level="INFO">${name_title} = Miss</msg>
<var>${name_title}</var>
<arg>${json_data["results"][0]["name"]["title"]}</arg>
<doc>Returns the given values which can then be assigned to a variables.</doc>
<status status="PASS" start="2024-06-23T12:26:38.594519" elapsed="0.000400"/>
</kw>
<kw name="Create List" owner="BuiltIn">
<msg time="2024-06-23T12:26:38.595356" level="INFO">${allowed_titles} = ['Mr', 'Ms', 'Miss', 'Mrs', 'Madame', 'Monsieur']</msg>
<var>${allowed_titles}</var>
<arg>Mr</arg>
<arg>Ms</arg>
<arg>Miss</arg>
<arg>Mrs</arg>
<arg>Madame</arg>
<arg>Monsieur</arg>
<doc>Returns a list containing given items.</doc>
<status status="PASS" start="2024-06-23T12:26:38.595209" elapsed="0.000171"/>
</kw>
<kw name="List Should Contain Value" owner="Collections">
<arg>${allowed_titles}</arg>
<arg>${name_title}</arg>
<doc>Fails if the ``value`` is not found from ``list``.</doc>
<status status="PASS" start="2024-06-23T12:26:38.595677" elapsed="0.000169"/>
</kw>
<kw name="Set Variable" owner="BuiltIn">
<msg time="2024-06-23T12:26:38.596393" level="INFO">${name_country} = BR</msg>
<var>${name_country}</var>
<arg>${json_data["results"][0]["nat"]}</arg>
<doc>Returns the given values which can then be assigned to a variables.</doc>
<status status="PASS" start="2024-06-23T12:26:38.596022" elapsed="0.000396"/>
</kw>
<kw name="Create List" owner="BuiltIn">
<msg time="2024-06-23T12:26:38.597371" level="INFO">${list_country} = ['AD', 'AE', 'AF', 'AG', 'AI', 'AL', 'AM', 'AO', 'AQ', 'AR', 'AS', 'AT', 'AU', 'AW', 'AX', 'AZ', 'BA', 'BB', 'BD', 'BE', 'BF', 'BG', 'BH', 'BI', 'BJ', 'BL', 'BM', 'BN', 'BO', 'BQ', 'BR', 'BS', 'BT', '...</msg>
<var>${list_country}</var>
<arg>AD</arg>
<arg>AE</arg>
<arg>AF</arg>
<arg>AG</arg>
<arg>AI</arg>
<arg>AL</arg>
<arg>AM</arg>
<arg>AO</arg>
<arg>AQ</arg>
<arg>AR</arg>
<arg>AS</arg>
<arg>AT</arg>
<arg>AU</arg>
<arg>AW</arg>
<arg>AX</arg>
<arg>AZ</arg>
<arg>BA</arg>
<arg>BB</arg>
<arg>BD</arg>
<arg>BE</arg>
<arg>BF</arg>
<arg>BG</arg>
<arg>BH</arg>
<arg>BI</arg>
<arg>BJ</arg>
<arg>BL</arg>
<arg>BM</arg>
<arg>BN</arg>
<arg>BO</arg>
<arg>BQ</arg>
<arg>BR</arg>
<arg>BS</arg>
<arg>BT</arg>
<arg>BV</arg>
<arg>BW</arg>
<arg>BY</arg>
<arg>BZ</arg>
<arg>CA</arg>
<arg>CC</arg>
<arg>CD</arg>
<arg>CF</arg>
<arg>CG</arg>
<arg>CH</arg>
<arg>CI</arg>
<arg>CK</arg>
<arg>CL</arg>
<arg>CM</arg>
<arg>CN</arg>
<arg>CO</arg>
<arg>CR</arg>
<arg>CU</arg>
<arg>CV</arg>
<arg>CW</arg>
<arg>CX</arg>
<arg>CY</arg>
<arg>CZ</arg>
<arg>DE</arg>
<arg>DJ</arg>
<arg>DK</arg>
<arg>DM</arg>
<arg>DO</arg>
<arg>DZ</arg>
<arg>EC</arg>
<arg>EE</arg>
<arg>EG</arg>
<arg>EH</arg>
<arg>ER</arg>
<arg>ES</arg>
<arg>ET</arg>
<arg>FI</arg>
<arg>FJ</arg>
<arg>FK</arg>
<arg>FM</arg>
<arg>FO</arg>
<arg>FR</arg>
<arg>GA</arg>
<arg>GB</arg>
<arg>GD</arg>
<arg>GE</arg>
<arg>GF</arg>
<arg>GG</arg>
<arg>GH</arg>
<arg>GI</arg>
<arg>GL</arg>
<arg>GM</arg>
<arg>GN</arg>
<arg>GP</arg>
<arg>GQ</arg>
<arg>GR</arg>
<arg>GS</arg>
<arg>GT</arg>
<arg>GU</arg>
<arg>GW</arg>
<arg>GY</arg>
<arg>HK</arg>
<arg>HM</arg>
<arg>HN</arg>
<arg>HR</arg>
<arg>HT</arg>
<arg>HU</arg>
<arg>ID</arg>
<arg>IE</arg>
<arg>IL</arg>
<arg>IM</arg>
<arg>IN</arg>
<arg>IO</arg>
<arg>IQ</arg>
<arg>IR</arg>
<arg>IS</arg>
<arg>IT</arg>
<arg>JE</arg>
<arg>JM</arg>
<arg>JO</arg>
<arg>JP</arg>
<arg>KE</arg>
<arg>KG</arg>
<arg>KH</arg>
<arg>KI</arg>
<arg>KM</arg>
<arg>KN</arg>
<arg>KP</arg>
<arg>KR</arg>
<arg>KW</arg>
<arg>KY</arg>
<arg>KZ</arg>
<arg>LA</arg>
<arg>LB</arg>
<arg>LC</arg>
<arg>LI</arg>
<arg>LK</arg>
<arg>LR</arg>
<arg>LS</arg>
<arg>LT</arg>
<arg>LU</arg>
<arg>LV</arg>
<arg>LY</arg>
<arg>MA</arg>
<arg>MC</arg>
<arg>MD</arg>
<arg>ME</arg>
<arg>MF</arg>
<arg>MG</arg>
<arg>MH</arg>
<arg>MK</arg>
<arg>ML</arg>
<arg>MM</arg>
<arg>MN</arg>
<arg>MO</arg>
<arg>MP</arg>
<arg>MQ</arg>
<arg>MR</arg>
<arg>MS</arg>
<arg>MT</arg>
<arg>MU</arg>
<arg>MV</arg>
<arg>MW</arg>
<arg>MX</arg>
<arg>MY</arg>
<arg>MZ</arg>
<arg>NA</arg>
<arg>NC</arg>
<arg>NE</arg>
<arg>NF</arg>
<arg>NG</arg>
<arg>NI</arg>
<arg>NL</arg>
<arg>NO</arg>
<arg>NP</arg>
<arg>NR</arg>
<arg>NU</arg>
<arg>NZ</arg>
<arg>OM</arg>
<arg>PA</arg>
<arg>PE</arg>
<arg>PF</arg>
<arg>PG</arg>
<arg>PH</arg>
<arg>PK</arg>
<arg>PL</arg>
<arg>PM</arg>
<arg>PN</arg>
<arg>PR</arg>
<arg>PS</arg>
<arg>PT</arg>
<arg>PW</arg>
<arg>PY</arg>
<arg>QA</arg>
<arg>RE</arg>
<arg>RO</arg>
<arg>RS</arg>
<arg>RU</arg>
<arg>RW</arg>
<arg>SA</arg>
<arg>SB</arg>
<arg>SC</arg>
<arg>SD</arg>
<arg>SE</arg>
<arg>SG</arg>
<arg>SH</arg>
<arg>SI</arg>
<arg>SJ</arg>
<arg>SK</arg>
<arg>SL</arg>
<arg>SM</arg>
<arg>SN</arg>
<arg>SO</arg>
<arg>SR</arg>
<arg>SS</arg>
<arg>ST</arg>
<arg>SV</arg>
<arg>SX</arg>
<arg>SY</arg>
<arg>SZ</arg>
<arg>TC</arg>
<arg>TD</arg>
<arg>TF</arg>
<arg>TG</arg>
<arg>TH</arg>
<arg>TJ</arg>
<arg>TK</arg>
<arg>TL</arg>
<arg>TM</arg>
<arg>TN</arg>
<arg>TO</arg>
<arg>TR</arg>
<arg>TT</arg>
<arg>TV</arg>
<arg>TW</arg>
<arg>TZ</arg>
<arg>UA</arg>
<arg>UG</arg>
<arg>UM</arg>
<arg>US</arg>
<arg>UY</arg>
<arg>UZ</arg>
<arg>VA</arg>
<arg>VC</arg>
<arg>VE</arg>
<arg>VG</arg>
<arg>VI</arg>
<arg>VN</arg>
<arg>VU</arg>
<arg>WF</arg>
<arg>WS</arg>
<arg>XK</arg>
<arg>YE</arg>
<arg>YT</arg>
<arg>ZA</arg>
<arg>ZM</arg>
<arg>ZW</arg>
<doc>Returns a list containing given items.</doc>
<status status="PASS" start="2024-06-23T12:26:38.596716" elapsed="0.000682"/>
</kw>
<kw name="List Should Contain Value" owner="Collections">
<arg>${list_country}</arg>
<arg>${name_country}</arg>
<doc>Fails if the ``value`` is not found from ``list``.</doc>
<status status="PASS" start="2024-06-23T12:26:38.598192" elapsed="0.000201"/>
</kw>
<kw name="Run Keyword If" owner="BuiltIn">
<kw name="Should Be True" owner="BuiltIn">
<arg>${True}</arg>
<doc>Fails if the given condition is not true.</doc>
<status status="PASS" start="2024-06-23T12:26:38.599306" elapsed="0.000139"/>
</kw>
<arg>${json_data["results"][0]["location"]["coordinates"]["latitude"]} &gt;= -90 and ${json_data["results"][0]["location"]["coordinates"]["latitude"]} &lt;= 90</arg>
<arg>Should Be True</arg>
<arg>${True}</arg>
<doc>Runs the given keyword with the given arguments, if ``condition`` is true.</doc>
<status status="PASS" start="2024-06-23T12:26:38.598589" elapsed="0.000980"/>
</kw>
<kw name="Run Keyword If" owner="BuiltIn">
<kw name="Should Be True" owner="BuiltIn">
<arg>${True}</arg>
<doc>Fails if the given condition is not true.</doc>
<status status="PASS" start="2024-06-23T12:26:38.600430" elapsed="0.000226"/>
</kw>
<arg>${json_data["results"][0]["location"]["coordinates"]["longitude"]} &gt;= -180 and ${json_data["results"][0]["location"]["coordinates"]["longitude"]} &lt;= 180</arg>
<arg>Should Be True</arg>
<arg>${True}</arg>
<doc>Runs the given keyword with the given arguments, if ``condition`` is true.</doc>
<status status="PASS" start="2024-06-23T12:26:38.599745" elapsed="0.001036"/>
</kw>
<status status="PASS" start="2024-06-23T12:26:38.504441" elapsed="0.096467"/>
</kw>
<doc>Testa o conteúdo específico dos campos retornados pela API.</doc>
<tag>testeConteudo</tag>
<status status="PASS" start="2024-06-23T12:26:38.503934" elapsed="0.097113"/>
</test>
<status status="PASS" start="2024-06-23T12:26:37.683849" elapsed="0.919149"/>
</suite>
<status status="PASS" start="2024-06-23T12:26:37.669727" elapsed="0.938271"/>
</suite>
<statistics>
<total>
<stat pass="5" fail="0" skip="0">All Tests</stat>
</total>
<tag>
<stat pass="1" fail="0" skip="0">testeConteudo</stat>
<stat pass="1" fail="0" skip="0">testeEstruturaResposta</stat>
<stat pass="1" fail="0" skip="0">testeRequisicaoBasica</stat>
<stat pass="1" fail="0" skip="0">testeTiposDados</stat>
</tag>
<suite>
<stat pass="5" fail="0" skip="0" id="s1" name="Tests">Tests</stat>
<stat pass="5" fail="0" skip="0" id="s1-s1" name="Random-User-Test">Tests.Random-User-Test</stat>
</suite>
</statistics>
<errors>
</errors>
</robot>
