<?xml version="1.0" encoding="UTF-8"?>
<robot generator="Robot 7.0.1 (Python 3.12.4 on linux)" generated="2024-07-24T11:13:02.803156" rpa="false" schemaversion="5">
<suite id="s1" name="Tests" source="/home/runner/work/ApiRandomUser/ApiRandomUser/RamdonUser/tests">
<suite id="s1-s1" name="Random-User-Test" source="/home/runner/work/ApiRandomUser/ApiRandomUser/RamdonUser/tests/random-user-test.robot">
<test id="s1-s1-t1" name="Conectar" line="13">
<kw name="Conectar API" owner="random-user-service">
<kw name="Create Session" owner="RequestsLibrary">
<msg time="2024-07-24T11:13:03.226152" level="INFO">Creating Session using : alias=consultarAPI, url=https://randomuser.me/, headers={},                     cookies={}, auth=None, timeout=None, proxies=None, verify=False,                     debug=0 </msg>
<arg>consultarAPI</arg>
<arg>${URL}</arg>
<doc>Create Session: create a HTTP session to a server</doc>
<status status="PASS" start="2024-07-24T11:13:03.225954" elapsed="0.000370"/>
</kw>
<status status="PASS" start="2024-07-24T11:13:03.224929" elapsed="0.001753"/>
</kw>
<status status="PASS" start="2024-07-24T11:13:03.224363" elapsed="0.002511"/>
</test>
<test id="s1-s1-t2" name="Validar retorno 200 e JSON Válido" line="16">
<kw name="Teste de Requisicao Basica" owner="random-user-service">
<kw name="GET On Session" owner="RequestsLibrary">
<msg time="2024-07-24T11:13:04.849359" level="INFO">GET Request : url=https://randomuser.me/api 
 path_url=/api 
 headers={'User-Agent': 'python-requests/2.32.3', 'Accept-Encoding': 'gzip, deflate', 'Accept': '*/*', 'Connection': 'keep-alive'} 
 body=None 
 </msg>
<msg time="2024-07-24T11:13:04.849526" level="INFO">GET Response : url=https://randomuser.me/api 
 status=200, reason=OK 
 headers={'Date': 'Wed, 24 Jul 2024 11:13:04 GMT', 'Content-Type': 'application/json; charset=utf-8', 'Transfer-Encoding': 'chunked', 'Connection': 'keep-alive', 'X-Powered-By': 'Express', 'Access-Control-Allow-Origin': '*', 'Cache-Control': 'no-cache', 'ETag': 'W/"4a4-up9cfnlNhttC0cE9KBlvy5EEnHw"', 'Vary': 'Accept-Encoding', 'Content-Encoding': 'gzip', 'CF-Cache-Status': 'DYNAMIC', 'Report-To': '{"endpoints":[{"url":"https:\\/\\/a.nel.cloudflare.com\\/report\\/v4?s=2sEfZp2lqwV2rRazhD2dbZa4Xt5wdLZKCMjmfLTJ5DAhDIdt1eTl%2BIO5NqC3CfiI6qqWbc45MPTGoKp06xVqa4OHrNrzRI9TK%2BYa%2Fh24sP%2Bo2nYOu9zohffrnoCpf2QB"}],"group":"cf-nel","max_age":604800}', 'NEL': '{"success_fraction":0,"report_to":"cf-nel","max_age":604800}', 'Server': 'cloudflare', 'CF-RAY': '8a837a8c0f6213c9-IAD', 'alt-svc': 'h3=":443"; ma=86400'} 
 body={"results":[{"gender":"female","name":{"title":"Miss","first":"Berbel","last":"Den Bakker"},"location":{"street":{"number":4028,"name":"De Karteling"},"city":"Ijsselmuiden","state":"Overijssel","country":"Netherlands","postcode":"4736 MX","coordinates":{"latitude":"34.6630","longitude":"90.8801"},"timezone":{"offset":"+8:00","description":"Beijing, Perth, Singapore, Hong Kong"}},"email":"berbel.denbakker@example.com","login":{"uuid":"124d656b-a587-45bf-9288-812ead62a185","username":"lazylion159","password":"luis","salt":"vIEuQ8Jk","md5":"acbf789281329890917d11b4fff286e9","sha1":"5ff0defe80f28a796ce13afe8bb09d940f71ca69","sha256":"0739a51193b25955576ebc9dcea174b500f095180ce2a07602d3bc67387f51e2"},"dob":{"date":"1954-11-13T12:20:30.041Z","age":69},"registered":{"date":"2020-07-21T11:54:40.903Z","age":4},"phone":"(084) 1615329","cell":"(06) 43138105","id":{"name":"BSN","value":"79869037"},"picture":{"large":"https://randomuser.me/api/portraits/women/66.jpg","medium":"https://randomuser.me/api/portraits/med/women/66.jpg","thumbnail":"https://randomuser.me/api/portraits/thumb/women/66.jpg"},"nat":"NL"}],"info":{"seed":"519bc4922a877538","results":1,"page":1,"version":"1.4"}} 
 </msg>
<msg time="2024-07-24T11:13:04.849616" level="INFO">/opt/hostedtoolcache/Python/3.12.4/x64/lib/python3.12/site-packages/urllib3/connectionpool.py:1099: InsecureRequestWarning: Unverified HTTPS request is being made to host 'randomuser.me'. Adding certificate verification is strongly advised. See: https://urllib3.readthedocs.io/en/latest/advanced-usage.html#tls-warnings
  warnings.warn(</msg>
<msg time="2024-07-24T11:13:04.849762" level="INFO">${response} = &lt;Response [200]&gt;</msg>
<var>${response}</var>
<arg>consultarAPI</arg>
<arg>/api</arg>
<doc>Sends a GET request on a previously created HTTP Session.</doc>
<status status="PASS" start="2024-07-24T11:13:03.229488" elapsed="1.620315"/>
</kw>
<kw name="Should Be Equal As Numbers" owner="BuiltIn">
<msg time="2024-07-24T11:13:04.850993" level="INFO">Argument types are:
&lt;class 'int'&gt;
&lt;class 'str'&gt;</msg>
<arg>${response.status_code}</arg>
<arg>200</arg>
<doc>Fails if objects are unequal after converting them to real numbers.</doc>
<status status="PASS" start="2024-07-24T11:13:04.850441" elapsed="0.000617"/>
</kw>
<kw name="Log" owner="BuiltIn">
<msg time="2024-07-24T11:13:04.851730" level="INFO">200</msg>
<arg>${response.status_code}</arg>
<doc>Logs the given message with the given level.</doc>
<status status="PASS" start="2024-07-24T11:13:04.851380" elapsed="0.000391"/>
</kw>
<kw name="Set Variable" owner="BuiltIn">
<msg time="2024-07-24T11:13:04.852493" level="INFO">${json_data} = {'results': [{'gender': 'female', 'name': {'title': 'Miss', 'first': 'Berbel', 'last': 'Den Bakker'}, 'location': {'street': {'number': 4028, 'name': 'De Karteling'}, 'city': 'Ijsselmuiden', 'state': ...</msg>
<var>${json_data}</var>
<arg>${response.json()}</arg>
<doc>Returns the given values which can then be assigned to a variables.</doc>
<status status="PASS" start="2024-07-24T11:13:04.852072" elapsed="0.000449"/>
</kw>
<kw name="Dictionary Should Contain Key" owner="Collections">
<arg>${json_data}</arg>
<arg>results</arg>
<doc>Fails if ``key`` is not found from ``dictionary``.</doc>
<status status="PASS" start="2024-07-24T11:13:04.852855" elapsed="0.000338"/>
</kw>
<status status="PASS" start="2024-07-24T11:13:03.229244" elapsed="1.624101"/>
</kw>
<doc>Testa se a API responde corretamente e retorna um objeto JSON válido.</doc>
<tag>testeRequisicaoBasica</tag>
<status status="PASS" start="2024-07-24T11:13:03.228738" elapsed="1.624782"/>
</test>
<test id="s1-s1-t3" name="Validar estrutura de resposta" line="22">
<kw name="Teste de Estrutura de Resposta" owner="random-user-service">
<kw name="GET On Session" owner="RequestsLibrary">
<msg time="2024-07-24T11:13:05.568101" level="INFO">GET Request : url=https://randomuser.me/api 
 path_url=/api 
 headers={'User-Agent': 'python-requests/2.32.3', 'Accept-Encoding': 'gzip, deflate', 'Accept': '*/*', 'Connection': 'keep-alive'} 
 body=None 
 </msg>
<msg time="2024-07-24T11:13:05.568201" level="INFO">GET Response : url=https://randomuser.me/api 
 status=200, reason=OK 
 headers={'Date': 'Wed, 24 Jul 2024 11:13:05 GMT', 'Content-Type': 'application/json; charset=utf-8', 'Transfer-Encoding': 'chunked', 'Connection': 'keep-alive', 'X-Powered-By': 'Express', 'Access-Control-Allow-Origin': '*', 'Cache-Control': 'no-cache', 'ETag': 'W/"48b-CBGH0lzEU6LVkHOgIUruRNfkCHs"', 'Vary': 'Accept-Encoding', 'Content-Encoding': 'gzip', 'CF-Cache-Status': 'DYNAMIC', 'Report-To': '{"endpoints":[{"url":"https:\\/\\/a.nel.cloudflare.com\\/report\\/v4?s=p5KO5A3b6AgrtRpvw%2B%2FEOghdARsbS3vAkUjQ1CMpoVqHi6VzHTINdCiFTAHFspi%2F4vsRCh5Kt5pNCJ76iGtB0sUsRy%2BVHqNhlCcZDJU22gXKkz5gPb6oq3CbXyrfofy2"}],"group":"cf-nel","max_age":604800}', 'NEL': '{"success_fraction":0,"report_to":"cf-nel","max_age":604800}', 'Server': 'cloudflare', 'CF-RAY': '8a837a955d3f13c9-IAD', 'alt-svc': 'h3=":443"; ma=86400'} 
 body={"results":[{"gender":"male","name":{"title":"Mr","first":"Nicolas","last":"Pelletier"},"location":{"street":{"number":1096,"name":"Stanley Way"},"city":"Lasalle","state":"Nova Scotia","country":"Canada","postcode":"I8L 2G8","coordinates":{"latitude":"-71.9176","longitude":"-124.6621"},"timezone":{"offset":"-7:00","description":"Mountain Time (US &amp; Canada)"}},"email":"nicolas.pelletier@example.com","login":{"uuid":"ac21d888-3381-426d-b87c-acc61abcfe80","username":"lazysnake666","password":"lane","salt":"moHgkzZ7","md5":"c140f4f599119e551310c7a825055bb5","sha1":"9daa4df952ecfa71efbaa3f5b639546f5851e38f","sha256":"639512cb11d9787eb4943e9cc519c7072e9b18766e2b6c929c045d16a0458690"},"dob":{"date":"1988-08-24T13:36:50.525Z","age":35},"registered":{"date":"2018-01-25T09:09:19.923Z","age":6},"phone":"C67 T99-5032","cell":"Y60 O87-5145","id":{"name":"SIN","value":"444009286"},"picture":{"large":"https://randomuser.me/api/portraits/men/43.jpg","medium":"https://randomuser.me/api/portraits/med/men/43.jpg","thumbnail":"https://randomuser.me/api/portraits/thumb/men/43.jpg"},"nat":"CA"}],"info":{"seed":"d6e7aeae5dab8707","results":1,"page":1,"version":"1.4"}} 
 </msg>
<msg time="2024-07-24T11:13:05.568341" level="INFO">/opt/hostedtoolcache/Python/3.12.4/x64/lib/python3.12/site-packages/urllib3/connectionpool.py:1099: InsecureRequestWarning: Unverified HTTPS request is being made to host 'randomuser.me'. Adding certificate verification is strongly advised. See: https://urllib3.readthedocs.io/en/latest/advanced-usage.html#tls-warnings
  warnings.warn(</msg>
<msg time="2024-07-24T11:13:05.568469" level="INFO">${response} = &lt;Response [200]&gt;</msg>
<var>${response}</var>
<arg>consultarAPI</arg>
<arg>/api</arg>
<doc>Sends a GET request on a previously created HTTP Session.</doc>
<status status="PASS" start="2024-07-24T11:13:04.856129" elapsed="0.712382"/>
</kw>
<kw name="Set Variable" owner="BuiltIn">
<msg time="2024-07-24T11:13:05.569565" level="INFO">${json_data} = {'results': [{'gender': 'male', 'name': {'title': 'Mr', 'first': 'Nicolas', 'last': 'Pelletier'}, 'location': {'street': {'number': 1096, 'name': 'Stanley Way'}, 'city': 'Lasalle', 'state': 'Nova Scot...</msg>
<var>${json_data}</var>
<arg>${response.json()}</arg>
<doc>Returns the given values which can then be assigned to a variables.</doc>
<status status="PASS" start="2024-07-24T11:13:05.569046" elapsed="0.000551"/>
</kw>
<kw name="Log" owner="BuiltIn">
<msg time="2024-07-24T11:13:05.570081" level="INFO">{'results': [{'gender': 'male', 'name': {'title': 'Mr', 'first': 'Nicolas', 'last': 'Pelletier'}, 'location': {'street': {'number': 1096, 'name': 'Stanley Way'}, 'city': 'Lasalle', 'state': 'Nova Scotia', 'country': 'Canada', 'postcode': 'I8L 2G8', 'coordinates': {'latitude': '-71.9176', 'longitude': '-124.6621'}, 'timezone': {'offset': '-7:00', 'description': 'Mountain Time (US &amp; Canada)'}}, 'email': 'nicolas.pelletier@example.com', 'login': {'uuid': 'ac21d888-3381-426d-b87c-acc61abcfe80', 'username': 'lazysnake666', 'password': 'lane', 'salt': 'moHgkzZ7', 'md5': 'c140f4f599119e551310c7a825055bb5', 'sha1': '9daa4df952ecfa71efbaa3f5b639546f5851e38f', 'sha256': '639512cb11d9787eb4943e9cc519c7072e9b18766e2b6c929c045d16a0458690'}, 'dob': {'date': '1988-08-24T13:36:50.525Z', 'age': 35}, 'registered': {'date': '2018-01-25T09:09:19.923Z', 'age': 6}, 'phone': 'C67 T99-5032', 'cell': 'Y60 O87-5145', 'id': {'name': 'SIN', 'value': '444009286'}, 'picture': {'large': 'https://randomuser.me/api/portraits/men/43.jpg', 'medium': 'https://randomuser.me/api/portraits/med/men/43.jpg', 'thumbnail': 'https://randomuser.me/api/portraits/thumb/men/43.jpg'}, 'nat': 'CA'}], 'info': {'seed': 'd6e7aeae5dab8707', 'results': 1, 'page': 1, 'version': '1.4'}}</msg>
<arg>${json_data}</arg>
<doc>Logs the given message with the given level.</doc>
<status status="PASS" start="2024-07-24T11:13:05.569908" elapsed="0.000229"/>
</kw>
<kw name="Dictionary Should Contain Key" owner="Collections">
<arg>${json_data}</arg>
<arg>results</arg>
<doc>Fails if ``key`` is not found from ``dictionary``.</doc>
<status status="PASS" start="2024-07-24T11:13:05.570453" elapsed="0.000165"/>
</kw>
<kw name="Should Not Be Empty" owner="BuiltIn">
<msg time="2024-07-24T11:13:05.570929" level="INFO">Length is 2.</msg>
<arg>${json_data}</arg>
<doc>Verifies that the given item is not empty.</doc>
<status status="PASS" start="2024-07-24T11:13:05.570806" elapsed="0.000159"/>
</kw>
<kw name="Create List" owner="BuiltIn">
<msg time="2024-07-24T11:13:05.571404" level="INFO">${expected_keys} = ['gender', 'name', 'location', 'email', 'login']</msg>
<var>${expected_keys}</var>
<arg>gender</arg>
<arg>name</arg>
<arg>location</arg>
<arg>email</arg>
<arg>login</arg>
<doc>Returns a list containing given items.</doc>
<status status="PASS" start="2024-07-24T11:13:05.571255" elapsed="0.000173"/>
</kw>
<for flavor="IN">
<iter>
<kw name="Dictionary Should Contain Key" owner="Collections">
<arg>${json_data['results'][0]}</arg>
<arg>${key}</arg>
<doc>Fails if ``key`` is not found from ``dictionary``.</doc>
<status status="PASS" start="2024-07-24T11:13:05.572014" elapsed="0.000408"/>
</kw>
<kw name="Log" owner="BuiltIn">
<msg time="2024-07-24T11:13:05.573022" level="INFO">{'gender': 'male', 'name': {'title': 'Mr', 'first': 'Nicolas', 'last': 'Pelletier'}, 'location': {'street': {'number': 1096, 'name': 'Stanley Way'}, 'city': 'Lasalle', 'state': 'Nova Scotia', 'country': 'Canada', 'postcode': 'I8L 2G8', 'coordinates': {'latitude': '-71.9176', 'longitude': '-124.6621'}, 'timezone': {'offset': '-7:00', 'description': 'Mountain Time (US &amp; Canada)'}}, 'email': 'nicolas.pelletier@example.com', 'login': {'uuid': 'ac21d888-3381-426d-b87c-acc61abcfe80', 'username': 'lazysnake666', 'password': 'lane', 'salt': 'moHgkzZ7', 'md5': 'c140f4f599119e551310c7a825055bb5', 'sha1': '9daa4df952ecfa71efbaa3f5b639546f5851e38f', 'sha256': '639512cb11d9787eb4943e9cc519c7072e9b18766e2b6c929c045d16a0458690'}, 'dob': {'date': '1988-08-24T13:36:50.525Z', 'age': 35}, 'registered': {'date': '2018-01-25T09:09:19.923Z', 'age': 6}, 'phone': 'C67 T99-5032', 'cell': 'Y60 O87-5145', 'id': {'name': 'SIN', 'value': '444009286'}, 'picture': {'large': 'https://randomuser.me/api/portraits/men/43.jpg', 'medium': 'https://randomuser.me/api/portraits/med/men/43.jpg', 'thumbnail': 'https://randomuser.me/api/portraits/thumb/men/43.jpg'}, 'nat': 'CA'}</msg>
<arg>${json_data['results'][0]}</arg>
<doc>Logs the given message with the given level.</doc>
<status status="PASS" start="2024-07-24T11:13:05.572616" elapsed="0.000456"/>
</kw>
<kw name="Log" owner="BuiltIn">
<msg time="2024-07-24T11:13:05.573500" level="INFO">gender</msg>
<arg>${key}</arg>
<doc>Logs the given message with the given level.</doc>
<status status="PASS" start="2024-07-24T11:13:05.573372" elapsed="0.000165"/>
</kw>
<var name="${key}">gender</var>
<status status="PASS" start="2024-07-24T11:13:05.571888" elapsed="0.001865"/>
</iter>
<iter>
<kw name="Dictionary Should Contain Key" owner="Collections">
<arg>${json_data['results'][0]}</arg>
<arg>${key}</arg>
<doc>Fails if ``key`` is not found from ``dictionary``.</doc>
<status status="PASS" start="2024-07-24T11:13:05.574048" elapsed="0.000384"/>
</kw>
<kw name="Log" owner="BuiltIn">
<msg time="2024-07-24T11:13:05.574967" level="INFO">{'gender': 'male', 'name': {'title': 'Mr', 'first': 'Nicolas', 'last': 'Pelletier'}, 'location': {'street': {'number': 1096, 'name': 'Stanley Way'}, 'city': 'Lasalle', 'state': 'Nova Scotia', 'country': 'Canada', 'postcode': 'I8L 2G8', 'coordinates': {'latitude': '-71.9176', 'longitude': '-124.6621'}, 'timezone': {'offset': '-7:00', 'description': 'Mountain Time (US &amp; Canada)'}}, 'email': 'nicolas.pelletier@example.com', 'login': {'uuid': 'ac21d888-3381-426d-b87c-acc61abcfe80', 'username': 'lazysnake666', 'password': 'lane', 'salt': 'moHgkzZ7', 'md5': 'c140f4f599119e551310c7a825055bb5', 'sha1': '9daa4df952ecfa71efbaa3f5b639546f5851e38f', 'sha256': '639512cb11d9787eb4943e9cc519c7072e9b18766e2b6c929c045d16a0458690'}, 'dob': {'date': '1988-08-24T13:36:50.525Z', 'age': 35}, 'registered': {'date': '2018-01-25T09:09:19.923Z', 'age': 6}, 'phone': 'C67 T99-5032', 'cell': 'Y60 O87-5145', 'id': {'name': 'SIN', 'value': '444009286'}, 'picture': {'large': 'https://randomuser.me/api/portraits/men/43.jpg', 'medium': 'https://randomuser.me/api/portraits/med/men/43.jpg', 'thumbnail': 'https://randomuser.me/api/portraits/thumb/men/43.jpg'}, 'nat': 'CA'}</msg>
<arg>${json_data['results'][0]}</arg>
<doc>Logs the given message with the given level.</doc>
<status status="PASS" start="2024-07-24T11:13:05.574615" elapsed="0.000435"/>
</kw>
<kw name="Log" owner="BuiltIn">
<msg time="2024-07-24T11:13:05.575475" level="INFO">name</msg>
<arg>${key}</arg>
<doc>Logs the given message with the given level.</doc>
<status status="PASS" start="2024-07-24T11:13:05.575349" elapsed="0.000162"/>
</kw>
<var name="${key}">name</var>
<status status="PASS" start="2024-07-24T11:13:05.573937" elapsed="0.001792"/>
</iter>
<iter>
<kw name="Dictionary Should Contain Key" owner="Collections">
<arg>${json_data['results'][0]}</arg>
<arg>${key}</arg>
<doc>Fails if ``key`` is not found from ``dictionary``.</doc>
<status status="PASS" start="2024-07-24T11:13:05.576011" elapsed="0.000384"/>
</kw>
<kw name="Log" owner="BuiltIn">
<msg time="2024-07-24T11:13:05.576959" level="INFO">{'gender': 'male', 'name': {'title': 'Mr', 'first': 'Nicolas', 'last': 'Pelletier'}, 'location': {'street': {'number': 1096, 'name': 'Stanley Way'}, 'city': 'Lasalle', 'state': 'Nova Scotia', 'country': 'Canada', 'postcode': 'I8L 2G8', 'coordinates': {'latitude': '-71.9176', 'longitude': '-124.6621'}, 'timezone': {'offset': '-7:00', 'description': 'Mountain Time (US &amp; Canada)'}}, 'email': 'nicolas.pelletier@example.com', 'login': {'uuid': 'ac21d888-3381-426d-b87c-acc61abcfe80', 'username': 'lazysnake666', 'password': 'lane', 'salt': 'moHgkzZ7', 'md5': 'c140f4f599119e551310c7a825055bb5', 'sha1': '9daa4df952ecfa71efbaa3f5b639546f5851e38f', 'sha256': '639512cb11d9787eb4943e9cc519c7072e9b18766e2b6c929c045d16a0458690'}, 'dob': {'date': '1988-08-24T13:36:50.525Z', 'age': 35}, 'registered': {'date': '2018-01-25T09:09:19.923Z', 'age': 6}, 'phone': 'C67 T99-5032', 'cell': 'Y60 O87-5145', 'id': {'name': 'SIN', 'value': '444009286'}, 'picture': {'large': 'https://randomuser.me/api/portraits/men/43.jpg', 'medium': 'https://randomuser.me/api/portraits/med/men/43.jpg', 'thumbnail': 'https://randomuser.me/api/portraits/thumb/men/43.jpg'}, 'nat': 'CA'}</msg>
<arg>${json_data['results'][0]}</arg>
<doc>Logs the given message with the given level.</doc>
<status status="PASS" start="2024-07-24T11:13:05.576584" elapsed="0.000426"/>
</kw>
<kw name="Log" owner="BuiltIn">
<msg time="2024-07-24T11:13:05.577434" level="INFO">location</msg>
<arg>${key}</arg>
<doc>Logs the given message with the given level.</doc>
<status status="PASS" start="2024-07-24T11:13:05.577308" elapsed="0.000162"/>
</kw>
<var name="${key}">location</var>
<status status="PASS" start="2024-07-24T11:13:05.575905" elapsed="0.001779"/>
</iter>
<iter>
<kw name="Dictionary Should Contain Key" owner="Collections">
<arg>${json_data['results'][0]}</arg>
<arg>${key}</arg>
<doc>Fails if ``key`` is not found from ``dictionary``.</doc>
<status status="PASS" start="2024-07-24T11:13:05.577960" elapsed="0.000381"/>
</kw>
<kw name="Log" owner="BuiltIn">
<msg time="2024-07-24T11:13:05.578997" level="INFO">{'gender': 'male', 'name': {'title': 'Mr', 'first': 'Nicolas', 'last': 'Pelletier'}, 'location': {'street': {'number': 1096, 'name': 'Stanley Way'}, 'city': 'Lasalle', 'state': 'Nova Scotia', 'country': 'Canada', 'postcode': 'I8L 2G8', 'coordinates': {'latitude': '-71.9176', 'longitude': '-124.6621'}, 'timezone': {'offset': '-7:00', 'description': 'Mountain Time (US &amp; Canada)'}}, 'email': 'nicolas.pelletier@example.com', 'login': {'uuid': 'ac21d888-3381-426d-b87c-acc61abcfe80', 'username': 'lazysnake666', 'password': 'lane', 'salt': 'moHgkzZ7', 'md5': 'c140f4f599119e551310c7a825055bb5', 'sha1': '9daa4df952ecfa71efbaa3f5b639546f5851e38f', 'sha256': '639512cb11d9787eb4943e9cc519c7072e9b18766e2b6c929c045d16a0458690'}, 'dob': {'date': '1988-08-24T13:36:50.525Z', 'age': 35}, 'registered': {'date': '2018-01-25T09:09:19.923Z', 'age': 6}, 'phone': 'C67 T99-5032', 'cell': 'Y60 O87-5145', 'id': {'name': 'SIN', 'value': '444009286'}, 'picture': {'large': 'https://randomuser.me/api/portraits/men/43.jpg', 'medium': 'https://randomuser.me/api/portraits/med/men/43.jpg', 'thumbnail': 'https://randomuser.me/api/portraits/thumb/men/43.jpg'}, 'nat': 'CA'}</msg>
<arg>${json_data['results'][0]}</arg>
<doc>Logs the given message with the given level.</doc>
<status status="PASS" start="2024-07-24T11:13:05.578645" elapsed="0.000402"/>
</kw>
<kw name="Log" owner="BuiltIn">
<msg time="2024-07-24T11:13:05.579472" level="INFO">email</msg>
<arg>${key}</arg>
<doc>Logs the given message with the given level.</doc>
<status status="PASS" start="2024-07-24T11:13:05.579346" elapsed="0.000164"/>
</kw>
<var name="${key}">email</var>
<status status="PASS" start="2024-07-24T11:13:05.577855" elapsed="0.001871"/>
</iter>
<iter>
<kw name="Dictionary Should Contain Key" owner="Collections">
<arg>${json_data['results'][0]}</arg>
<arg>${key}</arg>
<doc>Fails if ``key`` is not found from ``dictionary``.</doc>
<status status="PASS" start="2024-07-24T11:13:05.580004" elapsed="0.000396"/>
</kw>
<kw name="Log" owner="BuiltIn">
<msg time="2024-07-24T11:13:05.580981" level="INFO">{'gender': 'male', 'name': {'title': 'Mr', 'first': 'Nicolas', 'last': 'Pelletier'}, 'location': {'street': {'number': 1096, 'name': 'Stanley Way'}, 'city': 'Lasalle', 'state': 'Nova Scotia', 'country': 'Canada', 'postcode': 'I8L 2G8', 'coordinates': {'latitude': '-71.9176', 'longitude': '-124.6621'}, 'timezone': {'offset': '-7:00', 'description': 'Mountain Time (US &amp; Canada)'}}, 'email': 'nicolas.pelletier@example.com', 'login': {'uuid': 'ac21d888-3381-426d-b87c-acc61abcfe80', 'username': 'lazysnake666', 'password': 'lane', 'salt': 'moHgkzZ7', 'md5': 'c140f4f599119e551310c7a825055bb5', 'sha1': '9daa4df952ecfa71efbaa3f5b639546f5851e38f', 'sha256': '639512cb11d9787eb4943e9cc519c7072e9b18766e2b6c929c045d16a0458690'}, 'dob': {'date': '1988-08-24T13:36:50.525Z', 'age': 35}, 'registered': {'date': '2018-01-25T09:09:19.923Z', 'age': 6}, 'phone': 'C67 T99-5032', 'cell': 'Y60 O87-5145', 'id': {'name': 'SIN', 'value': '444009286'}, 'picture': {'large': 'https://randomuser.me/api/portraits/men/43.jpg', 'medium': 'https://randomuser.me/api/portraits/med/men/43.jpg', 'thumbnail': 'https://randomuser.me/api/portraits/thumb/men/43.jpg'}, 'nat': 'CA'}</msg>
<arg>${json_data['results'][0]}</arg>
<doc>Logs the given message with the given level.</doc>
<status status="PASS" start="2024-07-24T11:13:05.580584" elapsed="0.000448"/>
</kw>
<kw name="Log" owner="BuiltIn">
<msg time="2024-07-24T11:13:05.581454" level="INFO">login</msg>
<arg>${key}</arg>
<doc>Logs the given message with the given level.</doc>
<status status="PASS" start="2024-07-24T11:13:05.581329" elapsed="0.000162"/>
</kw>
<var name="${key}">login</var>
<status status="PASS" start="2024-07-24T11:13:05.579898" elapsed="0.001808"/>
</iter>
<var>${key}</var>
<value>@{expected_keys}</value>
<status status="PASS" start="2024-07-24T11:13:05.571694" elapsed="0.010134"/>
</for>
<kw name="Create List" owner="BuiltIn">
<msg time="2024-07-24T11:13:05.582153" level="INFO">${expected_keysTwo} = ['username', 'password']</msg>
<var>${expected_keysTwo}</var>
<arg>username</arg>
<arg>password</arg>
<doc>Returns a list containing given items.</doc>
<status status="PASS" start="2024-07-24T11:13:05.582017" elapsed="0.000187"/>
</kw>
<for flavor="IN">
<iter>
<kw name="Dictionary Should Contain Key" owner="Collections">
<arg>${json_data['results'][0]['login']}</arg>
<arg>${keyTwo}</arg>
<doc>Fails if ``key`` is not found from ``dictionary``.</doc>
<status status="PASS" start="2024-07-24T11:13:05.582726" elapsed="0.000380"/>
</kw>
<kw name="Dictionary Should Contain Key" owner="Collections">
<arg>${json_data['results'][0]['login']}</arg>
<arg>${keyTwo}</arg>
<doc>Fails if ``key`` is not found from ``dictionary``.</doc>
<status status="PASS" start="2024-07-24T11:13:05.583287" elapsed="0.000366"/>
</kw>
<kw name="Log" owner="BuiltIn">
<msg time="2024-07-24T11:13:05.583945" level="INFO">username</msg>
<arg>${keyTwo}</arg>
<doc>Logs the given message with the given level.</doc>
<status status="PASS" start="2024-07-24T11:13:05.583829" elapsed="0.000153"/>
</kw>
<var name="${keyTwo}">username</var>
<status status="PASS" start="2024-07-24T11:13:05.582608" elapsed="0.001593"/>
</iter>
<iter>
<kw name="Dictionary Should Contain Key" owner="Collections">
<arg>${json_data['results'][0]['login']}</arg>
<arg>${keyTwo}</arg>
<doc>Fails if ``key`` is not found from ``dictionary``.</doc>
<status status="PASS" start="2024-07-24T11:13:05.584481" elapsed="0.000402"/>
</kw>
<kw name="Dictionary Should Contain Key" owner="Collections">
<arg>${json_data['results'][0]['login']}</arg>
<arg>${keyTwo}</arg>
<doc>Fails if ``key`` is not found from ``dictionary``.</doc>
<status status="PASS" start="2024-07-24T11:13:05.585072" elapsed="0.000369"/>
</kw>
<kw name="Log" owner="BuiltIn">
<msg time="2024-07-24T11:13:05.585736" level="INFO">password</msg>
<arg>${keyTwo}</arg>
<doc>Logs the given message with the given level.</doc>
<status status="PASS" start="2024-07-24T11:13:05.585615" elapsed="0.000158"/>
</kw>
<var name="${keyTwo}">password</var>
<status status="PASS" start="2024-07-24T11:13:05.584371" elapsed="0.001622"/>
</iter>
<var>${keyTwo}</var>
<value>@{expected_keysTwo}</value>
<status status="PASS" start="2024-07-24T11:13:05.582447" elapsed="0.003666"/>
</for>
<status status="PASS" start="2024-07-24T11:13:04.855900" elapsed="0.730353"/>
</kw>
<doc>Testa a estrutura da resposta da API.</doc>
<tag>testeEstruturaResposta</tag>
<status status="PASS" start="2024-07-24T11:13:04.855383" elapsed="0.731027"/>
</test>
<test id="s1-s1-t4" name="Validar tipos de dados" line="28">
<kw name="Teste de Tipos de Dados" owner="random-user-service">
<kw name="GET On Session" owner="RequestsLibrary">
<msg time="2024-07-24T11:13:05.828772" level="INFO">GET Request : url=https://randomuser.me/api 
 path_url=/api 
 headers={'User-Agent': 'python-requests/2.32.3', 'Accept-Encoding': 'gzip, deflate', 'Accept': '*/*', 'Connection': 'keep-alive'} 
 body=None 
 </msg>
<msg time="2024-07-24T11:13:05.828899" level="INFO">GET Response : url=https://randomuser.me/api 
 status=200, reason=OK 
 headers={'Date': 'Wed, 24 Jul 2024 11:13:05 GMT', 'Content-Type': 'application/json; charset=utf-8', 'Transfer-Encoding': 'chunked', 'Connection': 'keep-alive', 'X-Powered-By': 'Express', 'Access-Control-Allow-Origin': '*', 'Cache-Control': 'no-cache', 'ETag': 'W/"4bc-jAHgm4+HaKcs9MvI2NKEHiq89QE"', 'Vary': 'Accept-Encoding', 'Content-Encoding': 'gzip', 'CF-Cache-Status': 'DYNAMIC', 'Report-To': '{"endpoints":[{"url":"https:\\/\\/a.nel.cloudflare.com\\/report\\/v4?s=r7Q4EkuB%2F94rVuK8b9IN6mf0ta8MNEuyxDUV%2Bi1jFfLcVm%2BeRCCy%2BXSM5Cou6Dw7pljPfIkE2ta27cTLV%2FD6AUiyAUW2NaDMl%2F3%2BO71hr0whYKyEDucRSxuMI%2FjcLb3D"}],"group":"cf-nel","max_age":604800}', 'NEL': '{"success_fraction":0,"report_to":"cf-nel","max_age":604800}', 'Server': 'cloudflare', 'CF-RAY': '8a837a99ffad13c9-IAD', 'alt-svc': 'h3=":443"; ma=86400'} 
 body={"results":[{"gender":"female","name":{"title":"Ms","first":"Helena","last":"Arguello"},"location":{"street":{"number":7353,"name":"Ampliación Baja California"},"city":"Colonia Juárez","state":"Zacatecas","country":"Mexico","postcode":88664,"coordinates":{"latitude":"22.1207","longitude":"40.9611"},"timezone":{"offset":"+5:00","description":"Ekaterinburg, Islamabad, Karachi, Tashkent"}},"email":"helena.arguello@example.com","login":{"uuid":"70cab02f-df4f-4c0f-b8b3-7f93505229fb","username":"bluekoala972","password":"porkchop","salt":"8r8Xb9SG","md5":"e8c02cb24fe0c57143d8aab5603b1b42","sha1":"3020ddff918f386ba35cc1b1aaf5909450deb8ee","sha256":"be1756efa5f1c46601a49ad60b6d514b17147dc35be34bbf0279ae237a1bf483"},"dob":{"date":"1979-04-15T13:30:05.741Z","age":45},"registered":{"date":"2006-11-14T23:49:13.596Z","age":17},"phone":"(603) 115 9715","cell":"(673) 958 5245","id":{"name":"NSS","value":"96 69 09 0252 7"},"picture":{"large":"https://randomuser.me/api/portraits/women/33.jpg","medium":"https://randomuser.me/api/portraits/med/women/33.jpg","thumbnail":"https://randomuser.me/api/portraits/thumb/women/33.jpg"},"nat":"MX"}],"info":{"seed":"4d9e29e1b1e61db1","results":1,"page":1,"version":"1.4"}} 
 </msg>
<msg time="2024-07-24T11:13:05.828978" level="INFO">/opt/hostedtoolcache/Python/3.12.4/x64/lib/python3.12/site-packages/urllib3/connectionpool.py:1099: InsecureRequestWarning: Unverified HTTPS request is being made to host 'randomuser.me'. Adding certificate verification is strongly advised. See: https://urllib3.readthedocs.io/en/latest/advanced-usage.html#tls-warnings
  warnings.warn(</msg>
<msg time="2024-07-24T11:13:05.829088" level="INFO">${response} = &lt;Response [200]&gt;</msg>
<var>${response}</var>
<arg>consultarAPI</arg>
<arg>/api</arg>
<doc>Sends a GET request on a previously created HTTP Session.</doc>
<status status="PASS" start="2024-07-24T11:13:05.588944" elapsed="0.240185"/>
</kw>
<kw name="Set Variable" owner="BuiltIn">
<msg time="2024-07-24T11:13:05.830044" level="INFO">${json_data} = {'results': [{'gender': 'female', 'name': {'title': 'Ms', 'first': 'Helena', 'last': 'Arguello'}, 'location': {'street': {'number': 7353, 'name': 'Ampliación Baja California'}, 'city': 'Colonia Juárez...</msg>
<var>${json_data}</var>
<arg>${response.json()}</arg>
<doc>Returns the given values which can then be assigned to a variables.</doc>
<status status="PASS" start="2024-07-24T11:13:05.829592" elapsed="0.000482"/>
</kw>
<kw name="Log" owner="BuiltIn">
<msg time="2024-07-24T11:13:05.830530" level="INFO">{'results': [{'gender': 'female', 'name': {'title': 'Ms', 'first': 'Helena', 'last': 'Arguello'}, 'location': {'street': {'number': 7353, 'name': 'Ampliación Baja California'}, 'city': 'Colonia Juárez', 'state': 'Zacatecas', 'country': 'Mexico', 'postcode': 88664, 'coordinates': {'latitude': '22.1207', 'longitude': '40.9611'}, 'timezone': {'offset': '+5:00', 'description': 'Ekaterinburg, Islamabad, Karachi, Tashkent'}}, 'email': 'helena.arguello@example.com', 'login': {'uuid': '70cab02f-df4f-4c0f-b8b3-7f93505229fb', 'username': 'bluekoala972', 'password': 'porkchop', 'salt': '8r8Xb9SG', 'md5': 'e8c02cb24fe0c57143d8aab5603b1b42', 'sha1': '3020ddff918f386ba35cc1b1aaf5909450deb8ee', 'sha256': 'be1756efa5f1c46601a49ad60b6d514b17147dc35be34bbf0279ae237a1bf483'}, 'dob': {'date': '1979-04-15T13:30:05.741Z', 'age': 45}, 'registered': {'date': '2006-11-14T23:49:13.596Z', 'age': 17}, 'phone': '(603) 115 9715', 'cell': '(673) 958 5245', 'id': {'name': 'NSS', 'value': '96 69 09 0252 7'}, 'picture': {'large': 'https://randomuser.me/api/portraits/women/33.jpg', 'medium': 'https://randomuser.me/api/portraits/med/women/33.jpg', 'thumbnail': 'https://randomuser.me/api/portraits/thumb/women/33.jpg'}, 'nat': 'MX'}], 'info': {'seed': '4d9e29e1b1e61db1', 'results': 1, 'page': 1, 'version': '1.4'}}</msg>
<arg>${json_data}</arg>
<doc>Logs the given message with the given level.</doc>
<status status="PASS" start="2024-07-24T11:13:05.830377" elapsed="0.000201"/>
</kw>
<kw name="Should Be String" owner="String">
<arg>${json_data['results'][0]['gender']}</arg>
<doc>Fails if the given ``item`` is not a string.</doc>
<status status="PASS" start="2024-07-24T11:13:05.830867" elapsed="0.000362"/>
</kw>
<kw name="Should Match Regexp" owner="BuiltIn">
<arg>${json_data['results'][0]['email']}</arg>
<arg>^[a-zA-Z0-9._%+-]+@[a-zA-Z0-9.-]+\.[a-zA-Z]{2,}$</arg>
<doc>Fails if ``string`` does not match ``pattern`` as a regular expression.</doc>
<status status="PASS" start="2024-07-24T11:13:05.831450" elapsed="0.000514"/>
</kw>
<kw name="Should Match Regexp" owner="BuiltIn">
<arg>${json_data['results'][0]['dob']['date']}</arg>
<arg>\\d{4}-\\d{2}-\\d{2}T\\d{2}:\\d{2}:\\d{2}\\.\\d{3}Z</arg>
<doc>Fails if ``string`` does not match ``pattern`` as a regular expression.</doc>
<status status="PASS" start="2024-07-24T11:13:05.832160" elapsed="0.000616"/>
</kw>
<kw name="Should Match Regexp" owner="BuiltIn">
<arg>${json_data['results'][0]['registered']['date']}</arg>
<arg>\\d{4}-\\d{2}-\\d{2}T\\d{2}:\\d{2}:\\d{2}\\.\\d{3}Z</arg>
<doc>Fails if ``string`` does not match ``pattern`` as a regular expression.</doc>
<status status="PASS" start="2024-07-24T11:13:05.833019" elapsed="0.000371"/>
</kw>
<kw name="Should Match Regexp" owner="BuiltIn">
<arg>${json_data['results'][0]['picture']['large']}</arg>
<arg>^https?://.*\.(?:png|jpe?g|gif|bmp)$</arg>
<doc>Fails if ``string`` does not match ``pattern`` as a regular expression.</doc>
<status status="PASS" start="2024-07-24T11:13:05.833577" elapsed="0.000451"/>
</kw>
<kw name="Should Match Regexp" owner="BuiltIn">
<arg>${json_data['results'][0]['picture']['medium']}</arg>
<arg>^https?://.*\.(?:png|jpe?g|gif|bmp)$</arg>
<doc>Fails if ``string`` does not match ``pattern`` as a regular expression.</doc>
<status status="PASS" start="2024-07-24T11:13:05.834216" elapsed="0.000352"/>
</kw>
<kw name="Should Match Regexp" owner="BuiltIn">
<arg>${json_data['results'][0]['picture']['thumbnail']}</arg>
<arg>^https?://.*\.(?:png|jpe?g|gif|bmp)$</arg>
<doc>Fails if ``string`` does not match ``pattern`` as a regular expression.</doc>
<status status="PASS" start="2024-07-24T11:13:05.834753" elapsed="0.000348"/>
</kw>
<kw name="Log" owner="BuiltIn">
<msg time="2024-07-24T11:13:05.835602" level="INFO">{'large': 'https://randomuser.me/api/portraits/women/33.jpg', 'medium': 'https://randomuser.me/api/portraits/med/women/33.jpg', 'thumbnail': 'https://randomuser.me/api/portraits/thumb/women/33.jpg'}</msg>
<arg>${json_data['results'][0]['picture']}</arg>
<doc>Logs the given message with the given level.</doc>
<status status="PASS" start="2024-07-24T11:13:05.835281" elapsed="0.000362"/>
</kw>
<status status="PASS" start="2024-07-24T11:13:05.588681" elapsed="0.247218"/>
</kw>
<kw name="Teste de Tipos de Dados - Postcode" owner="random-user-service">
<kw name="GET On Session" owner="RequestsLibrary">
<msg time="2024-07-24T11:13:06.057243" level="INFO">GET Request : url=https://randomuser.me/api 
 path_url=/api 
 headers={'User-Agent': 'python-requests/2.32.3', 'Accept-Encoding': 'gzip, deflate', 'Accept': '*/*', 'Connection': 'keep-alive'} 
 body=None 
 </msg>
<msg time="2024-07-24T11:13:06.057325" level="INFO">GET Response : url=https://randomuser.me/api 
 status=200, reason=OK 
 headers={'Date': 'Wed, 24 Jul 2024 11:13:06 GMT', 'Content-Type': 'application/json; charset=utf-8', 'Transfer-Encoding': 'chunked', 'Connection': 'keep-alive', 'X-Powered-By': 'Express', 'Access-Control-Allow-Origin': '*', 'Cache-Control': 'no-cache', 'ETag': 'W/"48e-yA4D9NwPi/zne2uecg/YSTPFiXI"', 'Vary': 'Accept-Encoding', 'Content-Encoding': 'gzip', 'CF-Cache-Status': 'DYNAMIC', 'Report-To': '{"endpoints":[{"url":"https:\\/\\/a.nel.cloudflare.com\\/report\\/v4?s=vN9wH5kKJx80qKAqaQ7w5grTvTGLal6MyY5fDSnrYLO33HC1S4VU4ItK9TRE7dKwc8qlnHB4g72kWroyRlph6Ln1RWqdXenM9TI9VsSaTpd4xWSpRlgKhe11oS25n6WP"}],"group":"cf-nel","max_age":604800}', 'NEL': '{"success_fraction":0,"report_to":"cf-nel","max_age":604800}', 'Server': 'cloudflare', 'CF-RAY': '8a837a9b888013c9-IAD', 'alt-svc': 'h3=":443"; ma=86400'} 
 body={"results":[{"gender":"female","name":{"title":"Ms","first":"Georgia","last":"Sims"},"location":{"street":{"number":2354,"name":"E North St"},"city":"Lincoln","state":"Wisconsin","country":"United States","postcode":53602,"coordinates":{"latitude":"83.8605","longitude":"31.7965"},"timezone":{"offset":"+7:00","description":"Bangkok, Hanoi, Jakarta"}},"email":"georgia.sims@example.com","login":{"uuid":"5dec338f-7964-4be5-89f9-5e272932e678","username":"organicfrog915","password":"yzerman","salt":"JyqT6xrM","md5":"8b2a67f2959e98c798b838a5305c9db2","sha1":"19d6504f7c6d1e285b86284a3a60b74764bb8d11","sha256":"868dc9271c7334872e29a832c461e69015dc56242cda034272880711f9a97c7d"},"dob":{"date":"1952-01-15T06:58:08.671Z","age":72},"registered":{"date":"2011-03-31T18:53:51.158Z","age":13},"phone":"(611) 944-5776","cell":"(738) 962-0732","id":{"name":"SSN","value":"129-59-8144"},"picture":{"large":"https://randomuser.me/api/portraits/women/14.jpg","medium":"https://randomuser.me/api/portraits/med/women/14.jpg","thumbnail":"https://randomuser.me/api/portraits/thumb/women/14.jpg"},"nat":"US"}],"info":{"seed":"029f15e669c979bc","results":1,"page":1,"version":"1.4"}} 
 </msg>
<msg time="2024-07-24T11:13:06.057400" level="INFO">/opt/hostedtoolcache/Python/3.12.4/x64/lib/python3.12/site-packages/urllib3/connectionpool.py:1099: InsecureRequestWarning: Unverified HTTPS request is being made to host 'randomuser.me'. Adding certificate verification is strongly advised. See: https://urllib3.readthedocs.io/en/latest/advanced-usage.html#tls-warnings
  warnings.warn(</msg>
<msg time="2024-07-24T11:13:06.057511" level="INFO">${response} = &lt;Response [200]&gt;</msg>
<var>${response}</var>
<arg>consultarAPI</arg>
<arg>/api</arg>
<doc>Sends a GET request on a previously created HTTP Session.</doc>
<status status="PASS" start="2024-07-24T11:13:05.836327" elapsed="0.221236"/>
</kw>
<kw name="Set Variable" owner="BuiltIn">
<msg time="2024-07-24T11:13:06.058677" level="INFO">${json_data} = {'results': [{'gender': 'female', 'name': {'title': 'Ms', 'first': 'Georgia', 'last': 'Sims'}, 'location': {'street': {'number': 2354, 'name': 'E North St'}, 'city': 'Lincoln', 'state': 'Wisconsin', '...</msg>
<var>${json_data}</var>
<arg>${response.json()}</arg>
<doc>Returns the given values which can then be assigned to a variables.</doc>
<status status="PASS" start="2024-07-24T11:13:06.058115" elapsed="0.000590"/>
</kw>
<kw name="Log" owner="BuiltIn">
<msg time="2024-07-24T11:13:06.059177" level="INFO">{'results': [{'gender': 'female', 'name': {'title': 'Ms', 'first': 'Georgia', 'last': 'Sims'}, 'location': {'street': {'number': 2354, 'name': 'E North St'}, 'city': 'Lincoln', 'state': 'Wisconsin', 'country': 'United States', 'postcode': 53602, 'coordinates': {'latitude': '83.8605', 'longitude': '31.7965'}, 'timezone': {'offset': '+7:00', 'description': 'Bangkok, Hanoi, Jakarta'}}, 'email': 'georgia.sims@example.com', 'login': {'uuid': '5dec338f-7964-4be5-89f9-5e272932e678', 'username': 'organicfrog915', 'password': 'yzerman', 'salt': 'JyqT6xrM', 'md5': '8b2a67f2959e98c798b838a5305c9db2', 'sha1': '19d6504f7c6d1e285b86284a3a60b74764bb8d11', 'sha256': '868dc9271c7334872e29a832c461e69015dc56242cda034272880711f9a97c7d'}, 'dob': {'date': '1952-01-15T06:58:08.671Z', 'age': 72}, 'registered': {'date': '2011-03-31T18:53:51.158Z', 'age': 13}, 'phone': '(611) 944-5776', 'cell': '(738) 962-0732', 'id': {'name': 'SSN', 'value': '129-59-8144'}, 'picture': {'large': 'https://randomuser.me/api/portraits/women/14.jpg', 'medium': 'https://randomuser.me/api/portraits/med/women/14.jpg', 'thumbnail': 'https://randomuser.me/api/portraits/thumb/women/14.jpg'}, 'nat': 'US'}], 'info': {'seed': '029f15e669c979bc', 'results': 1, 'page': 1, 'version': '1.4'}}</msg>
<arg>${json_data}</arg>
<doc>Logs the given message with the given level.</doc>
<status status="PASS" start="2024-07-24T11:13:06.059020" elapsed="0.000203"/>
</kw>
<kw name="Should Be Equal As Numbers" owner="BuiltIn">
<arg>${json_data['results'][0]['location']['postcode']}</arg>
<arg>${json_data['results'][0]['location']['postcode']}</arg>
<doc>Fails if objects are unequal after converting them to real numbers.</doc>
<status status="PASS" start="2024-07-24T11:13:06.059515" elapsed="0.000632"/>
</kw>
<kw name="Log" owner="BuiltIn">
<msg time="2024-07-24T11:13:06.060704" level="INFO">53602</msg>
<arg>${json_data['results'][0]['location']['postcode']}</arg>
<doc>Logs the given message with the given level.</doc>
<status status="PASS" start="2024-07-24T11:13:06.060365" elapsed="0.000394"/>
</kw>
<status status="PASS" start="2024-07-24T11:13:05.836112" elapsed="0.224949"/>
</kw>
<doc>Testa se os tipos de dados na resposta da API estão corretos.</doc>
<tag>testeTiposDados</tag>
<status status="PASS" start="2024-07-24T11:13:05.588177" elapsed="0.473059"/>
</test>
<test id="s1-s1-t5" name="Validar conteudo" line="35">
<kw name="Teste de Tipos de Conteudo" owner="random-user-service">
<kw name="GET On Session" owner="RequestsLibrary">
<msg time="2024-07-24T11:13:06.216853" level="INFO">GET Request : url=https://randomuser.me/api 
 path_url=/api 
 headers={'User-Agent': 'python-requests/2.32.3', 'Accept-Encoding': 'gzip, deflate', 'Accept': '*/*', 'Connection': 'keep-alive'} 
 body=None 
 </msg>
<msg time="2024-07-24T11:13:06.216942" level="INFO">GET Response : url=https://randomuser.me/api 
 status=200, reason=OK 
 headers={'Date': 'Wed, 24 Jul 2024 11:13:06 GMT', 'Content-Type': 'application/json; charset=utf-8', 'Transfer-Encoding': 'chunked', 'Connection': 'keep-alive', 'X-Powered-By': 'Express', 'Access-Control-Allow-Origin': '*', 'Cache-Control': 'no-cache', 'ETag': 'W/"473-jj9vy3LyGb/qlT4MNyZtmihOoIA"', 'Vary': 'Accept-Encoding', 'Content-Encoding': 'gzip', 'CF-Cache-Status': 'DYNAMIC', 'Report-To': '{"endpoints":[{"url":"https:\\/\\/a.nel.cloudflare.com\\/report\\/v4?s=MmGMGc5foefVIItSawocXYCOrluN87%2BHjK9yFTjrH5JX5PuMcm1x5YIxtYK2fn7UAVEgiI1n1eUhM6hl5NrNIvBqQrKnczVp6CqaG6sf9F3KtbohVhv5iSDiuRv4iiKr"}],"group":"cf-nel","max_age":604800}', 'NEL': '{"success_fraction":0,"report_to":"cf-nel","max_age":604800}', 'Server': 'cloudflare', 'CF-RAY': '8a837a9ce92f13c9-IAD', 'alt-svc': 'h3=":443"; ma=86400'} 
 body={"results":[{"gender":"male","name":{"title":"Mr","first":"Nolan","last":"Cole"},"location":{"street":{"number":1331,"name":"Novara Avenue"},"city":"Mountmellick","state":"Kerry","country":"Ireland","postcode":53464,"coordinates":{"latitude":"-1.4627","longitude":"-140.6605"},"timezone":{"offset":"-12:00","description":"Eniwetok, Kwajalein"}},"email":"nolan.cole@example.com","login":{"uuid":"b2028a57-f97a-4761-8770-b4be25cef5b4","username":"lazybear721","password":"jockey","salt":"8JEOCAhI","md5":"79a595c1e31c6ef4bc65a45fe206ac10","sha1":"90de9fe982e3649816a3662b261b6ffc76a4c0d8","sha256":"3caaa3124fc681452a165356878220d1c3060d1e40703602d3a126cc077dd885"},"dob":{"date":"1962-02-11T15:42:02.546Z","age":62},"registered":{"date":"2016-07-24T00:50:02.194Z","age":8},"phone":"011-378-9372","cell":"081-319-8410","id":{"name":"PPS","value":"6574315T"},"picture":{"large":"https://randomuser.me/api/portraits/men/93.jpg","medium":"https://randomuser.me/api/portraits/med/men/93.jpg","thumbnail":"https://randomuser.me/api/portraits/thumb/men/93.jpg"},"nat":"IE"}],"info":{"seed":"38910dbf28c1b875","results":1,"page":1,"version":"1.4"}} 
 </msg>
<msg time="2024-07-24T11:13:06.217028" level="INFO">/opt/hostedtoolcache/Python/3.12.4/x64/lib/python3.12/site-packages/urllib3/connectionpool.py:1099: InsecureRequestWarning: Unverified HTTPS request is being made to host 'randomuser.me'. Adding certificate verification is strongly advised. See: https://urllib3.readthedocs.io/en/latest/advanced-usage.html#tls-warnings
  warnings.warn(</msg>
<msg time="2024-07-24T11:13:06.217140" level="INFO">${response} = &lt;Response [200]&gt;</msg>
<var>${response}</var>
<arg>consultarAPI</arg>
<arg>/api</arg>
<doc>Sends a GET request on a previously created HTTP Session.</doc>
<status status="PASS" start="2024-07-24T11:13:06.063663" elapsed="0.153521"/>
</kw>
<kw name="Set Variable" owner="BuiltIn">
<msg time="2024-07-24T11:13:06.218018" level="INFO">${json_data} = {'results': [{'gender': 'male', 'name': {'title': 'Mr', 'first': 'Nolan', 'last': 'Cole'}, 'location': {'street': {'number': 1331, 'name': 'Novara Avenue'}, 'city': 'Mountmellick', 'state': 'Kerry', '...</msg>
<var>${json_data}</var>
<arg>${response.json()}</arg>
<doc>Returns the given values which can then be assigned to a variables.</doc>
<status status="PASS" start="2024-07-24T11:13:06.217570" elapsed="0.000476"/>
</kw>
<kw name="Set Variable" owner="BuiltIn">
<msg time="2024-07-24T11:13:06.218737" level="INFO">${name_title} = Mr</msg>
<var>${name_title}</var>
<arg>${json_data["results"][0]["name"]["title"]}</arg>
<doc>Returns the given values which can then be assigned to a variables.</doc>
<status status="PASS" start="2024-07-24T11:13:06.218359" elapsed="0.000404"/>
</kw>
<kw name="Create List" owner="BuiltIn">
<msg time="2024-07-24T11:13:06.219205" level="INFO">${allowed_titles} = ['Mr', 'Ms', 'Miss', 'Mrs', 'Madame', 'Monsieur']</msg>
<var>${allowed_titles}</var>
<arg>Mr</arg>
<arg>Ms</arg>
<arg>Miss</arg>
<arg>Mrs</arg>
<arg>Madame</arg>
<arg>Monsieur</arg>
<doc>Returns a list containing given items.</doc>
<status status="PASS" start="2024-07-24T11:13:06.219059" elapsed="0.000170"/>
</kw>
<kw name="List Should Contain Value" owner="Collections">
<arg>${allowed_titles}</arg>
<arg>${name_title}</arg>
<doc>Fails if the ``value`` is not found from ``list``.</doc>
<status status="PASS" start="2024-07-24T11:13:06.219526" elapsed="0.000181"/>
</kw>
<kw name="Set Variable" owner="BuiltIn">
<msg time="2024-07-24T11:13:06.220255" level="INFO">${name_country} = IE</msg>
<var>${name_country}</var>
<arg>${json_data["results"][0]["nat"]}</arg>
<doc>Returns the given values which can then be assigned to a variables.</doc>
<status status="PASS" start="2024-07-24T11:13:06.219887" elapsed="0.000393"/>
</kw>
<kw name="Create List" owner="BuiltIn">
<msg time="2024-07-24T11:13:06.221194" level="INFO">${list_country} = ['AD', 'AE', 'AF', 'AG', 'AI', 'AL', 'AM', 'AO', 'AQ', 'AR', 'AS', 'AT', 'AU', 'AW', 'AX', 'AZ', 'BA', 'BB', 'BD', 'BE', 'BF', 'BG', 'BH', 'BI', 'BJ', 'BL', 'BM', 'BN', 'BO', 'BQ', 'BR', 'BS', 'BT', '...</msg>
<var>${list_country}</var>
<arg>AD</arg>
<arg>AE</arg>
<arg>AF</arg>
<arg>AG</arg>
<arg>AI</arg>
<arg>AL</arg>
<arg>AM</arg>
<arg>AO</arg>
<arg>AQ</arg>
<arg>AR</arg>
<arg>AS</arg>
<arg>AT</arg>
<arg>AU</arg>
<arg>AW</arg>
<arg>AX</arg>
<arg>AZ</arg>
<arg>BA</arg>
<arg>BB</arg>
<arg>BD</arg>
<arg>BE</arg>
<arg>BF</arg>
<arg>BG</arg>
<arg>BH</arg>
<arg>BI</arg>
<arg>BJ</arg>
<arg>BL</arg>
<arg>BM</arg>
<arg>BN</arg>
<arg>BO</arg>
<arg>BQ</arg>
<arg>BR</arg>
<arg>BS</arg>
<arg>BT</arg>
<arg>BV</arg>
<arg>BW</arg>
<arg>BY</arg>
<arg>BZ</arg>
<arg>CA</arg>
<arg>CC</arg>
<arg>CD</arg>
<arg>CF</arg>
<arg>CG</arg>
<arg>CH</arg>
<arg>CI</arg>
<arg>CK</arg>
<arg>CL</arg>
<arg>CM</arg>
<arg>CN</arg>
<arg>CO</arg>
<arg>CR</arg>
<arg>CU</arg>
<arg>CV</arg>
<arg>CW</arg>
<arg>CX</arg>
<arg>CY</arg>
<arg>CZ</arg>
<arg>DE</arg>
<arg>DJ</arg>
<arg>DK</arg>
<arg>DM</arg>
<arg>DO</arg>
<arg>DZ</arg>
<arg>EC</arg>
<arg>EE</arg>
<arg>EG</arg>
<arg>EH</arg>
<arg>ER</arg>
<arg>ES</arg>
<arg>ET</arg>
<arg>FI</arg>
<arg>FJ</arg>
<arg>FK</arg>
<arg>FM</arg>
<arg>FO</arg>
<arg>FR</arg>
<arg>GA</arg>
<arg>GB</arg>
<arg>GD</arg>
<arg>GE</arg>
<arg>GF</arg>
<arg>GG</arg>
<arg>GH</arg>
<arg>GI</arg>
<arg>GL</arg>
<arg>GM</arg>
<arg>GN</arg>
<arg>GP</arg>
<arg>GQ</arg>
<arg>GR</arg>
<arg>GS</arg>
<arg>GT</arg>
<arg>GU</arg>
<arg>GW</arg>
<arg>GY</arg>
<arg>HK</arg>
<arg>HM</arg>
<arg>HN</arg>
<arg>HR</arg>
<arg>HT</arg>
<arg>HU</arg>
<arg>ID</arg>
<arg>IE</arg>
<arg>IL</arg>
<arg>IM</arg>
<arg>IN</arg>
<arg>IO</arg>
<arg>IQ</arg>
<arg>IR</arg>
<arg>IS</arg>
<arg>IT</arg>
<arg>JE</arg>
<arg>JM</arg>
<arg>JO</arg>
<arg>JP</arg>
<arg>KE</arg>
<arg>KG</arg>
<arg>KH</arg>
<arg>KI</arg>
<arg>KM</arg>
<arg>KN</arg>
<arg>KP</arg>
<arg>KR</arg>
<arg>KW</arg>
<arg>KY</arg>
<arg>KZ</arg>
<arg>LA</arg>
<arg>LB</arg>
<arg>LC</arg>
<arg>LI</arg>
<arg>LK</arg>
<arg>LR</arg>
<arg>LS</arg>
<arg>LT</arg>
<arg>LU</arg>
<arg>LV</arg>
<arg>LY</arg>
<arg>MA</arg>
<arg>MC</arg>
<arg>MD</arg>
<arg>ME</arg>
<arg>MF</arg>
<arg>MG</arg>
<arg>MH</arg>
<arg>MK</arg>
<arg>ML</arg>
<arg>MM</arg>
<arg>MN</arg>
<arg>MO</arg>
<arg>MP</arg>
<arg>MQ</arg>
<arg>MR</arg>
<arg>MS</arg>
<arg>MT</arg>
<arg>MU</arg>
<arg>MV</arg>
<arg>MW</arg>
<arg>MX</arg>
<arg>MY</arg>
<arg>MZ</arg>
<arg>NA</arg>
<arg>NC</arg>
<arg>NE</arg>
<arg>NF</arg>
<arg>NG</arg>
<arg>NI</arg>
<arg>NL</arg>
<arg>NO</arg>
<arg>NP</arg>
<arg>NR</arg>
<arg>NU</arg>
<arg>NZ</arg>
<arg>OM</arg>
<arg>PA</arg>
<arg>PE</arg>
<arg>PF</arg>
<arg>PG</arg>
<arg>PH</arg>
<arg>PK</arg>
<arg>PL</arg>
<arg>PM</arg>
<arg>PN</arg>
<arg>PR</arg>
<arg>PS</arg>
<arg>PT</arg>
<arg>PW</arg>
<arg>PY</arg>
<arg>QA</arg>
<arg>RE</arg>
<arg>RO</arg>
<arg>RS</arg>
<arg>RU</arg>
<arg>RW</arg>
<arg>SA</arg>
<arg>SB</arg>
<arg>SC</arg>
<arg>SD</arg>
<arg>SE</arg>
<arg>SG</arg>
<arg>SH</arg>
<arg>SI</arg>
<arg>SJ</arg>
<arg>SK</arg>
<arg>SL</arg>
<arg>SM</arg>
<arg>SN</arg>
<arg>SO</arg>
<arg>SR</arg>
<arg>SS</arg>
<arg>ST</arg>
<arg>SV</arg>
<arg>SX</arg>
<arg>SY</arg>
<arg>SZ</arg>
<arg>TC</arg>
<arg>TD</arg>
<arg>TF</arg>
<arg>TG</arg>
<arg>TH</arg>
<arg>TJ</arg>
<arg>TK</arg>
<arg>TL</arg>
<arg>TM</arg>
<arg>TN</arg>
<arg>TO</arg>
<arg>TR</arg>
<arg>TT</arg>
<arg>TV</arg>
<arg>TW</arg>
<arg>TZ</arg>
<arg>UA</arg>
<arg>UG</arg>
<arg>UM</arg>
<arg>US</arg>
<arg>UY</arg>
<arg>UZ</arg>
<arg>VA</arg>
<arg>VC</arg>
<arg>VE</arg>
<arg>VG</arg>
<arg>VI</arg>
<arg>VN</arg>
<arg>VU</arg>
<arg>WF</arg>
<arg>WS</arg>
<arg>XK</arg>
<arg>YE</arg>
<arg>YT</arg>
<arg>ZA</arg>
<arg>ZM</arg>
<arg>ZW</arg>
<doc>Returns a list containing given items.</doc>
<status status="PASS" start="2024-07-24T11:13:06.220566" elapsed="0.000655"/>
</kw>
<kw name="List Should Contain Value" owner="Collections">
<arg>${list_country}</arg>
<arg>${name_country}</arg>
<doc>Fails if the ``value`` is not found from ``list``.</doc>
<status status="PASS" start="2024-07-24T11:13:06.222150" elapsed="0.000207"/>
</kw>
<kw name="Run Keyword If" owner="BuiltIn">
<kw name="Should Be True" owner="BuiltIn">
<arg>${True}</arg>
<doc>Fails if the given condition is not true.</doc>
<status status="PASS" start="2024-07-24T11:13:06.223304" elapsed="0.000140"/>
</kw>
<arg>${json_data["results"][0]["location"]["coordinates"]["latitude"]} &gt;= -90 and ${json_data["results"][0]["location"]["coordinates"]["latitude"]} &lt;= 90</arg>
<arg>Should Be True</arg>
<arg>${True}</arg>
<doc>Runs the given keyword with the given arguments, if ``condition`` is true.</doc>
<status status="PASS" start="2024-07-24T11:13:06.222554" elapsed="0.001016"/>
</kw>
<kw name="Run Keyword If" owner="BuiltIn">
<kw name="Should Be True" owner="BuiltIn">
<arg>${True}</arg>
<doc>Fails if the given condition is not true.</doc>
<status status="PASS" start="2024-07-24T11:13:06.224442" elapsed="0.000134"/>
</kw>
<arg>${json_data["results"][0]["location"]["coordinates"]["longitude"]} &gt;= -180 and ${json_data["results"][0]["location"]["coordinates"]["longitude"]} &lt;= 180</arg>
<arg>Should Be True</arg>
<arg>${True}</arg>
<doc>Runs the given keyword with the given arguments, if ``condition`` is true.</doc>
<status status="PASS" start="2024-07-24T11:13:06.223754" elapsed="0.000945"/>
</kw>
<status status="PASS" start="2024-07-24T11:13:06.063450" elapsed="0.161411"/>
</kw>
<doc>Testa o conteúdo específico dos campos retornados pela API.</doc>
<tag>testeConteudo</tag>
<status status="PASS" start="2024-07-24T11:13:06.062979" elapsed="0.162044"/>
</test>
<status status="PASS" start="2024-07-24T11:13:02.860971" elapsed="3.365973"/>
</suite>
<status status="PASS" start="2024-07-24T11:13:02.846651" elapsed="3.386663"/>
</suite>
<statistics>
<total>
<stat pass="5" fail="0" skip="0">All Tests</stat>
</total>
<tag>
<stat pass="1" fail="0" skip="0">testeConteudo</stat>
<stat pass="1" fail="0" skip="0">testeEstruturaResposta</stat>
<stat pass="1" fail="0" skip="0">testeRequisicaoBasica</stat>
<stat pass="1" fail="0" skip="0">testeTiposDados</stat>
</tag>
<suite>
<stat pass="5" fail="0" skip="0" id="s1" name="Tests">Tests</stat>
<stat pass="5" fail="0" skip="0" id="s1-s1" name="Random-User-Test">Tests.Random-User-Test</stat>
</suite>
</statistics>
<errors>
</errors>
</robot>
