<?xml version="1.0" encoding="UTF-8"?>
<robot generator="Robot 7.0.1 (Python 3.12.4 on linux)" generated="2024-08-09T19:13:30.897463" rpa="false" schemaversion="5">
<suite id="s1" name="Tests" source="/home/runner/work/ApiRandomUser/ApiRandomUser/RamdonUser/tests">
<suite id="s1-s1" name="Random-User-Test" source="/home/runner/work/ApiRandomUser/ApiRandomUser/RamdonUser/tests/random-user-test.robot">
<test id="s1-s1-t1" name="Conectar" line="13">
<kw name="Conectar API" owner="random-user-service">
<kw name="Create Session" owner="RequestsLibrary">
<msg time="2024-08-09T19:13:31.297471" level="INFO">Creating Session using : alias=consultarAPI, url=https://randomuser.me/, headers={},                     cookies={}, auth=None, timeout=None, proxies=None, verify=False,                     debug=0 </msg>
<arg>consultarAPI</arg>
<arg>${URL}</arg>
<doc>Create Session: create a HTTP session to a server</doc>
<status status="PASS" start="2024-08-09T19:13:31.297272" elapsed="0.000375"/>
</kw>
<status status="PASS" start="2024-08-09T19:13:31.296218" elapsed="0.001789"/>
</kw>
<status status="PASS" start="2024-08-09T19:13:31.295638" elapsed="0.002564"/>
</test>
<test id="s1-s1-t2" name="Validar retorno 200 e JSON Válido" line="16">
<kw name="Teste de Requisicao Basica" owner="random-user-service">
<kw name="GET On Session" owner="RequestsLibrary">
<msg time="2024-08-09T19:13:31.388277" level="INFO">GET Request : url=https://randomuser.me/api 
 path_url=/api 
 headers={'User-Agent': 'python-requests/2.32.3', 'Accept-Encoding': 'gzip, deflate', 'Accept': '*/*', 'Connection': 'keep-alive'} 
 body=None 
 </msg>
<msg time="2024-08-09T19:13:31.388422" level="INFO">GET Response : url=https://randomuser.me/api 
 status=200, reason=OK 
 headers={'Date': 'Fri, 09 Aug 2024 19:13:31 GMT', 'Content-Type': 'application/json; charset=utf-8', 'Transfer-Encoding': 'chunked', 'Connection': 'keep-alive', 'X-Powered-By': 'Express', 'Access-Control-Allow-Origin': '*', 'Cache-Control': 'no-cache', 'ETag': 'W/"494-BYNIxfjGeG4zV5xLytR9uC9vqPc"', 'Vary': 'Accept-Encoding', 'Content-Encoding': 'gzip', 'CF-Cache-Status': 'DYNAMIC', 'Report-To': '{"endpoints":[{"url":"https:\\/\\/a.nel.cloudflare.com\\/report\\/v4?s=pNcM5xLsfHepxHmcu5Y5L1o3WSevcyQEBroG2F%2FgvU836kHQyUE8fp%2BbdexdkAJlqpTsUN7oyedD%2FAhs5iUMPlBJML1kVFf1xgKgFGDQD6rq%2Bv6vGarpC2wcm1e59SGJ"}],"group":"cf-nel","max_age":604800}', 'NEL': '{"success_fraction":0,"report_to":"cf-nel","max_age":604800}', 'Server': 'cloudflare', 'CF-RAY': '8b0a105aeda3acab-ORD', 'alt-svc': 'h3=":443"; ma=86400'} 
 body={"results":[{"gender":"female","name":{"title":"Ms","first":"Patricia","last":"Davis"},"location":{"street":{"number":953,"name":"Herbert Road"},"city":"Carrick-on-Shannon","state":"Offaly","country":"Ireland","postcode":79900,"coordinates":{"latitude":"-0.9735","longitude":"58.3231"},"timezone":{"offset":"+2:00","description":"Kaliningrad, South Africa"}},"email":"patricia.davis@example.com","login":{"uuid":"c3f8142b-ced3-4023-a813-1404804584b7","username":"brownbutterfly378","password":"antelope","salt":"51mdinyF","md5":"2928e5444146c15bbd28334d8911a7e7","sha1":"d6c4e4d3c7ce41751bfbc89551c8c4b3722b7f17","sha256":"a89519e0f93a4fdb5a46648e6dd2f92419674fb6c0c929c12272055324939e96"},"dob":{"date":"1948-01-11T02:18:34.725Z","age":76},"registered":{"date":"2007-10-14T02:32:11.199Z","age":16},"phone":"011-335-3643","cell":"081-195-1003","id":{"name":"PPS","value":"7829294T"},"picture":{"large":"https://randomuser.me/api/portraits/women/53.jpg","medium":"https://randomuser.me/api/portraits/med/women/53.jpg","thumbnail":"https://randomuser.me/api/portraits/thumb/women/53.jpg"},"nat":"IE"}],"info":{"seed":"727742bd205140b4","results":1,"page":1,"version":"1.4"}} 
 </msg>
<msg time="2024-08-09T19:13:31.388512" level="INFO">/opt/hostedtoolcache/Python/3.12.4/x64/lib/python3.12/site-packages/urllib3/connectionpool.py:1099: InsecureRequestWarning: Unverified HTTPS request is being made to host 'randomuser.me'. Adding certificate verification is strongly advised. See: https://urllib3.readthedocs.io/en/latest/advanced-usage.html#tls-warnings
  warnings.warn(</msg>
<msg time="2024-08-09T19:13:31.388678" level="INFO">${response} = &lt;Response [200]&gt;</msg>
<var>${response}</var>
<arg>consultarAPI</arg>
<arg>/api</arg>
<doc>Sends a GET request on a previously created HTTP Session.</doc>
<status status="PASS" start="2024-08-09T19:13:31.300972" elapsed="0.087761"/>
</kw>
<kw name="Should Be Equal As Numbers" owner="BuiltIn">
<msg time="2024-08-09T19:13:31.389611" level="INFO">Argument types are:
&lt;class 'int'&gt;
&lt;class 'str'&gt;</msg>
<arg>${response.status_code}</arg>
<arg>200</arg>
<doc>Fails if objects are unequal after converting them to real numbers.</doc>
<status status="PASS" start="2024-08-09T19:13:31.389173" elapsed="0.000502"/>
</kw>
<kw name="Log" owner="BuiltIn">
<msg time="2024-08-09T19:13:31.390372" level="INFO">200</msg>
<arg>${response.status_code}</arg>
<doc>Logs the given message with the given level.</doc>
<status status="PASS" start="2024-08-09T19:13:31.390007" elapsed="0.000408"/>
</kw>
<kw name="Set Variable" owner="BuiltIn">
<msg time="2024-08-09T19:13:31.391267" level="INFO">${json_data} = {'results': [{'gender': 'female', 'name': {'title': 'Ms', 'first': 'Patricia', 'last': 'Davis'}, 'location': {'street': {'number': 953, 'name': 'Herbert Road'}, 'city': 'Carrick-on-Shannon', 'state': ...</msg>
<var>${json_data}</var>
<arg>${response.json()}</arg>
<doc>Returns the given values which can then be assigned to a variables.</doc>
<status status="PASS" start="2024-08-09T19:13:31.390734" elapsed="0.000577"/>
</kw>
<kw name="Dictionary Should Contain Key" owner="Collections">
<arg>${json_data}</arg>
<arg>results</arg>
<doc>Fails if ``key`` is not found from ``dictionary``.</doc>
<status status="PASS" start="2024-08-09T19:13:31.391697" elapsed="0.000346"/>
</kw>
<status status="PASS" start="2024-08-09T19:13:31.300724" elapsed="0.091477"/>
</kw>
<doc>Testa se a API responde corretamente e retorna um objeto JSON válido.</doc>
<tag>testeRequisicaoBasica</tag>
<status status="PASS" start="2024-08-09T19:13:31.300117" elapsed="0.092255"/>
</test>
<test id="s1-s1-t3" name="Validar estrutura de resposta" line="22">
<kw name="Teste de Estrutura de Resposta" owner="random-user-service">
<kw name="GET On Session" owner="RequestsLibrary">
<msg time="2024-08-09T19:13:31.495635" level="INFO">GET Request : url=https://randomuser.me/api 
 path_url=/api 
 headers={'User-Agent': 'python-requests/2.32.3', 'Accept-Encoding': 'gzip, deflate', 'Accept': '*/*', 'Connection': 'keep-alive'} 
 body=None 
 </msg>
<msg time="2024-08-09T19:13:31.495747" level="INFO">GET Response : url=https://randomuser.me/api 
 status=200, reason=OK 
 headers={'Date': 'Fri, 09 Aug 2024 19:13:31 GMT', 'Content-Type': 'application/json; charset=utf-8', 'Transfer-Encoding': 'chunked', 'Connection': 'keep-alive', 'X-Powered-By': 'Express', 'Access-Control-Allow-Origin': '*', 'Cache-Control': 'no-cache', 'ETag': 'W/"4ac-YicZ2BlXGGhRFKu5gElShAoj9fQ"', 'Vary': 'Accept-Encoding', 'Content-Encoding': 'gzip', 'CF-Cache-Status': 'DYNAMIC', 'Report-To': '{"endpoints":[{"url":"https:\\/\\/a.nel.cloudflare.com\\/report\\/v4?s=6UClkhkQhSWkZgRs7GeVCvkF0hhn9jYAqzbyvWAwjBXfwlLv9LQKl5Xjdce0MXrCx1%2Fq3tFtq5CR89WDScKc0boOQ2OUFCJnc53zMfsoUX0V0s1LNjGgkSihQp0p3EhP"}],"group":"cf-nel","max_age":604800}', 'NEL': '{"success_fraction":0,"report_to":"cf-nel","max_age":604800}', 'Server': 'cloudflare', 'CF-RAY': '8b0a105b3ec0acab-ORD', 'alt-svc': 'h3=":443"; ma=86400'} 
 body={"results":[{"gender":"female","name":{"title":"Ms","first":"Sheryl","last":"Byrd"},"location":{"street":{"number":4159,"name":"Main Street"},"city":"Bradford","state":"County Down","country":"United Kingdom","postcode":"Z6J 7DY","coordinates":{"latitude":"-5.6137","longitude":"125.3620"},"timezone":{"offset":"+11:00","description":"Magadan, Solomon Islands, New Caledonia"}},"email":"sheryl.byrd@example.com","login":{"uuid":"d1af6613-bee2-4a89-8ce4-154dbe66ed58","username":"goldenbutterfly417","password":"tricky","salt":"66iPHJbY","md5":"b187c569a8c14686f99f5a99f8145a4d","sha1":"775c0b7f8eaaec2d4f1635ec2c53e2c6dcbbafe3","sha256":"5350a68141e63efba148f450ee5fa098a32a9f1ed1d50d2143c4942eea446cf2"},"dob":{"date":"1960-06-05T07:17:18.737Z","age":64},"registered":{"date":"2019-10-24T06:36:02.969Z","age":4},"phone":"0115268 943 0778","cell":"07374 539149","id":{"name":"NINO","value":"PS 19 66 95 V"},"picture":{"large":"https://randomuser.me/api/portraits/women/70.jpg","medium":"https://randomuser.me/api/portraits/med/women/70.jpg","thumbnail":"https://randomuser.me/api/portraits/thumb/women/70.jpg"},"nat":"GB"}],"info":{"seed":"244b15f864f7ed9c","results":1,"page":1,"version":"1.4"}} 
 </msg>
<msg time="2024-08-09T19:13:31.495893" level="INFO">/opt/hostedtoolcache/Python/3.12.4/x64/lib/python3.12/site-packages/urllib3/connectionpool.py:1099: InsecureRequestWarning: Unverified HTTPS request is being made to host 'randomuser.me'. Adding certificate verification is strongly advised. See: https://urllib3.readthedocs.io/en/latest/advanced-usage.html#tls-warnings
  warnings.warn(</msg>
<msg time="2024-08-09T19:13:31.496085" level="INFO">${response} = &lt;Response [200]&gt;</msg>
<var>${response}</var>
<arg>consultarAPI</arg>
<arg>/api</arg>
<doc>Sends a GET request on a previously created HTTP Session.</doc>
<status status="PASS" start="2024-08-09T19:13:31.395062" elapsed="0.101060"/>
</kw>
<kw name="Set Variable" owner="BuiltIn">
<msg time="2024-08-09T19:13:31.497154" level="INFO">${json_data} = {'results': [{'gender': 'female', 'name': {'title': 'Ms', 'first': 'Sheryl', 'last': 'Byrd'}, 'location': {'street': {'number': 4159, 'name': 'Main Street'}, 'city': 'Bradford', 'state': 'County Down'...</msg>
<var>${json_data}</var>
<arg>${response.json()}</arg>
<doc>Returns the given values which can then be assigned to a variables.</doc>
<status status="PASS" start="2024-08-09T19:13:31.496628" elapsed="0.000555"/>
</kw>
<kw name="Log" owner="BuiltIn">
<msg time="2024-08-09T19:13:31.497657" level="INFO">{'results': [{'gender': 'female', 'name': {'title': 'Ms', 'first': 'Sheryl', 'last': 'Byrd'}, 'location': {'street': {'number': 4159, 'name': 'Main Street'}, 'city': 'Bradford', 'state': 'County Down', 'country': 'United Kingdom', 'postcode': 'Z6J 7DY', 'coordinates': {'latitude': '-5.6137', 'longitude': '125.3620'}, 'timezone': {'offset': '+11:00', 'description': 'Magadan, Solomon Islands, New Caledonia'}}, 'email': 'sheryl.byrd@example.com', 'login': {'uuid': 'd1af6613-bee2-4a89-8ce4-154dbe66ed58', 'username': 'goldenbutterfly417', 'password': 'tricky', 'salt': '66iPHJbY', 'md5': 'b187c569a8c14686f99f5a99f8145a4d', 'sha1': '775c0b7f8eaaec2d4f1635ec2c53e2c6dcbbafe3', 'sha256': '5350a68141e63efba148f450ee5fa098a32a9f1ed1d50d2143c4942eea446cf2'}, 'dob': {'date': '1960-06-05T07:17:18.737Z', 'age': 64}, 'registered': {'date': '2019-10-24T06:36:02.969Z', 'age': 4}, 'phone': '0115268 943 0778', 'cell': '07374 539149', 'id': {'name': 'NINO', 'value': 'PS 19 66 95 V'}, 'picture': {'large': 'https://randomuser.me/api/portraits/women/70.jpg', 'medium': 'https://randomuser.me/api/portraits/med/women/70.jpg', 'thumbnail': 'https://randomuser.me/api/portraits/thumb/women/70.jpg'}, 'nat': 'GB'}], 'info': {'seed': '244b15f864f7ed9c', 'results': 1, 'page': 1, 'version': '1.4'}}</msg>
<arg>${json_data}</arg>
<doc>Logs the given message with the given level.</doc>
<status status="PASS" start="2024-08-09T19:13:31.497496" elapsed="0.000210"/>
</kw>
<kw name="Dictionary Should Contain Key" owner="Collections">
<arg>${json_data}</arg>
<arg>results</arg>
<doc>Fails if ``key`` is not found from ``dictionary``.</doc>
<status status="PASS" start="2024-08-09T19:13:31.497999" elapsed="0.000169"/>
</kw>
<kw name="Should Not Be Empty" owner="BuiltIn">
<msg time="2024-08-09T19:13:31.498478" level="INFO">Length is 2.</msg>
<arg>${json_data}</arg>
<doc>Verifies that the given item is not empty.</doc>
<status status="PASS" start="2024-08-09T19:13:31.498353" elapsed="0.000163"/>
</kw>
<kw name="Create List" owner="BuiltIn">
<msg time="2024-08-09T19:13:31.498957" level="INFO">${expected_keys} = ['gender', 'name', 'location', 'email', 'login']</msg>
<var>${expected_keys}</var>
<arg>gender</arg>
<arg>name</arg>
<arg>location</arg>
<arg>email</arg>
<arg>login</arg>
<doc>Returns a list containing given items.</doc>
<status status="PASS" start="2024-08-09T19:13:31.498806" elapsed="0.000176"/>
</kw>
<for flavor="IN">
<iter>
<kw name="Dictionary Should Contain Key" owner="Collections">
<arg>${json_data['results'][0]}</arg>
<arg>${key}</arg>
<doc>Fails if ``key`` is not found from ``dictionary``.</doc>
<status status="PASS" start="2024-08-09T19:13:31.499618" elapsed="0.000410"/>
</kw>
<kw name="Log" owner="BuiltIn">
<msg time="2024-08-09T19:13:31.500585" level="INFO">{'gender': 'female', 'name': {'title': 'Ms', 'first': 'Sheryl', 'last': 'Byrd'}, 'location': {'street': {'number': 4159, 'name': 'Main Street'}, 'city': 'Bradford', 'state': 'County Down', 'country': 'United Kingdom', 'postcode': 'Z6J 7DY', 'coordinates': {'latitude': '-5.6137', 'longitude': '125.3620'}, 'timezone': {'offset': '+11:00', 'description': 'Magadan, Solomon Islands, New Caledonia'}}, 'email': 'sheryl.byrd@example.com', 'login': {'uuid': 'd1af6613-bee2-4a89-8ce4-154dbe66ed58', 'username': 'goldenbutterfly417', 'password': 'tricky', 'salt': '66iPHJbY', 'md5': 'b187c569a8c14686f99f5a99f8145a4d', 'sha1': '775c0b7f8eaaec2d4f1635ec2c53e2c6dcbbafe3', 'sha256': '5350a68141e63efba148f450ee5fa098a32a9f1ed1d50d2143c4942eea446cf2'}, 'dob': {'date': '1960-06-05T07:17:18.737Z', 'age': 64}, 'registered': {'date': '2019-10-24T06:36:02.969Z', 'age': 4}, 'phone': '0115268 943 0778', 'cell': '07374 539149', 'id': {'name': 'NINO', 'value': 'PS 19 66 95 V'}, 'picture': {'large': 'https://randomuser.me/api/portraits/women/70.jpg', 'medium': 'https://randomuser.me/api/portraits/med/women/70.jpg', 'thumbnail': 'https://randomuser.me/api/portraits/thumb/women/70.jpg'}, 'nat': 'GB'}</msg>
<arg>${json_data['results'][0]}</arg>
<doc>Logs the given message with the given level.</doc>
<status status="PASS" start="2024-08-09T19:13:31.500221" elapsed="0.000414"/>
</kw>
<kw name="Log" owner="BuiltIn">
<msg time="2024-08-09T19:13:31.501066" level="INFO">gender</msg>
<arg>${key}</arg>
<doc>Logs the given message with the given level.</doc>
<status status="PASS" start="2024-08-09T19:13:31.500935" elapsed="0.000169"/>
</kw>
<var name="${key}">gender</var>
<status status="PASS" start="2024-08-09T19:13:31.499492" elapsed="0.001832"/>
</iter>
<iter>
<kw name="Dictionary Should Contain Key" owner="Collections">
<arg>${json_data['results'][0]}</arg>
<arg>${key}</arg>
<doc>Fails if ``key`` is not found from ``dictionary``.</doc>
<status status="PASS" start="2024-08-09T19:13:31.501626" elapsed="0.000392"/>
</kw>
<kw name="Log" owner="BuiltIn">
<msg time="2024-08-09T19:13:31.502593" level="INFO">{'gender': 'female', 'name': {'title': 'Ms', 'first': 'Sheryl', 'last': 'Byrd'}, 'location': {'street': {'number': 4159, 'name': 'Main Street'}, 'city': 'Bradford', 'state': 'County Down', 'country': 'United Kingdom', 'postcode': 'Z6J 7DY', 'coordinates': {'latitude': '-5.6137', 'longitude': '125.3620'}, 'timezone': {'offset': '+11:00', 'description': 'Magadan, Solomon Islands, New Caledonia'}}, 'email': 'sheryl.byrd@example.com', 'login': {'uuid': 'd1af6613-bee2-4a89-8ce4-154dbe66ed58', 'username': 'goldenbutterfly417', 'password': 'tricky', 'salt': '66iPHJbY', 'md5': 'b187c569a8c14686f99f5a99f8145a4d', 'sha1': '775c0b7f8eaaec2d4f1635ec2c53e2c6dcbbafe3', 'sha256': '5350a68141e63efba148f450ee5fa098a32a9f1ed1d50d2143c4942eea446cf2'}, 'dob': {'date': '1960-06-05T07:17:18.737Z', 'age': 64}, 'registered': {'date': '2019-10-24T06:36:02.969Z', 'age': 4}, 'phone': '0115268 943 0778', 'cell': '07374 539149', 'id': {'name': 'NINO', 'value': 'PS 19 66 95 V'}, 'picture': {'large': 'https://randomuser.me/api/portraits/women/70.jpg', 'medium': 'https://randomuser.me/api/portraits/med/women/70.jpg', 'thumbnail': 'https://randomuser.me/api/portraits/thumb/women/70.jpg'}, 'nat': 'GB'}</msg>
<arg>${json_data['results'][0]}</arg>
<doc>Logs the given message with the given level.</doc>
<status status="PASS" start="2024-08-09T19:13:31.502238" elapsed="0.000405"/>
</kw>
<kw name="Log" owner="BuiltIn">
<msg time="2024-08-09T19:13:31.503070" level="INFO">name</msg>
<arg>${key}</arg>
<doc>Logs the given message with the given level.</doc>
<status status="PASS" start="2024-08-09T19:13:31.502940" elapsed="0.000168"/>
</kw>
<var name="${key}">name</var>
<status status="PASS" start="2024-08-09T19:13:31.501509" elapsed="0.001858"/>
</iter>
<iter>
<kw name="Dictionary Should Contain Key" owner="Collections">
<arg>${json_data['results'][0]}</arg>
<arg>${key}</arg>
<doc>Fails if ``key`` is not found from ``dictionary``.</doc>
<status status="PASS" start="2024-08-09T19:13:31.503653" elapsed="0.000378"/>
</kw>
<kw name="Log" owner="BuiltIn">
<msg time="2024-08-09T19:13:31.504569" level="INFO">{'gender': 'female', 'name': {'title': 'Ms', 'first': 'Sheryl', 'last': 'Byrd'}, 'location': {'street': {'number': 4159, 'name': 'Main Street'}, 'city': 'Bradford', 'state': 'County Down', 'country': 'United Kingdom', 'postcode': 'Z6J 7DY', 'coordinates': {'latitude': '-5.6137', 'longitude': '125.3620'}, 'timezone': {'offset': '+11:00', 'description': 'Magadan, Solomon Islands, New Caledonia'}}, 'email': 'sheryl.byrd@example.com', 'login': {'uuid': 'd1af6613-bee2-4a89-8ce4-154dbe66ed58', 'username': 'goldenbutterfly417', 'password': 'tricky', 'salt': '66iPHJbY', 'md5': 'b187c569a8c14686f99f5a99f8145a4d', 'sha1': '775c0b7f8eaaec2d4f1635ec2c53e2c6dcbbafe3', 'sha256': '5350a68141e63efba148f450ee5fa098a32a9f1ed1d50d2143c4942eea446cf2'}, 'dob': {'date': '1960-06-05T07:17:18.737Z', 'age': 64}, 'registered': {'date': '2019-10-24T06:36:02.969Z', 'age': 4}, 'phone': '0115268 943 0778', 'cell': '07374 539149', 'id': {'name': 'NINO', 'value': 'PS 19 66 95 V'}, 'picture': {'large': 'https://randomuser.me/api/portraits/women/70.jpg', 'medium': 'https://randomuser.me/api/portraits/med/women/70.jpg', 'thumbnail': 'https://randomuser.me/api/portraits/thumb/women/70.jpg'}, 'nat': 'GB'}</msg>
<arg>${json_data['results'][0]}</arg>
<doc>Logs the given message with the given level.</doc>
<status status="PASS" start="2024-08-09T19:13:31.504213" elapsed="0.000404"/>
</kw>
<kw name="Log" owner="BuiltIn">
<msg time="2024-08-09T19:13:31.505045" level="INFO">location</msg>
<arg>${key}</arg>
<doc>Logs the given message with the given level.</doc>
<status status="PASS" start="2024-08-09T19:13:31.504917" elapsed="0.000165"/>
</kw>
<var name="${key}">location</var>
<status status="PASS" start="2024-08-09T19:13:31.503545" elapsed="0.001754"/>
</iter>
<iter>
<kw name="Dictionary Should Contain Key" owner="Collections">
<arg>${json_data['results'][0]}</arg>
<arg>${key}</arg>
<doc>Fails if ``key`` is not found from ``dictionary``.</doc>
<status status="PASS" start="2024-08-09T19:13:31.505576" elapsed="0.000383"/>
</kw>
<kw name="Log" owner="BuiltIn">
<msg time="2024-08-09T19:13:31.506619" level="INFO">{'gender': 'female', 'name': {'title': 'Ms', 'first': 'Sheryl', 'last': 'Byrd'}, 'location': {'street': {'number': 4159, 'name': 'Main Street'}, 'city': 'Bradford', 'state': 'County Down', 'country': 'United Kingdom', 'postcode': 'Z6J 7DY', 'coordinates': {'latitude': '-5.6137', 'longitude': '125.3620'}, 'timezone': {'offset': '+11:00', 'description': 'Magadan, Solomon Islands, New Caledonia'}}, 'email': 'sheryl.byrd@example.com', 'login': {'uuid': 'd1af6613-bee2-4a89-8ce4-154dbe66ed58', 'username': 'goldenbutterfly417', 'password': 'tricky', 'salt': '66iPHJbY', 'md5': 'b187c569a8c14686f99f5a99f8145a4d', 'sha1': '775c0b7f8eaaec2d4f1635ec2c53e2c6dcbbafe3', 'sha256': '5350a68141e63efba148f450ee5fa098a32a9f1ed1d50d2143c4942eea446cf2'}, 'dob': {'date': '1960-06-05T07:17:18.737Z', 'age': 64}, 'registered': {'date': '2019-10-24T06:36:02.969Z', 'age': 4}, 'phone': '0115268 943 0778', 'cell': '07374 539149', 'id': {'name': 'NINO', 'value': 'PS 19 66 95 V'}, 'picture': {'large': 'https://randomuser.me/api/portraits/women/70.jpg', 'medium': 'https://randomuser.me/api/portraits/med/women/70.jpg', 'thumbnail': 'https://randomuser.me/api/portraits/thumb/women/70.jpg'}, 'nat': 'GB'}</msg>
<arg>${json_data['results'][0]}</arg>
<doc>Logs the given message with the given level.</doc>
<status status="PASS" start="2024-08-09T19:13:31.506267" elapsed="0.000401"/>
</kw>
<kw name="Log" owner="BuiltIn">
<msg time="2024-08-09T19:13:31.507097" level="INFO">email</msg>
<arg>${key}</arg>
<doc>Logs the given message with the given level.</doc>
<status status="PASS" start="2024-08-09T19:13:31.506966" elapsed="0.000201"/>
</kw>
<var name="${key}">email</var>
<status status="PASS" start="2024-08-09T19:13:31.505469" elapsed="0.001950"/>
</iter>
<iter>
<kw name="Dictionary Should Contain Key" owner="Collections">
<arg>${json_data['results'][0]}</arg>
<arg>${key}</arg>
<doc>Fails if ``key`` is not found from ``dictionary``.</doc>
<status status="PASS" start="2024-08-09T19:13:31.507709" elapsed="0.000378"/>
</kw>
<kw name="Log" owner="BuiltIn">
<msg time="2024-08-09T19:13:31.508614" level="INFO">{'gender': 'female', 'name': {'title': 'Ms', 'first': 'Sheryl', 'last': 'Byrd'}, 'location': {'street': {'number': 4159, 'name': 'Main Street'}, 'city': 'Bradford', 'state': 'County Down', 'country': 'United Kingdom', 'postcode': 'Z6J 7DY', 'coordinates': {'latitude': '-5.6137', 'longitude': '125.3620'}, 'timezone': {'offset': '+11:00', 'description': 'Magadan, Solomon Islands, New Caledonia'}}, 'email': 'sheryl.byrd@example.com', 'login': {'uuid': 'd1af6613-bee2-4a89-8ce4-154dbe66ed58', 'username': 'goldenbutterfly417', 'password': 'tricky', 'salt': '66iPHJbY', 'md5': 'b187c569a8c14686f99f5a99f8145a4d', 'sha1': '775c0b7f8eaaec2d4f1635ec2c53e2c6dcbbafe3', 'sha256': '5350a68141e63efba148f450ee5fa098a32a9f1ed1d50d2143c4942eea446cf2'}, 'dob': {'date': '1960-06-05T07:17:18.737Z', 'age': 64}, 'registered': {'date': '2019-10-24T06:36:02.969Z', 'age': 4}, 'phone': '0115268 943 0778', 'cell': '07374 539149', 'id': {'name': 'NINO', 'value': 'PS 19 66 95 V'}, 'picture': {'large': 'https://randomuser.me/api/portraits/women/70.jpg', 'medium': 'https://randomuser.me/api/portraits/med/women/70.jpg', 'thumbnail': 'https://randomuser.me/api/portraits/thumb/women/70.jpg'}, 'nat': 'GB'}</msg>
<arg>${json_data['results'][0]}</arg>
<doc>Logs the given message with the given level.</doc>
<status status="PASS" start="2024-08-09T19:13:31.508270" elapsed="0.000393"/>
</kw>
<kw name="Log" owner="BuiltIn">
<msg time="2024-08-09T19:13:31.509085" level="INFO">login</msg>
<arg>${key}</arg>
<doc>Logs the given message with the given level.</doc>
<status status="PASS" start="2024-08-09T19:13:31.508955" elapsed="0.000168"/>
</kw>
<var name="${key}">login</var>
<status status="PASS" start="2024-08-09T19:13:31.507598" elapsed="0.001740"/>
</iter>
<var>${key}</var>
<value>@{expected_keys}</value>
<status status="PASS" start="2024-08-09T19:13:31.499288" elapsed="0.010198"/>
</for>
<kw name="Create List" owner="BuiltIn">
<msg time="2024-08-09T19:13:31.509819" level="INFO">${expected_keysTwo} = ['username', 'password']</msg>
<var>${expected_keysTwo}</var>
<arg>username</arg>
<arg>password</arg>
<doc>Returns a list containing given items.</doc>
<status status="PASS" start="2024-08-09T19:13:31.509684" elapsed="0.000160"/>
</kw>
<for flavor="IN">
<iter>
<kw name="Dictionary Should Contain Key" owner="Collections">
<arg>${json_data['results'][0]['login']}</arg>
<arg>${keyTwo}</arg>
<doc>Fails if ``key`` is not found from ``dictionary``.</doc>
<status status="PASS" start="2024-08-09T19:13:31.510339" elapsed="0.000398"/>
</kw>
<kw name="Dictionary Should Contain Key" owner="Collections">
<arg>${json_data['results'][0]['login']}</arg>
<arg>${keyTwo}</arg>
<doc>Fails if ``key`` is not found from ``dictionary``.</doc>
<status status="PASS" start="2024-08-09T19:13:31.510919" elapsed="0.000409"/>
</kw>
<kw name="Log" owner="BuiltIn">
<msg time="2024-08-09T19:13:31.511635" level="INFO">username</msg>
<arg>${keyTwo}</arg>
<doc>Logs the given message with the given level.</doc>
<status status="PASS" start="2024-08-09T19:13:31.511512" elapsed="0.000161"/>
</kw>
<var name="${keyTwo}">username</var>
<status status="PASS" start="2024-08-09T19:13:31.510232" elapsed="0.001662"/>
</iter>
<iter>
<kw name="Dictionary Should Contain Key" owner="Collections">
<arg>${json_data['results'][0]['login']}</arg>
<arg>${keyTwo}</arg>
<doc>Fails if ``key`` is not found from ``dictionary``.</doc>
<status status="PASS" start="2024-08-09T19:13:31.512171" elapsed="0.000385"/>
</kw>
<kw name="Dictionary Should Contain Key" owner="Collections">
<arg>${json_data['results'][0]['login']}</arg>
<arg>${keyTwo}</arg>
<doc>Fails if ``key`` is not found from ``dictionary``.</doc>
<status status="PASS" start="2024-08-09T19:13:31.512734" elapsed="0.000374"/>
</kw>
<kw name="Log" owner="BuiltIn">
<msg time="2024-08-09T19:13:31.513403" level="INFO">password</msg>
<arg>${keyTwo}</arg>
<doc>Logs the given message with the given level.</doc>
<status status="PASS" start="2024-08-09T19:13:31.513285" elapsed="0.000156"/>
</kw>
<var name="${keyTwo}">password</var>
<status status="PASS" start="2024-08-09T19:13:31.512065" elapsed="0.001599"/>
</iter>
<var>${keyTwo}</var>
<value>@{expected_keysTwo}</value>
<status status="PASS" start="2024-08-09T19:13:31.510081" elapsed="0.003704"/>
</for>
<status status="PASS" start="2024-08-09T19:13:31.394831" elapsed="0.119095"/>
</kw>
<doc>Testa a estrutura da resposta da API.</doc>
<tag>testeEstruturaResposta</tag>
<status status="PASS" start="2024-08-09T19:13:31.394257" elapsed="0.119830"/>
</test>
<test id="s1-s1-t4" name="Validar tipos de dados" line="28">
<kw name="Teste de Tipos de Dados" owner="random-user-service">
<kw name="GET On Session" owner="RequestsLibrary">
<msg time="2024-08-09T19:13:31.593197" level="INFO">GET Request : url=https://randomuser.me/api 
 path_url=/api 
 headers={'User-Agent': 'python-requests/2.32.3', 'Accept-Encoding': 'gzip, deflate', 'Accept': '*/*', 'Connection': 'keep-alive'} 
 body=None 
 </msg>
<msg time="2024-08-09T19:13:31.593265" level="INFO">GET Response : url=https://randomuser.me/api 
 status=200, reason=OK 
 headers={'Date': 'Fri, 09 Aug 2024 19:13:31 GMT', 'Content-Type': 'application/json; charset=utf-8', 'Transfer-Encoding': 'chunked', 'Connection': 'keep-alive', 'X-Powered-By': 'Express', 'Access-Control-Allow-Origin': '*', 'Cache-Control': 'no-cache', 'ETag': 'W/"48f-BQAbZCuWEmp79zjSMkhqDr6C70M"', 'Vary': 'Accept-Encoding', 'Content-Encoding': 'gzip', 'CF-Cache-Status': 'DYNAMIC', 'Report-To': '{"endpoints":[{"url":"https:\\/\\/a.nel.cloudflare.com\\/report\\/v4?s=FDlpW8TW5naTnz58Nrn6XWvfzIUWqDy6gXbUubqupmH6xPI7pzi1MGv1Ez1r%2Bca2sh9lSFrOikFwc4l9Zv6Lq5USphZ6SfRjBUUliTBxvSAEqclJNm1kx6qShQgXfW0n"}],"group":"cf-nel","max_age":604800}', 'NEL': '{"success_fraction":0,"report_to":"cf-nel","max_age":604800}', 'Server': 'cloudflare', 'CF-RAY': '8b0a105bf9a5acab-ORD', 'alt-svc': 'h3=":443"; ma=86400'} 
 body={"results":[{"gender":"male","name":{"title":"Mr","first":"Aloísio","last":"Rezende"},"location":{"street":{"number":7357,"name":"Rua Vinte E Dois "},"city":"Paulista","state":"Amazonas","country":"Brazil","postcode":63268,"coordinates":{"latitude":"-72.9720","longitude":"-171.0904"},"timezone":{"offset":"+7:00","description":"Bangkok, Hanoi, Jakarta"}},"email":"aloisio.rezende@example.com","login":{"uuid":"1dcbea19-36b2-4832-9f7c-06c6e5cf03de","username":"lazyrabbit123","password":"xyzzy","salt":"mySjHokY","md5":"a3dbca2252d6be902f3a63dff3be8c81","sha1":"c319333c23c46319b4f3d330c2b4bd1d4eacfe8b","sha256":"55ee16806455e17e84406a892cbd4d0a89ff00548bb7665c9087a5e33581c6f8"},"dob":{"date":"1968-03-21T21:16:59.166Z","age":56},"registered":{"date":"2018-07-28T12:50:25.605Z","age":6},"phone":"(83) 7902-8942","cell":"(69) 8160-8965","id":{"name":"CPF","value":"368.991.436-04"},"picture":{"large":"https://randomuser.me/api/portraits/men/39.jpg","medium":"https://randomuser.me/api/portraits/med/men/39.jpg","thumbnail":"https://randomuser.me/api/portraits/thumb/men/39.jpg"},"nat":"BR"}],"info":{"seed":"d0d93f38efcce7e0","results":1,"page":1,"version":"1.4"}} 
 </msg>
<msg time="2024-08-09T19:13:31.593326" level="INFO">/opt/hostedtoolcache/Python/3.12.4/x64/lib/python3.12/site-packages/urllib3/connectionpool.py:1099: InsecureRequestWarning: Unverified HTTPS request is being made to host 'randomuser.me'. Adding certificate verification is strongly advised. See: https://urllib3.readthedocs.io/en/latest/advanced-usage.html#tls-warnings
  warnings.warn(</msg>
<msg time="2024-08-09T19:13:31.593414" level="INFO">${response} = &lt;Response [200]&gt;</msg>
<var>${response}</var>
<arg>consultarAPI</arg>
<arg>/api</arg>
<doc>Sends a GET request on a previously created HTTP Session.</doc>
<status status="PASS" start="2024-08-09T19:13:31.516700" elapsed="0.076754"/>
</kw>
<kw name="Set Variable" owner="BuiltIn">
<msg time="2024-08-09T19:13:31.594555" level="INFO">${json_data} = {'results': [{'gender': 'male', 'name': {'title': 'Mr', 'first': 'Aloísio', 'last': 'Rezende'}, 'location': {'street': {'number': 7357, 'name': 'Rua Vinte E Dois '}, 'city': 'Paulista', 'state': 'Amaz...</msg>
<var>${json_data}</var>
<arg>${response.json()}</arg>
<doc>Returns the given values which can then be assigned to a variables.</doc>
<status status="PASS" start="2024-08-09T19:13:31.593946" elapsed="0.000639"/>
</kw>
<kw name="Log" owner="BuiltIn">
<msg time="2024-08-09T19:13:31.595051" level="INFO">{'results': [{'gender': 'male', 'name': {'title': 'Mr', 'first': 'Aloísio', 'last': 'Rezende'}, 'location': {'street': {'number': 7357, 'name': 'Rua Vinte E Dois '}, 'city': 'Paulista', 'state': 'Amazonas', 'country': 'Brazil', 'postcode': 63268, 'coordinates': {'latitude': '-72.9720', 'longitude': '-171.0904'}, 'timezone': {'offset': '+7:00', 'description': 'Bangkok, Hanoi, Jakarta'}}, 'email': 'aloisio.rezende@example.com', 'login': {'uuid': '1dcbea19-36b2-4832-9f7c-06c6e5cf03de', 'username': 'lazyrabbit123', 'password': 'xyzzy', 'salt': 'mySjHokY', 'md5': 'a3dbca2252d6be902f3a63dff3be8c81', 'sha1': 'c319333c23c46319b4f3d330c2b4bd1d4eacfe8b', 'sha256': '55ee16806455e17e84406a892cbd4d0a89ff00548bb7665c9087a5e33581c6f8'}, 'dob': {'date': '1968-03-21T21:16:59.166Z', 'age': 56}, 'registered': {'date': '2018-07-28T12:50:25.605Z', 'age': 6}, 'phone': '(83) 7902-8942', 'cell': '(69) 8160-8965', 'id': {'name': 'CPF', 'value': '368.991.436-04'}, 'picture': {'large': 'https://randomuser.me/api/portraits/men/39.jpg', 'medium': 'https://randomuser.me/api/portraits/med/men/39.jpg', 'thumbnail': 'https://randomuser.me/api/portraits/thumb/men/39.jpg'}, 'nat': 'BR'}], 'info': {'seed': 'd0d93f38efcce7e0', 'results': 1, 'page': 1, 'version': '1.4'}}</msg>
<arg>${json_data}</arg>
<doc>Logs the given message with the given level.</doc>
<status status="PASS" start="2024-08-09T19:13:31.594892" elapsed="0.000209"/>
</kw>
<kw name="Should Be String" owner="String">
<arg>${json_data['results'][0]['gender']}</arg>
<doc>Fails if the given ``item`` is not a string.</doc>
<status status="PASS" start="2024-08-09T19:13:31.595448" elapsed="0.000393"/>
</kw>
<kw name="Should Match Regexp" owner="BuiltIn">
<arg>${json_data['results'][0]['email']}</arg>
<arg>^[a-zA-Z0-9._%+-]+@[a-zA-Z0-9.-]+\.[a-zA-Z]{2,}$</arg>
<doc>Fails if ``string`` does not match ``pattern`` as a regular expression.</doc>
<status status="PASS" start="2024-08-09T19:13:31.596034" elapsed="0.000515"/>
</kw>
<kw name="Should Match Regexp" owner="BuiltIn">
<arg>${json_data['results'][0]['dob']['date']}</arg>
<arg>\\d{4}-\\d{2}-\\d{2}T\\d{2}:\\d{2}:\\d{2}\\.\\d{3}Z</arg>
<doc>Fails if ``string`` does not match ``pattern`` as a regular expression.</doc>
<status status="PASS" start="2024-08-09T19:13:31.596744" elapsed="0.000607"/>
</kw>
<kw name="Should Match Regexp" owner="BuiltIn">
<arg>${json_data['results'][0]['registered']['date']}</arg>
<arg>\\d{4}-\\d{2}-\\d{2}T\\d{2}:\\d{2}:\\d{2}\\.\\d{3}Z</arg>
<doc>Fails if ``string`` does not match ``pattern`` as a regular expression.</doc>
<status status="PASS" start="2024-08-09T19:13:31.597546" elapsed="0.000372"/>
</kw>
<kw name="Should Match Regexp" owner="BuiltIn">
<arg>${json_data['results'][0]['picture']['large']}</arg>
<arg>^https?://.*\.(?:png|jpe?g|gif|bmp)$</arg>
<doc>Fails if ``string`` does not match ``pattern`` as a regular expression.</doc>
<status status="PASS" start="2024-08-09T19:13:31.598106" elapsed="0.000462"/>
</kw>
<kw name="Should Match Regexp" owner="BuiltIn">
<arg>${json_data['results'][0]['picture']['medium']}</arg>
<arg>^https?://.*\.(?:png|jpe?g|gif|bmp)$</arg>
<doc>Fails if ``string`` does not match ``pattern`` as a regular expression.</doc>
<status status="PASS" start="2024-08-09T19:13:31.598757" elapsed="0.000395"/>
</kw>
<kw name="Should Match Regexp" owner="BuiltIn">
<arg>${json_data['results'][0]['picture']['thumbnail']}</arg>
<arg>^https?://.*\.(?:png|jpe?g|gif|bmp)$</arg>
<doc>Fails if ``string`` does not match ``pattern`` as a regular expression.</doc>
<status status="PASS" start="2024-08-09T19:13:31.599347" elapsed="0.000359"/>
</kw>
<kw name="Log" owner="BuiltIn">
<msg time="2024-08-09T19:13:31.600217" level="INFO">{'large': 'https://randomuser.me/api/portraits/men/39.jpg', 'medium': 'https://randomuser.me/api/portraits/med/men/39.jpg', 'thumbnail': 'https://randomuser.me/api/portraits/thumb/men/39.jpg'}</msg>
<arg>${json_data['results'][0]['picture']}</arg>
<doc>Logs the given message with the given level.</doc>
<status status="PASS" start="2024-08-09T19:13:31.599888" elapsed="0.000373"/>
</kw>
<status status="PASS" start="2024-08-09T19:13:31.516469" elapsed="0.084049"/>
</kw>
<kw name="Teste de Tipos de Dados - Postcode" owner="random-user-service">
<kw name="GET On Session" owner="RequestsLibrary">
<msg time="2024-08-09T19:13:31.685920" level="INFO">GET Request : url=https://randomuser.me/api 
 path_url=/api 
 headers={'User-Agent': 'python-requests/2.32.3', 'Accept-Encoding': 'gzip, deflate', 'Accept': '*/*', 'Connection': 'keep-alive'} 
 body=None 
 </msg>
<msg time="2024-08-09T19:13:31.685999" level="INFO">GET Response : url=https://randomuser.me/api 
 status=200, reason=OK 
 headers={'Date': 'Fri, 09 Aug 2024 19:13:31 GMT', 'Content-Type': 'application/json; charset=utf-8', 'Transfer-Encoding': 'chunked', 'Connection': 'keep-alive', 'X-Powered-By': 'Express', 'Access-Control-Allow-Origin': '*', 'Cache-Control': 'no-cache', 'ETag': 'W/"47a-tArgA7UWLqiJ/HY3UWv3uVrJmTg"', 'Vary': 'Accept-Encoding', 'Content-Encoding': 'gzip', 'CF-Cache-Status': 'DYNAMIC', 'Report-To': '{"endpoints":[{"url":"https:\\/\\/a.nel.cloudflare.com\\/report\\/v4?s=kBN4iKFsa%2BqoKnE0ic7i6Adsgv9Si8Q6aKYD5YCErRGaiMhiGsvIGwQb9mGpUTAtERSs3Vgnmp56qfuZZwkg5bnBJc1VLTq7lmNcGZKqT3AP1%2Fz54FpaTtg2MdsXPXBD"}],"group":"cf-nel","max_age":604800}', 'NEL': '{"success_fraction":0,"report_to":"cf-nel","max_age":604800}', 'Server': 'cloudflare', 'CF-RAY': '8b0a105c8b6cacab-ORD', 'alt-svc': 'h3=":443"; ma=86400'} 
 body={"results":[{"gender":"female","name":{"title":"Ms","first":"Rita","last":"White"},"location":{"street":{"number":3613,"name":"College St"},"city":"Toowoomba","state":"New South Wales","country":"Australia","postcode":7601,"coordinates":{"latitude":"-85.5610","longitude":"10.4560"},"timezone":{"offset":"+3:30","description":"Tehran"}},"email":"rita.white@example.com","login":{"uuid":"cfe951d2-5ee2-4caf-a983-198355f3f332","username":"brownbutterfly619","password":"kirsten","salt":"36kWN0hK","md5":"40676c2d1c602dd696a5b575d515fe8f","sha1":"c7c1b120be1e97b88e10143ccba2a264b67db061","sha256":"bb96c753a06182f5002c242096f824f8062616e37bb9d7398b08a51fce0c3fe8"},"dob":{"date":"1975-10-11T21:34:23.283Z","age":48},"registered":{"date":"2007-03-03T04:15:48.617Z","age":17},"phone":"03-9292-1148","cell":"0463-505-712","id":{"name":"TFN","value":"723956625"},"picture":{"large":"https://randomuser.me/api/portraits/women/33.jpg","medium":"https://randomuser.me/api/portraits/med/women/33.jpg","thumbnail":"https://randomuser.me/api/portraits/thumb/women/33.jpg"},"nat":"AU"}],"info":{"seed":"9d0e18702ea60ed6","results":1,"page":1,"version":"1.4"}} 
 </msg>
<msg time="2024-08-09T19:13:31.686066" level="INFO">/opt/hostedtoolcache/Python/3.12.4/x64/lib/python3.12/site-packages/urllib3/connectionpool.py:1099: InsecureRequestWarning: Unverified HTTPS request is being made to host 'randomuser.me'. Adding certificate verification is strongly advised. See: https://urllib3.readthedocs.io/en/latest/advanced-usage.html#tls-warnings
  warnings.warn(</msg>
<msg time="2024-08-09T19:13:31.686172" level="INFO">${response} = &lt;Response [200]&gt;</msg>
<var>${response}</var>
<arg>consultarAPI</arg>
<arg>/api</arg>
<doc>Sends a GET request on a previously created HTTP Session.</doc>
<status status="PASS" start="2024-08-09T19:13:31.600955" elapsed="0.085268"/>
</kw>
<kw name="Set Variable" owner="BuiltIn">
<msg time="2024-08-09T19:13:31.687321" level="INFO">${json_data} = {'results': [{'gender': 'female', 'name': {'title': 'Ms', 'first': 'Rita', 'last': 'White'}, 'location': {'street': {'number': 3613, 'name': 'College St'}, 'city': 'Toowoomba', 'state': 'New South Wal...</msg>
<var>${json_data}</var>
<arg>${response.json()}</arg>
<doc>Returns the given values which can then be assigned to a variables.</doc>
<status status="PASS" start="2024-08-09T19:13:31.686717" elapsed="0.000633"/>
</kw>
<kw name="Log" owner="BuiltIn">
<msg time="2024-08-09T19:13:31.687812" level="INFO">{'results': [{'gender': 'female', 'name': {'title': 'Ms', 'first': 'Rita', 'last': 'White'}, 'location': {'street': {'number': 3613, 'name': 'College St'}, 'city': 'Toowoomba', 'state': 'New South Wales', 'country': 'Australia', 'postcode': 7601, 'coordinates': {'latitude': '-85.5610', 'longitude': '10.4560'}, 'timezone': {'offset': '+3:30', 'description': 'Tehran'}}, 'email': 'rita.white@example.com', 'login': {'uuid': 'cfe951d2-5ee2-4caf-a983-198355f3f332', 'username': 'brownbutterfly619', 'password': 'kirsten', 'salt': '36kWN0hK', 'md5': '40676c2d1c602dd696a5b575d515fe8f', 'sha1': 'c7c1b120be1e97b88e10143ccba2a264b67db061', 'sha256': 'bb96c753a06182f5002c242096f824f8062616e37bb9d7398b08a51fce0c3fe8'}, 'dob': {'date': '1975-10-11T21:34:23.283Z', 'age': 48}, 'registered': {'date': '2007-03-03T04:15:48.617Z', 'age': 17}, 'phone': '03-9292-1148', 'cell': '0463-505-712', 'id': {'name': 'TFN', 'value': '723956625'}, 'picture': {'large': 'https://randomuser.me/api/portraits/women/33.jpg', 'medium': 'https://randomuser.me/api/portraits/med/women/33.jpg', 'thumbnail': 'https://randomuser.me/api/portraits/thumb/women/33.jpg'}, 'nat': 'AU'}], 'info': {'seed': '9d0e18702ea60ed6', 'results': 1, 'page': 1, 'version': '1.4'}}</msg>
<arg>${json_data}</arg>
<doc>Logs the given message with the given level.</doc>
<status status="PASS" start="2024-08-09T19:13:31.687658" elapsed="0.000200"/>
</kw>
<kw name="Should Be Equal As Numbers" owner="BuiltIn">
<arg>${json_data['results'][0]['location']['postcode']}</arg>
<arg>${json_data['results'][0]['location']['postcode']}</arg>
<doc>Fails if objects are unequal after converting them to real numbers.</doc>
<status status="PASS" start="2024-08-09T19:13:31.688152" elapsed="0.000622"/>
</kw>
<kw name="Log" owner="BuiltIn">
<msg time="2024-08-09T19:13:31.689346" level="INFO">7601</msg>
<arg>${json_data['results'][0]['location']['postcode']}</arg>
<doc>Logs the given message with the given level.</doc>
<status status="PASS" start="2024-08-09T19:13:31.688998" elapsed="0.000390"/>
</kw>
<status status="PASS" start="2024-08-09T19:13:31.600735" elapsed="0.088907"/>
</kw>
<doc>Testa se os tipos de dados na resposta da API estão corretos.</doc>
<tag>testeTiposDados</tag>
<status status="PASS" start="2024-08-09T19:13:31.515924" elapsed="0.173882"/>
</test>
<test id="s1-s1-t5" name="Validar conteudo" line="35">
<kw name="Teste de Tipos de Conteudo" owner="random-user-service">
<kw name="GET On Session" owner="RequestsLibrary">
<msg time="2024-08-09T19:13:31.787626" level="INFO">GET Request : url=https://randomuser.me/api 
 path_url=/api 
 headers={'User-Agent': 'python-requests/2.32.3', 'Accept-Encoding': 'gzip, deflate', 'Accept': '*/*', 'Connection': 'keep-alive'} 
 body=None 
 </msg>
<msg time="2024-08-09T19:13:31.787716" level="INFO">GET Response : url=https://randomuser.me/api 
 status=200, reason=OK 
 headers={'Date': 'Fri, 09 Aug 2024 19:13:31 GMT', 'Content-Type': 'application/json; charset=utf-8', 'Transfer-Encoding': 'chunked', 'Connection': 'keep-alive', 'X-Powered-By': 'Express', 'Access-Control-Allow-Origin': '*', 'Cache-Control': 'no-cache', 'ETag': 'W/"472-CxGUSpLgKmSyPYvsFLum/ymD+qo"', 'Vary': 'Accept-Encoding', 'Content-Encoding': 'gzip', 'CF-Cache-Status': 'DYNAMIC', 'Report-To': '{"endpoints":[{"url":"https:\\/\\/a.nel.cloudflare.com\\/report\\/v4?s=15R6qYBjhqK%2BX7ct%2FhPnmyN64dhHNp7aLFZi6oCg5eRbNV0DzMVnis2oxdQZWvNJbWgxmAobB4tsarnFYpgZEkYdXjkh5OGbiHrrbrEkiZjkq2mhWjSt5g%2BfHJDZ9BIn"}],"group":"cf-nel","max_age":604800}', 'NEL': '{"success_fraction":0,"report_to":"cf-nel","max_age":604800}', 'Server': 'cloudflare', 'CF-RAY': '8b0a105d1d84acab-ORD', 'alt-svc': 'h3=":443"; ma=86400'} 
 body={"results":[{"gender":"female","name":{"title":"Miss","first":"Kübra","last":"Abadan"},"location":{"street":{"number":7835,"name":"Abanoz Sk"},"city":"Çorum","state":"Afyonkarahisar","country":"Turkey","postcode":41048,"coordinates":{"latitude":"72.3822","longitude":"172.1730"},"timezone":{"offset":"+3:30","description":"Tehran"}},"email":"kubra.abadan@example.com","login":{"uuid":"8049c630-5bf4-4428-ac7e-74e0435141a8","username":"whiteladybug378","password":"january","salt":"S8sqhG5Y","md5":"a93d40840a5c9c1f92b52e0de1a4c052","sha1":"73ff319773b464f1ebe152b7f07c19196161787f","sha256":"8f2584f44d20d0ff2ba207798a4b0e1b7af8847a1a055c5da5179f39ffe0c024"},"dob":{"date":"1995-01-06T19:59:47.819Z","age":29},"registered":{"date":"2002-04-25T10:35:06.988Z","age":22},"phone":"(230)-216-5922","cell":"(281)-898-8308","id":{"name":"","value":null},"picture":{"large":"https://randomuser.me/api/portraits/women/29.jpg","medium":"https://randomuser.me/api/portraits/med/women/29.jpg","thumbnail":"https://randomuser.me/api/portraits/thumb/women/29.jpg"},"nat":"TR"}],"info":{"seed":"afd1b73605cbe125","results":1,"page":1,"version":"1.4"}} 
 </msg>
<msg time="2024-08-09T19:13:31.787788" level="INFO">/opt/hostedtoolcache/Python/3.12.4/x64/lib/python3.12/site-packages/urllib3/connectionpool.py:1099: InsecureRequestWarning: Unverified HTTPS request is being made to host 'randomuser.me'. Adding certificate verification is strongly advised. See: https://urllib3.readthedocs.io/en/latest/advanced-usage.html#tls-warnings
  warnings.warn(</msg>
<msg time="2024-08-09T19:13:31.787898" level="INFO">${response} = &lt;Response [200]&gt;</msg>
<var>${response}</var>
<arg>consultarAPI</arg>
<arg>/api</arg>
<doc>Sends a GET request on a previously created HTTP Session.</doc>
<status status="PASS" start="2024-08-09T19:13:31.692349" elapsed="0.095584"/>
</kw>
<kw name="Set Variable" owner="BuiltIn">
<msg time="2024-08-09T19:13:31.788948" level="INFO">${json_data} = {'results': [{'gender': 'female', 'name': {'title': 'Miss', 'first': 'Kübra', 'last': 'Abadan'}, 'location': {'street': {'number': 7835, 'name': 'Abanoz Sk'}, 'city': 'Çorum', 'state': 'Afyonkarahisar...</msg>
<var>${json_data}</var>
<arg>${response.json()}</arg>
<doc>Returns the given values which can then be assigned to a variables.</doc>
<status status="PASS" start="2024-08-09T19:13:31.788437" elapsed="0.000541"/>
</kw>
<kw name="Set Variable" owner="BuiltIn">
<msg time="2024-08-09T19:13:31.789669" level="INFO">${name_title} = Miss</msg>
<var>${name_title}</var>
<arg>${json_data["results"][0]["name"]["title"]}</arg>
<doc>Returns the given values which can then be assigned to a variables.</doc>
<status status="PASS" start="2024-08-09T19:13:31.789287" elapsed="0.000409"/>
</kw>
<kw name="Create List" owner="BuiltIn">
<msg time="2024-08-09T19:13:31.790150" level="INFO">${allowed_titles} = ['Mr', 'Ms', 'Miss', 'Mrs', 'Madame', 'Monsieur']</msg>
<var>${allowed_titles}</var>
<arg>Mr</arg>
<arg>Ms</arg>
<arg>Miss</arg>
<arg>Mrs</arg>
<arg>Madame</arg>
<arg>Monsieur</arg>
<doc>Returns a list containing given items.</doc>
<status status="PASS" start="2024-08-09T19:13:31.789998" elapsed="0.000178"/>
</kw>
<kw name="List Should Contain Value" owner="Collections">
<arg>${allowed_titles}</arg>
<arg>${name_title}</arg>
<doc>Fails if the ``value`` is not found from ``list``.</doc>
<status status="PASS" start="2024-08-09T19:13:31.790477" elapsed="0.000176"/>
</kw>
<kw name="Set Variable" owner="BuiltIn">
<msg time="2024-08-09T19:13:31.791249" level="INFO">${name_country} = TR</msg>
<var>${name_country}</var>
<arg>${json_data["results"][0]["nat"]}</arg>
<doc>Returns the given values which can then be assigned to a variables.</doc>
<status status="PASS" start="2024-08-09T19:13:31.790839" elapsed="0.000435"/>
</kw>
<kw name="Create List" owner="BuiltIn">
<msg time="2024-08-09T19:13:31.792174" level="INFO">${list_country} = ['AD', 'AE', 'AF', 'AG', 'AI', 'AL', 'AM', 'AO', 'AQ', 'AR', 'AS', 'AT', 'AU', 'AW', 'AX', 'AZ', 'BA', 'BB', 'BD', 'BE', 'BF', 'BG', 'BH', 'BI', 'BJ', 'BL', 'BM', 'BN', 'BO', 'BQ', 'BR', 'BS', 'BT', '...</msg>
<var>${list_country}</var>
<arg>AD</arg>
<arg>AE</arg>
<arg>AF</arg>
<arg>AG</arg>
<arg>AI</arg>
<arg>AL</arg>
<arg>AM</arg>
<arg>AO</arg>
<arg>AQ</arg>
<arg>AR</arg>
<arg>AS</arg>
<arg>AT</arg>
<arg>AU</arg>
<arg>AW</arg>
<arg>AX</arg>
<arg>AZ</arg>
<arg>BA</arg>
<arg>BB</arg>
<arg>BD</arg>
<arg>BE</arg>
<arg>BF</arg>
<arg>BG</arg>
<arg>BH</arg>
<arg>BI</arg>
<arg>BJ</arg>
<arg>BL</arg>
<arg>BM</arg>
<arg>BN</arg>
<arg>BO</arg>
<arg>BQ</arg>
<arg>BR</arg>
<arg>BS</arg>
<arg>BT</arg>
<arg>BV</arg>
<arg>BW</arg>
<arg>BY</arg>
<arg>BZ</arg>
<arg>CA</arg>
<arg>CC</arg>
<arg>CD</arg>
<arg>CF</arg>
<arg>CG</arg>
<arg>CH</arg>
<arg>CI</arg>
<arg>CK</arg>
<arg>CL</arg>
<arg>CM</arg>
<arg>CN</arg>
<arg>CO</arg>
<arg>CR</arg>
<arg>CU</arg>
<arg>CV</arg>
<arg>CW</arg>
<arg>CX</arg>
<arg>CY</arg>
<arg>CZ</arg>
<arg>DE</arg>
<arg>DJ</arg>
<arg>DK</arg>
<arg>DM</arg>
<arg>DO</arg>
<arg>DZ</arg>
<arg>EC</arg>
<arg>EE</arg>
<arg>EG</arg>
<arg>EH</arg>
<arg>ER</arg>
<arg>ES</arg>
<arg>ET</arg>
<arg>FI</arg>
<arg>FJ</arg>
<arg>FK</arg>
<arg>FM</arg>
<arg>FO</arg>
<arg>FR</arg>
<arg>GA</arg>
<arg>GB</arg>
<arg>GD</arg>
<arg>GE</arg>
<arg>GF</arg>
<arg>GG</arg>
<arg>GH</arg>
<arg>GI</arg>
<arg>GL</arg>
<arg>GM</arg>
<arg>GN</arg>
<arg>GP</arg>
<arg>GQ</arg>
<arg>GR</arg>
<arg>GS</arg>
<arg>GT</arg>
<arg>GU</arg>
<arg>GW</arg>
<arg>GY</arg>
<arg>HK</arg>
<arg>HM</arg>
<arg>HN</arg>
<arg>HR</arg>
<arg>HT</arg>
<arg>HU</arg>
<arg>ID</arg>
<arg>IE</arg>
<arg>IL</arg>
<arg>IM</arg>
<arg>IN</arg>
<arg>IO</arg>
<arg>IQ</arg>
<arg>IR</arg>
<arg>IS</arg>
<arg>IT</arg>
<arg>JE</arg>
<arg>JM</arg>
<arg>JO</arg>
<arg>JP</arg>
<arg>KE</arg>
<arg>KG</arg>
<arg>KH</arg>
<arg>KI</arg>
<arg>KM</arg>
<arg>KN</arg>
<arg>KP</arg>
<arg>KR</arg>
<arg>KW</arg>
<arg>KY</arg>
<arg>KZ</arg>
<arg>LA</arg>
<arg>LB</arg>
<arg>LC</arg>
<arg>LI</arg>
<arg>LK</arg>
<arg>LR</arg>
<arg>LS</arg>
<arg>LT</arg>
<arg>LU</arg>
<arg>LV</arg>
<arg>LY</arg>
<arg>MA</arg>
<arg>MC</arg>
<arg>MD</arg>
<arg>ME</arg>
<arg>MF</arg>
<arg>MG</arg>
<arg>MH</arg>
<arg>MK</arg>
<arg>ML</arg>
<arg>MM</arg>
<arg>MN</arg>
<arg>MO</arg>
<arg>MP</arg>
<arg>MQ</arg>
<arg>MR</arg>
<arg>MS</arg>
<arg>MT</arg>
<arg>MU</arg>
<arg>MV</arg>
<arg>MW</arg>
<arg>MX</arg>
<arg>MY</arg>
<arg>MZ</arg>
<arg>NA</arg>
<arg>NC</arg>
<arg>NE</arg>
<arg>NF</arg>
<arg>NG</arg>
<arg>NI</arg>
<arg>NL</arg>
<arg>NO</arg>
<arg>NP</arg>
<arg>NR</arg>
<arg>NU</arg>
<arg>NZ</arg>
<arg>OM</arg>
<arg>PA</arg>
<arg>PE</arg>
<arg>PF</arg>
<arg>PG</arg>
<arg>PH</arg>
<arg>PK</arg>
<arg>PL</arg>
<arg>PM</arg>
<arg>PN</arg>
<arg>PR</arg>
<arg>PS</arg>
<arg>PT</arg>
<arg>PW</arg>
<arg>PY</arg>
<arg>QA</arg>
<arg>RE</arg>
<arg>RO</arg>
<arg>RS</arg>
<arg>RU</arg>
<arg>RW</arg>
<arg>SA</arg>
<arg>SB</arg>
<arg>SC</arg>
<arg>SD</arg>
<arg>SE</arg>
<arg>SG</arg>
<arg>SH</arg>
<arg>SI</arg>
<arg>SJ</arg>
<arg>SK</arg>
<arg>SL</arg>
<arg>SM</arg>
<arg>SN</arg>
<arg>SO</arg>
<arg>SR</arg>
<arg>SS</arg>
<arg>ST</arg>
<arg>SV</arg>
<arg>SX</arg>
<arg>SY</arg>
<arg>SZ</arg>
<arg>TC</arg>
<arg>TD</arg>
<arg>TF</arg>
<arg>TG</arg>
<arg>TH</arg>
<arg>TJ</arg>
<arg>TK</arg>
<arg>TL</arg>
<arg>TM</arg>
<arg>TN</arg>
<arg>TO</arg>
<arg>TR</arg>
<arg>TT</arg>
<arg>TV</arg>
<arg>TW</arg>
<arg>TZ</arg>
<arg>UA</arg>
<arg>UG</arg>
<arg>UM</arg>
<arg>US</arg>
<arg>UY</arg>
<arg>UZ</arg>
<arg>VA</arg>
<arg>VC</arg>
<arg>VE</arg>
<arg>VG</arg>
<arg>VI</arg>
<arg>VN</arg>
<arg>VU</arg>
<arg>WF</arg>
<arg>WS</arg>
<arg>XK</arg>
<arg>YE</arg>
<arg>YT</arg>
<arg>ZA</arg>
<arg>ZM</arg>
<arg>ZW</arg>
<doc>Returns a list containing given items.</doc>
<status status="PASS" start="2024-08-09T19:13:31.791567" elapsed="0.000632"/>
</kw>
<kw name="List Should Contain Value" owner="Collections">
<arg>${list_country}</arg>
<arg>${name_country}</arg>
<doc>Fails if the ``value`` is not found from ``list``.</doc>
<status status="PASS" start="2024-08-09T19:13:31.793168" elapsed="0.000210"/>
</kw>
<kw name="Run Keyword If" owner="BuiltIn">
<kw name="Should Be True" owner="BuiltIn">
<arg>${True}</arg>
<doc>Fails if the given condition is not true.</doc>
<status status="PASS" start="2024-08-09T19:13:31.794316" elapsed="0.000144"/>
</kw>
<arg>${json_data["results"][0]["location"]["coordinates"]["latitude"]} &gt;= -90 and ${json_data["results"][0]["location"]["coordinates"]["latitude"]} &lt;= 90</arg>
<arg>Should Be True</arg>
<arg>${True}</arg>
<doc>Runs the given keyword with the given arguments, if ``condition`` is true.</doc>
<status status="PASS" start="2024-08-09T19:13:31.793576" elapsed="0.001009"/>
</kw>
<kw name="Run Keyword If" owner="BuiltIn">
<kw name="Should Be True" owner="BuiltIn">
<arg>${True}</arg>
<doc>Fails if the given condition is not true.</doc>
<status status="PASS" start="2024-08-09T19:13:31.795488" elapsed="0.000139"/>
</kw>
<arg>${json_data["results"][0]["location"]["coordinates"]["longitude"]} &gt;= -180 and ${json_data["results"][0]["location"]["coordinates"]["longitude"]} &lt;= 180</arg>
<arg>Should Be True</arg>
<arg>${True}</arg>
<doc>Runs the given keyword with the given arguments, if ``condition`` is true.</doc>
<status status="PASS" start="2024-08-09T19:13:31.794765" elapsed="0.000986"/>
</kw>
<status status="PASS" start="2024-08-09T19:13:31.692126" elapsed="0.103755"/>
</kw>
<doc>Testa o conteúdo específico dos campos retornados pela API.</doc>
<tag>testeConteudo</tag>
<status status="PASS" start="2024-08-09T19:13:31.691603" elapsed="0.104426"/>
</test>
<status status="PASS" start="2024-08-09T19:13:30.956916" elapsed="0.841021"/>
</suite>
<status status="PASS" start="2024-08-09T19:13:30.942492" elapsed="0.860518"/>
</suite>
<statistics>
<total>
<stat pass="5" fail="0" skip="0">All Tests</stat>
</total>
<tag>
<stat pass="1" fail="0" skip="0">testeConteudo</stat>
<stat pass="1" fail="0" skip="0">testeEstruturaResposta</stat>
<stat pass="1" fail="0" skip="0">testeRequisicaoBasica</stat>
<stat pass="1" fail="0" skip="0">testeTiposDados</stat>
</tag>
<suite>
<stat pass="5" fail="0" skip="0" id="s1" name="Tests">Tests</stat>
<stat pass="5" fail="0" skip="0" id="s1-s1" name="Random-User-Test">Tests.Random-User-Test</stat>
</suite>
</statistics>
<errors>
</errors>
</robot>
