<?xml version="1.0" encoding="UTF-8"?>
<robot generator="Robot 7.0 (Python 3.12.2 on linux)" generated="2024-03-23T09:13:20.962601" rpa="false" schemaversion="5">
<suite id="s1" name="Tests" source="/home/runner/work/DesafioQAItauRogerioJordao/DesafioQAItauRogerioJordao/RamdonUser/tests">
<suite id="s1-s1" name="Random-User-Test" source="/home/runner/work/DesafioQAItauRogerioJordao/DesafioQAItauRogerioJordao/RamdonUser/tests/random-user-test.robot">
<test id="s1-s1-t1" name="Conectar" line="13">
<kw name="Conectar API" owner="random-user-service">
<kw name="Create Session" owner="RequestsLibrary">
<msg time="2024-03-23T09:13:21.325030" level="INFO">Creating Session using : alias=consultarAPI, url=https://randomuser.me/, headers={},                     cookies={}, auth=None, timeout=None, proxies=None, verify=False,                     debug=0 </msg>
<arg>consultarAPI</arg>
<arg>${URL}</arg>
<doc>Create Session: create a HTTP session to a server</doc>
<status status="PASS" start="2024-03-23T09:13:21.324813" elapsed="0.000412"/>
</kw>
<status status="PASS" start="2024-03-23T09:13:21.323714" elapsed="0.001884"/>
</kw>
<status status="PASS" start="2024-03-23T09:13:21.323137" elapsed="0.002667"/>
</test>
<test id="s1-s1-t2" name="Validar retorno 200 e JSON Válido" line="16">
<kw name="Teste de Requisicao Basica" owner="random-user-service">
<kw name="GET On Session" owner="RequestsLibrary">
<msg time="2024-03-23T09:13:21.388481" level="INFO">GET Request : url=https://randomuser.me/api 
 path_url=/api 
 headers={'User-Agent': 'python-requests/2.31.0', 'Accept-Encoding': 'gzip, deflate', 'Accept': '*/*', 'Connection': 'keep-alive'} 
 body=None 
 </msg>
<msg time="2024-03-23T09:13:21.388629" level="INFO">GET Response : url=https://randomuser.me/api 
 status=200, reason=OK 
 headers={'Date': 'Sat, 23 Mar 2024 09:13:21 GMT', 'Content-Type': 'application/json; charset=utf-8', 'Transfer-Encoding': 'chunked', 'Connection': 'keep-alive', 'X-Powered-By': 'Express', 'Access-Control-Allow-Origin': '*', 'Cache-Control': 'no-cache', 'ETag': 'W/"483-RPN1vhusBKR7xogNOfdzvE6uQl4"', 'Vary': 'Accept-Encoding', 'Content-Encoding': 'gzip', 'CF-Cache-Status': 'DYNAMIC', 'Report-To': '{"endpoints":[{"url":"https:\\/\\/a.nel.cloudflare.com\\/report\\/v4?s=8Cq3t3StKnzCYI9ObpdF%2BWnGvBR%2FkTM3qpAt6YGjX9ZRg9JcAQjk7JEtMb1ZMnJwEO%2BcwEpGqTeRNEP839Psga6eaybmRKUL54CFR0tTz01wEs0klTj4oWVcQaXdY%2Btr"}],"group":"cf-nel","max_age":604800}', 'NEL': '{"success_fraction":0,"report_to":"cf-nel","max_age":604800}', 'Server': 'cloudflare', 'CF-RAY': '868d4e147c842d26-IAD', 'alt-svc': 'h3=":443"; ma=86400'} 
 body={"results":[{"gender":"male","name":{"title":"Mr","first":"Vicente","last":"Mateo"},"location":{"street":{"number":340,"name":"Corredor Barrios"},"city":"Doctor González","state":"Jalisco","country":"Mexico","postcode":26304,"coordinates":{"latitude":"22.3884","longitude":"-126.8837"},"timezone":{"offset":"+5:45","description":"Kathmandu"}},"email":"vicente.mateo@example.com","login":{"uuid":"f8b08372-26b4-4b6c-8e2a-5c6e47b55446","username":"blackmouse412","password":"ticket","salt":"izSpQzYX","md5":"19dcd47a98b0489cb4bdc4d3a98a2457","sha1":"f18ef1d6f4b40b9b6df475047cc2d3d8afdf1f34","sha256":"e186cf349130520926660572e6a174b4691f3bd1be53663e988dd26246a47511"},"dob":{"date":"1990-05-29T03:40:47.752Z","age":33},"registered":{"date":"2010-11-28T23:04:53.410Z","age":13},"phone":"(624) 733 2235","cell":"(673) 359 6131","id":{"name":"NSS","value":"05 59 19 0659 8"},"picture":{"large":"https://randomuser.me/api/portraits/men/92.jpg","medium":"https://randomuser.me/api/portraits/med/men/92.jpg","thumbnail":"https://randomuser.me/api/portraits/thumb/men/92.jpg"},"nat":"MX"}],"info":{"seed":"1a9d5554faf45592","results":1,"page":1,"version":"1.4"}} 
 </msg>
<msg time="2024-03-23T09:13:21.388735" level="INFO">/opt/hostedtoolcache/Python/3.12.2/x64/lib/python3.12/site-packages/urllib3/connectionpool.py:1103: InsecureRequestWarning: Unverified HTTPS request is being made to host 'randomuser.me'. Adding certificate verification is strongly advised. See: https://urllib3.readthedocs.io/en/latest/advanced-usage.html#tls-warnings
  warnings.warn(</msg>
<msg time="2024-03-23T09:13:21.388865" level="INFO">${response} = &lt;Response [200]&gt;</msg>
<var>${response}</var>
<arg>consultarAPI</arg>
<arg>/api</arg>
<doc>Sends a GET request on a previously created HTTP Session.</doc>
<status status="PASS" start="2024-03-23T09:13:21.328445" elapsed="0.060453"/>
</kw>
<kw name="Should Be Equal As Numbers" owner="BuiltIn">
<msg time="2024-03-23T09:13:21.389887" level="INFO">Argument types are:
&lt;class 'int'&gt;
&lt;class 'str'&gt;</msg>
<arg>${response.status_code}</arg>
<arg>200</arg>
<doc>Fails if objects are unequal after converting them to real numbers.</doc>
<status status="PASS" start="2024-03-23T09:13:21.389429" elapsed="0.000523"/>
</kw>
<kw name="Log" owner="BuiltIn">
<msg time="2024-03-23T09:13:21.390642" level="INFO">200</msg>
<arg>${response.status_code}</arg>
<doc>Logs the given message with the given level.</doc>
<status status="PASS" start="2024-03-23T09:13:21.390283" elapsed="0.000401"/>
</kw>
<kw name="Set Variable" owner="BuiltIn">
<msg time="2024-03-23T09:13:21.391469" level="INFO">${json_data} = {'results': [{'gender': 'male', 'name': {'title': 'Mr', 'first': 'Vicente', 'last': 'Mateo'}, 'location': {'street': {'number': 340, 'name': 'Corredor Barrios'}, 'city': 'Doctor González', 'state': 'J...</msg>
<var>${json_data}</var>
<arg>${response.json()}</arg>
<doc>Returns the given values which can then be assigned to a variables.</doc>
<status status="PASS" start="2024-03-23T09:13:21.391019" elapsed="0.000478"/>
</kw>
<kw name="Dictionary Should Contain Key" owner="Collections">
<msg time="2024-03-23T09:13:21.391972" level="INFO">False</msg>
<arg>${json_data}</arg>
<arg>results</arg>
<doc>Fails if ``key`` is not found from ``dictionary``.</doc>
<status status="PASS" start="2024-03-23T09:13:21.391801" elapsed="0.000212"/>
</kw>
<status status="PASS" start="2024-03-23T09:13:21.328152" elapsed="0.064146"/>
</kw>
<doc>Testa se a API responde corretamente e retorna um objeto JSON válido.</doc>
<tag>testeRequisicaoBasica</tag>
<status status="PASS" start="2024-03-23T09:13:21.327662" elapsed="0.064839"/>
</test>
<test id="s1-s1-t3" name="Validar estrutura de resposta" line="22">
<kw name="Teste de Estrutura de Resposta" owner="random-user-service">
<kw name="GET On Session" owner="RequestsLibrary">
<msg time="2024-03-23T09:13:21.499649" level="INFO">GET Request : url=https://randomuser.me/api 
 path_url=/api 
 headers={'User-Agent': 'python-requests/2.31.0', 'Accept-Encoding': 'gzip, deflate', 'Accept': '*/*', 'Connection': 'keep-alive'} 
 body=None 
 </msg>
<msg time="2024-03-23T09:13:21.499754" level="INFO">GET Response : url=https://randomuser.me/api 
 status=200, reason=OK 
 headers={'Date': 'Sat, 23 Mar 2024 09:13:21 GMT', 'Content-Type': 'application/json; charset=utf-8', 'Transfer-Encoding': 'chunked', 'Connection': 'keep-alive', 'X-Powered-By': 'Express', 'Access-Control-Allow-Origin': '*', 'Cache-Control': 'no-cache', 'ETag': 'W/"494-YZ1zyEL45w3XnkjZ9UAc2pAVc1o"', 'Vary': 'Accept-Encoding', 'Content-Encoding': 'gzip', 'CF-Cache-Status': 'DYNAMIC', 'Report-To': '{"endpoints":[{"url":"https:\\/\\/a.nel.cloudflare.com\\/report\\/v4?s=6ARbu31R4TzbOVO9BN3w0T%2BPC4d0kilLReoFlYzdIzx4HucwwVivKgGZRZ%2BOhjYJeaq3a07%2BRCRJggNSAWn2DnhUnt7lCDIW0T60S9YEXoUOauoHx%2BFDWTCqMGs%2Bd3IF"}],"group":"cf-nel","max_age":604800}', 'NEL': '{"success_fraction":0,"report_to":"cf-nel","max_age":604800}', 'Server': 'cloudflare', 'CF-RAY': '868d4e14bcc02d26-IAD', 'alt-svc': 'h3=":443"; ma=86400'} 
 body={"results":[{"gender":"female","name":{"title":"Miss","first":"Emma","last":"Zakrevskiy"},"location":{"street":{"number":1475,"name":"Yakova Ostryanici"},"city":"Sumi","state":"Ternopilska","country":"Ukraine","postcode":74439,"coordinates":{"latitude":"73.9091","longitude":"41.7951"},"timezone":{"offset":"+5:30","description":"Bombay, Calcutta, Madras, New Delhi"}},"email":"emma.zakrevskiy@example.com","login":{"uuid":"452b2adc-b798-4a20-ae58-3bc4cc775fa6","username":"orangeduck730","password":"eeeeee","salt":"EJHQjbk4","md5":"a41664ff3eeee595b953d1b81193af3c","sha1":"e2a81f3a0fd68095dc7246d3494a2bfb342038dc","sha256":"c89ee31117bd524455575c7bb84479be3a6934f6d1a7cb69249dec2f4f2a7cb1"},"dob":{"date":"1990-05-01T22:31:25.520Z","age":33},"registered":{"date":"2007-07-19T05:31:30.228Z","age":16},"phone":"(098) M43-9631","cell":"(099) Z03-1754","id":{"name":"","value":null},"picture":{"large":"https://randomuser.me/api/portraits/women/78.jpg","medium":"https://randomuser.me/api/portraits/med/women/78.jpg","thumbnail":"https://randomuser.me/api/portraits/thumb/women/78.jpg"},"nat":"UA"}],"info":{"seed":"49ddd63365e4e917","results":1,"page":1,"version":"1.4"}} 
 </msg>
<msg time="2024-03-23T09:13:21.499900" level="INFO">/opt/hostedtoolcache/Python/3.12.2/x64/lib/python3.12/site-packages/urllib3/connectionpool.py:1103: InsecureRequestWarning: Unverified HTTPS request is being made to host 'randomuser.me'. Adding certificate verification is strongly advised. See: https://urllib3.readthedocs.io/en/latest/advanced-usage.html#tls-warnings
  warnings.warn(</msg>
<msg time="2024-03-23T09:13:21.500044" level="INFO">${response} = &lt;Response [200]&gt;</msg>
<var>${response}</var>
<arg>consultarAPI</arg>
<arg>/api</arg>
<doc>Sends a GET request on a previously created HTTP Session.</doc>
<status status="PASS" start="2024-03-23T09:13:21.395283" elapsed="0.104801"/>
</kw>
<kw name="Set Variable" owner="BuiltIn">
<msg time="2024-03-23T09:13:21.501287" level="INFO">${json_data} = {'results': [{'gender': 'female', 'name': {'title': 'Miss', 'first': 'Emma', 'last': 'Zakrevskiy'}, 'location': {'street': {'number': 1475, 'name': 'Yakova Ostryanici'}, 'city': 'Sumi', 'state': 'Tern...</msg>
<var>${json_data}</var>
<arg>${response.json()}</arg>
<doc>Returns the given values which can then be assigned to a variables.</doc>
<status status="PASS" start="2024-03-23T09:13:21.500741" elapsed="0.000574"/>
</kw>
<kw name="Log" owner="BuiltIn">
<msg time="2024-03-23T09:13:21.501800" level="INFO">{'results': [{'gender': 'female', 'name': {'title': 'Miss', 'first': 'Emma', 'last': 'Zakrevskiy'}, 'location': {'street': {'number': 1475, 'name': 'Yakova Ostryanici'}, 'city': 'Sumi', 'state': 'Ternopilska', 'country': 'Ukraine', 'postcode': 74439, 'coordinates': {'latitude': '73.9091', 'longitude': '41.7951'}, 'timezone': {'offset': '+5:30', 'description': 'Bombay, Calcutta, Madras, New Delhi'}}, 'email': 'emma.zakrevskiy@example.com', 'login': {'uuid': '452b2adc-b798-4a20-ae58-3bc4cc775fa6', 'username': 'orangeduck730', 'password': 'eeeeee', 'salt': 'EJHQjbk4', 'md5': 'a41664ff3eeee595b953d1b81193af3c', 'sha1': 'e2a81f3a0fd68095dc7246d3494a2bfb342038dc', 'sha256': 'c89ee31117bd524455575c7bb84479be3a6934f6d1a7cb69249dec2f4f2a7cb1'}, 'dob': {'date': '1990-05-01T22:31:25.520Z', 'age': 33}, 'registered': {'date': '2007-07-19T05:31:30.228Z', 'age': 16}, 'phone': '(098) M43-9631', 'cell': '(099) Z03-1754', 'id': {'name': '', 'value': None}, 'picture': {'large': 'https://randomuser.me/api/portraits/women/78.jpg', 'medium': 'https://randomuser.me/api/portraits/med/women/78.jpg', 'thumbnail': 'https://randomuser.me/api/portraits/thumb/women/78.jpg'}, 'nat': 'UA'}], 'info': {'seed': '49ddd63365e4e917', 'results': 1, 'page': 1, 'version': '1.4'}}</msg>
<arg>${json_data}</arg>
<doc>Logs the given message with the given level.</doc>
<status status="PASS" start="2024-03-23T09:13:21.501633" elapsed="0.000216"/>
</kw>
<kw name="Dictionary Should Contain Key" owner="Collections">
<msg time="2024-03-23T09:13:21.502308" level="INFO">False</msg>
<arg>${json_data}</arg>
<arg>results</arg>
<doc>Fails if ``key`` is not found from ``dictionary``.</doc>
<status status="PASS" start="2024-03-23T09:13:21.502148" elapsed="0.000199"/>
</kw>
<kw name="Should Not Be Empty" owner="BuiltIn">
<msg time="2024-03-23T09:13:21.502788" level="INFO">Length is 2.</msg>
<arg>${json_data}</arg>
<doc>Verifies that the given item is not empty.</doc>
<status status="PASS" start="2024-03-23T09:13:21.502651" elapsed="0.000177"/>
</kw>
<kw name="Create List" owner="BuiltIn">
<msg time="2024-03-23T09:13:21.503280" level="INFO">${expected_keys} = ['gender', 'name', 'location', 'email', 'login']</msg>
<var>${expected_keys}</var>
<arg>gender</arg>
<arg>name</arg>
<arg>location</arg>
<arg>email</arg>
<arg>login</arg>
<doc>Returns a list containing given items.</doc>
<status status="PASS" start="2024-03-23T09:13:21.503121" elapsed="0.000184"/>
</kw>
<for flavor="IN">
<iter>
<kw name="Dictionary Should Contain Key" owner="Collections">
<msg time="2024-03-23T09:13:21.504339" level="INFO">False</msg>
<arg>${json_data['results'][0]}</arg>
<arg>${key}</arg>
<doc>Fails if ``key`` is not found from ``dictionary``.</doc>
<status status="PASS" start="2024-03-23T09:13:21.503897" elapsed="0.000484"/>
</kw>
<kw name="Log" owner="BuiltIn">
<msg time="2024-03-23T09:13:21.505059" level="INFO">{'gender': 'female', 'name': {'title': 'Miss', 'first': 'Emma', 'last': 'Zakrevskiy'}, 'location': {'street': {'number': 1475, 'name': 'Yakova Ostryanici'}, 'city': 'Sumi', 'state': 'Ternopilska', 'country': 'Ukraine', 'postcode': 74439, 'coordinates': {'latitude': '73.9091', 'longitude': '41.7951'}, 'timezone': {'offset': '+5:30', 'description': 'Bombay, Calcutta, Madras, New Delhi'}}, 'email': 'emma.zakrevskiy@example.com', 'login': {'uuid': '452b2adc-b798-4a20-ae58-3bc4cc775fa6', 'username': 'orangeduck730', 'password': 'eeeeee', 'salt': 'EJHQjbk4', 'md5': 'a41664ff3eeee595b953d1b81193af3c', 'sha1': 'e2a81f3a0fd68095dc7246d3494a2bfb342038dc', 'sha256': 'c89ee31117bd524455575c7bb84479be3a6934f6d1a7cb69249dec2f4f2a7cb1'}, 'dob': {'date': '1990-05-01T22:31:25.520Z', 'age': 33}, 'registered': {'date': '2007-07-19T05:31:30.228Z', 'age': 16}, 'phone': '(098) M43-9631', 'cell': '(099) Z03-1754', 'id': {'name': '', 'value': None}, 'picture': {'large': 'https://randomuser.me/api/portraits/women/78.jpg', 'medium': 'https://randomuser.me/api/portraits/med/women/78.jpg', 'thumbnail': 'https://randomuser.me/api/portraits/thumb/women/78.jpg'}, 'nat': 'UA'}</msg>
<arg>${json_data['results'][0]}</arg>
<doc>Logs the given message with the given level.</doc>
<status status="PASS" start="2024-03-23T09:13:21.504692" elapsed="0.000424"/>
</kw>
<kw name="Log" owner="BuiltIn">
<msg time="2024-03-23T09:13:21.505557" level="INFO">gender</msg>
<arg>${key}</arg>
<doc>Logs the given message with the given level.</doc>
<status status="PASS" start="2024-03-23T09:13:21.505424" elapsed="0.000173"/>
</kw>
<var name="${key}">gender</var>
<status status="PASS" start="2024-03-23T09:13:21.503771" elapsed="0.002049"/>
</iter>
<iter>
<kw name="Dictionary Should Contain Key" owner="Collections">
<msg time="2024-03-23T09:13:21.506509" level="INFO">False</msg>
<arg>${json_data['results'][0]}</arg>
<arg>${key}</arg>
<doc>Fails if ``key`` is not found from ``dictionary``.</doc>
<status status="PASS" start="2024-03-23T09:13:21.506130" elapsed="0.000418"/>
</kw>
<kw name="Log" owner="BuiltIn">
<msg time="2024-03-23T09:13:21.507263" level="INFO">{'gender': 'female', 'name': {'title': 'Miss', 'first': 'Emma', 'last': 'Zakrevskiy'}, 'location': {'street': {'number': 1475, 'name': 'Yakova Ostryanici'}, 'city': 'Sumi', 'state': 'Ternopilska', 'country': 'Ukraine', 'postcode': 74439, 'coordinates': {'latitude': '73.9091', 'longitude': '41.7951'}, 'timezone': {'offset': '+5:30', 'description': 'Bombay, Calcutta, Madras, New Delhi'}}, 'email': 'emma.zakrevskiy@example.com', 'login': {'uuid': '452b2adc-b798-4a20-ae58-3bc4cc775fa6', 'username': 'orangeduck730', 'password': 'eeeeee', 'salt': 'EJHQjbk4', 'md5': 'a41664ff3eeee595b953d1b81193af3c', 'sha1': 'e2a81f3a0fd68095dc7246d3494a2bfb342038dc', 'sha256': 'c89ee31117bd524455575c7bb84479be3a6934f6d1a7cb69249dec2f4f2a7cb1'}, 'dob': {'date': '1990-05-01T22:31:25.520Z', 'age': 33}, 'registered': {'date': '2007-07-19T05:31:30.228Z', 'age': 16}, 'phone': '(098) M43-9631', 'cell': '(099) Z03-1754', 'id': {'name': '', 'value': None}, 'picture': {'large': 'https://randomuser.me/api/portraits/women/78.jpg', 'medium': 'https://randomuser.me/api/portraits/med/women/78.jpg', 'thumbnail': 'https://randomuser.me/api/portraits/thumb/women/78.jpg'}, 'nat': 'UA'}</msg>
<arg>${json_data['results'][0]}</arg>
<doc>Logs the given message with the given level.</doc>
<status status="PASS" start="2024-03-23T09:13:21.506893" elapsed="0.000419"/>
</kw>
<kw name="Log" owner="BuiltIn">
<msg time="2024-03-23T09:13:21.507780" level="INFO">name</msg>
<arg>${key}</arg>
<doc>Logs the given message with the given level.</doc>
<status status="PASS" start="2024-03-23T09:13:21.507645" elapsed="0.000175"/>
</kw>
<var name="${key}">name</var>
<status status="PASS" start="2024-03-23T09:13:21.506013" elapsed="0.002029"/>
</iter>
<iter>
<kw name="Dictionary Should Contain Key" owner="Collections">
<msg time="2024-03-23T09:13:21.508738" level="INFO">False</msg>
<arg>${json_data['results'][0]}</arg>
<arg>${key}</arg>
<doc>Fails if ``key`` is not found from ``dictionary``.</doc>
<status status="PASS" start="2024-03-23T09:13:21.508358" elapsed="0.000419"/>
</kw>
<kw name="Log" owner="BuiltIn">
<msg time="2024-03-23T09:13:21.509448" level="INFO">{'gender': 'female', 'name': {'title': 'Miss', 'first': 'Emma', 'last': 'Zakrevskiy'}, 'location': {'street': {'number': 1475, 'name': 'Yakova Ostryanici'}, 'city': 'Sumi', 'state': 'Ternopilska', 'country': 'Ukraine', 'postcode': 74439, 'coordinates': {'latitude': '73.9091', 'longitude': '41.7951'}, 'timezone': {'offset': '+5:30', 'description': 'Bombay, Calcutta, Madras, New Delhi'}}, 'email': 'emma.zakrevskiy@example.com', 'login': {'uuid': '452b2adc-b798-4a20-ae58-3bc4cc775fa6', 'username': 'orangeduck730', 'password': 'eeeeee', 'salt': 'EJHQjbk4', 'md5': 'a41664ff3eeee595b953d1b81193af3c', 'sha1': 'e2a81f3a0fd68095dc7246d3494a2bfb342038dc', 'sha256': 'c89ee31117bd524455575c7bb84479be3a6934f6d1a7cb69249dec2f4f2a7cb1'}, 'dob': {'date': '1990-05-01T22:31:25.520Z', 'age': 33}, 'registered': {'date': '2007-07-19T05:31:30.228Z', 'age': 16}, 'phone': '(098) M43-9631', 'cell': '(099) Z03-1754', 'id': {'name': '', 'value': None}, 'picture': {'large': 'https://randomuser.me/api/portraits/women/78.jpg', 'medium': 'https://randomuser.me/api/portraits/med/women/78.jpg', 'thumbnail': 'https://randomuser.me/api/portraits/thumb/women/78.jpg'}, 'nat': 'UA'}</msg>
<arg>${json_data['results'][0]}</arg>
<doc>Logs the given message with the given level.</doc>
<status status="PASS" start="2024-03-23T09:13:21.509078" elapsed="0.000424"/>
</kw>
<kw name="Log" owner="BuiltIn">
<msg time="2024-03-23T09:13:21.509973" level="INFO">location</msg>
<arg>${key}</arg>
<doc>Logs the given message with the given level.</doc>
<status status="PASS" start="2024-03-23T09:13:21.509842" elapsed="0.000171"/>
</kw>
<var name="${key}">location</var>
<status status="PASS" start="2024-03-23T09:13:21.508225" elapsed="0.002006"/>
</iter>
<iter>
<kw name="Dictionary Should Contain Key" owner="Collections">
<msg time="2024-03-23T09:13:21.510900" level="INFO">False</msg>
<arg>${json_data['results'][0]}</arg>
<arg>${key}</arg>
<doc>Fails if ``key`` is not found from ``dictionary``.</doc>
<status status="PASS" start="2024-03-23T09:13:21.510518" elapsed="0.000420"/>
</kw>
<kw name="Log" owner="BuiltIn">
<msg time="2024-03-23T09:13:21.511588" level="INFO">{'gender': 'female', 'name': {'title': 'Miss', 'first': 'Emma', 'last': 'Zakrevskiy'}, 'location': {'street': {'number': 1475, 'name': 'Yakova Ostryanici'}, 'city': 'Sumi', 'state': 'Ternopilska', 'country': 'Ukraine', 'postcode': 74439, 'coordinates': {'latitude': '73.9091', 'longitude': '41.7951'}, 'timezone': {'offset': '+5:30', 'description': 'Bombay, Calcutta, Madras, New Delhi'}}, 'email': 'emma.zakrevskiy@example.com', 'login': {'uuid': '452b2adc-b798-4a20-ae58-3bc4cc775fa6', 'username': 'orangeduck730', 'password': 'eeeeee', 'salt': 'EJHQjbk4', 'md5': 'a41664ff3eeee595b953d1b81193af3c', 'sha1': 'e2a81f3a0fd68095dc7246d3494a2bfb342038dc', 'sha256': 'c89ee31117bd524455575c7bb84479be3a6934f6d1a7cb69249dec2f4f2a7cb1'}, 'dob': {'date': '1990-05-01T22:31:25.520Z', 'age': 33}, 'registered': {'date': '2007-07-19T05:31:30.228Z', 'age': 16}, 'phone': '(098) M43-9631', 'cell': '(099) Z03-1754', 'id': {'name': '', 'value': None}, 'picture': {'large': 'https://randomuser.me/api/portraits/women/78.jpg', 'medium': 'https://randomuser.me/api/portraits/med/women/78.jpg', 'thumbnail': 'https://randomuser.me/api/portraits/thumb/women/78.jpg'}, 'nat': 'UA'}</msg>
<arg>${json_data['results'][0]}</arg>
<doc>Logs the given message with the given level.</doc>
<status status="PASS" start="2024-03-23T09:13:21.511237" elapsed="0.000399"/>
</kw>
<kw name="Log" owner="BuiltIn">
<msg time="2024-03-23T09:13:21.512057" level="INFO">email</msg>
<arg>${key}</arg>
<doc>Logs the given message with the given level.</doc>
<status status="PASS" start="2024-03-23T09:13:21.511928" elapsed="0.000168"/>
</kw>
<var name="${key}">email</var>
<status status="PASS" start="2024-03-23T09:13:21.510406" elapsed="0.001927"/>
</iter>
<iter>
<kw name="Dictionary Should Contain Key" owner="Collections">
<msg time="2024-03-23T09:13:21.512998" level="INFO">False</msg>
<arg>${json_data['results'][0]}</arg>
<arg>${key}</arg>
<doc>Fails if ``key`` is not found from ``dictionary``.</doc>
<status status="PASS" start="2024-03-23T09:13:21.512624" elapsed="0.000412"/>
</kw>
<kw name="Log" owner="BuiltIn">
<msg time="2024-03-23T09:13:21.513710" level="INFO">{'gender': 'female', 'name': {'title': 'Miss', 'first': 'Emma', 'last': 'Zakrevskiy'}, 'location': {'street': {'number': 1475, 'name': 'Yakova Ostryanici'}, 'city': 'Sumi', 'state': 'Ternopilska', 'country': 'Ukraine', 'postcode': 74439, 'coordinates': {'latitude': '73.9091', 'longitude': '41.7951'}, 'timezone': {'offset': '+5:30', 'description': 'Bombay, Calcutta, Madras, New Delhi'}}, 'email': 'emma.zakrevskiy@example.com', 'login': {'uuid': '452b2adc-b798-4a20-ae58-3bc4cc775fa6', 'username': 'orangeduck730', 'password': 'eeeeee', 'salt': 'EJHQjbk4', 'md5': 'a41664ff3eeee595b953d1b81193af3c', 'sha1': 'e2a81f3a0fd68095dc7246d3494a2bfb342038dc', 'sha256': 'c89ee31117bd524455575c7bb84479be3a6934f6d1a7cb69249dec2f4f2a7cb1'}, 'dob': {'date': '1990-05-01T22:31:25.520Z', 'age': 33}, 'registered': {'date': '2007-07-19T05:31:30.228Z', 'age': 16}, 'phone': '(098) M43-9631', 'cell': '(099) Z03-1754', 'id': {'name': '', 'value': None}, 'picture': {'large': 'https://randomuser.me/api/portraits/women/78.jpg', 'medium': 'https://randomuser.me/api/portraits/med/women/78.jpg', 'thumbnail': 'https://randomuser.me/api/portraits/thumb/women/78.jpg'}, 'nat': 'UA'}</msg>
<arg>${json_data['results'][0]}</arg>
<doc>Logs the given message with the given level.</doc>
<status status="PASS" start="2024-03-23T09:13:21.513330" elapsed="0.000428"/>
</kw>
<kw name="Log" owner="BuiltIn">
<msg time="2024-03-23T09:13:21.514178" level="INFO">login</msg>
<arg>${key}</arg>
<doc>Logs the given message with the given level.</doc>
<status status="PASS" start="2024-03-23T09:13:21.514049" elapsed="0.000280"/>
</kw>
<var name="${key}">login</var>
<status status="PASS" start="2024-03-23T09:13:21.512507" elapsed="0.002068"/>
</iter>
<var>${key}</var>
<value>@{expected_keys}</value>
<status status="PASS" start="2024-03-23T09:13:21.503569" elapsed="0.011135"/>
</for>
<kw name="Create List" owner="BuiltIn">
<msg time="2024-03-23T09:13:21.515041" level="INFO">${expected_keysTwo} = ['username', 'password']</msg>
<var>${expected_keysTwo}</var>
<arg>username</arg>
<arg>password</arg>
<doc>Returns a list containing given items.</doc>
<status status="PASS" start="2024-03-23T09:13:21.514902" elapsed="0.000163"/>
</kw>
<for flavor="IN">
<iter>
<kw name="Dictionary Should Contain Key" owner="Collections">
<msg time="2024-03-23T09:13:21.515947" level="INFO">False</msg>
<arg>${json_data['results'][0]['login']}</arg>
<arg>${keyTwo}</arg>
<doc>Fails if ``key`` is not found from ``dictionary``.</doc>
<status status="PASS" start="2024-03-23T09:13:21.515569" elapsed="0.000415"/>
</kw>
<kw name="Dictionary Should Contain Key" owner="Collections">
<msg time="2024-03-23T09:13:21.516688" level="INFO">False</msg>
<arg>${json_data['results'][0]['login']}</arg>
<arg>${keyTwo}</arg>
<doc>Fails if ``key`` is not found from ``dictionary``.</doc>
<status status="PASS" start="2024-03-23T09:13:21.516299" elapsed="0.000427"/>
</kw>
<kw name="Log" owner="BuiltIn">
<msg time="2024-03-23T09:13:21.517148" level="INFO">username</msg>
<arg>${keyTwo}</arg>
<doc>Logs the given message with the given level.</doc>
<status status="PASS" start="2024-03-23T09:13:21.517020" elapsed="0.000167"/>
</kw>
<var name="${keyTwo}">username</var>
<status status="PASS" start="2024-03-23T09:13:21.515458" elapsed="0.001940"/>
</iter>
<iter>
<kw name="Dictionary Should Contain Key" owner="Collections">
<msg time="2024-03-23T09:13:21.518055" level="INFO">False</msg>
<arg>${json_data['results'][0]['login']}</arg>
<arg>${keyTwo}</arg>
<doc>Fails if ``key`` is not found from ``dictionary``.</doc>
<status status="PASS" start="2024-03-23T09:13:21.517681" elapsed="0.000413"/>
</kw>
<kw name="Dictionary Should Contain Key" owner="Collections">
<msg time="2024-03-23T09:13:21.518765" level="INFO">False</msg>
<arg>${json_data['results'][0]['login']}</arg>
<arg>${keyTwo}</arg>
<doc>Fails if ``key`` is not found from ``dictionary``.</doc>
<status status="PASS" start="2024-03-23T09:13:21.518383" elapsed="0.000421"/>
</kw>
<kw name="Log" owner="BuiltIn">
<msg time="2024-03-23T09:13:21.519226" level="INFO">password</msg>
<arg>${keyTwo}</arg>
<doc>Logs the given message with the given level.</doc>
<status status="PASS" start="2024-03-23T09:13:21.519099" elapsed="0.000165"/>
</kw>
<var name="${keyTwo}">password</var>
<status status="PASS" start="2024-03-23T09:13:21.517572" elapsed="0.001917"/>
</iter>
<var>${keyTwo}</var>
<value>@{expected_keysTwo}</value>
<status status="PASS" start="2024-03-23T09:13:21.515303" elapsed="0.004309"/>
</for>
<status status="PASS" start="2024-03-23T09:13:21.395039" elapsed="0.124720"/>
</kw>
<doc>Testa a estrutura da resposta da API.</doc>
<tag>testeEstruturaResposta</tag>
<status status="PASS" start="2024-03-23T09:13:21.394358" elapsed="0.125570"/>
</test>
<test id="s1-s1-t4" name="Validar tipos de dados" line="28">
<kw name="Teste de Tipos de Dados" owner="random-user-service">
<kw name="GET On Session" owner="RequestsLibrary">
<msg time="2024-03-23T09:13:21.592020" level="INFO">GET Request : url=https://randomuser.me/api 
 path_url=/api 
 headers={'User-Agent': 'python-requests/2.31.0', 'Accept-Encoding': 'gzip, deflate', 'Accept': '*/*', 'Connection': 'keep-alive'} 
 body=None 
 </msg>
<msg time="2024-03-23T09:13:21.592116" level="INFO">GET Response : url=https://randomuser.me/api 
 status=200, reason=OK 
 headers={'Date': 'Sat, 23 Mar 2024 09:13:21 GMT', 'Content-Type': 'application/json; charset=utf-8', 'Transfer-Encoding': 'chunked', 'Connection': 'keep-alive', 'X-Powered-By': 'Express', 'Access-Control-Allow-Origin': '*', 'Cache-Control': 'no-cache', 'ETag': 'W/"484-skat0hwcV5w6Gc1n7BL2eXvzx3g"', 'Vary': 'Accept-Encoding', 'Content-Encoding': 'gzip', 'CF-Cache-Status': 'DYNAMIC', 'Report-To': '{"endpoints":[{"url":"https:\\/\\/a.nel.cloudflare.com\\/report\\/v4?s=1lXExAijiU6wiRqjHy4mH%2F4Iboejsf3RUnRrdXpibgdXUjtwidpDCr84PrBqJ70WNnoO4bRDo36ZctjfocMXMfWZ%2B1ZZ8pTuzD4T58qCy%2FILdVd3Y1yuV0gLJL2iPJge"}],"group":"cf-nel","max_age":604800}', 'NEL': '{"success_fraction":0,"report_to":"cf-nel","max_age":604800}', 'Server': 'cloudflare', 'CF-RAY': '868d4e158db72d26-IAD', 'alt-svc': 'h3=":443"; ma=86400'} 
 body={"results":[{"gender":"male","name":{"title":"Mr","first":"Dar","last":"Badrak"},"location":{"street":{"number":9740,"name":"Kobilyanskoyi"},"city":"Noviy Bug","state":"Zaporizka","country":"Ukraine","postcode":39243,"coordinates":{"latitude":"79.0363","longitude":"-139.6524"},"timezone":{"offset":"+9:00","description":"Tokyo, Seoul, Osaka, Sapporo, Yakutsk"}},"email":"dar.badrak@example.com","login":{"uuid":"40ef6955-6579-47e6-924b-e7390e512803","username":"crazypanda916","password":"broncos","salt":"yxCME5xf","md5":"ce051eeaec1487d3798becd6c99c3ab0","sha1":"0d5a15a813976113bcd406cdb6f4a81aa2be1afa","sha256":"6930792ce1e3a2cd2b4d2b60dcadd5b12fe6a959bfb82cbe70da4cfd4b8499e7"},"dob":{"date":"1972-11-03T01:04:59.864Z","age":51},"registered":{"date":"2006-01-08T06:32:44.063Z","age":18},"phone":"(066) X30-1502","cell":"(098) C23-1781","id":{"name":"","value":null},"picture":{"large":"https://randomuser.me/api/portraits/men/61.jpg","medium":"https://randomuser.me/api/portraits/med/men/61.jpg","thumbnail":"https://randomuser.me/api/portraits/thumb/men/61.jpg"},"nat":"UA"}],"info":{"seed":"c6371c878f202309","results":1,"page":1,"version":"1.4"}} 
 </msg>
<msg time="2024-03-23T09:13:21.592180" level="INFO">/opt/hostedtoolcache/Python/3.12.2/x64/lib/python3.12/site-packages/urllib3/connectionpool.py:1103: InsecureRequestWarning: Unverified HTTPS request is being made to host 'randomuser.me'. Adding certificate verification is strongly advised. See: https://urllib3.readthedocs.io/en/latest/advanced-usage.html#tls-warnings
  warnings.warn(</msg>
<msg time="2024-03-23T09:13:21.592323" level="INFO">${response} = &lt;Response [200]&gt;</msg>
<var>${response}</var>
<arg>consultarAPI</arg>
<arg>/api</arg>
<doc>Sends a GET request on a previously created HTTP Session.</doc>
<status status="PASS" start="2024-03-23T09:13:21.522449" elapsed="0.069917"/>
</kw>
<kw name="Set Variable" owner="BuiltIn">
<msg time="2024-03-23T09:13:21.593398" level="INFO">${json_data} = {'results': [{'gender': 'male', 'name': {'title': 'Mr', 'first': 'Dar', 'last': 'Badrak'}, 'location': {'street': {'number': 9740, 'name': 'Kobilyanskoyi'}, 'city': 'Noviy Bug', 'state': 'Zaporizka', ...</msg>
<var>${json_data}</var>
<arg>${response.json()}</arg>
<doc>Returns the given values which can then be assigned to a variables.</doc>
<status status="PASS" start="2024-03-23T09:13:21.592886" elapsed="0.000540"/>
</kw>
<kw name="Log" owner="BuiltIn">
<msg time="2024-03-23T09:13:21.593896" level="INFO">{'results': [{'gender': 'male', 'name': {'title': 'Mr', 'first': 'Dar', 'last': 'Badrak'}, 'location': {'street': {'number': 9740, 'name': 'Kobilyanskoyi'}, 'city': 'Noviy Bug', 'state': 'Zaporizka', 'country': 'Ukraine', 'postcode': 39243, 'coordinates': {'latitude': '79.0363', 'longitude': '-139.6524'}, 'timezone': {'offset': '+9:00', 'description': 'Tokyo, Seoul, Osaka, Sapporo, Yakutsk'}}, 'email': 'dar.badrak@example.com', 'login': {'uuid': '40ef6955-6579-47e6-924b-e7390e512803', 'username': 'crazypanda916', 'password': 'broncos', 'salt': 'yxCME5xf', 'md5': 'ce051eeaec1487d3798becd6c99c3ab0', 'sha1': '0d5a15a813976113bcd406cdb6f4a81aa2be1afa', 'sha256': '6930792ce1e3a2cd2b4d2b60dcadd5b12fe6a959bfb82cbe70da4cfd4b8499e7'}, 'dob': {'date': '1972-11-03T01:04:59.864Z', 'age': 51}, 'registered': {'date': '2006-01-08T06:32:44.063Z', 'age': 18}, 'phone': '(066) X30-1502', 'cell': '(098) C23-1781', 'id': {'name': '', 'value': None}, 'picture': {'large': 'https://randomuser.me/api/portraits/men/61.jpg', 'medium': 'https://randomuser.me/api/portraits/med/men/61.jpg', 'thumbnail': 'https://randomuser.me/api/portraits/thumb/men/61.jpg'}, 'nat': 'UA'}], 'info': {'seed': 'c6371c878f202309', 'results': 1, 'page': 1, 'version': '1.4'}}</msg>
<arg>${json_data}</arg>
<doc>Logs the given message with the given level.</doc>
<status status="PASS" start="2024-03-23T09:13:21.593739" elapsed="0.000242"/>
</kw>
<kw name="Should Be String" owner="String">
<arg>${json_data['results'][0]['gender']}</arg>
<doc>Fails if the given ``item`` is not a string.</doc>
<status status="PASS" start="2024-03-23T09:13:21.594293" elapsed="0.000387"/>
</kw>
<kw name="Should Match Regexp" owner="BuiltIn">
<arg>${json_data['results'][0]['email']}</arg>
<arg>^[a-zA-Z0-9._%+-]+@[a-zA-Z0-9.-]+\.[a-zA-Z]{2,}$</arg>
<doc>Fails if ``string`` does not match ``pattern`` as a regular expression.</doc>
<status status="PASS" start="2024-03-23T09:13:21.594875" elapsed="0.000518"/>
</kw>
<kw name="Should Match Regexp" owner="BuiltIn">
<arg>${json_data['results'][0]['dob']['date']}</arg>
<arg>\\d{4}-\\d{2}-\\d{2}T\\d{2}:\\d{2}:\\d{2}\\.\\d{3}Z</arg>
<doc>Fails if ``string`` does not match ``pattern`` as a regular expression.</doc>
<status status="PASS" start="2024-03-23T09:13:21.595589" elapsed="0.000492"/>
</kw>
<kw name="Should Match Regexp" owner="BuiltIn">
<arg>${json_data['results'][0]['registered']['date']}</arg>
<arg>\\d{4}-\\d{2}-\\d{2}T\\d{2}:\\d{2}:\\d{2}\\.\\d{3}Z</arg>
<doc>Fails if ``string`` does not match ``pattern`` as a regular expression.</doc>
<status status="PASS" start="2024-03-23T09:13:21.596305" elapsed="0.000384"/>
</kw>
<kw name="Should Match Regexp" owner="BuiltIn">
<arg>${json_data['results'][0]['picture']['large']}</arg>
<arg>^https?://.*\.(?:png|jpe?g|gif|bmp)$</arg>
<doc>Fails if ``string`` does not match ``pattern`` as a regular expression.</doc>
<status status="PASS" start="2024-03-23T09:13:21.596878" elapsed="0.000461"/>
</kw>
<kw name="Should Match Regexp" owner="BuiltIn">
<arg>${json_data['results'][0]['picture']['medium']}</arg>
<arg>^https?://.*\.(?:png|jpe?g|gif|bmp)$</arg>
<doc>Fails if ``string`` does not match ``pattern`` as a regular expression.</doc>
<status status="PASS" start="2024-03-23T09:13:21.597531" elapsed="0.000358"/>
</kw>
<kw name="Should Match Regexp" owner="BuiltIn">
<arg>${json_data['results'][0]['picture']['thumbnail']}</arg>
<arg>^https?://.*\.(?:png|jpe?g|gif|bmp)$</arg>
<doc>Fails if ``string`` does not match ``pattern`` as a regular expression.</doc>
<status status="PASS" start="2024-03-23T09:13:21.598077" elapsed="0.000346"/>
</kw>
<kw name="Log" owner="BuiltIn">
<msg time="2024-03-23T09:13:21.598934" level="INFO">{'large': 'https://randomuser.me/api/portraits/men/61.jpg', 'medium': 'https://randomuser.me/api/portraits/med/men/61.jpg', 'thumbnail': 'https://randomuser.me/api/portraits/thumb/men/61.jpg'}</msg>
<arg>${json_data['results'][0]['picture']}</arg>
<doc>Logs the given message with the given level.</doc>
<status status="PASS" start="2024-03-23T09:13:21.598603" elapsed="0.000378"/>
</kw>
<status status="PASS" start="2024-03-23T09:13:21.522204" elapsed="0.077039"/>
</kw>
<kw name="Teste de Tipos de Dados - Postcode" owner="random-user-service">
<kw name="GET On Session" owner="RequestsLibrary">
<msg time="2024-03-23T09:13:21.699424" level="INFO">GET Request : url=https://randomuser.me/api 
 path_url=/api 
 headers={'User-Agent': 'python-requests/2.31.0', 'Accept-Encoding': 'gzip, deflate', 'Accept': '*/*', 'Connection': 'keep-alive'} 
 body=None 
 </msg>
<msg time="2024-03-23T09:13:21.699524" level="INFO">GET Response : url=https://randomuser.me/api 
 status=200, reason=OK 
 headers={'Date': 'Sat, 23 Mar 2024 09:13:21 GMT', 'Content-Type': 'application/json; charset=utf-8', 'Transfer-Encoding': 'chunked', 'Connection': 'keep-alive', 'X-Powered-By': 'Express', 'Access-Control-Allow-Origin': '*', 'Cache-Control': 'no-cache', 'ETag': 'W/"47e-FAE6tr5PJgSFSBQwppekySS9sXQ"', 'Vary': 'Accept-Encoding', 'Content-Encoding': 'gzip', 'CF-Cache-Status': 'DYNAMIC', 'Report-To': '{"endpoints":[{"url":"https:\\/\\/a.nel.cloudflare.com\\/report\\/v4?s=V3kivsKRWgHv5A%2Fxr0DVHW1MTyJp3WIHqqxUWMyf29X%2Fx79jPonRXc6XKtyewH9V1B%2FckWHOIadYQFhA1EMNnQTN5QFUkdd%2BLLW02oM7Guv7ZFN2nj376HCEJRTFpVgI"}],"group":"cf-nel","max_age":604800}', 'NEL': '{"success_fraction":0,"report_to":"cf-nel","max_age":604800}', 'Server': 'cloudflare', 'CF-RAY': '868d4e160e2e2d26-IAD', 'alt-svc': 'h3=":443"; ma=86400'} 
 body={"results":[{"gender":"female","name":{"title":"Mrs","first":"Pippa","last":"Clarke"},"location":{"street":{"number":1311,"name":"Kennedy Road"},"city":"Auckland","state":"West Coast","country":"New Zealand","postcode":96720,"coordinates":{"latitude":"53.9208","longitude":"110.3483"},"timezone":{"offset":"+9:30","description":"Adelaide, Darwin"}},"email":"pippa.clarke@example.com","login":{"uuid":"c1ae260f-f4ae-4efe-9ec3-5f60a5c8cc81","username":"bluegoose980","password":"scrapper","salt":"sN647626","md5":"1661bd0c6acdd7bddd7ea6d787b5b94a","sha1":"637574ff5a61eb8ff5d5dab91699f27593e7b3dd","sha256":"15a88bd2c86081fc059c31e7161f215c544f64a5c3c7a7b38f28edc6452e89c8"},"dob":{"date":"1966-07-09T22:49:11.556Z","age":57},"registered":{"date":"2002-08-31T22:19:07.665Z","age":21},"phone":"(385)-875-0632","cell":"(968)-676-9801","id":{"name":"","value":null},"picture":{"large":"https://randomuser.me/api/portraits/women/64.jpg","medium":"https://randomuser.me/api/portraits/med/women/64.jpg","thumbnail":"https://randomuser.me/api/portraits/thumb/women/64.jpg"},"nat":"NZ"}],"info":{"seed":"058a3fd4c59eaba6","results":1,"page":1,"version":"1.4"}} 
 </msg>
<msg time="2024-03-23T09:13:21.699614" level="INFO">/opt/hostedtoolcache/Python/3.12.2/x64/lib/python3.12/site-packages/urllib3/connectionpool.py:1103: InsecureRequestWarning: Unverified HTTPS request is being made to host 'randomuser.me'. Adding certificate verification is strongly advised. See: https://urllib3.readthedocs.io/en/latest/advanced-usage.html#tls-warnings
  warnings.warn(</msg>
<msg time="2024-03-23T09:13:21.699741" level="INFO">${response} = &lt;Response [200]&gt;</msg>
<var>${response}</var>
<arg>consultarAPI</arg>
<arg>/api</arg>
<doc>Sends a GET request on a previously created HTTP Session.</doc>
<status status="PASS" start="2024-03-23T09:13:21.599863" elapsed="0.099917"/>
</kw>
<kw name="Set Variable" owner="BuiltIn">
<msg time="2024-03-23T09:13:21.700859" level="INFO">${json_data} = {'results': [{'gender': 'female', 'name': {'title': 'Mrs', 'first': 'Pippa', 'last': 'Clarke'}, 'location': {'street': {'number': 1311, 'name': 'Kennedy Road'}, 'city': 'Auckland', 'state': 'West Coas...</msg>
<var>${json_data}</var>
<arg>${response.json()}</arg>
<doc>Returns the given values which can then be assigned to a variables.</doc>
<status status="PASS" start="2024-03-23T09:13:21.700335" elapsed="0.000551"/>
</kw>
<kw name="Log" owner="BuiltIn">
<msg time="2024-03-23T09:13:21.701358" level="INFO">{'results': [{'gender': 'female', 'name': {'title': 'Mrs', 'first': 'Pippa', 'last': 'Clarke'}, 'location': {'street': {'number': 1311, 'name': 'Kennedy Road'}, 'city': 'Auckland', 'state': 'West Coast', 'country': 'New Zealand', 'postcode': 96720, 'coordinates': {'latitude': '53.9208', 'longitude': '110.3483'}, 'timezone': {'offset': '+9:30', 'description': 'Adelaide, Darwin'}}, 'email': 'pippa.clarke@example.com', 'login': {'uuid': 'c1ae260f-f4ae-4efe-9ec3-5f60a5c8cc81', 'username': 'bluegoose980', 'password': 'scrapper', 'salt': 'sN647626', 'md5': '1661bd0c6acdd7bddd7ea6d787b5b94a', 'sha1': '637574ff5a61eb8ff5d5dab91699f27593e7b3dd', 'sha256': '15a88bd2c86081fc059c31e7161f215c544f64a5c3c7a7b38f28edc6452e89c8'}, 'dob': {'date': '1966-07-09T22:49:11.556Z', 'age': 57}, 'registered': {'date': '2002-08-31T22:19:07.665Z', 'age': 21}, 'phone': '(385)-875-0632', 'cell': '(968)-676-9801', 'id': {'name': '', 'value': None}, 'picture': {'large': 'https://randomuser.me/api/portraits/women/64.jpg', 'medium': 'https://randomuser.me/api/portraits/med/women/64.jpg', 'thumbnail': 'https://randomuser.me/api/portraits/thumb/women/64.jpg'}, 'nat': 'NZ'}], 'info': {'seed': '058a3fd4c59eaba6', 'results': 1, 'page': 1, 'version': '1.4'}}</msg>
<arg>${json_data}</arg>
<doc>Logs the given message with the given level.</doc>
<status status="PASS" start="2024-03-23T09:13:21.701200" elapsed="0.000242"/>
</kw>
<kw name="Should Be Equal As Numbers" owner="BuiltIn">
<arg>${json_data['results'][0]['location']['postcode']}</arg>
<arg>${json_data['results'][0]['location']['postcode']}</arg>
<doc>Fails if objects are unequal after converting them to real numbers.</doc>
<status status="PASS" start="2024-03-23T09:13:21.701755" elapsed="0.000650"/>
</kw>
<kw name="Log" owner="BuiltIn">
<msg time="2024-03-23T09:13:21.702950" level="INFO">96720</msg>
<arg>${json_data['results'][0]['location']['postcode']}</arg>
<doc>Logs the given message with the given level.</doc>
<status status="PASS" start="2024-03-23T09:13:21.702604" elapsed="0.000388"/>
</kw>
<status status="PASS" start="2024-03-23T09:13:21.599478" elapsed="0.103781"/>
</kw>
<doc>Testa se os tipos de dados na resposta da API estão corretos.</doc>
<tag>testeTiposDados</tag>
<status status="PASS" start="2024-03-23T09:13:21.521743" elapsed="0.181699"/>
</test>
<test id="s1-s1-t5" name="Validar conteudo" line="35">
<kw name="Teste de Tipos de Conteudo" owner="random-user-service">
<kw name="GET On Session" owner="RequestsLibrary">
<msg time="2024-03-23T09:13:21.789346" level="INFO">GET Request : url=https://randomuser.me/api 
 path_url=/api 
 headers={'User-Agent': 'python-requests/2.31.0', 'Accept-Encoding': 'gzip, deflate', 'Accept': '*/*', 'Connection': 'keep-alive'} 
 body=None 
 </msg>
<msg time="2024-03-23T09:13:21.789466" level="INFO">GET Response : url=https://randomuser.me/api 
 status=200, reason=OK 
 headers={'Date': 'Sat, 23 Mar 2024 09:13:21 GMT', 'Content-Type': 'application/json; charset=utf-8', 'Transfer-Encoding': 'chunked', 'Connection': 'keep-alive', 'X-Powered-By': 'Express', 'Access-Control-Allow-Origin': '*', 'Cache-Control': 'no-cache', 'ETag': 'W/"496-A7UBRnVKlKUZWB/xVW6+99iLOlI"', 'Vary': 'Accept-Encoding', 'Content-Encoding': 'gzip', 'CF-Cache-Status': 'DYNAMIC', 'Report-To': '{"endpoints":[{"url":"https:\\/\\/a.nel.cloudflare.com\\/report\\/v4?s=YoDDdua31206%2Fekpq9TRhpgX8%2FA0HTsSMXPYkOGP8tiPN8DNJIbQlsgLq2B0ucNezhu4yX4ruvLnMPqT0Gx%2BEv28ShTFVKEkuqPdXDXHwcO8K1%2FVM5jqJj7RdJEdaXeB"}],"group":"cf-nel","max_age":604800}', 'NEL': '{"success_fraction":0,"report_to":"cf-nel","max_age":604800}', 'Server': 'cloudflare', 'CF-RAY': '868d4e16aea42d26-IAD', 'alt-svc': 'h3=":443"; ma=86400'} 
 body={"results":[{"gender":"female","name":{"title":"Ms","first":"Rachel","last":"Dean"},"location":{"street":{"number":852,"name":"Springfield Road"},"city":"Newry","state":"Northamptonshire","country":"United Kingdom","postcode":"W38 1TD","coordinates":{"latitude":"-6.9576","longitude":"145.4785"},"timezone":{"offset":"+6:00","description":"Almaty, Dhaka, Colombo"}},"email":"rachel.dean@example.com","login":{"uuid":"c3ac1c9a-f6c3-4a44-bfe5-077d2033cd21","username":"greenbear528","password":"tasha1","salt":"yWlNsrT7","md5":"6bc468fec5731cd398f174814e2ab711","sha1":"99e25956dcb19e4f2f1185a94d79b4a5848d1da4","sha256":"6fdea7931c6e21f2e912c82879b10106c5004df1b145a31795c46ebe10822d9d"},"dob":{"date":"1969-06-28T00:56:24.574Z","age":54},"registered":{"date":"2019-06-13T02:29:34.821Z","age":4},"phone":"015396 67925","cell":"07161 167270","id":{"name":"NINO","value":"GL 78 40 54 V"},"picture":{"large":"https://randomuser.me/api/portraits/women/14.jpg","medium":"https://randomuser.me/api/portraits/med/women/14.jpg","thumbnail":"https://randomuser.me/api/portraits/thumb/women/14.jpg"},"nat":"GB"}],"info":{"seed":"4bc93eb0c02e93cc","results":1,"page":1,"version":"1.4"}} 
 </msg>
<msg time="2024-03-23T09:13:21.789535" level="INFO">/opt/hostedtoolcache/Python/3.12.2/x64/lib/python3.12/site-packages/urllib3/connectionpool.py:1103: InsecureRequestWarning: Unverified HTTPS request is being made to host 'randomuser.me'. Adding certificate verification is strongly advised. See: https://urllib3.readthedocs.io/en/latest/advanced-usage.html#tls-warnings
  warnings.warn(</msg>
<msg time="2024-03-23T09:13:21.789663" level="INFO">${response} = &lt;Response [200]&gt;</msg>
<var>${response}</var>
<arg>consultarAPI</arg>
<arg>/api</arg>
<doc>Sends a GET request on a previously created HTTP Session.</doc>
<status status="PASS" start="2024-03-23T09:13:21.706169" elapsed="0.083532"/>
</kw>
<kw name="Set Variable" owner="BuiltIn">
<msg time="2024-03-23T09:13:21.790931" level="INFO">${json_data} = {'results': [{'gender': 'female', 'name': {'title': 'Ms', 'first': 'Rachel', 'last': 'Dean'}, 'location': {'street': {'number': 852, 'name': 'Springfield Road'}, 'city': 'Newry', 'state': 'Northampton...</msg>
<var>${json_data}</var>
<arg>${response.json()}</arg>
<doc>Returns the given values which can then be assigned to a variables.</doc>
<status status="PASS" start="2024-03-23T09:13:21.790368" elapsed="0.000590"/>
</kw>
<kw name="Set Variable" owner="BuiltIn">
<msg time="2024-03-23T09:13:21.791656" level="INFO">${name_title} = Ms</msg>
<var>${name_title}</var>
<arg>${json_data["results"][0]["name"]["title"]}</arg>
<doc>Returns the given values which can then be assigned to a variables.</doc>
<status status="PASS" start="2024-03-23T09:13:21.791269" elapsed="0.000412"/>
</kw>
<kw name="Create List" owner="BuiltIn">
<msg time="2024-03-23T09:13:21.792129" level="INFO">${allowed_titles} = ['Mr', 'Ms', 'Miss', 'Mrs', 'Madame', 'Monsieur']</msg>
<var>${allowed_titles}</var>
<arg>Mr</arg>
<arg>Ms</arg>
<arg>Miss</arg>
<arg>Mrs</arg>
<arg>Madame</arg>
<arg>Monsieur</arg>
<doc>Returns a list containing given items.</doc>
<status status="PASS" start="2024-03-23T09:13:21.791979" elapsed="0.000173"/>
</kw>
<kw name="List Should Contain Value" owner="Collections">
<msg time="2024-03-23T09:13:21.792692" level="INFO">False</msg>
<arg>${allowed_titles}</arg>
<arg>${name_title}</arg>
<doc>Fails if the ``value`` is not found from ``list``.</doc>
<status status="PASS" start="2024-03-23T09:13:21.792508" elapsed="0.000222"/>
</kw>
<kw name="Set Variable" owner="BuiltIn">
<msg time="2024-03-23T09:13:21.793397" level="INFO">${name_country} = GB</msg>
<var>${name_country}</var>
<arg>${json_data["results"][0]["nat"]}</arg>
<doc>Returns the given values which can then be assigned to a variables.</doc>
<status status="PASS" start="2024-03-23T09:13:21.793019" elapsed="0.000402"/>
</kw>
<kw name="Create List" owner="BuiltIn">
<msg time="2024-03-23T09:13:21.794323" level="INFO">${list_country} = ['AD', 'AE', 'AF', 'AG', 'AI', 'AL', 'AM', 'AO', 'AQ', 'AR', 'AS', 'AT', 'AU', 'AW', 'AX', 'AZ', 'BA', 'BB', 'BD', 'BE', 'BF', 'BG', 'BH', 'BI', 'BJ', 'BL', 'BM', 'BN', 'BO', 'BQ', 'BR', 'BS', 'BT', '...</msg>
<var>${list_country}</var>
<arg>AD</arg>
<arg>AE</arg>
<arg>AF</arg>
<arg>AG</arg>
<arg>AI</arg>
<arg>AL</arg>
<arg>AM</arg>
<arg>AO</arg>
<arg>AQ</arg>
<arg>AR</arg>
<arg>AS</arg>
<arg>AT</arg>
<arg>AU</arg>
<arg>AW</arg>
<arg>AX</arg>
<arg>AZ</arg>
<arg>BA</arg>
<arg>BB</arg>
<arg>BD</arg>
<arg>BE</arg>
<arg>BF</arg>
<arg>BG</arg>
<arg>BH</arg>
<arg>BI</arg>
<arg>BJ</arg>
<arg>BL</arg>
<arg>BM</arg>
<arg>BN</arg>
<arg>BO</arg>
<arg>BQ</arg>
<arg>BR</arg>
<arg>BS</arg>
<arg>BT</arg>
<arg>BV</arg>
<arg>BW</arg>
<arg>BY</arg>
<arg>BZ</arg>
<arg>CA</arg>
<arg>CC</arg>
<arg>CD</arg>
<arg>CF</arg>
<arg>CG</arg>
<arg>CH</arg>
<arg>CI</arg>
<arg>CK</arg>
<arg>CL</arg>
<arg>CM</arg>
<arg>CN</arg>
<arg>CO</arg>
<arg>CR</arg>
<arg>CU</arg>
<arg>CV</arg>
<arg>CW</arg>
<arg>CX</arg>
<arg>CY</arg>
<arg>CZ</arg>
<arg>DE</arg>
<arg>DJ</arg>
<arg>DK</arg>
<arg>DM</arg>
<arg>DO</arg>
<arg>DZ</arg>
<arg>EC</arg>
<arg>EE</arg>
<arg>EG</arg>
<arg>EH</arg>
<arg>ER</arg>
<arg>ES</arg>
<arg>ET</arg>
<arg>FI</arg>
<arg>FJ</arg>
<arg>FK</arg>
<arg>FM</arg>
<arg>FO</arg>
<arg>FR</arg>
<arg>GA</arg>
<arg>GB</arg>
<arg>GD</arg>
<arg>GE</arg>
<arg>GF</arg>
<arg>GG</arg>
<arg>GH</arg>
<arg>GI</arg>
<arg>GL</arg>
<arg>GM</arg>
<arg>GN</arg>
<arg>GP</arg>
<arg>GQ</arg>
<arg>GR</arg>
<arg>GS</arg>
<arg>GT</arg>
<arg>GU</arg>
<arg>GW</arg>
<arg>GY</arg>
<arg>HK</arg>
<arg>HM</arg>
<arg>HN</arg>
<arg>HR</arg>
<arg>HT</arg>
<arg>HU</arg>
<arg>ID</arg>
<arg>IE</arg>
<arg>IL</arg>
<arg>IM</arg>
<arg>IN</arg>
<arg>IO</arg>
<arg>IQ</arg>
<arg>IR</arg>
<arg>IS</arg>
<arg>IT</arg>
<arg>JE</arg>
<arg>JM</arg>
<arg>JO</arg>
<arg>JP</arg>
<arg>KE</arg>
<arg>KG</arg>
<arg>KH</arg>
<arg>KI</arg>
<arg>KM</arg>
<arg>KN</arg>
<arg>KP</arg>
<arg>KR</arg>
<arg>KW</arg>
<arg>KY</arg>
<arg>KZ</arg>
<arg>LA</arg>
<arg>LB</arg>
<arg>LC</arg>
<arg>LI</arg>
<arg>LK</arg>
<arg>LR</arg>
<arg>LS</arg>
<arg>LT</arg>
<arg>LU</arg>
<arg>LV</arg>
<arg>LY</arg>
<arg>MA</arg>
<arg>MC</arg>
<arg>MD</arg>
<arg>ME</arg>
<arg>MF</arg>
<arg>MG</arg>
<arg>MH</arg>
<arg>MK</arg>
<arg>ML</arg>
<arg>MM</arg>
<arg>MN</arg>
<arg>MO</arg>
<arg>MP</arg>
<arg>MQ</arg>
<arg>MR</arg>
<arg>MS</arg>
<arg>MT</arg>
<arg>MU</arg>
<arg>MV</arg>
<arg>MW</arg>
<arg>MX</arg>
<arg>MY</arg>
<arg>MZ</arg>
<arg>NA</arg>
<arg>NC</arg>
<arg>NE</arg>
<arg>NF</arg>
<arg>NG</arg>
<arg>NI</arg>
<arg>NL</arg>
<arg>NO</arg>
<arg>NP</arg>
<arg>NR</arg>
<arg>NU</arg>
<arg>NZ</arg>
<arg>OM</arg>
<arg>PA</arg>
<arg>PE</arg>
<arg>PF</arg>
<arg>PG</arg>
<arg>PH</arg>
<arg>PK</arg>
<arg>PL</arg>
<arg>PM</arg>
<arg>PN</arg>
<arg>PR</arg>
<arg>PS</arg>
<arg>PT</arg>
<arg>PW</arg>
<arg>PY</arg>
<arg>QA</arg>
<arg>RE</arg>
<arg>RO</arg>
<arg>RS</arg>
<arg>RU</arg>
<arg>RW</arg>
<arg>SA</arg>
<arg>SB</arg>
<arg>SC</arg>
<arg>SD</arg>
<arg>SE</arg>
<arg>SG</arg>
<arg>SH</arg>
<arg>SI</arg>
<arg>SJ</arg>
<arg>SK</arg>
<arg>SL</arg>
<arg>SM</arg>
<arg>SN</arg>
<arg>SO</arg>
<arg>SR</arg>
<arg>SS</arg>
<arg>ST</arg>
<arg>SV</arg>
<arg>SX</arg>
<arg>SY</arg>
<arg>SZ</arg>
<arg>TC</arg>
<arg>TD</arg>
<arg>TF</arg>
<arg>TG</arg>
<arg>TH</arg>
<arg>TJ</arg>
<arg>TK</arg>
<arg>TL</arg>
<arg>TM</arg>
<arg>TN</arg>
<arg>TO</arg>
<arg>TR</arg>
<arg>TT</arg>
<arg>TV</arg>
<arg>TW</arg>
<arg>TZ</arg>
<arg>UA</arg>
<arg>UG</arg>
<arg>UM</arg>
<arg>US</arg>
<arg>UY</arg>
<arg>UZ</arg>
<arg>VA</arg>
<arg>VC</arg>
<arg>VE</arg>
<arg>VG</arg>
<arg>VI</arg>
<arg>VN</arg>
<arg>VU</arg>
<arg>WF</arg>
<arg>WS</arg>
<arg>XK</arg>
<arg>YE</arg>
<arg>YT</arg>
<arg>ZA</arg>
<arg>ZM</arg>
<arg>ZW</arg>
<doc>Returns a list containing given items.</doc>
<status status="PASS" start="2024-03-23T09:13:21.793725" elapsed="0.000623"/>
</kw>
<kw name="List Should Contain Value" owner="Collections">
<msg time="2024-03-23T09:13:21.795481" level="INFO">False</msg>
<arg>${list_country}</arg>
<arg>${name_country}</arg>
<doc>Fails if the ``value`` is not found from ``list``.</doc>
<status status="PASS" start="2024-03-23T09:13:21.795275" elapsed="0.000243"/>
</kw>
<kw name="Run Keyword If" owner="BuiltIn">
<kw name="Should Be True" owner="BuiltIn">
<arg>${True}</arg>
<doc>Fails if the given condition is not true.</doc>
<status status="PASS" start="2024-03-23T09:13:21.796627" elapsed="0.000146"/>
</kw>
<arg>${json_data["results"][0]["location"]["coordinates"]["latitude"]} &gt;= -90 and ${json_data["results"][0]["location"]["coordinates"]["latitude"]} &lt;= 90</arg>
<arg>Should Be True</arg>
<arg>${True}</arg>
<doc>Runs the given keyword with the given arguments, if ``condition`` is true.</doc>
<status status="PASS" start="2024-03-23T09:13:21.795828" elapsed="0.001073"/>
</kw>
<kw name="Run Keyword If" owner="BuiltIn">
<kw name="Should Be True" owner="BuiltIn">
<arg>${True}</arg>
<doc>Fails if the given condition is not true.</doc>
<status status="PASS" start="2024-03-23T09:13:21.797787" elapsed="0.000138"/>
</kw>
<arg>${json_data["results"][0]["location"]["coordinates"]["longitude"]} &gt;= -180 and ${json_data["results"][0]["location"]["coordinates"]["longitude"]} &lt;= 180</arg>
<arg>Should Be True</arg>
<arg>${True}</arg>
<doc>Runs the given keyword with the given arguments, if ``condition`` is true.</doc>
<status status="PASS" start="2024-03-23T09:13:21.797087" elapsed="0.000964"/>
</kw>
<status status="PASS" start="2024-03-23T09:13:21.705867" elapsed="0.092316"/>
</kw>
<doc>Testa o conteúdo específico dos campos retornados pela API.</doc>
<tag>testeConteudo</tag>
<status status="PASS" start="2024-03-23T09:13:21.705365" elapsed="0.092999"/>
</test>
<status status="PASS" start="2024-03-23T09:13:21.018037" elapsed="0.782287"/>
</suite>
<status status="PASS" start="2024-03-23T09:13:21.003706" elapsed="0.801967"/>
</suite>
<statistics>
<total>
<stat pass="5" fail="0" skip="0">All Tests</stat>
</total>
<tag>
<stat pass="1" fail="0" skip="0">testeConteudo</stat>
<stat pass="1" fail="0" skip="0">testeEstruturaResposta</stat>
<stat pass="1" fail="0" skip="0">testeRequisicaoBasica</stat>
<stat pass="1" fail="0" skip="0">testeTiposDados</stat>
</tag>
<suite>
<stat pass="5" fail="0" skip="0" id="s1" name="Tests">Tests</stat>
<stat pass="5" fail="0" skip="0" id="s1-s1" name="Random-User-Test">Tests.Random-User-Test</stat>
</suite>
</statistics>
<errors>
</errors>
</robot>
