<?xml version="1.0" encoding="UTF-8"?>
<robot generator="Robot 7.0 (Python 3.12.2 on linux)" generated="2024-03-28T20:15:23.684530" rpa="false" schemaversion="5">
<suite id="s1" name="Tests" source="/home/runner/work/DesafioQAItauRogerioJordao/DesafioQAItauRogerioJordao/RamdonUser/tests">
<suite id="s1-s1" name="Random-User-Test" source="/home/runner/work/DesafioQAItauRogerioJordao/DesafioQAItauRogerioJordao/RamdonUser/tests/random-user-test.robot">
<test id="s1-s1-t1" name="Conectar" line="13">
<kw name="Conectar API" owner="random-user-service">
<kw name="Create Session" owner="RequestsLibrary">
<msg time="2024-03-28T20:15:24.053092" level="INFO">Creating Session using : alias=consultarAPI, url=https://randomuser.me/, headers={},                     cookies={}, auth=None, timeout=None, proxies=None, verify=False,                     debug=0 </msg>
<arg>consultarAPI</arg>
<arg>${URL}</arg>
<doc>Create Session: create a HTTP session to a server</doc>
<status status="PASS" start="2024-03-28T20:15:24.052885" elapsed="0.000404"/>
</kw>
<status status="PASS" start="2024-03-28T20:15:24.051803" elapsed="0.001877"/>
</kw>
<status status="PASS" start="2024-03-28T20:15:24.051146" elapsed="0.002737"/>
</test>
<test id="s1-s1-t2" name="Validar retorno 200 e JSON Válido" line="16">
<kw name="Teste de Requisicao Basica" owner="random-user-service">
<kw name="GET On Session" owner="RequestsLibrary">
<msg time="2024-03-28T20:15:24.151338" level="INFO">GET Request : url=https://randomuser.me/api 
 path_url=/api 
 headers={'User-Agent': 'python-requests/2.31.0', 'Accept-Encoding': 'gzip, deflate', 'Accept': '*/*', 'Connection': 'keep-alive'} 
 body=None 
 </msg>
<msg time="2024-03-28T20:15:24.151485" level="INFO">GET Response : url=https://randomuser.me/api 
 status=200, reason=OK 
 headers={'Date': 'Thu, 28 Mar 2024 20:15:24 GMT', 'Content-Type': 'application/json; charset=utf-8', 'Transfer-Encoding': 'chunked', 'Connection': 'keep-alive', 'X-Powered-By': 'Express', 'Access-Control-Allow-Origin': '*', 'Cache-Control': 'no-cache', 'ETag': 'W/"484-nzksStFkZFx50SAHeV4D7yr/ti4"', 'Vary': 'Accept-Encoding', 'Content-Encoding': 'gzip', 'CF-Cache-Status': 'DYNAMIC', 'Report-To': '{"endpoints":[{"url":"https:\\/\\/a.nel.cloudflare.com\\/report\\/v4?s=GUkLDZ%2Bm5ppdKBY5Ib6f4rOX%2Fcun5uDmvIYbYCz3qHONtnpRZ2NNlbGJZ%2BzyYKVTOveKTRZPPsc%2Bt%2FABWJSR%2FxpKF9F%2FarNc5Z7M9JkvyyFyiKV%2FRsaZfzlX5DGiscTc"}],"group":"cf-nel","max_age":604800}', 'NEL': '{"success_fraction":0,"report_to":"cf-nel","max_age":604800}', 'Server': 'cloudflare', 'CF-RAY': '86ba4abf9fe92426-IAD', 'alt-svc': 'h3=":443"; ma=86400'} 
 body={"results":[{"gender":"male","name":{"title":"Mr","first":"Vilho","last":"Keto"},"location":{"street":{"number":6134,"name":"Hermiankatu"},"city":"Inari","state":"Finland Proper","country":"Finland","postcode":31322,"coordinates":{"latitude":"-21.7526","longitude":"-126.6756"},"timezone":{"offset":"-12:00","description":"Eniwetok, Kwajalein"}},"email":"vilho.keto@example.com","login":{"uuid":"f4093223-0ee5-42d1-91d7-dce39ffa3326","username":"ticklishkoala883","password":"angelina","salt":"d63wj3gu","md5":"121bfb3f9a17cf1364fd2987d1f7b2cd","sha1":"a7f532c787e20ff7b027f7832119440c3beea709","sha256":"aeec373a730b62338065756e5956dd883803fde17efad66f2b9b38f1180bdbfd"},"dob":{"date":"1990-09-24T11:56:29.361Z","age":33},"registered":{"date":"2020-01-20T08:45:06.332Z","age":4},"phone":"06-996-211","cell":"044-027-12-52","id":{"name":"HETU","value":"NaNNA453undefined"},"picture":{"large":"https://randomuser.me/api/portraits/men/21.jpg","medium":"https://randomuser.me/api/portraits/med/men/21.jpg","thumbnail":"https://randomuser.me/api/portraits/thumb/men/21.jpg"},"nat":"FI"}],"info":{"seed":"6c132a4b9c49d646","results":1,"page":1,"version":"1.4"}} 
 </msg>
<msg time="2024-03-28T20:15:24.151587" level="INFO">/opt/hostedtoolcache/Python/3.12.2/x64/lib/python3.12/site-packages/urllib3/connectionpool.py:1103: InsecureRequestWarning: Unverified HTTPS request is being made to host 'randomuser.me'. Adding certificate verification is strongly advised. See: https://urllib3.readthedocs.io/en/latest/advanced-usage.html#tls-warnings
  warnings.warn(</msg>
<msg time="2024-03-28T20:15:24.151726" level="INFO">${response} = &lt;Response [200]&gt;</msg>
<var>${response}</var>
<arg>consultarAPI</arg>
<arg>/api</arg>
<doc>Sends a GET request on a previously created HTTP Session.</doc>
<status status="PASS" start="2024-03-28T20:15:24.056604" elapsed="0.095165"/>
</kw>
<kw name="Should Be Equal As Numbers" owner="BuiltIn">
<msg time="2024-03-28T20:15:24.152796" level="INFO">Argument types are:
&lt;class 'int'&gt;
&lt;class 'str'&gt;</msg>
<arg>${response.status_code}</arg>
<arg>200</arg>
<doc>Fails if objects are unequal after converting them to real numbers.</doc>
<status status="PASS" start="2024-03-28T20:15:24.152334" elapsed="0.000526"/>
</kw>
<kw name="Log" owner="BuiltIn">
<msg time="2024-03-28T20:15:24.153541" level="INFO">200</msg>
<arg>${response.status_code}</arg>
<doc>Logs the given message with the given level.</doc>
<status status="PASS" start="2024-03-28T20:15:24.153181" elapsed="0.000404"/>
</kw>
<kw name="Set Variable" owner="BuiltIn">
<msg time="2024-03-28T20:15:24.154363" level="INFO">${json_data} = {'results': [{'gender': 'male', 'name': {'title': 'Mr', 'first': 'Vilho', 'last': 'Keto'}, 'location': {'street': {'number': 6134, 'name': 'Hermiankatu'}, 'city': 'Inari', 'state': 'Finland Proper', '...</msg>
<var>${json_data}</var>
<arg>${response.json()}</arg>
<doc>Returns the given values which can then be assigned to a variables.</doc>
<status status="PASS" start="2024-03-28T20:15:24.153917" elapsed="0.000474"/>
</kw>
<kw name="Dictionary Should Contain Key" owner="Collections">
<msg time="2024-03-28T20:15:24.154899" level="INFO">False</msg>
<arg>${json_data}</arg>
<arg>results</arg>
<doc>Fails if ``key`` is not found from ``dictionary``.</doc>
<status status="PASS" start="2024-03-28T20:15:24.154727" elapsed="0.000211"/>
</kw>
<status status="PASS" start="2024-03-28T20:15:24.056347" elapsed="0.098852"/>
</kw>
<doc>Testa se a API responde corretamente e retorna um objeto JSON válido.</doc>
<tag>testeRequisicaoBasica</tag>
<status status="PASS" start="2024-03-28T20:15:24.055779" elapsed="0.099610"/>
</test>
<test id="s1-s1-t3" name="Validar estrutura de resposta" line="22">
<kw name="Teste de Estrutura de Resposta" owner="random-user-service">
<kw name="GET On Session" owner="RequestsLibrary">
<msg time="2024-03-28T20:15:24.277276" level="INFO">GET Request : url=https://randomuser.me/api 
 path_url=/api 
 headers={'User-Agent': 'python-requests/2.31.0', 'Accept-Encoding': 'gzip, deflate', 'Accept': '*/*', 'Connection': 'keep-alive'} 
 body=None 
 </msg>
<msg time="2024-03-28T20:15:24.277392" level="INFO">GET Response : url=https://randomuser.me/api 
 status=200, reason=OK 
 headers={'Date': 'Thu, 28 Mar 2024 20:15:24 GMT', 'Content-Type': 'application/json; charset=utf-8', 'Transfer-Encoding': 'chunked', 'Connection': 'keep-alive', 'X-Powered-By': 'Express', 'Access-Control-Allow-Origin': '*', 'Cache-Control': 'no-cache', 'ETag': 'W/"49f-8YWtu6hIzWKRzkG45LSiNuMBxJ0"', 'Vary': 'Accept-Encoding', 'Content-Encoding': 'gzip', 'CF-Cache-Status': 'DYNAMIC', 'Report-To': '{"endpoints":[{"url":"https:\\/\\/a.nel.cloudflare.com\\/report\\/v4?s=QeVgqrkuZeecYbN5aVqBQMP3H7bH6FvW2GDOtaXJ3fxn2ZLTjkvXKx3kOvTxJcQbDLL1rHH8WG54UAr%2F1hFXcZ406lLa3TcOYwuF9QM224MYeWEHo%2BLMkqx4DhxpKz6C"}],"group":"cf-nel","max_age":604800}', 'NEL': '{"success_fraction":0,"report_to":"cf-nel","max_age":604800}', 'Server': 'cloudflare', 'CF-RAY': '86ba4ac008b12426-IAD', 'alt-svc': 'h3=":443"; ma=86400'} 
 body={"results":[{"gender":"female","name":{"title":"Miss","first":"Nevaeh","last":"Carter"},"location":{"street":{"number":217,"name":"Dane St"},"city":"South Valley","state":"Colorado","country":"United States","postcode":44657,"coordinates":{"latitude":"83.6610","longitude":"43.4541"},"timezone":{"offset":"+9:00","description":"Tokyo, Seoul, Osaka, Sapporo, Yakutsk"}},"email":"nevaeh.carter@example.com","login":{"uuid":"b20d02d1-699f-455f-b7a9-0db32e03b9c8","username":"organicbird847","password":"newman","salt":"KJ8ux0BE","md5":"a727727c5ff868750001a04725381a89","sha1":"c5d993df55fc9914da0500871324d152d8fad10c","sha256":"c372038d75ecce63f547218e8d30b7fb9af4b00a0dfe1acf41a0b19cae46a755"},"dob":{"date":"1983-11-11T02:37:30.064Z","age":40},"registered":{"date":"2006-07-31T22:03:42.384Z","age":17},"phone":"(902) 757-5083","cell":"(953) 632-9338","id":{"name":"SSN","value":"183-81-9285"},"picture":{"large":"https://randomuser.me/api/portraits/women/12.jpg","medium":"https://randomuser.me/api/portraits/med/women/12.jpg","thumbnail":"https://randomuser.me/api/portraits/thumb/women/12.jpg"},"nat":"US"}],"info":{"seed":"ffeea15aadf4b60a","results":1,"page":1,"version":"1.4"}} 
 </msg>
<msg time="2024-03-28T20:15:24.277544" level="INFO">/opt/hostedtoolcache/Python/3.12.2/x64/lib/python3.12/site-packages/urllib3/connectionpool.py:1103: InsecureRequestWarning: Unverified HTTPS request is being made to host 'randomuser.me'. Adding certificate verification is strongly advised. See: https://urllib3.readthedocs.io/en/latest/advanced-usage.html#tls-warnings
  warnings.warn(</msg>
<msg time="2024-03-28T20:15:24.277667" level="INFO">${response} = &lt;Response [200]&gt;</msg>
<var>${response}</var>
<arg>consultarAPI</arg>
<arg>/api</arg>
<doc>Sends a GET request on a previously created HTTP Session.</doc>
<status status="PASS" start="2024-03-28T20:15:24.158177" elapsed="0.119521"/>
</kw>
<kw name="Set Variable" owner="BuiltIn">
<msg time="2024-03-28T20:15:24.278809" level="INFO">${json_data} = {'results': [{'gender': 'female', 'name': {'title': 'Miss', 'first': 'Nevaeh', 'last': 'Carter'}, 'location': {'street': {'number': 217, 'name': 'Dane St'}, 'city': 'South Valley', 'state': 'Colorado'...</msg>
<var>${json_data}</var>
<arg>${response.json()}</arg>
<doc>Returns the given values which can then be assigned to a variables.</doc>
<status status="PASS" start="2024-03-28T20:15:24.278237" elapsed="0.000601"/>
</kw>
<kw name="Log" owner="BuiltIn">
<msg time="2024-03-28T20:15:24.279323" level="INFO">{'results': [{'gender': 'female', 'name': {'title': 'Miss', 'first': 'Nevaeh', 'last': 'Carter'}, 'location': {'street': {'number': 217, 'name': 'Dane St'}, 'city': 'South Valley', 'state': 'Colorado', 'country': 'United States', 'postcode': 44657, 'coordinates': {'latitude': '83.6610', 'longitude': '43.4541'}, 'timezone': {'offset': '+9:00', 'description': 'Tokyo, Seoul, Osaka, Sapporo, Yakutsk'}}, 'email': 'nevaeh.carter@example.com', 'login': {'uuid': 'b20d02d1-699f-455f-b7a9-0db32e03b9c8', 'username': 'organicbird847', 'password': 'newman', 'salt': 'KJ8ux0BE', 'md5': 'a727727c5ff868750001a04725381a89', 'sha1': 'c5d993df55fc9914da0500871324d152d8fad10c', 'sha256': 'c372038d75ecce63f547218e8d30b7fb9af4b00a0dfe1acf41a0b19cae46a755'}, 'dob': {'date': '1983-11-11T02:37:30.064Z', 'age': 40}, 'registered': {'date': '2006-07-31T22:03:42.384Z', 'age': 17}, 'phone': '(902) 757-5083', 'cell': '(953) 632-9338', 'id': {'name': 'SSN', 'value': '183-81-9285'}, 'picture': {'large': 'https://randomuser.me/api/portraits/women/12.jpg', 'medium': 'https://randomuser.me/api/portraits/med/women/12.jpg', 'thumbnail': 'https://randomuser.me/api/portraits/thumb/women/12.jpg'}, 'nat': 'US'}], 'info': {'seed': 'ffeea15aadf4b60a', 'results': 1, 'page': 1, 'version': '1.4'}}</msg>
<arg>${json_data}</arg>
<doc>Logs the given message with the given level.</doc>
<status status="PASS" start="2024-03-28T20:15:24.279155" elapsed="0.000217"/>
</kw>
<kw name="Dictionary Should Contain Key" owner="Collections">
<msg time="2024-03-28T20:15:24.279827" level="INFO">False</msg>
<arg>${json_data}</arg>
<arg>results</arg>
<doc>Fails if ``key`` is not found from ``dictionary``.</doc>
<status status="PASS" start="2024-03-28T20:15:24.279669" elapsed="0.000195"/>
</kw>
<kw name="Should Not Be Empty" owner="BuiltIn">
<msg time="2024-03-28T20:15:24.280287" level="INFO">Length is 2.</msg>
<arg>${json_data}</arg>
<doc>Verifies that the given item is not empty.</doc>
<status status="PASS" start="2024-03-28T20:15:24.280157" elapsed="0.000168"/>
</kw>
<kw name="Create List" owner="BuiltIn">
<msg time="2024-03-28T20:15:24.280762" level="INFO">${expected_keys} = ['gender', 'name', 'location', 'email', 'login']</msg>
<var>${expected_keys}</var>
<arg>gender</arg>
<arg>name</arg>
<arg>location</arg>
<arg>email</arg>
<arg>login</arg>
<doc>Returns a list containing given items.</doc>
<status status="PASS" start="2024-03-28T20:15:24.280613" elapsed="0.000173"/>
</kw>
<for flavor="IN">
<iter>
<kw name="Dictionary Should Contain Key" owner="Collections">
<msg time="2024-03-28T20:15:24.281772" level="INFO">False</msg>
<arg>${json_data['results'][0]}</arg>
<arg>${key}</arg>
<doc>Fails if ``key`` is not found from ``dictionary``.</doc>
<status status="PASS" start="2024-03-28T20:15:24.281366" elapsed="0.000446"/>
</kw>
<kw name="Log" owner="BuiltIn">
<msg time="2024-03-28T20:15:24.282499" level="INFO">{'gender': 'female', 'name': {'title': 'Miss', 'first': 'Nevaeh', 'last': 'Carter'}, 'location': {'street': {'number': 217, 'name': 'Dane St'}, 'city': 'South Valley', 'state': 'Colorado', 'country': 'United States', 'postcode': 44657, 'coordinates': {'latitude': '83.6610', 'longitude': '43.4541'}, 'timezone': {'offset': '+9:00', 'description': 'Tokyo, Seoul, Osaka, Sapporo, Yakutsk'}}, 'email': 'nevaeh.carter@example.com', 'login': {'uuid': 'b20d02d1-699f-455f-b7a9-0db32e03b9c8', 'username': 'organicbird847', 'password': 'newman', 'salt': 'KJ8ux0BE', 'md5': 'a727727c5ff868750001a04725381a89', 'sha1': 'c5d993df55fc9914da0500871324d152d8fad10c', 'sha256': 'c372038d75ecce63f547218e8d30b7fb9af4b00a0dfe1acf41a0b19cae46a755'}, 'dob': {'date': '1983-11-11T02:37:30.064Z', 'age': 40}, 'registered': {'date': '2006-07-31T22:03:42.384Z', 'age': 17}, 'phone': '(902) 757-5083', 'cell': '(953) 632-9338', 'id': {'name': 'SSN', 'value': '183-81-9285'}, 'picture': {'large': 'https://randomuser.me/api/portraits/women/12.jpg', 'medium': 'https://randomuser.me/api/portraits/med/women/12.jpg', 'thumbnail': 'https://randomuser.me/api/portraits/thumb/women/12.jpg'}, 'nat': 'US'}</msg>
<arg>${json_data['results'][0]}</arg>
<doc>Logs the given message with the given level.</doc>
<status status="PASS" start="2024-03-28T20:15:24.282119" elapsed="0.000438"/>
</kw>
<kw name="Log" owner="BuiltIn">
<msg time="2024-03-28T20:15:24.283020" level="INFO">gender</msg>
<arg>${key}</arg>
<doc>Logs the given message with the given level.</doc>
<status status="PASS" start="2024-03-28T20:15:24.282888" elapsed="0.000170"/>
</kw>
<var name="${key}">gender</var>
<status status="PASS" start="2024-03-28T20:15:24.281242" elapsed="0.002036"/>
</iter>
<iter>
<kw name="Dictionary Should Contain Key" owner="Collections">
<msg time="2024-03-28T20:15:24.283969" level="INFO">False</msg>
<arg>${json_data['results'][0]}</arg>
<arg>${key}</arg>
<doc>Fails if ``key`` is not found from ``dictionary``.</doc>
<status status="PASS" start="2024-03-28T20:15:24.283582" elapsed="0.000424"/>
</kw>
<kw name="Log" owner="BuiltIn">
<msg time="2024-03-28T20:15:24.284698" level="INFO">{'gender': 'female', 'name': {'title': 'Miss', 'first': 'Nevaeh', 'last': 'Carter'}, 'location': {'street': {'number': 217, 'name': 'Dane St'}, 'city': 'South Valley', 'state': 'Colorado', 'country': 'United States', 'postcode': 44657, 'coordinates': {'latitude': '83.6610', 'longitude': '43.4541'}, 'timezone': {'offset': '+9:00', 'description': 'Tokyo, Seoul, Osaka, Sapporo, Yakutsk'}}, 'email': 'nevaeh.carter@example.com', 'login': {'uuid': 'b20d02d1-699f-455f-b7a9-0db32e03b9c8', 'username': 'organicbird847', 'password': 'newman', 'salt': 'KJ8ux0BE', 'md5': 'a727727c5ff868750001a04725381a89', 'sha1': 'c5d993df55fc9914da0500871324d152d8fad10c', 'sha256': 'c372038d75ecce63f547218e8d30b7fb9af4b00a0dfe1acf41a0b19cae46a755'}, 'dob': {'date': '1983-11-11T02:37:30.064Z', 'age': 40}, 'registered': {'date': '2006-07-31T22:03:42.384Z', 'age': 17}, 'phone': '(902) 757-5083', 'cell': '(953) 632-9338', 'id': {'name': 'SSN', 'value': '183-81-9285'}, 'picture': {'large': 'https://randomuser.me/api/portraits/women/12.jpg', 'medium': 'https://randomuser.me/api/portraits/med/women/12.jpg', 'thumbnail': 'https://randomuser.me/api/portraits/thumb/women/12.jpg'}, 'nat': 'US'}</msg>
<arg>${json_data['results'][0]}</arg>
<doc>Logs the given message with the given level.</doc>
<status status="PASS" start="2024-03-28T20:15:24.284338" elapsed="0.000407"/>
</kw>
<kw name="Log" owner="BuiltIn">
<msg time="2024-03-28T20:15:24.285166" level="INFO">name</msg>
<arg>${key}</arg>
<doc>Logs the given message with the given level.</doc>
<status status="PASS" start="2024-03-28T20:15:24.285040" elapsed="0.000163"/>
</kw>
<var name="${key}">name</var>
<status status="PASS" start="2024-03-28T20:15:24.283468" elapsed="0.001950"/>
</iter>
<iter>
<kw name="Dictionary Should Contain Key" owner="Collections">
<msg time="2024-03-28T20:15:24.286080" level="INFO">False</msg>
<arg>${json_data['results'][0]}</arg>
<arg>${key}</arg>
<doc>Fails if ``key`` is not found from ``dictionary``.</doc>
<status status="PASS" start="2024-03-28T20:15:24.285706" elapsed="0.000411"/>
</kw>
<kw name="Log" owner="BuiltIn">
<msg time="2024-03-28T20:15:24.286828" level="INFO">{'gender': 'female', 'name': {'title': 'Miss', 'first': 'Nevaeh', 'last': 'Carter'}, 'location': {'street': {'number': 217, 'name': 'Dane St'}, 'city': 'South Valley', 'state': 'Colorado', 'country': 'United States', 'postcode': 44657, 'coordinates': {'latitude': '83.6610', 'longitude': '43.4541'}, 'timezone': {'offset': '+9:00', 'description': 'Tokyo, Seoul, Osaka, Sapporo, Yakutsk'}}, 'email': 'nevaeh.carter@example.com', 'login': {'uuid': 'b20d02d1-699f-455f-b7a9-0db32e03b9c8', 'username': 'organicbird847', 'password': 'newman', 'salt': 'KJ8ux0BE', 'md5': 'a727727c5ff868750001a04725381a89', 'sha1': 'c5d993df55fc9914da0500871324d152d8fad10c', 'sha256': 'c372038d75ecce63f547218e8d30b7fb9af4b00a0dfe1acf41a0b19cae46a755'}, 'dob': {'date': '1983-11-11T02:37:30.064Z', 'age': 40}, 'registered': {'date': '2006-07-31T22:03:42.384Z', 'age': 17}, 'phone': '(902) 757-5083', 'cell': '(953) 632-9338', 'id': {'name': 'SSN', 'value': '183-81-9285'}, 'picture': {'large': 'https://randomuser.me/api/portraits/women/12.jpg', 'medium': 'https://randomuser.me/api/portraits/med/women/12.jpg', 'thumbnail': 'https://randomuser.me/api/portraits/thumb/women/12.jpg'}, 'nat': 'US'}</msg>
<arg>${json_data['results'][0]}</arg>
<doc>Logs the given message with the given level.</doc>
<status status="PASS" start="2024-03-28T20:15:24.286415" elapsed="0.000466"/>
</kw>
<kw name="Log" owner="BuiltIn">
<msg time="2024-03-28T20:15:24.287304" level="INFO">location</msg>
<arg>${key}</arg>
<doc>Logs the given message with the given level.</doc>
<status status="PASS" start="2024-03-28T20:15:24.287176" elapsed="0.000166"/>
</kw>
<var name="${key}">location</var>
<status status="PASS" start="2024-03-28T20:15:24.285595" elapsed="0.001963"/>
</iter>
<iter>
<kw name="Dictionary Should Contain Key" owner="Collections">
<msg time="2024-03-28T20:15:24.288218" level="INFO">False</msg>
<arg>${json_data['results'][0]}</arg>
<arg>${key}</arg>
<doc>Fails if ``key`` is not found from ``dictionary``.</doc>
<status status="PASS" start="2024-03-28T20:15:24.287841" elapsed="0.000414"/>
</kw>
<kw name="Log" owner="BuiltIn">
<msg time="2024-03-28T20:15:24.288905" level="INFO">{'gender': 'female', 'name': {'title': 'Miss', 'first': 'Nevaeh', 'last': 'Carter'}, 'location': {'street': {'number': 217, 'name': 'Dane St'}, 'city': 'South Valley', 'state': 'Colorado', 'country': 'United States', 'postcode': 44657, 'coordinates': {'latitude': '83.6610', 'longitude': '43.4541'}, 'timezone': {'offset': '+9:00', 'description': 'Tokyo, Seoul, Osaka, Sapporo, Yakutsk'}}, 'email': 'nevaeh.carter@example.com', 'login': {'uuid': 'b20d02d1-699f-455f-b7a9-0db32e03b9c8', 'username': 'organicbird847', 'password': 'newman', 'salt': 'KJ8ux0BE', 'md5': 'a727727c5ff868750001a04725381a89', 'sha1': 'c5d993df55fc9914da0500871324d152d8fad10c', 'sha256': 'c372038d75ecce63f547218e8d30b7fb9af4b00a0dfe1acf41a0b19cae46a755'}, 'dob': {'date': '1983-11-11T02:37:30.064Z', 'age': 40}, 'registered': {'date': '2006-07-31T22:03:42.384Z', 'age': 17}, 'phone': '(902) 757-5083', 'cell': '(953) 632-9338', 'id': {'name': 'SSN', 'value': '183-81-9285'}, 'picture': {'large': 'https://randomuser.me/api/portraits/women/12.jpg', 'medium': 'https://randomuser.me/api/portraits/med/women/12.jpg', 'thumbnail': 'https://randomuser.me/api/portraits/thumb/women/12.jpg'}, 'nat': 'US'}</msg>
<arg>${json_data['results'][0]}</arg>
<doc>Logs the given message with the given level.</doc>
<status status="PASS" start="2024-03-28T20:15:24.288551" elapsed="0.000399"/>
</kw>
<kw name="Log" owner="BuiltIn">
<msg time="2024-03-28T20:15:24.289369" level="INFO">email</msg>
<arg>${key}</arg>
<doc>Logs the given message with the given level.</doc>
<status status="PASS" start="2024-03-28T20:15:24.289243" elapsed="0.000164"/>
</kw>
<var name="${key}">email</var>
<status status="PASS" start="2024-03-28T20:15:24.287731" elapsed="0.001888"/>
</iter>
<iter>
<kw name="Dictionary Should Contain Key" owner="Collections">
<msg time="2024-03-28T20:15:24.290280" level="INFO">False</msg>
<arg>${json_data['results'][0]}</arg>
<arg>${key}</arg>
<doc>Fails if ``key`` is not found from ``dictionary``.</doc>
<status status="PASS" start="2024-03-28T20:15:24.289899" elapsed="0.000418"/>
</kw>
<kw name="Log" owner="BuiltIn">
<msg time="2024-03-28T20:15:24.291004" level="INFO">{'gender': 'female', 'name': {'title': 'Miss', 'first': 'Nevaeh', 'last': 'Carter'}, 'location': {'street': {'number': 217, 'name': 'Dane St'}, 'city': 'South Valley', 'state': 'Colorado', 'country': 'United States', 'postcode': 44657, 'coordinates': {'latitude': '83.6610', 'longitude': '43.4541'}, 'timezone': {'offset': '+9:00', 'description': 'Tokyo, Seoul, Osaka, Sapporo, Yakutsk'}}, 'email': 'nevaeh.carter@example.com', 'login': {'uuid': 'b20d02d1-699f-455f-b7a9-0db32e03b9c8', 'username': 'organicbird847', 'password': 'newman', 'salt': 'KJ8ux0BE', 'md5': 'a727727c5ff868750001a04725381a89', 'sha1': 'c5d993df55fc9914da0500871324d152d8fad10c', 'sha256': 'c372038d75ecce63f547218e8d30b7fb9af4b00a0dfe1acf41a0b19cae46a755'}, 'dob': {'date': '1983-11-11T02:37:30.064Z', 'age': 40}, 'registered': {'date': '2006-07-31T22:03:42.384Z', 'age': 17}, 'phone': '(902) 757-5083', 'cell': '(953) 632-9338', 'id': {'name': 'SSN', 'value': '183-81-9285'}, 'picture': {'large': 'https://randomuser.me/api/portraits/women/12.jpg', 'medium': 'https://randomuser.me/api/portraits/med/women/12.jpg', 'thumbnail': 'https://randomuser.me/api/portraits/thumb/women/12.jpg'}, 'nat': 'US'}</msg>
<arg>${json_data['results'][0]}</arg>
<doc>Logs the given message with the given level.</doc>
<status status="PASS" start="2024-03-28T20:15:24.290609" elapsed="0.000442"/>
</kw>
<kw name="Log" owner="BuiltIn">
<msg time="2024-03-28T20:15:24.291468" level="INFO">login</msg>
<arg>${key}</arg>
<doc>Logs the given message with the given level.</doc>
<status status="PASS" start="2024-03-28T20:15:24.291340" elapsed="0.000277"/>
</kw>
<var name="${key}">login</var>
<status status="PASS" start="2024-03-28T20:15:24.289786" elapsed="0.002081"/>
</iter>
<var>${key}</var>
<value>@{expected_keys}</value>
<status status="PASS" start="2024-03-28T20:15:24.281049" elapsed="0.010942"/>
</for>
<kw name="Create List" owner="BuiltIn">
<msg time="2024-03-28T20:15:24.292323" level="INFO">${expected_keysTwo} = ['username', 'password']</msg>
<var>${expected_keysTwo}</var>
<arg>username</arg>
<arg>password</arg>
<doc>Returns a list containing given items.</doc>
<status status="PASS" start="2024-03-28T20:15:24.292187" elapsed="0.000159"/>
</kw>
<for flavor="IN">
<iter>
<kw name="Dictionary Should Contain Key" owner="Collections">
<msg time="2024-03-28T20:15:24.293224" level="INFO">False</msg>
<arg>${json_data['results'][0]['login']}</arg>
<arg>${keyTwo}</arg>
<doc>Fails if ``key`` is not found from ``dictionary``.</doc>
<status status="PASS" start="2024-03-28T20:15:24.292844" elapsed="0.000417"/>
</kw>
<kw name="Dictionary Should Contain Key" owner="Collections">
<msg time="2024-03-28T20:15:24.293932" level="INFO">False</msg>
<arg>${json_data['results'][0]['login']}</arg>
<arg>${keyTwo}</arg>
<doc>Fails if ``key`` is not found from ``dictionary``.</doc>
<status status="PASS" start="2024-03-28T20:15:24.293554" elapsed="0.000415"/>
</kw>
<kw name="Log" owner="BuiltIn">
<msg time="2024-03-28T20:15:24.294389" level="INFO">username</msg>
<arg>${keyTwo}</arg>
<doc>Logs the given message with the given level.</doc>
<status status="PASS" start="2024-03-28T20:15:24.294263" elapsed="0.000162"/>
</kw>
<var name="${keyTwo}">username</var>
<status status="PASS" start="2024-03-28T20:15:24.292737" elapsed="0.001926"/>
</iter>
<iter>
<kw name="Dictionary Should Contain Key" owner="Collections">
<msg time="2024-03-28T20:15:24.295330" level="INFO">False</msg>
<arg>${json_data['results'][0]['login']}</arg>
<arg>${keyTwo}</arg>
<doc>Fails if ``key`` is not found from ``dictionary``.</doc>
<status status="PASS" start="2024-03-28T20:15:24.294957" elapsed="0.000410"/>
</kw>
<kw name="Dictionary Should Contain Key" owner="Collections">
<msg time="2024-03-28T20:15:24.296039" level="INFO">False</msg>
<arg>${json_data['results'][0]['login']}</arg>
<arg>${keyTwo}</arg>
<doc>Fails if ``key`` is not found from ``dictionary``.</doc>
<status status="PASS" start="2024-03-28T20:15:24.295660" elapsed="0.000416"/>
</kw>
<kw name="Log" owner="BuiltIn">
<msg time="2024-03-28T20:15:24.296490" level="INFO">password</msg>
<arg>${keyTwo}</arg>
<doc>Logs the given message with the given level.</doc>
<status status="PASS" start="2024-03-28T20:15:24.296364" elapsed="0.000163"/>
</kw>
<var name="${keyTwo}">password</var>
<status status="PASS" start="2024-03-28T20:15:24.294848" elapsed="0.001892"/>
</iter>
<var>${keyTwo}</var>
<value>@{expected_keysTwo}</value>
<status status="PASS" start="2024-03-28T20:15:24.292585" elapsed="0.004275"/>
</for>
<status status="PASS" start="2024-03-28T20:15:24.157935" elapsed="0.139069"/>
</kw>
<doc>Testa a estrutura da resposta da API.</doc>
<tag>testeEstruturaResposta</tag>
<status status="PASS" start="2024-03-28T20:15:24.157225" elapsed="0.139944"/>
</test>
<test id="s1-s1-t4" name="Validar tipos de dados" line="28">
<kw name="Teste de Tipos de Dados" owner="random-user-service">
<kw name="GET On Session" owner="RequestsLibrary">
<msg time="2024-03-28T20:15:24.352180" level="INFO">GET Request : url=https://randomuser.me/api 
 path_url=/api 
 headers={'User-Agent': 'python-requests/2.31.0', 'Accept-Encoding': 'gzip, deflate', 'Accept': '*/*', 'Connection': 'keep-alive'} 
 body=None 
 </msg>
<msg time="2024-03-28T20:15:24.352291" level="INFO">GET Response : url=https://randomuser.me/api 
 status=200, reason=OK 
 headers={'Date': 'Thu, 28 Mar 2024 20:15:24 GMT', 'Content-Type': 'application/json; charset=utf-8', 'Transfer-Encoding': 'chunked', 'Connection': 'keep-alive', 'X-Powered-By': 'Express', 'Access-Control-Allow-Origin': '*', 'Cache-Control': 'no-cache', 'ETag': 'W/"4ab-nN3xFktRe0VUrfF2h0Jgb6l3zHg"', 'Vary': 'Accept-Encoding', 'Content-Encoding': 'gzip', 'CF-Cache-Status': 'DYNAMIC', 'Report-To': '{"endpoints":[{"url":"https:\\/\\/a.nel.cloudflare.com\\/report\\/v4?s=ROcIUMKuAghYBJk0WjcR6kqIGe1QSY0QRtmRIT5TLMxIgereNOzrWzBlrtmXhmeee3C4nIA5n%2BO4g8vDVTLBClGaGbH%2F7BU0330wdqU0Lb2chRLE3VayCtVW0%2B0tHCK1"}],"group":"cf-nel","max_age":604800}', 'NEL': '{"success_fraction":0,"report_to":"cf-nel","max_age":604800}', 'Server': 'cloudflare', 'CF-RAY': '86ba4ac0ea122426-IAD', 'alt-svc': 'h3=":443"; ma=86400'} 
 body={"results":[{"gender":"male","name":{"title":"Mr","first":"Jorge Luis","last":"Carvajal"},"location":{"street":{"number":2516,"name":"Privada Seychelles"},"city":"Jecopaco","state":"Michoacan","country":"Mexico","postcode":52891,"coordinates":{"latitude":"24.4866","longitude":"-176.1903"},"timezone":{"offset":"0:00","description":"Western Europe Time, London, Lisbon, Casablanca"}},"email":"jorgeluis.carvajal@example.com","login":{"uuid":"8374d677-deb3-4357-a6b8-025bc2c6ffdd","username":"sadlion152","password":"hans","salt":"Z4QmlwCO","md5":"bddc78bc59c9e8ff45f1300b0fbc3e53","sha1":"f2d553eba52f9d6ef0f58c45ca36cd7506386c30","sha256":"c283eba5af1673f25122cd030d7549dc706e6099ce0e030d2f1db513e8ca3618"},"dob":{"date":"1955-01-05T20:06:08.050Z","age":69},"registered":{"date":"2008-11-12T19:44:40.999Z","age":15},"phone":"(671) 749 9883","cell":"(633) 177 6409","id":{"name":"NSS","value":"49 68 60 8169 5"},"picture":{"large":"https://randomuser.me/api/portraits/men/71.jpg","medium":"https://randomuser.me/api/portraits/med/men/71.jpg","thumbnail":"https://randomuser.me/api/portraits/thumb/men/71.jpg"},"nat":"MX"}],"info":{"seed":"b62e0f50c71d12d9","results":1,"page":1,"version":"1.4"}} 
 </msg>
<msg time="2024-03-28T20:15:24.352370" level="INFO">/opt/hostedtoolcache/Python/3.12.2/x64/lib/python3.12/site-packages/urllib3/connectionpool.py:1103: InsecureRequestWarning: Unverified HTTPS request is being made to host 'randomuser.me'. Adding certificate verification is strongly advised. See: https://urllib3.readthedocs.io/en/latest/advanced-usage.html#tls-warnings
  warnings.warn(</msg>
<msg time="2024-03-28T20:15:24.352503" level="INFO">${response} = &lt;Response [200]&gt;</msg>
<var>${response}</var>
<arg>consultarAPI</arg>
<arg>/api</arg>
<doc>Sends a GET request on a previously created HTTP Session.</doc>
<status status="PASS" start="2024-03-28T20:15:24.299667" elapsed="0.052873"/>
</kw>
<kw name="Set Variable" owner="BuiltIn">
<msg time="2024-03-28T20:15:24.353605" level="INFO">${json_data} = {'results': [{'gender': 'male', 'name': {'title': 'Mr', 'first': 'Jorge Luis', 'last': 'Carvajal'}, 'location': {'street': {'number': 2516, 'name': 'Privada Seychelles'}, 'city': 'Jecopaco', 'state': ...</msg>
<var>${json_data}</var>
<arg>${response.json()}</arg>
<doc>Returns the given values which can then be assigned to a variables.</doc>
<status status="PASS" start="2024-03-28T20:15:24.353088" elapsed="0.000546"/>
</kw>
<kw name="Log" owner="BuiltIn">
<msg time="2024-03-28T20:15:24.354129" level="INFO">{'results': [{'gender': 'male', 'name': {'title': 'Mr', 'first': 'Jorge Luis', 'last': 'Carvajal'}, 'location': {'street': {'number': 2516, 'name': 'Privada Seychelles'}, 'city': 'Jecopaco', 'state': 'Michoacan', 'country': 'Mexico', 'postcode': 52891, 'coordinates': {'latitude': '24.4866', 'longitude': '-176.1903'}, 'timezone': {'offset': '0:00', 'description': 'Western Europe Time, London, Lisbon, Casablanca'}}, 'email': 'jorgeluis.carvajal@example.com', 'login': {'uuid': '8374d677-deb3-4357-a6b8-025bc2c6ffdd', 'username': 'sadlion152', 'password': 'hans', 'salt': 'Z4QmlwCO', 'md5': 'bddc78bc59c9e8ff45f1300b0fbc3e53', 'sha1': 'f2d553eba52f9d6ef0f58c45ca36cd7506386c30', 'sha256': 'c283eba5af1673f25122cd030d7549dc706e6099ce0e030d2f1db513e8ca3618'}, 'dob': {'date': '1955-01-05T20:06:08.050Z', 'age': 69}, 'registered': {'date': '2008-11-12T19:44:40.999Z', 'age': 15}, 'phone': '(671) 749 9883', 'cell': '(633) 177 6409', 'id': {'name': 'NSS', 'value': '49 68 60 8169 5'}, 'picture': {'large': 'https://randomuser.me/api/portraits/men/71.jpg', 'medium': 'https://randomuser.me/api/portraits/med/men/71.jpg', 'thumbnail': 'https://randomuser.me/api/portraits/thumb/men/71.jpg'}, 'nat': 'MX'}], 'info': {'seed': 'b62e0f50c71d12d9', 'results': 1, 'page': 1, 'version': '1.4'}}</msg>
<arg>${json_data}</arg>
<doc>Logs the given message with the given level.</doc>
<status status="PASS" start="2024-03-28T20:15:24.353968" elapsed="0.000253"/>
</kw>
<kw name="Should Be String" owner="String">
<arg>${json_data['results'][0]['gender']}</arg>
<doc>Fails if the given ``item`` is not a string.</doc>
<status status="PASS" start="2024-03-28T20:15:24.354524" elapsed="0.000424"/>
</kw>
<kw name="Should Match Regexp" owner="BuiltIn">
<arg>${json_data['results'][0]['email']}</arg>
<arg>^[a-zA-Z0-9._%+-]+@[a-zA-Z0-9.-]+\.[a-zA-Z]{2,}$</arg>
<doc>Fails if ``string`` does not match ``pattern`` as a regular expression.</doc>
<status status="PASS" start="2024-03-28T20:15:24.355145" elapsed="0.000515"/>
</kw>
<kw name="Should Match Regexp" owner="BuiltIn">
<arg>${json_data['results'][0]['dob']['date']}</arg>
<arg>\\d{4}-\\d{2}-\\d{2}T\\d{2}:\\d{2}:\\d{2}\\.\\d{3}Z</arg>
<doc>Fails if ``string`` does not match ``pattern`` as a regular expression.</doc>
<status status="PASS" start="2024-03-28T20:15:24.355857" elapsed="0.000501"/>
</kw>
<kw name="Should Match Regexp" owner="BuiltIn">
<arg>${json_data['results'][0]['registered']['date']}</arg>
<arg>\\d{4}-\\d{2}-\\d{2}T\\d{2}:\\d{2}:\\d{2}\\.\\d{3}Z</arg>
<doc>Fails if ``string`` does not match ``pattern`` as a regular expression.</doc>
<status status="PASS" start="2024-03-28T20:15:24.356550" elapsed="0.000367"/>
</kw>
<kw name="Should Match Regexp" owner="BuiltIn">
<arg>${json_data['results'][0]['picture']['large']}</arg>
<arg>^https?://.*\.(?:png|jpe?g|gif|bmp)$</arg>
<doc>Fails if ``string`` does not match ``pattern`` as a regular expression.</doc>
<status status="PASS" start="2024-03-28T20:15:24.357102" elapsed="0.000460"/>
</kw>
<kw name="Should Match Regexp" owner="BuiltIn">
<arg>${json_data['results'][0]['picture']['medium']}</arg>
<arg>^https?://.*\.(?:png|jpe?g|gif|bmp)$</arg>
<doc>Fails if ``string`` does not match ``pattern`` as a regular expression.</doc>
<status status="PASS" start="2024-03-28T20:15:24.357749" elapsed="0.000351"/>
</kw>
<kw name="Should Match Regexp" owner="BuiltIn">
<arg>${json_data['results'][0]['picture']['thumbnail']}</arg>
<arg>^https?://.*\.(?:png|jpe?g|gif|bmp)$</arg>
<doc>Fails if ``string`` does not match ``pattern`` as a regular expression.</doc>
<status status="PASS" start="2024-03-28T20:15:24.358280" elapsed="0.000367"/>
</kw>
<kw name="Log" owner="BuiltIn">
<msg time="2024-03-28T20:15:24.359166" level="INFO">{'large': 'https://randomuser.me/api/portraits/men/71.jpg', 'medium': 'https://randomuser.me/api/portraits/med/men/71.jpg', 'thumbnail': 'https://randomuser.me/api/portraits/thumb/men/71.jpg'}</msg>
<arg>${json_data['results'][0]['picture']}</arg>
<doc>Logs the given message with the given level.</doc>
<status status="PASS" start="2024-03-28T20:15:24.358836" elapsed="0.000377"/>
</kw>
<status status="PASS" start="2024-03-28T20:15:24.299437" elapsed="0.060057"/>
</kw>
<kw name="Teste de Tipos de Dados - Postcode" owner="random-user-service">
<kw name="GET On Session" owner="RequestsLibrary">
<msg time="2024-03-28T20:15:24.443440" level="INFO">GET Request : url=https://randomuser.me/api 
 path_url=/api 
 headers={'User-Agent': 'python-requests/2.31.0', 'Accept-Encoding': 'gzip, deflate', 'Accept': '*/*', 'Connection': 'keep-alive'} 
 body=None 
 </msg>
<msg time="2024-03-28T20:15:24.443551" level="INFO">GET Response : url=https://randomuser.me/api 
 status=200, reason=OK 
 headers={'Date': 'Thu, 28 Mar 2024 20:15:24 GMT', 'Content-Type': 'application/json; charset=utf-8', 'Transfer-Encoding': 'chunked', 'Connection': 'keep-alive', 'X-Powered-By': 'Express', 'Access-Control-Allow-Origin': '*', 'Cache-Control': 'no-cache', 'ETag': 'W/"486-cRbquWJ0rn4GbNB3OtR0yoj/ZLY"', 'Vary': 'Accept-Encoding', 'Content-Encoding': 'gzip', 'CF-Cache-Status': 'DYNAMIC', 'Report-To': '{"endpoints":[{"url":"https:\\/\\/a.nel.cloudflare.com\\/report\\/v4?s=deh54QGMwdTbuoGZuaCAelpIYkeR9ADvQopHbKojLrgn5xIFnuWLGR2xmUf4s2ZHZj52pqKxKYmdqgkcO49uBOf4pD4DtC%2BNzhZlhPA6Tw4MII7c3Pv4I9f%2FLhs7fD6Q"}],"group":"cf-nel","max_age":604800}', 'NEL': '{"success_fraction":0,"report_to":"cf-nel","max_age":604800}', 'Server': 'cloudflare', 'CF-RAY': '86ba4ac14a9f2426-IAD', 'alt-svc': 'h3=":443"; ma=86400'} 
 body={"results":[{"gender":"female","name":{"title":"Miss","first":"Karla","last":"Christiansen"},"location":{"street":{"number":4893,"name":"Valdemarsvej"},"city":"Sønder Stenderup","state":"Syddanmark","country":"Denmark","postcode":25725,"coordinates":{"latitude":"-44.0188","longitude":"99.1014"},"timezone":{"offset":"-9:00","description":"Alaska"}},"email":"karla.christiansen@example.com","login":{"uuid":"72217edf-2028-4739-ab71-26eeb4a3e955","username":"beautifuldog469","password":"italia","salt":"bjFBoIQT","md5":"70a67acb87ca6d42a25f2888bc0291ad","sha1":"0e51357a76f6705b4592ea94e60e70cf096ec802","sha256":"c4301bdf68d2fe68024a344e0b658f7599128802bcfafad1ae24d36ea41d041c"},"dob":{"date":"1996-09-30T18:51:20.635Z","age":27},"registered":{"date":"2020-09-22T19:17:35.742Z","age":3},"phone":"26295335","cell":"79006579","id":{"name":"CPR","value":"300996-7548"},"picture":{"large":"https://randomuser.me/api/portraits/women/69.jpg","medium":"https://randomuser.me/api/portraits/med/women/69.jpg","thumbnail":"https://randomuser.me/api/portraits/thumb/women/69.jpg"},"nat":"DK"}],"info":{"seed":"a251ed1ebebb8819","results":1,"page":1,"version":"1.4"}} 
 </msg>
<msg time="2024-03-28T20:15:24.443651" level="INFO">/opt/hostedtoolcache/Python/3.12.2/x64/lib/python3.12/site-packages/urllib3/connectionpool.py:1103: InsecureRequestWarning: Unverified HTTPS request is being made to host 'randomuser.me'. Adding certificate verification is strongly advised. See: https://urllib3.readthedocs.io/en/latest/advanced-usage.html#tls-warnings
  warnings.warn(</msg>
<msg time="2024-03-28T20:15:24.443783" level="INFO">${response} = &lt;Response [200]&gt;</msg>
<var>${response}</var>
<arg>consultarAPI</arg>
<arg>/api</arg>
<doc>Sends a GET request on a previously created HTTP Session.</doc>
<status status="PASS" start="2024-03-28T20:15:24.360139" elapsed="0.083671"/>
</kw>
<kw name="Set Variable" owner="BuiltIn">
<msg time="2024-03-28T20:15:24.444915" level="INFO">${json_data} = {'results': [{'gender': 'female', 'name': {'title': 'Miss', 'first': 'Karla', 'last': 'Christiansen'}, 'location': {'street': {'number': 4893, 'name': 'Valdemarsvej'}, 'city': 'Sønder Stenderup', 'sta...</msg>
<var>${json_data}</var>
<arg>${response.json()}</arg>
<doc>Returns the given values which can then be assigned to a variables.</doc>
<status status="PASS" start="2024-03-28T20:15:24.444405" elapsed="0.000539"/>
</kw>
<kw name="Log" owner="BuiltIn">
<msg time="2024-03-28T20:15:24.445407" level="INFO">{'results': [{'gender': 'female', 'name': {'title': 'Miss', 'first': 'Karla', 'last': 'Christiansen'}, 'location': {'street': {'number': 4893, 'name': 'Valdemarsvej'}, 'city': 'Sønder Stenderup', 'state': 'Syddanmark', 'country': 'Denmark', 'postcode': 25725, 'coordinates': {'latitude': '-44.0188', 'longitude': '99.1014'}, 'timezone': {'offset': '-9:00', 'description': 'Alaska'}}, 'email': 'karla.christiansen@example.com', 'login': {'uuid': '72217edf-2028-4739-ab71-26eeb4a3e955', 'username': 'beautifuldog469', 'password': 'italia', 'salt': 'bjFBoIQT', 'md5': '70a67acb87ca6d42a25f2888bc0291ad', 'sha1': '0e51357a76f6705b4592ea94e60e70cf096ec802', 'sha256': 'c4301bdf68d2fe68024a344e0b658f7599128802bcfafad1ae24d36ea41d041c'}, 'dob': {'date': '1996-09-30T18:51:20.635Z', 'age': 27}, 'registered': {'date': '2020-09-22T19:17:35.742Z', 'age': 3}, 'phone': '26295335', 'cell': '79006579', 'id': {'name': 'CPR', 'value': '300996-7548'}, 'picture': {'large': 'https://randomuser.me/api/portraits/women/69.jpg', 'medium': 'https://randomuser.me/api/portraits/med/women/69.jpg', 'thumbnail': 'https://randomuser.me/api/portraits/thumb/women/69.jpg'}, 'nat': 'DK'}], 'info': {'seed': 'a251ed1ebebb8819', 'results': 1, 'page': 1, 'version': '1.4'}}</msg>
<arg>${json_data}</arg>
<doc>Logs the given message with the given level.</doc>
<status status="PASS" start="2024-03-28T20:15:24.445252" elapsed="0.000239"/>
</kw>
<kw name="Should Be Equal As Numbers" owner="BuiltIn">
<arg>${json_data['results'][0]['location']['postcode']}</arg>
<arg>${json_data['results'][0]['location']['postcode']}</arg>
<doc>Fails if objects are unequal after converting them to real numbers.</doc>
<status status="PASS" start="2024-03-28T20:15:24.445797" elapsed="0.000629"/>
</kw>
<kw name="Log" owner="BuiltIn">
<msg time="2024-03-28T20:15:24.447004" level="INFO">25725</msg>
<arg>${json_data['results'][0]['location']['postcode']}</arg>
<doc>Logs the given message with the given level.</doc>
<status status="PASS" start="2024-03-28T20:15:24.446618" elapsed="0.000426"/>
</kw>
<status status="PASS" start="2024-03-28T20:15:24.359740" elapsed="0.087561"/>
</kw>
<doc>Testa se os tipos de dados na resposta da API estão corretos.</doc>
<tag>testeTiposDados</tag>
<status status="PASS" start="2024-03-28T20:15:24.298922" elapsed="0.148552"/>
</test>
<test id="s1-s1-t5" name="Validar conteudo" line="35">
<kw name="Teste de Tipos de Conteudo" owner="random-user-service">
<kw name="GET On Session" owner="RequestsLibrary">
<msg time="2024-03-28T20:15:24.549842" level="INFO">GET Request : url=https://randomuser.me/api 
 path_url=/api 
 headers={'User-Agent': 'python-requests/2.31.0', 'Accept-Encoding': 'gzip, deflate', 'Accept': '*/*', 'Connection': 'keep-alive'} 
 body=None 
 </msg>
<msg time="2024-03-28T20:15:24.549952" level="INFO">GET Response : url=https://randomuser.me/api 
 status=200, reason=OK 
 headers={'Date': 'Thu, 28 Mar 2024 20:15:24 GMT', 'Content-Type': 'application/json; charset=utf-8', 'Transfer-Encoding': 'chunked', 'Connection': 'keep-alive', 'X-Powered-By': 'Express', 'Access-Control-Allow-Origin': '*', 'Cache-Control': 'no-cache', 'ETag': 'W/"4a8-JfSar1b7+PFRnfUfdlkaJe+ED1k"', 'Vary': 'Accept-Encoding', 'Content-Encoding': 'gzip', 'CF-Cache-Status': 'DYNAMIC', 'Report-To': '{"endpoints":[{"url":"https:\\/\\/a.nel.cloudflare.com\\/report\\/v4?s=YOOe%2FB9wtAaqFyFXzlcDtXlNy8uX1eurSRQGiYlNa7LMgZ1acsjkClymmJB7XWSCEzJzdmeuzfuy1oTOkj%2BayfS9A3YwKfv6qYG%2FXbt1zDyHCHpBvAMbISCPUM6GVGV%2B"}],"group":"cf-nel","max_age":604800}', 'NEL': '{"success_fraction":0,"report_to":"cf-nel","max_age":604800}', 'Server': 'cloudflare', 'CF-RAY': '86ba4ac1db952426-IAD', 'alt-svc': 'h3=":443"; ma=86400'} 
 body={"results":[{"gender":"male","name":{"title":"Mr","first":"اميرعلي","last":"صدر"},"location":{"street":{"number":6538,"name":"شهید کامبیز خشی"},"city":"سبزوار","state":"خراسان رضوی","country":"Iran","postcode":72460,"coordinates":{"latitude":"14.5182","longitude":"-113.5541"},"timezone":{"offset":"+3:00","description":"Baghdad, Riyadh, Moscow, St. Petersburg"}},"email":"myraaly.sdr@example.com","login":{"uuid":"269a884b-e51e-4064-b45f-ed4cacbdfc17","username":"greenzebra930","password":"doors","salt":"4xg4cAsD","md5":"7d4abb303d4c41c8131ddc9f2b6cd7b0","sha1":"3210cd63b845cd069bc56a855eb862261c5e995f","sha256":"4902465dc65bb0fefca13c749739d8556f5c4af5b81952f1f30be5b898b3adbd"},"dob":{"date":"1992-12-11T00:43:20.051Z","age":31},"registered":{"date":"2007-08-15T07:05:08.503Z","age":16},"phone":"068-78970471","cell":"0989-872-7653","id":{"name":"","value":null},"picture":{"large":"https://randomuser.me/api/portraits/men/78.jpg","medium":"https://randomuser.me/api/portraits/med/men/78.jpg","thumbnail":"https://randomuser.me/api/portraits/thumb/men/78.jpg"},"nat":"IR"}],"info":{"seed":"f5ecc879ad957d70","results":1,"page":1,"version":"1.4"}} 
 </msg>
<msg time="2024-03-28T20:15:24.550022" level="INFO">/opt/hostedtoolcache/Python/3.12.2/x64/lib/python3.12/site-packages/urllib3/connectionpool.py:1103: InsecureRequestWarning: Unverified HTTPS request is being made to host 'randomuser.me'. Adding certificate verification is strongly advised. See: https://urllib3.readthedocs.io/en/latest/advanced-usage.html#tls-warnings
  warnings.warn(</msg>
<msg time="2024-03-28T20:15:24.550140" level="INFO">${response} = &lt;Response [200]&gt;</msg>
<var>${response}</var>
<arg>consultarAPI</arg>
<arg>/api</arg>
<doc>Sends a GET request on a previously created HTTP Session.</doc>
<status status="PASS" start="2024-03-28T20:15:24.449953" elapsed="0.100221"/>
</kw>
<kw name="Set Variable" owner="BuiltIn">
<msg time="2024-03-28T20:15:24.551313" level="INFO">${json_data} = {'results': [{'gender': 'male', 'name': {'title': 'Mr', 'first': 'اميرعلي', 'last': 'صدر'}, 'location': {'street': {'number': 6538, 'name': 'شهید کامبیز خشی'}, 'city': 'سبزوار', 'state': 'خراسان رضوی'...</msg>
<var>${json_data}</var>
<arg>${response.json()}</arg>
<doc>Returns the given values which can then be assigned to a variables.</doc>
<status status="PASS" start="2024-03-28T20:15:24.550770" elapsed="0.000574"/>
</kw>
<kw name="Set Variable" owner="BuiltIn">
<msg time="2024-03-28T20:15:24.552052" level="INFO">${name_title} = Mr</msg>
<var>${name_title}</var>
<arg>${json_data["results"][0]["name"]["title"]}</arg>
<doc>Returns the given values which can then be assigned to a variables.</doc>
<status status="PASS" start="2024-03-28T20:15:24.551661" elapsed="0.000418"/>
</kw>
<kw name="Create List" owner="BuiltIn">
<msg time="2024-03-28T20:15:24.552531" level="INFO">${allowed_titles} = ['Mr', 'Ms', 'Miss', 'Mrs', 'Madame', 'Monsieur']</msg>
<var>${allowed_titles}</var>
<arg>Mr</arg>
<arg>Ms</arg>
<arg>Miss</arg>
<arg>Mrs</arg>
<arg>Madame</arg>
<arg>Monsieur</arg>
<doc>Returns a list containing given items.</doc>
<status status="PASS" start="2024-03-28T20:15:24.552380" elapsed="0.000175"/>
</kw>
<kw name="List Should Contain Value" owner="Collections">
<msg time="2024-03-28T20:15:24.553040" level="INFO">False</msg>
<arg>${allowed_titles}</arg>
<arg>${name_title}</arg>
<doc>Fails if the ``value`` is not found from ``list``.</doc>
<status status="PASS" start="2024-03-28T20:15:24.552862" elapsed="0.000222"/>
</kw>
<kw name="Set Variable" owner="BuiltIn">
<msg time="2024-03-28T20:15:24.553761" level="INFO">${name_country} = IR</msg>
<var>${name_country}</var>
<arg>${json_data["results"][0]["nat"]}</arg>
<doc>Returns the given values which can then be assigned to a variables.</doc>
<status status="PASS" start="2024-03-28T20:15:24.553373" elapsed="0.000414"/>
</kw>
<kw name="Create List" owner="BuiltIn">
<msg time="2024-03-28T20:15:24.554743" level="INFO">${list_country} = ['AD', 'AE', 'AF', 'AG', 'AI', 'AL', 'AM', 'AO', 'AQ', 'AR', 'AS', 'AT', 'AU', 'AW', 'AX', 'AZ', 'BA', 'BB', 'BD', 'BE', 'BF', 'BG', 'BH', 'BI', 'BJ', 'BL', 'BM', 'BN', 'BO', 'BQ', 'BR', 'BS', 'BT', '...</msg>
<var>${list_country}</var>
<arg>AD</arg>
<arg>AE</arg>
<arg>AF</arg>
<arg>AG</arg>
<arg>AI</arg>
<arg>AL</arg>
<arg>AM</arg>
<arg>AO</arg>
<arg>AQ</arg>
<arg>AR</arg>
<arg>AS</arg>
<arg>AT</arg>
<arg>AU</arg>
<arg>AW</arg>
<arg>AX</arg>
<arg>AZ</arg>
<arg>BA</arg>
<arg>BB</arg>
<arg>BD</arg>
<arg>BE</arg>
<arg>BF</arg>
<arg>BG</arg>
<arg>BH</arg>
<arg>BI</arg>
<arg>BJ</arg>
<arg>BL</arg>
<arg>BM</arg>
<arg>BN</arg>
<arg>BO</arg>
<arg>BQ</arg>
<arg>BR</arg>
<arg>BS</arg>
<arg>BT</arg>
<arg>BV</arg>
<arg>BW</arg>
<arg>BY</arg>
<arg>BZ</arg>
<arg>CA</arg>
<arg>CC</arg>
<arg>CD</arg>
<arg>CF</arg>
<arg>CG</arg>
<arg>CH</arg>
<arg>CI</arg>
<arg>CK</arg>
<arg>CL</arg>
<arg>CM</arg>
<arg>CN</arg>
<arg>CO</arg>
<arg>CR</arg>
<arg>CU</arg>
<arg>CV</arg>
<arg>CW</arg>
<arg>CX</arg>
<arg>CY</arg>
<arg>CZ</arg>
<arg>DE</arg>
<arg>DJ</arg>
<arg>DK</arg>
<arg>DM</arg>
<arg>DO</arg>
<arg>DZ</arg>
<arg>EC</arg>
<arg>EE</arg>
<arg>EG</arg>
<arg>EH</arg>
<arg>ER</arg>
<arg>ES</arg>
<arg>ET</arg>
<arg>FI</arg>
<arg>FJ</arg>
<arg>FK</arg>
<arg>FM</arg>
<arg>FO</arg>
<arg>FR</arg>
<arg>GA</arg>
<arg>GB</arg>
<arg>GD</arg>
<arg>GE</arg>
<arg>GF</arg>
<arg>GG</arg>
<arg>GH</arg>
<arg>GI</arg>
<arg>GL</arg>
<arg>GM</arg>
<arg>GN</arg>
<arg>GP</arg>
<arg>GQ</arg>
<arg>GR</arg>
<arg>GS</arg>
<arg>GT</arg>
<arg>GU</arg>
<arg>GW</arg>
<arg>GY</arg>
<arg>HK</arg>
<arg>HM</arg>
<arg>HN</arg>
<arg>HR</arg>
<arg>HT</arg>
<arg>HU</arg>
<arg>ID</arg>
<arg>IE</arg>
<arg>IL</arg>
<arg>IM</arg>
<arg>IN</arg>
<arg>IO</arg>
<arg>IQ</arg>
<arg>IR</arg>
<arg>IS</arg>
<arg>IT</arg>
<arg>JE</arg>
<arg>JM</arg>
<arg>JO</arg>
<arg>JP</arg>
<arg>KE</arg>
<arg>KG</arg>
<arg>KH</arg>
<arg>KI</arg>
<arg>KM</arg>
<arg>KN</arg>
<arg>KP</arg>
<arg>KR</arg>
<arg>KW</arg>
<arg>KY</arg>
<arg>KZ</arg>
<arg>LA</arg>
<arg>LB</arg>
<arg>LC</arg>
<arg>LI</arg>
<arg>LK</arg>
<arg>LR</arg>
<arg>LS</arg>
<arg>LT</arg>
<arg>LU</arg>
<arg>LV</arg>
<arg>LY</arg>
<arg>MA</arg>
<arg>MC</arg>
<arg>MD</arg>
<arg>ME</arg>
<arg>MF</arg>
<arg>MG</arg>
<arg>MH</arg>
<arg>MK</arg>
<arg>ML</arg>
<arg>MM</arg>
<arg>MN</arg>
<arg>MO</arg>
<arg>MP</arg>
<arg>MQ</arg>
<arg>MR</arg>
<arg>MS</arg>
<arg>MT</arg>
<arg>MU</arg>
<arg>MV</arg>
<arg>MW</arg>
<arg>MX</arg>
<arg>MY</arg>
<arg>MZ</arg>
<arg>NA</arg>
<arg>NC</arg>
<arg>NE</arg>
<arg>NF</arg>
<arg>NG</arg>
<arg>NI</arg>
<arg>NL</arg>
<arg>NO</arg>
<arg>NP</arg>
<arg>NR</arg>
<arg>NU</arg>
<arg>NZ</arg>
<arg>OM</arg>
<arg>PA</arg>
<arg>PE</arg>
<arg>PF</arg>
<arg>PG</arg>
<arg>PH</arg>
<arg>PK</arg>
<arg>PL</arg>
<arg>PM</arg>
<arg>PN</arg>
<arg>PR</arg>
<arg>PS</arg>
<arg>PT</arg>
<arg>PW</arg>
<arg>PY</arg>
<arg>QA</arg>
<arg>RE</arg>
<arg>RO</arg>
<arg>RS</arg>
<arg>RU</arg>
<arg>RW</arg>
<arg>SA</arg>
<arg>SB</arg>
<arg>SC</arg>
<arg>SD</arg>
<arg>SE</arg>
<arg>SG</arg>
<arg>SH</arg>
<arg>SI</arg>
<arg>SJ</arg>
<arg>SK</arg>
<arg>SL</arg>
<arg>SM</arg>
<arg>SN</arg>
<arg>SO</arg>
<arg>SR</arg>
<arg>SS</arg>
<arg>ST</arg>
<arg>SV</arg>
<arg>SX</arg>
<arg>SY</arg>
<arg>SZ</arg>
<arg>TC</arg>
<arg>TD</arg>
<arg>TF</arg>
<arg>TG</arg>
<arg>TH</arg>
<arg>TJ</arg>
<arg>TK</arg>
<arg>TL</arg>
<arg>TM</arg>
<arg>TN</arg>
<arg>TO</arg>
<arg>TR</arg>
<arg>TT</arg>
<arg>TV</arg>
<arg>TW</arg>
<arg>TZ</arg>
<arg>UA</arg>
<arg>UG</arg>
<arg>UM</arg>
<arg>US</arg>
<arg>UY</arg>
<arg>UZ</arg>
<arg>VA</arg>
<arg>VC</arg>
<arg>VE</arg>
<arg>VG</arg>
<arg>VI</arg>
<arg>VN</arg>
<arg>VU</arg>
<arg>WF</arg>
<arg>WS</arg>
<arg>XK</arg>
<arg>YE</arg>
<arg>YT</arg>
<arg>ZA</arg>
<arg>ZM</arg>
<arg>ZW</arg>
<doc>Returns a list containing given items.</doc>
<status status="PASS" start="2024-03-28T20:15:24.554112" elapsed="0.000657"/>
</kw>
<kw name="List Should Contain Value" owner="Collections">
<msg time="2024-03-28T20:15:24.555927" level="INFO">False</msg>
<arg>${list_country}</arg>
<arg>${name_country}</arg>
<doc>Fails if the ``value`` is not found from ``list``.</doc>
<status status="PASS" start="2024-03-28T20:15:24.555715" elapsed="0.000250"/>
</kw>
<kw name="Run Keyword If" owner="BuiltIn">
<kw name="Should Be True" owner="BuiltIn">
<arg>${True}</arg>
<doc>Fails if the given condition is not true.</doc>
<status status="PASS" start="2024-03-28T20:15:24.557049" elapsed="0.000148"/>
</kw>
<arg>${json_data["results"][0]["location"]["coordinates"]["latitude"]} &gt;= -90 and ${json_data["results"][0]["location"]["coordinates"]["latitude"]} &lt;= 90</arg>
<arg>Should Be True</arg>
<arg>${True}</arg>
<doc>Runs the given keyword with the given arguments, if ``condition`` is true.</doc>
<status status="PASS" start="2024-03-28T20:15:24.556287" elapsed="0.001040"/>
</kw>
<kw name="Run Keyword If" owner="BuiltIn">
<kw name="Should Be True" owner="BuiltIn">
<arg>${True}</arg>
<doc>Fails if the given condition is not true.</doc>
<status status="PASS" start="2024-03-28T20:15:24.558216" elapsed="0.000139"/>
</kw>
<arg>${json_data["results"][0]["location"]["coordinates"]["longitude"]} &gt;= -180 and ${json_data["results"][0]["location"]["coordinates"]["longitude"]} &lt;= 180</arg>
<arg>Should Be True</arg>
<arg>${True}</arg>
<doc>Runs the given keyword with the given arguments, if ``condition`` is true.</doc>
<status status="PASS" start="2024-03-28T20:15:24.557517" elapsed="0.000962"/>
</kw>
<status status="PASS" start="2024-03-28T20:15:24.449722" elapsed="0.108891"/>
</kw>
<doc>Testa o conteúdo específico dos campos retornados pela API.</doc>
<tag>testeConteudo</tag>
<status status="PASS" start="2024-03-28T20:15:24.449207" elapsed="0.109624"/>
</test>
<status status="PASS" start="2024-03-28T20:15:23.737820" elapsed="0.822974"/>
</suite>
<status status="PASS" start="2024-03-28T20:15:23.723927" elapsed="0.842388"/>
</suite>
<statistics>
<total>
<stat pass="5" fail="0" skip="0">All Tests</stat>
</total>
<tag>
<stat pass="1" fail="0" skip="0">testeConteudo</stat>
<stat pass="1" fail="0" skip="0">testeEstruturaResposta</stat>
<stat pass="1" fail="0" skip="0">testeRequisicaoBasica</stat>
<stat pass="1" fail="0" skip="0">testeTiposDados</stat>
</tag>
<suite>
<stat pass="5" fail="0" skip="0" id="s1" name="Tests">Tests</stat>
<stat pass="5" fail="0" skip="0" id="s1-s1" name="Random-User-Test">Tests.Random-User-Test</stat>
</suite>
</statistics>
<errors>
</errors>
</robot>
