<?xml version="1.0" encoding="UTF-8"?>
<robot generator="Robot 7.0 (Python 3.12.3 on linux)" generated="2024-06-08T15:15:13.172067" rpa="false" schemaversion="5">
<suite id="s1" name="Tests" source="/home/runner/work/ApiRandomUser/ApiRandomUser/RamdonUser/tests">
<suite id="s1-s1" name="Random-User-Test" source="/home/runner/work/ApiRandomUser/ApiRandomUser/RamdonUser/tests/random-user-test.robot">
<test id="s1-s1-t1" name="Conectar" line="13">
<kw name="Conectar API" owner="random-user-service">
<kw name="Create Session" owner="RequestsLibrary">
<msg time="2024-06-08T15:15:13.593934" level="INFO">Creating Session using : alias=consultarAPI, url=https://randomuser.me/, headers={},                     cookies={}, auth=None, timeout=None, proxies=None, verify=False,                     debug=0 </msg>
<arg>consultarAPI</arg>
<arg>${URL}</arg>
<doc>Create Session: create a HTTP session to a server</doc>
<status status="PASS" start="2024-06-08T15:15:13.593734" elapsed="0.000376"/>
</kw>
<status status="PASS" start="2024-06-08T15:15:13.592694" elapsed="0.001778"/>
</kw>
<status status="PASS" start="2024-06-08T15:15:13.592072" elapsed="0.002627"/>
</test>
<test id="s1-s1-t2" name="Validar retorno 200 e JSON Válido" line="16">
<kw name="Teste de Requisicao Basica" owner="random-user-service">
<kw name="GET On Session" owner="RequestsLibrary">
<msg time="2024-06-08T15:15:13.802135" level="INFO">GET Request : url=https://randomuser.me/api 
 path_url=/api 
 headers={'User-Agent': 'python-requests/2.32.3', 'Accept-Encoding': 'gzip, deflate', 'Accept': '*/*', 'Connection': 'keep-alive'} 
 body=None 
 </msg>
<msg time="2024-06-08T15:15:13.802314" level="INFO">GET Response : url=https://randomuser.me/api 
 status=200, reason=OK 
 headers={'Date': 'Sat, 08 Jun 2024 15:15:13 GMT', 'Content-Type': 'application/json; charset=utf-8', 'Transfer-Encoding': 'chunked', 'Connection': 'keep-alive', 'X-Powered-By': 'Express', 'Access-Control-Allow-Origin': '*', 'Cache-Control': 'no-cache', 'ETag': 'W/"489-z+WFmDMDif89lzAPij4kR4D7jDc"', 'Vary': 'Accept-Encoding', 'Content-Encoding': 'gzip', 'CF-Cache-Status': 'DYNAMIC', 'Report-To': '{"endpoints":[{"url":"https:\\/\\/a.nel.cloudflare.com\\/report\\/v4?s=ECwKaCMrjAqFdunwQrIvhA4Mh1gAhg8ATFCh9ZCK9nT%2F7iKePBlg8J%2F%2B4h4YfiOkx9361J2C90B%2FRMSM3G5FYkrF7tRy2wn7O5QGUWqUOES8YPdjN9gaRFNCzpL50PWG"}],"group":"cf-nel","max_age":604800}', 'NEL': '{"success_fraction":0,"report_to":"cf-nel","max_age":604800}', 'Server': 'cloudflare', 'CF-RAY': '8909d60addeb02b4-ORD', 'alt-svc': 'h3=":443"; ma=86400'} 
 body={"results":[{"gender":"male","name":{"title":"Mr","first":"Davut","last":"Denkel"},"location":{"street":{"number":7078,"name":"Fatih Sultan Mehmet Cd"},"city":"Sivas","state":"Samsun","country":"Turkey","postcode":24927,"coordinates":{"latitude":"67.3139","longitude":"-178.3379"},"timezone":{"offset":"+10:00","description":"Eastern Australia, Guam, Vladivostok"}},"email":"davut.denkel@example.com","login":{"uuid":"44fbcba2-3340-4f39-8f04-b83a063ac327","username":"angryfish752","password":"wildbill","salt":"omta9pIH","md5":"466df5f37073cf27aa0f350406a39fa1","sha1":"28c502847b0659f747e08278bb18ba1fe88e6849","sha256":"cdf562dbd365804603e2c0db0059fb0ca0f90846bf00d60faa94a2c7ab70b2d9"},"dob":{"date":"1974-03-04T10:19:37.903Z","age":50},"registered":{"date":"2006-05-13T05:12:30.398Z","age":18},"phone":"(042)-671-1487","cell":"(703)-993-4855","id":{"name":"","value":null},"picture":{"large":"https://randomuser.me/api/portraits/men/67.jpg","medium":"https://randomuser.me/api/portraits/med/men/67.jpg","thumbnail":"https://randomuser.me/api/portraits/thumb/men/67.jpg"},"nat":"TR"}],"info":{"seed":"54b907f3585657ef","results":1,"page":1,"version":"1.4"}} 
 </msg>
<msg time="2024-06-08T15:15:13.802410" level="INFO">/opt/hostedtoolcache/Python/3.12.3/x64/lib/python3.12/site-packages/urllib3/connectionpool.py:1103: InsecureRequestWarning: Unverified HTTPS request is being made to host 'randomuser.me'. Adding certificate verification is strongly advised. See: https://urllib3.readthedocs.io/en/latest/advanced-usage.html#tls-warnings
  warnings.warn(</msg>
<msg time="2024-06-08T15:15:13.802599" level="INFO">${response} = &lt;Response [200]&gt;</msg>
<var>${response}</var>
<arg>consultarAPI</arg>
<arg>/api</arg>
<doc>Sends a GET request on a previously created HTTP Session.</doc>
<status status="PASS" start="2024-06-08T15:15:13.597374" elapsed="0.205267"/>
</kw>
<kw name="Should Be Equal As Numbers" owner="BuiltIn">
<msg time="2024-06-08T15:15:13.803611" level="INFO">Argument types are:
&lt;class 'int'&gt;
&lt;class 'str'&gt;</msg>
<arg>${response.status_code}</arg>
<arg>200</arg>
<doc>Fails if objects are unequal after converting them to real numbers.</doc>
<status status="PASS" start="2024-06-08T15:15:13.803150" elapsed="0.000526"/>
</kw>
<kw name="Log" owner="BuiltIn">
<msg time="2024-06-08T15:15:13.804370" level="INFO">200</msg>
<arg>${response.status_code}</arg>
<doc>Logs the given message with the given level.</doc>
<status status="PASS" start="2024-06-08T15:15:13.804017" elapsed="0.000399"/>
</kw>
<kw name="Set Variable" owner="BuiltIn">
<msg time="2024-06-08T15:15:13.805161" level="INFO">${json_data} = {'results': [{'gender': 'male', 'name': {'title': 'Mr', 'first': 'Davut', 'last': 'Denkel'}, 'location': {'street': {'number': 7078, 'name': 'Fatih Sultan Mehmet Cd'}, 'city': 'Sivas', 'state': 'Samsu...</msg>
<var>${json_data}</var>
<arg>${response.json()}</arg>
<doc>Returns the given values which can then be assigned to a variables.</doc>
<status status="PASS" start="2024-06-08T15:15:13.804722" elapsed="0.000469"/>
</kw>
<kw name="Dictionary Should Contain Key" owner="Collections">
<msg time="2024-06-08T15:15:13.805678" level="INFO">False</msg>
<arg>${json_data}</arg>
<arg>results</arg>
<doc>Fails if ``key`` is not found from ``dictionary``.</doc>
<status status="PASS" start="2024-06-08T15:15:13.805496" elapsed="0.000376"/>
</kw>
<status status="PASS" start="2024-06-08T15:15:13.597123" elapsed="0.209016"/>
</kw>
<doc>Testa se a API responde corretamente e retorna um objeto JSON válido.</doc>
<tag>testeRequisicaoBasica</tag>
<status status="PASS" start="2024-06-08T15:15:13.596562" elapsed="0.209767"/>
</test>
<test id="s1-s1-t3" name="Validar estrutura de resposta" line="22">
<kw name="Teste de Estrutura de Resposta" owner="random-user-service">
<kw name="GET On Session" owner="RequestsLibrary">
<msg time="2024-06-08T15:15:13.915453" level="INFO">GET Request : url=https://randomuser.me/api 
 path_url=/api 
 headers={'User-Agent': 'python-requests/2.32.3', 'Accept-Encoding': 'gzip, deflate', 'Accept': '*/*', 'Connection': 'keep-alive'} 
 body=None 
 </msg>
<msg time="2024-06-08T15:15:13.915564" level="INFO">GET Response : url=https://randomuser.me/api 
 status=200, reason=OK 
 headers={'Date': 'Sat, 08 Jun 2024 15:15:13 GMT', 'Content-Type': 'application/json; charset=utf-8', 'Transfer-Encoding': 'chunked', 'Connection': 'keep-alive', 'X-Powered-By': 'Express', 'Access-Control-Allow-Origin': '*', 'Cache-Control': 'no-cache', 'ETag': 'W/"496-11LCZGFdQi1Ad/kuFlGp6CpjMLY"', 'Vary': 'Accept-Encoding', 'Content-Encoding': 'gzip', 'CF-Cache-Status': 'DYNAMIC', 'Report-To': '{"endpoints":[{"url":"https:\\/\\/a.nel.cloudflare.com\\/report\\/v4?s=wI3F3AmBt%2BE7R4Xq5fzG2HdJQj1yGsxI1CnE%2FTfDbEFwdvHqGieRtG4ZX5MJix3QrV3XAb%2ByrDx0ApjbIeGVkSek8kFTCaxx3q4O3%2BS0U7HNgFGcvnAIftKuE4QwMe70"}],"group":"cf-nel","max_age":604800}', 'NEL': '{"success_fraction":0,"report_to":"cf-nel","max_age":604800}', 'Server': 'cloudflare', 'CF-RAY': '8909d60b5e7802b4-ORD', 'alt-svc': 'h3=":443"; ma=86400'} 
 body={"results":[{"gender":"female","name":{"title":"Ms","first":"Agnes","last":"Borsheim"},"location":{"street":{"number":2233,"name":"Johan Evjes vei"},"city":"Espeland","state":"Nord-Trøndelag","country":"Norway","postcode":"1448","coordinates":{"latitude":"40.8700","longitude":"104.2208"},"timezone":{"offset":"+5:30","description":"Bombay, Calcutta, Madras, New Delhi"}},"email":"agnes.borsheim@example.com","login":{"uuid":"01eb3627-2300-4e1c-a0c3-f338ce09aa94","username":"bluewolf287","password":"sidekick","salt":"pad5fYPd","md5":"ce3b8e051e13fcb869121891febb7c43","sha1":"fc03a7a0102428dea320e4e3e8cc15c59e9928e3","sha256":"880af781fc7f8ae1cc6e2d6b0812fe56b48549c46809b8ac0e8ecd650b8d5a63"},"dob":{"date":"1958-02-19T16:45:50.064Z","age":66},"registered":{"date":"2012-05-24T05:26:04.043Z","age":12},"phone":"80666521","cell":"49616405","id":{"name":"FN","value":"19025844044"},"picture":{"large":"https://randomuser.me/api/portraits/women/73.jpg","medium":"https://randomuser.me/api/portraits/med/women/73.jpg","thumbnail":"https://randomuser.me/api/portraits/thumb/women/73.jpg"},"nat":"NO"}],"info":{"seed":"cab8d9d8e2c2dc42","results":1,"page":1,"version":"1.4"}} 
 </msg>
<msg time="2024-06-08T15:15:13.915695" level="INFO">/opt/hostedtoolcache/Python/3.12.3/x64/lib/python3.12/site-packages/urllib3/connectionpool.py:1103: InsecureRequestWarning: Unverified HTTPS request is being made to host 'randomuser.me'. Adding certificate verification is strongly advised. See: https://urllib3.readthedocs.io/en/latest/advanced-usage.html#tls-warnings
  warnings.warn(</msg>
<msg time="2024-06-08T15:15:13.915835" level="INFO">${response} = &lt;Response [200]&gt;</msg>
<var>${response}</var>
<arg>consultarAPI</arg>
<arg>/api</arg>
<doc>Sends a GET request on a previously created HTTP Session.</doc>
<status status="PASS" start="2024-06-08T15:15:13.808974" elapsed="0.106900"/>
</kw>
<kw name="Set Variable" owner="BuiltIn">
<msg time="2024-06-08T15:15:13.916872" level="INFO">${json_data} = {'results': [{'gender': 'female', 'name': {'title': 'Ms', 'first': 'Agnes', 'last': 'Borsheim'}, 'location': {'street': {'number': 2233, 'name': 'Johan Evjes vei'}, 'city': 'Espeland', 'state': 'Nord-...</msg>
<var>${json_data}</var>
<arg>${response.json()}</arg>
<doc>Returns the given values which can then be assigned to a variables.</doc>
<status status="PASS" start="2024-06-08T15:15:13.916344" elapsed="0.000558"/>
</kw>
<kw name="Log" owner="BuiltIn">
<msg time="2024-06-08T15:15:13.917393" level="INFO">{'results': [{'gender': 'female', 'name': {'title': 'Ms', 'first': 'Agnes', 'last': 'Borsheim'}, 'location': {'street': {'number': 2233, 'name': 'Johan Evjes vei'}, 'city': 'Espeland', 'state': 'Nord-Trøndelag', 'country': 'Norway', 'postcode': '1448', 'coordinates': {'latitude': '40.8700', 'longitude': '104.2208'}, 'timezone': {'offset': '+5:30', 'description': 'Bombay, Calcutta, Madras, New Delhi'}}, 'email': 'agnes.borsheim@example.com', 'login': {'uuid': '01eb3627-2300-4e1c-a0c3-f338ce09aa94', 'username': 'bluewolf287', 'password': 'sidekick', 'salt': 'pad5fYPd', 'md5': 'ce3b8e051e13fcb869121891febb7c43', 'sha1': 'fc03a7a0102428dea320e4e3e8cc15c59e9928e3', 'sha256': '880af781fc7f8ae1cc6e2d6b0812fe56b48549c46809b8ac0e8ecd650b8d5a63'}, 'dob': {'date': '1958-02-19T16:45:50.064Z', 'age': 66}, 'registered': {'date': '2012-05-24T05:26:04.043Z', 'age': 12}, 'phone': '80666521', 'cell': '49616405', 'id': {'name': 'FN', 'value': '19025844044'}, 'picture': {'large': 'https://randomuser.me/api/portraits/women/73.jpg', 'medium': 'https://randomuser.me/api/portraits/med/women/73.jpg', 'thumbnail': 'https://randomuser.me/api/portraits/thumb/women/73.jpg'}, 'nat': 'NO'}], 'info': {'seed': 'cab8d9d8e2c2dc42', 'results': 1, 'page': 1, 'version': '1.4'}}</msg>
<arg>${json_data}</arg>
<doc>Logs the given message with the given level.</doc>
<status status="PASS" start="2024-06-08T15:15:13.917221" elapsed="0.000222"/>
</kw>
<kw name="Dictionary Should Contain Key" owner="Collections">
<msg time="2024-06-08T15:15:13.917923" level="INFO">False</msg>
<arg>${json_data}</arg>
<arg>results</arg>
<doc>Fails if ``key`` is not found from ``dictionary``.</doc>
<status status="PASS" start="2024-06-08T15:15:13.917751" elapsed="0.000209"/>
</kw>
<kw name="Should Not Be Empty" owner="BuiltIn">
<msg time="2024-06-08T15:15:13.918386" level="INFO">Length is 2.</msg>
<arg>${json_data}</arg>
<doc>Verifies that the given item is not empty.</doc>
<status status="PASS" start="2024-06-08T15:15:13.918254" elapsed="0.000170"/>
</kw>
<kw name="Create List" owner="BuiltIn">
<msg time="2024-06-08T15:15:13.918914" level="INFO">${expected_keys} = ['gender', 'name', 'location', 'email', 'login']</msg>
<var>${expected_keys}</var>
<arg>gender</arg>
<arg>name</arg>
<arg>location</arg>
<arg>email</arg>
<arg>login</arg>
<doc>Returns a list containing given items.</doc>
<status status="PASS" start="2024-06-08T15:15:13.918755" elapsed="0.000185"/>
</kw>
<for flavor="IN">
<iter>
<kw name="Dictionary Should Contain Key" owner="Collections">
<msg time="2024-06-08T15:15:13.919952" level="INFO">False</msg>
<arg>${json_data['results'][0]}</arg>
<arg>${key}</arg>
<doc>Fails if ``key`` is not found from ``dictionary``.</doc>
<status status="PASS" start="2024-06-08T15:15:13.919532" elapsed="0.000464"/>
</kw>
<kw name="Log" owner="BuiltIn">
<msg time="2024-06-08T15:15:13.920665" level="INFO">{'gender': 'female', 'name': {'title': 'Ms', 'first': 'Agnes', 'last': 'Borsheim'}, 'location': {'street': {'number': 2233, 'name': 'Johan Evjes vei'}, 'city': 'Espeland', 'state': 'Nord-Trøndelag', 'country': 'Norway', 'postcode': '1448', 'coordinates': {'latitude': '40.8700', 'longitude': '104.2208'}, 'timezone': {'offset': '+5:30', 'description': 'Bombay, Calcutta, Madras, New Delhi'}}, 'email': 'agnes.borsheim@example.com', 'login': {'uuid': '01eb3627-2300-4e1c-a0c3-f338ce09aa94', 'username': 'bluewolf287', 'password': 'sidekick', 'salt': 'pad5fYPd', 'md5': 'ce3b8e051e13fcb869121891febb7c43', 'sha1': 'fc03a7a0102428dea320e4e3e8cc15c59e9928e3', 'sha256': '880af781fc7f8ae1cc6e2d6b0812fe56b48549c46809b8ac0e8ecd650b8d5a63'}, 'dob': {'date': '1958-02-19T16:45:50.064Z', 'age': 66}, 'registered': {'date': '2012-05-24T05:26:04.043Z', 'age': 12}, 'phone': '80666521', 'cell': '49616405', 'id': {'name': 'FN', 'value': '19025844044'}, 'picture': {'large': 'https://randomuser.me/api/portraits/women/73.jpg', 'medium': 'https://randomuser.me/api/portraits/med/women/73.jpg', 'thumbnail': 'https://randomuser.me/api/portraits/thumb/women/73.jpg'}, 'nat': 'NO'}</msg>
<arg>${json_data['results'][0]}</arg>
<doc>Logs the given message with the given level.</doc>
<status status="PASS" start="2024-06-08T15:15:13.920298" elapsed="0.000427"/>
</kw>
<kw name="Log" owner="BuiltIn">
<msg time="2024-06-08T15:15:13.921203" level="INFO">gender</msg>
<arg>${key}</arg>
<doc>Logs the given message with the given level.</doc>
<status status="PASS" start="2024-06-08T15:15:13.921069" elapsed="0.000171"/>
</kw>
<var name="${key}">gender</var>
<status status="PASS" start="2024-06-08T15:15:13.919398" elapsed="0.002061"/>
</iter>
<iter>
<kw name="Dictionary Should Contain Key" owner="Collections">
<msg time="2024-06-08T15:15:13.922150" level="INFO">False</msg>
<arg>${json_data['results'][0]}</arg>
<arg>${key}</arg>
<doc>Fails if ``key`` is not found from ``dictionary``.</doc>
<status status="PASS" start="2024-06-08T15:15:13.921761" elapsed="0.000426"/>
</kw>
<kw name="Log" owner="BuiltIn">
<msg time="2024-06-08T15:15:13.922901" level="INFO">{'gender': 'female', 'name': {'title': 'Ms', 'first': 'Agnes', 'last': 'Borsheim'}, 'location': {'street': {'number': 2233, 'name': 'Johan Evjes vei'}, 'city': 'Espeland', 'state': 'Nord-Trøndelag', 'country': 'Norway', 'postcode': '1448', 'coordinates': {'latitude': '40.8700', 'longitude': '104.2208'}, 'timezone': {'offset': '+5:30', 'description': 'Bombay, Calcutta, Madras, New Delhi'}}, 'email': 'agnes.borsheim@example.com', 'login': {'uuid': '01eb3627-2300-4e1c-a0c3-f338ce09aa94', 'username': 'bluewolf287', 'password': 'sidekick', 'salt': 'pad5fYPd', 'md5': 'ce3b8e051e13fcb869121891febb7c43', 'sha1': 'fc03a7a0102428dea320e4e3e8cc15c59e9928e3', 'sha256': '880af781fc7f8ae1cc6e2d6b0812fe56b48549c46809b8ac0e8ecd650b8d5a63'}, 'dob': {'date': '1958-02-19T16:45:50.064Z', 'age': 66}, 'registered': {'date': '2012-05-24T05:26:04.043Z', 'age': 12}, 'phone': '80666521', 'cell': '49616405', 'id': {'name': 'FN', 'value': '19025844044'}, 'picture': {'large': 'https://randomuser.me/api/portraits/women/73.jpg', 'medium': 'https://randomuser.me/api/portraits/med/women/73.jpg', 'thumbnail': 'https://randomuser.me/api/portraits/thumb/women/73.jpg'}, 'nat': 'NO'}</msg>
<arg>${json_data['results'][0]}</arg>
<doc>Logs the given message with the given level.</doc>
<status status="PASS" start="2024-06-08T15:15:13.922517" elapsed="0.000433"/>
</kw>
<kw name="Log" owner="BuiltIn">
<msg time="2024-06-08T15:15:13.923387" level="INFO">name</msg>
<arg>${key}</arg>
<doc>Logs the given message with the given level.</doc>
<status status="PASS" start="2024-06-08T15:15:13.923259" elapsed="0.000165"/>
</kw>
<var name="${key}">name</var>
<status status="PASS" start="2024-06-08T15:15:13.921647" elapsed="0.001997"/>
</iter>
<iter>
<kw name="Dictionary Should Contain Key" owner="Collections">
<msg time="2024-06-08T15:15:13.924334" level="INFO">False</msg>
<arg>${json_data['results'][0]}</arg>
<arg>${key}</arg>
<doc>Fails if ``key`` is not found from ``dictionary``.</doc>
<status status="PASS" start="2024-06-08T15:15:13.923935" elapsed="0.000436"/>
</kw>
<kw name="Log" owner="BuiltIn">
<msg time="2024-06-08T15:15:13.925036" level="INFO">{'gender': 'female', 'name': {'title': 'Ms', 'first': 'Agnes', 'last': 'Borsheim'}, 'location': {'street': {'number': 2233, 'name': 'Johan Evjes vei'}, 'city': 'Espeland', 'state': 'Nord-Trøndelag', 'country': 'Norway', 'postcode': '1448', 'coordinates': {'latitude': '40.8700', 'longitude': '104.2208'}, 'timezone': {'offset': '+5:30', 'description': 'Bombay, Calcutta, Madras, New Delhi'}}, 'email': 'agnes.borsheim@example.com', 'login': {'uuid': '01eb3627-2300-4e1c-a0c3-f338ce09aa94', 'username': 'bluewolf287', 'password': 'sidekick', 'salt': 'pad5fYPd', 'md5': 'ce3b8e051e13fcb869121891febb7c43', 'sha1': 'fc03a7a0102428dea320e4e3e8cc15c59e9928e3', 'sha256': '880af781fc7f8ae1cc6e2d6b0812fe56b48549c46809b8ac0e8ecd650b8d5a63'}, 'dob': {'date': '1958-02-19T16:45:50.064Z', 'age': 66}, 'registered': {'date': '2012-05-24T05:26:04.043Z', 'age': 12}, 'phone': '80666521', 'cell': '49616405', 'id': {'name': 'FN', 'value': '19025844044'}, 'picture': {'large': 'https://randomuser.me/api/portraits/women/73.jpg', 'medium': 'https://randomuser.me/api/portraits/med/women/73.jpg', 'thumbnail': 'https://randomuser.me/api/portraits/thumb/women/73.jpg'}, 'nat': 'NO'}</msg>
<arg>${json_data['results'][0]}</arg>
<doc>Logs the given message with the given level.</doc>
<status status="PASS" start="2024-06-08T15:15:13.924670" elapsed="0.000422"/>
</kw>
<kw name="Log" owner="BuiltIn">
<msg time="2024-06-08T15:15:13.925517" level="INFO">location</msg>
<arg>${key}</arg>
<doc>Logs the given message with the given level.</doc>
<status status="PASS" start="2024-06-08T15:15:13.925391" elapsed="0.000164"/>
</kw>
<var name="${key}">location</var>
<status status="PASS" start="2024-06-08T15:15:13.923823" elapsed="0.001945"/>
</iter>
<iter>
<kw name="Dictionary Should Contain Key" owner="Collections">
<msg time="2024-06-08T15:15:13.926576" level="INFO">False</msg>
<arg>${json_data['results'][0]}</arg>
<arg>${key}</arg>
<doc>Fails if ``key`` is not found from ``dictionary``.</doc>
<status status="PASS" start="2024-06-08T15:15:13.926049" elapsed="0.000567"/>
</kw>
<kw name="Log" owner="BuiltIn">
<msg time="2024-06-08T15:15:13.927300" level="INFO">{'gender': 'female', 'name': {'title': 'Ms', 'first': 'Agnes', 'last': 'Borsheim'}, 'location': {'street': {'number': 2233, 'name': 'Johan Evjes vei'}, 'city': 'Espeland', 'state': 'Nord-Trøndelag', 'country': 'Norway', 'postcode': '1448', 'coordinates': {'latitude': '40.8700', 'longitude': '104.2208'}, 'timezone': {'offset': '+5:30', 'description': 'Bombay, Calcutta, Madras, New Delhi'}}, 'email': 'agnes.borsheim@example.com', 'login': {'uuid': '01eb3627-2300-4e1c-a0c3-f338ce09aa94', 'username': 'bluewolf287', 'password': 'sidekick', 'salt': 'pad5fYPd', 'md5': 'ce3b8e051e13fcb869121891febb7c43', 'sha1': 'fc03a7a0102428dea320e4e3e8cc15c59e9928e3', 'sha256': '880af781fc7f8ae1cc6e2d6b0812fe56b48549c46809b8ac0e8ecd650b8d5a63'}, 'dob': {'date': '1958-02-19T16:45:50.064Z', 'age': 66}, 'registered': {'date': '2012-05-24T05:26:04.043Z', 'age': 12}, 'phone': '80666521', 'cell': '49616405', 'id': {'name': 'FN', 'value': '19025844044'}, 'picture': {'large': 'https://randomuser.me/api/portraits/women/73.jpg', 'medium': 'https://randomuser.me/api/portraits/med/women/73.jpg', 'thumbnail': 'https://randomuser.me/api/portraits/thumb/women/73.jpg'}, 'nat': 'NO'}</msg>
<arg>${json_data['results'][0]}</arg>
<doc>Logs the given message with the given level.</doc>
<status status="PASS" start="2024-06-08T15:15:13.926929" elapsed="0.000420"/>
</kw>
<kw name="Log" owner="BuiltIn">
<msg time="2024-06-08T15:15:13.927775" level="INFO">email</msg>
<arg>${key}</arg>
<doc>Logs the given message with the given level.</doc>
<status status="PASS" start="2024-06-08T15:15:13.927645" elapsed="0.000168"/>
</kw>
<var name="${key}">email</var>
<status status="PASS" start="2024-06-08T15:15:13.925940" elapsed="0.002113"/>
</iter>
<iter>
<kw name="Dictionary Should Contain Key" owner="Collections">
<msg time="2024-06-08T15:15:13.928718" level="INFO">False</msg>
<arg>${json_data['results'][0]}</arg>
<arg>${key}</arg>
<doc>Fails if ``key`` is not found from ``dictionary``.</doc>
<status status="PASS" start="2024-06-08T15:15:13.928339" elapsed="0.000426"/>
</kw>
<kw name="Log" owner="BuiltIn">
<msg time="2024-06-08T15:15:13.929449" level="INFO">{'gender': 'female', 'name': {'title': 'Ms', 'first': 'Agnes', 'last': 'Borsheim'}, 'location': {'street': {'number': 2233, 'name': 'Johan Evjes vei'}, 'city': 'Espeland', 'state': 'Nord-Trøndelag', 'country': 'Norway', 'postcode': '1448', 'coordinates': {'latitude': '40.8700', 'longitude': '104.2208'}, 'timezone': {'offset': '+5:30', 'description': 'Bombay, Calcutta, Madras, New Delhi'}}, 'email': 'agnes.borsheim@example.com', 'login': {'uuid': '01eb3627-2300-4e1c-a0c3-f338ce09aa94', 'username': 'bluewolf287', 'password': 'sidekick', 'salt': 'pad5fYPd', 'md5': 'ce3b8e051e13fcb869121891febb7c43', 'sha1': 'fc03a7a0102428dea320e4e3e8cc15c59e9928e3', 'sha256': '880af781fc7f8ae1cc6e2d6b0812fe56b48549c46809b8ac0e8ecd650b8d5a63'}, 'dob': {'date': '1958-02-19T16:45:50.064Z', 'age': 66}, 'registered': {'date': '2012-05-24T05:26:04.043Z', 'age': 12}, 'phone': '80666521', 'cell': '49616405', 'id': {'name': 'FN', 'value': '19025844044'}, 'picture': {'large': 'https://randomuser.me/api/portraits/women/73.jpg', 'medium': 'https://randomuser.me/api/portraits/med/women/73.jpg', 'thumbnail': 'https://randomuser.me/api/portraits/thumb/women/73.jpg'}, 'nat': 'NO'}</msg>
<arg>${json_data['results'][0]}</arg>
<doc>Logs the given message with the given level.</doc>
<status status="PASS" start="2024-06-08T15:15:13.929066" elapsed="0.000432"/>
</kw>
<kw name="Log" owner="BuiltIn">
<msg time="2024-06-08T15:15:13.929916" level="INFO">login</msg>
<arg>${key}</arg>
<doc>Logs the given message with the given level.</doc>
<status status="PASS" start="2024-06-08T15:15:13.929790" elapsed="0.000163"/>
</kw>
<var name="${key}">login</var>
<status status="PASS" start="2024-06-08T15:15:13.928227" elapsed="0.001964"/>
</iter>
<var>${key}</var>
<value>@{expected_keys}</value>
<status status="PASS" start="2024-06-08T15:15:13.919207" elapsed="0.011114"/>
</for>
<kw name="Create List" owner="BuiltIn">
<msg time="2024-06-08T15:15:13.930685" level="INFO">${expected_keysTwo} = ['username', 'password']</msg>
<var>${expected_keysTwo}</var>
<arg>username</arg>
<arg>password</arg>
<doc>Returns a list containing given items.</doc>
<status status="PASS" start="2024-06-08T15:15:13.930524" elapsed="0.000184"/>
</kw>
<for flavor="IN">
<iter>
<kw name="Dictionary Should Contain Key" owner="Collections">
<msg time="2024-06-08T15:15:13.931610" level="INFO">False</msg>
<arg>${json_data['results'][0]['login']}</arg>
<arg>${keyTwo}</arg>
<doc>Fails if ``key`` is not found from ``dictionary``.</doc>
<status status="PASS" start="2024-06-08T15:15:13.931216" elapsed="0.000430"/>
</kw>
<kw name="Dictionary Should Contain Key" owner="Collections">
<msg time="2024-06-08T15:15:13.932334" level="INFO">False</msg>
<arg>${json_data['results'][0]['login']}</arg>
<arg>${keyTwo}</arg>
<doc>Fails if ``key`` is not found from ``dictionary``.</doc>
<status status="PASS" start="2024-06-08T15:15:13.931963" elapsed="0.000407"/>
</kw>
<kw name="Log" owner="BuiltIn">
<msg time="2024-06-08T15:15:13.932791" level="INFO">username</msg>
<arg>${keyTwo}</arg>
<doc>Logs the given message with the given level.</doc>
<status status="PASS" start="2024-06-08T15:15:13.932666" elapsed="0.000162"/>
</kw>
<var name="${keyTwo}">username</var>
<status status="PASS" start="2024-06-08T15:15:13.931105" elapsed="0.001941"/>
</iter>
<iter>
<kw name="Dictionary Should Contain Key" owner="Collections">
<msg time="2024-06-08T15:15:13.933712" level="INFO">False</msg>
<arg>${json_data['results'][0]['login']}</arg>
<arg>${keyTwo}</arg>
<doc>Fails if ``key`` is not found from ``dictionary``.</doc>
<status status="PASS" start="2024-06-08T15:15:13.933330" elapsed="0.000419"/>
</kw>
<kw name="Dictionary Should Contain Key" owner="Collections">
<msg time="2024-06-08T15:15:13.934451" level="INFO">False</msg>
<arg>${json_data['results'][0]['login']}</arg>
<arg>${keyTwo}</arg>
<doc>Fails if ``key`` is not found from ``dictionary``.</doc>
<status status="PASS" start="2024-06-08T15:15:13.934066" elapsed="0.000420"/>
</kw>
<kw name="Log" owner="BuiltIn">
<msg time="2024-06-08T15:15:13.934928" level="INFO">password</msg>
<arg>${keyTwo}</arg>
<doc>Logs the given message with the given level.</doc>
<status status="PASS" start="2024-06-08T15:15:13.934802" elapsed="0.000162"/>
</kw>
<var name="${keyTwo}">password</var>
<status status="PASS" start="2024-06-08T15:15:13.933216" elapsed="0.001963"/>
</iter>
<var>${keyTwo}</var>
<value>@{expected_keysTwo}</value>
<status status="PASS" start="2024-06-08T15:15:13.930943" elapsed="0.004371"/>
</for>
<status status="PASS" start="2024-06-08T15:15:13.808739" elapsed="0.126716"/>
</kw>
<doc>Testa a estrutura da resposta da API.</doc>
<tag>testeEstruturaResposta</tag>
<status status="PASS" start="2024-06-08T15:15:13.808221" elapsed="0.127392"/>
</test>
<test id="s1-s1-t4" name="Validar tipos de dados" line="28">
<kw name="Teste de Tipos de Dados" owner="random-user-service">
<kw name="GET On Session" owner="RequestsLibrary">
<msg time="2024-06-08T15:15:14.004857" level="INFO">GET Request : url=https://randomuser.me/api 
 path_url=/api 
 headers={'User-Agent': 'python-requests/2.32.3', 'Accept-Encoding': 'gzip, deflate', 'Accept': '*/*', 'Connection': 'keep-alive'} 
 body=None 
 </msg>
<msg time="2024-06-08T15:15:14.004961" level="INFO">GET Response : url=https://randomuser.me/api 
 status=200, reason=OK 
 headers={'Date': 'Sat, 08 Jun 2024 15:15:14 GMT', 'Content-Type': 'application/json; charset=utf-8', 'Transfer-Encoding': 'chunked', 'Connection': 'keep-alive', 'X-Powered-By': 'Express', 'Access-Control-Allow-Origin': '*', 'Cache-Control': 'no-cache', 'ETag': 'W/"491-BYMaDDHCv2SHnRd8s5NQqhfvMsI"', 'Vary': 'Accept-Encoding', 'Content-Encoding': 'gzip', 'CF-Cache-Status': 'DYNAMIC', 'Report-To': '{"endpoints":[{"url":"https:\\/\\/a.nel.cloudflare.com\\/report\\/v4?s=QgZrvW8uZq9w5w7nUTIPTEvl3FHRtCaJycTZgZ%2FC8x8so902ehiyKmia%2BUJCVQASCAALRW%2Fbnv%2BoDNGniwNfD6L84La5KUsYZl9fo1LLYsHel%2Bg4t%2FNkeVPHgdUkeS1h"}],"group":"cf-nel","max_age":604800}', 'NEL': '{"success_fraction":0,"report_to":"cf-nel","max_age":604800}', 'Server': 'cloudflare', 'CF-RAY': '8909d60c1f7802b4-ORD', 'alt-svc': 'h3=":443"; ma=86400'} 
 body={"results":[{"gender":"female","name":{"title":"Mrs","first":"Sonya","last":"Ustimovich"},"location":{"street":{"number":2583,"name":"Bigova"},"city":"Kremenchuk","state":"Zhitomirska","country":"Ukraine","postcode":10348,"coordinates":{"latitude":"81.1287","longitude":"50.3322"},"timezone":{"offset":"+8:00","description":"Beijing, Perth, Singapore, Hong Kong"}},"email":"sonya.ustimovich@example.com","login":{"uuid":"ddad4173-0221-485c-ad13-57e186913210","username":"brownfrog503","password":"awesome","salt":"lkgIvWN1","md5":"c5367b26cbaf25304826507a904e3cc5","sha1":"e82cae69a616abff5d397e42d625d96ea7460caa","sha256":"f51da9fdb3729e8bbc7076d255363356ab95a1d806323ab1debdf206eba36bc2"},"dob":{"date":"1994-08-30T11:40:59.887Z","age":29},"registered":{"date":"2004-04-18T12:54:37.285Z","age":20},"phone":"(068) P01-1105","cell":"(066) Q00-6044","id":{"name":"","value":null},"picture":{"large":"https://randomuser.me/api/portraits/women/51.jpg","medium":"https://randomuser.me/api/portraits/med/women/51.jpg","thumbnail":"https://randomuser.me/api/portraits/thumb/women/51.jpg"},"nat":"UA"}],"info":{"seed":"81eed5bc0a453559","results":1,"page":1,"version":"1.4"}} 
 </msg>
<msg time="2024-06-08T15:15:14.005028" level="INFO">/opt/hostedtoolcache/Python/3.12.3/x64/lib/python3.12/site-packages/urllib3/connectionpool.py:1103: InsecureRequestWarning: Unverified HTTPS request is being made to host 'randomuser.me'. Adding certificate verification is strongly advised. See: https://urllib3.readthedocs.io/en/latest/advanced-usage.html#tls-warnings
  warnings.warn(</msg>
<msg time="2024-06-08T15:15:14.005140" level="INFO">${response} = &lt;Response [200]&gt;</msg>
<var>${response}</var>
<arg>consultarAPI</arg>
<arg>/api</arg>
<doc>Sends a GET request on a previously created HTTP Session.</doc>
<status status="PASS" start="2024-06-08T15:15:13.938145" elapsed="0.067021"/>
</kw>
<kw name="Set Variable" owner="BuiltIn">
<msg time="2024-06-08T15:15:14.006212" level="INFO">${json_data} = {'results': [{'gender': 'female', 'name': {'title': 'Mrs', 'first': 'Sonya', 'last': 'Ustimovich'}, 'location': {'street': {'number': 2583, 'name': 'Bigova'}, 'city': 'Kremenchuk', 'state': 'Zhitomirs...</msg>
<var>${json_data}</var>
<arg>${response.json()}</arg>
<doc>Returns the given values which can then be assigned to a variables.</doc>
<status status="PASS" start="2024-06-08T15:15:14.005697" elapsed="0.000544"/>
</kw>
<kw name="Log" owner="BuiltIn">
<msg time="2024-06-08T15:15:14.006792" level="INFO">{'results': [{'gender': 'female', 'name': {'title': 'Mrs', 'first': 'Sonya', 'last': 'Ustimovich'}, 'location': {'street': {'number': 2583, 'name': 'Bigova'}, 'city': 'Kremenchuk', 'state': 'Zhitomirska', 'country': 'Ukraine', 'postcode': 10348, 'coordinates': {'latitude': '81.1287', 'longitude': '50.3322'}, 'timezone': {'offset': '+8:00', 'description': 'Beijing, Perth, Singapore, Hong Kong'}}, 'email': 'sonya.ustimovich@example.com', 'login': {'uuid': 'ddad4173-0221-485c-ad13-57e186913210', 'username': 'brownfrog503', 'password': 'awesome', 'salt': 'lkgIvWN1', 'md5': 'c5367b26cbaf25304826507a904e3cc5', 'sha1': 'e82cae69a616abff5d397e42d625d96ea7460caa', 'sha256': 'f51da9fdb3729e8bbc7076d255363356ab95a1d806323ab1debdf206eba36bc2'}, 'dob': {'date': '1994-08-30T11:40:59.887Z', 'age': 29}, 'registered': {'date': '2004-04-18T12:54:37.285Z', 'age': 20}, 'phone': '(068) P01-1105', 'cell': '(066) Q00-6044', 'id': {'name': '', 'value': None}, 'picture': {'large': 'https://randomuser.me/api/portraits/women/51.jpg', 'medium': 'https://randomuser.me/api/portraits/med/women/51.jpg', 'thumbnail': 'https://randomuser.me/api/portraits/thumb/women/51.jpg'}, 'nat': 'UA'}], 'info': {'seed': '81eed5bc0a453559', 'results': 1, 'page': 1, 'version': '1.4'}}</msg>
<arg>${json_data}</arg>
<doc>Logs the given message with the given level.</doc>
<status status="PASS" start="2024-06-08T15:15:14.006584" elapsed="0.000294"/>
</kw>
<kw name="Should Be String" owner="String">
<arg>${json_data['results'][0]['gender']}</arg>
<doc>Fails if the given ``item`` is not a string.</doc>
<status status="PASS" start="2024-06-08T15:15:14.007176" elapsed="0.000369"/>
</kw>
<kw name="Should Match Regexp" owner="BuiltIn">
<arg>${json_data['results'][0]['email']}</arg>
<arg>^[a-zA-Z0-9._%+-]+@[a-zA-Z0-9.-]+\.[a-zA-Z]{2,}$</arg>
<doc>Fails if ``string`` does not match ``pattern`` as a regular expression.</doc>
<status status="PASS" start="2024-06-08T15:15:14.007746" elapsed="0.000663"/>
</kw>
<kw name="Should Match Regexp" owner="BuiltIn">
<arg>${json_data['results'][0]['dob']['date']}</arg>
<arg>\\d{4}-\\d{2}-\\d{2}T\\d{2}:\\d{2}:\\d{2}\\.\\d{3}Z</arg>
<doc>Fails if ``string`` does not match ``pattern`` as a regular expression.</doc>
<status status="PASS" start="2024-06-08T15:15:14.008606" elapsed="0.000521"/>
</kw>
<kw name="Should Match Regexp" owner="BuiltIn">
<arg>${json_data['results'][0]['registered']['date']}</arg>
<arg>\\d{4}-\\d{2}-\\d{2}T\\d{2}:\\d{2}:\\d{2}\\.\\d{3}Z</arg>
<doc>Fails if ``string`` does not match ``pattern`` as a regular expression.</doc>
<status status="PASS" start="2024-06-08T15:15:14.009318" elapsed="0.000378"/>
</kw>
<kw name="Should Match Regexp" owner="BuiltIn">
<arg>${json_data['results'][0]['picture']['large']}</arg>
<arg>^https?://.*\.(?:png|jpe?g|gif|bmp)$</arg>
<doc>Fails if ``string`` does not match ``pattern`` as a regular expression.</doc>
<status status="PASS" start="2024-06-08T15:15:14.009893" elapsed="0.000454"/>
</kw>
<kw name="Should Match Regexp" owner="BuiltIn">
<arg>${json_data['results'][0]['picture']['medium']}</arg>
<arg>^https?://.*\.(?:png|jpe?g|gif|bmp)$</arg>
<doc>Fails if ``string`` does not match ``pattern`` as a regular expression.</doc>
<status status="PASS" start="2024-06-08T15:15:14.010556" elapsed="0.000367"/>
</kw>
<kw name="Should Match Regexp" owner="BuiltIn">
<arg>${json_data['results'][0]['picture']['thumbnail']}</arg>
<arg>^https?://.*\.(?:png|jpe?g|gif|bmp)$</arg>
<doc>Fails if ``string`` does not match ``pattern`` as a regular expression.</doc>
<status status="PASS" start="2024-06-08T15:15:14.011110" elapsed="0.000358"/>
</kw>
<kw name="Log" owner="BuiltIn">
<msg time="2024-06-08T15:15:14.011975" level="INFO">{'large': 'https://randomuser.me/api/portraits/women/51.jpg', 'medium': 'https://randomuser.me/api/portraits/med/women/51.jpg', 'thumbnail': 'https://randomuser.me/api/portraits/thumb/women/51.jpg'}</msg>
<arg>${json_data['results'][0]['picture']}</arg>
<doc>Logs the given message with the given level.</doc>
<status status="PASS" start="2024-06-08T15:15:14.011656" elapsed="0.000359"/>
</kw>
<status status="PASS" start="2024-06-08T15:15:13.937907" elapsed="0.074380"/>
</kw>
<kw name="Teste de Tipos de Dados - Postcode" owner="random-user-service">
<kw name="GET On Session" owner="RequestsLibrary">
<msg time="2024-06-08T15:15:14.113320" level="INFO">GET Request : url=https://randomuser.me/api 
 path_url=/api 
 headers={'User-Agent': 'python-requests/2.32.3', 'Accept-Encoding': 'gzip, deflate', 'Accept': '*/*', 'Connection': 'keep-alive'} 
 body=None 
 </msg>
<msg time="2024-06-08T15:15:14.113420" level="INFO">GET Response : url=https://randomuser.me/api 
 status=200, reason=OK 
 headers={'Date': 'Sat, 08 Jun 2024 15:15:14 GMT', 'Content-Type': 'application/json; charset=utf-8', 'Transfer-Encoding': 'chunked', 'Connection': 'keep-alive', 'X-Powered-By': 'Express', 'Access-Control-Allow-Origin': '*', 'Cache-Control': 'no-cache', 'ETag': 'W/"4ac-04sJmNvxm/xeBbsiRwUn7FDeUtg"', 'Vary': 'Accept-Encoding', 'Content-Encoding': 'gzip', 'CF-Cache-Status': 'DYNAMIC', 'Report-To': '{"endpoints":[{"url":"https:\\/\\/a.nel.cloudflare.com\\/report\\/v4?s=OM9J3abROIQR0Lh2I0vN1VYoOpU2womlzMgz2AN9LR0tRzhF%2Byu9AZpv0akPOik11GYjuZVMaDu2EJkqcQZOVnFxqzZgUpt1pKxBaOYekuDRmihKoucUZ3xBUXDcpDSk"}],"group":"cf-nel","max_age":604800}', 'NEL': '{"success_fraction":0,"report_to":"cf-nel","max_age":604800}', 'Server': 'cloudflare', 'CF-RAY': '8909d60c981f02b4-ORD', 'alt-svc': 'h3=":443"; ma=86400'} 
 body={"results":[{"gender":"female","name":{"title":"Madame","first":"Paulette","last":"Clement"},"location":{"street":{"number":4649,"name":"Rue du 8 Mai 1945"},"city":"Turgi","state":"Solothurn","country":"Switzerland","postcode":6565,"coordinates":{"latitude":"-57.1234","longitude":"98.8045"},"timezone":{"offset":"+9:00","description":"Tokyo, Seoul, Osaka, Sapporo, Yakutsk"}},"email":"paulette.clement@example.com","login":{"uuid":"c25e7cea-2a50-4d4c-8a6e-9ce5ce9f10ee","username":"tinymeercat779","password":"grils","salt":"OwcYrVVP","md5":"fbd2496260dc63aa3d1856cd047fc624","sha1":"2624f9d21dd2ef72c312b0d85c4a5fb9bd521161","sha256":"c7a6ee2df8cde64383a437295b9f4185a0dfd22e2d2fdf22d543127265286b9a"},"dob":{"date":"1996-11-15T06:41:03.395Z","age":27},"registered":{"date":"2009-01-07T12:14:47.730Z","age":15},"phone":"079 109 92 75","cell":"078 015 57 89","id":{"name":"AVS","value":"756.1539.0931.71"},"picture":{"large":"https://randomuser.me/api/portraits/women/77.jpg","medium":"https://randomuser.me/api/portraits/med/women/77.jpg","thumbnail":"https://randomuser.me/api/portraits/thumb/women/77.jpg"},"nat":"CH"}],"info":{"seed":"9c79d3dba76f03f4","results":1,"page":1,"version":"1.4"}} 
 </msg>
<msg time="2024-06-08T15:15:14.113492" level="INFO">/opt/hostedtoolcache/Python/3.12.3/x64/lib/python3.12/site-packages/urllib3/connectionpool.py:1103: InsecureRequestWarning: Unverified HTTPS request is being made to host 'randomuser.me'. Adding certificate verification is strongly advised. See: https://urllib3.readthedocs.io/en/latest/advanced-usage.html#tls-warnings
  warnings.warn(</msg>
<msg time="2024-06-08T15:15:14.113623" level="INFO">${response} = &lt;Response [200]&gt;</msg>
<var>${response}</var>
<arg>consultarAPI</arg>
<arg>/api</arg>
<doc>Sends a GET request on a previously created HTTP Session.</doc>
<status status="PASS" start="2024-06-08T15:15:14.012747" elapsed="0.100916"/>
</kw>
<kw name="Set Variable" owner="BuiltIn">
<msg time="2024-06-08T15:15:14.114787" level="INFO">${json_data} = {'results': [{'gender': 'female', 'name': {'title': 'Madame', 'first': 'Paulette', 'last': 'Clement'}, 'location': {'street': {'number': 4649, 'name': 'Rue du 8 Mai 1945'}, 'city': 'Turgi', 'state': '...</msg>
<var>${json_data}</var>
<arg>${response.json()}</arg>
<doc>Returns the given values which can then be assigned to a variables.</doc>
<status status="PASS" start="2024-06-08T15:15:14.114218" elapsed="0.000598"/>
</kw>
<kw name="Log" owner="BuiltIn">
<msg time="2024-06-08T15:15:14.115296" level="INFO">{'results': [{'gender': 'female', 'name': {'title': 'Madame', 'first': 'Paulette', 'last': 'Clement'}, 'location': {'street': {'number': 4649, 'name': 'Rue du 8 Mai 1945'}, 'city': 'Turgi', 'state': 'Solothurn', 'country': 'Switzerland', 'postcode': 6565, 'coordinates': {'latitude': '-57.1234', 'longitude': '98.8045'}, 'timezone': {'offset': '+9:00', 'description': 'Tokyo, Seoul, Osaka, Sapporo, Yakutsk'}}, 'email': 'paulette.clement@example.com', 'login': {'uuid': 'c25e7cea-2a50-4d4c-8a6e-9ce5ce9f10ee', 'username': 'tinymeercat779', 'password': 'grils', 'salt': 'OwcYrVVP', 'md5': 'fbd2496260dc63aa3d1856cd047fc624', 'sha1': '2624f9d21dd2ef72c312b0d85c4a5fb9bd521161', 'sha256': 'c7a6ee2df8cde64383a437295b9f4185a0dfd22e2d2fdf22d543127265286b9a'}, 'dob': {'date': '1996-11-15T06:41:03.395Z', 'age': 27}, 'registered': {'date': '2009-01-07T12:14:47.730Z', 'age': 15}, 'phone': '079 109 92 75', 'cell': '078 015 57 89', 'id': {'name': 'AVS', 'value': '756.1539.0931.71'}, 'picture': {'large': 'https://randomuser.me/api/portraits/women/77.jpg', 'medium': 'https://randomuser.me/api/portraits/med/women/77.jpg', 'thumbnail': 'https://randomuser.me/api/portraits/thumb/women/77.jpg'}, 'nat': 'CH'}], 'info': {'seed': '9c79d3dba76f03f4', 'results': 1, 'page': 1, 'version': '1.4'}}</msg>
<arg>${json_data}</arg>
<doc>Logs the given message with the given level.</doc>
<status status="PASS" start="2024-06-08T15:15:14.115136" elapsed="0.000245"/>
</kw>
<kw name="Should Be Equal As Numbers" owner="BuiltIn">
<arg>${json_data['results'][0]['location']['postcode']}</arg>
<arg>${json_data['results'][0]['location']['postcode']}</arg>
<doc>Fails if objects are unequal after converting them to real numbers.</doc>
<status status="PASS" start="2024-06-08T15:15:14.115694" elapsed="0.000646"/>
</kw>
<kw name="Log" owner="BuiltIn">
<msg time="2024-06-08T15:15:14.116875" level="INFO">6565</msg>
<arg>${json_data['results'][0]['location']['postcode']}</arg>
<doc>Logs the given message with the given level.</doc>
<status status="PASS" start="2024-06-08T15:15:14.116535" elapsed="0.000381"/>
</kw>
<status status="PASS" start="2024-06-08T15:15:14.012518" elapsed="0.104656"/>
</kw>
<doc>Testa se os tipos de dados na resposta da API estão corretos.</doc>
<tag>testeTiposDados</tag>
<status status="PASS" start="2024-06-08T15:15:13.937405" elapsed="0.179944"/>
</test>
<test id="s1-s1-t5" name="Validar conteudo" line="35">
<kw name="Teste de Tipos de Conteudo" owner="random-user-service">
<kw name="GET On Session" owner="RequestsLibrary">
<msg time="2024-06-08T15:15:14.207367" level="INFO">GET Request : url=https://randomuser.me/api 
 path_url=/api 
 headers={'User-Agent': 'python-requests/2.32.3', 'Accept-Encoding': 'gzip, deflate', 'Accept': '*/*', 'Connection': 'keep-alive'} 
 body=None 
 </msg>
<msg time="2024-06-08T15:15:14.207436" level="INFO">GET Response : url=https://randomuser.me/api 
 status=200, reason=OK 
 headers={'Date': 'Sat, 08 Jun 2024 15:15:14 GMT', 'Content-Type': 'application/json; charset=utf-8', 'Transfer-Encoding': 'chunked', 'Connection': 'keep-alive', 'X-Powered-By': 'Express', 'Access-Control-Allow-Origin': '*', 'Cache-Control': 'no-cache', 'ETag': 'W/"49a-ZCdc9GYrP3rgxtZnr1d4eEFIlBM"', 'Vary': 'Accept-Encoding', 'Content-Encoding': 'gzip', 'CF-Cache-Status': 'DYNAMIC', 'Report-To': '{"endpoints":[{"url":"https:\\/\\/a.nel.cloudflare.com\\/report\\/v4?s=P1%2F8lcNeCwXtHENtLlt2z4TUrcKTMzZJ6EezJmtb1mEEWlLvcCR62nRmO6n3nxVezDnhsH8DLNJUACR1k3j%2BiXwmvMybMk32Jdhiy6eJQNEQfwI5sYBoV4hfJ4hwWzqU"}],"group":"cf-nel","max_age":604800}', 'NEL': '{"success_fraction":0,"report_to":"cf-nel","max_age":604800}', 'Server': 'cloudflare', 'CF-RAY': '8909d60d48fe02b4-ORD', 'alt-svc': 'h3=":443"; ma=86400'} 
 body={"results":[{"gender":"male","name":{"title":"Mr","first":"Alfredo","last":"Carbajal"},"location":{"street":{"number":5503,"name":"Retorno Sonora"},"city":"Fronteras","state":"Zacatecas","country":"Mexico","postcode":60829,"coordinates":{"latitude":"25.2324","longitude":"-150.0305"},"timezone":{"offset":"-3:00","description":"Brazil, Buenos Aires, Georgetown"}},"email":"alfredo.carbajal@example.com","login":{"uuid":"1258f4f9-1f28-4528-b580-d38f7f374738","username":"lazybear873","password":"fordf150","salt":"f9iFviFn","md5":"170925d98a86751a77015f8f2aacc3e5","sha1":"55f5fe4d41ef75a27e91e9b859f4234821cf9ad8","sha256":"128b1ac683d7935de42bab97204c9c21630218cdedfebc7ff74a6e6bff458694"},"dob":{"date":"1957-02-22T15:09:54.169Z","age":67},"registered":{"date":"2012-09-21T04:20:11.693Z","age":11},"phone":"(649) 142 4259","cell":"(653) 351 3698","id":{"name":"NSS","value":"21 78 25 5588 6"},"picture":{"large":"https://randomuser.me/api/portraits/men/96.jpg","medium":"https://randomuser.me/api/portraits/med/men/96.jpg","thumbnail":"https://randomuser.me/api/portraits/thumb/men/96.jpg"},"nat":"MX"}],"info":{"seed":"fbd13c2f6399e69e","results":1,"page":1,"version":"1.4"}} 
 </msg>
<msg time="2024-06-08T15:15:14.207496" level="INFO">/opt/hostedtoolcache/Python/3.12.3/x64/lib/python3.12/site-packages/urllib3/connectionpool.py:1103: InsecureRequestWarning: Unverified HTTPS request is being made to host 'randomuser.me'. Adding certificate verification is strongly advised. See: https://urllib3.readthedocs.io/en/latest/advanced-usage.html#tls-warnings
  warnings.warn(</msg>
<msg time="2024-06-08T15:15:14.207593" level="INFO">${response} = &lt;Response [200]&gt;</msg>
<var>${response}</var>
<arg>consultarAPI</arg>
<arg>/api</arg>
<doc>Sends a GET request on a previously created HTTP Session.</doc>
<status status="PASS" start="2024-06-08T15:15:14.120271" elapsed="0.087353"/>
</kw>
<kw name="Set Variable" owner="BuiltIn">
<msg time="2024-06-08T15:15:14.208502" level="INFO">${json_data} = {'results': [{'gender': 'male', 'name': {'title': 'Mr', 'first': 'Alfredo', 'last': 'Carbajal'}, 'location': {'street': {'number': 5503, 'name': 'Retorno Sonora'}, 'city': 'Fronteras', 'state': 'Zacat...</msg>
<var>${json_data}</var>
<arg>${response.json()}</arg>
<doc>Returns the given values which can then be assigned to a variables.</doc>
<status status="PASS" start="2024-06-08T15:15:14.208040" elapsed="0.000490"/>
</kw>
<kw name="Set Variable" owner="BuiltIn">
<msg time="2024-06-08T15:15:14.209218" level="INFO">${name_title} = Mr</msg>
<var>${name_title}</var>
<arg>${json_data["results"][0]["name"]["title"]}</arg>
<doc>Returns the given values which can then be assigned to a variables.</doc>
<status status="PASS" start="2024-06-08T15:15:14.208835" elapsed="0.000409"/>
</kw>
<kw name="Create List" owner="BuiltIn">
<msg time="2024-06-08T15:15:14.209696" level="INFO">${allowed_titles} = ['Mr', 'Ms', 'Miss', 'Mrs', 'Madame', 'Monsieur']</msg>
<var>${allowed_titles}</var>
<arg>Mr</arg>
<arg>Ms</arg>
<arg>Miss</arg>
<arg>Mrs</arg>
<arg>Madame</arg>
<arg>Monsieur</arg>
<doc>Returns a list containing given items.</doc>
<status status="PASS" start="2024-06-08T15:15:14.209544" elapsed="0.000176"/>
</kw>
<kw name="List Should Contain Value" owner="Collections">
<msg time="2024-06-08T15:15:14.210202" level="INFO">False</msg>
<arg>${allowed_titles}</arg>
<arg>${name_title}</arg>
<doc>Fails if the ``value`` is not found from ``list``.</doc>
<status status="PASS" start="2024-06-08T15:15:14.210027" elapsed="0.000211"/>
</kw>
<kw name="Set Variable" owner="BuiltIn">
<msg time="2024-06-08T15:15:14.211136" level="INFO">${name_country} = MX</msg>
<var>${name_country}</var>
<arg>${json_data["results"][0]["nat"]}</arg>
<doc>Returns the given values which can then be assigned to a variables.</doc>
<status status="PASS" start="2024-06-08T15:15:14.210589" elapsed="0.000573"/>
</kw>
<kw name="Create List" owner="BuiltIn">
<msg time="2024-06-08T15:15:14.212081" level="INFO">${list_country} = ['AD', 'AE', 'AF', 'AG', 'AI', 'AL', 'AM', 'AO', 'AQ', 'AR', 'AS', 'AT', 'AU', 'AW', 'AX', 'AZ', 'BA', 'BB', 'BD', 'BE', 'BF', 'BG', 'BH', 'BI', 'BJ', 'BL', 'BM', 'BN', 'BO', 'BQ', 'BR', 'BS', 'BT', '...</msg>
<var>${list_country}</var>
<arg>AD</arg>
<arg>AE</arg>
<arg>AF</arg>
<arg>AG</arg>
<arg>AI</arg>
<arg>AL</arg>
<arg>AM</arg>
<arg>AO</arg>
<arg>AQ</arg>
<arg>AR</arg>
<arg>AS</arg>
<arg>AT</arg>
<arg>AU</arg>
<arg>AW</arg>
<arg>AX</arg>
<arg>AZ</arg>
<arg>BA</arg>
<arg>BB</arg>
<arg>BD</arg>
<arg>BE</arg>
<arg>BF</arg>
<arg>BG</arg>
<arg>BH</arg>
<arg>BI</arg>
<arg>BJ</arg>
<arg>BL</arg>
<arg>BM</arg>
<arg>BN</arg>
<arg>BO</arg>
<arg>BQ</arg>
<arg>BR</arg>
<arg>BS</arg>
<arg>BT</arg>
<arg>BV</arg>
<arg>BW</arg>
<arg>BY</arg>
<arg>BZ</arg>
<arg>CA</arg>
<arg>CC</arg>
<arg>CD</arg>
<arg>CF</arg>
<arg>CG</arg>
<arg>CH</arg>
<arg>CI</arg>
<arg>CK</arg>
<arg>CL</arg>
<arg>CM</arg>
<arg>CN</arg>
<arg>CO</arg>
<arg>CR</arg>
<arg>CU</arg>
<arg>CV</arg>
<arg>CW</arg>
<arg>CX</arg>
<arg>CY</arg>
<arg>CZ</arg>
<arg>DE</arg>
<arg>DJ</arg>
<arg>DK</arg>
<arg>DM</arg>
<arg>DO</arg>
<arg>DZ</arg>
<arg>EC</arg>
<arg>EE</arg>
<arg>EG</arg>
<arg>EH</arg>
<arg>ER</arg>
<arg>ES</arg>
<arg>ET</arg>
<arg>FI</arg>
<arg>FJ</arg>
<arg>FK</arg>
<arg>FM</arg>
<arg>FO</arg>
<arg>FR</arg>
<arg>GA</arg>
<arg>GB</arg>
<arg>GD</arg>
<arg>GE</arg>
<arg>GF</arg>
<arg>GG</arg>
<arg>GH</arg>
<arg>GI</arg>
<arg>GL</arg>
<arg>GM</arg>
<arg>GN</arg>
<arg>GP</arg>
<arg>GQ</arg>
<arg>GR</arg>
<arg>GS</arg>
<arg>GT</arg>
<arg>GU</arg>
<arg>GW</arg>
<arg>GY</arg>
<arg>HK</arg>
<arg>HM</arg>
<arg>HN</arg>
<arg>HR</arg>
<arg>HT</arg>
<arg>HU</arg>
<arg>ID</arg>
<arg>IE</arg>
<arg>IL</arg>
<arg>IM</arg>
<arg>IN</arg>
<arg>IO</arg>
<arg>IQ</arg>
<arg>IR</arg>
<arg>IS</arg>
<arg>IT</arg>
<arg>JE</arg>
<arg>JM</arg>
<arg>JO</arg>
<arg>JP</arg>
<arg>KE</arg>
<arg>KG</arg>
<arg>KH</arg>
<arg>KI</arg>
<arg>KM</arg>
<arg>KN</arg>
<arg>KP</arg>
<arg>KR</arg>
<arg>KW</arg>
<arg>KY</arg>
<arg>KZ</arg>
<arg>LA</arg>
<arg>LB</arg>
<arg>LC</arg>
<arg>LI</arg>
<arg>LK</arg>
<arg>LR</arg>
<arg>LS</arg>
<arg>LT</arg>
<arg>LU</arg>
<arg>LV</arg>
<arg>LY</arg>
<arg>MA</arg>
<arg>MC</arg>
<arg>MD</arg>
<arg>ME</arg>
<arg>MF</arg>
<arg>MG</arg>
<arg>MH</arg>
<arg>MK</arg>
<arg>ML</arg>
<arg>MM</arg>
<arg>MN</arg>
<arg>MO</arg>
<arg>MP</arg>
<arg>MQ</arg>
<arg>MR</arg>
<arg>MS</arg>
<arg>MT</arg>
<arg>MU</arg>
<arg>MV</arg>
<arg>MW</arg>
<arg>MX</arg>
<arg>MY</arg>
<arg>MZ</arg>
<arg>NA</arg>
<arg>NC</arg>
<arg>NE</arg>
<arg>NF</arg>
<arg>NG</arg>
<arg>NI</arg>
<arg>NL</arg>
<arg>NO</arg>
<arg>NP</arg>
<arg>NR</arg>
<arg>NU</arg>
<arg>NZ</arg>
<arg>OM</arg>
<arg>PA</arg>
<arg>PE</arg>
<arg>PF</arg>
<arg>PG</arg>
<arg>PH</arg>
<arg>PK</arg>
<arg>PL</arg>
<arg>PM</arg>
<arg>PN</arg>
<arg>PR</arg>
<arg>PS</arg>
<arg>PT</arg>
<arg>PW</arg>
<arg>PY</arg>
<arg>QA</arg>
<arg>RE</arg>
<arg>RO</arg>
<arg>RS</arg>
<arg>RU</arg>
<arg>RW</arg>
<arg>SA</arg>
<arg>SB</arg>
<arg>SC</arg>
<arg>SD</arg>
<arg>SE</arg>
<arg>SG</arg>
<arg>SH</arg>
<arg>SI</arg>
<arg>SJ</arg>
<arg>SK</arg>
<arg>SL</arg>
<arg>SM</arg>
<arg>SN</arg>
<arg>SO</arg>
<arg>SR</arg>
<arg>SS</arg>
<arg>ST</arg>
<arg>SV</arg>
<arg>SX</arg>
<arg>SY</arg>
<arg>SZ</arg>
<arg>TC</arg>
<arg>TD</arg>
<arg>TF</arg>
<arg>TG</arg>
<arg>TH</arg>
<arg>TJ</arg>
<arg>TK</arg>
<arg>TL</arg>
<arg>TM</arg>
<arg>TN</arg>
<arg>TO</arg>
<arg>TR</arg>
<arg>TT</arg>
<arg>TV</arg>
<arg>TW</arg>
<arg>TZ</arg>
<arg>UA</arg>
<arg>UG</arg>
<arg>UM</arg>
<arg>US</arg>
<arg>UY</arg>
<arg>UZ</arg>
<arg>VA</arg>
<arg>VC</arg>
<arg>VE</arg>
<arg>VG</arg>
<arg>VI</arg>
<arg>VN</arg>
<arg>VU</arg>
<arg>WF</arg>
<arg>WS</arg>
<arg>XK</arg>
<arg>YE</arg>
<arg>YT</arg>
<arg>ZA</arg>
<arg>ZM</arg>
<arg>ZW</arg>
<doc>Returns a list containing given items.</doc>
<status status="PASS" start="2024-06-08T15:15:14.211479" elapsed="0.000632"/>
</kw>
<kw name="List Should Contain Value" owner="Collections">
<msg time="2024-06-08T15:15:14.213117" level="INFO">False</msg>
<arg>${list_country}</arg>
<arg>${name_country}</arg>
<doc>Fails if the ``value`` is not found from ``list``.</doc>
<status status="PASS" start="2024-06-08T15:15:14.212908" elapsed="0.000245"/>
</kw>
<kw name="Run Keyword If" owner="BuiltIn">
<kw name="Should Be True" owner="BuiltIn">
<arg>${True}</arg>
<doc>Fails if the given condition is not true.</doc>
<status status="PASS" start="2024-06-08T15:15:14.214220" elapsed="0.000144"/>
</kw>
<arg>${json_data["results"][0]["location"]["coordinates"]["latitude"]} &gt;= -90 and ${json_data["results"][0]["location"]["coordinates"]["latitude"]} &lt;= 90</arg>
<arg>Should Be True</arg>
<arg>${True}</arg>
<doc>Runs the given keyword with the given arguments, if ``condition`` is true.</doc>
<status status="PASS" start="2024-06-08T15:15:14.213469" elapsed="0.001024"/>
</kw>
<kw name="Run Keyword If" owner="BuiltIn">
<kw name="Should Be True" owner="BuiltIn">
<arg>${True}</arg>
<doc>Fails if the given condition is not true.</doc>
<status status="PASS" start="2024-06-08T15:15:14.215425" elapsed="0.000137"/>
</kw>
<arg>${json_data["results"][0]["location"]["coordinates"]["longitude"]} &gt;= -180 and ${json_data["results"][0]["location"]["coordinates"]["longitude"]} &lt;= 180</arg>
<arg>Should Be True</arg>
<arg>${True}</arg>
<doc>Runs the given keyword with the given arguments, if ``condition`` is true.</doc>
<status status="PASS" start="2024-06-08T15:15:14.214724" elapsed="0.000961"/>
</kw>
<status status="PASS" start="2024-06-08T15:15:14.119868" elapsed="0.095945"/>
</kw>
<doc>Testa o conteúdo específico dos campos retornados pela API.</doc>
<tag>testeConteudo</tag>
<status status="PASS" start="2024-06-08T15:15:14.119182" elapsed="0.096777"/>
</test>
<status status="PASS" start="2024-06-08T15:15:13.230103" elapsed="0.987749"/>
</suite>
<status status="PASS" start="2024-06-08T15:15:13.216453" elapsed="1.006638"/>
</suite>
<statistics>
<total>
<stat pass="5" fail="0" skip="0">All Tests</stat>
</total>
<tag>
<stat pass="1" fail="0" skip="0">testeConteudo</stat>
<stat pass="1" fail="0" skip="0">testeEstruturaResposta</stat>
<stat pass="1" fail="0" skip="0">testeRequisicaoBasica</stat>
<stat pass="1" fail="0" skip="0">testeTiposDados</stat>
</tag>
<suite>
<stat pass="5" fail="0" skip="0" id="s1" name="Tests">Tests</stat>
<stat pass="5" fail="0" skip="0" id="s1-s1" name="Random-User-Test">Tests.Random-User-Test</stat>
</suite>
</statistics>
<errors>
</errors>
</robot>
