<?xml version="1.0" encoding="UTF-8"?>
<robot generator="Robot 7.0 (Python 3.12.3 on linux)" generated="2024-05-04T01:00:48.921809" rpa="false" schemaversion="5">
<suite id="s1" name="Tests" source="/home/runner/work/DesafioQAItauRogerioJordao/DesafioQAItauRogerioJordao/RamdonUser/tests">
<suite id="s1-s1" name="Random-User-Test" source="/home/runner/work/DesafioQAItauRogerioJordao/DesafioQAItauRogerioJordao/RamdonUser/tests/random-user-test.robot">
<test id="s1-s1-t1" name="Conectar" line="13">
<kw name="Conectar API" owner="random-user-service">
<kw name="Create Session" owner="RequestsLibrary">
<msg time="2024-05-04T01:00:49.320758" level="INFO">Creating Session using : alias=consultarAPI, url=https://randomuser.me/, headers={},                     cookies={}, auth=None, timeout=None, proxies=None, verify=False,                     debug=0 </msg>
<arg>consultarAPI</arg>
<arg>${URL}</arg>
<doc>Create Session: create a HTTP session to a server</doc>
<status status="PASS" start="2024-05-04T01:00:49.320568" elapsed="0.000364"/>
</kw>
<status status="PASS" start="2024-05-04T01:00:49.319642" elapsed="0.001636"/>
</kw>
<status status="PASS" start="2024-05-04T01:00:49.319032" elapsed="0.002440"/>
</test>
<test id="s1-s1-t2" name="Validar retorno 200 e JSON Válido" line="16">
<kw name="Teste de Requisicao Basica" owner="random-user-service">
<kw name="GET On Session" owner="RequestsLibrary">
<msg time="2024-05-04T01:00:49.412509" level="INFO">GET Request : url=https://randomuser.me/api 
 path_url=/api 
 headers={'User-Agent': 'python-requests/2.31.0', 'Accept-Encoding': 'gzip, deflate', 'Accept': '*/*', 'Connection': 'keep-alive'} 
 body=None 
 </msg>
<msg time="2024-05-04T01:00:49.412642" level="INFO">GET Response : url=https://randomuser.me/api 
 status=200, reason=OK 
 headers={'Date': 'Sat, 04 May 2024 01:00:49 GMT', 'Content-Type': 'application/json; charset=utf-8', 'Transfer-Encoding': 'chunked', 'Connection': 'keep-alive', 'X-Powered-By': 'Express', 'Access-Control-Allow-Origin': '*', 'Cache-Control': 'no-cache', 'ETag': 'W/"47b-uJU+zZkZ881k52POmz68u1DpjSg"', 'Vary': 'Accept-Encoding', 'Content-Encoding': 'gzip', 'CF-Cache-Status': 'DYNAMIC', 'Report-To': '{"endpoints":[{"url":"https:\\/\\/a.nel.cloudflare.com\\/report\\/v4?s=Yl5Y6mn5Cy9ug%2BMYqpHXlOFVyxDVTAJnqhfwrdFWrRoilSFGXesM8il4cq78lvhkae59E7M1qERrZAfKGpmx%2BLF24Se0YleD4w0kYOMz8uv5kg79pewJg8nEihfIH99G"}],"group":"cf-nel","max_age":604800}', 'NEL': '{"success_fraction":0,"report_to":"cf-nel","max_age":604800}', 'Server': 'cloudflare', 'CF-RAY': '87e48e587af36196-ORD', 'alt-svc': 'h3=":443"; ma=86400'} 
 body={"results":[{"gender":"male","name":{"title":"Mr","first":"Oskari","last":"Saarinen"},"location":{"street":{"number":7820,"name":"Esplanadi"},"city":"Evijärvi","state":"Pirkanmaa","country":"Finland","postcode":14517,"coordinates":{"latitude":"-23.1881","longitude":"-121.4737"},"timezone":{"offset":"+5:45","description":"Kathmandu"}},"email":"oskari.saarinen@example.com","login":{"uuid":"bdbc1080-b5a9-4a5f-a0ad-fae4807af4dd","username":"purpleswan972","password":"427900","salt":"SuPMMu93","md5":"ab7108bc8efa31824dd7c7e7bd17fc2f","sha1":"02068d8f4bd19ea1ae660edc30180c11e211fbcc","sha256":"c3dd75886ef2d1021cd12d440cc73680838fa769d4be3f55563cc72c769787be"},"dob":{"date":"1981-10-03T06:20:10.619Z","age":42},"registered":{"date":"2020-06-14T02:01:42.834Z","age":3},"phone":"06-046-928","cell":"048-752-02-53","id":{"name":"HETU","value":"NaNNA553undefined"},"picture":{"large":"https://randomuser.me/api/portraits/men/25.jpg","medium":"https://randomuser.me/api/portraits/med/men/25.jpg","thumbnail":"https://randomuser.me/api/portraits/thumb/men/25.jpg"},"nat":"FI"}],"info":{"seed":"68aee119f67bff2e","results":1,"page":1,"version":"1.4"}} 
 </msg>
<msg time="2024-05-04T01:00:49.412732" level="INFO">/opt/hostedtoolcache/Python/3.12.3/x64/lib/python3.12/site-packages/urllib3/connectionpool.py:1103: InsecureRequestWarning: Unverified HTTPS request is being made to host 'randomuser.me'. Adding certificate verification is strongly advised. See: https://urllib3.readthedocs.io/en/latest/advanced-usage.html#tls-warnings
  warnings.warn(</msg>
<msg time="2024-05-04T01:00:49.412885" level="INFO">${response} = &lt;Response [200]&gt;</msg>
<var>${response}</var>
<arg>consultarAPI</arg>
<arg>/api</arg>
<doc>Sends a GET request on a previously created HTTP Session.</doc>
<status status="PASS" start="2024-05-04T01:00:49.324119" elapsed="0.088819"/>
</kw>
<kw name="Should Be Equal As Numbers" owner="BuiltIn">
<msg time="2024-05-04T01:00:49.413954" level="INFO">Argument types are:
&lt;class 'int'&gt;
&lt;class 'str'&gt;</msg>
<arg>${response.status_code}</arg>
<arg>200</arg>
<doc>Fails if objects are unequal after converting them to real numbers.</doc>
<status status="PASS" start="2024-05-04T01:00:49.413473" elapsed="0.000544"/>
</kw>
<kw name="Log" owner="BuiltIn">
<msg time="2024-05-04T01:00:49.414731" level="INFO">200</msg>
<arg>${response.status_code}</arg>
<doc>Logs the given message with the given level.</doc>
<status status="PASS" start="2024-05-04T01:00:49.414370" elapsed="0.000403"/>
</kw>
<kw name="Set Variable" owner="BuiltIn">
<msg time="2024-05-04T01:00:49.415567" level="INFO">${json_data} = {'results': [{'gender': 'male', 'name': {'title': 'Mr', 'first': 'Oskari', 'last': 'Saarinen'}, 'location': {'street': {'number': 7820, 'name': 'Esplanadi'}, 'city': 'Evijärvi', 'state': 'Pirkanmaa', ...</msg>
<var>${json_data}</var>
<arg>${response.json()}</arg>
<doc>Returns the given values which can then be assigned to a variables.</doc>
<status status="PASS" start="2024-05-04T01:00:49.415078" elapsed="0.000518"/>
</kw>
<kw name="Dictionary Should Contain Key" owner="Collections">
<msg time="2024-05-04T01:00:49.416068" level="INFO">False</msg>
<arg>${json_data}</arg>
<arg>results</arg>
<doc>Fails if ``key`` is not found from ``dictionary``.</doc>
<status status="PASS" start="2024-05-04T01:00:49.415905" elapsed="0.000203"/>
</kw>
<status status="PASS" start="2024-05-04T01:00:49.323878" elapsed="0.092480"/>
</kw>
<doc>Testa se a API responde corretamente e retorna um objeto JSON válido.</doc>
<tag>testeRequisicaoBasica</tag>
<status status="PASS" start="2024-05-04T01:00:49.323383" elapsed="0.093142"/>
</test>
<test id="s1-s1-t3" name="Validar estrutura de resposta" line="22">
<kw name="Teste de Estrutura de Resposta" owner="random-user-service">
<kw name="GET On Session" owner="RequestsLibrary">
<msg time="2024-05-04T01:00:49.515812" level="INFO">GET Request : url=https://randomuser.me/api 
 path_url=/api 
 headers={'User-Agent': 'python-requests/2.31.0', 'Accept-Encoding': 'gzip, deflate', 'Accept': '*/*', 'Connection': 'keep-alive'} 
 body=None 
 </msg>
<msg time="2024-05-04T01:00:49.515899" level="INFO">GET Response : url=https://randomuser.me/api 
 status=200, reason=OK 
 headers={'Date': 'Sat, 04 May 2024 01:00:49 GMT', 'Content-Type': 'application/json; charset=utf-8', 'Transfer-Encoding': 'chunked', 'Connection': 'keep-alive', 'X-Powered-By': 'Express', 'Access-Control-Allow-Origin': '*', 'Cache-Control': 'no-cache', 'ETag': 'W/"471-VLS/nr97VqRXyWS1qbTjNwfssfw"', 'Vary': 'Accept-Encoding', 'Content-Encoding': 'gzip', 'CF-Cache-Status': 'DYNAMIC', 'Report-To': '{"endpoints":[{"url":"https:\\/\\/a.nel.cloudflare.com\\/report\\/v4?s=kVlq7dk8JIpb1%2BlqnoPS7j8R0a8G3A8ZJ%2FjDR2tLm8UqZq6vCgzFJ4SNaUpc0tJVgqO7%2F8ioWHmtcy5Jryx%2BQGhwLz1nvJ45PFX0rlO0zfxt0g9YpEGz8GNfvqtvfafE"}],"group":"cf-nel","max_age":604800}', 'NEL': '{"success_fraction":0,"report_to":"cf-nel","max_age":604800}', 'Server': 'cloudflare', 'CF-RAY': '87e48e58db6c6196-ORD', 'alt-svc': 'h3=":443"; ma=86400'} 
 body={"results":[{"gender":"male","name":{"title":"Mr","first":"Isaac","last":"Davies"},"location":{"street":{"number":1920,"name":"Hillside Road"},"city":"Masterton","state":"Taranaki","country":"New Zealand","postcode":93140,"coordinates":{"latitude":"52.8148","longitude":"-55.6895"},"timezone":{"offset":"+9:30","description":"Adelaide, Darwin"}},"email":"isaac.davies@example.com","login":{"uuid":"72e367be-4b14-4f64-b915-ce36f72e3534","username":"bigfrog828","password":"miriam","salt":"sSgp7zrD","md5":"334e56f6025dc9665a5341c146f0f08d","sha1":"493323db7c159df5981bebd3e0785870422eaee7","sha256":"2db5a9a56cd69d621430efe160fed0f9eb2b4dffca607dfb44db43d56b7f6584"},"dob":{"date":"1994-12-18T17:29:06.741Z","age":29},"registered":{"date":"2006-06-17T18:22:03.012Z","age":17},"phone":"(941)-923-1245","cell":"(063)-190-1178","id":{"name":"","value":null},"picture":{"large":"https://randomuser.me/api/portraits/men/38.jpg","medium":"https://randomuser.me/api/portraits/med/men/38.jpg","thumbnail":"https://randomuser.me/api/portraits/thumb/men/38.jpg"},"nat":"NZ"}],"info":{"seed":"04e7f7be4d092461","results":1,"page":1,"version":"1.4"}} 
 </msg>
<msg time="2024-05-04T01:00:49.516020" level="INFO">/opt/hostedtoolcache/Python/3.12.3/x64/lib/python3.12/site-packages/urllib3/connectionpool.py:1103: InsecureRequestWarning: Unverified HTTPS request is being made to host 'randomuser.me'. Adding certificate verification is strongly advised. See: https://urllib3.readthedocs.io/en/latest/advanced-usage.html#tls-warnings
  warnings.warn(</msg>
<msg time="2024-05-04T01:00:49.516147" level="INFO">${response} = &lt;Response [200]&gt;</msg>
<var>${response}</var>
<arg>consultarAPI</arg>
<arg>/api</arg>
<doc>Sends a GET request on a previously created HTTP Session.</doc>
<status status="PASS" start="2024-05-04T01:00:49.419129" elapsed="0.097074"/>
</kw>
<kw name="Set Variable" owner="BuiltIn">
<msg time="2024-05-04T01:00:49.517231" level="INFO">${json_data} = {'results': [{'gender': 'male', 'name': {'title': 'Mr', 'first': 'Isaac', 'last': 'Davies'}, 'location': {'street': {'number': 1920, 'name': 'Hillside Road'}, 'city': 'Masterton', 'state': 'Taranaki',...</msg>
<var>${json_data}</var>
<arg>${response.json()}</arg>
<doc>Returns the given values which can then be assigned to a variables.</doc>
<status status="PASS" start="2024-05-04T01:00:49.516685" elapsed="0.000575"/>
</kw>
<kw name="Log" owner="BuiltIn">
<msg time="2024-05-04T01:00:49.517723" level="INFO">{'results': [{'gender': 'male', 'name': {'title': 'Mr', 'first': 'Isaac', 'last': 'Davies'}, 'location': {'street': {'number': 1920, 'name': 'Hillside Road'}, 'city': 'Masterton', 'state': 'Taranaki', 'country': 'New Zealand', 'postcode': 93140, 'coordinates': {'latitude': '52.8148', 'longitude': '-55.6895'}, 'timezone': {'offset': '+9:30', 'description': 'Adelaide, Darwin'}}, 'email': 'isaac.davies@example.com', 'login': {'uuid': '72e367be-4b14-4f64-b915-ce36f72e3534', 'username': 'bigfrog828', 'password': 'miriam', 'salt': 'sSgp7zrD', 'md5': '334e56f6025dc9665a5341c146f0f08d', 'sha1': '493323db7c159df5981bebd3e0785870422eaee7', 'sha256': '2db5a9a56cd69d621430efe160fed0f9eb2b4dffca607dfb44db43d56b7f6584'}, 'dob': {'date': '1994-12-18T17:29:06.741Z', 'age': 29}, 'registered': {'date': '2006-06-17T18:22:03.012Z', 'age': 17}, 'phone': '(941)-923-1245', 'cell': '(063)-190-1178', 'id': {'name': '', 'value': None}, 'picture': {'large': 'https://randomuser.me/api/portraits/men/38.jpg', 'medium': 'https://randomuser.me/api/portraits/med/men/38.jpg', 'thumbnail': 'https://randomuser.me/api/portraits/thumb/men/38.jpg'}, 'nat': 'NZ'}], 'info': {'seed': '04e7f7be4d092461', 'results': 1, 'page': 1, 'version': '1.4'}}</msg>
<arg>${json_data}</arg>
<doc>Logs the given message with the given level.</doc>
<status status="PASS" start="2024-05-04T01:00:49.517569" elapsed="0.000208"/>
</kw>
<kw name="Dictionary Should Contain Key" owner="Collections">
<msg time="2024-05-04T01:00:49.518238" level="INFO">False</msg>
<arg>${json_data}</arg>
<arg>results</arg>
<doc>Fails if ``key`` is not found from ``dictionary``.</doc>
<status status="PASS" start="2024-05-04T01:00:49.518077" elapsed="0.000198"/>
</kw>
<kw name="Should Not Be Empty" owner="BuiltIn">
<msg time="2024-05-04T01:00:49.518700" level="INFO">Length is 2.</msg>
<arg>${json_data}</arg>
<doc>Verifies that the given item is not empty.</doc>
<status status="PASS" start="2024-05-04T01:00:49.518566" elapsed="0.000172"/>
</kw>
<kw name="Create List" owner="BuiltIn">
<msg time="2024-05-04T01:00:49.519350" level="INFO">${expected_keys} = ['gender', 'name', 'location', 'email', 'login']</msg>
<var>${expected_keys}</var>
<arg>gender</arg>
<arg>name</arg>
<arg>location</arg>
<arg>email</arg>
<arg>login</arg>
<doc>Returns a list containing given items.</doc>
<status status="PASS" start="2024-05-04T01:00:49.519027" elapsed="0.000350"/>
</kw>
<for flavor="IN">
<iter>
<kw name="Dictionary Should Contain Key" owner="Collections">
<msg time="2024-05-04T01:00:49.520372" level="INFO">False</msg>
<arg>${json_data['results'][0]}</arg>
<arg>${key}</arg>
<doc>Fails if ``key`` is not found from ``dictionary``.</doc>
<status status="PASS" start="2024-05-04T01:00:49.519964" elapsed="0.000447"/>
</kw>
<kw name="Log" owner="BuiltIn">
<msg time="2024-05-04T01:00:49.521093" level="INFO">{'gender': 'male', 'name': {'title': 'Mr', 'first': 'Isaac', 'last': 'Davies'}, 'location': {'street': {'number': 1920, 'name': 'Hillside Road'}, 'city': 'Masterton', 'state': 'Taranaki', 'country': 'New Zealand', 'postcode': 93140, 'coordinates': {'latitude': '52.8148', 'longitude': '-55.6895'}, 'timezone': {'offset': '+9:30', 'description': 'Adelaide, Darwin'}}, 'email': 'isaac.davies@example.com', 'login': {'uuid': '72e367be-4b14-4f64-b915-ce36f72e3534', 'username': 'bigfrog828', 'password': 'miriam', 'salt': 'sSgp7zrD', 'md5': '334e56f6025dc9665a5341c146f0f08d', 'sha1': '493323db7c159df5981bebd3e0785870422eaee7', 'sha256': '2db5a9a56cd69d621430efe160fed0f9eb2b4dffca607dfb44db43d56b7f6584'}, 'dob': {'date': '1994-12-18T17:29:06.741Z', 'age': 29}, 'registered': {'date': '2006-06-17T18:22:03.012Z', 'age': 17}, 'phone': '(941)-923-1245', 'cell': '(063)-190-1178', 'id': {'name': '', 'value': None}, 'picture': {'large': 'https://randomuser.me/api/portraits/men/38.jpg', 'medium': 'https://randomuser.me/api/portraits/med/men/38.jpg', 'thumbnail': 'https://randomuser.me/api/portraits/thumb/men/38.jpg'}, 'nat': 'NZ'}</msg>
<arg>${json_data['results'][0]}</arg>
<doc>Logs the given message with the given level.</doc>
<status status="PASS" start="2024-05-04T01:00:49.520714" elapsed="0.000427"/>
</kw>
<kw name="Log" owner="BuiltIn">
<msg time="2024-05-04T01:00:49.521570" level="INFO">gender</msg>
<arg>${key}</arg>
<doc>Logs the given message with the given level.</doc>
<status status="PASS" start="2024-05-04T01:00:49.521442" elapsed="0.000165"/>
</kw>
<var name="${key}">gender</var>
<status status="PASS" start="2024-05-04T01:00:49.519839" elapsed="0.001982"/>
</iter>
<iter>
<kw name="Dictionary Should Contain Key" owner="Collections">
<msg time="2024-05-04T01:00:49.522512" level="INFO">False</msg>
<arg>${json_data['results'][0]}</arg>
<arg>${key}</arg>
<doc>Fails if ``key`` is not found from ``dictionary``.</doc>
<status status="PASS" start="2024-05-04T01:00:49.522127" elapsed="0.000422"/>
</kw>
<kw name="Log" owner="BuiltIn">
<msg time="2024-05-04T01:00:49.523266" level="INFO">{'gender': 'male', 'name': {'title': 'Mr', 'first': 'Isaac', 'last': 'Davies'}, 'location': {'street': {'number': 1920, 'name': 'Hillside Road'}, 'city': 'Masterton', 'state': 'Taranaki', 'country': 'New Zealand', 'postcode': 93140, 'coordinates': {'latitude': '52.8148', 'longitude': '-55.6895'}, 'timezone': {'offset': '+9:30', 'description': 'Adelaide, Darwin'}}, 'email': 'isaac.davies@example.com', 'login': {'uuid': '72e367be-4b14-4f64-b915-ce36f72e3534', 'username': 'bigfrog828', 'password': 'miriam', 'salt': 'sSgp7zrD', 'md5': '334e56f6025dc9665a5341c146f0f08d', 'sha1': '493323db7c159df5981bebd3e0785870422eaee7', 'sha256': '2db5a9a56cd69d621430efe160fed0f9eb2b4dffca607dfb44db43d56b7f6584'}, 'dob': {'date': '1994-12-18T17:29:06.741Z', 'age': 29}, 'registered': {'date': '2006-06-17T18:22:03.012Z', 'age': 17}, 'phone': '(941)-923-1245', 'cell': '(063)-190-1178', 'id': {'name': '', 'value': None}, 'picture': {'large': 'https://randomuser.me/api/portraits/men/38.jpg', 'medium': 'https://randomuser.me/api/portraits/med/men/38.jpg', 'thumbnail': 'https://randomuser.me/api/portraits/thumb/men/38.jpg'}, 'nat': 'NZ'}</msg>
<arg>${json_data['results'][0]}</arg>
<doc>Logs the given message with the given level.</doc>
<status status="PASS" start="2024-05-04T01:00:49.522874" elapsed="0.000442"/>
</kw>
<kw name="Log" owner="BuiltIn">
<msg time="2024-05-04T01:00:49.523742" level="INFO">name</msg>
<arg>${key}</arg>
<doc>Logs the given message with the given level.</doc>
<status status="PASS" start="2024-05-04T01:00:49.523616" elapsed="0.000164"/>
</kw>
<var name="${key}">name</var>
<status status="PASS" start="2024-05-04T01:00:49.522010" elapsed="0.001984"/>
</iter>
<iter>
<kw name="Dictionary Should Contain Key" owner="Collections">
<msg time="2024-05-04T01:00:49.524676" level="INFO">False</msg>
<arg>${json_data['results'][0]}</arg>
<arg>${key}</arg>
<doc>Fails if ``key`` is not found from ``dictionary``.</doc>
<status status="PASS" start="2024-05-04T01:00:49.524286" elapsed="0.000428"/>
</kw>
<kw name="Log" owner="BuiltIn">
<msg time="2024-05-04T01:00:49.525375" level="INFO">{'gender': 'male', 'name': {'title': 'Mr', 'first': 'Isaac', 'last': 'Davies'}, 'location': {'street': {'number': 1920, 'name': 'Hillside Road'}, 'city': 'Masterton', 'state': 'Taranaki', 'country': 'New Zealand', 'postcode': 93140, 'coordinates': {'latitude': '52.8148', 'longitude': '-55.6895'}, 'timezone': {'offset': '+9:30', 'description': 'Adelaide, Darwin'}}, 'email': 'isaac.davies@example.com', 'login': {'uuid': '72e367be-4b14-4f64-b915-ce36f72e3534', 'username': 'bigfrog828', 'password': 'miriam', 'salt': 'sSgp7zrD', 'md5': '334e56f6025dc9665a5341c146f0f08d', 'sha1': '493323db7c159df5981bebd3e0785870422eaee7', 'sha256': '2db5a9a56cd69d621430efe160fed0f9eb2b4dffca607dfb44db43d56b7f6584'}, 'dob': {'date': '1994-12-18T17:29:06.741Z', 'age': 29}, 'registered': {'date': '2006-06-17T18:22:03.012Z', 'age': 17}, 'phone': '(941)-923-1245', 'cell': '(063)-190-1178', 'id': {'name': '', 'value': None}, 'picture': {'large': 'https://randomuser.me/api/portraits/men/38.jpg', 'medium': 'https://randomuser.me/api/portraits/med/men/38.jpg', 'thumbnail': 'https://randomuser.me/api/portraits/thumb/men/38.jpg'}, 'nat': 'NZ'}</msg>
<arg>${json_data['results'][0]}</arg>
<doc>Logs the given message with the given level.</doc>
<status status="PASS" start="2024-05-04T01:00:49.525013" elapsed="0.000410"/>
</kw>
<kw name="Log" owner="BuiltIn">
<msg time="2024-05-04T01:00:49.525849" level="INFO">location</msg>
<arg>${key}</arg>
<doc>Logs the given message with the given level.</doc>
<status status="PASS" start="2024-05-04T01:00:49.525722" elapsed="0.000172"/>
</kw>
<var name="${key}">location</var>
<status status="PASS" start="2024-05-04T01:00:49.524174" elapsed="0.001932"/>
</iter>
<iter>
<kw name="Dictionary Should Contain Key" owner="Collections">
<msg time="2024-05-04T01:00:49.526777" level="INFO">False</msg>
<arg>${json_data['results'][0]}</arg>
<arg>${key}</arg>
<doc>Fails if ``key`` is not found from ``dictionary``.</doc>
<status status="PASS" start="2024-05-04T01:00:49.526392" elapsed="0.000423"/>
</kw>
<kw name="Log" owner="BuiltIn">
<msg time="2024-05-04T01:00:49.527499" level="INFO">{'gender': 'male', 'name': {'title': 'Mr', 'first': 'Isaac', 'last': 'Davies'}, 'location': {'street': {'number': 1920, 'name': 'Hillside Road'}, 'city': 'Masterton', 'state': 'Taranaki', 'country': 'New Zealand', 'postcode': 93140, 'coordinates': {'latitude': '52.8148', 'longitude': '-55.6895'}, 'timezone': {'offset': '+9:30', 'description': 'Adelaide, Darwin'}}, 'email': 'isaac.davies@example.com', 'login': {'uuid': '72e367be-4b14-4f64-b915-ce36f72e3534', 'username': 'bigfrog828', 'password': 'miriam', 'salt': 'sSgp7zrD', 'md5': '334e56f6025dc9665a5341c146f0f08d', 'sha1': '493323db7c159df5981bebd3e0785870422eaee7', 'sha256': '2db5a9a56cd69d621430efe160fed0f9eb2b4dffca607dfb44db43d56b7f6584'}, 'dob': {'date': '1994-12-18T17:29:06.741Z', 'age': 29}, 'registered': {'date': '2006-06-17T18:22:03.012Z', 'age': 17}, 'phone': '(941)-923-1245', 'cell': '(063)-190-1178', 'id': {'name': '', 'value': None}, 'picture': {'large': 'https://randomuser.me/api/portraits/men/38.jpg', 'medium': 'https://randomuser.me/api/portraits/med/men/38.jpg', 'thumbnail': 'https://randomuser.me/api/portraits/thumb/men/38.jpg'}, 'nat': 'NZ'}</msg>
<arg>${json_data['results'][0]}</arg>
<doc>Logs the given message with the given level.</doc>
<status status="PASS" start="2024-05-04T01:00:49.527112" elapsed="0.000435"/>
</kw>
<kw name="Log" owner="BuiltIn">
<msg time="2024-05-04T01:00:49.527967" level="INFO">email</msg>
<arg>${key}</arg>
<doc>Logs the given message with the given level.</doc>
<status status="PASS" start="2024-05-04T01:00:49.527840" elapsed="0.000164"/>
</kw>
<var name="${key}">email</var>
<status status="PASS" start="2024-05-04T01:00:49.526281" elapsed="0.001943"/>
</iter>
<iter>
<kw name="Dictionary Should Contain Key" owner="Collections">
<msg time="2024-05-04T01:00:49.528899" level="INFO">False</msg>
<arg>${json_data['results'][0]}</arg>
<arg>${key}</arg>
<doc>Fails if ``key`` is not found from ``dictionary``.</doc>
<status status="PASS" start="2024-05-04T01:00:49.528511" elapsed="0.000426"/>
</kw>
<kw name="Log" owner="BuiltIn">
<msg time="2024-05-04T01:00:49.529602" level="INFO">{'gender': 'male', 'name': {'title': 'Mr', 'first': 'Isaac', 'last': 'Davies'}, 'location': {'street': {'number': 1920, 'name': 'Hillside Road'}, 'city': 'Masterton', 'state': 'Taranaki', 'country': 'New Zealand', 'postcode': 93140, 'coordinates': {'latitude': '52.8148', 'longitude': '-55.6895'}, 'timezone': {'offset': '+9:30', 'description': 'Adelaide, Darwin'}}, 'email': 'isaac.davies@example.com', 'login': {'uuid': '72e367be-4b14-4f64-b915-ce36f72e3534', 'username': 'bigfrog828', 'password': 'miriam', 'salt': 'sSgp7zrD', 'md5': '334e56f6025dc9665a5341c146f0f08d', 'sha1': '493323db7c159df5981bebd3e0785870422eaee7', 'sha256': '2db5a9a56cd69d621430efe160fed0f9eb2b4dffca607dfb44db43d56b7f6584'}, 'dob': {'date': '1994-12-18T17:29:06.741Z', 'age': 29}, 'registered': {'date': '2006-06-17T18:22:03.012Z', 'age': 17}, 'phone': '(941)-923-1245', 'cell': '(063)-190-1178', 'id': {'name': '', 'value': None}, 'picture': {'large': 'https://randomuser.me/api/portraits/men/38.jpg', 'medium': 'https://randomuser.me/api/portraits/med/men/38.jpg', 'thumbnail': 'https://randomuser.me/api/portraits/thumb/men/38.jpg'}, 'nat': 'NZ'}</msg>
<arg>${json_data['results'][0]}</arg>
<doc>Logs the given message with the given level.</doc>
<status status="PASS" start="2024-05-04T01:00:49.529228" elapsed="0.000421"/>
</kw>
<kw name="Log" owner="BuiltIn">
<msg time="2024-05-04T01:00:49.530075" level="INFO">login</msg>
<arg>${key}</arg>
<doc>Logs the given message with the given level.</doc>
<status status="PASS" start="2024-05-04T01:00:49.529949" elapsed="0.000164"/>
</kw>
<var name="${key}">login</var>
<status status="PASS" start="2024-05-04T01:00:49.528399" elapsed="0.001933"/>
</iter>
<var>${key}</var>
<value>@{expected_keys}</value>
<status status="PASS" start="2024-05-04T01:00:49.519657" elapsed="0.010795"/>
</for>
<kw name="Create List" owner="BuiltIn">
<msg time="2024-05-04T01:00:49.530811" level="INFO">${expected_keysTwo} = ['username', 'password']</msg>
<var>${expected_keysTwo}</var>
<arg>username</arg>
<arg>password</arg>
<doc>Returns a list containing given items.</doc>
<status status="PASS" start="2024-05-04T01:00:49.530674" elapsed="0.000161"/>
</kw>
<for flavor="IN">
<iter>
<kw name="Dictionary Should Contain Key" owner="Collections">
<msg time="2024-05-04T01:00:49.531753" level="INFO">False</msg>
<arg>${json_data['results'][0]['login']}</arg>
<arg>${keyTwo}</arg>
<doc>Fails if ``key`` is not found from ``dictionary``.</doc>
<status status="PASS" start="2024-05-04T01:00:49.531369" elapsed="0.000422"/>
</kw>
<kw name="Dictionary Should Contain Key" owner="Collections">
<msg time="2024-05-04T01:00:49.532470" level="INFO">False</msg>
<arg>${json_data['results'][0]['login']}</arg>
<arg>${keyTwo}</arg>
<doc>Fails if ``key`` is not found from ``dictionary``.</doc>
<status status="PASS" start="2024-05-04T01:00:49.532084" elapsed="0.000424"/>
</kw>
<kw name="Log" owner="BuiltIn">
<msg time="2024-05-04T01:00:49.532924" level="INFO">username</msg>
<arg>${keyTwo}</arg>
<doc>Logs the given message with the given level.</doc>
<status status="PASS" start="2024-05-04T01:00:49.532799" elapsed="0.000167"/>
</kw>
<var name="${keyTwo}">username</var>
<status status="PASS" start="2024-05-04T01:00:49.531256" elapsed="0.001923"/>
</iter>
<iter>
<kw name="Dictionary Should Contain Key" owner="Collections">
<msg time="2024-05-04T01:00:49.533840" level="INFO">False</msg>
<arg>${json_data['results'][0]['login']}</arg>
<arg>${keyTwo}</arg>
<doc>Fails if ``key`` is not found from ``dictionary``.</doc>
<status status="PASS" start="2024-05-04T01:00:49.533458" elapsed="0.000419"/>
</kw>
<kw name="Dictionary Should Contain Key" owner="Collections">
<msg time="2024-05-04T01:00:49.534617" level="INFO">False</msg>
<arg>${json_data['results'][0]['login']}</arg>
<arg>${keyTwo}</arg>
<doc>Fails if ``key`` is not found from ``dictionary``.</doc>
<status status="PASS" start="2024-05-04T01:00:49.534164" elapsed="0.000491"/>
</kw>
<kw name="Log" owner="BuiltIn">
<msg time="2024-05-04T01:00:49.535075" level="INFO">password</msg>
<arg>${keyTwo}</arg>
<doc>Logs the given message with the given level.</doc>
<status status="PASS" start="2024-05-04T01:00:49.534949" elapsed="0.000163"/>
</kw>
<var name="${keyTwo}">password</var>
<status status="PASS" start="2024-05-04T01:00:49.533350" elapsed="0.002012"/>
</iter>
<var>${keyTwo}</var>
<value>@{expected_keysTwo}</value>
<status status="PASS" start="2024-05-04T01:00:49.531070" elapsed="0.004416"/>
</for>
<status status="PASS" start="2024-05-04T01:00:49.418896" elapsed="0.116726"/>
</kw>
<doc>Testa a estrutura da resposta da API.</doc>
<tag>testeEstruturaResposta</tag>
<status status="PASS" start="2024-05-04T01:00:49.418333" elapsed="0.117436"/>
</test>
<test id="s1-s1-t4" name="Validar tipos de dados" line="28">
<kw name="Teste de Tipos de Dados" owner="random-user-service">
<kw name="GET On Session" owner="RequestsLibrary">
<msg time="2024-05-04T01:00:49.622791" level="INFO">GET Request : url=https://randomuser.me/api 
 path_url=/api 
 headers={'User-Agent': 'python-requests/2.31.0', 'Accept-Encoding': 'gzip, deflate', 'Accept': '*/*', 'Connection': 'keep-alive'} 
 body=None 
 </msg>
<msg time="2024-05-04T01:00:49.622876" level="INFO">GET Response : url=https://randomuser.me/api 
 status=200, reason=OK 
 headers={'Date': 'Sat, 04 May 2024 01:00:49 GMT', 'Content-Type': 'application/json; charset=utf-8', 'Transfer-Encoding': 'chunked', 'Connection': 'keep-alive', 'X-Powered-By': 'Express', 'Access-Control-Allow-Origin': '*', 'Cache-Control': 'no-cache', 'ETag': 'W/"487-lSs2NxWvFYBgnXCni4TVI3Ag6EQ"', 'Vary': 'Accept-Encoding', 'Content-Encoding': 'gzip', 'CF-Cache-Status': 'DYNAMIC', 'Report-To': '{"endpoints":[{"url":"https:\\/\\/a.nel.cloudflare.com\\/report\\/v4?s=S03fjlUzBXiAWuH4ysF2Rng4AWztJhJoBvaGYyjgn6iMWv5EfpSe8e%2BbF6Q9jnILWztNprlMihuu1TOAaRevOC6E9LWrmcNqxFK4SfScjFESBIYlYRzloYv9o7lnBlL1"}],"group":"cf-nel","max_age":604800}', 'NEL': '{"success_fraction":0,"report_to":"cf-nel","max_age":604800}', 'Server': 'cloudflare', 'CF-RAY': '87e48e599c486196-ORD', 'alt-svc': 'h3=":443"; ma=86400'} 
 body={"results":[{"gender":"female","name":{"title":"Mrs","first":"کیانا","last":"نكو نظر"},"location":{"street":{"number":7493,"name":"سمیه"},"city":"اسلام‌شهر","state":"خراسان جنوبی","country":"Iran","postcode":89845,"coordinates":{"latitude":"19.1621","longitude":"61.6982"},"timezone":{"offset":"+4:30","description":"Kabul"}},"email":"khyn.nkwnzr@example.com","login":{"uuid":"eb8ab514-ec0b-4227-af37-7943799a4a41","username":"heavyladybug644","password":"clean","salt":"WaTliC47","md5":"43c11fec8f1d98c45b6ea285f7790012","sha1":"95b4e884304dedc21270b6fb4e52af6f303ba845","sha256":"df1a4413d507b92d72bed44a165d6805b9469546267f751650c2507a2d0634eb"},"dob":{"date":"1959-06-24T12:03:03.504Z","age":64},"registered":{"date":"2006-08-12T10:04:11.800Z","age":17},"phone":"055-62621643","cell":"0999-597-7429","id":{"name":"","value":null},"picture":{"large":"https://randomuser.me/api/portraits/women/43.jpg","medium":"https://randomuser.me/api/portraits/med/women/43.jpg","thumbnail":"https://randomuser.me/api/portraits/thumb/women/43.jpg"},"nat":"IR"}],"info":{"seed":"c48b631e269828ae","results":1,"page":1,"version":"1.4"}} 
 </msg>
<msg time="2024-05-04T01:00:49.622950" level="INFO">/opt/hostedtoolcache/Python/3.12.3/x64/lib/python3.12/site-packages/urllib3/connectionpool.py:1103: InsecureRequestWarning: Unverified HTTPS request is being made to host 'randomuser.me'. Adding certificate verification is strongly advised. See: https://urllib3.readthedocs.io/en/latest/advanced-usage.html#tls-warnings
  warnings.warn(</msg>
<msg time="2024-05-04T01:00:49.623065" level="INFO">${response} = &lt;Response [200]&gt;</msg>
<var>${response}</var>
<arg>consultarAPI</arg>
<arg>/api</arg>
<doc>Sends a GET request on a previously created HTTP Session.</doc>
<status status="PASS" start="2024-05-04T01:00:49.538255" elapsed="0.084864"/>
</kw>
<kw name="Set Variable" owner="BuiltIn">
<msg time="2024-05-04T01:00:49.624256" level="INFO">${json_data} = {'results': [{'gender': 'female', 'name': {'title': 'Mrs', 'first': 'کیانا', 'last': 'نكو نظر'}, 'location': {'street': {'number': 7493, 'name': 'سمیه'}, 'city': 'اسلام\u200cشهر', 'state': 'خراسان جنو...</msg>
<var>${json_data}</var>
<arg>${response.json()}</arg>
<doc>Returns the given values which can then be assigned to a variables.</doc>
<status status="PASS" start="2024-05-04T01:00:49.623696" elapsed="0.000591"/>
</kw>
<kw name="Log" owner="BuiltIn">
<msg time="2024-05-04T01:00:49.624752" level="INFO">{'results': [{'gender': 'female', 'name': {'title': 'Mrs', 'first': 'کیانا', 'last': 'نكو نظر'}, 'location': {'street': {'number': 7493, 'name': 'سمیه'}, 'city': 'اسلام\u200cشهر', 'state': 'خراسان جنوبی', 'country': 'Iran', 'postcode': 89845, 'coordinates': {'latitude': '19.1621', 'longitude': '61.6982'}, 'timezone': {'offset': '+4:30', 'description': 'Kabul'}}, 'email': 'khyn.nkwnzr@example.com', 'login': {'uuid': 'eb8ab514-ec0b-4227-af37-7943799a4a41', 'username': 'heavyladybug644', 'password': 'clean', 'salt': 'WaTliC47', 'md5': '43c11fec8f1d98c45b6ea285f7790012', 'sha1': '95b4e884304dedc21270b6fb4e52af6f303ba845', 'sha256': 'df1a4413d507b92d72bed44a165d6805b9469546267f751650c2507a2d0634eb'}, 'dob': {'date': '1959-06-24T12:03:03.504Z', 'age': 64}, 'registered': {'date': '2006-08-12T10:04:11.800Z', 'age': 17}, 'phone': '055-62621643', 'cell': '0999-597-7429', 'id': {'name': '', 'value': None}, 'picture': {'large': 'https://randomuser.me/api/portraits/women/43.jpg', 'medium': 'https://randomuser.me/api/portraits/med/women/43.jpg', 'thumbnail': 'https://randomuser.me/api/portraits/thumb/women/43.jpg'}, 'nat': 'IR'}], 'info': {'seed': 'c48b631e269828ae', 'results': 1, 'page': 1, 'version': '1.4'}}</msg>
<arg>${json_data}</arg>
<doc>Logs the given message with the given level.</doc>
<status status="PASS" start="2024-05-04T01:00:49.624596" elapsed="0.000205"/>
</kw>
<kw name="Should Be String" owner="String">
<arg>${json_data['results'][0]['gender']}</arg>
<doc>Fails if the given ``item`` is not a string.</doc>
<status status="PASS" start="2024-05-04T01:00:49.625126" elapsed="0.000361"/>
</kw>
<kw name="Should Match Regexp" owner="BuiltIn">
<arg>${json_data['results'][0]['email']}</arg>
<arg>^[a-zA-Z0-9._%+-]+@[a-zA-Z0-9.-]+\.[a-zA-Z]{2,}$</arg>
<doc>Fails if ``string`` does not match ``pattern`` as a regular expression.</doc>
<status status="PASS" start="2024-05-04T01:00:49.625678" elapsed="0.000498"/>
</kw>
<kw name="Should Match Regexp" owner="BuiltIn">
<arg>${json_data['results'][0]['dob']['date']}</arg>
<arg>\\d{4}-\\d{2}-\\d{2}T\\d{2}:\\d{2}:\\d{2}\\.\\d{3}Z</arg>
<doc>Fails if ``string`` does not match ``pattern`` as a regular expression.</doc>
<status status="PASS" start="2024-05-04T01:00:49.626372" elapsed="0.000477"/>
</kw>
<kw name="Should Match Regexp" owner="BuiltIn">
<arg>${json_data['results'][0]['registered']['date']}</arg>
<arg>\\d{4}-\\d{2}-\\d{2}T\\d{2}:\\d{2}:\\d{2}\\.\\d{3}Z</arg>
<doc>Fails if ``string`` does not match ``pattern`` as a regular expression.</doc>
<status status="PASS" start="2024-05-04T01:00:49.627037" elapsed="0.000419"/>
</kw>
<kw name="Should Match Regexp" owner="BuiltIn">
<arg>${json_data['results'][0]['picture']['large']}</arg>
<arg>^https?://.*\.(?:png|jpe?g|gif|bmp)$</arg>
<doc>Fails if ``string`` does not match ``pattern`` as a regular expression.</doc>
<status status="PASS" start="2024-05-04T01:00:49.627649" elapsed="0.000467"/>
</kw>
<kw name="Should Match Regexp" owner="BuiltIn">
<arg>${json_data['results'][0]['picture']['medium']}</arg>
<arg>^https?://.*\.(?:png|jpe?g|gif|bmp)$</arg>
<doc>Fails if ``string`` does not match ``pattern`` as a regular expression.</doc>
<status status="PASS" start="2024-05-04T01:00:49.628305" elapsed="0.000363"/>
</kw>
<kw name="Should Match Regexp" owner="BuiltIn">
<arg>${json_data['results'][0]['picture']['thumbnail']}</arg>
<arg>^https?://.*\.(?:png|jpe?g|gif|bmp)$</arg>
<doc>Fails if ``string`` does not match ``pattern`` as a regular expression.</doc>
<status status="PASS" start="2024-05-04T01:00:49.628858" elapsed="0.000353"/>
</kw>
<kw name="Log" owner="BuiltIn">
<msg time="2024-05-04T01:00:49.629724" level="INFO">{'large': 'https://randomuser.me/api/portraits/women/43.jpg', 'medium': 'https://randomuser.me/api/portraits/med/women/43.jpg', 'thumbnail': 'https://randomuser.me/api/portraits/thumb/women/43.jpg'}</msg>
<arg>${json_data['results'][0]['picture']}</arg>
<doc>Logs the given message with the given level.</doc>
<status status="PASS" start="2024-05-04T01:00:49.629393" elapsed="0.000372"/>
</kw>
<status status="PASS" start="2024-05-04T01:00:49.538035" elapsed="0.091982"/>
</kw>
<kw name="Teste de Tipos de Dados - Postcode" owner="random-user-service">
<kw name="GET On Session" owner="RequestsLibrary">
<msg time="2024-05-04T01:00:49.722645" level="INFO">GET Request : url=https://randomuser.me/api 
 path_url=/api 
 headers={'User-Agent': 'python-requests/2.31.0', 'Accept-Encoding': 'gzip, deflate', 'Accept': '*/*', 'Connection': 'keep-alive'} 
 body=None 
 </msg>
<msg time="2024-05-04T01:00:49.722730" level="INFO">GET Response : url=https://randomuser.me/api 
 status=200, reason=OK 
 headers={'Date': 'Sat, 04 May 2024 01:00:49 GMT', 'Content-Type': 'application/json; charset=utf-8', 'Transfer-Encoding': 'chunked', 'Connection': 'keep-alive', 'X-Powered-By': 'Express', 'Access-Control-Allow-Origin': '*', 'Cache-Control': 'no-cache', 'ETag': 'W/"4a6-vfJZc5g1xFWgOL2GLx38OFKGGPI"', 'Vary': 'Accept-Encoding', 'Content-Encoding': 'gzip', 'CF-Cache-Status': 'DYNAMIC', 'Report-To': '{"endpoints":[{"url":"https:\\/\\/a.nel.cloudflare.com\\/report\\/v4?s=aDlhxspn6v%2BrCx%2BPy%2Bgb5g0RywOj78Kp%2FmHfQriX%2FRGn2PcIrczmu7kH2GKljH6jCSHsoJt71cNmJCZ%2FnZu2e2SQhqC5IWaCKaT8b28b%2B1TD2aHOuOcbXbPQFtD%2Bg5LH"}],"group":"cf-nel","max_age":604800}', 'NEL': '{"success_fraction":0,"report_to":"cf-nel","max_age":604800}', 'Server': 'cloudflare', 'CF-RAY': '87e48e5a2cef6196-ORD', 'alt-svc': 'h3=":443"; ma=86400'} 
 body={"results":[{"gender":"male","name":{"title":"Mr","first":"Ferdinando","last":"Vieira"},"location":{"street":{"number":8726,"name":"Rua Treze de Maio "},"city":"São Luís","state":"Mato Grosso","country":"Brazil","postcode":26167,"coordinates":{"latitude":"-79.5469","longitude":"-103.3264"},"timezone":{"offset":"+10:00","description":"Eastern Australia, Guam, Vladivostok"}},"email":"ferdinando.vieira@example.com","login":{"uuid":"6ffdee62-fbe1-4495-b519-ed0a33b942d3","username":"bigmeercat924","password":"frog","salt":"8S3fqLt8","md5":"0ed52d24f5f47e9c901b61e6a928380f","sha1":"30afcc68d563d32f01d38779d8d0253207131c18","sha256":"65f8ce057316f35aad544be7eea762775d897d56149d1bdbe8bc8145fd443da9"},"dob":{"date":"1991-06-03T22:10:49.564Z","age":32},"registered":{"date":"2003-06-21T06:24:34.615Z","age":20},"phone":"(22) 7521-8250","cell":"(27) 5869-5480","id":{"name":"CPF","value":"040.350.992-33"},"picture":{"large":"https://randomuser.me/api/portraits/men/63.jpg","medium":"https://randomuser.me/api/portraits/med/men/63.jpg","thumbnail":"https://randomuser.me/api/portraits/thumb/men/63.jpg"},"nat":"BR"}],"info":{"seed":"af4e1e6e0062fc23","results":1,"page":1,"version":"1.4"}} 
 </msg>
<msg time="2024-05-04T01:00:49.722792" level="INFO">/opt/hostedtoolcache/Python/3.12.3/x64/lib/python3.12/site-packages/urllib3/connectionpool.py:1103: InsecureRequestWarning: Unverified HTTPS request is being made to host 'randomuser.me'. Adding certificate verification is strongly advised. See: https://urllib3.readthedocs.io/en/latest/advanced-usage.html#tls-warnings
  warnings.warn(</msg>
<msg time="2024-05-04T01:00:49.722876" level="INFO">${response} = &lt;Response [200]&gt;</msg>
<var>${response}</var>
<arg>consultarAPI</arg>
<arg>/api</arg>
<doc>Sends a GET request on a previously created HTTP Session.</doc>
<status status="PASS" start="2024-05-04T01:00:49.630440" elapsed="0.092476"/>
</kw>
<kw name="Set Variable" owner="BuiltIn">
<msg time="2024-05-04T01:00:49.723934" level="INFO">${json_data} = {'results': [{'gender': 'male', 'name': {'title': 'Mr', 'first': 'Ferdinando', 'last': 'Vieira'}, 'location': {'street': {'number': 8726, 'name': 'Rua Treze de Maio '}, 'city': 'São Luís', 'state': 'M...</msg>
<var>${json_data}</var>
<arg>${response.json()}</arg>
<doc>Returns the given values which can then be assigned to a variables.</doc>
<status status="PASS" start="2024-05-04T01:00:49.723386" elapsed="0.000577"/>
</kw>
<kw name="Log" owner="BuiltIn">
<msg time="2024-05-04T01:00:49.724437" level="INFO">{'results': [{'gender': 'male', 'name': {'title': 'Mr', 'first': 'Ferdinando', 'last': 'Vieira'}, 'location': {'street': {'number': 8726, 'name': 'Rua Treze de Maio '}, 'city': 'São Luís', 'state': 'Mato Grosso', 'country': 'Brazil', 'postcode': 26167, 'coordinates': {'latitude': '-79.5469', 'longitude': '-103.3264'}, 'timezone': {'offset': '+10:00', 'description': 'Eastern Australia, Guam, Vladivostok'}}, 'email': 'ferdinando.vieira@example.com', 'login': {'uuid': '6ffdee62-fbe1-4495-b519-ed0a33b942d3', 'username': 'bigmeercat924', 'password': 'frog', 'salt': '8S3fqLt8', 'md5': '0ed52d24f5f47e9c901b61e6a928380f', 'sha1': '30afcc68d563d32f01d38779d8d0253207131c18', 'sha256': '65f8ce057316f35aad544be7eea762775d897d56149d1bdbe8bc8145fd443da9'}, 'dob': {'date': '1991-06-03T22:10:49.564Z', 'age': 32}, 'registered': {'date': '2003-06-21T06:24:34.615Z', 'age': 20}, 'phone': '(22) 7521-8250', 'cell': '(27) 5869-5480', 'id': {'name': 'CPF', 'value': '040.350.992-33'}, 'picture': {'large': 'https://randomuser.me/api/portraits/men/63.jpg', 'medium': 'https://randomuser.me/api/portraits/med/men/63.jpg', 'thumbnail': 'https://randomuser.me/api/portraits/thumb/men/63.jpg'}, 'nat': 'BR'}], 'info': {'seed': 'af4e1e6e0062fc23', 'results': 1, 'page': 1, 'version': '1.4'}}</msg>
<arg>${json_data}</arg>
<doc>Logs the given message with the given level.</doc>
<status status="PASS" start="2024-05-04T01:00:49.724284" elapsed="0.000202"/>
</kw>
<kw name="Should Be Equal As Numbers" owner="BuiltIn">
<arg>${json_data['results'][0]['location']['postcode']}</arg>
<arg>${json_data['results'][0]['location']['postcode']}</arg>
<doc>Fails if objects are unequal after converting them to real numbers.</doc>
<status status="PASS" start="2024-05-04T01:00:49.724810" elapsed="0.000758"/>
</kw>
<kw name="Log" owner="BuiltIn">
<msg time="2024-05-04T01:00:49.726101" level="INFO">26167</msg>
<arg>${json_data['results'][0]['location']['postcode']}</arg>
<doc>Logs the given message with the given level.</doc>
<status status="PASS" start="2024-05-04T01:00:49.725764" elapsed="0.000377"/>
</kw>
<status status="PASS" start="2024-05-04T01:00:49.630224" elapsed="0.096166"/>
</kw>
<doc>Testa se os tipos de dados na resposta da API estão corretos.</doc>
<tag>testeTiposDados</tag>
<status status="PASS" start="2024-05-04T01:00:49.537508" elapsed="0.189041"/>
</test>
<test id="s1-s1-t5" name="Validar conteudo" line="35">
<kw name="Teste de Tipos de Conteudo" owner="random-user-service">
<kw name="GET On Session" owner="RequestsLibrary">
<msg time="2024-05-04T01:00:49.829733" level="INFO">GET Request : url=https://randomuser.me/api 
 path_url=/api 
 headers={'User-Agent': 'python-requests/2.31.0', 'Accept-Encoding': 'gzip, deflate', 'Accept': '*/*', 'Connection': 'keep-alive'} 
 body=None 
 </msg>
<msg time="2024-05-04T01:00:49.829819" level="INFO">GET Response : url=https://randomuser.me/api 
 status=200, reason=OK 
 headers={'Date': 'Sat, 04 May 2024 01:00:49 GMT', 'Content-Type': 'application/json; charset=utf-8', 'Transfer-Encoding': 'chunked', 'Connection': 'keep-alive', 'X-Powered-By': 'Express', 'Access-Control-Allow-Origin': '*', 'Cache-Control': 'no-cache', 'ETag': 'W/"4a0-0ZzfH7VfUGVYhlCyAOEOh08YeHQ"', 'Vary': 'Accept-Encoding', 'Content-Encoding': 'gzip', 'CF-Cache-Status': 'DYNAMIC', 'Report-To': '{"endpoints":[{"url":"https:\\/\\/a.nel.cloudflare.com\\/report\\/v4?s=IxMg3Ib%2B%2F3aTy7V%2F2MwLFP5z2LQ6iRekGSdoUX9%2FoUPmEWbpqxu5J2GXhDWPde0wDUxWWwGfbg094EqdAaZR44CnO4B1UY%2FKiYrUMQdVhxYWEvxXCWTGG7EFayvIlKMD"}],"group":"cf-nel","max_age":604800}', 'NEL': '{"success_fraction":0,"report_to":"cf-nel","max_age":604800}', 'Server': 'cloudflare', 'CF-RAY': '87e48e5acddc6196-ORD', 'alt-svc': 'h3=":443"; ma=86400'} 
 body={"results":[{"gender":"male","name":{"title":"Mr","first":"Manuel","last":"Phillips"},"location":{"street":{"number":799,"name":"Park Avenue"},"city":"Salisbury","state":"Highlands and Islands","country":"United Kingdom","postcode":"LG12 7BW","coordinates":{"latitude":"-9.9380","longitude":"-134.9508"},"timezone":{"offset":"-11:00","description":"Midway Island, Samoa"}},"email":"manuel.phillips@example.com","login":{"uuid":"ab019b8a-da90-4fe4-9103-ea39a8480c87","username":"angryduck913","password":"abc123","salt":"1OMa05t2","md5":"52de2edd0a4450209028f6ae76e9f73b","sha1":"fba3d4f7f6343258949c8b69618c5c18b822f97d","sha256":"08c471b04b8de67c8abb55207e2adcdb3035662500388c3633a9ea136af7f1e0"},"dob":{"date":"1982-07-02T01:08:37.053Z","age":41},"registered":{"date":"2006-01-17T11:56:41.883Z","age":18},"phone":"0112979 299 8301","cell":"07187 324078","id":{"name":"NINO","value":"JA 53 26 34 Y"},"picture":{"large":"https://randomuser.me/api/portraits/men/57.jpg","medium":"https://randomuser.me/api/portraits/med/men/57.jpg","thumbnail":"https://randomuser.me/api/portraits/thumb/men/57.jpg"},"nat":"GB"}],"info":{"seed":"73e9c2682270afcb","results":1,"page":1,"version":"1.4"}} 
 </msg>
<msg time="2024-05-04T01:00:49.829894" level="INFO">/opt/hostedtoolcache/Python/3.12.3/x64/lib/python3.12/site-packages/urllib3/connectionpool.py:1103: InsecureRequestWarning: Unverified HTTPS request is being made to host 'randomuser.me'. Adding certificate verification is strongly advised. See: https://urllib3.readthedocs.io/en/latest/advanced-usage.html#tls-warnings
  warnings.warn(</msg>
<msg time="2024-05-04T01:00:49.829995" level="INFO">${response} = &lt;Response [200]&gt;</msg>
<var>${response}</var>
<arg>consultarAPI</arg>
<arg>/api</arg>
<doc>Sends a GET request on a previously created HTTP Session.</doc>
<status status="PASS" start="2024-05-04T01:00:49.729086" elapsed="0.100951"/>
</kw>
<kw name="Set Variable" owner="BuiltIn">
<msg time="2024-05-04T01:00:49.831034" level="INFO">${json_data} = {'results': [{'gender': 'male', 'name': {'title': 'Mr', 'first': 'Manuel', 'last': 'Phillips'}, 'location': {'street': {'number': 799, 'name': 'Park Avenue'}, 'city': 'Salisbury', 'state': 'Highlands ...</msg>
<var>${json_data}</var>
<arg>${response.json()}</arg>
<doc>Returns the given values which can then be assigned to a variables.</doc>
<status status="PASS" start="2024-05-04T01:00:49.830487" elapsed="0.000576"/>
</kw>
<kw name="Set Variable" owner="BuiltIn">
<msg time="2024-05-04T01:00:49.831814" level="INFO">${name_title} = Mr</msg>
<var>${name_title}</var>
<arg>${json_data["results"][0]["name"]["title"]}</arg>
<doc>Returns the given values which can then be assigned to a variables.</doc>
<status status="PASS" start="2024-05-04T01:00:49.831420" elapsed="0.000420"/>
</kw>
<kw name="Create List" owner="BuiltIn">
<msg time="2024-05-04T01:00:49.832294" level="INFO">${allowed_titles} = ['Mr', 'Ms', 'Miss', 'Mrs', 'Madame', 'Monsieur']</msg>
<var>${allowed_titles}</var>
<arg>Mr</arg>
<arg>Ms</arg>
<arg>Miss</arg>
<arg>Mrs</arg>
<arg>Madame</arg>
<arg>Monsieur</arg>
<doc>Returns a list containing given items.</doc>
<status status="PASS" start="2024-05-04T01:00:49.832145" elapsed="0.000174"/>
</kw>
<kw name="List Should Contain Value" owner="Collections">
<msg time="2024-05-04T01:00:49.832809" level="INFO">False</msg>
<arg>${allowed_titles}</arg>
<arg>${name_title}</arg>
<doc>Fails if the ``value`` is not found from ``list``.</doc>
<status status="PASS" start="2024-05-04T01:00:49.832638" elapsed="0.000207"/>
</kw>
<kw name="Set Variable" owner="BuiltIn">
<msg time="2024-05-04T01:00:49.833521" level="INFO">${name_country} = GB</msg>
<var>${name_country}</var>
<arg>${json_data["results"][0]["nat"]}</arg>
<doc>Returns the given values which can then be assigned to a variables.</doc>
<status status="PASS" start="2024-05-04T01:00:49.833138" elapsed="0.000408"/>
</kw>
<kw name="Create List" owner="BuiltIn">
<msg time="2024-05-04T01:00:49.834452" level="INFO">${list_country} = ['AD', 'AE', 'AF', 'AG', 'AI', 'AL', 'AM', 'AO', 'AQ', 'AR', 'AS', 'AT', 'AU', 'AW', 'AX', 'AZ', 'BA', 'BB', 'BD', 'BE', 'BF', 'BG', 'BH', 'BI', 'BJ', 'BL', 'BM', 'BN', 'BO', 'BQ', 'BR', 'BS', 'BT', '...</msg>
<var>${list_country}</var>
<arg>AD</arg>
<arg>AE</arg>
<arg>AF</arg>
<arg>AG</arg>
<arg>AI</arg>
<arg>AL</arg>
<arg>AM</arg>
<arg>AO</arg>
<arg>AQ</arg>
<arg>AR</arg>
<arg>AS</arg>
<arg>AT</arg>
<arg>AU</arg>
<arg>AW</arg>
<arg>AX</arg>
<arg>AZ</arg>
<arg>BA</arg>
<arg>BB</arg>
<arg>BD</arg>
<arg>BE</arg>
<arg>BF</arg>
<arg>BG</arg>
<arg>BH</arg>
<arg>BI</arg>
<arg>BJ</arg>
<arg>BL</arg>
<arg>BM</arg>
<arg>BN</arg>
<arg>BO</arg>
<arg>BQ</arg>
<arg>BR</arg>
<arg>BS</arg>
<arg>BT</arg>
<arg>BV</arg>
<arg>BW</arg>
<arg>BY</arg>
<arg>BZ</arg>
<arg>CA</arg>
<arg>CC</arg>
<arg>CD</arg>
<arg>CF</arg>
<arg>CG</arg>
<arg>CH</arg>
<arg>CI</arg>
<arg>CK</arg>
<arg>CL</arg>
<arg>CM</arg>
<arg>CN</arg>
<arg>CO</arg>
<arg>CR</arg>
<arg>CU</arg>
<arg>CV</arg>
<arg>CW</arg>
<arg>CX</arg>
<arg>CY</arg>
<arg>CZ</arg>
<arg>DE</arg>
<arg>DJ</arg>
<arg>DK</arg>
<arg>DM</arg>
<arg>DO</arg>
<arg>DZ</arg>
<arg>EC</arg>
<arg>EE</arg>
<arg>EG</arg>
<arg>EH</arg>
<arg>ER</arg>
<arg>ES</arg>
<arg>ET</arg>
<arg>FI</arg>
<arg>FJ</arg>
<arg>FK</arg>
<arg>FM</arg>
<arg>FO</arg>
<arg>FR</arg>
<arg>GA</arg>
<arg>GB</arg>
<arg>GD</arg>
<arg>GE</arg>
<arg>GF</arg>
<arg>GG</arg>
<arg>GH</arg>
<arg>GI</arg>
<arg>GL</arg>
<arg>GM</arg>
<arg>GN</arg>
<arg>GP</arg>
<arg>GQ</arg>
<arg>GR</arg>
<arg>GS</arg>
<arg>GT</arg>
<arg>GU</arg>
<arg>GW</arg>
<arg>GY</arg>
<arg>HK</arg>
<arg>HM</arg>
<arg>HN</arg>
<arg>HR</arg>
<arg>HT</arg>
<arg>HU</arg>
<arg>ID</arg>
<arg>IE</arg>
<arg>IL</arg>
<arg>IM</arg>
<arg>IN</arg>
<arg>IO</arg>
<arg>IQ</arg>
<arg>IR</arg>
<arg>IS</arg>
<arg>IT</arg>
<arg>JE</arg>
<arg>JM</arg>
<arg>JO</arg>
<arg>JP</arg>
<arg>KE</arg>
<arg>KG</arg>
<arg>KH</arg>
<arg>KI</arg>
<arg>KM</arg>
<arg>KN</arg>
<arg>KP</arg>
<arg>KR</arg>
<arg>KW</arg>
<arg>KY</arg>
<arg>KZ</arg>
<arg>LA</arg>
<arg>LB</arg>
<arg>LC</arg>
<arg>LI</arg>
<arg>LK</arg>
<arg>LR</arg>
<arg>LS</arg>
<arg>LT</arg>
<arg>LU</arg>
<arg>LV</arg>
<arg>LY</arg>
<arg>MA</arg>
<arg>MC</arg>
<arg>MD</arg>
<arg>ME</arg>
<arg>MF</arg>
<arg>MG</arg>
<arg>MH</arg>
<arg>MK</arg>
<arg>ML</arg>
<arg>MM</arg>
<arg>MN</arg>
<arg>MO</arg>
<arg>MP</arg>
<arg>MQ</arg>
<arg>MR</arg>
<arg>MS</arg>
<arg>MT</arg>
<arg>MU</arg>
<arg>MV</arg>
<arg>MW</arg>
<arg>MX</arg>
<arg>MY</arg>
<arg>MZ</arg>
<arg>NA</arg>
<arg>NC</arg>
<arg>NE</arg>
<arg>NF</arg>
<arg>NG</arg>
<arg>NI</arg>
<arg>NL</arg>
<arg>NO</arg>
<arg>NP</arg>
<arg>NR</arg>
<arg>NU</arg>
<arg>NZ</arg>
<arg>OM</arg>
<arg>PA</arg>
<arg>PE</arg>
<arg>PF</arg>
<arg>PG</arg>
<arg>PH</arg>
<arg>PK</arg>
<arg>PL</arg>
<arg>PM</arg>
<arg>PN</arg>
<arg>PR</arg>
<arg>PS</arg>
<arg>PT</arg>
<arg>PW</arg>
<arg>PY</arg>
<arg>QA</arg>
<arg>RE</arg>
<arg>RO</arg>
<arg>RS</arg>
<arg>RU</arg>
<arg>RW</arg>
<arg>SA</arg>
<arg>SB</arg>
<arg>SC</arg>
<arg>SD</arg>
<arg>SE</arg>
<arg>SG</arg>
<arg>SH</arg>
<arg>SI</arg>
<arg>SJ</arg>
<arg>SK</arg>
<arg>SL</arg>
<arg>SM</arg>
<arg>SN</arg>
<arg>SO</arg>
<arg>SR</arg>
<arg>SS</arg>
<arg>ST</arg>
<arg>SV</arg>
<arg>SX</arg>
<arg>SY</arg>
<arg>SZ</arg>
<arg>TC</arg>
<arg>TD</arg>
<arg>TF</arg>
<arg>TG</arg>
<arg>TH</arg>
<arg>TJ</arg>
<arg>TK</arg>
<arg>TL</arg>
<arg>TM</arg>
<arg>TN</arg>
<arg>TO</arg>
<arg>TR</arg>
<arg>TT</arg>
<arg>TV</arg>
<arg>TW</arg>
<arg>TZ</arg>
<arg>UA</arg>
<arg>UG</arg>
<arg>UM</arg>
<arg>US</arg>
<arg>UY</arg>
<arg>UZ</arg>
<arg>VA</arg>
<arg>VC</arg>
<arg>VE</arg>
<arg>VG</arg>
<arg>VI</arg>
<arg>VN</arg>
<arg>VU</arg>
<arg>WF</arg>
<arg>WS</arg>
<arg>XK</arg>
<arg>YE</arg>
<arg>YT</arg>
<arg>ZA</arg>
<arg>ZM</arg>
<arg>ZW</arg>
<doc>Returns a list containing given items.</doc>
<status status="PASS" start="2024-05-04T01:00:49.833866" elapsed="0.000612"/>
</kw>
<kw name="List Should Contain Value" owner="Collections">
<msg time="2024-05-04T01:00:49.835500" level="INFO">False</msg>
<arg>${list_country}</arg>
<arg>${name_country}</arg>
<doc>Fails if the ``value`` is not found from ``list``.</doc>
<status status="PASS" start="2024-05-04T01:00:49.835300" elapsed="0.000237"/>
</kw>
<kw name="Run Keyword If" owner="BuiltIn">
<kw name="Should Be True" owner="BuiltIn">
<arg>${True}</arg>
<doc>Fails if the given condition is not true.</doc>
<status status="PASS" start="2024-05-04T01:00:49.836603" elapsed="0.000144"/>
</kw>
<arg>${json_data["results"][0]["location"]["coordinates"]["latitude"]} &gt;= -90 and ${json_data["results"][0]["location"]["coordinates"]["latitude"]} &lt;= 90</arg>
<arg>Should Be True</arg>
<arg>${True}</arg>
<doc>Runs the given keyword with the given arguments, if ``condition`` is true.</doc>
<status status="PASS" start="2024-05-04T01:00:49.835848" elapsed="0.001027"/>
</kw>
<kw name="Run Keyword If" owner="BuiltIn">
<kw name="Should Be True" owner="BuiltIn">
<arg>${True}</arg>
<doc>Fails if the given condition is not true.</doc>
<status status="PASS" start="2024-05-04T01:00:49.837762" elapsed="0.000238"/>
</kw>
<arg>${json_data["results"][0]["location"]["coordinates"]["longitude"]} &gt;= -180 and ${json_data["results"][0]["location"]["coordinates"]["longitude"]} &lt;= 180</arg>
<arg>Should Be True</arg>
<arg>${True}</arg>
<doc>Runs the given keyword with the given arguments, if ``condition`` is true.</doc>
<status status="PASS" start="2024-05-04T01:00:49.837060" elapsed="0.001070"/>
</kw>
<status status="PASS" start="2024-05-04T01:00:49.728868" elapsed="0.109392"/>
</kw>
<doc>Testa o conteúdo específico dos campos retornados pela API.</doc>
<tag>testeConteudo</tag>
<status status="PASS" start="2024-05-04T01:00:49.728360" elapsed="0.110044"/>
</test>
<status status="PASS" start="2024-05-04T01:00:48.979620" elapsed="0.860759"/>
</suite>
<status status="PASS" start="2024-05-04T01:00:48.965897" elapsed="0.879596"/>
</suite>
<statistics>
<total>
<stat pass="5" fail="0" skip="0">All Tests</stat>
</total>
<tag>
<stat pass="1" fail="0" skip="0">testeConteudo</stat>
<stat pass="1" fail="0" skip="0">testeEstruturaResposta</stat>
<stat pass="1" fail="0" skip="0">testeRequisicaoBasica</stat>
<stat pass="1" fail="0" skip="0">testeTiposDados</stat>
</tag>
<suite>
<stat pass="5" fail="0" skip="0" id="s1" name="Tests">Tests</stat>
<stat pass="5" fail="0" skip="0" id="s1-s1" name="Random-User-Test">Tests.Random-User-Test</stat>
</suite>
</statistics>
<errors>
</errors>
</robot>
