<?xml version="1.0" encoding="UTF-8"?>
<robot generator="Robot 7.0.1 (Python 3.12.4 on linux)" generated="2024-08-09T16:19:12.421169" rpa="false" schemaversion="5">
<suite id="s1" name="Tests" source="/home/runner/work/ApiRandomUser/ApiRandomUser/RamdonUser/tests">
<suite id="s1-s1" name="Random-User-Test" source="/home/runner/work/ApiRandomUser/ApiRandomUser/RamdonUser/tests/random-user-test.robot">
<test id="s1-s1-t1" name="Conectar" line="13">
<kw name="Conectar API" owner="random-user-service">
<kw name="Create Session" owner="RequestsLibrary">
<msg time="2024-08-09T16:19:12.833465" level="INFO">Creating Session using : alias=consultarAPI, url=https://randomuser.me/, headers={},                     cookies={}, auth=None, timeout=None, proxies=None, verify=False,                     debug=0 </msg>
<arg>consultarAPI</arg>
<arg>${URL}</arg>
<doc>Create Session: create a HTTP session to a server</doc>
<status status="PASS" start="2024-08-09T16:19:12.833255" elapsed="0.000442"/>
</kw>
<status status="PASS" start="2024-08-09T16:19:12.832186" elapsed="0.001901"/>
</kw>
<status status="PASS" start="2024-08-09T16:19:12.831540" elapsed="0.002753"/>
</test>
<test id="s1-s1-t2" name="Validar retorno 200 e JSON Válido" line="16">
<kw name="Teste de Requisicao Basica" owner="random-user-service">
<kw name="GET On Session" owner="RequestsLibrary">
<msg time="2024-08-09T16:19:12.908072" level="INFO">GET Request : url=https://randomuser.me/api 
 path_url=/api 
 headers={'User-Agent': 'python-requests/2.32.3', 'Accept-Encoding': 'gzip, deflate', 'Accept': '*/*', 'Connection': 'keep-alive'} 
 body=None 
 </msg>
<msg time="2024-08-09T16:19:12.908248" level="INFO">GET Response : url=https://randomuser.me/api 
 status=200, reason=OK 
 headers={'Date': 'Fri, 09 Aug 2024 16:19:12 GMT', 'Content-Type': 'application/json; charset=utf-8', 'Transfer-Encoding': 'chunked', 'Connection': 'keep-alive', 'X-Powered-By': 'Express', 'Access-Control-Allow-Origin': '*', 'Cache-Control': 'no-cache', 'ETag': 'W/"4a3-vcxKAfxRt5ELTNvCKobaJr1OGoQ"', 'Vary': 'Accept-Encoding', 'Content-Encoding': 'gzip', 'CF-Cache-Status': 'DYNAMIC', 'Report-To': '{"endpoints":[{"url":"https:\\/\\/a.nel.cloudflare.com\\/report\\/v4?s=f9ai5QgBprNp%2FQDcBhhcT%2BSQQ9GRNDechS2s0Tj3w9QTpFlJQAshSpEWayX12xDjOdKWvuMC3EphdBomMVXrFxefXI7BLeuZ6b2%2F51%2FlQ21L0FDNKjv6BhSSYA1McJlQ"}],"group":"cf-nel","max_age":604800}', 'NEL': '{"success_fraction":0,"report_to":"cf-nel","max_age":604800}', 'Server': 'cloudflare', 'CF-RAY': '8b09110589030808-IAD', 'alt-svc': 'h3=":443"; ma=86400'} 
 body={"results":[{"gender":"female","name":{"title":"Miss","first":"Juliette","last":"Rolland"},"location":{"street":{"number":2357,"name":"Avenue du Fort-Caire"},"city":"Lille","state":"Côtes-D'Armor","country":"France","postcode":83636,"coordinates":{"latitude":"-16.6574","longitude":"54.4160"},"timezone":{"offset":"+6:00","description":"Almaty, Dhaka, Colombo"}},"email":"juliette.rolland@example.com","login":{"uuid":"7e1c3163-d374-445a-b717-b905b4e2b6c2","username":"lazypanda633","password":"antonio","salt":"oEqruODD","md5":"a6b7a636fed049601441d1231730df27","sha1":"2dead6b1e8bafbc898164993341e03f7e851f65f","sha256":"3fa5cd4560d05211a2055be60ec25f1a3309f5cc1aff1aa42481a0f70bf80eae"},"dob":{"date":"1945-10-13T12:57:05.275Z","age":78},"registered":{"date":"2008-10-19T22:24:15.576Z","age":15},"phone":"02-91-73-71-90","cell":"06-84-82-24-17","id":{"name":"INSEE","value":"2450928853987 91"},"picture":{"large":"https://randomuser.me/api/portraits/women/69.jpg","medium":"https://randomuser.me/api/portraits/med/women/69.jpg","thumbnail":"https://randomuser.me/api/portraits/thumb/women/69.jpg"},"nat":"FR"}],"info":{"seed":"1768892dca981b93","results":1,"page":1,"version":"1.4"}} 
 </msg>
<msg time="2024-08-09T16:19:12.908343" level="INFO">/opt/hostedtoolcache/Python/3.12.4/x64/lib/python3.12/site-packages/urllib3/connectionpool.py:1099: InsecureRequestWarning: Unverified HTTPS request is being made to host 'randomuser.me'. Adding certificate verification is strongly advised. See: https://urllib3.readthedocs.io/en/latest/advanced-usage.html#tls-warnings
  warnings.warn(</msg>
<msg time="2024-08-09T16:19:12.908512" level="INFO">${response} = &lt;Response [200]&gt;</msg>
<var>${response}</var>
<arg>consultarAPI</arg>
<arg>/api</arg>
<doc>Sends a GET request on a previously created HTTP Session.</doc>
<status status="PASS" start="2024-08-09T16:19:12.836996" elapsed="0.071561"/>
</kw>
<kw name="Should Be Equal As Numbers" owner="BuiltIn">
<msg time="2024-08-09T16:19:12.909650" level="INFO">Argument types are:
&lt;class 'int'&gt;
&lt;class 'str'&gt;</msg>
<arg>${response.status_code}</arg>
<arg>200</arg>
<doc>Fails if objects are unequal after converting them to real numbers.</doc>
<status status="PASS" start="2024-08-09T16:19:12.909132" elapsed="0.000589"/>
</kw>
<kw name="Log" owner="BuiltIn">
<msg time="2024-08-09T16:19:12.910457" level="INFO">200</msg>
<arg>${response.status_code}</arg>
<doc>Logs the given message with the given level.</doc>
<status status="PASS" start="2024-08-09T16:19:12.910090" elapsed="0.000411"/>
</kw>
<kw name="Set Variable" owner="BuiltIn">
<msg time="2024-08-09T16:19:12.911299" level="INFO">${json_data} = {'results': [{'gender': 'female', 'name': {'title': 'Miss', 'first': 'Juliette', 'last': 'Rolland'}, 'location': {'street': {'number': 2357, 'name': 'Avenue du Fort-Caire'}, 'city': 'Lille', 'state': ...</msg>
<var>${json_data}</var>
<arg>${response.json()}</arg>
<doc>Returns the given values which can then be assigned to a variables.</doc>
<status status="PASS" start="2024-08-09T16:19:12.910841" elapsed="0.000488"/>
</kw>
<kw name="Dictionary Should Contain Key" owner="Collections">
<arg>${json_data}</arg>
<arg>results</arg>
<doc>Fails if ``key`` is not found from ``dictionary``.</doc>
<status status="PASS" start="2024-08-09T16:19:12.911655" elapsed="0.000346"/>
</kw>
<status status="PASS" start="2024-08-09T16:19:12.836728" elapsed="0.075432"/>
</kw>
<doc>Testa se a API responde corretamente e retorna um objeto JSON válido.</doc>
<tag>testeRequisicaoBasica</tag>
<status status="PASS" start="2024-08-09T16:19:12.836181" elapsed="0.076158"/>
</test>
<test id="s1-s1-t3" name="Validar estrutura de resposta" line="22">
<kw name="Teste de Estrutura de Resposta" owner="random-user-service">
<kw name="GET On Session" owner="RequestsLibrary">
<msg time="2024-08-09T16:19:13.010277" level="INFO">GET Request : url=https://randomuser.me/api 
 path_url=/api 
 headers={'User-Agent': 'python-requests/2.32.3', 'Accept-Encoding': 'gzip, deflate', 'Accept': '*/*', 'Connection': 'keep-alive'} 
 body=None 
 </msg>
<msg time="2024-08-09T16:19:13.010391" level="INFO">GET Response : url=https://randomuser.me/api 
 status=200, reason=OK 
 headers={'Date': 'Fri, 09 Aug 2024 16:19:13 GMT', 'Content-Type': 'application/json; charset=utf-8', 'Transfer-Encoding': 'chunked', 'Connection': 'keep-alive', 'X-Powered-By': 'Express', 'Access-Control-Allow-Origin': '*', 'Cache-Control': 'no-cache', 'ETag': 'W/"4ac-VwFfPrhFLCXHAiVpa44lZ5/GmC4"', 'Vary': 'Accept-Encoding', 'Content-Encoding': 'gzip', 'CF-Cache-Status': 'DYNAMIC', 'Report-To': '{"endpoints":[{"url":"https:\\/\\/a.nel.cloudflare.com\\/report\\/v4?s=W%2BvCgJgWHfFxwXjjlNTbP5HFyS4fjl0xvQkK5WjAYUJzKXZKwTbeqWuP%2BSCfFeqz4V1%2BREhJh%2FbsGtsjJSHCsq%2BG6TimE0rZvtwIQoy%2BIxADJ0zJTVra6AqG7Hxt3Ibp"}],"group":"cf-nel","max_age":604800}', 'NEL': '{"success_fraction":0,"report_to":"cf-nel","max_age":604800}', 'Server': 'cloudflare', 'CF-RAY': '8b091105c95a0808-IAD', 'alt-svc': 'h3=":443"; ma=86400'} 
 body={"results":[{"gender":"female","name":{"title":"Ms","first":"Myrtle","last":"Carpenter"},"location":{"street":{"number":4091,"name":"W Campbell Ave"},"city":"Vancouver","state":"Michigan","country":"United States","postcode":11999,"coordinates":{"latitude":"83.2074","longitude":"60.8739"},"timezone":{"offset":"+3:00","description":"Baghdad, Riyadh, Moscow, St. Petersburg"}},"email":"myrtle.carpenter@example.com","login":{"uuid":"b1b86ee7-094f-42ca-9d41-3a2dcd01af7d","username":"beautifulduck706","password":"dickens","salt":"Kq8lWPM3","md5":"9caa9b2013a7cf92359c643e30cc5dec","sha1":"86e8a1606deaad3b4adf81c56c47bec07a18cf48","sha256":"67d0d985f4c22b27d4407c57f415a74a6a03f542efe3122ccdbeafb830f92135"},"dob":{"date":"1955-04-14T05:30:58.598Z","age":69},"registered":{"date":"2019-05-12T01:36:27.944Z","age":5},"phone":"(800) 794-8698","cell":"(751) 907-9304","id":{"name":"SSN","value":"735-75-1310"},"picture":{"large":"https://randomuser.me/api/portraits/women/74.jpg","medium":"https://randomuser.me/api/portraits/med/women/74.jpg","thumbnail":"https://randomuser.me/api/portraits/thumb/women/74.jpg"},"nat":"US"}],"info":{"seed":"ae6ff5cace7c4871","results":1,"page":1,"version":"1.4"}} 
 </msg>
<msg time="2024-08-09T16:19:13.010529" level="INFO">/opt/hostedtoolcache/Python/3.12.4/x64/lib/python3.12/site-packages/urllib3/connectionpool.py:1099: InsecureRequestWarning: Unverified HTTPS request is being made to host 'randomuser.me'. Adding certificate verification is strongly advised. See: https://urllib3.readthedocs.io/en/latest/advanced-usage.html#tls-warnings
  warnings.warn(</msg>
<msg time="2024-08-09T16:19:13.010686" level="INFO">${response} = &lt;Response [200]&gt;</msg>
<var>${response}</var>
<arg>consultarAPI</arg>
<arg>/api</arg>
<doc>Sends a GET request on a previously created HTTP Session.</doc>
<status status="PASS" start="2024-08-09T16:19:12.915098" elapsed="0.095636"/>
</kw>
<kw name="Set Variable" owner="BuiltIn">
<msg time="2024-08-09T16:19:13.011804" level="INFO">${json_data} = {'results': [{'gender': 'female', 'name': {'title': 'Ms', 'first': 'Myrtle', 'last': 'Carpenter'}, 'location': {'street': {'number': 4091, 'name': 'W Campbell Ave'}, 'city': 'Vancouver', 'state': 'Mic...</msg>
<var>${json_data}</var>
<arg>${response.json()}</arg>
<doc>Returns the given values which can then be assigned to a variables.</doc>
<status status="PASS" start="2024-08-09T16:19:13.011258" elapsed="0.000578"/>
</kw>
<kw name="Log" owner="BuiltIn">
<msg time="2024-08-09T16:19:13.012401" level="INFO">{'results': [{'gender': 'female', 'name': {'title': 'Ms', 'first': 'Myrtle', 'last': 'Carpenter'}, 'location': {'street': {'number': 4091, 'name': 'W Campbell Ave'}, 'city': 'Vancouver', 'state': 'Michigan', 'country': 'United States', 'postcode': 11999, 'coordinates': {'latitude': '83.2074', 'longitude': '60.8739'}, 'timezone': {'offset': '+3:00', 'description': 'Baghdad, Riyadh, Moscow, St. Petersburg'}}, 'email': 'myrtle.carpenter@example.com', 'login': {'uuid': 'b1b86ee7-094f-42ca-9d41-3a2dcd01af7d', 'username': 'beautifulduck706', 'password': 'dickens', 'salt': 'Kq8lWPM3', 'md5': '9caa9b2013a7cf92359c643e30cc5dec', 'sha1': '86e8a1606deaad3b4adf81c56c47bec07a18cf48', 'sha256': '67d0d985f4c22b27d4407c57f415a74a6a03f542efe3122ccdbeafb830f92135'}, 'dob': {'date': '1955-04-14T05:30:58.598Z', 'age': 69}, 'registered': {'date': '2019-05-12T01:36:27.944Z', 'age': 5}, 'phone': '(800) 794-8698', 'cell': '(751) 907-9304', 'id': {'name': 'SSN', 'value': '735-75-1310'}, 'picture': {'large': 'https://randomuser.me/api/portraits/women/74.jpg', 'medium': 'https://randomuser.me/api/portraits/med/women/74.jpg', 'thumbnail': 'https://randomuser.me/api/portraits/thumb/women/74.jpg'}, 'nat': 'US'}], 'info': {'seed': 'ae6ff5cace7c4871', 'results': 1, 'page': 1, 'version': '1.4'}}</msg>
<arg>${json_data}</arg>
<doc>Logs the given message with the given level.</doc>
<status status="PASS" start="2024-08-09T16:19:13.012204" elapsed="0.000251"/>
</kw>
<kw name="Dictionary Should Contain Key" owner="Collections">
<arg>${json_data}</arg>
<arg>results</arg>
<doc>Fails if ``key`` is not found from ``dictionary``.</doc>
<status status="PASS" start="2024-08-09T16:19:13.012778" elapsed="0.000177"/>
</kw>
<kw name="Should Not Be Empty" owner="BuiltIn">
<msg time="2024-08-09T16:19:13.013280" level="INFO">Length is 2.</msg>
<arg>${json_data}</arg>
<doc>Verifies that the given item is not empty.</doc>
<status status="PASS" start="2024-08-09T16:19:13.013148" elapsed="0.000172"/>
</kw>
<kw name="Create List" owner="BuiltIn">
<msg time="2024-08-09T16:19:13.013838" level="INFO">${expected_keys} = ['gender', 'name', 'location', 'email', 'login']</msg>
<var>${expected_keys}</var>
<arg>gender</arg>
<arg>name</arg>
<arg>location</arg>
<arg>email</arg>
<arg>login</arg>
<doc>Returns a list containing given items.</doc>
<status status="PASS" start="2024-08-09T16:19:13.013673" elapsed="0.000190"/>
</kw>
<for flavor="IN">
<iter>
<kw name="Dictionary Should Contain Key" owner="Collections">
<arg>${json_data['results'][0]}</arg>
<arg>${key}</arg>
<doc>Fails if ``key`` is not found from ``dictionary``.</doc>
<status status="PASS" start="2024-08-09T16:19:13.014472" elapsed="0.000430"/>
</kw>
<kw name="Log" owner="BuiltIn">
<msg time="2024-08-09T16:19:13.015465" level="INFO">{'gender': 'female', 'name': {'title': 'Ms', 'first': 'Myrtle', 'last': 'Carpenter'}, 'location': {'street': {'number': 4091, 'name': 'W Campbell Ave'}, 'city': 'Vancouver', 'state': 'Michigan', 'country': 'United States', 'postcode': 11999, 'coordinates': {'latitude': '83.2074', 'longitude': '60.8739'}, 'timezone': {'offset': '+3:00', 'description': 'Baghdad, Riyadh, Moscow, St. Petersburg'}}, 'email': 'myrtle.carpenter@example.com', 'login': {'uuid': 'b1b86ee7-094f-42ca-9d41-3a2dcd01af7d', 'username': 'beautifulduck706', 'password': 'dickens', 'salt': 'Kq8lWPM3', 'md5': '9caa9b2013a7cf92359c643e30cc5dec', 'sha1': '86e8a1606deaad3b4adf81c56c47bec07a18cf48', 'sha256': '67d0d985f4c22b27d4407c57f415a74a6a03f542efe3122ccdbeafb830f92135'}, 'dob': {'date': '1955-04-14T05:30:58.598Z', 'age': 69}, 'registered': {'date': '2019-05-12T01:36:27.944Z', 'age': 5}, 'phone': '(800) 794-8698', 'cell': '(751) 907-9304', 'id': {'name': 'SSN', 'value': '735-75-1310'}, 'picture': {'large': 'https://randomuser.me/api/portraits/women/74.jpg', 'medium': 'https://randomuser.me/api/portraits/med/women/74.jpg', 'thumbnail': 'https://randomuser.me/api/portraits/thumb/women/74.jpg'}, 'nat': 'US'}</msg>
<arg>${json_data['results'][0]}</arg>
<doc>Logs the given message with the given level.</doc>
<status status="PASS" start="2024-08-09T16:19:13.015096" elapsed="0.000418"/>
</kw>
<kw name="Log" owner="BuiltIn">
<msg time="2024-08-09T16:19:13.015943" level="INFO">gender</msg>
<arg>${key}</arg>
<doc>Logs the given message with the given level.</doc>
<status status="PASS" start="2024-08-09T16:19:13.015813" elapsed="0.000169"/>
</kw>
<var name="${key}">gender</var>
<status status="PASS" start="2024-08-09T16:19:13.014343" elapsed="0.001858"/>
</iter>
<iter>
<kw name="Dictionary Should Contain Key" owner="Collections">
<arg>${json_data['results'][0]}</arg>
<arg>${key}</arg>
<doc>Fails if ``key`` is not found from ``dictionary``.</doc>
<status status="PASS" start="2024-08-09T16:19:13.016514" elapsed="0.000397"/>
</kw>
<kw name="Log" owner="BuiltIn">
<msg time="2024-08-09T16:19:13.017494" level="INFO">{'gender': 'female', 'name': {'title': 'Ms', 'first': 'Myrtle', 'last': 'Carpenter'}, 'location': {'street': {'number': 4091, 'name': 'W Campbell Ave'}, 'city': 'Vancouver', 'state': 'Michigan', 'country': 'United States', 'postcode': 11999, 'coordinates': {'latitude': '83.2074', 'longitude': '60.8739'}, 'timezone': {'offset': '+3:00', 'description': 'Baghdad, Riyadh, Moscow, St. Petersburg'}}, 'email': 'myrtle.carpenter@example.com', 'login': {'uuid': 'b1b86ee7-094f-42ca-9d41-3a2dcd01af7d', 'username': 'beautifulduck706', 'password': 'dickens', 'salt': 'Kq8lWPM3', 'md5': '9caa9b2013a7cf92359c643e30cc5dec', 'sha1': '86e8a1606deaad3b4adf81c56c47bec07a18cf48', 'sha256': '67d0d985f4c22b27d4407c57f415a74a6a03f542efe3122ccdbeafb830f92135'}, 'dob': {'date': '1955-04-14T05:30:58.598Z', 'age': 69}, 'registered': {'date': '2019-05-12T01:36:27.944Z', 'age': 5}, 'phone': '(800) 794-8698', 'cell': '(751) 907-9304', 'id': {'name': 'SSN', 'value': '735-75-1310'}, 'picture': {'large': 'https://randomuser.me/api/portraits/women/74.jpg', 'medium': 'https://randomuser.me/api/portraits/med/women/74.jpg', 'thumbnail': 'https://randomuser.me/api/portraits/thumb/women/74.jpg'}, 'nat': 'US'}</msg>
<arg>${json_data['results'][0]}</arg>
<doc>Logs the given message with the given level.</doc>
<status status="PASS" start="2024-08-09T16:19:13.017131" elapsed="0.000431"/>
</kw>
<kw name="Log" owner="BuiltIn">
<msg time="2024-08-09T16:19:13.017992" level="INFO">name</msg>
<arg>${key}</arg>
<doc>Logs the given message with the given level.</doc>
<status status="PASS" start="2024-08-09T16:19:13.017863" elapsed="0.000168"/>
</kw>
<var name="${key}">name</var>
<status status="PASS" start="2024-08-09T16:19:13.016395" elapsed="0.001853"/>
</iter>
<iter>
<kw name="Dictionary Should Contain Key" owner="Collections">
<arg>${json_data['results'][0]}</arg>
<arg>${key}</arg>
<doc>Fails if ``key`` is not found from ``dictionary``.</doc>
<status status="PASS" start="2024-08-09T16:19:13.018542" elapsed="0.000389"/>
</kw>
<kw name="Log" owner="BuiltIn">
<msg time="2024-08-09T16:19:13.019464" level="INFO">{'gender': 'female', 'name': {'title': 'Ms', 'first': 'Myrtle', 'last': 'Carpenter'}, 'location': {'street': {'number': 4091, 'name': 'W Campbell Ave'}, 'city': 'Vancouver', 'state': 'Michigan', 'country': 'United States', 'postcode': 11999, 'coordinates': {'latitude': '83.2074', 'longitude': '60.8739'}, 'timezone': {'offset': '+3:00', 'description': 'Baghdad, Riyadh, Moscow, St. Petersburg'}}, 'email': 'myrtle.carpenter@example.com', 'login': {'uuid': 'b1b86ee7-094f-42ca-9d41-3a2dcd01af7d', 'username': 'beautifulduck706', 'password': 'dickens', 'salt': 'Kq8lWPM3', 'md5': '9caa9b2013a7cf92359c643e30cc5dec', 'sha1': '86e8a1606deaad3b4adf81c56c47bec07a18cf48', 'sha256': '67d0d985f4c22b27d4407c57f415a74a6a03f542efe3122ccdbeafb830f92135'}, 'dob': {'date': '1955-04-14T05:30:58.598Z', 'age': 69}, 'registered': {'date': '2019-05-12T01:36:27.944Z', 'age': 5}, 'phone': '(800) 794-8698', 'cell': '(751) 907-9304', 'id': {'name': 'SSN', 'value': '735-75-1310'}, 'picture': {'large': 'https://randomuser.me/api/portraits/women/74.jpg', 'medium': 'https://randomuser.me/api/portraits/med/women/74.jpg', 'thumbnail': 'https://randomuser.me/api/portraits/thumb/women/74.jpg'}, 'nat': 'US'}</msg>
<arg>${json_data['results'][0]}</arg>
<doc>Logs the given message with the given level.</doc>
<status status="PASS" start="2024-08-09T16:19:13.019113" elapsed="0.000397"/>
</kw>
<kw name="Log" owner="BuiltIn">
<msg time="2024-08-09T16:19:13.019935" level="INFO">location</msg>
<arg>${key}</arg>
<doc>Logs the given message with the given level.</doc>
<status status="PASS" start="2024-08-09T16:19:13.019809" elapsed="0.000163"/>
</kw>
<var name="${key}">location</var>
<status status="PASS" start="2024-08-09T16:19:13.018432" elapsed="0.001755"/>
</iter>
<iter>
<kw name="Dictionary Should Contain Key" owner="Collections">
<arg>${json_data['results'][0]}</arg>
<arg>${key}</arg>
<doc>Fails if ``key`` is not found from ``dictionary``.</doc>
<status status="PASS" start="2024-08-09T16:19:13.020468" elapsed="0.000381"/>
</kw>
<kw name="Log" owner="BuiltIn">
<msg time="2024-08-09T16:19:13.021508" level="INFO">{'gender': 'female', 'name': {'title': 'Ms', 'first': 'Myrtle', 'last': 'Carpenter'}, 'location': {'street': {'number': 4091, 'name': 'W Campbell Ave'}, 'city': 'Vancouver', 'state': 'Michigan', 'country': 'United States', 'postcode': 11999, 'coordinates': {'latitude': '83.2074', 'longitude': '60.8739'}, 'timezone': {'offset': '+3:00', 'description': 'Baghdad, Riyadh, Moscow, St. Petersburg'}}, 'email': 'myrtle.carpenter@example.com', 'login': {'uuid': 'b1b86ee7-094f-42ca-9d41-3a2dcd01af7d', 'username': 'beautifulduck706', 'password': 'dickens', 'salt': 'Kq8lWPM3', 'md5': '9caa9b2013a7cf92359c643e30cc5dec', 'sha1': '86e8a1606deaad3b4adf81c56c47bec07a18cf48', 'sha256': '67d0d985f4c22b27d4407c57f415a74a6a03f542efe3122ccdbeafb830f92135'}, 'dob': {'date': '1955-04-14T05:30:58.598Z', 'age': 69}, 'registered': {'date': '2019-05-12T01:36:27.944Z', 'age': 5}, 'phone': '(800) 794-8698', 'cell': '(751) 907-9304', 'id': {'name': 'SSN', 'value': '735-75-1310'}, 'picture': {'large': 'https://randomuser.me/api/portraits/women/74.jpg', 'medium': 'https://randomuser.me/api/portraits/med/women/74.jpg', 'thumbnail': 'https://randomuser.me/api/portraits/thumb/women/74.jpg'}, 'nat': 'US'}</msg>
<arg>${json_data['results'][0]}</arg>
<doc>Logs the given message with the given level.</doc>
<status status="PASS" start="2024-08-09T16:19:13.021157" elapsed="0.000418"/>
</kw>
<kw name="Log" owner="BuiltIn">
<msg time="2024-08-09T16:19:13.022003" level="INFO">email</msg>
<arg>${key}</arg>
<doc>Logs the given message with the given level.</doc>
<status status="PASS" start="2024-08-09T16:19:13.021874" elapsed="0.000167"/>
</kw>
<var name="${key}">email</var>
<status status="PASS" start="2024-08-09T16:19:13.020361" elapsed="0.001895"/>
</iter>
<iter>
<kw name="Dictionary Should Contain Key" owner="Collections">
<arg>${json_data['results'][0]}</arg>
<arg>${key}</arg>
<doc>Fails if ``key`` is not found from ``dictionary``.</doc>
<status status="PASS" start="2024-08-09T16:19:13.022538" elapsed="0.000373"/>
</kw>
<kw name="Log" owner="BuiltIn">
<msg time="2024-08-09T16:19:13.023444" level="INFO">{'gender': 'female', 'name': {'title': 'Ms', 'first': 'Myrtle', 'last': 'Carpenter'}, 'location': {'street': {'number': 4091, 'name': 'W Campbell Ave'}, 'city': 'Vancouver', 'state': 'Michigan', 'country': 'United States', 'postcode': 11999, 'coordinates': {'latitude': '83.2074', 'longitude': '60.8739'}, 'timezone': {'offset': '+3:00', 'description': 'Baghdad, Riyadh, Moscow, St. Petersburg'}}, 'email': 'myrtle.carpenter@example.com', 'login': {'uuid': 'b1b86ee7-094f-42ca-9d41-3a2dcd01af7d', 'username': 'beautifulduck706', 'password': 'dickens', 'salt': 'Kq8lWPM3', 'md5': '9caa9b2013a7cf92359c643e30cc5dec', 'sha1': '86e8a1606deaad3b4adf81c56c47bec07a18cf48', 'sha256': '67d0d985f4c22b27d4407c57f415a74a6a03f542efe3122ccdbeafb830f92135'}, 'dob': {'date': '1955-04-14T05:30:58.598Z', 'age': 69}, 'registered': {'date': '2019-05-12T01:36:27.944Z', 'age': 5}, 'phone': '(800) 794-8698', 'cell': '(751) 907-9304', 'id': {'name': 'SSN', 'value': '735-75-1310'}, 'picture': {'large': 'https://randomuser.me/api/portraits/women/74.jpg', 'medium': 'https://randomuser.me/api/portraits/med/women/74.jpg', 'thumbnail': 'https://randomuser.me/api/portraits/thumb/women/74.jpg'}, 'nat': 'US'}</msg>
<arg>${json_data['results'][0]}</arg>
<doc>Logs the given message with the given level.</doc>
<status status="PASS" start="2024-08-09T16:19:13.023091" elapsed="0.000399"/>
</kw>
<kw name="Log" owner="BuiltIn">
<msg time="2024-08-09T16:19:13.023908" level="INFO">login</msg>
<arg>${key}</arg>
<doc>Logs the given message with the given level.</doc>
<status status="PASS" start="2024-08-09T16:19:13.023780" elapsed="0.000165"/>
</kw>
<var name="${key}">login</var>
<status status="PASS" start="2024-08-09T16:19:13.022429" elapsed="0.001731"/>
</iter>
<var>${key}</var>
<value>@{expected_keys}</value>
<status status="PASS" start="2024-08-09T16:19:13.014137" elapsed="0.010171"/>
</for>
<kw name="Create List" owner="BuiltIn">
<msg time="2024-08-09T16:19:13.024646" level="INFO">${expected_keysTwo} = ['username', 'password']</msg>
<var>${expected_keysTwo}</var>
<arg>username</arg>
<arg>password</arg>
<doc>Returns a list containing given items.</doc>
<status status="PASS" start="2024-08-09T16:19:13.024512" elapsed="0.000158"/>
</kw>
<for flavor="IN">
<iter>
<kw name="Dictionary Should Contain Key" owner="Collections">
<arg>${json_data['results'][0]['login']}</arg>
<arg>${keyTwo}</arg>
<doc>Fails if ``key`` is not found from ``dictionary``.</doc>
<status status="PASS" start="2024-08-09T16:19:13.025174" elapsed="0.000407"/>
</kw>
<kw name="Dictionary Should Contain Key" owner="Collections">
<arg>${json_data['results'][0]['login']}</arg>
<arg>${keyTwo}</arg>
<doc>Fails if ``key`` is not found from ``dictionary``.</doc>
<status status="PASS" start="2024-08-09T16:19:13.025765" elapsed="0.000378"/>
</kw>
<kw name="Log" owner="BuiltIn">
<msg time="2024-08-09T16:19:13.026446" level="INFO">username</msg>
<arg>${keyTwo}</arg>
<doc>Logs the given message with the given level.</doc>
<status status="PASS" start="2024-08-09T16:19:13.026326" elapsed="0.000157"/>
</kw>
<var name="${keyTwo}">username</var>
<status status="PASS" start="2024-08-09T16:19:13.025067" elapsed="0.001634"/>
</iter>
<iter>
<kw name="Dictionary Should Contain Key" owner="Collections">
<arg>${json_data['results'][0]['login']}</arg>
<arg>${keyTwo}</arg>
<doc>Fails if ``key`` is not found from ``dictionary``.</doc>
<status status="PASS" start="2024-08-09T16:19:13.026975" elapsed="0.000383"/>
</kw>
<kw name="Dictionary Should Contain Key" owner="Collections">
<arg>${json_data['results'][0]['login']}</arg>
<arg>${keyTwo}</arg>
<doc>Fails if ``key`` is not found from ``dictionary``.</doc>
<status status="PASS" start="2024-08-09T16:19:13.027542" elapsed="0.000373"/>
</kw>
<kw name="Log" owner="BuiltIn">
<msg time="2024-08-09T16:19:13.028207" level="INFO">password</msg>
<arg>${keyTwo}</arg>
<doc>Logs the given message with the given level.</doc>
<status status="PASS" start="2024-08-09T16:19:13.028090" elapsed="0.000155"/>
</kw>
<var name="${keyTwo}">password</var>
<status status="PASS" start="2024-08-09T16:19:13.026870" elapsed="0.001597"/>
</iter>
<var>${keyTwo}</var>
<value>@{expected_keysTwo}</value>
<status status="PASS" start="2024-08-09T16:19:13.024906" elapsed="0.003680"/>
</for>
<status status="PASS" start="2024-08-09T16:19:12.914859" elapsed="0.113869"/>
</kw>
<doc>Testa a estrutura da resposta da API.</doc>
<tag>testeEstruturaResposta</tag>
<status status="PASS" start="2024-08-09T16:19:12.914243" elapsed="0.114642"/>
</test>
<test id="s1-s1-t4" name="Validar tipos de dados" line="28">
<kw name="Teste de Tipos de Dados" owner="random-user-service">
<kw name="GET On Session" owner="RequestsLibrary">
<msg time="2024-08-09T16:19:13.114298" level="INFO">GET Request : url=https://randomuser.me/api 
 path_url=/api 
 headers={'User-Agent': 'python-requests/2.32.3', 'Accept-Encoding': 'gzip, deflate', 'Accept': '*/*', 'Connection': 'keep-alive'} 
 body=None 
 </msg>
<msg time="2024-08-09T16:19:13.114403" level="INFO">GET Response : url=https://randomuser.me/api 
 status=200, reason=OK 
 headers={'Date': 'Fri, 09 Aug 2024 16:19:13 GMT', 'Content-Type': 'application/json; charset=utf-8', 'Transfer-Encoding': 'chunked', 'Connection': 'keep-alive', 'X-Powered-By': 'Express', 'Access-Control-Allow-Origin': '*', 'Cache-Control': 'no-cache', 'ETag': 'W/"49a-JxxmvSnK0UUSJ2az2wbChqxVhE0"', 'Vary': 'Accept-Encoding', 'Content-Encoding': 'gzip', 'CF-Cache-Status': 'DYNAMIC', 'Report-To': '{"endpoints":[{"url":"https:\\/\\/a.nel.cloudflare.com\\/report\\/v4?s=lmjyas7S2vbZHvTrbNNiZD8Ynw1Q7kj5mzKelHh8LcadxrLnXgMIeJQ1G4gaEQKCLARM6IJqNTaaBv%2FYe8tCQNU3DK58ZUNKKDEVoBMShJbX52UTcBNFbca1txXn1TiB"}],"group":"cf-nel","max_age":604800}', 'NEL': '{"success_fraction":0,"report_to":"cf-nel","max_age":604800}', 'Server': 'cloudflare', 'CF-RAY': '8b0911068a910808-IAD', 'alt-svc': 'h3=":443"; ma=86400'} 
 body={"results":[{"gender":"male","name":{"title":"Mr","first":"Drago","last":"Fleckenstein"},"location":{"street":{"number":8418,"name":"Kiefernweg"},"city":"Pulheim","state":"Bremen","country":"Germany","postcode":25567,"coordinates":{"latitude":"-47.7299","longitude":"-168.9196"},"timezone":{"offset":"+3:00","description":"Baghdad, Riyadh, Moscow, St. Petersburg"}},"email":"drago.fleckenstein@example.com","login":{"uuid":"338d7b42-c748-435a-8382-47da952cdf8a","username":"orangedog339","password":"calvin1","salt":"WCsFouPc","md5":"d75811f6e4174cdcb3e56b8c73ecae19","sha1":"82f5e43890343f7e853f4d9e6c2ab8bd97f3f01b","sha256":"18d4815739aaf3b685c4c3e2ea702ce36f6a6aa6bca6503c1adce7fa7e8fc371"},"dob":{"date":"1970-03-15T23:16:00.584Z","age":54},"registered":{"date":"2019-01-23T01:15:26.289Z","age":5},"phone":"0631-7895686","cell":"0176-3169270","id":{"name":"SVNR","value":"39 150370 F 301"},"picture":{"large":"https://randomuser.me/api/portraits/men/65.jpg","medium":"https://randomuser.me/api/portraits/med/men/65.jpg","thumbnail":"https://randomuser.me/api/portraits/thumb/men/65.jpg"},"nat":"DE"}],"info":{"seed":"adc92844d3bdd02e","results":1,"page":1,"version":"1.4"}} 
 </msg>
<msg time="2024-08-09T16:19:13.114479" level="INFO">/opt/hostedtoolcache/Python/3.12.4/x64/lib/python3.12/site-packages/urllib3/connectionpool.py:1099: InsecureRequestWarning: Unverified HTTPS request is being made to host 'randomuser.me'. Adding certificate verification is strongly advised. See: https://urllib3.readthedocs.io/en/latest/advanced-usage.html#tls-warnings
  warnings.warn(</msg>
<msg time="2024-08-09T16:19:13.114646" level="INFO">${response} = &lt;Response [200]&gt;</msg>
<var>${response}</var>
<arg>consultarAPI</arg>
<arg>/api</arg>
<doc>Sends a GET request on a previously created HTTP Session.</doc>
<status status="PASS" start="2024-08-09T16:19:13.031383" elapsed="0.083307"/>
</kw>
<kw name="Set Variable" owner="BuiltIn">
<msg time="2024-08-09T16:19:13.115799" level="INFO">${json_data} = {'results': [{'gender': 'male', 'name': {'title': 'Mr', 'first': 'Drago', 'last': 'Fleckenstein'}, 'location': {'street': {'number': 8418, 'name': 'Kiefernweg'}, 'city': 'Pulheim', 'state': 'Bremen', ...</msg>
<var>${json_data}</var>
<arg>${response.json()}</arg>
<doc>Returns the given values which can then be assigned to a variables.</doc>
<status status="PASS" start="2024-08-09T16:19:13.115247" elapsed="0.000582"/>
</kw>
<kw name="Log" owner="BuiltIn">
<msg time="2024-08-09T16:19:13.116338" level="INFO">{'results': [{'gender': 'male', 'name': {'title': 'Mr', 'first': 'Drago', 'last': 'Fleckenstein'}, 'location': {'street': {'number': 8418, 'name': 'Kiefernweg'}, 'city': 'Pulheim', 'state': 'Bremen', 'country': 'Germany', 'postcode': 25567, 'coordinates': {'latitude': '-47.7299', 'longitude': '-168.9196'}, 'timezone': {'offset': '+3:00', 'description': 'Baghdad, Riyadh, Moscow, St. Petersburg'}}, 'email': 'drago.fleckenstein@example.com', 'login': {'uuid': '338d7b42-c748-435a-8382-47da952cdf8a', 'username': 'orangedog339', 'password': 'calvin1', 'salt': 'WCsFouPc', 'md5': 'd75811f6e4174cdcb3e56b8c73ecae19', 'sha1': '82f5e43890343f7e853f4d9e6c2ab8bd97f3f01b', 'sha256': '18d4815739aaf3b685c4c3e2ea702ce36f6a6aa6bca6503c1adce7fa7e8fc371'}, 'dob': {'date': '1970-03-15T23:16:00.584Z', 'age': 54}, 'registered': {'date': '2019-01-23T01:15:26.289Z', 'age': 5}, 'phone': '0631-7895686', 'cell': '0176-3169270', 'id': {'name': 'SVNR', 'value': '39 150370 F 301'}, 'picture': {'large': 'https://randomuser.me/api/portraits/men/65.jpg', 'medium': 'https://randomuser.me/api/portraits/med/men/65.jpg', 'thumbnail': 'https://randomuser.me/api/portraits/thumb/men/65.jpg'}, 'nat': 'DE'}], 'info': {'seed': 'adc92844d3bdd02e', 'results': 1, 'page': 1, 'version': '1.4'}}</msg>
<arg>${json_data}</arg>
<doc>Logs the given message with the given level.</doc>
<status status="PASS" start="2024-08-09T16:19:13.116173" elapsed="0.000215"/>
</kw>
<kw name="Should Be String" owner="String">
<arg>${json_data['results'][0]['gender']}</arg>
<doc>Fails if the given ``item`` is not a string.</doc>
<status status="PASS" start="2024-08-09T16:19:13.116695" elapsed="0.000408"/>
</kw>
<kw name="Should Match Regexp" owner="BuiltIn">
<arg>${json_data['results'][0]['email']}</arg>
<arg>^[a-zA-Z0-9._%+-]+@[a-zA-Z0-9.-]+\.[a-zA-Z]{2,}$</arg>
<doc>Fails if ``string`` does not match ``pattern`` as a regular expression.</doc>
<status status="PASS" start="2024-08-09T16:19:13.117300" elapsed="0.000578"/>
</kw>
<kw name="Should Match Regexp" owner="BuiltIn">
<arg>${json_data['results'][0]['dob']['date']}</arg>
<arg>\\d{4}-\\d{2}-\\d{2}T\\d{2}:\\d{2}:\\d{2}\\.\\d{3}Z</arg>
<doc>Fails if ``string`` does not match ``pattern`` as a regular expression.</doc>
<status status="PASS" start="2024-08-09T16:19:13.118081" elapsed="0.000657"/>
</kw>
<kw name="Should Match Regexp" owner="BuiltIn">
<arg>${json_data['results'][0]['registered']['date']}</arg>
<arg>\\d{4}-\\d{2}-\\d{2}T\\d{2}:\\d{2}:\\d{2}\\.\\d{3}Z</arg>
<doc>Fails if ``string`` does not match ``pattern`` as a regular expression.</doc>
<status status="PASS" start="2024-08-09T16:19:13.118935" elapsed="0.000374"/>
</kw>
<kw name="Should Match Regexp" owner="BuiltIn">
<arg>${json_data['results'][0]['picture']['large']}</arg>
<arg>^https?://.*\.(?:png|jpe?g|gif|bmp)$</arg>
<doc>Fails if ``string`` does not match ``pattern`` as a regular expression.</doc>
<status status="PASS" start="2024-08-09T16:19:13.119497" elapsed="0.000492"/>
</kw>
<kw name="Should Match Regexp" owner="BuiltIn">
<arg>${json_data['results'][0]['picture']['medium']}</arg>
<arg>^https?://.*\.(?:png|jpe?g|gif|bmp)$</arg>
<doc>Fails if ``string`` does not match ``pattern`` as a regular expression.</doc>
<status status="PASS" start="2024-08-09T16:19:13.120181" elapsed="0.000359"/>
</kw>
<kw name="Should Match Regexp" owner="BuiltIn">
<arg>${json_data['results'][0]['picture']['thumbnail']}</arg>
<arg>^https?://.*\.(?:png|jpe?g|gif|bmp)$</arg>
<doc>Fails if ``string`` does not match ``pattern`` as a regular expression.</doc>
<status status="PASS" start="2024-08-09T16:19:13.120724" elapsed="0.000348"/>
</kw>
<kw name="Log" owner="BuiltIn">
<msg time="2024-08-09T16:19:13.121599" level="INFO">{'large': 'https://randomuser.me/api/portraits/men/65.jpg', 'medium': 'https://randomuser.me/api/portraits/med/men/65.jpg', 'thumbnail': 'https://randomuser.me/api/portraits/thumb/men/65.jpg'}</msg>
<arg>${json_data['results'][0]['picture']}</arg>
<doc>Logs the given message with the given level.</doc>
<status status="PASS" start="2024-08-09T16:19:13.121252" elapsed="0.000391"/>
</kw>
<status status="PASS" start="2024-08-09T16:19:13.031144" elapsed="0.090765"/>
</kw>
<kw name="Teste de Tipos de Dados - Postcode" owner="random-user-service">
<kw name="GET On Session" owner="RequestsLibrary">
<msg time="2024-08-09T16:19:13.245428" level="INFO">GET Request : url=https://randomuser.me/api 
 path_url=/api 
 headers={'User-Agent': 'python-requests/2.32.3', 'Accept-Encoding': 'gzip, deflate', 'Accept': '*/*', 'Connection': 'keep-alive'} 
 body=None 
 </msg>
<msg time="2024-08-09T16:19:13.245579" level="INFO">GET Response : url=https://randomuser.me/api 
 status=200, reason=OK 
 headers={'Date': 'Fri, 09 Aug 2024 16:19:13 GMT', 'Content-Type': 'application/json; charset=utf-8', 'Transfer-Encoding': 'chunked', 'Connection': 'keep-alive', 'X-Powered-By': 'Express', 'Access-Control-Allow-Origin': '*', 'Cache-Control': 'no-cache', 'ETag': 'W/"485-W+BxLrHpg7DcgjSs4Lhpl4rkAPI"', 'Vary': 'Accept-Encoding', 'Content-Encoding': 'gzip', 'CF-Cache-Status': 'DYNAMIC', 'Report-To': '{"endpoints":[{"url":"https:\\/\\/a.nel.cloudflare.com\\/report\\/v4?s=wTNwM6U8ty5A4mt9PNl%2Bu4Mf18EjhGLr4z%2B%2BRXwBeHcrVrqoPXAFPnpEH3JnXUscLdj01Zu1nFqO7TVBwfCf9Sd3j92z3KJ9JYXeXSLXHNF9XiLPWhblp6J%2F0QOCoBBQ"}],"group":"cf-nel","max_age":604800}', 'NEL': '{"success_fraction":0,"report_to":"cf-nel","max_age":604800}', 'Server': 'cloudflare', 'CF-RAY': '8b0911071b6c0808-IAD', 'alt-svc': 'h3=":443"; ma=86400'} 
 body={"results":[{"gender":"female","name":{"title":"Miss","first":"Pinja","last":"Waara"},"location":{"street":{"number":9576,"name":"Myllypuronkatu"},"city":"Maaninka","state":"Uusimaa","country":"Finland","postcode":71324,"coordinates":{"latitude":"-25.3841","longitude":"175.5527"},"timezone":{"offset":"-3:30","description":"Newfoundland"}},"email":"pinja.waara@example.com","login":{"uuid":"ce34f77e-a456-45e9-ac91-ae3dc159147f","username":"beautifulmouse931","password":"marian","salt":"qvyw3JjX","md5":"49fa962fdbbf66fd1756845bc521da73","sha1":"2d4d291733f4e5d8c08344fdd2fec7d62060e156","sha256":"3eb5e4fc7f33bc762d962d512afeaa220a6bbfb401c655d95742b33dbb378f86"},"dob":{"date":"1955-09-29T01:53:53.523Z","age":68},"registered":{"date":"2019-09-24T10:51:16.660Z","age":4},"phone":"02-361-249","cell":"045-249-93-57","id":{"name":"HETU","value":"NaNNA636undefined"},"picture":{"large":"https://randomuser.me/api/portraits/women/78.jpg","medium":"https://randomuser.me/api/portraits/med/women/78.jpg","thumbnail":"https://randomuser.me/api/portraits/thumb/women/78.jpg"},"nat":"FI"}],"info":{"seed":"b254b5b5fd73489d","results":1,"page":1,"version":"1.4"}} 
 </msg>
<msg time="2024-08-09T16:19:13.245672" level="INFO">/opt/hostedtoolcache/Python/3.12.4/x64/lib/python3.12/site-packages/urllib3/connectionpool.py:1099: InsecureRequestWarning: Unverified HTTPS request is being made to host 'randomuser.me'. Adding certificate verification is strongly advised. See: https://urllib3.readthedocs.io/en/latest/advanced-usage.html#tls-warnings
  warnings.warn(</msg>
<msg time="2024-08-09T16:19:13.245811" level="INFO">${response} = &lt;Response [200]&gt;</msg>
<var>${response}</var>
<arg>consultarAPI</arg>
<arg>/api</arg>
<doc>Sends a GET request on a previously created HTTP Session.</doc>
<status status="PASS" start="2024-08-09T16:19:13.122394" elapsed="0.123460"/>
</kw>
<kw name="Set Variable" owner="BuiltIn">
<msg time="2024-08-09T16:19:13.246994" level="INFO">${json_data} = {'results': [{'gender': 'female', 'name': {'title': 'Miss', 'first': 'Pinja', 'last': 'Waara'}, 'location': {'street': {'number': 9576, 'name': 'Myllypuronkatu'}, 'city': 'Maaninka', 'state': 'Uusimaa...</msg>
<var>${json_data}</var>
<arg>${response.json()}</arg>
<doc>Returns the given values which can then be assigned to a variables.</doc>
<status status="PASS" start="2024-08-09T16:19:13.246457" elapsed="0.000566"/>
</kw>
<kw name="Log" owner="BuiltIn">
<msg time="2024-08-09T16:19:13.247486" level="INFO">{'results': [{'gender': 'female', 'name': {'title': 'Miss', 'first': 'Pinja', 'last': 'Waara'}, 'location': {'street': {'number': 9576, 'name': 'Myllypuronkatu'}, 'city': 'Maaninka', 'state': 'Uusimaa', 'country': 'Finland', 'postcode': 71324, 'coordinates': {'latitude': '-25.3841', 'longitude': '175.5527'}, 'timezone': {'offset': '-3:30', 'description': 'Newfoundland'}}, 'email': 'pinja.waara@example.com', 'login': {'uuid': 'ce34f77e-a456-45e9-ac91-ae3dc159147f', 'username': 'beautifulmouse931', 'password': 'marian', 'salt': 'qvyw3JjX', 'md5': '49fa962fdbbf66fd1756845bc521da73', 'sha1': '2d4d291733f4e5d8c08344fdd2fec7d62060e156', 'sha256': '3eb5e4fc7f33bc762d962d512afeaa220a6bbfb401c655d95742b33dbb378f86'}, 'dob': {'date': '1955-09-29T01:53:53.523Z', 'age': 68}, 'registered': {'date': '2019-09-24T10:51:16.660Z', 'age': 4}, 'phone': '02-361-249', 'cell': '045-249-93-57', 'id': {'name': 'HETU', 'value': 'NaNNA636undefined'}, 'picture': {'large': 'https://randomuser.me/api/portraits/women/78.jpg', 'medium': 'https://randomuser.me/api/portraits/med/women/78.jpg', 'thumbnail': 'https://randomuser.me/api/portraits/thumb/women/78.jpg'}, 'nat': 'FI'}], 'info': {'seed': 'b254b5b5fd73489d', 'results': 1, 'page': 1, 'version': '1.4'}}</msg>
<arg>${json_data}</arg>
<doc>Logs the given message with the given level.</doc>
<status status="PASS" start="2024-08-09T16:19:13.247334" elapsed="0.000198"/>
</kw>
<kw name="Should Be Equal As Numbers" owner="BuiltIn">
<arg>${json_data['results'][0]['location']['postcode']}</arg>
<arg>${json_data['results'][0]['location']['postcode']}</arg>
<doc>Fails if objects are unequal after converting them to real numbers.</doc>
<status status="PASS" start="2024-08-09T16:19:13.247829" elapsed="0.000621"/>
</kw>
<kw name="Log" owner="BuiltIn">
<msg time="2024-08-09T16:19:13.249034" level="INFO">71324</msg>
<arg>${json_data['results'][0]['location']['postcode']}</arg>
<doc>Logs the given message with the given level.</doc>
<status status="PASS" start="2024-08-09T16:19:13.248683" elapsed="0.000392"/>
</kw>
<status status="PASS" start="2024-08-09T16:19:13.122158" elapsed="0.127176"/>
</kw>
<doc>Testa se os tipos de dados na resposta da API estão corretos.</doc>
<tag>testeTiposDados</tag>
<status status="PASS" start="2024-08-09T16:19:13.030679" elapsed="0.218824"/>
</test>
<test id="s1-s1-t5" name="Validar conteudo" line="35">
<kw name="Teste de Tipos de Conteudo" owner="random-user-service">
<kw name="GET On Session" owner="RequestsLibrary">
<msg time="2024-08-09T16:19:13.493809" level="INFO">GET Request : url=https://randomuser.me/api 
 path_url=/api 
 headers={'User-Agent': 'python-requests/2.32.3', 'Accept-Encoding': 'gzip, deflate', 'Accept': '*/*', 'Connection': 'keep-alive'} 
 body=None 
 </msg>
<msg time="2024-08-09T16:19:13.493922" level="INFO">GET Response : url=https://randomuser.me/api 
 status=200, reason=OK 
 headers={'Date': 'Fri, 09 Aug 2024 16:19:13 GMT', 'Content-Type': 'application/json; charset=utf-8', 'Transfer-Encoding': 'chunked', 'Connection': 'keep-alive', 'X-Powered-By': 'Express', 'Access-Control-Allow-Origin': '*', 'Cache-Control': 'no-cache', 'ETag': 'W/"487-EI8zpAST9DFJfA2EGb1zSw1iJsA"', 'Vary': 'Accept-Encoding', 'Content-Encoding': 'gzip', 'CF-Cache-Status': 'DYNAMIC', 'Report-To': '{"endpoints":[{"url":"https:\\/\\/a.nel.cloudflare.com\\/report\\/v4?s=jzDB9gys9vaIIdlI1pdvHZ7vzOMv7PgxlAUFyiv%2FNjDwn%2BAN%2BzDvW%2B8uV0E9S%2Bryi7Z62I5vasekYpvizQiXCeXhi%2F8yhFLjlVyGz8jcWbsOdn9fc0WjGpKDP0mi9iVa"}],"group":"cf-nel","max_age":604800}', 'NEL': '{"success_fraction":0,"report_to":"cf-nel","max_age":604800}', 'Server': 'cloudflare', 'CF-RAY': '8b091107ec610808-IAD', 'alt-svc': 'h3=":443"; ma=86400'} 
 body={"results":[{"gender":"male","name":{"title":"Mr","first":"Valentín","last":"Santos"},"location":{"street":{"number":2919,"name":"Calle del Barquillo"},"city":"Cartagena","state":"Cantabria","country":"Spain","postcode":41400,"coordinates":{"latitude":"-30.4321","longitude":"-70.2374"},"timezone":{"offset":"+7:00","description":"Bangkok, Hanoi, Jakarta"}},"email":"valentin.santos@example.com","login":{"uuid":"fdd4c235-445b-42db-aa29-29cedb13c2bc","username":"blacklion265","password":"osiris","salt":"qquSj2T7","md5":"d6cd086b8b5e3674ae8467238ee9a334","sha1":"f5f12576e22d6638a38ce8ba1a4da865299ca3a9","sha256":"6e58e93c80c95ab45c8cf69a0a5ff7d426c712ccc9d75321a085667682eb0cc9"},"dob":{"date":"1979-11-15T06:12:08.506Z","age":44},"registered":{"date":"2017-12-17T11:06:19.356Z","age":6},"phone":"987-117-178","cell":"677-895-411","id":{"name":"DNI","value":"35008432-D"},"picture":{"large":"https://randomuser.me/api/portraits/men/91.jpg","medium":"https://randomuser.me/api/portraits/med/men/91.jpg","thumbnail":"https://randomuser.me/api/portraits/thumb/men/91.jpg"},"nat":"ES"}],"info":{"seed":"d8cdd4bec7111c91","results":1,"page":1,"version":"1.4"}} 
 </msg>
<msg time="2024-08-09T16:19:13.494012" level="INFO">/opt/hostedtoolcache/Python/3.12.4/x64/lib/python3.12/site-packages/urllib3/connectionpool.py:1099: InsecureRequestWarning: Unverified HTTPS request is being made to host 'randomuser.me'. Adding certificate verification is strongly advised. See: https://urllib3.readthedocs.io/en/latest/advanced-usage.html#tls-warnings
  warnings.warn(</msg>
<msg time="2024-08-09T16:19:13.494157" level="INFO">${response} = &lt;Response [200]&gt;</msg>
<var>${response}</var>
<arg>consultarAPI</arg>
<arg>/api</arg>
<doc>Sends a GET request on a previously created HTTP Session.</doc>
<status status="PASS" start="2024-08-09T16:19:13.251940" elapsed="0.242258"/>
</kw>
<kw name="Set Variable" owner="BuiltIn">
<msg time="2024-08-09T16:19:13.495280" level="INFO">${json_data} = {'results': [{'gender': 'male', 'name': {'title': 'Mr', 'first': 'Valentín', 'last': 'Santos'}, 'location': {'street': {'number': 2919, 'name': 'Calle del Barquillo'}, 'city': 'Cartagena', 'state': 'C...</msg>
<var>${json_data}</var>
<arg>${response.json()}</arg>
<doc>Returns the given values which can then be assigned to a variables.</doc>
<status status="PASS" start="2024-08-09T16:19:13.494737" elapsed="0.000573"/>
</kw>
<kw name="Set Variable" owner="BuiltIn">
<msg time="2024-08-09T16:19:13.496002" level="INFO">${name_title} = Mr</msg>
<var>${name_title}</var>
<arg>${json_data["results"][0]["name"]["title"]}</arg>
<doc>Returns the given values which can then be assigned to a variables.</doc>
<status status="PASS" start="2024-08-09T16:19:13.495615" elapsed="0.000412"/>
</kw>
<kw name="Create List" owner="BuiltIn">
<msg time="2024-08-09T16:19:13.496473" level="INFO">${allowed_titles} = ['Mr', 'Ms', 'Miss', 'Mrs', 'Madame', 'Monsieur']</msg>
<var>${allowed_titles}</var>
<arg>Mr</arg>
<arg>Ms</arg>
<arg>Miss</arg>
<arg>Mrs</arg>
<arg>Madame</arg>
<arg>Monsieur</arg>
<doc>Returns a list containing given items.</doc>
<status status="PASS" start="2024-08-09T16:19:13.496324" elapsed="0.000173"/>
</kw>
<kw name="List Should Contain Value" owner="Collections">
<arg>${allowed_titles}</arg>
<arg>${name_title}</arg>
<doc>Fails if the ``value`` is not found from ``list``.</doc>
<status status="PASS" start="2024-08-09T16:19:13.496789" elapsed="0.000177"/>
</kw>
<kw name="Set Variable" owner="BuiltIn">
<msg time="2024-08-09T16:19:13.497528" level="INFO">${name_country} = ES</msg>
<var>${name_country}</var>
<arg>${json_data["results"][0]["nat"]}</arg>
<doc>Returns the given values which can then be assigned to a variables.</doc>
<status status="PASS" start="2024-08-09T16:19:13.497149" elapsed="0.000428"/>
</kw>
<kw name="Create List" owner="BuiltIn">
<msg time="2024-08-09T16:19:13.498475" level="INFO">${list_country} = ['AD', 'AE', 'AF', 'AG', 'AI', 'AL', 'AM', 'AO', 'AQ', 'AR', 'AS', 'AT', 'AU', 'AW', 'AX', 'AZ', 'BA', 'BB', 'BD', 'BE', 'BF', 'BG', 'BH', 'BI', 'BJ', 'BL', 'BM', 'BN', 'BO', 'BQ', 'BR', 'BS', 'BT', '...</msg>
<var>${list_country}</var>
<arg>AD</arg>
<arg>AE</arg>
<arg>AF</arg>
<arg>AG</arg>
<arg>AI</arg>
<arg>AL</arg>
<arg>AM</arg>
<arg>AO</arg>
<arg>AQ</arg>
<arg>AR</arg>
<arg>AS</arg>
<arg>AT</arg>
<arg>AU</arg>
<arg>AW</arg>
<arg>AX</arg>
<arg>AZ</arg>
<arg>BA</arg>
<arg>BB</arg>
<arg>BD</arg>
<arg>BE</arg>
<arg>BF</arg>
<arg>BG</arg>
<arg>BH</arg>
<arg>BI</arg>
<arg>BJ</arg>
<arg>BL</arg>
<arg>BM</arg>
<arg>BN</arg>
<arg>BO</arg>
<arg>BQ</arg>
<arg>BR</arg>
<arg>BS</arg>
<arg>BT</arg>
<arg>BV</arg>
<arg>BW</arg>
<arg>BY</arg>
<arg>BZ</arg>
<arg>CA</arg>
<arg>CC</arg>
<arg>CD</arg>
<arg>CF</arg>
<arg>CG</arg>
<arg>CH</arg>
<arg>CI</arg>
<arg>CK</arg>
<arg>CL</arg>
<arg>CM</arg>
<arg>CN</arg>
<arg>CO</arg>
<arg>CR</arg>
<arg>CU</arg>
<arg>CV</arg>
<arg>CW</arg>
<arg>CX</arg>
<arg>CY</arg>
<arg>CZ</arg>
<arg>DE</arg>
<arg>DJ</arg>
<arg>DK</arg>
<arg>DM</arg>
<arg>DO</arg>
<arg>DZ</arg>
<arg>EC</arg>
<arg>EE</arg>
<arg>EG</arg>
<arg>EH</arg>
<arg>ER</arg>
<arg>ES</arg>
<arg>ET</arg>
<arg>FI</arg>
<arg>FJ</arg>
<arg>FK</arg>
<arg>FM</arg>
<arg>FO</arg>
<arg>FR</arg>
<arg>GA</arg>
<arg>GB</arg>
<arg>GD</arg>
<arg>GE</arg>
<arg>GF</arg>
<arg>GG</arg>
<arg>GH</arg>
<arg>GI</arg>
<arg>GL</arg>
<arg>GM</arg>
<arg>GN</arg>
<arg>GP</arg>
<arg>GQ</arg>
<arg>GR</arg>
<arg>GS</arg>
<arg>GT</arg>
<arg>GU</arg>
<arg>GW</arg>
<arg>GY</arg>
<arg>HK</arg>
<arg>HM</arg>
<arg>HN</arg>
<arg>HR</arg>
<arg>HT</arg>
<arg>HU</arg>
<arg>ID</arg>
<arg>IE</arg>
<arg>IL</arg>
<arg>IM</arg>
<arg>IN</arg>
<arg>IO</arg>
<arg>IQ</arg>
<arg>IR</arg>
<arg>IS</arg>
<arg>IT</arg>
<arg>JE</arg>
<arg>JM</arg>
<arg>JO</arg>
<arg>JP</arg>
<arg>KE</arg>
<arg>KG</arg>
<arg>KH</arg>
<arg>KI</arg>
<arg>KM</arg>
<arg>KN</arg>
<arg>KP</arg>
<arg>KR</arg>
<arg>KW</arg>
<arg>KY</arg>
<arg>KZ</arg>
<arg>LA</arg>
<arg>LB</arg>
<arg>LC</arg>
<arg>LI</arg>
<arg>LK</arg>
<arg>LR</arg>
<arg>LS</arg>
<arg>LT</arg>
<arg>LU</arg>
<arg>LV</arg>
<arg>LY</arg>
<arg>MA</arg>
<arg>MC</arg>
<arg>MD</arg>
<arg>ME</arg>
<arg>MF</arg>
<arg>MG</arg>
<arg>MH</arg>
<arg>MK</arg>
<arg>ML</arg>
<arg>MM</arg>
<arg>MN</arg>
<arg>MO</arg>
<arg>MP</arg>
<arg>MQ</arg>
<arg>MR</arg>
<arg>MS</arg>
<arg>MT</arg>
<arg>MU</arg>
<arg>MV</arg>
<arg>MW</arg>
<arg>MX</arg>
<arg>MY</arg>
<arg>MZ</arg>
<arg>NA</arg>
<arg>NC</arg>
<arg>NE</arg>
<arg>NF</arg>
<arg>NG</arg>
<arg>NI</arg>
<arg>NL</arg>
<arg>NO</arg>
<arg>NP</arg>
<arg>NR</arg>
<arg>NU</arg>
<arg>NZ</arg>
<arg>OM</arg>
<arg>PA</arg>
<arg>PE</arg>
<arg>PF</arg>
<arg>PG</arg>
<arg>PH</arg>
<arg>PK</arg>
<arg>PL</arg>
<arg>PM</arg>
<arg>PN</arg>
<arg>PR</arg>
<arg>PS</arg>
<arg>PT</arg>
<arg>PW</arg>
<arg>PY</arg>
<arg>QA</arg>
<arg>RE</arg>
<arg>RO</arg>
<arg>RS</arg>
<arg>RU</arg>
<arg>RW</arg>
<arg>SA</arg>
<arg>SB</arg>
<arg>SC</arg>
<arg>SD</arg>
<arg>SE</arg>
<arg>SG</arg>
<arg>SH</arg>
<arg>SI</arg>
<arg>SJ</arg>
<arg>SK</arg>
<arg>SL</arg>
<arg>SM</arg>
<arg>SN</arg>
<arg>SO</arg>
<arg>SR</arg>
<arg>SS</arg>
<arg>ST</arg>
<arg>SV</arg>
<arg>SX</arg>
<arg>SY</arg>
<arg>SZ</arg>
<arg>TC</arg>
<arg>TD</arg>
<arg>TF</arg>
<arg>TG</arg>
<arg>TH</arg>
<arg>TJ</arg>
<arg>TK</arg>
<arg>TL</arg>
<arg>TM</arg>
<arg>TN</arg>
<arg>TO</arg>
<arg>TR</arg>
<arg>TT</arg>
<arg>TV</arg>
<arg>TW</arg>
<arg>TZ</arg>
<arg>UA</arg>
<arg>UG</arg>
<arg>UM</arg>
<arg>US</arg>
<arg>UY</arg>
<arg>UZ</arg>
<arg>VA</arg>
<arg>VC</arg>
<arg>VE</arg>
<arg>VG</arg>
<arg>VI</arg>
<arg>VN</arg>
<arg>VU</arg>
<arg>WF</arg>
<arg>WS</arg>
<arg>XK</arg>
<arg>YE</arg>
<arg>YT</arg>
<arg>ZA</arg>
<arg>ZM</arg>
<arg>ZW</arg>
<doc>Returns a list containing given items.</doc>
<status status="PASS" start="2024-08-09T16:19:13.497873" elapsed="0.000627"/>
</kw>
<kw name="List Should Contain Value" owner="Collections">
<arg>${list_country}</arg>
<arg>${name_country}</arg>
<doc>Fails if the ``value`` is not found from ``list``.</doc>
<status status="PASS" start="2024-08-09T16:19:13.499486" elapsed="0.000208"/>
</kw>
<kw name="Run Keyword If" owner="BuiltIn">
<kw name="Should Be True" owner="BuiltIn">
<arg>${True}</arg>
<doc>Fails if the given condition is not true.</doc>
<status status="PASS" start="2024-08-09T16:19:13.500644" elapsed="0.000142"/>
</kw>
<arg>${json_data["results"][0]["location"]["coordinates"]["latitude"]} &gt;= -90 and ${json_data["results"][0]["location"]["coordinates"]["latitude"]} &lt;= 90</arg>
<arg>Should Be True</arg>
<arg>${True}</arg>
<doc>Runs the given keyword with the given arguments, if ``condition`` is true.</doc>
<status status="PASS" start="2024-08-09T16:19:13.499892" elapsed="0.001020"/>
</kw>
<kw name="Run Keyword If" owner="BuiltIn">
<kw name="Should Be True" owner="BuiltIn">
<arg>${True}</arg>
<doc>Fails if the given condition is not true.</doc>
<status status="PASS" start="2024-08-09T16:19:13.501801" elapsed="0.000136"/>
</kw>
<arg>${json_data["results"][0]["location"]["coordinates"]["longitude"]} &gt;= -180 and ${json_data["results"][0]["location"]["coordinates"]["longitude"]} &lt;= 180</arg>
<arg>Should Be True</arg>
<arg>${True}</arg>
<doc>Runs the given keyword with the given arguments, if ``condition`` is true.</doc>
<status status="PASS" start="2024-08-09T16:19:13.501092" elapsed="0.000967"/>
</kw>
<status status="PASS" start="2024-08-09T16:19:13.251711" elapsed="0.250480"/>
</kw>
<doc>Testa o conteúdo específico dos campos retornados pela API.</doc>
<tag>testeConteudo</tag>
<status status="PASS" start="2024-08-09T16:19:13.251261" elapsed="0.251081"/>
</test>
<status status="PASS" start="2024-08-09T16:19:12.482791" elapsed="1.021479"/>
</suite>
<status status="PASS" start="2024-08-09T16:19:12.467960" elapsed="1.041410"/>
</suite>
<statistics>
<total>
<stat pass="5" fail="0" skip="0">All Tests</stat>
</total>
<tag>
<stat pass="1" fail="0" skip="0">testeConteudo</stat>
<stat pass="1" fail="0" skip="0">testeEstruturaResposta</stat>
<stat pass="1" fail="0" skip="0">testeRequisicaoBasica</stat>
<stat pass="1" fail="0" skip="0">testeTiposDados</stat>
</tag>
<suite>
<stat pass="5" fail="0" skip="0" id="s1" name="Tests">Tests</stat>
<stat pass="5" fail="0" skip="0" id="s1-s1" name="Random-User-Test">Tests.Random-User-Test</stat>
</suite>
</statistics>
<errors>
</errors>
</robot>
