<?xml version="1.0" encoding="UTF-8"?>
<robot generator="Robot 7.0.1 (Python 3.12.4 on linux)" generated="2024-06-27T10:16:51.853814" rpa="false" schemaversion="5">
<suite id="s1" name="Tests" source="/home/runner/work/ApiRandomUser/ApiRandomUser/RamdonUser/tests">
<suite id="s1-s1" name="Random-User-Test" source="/home/runner/work/ApiRandomUser/ApiRandomUser/RamdonUser/tests/random-user-test.robot">
<test id="s1-s1-t1" name="Conectar" line="13">
<kw name="Conectar API" owner="random-user-service">
<kw name="Create Session" owner="RequestsLibrary">
<msg time="2024-06-27T10:16:52.262244" level="INFO">Creating Session using : alias=consultarAPI, url=https://randomuser.me/, headers={},                     cookies={}, auth=None, timeout=None, proxies=None, verify=False,                     debug=0 </msg>
<arg>consultarAPI</arg>
<arg>${URL}</arg>
<doc>Create Session: create a HTTP session to a server</doc>
<status status="PASS" start="2024-06-27T10:16:52.262046" elapsed="0.000364"/>
</kw>
<status status="PASS" start="2024-06-27T10:16:52.261149" elapsed="0.001596"/>
</kw>
<status status="PASS" start="2024-06-27T10:16:52.260572" elapsed="0.002357"/>
</test>
<test id="s1-s1-t2" name="Validar retorno 200 e JSON Válido" line="16">
<kw name="Teste de Requisicao Basica" owner="random-user-service">
<kw name="GET On Session" owner="RequestsLibrary">
<msg time="2024-06-27T10:16:52.342021" level="INFO">GET Request : url=https://randomuser.me/api 
 path_url=/api 
 headers={'User-Agent': 'python-requests/2.32.3', 'Accept-Encoding': 'gzip, deflate', 'Accept': '*/*', 'Connection': 'keep-alive'} 
 body=None 
 </msg>
<msg time="2024-06-27T10:16:52.342122" level="INFO">GET Response : url=https://randomuser.me/api 
 status=200, reason=OK 
 headers={'Date': 'Thu, 27 Jun 2024 10:16:52 GMT', 'Content-Type': 'application/json; charset=utf-8', 'Transfer-Encoding': 'chunked', 'Connection': 'keep-alive', 'X-Powered-By': 'Express', 'Access-Control-Allow-Origin': '*', 'Cache-Control': 'no-cache', 'ETag': 'W/"47b-qjRrGYZKhYZN/rEleD3twvLhQx4"', 'Vary': 'Accept-Encoding', 'Content-Encoding': 'gzip', 'CF-Cache-Status': 'DYNAMIC', 'Report-To': '{"endpoints":[{"url":"https:\\/\\/a.nel.cloudflare.com\\/report\\/v4?s=1ja7%2FJJvlp18iYb2fI%2BibSz4Mj11NDdys3CSPQ%2BJ%2F4H2KAK273tZkLfZjm1amaWYR8lZ%2BTNnpMEoLCXxFS6%2BZ%2BXMUwezaiLnKABazH7wSBgYARCuSxLFWYHIrhseCdzj"}],"group":"cf-nel","max_age":604800}', 'NEL': '{"success_fraction":0,"report_to":"cf-nel","max_age":604800}', 'Server': 'cloudflare', 'CF-RAY': '89a4af1ede438737-ORD', 'alt-svc': 'h3=":443"; ma=86400'} 
 body={"results":[{"gender":"male","name":{"title":"Mr","first":"Quinn","last":"Hall"},"location":{"street":{"number":1872,"name":"Innes Road"},"city":"Tauranga","state":"Tasman","country":"New Zealand","postcode":98707,"coordinates":{"latitude":"49.1922","longitude":"-35.1340"},"timezone":{"offset":"+8:00","description":"Beijing, Perth, Singapore, Hong Kong"}},"email":"quinn.hall@example.com","login":{"uuid":"d3d26ccf-c9f9-4238-a03c-28c805cdbb96","username":"bluerabbit254","password":"1213","salt":"YL0JkoH4","md5":"dc437b9872d18c2a54b511f87b012b30","sha1":"381e2c63b1070de2a5e0db7972fcbdba12c9a85d","sha256":"3238710cf0c8de20cf1b4957e363a1a8bf2871416922531612e5b1fb5d703a6b"},"dob":{"date":"1973-08-12T03:39:37.093Z","age":50},"registered":{"date":"2018-04-12T07:42:52.985Z","age":6},"phone":"(037)-877-5397","cell":"(904)-898-1307","id":{"name":"","value":null},"picture":{"large":"https://randomuser.me/api/portraits/men/52.jpg","medium":"https://randomuser.me/api/portraits/med/men/52.jpg","thumbnail":"https://randomuser.me/api/portraits/thumb/men/52.jpg"},"nat":"NZ"}],"info":{"seed":"64f6e35be541c075","results":1,"page":1,"version":"1.4"}} 
 </msg>
<msg time="2024-06-27T10:16:52.342196" level="INFO">/opt/hostedtoolcache/Python/3.12.4/x64/lib/python3.12/site-packages/urllib3/connectionpool.py:1099: InsecureRequestWarning: Unverified HTTPS request is being made to host 'randomuser.me'. Adding certificate verification is strongly advised. See: https://urllib3.readthedocs.io/en/latest/advanced-usage.html#tls-warnings
  warnings.warn(</msg>
<msg time="2024-06-27T10:16:52.342312" level="INFO">${response} = &lt;Response [200]&gt;</msg>
<var>${response}</var>
<arg>consultarAPI</arg>
<arg>/api</arg>
<doc>Sends a GET request on a previously created HTTP Session.</doc>
<status status="PASS" start="2024-06-27T10:16:52.265576" elapsed="0.076775"/>
</kw>
<kw name="Should Be Equal As Numbers" owner="BuiltIn">
<msg time="2024-06-27T10:16:52.343138" level="INFO">Argument types are:
&lt;class 'int'&gt;
&lt;class 'str'&gt;</msg>
<arg>${response.status_code}</arg>
<arg>200</arg>
<doc>Fails if objects are unequal after converting them to real numbers.</doc>
<status status="PASS" start="2024-06-27T10:16:52.342744" elapsed="0.000455"/>
</kw>
<kw name="Log" owner="BuiltIn">
<msg time="2024-06-27T10:16:52.343873" level="INFO">200</msg>
<arg>${response.status_code}</arg>
<doc>Logs the given message with the given level.</doc>
<status status="PASS" start="2024-06-27T10:16:52.343533" elapsed="0.000381"/>
</kw>
<kw name="Set Variable" owner="BuiltIn">
<msg time="2024-06-27T10:16:52.344632" level="INFO">${json_data} = {'results': [{'gender': 'male', 'name': {'title': 'Mr', 'first': 'Quinn', 'last': 'Hall'}, 'location': {'street': {'number': 1872, 'name': 'Innes Road'}, 'city': 'Tauranga', 'state': 'Tasman', 'countr...</msg>
<var>${json_data}</var>
<arg>${response.json()}</arg>
<doc>Returns the given values which can then be assigned to a variables.</doc>
<status status="PASS" start="2024-06-27T10:16:52.344207" elapsed="0.000454"/>
</kw>
<kw name="Dictionary Should Contain Key" owner="Collections">
<arg>${json_data}</arg>
<arg>results</arg>
<doc>Fails if ``key`` is not found from ``dictionary``.</doc>
<status status="PASS" start="2024-06-27T10:16:52.344952" elapsed="0.000159"/>
</kw>
<status status="PASS" start="2024-06-27T10:16:52.265334" elapsed="0.079916"/>
</kw>
<doc>Testa se a API responde corretamente e retorna um objeto JSON válido.</doc>
<tag>testeRequisicaoBasica</tag>
<status status="PASS" start="2024-06-27T10:16:52.264797" elapsed="0.080607"/>
</test>
<test id="s1-s1-t3" name="Validar estrutura de resposta" line="22">
<kw name="Teste de Estrutura de Resposta" owner="random-user-service">
<kw name="GET On Session" owner="RequestsLibrary">
<msg time="2024-06-27T10:16:52.488592" level="INFO">GET Request : url=https://randomuser.me/api 
 path_url=/api 
 headers={'User-Agent': 'python-requests/2.32.3', 'Accept-Encoding': 'gzip, deflate', 'Accept': '*/*', 'Connection': 'keep-alive'} 
 body=None 
 </msg>
<msg time="2024-06-27T10:16:52.488674" level="INFO">GET Response : url=https://randomuser.me/api 
 status=200, reason=OK 
 headers={'Date': 'Thu, 27 Jun 2024 10:16:52 GMT', 'Content-Type': 'application/json; charset=utf-8', 'Transfer-Encoding': 'chunked', 'Connection': 'keep-alive', 'X-Powered-By': 'Express', 'Access-Control-Allow-Origin': '*', 'Cache-Control': 'no-cache', 'ETag': 'W/"4af-Gh7Gx08lVBOZNZYbiCl142Phx2Y"', 'Vary': 'Accept-Encoding', 'Content-Encoding': 'gzip', 'CF-Cache-Status': 'DYNAMIC', 'Report-To': '{"endpoints":[{"url":"https:\\/\\/a.nel.cloudflare.com\\/report\\/v4?s=H%2FsNgHW86giSoQfYTC%2FNRwgw8HavnEPrAeZtktdgHR5z2tHOv%2BdfbFt9fSDRKqyObwUZfKv%2FyNWHr47C2spAI6J7zx7njlyfAVrr4C6DxQyG7dDaiV9JV5Rew9dKgAzn"}],"group":"cf-nel","max_age":604800}', 'NEL': '{"success_fraction":0,"report_to":"cf-nel","max_age":604800}', 'Server': 'cloudflare', 'CF-RAY': '89a4af1f2e748737-ORD', 'alt-svc': 'h3=":443"; ma=86400'} 
 body={"results":[{"gender":"male","name":{"title":"Mr","first":"Porfirio","last":"Mota"},"location":{"street":{"number":3350,"name":"Cerrada Distrito Federal"},"city":"Colucán (San Lucas Colucán)","state":"Estado de Mexico","country":"Mexico","postcode":53854,"coordinates":{"latitude":"25.5253","longitude":"-65.0151"},"timezone":{"offset":"+6:00","description":"Almaty, Dhaka, Colombo"}},"email":"porfirio.mota@example.com","login":{"uuid":"c9c54357-85d3-401f-9fd7-a41b7dcfc027","username":"smallladybug668","password":"wendy","salt":"GvYpcf0v","md5":"9bc6acc17bda395166bafb5ded7a817d","sha1":"96e30a7f7514c164c9b9051fed599c444bb6ce4d","sha256":"16883fe49a1b3b896e1269411f2b727e3f4d2e2051c79606dd408cad2d35c458"},"dob":{"date":"1959-01-20T10:33:54.415Z","age":65},"registered":{"date":"2003-10-23T01:03:45.478Z","age":20},"phone":"(648) 897 0141","cell":"(641) 730 0889","id":{"name":"NSS","value":"80 42 00 6545 0"},"picture":{"large":"https://randomuser.me/api/portraits/men/73.jpg","medium":"https://randomuser.me/api/portraits/med/men/73.jpg","thumbnail":"https://randomuser.me/api/portraits/thumb/men/73.jpg"},"nat":"MX"}],"info":{"seed":"5af5d208b4d2a07c","results":1,"page":1,"version":"1.4"}} 
 </msg>
<msg time="2024-06-27T10:16:52.488793" level="INFO">/opt/hostedtoolcache/Python/3.12.4/x64/lib/python3.12/site-packages/urllib3/connectionpool.py:1099: InsecureRequestWarning: Unverified HTTPS request is being made to host 'randomuser.me'. Adding certificate verification is strongly advised. See: https://urllib3.readthedocs.io/en/latest/advanced-usage.html#tls-warnings
  warnings.warn(</msg>
<msg time="2024-06-27T10:16:52.488915" level="INFO">${response} = &lt;Response [200]&gt;</msg>
<var>${response}</var>
<arg>consultarAPI</arg>
<arg>/api</arg>
<doc>Sends a GET request on a previously created HTTP Session.</doc>
<status status="PASS" start="2024-06-27T10:16:52.347891" elapsed="0.141075"/>
</kw>
<kw name="Set Variable" owner="BuiltIn">
<msg time="2024-06-27T10:16:52.489865" level="INFO">${json_data} = {'results': [{'gender': 'male', 'name': {'title': 'Mr', 'first': 'Porfirio', 'last': 'Mota'}, 'location': {'street': {'number': 3350, 'name': 'Cerrada Distrito Federal'}, 'city': 'Colucán (San Lucas C...</msg>
<var>${json_data}</var>
<arg>${response.json()}</arg>
<doc>Returns the given values which can then be assigned to a variables.</doc>
<status status="PASS" start="2024-06-27T10:16:52.489418" elapsed="0.000476"/>
</kw>
<kw name="Log" owner="BuiltIn">
<msg time="2024-06-27T10:16:52.490351" level="INFO">{'results': [{'gender': 'male', 'name': {'title': 'Mr', 'first': 'Porfirio', 'last': 'Mota'}, 'location': {'street': {'number': 3350, 'name': 'Cerrada Distrito Federal'}, 'city': 'Colucán (San Lucas Colucán)', 'state': 'Estado de Mexico', 'country': 'Mexico', 'postcode': 53854, 'coordinates': {'latitude': '25.5253', 'longitude': '-65.0151'}, 'timezone': {'offset': '+6:00', 'description': 'Almaty, Dhaka, Colombo'}}, 'email': 'porfirio.mota@example.com', 'login': {'uuid': 'c9c54357-85d3-401f-9fd7-a41b7dcfc027', 'username': 'smallladybug668', 'password': 'wendy', 'salt': 'GvYpcf0v', 'md5': '9bc6acc17bda395166bafb5ded7a817d', 'sha1': '96e30a7f7514c164c9b9051fed599c444bb6ce4d', 'sha256': '16883fe49a1b3b896e1269411f2b727e3f4d2e2051c79606dd408cad2d35c458'}, 'dob': {'date': '1959-01-20T10:33:54.415Z', 'age': 65}, 'registered': {'date': '2003-10-23T01:03:45.478Z', 'age': 20}, 'phone': '(648) 897 0141', 'cell': '(641) 730 0889', 'id': {'name': 'NSS', 'value': '80 42 00 6545 0'}, 'picture': {'large': 'https://randomuser.me/api/portraits/men/73.jpg', 'medium': 'https://randomuser.me/api/portraits/med/men/73.jpg', 'thumbnail': 'https://randomuser.me/api/portraits/thumb/men/73.jpg'}, 'nat': 'MX'}], 'info': {'seed': '5af5d208b4d2a07c', 'results': 1, 'page': 1, 'version': '1.4'}}</msg>
<arg>${json_data}</arg>
<doc>Logs the given message with the given level.</doc>
<status status="PASS" start="2024-06-27T10:16:52.490194" elapsed="0.000206"/>
</kw>
<kw name="Dictionary Should Contain Key" owner="Collections">
<arg>${json_data}</arg>
<arg>results</arg>
<doc>Fails if ``key`` is not found from ``dictionary``.</doc>
<status status="PASS" start="2024-06-27T10:16:52.490685" elapsed="0.000148"/>
</kw>
<kw name="Should Not Be Empty" owner="BuiltIn">
<msg time="2024-06-27T10:16:52.491144" level="INFO">Length is 2.</msg>
<arg>${json_data}</arg>
<doc>Verifies that the given item is not empty.</doc>
<status status="PASS" start="2024-06-27T10:16:52.491013" elapsed="0.000168"/>
</kw>
<kw name="Create List" owner="BuiltIn">
<msg time="2024-06-27T10:16:52.491770" level="INFO">${expected_keys} = ['gender', 'name', 'location', 'email', 'login']</msg>
<var>${expected_keys}</var>
<arg>gender</arg>
<arg>name</arg>
<arg>location</arg>
<arg>email</arg>
<arg>login</arg>
<doc>Returns a list containing given items.</doc>
<status status="PASS" start="2024-06-27T10:16:52.491501" elapsed="0.000293"/>
</kw>
<for flavor="IN">
<iter>
<kw name="Dictionary Should Contain Key" owner="Collections">
<arg>${json_data['results'][0]}</arg>
<arg>${key}</arg>
<doc>Fails if ``key`` is not found from ``dictionary``.</doc>
<status status="PASS" start="2024-06-27T10:16:52.492345" elapsed="0.000387"/>
</kw>
<kw name="Log" owner="BuiltIn">
<msg time="2024-06-27T10:16:52.493277" level="INFO">{'gender': 'male', 'name': {'title': 'Mr', 'first': 'Porfirio', 'last': 'Mota'}, 'location': {'street': {'number': 3350, 'name': 'Cerrada Distrito Federal'}, 'city': 'Colucán (San Lucas Colucán)', 'state': 'Estado de Mexico', 'country': 'Mexico', 'postcode': 53854, 'coordinates': {'latitude': '25.5253', 'longitude': '-65.0151'}, 'timezone': {'offset': '+6:00', 'description': 'Almaty, Dhaka, Colombo'}}, 'email': 'porfirio.mota@example.com', 'login': {'uuid': 'c9c54357-85d3-401f-9fd7-a41b7dcfc027', 'username': 'smallladybug668', 'password': 'wendy', 'salt': 'GvYpcf0v', 'md5': '9bc6acc17bda395166bafb5ded7a817d', 'sha1': '96e30a7f7514c164c9b9051fed599c444bb6ce4d', 'sha256': '16883fe49a1b3b896e1269411f2b727e3f4d2e2051c79606dd408cad2d35c458'}, 'dob': {'date': '1959-01-20T10:33:54.415Z', 'age': 65}, 'registered': {'date': '2003-10-23T01:03:45.478Z', 'age': 20}, 'phone': '(648) 897 0141', 'cell': '(641) 730 0889', 'id': {'name': 'NSS', 'value': '80 42 00 6545 0'}, 'picture': {'large': 'https://randomuser.me/api/portraits/men/73.jpg', 'medium': 'https://randomuser.me/api/portraits/med/men/73.jpg', 'thumbnail': 'https://randomuser.me/api/portraits/thumb/men/73.jpg'}, 'nat': 'MX'}</msg>
<arg>${json_data['results'][0]}</arg>
<doc>Logs the given message with the given level.</doc>
<status status="PASS" start="2024-06-27T10:16:52.492913" elapsed="0.000414"/>
</kw>
<kw name="Log" owner="BuiltIn">
<msg time="2024-06-27T10:16:52.493748" level="INFO">gender</msg>
<arg>${key}</arg>
<doc>Logs the given message with the given level.</doc>
<status status="PASS" start="2024-06-27T10:16:52.493621" elapsed="0.000164"/>
</kw>
<var name="${key}">gender</var>
<status status="PASS" start="2024-06-27T10:16:52.492223" elapsed="0.001775"/>
</iter>
<iter>
<kw name="Dictionary Should Contain Key" owner="Collections">
<arg>${json_data['results'][0]}</arg>
<arg>${key}</arg>
<doc>Fails if ``key`` is not found from ``dictionary``.</doc>
<status status="PASS" start="2024-06-27T10:16:52.494301" elapsed="0.000404"/>
</kw>
<kw name="Log" owner="BuiltIn">
<msg time="2024-06-27T10:16:52.495316" level="INFO">{'gender': 'male', 'name': {'title': 'Mr', 'first': 'Porfirio', 'last': 'Mota'}, 'location': {'street': {'number': 3350, 'name': 'Cerrada Distrito Federal'}, 'city': 'Colucán (San Lucas Colucán)', 'state': 'Estado de Mexico', 'country': 'Mexico', 'postcode': 53854, 'coordinates': {'latitude': '25.5253', 'longitude': '-65.0151'}, 'timezone': {'offset': '+6:00', 'description': 'Almaty, Dhaka, Colombo'}}, 'email': 'porfirio.mota@example.com', 'login': {'uuid': 'c9c54357-85d3-401f-9fd7-a41b7dcfc027', 'username': 'smallladybug668', 'password': 'wendy', 'salt': 'GvYpcf0v', 'md5': '9bc6acc17bda395166bafb5ded7a817d', 'sha1': '96e30a7f7514c164c9b9051fed599c444bb6ce4d', 'sha256': '16883fe49a1b3b896e1269411f2b727e3f4d2e2051c79606dd408cad2d35c458'}, 'dob': {'date': '1959-01-20T10:33:54.415Z', 'age': 65}, 'registered': {'date': '2003-10-23T01:03:45.478Z', 'age': 20}, 'phone': '(648) 897 0141', 'cell': '(641) 730 0889', 'id': {'name': 'NSS', 'value': '80 42 00 6545 0'}, 'picture': {'large': 'https://randomuser.me/api/portraits/men/73.jpg', 'medium': 'https://randomuser.me/api/portraits/med/men/73.jpg', 'thumbnail': 'https://randomuser.me/api/portraits/thumb/men/73.jpg'}, 'nat': 'MX'}</msg>
<arg>${json_data['results'][0]}</arg>
<doc>Logs the given message with the given level.</doc>
<status status="PASS" start="2024-06-27T10:16:52.494951" elapsed="0.000460"/>
</kw>
<kw name="Log" owner="BuiltIn">
<msg time="2024-06-27T10:16:52.495834" level="INFO">name</msg>
<arg>${key}</arg>
<doc>Logs the given message with the given level.</doc>
<status status="PASS" start="2024-06-27T10:16:52.495708" elapsed="0.000163"/>
</kw>
<var name="${key}">name</var>
<status status="PASS" start="2024-06-27T10:16:52.494188" elapsed="0.001899"/>
</iter>
<iter>
<kw name="Dictionary Should Contain Key" owner="Collections">
<arg>${json_data['results'][0]}</arg>
<arg>${key}</arg>
<doc>Fails if ``key`` is not found from ``dictionary``.</doc>
<status status="PASS" start="2024-06-27T10:16:52.496369" elapsed="0.000387"/>
</kw>
<kw name="Log" owner="BuiltIn">
<msg time="2024-06-27T10:16:52.497312" level="INFO">{'gender': 'male', 'name': {'title': 'Mr', 'first': 'Porfirio', 'last': 'Mota'}, 'location': {'street': {'number': 3350, 'name': 'Cerrada Distrito Federal'}, 'city': 'Colucán (San Lucas Colucán)', 'state': 'Estado de Mexico', 'country': 'Mexico', 'postcode': 53854, 'coordinates': {'latitude': '25.5253', 'longitude': '-65.0151'}, 'timezone': {'offset': '+6:00', 'description': 'Almaty, Dhaka, Colombo'}}, 'email': 'porfirio.mota@example.com', 'login': {'uuid': 'c9c54357-85d3-401f-9fd7-a41b7dcfc027', 'username': 'smallladybug668', 'password': 'wendy', 'salt': 'GvYpcf0v', 'md5': '9bc6acc17bda395166bafb5ded7a817d', 'sha1': '96e30a7f7514c164c9b9051fed599c444bb6ce4d', 'sha256': '16883fe49a1b3b896e1269411f2b727e3f4d2e2051c79606dd408cad2d35c458'}, 'dob': {'date': '1959-01-20T10:33:54.415Z', 'age': 65}, 'registered': {'date': '2003-10-23T01:03:45.478Z', 'age': 20}, 'phone': '(648) 897 0141', 'cell': '(641) 730 0889', 'id': {'name': 'NSS', 'value': '80 42 00 6545 0'}, 'picture': {'large': 'https://randomuser.me/api/portraits/men/73.jpg', 'medium': 'https://randomuser.me/api/portraits/med/men/73.jpg', 'thumbnail': 'https://randomuser.me/api/portraits/thumb/men/73.jpg'}, 'nat': 'MX'}</msg>
<arg>${json_data['results'][0]}</arg>
<doc>Logs the given message with the given level.</doc>
<status status="PASS" start="2024-06-27T10:16:52.496954" elapsed="0.000414"/>
</kw>
<kw name="Log" owner="BuiltIn">
<msg time="2024-06-27T10:16:52.497794" level="INFO">location</msg>
<arg>${key}</arg>
<doc>Logs the given message with the given level.</doc>
<status status="PASS" start="2024-06-27T10:16:52.497670" elapsed="0.000160"/>
</kw>
<var name="${key}">location</var>
<status status="PASS" start="2024-06-27T10:16:52.496264" elapsed="0.001794"/>
</iter>
<iter>
<kw name="Dictionary Should Contain Key" owner="Collections">
<arg>${json_data['results'][0]}</arg>
<arg>${key}</arg>
<doc>Fails if ``key`` is not found from ``dictionary``.</doc>
<status status="PASS" start="2024-06-27T10:16:52.498345" elapsed="0.000381"/>
</kw>
<kw name="Log" owner="BuiltIn">
<msg time="2024-06-27T10:16:52.499275" level="INFO">{'gender': 'male', 'name': {'title': 'Mr', 'first': 'Porfirio', 'last': 'Mota'}, 'location': {'street': {'number': 3350, 'name': 'Cerrada Distrito Federal'}, 'city': 'Colucán (San Lucas Colucán)', 'state': 'Estado de Mexico', 'country': 'Mexico', 'postcode': 53854, 'coordinates': {'latitude': '25.5253', 'longitude': '-65.0151'}, 'timezone': {'offset': '+6:00', 'description': 'Almaty, Dhaka, Colombo'}}, 'email': 'porfirio.mota@example.com', 'login': {'uuid': 'c9c54357-85d3-401f-9fd7-a41b7dcfc027', 'username': 'smallladybug668', 'password': 'wendy', 'salt': 'GvYpcf0v', 'md5': '9bc6acc17bda395166bafb5ded7a817d', 'sha1': '96e30a7f7514c164c9b9051fed599c444bb6ce4d', 'sha256': '16883fe49a1b3b896e1269411f2b727e3f4d2e2051c79606dd408cad2d35c458'}, 'dob': {'date': '1959-01-20T10:33:54.415Z', 'age': 65}, 'registered': {'date': '2003-10-23T01:03:45.478Z', 'age': 20}, 'phone': '(648) 897 0141', 'cell': '(641) 730 0889', 'id': {'name': 'NSS', 'value': '80 42 00 6545 0'}, 'picture': {'large': 'https://randomuser.me/api/portraits/men/73.jpg', 'medium': 'https://randomuser.me/api/portraits/med/men/73.jpg', 'thumbnail': 'https://randomuser.me/api/portraits/thumb/men/73.jpg'}, 'nat': 'MX'}</msg>
<arg>${json_data['results'][0]}</arg>
<doc>Logs the given message with the given level.</doc>
<status status="PASS" start="2024-06-27T10:16:52.498918" elapsed="0.000406"/>
</kw>
<kw name="Log" owner="BuiltIn">
<msg time="2024-06-27T10:16:52.499794" level="INFO">email</msg>
<arg>${key}</arg>
<doc>Logs the given message with the given level.</doc>
<status status="PASS" start="2024-06-27T10:16:52.499668" elapsed="0.000163"/>
</kw>
<var name="${key}">email</var>
<status status="PASS" start="2024-06-27T10:16:52.498241" elapsed="0.001824"/>
</iter>
<iter>
<kw name="Dictionary Should Contain Key" owner="Collections">
<arg>${json_data['results'][0]}</arg>
<arg>${key}</arg>
<doc>Fails if ``key`` is not found from ``dictionary``.</doc>
<status status="PASS" start="2024-06-27T10:16:52.500375" elapsed="0.000374"/>
</kw>
<kw name="Log" owner="BuiltIn">
<msg time="2024-06-27T10:16:52.501282" level="INFO">{'gender': 'male', 'name': {'title': 'Mr', 'first': 'Porfirio', 'last': 'Mota'}, 'location': {'street': {'number': 3350, 'name': 'Cerrada Distrito Federal'}, 'city': 'Colucán (San Lucas Colucán)', 'state': 'Estado de Mexico', 'country': 'Mexico', 'postcode': 53854, 'coordinates': {'latitude': '25.5253', 'longitude': '-65.0151'}, 'timezone': {'offset': '+6:00', 'description': 'Almaty, Dhaka, Colombo'}}, 'email': 'porfirio.mota@example.com', 'login': {'uuid': 'c9c54357-85d3-401f-9fd7-a41b7dcfc027', 'username': 'smallladybug668', 'password': 'wendy', 'salt': 'GvYpcf0v', 'md5': '9bc6acc17bda395166bafb5ded7a817d', 'sha1': '96e30a7f7514c164c9b9051fed599c444bb6ce4d', 'sha256': '16883fe49a1b3b896e1269411f2b727e3f4d2e2051c79606dd408cad2d35c458'}, 'dob': {'date': '1959-01-20T10:33:54.415Z', 'age': 65}, 'registered': {'date': '2003-10-23T01:03:45.478Z', 'age': 20}, 'phone': '(648) 897 0141', 'cell': '(641) 730 0889', 'id': {'name': 'NSS', 'value': '80 42 00 6545 0'}, 'picture': {'large': 'https://randomuser.me/api/portraits/men/73.jpg', 'medium': 'https://randomuser.me/api/portraits/med/men/73.jpg', 'thumbnail': 'https://randomuser.me/api/portraits/thumb/men/73.jpg'}, 'nat': 'MX'}</msg>
<arg>${json_data['results'][0]}</arg>
<doc>Logs the given message with the given level.</doc>
<status status="PASS" start="2024-06-27T10:16:52.500929" elapsed="0.000403"/>
</kw>
<kw name="Log" owner="BuiltIn">
<msg time="2024-06-27T10:16:52.501745" level="INFO">login</msg>
<arg>${key}</arg>
<doc>Logs the given message with the given level.</doc>
<status status="PASS" start="2024-06-27T10:16:52.501620" elapsed="0.000161"/>
</kw>
<var name="${key}">login</var>
<status status="PASS" start="2024-06-27T10:16:52.500256" elapsed="0.001740"/>
</iter>
<var>${key}</var>
<value>@{expected_keys}</value>
<status status="PASS" start="2024-06-27T10:16:52.492044" elapsed="0.010098"/>
</for>
<kw name="Create List" owner="BuiltIn">
<msg time="2024-06-27T10:16:52.502477" level="INFO">${expected_keysTwo} = ['username', 'password']</msg>
<var>${expected_keysTwo}</var>
<arg>username</arg>
<arg>password</arg>
<doc>Returns a list containing given items.</doc>
<status status="PASS" start="2024-06-27T10:16:52.502338" elapsed="0.000164"/>
</kw>
<for flavor="IN">
<iter>
<kw name="Dictionary Should Contain Key" owner="Collections">
<arg>${json_data['results'][0]['login']}</arg>
<arg>${keyTwo}</arg>
<doc>Fails if ``key`` is not found from ``dictionary``.</doc>
<status status="PASS" start="2024-06-27T10:16:52.502990" elapsed="0.000402"/>
</kw>
<kw name="Dictionary Should Contain Key" owner="Collections">
<arg>${json_data['results'][0]['login']}</arg>
<arg>${keyTwo}</arg>
<doc>Fails if ``key`` is not found from ``dictionary``.</doc>
<status status="PASS" start="2024-06-27T10:16:52.503572" elapsed="0.000366"/>
</kw>
<kw name="Log" owner="BuiltIn">
<msg time="2024-06-27T10:16:52.504238" level="INFO">username</msg>
<arg>${keyTwo}</arg>
<doc>Logs the given message with the given level.</doc>
<status status="PASS" start="2024-06-27T10:16:52.504118" elapsed="0.000156"/>
</kw>
<var name="${keyTwo}">username</var>
<status status="PASS" start="2024-06-27T10:16:52.502886" elapsed="0.001608"/>
</iter>
<iter>
<kw name="Dictionary Should Contain Key" owner="Collections">
<arg>${json_data['results'][0]['login']}</arg>
<arg>${keyTwo}</arg>
<doc>Fails if ``key`` is not found from ``dictionary``.</doc>
<status status="PASS" start="2024-06-27T10:16:52.504769" elapsed="0.000379"/>
</kw>
<kw name="Dictionary Should Contain Key" owner="Collections">
<arg>${json_data['results'][0]['login']}</arg>
<arg>${keyTwo}</arg>
<doc>Fails if ``key`` is not found from ``dictionary``.</doc>
<status status="PASS" start="2024-06-27T10:16:52.505322" elapsed="0.000360"/>
</kw>
<kw name="Log" owner="BuiltIn">
<msg time="2024-06-27T10:16:52.505968" level="INFO">password</msg>
<arg>${keyTwo}</arg>
<doc>Logs the given message with the given level.</doc>
<status status="PASS" start="2024-06-27T10:16:52.505851" elapsed="0.000159"/>
</kw>
<var name="${keyTwo}">password</var>
<status status="PASS" start="2024-06-27T10:16:52.504663" elapsed="0.001653"/>
</iter>
<var>${keyTwo}</var>
<value>@{expected_keysTwo}</value>
<status status="PASS" start="2024-06-27T10:16:52.502735" elapsed="0.003700"/>
</for>
<status status="PASS" start="2024-06-27T10:16:52.347664" elapsed="0.158907"/>
</kw>
<doc>Testa a estrutura da resposta da API.</doc>
<tag>testeEstruturaResposta</tag>
<status status="PASS" start="2024-06-27T10:16:52.347166" elapsed="0.159551"/>
</test>
<test id="s1-s1-t4" name="Validar tipos de dados" line="28">
<kw name="Teste de Tipos de Dados" owner="random-user-service">
<kw name="GET On Session" owner="RequestsLibrary">
<msg time="2024-06-27T10:16:52.548710" level="INFO">GET Request : url=https://randomuser.me/api 
 path_url=/api 
 headers={'User-Agent': 'python-requests/2.32.3', 'Accept-Encoding': 'gzip, deflate', 'Accept': '*/*', 'Connection': 'keep-alive'} 
 body=None 
 </msg>
<msg time="2024-06-27T10:16:52.548785" level="INFO">GET Response : url=https://randomuser.me/api 
 status=200, reason=OK 
 headers={'Date': 'Thu, 27 Jun 2024 10:16:52 GMT', 'Content-Type': 'application/json; charset=utf-8', 'Transfer-Encoding': 'chunked', 'Connection': 'keep-alive', 'X-Powered-By': 'Express', 'Access-Control-Allow-Origin': '*', 'Cache-Control': 'no-cache', 'ETag': 'W/"46a-60j8BQ4JdS+GIpqC/olYRmnBnWo"', 'Vary': 'Accept-Encoding', 'Content-Encoding': 'gzip', 'CF-Cache-Status': 'DYNAMIC', 'Report-To': '{"endpoints":[{"url":"https:\\/\\/a.nel.cloudflare.com\\/report\\/v4?s=X10QWc9vkxfUeaM5XAKq1dGSgBSxIvQbWBAUbqncKrC4JvnnHnE0E5Xgn14mH0yfOVZH3wsIihvudsVK2jXI8uuhEAuonHQlnJVj6hho%2FXQaEk9I%2BcmDCeo7Awxwc8SZ"}],"group":"cf-nel","max_age":604800}', 'NEL': '{"success_fraction":0,"report_to":"cf-nel","max_age":604800}', 'Server': 'cloudflare', 'CF-RAY': '89a4af202f198737-ORD', 'alt-svc': 'h3=":443"; ma=86400'} 
 body={"results":[{"gender":"male","name":{"title":"Mr","first":"Jake","last":"Wright"},"location":{"street":{"number":4761,"name":"Ferguson Street"},"city":"Hamilton","state":"Otago","country":"New Zealand","postcode":50535,"coordinates":{"latitude":"51.9798","longitude":"-161.0464"},"timezone":{"offset":"-9:00","description":"Alaska"}},"email":"jake.wright@example.com","login":{"uuid":"8f274497-54b2-4ce0-8b05-865da5146388","username":"beautifulgoose561","password":"pinky","salt":"vqTjW4dU","md5":"1daa0aa1b5ed3b4152b6e51c2a895a6a","sha1":"1d7ffe70407e8bd7e04e4e56466c0485c46817bd","sha256":"eec24fd00893f5fd77040cbb6a6b7589021281d1a7ceb5a84d8a131f90f544bf"},"dob":{"date":"1967-02-23T22:29:07.242Z","age":57},"registered":{"date":"2008-12-20T00:15:14.074Z","age":15},"phone":"(631)-242-5520","cell":"(705)-246-4153","id":{"name":"","value":null},"picture":{"large":"https://randomuser.me/api/portraits/men/86.jpg","medium":"https://randomuser.me/api/portraits/med/men/86.jpg","thumbnail":"https://randomuser.me/api/portraits/thumb/men/86.jpg"},"nat":"NZ"}],"info":{"seed":"9138919397e01478","results":1,"page":1,"version":"1.4"}} 
 </msg>
<msg time="2024-06-27T10:16:52.548853" level="INFO">/opt/hostedtoolcache/Python/3.12.4/x64/lib/python3.12/site-packages/urllib3/connectionpool.py:1099: InsecureRequestWarning: Unverified HTTPS request is being made to host 'randomuser.me'. Adding certificate verification is strongly advised. See: https://urllib3.readthedocs.io/en/latest/advanced-usage.html#tls-warnings
  warnings.warn(</msg>
<msg time="2024-06-27T10:16:52.548955" level="INFO">${response} = &lt;Response [200]&gt;</msg>
<var>${response}</var>
<arg>consultarAPI</arg>
<arg>/api</arg>
<doc>Sends a GET request on a previously created HTTP Session.</doc>
<status status="PASS" start="2024-06-27T10:16:52.509136" elapsed="0.039862"/>
</kw>
<kw name="Set Variable" owner="BuiltIn">
<msg time="2024-06-27T10:16:52.549841" level="INFO">${json_data} = {'results': [{'gender': 'male', 'name': {'title': 'Mr', 'first': 'Jake', 'last': 'Wright'}, 'location': {'street': {'number': 4761, 'name': 'Ferguson Street'}, 'city': 'Hamilton', 'state': 'Otago', 'c...</msg>
<var>${json_data}</var>
<arg>${response.json()}</arg>
<doc>Returns the given values which can then be assigned to a variables.</doc>
<status status="PASS" start="2024-06-27T10:16:52.549401" elapsed="0.000471"/>
</kw>
<kw name="Log" owner="BuiltIn">
<msg time="2024-06-27T10:16:52.550325" level="INFO">{'results': [{'gender': 'male', 'name': {'title': 'Mr', 'first': 'Jake', 'last': 'Wright'}, 'location': {'street': {'number': 4761, 'name': 'Ferguson Street'}, 'city': 'Hamilton', 'state': 'Otago', 'country': 'New Zealand', 'postcode': 50535, 'coordinates': {'latitude': '51.9798', 'longitude': '-161.0464'}, 'timezone': {'offset': '-9:00', 'description': 'Alaska'}}, 'email': 'jake.wright@example.com', 'login': {'uuid': '8f274497-54b2-4ce0-8b05-865da5146388', 'username': 'beautifulgoose561', 'password': 'pinky', 'salt': 'vqTjW4dU', 'md5': '1daa0aa1b5ed3b4152b6e51c2a895a6a', 'sha1': '1d7ffe70407e8bd7e04e4e56466c0485c46817bd', 'sha256': 'eec24fd00893f5fd77040cbb6a6b7589021281d1a7ceb5a84d8a131f90f544bf'}, 'dob': {'date': '1967-02-23T22:29:07.242Z', 'age': 57}, 'registered': {'date': '2008-12-20T00:15:14.074Z', 'age': 15}, 'phone': '(631)-242-5520', 'cell': '(705)-246-4153', 'id': {'name': '', 'value': None}, 'picture': {'large': 'https://randomuser.me/api/portraits/men/86.jpg', 'medium': 'https://randomuser.me/api/portraits/med/men/86.jpg', 'thumbnail': 'https://randomuser.me/api/portraits/thumb/men/86.jpg'}, 'nat': 'NZ'}], 'info': {'seed': '9138919397e01478', 'results': 1, 'page': 1, 'version': '1.4'}}</msg>
<arg>${json_data}</arg>
<doc>Logs the given message with the given level.</doc>
<status status="PASS" start="2024-06-27T10:16:52.550170" elapsed="0.000199"/>
</kw>
<kw name="Should Be String" owner="String">
<arg>${json_data['results'][0]['gender']}</arg>
<doc>Fails if the given ``item`` is not a string.</doc>
<status status="PASS" start="2024-06-27T10:16:52.550659" elapsed="0.000360"/>
</kw>
<kw name="Should Match Regexp" owner="BuiltIn">
<arg>${json_data['results'][0]['email']}</arg>
<arg>^[a-zA-Z0-9._%+-]+@[a-zA-Z0-9.-]+\.[a-zA-Z]{2,}$</arg>
<doc>Fails if ``string`` does not match ``pattern`` as a regular expression.</doc>
<status status="PASS" start="2024-06-27T10:16:52.551235" elapsed="0.000534"/>
</kw>
<kw name="Should Match Regexp" owner="BuiltIn">
<arg>${json_data['results'][0]['dob']['date']}</arg>
<arg>\\d{4}-\\d{2}-\\d{2}T\\d{2}:\\d{2}:\\d{2}\\.\\d{3}Z</arg>
<doc>Fails if ``string`` does not match ``pattern`` as a regular expression.</doc>
<status status="PASS" start="2024-06-27T10:16:52.551960" elapsed="0.000484"/>
</kw>
<kw name="Should Match Regexp" owner="BuiltIn">
<arg>${json_data['results'][0]['registered']['date']}</arg>
<arg>\\d{4}-\\d{2}-\\d{2}T\\d{2}:\\d{2}:\\d{2}\\.\\d{3}Z</arg>
<doc>Fails if ``string`` does not match ``pattern`` as a regular expression.</doc>
<status status="PASS" start="2024-06-27T10:16:52.552629" elapsed="0.000361"/>
</kw>
<kw name="Should Match Regexp" owner="BuiltIn">
<arg>${json_data['results'][0]['picture']['large']}</arg>
<arg>^https?://.*\.(?:png|jpe?g|gif|bmp)$</arg>
<doc>Fails if ``string`` does not match ``pattern`` as a regular expression.</doc>
<status status="PASS" start="2024-06-27T10:16:52.553173" elapsed="0.000448"/>
</kw>
<kw name="Should Match Regexp" owner="BuiltIn">
<arg>${json_data['results'][0]['picture']['medium']}</arg>
<arg>^https?://.*\.(?:png|jpe?g|gif|bmp)$</arg>
<doc>Fails if ``string`` does not match ``pattern`` as a regular expression.</doc>
<status status="PASS" start="2024-06-27T10:16:52.553804" elapsed="0.000346"/>
</kw>
<kw name="Should Match Regexp" owner="BuiltIn">
<arg>${json_data['results'][0]['picture']['thumbnail']}</arg>
<arg>^https?://.*\.(?:png|jpe?g|gif|bmp)$</arg>
<doc>Fails if ``string`` does not match ``pattern`` as a regular expression.</doc>
<status status="PASS" start="2024-06-27T10:16:52.554331" elapsed="0.000357"/>
</kw>
<kw name="Log" owner="BuiltIn">
<msg time="2024-06-27T10:16:52.555196" level="INFO">{'large': 'https://randomuser.me/api/portraits/men/86.jpg', 'medium': 'https://randomuser.me/api/portraits/med/men/86.jpg', 'thumbnail': 'https://randomuser.me/api/portraits/thumb/men/86.jpg'}</msg>
<arg>${json_data['results'][0]['picture']}</arg>
<doc>Logs the given message with the given level.</doc>
<status status="PASS" start="2024-06-27T10:16:52.554869" elapsed="0.000368"/>
</kw>
<status status="PASS" start="2024-06-27T10:16:52.508919" elapsed="0.046595"/>
</kw>
<kw name="Teste de Tipos de Dados - Postcode" owner="random-user-service">
<kw name="GET On Session" owner="RequestsLibrary">
<msg time="2024-06-27T10:16:52.665890" level="INFO">GET Request : url=https://randomuser.me/api 
 path_url=/api 
 headers={'User-Agent': 'python-requests/2.32.3', 'Accept-Encoding': 'gzip, deflate', 'Accept': '*/*', 'Connection': 'keep-alive'} 
 body=None 
 </msg>
<msg time="2024-06-27T10:16:52.665975" level="INFO">GET Response : url=https://randomuser.me/api 
 status=200, reason=OK 
 headers={'Date': 'Thu, 27 Jun 2024 10:16:52 GMT', 'Content-Type': 'application/json; charset=utf-8', 'Transfer-Encoding': 'chunked', 'Connection': 'keep-alive', 'X-Powered-By': 'Express', 'Access-Control-Allow-Origin': '*', 'Cache-Control': 'no-cache', 'ETag': 'W/"4bd-lGdn62Lam90vPyxtKmyhBdQdvfM"', 'Vary': 'Accept-Encoding', 'Content-Encoding': 'gzip', 'CF-Cache-Status': 'DYNAMIC', 'Report-To': '{"endpoints":[{"url":"https:\\/\\/a.nel.cloudflare.com\\/report\\/v4?s=JBZdFOb74jt6bPahf%2B%2F2kGNTZ18Sr%2BvAvAEBBgY3S4v4UMfaMaW1%2BFsPK3jN12I7urp%2FJFzV4CYOmpq%2FF%2FnlwtwYR87%2FFCYB5vcpYtl1X%2FFLEASLEe%2FU01Vmn0CYyHO%2B"}],"group":"cf-nel","max_age":604800}', 'NEL': '{"success_fraction":0,"report_to":"cf-nel","max_age":604800}', 'Server': 'cloudflare', 'CF-RAY': '89a4af207f488737-ORD', 'alt-svc': 'h3=":443"; ma=86400'} 
 body={"results":[{"gender":"female","name":{"title":"Madame","first":"Pamela","last":"Lambert"},"location":{"street":{"number":9141,"name":"Place de L'Église"},"city":"Münchenbuchsee","state":"Basel-Landschaft","country":"Switzerland","postcode":6520,"coordinates":{"latitude":"-56.7872","longitude":"150.3324"},"timezone":{"offset":"+11:00","description":"Magadan, Solomon Islands, New Caledonia"}},"email":"pamela.lambert@example.com","login":{"uuid":"c7cfe492-8fe0-4d65-ba54-c1d00c9f4fc6","username":"goldensnake208","password":"erotica","salt":"76d1xwBP","md5":"ff5b0d85898b2b51782f468b3d3876c2","sha1":"a56617548ae4a36eb14d7d7c91f92f3b8c4477fa","sha256":"c7cff709750f43d47e45825324b5c8f857badf9824207574a7898aad1fc2ec0f"},"dob":{"date":"1992-10-28T03:12:57.587Z","age":31},"registered":{"date":"2002-07-13T08:27:55.744Z","age":21},"phone":"079 297 40 53","cell":"077 888 42 11","id":{"name":"AVS","value":"756.4115.1116.35"},"picture":{"large":"https://randomuser.me/api/portraits/women/2.jpg","medium":"https://randomuser.me/api/portraits/med/women/2.jpg","thumbnail":"https://randomuser.me/api/portraits/thumb/women/2.jpg"},"nat":"CH"}],"info":{"seed":"91b5cad8b011f805","results":1,"page":1,"version":"1.4"}} 
 </msg>
<msg time="2024-06-27T10:16:52.666047" level="INFO">/opt/hostedtoolcache/Python/3.12.4/x64/lib/python3.12/site-packages/urllib3/connectionpool.py:1099: InsecureRequestWarning: Unverified HTTPS request is being made to host 'randomuser.me'. Adding certificate verification is strongly advised. See: https://urllib3.readthedocs.io/en/latest/advanced-usage.html#tls-warnings
  warnings.warn(</msg>
<msg time="2024-06-27T10:16:52.666153" level="INFO">${response} = &lt;Response [200]&gt;</msg>
<var>${response}</var>
<arg>consultarAPI</arg>
<arg>/api</arg>
<doc>Sends a GET request on a previously created HTTP Session.</doc>
<status status="PASS" start="2024-06-27T10:16:52.555929" elapsed="0.110269"/>
</kw>
<kw name="Set Variable" owner="BuiltIn">
<msg time="2024-06-27T10:16:52.667108" level="INFO">${json_data} = {'results': [{'gender': 'female', 'name': {'title': 'Madame', 'first': 'Pamela', 'last': 'Lambert'}, 'location': {'street': {'number': 9141, 'name': "Place de L'Église"}, 'city': 'Münchenbuchsee', 'st...</msg>
<var>${json_data}</var>
<arg>${response.json()}</arg>
<doc>Returns the given values which can then be assigned to a variables.</doc>
<status status="PASS" start="2024-06-27T10:16:52.666639" elapsed="0.000500"/>
</kw>
<kw name="Log" owner="BuiltIn">
<msg time="2024-06-27T10:16:52.667633" level="INFO">{'results': [{'gender': 'female', 'name': {'title': 'Madame', 'first': 'Pamela', 'last': 'Lambert'}, 'location': {'street': {'number': 9141, 'name': "Place de L'Église"}, 'city': 'Münchenbuchsee', 'state': 'Basel-Landschaft', 'country': 'Switzerland', 'postcode': 6520, 'coordinates': {'latitude': '-56.7872', 'longitude': '150.3324'}, 'timezone': {'offset': '+11:00', 'description': 'Magadan, Solomon Islands, New Caledonia'}}, 'email': 'pamela.lambert@example.com', 'login': {'uuid': 'c7cfe492-8fe0-4d65-ba54-c1d00c9f4fc6', 'username': 'goldensnake208', 'password': 'erotica', 'salt': '76d1xwBP', 'md5': 'ff5b0d85898b2b51782f468b3d3876c2', 'sha1': 'a56617548ae4a36eb14d7d7c91f92f3b8c4477fa', 'sha256': 'c7cff709750f43d47e45825324b5c8f857badf9824207574a7898aad1fc2ec0f'}, 'dob': {'date': '1992-10-28T03:12:57.587Z', 'age': 31}, 'registered': {'date': '2002-07-13T08:27:55.744Z', 'age': 21}, 'phone': '079 297 40 53', 'cell': '077 888 42 11', 'id': {'name': 'AVS', 'value': '756.4115.1116.35'}, 'picture': {'large': 'https://randomuser.me/api/portraits/women/2.jpg', 'medium': 'https://randomuser.me/api/portraits/med/women/2.jpg', 'thumbnail': 'https://randomuser.me/api/portraits/thumb/women/2.jpg'}, 'nat': 'CH'}], 'info': {'seed': '91b5cad8b011f805', 'results': 1, 'page': 1, 'version': '1.4'}}</msg>
<arg>${json_data}</arg>
<doc>Logs the given message with the given level.</doc>
<status status="PASS" start="2024-06-27T10:16:52.667466" elapsed="0.000216"/>
</kw>
<kw name="Should Be Equal As Numbers" owner="BuiltIn">
<arg>${json_data['results'][0]['location']['postcode']}</arg>
<arg>${json_data['results'][0]['location']['postcode']}</arg>
<doc>Fails if objects are unequal after converting them to real numbers.</doc>
<status status="PASS" start="2024-06-27T10:16:52.667970" elapsed="0.000612"/>
</kw>
<kw name="Log" owner="BuiltIn">
<msg time="2024-06-27T10:16:52.669264" level="INFO">6520</msg>
<arg>${json_data['results'][0]['location']['postcode']}</arg>
<doc>Logs the given message with the given level.</doc>
<status status="PASS" start="2024-06-27T10:16:52.668802" elapsed="0.000503"/>
</kw>
<status status="PASS" start="2024-06-27T10:16:52.555720" elapsed="0.113837"/>
</kw>
<doc>Testa se os tipos de dados na resposta da API estão corretos.</doc>
<tag>testeTiposDados</tag>
<status status="PASS" start="2024-06-27T10:16:52.508484" elapsed="0.161227"/>
</test>
<test id="s1-s1-t5" name="Validar conteudo" line="35">
<kw name="Teste de Tipos de Conteudo" owner="random-user-service">
<kw name="GET On Session" owner="RequestsLibrary">
<msg time="2024-06-27T10:16:52.760741" level="INFO">GET Request : url=https://randomuser.me/api 
 path_url=/api 
 headers={'User-Agent': 'python-requests/2.32.3', 'Accept-Encoding': 'gzip, deflate', 'Accept': '*/*', 'Connection': 'keep-alive'} 
 body=None 
 </msg>
<msg time="2024-06-27T10:16:52.760819" level="INFO">GET Response : url=https://randomuser.me/api 
 status=200, reason=OK 
 headers={'Date': 'Thu, 27 Jun 2024 10:16:52 GMT', 'Content-Type': 'application/json; charset=utf-8', 'Transfer-Encoding': 'chunked', 'Connection': 'keep-alive', 'X-Powered-By': 'Express', 'Access-Control-Allow-Origin': '*', 'Cache-Control': 'no-cache', 'ETag': 'W/"48a-qUHwItTeM8hcP7VTe7rkcVzff0I"', 'Vary': 'Accept-Encoding', 'Content-Encoding': 'gzip', 'CF-Cache-Status': 'DYNAMIC', 'Report-To': '{"endpoints":[{"url":"https:\\/\\/a.nel.cloudflare.com\\/report\\/v4?s=CVLaITbs4HzkDIqWNZ%2FtUJnYL%2F7mLS0oqrsRagxFvSHYo4n9vPCjZkOduo62Bh4xIoBkzqFOHvPNJZyUDH95M%2FBiOHtlfqv50uKky%2B9b6%2B0%2FcvoW1MxJ9oFQSZN7xKqj"}],"group":"cf-nel","max_age":604800}', 'NEL': '{"success_fraction":0,"report_to":"cf-nel","max_age":604800}', 'Server': 'cloudflare', 'CF-RAY': '89a4af213fcc8737-ORD', 'alt-svc': 'h3=":443"; ma=86400'} 
 body={"results":[{"gender":"male","name":{"title":"Mr","first":"Sammy","last":"Mccoy"},"location":{"street":{"number":675,"name":"Park Lane"},"city":"Westport","state":"Limerick","country":"Ireland","postcode":84552,"coordinates":{"latitude":"-2.3343","longitude":"-172.3108"},"timezone":{"offset":"-5:00","description":"Eastern Time (US &amp; Canada), Bogota, Lima"}},"email":"sammy.mccoy@example.com","login":{"uuid":"d9319f8d-80a1-450e-919b-011978685b09","username":"purplepeacock105","password":"awesome","salt":"IbNduc6Y","md5":"5bb5cd17cce18814e5fe599570cca993","sha1":"5d72eebb98578353495b6bfd0f88329aa35104b5","sha256":"80fe3b7dfab1fa858a36a667fbc2d3e347c2ccee155ca0d092a9b03310037d4e"},"dob":{"date":"1949-11-20T05:58:21.277Z","age":74},"registered":{"date":"2004-06-07T21:00:49.761Z","age":20},"phone":"041-535-3705","cell":"081-176-1472","id":{"name":"PPS","value":"2883221T"},"picture":{"large":"https://randomuser.me/api/portraits/men/58.jpg","medium":"https://randomuser.me/api/portraits/med/men/58.jpg","thumbnail":"https://randomuser.me/api/portraits/thumb/men/58.jpg"},"nat":"IE"}],"info":{"seed":"78e5a227f073796f","results":1,"page":1,"version":"1.4"}} 
 </msg>
<msg time="2024-06-27T10:16:52.760887" level="INFO">/opt/hostedtoolcache/Python/3.12.4/x64/lib/python3.12/site-packages/urllib3/connectionpool.py:1099: InsecureRequestWarning: Unverified HTTPS request is being made to host 'randomuser.me'. Adding certificate verification is strongly advised. See: https://urllib3.readthedocs.io/en/latest/advanced-usage.html#tls-warnings
  warnings.warn(</msg>
<msg time="2024-06-27T10:16:52.760987" level="INFO">${response} = &lt;Response [200]&gt;</msg>
<var>${response}</var>
<arg>consultarAPI</arg>
<arg>/api</arg>
<doc>Sends a GET request on a previously created HTTP Session.</doc>
<status status="PASS" start="2024-06-27T10:16:52.672081" elapsed="0.088951"/>
</kw>
<kw name="Set Variable" owner="BuiltIn">
<msg time="2024-06-27T10:16:52.761901" level="INFO">${json_data} = {'results': [{'gender': 'male', 'name': {'title': 'Mr', 'first': 'Sammy', 'last': 'Mccoy'}, 'location': {'street': {'number': 675, 'name': 'Park Lane'}, 'city': 'Westport', 'state': 'Limerick', 'count...</msg>
<var>${json_data}</var>
<arg>${response.json()}</arg>
<doc>Returns the given values which can then be assigned to a variables.</doc>
<status status="PASS" start="2024-06-27T10:16:52.761439" elapsed="0.000490"/>
</kw>
<kw name="Set Variable" owner="BuiltIn">
<msg time="2024-06-27T10:16:52.762590" level="INFO">${name_title} = Mr</msg>
<var>${name_title}</var>
<arg>${json_data["results"][0]["name"]["title"]}</arg>
<doc>Returns the given values which can then be assigned to a variables.</doc>
<status status="PASS" start="2024-06-27T10:16:52.762224" elapsed="0.000390"/>
</kw>
<kw name="Create List" owner="BuiltIn">
<msg time="2024-06-27T10:16:52.763051" level="INFO">${allowed_titles} = ['Mr', 'Ms', 'Miss', 'Mrs', 'Madame', 'Monsieur']</msg>
<var>${allowed_titles}</var>
<arg>Mr</arg>
<arg>Ms</arg>
<arg>Miss</arg>
<arg>Mrs</arg>
<arg>Madame</arg>
<arg>Monsieur</arg>
<doc>Returns a list containing given items.</doc>
<status status="PASS" start="2024-06-27T10:16:52.762901" elapsed="0.000174"/>
</kw>
<kw name="List Should Contain Value" owner="Collections">
<arg>${allowed_titles}</arg>
<arg>${name_title}</arg>
<doc>Fails if the ``value`` is not found from ``list``.</doc>
<status status="PASS" start="2024-06-27T10:16:52.763408" elapsed="0.000190"/>
</kw>
<kw name="Set Variable" owner="BuiltIn">
<msg time="2024-06-27T10:16:52.764142" level="INFO">${name_country} = IE</msg>
<var>${name_country}</var>
<arg>${json_data["results"][0]["nat"]}</arg>
<doc>Returns the given values which can then be assigned to a variables.</doc>
<status status="PASS" start="2024-06-27T10:16:52.763775" elapsed="0.000391"/>
</kw>
<kw name="Create List" owner="BuiltIn">
<msg time="2024-06-27T10:16:52.765042" level="INFO">${list_country} = ['AD', 'AE', 'AF', 'AG', 'AI', 'AL', 'AM', 'AO', 'AQ', 'AR', 'AS', 'AT', 'AU', 'AW', 'AX', 'AZ', 'BA', 'BB', 'BD', 'BE', 'BF', 'BG', 'BH', 'BI', 'BJ', 'BL', 'BM', 'BN', 'BO', 'BQ', 'BR', 'BS', 'BT', '...</msg>
<var>${list_country}</var>
<arg>AD</arg>
<arg>AE</arg>
<arg>AF</arg>
<arg>AG</arg>
<arg>AI</arg>
<arg>AL</arg>
<arg>AM</arg>
<arg>AO</arg>
<arg>AQ</arg>
<arg>AR</arg>
<arg>AS</arg>
<arg>AT</arg>
<arg>AU</arg>
<arg>AW</arg>
<arg>AX</arg>
<arg>AZ</arg>
<arg>BA</arg>
<arg>BB</arg>
<arg>BD</arg>
<arg>BE</arg>
<arg>BF</arg>
<arg>BG</arg>
<arg>BH</arg>
<arg>BI</arg>
<arg>BJ</arg>
<arg>BL</arg>
<arg>BM</arg>
<arg>BN</arg>
<arg>BO</arg>
<arg>BQ</arg>
<arg>BR</arg>
<arg>BS</arg>
<arg>BT</arg>
<arg>BV</arg>
<arg>BW</arg>
<arg>BY</arg>
<arg>BZ</arg>
<arg>CA</arg>
<arg>CC</arg>
<arg>CD</arg>
<arg>CF</arg>
<arg>CG</arg>
<arg>CH</arg>
<arg>CI</arg>
<arg>CK</arg>
<arg>CL</arg>
<arg>CM</arg>
<arg>CN</arg>
<arg>CO</arg>
<arg>CR</arg>
<arg>CU</arg>
<arg>CV</arg>
<arg>CW</arg>
<arg>CX</arg>
<arg>CY</arg>
<arg>CZ</arg>
<arg>DE</arg>
<arg>DJ</arg>
<arg>DK</arg>
<arg>DM</arg>
<arg>DO</arg>
<arg>DZ</arg>
<arg>EC</arg>
<arg>EE</arg>
<arg>EG</arg>
<arg>EH</arg>
<arg>ER</arg>
<arg>ES</arg>
<arg>ET</arg>
<arg>FI</arg>
<arg>FJ</arg>
<arg>FK</arg>
<arg>FM</arg>
<arg>FO</arg>
<arg>FR</arg>
<arg>GA</arg>
<arg>GB</arg>
<arg>GD</arg>
<arg>GE</arg>
<arg>GF</arg>
<arg>GG</arg>
<arg>GH</arg>
<arg>GI</arg>
<arg>GL</arg>
<arg>GM</arg>
<arg>GN</arg>
<arg>GP</arg>
<arg>GQ</arg>
<arg>GR</arg>
<arg>GS</arg>
<arg>GT</arg>
<arg>GU</arg>
<arg>GW</arg>
<arg>GY</arg>
<arg>HK</arg>
<arg>HM</arg>
<arg>HN</arg>
<arg>HR</arg>
<arg>HT</arg>
<arg>HU</arg>
<arg>ID</arg>
<arg>IE</arg>
<arg>IL</arg>
<arg>IM</arg>
<arg>IN</arg>
<arg>IO</arg>
<arg>IQ</arg>
<arg>IR</arg>
<arg>IS</arg>
<arg>IT</arg>
<arg>JE</arg>
<arg>JM</arg>
<arg>JO</arg>
<arg>JP</arg>
<arg>KE</arg>
<arg>KG</arg>
<arg>KH</arg>
<arg>KI</arg>
<arg>KM</arg>
<arg>KN</arg>
<arg>KP</arg>
<arg>KR</arg>
<arg>KW</arg>
<arg>KY</arg>
<arg>KZ</arg>
<arg>LA</arg>
<arg>LB</arg>
<arg>LC</arg>
<arg>LI</arg>
<arg>LK</arg>
<arg>LR</arg>
<arg>LS</arg>
<arg>LT</arg>
<arg>LU</arg>
<arg>LV</arg>
<arg>LY</arg>
<arg>MA</arg>
<arg>MC</arg>
<arg>MD</arg>
<arg>ME</arg>
<arg>MF</arg>
<arg>MG</arg>
<arg>MH</arg>
<arg>MK</arg>
<arg>ML</arg>
<arg>MM</arg>
<arg>MN</arg>
<arg>MO</arg>
<arg>MP</arg>
<arg>MQ</arg>
<arg>MR</arg>
<arg>MS</arg>
<arg>MT</arg>
<arg>MU</arg>
<arg>MV</arg>
<arg>MW</arg>
<arg>MX</arg>
<arg>MY</arg>
<arg>MZ</arg>
<arg>NA</arg>
<arg>NC</arg>
<arg>NE</arg>
<arg>NF</arg>
<arg>NG</arg>
<arg>NI</arg>
<arg>NL</arg>
<arg>NO</arg>
<arg>NP</arg>
<arg>NR</arg>
<arg>NU</arg>
<arg>NZ</arg>
<arg>OM</arg>
<arg>PA</arg>
<arg>PE</arg>
<arg>PF</arg>
<arg>PG</arg>
<arg>PH</arg>
<arg>PK</arg>
<arg>PL</arg>
<arg>PM</arg>
<arg>PN</arg>
<arg>PR</arg>
<arg>PS</arg>
<arg>PT</arg>
<arg>PW</arg>
<arg>PY</arg>
<arg>QA</arg>
<arg>RE</arg>
<arg>RO</arg>
<arg>RS</arg>
<arg>RU</arg>
<arg>RW</arg>
<arg>SA</arg>
<arg>SB</arg>
<arg>SC</arg>
<arg>SD</arg>
<arg>SE</arg>
<arg>SG</arg>
<arg>SH</arg>
<arg>SI</arg>
<arg>SJ</arg>
<arg>SK</arg>
<arg>SL</arg>
<arg>SM</arg>
<arg>SN</arg>
<arg>SO</arg>
<arg>SR</arg>
<arg>SS</arg>
<arg>ST</arg>
<arg>SV</arg>
<arg>SX</arg>
<arg>SY</arg>
<arg>SZ</arg>
<arg>TC</arg>
<arg>TD</arg>
<arg>TF</arg>
<arg>TG</arg>
<arg>TH</arg>
<arg>TJ</arg>
<arg>TK</arg>
<arg>TL</arg>
<arg>TM</arg>
<arg>TN</arg>
<arg>TO</arg>
<arg>TR</arg>
<arg>TT</arg>
<arg>TV</arg>
<arg>TW</arg>
<arg>TZ</arg>
<arg>UA</arg>
<arg>UG</arg>
<arg>UM</arg>
<arg>US</arg>
<arg>UY</arg>
<arg>UZ</arg>
<arg>VA</arg>
<arg>VC</arg>
<arg>VE</arg>
<arg>VG</arg>
<arg>VI</arg>
<arg>VN</arg>
<arg>VU</arg>
<arg>WF</arg>
<arg>WS</arg>
<arg>XK</arg>
<arg>YE</arg>
<arg>YT</arg>
<arg>ZA</arg>
<arg>ZM</arg>
<arg>ZW</arg>
<doc>Returns a list containing given items.</doc>
<status status="PASS" start="2024-06-27T10:16:52.764449" elapsed="0.000617"/>
</kw>
<kw name="List Should Contain Value" owner="Collections">
<arg>${list_country}</arg>
<arg>${name_country}</arg>
<doc>Fails if the ``value`` is not found from ``list``.</doc>
<status status="PASS" start="2024-06-27T10:16:52.765849" elapsed="0.000199"/>
</kw>
<kw name="Run Keyword If" owner="BuiltIn">
<kw name="Should Be True" owner="BuiltIn">
<arg>${True}</arg>
<doc>Fails if the given condition is not true.</doc>
<status status="PASS" start="2024-06-27T10:16:52.766974" elapsed="0.000140"/>
</kw>
<arg>${json_data["results"][0]["location"]["coordinates"]["latitude"]} &gt;= -90 and ${json_data["results"][0]["location"]["coordinates"]["latitude"]} &lt;= 90</arg>
<arg>Should Be True</arg>
<arg>${True}</arg>
<doc>Runs the given keyword with the given arguments, if ``condition`` is true.</doc>
<status status="PASS" start="2024-06-27T10:16:52.766241" elapsed="0.000997"/>
</kw>
<kw name="Run Keyword If" owner="BuiltIn">
<kw name="Should Be True" owner="BuiltIn">
<arg>${True}</arg>
<doc>Fails if the given condition is not true.</doc>
<status status="PASS" start="2024-06-27T10:16:52.768141" elapsed="0.000227"/>
</kw>
<arg>${json_data["results"][0]["location"]["coordinates"]["longitude"]} &gt;= -180 and ${json_data["results"][0]["location"]["coordinates"]["longitude"]} &lt;= 180</arg>
<arg>Should Be True</arg>
<arg>${True}</arg>
<doc>Runs the given keyword with the given arguments, if ``condition`` is true.</doc>
<status status="PASS" start="2024-06-27T10:16:52.767446" elapsed="0.001050"/>
</kw>
<status status="PASS" start="2024-06-27T10:16:52.671868" elapsed="0.096758"/>
</kw>
<doc>Testa o conteúdo específico dos campos retornados pela API.</doc>
<tag>testeConteudo</tag>
<status status="PASS" start="2024-06-27T10:16:52.671443" elapsed="0.097323"/>
</test>
<status status="PASS" start="2024-06-27T10:16:51.913925" elapsed="0.856714"/>
</suite>
<status status="PASS" start="2024-06-27T10:16:51.899446" elapsed="0.876167"/>
</suite>
<statistics>
<total>
<stat pass="5" fail="0" skip="0">All Tests</stat>
</total>
<tag>
<stat pass="1" fail="0" skip="0">testeConteudo</stat>
<stat pass="1" fail="0" skip="0">testeEstruturaResposta</stat>
<stat pass="1" fail="0" skip="0">testeRequisicaoBasica</stat>
<stat pass="1" fail="0" skip="0">testeTiposDados</stat>
</tag>
<suite>
<stat pass="5" fail="0" skip="0" id="s1" name="Tests">Tests</stat>
<stat pass="5" fail="0" skip="0" id="s1-s1" name="Random-User-Test">Tests.Random-User-Test</stat>
</suite>
</statistics>
<errors>
</errors>
</robot>
