<?xml version="1.0" encoding="UTF-8"?>
<robot generator="Robot 7.0.1 (Python 3.12.4 on linux)" generated="2024-07-12T19:11:39.205821" rpa="false" schemaversion="5">
<suite id="s1" name="Tests" source="/home/runner/work/ApiRandomUser/ApiRandomUser/RamdonUser/tests">
<suite id="s1-s1" name="Random-User-Test" source="/home/runner/work/ApiRandomUser/ApiRandomUser/RamdonUser/tests/random-user-test.robot">
<test id="s1-s1-t1" name="Conectar" line="13">
<kw name="Conectar API" owner="random-user-service">
<kw name="Create Session" owner="RequestsLibrary">
<msg time="2024-07-12T19:11:39.604438" level="INFO">Creating Session using : alias=consultarAPI, url=https://randomuser.me/, headers={},                     cookies={}, auth=None, timeout=None, proxies=None, verify=False,                     debug=0 </msg>
<arg>consultarAPI</arg>
<arg>${URL}</arg>
<doc>Create Session: create a HTTP session to a server</doc>
<status status="PASS" start="2024-07-12T19:11:39.604197" elapsed="0.000447"/>
</kw>
<status status="PASS" start="2024-07-12T19:11:39.603186" elapsed="0.001847"/>
</kw>
<status status="PASS" start="2024-07-12T19:11:39.602572" elapsed="0.002659"/>
</test>
<test id="s1-s1-t2" name="Validar retorno 200 e JSON Válido" line="16">
<kw name="Teste de Requisicao Basica" owner="random-user-service">
<kw name="GET On Session" owner="RequestsLibrary">
<msg time="2024-07-12T19:11:39.765104" level="INFO">GET Request : url=https://randomuser.me/api 
 path_url=/api 
 headers={'User-Agent': 'python-requests/2.32.3', 'Accept-Encoding': 'gzip, deflate', 'Accept': '*/*', 'Connection': 'keep-alive'} 
 body=None 
 </msg>
<msg time="2024-07-12T19:11:39.765278" level="INFO">GET Response : url=https://randomuser.me/api 
 status=200, reason=OK 
 headers={'Date': 'Fri, 12 Jul 2024 19:11:39 GMT', 'Content-Type': 'application/json; charset=utf-8', 'Transfer-Encoding': 'chunked', 'Connection': 'keep-alive', 'X-Powered-By': 'Express', 'Access-Control-Allow-Origin': '*', 'Cache-Control': 'no-cache', 'ETag': 'W/"49f-qeaXy7Ek304DxdmvlwKZmjSbo9U"', 'Vary': 'Accept-Encoding', 'Content-Encoding': 'gzip', 'CF-Cache-Status': 'DYNAMIC', 'Report-To': '{"endpoints":[{"url":"https:\\/\\/a.nel.cloudflare.com\\/report\\/v4?s=ZJrKScFxquCID6YFBcIbzys2uTIxSS%2FNYArbYABX8iGzZ2PV96wqCRKSwNwOR8EYA1eOw12ikpIDLdqJ9BNWhmqFt18izxuqIU48IOhADgEd%2Fxjsy0aV7rpLPQAF6foq"}],"group":"cf-nel","max_age":604800}', 'NEL': '{"success_fraction":0,"report_to":"cf-nel","max_age":604800}', 'Server': 'cloudflare', 'CF-RAY': '8a235720be3fcf25-SJC', 'alt-svc': 'h3=":443"; ma=86400'} 
 body={"results":[{"gender":"female","name":{"title":"Miss","first":"Felicia","last":"Burns"},"location":{"street":{"number":7011,"name":"E Center St"},"city":"Paterson","state":"Iowa","country":"United States","postcode":79600,"coordinates":{"latitude":"82.2690","longitude":"76.3484"},"timezone":{"offset":"-4:00","description":"Atlantic Time (Canada), Caracas, La Paz"}},"email":"felicia.burns@example.com","login":{"uuid":"5134b2a4-c95c-4483-a74f-ab537b5b9f08","username":"yellowmouse748","password":"cyclone","salt":"LuWrFmNE","md5":"ff1b2adbc3e2f57cbcf04df4b8d6478a","sha1":"520a8a738de5e36367d0048a9d6c884e8a83a2e9","sha256":"df313edb0979e155a82de6976d7a72ff8a309d9252951c103d35beff079d9037"},"dob":{"date":"1963-10-23T23:02:05.731Z","age":60},"registered":{"date":"2006-03-14T00:11:48.897Z","age":18},"phone":"(737) 690-5646","cell":"(223) 492-4746","id":{"name":"SSN","value":"052-83-4945"},"picture":{"large":"https://randomuser.me/api/portraits/women/43.jpg","medium":"https://randomuser.me/api/portraits/med/women/43.jpg","thumbnail":"https://randomuser.me/api/portraits/thumb/women/43.jpg"},"nat":"US"}],"info":{"seed":"adafc642a604478d","results":1,"page":1,"version":"1.4"}} 
 </msg>
<msg time="2024-07-12T19:11:39.765369" level="INFO">/opt/hostedtoolcache/Python/3.12.4/x64/lib/python3.12/site-packages/urllib3/connectionpool.py:1099: InsecureRequestWarning: Unverified HTTPS request is being made to host 'randomuser.me'. Adding certificate verification is strongly advised. See: https://urllib3.readthedocs.io/en/latest/advanced-usage.html#tls-warnings
  warnings.warn(</msg>
<msg time="2024-07-12T19:11:39.765526" level="INFO">${response} = &lt;Response [200]&gt;</msg>
<var>${response}</var>
<arg>consultarAPI</arg>
<arg>/api</arg>
<doc>Sends a GET request on a previously created HTTP Session.</doc>
<status status="PASS" start="2024-07-12T19:11:39.607863" elapsed="0.157709"/>
</kw>
<kw name="Should Be Equal As Numbers" owner="BuiltIn">
<msg time="2024-07-12T19:11:39.766865" level="INFO">Argument types are:
&lt;class 'int'&gt;
&lt;class 'str'&gt;</msg>
<arg>${response.status_code}</arg>
<arg>200</arg>
<doc>Fails if objects are unequal after converting them to real numbers.</doc>
<status status="PASS" start="2024-07-12T19:11:39.766291" elapsed="0.000653"/>
</kw>
<kw name="Log" owner="BuiltIn">
<msg time="2024-07-12T19:11:39.767848" level="INFO">200</msg>
<arg>${response.status_code}</arg>
<doc>Logs the given message with the given level.</doc>
<status status="PASS" start="2024-07-12T19:11:39.767406" elapsed="0.000492"/>
</kw>
<kw name="Set Variable" owner="BuiltIn">
<msg time="2024-07-12T19:11:39.768873" level="INFO">${json_data} = {'results': [{'gender': 'female', 'name': {'title': 'Miss', 'first': 'Felicia', 'last': 'Burns'}, 'location': {'street': {'number': 7011, 'name': 'E Center St'}, 'city': 'Paterson', 'state': 'Iowa', '...</msg>
<var>${json_data}</var>
<arg>${response.json()}</arg>
<doc>Returns the given values which can then be assigned to a variables.</doc>
<status status="PASS" start="2024-07-12T19:11:39.768303" elapsed="0.000600"/>
</kw>
<kw name="Dictionary Should Contain Key" owner="Collections">
<arg>${json_data}</arg>
<arg>results</arg>
<doc>Fails if ``key`` is not found from ``dictionary``.</doc>
<status status="PASS" start="2024-07-12T19:11:39.769276" elapsed="0.000195"/>
</kw>
<status status="PASS" start="2024-07-12T19:11:39.607604" elapsed="0.162037"/>
</kw>
<doc>Testa se a API responde corretamente e retorna um objeto JSON válido.</doc>
<tag>testeRequisicaoBasica</tag>
<status status="PASS" start="2024-07-12T19:11:39.607125" elapsed="0.162707"/>
</test>
<test id="s1-s1-t3" name="Validar estrutura de resposta" line="22">
<kw name="Teste de Estrutura de Resposta" owner="random-user-service">
<kw name="GET On Session" owner="RequestsLibrary">
<msg time="2024-07-12T19:11:39.868558" level="INFO">GET Request : url=https://randomuser.me/api 
 path_url=/api 
 headers={'User-Agent': 'python-requests/2.32.3', 'Accept-Encoding': 'gzip, deflate', 'Accept': '*/*', 'Connection': 'keep-alive'} 
 body=None 
 </msg>
<msg time="2024-07-12T19:11:39.868678" level="INFO">GET Response : url=https://randomuser.me/api 
 status=200, reason=OK 
 headers={'Date': 'Fri, 12 Jul 2024 19:11:39 GMT', 'Content-Type': 'application/json; charset=utf-8', 'Transfer-Encoding': 'chunked', 'Connection': 'keep-alive', 'X-Powered-By': 'Express', 'Access-Control-Allow-Origin': '*', 'Cache-Control': 'no-cache', 'ETag': 'W/"495-nxa+NhBxoTVAD2H5bSFsa9GJQZc"', 'Vary': 'Accept-Encoding', 'Content-Encoding': 'gzip', 'CF-Cache-Status': 'DYNAMIC', 'Report-To': '{"endpoints":[{"url":"https:\\/\\/a.nel.cloudflare.com\\/report\\/v4?s=3tf24F2ExfKihbJinHWr7bcMVA774GhkovPsqgVQTBwBlp008Y4OXeTbYHjJg99QTiwdMaOxSmvmomtqo97b4%2BRUpu4P5ebHzapWfxxaojIXCzV6F5d8sDmcmzpiNu1F"}],"group":"cf-nel","max_age":604800}', 'NEL': '{"success_fraction":0,"report_to":"cf-nel","max_age":604800}', 'Server': 'cloudflare', 'CF-RAY': '8a2357219f54cf25-SJC', 'alt-svc': 'h3=":443"; ma=86400'} 
 body={"results":[{"gender":"male","name":{"title":"Mr","first":"Eetu","last":"Mikkola"},"location":{"street":{"number":362,"name":"Reijolankatu"},"city":"Evijärvi","state":"Åland","country":"Finland","postcode":48136,"coordinates":{"latitude":"-27.3364","longitude":"-143.4860"},"timezone":{"offset":"+3:00","description":"Baghdad, Riyadh, Moscow, St. Petersburg"}},"email":"eetu.mikkola@example.com","login":{"uuid":"3980a0f6-ca9b-45e9-9a8f-9f056e499cb3","username":"orangezebra643","password":"patriot","salt":"UPMSv4LY","md5":"c75145483fad2a3bf5f244c55807d5d8","sha1":"826262cb80598f1d80a2f90cc74e9a3223ea418e","sha256":"af4748eabf5fe8a27bb7ff89f584ce3de0b5c178775212b0e6a0524da648997d"},"dob":{"date":"2000-09-12T07:14:45.096Z","age":23},"registered":{"date":"2002-04-29T16:58:19.368Z","age":22},"phone":"05-836-576","cell":"042-772-57-36","id":{"name":"HETU","value":"NaNNA175undefined"},"picture":{"large":"https://randomuser.me/api/portraits/men/32.jpg","medium":"https://randomuser.me/api/portraits/med/men/32.jpg","thumbnail":"https://randomuser.me/api/portraits/thumb/men/32.jpg"},"nat":"FI"}],"info":{"seed":"0fd4dbf8ff190b2f","results":1,"page":1,"version":"1.4"}} 
 </msg>
<msg time="2024-07-12T19:11:39.868819" level="INFO">/opt/hostedtoolcache/Python/3.12.4/x64/lib/python3.12/site-packages/urllib3/connectionpool.py:1099: InsecureRequestWarning: Unverified HTTPS request is being made to host 'randomuser.me'. Adding certificate verification is strongly advised. See: https://urllib3.readthedocs.io/en/latest/advanced-usage.html#tls-warnings
  warnings.warn(</msg>
<msg time="2024-07-12T19:11:39.868952" level="INFO">${response} = &lt;Response [200]&gt;</msg>
<var>${response}</var>
<arg>consultarAPI</arg>
<arg>/api</arg>
<doc>Sends a GET request on a previously created HTTP Session.</doc>
<status status="PASS" start="2024-07-12T19:11:39.772707" elapsed="0.096290"/>
</kw>
<kw name="Set Variable" owner="BuiltIn">
<msg time="2024-07-12T19:11:39.870276" level="INFO">${json_data} = {'results': [{'gender': 'male', 'name': {'title': 'Mr', 'first': 'Eetu', 'last': 'Mikkola'}, 'location': {'street': {'number': 362, 'name': 'Reijolankatu'}, 'city': 'Evijärvi', 'state': 'Åland', 'coun...</msg>
<var>${json_data}</var>
<arg>${response.json()}</arg>
<doc>Returns the given values which can then be assigned to a variables.</doc>
<status status="PASS" start="2024-07-12T19:11:39.869671" elapsed="0.000636"/>
</kw>
<kw name="Log" owner="BuiltIn">
<msg time="2024-07-12T19:11:39.870868" level="INFO">{'results': [{'gender': 'male', 'name': {'title': 'Mr', 'first': 'Eetu', 'last': 'Mikkola'}, 'location': {'street': {'number': 362, 'name': 'Reijolankatu'}, 'city': 'Evijärvi', 'state': 'Åland', 'country': 'Finland', 'postcode': 48136, 'coordinates': {'latitude': '-27.3364', 'longitude': '-143.4860'}, 'timezone': {'offset': '+3:00', 'description': 'Baghdad, Riyadh, Moscow, St. Petersburg'}}, 'email': 'eetu.mikkola@example.com', 'login': {'uuid': '3980a0f6-ca9b-45e9-9a8f-9f056e499cb3', 'username': 'orangezebra643', 'password': 'patriot', 'salt': 'UPMSv4LY', 'md5': 'c75145483fad2a3bf5f244c55807d5d8', 'sha1': '826262cb80598f1d80a2f90cc74e9a3223ea418e', 'sha256': 'af4748eabf5fe8a27bb7ff89f584ce3de0b5c178775212b0e6a0524da648997d'}, 'dob': {'date': '2000-09-12T07:14:45.096Z', 'age': 23}, 'registered': {'date': '2002-04-29T16:58:19.368Z', 'age': 22}, 'phone': '05-836-576', 'cell': '042-772-57-36', 'id': {'name': 'HETU', 'value': 'NaNNA175undefined'}, 'picture': {'large': 'https://randomuser.me/api/portraits/men/32.jpg', 'medium': 'https://randomuser.me/api/portraits/med/men/32.jpg', 'thumbnail': 'https://randomuser.me/api/portraits/thumb/men/32.jpg'}, 'nat': 'FI'}], 'info': {'seed': '0fd4dbf8ff190b2f', 'results': 1, 'page': 1, 'version': '1.4'}}</msg>
<arg>${json_data}</arg>
<doc>Logs the given message with the given level.</doc>
<status status="PASS" start="2024-07-12T19:11:39.870683" elapsed="0.000238"/>
</kw>
<kw name="Dictionary Should Contain Key" owner="Collections">
<arg>${json_data}</arg>
<arg>results</arg>
<doc>Fails if ``key`` is not found from ``dictionary``.</doc>
<status status="PASS" start="2024-07-12T19:11:39.871240" elapsed="0.000167"/>
</kw>
<kw name="Should Not Be Empty" owner="BuiltIn">
<msg time="2024-07-12T19:11:39.871726" level="INFO">Length is 2.</msg>
<arg>${json_data}</arg>
<doc>Verifies that the given item is not empty.</doc>
<status status="PASS" start="2024-07-12T19:11:39.871598" elapsed="0.000171"/>
</kw>
<kw name="Create List" owner="BuiltIn">
<msg time="2024-07-12T19:11:39.872428" level="INFO">${expected_keys} = ['gender', 'name', 'location', 'email', 'login']</msg>
<var>${expected_keys}</var>
<arg>gender</arg>
<arg>name</arg>
<arg>location</arg>
<arg>email</arg>
<arg>login</arg>
<doc>Returns a list containing given items.</doc>
<status status="PASS" start="2024-07-12T19:11:39.872072" elapsed="0.000383"/>
</kw>
<for flavor="IN">
<iter>
<kw name="Dictionary Should Contain Key" owner="Collections">
<arg>${json_data['results'][0]}</arg>
<arg>${key}</arg>
<doc>Fails if ``key`` is not found from ``dictionary``.</doc>
<status status="PASS" start="2024-07-12T19:11:39.873047" elapsed="0.000417"/>
</kw>
<kw name="Log" owner="BuiltIn">
<msg time="2024-07-12T19:11:39.874031" level="INFO">{'gender': 'male', 'name': {'title': 'Mr', 'first': 'Eetu', 'last': 'Mikkola'}, 'location': {'street': {'number': 362, 'name': 'Reijolankatu'}, 'city': 'Evijärvi', 'state': 'Åland', 'country': 'Finland', 'postcode': 48136, 'coordinates': {'latitude': '-27.3364', 'longitude': '-143.4860'}, 'timezone': {'offset': '+3:00', 'description': 'Baghdad, Riyadh, Moscow, St. Petersburg'}}, 'email': 'eetu.mikkola@example.com', 'login': {'uuid': '3980a0f6-ca9b-45e9-9a8f-9f056e499cb3', 'username': 'orangezebra643', 'password': 'patriot', 'salt': 'UPMSv4LY', 'md5': 'c75145483fad2a3bf5f244c55807d5d8', 'sha1': '826262cb80598f1d80a2f90cc74e9a3223ea418e', 'sha256': 'af4748eabf5fe8a27bb7ff89f584ce3de0b5c178775212b0e6a0524da648997d'}, 'dob': {'date': '2000-09-12T07:14:45.096Z', 'age': 23}, 'registered': {'date': '2002-04-29T16:58:19.368Z', 'age': 22}, 'phone': '05-836-576', 'cell': '042-772-57-36', 'id': {'name': 'HETU', 'value': 'NaNNA175undefined'}, 'picture': {'large': 'https://randomuser.me/api/portraits/men/32.jpg', 'medium': 'https://randomuser.me/api/portraits/med/men/32.jpg', 'thumbnail': 'https://randomuser.me/api/portraits/thumb/men/32.jpg'}, 'nat': 'FI'}</msg>
<arg>${json_data['results'][0]}</arg>
<doc>Logs the given message with the given level.</doc>
<status status="PASS" start="2024-07-12T19:11:39.873660" elapsed="0.000421"/>
</kw>
<kw name="Log" owner="BuiltIn">
<msg time="2024-07-12T19:11:39.874511" level="INFO">gender</msg>
<arg>${key}</arg>
<doc>Logs the given message with the given level.</doc>
<status status="PASS" start="2024-07-12T19:11:39.874384" elapsed="0.000164"/>
</kw>
<var name="${key}">gender</var>
<status status="PASS" start="2024-07-12T19:11:39.872923" elapsed="0.001840"/>
</iter>
<iter>
<kw name="Dictionary Should Contain Key" owner="Collections">
<arg>${json_data['results'][0]}</arg>
<arg>${key}</arg>
<doc>Fails if ``key`` is not found from ``dictionary``.</doc>
<status status="PASS" start="2024-07-12T19:11:39.875061" elapsed="0.000392"/>
</kw>
<kw name="Log" owner="BuiltIn">
<msg time="2024-07-12T19:11:39.875996" level="INFO">{'gender': 'male', 'name': {'title': 'Mr', 'first': 'Eetu', 'last': 'Mikkola'}, 'location': {'street': {'number': 362, 'name': 'Reijolankatu'}, 'city': 'Evijärvi', 'state': 'Åland', 'country': 'Finland', 'postcode': 48136, 'coordinates': {'latitude': '-27.3364', 'longitude': '-143.4860'}, 'timezone': {'offset': '+3:00', 'description': 'Baghdad, Riyadh, Moscow, St. Petersburg'}}, 'email': 'eetu.mikkola@example.com', 'login': {'uuid': '3980a0f6-ca9b-45e9-9a8f-9f056e499cb3', 'username': 'orangezebra643', 'password': 'patriot', 'salt': 'UPMSv4LY', 'md5': 'c75145483fad2a3bf5f244c55807d5d8', 'sha1': '826262cb80598f1d80a2f90cc74e9a3223ea418e', 'sha256': 'af4748eabf5fe8a27bb7ff89f584ce3de0b5c178775212b0e6a0524da648997d'}, 'dob': {'date': '2000-09-12T07:14:45.096Z', 'age': 23}, 'registered': {'date': '2002-04-29T16:58:19.368Z', 'age': 22}, 'phone': '05-836-576', 'cell': '042-772-57-36', 'id': {'name': 'HETU', 'value': 'NaNNA175undefined'}, 'picture': {'large': 'https://randomuser.me/api/portraits/men/32.jpg', 'medium': 'https://randomuser.me/api/portraits/med/men/32.jpg', 'thumbnail': 'https://randomuser.me/api/portraits/thumb/men/32.jpg'}, 'nat': 'FI'}</msg>
<arg>${json_data['results'][0]}</arg>
<doc>Logs the given message with the given level.</doc>
<status status="PASS" start="2024-07-12T19:11:39.875642" elapsed="0.000435"/>
</kw>
<kw name="Log" owner="BuiltIn">
<msg time="2024-07-12T19:11:39.876531" level="INFO">name</msg>
<arg>${key}</arg>
<doc>Logs the given message with the given level.</doc>
<status status="PASS" start="2024-07-12T19:11:39.876401" elapsed="0.000167"/>
</kw>
<var name="${key}">name</var>
<status status="PASS" start="2024-07-12T19:11:39.874950" elapsed="0.001836"/>
</iter>
<iter>
<kw name="Dictionary Should Contain Key" owner="Collections">
<arg>${json_data['results'][0]}</arg>
<arg>${key}</arg>
<doc>Fails if ``key`` is not found from ``dictionary``.</doc>
<status status="PASS" start="2024-07-12T19:11:39.877070" elapsed="0.000376"/>
</kw>
<kw name="Log" owner="BuiltIn">
<msg time="2024-07-12T19:11:39.877981" level="INFO">{'gender': 'male', 'name': {'title': 'Mr', 'first': 'Eetu', 'last': 'Mikkola'}, 'location': {'street': {'number': 362, 'name': 'Reijolankatu'}, 'city': 'Evijärvi', 'state': 'Åland', 'country': 'Finland', 'postcode': 48136, 'coordinates': {'latitude': '-27.3364', 'longitude': '-143.4860'}, 'timezone': {'offset': '+3:00', 'description': 'Baghdad, Riyadh, Moscow, St. Petersburg'}}, 'email': 'eetu.mikkola@example.com', 'login': {'uuid': '3980a0f6-ca9b-45e9-9a8f-9f056e499cb3', 'username': 'orangezebra643', 'password': 'patriot', 'salt': 'UPMSv4LY', 'md5': 'c75145483fad2a3bf5f244c55807d5d8', 'sha1': '826262cb80598f1d80a2f90cc74e9a3223ea418e', 'sha256': 'af4748eabf5fe8a27bb7ff89f584ce3de0b5c178775212b0e6a0524da648997d'}, 'dob': {'date': '2000-09-12T07:14:45.096Z', 'age': 23}, 'registered': {'date': '2002-04-29T16:58:19.368Z', 'age': 22}, 'phone': '05-836-576', 'cell': '042-772-57-36', 'id': {'name': 'HETU', 'value': 'NaNNA175undefined'}, 'picture': {'large': 'https://randomuser.me/api/portraits/men/32.jpg', 'medium': 'https://randomuser.me/api/portraits/med/men/32.jpg', 'thumbnail': 'https://randomuser.me/api/portraits/thumb/men/32.jpg'}, 'nat': 'FI'}</msg>
<arg>${json_data['results'][0]}</arg>
<doc>Logs the given message with the given level.</doc>
<status status="PASS" start="2024-07-12T19:11:39.877627" elapsed="0.000411"/>
</kw>
<kw name="Log" owner="BuiltIn">
<msg time="2024-07-12T19:11:39.878464" level="INFO">location</msg>
<arg>${key}</arg>
<doc>Logs the given message with the given level.</doc>
<status status="PASS" start="2024-07-12T19:11:39.878339" elapsed="0.000160"/>
</kw>
<var name="${key}">location</var>
<status status="PASS" start="2024-07-12T19:11:39.876962" elapsed="0.001750"/>
</iter>
<iter>
<kw name="Dictionary Should Contain Key" owner="Collections">
<arg>${json_data['results'][0]}</arg>
<arg>${key}</arg>
<doc>Fails if ``key`` is not found from ``dictionary``.</doc>
<status status="PASS" start="2024-07-12T19:11:39.878988" elapsed="0.000381"/>
</kw>
<kw name="Log" owner="BuiltIn">
<msg time="2024-07-12T19:11:39.879900" level="INFO">{'gender': 'male', 'name': {'title': 'Mr', 'first': 'Eetu', 'last': 'Mikkola'}, 'location': {'street': {'number': 362, 'name': 'Reijolankatu'}, 'city': 'Evijärvi', 'state': 'Åland', 'country': 'Finland', 'postcode': 48136, 'coordinates': {'latitude': '-27.3364', 'longitude': '-143.4860'}, 'timezone': {'offset': '+3:00', 'description': 'Baghdad, Riyadh, Moscow, St. Petersburg'}}, 'email': 'eetu.mikkola@example.com', 'login': {'uuid': '3980a0f6-ca9b-45e9-9a8f-9f056e499cb3', 'username': 'orangezebra643', 'password': 'patriot', 'salt': 'UPMSv4LY', 'md5': 'c75145483fad2a3bf5f244c55807d5d8', 'sha1': '826262cb80598f1d80a2f90cc74e9a3223ea418e', 'sha256': 'af4748eabf5fe8a27bb7ff89f584ce3de0b5c178775212b0e6a0524da648997d'}, 'dob': {'date': '2000-09-12T07:14:45.096Z', 'age': 23}, 'registered': {'date': '2002-04-29T16:58:19.368Z', 'age': 22}, 'phone': '05-836-576', 'cell': '042-772-57-36', 'id': {'name': 'HETU', 'value': 'NaNNA175undefined'}, 'picture': {'large': 'https://randomuser.me/api/portraits/men/32.jpg', 'medium': 'https://randomuser.me/api/portraits/med/men/32.jpg', 'thumbnail': 'https://randomuser.me/api/portraits/thumb/men/32.jpg'}, 'nat': 'FI'}</msg>
<arg>${json_data['results'][0]}</arg>
<doc>Logs the given message with the given level.</doc>
<status status="PASS" start="2024-07-12T19:11:39.879554" elapsed="0.000395"/>
</kw>
<kw name="Log" owner="BuiltIn">
<msg time="2024-07-12T19:11:39.880402" level="INFO">email</msg>
<arg>${key}</arg>
<doc>Logs the given message with the given level.</doc>
<status status="PASS" start="2024-07-12T19:11:39.880245" elapsed="0.000199"/>
</kw>
<var name="${key}">email</var>
<status status="PASS" start="2024-07-12T19:11:39.878882" elapsed="0.001787"/>
</iter>
<iter>
<kw name="Dictionary Should Contain Key" owner="Collections">
<arg>${json_data['results'][0]}</arg>
<arg>${key}</arg>
<doc>Fails if ``key`` is not found from ``dictionary``.</doc>
<status status="PASS" start="2024-07-12T19:11:39.880953" elapsed="0.000391"/>
</kw>
<kw name="Log" owner="BuiltIn">
<msg time="2024-07-12T19:11:39.881880" level="INFO">{'gender': 'male', 'name': {'title': 'Mr', 'first': 'Eetu', 'last': 'Mikkola'}, 'location': {'street': {'number': 362, 'name': 'Reijolankatu'}, 'city': 'Evijärvi', 'state': 'Åland', 'country': 'Finland', 'postcode': 48136, 'coordinates': {'latitude': '-27.3364', 'longitude': '-143.4860'}, 'timezone': {'offset': '+3:00', 'description': 'Baghdad, Riyadh, Moscow, St. Petersburg'}}, 'email': 'eetu.mikkola@example.com', 'login': {'uuid': '3980a0f6-ca9b-45e9-9a8f-9f056e499cb3', 'username': 'orangezebra643', 'password': 'patriot', 'salt': 'UPMSv4LY', 'md5': 'c75145483fad2a3bf5f244c55807d5d8', 'sha1': '826262cb80598f1d80a2f90cc74e9a3223ea418e', 'sha256': 'af4748eabf5fe8a27bb7ff89f584ce3de0b5c178775212b0e6a0524da648997d'}, 'dob': {'date': '2000-09-12T07:14:45.096Z', 'age': 23}, 'registered': {'date': '2002-04-29T16:58:19.368Z', 'age': 22}, 'phone': '05-836-576', 'cell': '042-772-57-36', 'id': {'name': 'HETU', 'value': 'NaNNA175undefined'}, 'picture': {'large': 'https://randomuser.me/api/portraits/men/32.jpg', 'medium': 'https://randomuser.me/api/portraits/med/men/32.jpg', 'thumbnail': 'https://randomuser.me/api/portraits/thumb/men/32.jpg'}, 'nat': 'FI'}</msg>
<arg>${json_data['results'][0]}</arg>
<doc>Logs the given message with the given level.</doc>
<status status="PASS" start="2024-07-12T19:11:39.881532" elapsed="0.000397"/>
</kw>
<kw name="Log" owner="BuiltIn">
<msg time="2024-07-12T19:11:39.882347" level="INFO">login</msg>
<arg>${key}</arg>
<doc>Logs the given message with the given level.</doc>
<status status="PASS" start="2024-07-12T19:11:39.882222" elapsed="0.000161"/>
</kw>
<var name="${key}">login</var>
<status status="PASS" start="2024-07-12T19:11:39.880840" elapsed="0.001757"/>
</iter>
<var>${key}</var>
<value>@{expected_keys}</value>
<status status="PASS" start="2024-07-12T19:11:39.872728" elapsed="0.009988"/>
</for>
<kw name="Create List" owner="BuiltIn">
<msg time="2024-07-12T19:11:39.883043" level="INFO">${expected_keysTwo} = ['username', 'password']</msg>
<var>${expected_keysTwo}</var>
<arg>username</arg>
<arg>password</arg>
<doc>Returns a list containing given items.</doc>
<status status="PASS" start="2024-07-12T19:11:39.882910" elapsed="0.000188"/>
</kw>
<for flavor="IN">
<iter>
<kw name="Dictionary Should Contain Key" owner="Collections">
<arg>${json_data['results'][0]['login']}</arg>
<arg>${keyTwo}</arg>
<doc>Fails if ``key`` is not found from ``dictionary``.</doc>
<status status="PASS" start="2024-07-12T19:11:39.883607" elapsed="0.000380"/>
</kw>
<kw name="Dictionary Should Contain Key" owner="Collections">
<arg>${json_data['results'][0]['login']}</arg>
<arg>${keyTwo}</arg>
<doc>Fails if ``key`` is not found from ``dictionary``.</doc>
<status status="PASS" start="2024-07-12T19:11:39.884166" elapsed="0.000439"/>
</kw>
<kw name="Log" owner="BuiltIn">
<msg time="2024-07-12T19:11:39.884934" level="INFO">username</msg>
<arg>${keyTwo}</arg>
<doc>Logs the given message with the given level.</doc>
<status status="PASS" start="2024-07-12T19:11:39.884800" elapsed="0.000183"/>
</kw>
<var name="${keyTwo}">username</var>
<status status="PASS" start="2024-07-12T19:11:39.883501" elapsed="0.001907"/>
</iter>
<iter>
<kw name="Dictionary Should Contain Key" owner="Collections">
<arg>${json_data['results'][0]['login']}</arg>
<arg>${keyTwo}</arg>
<doc>Fails if ``key`` is not found from ``dictionary``.</doc>
<status status="PASS" start="2024-07-12T19:11:39.885897" elapsed="0.000680"/>
</kw>
<kw name="Dictionary Should Contain Key" owner="Collections">
<arg>${json_data['results'][0]['login']}</arg>
<arg>${keyTwo}</arg>
<doc>Fails if ``key`` is not found from ``dictionary``.</doc>
<status status="PASS" start="2024-07-12T19:11:39.886849" elapsed="0.000578"/>
</kw>
<kw name="Log" owner="BuiltIn">
<msg time="2024-07-12T19:11:39.887888" level="INFO">password</msg>
<arg>${keyTwo}</arg>
<doc>Logs the given message with the given level.</doc>
<status status="PASS" start="2024-07-12T19:11:39.887712" elapsed="0.000232"/>
</kw>
<var name="${keyTwo}">password</var>
<status status="PASS" start="2024-07-12T19:11:39.885701" elapsed="0.002732"/>
</iter>
<var>${keyTwo}</var>
<value>@{expected_keysTwo}</value>
<status status="PASS" start="2024-07-12T19:11:39.883342" elapsed="0.005232"/>
</for>
<status status="PASS" start="2024-07-12T19:11:39.772440" elapsed="0.116284"/>
</kw>
<doc>Testa a estrutura da resposta da API.</doc>
<tag>testeEstruturaResposta</tag>
<status status="PASS" start="2024-07-12T19:11:39.771733" elapsed="0.117151"/>
</test>
<test id="s1-s1-t4" name="Validar tipos de dados" line="28">
<kw name="Teste de Tipos de Dados" owner="random-user-service">
<kw name="GET On Session" owner="RequestsLibrary">
<msg time="2024-07-12T19:11:39.987236" level="INFO">GET Request : url=https://randomuser.me/api 
 path_url=/api 
 headers={'User-Agent': 'python-requests/2.32.3', 'Accept-Encoding': 'gzip, deflate', 'Accept': '*/*', 'Connection': 'keep-alive'} 
 body=None 
 </msg>
<msg time="2024-07-12T19:11:39.987353" level="INFO">GET Response : url=https://randomuser.me/api 
 status=200, reason=OK 
 headers={'Date': 'Fri, 12 Jul 2024 19:11:39 GMT', 'Content-Type': 'application/json; charset=utf-8', 'Transfer-Encoding': 'chunked', 'Connection': 'keep-alive', 'X-Powered-By': 'Express', 'Access-Control-Allow-Origin': '*', 'Cache-Control': 'no-cache', 'ETag': 'W/"46f-zQj7bcdPcF920CV1A9D53glgpE8"', 'Vary': 'Accept-Encoding', 'Content-Encoding': 'gzip', 'CF-Cache-Status': 'DYNAMIC', 'Report-To': '{"endpoints":[{"url":"https:\\/\\/a.nel.cloudflare.com\\/report\\/v4?s=J%2F9sZEa6RA7nOh%2F1%2FNZjpwBDdWtcfbF%2F4sJmSf%2BOVYa2aNcycp0%2BX2%2FpVAlz6CRh4o%2BZ%2BZZI6IKlKoMYEhner6LUWkrgr7xR3zTItGKHRY8ZS2PJV8hNFhlC6Bcm7iHL"}],"group":"cf-nel","max_age":604800}', 'NEL': '{"success_fraction":0,"report_to":"cf-nel","max_age":604800}', 'Server': 'cloudflare', 'CF-RAY': '8a2357225fd7cf25-SJC', 'alt-svc': 'h3=":443"; ma=86400'} 
 body={"results":[{"gender":"male","name":{"title":"Mr","first":"Veeti","last":"Lehto"},"location":{"street":{"number":6481,"name":"Pyynikintie"},"city":"Vihanti","state":"Kainuu","country":"Finland","postcode":22063,"coordinates":{"latitude":"-27.6234","longitude":"-59.7595"},"timezone":{"offset":"-9:00","description":"Alaska"}},"email":"veeti.lehto@example.com","login":{"uuid":"e71aaf22-04d8-45fd-b62c-84c35850ba55","username":"blackrabbit578","password":"getsdown","salt":"dsZFw919","md5":"842358cf99b3084cb15e5db5c2b01bd4","sha1":"802007bbf5be7111cd1dbf25243f870791f0cf32","sha256":"5e21f813c6f74ae9b2de44d631d14d2edd1e0860303d7d23f4a8f72813c86841"},"dob":{"date":"1961-02-08T02:48:33.520Z","age":63},"registered":{"date":"2018-05-12T10:21:12.305Z","age":6},"phone":"04-530-763","cell":"043-426-19-72","id":{"name":"HETU","value":"NaNNA807undefined"},"picture":{"large":"https://randomuser.me/api/portraits/men/23.jpg","medium":"https://randomuser.me/api/portraits/med/men/23.jpg","thumbnail":"https://randomuser.me/api/portraits/thumb/men/23.jpg"},"nat":"FI"}],"info":{"seed":"fda49137ed1c727c","results":1,"page":1,"version":"1.4"}} 
 </msg>
<msg time="2024-07-12T19:11:39.987436" level="INFO">/opt/hostedtoolcache/Python/3.12.4/x64/lib/python3.12/site-packages/urllib3/connectionpool.py:1099: InsecureRequestWarning: Unverified HTTPS request is being made to host 'randomuser.me'. Adding certificate verification is strongly advised. See: https://urllib3.readthedocs.io/en/latest/advanced-usage.html#tls-warnings
  warnings.warn(</msg>
<msg time="2024-07-12T19:11:39.987573" level="INFO">${response} = &lt;Response [200]&gt;</msg>
<var>${response}</var>
<arg>consultarAPI</arg>
<arg>/api</arg>
<doc>Sends a GET request on a previously created HTTP Session.</doc>
<status status="PASS" start="2024-07-12T19:11:39.891384" elapsed="0.096234"/>
</kw>
<kw name="Set Variable" owner="BuiltIn">
<msg time="2024-07-12T19:11:39.988833" level="INFO">${json_data} = {'results': [{'gender': 'male', 'name': {'title': 'Mr', 'first': 'Veeti', 'last': 'Lehto'}, 'location': {'street': {'number': 6481, 'name': 'Pyynikintie'}, 'city': 'Vihanti', 'state': 'Kainuu', 'count...</msg>
<var>${json_data}</var>
<arg>${response.json()}</arg>
<doc>Returns the given values which can then be assigned to a variables.</doc>
<status status="PASS" start="2024-07-12T19:11:39.988224" elapsed="0.000639"/>
</kw>
<kw name="Log" owner="BuiltIn">
<msg time="2024-07-12T19:11:39.989432" level="INFO">{'results': [{'gender': 'male', 'name': {'title': 'Mr', 'first': 'Veeti', 'last': 'Lehto'}, 'location': {'street': {'number': 6481, 'name': 'Pyynikintie'}, 'city': 'Vihanti', 'state': 'Kainuu', 'country': 'Finland', 'postcode': 22063, 'coordinates': {'latitude': '-27.6234', 'longitude': '-59.7595'}, 'timezone': {'offset': '-9:00', 'description': 'Alaska'}}, 'email': 'veeti.lehto@example.com', 'login': {'uuid': 'e71aaf22-04d8-45fd-b62c-84c35850ba55', 'username': 'blackrabbit578', 'password': 'getsdown', 'salt': 'dsZFw919', 'md5': '842358cf99b3084cb15e5db5c2b01bd4', 'sha1': '802007bbf5be7111cd1dbf25243f870791f0cf32', 'sha256': '5e21f813c6f74ae9b2de44d631d14d2edd1e0860303d7d23f4a8f72813c86841'}, 'dob': {'date': '1961-02-08T02:48:33.520Z', 'age': 63}, 'registered': {'date': '2018-05-12T10:21:12.305Z', 'age': 6}, 'phone': '04-530-763', 'cell': '043-426-19-72', 'id': {'name': 'HETU', 'value': 'NaNNA807undefined'}, 'picture': {'large': 'https://randomuser.me/api/portraits/men/23.jpg', 'medium': 'https://randomuser.me/api/portraits/med/men/23.jpg', 'thumbnail': 'https://randomuser.me/api/portraits/thumb/men/23.jpg'}, 'nat': 'FI'}], 'info': {'seed': 'fda49137ed1c727c', 'results': 1, 'page': 1, 'version': '1.4'}}</msg>
<arg>${json_data}</arg>
<doc>Logs the given message with the given level.</doc>
<status status="PASS" start="2024-07-12T19:11:39.989244" elapsed="0.000250"/>
</kw>
<kw name="Should Be String" owner="String">
<arg>${json_data['results'][0]['gender']}</arg>
<doc>Fails if the given ``item`` is not a string.</doc>
<status status="PASS" start="2024-07-12T19:11:39.989810" elapsed="0.000397"/>
</kw>
<kw name="Should Match Regexp" owner="BuiltIn">
<arg>${json_data['results'][0]['email']}</arg>
<arg>^[a-zA-Z0-9._%+-]+@[a-zA-Z0-9.-]+\.[a-zA-Z]{2,}$</arg>
<doc>Fails if ``string`` does not match ``pattern`` as a regular expression.</doc>
<status status="PASS" start="2024-07-12T19:11:39.990405" elapsed="0.000532"/>
</kw>
<kw name="Should Match Regexp" owner="BuiltIn">
<arg>${json_data['results'][0]['dob']['date']}</arg>
<arg>\\d{4}-\\d{2}-\\d{2}T\\d{2}:\\d{2}:\\d{2}\\.\\d{3}Z</arg>
<doc>Fails if ``string`` does not match ``pattern`` as a regular expression.</doc>
<status status="PASS" start="2024-07-12T19:11:39.991177" elapsed="0.000498"/>
</kw>
<kw name="Should Match Regexp" owner="BuiltIn">
<arg>${json_data['results'][0]['registered']['date']}</arg>
<arg>\\d{4}-\\d{2}-\\d{2}T\\d{2}:\\d{2}:\\d{2}\\.\\d{3}Z</arg>
<doc>Fails if ``string`` does not match ``pattern`` as a regular expression.</doc>
<status status="PASS" start="2024-07-12T19:11:39.991866" elapsed="0.000369"/>
</kw>
<kw name="Should Match Regexp" owner="BuiltIn">
<arg>${json_data['results'][0]['picture']['large']}</arg>
<arg>^https?://.*\.(?:png|jpe?g|gif|bmp)$</arg>
<doc>Fails if ``string`` does not match ``pattern`` as a regular expression.</doc>
<status status="PASS" start="2024-07-12T19:11:39.992443" elapsed="0.000464"/>
</kw>
<kw name="Should Match Regexp" owner="BuiltIn">
<arg>${json_data['results'][0]['picture']['medium']}</arg>
<arg>^https?://.*\.(?:png|jpe?g|gif|bmp)$</arg>
<doc>Fails if ``string`` does not match ``pattern`` as a regular expression.</doc>
<status status="PASS" start="2024-07-12T19:11:39.993097" elapsed="0.000346"/>
</kw>
<kw name="Should Match Regexp" owner="BuiltIn">
<arg>${json_data['results'][0]['picture']['thumbnail']}</arg>
<arg>^https?://.*\.(?:png|jpe?g|gif|bmp)$</arg>
<doc>Fails if ``string`` does not match ``pattern`` as a regular expression.</doc>
<status status="PASS" start="2024-07-12T19:11:39.993624" elapsed="0.000358"/>
</kw>
<kw name="Log" owner="BuiltIn">
<msg time="2024-07-12T19:11:39.994494" level="INFO">{'large': 'https://randomuser.me/api/portraits/men/23.jpg', 'medium': 'https://randomuser.me/api/portraits/med/men/23.jpg', 'thumbnail': 'https://randomuser.me/api/portraits/thumb/men/23.jpg'}</msg>
<arg>${json_data['results'][0]['picture']}</arg>
<doc>Logs the given message with the given level.</doc>
<status status="PASS" start="2024-07-12T19:11:39.994167" elapsed="0.000369"/>
</kw>
<status status="PASS" start="2024-07-12T19:11:39.891156" elapsed="0.103645"/>
</kw>
<kw name="Teste de Tipos de Dados - Postcode" owner="random-user-service">
<kw name="GET On Session" owner="RequestsLibrary">
<msg time="2024-07-12T19:11:40.096746" level="INFO">GET Request : url=https://randomuser.me/api 
 path_url=/api 
 headers={'User-Agent': 'python-requests/2.32.3', 'Accept-Encoding': 'gzip, deflate', 'Accept': '*/*', 'Connection': 'keep-alive'} 
 body=None 
 </msg>
<msg time="2024-07-12T19:11:40.096846" level="INFO">GET Response : url=https://randomuser.me/api 
 status=200, reason=OK 
 headers={'Date': 'Fri, 12 Jul 2024 19:11:40 GMT', 'Content-Type': 'application/json; charset=utf-8', 'Transfer-Encoding': 'chunked', 'Connection': 'keep-alive', 'X-Powered-By': 'Express', 'Access-Control-Allow-Origin': '*', 'Cache-Control': 'no-cache', 'ETag': 'W/"47b-vHQlG7EkeZHw94ZvpGqoVtteHY8"', 'Vary': 'Accept-Encoding', 'Content-Encoding': 'gzip', 'CF-Cache-Status': 'DYNAMIC', 'Report-To': '{"endpoints":[{"url":"https:\\/\\/a.nel.cloudflare.com\\/report\\/v4?s=SS5lRC%2BmGC9%2FwA8ReXFQooew5u5VpMgTCBKPjpr%2FnwLm7YUrhyasXMg71j5e1HsVkGoMeOgkwhfWHZ4f9ix4RAjsOSEbva4UYSe7yLVvdycyyLj7J6rSm31fzqJxWI1f"}],"group":"cf-nel","max_age":604800}', 'NEL': '{"success_fraction":0,"report_to":"cf-nel","max_age":604800}', 'Server': 'cloudflare', 'CF-RAY': '8a2357230889cf25-SJC', 'alt-svc': 'h3=":443"; ma=86400'} 
 body={"results":[{"gender":"female","name":{"title":"Ms","first":"Alberte","last":"Pedersen"},"location":{"street":{"number":2081,"name":"Søndermarksvej"},"city":"Ulsted, Hals","state":"Sjælland","country":"Denmark","postcode":34648,"coordinates":{"latitude":"-43.5523","longitude":"2.0936"},"timezone":{"offset":"+3:30","description":"Tehran"}},"email":"alberte.pedersen@example.com","login":{"uuid":"0bd93dec-4b27-4d5b-b175-c634cb78a7cd","username":"greenrabbit475","password":"jerry","salt":"SkDZtUmf","md5":"9d7ad22303f8a570a9347010ac368027","sha1":"30f34ba7497615b9d41990a3b919ed41a3ffe751","sha256":"45bf6bba7c7a7b628211f60f4896d16c9e7836d1fe1726ba61a9dfa741bc33d1"},"dob":{"date":"1955-11-18T10:04:52.656Z","age":68},"registered":{"date":"2007-09-11T03:44:09.255Z","age":16},"phone":"74564780","cell":"88042403","id":{"name":"CPR","value":"181155-1412"},"picture":{"large":"https://randomuser.me/api/portraits/women/78.jpg","medium":"https://randomuser.me/api/portraits/med/women/78.jpg","thumbnail":"https://randomuser.me/api/portraits/thumb/women/78.jpg"},"nat":"DK"}],"info":{"seed":"ae01125ac1c9a93e","results":1,"page":1,"version":"1.4"}} 
 </msg>
<msg time="2024-07-12T19:11:40.096918" level="INFO">/opt/hostedtoolcache/Python/3.12.4/x64/lib/python3.12/site-packages/urllib3/connectionpool.py:1099: InsecureRequestWarning: Unverified HTTPS request is being made to host 'randomuser.me'. Adding certificate verification is strongly advised. See: https://urllib3.readthedocs.io/en/latest/advanced-usage.html#tls-warnings
  warnings.warn(</msg>
<msg time="2024-07-12T19:11:40.097033" level="INFO">${response} = &lt;Response [200]&gt;</msg>
<var>${response}</var>
<arg>consultarAPI</arg>
<arg>/api</arg>
<doc>Sends a GET request on a previously created HTTP Session.</doc>
<status status="PASS" start="2024-07-12T19:11:39.995268" elapsed="0.101804"/>
</kw>
<kw name="Set Variable" owner="BuiltIn">
<msg time="2024-07-12T19:11:40.098099" level="INFO">${json_data} = {'results': [{'gender': 'female', 'name': {'title': 'Ms', 'first': 'Alberte', 'last': 'Pedersen'}, 'location': {'street': {'number': 2081, 'name': 'Søndermarksvej'}, 'city': 'Ulsted, Hals', 'state': '...</msg>
<var>${json_data}</var>
<arg>${response.json()}</arg>
<doc>Returns the given values which can then be assigned to a variables.</doc>
<status status="PASS" start="2024-07-12T19:11:40.097591" elapsed="0.000537"/>
</kw>
<kw name="Log" owner="BuiltIn">
<msg time="2024-07-12T19:11:40.098606" level="INFO">{'results': [{'gender': 'female', 'name': {'title': 'Ms', 'first': 'Alberte', 'last': 'Pedersen'}, 'location': {'street': {'number': 2081, 'name': 'Søndermarksvej'}, 'city': 'Ulsted, Hals', 'state': 'Sjælland', 'country': 'Denmark', 'postcode': 34648, 'coordinates': {'latitude': '-43.5523', 'longitude': '2.0936'}, 'timezone': {'offset': '+3:30', 'description': 'Tehran'}}, 'email': 'alberte.pedersen@example.com', 'login': {'uuid': '0bd93dec-4b27-4d5b-b175-c634cb78a7cd', 'username': 'greenrabbit475', 'password': 'jerry', 'salt': 'SkDZtUmf', 'md5': '9d7ad22303f8a570a9347010ac368027', 'sha1': '30f34ba7497615b9d41990a3b919ed41a3ffe751', 'sha256': '45bf6bba7c7a7b628211f60f4896d16c9e7836d1fe1726ba61a9dfa741bc33d1'}, 'dob': {'date': '1955-11-18T10:04:52.656Z', 'age': 68}, 'registered': {'date': '2007-09-11T03:44:09.255Z', 'age': 16}, 'phone': '74564780', 'cell': '88042403', 'id': {'name': 'CPR', 'value': '181155-1412'}, 'picture': {'large': 'https://randomuser.me/api/portraits/women/78.jpg', 'medium': 'https://randomuser.me/api/portraits/med/women/78.jpg', 'thumbnail': 'https://randomuser.me/api/portraits/thumb/women/78.jpg'}, 'nat': 'DK'}], 'info': {'seed': 'ae01125ac1c9a93e', 'results': 1, 'page': 1, 'version': '1.4'}}</msg>
<arg>${json_data}</arg>
<doc>Logs the given message with the given level.</doc>
<status status="PASS" start="2024-07-12T19:11:40.098438" elapsed="0.000219"/>
</kw>
<kw name="Should Be Equal As Numbers" owner="BuiltIn">
<arg>${json_data['results'][0]['location']['postcode']}</arg>
<arg>${json_data['results'][0]['location']['postcode']}</arg>
<doc>Fails if objects are unequal after converting them to real numbers.</doc>
<status status="PASS" start="2024-07-12T19:11:40.098951" elapsed="0.000626"/>
</kw>
<kw name="Log" owner="BuiltIn">
<msg time="2024-07-12T19:11:40.100281" level="INFO">34648</msg>
<arg>${json_data['results'][0]['location']['postcode']}</arg>
<doc>Logs the given message with the given level.</doc>
<status status="PASS" start="2024-07-12T19:11:40.099769" elapsed="0.000553"/>
</kw>
<status status="PASS" start="2024-07-12T19:11:39.995032" elapsed="0.105612"/>
</kw>
<doc>Testa se os tipos de dados na resposta da API estão corretos.</doc>
<tag>testeTiposDados</tag>
<status status="PASS" start="2024-07-12T19:11:39.890695" elapsed="0.210126"/>
</test>
<test id="s1-s1-t5" name="Validar conteudo" line="35">
<kw name="Teste de Tipos de Conteudo" owner="random-user-service">
<kw name="GET On Session" owner="RequestsLibrary">
<msg time="2024-07-12T19:11:40.196703" level="INFO">GET Request : url=https://randomuser.me/api 
 path_url=/api 
 headers={'User-Agent': 'python-requests/2.32.3', 'Accept-Encoding': 'gzip, deflate', 'Accept': '*/*', 'Connection': 'keep-alive'} 
 body=None 
 </msg>
<msg time="2024-07-12T19:11:40.196836" level="INFO">GET Response : url=https://randomuser.me/api 
 status=200, reason=OK 
 headers={'Date': 'Fri, 12 Jul 2024 19:11:40 GMT', 'Content-Type': 'application/json; charset=utf-8', 'Transfer-Encoding': 'chunked', 'Connection': 'keep-alive', 'X-Powered-By': 'Express', 'Access-Control-Allow-Origin': '*', 'Cache-Control': 'no-cache', 'ETag': 'W/"48e-nM9mYjhdkoWOyoc/oCfGtPEXGW0"', 'Vary': 'Accept-Encoding', 'Content-Encoding': 'gzip', 'CF-Cache-Status': 'DYNAMIC', 'Report-To': '{"endpoints":[{"url":"https:\\/\\/a.nel.cloudflare.com\\/report\\/v4?s=rNDOIYm3zkiBa1Ni1i19e67G1GWTeINUPHCjT5VnI%2FiS57gA73qUpEi12ZTv0wTS5UoGSx2gaguFEZSrdFtT3GHshF3VLavHuS%2FBGrLixWVZEPaZypxv%2Bx9CohEdM20F"}],"group":"cf-nel","max_age":604800}', 'NEL': '{"success_fraction":0,"report_to":"cf-nel","max_age":604800}', 'Server': 'cloudflare', 'CF-RAY': '8a235723a9aecf25-SJC', 'alt-svc': 'h3=":443"; ma=86400'} 
 body={"results":[{"gender":"female","name":{"title":"Ms","first":"مهرسا","last":"سالاری"},"location":{"street":{"number":5854,"name":"دماوند"},"city":"تهران","state":"گیلان","country":"Iran","postcode":79248,"coordinates":{"latitude":"21.4164","longitude":"28.6450"},"timezone":{"offset":"+4:00","description":"Abu Dhabi, Muscat, Baku, Tbilisi"}},"email":"mhrs.slry@example.com","login":{"uuid":"b4b9945f-c33a-4890-ba00-f3038094c60e","username":"angrywolf304","password":"1234567890","salt":"loQFMcnP","md5":"abbbf381a64adb41337053d145211d1a","sha1":"8eac9b13b6a4dd62ebb1731f9cfb2e4ce24f6291","sha256":"afd7d6df6af70c66d7acf0f106cd03112ece5f001560354b20fe9edfb21577ab"},"dob":{"date":"1947-08-04T12:32:34.321Z","age":76},"registered":{"date":"2006-04-20T09:23:40.074Z","age":18},"phone":"005-27309144","cell":"0982-413-4003","id":{"name":"","value":null},"picture":{"large":"https://randomuser.me/api/portraits/women/50.jpg","medium":"https://randomuser.me/api/portraits/med/women/50.jpg","thumbnail":"https://randomuser.me/api/portraits/thumb/women/50.jpg"},"nat":"IR"}],"info":{"seed":"7967cffd72e8a656","results":1,"page":1,"version":"1.4"}} 
 </msg>
<msg time="2024-07-12T19:11:40.196951" level="INFO">/opt/hostedtoolcache/Python/3.12.4/x64/lib/python3.12/site-packages/urllib3/connectionpool.py:1099: InsecureRequestWarning: Unverified HTTPS request is being made to host 'randomuser.me'. Adding certificate verification is strongly advised. See: https://urllib3.readthedocs.io/en/latest/advanced-usage.html#tls-warnings
  warnings.warn(</msg>
<msg time="2024-07-12T19:11:40.197128" level="INFO">${response} = &lt;Response [200]&gt;</msg>
<var>${response}</var>
<arg>consultarAPI</arg>
<arg>/api</arg>
<doc>Sends a GET request on a previously created HTTP Session.</doc>
<status status="PASS" start="2024-07-12T19:11:40.103246" elapsed="0.093932"/>
</kw>
<kw name="Set Variable" owner="BuiltIn">
<msg time="2024-07-12T19:11:40.198735" level="INFO">${json_data} = {'results': [{'gender': 'female', 'name': {'title': 'Ms', 'first': 'مهرسا', 'last': 'سالاری'}, 'location': {'street': {'number': 5854, 'name': 'دماوند'}, 'city': 'تهران', 'state': 'گیلان', 'country': ...</msg>
<var>${json_data}</var>
<arg>${response.json()}</arg>
<doc>Returns the given values which can then be assigned to a variables.</doc>
<status status="PASS" start="2024-07-12T19:11:40.197883" elapsed="0.000901"/>
</kw>
<kw name="Set Variable" owner="BuiltIn">
<msg time="2024-07-12T19:11:40.199983" level="INFO">${name_title} = Ms</msg>
<var>${name_title}</var>
<arg>${json_data["results"][0]["name"]["title"]}</arg>
<doc>Returns the given values which can then be assigned to a variables.</doc>
<status status="PASS" start="2024-07-12T19:11:40.199305" elapsed="0.000718"/>
</kw>
<kw name="Create List" owner="BuiltIn">
<msg time="2024-07-12T19:11:40.200759" level="INFO">${allowed_titles} = ['Mr', 'Ms', 'Miss', 'Mrs', 'Madame', 'Monsieur']</msg>
<var>${allowed_titles}</var>
<arg>Mr</arg>
<arg>Ms</arg>
<arg>Miss</arg>
<arg>Mrs</arg>
<arg>Madame</arg>
<arg>Monsieur</arg>
<doc>Returns a list containing given items.</doc>
<status status="PASS" start="2024-07-12T19:11:40.200530" elapsed="0.000267"/>
</kw>
<kw name="List Should Contain Value" owner="Collections">
<arg>${allowed_titles}</arg>
<arg>${name_title}</arg>
<doc>Fails if the ``value`` is not found from ``list``.</doc>
<status status="PASS" start="2024-07-12T19:11:40.201280" elapsed="0.000312"/>
</kw>
<kw name="Set Variable" owner="BuiltIn">
<msg time="2024-07-12T19:11:40.202557" level="INFO">${name_country} = IR</msg>
<var>${name_country}</var>
<arg>${json_data["results"][0]["nat"]}</arg>
<doc>Returns the given values which can then be assigned to a variables.</doc>
<status status="PASS" start="2024-07-12T19:11:40.201902" elapsed="0.000698"/>
</kw>
<kw name="Create List" owner="BuiltIn">
<msg time="2024-07-12T19:11:40.204164" level="INFO">${list_country} = ['AD', 'AE', 'AF', 'AG', 'AI', 'AL', 'AM', 'AO', 'AQ', 'AR', 'AS', 'AT', 'AU', 'AW', 'AX', 'AZ', 'BA', 'BB', 'BD', 'BE', 'BF', 'BG', 'BH', 'BI', 'BJ', 'BL', 'BM', 'BN', 'BO', 'BQ', 'BR', 'BS', 'BT', '...</msg>
<var>${list_country}</var>
<arg>AD</arg>
<arg>AE</arg>
<arg>AF</arg>
<arg>AG</arg>
<arg>AI</arg>
<arg>AL</arg>
<arg>AM</arg>
<arg>AO</arg>
<arg>AQ</arg>
<arg>AR</arg>
<arg>AS</arg>
<arg>AT</arg>
<arg>AU</arg>
<arg>AW</arg>
<arg>AX</arg>
<arg>AZ</arg>
<arg>BA</arg>
<arg>BB</arg>
<arg>BD</arg>
<arg>BE</arg>
<arg>BF</arg>
<arg>BG</arg>
<arg>BH</arg>
<arg>BI</arg>
<arg>BJ</arg>
<arg>BL</arg>
<arg>BM</arg>
<arg>BN</arg>
<arg>BO</arg>
<arg>BQ</arg>
<arg>BR</arg>
<arg>BS</arg>
<arg>BT</arg>
<arg>BV</arg>
<arg>BW</arg>
<arg>BY</arg>
<arg>BZ</arg>
<arg>CA</arg>
<arg>CC</arg>
<arg>CD</arg>
<arg>CF</arg>
<arg>CG</arg>
<arg>CH</arg>
<arg>CI</arg>
<arg>CK</arg>
<arg>CL</arg>
<arg>CM</arg>
<arg>CN</arg>
<arg>CO</arg>
<arg>CR</arg>
<arg>CU</arg>
<arg>CV</arg>
<arg>CW</arg>
<arg>CX</arg>
<arg>CY</arg>
<arg>CZ</arg>
<arg>DE</arg>
<arg>DJ</arg>
<arg>DK</arg>
<arg>DM</arg>
<arg>DO</arg>
<arg>DZ</arg>
<arg>EC</arg>
<arg>EE</arg>
<arg>EG</arg>
<arg>EH</arg>
<arg>ER</arg>
<arg>ES</arg>
<arg>ET</arg>
<arg>FI</arg>
<arg>FJ</arg>
<arg>FK</arg>
<arg>FM</arg>
<arg>FO</arg>
<arg>FR</arg>
<arg>GA</arg>
<arg>GB</arg>
<arg>GD</arg>
<arg>GE</arg>
<arg>GF</arg>
<arg>GG</arg>
<arg>GH</arg>
<arg>GI</arg>
<arg>GL</arg>
<arg>GM</arg>
<arg>GN</arg>
<arg>GP</arg>
<arg>GQ</arg>
<arg>GR</arg>
<arg>GS</arg>
<arg>GT</arg>
<arg>GU</arg>
<arg>GW</arg>
<arg>GY</arg>
<arg>HK</arg>
<arg>HM</arg>
<arg>HN</arg>
<arg>HR</arg>
<arg>HT</arg>
<arg>HU</arg>
<arg>ID</arg>
<arg>IE</arg>
<arg>IL</arg>
<arg>IM</arg>
<arg>IN</arg>
<arg>IO</arg>
<arg>IQ</arg>
<arg>IR</arg>
<arg>IS</arg>
<arg>IT</arg>
<arg>JE</arg>
<arg>JM</arg>
<arg>JO</arg>
<arg>JP</arg>
<arg>KE</arg>
<arg>KG</arg>
<arg>KH</arg>
<arg>KI</arg>
<arg>KM</arg>
<arg>KN</arg>
<arg>KP</arg>
<arg>KR</arg>
<arg>KW</arg>
<arg>KY</arg>
<arg>KZ</arg>
<arg>LA</arg>
<arg>LB</arg>
<arg>LC</arg>
<arg>LI</arg>
<arg>LK</arg>
<arg>LR</arg>
<arg>LS</arg>
<arg>LT</arg>
<arg>LU</arg>
<arg>LV</arg>
<arg>LY</arg>
<arg>MA</arg>
<arg>MC</arg>
<arg>MD</arg>
<arg>ME</arg>
<arg>MF</arg>
<arg>MG</arg>
<arg>MH</arg>
<arg>MK</arg>
<arg>ML</arg>
<arg>MM</arg>
<arg>MN</arg>
<arg>MO</arg>
<arg>MP</arg>
<arg>MQ</arg>
<arg>MR</arg>
<arg>MS</arg>
<arg>MT</arg>
<arg>MU</arg>
<arg>MV</arg>
<arg>MW</arg>
<arg>MX</arg>
<arg>MY</arg>
<arg>MZ</arg>
<arg>NA</arg>
<arg>NC</arg>
<arg>NE</arg>
<arg>NF</arg>
<arg>NG</arg>
<arg>NI</arg>
<arg>NL</arg>
<arg>NO</arg>
<arg>NP</arg>
<arg>NR</arg>
<arg>NU</arg>
<arg>NZ</arg>
<arg>OM</arg>
<arg>PA</arg>
<arg>PE</arg>
<arg>PF</arg>
<arg>PG</arg>
<arg>PH</arg>
<arg>PK</arg>
<arg>PL</arg>
<arg>PM</arg>
<arg>PN</arg>
<arg>PR</arg>
<arg>PS</arg>
<arg>PT</arg>
<arg>PW</arg>
<arg>PY</arg>
<arg>QA</arg>
<arg>RE</arg>
<arg>RO</arg>
<arg>RS</arg>
<arg>RU</arg>
<arg>RW</arg>
<arg>SA</arg>
<arg>SB</arg>
<arg>SC</arg>
<arg>SD</arg>
<arg>SE</arg>
<arg>SG</arg>
<arg>SH</arg>
<arg>SI</arg>
<arg>SJ</arg>
<arg>SK</arg>
<arg>SL</arg>
<arg>SM</arg>
<arg>SN</arg>
<arg>SO</arg>
<arg>SR</arg>
<arg>SS</arg>
<arg>ST</arg>
<arg>SV</arg>
<arg>SX</arg>
<arg>SY</arg>
<arg>SZ</arg>
<arg>TC</arg>
<arg>TD</arg>
<arg>TF</arg>
<arg>TG</arg>
<arg>TH</arg>
<arg>TJ</arg>
<arg>TK</arg>
<arg>TL</arg>
<arg>TM</arg>
<arg>TN</arg>
<arg>TO</arg>
<arg>TR</arg>
<arg>TT</arg>
<arg>TV</arg>
<arg>TW</arg>
<arg>TZ</arg>
<arg>UA</arg>
<arg>UG</arg>
<arg>UM</arg>
<arg>US</arg>
<arg>UY</arg>
<arg>UZ</arg>
<arg>VA</arg>
<arg>VC</arg>
<arg>VE</arg>
<arg>VG</arg>
<arg>VI</arg>
<arg>VN</arg>
<arg>VU</arg>
<arg>WF</arg>
<arg>WS</arg>
<arg>XK</arg>
<arg>YE</arg>
<arg>YT</arg>
<arg>ZA</arg>
<arg>ZM</arg>
<arg>ZW</arg>
<doc>Returns a list containing given items.</doc>
<status status="PASS" start="2024-07-12T19:11:40.203070" elapsed="0.001140"/>
</kw>
<kw name="List Should Contain Value" owner="Collections">
<arg>${list_country}</arg>
<arg>${name_country}</arg>
<doc>Fails if the ``value`` is not found from ``list``.</doc>
<status status="PASS" start="2024-07-12T19:11:40.205620" elapsed="0.000319"/>
</kw>
<kw name="Run Keyword If" owner="BuiltIn">
<kw name="Should Be True" owner="BuiltIn">
<arg>${True}</arg>
<doc>Fails if the given condition is not true.</doc>
<status status="PASS" start="2024-07-12T19:11:40.207528" elapsed="0.000221"/>
</kw>
<arg>${json_data["results"][0]["location"]["coordinates"]["latitude"]} &gt;= -90 and ${json_data["results"][0]["location"]["coordinates"]["latitude"]} &lt;= 90</arg>
<arg>Should Be True</arg>
<arg>${True}</arg>
<doc>Runs the given keyword with the given arguments, if ``condition`` is true.</doc>
<status status="PASS" start="2024-07-12T19:11:40.206254" elapsed="0.001716"/>
</kw>
<kw name="Run Keyword If" owner="BuiltIn">
<kw name="Should Be True" owner="BuiltIn">
<arg>${True}</arg>
<doc>Fails if the given condition is not true.</doc>
<status status="PASS" start="2024-07-12T19:11:40.209583" elapsed="0.000381"/>
</kw>
<arg>${json_data["results"][0]["location"]["coordinates"]["longitude"]} &gt;= -180 and ${json_data["results"][0]["location"]["coordinates"]["longitude"]} &lt;= 180</arg>
<arg>Should Be True</arg>
<arg>${True}</arg>
<doc>Runs the given keyword with the given arguments, if ``condition`` is true.</doc>
<status status="PASS" start="2024-07-12T19:11:40.208300" elapsed="0.001869"/>
</kw>
<status status="PASS" start="2024-07-12T19:11:40.103026" elapsed="0.107360"/>
</kw>
<doc>Testa o conteúdo específico dos campos retornados pela API.</doc>
<tag>testeConteudo</tag>
<status status="PASS" start="2024-07-12T19:11:40.102573" elapsed="0.108068"/>
</test>
<status status="PASS" start="2024-07-12T19:11:39.265081" elapsed="0.949072"/>
</suite>
<status status="PASS" start="2024-07-12T19:11:39.250562" elapsed="0.972772"/>
</suite>
<statistics>
<total>
<stat pass="5" fail="0" skip="0">All Tests</stat>
</total>
<tag>
<stat pass="1" fail="0" skip="0">testeConteudo</stat>
<stat pass="1" fail="0" skip="0">testeEstruturaResposta</stat>
<stat pass="1" fail="0" skip="0">testeRequisicaoBasica</stat>
<stat pass="1" fail="0" skip="0">testeTiposDados</stat>
</tag>
<suite>
<stat pass="5" fail="0" skip="0" id="s1" name="Tests">Tests</stat>
<stat pass="5" fail="0" skip="0" id="s1-s1" name="Random-User-Test">Tests.Random-User-Test</stat>
</suite>
</statistics>
<errors>
</errors>
</robot>
