<?xml version="1.0" encoding="UTF-8"?>
<robot generator="Robot 7.0.1 (Python 3.12.3 on linux)" generated="2024-06-12T13:17:42.492560" rpa="false" schemaversion="5">
<suite id="s1" name="Tests" source="/home/runner/work/ApiRandomUser/ApiRandomUser/RamdonUser/tests">
<suite id="s1-s1" name="Random-User-Test" source="/home/runner/work/ApiRandomUser/ApiRandomUser/RamdonUser/tests/random-user-test.robot">
<test id="s1-s1-t1" name="Conectar" line="13">
<kw name="Conectar API" owner="random-user-service">
<kw name="Create Session" owner="RequestsLibrary">
<msg time="2024-06-12T13:17:42.916516" level="INFO">Creating Session using : alias=consultarAPI, url=https://randomuser.me/, headers={},                     cookies={}, auth=None, timeout=None, proxies=None, verify=False,                     debug=0 </msg>
<arg>consultarAPI</arg>
<arg>${URL}</arg>
<doc>Create Session: create a HTTP session to a server</doc>
<status status="PASS" start="2024-06-12T13:17:42.916314" elapsed="0.000380"/>
</kw>
<status status="PASS" start="2024-06-12T13:17:42.915250" elapsed="0.001803"/>
</kw>
<status status="PASS" start="2024-06-12T13:17:42.914673" elapsed="0.002574"/>
</test>
<test id="s1-s1-t2" name="Validar retorno 200 e JSON Válido" line="16">
<kw name="Teste de Requisicao Basica" owner="random-user-service">
<kw name="GET On Session" owner="RequestsLibrary">
<msg time="2024-06-12T13:17:43.156423" level="INFO">GET Request : url=https://randomuser.me/api 
 path_url=/api 
 headers={'User-Agent': 'python-requests/2.32.3', 'Accept-Encoding': 'gzip, deflate', 'Accept': '*/*', 'Connection': 'keep-alive'} 
 body=None 
 </msg>
<msg time="2024-06-12T13:17:43.156590" level="INFO">GET Response : url=https://randomuser.me/api 
 status=200, reason=OK 
 headers={'Date': 'Wed, 12 Jun 2024 13:17:43 GMT', 'Content-Type': 'application/json; charset=utf-8', 'Transfer-Encoding': 'chunked', 'Connection': 'keep-alive', 'X-Powered-By': 'Express', 'Access-Control-Allow-Origin': '*', 'Cache-Control': 'no-cache', 'ETag': 'W/"495-MvtZvTa4nXB4gqATwtkF5N2jH1c"', 'Vary': 'Accept-Encoding', 'Content-Encoding': 'gzip', 'CF-Cache-Status': 'DYNAMIC', 'Report-To': '{"endpoints":[{"url":"https:\\/\\/a.nel.cloudflare.com\\/report\\/v4?s=hwik6W%2FEdGWBFF9v9DH8gJ40T6QfnOa3GqCoGwOtNR1uYlDWohC%2BW83zWI7Lp%2B0kLzpFBcbCM%2Bs8cwtUST7aQ1gdF4tV8867BjUNq7O16gcNopPZOmUfL5tg577Xs77i"}],"group":"cf-nel","max_age":604800}', 'NEL': '{"success_fraction":0,"report_to":"cf-nel","max_age":604800}', 'Server': 'cloudflare', 'CF-RAY': '892a1f687fd81785-IAD', 'alt-svc': 'h3=":443"; ma=86400'} 
 body={"results":[{"gender":"female","name":{"title":"Miss","first":"Clémentine","last":"Blanc"},"location":{"street":{"number":5260,"name":"Rue de la Barre"},"city":"Tours","state":"Val-D'Oise","country":"France","postcode":84831,"coordinates":{"latitude":"-16.4562","longitude":"110.4240"},"timezone":{"offset":"-12:00","description":"Eniwetok, Kwajalein"}},"email":"clementine.blanc@example.com","login":{"uuid":"31108afe-d8d7-4979-bae1-533af5c029c3","username":"biggoose324","password":"toto","salt":"GYEKDKoP","md5":"12daa8dea4ac41d043cdb863559d1ca1","sha1":"fc9168d37ad517009f2f07bd2a8edfef2b7d43a8","sha256":"ec9d9b945e85e12dc3bb74704668bdc807794ab90dc4c129742c6a786d22aa64"},"dob":{"date":"1957-12-11T00:28:36.618Z","age":66},"registered":{"date":"2015-06-28T00:04:55.932Z","age":8},"phone":"02-70-15-72-73","cell":"06-07-58-99-31","id":{"name":"INSEE","value":"2571182912488 07"},"picture":{"large":"https://randomuser.me/api/portraits/women/95.jpg","medium":"https://randomuser.me/api/portraits/med/women/95.jpg","thumbnail":"https://randomuser.me/api/portraits/thumb/women/95.jpg"},"nat":"FR"}],"info":{"seed":"d985302565013435","results":1,"page":1,"version":"1.4"}} 
 </msg>
<msg time="2024-06-12T13:17:43.156676" level="INFO">/opt/hostedtoolcache/Python/3.12.3/x64/lib/python3.12/site-packages/urllib3/connectionpool.py:1103: InsecureRequestWarning: Unverified HTTPS request is being made to host 'randomuser.me'. Adding certificate verification is strongly advised. See: https://urllib3.readthedocs.io/en/latest/advanced-usage.html#tls-warnings
  warnings.warn(</msg>
<msg time="2024-06-12T13:17:43.156824" level="INFO">${response} = &lt;Response [200]&gt;</msg>
<var>${response}</var>
<arg>consultarAPI</arg>
<arg>/api</arg>
<doc>Sends a GET request on a previously created HTTP Session.</doc>
<status status="PASS" start="2024-06-12T13:17:42.919851" elapsed="0.237014"/>
</kw>
<kw name="Should Be Equal As Numbers" owner="BuiltIn">
<msg time="2024-06-12T13:17:43.157938" level="INFO">Argument types are:
&lt;class 'int'&gt;
&lt;class 'str'&gt;</msg>
<arg>${response.status_code}</arg>
<arg>200</arg>
<doc>Fails if objects are unequal after converting them to real numbers.</doc>
<status status="PASS" start="2024-06-12T13:17:43.157469" elapsed="0.000534"/>
</kw>
<kw name="Log" owner="BuiltIn">
<msg time="2024-06-12T13:17:43.158679" level="INFO">200</msg>
<arg>${response.status_code}</arg>
<doc>Logs the given message with the given level.</doc>
<status status="PASS" start="2024-06-12T13:17:43.158341" elapsed="0.000384"/>
</kw>
<kw name="Set Variable" owner="BuiltIn">
<msg time="2024-06-12T13:17:43.159457" level="INFO">${json_data} = {'results': [{'gender': 'female', 'name': {'title': 'Miss', 'first': 'Clémentine', 'last': 'Blanc'}, 'location': {'street': {'number': 5260, 'name': 'Rue de la Barre'}, 'city': 'Tours', 'state': "Val-...</msg>
<var>${json_data}</var>
<arg>${response.json()}</arg>
<doc>Returns the given values which can then be assigned to a variables.</doc>
<status status="PASS" start="2024-06-12T13:17:43.159025" elapsed="0.000499"/>
</kw>
<kw name="Dictionary Should Contain Key" owner="Collections">
<arg>${json_data}</arg>
<arg>results</arg>
<doc>Fails if ``key`` is not found from ``dictionary``.</doc>
<status status="PASS" start="2024-06-12T13:17:43.159831" elapsed="0.000164"/>
</kw>
<status status="PASS" start="2024-06-12T13:17:42.919611" elapsed="0.240534"/>
</kw>
<doc>Testa se a API responde corretamente e retorna um objeto JSON válido.</doc>
<tag>testeRequisicaoBasica</tag>
<status status="PASS" start="2024-06-12T13:17:42.919139" elapsed="0.241179"/>
</test>
<test id="s1-s1-t3" name="Validar estrutura de resposta" line="22">
<kw name="Teste de Estrutura de Resposta" owner="random-user-service">
<kw name="GET On Session" owner="RequestsLibrary">
<msg time="2024-06-12T13:17:43.267630" level="INFO">GET Request : url=https://randomuser.me/api 
 path_url=/api 
 headers={'User-Agent': 'python-requests/2.32.3', 'Accept-Encoding': 'gzip, deflate', 'Accept': '*/*', 'Connection': 'keep-alive'} 
 body=None 
 </msg>
<msg time="2024-06-12T13:17:43.267726" level="INFO">GET Response : url=https://randomuser.me/api 
 status=200, reason=OK 
 headers={'Date': 'Wed, 12 Jun 2024 13:17:43 GMT', 'Content-Type': 'application/json; charset=utf-8', 'Transfer-Encoding': 'chunked', 'Connection': 'keep-alive', 'X-Powered-By': 'Express', 'Access-Control-Allow-Origin': '*', 'Cache-Control': 'no-cache', 'ETag': 'W/"499-qwKDjUN8IY9oCnlsTxgAFvRTmZs"', 'Vary': 'Accept-Encoding', 'Content-Encoding': 'gzip', 'CF-Cache-Status': 'DYNAMIC', 'Report-To': '{"endpoints":[{"url":"https:\\/\\/a.nel.cloudflare.com\\/report\\/v4?s=pt7qzyb2lK44S6vrsjmVNSYyp4B7tizWSk2KDUjYb9KubtqZhxwxMhr05udXIgLBO1Vq3Y9vZD8dp9Ml1fShukWJd1c2h7%2Bh4f7PvmtmAqWylbfxcSONk4qZ%2Bf6he6ia"}],"group":"cf-nel","max_age":604800}', 'NEL': '{"success_fraction":0,"report_to":"cf-nel","max_age":604800}', 'Server': 'cloudflare', 'CF-RAY': '892a1f68c8301785-IAD', 'alt-svc': 'h3=":443"; ma=86400'} 
 body={"results":[{"gender":"female","name":{"title":"Mrs","first":"Ilham","last":"Kwinten"},"location":{"street":{"number":4104,"name":"Kerskottenhorst"},"city":"Nessersluis","state":"Flevoland","country":"Netherlands","postcode":"7376 UI","coordinates":{"latitude":"35.6676","longitude":"16.3542"},"timezone":{"offset":"-1:00","description":"Azores, Cape Verde Islands"}},"email":"ilham.kwinten@example.com","login":{"uuid":"66666e91-fee1-4d3f-944c-41861b163faf","username":"silverelephant210","password":"denver","salt":"56eZm9wp","md5":"0e477a4b1e9380407209102ab3827394","sha1":"ad59878a4310da855160ea4164e0dabe368fdd72","sha256":"68d201afb3e4450dd7df933f95d178d7bc2cf59d4049be623c230ee63c16912c"},"dob":{"date":"1975-05-25T13:39:08.634Z","age":49},"registered":{"date":"2010-01-04T00:52:44.773Z","age":14},"phone":"(0806) 333331","cell":"(06) 20124072","id":{"name":"BSN","value":"27492566"},"picture":{"large":"https://randomuser.me/api/portraits/women/7.jpg","medium":"https://randomuser.me/api/portraits/med/women/7.jpg","thumbnail":"https://randomuser.me/api/portraits/thumb/women/7.jpg"},"nat":"NL"}],"info":{"seed":"66cc8cecf61309d0","results":1,"page":1,"version":"1.4"}} 
 </msg>
<msg time="2024-06-12T13:17:43.267875" level="INFO">/opt/hostedtoolcache/Python/3.12.3/x64/lib/python3.12/site-packages/urllib3/connectionpool.py:1103: InsecureRequestWarning: Unverified HTTPS request is being made to host 'randomuser.me'. Adding certificate verification is strongly advised. See: https://urllib3.readthedocs.io/en/latest/advanced-usage.html#tls-warnings
  warnings.warn(</msg>
<msg time="2024-06-12T13:17:43.267989" level="INFO">${response} = &lt;Response [200]&gt;</msg>
<var>${response}</var>
<arg>consultarAPI</arg>
<arg>/api</arg>
<doc>Sends a GET request on a previously created HTTP Session.</doc>
<status status="PASS" start="2024-06-12T13:17:43.163076" elapsed="0.104955"/>
</kw>
<kw name="Set Variable" owner="BuiltIn">
<msg time="2024-06-12T13:17:43.269181" level="INFO">${json_data} = {'results': [{'gender': 'female', 'name': {'title': 'Mrs', 'first': 'Ilham', 'last': 'Kwinten'}, 'location': {'street': {'number': 4104, 'name': 'Kerskottenhorst'}, 'city': 'Nessersluis', 'state': 'Fl...</msg>
<var>${json_data}</var>
<arg>${response.json()}</arg>
<doc>Returns the given values which can then be assigned to a variables.</doc>
<status status="PASS" start="2024-06-12T13:17:43.268579" elapsed="0.000632"/>
</kw>
<kw name="Log" owner="BuiltIn">
<msg time="2024-06-12T13:17:43.269680" level="INFO">{'results': [{'gender': 'female', 'name': {'title': 'Mrs', 'first': 'Ilham', 'last': 'Kwinten'}, 'location': {'street': {'number': 4104, 'name': 'Kerskottenhorst'}, 'city': 'Nessersluis', 'state': 'Flevoland', 'country': 'Netherlands', 'postcode': '7376 UI', 'coordinates': {'latitude': '35.6676', 'longitude': '16.3542'}, 'timezone': {'offset': '-1:00', 'description': 'Azores, Cape Verde Islands'}}, 'email': 'ilham.kwinten@example.com', 'login': {'uuid': '66666e91-fee1-4d3f-944c-41861b163faf', 'username': 'silverelephant210', 'password': 'denver', 'salt': '56eZm9wp', 'md5': '0e477a4b1e9380407209102ab3827394', 'sha1': 'ad59878a4310da855160ea4164e0dabe368fdd72', 'sha256': '68d201afb3e4450dd7df933f95d178d7bc2cf59d4049be623c230ee63c16912c'}, 'dob': {'date': '1975-05-25T13:39:08.634Z', 'age': 49}, 'registered': {'date': '2010-01-04T00:52:44.773Z', 'age': 14}, 'phone': '(0806) 333331', 'cell': '(06) 20124072', 'id': {'name': 'BSN', 'value': '27492566'}, 'picture': {'large': 'https://randomuser.me/api/portraits/women/7.jpg', 'medium': 'https://randomuser.me/api/portraits/med/women/7.jpg', 'thumbnail': 'https://randomuser.me/api/portraits/thumb/women/7.jpg'}, 'nat': 'NL'}], 'info': {'seed': '66cc8cecf61309d0', 'results': 1, 'page': 1, 'version': '1.4'}}</msg>
<arg>${json_data}</arg>
<doc>Logs the given message with the given level.</doc>
<status status="PASS" start="2024-06-12T13:17:43.269520" elapsed="0.000207"/>
</kw>
<kw name="Dictionary Should Contain Key" owner="Collections">
<arg>${json_data}</arg>
<arg>results</arg>
<doc>Fails if ``key`` is not found from ``dictionary``.</doc>
<status status="PASS" start="2024-06-12T13:17:43.270018" elapsed="0.000159"/>
</kw>
<kw name="Should Not Be Empty" owner="BuiltIn">
<msg time="2024-06-12T13:17:43.270492" level="INFO">Length is 2.</msg>
<arg>${json_data}</arg>
<doc>Verifies that the given item is not empty.</doc>
<status status="PASS" start="2024-06-12T13:17:43.270363" elapsed="0.000169"/>
</kw>
<kw name="Create List" owner="BuiltIn">
<msg time="2024-06-12T13:17:43.270969" level="INFO">${expected_keys} = ['gender', 'name', 'location', 'email', 'login']</msg>
<var>${expected_keys}</var>
<arg>gender</arg>
<arg>name</arg>
<arg>location</arg>
<arg>email</arg>
<arg>login</arg>
<doc>Returns a list containing given items.</doc>
<status status="PASS" start="2024-06-12T13:17:43.270821" elapsed="0.000173"/>
</kw>
<for flavor="IN">
<iter>
<kw name="Dictionary Should Contain Key" owner="Collections">
<arg>${json_data['results'][0]}</arg>
<arg>${key}</arg>
<doc>Fails if ``key`` is not found from ``dictionary``.</doc>
<status status="PASS" start="2024-06-12T13:17:43.271613" elapsed="0.000412"/>
</kw>
<kw name="Log" owner="BuiltIn">
<msg time="2024-06-12T13:17:43.272580" level="INFO">{'gender': 'female', 'name': {'title': 'Mrs', 'first': 'Ilham', 'last': 'Kwinten'}, 'location': {'street': {'number': 4104, 'name': 'Kerskottenhorst'}, 'city': 'Nessersluis', 'state': 'Flevoland', 'country': 'Netherlands', 'postcode': '7376 UI', 'coordinates': {'latitude': '35.6676', 'longitude': '16.3542'}, 'timezone': {'offset': '-1:00', 'description': 'Azores, Cape Verde Islands'}}, 'email': 'ilham.kwinten@example.com', 'login': {'uuid': '66666e91-fee1-4d3f-944c-41861b163faf', 'username': 'silverelephant210', 'password': 'denver', 'salt': '56eZm9wp', 'md5': '0e477a4b1e9380407209102ab3827394', 'sha1': 'ad59878a4310da855160ea4164e0dabe368fdd72', 'sha256': '68d201afb3e4450dd7df933f95d178d7bc2cf59d4049be623c230ee63c16912c'}, 'dob': {'date': '1975-05-25T13:39:08.634Z', 'age': 49}, 'registered': {'date': '2010-01-04T00:52:44.773Z', 'age': 14}, 'phone': '(0806) 333331', 'cell': '(06) 20124072', 'id': {'name': 'BSN', 'value': '27492566'}, 'picture': {'large': 'https://randomuser.me/api/portraits/women/7.jpg', 'medium': 'https://randomuser.me/api/portraits/med/women/7.jpg', 'thumbnail': 'https://randomuser.me/api/portraits/thumb/women/7.jpg'}, 'nat': 'NL'}</msg>
<arg>${json_data['results'][0]}</arg>
<doc>Logs the given message with the given level.</doc>
<status status="PASS" start="2024-06-12T13:17:43.272217" elapsed="0.000413"/>
</kw>
<kw name="Log" owner="BuiltIn">
<msg time="2024-06-12T13:17:43.273059" level="INFO">gender</msg>
<arg>${key}</arg>
<doc>Logs the given message with the given level.</doc>
<status status="PASS" start="2024-06-12T13:17:43.272929" elapsed="0.000168"/>
</kw>
<var name="${key}">gender</var>
<status status="PASS" start="2024-06-12T13:17:43.271448" elapsed="0.001873"/>
</iter>
<iter>
<kw name="Dictionary Should Contain Key" owner="Collections">
<arg>${json_data['results'][0]}</arg>
<arg>${key}</arg>
<doc>Fails if ``key`` is not found from ``dictionary``.</doc>
<status status="PASS" start="2024-06-12T13:17:43.273621" elapsed="0.000377"/>
</kw>
<kw name="Log" owner="BuiltIn">
<msg time="2024-06-12T13:17:43.274523" level="INFO">{'gender': 'female', 'name': {'title': 'Mrs', 'first': 'Ilham', 'last': 'Kwinten'}, 'location': {'street': {'number': 4104, 'name': 'Kerskottenhorst'}, 'city': 'Nessersluis', 'state': 'Flevoland', 'country': 'Netherlands', 'postcode': '7376 UI', 'coordinates': {'latitude': '35.6676', 'longitude': '16.3542'}, 'timezone': {'offset': '-1:00', 'description': 'Azores, Cape Verde Islands'}}, 'email': 'ilham.kwinten@example.com', 'login': {'uuid': '66666e91-fee1-4d3f-944c-41861b163faf', 'username': 'silverelephant210', 'password': 'denver', 'salt': '56eZm9wp', 'md5': '0e477a4b1e9380407209102ab3827394', 'sha1': 'ad59878a4310da855160ea4164e0dabe368fdd72', 'sha256': '68d201afb3e4450dd7df933f95d178d7bc2cf59d4049be623c230ee63c16912c'}, 'dob': {'date': '1975-05-25T13:39:08.634Z', 'age': 49}, 'registered': {'date': '2010-01-04T00:52:44.773Z', 'age': 14}, 'phone': '(0806) 333331', 'cell': '(06) 20124072', 'id': {'name': 'BSN', 'value': '27492566'}, 'picture': {'large': 'https://randomuser.me/api/portraits/women/7.jpg', 'medium': 'https://randomuser.me/api/portraits/med/women/7.jpg', 'thumbnail': 'https://randomuser.me/api/portraits/thumb/women/7.jpg'}, 'nat': 'NL'}</msg>
<arg>${json_data['results'][0]}</arg>
<doc>Logs the given message with the given level.</doc>
<status status="PASS" start="2024-06-12T13:17:43.274181" elapsed="0.000423"/>
</kw>
<kw name="Log" owner="BuiltIn">
<msg time="2024-06-12T13:17:43.275034" level="INFO">name</msg>
<arg>${key}</arg>
<doc>Logs the given message with the given level.</doc>
<status status="PASS" start="2024-06-12T13:17:43.274903" elapsed="0.000169"/>
</kw>
<var name="${key}">name</var>
<status status="PASS" start="2024-06-12T13:17:43.273510" elapsed="0.001777"/>
</iter>
<iter>
<kw name="Dictionary Should Contain Key" owner="Collections">
<arg>${json_data['results'][0]}</arg>
<arg>${key}</arg>
<doc>Fails if ``key`` is not found from ``dictionary``.</doc>
<status status="PASS" start="2024-06-12T13:17:43.275596" elapsed="0.000379"/>
</kw>
<kw name="Log" owner="BuiltIn">
<msg time="2024-06-12T13:17:43.276508" level="INFO">{'gender': 'female', 'name': {'title': 'Mrs', 'first': 'Ilham', 'last': 'Kwinten'}, 'location': {'street': {'number': 4104, 'name': 'Kerskottenhorst'}, 'city': 'Nessersluis', 'state': 'Flevoland', 'country': 'Netherlands', 'postcode': '7376 UI', 'coordinates': {'latitude': '35.6676', 'longitude': '16.3542'}, 'timezone': {'offset': '-1:00', 'description': 'Azores, Cape Verde Islands'}}, 'email': 'ilham.kwinten@example.com', 'login': {'uuid': '66666e91-fee1-4d3f-944c-41861b163faf', 'username': 'silverelephant210', 'password': 'denver', 'salt': '56eZm9wp', 'md5': '0e477a4b1e9380407209102ab3827394', 'sha1': 'ad59878a4310da855160ea4164e0dabe368fdd72', 'sha256': '68d201afb3e4450dd7df933f95d178d7bc2cf59d4049be623c230ee63c16912c'}, 'dob': {'date': '1975-05-25T13:39:08.634Z', 'age': 49}, 'registered': {'date': '2010-01-04T00:52:44.773Z', 'age': 14}, 'phone': '(0806) 333331', 'cell': '(06) 20124072', 'id': {'name': 'BSN', 'value': '27492566'}, 'picture': {'large': 'https://randomuser.me/api/portraits/women/7.jpg', 'medium': 'https://randomuser.me/api/portraits/med/women/7.jpg', 'thumbnail': 'https://randomuser.me/api/portraits/thumb/women/7.jpg'}, 'nat': 'NL'}</msg>
<arg>${json_data['results'][0]}</arg>
<doc>Logs the given message with the given level.</doc>
<status status="PASS" start="2024-06-12T13:17:43.276163" elapsed="0.000392"/>
</kw>
<kw name="Log" owner="BuiltIn">
<msg time="2024-06-12T13:17:43.276971" level="INFO">location</msg>
<arg>${key}</arg>
<doc>Logs the given message with the given level.</doc>
<status status="PASS" start="2024-06-12T13:17:43.276847" elapsed="0.000167"/>
</kw>
<var name="${key}">location</var>
<status status="PASS" start="2024-06-12T13:17:43.275465" elapsed="0.001770"/>
</iter>
<iter>
<kw name="Dictionary Should Contain Key" owner="Collections">
<arg>${json_data['results'][0]}</arg>
<arg>${key}</arg>
<doc>Fails if ``key`` is not found from ``dictionary``.</doc>
<status status="PASS" start="2024-06-12T13:17:43.277516" elapsed="0.000382"/>
</kw>
<kw name="Log" owner="BuiltIn">
<msg time="2024-06-12T13:17:43.278422" level="INFO">{'gender': 'female', 'name': {'title': 'Mrs', 'first': 'Ilham', 'last': 'Kwinten'}, 'location': {'street': {'number': 4104, 'name': 'Kerskottenhorst'}, 'city': 'Nessersluis', 'state': 'Flevoland', 'country': 'Netherlands', 'postcode': '7376 UI', 'coordinates': {'latitude': '35.6676', 'longitude': '16.3542'}, 'timezone': {'offset': '-1:00', 'description': 'Azores, Cape Verde Islands'}}, 'email': 'ilham.kwinten@example.com', 'login': {'uuid': '66666e91-fee1-4d3f-944c-41861b163faf', 'username': 'silverelephant210', 'password': 'denver', 'salt': '56eZm9wp', 'md5': '0e477a4b1e9380407209102ab3827394', 'sha1': 'ad59878a4310da855160ea4164e0dabe368fdd72', 'sha256': '68d201afb3e4450dd7df933f95d178d7bc2cf59d4049be623c230ee63c16912c'}, 'dob': {'date': '1975-05-25T13:39:08.634Z', 'age': 49}, 'registered': {'date': '2010-01-04T00:52:44.773Z', 'age': 14}, 'phone': '(0806) 333331', 'cell': '(06) 20124072', 'id': {'name': 'BSN', 'value': '27492566'}, 'picture': {'large': 'https://randomuser.me/api/portraits/women/7.jpg', 'medium': 'https://randomuser.me/api/portraits/med/women/7.jpg', 'thumbnail': 'https://randomuser.me/api/portraits/thumb/women/7.jpg'}, 'nat': 'NL'}</msg>
<arg>${json_data['results'][0]}</arg>
<doc>Logs the given message with the given level.</doc>
<status status="PASS" start="2024-06-12T13:17:43.278077" elapsed="0.000393"/>
</kw>
<kw name="Log" owner="BuiltIn">
<msg time="2024-06-12T13:17:43.278891" level="INFO">email</msg>
<arg>${key}</arg>
<doc>Logs the given message with the given level.</doc>
<status status="PASS" start="2024-06-12T13:17:43.278765" elapsed="0.000163"/>
</kw>
<var name="${key}">email</var>
<status status="PASS" start="2024-06-12T13:17:43.277408" elapsed="0.001734"/>
</iter>
<iter>
<kw name="Dictionary Should Contain Key" owner="Collections">
<arg>${json_data['results'][0]}</arg>
<arg>${key}</arg>
<doc>Fails if ``key`` is not found from ``dictionary``.</doc>
<status status="PASS" start="2024-06-12T13:17:43.279424" elapsed="0.000417"/>
</kw>
<kw name="Log" owner="BuiltIn">
<msg time="2024-06-12T13:17:43.280365" level="INFO">{'gender': 'female', 'name': {'title': 'Mrs', 'first': 'Ilham', 'last': 'Kwinten'}, 'location': {'street': {'number': 4104, 'name': 'Kerskottenhorst'}, 'city': 'Nessersluis', 'state': 'Flevoland', 'country': 'Netherlands', 'postcode': '7376 UI', 'coordinates': {'latitude': '35.6676', 'longitude': '16.3542'}, 'timezone': {'offset': '-1:00', 'description': 'Azores, Cape Verde Islands'}}, 'email': 'ilham.kwinten@example.com', 'login': {'uuid': '66666e91-fee1-4d3f-944c-41861b163faf', 'username': 'silverelephant210', 'password': 'denver', 'salt': '56eZm9wp', 'md5': '0e477a4b1e9380407209102ab3827394', 'sha1': 'ad59878a4310da855160ea4164e0dabe368fdd72', 'sha256': '68d201afb3e4450dd7df933f95d178d7bc2cf59d4049be623c230ee63c16912c'}, 'dob': {'date': '1975-05-25T13:39:08.634Z', 'age': 49}, 'registered': {'date': '2010-01-04T00:52:44.773Z', 'age': 14}, 'phone': '(0806) 333331', 'cell': '(06) 20124072', 'id': {'name': 'BSN', 'value': '27492566'}, 'picture': {'large': 'https://randomuser.me/api/portraits/women/7.jpg', 'medium': 'https://randomuser.me/api/portraits/med/women/7.jpg', 'thumbnail': 'https://randomuser.me/api/portraits/thumb/women/7.jpg'}, 'nat': 'NL'}</msg>
<arg>${json_data['results'][0]}</arg>
<doc>Logs the given message with the given level.</doc>
<status status="PASS" start="2024-06-12T13:17:43.280027" elapsed="0.000383"/>
</kw>
<kw name="Log" owner="BuiltIn">
<msg time="2024-06-12T13:17:43.280926" level="INFO">login</msg>
<arg>${key}</arg>
<doc>Logs the given message with the given level.</doc>
<status status="PASS" start="2024-06-12T13:17:43.280698" elapsed="0.000266"/>
</kw>
<var name="${key}">login</var>
<status status="PASS" start="2024-06-12T13:17:43.279316" elapsed="0.001861"/>
</iter>
<var>${key}</var>
<value>@{expected_keys}</value>
<status status="PASS" start="2024-06-12T13:17:43.271256" elapsed="0.010041"/>
</for>
<kw name="Create List" owner="BuiltIn">
<msg time="2024-06-12T13:17:43.281650" level="INFO">${expected_keysTwo} = ['username', 'password']</msg>
<var>${expected_keysTwo}</var>
<arg>username</arg>
<arg>password</arg>
<doc>Returns a list containing given items.</doc>
<status status="PASS" start="2024-06-12T13:17:43.281485" elapsed="0.000188"/>
</kw>
<for flavor="IN">
<iter>
<kw name="Dictionary Should Contain Key" owner="Collections">
<arg>${json_data['results'][0]['login']}</arg>
<arg>${keyTwo}</arg>
<doc>Fails if ``key`` is not found from ``dictionary``.</doc>
<status status="PASS" start="2024-06-12T13:17:43.282159" elapsed="0.000373"/>
</kw>
<kw name="Dictionary Should Contain Key" owner="Collections">
<arg>${json_data['results'][0]['login']}</arg>
<arg>${keyTwo}</arg>
<doc>Fails if ``key`` is not found from ``dictionary``.</doc>
<status status="PASS" start="2024-06-12T13:17:43.282710" elapsed="0.000371"/>
</kw>
<kw name="Log" owner="BuiltIn">
<msg time="2024-06-12T13:17:43.283376" level="INFO">username</msg>
<arg>${keyTwo}</arg>
<doc>Logs the given message with the given level.</doc>
<status status="PASS" start="2024-06-12T13:17:43.283258" elapsed="0.000154"/>
</kw>
<var name="${keyTwo}">username</var>
<status status="PASS" start="2024-06-12T13:17:43.282055" elapsed="0.001601"/>
</iter>
<iter>
<kw name="Dictionary Should Contain Key" owner="Collections">
<arg>${json_data['results'][0]['login']}</arg>
<arg>${keyTwo}</arg>
<doc>Fails if ``key`` is not found from ``dictionary``.</doc>
<status status="PASS" start="2024-06-12T13:17:43.283943" elapsed="0.000368"/>
</kw>
<kw name="Dictionary Should Contain Key" owner="Collections">
<arg>${json_data['results'][0]['login']}</arg>
<arg>${keyTwo}</arg>
<doc>Fails if ``key`` is not found from ``dictionary``.</doc>
<status status="PASS" start="2024-06-12T13:17:43.284489" elapsed="0.000360"/>
</kw>
<kw name="Log" owner="BuiltIn">
<msg time="2024-06-12T13:17:43.285140" level="INFO">password</msg>
<arg>${keyTwo}</arg>
<doc>Logs the given message with the given level.</doc>
<status status="PASS" start="2024-06-12T13:17:43.285024" elapsed="0.000151"/>
</kw>
<var name="${keyTwo}">password</var>
<status status="PASS" start="2024-06-12T13:17:43.283836" elapsed="0.001555"/>
</iter>
<var>${keyTwo}</var>
<value>@{expected_keysTwo}</value>
<status status="PASS" start="2024-06-12T13:17:43.281908" elapsed="0.003605"/>
</for>
<status status="PASS" start="2024-06-12T13:17:43.162846" elapsed="0.122807"/>
</kw>
<doc>Testa a estrutura da resposta da API.</doc>
<tag>testeEstruturaResposta</tag>
<status status="PASS" start="2024-06-12T13:17:43.162110" elapsed="0.123697"/>
</test>
<test id="s1-s1-t4" name="Validar tipos de dados" line="28">
<kw name="Teste de Tipos de Dados" owner="random-user-service">
<kw name="GET On Session" owner="RequestsLibrary">
<msg time="2024-06-12T13:17:43.359023" level="INFO">GET Request : url=https://randomuser.me/api 
 path_url=/api 
 headers={'User-Agent': 'python-requests/2.32.3', 'Accept-Encoding': 'gzip, deflate', 'Accept': '*/*', 'Connection': 'keep-alive'} 
 body=None 
 </msg>
<msg time="2024-06-12T13:17:43.359088" level="INFO">GET Response : url=https://randomuser.me/api 
 status=200, reason=OK 
 headers={'Date': 'Wed, 12 Jun 2024 13:17:43 GMT', 'Content-Type': 'application/json; charset=utf-8', 'Transfer-Encoding': 'chunked', 'Connection': 'keep-alive', 'X-Powered-By': 'Express', 'Access-Control-Allow-Origin': '*', 'Cache-Control': 'no-cache', 'ETag': 'W/"48d-Yp5GDr+CfTgFcuvi6/3Dc+Q2cfY"', 'Vary': 'Accept-Encoding', 'Content-Encoding': 'gzip', 'CF-Cache-Status': 'DYNAMIC', 'Report-To': '{"endpoints":[{"url":"https:\\/\\/a.nel.cloudflare.com\\/report\\/v4?s=YtXXJs1uGmLGPB4S1DBiMJEuykAy5Z3JVLwyXotQYikTgNtEQyV3%2B%2FdDgRZq0iA4myJNlGqKKGiCN8yj3AQTWrbX7COzryAbjN11kML9mSRhbijNQHCFBrWTOBe%2BQ%2FRo"}],"group":"cf-nel","max_age":604800}', 'NEL': '{"success_fraction":0,"report_to":"cf-nel","max_age":604800}', 'Server': 'cloudflare', 'CF-RAY': '892a1f69992c1785-IAD', 'alt-svc': 'h3=":443"; ma=86400'} 
 body={"results":[{"gender":"male","name":{"title":"Mr","first":"Nikolaj","last":"Pedersen"},"location":{"street":{"number":9972,"name":"Granvænget"},"city":"Kvistgaard","state":"Nordjylland","country":"Denmark","postcode":49557,"coordinates":{"latitude":"-44.8459","longitude":"-96.5622"},"timezone":{"offset":"+9:00","description":"Tokyo, Seoul, Osaka, Sapporo, Yakutsk"}},"email":"nikolaj.pedersen@example.com","login":{"uuid":"bbef4697-b043-4ac5-9fcd-c9ff6c2bfc28","username":"smallswan827","password":"volvo","salt":"TdqnOVt1","md5":"72fab1513833b939e714d6fbfe705785","sha1":"59e9bd1c646e85441204312accc46ac9e49c3353","sha256":"15204fc004170555be11f31bbb8ce9cde8506d692540ffdf55f65e968eaa73cc"},"dob":{"date":"1977-03-11T09:47:52.497Z","age":47},"registered":{"date":"2021-04-05T14:11:52.167Z","age":3},"phone":"48179715","cell":"77485623","id":{"name":"CPR","value":"110377-5554"},"picture":{"large":"https://randomuser.me/api/portraits/men/98.jpg","medium":"https://randomuser.me/api/portraits/med/men/98.jpg","thumbnail":"https://randomuser.me/api/portraits/thumb/men/98.jpg"},"nat":"DK"}],"info":{"seed":"3621b1dd0b0afc77","results":1,"page":1,"version":"1.4"}} 
 </msg>
<msg time="2024-06-12T13:17:43.359150" level="INFO">/opt/hostedtoolcache/Python/3.12.3/x64/lib/python3.12/site-packages/urllib3/connectionpool.py:1103: InsecureRequestWarning: Unverified HTTPS request is being made to host 'randomuser.me'. Adding certificate verification is strongly advised. See: https://urllib3.readthedocs.io/en/latest/advanced-usage.html#tls-warnings
  warnings.warn(</msg>
<msg time="2024-06-12T13:17:43.359237" level="INFO">${response} = &lt;Response [200]&gt;</msg>
<var>${response}</var>
<arg>consultarAPI</arg>
<arg>/api</arg>
<doc>Sends a GET request on a previously created HTTP Session.</doc>
<status status="PASS" start="2024-06-12T13:17:43.288347" elapsed="0.070930"/>
</kw>
<kw name="Set Variable" owner="BuiltIn">
<msg time="2024-06-12T13:17:43.360407" level="INFO">${json_data} = {'results': [{'gender': 'male', 'name': {'title': 'Mr', 'first': 'Nikolaj', 'last': 'Pedersen'}, 'location': {'street': {'number': 9972, 'name': 'Granvænget'}, 'city': 'Kvistgaard', 'state': 'Nordjyll...</msg>
<var>${json_data}</var>
<arg>${response.json()}</arg>
<doc>Returns the given values which can then be assigned to a variables.</doc>
<status status="PASS" start="2024-06-12T13:17:43.359801" elapsed="0.000635"/>
</kw>
<kw name="Log" owner="BuiltIn">
<msg time="2024-06-12T13:17:43.360898" level="INFO">{'results': [{'gender': 'male', 'name': {'title': 'Mr', 'first': 'Nikolaj', 'last': 'Pedersen'}, 'location': {'street': {'number': 9972, 'name': 'Granvænget'}, 'city': 'Kvistgaard', 'state': 'Nordjylland', 'country': 'Denmark', 'postcode': 49557, 'coordinates': {'latitude': '-44.8459', 'longitude': '-96.5622'}, 'timezone': {'offset': '+9:00', 'description': 'Tokyo, Seoul, Osaka, Sapporo, Yakutsk'}}, 'email': 'nikolaj.pedersen@example.com', 'login': {'uuid': 'bbef4697-b043-4ac5-9fcd-c9ff6c2bfc28', 'username': 'smallswan827', 'password': 'volvo', 'salt': 'TdqnOVt1', 'md5': '72fab1513833b939e714d6fbfe705785', 'sha1': '59e9bd1c646e85441204312accc46ac9e49c3353', 'sha256': '15204fc004170555be11f31bbb8ce9cde8506d692540ffdf55f65e968eaa73cc'}, 'dob': {'date': '1977-03-11T09:47:52.497Z', 'age': 47}, 'registered': {'date': '2021-04-05T14:11:52.167Z', 'age': 3}, 'phone': '48179715', 'cell': '77485623', 'id': {'name': 'CPR', 'value': '110377-5554'}, 'picture': {'large': 'https://randomuser.me/api/portraits/men/98.jpg', 'medium': 'https://randomuser.me/api/portraits/med/men/98.jpg', 'thumbnail': 'https://randomuser.me/api/portraits/thumb/men/98.jpg'}, 'nat': 'DK'}], 'info': {'seed': '3621b1dd0b0afc77', 'results': 1, 'page': 1, 'version': '1.4'}}</msg>
<arg>${json_data}</arg>
<doc>Logs the given message with the given level.</doc>
<status status="PASS" start="2024-06-12T13:17:43.360743" elapsed="0.000204"/>
</kw>
<kw name="Should Be String" owner="String">
<arg>${json_data['results'][0]['gender']}</arg>
<doc>Fails if the given ``item`` is not a string.</doc>
<status status="PASS" start="2024-06-12T13:17:43.361241" elapsed="0.000348"/>
</kw>
<kw name="Should Match Regexp" owner="BuiltIn">
<arg>${json_data['results'][0]['email']}</arg>
<arg>^[a-zA-Z0-9._%+-]+@[a-zA-Z0-9.-]+\.[a-zA-Z]{2,}$</arg>
<doc>Fails if ``string`` does not match ``pattern`` as a regular expression.</doc>
<status status="PASS" start="2024-06-12T13:17:43.361775" elapsed="0.000510"/>
</kw>
<kw name="Should Match Regexp" owner="BuiltIn">
<arg>${json_data['results'][0]['dob']['date']}</arg>
<arg>\\d{4}-\\d{2}-\\d{2}T\\d{2}:\\d{2}:\\d{2}\\.\\d{3}Z</arg>
<doc>Fails if ``string`` does not match ``pattern`` as a regular expression.</doc>
<status status="PASS" start="2024-06-12T13:17:43.362511" elapsed="0.000489"/>
</kw>
<kw name="Should Match Regexp" owner="BuiltIn">
<arg>${json_data['results'][0]['registered']['date']}</arg>
<arg>\\d{4}-\\d{2}-\\d{2}T\\d{2}:\\d{2}:\\d{2}\\.\\d{3}Z</arg>
<doc>Fails if ``string`` does not match ``pattern`` as a regular expression.</doc>
<status status="PASS" start="2024-06-12T13:17:43.363185" elapsed="0.000400"/>
</kw>
<kw name="Should Match Regexp" owner="BuiltIn">
<arg>${json_data['results'][0]['picture']['large']}</arg>
<arg>^https?://.*\.(?:png|jpe?g|gif|bmp)$</arg>
<doc>Fails if ``string`` does not match ``pattern`` as a regular expression.</doc>
<status status="PASS" start="2024-06-12T13:17:43.363775" elapsed="0.000463"/>
</kw>
<kw name="Should Match Regexp" owner="BuiltIn">
<arg>${json_data['results'][0]['picture']['medium']}</arg>
<arg>^https?://.*\.(?:png|jpe?g|gif|bmp)$</arg>
<doc>Fails if ``string`` does not match ``pattern`` as a regular expression.</doc>
<status status="PASS" start="2024-06-12T13:17:43.364429" elapsed="0.000352"/>
</kw>
<kw name="Should Match Regexp" owner="BuiltIn">
<arg>${json_data['results'][0]['picture']['thumbnail']}</arg>
<arg>^https?://.*\.(?:png|jpe?g|gif|bmp)$</arg>
<doc>Fails if ``string`` does not match ``pattern`` as a regular expression.</doc>
<status status="PASS" start="2024-06-12T13:17:43.364971" elapsed="0.000352"/>
</kw>
<kw name="Log" owner="BuiltIn">
<msg time="2024-06-12T13:17:43.365815" level="INFO">{'large': 'https://randomuser.me/api/portraits/men/98.jpg', 'medium': 'https://randomuser.me/api/portraits/med/men/98.jpg', 'thumbnail': 'https://randomuser.me/api/portraits/thumb/men/98.jpg'}</msg>
<arg>${json_data['results'][0]['picture']}</arg>
<doc>Logs the given message with the given level.</doc>
<status status="PASS" start="2024-06-12T13:17:43.365500" elapsed="0.000357"/>
</kw>
<status status="PASS" start="2024-06-12T13:17:43.288117" elapsed="0.077997"/>
</kw>
<kw name="Teste de Tipos de Dados - Postcode" owner="random-user-service">
<kw name="GET On Session" owner="RequestsLibrary">
<msg time="2024-06-12T13:17:43.457121" level="INFO">GET Request : url=https://randomuser.me/api 
 path_url=/api 
 headers={'User-Agent': 'python-requests/2.32.3', 'Accept-Encoding': 'gzip, deflate', 'Accept': '*/*', 'Connection': 'keep-alive'} 
 body=None 
 </msg>
<msg time="2024-06-12T13:17:43.457209" level="INFO">GET Response : url=https://randomuser.me/api 
 status=200, reason=OK 
 headers={'Date': 'Wed, 12 Jun 2024 13:17:43 GMT', 'Content-Type': 'application/json; charset=utf-8', 'Transfer-Encoding': 'chunked', 'Connection': 'keep-alive', 'X-Powered-By': 'Express', 'Access-Control-Allow-Origin': '*', 'Cache-Control': 'no-cache', 'ETag': 'W/"4ae-TwM0oEr7QrNxBZQiLSLrcbDOPyE"', 'Vary': 'Accept-Encoding', 'Content-Encoding': 'gzip', 'CF-Cache-Status': 'DYNAMIC', 'Report-To': '{"endpoints":[{"url":"https:\\/\\/a.nel.cloudflare.com\\/report\\/v4?s=DPEpM28VhPNf3ltTAj7jX%2B2KDYxF2qMrKuFTNsrN9JeembtM2dMHmnURJTQiTFQRfMC%2FMR83SgjHP7eJq4cN9vVPVHNK0fqtbYqgLQUKSKi3yKcSKc77H4Fk3F05eVB5"}],"group":"cf-nel","max_age":604800}', 'NEL': '{"success_fraction":0,"report_to":"cf-nel","max_age":604800}', 'Server': 'cloudflare', 'CF-RAY': '892a1f6a19c11785-IAD', 'alt-svc': 'h3=":443"; ma=86400'} 
 body={"results":[{"gender":"female","name":{"title":"Miss","first":"Brígida","last":"Pereira"},"location":{"street":{"number":5618,"name":"Rua Bela Vista "},"city":"Araçatuba","state":"Espírito Santo","country":"Brazil","postcode":23194,"coordinates":{"latitude":"-79.0708","longitude":"46.6583"},"timezone":{"offset":"+10:00","description":"Eastern Australia, Guam, Vladivostok"}},"email":"brigida.pereira@example.com","login":{"uuid":"1c4f8214-24bf-49a0-8fd1-aeb1c35f422b","username":"bigostrich925","password":"spanky","salt":"sQ0KPaH7","md5":"f5f0c18b4f8da6f0743b7f222ed13486","sha1":"9d48888f03cf583ce8058f86255b8867632e8ca5","sha256":"adf1dc7a7a95919af919dc2df9f11fa2c4ee678e529dac3d2aad989b6deec374"},"dob":{"date":"1986-05-11T00:16:39.228Z","age":38},"registered":{"date":"2003-07-18T12:02:42.468Z","age":20},"phone":"(23) 9211-7225","cell":"(71) 6879-8814","id":{"name":"CPF","value":"502.609.448-41"},"picture":{"large":"https://randomuser.me/api/portraits/women/74.jpg","medium":"https://randomuser.me/api/portraits/med/women/74.jpg","thumbnail":"https://randomuser.me/api/portraits/thumb/women/74.jpg"},"nat":"BR"}],"info":{"seed":"3b67f5000940d7fc","results":1,"page":1,"version":"1.4"}} 
 </msg>
<msg time="2024-06-12T13:17:43.457289" level="INFO">/opt/hostedtoolcache/Python/3.12.3/x64/lib/python3.12/site-packages/urllib3/connectionpool.py:1103: InsecureRequestWarning: Unverified HTTPS request is being made to host 'randomuser.me'. Adding certificate verification is strongly advised. See: https://urllib3.readthedocs.io/en/latest/advanced-usage.html#tls-warnings
  warnings.warn(</msg>
<msg time="2024-06-12T13:17:43.457379" level="INFO">${response} = &lt;Response [200]&gt;</msg>
<var>${response}</var>
<arg>consultarAPI</arg>
<arg>/api</arg>
<doc>Sends a GET request on a previously created HTTP Session.</doc>
<status status="PASS" start="2024-06-12T13:17:43.366552" elapsed="0.090865"/>
</kw>
<kw name="Set Variable" owner="BuiltIn">
<msg time="2024-06-12T13:17:43.458534" level="INFO">${json_data} = {'results': [{'gender': 'female', 'name': {'title': 'Miss', 'first': 'Brígida', 'last': 'Pereira'}, 'location': {'street': {'number': 5618, 'name': 'Rua Bela Vista '}, 'city': 'Araçatuba', 'state': 'E...</msg>
<var>${json_data}</var>
<arg>${response.json()}</arg>
<doc>Returns the given values which can then be assigned to a variables.</doc>
<status status="PASS" start="2024-06-12T13:17:43.457917" elapsed="0.000647"/>
</kw>
<kw name="Log" owner="BuiltIn">
<msg time="2024-06-12T13:17:43.459018" level="INFO">{'results': [{'gender': 'female', 'name': {'title': 'Miss', 'first': 'Brígida', 'last': 'Pereira'}, 'location': {'street': {'number': 5618, 'name': 'Rua Bela Vista '}, 'city': 'Araçatuba', 'state': 'Espírito Santo', 'country': 'Brazil', 'postcode': 23194, 'coordinates': {'latitude': '-79.0708', 'longitude': '46.6583'}, 'timezone': {'offset': '+10:00', 'description': 'Eastern Australia, Guam, Vladivostok'}}, 'email': 'brigida.pereira@example.com', 'login': {'uuid': '1c4f8214-24bf-49a0-8fd1-aeb1c35f422b', 'username': 'bigostrich925', 'password': 'spanky', 'salt': 'sQ0KPaH7', 'md5': 'f5f0c18b4f8da6f0743b7f222ed13486', 'sha1': '9d48888f03cf583ce8058f86255b8867632e8ca5', 'sha256': 'adf1dc7a7a95919af919dc2df9f11fa2c4ee678e529dac3d2aad989b6deec374'}, 'dob': {'date': '1986-05-11T00:16:39.228Z', 'age': 38}, 'registered': {'date': '2003-07-18T12:02:42.468Z', 'age': 20}, 'phone': '(23) 9211-7225', 'cell': '(71) 6879-8814', 'id': {'name': 'CPF', 'value': '502.609.448-41'}, 'picture': {'large': 'https://randomuser.me/api/portraits/women/74.jpg', 'medium': 'https://randomuser.me/api/portraits/med/women/74.jpg', 'thumbnail': 'https://randomuser.me/api/portraits/thumb/women/74.jpg'}, 'nat': 'BR'}], 'info': {'seed': '3b67f5000940d7fc', 'results': 1, 'page': 1, 'version': '1.4'}}</msg>
<arg>${json_data}</arg>
<doc>Logs the given message with the given level.</doc>
<status status="PASS" start="2024-06-12T13:17:43.458864" elapsed="0.000203"/>
</kw>
<kw name="Should Be Equal As Numbers" owner="BuiltIn">
<arg>${json_data['results'][0]['location']['postcode']}</arg>
<arg>${json_data['results'][0]['location']['postcode']}</arg>
<doc>Fails if objects are unequal after converting them to real numbers.</doc>
<status status="PASS" start="2024-06-12T13:17:43.459358" elapsed="0.000654"/>
</kw>
<kw name="Log" owner="BuiltIn">
<msg time="2024-06-12T13:17:43.460533" level="INFO">23194</msg>
<arg>${json_data['results'][0]['location']['postcode']}</arg>
<doc>Logs the given message with the given level.</doc>
<status status="PASS" start="2024-06-12T13:17:43.460202" elapsed="0.000403"/>
</kw>
<status status="PASS" start="2024-06-12T13:17:43.366326" elapsed="0.094530"/>
</kw>
<doc>Testa se os tipos de dados na resposta da API estão corretos.</doc>
<tag>testeTiposDados</tag>
<status status="PASS" start="2024-06-12T13:17:43.287575" elapsed="0.173441"/>
</test>
<test id="s1-s1-t5" name="Validar conteudo" line="35">
<kw name="Teste de Tipos de Conteudo" owner="random-user-service">
<kw name="GET On Session" owner="RequestsLibrary">
<msg time="2024-06-12T13:17:43.565045" level="INFO">GET Request : url=https://randomuser.me/api 
 path_url=/api 
 headers={'User-Agent': 'python-requests/2.32.3', 'Accept-Encoding': 'gzip, deflate', 'Accept': '*/*', 'Connection': 'keep-alive'} 
 body=None 
 </msg>
<msg time="2024-06-12T13:17:43.565115" level="INFO">GET Response : url=https://randomuser.me/api 
 status=200, reason=OK 
 headers={'Date': 'Wed, 12 Jun 2024 13:17:43 GMT', 'Content-Type': 'application/json; charset=utf-8', 'Transfer-Encoding': 'chunked', 'Connection': 'keep-alive', 'X-Powered-By': 'Express', 'Access-Control-Allow-Origin': '*', 'Cache-Control': 'no-cache', 'ETag': 'W/"47d-3DOFmq7C5YBerVrtN0oO4OcB2qQ"', 'Vary': 'Accept-Encoding', 'Content-Encoding': 'gzip', 'CF-Cache-Status': 'DYNAMIC', 'Report-To': '{"endpoints":[{"url":"https:\\/\\/a.nel.cloudflare.com\\/report\\/v4?s=DwBltUaM8qA1gVQhoBvDbUFm7bVBiIOO2cP%2Bcv4XWyz%2FOfp2QsY62Rgn78r1pfWO1tv5ZLIvstWeFNnC0AzLGU%2FV3zYCjEJtTVLjXvHq3Rxa%2FK2mT0Rrtvbzgx0aIXOw"}],"group":"cf-nel","max_age":604800}', 'NEL': '{"success_fraction":0,"report_to":"cf-nel","max_age":604800}', 'Server': 'cloudflare', 'CF-RAY': '892a1f6aaa831785-IAD', 'alt-svc': 'h3=":443"; ma=86400'} 
 body={"results":[{"gender":"female","name":{"title":"Ms","first":"Jovana","last":"Radanović"},"location":{"street":{"number":6197,"name":"Leposave MilЈković  "},"city":"Vranje","state":"Peć","country":"Serbia","postcode":84710,"coordinates":{"latitude":"58.1728","longitude":"138.0248"},"timezone":{"offset":"+3:30","description":"Tehran"}},"email":"jovana.radanovic@example.com","login":{"uuid":"59d996e7-d62a-4650-8cdf-24a53576f7d2","username":"yellowdog335","password":"stereo","salt":"BjNzwbWV","md5":"79b68599c11a87d5a8957b27ae6f4b9a","sha1":"05cd861653b5e8d70f6b3cf822c52117575c7363","sha256":"d99ba067f48f2ed50d99a7f55dc09e9a8d12b5ebff3be53f1f9d78a0559408e1"},"dob":{"date":"1980-04-08T19:04:24.012Z","age":44},"registered":{"date":"2008-12-02T23:30:20.274Z","age":15},"phone":"014-4948-194","cell":"069-7353-614","id":{"name":"SID","value":"386410431"},"picture":{"large":"https://randomuser.me/api/portraits/women/19.jpg","medium":"https://randomuser.me/api/portraits/med/women/19.jpg","thumbnail":"https://randomuser.me/api/portraits/thumb/women/19.jpg"},"nat":"RS"}],"info":{"seed":"32b2c65ffc07f753","results":1,"page":1,"version":"1.4"}} 
 </msg>
<msg time="2024-06-12T13:17:43.565175" level="INFO">/opt/hostedtoolcache/Python/3.12.3/x64/lib/python3.12/site-packages/urllib3/connectionpool.py:1103: InsecureRequestWarning: Unverified HTTPS request is being made to host 'randomuser.me'. Adding certificate verification is strongly advised. See: https://urllib3.readthedocs.io/en/latest/advanced-usage.html#tls-warnings
  warnings.warn(</msg>
<msg time="2024-06-12T13:17:43.565278" level="INFO">${response} = &lt;Response [200]&gt;</msg>
<var>${response}</var>
<arg>consultarAPI</arg>
<arg>/api</arg>
<doc>Sends a GET request on a previously created HTTP Session.</doc>
<status status="PASS" start="2024-06-12T13:17:43.463501" elapsed="0.101819"/>
</kw>
<kw name="Set Variable" owner="BuiltIn">
<msg time="2024-06-12T13:17:43.566350" level="INFO">${json_data} = {'results': [{'gender': 'female', 'name': {'title': 'Ms', 'first': 'Jovana', 'last': 'Radanović'}, 'location': {'street': {'number': 6197, 'name': 'Leposave MilЈković  '}, 'city': 'Vranje', 'state': '...</msg>
<var>${json_data}</var>
<arg>${response.json()}</arg>
<doc>Returns the given values which can then be assigned to a variables.</doc>
<status status="PASS" start="2024-06-12T13:17:43.565789" elapsed="0.000594"/>
</kw>
<kw name="Set Variable" owner="BuiltIn">
<msg time="2024-06-12T13:17:43.567067" level="INFO">${name_title} = Ms</msg>
<var>${name_title}</var>
<arg>${json_data["results"][0]["name"]["title"]}</arg>
<doc>Returns the given values which can then be assigned to a variables.</doc>
<status status="PASS" start="2024-06-12T13:17:43.566695" elapsed="0.000396"/>
</kw>
<kw name="Create List" owner="BuiltIn">
<msg time="2024-06-12T13:17:43.567573" level="INFO">${allowed_titles} = ['Mr', 'Ms', 'Miss', 'Mrs', 'Madame', 'Monsieur']</msg>
<var>${allowed_titles}</var>
<arg>Mr</arg>
<arg>Ms</arg>
<arg>Miss</arg>
<arg>Mrs</arg>
<arg>Madame</arg>
<arg>Monsieur</arg>
<doc>Returns a list containing given items.</doc>
<status status="PASS" start="2024-06-12T13:17:43.567389" elapsed="0.000209"/>
</kw>
<kw name="List Should Contain Value" owner="Collections">
<arg>${allowed_titles}</arg>
<arg>${name_title}</arg>
<doc>Fails if the ``value`` is not found from ``list``.</doc>
<status status="PASS" start="2024-06-12T13:17:43.567903" elapsed="0.000187"/>
</kw>
<kw name="Set Variable" owner="BuiltIn">
<msg time="2024-06-12T13:17:43.568642" level="INFO">${name_country} = RS</msg>
<var>${name_country}</var>
<arg>${json_data["results"][0]["nat"]}</arg>
<doc>Returns the given values which can then be assigned to a variables.</doc>
<status status="PASS" start="2024-06-12T13:17:43.568273" elapsed="0.000394"/>
</kw>
<kw name="Create List" owner="BuiltIn">
<msg time="2024-06-12T13:17:43.569552" level="INFO">${list_country} = ['AD', 'AE', 'AF', 'AG', 'AI', 'AL', 'AM', 'AO', 'AQ', 'AR', 'AS', 'AT', 'AU', 'AW', 'AX', 'AZ', 'BA', 'BB', 'BD', 'BE', 'BF', 'BG', 'BH', 'BI', 'BJ', 'BL', 'BM', 'BN', 'BO', 'BQ', 'BR', 'BS', 'BT', '...</msg>
<var>${list_country}</var>
<arg>AD</arg>
<arg>AE</arg>
<arg>AF</arg>
<arg>AG</arg>
<arg>AI</arg>
<arg>AL</arg>
<arg>AM</arg>
<arg>AO</arg>
<arg>AQ</arg>
<arg>AR</arg>
<arg>AS</arg>
<arg>AT</arg>
<arg>AU</arg>
<arg>AW</arg>
<arg>AX</arg>
<arg>AZ</arg>
<arg>BA</arg>
<arg>BB</arg>
<arg>BD</arg>
<arg>BE</arg>
<arg>BF</arg>
<arg>BG</arg>
<arg>BH</arg>
<arg>BI</arg>
<arg>BJ</arg>
<arg>BL</arg>
<arg>BM</arg>
<arg>BN</arg>
<arg>BO</arg>
<arg>BQ</arg>
<arg>BR</arg>
<arg>BS</arg>
<arg>BT</arg>
<arg>BV</arg>
<arg>BW</arg>
<arg>BY</arg>
<arg>BZ</arg>
<arg>CA</arg>
<arg>CC</arg>
<arg>CD</arg>
<arg>CF</arg>
<arg>CG</arg>
<arg>CH</arg>
<arg>CI</arg>
<arg>CK</arg>
<arg>CL</arg>
<arg>CM</arg>
<arg>CN</arg>
<arg>CO</arg>
<arg>CR</arg>
<arg>CU</arg>
<arg>CV</arg>
<arg>CW</arg>
<arg>CX</arg>
<arg>CY</arg>
<arg>CZ</arg>
<arg>DE</arg>
<arg>DJ</arg>
<arg>DK</arg>
<arg>DM</arg>
<arg>DO</arg>
<arg>DZ</arg>
<arg>EC</arg>
<arg>EE</arg>
<arg>EG</arg>
<arg>EH</arg>
<arg>ER</arg>
<arg>ES</arg>
<arg>ET</arg>
<arg>FI</arg>
<arg>FJ</arg>
<arg>FK</arg>
<arg>FM</arg>
<arg>FO</arg>
<arg>FR</arg>
<arg>GA</arg>
<arg>GB</arg>
<arg>GD</arg>
<arg>GE</arg>
<arg>GF</arg>
<arg>GG</arg>
<arg>GH</arg>
<arg>GI</arg>
<arg>GL</arg>
<arg>GM</arg>
<arg>GN</arg>
<arg>GP</arg>
<arg>GQ</arg>
<arg>GR</arg>
<arg>GS</arg>
<arg>GT</arg>
<arg>GU</arg>
<arg>GW</arg>
<arg>GY</arg>
<arg>HK</arg>
<arg>HM</arg>
<arg>HN</arg>
<arg>HR</arg>
<arg>HT</arg>
<arg>HU</arg>
<arg>ID</arg>
<arg>IE</arg>
<arg>IL</arg>
<arg>IM</arg>
<arg>IN</arg>
<arg>IO</arg>
<arg>IQ</arg>
<arg>IR</arg>
<arg>IS</arg>
<arg>IT</arg>
<arg>JE</arg>
<arg>JM</arg>
<arg>JO</arg>
<arg>JP</arg>
<arg>KE</arg>
<arg>KG</arg>
<arg>KH</arg>
<arg>KI</arg>
<arg>KM</arg>
<arg>KN</arg>
<arg>KP</arg>
<arg>KR</arg>
<arg>KW</arg>
<arg>KY</arg>
<arg>KZ</arg>
<arg>LA</arg>
<arg>LB</arg>
<arg>LC</arg>
<arg>LI</arg>
<arg>LK</arg>
<arg>LR</arg>
<arg>LS</arg>
<arg>LT</arg>
<arg>LU</arg>
<arg>LV</arg>
<arg>LY</arg>
<arg>MA</arg>
<arg>MC</arg>
<arg>MD</arg>
<arg>ME</arg>
<arg>MF</arg>
<arg>MG</arg>
<arg>MH</arg>
<arg>MK</arg>
<arg>ML</arg>
<arg>MM</arg>
<arg>MN</arg>
<arg>MO</arg>
<arg>MP</arg>
<arg>MQ</arg>
<arg>MR</arg>
<arg>MS</arg>
<arg>MT</arg>
<arg>MU</arg>
<arg>MV</arg>
<arg>MW</arg>
<arg>MX</arg>
<arg>MY</arg>
<arg>MZ</arg>
<arg>NA</arg>
<arg>NC</arg>
<arg>NE</arg>
<arg>NF</arg>
<arg>NG</arg>
<arg>NI</arg>
<arg>NL</arg>
<arg>NO</arg>
<arg>NP</arg>
<arg>NR</arg>
<arg>NU</arg>
<arg>NZ</arg>
<arg>OM</arg>
<arg>PA</arg>
<arg>PE</arg>
<arg>PF</arg>
<arg>PG</arg>
<arg>PH</arg>
<arg>PK</arg>
<arg>PL</arg>
<arg>PM</arg>
<arg>PN</arg>
<arg>PR</arg>
<arg>PS</arg>
<arg>PT</arg>
<arg>PW</arg>
<arg>PY</arg>
<arg>QA</arg>
<arg>RE</arg>
<arg>RO</arg>
<arg>RS</arg>
<arg>RU</arg>
<arg>RW</arg>
<arg>SA</arg>
<arg>SB</arg>
<arg>SC</arg>
<arg>SD</arg>
<arg>SE</arg>
<arg>SG</arg>
<arg>SH</arg>
<arg>SI</arg>
<arg>SJ</arg>
<arg>SK</arg>
<arg>SL</arg>
<arg>SM</arg>
<arg>SN</arg>
<arg>SO</arg>
<arg>SR</arg>
<arg>SS</arg>
<arg>ST</arg>
<arg>SV</arg>
<arg>SX</arg>
<arg>SY</arg>
<arg>SZ</arg>
<arg>TC</arg>
<arg>TD</arg>
<arg>TF</arg>
<arg>TG</arg>
<arg>TH</arg>
<arg>TJ</arg>
<arg>TK</arg>
<arg>TL</arg>
<arg>TM</arg>
<arg>TN</arg>
<arg>TO</arg>
<arg>TR</arg>
<arg>TT</arg>
<arg>TV</arg>
<arg>TW</arg>
<arg>TZ</arg>
<arg>UA</arg>
<arg>UG</arg>
<arg>UM</arg>
<arg>US</arg>
<arg>UY</arg>
<arg>UZ</arg>
<arg>VA</arg>
<arg>VC</arg>
<arg>VE</arg>
<arg>VG</arg>
<arg>VI</arg>
<arg>VN</arg>
<arg>VU</arg>
<arg>WF</arg>
<arg>WS</arg>
<arg>XK</arg>
<arg>YE</arg>
<arg>YT</arg>
<arg>ZA</arg>
<arg>ZM</arg>
<arg>ZW</arg>
<doc>Returns a list containing given items.</doc>
<status status="PASS" start="2024-06-12T13:17:43.568957" elapsed="0.000620"/>
</kw>
<kw name="List Should Contain Value" owner="Collections">
<arg>${list_country}</arg>
<arg>${name_country}</arg>
<doc>Fails if the ``value`` is not found from ``list``.</doc>
<status status="PASS" start="2024-06-12T13:17:43.570394" elapsed="0.000206"/>
</kw>
<kw name="Run Keyword If" owner="BuiltIn">
<kw name="Should Be True" owner="BuiltIn">
<arg>${True}</arg>
<doc>Fails if the given condition is not true.</doc>
<status status="PASS" start="2024-06-12T13:17:43.571717" elapsed="0.000145"/>
</kw>
<arg>${json_data["results"][0]["location"]["coordinates"]["latitude"]} &gt;= -90 and ${json_data["results"][0]["location"]["coordinates"]["latitude"]} &lt;= 90</arg>
<arg>Should Be True</arg>
<arg>${True}</arg>
<doc>Runs the given keyword with the given arguments, if ``condition`` is true.</doc>
<status status="PASS" start="2024-06-12T13:17:43.570798" elapsed="0.001191"/>
</kw>
<kw name="Run Keyword If" owner="BuiltIn">
<kw name="Should Be True" owner="BuiltIn">
<arg>${True}</arg>
<doc>Fails if the given condition is not true.</doc>
<status status="PASS" start="2024-06-12T13:17:43.573037" elapsed="0.000142"/>
</kw>
<arg>${json_data["results"][0]["location"]["coordinates"]["longitude"]} &gt;= -180 and ${json_data["results"][0]["location"]["coordinates"]["longitude"]} &lt;= 180</arg>
<arg>Should Be True</arg>
<arg>${True}</arg>
<doc>Runs the given keyword with the given arguments, if ``condition`` is true.</doc>
<status status="PASS" start="2024-06-12T13:17:43.572168" elapsed="0.001135"/>
</kw>
<status status="PASS" start="2024-06-12T13:17:43.463260" elapsed="0.110172"/>
</kw>
<doc>Testa o conteúdo específico dos campos retornados pela API.</doc>
<tag>testeConteudo</tag>
<status status="PASS" start="2024-06-12T13:17:43.462735" elapsed="0.110848"/>
</test>
<status status="PASS" start="2024-06-12T13:17:42.549450" elapsed="1.026089"/>
</suite>
<status status="PASS" start="2024-06-12T13:17:42.536015" elapsed="1.044610"/>
</suite>
<statistics>
<total>
<stat pass="5" fail="0" skip="0">All Tests</stat>
</total>
<tag>
<stat pass="1" fail="0" skip="0">testeConteudo</stat>
<stat pass="1" fail="0" skip="0">testeEstruturaResposta</stat>
<stat pass="1" fail="0" skip="0">testeRequisicaoBasica</stat>
<stat pass="1" fail="0" skip="0">testeTiposDados</stat>
</tag>
<suite>
<stat pass="5" fail="0" skip="0" id="s1" name="Tests">Tests</stat>
<stat pass="5" fail="0" skip="0" id="s1-s1" name="Random-User-Test">Tests.Random-User-Test</stat>
</suite>
</statistics>
<errors>
</errors>
</robot>
