<?xml version="1.0" encoding="UTF-8"?>
<robot generator="Robot 7.0.1 (Python 3.12.4 on linux)" generated="2024-07-17T05:15:04.893754" rpa="false" schemaversion="5">
<suite id="s1" name="Tests" source="/home/runner/work/ApiRandomUser/ApiRandomUser/RamdonUser/tests">
<suite id="s1-s1" name="Random-User-Test" source="/home/runner/work/ApiRandomUser/ApiRandomUser/RamdonUser/tests/random-user-test.robot">
<test id="s1-s1-t1" name="Conectar" line="13">
<kw name="Conectar API" owner="random-user-service">
<kw name="Create Session" owner="RequestsLibrary">
<msg time="2024-07-17T05:15:05.312877" level="INFO">Creating Session using : alias=consultarAPI, url=https://randomuser.me/, headers={},                     cookies={}, auth=None, timeout=None, proxies=None, verify=False,                     debug=0 </msg>
<arg>consultarAPI</arg>
<arg>${URL}</arg>
<doc>Create Session: create a HTTP session to a server</doc>
<status status="PASS" start="2024-07-17T05:15:05.312669" elapsed="0.000405"/>
</kw>
<status status="PASS" start="2024-07-17T05:15:05.311660" elapsed="0.001780"/>
</kw>
<status status="PASS" start="2024-07-17T05:15:05.310988" elapsed="0.002643"/>
</test>
<test id="s1-s1-t2" name="Validar retorno 200 e JSON Válido" line="16">
<kw name="Teste de Requisicao Basica" owner="random-user-service">
<kw name="GET On Session" owner="RequestsLibrary">
<msg time="2024-07-17T05:15:05.405118" level="INFO">GET Request : url=https://randomuser.me/api 
 path_url=/api 
 headers={'User-Agent': 'python-requests/2.32.3', 'Accept-Encoding': 'gzip, deflate', 'Accept': '*/*', 'Connection': 'keep-alive'} 
 body=None 
 </msg>
<msg time="2024-07-17T05:15:05.405283" level="INFO">GET Response : url=https://randomuser.me/api 
 status=200, reason=OK 
 headers={'Date': 'Wed, 17 Jul 2024 05:15:05 GMT', 'Content-Type': 'application/json; charset=utf-8', 'Transfer-Encoding': 'chunked', 'Connection': 'keep-alive', 'X-Powered-By': 'Express', 'Access-Control-Allow-Origin': '*', 'Cache-Control': 'no-cache', 'ETag': 'W/"483-UlBk7zuUXvnkSsQmrD/hhKcWLD8"', 'Vary': 'Accept-Encoding', 'Content-Encoding': 'gzip', 'CF-Cache-Status': 'DYNAMIC', 'Report-To': '{"endpoints":[{"url":"https:\\/\\/a.nel.cloudflare.com\\/report\\/v4?s=McsEs44vcIO7SGAZuoPtx7fzNw%2FhjHUktyXMJaAoJnMtycaQFITY3NKwsnw9JGkw7E32ibgItHUyFA20WSKy9k5m%2BwtJjbyOPAX0QgS5pyF8c1vlPcntfOvMh0PVdL3c"}],"group":"cf-nel","max_age":604800}', 'NEL': '{"success_fraction":0,"report_to":"cf-nel","max_age":604800}', 'Server': 'cloudflare', 'CF-RAY': '8a47c08e7b042a00-ORD', 'alt-svc': 'h3=":443"; ma=86400'} 
 body={"results":[{"gender":"male","name":{"title":"Mr","first":"Mohamed","last":"Wittig"},"location":{"street":{"number":258,"name":"Schillerstraße"},"city":"Todtnau","state":"Niedersachsen","country":"Germany","postcode":83962,"coordinates":{"latitude":"-50.1972","longitude":"-76.7464"},"timezone":{"offset":"-2:00","description":"Mid-Atlantic"}},"email":"mohamed.wittig@example.com","login":{"uuid":"bf60dd8d-d007-4260-9185-056d2d7f6caa","username":"orangefrog135","password":"aaaaaaa","salt":"3baDkAd1","md5":"e1b33eadd49f98d424f5b5edb595f165","sha1":"f40de49a97fc7bef99d50cea7801bec8b94504c2","sha256":"68fa56f2eae92639b9deff58ae8a510444bbec9fe88ca2fd698dac532e120151"},"dob":{"date":"1965-08-01T14:45:53.452Z","age":58},"registered":{"date":"2010-01-04T09:26:12.474Z","age":14},"phone":"0184-9476610","cell":"0179-6472540","id":{"name":"SVNR","value":"42 010865 W 208"},"picture":{"large":"https://randomuser.me/api/portraits/men/84.jpg","medium":"https://randomuser.me/api/portraits/med/men/84.jpg","thumbnail":"https://randomuser.me/api/portraits/thumb/men/84.jpg"},"nat":"DE"}],"info":{"seed":"645797f525d8c78b","results":1,"page":1,"version":"1.4"}} 
 </msg>
<msg time="2024-07-17T05:15:05.405372" level="INFO">/opt/hostedtoolcache/Python/3.12.4/x64/lib/python3.12/site-packages/urllib3/connectionpool.py:1099: InsecureRequestWarning: Unverified HTTPS request is being made to host 'randomuser.me'. Adding certificate verification is strongly advised. See: https://urllib3.readthedocs.io/en/latest/advanced-usage.html#tls-warnings
  warnings.warn(</msg>
<msg time="2024-07-17T05:15:05.405540" level="INFO">${response} = &lt;Response [200]&gt;</msg>
<var>${response}</var>
<arg>consultarAPI</arg>
<arg>/api</arg>
<doc>Sends a GET request on a previously created HTTP Session.</doc>
<status status="PASS" start="2024-07-17T05:15:05.316387" elapsed="0.089198"/>
</kw>
<kw name="Should Be Equal As Numbers" owner="BuiltIn">
<msg time="2024-07-17T05:15:05.406632" level="INFO">Argument types are:
&lt;class 'int'&gt;
&lt;class 'str'&gt;</msg>
<arg>${response.status_code}</arg>
<arg>200</arg>
<doc>Fails if objects are unequal after converting them to real numbers.</doc>
<status status="PASS" start="2024-07-17T05:15:05.406156" elapsed="0.000545"/>
</kw>
<kw name="Log" owner="BuiltIn">
<msg time="2024-07-17T05:15:05.407379" level="INFO">200</msg>
<arg>${response.status_code}</arg>
<doc>Logs the given message with the given level.</doc>
<status status="PASS" start="2024-07-17T05:15:05.407024" elapsed="0.000400"/>
</kw>
<kw name="Set Variable" owner="BuiltIn">
<msg time="2024-07-17T05:15:05.408179" level="INFO">${json_data} = {'results': [{'gender': 'male', 'name': {'title': 'Mr', 'first': 'Mohamed', 'last': 'Wittig'}, 'location': {'street': {'number': 258, 'name': 'Schillerstraße'}, 'city': 'Todtnau', 'state': 'Niedersach...</msg>
<var>${json_data}</var>
<arg>${response.json()}</arg>
<doc>Returns the given values which can then be assigned to a variables.</doc>
<status status="PASS" start="2024-07-17T05:15:05.407731" elapsed="0.000478"/>
</kw>
<kw name="Dictionary Should Contain Key" owner="Collections">
<arg>${json_data}</arg>
<arg>results</arg>
<doc>Fails if ``key`` is not found from ``dictionary``.</doc>
<status status="PASS" start="2024-07-17T05:15:05.408510" elapsed="0.000170"/>
</kw>
<status status="PASS" start="2024-07-17T05:15:05.316132" elapsed="0.092700"/>
</kw>
<doc>Testa se a API responde corretamente e retorna um objeto JSON válido.</doc>
<tag>testeRequisicaoBasica</tag>
<status status="PASS" start="2024-07-17T05:15:05.315569" elapsed="0.093450"/>
</test>
<test id="s1-s1-t3" name="Validar estrutura de resposta" line="22">
<kw name="Teste de Estrutura de Resposta" owner="random-user-service">
<kw name="GET On Session" owner="RequestsLibrary">
<msg time="2024-07-17T05:15:05.504103" level="INFO">GET Request : url=https://randomuser.me/api 
 path_url=/api 
 headers={'User-Agent': 'python-requests/2.32.3', 'Accept-Encoding': 'gzip, deflate', 'Accept': '*/*', 'Connection': 'keep-alive'} 
 body=None 
 </msg>
<msg time="2024-07-17T05:15:05.504224" level="INFO">GET Response : url=https://randomuser.me/api 
 status=200, reason=OK 
 headers={'Date': 'Wed, 17 Jul 2024 05:15:05 GMT', 'Content-Type': 'application/json; charset=utf-8', 'Transfer-Encoding': 'chunked', 'Connection': 'keep-alive', 'X-Powered-By': 'Express', 'Access-Control-Allow-Origin': '*', 'Cache-Control': 'no-cache', 'ETag': 'W/"46f-66WDNSuMwBdgrxOpheWWIDNRSZk"', 'Vary': 'Accept-Encoding', 'Content-Encoding': 'gzip', 'CF-Cache-Status': 'DYNAMIC', 'Report-To': '{"endpoints":[{"url":"https:\\/\\/a.nel.cloudflare.com\\/report\\/v4?s=lnVbTyXj7%2FxfMUyuC7N1sLEz%2BZxVn2GNeuZUNR0KjDsMzhlc8IzIWpXosa%2Fm3M8QMmJZoOC9dJIQNLgJsowAu1hgmm%2FE89DsmaovDnQFHF9sLGe94L1QtTkIowzBouIF"}],"group":"cf-nel","max_age":604800}', 'NEL': '{"success_fraction":0,"report_to":"cf-nel","max_age":604800}', 'Server': 'cloudflare', 'CF-RAY': '8a47c08edb4b2a00-ORD', 'alt-svc': 'h3=":443"; ma=86400'} 
 body={"results":[{"gender":"female","name":{"title":"Ms","first":"النا","last":"گلشن"},"location":{"street":{"number":428,"name":"وحدت اسلامی"},"city":"پاکدشت","state":"قم","country":"Iran","postcode":37865,"coordinates":{"latitude":"15.8452","longitude":"136.9167"},"timezone":{"offset":"+3:30","description":"Tehran"}},"email":"ln.glshn@example.com","login":{"uuid":"2fe90dd9-41cf-41ec-9076-fff041f6cc2d","username":"happyzebra994","password":"jasper","salt":"fU0f4Xud","md5":"4cfcd5c1ba07eada04472028d56b4c74","sha1":"411e5c910bcf7580b23fa356034b3d182a8d850c","sha256":"7aa328f9b0864102f5964d542676ea49685a7c2f99f64e05080f832c40582785"},"dob":{"date":"1998-02-07T00:30:04.523Z","age":26},"registered":{"date":"2003-02-26T02:40:26.706Z","age":21},"phone":"019-47818926","cell":"0936-931-7611","id":{"name":"","value":null},"picture":{"large":"https://randomuser.me/api/portraits/women/28.jpg","medium":"https://randomuser.me/api/portraits/med/women/28.jpg","thumbnail":"https://randomuser.me/api/portraits/thumb/women/28.jpg"},"nat":"IR"}],"info":{"seed":"70fb81efd8fab5df","results":1,"page":1,"version":"1.4"}} 
 </msg>
<msg time="2024-07-17T05:15:05.504376" level="INFO">/opt/hostedtoolcache/Python/3.12.4/x64/lib/python3.12/site-packages/urllib3/connectionpool.py:1099: InsecureRequestWarning: Unverified HTTPS request is being made to host 'randomuser.me'. Adding certificate verification is strongly advised. See: https://urllib3.readthedocs.io/en/latest/advanced-usage.html#tls-warnings
  warnings.warn(</msg>
<msg time="2024-07-17T05:15:05.504526" level="INFO">${response} = &lt;Response [200]&gt;</msg>
<var>${response}</var>
<arg>consultarAPI</arg>
<arg>/api</arg>
<doc>Sends a GET request on a previously created HTTP Session.</doc>
<status status="PASS" start="2024-07-17T05:15:05.411717" elapsed="0.092849"/>
</kw>
<kw name="Set Variable" owner="BuiltIn">
<msg time="2024-07-17T05:15:05.505595" level="INFO">${json_data} = {'results': [{'gender': 'female', 'name': {'title': 'Ms', 'first': 'النا', 'last': 'گلشن'}, 'location': {'street': {'number': 428, 'name': 'وحدت اسلامی'}, 'city': 'پاکدشت', 'state': 'قم', 'country': '...</msg>
<var>${json_data}</var>
<arg>${response.json()}</arg>
<doc>Returns the given values which can then be assigned to a variables.</doc>
<status status="PASS" start="2024-07-17T05:15:05.505069" elapsed="0.000557"/>
</kw>
<kw name="Log" owner="BuiltIn">
<msg time="2024-07-17T05:15:05.506137" level="INFO">{'results': [{'gender': 'female', 'name': {'title': 'Ms', 'first': 'النا', 'last': 'گلشن'}, 'location': {'street': {'number': 428, 'name': 'وحدت اسلامی'}, 'city': 'پاکدشت', 'state': 'قم', 'country': 'Iran', 'postcode': 37865, 'coordinates': {'latitude': '15.8452', 'longitude': '136.9167'}, 'timezone': {'offset': '+3:30', 'description': 'Tehran'}}, 'email': 'ln.glshn@example.com', 'login': {'uuid': '2fe90dd9-41cf-41ec-9076-fff041f6cc2d', 'username': 'happyzebra994', 'password': 'jasper', 'salt': 'fU0f4Xud', 'md5': '4cfcd5c1ba07eada04472028d56b4c74', 'sha1': '411e5c910bcf7580b23fa356034b3d182a8d850c', 'sha256': '7aa328f9b0864102f5964d542676ea49685a7c2f99f64e05080f832c40582785'}, 'dob': {'date': '1998-02-07T00:30:04.523Z', 'age': 26}, 'registered': {'date': '2003-02-26T02:40:26.706Z', 'age': 21}, 'phone': '019-47818926', 'cell': '0936-931-7611', 'id': {'name': '', 'value': None}, 'picture': {'large': 'https://randomuser.me/api/portraits/women/28.jpg', 'medium': 'https://randomuser.me/api/portraits/med/women/28.jpg', 'thumbnail': 'https://randomuser.me/api/portraits/thumb/women/28.jpg'}, 'nat': 'IR'}], 'info': {'seed': '70fb81efd8fab5df', 'results': 1, 'page': 1, 'version': '1.4'}}</msg>
<arg>${json_data}</arg>
<doc>Logs the given message with the given level.</doc>
<status status="PASS" start="2024-07-17T05:15:05.505942" elapsed="0.000250"/>
</kw>
<kw name="Dictionary Should Contain Key" owner="Collections">
<arg>${json_data}</arg>
<arg>results</arg>
<doc>Fails if ``key`` is not found from ``dictionary``.</doc>
<status status="PASS" start="2024-07-17T05:15:05.506491" elapsed="0.000179"/>
</kw>
<kw name="Should Not Be Empty" owner="BuiltIn">
<msg time="2024-07-17T05:15:05.506980" level="INFO">Length is 2.</msg>
<arg>${json_data}</arg>
<doc>Verifies that the given item is not empty.</doc>
<status status="PASS" start="2024-07-17T05:15:05.506856" elapsed="0.000167"/>
</kw>
<kw name="Create List" owner="BuiltIn">
<msg time="2024-07-17T05:15:05.507474" level="INFO">${expected_keys} = ['gender', 'name', 'location', 'email', 'login']</msg>
<var>${expected_keys}</var>
<arg>gender</arg>
<arg>name</arg>
<arg>location</arg>
<arg>email</arg>
<arg>login</arg>
<doc>Returns a list containing given items.</doc>
<status status="PASS" start="2024-07-17T05:15:05.507316" elapsed="0.000183"/>
</kw>
<for flavor="IN">
<iter>
<kw name="Dictionary Should Contain Key" owner="Collections">
<arg>${json_data['results'][0]}</arg>
<arg>${key}</arg>
<doc>Fails if ``key`` is not found from ``dictionary``.</doc>
<status status="PASS" start="2024-07-17T05:15:05.508340" elapsed="0.000453"/>
</kw>
<kw name="Log" owner="BuiltIn">
<msg time="2024-07-17T05:15:05.509353" level="INFO">{'gender': 'female', 'name': {'title': 'Ms', 'first': 'النا', 'last': 'گلشن'}, 'location': {'street': {'number': 428, 'name': 'وحدت اسلامی'}, 'city': 'پاکدشت', 'state': 'قم', 'country': 'Iran', 'postcode': 37865, 'coordinates': {'latitude': '15.8452', 'longitude': '136.9167'}, 'timezone': {'offset': '+3:30', 'description': 'Tehran'}}, 'email': 'ln.glshn@example.com', 'login': {'uuid': '2fe90dd9-41cf-41ec-9076-fff041f6cc2d', 'username': 'happyzebra994', 'password': 'jasper', 'salt': 'fU0f4Xud', 'md5': '4cfcd5c1ba07eada04472028d56b4c74', 'sha1': '411e5c910bcf7580b23fa356034b3d182a8d850c', 'sha256': '7aa328f9b0864102f5964d542676ea49685a7c2f99f64e05080f832c40582785'}, 'dob': {'date': '1998-02-07T00:30:04.523Z', 'age': 26}, 'registered': {'date': '2003-02-26T02:40:26.706Z', 'age': 21}, 'phone': '019-47818926', 'cell': '0936-931-7611', 'id': {'name': '', 'value': None}, 'picture': {'large': 'https://randomuser.me/api/portraits/women/28.jpg', 'medium': 'https://randomuser.me/api/portraits/med/women/28.jpg', 'thumbnail': 'https://randomuser.me/api/portraits/thumb/women/28.jpg'}, 'nat': 'IR'}</msg>
<arg>${json_data['results'][0]}</arg>
<doc>Logs the given message with the given level.</doc>
<status status="PASS" start="2024-07-17T05:15:05.508988" elapsed="0.000417"/>
</kw>
<kw name="Log" owner="BuiltIn">
<msg time="2024-07-17T05:15:05.509836" level="INFO">gender</msg>
<arg>${key}</arg>
<doc>Logs the given message with the given level.</doc>
<status status="PASS" start="2024-07-17T05:15:05.509707" elapsed="0.000167"/>
</kw>
<var name="${key}">gender</var>
<status status="PASS" start="2024-07-17T05:15:05.508159" elapsed="0.001952"/>
</iter>
<iter>
<kw name="Dictionary Should Contain Key" owner="Collections">
<arg>${json_data['results'][0]}</arg>
<arg>${key}</arg>
<doc>Fails if ``key`` is not found from ``dictionary``.</doc>
<status status="PASS" start="2024-07-17T05:15:05.510412" elapsed="0.000389"/>
</kw>
<kw name="Log" owner="BuiltIn">
<msg time="2024-07-17T05:15:05.511333" level="INFO">{'gender': 'female', 'name': {'title': 'Ms', 'first': 'النا', 'last': 'گلشن'}, 'location': {'street': {'number': 428, 'name': 'وحدت اسلامی'}, 'city': 'پاکدشت', 'state': 'قم', 'country': 'Iran', 'postcode': 37865, 'coordinates': {'latitude': '15.8452', 'longitude': '136.9167'}, 'timezone': {'offset': '+3:30', 'description': 'Tehran'}}, 'email': 'ln.glshn@example.com', 'login': {'uuid': '2fe90dd9-41cf-41ec-9076-fff041f6cc2d', 'username': 'happyzebra994', 'password': 'jasper', 'salt': 'fU0f4Xud', 'md5': '4cfcd5c1ba07eada04472028d56b4c74', 'sha1': '411e5c910bcf7580b23fa356034b3d182a8d850c', 'sha256': '7aa328f9b0864102f5964d542676ea49685a7c2f99f64e05080f832c40582785'}, 'dob': {'date': '1998-02-07T00:30:04.523Z', 'age': 26}, 'registered': {'date': '2003-02-26T02:40:26.706Z', 'age': 21}, 'phone': '019-47818926', 'cell': '0936-931-7611', 'id': {'name': '', 'value': None}, 'picture': {'large': 'https://randomuser.me/api/portraits/women/28.jpg', 'medium': 'https://randomuser.me/api/portraits/med/women/28.jpg', 'thumbnail': 'https://randomuser.me/api/portraits/thumb/women/28.jpg'}, 'nat': 'IR'}</msg>
<arg>${json_data['results'][0]}</arg>
<doc>Logs the given message with the given level.</doc>
<status status="PASS" start="2024-07-17T05:15:05.510983" elapsed="0.000437"/>
</kw>
<kw name="Log" owner="BuiltIn">
<msg time="2024-07-17T05:15:05.511852" level="INFO">name</msg>
<arg>${key}</arg>
<doc>Logs the given message with the given level.</doc>
<status status="PASS" start="2024-07-17T05:15:05.511724" elapsed="0.000166"/>
</kw>
<var name="${key}">name</var>
<status status="PASS" start="2024-07-17T05:15:05.510299" elapsed="0.001816"/>
</iter>
<iter>
<kw name="Dictionary Should Contain Key" owner="Collections">
<arg>${json_data['results'][0]}</arg>
<arg>${key}</arg>
<doc>Fails if ``key`` is not found from ``dictionary``.</doc>
<status status="PASS" start="2024-07-17T05:15:05.512399" elapsed="0.000384"/>
</kw>
<kw name="Log" owner="BuiltIn">
<msg time="2024-07-17T05:15:05.513323" level="INFO">{'gender': 'female', 'name': {'title': 'Ms', 'first': 'النا', 'last': 'گلشن'}, 'location': {'street': {'number': 428, 'name': 'وحدت اسلامی'}, 'city': 'پاکدشت', 'state': 'قم', 'country': 'Iran', 'postcode': 37865, 'coordinates': {'latitude': '15.8452', 'longitude': '136.9167'}, 'timezone': {'offset': '+3:30', 'description': 'Tehran'}}, 'email': 'ln.glshn@example.com', 'login': {'uuid': '2fe90dd9-41cf-41ec-9076-fff041f6cc2d', 'username': 'happyzebra994', 'password': 'jasper', 'salt': 'fU0f4Xud', 'md5': '4cfcd5c1ba07eada04472028d56b4c74', 'sha1': '411e5c910bcf7580b23fa356034b3d182a8d850c', 'sha256': '7aa328f9b0864102f5964d542676ea49685a7c2f99f64e05080f832c40582785'}, 'dob': {'date': '1998-02-07T00:30:04.523Z', 'age': 26}, 'registered': {'date': '2003-02-26T02:40:26.706Z', 'age': 21}, 'phone': '019-47818926', 'cell': '0936-931-7611', 'id': {'name': '', 'value': None}, 'picture': {'large': 'https://randomuser.me/api/portraits/women/28.jpg', 'medium': 'https://randomuser.me/api/portraits/med/women/28.jpg', 'thumbnail': 'https://randomuser.me/api/portraits/thumb/women/28.jpg'}, 'nat': 'IR'}</msg>
<arg>${json_data['results'][0]}</arg>
<doc>Logs the given message with the given level.</doc>
<status status="PASS" start="2024-07-17T05:15:05.512969" elapsed="0.000406"/>
</kw>
<kw name="Log" owner="BuiltIn">
<msg time="2024-07-17T05:15:05.513808" level="INFO">location</msg>
<arg>${key}</arg>
<doc>Logs the given message with the given level.</doc>
<status status="PASS" start="2024-07-17T05:15:05.513681" elapsed="0.000166"/>
</kw>
<var name="${key}">location</var>
<status status="PASS" start="2024-07-17T05:15:05.512292" elapsed="0.001787"/>
</iter>
<iter>
<kw name="Dictionary Should Contain Key" owner="Collections">
<arg>${json_data['results'][0]}</arg>
<arg>${key}</arg>
<doc>Fails if ``key`` is not found from ``dictionary``.</doc>
<status status="PASS" start="2024-07-17T05:15:05.514361" elapsed="0.000384"/>
</kw>
<kw name="Log" owner="BuiltIn">
<msg time="2024-07-17T05:15:05.515283" level="INFO">{'gender': 'female', 'name': {'title': 'Ms', 'first': 'النا', 'last': 'گلشن'}, 'location': {'street': {'number': 428, 'name': 'وحدت اسلامی'}, 'city': 'پاکدشت', 'state': 'قم', 'country': 'Iran', 'postcode': 37865, 'coordinates': {'latitude': '15.8452', 'longitude': '136.9167'}, 'timezone': {'offset': '+3:30', 'description': 'Tehran'}}, 'email': 'ln.glshn@example.com', 'login': {'uuid': '2fe90dd9-41cf-41ec-9076-fff041f6cc2d', 'username': 'happyzebra994', 'password': 'jasper', 'salt': 'fU0f4Xud', 'md5': '4cfcd5c1ba07eada04472028d56b4c74', 'sha1': '411e5c910bcf7580b23fa356034b3d182a8d850c', 'sha256': '7aa328f9b0864102f5964d542676ea49685a7c2f99f64e05080f832c40582785'}, 'dob': {'date': '1998-02-07T00:30:04.523Z', 'age': 26}, 'registered': {'date': '2003-02-26T02:40:26.706Z', 'age': 21}, 'phone': '019-47818926', 'cell': '0936-931-7611', 'id': {'name': '', 'value': None}, 'picture': {'large': 'https://randomuser.me/api/portraits/women/28.jpg', 'medium': 'https://randomuser.me/api/portraits/med/women/28.jpg', 'thumbnail': 'https://randomuser.me/api/portraits/thumb/women/28.jpg'}, 'nat': 'IR'}</msg>
<arg>${json_data['results'][0]}</arg>
<doc>Logs the given message with the given level.</doc>
<status status="PASS" start="2024-07-17T05:15:05.514929" elapsed="0.000406"/>
</kw>
<kw name="Log" owner="BuiltIn">
<msg time="2024-07-17T05:15:05.515761" level="INFO">email</msg>
<arg>${key}</arg>
<doc>Logs the given message with the given level.</doc>
<status status="PASS" start="2024-07-17T05:15:05.515636" elapsed="0.000164"/>
</kw>
<var name="${key}">email</var>
<status status="PASS" start="2024-07-17T05:15:05.514252" elapsed="0.001760"/>
</iter>
<iter>
<kw name="Dictionary Should Contain Key" owner="Collections">
<arg>${json_data['results'][0]}</arg>
<arg>${key}</arg>
<doc>Fails if ``key`` is not found from ``dictionary``.</doc>
<status status="PASS" start="2024-07-17T05:15:05.516293" elapsed="0.000389"/>
</kw>
<kw name="Log" owner="BuiltIn">
<msg time="2024-07-17T05:15:05.517218" level="INFO">{'gender': 'female', 'name': {'title': 'Ms', 'first': 'النا', 'last': 'گلشن'}, 'location': {'street': {'number': 428, 'name': 'وحدت اسلامی'}, 'city': 'پاکدشت', 'state': 'قم', 'country': 'Iran', 'postcode': 37865, 'coordinates': {'latitude': '15.8452', 'longitude': '136.9167'}, 'timezone': {'offset': '+3:30', 'description': 'Tehran'}}, 'email': 'ln.glshn@example.com', 'login': {'uuid': '2fe90dd9-41cf-41ec-9076-fff041f6cc2d', 'username': 'happyzebra994', 'password': 'jasper', 'salt': 'fU0f4Xud', 'md5': '4cfcd5c1ba07eada04472028d56b4c74', 'sha1': '411e5c910bcf7580b23fa356034b3d182a8d850c', 'sha256': '7aa328f9b0864102f5964d542676ea49685a7c2f99f64e05080f832c40582785'}, 'dob': {'date': '1998-02-07T00:30:04.523Z', 'age': 26}, 'registered': {'date': '2003-02-26T02:40:26.706Z', 'age': 21}, 'phone': '019-47818926', 'cell': '0936-931-7611', 'id': {'name': '', 'value': None}, 'picture': {'large': 'https://randomuser.me/api/portraits/women/28.jpg', 'medium': 'https://randomuser.me/api/portraits/med/women/28.jpg', 'thumbnail': 'https://randomuser.me/api/portraits/thumb/women/28.jpg'}, 'nat': 'IR'}</msg>
<arg>${json_data['results'][0]}</arg>
<doc>Logs the given message with the given level.</doc>
<status status="PASS" start="2024-07-17T05:15:05.516862" elapsed="0.000407"/>
</kw>
<kw name="Log" owner="BuiltIn">
<msg time="2024-07-17T05:15:05.517691" level="INFO">login</msg>
<arg>${key}</arg>
<doc>Logs the given message with the given level.</doc>
<status status="PASS" start="2024-07-17T05:15:05.517565" elapsed="0.000165"/>
</kw>
<var name="${key}">login</var>
<status status="PASS" start="2024-07-17T05:15:05.516182" elapsed="0.001766"/>
</iter>
<var>${key}</var>
<value>@{expected_keys}</value>
<status status="PASS" start="2024-07-17T05:15:05.507921" elapsed="0.010184"/>
</for>
<kw name="Create List" owner="BuiltIn">
<msg time="2024-07-17T05:15:05.518434" level="INFO">${expected_keysTwo} = ['username', 'password']</msg>
<var>${expected_keysTwo}</var>
<arg>username</arg>
<arg>password</arg>
<doc>Returns a list containing given items.</doc>
<status status="PASS" start="2024-07-17T05:15:05.518300" elapsed="0.000158"/>
</kw>
<for flavor="IN">
<iter>
<kw name="Dictionary Should Contain Key" owner="Collections">
<arg>${json_data['results'][0]['login']}</arg>
<arg>${keyTwo}</arg>
<doc>Fails if ``key`` is not found from ``dictionary``.</doc>
<status status="PASS" start="2024-07-17T05:15:05.518980" elapsed="0.000390"/>
</kw>
<kw name="Dictionary Should Contain Key" owner="Collections">
<arg>${json_data['results'][0]['login']}</arg>
<arg>${keyTwo}</arg>
<doc>Fails if ``key`` is not found from ``dictionary``.</doc>
<status status="PASS" start="2024-07-17T05:15:05.519555" elapsed="0.000374"/>
</kw>
<kw name="Log" owner="BuiltIn">
<msg time="2024-07-17T05:15:05.520233" level="INFO">username</msg>
<arg>${keyTwo}</arg>
<doc>Logs the given message with the given level.</doc>
<status status="PASS" start="2024-07-17T05:15:05.520112" elapsed="0.000158"/>
</kw>
<var name="${keyTwo}">username</var>
<status status="PASS" start="2024-07-17T05:15:05.518872" elapsed="0.001619"/>
</iter>
<iter>
<kw name="Dictionary Should Contain Key" owner="Collections">
<arg>${json_data['results'][0]['login']}</arg>
<arg>${keyTwo}</arg>
<doc>Fails if ``key`` is not found from ``dictionary``.</doc>
<status status="PASS" start="2024-07-17T05:15:05.520769" elapsed="0.000376"/>
</kw>
<kw name="Dictionary Should Contain Key" owner="Collections">
<arg>${json_data['results'][0]['login']}</arg>
<arg>${keyTwo}</arg>
<doc>Fails if ``key`` is not found from ``dictionary``.</doc>
<status status="PASS" start="2024-07-17T05:15:05.521323" elapsed="0.000386"/>
</kw>
<kw name="Log" owner="BuiltIn">
<msg time="2024-07-17T05:15:05.522000" level="INFO">password</msg>
<arg>${keyTwo}</arg>
<doc>Logs the given message with the given level.</doc>
<status status="PASS" start="2024-07-17T05:15:05.521883" elapsed="0.000179"/>
</kw>
<var name="${keyTwo}">password</var>
<status status="PASS" start="2024-07-17T05:15:05.520664" elapsed="0.001624"/>
</iter>
<var>${keyTwo}</var>
<value>@{expected_keysTwo}</value>
<status status="PASS" start="2024-07-17T05:15:05.518718" elapsed="0.003689"/>
</for>
<status status="PASS" start="2024-07-17T05:15:05.411471" elapsed="0.111077"/>
</kw>
<doc>Testa a estrutura da resposta da API.</doc>
<tag>testeEstruturaResposta</tag>
<status status="PASS" start="2024-07-17T05:15:05.410953" elapsed="0.111754"/>
</test>
<test id="s1-s1-t4" name="Validar tipos de dados" line="28">
<kw name="Teste de Tipos de Dados" owner="random-user-service">
<kw name="GET On Session" owner="RequestsLibrary">
<msg time="2024-07-17T05:15:05.605074" level="INFO">GET Request : url=https://randomuser.me/api 
 path_url=/api 
 headers={'User-Agent': 'python-requests/2.32.3', 'Accept-Encoding': 'gzip, deflate', 'Accept': '*/*', 'Connection': 'keep-alive'} 
 body=None 
 </msg>
<msg time="2024-07-17T05:15:05.605194" level="INFO">GET Response : url=https://randomuser.me/api 
 status=200, reason=OK 
 headers={'Date': 'Wed, 17 Jul 2024 05:15:05 GMT', 'Content-Type': 'application/json; charset=utf-8', 'Transfer-Encoding': 'chunked', 'Connection': 'keep-alive', 'X-Powered-By': 'Express', 'Access-Control-Allow-Origin': '*', 'Cache-Control': 'no-cache', 'ETag': 'W/"4a2-L94lXUXyK9598tRvSb42JQ5P1/4"', 'Vary': 'Accept-Encoding', 'Content-Encoding': 'gzip', 'CF-Cache-Status': 'DYNAMIC', 'Report-To': '{"endpoints":[{"url":"https:\\/\\/a.nel.cloudflare.com\\/report\\/v4?s=FXrXngh1B1C%2FPLg%2B1G7hTJZF8XNig9%2F0UrOP%2FVmM7Z%2BYVU9ty8UO8q1JWhiZehbqetziup3SRArwpwN7zN0a5H7JElu1Vaye4HSPEmrc5CsrrhbLuJcvMQ7yYbrGRdNJ"}],"group":"cf-nel","max_age":604800}', 'NEL': '{"success_fraction":0,"report_to":"cf-nel","max_age":604800}', 'Server': 'cloudflare', 'CF-RAY': '8a47c08f8bc12a00-ORD', 'alt-svc': 'h3=":443"; ma=86400'} 
 body={"results":[{"gender":"male","name":{"title":"Mr","first":"Hugh","last":"Harvey"},"location":{"street":{"number":9771,"name":"The Crescent"},"city":"Chichester","state":"Herefordshire","country":"United Kingdom","postcode":"HP2 0TR","coordinates":{"latitude":"-12.1938","longitude":"-137.7286"},"timezone":{"offset":"+8:00","description":"Beijing, Perth, Singapore, Hong Kong"}},"email":"hugh.harvey@example.com","login":{"uuid":"66dfd375-aeff-471d-8d76-796238658f36","username":"heavygoose541","password":"soulmate","salt":"N579Bh2H","md5":"200c0bdb87c753cfa4b58480c5049b3b","sha1":"40f45527b77c2b929a5fc4a01efb7f5aec41bc76","sha256":"1e3d064a91e11db531dedb45ca738909dae0d5b7ba04de510d65991850878fdf"},"dob":{"date":"1977-09-02T02:55:33.991Z","age":46},"registered":{"date":"2010-01-31T09:53:40.921Z","age":14},"phone":"0111 644 5836","cell":"07714 601614","id":{"name":"NINO","value":"AB 96 53 04 I"},"picture":{"large":"https://randomuser.me/api/portraits/men/13.jpg","medium":"https://randomuser.me/api/portraits/med/men/13.jpg","thumbnail":"https://randomuser.me/api/portraits/thumb/men/13.jpg"},"nat":"GB"}],"info":{"seed":"fe59e82c0afe542c","results":1,"page":1,"version":"1.4"}} 
 </msg>
<msg time="2024-07-17T05:15:05.605278" level="INFO">/opt/hostedtoolcache/Python/3.12.4/x64/lib/python3.12/site-packages/urllib3/connectionpool.py:1099: InsecureRequestWarning: Unverified HTTPS request is being made to host 'randomuser.me'. Adding certificate verification is strongly advised. See: https://urllib3.readthedocs.io/en/latest/advanced-usage.html#tls-warnings
  warnings.warn(</msg>
<msg time="2024-07-17T05:15:05.605442" level="INFO">${response} = &lt;Response [200]&gt;</msg>
<var>${response}</var>
<arg>consultarAPI</arg>
<arg>/api</arg>
<doc>Sends a GET request on a previously created HTTP Session.</doc>
<status status="PASS" start="2024-07-17T05:15:05.525382" elapsed="0.080098"/>
</kw>
<kw name="Set Variable" owner="BuiltIn">
<msg time="2024-07-17T05:15:05.606552" level="INFO">${json_data} = {'results': [{'gender': 'male', 'name': {'title': 'Mr', 'first': 'Hugh', 'last': 'Harvey'}, 'location': {'street': {'number': 9771, 'name': 'The Crescent'}, 'city': 'Chichester', 'state': 'Herefordshi...</msg>
<var>${json_data}</var>
<arg>${response.json()}</arg>
<doc>Returns the given values which can then be assigned to a variables.</doc>
<status status="PASS" start="2024-07-17T05:15:05.605997" elapsed="0.000584"/>
</kw>
<kw name="Log" owner="BuiltIn">
<msg time="2024-07-17T05:15:05.607070" level="INFO">{'results': [{'gender': 'male', 'name': {'title': 'Mr', 'first': 'Hugh', 'last': 'Harvey'}, 'location': {'street': {'number': 9771, 'name': 'The Crescent'}, 'city': 'Chichester', 'state': 'Herefordshire', 'country': 'United Kingdom', 'postcode': 'HP2 0TR', 'coordinates': {'latitude': '-12.1938', 'longitude': '-137.7286'}, 'timezone': {'offset': '+8:00', 'description': 'Beijing, Perth, Singapore, Hong Kong'}}, 'email': 'hugh.harvey@example.com', 'login': {'uuid': '66dfd375-aeff-471d-8d76-796238658f36', 'username': 'heavygoose541', 'password': 'soulmate', 'salt': 'N579Bh2H', 'md5': '200c0bdb87c753cfa4b58480c5049b3b', 'sha1': '40f45527b77c2b929a5fc4a01efb7f5aec41bc76', 'sha256': '1e3d064a91e11db531dedb45ca738909dae0d5b7ba04de510d65991850878fdf'}, 'dob': {'date': '1977-09-02T02:55:33.991Z', 'age': 46}, 'registered': {'date': '2010-01-31T09:53:40.921Z', 'age': 14}, 'phone': '0111 644 5836', 'cell': '07714 601614', 'id': {'name': 'NINO', 'value': 'AB 96 53 04 I'}, 'picture': {'large': 'https://randomuser.me/api/portraits/men/13.jpg', 'medium': 'https://randomuser.me/api/portraits/med/men/13.jpg', 'thumbnail': 'https://randomuser.me/api/portraits/thumb/men/13.jpg'}, 'nat': 'GB'}], 'info': {'seed': 'fe59e82c0afe542c', 'results': 1, 'page': 1, 'version': '1.4'}}</msg>
<arg>${json_data}</arg>
<doc>Logs the given message with the given level.</doc>
<status status="PASS" start="2024-07-17T05:15:05.606911" elapsed="0.000208"/>
</kw>
<kw name="Should Be String" owner="String">
<arg>${json_data['results'][0]['gender']}</arg>
<doc>Fails if the given ``item`` is not a string.</doc>
<status status="PASS" start="2024-07-17T05:15:05.607410" elapsed="0.000374"/>
</kw>
<kw name="Should Match Regexp" owner="BuiltIn">
<arg>${json_data['results'][0]['email']}</arg>
<arg>^[a-zA-Z0-9._%+-]+@[a-zA-Z0-9.-]+\.[a-zA-Z]{2,}$</arg>
<doc>Fails if ``string`` does not match ``pattern`` as a regular expression.</doc>
<status status="PASS" start="2024-07-17T05:15:05.607973" elapsed="0.000514"/>
</kw>
<kw name="Should Match Regexp" owner="BuiltIn">
<arg>${json_data['results'][0]['dob']['date']}</arg>
<arg>\\d{4}-\\d{2}-\\d{2}T\\d{2}:\\d{2}:\\d{2}\\.\\d{3}Z</arg>
<doc>Fails if ``string`` does not match ``pattern`` as a regular expression.</doc>
<status status="PASS" start="2024-07-17T05:15:05.608722" elapsed="0.000488"/>
</kw>
<kw name="Should Match Regexp" owner="BuiltIn">
<arg>${json_data['results'][0]['registered']['date']}</arg>
<arg>\\d{4}-\\d{2}-\\d{2}T\\d{2}:\\d{2}:\\d{2}\\.\\d{3}Z</arg>
<doc>Fails if ``string`` does not match ``pattern`` as a regular expression.</doc>
<status status="PASS" start="2024-07-17T05:15:05.609400" elapsed="0.000378"/>
</kw>
<kw name="Should Match Regexp" owner="BuiltIn">
<arg>${json_data['results'][0]['picture']['large']}</arg>
<arg>^https?://.*\.(?:png|jpe?g|gif|bmp)$</arg>
<doc>Fails if ``string`` does not match ``pattern`` as a regular expression.</doc>
<status status="PASS" start="2024-07-17T05:15:05.609967" elapsed="0.000484"/>
</kw>
<kw name="Should Match Regexp" owner="BuiltIn">
<arg>${json_data['results'][0]['picture']['medium']}</arg>
<arg>^https?://.*\.(?:png|jpe?g|gif|bmp)$</arg>
<doc>Fails if ``string`` does not match ``pattern`` as a regular expression.</doc>
<status status="PASS" start="2024-07-17T05:15:05.610641" elapsed="0.000352"/>
</kw>
<kw name="Should Match Regexp" owner="BuiltIn">
<arg>${json_data['results'][0]['picture']['thumbnail']}</arg>
<arg>^https?://.*\.(?:png|jpe?g|gif|bmp)$</arg>
<doc>Fails if ``string`` does not match ``pattern`` as a regular expression.</doc>
<status status="PASS" start="2024-07-17T05:15:05.611177" elapsed="0.000348"/>
</kw>
<kw name="Log" owner="BuiltIn">
<msg time="2024-07-17T05:15:05.612050" level="INFO">{'large': 'https://randomuser.me/api/portraits/men/13.jpg', 'medium': 'https://randomuser.me/api/portraits/med/men/13.jpg', 'thumbnail': 'https://randomuser.me/api/portraits/thumb/men/13.jpg'}</msg>
<arg>${json_data['results'][0]['picture']}</arg>
<doc>Logs the given message with the given level.</doc>
<status status="PASS" start="2024-07-17T05:15:05.611718" elapsed="0.000377"/>
</kw>
<status status="PASS" start="2024-07-17T05:15:05.525153" elapsed="0.087206"/>
</kw>
<kw name="Teste de Tipos de Dados - Postcode" owner="random-user-service">
<kw name="GET On Session" owner="RequestsLibrary">
<msg time="2024-07-17T05:15:05.700790" level="INFO">GET Request : url=https://randomuser.me/api 
 path_url=/api 
 headers={'User-Agent': 'python-requests/2.32.3', 'Accept-Encoding': 'gzip, deflate', 'Accept': '*/*', 'Connection': 'keep-alive'} 
 body=None 
 </msg>
<msg time="2024-07-17T05:15:05.700893" level="INFO">GET Response : url=https://randomuser.me/api 
 status=200, reason=OK 
 headers={'Date': 'Wed, 17 Jul 2024 05:15:05 GMT', 'Content-Type': 'application/json; charset=utf-8', 'Transfer-Encoding': 'chunked', 'Connection': 'keep-alive', 'X-Powered-By': 'Express', 'Access-Control-Allow-Origin': '*', 'Cache-Control': 'no-cache', 'ETag': 'W/"499-p+fGLK5C0ZwMhdTLKLTTtd05wIc"', 'Vary': 'Accept-Encoding', 'Content-Encoding': 'gzip', 'CF-Cache-Status': 'DYNAMIC', 'Report-To': '{"endpoints":[{"url":"https:\\/\\/a.nel.cloudflare.com\\/report\\/v4?s=EUZjlcL3J4GJp3%2Bor9FDC44U3fpZmm9xU0XCz4VXmtCrIM39ngYBBFBJwmSQl5fmiyvgNtLb5Dk5XVGbtB1KCqzhQsxYBVRTZ0BTwIbLhpvt%2BAN5m3UWhfw72JECyJ%2BS"}],"group":"cf-nel","max_age":604800}', 'NEL': '{"success_fraction":0,"report_to":"cf-nel","max_age":604800}', 'Server': 'cloudflare', 'CF-RAY': '8a47c0901c192a00-ORD', 'alt-svc': 'h3=":443"; ma=86400'} 
 body={"results":[{"gender":"male","name":{"title":"Mr","first":"Harun","last":"Dagestad"},"location":{"street":{"number":7665,"name":"Skullerudbakken"},"city":"Krøderen","state":"Sør-Trøndelag","country":"Norway","postcode":"7291","coordinates":{"latitude":"42.4104","longitude":"-95.0877"},"timezone":{"offset":"+5:00","description":"Ekaterinburg, Islamabad, Karachi, Tashkent"}},"email":"harun.dagestad@example.com","login":{"uuid":"52acc6b6-714e-4001-9604-8e84499da193","username":"beautifulfish560","password":"grande","salt":"Cgq6adgZ","md5":"5dd8104a1366eaa0ca4dfe7966114bef","sha1":"991794e216218f426b14696692d9cb5e132c3ad5","sha256":"f840a2f85935abc2a906f3caf7d9a96adf0daf00d5b3307fb22aa6b1d4534002"},"dob":{"date":"1997-08-01T01:47:10.147Z","age":26},"registered":{"date":"2013-05-06T05:53:31.315Z","age":11},"phone":"35686061","cell":"41086454","id":{"name":"FN","value":"01089742788"},"picture":{"large":"https://randomuser.me/api/portraits/men/28.jpg","medium":"https://randomuser.me/api/portraits/med/men/28.jpg","thumbnail":"https://randomuser.me/api/portraits/thumb/men/28.jpg"},"nat":"NO"}],"info":{"seed":"f5c0a6f37de11c0e","results":1,"page":1,"version":"1.4"}} 
 </msg>
<msg time="2024-07-17T05:15:05.700966" level="INFO">/opt/hostedtoolcache/Python/3.12.4/x64/lib/python3.12/site-packages/urllib3/connectionpool.py:1099: InsecureRequestWarning: Unverified HTTPS request is being made to host 'randomuser.me'. Adding certificate verification is strongly advised. See: https://urllib3.readthedocs.io/en/latest/advanced-usage.html#tls-warnings
  warnings.warn(</msg>
<msg time="2024-07-17T05:15:05.701110" level="INFO">${response} = &lt;Response [200]&gt;</msg>
<var>${response}</var>
<arg>consultarAPI</arg>
<arg>/api</arg>
<doc>Sends a GET request on a previously created HTTP Session.</doc>
<status status="PASS" start="2024-07-17T05:15:05.612824" elapsed="0.088330"/>
</kw>
<kw name="Set Variable" owner="BuiltIn">
<msg time="2024-07-17T05:15:05.702246" level="INFO">${json_data} = {'results': [{'gender': 'male', 'name': {'title': 'Mr', 'first': 'Harun', 'last': 'Dagestad'}, 'location': {'street': {'number': 7665, 'name': 'Skullerudbakken'}, 'city': 'Krøderen', 'state': 'Sør-Trø...</msg>
<var>${json_data}</var>
<arg>${response.json()}</arg>
<doc>Returns the given values which can then be assigned to a variables.</doc>
<status status="PASS" start="2024-07-17T05:15:05.701685" elapsed="0.000591"/>
</kw>
<kw name="Log" owner="BuiltIn">
<msg time="2024-07-17T05:15:05.702746" level="INFO">{'results': [{'gender': 'male', 'name': {'title': 'Mr', 'first': 'Harun', 'last': 'Dagestad'}, 'location': {'street': {'number': 7665, 'name': 'Skullerudbakken'}, 'city': 'Krøderen', 'state': 'Sør-Trøndelag', 'country': 'Norway', 'postcode': '7291', 'coordinates': {'latitude': '42.4104', 'longitude': '-95.0877'}, 'timezone': {'offset': '+5:00', 'description': 'Ekaterinburg, Islamabad, Karachi, Tashkent'}}, 'email': 'harun.dagestad@example.com', 'login': {'uuid': '52acc6b6-714e-4001-9604-8e84499da193', 'username': 'beautifulfish560', 'password': 'grande', 'salt': 'Cgq6adgZ', 'md5': '5dd8104a1366eaa0ca4dfe7966114bef', 'sha1': '991794e216218f426b14696692d9cb5e132c3ad5', 'sha256': 'f840a2f85935abc2a906f3caf7d9a96adf0daf00d5b3307fb22aa6b1d4534002'}, 'dob': {'date': '1997-08-01T01:47:10.147Z', 'age': 26}, 'registered': {'date': '2013-05-06T05:53:31.315Z', 'age': 11}, 'phone': '35686061', 'cell': '41086454', 'id': {'name': 'FN', 'value': '01089742788'}, 'picture': {'large': 'https://randomuser.me/api/portraits/men/28.jpg', 'medium': 'https://randomuser.me/api/portraits/med/men/28.jpg', 'thumbnail': 'https://randomuser.me/api/portraits/thumb/men/28.jpg'}, 'nat': 'NO'}], 'info': {'seed': 'f5c0a6f37de11c0e', 'results': 1, 'page': 1, 'version': '1.4'}}</msg>
<arg>${json_data}</arg>
<doc>Logs the given message with the given level.</doc>
<status status="PASS" start="2024-07-17T05:15:05.702584" elapsed="0.000214"/>
</kw>
<kw name="Should Be Equal As Numbers" owner="BuiltIn">
<arg>${json_data['results'][0]['location']['postcode']}</arg>
<arg>${json_data['results'][0]['location']['postcode']}</arg>
<doc>Fails if objects are unequal after converting them to real numbers.</doc>
<status status="PASS" start="2024-07-17T05:15:05.703092" elapsed="0.000630"/>
</kw>
<kw name="Log" owner="BuiltIn">
<msg time="2024-07-17T05:15:05.704250" level="INFO">7291</msg>
<arg>${json_data['results'][0]['location']['postcode']}</arg>
<doc>Logs the given message with the given level.</doc>
<status status="PASS" start="2024-07-17T05:15:05.703916" elapsed="0.000374"/>
</kw>
<status status="PASS" start="2024-07-17T05:15:05.612592" elapsed="0.091985"/>
</kw>
<doc>Testa se os tipos de dados na resposta da API estão corretos.</doc>
<tag>testeTiposDados</tag>
<status status="PASS" start="2024-07-17T05:15:05.524481" elapsed="0.180273"/>
</test>
<test id="s1-s1-t5" name="Validar conteudo" line="35">
<kw name="Teste de Tipos de Conteudo" owner="random-user-service">
<kw name="GET On Session" owner="RequestsLibrary">
<msg time="2024-07-17T05:15:05.816834" level="INFO">GET Request : url=https://randomuser.me/api 
 path_url=/api 
 headers={'User-Agent': 'python-requests/2.32.3', 'Accept-Encoding': 'gzip, deflate', 'Accept': '*/*', 'Connection': 'keep-alive'} 
 body=None 
 </msg>
<msg time="2024-07-17T05:15:05.816942" level="INFO">GET Response : url=https://randomuser.me/api 
 status=200, reason=OK 
 headers={'Date': 'Wed, 17 Jul 2024 05:15:05 GMT', 'Content-Type': 'application/json; charset=utf-8', 'Transfer-Encoding': 'chunked', 'Connection': 'keep-alive', 'X-Powered-By': 'Express', 'Access-Control-Allow-Origin': '*', 'Cache-Control': 'no-cache', 'ETag': 'W/"491-xgOcN8tO4X/ImwYpSlZ0V5cbWis"', 'Vary': 'Accept-Encoding', 'Content-Encoding': 'gzip', 'CF-Cache-Status': 'DYNAMIC', 'Report-To': '{"endpoints":[{"url":"https:\\/\\/a.nel.cloudflare.com\\/report\\/v4?s=ah9tm54FId1kSNAPLUQptvVLzcajSfz7KnZxoHTfVlx2ppcE7DP5cJCDDM9ou439J6OKPcIAaZbcM8tPC0LTFEtSwiOS8eA7OPo7uvgRRRM57la%2FEnYl6IDEbrrZcn4r"}],"group":"cf-nel","max_age":604800}', 'NEL': '{"success_fraction":0,"report_to":"cf-nel","max_age":604800}', 'Server': 'cloudflare', 'CF-RAY': '8a47c090ac792a00-ORD', 'alt-svc': 'h3=":443"; ma=86400'} 
 body={"results":[{"gender":"male","name":{"title":"Mr","first":"Ostromov","last":"Ambickiy"},"location":{"street":{"number":3590,"name":"Rubezhivska"},"city":"P'yatihatki","state":"Poltavska","country":"Ukraine","postcode":39658,"coordinates":{"latitude":"79.6896","longitude":"-83.6683"},"timezone":{"offset":"+11:00","description":"Magadan, Solomon Islands, New Caledonia"}},"email":"ostromov.ambickiy@example.com","login":{"uuid":"a0f5cba5-f0df-456f-9ba5-432ded54aca8","username":"purplefrog346","password":"reng","salt":"8dY9ux9e","md5":"434fe6cece2a4f41a9e8dd20f67b883f","sha1":"c65dab8c2fbf4b0891f38d942285dcee6927d00b","sha256":"90b190fee6e1138bbdc04c537e3b1a70b0f5fe51f7feff16b32b937d686788d4"},"dob":{"date":"1957-06-12T02:45:45.045Z","age":67},"registered":{"date":"2004-12-09T21:03:19.448Z","age":19},"phone":"(099) W32-6765","cell":"(068) K52-8380","id":{"name":"","value":null},"picture":{"large":"https://randomuser.me/api/portraits/men/84.jpg","medium":"https://randomuser.me/api/portraits/med/men/84.jpg","thumbnail":"https://randomuser.me/api/portraits/thumb/men/84.jpg"},"nat":"UA"}],"info":{"seed":"ef8fd55873566cd6","results":1,"page":1,"version":"1.4"}} 
 </msg>
<msg time="2024-07-17T05:15:05.817040" level="INFO">/opt/hostedtoolcache/Python/3.12.4/x64/lib/python3.12/site-packages/urllib3/connectionpool.py:1099: InsecureRequestWarning: Unverified HTTPS request is being made to host 'randomuser.me'. Adding certificate verification is strongly advised. See: https://urllib3.readthedocs.io/en/latest/advanced-usage.html#tls-warnings
  warnings.warn(</msg>
<msg time="2024-07-17T05:15:05.817190" level="INFO">${response} = &lt;Response [200]&gt;</msg>
<var>${response}</var>
<arg>consultarAPI</arg>
<arg>/api</arg>
<doc>Sends a GET request on a previously created HTTP Session.</doc>
<status status="PASS" start="2024-07-17T05:15:05.707464" elapsed="0.109768"/>
</kw>
<kw name="Set Variable" owner="BuiltIn">
<msg time="2024-07-17T05:15:05.818306" level="INFO">${json_data} = {'results': [{'gender': 'male', 'name': {'title': 'Mr', 'first': 'Ostromov', 'last': 'Ambickiy'}, 'location': {'street': {'number': 3590, 'name': 'Rubezhivska'}, 'city': "P'yatihatki", 'state': 'Polta...</msg>
<var>${json_data}</var>
<arg>${response.json()}</arg>
<doc>Returns the given values which can then be assigned to a variables.</doc>
<status status="PASS" start="2024-07-17T05:15:05.817761" elapsed="0.000574"/>
</kw>
<kw name="Set Variable" owner="BuiltIn">
<msg time="2024-07-17T05:15:05.819019" level="INFO">${name_title} = Mr</msg>
<var>${name_title}</var>
<arg>${json_data["results"][0]["name"]["title"]}</arg>
<doc>Returns the given values which can then be assigned to a variables.</doc>
<status status="PASS" start="2024-07-17T05:15:05.818642" elapsed="0.000402"/>
</kw>
<kw name="Create List" owner="BuiltIn">
<msg time="2024-07-17T05:15:05.819486" level="INFO">${allowed_titles} = ['Mr', 'Ms', 'Miss', 'Mrs', 'Madame', 'Monsieur']</msg>
<var>${allowed_titles}</var>
<arg>Mr</arg>
<arg>Ms</arg>
<arg>Miss</arg>
<arg>Mrs</arg>
<arg>Madame</arg>
<arg>Monsieur</arg>
<doc>Returns a list containing given items.</doc>
<status status="PASS" start="2024-07-17T05:15:05.819339" elapsed="0.000171"/>
</kw>
<kw name="List Should Contain Value" owner="Collections">
<arg>${allowed_titles}</arg>
<arg>${name_title}</arg>
<doc>Fails if the ``value`` is not found from ``list``.</doc>
<status status="PASS" start="2024-07-17T05:15:05.819818" elapsed="0.000177"/>
</kw>
<kw name="Set Variable" owner="BuiltIn">
<msg time="2024-07-17T05:15:05.820532" level="INFO">${name_country} = UA</msg>
<var>${name_country}</var>
<arg>${json_data["results"][0]["nat"]}</arg>
<doc>Returns the given values which can then be assigned to a variables.</doc>
<status status="PASS" start="2024-07-17T05:15:05.820172" elapsed="0.000384"/>
</kw>
<kw name="Create List" owner="BuiltIn">
<msg time="2024-07-17T05:15:05.821437" level="INFO">${list_country} = ['AD', 'AE', 'AF', 'AG', 'AI', 'AL', 'AM', 'AO', 'AQ', 'AR', 'AS', 'AT', 'AU', 'AW', 'AX', 'AZ', 'BA', 'BB', 'BD', 'BE', 'BF', 'BG', 'BH', 'BI', 'BJ', 'BL', 'BM', 'BN', 'BO', 'BQ', 'BR', 'BS', 'BT', '...</msg>
<var>${list_country}</var>
<arg>AD</arg>
<arg>AE</arg>
<arg>AF</arg>
<arg>AG</arg>
<arg>AI</arg>
<arg>AL</arg>
<arg>AM</arg>
<arg>AO</arg>
<arg>AQ</arg>
<arg>AR</arg>
<arg>AS</arg>
<arg>AT</arg>
<arg>AU</arg>
<arg>AW</arg>
<arg>AX</arg>
<arg>AZ</arg>
<arg>BA</arg>
<arg>BB</arg>
<arg>BD</arg>
<arg>BE</arg>
<arg>BF</arg>
<arg>BG</arg>
<arg>BH</arg>
<arg>BI</arg>
<arg>BJ</arg>
<arg>BL</arg>
<arg>BM</arg>
<arg>BN</arg>
<arg>BO</arg>
<arg>BQ</arg>
<arg>BR</arg>
<arg>BS</arg>
<arg>BT</arg>
<arg>BV</arg>
<arg>BW</arg>
<arg>BY</arg>
<arg>BZ</arg>
<arg>CA</arg>
<arg>CC</arg>
<arg>CD</arg>
<arg>CF</arg>
<arg>CG</arg>
<arg>CH</arg>
<arg>CI</arg>
<arg>CK</arg>
<arg>CL</arg>
<arg>CM</arg>
<arg>CN</arg>
<arg>CO</arg>
<arg>CR</arg>
<arg>CU</arg>
<arg>CV</arg>
<arg>CW</arg>
<arg>CX</arg>
<arg>CY</arg>
<arg>CZ</arg>
<arg>DE</arg>
<arg>DJ</arg>
<arg>DK</arg>
<arg>DM</arg>
<arg>DO</arg>
<arg>DZ</arg>
<arg>EC</arg>
<arg>EE</arg>
<arg>EG</arg>
<arg>EH</arg>
<arg>ER</arg>
<arg>ES</arg>
<arg>ET</arg>
<arg>FI</arg>
<arg>FJ</arg>
<arg>FK</arg>
<arg>FM</arg>
<arg>FO</arg>
<arg>FR</arg>
<arg>GA</arg>
<arg>GB</arg>
<arg>GD</arg>
<arg>GE</arg>
<arg>GF</arg>
<arg>GG</arg>
<arg>GH</arg>
<arg>GI</arg>
<arg>GL</arg>
<arg>GM</arg>
<arg>GN</arg>
<arg>GP</arg>
<arg>GQ</arg>
<arg>GR</arg>
<arg>GS</arg>
<arg>GT</arg>
<arg>GU</arg>
<arg>GW</arg>
<arg>GY</arg>
<arg>HK</arg>
<arg>HM</arg>
<arg>HN</arg>
<arg>HR</arg>
<arg>HT</arg>
<arg>HU</arg>
<arg>ID</arg>
<arg>IE</arg>
<arg>IL</arg>
<arg>IM</arg>
<arg>IN</arg>
<arg>IO</arg>
<arg>IQ</arg>
<arg>IR</arg>
<arg>IS</arg>
<arg>IT</arg>
<arg>JE</arg>
<arg>JM</arg>
<arg>JO</arg>
<arg>JP</arg>
<arg>KE</arg>
<arg>KG</arg>
<arg>KH</arg>
<arg>KI</arg>
<arg>KM</arg>
<arg>KN</arg>
<arg>KP</arg>
<arg>KR</arg>
<arg>KW</arg>
<arg>KY</arg>
<arg>KZ</arg>
<arg>LA</arg>
<arg>LB</arg>
<arg>LC</arg>
<arg>LI</arg>
<arg>LK</arg>
<arg>LR</arg>
<arg>LS</arg>
<arg>LT</arg>
<arg>LU</arg>
<arg>LV</arg>
<arg>LY</arg>
<arg>MA</arg>
<arg>MC</arg>
<arg>MD</arg>
<arg>ME</arg>
<arg>MF</arg>
<arg>MG</arg>
<arg>MH</arg>
<arg>MK</arg>
<arg>ML</arg>
<arg>MM</arg>
<arg>MN</arg>
<arg>MO</arg>
<arg>MP</arg>
<arg>MQ</arg>
<arg>MR</arg>
<arg>MS</arg>
<arg>MT</arg>
<arg>MU</arg>
<arg>MV</arg>
<arg>MW</arg>
<arg>MX</arg>
<arg>MY</arg>
<arg>MZ</arg>
<arg>NA</arg>
<arg>NC</arg>
<arg>NE</arg>
<arg>NF</arg>
<arg>NG</arg>
<arg>NI</arg>
<arg>NL</arg>
<arg>NO</arg>
<arg>NP</arg>
<arg>NR</arg>
<arg>NU</arg>
<arg>NZ</arg>
<arg>OM</arg>
<arg>PA</arg>
<arg>PE</arg>
<arg>PF</arg>
<arg>PG</arg>
<arg>PH</arg>
<arg>PK</arg>
<arg>PL</arg>
<arg>PM</arg>
<arg>PN</arg>
<arg>PR</arg>
<arg>PS</arg>
<arg>PT</arg>
<arg>PW</arg>
<arg>PY</arg>
<arg>QA</arg>
<arg>RE</arg>
<arg>RO</arg>
<arg>RS</arg>
<arg>RU</arg>
<arg>RW</arg>
<arg>SA</arg>
<arg>SB</arg>
<arg>SC</arg>
<arg>SD</arg>
<arg>SE</arg>
<arg>SG</arg>
<arg>SH</arg>
<arg>SI</arg>
<arg>SJ</arg>
<arg>SK</arg>
<arg>SL</arg>
<arg>SM</arg>
<arg>SN</arg>
<arg>SO</arg>
<arg>SR</arg>
<arg>SS</arg>
<arg>ST</arg>
<arg>SV</arg>
<arg>SX</arg>
<arg>SY</arg>
<arg>SZ</arg>
<arg>TC</arg>
<arg>TD</arg>
<arg>TF</arg>
<arg>TG</arg>
<arg>TH</arg>
<arg>TJ</arg>
<arg>TK</arg>
<arg>TL</arg>
<arg>TM</arg>
<arg>TN</arg>
<arg>TO</arg>
<arg>TR</arg>
<arg>TT</arg>
<arg>TV</arg>
<arg>TW</arg>
<arg>TZ</arg>
<arg>UA</arg>
<arg>UG</arg>
<arg>UM</arg>
<arg>US</arg>
<arg>UY</arg>
<arg>UZ</arg>
<arg>VA</arg>
<arg>VC</arg>
<arg>VE</arg>
<arg>VG</arg>
<arg>VI</arg>
<arg>VN</arg>
<arg>VU</arg>
<arg>WF</arg>
<arg>WS</arg>
<arg>XK</arg>
<arg>YE</arg>
<arg>YT</arg>
<arg>ZA</arg>
<arg>ZM</arg>
<arg>ZW</arg>
<doc>Returns a list containing given items.</doc>
<status status="PASS" start="2024-07-17T05:15:05.820851" elapsed="0.000611"/>
</kw>
<kw name="List Should Contain Value" owner="Collections">
<arg>${list_country}</arg>
<arg>${name_country}</arg>
<doc>Fails if the ``value`` is not found from ``list``.</doc>
<status status="PASS" start="2024-07-17T05:15:05.822288" elapsed="0.000207"/>
</kw>
<kw name="Run Keyword If" owner="BuiltIn">
<kw name="Should Be True" owner="BuiltIn">
<arg>${True}</arg>
<doc>Fails if the given condition is not true.</doc>
<status status="PASS" start="2024-07-17T05:15:05.823423" elapsed="0.000138"/>
</kw>
<arg>${json_data["results"][0]["location"]["coordinates"]["latitude"]} &gt;= -90 and ${json_data["results"][0]["location"]["coordinates"]["latitude"]} &lt;= 90</arg>
<arg>Should Be True</arg>
<arg>${True}</arg>
<doc>Runs the given keyword with the given arguments, if ``condition`` is true.</doc>
<status status="PASS" start="2024-07-17T05:15:05.822687" elapsed="0.000997"/>
</kw>
<kw name="Run Keyword If" owner="BuiltIn">
<kw name="Should Be True" owner="BuiltIn">
<arg>${True}</arg>
<doc>Fails if the given condition is not true.</doc>
<status status="PASS" start="2024-07-17T05:15:05.824547" elapsed="0.000134"/>
</kw>
<arg>${json_data["results"][0]["location"]["coordinates"]["longitude"]} &gt;= -180 and ${json_data["results"][0]["location"]["coordinates"]["longitude"]} &lt;= 180</arg>
<arg>Should Be True</arg>
<arg>${True}</arg>
<doc>Runs the given keyword with the given arguments, if ``condition`` is true.</doc>
<status status="PASS" start="2024-07-17T05:15:05.823863" elapsed="0.000940"/>
</kw>
<status status="PASS" start="2024-07-17T05:15:05.707069" elapsed="0.117864"/>
</kw>
<doc>Testa o conteúdo específico dos campos retornados pela API.</doc>
<tag>testeConteudo</tag>
<status status="PASS" start="2024-07-17T05:15:05.706599" elapsed="0.118489"/>
</test>
<status status="PASS" start="2024-07-17T05:15:04.953851" elapsed="0.873256"/>
</suite>
<status status="PASS" start="2024-07-17T05:15:04.939350" elapsed="0.892934"/>
</suite>
<statistics>
<total>
<stat pass="5" fail="0" skip="0">All Tests</stat>
</total>
<tag>
<stat pass="1" fail="0" skip="0">testeConteudo</stat>
<stat pass="1" fail="0" skip="0">testeEstruturaResposta</stat>
<stat pass="1" fail="0" skip="0">testeRequisicaoBasica</stat>
<stat pass="1" fail="0" skip="0">testeTiposDados</stat>
</tag>
<suite>
<stat pass="5" fail="0" skip="0" id="s1" name="Tests">Tests</stat>
<stat pass="5" fail="0" skip="0" id="s1-s1" name="Random-User-Test">Tests.Random-User-Test</stat>
</suite>
</statistics>
<errors>
</errors>
</robot>
