<?xml version="1.0" encoding="UTF-8"?>
<robot generator="Robot 7.0 (Python 3.12.3 on linux)" generated="2024-06-07T13:18:21.351938" rpa="false" schemaversion="5">
<suite id="s1" name="Tests" source="/home/runner/work/ApiRandomUser/ApiRandomUser/RamdonUser/tests">
<suite id="s1-s1" name="Random-User-Test" source="/home/runner/work/ApiRandomUser/ApiRandomUser/RamdonUser/tests/random-user-test.robot">
<test id="s1-s1-t1" name="Conectar" line="13">
<kw name="Conectar API" owner="random-user-service">
<kw name="Create Session" owner="RequestsLibrary">
<msg time="2024-06-07T13:18:21.737304" level="INFO">Creating Session using : alias=consultarAPI, url=https://randomuser.me/, headers={},                     cookies={}, auth=None, timeout=None, proxies=None, verify=False,                     debug=0 </msg>
<arg>consultarAPI</arg>
<arg>${URL}</arg>
<doc>Create Session: create a HTTP session to a server</doc>
<status status="PASS" start="2024-06-07T13:18:21.737101" elapsed="0.000388"/>
</kw>
<status status="PASS" start="2024-06-07T13:18:21.736116" elapsed="0.001739"/>
</kw>
<status status="PASS" start="2024-06-07T13:18:21.735512" elapsed="0.002544"/>
</test>
<test id="s1-s1-t2" name="Validar retorno 200 e JSON Válido" line="16">
<kw name="Teste de Requisicao Basica" owner="random-user-service">
<kw name="GET On Session" owner="RequestsLibrary">
<msg time="2024-06-07T13:18:21.919741" level="INFO">GET Request : url=https://randomuser.me/api 
 path_url=/api 
 headers={'User-Agent': 'python-requests/2.32.3', 'Accept-Encoding': 'gzip, deflate', 'Accept': '*/*', 'Connection': 'keep-alive'} 
 body=None 
 </msg>
<msg time="2024-06-07T13:18:21.919923" level="INFO">GET Response : url=https://randomuser.me/api 
 status=200, reason=OK 
 headers={'Date': 'Fri, 07 Jun 2024 13:18:21 GMT', 'Content-Type': 'application/json; charset=utf-8', 'Transfer-Encoding': 'chunked', 'Connection': 'keep-alive', 'X-Powered-By': 'Express', 'Access-Control-Allow-Origin': '*', 'Cache-Control': 'no-cache', 'ETag': 'W/"4ac-At6f40XeAzekB79uG3ZngBTSwIE"', 'Vary': 'Accept-Encoding', 'Content-Encoding': 'gzip', 'CF-Cache-Status': 'DYNAMIC', 'Report-To': '{"endpoints":[{"url":"https:\\/\\/a.nel.cloudflare.com\\/report\\/v4?s=UIIQDYGmp4oGZyQZGH86GiBxhnYKXC2UiABs3G5OwLQyQzNAPvLFbSnW%2BdN38Ipc8oPvbxNiGmh6SE%2FDTlqauRmRjogM%2FIKkGjf3Ent5WSOXFUqmW3HIcc0VrxeHiouE"}],"group":"cf-nel","max_age":604800}', 'NEL': '{"success_fraction":0,"report_to":"cf-nel","max_age":604800}', 'Server': 'cloudflare', 'CF-RAY': '8900ed7acc7359e0-IAD', 'alt-svc': 'h3=":443"; ma=86400'} 
 body={"results":[{"gender":"male","name":{"title":"Monsieur","first":"Jürg","last":"Perrin"},"location":{"street":{"number":4245,"name":"Rue de L'Abbé-Roger-Derry"},"city":"Sils im Domleschg","state":"Graubünden","country":"Switzerland","postcode":2134,"coordinates":{"latitude":"-61.8622","longitude":"-42.8110"},"timezone":{"offset":"-1:00","description":"Azores, Cape Verde Islands"}},"email":"jurg.perrin@example.com","login":{"uuid":"8c669d62-7fa0-48ce-8036-06452861554c","username":"browngorilla130","password":"494949","salt":"E9NdHW4V","md5":"31a173f42e5626b12559126ba1a3aa0d","sha1":"b6f16c3428be45da8561a5b036e71dc6c360db80","sha256":"1e5f75245aad5bd05ad9e1f9f00de4be13783a41b80408f94c9f45cf6f54ebb3"},"dob":{"date":"1969-06-12T23:23:44.029Z","age":54},"registered":{"date":"2007-04-28T20:00:44.714Z","age":17},"phone":"077 403 32 77","cell":"079 721 06 29","id":{"name":"AVS","value":"756.2218.0401.24"},"picture":{"large":"https://randomuser.me/api/portraits/men/31.jpg","medium":"https://randomuser.me/api/portraits/med/men/31.jpg","thumbnail":"https://randomuser.me/api/portraits/thumb/men/31.jpg"},"nat":"CH"}],"info":{"seed":"366387dfb97d84d4","results":1,"page":1,"version":"1.4"}} 
 </msg>
<msg time="2024-06-07T13:18:21.920023" level="INFO">/opt/hostedtoolcache/Python/3.12.3/x64/lib/python3.12/site-packages/urllib3/connectionpool.py:1103: InsecureRequestWarning: Unverified HTTPS request is being made to host 'randomuser.me'. Adding certificate verification is strongly advised. See: https://urllib3.readthedocs.io/en/latest/advanced-usage.html#tls-warnings
  warnings.warn(</msg>
<msg time="2024-06-07T13:18:21.920188" level="INFO">${response} = &lt;Response [200]&gt;</msg>
<var>${response}</var>
<arg>consultarAPI</arg>
<arg>/api</arg>
<doc>Sends a GET request on a previously created HTTP Session.</doc>
<status status="PASS" start="2024-06-07T13:18:21.740833" elapsed="0.179412"/>
</kw>
<kw name="Should Be Equal As Numbers" owner="BuiltIn">
<msg time="2024-06-07T13:18:21.921216" level="INFO">Argument types are:
&lt;class 'int'&gt;
&lt;class 'str'&gt;</msg>
<arg>${response.status_code}</arg>
<arg>200</arg>
<doc>Fails if objects are unequal after converting them to real numbers.</doc>
<status status="PASS" start="2024-06-07T13:18:21.920751" elapsed="0.000534"/>
</kw>
<kw name="Log" owner="BuiltIn">
<msg time="2024-06-07T13:18:21.921992" level="INFO">200</msg>
<arg>${response.status_code}</arg>
<doc>Logs the given message with the given level.</doc>
<status status="PASS" start="2024-06-07T13:18:21.921629" elapsed="0.000410"/>
</kw>
<kw name="Set Variable" owner="BuiltIn">
<msg time="2024-06-07T13:18:21.922829" level="INFO">${json_data} = {'results': [{'gender': 'male', 'name': {'title': 'Monsieur', 'first': 'Jürg', 'last': 'Perrin'}, 'location': {'street': {'number': 4245, 'name': "Rue de L'Abbé-Roger-Derry"}, 'city': 'Sils im Domlesc...</msg>
<var>${json_data}</var>
<arg>${response.json()}</arg>
<doc>Returns the given values which can then be assigned to a variables.</doc>
<status status="PASS" start="2024-06-07T13:18:21.922357" elapsed="0.000505"/>
</kw>
<kw name="Dictionary Should Contain Key" owner="Collections">
<msg time="2024-06-07T13:18:21.923351" level="INFO">False</msg>
<arg>${json_data}</arg>
<arg>results</arg>
<doc>Fails if ``key`` is not found from ``dictionary``.</doc>
<status status="PASS" start="2024-06-07T13:18:21.923181" elapsed="0.000209"/>
</kw>
<status status="PASS" start="2024-06-07T13:18:21.740585" elapsed="0.183063"/>
</kw>
<doc>Testa se a API responde corretamente e retorna um objeto JSON válido.</doc>
<tag>testeRequisicaoBasica</tag>
<status status="PASS" start="2024-06-07T13:18:21.740055" elapsed="0.183776"/>
</test>
<test id="s1-s1-t3" name="Validar estrutura de resposta" line="22">
<kw name="Teste de Estrutura de Resposta" owner="random-user-service">
<kw name="GET On Session" owner="RequestsLibrary">
<msg time="2024-06-07T13:18:22.016292" level="INFO">GET Request : url=https://randomuser.me/api 
 path_url=/api 
 headers={'User-Agent': 'python-requests/2.32.3', 'Accept-Encoding': 'gzip, deflate', 'Accept': '*/*', 'Connection': 'keep-alive'} 
 body=None 
 </msg>
<msg time="2024-06-07T13:18:22.016358" level="INFO">GET Response : url=https://randomuser.me/api 
 status=200, reason=OK 
 headers={'Date': 'Fri, 07 Jun 2024 13:18:22 GMT', 'Content-Type': 'application/json; charset=utf-8', 'Transfer-Encoding': 'chunked', 'Connection': 'keep-alive', 'X-Powered-By': 'Express', 'Access-Control-Allow-Origin': '*', 'Cache-Control': 'no-cache', 'ETag': 'W/"475-K1KxmEjTQEjq2rL/3Q3bWQTBoQE"', 'Vary': 'Accept-Encoding', 'Content-Encoding': 'gzip', 'CF-Cache-Status': 'DYNAMIC', 'Report-To': '{"endpoints":[{"url":"https:\\/\\/a.nel.cloudflare.com\\/report\\/v4?s=JtJanRcKnmTOsL7QzdpUHzgO0F9Id%2BuMCjH8rwgsDsgVnWK4TObX6Gp7UeEPNlBc15xq6vagU1ZtiZYMdS4HHbb4hj8Q0ZqUbFztoFd3NDU0hkf7%2F3ClkHZkB7cTXB33"}],"group":"cf-nel","max_age":604800}', 'NEL': '{"success_fraction":0,"report_to":"cf-nel","max_age":604800}', 'Server': 'cloudflare', 'CF-RAY': '8900ed7b0cb459e0-IAD', 'alt-svc': 'h3=":443"; ma=86400'} 
 body={"results":[{"gender":"male","name":{"title":"Mr","first":"Tony","last":"Reed"},"location":{"street":{"number":4862,"name":"Galway Road"},"city":"Sallins","state":"Monaghan","country":"Ireland","postcode":94633,"coordinates":{"latitude":"2.4133","longitude":"-62.9918"},"timezone":{"offset":"-8:00","description":"Pacific Time (US &amp; Canada)"}},"email":"tony.reed@example.com","login":{"uuid":"fc273dbf-70ba-467e-a9dc-58ebd9d2bbf8","username":"smallrabbit386","password":"marines","salt":"EcTQxD6O","md5":"cc88e82a6ee96ed1093348f4d8633329","sha1":"20644102c2a23aac87bf84effc6e467dbf77f92d","sha256":"c095dae68fd957c20ac16ac550e547cf4ecea7abb8f5d04431ffc8e6824d3de6"},"dob":{"date":"1974-09-13T04:01:29.631Z","age":49},"registered":{"date":"2020-10-27T07:41:31.576Z","age":3},"phone":"061-681-7795","cell":"081-317-9621","id":{"name":"PPS","value":"3949936T"},"picture":{"large":"https://randomuser.me/api/portraits/men/73.jpg","medium":"https://randomuser.me/api/portraits/med/men/73.jpg","thumbnail":"https://randomuser.me/api/portraits/thumb/men/73.jpg"},"nat":"IE"}],"info":{"seed":"3d2f2436530ecbea","results":1,"page":1,"version":"1.4"}} 
 </msg>
<msg time="2024-06-07T13:18:22.016454" level="INFO">/opt/hostedtoolcache/Python/3.12.3/x64/lib/python3.12/site-packages/urllib3/connectionpool.py:1103: InsecureRequestWarning: Unverified HTTPS request is being made to host 'randomuser.me'. Adding certificate verification is strongly advised. See: https://urllib3.readthedocs.io/en/latest/advanced-usage.html#tls-warnings
  warnings.warn(</msg>
<msg time="2024-06-07T13:18:22.016546" level="INFO">${response} = &lt;Response [200]&gt;</msg>
<var>${response}</var>
<arg>consultarAPI</arg>
<arg>/api</arg>
<doc>Sends a GET request on a previously created HTTP Session.</doc>
<status status="PASS" start="2024-06-07T13:18:21.926444" elapsed="0.090136"/>
</kw>
<kw name="Set Variable" owner="BuiltIn">
<msg time="2024-06-07T13:18:22.017413" level="INFO">${json_data} = {'results': [{'gender': 'male', 'name': {'title': 'Mr', 'first': 'Tony', 'last': 'Reed'}, 'location': {'street': {'number': 4862, 'name': 'Galway Road'}, 'city': 'Sallins', 'state': 'Monaghan', 'count...</msg>
<var>${json_data}</var>
<arg>${response.json()}</arg>
<doc>Returns the given values which can then be assigned to a variables.</doc>
<status status="PASS" start="2024-06-07T13:18:22.016955" elapsed="0.000489"/>
</kw>
<kw name="Log" owner="BuiltIn">
<msg time="2024-06-07T13:18:22.017909" level="INFO">{'results': [{'gender': 'male', 'name': {'title': 'Mr', 'first': 'Tony', 'last': 'Reed'}, 'location': {'street': {'number': 4862, 'name': 'Galway Road'}, 'city': 'Sallins', 'state': 'Monaghan', 'country': 'Ireland', 'postcode': 94633, 'coordinates': {'latitude': '2.4133', 'longitude': '-62.9918'}, 'timezone': {'offset': '-8:00', 'description': 'Pacific Time (US &amp; Canada)'}}, 'email': 'tony.reed@example.com', 'login': {'uuid': 'fc273dbf-70ba-467e-a9dc-58ebd9d2bbf8', 'username': 'smallrabbit386', 'password': 'marines', 'salt': 'EcTQxD6O', 'md5': 'cc88e82a6ee96ed1093348f4d8633329', 'sha1': '20644102c2a23aac87bf84effc6e467dbf77f92d', 'sha256': 'c095dae68fd957c20ac16ac550e547cf4ecea7abb8f5d04431ffc8e6824d3de6'}, 'dob': {'date': '1974-09-13T04:01:29.631Z', 'age': 49}, 'registered': {'date': '2020-10-27T07:41:31.576Z', 'age': 3}, 'phone': '061-681-7795', 'cell': '081-317-9621', 'id': {'name': 'PPS', 'value': '3949936T'}, 'picture': {'large': 'https://randomuser.me/api/portraits/men/73.jpg', 'medium': 'https://randomuser.me/api/portraits/med/men/73.jpg', 'thumbnail': 'https://randomuser.me/api/portraits/thumb/men/73.jpg'}, 'nat': 'IE'}], 'info': {'seed': '3d2f2436530ecbea', 'results': 1, 'page': 1, 'version': '1.4'}}</msg>
<arg>${json_data}</arg>
<doc>Logs the given message with the given level.</doc>
<status status="PASS" start="2024-06-07T13:18:22.017753" elapsed="0.000211"/>
</kw>
<kw name="Dictionary Should Contain Key" owner="Collections">
<msg time="2024-06-07T13:18:22.018416" level="INFO">False</msg>
<arg>${json_data}</arg>
<arg>results</arg>
<doc>Fails if ``key`` is not found from ``dictionary``.</doc>
<status status="PASS" start="2024-06-07T13:18:22.018259" elapsed="0.000195"/>
</kw>
<kw name="Should Not Be Empty" owner="BuiltIn">
<msg time="2024-06-07T13:18:22.018922" level="INFO">Length is 2.</msg>
<arg>${json_data}</arg>
<doc>Verifies that the given item is not empty.</doc>
<status status="PASS" start="2024-06-07T13:18:22.018748" elapsed="0.000214"/>
</kw>
<kw name="Create List" owner="BuiltIn">
<msg time="2024-06-07T13:18:22.019548" level="INFO">${expected_keys} = ['gender', 'name', 'location', 'email', 'login']</msg>
<var>${expected_keys}</var>
<arg>gender</arg>
<arg>name</arg>
<arg>location</arg>
<arg>email</arg>
<arg>login</arg>
<doc>Returns a list containing given items.</doc>
<status status="PASS" start="2024-06-07T13:18:22.019255" elapsed="0.000318"/>
</kw>
<for flavor="IN">
<iter>
<kw name="Dictionary Should Contain Key" owner="Collections">
<msg time="2024-06-07T13:18:22.020562" level="INFO">False</msg>
<arg>${json_data['results'][0]}</arg>
<arg>${key}</arg>
<doc>Fails if ``key`` is not found from ``dictionary``.</doc>
<status status="PASS" start="2024-06-07T13:18:22.020171" elapsed="0.000430"/>
</kw>
<kw name="Log" owner="BuiltIn">
<msg time="2024-06-07T13:18:22.021265" level="INFO">{'gender': 'male', 'name': {'title': 'Mr', 'first': 'Tony', 'last': 'Reed'}, 'location': {'street': {'number': 4862, 'name': 'Galway Road'}, 'city': 'Sallins', 'state': 'Monaghan', 'country': 'Ireland', 'postcode': 94633, 'coordinates': {'latitude': '2.4133', 'longitude': '-62.9918'}, 'timezone': {'offset': '-8:00', 'description': 'Pacific Time (US &amp; Canada)'}}, 'email': 'tony.reed@example.com', 'login': {'uuid': 'fc273dbf-70ba-467e-a9dc-58ebd9d2bbf8', 'username': 'smallrabbit386', 'password': 'marines', 'salt': 'EcTQxD6O', 'md5': 'cc88e82a6ee96ed1093348f4d8633329', 'sha1': '20644102c2a23aac87bf84effc6e467dbf77f92d', 'sha256': 'c095dae68fd957c20ac16ac550e547cf4ecea7abb8f5d04431ffc8e6824d3de6'}, 'dob': {'date': '1974-09-13T04:01:29.631Z', 'age': 49}, 'registered': {'date': '2020-10-27T07:41:31.576Z', 'age': 3}, 'phone': '061-681-7795', 'cell': '081-317-9621', 'id': {'name': 'PPS', 'value': '3949936T'}, 'picture': {'large': 'https://randomuser.me/api/portraits/men/73.jpg', 'medium': 'https://randomuser.me/api/portraits/med/men/73.jpg', 'thumbnail': 'https://randomuser.me/api/portraits/thumb/men/73.jpg'}, 'nat': 'IE'}</msg>
<arg>${json_data['results'][0]}</arg>
<doc>Logs the given message with the given level.</doc>
<status status="PASS" start="2024-06-07T13:18:22.020899" elapsed="0.000417"/>
</kw>
<kw name="Log" owner="BuiltIn">
<msg time="2024-06-07T13:18:22.021739" level="INFO">gender</msg>
<arg>${key}</arg>
<doc>Logs the given message with the given level.</doc>
<status status="PASS" start="2024-06-07T13:18:22.021610" elapsed="0.000167"/>
</kw>
<var name="${key}">gender</var>
<status status="PASS" start="2024-06-07T13:18:22.020043" elapsed="0.001959"/>
</iter>
<iter>
<kw name="Dictionary Should Contain Key" owner="Collections">
<msg time="2024-06-07T13:18:22.022691" level="INFO">False</msg>
<arg>${json_data['results'][0]}</arg>
<arg>${key}</arg>
<doc>Fails if ``key`` is not found from ``dictionary``.</doc>
<status status="PASS" start="2024-06-07T13:18:22.022305" elapsed="0.000423"/>
</kw>
<kw name="Log" owner="BuiltIn">
<msg time="2024-06-07T13:18:22.023449" level="INFO">{'gender': 'male', 'name': {'title': 'Mr', 'first': 'Tony', 'last': 'Reed'}, 'location': {'street': {'number': 4862, 'name': 'Galway Road'}, 'city': 'Sallins', 'state': 'Monaghan', 'country': 'Ireland', 'postcode': 94633, 'coordinates': {'latitude': '2.4133', 'longitude': '-62.9918'}, 'timezone': {'offset': '-8:00', 'description': 'Pacific Time (US &amp; Canada)'}}, 'email': 'tony.reed@example.com', 'login': {'uuid': 'fc273dbf-70ba-467e-a9dc-58ebd9d2bbf8', 'username': 'smallrabbit386', 'password': 'marines', 'salt': 'EcTQxD6O', 'md5': 'cc88e82a6ee96ed1093348f4d8633329', 'sha1': '20644102c2a23aac87bf84effc6e467dbf77f92d', 'sha256': 'c095dae68fd957c20ac16ac550e547cf4ecea7abb8f5d04431ffc8e6824d3de6'}, 'dob': {'date': '1974-09-13T04:01:29.631Z', 'age': 49}, 'registered': {'date': '2020-10-27T07:41:31.576Z', 'age': 3}, 'phone': '061-681-7795', 'cell': '081-317-9621', 'id': {'name': 'PPS', 'value': '3949936T'}, 'picture': {'large': 'https://randomuser.me/api/portraits/men/73.jpg', 'medium': 'https://randomuser.me/api/portraits/med/men/73.jpg', 'thumbnail': 'https://randomuser.me/api/portraits/thumb/men/73.jpg'}, 'nat': 'IE'}</msg>
<arg>${json_data['results'][0]}</arg>
<doc>Logs the given message with the given level.</doc>
<status status="PASS" start="2024-06-07T13:18:22.023091" elapsed="0.000407"/>
</kw>
<kw name="Log" owner="BuiltIn">
<msg time="2024-06-07T13:18:22.023919" level="INFO">name</msg>
<arg>${key}</arg>
<doc>Logs the given message with the given level.</doc>
<status status="PASS" start="2024-06-07T13:18:22.023792" elapsed="0.000163"/>
</kw>
<var name="${key}">name</var>
<status status="PASS" start="2024-06-07T13:18:22.022189" elapsed="0.001986"/>
</iter>
<iter>
<kw name="Dictionary Should Contain Key" owner="Collections">
<msg time="2024-06-07T13:18:22.024839" level="INFO">False</msg>
<arg>${json_data['results'][0]}</arg>
<arg>${key}</arg>
<doc>Fails if ``key`` is not found from ``dictionary``.</doc>
<status status="PASS" start="2024-06-07T13:18:22.024468" elapsed="0.000408"/>
</kw>
<kw name="Log" owner="BuiltIn">
<msg time="2024-06-07T13:18:22.025522" level="INFO">{'gender': 'male', 'name': {'title': 'Mr', 'first': 'Tony', 'last': 'Reed'}, 'location': {'street': {'number': 4862, 'name': 'Galway Road'}, 'city': 'Sallins', 'state': 'Monaghan', 'country': 'Ireland', 'postcode': 94633, 'coordinates': {'latitude': '2.4133', 'longitude': '-62.9918'}, 'timezone': {'offset': '-8:00', 'description': 'Pacific Time (US &amp; Canada)'}}, 'email': 'tony.reed@example.com', 'login': {'uuid': 'fc273dbf-70ba-467e-a9dc-58ebd9d2bbf8', 'username': 'smallrabbit386', 'password': 'marines', 'salt': 'EcTQxD6O', 'md5': 'cc88e82a6ee96ed1093348f4d8633329', 'sha1': '20644102c2a23aac87bf84effc6e467dbf77f92d', 'sha256': 'c095dae68fd957c20ac16ac550e547cf4ecea7abb8f5d04431ffc8e6824d3de6'}, 'dob': {'date': '1974-09-13T04:01:29.631Z', 'age': 49}, 'registered': {'date': '2020-10-27T07:41:31.576Z', 'age': 3}, 'phone': '061-681-7795', 'cell': '081-317-9621', 'id': {'name': 'PPS', 'value': '3949936T'}, 'picture': {'large': 'https://randomuser.me/api/portraits/men/73.jpg', 'medium': 'https://randomuser.me/api/portraits/med/men/73.jpg', 'thumbnail': 'https://randomuser.me/api/portraits/thumb/men/73.jpg'}, 'nat': 'IE'}</msg>
<arg>${json_data['results'][0]}</arg>
<doc>Logs the given message with the given level.</doc>
<status status="PASS" start="2024-06-07T13:18:22.025169" elapsed="0.000403"/>
</kw>
<kw name="Log" owner="BuiltIn">
<msg time="2024-06-07T13:18:22.026001" level="INFO">location</msg>
<arg>${key}</arg>
<doc>Logs the given message with the given level.</doc>
<status status="PASS" start="2024-06-07T13:18:22.025873" elapsed="0.000166"/>
</kw>
<var name="${key}">location</var>
<status status="PASS" start="2024-06-07T13:18:22.024355" elapsed="0.001899"/>
</iter>
<iter>
<kw name="Dictionary Should Contain Key" owner="Collections">
<msg time="2024-06-07T13:18:22.026960" level="INFO">False</msg>
<arg>${json_data['results'][0]}</arg>
<arg>${key}</arg>
<doc>Fails if ``key`` is not found from ``dictionary``.</doc>
<status status="PASS" start="2024-06-07T13:18:22.026542" elapsed="0.000456"/>
</kw>
<kw name="Log" owner="BuiltIn">
<msg time="2024-06-07T13:18:22.027655" level="INFO">{'gender': 'male', 'name': {'title': 'Mr', 'first': 'Tony', 'last': 'Reed'}, 'location': {'street': {'number': 4862, 'name': 'Galway Road'}, 'city': 'Sallins', 'state': 'Monaghan', 'country': 'Ireland', 'postcode': 94633, 'coordinates': {'latitude': '2.4133', 'longitude': '-62.9918'}, 'timezone': {'offset': '-8:00', 'description': 'Pacific Time (US &amp; Canada)'}}, 'email': 'tony.reed@example.com', 'login': {'uuid': 'fc273dbf-70ba-467e-a9dc-58ebd9d2bbf8', 'username': 'smallrabbit386', 'password': 'marines', 'salt': 'EcTQxD6O', 'md5': 'cc88e82a6ee96ed1093348f4d8633329', 'sha1': '20644102c2a23aac87bf84effc6e467dbf77f92d', 'sha256': 'c095dae68fd957c20ac16ac550e547cf4ecea7abb8f5d04431ffc8e6824d3de6'}, 'dob': {'date': '1974-09-13T04:01:29.631Z', 'age': 49}, 'registered': {'date': '2020-10-27T07:41:31.576Z', 'age': 3}, 'phone': '061-681-7795', 'cell': '081-317-9621', 'id': {'name': 'PPS', 'value': '3949936T'}, 'picture': {'large': 'https://randomuser.me/api/portraits/men/73.jpg', 'medium': 'https://randomuser.me/api/portraits/med/men/73.jpg', 'thumbnail': 'https://randomuser.me/api/portraits/thumb/men/73.jpg'}, 'nat': 'IE'}</msg>
<arg>${json_data['results'][0]}</arg>
<doc>Logs the given message with the given level.</doc>
<status status="PASS" start="2024-06-07T13:18:22.027292" elapsed="0.000414"/>
</kw>
<kw name="Log" owner="BuiltIn">
<msg time="2024-06-07T13:18:22.028129" level="INFO">email</msg>
<arg>${key}</arg>
<doc>Logs the given message with the given level.</doc>
<status status="PASS" start="2024-06-07T13:18:22.028000" elapsed="0.000167"/>
</kw>
<var name="${key}">email</var>
<status status="PASS" start="2024-06-07T13:18:22.026426" elapsed="0.001956"/>
</iter>
<iter>
<kw name="Dictionary Should Contain Key" owner="Collections">
<msg time="2024-06-07T13:18:22.029051" level="INFO">False</msg>
<arg>${json_data['results'][0]}</arg>
<arg>${key}</arg>
<doc>Fails if ``key`` is not found from ``dictionary``.</doc>
<status status="PASS" start="2024-06-07T13:18:22.028666" elapsed="0.000423"/>
</kw>
<kw name="Log" owner="BuiltIn">
<msg time="2024-06-07T13:18:22.029740" level="INFO">{'gender': 'male', 'name': {'title': 'Mr', 'first': 'Tony', 'last': 'Reed'}, 'location': {'street': {'number': 4862, 'name': 'Galway Road'}, 'city': 'Sallins', 'state': 'Monaghan', 'country': 'Ireland', 'postcode': 94633, 'coordinates': {'latitude': '2.4133', 'longitude': '-62.9918'}, 'timezone': {'offset': '-8:00', 'description': 'Pacific Time (US &amp; Canada)'}}, 'email': 'tony.reed@example.com', 'login': {'uuid': 'fc273dbf-70ba-467e-a9dc-58ebd9d2bbf8', 'username': 'smallrabbit386', 'password': 'marines', 'salt': 'EcTQxD6O', 'md5': 'cc88e82a6ee96ed1093348f4d8633329', 'sha1': '20644102c2a23aac87bf84effc6e467dbf77f92d', 'sha256': 'c095dae68fd957c20ac16ac550e547cf4ecea7abb8f5d04431ffc8e6824d3de6'}, 'dob': {'date': '1974-09-13T04:01:29.631Z', 'age': 49}, 'registered': {'date': '2020-10-27T07:41:31.576Z', 'age': 3}, 'phone': '061-681-7795', 'cell': '081-317-9621', 'id': {'name': 'PPS', 'value': '3949936T'}, 'picture': {'large': 'https://randomuser.me/api/portraits/men/73.jpg', 'medium': 'https://randomuser.me/api/portraits/med/men/73.jpg', 'thumbnail': 'https://randomuser.me/api/portraits/thumb/men/73.jpg'}, 'nat': 'IE'}</msg>
<arg>${json_data['results'][0]}</arg>
<doc>Logs the given message with the given level.</doc>
<status status="PASS" start="2024-06-07T13:18:22.029383" elapsed="0.000406"/>
</kw>
<kw name="Log" owner="BuiltIn">
<msg time="2024-06-07T13:18:22.030206" level="INFO">login</msg>
<arg>${key}</arg>
<doc>Logs the given message with the given level.</doc>
<status status="PASS" start="2024-06-07T13:18:22.030078" elapsed="0.000166"/>
</kw>
<var name="${key}">login</var>
<status status="PASS" start="2024-06-07T13:18:22.028555" elapsed="0.001903"/>
</iter>
<var>${key}</var>
<value>@{expected_keys}</value>
<status status="PASS" start="2024-06-07T13:18:22.019846" elapsed="0.010760"/>
</for>
<kw name="Create List" owner="BuiltIn">
<msg time="2024-06-07T13:18:22.030996" level="INFO">${expected_keysTwo} = ['username', 'password']</msg>
<var>${expected_keysTwo}</var>
<arg>username</arg>
<arg>password</arg>
<doc>Returns a list containing given items.</doc>
<status status="PASS" start="2024-06-07T13:18:22.030837" elapsed="0.000183"/>
</kw>
<for flavor="IN">
<iter>
<kw name="Dictionary Should Contain Key" owner="Collections">
<msg time="2024-06-07T13:18:22.031908" level="INFO">False</msg>
<arg>${json_data['results'][0]['login']}</arg>
<arg>${keyTwo}</arg>
<doc>Fails if ``key`` is not found from ``dictionary``.</doc>
<status status="PASS" start="2024-06-07T13:18:22.031523" elapsed="0.000421"/>
</kw>
<kw name="Dictionary Should Contain Key" owner="Collections">
<msg time="2024-06-07T13:18:22.032618" level="INFO">False</msg>
<arg>${json_data['results'][0]['login']}</arg>
<arg>${keyTwo}</arg>
<doc>Fails if ``key`` is not found from ``dictionary``.</doc>
<status status="PASS" start="2024-06-07T13:18:22.032235" elapsed="0.000421"/>
</kw>
<kw name="Log" owner="BuiltIn">
<msg time="2024-06-07T13:18:22.033070" level="INFO">username</msg>
<arg>${keyTwo}</arg>
<doc>Logs the given message with the given level.</doc>
<status status="PASS" start="2024-06-07T13:18:22.032943" elapsed="0.000164"/>
</kw>
<var name="${keyTwo}">username</var>
<status status="PASS" start="2024-06-07T13:18:22.031412" elapsed="0.001907"/>
</iter>
<iter>
<kw name="Dictionary Should Contain Key" owner="Collections">
<msg time="2024-06-07T13:18:22.033986" level="INFO">False</msg>
<arg>${json_data['results'][0]['login']}</arg>
<arg>${keyTwo}</arg>
<doc>Fails if ``key`` is not found from ``dictionary``.</doc>
<status status="PASS" start="2024-06-07T13:18:22.033605" elapsed="0.000417"/>
</kw>
<kw name="Dictionary Should Contain Key" owner="Collections">
<msg time="2024-06-07T13:18:22.034773" level="INFO">False</msg>
<arg>${json_data['results'][0]['login']}</arg>
<arg>${keyTwo}</arg>
<doc>Fails if ``key`` is not found from ``dictionary``.</doc>
<status status="PASS" start="2024-06-07T13:18:22.034315" elapsed="0.000519"/>
</kw>
<kw name="Log" owner="BuiltIn">
<msg time="2024-06-07T13:18:22.035268" level="INFO">password</msg>
<arg>${keyTwo}</arg>
<doc>Logs the given message with the given level.</doc>
<status status="PASS" start="2024-06-07T13:18:22.035140" elapsed="0.000164"/>
</kw>
<var name="${keyTwo}">password</var>
<status status="PASS" start="2024-06-07T13:18:22.033488" elapsed="0.002033"/>
</iter>
<var>${keyTwo}</var>
<value>@{expected_keysTwo}</value>
<status status="PASS" start="2024-06-07T13:18:22.031260" elapsed="0.004390"/>
</for>
<status status="PASS" start="2024-06-07T13:18:21.926205" elapsed="0.109589"/>
</kw>
<doc>Testa a estrutura da resposta da API.</doc>
<tag>testeEstruturaResposta</tag>
<status status="PASS" start="2024-06-07T13:18:21.925670" elapsed="0.110284"/>
</test>
<test id="s1-s1-t4" name="Validar tipos de dados" line="28">
<kw name="Teste de Tipos de Dados" owner="random-user-service">
<kw name="GET On Session" owner="RequestsLibrary">
<msg time="2024-06-07T13:18:22.117031" level="INFO">GET Request : url=https://randomuser.me/api 
 path_url=/api 
 headers={'User-Agent': 'python-requests/2.32.3', 'Accept-Encoding': 'gzip, deflate', 'Accept': '*/*', 'Connection': 'keep-alive'} 
 body=None 
 </msg>
<msg time="2024-06-07T13:18:22.117123" level="INFO">GET Response : url=https://randomuser.me/api 
 status=200, reason=OK 
 headers={'Date': 'Fri, 07 Jun 2024 13:18:22 GMT', 'Content-Type': 'application/json; charset=utf-8', 'Transfer-Encoding': 'chunked', 'Connection': 'keep-alive', 'X-Powered-By': 'Express', 'Access-Control-Allow-Origin': '*', 'Cache-Control': 'no-cache', 'ETag': 'W/"49c-+hv+OIDL5VZojd0lLLA64bNHTQE"', 'Vary': 'Accept-Encoding', 'Content-Encoding': 'gzip', 'CF-Cache-Status': 'DYNAMIC', 'Report-To': '{"endpoints":[{"url":"https:\\/\\/a.nel.cloudflare.com\\/report\\/v4?s=R0eTW%2F3CiX45sKESCFHg3maROpFtzM8OIAI0frIZDG0ZLXsQmafcgM%2FYKo2KOAf4ifSudMe9O3nF8ukHOM8PIy03ePYoKvWXBJjfp2O8e39nQEfuToiCayCA44vssVPA"}],"group":"cf-nel","max_age":604800}', 'NEL': '{"success_fraction":0,"report_to":"cf-nel","max_age":604800}', 'Server': 'cloudflare', 'CF-RAY': '8900ed7bcd7259e0-IAD', 'alt-svc': 'h3=":443"; ma=86400'} 
 body={"results":[{"gender":"male","name":{"title":"Mr","first":"René","last":"Villa"},"location":{"street":{"number":4081,"name":"Viaducto Tirado"},"city":"Bajamar","state":"Baja California","country":"Mexico","postcode":98940,"coordinates":{"latitude":"24.4077","longitude":"-170.3369"},"timezone":{"offset":"+10:00","description":"Eastern Australia, Guam, Vladivostok"}},"email":"rene.villa@example.com","login":{"uuid":"dff6f10f-2f8a-454c-839a-f047ccb353c9","username":"organicmouse974","password":"college","salt":"l7HNwqXG","md5":"c5a7de82571749ed847ef5d49fa5715f","sha1":"27882fce22ddfb57c8be9391bf927f17788908f0","sha256":"492685e38313d75c5315025876b725083c9255cacee66b5718727ff0f2650e21"},"dob":{"date":"1948-03-07T11:20:23.025Z","age":76},"registered":{"date":"2007-08-06T04:05:16.962Z","age":16},"phone":"(677) 623 2853","cell":"(695) 593 0706","id":{"name":"NSS","value":"75 85 12 3904 0"},"picture":{"large":"https://randomuser.me/api/portraits/men/47.jpg","medium":"https://randomuser.me/api/portraits/med/men/47.jpg","thumbnail":"https://randomuser.me/api/portraits/thumb/men/47.jpg"},"nat":"MX"}],"info":{"seed":"c6bb31acf5c4f907","results":1,"page":1,"version":"1.4"}} 
 </msg>
<msg time="2024-06-07T13:18:22.117223" level="INFO">/opt/hostedtoolcache/Python/3.12.3/x64/lib/python3.12/site-packages/urllib3/connectionpool.py:1103: InsecureRequestWarning: Unverified HTTPS request is being made to host 'randomuser.me'. Adding certificate verification is strongly advised. See: https://urllib3.readthedocs.io/en/latest/advanced-usage.html#tls-warnings
  warnings.warn(</msg>
<msg time="2024-06-07T13:18:22.117362" level="INFO">${response} = &lt;Response [200]&gt;</msg>
<var>${response}</var>
<arg>consultarAPI</arg>
<arg>/api</arg>
<doc>Sends a GET request on a previously created HTTP Session.</doc>
<status status="PASS" start="2024-06-07T13:18:22.038381" elapsed="0.079026"/>
</kw>
<kw name="Set Variable" owner="BuiltIn">
<msg time="2024-06-07T13:18:22.118842" level="INFO">${json_data} = {'results': [{'gender': 'male', 'name': {'title': 'Mr', 'first': 'René', 'last': 'Villa'}, 'location': {'street': {'number': 4081, 'name': 'Viaducto Tirado'}, 'city': 'Bajamar', 'state': 'Baja Califor...</msg>
<var>${json_data}</var>
<arg>${response.json()}</arg>
<doc>Returns the given values which can then be assigned to a variables.</doc>
<status status="PASS" start="2024-06-07T13:18:22.118084" elapsed="0.000824"/>
</kw>
<kw name="Log" owner="BuiltIn">
<msg time="2024-06-07T13:18:22.119576" level="INFO">{'results': [{'gender': 'male', 'name': {'title': 'Mr', 'first': 'René', 'last': 'Villa'}, 'location': {'street': {'number': 4081, 'name': 'Viaducto Tirado'}, 'city': 'Bajamar', 'state': 'Baja California', 'country': 'Mexico', 'postcode': 98940, 'coordinates': {'latitude': '24.4077', 'longitude': '-170.3369'}, 'timezone': {'offset': '+10:00', 'description': 'Eastern Australia, Guam, Vladivostok'}}, 'email': 'rene.villa@example.com', 'login': {'uuid': 'dff6f10f-2f8a-454c-839a-f047ccb353c9', 'username': 'organicmouse974', 'password': 'college', 'salt': 'l7HNwqXG', 'md5': 'c5a7de82571749ed847ef5d49fa5715f', 'sha1': '27882fce22ddfb57c8be9391bf927f17788908f0', 'sha256': '492685e38313d75c5315025876b725083c9255cacee66b5718727ff0f2650e21'}, 'dob': {'date': '1948-03-07T11:20:23.025Z', 'age': 76}, 'registered': {'date': '2007-08-06T04:05:16.962Z', 'age': 16}, 'phone': '(677) 623 2853', 'cell': '(695) 593 0706', 'id': {'name': 'NSS', 'value': '75 85 12 3904 0'}, 'picture': {'large': 'https://randomuser.me/api/portraits/men/47.jpg', 'medium': 'https://randomuser.me/api/portraits/med/men/47.jpg', 'thumbnail': 'https://randomuser.me/api/portraits/thumb/men/47.jpg'}, 'nat': 'MX'}], 'info': {'seed': 'c6bb31acf5c4f907', 'results': 1, 'page': 1, 'version': '1.4'}}</msg>
<arg>${json_data}</arg>
<doc>Logs the given message with the given level.</doc>
<status status="PASS" start="2024-06-07T13:18:22.119373" elapsed="0.000292"/>
</kw>
<kw name="Should Be String" owner="String">
<arg>${json_data['results'][0]['gender']}</arg>
<doc>Fails if the given ``item`` is not a string.</doc>
<status status="PASS" start="2024-06-07T13:18:22.120027" elapsed="0.000411"/>
</kw>
<kw name="Should Match Regexp" owner="BuiltIn">
<arg>${json_data['results'][0]['email']}</arg>
<arg>^[a-zA-Z0-9._%+-]+@[a-zA-Z0-9.-]+\.[a-zA-Z]{2,}$</arg>
<doc>Fails if ``string`` does not match ``pattern`` as a regular expression.</doc>
<status status="PASS" start="2024-06-07T13:18:22.120636" elapsed="0.000533"/>
</kw>
<kw name="Should Match Regexp" owner="BuiltIn">
<arg>${json_data['results'][0]['dob']['date']}</arg>
<arg>\\d{4}-\\d{2}-\\d{2}T\\d{2}:\\d{2}:\\d{2}\\.\\d{3}Z</arg>
<doc>Fails if ``string`` does not match ``pattern`` as a regular expression.</doc>
<status status="PASS" start="2024-06-07T13:18:22.121366" elapsed="0.000515"/>
</kw>
<kw name="Should Match Regexp" owner="BuiltIn">
<arg>${json_data['results'][0]['registered']['date']}</arg>
<arg>\\d{4}-\\d{2}-\\d{2}T\\d{2}:\\d{2}:\\d{2}\\.\\d{3}Z</arg>
<doc>Fails if ``string`` does not match ``pattern`` as a regular expression.</doc>
<status status="PASS" start="2024-06-07T13:18:22.122085" elapsed="0.000371"/>
</kw>
<kw name="Should Match Regexp" owner="BuiltIn">
<arg>${json_data['results'][0]['picture']['large']}</arg>
<arg>^https?://.*\.(?:png|jpe?g|gif|bmp)$</arg>
<doc>Fails if ``string`` does not match ``pattern`` as a regular expression.</doc>
<status status="PASS" start="2024-06-07T13:18:22.122644" elapsed="0.000501"/>
</kw>
<kw name="Should Match Regexp" owner="BuiltIn">
<arg>${json_data['results'][0]['picture']['medium']}</arg>
<arg>^https?://.*\.(?:png|jpe?g|gif|bmp)$</arg>
<doc>Fails if ``string`` does not match ``pattern`` as a regular expression.</doc>
<status status="PASS" start="2024-06-07T13:18:22.123338" elapsed="0.000352"/>
</kw>
<kw name="Should Match Regexp" owner="BuiltIn">
<arg>${json_data['results'][0]['picture']['thumbnail']}</arg>
<arg>^https?://.*\.(?:png|jpe?g|gif|bmp)$</arg>
<doc>Fails if ``string`` does not match ``pattern`` as a regular expression.</doc>
<status status="PASS" start="2024-06-07T13:18:22.123882" elapsed="0.000354"/>
</kw>
<kw name="Log" owner="BuiltIn">
<msg time="2024-06-07T13:18:22.124745" level="INFO">{'large': 'https://randomuser.me/api/portraits/men/47.jpg', 'medium': 'https://randomuser.me/api/portraits/med/men/47.jpg', 'thumbnail': 'https://randomuser.me/api/portraits/thumb/men/47.jpg'}</msg>
<arg>${json_data['results'][0]['picture']}</arg>
<doc>Logs the given message with the given level.</doc>
<status status="PASS" start="2024-06-07T13:18:22.124425" elapsed="0.000361"/>
</kw>
<status status="PASS" start="2024-06-07T13:18:22.038153" elapsed="0.086889"/>
</kw>
<kw name="Teste de Tipos de Dados - Postcode" owner="random-user-service">
<kw name="GET On Session" owner="RequestsLibrary">
<msg time="2024-06-07T13:18:22.222998" level="INFO">GET Request : url=https://randomuser.me/api 
 path_url=/api 
 headers={'User-Agent': 'python-requests/2.32.3', 'Accept-Encoding': 'gzip, deflate', 'Accept': '*/*', 'Connection': 'keep-alive'} 
 body=None 
 </msg>
<msg time="2024-06-07T13:18:22.223078" level="INFO">GET Response : url=https://randomuser.me/api 
 status=200, reason=OK 
 headers={'Date': 'Fri, 07 Jun 2024 13:18:22 GMT', 'Content-Type': 'application/json; charset=utf-8', 'Transfer-Encoding': 'chunked', 'Connection': 'keep-alive', 'X-Powered-By': 'Express', 'Access-Control-Allow-Origin': '*', 'Cache-Control': 'no-cache', 'ETag': 'W/"475-j4pv3CUWNOOzXn1WwyT8bK8MbX4"', 'Vary': 'Accept-Encoding', 'Content-Encoding': 'gzip', 'CF-Cache-Status': 'DYNAMIC', 'Report-To': '{"endpoints":[{"url":"https:\\/\\/a.nel.cloudflare.com\\/report\\/v4?s=pjBhrpD%2B3nodZvmyKz5osoXczNZm85TvDfbx4uVQQND3Pf3vN6P3JPdKlFVCCAyCCX5RmoIJUF%2FMRJ0dzUJb6h7k0GyK1i%2FQWBwkNXljbz4upwl0Naa2i0wxql8J%2FJ%2FU"}],"group":"cf-nel","max_age":604800}', 'NEL': '{"success_fraction":0,"report_to":"cf-nel","max_age":604800}', 'Server': 'cloudflare', 'CF-RAY': '8900ed7c4dd359e0-IAD', 'alt-svc': 'h3=":443"; ma=86400'} 
 body={"results":[{"gender":"female","name":{"title":"Miss","first":"Adeli","last":"Sales"},"location":{"street":{"number":6843,"name":"Rua Doze "},"city":"Gravataí","state":"Bahia","country":"Brazil","postcode":94778,"coordinates":{"latitude":"-77.3043","longitude":"140.5700"},"timezone":{"offset":"+5:45","description":"Kathmandu"}},"email":"adeli.sales@example.com","login":{"uuid":"0e1ca552-f21b-4299-a55b-80e654932192","username":"sadlion139","password":"drums","salt":"igTkJJ3x","md5":"1ffb1de0d55ea65bb48f44e1b93c10a6","sha1":"1638a5a440c38fa54cb48bd727134e9d004e152f","sha256":"d9cf89daaa192c955d636c383d56f9a17f0bc564cba57e3c51a099774af0dd66"},"dob":{"date":"1994-10-24T06:00:56.329Z","age":29},"registered":{"date":"2009-12-04T04:08:18.981Z","age":14},"phone":"(25) 2105-1794","cell":"(19) 9410-1662","id":{"name":"CPF","value":"558.314.390-00"},"picture":{"large":"https://randomuser.me/api/portraits/women/34.jpg","medium":"https://randomuser.me/api/portraits/med/women/34.jpg","thumbnail":"https://randomuser.me/api/portraits/thumb/women/34.jpg"},"nat":"BR"}],"info":{"seed":"eed459ad1faf4aec","results":1,"page":1,"version":"1.4"}} 
 </msg>
<msg time="2024-06-07T13:18:22.223142" level="INFO">/opt/hostedtoolcache/Python/3.12.3/x64/lib/python3.12/site-packages/urllib3/connectionpool.py:1103: InsecureRequestWarning: Unverified HTTPS request is being made to host 'randomuser.me'. Adding certificate verification is strongly advised. See: https://urllib3.readthedocs.io/en/latest/advanced-usage.html#tls-warnings
  warnings.warn(</msg>
<msg time="2024-06-07T13:18:22.223239" level="INFO">${response} = &lt;Response [200]&gt;</msg>
<var>${response}</var>
<arg>consultarAPI</arg>
<arg>/api</arg>
<doc>Sends a GET request on a previously created HTTP Session.</doc>
<status status="PASS" start="2024-06-07T13:18:22.125500" elapsed="0.097768"/>
</kw>
<kw name="Set Variable" owner="BuiltIn">
<msg time="2024-06-07T13:18:22.224319" level="INFO">${json_data} = {'results': [{'gender': 'female', 'name': {'title': 'Miss', 'first': 'Adeli', 'last': 'Sales'}, 'location': {'street': {'number': 6843, 'name': 'Rua Doze '}, 'city': 'Gravataí', 'state': 'Bahia', 'cou...</msg>
<var>${json_data}</var>
<arg>${response.json()}</arg>
<doc>Returns the given values which can then be assigned to a variables.</doc>
<status status="PASS" start="2024-06-07T13:18:22.223778" elapsed="0.000571"/>
</kw>
<kw name="Log" owner="BuiltIn">
<msg time="2024-06-07T13:18:22.224835" level="INFO">{'results': [{'gender': 'female', 'name': {'title': 'Miss', 'first': 'Adeli', 'last': 'Sales'}, 'location': {'street': {'number': 6843, 'name': 'Rua Doze '}, 'city': 'Gravataí', 'state': 'Bahia', 'country': 'Brazil', 'postcode': 94778, 'coordinates': {'latitude': '-77.3043', 'longitude': '140.5700'}, 'timezone': {'offset': '+5:45', 'description': 'Kathmandu'}}, 'email': 'adeli.sales@example.com', 'login': {'uuid': '0e1ca552-f21b-4299-a55b-80e654932192', 'username': 'sadlion139', 'password': 'drums', 'salt': 'igTkJJ3x', 'md5': '1ffb1de0d55ea65bb48f44e1b93c10a6', 'sha1': '1638a5a440c38fa54cb48bd727134e9d004e152f', 'sha256': 'd9cf89daaa192c955d636c383d56f9a17f0bc564cba57e3c51a099774af0dd66'}, 'dob': {'date': '1994-10-24T06:00:56.329Z', 'age': 29}, 'registered': {'date': '2009-12-04T04:08:18.981Z', 'age': 14}, 'phone': '(25) 2105-1794', 'cell': '(19) 9410-1662', 'id': {'name': 'CPF', 'value': '558.314.390-00'}, 'picture': {'large': 'https://randomuser.me/api/portraits/women/34.jpg', 'medium': 'https://randomuser.me/api/portraits/med/women/34.jpg', 'thumbnail': 'https://randomuser.me/api/portraits/thumb/women/34.jpg'}, 'nat': 'BR'}], 'info': {'seed': 'eed459ad1faf4aec', 'results': 1, 'page': 1, 'version': '1.4'}}</msg>
<arg>${json_data}</arg>
<doc>Logs the given message with the given level.</doc>
<status status="PASS" start="2024-06-07T13:18:22.224668" elapsed="0.000250"/>
</kw>
<kw name="Should Be Equal As Numbers" owner="BuiltIn">
<arg>${json_data['results'][0]['location']['postcode']}</arg>
<arg>${json_data['results'][0]['location']['postcode']}</arg>
<doc>Fails if objects are unequal after converting them to real numbers.</doc>
<status status="PASS" start="2024-06-07T13:18:22.225226" elapsed="0.000781"/>
</kw>
<kw name="Log" owner="BuiltIn">
<msg time="2024-06-07T13:18:22.226539" level="INFO">94778</msg>
<arg>${json_data['results'][0]['location']['postcode']}</arg>
<doc>Logs the given message with the given level.</doc>
<status status="PASS" start="2024-06-07T13:18:22.226201" elapsed="0.000378"/>
</kw>
<status status="PASS" start="2024-06-07T13:18:22.125270" elapsed="0.101605"/>
</kw>
<doc>Testa se os tipos de dados na resposta da API estão corretos.</doc>
<tag>testeTiposDados</tag>
<status status="PASS" start="2024-06-07T13:18:22.037704" elapsed="0.189341"/>
</test>
<test id="s1-s1-t5" name="Validar conteudo" line="35">
<kw name="Teste de Tipos de Conteudo" owner="random-user-service">
<kw name="GET On Session" owner="RequestsLibrary">
<msg time="2024-06-07T13:18:22.324555" level="INFO">GET Request : url=https://randomuser.me/api 
 path_url=/api 
 headers={'User-Agent': 'python-requests/2.32.3', 'Accept-Encoding': 'gzip, deflate', 'Accept': '*/*', 'Connection': 'keep-alive'} 
 body=None 
 </msg>
<msg time="2024-06-07T13:18:22.324652" level="INFO">GET Response : url=https://randomuser.me/api 
 status=200, reason=OK 
 headers={'Date': 'Fri, 07 Jun 2024 13:18:22 GMT', 'Content-Type': 'application/json; charset=utf-8', 'Transfer-Encoding': 'chunked', 'Connection': 'keep-alive', 'X-Powered-By': 'Express', 'Access-Control-Allow-Origin': '*', 'Cache-Control': 'no-cache', 'ETag': 'W/"4a0-QuJmhjjkwZfN6iKbl6PbhWv6xVo"', 'Vary': 'Accept-Encoding', 'Content-Encoding': 'gzip', 'CF-Cache-Status': 'DYNAMIC', 'Report-To': '{"endpoints":[{"url":"https:\\/\\/a.nel.cloudflare.com\\/report\\/v4?s=tC%2Bzs0EygYOK3Nu3ggjKMCJHRn3P1xbf59y%2FGiFI540Bd%2BytMHrprReeEpwieWHwhWINmYt3YlHeRQZSwP29ri8n08xJ5snIdoSBXv3LGx4Kd0BfBdgGyaPPlloWt%2BP3"}],"group":"cf-nel","max_age":604800}', 'NEL': '{"success_fraction":0,"report_to":"cf-nel","max_age":604800}', 'Server': 'cloudflare', 'CF-RAY': '8900ed7cfe6659e0-IAD', 'alt-svc': 'h3=":443"; ma=86400'} 
 body={"results":[{"gender":"male","name":{"title":"Mr","first":"Julian","last":"Lemoine"},"location":{"street":{"number":1612,"name":"Rue de L'Abbé-Grégoire"},"city":"Fort-de-France","state":"Meurthe-et-Moselle","country":"France","postcode":61091,"coordinates":{"latitude":"-18.3637","longitude":"-170.4483"},"timezone":{"offset":"-2:00","description":"Mid-Atlantic"}},"email":"julian.lemoine@example.com","login":{"uuid":"686285a9-77db-4572-a92a-fa1a38eb5f99","username":"blackostrich989","password":"mayhem","salt":"DB2TwCkx","md5":"e4e353e50d9847265a4349cd2a51c7eb","sha1":"5294b3b1028104910a157b8a3c7e8cb29a12cf59","sha256":"ba754b1ce5a0d2cebf5d2d20b3db474fd47110b2681807db219294714ec8aa46"},"dob":{"date":"1981-11-08T14:48:56.826Z","age":42},"registered":{"date":"2003-12-15T19:19:34.300Z","age":20},"phone":"02-59-73-95-63","cell":"06-92-55-45-17","id":{"name":"INSEE","value":"1811056519435 61"},"picture":{"large":"https://randomuser.me/api/portraits/men/66.jpg","medium":"https://randomuser.me/api/portraits/med/men/66.jpg","thumbnail":"https://randomuser.me/api/portraits/thumb/men/66.jpg"},"nat":"FR"}],"info":{"seed":"89ede1263dccab66","results":1,"page":1,"version":"1.4"}} 
 </msg>
<msg time="2024-06-07T13:18:22.324723" level="INFO">/opt/hostedtoolcache/Python/3.12.3/x64/lib/python3.12/site-packages/urllib3/connectionpool.py:1103: InsecureRequestWarning: Unverified HTTPS request is being made to host 'randomuser.me'. Adding certificate verification is strongly advised. See: https://urllib3.readthedocs.io/en/latest/advanced-usage.html#tls-warnings
  warnings.warn(</msg>
<msg time="2024-06-07T13:18:22.324853" level="INFO">${response} = &lt;Response [200]&gt;</msg>
<var>${response}</var>
<arg>consultarAPI</arg>
<arg>/api</arg>
<doc>Sends a GET request on a previously created HTTP Session.</doc>
<status status="PASS" start="2024-06-07T13:18:22.229513" elapsed="0.095380"/>
</kw>
<kw name="Set Variable" owner="BuiltIn">
<msg time="2024-06-07T13:18:22.326106" level="INFO">${json_data} = {'results': [{'gender': 'male', 'name': {'title': 'Mr', 'first': 'Julian', 'last': 'Lemoine'}, 'location': {'street': {'number': 1612, 'name': "Rue de L'Abbé-Grégoire"}, 'city': 'Fort-de-France', 'sta...</msg>
<var>${json_data}</var>
<arg>${response.json()}</arg>
<doc>Returns the given values which can then be assigned to a variables.</doc>
<status status="PASS" start="2024-06-07T13:18:22.325508" elapsed="0.000628"/>
</kw>
<kw name="Set Variable" owner="BuiltIn">
<msg time="2024-06-07T13:18:22.326875" level="INFO">${name_title} = Mr</msg>
<var>${name_title}</var>
<arg>${json_data["results"][0]["name"]["title"]}</arg>
<doc>Returns the given values which can then be assigned to a variables.</doc>
<status status="PASS" start="2024-06-07T13:18:22.326451" elapsed="0.000451"/>
</kw>
<kw name="Create List" owner="BuiltIn">
<msg time="2024-06-07T13:18:22.327354" level="INFO">${allowed_titles} = ['Mr', 'Ms', 'Miss', 'Mrs', 'Madame', 'Monsieur']</msg>
<var>${allowed_titles}</var>
<arg>Mr</arg>
<arg>Ms</arg>
<arg>Miss</arg>
<arg>Mrs</arg>
<arg>Madame</arg>
<arg>Monsieur</arg>
<doc>Returns a list containing given items.</doc>
<status status="PASS" start="2024-06-07T13:18:22.327205" elapsed="0.000174"/>
</kw>
<kw name="List Should Contain Value" owner="Collections">
<msg time="2024-06-07T13:18:22.327859" level="INFO">False</msg>
<arg>${allowed_titles}</arg>
<arg>${name_title}</arg>
<doc>Fails if the ``value`` is not found from ``list``.</doc>
<status status="PASS" start="2024-06-07T13:18:22.327684" elapsed="0.000211"/>
</kw>
<kw name="Set Variable" owner="BuiltIn">
<msg time="2024-06-07T13:18:22.328564" level="INFO">${name_country} = FR</msg>
<var>${name_country}</var>
<arg>${json_data["results"][0]["nat"]}</arg>
<doc>Returns the given values which can then be assigned to a variables.</doc>
<status status="PASS" start="2024-06-07T13:18:22.328188" elapsed="0.000402"/>
</kw>
<kw name="Create List" owner="BuiltIn">
<msg time="2024-06-07T13:18:22.329485" level="INFO">${list_country} = ['AD', 'AE', 'AF', 'AG', 'AI', 'AL', 'AM', 'AO', 'AQ', 'AR', 'AS', 'AT', 'AU', 'AW', 'AX', 'AZ', 'BA', 'BB', 'BD', 'BE', 'BF', 'BG', 'BH', 'BI', 'BJ', 'BL', 'BM', 'BN', 'BO', 'BQ', 'BR', 'BS', 'BT', '...</msg>
<var>${list_country}</var>
<arg>AD</arg>
<arg>AE</arg>
<arg>AF</arg>
<arg>AG</arg>
<arg>AI</arg>
<arg>AL</arg>
<arg>AM</arg>
<arg>AO</arg>
<arg>AQ</arg>
<arg>AR</arg>
<arg>AS</arg>
<arg>AT</arg>
<arg>AU</arg>
<arg>AW</arg>
<arg>AX</arg>
<arg>AZ</arg>
<arg>BA</arg>
<arg>BB</arg>
<arg>BD</arg>
<arg>BE</arg>
<arg>BF</arg>
<arg>BG</arg>
<arg>BH</arg>
<arg>BI</arg>
<arg>BJ</arg>
<arg>BL</arg>
<arg>BM</arg>
<arg>BN</arg>
<arg>BO</arg>
<arg>BQ</arg>
<arg>BR</arg>
<arg>BS</arg>
<arg>BT</arg>
<arg>BV</arg>
<arg>BW</arg>
<arg>BY</arg>
<arg>BZ</arg>
<arg>CA</arg>
<arg>CC</arg>
<arg>CD</arg>
<arg>CF</arg>
<arg>CG</arg>
<arg>CH</arg>
<arg>CI</arg>
<arg>CK</arg>
<arg>CL</arg>
<arg>CM</arg>
<arg>CN</arg>
<arg>CO</arg>
<arg>CR</arg>
<arg>CU</arg>
<arg>CV</arg>
<arg>CW</arg>
<arg>CX</arg>
<arg>CY</arg>
<arg>CZ</arg>
<arg>DE</arg>
<arg>DJ</arg>
<arg>DK</arg>
<arg>DM</arg>
<arg>DO</arg>
<arg>DZ</arg>
<arg>EC</arg>
<arg>EE</arg>
<arg>EG</arg>
<arg>EH</arg>
<arg>ER</arg>
<arg>ES</arg>
<arg>ET</arg>
<arg>FI</arg>
<arg>FJ</arg>
<arg>FK</arg>
<arg>FM</arg>
<arg>FO</arg>
<arg>FR</arg>
<arg>GA</arg>
<arg>GB</arg>
<arg>GD</arg>
<arg>GE</arg>
<arg>GF</arg>
<arg>GG</arg>
<arg>GH</arg>
<arg>GI</arg>
<arg>GL</arg>
<arg>GM</arg>
<arg>GN</arg>
<arg>GP</arg>
<arg>GQ</arg>
<arg>GR</arg>
<arg>GS</arg>
<arg>GT</arg>
<arg>GU</arg>
<arg>GW</arg>
<arg>GY</arg>
<arg>HK</arg>
<arg>HM</arg>
<arg>HN</arg>
<arg>HR</arg>
<arg>HT</arg>
<arg>HU</arg>
<arg>ID</arg>
<arg>IE</arg>
<arg>IL</arg>
<arg>IM</arg>
<arg>IN</arg>
<arg>IO</arg>
<arg>IQ</arg>
<arg>IR</arg>
<arg>IS</arg>
<arg>IT</arg>
<arg>JE</arg>
<arg>JM</arg>
<arg>JO</arg>
<arg>JP</arg>
<arg>KE</arg>
<arg>KG</arg>
<arg>KH</arg>
<arg>KI</arg>
<arg>KM</arg>
<arg>KN</arg>
<arg>KP</arg>
<arg>KR</arg>
<arg>KW</arg>
<arg>KY</arg>
<arg>KZ</arg>
<arg>LA</arg>
<arg>LB</arg>
<arg>LC</arg>
<arg>LI</arg>
<arg>LK</arg>
<arg>LR</arg>
<arg>LS</arg>
<arg>LT</arg>
<arg>LU</arg>
<arg>LV</arg>
<arg>LY</arg>
<arg>MA</arg>
<arg>MC</arg>
<arg>MD</arg>
<arg>ME</arg>
<arg>MF</arg>
<arg>MG</arg>
<arg>MH</arg>
<arg>MK</arg>
<arg>ML</arg>
<arg>MM</arg>
<arg>MN</arg>
<arg>MO</arg>
<arg>MP</arg>
<arg>MQ</arg>
<arg>MR</arg>
<arg>MS</arg>
<arg>MT</arg>
<arg>MU</arg>
<arg>MV</arg>
<arg>MW</arg>
<arg>MX</arg>
<arg>MY</arg>
<arg>MZ</arg>
<arg>NA</arg>
<arg>NC</arg>
<arg>NE</arg>
<arg>NF</arg>
<arg>NG</arg>
<arg>NI</arg>
<arg>NL</arg>
<arg>NO</arg>
<arg>NP</arg>
<arg>NR</arg>
<arg>NU</arg>
<arg>NZ</arg>
<arg>OM</arg>
<arg>PA</arg>
<arg>PE</arg>
<arg>PF</arg>
<arg>PG</arg>
<arg>PH</arg>
<arg>PK</arg>
<arg>PL</arg>
<arg>PM</arg>
<arg>PN</arg>
<arg>PR</arg>
<arg>PS</arg>
<arg>PT</arg>
<arg>PW</arg>
<arg>PY</arg>
<arg>QA</arg>
<arg>RE</arg>
<arg>RO</arg>
<arg>RS</arg>
<arg>RU</arg>
<arg>RW</arg>
<arg>SA</arg>
<arg>SB</arg>
<arg>SC</arg>
<arg>SD</arg>
<arg>SE</arg>
<arg>SG</arg>
<arg>SH</arg>
<arg>SI</arg>
<arg>SJ</arg>
<arg>SK</arg>
<arg>SL</arg>
<arg>SM</arg>
<arg>SN</arg>
<arg>SO</arg>
<arg>SR</arg>
<arg>SS</arg>
<arg>ST</arg>
<arg>SV</arg>
<arg>SX</arg>
<arg>SY</arg>
<arg>SZ</arg>
<arg>TC</arg>
<arg>TD</arg>
<arg>TF</arg>
<arg>TG</arg>
<arg>TH</arg>
<arg>TJ</arg>
<arg>TK</arg>
<arg>TL</arg>
<arg>TM</arg>
<arg>TN</arg>
<arg>TO</arg>
<arg>TR</arg>
<arg>TT</arg>
<arg>TV</arg>
<arg>TW</arg>
<arg>TZ</arg>
<arg>UA</arg>
<arg>UG</arg>
<arg>UM</arg>
<arg>US</arg>
<arg>UY</arg>
<arg>UZ</arg>
<arg>VA</arg>
<arg>VC</arg>
<arg>VE</arg>
<arg>VG</arg>
<arg>VI</arg>
<arg>VN</arg>
<arg>VU</arg>
<arg>WF</arg>
<arg>WS</arg>
<arg>XK</arg>
<arg>YE</arg>
<arg>YT</arg>
<arg>ZA</arg>
<arg>ZM</arg>
<arg>ZW</arg>
<doc>Returns a list containing given items.</doc>
<status status="PASS" start="2024-06-07T13:18:22.328890" elapsed="0.000621"/>
</kw>
<kw name="List Should Contain Value" owner="Collections">
<msg time="2024-06-07T13:18:22.330502" level="INFO">False</msg>
<arg>${list_country}</arg>
<arg>${name_country}</arg>
<doc>Fails if the ``value`` is not found from ``list``.</doc>
<status status="PASS" start="2024-06-07T13:18:22.330295" elapsed="0.000244"/>
</kw>
<kw name="Run Keyword If" owner="BuiltIn">
<kw name="Should Be True" owner="BuiltIn">
<arg>${True}</arg>
<doc>Fails if the given condition is not true.</doc>
<status status="PASS" start="2024-06-07T13:18:22.331647" elapsed="0.000144"/>
</kw>
<arg>${json_data["results"][0]["location"]["coordinates"]["latitude"]} &gt;= -90 and ${json_data["results"][0]["location"]["coordinates"]["latitude"]} &lt;= 90</arg>
<arg>Should Be True</arg>
<arg>${True}</arg>
<doc>Runs the given keyword with the given arguments, if ``condition`` is true.</doc>
<status status="PASS" start="2024-06-07T13:18:22.330898" elapsed="0.001020"/>
</kw>
<kw name="Run Keyword If" owner="BuiltIn">
<kw name="Should Be True" owner="BuiltIn">
<arg>${True}</arg>
<doc>Fails if the given condition is not true.</doc>
<status status="PASS" start="2024-06-07T13:18:22.332794" elapsed="0.000257"/>
</kw>
<arg>${json_data["results"][0]["location"]["coordinates"]["longitude"]} &gt;= -180 and ${json_data["results"][0]["location"]["coordinates"]["longitude"]} &lt;= 180</arg>
<arg>Should Be True</arg>
<arg>${True}</arg>
<doc>Runs the given keyword with the given arguments, if ``condition`` is true.</doc>
<status status="PASS" start="2024-06-07T13:18:22.332101" elapsed="0.001075"/>
</kw>
<status status="PASS" start="2024-06-07T13:18:22.229277" elapsed="0.104032"/>
</kw>
<doc>Testa o conteúdo específico dos campos retornados pela API.</doc>
<tag>testeConteudo</tag>
<status status="PASS" start="2024-06-07T13:18:22.228819" elapsed="0.104638"/>
</test>
<status status="PASS" start="2024-06-07T13:18:21.410854" elapsed="0.924621"/>
</suite>
<status status="PASS" start="2024-06-07T13:18:21.397233" elapsed="0.943526"/>
</suite>
<statistics>
<total>
<stat pass="5" fail="0" skip="0">All Tests</stat>
</total>
<tag>
<stat pass="1" fail="0" skip="0">testeConteudo</stat>
<stat pass="1" fail="0" skip="0">testeEstruturaResposta</stat>
<stat pass="1" fail="0" skip="0">testeRequisicaoBasica</stat>
<stat pass="1" fail="0" skip="0">testeTiposDados</stat>
</tag>
<suite>
<stat pass="5" fail="0" skip="0" id="s1" name="Tests">Tests</stat>
<stat pass="5" fail="0" skip="0" id="s1-s1" name="Random-User-Test">Tests.Random-User-Test</stat>
</suite>
</statistics>
<errors>
</errors>
</robot>
