<?xml version="1.0" encoding="UTF-8"?>
<robot generator="Robot 7.0 (Python 3.12.2 on linux)" generated="2024-03-28T00:59:11.800617" rpa="false" schemaversion="5">
<suite id="s1" name="Tests" source="/home/runner/work/DesafioQAItauRogerioJordao/DesafioQAItauRogerioJordao/RamdonUser/tests">
<suite id="s1-s1" name="Random-User-Test" source="/home/runner/work/DesafioQAItauRogerioJordao/DesafioQAItauRogerioJordao/RamdonUser/tests/random-user-test.robot">
<test id="s1-s1-t1" name="Conectar" line="13">
<kw name="Conectar API" owner="random-user-service">
<kw name="Create Session" owner="RequestsLibrary">
<msg time="2024-03-28T00:59:12.250995" level="INFO">Creating Session using : alias=consultarAPI, url=https://randomuser.me/, headers={},                     cookies={}, auth=None, timeout=None, proxies=None, verify=False,                     debug=0 </msg>
<arg>consultarAPI</arg>
<arg>${URL}</arg>
<doc>Create Session: create a HTTP session to a server</doc>
<status status="PASS" start="2024-03-28T00:59:12.250747" elapsed="0.000530"/>
</kw>
<status status="PASS" start="2024-03-28T00:59:12.249654" elapsed="0.002144"/>
</kw>
<status status="PASS" start="2024-03-28T00:59:12.248964" elapsed="0.003069"/>
</test>
<test id="s1-s1-t2" name="Validar retorno 200 e JSON Válido" line="16">
<kw name="Teste de Requisicao Basica" owner="random-user-service">
<kw name="GET On Session" owner="RequestsLibrary">
<msg time="2024-03-28T00:59:12.331648" level="INFO">GET Request : url=https://randomuser.me/api 
 path_url=/api 
 headers={'User-Agent': 'python-requests/2.31.0', 'Accept-Encoding': 'gzip, deflate', 'Accept': '*/*', 'Connection': 'keep-alive'} 
 body=None 
 </msg>
<msg time="2024-03-28T00:59:12.331800" level="INFO">GET Response : url=https://randomuser.me/api 
 status=200, reason=OK 
 headers={'Date': 'Thu, 28 Mar 2024 00:59:12 GMT', 'Content-Type': 'application/json; charset=utf-8', 'Transfer-Encoding': 'chunked', 'Connection': 'keep-alive', 'X-Powered-By': 'Express', 'Access-Control-Allow-Origin': '*', 'Cache-Control': 'no-cache', 'ETag': 'W/"48a-i/dmrx/fyfJk3ANmCTur51EaBG4"', 'Vary': 'Accept-Encoding', 'Content-Encoding': 'gzip', 'CF-Cache-Status': 'DYNAMIC', 'Report-To': '{"endpoints":[{"url":"https:\\/\\/a.nel.cloudflare.com\\/report\\/v4?s=bTrxiu%2FiBPY4pHp2M4a26ebu81%2BbEH8iutAuyMh0DdnmEhmxY5K9myG6IOUWiUde8DAUsqm1gIi2ESfrlLrsg15S%2B%2Fg5VDUfxH8wv%2B2FUuS9%2Fh8WSxFysh5rojMhdTik"}],"group":"cf-nel","max_age":604800}', 'NEL': '{"success_fraction":0,"report_to":"cf-nel","max_age":604800}', 'Server': 'cloudflare', 'CF-RAY': '86b3ad19cffb2da2-ORD', 'alt-svc': 'h3=":443"; ma=86400'} 
 body={"results":[{"gender":"male","name":{"title":"Mr","first":"Eli","last":"Henderson"},"location":{"street":{"number":5711,"name":"W Pecan St"},"city":"Plano","state":"Missouri","country":"United States","postcode":64586,"coordinates":{"latitude":"87.8417","longitude":"-132.9967"},"timezone":{"offset":"-7:00","description":"Mountain Time (US &amp; Canada)"}},"email":"eli.henderson@example.com","login":{"uuid":"4629ea79-690b-4347-b9a1-779239b8ab9a","username":"redbutterfly547","password":"maxim","salt":"xMbRmrDp","md5":"8c629899ccd0361611ee38ae9ccde9cb","sha1":"880bfa421f06a0c6f80cdfcdca6c06b7fd8524ff","sha256":"4f57ee74a57ec7dad819529711823b0d4bad84d06388caab38e6be4929799008"},"dob":{"date":"1972-11-30T02:47:02.383Z","age":51},"registered":{"date":"2013-12-14T02:16:48.968Z","age":10},"phone":"(357) 666-5631","cell":"(884) 877-7865","id":{"name":"SSN","value":"102-33-9817"},"picture":{"large":"https://randomuser.me/api/portraits/men/12.jpg","medium":"https://randomuser.me/api/portraits/med/men/12.jpg","thumbnail":"https://randomuser.me/api/portraits/thumb/men/12.jpg"},"nat":"US"}],"info":{"seed":"2dc00d98759f13cc","results":1,"page":1,"version":"1.4"}} 
 </msg>
<msg time="2024-03-28T00:59:12.331918" level="INFO">/opt/hostedtoolcache/Python/3.12.2/x64/lib/python3.12/site-packages/urllib3/connectionpool.py:1103: InsecureRequestWarning: Unverified HTTPS request is being made to host 'randomuser.me'. Adding certificate verification is strongly advised. See: https://urllib3.readthedocs.io/en/latest/advanced-usage.html#tls-warnings
  warnings.warn(</msg>
<msg time="2024-03-28T00:59:12.332069" level="INFO">${response} = &lt;Response [200]&gt;</msg>
<var>${response}</var>
<arg>consultarAPI</arg>
<arg>/api</arg>
<doc>Sends a GET request on a previously created HTTP Session.</doc>
<status status="PASS" start="2024-03-28T00:59:12.254789" elapsed="0.077322"/>
</kw>
<kw name="Should Be Equal As Numbers" owner="BuiltIn">
<msg time="2024-03-28T00:59:12.333196" level="INFO">Argument types are:
&lt;class 'int'&gt;
&lt;class 'str'&gt;</msg>
<arg>${response.status_code}</arg>
<arg>200</arg>
<doc>Fails if objects are unequal after converting them to real numbers.</doc>
<status status="PASS" start="2024-03-28T00:59:12.332738" elapsed="0.000522"/>
</kw>
<kw name="Log" owner="BuiltIn">
<msg time="2024-03-28T00:59:12.333926" level="INFO">200</msg>
<arg>${response.status_code}</arg>
<doc>Logs the given message with the given level.</doc>
<status status="PASS" start="2024-03-28T00:59:12.333578" elapsed="0.000389"/>
</kw>
<kw name="Set Variable" owner="BuiltIn">
<msg time="2024-03-28T00:59:12.334738" level="INFO">${json_data} = {'results': [{'gender': 'male', 'name': {'title': 'Mr', 'first': 'Eli', 'last': 'Henderson'}, 'location': {'street': {'number': 5711, 'name': 'W Pecan St'}, 'city': 'Plano', 'state': 'Missouri', 'coun...</msg>
<var>${json_data}</var>
<arg>${response.json()}</arg>
<doc>Returns the given values which can then be assigned to a variables.</doc>
<status status="PASS" start="2024-03-28T00:59:12.334302" elapsed="0.000463"/>
</kw>
<kw name="Dictionary Should Contain Key" owner="Collections">
<msg time="2024-03-28T00:59:12.335233" level="INFO">False</msg>
<arg>${json_data}</arg>
<arg>results</arg>
<doc>Fails if ``key`` is not found from ``dictionary``.</doc>
<status status="PASS" start="2024-03-28T00:59:12.335067" elapsed="0.000204"/>
</kw>
<status status="PASS" start="2024-03-28T00:59:12.254522" elapsed="0.081015"/>
</kw>
<doc>Testa se a API responde corretamente e retorna um objeto JSON válido.</doc>
<tag>testeRequisicaoBasica</tag>
<status status="PASS" start="2024-03-28T00:59:12.253957" elapsed="0.081766"/>
</test>
<test id="s1-s1-t3" name="Validar estrutura de resposta" line="22">
<kw name="Teste de Estrutura de Resposta" owner="random-user-service">
<kw name="GET On Session" owner="RequestsLibrary">
<msg time="2024-03-28T00:59:12.429553" level="INFO">GET Request : url=https://randomuser.me/api 
 path_url=/api 
 headers={'User-Agent': 'python-requests/2.31.0', 'Accept-Encoding': 'gzip, deflate', 'Accept': '*/*', 'Connection': 'keep-alive'} 
 body=None 
 </msg>
<msg time="2024-03-28T00:59:12.429666" level="INFO">GET Response : url=https://randomuser.me/api 
 status=200, reason=OK 
 headers={'Date': 'Thu, 28 Mar 2024 00:59:12 GMT', 'Content-Type': 'application/json; charset=utf-8', 'Transfer-Encoding': 'chunked', 'Connection': 'keep-alive', 'X-Powered-By': 'Express', 'Access-Control-Allow-Origin': '*', 'Cache-Control': 'no-cache', 'ETag': 'W/"4af-8+iq2+uRlfI4gAV0lrbdQLf0kEU"', 'Vary': 'Accept-Encoding', 'Content-Encoding': 'gzip', 'CF-Cache-Status': 'DYNAMIC', 'Report-To': '{"endpoints":[{"url":"https:\\/\\/a.nel.cloudflare.com\\/report\\/v4?s=iLHh5tpxN4O8hj1UJlV5bK1esG0yhemSHoXUWH6QWtKmS%2FqXRd0wR3Ub3WFC4VFf7vf%2FkOweF5Ye9ppOR3or2dw%2FLD8KOs4u3cAZiHOm%2FjHVk74SVRYJ5Kyn%2FqX4U%2BZ2"}],"group":"cf-nel","max_age":604800}', 'NEL': '{"success_fraction":0,"report_to":"cf-nel","max_age":604800}', 'Server': 'cloudflare', 'CF-RAY': '86b3ad1a18732da2-ORD', 'alt-svc': 'h3=":443"; ma=86400'} 
 body={"results":[{"gender":"female","name":{"title":"Miss","first":"مارال","last":"احمدی"},"location":{"street":{"number":1114,"name":"ستارخان"},"city":"همدان","state":"چهارمحال و بختیاری","country":"Iran","postcode":84809,"coordinates":{"latitude":"18.4950","longitude":"124.1990"},"timezone":{"offset":"+11:00","description":"Magadan, Solomon Islands, New Caledonia"}},"email":"mrl.hmdy@example.com","login":{"uuid":"901f15cc-d520-4895-861c-daf625711f3f","username":"silversnake682","password":"andrea1","salt":"tlaGMvWA","md5":"c91aeb5afb1d18e9b814f90602622c6b","sha1":"3ea97fbab3947a5616e8a086d611dad633a6b506","sha256":"024866144d2554428b0839be156b1b0ae552bba4df5de57e2206d03fdbd4a662"},"dob":{"date":"2001-05-02T04:14:06.948Z","age":22},"registered":{"date":"2010-12-24T14:18:17.696Z","age":13},"phone":"034-11929242","cell":"0944-999-0549","id":{"name":"","value":null},"picture":{"large":"https://randomuser.me/api/portraits/women/15.jpg","medium":"https://randomuser.me/api/portraits/med/women/15.jpg","thumbnail":"https://randomuser.me/api/portraits/thumb/women/15.jpg"},"nat":"IR"}],"info":{"seed":"f73fda5b5ea28b2c","results":1,"page":1,"version":"1.4"}} 
 </msg>
<msg time="2024-03-28T00:59:12.429822" level="INFO">/opt/hostedtoolcache/Python/3.12.2/x64/lib/python3.12/site-packages/urllib3/connectionpool.py:1103: InsecureRequestWarning: Unverified HTTPS request is being made to host 'randomuser.me'. Adding certificate verification is strongly advised. See: https://urllib3.readthedocs.io/en/latest/advanced-usage.html#tls-warnings
  warnings.warn(</msg>
<msg time="2024-03-28T00:59:12.429967" level="INFO">${response} = &lt;Response [200]&gt;</msg>
<var>${response}</var>
<arg>consultarAPI</arg>
<arg>/api</arg>
<doc>Sends a GET request on a previously created HTTP Session.</doc>
<status status="PASS" start="2024-03-28T00:59:12.338455" elapsed="0.091566"/>
</kw>
<kw name="Set Variable" owner="BuiltIn">
<msg time="2024-03-28T00:59:12.431287" level="INFO">${json_data} = {'results': [{'gender': 'female', 'name': {'title': 'Miss', 'first': 'مارال', 'last': 'احمدی'}, 'location': {'street': {'number': 1114, 'name': 'ستارخان'}, 'city': 'همدان', 'state': 'چهارمحال و بختیار...</msg>
<var>${json_data}</var>
<arg>${response.json()}</arg>
<doc>Returns the given values which can then be assigned to a variables.</doc>
<status status="PASS" start="2024-03-28T00:59:12.430693" elapsed="0.000625"/>
</kw>
<kw name="Log" owner="BuiltIn">
<msg time="2024-03-28T00:59:12.431810" level="INFO">{'results': [{'gender': 'female', 'name': {'title': 'Miss', 'first': 'مارال', 'last': 'احمدی'}, 'location': {'street': {'number': 1114, 'name': 'ستارخان'}, 'city': 'همدان', 'state': 'چهارمحال و بختیاری', 'country': 'Iran', 'postcode': 84809, 'coordinates': {'latitude': '18.4950', 'longitude': '124.1990'}, 'timezone': {'offset': '+11:00', 'description': 'Magadan, Solomon Islands, New Caledonia'}}, 'email': 'mrl.hmdy@example.com', 'login': {'uuid': '901f15cc-d520-4895-861c-daf625711f3f', 'username': 'silversnake682', 'password': 'andrea1', 'salt': 'tlaGMvWA', 'md5': 'c91aeb5afb1d18e9b814f90602622c6b', 'sha1': '3ea97fbab3947a5616e8a086d611dad633a6b506', 'sha256': '024866144d2554428b0839be156b1b0ae552bba4df5de57e2206d03fdbd4a662'}, 'dob': {'date': '2001-05-02T04:14:06.948Z', 'age': 22}, 'registered': {'date': '2010-12-24T14:18:17.696Z', 'age': 13}, 'phone': '034-11929242', 'cell': '0944-999-0549', 'id': {'name': '', 'value': None}, 'picture': {'large': 'https://randomuser.me/api/portraits/women/15.jpg', 'medium': 'https://randomuser.me/api/portraits/med/women/15.jpg', 'thumbnail': 'https://randomuser.me/api/portraits/thumb/women/15.jpg'}, 'nat': 'IR'}], 'info': {'seed': 'f73fda5b5ea28b2c', 'results': 1, 'page': 1, 'version': '1.4'}}</msg>
<arg>${json_data}</arg>
<doc>Logs the given message with the given level.</doc>
<status status="PASS" start="2024-03-28T00:59:12.431642" elapsed="0.000220"/>
</kw>
<kw name="Dictionary Should Contain Key" owner="Collections">
<msg time="2024-03-28T00:59:12.432325" level="INFO">False</msg>
<arg>${json_data}</arg>
<arg>results</arg>
<doc>Fails if ``key`` is not found from ``dictionary``.</doc>
<status status="PASS" start="2024-03-28T00:59:12.432166" elapsed="0.000196"/>
</kw>
<kw name="Should Not Be Empty" owner="BuiltIn">
<msg time="2024-03-28T00:59:12.432999" level="INFO">Length is 2.</msg>
<arg>${json_data}</arg>
<doc>Verifies that the given item is not empty.</doc>
<status status="PASS" start="2024-03-28T00:59:12.432706" elapsed="0.000353"/>
</kw>
<kw name="Create List" owner="BuiltIn">
<msg time="2024-03-28T00:59:12.433550" level="INFO">${expected_keys} = ['gender', 'name', 'location', 'email', 'login']</msg>
<var>${expected_keys}</var>
<arg>gender</arg>
<arg>name</arg>
<arg>location</arg>
<arg>email</arg>
<arg>login</arg>
<doc>Returns a list containing given items.</doc>
<status status="PASS" start="2024-03-28T00:59:12.433385" elapsed="0.000191"/>
</kw>
<for flavor="IN">
<iter>
<kw name="Dictionary Should Contain Key" owner="Collections">
<msg time="2024-03-28T00:59:12.434653" level="INFO">False</msg>
<arg>${json_data['results'][0]}</arg>
<arg>${key}</arg>
<doc>Fails if ``key`` is not found from ``dictionary``.</doc>
<status status="PASS" start="2024-03-28T00:59:12.434214" elapsed="0.000479"/>
</kw>
<kw name="Log" owner="BuiltIn">
<msg time="2024-03-28T00:59:12.435392" level="INFO">{'gender': 'female', 'name': {'title': 'Miss', 'first': 'مارال', 'last': 'احمدی'}, 'location': {'street': {'number': 1114, 'name': 'ستارخان'}, 'city': 'همدان', 'state': 'چهارمحال و بختیاری', 'country': 'Iran', 'postcode': 84809, 'coordinates': {'latitude': '18.4950', 'longitude': '124.1990'}, 'timezone': {'offset': '+11:00', 'description': 'Magadan, Solomon Islands, New Caledonia'}}, 'email': 'mrl.hmdy@example.com', 'login': {'uuid': '901f15cc-d520-4895-861c-daf625711f3f', 'username': 'silversnake682', 'password': 'andrea1', 'salt': 'tlaGMvWA', 'md5': 'c91aeb5afb1d18e9b814f90602622c6b', 'sha1': '3ea97fbab3947a5616e8a086d611dad633a6b506', 'sha256': '024866144d2554428b0839be156b1b0ae552bba4df5de57e2206d03fdbd4a662'}, 'dob': {'date': '2001-05-02T04:14:06.948Z', 'age': 22}, 'registered': {'date': '2010-12-24T14:18:17.696Z', 'age': 13}, 'phone': '034-11929242', 'cell': '0944-999-0549', 'id': {'name': '', 'value': None}, 'picture': {'large': 'https://randomuser.me/api/portraits/women/15.jpg', 'medium': 'https://randomuser.me/api/portraits/med/women/15.jpg', 'thumbnail': 'https://randomuser.me/api/portraits/thumb/women/15.jpg'}, 'nat': 'IR'}</msg>
<arg>${json_data['results'][0]}</arg>
<doc>Logs the given message with the given level.</doc>
<status status="PASS" start="2024-03-28T00:59:12.435004" elapsed="0.000447"/>
</kw>
<kw name="Log" owner="BuiltIn">
<msg time="2024-03-28T00:59:12.435899" level="INFO">gender</msg>
<arg>${key}</arg>
<doc>Logs the given message with the given level.</doc>
<status status="PASS" start="2024-03-28T00:59:12.435764" elapsed="0.000175"/>
</kw>
<var name="${key}">gender</var>
<status status="PASS" start="2024-03-28T00:59:12.434078" elapsed="0.002086"/>
</iter>
<iter>
<kw name="Dictionary Should Contain Key" owner="Collections">
<msg time="2024-03-28T00:59:12.436902" level="INFO">False</msg>
<arg>${json_data['results'][0]}</arg>
<arg>${key}</arg>
<doc>Fails if ``key`` is not found from ``dictionary``.</doc>
<status status="PASS" start="2024-03-28T00:59:12.436506" elapsed="0.000473"/>
</kw>
<kw name="Log" owner="BuiltIn">
<msg time="2024-03-28T00:59:12.437674" level="INFO">{'gender': 'female', 'name': {'title': 'Miss', 'first': 'مارال', 'last': 'احمدی'}, 'location': {'street': {'number': 1114, 'name': 'ستارخان'}, 'city': 'همدان', 'state': 'چهارمحال و بختیاری', 'country': 'Iran', 'postcode': 84809, 'coordinates': {'latitude': '18.4950', 'longitude': '124.1990'}, 'timezone': {'offset': '+11:00', 'description': 'Magadan, Solomon Islands, New Caledonia'}}, 'email': 'mrl.hmdy@example.com', 'login': {'uuid': '901f15cc-d520-4895-861c-daf625711f3f', 'username': 'silversnake682', 'password': 'andrea1', 'salt': 'tlaGMvWA', 'md5': 'c91aeb5afb1d18e9b814f90602622c6b', 'sha1': '3ea97fbab3947a5616e8a086d611dad633a6b506', 'sha256': '024866144d2554428b0839be156b1b0ae552bba4df5de57e2206d03fdbd4a662'}, 'dob': {'date': '2001-05-02T04:14:06.948Z', 'age': 22}, 'registered': {'date': '2010-12-24T14:18:17.696Z', 'age': 13}, 'phone': '034-11929242', 'cell': '0944-999-0549', 'id': {'name': '', 'value': None}, 'picture': {'large': 'https://randomuser.me/api/portraits/women/15.jpg', 'medium': 'https://randomuser.me/api/portraits/med/women/15.jpg', 'thumbnail': 'https://randomuser.me/api/portraits/thumb/women/15.jpg'}, 'nat': 'IR'}</msg>
<arg>${json_data['results'][0]}</arg>
<doc>Logs the given message with the given level.</doc>
<status status="PASS" start="2024-03-28T00:59:12.437298" elapsed="0.000426"/>
</kw>
<kw name="Log" owner="BuiltIn">
<msg time="2024-03-28T00:59:12.438156" level="INFO">name</msg>
<arg>${key}</arg>
<doc>Logs the given message with the given level.</doc>
<status status="PASS" start="2024-03-28T00:59:12.438027" elapsed="0.000167"/>
</kw>
<var name="${key}">name</var>
<status status="PASS" start="2024-03-28T00:59:12.436357" elapsed="0.002059"/>
</iter>
<iter>
<kw name="Dictionary Should Contain Key" owner="Collections">
<msg time="2024-03-28T00:59:12.439098" level="INFO">False</msg>
<arg>${json_data['results'][0]}</arg>
<arg>${key}</arg>
<doc>Fails if ``key`` is not found from ``dictionary``.</doc>
<status status="PASS" start="2024-03-28T00:59:12.438709" elapsed="0.000428"/>
</kw>
<kw name="Log" owner="BuiltIn">
<msg time="2024-03-28T00:59:12.439813" level="INFO">{'gender': 'female', 'name': {'title': 'Miss', 'first': 'مارال', 'last': 'احمدی'}, 'location': {'street': {'number': 1114, 'name': 'ستارخان'}, 'city': 'همدان', 'state': 'چهارمحال و بختیاری', 'country': 'Iran', 'postcode': 84809, 'coordinates': {'latitude': '18.4950', 'longitude': '124.1990'}, 'timezone': {'offset': '+11:00', 'description': 'Magadan, Solomon Islands, New Caledonia'}}, 'email': 'mrl.hmdy@example.com', 'login': {'uuid': '901f15cc-d520-4895-861c-daf625711f3f', 'username': 'silversnake682', 'password': 'andrea1', 'salt': 'tlaGMvWA', 'md5': 'c91aeb5afb1d18e9b814f90602622c6b', 'sha1': '3ea97fbab3947a5616e8a086d611dad633a6b506', 'sha256': '024866144d2554428b0839be156b1b0ae552bba4df5de57e2206d03fdbd4a662'}, 'dob': {'date': '2001-05-02T04:14:06.948Z', 'age': 22}, 'registered': {'date': '2010-12-24T14:18:17.696Z', 'age': 13}, 'phone': '034-11929242', 'cell': '0944-999-0549', 'id': {'name': '', 'value': None}, 'picture': {'large': 'https://randomuser.me/api/portraits/women/15.jpg', 'medium': 'https://randomuser.me/api/portraits/med/women/15.jpg', 'thumbnail': 'https://randomuser.me/api/portraits/thumb/women/15.jpg'}, 'nat': 'IR'}</msg>
<arg>${json_data['results'][0]}</arg>
<doc>Logs the given message with the given level.</doc>
<status status="PASS" start="2024-03-28T00:59:12.439439" elapsed="0.000430"/>
</kw>
<kw name="Log" owner="BuiltIn">
<msg time="2024-03-28T00:59:12.440353" level="INFO">location</msg>
<arg>${key}</arg>
<doc>Logs the given message with the given level.</doc>
<status status="PASS" start="2024-03-28T00:59:12.440179" elapsed="0.000238"/>
</kw>
<var name="${key}">location</var>
<status status="PASS" start="2024-03-28T00:59:12.438596" elapsed="0.002060"/>
</iter>
<iter>
<kw name="Dictionary Should Contain Key" owner="Collections">
<msg time="2024-03-28T00:59:12.441332" level="INFO">False</msg>
<arg>${json_data['results'][0]}</arg>
<arg>${key}</arg>
<doc>Fails if ``key`` is not found from ``dictionary``.</doc>
<status status="PASS" start="2024-03-28T00:59:12.440949" elapsed="0.000421"/>
</kw>
<kw name="Log" owner="BuiltIn">
<msg time="2024-03-28T00:59:12.442042" level="INFO">{'gender': 'female', 'name': {'title': 'Miss', 'first': 'مارال', 'last': 'احمدی'}, 'location': {'street': {'number': 1114, 'name': 'ستارخان'}, 'city': 'همدان', 'state': 'چهارمحال و بختیاری', 'country': 'Iran', 'postcode': 84809, 'coordinates': {'latitude': '18.4950', 'longitude': '124.1990'}, 'timezone': {'offset': '+11:00', 'description': 'Magadan, Solomon Islands, New Caledonia'}}, 'email': 'mrl.hmdy@example.com', 'login': {'uuid': '901f15cc-d520-4895-861c-daf625711f3f', 'username': 'silversnake682', 'password': 'andrea1', 'salt': 'tlaGMvWA', 'md5': 'c91aeb5afb1d18e9b814f90602622c6b', 'sha1': '3ea97fbab3947a5616e8a086d611dad633a6b506', 'sha256': '024866144d2554428b0839be156b1b0ae552bba4df5de57e2206d03fdbd4a662'}, 'dob': {'date': '2001-05-02T04:14:06.948Z', 'age': 22}, 'registered': {'date': '2010-12-24T14:18:17.696Z', 'age': 13}, 'phone': '034-11929242', 'cell': '0944-999-0549', 'id': {'name': '', 'value': None}, 'picture': {'large': 'https://randomuser.me/api/portraits/women/15.jpg', 'medium': 'https://randomuser.me/api/portraits/med/women/15.jpg', 'thumbnail': 'https://randomuser.me/api/portraits/thumb/women/15.jpg'}, 'nat': 'IR'}</msg>
<arg>${json_data['results'][0]}</arg>
<doc>Logs the given message with the given level.</doc>
<status status="PASS" start="2024-03-28T00:59:12.441676" elapsed="0.000416"/>
</kw>
<kw name="Log" owner="BuiltIn">
<msg time="2024-03-28T00:59:12.442520" level="INFO">email</msg>
<arg>${key}</arg>
<doc>Logs the given message with the given level.</doc>
<status status="PASS" start="2024-03-28T00:59:12.442392" elapsed="0.000166"/>
</kw>
<var name="${key}">email</var>
<status status="PASS" start="2024-03-28T00:59:12.440835" elapsed="0.001940"/>
</iter>
<iter>
<kw name="Dictionary Should Contain Key" owner="Collections">
<msg time="2024-03-28T00:59:12.443465" level="INFO">False</msg>
<arg>${json_data['results'][0]}</arg>
<arg>${key}</arg>
<doc>Fails if ``key`` is not found from ``dictionary``.</doc>
<status status="PASS" start="2024-03-28T00:59:12.443068" elapsed="0.000435"/>
</kw>
<kw name="Log" owner="BuiltIn">
<msg time="2024-03-28T00:59:12.444163" level="INFO">{'gender': 'female', 'name': {'title': 'Miss', 'first': 'مارال', 'last': 'احمدی'}, 'location': {'street': {'number': 1114, 'name': 'ستارخان'}, 'city': 'همدان', 'state': 'چهارمحال و بختیاری', 'country': 'Iran', 'postcode': 84809, 'coordinates': {'latitude': '18.4950', 'longitude': '124.1990'}, 'timezone': {'offset': '+11:00', 'description': 'Magadan, Solomon Islands, New Caledonia'}}, 'email': 'mrl.hmdy@example.com', 'login': {'uuid': '901f15cc-d520-4895-861c-daf625711f3f', 'username': 'silversnake682', 'password': 'andrea1', 'salt': 'tlaGMvWA', 'md5': 'c91aeb5afb1d18e9b814f90602622c6b', 'sha1': '3ea97fbab3947a5616e8a086d611dad633a6b506', 'sha256': '024866144d2554428b0839be156b1b0ae552bba4df5de57e2206d03fdbd4a662'}, 'dob': {'date': '2001-05-02T04:14:06.948Z', 'age': 22}, 'registered': {'date': '2010-12-24T14:18:17.696Z', 'age': 13}, 'phone': '034-11929242', 'cell': '0944-999-0549', 'id': {'name': '', 'value': None}, 'picture': {'large': 'https://randomuser.me/api/portraits/women/15.jpg', 'medium': 'https://randomuser.me/api/portraits/med/women/15.jpg', 'thumbnail': 'https://randomuser.me/api/portraits/thumb/women/15.jpg'}, 'nat': 'IR'}</msg>
<arg>${json_data['results'][0]}</arg>
<doc>Logs the given message with the given level.</doc>
<status status="PASS" start="2024-03-28T00:59:12.443799" elapsed="0.000415"/>
</kw>
<kw name="Log" owner="BuiltIn">
<msg time="2024-03-28T00:59:12.444711" level="INFO">login</msg>
<arg>${key}</arg>
<doc>Logs the given message with the given level.</doc>
<status status="PASS" start="2024-03-28T00:59:12.444574" elapsed="0.000292"/>
</kw>
<var name="${key}">login</var>
<status status="PASS" start="2024-03-28T00:59:12.442950" elapsed="0.002151"/>
</iter>
<var>${key}</var>
<value>@{expected_keys}</value>
<status status="PASS" start="2024-03-28T00:59:12.433873" elapsed="0.011354"/>
</for>
<kw name="Create List" owner="BuiltIn">
<msg time="2024-03-28T00:59:12.445575" level="INFO">${expected_keysTwo} = ['username', 'password']</msg>
<var>${expected_keysTwo}</var>
<arg>username</arg>
<arg>password</arg>
<doc>Returns a list containing given items.</doc>
<status status="PASS" start="2024-03-28T00:59:12.445430" elapsed="0.000170"/>
</kw>
<for flavor="IN">
<iter>
<kw name="Dictionary Should Contain Key" owner="Collections">
<msg time="2024-03-28T00:59:12.446511" level="INFO">False</msg>
<arg>${json_data['results'][0]['login']}</arg>
<arg>${keyTwo}</arg>
<doc>Fails if ``key`` is not found from ``dictionary``.</doc>
<status status="PASS" start="2024-03-28T00:59:12.446120" elapsed="0.000429"/>
</kw>
<kw name="Dictionary Should Contain Key" owner="Collections">
<msg time="2024-03-28T00:59:12.447241" level="INFO">False</msg>
<arg>${json_data['results'][0]['login']}</arg>
<arg>${keyTwo}</arg>
<doc>Fails if ``key`` is not found from ``dictionary``.</doc>
<status status="PASS" start="2024-03-28T00:59:12.446853" elapsed="0.000427"/>
</kw>
<kw name="Log" owner="BuiltIn">
<msg time="2024-03-28T00:59:12.447708" level="INFO">username</msg>
<arg>${keyTwo}</arg>
<doc>Logs the given message with the given level.</doc>
<status status="PASS" start="2024-03-28T00:59:12.447578" elapsed="0.000168"/>
</kw>
<var name="${keyTwo}">username</var>
<status status="PASS" start="2024-03-28T00:59:12.446006" elapsed="0.001959"/>
</iter>
<iter>
<kw name="Dictionary Should Contain Key" owner="Collections">
<msg time="2024-03-28T00:59:12.448665" level="INFO">False</msg>
<arg>${json_data['results'][0]['login']}</arg>
<arg>${keyTwo}</arg>
<doc>Fails if ``key`` is not found from ``dictionary``.</doc>
<status status="PASS" start="2024-03-28T00:59:12.448248" elapsed="0.000456"/>
</kw>
<kw name="Dictionary Should Contain Key" owner="Collections">
<msg time="2024-03-28T00:59:12.449393" level="INFO">False</msg>
<arg>${json_data['results'][0]['login']}</arg>
<arg>${keyTwo}</arg>
<doc>Fails if ``key`` is not found from ``dictionary``.</doc>
<status status="PASS" start="2024-03-28T00:59:12.449004" elapsed="0.000426"/>
</kw>
<kw name="Log" owner="BuiltIn">
<msg time="2024-03-28T00:59:12.449852" level="INFO">password</msg>
<arg>${keyTwo}</arg>
<doc>Logs the given message with the given level.</doc>
<status status="PASS" start="2024-03-28T00:59:12.449723" elapsed="0.000168"/>
</kw>
<var name="${keyTwo}">password</var>
<status status="PASS" start="2024-03-28T00:59:12.448137" elapsed="0.001974"/>
</iter>
<var>${keyTwo}</var>
<value>@{expected_keysTwo}</value>
<status status="PASS" start="2024-03-28T00:59:12.445846" elapsed="0.004388"/>
</for>
<status status="PASS" start="2024-03-28T00:59:12.338219" elapsed="0.112161"/>
</kw>
<doc>Testa a estrutura da resposta da API.</doc>
<tag>testeEstruturaResposta</tag>
<status status="PASS" start="2024-03-28T00:59:12.337563" elapsed="0.112986"/>
</test>
<test id="s1-s1-t4" name="Validar tipos de dados" line="28">
<kw name="Teste de Tipos de Dados" owner="random-user-service">
<kw name="GET On Session" owner="RequestsLibrary">
<msg time="2024-03-28T00:59:12.529640" level="INFO">GET Request : url=https://randomuser.me/api 
 path_url=/api 
 headers={'User-Agent': 'python-requests/2.31.0', 'Accept-Encoding': 'gzip, deflate', 'Accept': '*/*', 'Connection': 'keep-alive'} 
 body=None 
 </msg>
<msg time="2024-03-28T00:59:12.529752" level="INFO">GET Response : url=https://randomuser.me/api 
 status=200, reason=OK 
 headers={'Date': 'Thu, 28 Mar 2024 00:59:12 GMT', 'Content-Type': 'application/json; charset=utf-8', 'Transfer-Encoding': 'chunked', 'Connection': 'keep-alive', 'X-Powered-By': 'Express', 'Access-Control-Allow-Origin': '*', 'Cache-Control': 'no-cache', 'ETag': 'W/"483-TMJP9PQ+gPE55TcGXOCY4Nk4TAE"', 'Vary': 'Accept-Encoding', 'Content-Encoding': 'gzip', 'CF-Cache-Status': 'DYNAMIC', 'Report-To': '{"endpoints":[{"url":"https:\\/\\/a.nel.cloudflare.com\\/report\\/v4?s=VveHIOldj07ZAHXAxeRd3tDXDEYWxQMXwmtO4kpmGRnuetA16WgnG6EditYiP4UaUzEvrw9CtQRsMcaTbUWaW5H%2BEBGJEMraXXUcwBXydEFqYeSqv67i7w6n9a69zPHB"}],"group":"cf-nel","max_age":604800}', 'NEL': '{"success_fraction":0,"report_to":"cf-nel","max_age":604800}', 'Server': 'cloudflare', 'CF-RAY': '86b3ad1ad9292da2-ORD', 'alt-svc': 'h3=":443"; ma=86400'} 
 body={"results":[{"gender":"female","name":{"title":"Ms","first":"Laurine","last":"Leclerc"},"location":{"street":{"number":1446,"name":"Grande Rue"},"city":"Rueil-Malmaison","state":"Aude","country":"France","postcode":11951,"coordinates":{"latitude":"-21.2007","longitude":"56.5340"},"timezone":{"offset":"+3:30","description":"Tehran"}},"email":"laurine.leclerc@example.com","login":{"uuid":"88f922c1-0261-41c6-afb2-1aec46219b32","username":"blackbird670","password":"qweqwe","salt":"jyfhWyM7","md5":"99960c6914ed2fce1c421c0c65b5190a","sha1":"5cb26b9a11d17576fe7c7b5d2e8d07b79596c6fa","sha256":"7d1a297edd584a89b4dd275193f423ceceb64e8a010d9b4c8639e92f8bd60ca8"},"dob":{"date":"1996-09-02T11:21:30.091Z","age":27},"registered":{"date":"2017-09-11T11:04:53.082Z","age":6},"phone":"02-11-57-21-53","cell":"06-80-78-28-82","id":{"name":"INSEE","value":"2960800076487 26"},"picture":{"large":"https://randomuser.me/api/portraits/women/29.jpg","medium":"https://randomuser.me/api/portraits/med/women/29.jpg","thumbnail":"https://randomuser.me/api/portraits/thumb/women/29.jpg"},"nat":"FR"}],"info":{"seed":"677663fcc7214ed8","results":1,"page":1,"version":"1.4"}} 
 </msg>
<msg time="2024-03-28T00:59:12.529826" level="INFO">/opt/hostedtoolcache/Python/3.12.2/x64/lib/python3.12/site-packages/urllib3/connectionpool.py:1103: InsecureRequestWarning: Unverified HTTPS request is being made to host 'randomuser.me'. Adding certificate verification is strongly advised. See: https://urllib3.readthedocs.io/en/latest/advanced-usage.html#tls-warnings
  warnings.warn(</msg>
<msg time="2024-03-28T00:59:12.529956" level="INFO">${response} = &lt;Response [200]&gt;</msg>
<var>${response}</var>
<arg>consultarAPI</arg>
<arg>/api</arg>
<doc>Sends a GET request on a previously created HTTP Session.</doc>
<status status="PASS" start="2024-03-28T00:59:12.453093" elapsed="0.076905"/>
</kw>
<kw name="Set Variable" owner="BuiltIn">
<msg time="2024-03-28T00:59:12.531032" level="INFO">${json_data} = {'results': [{'gender': 'female', 'name': {'title': 'Ms', 'first': 'Laurine', 'last': 'Leclerc'}, 'location': {'street': {'number': 1446, 'name': 'Grande Rue'}, 'city': 'Rueil-Malmaison', 'state': 'Au...</msg>
<var>${json_data}</var>
<arg>${response.json()}</arg>
<doc>Returns the given values which can then be assigned to a variables.</doc>
<status status="PASS" start="2024-03-28T00:59:12.530518" elapsed="0.000542"/>
</kw>
<kw name="Log" owner="BuiltIn">
<msg time="2024-03-28T00:59:12.531524" level="INFO">{'results': [{'gender': 'female', 'name': {'title': 'Ms', 'first': 'Laurine', 'last': 'Leclerc'}, 'location': {'street': {'number': 1446, 'name': 'Grande Rue'}, 'city': 'Rueil-Malmaison', 'state': 'Aude', 'country': 'France', 'postcode': 11951, 'coordinates': {'latitude': '-21.2007', 'longitude': '56.5340'}, 'timezone': {'offset': '+3:30', 'description': 'Tehran'}}, 'email': 'laurine.leclerc@example.com', 'login': {'uuid': '88f922c1-0261-41c6-afb2-1aec46219b32', 'username': 'blackbird670', 'password': 'qweqwe', 'salt': 'jyfhWyM7', 'md5': '99960c6914ed2fce1c421c0c65b5190a', 'sha1': '5cb26b9a11d17576fe7c7b5d2e8d07b79596c6fa', 'sha256': '7d1a297edd584a89b4dd275193f423ceceb64e8a010d9b4c8639e92f8bd60ca8'}, 'dob': {'date': '1996-09-02T11:21:30.091Z', 'age': 27}, 'registered': {'date': '2017-09-11T11:04:53.082Z', 'age': 6}, 'phone': '02-11-57-21-53', 'cell': '06-80-78-28-82', 'id': {'name': 'INSEE', 'value': '2960800076487 26'}, 'picture': {'large': 'https://randomuser.me/api/portraits/women/29.jpg', 'medium': 'https://randomuser.me/api/portraits/med/women/29.jpg', 'thumbnail': 'https://randomuser.me/api/portraits/thumb/women/29.jpg'}, 'nat': 'FR'}], 'info': {'seed': '677663fcc7214ed8', 'results': 1, 'page': 1, 'version': '1.4'}}</msg>
<arg>${json_data}</arg>
<doc>Logs the given message with the given level.</doc>
<status status="PASS" start="2024-03-28T00:59:12.531370" elapsed="0.000241"/>
</kw>
<kw name="Should Be String" owner="String">
<arg>${json_data['results'][0]['gender']}</arg>
<doc>Fails if the given ``item`` is not a string.</doc>
<status status="PASS" start="2024-03-28T00:59:12.531922" elapsed="0.000365"/>
</kw>
<kw name="Should Match Regexp" owner="BuiltIn">
<arg>${json_data['results'][0]['email']}</arg>
<arg>^[a-zA-Z0-9._%+-]+@[a-zA-Z0-9.-]+\.[a-zA-Z]{2,}$</arg>
<doc>Fails if ``string`` does not match ``pattern`` as a regular expression.</doc>
<status status="PASS" start="2024-03-28T00:59:12.532514" elapsed="0.000530"/>
</kw>
<kw name="Should Match Regexp" owner="BuiltIn">
<arg>${json_data['results'][0]['dob']['date']}</arg>
<arg>\\d{4}-\\d{2}-\\d{2}T\\d{2}:\\d{2}:\\d{2}\\.\\d{3}Z</arg>
<doc>Fails if ``string`` does not match ``pattern`` as a regular expression.</doc>
<status status="PASS" start="2024-03-28T00:59:12.533243" elapsed="0.000504"/>
</kw>
<kw name="Should Match Regexp" owner="BuiltIn">
<arg>${json_data['results'][0]['registered']['date']}</arg>
<arg>\\d{4}-\\d{2}-\\d{2}T\\d{2}:\\d{2}:\\d{2}\\.\\d{3}Z</arg>
<doc>Fails if ``string`` does not match ``pattern`` as a regular expression.</doc>
<status status="PASS" start="2024-03-28T00:59:12.533941" elapsed="0.000377"/>
</kw>
<kw name="Should Match Regexp" owner="BuiltIn">
<arg>${json_data['results'][0]['picture']['large']}</arg>
<arg>^https?://.*\.(?:png|jpe?g|gif|bmp)$</arg>
<doc>Fails if ``string`` does not match ``pattern`` as a regular expression.</doc>
<status status="PASS" start="2024-03-28T00:59:12.534508" elapsed="0.000458"/>
</kw>
<kw name="Should Match Regexp" owner="BuiltIn">
<arg>${json_data['results'][0]['picture']['medium']}</arg>
<arg>^https?://.*\.(?:png|jpe?g|gif|bmp)$</arg>
<doc>Fails if ``string`` does not match ``pattern`` as a regular expression.</doc>
<status status="PASS" start="2024-03-28T00:59:12.535155" elapsed="0.000361"/>
</kw>
<kw name="Should Match Regexp" owner="BuiltIn">
<arg>${json_data['results'][0]['picture']['thumbnail']}</arg>
<arg>^https?://.*\.(?:png|jpe?g|gif|bmp)$</arg>
<doc>Fails if ``string`` does not match ``pattern`` as a regular expression.</doc>
<status status="PASS" start="2024-03-28T00:59:12.535702" elapsed="0.000358"/>
</kw>
<kw name="Log" owner="BuiltIn">
<msg time="2024-03-28T00:59:12.536596" level="INFO">{'large': 'https://randomuser.me/api/portraits/women/29.jpg', 'medium': 'https://randomuser.me/api/portraits/med/women/29.jpg', 'thumbnail': 'https://randomuser.me/api/portraits/thumb/women/29.jpg'}</msg>
<arg>${json_data['results'][0]['picture']}</arg>
<doc>Logs the given message with the given level.</doc>
<status status="PASS" start="2024-03-28T00:59:12.536243" elapsed="0.000401"/>
</kw>
<status status="PASS" start="2024-03-28T00:59:12.452858" elapsed="0.084047"/>
</kw>
<kw name="Teste de Tipos de Dados - Postcode" owner="random-user-service">
<kw name="GET On Session" owner="RequestsLibrary">
<msg time="2024-03-28T00:59:12.631301" level="INFO">GET Request : url=https://randomuser.me/api 
 path_url=/api 
 headers={'User-Agent': 'python-requests/2.31.0', 'Accept-Encoding': 'gzip, deflate', 'Accept': '*/*', 'Connection': 'keep-alive'} 
 body=None 
 </msg>
<msg time="2024-03-28T00:59:12.631436" level="INFO">GET Response : url=https://randomuser.me/api 
 status=200, reason=OK 
 headers={'Date': 'Thu, 28 Mar 2024 00:59:12 GMT', 'Content-Type': 'application/json; charset=utf-8', 'Transfer-Encoding': 'chunked', 'Connection': 'keep-alive', 'X-Powered-By': 'Express', 'Access-Control-Allow-Origin': '*', 'Cache-Control': 'no-cache', 'ETag': 'W/"4a8-JYNhbyn1JOOA4e5KZk+i2zq+n+4"', 'Vary': 'Accept-Encoding', 'Content-Encoding': 'gzip', 'CF-Cache-Status': 'DYNAMIC', 'Report-To': '{"endpoints":[{"url":"https:\\/\\/a.nel.cloudflare.com\\/report\\/v4?s=nIrDnp%2BKx29aVI3P61Bml60qMtKgaEloO0EjGM6V4Y5tW2yWUOU1ZxK6t3UJq9ykvVlRy5DxsfDmuLjm0f0bEoMy5o1CLz63cXJB6IArpjvfUlj0YLLefRBPm%2FUgjAGN"}],"group":"cf-nel","max_age":604800}', 'NEL': '{"success_fraction":0,"report_to":"cf-nel","max_age":604800}', 'Server': 'cloudflare', 'CF-RAY': '86b3ad1b59ca2da2-ORD', 'alt-svc': 'h3=":443"; ma=86400'} 
 body={"results":[{"gender":"female","name":{"title":"Miss","first":"Xênia","last":"Farias"},"location":{"street":{"number":7164,"name":"Rua Espirito Santo "},"city":"Joinville","state":"Pará","country":"Brazil","postcode":17738,"coordinates":{"latitude":"-79.6564","longitude":"118.8904"},"timezone":{"offset":"+11:00","description":"Magadan, Solomon Islands, New Caledonia"}},"email":"xenia.farias@example.com","login":{"uuid":"f61fb579-1932-4cf7-b31e-a0773a2b53d6","username":"tinyostrich106","password":"annmarie","salt":"KolU9B0p","md5":"67a902164f982e62cb8a1eacd12893c4","sha1":"7acdc2a42d6d1f7db55db44b9de2df6a1751ed67","sha256":"836408c14f9d2c10ee3b0bcafd67907b61914c80ae37438bc917857917026412"},"dob":{"date":"1971-09-06T02:47:40.500Z","age":52},"registered":{"date":"2012-01-22T05:22:32.073Z","age":12},"phone":"(61) 7328-3047","cell":"(73) 9164-2523","id":{"name":"CPF","value":"063.382.309-42"},"picture":{"large":"https://randomuser.me/api/portraits/women/21.jpg","medium":"https://randomuser.me/api/portraits/med/women/21.jpg","thumbnail":"https://randomuser.me/api/portraits/thumb/women/21.jpg"},"nat":"BR"}],"info":{"seed":"7f3ebc75b9d3cab5","results":1,"page":1,"version":"1.4"}} 
 </msg>
<msg time="2024-03-28T00:59:12.631565" level="INFO">/opt/hostedtoolcache/Python/3.12.2/x64/lib/python3.12/site-packages/urllib3/connectionpool.py:1103: InsecureRequestWarning: Unverified HTTPS request is being made to host 'randomuser.me'. Adding certificate verification is strongly advised. See: https://urllib3.readthedocs.io/en/latest/advanced-usage.html#tls-warnings
  warnings.warn(</msg>
<msg time="2024-03-28T00:59:12.631733" level="INFO">${response} = &lt;Response [200]&gt;</msg>
<var>${response}</var>
<arg>consultarAPI</arg>
<arg>/api</arg>
<doc>Sends a GET request on a previously created HTTP Session.</doc>
<status status="PASS" start="2024-03-28T00:59:12.537529" elapsed="0.094248"/>
</kw>
<kw name="Set Variable" owner="BuiltIn">
<msg time="2024-03-28T00:59:12.633435" level="INFO">${json_data} = {'results': [{'gender': 'female', 'name': {'title': 'Miss', 'first': 'Xênia', 'last': 'Farias'}, 'location': {'street': {'number': 7164, 'name': 'Rua Espirito Santo '}, 'city': 'Joinville', 'state': '...</msg>
<var>${json_data}</var>
<arg>${response.json()}</arg>
<doc>Returns the given values which can then be assigned to a variables.</doc>
<status status="PASS" start="2024-03-28T00:59:12.632553" elapsed="0.000933"/>
</kw>
<kw name="Log" owner="BuiltIn">
<msg time="2024-03-28T00:59:12.634209" level="INFO">{'results': [{'gender': 'female', 'name': {'title': 'Miss', 'first': 'Xênia', 'last': 'Farias'}, 'location': {'street': {'number': 7164, 'name': 'Rua Espirito Santo '}, 'city': 'Joinville', 'state': 'Pará', 'country': 'Brazil', 'postcode': 17738, 'coordinates': {'latitude': '-79.6564', 'longitude': '118.8904'}, 'timezone': {'offset': '+11:00', 'description': 'Magadan, Solomon Islands, New Caledonia'}}, 'email': 'xenia.farias@example.com', 'login': {'uuid': 'f61fb579-1932-4cf7-b31e-a0773a2b53d6', 'username': 'tinyostrich106', 'password': 'annmarie', 'salt': 'KolU9B0p', 'md5': '67a902164f982e62cb8a1eacd12893c4', 'sha1': '7acdc2a42d6d1f7db55db44b9de2df6a1751ed67', 'sha256': '836408c14f9d2c10ee3b0bcafd67907b61914c80ae37438bc917857917026412'}, 'dob': {'date': '1971-09-06T02:47:40.500Z', 'age': 52}, 'registered': {'date': '2012-01-22T05:22:32.073Z', 'age': 12}, 'phone': '(61) 7328-3047', 'cell': '(73) 9164-2523', 'id': {'name': 'CPF', 'value': '063.382.309-42'}, 'picture': {'large': 'https://randomuser.me/api/portraits/women/21.jpg', 'medium': 'https://randomuser.me/api/portraits/med/women/21.jpg', 'thumbnail': 'https://randomuser.me/api/portraits/thumb/women/21.jpg'}, 'nat': 'BR'}], 'info': {'seed': '7f3ebc75b9d3cab5', 'results': 1, 'page': 1, 'version': '1.4'}}</msg>
<arg>${json_data}</arg>
<doc>Logs the given message with the given level.</doc>
<status status="PASS" start="2024-03-28T00:59:12.633981" elapsed="0.000351"/>
</kw>
<kw name="Should Be Equal As Numbers" owner="BuiltIn">
<arg>${json_data['results'][0]['location']['postcode']}</arg>
<arg>${json_data['results'][0]['location']['postcode']}</arg>
<doc>Fails if objects are unequal after converting them to real numbers.</doc>
<status status="PASS" start="2024-03-28T00:59:12.634771" elapsed="0.001043"/>
</kw>
<kw name="Log" owner="BuiltIn">
<msg time="2024-03-28T00:59:12.636726" level="INFO">17738</msg>
<arg>${json_data['results'][0]['location']['postcode']}</arg>
<doc>Logs the given message with the given level.</doc>
<status status="PASS" start="2024-03-28T00:59:12.636125" elapsed="0.000675"/>
</kw>
<status status="PASS" start="2024-03-28T00:59:12.537141" elapsed="0.100069"/>
</kw>
<doc>Testa se os tipos de dados na resposta da API estão corretos.</doc>
<tag>testeTiposDados</tag>
<status status="PASS" start="2024-03-28T00:59:12.452359" elapsed="0.185150"/>
</test>
<test id="s1-s1-t5" name="Validar conteudo" line="35">
<kw name="Teste de Tipos de Conteudo" owner="random-user-service">
<kw name="GET On Session" owner="RequestsLibrary">
<msg time="2024-03-28T00:59:12.730017" level="INFO">GET Request : url=https://randomuser.me/api 
 path_url=/api 
 headers={'User-Agent': 'python-requests/2.31.0', 'Accept-Encoding': 'gzip, deflate', 'Accept': '*/*', 'Connection': 'keep-alive'} 
 body=None 
 </msg>
<msg time="2024-03-28T00:59:12.730116" level="INFO">GET Response : url=https://randomuser.me/api 
 status=200, reason=OK 
 headers={'Date': 'Thu, 28 Mar 2024 00:59:12 GMT', 'Content-Type': 'application/json; charset=utf-8', 'Transfer-Encoding': 'chunked', 'Connection': 'keep-alive', 'X-Powered-By': 'Express', 'Access-Control-Allow-Origin': '*', 'Cache-Control': 'no-cache', 'ETag': 'W/"46d-vfuwAyPBNd9vcuLj1faRjfKfS+A"', 'Vary': 'Accept-Encoding', 'Content-Encoding': 'gzip', 'CF-Cache-Status': 'DYNAMIC', 'Report-To': '{"endpoints":[{"url":"https:\\/\\/a.nel.cloudflare.com\\/report\\/v4?s=e0auEh1PiluiVp1wgHxI9q10NyC1v1RFG6jsa8fpHtv5tZxdvAOGcT0wwQYSPIAeO8em6kBMMqK0M4IAuBXErBCbtOrnGLncoeW9ocYmM2%2BVUhCErnkA7QLSTTJk4zKD"}],"group":"cf-nel","max_age":604800}', 'NEL': '{"success_fraction":0,"report_to":"cf-nel","max_age":604800}', 'Server': 'cloudflare', 'CF-RAY': '86b3ad1bfb042da2-ORD', 'alt-svc': 'h3=":443"; ma=86400'} 
 body={"results":[{"gender":"male","name":{"title":"Mr","first":"Radan","last":"Shvidkiy"},"location":{"street":{"number":9933,"name":"Ryasniy provulok"},"city":"Derazhnya","state":"Kirovogradska","country":"Ukraine","postcode":48950,"coordinates":{"latitude":"81.3855","longitude":"-26.2841"},"timezone":{"offset":"+3:30","description":"Tehran"}},"email":"radan.shvidkiy@example.com","login":{"uuid":"bf9fc366-64ff-4f20-b67b-048097413151","username":"heavypanda149","password":"gong","salt":"yt898kap","md5":"b8c5160f19f66e8a412175f5f1682bc4","sha1":"1c2c1bfe8737977842e4f53f8595faabe3c29a88","sha256":"0cd29723d4024b31849117363e7144a374a7fab257d1d946862dc07be4b7c31f"},"dob":{"date":"1960-06-20T21:12:10.786Z","age":63},"registered":{"date":"2013-01-13T13:11:08.255Z","age":11},"phone":"(097) M21-1031","cell":"(099) G19-0803","id":{"name":"","value":null},"picture":{"large":"https://randomuser.me/api/portraits/men/5.jpg","medium":"https://randomuser.me/api/portraits/med/men/5.jpg","thumbnail":"https://randomuser.me/api/portraits/thumb/men/5.jpg"},"nat":"UA"}],"info":{"seed":"58be5829e28b3edf","results":1,"page":1,"version":"1.4"}} 
 </msg>
<msg time="2024-03-28T00:59:12.730186" level="INFO">/opt/hostedtoolcache/Python/3.12.2/x64/lib/python3.12/site-packages/urllib3/connectionpool.py:1103: InsecureRequestWarning: Unverified HTTPS request is being made to host 'randomuser.me'. Adding certificate verification is strongly advised. See: https://urllib3.readthedocs.io/en/latest/advanced-usage.html#tls-warnings
  warnings.warn(</msg>
<msg time="2024-03-28T00:59:12.730313" level="INFO">${response} = &lt;Response [200]&gt;</msg>
<var>${response}</var>
<arg>consultarAPI</arg>
<arg>/api</arg>
<doc>Sends a GET request on a previously created HTTP Session.</doc>
<status status="PASS" start="2024-03-28T00:59:12.641817" elapsed="0.088537"/>
</kw>
<kw name="Set Variable" owner="BuiltIn">
<msg time="2024-03-28T00:59:12.731599" level="INFO">${json_data} = {'results': [{'gender': 'male', 'name': {'title': 'Mr', 'first': 'Radan', 'last': 'Shvidkiy'}, 'location': {'street': {'number': 9933, 'name': 'Ryasniy provulok'}, 'city': 'Derazhnya', 'state': 'Kirov...</msg>
<var>${json_data}</var>
<arg>${response.json()}</arg>
<doc>Returns the given values which can then be assigned to a variables.</doc>
<status status="PASS" start="2024-03-28T00:59:12.731013" elapsed="0.000615"/>
</kw>
<kw name="Set Variable" owner="BuiltIn">
<msg time="2024-03-28T00:59:12.732331" level="INFO">${name_title} = Mr</msg>
<var>${name_title}</var>
<arg>${json_data["results"][0]["name"]["title"]}</arg>
<doc>Returns the given values which can then be assigned to a variables.</doc>
<status status="PASS" start="2024-03-28T00:59:12.731941" elapsed="0.000416"/>
</kw>
<kw name="Create List" owner="BuiltIn">
<msg time="2024-03-28T00:59:12.732858" level="INFO">${allowed_titles} = ['Mr', 'Ms', 'Miss', 'Mrs', 'Madame', 'Monsieur']</msg>
<var>${allowed_titles}</var>
<arg>Mr</arg>
<arg>Ms</arg>
<arg>Miss</arg>
<arg>Mrs</arg>
<arg>Madame</arg>
<arg>Monsieur</arg>
<doc>Returns a list containing given items.</doc>
<status status="PASS" start="2024-03-28T00:59:12.732704" elapsed="0.000178"/>
</kw>
<kw name="List Should Contain Value" owner="Collections">
<msg time="2024-03-28T00:59:12.733380" level="INFO">False</msg>
<arg>${allowed_titles}</arg>
<arg>${name_title}</arg>
<doc>Fails if the ``value`` is not found from ``list``.</doc>
<status status="PASS" start="2024-03-28T00:59:12.733196" elapsed="0.000222"/>
</kw>
<kw name="Set Variable" owner="BuiltIn">
<msg time="2024-03-28T00:59:12.734094" level="INFO">${name_country} = UA</msg>
<var>${name_country}</var>
<arg>${json_data["results"][0]["nat"]}</arg>
<doc>Returns the given values which can then be assigned to a variables.</doc>
<status status="PASS" start="2024-03-28T00:59:12.733712" elapsed="0.000408"/>
</kw>
<kw name="Create List" owner="BuiltIn">
<msg time="2024-03-28T00:59:12.735037" level="INFO">${list_country} = ['AD', 'AE', 'AF', 'AG', 'AI', 'AL', 'AM', 'AO', 'AQ', 'AR', 'AS', 'AT', 'AU', 'AW', 'AX', 'AZ', 'BA', 'BB', 'BD', 'BE', 'BF', 'BG', 'BH', 'BI', 'BJ', 'BL', 'BM', 'BN', 'BO', 'BQ', 'BR', 'BS', 'BT', '...</msg>
<var>${list_country}</var>
<arg>AD</arg>
<arg>AE</arg>
<arg>AF</arg>
<arg>AG</arg>
<arg>AI</arg>
<arg>AL</arg>
<arg>AM</arg>
<arg>AO</arg>
<arg>AQ</arg>
<arg>AR</arg>
<arg>AS</arg>
<arg>AT</arg>
<arg>AU</arg>
<arg>AW</arg>
<arg>AX</arg>
<arg>AZ</arg>
<arg>BA</arg>
<arg>BB</arg>
<arg>BD</arg>
<arg>BE</arg>
<arg>BF</arg>
<arg>BG</arg>
<arg>BH</arg>
<arg>BI</arg>
<arg>BJ</arg>
<arg>BL</arg>
<arg>BM</arg>
<arg>BN</arg>
<arg>BO</arg>
<arg>BQ</arg>
<arg>BR</arg>
<arg>BS</arg>
<arg>BT</arg>
<arg>BV</arg>
<arg>BW</arg>
<arg>BY</arg>
<arg>BZ</arg>
<arg>CA</arg>
<arg>CC</arg>
<arg>CD</arg>
<arg>CF</arg>
<arg>CG</arg>
<arg>CH</arg>
<arg>CI</arg>
<arg>CK</arg>
<arg>CL</arg>
<arg>CM</arg>
<arg>CN</arg>
<arg>CO</arg>
<arg>CR</arg>
<arg>CU</arg>
<arg>CV</arg>
<arg>CW</arg>
<arg>CX</arg>
<arg>CY</arg>
<arg>CZ</arg>
<arg>DE</arg>
<arg>DJ</arg>
<arg>DK</arg>
<arg>DM</arg>
<arg>DO</arg>
<arg>DZ</arg>
<arg>EC</arg>
<arg>EE</arg>
<arg>EG</arg>
<arg>EH</arg>
<arg>ER</arg>
<arg>ES</arg>
<arg>ET</arg>
<arg>FI</arg>
<arg>FJ</arg>
<arg>FK</arg>
<arg>FM</arg>
<arg>FO</arg>
<arg>FR</arg>
<arg>GA</arg>
<arg>GB</arg>
<arg>GD</arg>
<arg>GE</arg>
<arg>GF</arg>
<arg>GG</arg>
<arg>GH</arg>
<arg>GI</arg>
<arg>GL</arg>
<arg>GM</arg>
<arg>GN</arg>
<arg>GP</arg>
<arg>GQ</arg>
<arg>GR</arg>
<arg>GS</arg>
<arg>GT</arg>
<arg>GU</arg>
<arg>GW</arg>
<arg>GY</arg>
<arg>HK</arg>
<arg>HM</arg>
<arg>HN</arg>
<arg>HR</arg>
<arg>HT</arg>
<arg>HU</arg>
<arg>ID</arg>
<arg>IE</arg>
<arg>IL</arg>
<arg>IM</arg>
<arg>IN</arg>
<arg>IO</arg>
<arg>IQ</arg>
<arg>IR</arg>
<arg>IS</arg>
<arg>IT</arg>
<arg>JE</arg>
<arg>JM</arg>
<arg>JO</arg>
<arg>JP</arg>
<arg>KE</arg>
<arg>KG</arg>
<arg>KH</arg>
<arg>KI</arg>
<arg>KM</arg>
<arg>KN</arg>
<arg>KP</arg>
<arg>KR</arg>
<arg>KW</arg>
<arg>KY</arg>
<arg>KZ</arg>
<arg>LA</arg>
<arg>LB</arg>
<arg>LC</arg>
<arg>LI</arg>
<arg>LK</arg>
<arg>LR</arg>
<arg>LS</arg>
<arg>LT</arg>
<arg>LU</arg>
<arg>LV</arg>
<arg>LY</arg>
<arg>MA</arg>
<arg>MC</arg>
<arg>MD</arg>
<arg>ME</arg>
<arg>MF</arg>
<arg>MG</arg>
<arg>MH</arg>
<arg>MK</arg>
<arg>ML</arg>
<arg>MM</arg>
<arg>MN</arg>
<arg>MO</arg>
<arg>MP</arg>
<arg>MQ</arg>
<arg>MR</arg>
<arg>MS</arg>
<arg>MT</arg>
<arg>MU</arg>
<arg>MV</arg>
<arg>MW</arg>
<arg>MX</arg>
<arg>MY</arg>
<arg>MZ</arg>
<arg>NA</arg>
<arg>NC</arg>
<arg>NE</arg>
<arg>NF</arg>
<arg>NG</arg>
<arg>NI</arg>
<arg>NL</arg>
<arg>NO</arg>
<arg>NP</arg>
<arg>NR</arg>
<arg>NU</arg>
<arg>NZ</arg>
<arg>OM</arg>
<arg>PA</arg>
<arg>PE</arg>
<arg>PF</arg>
<arg>PG</arg>
<arg>PH</arg>
<arg>PK</arg>
<arg>PL</arg>
<arg>PM</arg>
<arg>PN</arg>
<arg>PR</arg>
<arg>PS</arg>
<arg>PT</arg>
<arg>PW</arg>
<arg>PY</arg>
<arg>QA</arg>
<arg>RE</arg>
<arg>RO</arg>
<arg>RS</arg>
<arg>RU</arg>
<arg>RW</arg>
<arg>SA</arg>
<arg>SB</arg>
<arg>SC</arg>
<arg>SD</arg>
<arg>SE</arg>
<arg>SG</arg>
<arg>SH</arg>
<arg>SI</arg>
<arg>SJ</arg>
<arg>SK</arg>
<arg>SL</arg>
<arg>SM</arg>
<arg>SN</arg>
<arg>SO</arg>
<arg>SR</arg>
<arg>SS</arg>
<arg>ST</arg>
<arg>SV</arg>
<arg>SX</arg>
<arg>SY</arg>
<arg>SZ</arg>
<arg>TC</arg>
<arg>TD</arg>
<arg>TF</arg>
<arg>TG</arg>
<arg>TH</arg>
<arg>TJ</arg>
<arg>TK</arg>
<arg>TL</arg>
<arg>TM</arg>
<arg>TN</arg>
<arg>TO</arg>
<arg>TR</arg>
<arg>TT</arg>
<arg>TV</arg>
<arg>TW</arg>
<arg>TZ</arg>
<arg>UA</arg>
<arg>UG</arg>
<arg>UM</arg>
<arg>US</arg>
<arg>UY</arg>
<arg>UZ</arg>
<arg>VA</arg>
<arg>VC</arg>
<arg>VE</arg>
<arg>VG</arg>
<arg>VI</arg>
<arg>VN</arg>
<arg>VU</arg>
<arg>WF</arg>
<arg>WS</arg>
<arg>XK</arg>
<arg>YE</arg>
<arg>YT</arg>
<arg>ZA</arg>
<arg>ZM</arg>
<arg>ZW</arg>
<doc>Returns a list containing given items.</doc>
<status status="PASS" start="2024-03-28T00:59:12.734432" elapsed="0.000632"/>
</kw>
<kw name="List Should Contain Value" owner="Collections">
<msg time="2024-03-28T00:59:12.736201" level="INFO">False</msg>
<arg>${list_country}</arg>
<arg>${name_country}</arg>
<doc>Fails if the ``value`` is not found from ``list``.</doc>
<status status="PASS" start="2024-03-28T00:59:12.735991" elapsed="0.000248"/>
</kw>
<kw name="Run Keyword If" owner="BuiltIn">
<kw name="Should Be True" owner="BuiltIn">
<arg>${True}</arg>
<doc>Fails if the given condition is not true.</doc>
<status status="PASS" start="2024-03-28T00:59:12.737364" elapsed="0.000149"/>
</kw>
<arg>${json_data["results"][0]["location"]["coordinates"]["latitude"]} &gt;= -90 and ${json_data["results"][0]["location"]["coordinates"]["latitude"]} &lt;= 90</arg>
<arg>Should Be True</arg>
<arg>${True}</arg>
<doc>Runs the given keyword with the given arguments, if ``condition`` is true.</doc>
<status status="PASS" start="2024-03-28T00:59:12.736591" elapsed="0.001066"/>
</kw>
<kw name="Run Keyword If" owner="BuiltIn">
<kw name="Should Be True" owner="BuiltIn">
<arg>${True}</arg>
<doc>Fails if the given condition is not true.</doc>
<status status="PASS" start="2024-03-28T00:59:12.738560" elapsed="0.000142"/>
</kw>
<arg>${json_data["results"][0]["location"]["coordinates"]["longitude"]} &gt;= -180 and ${json_data["results"][0]["location"]["coordinates"]["longitude"]} &lt;= 180</arg>
<arg>Should Be True</arg>
<arg>${True}</arg>
<doc>Runs the given keyword with the given arguments, if ``condition`` is true.</doc>
<status status="PASS" start="2024-03-28T00:59:12.737849" elapsed="0.000980"/>
</kw>
<status status="PASS" start="2024-03-28T00:59:12.641440" elapsed="0.097524"/>
</kw>
<doc>Testa o conteúdo específico dos campos retornados pela API.</doc>
<tag>testeConteudo</tag>
<status status="PASS" start="2024-03-28T00:59:12.640745" elapsed="0.098382"/>
</test>
<status status="PASS" start="2024-03-28T00:59:11.854247" elapsed="0.886903"/>
</suite>
<status status="PASS" start="2024-03-28T00:59:11.840317" elapsed="0.906295"/>
</suite>
<statistics>
<total>
<stat pass="5" fail="0" skip="0">All Tests</stat>
</total>
<tag>
<stat pass="1" fail="0" skip="0">testeConteudo</stat>
<stat pass="1" fail="0" skip="0">testeEstruturaResposta</stat>
<stat pass="1" fail="0" skip="0">testeRequisicaoBasica</stat>
<stat pass="1" fail="0" skip="0">testeTiposDados</stat>
</tag>
<suite>
<stat pass="5" fail="0" skip="0" id="s1" name="Tests">Tests</stat>
<stat pass="5" fail="0" skip="0" id="s1-s1" name="Random-User-Test">Tests.Random-User-Test</stat>
</suite>
</statistics>
<errors>
</errors>
</robot>
