<?xml version="1.0" encoding="UTF-8"?>
<robot generator="Robot 7.0 (Python 3.12.2 on linux)" generated="2024-03-30T12:22:08.026610" rpa="false" schemaversion="5">
<suite id="s1" name="Tests" source="/home/runner/work/DesafioQAItauRogerioJordao/DesafioQAItauRogerioJordao/RamdonUser/tests">
<suite id="s1-s1" name="Random-User-Test" source="/home/runner/work/DesafioQAItauRogerioJordao/DesafioQAItauRogerioJordao/RamdonUser/tests/random-user-test.robot">
<test id="s1-s1-t1" name="Conectar" line="13">
<kw name="Conectar API" owner="random-user-service">
<kw name="Create Session" owner="RequestsLibrary">
<msg time="2024-03-30T12:22:08.392122" level="INFO">Creating Session using : alias=consultarAPI, url=https://randomuser.me/, headers={},                     cookies={}, auth=None, timeout=None, proxies=None, verify=False,                     debug=0 </msg>
<arg>consultarAPI</arg>
<arg>${URL}</arg>
<doc>Create Session: create a HTTP session to a server</doc>
<status status="PASS" start="2024-03-30T12:22:08.391928" elapsed="0.000351"/>
</kw>
<status status="PASS" start="2024-03-30T12:22:08.390924" elapsed="0.001697"/>
</kw>
<status status="PASS" start="2024-03-30T12:22:08.390435" elapsed="0.002387"/>
</test>
<test id="s1-s1-t2" name="Validar retorno 200 e JSON Válido" line="16">
<kw name="Teste de Requisicao Basica" owner="random-user-service">
<kw name="GET On Session" owner="RequestsLibrary">
<msg time="2024-03-30T12:22:08.442245" level="INFO">GET Request : url=https://randomuser.me/api 
 path_url=/api 
 headers={'User-Agent': 'python-requests/2.31.0', 'Accept-Encoding': 'gzip, deflate', 'Accept': '*/*', 'Connection': 'keep-alive'} 
 body=None 
 </msg>
<msg time="2024-03-30T12:22:08.442372" level="INFO">GET Response : url=https://randomuser.me/api 
 status=200, reason=OK 
 headers={'Date': 'Sat, 30 Mar 2024 12:22:08 GMT', 'Content-Type': 'application/json; charset=utf-8', 'Transfer-Encoding': 'chunked', 'Connection': 'keep-alive', 'X-Powered-By': 'Express', 'Access-Control-Allow-Origin': '*', 'Cache-Control': 'no-cache', 'ETag': 'W/"4a9-sd7oeeOWZ6XotWgR4HlRgcIjusk"', 'Vary': 'Accept-Encoding', 'Content-Encoding': 'gzip', 'CF-Cache-Status': 'DYNAMIC', 'Report-To': '{"endpoints":[{"url":"https:\\/\\/a.nel.cloudflare.com\\/report\\/v4?s=HKkDYbqRxS6n1UMFNxn0WN22QDtLmPyDCx7IpxawhCCMBfP7XnOOSigCgxEyNztEdi2Z3mxDUI9UeP%2FroN%2FimJnFKPUN9Bhclqib%2B2FhWe%2FJm%2BVFrxAIOVH6DuNn3zhr"}],"group":"cf-nel","max_age":604800}', 'NEL': '{"success_fraction":0,"report_to":"cf-nel","max_age":604800}', 'Server': 'cloudflare', 'CF-RAY': '86c8103e9b99073b-IAD', 'alt-svc': 'h3=":443"; ma=86400'} 
 body={"results":[{"gender":"female","name":{"title":"Ms","first":"Amina","last":"da Cunha"},"location":{"street":{"number":2145,"name":"Rua Espirito Santo "},"city":"Campo Largo","state":"Amazonas","country":"Brazil","postcode":47027,"coordinates":{"latitude":"-76.1490","longitude":"128.7842"},"timezone":{"offset":"+3:00","description":"Baghdad, Riyadh, Moscow, St. Petersburg"}},"email":"amina.dacunha@example.com","login":{"uuid":"03c83532-6ad1-4fcc-ae93-ecfb9d588c9c","username":"bluetiger783","password":"minimoni","salt":"P1f8UV54","md5":"413bb2fc29cf8ce3a4e6b1fbaadb0996","sha1":"fd32a28dd14e89ce0bd393e00e993f850a283d37","sha256":"b1980637e6ab08c1720bbeece3ff61cd7a7c2079527b28feffe84487f53873e3"},"dob":{"date":"1999-12-03T21:59:36.744Z","age":24},"registered":{"date":"2016-09-24T16:27:26.647Z","age":7},"phone":"(83) 5575-7282","cell":"(91) 8739-9134","id":{"name":"CPF","value":"803.373.345-33"},"picture":{"large":"https://randomuser.me/api/portraits/women/60.jpg","medium":"https://randomuser.me/api/portraits/med/women/60.jpg","thumbnail":"https://randomuser.me/api/portraits/thumb/women/60.jpg"},"nat":"BR"}],"info":{"seed":"4d29246e78817ec7","results":1,"page":1,"version":"1.4"}} 
 </msg>
<msg time="2024-03-30T12:22:08.442485" level="INFO">/opt/hostedtoolcache/Python/3.12.2/x64/lib/python3.12/site-packages/urllib3/connectionpool.py:1103: InsecureRequestWarning: Unverified HTTPS request is being made to host 'randomuser.me'. Adding certificate verification is strongly advised. See: https://urllib3.readthedocs.io/en/latest/advanced-usage.html#tls-warnings
  warnings.warn(</msg>
<msg time="2024-03-30T12:22:08.442617" level="INFO">${response} = &lt;Response [200]&gt;</msg>
<var>${response}</var>
<arg>consultarAPI</arg>
<arg>/api</arg>
<doc>Sends a GET request on a previously created HTTP Session.</doc>
<status status="PASS" start="2024-03-30T12:22:08.395370" elapsed="0.047300"/>
</kw>
<kw name="Should Be Equal As Numbers" owner="BuiltIn">
<msg time="2024-03-30T12:22:08.443528" level="INFO">Argument types are:
&lt;class 'int'&gt;
&lt;class 'str'&gt;</msg>
<arg>${response.status_code}</arg>
<arg>200</arg>
<doc>Fails if objects are unequal after converting them to real numbers.</doc>
<status status="PASS" start="2024-03-30T12:22:08.443102" elapsed="0.000488"/>
</kw>
<kw name="Log" owner="BuiltIn">
<msg time="2024-03-30T12:22:08.444269" level="INFO">200</msg>
<arg>${response.status_code}</arg>
<doc>Logs the given message with the given level.</doc>
<status status="PASS" start="2024-03-30T12:22:08.443912" elapsed="0.000401"/>
</kw>
<kw name="Set Variable" owner="BuiltIn">
<msg time="2024-03-30T12:22:08.445097" level="INFO">${json_data} = {'results': [{'gender': 'female', 'name': {'title': 'Ms', 'first': 'Amina', 'last': 'da Cunha'}, 'location': {'street': {'number': 2145, 'name': 'Rua Espirito Santo '}, 'city': 'Campo Largo', 'state':...</msg>
<var>${json_data}</var>
<arg>${response.json()}</arg>
<doc>Returns the given values which can then be assigned to a variables.</doc>
<status status="PASS" start="2024-03-30T12:22:08.444659" elapsed="0.000467"/>
</kw>
<kw name="Dictionary Should Contain Key" owner="Collections">
<msg time="2024-03-30T12:22:08.445590" level="INFO">False</msg>
<arg>${json_data}</arg>
<arg>results</arg>
<doc>Fails if ``key`` is not found from ``dictionary``.</doc>
<status status="PASS" start="2024-03-30T12:22:08.445426" elapsed="0.000203"/>
</kw>
<status status="PASS" start="2024-03-30T12:22:08.395094" elapsed="0.050795"/>
</kw>
<doc>Testa se a API responde corretamente e retorna um objeto JSON válido.</doc>
<tag>testeRequisicaoBasica</tag>
<status status="PASS" start="2024-03-30T12:22:08.394632" elapsed="0.051428"/>
</test>
<test id="s1-s1-t3" name="Validar estrutura de resposta" line="22">
<kw name="Teste de Estrutura de Resposta" owner="random-user-service">
<kw name="GET On Session" owner="RequestsLibrary">
<msg time="2024-03-30T12:22:08.546277" level="INFO">GET Request : url=https://randomuser.me/api 
 path_url=/api 
 headers={'User-Agent': 'python-requests/2.31.0', 'Accept-Encoding': 'gzip, deflate', 'Accept': '*/*', 'Connection': 'keep-alive'} 
 body=None 
 </msg>
<msg time="2024-03-30T12:22:08.546360" level="INFO">GET Response : url=https://randomuser.me/api 
 status=200, reason=OK 
 headers={'Date': 'Sat, 30 Mar 2024 12:22:08 GMT', 'Content-Type': 'application/json; charset=utf-8', 'Transfer-Encoding': 'chunked', 'Connection': 'keep-alive', 'X-Powered-By': 'Express', 'Access-Control-Allow-Origin': '*', 'Cache-Control': 'no-cache', 'ETag': 'W/"4a7-itnrHmrUP8toRtjmP7uEpfP+oMs"', 'Vary': 'Accept-Encoding', 'Content-Encoding': 'gzip', 'CF-Cache-Status': 'DYNAMIC', 'Report-To': '{"endpoints":[{"url":"https:\\/\\/a.nel.cloudflare.com\\/report\\/v4?s=d5qfUEFA2E4Iacnsu5pOGwm9zppAAaBWbzUBxwHs6W%2Fim1LTrXFr3JAMIqzJNE34Hktjt8O8QPXMCa0F0d35EZ%2FwuPb%2FdLTGxkp5xAGWcat4N0Edlg0cgtFjBWCx3PJf"}],"group":"cf-nel","max_age":604800}', 'NEL': '{"success_fraction":0,"report_to":"cf-nel","max_age":604800}', 'Server': 'cloudflare', 'CF-RAY': '86c8103edbe3073b-IAD', 'alt-svc': 'h3=":443"; ma=86400'} 
 body={"results":[{"gender":"female","name":{"title":"Ms","first":"Julia","last":"Karjala"},"location":{"street":{"number":4487,"name":"Satakennankatu"},"city":"Kaarina","state":"Northern Savonia","country":"Finland","postcode":23059,"coordinates":{"latitude":"-22.8058","longitude":"91.4460"},"timezone":{"offset":"-5:00","description":"Eastern Time (US &amp; Canada), Bogota, Lima"}},"email":"julia.karjala@example.com","login":{"uuid":"64f37c36-25f4-4bb7-8237-7d20657a1962","username":"heavykoala856","password":"collie","salt":"t0qRTCWk","md5":"d7e11d85db79c3d5dd8a4f2fbef8d209","sha1":"46a099552061a563f2e924710640ce60abab6664","sha256":"342ec69464aaca3de41079a19a0417771aa127e28422c47212072509dd7907d6"},"dob":{"date":"1953-01-22T01:05:30.413Z","age":71},"registered":{"date":"2002-12-23T17:10:49.638Z","age":21},"phone":"04-460-641","cell":"047-384-25-88","id":{"name":"HETU","value":"NaNNA424undefined"},"picture":{"large":"https://randomuser.me/api/portraits/women/42.jpg","medium":"https://randomuser.me/api/portraits/med/women/42.jpg","thumbnail":"https://randomuser.me/api/portraits/thumb/women/42.jpg"},"nat":"FI"}],"info":{"seed":"1129afd693a864f0","results":1,"page":1,"version":"1.4"}} 
 </msg>
<msg time="2024-03-30T12:22:08.546490" level="INFO">/opt/hostedtoolcache/Python/3.12.2/x64/lib/python3.12/site-packages/urllib3/connectionpool.py:1103: InsecureRequestWarning: Unverified HTTPS request is being made to host 'randomuser.me'. Adding certificate verification is strongly advised. See: https://urllib3.readthedocs.io/en/latest/advanced-usage.html#tls-warnings
  warnings.warn(</msg>
<msg time="2024-03-30T12:22:08.546617" level="INFO">${response} = &lt;Response [200]&gt;</msg>
<var>${response}</var>
<arg>consultarAPI</arg>
<arg>/api</arg>
<doc>Sends a GET request on a previously created HTTP Session.</doc>
<status status="PASS" start="2024-03-30T12:22:08.448679" elapsed="0.097984"/>
</kw>
<kw name="Set Variable" owner="BuiltIn">
<msg time="2024-03-30T12:22:08.547588" level="INFO">${json_data} = {'results': [{'gender': 'female', 'name': {'title': 'Ms', 'first': 'Julia', 'last': 'Karjala'}, 'location': {'street': {'number': 4487, 'name': 'Satakennankatu'}, 'city': 'Kaarina', 'state': 'Northern...</msg>
<var>${json_data}</var>
<arg>${response.json()}</arg>
<doc>Returns the given values which can then be assigned to a variables.</doc>
<status status="PASS" start="2024-03-30T12:22:08.547090" elapsed="0.000527"/>
</kw>
<kw name="Log" owner="BuiltIn">
<msg time="2024-03-30T12:22:08.548098" level="INFO">{'results': [{'gender': 'female', 'name': {'title': 'Ms', 'first': 'Julia', 'last': 'Karjala'}, 'location': {'street': {'number': 4487, 'name': 'Satakennankatu'}, 'city': 'Kaarina', 'state': 'Northern Savonia', 'country': 'Finland', 'postcode': 23059, 'coordinates': {'latitude': '-22.8058', 'longitude': '91.4460'}, 'timezone': {'offset': '-5:00', 'description': 'Eastern Time (US &amp; Canada), Bogota, Lima'}}, 'email': 'julia.karjala@example.com', 'login': {'uuid': '64f37c36-25f4-4bb7-8237-7d20657a1962', 'username': 'heavykoala856', 'password': 'collie', 'salt': 't0qRTCWk', 'md5': 'd7e11d85db79c3d5dd8a4f2fbef8d209', 'sha1': '46a099552061a563f2e924710640ce60abab6664', 'sha256': '342ec69464aaca3de41079a19a0417771aa127e28422c47212072509dd7907d6'}, 'dob': {'date': '1953-01-22T01:05:30.413Z', 'age': 71}, 'registered': {'date': '2002-12-23T17:10:49.638Z', 'age': 21}, 'phone': '04-460-641', 'cell': '047-384-25-88', 'id': {'name': 'HETU', 'value': 'NaNNA424undefined'}, 'picture': {'large': 'https://randomuser.me/api/portraits/women/42.jpg', 'medium': 'https://randomuser.me/api/portraits/med/women/42.jpg', 'thumbnail': 'https://randomuser.me/api/portraits/thumb/women/42.jpg'}, 'nat': 'FI'}], 'info': {'seed': '1129afd693a864f0', 'results': 1, 'page': 1, 'version': '1.4'}}</msg>
<arg>${json_data}</arg>
<doc>Logs the given message with the given level.</doc>
<status status="PASS" start="2024-03-30T12:22:08.547938" elapsed="0.000210"/>
</kw>
<kw name="Dictionary Should Contain Key" owner="Collections">
<msg time="2024-03-30T12:22:08.548595" level="INFO">False</msg>
<arg>${json_data}</arg>
<arg>results</arg>
<doc>Fails if ``key`` is not found from ``dictionary``.</doc>
<status status="PASS" start="2024-03-30T12:22:08.548444" elapsed="0.000189"/>
</kw>
<kw name="Should Not Be Empty" owner="BuiltIn">
<msg time="2024-03-30T12:22:08.549061" level="INFO">Length is 2.</msg>
<arg>${json_data}</arg>
<doc>Verifies that the given item is not empty.</doc>
<status status="PASS" start="2024-03-30T12:22:08.548925" elapsed="0.000175"/>
</kw>
<kw name="Create List" owner="BuiltIn">
<msg time="2024-03-30T12:22:08.549544" level="INFO">${expected_keys} = ['gender', 'name', 'location', 'email', 'login']</msg>
<var>${expected_keys}</var>
<arg>gender</arg>
<arg>name</arg>
<arg>location</arg>
<arg>email</arg>
<arg>login</arg>
<doc>Returns a list containing given items.</doc>
<status status="PASS" start="2024-03-30T12:22:08.549392" elapsed="0.000177"/>
</kw>
<for flavor="IN">
<iter>
<kw name="Dictionary Should Contain Key" owner="Collections">
<msg time="2024-03-30T12:22:08.550537" level="INFO">False</msg>
<arg>${json_data['results'][0]}</arg>
<arg>${key}</arg>
<doc>Fails if ``key`` is not found from ``dictionary``.</doc>
<status status="PASS" start="2024-03-30T12:22:08.550136" elapsed="0.000441"/>
</kw>
<kw name="Log" owner="BuiltIn">
<msg time="2024-03-30T12:22:08.551275" level="INFO">{'gender': 'female', 'name': {'title': 'Ms', 'first': 'Julia', 'last': 'Karjala'}, 'location': {'street': {'number': 4487, 'name': 'Satakennankatu'}, 'city': 'Kaarina', 'state': 'Northern Savonia', 'country': 'Finland', 'postcode': 23059, 'coordinates': {'latitude': '-22.8058', 'longitude': '91.4460'}, 'timezone': {'offset': '-5:00', 'description': 'Eastern Time (US &amp; Canada), Bogota, Lima'}}, 'email': 'julia.karjala@example.com', 'login': {'uuid': '64f37c36-25f4-4bb7-8237-7d20657a1962', 'username': 'heavykoala856', 'password': 'collie', 'salt': 't0qRTCWk', 'md5': 'd7e11d85db79c3d5dd8a4f2fbef8d209', 'sha1': '46a099552061a563f2e924710640ce60abab6664', 'sha256': '342ec69464aaca3de41079a19a0417771aa127e28422c47212072509dd7907d6'}, 'dob': {'date': '1953-01-22T01:05:30.413Z', 'age': 71}, 'registered': {'date': '2002-12-23T17:10:49.638Z', 'age': 21}, 'phone': '04-460-641', 'cell': '047-384-25-88', 'id': {'name': 'HETU', 'value': 'NaNNA424undefined'}, 'picture': {'large': 'https://randomuser.me/api/portraits/women/42.jpg', 'medium': 'https://randomuser.me/api/portraits/med/women/42.jpg', 'thumbnail': 'https://randomuser.me/api/portraits/thumb/women/42.jpg'}, 'nat': 'FI'}</msg>
<arg>${json_data['results'][0]}</arg>
<doc>Logs the given message with the given level.</doc>
<status status="PASS" start="2024-03-30T12:22:08.550883" elapsed="0.000449"/>
</kw>
<kw name="Log" owner="BuiltIn">
<msg time="2024-03-30T12:22:08.551778" level="INFO">gender</msg>
<arg>${key}</arg>
<doc>Logs the given message with the given level.</doc>
<status status="PASS" start="2024-03-30T12:22:08.551643" elapsed="0.000175"/>
</kw>
<var name="${key}">gender</var>
<status status="PASS" start="2024-03-30T12:22:08.550013" elapsed="0.002030"/>
</iter>
<iter>
<kw name="Dictionary Should Contain Key" owner="Collections">
<msg time="2024-03-30T12:22:08.552741" level="INFO">False</msg>
<arg>${json_data['results'][0]}</arg>
<arg>${key}</arg>
<doc>Fails if ``key`` is not found from ``dictionary``.</doc>
<status status="PASS" start="2024-03-30T12:22:08.552356" elapsed="0.000459"/>
</kw>
<kw name="Log" owner="BuiltIn">
<msg time="2024-03-30T12:22:08.553491" level="INFO">{'gender': 'female', 'name': {'title': 'Ms', 'first': 'Julia', 'last': 'Karjala'}, 'location': {'street': {'number': 4487, 'name': 'Satakennankatu'}, 'city': 'Kaarina', 'state': 'Northern Savonia', 'country': 'Finland', 'postcode': 23059, 'coordinates': {'latitude': '-22.8058', 'longitude': '91.4460'}, 'timezone': {'offset': '-5:00', 'description': 'Eastern Time (US &amp; Canada), Bogota, Lima'}}, 'email': 'julia.karjala@example.com', 'login': {'uuid': '64f37c36-25f4-4bb7-8237-7d20657a1962', 'username': 'heavykoala856', 'password': 'collie', 'salt': 't0qRTCWk', 'md5': 'd7e11d85db79c3d5dd8a4f2fbef8d209', 'sha1': '46a099552061a563f2e924710640ce60abab6664', 'sha256': '342ec69464aaca3de41079a19a0417771aa127e28422c47212072509dd7907d6'}, 'dob': {'date': '1953-01-22T01:05:30.413Z', 'age': 71}, 'registered': {'date': '2002-12-23T17:10:49.638Z', 'age': 21}, 'phone': '04-460-641', 'cell': '047-384-25-88', 'id': {'name': 'HETU', 'value': 'NaNNA424undefined'}, 'picture': {'large': 'https://randomuser.me/api/portraits/women/42.jpg', 'medium': 'https://randomuser.me/api/portraits/med/women/42.jpg', 'thumbnail': 'https://randomuser.me/api/portraits/thumb/women/42.jpg'}, 'nat': 'FI'}</msg>
<arg>${json_data['results'][0]}</arg>
<doc>Logs the given message with the given level.</doc>
<status status="PASS" start="2024-03-30T12:22:08.553127" elapsed="0.000414"/>
</kw>
<kw name="Log" owner="BuiltIn">
<msg time="2024-03-30T12:22:08.553972" level="INFO">name</msg>
<arg>${key}</arg>
<doc>Logs the given message with the given level.</doc>
<status status="PASS" start="2024-03-30T12:22:08.553842" elapsed="0.000187"/>
</kw>
<var name="${key}">name</var>
<status status="PASS" start="2024-03-30T12:22:08.552237" elapsed="0.002010"/>
</iter>
<iter>
<kw name="Dictionary Should Contain Key" owner="Collections">
<msg time="2024-03-30T12:22:08.554918" level="INFO">False</msg>
<arg>${json_data['results'][0]}</arg>
<arg>${key}</arg>
<doc>Fails if ``key`` is not found from ``dictionary``.</doc>
<status status="PASS" start="2024-03-30T12:22:08.554542" elapsed="0.000416"/>
</kw>
<kw name="Log" owner="BuiltIn">
<msg time="2024-03-30T12:22:08.555654" level="INFO">{'gender': 'female', 'name': {'title': 'Ms', 'first': 'Julia', 'last': 'Karjala'}, 'location': {'street': {'number': 4487, 'name': 'Satakennankatu'}, 'city': 'Kaarina', 'state': 'Northern Savonia', 'country': 'Finland', 'postcode': 23059, 'coordinates': {'latitude': '-22.8058', 'longitude': '91.4460'}, 'timezone': {'offset': '-5:00', 'description': 'Eastern Time (US &amp; Canada), Bogota, Lima'}}, 'email': 'julia.karjala@example.com', 'login': {'uuid': '64f37c36-25f4-4bb7-8237-7d20657a1962', 'username': 'heavykoala856', 'password': 'collie', 'salt': 't0qRTCWk', 'md5': 'd7e11d85db79c3d5dd8a4f2fbef8d209', 'sha1': '46a099552061a563f2e924710640ce60abab6664', 'sha256': '342ec69464aaca3de41079a19a0417771aa127e28422c47212072509dd7907d6'}, 'dob': {'date': '1953-01-22T01:05:30.413Z', 'age': 71}, 'registered': {'date': '2002-12-23T17:10:49.638Z', 'age': 21}, 'phone': '04-460-641', 'cell': '047-384-25-88', 'id': {'name': 'HETU', 'value': 'NaNNA424undefined'}, 'picture': {'large': 'https://randomuser.me/api/portraits/women/42.jpg', 'medium': 'https://randomuser.me/api/portraits/med/women/42.jpg', 'thumbnail': 'https://randomuser.me/api/portraits/thumb/women/42.jpg'}, 'nat': 'FI'}</msg>
<arg>${json_data['results'][0]}</arg>
<doc>Logs the given message with the given level.</doc>
<status status="PASS" start="2024-03-30T12:22:08.555290" elapsed="0.000418"/>
</kw>
<kw name="Log" owner="BuiltIn">
<msg time="2024-03-30T12:22:08.556132" level="INFO">location</msg>
<arg>${key}</arg>
<doc>Logs the given message with the given level.</doc>
<status status="PASS" start="2024-03-30T12:22:08.556004" elapsed="0.000168"/>
</kw>
<var name="${key}">location</var>
<status status="PASS" start="2024-03-30T12:22:08.554428" elapsed="0.001965"/>
</iter>
<iter>
<kw name="Dictionary Should Contain Key" owner="Collections">
<msg time="2024-03-30T12:22:08.557063" level="INFO">False</msg>
<arg>${json_data['results'][0]}</arg>
<arg>${key}</arg>
<doc>Fails if ``key`` is not found from ``dictionary``.</doc>
<status status="PASS" start="2024-03-30T12:22:08.556682" elapsed="0.000419"/>
</kw>
<kw name="Log" owner="BuiltIn">
<msg time="2024-03-30T12:22:08.557754" level="INFO">{'gender': 'female', 'name': {'title': 'Ms', 'first': 'Julia', 'last': 'Karjala'}, 'location': {'street': {'number': 4487, 'name': 'Satakennankatu'}, 'city': 'Kaarina', 'state': 'Northern Savonia', 'country': 'Finland', 'postcode': 23059, 'coordinates': {'latitude': '-22.8058', 'longitude': '91.4460'}, 'timezone': {'offset': '-5:00', 'description': 'Eastern Time (US &amp; Canada), Bogota, Lima'}}, 'email': 'julia.karjala@example.com', 'login': {'uuid': '64f37c36-25f4-4bb7-8237-7d20657a1962', 'username': 'heavykoala856', 'password': 'collie', 'salt': 't0qRTCWk', 'md5': 'd7e11d85db79c3d5dd8a4f2fbef8d209', 'sha1': '46a099552061a563f2e924710640ce60abab6664', 'sha256': '342ec69464aaca3de41079a19a0417771aa127e28422c47212072509dd7907d6'}, 'dob': {'date': '1953-01-22T01:05:30.413Z', 'age': 71}, 'registered': {'date': '2002-12-23T17:10:49.638Z', 'age': 21}, 'phone': '04-460-641', 'cell': '047-384-25-88', 'id': {'name': 'HETU', 'value': 'NaNNA424undefined'}, 'picture': {'large': 'https://randomuser.me/api/portraits/women/42.jpg', 'medium': 'https://randomuser.me/api/portraits/med/women/42.jpg', 'thumbnail': 'https://randomuser.me/api/portraits/thumb/women/42.jpg'}, 'nat': 'FI'}</msg>
<arg>${json_data['results'][0]}</arg>
<doc>Logs the given message with the given level.</doc>
<status status="PASS" start="2024-03-30T12:22:08.557401" elapsed="0.000402"/>
</kw>
<kw name="Log" owner="BuiltIn">
<msg time="2024-03-30T12:22:08.558223" level="INFO">email</msg>
<arg>${key}</arg>
<doc>Logs the given message with the given level.</doc>
<status status="PASS" start="2024-03-30T12:22:08.558095" elapsed="0.000167"/>
</kw>
<var name="${key}">email</var>
<status status="PASS" start="2024-03-30T12:22:08.556570" elapsed="0.001910"/>
</iter>
<iter>
<kw name="Dictionary Should Contain Key" owner="Collections">
<msg time="2024-03-30T12:22:08.559182" level="INFO">False</msg>
<arg>${json_data['results'][0]}</arg>
<arg>${key}</arg>
<doc>Fails if ``key`` is not found from ``dictionary``.</doc>
<status status="PASS" start="2024-03-30T12:22:08.558775" elapsed="0.000445"/>
</kw>
<kw name="Log" owner="BuiltIn">
<msg time="2024-03-30T12:22:08.559878" level="INFO">{'gender': 'female', 'name': {'title': 'Ms', 'first': 'Julia', 'last': 'Karjala'}, 'location': {'street': {'number': 4487, 'name': 'Satakennankatu'}, 'city': 'Kaarina', 'state': 'Northern Savonia', 'country': 'Finland', 'postcode': 23059, 'coordinates': {'latitude': '-22.8058', 'longitude': '91.4460'}, 'timezone': {'offset': '-5:00', 'description': 'Eastern Time (US &amp; Canada), Bogota, Lima'}}, 'email': 'julia.karjala@example.com', 'login': {'uuid': '64f37c36-25f4-4bb7-8237-7d20657a1962', 'username': 'heavykoala856', 'password': 'collie', 'salt': 't0qRTCWk', 'md5': 'd7e11d85db79c3d5dd8a4f2fbef8d209', 'sha1': '46a099552061a563f2e924710640ce60abab6664', 'sha256': '342ec69464aaca3de41079a19a0417771aa127e28422c47212072509dd7907d6'}, 'dob': {'date': '1953-01-22T01:05:30.413Z', 'age': 71}, 'registered': {'date': '2002-12-23T17:10:49.638Z', 'age': 21}, 'phone': '04-460-641', 'cell': '047-384-25-88', 'id': {'name': 'HETU', 'value': 'NaNNA424undefined'}, 'picture': {'large': 'https://randomuser.me/api/portraits/women/42.jpg', 'medium': 'https://randomuser.me/api/portraits/med/women/42.jpg', 'thumbnail': 'https://randomuser.me/api/portraits/thumb/women/42.jpg'}, 'nat': 'FI'}</msg>
<arg>${json_data['results'][0]}</arg>
<doc>Logs the given message with the given level.</doc>
<status status="PASS" start="2024-03-30T12:22:08.559519" elapsed="0.000408"/>
</kw>
<kw name="Log" owner="BuiltIn">
<msg time="2024-03-30T12:22:08.560350" level="INFO">login</msg>
<arg>${key}</arg>
<doc>Logs the given message with the given level.</doc>
<status status="PASS" start="2024-03-30T12:22:08.560222" elapsed="0.000299"/>
</kw>
<var name="${key}">login</var>
<status status="PASS" start="2024-03-30T12:22:08.558658" elapsed="0.002088"/>
</iter>
<var>${key}</var>
<value>@{expected_keys}</value>
<status status="PASS" start="2024-03-30T12:22:08.549830" elapsed="0.011040"/>
</for>
<kw name="Create List" owner="BuiltIn">
<msg time="2024-03-30T12:22:08.561204" level="INFO">${expected_keysTwo} = ['username', 'password']</msg>
<var>${expected_keysTwo}</var>
<arg>username</arg>
<arg>password</arg>
<doc>Returns a list containing given items.</doc>
<status status="PASS" start="2024-03-30T12:22:08.561063" elapsed="0.000165"/>
</kw>
<for flavor="IN">
<iter>
<kw name="Dictionary Should Contain Key" owner="Collections">
<msg time="2024-03-30T12:22:08.562121" level="INFO">False</msg>
<arg>${json_data['results'][0]['login']}</arg>
<arg>${keyTwo}</arg>
<doc>Fails if ``key`` is not found from ``dictionary``.</doc>
<status status="PASS" start="2024-03-30T12:22:08.561734" elapsed="0.000425"/>
</kw>
<kw name="Dictionary Should Contain Key" owner="Collections">
<msg time="2024-03-30T12:22:08.562848" level="INFO">False</msg>
<arg>${json_data['results'][0]['login']}</arg>
<arg>${keyTwo}</arg>
<doc>Fails if ``key`` is not found from ``dictionary``.</doc>
<status status="PASS" start="2024-03-30T12:22:08.562468" elapsed="0.000418"/>
</kw>
<kw name="Log" owner="BuiltIn">
<msg time="2024-03-30T12:22:08.563333" level="INFO">username</msg>
<arg>${keyTwo}</arg>
<doc>Logs the given message with the given level.</doc>
<status status="PASS" start="2024-03-30T12:22:08.563202" elapsed="0.000170"/>
</kw>
<var name="${keyTwo}">username</var>
<status status="PASS" start="2024-03-30T12:22:08.561622" elapsed="0.001977"/>
</iter>
<iter>
<kw name="Dictionary Should Contain Key" owner="Collections">
<msg time="2024-03-30T12:22:08.564269" level="INFO">False</msg>
<arg>${json_data['results'][0]['login']}</arg>
<arg>${keyTwo}</arg>
<doc>Fails if ``key`` is not found from ``dictionary``.</doc>
<status status="PASS" start="2024-03-30T12:22:08.563891" elapsed="0.000415"/>
</kw>
<kw name="Dictionary Should Contain Key" owner="Collections">
<msg time="2024-03-30T12:22:08.564980" level="INFO">False</msg>
<arg>${json_data['results'][0]['login']}</arg>
<arg>${keyTwo}</arg>
<doc>Fails if ``key`` is not found from ``dictionary``.</doc>
<status status="PASS" start="2024-03-30T12:22:08.564599" elapsed="0.000424"/>
</kw>
<kw name="Log" owner="BuiltIn">
<msg time="2024-03-30T12:22:08.565447" level="INFO">password</msg>
<arg>${keyTwo}</arg>
<doc>Logs the given message with the given level.</doc>
<status status="PASS" start="2024-03-30T12:22:08.565317" elapsed="0.000169"/>
</kw>
<var name="${keyTwo}">password</var>
<status status="PASS" start="2024-03-30T12:22:08.563778" elapsed="0.001926"/>
</iter>
<var>${keyTwo}</var>
<value>@{expected_keysTwo}</value>
<status status="PASS" start="2024-03-30T12:22:08.561470" elapsed="0.004357"/>
</for>
<status status="PASS" start="2024-03-30T12:22:08.448449" elapsed="0.117519"/>
</kw>
<doc>Testa a estrutura da resposta da API.</doc>
<tag>testeEstruturaResposta</tag>
<status status="PASS" start="2024-03-30T12:22:08.447880" elapsed="0.118244"/>
</test>
<test id="s1-s1-t4" name="Validar tipos de dados" line="28">
<kw name="Teste de Tipos de Dados" owner="random-user-service">
<kw name="GET On Session" owner="RequestsLibrary">
<msg time="2024-03-30T12:22:08.643025" level="INFO">GET Request : url=https://randomuser.me/api 
 path_url=/api 
 headers={'User-Agent': 'python-requests/2.31.0', 'Accept-Encoding': 'gzip, deflate', 'Accept': '*/*', 'Connection': 'keep-alive'} 
 body=None 
 </msg>
<msg time="2024-03-30T12:22:08.643088" level="INFO">GET Response : url=https://randomuser.me/api 
 status=200, reason=OK 
 headers={'Date': 'Sat, 30 Mar 2024 12:22:08 GMT', 'Content-Type': 'application/json; charset=utf-8', 'Transfer-Encoding': 'chunked', 'Connection': 'keep-alive', 'X-Powered-By': 'Express', 'Access-Control-Allow-Origin': '*', 'Cache-Control': 'no-cache', 'ETag': 'W/"49b-ifgBx8vzvrSMadWYmwdNp3PLELg"', 'Vary': 'Accept-Encoding', 'Content-Encoding': 'gzip', 'CF-Cache-Status': 'DYNAMIC', 'Report-To': '{"endpoints":[{"url":"https:\\/\\/a.nel.cloudflare.com\\/report\\/v4?s=6Q2Y3MRuC28K3cLnBQZi4EKrYzWL8MolD3eG9hRbfn2F76GwJcH53h4nlA5thDltZzF3js2mbwEWAxtkWBiHpAy%2F0WWNfm1EprmWDZTWYj6Sokpdgz2ZEdNbYQt77OLa"}],"group":"cf-nel","max_age":604800}', 'NEL': '{"success_fraction":0,"report_to":"cf-nel","max_age":604800}', 'Server': 'cloudflare', 'CF-RAY': '86c8103f8cad073b-IAD', 'alt-svc': 'h3=":443"; ma=86400'} 
 body={"results":[{"gender":"male","name":{"title":"Mr","first":"Taras","last":"Bilonozhko"},"location":{"street":{"number":7284,"name":"Oleksandra Arhipenka"},"city":"Hristinivka","state":"Hmelnicka","country":"Ukraine","postcode":18974,"coordinates":{"latitude":"76.5334","longitude":"-177.5928"},"timezone":{"offset":"+9:00","description":"Tokyo, Seoul, Osaka, Sapporo, Yakutsk"}},"email":"taras.bilonozhko@example.com","login":{"uuid":"d1eb0ee1-8a96-4c47-b10b-e7f6f01e38d2","username":"beautifulpanda913","password":"annie1","salt":"GQIAVqCS","md5":"3880d2de5477f300d56385bee25057e3","sha1":"1e857d61abb63301c77a91f6185a2e1e12bfdaca","sha256":"b650aeb338a0cfc231b30390e3d61bf293c92d74015b81c1815801432f6528ff"},"dob":{"date":"1972-08-07T17:02:59.695Z","age":51},"registered":{"date":"2021-05-07T14:22:12.835Z","age":2},"phone":"(099) B09-2581","cell":"(097) D07-7830","id":{"name":"","value":null},"picture":{"large":"https://randomuser.me/api/portraits/men/42.jpg","medium":"https://randomuser.me/api/portraits/med/men/42.jpg","thumbnail":"https://randomuser.me/api/portraits/thumb/men/42.jpg"},"nat":"UA"}],"info":{"seed":"50f7d91a50085b7f","results":1,"page":1,"version":"1.4"}} 
 </msg>
<msg time="2024-03-30T12:22:08.643172" level="INFO">/opt/hostedtoolcache/Python/3.12.2/x64/lib/python3.12/site-packages/urllib3/connectionpool.py:1103: InsecureRequestWarning: Unverified HTTPS request is being made to host 'randomuser.me'. Adding certificate verification is strongly advised. See: https://urllib3.readthedocs.io/en/latest/advanced-usage.html#tls-warnings
  warnings.warn(</msg>
<msg time="2024-03-30T12:22:08.643263" level="INFO">${response} = &lt;Response [200]&gt;</msg>
<var>${response}</var>
<arg>consultarAPI</arg>
<arg>/api</arg>
<doc>Sends a GET request on a previously created HTTP Session.</doc>
<status status="PASS" start="2024-03-30T12:22:08.568528" elapsed="0.074772"/>
</kw>
<kw name="Set Variable" owner="BuiltIn">
<msg time="2024-03-30T12:22:08.644097" level="INFO">${json_data} = {'results': [{'gender': 'male', 'name': {'title': 'Mr', 'first': 'Taras', 'last': 'Bilonozhko'}, 'location': {'street': {'number': 7284, 'name': 'Oleksandra Arhipenka'}, 'city': 'Hristinivka', 'state'...</msg>
<var>${json_data}</var>
<arg>${response.json()}</arg>
<doc>Returns the given values which can then be assigned to a variables.</doc>
<status status="PASS" start="2024-03-30T12:22:08.643658" elapsed="0.000467"/>
</kw>
<kw name="Log" owner="BuiltIn">
<msg time="2024-03-30T12:22:08.644709" level="INFO">{'results': [{'gender': 'male', 'name': {'title': 'Mr', 'first': 'Taras', 'last': 'Bilonozhko'}, 'location': {'street': {'number': 7284, 'name': 'Oleksandra Arhipenka'}, 'city': 'Hristinivka', 'state': 'Hmelnicka', 'country': 'Ukraine', 'postcode': 18974, 'coordinates': {'latitude': '76.5334', 'longitude': '-177.5928'}, 'timezone': {'offset': '+9:00', 'description': 'Tokyo, Seoul, Osaka, Sapporo, Yakutsk'}}, 'email': 'taras.bilonozhko@example.com', 'login': {'uuid': 'd1eb0ee1-8a96-4c47-b10b-e7f6f01e38d2', 'username': 'beautifulpanda913', 'password': 'annie1', 'salt': 'GQIAVqCS', 'md5': '3880d2de5477f300d56385bee25057e3', 'sha1': '1e857d61abb63301c77a91f6185a2e1e12bfdaca', 'sha256': 'b650aeb338a0cfc231b30390e3d61bf293c92d74015b81c1815801432f6528ff'}, 'dob': {'date': '1972-08-07T17:02:59.695Z', 'age': 51}, 'registered': {'date': '2021-05-07T14:22:12.835Z', 'age': 2}, 'phone': '(099) B09-2581', 'cell': '(097) D07-7830', 'id': {'name': '', 'value': None}, 'picture': {'large': 'https://randomuser.me/api/portraits/men/42.jpg', 'medium': 'https://randomuser.me/api/portraits/med/men/42.jpg', 'thumbnail': 'https://randomuser.me/api/portraits/thumb/men/42.jpg'}, 'nat': 'UA'}], 'info': {'seed': '50f7d91a50085b7f', 'results': 1, 'page': 1, 'version': '1.4'}}</msg>
<arg>${json_data}</arg>
<doc>Logs the given message with the given level.</doc>
<status status="PASS" start="2024-03-30T12:22:08.644466" elapsed="0.000399"/>
</kw>
<kw name="Should Be String" owner="String">
<arg>${json_data['results'][0]['gender']}</arg>
<doc>Fails if the given ``item`` is not a string.</doc>
<status status="PASS" start="2024-03-30T12:22:08.645274" elapsed="0.000374"/>
</kw>
<kw name="Should Match Regexp" owner="BuiltIn">
<arg>${json_data['results'][0]['email']}</arg>
<arg>^[a-zA-Z0-9._%+-]+@[a-zA-Z0-9.-]+\.[a-zA-Z]{2,}$</arg>
<doc>Fails if ``string`` does not match ``pattern`` as a regular expression.</doc>
<status status="PASS" start="2024-03-30T12:22:08.645846" elapsed="0.000508"/>
</kw>
<kw name="Should Match Regexp" owner="BuiltIn">
<arg>${json_data['results'][0]['dob']['date']}</arg>
<arg>\\d{4}-\\d{2}-\\d{2}T\\d{2}:\\d{2}:\\d{2}\\.\\d{3}Z</arg>
<doc>Fails if ``string`` does not match ``pattern`` as a regular expression.</doc>
<status status="PASS" start="2024-03-30T12:22:08.646552" elapsed="0.000497"/>
</kw>
<kw name="Should Match Regexp" owner="BuiltIn">
<arg>${json_data['results'][0]['registered']['date']}</arg>
<arg>\\d{4}-\\d{2}-\\d{2}T\\d{2}:\\d{2}:\\d{2}\\.\\d{3}Z</arg>
<doc>Fails if ``string`` does not match ``pattern`` as a regular expression.</doc>
<status status="PASS" start="2024-03-30T12:22:08.647282" elapsed="0.000375"/>
</kw>
<kw name="Should Match Regexp" owner="BuiltIn">
<arg>${json_data['results'][0]['picture']['large']}</arg>
<arg>^https?://.*\.(?:png|jpe?g|gif|bmp)$</arg>
<doc>Fails if ``string`` does not match ``pattern`` as a regular expression.</doc>
<status status="PASS" start="2024-03-30T12:22:08.647848" elapsed="0.000465"/>
</kw>
<kw name="Should Match Regexp" owner="BuiltIn">
<arg>${json_data['results'][0]['picture']['medium']}</arg>
<arg>^https?://.*\.(?:png|jpe?g|gif|bmp)$</arg>
<doc>Fails if ``string`` does not match ``pattern`` as a regular expression.</doc>
<status status="PASS" start="2024-03-30T12:22:08.648505" elapsed="0.000360"/>
</kw>
<kw name="Should Match Regexp" owner="BuiltIn">
<arg>${json_data['results'][0]['picture']['thumbnail']}</arg>
<arg>^https?://.*\.(?:png|jpe?g|gif|bmp)$</arg>
<doc>Fails if ``string`` does not match ``pattern`` as a regular expression.</doc>
<status status="PASS" start="2024-03-30T12:22:08.649052" elapsed="0.000360"/>
</kw>
<kw name="Log" owner="BuiltIn">
<msg time="2024-03-30T12:22:08.649915" level="INFO">{'large': 'https://randomuser.me/api/portraits/men/42.jpg', 'medium': 'https://randomuser.me/api/portraits/med/men/42.jpg', 'thumbnail': 'https://randomuser.me/api/portraits/thumb/men/42.jpg'}</msg>
<arg>${json_data['results'][0]['picture']}</arg>
<doc>Logs the given message with the given level.</doc>
<status status="PASS" start="2024-03-30T12:22:08.649595" elapsed="0.000367"/>
</kw>
<status status="PASS" start="2024-03-30T12:22:08.568305" elapsed="0.081913"/>
</kw>
<kw name="Teste de Tipos de Dados - Postcode" owner="random-user-service">
<kw name="GET On Session" owner="RequestsLibrary">
<msg time="2024-03-30T12:22:08.768151" level="INFO">GET Request : url=https://randomuser.me/api 
 path_url=/api 
 headers={'User-Agent': 'python-requests/2.31.0', 'Accept-Encoding': 'gzip, deflate', 'Accept': '*/*', 'Connection': 'keep-alive'} 
 body=None 
 </msg>
<msg time="2024-03-30T12:22:08.768235" level="INFO">GET Response : url=https://randomuser.me/api 
 status=200, reason=OK 
 headers={'Date': 'Sat, 30 Mar 2024 12:22:08 GMT', 'Content-Type': 'application/json; charset=utf-8', 'Transfer-Encoding': 'chunked', 'Connection': 'keep-alive', 'X-Powered-By': 'Express', 'Access-Control-Allow-Origin': '*', 'Cache-Control': 'no-cache', 'ETag': 'W/"49a-A0b4R2ohc10fplwu/WOa1bv9SGg"', 'Vary': 'Accept-Encoding', 'Content-Encoding': 'gzip', 'CF-Cache-Status': 'DYNAMIC', 'Report-To': '{"endpoints":[{"url":"https:\\/\\/a.nel.cloudflare.com\\/report\\/v4?s=pfdg4WZ26i7Ci7EqOB1tFemMiyvVg%2FkK38EtRxPy8rgxJAlAmxdVSzvRjI%2BSx%2By0mzblKr25omJ4cicqCUD4Ys%2FJ7f81CvKgJZn1E%2FmIC6nYBx64xi7PIekL2BSZLb%2B0"}],"group":"cf-nel","max_age":604800}', 'NEL': '{"success_fraction":0,"report_to":"cf-nel","max_age":604800}', 'Server': 'cloudflare', 'CF-RAY': '86c810401d23073b-IAD', 'alt-svc': 'h3=":443"; ma=86400'} 
 body={"results":[{"gender":"female","name":{"title":"Mrs","first":"Vaibhavi","last":"Jain"},"location":{"street":{"number":6245,"name":"Bandstand Promenade"},"city":"Alwar","state":"Andhra Pradesh","country":"India","postcode":44444,"coordinates":{"latitude":"5.7249","longitude":"71.8731"},"timezone":{"offset":"+3:00","description":"Baghdad, Riyadh, Moscow, St. Petersburg"}},"email":"vaibhavi.jain@example.com","login":{"uuid":"f5a89000-6e92-4e1d-97d7-5bec5d0a4274","username":"lazyfrog725","password":"stereo","salt":"6Ll6e1wC","md5":"260c27b0182cead837e5de12c04d66ab","sha1":"c02cd02590830cbf590901bbb667e379558b499e","sha256":"de4c21da9415e6e91744741f86ceff1f5bd2e757b67733eca9e15fd9a01c8be6"},"dob":{"date":"1994-09-18T06:17:35.182Z","age":29},"registered":{"date":"2018-06-22T19:44:35.991Z","age":5},"phone":"9062142727","cell":"9346448639","id":{"name":"UIDAI","value":"141332387435"},"picture":{"large":"https://randomuser.me/api/portraits/women/30.jpg","medium":"https://randomuser.me/api/portraits/med/women/30.jpg","thumbnail":"https://randomuser.me/api/portraits/thumb/women/30.jpg"},"nat":"IN"}],"info":{"seed":"8f61e04064f889b7","results":1,"page":1,"version":"1.4"}} 
 </msg>
<msg time="2024-03-30T12:22:08.768323" level="INFO">/opt/hostedtoolcache/Python/3.12.2/x64/lib/python3.12/site-packages/urllib3/connectionpool.py:1103: InsecureRequestWarning: Unverified HTTPS request is being made to host 'randomuser.me'. Adding certificate verification is strongly advised. See: https://urllib3.readthedocs.io/en/latest/advanced-usage.html#tls-warnings
  warnings.warn(</msg>
<msg time="2024-03-30T12:22:08.768434" level="INFO">${response} = &lt;Response [200]&gt;</msg>
<var>${response}</var>
<arg>consultarAPI</arg>
<arg>/api</arg>
<doc>Sends a GET request on a previously created HTTP Session.</doc>
<status status="PASS" start="2024-03-30T12:22:08.650801" elapsed="0.117665"/>
</kw>
<kw name="Set Variable" owner="BuiltIn">
<msg time="2024-03-30T12:22:08.769294" level="INFO">${json_data} = {'results': [{'gender': 'female', 'name': {'title': 'Mrs', 'first': 'Vaibhavi', 'last': 'Jain'}, 'location': {'street': {'number': 6245, 'name': 'Bandstand Promenade'}, 'city': 'Alwar', 'state': 'Andh...</msg>
<var>${json_data}</var>
<arg>${response.json()}</arg>
<doc>Returns the given values which can then be assigned to a variables.</doc>
<status status="PASS" start="2024-03-30T12:22:08.768840" elapsed="0.000482"/>
</kw>
<kw name="Log" owner="BuiltIn">
<msg time="2024-03-30T12:22:08.769777" level="INFO">{'results': [{'gender': 'female', 'name': {'title': 'Mrs', 'first': 'Vaibhavi', 'last': 'Jain'}, 'location': {'street': {'number': 6245, 'name': 'Bandstand Promenade'}, 'city': 'Alwar', 'state': 'Andhra Pradesh', 'country': 'India', 'postcode': 44444, 'coordinates': {'latitude': '5.7249', 'longitude': '71.8731'}, 'timezone': {'offset': '+3:00', 'description': 'Baghdad, Riyadh, Moscow, St. Petersburg'}}, 'email': 'vaibhavi.jain@example.com', 'login': {'uuid': 'f5a89000-6e92-4e1d-97d7-5bec5d0a4274', 'username': 'lazyfrog725', 'password': 'stereo', 'salt': '6Ll6e1wC', 'md5': '260c27b0182cead837e5de12c04d66ab', 'sha1': 'c02cd02590830cbf590901bbb667e379558b499e', 'sha256': 'de4c21da9415e6e91744741f86ceff1f5bd2e757b67733eca9e15fd9a01c8be6'}, 'dob': {'date': '1994-09-18T06:17:35.182Z', 'age': 29}, 'registered': {'date': '2018-06-22T19:44:35.991Z', 'age': 5}, 'phone': '9062142727', 'cell': '9346448639', 'id': {'name': 'UIDAI', 'value': '141332387435'}, 'picture': {'large': 'https://randomuser.me/api/portraits/women/30.jpg', 'medium': 'https://randomuser.me/api/portraits/med/women/30.jpg', 'thumbnail': 'https://randomuser.me/api/portraits/thumb/women/30.jpg'}, 'nat': 'IN'}], 'info': {'seed': '8f61e04064f889b7', 'results': 1, 'page': 1, 'version': '1.4'}}</msg>
<arg>${json_data}</arg>
<doc>Logs the given message with the given level.</doc>
<status status="PASS" start="2024-03-30T12:22:08.769626" elapsed="0.000232"/>
</kw>
<kw name="Should Be Equal As Numbers" owner="BuiltIn">
<arg>${json_data['results'][0]['location']['postcode']}</arg>
<arg>${json_data['results'][0]['location']['postcode']}</arg>
<doc>Fails if objects are unequal after converting them to real numbers.</doc>
<status status="PASS" start="2024-03-30T12:22:08.770158" elapsed="0.000614"/>
</kw>
<kw name="Log" owner="BuiltIn">
<msg time="2024-03-30T12:22:08.771347" level="INFO">44444</msg>
<arg>${json_data['results'][0]['location']['postcode']}</arg>
<doc>Logs the given message with the given level.</doc>
<status status="PASS" start="2024-03-30T12:22:08.770964" elapsed="0.000424"/>
</kw>
<status status="PASS" start="2024-03-30T12:22:08.650432" elapsed="0.121208"/>
</kw>
<doc>Testa se os tipos de dados na resposta da API estão corretos.</doc>
<tag>testeTiposDados</tag>
<status status="PASS" start="2024-03-30T12:22:08.567887" elapsed="0.203911"/>
</test>
<test id="s1-s1-t5" name="Validar conteudo" line="35">
<kw name="Teste de Tipos de Conteudo" owner="random-user-service">
<kw name="GET On Session" owner="RequestsLibrary">
<msg time="2024-03-30T12:22:08.845849" level="INFO">GET Request : url=https://randomuser.me/api 
 path_url=/api 
 headers={'User-Agent': 'python-requests/2.31.0', 'Accept-Encoding': 'gzip, deflate', 'Accept': '*/*', 'Connection': 'keep-alive'} 
 body=None 
 </msg>
<msg time="2024-03-30T12:22:08.845932" level="INFO">GET Response : url=https://randomuser.me/api 
 status=200, reason=OK 
 headers={'Date': 'Sat, 30 Mar 2024 12:22:08 GMT', 'Content-Type': 'application/json; charset=utf-8', 'Transfer-Encoding': 'chunked', 'Connection': 'keep-alive', 'X-Powered-By': 'Express', 'Access-Control-Allow-Origin': '*', 'Cache-Control': 'no-cache', 'ETag': 'W/"49e-b407f9PdJ8GVQ4ABWHJhlBsciv0"', 'Vary': 'Accept-Encoding', 'Content-Encoding': 'gzip', 'CF-Cache-Status': 'DYNAMIC', 'Report-To': '{"endpoints":[{"url":"https:\\/\\/a.nel.cloudflare.com\\/report\\/v4?s=MzASYkM7JW8lc9avS96MYlH%2F8mjHi94udM3B0tdA7crvD9lPbLLxOCuaygk1f6AkqKY6%2BAT6puppcikEAJZe1oZF7BueW%2FFoHF9QvLy3py%2FClqaKvbX2s6n2Ygrk3yrh"}],"group":"cf-nel","max_age":604800}', 'NEL': '{"success_fraction":0,"report_to":"cf-nel","max_age":604800}', 'Server': 'cloudflare', 'CF-RAY': '86c81040ddf1073b-IAD', 'alt-svc': 'h3=":443"; ma=86400'} 
 body={"results":[{"gender":"female","name":{"title":"Mrs","first":"Kristin","last":"Curtis"},"location":{"street":{"number":5308,"name":"Highfield Road"},"city":"Wolverhampton","state":"Tyne and Wear","country":"United Kingdom","postcode":"V94 7TR","coordinates":{"latitude":"-8.9907","longitude":"92.0736"},"timezone":{"offset":"+9:30","description":"Adelaide, Darwin"}},"email":"kristin.curtis@example.com","login":{"uuid":"935e84fe-6648-4092-a6bc-8e667317420e","username":"smallleopard942","password":"redeye","salt":"yrGdMjlx","md5":"dcc7f310317007214b28227dba8fe521","sha1":"5ed5bdbb047b046470464222fac918bd3c552148","sha256":"d6e4d9fb9e8c10c2383b0f20cad6a3b031b6c4b3c9e4f5585163a4ef0ede80f6"},"dob":{"date":"1967-02-11T23:58:26.538Z","age":57},"registered":{"date":"2010-09-19T00:03:10.514Z","age":13},"phone":"016974 41164","cell":"07930 180763","id":{"name":"NINO","value":"YX 39 39 61 H"},"picture":{"large":"https://randomuser.me/api/portraits/women/47.jpg","medium":"https://randomuser.me/api/portraits/med/women/47.jpg","thumbnail":"https://randomuser.me/api/portraits/thumb/women/47.jpg"},"nat":"GB"}],"info":{"seed":"989b5d0c5510e51d","results":1,"page":1,"version":"1.4"}} 
 </msg>
<msg time="2024-03-30T12:22:08.846003" level="INFO">/opt/hostedtoolcache/Python/3.12.2/x64/lib/python3.12/site-packages/urllib3/connectionpool.py:1103: InsecureRequestWarning: Unverified HTTPS request is being made to host 'randomuser.me'. Adding certificate verification is strongly advised. See: https://urllib3.readthedocs.io/en/latest/advanced-usage.html#tls-warnings
  warnings.warn(</msg>
<msg time="2024-03-30T12:22:08.846122" level="INFO">${response} = &lt;Response [200]&gt;</msg>
<var>${response}</var>
<arg>consultarAPI</arg>
<arg>/api</arg>
<doc>Sends a GET request on a previously created HTTP Session.</doc>
<status status="PASS" start="2024-03-30T12:22:08.774128" elapsed="0.072043"/>
</kw>
<kw name="Set Variable" owner="BuiltIn">
<msg time="2024-03-30T12:22:08.847080" level="INFO">${json_data} = {'results': [{'gender': 'female', 'name': {'title': 'Mrs', 'first': 'Kristin', 'last': 'Curtis'}, 'location': {'street': {'number': 5308, 'name': 'Highfield Road'}, 'city': 'Wolverhampton', 'state': '...</msg>
<var>${json_data}</var>
<arg>${response.json()}</arg>
<doc>Returns the given values which can then be assigned to a variables.</doc>
<status status="PASS" start="2024-03-30T12:22:08.846630" elapsed="0.000478"/>
</kw>
<kw name="Set Variable" owner="BuiltIn">
<msg time="2024-03-30T12:22:08.847836" level="INFO">${name_title} = Mrs</msg>
<var>${name_title}</var>
<arg>${json_data["results"][0]["name"]["title"]}</arg>
<doc>Returns the given values which can then be assigned to a variables.</doc>
<status status="PASS" start="2024-03-30T12:22:08.847455" elapsed="0.000406"/>
</kw>
<kw name="Create List" owner="BuiltIn">
<msg time="2024-03-30T12:22:08.848309" level="INFO">${allowed_titles} = ['Mr', 'Ms', 'Miss', 'Mrs', 'Madame', 'Monsieur']</msg>
<var>${allowed_titles}</var>
<arg>Mr</arg>
<arg>Ms</arg>
<arg>Miss</arg>
<arg>Mrs</arg>
<arg>Madame</arg>
<arg>Monsieur</arg>
<doc>Returns a list containing given items.</doc>
<status status="PASS" start="2024-03-30T12:22:08.848160" elapsed="0.000173"/>
</kw>
<kw name="List Should Contain Value" owner="Collections">
<msg time="2024-03-30T12:22:08.848806" level="INFO">False</msg>
<arg>${allowed_titles}</arg>
<arg>${name_title}</arg>
<doc>Fails if the ``value`` is not found from ``list``.</doc>
<status status="PASS" start="2024-03-30T12:22:08.848637" elapsed="0.000206"/>
</kw>
<kw name="Set Variable" owner="BuiltIn">
<msg time="2024-03-30T12:22:08.849511" level="INFO">${name_country} = GB</msg>
<var>${name_country}</var>
<arg>${json_data["results"][0]["nat"]}</arg>
<doc>Returns the given values which can then be assigned to a variables.</doc>
<status status="PASS" start="2024-03-30T12:22:08.849135" elapsed="0.000402"/>
</kw>
<kw name="Create List" owner="BuiltIn">
<msg time="2024-03-30T12:22:08.850447" level="INFO">${list_country} = ['AD', 'AE', 'AF', 'AG', 'AI', 'AL', 'AM', 'AO', 'AQ', 'AR', 'AS', 'AT', 'AU', 'AW', 'AX', 'AZ', 'BA', 'BB', 'BD', 'BE', 'BF', 'BG', 'BH', 'BI', 'BJ', 'BL', 'BM', 'BN', 'BO', 'BQ', 'BR', 'BS', 'BT', '...</msg>
<var>${list_country}</var>
<arg>AD</arg>
<arg>AE</arg>
<arg>AF</arg>
<arg>AG</arg>
<arg>AI</arg>
<arg>AL</arg>
<arg>AM</arg>
<arg>AO</arg>
<arg>AQ</arg>
<arg>AR</arg>
<arg>AS</arg>
<arg>AT</arg>
<arg>AU</arg>
<arg>AW</arg>
<arg>AX</arg>
<arg>AZ</arg>
<arg>BA</arg>
<arg>BB</arg>
<arg>BD</arg>
<arg>BE</arg>
<arg>BF</arg>
<arg>BG</arg>
<arg>BH</arg>
<arg>BI</arg>
<arg>BJ</arg>
<arg>BL</arg>
<arg>BM</arg>
<arg>BN</arg>
<arg>BO</arg>
<arg>BQ</arg>
<arg>BR</arg>
<arg>BS</arg>
<arg>BT</arg>
<arg>BV</arg>
<arg>BW</arg>
<arg>BY</arg>
<arg>BZ</arg>
<arg>CA</arg>
<arg>CC</arg>
<arg>CD</arg>
<arg>CF</arg>
<arg>CG</arg>
<arg>CH</arg>
<arg>CI</arg>
<arg>CK</arg>
<arg>CL</arg>
<arg>CM</arg>
<arg>CN</arg>
<arg>CO</arg>
<arg>CR</arg>
<arg>CU</arg>
<arg>CV</arg>
<arg>CW</arg>
<arg>CX</arg>
<arg>CY</arg>
<arg>CZ</arg>
<arg>DE</arg>
<arg>DJ</arg>
<arg>DK</arg>
<arg>DM</arg>
<arg>DO</arg>
<arg>DZ</arg>
<arg>EC</arg>
<arg>EE</arg>
<arg>EG</arg>
<arg>EH</arg>
<arg>ER</arg>
<arg>ES</arg>
<arg>ET</arg>
<arg>FI</arg>
<arg>FJ</arg>
<arg>FK</arg>
<arg>FM</arg>
<arg>FO</arg>
<arg>FR</arg>
<arg>GA</arg>
<arg>GB</arg>
<arg>GD</arg>
<arg>GE</arg>
<arg>GF</arg>
<arg>GG</arg>
<arg>GH</arg>
<arg>GI</arg>
<arg>GL</arg>
<arg>GM</arg>
<arg>GN</arg>
<arg>GP</arg>
<arg>GQ</arg>
<arg>GR</arg>
<arg>GS</arg>
<arg>GT</arg>
<arg>GU</arg>
<arg>GW</arg>
<arg>GY</arg>
<arg>HK</arg>
<arg>HM</arg>
<arg>HN</arg>
<arg>HR</arg>
<arg>HT</arg>
<arg>HU</arg>
<arg>ID</arg>
<arg>IE</arg>
<arg>IL</arg>
<arg>IM</arg>
<arg>IN</arg>
<arg>IO</arg>
<arg>IQ</arg>
<arg>IR</arg>
<arg>IS</arg>
<arg>IT</arg>
<arg>JE</arg>
<arg>JM</arg>
<arg>JO</arg>
<arg>JP</arg>
<arg>KE</arg>
<arg>KG</arg>
<arg>KH</arg>
<arg>KI</arg>
<arg>KM</arg>
<arg>KN</arg>
<arg>KP</arg>
<arg>KR</arg>
<arg>KW</arg>
<arg>KY</arg>
<arg>KZ</arg>
<arg>LA</arg>
<arg>LB</arg>
<arg>LC</arg>
<arg>LI</arg>
<arg>LK</arg>
<arg>LR</arg>
<arg>LS</arg>
<arg>LT</arg>
<arg>LU</arg>
<arg>LV</arg>
<arg>LY</arg>
<arg>MA</arg>
<arg>MC</arg>
<arg>MD</arg>
<arg>ME</arg>
<arg>MF</arg>
<arg>MG</arg>
<arg>MH</arg>
<arg>MK</arg>
<arg>ML</arg>
<arg>MM</arg>
<arg>MN</arg>
<arg>MO</arg>
<arg>MP</arg>
<arg>MQ</arg>
<arg>MR</arg>
<arg>MS</arg>
<arg>MT</arg>
<arg>MU</arg>
<arg>MV</arg>
<arg>MW</arg>
<arg>MX</arg>
<arg>MY</arg>
<arg>MZ</arg>
<arg>NA</arg>
<arg>NC</arg>
<arg>NE</arg>
<arg>NF</arg>
<arg>NG</arg>
<arg>NI</arg>
<arg>NL</arg>
<arg>NO</arg>
<arg>NP</arg>
<arg>NR</arg>
<arg>NU</arg>
<arg>NZ</arg>
<arg>OM</arg>
<arg>PA</arg>
<arg>PE</arg>
<arg>PF</arg>
<arg>PG</arg>
<arg>PH</arg>
<arg>PK</arg>
<arg>PL</arg>
<arg>PM</arg>
<arg>PN</arg>
<arg>PR</arg>
<arg>PS</arg>
<arg>PT</arg>
<arg>PW</arg>
<arg>PY</arg>
<arg>QA</arg>
<arg>RE</arg>
<arg>RO</arg>
<arg>RS</arg>
<arg>RU</arg>
<arg>RW</arg>
<arg>SA</arg>
<arg>SB</arg>
<arg>SC</arg>
<arg>SD</arg>
<arg>SE</arg>
<arg>SG</arg>
<arg>SH</arg>
<arg>SI</arg>
<arg>SJ</arg>
<arg>SK</arg>
<arg>SL</arg>
<arg>SM</arg>
<arg>SN</arg>
<arg>SO</arg>
<arg>SR</arg>
<arg>SS</arg>
<arg>ST</arg>
<arg>SV</arg>
<arg>SX</arg>
<arg>SY</arg>
<arg>SZ</arg>
<arg>TC</arg>
<arg>TD</arg>
<arg>TF</arg>
<arg>TG</arg>
<arg>TH</arg>
<arg>TJ</arg>
<arg>TK</arg>
<arg>TL</arg>
<arg>TM</arg>
<arg>TN</arg>
<arg>TO</arg>
<arg>TR</arg>
<arg>TT</arg>
<arg>TV</arg>
<arg>TW</arg>
<arg>TZ</arg>
<arg>UA</arg>
<arg>UG</arg>
<arg>UM</arg>
<arg>US</arg>
<arg>UY</arg>
<arg>UZ</arg>
<arg>VA</arg>
<arg>VC</arg>
<arg>VE</arg>
<arg>VG</arg>
<arg>VI</arg>
<arg>VN</arg>
<arg>VU</arg>
<arg>WF</arg>
<arg>WS</arg>
<arg>XK</arg>
<arg>YE</arg>
<arg>YT</arg>
<arg>ZA</arg>
<arg>ZM</arg>
<arg>ZW</arg>
<doc>Returns a list containing given items.</doc>
<status status="PASS" start="2024-03-30T12:22:08.849844" elapsed="0.000628"/>
</kw>
<kw name="List Should Contain Value" owner="Collections">
<msg time="2024-03-30T12:22:08.851581" level="INFO">False</msg>
<arg>${list_country}</arg>
<arg>${name_country}</arg>
<doc>Fails if the ``value`` is not found from ``list``.</doc>
<status status="PASS" start="2024-03-30T12:22:08.851377" elapsed="0.000241"/>
</kw>
<kw name="Run Keyword If" owner="BuiltIn">
<kw name="Should Be True" owner="BuiltIn">
<arg>${True}</arg>
<doc>Fails if the given condition is not true.</doc>
<status status="PASS" start="2024-03-30T12:22:08.852683" elapsed="0.000143"/>
</kw>
<arg>${json_data["results"][0]["location"]["coordinates"]["latitude"]} &gt;= -90 and ${json_data["results"][0]["location"]["coordinates"]["latitude"]} &lt;= 90</arg>
<arg>Should Be True</arg>
<arg>${True}</arg>
<doc>Runs the given keyword with the given arguments, if ``condition`` is true.</doc>
<status status="PASS" start="2024-03-30T12:22:08.851939" elapsed="0.001013"/>
</kw>
<kw name="Run Keyword If" owner="BuiltIn">
<kw name="Should Be True" owner="BuiltIn">
<arg>${True}</arg>
<doc>Fails if the given condition is not true.</doc>
<status status="PASS" start="2024-03-30T12:22:08.853822" elapsed="0.000138"/>
</kw>
<arg>${json_data["results"][0]["location"]["coordinates"]["longitude"]} &gt;= -180 and ${json_data["results"][0]["location"]["coordinates"]["longitude"]} &lt;= 180</arg>
<arg>Should Be True</arg>
<arg>${True}</arg>
<doc>Runs the given keyword with the given arguments, if ``condition`` is true.</doc>
<status status="PASS" start="2024-03-30T12:22:08.853138" elapsed="0.000945"/>
</kw>
<status status="PASS" start="2024-03-30T12:22:08.773905" elapsed="0.080306"/>
</kw>
<doc>Testa o conteúdo específico dos campos retornados pela API.</doc>
<tag>testeConteudo</tag>
<status status="PASS" start="2024-03-30T12:22:08.773481" elapsed="0.080871"/>
</test>
<status status="PASS" start="2024-03-30T12:22:08.078234" elapsed="0.777989"/>
</suite>
<status status="PASS" start="2024-03-30T12:22:08.064736" elapsed="0.796691"/>
</suite>
<statistics>
<total>
<stat pass="5" fail="0" skip="0">All Tests</stat>
</total>
<tag>
<stat pass="1" fail="0" skip="0">testeConteudo</stat>
<stat pass="1" fail="0" skip="0">testeEstruturaResposta</stat>
<stat pass="1" fail="0" skip="0">testeRequisicaoBasica</stat>
<stat pass="1" fail="0" skip="0">testeTiposDados</stat>
</tag>
<suite>
<stat pass="5" fail="0" skip="0" id="s1" name="Tests">Tests</stat>
<stat pass="5" fail="0" skip="0" id="s1-s1" name="Random-User-Test">Tests.Random-User-Test</stat>
</suite>
</statistics>
<errors>
</errors>
</robot>
