<?xml version="1.0" encoding="UTF-8"?>
<robot generator="Robot 7.0 (Python 3.12.3 on linux)" generated="2024-05-06T01:02:38.551677" rpa="false" schemaversion="5">
<suite id="s1" name="Tests" source="/home/runner/work/DesafioQAItauRogerioJordao/DesafioQAItauRogerioJordao/RamdonUser/tests">
<suite id="s1-s1" name="Random-User-Test" source="/home/runner/work/DesafioQAItauRogerioJordao/DesafioQAItauRogerioJordao/RamdonUser/tests/random-user-test.robot">
<test id="s1-s1-t1" name="Conectar" line="13">
<kw name="Conectar API" owner="random-user-service">
<kw name="Create Session" owner="RequestsLibrary">
<msg time="2024-05-06T01:02:38.912195" level="INFO">Creating Session using : alias=consultarAPI, url=https://randomuser.me/, headers={},                     cookies={}, auth=None, timeout=None, proxies=None, verify=False,                     debug=0 </msg>
<arg>consultarAPI</arg>
<arg>${URL}</arg>
<doc>Create Session: create a HTTP session to a server</doc>
<status status="PASS" start="2024-05-06T01:02:38.911998" elapsed="0.000366"/>
</kw>
<status status="PASS" start="2024-05-06T01:02:38.911067" elapsed="0.001670"/>
</kw>
<status status="PASS" start="2024-05-06T01:02:38.910538" elapsed="0.002408"/>
</test>
<test id="s1-s1-t2" name="Validar retorno 200 e JSON Válido" line="16">
<kw name="Teste de Requisicao Basica" owner="random-user-service">
<kw name="GET On Session" owner="RequestsLibrary">
<msg time="2024-05-06T01:02:39.277260" level="INFO">GET Request : url=https://randomuser.me/api 
 path_url=/api 
 headers={'User-Agent': 'python-requests/2.31.0', 'Accept-Encoding': 'gzip, deflate', 'Accept': '*/*', 'Connection': 'keep-alive'} 
 body=None 
 </msg>
<msg time="2024-05-06T01:02:39.277388" level="INFO">GET Response : url=https://randomuser.me/api 
 status=200, reason=OK 
 headers={'Date': 'Mon, 06 May 2024 01:02:39 GMT', 'Content-Type': 'application/json; charset=utf-8', 'Transfer-Encoding': 'chunked', 'Connection': 'keep-alive', 'X-Powered-By': 'Express', 'Access-Control-Allow-Origin': '*', 'Cache-Control': 'no-cache', 'ETag': 'W/"49e-bm+WBjy9+yaO4VJL24xn5vlgb+c"', 'Vary': 'Accept-Encoding', 'Content-Encoding': 'gzip', 'CF-Cache-Status': 'DYNAMIC', 'Report-To': '{"endpoints":[{"url":"https:\\/\\/a.nel.cloudflare.com\\/report\\/v4?s=EpkJmGMi5wboLkxZbz6uV0IJtMgm9qZbs%2F4fc%2FS21FMLEFy2Sr%2Bm6H6WSL488eL6LV6HccwlCHPu%2F%2F4L0zXSt9hnB3WbsntuZrpbpwsEw%2FYkj8aFA5GtDK4LYmXoEINl"}],"group":"cf-nel","max_age":604800}', 'NEL': '{"success_fraction":0,"report_to":"cf-nel","max_age":604800}', 'Server': 'cloudflare', 'CF-RAY': '87f50bc64f3a235c-SJC', 'alt-svc': 'h3=":443"; ma=86400'} 
 body={"results":[{"gender":"female","name":{"title":"Mrs","first":"Kayla","last":"Clarke"},"location":{"street":{"number":7430,"name":"Pioneer Highway"},"city":"Auckland","state":"Southland","country":"New Zealand","postcode":23114,"coordinates":{"latitude":"53.5337","longitude":"63.8617"},"timezone":{"offset":"0:00","description":"Western Europe Time, London, Lisbon, Casablanca"}},"email":"kayla.clarke@example.com","login":{"uuid":"8177ba0a-244a-459f-9189-d974572414bc","username":"purpleswan609","password":"luckydog","salt":"qqNtJ0Yg","md5":"c80fb48a1a92a896eec22dc839157d7f","sha1":"f05883a8f838248b11af0b0e145d2b747b6c88f6","sha256":"2a2828d1020afa88ac940710b7e331a6fb5a20b1d7b159f7565b65b646d7b38d"},"dob":{"date":"1970-08-10T21:08:58.428Z","age":53},"registered":{"date":"2007-10-11T05:41:02.560Z","age":16},"phone":"(412)-026-7222","cell":"(463)-944-0168","id":{"name":"","value":null},"picture":{"large":"https://randomuser.me/api/portraits/women/33.jpg","medium":"https://randomuser.me/api/portraits/med/women/33.jpg","thumbnail":"https://randomuser.me/api/portraits/thumb/women/33.jpg"},"nat":"NZ"}],"info":{"seed":"e086a59fd0bc0bda","results":1,"page":1,"version":"1.4"}} 
 </msg>
<msg time="2024-05-06T01:02:39.277465" level="INFO">/opt/hostedtoolcache/Python/3.12.3/x64/lib/python3.12/site-packages/urllib3/connectionpool.py:1103: InsecureRequestWarning: Unverified HTTPS request is being made to host 'randomuser.me'. Adding certificate verification is strongly advised. See: https://urllib3.readthedocs.io/en/latest/advanced-usage.html#tls-warnings
  warnings.warn(</msg>
<msg time="2024-05-06T01:02:39.277599" level="INFO">${response} = &lt;Response [200]&gt;</msg>
<var>${response}</var>
<arg>consultarAPI</arg>
<arg>/api</arg>
<doc>Sends a GET request on a previously created HTTP Session.</doc>
<status status="PASS" start="2024-05-06T01:02:38.915564" elapsed="0.362075"/>
</kw>
<kw name="Should Be Equal As Numbers" owner="BuiltIn">
<msg time="2024-05-06T01:02:39.278545" level="INFO">Argument types are:
&lt;class 'int'&gt;
&lt;class 'str'&gt;</msg>
<arg>${response.status_code}</arg>
<arg>200</arg>
<doc>Fails if objects are unequal after converting them to real numbers.</doc>
<status status="PASS" start="2024-05-06T01:02:39.278108" elapsed="0.000503"/>
</kw>
<kw name="Log" owner="BuiltIn">
<msg time="2024-05-06T01:02:39.279282" level="INFO">200</msg>
<arg>${response.status_code}</arg>
<doc>Logs the given message with the given level.</doc>
<status status="PASS" start="2024-05-06T01:02:39.278930" elapsed="0.000394"/>
</kw>
<kw name="Set Variable" owner="BuiltIn">
<msg time="2024-05-06T01:02:39.280078" level="INFO">${json_data} = {'results': [{'gender': 'female', 'name': {'title': 'Mrs', 'first': 'Kayla', 'last': 'Clarke'}, 'location': {'street': {'number': 7430, 'name': 'Pioneer Highway'}, 'city': 'Auckland', 'state': 'Southl...</msg>
<var>${json_data}</var>
<arg>${response.json()}</arg>
<doc>Returns the given values which can then be assigned to a variables.</doc>
<status status="PASS" start="2024-05-06T01:02:39.279630" elapsed="0.000476"/>
</kw>
<kw name="Dictionary Should Contain Key" owner="Collections">
<msg time="2024-05-06T01:02:39.280601" level="INFO">False</msg>
<arg>${json_data}</arg>
<arg>results</arg>
<doc>Fails if ``key`` is not found from ``dictionary``.</doc>
<status status="PASS" start="2024-05-06T01:02:39.280431" elapsed="0.000215"/>
</kw>
<status status="PASS" start="2024-05-06T01:02:38.915315" elapsed="0.365625"/>
</kw>
<doc>Testa se a API responde corretamente e retorna um objeto JSON válido.</doc>
<tag>testeRequisicaoBasica</tag>
<status status="PASS" start="2024-05-06T01:02:38.914850" elapsed="0.366276"/>
</test>
<test id="s1-s1-t3" name="Validar estrutura de resposta" line="22">
<kw name="Teste de Estrutura de Resposta" owner="random-user-service">
<kw name="GET On Session" owner="RequestsLibrary">
<msg time="2024-05-06T01:02:39.423244" level="INFO">GET Request : url=https://randomuser.me/api 
 path_url=/api 
 headers={'User-Agent': 'python-requests/2.31.0', 'Accept-Encoding': 'gzip, deflate', 'Accept': '*/*', 'Connection': 'keep-alive'} 
 body=None 
 </msg>
<msg time="2024-05-06T01:02:39.423334" level="INFO">GET Response : url=https://randomuser.me/api 
 status=200, reason=OK 
 headers={'Date': 'Mon, 06 May 2024 01:02:39 GMT', 'Content-Type': 'application/json; charset=utf-8', 'Transfer-Encoding': 'chunked', 'Connection': 'keep-alive', 'X-Powered-By': 'Express', 'Access-Control-Allow-Origin': '*', 'Cache-Control': 'no-cache', 'ETag': 'W/"493-eLdhNLfCBWBbfiqccgbdOoVg2Ys"', 'Vary': 'Accept-Encoding', 'Content-Encoding': 'gzip', 'CF-Cache-Status': 'DYNAMIC', 'Report-To': '{"endpoints":[{"url":"https:\\/\\/a.nel.cloudflare.com\\/report\\/v4?s=THPK6xj11IQGttZocovrsAQeXfDUzzWP4CySvJo7xZrrKpwUHqcHv2CUsH1eJVRmzGQU4VueMY611Nr%2BcwmcUfEygaMAYlJHi1yRSHF%2Fzrl1LWEogwiVF399hP6hYdwI"}],"group":"cf-nel","max_age":604800}', 'NEL': '{"success_fraction":0,"report_to":"cf-nel","max_age":604800}', 'Server': 'cloudflare', 'CF-RAY': '87f50bc7884a235c-SJC', 'alt-svc': 'h3=":443"; ma=86400'} 
 body={"results":[{"gender":"male","name":{"title":"Mr","first":"Gregorio","last":"Ibáñez"},"location":{"street":{"number":6378,"name":"Calle de Tetuán"},"city":"Pamplona","state":"Comunidad de Madrid","country":"Spain","postcode":34842,"coordinates":{"latitude":"-34.2207","longitude":"-140.5454"},"timezone":{"offset":"-7:00","description":"Mountain Time (US &amp; Canada)"}},"email":"gregorio.ibanez@example.com","login":{"uuid":"662aaa74-b854-4d1e-9292-a2c22b2011b6","username":"organiccat674","password":"burns","salt":"RFvt1d6f","md5":"5ac705dee658e7f6f5bcd2faca839e25","sha1":"f66ece5bc3a401e99973cfc9d64e2d5993690c8b","sha256":"4e8140995e015a4f2d6b2a49b5ea398e1db3adea29281669d7b92fd8be5916de"},"dob":{"date":"1954-12-30T02:56:05.322Z","age":69},"registered":{"date":"2018-06-07T16:35:00.392Z","age":5},"phone":"917-100-074","cell":"688-400-951","id":{"name":"DNI","value":"50578658-F"},"picture":{"large":"https://randomuser.me/api/portraits/men/13.jpg","medium":"https://randomuser.me/api/portraits/med/men/13.jpg","thumbnail":"https://randomuser.me/api/portraits/thumb/men/13.jpg"},"nat":"ES"}],"info":{"seed":"96065528d33e29df","results":1,"page":1,"version":"1.4"}} 
 </msg>
<msg time="2024-05-06T01:02:39.423433" level="INFO">/opt/hostedtoolcache/Python/3.12.3/x64/lib/python3.12/site-packages/urllib3/connectionpool.py:1103: InsecureRequestWarning: Unverified HTTPS request is being made to host 'randomuser.me'. Adding certificate verification is strongly advised. See: https://urllib3.readthedocs.io/en/latest/advanced-usage.html#tls-warnings
  warnings.warn(</msg>
<msg time="2024-05-06T01:02:39.423527" level="INFO">${response} = &lt;Response [200]&gt;</msg>
<var>${response}</var>
<arg>consultarAPI</arg>
<arg>/api</arg>
<doc>Sends a GET request on a previously created HTTP Session.</doc>
<status status="PASS" start="2024-05-06T01:02:39.283773" elapsed="0.139786"/>
</kw>
<kw name="Set Variable" owner="BuiltIn">
<msg time="2024-05-06T01:02:39.424408" level="INFO">${json_data} = {'results': [{'gender': 'male', 'name': {'title': 'Mr', 'first': 'Gregorio', 'last': 'Ibáñez'}, 'location': {'street': {'number': 6378, 'name': 'Calle de Tetuán'}, 'city': 'Pamplona', 'state': 'Comuni...</msg>
<var>${json_data}</var>
<arg>${response.json()}</arg>
<doc>Returns the given values which can then be assigned to a variables.</doc>
<status status="PASS" start="2024-05-06T01:02:39.423940" elapsed="0.000498"/>
</kw>
<kw name="Log" owner="BuiltIn">
<msg time="2024-05-06T01:02:39.425064" level="INFO">{'results': [{'gender': 'male', 'name': {'title': 'Mr', 'first': 'Gregorio', 'last': 'Ibáñez'}, 'location': {'street': {'number': 6378, 'name': 'Calle de Tetuán'}, 'city': 'Pamplona', 'state': 'Comunidad de Madrid', 'country': 'Spain', 'postcode': 34842, 'coordinates': {'latitude': '-34.2207', 'longitude': '-140.5454'}, 'timezone': {'offset': '-7:00', 'description': 'Mountain Time (US &amp; Canada)'}}, 'email': 'gregorio.ibanez@example.com', 'login': {'uuid': '662aaa74-b854-4d1e-9292-a2c22b2011b6', 'username': 'organiccat674', 'password': 'burns', 'salt': 'RFvt1d6f', 'md5': '5ac705dee658e7f6f5bcd2faca839e25', 'sha1': 'f66ece5bc3a401e99973cfc9d64e2d5993690c8b', 'sha256': '4e8140995e015a4f2d6b2a49b5ea398e1db3adea29281669d7b92fd8be5916de'}, 'dob': {'date': '1954-12-30T02:56:05.322Z', 'age': 69}, 'registered': {'date': '2018-06-07T16:35:00.392Z', 'age': 5}, 'phone': '917-100-074', 'cell': '688-400-951', 'id': {'name': 'DNI', 'value': '50578658-F'}, 'picture': {'large': 'https://randomuser.me/api/portraits/men/13.jpg', 'medium': 'https://randomuser.me/api/portraits/med/men/13.jpg', 'thumbnail': 'https://randomuser.me/api/portraits/thumb/men/13.jpg'}, 'nat': 'ES'}], 'info': {'seed': '96065528d33e29df', 'results': 1, 'page': 1, 'version': '1.4'}}</msg>
<arg>${json_data}</arg>
<doc>Logs the given message with the given level.</doc>
<status status="PASS" start="2024-05-06T01:02:39.424870" elapsed="0.000250"/>
</kw>
<kw name="Dictionary Should Contain Key" owner="Collections">
<msg time="2024-05-06T01:02:39.425594" level="INFO">False</msg>
<arg>${json_data}</arg>
<arg>results</arg>
<doc>Fails if ``key`` is not found from ``dictionary``.</doc>
<status status="PASS" start="2024-05-06T01:02:39.425427" elapsed="0.000205"/>
</kw>
<kw name="Should Not Be Empty" owner="BuiltIn">
<msg time="2024-05-06T01:02:39.426056" level="INFO">Length is 2.</msg>
<arg>${json_data}</arg>
<doc>Verifies that the given item is not empty.</doc>
<status status="PASS" start="2024-05-06T01:02:39.425925" elapsed="0.000294"/>
</kw>
<kw name="Create List" owner="BuiltIn">
<msg time="2024-05-06T01:02:39.426666" level="INFO">${expected_keys} = ['gender', 'name', 'location', 'email', 'login']</msg>
<var>${expected_keys}</var>
<arg>gender</arg>
<arg>name</arg>
<arg>location</arg>
<arg>email</arg>
<arg>login</arg>
<doc>Returns a list containing given items.</doc>
<status status="PASS" start="2024-05-06T01:02:39.426516" elapsed="0.000174"/>
</kw>
<for flavor="IN">
<iter>
<kw name="Dictionary Should Contain Key" owner="Collections">
<msg time="2024-05-06T01:02:39.427661" level="INFO">False</msg>
<arg>${json_data['results'][0]}</arg>
<arg>${key}</arg>
<doc>Fails if ``key`` is not found from ``dictionary``.</doc>
<status status="PASS" start="2024-05-06T01:02:39.427266" elapsed="0.000432"/>
</kw>
<kw name="Log" owner="BuiltIn">
<msg time="2024-05-06T01:02:39.428374" level="INFO">{'gender': 'male', 'name': {'title': 'Mr', 'first': 'Gregorio', 'last': 'Ibáñez'}, 'location': {'street': {'number': 6378, 'name': 'Calle de Tetuán'}, 'city': 'Pamplona', 'state': 'Comunidad de Madrid', 'country': 'Spain', 'postcode': 34842, 'coordinates': {'latitude': '-34.2207', 'longitude': '-140.5454'}, 'timezone': {'offset': '-7:00', 'description': 'Mountain Time (US &amp; Canada)'}}, 'email': 'gregorio.ibanez@example.com', 'login': {'uuid': '662aaa74-b854-4d1e-9292-a2c22b2011b6', 'username': 'organiccat674', 'password': 'burns', 'salt': 'RFvt1d6f', 'md5': '5ac705dee658e7f6f5bcd2faca839e25', 'sha1': 'f66ece5bc3a401e99973cfc9d64e2d5993690c8b', 'sha256': '4e8140995e015a4f2d6b2a49b5ea398e1db3adea29281669d7b92fd8be5916de'}, 'dob': {'date': '1954-12-30T02:56:05.322Z', 'age': 69}, 'registered': {'date': '2018-06-07T16:35:00.392Z', 'age': 5}, 'phone': '917-100-074', 'cell': '688-400-951', 'id': {'name': 'DNI', 'value': '50578658-F'}, 'picture': {'large': 'https://randomuser.me/api/portraits/men/13.jpg', 'medium': 'https://randomuser.me/api/portraits/med/men/13.jpg', 'thumbnail': 'https://randomuser.me/api/portraits/thumb/men/13.jpg'}, 'nat': 'ES'}</msg>
<arg>${json_data['results'][0]}</arg>
<doc>Logs the given message with the given level.</doc>
<status status="PASS" start="2024-05-06T01:02:39.428008" elapsed="0.000418"/>
</kw>
<kw name="Log" owner="BuiltIn">
<msg time="2024-05-06T01:02:39.428877" level="INFO">gender</msg>
<arg>${key}</arg>
<doc>Logs the given message with the given level.</doc>
<status status="PASS" start="2024-05-06T01:02:39.428748" elapsed="0.000173"/>
</kw>
<var name="${key}">gender</var>
<status status="PASS" start="2024-05-06T01:02:39.427135" elapsed="0.002000"/>
</iter>
<iter>
<kw name="Dictionary Should Contain Key" owner="Collections">
<msg time="2024-05-06T01:02:39.429834" level="INFO">False</msg>
<arg>${json_data['results'][0]}</arg>
<arg>${key}</arg>
<doc>Fails if ``key`` is not found from ``dictionary``.</doc>
<status status="PASS" start="2024-05-06T01:02:39.429434" elapsed="0.000437"/>
</kw>
<kw name="Log" owner="BuiltIn">
<msg time="2024-05-06T01:02:39.430560" level="INFO">{'gender': 'male', 'name': {'title': 'Mr', 'first': 'Gregorio', 'last': 'Ibáñez'}, 'location': {'street': {'number': 6378, 'name': 'Calle de Tetuán'}, 'city': 'Pamplona', 'state': 'Comunidad de Madrid', 'country': 'Spain', 'postcode': 34842, 'coordinates': {'latitude': '-34.2207', 'longitude': '-140.5454'}, 'timezone': {'offset': '-7:00', 'description': 'Mountain Time (US &amp; Canada)'}}, 'email': 'gregorio.ibanez@example.com', 'login': {'uuid': '662aaa74-b854-4d1e-9292-a2c22b2011b6', 'username': 'organiccat674', 'password': 'burns', 'salt': 'RFvt1d6f', 'md5': '5ac705dee658e7f6f5bcd2faca839e25', 'sha1': 'f66ece5bc3a401e99973cfc9d64e2d5993690c8b', 'sha256': '4e8140995e015a4f2d6b2a49b5ea398e1db3adea29281669d7b92fd8be5916de'}, 'dob': {'date': '1954-12-30T02:56:05.322Z', 'age': 69}, 'registered': {'date': '2018-06-07T16:35:00.392Z', 'age': 5}, 'phone': '917-100-074', 'cell': '688-400-951', 'id': {'name': 'DNI', 'value': '50578658-F'}, 'picture': {'large': 'https://randomuser.me/api/portraits/men/13.jpg', 'medium': 'https://randomuser.me/api/portraits/med/men/13.jpg', 'thumbnail': 'https://randomuser.me/api/portraits/thumb/men/13.jpg'}, 'nat': 'ES'}</msg>
<arg>${json_data['results'][0]}</arg>
<doc>Logs the given message with the given level.</doc>
<status status="PASS" start="2024-05-06T01:02:39.430192" elapsed="0.000420"/>
</kw>
<kw name="Log" owner="BuiltIn">
<msg time="2024-05-06T01:02:39.431036" level="INFO">name</msg>
<arg>${key}</arg>
<doc>Logs the given message with the given level.</doc>
<status status="PASS" start="2024-05-06T01:02:39.430911" elapsed="0.000162"/>
</kw>
<var name="${key}">name</var>
<status status="PASS" start="2024-05-06T01:02:39.429320" elapsed="0.001967"/>
</iter>
<iter>
<kw name="Dictionary Should Contain Key" owner="Collections">
<msg time="2024-05-06T01:02:39.431954" level="INFO">False</msg>
<arg>${json_data['results'][0]}</arg>
<arg>${key}</arg>
<doc>Fails if ``key`` is not found from ``dictionary``.</doc>
<status status="PASS" start="2024-05-06T01:02:39.431573" elapsed="0.000418"/>
</kw>
<kw name="Log" owner="BuiltIn">
<msg time="2024-05-06T01:02:39.432639" level="INFO">{'gender': 'male', 'name': {'title': 'Mr', 'first': 'Gregorio', 'last': 'Ibáñez'}, 'location': {'street': {'number': 6378, 'name': 'Calle de Tetuán'}, 'city': 'Pamplona', 'state': 'Comunidad de Madrid', 'country': 'Spain', 'postcode': 34842, 'coordinates': {'latitude': '-34.2207', 'longitude': '-140.5454'}, 'timezone': {'offset': '-7:00', 'description': 'Mountain Time (US &amp; Canada)'}}, 'email': 'gregorio.ibanez@example.com', 'login': {'uuid': '662aaa74-b854-4d1e-9292-a2c22b2011b6', 'username': 'organiccat674', 'password': 'burns', 'salt': 'RFvt1d6f', 'md5': '5ac705dee658e7f6f5bcd2faca839e25', 'sha1': 'f66ece5bc3a401e99973cfc9d64e2d5993690c8b', 'sha256': '4e8140995e015a4f2d6b2a49b5ea398e1db3adea29281669d7b92fd8be5916de'}, 'dob': {'date': '1954-12-30T02:56:05.322Z', 'age': 69}, 'registered': {'date': '2018-06-07T16:35:00.392Z', 'age': 5}, 'phone': '917-100-074', 'cell': '688-400-951', 'id': {'name': 'DNI', 'value': '50578658-F'}, 'picture': {'large': 'https://randomuser.me/api/portraits/men/13.jpg', 'medium': 'https://randomuser.me/api/portraits/med/men/13.jpg', 'thumbnail': 'https://randomuser.me/api/portraits/thumb/men/13.jpg'}, 'nat': 'ES'}</msg>
<arg>${json_data['results'][0]}</arg>
<doc>Logs the given message with the given level.</doc>
<status status="PASS" start="2024-05-06T01:02:39.432284" elapsed="0.000404"/>
</kw>
<kw name="Log" owner="BuiltIn">
<msg time="2024-05-06T01:02:39.433140" level="INFO">location</msg>
<arg>${key}</arg>
<doc>Logs the given message with the given level.</doc>
<status status="PASS" start="2024-05-06T01:02:39.433016" elapsed="0.000161"/>
</kw>
<var name="${key}">location</var>
<status status="PASS" start="2024-05-06T01:02:39.431464" elapsed="0.001924"/>
</iter>
<iter>
<kw name="Dictionary Should Contain Key" owner="Collections">
<msg time="2024-05-06T01:02:39.434048" level="INFO">False</msg>
<arg>${json_data['results'][0]}</arg>
<arg>${key}</arg>
<doc>Fails if ``key`` is not found from ``dictionary``.</doc>
<status status="PASS" start="2024-05-06T01:02:39.433669" elapsed="0.000415"/>
</kw>
<kw name="Log" owner="BuiltIn">
<msg time="2024-05-06T01:02:39.434741" level="INFO">{'gender': 'male', 'name': {'title': 'Mr', 'first': 'Gregorio', 'last': 'Ibáñez'}, 'location': {'street': {'number': 6378, 'name': 'Calle de Tetuán'}, 'city': 'Pamplona', 'state': 'Comunidad de Madrid', 'country': 'Spain', 'postcode': 34842, 'coordinates': {'latitude': '-34.2207', 'longitude': '-140.5454'}, 'timezone': {'offset': '-7:00', 'description': 'Mountain Time (US &amp; Canada)'}}, 'email': 'gregorio.ibanez@example.com', 'login': {'uuid': '662aaa74-b854-4d1e-9292-a2c22b2011b6', 'username': 'organiccat674', 'password': 'burns', 'salt': 'RFvt1d6f', 'md5': '5ac705dee658e7f6f5bcd2faca839e25', 'sha1': 'f66ece5bc3a401e99973cfc9d64e2d5993690c8b', 'sha256': '4e8140995e015a4f2d6b2a49b5ea398e1db3adea29281669d7b92fd8be5916de'}, 'dob': {'date': '1954-12-30T02:56:05.322Z', 'age': 69}, 'registered': {'date': '2018-06-07T16:35:00.392Z', 'age': 5}, 'phone': '917-100-074', 'cell': '688-400-951', 'id': {'name': 'DNI', 'value': '50578658-F'}, 'picture': {'large': 'https://randomuser.me/api/portraits/men/13.jpg', 'medium': 'https://randomuser.me/api/portraits/med/men/13.jpg', 'thumbnail': 'https://randomuser.me/api/portraits/thumb/men/13.jpg'}, 'nat': 'ES'}</msg>
<arg>${json_data['results'][0]}</arg>
<doc>Logs the given message with the given level.</doc>
<status status="PASS" start="2024-05-06T01:02:39.434377" elapsed="0.000416"/>
</kw>
<kw name="Log" owner="BuiltIn">
<msg time="2024-05-06T01:02:39.435212" level="INFO">email</msg>
<arg>${key}</arg>
<doc>Logs the given message with the given level.</doc>
<status status="PASS" start="2024-05-06T01:02:39.435086" elapsed="0.000164"/>
</kw>
<var name="${key}">email</var>
<status status="PASS" start="2024-05-06T01:02:39.433562" elapsed="0.001899"/>
</iter>
<iter>
<kw name="Dictionary Should Contain Key" owner="Collections">
<msg time="2024-05-06T01:02:39.436113" level="INFO">False</msg>
<arg>${json_data['results'][0]}</arg>
<arg>${key}</arg>
<doc>Fails if ``key`` is not found from ``dictionary``.</doc>
<status status="PASS" start="2024-05-06T01:02:39.435743" elapsed="0.000407"/>
</kw>
<kw name="Log" owner="BuiltIn">
<msg time="2024-05-06T01:02:39.436833" level="INFO">{'gender': 'male', 'name': {'title': 'Mr', 'first': 'Gregorio', 'last': 'Ibáñez'}, 'location': {'street': {'number': 6378, 'name': 'Calle de Tetuán'}, 'city': 'Pamplona', 'state': 'Comunidad de Madrid', 'country': 'Spain', 'postcode': 34842, 'coordinates': {'latitude': '-34.2207', 'longitude': '-140.5454'}, 'timezone': {'offset': '-7:00', 'description': 'Mountain Time (US &amp; Canada)'}}, 'email': 'gregorio.ibanez@example.com', 'login': {'uuid': '662aaa74-b854-4d1e-9292-a2c22b2011b6', 'username': 'organiccat674', 'password': 'burns', 'salt': 'RFvt1d6f', 'md5': '5ac705dee658e7f6f5bcd2faca839e25', 'sha1': 'f66ece5bc3a401e99973cfc9d64e2d5993690c8b', 'sha256': '4e8140995e015a4f2d6b2a49b5ea398e1db3adea29281669d7b92fd8be5916de'}, 'dob': {'date': '1954-12-30T02:56:05.322Z', 'age': 69}, 'registered': {'date': '2018-06-07T16:35:00.392Z', 'age': 5}, 'phone': '917-100-074', 'cell': '688-400-951', 'id': {'name': 'DNI', 'value': '50578658-F'}, 'picture': {'large': 'https://randomuser.me/api/portraits/men/13.jpg', 'medium': 'https://randomuser.me/api/portraits/med/men/13.jpg', 'thumbnail': 'https://randomuser.me/api/portraits/thumb/men/13.jpg'}, 'nat': 'ES'}</msg>
<arg>${json_data['results'][0]}</arg>
<doc>Logs the given message with the given level.</doc>
<status status="PASS" start="2024-05-06T01:02:39.436448" elapsed="0.000446"/>
</kw>
<kw name="Log" owner="BuiltIn">
<msg time="2024-05-06T01:02:39.437314" level="INFO">login</msg>
<arg>${key}</arg>
<doc>Logs the given message with the given level.</doc>
<status status="PASS" start="2024-05-06T01:02:39.437190" elapsed="0.000162"/>
</kw>
<var name="${key}">login</var>
<status status="PASS" start="2024-05-06T01:02:39.435634" elapsed="0.001960"/>
</iter>
<var>${key}</var>
<value>@{expected_keys}</value>
<status status="PASS" start="2024-05-06T01:02:39.426951" elapsed="0.010769"/>
</for>
<kw name="Create List" owner="BuiltIn">
<msg time="2024-05-06T01:02:39.438050" level="INFO">${expected_keysTwo} = ['username', 'password']</msg>
<var>${expected_keysTwo}</var>
<arg>username</arg>
<arg>password</arg>
<doc>Returns a list containing given items.</doc>
<status status="PASS" start="2024-05-06T01:02:39.437913" elapsed="0.000160"/>
</kw>
<for flavor="IN">
<iter>
<kw name="Dictionary Should Contain Key" owner="Collections">
<msg time="2024-05-06T01:02:39.438954" level="INFO">False</msg>
<arg>${json_data['results'][0]['login']}</arg>
<arg>${keyTwo}</arg>
<doc>Fails if ``key`` is not found from ``dictionary``.</doc>
<status status="PASS" start="2024-05-06T01:02:39.438571" elapsed="0.000420"/>
</kw>
<kw name="Dictionary Should Contain Key" owner="Collections">
<msg time="2024-05-06T01:02:39.439662" level="INFO">False</msg>
<arg>${json_data['results'][0]['login']}</arg>
<arg>${keyTwo}</arg>
<doc>Fails if ``key`` is not found from ``dictionary``.</doc>
<status status="PASS" start="2024-05-06T01:02:39.439281" elapsed="0.000418"/>
</kw>
<kw name="Log" owner="BuiltIn">
<msg time="2024-05-06T01:02:39.440109" level="INFO">username</msg>
<arg>${keyTwo}</arg>
<doc>Logs the given message with the given level.</doc>
<status status="PASS" start="2024-05-06T01:02:39.439986" elapsed="0.000160"/>
</kw>
<var name="${keyTwo}">username</var>
<status status="PASS" start="2024-05-06T01:02:39.438458" elapsed="0.001896"/>
</iter>
<iter>
<kw name="Dictionary Should Contain Key" owner="Collections">
<msg time="2024-05-06T01:02:39.441126" level="INFO">False</msg>
<arg>${json_data['results'][0]['login']}</arg>
<arg>${keyTwo}</arg>
<doc>Fails if ``key`` is not found from ``dictionary``.</doc>
<status status="PASS" start="2024-05-06T01:02:39.440636" elapsed="0.000530"/>
</kw>
<kw name="Dictionary Should Contain Key" owner="Collections">
<msg time="2024-05-06T01:02:39.441834" level="INFO">False</msg>
<arg>${json_data['results'][0]['login']}</arg>
<arg>${keyTwo}</arg>
<doc>Fails if ``key`` is not found from ``dictionary``.</doc>
<status status="PASS" start="2024-05-06T01:02:39.441459" elapsed="0.000411"/>
</kw>
<kw name="Log" owner="BuiltIn">
<msg time="2024-05-06T01:02:39.442286" level="INFO">password</msg>
<arg>${keyTwo}</arg>
<doc>Logs the given message with the given level.</doc>
<status status="PASS" start="2024-05-06T01:02:39.442161" elapsed="0.000161"/>
</kw>
<var name="${keyTwo}">password</var>
<status status="PASS" start="2024-05-06T01:02:39.440527" elapsed="0.002007"/>
</iter>
<var>${keyTwo}</var>
<value>@{expected_keysTwo}</value>
<status status="PASS" start="2024-05-06T01:02:39.438306" elapsed="0.004348"/>
</for>
<status status="PASS" start="2024-05-06T01:02:39.283529" elapsed="0.159261"/>
</kw>
<doc>Testa a estrutura da resposta da API.</doc>
<tag>testeEstruturaResposta</tag>
<status status="PASS" start="2024-05-06T01:02:39.283032" elapsed="0.159905"/>
</test>
<test id="s1-s1-t4" name="Validar tipos de dados" line="28">
<kw name="Teste de Tipos de Dados" owner="random-user-service">
<kw name="GET On Session" owner="RequestsLibrary">
<msg time="2024-05-06T01:02:39.543445" level="INFO">GET Request : url=https://randomuser.me/api 
 path_url=/api 
 headers={'User-Agent': 'python-requests/2.31.0', 'Accept-Encoding': 'gzip, deflate', 'Accept': '*/*', 'Connection': 'keep-alive'} 
 body=None 
 </msg>
<msg time="2024-05-06T01:02:39.543530" level="INFO">GET Response : url=https://randomuser.me/api 
 status=200, reason=OK 
 headers={'Date': 'Mon, 06 May 2024 01:02:39 GMT', 'Content-Type': 'application/json; charset=utf-8', 'Transfer-Encoding': 'chunked', 'Connection': 'keep-alive', 'X-Powered-By': 'Express', 'Access-Control-Allow-Origin': '*', 'Cache-Control': 'no-cache', 'ETag': 'W/"4a5-w0Oei14H02MGK+95eaZTLuzRQjw"', 'Vary': 'Accept-Encoding', 'Content-Encoding': 'gzip', 'CF-Cache-Status': 'DYNAMIC', 'Report-To': '{"endpoints":[{"url":"https:\\/\\/a.nel.cloudflare.com\\/report\\/v4?s=IkLkemE%2B1MUlcv%2F01B8uX6nr8w5ggZNLO%2Fqhm9GKPzjsXqirWkt3NPCImZ1%2B3pDPKL%2B5tnbB1XfIfES428l26LW%2BQqzZ101Q61Yjdf3qLBu1gTlhlagUyX1kT%2BZdu4Pz"}],"group":"cf-nel","max_age":604800}', 'NEL': '{"success_fraction":0,"report_to":"cf-nel","max_age":604800}', 'Server': 'cloudflare', 'CF-RAY': '87f50bc8891e235c-SJC', 'alt-svc': 'h3=":443"; ma=86400'} 
 body={"results":[{"gender":"male","name":{"title":"Monsieur","first":"Walter","last":"Pierre"},"location":{"street":{"number":6091,"name":"Avenue de la République"},"city":"Baden","state":"Valais","country":"Switzerland","postcode":6390,"coordinates":{"latitude":"-63.1868","longitude":"-111.8237"},"timezone":{"offset":"+1:00","description":"Brussels, Copenhagen, Madrid, Paris"}},"email":"walter.pierre@example.com","login":{"uuid":"fd7900d6-031a-4470-924a-abc399d5812d","username":"crazymouse669","password":"billybob","salt":"anhPrDcd","md5":"835c63f8fcd897e7360f7a3070727c66","sha1":"497745694d820b619bbe60a56ade0765902f5c84","sha256":"ba3d889ee5496ee1c37504adff96118252fc35ad3684973fc96bb18e3de7d014"},"dob":{"date":"1984-03-31T19:12:48.917Z","age":40},"registered":{"date":"2017-08-30T20:07:21.440Z","age":6},"phone":"078 835 01 83","cell":"075 193 13 27","id":{"name":"AVS","value":"756.1324.1869.89"},"picture":{"large":"https://randomuser.me/api/portraits/men/23.jpg","medium":"https://randomuser.me/api/portraits/med/men/23.jpg","thumbnail":"https://randomuser.me/api/portraits/thumb/men/23.jpg"},"nat":"CH"}],"info":{"seed":"a433f71b6e7fd873","results":1,"page":1,"version":"1.4"}} 
 </msg>
<msg time="2024-05-06T01:02:39.543590" level="INFO">/opt/hostedtoolcache/Python/3.12.3/x64/lib/python3.12/site-packages/urllib3/connectionpool.py:1103: InsecureRequestWarning: Unverified HTTPS request is being made to host 'randomuser.me'. Adding certificate verification is strongly advised. See: https://urllib3.readthedocs.io/en/latest/advanced-usage.html#tls-warnings
  warnings.warn(</msg>
<msg time="2024-05-06T01:02:39.543679" level="INFO">${response} = &lt;Response [200]&gt;</msg>
<var>${response}</var>
<arg>consultarAPI</arg>
<arg>/api</arg>
<doc>Sends a GET request on a previously created HTTP Session.</doc>
<status status="PASS" start="2024-05-06T01:02:39.445451" elapsed="0.098264"/>
</kw>
<kw name="Set Variable" owner="BuiltIn">
<msg time="2024-05-06T01:02:39.544517" level="INFO">${json_data} = {'results': [{'gender': 'male', 'name': {'title': 'Monsieur', 'first': 'Walter', 'last': 'Pierre'}, 'location': {'street': {'number': 6091, 'name': 'Avenue de la République'}, 'city': 'Baden', 'state'...</msg>
<var>${json_data}</var>
<arg>${response.json()}</arg>
<doc>Returns the given values which can then be assigned to a variables.</doc>
<status status="PASS" start="2024-05-06T01:02:39.544071" elapsed="0.000474"/>
</kw>
<kw name="Log" owner="BuiltIn">
<msg time="2024-05-06T01:02:39.545021" level="INFO">{'results': [{'gender': 'male', 'name': {'title': 'Monsieur', 'first': 'Walter', 'last': 'Pierre'}, 'location': {'street': {'number': 6091, 'name': 'Avenue de la République'}, 'city': 'Baden', 'state': 'Valais', 'country': 'Switzerland', 'postcode': 6390, 'coordinates': {'latitude': '-63.1868', 'longitude': '-111.8237'}, 'timezone': {'offset': '+1:00', 'description': 'Brussels, Copenhagen, Madrid, Paris'}}, 'email': 'walter.pierre@example.com', 'login': {'uuid': 'fd7900d6-031a-4470-924a-abc399d5812d', 'username': 'crazymouse669', 'password': 'billybob', 'salt': 'anhPrDcd', 'md5': '835c63f8fcd897e7360f7a3070727c66', 'sha1': '497745694d820b619bbe60a56ade0765902f5c84', 'sha256': 'ba3d889ee5496ee1c37504adff96118252fc35ad3684973fc96bb18e3de7d014'}, 'dob': {'date': '1984-03-31T19:12:48.917Z', 'age': 40}, 'registered': {'date': '2017-08-30T20:07:21.440Z', 'age': 6}, 'phone': '078 835 01 83', 'cell': '075 193 13 27', 'id': {'name': 'AVS', 'value': '756.1324.1869.89'}, 'picture': {'large': 'https://randomuser.me/api/portraits/men/23.jpg', 'medium': 'https://randomuser.me/api/portraits/med/men/23.jpg', 'thumbnail': 'https://randomuser.me/api/portraits/thumb/men/23.jpg'}, 'nat': 'CH'}], 'info': {'seed': 'a433f71b6e7fd873', 'results': 1, 'page': 1, 'version': '1.4'}}</msg>
<arg>${json_data}</arg>
<doc>Logs the given message with the given level.</doc>
<status status="PASS" start="2024-05-06T01:02:39.544869" elapsed="0.000234"/>
</kw>
<kw name="Should Be String" owner="String">
<arg>${json_data['results'][0]['gender']}</arg>
<doc>Fails if the given ``item`` is not a string.</doc>
<status status="PASS" start="2024-05-06T01:02:39.545400" elapsed="0.000360"/>
</kw>
<kw name="Should Match Regexp" owner="BuiltIn">
<arg>${json_data['results'][0]['email']}</arg>
<arg>^[a-zA-Z0-9._%+-]+@[a-zA-Z0-9.-]+\.[a-zA-Z]{2,}$</arg>
<doc>Fails if ``string`` does not match ``pattern`` as a regular expression.</doc>
<status status="PASS" start="2024-05-06T01:02:39.545953" elapsed="0.000504"/>
</kw>
<kw name="Should Match Regexp" owner="BuiltIn">
<arg>${json_data['results'][0]['dob']['date']}</arg>
<arg>\\d{4}-\\d{2}-\\d{2}T\\d{2}:\\d{2}:\\d{2}\\.\\d{3}Z</arg>
<doc>Fails if ``string`` does not match ``pattern`` as a regular expression.</doc>
<status status="PASS" start="2024-05-06T01:02:39.546653" elapsed="0.000479"/>
</kw>
<kw name="Should Match Regexp" owner="BuiltIn">
<arg>${json_data['results'][0]['registered']['date']}</arg>
<arg>\\d{4}-\\d{2}-\\d{2}T\\d{2}:\\d{2}:\\d{2}\\.\\d{3}Z</arg>
<doc>Fails if ``string`` does not match ``pattern`` as a regular expression.</doc>
<status status="PASS" start="2024-05-06T01:02:39.547322" elapsed="0.000369"/>
</kw>
<kw name="Should Match Regexp" owner="BuiltIn">
<arg>${json_data['results'][0]['picture']['large']}</arg>
<arg>^https?://.*\.(?:png|jpe?g|gif|bmp)$</arg>
<doc>Fails if ``string`` does not match ``pattern`` as a regular expression.</doc>
<status status="PASS" start="2024-05-06T01:02:39.547879" elapsed="0.000461"/>
</kw>
<kw name="Should Match Regexp" owner="BuiltIn">
<arg>${json_data['results'][0]['picture']['medium']}</arg>
<arg>^https?://.*\.(?:png|jpe?g|gif|bmp)$</arg>
<doc>Fails if ``string`` does not match ``pattern`` as a regular expression.</doc>
<status status="PASS" start="2024-05-06T01:02:39.548531" elapsed="0.000374"/>
</kw>
<kw name="Should Match Regexp" owner="BuiltIn">
<arg>${json_data['results'][0]['picture']['thumbnail']}</arg>
<arg>^https?://.*\.(?:png|jpe?g|gif|bmp)$</arg>
<doc>Fails if ``string`` does not match ``pattern`` as a regular expression.</doc>
<status status="PASS" start="2024-05-06T01:02:39.549096" elapsed="0.000354"/>
</kw>
<kw name="Log" owner="BuiltIn">
<msg time="2024-05-06T01:02:39.549946" level="INFO">{'large': 'https://randomuser.me/api/portraits/men/23.jpg', 'medium': 'https://randomuser.me/api/portraits/med/men/23.jpg', 'thumbnail': 'https://randomuser.me/api/portraits/thumb/men/23.jpg'}</msg>
<arg>${json_data['results'][0]['picture']}</arg>
<doc>Logs the given message with the given level.</doc>
<status status="PASS" start="2024-05-06T01:02:39.549629" elapsed="0.000357"/>
</kw>
<status status="PASS" start="2024-05-06T01:02:39.445215" elapsed="0.105017"/>
</kw>
<kw name="Teste de Tipos de Dados - Postcode" owner="random-user-service">
<kw name="GET On Session" owner="RequestsLibrary">
<msg time="2024-05-06T01:02:39.662491" level="INFO">GET Request : url=https://randomuser.me/api 
 path_url=/api 
 headers={'User-Agent': 'python-requests/2.31.0', 'Accept-Encoding': 'gzip, deflate', 'Accept': '*/*', 'Connection': 'keep-alive'} 
 body=None 
 </msg>
<msg time="2024-05-06T01:02:39.662575" level="INFO">GET Response : url=https://randomuser.me/api 
 status=200, reason=OK 
 headers={'Date': 'Mon, 06 May 2024 01:02:39 GMT', 'Content-Type': 'application/json; charset=utf-8', 'Transfer-Encoding': 'chunked', 'Connection': 'keep-alive', 'X-Powered-By': 'Express', 'Access-Control-Allow-Origin': '*', 'Cache-Control': 'no-cache', 'ETag': 'W/"472-Q0+UPLXeT7tkdOL77e0b3qPZ3Kg"', 'Vary': 'Accept-Encoding', 'Content-Encoding': 'gzip', 'CF-Cache-Status': 'DYNAMIC', 'Report-To': '{"endpoints":[{"url":"https:\\/\\/a.nel.cloudflare.com\\/report\\/v4?s=AL7DdaveToyKoEfDByJmn9ZqS7tjFrPpcu0YXp5pEIWuW2Ia39ASP5p6DzobRnbYNedR9Nj16IMUO0wBZLFDGLsXLqvK%2FxbpBwQliZHNJmOJI%2Bs9E4it1fkvYDRl4cOD"}],"group":"cf-nel","max_age":604800}', 'NEL': '{"success_fraction":0,"report_to":"cf-nel","max_age":604800}', 'Server': 'cloudflare', 'CF-RAY': '87f50bc939b5235c-SJC', 'alt-svc': 'h3=":443"; ma=86400'} 
 body={"results":[{"gender":"male","name":{"title":"Mr","first":"Adem","last":"Kulaksızoğlu"},"location":{"street":{"number":9223,"name":"Istiklal Cd"},"city":"Tunceli","state":"Kilis","country":"Turkey","postcode":49845,"coordinates":{"latitude":"64.5521","longitude":"-167.7107"},"timezone":{"offset":"+9:30","description":"Adelaide, Darwin"}},"email":"adem.kulaksizoglu@example.com","login":{"uuid":"08ee7cf7-a775-4867-b23d-8b46018eb7da","username":"brownswan592","password":"bian","salt":"MBCvGyBR","md5":"5a8fc73443f46d0034be242b033e1302","sha1":"fb8adb2f0c4222ecb7b3c21c7f5ad2f391ec30ba","sha256":"e8c9d9b6e4f04ac7ac1c341ea4abb506c0f7c1b91facc6e61020484e9eb923ef"},"dob":{"date":"1987-02-17T06:35:51.215Z","age":37},"registered":{"date":"2008-04-30T06:58:52.129Z","age":16},"phone":"(015)-964-8637","cell":"(304)-513-7875","id":{"name":"","value":null},"picture":{"large":"https://randomuser.me/api/portraits/men/42.jpg","medium":"https://randomuser.me/api/portraits/med/men/42.jpg","thumbnail":"https://randomuser.me/api/portraits/thumb/men/42.jpg"},"nat":"TR"}],"info":{"seed":"0d86f550881c6875","results":1,"page":1,"version":"1.4"}} 
 </msg>
<msg time="2024-05-06T01:02:39.662649" level="INFO">/opt/hostedtoolcache/Python/3.12.3/x64/lib/python3.12/site-packages/urllib3/connectionpool.py:1103: InsecureRequestWarning: Unverified HTTPS request is being made to host 'randomuser.me'. Adding certificate verification is strongly advised. See: https://urllib3.readthedocs.io/en/latest/advanced-usage.html#tls-warnings
  warnings.warn(</msg>
<msg time="2024-05-06T01:02:39.662759" level="INFO">${response} = &lt;Response [200]&gt;</msg>
<var>${response}</var>
<arg>consultarAPI</arg>
<arg>/api</arg>
<doc>Sends a GET request on a previously created HTTP Session.</doc>
<status status="PASS" start="2024-05-06T01:02:39.550659" elapsed="0.112132"/>
</kw>
<kw name="Set Variable" owner="BuiltIn">
<msg time="2024-05-06T01:02:39.663610" level="INFO">${json_data} = {'results': [{'gender': 'male', 'name': {'title': 'Mr', 'first': 'Adem', 'last': 'Kulaksızoğlu'}, 'location': {'street': {'number': 9223, 'name': 'Istiklal Cd'}, 'city': 'Tunceli', 'state': 'Kilis', '...</msg>
<var>${json_data}</var>
<arg>${response.json()}</arg>
<doc>Returns the given values which can then be assigned to a variables.</doc>
<status status="PASS" start="2024-05-06T01:02:39.663158" elapsed="0.000481"/>
</kw>
<kw name="Log" owner="BuiltIn">
<msg time="2024-05-06T01:02:39.664115" level="INFO">{'results': [{'gender': 'male', 'name': {'title': 'Mr', 'first': 'Adem', 'last': 'Kulaksızoğlu'}, 'location': {'street': {'number': 9223, 'name': 'Istiklal Cd'}, 'city': 'Tunceli', 'state': 'Kilis', 'country': 'Turkey', 'postcode': 49845, 'coordinates': {'latitude': '64.5521', 'longitude': '-167.7107'}, 'timezone': {'offset': '+9:30', 'description': 'Adelaide, Darwin'}}, 'email': 'adem.kulaksizoglu@example.com', 'login': {'uuid': '08ee7cf7-a775-4867-b23d-8b46018eb7da', 'username': 'brownswan592', 'password': 'bian', 'salt': 'MBCvGyBR', 'md5': '5a8fc73443f46d0034be242b033e1302', 'sha1': 'fb8adb2f0c4222ecb7b3c21c7f5ad2f391ec30ba', 'sha256': 'e8c9d9b6e4f04ac7ac1c341ea4abb506c0f7c1b91facc6e61020484e9eb923ef'}, 'dob': {'date': '1987-02-17T06:35:51.215Z', 'age': 37}, 'registered': {'date': '2008-04-30T06:58:52.129Z', 'age': 16}, 'phone': '(015)-964-8637', 'cell': '(304)-513-7875', 'id': {'name': '', 'value': None}, 'picture': {'large': 'https://randomuser.me/api/portraits/men/42.jpg', 'medium': 'https://randomuser.me/api/portraits/med/men/42.jpg', 'thumbnail': 'https://randomuser.me/api/portraits/thumb/men/42.jpg'}, 'nat': 'TR'}], 'info': {'seed': '0d86f550881c6875', 'results': 1, 'page': 1, 'version': '1.4'}}</msg>
<arg>${json_data}</arg>
<doc>Logs the given message with the given level.</doc>
<status status="PASS" start="2024-05-06T01:02:39.663939" elapsed="0.000255"/>
</kw>
<kw name="Should Be Equal As Numbers" owner="BuiltIn">
<arg>${json_data['results'][0]['location']['postcode']}</arg>
<arg>${json_data['results'][0]['location']['postcode']}</arg>
<doc>Fails if objects are unequal after converting them to real numbers.</doc>
<status status="PASS" start="2024-05-06T01:02:39.664617" elapsed="0.000661"/>
</kw>
<kw name="Log" owner="BuiltIn">
<msg time="2024-05-06T01:02:39.665800" level="INFO">49845</msg>
<arg>${json_data['results'][0]['location']['postcode']}</arg>
<doc>Logs the given message with the given level.</doc>
<status status="PASS" start="2024-05-06T01:02:39.665468" elapsed="0.000370"/>
</kw>
<status status="PASS" start="2024-05-06T01:02:39.550443" elapsed="0.115644"/>
</kw>
<doc>Testa se os tipos de dados na resposta da API estão corretos.</doc>
<tag>testeTiposDados</tag>
<status status="PASS" start="2024-05-06T01:02:39.444682" elapsed="0.221559"/>
</test>
<test id="s1-s1-t5" name="Validar conteudo" line="35">
<kw name="Teste de Tipos de Conteudo" owner="random-user-service">
<kw name="GET On Session" owner="RequestsLibrary">
<msg time="2024-05-06T01:02:40.261596" level="INFO">GET Request : url=https://randomuser.me/api 
 path_url=/api 
 headers={'User-Agent': 'python-requests/2.31.0', 'Accept-Encoding': 'gzip, deflate', 'Accept': '*/*', 'Connection': 'keep-alive'} 
 body=None 
 </msg>
<msg time="2024-05-06T01:02:40.261688" level="INFO">GET Response : url=https://randomuser.me/api 
 status=200, reason=OK 
 headers={'Date': 'Mon, 06 May 2024 01:02:40 GMT', 'Content-Type': 'application/json; charset=utf-8', 'Transfer-Encoding': 'chunked', 'Connection': 'keep-alive', 'X-Powered-By': 'Express', 'Access-Control-Allow-Origin': '*', 'Cache-Control': 'no-cache', 'ETag': 'W/"49c-iWevYyKYXXNMrwML3gHLHfg13nA"', 'Vary': 'Accept-Encoding', 'Content-Encoding': 'gzip', 'CF-Cache-Status': 'DYNAMIC', 'Report-To': '{"endpoints":[{"url":"https:\\/\\/a.nel.cloudflare.com\\/report\\/v4?s=aAuxx2ZA7Nk74MWOkrf%2B8uJ672wMAFW5ys7t62Ow9aBXtxbzTfTD9kjo0ZLLalh2sRAkYRUL4Y35FKLQXn3hezQ3Hxbxpj0ZAWlgVxdzrXMBc2ljpXF%2BgT8rNMtj1g2H"}],"group":"cf-nel","max_age":604800}', 'NEL': '{"success_fraction":0,"report_to":"cf-nel","max_age":604800}', 'Server': 'cloudflare', 'CF-RAY': '87f50bc9fa74235c-SJC', 'alt-svc': 'h3=":443"; ma=86400'} 
 body={"results":[{"gender":"female","name":{"title":"Mrs","first":"Zhanna","last":"Parfenyuk"},"location":{"street":{"number":8436,"name":"Ternopilska"},"city":"Ukrayinsk","state":"Ivano-Frankivska","country":"Ukraine","postcode":97216,"coordinates":{"latitude":"75.5297","longitude":"114.7769"},"timezone":{"offset":"+8:00","description":"Beijing, Perth, Singapore, Hong Kong"}},"email":"zhanna.parfenyuk@example.com","login":{"uuid":"4a5ddee5-fb4b-4668-8dac-f667b6c8f83d","username":"silverzebra446","password":"people","salt":"TqTAzGHY","md5":"f58887591322f08fb4808620be57ae0f","sha1":"5a7a837b16a1bf2c058132d73cfd79c772c0a864","sha256":"1d685292d40483cb58c44f4233407783f5e1ee89ea98cdaf31757bae1ca7b884"},"dob":{"date":"1966-03-31T17:25:20.935Z","age":58},"registered":{"date":"2011-07-16T12:50:56.021Z","age":12},"phone":"(068) U59-5288","cell":"(099) E76-6778","id":{"name":"","value":null},"picture":{"large":"https://randomuser.me/api/portraits/women/72.jpg","medium":"https://randomuser.me/api/portraits/med/women/72.jpg","thumbnail":"https://randomuser.me/api/portraits/thumb/women/72.jpg"},"nat":"UA"}],"info":{"seed":"1308dc4f4a16e903","results":1,"page":1,"version":"1.4"}} 
 </msg>
<msg time="2024-05-06T01:02:40.261763" level="INFO">/opt/hostedtoolcache/Python/3.12.3/x64/lib/python3.12/site-packages/urllib3/connectionpool.py:1103: InsecureRequestWarning: Unverified HTTPS request is being made to host 'randomuser.me'. Adding certificate verification is strongly advised. See: https://urllib3.readthedocs.io/en/latest/advanced-usage.html#tls-warnings
  warnings.warn(</msg>
<msg time="2024-05-06T01:02:40.261890" level="INFO">${response} = &lt;Response [200]&gt;</msg>
<var>${response}</var>
<arg>consultarAPI</arg>
<arg>/api</arg>
<doc>Sends a GET request on a previously created HTTP Session.</doc>
<status status="PASS" start="2024-05-06T01:02:39.668654" elapsed="0.593277"/>
</kw>
<kw name="Set Variable" owner="BuiltIn">
<msg time="2024-05-06T01:02:40.262951" level="INFO">${json_data} = {'results': [{'gender': 'female', 'name': {'title': 'Mrs', 'first': 'Zhanna', 'last': 'Parfenyuk'}, 'location': {'street': {'number': 8436, 'name': 'Ternopilska'}, 'city': 'Ukrayinsk', 'state': 'Ivano...</msg>
<var>${json_data}</var>
<arg>${response.json()}</arg>
<doc>Returns the given values which can then be assigned to a variables.</doc>
<status status="PASS" start="2024-05-06T01:02:40.262410" elapsed="0.000568"/>
</kw>
<kw name="Set Variable" owner="BuiltIn">
<msg time="2024-05-06T01:02:40.263662" level="INFO">${name_title} = Mrs</msg>
<var>${name_title}</var>
<arg>${json_data["results"][0]["name"]["title"]}</arg>
<doc>Returns the given values which can then be assigned to a variables.</doc>
<status status="PASS" start="2024-05-06T01:02:40.263281" elapsed="0.000405"/>
</kw>
<kw name="Create List" owner="BuiltIn">
<msg time="2024-05-06T01:02:40.264126" level="INFO">${allowed_titles} = ['Mr', 'Ms', 'Miss', 'Mrs', 'Madame', 'Monsieur']</msg>
<var>${allowed_titles}</var>
<arg>Mr</arg>
<arg>Ms</arg>
<arg>Miss</arg>
<arg>Mrs</arg>
<arg>Madame</arg>
<arg>Monsieur</arg>
<doc>Returns a list containing given items.</doc>
<status status="PASS" start="2024-05-06T01:02:40.263980" elapsed="0.000170"/>
</kw>
<kw name="List Should Contain Value" owner="Collections">
<msg time="2024-05-06T01:02:40.264614" level="INFO">False</msg>
<arg>${allowed_titles}</arg>
<arg>${name_title}</arg>
<doc>Fails if the ``value`` is not found from ``list``.</doc>
<status status="PASS" start="2024-05-06T01:02:40.264443" elapsed="0.000206"/>
</kw>
<kw name="Set Variable" owner="BuiltIn">
<msg time="2024-05-06T01:02:40.265369" level="INFO">${name_country} = UA</msg>
<var>${name_country}</var>
<arg>${json_data["results"][0]["nat"]}</arg>
<doc>Returns the given values which can then be assigned to a variables.</doc>
<status status="PASS" start="2024-05-06T01:02:40.264990" elapsed="0.000404"/>
</kw>
<kw name="Create List" owner="BuiltIn">
<msg time="2024-05-06T01:02:40.266277" level="INFO">${list_country} = ['AD', 'AE', 'AF', 'AG', 'AI', 'AL', 'AM', 'AO', 'AQ', 'AR', 'AS', 'AT', 'AU', 'AW', 'AX', 'AZ', 'BA', 'BB', 'BD', 'BE', 'BF', 'BG', 'BH', 'BI', 'BJ', 'BL', 'BM', 'BN', 'BO', 'BQ', 'BR', 'BS', 'BT', '...</msg>
<var>${list_country}</var>
<arg>AD</arg>
<arg>AE</arg>
<arg>AF</arg>
<arg>AG</arg>
<arg>AI</arg>
<arg>AL</arg>
<arg>AM</arg>
<arg>AO</arg>
<arg>AQ</arg>
<arg>AR</arg>
<arg>AS</arg>
<arg>AT</arg>
<arg>AU</arg>
<arg>AW</arg>
<arg>AX</arg>
<arg>AZ</arg>
<arg>BA</arg>
<arg>BB</arg>
<arg>BD</arg>
<arg>BE</arg>
<arg>BF</arg>
<arg>BG</arg>
<arg>BH</arg>
<arg>BI</arg>
<arg>BJ</arg>
<arg>BL</arg>
<arg>BM</arg>
<arg>BN</arg>
<arg>BO</arg>
<arg>BQ</arg>
<arg>BR</arg>
<arg>BS</arg>
<arg>BT</arg>
<arg>BV</arg>
<arg>BW</arg>
<arg>BY</arg>
<arg>BZ</arg>
<arg>CA</arg>
<arg>CC</arg>
<arg>CD</arg>
<arg>CF</arg>
<arg>CG</arg>
<arg>CH</arg>
<arg>CI</arg>
<arg>CK</arg>
<arg>CL</arg>
<arg>CM</arg>
<arg>CN</arg>
<arg>CO</arg>
<arg>CR</arg>
<arg>CU</arg>
<arg>CV</arg>
<arg>CW</arg>
<arg>CX</arg>
<arg>CY</arg>
<arg>CZ</arg>
<arg>DE</arg>
<arg>DJ</arg>
<arg>DK</arg>
<arg>DM</arg>
<arg>DO</arg>
<arg>DZ</arg>
<arg>EC</arg>
<arg>EE</arg>
<arg>EG</arg>
<arg>EH</arg>
<arg>ER</arg>
<arg>ES</arg>
<arg>ET</arg>
<arg>FI</arg>
<arg>FJ</arg>
<arg>FK</arg>
<arg>FM</arg>
<arg>FO</arg>
<arg>FR</arg>
<arg>GA</arg>
<arg>GB</arg>
<arg>GD</arg>
<arg>GE</arg>
<arg>GF</arg>
<arg>GG</arg>
<arg>GH</arg>
<arg>GI</arg>
<arg>GL</arg>
<arg>GM</arg>
<arg>GN</arg>
<arg>GP</arg>
<arg>GQ</arg>
<arg>GR</arg>
<arg>GS</arg>
<arg>GT</arg>
<arg>GU</arg>
<arg>GW</arg>
<arg>GY</arg>
<arg>HK</arg>
<arg>HM</arg>
<arg>HN</arg>
<arg>HR</arg>
<arg>HT</arg>
<arg>HU</arg>
<arg>ID</arg>
<arg>IE</arg>
<arg>IL</arg>
<arg>IM</arg>
<arg>IN</arg>
<arg>IO</arg>
<arg>IQ</arg>
<arg>IR</arg>
<arg>IS</arg>
<arg>IT</arg>
<arg>JE</arg>
<arg>JM</arg>
<arg>JO</arg>
<arg>JP</arg>
<arg>KE</arg>
<arg>KG</arg>
<arg>KH</arg>
<arg>KI</arg>
<arg>KM</arg>
<arg>KN</arg>
<arg>KP</arg>
<arg>KR</arg>
<arg>KW</arg>
<arg>KY</arg>
<arg>KZ</arg>
<arg>LA</arg>
<arg>LB</arg>
<arg>LC</arg>
<arg>LI</arg>
<arg>LK</arg>
<arg>LR</arg>
<arg>LS</arg>
<arg>LT</arg>
<arg>LU</arg>
<arg>LV</arg>
<arg>LY</arg>
<arg>MA</arg>
<arg>MC</arg>
<arg>MD</arg>
<arg>ME</arg>
<arg>MF</arg>
<arg>MG</arg>
<arg>MH</arg>
<arg>MK</arg>
<arg>ML</arg>
<arg>MM</arg>
<arg>MN</arg>
<arg>MO</arg>
<arg>MP</arg>
<arg>MQ</arg>
<arg>MR</arg>
<arg>MS</arg>
<arg>MT</arg>
<arg>MU</arg>
<arg>MV</arg>
<arg>MW</arg>
<arg>MX</arg>
<arg>MY</arg>
<arg>MZ</arg>
<arg>NA</arg>
<arg>NC</arg>
<arg>NE</arg>
<arg>NF</arg>
<arg>NG</arg>
<arg>NI</arg>
<arg>NL</arg>
<arg>NO</arg>
<arg>NP</arg>
<arg>NR</arg>
<arg>NU</arg>
<arg>NZ</arg>
<arg>OM</arg>
<arg>PA</arg>
<arg>PE</arg>
<arg>PF</arg>
<arg>PG</arg>
<arg>PH</arg>
<arg>PK</arg>
<arg>PL</arg>
<arg>PM</arg>
<arg>PN</arg>
<arg>PR</arg>
<arg>PS</arg>
<arg>PT</arg>
<arg>PW</arg>
<arg>PY</arg>
<arg>QA</arg>
<arg>RE</arg>
<arg>RO</arg>
<arg>RS</arg>
<arg>RU</arg>
<arg>RW</arg>
<arg>SA</arg>
<arg>SB</arg>
<arg>SC</arg>
<arg>SD</arg>
<arg>SE</arg>
<arg>SG</arg>
<arg>SH</arg>
<arg>SI</arg>
<arg>SJ</arg>
<arg>SK</arg>
<arg>SL</arg>
<arg>SM</arg>
<arg>SN</arg>
<arg>SO</arg>
<arg>SR</arg>
<arg>SS</arg>
<arg>ST</arg>
<arg>SV</arg>
<arg>SX</arg>
<arg>SY</arg>
<arg>SZ</arg>
<arg>TC</arg>
<arg>TD</arg>
<arg>TF</arg>
<arg>TG</arg>
<arg>TH</arg>
<arg>TJ</arg>
<arg>TK</arg>
<arg>TL</arg>
<arg>TM</arg>
<arg>TN</arg>
<arg>TO</arg>
<arg>TR</arg>
<arg>TT</arg>
<arg>TV</arg>
<arg>TW</arg>
<arg>TZ</arg>
<arg>UA</arg>
<arg>UG</arg>
<arg>UM</arg>
<arg>US</arg>
<arg>UY</arg>
<arg>UZ</arg>
<arg>VA</arg>
<arg>VC</arg>
<arg>VE</arg>
<arg>VG</arg>
<arg>VI</arg>
<arg>VN</arg>
<arg>VU</arg>
<arg>WF</arg>
<arg>WS</arg>
<arg>XK</arg>
<arg>YE</arg>
<arg>YT</arg>
<arg>ZA</arg>
<arg>ZM</arg>
<arg>ZW</arg>
<doc>Returns a list containing given items.</doc>
<status status="PASS" start="2024-05-06T01:02:40.265692" elapsed="0.000610"/>
</kw>
<kw name="List Should Contain Value" owner="Collections">
<msg time="2024-05-06T01:02:40.267288" level="INFO">False</msg>
<arg>${list_country}</arg>
<arg>${name_country}</arg>
<doc>Fails if the ``value`` is not found from ``list``.</doc>
<status status="PASS" start="2024-05-06T01:02:40.267090" elapsed="0.000234"/>
</kw>
<kw name="Run Keyword If" owner="BuiltIn">
<kw name="Should Be True" owner="BuiltIn">
<arg>${True}</arg>
<doc>Fails if the given condition is not true.</doc>
<status status="PASS" start="2024-05-06T01:02:40.268377" elapsed="0.000245"/>
</kw>
<arg>${json_data["results"][0]["location"]["coordinates"]["latitude"]} &gt;= -90 and ${json_data["results"][0]["location"]["coordinates"]["latitude"]} &lt;= 90</arg>
<arg>Should Be True</arg>
<arg>${True}</arg>
<doc>Runs the given keyword with the given arguments, if ``condition`` is true.</doc>
<status status="PASS" start="2024-05-06T01:02:40.267630" elapsed="0.001149"/>
</kw>
<kw name="Run Keyword If" owner="BuiltIn">
<kw name="Should Be True" owner="BuiltIn">
<arg>${True}</arg>
<doc>Fails if the given condition is not true.</doc>
<status status="PASS" start="2024-05-06T01:02:40.269669" elapsed="0.000135"/>
</kw>
<arg>${json_data["results"][0]["location"]["coordinates"]["longitude"]} &gt;= -180 and ${json_data["results"][0]["location"]["coordinates"]["longitude"]} &lt;= 180</arg>
<arg>Should Be True</arg>
<arg>${True}</arg>
<doc>Runs the given keyword with the given arguments, if ``condition`` is true.</doc>
<status status="PASS" start="2024-05-06T01:02:40.268973" elapsed="0.000954"/>
</kw>
<status status="PASS" start="2024-05-06T01:02:39.668435" elapsed="0.601620"/>
</kw>
<doc>Testa o conteúdo específico dos campos retornados pela API.</doc>
<tag>testeConteudo</tag>
<status status="PASS" start="2024-05-06T01:02:39.667929" elapsed="0.602270"/>
</test>
<status status="PASS" start="2024-05-06T01:02:38.609044" elapsed="1.663107"/>
</suite>
<status status="PASS" start="2024-05-06T01:02:38.595644" elapsed="1.681746"/>
</suite>
<statistics>
<total>
<stat pass="5" fail="0" skip="0">All Tests</stat>
</total>
<tag>
<stat pass="1" fail="0" skip="0">testeConteudo</stat>
<stat pass="1" fail="0" skip="0">testeEstruturaResposta</stat>
<stat pass="1" fail="0" skip="0">testeRequisicaoBasica</stat>
<stat pass="1" fail="0" skip="0">testeTiposDados</stat>
</tag>
<suite>
<stat pass="5" fail="0" skip="0" id="s1" name="Tests">Tests</stat>
<stat pass="5" fail="0" skip="0" id="s1-s1" name="Random-User-Test">Tests.Random-User-Test</stat>
</suite>
</statistics>
<errors>
</errors>
</robot>
