<?xml version="1.0" encoding="UTF-8"?>
<robot generator="Robot 7.0 (Python 3.12.3 on linux)" generated="2024-04-20T03:15:26.613512" rpa="false" schemaversion="5">
<suite id="s1" name="Tests" source="/home/runner/work/DesafioQAItauRogerioJordao/DesafioQAItauRogerioJordao/RamdonUser/tests">
<suite id="s1-s1" name="Random-User-Test" source="/home/runner/work/DesafioQAItauRogerioJordao/DesafioQAItauRogerioJordao/RamdonUser/tests/random-user-test.robot">
<test id="s1-s1-t1" name="Conectar" line="13">
<kw name="Conectar API" owner="random-user-service">
<kw name="Create Session" owner="RequestsLibrary">
<msg time="2024-04-20T03:15:26.976293" level="INFO">Creating Session using : alias=consultarAPI, url=https://randomuser.me/, headers={},                     cookies={}, auth=None, timeout=None, proxies=None, verify=False,                     debug=0 </msg>
<arg>consultarAPI</arg>
<arg>${URL}</arg>
<doc>Create Session: create a HTTP session to a server</doc>
<status status="PASS" start="2024-04-20T03:15:26.976093" elapsed="0.000365"/>
</kw>
<status status="PASS" start="2024-04-20T03:15:26.975116" elapsed="0.001685"/>
</kw>
<status status="PASS" start="2024-04-20T03:15:26.974483" elapsed="0.002508"/>
</test>
<test id="s1-s1-t2" name="Validar retorno 200 e JSON Válido" line="16">
<kw name="Teste de Requisicao Basica" owner="random-user-service">
<kw name="GET On Session" owner="RequestsLibrary">
<msg time="2024-04-20T03:15:27.209394" level="INFO">GET Request : url=https://randomuser.me/api 
 path_url=/api 
 headers={'User-Agent': 'python-requests/2.31.0', 'Accept-Encoding': 'gzip, deflate', 'Accept': '*/*', 'Connection': 'keep-alive'} 
 body=None 
 </msg>
<msg time="2024-04-20T03:15:27.209526" level="INFO">GET Response : url=https://randomuser.me/api 
 status=200, reason=OK 
 headers={'Date': 'Sat, 20 Apr 2024 03:15:27 GMT', 'Content-Type': 'application/json; charset=utf-8', 'Transfer-Encoding': 'chunked', 'Connection': 'keep-alive', 'X-Powered-By': 'Express', 'Access-Control-Allow-Origin': '*', 'Cache-Control': 'no-cache', 'ETag': 'W/"479-ZX+vGS6iviNkuQ+IoYfqOPUnRmc"', 'Vary': 'Accept-Encoding', 'Content-Encoding': 'gzip', 'CF-Cache-Status': 'DYNAMIC', 'Report-To': '{"endpoints":[{"url":"https:\\/\\/a.nel.cloudflare.com\\/report\\/v4?s=%2BeH2INPyCTfKRD1WfGjCfuT1sr5FRQb1gEl%2BigHAYZRWqCt5FV99Kt81O3Tc9kzA4oqxHHA1IEBBZ8TEgQQJpTTBU9sDh82UoCFzaHlHTlSwD0jSv%2F6Oc6iXigmKs1W%2F"}],"group":"cf-nel","max_age":604800}', 'NEL': '{"success_fraction":0,"report_to":"cf-nel","max_age":604800}', 'Server': 'cloudflare', 'CF-RAY': '8771f84e7e4bce3c-SJC', 'alt-svc': 'h3=":443"; ma=86400'} 
 body={"results":[{"gender":"male","name":{"title":"Mr","first":"Felipe","last":"Fuentes"},"location":{"street":{"number":7444,"name":"Calle de Ferraz"},"city":"Santander","state":"Canarias","country":"Spain","postcode":21000,"coordinates":{"latitude":"-31.4643","longitude":"-158.8947"},"timezone":{"offset":"+9:30","description":"Adelaide, Darwin"}},"email":"felipe.fuentes@example.com","login":{"uuid":"54eb7c31-74c8-4976-8355-e46d2a688b9d","username":"goldenfrog926","password":"cole","salt":"CsWGJDAa","md5":"af47e1210a179a8b6097fe2e1160924a","sha1":"62f07b74dabbf1417873811a1ef4354498942e87","sha256":"d61c89f040fdd96ae1389abbae6e4cabe3a6a78111bea23f71da837e1d2110f6"},"dob":{"date":"1960-01-21T15:02:21.252Z","age":64},"registered":{"date":"2010-07-09T22:13:07.173Z","age":13},"phone":"916-455-758","cell":"611-519-627","id":{"name":"DNI","value":"82108934-N"},"picture":{"large":"https://randomuser.me/api/portraits/men/81.jpg","medium":"https://randomuser.me/api/portraits/med/men/81.jpg","thumbnail":"https://randomuser.me/api/portraits/thumb/men/81.jpg"},"nat":"ES"}],"info":{"seed":"a92c1bdda1083de8","results":1,"page":1,"version":"1.4"}} 
 </msg>
<msg time="2024-04-20T03:15:27.209602" level="INFO">/opt/hostedtoolcache/Python/3.12.3/x64/lib/python3.12/site-packages/urllib3/connectionpool.py:1103: InsecureRequestWarning: Unverified HTTPS request is being made to host 'randomuser.me'. Adding certificate verification is strongly advised. See: https://urllib3.readthedocs.io/en/latest/advanced-usage.html#tls-warnings
  warnings.warn(</msg>
<msg time="2024-04-20T03:15:27.209748" level="INFO">${response} = &lt;Response [200]&gt;</msg>
<var>${response}</var>
<arg>consultarAPI</arg>
<arg>/api</arg>
<doc>Sends a GET request on a previously created HTTP Session.</doc>
<status status="PASS" start="2024-04-20T03:15:26.979607" elapsed="0.230185"/>
</kw>
<kw name="Should Be Equal As Numbers" owner="BuiltIn">
<msg time="2024-04-20T03:15:27.210721" level="INFO">Argument types are:
&lt;class 'int'&gt;
&lt;class 'str'&gt;</msg>
<arg>${response.status_code}</arg>
<arg>200</arg>
<doc>Fails if objects are unequal after converting them to real numbers.</doc>
<status status="PASS" start="2024-04-20T03:15:27.210292" elapsed="0.000495"/>
</kw>
<kw name="Log" owner="BuiltIn">
<msg time="2024-04-20T03:15:27.211501" level="INFO">200</msg>
<arg>${response.status_code}</arg>
<doc>Logs the given message with the given level.</doc>
<status status="PASS" start="2024-04-20T03:15:27.211140" elapsed="0.000403"/>
</kw>
<kw name="Set Variable" owner="BuiltIn">
<msg time="2024-04-20T03:15:27.212307" level="INFO">${json_data} = {'results': [{'gender': 'male', 'name': {'title': 'Mr', 'first': 'Felipe', 'last': 'Fuentes'}, 'location': {'street': {'number': 7444, 'name': 'Calle de Ferraz'}, 'city': 'Santander', 'state': 'Canari...</msg>
<var>${json_data}</var>
<arg>${response.json()}</arg>
<doc>Returns the given values which can then be assigned to a variables.</doc>
<status status="PASS" start="2024-04-20T03:15:27.211853" elapsed="0.000482"/>
</kw>
<kw name="Dictionary Should Contain Key" owner="Collections">
<msg time="2024-04-20T03:15:27.212803" level="INFO">False</msg>
<arg>${json_data}</arg>
<arg>results</arg>
<doc>Fails if ``key`` is not found from ``dictionary``.</doc>
<status status="PASS" start="2024-04-20T03:15:27.212638" elapsed="0.000205"/>
</kw>
<status status="PASS" start="2024-04-20T03:15:26.979362" elapsed="0.233739"/>
</kw>
<doc>Testa se a API responde corretamente e retorna um objeto JSON válido.</doc>
<tag>testeRequisicaoBasica</tag>
<status status="PASS" start="2024-04-20T03:15:26.978900" elapsed="0.234378"/>
</test>
<test id="s1-s1-t3" name="Validar estrutura de resposta" line="22">
<kw name="Teste de Estrutura de Resposta" owner="random-user-service">
<kw name="GET On Session" owner="RequestsLibrary">
<msg time="2024-04-20T03:15:27.312668" level="INFO">GET Request : url=https://randomuser.me/api 
 path_url=/api 
 headers={'User-Agent': 'python-requests/2.31.0', 'Accept-Encoding': 'gzip, deflate', 'Accept': '*/*', 'Connection': 'keep-alive'} 
 body=None 
 </msg>
<msg time="2024-04-20T03:15:27.312737" level="INFO">GET Response : url=https://randomuser.me/api 
 status=200, reason=OK 
 headers={'Date': 'Sat, 20 Apr 2024 03:15:27 GMT', 'Content-Type': 'application/json; charset=utf-8', 'Transfer-Encoding': 'chunked', 'Connection': 'keep-alive', 'X-Powered-By': 'Express', 'Access-Control-Allow-Origin': '*', 'Cache-Control': 'no-cache', 'ETag': 'W/"463-OeId6RUDYhDxJcHoIGtObNrHKEQ"', 'Vary': 'Accept-Encoding', 'Content-Encoding': 'gzip', 'CF-Cache-Status': 'DYNAMIC', 'Report-To': '{"endpoints":[{"url":"https:\\/\\/a.nel.cloudflare.com\\/report\\/v4?s=qBnQ3Da%2FIKFq2ERrzFOKnHohIqCtN%2FvRTzTxC8rhUXiGbN4n10hX8YdYC320wM3pBJKMxewj854zZkSpdvc5L38ulPwz5EVRG4HKSnHY6F%2FC1%2BSSYsjac5DhJb2R61C4"}],"group":"cf-nel","max_age":604800}', 'NEL': '{"success_fraction":0,"report_to":"cf-nel","max_age":604800}', 'Server': 'cloudflare', 'CF-RAY': '8771f84f1ef6ce3c-SJC', 'alt-svc': 'h3=":443"; ma=86400'} 
 body={"results":[{"gender":"male","name":{"title":"Mr","first":"Levi","last":"Evans"},"location":{"street":{"number":2587,"name":"Tweed Street"},"city":"Blenheim","state":"Northland","country":"New Zealand","postcode":16763,"coordinates":{"latitude":"51.4432","longitude":"-128.7909"},"timezone":{"offset":"+3:30","description":"Tehran"}},"email":"levi.evans@example.com","login":{"uuid":"9394e181-d668-4d48-aaa2-e8504a056a91","username":"purpledog927","password":"pancake","salt":"YyAF1pHA","md5":"f0c61e94752884338aa993186a50465f","sha1":"3ab78610bf741491566b32eca773cf77ee6baa9b","sha256":"33c045b9a23ec517d462517a9dca16e68dba8d715821a4704ab6ae5d5a475775"},"dob":{"date":"1973-08-06T11:58:40.063Z","age":50},"registered":{"date":"2009-05-08T18:49:35.001Z","age":14},"phone":"(260)-346-5048","cell":"(350)-797-2571","id":{"name":"","value":null},"picture":{"large":"https://randomuser.me/api/portraits/men/3.jpg","medium":"https://randomuser.me/api/portraits/med/men/3.jpg","thumbnail":"https://randomuser.me/api/portraits/thumb/men/3.jpg"},"nat":"NZ"}],"info":{"seed":"20085f6a1d7bc418","results":1,"page":1,"version":"1.4"}} 
 </msg>
<msg time="2024-04-20T03:15:27.312835" level="INFO">/opt/hostedtoolcache/Python/3.12.3/x64/lib/python3.12/site-packages/urllib3/connectionpool.py:1103: InsecureRequestWarning: Unverified HTTPS request is being made to host 'randomuser.me'. Adding certificate verification is strongly advised. See: https://urllib3.readthedocs.io/en/latest/advanced-usage.html#tls-warnings
  warnings.warn(</msg>
<msg time="2024-04-20T03:15:27.312928" level="INFO">${response} = &lt;Response [200]&gt;</msg>
<var>${response}</var>
<arg>consultarAPI</arg>
<arg>/api</arg>
<doc>Sends a GET request on a previously created HTTP Session.</doc>
<status status="PASS" start="2024-04-20T03:15:27.215885" elapsed="0.097072"/>
</kw>
<kw name="Set Variable" owner="BuiltIn">
<msg time="2024-04-20T03:15:27.313851" level="INFO">${json_data} = {'results': [{'gender': 'male', 'name': {'title': 'Mr', 'first': 'Levi', 'last': 'Evans'}, 'location': {'street': {'number': 2587, 'name': 'Tweed Street'}, 'city': 'Blenheim', 'state': 'Northland', 'c...</msg>
<var>${json_data}</var>
<arg>${response.json()}</arg>
<doc>Returns the given values which can then be assigned to a variables.</doc>
<status status="PASS" start="2024-04-20T03:15:27.313343" elapsed="0.000549"/>
</kw>
<kw name="Log" owner="BuiltIn">
<msg time="2024-04-20T03:15:27.314368" level="INFO">{'results': [{'gender': 'male', 'name': {'title': 'Mr', 'first': 'Levi', 'last': 'Evans'}, 'location': {'street': {'number': 2587, 'name': 'Tweed Street'}, 'city': 'Blenheim', 'state': 'Northland', 'country': 'New Zealand', 'postcode': 16763, 'coordinates': {'latitude': '51.4432', 'longitude': '-128.7909'}, 'timezone': {'offset': '+3:30', 'description': 'Tehran'}}, 'email': 'levi.evans@example.com', 'login': {'uuid': '9394e181-d668-4d48-aaa2-e8504a056a91', 'username': 'purpledog927', 'password': 'pancake', 'salt': 'YyAF1pHA', 'md5': 'f0c61e94752884338aa993186a50465f', 'sha1': '3ab78610bf741491566b32eca773cf77ee6baa9b', 'sha256': '33c045b9a23ec517d462517a9dca16e68dba8d715821a4704ab6ae5d5a475775'}, 'dob': {'date': '1973-08-06T11:58:40.063Z', 'age': 50}, 'registered': {'date': '2009-05-08T18:49:35.001Z', 'age': 14}, 'phone': '(260)-346-5048', 'cell': '(350)-797-2571', 'id': {'name': '', 'value': None}, 'picture': {'large': 'https://randomuser.me/api/portraits/men/3.jpg', 'medium': 'https://randomuser.me/api/portraits/med/men/3.jpg', 'thumbnail': 'https://randomuser.me/api/portraits/thumb/men/3.jpg'}, 'nat': 'NZ'}], 'info': {'seed': '20085f6a1d7bc418', 'results': 1, 'page': 1, 'version': '1.4'}}</msg>
<arg>${json_data}</arg>
<doc>Logs the given message with the given level.</doc>
<status status="PASS" start="2024-04-20T03:15:27.314210" elapsed="0.000207"/>
</kw>
<kw name="Dictionary Should Contain Key" owner="Collections">
<msg time="2024-04-20T03:15:27.314877" level="INFO">False</msg>
<arg>${json_data}</arg>
<arg>results</arg>
<doc>Fails if ``key`` is not found from ``dictionary``.</doc>
<status status="PASS" start="2024-04-20T03:15:27.314720" elapsed="0.000195"/>
</kw>
<kw name="Should Not Be Empty" owner="BuiltIn">
<msg time="2024-04-20T03:15:27.315344" level="INFO">Length is 2.</msg>
<arg>${json_data}</arg>
<doc>Verifies that the given item is not empty.</doc>
<status status="PASS" start="2024-04-20T03:15:27.315212" elapsed="0.000170"/>
</kw>
<kw name="Create List" owner="BuiltIn">
<msg time="2024-04-20T03:15:27.315964" level="INFO">${expected_keys} = ['gender', 'name', 'location', 'email', 'login']</msg>
<var>${expected_keys}</var>
<arg>gender</arg>
<arg>name</arg>
<arg>location</arg>
<arg>email</arg>
<arg>login</arg>
<doc>Returns a list containing given items.</doc>
<status status="PASS" start="2024-04-20T03:15:27.315672" elapsed="0.000324"/>
</kw>
<for flavor="IN">
<iter>
<kw name="Dictionary Should Contain Key" owner="Collections">
<msg time="2024-04-20T03:15:27.316985" level="INFO">False</msg>
<arg>${json_data['results'][0]}</arg>
<arg>${key}</arg>
<doc>Fails if ``key`` is not found from ``dictionary``.</doc>
<status status="PASS" start="2024-04-20T03:15:27.316573" elapsed="0.000451"/>
</kw>
<kw name="Log" owner="BuiltIn">
<msg time="2024-04-20T03:15:27.317697" level="INFO">{'gender': 'male', 'name': {'title': 'Mr', 'first': 'Levi', 'last': 'Evans'}, 'location': {'street': {'number': 2587, 'name': 'Tweed Street'}, 'city': 'Blenheim', 'state': 'Northland', 'country': 'New Zealand', 'postcode': 16763, 'coordinates': {'latitude': '51.4432', 'longitude': '-128.7909'}, 'timezone': {'offset': '+3:30', 'description': 'Tehran'}}, 'email': 'levi.evans@example.com', 'login': {'uuid': '9394e181-d668-4d48-aaa2-e8504a056a91', 'username': 'purpledog927', 'password': 'pancake', 'salt': 'YyAF1pHA', 'md5': 'f0c61e94752884338aa993186a50465f', 'sha1': '3ab78610bf741491566b32eca773cf77ee6baa9b', 'sha256': '33c045b9a23ec517d462517a9dca16e68dba8d715821a4704ab6ae5d5a475775'}, 'dob': {'date': '1973-08-06T11:58:40.063Z', 'age': 50}, 'registered': {'date': '2009-05-08T18:49:35.001Z', 'age': 14}, 'phone': '(260)-346-5048', 'cell': '(350)-797-2571', 'id': {'name': '', 'value': None}, 'picture': {'large': 'https://randomuser.me/api/portraits/men/3.jpg', 'medium': 'https://randomuser.me/api/portraits/med/men/3.jpg', 'thumbnail': 'https://randomuser.me/api/portraits/thumb/men/3.jpg'}, 'nat': 'NZ'}</msg>
<arg>${json_data['results'][0]}</arg>
<doc>Logs the given message with the given level.</doc>
<status status="PASS" start="2024-04-20T03:15:27.317328" elapsed="0.000417"/>
</kw>
<kw name="Log" owner="BuiltIn">
<msg time="2024-04-20T03:15:27.318199" level="INFO">gender</msg>
<arg>${key}</arg>
<doc>Logs the given message with the given level.</doc>
<status status="PASS" start="2024-04-20T03:15:27.318071" elapsed="0.000165"/>
</kw>
<var name="${key}">gender</var>
<status status="PASS" start="2024-04-20T03:15:27.316446" elapsed="0.002005"/>
</iter>
<iter>
<kw name="Dictionary Should Contain Key" owner="Collections">
<msg time="2024-04-20T03:15:27.319151" level="INFO">False</msg>
<arg>${json_data['results'][0]}</arg>
<arg>${key}</arg>
<doc>Fails if ``key`` is not found from ``dictionary``.</doc>
<status status="PASS" start="2024-04-20T03:15:27.318761" elapsed="0.000428"/>
</kw>
<kw name="Log" owner="BuiltIn">
<msg time="2024-04-20T03:15:27.319891" level="INFO">{'gender': 'male', 'name': {'title': 'Mr', 'first': 'Levi', 'last': 'Evans'}, 'location': {'street': {'number': 2587, 'name': 'Tweed Street'}, 'city': 'Blenheim', 'state': 'Northland', 'country': 'New Zealand', 'postcode': 16763, 'coordinates': {'latitude': '51.4432', 'longitude': '-128.7909'}, 'timezone': {'offset': '+3:30', 'description': 'Tehran'}}, 'email': 'levi.evans@example.com', 'login': {'uuid': '9394e181-d668-4d48-aaa2-e8504a056a91', 'username': 'purpledog927', 'password': 'pancake', 'salt': 'YyAF1pHA', 'md5': 'f0c61e94752884338aa993186a50465f', 'sha1': '3ab78610bf741491566b32eca773cf77ee6baa9b', 'sha256': '33c045b9a23ec517d462517a9dca16e68dba8d715821a4704ab6ae5d5a475775'}, 'dob': {'date': '1973-08-06T11:58:40.063Z', 'age': 50}, 'registered': {'date': '2009-05-08T18:49:35.001Z', 'age': 14}, 'phone': '(260)-346-5048', 'cell': '(350)-797-2571', 'id': {'name': '', 'value': None}, 'picture': {'large': 'https://randomuser.me/api/portraits/men/3.jpg', 'medium': 'https://randomuser.me/api/portraits/med/men/3.jpg', 'thumbnail': 'https://randomuser.me/api/portraits/thumb/men/3.jpg'}, 'nat': 'NZ'}</msg>
<arg>${json_data['results'][0]}</arg>
<doc>Logs the given message with the given level.</doc>
<status status="PASS" start="2024-04-20T03:15:27.319490" elapsed="0.000449"/>
</kw>
<kw name="Log" owner="BuiltIn">
<msg time="2024-04-20T03:15:27.320376" level="INFO">name</msg>
<arg>${key}</arg>
<doc>Logs the given message with the given level.</doc>
<status status="PASS" start="2024-04-20T03:15:27.320240" elapsed="0.000174"/>
</kw>
<var name="${key}">name</var>
<status status="PASS" start="2024-04-20T03:15:27.318640" elapsed="0.001990"/>
</iter>
<iter>
<kw name="Dictionary Should Contain Key" owner="Collections">
<msg time="2024-04-20T03:15:27.321318" level="INFO">False</msg>
<arg>${json_data['results'][0]}</arg>
<arg>${key}</arg>
<doc>Fails if ``key`` is not found from ``dictionary``.</doc>
<status status="PASS" start="2024-04-20T03:15:27.320931" elapsed="0.000425"/>
</kw>
<kw name="Log" owner="BuiltIn">
<msg time="2024-04-20T03:15:27.322065" level="INFO">{'gender': 'male', 'name': {'title': 'Mr', 'first': 'Levi', 'last': 'Evans'}, 'location': {'street': {'number': 2587, 'name': 'Tweed Street'}, 'city': 'Blenheim', 'state': 'Northland', 'country': 'New Zealand', 'postcode': 16763, 'coordinates': {'latitude': '51.4432', 'longitude': '-128.7909'}, 'timezone': {'offset': '+3:30', 'description': 'Tehran'}}, 'email': 'levi.evans@example.com', 'login': {'uuid': '9394e181-d668-4d48-aaa2-e8504a056a91', 'username': 'purpledog927', 'password': 'pancake', 'salt': 'YyAF1pHA', 'md5': 'f0c61e94752884338aa993186a50465f', 'sha1': '3ab78610bf741491566b32eca773cf77ee6baa9b', 'sha256': '33c045b9a23ec517d462517a9dca16e68dba8d715821a4704ab6ae5d5a475775'}, 'dob': {'date': '1973-08-06T11:58:40.063Z', 'age': 50}, 'registered': {'date': '2009-05-08T18:49:35.001Z', 'age': 14}, 'phone': '(260)-346-5048', 'cell': '(350)-797-2571', 'id': {'name': '', 'value': None}, 'picture': {'large': 'https://randomuser.me/api/portraits/men/3.jpg', 'medium': 'https://randomuser.me/api/portraits/med/men/3.jpg', 'thumbnail': 'https://randomuser.me/api/portraits/thumb/men/3.jpg'}, 'nat': 'NZ'}</msg>
<arg>${json_data['results'][0]}</arg>
<doc>Logs the given message with the given level.</doc>
<status status="PASS" start="2024-04-20T03:15:27.321655" elapsed="0.000458"/>
</kw>
<kw name="Log" owner="BuiltIn">
<msg time="2024-04-20T03:15:27.322584" level="INFO">location</msg>
<arg>${key}</arg>
<doc>Logs the given message with the given level.</doc>
<status status="PASS" start="2024-04-20T03:15:27.322432" elapsed="0.000211"/>
</kw>
<var name="${key}">location</var>
<status status="PASS" start="2024-04-20T03:15:27.320821" elapsed="0.002055"/>
</iter>
<iter>
<kw name="Dictionary Should Contain Key" owner="Collections">
<msg time="2024-04-20T03:15:27.323549" level="INFO">False</msg>
<arg>${json_data['results'][0]}</arg>
<arg>${key}</arg>
<doc>Fails if ``key`` is not found from ``dictionary``.</doc>
<status status="PASS" start="2024-04-20T03:15:27.323163" elapsed="0.000423"/>
</kw>
<kw name="Log" owner="BuiltIn">
<msg time="2024-04-20T03:15:27.324242" level="INFO">{'gender': 'male', 'name': {'title': 'Mr', 'first': 'Levi', 'last': 'Evans'}, 'location': {'street': {'number': 2587, 'name': 'Tweed Street'}, 'city': 'Blenheim', 'state': 'Northland', 'country': 'New Zealand', 'postcode': 16763, 'coordinates': {'latitude': '51.4432', 'longitude': '-128.7909'}, 'timezone': {'offset': '+3:30', 'description': 'Tehran'}}, 'email': 'levi.evans@example.com', 'login': {'uuid': '9394e181-d668-4d48-aaa2-e8504a056a91', 'username': 'purpledog927', 'password': 'pancake', 'salt': 'YyAF1pHA', 'md5': 'f0c61e94752884338aa993186a50465f', 'sha1': '3ab78610bf741491566b32eca773cf77ee6baa9b', 'sha256': '33c045b9a23ec517d462517a9dca16e68dba8d715821a4704ab6ae5d5a475775'}, 'dob': {'date': '1973-08-06T11:58:40.063Z', 'age': 50}, 'registered': {'date': '2009-05-08T18:49:35.001Z', 'age': 14}, 'phone': '(260)-346-5048', 'cell': '(350)-797-2571', 'id': {'name': '', 'value': None}, 'picture': {'large': 'https://randomuser.me/api/portraits/men/3.jpg', 'medium': 'https://randomuser.me/api/portraits/med/men/3.jpg', 'thumbnail': 'https://randomuser.me/api/portraits/thumb/men/3.jpg'}, 'nat': 'NZ'}</msg>
<arg>${json_data['results'][0]}</arg>
<doc>Logs the given message with the given level.</doc>
<status status="PASS" start="2024-04-20T03:15:27.323883" elapsed="0.000407"/>
</kw>
<kw name="Log" owner="BuiltIn">
<msg time="2024-04-20T03:15:27.324711" level="INFO">email</msg>
<arg>${key}</arg>
<doc>Logs the given message with the given level.</doc>
<status status="PASS" start="2024-04-20T03:15:27.324584" elapsed="0.000164"/>
</kw>
<var name="${key}">email</var>
<status status="PASS" start="2024-04-20T03:15:27.323050" elapsed="0.001911"/>
</iter>
<iter>
<kw name="Dictionary Should Contain Key" owner="Collections">
<msg time="2024-04-20T03:15:27.325622" level="INFO">False</msg>
<arg>${json_data['results'][0]}</arg>
<arg>${key}</arg>
<doc>Fails if ``key`` is not found from ``dictionary``.</doc>
<status status="PASS" start="2024-04-20T03:15:27.325242" elapsed="0.000418"/>
</kw>
<kw name="Log" owner="BuiltIn">
<msg time="2024-04-20T03:15:27.326360" level="INFO">{'gender': 'male', 'name': {'title': 'Mr', 'first': 'Levi', 'last': 'Evans'}, 'location': {'street': {'number': 2587, 'name': 'Tweed Street'}, 'city': 'Blenheim', 'state': 'Northland', 'country': 'New Zealand', 'postcode': 16763, 'coordinates': {'latitude': '51.4432', 'longitude': '-128.7909'}, 'timezone': {'offset': '+3:30', 'description': 'Tehran'}}, 'email': 'levi.evans@example.com', 'login': {'uuid': '9394e181-d668-4d48-aaa2-e8504a056a91', 'username': 'purpledog927', 'password': 'pancake', 'salt': 'YyAF1pHA', 'md5': 'f0c61e94752884338aa993186a50465f', 'sha1': '3ab78610bf741491566b32eca773cf77ee6baa9b', 'sha256': '33c045b9a23ec517d462517a9dca16e68dba8d715821a4704ab6ae5d5a475775'}, 'dob': {'date': '1973-08-06T11:58:40.063Z', 'age': 50}, 'registered': {'date': '2009-05-08T18:49:35.001Z', 'age': 14}, 'phone': '(260)-346-5048', 'cell': '(350)-797-2571', 'id': {'name': '', 'value': None}, 'picture': {'large': 'https://randomuser.me/api/portraits/men/3.jpg', 'medium': 'https://randomuser.me/api/portraits/med/men/3.jpg', 'thumbnail': 'https://randomuser.me/api/portraits/thumb/men/3.jpg'}, 'nat': 'NZ'}</msg>
<arg>${json_data['results'][0]}</arg>
<doc>Logs the given message with the given level.</doc>
<status status="PASS" start="2024-04-20T03:15:27.325987" elapsed="0.000420"/>
</kw>
<kw name="Log" owner="BuiltIn">
<msg time="2024-04-20T03:15:27.326834" level="INFO">login</msg>
<arg>${key}</arg>
<doc>Logs the given message with the given level.</doc>
<status status="PASS" start="2024-04-20T03:15:27.326707" elapsed="0.000164"/>
</kw>
<var name="${key}">login</var>
<status status="PASS" start="2024-04-20T03:15:27.325130" elapsed="0.001954"/>
</iter>
<var>${key}</var>
<value>@{expected_keys}</value>
<status status="PASS" start="2024-04-20T03:15:27.316261" elapsed="0.010942"/>
</for>
<kw name="Create List" owner="BuiltIn">
<msg time="2024-04-20T03:15:27.327565" level="INFO">${expected_keysTwo} = ['username', 'password']</msg>
<var>${expected_keysTwo}</var>
<arg>username</arg>
<arg>password</arg>
<doc>Returns a list containing given items.</doc>
<status status="PASS" start="2024-04-20T03:15:27.327397" elapsed="0.000192"/>
</kw>
<for flavor="IN">
<iter>
<kw name="Dictionary Should Contain Key" owner="Collections">
<msg time="2024-04-20T03:15:27.328477" level="INFO">False</msg>
<arg>${json_data['results'][0]['login']}</arg>
<arg>${keyTwo}</arg>
<doc>Fails if ``key`` is not found from ``dictionary``.</doc>
<status status="PASS" start="2024-04-20T03:15:27.328088" elapsed="0.000426"/>
</kw>
<kw name="Dictionary Should Contain Key" owner="Collections">
<msg time="2024-04-20T03:15:27.329230" level="INFO">False</msg>
<arg>${json_data['results'][0]['login']}</arg>
<arg>${keyTwo}</arg>
<doc>Fails if ``key`` is not found from ``dictionary``.</doc>
<status status="PASS" start="2024-04-20T03:15:27.328813" elapsed="0.000467"/>
</kw>
<kw name="Log" owner="BuiltIn">
<msg time="2024-04-20T03:15:27.329960" level="INFO">username</msg>
<arg>${keyTwo}</arg>
<doc>Logs the given message with the given level.</doc>
<status status="PASS" start="2024-04-20T03:15:27.329733" elapsed="0.000301"/>
</kw>
<var name="${keyTwo}">username</var>
<status status="PASS" start="2024-04-20T03:15:27.327979" elapsed="0.002412"/>
</iter>
<iter>
<kw name="Dictionary Should Contain Key" owner="Collections">
<msg time="2024-04-20T03:15:27.331469" level="INFO">False</msg>
<arg>${json_data['results'][0]['login']}</arg>
<arg>${keyTwo}</arg>
<doc>Fails if ``key`` is not found from ``dictionary``.</doc>
<status status="PASS" start="2024-04-20T03:15:27.330844" elapsed="0.000692"/>
</kw>
<kw name="Dictionary Should Contain Key" owner="Collections">
<msg time="2024-04-20T03:15:27.332790" level="INFO">False</msg>
<arg>${json_data['results'][0]['login']}</arg>
<arg>${keyTwo}</arg>
<doc>Fails if ``key`` is not found from ``dictionary``.</doc>
<status status="PASS" start="2024-04-20T03:15:27.331990" elapsed="0.000870"/>
</kw>
<kw name="Log" owner="BuiltIn">
<msg time="2024-04-20T03:15:27.333492" level="INFO">password</msg>
<arg>${keyTwo}</arg>
<doc>Logs the given message with the given level.</doc>
<status status="PASS" start="2024-04-20T03:15:27.333303" elapsed="0.000249"/>
</kw>
<var name="${keyTwo}">password</var>
<status status="PASS" start="2024-04-20T03:15:27.330675" elapsed="0.003221"/>
</iter>
<var>${keyTwo}</var>
<value>@{expected_keysTwo}</value>
<status status="PASS" start="2024-04-20T03:15:27.327826" elapsed="0.006285"/>
</for>
<status status="PASS" start="2024-04-20T03:15:27.215646" elapsed="0.118716"/>
</kw>
<doc>Testa a estrutura da resposta da API.</doc>
<tag>testeEstruturaResposta</tag>
<status status="PASS" start="2024-04-20T03:15:27.215160" elapsed="0.119441"/>
</test>
<test id="s1-s1-t4" name="Validar tipos de dados" line="28">
<kw name="Teste de Tipos de Dados" owner="random-user-service">
<kw name="GET On Session" owner="RequestsLibrary">
<msg time="2024-04-20T03:15:27.420280" level="INFO">GET Request : url=https://randomuser.me/api 
 path_url=/api 
 headers={'User-Agent': 'python-requests/2.31.0', 'Accept-Encoding': 'gzip, deflate', 'Accept': '*/*', 'Connection': 'keep-alive'} 
 body=None 
 </msg>
<msg time="2024-04-20T03:15:27.420359" level="INFO">GET Response : url=https://randomuser.me/api 
 status=200, reason=OK 
 headers={'Date': 'Sat, 20 Apr 2024 03:15:27 GMT', 'Content-Type': 'application/json; charset=utf-8', 'Transfer-Encoding': 'chunked', 'Connection': 'keep-alive', 'X-Powered-By': 'Express', 'Access-Control-Allow-Origin': '*', 'Cache-Control': 'no-cache', 'ETag': 'W/"493-1PHemuApWTqfaqxqrtm7WMwZmJ8"', 'Vary': 'Accept-Encoding', 'Content-Encoding': 'gzip', 'CF-Cache-Status': 'DYNAMIC', 'Report-To': '{"endpoints":[{"url":"https:\\/\\/a.nel.cloudflare.com\\/report\\/v4?s=4EQT%2BQQaCCwfAd1Q%2Fqca%2F3s3VB3BgsMMV4oFu0HmcN26B1hlrkzylNlpOfQZUwrX7ehAesKdEaIKnksrKPLcrCbG%2BErleFpy9sUfQMUYSJww%2BWVKh1Sn0YnunFNY5ZAw"}],"group":"cf-nel","max_age":604800}', 'NEL': '{"success_fraction":0,"report_to":"cf-nel","max_age":604800}', 'Server': 'cloudflare', 'CF-RAY': '8771f84fefe4ce3c-SJC', 'alt-svc': 'h3=":443"; ma=86400'} 
 body={"results":[{"gender":"female","name":{"title":"Ms","first":"Jessica","last":"Duncan"},"location":{"street":{"number":614,"name":"Church Lane"},"city":"Newry","state":"Avon","country":"United Kingdom","postcode":"TR0 5RE","coordinates":{"latitude":"-9.0841","longitude":"84.4604"},"timezone":{"offset":"-7:00","description":"Mountain Time (US &amp; Canada)"}},"email":"jessica.duncan@example.com","login":{"uuid":"73e30190-3cfb-4c50-9d19-e611cdf16bbe","username":"purpletiger489","password":"anthony","salt":"V8TWwcf2","md5":"92dc6951dc373875001c96a3acaed73e","sha1":"5b34fc0bab5a6bb6567d371abb2620548761c948","sha256":"3a303c01e5d37e5fb1b4b303090d43a2187f31b5fb0bf0e65e0f9467d1cc19fa"},"dob":{"date":"1951-01-19T00:39:04.956Z","age":73},"registered":{"date":"2003-09-11T21:47:17.055Z","age":20},"phone":"015242 56512","cell":"07355 525497","id":{"name":"NINO","value":"MX 80 15 77 O"},"picture":{"large":"https://randomuser.me/api/portraits/women/78.jpg","medium":"https://randomuser.me/api/portraits/med/women/78.jpg","thumbnail":"https://randomuser.me/api/portraits/thumb/women/78.jpg"},"nat":"GB"}],"info":{"seed":"ed700e98167d1103","results":1,"page":1,"version":"1.4"}} 
 </msg>
<msg time="2024-04-20T03:15:27.420435" level="INFO">/opt/hostedtoolcache/Python/3.12.3/x64/lib/python3.12/site-packages/urllib3/connectionpool.py:1103: InsecureRequestWarning: Unverified HTTPS request is being made to host 'randomuser.me'. Adding certificate verification is strongly advised. See: https://urllib3.readthedocs.io/en/latest/advanced-usage.html#tls-warnings
  warnings.warn(</msg>
<msg time="2024-04-20T03:15:27.420539" level="INFO">${response} = &lt;Response [200]&gt;</msg>
<var>${response}</var>
<arg>consultarAPI</arg>
<arg>/api</arg>
<doc>Sends a GET request on a previously created HTTP Session.</doc>
<status status="PASS" start="2024-04-20T03:15:27.338055" elapsed="0.082522"/>
</kw>
<kw name="Set Variable" owner="BuiltIn">
<msg time="2024-04-20T03:15:27.421477" level="INFO">${json_data} = {'results': [{'gender': 'female', 'name': {'title': 'Ms', 'first': 'Jessica', 'last': 'Duncan'}, 'location': {'street': {'number': 614, 'name': 'Church Lane'}, 'city': 'Newry', 'state': 'Avon', 'count...</msg>
<var>${json_data}</var>
<arg>${response.json()}</arg>
<doc>Returns the given values which can then be assigned to a variables.</doc>
<status status="PASS" start="2024-04-20T03:15:27.421017" elapsed="0.000488"/>
</kw>
<kw name="Log" owner="BuiltIn">
<msg time="2024-04-20T03:15:27.422007" level="INFO">{'results': [{'gender': 'female', 'name': {'title': 'Ms', 'first': 'Jessica', 'last': 'Duncan'}, 'location': {'street': {'number': 614, 'name': 'Church Lane'}, 'city': 'Newry', 'state': 'Avon', 'country': 'United Kingdom', 'postcode': 'TR0 5RE', 'coordinates': {'latitude': '-9.0841', 'longitude': '84.4604'}, 'timezone': {'offset': '-7:00', 'description': 'Mountain Time (US &amp; Canada)'}}, 'email': 'jessica.duncan@example.com', 'login': {'uuid': '73e30190-3cfb-4c50-9d19-e611cdf16bbe', 'username': 'purpletiger489', 'password': 'anthony', 'salt': 'V8TWwcf2', 'md5': '92dc6951dc373875001c96a3acaed73e', 'sha1': '5b34fc0bab5a6bb6567d371abb2620548761c948', 'sha256': '3a303c01e5d37e5fb1b4b303090d43a2187f31b5fb0bf0e65e0f9467d1cc19fa'}, 'dob': {'date': '1951-01-19T00:39:04.956Z', 'age': 73}, 'registered': {'date': '2003-09-11T21:47:17.055Z', 'age': 20}, 'phone': '015242 56512', 'cell': '07355 525497', 'id': {'name': 'NINO', 'value': 'MX 80 15 77 O'}, 'picture': {'large': 'https://randomuser.me/api/portraits/women/78.jpg', 'medium': 'https://randomuser.me/api/portraits/med/women/78.jpg', 'thumbnail': 'https://randomuser.me/api/portraits/thumb/women/78.jpg'}, 'nat': 'GB'}], 'info': {'seed': 'ed700e98167d1103', 'results': 1, 'page': 1, 'version': '1.4'}}</msg>
<arg>${json_data}</arg>
<doc>Logs the given message with the given level.</doc>
<status status="PASS" start="2024-04-20T03:15:27.421843" elapsed="0.000212"/>
</kw>
<kw name="Should Be String" owner="String">
<arg>${json_data['results'][0]['gender']}</arg>
<doc>Fails if the given ``item`` is not a string.</doc>
<status status="PASS" start="2024-04-20T03:15:27.422379" elapsed="0.000361"/>
</kw>
<kw name="Should Match Regexp" owner="BuiltIn">
<arg>${json_data['results'][0]['email']}</arg>
<arg>^[a-zA-Z0-9._%+-]+@[a-zA-Z0-9.-]+\.[a-zA-Z]{2,}$</arg>
<doc>Fails if ``string`` does not match ``pattern`` as a regular expression.</doc>
<status status="PASS" start="2024-04-20T03:15:27.422932" elapsed="0.000503"/>
</kw>
<kw name="Should Match Regexp" owner="BuiltIn">
<arg>${json_data['results'][0]['dob']['date']}</arg>
<arg>\\d{4}-\\d{2}-\\d{2}T\\d{2}:\\d{2}:\\d{2}\\.\\d{3}Z</arg>
<doc>Fails if ``string`` does not match ``pattern`` as a regular expression.</doc>
<status status="PASS" start="2024-04-20T03:15:27.423630" elapsed="0.000483"/>
</kw>
<kw name="Should Match Regexp" owner="BuiltIn">
<arg>${json_data['results'][0]['registered']['date']}</arg>
<arg>\\d{4}-\\d{2}-\\d{2}T\\d{2}:\\d{2}:\\d{2}\\.\\d{3}Z</arg>
<doc>Fails if ``string`` does not match ``pattern`` as a regular expression.</doc>
<status status="PASS" start="2024-04-20T03:15:27.424303" elapsed="0.000373"/>
</kw>
<kw name="Should Match Regexp" owner="BuiltIn">
<arg>${json_data['results'][0]['picture']['large']}</arg>
<arg>^https?://.*\.(?:png|jpe?g|gif|bmp)$</arg>
<doc>Fails if ``string`` does not match ``pattern`` as a regular expression.</doc>
<status status="PASS" start="2024-04-20T03:15:27.424862" elapsed="0.000459"/>
</kw>
<kw name="Should Match Regexp" owner="BuiltIn">
<arg>${json_data['results'][0]['picture']['medium']}</arg>
<arg>^https?://.*\.(?:png|jpe?g|gif|bmp)$</arg>
<doc>Fails if ``string`` does not match ``pattern`` as a regular expression.</doc>
<status status="PASS" start="2024-04-20T03:15:27.425507" elapsed="0.000371"/>
</kw>
<kw name="Should Match Regexp" owner="BuiltIn">
<arg>${json_data['results'][0]['picture']['thumbnail']}</arg>
<arg>^https?://.*\.(?:png|jpe?g|gif|bmp)$</arg>
<doc>Fails if ``string`` does not match ``pattern`` as a regular expression.</doc>
<status status="PASS" start="2024-04-20T03:15:27.426071" elapsed="0.000357"/>
</kw>
<kw name="Log" owner="BuiltIn">
<msg time="2024-04-20T03:15:27.426925" level="INFO">{'large': 'https://randomuser.me/api/portraits/women/78.jpg', 'medium': 'https://randomuser.me/api/portraits/med/women/78.jpg', 'thumbnail': 'https://randomuser.me/api/portraits/thumb/women/78.jpg'}</msg>
<arg>${json_data['results'][0]['picture']}</arg>
<doc>Logs the given message with the given level.</doc>
<status status="PASS" start="2024-04-20T03:15:27.426605" elapsed="0.000361"/>
</kw>
<status status="PASS" start="2024-04-20T03:15:27.337818" elapsed="0.089408"/>
</kw>
<kw name="Teste de Tipos de Dados - Postcode" owner="random-user-service">
<kw name="GET On Session" owner="RequestsLibrary">
<msg time="2024-04-20T03:15:27.522437" level="INFO">GET Request : url=https://randomuser.me/api 
 path_url=/api 
 headers={'User-Agent': 'python-requests/2.31.0', 'Accept-Encoding': 'gzip, deflate', 'Accept': '*/*', 'Connection': 'keep-alive'} 
 body=None 
 </msg>
<msg time="2024-04-20T03:15:27.522520" level="INFO">GET Response : url=https://randomuser.me/api 
 status=200, reason=OK 
 headers={'Date': 'Sat, 20 Apr 2024 03:15:27 GMT', 'Content-Type': 'application/json; charset=utf-8', 'Transfer-Encoding': 'chunked', 'Connection': 'keep-alive', 'X-Powered-By': 'Express', 'Access-Control-Allow-Origin': '*', 'Cache-Control': 'no-cache', 'ETag': 'W/"493-lgJIdrZjvLEVpNhaBWPlnf5EpOE"', 'Vary': 'Accept-Encoding', 'Content-Encoding': 'gzip', 'CF-Cache-Status': 'DYNAMIC', 'Report-To': '{"endpoints":[{"url":"https:\\/\\/a.nel.cloudflare.com\\/report\\/v4?s=q%2BSVEHDOt2NRsYbSLM1Q1d9kd5aO9%2BmSf%2FtDX5zpuj8AhIXADd4tDWbkwcGSO15j0LIGmVZU7BqztMJvcKpMR8pYaowIliwoUbCdieTFNypluWqGUsbwWnQjL18DEZFZ"}],"group":"cf-nel","max_age":604800}', 'NEL': '{"success_fraction":0,"report_to":"cf-nel","max_age":604800}', 'Server': 'cloudflare', 'CF-RAY': '8771f850785ace3c-SJC', 'alt-svc': 'h3=":443"; ma=86400'} 
 body={"results":[{"gender":"female","name":{"title":"Mrs","first":"Trinidad","last":"Fuentes"},"location":{"street":{"number":1995,"name":"Ronda de Toledo"},"city":"Pozuelo de Alarcón","state":"Islas Baleares","country":"Spain","postcode":97608,"coordinates":{"latitude":"-34.9764","longitude":"163.5314"},"timezone":{"offset":"+5:45","description":"Kathmandu"}},"email":"trinidad.fuentes@example.com","login":{"uuid":"f47c3fbb-fa84-408f-b40a-70646c856106","username":"purpleladybug124","password":"135790","salt":"OFsbI7pt","md5":"afd4d53ec3c5df2932a7acc8d6e5315d","sha1":"7721ee546b303c9a6b9a302e255a9d8618c32e83","sha256":"c9d371a29a7caf101e6c1e2f65cd05cbd91b38e8ff29a77abdef38e154d611c0"},"dob":{"date":"1969-04-28T19:33:22.736Z","age":54},"registered":{"date":"2007-09-08T05:55:59.548Z","age":16},"phone":"975-341-034","cell":"607-039-173","id":{"name":"DNI","value":"12977857-E"},"picture":{"large":"https://randomuser.me/api/portraits/women/38.jpg","medium":"https://randomuser.me/api/portraits/med/women/38.jpg","thumbnail":"https://randomuser.me/api/portraits/thumb/women/38.jpg"},"nat":"ES"}],"info":{"seed":"7ae817d98b095a76","results":1,"page":1,"version":"1.4"}} 
 </msg>
<msg time="2024-04-20T03:15:27.522620" level="INFO">/opt/hostedtoolcache/Python/3.12.3/x64/lib/python3.12/site-packages/urllib3/connectionpool.py:1103: InsecureRequestWarning: Unverified HTTPS request is being made to host 'randomuser.me'. Adding certificate verification is strongly advised. See: https://urllib3.readthedocs.io/en/latest/advanced-usage.html#tls-warnings
  warnings.warn(</msg>
<msg time="2024-04-20T03:15:27.522747" level="INFO">${response} = &lt;Response [200]&gt;</msg>
<var>${response}</var>
<arg>consultarAPI</arg>
<arg>/api</arg>
<doc>Sends a GET request on a previously created HTTP Session.</doc>
<status status="PASS" start="2024-04-20T03:15:27.427674" elapsed="0.095115"/>
</kw>
<kw name="Set Variable" owner="BuiltIn">
<msg time="2024-04-20T03:15:27.523723" level="INFO">${json_data} = {'results': [{'gender': 'female', 'name': {'title': 'Mrs', 'first': 'Trinidad', 'last': 'Fuentes'}, 'location': {'street': {'number': 1995, 'name': 'Ronda de Toledo'}, 'city': 'Pozuelo de Alarcón', 's...</msg>
<var>${json_data}</var>
<arg>${response.json()}</arg>
<doc>Returns the given values which can then be assigned to a variables.</doc>
<status status="PASS" start="2024-04-20T03:15:27.523244" elapsed="0.000510"/>
</kw>
<kw name="Log" owner="BuiltIn">
<msg time="2024-04-20T03:15:27.524233" level="INFO">{'results': [{'gender': 'female', 'name': {'title': 'Mrs', 'first': 'Trinidad', 'last': 'Fuentes'}, 'location': {'street': {'number': 1995, 'name': 'Ronda de Toledo'}, 'city': 'Pozuelo de Alarcón', 'state': 'Islas Baleares', 'country': 'Spain', 'postcode': 97608, 'coordinates': {'latitude': '-34.9764', 'longitude': '163.5314'}, 'timezone': {'offset': '+5:45', 'description': 'Kathmandu'}}, 'email': 'trinidad.fuentes@example.com', 'login': {'uuid': 'f47c3fbb-fa84-408f-b40a-70646c856106', 'username': 'purpleladybug124', 'password': '135790', 'salt': 'OFsbI7pt', 'md5': 'afd4d53ec3c5df2932a7acc8d6e5315d', 'sha1': '7721ee546b303c9a6b9a302e255a9d8618c32e83', 'sha256': 'c9d371a29a7caf101e6c1e2f65cd05cbd91b38e8ff29a77abdef38e154d611c0'}, 'dob': {'date': '1969-04-28T19:33:22.736Z', 'age': 54}, 'registered': {'date': '2007-09-08T05:55:59.548Z', 'age': 16}, 'phone': '975-341-034', 'cell': '607-039-173', 'id': {'name': 'DNI', 'value': '12977857-E'}, 'picture': {'large': 'https://randomuser.me/api/portraits/women/38.jpg', 'medium': 'https://randomuser.me/api/portraits/med/women/38.jpg', 'thumbnail': 'https://randomuser.me/api/portraits/thumb/women/38.jpg'}, 'nat': 'ES'}], 'info': {'seed': '7ae817d98b095a76', 'results': 1, 'page': 1, 'version': '1.4'}}</msg>
<arg>${json_data}</arg>
<doc>Logs the given message with the given level.</doc>
<status status="PASS" start="2024-04-20T03:15:27.524070" elapsed="0.000215"/>
</kw>
<kw name="Should Be Equal As Numbers" owner="BuiltIn">
<arg>${json_data['results'][0]['location']['postcode']}</arg>
<arg>${json_data['results'][0]['location']['postcode']}</arg>
<doc>Fails if objects are unequal after converting them to real numbers.</doc>
<status status="PASS" start="2024-04-20T03:15:27.524592" elapsed="0.000776"/>
</kw>
<kw name="Log" owner="BuiltIn">
<msg time="2024-04-20T03:15:27.525983" level="INFO">97608</msg>
<arg>${json_data['results'][0]['location']['postcode']}</arg>
<doc>Logs the given message with the given level.</doc>
<status status="PASS" start="2024-04-20T03:15:27.525599" elapsed="0.000425"/>
</kw>
<status status="PASS" start="2024-04-20T03:15:27.427447" elapsed="0.098837"/>
</kw>
<doc>Testa se os tipos de dados na resposta da API estão corretos.</doc>
<tag>testeTiposDados</tag>
<status status="PASS" start="2024-04-20T03:15:27.337378" elapsed="0.189071"/>
</test>
<test id="s1-s1-t5" name="Validar conteudo" line="35">
<kw name="Teste de Tipos de Conteudo" owner="random-user-service">
<kw name="GET On Session" owner="RequestsLibrary">
<msg time="2024-04-20T03:15:27.630187" level="INFO">GET Request : url=https://randomuser.me/api 
 path_url=/api 
 headers={'User-Agent': 'python-requests/2.31.0', 'Accept-Encoding': 'gzip, deflate', 'Accept': '*/*', 'Connection': 'keep-alive'} 
 body=None 
 </msg>
<msg time="2024-04-20T03:15:27.630267" level="INFO">GET Response : url=https://randomuser.me/api 
 status=200, reason=OK 
 headers={'Date': 'Sat, 20 Apr 2024 03:15:27 GMT', 'Content-Type': 'application/json; charset=utf-8', 'Transfer-Encoding': 'chunked', 'Connection': 'keep-alive', 'X-Powered-By': 'Express', 'Access-Control-Allow-Origin': '*', 'Cache-Control': 'no-cache', 'ETag': 'W/"497-t+DIjHUD/tOAMiBbcvxzyGbvUIM"', 'Vary': 'Accept-Encoding', 'Content-Encoding': 'gzip', 'CF-Cache-Status': 'DYNAMIC', 'Report-To': '{"endpoints":[{"url":"https:\\/\\/a.nel.cloudflare.com\\/report\\/v4?s=9R6Os5%2BAaosCUsjDUmV%2Bl4LDJ2C1sg8DZLtnFn1MSdiDb23ZrCTpM5Dw4PKGrIJ0db6InHyBXAtC9qiRn8OA13qFnOZw5CADLFu9VHX3QcFBp8QLseTbxuTKQ6eP%2Fhsa"}],"group":"cf-nel","max_age":604800}', 'NEL': '{"success_fraction":0,"report_to":"cf-nel","max_age":604800}', 'Server': 'cloudflare', 'CF-RAY': '8771f85118e0ce3c-SJC', 'alt-svc': 'h3=":443"; ma=86400'} 
 body={"results":[{"gender":"male","name":{"title":"Mr","first":"آرتين","last":"سهيلي راد"},"location":{"street":{"number":7223,"name":"امیرکبیر"},"city":"مشهد","state":"البرز","country":"Iran","postcode":88778,"coordinates":{"latitude":"18.9916","longitude":"-145.0988"},"timezone":{"offset":"+11:00","description":"Magadan, Solomon Islands, New Caledonia"}},"email":"artyn.shylyrd@example.com","login":{"uuid":"06fb2b2e-1e7b-4841-aa5b-4842832bbddd","username":"greenpanda354","password":"patty","salt":"h4CTHrfO","md5":"ed6c064b31bd5ba41124dce8e4e0318d","sha1":"73f0af06bc305c2acc274dccb46c0d9805091514","sha256":"059bbc37e36260e6e7cdcf4b9bada6cc0ece26614b09a594beacf83f0c8f091a"},"dob":{"date":"1973-05-11T14:24:48.513Z","age":50},"registered":{"date":"2007-05-17T13:29:53.240Z","age":16},"phone":"052-17788807","cell":"0997-135-8748","id":{"name":"","value":null},"picture":{"large":"https://randomuser.me/api/portraits/men/18.jpg","medium":"https://randomuser.me/api/portraits/med/men/18.jpg","thumbnail":"https://randomuser.me/api/portraits/thumb/men/18.jpg"},"nat":"IR"}],"info":{"seed":"8fe3cdfd3e1875dc","results":1,"page":1,"version":"1.4"}} 
 </msg>
<msg time="2024-04-20T03:15:27.630332" level="INFO">/opt/hostedtoolcache/Python/3.12.3/x64/lib/python3.12/site-packages/urllib3/connectionpool.py:1103: InsecureRequestWarning: Unverified HTTPS request is being made to host 'randomuser.me'. Adding certificate verification is strongly advised. See: https://urllib3.readthedocs.io/en/latest/advanced-usage.html#tls-warnings
  warnings.warn(</msg>
<msg time="2024-04-20T03:15:27.630417" level="INFO">${response} = &lt;Response [200]&gt;</msg>
<var>${response}</var>
<arg>consultarAPI</arg>
<arg>/api</arg>
<doc>Sends a GET request on a previously created HTTP Session.</doc>
<status status="PASS" start="2024-04-20T03:15:27.529226" elapsed="0.101219"/>
</kw>
<kw name="Set Variable" owner="BuiltIn">
<msg time="2024-04-20T03:15:27.631296" level="INFO">${json_data} = {'results': [{'gender': 'male', 'name': {'title': 'Mr', 'first': 'آرتين', 'last': 'سهيلي راد'}, 'location': {'street': {'number': 7223, 'name': 'امیرکبیر'}, 'city': 'مشهد', 'state': 'البرز', 'country'...</msg>
<var>${json_data}</var>
<arg>${response.json()}</arg>
<doc>Returns the given values which can then be assigned to a variables.</doc>
<status status="PASS" start="2024-04-20T03:15:27.630837" elapsed="0.000489"/>
</kw>
<kw name="Set Variable" owner="BuiltIn">
<msg time="2024-04-20T03:15:27.632001" level="INFO">${name_title} = Mr</msg>
<var>${name_title}</var>
<arg>${json_data["results"][0]["name"]["title"]}</arg>
<doc>Returns the given values which can then be assigned to a variables.</doc>
<status status="PASS" start="2024-04-20T03:15:27.631631" elapsed="0.000395"/>
</kw>
<kw name="Create List" owner="BuiltIn">
<msg time="2024-04-20T03:15:27.632464" level="INFO">${allowed_titles} = ['Mr', 'Ms', 'Miss', 'Mrs', 'Madame', 'Monsieur']</msg>
<var>${allowed_titles}</var>
<arg>Mr</arg>
<arg>Ms</arg>
<arg>Miss</arg>
<arg>Mrs</arg>
<arg>Madame</arg>
<arg>Monsieur</arg>
<doc>Returns a list containing given items.</doc>
<status status="PASS" start="2024-04-20T03:15:27.632320" elapsed="0.000167"/>
</kw>
<kw name="List Should Contain Value" owner="Collections">
<msg time="2024-04-20T03:15:27.632952" level="INFO">False</msg>
<arg>${allowed_titles}</arg>
<arg>${name_title}</arg>
<doc>Fails if the ``value`` is not found from ``list``.</doc>
<status status="PASS" start="2024-04-20T03:15:27.632784" elapsed="0.000202"/>
</kw>
<kw name="Set Variable" owner="BuiltIn">
<msg time="2024-04-20T03:15:27.633658" level="INFO">${name_country} = IR</msg>
<var>${name_country}</var>
<arg>${json_data["results"][0]["nat"]}</arg>
<doc>Returns the given values which can then be assigned to a variables.</doc>
<status status="PASS" start="2024-04-20T03:15:27.633282" elapsed="0.000401"/>
</kw>
<kw name="Create List" owner="BuiltIn">
<msg time="2024-04-20T03:15:27.634601" level="INFO">${list_country} = ['AD', 'AE', 'AF', 'AG', 'AI', 'AL', 'AM', 'AO', 'AQ', 'AR', 'AS', 'AT', 'AU', 'AW', 'AX', 'AZ', 'BA', 'BB', 'BD', 'BE', 'BF', 'BG', 'BH', 'BI', 'BJ', 'BL', 'BM', 'BN', 'BO', 'BQ', 'BR', 'BS', 'BT', '...</msg>
<var>${list_country}</var>
<arg>AD</arg>
<arg>AE</arg>
<arg>AF</arg>
<arg>AG</arg>
<arg>AI</arg>
<arg>AL</arg>
<arg>AM</arg>
<arg>AO</arg>
<arg>AQ</arg>
<arg>AR</arg>
<arg>AS</arg>
<arg>AT</arg>
<arg>AU</arg>
<arg>AW</arg>
<arg>AX</arg>
<arg>AZ</arg>
<arg>BA</arg>
<arg>BB</arg>
<arg>BD</arg>
<arg>BE</arg>
<arg>BF</arg>
<arg>BG</arg>
<arg>BH</arg>
<arg>BI</arg>
<arg>BJ</arg>
<arg>BL</arg>
<arg>BM</arg>
<arg>BN</arg>
<arg>BO</arg>
<arg>BQ</arg>
<arg>BR</arg>
<arg>BS</arg>
<arg>BT</arg>
<arg>BV</arg>
<arg>BW</arg>
<arg>BY</arg>
<arg>BZ</arg>
<arg>CA</arg>
<arg>CC</arg>
<arg>CD</arg>
<arg>CF</arg>
<arg>CG</arg>
<arg>CH</arg>
<arg>CI</arg>
<arg>CK</arg>
<arg>CL</arg>
<arg>CM</arg>
<arg>CN</arg>
<arg>CO</arg>
<arg>CR</arg>
<arg>CU</arg>
<arg>CV</arg>
<arg>CW</arg>
<arg>CX</arg>
<arg>CY</arg>
<arg>CZ</arg>
<arg>DE</arg>
<arg>DJ</arg>
<arg>DK</arg>
<arg>DM</arg>
<arg>DO</arg>
<arg>DZ</arg>
<arg>EC</arg>
<arg>EE</arg>
<arg>EG</arg>
<arg>EH</arg>
<arg>ER</arg>
<arg>ES</arg>
<arg>ET</arg>
<arg>FI</arg>
<arg>FJ</arg>
<arg>FK</arg>
<arg>FM</arg>
<arg>FO</arg>
<arg>FR</arg>
<arg>GA</arg>
<arg>GB</arg>
<arg>GD</arg>
<arg>GE</arg>
<arg>GF</arg>
<arg>GG</arg>
<arg>GH</arg>
<arg>GI</arg>
<arg>GL</arg>
<arg>GM</arg>
<arg>GN</arg>
<arg>GP</arg>
<arg>GQ</arg>
<arg>GR</arg>
<arg>GS</arg>
<arg>GT</arg>
<arg>GU</arg>
<arg>GW</arg>
<arg>GY</arg>
<arg>HK</arg>
<arg>HM</arg>
<arg>HN</arg>
<arg>HR</arg>
<arg>HT</arg>
<arg>HU</arg>
<arg>ID</arg>
<arg>IE</arg>
<arg>IL</arg>
<arg>IM</arg>
<arg>IN</arg>
<arg>IO</arg>
<arg>IQ</arg>
<arg>IR</arg>
<arg>IS</arg>
<arg>IT</arg>
<arg>JE</arg>
<arg>JM</arg>
<arg>JO</arg>
<arg>JP</arg>
<arg>KE</arg>
<arg>KG</arg>
<arg>KH</arg>
<arg>KI</arg>
<arg>KM</arg>
<arg>KN</arg>
<arg>KP</arg>
<arg>KR</arg>
<arg>KW</arg>
<arg>KY</arg>
<arg>KZ</arg>
<arg>LA</arg>
<arg>LB</arg>
<arg>LC</arg>
<arg>LI</arg>
<arg>LK</arg>
<arg>LR</arg>
<arg>LS</arg>
<arg>LT</arg>
<arg>LU</arg>
<arg>LV</arg>
<arg>LY</arg>
<arg>MA</arg>
<arg>MC</arg>
<arg>MD</arg>
<arg>ME</arg>
<arg>MF</arg>
<arg>MG</arg>
<arg>MH</arg>
<arg>MK</arg>
<arg>ML</arg>
<arg>MM</arg>
<arg>MN</arg>
<arg>MO</arg>
<arg>MP</arg>
<arg>MQ</arg>
<arg>MR</arg>
<arg>MS</arg>
<arg>MT</arg>
<arg>MU</arg>
<arg>MV</arg>
<arg>MW</arg>
<arg>MX</arg>
<arg>MY</arg>
<arg>MZ</arg>
<arg>NA</arg>
<arg>NC</arg>
<arg>NE</arg>
<arg>NF</arg>
<arg>NG</arg>
<arg>NI</arg>
<arg>NL</arg>
<arg>NO</arg>
<arg>NP</arg>
<arg>NR</arg>
<arg>NU</arg>
<arg>NZ</arg>
<arg>OM</arg>
<arg>PA</arg>
<arg>PE</arg>
<arg>PF</arg>
<arg>PG</arg>
<arg>PH</arg>
<arg>PK</arg>
<arg>PL</arg>
<arg>PM</arg>
<arg>PN</arg>
<arg>PR</arg>
<arg>PS</arg>
<arg>PT</arg>
<arg>PW</arg>
<arg>PY</arg>
<arg>QA</arg>
<arg>RE</arg>
<arg>RO</arg>
<arg>RS</arg>
<arg>RU</arg>
<arg>RW</arg>
<arg>SA</arg>
<arg>SB</arg>
<arg>SC</arg>
<arg>SD</arg>
<arg>SE</arg>
<arg>SG</arg>
<arg>SH</arg>
<arg>SI</arg>
<arg>SJ</arg>
<arg>SK</arg>
<arg>SL</arg>
<arg>SM</arg>
<arg>SN</arg>
<arg>SO</arg>
<arg>SR</arg>
<arg>SS</arg>
<arg>ST</arg>
<arg>SV</arg>
<arg>SX</arg>
<arg>SY</arg>
<arg>SZ</arg>
<arg>TC</arg>
<arg>TD</arg>
<arg>TF</arg>
<arg>TG</arg>
<arg>TH</arg>
<arg>TJ</arg>
<arg>TK</arg>
<arg>TL</arg>
<arg>TM</arg>
<arg>TN</arg>
<arg>TO</arg>
<arg>TR</arg>
<arg>TT</arg>
<arg>TV</arg>
<arg>TW</arg>
<arg>TZ</arg>
<arg>UA</arg>
<arg>UG</arg>
<arg>UM</arg>
<arg>US</arg>
<arg>UY</arg>
<arg>UZ</arg>
<arg>VA</arg>
<arg>VC</arg>
<arg>VE</arg>
<arg>VG</arg>
<arg>VI</arg>
<arg>VN</arg>
<arg>VU</arg>
<arg>WF</arg>
<arg>WS</arg>
<arg>XK</arg>
<arg>YE</arg>
<arg>YT</arg>
<arg>ZA</arg>
<arg>ZM</arg>
<arg>ZW</arg>
<doc>Returns a list containing given items.</doc>
<status status="PASS" start="2024-04-20T03:15:27.634013" elapsed="0.000613"/>
</kw>
<kw name="List Should Contain Value" owner="Collections">
<msg time="2024-04-20T03:15:27.635629" level="INFO">False</msg>
<arg>${list_country}</arg>
<arg>${name_country}</arg>
<doc>Fails if the ``value`` is not found from ``list``.</doc>
<status status="PASS" start="2024-04-20T03:15:27.635404" elapsed="0.000268"/>
</kw>
<kw name="Run Keyword If" owner="BuiltIn">
<kw name="Should Be True" owner="BuiltIn">
<arg>${True}</arg>
<doc>Fails if the given condition is not true.</doc>
<status status="PASS" start="2024-04-20T03:15:27.636870" elapsed="0.000140"/>
</kw>
<arg>${json_data["results"][0]["location"]["coordinates"]["latitude"]} &gt;= -90 and ${json_data["results"][0]["location"]["coordinates"]["latitude"]} &lt;= 90</arg>
<arg>Should Be True</arg>
<arg>${True}</arg>
<doc>Runs the given keyword with the given arguments, if ``condition`` is true.</doc>
<status status="PASS" start="2024-04-20T03:15:27.636088" elapsed="0.001048"/>
</kw>
<kw name="Run Keyword If" owner="BuiltIn">
<kw name="Should Be True" owner="BuiltIn">
<arg>${True}</arg>
<doc>Fails if the given condition is not true.</doc>
<status status="PASS" start="2024-04-20T03:15:27.638051" elapsed="0.000239"/>
</kw>
<arg>${json_data["results"][0]["location"]["coordinates"]["longitude"]} &gt;= -180 and ${json_data["results"][0]["location"]["coordinates"]["longitude"]} &lt;= 180</arg>
<arg>Should Be True</arg>
<arg>${True}</arg>
<doc>Runs the given keyword with the given arguments, if ``condition`` is true.</doc>
<status status="PASS" start="2024-04-20T03:15:27.637319" elapsed="0.001097"/>
</kw>
<status status="PASS" start="2024-04-20T03:15:27.528856" elapsed="0.109687"/>
</kw>
<doc>Testa o conteúdo específico dos campos retornados pela API.</doc>
<tag>testeConteudo</tag>
<status status="PASS" start="2024-04-20T03:15:27.528191" elapsed="0.110495"/>
</test>
<status status="PASS" start="2024-04-20T03:15:26.670468" elapsed="0.970081"/>
</suite>
<status status="PASS" start="2024-04-20T03:15:26.657059" elapsed="0.988531"/>
</suite>
<statistics>
<total>
<stat pass="5" fail="0" skip="0">All Tests</stat>
</total>
<tag>
<stat pass="1" fail="0" skip="0">testeConteudo</stat>
<stat pass="1" fail="0" skip="0">testeEstruturaResposta</stat>
<stat pass="1" fail="0" skip="0">testeRequisicaoBasica</stat>
<stat pass="1" fail="0" skip="0">testeTiposDados</stat>
</tag>
<suite>
<stat pass="5" fail="0" skip="0" id="s1" name="Tests">Tests</stat>
<stat pass="5" fail="0" skip="0" id="s1-s1" name="Random-User-Test">Tests.Random-User-Test</stat>
</suite>
</statistics>
<errors>
</errors>
</robot>
