<?xml version="1.0" encoding="UTF-8"?>
<robot generator="Robot 7.0.1 (Python 3.12.4 on linux)" generated="2024-06-30T02:35:03.004708" rpa="false" schemaversion="5">
<suite id="s1" name="Tests" source="/home/runner/work/ApiRandomUser/ApiRandomUser/RamdonUser/tests">
<suite id="s1-s1" name="Random-User-Test" source="/home/runner/work/ApiRandomUser/ApiRandomUser/RamdonUser/tests/random-user-test.robot">
<test id="s1-s1-t1" name="Conectar" line="13">
<kw name="Conectar API" owner="random-user-service">
<kw name="Create Session" owner="RequestsLibrary">
<msg time="2024-06-30T02:35:03.418939" level="INFO">Creating Session using : alias=consultarAPI, url=https://randomuser.me/, headers={},                     cookies={}, auth=None, timeout=None, proxies=None, verify=False,                     debug=0 </msg>
<arg>consultarAPI</arg>
<arg>${URL}</arg>
<doc>Create Session: create a HTTP session to a server</doc>
<status status="PASS" start="2024-06-30T02:35:03.418731" elapsed="0.000401"/>
</kw>
<status status="PASS" start="2024-06-30T02:35:03.417728" elapsed="0.001775"/>
</kw>
<status status="PASS" start="2024-06-30T02:35:03.417055" elapsed="0.002646"/>
</test>
<test id="s1-s1-t2" name="Validar retorno 200 e JSON Válido" line="16">
<kw name="Teste de Requisicao Basica" owner="random-user-service">
<kw name="GET On Session" owner="RequestsLibrary">
<msg time="2024-06-30T02:35:03.544646" level="INFO">GET Request : url=https://randomuser.me/api 
 path_url=/api 
 headers={'User-Agent': 'python-requests/2.32.3', 'Accept-Encoding': 'gzip, deflate', 'Accept': '*/*', 'Connection': 'keep-alive'} 
 body=None 
 </msg>
<msg time="2024-06-30T02:35:03.544802" level="INFO">GET Response : url=https://randomuser.me/api 
 status=200, reason=OK 
 headers={'Date': 'Sun, 30 Jun 2024 02:35:03 GMT', 'Content-Type': 'application/json; charset=utf-8', 'Transfer-Encoding': 'chunked', 'Connection': 'keep-alive', 'X-Powered-By': 'Express', 'Access-Control-Allow-Origin': '*', 'Cache-Control': 'no-cache', 'ETag': 'W/"49f-upNKEME6lu3GgGWdEjqqHfdxc8k"', 'Vary': 'Accept-Encoding', 'Content-Encoding': 'gzip', 'CF-Cache-Status': 'DYNAMIC', 'Report-To': '{"endpoints":[{"url":"https:\\/\\/a.nel.cloudflare.com\\/report\\/v4?s=J%2B0STjIZEoWPmcGcJt9yidp3aXjB4lAOH8RH2sp2q7NPp1L2XTfXS7RAZxUcUpEm0F96qj1A4KuWQHt6Won6ejHmFmlZBgAIE2hfTwZ2eQIFXt7mZVDgrO7uwjHVLbKR"}],"group":"cf-nel","max_age":604800}', 'NEL': '{"success_fraction":0,"report_to":"cf-nel","max_age":604800}', 'Server': 'cloudflare', 'CF-RAY': '89bac2c29b578710-ORD', 'alt-svc': 'h3=":443"; ma=86400'} 
 body={"results":[{"gender":"female","name":{"title":"Mrs","first":"Antonija","last":"Jevremović"},"location":{"street":{"number":9631,"name":"Porodice Gajić"},"city":"Aleksinac","state":"Kolubara","country":"Serbia","postcode":42956,"coordinates":{"latitude":"56.0889","longitude":"63.0825"},"timezone":{"offset":"+5:30","description":"Bombay, Calcutta, Madras, New Delhi"}},"email":"antonija.jevremovic@example.com","login":{"uuid":"145bfa02-50f6-4199-961b-eac764a78a4c","username":"redwolf690","password":"bananas","salt":"b7yhJLKx","md5":"f4ca6e4c048af02890d4caab23eecd6a","sha1":"d004ab0d4f44207713a996075fea3ef0dd5ba359","sha256":"b4e6c976951af2ed7659abf7f99c7b5ef9100e8d1eafe22bf9e4f6ddc07a4966"},"dob":{"date":"1989-01-16T18:07:32.184Z","age":35},"registered":{"date":"2011-04-14T06:58:28.328Z","age":13},"phone":"016-4562-857","cell":"060-7743-362","id":{"name":"SID","value":"343646604"},"picture":{"large":"https://randomuser.me/api/portraits/women/37.jpg","medium":"https://randomuser.me/api/portraits/med/women/37.jpg","thumbnail":"https://randomuser.me/api/portraits/thumb/women/37.jpg"},"nat":"RS"}],"info":{"seed":"2ec245f6ac659029","results":1,"page":1,"version":"1.4"}} 
 </msg>
<msg time="2024-06-30T02:35:03.544893" level="INFO">/opt/hostedtoolcache/Python/3.12.4/x64/lib/python3.12/site-packages/urllib3/connectionpool.py:1099: InsecureRequestWarning: Unverified HTTPS request is being made to host 'randomuser.me'. Adding certificate verification is strongly advised. See: https://urllib3.readthedocs.io/en/latest/advanced-usage.html#tls-warnings
  warnings.warn(</msg>
<msg time="2024-06-30T02:35:03.545060" level="INFO">${response} = &lt;Response [200]&gt;</msg>
<var>${response}</var>
<arg>consultarAPI</arg>
<arg>/api</arg>
<doc>Sends a GET request on a previously created HTTP Session.</doc>
<status status="PASS" start="2024-06-30T02:35:03.422415" elapsed="0.122690"/>
</kw>
<kw name="Should Be Equal As Numbers" owner="BuiltIn">
<msg time="2024-06-30T02:35:03.546190" level="INFO">Argument types are:
&lt;class 'int'&gt;
&lt;class 'str'&gt;</msg>
<arg>${response.status_code}</arg>
<arg>200</arg>
<doc>Fails if objects are unequal after converting them to real numbers.</doc>
<status status="PASS" start="2024-06-30T02:35:03.545711" elapsed="0.000548"/>
</kw>
<kw name="Log" owner="BuiltIn">
<msg time="2024-06-30T02:35:03.546991" level="INFO">200</msg>
<arg>${response.status_code}</arg>
<doc>Logs the given message with the given level.</doc>
<status status="PASS" start="2024-06-30T02:35:03.546619" elapsed="0.000418"/>
</kw>
<kw name="Set Variable" owner="BuiltIn">
<msg time="2024-06-30T02:35:03.547821" level="INFO">${json_data} = {'results': [{'gender': 'female', 'name': {'title': 'Mrs', 'first': 'Antonija', 'last': 'Jevremović'}, 'location': {'street': {'number': 9631, 'name': 'Porodice Gajić'}, 'city': 'Aleksinac', 'state': ...</msg>
<var>${json_data}</var>
<arg>${response.json()}</arg>
<doc>Returns the given values which can then be assigned to a variables.</doc>
<status status="PASS" start="2024-06-30T02:35:03.547356" elapsed="0.000496"/>
</kw>
<kw name="Dictionary Should Contain Key" owner="Collections">
<arg>${json_data}</arg>
<arg>results</arg>
<doc>Fails if ``key`` is not found from ``dictionary``.</doc>
<status status="PASS" start="2024-06-30T02:35:03.548161" elapsed="0.000168"/>
</kw>
<status status="PASS" start="2024-06-30T02:35:03.422161" elapsed="0.126323"/>
</kw>
<doc>Testa se a API responde corretamente e retorna um objeto JSON válido.</doc>
<tag>testeRequisicaoBasica</tag>
<status status="PASS" start="2024-06-30T02:35:03.421614" elapsed="0.127051"/>
</test>
<test id="s1-s1-t3" name="Validar estrutura de resposta" line="22">
<kw name="Teste de Estrutura de Resposta" owner="random-user-service">
<kw name="GET On Session" owner="RequestsLibrary">
<msg time="2024-06-30T02:35:03.621768" level="INFO">GET Request : url=https://randomuser.me/api 
 path_url=/api 
 headers={'User-Agent': 'python-requests/2.32.3', 'Accept-Encoding': 'gzip, deflate', 'Accept': '*/*', 'Connection': 'keep-alive'} 
 body=None 
 </msg>
<msg time="2024-06-30T02:35:03.621880" level="INFO">GET Response : url=https://randomuser.me/api 
 status=200, reason=OK 
 headers={'Date': 'Sun, 30 Jun 2024 02:35:03 GMT', 'Content-Type': 'application/json; charset=utf-8', 'Transfer-Encoding': 'chunked', 'Connection': 'keep-alive', 'X-Powered-By': 'Express', 'Access-Control-Allow-Origin': '*', 'Cache-Control': 'no-cache', 'ETag': 'W/"48f-2ad17eINsyZyrQ4vTiTFaHysRxs"', 'Vary': 'Accept-Encoding', 'Content-Encoding': 'gzip', 'CF-Cache-Status': 'DYNAMIC', 'Report-To': '{"endpoints":[{"url":"https:\\/\\/a.nel.cloudflare.com\\/report\\/v4?s=PPgwAPkNA%2BILMQ2YBJIYMTvEmB0kh%2BcVDN%2FBVpXJNFfPJgesjWofEz%2F3ClnQtmwA264sqBhiilFcQhfA4K3NDw5lDhr3NEynb3Df4QpWy1mDX9LjgtzJQvdX5KyKuURR"}],"group":"cf-nel","max_age":604800}', 'NEL': '{"success_fraction":0,"report_to":"cf-nel","max_age":604800}', 'Server': 'cloudflare', 'CF-RAY': '89bac2c33bfd8710-ORD', 'alt-svc': 'h3=":443"; ma=86400'} 
 body={"results":[{"gender":"male","name":{"title":"Mr","first":"Hugo","last":"Lehnert"},"location":{"street":{"number":5130,"name":"Neue Straße"},"city":"Osterhofen","state":"Saarland","country":"Germany","postcode":24762,"coordinates":{"latitude":"-51.2343","longitude":"-71.3744"},"timezone":{"offset":"+1:00","description":"Brussels, Copenhagen, Madrid, Paris"}},"email":"hugo.lehnert@example.com","login":{"uuid":"7878bab2-fabc-4069-bea4-70ee40a1a12e","username":"purplefish522","password":"track","salt":"0PRUbxM7","md5":"ff7e1d6f88bef5fc69da4a2eef9926d0","sha1":"77682a958e48938ffb702b7760cbd72dbe45f79a","sha256":"314ac9d720b2924c2b01a278feb2df9d6d9d0df0bff2819c8216e7d50c3952b6"},"dob":{"date":"1946-06-18T21:55:51.551Z","age":78},"registered":{"date":"2021-02-05T09:20:23.826Z","age":3},"phone":"0206-0611938","cell":"0171-0913810","id":{"name":"SVNR","value":"18 180646 L 186"},"picture":{"large":"https://randomuser.me/api/portraits/men/88.jpg","medium":"https://randomuser.me/api/portraits/med/men/88.jpg","thumbnail":"https://randomuser.me/api/portraits/thumb/men/88.jpg"},"nat":"DE"}],"info":{"seed":"4043956163f17b97","results":1,"page":1,"version":"1.4"}} 
 </msg>
<msg time="2024-06-30T02:35:03.622022" level="INFO">/opt/hostedtoolcache/Python/3.12.4/x64/lib/python3.12/site-packages/urllib3/connectionpool.py:1099: InsecureRequestWarning: Unverified HTTPS request is being made to host 'randomuser.me'. Adding certificate verification is strongly advised. See: https://urllib3.readthedocs.io/en/latest/advanced-usage.html#tls-warnings
  warnings.warn(</msg>
<msg time="2024-06-30T02:35:03.622176" level="INFO">${response} = &lt;Response [200]&gt;</msg>
<var>${response}</var>
<arg>consultarAPI</arg>
<arg>/api</arg>
<doc>Sends a GET request on a previously created HTTP Session.</doc>
<status status="PASS" start="2024-06-30T02:35:03.551458" elapsed="0.070765"/>
</kw>
<kw name="Set Variable" owner="BuiltIn">
<msg time="2024-06-30T02:35:03.623339" level="INFO">${json_data} = {'results': [{'gender': 'male', 'name': {'title': 'Mr', 'first': 'Hugo', 'last': 'Lehnert'}, 'location': {'street': {'number': 5130, 'name': 'Neue Straße'}, 'city': 'Osterhofen', 'state': 'Saarland', ...</msg>
<var>${json_data}</var>
<arg>${response.json()}</arg>
<doc>Returns the given values which can then be assigned to a variables.</doc>
<status status="PASS" start="2024-06-30T02:35:03.622785" elapsed="0.000584"/>
</kw>
<kw name="Log" owner="BuiltIn">
<msg time="2024-06-30T02:35:03.623912" level="INFO">{'results': [{'gender': 'male', 'name': {'title': 'Mr', 'first': 'Hugo', 'last': 'Lehnert'}, 'location': {'street': {'number': 5130, 'name': 'Neue Straße'}, 'city': 'Osterhofen', 'state': 'Saarland', 'country': 'Germany', 'postcode': 24762, 'coordinates': {'latitude': '-51.2343', 'longitude': '-71.3744'}, 'timezone': {'offset': '+1:00', 'description': 'Brussels, Copenhagen, Madrid, Paris'}}, 'email': 'hugo.lehnert@example.com', 'login': {'uuid': '7878bab2-fabc-4069-bea4-70ee40a1a12e', 'username': 'purplefish522', 'password': 'track', 'salt': '0PRUbxM7', 'md5': 'ff7e1d6f88bef5fc69da4a2eef9926d0', 'sha1': '77682a958e48938ffb702b7760cbd72dbe45f79a', 'sha256': '314ac9d720b2924c2b01a278feb2df9d6d9d0df0bff2819c8216e7d50c3952b6'}, 'dob': {'date': '1946-06-18T21:55:51.551Z', 'age': 78}, 'registered': {'date': '2021-02-05T09:20:23.826Z', 'age': 3}, 'phone': '0206-0611938', 'cell': '0171-0913810', 'id': {'name': 'SVNR', 'value': '18 180646 L 186'}, 'picture': {'large': 'https://randomuser.me/api/portraits/men/88.jpg', 'medium': 'https://randomuser.me/api/portraits/med/men/88.jpg', 'thumbnail': 'https://randomuser.me/api/portraits/thumb/men/88.jpg'}, 'nat': 'DE'}], 'info': {'seed': '4043956163f17b97', 'results': 1, 'page': 1, 'version': '1.4'}}</msg>
<arg>${json_data}</arg>
<doc>Logs the given message with the given level.</doc>
<status status="PASS" start="2024-06-30T02:35:03.623732" elapsed="0.000233"/>
</kw>
<kw name="Dictionary Should Contain Key" owner="Collections">
<arg>${json_data}</arg>
<arg>results</arg>
<doc>Fails if ``key`` is not found from ``dictionary``.</doc>
<status status="PASS" start="2024-06-30T02:35:03.624274" elapsed="0.000165"/>
</kw>
<kw name="Should Not Be Empty" owner="BuiltIn">
<msg time="2024-06-30T02:35:03.624764" level="INFO">Length is 2.</msg>
<arg>${json_data}</arg>
<doc>Verifies that the given item is not empty.</doc>
<status status="PASS" start="2024-06-30T02:35:03.624626" elapsed="0.000178"/>
</kw>
<kw name="Create List" owner="BuiltIn">
<msg time="2024-06-30T02:35:03.625431" level="INFO">${expected_keys} = ['gender', 'name', 'location', 'email', 'login']</msg>
<var>${expected_keys}</var>
<arg>gender</arg>
<arg>name</arg>
<arg>location</arg>
<arg>email</arg>
<arg>login</arg>
<doc>Returns a list containing given items.</doc>
<status status="PASS" start="2024-06-30T02:35:03.625106" elapsed="0.000351"/>
</kw>
<for flavor="IN">
<iter>
<kw name="Dictionary Should Contain Key" owner="Collections">
<arg>${json_data['results'][0]}</arg>
<arg>${key}</arg>
<doc>Fails if ``key`` is not found from ``dictionary``.</doc>
<status status="PASS" start="2024-06-30T02:35:03.626103" elapsed="0.000420"/>
</kw>
<kw name="Log" owner="BuiltIn">
<msg time="2024-06-30T02:35:03.627087" level="INFO">{'gender': 'male', 'name': {'title': 'Mr', 'first': 'Hugo', 'last': 'Lehnert'}, 'location': {'street': {'number': 5130, 'name': 'Neue Straße'}, 'city': 'Osterhofen', 'state': 'Saarland', 'country': 'Germany', 'postcode': 24762, 'coordinates': {'latitude': '-51.2343', 'longitude': '-71.3744'}, 'timezone': {'offset': '+1:00', 'description': 'Brussels, Copenhagen, Madrid, Paris'}}, 'email': 'hugo.lehnert@example.com', 'login': {'uuid': '7878bab2-fabc-4069-bea4-70ee40a1a12e', 'username': 'purplefish522', 'password': 'track', 'salt': '0PRUbxM7', 'md5': 'ff7e1d6f88bef5fc69da4a2eef9926d0', 'sha1': '77682a958e48938ffb702b7760cbd72dbe45f79a', 'sha256': '314ac9d720b2924c2b01a278feb2df9d6d9d0df0bff2819c8216e7d50c3952b6'}, 'dob': {'date': '1946-06-18T21:55:51.551Z', 'age': 78}, 'registered': {'date': '2021-02-05T09:20:23.826Z', 'age': 3}, 'phone': '0206-0611938', 'cell': '0171-0913810', 'id': {'name': 'SVNR', 'value': '18 180646 L 186'}, 'picture': {'large': 'https://randomuser.me/api/portraits/men/88.jpg', 'medium': 'https://randomuser.me/api/portraits/med/men/88.jpg', 'thumbnail': 'https://randomuser.me/api/portraits/thumb/men/88.jpg'}, 'nat': 'DE'}</msg>
<arg>${json_data['results'][0]}</arg>
<doc>Logs the given message with the given level.</doc>
<status status="PASS" start="2024-06-30T02:35:03.626714" elapsed="0.000423"/>
</kw>
<kw name="Log" owner="BuiltIn">
<msg time="2024-06-30T02:35:03.627574" level="INFO">gender</msg>
<arg>${key}</arg>
<doc>Logs the given message with the given level.</doc>
<status status="PASS" start="2024-06-30T02:35:03.627443" elapsed="0.000169"/>
</kw>
<var name="${key}">gender</var>
<status status="PASS" start="2024-06-30T02:35:03.625973" elapsed="0.001859"/>
</iter>
<iter>
<kw name="Dictionary Should Contain Key" owner="Collections">
<arg>${json_data['results'][0]}</arg>
<arg>${key}</arg>
<doc>Fails if ``key`` is not found from ``dictionary``.</doc>
<status status="PASS" start="2024-06-30T02:35:03.628142" elapsed="0.000394"/>
</kw>
<kw name="Log" owner="BuiltIn">
<msg time="2024-06-30T02:35:03.629081" level="INFO">{'gender': 'male', 'name': {'title': 'Mr', 'first': 'Hugo', 'last': 'Lehnert'}, 'location': {'street': {'number': 5130, 'name': 'Neue Straße'}, 'city': 'Osterhofen', 'state': 'Saarland', 'country': 'Germany', 'postcode': 24762, 'coordinates': {'latitude': '-51.2343', 'longitude': '-71.3744'}, 'timezone': {'offset': '+1:00', 'description': 'Brussels, Copenhagen, Madrid, Paris'}}, 'email': 'hugo.lehnert@example.com', 'login': {'uuid': '7878bab2-fabc-4069-bea4-70ee40a1a12e', 'username': 'purplefish522', 'password': 'track', 'salt': '0PRUbxM7', 'md5': 'ff7e1d6f88bef5fc69da4a2eef9926d0', 'sha1': '77682a958e48938ffb702b7760cbd72dbe45f79a', 'sha256': '314ac9d720b2924c2b01a278feb2df9d6d9d0df0bff2819c8216e7d50c3952b6'}, 'dob': {'date': '1946-06-18T21:55:51.551Z', 'age': 78}, 'registered': {'date': '2021-02-05T09:20:23.826Z', 'age': 3}, 'phone': '0206-0611938', 'cell': '0171-0913810', 'id': {'name': 'SVNR', 'value': '18 180646 L 186'}, 'picture': {'large': 'https://randomuser.me/api/portraits/men/88.jpg', 'medium': 'https://randomuser.me/api/portraits/med/men/88.jpg', 'thumbnail': 'https://randomuser.me/api/portraits/thumb/men/88.jpg'}, 'nat': 'DE'}</msg>
<arg>${json_data['results'][0]}</arg>
<doc>Logs the given message with the given level.</doc>
<status status="PASS" start="2024-06-30T02:35:03.628720" elapsed="0.000443"/>
</kw>
<kw name="Log" owner="BuiltIn">
<msg time="2024-06-30T02:35:03.629644" level="INFO">name</msg>
<arg>${key}</arg>
<doc>Logs the given message with the given level.</doc>
<status status="PASS" start="2024-06-30T02:35:03.629467" elapsed="0.000217"/>
</kw>
<var name="${key}">name</var>
<status status="PASS" start="2024-06-30T02:35:03.628027" elapsed="0.001889"/>
</iter>
<iter>
<kw name="Dictionary Should Contain Key" owner="Collections">
<arg>${json_data['results'][0]}</arg>
<arg>${key}</arg>
<doc>Fails if ``key`` is not found from ``dictionary``.</doc>
<status status="PASS" start="2024-06-30T02:35:03.630213" elapsed="0.000383"/>
</kw>
<kw name="Log" owner="BuiltIn">
<msg time="2024-06-30T02:35:03.631132" level="INFO">{'gender': 'male', 'name': {'title': 'Mr', 'first': 'Hugo', 'last': 'Lehnert'}, 'location': {'street': {'number': 5130, 'name': 'Neue Straße'}, 'city': 'Osterhofen', 'state': 'Saarland', 'country': 'Germany', 'postcode': 24762, 'coordinates': {'latitude': '-51.2343', 'longitude': '-71.3744'}, 'timezone': {'offset': '+1:00', 'description': 'Brussels, Copenhagen, Madrid, Paris'}}, 'email': 'hugo.lehnert@example.com', 'login': {'uuid': '7878bab2-fabc-4069-bea4-70ee40a1a12e', 'username': 'purplefish522', 'password': 'track', 'salt': '0PRUbxM7', 'md5': 'ff7e1d6f88bef5fc69da4a2eef9926d0', 'sha1': '77682a958e48938ffb702b7760cbd72dbe45f79a', 'sha256': '314ac9d720b2924c2b01a278feb2df9d6d9d0df0bff2819c8216e7d50c3952b6'}, 'dob': {'date': '1946-06-18T21:55:51.551Z', 'age': 78}, 'registered': {'date': '2021-02-05T09:20:23.826Z', 'age': 3}, 'phone': '0206-0611938', 'cell': '0171-0913810', 'id': {'name': 'SVNR', 'value': '18 180646 L 186'}, 'picture': {'large': 'https://randomuser.me/api/portraits/men/88.jpg', 'medium': 'https://randomuser.me/api/portraits/med/men/88.jpg', 'thumbnail': 'https://randomuser.me/api/portraits/thumb/men/88.jpg'}, 'nat': 'DE'}</msg>
<arg>${json_data['results'][0]}</arg>
<doc>Logs the given message with the given level.</doc>
<status status="PASS" start="2024-06-30T02:35:03.630781" elapsed="0.000401"/>
</kw>
<kw name="Log" owner="BuiltIn">
<msg time="2024-06-30T02:35:03.631612" level="INFO">location</msg>
<arg>${key}</arg>
<doc>Logs the given message with the given level.</doc>
<status status="PASS" start="2024-06-30T02:35:03.631481" elapsed="0.000169"/>
</kw>
<var name="${key}">location</var>
<status status="PASS" start="2024-06-30T02:35:03.630102" elapsed="0.001768"/>
</iter>
<iter>
<kw name="Dictionary Should Contain Key" owner="Collections">
<arg>${json_data['results'][0]}</arg>
<arg>${key}</arg>
<doc>Fails if ``key`` is not found from ``dictionary``.</doc>
<status status="PASS" start="2024-06-30T02:35:03.632154" elapsed="0.000390"/>
</kw>
<kw name="Log" owner="BuiltIn">
<msg time="2024-06-30T02:35:03.633080" level="INFO">{'gender': 'male', 'name': {'title': 'Mr', 'first': 'Hugo', 'last': 'Lehnert'}, 'location': {'street': {'number': 5130, 'name': 'Neue Straße'}, 'city': 'Osterhofen', 'state': 'Saarland', 'country': 'Germany', 'postcode': 24762, 'coordinates': {'latitude': '-51.2343', 'longitude': '-71.3744'}, 'timezone': {'offset': '+1:00', 'description': 'Brussels, Copenhagen, Madrid, Paris'}}, 'email': 'hugo.lehnert@example.com', 'login': {'uuid': '7878bab2-fabc-4069-bea4-70ee40a1a12e', 'username': 'purplefish522', 'password': 'track', 'salt': '0PRUbxM7', 'md5': 'ff7e1d6f88bef5fc69da4a2eef9926d0', 'sha1': '77682a958e48938ffb702b7760cbd72dbe45f79a', 'sha256': '314ac9d720b2924c2b01a278feb2df9d6d9d0df0bff2819c8216e7d50c3952b6'}, 'dob': {'date': '1946-06-18T21:55:51.551Z', 'age': 78}, 'registered': {'date': '2021-02-05T09:20:23.826Z', 'age': 3}, 'phone': '0206-0611938', 'cell': '0171-0913810', 'id': {'name': 'SVNR', 'value': '18 180646 L 186'}, 'picture': {'large': 'https://randomuser.me/api/portraits/men/88.jpg', 'medium': 'https://randomuser.me/api/portraits/med/men/88.jpg', 'thumbnail': 'https://randomuser.me/api/portraits/thumb/men/88.jpg'}, 'nat': 'DE'}</msg>
<arg>${json_data['results'][0]}</arg>
<doc>Logs the given message with the given level.</doc>
<status status="PASS" start="2024-06-30T02:35:03.632727" elapsed="0.000402"/>
</kw>
<kw name="Log" owner="BuiltIn">
<msg time="2024-06-30T02:35:03.633576" level="INFO">email</msg>
<arg>${key}</arg>
<doc>Logs the given message with the given level.</doc>
<status status="PASS" start="2024-06-30T02:35:03.633427" elapsed="0.000191"/>
</kw>
<var name="${key}">email</var>
<status status="PASS" start="2024-06-30T02:35:03.632045" elapsed="0.001811"/>
</iter>
<iter>
<kw name="Dictionary Should Contain Key" owner="Collections">
<arg>${json_data['results'][0]}</arg>
<arg>${key}</arg>
<doc>Fails if ``key`` is not found from ``dictionary``.</doc>
<status status="PASS" start="2024-06-30T02:35:03.634146" elapsed="0.000392"/>
</kw>
<kw name="Log" owner="BuiltIn">
<msg time="2024-06-30T02:35:03.635087" level="INFO">{'gender': 'male', 'name': {'title': 'Mr', 'first': 'Hugo', 'last': 'Lehnert'}, 'location': {'street': {'number': 5130, 'name': 'Neue Straße'}, 'city': 'Osterhofen', 'state': 'Saarland', 'country': 'Germany', 'postcode': 24762, 'coordinates': {'latitude': '-51.2343', 'longitude': '-71.3744'}, 'timezone': {'offset': '+1:00', 'description': 'Brussels, Copenhagen, Madrid, Paris'}}, 'email': 'hugo.lehnert@example.com', 'login': {'uuid': '7878bab2-fabc-4069-bea4-70ee40a1a12e', 'username': 'purplefish522', 'password': 'track', 'salt': '0PRUbxM7', 'md5': 'ff7e1d6f88bef5fc69da4a2eef9926d0', 'sha1': '77682a958e48938ffb702b7760cbd72dbe45f79a', 'sha256': '314ac9d720b2924c2b01a278feb2df9d6d9d0df0bff2819c8216e7d50c3952b6'}, 'dob': {'date': '1946-06-18T21:55:51.551Z', 'age': 78}, 'registered': {'date': '2021-02-05T09:20:23.826Z', 'age': 3}, 'phone': '0206-0611938', 'cell': '0171-0913810', 'id': {'name': 'SVNR', 'value': '18 180646 L 186'}, 'picture': {'large': 'https://randomuser.me/api/portraits/men/88.jpg', 'medium': 'https://randomuser.me/api/portraits/med/men/88.jpg', 'thumbnail': 'https://randomuser.me/api/portraits/thumb/men/88.jpg'}, 'nat': 'DE'}</msg>
<arg>${json_data['results'][0]}</arg>
<doc>Logs the given message with the given level.</doc>
<status status="PASS" start="2024-06-30T02:35:03.634729" elapsed="0.000408"/>
</kw>
<kw name="Log" owner="BuiltIn">
<msg time="2024-06-30T02:35:03.635566" level="INFO">login</msg>
<arg>${key}</arg>
<doc>Logs the given message with the given level.</doc>
<status status="PASS" start="2024-06-30T02:35:03.635431" elapsed="0.000172"/>
</kw>
<var name="${key}">login</var>
<status status="PASS" start="2024-06-30T02:35:03.634029" elapsed="0.001788"/>
</iter>
<var>${key}</var>
<value>@{expected_keys}</value>
<status status="PASS" start="2024-06-30T02:35:03.625768" elapsed="0.010171"/>
</for>
<kw name="Create List" owner="BuiltIn">
<msg time="2024-06-30T02:35:03.636275" level="INFO">${expected_keysTwo} = ['username', 'password']</msg>
<var>${expected_keysTwo}</var>
<arg>username</arg>
<arg>password</arg>
<doc>Returns a list containing given items.</doc>
<status status="PASS" start="2024-06-30T02:35:03.636134" elapsed="0.000193"/>
</kw>
<for flavor="IN">
<iter>
<kw name="Dictionary Should Contain Key" owner="Collections">
<arg>${json_data['results'][0]['login']}</arg>
<arg>${keyTwo}</arg>
<doc>Fails if ``key`` is not found from ``dictionary``.</doc>
<status status="PASS" start="2024-06-30T02:35:03.636840" elapsed="0.000385"/>
</kw>
<kw name="Dictionary Should Contain Key" owner="Collections">
<arg>${json_data['results'][0]['login']}</arg>
<arg>${keyTwo}</arg>
<doc>Fails if ``key`` is not found from ``dictionary``.</doc>
<status status="PASS" start="2024-06-30T02:35:03.637404" elapsed="0.000411"/>
</kw>
<kw name="Log" owner="BuiltIn">
<msg time="2024-06-30T02:35:03.638116" level="INFO">username</msg>
<arg>${keyTwo}</arg>
<doc>Logs the given message with the given level.</doc>
<status status="PASS" start="2024-06-30T02:35:03.637996" elapsed="0.000156"/>
</kw>
<var name="${keyTwo}">username</var>
<status status="PASS" start="2024-06-30T02:35:03.636731" elapsed="0.001645"/>
</iter>
<iter>
<kw name="Dictionary Should Contain Key" owner="Collections">
<arg>${json_data['results'][0]['login']}</arg>
<arg>${keyTwo}</arg>
<doc>Fails if ``key`` is not found from ``dictionary``.</doc>
<status status="PASS" start="2024-06-30T02:35:03.638652" elapsed="0.000382"/>
</kw>
<kw name="Dictionary Should Contain Key" owner="Collections">
<arg>${json_data['results'][0]['login']}</arg>
<arg>${keyTwo}</arg>
<doc>Fails if ``key`` is not found from ``dictionary``.</doc>
<status status="PASS" start="2024-06-30T02:35:03.639209" elapsed="0.000364"/>
</kw>
<kw name="Log" owner="BuiltIn">
<msg time="2024-06-30T02:35:03.639870" level="INFO">password</msg>
<arg>${keyTwo}</arg>
<doc>Logs the given message with the given level.</doc>
<status status="PASS" start="2024-06-30T02:35:03.639746" elapsed="0.000165"/>
</kw>
<var name="${keyTwo}">password</var>
<status status="PASS" start="2024-06-30T02:35:03.638546" elapsed="0.001674"/>
</iter>
<var>${keyTwo}</var>
<value>@{expected_keysTwo}</value>
<status status="PASS" start="2024-06-30T02:35:03.636574" elapsed="0.003767"/>
</for>
<status status="PASS" start="2024-06-30T02:35:03.551209" elapsed="0.089279"/>
</kw>
<doc>Testa a estrutura da resposta da API.</doc>
<tag>testeEstruturaResposta</tag>
<status status="PASS" start="2024-06-30T02:35:03.550577" elapsed="0.090069"/>
</test>
<test id="s1-s1-t4" name="Validar tipos de dados" line="28">
<kw name="Teste de Tipos de Dados" owner="random-user-service">
<kw name="GET On Session" owner="RequestsLibrary">
<msg time="2024-06-30T02:35:03.722516" level="INFO">GET Request : url=https://randomuser.me/api 
 path_url=/api 
 headers={'User-Agent': 'python-requests/2.32.3', 'Accept-Encoding': 'gzip, deflate', 'Accept': '*/*', 'Connection': 'keep-alive'} 
 body=None 
 </msg>
<msg time="2024-06-30T02:35:03.722630" level="INFO">GET Response : url=https://randomuser.me/api 
 status=200, reason=OK 
 headers={'Date': 'Sun, 30 Jun 2024 02:35:03 GMT', 'Content-Type': 'application/json; charset=utf-8', 'Transfer-Encoding': 'chunked', 'Connection': 'keep-alive', 'X-Powered-By': 'Express', 'Access-Control-Allow-Origin': '*', 'Cache-Control': 'no-cache', 'ETag': 'W/"482-x4sA/F2qI7b1Sy4zy1G/7V5kdgs"', 'Vary': 'Accept-Encoding', 'Content-Encoding': 'gzip', 'CF-Cache-Status': 'DYNAMIC', 'Report-To': '{"endpoints":[{"url":"https:\\/\\/a.nel.cloudflare.com\\/report\\/v4?s=qSF2H2WO5iIgvJKAGoTsm6%2Fx8NQyi7Vtolvqbrglla4W791%2FtI1oktV9AWPfRPtSrUI49fTjypFD9Woa090HxTfgjW2vP3Xm3aa%2B43lJiquHlIVewE6Zr5anVJ82pVr3"}],"group":"cf-nel","max_age":604800}', 'NEL': '{"success_fraction":0,"report_to":"cf-nel","max_age":604800}', 'Server': 'cloudflare', 'CF-RAY': '89bac2c3cce68710-ORD', 'alt-svc': 'h3=":443"; ma=86400'} 
 body={"results":[{"gender":"female","name":{"title":"Mrs","first":"Dana","last":"Kuhn"},"location":{"street":{"number":6409,"name":"First Street"},"city":"Maitland","state":"Australian Capital Territory","country":"Australia","postcode":8852,"coordinates":{"latitude":"-84.7825","longitude":"13.4994"},"timezone":{"offset":"-10:00","description":"Hawaii"}},"email":"dana.kuhn@example.com","login":{"uuid":"3891a480-9a40-4179-9590-37aec721b72b","username":"angryduck499","password":"miller1","salt":"PpdhEKvu","md5":"b4b2d44e1c10cd901ac949a8ae639f69","sha1":"86f507e9578234417782fc4d1c27817d9f92768e","sha256":"b6e29d0489165c601aa3d7631999e11d0014d2071ecb525f0525cac33541461d"},"dob":{"date":"1980-04-21T03:27:07.332Z","age":44},"registered":{"date":"2020-09-24T11:52:47.788Z","age":3},"phone":"04-1074-1749","cell":"0423-215-271","id":{"name":"TFN","value":"975214712"},"picture":{"large":"https://randomuser.me/api/portraits/women/73.jpg","medium":"https://randomuser.me/api/portraits/med/women/73.jpg","thumbnail":"https://randomuser.me/api/portraits/thumb/women/73.jpg"},"nat":"AU"}],"info":{"seed":"edbb3d46d0405185","results":1,"page":1,"version":"1.4"}} 
 </msg>
<msg time="2024-06-30T02:35:03.722716" level="INFO">/opt/hostedtoolcache/Python/3.12.4/x64/lib/python3.12/site-packages/urllib3/connectionpool.py:1099: InsecureRequestWarning: Unverified HTTPS request is being made to host 'randomuser.me'. Adding certificate verification is strongly advised. See: https://urllib3.readthedocs.io/en/latest/advanced-usage.html#tls-warnings
  warnings.warn(</msg>
<msg time="2024-06-30T02:35:03.722882" level="INFO">${response} = &lt;Response [200]&gt;</msg>
<var>${response}</var>
<arg>consultarAPI</arg>
<arg>/api</arg>
<doc>Sends a GET request on a previously created HTTP Session.</doc>
<status status="PASS" start="2024-06-30T02:35:03.643343" elapsed="0.079593"/>
</kw>
<kw name="Set Variable" owner="BuiltIn">
<msg time="2024-06-30T02:35:03.724091" level="INFO">${json_data} = {'results': [{'gender': 'female', 'name': {'title': 'Mrs', 'first': 'Dana', 'last': 'Kuhn'}, 'location': {'street': {'number': 6409, 'name': 'First Street'}, 'city': 'Maitland', 'state': 'Australian C...</msg>
<var>${json_data}</var>
<arg>${response.json()}</arg>
<doc>Returns the given values which can then be assigned to a variables.</doc>
<status status="PASS" start="2024-06-30T02:35:03.723530" elapsed="0.000594"/>
</kw>
<kw name="Log" owner="BuiltIn">
<msg time="2024-06-30T02:35:03.724669" level="INFO">{'results': [{'gender': 'female', 'name': {'title': 'Mrs', 'first': 'Dana', 'last': 'Kuhn'}, 'location': {'street': {'number': 6409, 'name': 'First Street'}, 'city': 'Maitland', 'state': 'Australian Capital Territory', 'country': 'Australia', 'postcode': 8852, 'coordinates': {'latitude': '-84.7825', 'longitude': '13.4994'}, 'timezone': {'offset': '-10:00', 'description': 'Hawaii'}}, 'email': 'dana.kuhn@example.com', 'login': {'uuid': '3891a480-9a40-4179-9590-37aec721b72b', 'username': 'angryduck499', 'password': 'miller1', 'salt': 'PpdhEKvu', 'md5': 'b4b2d44e1c10cd901ac949a8ae639f69', 'sha1': '86f507e9578234417782fc4d1c27817d9f92768e', 'sha256': 'b6e29d0489165c601aa3d7631999e11d0014d2071ecb525f0525cac33541461d'}, 'dob': {'date': '1980-04-21T03:27:07.332Z', 'age': 44}, 'registered': {'date': '2020-09-24T11:52:47.788Z', 'age': 3}, 'phone': '04-1074-1749', 'cell': '0423-215-271', 'id': {'name': 'TFN', 'value': '975214712'}, 'picture': {'large': 'https://randomuser.me/api/portraits/women/73.jpg', 'medium': 'https://randomuser.me/api/portraits/med/women/73.jpg', 'thumbnail': 'https://randomuser.me/api/portraits/thumb/women/73.jpg'}, 'nat': 'AU'}], 'info': {'seed': 'edbb3d46d0405185', 'results': 1, 'page': 1, 'version': '1.4'}}</msg>
<arg>${json_data}</arg>
<doc>Logs the given message with the given level.</doc>
<status status="PASS" start="2024-06-30T02:35:03.724491" elapsed="0.000228"/>
</kw>
<kw name="Should Be String" owner="String">
<arg>${json_data['results'][0]['gender']}</arg>
<doc>Fails if the given ``item`` is not a string.</doc>
<status status="PASS" start="2024-06-30T02:35:03.725026" elapsed="0.000377"/>
</kw>
<kw name="Should Match Regexp" owner="BuiltIn">
<arg>${json_data['results'][0]['email']}</arg>
<arg>^[a-zA-Z0-9._%+-]+@[a-zA-Z0-9.-]+\.[a-zA-Z]{2,}$</arg>
<doc>Fails if ``string`` does not match ``pattern`` as a regular expression.</doc>
<status status="PASS" start="2024-06-30T02:35:03.725652" elapsed="0.000533"/>
</kw>
<kw name="Should Match Regexp" owner="BuiltIn">
<arg>${json_data['results'][0]['dob']['date']}</arg>
<arg>\\d{4}-\\d{2}-\\d{2}T\\d{2}:\\d{2}:\\d{2}\\.\\d{3}Z</arg>
<doc>Fails if ``string`` does not match ``pattern`` as a regular expression.</doc>
<status status="PASS" start="2024-06-30T02:35:03.726423" elapsed="0.000490"/>
</kw>
<kw name="Should Match Regexp" owner="BuiltIn">
<arg>${json_data['results'][0]['registered']['date']}</arg>
<arg>\\d{4}-\\d{2}-\\d{2}T\\d{2}:\\d{2}:\\d{2}\\.\\d{3}Z</arg>
<doc>Fails if ``string`` does not match ``pattern`` as a regular expression.</doc>
<status status="PASS" start="2024-06-30T02:35:03.727102" elapsed="0.000377"/>
</kw>
<kw name="Should Match Regexp" owner="BuiltIn">
<arg>${json_data['results'][0]['picture']['large']}</arg>
<arg>^https?://.*\.(?:png|jpe?g|gif|bmp)$</arg>
<doc>Fails if ``string`` does not match ``pattern`` as a regular expression.</doc>
<status status="PASS" start="2024-06-30T02:35:03.727662" elapsed="0.000460"/>
</kw>
<kw name="Should Match Regexp" owner="BuiltIn">
<arg>${json_data['results'][0]['picture']['medium']}</arg>
<arg>^https?://.*\.(?:png|jpe?g|gif|bmp)$</arg>
<doc>Fails if ``string`` does not match ``pattern`` as a regular expression.</doc>
<status status="PASS" start="2024-06-30T02:35:03.728308" elapsed="0.000350"/>
</kw>
<kw name="Should Match Regexp" owner="BuiltIn">
<arg>${json_data['results'][0]['picture']['thumbnail']}</arg>
<arg>^https?://.*\.(?:png|jpe?g|gif|bmp)$</arg>
<doc>Fails if ``string`` does not match ``pattern`` as a regular expression.</doc>
<status status="PASS" start="2024-06-30T02:35:03.728842" elapsed="0.000351"/>
</kw>
<kw name="Log" owner="BuiltIn">
<msg time="2024-06-30T02:35:03.729731" level="INFO">{'large': 'https://randomuser.me/api/portraits/women/73.jpg', 'medium': 'https://randomuser.me/api/portraits/med/women/73.jpg', 'thumbnail': 'https://randomuser.me/api/portraits/thumb/women/73.jpg'}</msg>
<arg>${json_data['results'][0]['picture']}</arg>
<doc>Logs the given message with the given level.</doc>
<status status="PASS" start="2024-06-30T02:35:03.729376" elapsed="0.000398"/>
</kw>
<status status="PASS" start="2024-06-30T02:35:03.643110" elapsed="0.086931"/>
</kw>
<kw name="Teste de Tipos de Dados - Postcode" owner="random-user-service">
<kw name="GET On Session" owner="RequestsLibrary">
<msg time="2024-06-30T02:35:03.831733" level="INFO">GET Request : url=https://randomuser.me/api 
 path_url=/api 
 headers={'User-Agent': 'python-requests/2.32.3', 'Accept-Encoding': 'gzip, deflate', 'Accept': '*/*', 'Connection': 'keep-alive'} 
 body=None 
 </msg>
<msg time="2024-06-30T02:35:03.831833" level="INFO">GET Response : url=https://randomuser.me/api 
 status=200, reason=OK 
 headers={'Date': 'Sun, 30 Jun 2024 02:35:03 GMT', 'Content-Type': 'application/json; charset=utf-8', 'Transfer-Encoding': 'chunked', 'Connection': 'keep-alive', 'X-Powered-By': 'Express', 'Access-Control-Allow-Origin': '*', 'Cache-Control': 'no-cache', 'ETag': 'W/"481-8IcZ57o3Ys0VoDlbXgaadtK3djo"', 'Vary': 'Accept-Encoding', 'Content-Encoding': 'gzip', 'CF-Cache-Status': 'DYNAMIC', 'Report-To': '{"endpoints":[{"url":"https:\\/\\/a.nel.cloudflare.com\\/report\\/v4?s=ZCg7njDgnAt0ZWYYf36J9KrShqKWKisePSlunm%2FMl3oYM71Mmaxaghw2nXi%2BK4iNvi4HwYITa%2FDIzj8QTF95sHsSof6%2BHRDaSyheOdQkGGbtWYhvlijb%2FGrOiT8WvP%2Bo"}],"group":"cf-nel","max_age":604800}', 'NEL': '{"success_fraction":0,"report_to":"cf-nel","max_age":604800}', 'Server': 'cloudflare', 'CF-RAY': '89bac2c45dc48710-ORD', 'alt-svc': 'h3=":443"; ma=86400'} 
 body={"results":[{"gender":"female","name":{"title":"Mrs","first":"Becky","last":"Nichols"},"location":{"street":{"number":8531,"name":"Park Road"},"city":"Tuam","state":"Galway City","country":"Ireland","postcode":21165,"coordinates":{"latitude":"3.1493","longitude":"160.3697"},"timezone":{"offset":"+2:00","description":"Kaliningrad, South Africa"}},"email":"becky.nichols@example.com","login":{"uuid":"2a78d9e5-16ac-4113-9855-5c3c865c334d","username":"goldenfrog788","password":"eraser","salt":"zOXhgnfF","md5":"b7980063d3f6df0ff41b7e7f8fccb009","sha1":"b09ecf192960b891d6f44e7074e19eb991795936","sha256":"415912b457878192cbc3598dccb6ccddd964648b41a847c04b3f93b1c5831aa8"},"dob":{"date":"1957-06-27T17:13:50.867Z","age":67},"registered":{"date":"2017-08-26T08:01:21.885Z","age":6},"phone":"031-372-2283","cell":"081-650-7112","id":{"name":"PPS","value":"7900229T"},"picture":{"large":"https://randomuser.me/api/portraits/women/49.jpg","medium":"https://randomuser.me/api/portraits/med/women/49.jpg","thumbnail":"https://randomuser.me/api/portraits/thumb/women/49.jpg"},"nat":"IE"}],"info":{"seed":"f404e3adcd3a8d03","results":1,"page":1,"version":"1.4"}} 
 </msg>
<msg time="2024-06-30T02:35:03.831905" level="INFO">/opt/hostedtoolcache/Python/3.12.4/x64/lib/python3.12/site-packages/urllib3/connectionpool.py:1099: InsecureRequestWarning: Unverified HTTPS request is being made to host 'randomuser.me'. Adding certificate verification is strongly advised. See: https://urllib3.readthedocs.io/en/latest/advanced-usage.html#tls-warnings
  warnings.warn(</msg>
<msg time="2024-06-30T02:35:03.832028" level="INFO">${response} = &lt;Response [200]&gt;</msg>
<var>${response}</var>
<arg>consultarAPI</arg>
<arg>/api</arg>
<doc>Sends a GET request on a previously created HTTP Session.</doc>
<status status="PASS" start="2024-06-30T02:35:03.730517" elapsed="0.101553"/>
</kw>
<kw name="Set Variable" owner="BuiltIn">
<msg time="2024-06-30T02:35:03.833152" level="INFO">${json_data} = {'results': [{'gender': 'female', 'name': {'title': 'Mrs', 'first': 'Becky', 'last': 'Nichols'}, 'location': {'street': {'number': 8531, 'name': 'Park Road'}, 'city': 'Tuam', 'state': 'Galway City', '...</msg>
<var>${json_data}</var>
<arg>${response.json()}</arg>
<doc>Returns the given values which can then be assigned to a variables.</doc>
<status status="PASS" start="2024-06-30T02:35:03.832622" elapsed="0.000560"/>
</kw>
<kw name="Log" owner="BuiltIn">
<msg time="2024-06-30T02:35:03.833778" level="INFO">{'results': [{'gender': 'female', 'name': {'title': 'Mrs', 'first': 'Becky', 'last': 'Nichols'}, 'location': {'street': {'number': 8531, 'name': 'Park Road'}, 'city': 'Tuam', 'state': 'Galway City', 'country': 'Ireland', 'postcode': 21165, 'coordinates': {'latitude': '3.1493', 'longitude': '160.3697'}, 'timezone': {'offset': '+2:00', 'description': 'Kaliningrad, South Africa'}}, 'email': 'becky.nichols@example.com', 'login': {'uuid': '2a78d9e5-16ac-4113-9855-5c3c865c334d', 'username': 'goldenfrog788', 'password': 'eraser', 'salt': 'zOXhgnfF', 'md5': 'b7980063d3f6df0ff41b7e7f8fccb009', 'sha1': 'b09ecf192960b891d6f44e7074e19eb991795936', 'sha256': '415912b457878192cbc3598dccb6ccddd964648b41a847c04b3f93b1c5831aa8'}, 'dob': {'date': '1957-06-27T17:13:50.867Z', 'age': 67}, 'registered': {'date': '2017-08-26T08:01:21.885Z', 'age': 6}, 'phone': '031-372-2283', 'cell': '081-650-7112', 'id': {'name': 'PPS', 'value': '7900229T'}, 'picture': {'large': 'https://randomuser.me/api/portraits/women/49.jpg', 'medium': 'https://randomuser.me/api/portraits/med/women/49.jpg', 'thumbnail': 'https://randomuser.me/api/portraits/thumb/women/49.jpg'}, 'nat': 'IE'}], 'info': {'seed': 'f404e3adcd3a8d03', 'results': 1, 'page': 1, 'version': '1.4'}}</msg>
<arg>${json_data}</arg>
<doc>Logs the given message with the given level.</doc>
<status status="PASS" start="2024-06-30T02:35:03.833595" elapsed="0.000232"/>
</kw>
<kw name="Should Be Equal As Numbers" owner="BuiltIn">
<arg>${json_data['results'][0]['location']['postcode']}</arg>
<arg>${json_data['results'][0]['location']['postcode']}</arg>
<doc>Fails if objects are unequal after converting them to real numbers.</doc>
<status status="PASS" start="2024-06-30T02:35:03.834148" elapsed="0.000673"/>
</kw>
<kw name="Log" owner="BuiltIn">
<msg time="2024-06-30T02:35:03.835577" level="INFO">21165</msg>
<arg>${json_data['results'][0]['location']['postcode']}</arg>
<doc>Logs the given message with the given level.</doc>
<status status="PASS" start="2024-06-30T02:35:03.835025" elapsed="0.000595"/>
</kw>
<status status="PASS" start="2024-06-30T02:35:03.730278" elapsed="0.105649"/>
</kw>
<doc>Testa se os tipos de dados na resposta da API estão corretos.</doc>
<tag>testeTiposDados</tag>
<status status="PASS" start="2024-06-30T02:35:03.642527" elapsed="0.193578"/>
</test>
<test id="s1-s1-t5" name="Validar conteudo" line="35">
<kw name="Teste de Tipos de Conteudo" owner="random-user-service">
<kw name="GET On Session" owner="RequestsLibrary">
<msg time="2024-06-30T02:35:03.923741" level="INFO">GET Request : url=https://randomuser.me/api 
 path_url=/api 
 headers={'User-Agent': 'python-requests/2.32.3', 'Accept-Encoding': 'gzip, deflate', 'Accept': '*/*', 'Connection': 'keep-alive'} 
 body=None 
 </msg>
<msg time="2024-06-30T02:35:03.923838" level="INFO">GET Response : url=https://randomuser.me/api 
 status=200, reason=OK 
 headers={'Date': 'Sun, 30 Jun 2024 02:35:03 GMT', 'Content-Type': 'application/json; charset=utf-8', 'Transfer-Encoding': 'chunked', 'Connection': 'keep-alive', 'X-Powered-By': 'Express', 'Access-Control-Allow-Origin': '*', 'Cache-Control': 'no-cache', 'ETag': 'W/"49c-VGhf1eHP9TP8YMGBK/vMoKhxHMk"', 'Vary': 'Accept-Encoding', 'Content-Encoding': 'gzip', 'CF-Cache-Status': 'DYNAMIC', 'Report-To': '{"endpoints":[{"url":"https:\\/\\/a.nel.cloudflare.com\\/report\\/v4?s=TKGYdYohZpEoOd1rnLYEAEKpWPdYJDXEK4B2bMtE5K1qzVyrpo3ks17eFdnfV%2B6pxaNdjoSjKeMRSxU5XSrBu0Oik44lujI6xyhgnz1U7xrxyQMy7BusCeVLpjGBODX7"}],"group":"cf-nel","max_age":604800}', 'NEL': '{"success_fraction":0,"report_to":"cf-nel","max_age":604800}', 'Server': 'cloudflare', 'CF-RAY': '89bac2c4fea38710-ORD', 'alt-svc': 'h3=":443"; ma=86400'} 
 body={"results":[{"gender":"female","name":{"title":"Ms","first":"Selma","last":"Rasmussen"},"location":{"street":{"number":9502,"name":"Grøndalsvej"},"city":"Nørre Sundby","state":"Danmark","country":"Denmark","postcode":20109,"coordinates":{"latitude":"-44.5656","longitude":"168.0758"},"timezone":{"offset":"0:00","description":"Western Europe Time, London, Lisbon, Casablanca"}},"email":"selma.rasmussen@example.com","login":{"uuid":"ded7f480-10ce-4697-a481-32e580bc7830","username":"bigduck241","password":"lights","salt":"bX4ALDks","md5":"5ac2bab0a481b761e5710b45be1c0e63","sha1":"bd550b725704d34cb9d0f7a4f3a6252cd02d0f6a","sha256":"accbeecd08b22f7d882fe1a4d8bc600ab08d8dd5f79749c517d70681dc6e4d73"},"dob":{"date":"1995-06-14T09:42:39.396Z","age":29},"registered":{"date":"2008-08-28T23:35:16.840Z","age":15},"phone":"06745107","cell":"78581147","id":{"name":"CPR","value":"140695-7153"},"picture":{"large":"https://randomuser.me/api/portraits/women/52.jpg","medium":"https://randomuser.me/api/portraits/med/women/52.jpg","thumbnail":"https://randomuser.me/api/portraits/thumb/women/52.jpg"},"nat":"DK"}],"info":{"seed":"7cb5e81837254006","results":1,"page":1,"version":"1.4"}} 
 </msg>
<msg time="2024-06-30T02:35:03.923911" level="INFO">/opt/hostedtoolcache/Python/3.12.4/x64/lib/python3.12/site-packages/urllib3/connectionpool.py:1099: InsecureRequestWarning: Unverified HTTPS request is being made to host 'randomuser.me'. Adding certificate verification is strongly advised. See: https://urllib3.readthedocs.io/en/latest/advanced-usage.html#tls-warnings
  warnings.warn(</msg>
<msg time="2024-06-30T02:35:03.924033" level="INFO">${response} = &lt;Response [200]&gt;</msg>
<var>${response}</var>
<arg>consultarAPI</arg>
<arg>/api</arg>
<doc>Sends a GET request on a previously created HTTP Session.</doc>
<status status="PASS" start="2024-06-30T02:35:03.838761" elapsed="0.085313"/>
</kw>
<kw name="Set Variable" owner="BuiltIn">
<msg time="2024-06-30T02:35:03.925265" level="INFO">${json_data} = {'results': [{'gender': 'female', 'name': {'title': 'Ms', 'first': 'Selma', 'last': 'Rasmussen'}, 'location': {'street': {'number': 9502, 'name': 'Grøndalsvej'}, 'city': 'Nørre Sundby', 'state': 'Danm...</msg>
<var>${json_data}</var>
<arg>${response.json()}</arg>
<doc>Returns the given values which can then be assigned to a variables.</doc>
<status status="PASS" start="2024-06-30T02:35:03.924694" elapsed="0.000601"/>
</kw>
<kw name="Set Variable" owner="BuiltIn">
<msg time="2024-06-30T02:35:03.926022" level="INFO">${name_title} = Ms</msg>
<var>${name_title}</var>
<arg>${json_data["results"][0]["name"]["title"]}</arg>
<doc>Returns the given values which can then be assigned to a variables.</doc>
<status status="PASS" start="2024-06-30T02:35:03.925640" elapsed="0.000408"/>
</kw>
<kw name="Create List" owner="BuiltIn">
<msg time="2024-06-30T02:35:03.926493" level="INFO">${allowed_titles} = ['Mr', 'Ms', 'Miss', 'Mrs', 'Madame', 'Monsieur']</msg>
<var>${allowed_titles}</var>
<arg>Mr</arg>
<arg>Ms</arg>
<arg>Miss</arg>
<arg>Mrs</arg>
<arg>Madame</arg>
<arg>Monsieur</arg>
<doc>Returns a list containing given items.</doc>
<status status="PASS" start="2024-06-30T02:35:03.926345" elapsed="0.000172"/>
</kw>
<kw name="List Should Contain Value" owner="Collections">
<arg>${allowed_titles}</arg>
<arg>${name_title}</arg>
<doc>Fails if the ``value`` is not found from ``list``.</doc>
<status status="PASS" start="2024-06-30T02:35:03.926816" elapsed="0.000179"/>
</kw>
<kw name="Set Variable" owner="BuiltIn">
<msg time="2024-06-30T02:35:03.927536" level="INFO">${name_country} = DK</msg>
<var>${name_country}</var>
<arg>${json_data["results"][0]["nat"]}</arg>
<doc>Returns the given values which can then be assigned to a variables.</doc>
<status status="PASS" start="2024-06-30T02:35:03.927174" elapsed="0.000387"/>
</kw>
<kw name="Create List" owner="BuiltIn">
<msg time="2024-06-30T02:35:03.928447" level="INFO">${list_country} = ['AD', 'AE', 'AF', 'AG', 'AI', 'AL', 'AM', 'AO', 'AQ', 'AR', 'AS', 'AT', 'AU', 'AW', 'AX', 'AZ', 'BA', 'BB', 'BD', 'BE', 'BF', 'BG', 'BH', 'BI', 'BJ', 'BL', 'BM', 'BN', 'BO', 'BQ', 'BR', 'BS', 'BT', '...</msg>
<var>${list_country}</var>
<arg>AD</arg>
<arg>AE</arg>
<arg>AF</arg>
<arg>AG</arg>
<arg>AI</arg>
<arg>AL</arg>
<arg>AM</arg>
<arg>AO</arg>
<arg>AQ</arg>
<arg>AR</arg>
<arg>AS</arg>
<arg>AT</arg>
<arg>AU</arg>
<arg>AW</arg>
<arg>AX</arg>
<arg>AZ</arg>
<arg>BA</arg>
<arg>BB</arg>
<arg>BD</arg>
<arg>BE</arg>
<arg>BF</arg>
<arg>BG</arg>
<arg>BH</arg>
<arg>BI</arg>
<arg>BJ</arg>
<arg>BL</arg>
<arg>BM</arg>
<arg>BN</arg>
<arg>BO</arg>
<arg>BQ</arg>
<arg>BR</arg>
<arg>BS</arg>
<arg>BT</arg>
<arg>BV</arg>
<arg>BW</arg>
<arg>BY</arg>
<arg>BZ</arg>
<arg>CA</arg>
<arg>CC</arg>
<arg>CD</arg>
<arg>CF</arg>
<arg>CG</arg>
<arg>CH</arg>
<arg>CI</arg>
<arg>CK</arg>
<arg>CL</arg>
<arg>CM</arg>
<arg>CN</arg>
<arg>CO</arg>
<arg>CR</arg>
<arg>CU</arg>
<arg>CV</arg>
<arg>CW</arg>
<arg>CX</arg>
<arg>CY</arg>
<arg>CZ</arg>
<arg>DE</arg>
<arg>DJ</arg>
<arg>DK</arg>
<arg>DM</arg>
<arg>DO</arg>
<arg>DZ</arg>
<arg>EC</arg>
<arg>EE</arg>
<arg>EG</arg>
<arg>EH</arg>
<arg>ER</arg>
<arg>ES</arg>
<arg>ET</arg>
<arg>FI</arg>
<arg>FJ</arg>
<arg>FK</arg>
<arg>FM</arg>
<arg>FO</arg>
<arg>FR</arg>
<arg>GA</arg>
<arg>GB</arg>
<arg>GD</arg>
<arg>GE</arg>
<arg>GF</arg>
<arg>GG</arg>
<arg>GH</arg>
<arg>GI</arg>
<arg>GL</arg>
<arg>GM</arg>
<arg>GN</arg>
<arg>GP</arg>
<arg>GQ</arg>
<arg>GR</arg>
<arg>GS</arg>
<arg>GT</arg>
<arg>GU</arg>
<arg>GW</arg>
<arg>GY</arg>
<arg>HK</arg>
<arg>HM</arg>
<arg>HN</arg>
<arg>HR</arg>
<arg>HT</arg>
<arg>HU</arg>
<arg>ID</arg>
<arg>IE</arg>
<arg>IL</arg>
<arg>IM</arg>
<arg>IN</arg>
<arg>IO</arg>
<arg>IQ</arg>
<arg>IR</arg>
<arg>IS</arg>
<arg>IT</arg>
<arg>JE</arg>
<arg>JM</arg>
<arg>JO</arg>
<arg>JP</arg>
<arg>KE</arg>
<arg>KG</arg>
<arg>KH</arg>
<arg>KI</arg>
<arg>KM</arg>
<arg>KN</arg>
<arg>KP</arg>
<arg>KR</arg>
<arg>KW</arg>
<arg>KY</arg>
<arg>KZ</arg>
<arg>LA</arg>
<arg>LB</arg>
<arg>LC</arg>
<arg>LI</arg>
<arg>LK</arg>
<arg>LR</arg>
<arg>LS</arg>
<arg>LT</arg>
<arg>LU</arg>
<arg>LV</arg>
<arg>LY</arg>
<arg>MA</arg>
<arg>MC</arg>
<arg>MD</arg>
<arg>ME</arg>
<arg>MF</arg>
<arg>MG</arg>
<arg>MH</arg>
<arg>MK</arg>
<arg>ML</arg>
<arg>MM</arg>
<arg>MN</arg>
<arg>MO</arg>
<arg>MP</arg>
<arg>MQ</arg>
<arg>MR</arg>
<arg>MS</arg>
<arg>MT</arg>
<arg>MU</arg>
<arg>MV</arg>
<arg>MW</arg>
<arg>MX</arg>
<arg>MY</arg>
<arg>MZ</arg>
<arg>NA</arg>
<arg>NC</arg>
<arg>NE</arg>
<arg>NF</arg>
<arg>NG</arg>
<arg>NI</arg>
<arg>NL</arg>
<arg>NO</arg>
<arg>NP</arg>
<arg>NR</arg>
<arg>NU</arg>
<arg>NZ</arg>
<arg>OM</arg>
<arg>PA</arg>
<arg>PE</arg>
<arg>PF</arg>
<arg>PG</arg>
<arg>PH</arg>
<arg>PK</arg>
<arg>PL</arg>
<arg>PM</arg>
<arg>PN</arg>
<arg>PR</arg>
<arg>PS</arg>
<arg>PT</arg>
<arg>PW</arg>
<arg>PY</arg>
<arg>QA</arg>
<arg>RE</arg>
<arg>RO</arg>
<arg>RS</arg>
<arg>RU</arg>
<arg>RW</arg>
<arg>SA</arg>
<arg>SB</arg>
<arg>SC</arg>
<arg>SD</arg>
<arg>SE</arg>
<arg>SG</arg>
<arg>SH</arg>
<arg>SI</arg>
<arg>SJ</arg>
<arg>SK</arg>
<arg>SL</arg>
<arg>SM</arg>
<arg>SN</arg>
<arg>SO</arg>
<arg>SR</arg>
<arg>SS</arg>
<arg>ST</arg>
<arg>SV</arg>
<arg>SX</arg>
<arg>SY</arg>
<arg>SZ</arg>
<arg>TC</arg>
<arg>TD</arg>
<arg>TF</arg>
<arg>TG</arg>
<arg>TH</arg>
<arg>TJ</arg>
<arg>TK</arg>
<arg>TL</arg>
<arg>TM</arg>
<arg>TN</arg>
<arg>TO</arg>
<arg>TR</arg>
<arg>TT</arg>
<arg>TV</arg>
<arg>TW</arg>
<arg>TZ</arg>
<arg>UA</arg>
<arg>UG</arg>
<arg>UM</arg>
<arg>US</arg>
<arg>UY</arg>
<arg>UZ</arg>
<arg>VA</arg>
<arg>VC</arg>
<arg>VE</arg>
<arg>VG</arg>
<arg>VI</arg>
<arg>VN</arg>
<arg>VU</arg>
<arg>WF</arg>
<arg>WS</arg>
<arg>XK</arg>
<arg>YE</arg>
<arg>YT</arg>
<arg>ZA</arg>
<arg>ZM</arg>
<arg>ZW</arg>
<doc>Returns a list containing given items.</doc>
<status status="PASS" start="2024-06-30T02:35:03.927845" elapsed="0.000628"/>
</kw>
<kw name="List Should Contain Value" owner="Collections">
<arg>${list_country}</arg>
<arg>${name_country}</arg>
<doc>Fails if the ``value`` is not found from ``list``.</doc>
<status status="PASS" start="2024-06-30T02:35:03.929266" elapsed="0.000201"/>
</kw>
<kw name="Run Keyword If" owner="BuiltIn">
<kw name="Should Be True" owner="BuiltIn">
<arg>${True}</arg>
<doc>Fails if the given condition is not true.</doc>
<status status="PASS" start="2024-06-30T02:35:03.930435" elapsed="0.000141"/>
</kw>
<arg>${json_data["results"][0]["location"]["coordinates"]["latitude"]} &gt;= -90 and ${json_data["results"][0]["location"]["coordinates"]["latitude"]} &lt;= 90</arg>
<arg>Should Be True</arg>
<arg>${True}</arg>
<doc>Runs the given keyword with the given arguments, if ``condition`` is true.</doc>
<status status="PASS" start="2024-06-30T02:35:03.929693" elapsed="0.001025"/>
</kw>
<kw name="Run Keyword If" owner="BuiltIn">
<kw name="Should Be True" owner="BuiltIn">
<arg>${True}</arg>
<doc>Fails if the given condition is not true.</doc>
<status status="PASS" start="2024-06-30T02:35:03.931583" elapsed="0.000239"/>
</kw>
<arg>${json_data["results"][0]["location"]["coordinates"]["longitude"]} &gt;= -180 and ${json_data["results"][0]["location"]["coordinates"]["longitude"]} &lt;= 180</arg>
<arg>Should Be True</arg>
<arg>${True}</arg>
<doc>Runs the given keyword with the given arguments, if ``condition`` is true.</doc>
<status status="PASS" start="2024-06-30T02:35:03.930897" elapsed="0.001052"/>
</kw>
<status status="PASS" start="2024-06-30T02:35:03.838515" elapsed="0.093566"/>
</kw>
<doc>Testa o conteúdo específico dos campos retornados pela API.</doc>
<tag>testeConteudo</tag>
<status status="PASS" start="2024-06-30T02:35:03.837925" elapsed="0.094307"/>
</test>
<status status="PASS" start="2024-06-30T02:35:03.064771" elapsed="0.869485"/>
</suite>
<status status="PASS" start="2024-06-30T02:35:03.050305" elapsed="0.888943"/>
</suite>
<statistics>
<total>
<stat pass="5" fail="0" skip="0">All Tests</stat>
</total>
<tag>
<stat pass="1" fail="0" skip="0">testeConteudo</stat>
<stat pass="1" fail="0" skip="0">testeEstruturaResposta</stat>
<stat pass="1" fail="0" skip="0">testeRequisicaoBasica</stat>
<stat pass="1" fail="0" skip="0">testeTiposDados</stat>
</tag>
<suite>
<stat pass="5" fail="0" skip="0" id="s1" name="Tests">Tests</stat>
<stat pass="5" fail="0" skip="0" id="s1-s1" name="Random-User-Test">Tests.Random-User-Test</stat>
</suite>
</statistics>
<errors>
</errors>
</robot>
