<?xml version="1.0" encoding="UTF-8"?>
<robot generator="Robot 7.0 (Python 3.12.3 on linux)" generated="2024-05-16T11:02:35.372321" rpa="false" schemaversion="5">
<suite id="s1" name="Tests" source="/home/runner/work/DesafioQAItauRogerioJordao/DesafioQAItauRogerioJordao/RamdonUser/tests">
<suite id="s1-s1" name="Random-User-Test" source="/home/runner/work/DesafioQAItauRogerioJordao/DesafioQAItauRogerioJordao/RamdonUser/tests/random-user-test.robot">
<test id="s1-s1-t1" name="Conectar" line="13">
<kw name="Conectar API" owner="random-user-service">
<kw name="Create Session" owner="RequestsLibrary">
<msg time="2024-05-16T11:02:35.748091" level="INFO">Creating Session using : alias=consultarAPI, url=https://randomuser.me/, headers={},                     cookies={}, auth=None, timeout=None, proxies=None, verify=False,                     debug=0 </msg>
<arg>consultarAPI</arg>
<arg>${URL}</arg>
<doc>Create Session: create a HTTP session to a server</doc>
<status status="PASS" start="2024-05-16T11:02:35.747887" elapsed="0.000388"/>
</kw>
<status status="PASS" start="2024-05-16T11:02:35.746878" elapsed="0.001764"/>
</kw>
<status status="PASS" start="2024-05-16T11:02:35.746299" elapsed="0.002541"/>
</test>
<test id="s1-s1-t2" name="Validar retorno 200 e JSON Válido" line="16">
<kw name="Teste de Requisicao Basica" owner="random-user-service">
<kw name="GET On Session" owner="RequestsLibrary">
<msg time="2024-05-16T11:02:35.845741" level="INFO">GET Request : url=https://randomuser.me/api 
 path_url=/api 
 headers={'User-Agent': 'python-requests/2.31.0', 'Accept-Encoding': 'gzip, deflate', 'Accept': '*/*', 'Connection': 'keep-alive'} 
 body=None 
 </msg>
<msg time="2024-05-16T11:02:35.845913" level="INFO">GET Response : url=https://randomuser.me/api 
 status=200, reason=OK 
 headers={'Date': 'Thu, 16 May 2024 11:02:35 GMT', 'Content-Type': 'application/json; charset=utf-8', 'Transfer-Encoding': 'chunked', 'Connection': 'keep-alive', 'X-Powered-By': 'Express', 'Access-Control-Allow-Origin': '*', 'Cache-Control': 'no-cache', 'ETag': 'W/"49e-WtrQzwMJrySc+QkW0cIbaIFCTnw"', 'Vary': 'Accept-Encoding', 'Content-Encoding': 'gzip', 'CF-Cache-Status': 'DYNAMIC', 'Report-To': '{"endpoints":[{"url":"https:\\/\\/a.nel.cloudflare.com\\/report\\/v4?s=oV3L6bIhLTnyInwOK2dhbqSc75PxEFEWs%2BOEPWOh2kttSqC9O%2FvzOF3jB8R8C0XyS4S1vNOf3xsHaiN9K%2FL8gA8ofpS%2Br89EMGcPot4SSquvpqA9HlDCF3Rztb8Ov33O"}],"group":"cf-nel","max_age":604800}', 'NEL': '{"success_fraction":0,"report_to":"cf-nel","max_age":604800}', 'Server': 'cloudflare', 'CF-RAY': '884ae059af401050-ORD', 'alt-svc': 'h3=":443"; ma=86400'} 
 body={"results":[{"gender":"female","name":{"title":"Ms","first":"Anastasia","last":"Stamnes"},"location":{"street":{"number":7732,"name":"Gurinestubben"},"city":"Horten","state":"Troms - Romsa","country":"Norway","postcode":"8640","coordinates":{"latitude":"44.2978","longitude":"49.6043"},"timezone":{"offset":"-4:00","description":"Atlantic Time (Canada), Caracas, La Paz"}},"email":"anastasia.stamnes@example.com","login":{"uuid":"1cc4c44d-c5ee-42d7-95f0-3787b2933932","username":"angryelephant527","password":"wapapapa","salt":"v63iYDvt","md5":"52c4d4c20b4dd35a2f459f8c87758cc8","sha1":"ce7d56ceb48cc944103b8870c0c075e67e89a7a5","sha256":"c7984f5b7918220a7df6cb51cfefa566c9dd26b4e890f952fb3448653166580f"},"dob":{"date":"1975-04-15T22:51:25.068Z","age":49},"registered":{"date":"2011-07-15T15:20:05.780Z","age":12},"phone":"25215210","cell":"49742800","id":{"name":"FN","value":"15047526067"},"picture":{"large":"https://randomuser.me/api/portraits/women/71.jpg","medium":"https://randomuser.me/api/portraits/med/women/71.jpg","thumbnail":"https://randomuser.me/api/portraits/thumb/women/71.jpg"},"nat":"NO"}],"info":{"seed":"4a1694614be73919","results":1,"page":1,"version":"1.4"}} 
 </msg>
<msg time="2024-05-16T11:02:35.846005" level="INFO">/opt/hostedtoolcache/Python/3.12.3/x64/lib/python3.12/site-packages/urllib3/connectionpool.py:1103: InsecureRequestWarning: Unverified HTTPS request is being made to host 'randomuser.me'. Adding certificate verification is strongly advised. See: https://urllib3.readthedocs.io/en/latest/advanced-usage.html#tls-warnings
  warnings.warn(</msg>
<msg time="2024-05-16T11:02:35.846159" level="INFO">${response} = &lt;Response [200]&gt;</msg>
<var>${response}</var>
<arg>consultarAPI</arg>
<arg>/api</arg>
<doc>Sends a GET request on a previously created HTTP Session.</doc>
<status status="PASS" start="2024-05-16T11:02:35.751552" elapsed="0.094667"/>
</kw>
<kw name="Should Be Equal As Numbers" owner="BuiltIn">
<msg time="2024-05-16T11:02:35.847221" level="INFO">Argument types are:
&lt;class 'int'&gt;
&lt;class 'str'&gt;</msg>
<arg>${response.status_code}</arg>
<arg>200</arg>
<doc>Fails if objects are unequal after converting them to real numbers.</doc>
<status status="PASS" start="2024-05-16T11:02:35.846756" elapsed="0.000532"/>
</kw>
<kw name="Log" owner="BuiltIn">
<msg time="2024-05-16T11:02:35.847978" level="INFO">200</msg>
<arg>${response.status_code}</arg>
<doc>Logs the given message with the given level.</doc>
<status status="PASS" start="2024-05-16T11:02:35.847627" elapsed="0.000395"/>
</kw>
<kw name="Set Variable" owner="BuiltIn">
<msg time="2024-05-16T11:02:35.848762" level="INFO">${json_data} = {'results': [{'gender': 'female', 'name': {'title': 'Ms', 'first': 'Anastasia', 'last': 'Stamnes'}, 'location': {'street': {'number': 7732, 'name': 'Gurinestubben'}, 'city': 'Horten', 'state': 'Troms ...</msg>
<var>${json_data}</var>
<arg>${response.json()}</arg>
<doc>Returns the given values which can then be assigned to a variables.</doc>
<status status="PASS" start="2024-05-16T11:02:35.848329" elapsed="0.000462"/>
</kw>
<kw name="Dictionary Should Contain Key" owner="Collections">
<msg time="2024-05-16T11:02:35.849264" level="INFO">False</msg>
<arg>${json_data}</arg>
<arg>results</arg>
<doc>Fails if ``key`` is not found from ``dictionary``.</doc>
<status status="PASS" start="2024-05-16T11:02:35.849095" elapsed="0.000209"/>
</kw>
<status status="PASS" start="2024-05-16T11:02:35.751306" elapsed="0.098258"/>
</kw>
<doc>Testa se a API responde corretamente e retorna um objeto JSON válido.</doc>
<tag>testeRequisicaoBasica</tag>
<status status="PASS" start="2024-05-16T11:02:35.750834" elapsed="0.098919"/>
</test>
<test id="s1-s1-t3" name="Validar estrutura de resposta" line="22">
<kw name="Teste de Estrutura de Resposta" owner="random-user-service">
<kw name="GET On Session" owner="RequestsLibrary">
<msg time="2024-05-16T11:02:35.989407" level="INFO">GET Request : url=https://randomuser.me/api 
 path_url=/api 
 headers={'User-Agent': 'python-requests/2.31.0', 'Accept-Encoding': 'gzip, deflate', 'Accept': '*/*', 'Connection': 'keep-alive'} 
 body=None 
 </msg>
<msg time="2024-05-16T11:02:35.989493" level="INFO">GET Response : url=https://randomuser.me/api 
 status=200, reason=OK 
 headers={'Date': 'Thu, 16 May 2024 11:02:35 GMT', 'Content-Type': 'application/json; charset=utf-8', 'Transfer-Encoding': 'chunked', 'Connection': 'keep-alive', 'X-Powered-By': 'Express', 'Access-Control-Allow-Origin': '*', 'Cache-Control': 'no-cache', 'ETag': 'W/"466-2o+pS4EZ1xU4S4pWQ1hKSNsdkPE"', 'Vary': 'Accept-Encoding', 'Content-Encoding': 'gzip', 'CF-Cache-Status': 'DYNAMIC', 'Report-To': '{"endpoints":[{"url":"https:\\/\\/a.nel.cloudflare.com\\/report\\/v4?s=sObKn8XT63ii5tKO0lWL2Bm6y2wK00TK1MRIp0S5wEziyd0lmmXChXBNhAGRwomn1feUNLlUdC39IOa3G6bErQL3rwilewURVouiZ9zeXnCq1eYTzYlxGpxSoAQn3mB2"}],"group":"cf-nel","max_age":604800}', 'NEL': '{"success_fraction":0,"report_to":"cf-nel","max_age":604800}', 'Server': 'cloudflare', 'CF-RAY': '884ae05a1fbc1050-ORD', 'alt-svc': 'h3=":443"; ma=86400'} 
 body={"results":[{"gender":"male","name":{"title":"Mr","first":"Albert","last":"Bell"},"location":{"street":{"number":9596,"name":"Novara Avenue"},"city":"Bandon","state":"Wexford","country":"Ireland","postcode":41918,"coordinates":{"latitude":"-1.3748","longitude":"-163.7946"},"timezone":{"offset":"+5:45","description":"Kathmandu"}},"email":"albert.bell@example.com","login":{"uuid":"00cf81f5-b8dd-4ba5-a02b-b3619ba63f7e","username":"blackpeacock754","password":"1945","salt":"RIZ2TPxx","md5":"28f835e4f1d205986d1bd60ea8c942d0","sha1":"6c52e1623a5e08eee1c0fbb7b4853a488720b579","sha256":"888aad490107b8c9ae0f9ef24b6fa6631ad9cc7a02642d6863c2c884dd2fb12d"},"dob":{"date":"1955-05-26T11:20:02.012Z","age":68},"registered":{"date":"2010-09-13T10:27:22.885Z","age":13},"phone":"051-764-2948","cell":"081-421-6462","id":{"name":"PPS","value":"7225148T"},"picture":{"large":"https://randomuser.me/api/portraits/men/8.jpg","medium":"https://randomuser.me/api/portraits/med/men/8.jpg","thumbnail":"https://randomuser.me/api/portraits/thumb/men/8.jpg"},"nat":"IE"}],"info":{"seed":"0ed775b1c206c9bb","results":1,"page":1,"version":"1.4"}} 
 </msg>
<msg time="2024-05-16T11:02:35.989608" level="INFO">/opt/hostedtoolcache/Python/3.12.3/x64/lib/python3.12/site-packages/urllib3/connectionpool.py:1103: InsecureRequestWarning: Unverified HTTPS request is being made to host 'randomuser.me'. Adding certificate verification is strongly advised. See: https://urllib3.readthedocs.io/en/latest/advanced-usage.html#tls-warnings
  warnings.warn(</msg>
<msg time="2024-05-16T11:02:35.989720" level="INFO">${response} = &lt;Response [200]&gt;</msg>
<var>${response}</var>
<arg>consultarAPI</arg>
<arg>/api</arg>
<doc>Sends a GET request on a previously created HTTP Session.</doc>
<status status="PASS" start="2024-05-16T11:02:35.852412" elapsed="0.137351"/>
</kw>
<kw name="Set Variable" owner="BuiltIn">
<msg time="2024-05-16T11:02:35.990754" level="INFO">${json_data} = {'results': [{'gender': 'male', 'name': {'title': 'Mr', 'first': 'Albert', 'last': 'Bell'}, 'location': {'street': {'number': 9596, 'name': 'Novara Avenue'}, 'city': 'Bandon', 'state': 'Wexford', 'cou...</msg>
<var>${json_data}</var>
<arg>${response.json()}</arg>
<doc>Returns the given values which can then be assigned to a variables.</doc>
<status status="PASS" start="2024-05-16T11:02:35.990252" elapsed="0.000531"/>
</kw>
<kw name="Log" owner="BuiltIn">
<msg time="2024-05-16T11:02:35.991249" level="INFO">{'results': [{'gender': 'male', 'name': {'title': 'Mr', 'first': 'Albert', 'last': 'Bell'}, 'location': {'street': {'number': 9596, 'name': 'Novara Avenue'}, 'city': 'Bandon', 'state': 'Wexford', 'country': 'Ireland', 'postcode': 41918, 'coordinates': {'latitude': '-1.3748', 'longitude': '-163.7946'}, 'timezone': {'offset': '+5:45', 'description': 'Kathmandu'}}, 'email': 'albert.bell@example.com', 'login': {'uuid': '00cf81f5-b8dd-4ba5-a02b-b3619ba63f7e', 'username': 'blackpeacock754', 'password': '1945', 'salt': 'RIZ2TPxx', 'md5': '28f835e4f1d205986d1bd60ea8c942d0', 'sha1': '6c52e1623a5e08eee1c0fbb7b4853a488720b579', 'sha256': '888aad490107b8c9ae0f9ef24b6fa6631ad9cc7a02642d6863c2c884dd2fb12d'}, 'dob': {'date': '1955-05-26T11:20:02.012Z', 'age': 68}, 'registered': {'date': '2010-09-13T10:27:22.885Z', 'age': 13}, 'phone': '051-764-2948', 'cell': '081-421-6462', 'id': {'name': 'PPS', 'value': '7225148T'}, 'picture': {'large': 'https://randomuser.me/api/portraits/men/8.jpg', 'medium': 'https://randomuser.me/api/portraits/med/men/8.jpg', 'thumbnail': 'https://randomuser.me/api/portraits/thumb/men/8.jpg'}, 'nat': 'IE'}], 'info': {'seed': '0ed775b1c206c9bb', 'results': 1, 'page': 1, 'version': '1.4'}}</msg>
<arg>${json_data}</arg>
<doc>Logs the given message with the given level.</doc>
<status status="PASS" start="2024-05-16T11:02:35.991091" elapsed="0.000205"/>
</kw>
<kw name="Dictionary Should Contain Key" owner="Collections">
<msg time="2024-05-16T11:02:35.991749" level="INFO">False</msg>
<arg>${json_data}</arg>
<arg>results</arg>
<doc>Fails if ``key`` is not found from ``dictionary``.</doc>
<status status="PASS" start="2024-05-16T11:02:35.991588" elapsed="0.000198"/>
</kw>
<kw name="Should Not Be Empty" owner="BuiltIn">
<msg time="2024-05-16T11:02:35.992211" level="INFO">Length is 2.</msg>
<arg>${json_data}</arg>
<doc>Verifies that the given item is not empty.</doc>
<status status="PASS" start="2024-05-16T11:02:35.992076" elapsed="0.000335"/>
</kw>
<kw name="Create List" owner="BuiltIn">
<msg time="2024-05-16T11:02:35.992863" level="INFO">${expected_keys} = ['gender', 'name', 'location', 'email', 'login']</msg>
<var>${expected_keys}</var>
<arg>gender</arg>
<arg>name</arg>
<arg>location</arg>
<arg>email</arg>
<arg>login</arg>
<doc>Returns a list containing given items.</doc>
<status status="PASS" start="2024-05-16T11:02:35.992708" elapsed="0.000180"/>
</kw>
<for flavor="IN">
<iter>
<kw name="Dictionary Should Contain Key" owner="Collections">
<msg time="2024-05-16T11:02:35.993879" level="INFO">False</msg>
<arg>${json_data['results'][0]}</arg>
<arg>${key}</arg>
<doc>Fails if ``key`` is not found from ``dictionary``.</doc>
<status status="PASS" start="2024-05-16T11:02:35.993467" elapsed="0.000452"/>
</kw>
<kw name="Log" owner="BuiltIn">
<msg time="2024-05-16T11:02:35.994605" level="INFO">{'gender': 'male', 'name': {'title': 'Mr', 'first': 'Albert', 'last': 'Bell'}, 'location': {'street': {'number': 9596, 'name': 'Novara Avenue'}, 'city': 'Bandon', 'state': 'Wexford', 'country': 'Ireland', 'postcode': 41918, 'coordinates': {'latitude': '-1.3748', 'longitude': '-163.7946'}, 'timezone': {'offset': '+5:45', 'description': 'Kathmandu'}}, 'email': 'albert.bell@example.com', 'login': {'uuid': '00cf81f5-b8dd-4ba5-a02b-b3619ba63f7e', 'username': 'blackpeacock754', 'password': '1945', 'salt': 'RIZ2TPxx', 'md5': '28f835e4f1d205986d1bd60ea8c942d0', 'sha1': '6c52e1623a5e08eee1c0fbb7b4853a488720b579', 'sha256': '888aad490107b8c9ae0f9ef24b6fa6631ad9cc7a02642d6863c2c884dd2fb12d'}, 'dob': {'date': '1955-05-26T11:20:02.012Z', 'age': 68}, 'registered': {'date': '2010-09-13T10:27:22.885Z', 'age': 13}, 'phone': '051-764-2948', 'cell': '081-421-6462', 'id': {'name': 'PPS', 'value': '7225148T'}, 'picture': {'large': 'https://randomuser.me/api/portraits/men/8.jpg', 'medium': 'https://randomuser.me/api/portraits/med/men/8.jpg', 'thumbnail': 'https://randomuser.me/api/portraits/thumb/men/8.jpg'}, 'nat': 'IE'}</msg>
<arg>${json_data['results'][0]}</arg>
<doc>Logs the given message with the given level.</doc>
<status status="PASS" start="2024-05-16T11:02:35.994237" elapsed="0.000417"/>
</kw>
<kw name="Log" owner="BuiltIn">
<msg time="2024-05-16T11:02:35.995084" level="INFO">gender</msg>
<arg>${key}</arg>
<doc>Logs the given message with the given level.</doc>
<status status="PASS" start="2024-05-16T11:02:35.994956" elapsed="0.000167"/>
</kw>
<var name="${key}">gender</var>
<status status="PASS" start="2024-05-16T11:02:35.993340" elapsed="0.002000"/>
</iter>
<iter>
<kw name="Dictionary Should Contain Key" owner="Collections">
<msg time="2024-05-16T11:02:35.996026" level="INFO">False</msg>
<arg>${json_data['results'][0]}</arg>
<arg>${key}</arg>
<doc>Fails if ``key`` is not found from ``dictionary``.</doc>
<status status="PASS" start="2024-05-16T11:02:35.995644" elapsed="0.000419"/>
</kw>
<kw name="Log" owner="BuiltIn">
<msg time="2024-05-16T11:02:35.996755" level="INFO">{'gender': 'male', 'name': {'title': 'Mr', 'first': 'Albert', 'last': 'Bell'}, 'location': {'street': {'number': 9596, 'name': 'Novara Avenue'}, 'city': 'Bandon', 'state': 'Wexford', 'country': 'Ireland', 'postcode': 41918, 'coordinates': {'latitude': '-1.3748', 'longitude': '-163.7946'}, 'timezone': {'offset': '+5:45', 'description': 'Kathmandu'}}, 'email': 'albert.bell@example.com', 'login': {'uuid': '00cf81f5-b8dd-4ba5-a02b-b3619ba63f7e', 'username': 'blackpeacock754', 'password': '1945', 'salt': 'RIZ2TPxx', 'md5': '28f835e4f1d205986d1bd60ea8c942d0', 'sha1': '6c52e1623a5e08eee1c0fbb7b4853a488720b579', 'sha256': '888aad490107b8c9ae0f9ef24b6fa6631ad9cc7a02642d6863c2c884dd2fb12d'}, 'dob': {'date': '1955-05-26T11:20:02.012Z', 'age': 68}, 'registered': {'date': '2010-09-13T10:27:22.885Z', 'age': 13}, 'phone': '051-764-2948', 'cell': '081-421-6462', 'id': {'name': 'PPS', 'value': '7225148T'}, 'picture': {'large': 'https://randomuser.me/api/portraits/men/8.jpg', 'medium': 'https://randomuser.me/api/portraits/med/men/8.jpg', 'thumbnail': 'https://randomuser.me/api/portraits/thumb/men/8.jpg'}, 'nat': 'IE'}</msg>
<arg>${json_data['results'][0]}</arg>
<doc>Logs the given message with the given level.</doc>
<status status="PASS" start="2024-05-16T11:02:35.996359" elapsed="0.000446"/>
</kw>
<kw name="Log" owner="BuiltIn">
<msg time="2024-05-16T11:02:35.997231" level="INFO">name</msg>
<arg>${key}</arg>
<doc>Logs the given message with the given level.</doc>
<status status="PASS" start="2024-05-16T11:02:35.997104" elapsed="0.000165"/>
</kw>
<var name="${key}">name</var>
<status status="PASS" start="2024-05-16T11:02:35.995528" elapsed="0.001956"/>
</iter>
<iter>
<kw name="Dictionary Should Contain Key" owner="Collections">
<msg time="2024-05-16T11:02:35.998153" level="INFO">False</msg>
<arg>${json_data['results'][0]}</arg>
<arg>${key}</arg>
<doc>Fails if ``key`` is not found from ``dictionary``.</doc>
<status status="PASS" start="2024-05-16T11:02:35.997776" elapsed="0.000437"/>
</kw>
<kw name="Log" owner="BuiltIn">
<msg time="2024-05-16T11:02:35.998892" level="INFO">{'gender': 'male', 'name': {'title': 'Mr', 'first': 'Albert', 'last': 'Bell'}, 'location': {'street': {'number': 9596, 'name': 'Novara Avenue'}, 'city': 'Bandon', 'state': 'Wexford', 'country': 'Ireland', 'postcode': 41918, 'coordinates': {'latitude': '-1.3748', 'longitude': '-163.7946'}, 'timezone': {'offset': '+5:45', 'description': 'Kathmandu'}}, 'email': 'albert.bell@example.com', 'login': {'uuid': '00cf81f5-b8dd-4ba5-a02b-b3619ba63f7e', 'username': 'blackpeacock754', 'password': '1945', 'salt': 'RIZ2TPxx', 'md5': '28f835e4f1d205986d1bd60ea8c942d0', 'sha1': '6c52e1623a5e08eee1c0fbb7b4853a488720b579', 'sha256': '888aad490107b8c9ae0f9ef24b6fa6631ad9cc7a02642d6863c2c884dd2fb12d'}, 'dob': {'date': '1955-05-26T11:20:02.012Z', 'age': 68}, 'registered': {'date': '2010-09-13T10:27:22.885Z', 'age': 13}, 'phone': '051-764-2948', 'cell': '081-421-6462', 'id': {'name': 'PPS', 'value': '7225148T'}, 'picture': {'large': 'https://randomuser.me/api/portraits/men/8.jpg', 'medium': 'https://randomuser.me/api/portraits/med/men/8.jpg', 'thumbnail': 'https://randomuser.me/api/portraits/thumb/men/8.jpg'}, 'nat': 'IE'}</msg>
<arg>${json_data['results'][0]}</arg>
<doc>Logs the given message with the given level.</doc>
<status status="PASS" start="2024-05-16T11:02:35.998538" elapsed="0.000402"/>
</kw>
<kw name="Log" owner="BuiltIn">
<msg time="2024-05-16T11:02:35.999357" level="INFO">location</msg>
<arg>${key}</arg>
<doc>Logs the given message with the given level.</doc>
<status status="PASS" start="2024-05-16T11:02:35.999232" elapsed="0.000161"/>
</kw>
<var name="${key}">location</var>
<status status="PASS" start="2024-05-16T11:02:35.997664" elapsed="0.001944"/>
</iter>
<iter>
<kw name="Dictionary Should Contain Key" owner="Collections">
<msg time="2024-05-16T11:02:36.000273" level="INFO">False</msg>
<arg>${json_data['results'][0]}</arg>
<arg>${key}</arg>
<doc>Fails if ``key`` is not found from ``dictionary``.</doc>
<status status="PASS" start="2024-05-16T11:02:35.999892" elapsed="0.000418"/>
</kw>
<kw name="Log" owner="BuiltIn">
<msg time="2024-05-16T11:02:36.000957" level="INFO">{'gender': 'male', 'name': {'title': 'Mr', 'first': 'Albert', 'last': 'Bell'}, 'location': {'street': {'number': 9596, 'name': 'Novara Avenue'}, 'city': 'Bandon', 'state': 'Wexford', 'country': 'Ireland', 'postcode': 41918, 'coordinates': {'latitude': '-1.3748', 'longitude': '-163.7946'}, 'timezone': {'offset': '+5:45', 'description': 'Kathmandu'}}, 'email': 'albert.bell@example.com', 'login': {'uuid': '00cf81f5-b8dd-4ba5-a02b-b3619ba63f7e', 'username': 'blackpeacock754', 'password': '1945', 'salt': 'RIZ2TPxx', 'md5': '28f835e4f1d205986d1bd60ea8c942d0', 'sha1': '6c52e1623a5e08eee1c0fbb7b4853a488720b579', 'sha256': '888aad490107b8c9ae0f9ef24b6fa6631ad9cc7a02642d6863c2c884dd2fb12d'}, 'dob': {'date': '1955-05-26T11:20:02.012Z', 'age': 68}, 'registered': {'date': '2010-09-13T10:27:22.885Z', 'age': 13}, 'phone': '051-764-2948', 'cell': '081-421-6462', 'id': {'name': 'PPS', 'value': '7225148T'}, 'picture': {'large': 'https://randomuser.me/api/portraits/men/8.jpg', 'medium': 'https://randomuser.me/api/portraits/med/men/8.jpg', 'thumbnail': 'https://randomuser.me/api/portraits/thumb/men/8.jpg'}, 'nat': 'IE'}</msg>
<arg>${json_data['results'][0]}</arg>
<doc>Logs the given message with the given level.</doc>
<status status="PASS" start="2024-05-16T11:02:36.000606" elapsed="0.000399"/>
</kw>
<kw name="Log" owner="BuiltIn">
<msg time="2024-05-16T11:02:36.001428" level="INFO">email</msg>
<arg>${key}</arg>
<doc>Logs the given message with the given level.</doc>
<status status="PASS" start="2024-05-16T11:02:36.001300" elapsed="0.000166"/>
</kw>
<var name="${key}">email</var>
<status status="PASS" start="2024-05-16T11:02:35.999781" elapsed="0.001939"/>
</iter>
<iter>
<kw name="Dictionary Should Contain Key" owner="Collections">
<msg time="2024-05-16T11:02:36.002453" level="INFO">False</msg>
<arg>${json_data['results'][0]}</arg>
<arg>${key}</arg>
<doc>Fails if ``key`` is not found from ``dictionary``.</doc>
<status status="PASS" start="2024-05-16T11:02:36.002039" elapsed="0.000452"/>
</kw>
<kw name="Log" owner="BuiltIn">
<msg time="2024-05-16T11:02:36.003153" level="INFO">{'gender': 'male', 'name': {'title': 'Mr', 'first': 'Albert', 'last': 'Bell'}, 'location': {'street': {'number': 9596, 'name': 'Novara Avenue'}, 'city': 'Bandon', 'state': 'Wexford', 'country': 'Ireland', 'postcode': 41918, 'coordinates': {'latitude': '-1.3748', 'longitude': '-163.7946'}, 'timezone': {'offset': '+5:45', 'description': 'Kathmandu'}}, 'email': 'albert.bell@example.com', 'login': {'uuid': '00cf81f5-b8dd-4ba5-a02b-b3619ba63f7e', 'username': 'blackpeacock754', 'password': '1945', 'salt': 'RIZ2TPxx', 'md5': '28f835e4f1d205986d1bd60ea8c942d0', 'sha1': '6c52e1623a5e08eee1c0fbb7b4853a488720b579', 'sha256': '888aad490107b8c9ae0f9ef24b6fa6631ad9cc7a02642d6863c2c884dd2fb12d'}, 'dob': {'date': '1955-05-26T11:20:02.012Z', 'age': 68}, 'registered': {'date': '2010-09-13T10:27:22.885Z', 'age': 13}, 'phone': '051-764-2948', 'cell': '081-421-6462', 'id': {'name': 'PPS', 'value': '7225148T'}, 'picture': {'large': 'https://randomuser.me/api/portraits/men/8.jpg', 'medium': 'https://randomuser.me/api/portraits/med/men/8.jpg', 'thumbnail': 'https://randomuser.me/api/portraits/thumb/men/8.jpg'}, 'nat': 'IE'}</msg>
<arg>${json_data['results'][0]}</arg>
<doc>Logs the given message with the given level.</doc>
<status status="PASS" start="2024-05-16T11:02:36.002791" elapsed="0.000410"/>
</kw>
<kw name="Log" owner="BuiltIn">
<msg time="2024-05-16T11:02:36.003629" level="INFO">login</msg>
<arg>${key}</arg>
<doc>Logs the given message with the given level.</doc>
<status status="PASS" start="2024-05-16T11:02:36.003502" elapsed="0.000165"/>
</kw>
<var name="${key}">login</var>
<status status="PASS" start="2024-05-16T11:02:36.001923" elapsed="0.001969"/>
</iter>
<var>${key}</var>
<value>@{expected_keys}</value>
<status status="PASS" start="2024-05-16T11:02:35.993148" elapsed="0.010864"/>
</for>
<kw name="Create List" owner="BuiltIn">
<msg time="2024-05-16T11:02:36.004369" level="INFO">${expected_keysTwo} = ['username', 'password']</msg>
<var>${expected_keysTwo}</var>
<arg>username</arg>
<arg>password</arg>
<doc>Returns a list containing given items.</doc>
<status status="PASS" start="2024-05-16T11:02:36.004203" elapsed="0.000190"/>
</kw>
<for flavor="IN">
<iter>
<kw name="Dictionary Should Contain Key" owner="Collections">
<msg time="2024-05-16T11:02:36.005271" level="INFO">False</msg>
<arg>${json_data['results'][0]['login']}</arg>
<arg>${keyTwo}</arg>
<doc>Fails if ``key`` is not found from ``dictionary``.</doc>
<status status="PASS" start="2024-05-16T11:02:36.004891" elapsed="0.000417"/>
</kw>
<kw name="Dictionary Should Contain Key" owner="Collections">
<msg time="2024-05-16T11:02:36.005983" level="INFO">False</msg>
<arg>${json_data['results'][0]['login']}</arg>
<arg>${keyTwo}</arg>
<doc>Fails if ``key`` is not found from ``dictionary``.</doc>
<status status="PASS" start="2024-05-16T11:02:36.005603" elapsed="0.000417"/>
</kw>
<kw name="Log" owner="BuiltIn">
<msg time="2024-05-16T11:02:36.006481" level="INFO">username</msg>
<arg>${keyTwo}</arg>
<doc>Logs the given message with the given level.</doc>
<status status="PASS" start="2024-05-16T11:02:36.006342" elapsed="0.000183"/>
</kw>
<var name="${keyTwo}">username</var>
<status status="PASS" start="2024-05-16T11:02:36.004780" elapsed="0.001961"/>
</iter>
<iter>
<kw name="Dictionary Should Contain Key" owner="Collections">
<msg time="2024-05-16T11:02:36.007486" level="INFO">False</msg>
<arg>${json_data['results'][0]['login']}</arg>
<arg>${keyTwo}</arg>
<doc>Fails if ``key`` is not found from ``dictionary``.</doc>
<status status="PASS" start="2024-05-16T11:02:36.007023" elapsed="0.000503"/>
</kw>
<kw name="Dictionary Should Contain Key" owner="Collections">
<msg time="2024-05-16T11:02:36.008201" level="INFO">False</msg>
<arg>${json_data['results'][0]['login']}</arg>
<arg>${keyTwo}</arg>
<doc>Fails if ``key`` is not found from ``dictionary``.</doc>
<status status="PASS" start="2024-05-16T11:02:36.007825" elapsed="0.000414"/>
</kw>
<kw name="Log" owner="BuiltIn">
<msg time="2024-05-16T11:02:36.008659" level="INFO">password</msg>
<arg>${keyTwo}</arg>
<doc>Logs the given message with the given level.</doc>
<status status="PASS" start="2024-05-16T11:02:36.008533" elapsed="0.000163"/>
</kw>
<var name="${keyTwo}">password</var>
<status status="PASS" start="2024-05-16T11:02:36.006912" elapsed="0.001997"/>
</iter>
<var>${keyTwo}</var>
<value>@{expected_keysTwo}</value>
<status status="PASS" start="2024-05-16T11:02:36.004629" elapsed="0.004399"/>
</for>
<status status="PASS" start="2024-05-16T11:02:35.852175" elapsed="0.156990"/>
</kw>
<doc>Testa a estrutura da resposta da API.</doc>
<tag>testeEstruturaResposta</tag>
<status status="PASS" start="2024-05-16T11:02:35.851662" elapsed="0.157654"/>
</test>
<test id="s1-s1-t4" name="Validar tipos de dados" line="28">
<kw name="Teste de Tipos de Dados" owner="random-user-service">
<kw name="GET On Session" owner="RequestsLibrary">
<msg time="2024-05-16T11:02:36.068007" level="INFO">GET Request : url=https://randomuser.me/api 
 path_url=/api 
 headers={'User-Agent': 'python-requests/2.31.0', 'Accept-Encoding': 'gzip, deflate', 'Accept': '*/*', 'Connection': 'keep-alive'} 
 body=None 
 </msg>
<msg time="2024-05-16T11:02:36.068074" level="INFO">GET Response : url=https://randomuser.me/api 
 status=200, reason=OK 
 headers={'Date': 'Thu, 16 May 2024 11:02:36 GMT', 'Content-Type': 'application/json; charset=utf-8', 'Transfer-Encoding': 'chunked', 'Connection': 'keep-alive', 'X-Powered-By': 'Express', 'Access-Control-Allow-Origin': '*', 'Cache-Control': 'no-cache', 'ETag': 'W/"478-4VNIYgOcJHapsx3Ulk/uzC5NIzQ"', 'Vary': 'Accept-Encoding', 'Content-Encoding': 'gzip', 'CF-Cache-Status': 'DYNAMIC', 'Report-To': '{"endpoints":[{"url":"https:\\/\\/a.nel.cloudflare.com\\/report\\/v4?s=5qu8hLxo2giF06r7mtJwOPtb9E5GjVSb1Gojsey2V3ELLit2mSYCfUVoBSXe3%2BqhFZ7aoPloW5ta8KZuhsas0z4AIR7XlG9SkTn5HobbtfsS1Yb2EkLYkqR%2FxJQHIqlq"}],"group":"cf-nel","max_age":604800}', 'NEL': '{"success_fraction":0,"report_to":"cf-nel","max_age":604800}', 'Server': 'cloudflare', 'CF-RAY': '884ae05b190e1050-ORD', 'alt-svc': 'h3=":443"; ma=86400'} 
 body={"results":[{"gender":"male","name":{"title":"Mr","first":"Giray","last":"Kıraç"},"location":{"street":{"number":6449,"name":"Vatan Cd"},"city":"Sakarya","state":"Iğdır","country":"Turkey","postcode":62109,"coordinates":{"latitude":"67.7370","longitude":"-119.2682"},"timezone":{"offset":"-7:00","description":"Mountain Time (US &amp; Canada)"}},"email":"giray.kirac@example.com","login":{"uuid":"783afaf9-3132-4856-9118-538d5267156f","username":"beautifulleopard405","password":"anton","salt":"nhnkHvyw","md5":"90e23b8ae2bc5f8981bbd626e9a49868","sha1":"91e1cd1ddedd2aae0fb4c6a75a62726fa1ea3c9f","sha256":"e9d8ab94d2888fb144b6915137ae5ddeecd6200003fc99c286c3b2a5e5b68bf7"},"dob":{"date":"1955-07-05T16:38:08.603Z","age":68},"registered":{"date":"2012-06-20T17:15:07.889Z","age":11},"phone":"(314)-413-4915","cell":"(433)-755-3373","id":{"name":"","value":null},"picture":{"large":"https://randomuser.me/api/portraits/men/84.jpg","medium":"https://randomuser.me/api/portraits/med/men/84.jpg","thumbnail":"https://randomuser.me/api/portraits/thumb/men/84.jpg"},"nat":"TR"}],"info":{"seed":"6a6d45c66afc41a5","results":1,"page":1,"version":"1.4"}} 
 </msg>
<msg time="2024-05-16T11:02:36.068135" level="INFO">/opt/hostedtoolcache/Python/3.12.3/x64/lib/python3.12/site-packages/urllib3/connectionpool.py:1103: InsecureRequestWarning: Unverified HTTPS request is being made to host 'randomuser.me'. Adding certificate verification is strongly advised. See: https://urllib3.readthedocs.io/en/latest/advanced-usage.html#tls-warnings
  warnings.warn(</msg>
<msg time="2024-05-16T11:02:36.068242" level="INFO">${response} = &lt;Response [200]&gt;</msg>
<var>${response}</var>
<arg>consultarAPI</arg>
<arg>/api</arg>
<doc>Sends a GET request on a previously created HTTP Session.</doc>
<status status="PASS" start="2024-05-16T11:02:36.011834" elapsed="0.056442"/>
</kw>
<kw name="Set Variable" owner="BuiltIn">
<msg time="2024-05-16T11:02:36.069188" level="INFO">${json_data} = {'results': [{'gender': 'male', 'name': {'title': 'Mr', 'first': 'Giray', 'last': 'Kıraç'}, 'location': {'street': {'number': 6449, 'name': 'Vatan Cd'}, 'city': 'Sakarya', 'state': 'Iğdır', 'country':...</msg>
<var>${json_data}</var>
<arg>${response.json()}</arg>
<doc>Returns the given values which can then be assigned to a variables.</doc>
<status status="PASS" start="2024-05-16T11:02:36.068720" elapsed="0.000500"/>
</kw>
<kw name="Log" owner="BuiltIn">
<msg time="2024-05-16T11:02:36.069688" level="INFO">{'results': [{'gender': 'male', 'name': {'title': 'Mr', 'first': 'Giray', 'last': 'Kıraç'}, 'location': {'street': {'number': 6449, 'name': 'Vatan Cd'}, 'city': 'Sakarya', 'state': 'Iğdır', 'country': 'Turkey', 'postcode': 62109, 'coordinates': {'latitude': '67.7370', 'longitude': '-119.2682'}, 'timezone': {'offset': '-7:00', 'description': 'Mountain Time (US &amp; Canada)'}}, 'email': 'giray.kirac@example.com', 'login': {'uuid': '783afaf9-3132-4856-9118-538d5267156f', 'username': 'beautifulleopard405', 'password': 'anton', 'salt': 'nhnkHvyw', 'md5': '90e23b8ae2bc5f8981bbd626e9a49868', 'sha1': '91e1cd1ddedd2aae0fb4c6a75a62726fa1ea3c9f', 'sha256': 'e9d8ab94d2888fb144b6915137ae5ddeecd6200003fc99c286c3b2a5e5b68bf7'}, 'dob': {'date': '1955-07-05T16:38:08.603Z', 'age': 68}, 'registered': {'date': '2012-06-20T17:15:07.889Z', 'age': 11}, 'phone': '(314)-413-4915', 'cell': '(433)-755-3373', 'id': {'name': '', 'value': None}, 'picture': {'large': 'https://randomuser.me/api/portraits/men/84.jpg', 'medium': 'https://randomuser.me/api/portraits/med/men/84.jpg', 'thumbnail': 'https://randomuser.me/api/portraits/thumb/men/84.jpg'}, 'nat': 'TR'}], 'info': {'seed': '6a6d45c66afc41a5', 'results': 1, 'page': 1, 'version': '1.4'}}</msg>
<arg>${json_data}</arg>
<doc>Logs the given message with the given level.</doc>
<status status="PASS" start="2024-05-16T11:02:36.069533" elapsed="0.000206"/>
</kw>
<kw name="Should Be String" owner="String">
<arg>${json_data['results'][0]['gender']}</arg>
<doc>Fails if the given ``item`` is not a string.</doc>
<status status="PASS" start="2024-05-16T11:02:36.070031" elapsed="0.000422"/>
</kw>
<kw name="Should Match Regexp" owner="BuiltIn">
<arg>${json_data['results'][0]['email']}</arg>
<arg>^[a-zA-Z0-9._%+-]+@[a-zA-Z0-9.-]+\.[a-zA-Z]{2,}$</arg>
<doc>Fails if ``string`` does not match ``pattern`` as a regular expression.</doc>
<status status="PASS" start="2024-05-16T11:02:36.070648" elapsed="0.000503"/>
</kw>
<kw name="Should Match Regexp" owner="BuiltIn">
<arg>${json_data['results'][0]['dob']['date']}</arg>
<arg>\\d{4}-\\d{2}-\\d{2}T\\d{2}:\\d{2}:\\d{2}\\.\\d{3}Z</arg>
<doc>Fails if ``string`` does not match ``pattern`` as a regular expression.</doc>
<status status="PASS" start="2024-05-16T11:02:36.071348" elapsed="0.000543"/>
</kw>
<kw name="Should Match Regexp" owner="BuiltIn">
<arg>${json_data['results'][0]['registered']['date']}</arg>
<arg>\\d{4}-\\d{2}-\\d{2}T\\d{2}:\\d{2}:\\d{2}\\.\\d{3}Z</arg>
<doc>Fails if ``string`` does not match ``pattern`` as a regular expression.</doc>
<status status="PASS" start="2024-05-16T11:02:36.072081" elapsed="0.000360"/>
</kw>
<kw name="Should Match Regexp" owner="BuiltIn">
<arg>${json_data['results'][0]['picture']['large']}</arg>
<arg>^https?://.*\.(?:png|jpe?g|gif|bmp)$</arg>
<doc>Fails if ``string`` does not match ``pattern`` as a regular expression.</doc>
<status status="PASS" start="2024-05-16T11:02:36.072627" elapsed="0.000458"/>
</kw>
<kw name="Should Match Regexp" owner="BuiltIn">
<arg>${json_data['results'][0]['picture']['medium']}</arg>
<arg>^https?://.*\.(?:png|jpe?g|gif|bmp)$</arg>
<doc>Fails if ``string`` does not match ``pattern`` as a regular expression.</doc>
<status status="PASS" start="2024-05-16T11:02:36.073273" elapsed="0.000360"/>
</kw>
<kw name="Should Match Regexp" owner="BuiltIn">
<arg>${json_data['results'][0]['picture']['thumbnail']}</arg>
<arg>^https?://.*\.(?:png|jpe?g|gif|bmp)$</arg>
<doc>Fails if ``string`` does not match ``pattern`` as a regular expression.</doc>
<status status="PASS" start="2024-05-16T11:02:36.073820" elapsed="0.000344"/>
</kw>
<kw name="Log" owner="BuiltIn">
<msg time="2024-05-16T11:02:36.074716" level="INFO">{'large': 'https://randomuser.me/api/portraits/men/84.jpg', 'medium': 'https://randomuser.me/api/portraits/med/men/84.jpg', 'thumbnail': 'https://randomuser.me/api/portraits/thumb/men/84.jpg'}</msg>
<arg>${json_data['results'][0]['picture']}</arg>
<doc>Logs the given message with the given level.</doc>
<status status="PASS" start="2024-05-16T11:02:36.074391" elapsed="0.000367"/>
</kw>
<status status="PASS" start="2024-05-16T11:02:36.011587" elapsed="0.063424"/>
</kw>
<kw name="Teste de Tipos de Dados - Postcode" owner="random-user-service">
<kw name="GET On Session" owner="RequestsLibrary">
<msg time="2024-05-16T11:02:36.163726" level="INFO">GET Request : url=https://randomuser.me/api 
 path_url=/api 
 headers={'User-Agent': 'python-requests/2.31.0', 'Accept-Encoding': 'gzip, deflate', 'Accept': '*/*', 'Connection': 'keep-alive'} 
 body=None 
 </msg>
<msg time="2024-05-16T11:02:36.163801" level="INFO">GET Response : url=https://randomuser.me/api 
 status=200, reason=OK 
 headers={'Date': 'Thu, 16 May 2024 11:02:36 GMT', 'Content-Type': 'application/json; charset=utf-8', 'Transfer-Encoding': 'chunked', 'Connection': 'keep-alive', 'X-Powered-By': 'Express', 'Access-Control-Allow-Origin': '*', 'Cache-Control': 'no-cache', 'ETag': 'W/"497-7FByyYfMJm2gdOB725pv2mEb5e0"', 'Vary': 'Accept-Encoding', 'Content-Encoding': 'gzip', 'CF-Cache-Status': 'DYNAMIC', 'Report-To': '{"endpoints":[{"url":"https:\\/\\/a.nel.cloudflare.com\\/report\\/v4?s=k9o0qOBBiVA4xxLhmk8bcnr8Nduur%2FOyPZ99ke9aw7FDkBrZSBXGWfxO4xQpVssisqZJpHg6WKKbL%2FdaaroyP0Pex1ifFlusrm6v4BAWM50LtrU0HcWxqeS9fIj%2Fy4xI"}],"group":"cf-nel","max_age":604800}', 'NEL': '{"success_fraction":0,"report_to":"cf-nel","max_age":604800}', 'Server': 'cloudflare', 'CF-RAY': '884ae05b79911050-ORD', 'alt-svc': 'h3=":443"; ma=86400'} 
 body={"results":[{"gender":"female","name":{"title":"Miss","first":"Deekshitha","last":"Sullad"},"location":{"street":{"number":736,"name":"Kasturba Rd"},"city":"Thane","state":"Jharkhand","country":"India","postcode":39835,"coordinates":{"latitude":"8.7828","longitude":"49.5746"},"timezone":{"offset":"+9:00","description":"Tokyo, Seoul, Osaka, Sapporo, Yakutsk"}},"email":"deekshitha.sullad@example.com","login":{"uuid":"2e3e16e7-54c2-464e-b973-b2ccd9fa21ab","username":"brownpanda252","password":"justdoit","salt":"pWkyq3oL","md5":"0974262bbf83c9c706ec0e24f5da397d","sha1":"eac629df3ca434f5377e0a6a6c0d07a29e028644","sha256":"0f6d2b08d73405bd8ec8f91ceec2b92ba733814777a58f5d2c2990cb8c3d3ddb"},"dob":{"date":"1988-02-20T20:20:50.778Z","age":36},"registered":{"date":"2018-04-15T04:45:23.198Z","age":6},"phone":"8961067661","cell":"7997033136","id":{"name":"UIDAI","value":"832143878734"},"picture":{"large":"https://randomuser.me/api/portraits/women/80.jpg","medium":"https://randomuser.me/api/portraits/med/women/80.jpg","thumbnail":"https://randomuser.me/api/portraits/thumb/women/80.jpg"},"nat":"IN"}],"info":{"seed":"67e12b64d1d80ba1","results":1,"page":1,"version":"1.4"}} 
 </msg>
<msg time="2024-05-16T11:02:36.163865" level="INFO">/opt/hostedtoolcache/Python/3.12.3/x64/lib/python3.12/site-packages/urllib3/connectionpool.py:1103: InsecureRequestWarning: Unverified HTTPS request is being made to host 'randomuser.me'. Adding certificate verification is strongly advised. See: https://urllib3.readthedocs.io/en/latest/advanced-usage.html#tls-warnings
  warnings.warn(</msg>
<msg time="2024-05-16T11:02:36.163984" level="INFO">${response} = &lt;Response [200]&gt;</msg>
<var>${response}</var>
<arg>consultarAPI</arg>
<arg>/api</arg>
<doc>Sends a GET request on a previously created HTTP Session.</doc>
<status status="PASS" start="2024-05-16T11:02:36.075449" elapsed="0.088578"/>
</kw>
<kw name="Set Variable" owner="BuiltIn">
<msg time="2024-05-16T11:02:36.164898" level="INFO">${json_data} = {'results': [{'gender': 'female', 'name': {'title': 'Miss', 'first': 'Deekshitha', 'last': 'Sullad'}, 'location': {'street': {'number': 736, 'name': 'Kasturba Rd'}, 'city': 'Thane', 'state': 'Jharkhan...</msg>
<var>${json_data}</var>
<arg>${response.json()}</arg>
<doc>Returns the given values which can then be assigned to a variables.</doc>
<status status="PASS" start="2024-05-16T11:02:36.164424" elapsed="0.000505"/>
</kw>
<kw name="Log" owner="BuiltIn">
<msg time="2024-05-16T11:02:36.165394" level="INFO">{'results': [{'gender': 'female', 'name': {'title': 'Miss', 'first': 'Deekshitha', 'last': 'Sullad'}, 'location': {'street': {'number': 736, 'name': 'Kasturba Rd'}, 'city': 'Thane', 'state': 'Jharkhand', 'country': 'India', 'postcode': 39835, 'coordinates': {'latitude': '8.7828', 'longitude': '49.5746'}, 'timezone': {'offset': '+9:00', 'description': 'Tokyo, Seoul, Osaka, Sapporo, Yakutsk'}}, 'email': 'deekshitha.sullad@example.com', 'login': {'uuid': '2e3e16e7-54c2-464e-b973-b2ccd9fa21ab', 'username': 'brownpanda252', 'password': 'justdoit', 'salt': 'pWkyq3oL', 'md5': '0974262bbf83c9c706ec0e24f5da397d', 'sha1': 'eac629df3ca434f5377e0a6a6c0d07a29e028644', 'sha256': '0f6d2b08d73405bd8ec8f91ceec2b92ba733814777a58f5d2c2990cb8c3d3ddb'}, 'dob': {'date': '1988-02-20T20:20:50.778Z', 'age': 36}, 'registered': {'date': '2018-04-15T04:45:23.198Z', 'age': 6}, 'phone': '8961067661', 'cell': '7997033136', 'id': {'name': 'UIDAI', 'value': '832143878734'}, 'picture': {'large': 'https://randomuser.me/api/portraits/women/80.jpg', 'medium': 'https://randomuser.me/api/portraits/med/women/80.jpg', 'thumbnail': 'https://randomuser.me/api/portraits/thumb/women/80.jpg'}, 'nat': 'IN'}], 'info': {'seed': '67e12b64d1d80ba1', 'results': 1, 'page': 1, 'version': '1.4'}}</msg>
<arg>${json_data}</arg>
<doc>Logs the given message with the given level.</doc>
<status status="PASS" start="2024-05-16T11:02:36.165242" elapsed="0.000211"/>
</kw>
<kw name="Should Be Equal As Numbers" owner="BuiltIn">
<arg>${json_data['results'][0]['location']['postcode']}</arg>
<arg>${json_data['results'][0]['location']['postcode']}</arg>
<doc>Fails if objects are unequal after converting them to real numbers.</doc>
<status status="PASS" start="2024-05-16T11:02:36.165907" elapsed="0.000674"/>
</kw>
<kw name="Log" owner="BuiltIn">
<msg time="2024-05-16T11:02:36.167161" level="INFO">39835</msg>
<arg>${json_data['results'][0]['location']['postcode']}</arg>
<doc>Logs the given message with the given level.</doc>
<status status="PASS" start="2024-05-16T11:02:36.166812" elapsed="0.000394"/>
</kw>
<status status="PASS" start="2024-05-16T11:02:36.075227" elapsed="0.092238"/>
</kw>
<doc>Testa se os tipos de dados na resposta da API estão corretos.</doc>
<tag>testeTiposDados</tag>
<status status="PASS" start="2024-05-16T11:02:36.011130" elapsed="0.156501"/>
</test>
<test id="s1-s1-t5" name="Validar conteudo" line="35">
<kw name="Teste de Tipos de Conteudo" owner="random-user-service">
<kw name="GET On Session" owner="RequestsLibrary">
<msg time="2024-05-16T11:02:37.967782" level="INFO">GET Request : url=https://randomuser.me/api 
 path_url=/api 
 headers={'User-Agent': 'python-requests/2.31.0', 'Accept-Encoding': 'gzip, deflate', 'Accept': '*/*', 'Connection': 'keep-alive'} 
 body=None 
 </msg>
<msg time="2024-05-16T11:02:37.967898" level="INFO">GET Response : url=https://randomuser.me/api 
 status=200, reason=OK 
 headers={'Date': 'Thu, 16 May 2024 11:02:37 GMT', 'Content-Type': 'application/json; charset=utf-8', 'Transfer-Encoding': 'chunked', 'Connection': 'keep-alive', 'X-Powered-By': 'Express', 'Access-Control-Allow-Origin': '*', 'Cache-Control': 'no-cache', 'ETag': 'W/"48a-C9JwD1R1sJHJhHP5nrh7DxvRhEo"', 'Vary': 'Accept-Encoding', 'Content-Encoding': 'gzip', 'CF-Cache-Status': 'DYNAMIC', 'Report-To': '{"endpoints":[{"url":"https:\\/\\/a.nel.cloudflare.com\\/report\\/v4?s=kMX44fbDxzPrCtNScPn7M626hn4yTb1BwBqu5EY8Q3QadoQOfy1L%2BKd6qbhJRsGaf8QHkAgJm1rqo2HTrBHRIYA0k5USlr%2FjfeXq3P%2Bgh%2FV7dO4Rf9B84DiW1P4bVPRN"}],"group":"cf-nel","max_age":604800}', 'NEL': '{"success_fraction":0,"report_to":"cf-nel","max_age":604800}', 'Server': 'cloudflare', 'CF-RAY': '884ae05c0a521050-ORD', 'alt-svc': 'h3=":443"; ma=86400'} 
 body={"results":[{"gender":"male","name":{"title":"Mr","first":"Laurus","last":"Philippen"},"location":{"street":{"number":5402,"name":"Julianaborch"},"city":"Nieuw-Buinen","state":"Zuid-Holland","country":"Netherlands","postcode":"0124 FT","coordinates":{"latitude":"30.3847","longitude":"-34.3906"},"timezone":{"offset":"-3:30","description":"Newfoundland"}},"email":"laurus.philippen@example.com","login":{"uuid":"8858d9ea-35e2-40d8-91d1-67d1654c2d91","username":"ticklishbutterfly464","password":"band","salt":"nt5kcZIf","md5":"6eb43ab1267a6bd44b48b3be1889037c","sha1":"487b0c9c56298bb10a68c230ae5b121f6eba4877","sha256":"4eea1d3bbd1fff26e178221223e1a8558694db46f4f786f75969de151a71333e"},"dob":{"date":"1972-08-19T02:52:09.579Z","age":51},"registered":{"date":"2018-09-07T18:13:12.883Z","age":5},"phone":"(0168) 565011","cell":"(06) 14534926","id":{"name":"BSN","value":"26093010"},"picture":{"large":"https://randomuser.me/api/portraits/men/9.jpg","medium":"https://randomuser.me/api/portraits/med/men/9.jpg","thumbnail":"https://randomuser.me/api/portraits/thumb/men/9.jpg"},"nat":"NL"}],"info":{"seed":"fb46e864a9074ad1","results":1,"page":1,"version":"1.4"}} 
 </msg>
<msg time="2024-05-16T11:02:37.967976" level="INFO">/opt/hostedtoolcache/Python/3.12.3/x64/lib/python3.12/site-packages/urllib3/connectionpool.py:1103: InsecureRequestWarning: Unverified HTTPS request is being made to host 'randomuser.me'. Adding certificate verification is strongly advised. See: https://urllib3.readthedocs.io/en/latest/advanced-usage.html#tls-warnings
  warnings.warn(</msg>
<msg time="2024-05-16T11:02:37.968125" level="INFO">${response} = &lt;Response [200]&gt;</msg>
<var>${response}</var>
<arg>consultarAPI</arg>
<arg>/api</arg>
<doc>Sends a GET request on a previously created HTTP Session.</doc>
<status status="PASS" start="2024-05-16T11:02:36.170050" elapsed="1.798117"/>
</kw>
<kw name="Set Variable" owner="BuiltIn">
<msg time="2024-05-16T11:02:37.969267" level="INFO">${json_data} = {'results': [{'gender': 'male', 'name': {'title': 'Mr', 'first': 'Laurus', 'last': 'Philippen'}, 'location': {'street': {'number': 5402, 'name': 'Julianaborch'}, 'city': 'Nieuw-Buinen', 'state': 'Zuid...</msg>
<var>${json_data}</var>
<arg>${response.json()}</arg>
<doc>Returns the given values which can then be assigned to a variables.</doc>
<status status="PASS" start="2024-05-16T11:02:37.968741" elapsed="0.000556"/>
</kw>
<kw name="Set Variable" owner="BuiltIn">
<msg time="2024-05-16T11:02:37.970006" level="INFO">${name_title} = Mr</msg>
<var>${name_title}</var>
<arg>${json_data["results"][0]["name"]["title"]}</arg>
<doc>Returns the given values which can then be assigned to a variables.</doc>
<status status="PASS" start="2024-05-16T11:02:37.969617" elapsed="0.000415"/>
</kw>
<kw name="Create List" owner="BuiltIn">
<msg time="2024-05-16T11:02:37.970531" level="INFO">${allowed_titles} = ['Mr', 'Ms', 'Miss', 'Mrs', 'Madame', 'Monsieur']</msg>
<var>${allowed_titles}</var>
<arg>Mr</arg>
<arg>Ms</arg>
<arg>Miss</arg>
<arg>Mrs</arg>
<arg>Madame</arg>
<arg>Monsieur</arg>
<doc>Returns a list containing given items.</doc>
<status status="PASS" start="2024-05-16T11:02:37.970370" elapsed="0.000185"/>
</kw>
<kw name="List Should Contain Value" owner="Collections">
<msg time="2024-05-16T11:02:37.971051" level="INFO">False</msg>
<arg>${allowed_titles}</arg>
<arg>${name_title}</arg>
<doc>Fails if the ``value`` is not found from ``list``.</doc>
<status status="PASS" start="2024-05-16T11:02:37.970867" elapsed="0.000220"/>
</kw>
<kw name="Set Variable" owner="BuiltIn">
<msg time="2024-05-16T11:02:37.971755" level="INFO">${name_country} = NL</msg>
<var>${name_country}</var>
<arg>${json_data["results"][0]["nat"]}</arg>
<doc>Returns the given values which can then be assigned to a variables.</doc>
<status status="PASS" start="2024-05-16T11:02:37.971375" elapsed="0.000406"/>
</kw>
<kw name="Create List" owner="BuiltIn">
<msg time="2024-05-16T11:02:37.972679" level="INFO">${list_country} = ['AD', 'AE', 'AF', 'AG', 'AI', 'AL', 'AM', 'AO', 'AQ', 'AR', 'AS', 'AT', 'AU', 'AW', 'AX', 'AZ', 'BA', 'BB', 'BD', 'BE', 'BF', 'BG', 'BH', 'BI', 'BJ', 'BL', 'BM', 'BN', 'BO', 'BQ', 'BR', 'BS', 'BT', '...</msg>
<var>${list_country}</var>
<arg>AD</arg>
<arg>AE</arg>
<arg>AF</arg>
<arg>AG</arg>
<arg>AI</arg>
<arg>AL</arg>
<arg>AM</arg>
<arg>AO</arg>
<arg>AQ</arg>
<arg>AR</arg>
<arg>AS</arg>
<arg>AT</arg>
<arg>AU</arg>
<arg>AW</arg>
<arg>AX</arg>
<arg>AZ</arg>
<arg>BA</arg>
<arg>BB</arg>
<arg>BD</arg>
<arg>BE</arg>
<arg>BF</arg>
<arg>BG</arg>
<arg>BH</arg>
<arg>BI</arg>
<arg>BJ</arg>
<arg>BL</arg>
<arg>BM</arg>
<arg>BN</arg>
<arg>BO</arg>
<arg>BQ</arg>
<arg>BR</arg>
<arg>BS</arg>
<arg>BT</arg>
<arg>BV</arg>
<arg>BW</arg>
<arg>BY</arg>
<arg>BZ</arg>
<arg>CA</arg>
<arg>CC</arg>
<arg>CD</arg>
<arg>CF</arg>
<arg>CG</arg>
<arg>CH</arg>
<arg>CI</arg>
<arg>CK</arg>
<arg>CL</arg>
<arg>CM</arg>
<arg>CN</arg>
<arg>CO</arg>
<arg>CR</arg>
<arg>CU</arg>
<arg>CV</arg>
<arg>CW</arg>
<arg>CX</arg>
<arg>CY</arg>
<arg>CZ</arg>
<arg>DE</arg>
<arg>DJ</arg>
<arg>DK</arg>
<arg>DM</arg>
<arg>DO</arg>
<arg>DZ</arg>
<arg>EC</arg>
<arg>EE</arg>
<arg>EG</arg>
<arg>EH</arg>
<arg>ER</arg>
<arg>ES</arg>
<arg>ET</arg>
<arg>FI</arg>
<arg>FJ</arg>
<arg>FK</arg>
<arg>FM</arg>
<arg>FO</arg>
<arg>FR</arg>
<arg>GA</arg>
<arg>GB</arg>
<arg>GD</arg>
<arg>GE</arg>
<arg>GF</arg>
<arg>GG</arg>
<arg>GH</arg>
<arg>GI</arg>
<arg>GL</arg>
<arg>GM</arg>
<arg>GN</arg>
<arg>GP</arg>
<arg>GQ</arg>
<arg>GR</arg>
<arg>GS</arg>
<arg>GT</arg>
<arg>GU</arg>
<arg>GW</arg>
<arg>GY</arg>
<arg>HK</arg>
<arg>HM</arg>
<arg>HN</arg>
<arg>HR</arg>
<arg>HT</arg>
<arg>HU</arg>
<arg>ID</arg>
<arg>IE</arg>
<arg>IL</arg>
<arg>IM</arg>
<arg>IN</arg>
<arg>IO</arg>
<arg>IQ</arg>
<arg>IR</arg>
<arg>IS</arg>
<arg>IT</arg>
<arg>JE</arg>
<arg>JM</arg>
<arg>JO</arg>
<arg>JP</arg>
<arg>KE</arg>
<arg>KG</arg>
<arg>KH</arg>
<arg>KI</arg>
<arg>KM</arg>
<arg>KN</arg>
<arg>KP</arg>
<arg>KR</arg>
<arg>KW</arg>
<arg>KY</arg>
<arg>KZ</arg>
<arg>LA</arg>
<arg>LB</arg>
<arg>LC</arg>
<arg>LI</arg>
<arg>LK</arg>
<arg>LR</arg>
<arg>LS</arg>
<arg>LT</arg>
<arg>LU</arg>
<arg>LV</arg>
<arg>LY</arg>
<arg>MA</arg>
<arg>MC</arg>
<arg>MD</arg>
<arg>ME</arg>
<arg>MF</arg>
<arg>MG</arg>
<arg>MH</arg>
<arg>MK</arg>
<arg>ML</arg>
<arg>MM</arg>
<arg>MN</arg>
<arg>MO</arg>
<arg>MP</arg>
<arg>MQ</arg>
<arg>MR</arg>
<arg>MS</arg>
<arg>MT</arg>
<arg>MU</arg>
<arg>MV</arg>
<arg>MW</arg>
<arg>MX</arg>
<arg>MY</arg>
<arg>MZ</arg>
<arg>NA</arg>
<arg>NC</arg>
<arg>NE</arg>
<arg>NF</arg>
<arg>NG</arg>
<arg>NI</arg>
<arg>NL</arg>
<arg>NO</arg>
<arg>NP</arg>
<arg>NR</arg>
<arg>NU</arg>
<arg>NZ</arg>
<arg>OM</arg>
<arg>PA</arg>
<arg>PE</arg>
<arg>PF</arg>
<arg>PG</arg>
<arg>PH</arg>
<arg>PK</arg>
<arg>PL</arg>
<arg>PM</arg>
<arg>PN</arg>
<arg>PR</arg>
<arg>PS</arg>
<arg>PT</arg>
<arg>PW</arg>
<arg>PY</arg>
<arg>QA</arg>
<arg>RE</arg>
<arg>RO</arg>
<arg>RS</arg>
<arg>RU</arg>
<arg>RW</arg>
<arg>SA</arg>
<arg>SB</arg>
<arg>SC</arg>
<arg>SD</arg>
<arg>SE</arg>
<arg>SG</arg>
<arg>SH</arg>
<arg>SI</arg>
<arg>SJ</arg>
<arg>SK</arg>
<arg>SL</arg>
<arg>SM</arg>
<arg>SN</arg>
<arg>SO</arg>
<arg>SR</arg>
<arg>SS</arg>
<arg>ST</arg>
<arg>SV</arg>
<arg>SX</arg>
<arg>SY</arg>
<arg>SZ</arg>
<arg>TC</arg>
<arg>TD</arg>
<arg>TF</arg>
<arg>TG</arg>
<arg>TH</arg>
<arg>TJ</arg>
<arg>TK</arg>
<arg>TL</arg>
<arg>TM</arg>
<arg>TN</arg>
<arg>TO</arg>
<arg>TR</arg>
<arg>TT</arg>
<arg>TV</arg>
<arg>TW</arg>
<arg>TZ</arg>
<arg>UA</arg>
<arg>UG</arg>
<arg>UM</arg>
<arg>US</arg>
<arg>UY</arg>
<arg>UZ</arg>
<arg>VA</arg>
<arg>VC</arg>
<arg>VE</arg>
<arg>VG</arg>
<arg>VI</arg>
<arg>VN</arg>
<arg>VU</arg>
<arg>WF</arg>
<arg>WS</arg>
<arg>XK</arg>
<arg>YE</arg>
<arg>YT</arg>
<arg>ZA</arg>
<arg>ZM</arg>
<arg>ZW</arg>
<doc>Returns a list containing given items.</doc>
<status status="PASS" start="2024-05-16T11:02:37.972085" elapsed="0.000618"/>
</kw>
<kw name="List Should Contain Value" owner="Collections">
<msg time="2024-05-16T11:02:37.973697" level="INFO">False</msg>
<arg>${list_country}</arg>
<arg>${name_country}</arg>
<doc>Fails if the ``value`` is not found from ``list``.</doc>
<status status="PASS" start="2024-05-16T11:02:37.973497" elapsed="0.000235"/>
</kw>
<kw name="Run Keyword If" owner="BuiltIn">
<kw name="Should Be True" owner="BuiltIn">
<arg>${True}</arg>
<doc>Fails if the given condition is not true.</doc>
<status status="PASS" start="2024-05-16T11:02:37.974827" elapsed="0.000263"/>
</kw>
<arg>${json_data["results"][0]["location"]["coordinates"]["latitude"]} &gt;= -90 and ${json_data["results"][0]["location"]["coordinates"]["latitude"]} &lt;= 90</arg>
<arg>Should Be True</arg>
<arg>${True}</arg>
<doc>Runs the given keyword with the given arguments, if ``condition`` is true.</doc>
<status status="PASS" start="2024-05-16T11:02:37.974043" elapsed="0.001178"/>
</kw>
<kw name="Run Keyword If" owner="BuiltIn">
<kw name="Should Be True" owner="BuiltIn">
<arg>${True}</arg>
<doc>Fails if the given condition is not true.</doc>
<status status="PASS" start="2024-05-16T11:02:37.976094" elapsed="0.000135"/>
</kw>
<arg>${json_data["results"][0]["location"]["coordinates"]["longitude"]} &gt;= -180 and ${json_data["results"][0]["location"]["coordinates"]["longitude"]} &lt;= 180</arg>
<arg>Should Be True</arg>
<arg>${True}</arg>
<doc>Runs the given keyword with the given arguments, if ``condition`` is true.</doc>
<status status="PASS" start="2024-05-16T11:02:37.975407" elapsed="0.000943"/>
</kw>
<status status="PASS" start="2024-05-16T11:02:36.169824" elapsed="1.806655"/>
</kw>
<doc>Testa o conteúdo específico dos campos retornados pela API.</doc>
<tag>testeConteudo</tag>
<status status="PASS" start="2024-05-16T11:02:36.169374" elapsed="1.807254"/>
</test>
<status status="PASS" start="2024-05-16T11:02:35.431779" elapsed="2.546819"/>
</suite>
<status status="PASS" start="2024-05-16T11:02:35.418339" elapsed="2.565440"/>
</suite>
<statistics>
<total>
<stat pass="5" fail="0" skip="0">All Tests</stat>
</total>
<tag>
<stat pass="1" fail="0" skip="0">testeConteudo</stat>
<stat pass="1" fail="0" skip="0">testeEstruturaResposta</stat>
<stat pass="1" fail="0" skip="0">testeRequisicaoBasica</stat>
<stat pass="1" fail="0" skip="0">testeTiposDados</stat>
</tag>
<suite>
<stat pass="5" fail="0" skip="0" id="s1" name="Tests">Tests</stat>
<stat pass="5" fail="0" skip="0" id="s1-s1" name="Random-User-Test">Tests.Random-User-Test</stat>
</suite>
</statistics>
<errors>
</errors>
</robot>
