<?xml version="1.0" encoding="UTF-8"?>
<robot generator="Robot 7.0.1 (Python 3.12.4 on linux)" generated="2024-08-05T13:18:53.105283" rpa="false" schemaversion="5">
<suite id="s1" name="Tests" source="/home/runner/work/ApiRandomUser/ApiRandomUser/RamdonUser/tests">
<suite id="s1-s1" name="Random-User-Test" source="/home/runner/work/ApiRandomUser/ApiRandomUser/RamdonUser/tests/random-user-test.robot">
<test id="s1-s1-t1" name="Conectar" line="13">
<kw name="Conectar API" owner="random-user-service">
<kw name="Create Session" owner="RequestsLibrary">
<msg time="2024-08-05T13:18:53.509903" level="INFO">Creating Session using : alias=consultarAPI, url=https://randomuser.me/, headers={},                     cookies={}, auth=None, timeout=None, proxies=None, verify=False,                     debug=0 </msg>
<arg>consultarAPI</arg>
<arg>${URL}</arg>
<doc>Create Session: create a HTTP session to a server</doc>
<status status="PASS" start="2024-08-05T13:18:53.509703" elapsed="0.000387"/>
</kw>
<status status="PASS" start="2024-08-05T13:18:53.508647" elapsed="0.001831"/>
</kw>
<status status="PASS" start="2024-08-05T13:18:53.508097" elapsed="0.002577"/>
</test>
<test id="s1-s1-t2" name="Validar retorno 200 e JSON Válido" line="16">
<kw name="Teste de Requisicao Basica" owner="random-user-service">
<kw name="GET On Session" owner="RequestsLibrary">
<msg time="2024-08-05T13:18:53.739445" level="INFO">GET Request : url=https://randomuser.me/api 
 path_url=/api 
 headers={'User-Agent': 'python-requests/2.32.3', 'Accept-Encoding': 'gzip, deflate', 'Accept': '*/*', 'Connection': 'keep-alive'} 
 body=None 
 </msg>
<msg time="2024-08-05T13:18:53.739622" level="INFO">GET Response : url=https://randomuser.me/api 
 status=200, reason=OK 
 headers={'Date': 'Mon, 05 Aug 2024 13:18:53 GMT', 'Content-Type': 'application/json; charset=utf-8', 'Transfer-Encoding': 'chunked', 'Connection': 'keep-alive', 'X-Powered-By': 'Express', 'Access-Control-Allow-Origin': '*', 'Cache-Control': 'no-cache', 'ETag': 'W/"47c-e+qkKb8HSfF65sJSD9ETLbr94iQ"', 'Vary': 'Accept-Encoding', 'Content-Encoding': 'gzip', 'CF-Cache-Status': 'DYNAMIC', 'Report-To': '{"endpoints":[{"url":"https:\\/\\/a.nel.cloudflare.com\\/report\\/v4?s=4EIktvxoXsiui0ZVEan3umWJGhDLLmaFhatFIXC0rlegXY4EVjqHYcEIIMwzFnnLn2D4tCwMOIs7nlL4eVS4sUUh39ST3kq0Q4%2FDJOxtiNh0tInNV1ZBWO6xIG1B%2FDYZ"}],"group":"cf-nel","max_age":604800}', 'NEL': '{"success_fraction":0,"report_to":"cf-nel","max_age":604800}', 'Server': 'cloudflare', 'CF-RAY': '8ae71360ba71c956-IAD', 'alt-svc': 'h3=":443"; ma=86400'} 
 body={"results":[{"gender":"female","name":{"title":"Miss","first":"Tilda","last":"Halseth"},"location":{"street":{"number":3122,"name":"Risbekkveien"},"city":"Amtmannsnes","state":"Troms - Romsa","country":"Norway","postcode":"4013","coordinates":{"latitude":"39.9419","longitude":"130.4286"},"timezone":{"offset":"-3:30","description":"Newfoundland"}},"email":"tilda.halseth@example.com","login":{"uuid":"e4244b0d-2c0a-4a75-bab4-ddad94da76f0","username":"crazyswan846","password":"qwerty7","salt":"XbPNDuEO","md5":"c6202f55aad5dd8122d9d59a5cb260e7","sha1":"90874043a5b4b0655518907580b9715354befede","sha256":"22117b0cdd9325269c76f2df09f2ff07f6e8eebb0020cecced5f2c582b51b79c"},"dob":{"date":"1980-11-30T05:13:54.556Z","age":43},"registered":{"date":"2018-09-15T02:46:09.728Z","age":5},"phone":"38644900","cell":"99563273","id":{"name":"FN","value":"30118020002"},"picture":{"large":"https://randomuser.me/api/portraits/women/57.jpg","medium":"https://randomuser.me/api/portraits/med/women/57.jpg","thumbnail":"https://randomuser.me/api/portraits/thumb/women/57.jpg"},"nat":"NO"}],"info":{"seed":"d04b24664af52470","results":1,"page":1,"version":"1.4"}} 
 </msg>
<msg time="2024-08-05T13:18:53.739720" level="INFO">/opt/hostedtoolcache/Python/3.12.4/x64/lib/python3.12/site-packages/urllib3/connectionpool.py:1099: InsecureRequestWarning: Unverified HTTPS request is being made to host 'randomuser.me'. Adding certificate verification is strongly advised. See: https://urllib3.readthedocs.io/en/latest/advanced-usage.html#tls-warnings
  warnings.warn(</msg>
<msg time="2024-08-05T13:18:53.739881" level="INFO">${response} = &lt;Response [200]&gt;</msg>
<var>${response}</var>
<arg>consultarAPI</arg>
<arg>/api</arg>
<doc>Sends a GET request on a previously created HTTP Session.</doc>
<status status="PASS" start="2024-08-05T13:18:53.513208" elapsed="0.226720"/>
</kw>
<kw name="Should Be Equal As Numbers" owner="BuiltIn">
<msg time="2024-08-05T13:18:53.740931" level="INFO">Argument types are:
&lt;class 'int'&gt;
&lt;class 'str'&gt;</msg>
<arg>${response.status_code}</arg>
<arg>200</arg>
<doc>Fails if objects are unequal after converting them to real numbers.</doc>
<status status="PASS" start="2024-08-05T13:18:53.740453" elapsed="0.000545"/>
</kw>
<kw name="Log" owner="BuiltIn">
<msg time="2024-08-05T13:18:53.741666" level="INFO">200</msg>
<arg>${response.status_code}</arg>
<doc>Logs the given message with the given level.</doc>
<status status="PASS" start="2024-08-05T13:18:53.741315" elapsed="0.000395"/>
</kw>
<kw name="Set Variable" owner="BuiltIn">
<msg time="2024-08-05T13:18:53.742505" level="INFO">${json_data} = {'results': [{'gender': 'female', 'name': {'title': 'Miss', 'first': 'Tilda', 'last': 'Halseth'}, 'location': {'street': {'number': 3122, 'name': 'Risbekkveien'}, 'city': 'Amtmannsnes', 'state': 'Trom...</msg>
<var>${json_data}</var>
<arg>${response.json()}</arg>
<doc>Returns the given values which can then be assigned to a variables.</doc>
<status status="PASS" start="2024-08-05T13:18:53.742019" elapsed="0.000516"/>
</kw>
<kw name="Dictionary Should Contain Key" owner="Collections">
<arg>${json_data}</arg>
<arg>results</arg>
<doc>Fails if ``key`` is not found from ``dictionary``.</doc>
<status status="PASS" start="2024-08-05T13:18:53.742843" elapsed="0.000328"/>
</kw>
<status status="PASS" start="2024-08-05T13:18:53.512962" elapsed="0.230369"/>
</kw>
<doc>Testa se a API responde corretamente e retorna um objeto JSON válido.</doc>
<tag>testeRequisicaoBasica</tag>
<status status="PASS" start="2024-08-05T13:18:53.512500" elapsed="0.231006"/>
</test>
<test id="s1-s1-t3" name="Validar estrutura de resposta" line="22">
<kw name="Teste de Estrutura de Resposta" owner="random-user-service">
<kw name="GET On Session" owner="RequestsLibrary">
<msg time="2024-08-05T13:18:53.941666" level="INFO">GET Request : url=https://randomuser.me/api 
 path_url=/api 
 headers={'User-Agent': 'python-requests/2.32.3', 'Accept-Encoding': 'gzip, deflate', 'Accept': '*/*', 'Connection': 'keep-alive'} 
 body=None 
 </msg>
<msg time="2024-08-05T13:18:53.941789" level="INFO">GET Response : url=https://randomuser.me/api 
 status=200, reason=OK 
 headers={'Date': 'Mon, 05 Aug 2024 13:18:53 GMT', 'Content-Type': 'application/json; charset=utf-8', 'Transfer-Encoding': 'chunked', 'Connection': 'keep-alive', 'X-Powered-By': 'Express', 'Access-Control-Allow-Origin': '*', 'Cache-Control': 'no-cache', 'ETag': 'W/"4a1-NVlSX+jay3DXzMJwLNPOv8tTG/g"', 'Vary': 'Accept-Encoding', 'Content-Encoding': 'gzip', 'CF-Cache-Status': 'DYNAMIC', 'Report-To': '{"endpoints":[{"url":"https:\\/\\/a.nel.cloudflare.com\\/report\\/v4?s=j7iQ8ts6thDZWgJBZ%2Beq5h8HdtzRv%2FwDNzQlMMjmgQVcIdWM%2FT8WqKCcgRQtlvzC103h34VNUnXr6M7Lk2Shuib0Ii63j3b1eKuwP1AdfKqzC%2B9d7taHwQLTKv1Tu%2Bxj"}],"group":"cf-nel","max_age":604800}', 'NEL': '{"success_fraction":0,"report_to":"cf-nel","max_age":604800}', 'Server': 'cloudflare', 'CF-RAY': '8ae71361fe56c956-IAD', 'alt-svc': 'h3=":443"; ma=86400'} 
 body={"results":[{"gender":"female","name":{"title":"Miss","first":"Tracy","last":"Jackson"},"location":{"street":{"number":6450,"name":"Northaven Rd"},"city":"Australian Capital Territory","state":"Australian Capital Territory","country":"Australia","postcode":1620,"coordinates":{"latitude":"-88.4089","longitude":"7.4128"},"timezone":{"offset":"-9:00","description":"Alaska"}},"email":"tracy.jackson@example.com","login":{"uuid":"f721a810-3ef7-4f03-a589-cc1637ef9b60","username":"organicrabbit818","password":"lumber","salt":"78B0am6u","md5":"3a01d8a4c709439ba12dd081007839d9","sha1":"8da2dd01a9e668ed88f233c4125d8ee4a1139f9b","sha256":"0ff314a6692f05508982a3ef1b565737c34f5c81a15704fe2f547cae1b19467a"},"dob":{"date":"1949-07-28T22:35:28.270Z","age":75},"registered":{"date":"2010-02-12T18:41:59.991Z","age":14},"phone":"04-9956-4081","cell":"0414-414-784","id":{"name":"TFN","value":"203725142"},"picture":{"large":"https://randomuser.me/api/portraits/women/18.jpg","medium":"https://randomuser.me/api/portraits/med/women/18.jpg","thumbnail":"https://randomuser.me/api/portraits/thumb/women/18.jpg"},"nat":"AU"}],"info":{"seed":"c5ba4c61f19b40d4","results":1,"page":1,"version":"1.4"}} 
 </msg>
<msg time="2024-08-05T13:18:53.941946" level="INFO">/opt/hostedtoolcache/Python/3.12.4/x64/lib/python3.12/site-packages/urllib3/connectionpool.py:1099: InsecureRequestWarning: Unverified HTTPS request is being made to host 'randomuser.me'. Adding certificate verification is strongly advised. See: https://urllib3.readthedocs.io/en/latest/advanced-usage.html#tls-warnings
  warnings.warn(</msg>
<msg time="2024-08-05T13:18:53.942144" level="INFO">${response} = &lt;Response [200]&gt;</msg>
<var>${response}</var>
<arg>consultarAPI</arg>
<arg>/api</arg>
<doc>Sends a GET request on a previously created HTTP Session.</doc>
<status status="PASS" start="2024-08-05T13:18:53.746601" elapsed="0.195587"/>
</kw>
<kw name="Set Variable" owner="BuiltIn">
<msg time="2024-08-05T13:18:53.943272" level="INFO">${json_data} = {'results': [{'gender': 'female', 'name': {'title': 'Miss', 'first': 'Tracy', 'last': 'Jackson'}, 'location': {'street': {'number': 6450, 'name': 'Northaven Rd'}, 'city': 'Australian Capital Territory...</msg>
<var>${json_data}</var>
<arg>${response.json()}</arg>
<doc>Returns the given values which can then be assigned to a variables.</doc>
<status status="PASS" start="2024-08-05T13:18:53.942725" elapsed="0.000577"/>
</kw>
<kw name="Log" owner="BuiltIn">
<msg time="2024-08-05T13:18:53.943846" level="INFO">{'results': [{'gender': 'female', 'name': {'title': 'Miss', 'first': 'Tracy', 'last': 'Jackson'}, 'location': {'street': {'number': 6450, 'name': 'Northaven Rd'}, 'city': 'Australian Capital Territory', 'state': 'Australian Capital Territory', 'country': 'Australia', 'postcode': 1620, 'coordinates': {'latitude': '-88.4089', 'longitude': '7.4128'}, 'timezone': {'offset': '-9:00', 'description': 'Alaska'}}, 'email': 'tracy.jackson@example.com', 'login': {'uuid': 'f721a810-3ef7-4f03-a589-cc1637ef9b60', 'username': 'organicrabbit818', 'password': 'lumber', 'salt': '78B0am6u', 'md5': '3a01d8a4c709439ba12dd081007839d9', 'sha1': '8da2dd01a9e668ed88f233c4125d8ee4a1139f9b', 'sha256': '0ff314a6692f05508982a3ef1b565737c34f5c81a15704fe2f547cae1b19467a'}, 'dob': {'date': '1949-07-28T22:35:28.270Z', 'age': 75}, 'registered': {'date': '2010-02-12T18:41:59.991Z', 'age': 14}, 'phone': '04-9956-4081', 'cell': '0414-414-784', 'id': {'name': 'TFN', 'value': '203725142'}, 'picture': {'large': 'https://randomuser.me/api/portraits/women/18.jpg', 'medium': 'https://randomuser.me/api/portraits/med/women/18.jpg', 'thumbnail': 'https://randomuser.me/api/portraits/thumb/women/18.jpg'}, 'nat': 'AU'}], 'info': {'seed': 'c5ba4c61f19b40d4', 'results': 1, 'page': 1, 'version': '1.4'}}</msg>
<arg>${json_data}</arg>
<doc>Logs the given message with the given level.</doc>
<status status="PASS" start="2024-08-05T13:18:53.943660" elapsed="0.000238"/>
</kw>
<kw name="Dictionary Should Contain Key" owner="Collections">
<arg>${json_data}</arg>
<arg>results</arg>
<doc>Fails if ``key`` is not found from ``dictionary``.</doc>
<status status="PASS" start="2024-08-05T13:18:53.944223" elapsed="0.000182"/>
</kw>
<kw name="Should Not Be Empty" owner="BuiltIn">
<msg time="2024-08-05T13:18:53.944740" level="INFO">Length is 2.</msg>
<arg>${json_data}</arg>
<doc>Verifies that the given item is not empty.</doc>
<status status="PASS" start="2024-08-05T13:18:53.944602" elapsed="0.000177"/>
</kw>
<kw name="Create List" owner="BuiltIn">
<msg time="2024-08-05T13:18:53.945252" level="INFO">${expected_keys} = ['gender', 'name', 'location', 'email', 'login']</msg>
<var>${expected_keys}</var>
<arg>gender</arg>
<arg>name</arg>
<arg>location</arg>
<arg>email</arg>
<arg>login</arg>
<doc>Returns a list containing given items.</doc>
<status status="PASS" start="2024-08-05T13:18:53.945094" elapsed="0.000184"/>
</kw>
<for flavor="IN">
<iter>
<kw name="Dictionary Should Contain Key" owner="Collections">
<arg>${json_data['results'][0]}</arg>
<arg>${key}</arg>
<doc>Fails if ``key`` is not found from ``dictionary``.</doc>
<status status="PASS" start="2024-08-05T13:18:53.945889" elapsed="0.000437"/>
</kw>
<kw name="Log" owner="BuiltIn">
<msg time="2024-08-05T13:18:53.946953" level="INFO">{'gender': 'female', 'name': {'title': 'Miss', 'first': 'Tracy', 'last': 'Jackson'}, 'location': {'street': {'number': 6450, 'name': 'Northaven Rd'}, 'city': 'Australian Capital Territory', 'state': 'Australian Capital Territory', 'country': 'Australia', 'postcode': 1620, 'coordinates': {'latitude': '-88.4089', 'longitude': '7.4128'}, 'timezone': {'offset': '-9:00', 'description': 'Alaska'}}, 'email': 'tracy.jackson@example.com', 'login': {'uuid': 'f721a810-3ef7-4f03-a589-cc1637ef9b60', 'username': 'organicrabbit818', 'password': 'lumber', 'salt': '78B0am6u', 'md5': '3a01d8a4c709439ba12dd081007839d9', 'sha1': '8da2dd01a9e668ed88f233c4125d8ee4a1139f9b', 'sha256': '0ff314a6692f05508982a3ef1b565737c34f5c81a15704fe2f547cae1b19467a'}, 'dob': {'date': '1949-07-28T22:35:28.270Z', 'age': 75}, 'registered': {'date': '2010-02-12T18:41:59.991Z', 'age': 14}, 'phone': '04-9956-4081', 'cell': '0414-414-784', 'id': {'name': 'TFN', 'value': '203725142'}, 'picture': {'large': 'https://randomuser.me/api/portraits/women/18.jpg', 'medium': 'https://randomuser.me/api/portraits/med/women/18.jpg', 'thumbnail': 'https://randomuser.me/api/portraits/thumb/women/18.jpg'}, 'nat': 'AU'}</msg>
<arg>${json_data['results'][0]}</arg>
<doc>Logs the given message with the given level.</doc>
<status status="PASS" start="2024-08-05T13:18:53.946567" elapsed="0.000437"/>
</kw>
<kw name="Log" owner="BuiltIn">
<msg time="2024-08-05T13:18:53.947453" level="INFO">gender</msg>
<arg>${key}</arg>
<doc>Logs the given message with the given level.</doc>
<status status="PASS" start="2024-08-05T13:18:53.947319" elapsed="0.000175"/>
</kw>
<var name="${key}">gender</var>
<status status="PASS" start="2024-08-05T13:18:53.945759" elapsed="0.001956"/>
</iter>
<iter>
<kw name="Dictionary Should Contain Key" owner="Collections">
<arg>${json_data['results'][0]}</arg>
<arg>${key}</arg>
<doc>Fails if ``key`` is not found from ``dictionary``.</doc>
<status status="PASS" start="2024-08-05T13:18:53.948030" elapsed="0.000431"/>
</kw>
<kw name="Log" owner="BuiltIn">
<msg time="2024-08-05T13:18:53.949055" level="INFO">{'gender': 'female', 'name': {'title': 'Miss', 'first': 'Tracy', 'last': 'Jackson'}, 'location': {'street': {'number': 6450, 'name': 'Northaven Rd'}, 'city': 'Australian Capital Territory', 'state': 'Australian Capital Territory', 'country': 'Australia', 'postcode': 1620, 'coordinates': {'latitude': '-88.4089', 'longitude': '7.4128'}, 'timezone': {'offset': '-9:00', 'description': 'Alaska'}}, 'email': 'tracy.jackson@example.com', 'login': {'uuid': 'f721a810-3ef7-4f03-a589-cc1637ef9b60', 'username': 'organicrabbit818', 'password': 'lumber', 'salt': '78B0am6u', 'md5': '3a01d8a4c709439ba12dd081007839d9', 'sha1': '8da2dd01a9e668ed88f233c4125d8ee4a1139f9b', 'sha256': '0ff314a6692f05508982a3ef1b565737c34f5c81a15704fe2f547cae1b19467a'}, 'dob': {'date': '1949-07-28T22:35:28.270Z', 'age': 75}, 'registered': {'date': '2010-02-12T18:41:59.991Z', 'age': 14}, 'phone': '04-9956-4081', 'cell': '0414-414-784', 'id': {'name': 'TFN', 'value': '203725142'}, 'picture': {'large': 'https://randomuser.me/api/portraits/women/18.jpg', 'medium': 'https://randomuser.me/api/portraits/med/women/18.jpg', 'thumbnail': 'https://randomuser.me/api/portraits/thumb/women/18.jpg'}, 'nat': 'AU'}</msg>
<arg>${json_data['results'][0]}</arg>
<doc>Logs the given message with the given level.</doc>
<status status="PASS" start="2024-08-05T13:18:53.948650" elapsed="0.000456"/>
</kw>
<kw name="Log" owner="BuiltIn">
<msg time="2024-08-05T13:18:53.949541" level="INFO">name</msg>
<arg>${key}</arg>
<doc>Logs the given message with the given level.</doc>
<status status="PASS" start="2024-08-05T13:18:53.949407" elapsed="0.000175"/>
</kw>
<var name="${key}">name</var>
<status status="PASS" start="2024-08-05T13:18:53.947915" elapsed="0.001888"/>
</iter>
<iter>
<kw name="Dictionary Should Contain Key" owner="Collections">
<arg>${json_data['results'][0]}</arg>
<arg>${key}</arg>
<doc>Fails if ``key`` is not found from ``dictionary``.</doc>
<status status="PASS" start="2024-08-05T13:18:53.950108" elapsed="0.000439"/>
</kw>
<kw name="Log" owner="BuiltIn">
<msg time="2024-08-05T13:18:53.951095" level="INFO">{'gender': 'female', 'name': {'title': 'Miss', 'first': 'Tracy', 'last': 'Jackson'}, 'location': {'street': {'number': 6450, 'name': 'Northaven Rd'}, 'city': 'Australian Capital Territory', 'state': 'Australian Capital Territory', 'country': 'Australia', 'postcode': 1620, 'coordinates': {'latitude': '-88.4089', 'longitude': '7.4128'}, 'timezone': {'offset': '-9:00', 'description': 'Alaska'}}, 'email': 'tracy.jackson@example.com', 'login': {'uuid': 'f721a810-3ef7-4f03-a589-cc1637ef9b60', 'username': 'organicrabbit818', 'password': 'lumber', 'salt': '78B0am6u', 'md5': '3a01d8a4c709439ba12dd081007839d9', 'sha1': '8da2dd01a9e668ed88f233c4125d8ee4a1139f9b', 'sha256': '0ff314a6692f05508982a3ef1b565737c34f5c81a15704fe2f547cae1b19467a'}, 'dob': {'date': '1949-07-28T22:35:28.270Z', 'age': 75}, 'registered': {'date': '2010-02-12T18:41:59.991Z', 'age': 14}, 'phone': '04-9956-4081', 'cell': '0414-414-784', 'id': {'name': 'TFN', 'value': '203725142'}, 'picture': {'large': 'https://randomuser.me/api/portraits/women/18.jpg', 'medium': 'https://randomuser.me/api/portraits/med/women/18.jpg', 'thumbnail': 'https://randomuser.me/api/portraits/thumb/women/18.jpg'}, 'nat': 'AU'}</msg>
<arg>${json_data['results'][0]}</arg>
<doc>Logs the given message with the given level.</doc>
<status status="PASS" start="2024-08-05T13:18:53.950739" elapsed="0.000406"/>
</kw>
<kw name="Log" owner="BuiltIn">
<msg time="2024-08-05T13:18:53.951587" level="INFO">location</msg>
<arg>${key}</arg>
<doc>Logs the given message with the given level.</doc>
<status status="PASS" start="2024-08-05T13:18:53.951453" elapsed="0.000174"/>
</kw>
<var name="${key}">location</var>
<status status="PASS" start="2024-08-05T13:18:53.949996" elapsed="0.001860"/>
</iter>
<iter>
<kw name="Dictionary Should Contain Key" owner="Collections">
<arg>${json_data['results'][0]}</arg>
<arg>${key}</arg>
<doc>Fails if ``key`` is not found from ``dictionary``.</doc>
<status status="PASS" start="2024-08-05T13:18:53.952140" elapsed="0.000383"/>
</kw>
<kw name="Log" owner="BuiltIn">
<msg time="2024-08-05T13:18:53.953195" level="INFO">{'gender': 'female', 'name': {'title': 'Miss', 'first': 'Tracy', 'last': 'Jackson'}, 'location': {'street': {'number': 6450, 'name': 'Northaven Rd'}, 'city': 'Australian Capital Territory', 'state': 'Australian Capital Territory', 'country': 'Australia', 'postcode': 1620, 'coordinates': {'latitude': '-88.4089', 'longitude': '7.4128'}, 'timezone': {'offset': '-9:00', 'description': 'Alaska'}}, 'email': 'tracy.jackson@example.com', 'login': {'uuid': 'f721a810-3ef7-4f03-a589-cc1637ef9b60', 'username': 'organicrabbit818', 'password': 'lumber', 'salt': '78B0am6u', 'md5': '3a01d8a4c709439ba12dd081007839d9', 'sha1': '8da2dd01a9e668ed88f233c4125d8ee4a1139f9b', 'sha256': '0ff314a6692f05508982a3ef1b565737c34f5c81a15704fe2f547cae1b19467a'}, 'dob': {'date': '1949-07-28T22:35:28.270Z', 'age': 75}, 'registered': {'date': '2010-02-12T18:41:59.991Z', 'age': 14}, 'phone': '04-9956-4081', 'cell': '0414-414-784', 'id': {'name': 'TFN', 'value': '203725142'}, 'picture': {'large': 'https://randomuser.me/api/portraits/women/18.jpg', 'medium': 'https://randomuser.me/api/portraits/med/women/18.jpg', 'thumbnail': 'https://randomuser.me/api/portraits/thumb/women/18.jpg'}, 'nat': 'AU'}</msg>
<arg>${json_data['results'][0]}</arg>
<doc>Logs the given message with the given level.</doc>
<status status="PASS" start="2024-08-05T13:18:53.952841" elapsed="0.000403"/>
</kw>
<kw name="Log" owner="BuiltIn">
<msg time="2024-08-05T13:18:53.953673" level="INFO">email</msg>
<arg>${key}</arg>
<doc>Logs the given message with the given level.</doc>
<status status="PASS" start="2024-08-05T13:18:53.953541" elapsed="0.000172"/>
</kw>
<var name="${key}">email</var>
<status status="PASS" start="2024-08-05T13:18:53.952031" elapsed="0.001901"/>
</iter>
<iter>
<kw name="Dictionary Should Contain Key" owner="Collections">
<arg>${json_data['results'][0]}</arg>
<arg>${key}</arg>
<doc>Fails if ``key`` is not found from ``dictionary``.</doc>
<status status="PASS" start="2024-08-05T13:18:53.954221" elapsed="0.000420"/>
</kw>
<kw name="Log" owner="BuiltIn">
<msg time="2024-08-05T13:18:53.955178" level="INFO">{'gender': 'female', 'name': {'title': 'Miss', 'first': 'Tracy', 'last': 'Jackson'}, 'location': {'street': {'number': 6450, 'name': 'Northaven Rd'}, 'city': 'Australian Capital Territory', 'state': 'Australian Capital Territory', 'country': 'Australia', 'postcode': 1620, 'coordinates': {'latitude': '-88.4089', 'longitude': '7.4128'}, 'timezone': {'offset': '-9:00', 'description': 'Alaska'}}, 'email': 'tracy.jackson@example.com', 'login': {'uuid': 'f721a810-3ef7-4f03-a589-cc1637ef9b60', 'username': 'organicrabbit818', 'password': 'lumber', 'salt': '78B0am6u', 'md5': '3a01d8a4c709439ba12dd081007839d9', 'sha1': '8da2dd01a9e668ed88f233c4125d8ee4a1139f9b', 'sha256': '0ff314a6692f05508982a3ef1b565737c34f5c81a15704fe2f547cae1b19467a'}, 'dob': {'date': '1949-07-28T22:35:28.270Z', 'age': 75}, 'registered': {'date': '2010-02-12T18:41:59.991Z', 'age': 14}, 'phone': '04-9956-4081', 'cell': '0414-414-784', 'id': {'name': 'TFN', 'value': '203725142'}, 'picture': {'large': 'https://randomuser.me/api/portraits/women/18.jpg', 'medium': 'https://randomuser.me/api/portraits/med/women/18.jpg', 'thumbnail': 'https://randomuser.me/api/portraits/thumb/women/18.jpg'}, 'nat': 'AU'}</msg>
<arg>${json_data['results'][0]}</arg>
<doc>Logs the given message with the given level.</doc>
<status status="PASS" start="2024-08-05T13:18:53.954826" elapsed="0.000412"/>
</kw>
<kw name="Log" owner="BuiltIn">
<msg time="2024-08-05T13:18:53.955667" level="INFO">login</msg>
<arg>${key}</arg>
<doc>Logs the given message with the given level.</doc>
<status status="PASS" start="2024-08-05T13:18:53.955536" elapsed="0.000170"/>
</kw>
<var name="${key}">login</var>
<status status="PASS" start="2024-08-05T13:18:53.954109" elapsed="0.001814"/>
</iter>
<var>${key}</var>
<value>@{expected_keys}</value>
<status status="PASS" start="2024-08-05T13:18:53.945549" elapsed="0.010498"/>
</for>
<kw name="Create List" owner="BuiltIn">
<msg time="2024-08-05T13:18:53.956413" level="INFO">${expected_keysTwo} = ['username', 'password']</msg>
<var>${expected_keysTwo}</var>
<arg>username</arg>
<arg>password</arg>
<doc>Returns a list containing given items.</doc>
<status status="PASS" start="2024-08-05T13:18:53.956271" elapsed="0.000168"/>
</kw>
<for flavor="IN">
<iter>
<kw name="Dictionary Should Contain Key" owner="Collections">
<arg>${json_data['results'][0]['login']}</arg>
<arg>${keyTwo}</arg>
<doc>Fails if ``key`` is not found from ``dictionary``.</doc>
<status status="PASS" start="2024-08-05T13:18:53.956949" elapsed="0.000393"/>
</kw>
<kw name="Dictionary Should Contain Key" owner="Collections">
<arg>${json_data['results'][0]['login']}</arg>
<arg>${keyTwo}</arg>
<doc>Fails if ``key`` is not found from ``dictionary``.</doc>
<status status="PASS" start="2024-08-05T13:18:53.957526" elapsed="0.000382"/>
</kw>
<kw name="Log" owner="BuiltIn">
<msg time="2024-08-05T13:18:53.958212" level="INFO">username</msg>
<arg>${keyTwo}</arg>
<doc>Logs the given message with the given level.</doc>
<status status="PASS" start="2024-08-05T13:18:53.958088" elapsed="0.000163"/>
</kw>
<var name="${keyTwo}">username</var>
<status status="PASS" start="2024-08-05T13:18:53.956842" elapsed="0.001666"/>
</iter>
<iter>
<kw name="Dictionary Should Contain Key" owner="Collections">
<arg>${json_data['results'][0]['login']}</arg>
<arg>${keyTwo}</arg>
<doc>Fails if ``key`` is not found from ``dictionary``.</doc>
<status status="PASS" start="2024-08-05T13:18:53.958796" elapsed="0.000436"/>
</kw>
<kw name="Dictionary Should Contain Key" owner="Collections">
<arg>${json_data['results'][0]['login']}</arg>
<arg>${keyTwo}</arg>
<doc>Fails if ``key`` is not found from ``dictionary``.</doc>
<status status="PASS" start="2024-08-05T13:18:53.959417" elapsed="0.000380"/>
</kw>
<kw name="Log" owner="BuiltIn">
<msg time="2024-08-05T13:18:53.960101" level="INFO">password</msg>
<arg>${keyTwo}</arg>
<doc>Logs the given message with the given level.</doc>
<status status="PASS" start="2024-08-05T13:18:53.959978" elapsed="0.000161"/>
</kw>
<var name="${keyTwo}">password</var>
<status status="PASS" start="2024-08-05T13:18:53.958687" elapsed="0.001678"/>
</iter>
<var>${keyTwo}</var>
<value>@{expected_keysTwo}</value>
<status status="PASS" start="2024-08-05T13:18:53.956677" elapsed="0.003812"/>
</for>
<status status="PASS" start="2024-08-05T13:18:53.746223" elapsed="0.214415"/>
</kw>
<doc>Testa a estrutura da resposta da API.</doc>
<tag>testeEstruturaResposta</tag>
<status status="PASS" start="2024-08-05T13:18:53.745452" elapsed="0.215357"/>
</test>
<test id="s1-s1-t4" name="Validar tipos de dados" line="28">
<kw name="Teste de Tipos de Dados" owner="random-user-service">
<kw name="GET On Session" owner="RequestsLibrary">
<msg time="2024-08-05T13:18:54.099579" level="INFO">GET Request : url=https://randomuser.me/api 
 path_url=/api 
 headers={'User-Agent': 'python-requests/2.32.3', 'Accept-Encoding': 'gzip, deflate', 'Accept': '*/*', 'Connection': 'keep-alive'} 
 body=None 
 </msg>
<msg time="2024-08-05T13:18:54.099714" level="INFO">GET Response : url=https://randomuser.me/api 
 status=200, reason=OK 
 headers={'Date': 'Mon, 05 Aug 2024 13:18:54 GMT', 'Content-Type': 'application/json; charset=utf-8', 'Transfer-Encoding': 'chunked', 'Connection': 'keep-alive', 'X-Powered-By': 'Express', 'Access-Control-Allow-Origin': '*', 'Cache-Control': 'no-cache', 'ETag': 'W/"49a-If+enwuFtr6s9HI6seEvUDGsDrI"', 'Vary': 'Accept-Encoding', 'Content-Encoding': 'gzip', 'CF-Cache-Status': 'DYNAMIC', 'Report-To': '{"endpoints":[{"url":"https:\\/\\/a.nel.cloudflare.com\\/report\\/v4?s=OWDe6lnsJiMYpJBrLFqD5Q9JqrWc1MeeIw895B5xOMRCktHt%2Flf2BMsxrIZyBt4ritCAk135%2BtF1JmUPD58tVumn4OLVw0USlKawgxPjawn%2Ba6kDI4w6zBbmG3Rwi2U%2F"}],"group":"cf-nel","max_age":604800}', 'NEL': '{"success_fraction":0,"report_to":"cf-nel","max_age":604800}', 'Server': 'cloudflare', 'CF-RAY': '8ae713634b1fc956-IAD', 'alt-svc': 'h3=":443"; ma=86400'} 
 body={"results":[{"gender":"female","name":{"title":"Mrs","first":"Ronja","last":"Kujala"},"location":{"street":{"number":1491,"name":"Aleksanterinkatu"},"city":"Kuhmo","state":"Päijät-Häme","country":"Finland","postcode":80425,"coordinates":{"latitude":"-26.9201","longitude":"117.9438"},"timezone":{"offset":"-1:00","description":"Azores, Cape Verde Islands"}},"email":"ronja.kujala@example.com","login":{"uuid":"c6962059-ce49-4ae9-be6d-c8b3a8a04a91","username":"ticklishrabbit566","password":"green","salt":"5sMN6L06","md5":"12a737bdb803f87639520581756b5402","sha1":"ff435f19ce311497fc642102d4d6b0cf278da56f","sha256":"0656355153beb3ec1c8e9cdf9be5b55f38186e7dfa563c87a470d0a5bf1cb7b7"},"dob":{"date":"1984-07-19T07:45:20.176Z","age":40},"registered":{"date":"2007-01-29T00:02:24.243Z","age":17},"phone":"06-602-661","cell":"048-460-77-41","id":{"name":"HETU","value":"NaNNA724undefined"},"picture":{"large":"https://randomuser.me/api/portraits/women/66.jpg","medium":"https://randomuser.me/api/portraits/med/women/66.jpg","thumbnail":"https://randomuser.me/api/portraits/thumb/women/66.jpg"},"nat":"FI"}],"info":{"seed":"bfe3c56fefb6014f","results":1,"page":1,"version":"1.4"}} 
 </msg>
<msg time="2024-08-05T13:18:54.099830" level="INFO">/opt/hostedtoolcache/Python/3.12.4/x64/lib/python3.12/site-packages/urllib3/connectionpool.py:1099: InsecureRequestWarning: Unverified HTTPS request is being made to host 'randomuser.me'. Adding certificate verification is strongly advised. See: https://urllib3.readthedocs.io/en/latest/advanced-usage.html#tls-warnings
  warnings.warn(</msg>
<msg time="2024-08-05T13:18:54.100028" level="INFO">${response} = &lt;Response [200]&gt;</msg>
<var>${response}</var>
<arg>consultarAPI</arg>
<arg>/api</arg>
<doc>Sends a GET request on a previously created HTTP Session.</doc>
<status status="PASS" start="2024-08-05T13:18:53.963289" elapsed="0.136786"/>
</kw>
<kw name="Set Variable" owner="BuiltIn">
<msg time="2024-08-05T13:18:54.101511" level="INFO">${json_data} = {'results': [{'gender': 'female', 'name': {'title': 'Mrs', 'first': 'Ronja', 'last': 'Kujala'}, 'location': {'street': {'number': 1491, 'name': 'Aleksanterinkatu'}, 'city': 'Kuhmo', 'state': 'Päijät-H...</msg>
<var>${json_data}</var>
<arg>${response.json()}</arg>
<doc>Returns the given values which can then be assigned to a variables.</doc>
<status status="PASS" start="2024-08-05T13:18:54.100698" elapsed="0.000859"/>
</kw>
<kw name="Log" owner="BuiltIn">
<msg time="2024-08-05T13:18:54.102238" level="INFO">{'results': [{'gender': 'female', 'name': {'title': 'Mrs', 'first': 'Ronja', 'last': 'Kujala'}, 'location': {'street': {'number': 1491, 'name': 'Aleksanterinkatu'}, 'city': 'Kuhmo', 'state': 'Päijät-Häme', 'country': 'Finland', 'postcode': 80425, 'coordinates': {'latitude': '-26.9201', 'longitude': '117.9438'}, 'timezone': {'offset': '-1:00', 'description': 'Azores, Cape Verde Islands'}}, 'email': 'ronja.kujala@example.com', 'login': {'uuid': 'c6962059-ce49-4ae9-be6d-c8b3a8a04a91', 'username': 'ticklishrabbit566', 'password': 'green', 'salt': '5sMN6L06', 'md5': '12a737bdb803f87639520581756b5402', 'sha1': 'ff435f19ce311497fc642102d4d6b0cf278da56f', 'sha256': '0656355153beb3ec1c8e9cdf9be5b55f38186e7dfa563c87a470d0a5bf1cb7b7'}, 'dob': {'date': '1984-07-19T07:45:20.176Z', 'age': 40}, 'registered': {'date': '2007-01-29T00:02:24.243Z', 'age': 17}, 'phone': '06-602-661', 'cell': '048-460-77-41', 'id': {'name': 'HETU', 'value': 'NaNNA724undefined'}, 'picture': {'large': 'https://randomuser.me/api/portraits/women/66.jpg', 'medium': 'https://randomuser.me/api/portraits/med/women/66.jpg', 'thumbnail': 'https://randomuser.me/api/portraits/thumb/women/66.jpg'}, 'nat': 'FI'}], 'info': {'seed': 'bfe3c56fefb6014f', 'results': 1, 'page': 1, 'version': '1.4'}}</msg>
<arg>${json_data}</arg>
<doc>Logs the given message with the given level.</doc>
<status status="PASS" start="2024-08-05T13:18:54.102007" elapsed="0.000316"/>
</kw>
<kw name="Should Be String" owner="String">
<arg>${json_data['results'][0]['gender']}</arg>
<doc>Fails if the given ``item`` is not a string.</doc>
<status status="PASS" start="2024-08-05T13:18:54.102833" elapsed="0.000611"/>
</kw>
<kw name="Should Match Regexp" owner="BuiltIn">
<arg>${json_data['results'][0]['email']}</arg>
<arg>^[a-zA-Z0-9._%+-]+@[a-zA-Z0-9.-]+\.[a-zA-Z]{2,}$</arg>
<doc>Fails if ``string`` does not match ``pattern`` as a regular expression.</doc>
<status status="PASS" start="2024-08-05T13:18:54.103788" elapsed="0.000818"/>
</kw>
<kw name="Should Match Regexp" owner="BuiltIn">
<arg>${json_data['results'][0]['dob']['date']}</arg>
<arg>\\d{4}-\\d{2}-\\d{2}T\\d{2}:\\d{2}:\\d{2}\\.\\d{3}Z</arg>
<doc>Fails if ``string`` does not match ``pattern`` as a regular expression.</doc>
<status status="PASS" start="2024-08-05T13:18:54.104910" elapsed="0.001005"/>
</kw>
<kw name="Should Match Regexp" owner="BuiltIn">
<arg>${json_data['results'][0]['registered']['date']}</arg>
<arg>\\d{4}-\\d{2}-\\d{2}T\\d{2}:\\d{2}:\\d{2}\\.\\d{3}Z</arg>
<doc>Fails if ``string`` does not match ``pattern`` as a regular expression.</doc>
<status status="PASS" start="2024-08-05T13:18:54.106223" elapsed="0.000643"/>
</kw>
<kw name="Should Match Regexp" owner="BuiltIn">
<arg>${json_data['results'][0]['picture']['large']}</arg>
<arg>^https?://.*\.(?:png|jpe?g|gif|bmp)$</arg>
<doc>Fails if ``string`` does not match ``pattern`` as a regular expression.</doc>
<status status="PASS" start="2024-08-05T13:18:54.107197" elapsed="0.000786"/>
</kw>
<kw name="Should Match Regexp" owner="BuiltIn">
<arg>${json_data['results'][0]['picture']['medium']}</arg>
<arg>^https?://.*\.(?:png|jpe?g|gif|bmp)$</arg>
<doc>Fails if ``string`` does not match ``pattern`` as a regular expression.</doc>
<status status="PASS" start="2024-08-05T13:18:54.108305" elapsed="0.000629"/>
</kw>
<kw name="Should Match Regexp" owner="BuiltIn">
<arg>${json_data['results'][0]['picture']['thumbnail']}</arg>
<arg>^https?://.*\.(?:png|jpe?g|gif|bmp)$</arg>
<doc>Fails if ``string`` does not match ``pattern`` as a regular expression.</doc>
<status status="PASS" start="2024-08-05T13:18:54.109263" elapsed="0.000625"/>
</kw>
<kw name="Log" owner="BuiltIn">
<msg time="2024-08-05T13:18:54.110810" level="INFO">{'large': 'https://randomuser.me/api/portraits/women/66.jpg', 'medium': 'https://randomuser.me/api/portraits/med/women/66.jpg', 'thumbnail': 'https://randomuser.me/api/portraits/thumb/women/66.jpg'}</msg>
<arg>${json_data['results'][0]['picture']}</arg>
<doc>Logs the given message with the given level.</doc>
<status status="PASS" start="2024-08-05T13:18:54.110217" elapsed="0.000659"/>
</kw>
<status status="PASS" start="2024-08-05T13:18:53.963054" elapsed="0.148192"/>
</kw>
<kw name="Teste de Tipos de Dados - Postcode" owner="random-user-service">
<kw name="GET On Session" owner="RequestsLibrary">
<msg time="2024-08-05T13:18:54.234350" level="INFO">GET Request : url=https://randomuser.me/api 
 path_url=/api 
 headers={'User-Agent': 'python-requests/2.32.3', 'Accept-Encoding': 'gzip, deflate', 'Accept': '*/*', 'Connection': 'keep-alive'} 
 body=None 
 </msg>
<msg time="2024-08-05T13:18:54.234519" level="INFO">GET Response : url=https://randomuser.me/api 
 status=200, reason=OK 
 headers={'Date': 'Mon, 05 Aug 2024 13:18:54 GMT', 'Content-Type': 'application/json; charset=utf-8', 'Transfer-Encoding': 'chunked', 'Connection': 'keep-alive', 'X-Powered-By': 'Express', 'Access-Control-Allow-Origin': '*', 'Cache-Control': 'no-cache', 'ETag': 'W/"4a0-rdYalrSxwyJ4PIGKXbhBoeUen8E"', 'Vary': 'Accept-Encoding', 'Content-Encoding': 'gzip', 'CF-Cache-Status': 'DYNAMIC', 'Report-To': '{"endpoints":[{"url":"https:\\/\\/a.nel.cloudflare.com\\/report\\/v4?s=tJVsZePxQQYWk7pcrKnNnOqVBKmPzXnv8QjHPLStsSz8mDfFfE13mtXjnx1SaLo7%2BAjBvkZ4N32ax5Z8p%2BvA6Slfe%2FtU09ngHV2i%2FhwcumGvS3EQYWmbvsRZMhnvESSd"}],"group":"cf-nel","max_age":604800}', 'NEL': '{"success_fraction":0,"report_to":"cf-nel","max_age":604800}', 'Server': 'cloudflare', 'CF-RAY': '8ae713643e8ac956-IAD', 'alt-svc': 'h3=":443"; ma=86400'} 
 body={"results":[{"gender":"male","name":{"title":"Monsieur","first":"Rui","last":"Olivier"},"location":{"street":{"number":1220,"name":"Rue Cyrus-Hugues"},"city":"Gilly","state":"Graubünden","country":"Switzerland","postcode":1080,"coordinates":{"latitude":"-62.6829","longitude":"-154.0962"},"timezone":{"offset":"+8:00","description":"Beijing, Perth, Singapore, Hong Kong"}},"email":"rui.olivier@example.com","login":{"uuid":"dcd17552-76b8-45de-b814-a59d005c1c18","username":"bigelephant669","password":"lucky13","salt":"EzQGu14S","md5":"eaf58228a7dbe6c3901364bdca5e5d16","sha1":"15a23f2bde5700f7b868185f8a36b8d8ec07684a","sha256":"53a0fa3acc599e6df23fb39cc7a15b117033b6951808e73cc3fb501bf0029100"},"dob":{"date":"1964-07-19T22:12:19.816Z","age":60},"registered":{"date":"2013-11-08T06:21:00.926Z","age":10},"phone":"075 370 70 50","cell":"075 021 18 90","id":{"name":"AVS","value":"756.7833.6858.65"},"picture":{"large":"https://randomuser.me/api/portraits/men/81.jpg","medium":"https://randomuser.me/api/portraits/med/men/81.jpg","thumbnail":"https://randomuser.me/api/portraits/thumb/men/81.jpg"},"nat":"CH"}],"info":{"seed":"fc12eb4d4c218ecd","results":1,"page":1,"version":"1.4"}} 
 </msg>
<msg time="2024-08-05T13:18:54.234615" level="INFO">/opt/hostedtoolcache/Python/3.12.4/x64/lib/python3.12/site-packages/urllib3/connectionpool.py:1099: InsecureRequestWarning: Unverified HTTPS request is being made to host 'randomuser.me'. Adding certificate verification is strongly advised. See: https://urllib3.readthedocs.io/en/latest/advanced-usage.html#tls-warnings
  warnings.warn(</msg>
<msg time="2024-08-05T13:18:54.234745" level="INFO">${response} = &lt;Response [200]&gt;</msg>
<var>${response}</var>
<arg>consultarAPI</arg>
<arg>/api</arg>
<doc>Sends a GET request on a previously created HTTP Session.</doc>
<status status="PASS" start="2024-08-05T13:18:54.111958" elapsed="0.122826"/>
</kw>
<kw name="Set Variable" owner="BuiltIn">
<msg time="2024-08-05T13:18:54.235903" level="INFO">${json_data} = {'results': [{'gender': 'male', 'name': {'title': 'Monsieur', 'first': 'Rui', 'last': 'Olivier'}, 'location': {'street': {'number': 1220, 'name': 'Rue Cyrus-Hugues'}, 'city': 'Gilly', 'state': 'Graubü...</msg>
<var>${json_data}</var>
<arg>${response.json()}</arg>
<doc>Returns the given values which can then be assigned to a variables.</doc>
<status status="PASS" start="2024-08-05T13:18:54.235339" elapsed="0.000595"/>
</kw>
<kw name="Log" owner="BuiltIn">
<msg time="2024-08-05T13:18:54.236476" level="INFO">{'results': [{'gender': 'male', 'name': {'title': 'Monsieur', 'first': 'Rui', 'last': 'Olivier'}, 'location': {'street': {'number': 1220, 'name': 'Rue Cyrus-Hugues'}, 'city': 'Gilly', 'state': 'Graubünden', 'country': 'Switzerland', 'postcode': 1080, 'coordinates': {'latitude': '-62.6829', 'longitude': '-154.0962'}, 'timezone': {'offset': '+8:00', 'description': 'Beijing, Perth, Singapore, Hong Kong'}}, 'email': 'rui.olivier@example.com', 'login': {'uuid': 'dcd17552-76b8-45de-b814-a59d005c1c18', 'username': 'bigelephant669', 'password': 'lucky13', 'salt': 'EzQGu14S', 'md5': 'eaf58228a7dbe6c3901364bdca5e5d16', 'sha1': '15a23f2bde5700f7b868185f8a36b8d8ec07684a', 'sha256': '53a0fa3acc599e6df23fb39cc7a15b117033b6951808e73cc3fb501bf0029100'}, 'dob': {'date': '1964-07-19T22:12:19.816Z', 'age': 60}, 'registered': {'date': '2013-11-08T06:21:00.926Z', 'age': 10}, 'phone': '075 370 70 50', 'cell': '075 021 18 90', 'id': {'name': 'AVS', 'value': '756.7833.6858.65'}, 'picture': {'large': 'https://randomuser.me/api/portraits/men/81.jpg', 'medium': 'https://randomuser.me/api/portraits/med/men/81.jpg', 'thumbnail': 'https://randomuser.me/api/portraits/thumb/men/81.jpg'}, 'nat': 'CH'}], 'info': {'seed': 'fc12eb4d4c218ecd', 'results': 1, 'page': 1, 'version': '1.4'}}</msg>
<arg>${json_data}</arg>
<doc>Logs the given message with the given level.</doc>
<status status="PASS" start="2024-08-05T13:18:54.236293" elapsed="0.000237"/>
</kw>
<kw name="Should Be Equal As Numbers" owner="BuiltIn">
<arg>${json_data['results'][0]['location']['postcode']}</arg>
<arg>${json_data['results'][0]['location']['postcode']}</arg>
<doc>Fails if objects are unequal after converting them to real numbers.</doc>
<status status="PASS" start="2024-08-05T13:18:54.236866" elapsed="0.000665"/>
</kw>
<kw name="Log" owner="BuiltIn">
<msg time="2024-08-05T13:18:54.238132" level="INFO">1080</msg>
<arg>${json_data['results'][0]['location']['postcode']}</arg>
<doc>Logs the given message with the given level.</doc>
<status status="PASS" start="2024-08-05T13:18:54.237773" elapsed="0.000404"/>
</kw>
<status status="PASS" start="2024-08-05T13:18:54.111599" elapsed="0.126874"/>
</kw>
<doc>Testa se os tipos de dados na resposta da API estão corretos.</doc>
<tag>testeTiposDados</tag>
<status status="PASS" start="2024-08-05T13:18:53.962615" elapsed="0.276048"/>
</test>
<test id="s1-s1-t5" name="Validar conteudo" line="35">
<kw name="Teste de Tipos de Conteudo" owner="random-user-service">
<kw name="GET On Session" owner="RequestsLibrary">
<msg time="2024-08-05T13:18:54.299273" level="INFO">GET Request : url=https://randomuser.me/api 
 path_url=/api 
 headers={'User-Agent': 'python-requests/2.32.3', 'Accept-Encoding': 'gzip, deflate', 'Accept': '*/*', 'Connection': 'keep-alive'} 
 body=None 
 </msg>
<msg time="2024-08-05T13:18:54.299356" level="INFO">GET Response : url=https://randomuser.me/api 
 status=200, reason=OK 
 headers={'Date': 'Mon, 05 Aug 2024 13:18:54 GMT', 'Content-Type': 'application/json; charset=utf-8', 'Transfer-Encoding': 'chunked', 'Connection': 'keep-alive', 'X-Powered-By': 'Express', 'Access-Control-Allow-Origin': '*', 'Cache-Control': 'no-cache', 'ETag': 'W/"48e-wl0RrMh5gvjroHwqFslW8uoDefw"', 'Vary': 'Accept-Encoding', 'Content-Encoding': 'gzip', 'CF-Cache-Status': 'DYNAMIC', 'Report-To': '{"endpoints":[{"url":"https:\\/\\/a.nel.cloudflare.com\\/report\\/v4?s=ZWP93GDn0U%2FjN538nWkNJK8U%2FSfIuDT2bzutRXOcwiOTvd9wpAqiHh4VFWxJGeOlpbVx8a3mSY8%2BuZeyxug%2BMjGJI8ZRU1NLXBunSoqUa8LVIThaEBKWLAVXSlJSC9uK"}],"group":"cf-nel","max_age":604800}', 'NEL': '{"success_fraction":0,"report_to":"cf-nel","max_age":604800}', 'Server': 'cloudflare', 'CF-RAY': '8ae71365090ac956-IAD', 'alt-svc': 'h3=":443"; ma=86400'} 
 body={"results":[{"gender":"male","name":{"title":"Mr","first":"Aiden","last":"Robinson"},"location":{"street":{"number":5689,"name":"Remuera Road"},"city":"Palmerston North","state":"Northland","country":"New Zealand","postcode":33605,"coordinates":{"latitude":"54.9344","longitude":"-124.6499"},"timezone":{"offset":"-3:00","description":"Brazil, Buenos Aires, Georgetown"}},"email":"aiden.robinson@example.com","login":{"uuid":"0959b984-24ad-4dc0-8b5f-8d0b8a964601","username":"goldenwolf566","password":"pyon","salt":"jqN11VaI","md5":"506e5f93db0f86b777e3ecd062ba8caf","sha1":"3f603d2e7b72292f4d5c423fb8045b75e75881ad","sha256":"df58e99b62bcbc97dabf1f4014b671a7f448894e4285cc4a3cf39277db663e24"},"dob":{"date":"1992-03-12T19:46:50.687Z","age":32},"registered":{"date":"2002-10-27T17:47:10.385Z","age":21},"phone":"(565)-323-0043","cell":"(373)-399-0525","id":{"name":"","value":null},"picture":{"large":"https://randomuser.me/api/portraits/men/68.jpg","medium":"https://randomuser.me/api/portraits/med/men/68.jpg","thumbnail":"https://randomuser.me/api/portraits/thumb/men/68.jpg"},"nat":"NZ"}],"info":{"seed":"21a99ba610f23f1c","results":1,"page":1,"version":"1.4"}} 
 </msg>
<msg time="2024-08-05T13:18:54.299423" level="INFO">/opt/hostedtoolcache/Python/3.12.4/x64/lib/python3.12/site-packages/urllib3/connectionpool.py:1099: InsecureRequestWarning: Unverified HTTPS request is being made to host 'randomuser.me'. Adding certificate verification is strongly advised. See: https://urllib3.readthedocs.io/en/latest/advanced-usage.html#tls-warnings
  warnings.warn(</msg>
<msg time="2024-08-05T13:18:54.299527" level="INFO">${response} = &lt;Response [200]&gt;</msg>
<var>${response}</var>
<arg>consultarAPI</arg>
<arg>/api</arg>
<doc>Sends a GET request on a previously created HTTP Session.</doc>
<status status="PASS" start="2024-08-05T13:18:54.241538" elapsed="0.058023"/>
</kw>
<kw name="Set Variable" owner="BuiltIn">
<msg time="2024-08-05T13:18:54.300493" level="INFO">${json_data} = {'results': [{'gender': 'male', 'name': {'title': 'Mr', 'first': 'Aiden', 'last': 'Robinson'}, 'location': {'street': {'number': 5689, 'name': 'Remuera Road'}, 'city': 'Palmerston North', 'state': 'No...</msg>
<var>${json_data}</var>
<arg>${response.json()}</arg>
<doc>Returns the given values which can then be assigned to a variables.</doc>
<status status="PASS" start="2024-08-05T13:18:54.299991" elapsed="0.000539"/>
</kw>
<kw name="Set Variable" owner="BuiltIn">
<msg time="2024-08-05T13:18:54.301252" level="INFO">${name_title} = Mr</msg>
<var>${name_title}</var>
<arg>${json_data["results"][0]["name"]["title"]}</arg>
<doc>Returns the given values which can then be assigned to a variables.</doc>
<status status="PASS" start="2024-08-05T13:18:54.300855" elapsed="0.000424"/>
</kw>
<kw name="Create List" owner="BuiltIn">
<msg time="2024-08-05T13:18:54.301749" level="INFO">${allowed_titles} = ['Mr', 'Ms', 'Miss', 'Mrs', 'Madame', 'Monsieur']</msg>
<var>${allowed_titles}</var>
<arg>Mr</arg>
<arg>Ms</arg>
<arg>Miss</arg>
<arg>Mrs</arg>
<arg>Madame</arg>
<arg>Monsieur</arg>
<doc>Returns a list containing given items.</doc>
<status status="PASS" start="2024-08-05T13:18:54.301591" elapsed="0.000184"/>
</kw>
<kw name="List Should Contain Value" owner="Collections">
<arg>${allowed_titles}</arg>
<arg>${name_title}</arg>
<doc>Fails if the ``value`` is not found from ``list``.</doc>
<status status="PASS" start="2024-08-05T13:18:54.302085" elapsed="0.000194"/>
</kw>
<kw name="Set Variable" owner="BuiltIn">
<msg time="2024-08-05T13:18:54.302910" level="INFO">${name_country} = NZ</msg>
<var>${name_country}</var>
<arg>${json_data["results"][0]["nat"]}</arg>
<doc>Returns the given values which can then be assigned to a variables.</doc>
<status status="PASS" start="2024-08-05T13:18:54.302510" elapsed="0.000427"/>
</kw>
<kw name="Create List" owner="BuiltIn">
<msg time="2024-08-05T13:18:54.303865" level="INFO">${list_country} = ['AD', 'AE', 'AF', 'AG', 'AI', 'AL', 'AM', 'AO', 'AQ', 'AR', 'AS', 'AT', 'AU', 'AW', 'AX', 'AZ', 'BA', 'BB', 'BD', 'BE', 'BF', 'BG', 'BH', 'BI', 'BJ', 'BL', 'BM', 'BN', 'BO', 'BQ', 'BR', 'BS', 'BT', '...</msg>
<var>${list_country}</var>
<arg>AD</arg>
<arg>AE</arg>
<arg>AF</arg>
<arg>AG</arg>
<arg>AI</arg>
<arg>AL</arg>
<arg>AM</arg>
<arg>AO</arg>
<arg>AQ</arg>
<arg>AR</arg>
<arg>AS</arg>
<arg>AT</arg>
<arg>AU</arg>
<arg>AW</arg>
<arg>AX</arg>
<arg>AZ</arg>
<arg>BA</arg>
<arg>BB</arg>
<arg>BD</arg>
<arg>BE</arg>
<arg>BF</arg>
<arg>BG</arg>
<arg>BH</arg>
<arg>BI</arg>
<arg>BJ</arg>
<arg>BL</arg>
<arg>BM</arg>
<arg>BN</arg>
<arg>BO</arg>
<arg>BQ</arg>
<arg>BR</arg>
<arg>BS</arg>
<arg>BT</arg>
<arg>BV</arg>
<arg>BW</arg>
<arg>BY</arg>
<arg>BZ</arg>
<arg>CA</arg>
<arg>CC</arg>
<arg>CD</arg>
<arg>CF</arg>
<arg>CG</arg>
<arg>CH</arg>
<arg>CI</arg>
<arg>CK</arg>
<arg>CL</arg>
<arg>CM</arg>
<arg>CN</arg>
<arg>CO</arg>
<arg>CR</arg>
<arg>CU</arg>
<arg>CV</arg>
<arg>CW</arg>
<arg>CX</arg>
<arg>CY</arg>
<arg>CZ</arg>
<arg>DE</arg>
<arg>DJ</arg>
<arg>DK</arg>
<arg>DM</arg>
<arg>DO</arg>
<arg>DZ</arg>
<arg>EC</arg>
<arg>EE</arg>
<arg>EG</arg>
<arg>EH</arg>
<arg>ER</arg>
<arg>ES</arg>
<arg>ET</arg>
<arg>FI</arg>
<arg>FJ</arg>
<arg>FK</arg>
<arg>FM</arg>
<arg>FO</arg>
<arg>FR</arg>
<arg>GA</arg>
<arg>GB</arg>
<arg>GD</arg>
<arg>GE</arg>
<arg>GF</arg>
<arg>GG</arg>
<arg>GH</arg>
<arg>GI</arg>
<arg>GL</arg>
<arg>GM</arg>
<arg>GN</arg>
<arg>GP</arg>
<arg>GQ</arg>
<arg>GR</arg>
<arg>GS</arg>
<arg>GT</arg>
<arg>GU</arg>
<arg>GW</arg>
<arg>GY</arg>
<arg>HK</arg>
<arg>HM</arg>
<arg>HN</arg>
<arg>HR</arg>
<arg>HT</arg>
<arg>HU</arg>
<arg>ID</arg>
<arg>IE</arg>
<arg>IL</arg>
<arg>IM</arg>
<arg>IN</arg>
<arg>IO</arg>
<arg>IQ</arg>
<arg>IR</arg>
<arg>IS</arg>
<arg>IT</arg>
<arg>JE</arg>
<arg>JM</arg>
<arg>JO</arg>
<arg>JP</arg>
<arg>KE</arg>
<arg>KG</arg>
<arg>KH</arg>
<arg>KI</arg>
<arg>KM</arg>
<arg>KN</arg>
<arg>KP</arg>
<arg>KR</arg>
<arg>KW</arg>
<arg>KY</arg>
<arg>KZ</arg>
<arg>LA</arg>
<arg>LB</arg>
<arg>LC</arg>
<arg>LI</arg>
<arg>LK</arg>
<arg>LR</arg>
<arg>LS</arg>
<arg>LT</arg>
<arg>LU</arg>
<arg>LV</arg>
<arg>LY</arg>
<arg>MA</arg>
<arg>MC</arg>
<arg>MD</arg>
<arg>ME</arg>
<arg>MF</arg>
<arg>MG</arg>
<arg>MH</arg>
<arg>MK</arg>
<arg>ML</arg>
<arg>MM</arg>
<arg>MN</arg>
<arg>MO</arg>
<arg>MP</arg>
<arg>MQ</arg>
<arg>MR</arg>
<arg>MS</arg>
<arg>MT</arg>
<arg>MU</arg>
<arg>MV</arg>
<arg>MW</arg>
<arg>MX</arg>
<arg>MY</arg>
<arg>MZ</arg>
<arg>NA</arg>
<arg>NC</arg>
<arg>NE</arg>
<arg>NF</arg>
<arg>NG</arg>
<arg>NI</arg>
<arg>NL</arg>
<arg>NO</arg>
<arg>NP</arg>
<arg>NR</arg>
<arg>NU</arg>
<arg>NZ</arg>
<arg>OM</arg>
<arg>PA</arg>
<arg>PE</arg>
<arg>PF</arg>
<arg>PG</arg>
<arg>PH</arg>
<arg>PK</arg>
<arg>PL</arg>
<arg>PM</arg>
<arg>PN</arg>
<arg>PR</arg>
<arg>PS</arg>
<arg>PT</arg>
<arg>PW</arg>
<arg>PY</arg>
<arg>QA</arg>
<arg>RE</arg>
<arg>RO</arg>
<arg>RS</arg>
<arg>RU</arg>
<arg>RW</arg>
<arg>SA</arg>
<arg>SB</arg>
<arg>SC</arg>
<arg>SD</arg>
<arg>SE</arg>
<arg>SG</arg>
<arg>SH</arg>
<arg>SI</arg>
<arg>SJ</arg>
<arg>SK</arg>
<arg>SL</arg>
<arg>SM</arg>
<arg>SN</arg>
<arg>SO</arg>
<arg>SR</arg>
<arg>SS</arg>
<arg>ST</arg>
<arg>SV</arg>
<arg>SX</arg>
<arg>SY</arg>
<arg>SZ</arg>
<arg>TC</arg>
<arg>TD</arg>
<arg>TF</arg>
<arg>TG</arg>
<arg>TH</arg>
<arg>TJ</arg>
<arg>TK</arg>
<arg>TL</arg>
<arg>TM</arg>
<arg>TN</arg>
<arg>TO</arg>
<arg>TR</arg>
<arg>TT</arg>
<arg>TV</arg>
<arg>TW</arg>
<arg>TZ</arg>
<arg>UA</arg>
<arg>UG</arg>
<arg>UM</arg>
<arg>US</arg>
<arg>UY</arg>
<arg>UZ</arg>
<arg>VA</arg>
<arg>VC</arg>
<arg>VE</arg>
<arg>VG</arg>
<arg>VI</arg>
<arg>VN</arg>
<arg>VU</arg>
<arg>WF</arg>
<arg>WS</arg>
<arg>XK</arg>
<arg>YE</arg>
<arg>YT</arg>
<arg>ZA</arg>
<arg>ZM</arg>
<arg>ZW</arg>
<doc>Returns a list containing given items.</doc>
<status status="PASS" start="2024-08-05T13:18:54.303262" elapsed="0.000631"/>
</kw>
<kw name="List Should Contain Value" owner="Collections">
<arg>${list_country}</arg>
<arg>${name_country}</arg>
<doc>Fails if the ``value`` is not found from ``list``.</doc>
<status status="PASS" start="2024-08-05T13:18:54.304874" elapsed="0.000218"/>
</kw>
<kw name="Run Keyword If" owner="BuiltIn">
<kw name="Should Be True" owner="BuiltIn">
<arg>${True}</arg>
<doc>Fails if the given condition is not true.</doc>
<status status="PASS" start="2024-08-05T13:18:54.306079" elapsed="0.000146"/>
</kw>
<arg>${json_data["results"][0]["location"]["coordinates"]["latitude"]} &gt;= -90 and ${json_data["results"][0]["location"]["coordinates"]["latitude"]} &lt;= 90</arg>
<arg>Should Be True</arg>
<arg>${True}</arg>
<doc>Runs the given keyword with the given arguments, if ``condition`` is true.</doc>
<status status="PASS" start="2024-08-05T13:18:54.305303" elapsed="0.001076"/>
</kw>
<kw name="Run Keyword If" owner="BuiltIn">
<kw name="Should Be True" owner="BuiltIn">
<arg>${True}</arg>
<doc>Fails if the given condition is not true.</doc>
<status status="PASS" start="2024-08-05T13:18:54.307301" elapsed="0.000139"/>
</kw>
<arg>${json_data["results"][0]["location"]["coordinates"]["longitude"]} &gt;= -180 and ${json_data["results"][0]["location"]["coordinates"]["longitude"]} &lt;= 180</arg>
<arg>Should Be True</arg>
<arg>${True}</arg>
<doc>Runs the given keyword with the given arguments, if ``condition`` is true.</doc>
<status status="PASS" start="2024-08-05T13:18:54.306594" elapsed="0.000972"/>
</kw>
<status status="PASS" start="2024-08-05T13:18:54.241149" elapsed="0.066554"/>
</kw>
<doc>Testa o conteúdo específico dos campos retornados pela API.</doc>
<tag>testeConteudo</tag>
<status status="PASS" start="2024-08-05T13:18:54.240452" elapsed="0.067406"/>
</test>
<status status="PASS" start="2024-08-05T13:18:53.165343" elapsed="1.144443"/>
</suite>
<status status="PASS" start="2024-08-05T13:18:53.150695" elapsed="1.164379"/>
</suite>
<statistics>
<total>
<stat pass="5" fail="0" skip="0">All Tests</stat>
</total>
<tag>
<stat pass="1" fail="0" skip="0">testeConteudo</stat>
<stat pass="1" fail="0" skip="0">testeEstruturaResposta</stat>
<stat pass="1" fail="0" skip="0">testeRequisicaoBasica</stat>
<stat pass="1" fail="0" skip="0">testeTiposDados</stat>
</tag>
<suite>
<stat pass="5" fail="0" skip="0" id="s1" name="Tests">Tests</stat>
<stat pass="5" fail="0" skip="0" id="s1-s1" name="Random-User-Test">Tests.Random-User-Test</stat>
</suite>
</statistics>
<errors>
</errors>
</robot>
