<?xml version="1.0" encoding="UTF-8"?>
<robot generator="Robot 7.0.1 (Python 3.12.4 on linux)" generated="2024-07-01T12:30:44.180744" rpa="false" schemaversion="5">
<suite id="s1" name="Tests" source="/home/runner/work/ApiRandomUser/ApiRandomUser/RamdonUser/tests">
<suite id="s1-s1" name="Random-User-Test" source="/home/runner/work/ApiRandomUser/ApiRandomUser/RamdonUser/tests/random-user-test.robot">
<test id="s1-s1-t1" name="Conectar" line="13">
<kw name="Conectar API" owner="random-user-service">
<kw name="Create Session" owner="RequestsLibrary">
<msg time="2024-07-01T12:30:44.613367" level="INFO">Creating Session using : alias=consultarAPI, url=https://randomuser.me/, headers={},                     cookies={}, auth=None, timeout=None, proxies=None, verify=False,                     debug=0 </msg>
<arg>consultarAPI</arg>
<arg>${URL}</arg>
<doc>Create Session: create a HTTP session to a server</doc>
<status status="PASS" start="2024-07-01T12:30:44.613160" elapsed="0.000383"/>
</kw>
<status status="PASS" start="2024-07-01T12:30:44.612208" elapsed="0.001695"/>
</kw>
<status status="PASS" start="2024-07-01T12:30:44.611514" elapsed="0.002582"/>
</test>
<test id="s1-s1-t2" name="Validar retorno 200 e JSON Válido" line="16">
<kw name="Teste de Requisicao Basica" owner="random-user-service">
<kw name="GET On Session" owner="RequestsLibrary">
<msg time="2024-07-01T12:30:44.702326" level="INFO">GET Request : url=https://randomuser.me/api 
 path_url=/api 
 headers={'User-Agent': 'python-requests/2.32.3', 'Accept-Encoding': 'gzip, deflate', 'Accept': '*/*', 'Connection': 'keep-alive'} 
 body=None 
 </msg>
<msg time="2024-07-01T12:30:44.702470" level="INFO">GET Response : url=https://randomuser.me/api 
 status=200, reason=OK 
 headers={'Date': 'Mon, 01 Jul 2024 12:30:44 GMT', 'Content-Type': 'application/json; charset=utf-8', 'Transfer-Encoding': 'chunked', 'Connection': 'keep-alive', 'X-Powered-By': 'Express', 'Access-Control-Allow-Origin': '*', 'Cache-Control': 'no-cache', 'ETag': 'W/"4a4-ivpqUbecJ1qfuPKZ3AYWQrsQAGY"', 'Vary': 'Accept-Encoding', 'Content-Encoding': 'gzip', 'CF-Cache-Status': 'DYNAMIC', 'Report-To': '{"endpoints":[{"url":"https:\\/\\/a.nel.cloudflare.com\\/report\\/v4?s=tmYN%2BgSdIhhYtJ6Dz56nZLnkIx%2F1DVzKi1I6ztlhD824pB13dtFdoc%2FgeXipegubwrrY5xvEp8C5N90uozNdAiU%2FbrINmJZInkP6Qb%2FV0cJIuM31ILqa%2FU8E2IuXlOUj"}],"group":"cf-nel","max_age":604800}', 'NEL': '{"success_fraction":0,"report_to":"cf-nel","max_age":604800}', 'Server': 'cloudflare', 'CF-RAY': '89c668b919d75a63-IAD', 'alt-svc': 'h3=":443"; ma=86400'} 
 body={"results":[{"gender":"male","name":{"title":"Monsieur","first":"Ahmet","last":"Chevalier"},"location":{"street":{"number":7455,"name":"Rue Principale"},"city":"Courtedoux","state":"Zürich","country":"Switzerland","postcode":1000,"coordinates":{"latitude":"-57.3504","longitude":"-139.2481"},"timezone":{"offset":"+1:00","description":"Brussels, Copenhagen, Madrid, Paris"}},"email":"ahmet.chevalier@example.com","login":{"uuid":"027bf3f5-f98d-4f8c-baed-2b490a217efa","username":"whitesnake223","password":"omega1","salt":"9JF27IWS","md5":"2e30b6d0d68a93b8ac0ba8ec13272c85","sha1":"12d07e6d44132404d599540ba61c5496e61b1ee0","sha256":"b15db308f0c082a969898d5edc1c0d02bfdab95ee181b47c807d0fe5d8e9468c"},"dob":{"date":"1984-06-26T16:35:21.975Z","age":40},"registered":{"date":"2007-12-03T20:21:02.492Z","age":16},"phone":"078 114 99 68","cell":"077 970 66 44","id":{"name":"AVS","value":"756.3982.4309.02"},"picture":{"large":"https://randomuser.me/api/portraits/men/58.jpg","medium":"https://randomuser.me/api/portraits/med/men/58.jpg","thumbnail":"https://randomuser.me/api/portraits/thumb/men/58.jpg"},"nat":"CH"}],"info":{"seed":"ed6a010ba8c60750","results":1,"page":1,"version":"1.4"}} 
 </msg>
<msg time="2024-07-01T12:30:44.702552" level="INFO">/opt/hostedtoolcache/Python/3.12.4/x64/lib/python3.12/site-packages/urllib3/connectionpool.py:1099: InsecureRequestWarning: Unverified HTTPS request is being made to host 'randomuser.me'. Adding certificate verification is strongly advised. See: https://urllib3.readthedocs.io/en/latest/advanced-usage.html#tls-warnings
  warnings.warn(</msg>
<msg time="2024-07-01T12:30:44.702680" level="INFO">${response} = &lt;Response [200]&gt;</msg>
<var>${response}</var>
<arg>consultarAPI</arg>
<arg>/api</arg>
<doc>Sends a GET request on a previously created HTTP Session.</doc>
<status status="PASS" start="2024-07-01T12:30:44.616855" elapsed="0.085868"/>
</kw>
<kw name="Should Be Equal As Numbers" owner="BuiltIn">
<msg time="2024-07-01T12:30:44.703835" level="INFO">Argument types are:
&lt;class 'int'&gt;
&lt;class 'str'&gt;</msg>
<arg>${response.status_code}</arg>
<arg>200</arg>
<doc>Fails if objects are unequal after converting them to real numbers.</doc>
<status status="PASS" start="2024-07-01T12:30:44.703271" elapsed="0.000628"/>
</kw>
<kw name="Log" owner="BuiltIn">
<msg time="2024-07-01T12:30:44.704577" level="INFO">200</msg>
<arg>${response.status_code}</arg>
<doc>Logs the given message with the given level.</doc>
<status status="PASS" start="2024-07-01T12:30:44.704217" elapsed="0.000403"/>
</kw>
<kw name="Set Variable" owner="BuiltIn">
<msg time="2024-07-01T12:30:44.705362" level="INFO">${json_data} = {'results': [{'gender': 'male', 'name': {'title': 'Monsieur', 'first': 'Ahmet', 'last': 'Chevalier'}, 'location': {'street': {'number': 7455, 'name': 'Rue Principale'}, 'city': 'Courtedoux', 'state': ...</msg>
<var>${json_data}</var>
<arg>${response.json()}</arg>
<doc>Returns the given values which can then be assigned to a variables.</doc>
<status status="PASS" start="2024-07-01T12:30:44.704920" elapsed="0.000471"/>
</kw>
<kw name="Dictionary Should Contain Key" owner="Collections">
<arg>${json_data}</arg>
<arg>results</arg>
<doc>Fails if ``key`` is not found from ``dictionary``.</doc>
<status status="PASS" start="2024-07-01T12:30:44.705686" elapsed="0.000162"/>
</kw>
<status status="PASS" start="2024-07-01T12:30:44.616603" elapsed="0.089394"/>
</kw>
<doc>Testa se a API responde corretamente e retorna um objeto JSON válido.</doc>
<tag>testeRequisicaoBasica</tag>
<status status="PASS" start="2024-07-01T12:30:44.615998" elapsed="0.090162"/>
</test>
<test id="s1-s1-t3" name="Validar estrutura de resposta" line="22">
<kw name="Teste de Estrutura de Resposta" owner="random-user-service">
<kw name="GET On Session" owner="RequestsLibrary">
<msg time="2024-07-01T12:30:44.786940" level="INFO">GET Request : url=https://randomuser.me/api 
 path_url=/api 
 headers={'User-Agent': 'python-requests/2.32.3', 'Accept-Encoding': 'gzip, deflate', 'Accept': '*/*', 'Connection': 'keep-alive'} 
 body=None 
 </msg>
<msg time="2024-07-01T12:30:44.787025" level="INFO">GET Response : url=https://randomuser.me/api 
 status=200, reason=OK 
 headers={'Date': 'Mon, 01 Jul 2024 12:30:44 GMT', 'Content-Type': 'application/json; charset=utf-8', 'Transfer-Encoding': 'chunked', 'Connection': 'keep-alive', 'X-Powered-By': 'Express', 'Access-Control-Allow-Origin': '*', 'Cache-Control': 'no-cache', 'ETag': 'W/"495-TuVvP19ts7l0P4PLh7fQ1XEhMzk"', 'Vary': 'Accept-Encoding', 'Content-Encoding': 'gzip', 'CF-Cache-Status': 'DYNAMIC', 'Report-To': '{"endpoints":[{"url":"https:\\/\\/a.nel.cloudflare.com\\/report\\/v4?s=%2BNYYhhciWiySVdlHVpBoy0ybOCqUugOmbJe9HoxfFJslbxwgBekk5GfmuWpbx4Iaxjs5C6BsXOWjDUQvfL%2BvLKW4YgtrR5RrqI%2F7WYnEOPYYLl9yqz57wf1q53DRCZt0"}],"group":"cf-nel","max_age":604800}', 'NEL': '{"success_fraction":0,"report_to":"cf-nel","max_age":604800}', 'Server': 'cloudflare', 'CF-RAY': '89c668b97a295a63-IAD', 'alt-svc': 'h3=":443"; ma=86400'} 
 body={"results":[{"gender":"male","name":{"title":"Mr","first":"Robert","last":"Hunter"},"location":{"street":{"number":1647,"name":"Karen Dr"},"city":"Dubbo","state":"Australian Capital Territory","country":"Australia","postcode":7829,"coordinates":{"latitude":"-85.4766","longitude":"-167.5910"},"timezone":{"offset":"+4:00","description":"Abu Dhabi, Muscat, Baku, Tbilisi"}},"email":"robert.hunter@example.com","login":{"uuid":"d7926507-c9c9-4f67-bd3e-92228cadef9f","username":"browntiger619","password":"socks","salt":"YKVL0xD9","md5":"cb2323f4a7177bf5eb6317c669c535dc","sha1":"84a7bea3ac815d736d60ce4152eb732349818fde","sha256":"8166cdd3c42424e01f6505b4be4f56c0ffc45ba7f1a54ba23a2aa85ed1fccd63"},"dob":{"date":"1952-06-01T03:00:34.644Z","age":72},"registered":{"date":"2005-09-15T15:14:42.063Z","age":18},"phone":"05-7688-9593","cell":"0475-182-248","id":{"name":"TFN","value":"449849132"},"picture":{"large":"https://randomuser.me/api/portraits/men/14.jpg","medium":"https://randomuser.me/api/portraits/med/men/14.jpg","thumbnail":"https://randomuser.me/api/portraits/thumb/men/14.jpg"},"nat":"AU"}],"info":{"seed":"8fcd9f756a705900","results":1,"page":1,"version":"1.4"}} 
 </msg>
<msg time="2024-07-01T12:30:44.787150" level="INFO">/opt/hostedtoolcache/Python/3.12.4/x64/lib/python3.12/site-packages/urllib3/connectionpool.py:1099: InsecureRequestWarning: Unverified HTTPS request is being made to host 'randomuser.me'. Adding certificate verification is strongly advised. See: https://urllib3.readthedocs.io/en/latest/advanced-usage.html#tls-warnings
  warnings.warn(</msg>
<msg time="2024-07-01T12:30:44.787274" level="INFO">${response} = &lt;Response [200]&gt;</msg>
<var>${response}</var>
<arg>consultarAPI</arg>
<arg>/api</arg>
<doc>Sends a GET request on a previously created HTTP Session.</doc>
<status status="PASS" start="2024-07-01T12:30:44.708678" elapsed="0.078644"/>
</kw>
<kw name="Set Variable" owner="BuiltIn">
<msg time="2024-07-01T12:30:44.788230" level="INFO">${json_data} = {'results': [{'gender': 'male', 'name': {'title': 'Mr', 'first': 'Robert', 'last': 'Hunter'}, 'location': {'street': {'number': 1647, 'name': 'Karen Dr'}, 'city': 'Dubbo', 'state': 'Australian Capital...</msg>
<var>${json_data}</var>
<arg>${response.json()}</arg>
<doc>Returns the given values which can then be assigned to a variables.</doc>
<status status="PASS" start="2024-07-01T12:30:44.787774" elapsed="0.000485"/>
</kw>
<kw name="Log" owner="BuiltIn">
<msg time="2024-07-01T12:30:44.788724" level="INFO">{'results': [{'gender': 'male', 'name': {'title': 'Mr', 'first': 'Robert', 'last': 'Hunter'}, 'location': {'street': {'number': 1647, 'name': 'Karen Dr'}, 'city': 'Dubbo', 'state': 'Australian Capital Territory', 'country': 'Australia', 'postcode': 7829, 'coordinates': {'latitude': '-85.4766', 'longitude': '-167.5910'}, 'timezone': {'offset': '+4:00', 'description': 'Abu Dhabi, Muscat, Baku, Tbilisi'}}, 'email': 'robert.hunter@example.com', 'login': {'uuid': 'd7926507-c9c9-4f67-bd3e-92228cadef9f', 'username': 'browntiger619', 'password': 'socks', 'salt': 'YKVL0xD9', 'md5': 'cb2323f4a7177bf5eb6317c669c535dc', 'sha1': '84a7bea3ac815d736d60ce4152eb732349818fde', 'sha256': '8166cdd3c42424e01f6505b4be4f56c0ffc45ba7f1a54ba23a2aa85ed1fccd63'}, 'dob': {'date': '1952-06-01T03:00:34.644Z', 'age': 72}, 'registered': {'date': '2005-09-15T15:14:42.063Z', 'age': 18}, 'phone': '05-7688-9593', 'cell': '0475-182-248', 'id': {'name': 'TFN', 'value': '449849132'}, 'picture': {'large': 'https://randomuser.me/api/portraits/men/14.jpg', 'medium': 'https://randomuser.me/api/portraits/med/men/14.jpg', 'thumbnail': 'https://randomuser.me/api/portraits/thumb/men/14.jpg'}, 'nat': 'AU'}], 'info': {'seed': '8fcd9f756a705900', 'results': 1, 'page': 1, 'version': '1.4'}}</msg>
<arg>${json_data}</arg>
<doc>Logs the given message with the given level.</doc>
<status status="PASS" start="2024-07-01T12:30:44.788569" elapsed="0.000203"/>
</kw>
<kw name="Dictionary Should Contain Key" owner="Collections">
<arg>${json_data}</arg>
<arg>results</arg>
<doc>Fails if ``key`` is not found from ``dictionary``.</doc>
<status status="PASS" start="2024-07-01T12:30:44.789059" elapsed="0.000153"/>
</kw>
<kw name="Should Not Be Empty" owner="BuiltIn">
<msg time="2024-07-01T12:30:44.789527" level="INFO">Length is 2.</msg>
<arg>${json_data}</arg>
<doc>Verifies that the given item is not empty.</doc>
<status status="PASS" start="2024-07-01T12:30:44.789400" elapsed="0.000166"/>
</kw>
<kw name="Create List" owner="BuiltIn">
<msg time="2024-07-01T12:30:44.790136" level="INFO">${expected_keys} = ['gender', 'name', 'location', 'email', 'login']</msg>
<var>${expected_keys}</var>
<arg>gender</arg>
<arg>name</arg>
<arg>location</arg>
<arg>email</arg>
<arg>login</arg>
<doc>Returns a list containing given items.</doc>
<status status="PASS" start="2024-07-01T12:30:44.789859" elapsed="0.000302"/>
</kw>
<for flavor="IN">
<iter>
<kw name="Dictionary Should Contain Key" owner="Collections">
<arg>${json_data['results'][0]}</arg>
<arg>${key}</arg>
<doc>Fails if ``key`` is not found from ``dictionary``.</doc>
<status status="PASS" start="2024-07-01T12:30:44.790733" elapsed="0.000409"/>
</kw>
<kw name="Log" owner="BuiltIn">
<msg time="2024-07-01T12:30:44.791719" level="INFO">{'gender': 'male', 'name': {'title': 'Mr', 'first': 'Robert', 'last': 'Hunter'}, 'location': {'street': {'number': 1647, 'name': 'Karen Dr'}, 'city': 'Dubbo', 'state': 'Australian Capital Territory', 'country': 'Australia', 'postcode': 7829, 'coordinates': {'latitude': '-85.4766', 'longitude': '-167.5910'}, 'timezone': {'offset': '+4:00', 'description': 'Abu Dhabi, Muscat, Baku, Tbilisi'}}, 'email': 'robert.hunter@example.com', 'login': {'uuid': 'd7926507-c9c9-4f67-bd3e-92228cadef9f', 'username': 'browntiger619', 'password': 'socks', 'salt': 'YKVL0xD9', 'md5': 'cb2323f4a7177bf5eb6317c669c535dc', 'sha1': '84a7bea3ac815d736d60ce4152eb732349818fde', 'sha256': '8166cdd3c42424e01f6505b4be4f56c0ffc45ba7f1a54ba23a2aa85ed1fccd63'}, 'dob': {'date': '1952-06-01T03:00:34.644Z', 'age': 72}, 'registered': {'date': '2005-09-15T15:14:42.063Z', 'age': 18}, 'phone': '05-7688-9593', 'cell': '0475-182-248', 'id': {'name': 'TFN', 'value': '449849132'}, 'picture': {'large': 'https://randomuser.me/api/portraits/men/14.jpg', 'medium': 'https://randomuser.me/api/portraits/med/men/14.jpg', 'thumbnail': 'https://randomuser.me/api/portraits/thumb/men/14.jpg'}, 'nat': 'AU'}</msg>
<arg>${json_data['results'][0]}</arg>
<doc>Logs the given message with the given level.</doc>
<status status="PASS" start="2024-07-01T12:30:44.791328" elapsed="0.000444"/>
</kw>
<kw name="Log" owner="BuiltIn">
<msg time="2024-07-01T12:30:44.792207" level="INFO">gender</msg>
<arg>${key}</arg>
<doc>Logs the given message with the given level.</doc>
<status status="PASS" start="2024-07-01T12:30:44.792079" elapsed="0.000166"/>
</kw>
<var name="${key}">gender</var>
<status status="PASS" start="2024-07-01T12:30:44.790611" elapsed="0.001852"/>
</iter>
<iter>
<kw name="Dictionary Should Contain Key" owner="Collections">
<arg>${json_data['results'][0]}</arg>
<arg>${key}</arg>
<doc>Fails if ``key`` is not found from ``dictionary``.</doc>
<status status="PASS" start="2024-07-01T12:30:44.792761" elapsed="0.000402"/>
</kw>
<kw name="Log" owner="BuiltIn">
<msg time="2024-07-01T12:30:44.793702" level="INFO">{'gender': 'male', 'name': {'title': 'Mr', 'first': 'Robert', 'last': 'Hunter'}, 'location': {'street': {'number': 1647, 'name': 'Karen Dr'}, 'city': 'Dubbo', 'state': 'Australian Capital Territory', 'country': 'Australia', 'postcode': 7829, 'coordinates': {'latitude': '-85.4766', 'longitude': '-167.5910'}, 'timezone': {'offset': '+4:00', 'description': 'Abu Dhabi, Muscat, Baku, Tbilisi'}}, 'email': 'robert.hunter@example.com', 'login': {'uuid': 'd7926507-c9c9-4f67-bd3e-92228cadef9f', 'username': 'browntiger619', 'password': 'socks', 'salt': 'YKVL0xD9', 'md5': 'cb2323f4a7177bf5eb6317c669c535dc', 'sha1': '84a7bea3ac815d736d60ce4152eb732349818fde', 'sha256': '8166cdd3c42424e01f6505b4be4f56c0ffc45ba7f1a54ba23a2aa85ed1fccd63'}, 'dob': {'date': '1952-06-01T03:00:34.644Z', 'age': 72}, 'registered': {'date': '2005-09-15T15:14:42.063Z', 'age': 18}, 'phone': '05-7688-9593', 'cell': '0475-182-248', 'id': {'name': 'TFN', 'value': '449849132'}, 'picture': {'large': 'https://randomuser.me/api/portraits/men/14.jpg', 'medium': 'https://randomuser.me/api/portraits/med/men/14.jpg', 'thumbnail': 'https://randomuser.me/api/portraits/thumb/men/14.jpg'}, 'nat': 'AU'}</msg>
<arg>${json_data['results'][0]}</arg>
<doc>Logs the given message with the given level.</doc>
<status status="PASS" start="2024-07-01T12:30:44.793345" elapsed="0.000435"/>
</kw>
<kw name="Log" owner="BuiltIn">
<msg time="2024-07-01T12:30:44.794202" level="INFO">name</msg>
<arg>${key}</arg>
<doc>Logs the given message with the given level.</doc>
<status status="PASS" start="2024-07-01T12:30:44.794076" elapsed="0.000163"/>
</kw>
<var name="${key}">name</var>
<status status="PASS" start="2024-07-01T12:30:44.792648" elapsed="0.001809"/>
</iter>
<iter>
<kw name="Dictionary Should Contain Key" owner="Collections">
<arg>${json_data['results'][0]}</arg>
<arg>${key}</arg>
<doc>Fails if ``key`` is not found from ``dictionary``.</doc>
<status status="PASS" start="2024-07-01T12:30:44.794742" elapsed="0.000380"/>
</kw>
<kw name="Log" owner="BuiltIn">
<msg time="2024-07-01T12:30:44.795655" level="INFO">{'gender': 'male', 'name': {'title': 'Mr', 'first': 'Robert', 'last': 'Hunter'}, 'location': {'street': {'number': 1647, 'name': 'Karen Dr'}, 'city': 'Dubbo', 'state': 'Australian Capital Territory', 'country': 'Australia', 'postcode': 7829, 'coordinates': {'latitude': '-85.4766', 'longitude': '-167.5910'}, 'timezone': {'offset': '+4:00', 'description': 'Abu Dhabi, Muscat, Baku, Tbilisi'}}, 'email': 'robert.hunter@example.com', 'login': {'uuid': 'd7926507-c9c9-4f67-bd3e-92228cadef9f', 'username': 'browntiger619', 'password': 'socks', 'salt': 'YKVL0xD9', 'md5': 'cb2323f4a7177bf5eb6317c669c535dc', 'sha1': '84a7bea3ac815d736d60ce4152eb732349818fde', 'sha256': '8166cdd3c42424e01f6505b4be4f56c0ffc45ba7f1a54ba23a2aa85ed1fccd63'}, 'dob': {'date': '1952-06-01T03:00:34.644Z', 'age': 72}, 'registered': {'date': '2005-09-15T15:14:42.063Z', 'age': 18}, 'phone': '05-7688-9593', 'cell': '0475-182-248', 'id': {'name': 'TFN', 'value': '449849132'}, 'picture': {'large': 'https://randomuser.me/api/portraits/men/14.jpg', 'medium': 'https://randomuser.me/api/portraits/med/men/14.jpg', 'thumbnail': 'https://randomuser.me/api/portraits/thumb/men/14.jpg'}, 'nat': 'AU'}</msg>
<arg>${json_data['results'][0]}</arg>
<doc>Logs the given message with the given level.</doc>
<status status="PASS" start="2024-07-01T12:30:44.795304" elapsed="0.000430"/>
</kw>
<kw name="Log" owner="BuiltIn">
<msg time="2024-07-01T12:30:44.796164" level="INFO">location</msg>
<arg>${key}</arg>
<doc>Logs the given message with the given level.</doc>
<status status="PASS" start="2024-07-01T12:30:44.796037" elapsed="0.000165"/>
</kw>
<var name="${key}">location</var>
<status status="PASS" start="2024-07-01T12:30:44.794636" elapsed="0.001781"/>
</iter>
<iter>
<kw name="Dictionary Should Contain Key" owner="Collections">
<arg>${json_data['results'][0]}</arg>
<arg>${key}</arg>
<doc>Fails if ``key`` is not found from ``dictionary``.</doc>
<status status="PASS" start="2024-07-01T12:30:44.796696" elapsed="0.000389"/>
</kw>
<kw name="Log" owner="BuiltIn">
<msg time="2024-07-01T12:30:44.797619" level="INFO">{'gender': 'male', 'name': {'title': 'Mr', 'first': 'Robert', 'last': 'Hunter'}, 'location': {'street': {'number': 1647, 'name': 'Karen Dr'}, 'city': 'Dubbo', 'state': 'Australian Capital Territory', 'country': 'Australia', 'postcode': 7829, 'coordinates': {'latitude': '-85.4766', 'longitude': '-167.5910'}, 'timezone': {'offset': '+4:00', 'description': 'Abu Dhabi, Muscat, Baku, Tbilisi'}}, 'email': 'robert.hunter@example.com', 'login': {'uuid': 'd7926507-c9c9-4f67-bd3e-92228cadef9f', 'username': 'browntiger619', 'password': 'socks', 'salt': 'YKVL0xD9', 'md5': 'cb2323f4a7177bf5eb6317c669c535dc', 'sha1': '84a7bea3ac815d736d60ce4152eb732349818fde', 'sha256': '8166cdd3c42424e01f6505b4be4f56c0ffc45ba7f1a54ba23a2aa85ed1fccd63'}, 'dob': {'date': '1952-06-01T03:00:34.644Z', 'age': 72}, 'registered': {'date': '2005-09-15T15:14:42.063Z', 'age': 18}, 'phone': '05-7688-9593', 'cell': '0475-182-248', 'id': {'name': 'TFN', 'value': '449849132'}, 'picture': {'large': 'https://randomuser.me/api/portraits/men/14.jpg', 'medium': 'https://randomuser.me/api/portraits/med/men/14.jpg', 'thumbnail': 'https://randomuser.me/api/portraits/thumb/men/14.jpg'}, 'nat': 'AU'}</msg>
<arg>${json_data['results'][0]}</arg>
<doc>Logs the given message with the given level.</doc>
<status status="PASS" start="2024-07-01T12:30:44.797267" elapsed="0.000398"/>
</kw>
<kw name="Log" owner="BuiltIn">
<msg time="2024-07-01T12:30:44.798090" level="INFO">email</msg>
<arg>${key}</arg>
<doc>Logs the given message with the given level.</doc>
<status status="PASS" start="2024-07-01T12:30:44.797964" elapsed="0.000164"/>
</kw>
<var name="${key}">email</var>
<status status="PASS" start="2024-07-01T12:30:44.796590" elapsed="0.001760"/>
</iter>
<iter>
<kw name="Dictionary Should Contain Key" owner="Collections">
<arg>${json_data['results'][0]}</arg>
<arg>${key}</arg>
<doc>Fails if ``key`` is not found from ``dictionary``.</doc>
<status status="PASS" start="2024-07-01T12:30:44.798646" elapsed="0.000391"/>
</kw>
<kw name="Log" owner="BuiltIn">
<msg time="2024-07-01T12:30:44.799568" level="INFO">{'gender': 'male', 'name': {'title': 'Mr', 'first': 'Robert', 'last': 'Hunter'}, 'location': {'street': {'number': 1647, 'name': 'Karen Dr'}, 'city': 'Dubbo', 'state': 'Australian Capital Territory', 'country': 'Australia', 'postcode': 7829, 'coordinates': {'latitude': '-85.4766', 'longitude': '-167.5910'}, 'timezone': {'offset': '+4:00', 'description': 'Abu Dhabi, Muscat, Baku, Tbilisi'}}, 'email': 'robert.hunter@example.com', 'login': {'uuid': 'd7926507-c9c9-4f67-bd3e-92228cadef9f', 'username': 'browntiger619', 'password': 'socks', 'salt': 'YKVL0xD9', 'md5': 'cb2323f4a7177bf5eb6317c669c535dc', 'sha1': '84a7bea3ac815d736d60ce4152eb732349818fde', 'sha256': '8166cdd3c42424e01f6505b4be4f56c0ffc45ba7f1a54ba23a2aa85ed1fccd63'}, 'dob': {'date': '1952-06-01T03:00:34.644Z', 'age': 72}, 'registered': {'date': '2005-09-15T15:14:42.063Z', 'age': 18}, 'phone': '05-7688-9593', 'cell': '0475-182-248', 'id': {'name': 'TFN', 'value': '449849132'}, 'picture': {'large': 'https://randomuser.me/api/portraits/men/14.jpg', 'medium': 'https://randomuser.me/api/portraits/med/men/14.jpg', 'thumbnail': 'https://randomuser.me/api/portraits/thumb/men/14.jpg'}, 'nat': 'AU'}</msg>
<arg>${json_data['results'][0]}</arg>
<doc>Logs the given message with the given level.</doc>
<status status="PASS" start="2024-07-01T12:30:44.799218" elapsed="0.000397"/>
</kw>
<kw name="Log" owner="BuiltIn">
<msg time="2024-07-01T12:30:44.800075" level="INFO">login</msg>
<arg>${key}</arg>
<doc>Logs the given message with the given level.</doc>
<status status="PASS" start="2024-07-01T12:30:44.799946" elapsed="0.000166"/>
</kw>
<var name="${key}">login</var>
<status status="PASS" start="2024-07-01T12:30:44.798524" elapsed="0.001803"/>
</iter>
<var>${key}</var>
<value>@{expected_keys}</value>
<status status="PASS" start="2024-07-01T12:30:44.790425" elapsed="0.010024"/>
</for>
<kw name="Create List" owner="BuiltIn">
<msg time="2024-07-01T12:30:44.800781" level="INFO">${expected_keysTwo} = ['username', 'password']</msg>
<var>${expected_keysTwo}</var>
<arg>username</arg>
<arg>password</arg>
<doc>Returns a list containing given items.</doc>
<status status="PASS" start="2024-07-01T12:30:44.800642" elapsed="0.000192"/>
</kw>
<for flavor="IN">
<iter>
<kw name="Dictionary Should Contain Key" owner="Collections">
<arg>${json_data['results'][0]['login']}</arg>
<arg>${keyTwo}</arg>
<doc>Fails if ``key`` is not found from ``dictionary``.</doc>
<status status="PASS" start="2024-07-01T12:30:44.801346" elapsed="0.000388"/>
</kw>
<kw name="Dictionary Should Contain Key" owner="Collections">
<arg>${json_data['results'][0]['login']}</arg>
<arg>${keyTwo}</arg>
<doc>Fails if ``key`` is not found from ``dictionary``.</doc>
<status status="PASS" start="2024-07-01T12:30:44.801914" elapsed="0.000379"/>
</kw>
<kw name="Log" owner="BuiltIn">
<msg time="2024-07-01T12:30:44.802597" level="INFO">username</msg>
<arg>${keyTwo}</arg>
<doc>Logs the given message with the given level.</doc>
<status status="PASS" start="2024-07-01T12:30:44.802475" elapsed="0.000159"/>
</kw>
<var name="${keyTwo}">username</var>
<status status="PASS" start="2024-07-01T12:30:44.801238" elapsed="0.001621"/>
</iter>
<iter>
<kw name="Dictionary Should Contain Key" owner="Collections">
<arg>${json_data['results'][0]['login']}</arg>
<arg>${keyTwo}</arg>
<doc>Fails if ``key`` is not found from ``dictionary``.</doc>
<status status="PASS" start="2024-07-01T12:30:44.803138" elapsed="0.000390"/>
</kw>
<kw name="Dictionary Should Contain Key" owner="Collections">
<arg>${json_data['results'][0]['login']}</arg>
<arg>${keyTwo}</arg>
<doc>Fails if ``key`` is not found from ``dictionary``.</doc>
<status status="PASS" start="2024-07-01T12:30:44.803741" elapsed="0.000379"/>
</kw>
<kw name="Log" owner="BuiltIn">
<msg time="2024-07-01T12:30:44.804416" level="INFO">password</msg>
<arg>${keyTwo}</arg>
<doc>Logs the given message with the given level.</doc>
<status status="PASS" start="2024-07-01T12:30:44.804298" elapsed="0.000159"/>
</kw>
<var name="${keyTwo}">password</var>
<status status="PASS" start="2024-07-01T12:30:44.803032" elapsed="0.001738"/>
</iter>
<var>${keyTwo}</var>
<value>@{expected_keysTwo}</value>
<status status="PASS" start="2024-07-01T12:30:44.801078" elapsed="0.003815"/>
</for>
<status status="PASS" start="2024-07-01T12:30:44.708450" elapsed="0.096585"/>
</kw>
<doc>Testa a estrutura da resposta da API.</doc>
<tag>testeEstruturaResposta</tag>
<status status="PASS" start="2024-07-01T12:30:44.707975" elapsed="0.097212"/>
</test>
<test id="s1-s1-t4" name="Validar tipos de dados" line="28">
<kw name="Teste de Tipos de Dados" owner="random-user-service">
<kw name="GET On Session" owner="RequestsLibrary">
<msg time="2024-07-01T12:30:44.892077" level="INFO">GET Request : url=https://randomuser.me/api 
 path_url=/api 
 headers={'User-Agent': 'python-requests/2.32.3', 'Accept-Encoding': 'gzip, deflate', 'Accept': '*/*', 'Connection': 'keep-alive'} 
 body=None 
 </msg>
<msg time="2024-07-01T12:30:44.892172" level="INFO">GET Response : url=https://randomuser.me/api 
 status=200, reason=OK 
 headers={'Date': 'Mon, 01 Jul 2024 12:30:44 GMT', 'Content-Type': 'application/json; charset=utf-8', 'Transfer-Encoding': 'chunked', 'Connection': 'keep-alive', 'X-Powered-By': 'Express', 'Access-Control-Allow-Origin': '*', 'Cache-Control': 'no-cache', 'ETag': 'W/"493-pK/hxgRtqQ77yN56kCN/1zxqdGU"', 'Vary': 'Accept-Encoding', 'Content-Encoding': 'gzip', 'CF-Cache-Status': 'DYNAMIC', 'Report-To': '{"endpoints":[{"url":"https:\\/\\/a.nel.cloudflare.com\\/report\\/v4?s=gdweWo86t0yilMNugtl98SBCzutVHQL3zENQXVTeMwrZjPLMrSAKR0msyeZ0iK9w0khNGFRgxbUB%2Flp0w%2FBEYOEjFN4hPIGUD0orDq8H1Mw9Ro9xXO4Rh6EhiUBH%2BxED"}],"group":"cf-nel","max_age":604800}', 'NEL': '{"success_fraction":0,"report_to":"cf-nel","max_age":604800}', 'Server': 'cloudflare', 'CF-RAY': '89c668ba0a885a63-IAD', 'alt-svc': 'h3=":443"; ma=86400'} 
 body={"results":[{"gender":"female","name":{"title":"Miss","first":"Milena","last":"Isaković"},"location":{"street":{"number":2454,"name":"Dušana Damjanovića"},"city":"Subotica","state":"Kosovo","country":"Serbia","postcode":93520,"coordinates":{"latitude":"63.4619","longitude":"173.2839"},"timezone":{"offset":"+2:00","description":"Kaliningrad, South Africa"}},"email":"milena.isakovic@example.com","login":{"uuid":"835833c3-e1ee-4f76-a511-79d585b50a6a","username":"bigladybug627","password":"ashton","salt":"e340Cz6u","md5":"3c9131bcddb6625bff6c9d15c19d3c20","sha1":"20af17893f3c3fd56509c6f1111774278498f41a","sha256":"5e61401a19eac335d02195913ed7c9725b2f05191eb53a971c35b3a1c4426cf3"},"dob":{"date":"1993-04-17T02:32:51.265Z","age":31},"registered":{"date":"2008-12-02T17:15:58.088Z","age":15},"phone":"017-3063-698","cell":"061-6466-345","id":{"name":"SID","value":"227015924"},"picture":{"large":"https://randomuser.me/api/portraits/women/51.jpg","medium":"https://randomuser.me/api/portraits/med/women/51.jpg","thumbnail":"https://randomuser.me/api/portraits/thumb/women/51.jpg"},"nat":"RS"}],"info":{"seed":"b85d34d8fd609a52","results":1,"page":1,"version":"1.4"}} 
 </msg>
<msg time="2024-07-01T12:30:44.892244" level="INFO">/opt/hostedtoolcache/Python/3.12.4/x64/lib/python3.12/site-packages/urllib3/connectionpool.py:1099: InsecureRequestWarning: Unverified HTTPS request is being made to host 'randomuser.me'. Adding certificate verification is strongly advised. See: https://urllib3.readthedocs.io/en/latest/advanced-usage.html#tls-warnings
  warnings.warn(</msg>
<msg time="2024-07-01T12:30:44.892356" level="INFO">${response} = &lt;Response [200]&gt;</msg>
<var>${response}</var>
<arg>consultarAPI</arg>
<arg>/api</arg>
<doc>Sends a GET request on a previously created HTTP Session.</doc>
<status status="PASS" start="2024-07-01T12:30:44.807609" elapsed="0.084786"/>
</kw>
<kw name="Set Variable" owner="BuiltIn">
<msg time="2024-07-01T12:30:44.893430" level="INFO">${json_data} = {'results': [{'gender': 'female', 'name': {'title': 'Miss', 'first': 'Milena', 'last': 'Isaković'}, 'location': {'street': {'number': 2454, 'name': 'Dušana Damjanovića'}, 'city': 'Subotica', 'state': ...</msg>
<var>${json_data}</var>
<arg>${response.json()}</arg>
<doc>Returns the given values which can then be assigned to a variables.</doc>
<status status="PASS" start="2024-07-01T12:30:44.892898" elapsed="0.000568"/>
</kw>
<kw name="Log" owner="BuiltIn">
<msg time="2024-07-01T12:30:44.893979" level="INFO">{'results': [{'gender': 'female', 'name': {'title': 'Miss', 'first': 'Milena', 'last': 'Isaković'}, 'location': {'street': {'number': 2454, 'name': 'Dušana Damjanovića'}, 'city': 'Subotica', 'state': 'Kosovo', 'country': 'Serbia', 'postcode': 93520, 'coordinates': {'latitude': '63.4619', 'longitude': '173.2839'}, 'timezone': {'offset': '+2:00', 'description': 'Kaliningrad, South Africa'}}, 'email': 'milena.isakovic@example.com', 'login': {'uuid': '835833c3-e1ee-4f76-a511-79d585b50a6a', 'username': 'bigladybug627', 'password': 'ashton', 'salt': 'e340Cz6u', 'md5': '3c9131bcddb6625bff6c9d15c19d3c20', 'sha1': '20af17893f3c3fd56509c6f1111774278498f41a', 'sha256': '5e61401a19eac335d02195913ed7c9725b2f05191eb53a971c35b3a1c4426cf3'}, 'dob': {'date': '1993-04-17T02:32:51.265Z', 'age': 31}, 'registered': {'date': '2008-12-02T17:15:58.088Z', 'age': 15}, 'phone': '017-3063-698', 'cell': '061-6466-345', 'id': {'name': 'SID', 'value': '227015924'}, 'picture': {'large': 'https://randomuser.me/api/portraits/women/51.jpg', 'medium': 'https://randomuser.me/api/portraits/med/women/51.jpg', 'thumbnail': 'https://randomuser.me/api/portraits/thumb/women/51.jpg'}, 'nat': 'RS'}], 'info': {'seed': 'b85d34d8fd609a52', 'results': 1, 'page': 1, 'version': '1.4'}}</msg>
<arg>${json_data}</arg>
<doc>Logs the given message with the given level.</doc>
<status status="PASS" start="2024-07-01T12:30:44.893804" elapsed="0.000228"/>
</kw>
<kw name="Should Be String" owner="String">
<arg>${json_data['results'][0]['gender']}</arg>
<doc>Fails if the given ``item`` is not a string.</doc>
<status status="PASS" start="2024-07-01T12:30:44.894335" elapsed="0.000371"/>
</kw>
<kw name="Should Match Regexp" owner="BuiltIn">
<arg>${json_data['results'][0]['email']}</arg>
<arg>^[a-zA-Z0-9._%+-]+@[a-zA-Z0-9.-]+\.[a-zA-Z]{2,}$</arg>
<doc>Fails if ``string`` does not match ``pattern`` as a regular expression.</doc>
<status status="PASS" start="2024-07-01T12:30:44.894899" elapsed="0.000608"/>
</kw>
<kw name="Should Match Regexp" owner="BuiltIn">
<arg>${json_data['results'][0]['dob']['date']}</arg>
<arg>\\d{4}-\\d{2}-\\d{2}T\\d{2}:\\d{2}:\\d{2}\\.\\d{3}Z</arg>
<doc>Fails if ``string`` does not match ``pattern`` as a regular expression.</doc>
<status status="PASS" start="2024-07-01T12:30:44.895732" elapsed="0.000522"/>
</kw>
<kw name="Should Match Regexp" owner="BuiltIn">
<arg>${json_data['results'][0]['registered']['date']}</arg>
<arg>\\d{4}-\\d{2}-\\d{2}T\\d{2}:\\d{2}:\\d{2}\\.\\d{3}Z</arg>
<doc>Fails if ``string`` does not match ``pattern`` as a regular expression.</doc>
<status status="PASS" start="2024-07-01T12:30:44.896445" elapsed="0.000380"/>
</kw>
<kw name="Should Match Regexp" owner="BuiltIn">
<arg>${json_data['results'][0]['picture']['large']}</arg>
<arg>^https?://.*\.(?:png|jpe?g|gif|bmp)$</arg>
<doc>Fails if ``string`` does not match ``pattern`` as a regular expression.</doc>
<status status="PASS" start="2024-07-01T12:30:44.897016" elapsed="0.000466"/>
</kw>
<kw name="Should Match Regexp" owner="BuiltIn">
<arg>${json_data['results'][0]['picture']['medium']}</arg>
<arg>^https?://.*\.(?:png|jpe?g|gif|bmp)$</arg>
<doc>Fails if ``string`` does not match ``pattern`` as a regular expression.</doc>
<status status="PASS" start="2024-07-01T12:30:44.897670" elapsed="0.000356"/>
</kw>
<kw name="Should Match Regexp" owner="BuiltIn">
<arg>${json_data['results'][0]['picture']['thumbnail']}</arg>
<arg>^https?://.*\.(?:png|jpe?g|gif|bmp)$</arg>
<doc>Fails if ``string`` does not match ``pattern`` as a regular expression.</doc>
<status status="PASS" start="2024-07-01T12:30:44.898207" elapsed="0.000358"/>
</kw>
<kw name="Log" owner="BuiltIn">
<msg time="2024-07-01T12:30:44.899086" level="INFO">{'large': 'https://randomuser.me/api/portraits/women/51.jpg', 'medium': 'https://randomuser.me/api/portraits/med/women/51.jpg', 'thumbnail': 'https://randomuser.me/api/portraits/thumb/women/51.jpg'}</msg>
<arg>${json_data['results'][0]['picture']}</arg>
<doc>Logs the given message with the given level.</doc>
<status status="PASS" start="2024-07-01T12:30:44.898753" elapsed="0.000402"/>
</kw>
<status status="PASS" start="2024-07-01T12:30:44.807385" elapsed="0.092079"/>
</kw>
<kw name="Teste de Tipos de Dados - Postcode" owner="random-user-service">
<kw name="GET On Session" owner="RequestsLibrary">
<msg time="2024-07-01T12:30:45.016522" level="INFO">GET Request : url=https://randomuser.me/api 
 path_url=/api 
 headers={'User-Agent': 'python-requests/2.32.3', 'Accept-Encoding': 'gzip, deflate', 'Accept': '*/*', 'Connection': 'keep-alive'} 
 body=None 
 </msg>
<msg time="2024-07-01T12:30:45.016625" level="INFO">GET Response : url=https://randomuser.me/api 
 status=200, reason=OK 
 headers={'Date': 'Mon, 01 Jul 2024 12:30:45 GMT', 'Content-Type': 'application/json; charset=utf-8', 'Transfer-Encoding': 'chunked', 'Connection': 'keep-alive', 'X-Powered-By': 'Express', 'Access-Control-Allow-Origin': '*', 'Cache-Control': 'no-cache', 'ETag': 'W/"4a2-ewqkQCCxLJU5yHOHTIcjXkZGXwE"', 'Vary': 'Accept-Encoding', 'Content-Encoding': 'gzip', 'CF-Cache-Status': 'DYNAMIC', 'Report-To': '{"endpoints":[{"url":"https:\\/\\/a.nel.cloudflare.com\\/report\\/v4?s=sUMkyuqrV6WgQKxZD2NXC1RVZ7yEI9Kgx4vUMcF0wFE%2FNljg7Rgs6jLR3jE3K1QVaCMWjSlJNJQpb6DkZvaxuALDYqG5%2BorGN%2BCnHSD2MCxwVn6YVxXLwa2WMdra68gc"}],"group":"cf-nel","max_age":604800}', 'NEL': '{"success_fraction":0,"report_to":"cf-nel","max_age":604800}', 'Server': 'cloudflare', 'CF-RAY': '89c668baab125a63-IAD', 'alt-svc': 'h3=":443"; ma=86400'} 
 body={"results":[{"gender":"female","name":{"title":"Mademoiselle","first":"Gina","last":"Nguyen"},"location":{"street":{"number":3480,"name":"Rue Gasparin"},"city":"Corcelles-Cormondrèche","state":"Appenzell Ausserrhoden","country":"Switzerland","postcode":8268,"coordinates":{"latitude":"-60.8755","longitude":"132.7523"},"timezone":{"offset":"+4:30","description":"Kabul"}},"email":"gina.nguyen@example.com","login":{"uuid":"5b7a5e30-17b4-4bb6-923c-e9c517c5317c","username":"smalltiger649","password":"chuan","salt":"ESrSTA1k","md5":"3603993543c119c0fac31d2b41949c4b","sha1":"4aaf38db5bbd640ee5c1c85623a4ff0916a22b9c","sha256":"aff7b1e46130efd36fc547a78828791a71a1f3900999fc7c2daa3ef0eb22824e"},"dob":{"date":"1987-09-02T16:30:53.779Z","age":36},"registered":{"date":"2008-10-31T08:45:48.707Z","age":15},"phone":"076 204 77 51","cell":"076 757 48 84","id":{"name":"AVS","value":"756.1898.5816.59"},"picture":{"large":"https://randomuser.me/api/portraits/women/10.jpg","medium":"https://randomuser.me/api/portraits/med/women/10.jpg","thumbnail":"https://randomuser.me/api/portraits/thumb/women/10.jpg"},"nat":"CH"}],"info":{"seed":"d3a058ed0e4c248c","results":1,"page":1,"version":"1.4"}} 
 </msg>
<msg time="2024-07-01T12:30:45.016710" level="INFO">/opt/hostedtoolcache/Python/3.12.4/x64/lib/python3.12/site-packages/urllib3/connectionpool.py:1099: InsecureRequestWarning: Unverified HTTPS request is being made to host 'randomuser.me'. Adding certificate verification is strongly advised. See: https://urllib3.readthedocs.io/en/latest/advanced-usage.html#tls-warnings
  warnings.warn(</msg>
<msg time="2024-07-01T12:30:45.016841" level="INFO">${response} = &lt;Response [200]&gt;</msg>
<var>${response}</var>
<arg>consultarAPI</arg>
<arg>/api</arg>
<doc>Sends a GET request on a previously created HTTP Session.</doc>
<status status="PASS" start="2024-07-01T12:30:44.899942" elapsed="0.116944"/>
</kw>
<kw name="Set Variable" owner="BuiltIn">
<msg time="2024-07-01T12:30:45.017869" level="INFO">${json_data} = {'results': [{'gender': 'female', 'name': {'title': 'Mademoiselle', 'first': 'Gina', 'last': 'Nguyen'}, 'location': {'street': {'number': 3480, 'name': 'Rue Gasparin'}, 'city': 'Corcelles-Cormondrèche...</msg>
<var>${json_data}</var>
<arg>${response.json()}</arg>
<doc>Returns the given values which can then be assigned to a variables.</doc>
<status status="PASS" start="2024-07-01T12:30:45.017383" elapsed="0.000514"/>
</kw>
<kw name="Log" owner="BuiltIn">
<msg time="2024-07-01T12:30:45.018364" level="INFO">{'results': [{'gender': 'female', 'name': {'title': 'Mademoiselle', 'first': 'Gina', 'last': 'Nguyen'}, 'location': {'street': {'number': 3480, 'name': 'Rue Gasparin'}, 'city': 'Corcelles-Cormondrèche', 'state': 'Appenzell Ausserrhoden', 'country': 'Switzerland', 'postcode': 8268, 'coordinates': {'latitude': '-60.8755', 'longitude': '132.7523'}, 'timezone': {'offset': '+4:30', 'description': 'Kabul'}}, 'email': 'gina.nguyen@example.com', 'login': {'uuid': '5b7a5e30-17b4-4bb6-923c-e9c517c5317c', 'username': 'smalltiger649', 'password': 'chuan', 'salt': 'ESrSTA1k', 'md5': '3603993543c119c0fac31d2b41949c4b', 'sha1': '4aaf38db5bbd640ee5c1c85623a4ff0916a22b9c', 'sha256': 'aff7b1e46130efd36fc547a78828791a71a1f3900999fc7c2daa3ef0eb22824e'}, 'dob': {'date': '1987-09-02T16:30:53.779Z', 'age': 36}, 'registered': {'date': '2008-10-31T08:45:48.707Z', 'age': 15}, 'phone': '076 204 77 51', 'cell': '076 757 48 84', 'id': {'name': 'AVS', 'value': '756.1898.5816.59'}, 'picture': {'large': 'https://randomuser.me/api/portraits/women/10.jpg', 'medium': 'https://randomuser.me/api/portraits/med/women/10.jpg', 'thumbnail': 'https://randomuser.me/api/portraits/thumb/women/10.jpg'}, 'nat': 'CH'}], 'info': {'seed': 'd3a058ed0e4c248c', 'results': 1, 'page': 1, 'version': '1.4'}}</msg>
<arg>${json_data}</arg>
<doc>Logs the given message with the given level.</doc>
<status status="PASS" start="2024-07-01T12:30:45.018203" elapsed="0.000209"/>
</kw>
<kw name="Should Be Equal As Numbers" owner="BuiltIn">
<arg>${json_data['results'][0]['location']['postcode']}</arg>
<arg>${json_data['results'][0]['location']['postcode']}</arg>
<doc>Fails if objects are unequal after converting them to real numbers.</doc>
<status status="PASS" start="2024-07-01T12:30:45.018702" elapsed="0.000626"/>
</kw>
<kw name="Log" owner="BuiltIn">
<msg time="2024-07-01T12:30:45.020063" level="INFO">8268</msg>
<arg>${json_data['results'][0]['location']['postcode']}</arg>
<doc>Logs the given message with the given level.</doc>
<status status="PASS" start="2024-07-01T12:30:45.019519" elapsed="0.000620"/>
</kw>
<status status="PASS" start="2024-07-01T12:30:44.899709" elapsed="0.120689"/>
</kw>
<doc>Testa se os tipos de dados na resposta da API estão corretos.</doc>
<tag>testeTiposDados</tag>
<status status="PASS" start="2024-07-01T12:30:44.806949" elapsed="0.213614"/>
</test>
<test id="s1-s1-t5" name="Validar conteudo" line="35">
<kw name="Teste de Tipos de Conteudo" owner="random-user-service">
<kw name="GET On Session" owner="RequestsLibrary">
<msg time="2024-07-01T12:30:45.096209" level="INFO">GET Request : url=https://randomuser.me/api 
 path_url=/api 
 headers={'User-Agent': 'python-requests/2.32.3', 'Accept-Encoding': 'gzip, deflate', 'Accept': '*/*', 'Connection': 'keep-alive'} 
 body=None 
 </msg>
<msg time="2024-07-01T12:30:45.096277" level="INFO">GET Response : url=https://randomuser.me/api 
 status=200, reason=OK 
 headers={'Date': 'Mon, 01 Jul 2024 12:30:45 GMT', 'Content-Type': 'application/json; charset=utf-8', 'Transfer-Encoding': 'chunked', 'Connection': 'keep-alive', 'X-Powered-By': 'Express', 'Access-Control-Allow-Origin': '*', 'Cache-Control': 'no-cache', 'ETag': 'W/"489-BRdgqOeae0QFLdcVC/v4z0Ssgzs"', 'Vary': 'Accept-Encoding', 'Content-Encoding': 'gzip', 'CF-Cache-Status': 'DYNAMIC', 'Report-To': '{"endpoints":[{"url":"https:\\/\\/a.nel.cloudflare.com\\/report\\/v4?s=1dH48YLtQpeG3iNhAOSDAe1PpdbyU83npBdIMCyw0rJx8u5GrSTbgLy5g%2FaXTREnuRohJmgUXaZjhe3L8aOnIYvp5WKYtyIDVr3pANbsUsm7E9kvafyaIKbs%2F08M1u0Y"}],"group":"cf-nel","max_age":604800}', 'NEL': '{"success_fraction":0,"report_to":"cf-nel","max_age":604800}', 'Server': 'cloudflare', 'CF-RAY': '89c668bb6b995a63-IAD', 'alt-svc': 'h3=":443"; ma=86400'} 
 body={"results":[{"gender":"male","name":{"title":"Monsieur","first":"Ahmed","last":"Adam"},"location":{"street":{"number":8946,"name":"Rue de L'Abbé-De-L'Épée"},"city":"Eschlikon","state":"Graubünden","country":"Switzerland","postcode":9070,"coordinates":{"latitude":"-62.6811","longitude":"-133.5817"},"timezone":{"offset":"+3:30","description":"Tehran"}},"email":"ahmed.adam@example.com","login":{"uuid":"009e846e-12cf-45a8-80f2-b448e61e90d7","username":"yellowdog742","password":"1004","salt":"eiY7vPFd","md5":"bc1300f4971b3b252cf5d323584cc35e","sha1":"50be30ea6a6165c945d774d33324f9dba1fff410","sha256":"dd3e096aba60fb7d6114601e1d0df663f35c7204ee949035fe37ea6a9f921f1f"},"dob":{"date":"1959-12-21T09:37:31.484Z","age":64},"registered":{"date":"2008-02-09T12:22:14.348Z","age":16},"phone":"077 095 08 41","cell":"078 555 03 87","id":{"name":"AVS","value":"756.4147.6945.97"},"picture":{"large":"https://randomuser.me/api/portraits/men/52.jpg","medium":"https://randomuser.me/api/portraits/med/men/52.jpg","thumbnail":"https://randomuser.me/api/portraits/thumb/men/52.jpg"},"nat":"CH"}],"info":{"seed":"4a866faedb41097f","results":1,"page":1,"version":"1.4"}} 
 </msg>
<msg time="2024-07-01T12:30:45.096337" level="INFO">/opt/hostedtoolcache/Python/3.12.4/x64/lib/python3.12/site-packages/urllib3/connectionpool.py:1099: InsecureRequestWarning: Unverified HTTPS request is being made to host 'randomuser.me'. Adding certificate verification is strongly advised. See: https://urllib3.readthedocs.io/en/latest/advanced-usage.html#tls-warnings
  warnings.warn(</msg>
<msg time="2024-07-01T12:30:45.096422" level="INFO">${response} = &lt;Response [200]&gt;</msg>
<var>${response}</var>
<arg>consultarAPI</arg>
<arg>/api</arg>
<doc>Sends a GET request on a previously created HTTP Session.</doc>
<status status="PASS" start="2024-07-01T12:30:45.023001" elapsed="0.073452"/>
</kw>
<kw name="Set Variable" owner="BuiltIn">
<msg time="2024-07-01T12:30:45.097283" level="INFO">${json_data} = {'results': [{'gender': 'male', 'name': {'title': 'Monsieur', 'first': 'Ahmed', 'last': 'Adam'}, 'location': {'street': {'number': 8946, 'name': "Rue de L'Abbé-De-L'Épée"}, 'city': 'Eschlikon', 'state...</msg>
<var>${json_data}</var>
<arg>${response.json()}</arg>
<doc>Returns the given values which can then be assigned to a variables.</doc>
<status status="PASS" start="2024-07-01T12:30:45.096835" elapsed="0.000486"/>
</kw>
<kw name="Set Variable" owner="BuiltIn">
<msg time="2024-07-01T12:30:45.098010" level="INFO">${name_title} = Monsieur</msg>
<var>${name_title}</var>
<arg>${json_data["results"][0]["name"]["title"]}</arg>
<doc>Returns the given values which can then be assigned to a variables.</doc>
<status status="PASS" start="2024-07-01T12:30:45.097623" elapsed="0.000413"/>
</kw>
<kw name="Create List" owner="BuiltIn">
<msg time="2024-07-01T12:30:45.098472" level="INFO">${allowed_titles} = ['Mr', 'Ms', 'Miss', 'Mrs', 'Madame', 'Monsieur']</msg>
<var>${allowed_titles}</var>
<arg>Mr</arg>
<arg>Ms</arg>
<arg>Miss</arg>
<arg>Mrs</arg>
<arg>Madame</arg>
<arg>Monsieur</arg>
<doc>Returns a list containing given items.</doc>
<status status="PASS" start="2024-07-01T12:30:45.098327" elapsed="0.000169"/>
</kw>
<kw name="List Should Contain Value" owner="Collections">
<arg>${allowed_titles}</arg>
<arg>${name_title}</arg>
<doc>Fails if the ``value`` is not found from ``list``.</doc>
<status status="PASS" start="2024-07-01T12:30:45.098790" elapsed="0.000175"/>
</kw>
<kw name="Set Variable" owner="BuiltIn">
<msg time="2024-07-01T12:30:45.099519" level="INFO">${name_country} = CH</msg>
<var>${name_country}</var>
<arg>${json_data["results"][0]["nat"]}</arg>
<doc>Returns the given values which can then be assigned to a variables.</doc>
<status status="PASS" start="2024-07-01T12:30:45.099151" elapsed="0.000392"/>
</kw>
<kw name="Create List" owner="BuiltIn">
<msg time="2024-07-01T12:30:45.100498" level="INFO">${list_country} = ['AD', 'AE', 'AF', 'AG', 'AI', 'AL', 'AM', 'AO', 'AQ', 'AR', 'AS', 'AT', 'AU', 'AW', 'AX', 'AZ', 'BA', 'BB', 'BD', 'BE', 'BF', 'BG', 'BH', 'BI', 'BJ', 'BL', 'BM', 'BN', 'BO', 'BQ', 'BR', 'BS', 'BT', '...</msg>
<var>${list_country}</var>
<arg>AD</arg>
<arg>AE</arg>
<arg>AF</arg>
<arg>AG</arg>
<arg>AI</arg>
<arg>AL</arg>
<arg>AM</arg>
<arg>AO</arg>
<arg>AQ</arg>
<arg>AR</arg>
<arg>AS</arg>
<arg>AT</arg>
<arg>AU</arg>
<arg>AW</arg>
<arg>AX</arg>
<arg>AZ</arg>
<arg>BA</arg>
<arg>BB</arg>
<arg>BD</arg>
<arg>BE</arg>
<arg>BF</arg>
<arg>BG</arg>
<arg>BH</arg>
<arg>BI</arg>
<arg>BJ</arg>
<arg>BL</arg>
<arg>BM</arg>
<arg>BN</arg>
<arg>BO</arg>
<arg>BQ</arg>
<arg>BR</arg>
<arg>BS</arg>
<arg>BT</arg>
<arg>BV</arg>
<arg>BW</arg>
<arg>BY</arg>
<arg>BZ</arg>
<arg>CA</arg>
<arg>CC</arg>
<arg>CD</arg>
<arg>CF</arg>
<arg>CG</arg>
<arg>CH</arg>
<arg>CI</arg>
<arg>CK</arg>
<arg>CL</arg>
<arg>CM</arg>
<arg>CN</arg>
<arg>CO</arg>
<arg>CR</arg>
<arg>CU</arg>
<arg>CV</arg>
<arg>CW</arg>
<arg>CX</arg>
<arg>CY</arg>
<arg>CZ</arg>
<arg>DE</arg>
<arg>DJ</arg>
<arg>DK</arg>
<arg>DM</arg>
<arg>DO</arg>
<arg>DZ</arg>
<arg>EC</arg>
<arg>EE</arg>
<arg>EG</arg>
<arg>EH</arg>
<arg>ER</arg>
<arg>ES</arg>
<arg>ET</arg>
<arg>FI</arg>
<arg>FJ</arg>
<arg>FK</arg>
<arg>FM</arg>
<arg>FO</arg>
<arg>FR</arg>
<arg>GA</arg>
<arg>GB</arg>
<arg>GD</arg>
<arg>GE</arg>
<arg>GF</arg>
<arg>GG</arg>
<arg>GH</arg>
<arg>GI</arg>
<arg>GL</arg>
<arg>GM</arg>
<arg>GN</arg>
<arg>GP</arg>
<arg>GQ</arg>
<arg>GR</arg>
<arg>GS</arg>
<arg>GT</arg>
<arg>GU</arg>
<arg>GW</arg>
<arg>GY</arg>
<arg>HK</arg>
<arg>HM</arg>
<arg>HN</arg>
<arg>HR</arg>
<arg>HT</arg>
<arg>HU</arg>
<arg>ID</arg>
<arg>IE</arg>
<arg>IL</arg>
<arg>IM</arg>
<arg>IN</arg>
<arg>IO</arg>
<arg>IQ</arg>
<arg>IR</arg>
<arg>IS</arg>
<arg>IT</arg>
<arg>JE</arg>
<arg>JM</arg>
<arg>JO</arg>
<arg>JP</arg>
<arg>KE</arg>
<arg>KG</arg>
<arg>KH</arg>
<arg>KI</arg>
<arg>KM</arg>
<arg>KN</arg>
<arg>KP</arg>
<arg>KR</arg>
<arg>KW</arg>
<arg>KY</arg>
<arg>KZ</arg>
<arg>LA</arg>
<arg>LB</arg>
<arg>LC</arg>
<arg>LI</arg>
<arg>LK</arg>
<arg>LR</arg>
<arg>LS</arg>
<arg>LT</arg>
<arg>LU</arg>
<arg>LV</arg>
<arg>LY</arg>
<arg>MA</arg>
<arg>MC</arg>
<arg>MD</arg>
<arg>ME</arg>
<arg>MF</arg>
<arg>MG</arg>
<arg>MH</arg>
<arg>MK</arg>
<arg>ML</arg>
<arg>MM</arg>
<arg>MN</arg>
<arg>MO</arg>
<arg>MP</arg>
<arg>MQ</arg>
<arg>MR</arg>
<arg>MS</arg>
<arg>MT</arg>
<arg>MU</arg>
<arg>MV</arg>
<arg>MW</arg>
<arg>MX</arg>
<arg>MY</arg>
<arg>MZ</arg>
<arg>NA</arg>
<arg>NC</arg>
<arg>NE</arg>
<arg>NF</arg>
<arg>NG</arg>
<arg>NI</arg>
<arg>NL</arg>
<arg>NO</arg>
<arg>NP</arg>
<arg>NR</arg>
<arg>NU</arg>
<arg>NZ</arg>
<arg>OM</arg>
<arg>PA</arg>
<arg>PE</arg>
<arg>PF</arg>
<arg>PG</arg>
<arg>PH</arg>
<arg>PK</arg>
<arg>PL</arg>
<arg>PM</arg>
<arg>PN</arg>
<arg>PR</arg>
<arg>PS</arg>
<arg>PT</arg>
<arg>PW</arg>
<arg>PY</arg>
<arg>QA</arg>
<arg>RE</arg>
<arg>RO</arg>
<arg>RS</arg>
<arg>RU</arg>
<arg>RW</arg>
<arg>SA</arg>
<arg>SB</arg>
<arg>SC</arg>
<arg>SD</arg>
<arg>SE</arg>
<arg>SG</arg>
<arg>SH</arg>
<arg>SI</arg>
<arg>SJ</arg>
<arg>SK</arg>
<arg>SL</arg>
<arg>SM</arg>
<arg>SN</arg>
<arg>SO</arg>
<arg>SR</arg>
<arg>SS</arg>
<arg>ST</arg>
<arg>SV</arg>
<arg>SX</arg>
<arg>SY</arg>
<arg>SZ</arg>
<arg>TC</arg>
<arg>TD</arg>
<arg>TF</arg>
<arg>TG</arg>
<arg>TH</arg>
<arg>TJ</arg>
<arg>TK</arg>
<arg>TL</arg>
<arg>TM</arg>
<arg>TN</arg>
<arg>TO</arg>
<arg>TR</arg>
<arg>TT</arg>
<arg>TV</arg>
<arg>TW</arg>
<arg>TZ</arg>
<arg>UA</arg>
<arg>UG</arg>
<arg>UM</arg>
<arg>US</arg>
<arg>UY</arg>
<arg>UZ</arg>
<arg>VA</arg>
<arg>VC</arg>
<arg>VE</arg>
<arg>VG</arg>
<arg>VI</arg>
<arg>VN</arg>
<arg>VU</arg>
<arg>WF</arg>
<arg>WS</arg>
<arg>XK</arg>
<arg>YE</arg>
<arg>YT</arg>
<arg>ZA</arg>
<arg>ZM</arg>
<arg>ZW</arg>
<doc>Returns a list containing given items.</doc>
<status status="PASS" start="2024-07-01T12:30:45.099869" elapsed="0.000654"/>
</kw>
<kw name="List Should Contain Value" owner="Collections">
<arg>${list_country}</arg>
<arg>${name_country}</arg>
<doc>Fails if the ``value`` is not found from ``list``.</doc>
<status status="PASS" start="2024-07-01T12:30:45.101325" elapsed="0.000202"/>
</kw>
<kw name="Run Keyword If" owner="BuiltIn">
<kw name="Should Be True" owner="BuiltIn">
<arg>${True}</arg>
<doc>Fails if the given condition is not true.</doc>
<status status="PASS" start="2024-07-01T12:30:45.102464" elapsed="0.000143"/>
</kw>
<arg>${json_data["results"][0]["location"]["coordinates"]["latitude"]} &gt;= -90 and ${json_data["results"][0]["location"]["coordinates"]["latitude"]} &lt;= 90</arg>
<arg>Should Be True</arg>
<arg>${True}</arg>
<doc>Runs the given keyword with the given arguments, if ``condition`` is true.</doc>
<status status="PASS" start="2024-07-01T12:30:45.101718" elapsed="0.001011"/>
</kw>
<kw name="Run Keyword If" owner="BuiltIn">
<kw name="Should Be True" owner="BuiltIn">
<arg>${True}</arg>
<doc>Fails if the given condition is not true.</doc>
<status status="PASS" start="2024-07-01T12:30:45.103601" elapsed="0.000250"/>
</kw>
<arg>${json_data["results"][0]["location"]["coordinates"]["longitude"]} &gt;= -180 and ${json_data["results"][0]["location"]["coordinates"]["longitude"]} &lt;= 180</arg>
<arg>Should Be True</arg>
<arg>${True}</arg>
<doc>Runs the given keyword with the given arguments, if ``condition`` is true.</doc>
<status status="PASS" start="2024-07-01T12:30:45.102907" elapsed="0.001072"/>
</kw>
<status status="PASS" start="2024-07-01T12:30:45.022778" elapsed="0.081332"/>
</kw>
<doc>Testa o conteúdo específico dos campos retornados pela API.</doc>
<tag>testeConteudo</tag>
<status status="PASS" start="2024-07-01T12:30:45.022324" elapsed="0.081928"/>
</test>
<status status="PASS" start="2024-07-01T12:30:44.239012" elapsed="0.867179"/>
</suite>
<status status="PASS" start="2024-07-01T12:30:44.224635" elapsed="0.886626"/>
</suite>
<statistics>
<total>
<stat pass="5" fail="0" skip="0">All Tests</stat>
</total>
<tag>
<stat pass="1" fail="0" skip="0">testeConteudo</stat>
<stat pass="1" fail="0" skip="0">testeEstruturaResposta</stat>
<stat pass="1" fail="0" skip="0">testeRequisicaoBasica</stat>
<stat pass="1" fail="0" skip="0">testeTiposDados</stat>
</tag>
<suite>
<stat pass="5" fail="0" skip="0" id="s1" name="Tests">Tests</stat>
<stat pass="5" fail="0" skip="0" id="s1-s1" name="Random-User-Test">Tests.Random-User-Test</stat>
</suite>
</statistics>
<errors>
</errors>
</robot>
