<?xml version="1.0" encoding="UTF-8"?>
<robot generator="Robot 7.0.1 (Python 3.12.4 on linux)" generated="2024-06-26T10:15:45.206222" rpa="false" schemaversion="5">
<suite id="s1" name="Tests" source="/home/runner/work/ApiRandomUser/ApiRandomUser/RamdonUser/tests">
<suite id="s1-s1" name="Random-User-Test" source="/home/runner/work/ApiRandomUser/ApiRandomUser/RamdonUser/tests/random-user-test.robot">
<test id="s1-s1-t1" name="Conectar" line="13">
<kw name="Conectar API" owner="random-user-service">
<kw name="Create Session" owner="RequestsLibrary">
<msg time="2024-06-26T10:15:45.606587" level="INFO">Creating Session using : alias=consultarAPI, url=https://randomuser.me/, headers={},                     cookies={}, auth=None, timeout=None, proxies=None, verify=False,                     debug=0 </msg>
<arg>consultarAPI</arg>
<arg>${URL}</arg>
<doc>Create Session: create a HTTP session to a server</doc>
<status status="PASS" start="2024-06-26T10:15:45.606389" elapsed="0.000368"/>
</kw>
<status status="PASS" start="2024-06-26T10:15:45.605430" elapsed="0.001676"/>
</kw>
<status status="PASS" start="2024-06-26T10:15:45.604835" elapsed="0.002458"/>
</test>
<test id="s1-s1-t2" name="Validar retorno 200 e JSON Válido" line="16">
<kw name="Teste de Requisicao Basica" owner="random-user-service">
<kw name="GET On Session" owner="RequestsLibrary">
<msg time="2024-06-26T10:15:45.794464" level="INFO">GET Request : url=https://randomuser.me/api 
 path_url=/api 
 headers={'User-Agent': 'python-requests/2.32.3', 'Accept-Encoding': 'gzip, deflate', 'Accept': '*/*', 'Connection': 'keep-alive'} 
 body=None 
 </msg>
<msg time="2024-06-26T10:15:45.794598" level="INFO">GET Response : url=https://randomuser.me/api 
 status=200, reason=OK 
 headers={'Date': 'Wed, 26 Jun 2024 10:15:45 GMT', 'Content-Type': 'application/json; charset=utf-8', 'Transfer-Encoding': 'chunked', 'Connection': 'keep-alive', 'X-Powered-By': 'Express', 'Access-Control-Allow-Origin': '*', 'Cache-Control': 'no-cache', 'ETag': 'W/"49b-ZvCSQKSuQfmg1JfVjEr3mPEGXLY"', 'Vary': 'Accept-Encoding', 'Content-Encoding': 'gzip', 'CF-Cache-Status': 'DYNAMIC', 'Report-To': '{"endpoints":[{"url":"https:\\/\\/a.nel.cloudflare.com\\/report\\/v4?s=rhZtEBXNlPA0uRV%2FLomabeEgi%2FulRXrw4hAJqViHdakSBeQZKDY6DNyFmrQjRPUYOc3nC8GSRVb0iuSCyzgFdrYQpbJB%2BCmTIAtkvkXl%2FS6AsFI4G0Qv8FFB7TP5YqAU"}],"group":"cf-nel","max_age":604800}', 'NEL': '{"success_fraction":0,"report_to":"cf-nel","max_age":604800}', 'Server': 'cloudflare', 'CF-RAY': '899c701eeaa820b4-IAD', 'alt-svc': 'h3=":443"; ma=86400'} 
 body={"results":[{"gender":"male","name":{"title":"Mr","first":"Barry","last":"Simmmons"},"location":{"street":{"number":1940,"name":"St. John’S Road"},"city":"St Davids","state":"Fife","country":"United Kingdom","postcode":"SO9H 0BU","coordinates":{"latitude":"-5.9793","longitude":"-90.3293"},"timezone":{"offset":"-1:00","description":"Azores, Cape Verde Islands"}},"email":"barry.simmmons@example.com","login":{"uuid":"1d63cd6d-408e-4a7c-8a07-d72fa4464137","username":"angryladybug884","password":"norman","salt":"rdH4MEUd","md5":"00308a9813f6fd3b7add550d89a43f6b","sha1":"42e6d047661c8b162625b36cce615aafeefb9b6a","sha256":"d3a2370b26d04b86ef3e157070fc0a7a2e220693564e27edb58fe1ff8da42740"},"dob":{"date":"1972-06-02T23:29:14.856Z","age":52},"registered":{"date":"2005-12-07T00:30:51.623Z","age":18},"phone":"0118986 825 9270","cell":"07417 833498","id":{"name":"NINO","value":"TZ 58 77 24 T"},"picture":{"large":"https://randomuser.me/api/portraits/men/93.jpg","medium":"https://randomuser.me/api/portraits/med/men/93.jpg","thumbnail":"https://randomuser.me/api/portraits/thumb/men/93.jpg"},"nat":"GB"}],"info":{"seed":"7058e72c0b3de745","results":1,"page":1,"version":"1.4"}} 
 </msg>
<msg time="2024-06-26T10:15:45.794688" level="INFO">/opt/hostedtoolcache/Python/3.12.4/x64/lib/python3.12/site-packages/urllib3/connectionpool.py:1099: InsecureRequestWarning: Unverified HTTPS request is being made to host 'randomuser.me'. Adding certificate verification is strongly advised. See: https://urllib3.readthedocs.io/en/latest/advanced-usage.html#tls-warnings
  warnings.warn(</msg>
<msg time="2024-06-26T10:15:45.794827" level="INFO">${response} = &lt;Response [200]&gt;</msg>
<var>${response}</var>
<arg>consultarAPI</arg>
<arg>/api</arg>
<doc>Sends a GET request on a previously created HTTP Session.</doc>
<status status="PASS" start="2024-06-26T10:15:45.610043" elapsed="0.184824"/>
</kw>
<kw name="Should Be Equal As Numbers" owner="BuiltIn">
<msg time="2024-06-26T10:15:45.795796" level="INFO">Argument types are:
&lt;class 'int'&gt;
&lt;class 'str'&gt;</msg>
<arg>${response.status_code}</arg>
<arg>200</arg>
<doc>Fails if objects are unequal after converting them to real numbers.</doc>
<status status="PASS" start="2024-06-26T10:15:45.795348" elapsed="0.000512"/>
</kw>
<kw name="Log" owner="BuiltIn">
<msg time="2024-06-26T10:15:45.796537" level="INFO">200</msg>
<arg>${response.status_code}</arg>
<doc>Logs the given message with the given level.</doc>
<status status="PASS" start="2024-06-26T10:15:45.796179" elapsed="0.000400"/>
</kw>
<kw name="Set Variable" owner="BuiltIn">
<msg time="2024-06-26T10:15:45.797347" level="INFO">${json_data} = {'results': [{'gender': 'male', 'name': {'title': 'Mr', 'first': 'Barry', 'last': 'Simmmons'}, 'location': {'street': {'number': 1940, 'name': 'St. John’S Road'}, 'city': 'St Davids', 'state': 'Fife',...</msg>
<var>${json_data}</var>
<arg>${response.json()}</arg>
<doc>Returns the given values which can then be assigned to a variables.</doc>
<status status="PASS" start="2024-06-26T10:15:45.796884" elapsed="0.000493"/>
</kw>
<kw name="Dictionary Should Contain Key" owner="Collections">
<arg>${json_data}</arg>
<arg>results</arg>
<doc>Fails if ``key`` is not found from ``dictionary``.</doc>
<status status="PASS" start="2024-06-26T10:15:45.797727" elapsed="0.000169"/>
</kw>
<status status="PASS" start="2024-06-26T10:15:45.609783" elapsed="0.188265"/>
</kw>
<doc>Testa se a API responde corretamente e retorna um objeto JSON válido.</doc>
<tag>testeRequisicaoBasica</tag>
<status status="PASS" start="2024-06-26T10:15:45.609171" elapsed="0.189049"/>
</test>
<test id="s1-s1-t3" name="Validar estrutura de resposta" line="22">
<kw name="Teste de Estrutura de Resposta" owner="random-user-service">
<kw name="GET On Session" owner="RequestsLibrary">
<msg time="2024-06-26T10:15:45.884529" level="INFO">GET Request : url=https://randomuser.me/api 
 path_url=/api 
 headers={'User-Agent': 'python-requests/2.32.3', 'Accept-Encoding': 'gzip, deflate', 'Accept': '*/*', 'Connection': 'keep-alive'} 
 body=None 
 </msg>
<msg time="2024-06-26T10:15:45.884611" level="INFO">GET Response : url=https://randomuser.me/api 
 status=200, reason=OK 
 headers={'Date': 'Wed, 26 Jun 2024 10:15:45 GMT', 'Content-Type': 'application/json; charset=utf-8', 'Transfer-Encoding': 'chunked', 'Connection': 'keep-alive', 'X-Powered-By': 'Express', 'Access-Control-Allow-Origin': '*', 'Cache-Control': 'no-cache', 'ETag': 'W/"465-EFz0iCzGe/F9M6vV0EetK4DO+B0"', 'Vary': 'Accept-Encoding', 'Content-Encoding': 'gzip', 'CF-Cache-Status': 'DYNAMIC', 'Report-To': '{"endpoints":[{"url":"https:\\/\\/a.nel.cloudflare.com\\/report\\/v4?s=OV9B2L5wQ5OCAy5f1ADFcl3UuDnJ3lb8pOPiJRx2I%2FUNfB369dJAsuguna8iJRlvmhi7P1nVcaAl4bKfL79yRCNh0Vk3HzA2TOwa%2Ft%2BoD8llYQKISUMTSJ%2BJH72zLGAh"}],"group":"cf-nel","max_age":604800}', 'NEL': '{"success_fraction":0,"report_to":"cf-nel","max_age":604800}', 'Server': 'cloudflare', 'CF-RAY': '899c701f4b1120b4-IAD', 'alt-svc': 'h3=":443"; ma=86400'} 
 body={"results":[{"gender":"male","name":{"title":"Mr","first":"Peder","last":"Vedøy"},"location":{"street":{"number":8249,"name":"Lilletorget"},"city":"Åsen","state":"Nord-Trøndelag","country":"Norway","postcode":"3153","coordinates":{"latitude":"38.9731","longitude":"-123.5213"},"timezone":{"offset":"-10:00","description":"Hawaii"}},"email":"peder.vedoy@example.com","login":{"uuid":"be1d8f78-7a67-489f-9261-0d179a19f4e3","username":"happycat103","password":"bricks","salt":"EQxCIJ7h","md5":"ba2c8e9b50859a30927266d581905f21","sha1":"06b12415a4e02240f3e4a20dea47a448d7471050","sha256":"6ed3df7bb3d1dc720175345dc981a12d66be518d1a3e8e1d1034312c5392adc5"},"dob":{"date":"1993-12-17T17:04:56.497Z","age":30},"registered":{"date":"2004-08-31T03:25:40.163Z","age":19},"phone":"66159292","cell":"49750753","id":{"name":"FN","value":"17129330139"},"picture":{"large":"https://randomuser.me/api/portraits/men/44.jpg","medium":"https://randomuser.me/api/portraits/med/men/44.jpg","thumbnail":"https://randomuser.me/api/portraits/thumb/men/44.jpg"},"nat":"NO"}],"info":{"seed":"d026cf50edf28c4e","results":1,"page":1,"version":"1.4"}} 
 </msg>
<msg time="2024-06-26T10:15:45.884717" level="INFO">/opt/hostedtoolcache/Python/3.12.4/x64/lib/python3.12/site-packages/urllib3/connectionpool.py:1099: InsecureRequestWarning: Unverified HTTPS request is being made to host 'randomuser.me'. Adding certificate verification is strongly advised. See: https://urllib3.readthedocs.io/en/latest/advanced-usage.html#tls-warnings
  warnings.warn(</msg>
<msg time="2024-06-26T10:15:45.884826" level="INFO">${response} = &lt;Response [200]&gt;</msg>
<var>${response}</var>
<arg>consultarAPI</arg>
<arg>/api</arg>
<doc>Sends a GET request on a previously created HTTP Session.</doc>
<status status="PASS" start="2024-06-26T10:15:45.800791" elapsed="0.084079"/>
</kw>
<kw name="Set Variable" owner="BuiltIn">
<msg time="2024-06-26T10:15:45.885986" level="INFO">${json_data} = {'results': [{'gender': 'male', 'name': {'title': 'Mr', 'first': 'Peder', 'last': 'Vedøy'}, 'location': {'street': {'number': 8249, 'name': 'Lilletorget'}, 'city': 'Åsen', 'state': 'Nord-Trøndelag', '...</msg>
<var>${json_data}</var>
<arg>${response.json()}</arg>
<doc>Returns the given values which can then be assigned to a variables.</doc>
<status status="PASS" start="2024-06-26T10:15:45.885356" elapsed="0.000659"/>
</kw>
<kw name="Log" owner="BuiltIn">
<msg time="2024-06-26T10:15:45.886492" level="INFO">{'results': [{'gender': 'male', 'name': {'title': 'Mr', 'first': 'Peder', 'last': 'Vedøy'}, 'location': {'street': {'number': 8249, 'name': 'Lilletorget'}, 'city': 'Åsen', 'state': 'Nord-Trøndelag', 'country': 'Norway', 'postcode': '3153', 'coordinates': {'latitude': '38.9731', 'longitude': '-123.5213'}, 'timezone': {'offset': '-10:00', 'description': 'Hawaii'}}, 'email': 'peder.vedoy@example.com', 'login': {'uuid': 'be1d8f78-7a67-489f-9261-0d179a19f4e3', 'username': 'happycat103', 'password': 'bricks', 'salt': 'EQxCIJ7h', 'md5': 'ba2c8e9b50859a30927266d581905f21', 'sha1': '06b12415a4e02240f3e4a20dea47a448d7471050', 'sha256': '6ed3df7bb3d1dc720175345dc981a12d66be518d1a3e8e1d1034312c5392adc5'}, 'dob': {'date': '1993-12-17T17:04:56.497Z', 'age': 30}, 'registered': {'date': '2004-08-31T03:25:40.163Z', 'age': 19}, 'phone': '66159292', 'cell': '49750753', 'id': {'name': 'FN', 'value': '17129330139'}, 'picture': {'large': 'https://randomuser.me/api/portraits/men/44.jpg', 'medium': 'https://randomuser.me/api/portraits/med/men/44.jpg', 'thumbnail': 'https://randomuser.me/api/portraits/thumb/men/44.jpg'}, 'nat': 'NO'}], 'info': {'seed': 'd026cf50edf28c4e', 'results': 1, 'page': 1, 'version': '1.4'}}</msg>
<arg>${json_data}</arg>
<doc>Logs the given message with the given level.</doc>
<status status="PASS" start="2024-06-26T10:15:45.886334" elapsed="0.000207"/>
</kw>
<kw name="Dictionary Should Contain Key" owner="Collections">
<arg>${json_data}</arg>
<arg>results</arg>
<doc>Fails if ``key`` is not found from ``dictionary``.</doc>
<status status="PASS" start="2024-06-26T10:15:45.886833" elapsed="0.000156"/>
</kw>
<kw name="Should Not Be Empty" owner="BuiltIn">
<msg time="2024-06-26T10:15:45.887324" level="INFO">Length is 2.</msg>
<arg>${json_data}</arg>
<doc>Verifies that the given item is not empty.</doc>
<status status="PASS" start="2024-06-26T10:15:45.887190" elapsed="0.000173"/>
</kw>
<kw name="Create List" owner="BuiltIn">
<msg time="2024-06-26T10:15:45.887807" level="INFO">${expected_keys} = ['gender', 'name', 'location', 'email', 'login']</msg>
<var>${expected_keys}</var>
<arg>gender</arg>
<arg>name</arg>
<arg>location</arg>
<arg>email</arg>
<arg>login</arg>
<doc>Returns a list containing given items.</doc>
<status status="PASS" start="2024-06-26T10:15:45.887657" elapsed="0.000175"/>
</kw>
<for flavor="IN">
<iter>
<kw name="Dictionary Should Contain Key" owner="Collections">
<arg>${json_data['results'][0]}</arg>
<arg>${key}</arg>
<doc>Fails if ``key`` is not found from ``dictionary``.</doc>
<status status="PASS" start="2024-06-26T10:15:45.888563" elapsed="0.000401"/>
</kw>
<kw name="Log" owner="BuiltIn">
<msg time="2024-06-26T10:15:45.889523" level="INFO">{'gender': 'male', 'name': {'title': 'Mr', 'first': 'Peder', 'last': 'Vedøy'}, 'location': {'street': {'number': 8249, 'name': 'Lilletorget'}, 'city': 'Åsen', 'state': 'Nord-Trøndelag', 'country': 'Norway', 'postcode': '3153', 'coordinates': {'latitude': '38.9731', 'longitude': '-123.5213'}, 'timezone': {'offset': '-10:00', 'description': 'Hawaii'}}, 'email': 'peder.vedoy@example.com', 'login': {'uuid': 'be1d8f78-7a67-489f-9261-0d179a19f4e3', 'username': 'happycat103', 'password': 'bricks', 'salt': 'EQxCIJ7h', 'md5': 'ba2c8e9b50859a30927266d581905f21', 'sha1': '06b12415a4e02240f3e4a20dea47a448d7471050', 'sha256': '6ed3df7bb3d1dc720175345dc981a12d66be518d1a3e8e1d1034312c5392adc5'}, 'dob': {'date': '1993-12-17T17:04:56.497Z', 'age': 30}, 'registered': {'date': '2004-08-31T03:25:40.163Z', 'age': 19}, 'phone': '66159292', 'cell': '49750753', 'id': {'name': 'FN', 'value': '17129330139'}, 'picture': {'large': 'https://randomuser.me/api/portraits/men/44.jpg', 'medium': 'https://randomuser.me/api/portraits/med/men/44.jpg', 'thumbnail': 'https://randomuser.me/api/portraits/thumb/men/44.jpg'}, 'nat': 'NO'}</msg>
<arg>${json_data['results'][0]}</arg>
<doc>Logs the given message with the given level.</doc>
<status status="PASS" start="2024-06-26T10:15:45.889159" elapsed="0.000448"/>
</kw>
<kw name="Log" owner="BuiltIn">
<msg time="2024-06-26T10:15:45.890040" level="INFO">gender</msg>
<arg>${key}</arg>
<doc>Logs the given message with the given level.</doc>
<status status="PASS" start="2024-06-26T10:15:45.889912" elapsed="0.000166"/>
</kw>
<var name="${key}">gender</var>
<status status="PASS" start="2024-06-26T10:15:45.888436" elapsed="0.001860"/>
</iter>
<iter>
<kw name="Dictionary Should Contain Key" owner="Collections">
<arg>${json_data['results'][0]}</arg>
<arg>${key}</arg>
<doc>Fails if ``key`` is not found from ``dictionary``.</doc>
<status status="PASS" start="2024-06-26T10:15:45.890590" elapsed="0.000391"/>
</kw>
<kw name="Log" owner="BuiltIn">
<msg time="2024-06-26T10:15:45.891519" level="INFO">{'gender': 'male', 'name': {'title': 'Mr', 'first': 'Peder', 'last': 'Vedøy'}, 'location': {'street': {'number': 8249, 'name': 'Lilletorget'}, 'city': 'Åsen', 'state': 'Nord-Trøndelag', 'country': 'Norway', 'postcode': '3153', 'coordinates': {'latitude': '38.9731', 'longitude': '-123.5213'}, 'timezone': {'offset': '-10:00', 'description': 'Hawaii'}}, 'email': 'peder.vedoy@example.com', 'login': {'uuid': 'be1d8f78-7a67-489f-9261-0d179a19f4e3', 'username': 'happycat103', 'password': 'bricks', 'salt': 'EQxCIJ7h', 'md5': 'ba2c8e9b50859a30927266d581905f21', 'sha1': '06b12415a4e02240f3e4a20dea47a448d7471050', 'sha256': '6ed3df7bb3d1dc720175345dc981a12d66be518d1a3e8e1d1034312c5392adc5'}, 'dob': {'date': '1993-12-17T17:04:56.497Z', 'age': 30}, 'registered': {'date': '2004-08-31T03:25:40.163Z', 'age': 19}, 'phone': '66159292', 'cell': '49750753', 'id': {'name': 'FN', 'value': '17129330139'}, 'picture': {'large': 'https://randomuser.me/api/portraits/men/44.jpg', 'medium': 'https://randomuser.me/api/portraits/med/men/44.jpg', 'thumbnail': 'https://randomuser.me/api/portraits/thumb/men/44.jpg'}, 'nat': 'NO'}</msg>
<arg>${json_data['results'][0]}</arg>
<doc>Logs the given message with the given level.</doc>
<status status="PASS" start="2024-06-26T10:15:45.891163" elapsed="0.000436"/>
</kw>
<kw name="Log" owner="BuiltIn">
<msg time="2024-06-26T10:15:45.892024" level="INFO">name</msg>
<arg>${key}</arg>
<doc>Logs the given message with the given level.</doc>
<status status="PASS" start="2024-06-26T10:15:45.891897" elapsed="0.000164"/>
</kw>
<var name="${key}">name</var>
<status status="PASS" start="2024-06-26T10:15:45.890479" elapsed="0.001798"/>
</iter>
<iter>
<kw name="Dictionary Should Contain Key" owner="Collections">
<arg>${json_data['results'][0]}</arg>
<arg>${key}</arg>
<doc>Fails if ``key`` is not found from ``dictionary``.</doc>
<status status="PASS" start="2024-06-26T10:15:45.892559" elapsed="0.000372"/>
</kw>
<kw name="Log" owner="BuiltIn">
<msg time="2024-06-26T10:15:45.893471" level="INFO">{'gender': 'male', 'name': {'title': 'Mr', 'first': 'Peder', 'last': 'Vedøy'}, 'location': {'street': {'number': 8249, 'name': 'Lilletorget'}, 'city': 'Åsen', 'state': 'Nord-Trøndelag', 'country': 'Norway', 'postcode': '3153', 'coordinates': {'latitude': '38.9731', 'longitude': '-123.5213'}, 'timezone': {'offset': '-10:00', 'description': 'Hawaii'}}, 'email': 'peder.vedoy@example.com', 'login': {'uuid': 'be1d8f78-7a67-489f-9261-0d179a19f4e3', 'username': 'happycat103', 'password': 'bricks', 'salt': 'EQxCIJ7h', 'md5': 'ba2c8e9b50859a30927266d581905f21', 'sha1': '06b12415a4e02240f3e4a20dea47a448d7471050', 'sha256': '6ed3df7bb3d1dc720175345dc981a12d66be518d1a3e8e1d1034312c5392adc5'}, 'dob': {'date': '1993-12-17T17:04:56.497Z', 'age': 30}, 'registered': {'date': '2004-08-31T03:25:40.163Z', 'age': 19}, 'phone': '66159292', 'cell': '49750753', 'id': {'name': 'FN', 'value': '17129330139'}, 'picture': {'large': 'https://randomuser.me/api/portraits/men/44.jpg', 'medium': 'https://randomuser.me/api/portraits/med/men/44.jpg', 'thumbnail': 'https://randomuser.me/api/portraits/thumb/men/44.jpg'}, 'nat': 'NO'}</msg>
<arg>${json_data['results'][0]}</arg>
<doc>Logs the given message with the given level.</doc>
<status status="PASS" start="2024-06-26T10:15:45.893112" elapsed="0.000406"/>
</kw>
<kw name="Log" owner="BuiltIn">
<msg time="2024-06-26T10:15:45.893974" level="INFO">location</msg>
<arg>${key}</arg>
<doc>Logs the given message with the given level.</doc>
<status status="PASS" start="2024-06-26T10:15:45.893848" elapsed="0.000163"/>
</kw>
<var name="${key}">location</var>
<status status="PASS" start="2024-06-26T10:15:45.892452" elapsed="0.001776"/>
</iter>
<iter>
<kw name="Dictionary Should Contain Key" owner="Collections">
<arg>${json_data['results'][0]}</arg>
<arg>${key}</arg>
<doc>Fails if ``key`` is not found from ``dictionary``.</doc>
<status status="PASS" start="2024-06-26T10:15:45.894504" elapsed="0.000390"/>
</kw>
<kw name="Log" owner="BuiltIn">
<msg time="2024-06-26T10:15:45.895426" level="INFO">{'gender': 'male', 'name': {'title': 'Mr', 'first': 'Peder', 'last': 'Vedøy'}, 'location': {'street': {'number': 8249, 'name': 'Lilletorget'}, 'city': 'Åsen', 'state': 'Nord-Trøndelag', 'country': 'Norway', 'postcode': '3153', 'coordinates': {'latitude': '38.9731', 'longitude': '-123.5213'}, 'timezone': {'offset': '-10:00', 'description': 'Hawaii'}}, 'email': 'peder.vedoy@example.com', 'login': {'uuid': 'be1d8f78-7a67-489f-9261-0d179a19f4e3', 'username': 'happycat103', 'password': 'bricks', 'salt': 'EQxCIJ7h', 'md5': 'ba2c8e9b50859a30927266d581905f21', 'sha1': '06b12415a4e02240f3e4a20dea47a448d7471050', 'sha256': '6ed3df7bb3d1dc720175345dc981a12d66be518d1a3e8e1d1034312c5392adc5'}, 'dob': {'date': '1993-12-17T17:04:56.497Z', 'age': 30}, 'registered': {'date': '2004-08-31T03:25:40.163Z', 'age': 19}, 'phone': '66159292', 'cell': '49750753', 'id': {'name': 'FN', 'value': '17129330139'}, 'picture': {'large': 'https://randomuser.me/api/portraits/men/44.jpg', 'medium': 'https://randomuser.me/api/portraits/med/men/44.jpg', 'thumbnail': 'https://randomuser.me/api/portraits/thumb/men/44.jpg'}, 'nat': 'NO'}</msg>
<arg>${json_data['results'][0]}</arg>
<doc>Logs the given message with the given level.</doc>
<status status="PASS" start="2024-06-26T10:15:45.895074" elapsed="0.000402"/>
</kw>
<kw name="Log" owner="BuiltIn">
<msg time="2024-06-26T10:15:45.895897" level="INFO">email</msg>
<arg>${key}</arg>
<doc>Logs the given message with the given level.</doc>
<status status="PASS" start="2024-06-26T10:15:45.895771" elapsed="0.000164"/>
</kw>
<var name="${key}">email</var>
<status status="PASS" start="2024-06-26T10:15:45.894397" elapsed="0.001757"/>
</iter>
<iter>
<kw name="Dictionary Should Contain Key" owner="Collections">
<arg>${json_data['results'][0]}</arg>
<arg>${key}</arg>
<doc>Fails if ``key`` is not found from ``dictionary``.</doc>
<status status="PASS" start="2024-06-26T10:15:45.896432" elapsed="0.000383"/>
</kw>
<kw name="Log" owner="BuiltIn">
<msg time="2024-06-26T10:15:45.897370" level="INFO">{'gender': 'male', 'name': {'title': 'Mr', 'first': 'Peder', 'last': 'Vedøy'}, 'location': {'street': {'number': 8249, 'name': 'Lilletorget'}, 'city': 'Åsen', 'state': 'Nord-Trøndelag', 'country': 'Norway', 'postcode': '3153', 'coordinates': {'latitude': '38.9731', 'longitude': '-123.5213'}, 'timezone': {'offset': '-10:00', 'description': 'Hawaii'}}, 'email': 'peder.vedoy@example.com', 'login': {'uuid': 'be1d8f78-7a67-489f-9261-0d179a19f4e3', 'username': 'happycat103', 'password': 'bricks', 'salt': 'EQxCIJ7h', 'md5': 'ba2c8e9b50859a30927266d581905f21', 'sha1': '06b12415a4e02240f3e4a20dea47a448d7471050', 'sha256': '6ed3df7bb3d1dc720175345dc981a12d66be518d1a3e8e1d1034312c5392adc5'}, 'dob': {'date': '1993-12-17T17:04:56.497Z', 'age': 30}, 'registered': {'date': '2004-08-31T03:25:40.163Z', 'age': 19}, 'phone': '66159292', 'cell': '49750753', 'id': {'name': 'FN', 'value': '17129330139'}, 'picture': {'large': 'https://randomuser.me/api/portraits/men/44.jpg', 'medium': 'https://randomuser.me/api/portraits/med/men/44.jpg', 'thumbnail': 'https://randomuser.me/api/portraits/thumb/men/44.jpg'}, 'nat': 'NO'}</msg>
<arg>${json_data['results'][0]}</arg>
<doc>Logs the given message with the given level.</doc>
<status status="PASS" start="2024-06-26T10:15:45.897005" elapsed="0.000423"/>
</kw>
<kw name="Log" owner="BuiltIn">
<msg time="2024-06-26T10:15:45.897903" level="INFO">login</msg>
<arg>${key}</arg>
<doc>Logs the given message with the given level.</doc>
<status status="PASS" start="2024-06-26T10:15:45.897761" elapsed="0.000181"/>
</kw>
<var name="${key}">login</var>
<status status="PASS" start="2024-06-26T10:15:45.896323" elapsed="0.001840"/>
</iter>
<var>${key}</var>
<value>@{expected_keys}</value>
<status status="PASS" start="2024-06-26T10:15:45.888229" elapsed="0.010073"/>
</for>
<kw name="Create List" owner="BuiltIn">
<msg time="2024-06-26T10:15:45.898633" level="INFO">${expected_keysTwo} = ['username', 'password']</msg>
<var>${expected_keysTwo}</var>
<arg>username</arg>
<arg>password</arg>
<doc>Returns a list containing given items.</doc>
<status status="PASS" start="2024-06-26T10:15:45.898490" elapsed="0.000167"/>
</kw>
<for flavor="IN">
<iter>
<kw name="Dictionary Should Contain Key" owner="Collections">
<arg>${json_data['results'][0]['login']}</arg>
<arg>${keyTwo}</arg>
<doc>Fails if ``key`` is not found from ``dictionary``.</doc>
<status status="PASS" start="2024-06-26T10:15:45.899198" elapsed="0.000382"/>
</kw>
<kw name="Dictionary Should Contain Key" owner="Collections">
<arg>${json_data['results'][0]['login']}</arg>
<arg>${keyTwo}</arg>
<doc>Fails if ``key`` is not found from ``dictionary``.</doc>
<status status="PASS" start="2024-06-26T10:15:45.899763" elapsed="0.000380"/>
</kw>
<kw name="Log" owner="BuiltIn">
<msg time="2024-06-26T10:15:45.900447" level="INFO">username</msg>
<arg>${keyTwo}</arg>
<doc>Logs the given message with the given level.</doc>
<status status="PASS" start="2024-06-26T10:15:45.900327" elapsed="0.000156"/>
</kw>
<var name="${keyTwo}">username</var>
<status status="PASS" start="2024-06-26T10:15:45.899069" elapsed="0.001635"/>
</iter>
<iter>
<kw name="Dictionary Should Contain Key" owner="Collections">
<arg>${json_data['results'][0]['login']}</arg>
<arg>${keyTwo}</arg>
<doc>Fails if ``key`` is not found from ``dictionary``.</doc>
<status status="PASS" start="2024-06-26T10:15:45.900988" elapsed="0.000384"/>
</kw>
<kw name="Dictionary Should Contain Key" owner="Collections">
<arg>${json_data['results'][0]['login']}</arg>
<arg>${keyTwo}</arg>
<doc>Fails if ``key`` is not found from ``dictionary``.</doc>
<status status="PASS" start="2024-06-26T10:15:45.901583" elapsed="0.000389"/>
</kw>
<kw name="Log" owner="BuiltIn">
<msg time="2024-06-26T10:15:45.902273" level="INFO">password</msg>
<arg>${keyTwo}</arg>
<doc>Logs the given message with the given level.</doc>
<status status="PASS" start="2024-06-26T10:15:45.902154" elapsed="0.000161"/>
</kw>
<var name="${keyTwo}">password</var>
<status status="PASS" start="2024-06-26T10:15:45.900875" elapsed="0.001671"/>
</iter>
<var>${keyTwo}</var>
<value>@{expected_keysTwo}</value>
<status status="PASS" start="2024-06-26T10:15:45.898916" elapsed="0.003751"/>
</for>
<status status="PASS" start="2024-06-26T10:15:45.800556" elapsed="0.102247"/>
</kw>
<doc>Testa a estrutura da resposta da API.</doc>
<tag>testeEstruturaResposta</tag>
<status status="PASS" start="2024-06-26T10:15:45.800057" elapsed="0.102896"/>
</test>
<test id="s1-s1-t4" name="Validar tipos de dados" line="28">
<kw name="Teste de Tipos de Dados" owner="random-user-service">
<kw name="GET On Session" owner="RequestsLibrary">
<msg time="2024-06-26T10:15:45.978766" level="INFO">GET Request : url=https://randomuser.me/api 
 path_url=/api 
 headers={'User-Agent': 'python-requests/2.32.3', 'Accept-Encoding': 'gzip, deflate', 'Accept': '*/*', 'Connection': 'keep-alive'} 
 body=None 
 </msg>
<msg time="2024-06-26T10:15:45.978884" level="INFO">GET Response : url=https://randomuser.me/api 
 status=200, reason=OK 
 headers={'Date': 'Wed, 26 Jun 2024 10:15:45 GMT', 'Content-Type': 'application/json; charset=utf-8', 'Transfer-Encoding': 'chunked', 'Connection': 'keep-alive', 'X-Powered-By': 'Express', 'Access-Control-Allow-Origin': '*', 'Cache-Control': 'no-cache', 'ETag': 'W/"48d-IPitjfFjcUvLSkAy/vGOIYC31LQ"', 'Vary': 'Accept-Encoding', 'Content-Encoding': 'gzip', 'CF-Cache-Status': 'DYNAMIC', 'Report-To': '{"endpoints":[{"url":"https:\\/\\/a.nel.cloudflare.com\\/report\\/v4?s=EDYIZOqWqE8DGofwCPg5%2BP%2B50PxslRWdrran80wH%2FPAtWu7FIwvL3osQGXjLGR2B5IzhUydU3xH8Wal%2FvQpe1Bmw8QjyUd4DqC3FvkPLcaTHAe%2FwWggMEQJ3TdZQOU3W"}],"group":"cf-nel","max_age":604800}', 'NEL': '{"success_fraction":0,"report_to":"cf-nel","max_age":604800}', 'Server': 'cloudflare', 'CF-RAY': '899c701febbc20b4-IAD', 'alt-svc': 'h3=":443"; ma=86400'} 
 body={"results":[{"gender":"male","name":{"title":"Mr","first":"Owen","last":"Evans"},"location":{"street":{"number":1968,"name":"E Pecan St"},"city":"Devonport","state":"South Australia","country":"Australia","postcode":7535,"coordinates":{"latitude":"-89.3350","longitude":"-141.4681"},"timezone":{"offset":"+5:30","description":"Bombay, Calcutta, Madras, New Delhi"}},"email":"owen.evans@example.com","login":{"uuid":"b3b33590-ae1f-41c7-b097-504909162633","username":"orangeladybug412","password":"1214","salt":"P6f9gVCE","md5":"107f90110be64abcc18529f54544a61e","sha1":"4a861c741699cda5fc40132d80e9f3a2a385e040","sha256":"b92793520fe51d10fd8919a8c2a2b060ee35eeb057e5effe442daa92529c39dd"},"dob":{"date":"1946-02-27T03:58:18.509Z","age":78},"registered":{"date":"2007-12-18T00:50:45.036Z","age":16},"phone":"00-5041-4228","cell":"0479-902-695","id":{"name":"TFN","value":"216202844"},"picture":{"large":"https://randomuser.me/api/portraits/men/60.jpg","medium":"https://randomuser.me/api/portraits/med/men/60.jpg","thumbnail":"https://randomuser.me/api/portraits/thumb/men/60.jpg"},"nat":"AU"}],"info":{"seed":"e3dc1ef02d1150df","results":1,"page":1,"version":"1.4"}} 
 </msg>
<msg time="2024-06-26T10:15:45.978987" level="INFO">/opt/hostedtoolcache/Python/3.12.4/x64/lib/python3.12/site-packages/urllib3/connectionpool.py:1099: InsecureRequestWarning: Unverified HTTPS request is being made to host 'randomuser.me'. Adding certificate verification is strongly advised. See: https://urllib3.readthedocs.io/en/latest/advanced-usage.html#tls-warnings
  warnings.warn(</msg>
<msg time="2024-06-26T10:15:45.979128" level="INFO">${response} = &lt;Response [200]&gt;</msg>
<var>${response}</var>
<arg>consultarAPI</arg>
<arg>/api</arg>
<doc>Sends a GET request on a previously created HTTP Session.</doc>
<status status="PASS" start="2024-06-26T10:15:45.905542" elapsed="0.073625"/>
</kw>
<kw name="Set Variable" owner="BuiltIn">
<msg time="2024-06-26T10:15:45.980414" level="INFO">${json_data} = {'results': [{'gender': 'male', 'name': {'title': 'Mr', 'first': 'Owen', 'last': 'Evans'}, 'location': {'street': {'number': 1968, 'name': 'E Pecan St'}, 'city': 'Devonport', 'state': 'South Australia...</msg>
<var>${json_data}</var>
<arg>${response.json()}</arg>
<doc>Returns the given values which can then be assigned to a variables.</doc>
<status status="PASS" start="2024-06-26T10:15:45.979700" elapsed="0.000755"/>
</kw>
<kw name="Log" owner="BuiltIn">
<msg time="2024-06-26T10:15:45.981147" level="INFO">{'results': [{'gender': 'male', 'name': {'title': 'Mr', 'first': 'Owen', 'last': 'Evans'}, 'location': {'street': {'number': 1968, 'name': 'E Pecan St'}, 'city': 'Devonport', 'state': 'South Australia', 'country': 'Australia', 'postcode': 7535, 'coordinates': {'latitude': '-89.3350', 'longitude': '-141.4681'}, 'timezone': {'offset': '+5:30', 'description': 'Bombay, Calcutta, Madras, New Delhi'}}, 'email': 'owen.evans@example.com', 'login': {'uuid': 'b3b33590-ae1f-41c7-b097-504909162633', 'username': 'orangeladybug412', 'password': '1214', 'salt': 'P6f9gVCE', 'md5': '107f90110be64abcc18529f54544a61e', 'sha1': '4a861c741699cda5fc40132d80e9f3a2a385e040', 'sha256': 'b92793520fe51d10fd8919a8c2a2b060ee35eeb057e5effe442daa92529c39dd'}, 'dob': {'date': '1946-02-27T03:58:18.509Z', 'age': 78}, 'registered': {'date': '2007-12-18T00:50:45.036Z', 'age': 16}, 'phone': '00-5041-4228', 'cell': '0479-902-695', 'id': {'name': 'TFN', 'value': '216202844'}, 'picture': {'large': 'https://randomuser.me/api/portraits/men/60.jpg', 'medium': 'https://randomuser.me/api/portraits/med/men/60.jpg', 'thumbnail': 'https://randomuser.me/api/portraits/thumb/men/60.jpg'}, 'nat': 'AU'}], 'info': {'seed': 'e3dc1ef02d1150df', 'results': 1, 'page': 1, 'version': '1.4'}}</msg>
<arg>${json_data}</arg>
<doc>Logs the given message with the given level.</doc>
<status status="PASS" start="2024-06-26T10:15:45.980910" elapsed="0.000316"/>
</kw>
<kw name="Should Be String" owner="String">
<arg>${json_data['results'][0]['gender']}</arg>
<doc>Fails if the given ``item`` is not a string.</doc>
<status status="PASS" start="2024-06-26T10:15:45.981700" elapsed="0.000620"/>
</kw>
<kw name="Should Match Regexp" owner="BuiltIn">
<arg>${json_data['results'][0]['email']}</arg>
<arg>^[a-zA-Z0-9._%+-]+@[a-zA-Z0-9.-]+\.[a-zA-Z]{2,}$</arg>
<doc>Fails if ``string`` does not match ``pattern`` as a regular expression.</doc>
<status status="PASS" start="2024-06-26T10:15:45.982616" elapsed="0.000782"/>
</kw>
<kw name="Should Match Regexp" owner="BuiltIn">
<arg>${json_data['results'][0]['dob']['date']}</arg>
<arg>\\d{4}-\\d{2}-\\d{2}T\\d{2}:\\d{2}:\\d{2}\\.\\d{3}Z</arg>
<doc>Fails if ``string`` does not match ``pattern`` as a regular expression.</doc>
<status status="PASS" start="2024-06-26T10:15:45.983764" elapsed="0.000855"/>
</kw>
<kw name="Should Match Regexp" owner="BuiltIn">
<arg>${json_data['results'][0]['registered']['date']}</arg>
<arg>\\d{4}-\\d{2}-\\d{2}T\\d{2}:\\d{2}:\\d{2}\\.\\d{3}Z</arg>
<doc>Fails if ``string`` does not match ``pattern`` as a regular expression.</doc>
<status status="PASS" start="2024-06-26T10:15:45.984922" elapsed="0.000663"/>
</kw>
<kw name="Should Match Regexp" owner="BuiltIn">
<arg>${json_data['results'][0]['picture']['large']}</arg>
<arg>^https?://.*\.(?:png|jpe?g|gif|bmp)$</arg>
<doc>Fails if ``string`` does not match ``pattern`` as a regular expression.</doc>
<status status="PASS" start="2024-06-26T10:15:45.985900" elapsed="0.000793"/>
</kw>
<kw name="Should Match Regexp" owner="BuiltIn">
<arg>${json_data['results'][0]['picture']['medium']}</arg>
<arg>^https?://.*\.(?:png|jpe?g|gif|bmp)$</arg>
<doc>Fails if ``string`` does not match ``pattern`` as a regular expression.</doc>
<status status="PASS" start="2024-06-26T10:15:45.986993" elapsed="0.000635"/>
</kw>
<kw name="Should Match Regexp" owner="BuiltIn">
<arg>${json_data['results'][0]['picture']['thumbnail']}</arg>
<arg>^https?://.*\.(?:png|jpe?g|gif|bmp)$</arg>
<doc>Fails if ``string`` does not match ``pattern`` as a regular expression.</doc>
<status status="PASS" start="2024-06-26T10:15:45.987934" elapsed="0.000510"/>
</kw>
<kw name="Log" owner="BuiltIn">
<msg time="2024-06-26T10:15:45.988986" level="INFO">{'large': 'https://randomuser.me/api/portraits/men/60.jpg', 'medium': 'https://randomuser.me/api/portraits/med/men/60.jpg', 'thumbnail': 'https://randomuser.me/api/portraits/thumb/men/60.jpg'}</msg>
<arg>${json_data['results'][0]['picture']}</arg>
<doc>Logs the given message with the given level.</doc>
<status status="PASS" start="2024-06-26T10:15:45.988644" elapsed="0.000386"/>
</kw>
<status status="PASS" start="2024-06-26T10:15:45.905317" elapsed="0.083975"/>
</kw>
<kw name="Teste de Tipos de Dados - Postcode" owner="random-user-service">
<kw name="GET On Session" owner="RequestsLibrary">
<msg time="2024-06-26T10:15:46.079921" level="INFO">GET Request : url=https://randomuser.me/api 
 path_url=/api 
 headers={'User-Agent': 'python-requests/2.32.3', 'Accept-Encoding': 'gzip, deflate', 'Accept': '*/*', 'Connection': 'keep-alive'} 
 body=None 
 </msg>
<msg time="2024-06-26T10:15:46.079994" level="INFO">GET Response : url=https://randomuser.me/api 
 status=200, reason=OK 
 headers={'Date': 'Wed, 26 Jun 2024 10:15:46 GMT', 'Content-Type': 'application/json; charset=utf-8', 'Transfer-Encoding': 'chunked', 'Connection': 'keep-alive', 'X-Powered-By': 'Express', 'Access-Control-Allow-Origin': '*', 'Cache-Control': 'no-cache', 'ETag': 'W/"481-qdKCkgFXdwlgtDpKzq4als48+74"', 'Vary': 'Accept-Encoding', 'Content-Encoding': 'gzip', 'CF-Cache-Status': 'DYNAMIC', 'Report-To': '{"endpoints":[{"url":"https:\\/\\/a.nel.cloudflare.com\\/report\\/v4?s=q9IBZVTrJqp7ZdDoK1INtrgPScawGRX7li0UsUr9%2F5SpkyBFo1juYyoDiLYzNHiYD9zn5Q3%2FmxKx5SACDJdpca1gE99z5EkECrf6ykIYupg%2Bcgf39NUD1pc6r2cy%2BYyV"}],"group":"cf-nel","max_age":604800}', 'NEL': '{"success_fraction":0,"report_to":"cf-nel","max_age":604800}', 'Server': 'cloudflare', 'CF-RAY': '899c70207c5020b4-IAD', 'alt-svc': 'h3=":443"; ma=86400'} 
 body={"results":[{"gender":"male","name":{"title":"Mr","first":"Necati","last":"Elmastaşoğlu"},"location":{"street":{"number":7712,"name":"Bağdat Cd"},"city":"Kars","state":"Kocaeli","country":"Turkey","postcode":35322,"coordinates":{"latitude":"68.9473","longitude":"-110.7698"},"timezone":{"offset":"-7:00","description":"Mountain Time (US &amp; Canada)"}},"email":"necati.elmastasoglu@example.com","login":{"uuid":"b52cd784-fa99-4baf-be17-821d9bd73744","username":"bigladybug575","password":"vader","salt":"8PKKTQ87","md5":"d7c957a0e69e2e81a5050ebf9830e90e","sha1":"6b447eac493d46a05c22c2023281db5217763aa0","sha256":"1b1f1c40c686425ffd6c103364f7ccaa75bd6dbe5ab670791e68335f30d34b04"},"dob":{"date":"1951-10-23T13:04:57.679Z","age":72},"registered":{"date":"2004-01-03T03:29:34.297Z","age":20},"phone":"(678)-424-2271","cell":"(722)-249-0402","id":{"name":"","value":null},"picture":{"large":"https://randomuser.me/api/portraits/men/81.jpg","medium":"https://randomuser.me/api/portraits/med/men/81.jpg","thumbnail":"https://randomuser.me/api/portraits/thumb/men/81.jpg"},"nat":"TR"}],"info":{"seed":"ee8f5b414e374d5e","results":1,"page":1,"version":"1.4"}} 
 </msg>
<msg time="2024-06-26T10:15:46.080058" level="INFO">/opt/hostedtoolcache/Python/3.12.4/x64/lib/python3.12/site-packages/urllib3/connectionpool.py:1099: InsecureRequestWarning: Unverified HTTPS request is being made to host 'randomuser.me'. Adding certificate verification is strongly advised. See: https://urllib3.readthedocs.io/en/latest/advanced-usage.html#tls-warnings
  warnings.warn(</msg>
<msg time="2024-06-26T10:15:46.080154" level="INFO">${response} = &lt;Response [200]&gt;</msg>
<var>${response}</var>
<arg>consultarAPI</arg>
<arg>/api</arg>
<doc>Sends a GET request on a previously created HTTP Session.</doc>
<status status="PASS" start="2024-06-26T10:15:45.989795" elapsed="0.090387"/>
</kw>
<kw name="Set Variable" owner="BuiltIn">
<msg time="2024-06-26T10:15:46.081107" level="INFO">${json_data} = {'results': [{'gender': 'male', 'name': {'title': 'Mr', 'first': 'Necati', 'last': 'Elmastaşoğlu'}, 'location': {'street': {'number': 7712, 'name': 'Bağdat Cd'}, 'city': 'Kars', 'state': 'Kocaeli', 'c...</msg>
<var>${json_data}</var>
<arg>${response.json()}</arg>
<doc>Returns the given values which can then be assigned to a variables.</doc>
<status status="PASS" start="2024-06-26T10:15:46.080623" elapsed="0.000514"/>
</kw>
<kw name="Log" owner="BuiltIn">
<msg time="2024-06-26T10:15:46.081657" level="INFO">{'results': [{'gender': 'male', 'name': {'title': 'Mr', 'first': 'Necati', 'last': 'Elmastaşoğlu'}, 'location': {'street': {'number': 7712, 'name': 'Bağdat Cd'}, 'city': 'Kars', 'state': 'Kocaeli', 'country': 'Turkey', 'postcode': 35322, 'coordinates': {'latitude': '68.9473', 'longitude': '-110.7698'}, 'timezone': {'offset': '-7:00', 'description': 'Mountain Time (US &amp; Canada)'}}, 'email': 'necati.elmastasoglu@example.com', 'login': {'uuid': 'b52cd784-fa99-4baf-be17-821d9bd73744', 'username': 'bigladybug575', 'password': 'vader', 'salt': '8PKKTQ87', 'md5': 'd7c957a0e69e2e81a5050ebf9830e90e', 'sha1': '6b447eac493d46a05c22c2023281db5217763aa0', 'sha256': '1b1f1c40c686425ffd6c103364f7ccaa75bd6dbe5ab670791e68335f30d34b04'}, 'dob': {'date': '1951-10-23T13:04:57.679Z', 'age': 72}, 'registered': {'date': '2004-01-03T03:29:34.297Z', 'age': 20}, 'phone': '(678)-424-2271', 'cell': '(722)-249-0402', 'id': {'name': '', 'value': None}, 'picture': {'large': 'https://randomuser.me/api/portraits/men/81.jpg', 'medium': 'https://randomuser.me/api/portraits/med/men/81.jpg', 'thumbnail': 'https://randomuser.me/api/portraits/thumb/men/81.jpg'}, 'nat': 'TR'}], 'info': {'seed': 'ee8f5b414e374d5e', 'results': 1, 'page': 1, 'version': '1.4'}}</msg>
<arg>${json_data}</arg>
<doc>Logs the given message with the given level.</doc>
<status status="PASS" start="2024-06-26T10:15:46.081457" elapsed="0.000258"/>
</kw>
<kw name="Should Be Equal As Numbers" owner="BuiltIn">
<arg>${json_data['results'][0]['location']['postcode']}</arg>
<arg>${json_data['results'][0]['location']['postcode']}</arg>
<doc>Fails if objects are unequal after converting them to real numbers.</doc>
<status status="PASS" start="2024-06-26T10:15:46.082022" elapsed="0.000644"/>
</kw>
<kw name="Log" owner="BuiltIn">
<msg time="2024-06-26T10:15:46.083201" level="INFO">35322</msg>
<arg>${json_data['results'][0]['location']['postcode']}</arg>
<doc>Logs the given message with the given level.</doc>
<status status="PASS" start="2024-06-26T10:15:46.082860" elapsed="0.000383"/>
</kw>
<status status="PASS" start="2024-06-26T10:15:45.989522" elapsed="0.093973"/>
</kw>
<doc>Testa se os tipos de dados na resposta da API estão corretos.</doc>
<tag>testeTiposDados</tag>
<status status="PASS" start="2024-06-26T10:15:45.904693" elapsed="0.179002"/>
</test>
<test id="s1-s1-t5" name="Validar conteudo" line="35">
<kw name="Teste de Tipos de Conteudo" owner="random-user-service">
<kw name="GET On Session" owner="RequestsLibrary">
<msg time="2024-06-26T10:15:46.181355" level="INFO">GET Request : url=https://randomuser.me/api 
 path_url=/api 
 headers={'User-Agent': 'python-requests/2.32.3', 'Accept-Encoding': 'gzip, deflate', 'Accept': '*/*', 'Connection': 'keep-alive'} 
 body=None 
 </msg>
<msg time="2024-06-26T10:15:46.181440" level="INFO">GET Response : url=https://randomuser.me/api 
 status=200, reason=OK 
 headers={'Date': 'Wed, 26 Jun 2024 10:15:46 GMT', 'Content-Type': 'application/json; charset=utf-8', 'Transfer-Encoding': 'chunked', 'Connection': 'keep-alive', 'X-Powered-By': 'Express', 'Access-Control-Allow-Origin': '*', 'Cache-Control': 'no-cache', 'ETag': 'W/"479-s3VItUfsQ+vWcKKWTfGxwjLas1U"', 'Vary': 'Accept-Encoding', 'Content-Encoding': 'gzip', 'CF-Cache-Status': 'DYNAMIC', 'Report-To': '{"endpoints":[{"url":"https:\\/\\/a.nel.cloudflare.com\\/report\\/v4?s=LTNHTJ3Z1WaLvMPepZhQzQTUGajGiQZHX8lSgtWkIo74HsbolQiPREj%2BEUcxRPHPqJyJrnD13okrwEYgPqC90%2F4XBxNldQR53B6OKNyVe4DhZp0hJlFCUQZeUfi1w2N6"}],"group":"cf-nel","max_age":604800}', 'NEL': '{"success_fraction":0,"report_to":"cf-nel","max_age":604800}', 'Server': 'cloudflare', 'CF-RAY': '899c70210ce820b4-IAD', 'alt-svc': 'h3=":443"; ma=86400'} 
 body={"results":[{"gender":"male","name":{"title":"Mr","first":"Arnaud","last":"Lo"},"location":{"street":{"number":8114,"name":"Maple Ave"},"city":"Chatham","state":"Ontario","country":"Canada","postcode":"Z7X 9S3","coordinates":{"latitude":"-65.7135","longitude":"-84.9255"},"timezone":{"offset":"-7:00","description":"Mountain Time (US &amp; Canada)"}},"email":"arnaud.lo@example.com","login":{"uuid":"182ca2a7-72b5-4662-b766-8d2baa2e6c1e","username":"happykoala601","password":"ipswich","salt":"BlRuyyin","md5":"334f92484898e78a1bb7b8b4b2f1b978","sha1":"1482a74bd12e7f2c36a64b0a0e35138cb55bf3a8","sha256":"f3d3c8f4884a85057539b01ae96c9bbf6a2b2369b3a9d9e28555be5c100f0f74"},"dob":{"date":"1991-09-26T03:43:46.979Z","age":32},"registered":{"date":"2004-10-13T03:06:42.135Z","age":19},"phone":"R61 X38-0973","cell":"P39 Y92-5063","id":{"name":"SIN","value":"703439018"},"picture":{"large":"https://randomuser.me/api/portraits/men/71.jpg","medium":"https://randomuser.me/api/portraits/med/men/71.jpg","thumbnail":"https://randomuser.me/api/portraits/thumb/men/71.jpg"},"nat":"CA"}],"info":{"seed":"456217bc92de3f76","results":1,"page":1,"version":"1.4"}} 
 </msg>
<msg time="2024-06-26T10:15:46.181520" level="INFO">/opt/hostedtoolcache/Python/3.12.4/x64/lib/python3.12/site-packages/urllib3/connectionpool.py:1099: InsecureRequestWarning: Unverified HTTPS request is being made to host 'randomuser.me'. Adding certificate verification is strongly advised. See: https://urllib3.readthedocs.io/en/latest/advanced-usage.html#tls-warnings
  warnings.warn(</msg>
<msg time="2024-06-26T10:15:46.181653" level="INFO">${response} = &lt;Response [200]&gt;</msg>
<var>${response}</var>
<arg>consultarAPI</arg>
<arg>/api</arg>
<doc>Sends a GET request on a previously created HTTP Session.</doc>
<status status="PASS" start="2024-06-26T10:15:46.086766" elapsed="0.094928"/>
</kw>
<kw name="Set Variable" owner="BuiltIn">
<msg time="2024-06-26T10:15:46.182625" level="INFO">${json_data} = {'results': [{'gender': 'male', 'name': {'title': 'Mr', 'first': 'Arnaud', 'last': 'Lo'}, 'location': {'street': {'number': 8114, 'name': 'Maple Ave'}, 'city': 'Chatham', 'state': 'Ontario', 'country'...</msg>
<var>${json_data}</var>
<arg>${response.json()}</arg>
<doc>Returns the given values which can then be assigned to a variables.</doc>
<status status="PASS" start="2024-06-26T10:15:46.182143" elapsed="0.000510"/>
</kw>
<kw name="Set Variable" owner="BuiltIn">
<msg time="2024-06-26T10:15:46.183344" level="INFO">${name_title} = Mr</msg>
<var>${name_title}</var>
<arg>${json_data["results"][0]["name"]["title"]}</arg>
<doc>Returns the given values which can then be assigned to a variables.</doc>
<status status="PASS" start="2024-06-26T10:15:46.182958" elapsed="0.000411"/>
</kw>
<kw name="Create List" owner="BuiltIn">
<msg time="2024-06-26T10:15:46.183812" level="INFO">${allowed_titles} = ['Mr', 'Ms', 'Miss', 'Mrs', 'Madame', 'Monsieur']</msg>
<var>${allowed_titles}</var>
<arg>Mr</arg>
<arg>Ms</arg>
<arg>Miss</arg>
<arg>Mrs</arg>
<arg>Madame</arg>
<arg>Monsieur</arg>
<doc>Returns a list containing given items.</doc>
<status status="PASS" start="2024-06-26T10:15:46.183663" elapsed="0.000173"/>
</kw>
<kw name="List Should Contain Value" owner="Collections">
<arg>${allowed_titles}</arg>
<arg>${name_title}</arg>
<doc>Fails if the ``value`` is not found from ``list``.</doc>
<status status="PASS" start="2024-06-26T10:15:46.184140" elapsed="0.000179"/>
</kw>
<kw name="Set Variable" owner="BuiltIn">
<msg time="2024-06-26T10:15:46.184861" level="INFO">${name_country} = CA</msg>
<var>${name_country}</var>
<arg>${json_data["results"][0]["nat"]}</arg>
<doc>Returns the given values which can then be assigned to a variables.</doc>
<status status="PASS" start="2024-06-26T10:15:46.184498" elapsed="0.000388"/>
</kw>
<kw name="Create List" owner="BuiltIn">
<msg time="2024-06-26T10:15:46.185828" level="INFO">${list_country} = ['AD', 'AE', 'AF', 'AG', 'AI', 'AL', 'AM', 'AO', 'AQ', 'AR', 'AS', 'AT', 'AU', 'AW', 'AX', 'AZ', 'BA', 'BB', 'BD', 'BE', 'BF', 'BG', 'BH', 'BI', 'BJ', 'BL', 'BM', 'BN', 'BO', 'BQ', 'BR', 'BS', 'BT', '...</msg>
<var>${list_country}</var>
<arg>AD</arg>
<arg>AE</arg>
<arg>AF</arg>
<arg>AG</arg>
<arg>AI</arg>
<arg>AL</arg>
<arg>AM</arg>
<arg>AO</arg>
<arg>AQ</arg>
<arg>AR</arg>
<arg>AS</arg>
<arg>AT</arg>
<arg>AU</arg>
<arg>AW</arg>
<arg>AX</arg>
<arg>AZ</arg>
<arg>BA</arg>
<arg>BB</arg>
<arg>BD</arg>
<arg>BE</arg>
<arg>BF</arg>
<arg>BG</arg>
<arg>BH</arg>
<arg>BI</arg>
<arg>BJ</arg>
<arg>BL</arg>
<arg>BM</arg>
<arg>BN</arg>
<arg>BO</arg>
<arg>BQ</arg>
<arg>BR</arg>
<arg>BS</arg>
<arg>BT</arg>
<arg>BV</arg>
<arg>BW</arg>
<arg>BY</arg>
<arg>BZ</arg>
<arg>CA</arg>
<arg>CC</arg>
<arg>CD</arg>
<arg>CF</arg>
<arg>CG</arg>
<arg>CH</arg>
<arg>CI</arg>
<arg>CK</arg>
<arg>CL</arg>
<arg>CM</arg>
<arg>CN</arg>
<arg>CO</arg>
<arg>CR</arg>
<arg>CU</arg>
<arg>CV</arg>
<arg>CW</arg>
<arg>CX</arg>
<arg>CY</arg>
<arg>CZ</arg>
<arg>DE</arg>
<arg>DJ</arg>
<arg>DK</arg>
<arg>DM</arg>
<arg>DO</arg>
<arg>DZ</arg>
<arg>EC</arg>
<arg>EE</arg>
<arg>EG</arg>
<arg>EH</arg>
<arg>ER</arg>
<arg>ES</arg>
<arg>ET</arg>
<arg>FI</arg>
<arg>FJ</arg>
<arg>FK</arg>
<arg>FM</arg>
<arg>FO</arg>
<arg>FR</arg>
<arg>GA</arg>
<arg>GB</arg>
<arg>GD</arg>
<arg>GE</arg>
<arg>GF</arg>
<arg>GG</arg>
<arg>GH</arg>
<arg>GI</arg>
<arg>GL</arg>
<arg>GM</arg>
<arg>GN</arg>
<arg>GP</arg>
<arg>GQ</arg>
<arg>GR</arg>
<arg>GS</arg>
<arg>GT</arg>
<arg>GU</arg>
<arg>GW</arg>
<arg>GY</arg>
<arg>HK</arg>
<arg>HM</arg>
<arg>HN</arg>
<arg>HR</arg>
<arg>HT</arg>
<arg>HU</arg>
<arg>ID</arg>
<arg>IE</arg>
<arg>IL</arg>
<arg>IM</arg>
<arg>IN</arg>
<arg>IO</arg>
<arg>IQ</arg>
<arg>IR</arg>
<arg>IS</arg>
<arg>IT</arg>
<arg>JE</arg>
<arg>JM</arg>
<arg>JO</arg>
<arg>JP</arg>
<arg>KE</arg>
<arg>KG</arg>
<arg>KH</arg>
<arg>KI</arg>
<arg>KM</arg>
<arg>KN</arg>
<arg>KP</arg>
<arg>KR</arg>
<arg>KW</arg>
<arg>KY</arg>
<arg>KZ</arg>
<arg>LA</arg>
<arg>LB</arg>
<arg>LC</arg>
<arg>LI</arg>
<arg>LK</arg>
<arg>LR</arg>
<arg>LS</arg>
<arg>LT</arg>
<arg>LU</arg>
<arg>LV</arg>
<arg>LY</arg>
<arg>MA</arg>
<arg>MC</arg>
<arg>MD</arg>
<arg>ME</arg>
<arg>MF</arg>
<arg>MG</arg>
<arg>MH</arg>
<arg>MK</arg>
<arg>ML</arg>
<arg>MM</arg>
<arg>MN</arg>
<arg>MO</arg>
<arg>MP</arg>
<arg>MQ</arg>
<arg>MR</arg>
<arg>MS</arg>
<arg>MT</arg>
<arg>MU</arg>
<arg>MV</arg>
<arg>MW</arg>
<arg>MX</arg>
<arg>MY</arg>
<arg>MZ</arg>
<arg>NA</arg>
<arg>NC</arg>
<arg>NE</arg>
<arg>NF</arg>
<arg>NG</arg>
<arg>NI</arg>
<arg>NL</arg>
<arg>NO</arg>
<arg>NP</arg>
<arg>NR</arg>
<arg>NU</arg>
<arg>NZ</arg>
<arg>OM</arg>
<arg>PA</arg>
<arg>PE</arg>
<arg>PF</arg>
<arg>PG</arg>
<arg>PH</arg>
<arg>PK</arg>
<arg>PL</arg>
<arg>PM</arg>
<arg>PN</arg>
<arg>PR</arg>
<arg>PS</arg>
<arg>PT</arg>
<arg>PW</arg>
<arg>PY</arg>
<arg>QA</arg>
<arg>RE</arg>
<arg>RO</arg>
<arg>RS</arg>
<arg>RU</arg>
<arg>RW</arg>
<arg>SA</arg>
<arg>SB</arg>
<arg>SC</arg>
<arg>SD</arg>
<arg>SE</arg>
<arg>SG</arg>
<arg>SH</arg>
<arg>SI</arg>
<arg>SJ</arg>
<arg>SK</arg>
<arg>SL</arg>
<arg>SM</arg>
<arg>SN</arg>
<arg>SO</arg>
<arg>SR</arg>
<arg>SS</arg>
<arg>ST</arg>
<arg>SV</arg>
<arg>SX</arg>
<arg>SY</arg>
<arg>SZ</arg>
<arg>TC</arg>
<arg>TD</arg>
<arg>TF</arg>
<arg>TG</arg>
<arg>TH</arg>
<arg>TJ</arg>
<arg>TK</arg>
<arg>TL</arg>
<arg>TM</arg>
<arg>TN</arg>
<arg>TO</arg>
<arg>TR</arg>
<arg>TT</arg>
<arg>TV</arg>
<arg>TW</arg>
<arg>TZ</arg>
<arg>UA</arg>
<arg>UG</arg>
<arg>UM</arg>
<arg>US</arg>
<arg>UY</arg>
<arg>UZ</arg>
<arg>VA</arg>
<arg>VC</arg>
<arg>VE</arg>
<arg>VG</arg>
<arg>VI</arg>
<arg>VN</arg>
<arg>VU</arg>
<arg>WF</arg>
<arg>WS</arg>
<arg>XK</arg>
<arg>YE</arg>
<arg>YT</arg>
<arg>ZA</arg>
<arg>ZM</arg>
<arg>ZW</arg>
<doc>Returns a list containing given items.</doc>
<status status="PASS" start="2024-06-26T10:15:46.185182" elapsed="0.000672"/>
</kw>
<kw name="List Should Contain Value" owner="Collections">
<arg>${list_country}</arg>
<arg>${name_country}</arg>
<doc>Fails if the ``value`` is not found from ``list``.</doc>
<status status="PASS" start="2024-06-26T10:15:46.186660" elapsed="0.000201"/>
</kw>
<kw name="Run Keyword If" owner="BuiltIn">
<kw name="Should Be True" owner="BuiltIn">
<arg>${True}</arg>
<doc>Fails if the given condition is not true.</doc>
<status status="PASS" start="2024-06-26T10:15:46.187788" elapsed="0.000141"/>
</kw>
<arg>${json_data["results"][0]["location"]["coordinates"]["latitude"]} &gt;= -90 and ${json_data["results"][0]["location"]["coordinates"]["latitude"]} &lt;= 90</arg>
<arg>Should Be True</arg>
<arg>${True}</arg>
<doc>Runs the given keyword with the given arguments, if ``condition`` is true.</doc>
<status status="PASS" start="2024-06-26T10:15:46.187056" elapsed="0.000997"/>
</kw>
<kw name="Run Keyword If" owner="BuiltIn">
<kw name="Should Be True" owner="BuiltIn">
<arg>${True}</arg>
<doc>Fails if the given condition is not true.</doc>
<status status="PASS" start="2024-06-26T10:15:46.188932" elapsed="0.000137"/>
</kw>
<arg>${json_data["results"][0]["location"]["coordinates"]["longitude"]} &gt;= -180 and ${json_data["results"][0]["location"]["coordinates"]["longitude"]} &lt;= 180</arg>
<arg>Should Be True</arg>
<arg>${True}</arg>
<doc>Runs the given keyword with the given arguments, if ``condition`` is true.</doc>
<status status="PASS" start="2024-06-26T10:15:46.188239" elapsed="0.000954"/>
</kw>
<status status="PASS" start="2024-06-26T10:15:46.086177" elapsed="0.103148"/>
</kw>
<doc>Testa o conteúdo específico dos campos retornados pela API.</doc>
<tag>testeConteudo</tag>
<status status="PASS" start="2024-06-26T10:15:46.085474" elapsed="0.103999"/>
</test>
<status status="PASS" start="2024-06-26T10:15:45.264390" elapsed="0.927029"/>
</suite>
<status status="PASS" start="2024-06-26T10:15:45.250171" elapsed="0.946428"/>
</suite>
<statistics>
<total>
<stat pass="5" fail="0" skip="0">All Tests</stat>
</total>
<tag>
<stat pass="1" fail="0" skip="0">testeConteudo</stat>
<stat pass="1" fail="0" skip="0">testeEstruturaResposta</stat>
<stat pass="1" fail="0" skip="0">testeRequisicaoBasica</stat>
<stat pass="1" fail="0" skip="0">testeTiposDados</stat>
</tag>
<suite>
<stat pass="5" fail="0" skip="0" id="s1" name="Tests">Tests</stat>
<stat pass="5" fail="0" skip="0" id="s1-s1" name="Random-User-Test">Tests.Random-User-Test</stat>
</suite>
</statistics>
<errors>
</errors>
</robot>
