<?xml version="1.0" encoding="UTF-8"?>
<robot generator="Robot 7.0.1 (Python 3.12.3 on linux)" generated="2024-06-14T01:05:33.048884" rpa="false" schemaversion="5">
<suite id="s1" name="Tests" source="/home/runner/work/ApiRandomUser/ApiRandomUser/RamdonUser/tests">
<suite id="s1-s1" name="Random-User-Test" source="/home/runner/work/ApiRandomUser/ApiRandomUser/RamdonUser/tests/random-user-test.robot">
<test id="s1-s1-t1" name="Conectar" line="13">
<kw name="Conectar API" owner="random-user-service">
<kw name="Create Session" owner="RequestsLibrary">
<msg time="2024-06-14T01:05:33.453503" level="INFO">Creating Session using : alias=consultarAPI, url=https://randomuser.me/, headers={},                     cookies={}, auth=None, timeout=None, proxies=None, verify=False,                     debug=0 </msg>
<arg>consultarAPI</arg>
<arg>${URL}</arg>
<doc>Create Session: create a HTTP session to a server</doc>
<status status="PASS" start="2024-06-14T01:05:33.453229" elapsed="0.000456"/>
</kw>
<status status="PASS" start="2024-06-14T01:05:33.452009" elapsed="0.002040"/>
</kw>
<status status="PASS" start="2024-06-14T01:05:33.451477" elapsed="0.002771"/>
</test>
<test id="s1-s1-t2" name="Validar retorno 200 e JSON Válido" line="16">
<kw name="Teste de Requisicao Basica" owner="random-user-service">
<kw name="GET On Session" owner="RequestsLibrary">
<msg time="2024-06-14T01:05:33.655638" level="INFO">GET Request : url=https://randomuser.me/api 
 path_url=/api 
 headers={'User-Agent': 'python-requests/2.32.3', 'Accept-Encoding': 'gzip, deflate', 'Accept': '*/*', 'Connection': 'keep-alive'} 
 body=None 
 </msg>
<msg time="2024-06-14T01:05:33.655787" level="INFO">GET Response : url=https://randomuser.me/api 
 status=200, reason=OK 
 headers={'Date': 'Fri, 14 Jun 2024 01:05:33 GMT', 'Content-Type': 'application/json; charset=utf-8', 'Transfer-Encoding': 'chunked', 'Connection': 'keep-alive', 'X-Powered-By': 'Express', 'Access-Control-Allow-Origin': '*', 'Cache-Control': 'no-cache', 'ETag': 'W/"46e-EbGiNkQrWuZC5niuHAX2+uCW3tI"', 'Vary': 'Accept-Encoding', 'Content-Encoding': 'gzip', 'CF-Cache-Status': 'DYNAMIC', 'Report-To': '{"endpoints":[{"url":"https:\\/\\/a.nel.cloudflare.com\\/report\\/v4?s=27OTw9xo%2BQOmNsfHZ2aDTxNx%2FvVfcnP%2BQSHRQBmmN9jgbLDTom7iDqCRZnaZdH9AE0uAsiVqjG68Cjtta3Op7us4lfKB2svBZ%2F%2FQoLuuyUU0o3aDh%2FLa%2Fos4kBKmDpRw"}],"group":"cf-nel","max_age":604800}', 'NEL': '{"success_fraction":0,"report_to":"cf-nel","max_age":604800}', 'Server': 'cloudflare', 'CF-RAY': '893669a8cc0a7e7d-LAX', 'alt-svc': 'h3=":443"; ma=86400'} 
 body={"results":[{"gender":"female","name":{"title":"Ms","first":"Kaia","last":"Willumsen"},"location":{"street":{"number":4943,"name":"Seterhøybakken"},"city":"Tyssedal","state":"Buskerud","country":"Norway","postcode":"0172","coordinates":{"latitude":"42.9423","longitude":"140.5184"},"timezone":{"offset":"-9:00","description":"Alaska"}},"email":"kaia.willumsen@example.com","login":{"uuid":"7fe17be2-c437-4e26-84e2-00aa8b526d6b","username":"blackbear101","password":"tara","salt":"tmE3jzXr","md5":"81a72bb5f1a6c55c67a9239b5e0d39b6","sha1":"50ef0b4e5449d5cc1a4595cc5c610f835813165a","sha256":"b5b9a26a2ce25366a293b09a2b7f343d7024d17319c21a790a78766e95f31c4c"},"dob":{"date":"1980-06-03T14:54:33.292Z","age":44},"registered":{"date":"2015-02-02T21:25:12.793Z","age":9},"phone":"73148375","cell":"96218246","id":{"name":"FN","value":"03068007061"},"picture":{"large":"https://randomuser.me/api/portraits/women/53.jpg","medium":"https://randomuser.me/api/portraits/med/women/53.jpg","thumbnail":"https://randomuser.me/api/portraits/thumb/women/53.jpg"},"nat":"NO"}],"info":{"seed":"80d898b1e4aa93d6","results":1,"page":1,"version":"1.4"}} 
 </msg>
<msg time="2024-06-14T01:05:33.655871" level="INFO">/opt/hostedtoolcache/Python/3.12.3/x64/lib/python3.12/site-packages/urllib3/connectionpool.py:1103: InsecureRequestWarning: Unverified HTTPS request is being made to host 'randomuser.me'. Adding certificate verification is strongly advised. See: https://urllib3.readthedocs.io/en/latest/advanced-usage.html#tls-warnings
  warnings.warn(</msg>
<msg time="2024-06-14T01:05:33.656037" level="INFO">${response} = &lt;Response [200]&gt;</msg>
<var>${response}</var>
<arg>consultarAPI</arg>
<arg>/api</arg>
<doc>Sends a GET request on a previously created HTTP Session.</doc>
<status status="PASS" start="2024-06-14T01:05:33.456855" elapsed="0.199225"/>
</kw>
<kw name="Should Be Equal As Numbers" owner="BuiltIn">
<msg time="2024-06-14T01:05:33.657069" level="INFO">Argument types are:
&lt;class 'int'&gt;
&lt;class 'str'&gt;</msg>
<arg>${response.status_code}</arg>
<arg>200</arg>
<doc>Fails if objects are unequal after converting them to real numbers.</doc>
<status status="PASS" start="2024-06-14T01:05:33.656616" elapsed="0.000518"/>
</kw>
<kw name="Log" owner="BuiltIn">
<msg time="2024-06-14T01:05:33.657866" level="INFO">200</msg>
<arg>${response.status_code}</arg>
<doc>Logs the given message with the given level.</doc>
<status status="PASS" start="2024-06-14T01:05:33.657511" elapsed="0.000407"/>
</kw>
<kw name="Set Variable" owner="BuiltIn">
<msg time="2024-06-14T01:05:33.658662" level="INFO">${json_data} = {'results': [{'gender': 'female', 'name': {'title': 'Ms', 'first': 'Kaia', 'last': 'Willumsen'}, 'location': {'street': {'number': 4943, 'name': 'Seterhøybakken'}, 'city': 'Tyssedal', 'state': 'Busker...</msg>
<var>${json_data}</var>
<arg>${response.json()}</arg>
<doc>Returns the given values which can then be assigned to a variables.</doc>
<status status="PASS" start="2024-06-14T01:05:33.658227" elapsed="0.000465"/>
</kw>
<kw name="Dictionary Should Contain Key" owner="Collections">
<arg>${json_data}</arg>
<arg>results</arg>
<doc>Fails if ``key`` is not found from ``dictionary``.</doc>
<status status="PASS" start="2024-06-14T01:05:33.658997" elapsed="0.000167"/>
</kw>
<status status="PASS" start="2024-06-14T01:05:33.456614" elapsed="0.202703"/>
</kw>
<doc>Testa se a API responde corretamente e retorna um objeto JSON válido.</doc>
<tag>testeRequisicaoBasica</tag>
<status status="PASS" start="2024-06-14T01:05:33.456148" elapsed="0.203347"/>
</test>
<test id="s1-s1-t3" name="Validar estrutura de resposta" line="22">
<kw name="Teste de Estrutura de Resposta" owner="random-user-service">
<kw name="GET On Session" owner="RequestsLibrary">
<msg time="2024-06-14T01:05:33.771390" level="INFO">GET Request : url=https://randomuser.me/api 
 path_url=/api 
 headers={'User-Agent': 'python-requests/2.32.3', 'Accept-Encoding': 'gzip, deflate', 'Accept': '*/*', 'Connection': 'keep-alive'} 
 body=None 
 </msg>
<msg time="2024-06-14T01:05:33.771478" level="INFO">GET Response : url=https://randomuser.me/api 
 status=200, reason=OK 
 headers={'Date': 'Fri, 14 Jun 2024 01:05:33 GMT', 'Content-Type': 'application/json; charset=utf-8', 'Transfer-Encoding': 'chunked', 'Connection': 'keep-alive', 'X-Powered-By': 'Express', 'Access-Control-Allow-Origin': '*', 'Cache-Control': 'no-cache', 'ETag': 'W/"488-g/s/MtTi6UsCtgJbjfRDg2si81Q"', 'Vary': 'Accept-Encoding', 'Content-Encoding': 'gzip', 'CF-Cache-Status': 'DYNAMIC', 'Report-To': '{"endpoints":[{"url":"https:\\/\\/a.nel.cloudflare.com\\/report\\/v4?s=e84se891SXWVfZYFtddTXzNcxtvNCtUibzVaeOqyZScXe5kxTPAwIp2qB0SMAQZXTlAlTqlFAs1e7lxs5y7UWJMx4Fc6iAJtGHAxTW7Y252rRYmeYwVMuem%2F%2FXq48iEE"}],"group":"cf-nel","max_age":604800}', 'NEL': '{"success_fraction":0,"report_to":"cf-nel","max_age":604800}', 'Server': 'cloudflare', 'CF-RAY': '893669a96c9c7e7d-LAX', 'alt-svc': 'h3=":443"; ma=86400'} 
 body={"results":[{"gender":"male","name":{"title":"Mr","first":"Mike","last":"Adams"},"location":{"street":{"number":1769,"name":"Sunset St"},"city":"Adelaide","state":"Victoria","country":"Australia","postcode":9262,"coordinates":{"latitude":"-84.6327","longitude":"-158.5472"},"timezone":{"offset":"+5:00","description":"Ekaterinburg, Islamabad, Karachi, Tashkent"}},"email":"mike.adams@example.com","login":{"uuid":"b0a2c0d3-7236-4825-9865-6136ae975742","username":"happyfrog438","password":"karen","salt":"BknzHit2","md5":"20c9eab13de5fd53b60defeec04757eb","sha1":"44e6b5e4d2904945a115cf204e41a12579c73d7d","sha256":"d6f35189e23c254a126a6f0f76f42cbff4eaa71c6e966ef64189f4dc61c4f551"},"dob":{"date":"1951-01-24T03:09:35.528Z","age":73},"registered":{"date":"2006-06-10T16:22:45.607Z","age":18},"phone":"06-8543-4219","cell":"0407-740-113","id":{"name":"TFN","value":"985962128"},"picture":{"large":"https://randomuser.me/api/portraits/men/38.jpg","medium":"https://randomuser.me/api/portraits/med/men/38.jpg","thumbnail":"https://randomuser.me/api/portraits/thumb/men/38.jpg"},"nat":"AU"}],"info":{"seed":"321a400a31bf049d","results":1,"page":1,"version":"1.4"}} 
 </msg>
<msg time="2024-06-14T01:05:33.771613" level="INFO">/opt/hostedtoolcache/Python/3.12.3/x64/lib/python3.12/site-packages/urllib3/connectionpool.py:1103: InsecureRequestWarning: Unverified HTTPS request is being made to host 'randomuser.me'. Adding certificate verification is strongly advised. See: https://urllib3.readthedocs.io/en/latest/advanced-usage.html#tls-warnings
  warnings.warn(</msg>
<msg time="2024-06-14T01:05:33.771728" level="INFO">${response} = &lt;Response [200]&gt;</msg>
<var>${response}</var>
<arg>consultarAPI</arg>
<arg>/api</arg>
<doc>Sends a GET request on a previously created HTTP Session.</doc>
<status status="PASS" start="2024-06-14T01:05:33.662231" elapsed="0.109540"/>
</kw>
<kw name="Set Variable" owner="BuiltIn">
<msg time="2024-06-14T01:05:33.772771" level="INFO">${json_data} = {'results': [{'gender': 'male', 'name': {'title': 'Mr', 'first': 'Mike', 'last': 'Adams'}, 'location': {'street': {'number': 1769, 'name': 'Sunset St'}, 'city': 'Adelaide', 'state': 'Victoria', 'count...</msg>
<var>${json_data}</var>
<arg>${response.json()}</arg>
<doc>Returns the given values which can then be assigned to a variables.</doc>
<status status="PASS" start="2024-06-14T01:05:33.772255" elapsed="0.000548"/>
</kw>
<kw name="Log" owner="BuiltIn">
<msg time="2024-06-14T01:05:33.773310" level="INFO">{'results': [{'gender': 'male', 'name': {'title': 'Mr', 'first': 'Mike', 'last': 'Adams'}, 'location': {'street': {'number': 1769, 'name': 'Sunset St'}, 'city': 'Adelaide', 'state': 'Victoria', 'country': 'Australia', 'postcode': 9262, 'coordinates': {'latitude': '-84.6327', 'longitude': '-158.5472'}, 'timezone': {'offset': '+5:00', 'description': 'Ekaterinburg, Islamabad, Karachi, Tashkent'}}, 'email': 'mike.adams@example.com', 'login': {'uuid': 'b0a2c0d3-7236-4825-9865-6136ae975742', 'username': 'happyfrog438', 'password': 'karen', 'salt': 'BknzHit2', 'md5': '20c9eab13de5fd53b60defeec04757eb', 'sha1': '44e6b5e4d2904945a115cf204e41a12579c73d7d', 'sha256': 'd6f35189e23c254a126a6f0f76f42cbff4eaa71c6e966ef64189f4dc61c4f551'}, 'dob': {'date': '1951-01-24T03:09:35.528Z', 'age': 73}, 'registered': {'date': '2006-06-10T16:22:45.607Z', 'age': 18}, 'phone': '06-8543-4219', 'cell': '0407-740-113', 'id': {'name': 'TFN', 'value': '985962128'}, 'picture': {'large': 'https://randomuser.me/api/portraits/men/38.jpg', 'medium': 'https://randomuser.me/api/portraits/med/men/38.jpg', 'thumbnail': 'https://randomuser.me/api/portraits/thumb/men/38.jpg'}, 'nat': 'AU'}], 'info': {'seed': '321a400a31bf049d', 'results': 1, 'page': 1, 'version': '1.4'}}</msg>
<arg>${json_data}</arg>
<doc>Logs the given message with the given level.</doc>
<status status="PASS" start="2024-06-14T01:05:33.773116" elapsed="0.000251"/>
</kw>
<kw name="Dictionary Should Contain Key" owner="Collections">
<arg>${json_data}</arg>
<arg>results</arg>
<doc>Fails if ``key`` is not found from ``dictionary``.</doc>
<status status="PASS" start="2024-06-14T01:05:33.773669" elapsed="0.000164"/>
</kw>
<kw name="Should Not Be Empty" owner="BuiltIn">
<msg time="2024-06-14T01:05:33.774146" level="INFO">Length is 2.</msg>
<arg>${json_data}</arg>
<doc>Verifies that the given item is not empty.</doc>
<status status="PASS" start="2024-06-14T01:05:33.774019" elapsed="0.000166"/>
</kw>
<kw name="Create List" owner="BuiltIn">
<msg time="2024-06-14T01:05:33.774626" level="INFO">${expected_keys} = ['gender', 'name', 'location', 'email', 'login']</msg>
<var>${expected_keys}</var>
<arg>gender</arg>
<arg>name</arg>
<arg>location</arg>
<arg>email</arg>
<arg>login</arg>
<doc>Returns a list containing given items.</doc>
<status status="PASS" start="2024-06-14T01:05:33.774475" elapsed="0.000175"/>
</kw>
<for flavor="IN">
<iter>
<kw name="Dictionary Should Contain Key" owner="Collections">
<arg>${json_data['results'][0]}</arg>
<arg>${key}</arg>
<doc>Fails if ``key`` is not found from ``dictionary``.</doc>
<status status="PASS" start="2024-06-14T01:05:33.775354" elapsed="0.000422"/>
</kw>
<kw name="Log" owner="BuiltIn">
<msg time="2024-06-14T01:05:33.776340" level="INFO">{'gender': 'male', 'name': {'title': 'Mr', 'first': 'Mike', 'last': 'Adams'}, 'location': {'street': {'number': 1769, 'name': 'Sunset St'}, 'city': 'Adelaide', 'state': 'Victoria', 'country': 'Australia', 'postcode': 9262, 'coordinates': {'latitude': '-84.6327', 'longitude': '-158.5472'}, 'timezone': {'offset': '+5:00', 'description': 'Ekaterinburg, Islamabad, Karachi, Tashkent'}}, 'email': 'mike.adams@example.com', 'login': {'uuid': 'b0a2c0d3-7236-4825-9865-6136ae975742', 'username': 'happyfrog438', 'password': 'karen', 'salt': 'BknzHit2', 'md5': '20c9eab13de5fd53b60defeec04757eb', 'sha1': '44e6b5e4d2904945a115cf204e41a12579c73d7d', 'sha256': 'd6f35189e23c254a126a6f0f76f42cbff4eaa71c6e966ef64189f4dc61c4f551'}, 'dob': {'date': '1951-01-24T03:09:35.528Z', 'age': 73}, 'registered': {'date': '2006-06-10T16:22:45.607Z', 'age': 18}, 'phone': '06-8543-4219', 'cell': '0407-740-113', 'id': {'name': 'TFN', 'value': '985962128'}, 'picture': {'large': 'https://randomuser.me/api/portraits/men/38.jpg', 'medium': 'https://randomuser.me/api/portraits/med/men/38.jpg', 'thumbnail': 'https://randomuser.me/api/portraits/thumb/men/38.jpg'}, 'nat': 'AU'}</msg>
<arg>${json_data['results'][0]}</arg>
<doc>Logs the given message with the given level.</doc>
<status status="PASS" start="2024-06-14T01:05:33.775973" elapsed="0.000418"/>
</kw>
<kw name="Log" owner="BuiltIn">
<msg time="2024-06-14T01:05:33.776825" level="INFO">gender</msg>
<arg>${key}</arg>
<doc>Logs the given message with the given level.</doc>
<status status="PASS" start="2024-06-14T01:05:33.776694" elapsed="0.000171"/>
</kw>
<var name="${key}">gender</var>
<status status="PASS" start="2024-06-14T01:05:33.775207" elapsed="0.001887"/>
</iter>
<iter>
<kw name="Dictionary Should Contain Key" owner="Collections">
<arg>${json_data['results'][0]}</arg>
<arg>${key}</arg>
<doc>Fails if ``key`` is not found from ``dictionary``.</doc>
<status status="PASS" start="2024-06-14T01:05:33.777434" elapsed="0.000391"/>
</kw>
<kw name="Log" owner="BuiltIn">
<msg time="2024-06-14T01:05:33.778360" level="INFO">{'gender': 'male', 'name': {'title': 'Mr', 'first': 'Mike', 'last': 'Adams'}, 'location': {'street': {'number': 1769, 'name': 'Sunset St'}, 'city': 'Adelaide', 'state': 'Victoria', 'country': 'Australia', 'postcode': 9262, 'coordinates': {'latitude': '-84.6327', 'longitude': '-158.5472'}, 'timezone': {'offset': '+5:00', 'description': 'Ekaterinburg, Islamabad, Karachi, Tashkent'}}, 'email': 'mike.adams@example.com', 'login': {'uuid': 'b0a2c0d3-7236-4825-9865-6136ae975742', 'username': 'happyfrog438', 'password': 'karen', 'salt': 'BknzHit2', 'md5': '20c9eab13de5fd53b60defeec04757eb', 'sha1': '44e6b5e4d2904945a115cf204e41a12579c73d7d', 'sha256': 'd6f35189e23c254a126a6f0f76f42cbff4eaa71c6e966ef64189f4dc61c4f551'}, 'dob': {'date': '1951-01-24T03:09:35.528Z', 'age': 73}, 'registered': {'date': '2006-06-10T16:22:45.607Z', 'age': 18}, 'phone': '06-8543-4219', 'cell': '0407-740-113', 'id': {'name': 'TFN', 'value': '985962128'}, 'picture': {'large': 'https://randomuser.me/api/portraits/men/38.jpg', 'medium': 'https://randomuser.me/api/portraits/med/men/38.jpg', 'thumbnail': 'https://randomuser.me/api/portraits/thumb/men/38.jpg'}, 'nat': 'AU'}</msg>
<arg>${json_data['results'][0]}</arg>
<doc>Logs the given message with the given level.</doc>
<status status="PASS" start="2024-06-14T01:05:33.778012" elapsed="0.000428"/>
</kw>
<kw name="Log" owner="BuiltIn">
<msg time="2024-06-14T01:05:33.778877" level="INFO">name</msg>
<arg>${key}</arg>
<doc>Logs the given message with the given level.</doc>
<status status="PASS" start="2024-06-14T01:05:33.778743" elapsed="0.000174"/>
</kw>
<var name="${key}">name</var>
<status status="PASS" start="2024-06-14T01:05:33.777318" elapsed="0.001818"/>
</iter>
<iter>
<kw name="Dictionary Should Contain Key" owner="Collections">
<arg>${json_data['results'][0]}</arg>
<arg>${key}</arg>
<doc>Fails if ``key`` is not found from ``dictionary``.</doc>
<status status="PASS" start="2024-06-14T01:05:33.779431" elapsed="0.000385"/>
</kw>
<kw name="Log" owner="BuiltIn">
<msg time="2024-06-14T01:05:33.780364" level="INFO">{'gender': 'male', 'name': {'title': 'Mr', 'first': 'Mike', 'last': 'Adams'}, 'location': {'street': {'number': 1769, 'name': 'Sunset St'}, 'city': 'Adelaide', 'state': 'Victoria', 'country': 'Australia', 'postcode': 9262, 'coordinates': {'latitude': '-84.6327', 'longitude': '-158.5472'}, 'timezone': {'offset': '+5:00', 'description': 'Ekaterinburg, Islamabad, Karachi, Tashkent'}}, 'email': 'mike.adams@example.com', 'login': {'uuid': 'b0a2c0d3-7236-4825-9865-6136ae975742', 'username': 'happyfrog438', 'password': 'karen', 'salt': 'BknzHit2', 'md5': '20c9eab13de5fd53b60defeec04757eb', 'sha1': '44e6b5e4d2904945a115cf204e41a12579c73d7d', 'sha256': 'd6f35189e23c254a126a6f0f76f42cbff4eaa71c6e966ef64189f4dc61c4f551'}, 'dob': {'date': '1951-01-24T03:09:35.528Z', 'age': 73}, 'registered': {'date': '2006-06-10T16:22:45.607Z', 'age': 18}, 'phone': '06-8543-4219', 'cell': '0407-740-113', 'id': {'name': 'TFN', 'value': '985962128'}, 'picture': {'large': 'https://randomuser.me/api/portraits/men/38.jpg', 'medium': 'https://randomuser.me/api/portraits/med/men/38.jpg', 'thumbnail': 'https://randomuser.me/api/portraits/thumb/men/38.jpg'}, 'nat': 'AU'}</msg>
<arg>${json_data['results'][0]}</arg>
<doc>Logs the given message with the given level.</doc>
<status status="PASS" start="2024-06-14T01:05:33.780005" elapsed="0.000407"/>
</kw>
<kw name="Log" owner="BuiltIn">
<msg time="2024-06-14T01:05:33.780834" level="INFO">location</msg>
<arg>${key}</arg>
<doc>Logs the given message with the given level.</doc>
<status status="PASS" start="2024-06-14T01:05:33.780706" elapsed="0.000167"/>
</kw>
<var name="${key}">location</var>
<status status="PASS" start="2024-06-14T01:05:33.779321" elapsed="0.001772"/>
</iter>
<iter>
<kw name="Dictionary Should Contain Key" owner="Collections">
<arg>${json_data['results'][0]}</arg>
<arg>${key}</arg>
<doc>Fails if ``key`` is not found from ``dictionary``.</doc>
<status status="PASS" start="2024-06-14T01:05:33.781402" elapsed="0.000380"/>
</kw>
<kw name="Log" owner="BuiltIn">
<msg time="2024-06-14T01:05:33.782320" level="INFO">{'gender': 'male', 'name': {'title': 'Mr', 'first': 'Mike', 'last': 'Adams'}, 'location': {'street': {'number': 1769, 'name': 'Sunset St'}, 'city': 'Adelaide', 'state': 'Victoria', 'country': 'Australia', 'postcode': 9262, 'coordinates': {'latitude': '-84.6327', 'longitude': '-158.5472'}, 'timezone': {'offset': '+5:00', 'description': 'Ekaterinburg, Islamabad, Karachi, Tashkent'}}, 'email': 'mike.adams@example.com', 'login': {'uuid': 'b0a2c0d3-7236-4825-9865-6136ae975742', 'username': 'happyfrog438', 'password': 'karen', 'salt': 'BknzHit2', 'md5': '20c9eab13de5fd53b60defeec04757eb', 'sha1': '44e6b5e4d2904945a115cf204e41a12579c73d7d', 'sha256': 'd6f35189e23c254a126a6f0f76f42cbff4eaa71c6e966ef64189f4dc61c4f551'}, 'dob': {'date': '1951-01-24T03:09:35.528Z', 'age': 73}, 'registered': {'date': '2006-06-10T16:22:45.607Z', 'age': 18}, 'phone': '06-8543-4219', 'cell': '0407-740-113', 'id': {'name': 'TFN', 'value': '985962128'}, 'picture': {'large': 'https://randomuser.me/api/portraits/men/38.jpg', 'medium': 'https://randomuser.me/api/portraits/med/men/38.jpg', 'thumbnail': 'https://randomuser.me/api/portraits/thumb/men/38.jpg'}, 'nat': 'AU'}</msg>
<arg>${json_data['results'][0]}</arg>
<doc>Logs the given message with the given level.</doc>
<status status="PASS" start="2024-06-14T01:05:33.781965" elapsed="0.000403"/>
</kw>
<kw name="Log" owner="BuiltIn">
<msg time="2024-06-14T01:05:33.782793" level="INFO">email</msg>
<arg>${key}</arg>
<doc>Logs the given message with the given level.</doc>
<status status="PASS" start="2024-06-14T01:05:33.782664" elapsed="0.000168"/>
</kw>
<var name="${key}">email</var>
<status status="PASS" start="2024-06-14T01:05:33.781292" elapsed="0.001754"/>
</iter>
<iter>
<kw name="Dictionary Should Contain Key" owner="Collections">
<arg>${json_data['results'][0]}</arg>
<arg>${key}</arg>
<doc>Fails if ``key`` is not found from ``dictionary``.</doc>
<status status="PASS" start="2024-06-14T01:05:33.783328" elapsed="0.000385"/>
</kw>
<kw name="Log" owner="BuiltIn">
<msg time="2024-06-14T01:05:33.784251" level="INFO">{'gender': 'male', 'name': {'title': 'Mr', 'first': 'Mike', 'last': 'Adams'}, 'location': {'street': {'number': 1769, 'name': 'Sunset St'}, 'city': 'Adelaide', 'state': 'Victoria', 'country': 'Australia', 'postcode': 9262, 'coordinates': {'latitude': '-84.6327', 'longitude': '-158.5472'}, 'timezone': {'offset': '+5:00', 'description': 'Ekaterinburg, Islamabad, Karachi, Tashkent'}}, 'email': 'mike.adams@example.com', 'login': {'uuid': 'b0a2c0d3-7236-4825-9865-6136ae975742', 'username': 'happyfrog438', 'password': 'karen', 'salt': 'BknzHit2', 'md5': '20c9eab13de5fd53b60defeec04757eb', 'sha1': '44e6b5e4d2904945a115cf204e41a12579c73d7d', 'sha256': 'd6f35189e23c254a126a6f0f76f42cbff4eaa71c6e966ef64189f4dc61c4f551'}, 'dob': {'date': '1951-01-24T03:09:35.528Z', 'age': 73}, 'registered': {'date': '2006-06-10T16:22:45.607Z', 'age': 18}, 'phone': '06-8543-4219', 'cell': '0407-740-113', 'id': {'name': 'TFN', 'value': '985962128'}, 'picture': {'large': 'https://randomuser.me/api/portraits/men/38.jpg', 'medium': 'https://randomuser.me/api/portraits/med/men/38.jpg', 'thumbnail': 'https://randomuser.me/api/portraits/thumb/men/38.jpg'}, 'nat': 'AU'}</msg>
<arg>${json_data['results'][0]}</arg>
<doc>Logs the given message with the given level.</doc>
<status status="PASS" start="2024-06-14T01:05:33.783901" elapsed="0.000395"/>
</kw>
<kw name="Log" owner="BuiltIn">
<msg time="2024-06-14T01:05:33.784826" level="INFO">login</msg>
<arg>${key}</arg>
<doc>Logs the given message with the given level.</doc>
<status status="PASS" start="2024-06-14T01:05:33.784589" elapsed="0.000276"/>
</kw>
<var name="${key}">login</var>
<status status="PASS" start="2024-06-14T01:05:33.783219" elapsed="0.001863"/>
</iter>
<var>${key}</var>
<value>@{expected_keys}</value>
<status status="PASS" start="2024-06-14T01:05:33.774943" elapsed="0.010258"/>
</for>
<kw name="Create List" owner="BuiltIn">
<msg time="2024-06-14T01:05:33.785558" level="INFO">${expected_keysTwo} = ['username', 'password']</msg>
<var>${expected_keysTwo}</var>
<arg>username</arg>
<arg>password</arg>
<doc>Returns a list containing given items.</doc>
<status status="PASS" start="2024-06-14T01:05:33.785422" elapsed="0.000160"/>
</kw>
<for flavor="IN">
<iter>
<kw name="Dictionary Should Contain Key" owner="Collections">
<arg>${json_data['results'][0]['login']}</arg>
<arg>${keyTwo}</arg>
<doc>Fails if ``key`` is not found from ``dictionary``.</doc>
<status status="PASS" start="2024-06-14T01:05:33.786131" elapsed="0.000378"/>
</kw>
<kw name="Dictionary Should Contain Key" owner="Collections">
<arg>${json_data['results'][0]['login']}</arg>
<arg>${keyTwo}</arg>
<doc>Fails if ``key`` is not found from ``dictionary``.</doc>
<status status="PASS" start="2024-06-14T01:05:33.786689" elapsed="0.000371"/>
</kw>
<kw name="Log" owner="BuiltIn">
<msg time="2024-06-14T01:05:33.787361" level="INFO">username</msg>
<arg>${keyTwo}</arg>
<doc>Logs the given message with the given level.</doc>
<status status="PASS" start="2024-06-14T01:05:33.787239" elapsed="0.000160"/>
</kw>
<var name="${keyTwo}">username</var>
<status status="PASS" start="2024-06-14T01:05:33.786024" elapsed="0.001594"/>
</iter>
<iter>
<kw name="Dictionary Should Contain Key" owner="Collections">
<arg>${json_data['results'][0]['login']}</arg>
<arg>${keyTwo}</arg>
<doc>Fails if ``key`` is not found from ``dictionary``.</doc>
<status status="PASS" start="2024-06-14T01:05:33.787911" elapsed="0.000384"/>
</kw>
<kw name="Dictionary Should Contain Key" owner="Collections">
<arg>${json_data['results'][0]['login']}</arg>
<arg>${keyTwo}</arg>
<doc>Fails if ``key`` is not found from ``dictionary``.</doc>
<status status="PASS" start="2024-06-14T01:05:33.788477" elapsed="0.000381"/>
</kw>
<kw name="Log" owner="BuiltIn">
<msg time="2024-06-14T01:05:33.789160" level="INFO">password</msg>
<arg>${keyTwo}</arg>
<doc>Logs the given message with the given level.</doc>
<status status="PASS" start="2024-06-14T01:05:33.789039" elapsed="0.000159"/>
</kw>
<var name="${keyTwo}">password</var>
<status status="PASS" start="2024-06-14T01:05:33.787801" elapsed="0.001648"/>
</iter>
<var>${keyTwo}</var>
<value>@{expected_keysTwo}</value>
<status status="PASS" start="2024-06-14T01:05:33.785850" elapsed="0.003725"/>
</for>
<status status="PASS" start="2024-06-14T01:05:33.661996" elapsed="0.127724"/>
</kw>
<doc>Testa a estrutura da resposta da API.</doc>
<tag>testeEstruturaResposta</tag>
<status status="PASS" start="2024-06-14T01:05:33.661337" elapsed="0.128547"/>
</test>
<test id="s1-s1-t4" name="Validar tipos de dados" line="28">
<kw name="Teste de Tipos de Dados" owner="random-user-service">
<kw name="GET On Session" owner="RequestsLibrary">
<msg time="2024-06-14T01:05:33.892232" level="INFO">GET Request : url=https://randomuser.me/api 
 path_url=/api 
 headers={'User-Agent': 'python-requests/2.32.3', 'Accept-Encoding': 'gzip, deflate', 'Accept': '*/*', 'Connection': 'keep-alive'} 
 body=None 
 </msg>
<msg time="2024-06-14T01:05:33.892326" level="INFO">GET Response : url=https://randomuser.me/api 
 status=200, reason=OK 
 headers={'Date': 'Fri, 14 Jun 2024 01:05:33 GMT', 'Content-Type': 'application/json; charset=utf-8', 'Transfer-Encoding': 'chunked', 'Connection': 'keep-alive', 'X-Powered-By': 'Express', 'Access-Control-Allow-Origin': '*', 'Cache-Control': 'no-cache', 'ETag': 'W/"4a4-CMS3BcvUSWCGktEpyMb3U450tzY"', 'Vary': 'Accept-Encoding', 'Content-Encoding': 'gzip', 'CF-Cache-Status': 'DYNAMIC', 'Report-To': '{"endpoints":[{"url":"https:\\/\\/a.nel.cloudflare.com\\/report\\/v4?s=Ta033uSZUK8xzBsm2o0cz%2Bzidcxe804dSFOw8%2FESrWOtnDqtb9qq%2BiBl2FDQYiCmnvFOA56t%2FvHpNmJfSPV28AEWswDP1k09HnHMIQaH33xOiTOHjamuO98eh%2FHN3zbJ"}],"group":"cf-nel","max_age":604800}', 'NEL': '{"success_fraction":0,"report_to":"cf-nel","max_age":604800}', 'Server': 'cloudflare', 'CF-RAY': '893669aa3d8c7e7d-LAX', 'alt-svc': 'h3=":443"; ma=86400'} 
 body={"results":[{"gender":"male","name":{"title":"Mr","first":"Marnix","last":"Delsing"},"location":{"street":{"number":4306,"name":"Gustav Hertzstraat"},"city":"Wormerveer","state":"Drenthe","country":"Netherlands","postcode":"2518 VB","coordinates":{"latitude":"31.8001","longitude":"-24.7146"},"timezone":{"offset":"+5:00","description":"Ekaterinburg, Islamabad, Karachi, Tashkent"}},"email":"marnix.delsing@example.com","login":{"uuid":"92a6af1e-c1a0-44b8-9497-77f6661ec8e7","username":"purpleladybug546","password":"delphi","salt":"UeMbsRHu","md5":"035ae7fac1321b4940f9fcac3d74da5f","sha1":"83d5d7f3f510ec67e13ef9e281131fa80fe63fb2","sha256":"c0f912b10b0a0156db3bed352ac3807643a9908a0c943648b211b9604e857583"},"dob":{"date":"1971-01-26T11:07:10.367Z","age":53},"registered":{"date":"2021-12-06T08:32:50.196Z","age":2},"phone":"(034) 0885840","cell":"(06) 27686468","id":{"name":"BSN","value":"82696974"},"picture":{"large":"https://randomuser.me/api/portraits/men/38.jpg","medium":"https://randomuser.me/api/portraits/med/men/38.jpg","thumbnail":"https://randomuser.me/api/portraits/thumb/men/38.jpg"},"nat":"NL"}],"info":{"seed":"824be5a8bfb2f5ca","results":1,"page":1,"version":"1.4"}} 
 </msg>
<msg time="2024-06-14T01:05:33.892404" level="INFO">/opt/hostedtoolcache/Python/3.12.3/x64/lib/python3.12/site-packages/urllib3/connectionpool.py:1103: InsecureRequestWarning: Unverified HTTPS request is being made to host 'randomuser.me'. Adding certificate verification is strongly advised. See: https://urllib3.readthedocs.io/en/latest/advanced-usage.html#tls-warnings
  warnings.warn(</msg>
<msg time="2024-06-14T01:05:33.892523" level="INFO">${response} = &lt;Response [200]&gt;</msg>
<var>${response}</var>
<arg>consultarAPI</arg>
<arg>/api</arg>
<doc>Sends a GET request on a previously created HTTP Session.</doc>
<status status="PASS" start="2024-06-14T01:05:33.792343" elapsed="0.100226"/>
</kw>
<kw name="Set Variable" owner="BuiltIn">
<msg time="2024-06-14T01:05:33.893671" level="INFO">${json_data} = {'results': [{'gender': 'male', 'name': {'title': 'Mr', 'first': 'Marnix', 'last': 'Delsing'}, 'location': {'street': {'number': 4306, 'name': 'Gustav Hertzstraat'}, 'city': 'Wormerveer', 'state': 'Dr...</msg>
<var>${json_data}</var>
<arg>${response.json()}</arg>
<doc>Returns the given values which can then be assigned to a variables.</doc>
<status status="PASS" start="2024-06-14T01:05:33.893140" elapsed="0.000560"/>
</kw>
<kw name="Log" owner="BuiltIn">
<msg time="2024-06-14T01:05:33.894177" level="INFO">{'results': [{'gender': 'male', 'name': {'title': 'Mr', 'first': 'Marnix', 'last': 'Delsing'}, 'location': {'street': {'number': 4306, 'name': 'Gustav Hertzstraat'}, 'city': 'Wormerveer', 'state': 'Drenthe', 'country': 'Netherlands', 'postcode': '2518 VB', 'coordinates': {'latitude': '31.8001', 'longitude': '-24.7146'}, 'timezone': {'offset': '+5:00', 'description': 'Ekaterinburg, Islamabad, Karachi, Tashkent'}}, 'email': 'marnix.delsing@example.com', 'login': {'uuid': '92a6af1e-c1a0-44b8-9497-77f6661ec8e7', 'username': 'purpleladybug546', 'password': 'delphi', 'salt': 'UeMbsRHu', 'md5': '035ae7fac1321b4940f9fcac3d74da5f', 'sha1': '83d5d7f3f510ec67e13ef9e281131fa80fe63fb2', 'sha256': 'c0f912b10b0a0156db3bed352ac3807643a9908a0c943648b211b9604e857583'}, 'dob': {'date': '1971-01-26T11:07:10.367Z', 'age': 53}, 'registered': {'date': '2021-12-06T08:32:50.196Z', 'age': 2}, 'phone': '(034) 0885840', 'cell': '(06) 27686468', 'id': {'name': 'BSN', 'value': '82696974'}, 'picture': {'large': 'https://randomuser.me/api/portraits/men/38.jpg', 'medium': 'https://randomuser.me/api/portraits/med/men/38.jpg', 'thumbnail': 'https://randomuser.me/api/portraits/thumb/men/38.jpg'}, 'nat': 'NL'}], 'info': {'seed': '824be5a8bfb2f5ca', 'results': 1, 'page': 1, 'version': '1.4'}}</msg>
<arg>${json_data}</arg>
<doc>Logs the given message with the given level.</doc>
<status status="PASS" start="2024-06-14T01:05:33.894020" elapsed="0.000209"/>
</kw>
<kw name="Should Be String" owner="String">
<arg>${json_data['results'][0]['gender']}</arg>
<doc>Fails if the given ``item`` is not a string.</doc>
<status status="PASS" start="2024-06-14T01:05:33.894522" elapsed="0.000372"/>
</kw>
<kw name="Should Match Regexp" owner="BuiltIn">
<arg>${json_data['results'][0]['email']}</arg>
<arg>^[a-zA-Z0-9._%+-]+@[a-zA-Z0-9.-]+\.[a-zA-Z]{2,}$</arg>
<doc>Fails if ``string`` does not match ``pattern`` as a regular expression.</doc>
<status status="PASS" start="2024-06-14T01:05:33.895088" elapsed="0.000527"/>
</kw>
<kw name="Should Match Regexp" owner="BuiltIn">
<arg>${json_data['results'][0]['dob']['date']}</arg>
<arg>\\d{4}-\\d{2}-\\d{2}T\\d{2}:\\d{2}:\\d{2}\\.\\d{3}Z</arg>
<doc>Fails if ``string`` does not match ``pattern`` as a regular expression.</doc>
<status status="PASS" start="2024-06-14T01:05:33.895850" elapsed="0.000500"/>
</kw>
<kw name="Should Match Regexp" owner="BuiltIn">
<arg>${json_data['results'][0]['registered']['date']}</arg>
<arg>\\d{4}-\\d{2}-\\d{2}T\\d{2}:\\d{2}:\\d{2}\\.\\d{3}Z</arg>
<doc>Fails if ``string`` does not match ``pattern`` as a regular expression.</doc>
<status status="PASS" start="2024-06-14T01:05:33.896546" elapsed="0.000370"/>
</kw>
<kw name="Should Match Regexp" owner="BuiltIn">
<arg>${json_data['results'][0]['picture']['large']}</arg>
<arg>^https?://.*\.(?:png|jpe?g|gif|bmp)$</arg>
<doc>Fails if ``string`` does not match ``pattern`` as a regular expression.</doc>
<status status="PASS" start="2024-06-14T01:05:33.897106" elapsed="0.000494"/>
</kw>
<kw name="Should Match Regexp" owner="BuiltIn">
<arg>${json_data['results'][0]['picture']['medium']}</arg>
<arg>^https?://.*\.(?:png|jpe?g|gif|bmp)$</arg>
<doc>Fails if ``string`` does not match ``pattern`` as a regular expression.</doc>
<status status="PASS" start="2024-06-14T01:05:33.897798" elapsed="0.000360"/>
</kw>
<kw name="Should Match Regexp" owner="BuiltIn">
<arg>${json_data['results'][0]['picture']['thumbnail']}</arg>
<arg>^https?://.*\.(?:png|jpe?g|gif|bmp)$</arg>
<doc>Fails if ``string`` does not match ``pattern`` as a regular expression.</doc>
<status status="PASS" start="2024-06-14T01:05:33.898350" elapsed="0.000354"/>
</kw>
<kw name="Log" owner="BuiltIn">
<msg time="2024-06-14T01:05:33.899227" level="INFO">{'large': 'https://randomuser.me/api/portraits/men/38.jpg', 'medium': 'https://randomuser.me/api/portraits/med/men/38.jpg', 'thumbnail': 'https://randomuser.me/api/portraits/thumb/men/38.jpg'}</msg>
<arg>${json_data['results'][0]['picture']}</arg>
<doc>Logs the given message with the given level.</doc>
<status status="PASS" start="2024-06-14T01:05:33.898892" elapsed="0.000379"/>
</kw>
<status status="PASS" start="2024-06-14T01:05:33.792112" elapsed="0.107416"/>
</kw>
<kw name="Teste de Tipos de Dados - Postcode" owner="random-user-service">
<kw name="GET On Session" owner="RequestsLibrary">
<msg time="2024-06-14T01:05:34.005809" level="INFO">GET Request : url=https://randomuser.me/api 
 path_url=/api 
 headers={'User-Agent': 'python-requests/2.32.3', 'Accept-Encoding': 'gzip, deflate', 'Accept': '*/*', 'Connection': 'keep-alive'} 
 body=None 
 </msg>
<msg time="2024-06-14T01:05:34.005901" level="INFO">GET Response : url=https://randomuser.me/api 
 status=200, reason=OK 
 headers={'Date': 'Fri, 14 Jun 2024 01:05:33 GMT', 'Content-Type': 'application/json; charset=utf-8', 'Transfer-Encoding': 'chunked', 'Connection': 'keep-alive', 'X-Powered-By': 'Express', 'Access-Control-Allow-Origin': '*', 'Cache-Control': 'no-cache', 'ETag': 'W/"47b-8KmAyI/wQImxrtVm1KPUE0HCbLQ"', 'Vary': 'Accept-Encoding', 'Content-Encoding': 'gzip', 'CF-Cache-Status': 'DYNAMIC', 'Report-To': '{"endpoints":[{"url":"https:\\/\\/a.nel.cloudflare.com\\/report\\/v4?s=Jhcx2NXJqCQV3XBvecAAl3GPGkDekqjgaFax6hxvcOXLz4nPCqyA93gbwbQ0SUUuHXPznAORVkXHS%2BN4ORWofHKgmfuILhGC0iTq1b2aGPUVqc1ZtY25HFNPkInj7G9F"}],"group":"cf-nel","max_age":604800}', 'NEL': '{"success_fraction":0,"report_to":"cf-nel","max_age":604800}', 'Server': 'cloudflare', 'CF-RAY': '893669aaee487e7d-LAX', 'alt-svc': 'h3=":443"; ma=86400'} 
 body={"results":[{"gender":"male","name":{"title":"Mr","first":"Adem","last":"Kutlay"},"location":{"street":{"number":8747,"name":"Mevlana Cd"},"city":"Bitlis","state":"Bartın","country":"Turkey","postcode":22337,"coordinates":{"latitude":"67.3179","longitude":"-143.9195"},"timezone":{"offset":"+10:00","description":"Eastern Australia, Guam, Vladivostok"}},"email":"adem.kutlay@example.com","login":{"uuid":"09fde2e2-9022-48c3-a28f-99821d31148c","username":"lazyzebra607","password":"beaver","salt":"LbihHUmk","md5":"72cecf576615a8f78957c9aa8547b5c2","sha1":"f680f321dd95e5396c024310f69a2e197941d0df","sha256":"1e235781dba8166f1203fd638b9bf0ee9a1164662d094d9a43b5d36784fee4b1"},"dob":{"date":"1978-12-30T20:11:08.327Z","age":45},"registered":{"date":"2012-09-03T11:41:20.996Z","age":11},"phone":"(082)-002-5802","cell":"(061)-703-7510","id":{"name":"","value":null},"picture":{"large":"https://randomuser.me/api/portraits/men/14.jpg","medium":"https://randomuser.me/api/portraits/med/men/14.jpg","thumbnail":"https://randomuser.me/api/portraits/thumb/men/14.jpg"},"nat":"TR"}],"info":{"seed":"bf97547d0296b17b","results":1,"page":1,"version":"1.4"}} 
 </msg>
<msg time="2024-06-14T01:05:34.005991" level="INFO">/opt/hostedtoolcache/Python/3.12.3/x64/lib/python3.12/site-packages/urllib3/connectionpool.py:1103: InsecureRequestWarning: Unverified HTTPS request is being made to host 'randomuser.me'. Adding certificate verification is strongly advised. See: https://urllib3.readthedocs.io/en/latest/advanced-usage.html#tls-warnings
  warnings.warn(</msg>
<msg time="2024-06-14T01:05:34.006091" level="INFO">${response} = &lt;Response [200]&gt;</msg>
<var>${response}</var>
<arg>consultarAPI</arg>
<arg>/api</arg>
<doc>Sends a GET request on a previously created HTTP Session.</doc>
<status status="PASS" start="2024-06-14T01:05:33.899998" elapsed="0.106130"/>
</kw>
<kw name="Set Variable" owner="BuiltIn">
<msg time="2024-06-14T01:05:34.007105" level="INFO">${json_data} = {'results': [{'gender': 'male', 'name': {'title': 'Mr', 'first': 'Adem', 'last': 'Kutlay'}, 'location': {'street': {'number': 8747, 'name': 'Mevlana Cd'}, 'city': 'Bitlis', 'state': 'Bartın', 'country...</msg>
<var>${json_data}</var>
<arg>${response.json()}</arg>
<doc>Returns the given values which can then be assigned to a variables.</doc>
<status status="PASS" start="2024-06-14T01:05:34.006614" elapsed="0.000522"/>
</kw>
<kw name="Log" owner="BuiltIn">
<msg time="2024-06-14T01:05:34.007619" level="INFO">{'results': [{'gender': 'male', 'name': {'title': 'Mr', 'first': 'Adem', 'last': 'Kutlay'}, 'location': {'street': {'number': 8747, 'name': 'Mevlana Cd'}, 'city': 'Bitlis', 'state': 'Bartın', 'country': 'Turkey', 'postcode': 22337, 'coordinates': {'latitude': '67.3179', 'longitude': '-143.9195'}, 'timezone': {'offset': '+10:00', 'description': 'Eastern Australia, Guam, Vladivostok'}}, 'email': 'adem.kutlay@example.com', 'login': {'uuid': '09fde2e2-9022-48c3-a28f-99821d31148c', 'username': 'lazyzebra607', 'password': 'beaver', 'salt': 'LbihHUmk', 'md5': '72cecf576615a8f78957c9aa8547b5c2', 'sha1': 'f680f321dd95e5396c024310f69a2e197941d0df', 'sha256': '1e235781dba8166f1203fd638b9bf0ee9a1164662d094d9a43b5d36784fee4b1'}, 'dob': {'date': '1978-12-30T20:11:08.327Z', 'age': 45}, 'registered': {'date': '2012-09-03T11:41:20.996Z', 'age': 11}, 'phone': '(082)-002-5802', 'cell': '(061)-703-7510', 'id': {'name': '', 'value': None}, 'picture': {'large': 'https://randomuser.me/api/portraits/men/14.jpg', 'medium': 'https://randomuser.me/api/portraits/med/men/14.jpg', 'thumbnail': 'https://randomuser.me/api/portraits/thumb/men/14.jpg'}, 'nat': 'TR'}], 'info': {'seed': 'bf97547d0296b17b', 'results': 1, 'page': 1, 'version': '1.4'}}</msg>
<arg>${json_data}</arg>
<doc>Logs the given message with the given level.</doc>
<status status="PASS" start="2024-06-14T01:05:34.007452" elapsed="0.000219"/>
</kw>
<kw name="Should Be Equal As Numbers" owner="BuiltIn">
<arg>${json_data['results'][0]['location']['postcode']}</arg>
<arg>${json_data['results'][0]['location']['postcode']}</arg>
<doc>Fails if objects are unequal after converting them to real numbers.</doc>
<status status="PASS" start="2024-06-14T01:05:34.007976" elapsed="0.000634"/>
</kw>
<kw name="Log" owner="BuiltIn">
<msg time="2024-06-14T01:05:34.009146" level="INFO">22337</msg>
<arg>${json_data['results'][0]['location']['postcode']}</arg>
<doc>Logs the given message with the given level.</doc>
<status status="PASS" start="2024-06-14T01:05:34.008805" elapsed="0.000383"/>
</kw>
<status status="PASS" start="2024-06-14T01:05:33.899758" elapsed="0.109752"/>
</kw>
<doc>Testa se os tipos de dados na resposta da API estão corretos.</doc>
<tag>testeTiposDados</tag>
<status status="PASS" start="2024-06-14T01:05:33.791658" elapsed="0.218027"/>
</test>
<test id="s1-s1-t5" name="Validar conteudo" line="35">
<kw name="Teste de Tipos de Conteudo" owner="random-user-service">
<kw name="GET On Session" owner="RequestsLibrary">
<msg time="2024-06-14T01:05:34.350078" level="INFO">GET Request : url=https://randomuser.me/api 
 path_url=/api 
 headers={'User-Agent': 'python-requests/2.32.3', 'Accept-Encoding': 'gzip, deflate', 'Accept': '*/*', 'Connection': 'keep-alive'} 
 body=None 
 </msg>
<msg time="2024-06-14T01:05:34.350188" level="INFO">GET Response : url=https://randomuser.me/api 
 status=200, reason=OK 
 headers={'Date': 'Fri, 14 Jun 2024 01:05:34 GMT', 'Content-Type': 'application/json; charset=utf-8', 'Transfer-Encoding': 'chunked', 'Connection': 'keep-alive', 'X-Powered-By': 'Express', 'Access-Control-Allow-Origin': '*', 'Cache-Control': 'no-cache', 'ETag': 'W/"485-vGTmX/JfqrZsF4v7jEDjQ+8kuKE"', 'Vary': 'Accept-Encoding', 'Content-Encoding': 'gzip', 'CF-Cache-Status': 'DYNAMIC', 'Report-To': '{"endpoints":[{"url":"https:\\/\\/a.nel.cloudflare.com\\/report\\/v4?s=KAgnQvu2KR%2BfryTFzIGtwiKx0RMwGVavRQd%2FjjP1eSfwRxBvqfNxqvsx7vj4bONMo%2BxNKU%2FIkDygFR9oZDRyMz%2FvXaijIb5zxhvTPO2r6UPtuWYZ3UCKjwd5GXAphgou"}],"group":"cf-nel","max_age":604800}', 'NEL': '{"success_fraction":0,"report_to":"cf-nel","max_age":604800}', 'Server': 'cloudflare', 'CF-RAY': '893669ab9f087e7d-LAX', 'alt-svc': 'h3=":443"; ma=86400'} 
 body={"results":[{"gender":"male","name":{"title":"Mr","first":"Héctor","last":"Mireles"},"location":{"street":{"number":769,"name":"Periférico Papua Nueva Guinea"},"city":"Huautla","state":"Tlaxcala","country":"Mexico","postcode":76552,"coordinates":{"latitude":"25.1509","longitude":"-132.0391"},"timezone":{"offset":"-10:00","description":"Hawaii"}},"email":"hector.mireles@example.com","login":{"uuid":"6911c5eb-32a9-4d68-9aa2-5dd427fc04df","username":"redcat396","password":"obelix","salt":"pjNJ3zFu","md5":"4cb62a2fa1bc410be8387e6a9a8ec641","sha1":"055f981b8cfecf76c687e15f2aa58f4cea9f131c","sha256":"b4ac2009d51d01c361d0cb586e5606d3ae97976e4c7b94b7a55852745b92a6be"},"dob":{"date":"1991-12-20T09:43:35.683Z","age":32},"registered":{"date":"2018-09-08T00:36:34.636Z","age":5},"phone":"(614) 980 2895","cell":"(607) 029 7829","id":{"name":"NSS","value":"57 73 10 8986 5"},"picture":{"large":"https://randomuser.me/api/portraits/men/26.jpg","medium":"https://randomuser.me/api/portraits/med/men/26.jpg","thumbnail":"https://randomuser.me/api/portraits/thumb/men/26.jpg"},"nat":"MX"}],"info":{"seed":"95cbe94bda385263","results":1,"page":1,"version":"1.4"}} 
 </msg>
<msg time="2024-06-14T01:05:34.350271" level="INFO">/opt/hostedtoolcache/Python/3.12.3/x64/lib/python3.12/site-packages/urllib3/connectionpool.py:1103: InsecureRequestWarning: Unverified HTTPS request is being made to host 'randomuser.me'. Adding certificate verification is strongly advised. See: https://urllib3.readthedocs.io/en/latest/advanced-usage.html#tls-warnings
  warnings.warn(</msg>
<msg time="2024-06-14T01:05:34.350402" level="INFO">${response} = &lt;Response [200]&gt;</msg>
<var>${response}</var>
<arg>consultarAPI</arg>
<arg>/api</arg>
<doc>Sends a GET request on a previously created HTTP Session.</doc>
<status status="PASS" start="2024-06-14T01:05:34.012219" elapsed="0.338221"/>
</kw>
<kw name="Set Variable" owner="BuiltIn">
<msg time="2024-06-14T01:05:34.351498" level="INFO">${json_data} = {'results': [{'gender': 'male', 'name': {'title': 'Mr', 'first': 'Héctor', 'last': 'Mireles'}, 'location': {'street': {'number': 769, 'name': 'Periférico Papua Nueva Guinea'}, 'city': 'Huautla', 'stat...</msg>
<var>${json_data}</var>
<arg>${response.json()}</arg>
<doc>Returns the given values which can then be assigned to a variables.</doc>
<status status="PASS" start="2024-06-14T01:05:34.350985" elapsed="0.000543"/>
</kw>
<kw name="Set Variable" owner="BuiltIn">
<msg time="2024-06-14T01:05:34.352215" level="INFO">${name_title} = Mr</msg>
<var>${name_title}</var>
<arg>${json_data["results"][0]["name"]["title"]}</arg>
<doc>Returns the given values which can then be assigned to a variables.</doc>
<status status="PASS" start="2024-06-14T01:05:34.351831" elapsed="0.000409"/>
</kw>
<kw name="Create List" owner="BuiltIn">
<msg time="2024-06-14T01:05:34.352692" level="INFO">${allowed_titles} = ['Mr', 'Ms', 'Miss', 'Mrs', 'Madame', 'Monsieur']</msg>
<var>${allowed_titles}</var>
<arg>Mr</arg>
<arg>Ms</arg>
<arg>Miss</arg>
<arg>Mrs</arg>
<arg>Madame</arg>
<arg>Monsieur</arg>
<doc>Returns a list containing given items.</doc>
<status status="PASS" start="2024-06-14T01:05:34.352542" elapsed="0.000174"/>
</kw>
<kw name="List Should Contain Value" owner="Collections">
<arg>${allowed_titles}</arg>
<arg>${name_title}</arg>
<doc>Fails if the ``value`` is not found from ``list``.</doc>
<status status="PASS" start="2024-06-14T01:05:34.353013" elapsed="0.000175"/>
</kw>
<kw name="Set Variable" owner="BuiltIn">
<msg time="2024-06-14T01:05:34.353786" level="INFO">${name_country} = MX</msg>
<var>${name_country}</var>
<arg>${json_data["results"][0]["nat"]}</arg>
<doc>Returns the given values which can then be assigned to a variables.</doc>
<status status="PASS" start="2024-06-14T01:05:34.353410" elapsed="0.000401"/>
</kw>
<kw name="Create List" owner="BuiltIn">
<msg time="2024-06-14T01:05:34.354702" level="INFO">${list_country} = ['AD', 'AE', 'AF', 'AG', 'AI', 'AL', 'AM', 'AO', 'AQ', 'AR', 'AS', 'AT', 'AU', 'AW', 'AX', 'AZ', 'BA', 'BB', 'BD', 'BE', 'BF', 'BG', 'BH', 'BI', 'BJ', 'BL', 'BM', 'BN', 'BO', 'BQ', 'BR', 'BS', 'BT', '...</msg>
<var>${list_country}</var>
<arg>AD</arg>
<arg>AE</arg>
<arg>AF</arg>
<arg>AG</arg>
<arg>AI</arg>
<arg>AL</arg>
<arg>AM</arg>
<arg>AO</arg>
<arg>AQ</arg>
<arg>AR</arg>
<arg>AS</arg>
<arg>AT</arg>
<arg>AU</arg>
<arg>AW</arg>
<arg>AX</arg>
<arg>AZ</arg>
<arg>BA</arg>
<arg>BB</arg>
<arg>BD</arg>
<arg>BE</arg>
<arg>BF</arg>
<arg>BG</arg>
<arg>BH</arg>
<arg>BI</arg>
<arg>BJ</arg>
<arg>BL</arg>
<arg>BM</arg>
<arg>BN</arg>
<arg>BO</arg>
<arg>BQ</arg>
<arg>BR</arg>
<arg>BS</arg>
<arg>BT</arg>
<arg>BV</arg>
<arg>BW</arg>
<arg>BY</arg>
<arg>BZ</arg>
<arg>CA</arg>
<arg>CC</arg>
<arg>CD</arg>
<arg>CF</arg>
<arg>CG</arg>
<arg>CH</arg>
<arg>CI</arg>
<arg>CK</arg>
<arg>CL</arg>
<arg>CM</arg>
<arg>CN</arg>
<arg>CO</arg>
<arg>CR</arg>
<arg>CU</arg>
<arg>CV</arg>
<arg>CW</arg>
<arg>CX</arg>
<arg>CY</arg>
<arg>CZ</arg>
<arg>DE</arg>
<arg>DJ</arg>
<arg>DK</arg>
<arg>DM</arg>
<arg>DO</arg>
<arg>DZ</arg>
<arg>EC</arg>
<arg>EE</arg>
<arg>EG</arg>
<arg>EH</arg>
<arg>ER</arg>
<arg>ES</arg>
<arg>ET</arg>
<arg>FI</arg>
<arg>FJ</arg>
<arg>FK</arg>
<arg>FM</arg>
<arg>FO</arg>
<arg>FR</arg>
<arg>GA</arg>
<arg>GB</arg>
<arg>GD</arg>
<arg>GE</arg>
<arg>GF</arg>
<arg>GG</arg>
<arg>GH</arg>
<arg>GI</arg>
<arg>GL</arg>
<arg>GM</arg>
<arg>GN</arg>
<arg>GP</arg>
<arg>GQ</arg>
<arg>GR</arg>
<arg>GS</arg>
<arg>GT</arg>
<arg>GU</arg>
<arg>GW</arg>
<arg>GY</arg>
<arg>HK</arg>
<arg>HM</arg>
<arg>HN</arg>
<arg>HR</arg>
<arg>HT</arg>
<arg>HU</arg>
<arg>ID</arg>
<arg>IE</arg>
<arg>IL</arg>
<arg>IM</arg>
<arg>IN</arg>
<arg>IO</arg>
<arg>IQ</arg>
<arg>IR</arg>
<arg>IS</arg>
<arg>IT</arg>
<arg>JE</arg>
<arg>JM</arg>
<arg>JO</arg>
<arg>JP</arg>
<arg>KE</arg>
<arg>KG</arg>
<arg>KH</arg>
<arg>KI</arg>
<arg>KM</arg>
<arg>KN</arg>
<arg>KP</arg>
<arg>KR</arg>
<arg>KW</arg>
<arg>KY</arg>
<arg>KZ</arg>
<arg>LA</arg>
<arg>LB</arg>
<arg>LC</arg>
<arg>LI</arg>
<arg>LK</arg>
<arg>LR</arg>
<arg>LS</arg>
<arg>LT</arg>
<arg>LU</arg>
<arg>LV</arg>
<arg>LY</arg>
<arg>MA</arg>
<arg>MC</arg>
<arg>MD</arg>
<arg>ME</arg>
<arg>MF</arg>
<arg>MG</arg>
<arg>MH</arg>
<arg>MK</arg>
<arg>ML</arg>
<arg>MM</arg>
<arg>MN</arg>
<arg>MO</arg>
<arg>MP</arg>
<arg>MQ</arg>
<arg>MR</arg>
<arg>MS</arg>
<arg>MT</arg>
<arg>MU</arg>
<arg>MV</arg>
<arg>MW</arg>
<arg>MX</arg>
<arg>MY</arg>
<arg>MZ</arg>
<arg>NA</arg>
<arg>NC</arg>
<arg>NE</arg>
<arg>NF</arg>
<arg>NG</arg>
<arg>NI</arg>
<arg>NL</arg>
<arg>NO</arg>
<arg>NP</arg>
<arg>NR</arg>
<arg>NU</arg>
<arg>NZ</arg>
<arg>OM</arg>
<arg>PA</arg>
<arg>PE</arg>
<arg>PF</arg>
<arg>PG</arg>
<arg>PH</arg>
<arg>PK</arg>
<arg>PL</arg>
<arg>PM</arg>
<arg>PN</arg>
<arg>PR</arg>
<arg>PS</arg>
<arg>PT</arg>
<arg>PW</arg>
<arg>PY</arg>
<arg>QA</arg>
<arg>RE</arg>
<arg>RO</arg>
<arg>RS</arg>
<arg>RU</arg>
<arg>RW</arg>
<arg>SA</arg>
<arg>SB</arg>
<arg>SC</arg>
<arg>SD</arg>
<arg>SE</arg>
<arg>SG</arg>
<arg>SH</arg>
<arg>SI</arg>
<arg>SJ</arg>
<arg>SK</arg>
<arg>SL</arg>
<arg>SM</arg>
<arg>SN</arg>
<arg>SO</arg>
<arg>SR</arg>
<arg>SS</arg>
<arg>ST</arg>
<arg>SV</arg>
<arg>SX</arg>
<arg>SY</arg>
<arg>SZ</arg>
<arg>TC</arg>
<arg>TD</arg>
<arg>TF</arg>
<arg>TG</arg>
<arg>TH</arg>
<arg>TJ</arg>
<arg>TK</arg>
<arg>TL</arg>
<arg>TM</arg>
<arg>TN</arg>
<arg>TO</arg>
<arg>TR</arg>
<arg>TT</arg>
<arg>TV</arg>
<arg>TW</arg>
<arg>TZ</arg>
<arg>UA</arg>
<arg>UG</arg>
<arg>UM</arg>
<arg>US</arg>
<arg>UY</arg>
<arg>UZ</arg>
<arg>VA</arg>
<arg>VC</arg>
<arg>VE</arg>
<arg>VG</arg>
<arg>VI</arg>
<arg>VN</arg>
<arg>VU</arg>
<arg>WF</arg>
<arg>WS</arg>
<arg>XK</arg>
<arg>YE</arg>
<arg>YT</arg>
<arg>ZA</arg>
<arg>ZM</arg>
<arg>ZW</arg>
<doc>Returns a list containing given items.</doc>
<status status="PASS" start="2024-06-14T01:05:34.354105" elapsed="0.000628"/>
</kw>
<kw name="List Should Contain Value" owner="Collections">
<arg>${list_country}</arg>
<arg>${name_country}</arg>
<doc>Fails if the ``value`` is not found from ``list``.</doc>
<status status="PASS" start="2024-06-14T01:05:34.355527" elapsed="0.000204"/>
</kw>
<kw name="Run Keyword If" owner="BuiltIn">
<kw name="Should Be True" owner="BuiltIn">
<arg>${True}</arg>
<doc>Fails if the given condition is not true.</doc>
<status status="PASS" start="2024-06-14T01:05:34.356806" elapsed="0.000142"/>
</kw>
<arg>${json_data["results"][0]["location"]["coordinates"]["latitude"]} &gt;= -90 and ${json_data["results"][0]["location"]["coordinates"]["latitude"]} &lt;= 90</arg>
<arg>Should Be True</arg>
<arg>${True}</arg>
<doc>Runs the given keyword with the given arguments, if ``condition`` is true.</doc>
<status status="PASS" start="2024-06-14T01:05:34.355931" elapsed="0.001142"/>
</kw>
<kw name="Run Keyword If" owner="BuiltIn">
<kw name="Should Be True" owner="BuiltIn">
<arg>${True}</arg>
<doc>Fails if the given condition is not true.</doc>
<status status="PASS" start="2024-06-14T01:05:34.357983" elapsed="0.000139"/>
</kw>
<arg>${json_data["results"][0]["location"]["coordinates"]["longitude"]} &gt;= -180 and ${json_data["results"][0]["location"]["coordinates"]["longitude"]} &lt;= 180</arg>
<arg>Should Be True</arg>
<arg>${True}</arg>
<doc>Runs the given keyword with the given arguments, if ``condition`` is true.</doc>
<status status="PASS" start="2024-06-14T01:05:34.357287" elapsed="0.000958"/>
</kw>
<status status="PASS" start="2024-06-14T01:05:34.011989" elapsed="0.346388"/>
</kw>
<doc>Testa o conteúdo específico dos campos retornados pela API.</doc>
<tag>testeConteudo</tag>
<status status="PASS" start="2024-06-14T01:05:34.011457" elapsed="0.347074"/>
</test>
<status status="PASS" start="2024-06-14T01:05:33.106856" elapsed="1.253584"/>
</suite>
<status status="PASS" start="2024-06-14T01:05:33.093363" elapsed="1.272108"/>
</suite>
<statistics>
<total>
<stat pass="5" fail="0" skip="0">All Tests</stat>
</total>
<tag>
<stat pass="1" fail="0" skip="0">testeConteudo</stat>
<stat pass="1" fail="0" skip="0">testeEstruturaResposta</stat>
<stat pass="1" fail="0" skip="0">testeRequisicaoBasica</stat>
<stat pass="1" fail="0" skip="0">testeTiposDados</stat>
</tag>
<suite>
<stat pass="5" fail="0" skip="0" id="s1" name="Tests">Tests</stat>
<stat pass="5" fail="0" skip="0" id="s1-s1" name="Random-User-Test">Tests.Random-User-Test</stat>
</suite>
</statistics>
<errors>
</errors>
</robot>
