<?xml version="1.0" encoding="UTF-8"?>
<robot generator="Robot 7.0 (Python 3.12.3 on linux)" generated="2024-05-11T14:12:54.694222" rpa="false" schemaversion="5">
<suite id="s1" name="Tests" source="/home/runner/work/DesafioQAItauRogerioJordao/DesafioQAItauRogerioJordao/RamdonUser/tests">
<suite id="s1-s1" name="Random-User-Test" source="/home/runner/work/DesafioQAItauRogerioJordao/DesafioQAItauRogerioJordao/RamdonUser/tests/random-user-test.robot">
<test id="s1-s1-t1" name="Conectar" line="13">
<kw name="Conectar API" owner="random-user-service">
<kw name="Create Session" owner="RequestsLibrary">
<msg time="2024-05-11T14:12:55.028151" level="INFO">Creating Session using : alias=consultarAPI, url=https://randomuser.me/, headers={},                     cookies={}, auth=None, timeout=None, proxies=None, verify=False,                     debug=0 </msg>
<arg>consultarAPI</arg>
<arg>${URL}</arg>
<doc>Create Session: create a HTTP session to a server</doc>
<status status="PASS" start="2024-05-11T14:12:55.027969" elapsed="0.000338"/>
</kw>
<status status="PASS" start="2024-05-11T14:12:55.027090" elapsed="0.001526"/>
</kw>
<status status="PASS" start="2024-05-11T14:12:55.026629" elapsed="0.002163"/>
</test>
<test id="s1-s1-t2" name="Validar retorno 200 e JSON Válido" line="16">
<kw name="Teste de Requisicao Basica" owner="random-user-service">
<kw name="GET On Session" owner="RequestsLibrary">
<msg time="2024-05-11T14:12:55.120797" level="INFO">GET Request : url=https://randomuser.me/api 
 path_url=/api 
 headers={'User-Agent': 'python-requests/2.31.0', 'Accept-Encoding': 'gzip, deflate', 'Accept': '*/*', 'Connection': 'keep-alive'} 
 body=None 
 </msg>
<msg time="2024-05-11T14:12:55.120895" level="INFO">GET Response : url=https://randomuser.me/api 
 status=200, reason=OK 
 headers={'Date': 'Sat, 11 May 2024 14:12:55 GMT', 'Content-Type': 'application/json; charset=utf-8', 'Transfer-Encoding': 'chunked', 'Connection': 'keep-alive', 'X-Powered-By': 'Express', 'Access-Control-Allow-Origin': '*', 'Cache-Control': 'no-cache', 'ETag': 'W/"476-jFB4N9Z4J2VGjwm3egjxLbVAUEg"', 'Vary': 'Accept-Encoding', 'Content-Encoding': 'gzip', 'CF-Cache-Status': 'DYNAMIC', 'Report-To': '{"endpoints":[{"url":"https:\\/\\/a.nel.cloudflare.com\\/report\\/v4?s=XswR%2BJ8OfFaDNSvLgRgqQ2W18Tw%2BQJRnZvZg2JB1bY%2BfKEOZ%2B3GHrZohntw3hWJfniXN1O1DjqosqJ0M0n21%2FjQSa4a6RXhatgICSbCXZQtMxHXcHdiTSDiVkfMwf1Ng"}],"group":"cf-nel","max_age":604800}', 'NEL': '{"success_fraction":0,"report_to":"cf-nel","max_age":604800}', 'Server': 'cloudflare', 'CF-RAY': '8822c44438432318-ORD', 'alt-svc': 'h3=":443"; ma=86400'} 
 body={"results":[{"gender":"male","name":{"title":"Mr","first":"Nitesh","last":"Shayana"},"location":{"street":{"number":6895,"name":"Car St"},"city":"Morena","state":"Odisha","country":"India","postcode":13130,"coordinates":{"latitude":"8.6731","longitude":"-86.3335"},"timezone":{"offset":"-8:00","description":"Pacific Time (US &amp; Canada)"}},"email":"nitesh.shayana@example.com","login":{"uuid":"ad2b19b0-67a3-4e48-b5a9-0aefab9bc1c6","username":"redmeercat103","password":"farside","salt":"ACOn5pH8","md5":"5407d1b91803759a60b5b90e700d14fb","sha1":"07227523cecf804fb39e238e75a0653a6139326d","sha256":"c431c339b46024f63f895fd916e37ebf6be43f9b2fa41d034f6f9c44c15f3280"},"dob":{"date":"1981-09-03T16:24:08.847Z","age":42},"registered":{"date":"2020-10-08T18:29:31.285Z","age":3},"phone":"8767708465","cell":"8496643139","id":{"name":"UIDAI","value":"798546997040"},"picture":{"large":"https://randomuser.me/api/portraits/men/94.jpg","medium":"https://randomuser.me/api/portraits/med/men/94.jpg","thumbnail":"https://randomuser.me/api/portraits/thumb/men/94.jpg"},"nat":"IN"}],"info":{"seed":"3bab15ba69e2646d","results":1,"page":1,"version":"1.4"}} 
 </msg>
<msg time="2024-05-11T14:12:55.120962" level="INFO">/opt/hostedtoolcache/Python/3.12.3/x64/lib/python3.12/site-packages/urllib3/connectionpool.py:1103: InsecureRequestWarning: Unverified HTTPS request is being made to host 'randomuser.me'. Adding certificate verification is strongly advised. See: https://urllib3.readthedocs.io/en/latest/advanced-usage.html#tls-warnings
  warnings.warn(</msg>
<msg time="2024-05-11T14:12:55.121070" level="INFO">${response} = &lt;Response [200]&gt;</msg>
<var>${response}</var>
<arg>consultarAPI</arg>
<arg>/api</arg>
<doc>Sends a GET request on a previously created HTTP Session.</doc>
<status status="PASS" start="2024-05-11T14:12:55.031191" elapsed="0.089922"/>
</kw>
<kw name="Should Be Equal As Numbers" owner="BuiltIn">
<msg time="2024-05-11T14:12:55.122071" level="INFO">Argument types are:
&lt;class 'int'&gt;
&lt;class 'str'&gt;</msg>
<arg>${response.status_code}</arg>
<arg>200</arg>
<doc>Fails if objects are unequal after converting them to real numbers.</doc>
<status status="PASS" start="2024-05-11T14:12:55.121584" elapsed="0.000550"/>
</kw>
<kw name="Log" owner="BuiltIn">
<msg time="2024-05-11T14:12:55.122850" level="INFO">200</msg>
<arg>${response.status_code}</arg>
<doc>Logs the given message with the given level.</doc>
<status status="PASS" start="2024-05-11T14:12:55.122479" elapsed="0.000414"/>
</kw>
<kw name="Set Variable" owner="BuiltIn">
<msg time="2024-05-11T14:12:55.123674" level="INFO">${json_data} = {'results': [{'gender': 'male', 'name': {'title': 'Mr', 'first': 'Nitesh', 'last': 'Shayana'}, 'location': {'street': {'number': 6895, 'name': 'Car St'}, 'city': 'Morena', 'state': 'Odisha', 'country'...</msg>
<var>${json_data}</var>
<arg>${response.json()}</arg>
<doc>Returns the given values which can then be assigned to a variables.</doc>
<status status="PASS" start="2024-05-11T14:12:55.123198" elapsed="0.000504"/>
</kw>
<kw name="Dictionary Should Contain Key" owner="Collections">
<msg time="2024-05-11T14:12:55.124171" level="INFO">False</msg>
<arg>${json_data}</arg>
<arg>results</arg>
<doc>Fails if ``key`` is not found from ``dictionary``.</doc>
<status status="PASS" start="2024-05-11T14:12:55.124007" elapsed="0.000203"/>
</kw>
<status status="PASS" start="2024-05-11T14:12:55.030970" elapsed="0.093491"/>
</kw>
<doc>Testa se a API responde corretamente e retorna um objeto JSON válido.</doc>
<tag>testeRequisicaoBasica</tag>
<status status="PASS" start="2024-05-11T14:12:55.030508" elapsed="0.094121"/>
</test>
<test id="s1-s1-t3" name="Validar estrutura de resposta" line="22">
<kw name="Teste de Estrutura de Resposta" owner="random-user-service">
<kw name="GET On Session" owner="RequestsLibrary">
<msg time="2024-05-11T14:12:55.236049" level="INFO">GET Request : url=https://randomuser.me/api 
 path_url=/api 
 headers={'User-Agent': 'python-requests/2.31.0', 'Accept-Encoding': 'gzip, deflate', 'Accept': '*/*', 'Connection': 'keep-alive'} 
 body=None 
 </msg>
<msg time="2024-05-11T14:12:55.236137" level="INFO">GET Response : url=https://randomuser.me/api 
 status=200, reason=OK 
 headers={'Date': 'Sat, 11 May 2024 14:12:55 GMT', 'Content-Type': 'application/json; charset=utf-8', 'Transfer-Encoding': 'chunked', 'Connection': 'keep-alive', 'X-Powered-By': 'Express', 'Access-Control-Allow-Origin': '*', 'Cache-Control': 'no-cache', 'ETag': 'W/"488-AorXJNcWpsXB+K9im2vSNKuCEPw"', 'Vary': 'Accept-Encoding', 'Content-Encoding': 'gzip', 'CF-Cache-Status': 'DYNAMIC', 'Report-To': '{"endpoints":[{"url":"https:\\/\\/a.nel.cloudflare.com\\/report\\/v4?s=xxCrvHKM8wnjeJCp2FKT0EBquCXafOt0UUpl0m%2BFIeVJqzWsLroCxx5EEnpXvjHrKE0WbyVByIExb%2Bhczo96W4EcWy6JaCoGcLvjRP7LW%2Fy0LMr8sxUEZptUG33nLZuf"}],"group":"cf-nel","max_age":604800}', 'NEL': '{"success_fraction":0,"report_to":"cf-nel","max_age":604800}', 'Server': 'cloudflare', 'CF-RAY': '8822c44498b32318-ORD', 'alt-svc': 'h3=":443"; ma=86400'} 
 body={"results":[{"gender":"male","name":{"title":"Mr","first":"Elling","last":"Thompson"},"location":{"street":{"number":8829,"name":"Arne Garborgs plass"},"city":"Hafslo","state":"Telemark","country":"Norway","postcode":"9444","coordinates":{"latitude":"40.9071","longitude":"-158.3209"},"timezone":{"offset":"-3:00","description":"Brazil, Buenos Aires, Georgetown"}},"email":"elling.thompson@example.com","login":{"uuid":"3d5e03c2-efa9-406c-a894-f6a47efe9057","username":"purplefish997","password":"lemons","salt":"47QJaxVy","md5":"087d7aa3fc7f2371d797e6732206436b","sha1":"1bbae39a8d4db1f80cb0cd0c2c156b9da1d5b0fa","sha256":"7af4f38a8b7619da6fe25640ce954c6101accba2a8a24a3b56278e69643278d7"},"dob":{"date":"1968-09-09T06:00:43.191Z","age":55},"registered":{"date":"2014-11-22T17:47:21.204Z","age":9},"phone":"59995034","cell":"47306324","id":{"name":"FN","value":"09096802908"},"picture":{"large":"https://randomuser.me/api/portraits/men/29.jpg","medium":"https://randomuser.me/api/portraits/med/men/29.jpg","thumbnail":"https://randomuser.me/api/portraits/thumb/men/29.jpg"},"nat":"NO"}],"info":{"seed":"30115e70a814311c","results":1,"page":1,"version":"1.4"}} 
 </msg>
<msg time="2024-05-11T14:12:55.236259" level="INFO">/opt/hostedtoolcache/Python/3.12.3/x64/lib/python3.12/site-packages/urllib3/connectionpool.py:1103: InsecureRequestWarning: Unverified HTTPS request is being made to host 'randomuser.me'. Adding certificate verification is strongly advised. See: https://urllib3.readthedocs.io/en/latest/advanced-usage.html#tls-warnings
  warnings.warn(</msg>
<msg time="2024-05-11T14:12:55.236392" level="INFO">${response} = &lt;Response [200]&gt;</msg>
<var>${response}</var>
<arg>consultarAPI</arg>
<arg>/api</arg>
<doc>Sends a GET request on a previously created HTTP Session.</doc>
<status status="PASS" start="2024-05-11T14:12:55.127274" elapsed="0.109173"/>
</kw>
<kw name="Set Variable" owner="BuiltIn">
<msg time="2024-05-11T14:12:55.237498" level="INFO">${json_data} = {'results': [{'gender': 'male', 'name': {'title': 'Mr', 'first': 'Elling', 'last': 'Thompson'}, 'location': {'street': {'number': 8829, 'name': 'Arne Garborgs plass'}, 'city': 'Hafslo', 'state': 'Tele...</msg>
<var>${json_data}</var>
<arg>${response.json()}</arg>
<doc>Returns the given values which can then be assigned to a variables.</doc>
<status status="PASS" start="2024-05-11T14:12:55.236943" elapsed="0.000584"/>
</kw>
<kw name="Log" owner="BuiltIn">
<msg time="2024-05-11T14:12:55.237993" level="INFO">{'results': [{'gender': 'male', 'name': {'title': 'Mr', 'first': 'Elling', 'last': 'Thompson'}, 'location': {'street': {'number': 8829, 'name': 'Arne Garborgs plass'}, 'city': 'Hafslo', 'state': 'Telemark', 'country': 'Norway', 'postcode': '9444', 'coordinates': {'latitude': '40.9071', 'longitude': '-158.3209'}, 'timezone': {'offset': '-3:00', 'description': 'Brazil, Buenos Aires, Georgetown'}}, 'email': 'elling.thompson@example.com', 'login': {'uuid': '3d5e03c2-efa9-406c-a894-f6a47efe9057', 'username': 'purplefish997', 'password': 'lemons', 'salt': '47QJaxVy', 'md5': '087d7aa3fc7f2371d797e6732206436b', 'sha1': '1bbae39a8d4db1f80cb0cd0c2c156b9da1d5b0fa', 'sha256': '7af4f38a8b7619da6fe25640ce954c6101accba2a8a24a3b56278e69643278d7'}, 'dob': {'date': '1968-09-09T06:00:43.191Z', 'age': 55}, 'registered': {'date': '2014-11-22T17:47:21.204Z', 'age': 9}, 'phone': '59995034', 'cell': '47306324', 'id': {'name': 'FN', 'value': '09096802908'}, 'picture': {'large': 'https://randomuser.me/api/portraits/men/29.jpg', 'medium': 'https://randomuser.me/api/portraits/med/men/29.jpg', 'thumbnail': 'https://randomuser.me/api/portraits/thumb/men/29.jpg'}, 'nat': 'NO'}], 'info': {'seed': '30115e70a814311c', 'results': 1, 'page': 1, 'version': '1.4'}}</msg>
<arg>${json_data}</arg>
<doc>Logs the given message with the given level.</doc>
<status status="PASS" start="2024-05-11T14:12:55.237832" elapsed="0.000210"/>
</kw>
<kw name="Dictionary Should Contain Key" owner="Collections">
<msg time="2024-05-11T14:12:55.238487" level="INFO">False</msg>
<arg>${json_data}</arg>
<arg>results</arg>
<doc>Fails if ``key`` is not found from ``dictionary``.</doc>
<status status="PASS" start="2024-05-11T14:12:55.238336" elapsed="0.000189"/>
</kw>
<kw name="Should Not Be Empty" owner="BuiltIn">
<msg time="2024-05-11T14:12:55.238947" level="INFO">Length is 2.</msg>
<arg>${json_data}</arg>
<doc>Verifies that the given item is not empty.</doc>
<status status="PASS" start="2024-05-11T14:12:55.238814" elapsed="0.000172"/>
</kw>
<kw name="Create List" owner="BuiltIn">
<msg time="2024-05-11T14:12:55.239581" level="INFO">${expected_keys} = ['gender', 'name', 'location', 'email', 'login']</msg>
<var>${expected_keys}</var>
<arg>gender</arg>
<arg>name</arg>
<arg>location</arg>
<arg>email</arg>
<arg>login</arg>
<doc>Returns a list containing given items.</doc>
<status status="PASS" start="2024-05-11T14:12:55.239270" elapsed="0.000338"/>
</kw>
<for flavor="IN">
<iter>
<kw name="Dictionary Should Contain Key" owner="Collections">
<msg time="2024-05-11T14:12:55.240587" level="INFO">False</msg>
<arg>${json_data['results'][0]}</arg>
<arg>${key}</arg>
<doc>Fails if ``key`` is not found from ``dictionary``.</doc>
<status status="PASS" start="2024-05-11T14:12:55.240185" elapsed="0.000440"/>
</kw>
<kw name="Log" owner="BuiltIn">
<msg time="2024-05-11T14:12:55.241298" level="INFO">{'gender': 'male', 'name': {'title': 'Mr', 'first': 'Elling', 'last': 'Thompson'}, 'location': {'street': {'number': 8829, 'name': 'Arne Garborgs plass'}, 'city': 'Hafslo', 'state': 'Telemark', 'country': 'Norway', 'postcode': '9444', 'coordinates': {'latitude': '40.9071', 'longitude': '-158.3209'}, 'timezone': {'offset': '-3:00', 'description': 'Brazil, Buenos Aires, Georgetown'}}, 'email': 'elling.thompson@example.com', 'login': {'uuid': '3d5e03c2-efa9-406c-a894-f6a47efe9057', 'username': 'purplefish997', 'password': 'lemons', 'salt': '47QJaxVy', 'md5': '087d7aa3fc7f2371d797e6732206436b', 'sha1': '1bbae39a8d4db1f80cb0cd0c2c156b9da1d5b0fa', 'sha256': '7af4f38a8b7619da6fe25640ce954c6101accba2a8a24a3b56278e69643278d7'}, 'dob': {'date': '1968-09-09T06:00:43.191Z', 'age': 55}, 'registered': {'date': '2014-11-22T17:47:21.204Z', 'age': 9}, 'phone': '59995034', 'cell': '47306324', 'id': {'name': 'FN', 'value': '09096802908'}, 'picture': {'large': 'https://randomuser.me/api/portraits/men/29.jpg', 'medium': 'https://randomuser.me/api/portraits/med/men/29.jpg', 'thumbnail': 'https://randomuser.me/api/portraits/thumb/men/29.jpg'}, 'nat': 'NO'}</msg>
<arg>${json_data['results'][0]}</arg>
<doc>Logs the given message with the given level.</doc>
<status status="PASS" start="2024-05-11T14:12:55.240925" elapsed="0.000422"/>
</kw>
<kw name="Log" owner="BuiltIn">
<msg time="2024-05-11T14:12:55.241772" level="INFO">gender</msg>
<arg>${key}</arg>
<doc>Logs the given message with the given level.</doc>
<status status="PASS" start="2024-05-11T14:12:55.241645" elapsed="0.000165"/>
</kw>
<var name="${key}">gender</var>
<status status="PASS" start="2024-05-11T14:12:55.240061" elapsed="0.001962"/>
</iter>
<iter>
<kw name="Dictionary Should Contain Key" owner="Collections">
<msg time="2024-05-11T14:12:55.242706" level="INFO">False</msg>
<arg>${json_data['results'][0]}</arg>
<arg>${key}</arg>
<doc>Fails if ``key`` is not found from ``dictionary``.</doc>
<status status="PASS" start="2024-05-11T14:12:55.242324" elapsed="0.000418"/>
</kw>
<kw name="Log" owner="BuiltIn">
<msg time="2024-05-11T14:12:55.243451" level="INFO">{'gender': 'male', 'name': {'title': 'Mr', 'first': 'Elling', 'last': 'Thompson'}, 'location': {'street': {'number': 8829, 'name': 'Arne Garborgs plass'}, 'city': 'Hafslo', 'state': 'Telemark', 'country': 'Norway', 'postcode': '9444', 'coordinates': {'latitude': '40.9071', 'longitude': '-158.3209'}, 'timezone': {'offset': '-3:00', 'description': 'Brazil, Buenos Aires, Georgetown'}}, 'email': 'elling.thompson@example.com', 'login': {'uuid': '3d5e03c2-efa9-406c-a894-f6a47efe9057', 'username': 'purplefish997', 'password': 'lemons', 'salt': '47QJaxVy', 'md5': '087d7aa3fc7f2371d797e6732206436b', 'sha1': '1bbae39a8d4db1f80cb0cd0c2c156b9da1d5b0fa', 'sha256': '7af4f38a8b7619da6fe25640ce954c6101accba2a8a24a3b56278e69643278d7'}, 'dob': {'date': '1968-09-09T06:00:43.191Z', 'age': 55}, 'registered': {'date': '2014-11-22T17:47:21.204Z', 'age': 9}, 'phone': '59995034', 'cell': '47306324', 'id': {'name': 'FN', 'value': '09096802908'}, 'picture': {'large': 'https://randomuser.me/api/portraits/men/29.jpg', 'medium': 'https://randomuser.me/api/portraits/med/men/29.jpg', 'thumbnail': 'https://randomuser.me/api/portraits/thumb/men/29.jpg'}, 'nat': 'NO'}</msg>
<arg>${json_data['results'][0]}</arg>
<doc>Logs the given message with the given level.</doc>
<status status="PASS" start="2024-05-11T14:12:55.243061" elapsed="0.000449"/>
</kw>
<kw name="Log" owner="BuiltIn">
<msg time="2024-05-11T14:12:55.243918" level="INFO">name</msg>
<arg>${key}</arg>
<doc>Logs the given message with the given level.</doc>
<status status="PASS" start="2024-05-11T14:12:55.243801" elapsed="0.000152"/>
</kw>
<var name="${key}">name</var>
<status status="PASS" start="2024-05-11T14:12:55.242209" elapsed="0.001947"/>
</iter>
<iter>
<kw name="Dictionary Should Contain Key" owner="Collections">
<msg time="2024-05-11T14:12:55.244828" level="INFO">False</msg>
<arg>${json_data['results'][0]}</arg>
<arg>${key}</arg>
<doc>Fails if ``key`` is not found from ``dictionary``.</doc>
<status status="PASS" start="2024-05-11T14:12:55.244447" elapsed="0.000418"/>
</kw>
<kw name="Log" owner="BuiltIn">
<msg time="2024-05-11T14:12:55.245527" level="INFO">{'gender': 'male', 'name': {'title': 'Mr', 'first': 'Elling', 'last': 'Thompson'}, 'location': {'street': {'number': 8829, 'name': 'Arne Garborgs plass'}, 'city': 'Hafslo', 'state': 'Telemark', 'country': 'Norway', 'postcode': '9444', 'coordinates': {'latitude': '40.9071', 'longitude': '-158.3209'}, 'timezone': {'offset': '-3:00', 'description': 'Brazil, Buenos Aires, Georgetown'}}, 'email': 'elling.thompson@example.com', 'login': {'uuid': '3d5e03c2-efa9-406c-a894-f6a47efe9057', 'username': 'purplefish997', 'password': 'lemons', 'salt': '47QJaxVy', 'md5': '087d7aa3fc7f2371d797e6732206436b', 'sha1': '1bbae39a8d4db1f80cb0cd0c2c156b9da1d5b0fa', 'sha256': '7af4f38a8b7619da6fe25640ce954c6101accba2a8a24a3b56278e69643278d7'}, 'dob': {'date': '1968-09-09T06:00:43.191Z', 'age': 55}, 'registered': {'date': '2014-11-22T17:47:21.204Z', 'age': 9}, 'phone': '59995034', 'cell': '47306324', 'id': {'name': 'FN', 'value': '09096802908'}, 'picture': {'large': 'https://randomuser.me/api/portraits/men/29.jpg', 'medium': 'https://randomuser.me/api/portraits/med/men/29.jpg', 'thumbnail': 'https://randomuser.me/api/portraits/thumb/men/29.jpg'}, 'nat': 'NO'}</msg>
<arg>${json_data['results'][0]}</arg>
<doc>Logs the given message with the given level.</doc>
<status status="PASS" start="2024-05-11T14:12:55.245163" elapsed="0.000411"/>
</kw>
<kw name="Log" owner="BuiltIn">
<msg time="2024-05-11T14:12:55.245991" level="INFO">location</msg>
<arg>${key}</arg>
<doc>Logs the given message with the given level.</doc>
<status status="PASS" start="2024-05-11T14:12:55.245867" elapsed="0.000162"/>
</kw>
<var name="${key}">location</var>
<status status="PASS" start="2024-05-11T14:12:55.244336" elapsed="0.001905"/>
</iter>
<iter>
<kw name="Dictionary Should Contain Key" owner="Collections">
<msg time="2024-05-11T14:12:55.246908" level="INFO">False</msg>
<arg>${json_data['results'][0]}</arg>
<arg>${key}</arg>
<doc>Fails if ``key`` is not found from ``dictionary``.</doc>
<status status="PASS" start="2024-05-11T14:12:55.246524" elapsed="0.000420"/>
</kw>
<kw name="Log" owner="BuiltIn">
<msg time="2024-05-11T14:12:55.247627" level="INFO">{'gender': 'male', 'name': {'title': 'Mr', 'first': 'Elling', 'last': 'Thompson'}, 'location': {'street': {'number': 8829, 'name': 'Arne Garborgs plass'}, 'city': 'Hafslo', 'state': 'Telemark', 'country': 'Norway', 'postcode': '9444', 'coordinates': {'latitude': '40.9071', 'longitude': '-158.3209'}, 'timezone': {'offset': '-3:00', 'description': 'Brazil, Buenos Aires, Georgetown'}}, 'email': 'elling.thompson@example.com', 'login': {'uuid': '3d5e03c2-efa9-406c-a894-f6a47efe9057', 'username': 'purplefish997', 'password': 'lemons', 'salt': '47QJaxVy', 'md5': '087d7aa3fc7f2371d797e6732206436b', 'sha1': '1bbae39a8d4db1f80cb0cd0c2c156b9da1d5b0fa', 'sha256': '7af4f38a8b7619da6fe25640ce954c6101accba2a8a24a3b56278e69643278d7'}, 'dob': {'date': '1968-09-09T06:00:43.191Z', 'age': 55}, 'registered': {'date': '2014-11-22T17:47:21.204Z', 'age': 9}, 'phone': '59995034', 'cell': '47306324', 'id': {'name': 'FN', 'value': '09096802908'}, 'picture': {'large': 'https://randomuser.me/api/portraits/men/29.jpg', 'medium': 'https://randomuser.me/api/portraits/med/men/29.jpg', 'thumbnail': 'https://randomuser.me/api/portraits/thumb/men/29.jpg'}, 'nat': 'NO'}</msg>
<arg>${json_data['results'][0]}</arg>
<doc>Logs the given message with the given level.</doc>
<status status="PASS" start="2024-05-11T14:12:55.247234" elapsed="0.000440"/>
</kw>
<kw name="Log" owner="BuiltIn">
<msg time="2024-05-11T14:12:55.248096" level="INFO">email</msg>
<arg>${key}</arg>
<doc>Logs the given message with the given level.</doc>
<status status="PASS" start="2024-05-11T14:12:55.247969" elapsed="0.000164"/>
</kw>
<var name="${key}">email</var>
<status status="PASS" start="2024-05-11T14:12:55.246414" elapsed="0.001946"/>
</iter>
<iter>
<kw name="Dictionary Should Contain Key" owner="Collections">
<msg time="2024-05-11T14:12:55.249023" level="INFO">False</msg>
<arg>${json_data['results'][0]}</arg>
<arg>${key}</arg>
<doc>Fails if ``key`` is not found from ``dictionary``.</doc>
<status status="PASS" start="2024-05-11T14:12:55.248642" elapsed="0.000418"/>
</kw>
<kw name="Log" owner="BuiltIn">
<msg time="2024-05-11T14:12:55.249711" level="INFO">{'gender': 'male', 'name': {'title': 'Mr', 'first': 'Elling', 'last': 'Thompson'}, 'location': {'street': {'number': 8829, 'name': 'Arne Garborgs plass'}, 'city': 'Hafslo', 'state': 'Telemark', 'country': 'Norway', 'postcode': '9444', 'coordinates': {'latitude': '40.9071', 'longitude': '-158.3209'}, 'timezone': {'offset': '-3:00', 'description': 'Brazil, Buenos Aires, Georgetown'}}, 'email': 'elling.thompson@example.com', 'login': {'uuid': '3d5e03c2-efa9-406c-a894-f6a47efe9057', 'username': 'purplefish997', 'password': 'lemons', 'salt': '47QJaxVy', 'md5': '087d7aa3fc7f2371d797e6732206436b', 'sha1': '1bbae39a8d4db1f80cb0cd0c2c156b9da1d5b0fa', 'sha256': '7af4f38a8b7619da6fe25640ce954c6101accba2a8a24a3b56278e69643278d7'}, 'dob': {'date': '1968-09-09T06:00:43.191Z', 'age': 55}, 'registered': {'date': '2014-11-22T17:47:21.204Z', 'age': 9}, 'phone': '59995034', 'cell': '47306324', 'id': {'name': 'FN', 'value': '09096802908'}, 'picture': {'large': 'https://randomuser.me/api/portraits/men/29.jpg', 'medium': 'https://randomuser.me/api/portraits/med/men/29.jpg', 'thumbnail': 'https://randomuser.me/api/portraits/thumb/men/29.jpg'}, 'nat': 'NO'}</msg>
<arg>${json_data['results'][0]}</arg>
<doc>Logs the given message with the given level.</doc>
<status status="PASS" start="2024-05-11T14:12:55.249350" elapsed="0.000408"/>
</kw>
<kw name="Log" owner="BuiltIn">
<msg time="2024-05-11T14:12:55.250178" level="INFO">login</msg>
<arg>${key}</arg>
<doc>Logs the given message with the given level.</doc>
<status status="PASS" start="2024-05-11T14:12:55.250053" elapsed="0.000163"/>
</kw>
<var name="${key}">login</var>
<status status="PASS" start="2024-05-11T14:12:55.248534" elapsed="0.001920"/>
</iter>
<var>${key}</var>
<value>@{expected_keys}</value>
<status status="PASS" start="2024-05-11T14:12:55.239879" elapsed="0.010701"/>
</for>
<kw name="Create List" owner="BuiltIn">
<msg time="2024-05-11T14:12:55.250895" level="INFO">${expected_keysTwo} = ['username', 'password']</msg>
<var>${expected_keysTwo}</var>
<arg>username</arg>
<arg>password</arg>
<doc>Returns a list containing given items.</doc>
<status status="PASS" start="2024-05-11T14:12:55.250770" elapsed="0.000147"/>
</kw>
<for flavor="IN">
<iter>
<kw name="Dictionary Should Contain Key" owner="Collections">
<msg time="2024-05-11T14:12:55.251796" level="INFO">False</msg>
<arg>${json_data['results'][0]['login']}</arg>
<arg>${keyTwo}</arg>
<doc>Fails if ``key`` is not found from ``dictionary``.</doc>
<status status="PASS" start="2024-05-11T14:12:55.251393" elapsed="0.000444"/>
</kw>
<kw name="Dictionary Should Contain Key" owner="Collections">
<msg time="2024-05-11T14:12:55.252511" level="INFO">False</msg>
<arg>${json_data['results'][0]['login']}</arg>
<arg>${keyTwo}</arg>
<doc>Fails if ``key`` is not found from ``dictionary``.</doc>
<status status="PASS" start="2024-05-11T14:12:55.252135" elapsed="0.000414"/>
</kw>
<kw name="Log" owner="BuiltIn">
<msg time="2024-05-11T14:12:55.252959" level="INFO">username</msg>
<arg>${keyTwo}</arg>
<doc>Logs the given message with the given level.</doc>
<status status="PASS" start="2024-05-11T14:12:55.252835" elapsed="0.000166"/>
</kw>
<var name="${keyTwo}">username</var>
<status status="PASS" start="2024-05-11T14:12:55.251272" elapsed="0.001942"/>
</iter>
<iter>
<kw name="Dictionary Should Contain Key" owner="Collections">
<msg time="2024-05-11T14:12:55.253859" level="INFO">False</msg>
<arg>${json_data['results'][0]['login']}</arg>
<arg>${keyTwo}</arg>
<doc>Fails if ``key`` is not found from ``dictionary``.</doc>
<status status="PASS" start="2024-05-11T14:12:55.253497" elapsed="0.000395"/>
</kw>
<kw name="Dictionary Should Contain Key" owner="Collections">
<msg time="2024-05-11T14:12:55.254583" level="INFO">False</msg>
<arg>${json_data['results'][0]['login']}</arg>
<arg>${keyTwo}</arg>
<doc>Fails if ``key`` is not found from ``dictionary``.</doc>
<status status="PASS" start="2024-05-11T14:12:55.254155" elapsed="0.000464"/>
</kw>
<kw name="Log" owner="BuiltIn">
<msg time="2024-05-11T14:12:55.255038" level="INFO">password</msg>
<arg>${keyTwo}</arg>
<doc>Logs the given message with the given level.</doc>
<status status="PASS" start="2024-05-11T14:12:55.254912" elapsed="0.000163"/>
</kw>
<var name="${keyTwo}">password</var>
<status status="PASS" start="2024-05-11T14:12:55.253383" elapsed="0.001906"/>
</iter>
<var>${keyTwo}</var>
<value>@{expected_keysTwo}</value>
<status status="PASS" start="2024-05-11T14:12:55.251132" elapsed="0.004321"/>
</for>
<status status="PASS" start="2024-05-11T14:12:55.127042" elapsed="0.128632"/>
</kw>
<doc>Testa a estrutura da resposta da API.</doc>
<tag>testeEstruturaResposta</tag>
<status status="PASS" start="2024-05-11T14:12:55.126468" elapsed="0.129461"/>
</test>
<test id="s1-s1-t4" name="Validar tipos de dados" line="28">
<kw name="Teste de Tipos de Dados" owner="random-user-service">
<kw name="GET On Session" owner="RequestsLibrary">
<msg time="2024-05-11T14:12:55.328166" level="INFO">GET Request : url=https://randomuser.me/api 
 path_url=/api 
 headers={'User-Agent': 'python-requests/2.31.0', 'Accept-Encoding': 'gzip, deflate', 'Accept': '*/*', 'Connection': 'keep-alive'} 
 body=None 
 </msg>
<msg time="2024-05-11T14:12:55.328250" level="INFO">GET Response : url=https://randomuser.me/api 
 status=200, reason=OK 
 headers={'Date': 'Sat, 11 May 2024 14:12:55 GMT', 'Content-Type': 'application/json; charset=utf-8', 'Transfer-Encoding': 'chunked', 'Connection': 'keep-alive', 'X-Powered-By': 'Express', 'Access-Control-Allow-Origin': '*', 'Cache-Control': 'no-cache', 'ETag': 'W/"4a4-72T/Lo/BgPd0RN0g6zlu9KTWm8w"', 'Vary': 'Accept-Encoding', 'Content-Encoding': 'gzip', 'CF-Cache-Status': 'DYNAMIC', 'Report-To': '{"endpoints":[{"url":"https:\\/\\/a.nel.cloudflare.com\\/report\\/v4?s=fZzedHQCPPv5fGx17JCN%2Bc4qaFMyOoJ1hreiW08Of%2BHtS8y9cC6Jbdyp99zrI8u0UQcPmogYiJ3btI0XjwKzfthUfW7nTDKDCoqE9xW8%2F2wv1s%2FD%2BkM8privUrxFnjRc"}],"group":"cf-nel","max_age":604800}', 'NEL': '{"success_fraction":0,"report_to":"cf-nel","max_age":604800}', 'Server': 'cloudflare', 'CF-RAY': '8822c44569b52318-ORD', 'alt-svc': 'h3=":443"; ma=86400'} 
 body={"results":[{"gender":"female","name":{"title":"Ms","first":"Sofia","last":"Pollari"},"location":{"street":{"number":8103,"name":"Satakennankatu"},"city":"Kuortane","state":"Northern Ostrobothnia","country":"Finland","postcode":70258,"coordinates":{"latitude":"-22.1439","longitude":"5.6428"},"timezone":{"offset":"+1:00","description":"Brussels, Copenhagen, Madrid, Paris"}},"email":"sofia.pollari@example.com","login":{"uuid":"ebb7cc66-a18d-4711-8bc1-0f81ce322cfc","username":"bigbear945","password":"sascha","salt":"fF3BgerS","md5":"1d14a35e66c7540e97ecdb0814d3c9f5","sha1":"179191634a96191ee562e47a32508c9b7325bb91","sha256":"988deb9b77216f1a35864ddfa05fcbef50ef84e63d20467558607a0222d668db"},"dob":{"date":"1976-05-31T22:52:15.700Z","age":47},"registered":{"date":"2004-09-08T16:17:11.172Z","age":19},"phone":"09-111-797","cell":"043-404-22-20","id":{"name":"HETU","value":"NaNNA114undefined"},"picture":{"large":"https://randomuser.me/api/portraits/women/73.jpg","medium":"https://randomuser.me/api/portraits/med/women/73.jpg","thumbnail":"https://randomuser.me/api/portraits/thumb/women/73.jpg"},"nat":"FI"}],"info":{"seed":"31b4fa68c208994a","results":1,"page":1,"version":"1.4"}} 
 </msg>
<msg time="2024-05-11T14:12:55.328325" level="INFO">/opt/hostedtoolcache/Python/3.12.3/x64/lib/python3.12/site-packages/urllib3/connectionpool.py:1103: InsecureRequestWarning: Unverified HTTPS request is being made to host 'randomuser.me'. Adding certificate verification is strongly advised. See: https://urllib3.readthedocs.io/en/latest/advanced-usage.html#tls-warnings
  warnings.warn(</msg>
<msg time="2024-05-11T14:12:55.328434" level="INFO">${response} = &lt;Response [200]&gt;</msg>
<var>${response}</var>
<arg>consultarAPI</arg>
<arg>/api</arg>
<doc>Sends a GET request on a previously created HTTP Session.</doc>
<status status="PASS" start="2024-05-11T14:12:55.258642" elapsed="0.069832"/>
</kw>
<kw name="Set Variable" owner="BuiltIn">
<msg time="2024-05-11T14:12:55.329391" level="INFO">${json_data} = {'results': [{'gender': 'female', 'name': {'title': 'Ms', 'first': 'Sofia', 'last': 'Pollari'}, 'location': {'street': {'number': 8103, 'name': 'Satakennankatu'}, 'city': 'Kuortane', 'state': 'Norther...</msg>
<var>${json_data}</var>
<arg>${response.json()}</arg>
<doc>Returns the given values which can then be assigned to a variables.</doc>
<status status="PASS" start="2024-05-11T14:12:55.328952" elapsed="0.000467"/>
</kw>
<kw name="Log" owner="BuiltIn">
<msg time="2024-05-11T14:12:55.329867" level="INFO">{'results': [{'gender': 'female', 'name': {'title': 'Ms', 'first': 'Sofia', 'last': 'Pollari'}, 'location': {'street': {'number': 8103, 'name': 'Satakennankatu'}, 'city': 'Kuortane', 'state': 'Northern Ostrobothnia', 'country': 'Finland', 'postcode': 70258, 'coordinates': {'latitude': '-22.1439', 'longitude': '5.6428'}, 'timezone': {'offset': '+1:00', 'description': 'Brussels, Copenhagen, Madrid, Paris'}}, 'email': 'sofia.pollari@example.com', 'login': {'uuid': 'ebb7cc66-a18d-4711-8bc1-0f81ce322cfc', 'username': 'bigbear945', 'password': 'sascha', 'salt': 'fF3BgerS', 'md5': '1d14a35e66c7540e97ecdb0814d3c9f5', 'sha1': '179191634a96191ee562e47a32508c9b7325bb91', 'sha256': '988deb9b77216f1a35864ddfa05fcbef50ef84e63d20467558607a0222d668db'}, 'dob': {'date': '1976-05-31T22:52:15.700Z', 'age': 47}, 'registered': {'date': '2004-09-08T16:17:11.172Z', 'age': 19}, 'phone': '09-111-797', 'cell': '043-404-22-20', 'id': {'name': 'HETU', 'value': 'NaNNA114undefined'}, 'picture': {'large': 'https://randomuser.me/api/portraits/women/73.jpg', 'medium': 'https://randomuser.me/api/portraits/med/women/73.jpg', 'thumbnail': 'https://randomuser.me/api/portraits/thumb/women/73.jpg'}, 'nat': 'FI'}], 'info': {'seed': '31b4fa68c208994a', 'results': 1, 'page': 1, 'version': '1.4'}}</msg>
<arg>${json_data}</arg>
<doc>Logs the given message with the given level.</doc>
<status status="PASS" start="2024-05-11T14:12:55.329717" elapsed="0.000229"/>
</kw>
<kw name="Should Be String" owner="String">
<arg>${json_data['results'][0]['gender']}</arg>
<doc>Fails if the given ``item`` is not a string.</doc>
<status status="PASS" start="2024-05-11T14:12:55.330243" elapsed="0.000367"/>
</kw>
<kw name="Should Match Regexp" owner="BuiltIn">
<arg>${json_data['results'][0]['email']}</arg>
<arg>^[a-zA-Z0-9._%+-]+@[a-zA-Z0-9.-]+\.[a-zA-Z]{2,}$</arg>
<doc>Fails if ``string`` does not match ``pattern`` as a regular expression.</doc>
<status status="PASS" start="2024-05-11T14:12:55.330801" elapsed="0.000490"/>
</kw>
<kw name="Should Match Regexp" owner="BuiltIn">
<arg>${json_data['results'][0]['dob']['date']}</arg>
<arg>\\d{4}-\\d{2}-\\d{2}T\\d{2}:\\d{2}:\\d{2}\\.\\d{3}Z</arg>
<doc>Fails if ``string`` does not match ``pattern`` as a regular expression.</doc>
<status status="PASS" start="2024-05-11T14:12:55.331529" elapsed="0.000489"/>
</kw>
<kw name="Should Match Regexp" owner="BuiltIn">
<arg>${json_data['results'][0]['registered']['date']}</arg>
<arg>\\d{4}-\\d{2}-\\d{2}T\\d{2}:\\d{2}:\\d{2}\\.\\d{3}Z</arg>
<doc>Fails if ``string`` does not match ``pattern`` as a regular expression.</doc>
<status status="PASS" start="2024-05-11T14:12:55.332211" elapsed="0.000366"/>
</kw>
<kw name="Should Match Regexp" owner="BuiltIn">
<arg>${json_data['results'][0]['picture']['large']}</arg>
<arg>^https?://.*\.(?:png|jpe?g|gif|bmp)$</arg>
<doc>Fails if ``string`` does not match ``pattern`` as a regular expression.</doc>
<status status="PASS" start="2024-05-11T14:12:55.332762" elapsed="0.000466"/>
</kw>
<kw name="Should Match Regexp" owner="BuiltIn">
<arg>${json_data['results'][0]['picture']['medium']}</arg>
<arg>^https?://.*\.(?:png|jpe?g|gif|bmp)$</arg>
<doc>Fails if ``string`` does not match ``pattern`` as a regular expression.</doc>
<status status="PASS" start="2024-05-11T14:12:55.333416" elapsed="0.000348"/>
</kw>
<kw name="Should Match Regexp" owner="BuiltIn">
<arg>${json_data['results'][0]['picture']['thumbnail']}</arg>
<arg>^https?://.*\.(?:png|jpe?g|gif|bmp)$</arg>
<doc>Fails if ``string`` does not match ``pattern`` as a regular expression.</doc>
<status status="PASS" start="2024-05-11T14:12:55.333953" elapsed="0.000346"/>
</kw>
<kw name="Log" owner="BuiltIn">
<msg time="2024-05-11T14:12:55.334803" level="INFO">{'large': 'https://randomuser.me/api/portraits/women/73.jpg', 'medium': 'https://randomuser.me/api/portraits/med/women/73.jpg', 'thumbnail': 'https://randomuser.me/api/portraits/thumb/women/73.jpg'}</msg>
<arg>${json_data['results'][0]['picture']}</arg>
<doc>Logs the given message with the given level.</doc>
<status status="PASS" start="2024-05-11T14:12:55.334484" elapsed="0.000359"/>
</kw>
<status status="PASS" start="2024-05-11T14:12:55.258423" elapsed="0.076670"/>
</kw>
<kw name="Teste de Tipos de Dados - Postcode" owner="random-user-service">
<kw name="GET On Session" owner="RequestsLibrary">
<msg time="2024-05-11T14:12:55.451392" level="INFO">GET Request : url=https://randomuser.me/api 
 path_url=/api 
 headers={'User-Agent': 'python-requests/2.31.0', 'Accept-Encoding': 'gzip, deflate', 'Accept': '*/*', 'Connection': 'keep-alive'} 
 body=None 
 </msg>
<msg time="2024-05-11T14:12:55.451460" level="INFO">GET Response : url=https://randomuser.me/api 
 status=200, reason=OK 
 headers={'Date': 'Sat, 11 May 2024 14:12:55 GMT', 'Content-Type': 'application/json; charset=utf-8', 'Transfer-Encoding': 'chunked', 'Connection': 'keep-alive', 'X-Powered-By': 'Express', 'Access-Control-Allow-Origin': '*', 'Cache-Control': 'no-cache', 'ETag': 'W/"49e-6EGcPpKaalF3yroZX5v63Wxsck0"', 'Vary': 'Accept-Encoding', 'Content-Encoding': 'gzip', 'CF-Cache-Status': 'DYNAMIC', 'Report-To': '{"endpoints":[{"url":"https:\\/\\/a.nel.cloudflare.com\\/report\\/v4?s=DApqmtYkwPXbM43yH31LNYBYDwht7TXYvkk5YKXYuhMY1PdtlLnMJmzeS3qrrKpqUqkwg8UCB645LnZLEkVP8T56TCbzywEJw85YtRbuAsSmNpJjDQcxVUR7UB%2F%2FYRqy"}],"group":"cf-nel","max_age":604800}', 'NEL': '{"success_fraction":0,"report_to":"cf-nel","max_age":604800}', 'Server': 'cloudflare', 'CF-RAY': '8822c445da562318-ORD', 'alt-svc': 'h3=":443"; ma=86400'} 
 body={"results":[{"gender":"female","name":{"title":"Miss","first":"Ava","last":"Olivier"},"location":{"street":{"number":5412,"name":"Quai Charles-De-Gaulle"},"city":"Roubaix","state":"Corse-du-Sud","country":"France","postcode":82656,"coordinates":{"latitude":"-19.7150","longitude":"15.0171"},"timezone":{"offset":"+2:00","description":"Kaliningrad, South Africa"}},"email":"ava.olivier@example.com","login":{"uuid":"2c1885c3-c09e-4556-a359-ee0bbf2a3a64","username":"purpletiger936","password":"franky","salt":"aJ5vwxMn","md5":"4e2c338502197654cc17a4ba15f3fb51","sha1":"9740b08c463d6098bc5e255fab041ba150aa4ed9","sha256":"60fa2d0e659ec31463a0f0f91a26ddad513b3a1bb6b654ad5dd2b33e03dfceb5"},"dob":{"date":"1945-08-12T06:48:38.795Z","age":78},"registered":{"date":"2016-11-22T15:18:07.639Z","age":7},"phone":"05-16-26-42-97","cell":"06-24-54-46-79","id":{"name":"INSEE","value":"2450746309949 23"},"picture":{"large":"https://randomuser.me/api/portraits/women/71.jpg","medium":"https://randomuser.me/api/portraits/med/women/71.jpg","thumbnail":"https://randomuser.me/api/portraits/thumb/women/71.jpg"},"nat":"FR"}],"info":{"seed":"a16e2b1a7025248e","results":1,"page":1,"version":"1.4"}} 
 </msg>
<msg time="2024-05-11T14:12:55.451515" level="INFO">/opt/hostedtoolcache/Python/3.12.3/x64/lib/python3.12/site-packages/urllib3/connectionpool.py:1103: InsecureRequestWarning: Unverified HTTPS request is being made to host 'randomuser.me'. Adding certificate verification is strongly advised. See: https://urllib3.readthedocs.io/en/latest/advanced-usage.html#tls-warnings
  warnings.warn(</msg>
<msg time="2024-05-11T14:12:55.451600" level="INFO">${response} = &lt;Response [200]&gt;</msg>
<var>${response}</var>
<arg>consultarAPI</arg>
<arg>/api</arg>
<doc>Sends a GET request on a previously created HTTP Session.</doc>
<status status="PASS" start="2024-05-11T14:12:55.335551" elapsed="0.116073"/>
</kw>
<kw name="Set Variable" owner="BuiltIn">
<msg time="2024-05-11T14:12:55.452488" level="INFO">${json_data} = {'results': [{'gender': 'female', 'name': {'title': 'Miss', 'first': 'Ava', 'last': 'Olivier'}, 'location': {'street': {'number': 5412, 'name': 'Quai Charles-De-Gaulle'}, 'city': 'Roubaix', 'state': '...</msg>
<var>${json_data}</var>
<arg>${response.json()}</arg>
<doc>Returns the given values which can then be assigned to a variables.</doc>
<status status="PASS" start="2024-05-11T14:12:55.451997" elapsed="0.000519"/>
</kw>
<kw name="Log" owner="BuiltIn">
<msg time="2024-05-11T14:12:55.452962" level="INFO">{'results': [{'gender': 'female', 'name': {'title': 'Miss', 'first': 'Ava', 'last': 'Olivier'}, 'location': {'street': {'number': 5412, 'name': 'Quai Charles-De-Gaulle'}, 'city': 'Roubaix', 'state': 'Corse-du-Sud', 'country': 'France', 'postcode': 82656, 'coordinates': {'latitude': '-19.7150', 'longitude': '15.0171'}, 'timezone': {'offset': '+2:00', 'description': 'Kaliningrad, South Africa'}}, 'email': 'ava.olivier@example.com', 'login': {'uuid': '2c1885c3-c09e-4556-a359-ee0bbf2a3a64', 'username': 'purpletiger936', 'password': 'franky', 'salt': 'aJ5vwxMn', 'md5': '4e2c338502197654cc17a4ba15f3fb51', 'sha1': '9740b08c463d6098bc5e255fab041ba150aa4ed9', 'sha256': '60fa2d0e659ec31463a0f0f91a26ddad513b3a1bb6b654ad5dd2b33e03dfceb5'}, 'dob': {'date': '1945-08-12T06:48:38.795Z', 'age': 78}, 'registered': {'date': '2016-11-22T15:18:07.639Z', 'age': 7}, 'phone': '05-16-26-42-97', 'cell': '06-24-54-46-79', 'id': {'name': 'INSEE', 'value': '2450746309949 23'}, 'picture': {'large': 'https://randomuser.me/api/portraits/women/71.jpg', 'medium': 'https://randomuser.me/api/portraits/med/women/71.jpg', 'thumbnail': 'https://randomuser.me/api/portraits/thumb/women/71.jpg'}, 'nat': 'FR'}], 'info': {'seed': 'a16e2b1a7025248e', 'results': 1, 'page': 1, 'version': '1.4'}}</msg>
<arg>${json_data}</arg>
<doc>Logs the given message with the given level.</doc>
<status status="PASS" start="2024-05-11T14:12:55.452813" elapsed="0.000224"/>
</kw>
<kw name="Should Be Equal As Numbers" owner="BuiltIn">
<arg>${json_data['results'][0]['location']['postcode']}</arg>
<arg>${json_data['results'][0]['location']['postcode']}</arg>
<doc>Fails if objects are unequal after converting them to real numbers.</doc>
<status status="PASS" start="2024-05-11T14:12:55.453330" elapsed="0.000730"/>
</kw>
<kw name="Log" owner="BuiltIn">
<msg time="2024-05-11T14:12:55.454585" level="INFO">82656</msg>
<arg>${json_data['results'][0]['location']['postcode']}</arg>
<doc>Logs the given message with the given level.</doc>
<status status="PASS" start="2024-05-11T14:12:55.454252" elapsed="0.000372"/>
</kw>
<status status="PASS" start="2024-05-11T14:12:55.335302" elapsed="0.119569"/>
</kw>
<doc>Testa se os tipos de dados na resposta da API estão corretos.</doc>
<tag>testeTiposDados</tag>
<status status="PASS" start="2024-05-11T14:12:55.257931" elapsed="0.197095"/>
</test>
<test id="s1-s1-t5" name="Validar conteudo" line="35">
<kw name="Teste de Tipos de Conteudo" owner="random-user-service">
<kw name="GET On Session" owner="RequestsLibrary">
<msg time="2024-05-11T14:12:55.559288" level="INFO">GET Request : url=https://randomuser.me/api 
 path_url=/api 
 headers={'User-Agent': 'python-requests/2.31.0', 'Accept-Encoding': 'gzip, deflate', 'Accept': '*/*', 'Connection': 'keep-alive'} 
 body=None 
 </msg>
<msg time="2024-05-11T14:12:55.559353" level="INFO">GET Response : url=https://randomuser.me/api 
 status=200, reason=OK 
 headers={'Date': 'Sat, 11 May 2024 14:12:55 GMT', 'Content-Type': 'application/json; charset=utf-8', 'Transfer-Encoding': 'chunked', 'Connection': 'keep-alive', 'X-Powered-By': 'Express', 'Access-Control-Allow-Origin': '*', 'Cache-Control': 'no-cache', 'ETag': 'W/"493-sQ/Ng2TyCuOzZp2qTz62Y/vNN3k"', 'Vary': 'Accept-Encoding', 'Content-Encoding': 'gzip', 'CF-Cache-Status': 'DYNAMIC', 'Report-To': '{"endpoints":[{"url":"https:\\/\\/a.nel.cloudflare.com\\/report\\/v4?s=eDiCNiJeV7H%2BLkAFx0pfEIFzenMkOtYujhywdcyeGT8ahkon8WBFfGzZBRTwQ47V0fSXkvXuCVt0%2FKHBlLAM4o%2BvL1SSc6iiPQ%2Bb3NToMhfxTuSqsYAvDjCvcwBZkiNy"}],"group":"cf-nel","max_age":604800}', 'NEL': '{"success_fraction":0,"report_to":"cf-nel","max_age":604800}', 'Server': 'cloudflare', 'CF-RAY': '8822c446ab582318-ORD', 'alt-svc': 'h3=":443"; ma=86400'} 
 body={"results":[{"gender":"female","name":{"title":"Miss","first":"Vildan","last":"Kahveci"},"location":{"street":{"number":3347,"name":"Doktorlar Cd"},"city":"Tunceli","state":"İstanbul","country":"Turkey","postcode":76866,"coordinates":{"latitude":"71.4063","longitude":"173.8599"},"timezone":{"offset":"-4:00","description":"Atlantic Time (Canada), Caracas, La Paz"}},"email":"vildan.kahveci@example.com","login":{"uuid":"f72452c6-b299-437d-a4d3-c2ea63b50514","username":"bluerabbit238","password":"stephen1","salt":"jMKpCYPt","md5":"11755fda277bfad103c0e93250983f1a","sha1":"eb98a0e896266670239f6f755f7802f9a0a9bb4a","sha256":"7627d1770f8d0d573eace3c1c83eecce9e57e83a9525b95a3b92118cc6e66b75"},"dob":{"date":"1997-10-27T09:52:20.477Z","age":26},"registered":{"date":"2015-03-01T20:38:16.464Z","age":9},"phone":"(173)-031-2086","cell":"(194)-493-5426","id":{"name":"","value":null},"picture":{"large":"https://randomuser.me/api/portraits/women/41.jpg","medium":"https://randomuser.me/api/portraits/med/women/41.jpg","thumbnail":"https://randomuser.me/api/portraits/thumb/women/41.jpg"},"nat":"TR"}],"info":{"seed":"7f6747b4ccaf3f96","results":1,"page":1,"version":"1.4"}} 
 </msg>
<msg time="2024-05-11T14:12:55.559445" level="INFO">/opt/hostedtoolcache/Python/3.12.3/x64/lib/python3.12/site-packages/urllib3/connectionpool.py:1103: InsecureRequestWarning: Unverified HTTPS request is being made to host 'randomuser.me'. Adding certificate verification is strongly advised. See: https://urllib3.readthedocs.io/en/latest/advanced-usage.html#tls-warnings
  warnings.warn(</msg>
<msg time="2024-05-11T14:12:55.559534" level="INFO">${response} = &lt;Response [200]&gt;</msg>
<var>${response}</var>
<arg>consultarAPI</arg>
<arg>/api</arg>
<doc>Sends a GET request on a previously created HTTP Session.</doc>
<status status="PASS" start="2024-05-11T14:12:55.458329" elapsed="0.101248"/>
</kw>
<kw name="Set Variable" owner="BuiltIn">
<msg time="2024-05-11T14:12:55.560566" level="INFO">${json_data} = {'results': [{'gender': 'female', 'name': {'title': 'Miss', 'first': 'Vildan', 'last': 'Kahveci'}, 'location': {'street': {'number': 3347, 'name': 'Doktorlar Cd'}, 'city': 'Tunceli', 'state': 'İstanbu...</msg>
<var>${json_data}</var>
<arg>${response.json()}</arg>
<doc>Returns the given values which can then be assigned to a variables.</doc>
<status status="PASS" start="2024-05-11T14:12:55.560021" elapsed="0.000576"/>
</kw>
<kw name="Set Variable" owner="BuiltIn">
<msg time="2024-05-11T14:12:55.561292" level="INFO">${name_title} = Miss</msg>
<var>${name_title}</var>
<arg>${json_data["results"][0]["name"]["title"]}</arg>
<doc>Returns the given values which can then be assigned to a variables.</doc>
<status status="PASS" start="2024-05-11T14:12:55.560906" elapsed="0.000410"/>
</kw>
<kw name="Create List" owner="BuiltIn">
<msg time="2024-05-11T14:12:55.561740" level="INFO">${allowed_titles} = ['Mr', 'Ms', 'Miss', 'Mrs', 'Madame', 'Monsieur']</msg>
<var>${allowed_titles}</var>
<arg>Mr</arg>
<arg>Ms</arg>
<arg>Miss</arg>
<arg>Mrs</arg>
<arg>Madame</arg>
<arg>Monsieur</arg>
<doc>Returns a list containing given items.</doc>
<status status="PASS" start="2024-05-11T14:12:55.561591" elapsed="0.000174"/>
</kw>
<kw name="List Should Contain Value" owner="Collections">
<msg time="2024-05-11T14:12:55.562255" level="INFO">False</msg>
<arg>${allowed_titles}</arg>
<arg>${name_title}</arg>
<doc>Fails if the ``value`` is not found from ``list``.</doc>
<status status="PASS" start="2024-05-11T14:12:55.562068" elapsed="0.000228"/>
</kw>
<kw name="Set Variable" owner="BuiltIn">
<msg time="2024-05-11T14:12:55.562990" level="INFO">${name_country} = TR</msg>
<var>${name_country}</var>
<arg>${json_data["results"][0]["nat"]}</arg>
<doc>Returns the given values which can then be assigned to a variables.</doc>
<status status="PASS" start="2024-05-11T14:12:55.562610" elapsed="0.000405"/>
</kw>
<kw name="Create List" owner="BuiltIn">
<msg time="2024-05-11T14:12:55.563929" level="INFO">${list_country} = ['AD', 'AE', 'AF', 'AG', 'AI', 'AL', 'AM', 'AO', 'AQ', 'AR', 'AS', 'AT', 'AU', 'AW', 'AX', 'AZ', 'BA', 'BB', 'BD', 'BE', 'BF', 'BG', 'BH', 'BI', 'BJ', 'BL', 'BM', 'BN', 'BO', 'BQ', 'BR', 'BS', 'BT', '...</msg>
<var>${list_country}</var>
<arg>AD</arg>
<arg>AE</arg>
<arg>AF</arg>
<arg>AG</arg>
<arg>AI</arg>
<arg>AL</arg>
<arg>AM</arg>
<arg>AO</arg>
<arg>AQ</arg>
<arg>AR</arg>
<arg>AS</arg>
<arg>AT</arg>
<arg>AU</arg>
<arg>AW</arg>
<arg>AX</arg>
<arg>AZ</arg>
<arg>BA</arg>
<arg>BB</arg>
<arg>BD</arg>
<arg>BE</arg>
<arg>BF</arg>
<arg>BG</arg>
<arg>BH</arg>
<arg>BI</arg>
<arg>BJ</arg>
<arg>BL</arg>
<arg>BM</arg>
<arg>BN</arg>
<arg>BO</arg>
<arg>BQ</arg>
<arg>BR</arg>
<arg>BS</arg>
<arg>BT</arg>
<arg>BV</arg>
<arg>BW</arg>
<arg>BY</arg>
<arg>BZ</arg>
<arg>CA</arg>
<arg>CC</arg>
<arg>CD</arg>
<arg>CF</arg>
<arg>CG</arg>
<arg>CH</arg>
<arg>CI</arg>
<arg>CK</arg>
<arg>CL</arg>
<arg>CM</arg>
<arg>CN</arg>
<arg>CO</arg>
<arg>CR</arg>
<arg>CU</arg>
<arg>CV</arg>
<arg>CW</arg>
<arg>CX</arg>
<arg>CY</arg>
<arg>CZ</arg>
<arg>DE</arg>
<arg>DJ</arg>
<arg>DK</arg>
<arg>DM</arg>
<arg>DO</arg>
<arg>DZ</arg>
<arg>EC</arg>
<arg>EE</arg>
<arg>EG</arg>
<arg>EH</arg>
<arg>ER</arg>
<arg>ES</arg>
<arg>ET</arg>
<arg>FI</arg>
<arg>FJ</arg>
<arg>FK</arg>
<arg>FM</arg>
<arg>FO</arg>
<arg>FR</arg>
<arg>GA</arg>
<arg>GB</arg>
<arg>GD</arg>
<arg>GE</arg>
<arg>GF</arg>
<arg>GG</arg>
<arg>GH</arg>
<arg>GI</arg>
<arg>GL</arg>
<arg>GM</arg>
<arg>GN</arg>
<arg>GP</arg>
<arg>GQ</arg>
<arg>GR</arg>
<arg>GS</arg>
<arg>GT</arg>
<arg>GU</arg>
<arg>GW</arg>
<arg>GY</arg>
<arg>HK</arg>
<arg>HM</arg>
<arg>HN</arg>
<arg>HR</arg>
<arg>HT</arg>
<arg>HU</arg>
<arg>ID</arg>
<arg>IE</arg>
<arg>IL</arg>
<arg>IM</arg>
<arg>IN</arg>
<arg>IO</arg>
<arg>IQ</arg>
<arg>IR</arg>
<arg>IS</arg>
<arg>IT</arg>
<arg>JE</arg>
<arg>JM</arg>
<arg>JO</arg>
<arg>JP</arg>
<arg>KE</arg>
<arg>KG</arg>
<arg>KH</arg>
<arg>KI</arg>
<arg>KM</arg>
<arg>KN</arg>
<arg>KP</arg>
<arg>KR</arg>
<arg>KW</arg>
<arg>KY</arg>
<arg>KZ</arg>
<arg>LA</arg>
<arg>LB</arg>
<arg>LC</arg>
<arg>LI</arg>
<arg>LK</arg>
<arg>LR</arg>
<arg>LS</arg>
<arg>LT</arg>
<arg>LU</arg>
<arg>LV</arg>
<arg>LY</arg>
<arg>MA</arg>
<arg>MC</arg>
<arg>MD</arg>
<arg>ME</arg>
<arg>MF</arg>
<arg>MG</arg>
<arg>MH</arg>
<arg>MK</arg>
<arg>ML</arg>
<arg>MM</arg>
<arg>MN</arg>
<arg>MO</arg>
<arg>MP</arg>
<arg>MQ</arg>
<arg>MR</arg>
<arg>MS</arg>
<arg>MT</arg>
<arg>MU</arg>
<arg>MV</arg>
<arg>MW</arg>
<arg>MX</arg>
<arg>MY</arg>
<arg>MZ</arg>
<arg>NA</arg>
<arg>NC</arg>
<arg>NE</arg>
<arg>NF</arg>
<arg>NG</arg>
<arg>NI</arg>
<arg>NL</arg>
<arg>NO</arg>
<arg>NP</arg>
<arg>NR</arg>
<arg>NU</arg>
<arg>NZ</arg>
<arg>OM</arg>
<arg>PA</arg>
<arg>PE</arg>
<arg>PF</arg>
<arg>PG</arg>
<arg>PH</arg>
<arg>PK</arg>
<arg>PL</arg>
<arg>PM</arg>
<arg>PN</arg>
<arg>PR</arg>
<arg>PS</arg>
<arg>PT</arg>
<arg>PW</arg>
<arg>PY</arg>
<arg>QA</arg>
<arg>RE</arg>
<arg>RO</arg>
<arg>RS</arg>
<arg>RU</arg>
<arg>RW</arg>
<arg>SA</arg>
<arg>SB</arg>
<arg>SC</arg>
<arg>SD</arg>
<arg>SE</arg>
<arg>SG</arg>
<arg>SH</arg>
<arg>SI</arg>
<arg>SJ</arg>
<arg>SK</arg>
<arg>SL</arg>
<arg>SM</arg>
<arg>SN</arg>
<arg>SO</arg>
<arg>SR</arg>
<arg>SS</arg>
<arg>ST</arg>
<arg>SV</arg>
<arg>SX</arg>
<arg>SY</arg>
<arg>SZ</arg>
<arg>TC</arg>
<arg>TD</arg>
<arg>TF</arg>
<arg>TG</arg>
<arg>TH</arg>
<arg>TJ</arg>
<arg>TK</arg>
<arg>TL</arg>
<arg>TM</arg>
<arg>TN</arg>
<arg>TO</arg>
<arg>TR</arg>
<arg>TT</arg>
<arg>TV</arg>
<arg>TW</arg>
<arg>TZ</arg>
<arg>UA</arg>
<arg>UG</arg>
<arg>UM</arg>
<arg>US</arg>
<arg>UY</arg>
<arg>UZ</arg>
<arg>VA</arg>
<arg>VC</arg>
<arg>VE</arg>
<arg>VG</arg>
<arg>VI</arg>
<arg>VN</arg>
<arg>VU</arg>
<arg>WF</arg>
<arg>WS</arg>
<arg>XK</arg>
<arg>YE</arg>
<arg>YT</arg>
<arg>ZA</arg>
<arg>ZM</arg>
<arg>ZW</arg>
<doc>Returns a list containing given items.</doc>
<status status="PASS" start="2024-05-11T14:12:55.563313" elapsed="0.000642"/>
</kw>
<kw name="List Should Contain Value" owner="Collections">
<msg time="2024-05-11T14:12:55.564894" level="INFO">False</msg>
<arg>${list_country}</arg>
<arg>${name_country}</arg>
<doc>Fails if the ``value`` is not found from ``list``.</doc>
<status status="PASS" start="2024-05-11T14:12:55.564710" elapsed="0.000218"/>
</kw>
<kw name="Run Keyword If" owner="BuiltIn">
<kw name="Should Be True" owner="BuiltIn">
<arg>${True}</arg>
<doc>Fails if the given condition is not true.</doc>
<status status="PASS" start="2024-05-11T14:12:55.565955" elapsed="0.000142"/>
</kw>
<arg>${json_data["results"][0]["location"]["coordinates"]["latitude"]} &gt;= -90 and ${json_data["results"][0]["location"]["coordinates"]["latitude"]} &lt;= 90</arg>
<arg>Should Be True</arg>
<arg>${True}</arg>
<doc>Runs the given keyword with the given arguments, if ``condition`` is true.</doc>
<status status="PASS" start="2024-05-11T14:12:55.565214" elapsed="0.001009"/>
</kw>
<kw name="Run Keyword If" owner="BuiltIn">
<kw name="Should Be True" owner="BuiltIn">
<arg>${True}</arg>
<doc>Fails if the given condition is not true.</doc>
<status status="PASS" start="2024-05-11T14:12:55.567100" elapsed="0.000238"/>
</kw>
<arg>${json_data["results"][0]["location"]["coordinates"]["longitude"]} &gt;= -180 and ${json_data["results"][0]["location"]["coordinates"]["longitude"]} &lt;= 180</arg>
<arg>Should Be True</arg>
<arg>${True}</arg>
<doc>Runs the given keyword with the given arguments, if ``condition`` is true.</doc>
<status status="PASS" start="2024-05-11T14:12:55.566408" elapsed="0.001091"/>
</kw>
<status status="PASS" start="2024-05-11T14:12:55.457979" elapsed="0.109651"/>
</kw>
<doc>Testa o conteúdo específico dos campos retornados pela API.</doc>
<tag>testeConteudo</tag>
<status status="PASS" start="2024-05-11T14:12:55.457363" elapsed="0.110410"/>
</test>
<status status="PASS" start="2024-05-11T14:12:54.749239" elapsed="0.820484"/>
</suite>
<status status="PASS" start="2024-05-11T14:12:54.736628" elapsed="0.838177"/>
</suite>
<statistics>
<total>
<stat pass="5" fail="0" skip="0">All Tests</stat>
</total>
<tag>
<stat pass="1" fail="0" skip="0">testeConteudo</stat>
<stat pass="1" fail="0" skip="0">testeEstruturaResposta</stat>
<stat pass="1" fail="0" skip="0">testeRequisicaoBasica</stat>
<stat pass="1" fail="0" skip="0">testeTiposDados</stat>
</tag>
<suite>
<stat pass="5" fail="0" skip="0" id="s1" name="Tests">Tests</stat>
<stat pass="5" fail="0" skip="0" id="s1-s1" name="Random-User-Test">Tests.Random-User-Test</stat>
</suite>
</statistics>
<errors>
</errors>
</robot>
