<?xml version="1.0" encoding="UTF-8"?>
<robot generator="Robot 7.0 (Python 3.12.3 on linux)" generated="2024-05-30T13:16:23.487253" rpa="false" schemaversion="5">
<suite id="s1" name="Tests" source="/home/runner/work/ApiRandomUser/ApiRandomUser/RamdonUser/tests">
<suite id="s1-s1" name="Random-User-Test" source="/home/runner/work/ApiRandomUser/ApiRandomUser/RamdonUser/tests/random-user-test.robot">
<test id="s1-s1-t1" name="Conectar" line="13">
<kw name="Conectar API" owner="random-user-service">
<kw name="Create Session" owner="RequestsLibrary">
<msg time="2024-05-30T13:16:23.870026" level="INFO">Creating Session using : alias=consultarAPI, url=https://randomuser.me/, headers={},                     cookies={}, auth=None, timeout=None, proxies=None, verify=False,                     debug=0 </msg>
<arg>consultarAPI</arg>
<arg>${URL}</arg>
<doc>Create Session: create a HTTP session to a server</doc>
<status status="PASS" start="2024-05-30T13:16:23.869818" elapsed="0.000386"/>
</kw>
<status status="PASS" start="2024-05-30T13:16:23.868772" elapsed="0.001831"/>
</kw>
<status status="PASS" start="2024-05-30T13:16:23.868147" elapsed="0.002654"/>
</test>
<test id="s1-s1-t2" name="Validar retorno 200 e JSON Válido" line="16">
<kw name="Teste de Requisicao Basica" owner="random-user-service">
<kw name="GET On Session" owner="RequestsLibrary">
<msg time="2024-05-30T13:16:23.960124" level="INFO">GET Request : url=https://randomuser.me/api 
 path_url=/api 
 headers={'User-Agent': 'python-requests/2.32.3', 'Accept-Encoding': 'gzip, deflate', 'Accept': '*/*', 'Connection': 'keep-alive'} 
 body=None 
 </msg>
<msg time="2024-05-30T13:16:23.960273" level="INFO">GET Response : url=https://randomuser.me/api 
 status=200, reason=OK 
 headers={'Date': 'Thu, 30 May 2024 13:16:23 GMT', 'Content-Type': 'application/json; charset=utf-8', 'Transfer-Encoding': 'chunked', 'Connection': 'keep-alive', 'X-Powered-By': 'Express', 'Access-Control-Allow-Origin': '*', 'Cache-Control': 'no-cache', 'ETag': 'W/"49f-2iD/w9wI7W/s/VPom0y7Msj87wI"', 'Vary': 'Accept-Encoding', 'Content-Encoding': 'gzip', 'CF-Cache-Status': 'DYNAMIC', 'Report-To': '{"endpoints":[{"url":"https:\\/\\/a.nel.cloudflare.com\\/report\\/v4?s=ngPoPqPmMcuvVEfCc4%2FVLutejyocMlFlnxCtxmBuC7J55Lleg0ucO4KPD%2FOxsSiTIDQh7WyC08lhqT%2ByBxgDEB8ToBFBsoE3h3BseJ%2BBAVFyBkTAqk7NmlB0BwEwlfwR"}],"group":"cf-nel","max_age":604800}', 'NEL': '{"success_fraction":0,"report_to":"cf-nel","max_age":604800}', 'Server': 'cloudflare', 'CF-RAY': '88beff998b4a9c25-IAD', 'alt-svc': 'h3=":443"; ma=86400'} 
 body={"results":[{"gender":"male","name":{"title":"Mr","first":"Matias","last":"Saarinen"},"location":{"street":{"number":6761,"name":"Reijolankatu"},"city":"Sastamala","state":"Satakunta","country":"Finland","postcode":79502,"coordinates":{"latitude":"-27.3455","longitude":"-25.7495"},"timezone":{"offset":"+11:00","description":"Magadan, Solomon Islands, New Caledonia"}},"email":"matias.saarinen@example.com","login":{"uuid":"9dfabcac-0773-43d9-9789-cc074294871c","username":"orangemeercat827","password":"hound","salt":"cEDppZLM","md5":"b9687936a964e979e274e2ef09bba2c9","sha1":"fafd2f7bff48fc7b3729bf67647fba92bcd694d7","sha256":"bf86556e5949f6e3be06ccf8ca6910e0a0a1632b56ea313f0b60e4a308337dd2"},"dob":{"date":"1988-08-21T05:25:23.694Z","age":35},"registered":{"date":"2003-02-12T10:26:23.343Z","age":21},"phone":"04-162-540","cell":"047-193-33-74","id":{"name":"HETU","value":"NaNNA409undefined"},"picture":{"large":"https://randomuser.me/api/portraits/men/49.jpg","medium":"https://randomuser.me/api/portraits/med/men/49.jpg","thumbnail":"https://randomuser.me/api/portraits/thumb/men/49.jpg"},"nat":"FI"}],"info":{"seed":"093163c3c2516603","results":1,"page":1,"version":"1.4"}} 
 </msg>
<msg time="2024-05-30T13:16:23.960361" level="INFO">/opt/hostedtoolcache/Python/3.12.3/x64/lib/python3.12/site-packages/urllib3/connectionpool.py:1103: InsecureRequestWarning: Unverified HTTPS request is being made to host 'randomuser.me'. Adding certificate verification is strongly advised. See: https://urllib3.readthedocs.io/en/latest/advanced-usage.html#tls-warnings
  warnings.warn(</msg>
<msg time="2024-05-30T13:16:23.960522" level="INFO">${response} = &lt;Response [200]&gt;</msg>
<var>${response}</var>
<arg>consultarAPI</arg>
<arg>/api</arg>
<doc>Sends a GET request on a previously created HTTP Session.</doc>
<status status="PASS" start="2024-05-30T13:16:23.873465" elapsed="0.087098"/>
</kw>
<kw name="Should Be Equal As Numbers" owner="BuiltIn">
<msg time="2024-05-30T13:16:23.961591" level="INFO">Argument types are:
&lt;class 'int'&gt;
&lt;class 'str'&gt;</msg>
<arg>${response.status_code}</arg>
<arg>200</arg>
<doc>Fails if objects are unequal after converting them to real numbers.</doc>
<status status="PASS" start="2024-05-30T13:16:23.961113" elapsed="0.000544"/>
</kw>
<kw name="Log" owner="BuiltIn">
<msg time="2024-05-30T13:16:23.962376" level="INFO">200</msg>
<arg>${response.status_code}</arg>
<doc>Logs the given message with the given level.</doc>
<status status="PASS" start="2024-05-30T13:16:23.962022" elapsed="0.000401"/>
</kw>
<kw name="Set Variable" owner="BuiltIn">
<msg time="2024-05-30T13:16:23.963222" level="INFO">${json_data} = {'results': [{'gender': 'male', 'name': {'title': 'Mr', 'first': 'Matias', 'last': 'Saarinen'}, 'location': {'street': {'number': 6761, 'name': 'Reijolankatu'}, 'city': 'Sastamala', 'state': 'Satakunt...</msg>
<var>${json_data}</var>
<arg>${response.json()}</arg>
<doc>Returns the given values which can then be assigned to a variables.</doc>
<status status="PASS" start="2024-05-30T13:16:23.962777" elapsed="0.000475"/>
</kw>
<kw name="Dictionary Should Contain Key" owner="Collections">
<msg time="2024-05-30T13:16:23.963718" level="INFO">False</msg>
<arg>${json_data}</arg>
<arg>results</arg>
<doc>Fails if ``key`` is not found from ``dictionary``.</doc>
<status status="PASS" start="2024-05-30T13:16:23.963553" elapsed="0.000352"/>
</kw>
<status status="PASS" start="2024-05-30T13:16:23.873217" elapsed="0.090954"/>
</kw>
<doc>Testa se a API responde corretamente e retorna um objeto JSON válido.</doc>
<tag>testeRequisicaoBasica</tag>
<status status="PASS" start="2024-05-30T13:16:23.872694" elapsed="0.091653"/>
</test>
<test id="s1-s1-t3" name="Validar estrutura de resposta" line="22">
<kw name="Teste de Estrutura de Resposta" owner="random-user-service">
<kw name="GET On Session" owner="RequestsLibrary">
<msg time="2024-05-30T13:16:24.080947" level="INFO">GET Request : url=https://randomuser.me/api 
 path_url=/api 
 headers={'User-Agent': 'python-requests/2.32.3', 'Accept-Encoding': 'gzip, deflate', 'Accept': '*/*', 'Connection': 'keep-alive'} 
 body=None 
 </msg>
<msg time="2024-05-30T13:16:24.081063" level="INFO">GET Response : url=https://randomuser.me/api 
 status=200, reason=OK 
 headers={'Date': 'Thu, 30 May 2024 13:16:24 GMT', 'Content-Type': 'application/json; charset=utf-8', 'Transfer-Encoding': 'chunked', 'Connection': 'keep-alive', 'X-Powered-By': 'Express', 'Access-Control-Allow-Origin': '*', 'Cache-Control': 'no-cache', 'ETag': 'W/"4a7-xkCKppkZHP+QMomTfmVcB/dGiEA"', 'Vary': 'Accept-Encoding', 'Content-Encoding': 'gzip', 'CF-Cache-Status': 'DYNAMIC', 'Report-To': '{"endpoints":[{"url":"https:\\/\\/a.nel.cloudflare.com\\/report\\/v4?s=lsZnqsaNv%2BeXQnWa7zdKhHwPl4ByPo9eYEcHUuUCIhHbcBafDv6hDEzcifYvcxpse368PZy6bxqevod3L95fXV7qb0g%2BbIzjCniHsmDCd1p%2FmQdm4xSYxF02FImsJPxM"}],"group":"cf-nel","max_age":604800}', 'NEL': '{"success_fraction":0,"report_to":"cf-nel","max_age":604800}', 'Server': 'cloudflare', 'CF-RAY': '88beff99db949c25-IAD', 'alt-svc': 'h3=":443"; ma=86400'} 
 body={"results":[{"gender":"female","name":{"title":"Miss","first":"الینا","last":"نكو نظر"},"location":{"street":{"number":7031,"name":"شهید عباس افضلی"},"city":"بوشهر","state":"بوشهر","country":"Iran","postcode":75108,"coordinates":{"latitude":"14.3345","longitude":"73.0509"},"timezone":{"offset":"-6:00","description":"Central Time (US &amp; Canada), Mexico City"}},"email":"lyn.nkwnzr@example.com","login":{"uuid":"3b03b743-b607-48c4-b59a-89908edb0f7f","username":"purpleleopard632","password":"mary","salt":"zbEFVqBw","md5":"1bdea4afd81e0ab85e80b376c57919ce","sha1":"2858d2387c7119502213eaadfb9075b571f44a95","sha256":"524c9bf3206e4650e6d54fa3b0f8571eb6bbd5a02d8653309f9a9bba1cd36fc8"},"dob":{"date":"1979-08-11T20:59:59.187Z","age":44},"registered":{"date":"2002-12-06T16:02:23.029Z","age":21},"phone":"098-70949934","cell":"0943-572-2447","id":{"name":"","value":null},"picture":{"large":"https://randomuser.me/api/portraits/women/49.jpg","medium":"https://randomuser.me/api/portraits/med/women/49.jpg","thumbnail":"https://randomuser.me/api/portraits/thumb/women/49.jpg"},"nat":"IR"}],"info":{"seed":"4049a033b056c75b","results":1,"page":1,"version":"1.4"}} 
 </msg>
<msg time="2024-05-30T13:16:24.081195" level="INFO">/opt/hostedtoolcache/Python/3.12.3/x64/lib/python3.12/site-packages/urllib3/connectionpool.py:1103: InsecureRequestWarning: Unverified HTTPS request is being made to host 'randomuser.me'. Adding certificate verification is strongly advised. See: https://urllib3.readthedocs.io/en/latest/advanced-usage.html#tls-warnings
  warnings.warn(</msg>
<msg time="2024-05-30T13:16:24.081333" level="INFO">${response} = &lt;Response [200]&gt;</msg>
<var>${response}</var>
<arg>consultarAPI</arg>
<arg>/api</arg>
<doc>Sends a GET request on a previously created HTTP Session.</doc>
<status status="PASS" start="2024-05-30T13:16:23.967335" elapsed="0.114037"/>
</kw>
<kw name="Set Variable" owner="BuiltIn">
<msg time="2024-05-30T13:16:24.082408" level="INFO">${json_data} = {'results': [{'gender': 'female', 'name': {'title': 'Miss', 'first': 'الینا', 'last': 'نكو نظر'}, 'location': {'street': {'number': 7031, 'name': 'شهید عباس افضلی'}, 'city': 'بوشهر', 'state': 'بوشهر',...</msg>
<var>${json_data}</var>
<arg>${response.json()}</arg>
<doc>Returns the given values which can then be assigned to a variables.</doc>
<status status="PASS" start="2024-05-30T13:16:24.081870" elapsed="0.000570"/>
</kw>
<kw name="Log" owner="BuiltIn">
<msg time="2024-05-30T13:16:24.082969" level="INFO">{'results': [{'gender': 'female', 'name': {'title': 'Miss', 'first': 'الینا', 'last': 'نكو نظر'}, 'location': {'street': {'number': 7031, 'name': 'شهید عباس افضلی'}, 'city': 'بوشهر', 'state': 'بوشهر', 'country': 'Iran', 'postcode': 75108, 'coordinates': {'latitude': '14.3345', 'longitude': '73.0509'}, 'timezone': {'offset': '-6:00', 'description': 'Central Time (US &amp; Canada), Mexico City'}}, 'email': 'lyn.nkwnzr@example.com', 'login': {'uuid': '3b03b743-b607-48c4-b59a-89908edb0f7f', 'username': 'purpleleopard632', 'password': 'mary', 'salt': 'zbEFVqBw', 'md5': '1bdea4afd81e0ab85e80b376c57919ce', 'sha1': '2858d2387c7119502213eaadfb9075b571f44a95', 'sha256': '524c9bf3206e4650e6d54fa3b0f8571eb6bbd5a02d8653309f9a9bba1cd36fc8'}, 'dob': {'date': '1979-08-11T20:59:59.187Z', 'age': 44}, 'registered': {'date': '2002-12-06T16:02:23.029Z', 'age': 21}, 'phone': '098-70949934', 'cell': '0943-572-2447', 'id': {'name': '', 'value': None}, 'picture': {'large': 'https://randomuser.me/api/portraits/women/49.jpg', 'medium': 'https://randomuser.me/api/portraits/med/women/49.jpg', 'thumbnail': 'https://randomuser.me/api/portraits/thumb/women/49.jpg'}, 'nat': 'IR'}], 'info': {'seed': '4049a033b056c75b', 'results': 1, 'page': 1, 'version': '1.4'}}</msg>
<arg>${json_data}</arg>
<doc>Logs the given message with the given level.</doc>
<status status="PASS" start="2024-05-30T13:16:24.082804" elapsed="0.000218"/>
</kw>
<kw name="Dictionary Should Contain Key" owner="Collections">
<msg time="2024-05-30T13:16:24.083490" level="INFO">False</msg>
<arg>${json_data}</arg>
<arg>results</arg>
<doc>Fails if ``key`` is not found from ``dictionary``.</doc>
<status status="PASS" start="2024-05-30T13:16:24.083325" elapsed="0.000202"/>
</kw>
<kw name="Should Not Be Empty" owner="BuiltIn">
<msg time="2024-05-30T13:16:24.083951" level="INFO">Length is 2.</msg>
<arg>${json_data}</arg>
<doc>Verifies that the given item is not empty.</doc>
<status status="PASS" start="2024-05-30T13:16:24.083818" elapsed="0.000173"/>
</kw>
<kw name="Create List" owner="BuiltIn">
<msg time="2024-05-30T13:16:24.084437" level="INFO">${expected_keys} = ['gender', 'name', 'location', 'email', 'login']</msg>
<var>${expected_keys}</var>
<arg>gender</arg>
<arg>name</arg>
<arg>location</arg>
<arg>email</arg>
<arg>login</arg>
<doc>Returns a list containing given items.</doc>
<status status="PASS" start="2024-05-30T13:16:24.084289" elapsed="0.000172"/>
</kw>
<for flavor="IN">
<iter>
<kw name="Dictionary Should Contain Key" owner="Collections">
<msg time="2024-05-30T13:16:24.085456" level="INFO">False</msg>
<arg>${json_data['results'][0]}</arg>
<arg>${key}</arg>
<doc>Fails if ``key`` is not found from ``dictionary``.</doc>
<status status="PASS" start="2024-05-30T13:16:24.085046" elapsed="0.000456"/>
</kw>
<kw name="Log" owner="BuiltIn">
<msg time="2024-05-30T13:16:24.086165" level="INFO">{'gender': 'female', 'name': {'title': 'Miss', 'first': 'الینا', 'last': 'نكو نظر'}, 'location': {'street': {'number': 7031, 'name': 'شهید عباس افضلی'}, 'city': 'بوشهر', 'state': 'بوشهر', 'country': 'Iran', 'postcode': 75108, 'coordinates': {'latitude': '14.3345', 'longitude': '73.0509'}, 'timezone': {'offset': '-6:00', 'description': 'Central Time (US &amp; Canada), Mexico City'}}, 'email': 'lyn.nkwnzr@example.com', 'login': {'uuid': '3b03b743-b607-48c4-b59a-89908edb0f7f', 'username': 'purpleleopard632', 'password': 'mary', 'salt': 'zbEFVqBw', 'md5': '1bdea4afd81e0ab85e80b376c57919ce', 'sha1': '2858d2387c7119502213eaadfb9075b571f44a95', 'sha256': '524c9bf3206e4650e6d54fa3b0f8571eb6bbd5a02d8653309f9a9bba1cd36fc8'}, 'dob': {'date': '1979-08-11T20:59:59.187Z', 'age': 44}, 'registered': {'date': '2002-12-06T16:02:23.029Z', 'age': 21}, 'phone': '098-70949934', 'cell': '0943-572-2447', 'id': {'name': '', 'value': None}, 'picture': {'large': 'https://randomuser.me/api/portraits/women/49.jpg', 'medium': 'https://randomuser.me/api/portraits/med/women/49.jpg', 'thumbnail': 'https://randomuser.me/api/portraits/thumb/women/49.jpg'}, 'nat': 'IR'}</msg>
<arg>${json_data['results'][0]}</arg>
<doc>Logs the given message with the given level.</doc>
<status status="PASS" start="2024-05-30T13:16:24.085801" elapsed="0.000428"/>
</kw>
<kw name="Log" owner="BuiltIn">
<msg time="2024-05-30T13:16:24.086687" level="INFO">gender</msg>
<arg>${key}</arg>
<doc>Logs the given message with the given level.</doc>
<status status="PASS" start="2024-05-30T13:16:24.086555" elapsed="0.000170"/>
</kw>
<var name="${key}">gender</var>
<status status="PASS" start="2024-05-30T13:16:24.084914" elapsed="0.002029"/>
</iter>
<iter>
<kw name="Dictionary Should Contain Key" owner="Collections">
<msg time="2024-05-30T13:16:24.087627" level="INFO">False</msg>
<arg>${json_data['results'][0]}</arg>
<arg>${key}</arg>
<doc>Fails if ``key`` is not found from ``dictionary``.</doc>
<status status="PASS" start="2024-05-30T13:16:24.087244" elapsed="0.000453"/>
</kw>
<kw name="Log" owner="BuiltIn">
<msg time="2024-05-30T13:16:24.088357" level="INFO">{'gender': 'female', 'name': {'title': 'Miss', 'first': 'الینا', 'last': 'نكو نظر'}, 'location': {'street': {'number': 7031, 'name': 'شهید عباس افضلی'}, 'city': 'بوشهر', 'state': 'بوشهر', 'country': 'Iran', 'postcode': 75108, 'coordinates': {'latitude': '14.3345', 'longitude': '73.0509'}, 'timezone': {'offset': '-6:00', 'description': 'Central Time (US &amp; Canada), Mexico City'}}, 'email': 'lyn.nkwnzr@example.com', 'login': {'uuid': '3b03b743-b607-48c4-b59a-89908edb0f7f', 'username': 'purpleleopard632', 'password': 'mary', 'salt': 'zbEFVqBw', 'md5': '1bdea4afd81e0ab85e80b376c57919ce', 'sha1': '2858d2387c7119502213eaadfb9075b571f44a95', 'sha256': '524c9bf3206e4650e6d54fa3b0f8571eb6bbd5a02d8653309f9a9bba1cd36fc8'}, 'dob': {'date': '1979-08-11T20:59:59.187Z', 'age': 44}, 'registered': {'date': '2002-12-06T16:02:23.029Z', 'age': 21}, 'phone': '098-70949934', 'cell': '0943-572-2447', 'id': {'name': '', 'value': None}, 'picture': {'large': 'https://randomuser.me/api/portraits/women/49.jpg', 'medium': 'https://randomuser.me/api/portraits/med/women/49.jpg', 'thumbnail': 'https://randomuser.me/api/portraits/thumb/women/49.jpg'}, 'nat': 'IR'}</msg>
<arg>${json_data['results'][0]}</arg>
<doc>Logs the given message with the given level.</doc>
<status status="PASS" start="2024-05-30T13:16:24.087994" elapsed="0.000416"/>
</kw>
<kw name="Log" owner="BuiltIn">
<msg time="2024-05-30T13:16:24.088843" level="INFO">name</msg>
<arg>${key}</arg>
<doc>Logs the given message with the given level.</doc>
<status status="PASS" start="2024-05-30T13:16:24.088714" elapsed="0.000167"/>
</kw>
<var name="${key}">name</var>
<status status="PASS" start="2024-05-30T13:16:24.087128" elapsed="0.001974"/>
</iter>
<iter>
<kw name="Dictionary Should Contain Key" owner="Collections">
<msg time="2024-05-30T13:16:24.089764" level="INFO">False</msg>
<arg>${json_data['results'][0]}</arg>
<arg>${key}</arg>
<doc>Fails if ``key`` is not found from ``dictionary``.</doc>
<status status="PASS" start="2024-05-30T13:16:24.089390" elapsed="0.000411"/>
</kw>
<kw name="Log" owner="BuiltIn">
<msg time="2024-05-30T13:16:24.090476" level="INFO">{'gender': 'female', 'name': {'title': 'Miss', 'first': 'الینا', 'last': 'نكو نظر'}, 'location': {'street': {'number': 7031, 'name': 'شهید عباس افضلی'}, 'city': 'بوشهر', 'state': 'بوشهر', 'country': 'Iran', 'postcode': 75108, 'coordinates': {'latitude': '14.3345', 'longitude': '73.0509'}, 'timezone': {'offset': '-6:00', 'description': 'Central Time (US &amp; Canada), Mexico City'}}, 'email': 'lyn.nkwnzr@example.com', 'login': {'uuid': '3b03b743-b607-48c4-b59a-89908edb0f7f', 'username': 'purpleleopard632', 'password': 'mary', 'salt': 'zbEFVqBw', 'md5': '1bdea4afd81e0ab85e80b376c57919ce', 'sha1': '2858d2387c7119502213eaadfb9075b571f44a95', 'sha256': '524c9bf3206e4650e6d54fa3b0f8571eb6bbd5a02d8653309f9a9bba1cd36fc8'}, 'dob': {'date': '1979-08-11T20:59:59.187Z', 'age': 44}, 'registered': {'date': '2002-12-06T16:02:23.029Z', 'age': 21}, 'phone': '098-70949934', 'cell': '0943-572-2447', 'id': {'name': '', 'value': None}, 'picture': {'large': 'https://randomuser.me/api/portraits/women/49.jpg', 'medium': 'https://randomuser.me/api/portraits/med/women/49.jpg', 'thumbnail': 'https://randomuser.me/api/portraits/thumb/women/49.jpg'}, 'nat': 'IR'}</msg>
<arg>${json_data['results'][0]}</arg>
<doc>Logs the given message with the given level.</doc>
<status status="PASS" start="2024-05-30T13:16:24.090108" elapsed="0.000453"/>
</kw>
<kw name="Log" owner="BuiltIn">
<msg time="2024-05-30T13:16:24.090984" level="INFO">location</msg>
<arg>${key}</arg>
<doc>Logs the given message with the given level.</doc>
<status status="PASS" start="2024-05-30T13:16:24.090859" elapsed="0.000164"/>
</kw>
<var name="${key}">location</var>
<status status="PASS" start="2024-05-30T13:16:24.089278" elapsed="0.001962"/>
</iter>
<iter>
<kw name="Dictionary Should Contain Key" owner="Collections">
<msg time="2024-05-30T13:16:24.092012" level="INFO">False</msg>
<arg>${json_data['results'][0]}</arg>
<arg>${key}</arg>
<doc>Fails if ``key`` is not found from ``dictionary``.</doc>
<status status="PASS" start="2024-05-30T13:16:24.091524" elapsed="0.000525"/>
</kw>
<kw name="Log" owner="BuiltIn">
<msg time="2024-05-30T13:16:24.092707" level="INFO">{'gender': 'female', 'name': {'title': 'Miss', 'first': 'الینا', 'last': 'نكو نظر'}, 'location': {'street': {'number': 7031, 'name': 'شهید عباس افضلی'}, 'city': 'بوشهر', 'state': 'بوشهر', 'country': 'Iran', 'postcode': 75108, 'coordinates': {'latitude': '14.3345', 'longitude': '73.0509'}, 'timezone': {'offset': '-6:00', 'description': 'Central Time (US &amp; Canada), Mexico City'}}, 'email': 'lyn.nkwnzr@example.com', 'login': {'uuid': '3b03b743-b607-48c4-b59a-89908edb0f7f', 'username': 'purpleleopard632', 'password': 'mary', 'salt': 'zbEFVqBw', 'md5': '1bdea4afd81e0ab85e80b376c57919ce', 'sha1': '2858d2387c7119502213eaadfb9075b571f44a95', 'sha256': '524c9bf3206e4650e6d54fa3b0f8571eb6bbd5a02d8653309f9a9bba1cd36fc8'}, 'dob': {'date': '1979-08-11T20:59:59.187Z', 'age': 44}, 'registered': {'date': '2002-12-06T16:02:23.029Z', 'age': 21}, 'phone': '098-70949934', 'cell': '0943-572-2447', 'id': {'name': '', 'value': None}, 'picture': {'large': 'https://randomuser.me/api/portraits/women/49.jpg', 'medium': 'https://randomuser.me/api/portraits/med/women/49.jpg', 'thumbnail': 'https://randomuser.me/api/portraits/thumb/women/49.jpg'}, 'nat': 'IR'}</msg>
<arg>${json_data['results'][0]}</arg>
<doc>Logs the given message with the given level.</doc>
<status status="PASS" start="2024-05-30T13:16:24.092345" elapsed="0.000426"/>
</kw>
<kw name="Log" owner="BuiltIn">
<msg time="2024-05-30T13:16:24.093193" level="INFO">email</msg>
<arg>${key}</arg>
<doc>Logs the given message with the given level.</doc>
<status status="PASS" start="2024-05-30T13:16:24.093067" elapsed="0.000165"/>
</kw>
<var name="${key}">email</var>
<status status="PASS" start="2024-05-30T13:16:24.091413" elapsed="0.002034"/>
</iter>
<iter>
<kw name="Dictionary Should Contain Key" owner="Collections">
<msg time="2024-05-30T13:16:24.094108" level="INFO">False</msg>
<arg>${json_data['results'][0]}</arg>
<arg>${key}</arg>
<doc>Fails if ``key`` is not found from ``dictionary``.</doc>
<status status="PASS" start="2024-05-30T13:16:24.093728" elapsed="0.000417"/>
</kw>
<kw name="Log" owner="BuiltIn">
<msg time="2024-05-30T13:16:24.094829" level="INFO">{'gender': 'female', 'name': {'title': 'Miss', 'first': 'الینا', 'last': 'نكو نظر'}, 'location': {'street': {'number': 7031, 'name': 'شهید عباس افضلی'}, 'city': 'بوشهر', 'state': 'بوشهر', 'country': 'Iran', 'postcode': 75108, 'coordinates': {'latitude': '14.3345', 'longitude': '73.0509'}, 'timezone': {'offset': '-6:00', 'description': 'Central Time (US &amp; Canada), Mexico City'}}, 'email': 'lyn.nkwnzr@example.com', 'login': {'uuid': '3b03b743-b607-48c4-b59a-89908edb0f7f', 'username': 'purpleleopard632', 'password': 'mary', 'salt': 'zbEFVqBw', 'md5': '1bdea4afd81e0ab85e80b376c57919ce', 'sha1': '2858d2387c7119502213eaadfb9075b571f44a95', 'sha256': '524c9bf3206e4650e6d54fa3b0f8571eb6bbd5a02d8653309f9a9bba1cd36fc8'}, 'dob': {'date': '1979-08-11T20:59:59.187Z', 'age': 44}, 'registered': {'date': '2002-12-06T16:02:23.029Z', 'age': 21}, 'phone': '098-70949934', 'cell': '0943-572-2447', 'id': {'name': '', 'value': None}, 'picture': {'large': 'https://randomuser.me/api/portraits/women/49.jpg', 'medium': 'https://randomuser.me/api/portraits/med/women/49.jpg', 'thumbnail': 'https://randomuser.me/api/portraits/thumb/women/49.jpg'}, 'nat': 'IR'}</msg>
<arg>${json_data['results'][0]}</arg>
<doc>Logs the given message with the given level.</doc>
<status status="PASS" start="2024-05-30T13:16:24.094437" elapsed="0.000444"/>
</kw>
<kw name="Log" owner="BuiltIn">
<msg time="2024-05-30T13:16:24.095328" level="INFO">login</msg>
<arg>${key}</arg>
<doc>Logs the given message with the given level.</doc>
<status status="PASS" start="2024-05-30T13:16:24.095200" elapsed="0.000166"/>
</kw>
<var name="${key}">login</var>
<status status="PASS" start="2024-05-30T13:16:24.093618" elapsed="0.001964"/>
</iter>
<var>${key}</var>
<value>@{expected_keys}</value>
<status status="PASS" start="2024-05-30T13:16:24.084722" elapsed="0.010984"/>
</for>
<kw name="Create List" owner="BuiltIn">
<msg time="2024-05-30T13:16:24.096041" level="INFO">${expected_keysTwo} = ['username', 'password']</msg>
<var>${expected_keysTwo}</var>
<arg>username</arg>
<arg>password</arg>
<doc>Returns a list containing given items.</doc>
<status status="PASS" start="2024-05-30T13:16:24.095903" elapsed="0.000162"/>
</kw>
<for flavor="IN">
<iter>
<kw name="Dictionary Should Contain Key" owner="Collections">
<msg time="2024-05-30T13:16:24.096953" level="INFO">False</msg>
<arg>${json_data['results'][0]['login']}</arg>
<arg>${keyTwo}</arg>
<doc>Fails if ``key`` is not found from ``dictionary``.</doc>
<status status="PASS" start="2024-05-30T13:16:24.096569" elapsed="0.000421"/>
</kw>
<kw name="Dictionary Should Contain Key" owner="Collections">
<msg time="2024-05-30T13:16:24.097785" level="INFO">False</msg>
<arg>${json_data['results'][0]['login']}</arg>
<arg>${keyTwo}</arg>
<doc>Fails if ``key`` is not found from ``dictionary``.</doc>
<status status="PASS" start="2024-05-30T13:16:24.097282" elapsed="0.000558"/>
</kw>
<kw name="Log" owner="BuiltIn">
<msg time="2024-05-30T13:16:24.098393" level="INFO">username</msg>
<arg>${keyTwo}</arg>
<doc>Logs the given message with the given level.</doc>
<status status="PASS" start="2024-05-30T13:16:24.098257" elapsed="0.000174"/>
</kw>
<var name="${keyTwo}">username</var>
<status status="PASS" start="2024-05-30T13:16:24.096458" elapsed="0.002237"/>
</iter>
<iter>
<kw name="Dictionary Should Contain Key" owner="Collections">
<msg time="2024-05-30T13:16:24.099361" level="INFO">False</msg>
<arg>${json_data['results'][0]['login']}</arg>
<arg>${keyTwo}</arg>
<doc>Fails if ``key`` is not found from ``dictionary``.</doc>
<status status="PASS" start="2024-05-30T13:16:24.098984" elapsed="0.000415"/>
</kw>
<kw name="Dictionary Should Contain Key" owner="Collections">
<msg time="2024-05-30T13:16:24.100066" level="INFO">False</msg>
<arg>${json_data['results'][0]['login']}</arg>
<arg>${keyTwo}</arg>
<doc>Fails if ``key`` is not found from ``dictionary``.</doc>
<status status="PASS" start="2024-05-30T13:16:24.099691" elapsed="0.000411"/>
</kw>
<kw name="Log" owner="BuiltIn">
<msg time="2024-05-30T13:16:24.100516" level="INFO">password</msg>
<arg>${keyTwo}</arg>
<doc>Logs the given message with the given level.</doc>
<status status="PASS" start="2024-05-30T13:16:24.100390" elapsed="0.000163"/>
</kw>
<var name="${keyTwo}">password</var>
<status status="PASS" start="2024-05-30T13:16:24.098873" elapsed="0.001890"/>
</iter>
<var>${keyTwo}</var>
<value>@{expected_keysTwo}</value>
<status status="PASS" start="2024-05-30T13:16:24.096302" elapsed="0.004580"/>
</for>
<status status="PASS" start="2024-05-30T13:16:23.966978" elapsed="0.134047"/>
</kw>
<doc>Testa a estrutura da resposta da API.</doc>
<tag>testeEstruturaResposta</tag>
<status status="PASS" start="2024-05-30T13:16:23.966178" elapsed="0.135007"/>
</test>
<test id="s1-s1-t4" name="Validar tipos de dados" line="28">
<kw name="Teste de Tipos de Dados" owner="random-user-service">
<kw name="GET On Session" owner="RequestsLibrary">
<msg time="2024-05-30T13:16:24.174950" level="INFO">GET Request : url=https://randomuser.me/api 
 path_url=/api 
 headers={'User-Agent': 'python-requests/2.32.3', 'Accept-Encoding': 'gzip, deflate', 'Accept': '*/*', 'Connection': 'keep-alive'} 
 body=None 
 </msg>
<msg time="2024-05-30T13:16:24.175030" level="INFO">GET Response : url=https://randomuser.me/api 
 status=200, reason=OK 
 headers={'Date': 'Thu, 30 May 2024 13:16:24 GMT', 'Content-Type': 'application/json; charset=utf-8', 'Transfer-Encoding': 'chunked', 'Connection': 'keep-alive', 'X-Powered-By': 'Express', 'Access-Control-Allow-Origin': '*', 'Cache-Control': 'no-cache', 'ETag': 'W/"48d-g3wPh4miIFqpxOgR0H09PRK3n60"', 'Vary': 'Accept-Encoding', 'Content-Encoding': 'gzip', 'CF-Cache-Status': 'DYNAMIC', 'Report-To': '{"endpoints":[{"url":"https:\\/\\/a.nel.cloudflare.com\\/report\\/v4?s=pn55Ryn%2BIPfRG7tvc1LRqkpKCpHgZ2hGr6W9WZrgVzu3SWRX%2FECXrHF0oLiWqJq23oYHtHjoM2JLVcrb%2Bj8fgL0QbnJ0CL0mC6LFhxYcDWfv9peKTrbtF8JEJfhB8bBG"}],"group":"cf-nel","max_age":604800}', 'NEL': '{"success_fraction":0,"report_to":"cf-nel","max_age":604800}', 'Server': 'cloudflare', 'CF-RAY': '88beff9aac619c25-IAD', 'alt-svc': 'h3=":443"; ma=86400'} 
 body={"results":[{"gender":"female","name":{"title":"Mrs","first":"Aria","last":"Jones"},"location":{"street":{"number":8968,"name":"Ferguson Street"},"city":"Christchurch","state":"Southland","country":"New Zealand","postcode":37752,"coordinates":{"latitude":"48.8735","longitude":"128.6987"},"timezone":{"offset":"+2:00","description":"Kaliningrad, South Africa"}},"email":"aria.jones@example.com","login":{"uuid":"1578e41a-4275-49ce-81cc-6a12c4e7274b","username":"silvergorilla681","password":"robotics","salt":"lDvLV4de","md5":"5231f5b548cda35423e6e8a16f95f9ba","sha1":"3041a32c2cdbf4c38415e1034bf14ad2b6d99c99","sha256":"a6f61d90d1da5caceee0e912928152ebeba4f8a56e66c97ae6503efef140e2dd"},"dob":{"date":"1948-06-05T12:31:45.805Z","age":75},"registered":{"date":"2005-09-30T12:16:25.330Z","age":18},"phone":"(294)-142-7892","cell":"(846)-214-9520","id":{"name":"","value":null},"picture":{"large":"https://randomuser.me/api/portraits/women/76.jpg","medium":"https://randomuser.me/api/portraits/med/women/76.jpg","thumbnail":"https://randomuser.me/api/portraits/thumb/women/76.jpg"},"nat":"NZ"}],"info":{"seed":"86ea6dcc44eed82d","results":1,"page":1,"version":"1.4"}} 
 </msg>
<msg time="2024-05-30T13:16:24.175091" level="INFO">/opt/hostedtoolcache/Python/3.12.3/x64/lib/python3.12/site-packages/urllib3/connectionpool.py:1103: InsecureRequestWarning: Unverified HTTPS request is being made to host 'randomuser.me'. Adding certificate verification is strongly advised. See: https://urllib3.readthedocs.io/en/latest/advanced-usage.html#tls-warnings
  warnings.warn(</msg>
<msg time="2024-05-30T13:16:24.175206" level="INFO">${response} = &lt;Response [200]&gt;</msg>
<var>${response}</var>
<arg>consultarAPI</arg>
<arg>/api</arg>
<doc>Sends a GET request on a previously created HTTP Session.</doc>
<status status="PASS" start="2024-05-30T13:16:24.103679" elapsed="0.071565"/>
</kw>
<kw name="Set Variable" owner="BuiltIn">
<msg time="2024-05-30T13:16:24.176171" level="INFO">${json_data} = {'results': [{'gender': 'female', 'name': {'title': 'Mrs', 'first': 'Aria', 'last': 'Jones'}, 'location': {'street': {'number': 8968, 'name': 'Ferguson Street'}, 'city': 'Christchurch', 'state': 'Sout...</msg>
<var>${json_data}</var>
<arg>${response.json()}</arg>
<doc>Returns the given values which can then be assigned to a variables.</doc>
<status status="PASS" start="2024-05-30T13:16:24.175694" elapsed="0.000508"/>
</kw>
<kw name="Log" owner="BuiltIn">
<msg time="2024-05-30T13:16:24.176665" level="INFO">{'results': [{'gender': 'female', 'name': {'title': 'Mrs', 'first': 'Aria', 'last': 'Jones'}, 'location': {'street': {'number': 8968, 'name': 'Ferguson Street'}, 'city': 'Christchurch', 'state': 'Southland', 'country': 'New Zealand', 'postcode': 37752, 'coordinates': {'latitude': '48.8735', 'longitude': '128.6987'}, 'timezone': {'offset': '+2:00', 'description': 'Kaliningrad, South Africa'}}, 'email': 'aria.jones@example.com', 'login': {'uuid': '1578e41a-4275-49ce-81cc-6a12c4e7274b', 'username': 'silvergorilla681', 'password': 'robotics', 'salt': 'lDvLV4de', 'md5': '5231f5b548cda35423e6e8a16f95f9ba', 'sha1': '3041a32c2cdbf4c38415e1034bf14ad2b6d99c99', 'sha256': 'a6f61d90d1da5caceee0e912928152ebeba4f8a56e66c97ae6503efef140e2dd'}, 'dob': {'date': '1948-06-05T12:31:45.805Z', 'age': 75}, 'registered': {'date': '2005-09-30T12:16:25.330Z', 'age': 18}, 'phone': '(294)-142-7892', 'cell': '(846)-214-9520', 'id': {'name': '', 'value': None}, 'picture': {'large': 'https://randomuser.me/api/portraits/women/76.jpg', 'medium': 'https://randomuser.me/api/portraits/med/women/76.jpg', 'thumbnail': 'https://randomuser.me/api/portraits/thumb/women/76.jpg'}, 'nat': 'NZ'}], 'info': {'seed': '86ea6dcc44eed82d', 'results': 1, 'page': 1, 'version': '1.4'}}</msg>
<arg>${json_data}</arg>
<doc>Logs the given message with the given level.</doc>
<status status="PASS" start="2024-05-30T13:16:24.176511" elapsed="0.000237"/>
</kw>
<kw name="Should Be String" owner="String">
<arg>${json_data['results'][0]['gender']}</arg>
<doc>Fails if the given ``item`` is not a string.</doc>
<status status="PASS" start="2024-05-30T13:16:24.177047" elapsed="0.000357"/>
</kw>
<kw name="Should Match Regexp" owner="BuiltIn">
<arg>${json_data['results'][0]['email']}</arg>
<arg>^[a-zA-Z0-9._%+-]+@[a-zA-Z0-9.-]+\.[a-zA-Z]{2,}$</arg>
<doc>Fails if ``string`` does not match ``pattern`` as a regular expression.</doc>
<status status="PASS" start="2024-05-30T13:16:24.177595" elapsed="0.000664"/>
</kw>
<kw name="Should Match Regexp" owner="BuiltIn">
<arg>${json_data['results'][0]['dob']['date']}</arg>
<arg>\\d{4}-\\d{2}-\\d{2}T\\d{2}:\\d{2}:\\d{2}\\.\\d{3}Z</arg>
<doc>Fails if ``string`` does not match ``pattern`` as a regular expression.</doc>
<status status="PASS" start="2024-05-30T13:16:24.178458" elapsed="0.000519"/>
</kw>
<kw name="Should Match Regexp" owner="BuiltIn">
<arg>${json_data['results'][0]['registered']['date']}</arg>
<arg>\\d{4}-\\d{2}-\\d{2}T\\d{2}:\\d{2}:\\d{2}\\.\\d{3}Z</arg>
<doc>Fails if ``string`` does not match ``pattern`` as a regular expression.</doc>
<status status="PASS" start="2024-05-30T13:16:24.179171" elapsed="0.000365"/>
</kw>
<kw name="Should Match Regexp" owner="BuiltIn">
<arg>${json_data['results'][0]['picture']['large']}</arg>
<arg>^https?://.*\.(?:png|jpe?g|gif|bmp)$</arg>
<doc>Fails if ``string`` does not match ``pattern`` as a regular expression.</doc>
<status status="PASS" start="2024-05-30T13:16:24.179722" elapsed="0.000459"/>
</kw>
<kw name="Should Match Regexp" owner="BuiltIn">
<arg>${json_data['results'][0]['picture']['medium']}</arg>
<arg>^https?://.*\.(?:png|jpe?g|gif|bmp)$</arg>
<doc>Fails if ``string`` does not match ``pattern`` as a regular expression.</doc>
<status status="PASS" start="2024-05-30T13:16:24.180372" elapsed="0.000352"/>
</kw>
<kw name="Should Match Regexp" owner="BuiltIn">
<arg>${json_data['results'][0]['picture']['thumbnail']}</arg>
<arg>^https?://.*\.(?:png|jpe?g|gif|bmp)$</arg>
<doc>Fails if ``string`` does not match ``pattern`` as a regular expression.</doc>
<status status="PASS" start="2024-05-30T13:16:24.180910" elapsed="0.000344"/>
</kw>
<kw name="Log" owner="BuiltIn">
<msg time="2024-05-30T13:16:24.181756" level="INFO">{'large': 'https://randomuser.me/api/portraits/women/76.jpg', 'medium': 'https://randomuser.me/api/portraits/med/women/76.jpg', 'thumbnail': 'https://randomuser.me/api/portraits/thumb/women/76.jpg'}</msg>
<arg>${json_data['results'][0]['picture']}</arg>
<doc>Logs the given message with the given level.</doc>
<status status="PASS" start="2024-05-30T13:16:24.181435" elapsed="0.000362"/>
</kw>
<status status="PASS" start="2024-05-30T13:16:24.103444" elapsed="0.078607"/>
</kw>
<kw name="Teste de Tipos de Dados - Postcode" owner="random-user-service">
<kw name="GET On Session" owner="RequestsLibrary">
<msg time="2024-05-30T13:16:24.258578" level="INFO">GET Request : url=https://randomuser.me/api 
 path_url=/api 
 headers={'User-Agent': 'python-requests/2.32.3', 'Accept-Encoding': 'gzip, deflate', 'Accept': '*/*', 'Connection': 'keep-alive'} 
 body=None 
 </msg>
<msg time="2024-05-30T13:16:24.258662" level="INFO">GET Response : url=https://randomuser.me/api 
 status=200, reason=OK 
 headers={'Date': 'Thu, 30 May 2024 13:16:24 GMT', 'Content-Type': 'application/json; charset=utf-8', 'Transfer-Encoding': 'chunked', 'Connection': 'keep-alive', 'X-Powered-By': 'Express', 'Access-Control-Allow-Origin': '*', 'Cache-Control': 'no-cache', 'ETag': 'W/"493-Qe1ShRHcpmZOLT5oqq37X16mIh4"', 'Vary': 'Accept-Encoding', 'Content-Encoding': 'gzip', 'CF-Cache-Status': 'DYNAMIC', 'Report-To': '{"endpoints":[{"url":"https:\\/\\/a.nel.cloudflare.com\\/report\\/v4?s=VGEvoL4V64VMpSdKPi9jan43vo49X9z9InU8Eo%2FLNWfcK9q38CQ%2FFuyZspyy%2Fan16IlcydjDGvQCUJXk%2F6fjcAXVzSncoieoPTFmWzCiPP38P4dONfau5QXzhA2StuYB"}],"group":"cf-nel","max_age":604800}', 'NEL': '{"success_fraction":0,"report_to":"cf-nel","max_age":604800}', 'Server': 'cloudflare', 'CF-RAY': '88beff9b2cef9c25-IAD', 'alt-svc': 'h3=":443"; ma=86400'} 
 body={"results":[{"gender":"female","name":{"title":"Ms","first":"Julija","last":"Paunović"},"location":{"street":{"number":5249,"name":"Vitinska"},"city":"Apatin","state":"Šumadija","country":"Serbia","postcode":73419,"coordinates":{"latitude":"64.1047","longitude":"143.5360"},"timezone":{"offset":"-6:00","description":"Central Time (US &amp; Canada), Mexico City"}},"email":"julija.paunovic@example.com","login":{"uuid":"58c38e0e-b0cd-42a8-ae19-46cb492a79fe","username":"purplefish492","password":"apple1","salt":"cV2kNHN6","md5":"797f70e138145bc2193abe0e9cbaa835","sha1":"5d6cd1780a71e089201185f5a9e616d7f08efaa6","sha256":"a8b1f3f06cf072ac9d33ef87530d966564a3f0f199c8f30cfe3ec0b495cbefa6"},"dob":{"date":"1990-04-19T14:47:40.432Z","age":34},"registered":{"date":"2017-03-27T12:49:04.649Z","age":7},"phone":"021-6459-932","cell":"068-9169-351","id":{"name":"SID","value":"817330934"},"picture":{"large":"https://randomuser.me/api/portraits/women/28.jpg","medium":"https://randomuser.me/api/portraits/med/women/28.jpg","thumbnail":"https://randomuser.me/api/portraits/thumb/women/28.jpg"},"nat":"RS"}],"info":{"seed":"5b16a81f450d3b28","results":1,"page":1,"version":"1.4"}} 
 </msg>
<msg time="2024-05-30T13:16:24.258748" level="INFO">/opt/hostedtoolcache/Python/3.12.3/x64/lib/python3.12/site-packages/urllib3/connectionpool.py:1103: InsecureRequestWarning: Unverified HTTPS request is being made to host 'randomuser.me'. Adding certificate verification is strongly advised. See: https://urllib3.readthedocs.io/en/latest/advanced-usage.html#tls-warnings
  warnings.warn(</msg>
<msg time="2024-05-30T13:16:24.258853" level="INFO">${response} = &lt;Response [200]&gt;</msg>
<var>${response}</var>
<arg>consultarAPI</arg>
<arg>/api</arg>
<doc>Sends a GET request on a previously created HTTP Session.</doc>
<status status="PASS" start="2024-05-30T13:16:24.182520" elapsed="0.076372"/>
</kw>
<kw name="Set Variable" owner="BuiltIn">
<msg time="2024-05-30T13:16:24.259827" level="INFO">${json_data} = {'results': [{'gender': 'female', 'name': {'title': 'Ms', 'first': 'Julija', 'last': 'Paunović'}, 'location': {'street': {'number': 5249, 'name': 'Vitinska'}, 'city': 'Apatin', 'state': 'Šumadija', 'c...</msg>
<var>${json_data}</var>
<arg>${response.json()}</arg>
<doc>Returns the given values which can then be assigned to a variables.</doc>
<status status="PASS" start="2024-05-30T13:16:24.259337" elapsed="0.000522"/>
</kw>
<kw name="Log" owner="BuiltIn">
<msg time="2024-05-30T13:16:24.260316" level="INFO">{'results': [{'gender': 'female', 'name': {'title': 'Ms', 'first': 'Julija', 'last': 'Paunović'}, 'location': {'street': {'number': 5249, 'name': 'Vitinska'}, 'city': 'Apatin', 'state': 'Šumadija', 'country': 'Serbia', 'postcode': 73419, 'coordinates': {'latitude': '64.1047', 'longitude': '143.5360'}, 'timezone': {'offset': '-6:00', 'description': 'Central Time (US &amp; Canada), Mexico City'}}, 'email': 'julija.paunovic@example.com', 'login': {'uuid': '58c38e0e-b0cd-42a8-ae19-46cb492a79fe', 'username': 'purplefish492', 'password': 'apple1', 'salt': 'cV2kNHN6', 'md5': '797f70e138145bc2193abe0e9cbaa835', 'sha1': '5d6cd1780a71e089201185f5a9e616d7f08efaa6', 'sha256': 'a8b1f3f06cf072ac9d33ef87530d966564a3f0f199c8f30cfe3ec0b495cbefa6'}, 'dob': {'date': '1990-04-19T14:47:40.432Z', 'age': 34}, 'registered': {'date': '2017-03-27T12:49:04.649Z', 'age': 7}, 'phone': '021-6459-932', 'cell': '068-9169-351', 'id': {'name': 'SID', 'value': '817330934'}, 'picture': {'large': 'https://randomuser.me/api/portraits/women/28.jpg', 'medium': 'https://randomuser.me/api/portraits/med/women/28.jpg', 'thumbnail': 'https://randomuser.me/api/portraits/thumb/women/28.jpg'}, 'nat': 'RS'}], 'info': {'seed': '5b16a81f450d3b28', 'results': 1, 'page': 1, 'version': '1.4'}}</msg>
<arg>${json_data}</arg>
<doc>Logs the given message with the given level.</doc>
<status status="PASS" start="2024-05-30T13:16:24.260162" elapsed="0.000237"/>
</kw>
<kw name="Should Be Equal As Numbers" owner="BuiltIn">
<arg>${json_data['results'][0]['location']['postcode']}</arg>
<arg>${json_data['results'][0]['location']['postcode']}</arg>
<doc>Fails if objects are unequal after converting them to real numbers.</doc>
<status status="PASS" start="2024-05-30T13:16:24.260700" elapsed="0.000612"/>
</kw>
<kw name="Log" owner="BuiltIn">
<msg time="2024-05-30T13:16:24.261835" level="INFO">73419</msg>
<arg>${json_data['results'][0]['location']['postcode']}</arg>
<doc>Logs the given message with the given level.</doc>
<status status="PASS" start="2024-05-30T13:16:24.261505" elapsed="0.000371"/>
</kw>
<status status="PASS" start="2024-05-30T13:16:24.182271" elapsed="0.079855"/>
</kw>
<doc>Testa se os tipos de dados na resposta da API estão corretos.</doc>
<tag>testeTiposDados</tag>
<status status="PASS" start="2024-05-30T13:16:24.102981" elapsed="0.159308"/>
</test>
<test id="s1-s1-t5" name="Validar conteudo" line="35">
<kw name="Teste de Tipos de Conteudo" owner="random-user-service">
<kw name="GET On Session" owner="RequestsLibrary">
<msg time="2024-05-30T13:16:24.645919" level="INFO">GET Request : url=https://randomuser.me/api 
 path_url=/api 
 headers={'User-Agent': 'python-requests/2.32.3', 'Accept-Encoding': 'gzip, deflate', 'Accept': '*/*', 'Connection': 'keep-alive'} 
 body=None 
 </msg>
<msg time="2024-05-30T13:16:24.646012" level="INFO">GET Response : url=https://randomuser.me/api 
 status=200, reason=OK 
 headers={'Date': 'Thu, 30 May 2024 13:16:24 GMT', 'Content-Type': 'application/json; charset=utf-8', 'Transfer-Encoding': 'chunked', 'Connection': 'keep-alive', 'X-Powered-By': 'Express', 'Access-Control-Allow-Origin': '*', 'Cache-Control': 'no-cache', 'ETag': 'W/"49f-hs5Ew8b4WATNQqTIvCk+5fPCmOU"', 'Vary': 'Accept-Encoding', 'Content-Encoding': 'gzip', 'CF-Cache-Status': 'DYNAMIC', 'Report-To': '{"endpoints":[{"url":"https:\\/\\/a.nel.cloudflare.com\\/report\\/v4?s=XWUj6sXRwsy8FIEUzhz%2BAm06iZoCgpZU9WKmtXvSl%2FOgqX2DZaQB23s9rSTH0G3MyeUgmjOQvhPdFiccAS6kGoIcE01LPO9UKQ625A%2Fp5ZNibCOOa94kd6Qg164cZUFM"}],"group":"cf-nel","max_age":604800}', 'NEL': '{"success_fraction":0,"report_to":"cf-nel","max_age":604800}', 'Server': 'cloudflare', 'CF-RAY': '88beff9bad7e9c25-IAD', 'alt-svc': 'h3=":443"; ma=86400'} 
 body={"results":[{"gender":"female","name":{"title":"Mrs","first":"Manuela","last":"Martin"},"location":{"street":{"number":8131,"name":"Calle de Alberto Aguilera"},"city":"Gandía","state":"La Rioja","country":"Spain","postcode":50657,"coordinates":{"latitude":"-37.8744","longitude":"166.8153"},"timezone":{"offset":"+1:00","description":"Brussels, Copenhagen, Madrid, Paris"}},"email":"manuela.martin@example.com","login":{"uuid":"98a7d44b-7171-475b-a1b0-ca7156d6f70d","username":"angrysnake694","password":"redbull","salt":"gDeDvQNg","md5":"ade611ee17beca2c0c74be6eef845ce9","sha1":"358c3836576d5f330f6d36927498c7d4a890a0aa","sha256":"90235453c03d5429d168f2f319b784c1b7691c035d2e4aaec6b7aee57fb59085"},"dob":{"date":"1971-09-30T19:03:46.481Z","age":52},"registered":{"date":"2004-01-03T03:27:44.753Z","age":20},"phone":"948-494-081","cell":"682-039-400","id":{"name":"DNI","value":"66588406-U"},"picture":{"large":"https://randomuser.me/api/portraits/women/34.jpg","medium":"https://randomuser.me/api/portraits/med/women/34.jpg","thumbnail":"https://randomuser.me/api/portraits/thumb/women/34.jpg"},"nat":"ES"}],"info":{"seed":"94f42d3abb764394","results":1,"page":1,"version":"1.4"}} 
 </msg>
<msg time="2024-05-30T13:16:24.646077" level="INFO">/opt/hostedtoolcache/Python/3.12.3/x64/lib/python3.12/site-packages/urllib3/connectionpool.py:1103: InsecureRequestWarning: Unverified HTTPS request is being made to host 'randomuser.me'. Adding certificate verification is strongly advised. See: https://urllib3.readthedocs.io/en/latest/advanced-usage.html#tls-warnings
  warnings.warn(</msg>
<msg time="2024-05-30T13:16:24.646205" level="INFO">${response} = &lt;Response [200]&gt;</msg>
<var>${response}</var>
<arg>consultarAPI</arg>
<arg>/api</arg>
<doc>Sends a GET request on a previously created HTTP Session.</doc>
<status status="PASS" start="2024-05-30T13:16:24.264771" elapsed="0.381475"/>
</kw>
<kw name="Set Variable" owner="BuiltIn">
<msg time="2024-05-30T13:16:24.647435" level="INFO">${json_data} = {'results': [{'gender': 'female', 'name': {'title': 'Mrs', 'first': 'Manuela', 'last': 'Martin'}, 'location': {'street': {'number': 8131, 'name': 'Calle de Alberto Aguilera'}, 'city': 'Gandía', 'state...</msg>
<var>${json_data}</var>
<arg>${response.json()}</arg>
<doc>Returns the given values which can then be assigned to a variables.</doc>
<status status="PASS" start="2024-05-30T13:16:24.646878" elapsed="0.000586"/>
</kw>
<kw name="Set Variable" owner="BuiltIn">
<msg time="2024-05-30T13:16:24.648149" level="INFO">${name_title} = Mrs</msg>
<var>${name_title}</var>
<arg>${json_data["results"][0]["name"]["title"]}</arg>
<doc>Returns the given values which can then be assigned to a variables.</doc>
<status status="PASS" start="2024-05-30T13:16:24.647769" elapsed="0.000406"/>
</kw>
<kw name="Create List" owner="BuiltIn">
<msg time="2024-05-30T13:16:24.648619" level="INFO">${allowed_titles} = ['Mr', 'Ms', 'Miss', 'Mrs', 'Madame', 'Monsieur']</msg>
<var>${allowed_titles}</var>
<arg>Mr</arg>
<arg>Ms</arg>
<arg>Miss</arg>
<arg>Mrs</arg>
<arg>Madame</arg>
<arg>Monsieur</arg>
<doc>Returns a list containing given items.</doc>
<status status="PASS" start="2024-05-30T13:16:24.648472" elapsed="0.000171"/>
</kw>
<kw name="List Should Contain Value" owner="Collections">
<msg time="2024-05-30T13:16:24.649116" level="INFO">False</msg>
<arg>${allowed_titles}</arg>
<arg>${name_title}</arg>
<doc>Fails if the ``value`` is not found from ``list``.</doc>
<status status="PASS" start="2024-05-30T13:16:24.648943" elapsed="0.000208"/>
</kw>
<kw name="Set Variable" owner="BuiltIn">
<msg time="2024-05-30T13:16:24.649996" level="INFO">${name_country} = ES</msg>
<var>${name_country}</var>
<arg>${json_data["results"][0]["nat"]}</arg>
<doc>Returns the given values which can then be assigned to a variables.</doc>
<status status="PASS" start="2024-05-30T13:16:24.649443" elapsed="0.000578"/>
</kw>
<kw name="Create List" owner="BuiltIn">
<msg time="2024-05-30T13:16:24.650952" level="INFO">${list_country} = ['AD', 'AE', 'AF', 'AG', 'AI', 'AL', 'AM', 'AO', 'AQ', 'AR', 'AS', 'AT', 'AU', 'AW', 'AX', 'AZ', 'BA', 'BB', 'BD', 'BE', 'BF', 'BG', 'BH', 'BI', 'BJ', 'BL', 'BM', 'BN', 'BO', 'BQ', 'BR', 'BS', 'BT', '...</msg>
<var>${list_country}</var>
<arg>AD</arg>
<arg>AE</arg>
<arg>AF</arg>
<arg>AG</arg>
<arg>AI</arg>
<arg>AL</arg>
<arg>AM</arg>
<arg>AO</arg>
<arg>AQ</arg>
<arg>AR</arg>
<arg>AS</arg>
<arg>AT</arg>
<arg>AU</arg>
<arg>AW</arg>
<arg>AX</arg>
<arg>AZ</arg>
<arg>BA</arg>
<arg>BB</arg>
<arg>BD</arg>
<arg>BE</arg>
<arg>BF</arg>
<arg>BG</arg>
<arg>BH</arg>
<arg>BI</arg>
<arg>BJ</arg>
<arg>BL</arg>
<arg>BM</arg>
<arg>BN</arg>
<arg>BO</arg>
<arg>BQ</arg>
<arg>BR</arg>
<arg>BS</arg>
<arg>BT</arg>
<arg>BV</arg>
<arg>BW</arg>
<arg>BY</arg>
<arg>BZ</arg>
<arg>CA</arg>
<arg>CC</arg>
<arg>CD</arg>
<arg>CF</arg>
<arg>CG</arg>
<arg>CH</arg>
<arg>CI</arg>
<arg>CK</arg>
<arg>CL</arg>
<arg>CM</arg>
<arg>CN</arg>
<arg>CO</arg>
<arg>CR</arg>
<arg>CU</arg>
<arg>CV</arg>
<arg>CW</arg>
<arg>CX</arg>
<arg>CY</arg>
<arg>CZ</arg>
<arg>DE</arg>
<arg>DJ</arg>
<arg>DK</arg>
<arg>DM</arg>
<arg>DO</arg>
<arg>DZ</arg>
<arg>EC</arg>
<arg>EE</arg>
<arg>EG</arg>
<arg>EH</arg>
<arg>ER</arg>
<arg>ES</arg>
<arg>ET</arg>
<arg>FI</arg>
<arg>FJ</arg>
<arg>FK</arg>
<arg>FM</arg>
<arg>FO</arg>
<arg>FR</arg>
<arg>GA</arg>
<arg>GB</arg>
<arg>GD</arg>
<arg>GE</arg>
<arg>GF</arg>
<arg>GG</arg>
<arg>GH</arg>
<arg>GI</arg>
<arg>GL</arg>
<arg>GM</arg>
<arg>GN</arg>
<arg>GP</arg>
<arg>GQ</arg>
<arg>GR</arg>
<arg>GS</arg>
<arg>GT</arg>
<arg>GU</arg>
<arg>GW</arg>
<arg>GY</arg>
<arg>HK</arg>
<arg>HM</arg>
<arg>HN</arg>
<arg>HR</arg>
<arg>HT</arg>
<arg>HU</arg>
<arg>ID</arg>
<arg>IE</arg>
<arg>IL</arg>
<arg>IM</arg>
<arg>IN</arg>
<arg>IO</arg>
<arg>IQ</arg>
<arg>IR</arg>
<arg>IS</arg>
<arg>IT</arg>
<arg>JE</arg>
<arg>JM</arg>
<arg>JO</arg>
<arg>JP</arg>
<arg>KE</arg>
<arg>KG</arg>
<arg>KH</arg>
<arg>KI</arg>
<arg>KM</arg>
<arg>KN</arg>
<arg>KP</arg>
<arg>KR</arg>
<arg>KW</arg>
<arg>KY</arg>
<arg>KZ</arg>
<arg>LA</arg>
<arg>LB</arg>
<arg>LC</arg>
<arg>LI</arg>
<arg>LK</arg>
<arg>LR</arg>
<arg>LS</arg>
<arg>LT</arg>
<arg>LU</arg>
<arg>LV</arg>
<arg>LY</arg>
<arg>MA</arg>
<arg>MC</arg>
<arg>MD</arg>
<arg>ME</arg>
<arg>MF</arg>
<arg>MG</arg>
<arg>MH</arg>
<arg>MK</arg>
<arg>ML</arg>
<arg>MM</arg>
<arg>MN</arg>
<arg>MO</arg>
<arg>MP</arg>
<arg>MQ</arg>
<arg>MR</arg>
<arg>MS</arg>
<arg>MT</arg>
<arg>MU</arg>
<arg>MV</arg>
<arg>MW</arg>
<arg>MX</arg>
<arg>MY</arg>
<arg>MZ</arg>
<arg>NA</arg>
<arg>NC</arg>
<arg>NE</arg>
<arg>NF</arg>
<arg>NG</arg>
<arg>NI</arg>
<arg>NL</arg>
<arg>NO</arg>
<arg>NP</arg>
<arg>NR</arg>
<arg>NU</arg>
<arg>NZ</arg>
<arg>OM</arg>
<arg>PA</arg>
<arg>PE</arg>
<arg>PF</arg>
<arg>PG</arg>
<arg>PH</arg>
<arg>PK</arg>
<arg>PL</arg>
<arg>PM</arg>
<arg>PN</arg>
<arg>PR</arg>
<arg>PS</arg>
<arg>PT</arg>
<arg>PW</arg>
<arg>PY</arg>
<arg>QA</arg>
<arg>RE</arg>
<arg>RO</arg>
<arg>RS</arg>
<arg>RU</arg>
<arg>RW</arg>
<arg>SA</arg>
<arg>SB</arg>
<arg>SC</arg>
<arg>SD</arg>
<arg>SE</arg>
<arg>SG</arg>
<arg>SH</arg>
<arg>SI</arg>
<arg>SJ</arg>
<arg>SK</arg>
<arg>SL</arg>
<arg>SM</arg>
<arg>SN</arg>
<arg>SO</arg>
<arg>SR</arg>
<arg>SS</arg>
<arg>ST</arg>
<arg>SV</arg>
<arg>SX</arg>
<arg>SY</arg>
<arg>SZ</arg>
<arg>TC</arg>
<arg>TD</arg>
<arg>TF</arg>
<arg>TG</arg>
<arg>TH</arg>
<arg>TJ</arg>
<arg>TK</arg>
<arg>TL</arg>
<arg>TM</arg>
<arg>TN</arg>
<arg>TO</arg>
<arg>TR</arg>
<arg>TT</arg>
<arg>TV</arg>
<arg>TW</arg>
<arg>TZ</arg>
<arg>UA</arg>
<arg>UG</arg>
<arg>UM</arg>
<arg>US</arg>
<arg>UY</arg>
<arg>UZ</arg>
<arg>VA</arg>
<arg>VC</arg>
<arg>VE</arg>
<arg>VG</arg>
<arg>VI</arg>
<arg>VN</arg>
<arg>VU</arg>
<arg>WF</arg>
<arg>WS</arg>
<arg>XK</arg>
<arg>YE</arg>
<arg>YT</arg>
<arg>ZA</arg>
<arg>ZM</arg>
<arg>ZW</arg>
<doc>Returns a list containing given items.</doc>
<status status="PASS" start="2024-05-30T13:16:24.650325" elapsed="0.000654"/>
</kw>
<kw name="List Should Contain Value" owner="Collections">
<msg time="2024-05-30T13:16:24.651963" level="INFO">False</msg>
<arg>${list_country}</arg>
<arg>${name_country}</arg>
<doc>Fails if the ``value`` is not found from ``list``.</doc>
<status status="PASS" start="2024-05-30T13:16:24.651764" elapsed="0.000235"/>
</kw>
<kw name="Run Keyword If" owner="BuiltIn">
<kw name="Should Be True" owner="BuiltIn">
<arg>${True}</arg>
<doc>Fails if the given condition is not true.</doc>
<status status="PASS" start="2024-05-30T13:16:24.653048" elapsed="0.000140"/>
</kw>
<arg>${json_data["results"][0]["location"]["coordinates"]["latitude"]} &gt;= -90 and ${json_data["results"][0]["location"]["coordinates"]["latitude"]} &lt;= 90</arg>
<arg>Should Be True</arg>
<arg>${True}</arg>
<doc>Runs the given keyword with the given arguments, if ``condition`` is true.</doc>
<status status="PASS" start="2024-05-30T13:16:24.652309" elapsed="0.001004"/>
</kw>
<kw name="Run Keyword If" owner="BuiltIn">
<kw name="Should Be True" owner="BuiltIn">
<arg>${True}</arg>
<doc>Fails if the given condition is not true.</doc>
<status status="PASS" start="2024-05-30T13:16:24.654191" elapsed="0.000136"/>
</kw>
<arg>${json_data["results"][0]["location"]["coordinates"]["longitude"]} &gt;= -180 and ${json_data["results"][0]["location"]["coordinates"]["longitude"]} &lt;= 180</arg>
<arg>Should Be True</arg>
<arg>${True}</arg>
<doc>Runs the given keyword with the given arguments, if ``condition`` is true.</doc>
<status status="PASS" start="2024-05-30T13:16:24.653500" elapsed="0.000948"/>
</kw>
<status status="PASS" start="2024-05-30T13:16:24.264540" elapsed="0.390084"/>
</kw>
<doc>Testa o conteúdo específico dos campos retornados pela API.</doc>
<tag>testeConteudo</tag>
<status status="PASS" start="2024-05-30T13:16:24.264085" elapsed="0.390696"/>
</test>
<status status="PASS" start="2024-05-30T13:16:23.544759" elapsed="1.111962"/>
</suite>
<status status="PASS" start="2024-05-30T13:16:23.531295" elapsed="1.130598"/>
</suite>
<statistics>
<total>
<stat pass="5" fail="0" skip="0">All Tests</stat>
</total>
<tag>
<stat pass="1" fail="0" skip="0">testeConteudo</stat>
<stat pass="1" fail="0" skip="0">testeEstruturaResposta</stat>
<stat pass="1" fail="0" skip="0">testeRequisicaoBasica</stat>
<stat pass="1" fail="0" skip="0">testeTiposDados</stat>
</tag>
<suite>
<stat pass="5" fail="0" skip="0" id="s1" name="Tests">Tests</stat>
<stat pass="5" fail="0" skip="0" id="s1-s1" name="Random-User-Test">Tests.Random-User-Test</stat>
</suite>
</statistics>
<errors>
</errors>
</robot>
