<?xml version="1.0" encoding="UTF-8"?>
<robot generator="Robot 7.0 (Python 3.12.3 on linux)" generated="2024-05-30T15:15:58.597296" rpa="false" schemaversion="5">
<suite id="s1" name="Tests" source="/home/runner/work/ApiRandomUser/ApiRandomUser/RamdonUser/tests">
<suite id="s1-s1" name="Random-User-Test" source="/home/runner/work/ApiRandomUser/ApiRandomUser/RamdonUser/tests/random-user-test.robot">
<test id="s1-s1-t1" name="Conectar" line="13">
<kw name="Conectar API" owner="random-user-service">
<kw name="Create Session" owner="RequestsLibrary">
<msg time="2024-05-30T15:15:58.977582" level="INFO">Creating Session using : alias=consultarAPI, url=https://randomuser.me/, headers={},                     cookies={}, auth=None, timeout=None, proxies=None, verify=False,                     debug=0 </msg>
<arg>consultarAPI</arg>
<arg>${URL}</arg>
<doc>Create Session: create a HTTP session to a server</doc>
<status status="PASS" start="2024-05-30T15:15:58.977377" elapsed="0.000381"/>
</kw>
<status status="PASS" start="2024-05-30T15:15:58.976319" elapsed="0.001793"/>
</kw>
<status status="PASS" start="2024-05-30T15:15:58.975734" elapsed="0.002573"/>
</test>
<test id="s1-s1-t2" name="Validar retorno 200 e JSON Válido" line="16">
<kw name="Teste de Requisicao Basica" owner="random-user-service">
<kw name="GET On Session" owner="RequestsLibrary">
<msg time="2024-05-30T15:15:59.050828" level="INFO">GET Request : url=https://randomuser.me/api 
 path_url=/api 
 headers={'User-Agent': 'python-requests/2.32.3', 'Accept-Encoding': 'gzip, deflate', 'Accept': '*/*', 'Connection': 'keep-alive'} 
 body=None 
 </msg>
<msg time="2024-05-30T15:15:59.050972" level="INFO">GET Response : url=https://randomuser.me/api 
 status=200, reason=OK 
 headers={'Date': 'Thu, 30 May 2024 15:15:59 GMT', 'Content-Type': 'application/json; charset=utf-8', 'Transfer-Encoding': 'chunked', 'Connection': 'keep-alive', 'X-Powered-By': 'Express', 'Access-Control-Allow-Origin': '*', 'Cache-Control': 'no-cache', 'ETag': 'W/"476-gpzGsfnHZmbptxyAkCcr8MbVxzQ"', 'Vary': 'Accept-Encoding', 'Content-Encoding': 'gzip', 'CF-Cache-Status': 'DYNAMIC', 'Report-To': '{"endpoints":[{"url":"https:\\/\\/a.nel.cloudflare.com\\/report\\/v4?s=IY6MQ08rdYDiJjsPE28GbiFlgahWoXqNNNHN36WLaHQT4ES8SMm26yPq%2BEk3Iss6JMd2d%2BJ0qSDBgXoF3NkEOsIgXGkzgkm9J52vZtFAE0P9o3qMeAeSlyzP8K24ial1"}],"group":"cf-nel","max_age":604800}', 'NEL': '{"success_fraction":0,"report_to":"cf-nel","max_age":604800}', 'Server': 'cloudflare', 'CF-RAY': '88bfaec5d8626ff5-IAD', 'alt-svc': 'h3=":443"; ma=86400'} 
 body={"results":[{"gender":"female","name":{"title":"Miss","first":"Johanne","last":"Rasmussen"},"location":{"street":{"number":3779,"name":"Strandvejen"},"city":"Tisvilde","state":"Sjælland","country":"Denmark","postcode":85288,"coordinates":{"latitude":"-42.2501","longitude":"3.2626"},"timezone":{"offset":"+3:30","description":"Tehran"}},"email":"johanne.rasmussen@example.com","login":{"uuid":"6e196ceb-d7f9-425d-901d-c7dc8c97a703","username":"smallrabbit538","password":"bear1","salt":"C9Mju23d","md5":"d0ed472a5b4254c7718ad4c2a437fd83","sha1":"3a8d936852429d38c912c99d287b6450bf8fd0e5","sha256":"1b3bd5c9d9dd5f2c1535b2d1c986ac18f151cd3bd1c4876c53558603fff3233b"},"dob":{"date":"1992-01-05T02:23:32.379Z","age":32},"registered":{"date":"2018-02-25T14:41:09.006Z","age":6},"phone":"76464028","cell":"35230096","id":{"name":"CPR","value":"040192-0481"},"picture":{"large":"https://randomuser.me/api/portraits/women/50.jpg","medium":"https://randomuser.me/api/portraits/med/women/50.jpg","thumbnail":"https://randomuser.me/api/portraits/thumb/women/50.jpg"},"nat":"DK"}],"info":{"seed":"a64d170a5bb862b4","results":1,"page":1,"version":"1.4"}} 
 </msg>
<msg time="2024-05-30T15:15:59.051063" level="INFO">/opt/hostedtoolcache/Python/3.12.3/x64/lib/python3.12/site-packages/urllib3/connectionpool.py:1103: InsecureRequestWarning: Unverified HTTPS request is being made to host 'randomuser.me'. Adding certificate verification is strongly advised. See: https://urllib3.readthedocs.io/en/latest/advanced-usage.html#tls-warnings
  warnings.warn(</msg>
<msg time="2024-05-30T15:15:59.051208" level="INFO">${response} = &lt;Response [200]&gt;</msg>
<var>${response}</var>
<arg>consultarAPI</arg>
<arg>/api</arg>
<doc>Sends a GET request on a previously created HTTP Session.</doc>
<status status="PASS" start="2024-05-30T15:15:58.981004" elapsed="0.070252"/>
</kw>
<kw name="Should Be Equal As Numbers" owner="BuiltIn">
<msg time="2024-05-30T15:15:59.052166" level="INFO">Argument types are:
&lt;class 'int'&gt;
&lt;class 'str'&gt;</msg>
<arg>${response.status_code}</arg>
<arg>200</arg>
<doc>Fails if objects are unequal after converting them to real numbers.</doc>
<status status="PASS" start="2024-05-30T15:15:59.051735" elapsed="0.000497"/>
</kw>
<kw name="Log" owner="BuiltIn">
<msg time="2024-05-30T15:15:59.052995" level="INFO">200</msg>
<arg>${response.status_code}</arg>
<doc>Logs the given message with the given level.</doc>
<status status="PASS" start="2024-05-30T15:15:59.052590" elapsed="0.000454"/>
</kw>
<kw name="Set Variable" owner="BuiltIn">
<msg time="2024-05-30T15:15:59.053801" level="INFO">${json_data} = {'results': [{'gender': 'female', 'name': {'title': 'Miss', 'first': 'Johanne', 'last': 'Rasmussen'}, 'location': {'street': {'number': 3779, 'name': 'Strandvejen'}, 'city': 'Tisvilde', 'state': 'Sjæl...</msg>
<var>${json_data}</var>
<arg>${response.json()}</arg>
<doc>Returns the given values which can then be assigned to a variables.</doc>
<status status="PASS" start="2024-05-30T15:15:59.053360" elapsed="0.000470"/>
</kw>
<kw name="Dictionary Should Contain Key" owner="Collections">
<msg time="2024-05-30T15:15:59.054304" level="INFO">False</msg>
<arg>${json_data}</arg>
<arg>results</arg>
<doc>Fails if ``key`` is not found from ``dictionary``.</doc>
<status status="PASS" start="2024-05-30T15:15:59.054137" elapsed="0.000351"/>
</kw>
<status status="PASS" start="2024-05-30T15:15:58.980754" elapsed="0.073997"/>
</kw>
<doc>Testa se a API responde corretamente e retorna um objeto JSON válido.</doc>
<tag>testeRequisicaoBasica</tag>
<status status="PASS" start="2024-05-30T15:15:58.980207" elapsed="0.074724"/>
</test>
<test id="s1-s1-t3" name="Validar estrutura de resposta" line="22">
<kw name="Teste de Estrutura de Resposta" owner="random-user-service">
<kw name="GET On Session" owner="RequestsLibrary">
<msg time="2024-05-30T15:15:59.159374" level="INFO">GET Request : url=https://randomuser.me/api 
 path_url=/api 
 headers={'User-Agent': 'python-requests/2.32.3', 'Accept-Encoding': 'gzip, deflate', 'Accept': '*/*', 'Connection': 'keep-alive'} 
 body=None 
 </msg>
<msg time="2024-05-30T15:15:59.159470" level="INFO">GET Response : url=https://randomuser.me/api 
 status=200, reason=OK 
 headers={'Date': 'Thu, 30 May 2024 15:15:59 GMT', 'Content-Type': 'application/json; charset=utf-8', 'Transfer-Encoding': 'chunked', 'Connection': 'keep-alive', 'X-Powered-By': 'Express', 'Access-Control-Allow-Origin': '*', 'Cache-Control': 'no-cache', 'ETag': 'W/"46b-xkmsEM70NH6dXNqFEi3z/k8VrJI"', 'Vary': 'Accept-Encoding', 'Content-Encoding': 'gzip', 'CF-Cache-Status': 'DYNAMIC', 'Report-To': '{"endpoints":[{"url":"https:\\/\\/a.nel.cloudflare.com\\/report\\/v4?s=K5XfDbq8HRdHDwQhuoGagSgF%2BZtDOAbOK%2BJ3IFI95JDkfrczUGOVseEnK9qFwamrCd5UJUK8%2FQ%2BNHB9KavWVz5E0SmfUI1dZjlRgcNw2fCccZ8BebX4mp76inQzDH98%2F"}],"group":"cf-nel","max_age":604800}', 'NEL': '{"success_fraction":0,"report_to":"cf-nel","max_age":604800}', 'Server': 'cloudflare', 'CF-RAY': '88bfaec628b96ff5-IAD', 'alt-svc': 'h3=":443"; ma=86400'} 
 body={"results":[{"gender":"male","name":{"title":"Mr","first":"Ismail","last":"Miller"},"location":{"street":{"number":643,"name":"Vårsvingen"},"city":"Glesnes","state":"Rogaland","country":"Norway","postcode":"5374","coordinates":{"latitude":"46.7552","longitude":"-76.2685"},"timezone":{"offset":"+5:45","description":"Kathmandu"}},"email":"ismail.miller@example.com","login":{"uuid":"68b1f3ab-9a58-4f7c-8f9a-b02a88dfccea","username":"organicostrich723","password":"voyager1","salt":"LNwF8BUH","md5":"b5be94240deea991c3744e6814f6c3eb","sha1":"8591e044283ac6b7ece85815fd8dbdc22d08653f","sha256":"19fea6b80ee3e5144c0c08b37159a3fe1537dc565bead63b1abe60f14ad2141d"},"dob":{"date":"1944-08-25T22:03:15.135Z","age":79},"registered":{"date":"2005-01-12T21:59:09.586Z","age":19},"phone":"65897796","cell":"94914120","id":{"name":"FN","value":"25084426345"},"picture":{"large":"https://randomuser.me/api/portraits/men/65.jpg","medium":"https://randomuser.me/api/portraits/med/men/65.jpg","thumbnail":"https://randomuser.me/api/portraits/thumb/men/65.jpg"},"nat":"NO"}],"info":{"seed":"e52bcae52be40d92","results":1,"page":1,"version":"1.4"}} 
 </msg>
<msg time="2024-05-30T15:15:59.159592" level="INFO">/opt/hostedtoolcache/Python/3.12.3/x64/lib/python3.12/site-packages/urllib3/connectionpool.py:1103: InsecureRequestWarning: Unverified HTTPS request is being made to host 'randomuser.me'. Adding certificate verification is strongly advised. See: https://urllib3.readthedocs.io/en/latest/advanced-usage.html#tls-warnings
  warnings.warn(</msg>
<msg time="2024-05-30T15:15:59.159722" level="INFO">${response} = &lt;Response [200]&gt;</msg>
<var>${response}</var>
<arg>consultarAPI</arg>
<arg>/api</arg>
<doc>Sends a GET request on a previously created HTTP Session.</doc>
<status status="PASS" start="2024-05-30T15:15:59.057605" elapsed="0.102157"/>
</kw>
<kw name="Set Variable" owner="BuiltIn">
<msg time="2024-05-30T15:15:59.160766" level="INFO">${json_data} = {'results': [{'gender': 'male', 'name': {'title': 'Mr', 'first': 'Ismail', 'last': 'Miller'}, 'location': {'street': {'number': 643, 'name': 'Vårsvingen'}, 'city': 'Glesnes', 'state': 'Rogaland', 'cou...</msg>
<var>${json_data}</var>
<arg>${response.json()}</arg>
<doc>Returns the given values which can then be assigned to a variables.</doc>
<status status="PASS" start="2024-05-30T15:15:59.160235" elapsed="0.000562"/>
</kw>
<kw name="Log" owner="BuiltIn">
<msg time="2024-05-30T15:15:59.161283" level="INFO">{'results': [{'gender': 'male', 'name': {'title': 'Mr', 'first': 'Ismail', 'last': 'Miller'}, 'location': {'street': {'number': 643, 'name': 'Vårsvingen'}, 'city': 'Glesnes', 'state': 'Rogaland', 'country': 'Norway', 'postcode': '5374', 'coordinates': {'latitude': '46.7552', 'longitude': '-76.2685'}, 'timezone': {'offset': '+5:45', 'description': 'Kathmandu'}}, 'email': 'ismail.miller@example.com', 'login': {'uuid': '68b1f3ab-9a58-4f7c-8f9a-b02a88dfccea', 'username': 'organicostrich723', 'password': 'voyager1', 'salt': 'LNwF8BUH', 'md5': 'b5be94240deea991c3744e6814f6c3eb', 'sha1': '8591e044283ac6b7ece85815fd8dbdc22d08653f', 'sha256': '19fea6b80ee3e5144c0c08b37159a3fe1537dc565bead63b1abe60f14ad2141d'}, 'dob': {'date': '1944-08-25T22:03:15.135Z', 'age': 79}, 'registered': {'date': '2005-01-12T21:59:09.586Z', 'age': 19}, 'phone': '65897796', 'cell': '94914120', 'id': {'name': 'FN', 'value': '25084426345'}, 'picture': {'large': 'https://randomuser.me/api/portraits/men/65.jpg', 'medium': 'https://randomuser.me/api/portraits/med/men/65.jpg', 'thumbnail': 'https://randomuser.me/api/portraits/thumb/men/65.jpg'}, 'nat': 'NO'}], 'info': {'seed': 'e52bcae52be40d92', 'results': 1, 'page': 1, 'version': '1.4'}}</msg>
<arg>${json_data}</arg>
<doc>Logs the given message with the given level.</doc>
<status status="PASS" start="2024-05-30T15:15:59.161119" elapsed="0.000213"/>
</kw>
<kw name="Dictionary Should Contain Key" owner="Collections">
<msg time="2024-05-30T15:15:59.161788" level="INFO">False</msg>
<arg>${json_data}</arg>
<arg>results</arg>
<doc>Fails if ``key`` is not found from ``dictionary``.</doc>
<status status="PASS" start="2024-05-30T15:15:59.161632" elapsed="0.000198"/>
</kw>
<kw name="Should Not Be Empty" owner="BuiltIn">
<msg time="2024-05-30T15:15:59.162263" level="INFO">Length is 2.</msg>
<arg>${json_data}</arg>
<doc>Verifies that the given item is not empty.</doc>
<status status="PASS" start="2024-05-30T15:15:59.162128" elapsed="0.000175"/>
</kw>
<kw name="Create List" owner="BuiltIn">
<msg time="2024-05-30T15:15:59.162743" level="INFO">${expected_keys} = ['gender', 'name', 'location', 'email', 'login']</msg>
<var>${expected_keys}</var>
<arg>gender</arg>
<arg>name</arg>
<arg>location</arg>
<arg>email</arg>
<arg>login</arg>
<doc>Returns a list containing given items.</doc>
<status status="PASS" start="2024-05-30T15:15:59.162596" elapsed="0.000171"/>
</kw>
<for flavor="IN">
<iter>
<kw name="Dictionary Should Contain Key" owner="Collections">
<msg time="2024-05-30T15:15:59.163758" level="INFO">False</msg>
<arg>${json_data['results'][0]}</arg>
<arg>${key}</arg>
<doc>Fails if ``key`` is not found from ``dictionary``.</doc>
<status status="PASS" start="2024-05-30T15:15:59.163342" elapsed="0.000460"/>
</kw>
<kw name="Log" owner="BuiltIn">
<msg time="2024-05-30T15:15:59.164466" level="INFO">{'gender': 'male', 'name': {'title': 'Mr', 'first': 'Ismail', 'last': 'Miller'}, 'location': {'street': {'number': 643, 'name': 'Vårsvingen'}, 'city': 'Glesnes', 'state': 'Rogaland', 'country': 'Norway', 'postcode': '5374', 'coordinates': {'latitude': '46.7552', 'longitude': '-76.2685'}, 'timezone': {'offset': '+5:45', 'description': 'Kathmandu'}}, 'email': 'ismail.miller@example.com', 'login': {'uuid': '68b1f3ab-9a58-4f7c-8f9a-b02a88dfccea', 'username': 'organicostrich723', 'password': 'voyager1', 'salt': 'LNwF8BUH', 'md5': 'b5be94240deea991c3744e6814f6c3eb', 'sha1': '8591e044283ac6b7ece85815fd8dbdc22d08653f', 'sha256': '19fea6b80ee3e5144c0c08b37159a3fe1537dc565bead63b1abe60f14ad2141d'}, 'dob': {'date': '1944-08-25T22:03:15.135Z', 'age': 79}, 'registered': {'date': '2005-01-12T21:59:09.586Z', 'age': 19}, 'phone': '65897796', 'cell': '94914120', 'id': {'name': 'FN', 'value': '25084426345'}, 'picture': {'large': 'https://randomuser.me/api/portraits/men/65.jpg', 'medium': 'https://randomuser.me/api/portraits/med/men/65.jpg', 'thumbnail': 'https://randomuser.me/api/portraits/thumb/men/65.jpg'}, 'nat': 'NO'}</msg>
<arg>${json_data['results'][0]}</arg>
<doc>Logs the given message with the given level.</doc>
<status status="PASS" start="2024-05-30T15:15:59.164100" elapsed="0.000425"/>
</kw>
<kw name="Log" owner="BuiltIn">
<msg time="2024-05-30T15:15:59.164987" level="INFO">gender</msg>
<arg>${key}</arg>
<doc>Logs the given message with the given level.</doc>
<status status="PASS" start="2024-05-30T15:15:59.164857" elapsed="0.000168"/>
</kw>
<var name="${key}">gender</var>
<status status="PASS" start="2024-05-30T15:15:59.163216" elapsed="0.002022"/>
</iter>
<iter>
<kw name="Dictionary Should Contain Key" owner="Collections">
<msg time="2024-05-30T15:15:59.165928" level="INFO">False</msg>
<arg>${json_data['results'][0]}</arg>
<arg>${key}</arg>
<doc>Fails if ``key`` is not found from ``dictionary``.</doc>
<status status="PASS" start="2024-05-30T15:15:59.165541" elapsed="0.000424"/>
</kw>
<kw name="Log" owner="BuiltIn">
<msg time="2024-05-30T15:15:59.166649" level="INFO">{'gender': 'male', 'name': {'title': 'Mr', 'first': 'Ismail', 'last': 'Miller'}, 'location': {'street': {'number': 643, 'name': 'Vårsvingen'}, 'city': 'Glesnes', 'state': 'Rogaland', 'country': 'Norway', 'postcode': '5374', 'coordinates': {'latitude': '46.7552', 'longitude': '-76.2685'}, 'timezone': {'offset': '+5:45', 'description': 'Kathmandu'}}, 'email': 'ismail.miller@example.com', 'login': {'uuid': '68b1f3ab-9a58-4f7c-8f9a-b02a88dfccea', 'username': 'organicostrich723', 'password': 'voyager1', 'salt': 'LNwF8BUH', 'md5': 'b5be94240deea991c3744e6814f6c3eb', 'sha1': '8591e044283ac6b7ece85815fd8dbdc22d08653f', 'sha256': '19fea6b80ee3e5144c0c08b37159a3fe1537dc565bead63b1abe60f14ad2141d'}, 'dob': {'date': '1944-08-25T22:03:15.135Z', 'age': 79}, 'registered': {'date': '2005-01-12T21:59:09.586Z', 'age': 19}, 'phone': '65897796', 'cell': '94914120', 'id': {'name': 'FN', 'value': '25084426345'}, 'picture': {'large': 'https://randomuser.me/api/portraits/men/65.jpg', 'medium': 'https://randomuser.me/api/portraits/med/men/65.jpg', 'thumbnail': 'https://randomuser.me/api/portraits/thumb/men/65.jpg'}, 'nat': 'NO'}</msg>
<arg>${json_data['results'][0]}</arg>
<doc>Logs the given message with the given level.</doc>
<status status="PASS" start="2024-05-30T15:15:59.166287" elapsed="0.000422"/>
</kw>
<kw name="Log" owner="BuiltIn">
<msg time="2024-05-30T15:15:59.167132" level="INFO">name</msg>
<arg>${key}</arg>
<doc>Logs the given message with the given level.</doc>
<status status="PASS" start="2024-05-30T15:15:59.167003" elapsed="0.000167"/>
</kw>
<var name="${key}">name</var>
<status status="PASS" start="2024-05-30T15:15:59.165426" elapsed="0.001958"/>
</iter>
<iter>
<kw name="Dictionary Should Contain Key" owner="Collections">
<msg time="2024-05-30T15:15:59.168050" level="INFO">False</msg>
<arg>${json_data['results'][0]}</arg>
<arg>${key}</arg>
<doc>Fails if ``key`` is not found from ``dictionary``.</doc>
<status status="PASS" start="2024-05-30T15:15:59.167675" elapsed="0.000413"/>
</kw>
<kw name="Log" owner="BuiltIn">
<msg time="2024-05-30T15:15:59.168783" level="INFO">{'gender': 'male', 'name': {'title': 'Mr', 'first': 'Ismail', 'last': 'Miller'}, 'location': {'street': {'number': 643, 'name': 'Vårsvingen'}, 'city': 'Glesnes', 'state': 'Rogaland', 'country': 'Norway', 'postcode': '5374', 'coordinates': {'latitude': '46.7552', 'longitude': '-76.2685'}, 'timezone': {'offset': '+5:45', 'description': 'Kathmandu'}}, 'email': 'ismail.miller@example.com', 'login': {'uuid': '68b1f3ab-9a58-4f7c-8f9a-b02a88dfccea', 'username': 'organicostrich723', 'password': 'voyager1', 'salt': 'LNwF8BUH', 'md5': 'b5be94240deea991c3744e6814f6c3eb', 'sha1': '8591e044283ac6b7ece85815fd8dbdc22d08653f', 'sha256': '19fea6b80ee3e5144c0c08b37159a3fe1537dc565bead63b1abe60f14ad2141d'}, 'dob': {'date': '1944-08-25T22:03:15.135Z', 'age': 79}, 'registered': {'date': '2005-01-12T21:59:09.586Z', 'age': 19}, 'phone': '65897796', 'cell': '94914120', 'id': {'name': 'FN', 'value': '25084426345'}, 'picture': {'large': 'https://randomuser.me/api/portraits/men/65.jpg', 'medium': 'https://randomuser.me/api/portraits/med/men/65.jpg', 'thumbnail': 'https://randomuser.me/api/portraits/thumb/men/65.jpg'}, 'nat': 'NO'}</msg>
<arg>${json_data['results'][0]}</arg>
<doc>Logs the given message with the given level.</doc>
<status status="PASS" start="2024-05-30T15:15:59.168393" elapsed="0.000449"/>
</kw>
<kw name="Log" owner="BuiltIn">
<msg time="2024-05-30T15:15:59.169272" level="INFO">location</msg>
<arg>${key}</arg>
<doc>Logs the given message with the given level.</doc>
<status status="PASS" start="2024-05-30T15:15:59.169147" elapsed="0.000163"/>
</kw>
<var name="${key}">location</var>
<status status="PASS" start="2024-05-30T15:15:59.167563" elapsed="0.001959"/>
</iter>
<iter>
<kw name="Dictionary Should Contain Key" owner="Collections">
<msg time="2024-05-30T15:15:59.170285" level="INFO">False</msg>
<arg>${json_data['results'][0]}</arg>
<arg>${key}</arg>
<doc>Fails if ``key`` is not found from ``dictionary``.</doc>
<status status="PASS" start="2024-05-30T15:15:59.169802" elapsed="0.000520"/>
</kw>
<kw name="Log" owner="BuiltIn">
<msg time="2024-05-30T15:15:59.170975" level="INFO">{'gender': 'male', 'name': {'title': 'Mr', 'first': 'Ismail', 'last': 'Miller'}, 'location': {'street': {'number': 643, 'name': 'Vårsvingen'}, 'city': 'Glesnes', 'state': 'Rogaland', 'country': 'Norway', 'postcode': '5374', 'coordinates': {'latitude': '46.7552', 'longitude': '-76.2685'}, 'timezone': {'offset': '+5:45', 'description': 'Kathmandu'}}, 'email': 'ismail.miller@example.com', 'login': {'uuid': '68b1f3ab-9a58-4f7c-8f9a-b02a88dfccea', 'username': 'organicostrich723', 'password': 'voyager1', 'salt': 'LNwF8BUH', 'md5': 'b5be94240deea991c3744e6814f6c3eb', 'sha1': '8591e044283ac6b7ece85815fd8dbdc22d08653f', 'sha256': '19fea6b80ee3e5144c0c08b37159a3fe1537dc565bead63b1abe60f14ad2141d'}, 'dob': {'date': '1944-08-25T22:03:15.135Z', 'age': 79}, 'registered': {'date': '2005-01-12T21:59:09.586Z', 'age': 19}, 'phone': '65897796', 'cell': '94914120', 'id': {'name': 'FN', 'value': '25084426345'}, 'picture': {'large': 'https://randomuser.me/api/portraits/men/65.jpg', 'medium': 'https://randomuser.me/api/portraits/med/men/65.jpg', 'thumbnail': 'https://randomuser.me/api/portraits/thumb/men/65.jpg'}, 'nat': 'NO'}</msg>
<arg>${json_data['results'][0]}</arg>
<doc>Logs the given message with the given level.</doc>
<status status="PASS" start="2024-05-30T15:15:59.170618" elapsed="0.000406"/>
</kw>
<kw name="Log" owner="BuiltIn">
<msg time="2024-05-30T15:15:59.171439" level="INFO">email</msg>
<arg>${key}</arg>
<doc>Logs the given message with the given level.</doc>
<status status="PASS" start="2024-05-30T15:15:59.171314" elapsed="0.000161"/>
</kw>
<var name="${key}">email</var>
<status status="PASS" start="2024-05-30T15:15:59.169692" elapsed="0.001994"/>
</iter>
<iter>
<kw name="Dictionary Should Contain Key" owner="Collections">
<msg time="2024-05-30T15:15:59.172348" level="INFO">False</msg>
<arg>${json_data['results'][0]}</arg>
<arg>${key}</arg>
<doc>Fails if ``key`` is not found from ``dictionary``.</doc>
<status status="PASS" start="2024-05-30T15:15:59.171966" elapsed="0.000420"/>
</kw>
<kw name="Log" owner="BuiltIn">
<msg time="2024-05-30T15:15:59.173052" level="INFO">{'gender': 'male', 'name': {'title': 'Mr', 'first': 'Ismail', 'last': 'Miller'}, 'location': {'street': {'number': 643, 'name': 'Vårsvingen'}, 'city': 'Glesnes', 'state': 'Rogaland', 'country': 'Norway', 'postcode': '5374', 'coordinates': {'latitude': '46.7552', 'longitude': '-76.2685'}, 'timezone': {'offset': '+5:45', 'description': 'Kathmandu'}}, 'email': 'ismail.miller@example.com', 'login': {'uuid': '68b1f3ab-9a58-4f7c-8f9a-b02a88dfccea', 'username': 'organicostrich723', 'password': 'voyager1', 'salt': 'LNwF8BUH', 'md5': 'b5be94240deea991c3744e6814f6c3eb', 'sha1': '8591e044283ac6b7ece85815fd8dbdc22d08653f', 'sha256': '19fea6b80ee3e5144c0c08b37159a3fe1537dc565bead63b1abe60f14ad2141d'}, 'dob': {'date': '1944-08-25T22:03:15.135Z', 'age': 79}, 'registered': {'date': '2005-01-12T21:59:09.586Z', 'age': 19}, 'phone': '65897796', 'cell': '94914120', 'id': {'name': 'FN', 'value': '25084426345'}, 'picture': {'large': 'https://randomuser.me/api/portraits/men/65.jpg', 'medium': 'https://randomuser.me/api/portraits/med/men/65.jpg', 'thumbnail': 'https://randomuser.me/api/portraits/thumb/men/65.jpg'}, 'nat': 'NO'}</msg>
<arg>${json_data['results'][0]}</arg>
<doc>Logs the given message with the given level.</doc>
<status status="PASS" start="2024-05-30T15:15:59.172699" elapsed="0.000402"/>
</kw>
<kw name="Log" owner="BuiltIn">
<msg time="2024-05-30T15:15:59.173536" level="INFO">login</msg>
<arg>${key}</arg>
<doc>Logs the given message with the given level.</doc>
<status status="PASS" start="2024-05-30T15:15:59.173412" elapsed="0.000162"/>
</kw>
<var name="${key}">login</var>
<status status="PASS" start="2024-05-30T15:15:59.171856" elapsed="0.001936"/>
</iter>
<var>${key}</var>
<value>@{expected_keys}</value>
<status status="PASS" start="2024-05-30T15:15:59.163025" elapsed="0.010889"/>
</for>
<kw name="Create List" owner="BuiltIn">
<msg time="2024-05-30T15:15:59.174276" level="INFO">${expected_keysTwo} = ['username', 'password']</msg>
<var>${expected_keysTwo}</var>
<arg>username</arg>
<arg>password</arg>
<doc>Returns a list containing given items.</doc>
<status status="PASS" start="2024-05-30T15:15:59.174138" elapsed="0.000162"/>
</kw>
<for flavor="IN">
<iter>
<kw name="Dictionary Should Contain Key" owner="Collections">
<msg time="2024-05-30T15:15:59.175177" level="INFO">False</msg>
<arg>${json_data['results'][0]['login']}</arg>
<arg>${keyTwo}</arg>
<doc>Fails if ``key`` is not found from ``dictionary``.</doc>
<status status="PASS" start="2024-05-30T15:15:59.174795" elapsed="0.000419"/>
</kw>
<kw name="Dictionary Should Contain Key" owner="Collections">
<msg time="2024-05-30T15:15:59.175879" level="INFO">False</msg>
<arg>${json_data['results'][0]['login']}</arg>
<arg>${keyTwo}</arg>
<doc>Fails if ``key`` is not found from ``dictionary``.</doc>
<status status="PASS" start="2024-05-30T15:15:59.175505" elapsed="0.000410"/>
</kw>
<kw name="Log" owner="BuiltIn">
<msg time="2024-05-30T15:15:59.176333" level="INFO">username</msg>
<arg>${keyTwo}</arg>
<doc>Logs the given message with the given level.</doc>
<status status="PASS" start="2024-05-30T15:15:59.176206" elapsed="0.000164"/>
</kw>
<var name="${keyTwo}">username</var>
<status status="PASS" start="2024-05-30T15:15:59.174687" elapsed="0.001897"/>
</iter>
<iter>
<kw name="Dictionary Should Contain Key" owner="Collections">
<msg time="2024-05-30T15:15:59.177262" level="INFO">False</msg>
<arg>${json_data['results'][0]['login']}</arg>
<arg>${keyTwo}</arg>
<doc>Fails if ``key`` is not found from ``dictionary``.</doc>
<status status="PASS" start="2024-05-30T15:15:59.176888" elapsed="0.000412"/>
</kw>
<kw name="Dictionary Should Contain Key" owner="Collections">
<msg time="2024-05-30T15:15:59.177973" level="INFO">False</msg>
<arg>${json_data['results'][0]['login']}</arg>
<arg>${keyTwo}</arg>
<doc>Fails if ``key`` is not found from ``dictionary``.</doc>
<status status="PASS" start="2024-05-30T15:15:59.177590" elapsed="0.000420"/>
</kw>
<kw name="Log" owner="BuiltIn">
<msg time="2024-05-30T15:15:59.178429" level="INFO">password</msg>
<arg>${keyTwo}</arg>
<doc>Logs the given message with the given level.</doc>
<status status="PASS" start="2024-05-30T15:15:59.178303" elapsed="0.000164"/>
</kw>
<var name="${keyTwo}">password</var>
<status status="PASS" start="2024-05-30T15:15:59.176777" elapsed="0.001904"/>
</iter>
<var>${keyTwo}</var>
<value>@{expected_keysTwo}</value>
<status status="PASS" start="2024-05-30T15:15:59.174536" elapsed="0.004266"/>
</for>
<status status="PASS" start="2024-05-30T15:15:59.057367" elapsed="0.121577"/>
</kw>
<doc>Testa a estrutura da resposta da API.</doc>
<tag>testeEstruturaResposta</tag>
<status status="PASS" start="2024-05-30T15:15:59.056789" elapsed="0.122305"/>
</test>
<test id="s1-s1-t4" name="Validar tipos de dados" line="28">
<kw name="Teste de Tipos de Dados" owner="random-user-service">
<kw name="GET On Session" owner="RequestsLibrary">
<msg time="2024-05-30T15:15:59.261824" level="INFO">GET Request : url=https://randomuser.me/api 
 path_url=/api 
 headers={'User-Agent': 'python-requests/2.32.3', 'Accept-Encoding': 'gzip, deflate', 'Accept': '*/*', 'Connection': 'keep-alive'} 
 body=None 
 </msg>
<msg time="2024-05-30T15:15:59.261897" level="INFO">GET Response : url=https://randomuser.me/api 
 status=200, reason=OK 
 headers={'Date': 'Thu, 30 May 2024 15:15:59 GMT', 'Content-Type': 'application/json; charset=utf-8', 'Transfer-Encoding': 'chunked', 'Connection': 'keep-alive', 'X-Powered-By': 'Express', 'Access-Control-Allow-Origin': '*', 'Cache-Control': 'no-cache', 'ETag': 'W/"47f-ZhXZ4+vJPgKT9ECo43T0fH4Ldjo"', 'Vary': 'Accept-Encoding', 'Content-Encoding': 'gzip', 'CF-Cache-Status': 'DYNAMIC', 'Report-To': '{"endpoints":[{"url":"https:\\/\\/a.nel.cloudflare.com\\/report\\/v4?s=FwmEQf3DOqbKnvp66Gw6zUNjI6aYTq%2Fd%2BXQIdtIr251mEjeL3d7dBSZajvEti3vSMLgYO17DG18V8YtDfeunlhu45BQaD2SaQLXx5DnBWKUa4x3YrE%2FuComng3pUo3Wb"}],"group":"cf-nel","max_age":604800}', 'NEL': '{"success_fraction":0,"report_to":"cf-nel","max_age":604800}', 'Server': 'cloudflare', 'CF-RAY': '88bfaec6e9876ff5-IAD', 'alt-svc': 'h3=":443"; ma=86400'} 
 body={"results":[{"gender":"female","name":{"title":"Mrs","first":"Vishrutha","last":"Dalvi"},"location":{"street":{"number":614,"name":"Bhootnath Rd"},"city":"Pondicherry","state":"Puducherry","country":"India","postcode":24508,"coordinates":{"latitude":"4.3433","longitude":"123.9076"},"timezone":{"offset":"-3:30","description":"Newfoundland"}},"email":"vishrutha.dalvi@example.com","login":{"uuid":"f36501bc-2bac-410e-826d-2d9111c8d8ea","username":"ticklishcat883","password":"goose1","salt":"SMXfd4ql","md5":"feb4db3e47ad93a884591102aa0dc42d","sha1":"a58991d4ce3bea22099be27480d9277d1a742b8b","sha256":"26bc32c520c801612aaf60731da9446132631d30c77c694b54fd88144ccc396c"},"dob":{"date":"1978-05-21T04:03:21.891Z","age":46},"registered":{"date":"2004-09-25T00:15:34.862Z","age":19},"phone":"7758596495","cell":"9343501271","id":{"name":"UIDAI","value":"580482133132"},"picture":{"large":"https://randomuser.me/api/portraits/women/6.jpg","medium":"https://randomuser.me/api/portraits/med/women/6.jpg","thumbnail":"https://randomuser.me/api/portraits/thumb/women/6.jpg"},"nat":"IN"}],"info":{"seed":"c9ba84bc491991dc","results":1,"page":1,"version":"1.4"}} 
 </msg>
<msg time="2024-05-30T15:15:59.261951" level="INFO">/opt/hostedtoolcache/Python/3.12.3/x64/lib/python3.12/site-packages/urllib3/connectionpool.py:1103: InsecureRequestWarning: Unverified HTTPS request is being made to host 'randomuser.me'. Adding certificate verification is strongly advised. See: https://urllib3.readthedocs.io/en/latest/advanced-usage.html#tls-warnings
  warnings.warn(</msg>
<msg time="2024-05-30T15:15:59.262036" level="INFO">${response} = &lt;Response [200]&gt;</msg>
<var>${response}</var>
<arg>consultarAPI</arg>
<arg>/api</arg>
<doc>Sends a GET request on a previously created HTTP Session.</doc>
<status status="PASS" start="2024-05-30T15:15:59.181616" elapsed="0.080449"/>
</kw>
<kw name="Set Variable" owner="BuiltIn">
<msg time="2024-05-30T15:15:59.263006" level="INFO">${json_data} = {'results': [{'gender': 'female', 'name': {'title': 'Mrs', 'first': 'Vishrutha', 'last': 'Dalvi'}, 'location': {'street': {'number': 614, 'name': 'Bhootnath Rd'}, 'city': 'Pondicherry', 'state': 'Pudu...</msg>
<var>${json_data}</var>
<arg>${response.json()}</arg>
<doc>Returns the given values which can then be assigned to a variables.</doc>
<status status="PASS" start="2024-05-30T15:15:59.262532" elapsed="0.000503"/>
</kw>
<kw name="Log" owner="BuiltIn">
<msg time="2024-05-30T15:15:59.263514" level="INFO">{'results': [{'gender': 'female', 'name': {'title': 'Mrs', 'first': 'Vishrutha', 'last': 'Dalvi'}, 'location': {'street': {'number': 614, 'name': 'Bhootnath Rd'}, 'city': 'Pondicherry', 'state': 'Puducherry', 'country': 'India', 'postcode': 24508, 'coordinates': {'latitude': '4.3433', 'longitude': '123.9076'}, 'timezone': {'offset': '-3:30', 'description': 'Newfoundland'}}, 'email': 'vishrutha.dalvi@example.com', 'login': {'uuid': 'f36501bc-2bac-410e-826d-2d9111c8d8ea', 'username': 'ticklishcat883', 'password': 'goose1', 'salt': 'SMXfd4ql', 'md5': 'feb4db3e47ad93a884591102aa0dc42d', 'sha1': 'a58991d4ce3bea22099be27480d9277d1a742b8b', 'sha256': '26bc32c520c801612aaf60731da9446132631d30c77c694b54fd88144ccc396c'}, 'dob': {'date': '1978-05-21T04:03:21.891Z', 'age': 46}, 'registered': {'date': '2004-09-25T00:15:34.862Z', 'age': 19}, 'phone': '7758596495', 'cell': '9343501271', 'id': {'name': 'UIDAI', 'value': '580482133132'}, 'picture': {'large': 'https://randomuser.me/api/portraits/women/6.jpg', 'medium': 'https://randomuser.me/api/portraits/med/women/6.jpg', 'thumbnail': 'https://randomuser.me/api/portraits/thumb/women/6.jpg'}, 'nat': 'IN'}], 'info': {'seed': 'c9ba84bc491991dc', 'results': 1, 'page': 1, 'version': '1.4'}}</msg>
<arg>${json_data}</arg>
<doc>Logs the given message with the given level.</doc>
<status status="PASS" start="2024-05-30T15:15:59.263355" elapsed="0.000217"/>
</kw>
<kw name="Should Be String" owner="String">
<arg>${json_data['results'][0]['gender']}</arg>
<doc>Fails if the given ``item`` is not a string.</doc>
<status status="PASS" start="2024-05-30T15:15:59.263896" elapsed="0.000361"/>
</kw>
<kw name="Should Match Regexp" owner="BuiltIn">
<arg>${json_data['results'][0]['email']}</arg>
<arg>^[a-zA-Z0-9._%+-]+@[a-zA-Z0-9.-]+\.[a-zA-Z]{2,}$</arg>
<doc>Fails if ``string`` does not match ``pattern`` as a regular expression.</doc>
<status status="PASS" start="2024-05-30T15:15:59.264455" elapsed="0.000680"/>
</kw>
<kw name="Should Match Regexp" owner="BuiltIn">
<arg>${json_data['results'][0]['dob']['date']}</arg>
<arg>\\d{4}-\\d{2}-\\d{2}T\\d{2}:\\d{2}:\\d{2}\\.\\d{3}Z</arg>
<doc>Fails if ``string`` does not match ``pattern`` as a regular expression.</doc>
<status status="PASS" start="2024-05-30T15:15:59.265334" elapsed="0.000490"/>
</kw>
<kw name="Should Match Regexp" owner="BuiltIn">
<arg>${json_data['results'][0]['registered']['date']}</arg>
<arg>\\d{4}-\\d{2}-\\d{2}T\\d{2}:\\d{2}:\\d{2}\\.\\d{3}Z</arg>
<doc>Fails if ``string`` does not match ``pattern`` as a regular expression.</doc>
<status status="PASS" start="2024-05-30T15:15:59.266018" elapsed="0.000367"/>
</kw>
<kw name="Should Match Regexp" owner="BuiltIn">
<arg>${json_data['results'][0]['picture']['large']}</arg>
<arg>^https?://.*\.(?:png|jpe?g|gif|bmp)$</arg>
<doc>Fails if ``string`` does not match ``pattern`` as a regular expression.</doc>
<status status="PASS" start="2024-05-30T15:15:59.266576" elapsed="0.000469"/>
</kw>
<kw name="Should Match Regexp" owner="BuiltIn">
<arg>${json_data['results'][0]['picture']['medium']}</arg>
<arg>^https?://.*\.(?:png|jpe?g|gif|bmp)$</arg>
<doc>Fails if ``string`` does not match ``pattern`` as a regular expression.</doc>
<status status="PASS" start="2024-05-30T15:15:59.267253" elapsed="0.000356"/>
</kw>
<kw name="Should Match Regexp" owner="BuiltIn">
<arg>${json_data['results'][0]['picture']['thumbnail']}</arg>
<arg>^https?://.*\.(?:png|jpe?g|gif|bmp)$</arg>
<doc>Fails if ``string`` does not match ``pattern`` as a regular expression.</doc>
<status status="PASS" start="2024-05-30T15:15:59.267797" elapsed="0.000359"/>
</kw>
<kw name="Log" owner="BuiltIn">
<msg time="2024-05-30T15:15:59.268691" level="INFO">{'large': 'https://randomuser.me/api/portraits/women/6.jpg', 'medium': 'https://randomuser.me/api/portraits/med/women/6.jpg', 'thumbnail': 'https://randomuser.me/api/portraits/thumb/women/6.jpg'}</msg>
<arg>${json_data['results'][0]['picture']}</arg>
<doc>Logs the given message with the given level.</doc>
<status status="PASS" start="2024-05-30T15:15:59.268336" elapsed="0.000401"/>
</kw>
<status status="PASS" start="2024-05-30T15:15:59.181384" elapsed="0.087611"/>
</kw>
<kw name="Teste de Tipos de Dados - Postcode" owner="random-user-service">
<kw name="GET On Session" owner="RequestsLibrary">
<msg time="2024-05-30T15:15:59.375366" level="INFO">GET Request : url=https://randomuser.me/api 
 path_url=/api 
 headers={'User-Agent': 'python-requests/2.32.3', 'Accept-Encoding': 'gzip, deflate', 'Accept': '*/*', 'Connection': 'keep-alive'} 
 body=None 
 </msg>
<msg time="2024-05-30T15:15:59.375445" level="INFO">GET Response : url=https://randomuser.me/api 
 status=200, reason=OK 
 headers={'Date': 'Thu, 30 May 2024 15:15:59 GMT', 'Content-Type': 'application/json; charset=utf-8', 'Transfer-Encoding': 'chunked', 'Connection': 'keep-alive', 'X-Powered-By': 'Express', 'Access-Control-Allow-Origin': '*', 'Cache-Control': 'no-cache', 'ETag': 'W/"484-VnYnfGinnOw8tG8bPiK1KVk9PTw"', 'Vary': 'Accept-Encoding', 'Content-Encoding': 'gzip', 'CF-Cache-Status': 'DYNAMIC', 'Report-To': '{"endpoints":[{"url":"https:\\/\\/a.nel.cloudflare.com\\/report\\/v4?s=1fS6e9QlBjBpy1nRGFGPNHdfgjAXVy891D61mg8ljKnjDDmFkvF%2Fa9cMGXKYDxK2xsx0%2FNv69Ak7rImcdtCqv9vKfbfmSsWLxWq82LOMfdGHwNyfWvbWgWUdRq2Fh7qH"}],"group":"cf-nel","max_age":604800}', 'NEL': '{"success_fraction":0,"report_to":"cf-nel","max_age":604800}', 'Server': 'cloudflare', 'CF-RAY': '88bfaec77a296ff5-IAD', 'alt-svc': 'h3=":443"; ma=86400'} 
 body={"results":[{"gender":"male","name":{"title":"Mr","first":"Sisenando","last":"da Paz"},"location":{"street":{"number":6992,"name":"Rua Paraná "},"city":"Guarapuava","state":"Pará","country":"Brazil","postcode":26319,"coordinates":{"latitude":"-73.6149","longitude":"-159.0416"},"timezone":{"offset":"-11:00","description":"Midway Island, Samoa"}},"email":"sisenando.dapaz@example.com","login":{"uuid":"e40b7592-ed66-4443-afe8-8cb8a15094ec","username":"tinylion597","password":"zeus","salt":"6YAzqsox","md5":"fbd75f1f7b68be8d791da51327c32a48","sha1":"8b415582f481b7af6223af810aba50ba889d03dd","sha256":"19bb625d142b90abb05e596b6a83bf3ee5582813483853dbdc68a0688c32cbf9"},"dob":{"date":"1989-06-21T22:11:54.920Z","age":34},"registered":{"date":"2016-09-13T15:37:02.013Z","age":7},"phone":"(60) 3052-9753","cell":"(62) 4008-4089","id":{"name":"CPF","value":"438.529.607-97"},"picture":{"large":"https://randomuser.me/api/portraits/men/52.jpg","medium":"https://randomuser.me/api/portraits/med/men/52.jpg","thumbnail":"https://randomuser.me/api/portraits/thumb/men/52.jpg"},"nat":"BR"}],"info":{"seed":"ace50fd63b8dc0b9","results":1,"page":1,"version":"1.4"}} 
 </msg>
<msg time="2024-05-30T15:15:59.375513" level="INFO">/opt/hostedtoolcache/Python/3.12.3/x64/lib/python3.12/site-packages/urllib3/connectionpool.py:1103: InsecureRequestWarning: Unverified HTTPS request is being made to host 'randomuser.me'. Adding certificate verification is strongly advised. See: https://urllib3.readthedocs.io/en/latest/advanced-usage.html#tls-warnings
  warnings.warn(</msg>
<msg time="2024-05-30T15:15:59.375621" level="INFO">${response} = &lt;Response [200]&gt;</msg>
<var>${response}</var>
<arg>consultarAPI</arg>
<arg>/api</arg>
<doc>Sends a GET request on a previously created HTTP Session.</doc>
<status status="PASS" start="2024-05-30T15:15:59.269438" elapsed="0.106364"/>
</kw>
<kw name="Set Variable" owner="BuiltIn">
<msg time="2024-05-30T15:15:59.376694" level="INFO">${json_data} = {'results': [{'gender': 'male', 'name': {'title': 'Mr', 'first': 'Sisenando', 'last': 'da Paz'}, 'location': {'street': {'number': 6992, 'name': 'Rua Paraná '}, 'city': 'Guarapuava', 'state': 'Pará', ...</msg>
<var>${json_data}</var>
<arg>${response.json()}</arg>
<doc>Returns the given values which can then be assigned to a variables.</doc>
<status status="PASS" start="2024-05-30T15:15:59.376207" elapsed="0.000517"/>
</kw>
<kw name="Log" owner="BuiltIn">
<msg time="2024-05-30T15:15:59.377192" level="INFO">{'results': [{'gender': 'male', 'name': {'title': 'Mr', 'first': 'Sisenando', 'last': 'da Paz'}, 'location': {'street': {'number': 6992, 'name': 'Rua Paraná '}, 'city': 'Guarapuava', 'state': 'Pará', 'country': 'Brazil', 'postcode': 26319, 'coordinates': {'latitude': '-73.6149', 'longitude': '-159.0416'}, 'timezone': {'offset': '-11:00', 'description': 'Midway Island, Samoa'}}, 'email': 'sisenando.dapaz@example.com', 'login': {'uuid': 'e40b7592-ed66-4443-afe8-8cb8a15094ec', 'username': 'tinylion597', 'password': 'zeus', 'salt': '6YAzqsox', 'md5': 'fbd75f1f7b68be8d791da51327c32a48', 'sha1': '8b415582f481b7af6223af810aba50ba889d03dd', 'sha256': '19bb625d142b90abb05e596b6a83bf3ee5582813483853dbdc68a0688c32cbf9'}, 'dob': {'date': '1989-06-21T22:11:54.920Z', 'age': 34}, 'registered': {'date': '2016-09-13T15:37:02.013Z', 'age': 7}, 'phone': '(60) 3052-9753', 'cell': '(62) 4008-4089', 'id': {'name': 'CPF', 'value': '438.529.607-97'}, 'picture': {'large': 'https://randomuser.me/api/portraits/men/52.jpg', 'medium': 'https://randomuser.me/api/portraits/med/men/52.jpg', 'thumbnail': 'https://randomuser.me/api/portraits/thumb/men/52.jpg'}, 'nat': 'BR'}], 'info': {'seed': 'ace50fd63b8dc0b9', 'results': 1, 'page': 1, 'version': '1.4'}}</msg>
<arg>${json_data}</arg>
<doc>Logs the given message with the given level.</doc>
<status status="PASS" start="2024-05-30T15:15:59.377039" elapsed="0.000201"/>
</kw>
<kw name="Should Be Equal As Numbers" owner="BuiltIn">
<arg>${json_data['results'][0]['location']['postcode']}</arg>
<arg>${json_data['results'][0]['location']['postcode']}</arg>
<doc>Fails if objects are unequal after converting them to real numbers.</doc>
<status status="PASS" start="2024-05-30T15:15:59.377531" elapsed="0.000624"/>
</kw>
<kw name="Log" owner="BuiltIn">
<msg time="2024-05-30T15:15:59.378777" level="INFO">26319</msg>
<arg>${json_data['results'][0]['location']['postcode']}</arg>
<doc>Logs the given message with the given level.</doc>
<status status="PASS" start="2024-05-30T15:15:59.378435" elapsed="0.000383"/>
</kw>
<status status="PASS" start="2024-05-30T15:15:59.269213" elapsed="0.109852"/>
</kw>
<doc>Testa se os tipos de dados na resposta da API estão corretos.</doc>
<tag>testeTiposDados</tag>
<status status="PASS" start="2024-05-30T15:15:59.180902" elapsed="0.198321"/>
</test>
<test id="s1-s1-t5" name="Validar conteudo" line="35">
<kw name="Teste de Tipos de Conteudo" owner="random-user-service">
<kw name="GET On Session" owner="RequestsLibrary">
<msg time="2024-05-30T15:15:59.542854" level="INFO">GET Request : url=https://randomuser.me/api 
 path_url=/api 
 headers={'User-Agent': 'python-requests/2.32.3', 'Accept-Encoding': 'gzip, deflate', 'Accept': '*/*', 'Connection': 'keep-alive'} 
 body=None 
 </msg>
<msg time="2024-05-30T15:15:59.542931" level="INFO">GET Response : url=https://randomuser.me/api 
 status=200, reason=OK 
 headers={'Date': 'Thu, 30 May 2024 15:15:59 GMT', 'Content-Type': 'application/json; charset=utf-8', 'Transfer-Encoding': 'chunked', 'Connection': 'keep-alive', 'X-Powered-By': 'Express', 'Access-Control-Allow-Origin': '*', 'Cache-Control': 'no-cache', 'ETag': 'W/"46c-QxiNmPEu74XH6SQjql2OCLtexnM"', 'Vary': 'Accept-Encoding', 'Content-Encoding': 'gzip', 'CF-Cache-Status': 'DYNAMIC', 'Report-To': '{"endpoints":[{"url":"https:\\/\\/a.nel.cloudflare.com\\/report\\/v4?s=DL2gQp2v6ID0Eon5uKmcQXAG8e6aJD4VuQzN8NEBohwjwyU0aMyaq%2BlC3OVGfcUaBcKauJqUUzMXb77Zj6qhZsQXG2x3cH1uinjERdtEPPrOOz2Gthso6zcYMGk%2FvIs3"}],"group":"cf-nel","max_age":604800}', 'NEL': '{"success_fraction":0,"report_to":"cf-nel","max_age":604800}', 'Server': 'cloudflare', 'CF-RAY': '88bfaec82ad86ff5-IAD', 'alt-svc': 'h3=":443"; ma=86400'} 
 body={"results":[{"gender":"male","name":{"title":"Mr","first":"Kalpit","last":"Bharanya"},"location":{"street":{"number":2135,"name":"Sitabuldi Main Rd"},"city":"Amritsar","state":"Kerala","country":"India","postcode":25392,"coordinates":{"latitude":"10.3884","longitude":"-9.0283"},"timezone":{"offset":"+4:30","description":"Kabul"}},"email":"kalpit.bharanya@example.com","login":{"uuid":"82a3e082-c1c2-4c67-9fb5-75bcb1442bdf","username":"sadfrog526","password":"willy1","salt":"WeXiYyE1","md5":"48c4b858aa4b3c020b8ca11b3eb8f94d","sha1":"319db9ef72435f0c672b96afe60c0aa28f7456b1","sha256":"fea5e2108b9df097ce1a7397bab110cbd02a09c7d07a177d9dab2f516643b84a"},"dob":{"date":"1965-07-19T16:27:41.800Z","age":58},"registered":{"date":"2016-09-08T13:49:26.104Z","age":7},"phone":"9022178977","cell":"9530785500","id":{"name":"UIDAI","value":"511376450450"},"picture":{"large":"https://randomuser.me/api/portraits/men/80.jpg","medium":"https://randomuser.me/api/portraits/med/men/80.jpg","thumbnail":"https://randomuser.me/api/portraits/thumb/men/80.jpg"},"nat":"IN"}],"info":{"seed":"691ffcc3bdad0da7","results":1,"page":1,"version":"1.4"}} 
 </msg>
<msg time="2024-05-30T15:15:59.542996" level="INFO">/opt/hostedtoolcache/Python/3.12.3/x64/lib/python3.12/site-packages/urllib3/connectionpool.py:1103: InsecureRequestWarning: Unverified HTTPS request is being made to host 'randomuser.me'. Adding certificate verification is strongly advised. See: https://urllib3.readthedocs.io/en/latest/advanced-usage.html#tls-warnings
  warnings.warn(</msg>
<msg time="2024-05-30T15:15:59.543109" level="INFO">${response} = &lt;Response [200]&gt;</msg>
<var>${response}</var>
<arg>consultarAPI</arg>
<arg>/api</arg>
<doc>Sends a GET request on a previously created HTTP Session.</doc>
<status status="PASS" start="2024-05-30T15:15:59.381611" elapsed="0.161539"/>
</kw>
<kw name="Set Variable" owner="BuiltIn">
<msg time="2024-05-30T15:15:59.544007" level="INFO">${json_data} = {'results': [{'gender': 'male', 'name': {'title': 'Mr', 'first': 'Kalpit', 'last': 'Bharanya'}, 'location': {'street': {'number': 2135, 'name': 'Sitabuldi Main Rd'}, 'city': 'Amritsar', 'state': 'Kera...</msg>
<var>${json_data}</var>
<arg>${response.json()}</arg>
<doc>Returns the given values which can then be assigned to a variables.</doc>
<status status="PASS" start="2024-05-30T15:15:59.543569" elapsed="0.000468"/>
</kw>
<kw name="Set Variable" owner="BuiltIn">
<msg time="2024-05-30T15:15:59.544772" level="INFO">${name_title} = Mr</msg>
<var>${name_title}</var>
<arg>${json_data["results"][0]["name"]["title"]}</arg>
<doc>Returns the given values which can then be assigned to a variables.</doc>
<status status="PASS" start="2024-05-30T15:15:59.544343" elapsed="0.000454"/>
</kw>
<kw name="Create List" owner="BuiltIn">
<msg time="2024-05-30T15:15:59.545240" level="INFO">${allowed_titles} = ['Mr', 'Ms', 'Miss', 'Mrs', 'Madame', 'Monsieur']</msg>
<var>${allowed_titles}</var>
<arg>Mr</arg>
<arg>Ms</arg>
<arg>Miss</arg>
<arg>Mrs</arg>
<arg>Madame</arg>
<arg>Monsieur</arg>
<doc>Returns a list containing given items.</doc>
<status status="PASS" start="2024-05-30T15:15:59.545092" elapsed="0.000172"/>
</kw>
<kw name="List Should Contain Value" owner="Collections">
<msg time="2024-05-30T15:15:59.545732" level="INFO">False</msg>
<arg>${allowed_titles}</arg>
<arg>${name_title}</arg>
<doc>Fails if the ``value`` is not found from ``list``.</doc>
<status status="PASS" start="2024-05-30T15:15:59.545561" elapsed="0.000207"/>
</kw>
<kw name="Set Variable" owner="BuiltIn">
<msg time="2024-05-30T15:15:59.546568" level="INFO">${name_country} = IN</msg>
<var>${name_country}</var>
<arg>${json_data["results"][0]["nat"]}</arg>
<doc>Returns the given values which can then be assigned to a variables.</doc>
<status status="PASS" start="2024-05-30T15:15:59.546059" elapsed="0.000538"/>
</kw>
<kw name="Create List" owner="BuiltIn">
<msg time="2024-05-30T15:15:59.547514" level="INFO">${list_country} = ['AD', 'AE', 'AF', 'AG', 'AI', 'AL', 'AM', 'AO', 'AQ', 'AR', 'AS', 'AT', 'AU', 'AW', 'AX', 'AZ', 'BA', 'BB', 'BD', 'BE', 'BF', 'BG', 'BH', 'BI', 'BJ', 'BL', 'BM', 'BN', 'BO', 'BQ', 'BR', 'BS', 'BT', '...</msg>
<var>${list_country}</var>
<arg>AD</arg>
<arg>AE</arg>
<arg>AF</arg>
<arg>AG</arg>
<arg>AI</arg>
<arg>AL</arg>
<arg>AM</arg>
<arg>AO</arg>
<arg>AQ</arg>
<arg>AR</arg>
<arg>AS</arg>
<arg>AT</arg>
<arg>AU</arg>
<arg>AW</arg>
<arg>AX</arg>
<arg>AZ</arg>
<arg>BA</arg>
<arg>BB</arg>
<arg>BD</arg>
<arg>BE</arg>
<arg>BF</arg>
<arg>BG</arg>
<arg>BH</arg>
<arg>BI</arg>
<arg>BJ</arg>
<arg>BL</arg>
<arg>BM</arg>
<arg>BN</arg>
<arg>BO</arg>
<arg>BQ</arg>
<arg>BR</arg>
<arg>BS</arg>
<arg>BT</arg>
<arg>BV</arg>
<arg>BW</arg>
<arg>BY</arg>
<arg>BZ</arg>
<arg>CA</arg>
<arg>CC</arg>
<arg>CD</arg>
<arg>CF</arg>
<arg>CG</arg>
<arg>CH</arg>
<arg>CI</arg>
<arg>CK</arg>
<arg>CL</arg>
<arg>CM</arg>
<arg>CN</arg>
<arg>CO</arg>
<arg>CR</arg>
<arg>CU</arg>
<arg>CV</arg>
<arg>CW</arg>
<arg>CX</arg>
<arg>CY</arg>
<arg>CZ</arg>
<arg>DE</arg>
<arg>DJ</arg>
<arg>DK</arg>
<arg>DM</arg>
<arg>DO</arg>
<arg>DZ</arg>
<arg>EC</arg>
<arg>EE</arg>
<arg>EG</arg>
<arg>EH</arg>
<arg>ER</arg>
<arg>ES</arg>
<arg>ET</arg>
<arg>FI</arg>
<arg>FJ</arg>
<arg>FK</arg>
<arg>FM</arg>
<arg>FO</arg>
<arg>FR</arg>
<arg>GA</arg>
<arg>GB</arg>
<arg>GD</arg>
<arg>GE</arg>
<arg>GF</arg>
<arg>GG</arg>
<arg>GH</arg>
<arg>GI</arg>
<arg>GL</arg>
<arg>GM</arg>
<arg>GN</arg>
<arg>GP</arg>
<arg>GQ</arg>
<arg>GR</arg>
<arg>GS</arg>
<arg>GT</arg>
<arg>GU</arg>
<arg>GW</arg>
<arg>GY</arg>
<arg>HK</arg>
<arg>HM</arg>
<arg>HN</arg>
<arg>HR</arg>
<arg>HT</arg>
<arg>HU</arg>
<arg>ID</arg>
<arg>IE</arg>
<arg>IL</arg>
<arg>IM</arg>
<arg>IN</arg>
<arg>IO</arg>
<arg>IQ</arg>
<arg>IR</arg>
<arg>IS</arg>
<arg>IT</arg>
<arg>JE</arg>
<arg>JM</arg>
<arg>JO</arg>
<arg>JP</arg>
<arg>KE</arg>
<arg>KG</arg>
<arg>KH</arg>
<arg>KI</arg>
<arg>KM</arg>
<arg>KN</arg>
<arg>KP</arg>
<arg>KR</arg>
<arg>KW</arg>
<arg>KY</arg>
<arg>KZ</arg>
<arg>LA</arg>
<arg>LB</arg>
<arg>LC</arg>
<arg>LI</arg>
<arg>LK</arg>
<arg>LR</arg>
<arg>LS</arg>
<arg>LT</arg>
<arg>LU</arg>
<arg>LV</arg>
<arg>LY</arg>
<arg>MA</arg>
<arg>MC</arg>
<arg>MD</arg>
<arg>ME</arg>
<arg>MF</arg>
<arg>MG</arg>
<arg>MH</arg>
<arg>MK</arg>
<arg>ML</arg>
<arg>MM</arg>
<arg>MN</arg>
<arg>MO</arg>
<arg>MP</arg>
<arg>MQ</arg>
<arg>MR</arg>
<arg>MS</arg>
<arg>MT</arg>
<arg>MU</arg>
<arg>MV</arg>
<arg>MW</arg>
<arg>MX</arg>
<arg>MY</arg>
<arg>MZ</arg>
<arg>NA</arg>
<arg>NC</arg>
<arg>NE</arg>
<arg>NF</arg>
<arg>NG</arg>
<arg>NI</arg>
<arg>NL</arg>
<arg>NO</arg>
<arg>NP</arg>
<arg>NR</arg>
<arg>NU</arg>
<arg>NZ</arg>
<arg>OM</arg>
<arg>PA</arg>
<arg>PE</arg>
<arg>PF</arg>
<arg>PG</arg>
<arg>PH</arg>
<arg>PK</arg>
<arg>PL</arg>
<arg>PM</arg>
<arg>PN</arg>
<arg>PR</arg>
<arg>PS</arg>
<arg>PT</arg>
<arg>PW</arg>
<arg>PY</arg>
<arg>QA</arg>
<arg>RE</arg>
<arg>RO</arg>
<arg>RS</arg>
<arg>RU</arg>
<arg>RW</arg>
<arg>SA</arg>
<arg>SB</arg>
<arg>SC</arg>
<arg>SD</arg>
<arg>SE</arg>
<arg>SG</arg>
<arg>SH</arg>
<arg>SI</arg>
<arg>SJ</arg>
<arg>SK</arg>
<arg>SL</arg>
<arg>SM</arg>
<arg>SN</arg>
<arg>SO</arg>
<arg>SR</arg>
<arg>SS</arg>
<arg>ST</arg>
<arg>SV</arg>
<arg>SX</arg>
<arg>SY</arg>
<arg>SZ</arg>
<arg>TC</arg>
<arg>TD</arg>
<arg>TF</arg>
<arg>TG</arg>
<arg>TH</arg>
<arg>TJ</arg>
<arg>TK</arg>
<arg>TL</arg>
<arg>TM</arg>
<arg>TN</arg>
<arg>TO</arg>
<arg>TR</arg>
<arg>TT</arg>
<arg>TV</arg>
<arg>TW</arg>
<arg>TZ</arg>
<arg>UA</arg>
<arg>UG</arg>
<arg>UM</arg>
<arg>US</arg>
<arg>UY</arg>
<arg>UZ</arg>
<arg>VA</arg>
<arg>VC</arg>
<arg>VE</arg>
<arg>VG</arg>
<arg>VI</arg>
<arg>VN</arg>
<arg>VU</arg>
<arg>WF</arg>
<arg>WS</arg>
<arg>XK</arg>
<arg>YE</arg>
<arg>YT</arg>
<arg>ZA</arg>
<arg>ZM</arg>
<arg>ZW</arg>
<doc>Returns a list containing given items.</doc>
<status status="PASS" start="2024-05-30T15:15:59.546919" elapsed="0.000620"/>
</kw>
<kw name="List Should Contain Value" owner="Collections">
<msg time="2024-05-30T15:15:59.548520" level="INFO">False</msg>
<arg>${list_country}</arg>
<arg>${name_country}</arg>
<doc>Fails if the ``value`` is not found from ``list``.</doc>
<status status="PASS" start="2024-05-30T15:15:59.548320" elapsed="0.000234"/>
</kw>
<kw name="Run Keyword If" owner="BuiltIn">
<kw name="Should Be True" owner="BuiltIn">
<arg>${True}</arg>
<doc>Fails if the given condition is not true.</doc>
<status status="PASS" start="2024-05-30T15:15:59.549629" elapsed="0.000141"/>
</kw>
<arg>${json_data["results"][0]["location"]["coordinates"]["latitude"]} &gt;= -90 and ${json_data["results"][0]["location"]["coordinates"]["latitude"]} &lt;= 90</arg>
<arg>Should Be True</arg>
<arg>${True}</arg>
<doc>Runs the given keyword with the given arguments, if ``condition`` is true.</doc>
<status status="PASS" start="2024-05-30T15:15:59.548896" elapsed="0.000999"/>
</kw>
<kw name="Run Keyword If" owner="BuiltIn">
<kw name="Should Be True" owner="BuiltIn">
<arg>${True}</arg>
<doc>Fails if the given condition is not true.</doc>
<status status="PASS" start="2024-05-30T15:15:59.550757" elapsed="0.000134"/>
</kw>
<arg>${json_data["results"][0]["location"]["coordinates"]["longitude"]} &gt;= -180 and ${json_data["results"][0]["location"]["coordinates"]["longitude"]} &lt;= 180</arg>
<arg>Should Be True</arg>
<arg>${True}</arg>
<doc>Runs the given keyword with the given arguments, if ``condition`` is true.</doc>
<status status="PASS" start="2024-05-30T15:15:59.550076" elapsed="0.000936"/>
</kw>
<status status="PASS" start="2024-05-30T15:15:59.381389" elapsed="0.169746"/>
</kw>
<doc>Testa o conteúdo específico dos campos retornados pela API.</doc>
<tag>testeConteudo</tag>
<status status="PASS" start="2024-05-30T15:15:59.380953" elapsed="0.170321"/>
</test>
<status status="PASS" start="2024-05-30T15:15:58.654184" elapsed="0.898994"/>
</suite>
<status status="PASS" start="2024-05-30T15:15:58.640919" elapsed="0.917284"/>
</suite>
<statistics>
<total>
<stat pass="5" fail="0" skip="0">All Tests</stat>
</total>
<tag>
<stat pass="1" fail="0" skip="0">testeConteudo</stat>
<stat pass="1" fail="0" skip="0">testeEstruturaResposta</stat>
<stat pass="1" fail="0" skip="0">testeRequisicaoBasica</stat>
<stat pass="1" fail="0" skip="0">testeTiposDados</stat>
</tag>
<suite>
<stat pass="5" fail="0" skip="0" id="s1" name="Tests">Tests</stat>
<stat pass="5" fail="0" skip="0" id="s1-s1" name="Random-User-Test">Tests.Random-User-Test</stat>
</suite>
</statistics>
<errors>
</errors>
</robot>
