<?xml version="1.0" encoding="UTF-8"?>
<robot generator="Robot 7.0.1 (Python 3.12.4 on linux)" generated="2024-07-31T21:15:51.965113" rpa="false" schemaversion="5">
<suite id="s1" name="Tests" source="/home/runner/work/ApiRandomUser/ApiRandomUser/RamdonUser/tests">
<suite id="s1-s1" name="Random-User-Test" source="/home/runner/work/ApiRandomUser/ApiRandomUser/RamdonUser/tests/random-user-test.robot">
<test id="s1-s1-t1" name="Conectar" line="13">
<kw name="Conectar API" owner="random-user-service">
<kw name="Create Session" owner="RequestsLibrary">
<msg time="2024-07-31T21:15:52.488682" level="INFO">Creating Session using : alias=consultarAPI, url=https://randomuser.me/, headers={},                     cookies={}, auth=None, timeout=None, proxies=None, verify=False,                     debug=0 </msg>
<arg>consultarAPI</arg>
<arg>${URL}</arg>
<doc>Create Session: create a HTTP session to a server</doc>
<status status="PASS" start="2024-07-31T21:15:52.488478" elapsed="0.000393"/>
</kw>
<status status="PASS" start="2024-07-31T21:15:52.487420" elapsed="0.001843"/>
</kw>
<status status="PASS" start="2024-07-31T21:15:52.486841" elapsed="0.002627"/>
</test>
<test id="s1-s1-t2" name="Validar retorno 200 e JSON Válido" line="16">
<kw name="Teste de Requisicao Basica" owner="random-user-service">
<kw name="GET On Session" owner="RequestsLibrary">
<msg time="2024-07-31T21:15:52.987590" level="INFO">GET Request : url=https://randomuser.me/api 
 path_url=/api 
 headers={'User-Agent': 'python-requests/2.32.3', 'Accept-Encoding': 'gzip, deflate', 'Accept': '*/*', 'Connection': 'keep-alive'} 
 body=None 
 </msg>
<msg time="2024-07-31T21:15:52.987741" level="INFO">GET Response : url=https://randomuser.me/api 
 status=200, reason=OK 
 headers={'Date': 'Wed, 31 Jul 2024 21:15:52 GMT', 'Content-Type': 'application/json; charset=utf-8', 'Transfer-Encoding': 'chunked', 'Connection': 'keep-alive', 'X-Powered-By': 'Express', 'Access-Control-Allow-Origin': '*', 'Cache-Control': 'no-cache', 'ETag': 'W/"4a2-zQ6ql+/kF3us7W92yXFtgX84rs4"', 'Vary': 'Accept-Encoding', 'Content-Encoding': 'gzip', 'CF-Cache-Status': 'DYNAMIC', 'Report-To': '{"endpoints":[{"url":"https:\\/\\/a.nel.cloudflare.com\\/report\\/v4?s=dA6CGjiQiqdy1I5chigyUV51Bv86TbfIhfzldVQoZYCfLX0m0ZyrflfxK2%2B1fR9wCaMfYn9gl3XcJGDSIY7zfTNIE%2Ffmn%2F%2FwgtddwArHFPktSNp1KRkCBh9CgWvCHZNE"}],"group":"cf-nel","max_age":604800}', 'NEL': '{"success_fraction":0,"report_to":"cf-nel","max_age":604800}', 'Server': 'cloudflare', 'CF-RAY': '8ac09b35ef5f3894-IAD', 'alt-svc': 'h3=":443"; ma=86400'} 
 body={"results":[{"gender":"male","name":{"title":"Mr","first":"Ron","last":"Powell"},"location":{"street":{"number":9165,"name":"Brown Terrace"},"city":"Coffs Harbour","state":"Australian Capital Territory","country":"Australia","postcode":537,"coordinates":{"latitude":"-84.1083","longitude":"-96.0845"},"timezone":{"offset":"+10:00","description":"Eastern Australia, Guam, Vladivostok"}},"email":"ron.powell@example.com","login":{"uuid":"dbfe0411-1ca4-4c37-899e-54c70f1fc913","username":"organictiger407","password":"minerva","salt":"eWOsUoEq","md5":"16c8cd3734a9da70394a5fff2835dfc5","sha1":"ba0f34651587bd7e0a2ed2ff2fa8213adc46e73a","sha256":"143f4aba34f19a70c0960f5746b13278580cd7f790c846d7bf23fc656125a695"},"dob":{"date":"1961-06-06T21:24:16.252Z","age":63},"registered":{"date":"2017-11-23T16:58:31.657Z","age":6},"phone":"00-9198-6025","cell":"0407-507-770","id":{"name":"TFN","value":"431782253"},"picture":{"large":"https://randomuser.me/api/portraits/men/48.jpg","medium":"https://randomuser.me/api/portraits/med/men/48.jpg","thumbnail":"https://randomuser.me/api/portraits/thumb/men/48.jpg"},"nat":"AU"}],"info":{"seed":"55e117cc38bcabf5","results":1,"page":1,"version":"1.4"}} 
 </msg>
<msg time="2024-07-31T21:15:52.987824" level="INFO">/opt/hostedtoolcache/Python/3.12.4/x64/lib/python3.12/site-packages/urllib3/connectionpool.py:1099: InsecureRequestWarning: Unverified HTTPS request is being made to host 'randomuser.me'. Adding certificate verification is strongly advised. See: https://urllib3.readthedocs.io/en/latest/advanced-usage.html#tls-warnings
  warnings.warn(</msg>
<msg time="2024-07-31T21:15:52.987972" level="INFO">${response} = &lt;Response [200]&gt;</msg>
<var>${response}</var>
<arg>consultarAPI</arg>
<arg>/api</arg>
<doc>Sends a GET request on a previously created HTTP Session.</doc>
<status status="PASS" start="2024-07-31T21:15:52.492041" elapsed="0.495975"/>
</kw>
<kw name="Should Be Equal As Numbers" owner="BuiltIn">
<msg time="2024-07-31T21:15:52.989216" level="INFO">Argument types are:
&lt;class 'int'&gt;
&lt;class 'str'&gt;</msg>
<arg>${response.status_code}</arg>
<arg>200</arg>
<doc>Fails if objects are unequal after converting them to real numbers.</doc>
<status status="PASS" start="2024-07-31T21:15:52.988673" elapsed="0.000610"/>
</kw>
<kw name="Log" owner="BuiltIn">
<msg time="2024-07-31T21:15:52.989957" level="INFO">200</msg>
<arg>${response.status_code}</arg>
<doc>Logs the given message with the given level.</doc>
<status status="PASS" start="2024-07-31T21:15:52.989602" elapsed="0.000397"/>
</kw>
<kw name="Set Variable" owner="BuiltIn">
<msg time="2024-07-31T21:15:52.990738" level="INFO">${json_data} = {'results': [{'gender': 'male', 'name': {'title': 'Mr', 'first': 'Ron', 'last': 'Powell'}, 'location': {'street': {'number': 9165, 'name': 'Brown Terrace'}, 'city': 'Coffs Harbour', 'state': 'Australi...</msg>
<var>${json_data}</var>
<arg>${response.json()}</arg>
<doc>Returns the given values which can then be assigned to a variables.</doc>
<status status="PASS" start="2024-07-31T21:15:52.990306" elapsed="0.000461"/>
</kw>
<kw name="Dictionary Should Contain Key" owner="Collections">
<arg>${json_data}</arg>
<arg>results</arg>
<doc>Fails if ``key`` is not found from ``dictionary``.</doc>
<status status="PASS" start="2024-07-31T21:15:52.991067" elapsed="0.000328"/>
</kw>
<status status="PASS" start="2024-07-31T21:15:52.491792" elapsed="0.499758"/>
</kw>
<doc>Testa se a API responde corretamente e retorna um objeto JSON válido.</doc>
<tag>testeRequisicaoBasica</tag>
<status status="PASS" start="2024-07-31T21:15:52.491319" elapsed="0.500403"/>
</test>
<test id="s1-s1-t3" name="Validar estrutura de resposta" line="22">
<kw name="Teste de Estrutura de Resposta" owner="random-user-service">
<kw name="GET On Session" owner="RequestsLibrary">
<msg time="2024-07-31T21:15:53.180171" level="INFO">GET Request : url=https://randomuser.me/api 
 path_url=/api 
 headers={'User-Agent': 'python-requests/2.32.3', 'Accept-Encoding': 'gzip, deflate', 'Accept': '*/*', 'Connection': 'keep-alive'} 
 body=None 
 </msg>
<msg time="2024-07-31T21:15:53.180283" level="INFO">GET Response : url=https://randomuser.me/api 
 status=200, reason=OK 
 headers={'Date': 'Wed, 31 Jul 2024 21:15:53 GMT', 'Content-Type': 'application/json; charset=utf-8', 'Transfer-Encoding': 'chunked', 'Connection': 'keep-alive', 'X-Powered-By': 'Express', 'Access-Control-Allow-Origin': '*', 'Cache-Control': 'no-cache', 'ETag': 'W/"49e-kzGYl8GDBijGHTbYe9ECzpO2Y8k"', 'Vary': 'Accept-Encoding', 'Content-Encoding': 'gzip', 'CF-Cache-Status': 'DYNAMIC', 'Report-To': '{"endpoints":[{"url":"https:\\/\\/a.nel.cloudflare.com\\/report\\/v4?s=%2FroszCGIFapH4tUFKBeqtKdB2fHYrNGm66RrmKC%2BSwncv7VCuBSsgvtWVg8dIS6gXbZIwgmVk6OzhblCIVt%2FK4wzZIulA%2BZy0%2FLUJN8x6AAcDT51At%2BV%2F%2BrfbNuOu4GI"}],"group":"cf-nel","max_age":604800}', 'NEL': '{"success_fraction":0,"report_to":"cf-nel","max_age":604800}', 'Server': 'cloudflare', 'CF-RAY': '8ac09b383abf3894-IAD', 'alt-svc': 'h3=":443"; ma=86400'} 
 body={"results":[{"gender":"male","name":{"title":"Mr","first":"Paul","last":"Rothe"},"location":{"street":{"number":7240,"name":"Mittelweg"},"city":"Lambrecht (Pfalz)","state":"Niedersachsen","country":"Germany","postcode":57834,"coordinates":{"latitude":"-51.2990","longitude":"-12.4958"},"timezone":{"offset":"+5:00","description":"Ekaterinburg, Islamabad, Karachi, Tashkent"}},"email":"paul.rothe@example.com","login":{"uuid":"cbaba788-fc21-466d-b684-695222423052","username":"orangefish476","password":"grandpa","salt":"7WjhyAZ0","md5":"3de24655b037e224f82f72641bc6cd18","sha1":"6815187ad49010f4ecc62cb654d14092959eae3c","sha256":"518e918e485eac28a507178ad15e33e6bc49f1e0bd7ea9564d0690cc57e37cc4"},"dob":{"date":"1977-06-09T03:36:25.669Z","age":47},"registered":{"date":"2009-04-03T00:39:01.238Z","age":15},"phone":"0112-1203167","cell":"0179-3756011","id":{"name":"SVNR","value":"81 080677 R 010"},"picture":{"large":"https://randomuser.me/api/portraits/men/12.jpg","medium":"https://randomuser.me/api/portraits/med/men/12.jpg","thumbnail":"https://randomuser.me/api/portraits/thumb/men/12.jpg"},"nat":"DE"}],"info":{"seed":"ff9c2e6a6d4287dc","results":1,"page":1,"version":"1.4"}} 
 </msg>
<msg time="2024-07-31T21:15:53.180437" level="INFO">/opt/hostedtoolcache/Python/3.12.4/x64/lib/python3.12/site-packages/urllib3/connectionpool.py:1099: InsecureRequestWarning: Unverified HTTPS request is being made to host 'randomuser.me'. Adding certificate verification is strongly advised. See: https://urllib3.readthedocs.io/en/latest/advanced-usage.html#tls-warnings
  warnings.warn(</msg>
<msg time="2024-07-31T21:15:53.180588" level="INFO">${response} = &lt;Response [200]&gt;</msg>
<var>${response}</var>
<arg>consultarAPI</arg>
<arg>/api</arg>
<doc>Sends a GET request on a previously created HTTP Session.</doc>
<status status="PASS" start="2024-07-31T21:15:52.994429" elapsed="0.186203"/>
</kw>
<kw name="Set Variable" owner="BuiltIn">
<msg time="2024-07-31T21:15:53.181856" level="INFO">${json_data} = {'results': [{'gender': 'male', 'name': {'title': 'Mr', 'first': 'Paul', 'last': 'Rothe'}, 'location': {'street': {'number': 7240, 'name': 'Mittelweg'}, 'city': 'Lambrecht (Pfalz)', 'state': 'Niedersa...</msg>
<var>${json_data}</var>
<arg>${response.json()}</arg>
<doc>Returns the given values which can then be assigned to a variables.</doc>
<status status="PASS" start="2024-07-31T21:15:53.181286" elapsed="0.000599"/>
</kw>
<kw name="Log" owner="BuiltIn">
<msg time="2024-07-31T21:15:53.182363" level="INFO">{'results': [{'gender': 'male', 'name': {'title': 'Mr', 'first': 'Paul', 'last': 'Rothe'}, 'location': {'street': {'number': 7240, 'name': 'Mittelweg'}, 'city': 'Lambrecht (Pfalz)', 'state': 'Niedersachsen', 'country': 'Germany', 'postcode': 57834, 'coordinates': {'latitude': '-51.2990', 'longitude': '-12.4958'}, 'timezone': {'offset': '+5:00', 'description': 'Ekaterinburg, Islamabad, Karachi, Tashkent'}}, 'email': 'paul.rothe@example.com', 'login': {'uuid': 'cbaba788-fc21-466d-b684-695222423052', 'username': 'orangefish476', 'password': 'grandpa', 'salt': '7WjhyAZ0', 'md5': '3de24655b037e224f82f72641bc6cd18', 'sha1': '6815187ad49010f4ecc62cb654d14092959eae3c', 'sha256': '518e918e485eac28a507178ad15e33e6bc49f1e0bd7ea9564d0690cc57e37cc4'}, 'dob': {'date': '1977-06-09T03:36:25.669Z', 'age': 47}, 'registered': {'date': '2009-04-03T00:39:01.238Z', 'age': 15}, 'phone': '0112-1203167', 'cell': '0179-3756011', 'id': {'name': 'SVNR', 'value': '81 080677 R 010'}, 'picture': {'large': 'https://randomuser.me/api/portraits/men/12.jpg', 'medium': 'https://randomuser.me/api/portraits/med/men/12.jpg', 'thumbnail': 'https://randomuser.me/api/portraits/thumb/men/12.jpg'}, 'nat': 'DE'}], 'info': {'seed': 'ff9c2e6a6d4287dc', 'results': 1, 'page': 1, 'version': '1.4'}}</msg>
<arg>${json_data}</arg>
<doc>Logs the given message with the given level.</doc>
<status status="PASS" start="2024-07-31T21:15:53.182196" elapsed="0.000216"/>
</kw>
<kw name="Dictionary Should Contain Key" owner="Collections">
<arg>${json_data}</arg>
<arg>results</arg>
<doc>Fails if ``key`` is not found from ``dictionary``.</doc>
<status status="PASS" start="2024-07-31T21:15:53.182706" elapsed="0.000164"/>
</kw>
<kw name="Should Not Be Empty" owner="BuiltIn">
<msg time="2024-07-31T21:15:53.183185" level="INFO">Length is 2.</msg>
<arg>${json_data}</arg>
<doc>Verifies that the given item is not empty.</doc>
<status status="PASS" start="2024-07-31T21:15:53.183055" elapsed="0.000167"/>
</kw>
<kw name="Create List" owner="BuiltIn">
<msg time="2024-07-31T21:15:53.183654" level="INFO">${expected_keys} = ['gender', 'name', 'location', 'email', 'login']</msg>
<var>${expected_keys}</var>
<arg>gender</arg>
<arg>name</arg>
<arg>location</arg>
<arg>email</arg>
<arg>login</arg>
<doc>Returns a list containing given items.</doc>
<status status="PASS" start="2024-07-31T21:15:53.183503" elapsed="0.000175"/>
</kw>
<for flavor="IN">
<iter>
<kw name="Dictionary Should Contain Key" owner="Collections">
<arg>${json_data['results'][0]}</arg>
<arg>${key}</arg>
<doc>Fails if ``key`` is not found from ``dictionary``.</doc>
<status status="PASS" start="2024-07-31T21:15:53.184258" elapsed="0.000400"/>
</kw>
<kw name="Log" owner="BuiltIn">
<msg time="2024-07-31T21:15:53.185235" level="INFO">{'gender': 'male', 'name': {'title': 'Mr', 'first': 'Paul', 'last': 'Rothe'}, 'location': {'street': {'number': 7240, 'name': 'Mittelweg'}, 'city': 'Lambrecht (Pfalz)', 'state': 'Niedersachsen', 'country': 'Germany', 'postcode': 57834, 'coordinates': {'latitude': '-51.2990', 'longitude': '-12.4958'}, 'timezone': {'offset': '+5:00', 'description': 'Ekaterinburg, Islamabad, Karachi, Tashkent'}}, 'email': 'paul.rothe@example.com', 'login': {'uuid': 'cbaba788-fc21-466d-b684-695222423052', 'username': 'orangefish476', 'password': 'grandpa', 'salt': '7WjhyAZ0', 'md5': '3de24655b037e224f82f72641bc6cd18', 'sha1': '6815187ad49010f4ecc62cb654d14092959eae3c', 'sha256': '518e918e485eac28a507178ad15e33e6bc49f1e0bd7ea9564d0690cc57e37cc4'}, 'dob': {'date': '1977-06-09T03:36:25.669Z', 'age': 47}, 'registered': {'date': '2009-04-03T00:39:01.238Z', 'age': 15}, 'phone': '0112-1203167', 'cell': '0179-3756011', 'id': {'name': 'SVNR', 'value': '81 080677 R 010'}, 'picture': {'large': 'https://randomuser.me/api/portraits/men/12.jpg', 'medium': 'https://randomuser.me/api/portraits/med/men/12.jpg', 'thumbnail': 'https://randomuser.me/api/portraits/thumb/men/12.jpg'}, 'nat': 'DE'}</msg>
<arg>${json_data['results'][0]}</arg>
<doc>Logs the given message with the given level.</doc>
<status status="PASS" start="2024-07-31T21:15:53.184843" elapsed="0.000442"/>
</kw>
<kw name="Log" owner="BuiltIn">
<msg time="2024-07-31T21:15:53.185716" level="INFO">gender</msg>
<arg>${key}</arg>
<doc>Logs the given message with the given level.</doc>
<status status="PASS" start="2024-07-31T21:15:53.185587" elapsed="0.000167"/>
</kw>
<var name="${key}">gender</var>
<status status="PASS" start="2024-07-31T21:15:53.184130" elapsed="0.001839"/>
</iter>
<iter>
<kw name="Dictionary Should Contain Key" owner="Collections">
<arg>${json_data['results'][0]}</arg>
<arg>${key}</arg>
<doc>Fails if ``key`` is not found from ``dictionary``.</doc>
<status status="PASS" start="2024-07-31T21:15:53.186262" elapsed="0.000380"/>
</kw>
<kw name="Log" owner="BuiltIn">
<msg time="2024-07-31T21:15:53.187212" level="INFO">{'gender': 'male', 'name': {'title': 'Mr', 'first': 'Paul', 'last': 'Rothe'}, 'location': {'street': {'number': 7240, 'name': 'Mittelweg'}, 'city': 'Lambrecht (Pfalz)', 'state': 'Niedersachsen', 'country': 'Germany', 'postcode': 57834, 'coordinates': {'latitude': '-51.2990', 'longitude': '-12.4958'}, 'timezone': {'offset': '+5:00', 'description': 'Ekaterinburg, Islamabad, Karachi, Tashkent'}}, 'email': 'paul.rothe@example.com', 'login': {'uuid': 'cbaba788-fc21-466d-b684-695222423052', 'username': 'orangefish476', 'password': 'grandpa', 'salt': '7WjhyAZ0', 'md5': '3de24655b037e224f82f72641bc6cd18', 'sha1': '6815187ad49010f4ecc62cb654d14092959eae3c', 'sha256': '518e918e485eac28a507178ad15e33e6bc49f1e0bd7ea9564d0690cc57e37cc4'}, 'dob': {'date': '1977-06-09T03:36:25.669Z', 'age': 47}, 'registered': {'date': '2009-04-03T00:39:01.238Z', 'age': 15}, 'phone': '0112-1203167', 'cell': '0179-3756011', 'id': {'name': 'SVNR', 'value': '81 080677 R 010'}, 'picture': {'large': 'https://randomuser.me/api/portraits/men/12.jpg', 'medium': 'https://randomuser.me/api/portraits/med/men/12.jpg', 'thumbnail': 'https://randomuser.me/api/portraits/thumb/men/12.jpg'}, 'nat': 'DE'}</msg>
<arg>${json_data['results'][0]}</arg>
<doc>Logs the given message with the given level.</doc>
<status status="PASS" start="2024-07-31T21:15:53.186822" elapsed="0.000439"/>
</kw>
<kw name="Log" owner="BuiltIn">
<msg time="2024-07-31T21:15:53.187711" level="INFO">name</msg>
<arg>${key}</arg>
<doc>Logs the given message with the given level.</doc>
<status status="PASS" start="2024-07-31T21:15:53.187583" elapsed="0.000166"/>
</kw>
<var name="${key}">name</var>
<status status="PASS" start="2024-07-31T21:15:53.186153" elapsed="0.001808"/>
</iter>
<iter>
<kw name="Dictionary Should Contain Key" owner="Collections">
<arg>${json_data['results'][0]}</arg>
<arg>${key}</arg>
<doc>Fails if ``key`` is not found from ``dictionary``.</doc>
<status status="PASS" start="2024-07-31T21:15:53.188242" elapsed="0.000374"/>
</kw>
<kw name="Log" owner="BuiltIn">
<msg time="2024-07-31T21:15:53.189195" level="INFO">{'gender': 'male', 'name': {'title': 'Mr', 'first': 'Paul', 'last': 'Rothe'}, 'location': {'street': {'number': 7240, 'name': 'Mittelweg'}, 'city': 'Lambrecht (Pfalz)', 'state': 'Niedersachsen', 'country': 'Germany', 'postcode': 57834, 'coordinates': {'latitude': '-51.2990', 'longitude': '-12.4958'}, 'timezone': {'offset': '+5:00', 'description': 'Ekaterinburg, Islamabad, Karachi, Tashkent'}}, 'email': 'paul.rothe@example.com', 'login': {'uuid': 'cbaba788-fc21-466d-b684-695222423052', 'username': 'orangefish476', 'password': 'grandpa', 'salt': '7WjhyAZ0', 'md5': '3de24655b037e224f82f72641bc6cd18', 'sha1': '6815187ad49010f4ecc62cb654d14092959eae3c', 'sha256': '518e918e485eac28a507178ad15e33e6bc49f1e0bd7ea9564d0690cc57e37cc4'}, 'dob': {'date': '1977-06-09T03:36:25.669Z', 'age': 47}, 'registered': {'date': '2009-04-03T00:39:01.238Z', 'age': 15}, 'phone': '0112-1203167', 'cell': '0179-3756011', 'id': {'name': 'SVNR', 'value': '81 080677 R 010'}, 'picture': {'large': 'https://randomuser.me/api/portraits/men/12.jpg', 'medium': 'https://randomuser.me/api/portraits/med/men/12.jpg', 'thumbnail': 'https://randomuser.me/api/portraits/thumb/men/12.jpg'}, 'nat': 'DE'}</msg>
<arg>${json_data['results'][0]}</arg>
<doc>Logs the given message with the given level.</doc>
<status status="PASS" start="2024-07-31T21:15:53.188802" elapsed="0.000441"/>
</kw>
<kw name="Log" owner="BuiltIn">
<msg time="2024-07-31T21:15:53.189728" level="INFO">location</msg>
<arg>${key}</arg>
<doc>Logs the given message with the given level.</doc>
<status status="PASS" start="2024-07-31T21:15:53.189586" elapsed="0.000179"/>
</kw>
<var name="${key}">location</var>
<status status="PASS" start="2024-07-31T21:15:53.188135" elapsed="0.001848"/>
</iter>
<iter>
<kw name="Dictionary Should Contain Key" owner="Collections">
<arg>${json_data['results'][0]}</arg>
<arg>${key}</arg>
<doc>Fails if ``key`` is not found from ``dictionary``.</doc>
<status status="PASS" start="2024-07-31T21:15:53.190261" elapsed="0.000378"/>
</kw>
<kw name="Log" owner="BuiltIn">
<msg time="2024-07-31T21:15:53.191296" level="INFO">{'gender': 'male', 'name': {'title': 'Mr', 'first': 'Paul', 'last': 'Rothe'}, 'location': {'street': {'number': 7240, 'name': 'Mittelweg'}, 'city': 'Lambrecht (Pfalz)', 'state': 'Niedersachsen', 'country': 'Germany', 'postcode': 57834, 'coordinates': {'latitude': '-51.2990', 'longitude': '-12.4958'}, 'timezone': {'offset': '+5:00', 'description': 'Ekaterinburg, Islamabad, Karachi, Tashkent'}}, 'email': 'paul.rothe@example.com', 'login': {'uuid': 'cbaba788-fc21-466d-b684-695222423052', 'username': 'orangefish476', 'password': 'grandpa', 'salt': '7WjhyAZ0', 'md5': '3de24655b037e224f82f72641bc6cd18', 'sha1': '6815187ad49010f4ecc62cb654d14092959eae3c', 'sha256': '518e918e485eac28a507178ad15e33e6bc49f1e0bd7ea9564d0690cc57e37cc4'}, 'dob': {'date': '1977-06-09T03:36:25.669Z', 'age': 47}, 'registered': {'date': '2009-04-03T00:39:01.238Z', 'age': 15}, 'phone': '0112-1203167', 'cell': '0179-3756011', 'id': {'name': 'SVNR', 'value': '81 080677 R 010'}, 'picture': {'large': 'https://randomuser.me/api/portraits/men/12.jpg', 'medium': 'https://randomuser.me/api/portraits/med/men/12.jpg', 'thumbnail': 'https://randomuser.me/api/portraits/thumb/men/12.jpg'}, 'nat': 'DE'}</msg>
<arg>${json_data['results'][0]}</arg>
<doc>Logs the given message with the given level.</doc>
<status status="PASS" start="2024-07-31T21:15:53.190944" elapsed="0.000399"/>
</kw>
<kw name="Log" owner="BuiltIn">
<msg time="2024-07-31T21:15:53.191778" level="INFO">email</msg>
<arg>${key}</arg>
<doc>Logs the given message with the given level.</doc>
<status status="PASS" start="2024-07-31T21:15:53.191648" elapsed="0.000168"/>
</kw>
<var name="${key}">email</var>
<status status="PASS" start="2024-07-31T21:15:53.190155" elapsed="0.001876"/>
</iter>
<iter>
<kw name="Dictionary Should Contain Key" owner="Collections">
<arg>${json_data['results'][0]}</arg>
<arg>${key}</arg>
<doc>Fails if ``key`` is not found from ``dictionary``.</doc>
<status status="PASS" start="2024-07-31T21:15:53.192310" elapsed="0.000377"/>
</kw>
<kw name="Log" owner="BuiltIn">
<msg time="2024-07-31T21:15:53.193256" level="INFO">{'gender': 'male', 'name': {'title': 'Mr', 'first': 'Paul', 'last': 'Rothe'}, 'location': {'street': {'number': 7240, 'name': 'Mittelweg'}, 'city': 'Lambrecht (Pfalz)', 'state': 'Niedersachsen', 'country': 'Germany', 'postcode': 57834, 'coordinates': {'latitude': '-51.2990', 'longitude': '-12.4958'}, 'timezone': {'offset': '+5:00', 'description': 'Ekaterinburg, Islamabad, Karachi, Tashkent'}}, 'email': 'paul.rothe@example.com', 'login': {'uuid': 'cbaba788-fc21-466d-b684-695222423052', 'username': 'orangefish476', 'password': 'grandpa', 'salt': '7WjhyAZ0', 'md5': '3de24655b037e224f82f72641bc6cd18', 'sha1': '6815187ad49010f4ecc62cb654d14092959eae3c', 'sha256': '518e918e485eac28a507178ad15e33e6bc49f1e0bd7ea9564d0690cc57e37cc4'}, 'dob': {'date': '1977-06-09T03:36:25.669Z', 'age': 47}, 'registered': {'date': '2009-04-03T00:39:01.238Z', 'age': 15}, 'phone': '0112-1203167', 'cell': '0179-3756011', 'id': {'name': 'SVNR', 'value': '81 080677 R 010'}, 'picture': {'large': 'https://randomuser.me/api/portraits/men/12.jpg', 'medium': 'https://randomuser.me/api/portraits/med/men/12.jpg', 'thumbnail': 'https://randomuser.me/api/portraits/thumb/men/12.jpg'}, 'nat': 'DE'}</msg>
<arg>${json_data['results'][0]}</arg>
<doc>Logs the given message with the given level.</doc>
<status status="PASS" start="2024-07-31T21:15:53.192869" elapsed="0.000435"/>
</kw>
<kw name="Log" owner="BuiltIn">
<msg time="2024-07-31T21:15:53.193724" level="INFO">login</msg>
<arg>${key}</arg>
<doc>Logs the given message with the given level.</doc>
<status status="PASS" start="2024-07-31T21:15:53.193597" elapsed="0.000164"/>
</kw>
<var name="${key}">login</var>
<status status="PASS" start="2024-07-31T21:15:53.192201" elapsed="0.001771"/>
</iter>
<var>${key}</var>
<value>@{expected_keys}</value>
<status status="PASS" start="2024-07-31T21:15:53.183938" elapsed="0.010154"/>
</for>
<kw name="Create List" owner="BuiltIn">
<msg time="2024-07-31T21:15:53.194447" level="INFO">${expected_keysTwo} = ['username', 'password']</msg>
<var>${expected_keysTwo}</var>
<arg>username</arg>
<arg>password</arg>
<doc>Returns a list containing given items.</doc>
<status status="PASS" start="2024-07-31T21:15:53.194308" elapsed="0.000163"/>
</kw>
<for flavor="IN">
<iter>
<kw name="Dictionary Should Contain Key" owner="Collections">
<arg>${json_data['results'][0]['login']}</arg>
<arg>${keyTwo}</arg>
<doc>Fails if ``key`` is not found from ``dictionary``.</doc>
<status status="PASS" start="2024-07-31T21:15:53.194958" elapsed="0.000384"/>
</kw>
<kw name="Dictionary Should Contain Key" owner="Collections">
<arg>${json_data['results'][0]['login']}</arg>
<arg>${keyTwo}</arg>
<doc>Fails if ``key`` is not found from ``dictionary``.</doc>
<status status="PASS" start="2024-07-31T21:15:53.195520" elapsed="0.000372"/>
</kw>
<kw name="Log" owner="BuiltIn">
<msg time="2024-07-31T21:15:53.196189" level="INFO">username</msg>
<arg>${keyTwo}</arg>
<doc>Logs the given message with the given level.</doc>
<status status="PASS" start="2024-07-31T21:15:53.196069" elapsed="0.000158"/>
</kw>
<var name="${keyTwo}">username</var>
<status status="PASS" start="2024-07-31T21:15:53.194853" elapsed="0.001589"/>
</iter>
<iter>
<kw name="Dictionary Should Contain Key" owner="Collections">
<arg>${json_data['results'][0]['login']}</arg>
<arg>${keyTwo}</arg>
<doc>Fails if ``key`` is not found from ``dictionary``.</doc>
<status status="PASS" start="2024-07-31T21:15:53.196748" elapsed="0.000400"/>
</kw>
<kw name="Dictionary Should Contain Key" owner="Collections">
<arg>${json_data['results'][0]['login']}</arg>
<arg>${keyTwo}</arg>
<doc>Fails if ``key`` is not found from ``dictionary``.</doc>
<status status="PASS" start="2024-07-31T21:15:53.197338" elapsed="0.000366"/>
</kw>
<kw name="Log" owner="BuiltIn">
<msg time="2024-07-31T21:15:53.198003" level="INFO">password</msg>
<arg>${keyTwo}</arg>
<doc>Logs the given message with the given level.</doc>
<status status="PASS" start="2024-07-31T21:15:53.197879" elapsed="0.000161"/>
</kw>
<var name="${keyTwo}">password</var>
<status status="PASS" start="2024-07-31T21:15:53.196637" elapsed="0.001621"/>
</iter>
<var>${keyTwo}</var>
<value>@{expected_keysTwo}</value>
<status status="PASS" start="2024-07-31T21:15:53.194703" elapsed="0.003676"/>
</for>
<status status="PASS" start="2024-07-31T21:15:52.994188" elapsed="0.204333"/>
</kw>
<doc>Testa a estrutura da resposta da API.</doc>
<tag>testeEstruturaResposta</tag>
<status status="PASS" start="2024-07-31T21:15:52.993554" elapsed="0.205127"/>
</test>
<test id="s1-s1-t4" name="Validar tipos de dados" line="28">
<kw name="Teste de Tipos de Dados" owner="random-user-service">
<kw name="GET On Session" owner="RequestsLibrary">
<msg time="2024-07-31T21:15:53.274245" level="INFO">GET Request : url=https://randomuser.me/api 
 path_url=/api 
 headers={'User-Agent': 'python-requests/2.32.3', 'Accept-Encoding': 'gzip, deflate', 'Accept': '*/*', 'Connection': 'keep-alive'} 
 body=None 
 </msg>
<msg time="2024-07-31T21:15:53.274330" level="INFO">GET Response : url=https://randomuser.me/api 
 status=200, reason=OK 
 headers={'Date': 'Wed, 31 Jul 2024 21:15:53 GMT', 'Content-Type': 'application/json; charset=utf-8', 'Transfer-Encoding': 'chunked', 'Connection': 'keep-alive', 'X-Powered-By': 'Express', 'Access-Control-Allow-Origin': '*', 'Cache-Control': 'no-cache', 'ETag': 'W/"499-LEwXKvyl4NNql7e4mOEBOU7OBgg"', 'Vary': 'Accept-Encoding', 'Content-Encoding': 'gzip', 'CF-Cache-Status': 'DYNAMIC', 'Report-To': '{"endpoints":[{"url":"https:\\/\\/a.nel.cloudflare.com\\/report\\/v4?s=0X98XkW6mNuDQbbs1hDpExRUaIy8A%2B7mO9WGtSo5wh8LPvVSuQONY%2FeOMCPl6HTdb6md0ZbxfRndfoloA1Cx%2FY9AYq6321AMgzg7iZlNWXoP51jZjamEGY5Vte5ImLv4"}],"group":"cf-nel","max_age":604800}', 'NEL': '{"success_fraction":0,"report_to":"cf-nel","max_age":604800}', 'Server': 'cloudflare', 'CF-RAY': '8ac09b398c853894-IAD', 'alt-svc': 'h3=":443"; ma=86400'} 
 body={"results":[{"gender":"female","name":{"title":"Mrs","first":"Eloisa","last":"Santiago"},"location":{"street":{"number":8608,"name":"Circuito Micronesia"},"city":"Ignacio Allende","state":"San Luis Potosí","country":"Mexico","postcode":16424,"coordinates":{"latitude":"22.3384","longitude":"124.2050"},"timezone":{"offset":"-2:00","description":"Mid-Atlantic"}},"email":"eloisa.santiago@example.com","login":{"uuid":"5da6d55b-162c-4435-b25a-2e1540e94b60","username":"reddog906","password":"eeeee","salt":"zlUrowEl","md5":"29b0c4d18a541e4b0c41fe5b6b953c37","sha1":"1ef7024564f2e7f82101a103574edb31f025f464","sha256":"1e64367c3b27c23e5afd08c467e79e209120e6da92d0c18f7e0e26b43279bd00"},"dob":{"date":"1951-08-01T04:00:00.224Z","age":72},"registered":{"date":"2009-10-03T07:22:47.163Z","age":14},"phone":"(609) 626 4025","cell":"(638) 732 4982","id":{"name":"NSS","value":"77 65 85 2394 5"},"picture":{"large":"https://randomuser.me/api/portraits/women/25.jpg","medium":"https://randomuser.me/api/portraits/med/women/25.jpg","thumbnail":"https://randomuser.me/api/portraits/thumb/women/25.jpg"},"nat":"MX"}],"info":{"seed":"1a0e26490571c488","results":1,"page":1,"version":"1.4"}} 
 </msg>
<msg time="2024-07-31T21:15:53.274409" level="INFO">/opt/hostedtoolcache/Python/3.12.4/x64/lib/python3.12/site-packages/urllib3/connectionpool.py:1099: InsecureRequestWarning: Unverified HTTPS request is being made to host 'randomuser.me'. Adding certificate verification is strongly advised. See: https://urllib3.readthedocs.io/en/latest/advanced-usage.html#tls-warnings
  warnings.warn(</msg>
<msg time="2024-07-31T21:15:53.274529" level="INFO">${response} = &lt;Response [200]&gt;</msg>
<var>${response}</var>
<arg>consultarAPI</arg>
<arg>/api</arg>
<doc>Sends a GET request on a previously created HTTP Session.</doc>
<status status="PASS" start="2024-07-31T21:15:53.201255" elapsed="0.073325"/>
</kw>
<kw name="Set Variable" owner="BuiltIn">
<msg time="2024-07-31T21:15:53.275772" level="INFO">${json_data} = {'results': [{'gender': 'female', 'name': {'title': 'Mrs', 'first': 'Eloisa', 'last': 'Santiago'}, 'location': {'street': {'number': 8608, 'name': 'Circuito Micronesia'}, 'city': 'Ignacio Allende', 's...</msg>
<var>${json_data}</var>
<arg>${response.json()}</arg>
<doc>Returns the given values which can then be assigned to a variables.</doc>
<status status="PASS" start="2024-07-31T21:15:53.275137" elapsed="0.000664"/>
</kw>
<kw name="Log" owner="BuiltIn">
<msg time="2024-07-31T21:15:53.276257" level="INFO">{'results': [{'gender': 'female', 'name': {'title': 'Mrs', 'first': 'Eloisa', 'last': 'Santiago'}, 'location': {'street': {'number': 8608, 'name': 'Circuito Micronesia'}, 'city': 'Ignacio Allende', 'state': 'San Luis Potosí', 'country': 'Mexico', 'postcode': 16424, 'coordinates': {'latitude': '22.3384', 'longitude': '124.2050'}, 'timezone': {'offset': '-2:00', 'description': 'Mid-Atlantic'}}, 'email': 'eloisa.santiago@example.com', 'login': {'uuid': '5da6d55b-162c-4435-b25a-2e1540e94b60', 'username': 'reddog906', 'password': 'eeeee', 'salt': 'zlUrowEl', 'md5': '29b0c4d18a541e4b0c41fe5b6b953c37', 'sha1': '1ef7024564f2e7f82101a103574edb31f025f464', 'sha256': '1e64367c3b27c23e5afd08c467e79e209120e6da92d0c18f7e0e26b43279bd00'}, 'dob': {'date': '1951-08-01T04:00:00.224Z', 'age': 72}, 'registered': {'date': '2009-10-03T07:22:47.163Z', 'age': 14}, 'phone': '(609) 626 4025', 'cell': '(638) 732 4982', 'id': {'name': 'NSS', 'value': '77 65 85 2394 5'}, 'picture': {'large': 'https://randomuser.me/api/portraits/women/25.jpg', 'medium': 'https://randomuser.me/api/portraits/med/women/25.jpg', 'thumbnail': 'https://randomuser.me/api/portraits/thumb/women/25.jpg'}, 'nat': 'MX'}], 'info': {'seed': '1a0e26490571c488', 'results': 1, 'page': 1, 'version': '1.4'}}</msg>
<arg>${json_data}</arg>
<doc>Logs the given message with the given level.</doc>
<status status="PASS" start="2024-07-31T21:15:53.276102" elapsed="0.000203"/>
</kw>
<kw name="Should Be String" owner="String">
<arg>${json_data['results'][0]['gender']}</arg>
<doc>Fails if the given ``item`` is not a string.</doc>
<status status="PASS" start="2024-07-31T21:15:53.276594" elapsed="0.000369"/>
</kw>
<kw name="Should Match Regexp" owner="BuiltIn">
<arg>${json_data['results'][0]['email']}</arg>
<arg>^[a-zA-Z0-9._%+-]+@[a-zA-Z0-9.-]+\.[a-zA-Z]{2,}$</arg>
<doc>Fails if ``string`` does not match ``pattern`` as a regular expression.</doc>
<status status="PASS" start="2024-07-31T21:15:53.277228" elapsed="0.000520"/>
</kw>
<kw name="Should Match Regexp" owner="BuiltIn">
<arg>${json_data['results'][0]['dob']['date']}</arg>
<arg>\\d{4}-\\d{2}-\\d{2}T\\d{2}:\\d{2}:\\d{2}\\.\\d{3}Z</arg>
<doc>Fails if ``string`` does not match ``pattern`` as a regular expression.</doc>
<status status="PASS" start="2024-07-31T21:15:53.277946" elapsed="0.000604"/>
</kw>
<kw name="Should Match Regexp" owner="BuiltIn">
<arg>${json_data['results'][0]['registered']['date']}</arg>
<arg>\\d{4}-\\d{2}-\\d{2}T\\d{2}:\\d{2}:\\d{2}\\.\\d{3}Z</arg>
<doc>Fails if ``string`` does not match ``pattern`` as a regular expression.</doc>
<status status="PASS" start="2024-07-31T21:15:53.278742" elapsed="0.000370"/>
</kw>
<kw name="Should Match Regexp" owner="BuiltIn">
<arg>${json_data['results'][0]['picture']['large']}</arg>
<arg>^https?://.*\.(?:png|jpe?g|gif|bmp)$</arg>
<doc>Fails if ``string`` does not match ``pattern`` as a regular expression.</doc>
<status status="PASS" start="2024-07-31T21:15:53.279298" elapsed="0.000458"/>
</kw>
<kw name="Should Match Regexp" owner="BuiltIn">
<arg>${json_data['results'][0]['picture']['medium']}</arg>
<arg>^https?://.*\.(?:png|jpe?g|gif|bmp)$</arg>
<doc>Fails if ``string`` does not match ``pattern`` as a regular expression.</doc>
<status status="PASS" start="2024-07-31T21:15:53.279943" elapsed="0.000352"/>
</kw>
<kw name="Should Match Regexp" owner="BuiltIn">
<arg>${json_data['results'][0]['picture']['thumbnail']}</arg>
<arg>^https?://.*\.(?:png|jpe?g|gif|bmp)$</arg>
<doc>Fails if ``string`` does not match ``pattern`` as a regular expression.</doc>
<status status="PASS" start="2024-07-31T21:15:53.280476" elapsed="0.000347"/>
</kw>
<kw name="Log" owner="BuiltIn">
<msg time="2024-07-31T21:15:53.281362" level="INFO">{'large': 'https://randomuser.me/api/portraits/women/25.jpg', 'medium': 'https://randomuser.me/api/portraits/med/women/25.jpg', 'thumbnail': 'https://randomuser.me/api/portraits/thumb/women/25.jpg'}</msg>
<arg>${json_data['results'][0]['picture']}</arg>
<doc>Logs the given message with the given level.</doc>
<status status="PASS" start="2024-07-31T21:15:53.281002" elapsed="0.000404"/>
</kw>
<status status="PASS" start="2024-07-31T21:15:53.200993" elapsed="0.080668"/>
</kw>
<kw name="Teste de Tipos de Dados - Postcode" owner="random-user-service">
<kw name="GET On Session" owner="RequestsLibrary">
<msg time="2024-07-31T21:15:53.385868" level="INFO">GET Request : url=https://randomuser.me/api 
 path_url=/api 
 headers={'User-Agent': 'python-requests/2.32.3', 'Accept-Encoding': 'gzip, deflate', 'Accept': '*/*', 'Connection': 'keep-alive'} 
 body=None 
 </msg>
<msg time="2024-07-31T21:15:53.385960" level="INFO">GET Response : url=https://randomuser.me/api 
 status=200, reason=OK 
 headers={'Date': 'Wed, 31 Jul 2024 21:15:53 GMT', 'Content-Type': 'application/json; charset=utf-8', 'Transfer-Encoding': 'chunked', 'Connection': 'keep-alive', 'X-Powered-By': 'Express', 'Access-Control-Allow-Origin': '*', 'Cache-Control': 'no-cache', 'ETag': 'W/"483-Tx2FEsqn23a+KrkYZ2zs2N5UZ4s"', 'Vary': 'Accept-Encoding', 'Content-Encoding': 'gzip', 'CF-Cache-Status': 'DYNAMIC', 'Report-To': '{"endpoints":[{"url":"https:\\/\\/a.nel.cloudflare.com\\/report\\/v4?s=KuaUbgNPF8D6t0mQYeOPETWnzS8YnerdYeNQYasyteMbyIFThjM%2BaA%2Bmp2m5qBd0VCPtsx36KXxYN%2B5XvR9qfzlrtY9m9JJ2dcBJXYmthfz%2BB16ST%2FrAimyyQmyjtC8N"}],"group":"cf-nel","max_age":604800}', 'NEL': '{"success_fraction":0,"report_to":"cf-nel","max_age":604800}', 'Server': 'cloudflare', 'CF-RAY': '8ac09b3a0d403894-IAD', 'alt-svc': 'h3=":443"; ma=86400'} 
 body={"results":[{"gender":"male","name":{"title":"Mr","first":"علی","last":"نكو نظر"},"location":{"street":{"number":2556,"name":"پاتریس لومومبا"},"city":"همدان","state":"گیلان","country":"Iran","postcode":32854,"coordinates":{"latitude":"17.1376","longitude":"-151.1677"},"timezone":{"offset":"+6:00","description":"Almaty, Dhaka, Colombo"}},"email":"aaly.nkwnzr@example.com","login":{"uuid":"9bc4edf4-c78f-415f-9082-63bf49f51686","username":"lazycat440","password":"1979","salt":"VEG0ew7x","md5":"b14069b822454673062b546327849580","sha1":"38668a2a426a2e600f7cd1ec11334af3b1362fd0","sha256":"a963a946d2fb253b93f87f74b15fb6f6ce8aae6dabfd2ce438cd7f86ac232355"},"dob":{"date":"1956-07-04T07:33:47.094Z","age":68},"registered":{"date":"2016-04-28T15:05:38.515Z","age":8},"phone":"025-93035322","cell":"0967-302-1102","id":{"name":"","value":null},"picture":{"large":"https://randomuser.me/api/portraits/men/97.jpg","medium":"https://randomuser.me/api/portraits/med/men/97.jpg","thumbnail":"https://randomuser.me/api/portraits/thumb/men/97.jpg"},"nat":"IR"}],"info":{"seed":"1c25df2a9ee94b88","results":1,"page":1,"version":"1.4"}} 
 </msg>
<msg time="2024-07-31T21:15:53.386029" level="INFO">/opt/hostedtoolcache/Python/3.12.4/x64/lib/python3.12/site-packages/urllib3/connectionpool.py:1099: InsecureRequestWarning: Unverified HTTPS request is being made to host 'randomuser.me'. Adding certificate verification is strongly advised. See: https://urllib3.readthedocs.io/en/latest/advanced-usage.html#tls-warnings
  warnings.warn(</msg>
<msg time="2024-07-31T21:15:53.386132" level="INFO">${response} = &lt;Response [200]&gt;</msg>
<var>${response}</var>
<arg>consultarAPI</arg>
<arg>/api</arg>
<doc>Sends a GET request on a previously created HTTP Session.</doc>
<status status="PASS" start="2024-07-31T21:15:53.282101" elapsed="0.104074"/>
</kw>
<kw name="Set Variable" owner="BuiltIn">
<msg time="2024-07-31T21:15:53.387338" level="INFO">${json_data} = {'results': [{'gender': 'male', 'name': {'title': 'Mr', 'first': 'علی', 'last': 'نكو نظر'}, 'location': {'street': {'number': 2556, 'name': 'پاتریس لومومبا'}, 'city': 'همدان', 'state': 'گیلان', 'count...</msg>
<var>${json_data}</var>
<arg>${response.json()}</arg>
<doc>Returns the given values which can then be assigned to a variables.</doc>
<status status="PASS" start="2024-07-31T21:15:53.386723" elapsed="0.000645"/>
</kw>
<kw name="Log" owner="BuiltIn">
<msg time="2024-07-31T21:15:53.387838" level="INFO">{'results': [{'gender': 'male', 'name': {'title': 'Mr', 'first': 'علی', 'last': 'نكو نظر'}, 'location': {'street': {'number': 2556, 'name': 'پاتریس لومومبا'}, 'city': 'همدان', 'state': 'گیلان', 'country': 'Iran', 'postcode': 32854, 'coordinates': {'latitude': '17.1376', 'longitude': '-151.1677'}, 'timezone': {'offset': '+6:00', 'description': 'Almaty, Dhaka, Colombo'}}, 'email': 'aaly.nkwnzr@example.com', 'login': {'uuid': '9bc4edf4-c78f-415f-9082-63bf49f51686', 'username': 'lazycat440', 'password': '1979', 'salt': 'VEG0ew7x', 'md5': 'b14069b822454673062b546327849580', 'sha1': '38668a2a426a2e600f7cd1ec11334af3b1362fd0', 'sha256': 'a963a946d2fb253b93f87f74b15fb6f6ce8aae6dabfd2ce438cd7f86ac232355'}, 'dob': {'date': '1956-07-04T07:33:47.094Z', 'age': 68}, 'registered': {'date': '2016-04-28T15:05:38.515Z', 'age': 8}, 'phone': '025-93035322', 'cell': '0967-302-1102', 'id': {'name': '', 'value': None}, 'picture': {'large': 'https://randomuser.me/api/portraits/men/97.jpg', 'medium': 'https://randomuser.me/api/portraits/med/men/97.jpg', 'thumbnail': 'https://randomuser.me/api/portraits/thumb/men/97.jpg'}, 'nat': 'IR'}], 'info': {'seed': '1c25df2a9ee94b88', 'results': 1, 'page': 1, 'version': '1.4'}}</msg>
<arg>${json_data}</arg>
<doc>Logs the given message with the given level.</doc>
<status status="PASS" start="2024-07-31T21:15:53.387677" elapsed="0.000210"/>
</kw>
<kw name="Should Be Equal As Numbers" owner="BuiltIn">
<arg>${json_data['results'][0]['location']['postcode']}</arg>
<arg>${json_data['results'][0]['location']['postcode']}</arg>
<doc>Fails if objects are unequal after converting them to real numbers.</doc>
<status status="PASS" start="2024-07-31T21:15:53.388177" elapsed="0.000611"/>
</kw>
<kw name="Log" owner="BuiltIn">
<msg time="2024-07-31T21:15:53.389384" level="INFO">32854</msg>
<arg>${json_data['results'][0]['location']['postcode']}</arg>
<doc>Logs the given message with the given level.</doc>
<status status="PASS" start="2024-07-31T21:15:53.389011" elapsed="0.000413"/>
</kw>
<status status="PASS" start="2024-07-31T21:15:53.281878" elapsed="0.107800"/>
</kw>
<doc>Testa se os tipos de dados na resposta da API estão corretos.</doc>
<tag>testeTiposDados</tag>
<status status="PASS" start="2024-07-31T21:15:53.200418" elapsed="0.189430"/>
</test>
<test id="s1-s1-t5" name="Validar conteudo" line="35">
<kw name="Teste de Tipos de Conteudo" owner="random-user-service">
<kw name="GET On Session" owner="RequestsLibrary">
<msg time="2024-07-31T21:15:53.437724" level="INFO">GET Request : url=https://randomuser.me/api 
 path_url=/api 
 headers={'User-Agent': 'python-requests/2.32.3', 'Accept-Encoding': 'gzip, deflate', 'Accept': '*/*', 'Connection': 'keep-alive'} 
 body=None 
 </msg>
<msg time="2024-07-31T21:15:53.437802" level="INFO">GET Response : url=https://randomuser.me/api 
 status=200, reason=OK 
 headers={'Date': 'Wed, 31 Jul 2024 21:15:53 GMT', 'Content-Type': 'application/json; charset=utf-8', 'Transfer-Encoding': 'chunked', 'Connection': 'keep-alive', 'X-Powered-By': 'Express', 'Access-Control-Allow-Origin': '*', 'Cache-Control': 'no-cache', 'ETag': 'W/"4aa-IkUw47dgfg4lPG3Qf5a2+BCypvM"', 'Vary': 'Accept-Encoding', 'Content-Encoding': 'gzip', 'CF-Cache-Status': 'DYNAMIC', 'Report-To': '{"endpoints":[{"url":"https:\\/\\/a.nel.cloudflare.com\\/report\\/v4?s=Re3495w0cgzV9E1tj7jRRR9ZWWP%2F2sWORN3gwhOcwO3BPnkm7PU6giQZQ2OFolu6hGUJl2IaruyX13wjtv0RQ114m%2FRCMpTSGOfls887Kejb67lO5z9c4BAMaj4sS%2FHr"}],"group":"cf-nel","max_age":604800}', 'NEL': '{"success_fraction":0,"report_to":"cf-nel","max_age":604800}', 'Server': 'cloudflare', 'CF-RAY': '8ac09b3abe5e3894-IAD', 'alt-svc': 'h3=":443"; ma=86400'} 
 body={"results":[{"gender":"female","name":{"title":"Ms","first":"Rümeysa","last":"Lubberts"},"location":{"street":{"number":4416,"name":"Bulkenaarsestraat"},"city":"Sleeuwijk","state":"Utrecht","country":"Netherlands","postcode":"3231 IC","coordinates":{"latitude":"34.8245","longitude":"8.7161"},"timezone":{"offset":"+11:00","description":"Magadan, Solomon Islands, New Caledonia"}},"email":"rumeysa.lubberts@example.com","login":{"uuid":"c7bf73cc-6572-4cd8-a797-c006b218fe93","username":"lazyrabbit100","password":"marilyn","salt":"vEjX2FME","md5":"e0d75061a26df693b78e3f4d9b0bedc6","sha1":"e76c58e2b234e7a1073d11f62aa296c3109d1343","sha256":"bf1023c9c3ac1b4294ad1af003cbf6cc79a06b7b1f196d8f38171dc5b15be227"},"dob":{"date":"1947-08-24T00:51:30.322Z","age":76},"registered":{"date":"2010-03-03T03:45:54.431Z","age":14},"phone":"(010) 5995209","cell":"(06) 08176676","id":{"name":"BSN","value":"79706972"},"picture":{"large":"https://randomuser.me/api/portraits/women/70.jpg","medium":"https://randomuser.me/api/portraits/med/women/70.jpg","thumbnail":"https://randomuser.me/api/portraits/thumb/women/70.jpg"},"nat":"NL"}],"info":{"seed":"5825f1f867f49867","results":1,"page":1,"version":"1.4"}} 
 </msg>
<msg time="2024-07-31T21:15:53.437874" level="INFO">/opt/hostedtoolcache/Python/3.12.4/x64/lib/python3.12/site-packages/urllib3/connectionpool.py:1099: InsecureRequestWarning: Unverified HTTPS request is being made to host 'randomuser.me'. Adding certificate verification is strongly advised. See: https://urllib3.readthedocs.io/en/latest/advanced-usage.html#tls-warnings
  warnings.warn(</msg>
<msg time="2024-07-31T21:15:53.437983" level="INFO">${response} = &lt;Response [200]&gt;</msg>
<var>${response}</var>
<arg>consultarAPI</arg>
<arg>/api</arg>
<doc>Sends a GET request on a previously created HTTP Session.</doc>
<status status="PASS" start="2024-07-31T21:15:53.392366" elapsed="0.045668"/>
</kw>
<kw name="Set Variable" owner="BuiltIn">
<msg time="2024-07-31T21:15:53.439152" level="INFO">${json_data} = {'results': [{'gender': 'female', 'name': {'title': 'Ms', 'first': 'Rümeysa', 'last': 'Lubberts'}, 'location': {'street': {'number': 4416, 'name': 'Bulkenaarsestraat'}, 'city': 'Sleeuwijk', 'state': '...</msg>
<var>${json_data}</var>
<arg>${response.json()}</arg>
<doc>Returns the given values which can then be assigned to a variables.</doc>
<status status="PASS" start="2024-07-31T21:15:53.438521" elapsed="0.000661"/>
</kw>
<kw name="Set Variable" owner="BuiltIn">
<msg time="2024-07-31T21:15:53.439880" level="INFO">${name_title} = Ms</msg>
<var>${name_title}</var>
<arg>${json_data["results"][0]["name"]["title"]}</arg>
<doc>Returns the given values which can then be assigned to a variables.</doc>
<status status="PASS" start="2024-07-31T21:15:53.439491" elapsed="0.000414"/>
</kw>
<kw name="Create List" owner="BuiltIn">
<msg time="2024-07-31T21:15:53.440349" level="INFO">${allowed_titles} = ['Mr', 'Ms', 'Miss', 'Mrs', 'Madame', 'Monsieur']</msg>
<var>${allowed_titles}</var>
<arg>Mr</arg>
<arg>Ms</arg>
<arg>Miss</arg>
<arg>Mrs</arg>
<arg>Madame</arg>
<arg>Monsieur</arg>
<doc>Returns a list containing given items.</doc>
<status status="PASS" start="2024-07-31T21:15:53.440200" elapsed="0.000173"/>
</kw>
<kw name="List Should Contain Value" owner="Collections">
<arg>${allowed_titles}</arg>
<arg>${name_title}</arg>
<doc>Fails if the ``value`` is not found from ``list``.</doc>
<status status="PASS" start="2024-07-31T21:15:53.440670" elapsed="0.000176"/>
</kw>
<kw name="Set Variable" owner="BuiltIn">
<msg time="2024-07-31T21:15:53.441436" level="INFO">${name_country} = NL</msg>
<var>${name_country}</var>
<arg>${json_data["results"][0]["nat"]}</arg>
<doc>Returns the given values which can then be assigned to a variables.</doc>
<status status="PASS" start="2024-07-31T21:15:53.441026" elapsed="0.000435"/>
</kw>
<kw name="Create List" owner="BuiltIn">
<msg time="2024-07-31T21:15:53.442350" level="INFO">${list_country} = ['AD', 'AE', 'AF', 'AG', 'AI', 'AL', 'AM', 'AO', 'AQ', 'AR', 'AS', 'AT', 'AU', 'AW', 'AX', 'AZ', 'BA', 'BB', 'BD', 'BE', 'BF', 'BG', 'BH', 'BI', 'BJ', 'BL', 'BM', 'BN', 'BO', 'BQ', 'BR', 'BS', 'BT', '...</msg>
<var>${list_country}</var>
<arg>AD</arg>
<arg>AE</arg>
<arg>AF</arg>
<arg>AG</arg>
<arg>AI</arg>
<arg>AL</arg>
<arg>AM</arg>
<arg>AO</arg>
<arg>AQ</arg>
<arg>AR</arg>
<arg>AS</arg>
<arg>AT</arg>
<arg>AU</arg>
<arg>AW</arg>
<arg>AX</arg>
<arg>AZ</arg>
<arg>BA</arg>
<arg>BB</arg>
<arg>BD</arg>
<arg>BE</arg>
<arg>BF</arg>
<arg>BG</arg>
<arg>BH</arg>
<arg>BI</arg>
<arg>BJ</arg>
<arg>BL</arg>
<arg>BM</arg>
<arg>BN</arg>
<arg>BO</arg>
<arg>BQ</arg>
<arg>BR</arg>
<arg>BS</arg>
<arg>BT</arg>
<arg>BV</arg>
<arg>BW</arg>
<arg>BY</arg>
<arg>BZ</arg>
<arg>CA</arg>
<arg>CC</arg>
<arg>CD</arg>
<arg>CF</arg>
<arg>CG</arg>
<arg>CH</arg>
<arg>CI</arg>
<arg>CK</arg>
<arg>CL</arg>
<arg>CM</arg>
<arg>CN</arg>
<arg>CO</arg>
<arg>CR</arg>
<arg>CU</arg>
<arg>CV</arg>
<arg>CW</arg>
<arg>CX</arg>
<arg>CY</arg>
<arg>CZ</arg>
<arg>DE</arg>
<arg>DJ</arg>
<arg>DK</arg>
<arg>DM</arg>
<arg>DO</arg>
<arg>DZ</arg>
<arg>EC</arg>
<arg>EE</arg>
<arg>EG</arg>
<arg>EH</arg>
<arg>ER</arg>
<arg>ES</arg>
<arg>ET</arg>
<arg>FI</arg>
<arg>FJ</arg>
<arg>FK</arg>
<arg>FM</arg>
<arg>FO</arg>
<arg>FR</arg>
<arg>GA</arg>
<arg>GB</arg>
<arg>GD</arg>
<arg>GE</arg>
<arg>GF</arg>
<arg>GG</arg>
<arg>GH</arg>
<arg>GI</arg>
<arg>GL</arg>
<arg>GM</arg>
<arg>GN</arg>
<arg>GP</arg>
<arg>GQ</arg>
<arg>GR</arg>
<arg>GS</arg>
<arg>GT</arg>
<arg>GU</arg>
<arg>GW</arg>
<arg>GY</arg>
<arg>HK</arg>
<arg>HM</arg>
<arg>HN</arg>
<arg>HR</arg>
<arg>HT</arg>
<arg>HU</arg>
<arg>ID</arg>
<arg>IE</arg>
<arg>IL</arg>
<arg>IM</arg>
<arg>IN</arg>
<arg>IO</arg>
<arg>IQ</arg>
<arg>IR</arg>
<arg>IS</arg>
<arg>IT</arg>
<arg>JE</arg>
<arg>JM</arg>
<arg>JO</arg>
<arg>JP</arg>
<arg>KE</arg>
<arg>KG</arg>
<arg>KH</arg>
<arg>KI</arg>
<arg>KM</arg>
<arg>KN</arg>
<arg>KP</arg>
<arg>KR</arg>
<arg>KW</arg>
<arg>KY</arg>
<arg>KZ</arg>
<arg>LA</arg>
<arg>LB</arg>
<arg>LC</arg>
<arg>LI</arg>
<arg>LK</arg>
<arg>LR</arg>
<arg>LS</arg>
<arg>LT</arg>
<arg>LU</arg>
<arg>LV</arg>
<arg>LY</arg>
<arg>MA</arg>
<arg>MC</arg>
<arg>MD</arg>
<arg>ME</arg>
<arg>MF</arg>
<arg>MG</arg>
<arg>MH</arg>
<arg>MK</arg>
<arg>ML</arg>
<arg>MM</arg>
<arg>MN</arg>
<arg>MO</arg>
<arg>MP</arg>
<arg>MQ</arg>
<arg>MR</arg>
<arg>MS</arg>
<arg>MT</arg>
<arg>MU</arg>
<arg>MV</arg>
<arg>MW</arg>
<arg>MX</arg>
<arg>MY</arg>
<arg>MZ</arg>
<arg>NA</arg>
<arg>NC</arg>
<arg>NE</arg>
<arg>NF</arg>
<arg>NG</arg>
<arg>NI</arg>
<arg>NL</arg>
<arg>NO</arg>
<arg>NP</arg>
<arg>NR</arg>
<arg>NU</arg>
<arg>NZ</arg>
<arg>OM</arg>
<arg>PA</arg>
<arg>PE</arg>
<arg>PF</arg>
<arg>PG</arg>
<arg>PH</arg>
<arg>PK</arg>
<arg>PL</arg>
<arg>PM</arg>
<arg>PN</arg>
<arg>PR</arg>
<arg>PS</arg>
<arg>PT</arg>
<arg>PW</arg>
<arg>PY</arg>
<arg>QA</arg>
<arg>RE</arg>
<arg>RO</arg>
<arg>RS</arg>
<arg>RU</arg>
<arg>RW</arg>
<arg>SA</arg>
<arg>SB</arg>
<arg>SC</arg>
<arg>SD</arg>
<arg>SE</arg>
<arg>SG</arg>
<arg>SH</arg>
<arg>SI</arg>
<arg>SJ</arg>
<arg>SK</arg>
<arg>SL</arg>
<arg>SM</arg>
<arg>SN</arg>
<arg>SO</arg>
<arg>SR</arg>
<arg>SS</arg>
<arg>ST</arg>
<arg>SV</arg>
<arg>SX</arg>
<arg>SY</arg>
<arg>SZ</arg>
<arg>TC</arg>
<arg>TD</arg>
<arg>TF</arg>
<arg>TG</arg>
<arg>TH</arg>
<arg>TJ</arg>
<arg>TK</arg>
<arg>TL</arg>
<arg>TM</arg>
<arg>TN</arg>
<arg>TO</arg>
<arg>TR</arg>
<arg>TT</arg>
<arg>TV</arg>
<arg>TW</arg>
<arg>TZ</arg>
<arg>UA</arg>
<arg>UG</arg>
<arg>UM</arg>
<arg>US</arg>
<arg>UY</arg>
<arg>UZ</arg>
<arg>VA</arg>
<arg>VC</arg>
<arg>VE</arg>
<arg>VG</arg>
<arg>VI</arg>
<arg>VN</arg>
<arg>VU</arg>
<arg>WF</arg>
<arg>WS</arg>
<arg>XK</arg>
<arg>YE</arg>
<arg>YT</arg>
<arg>ZA</arg>
<arg>ZM</arg>
<arg>ZW</arg>
<doc>Returns a list containing given items.</doc>
<status status="PASS" start="2024-07-31T21:15:53.441757" elapsed="0.000618"/>
</kw>
<kw name="List Should Contain Value" owner="Collections">
<arg>${list_country}</arg>
<arg>${name_country}</arg>
<doc>Fails if the ``value`` is not found from ``list``.</doc>
<status status="PASS" start="2024-07-31T21:15:53.443308" elapsed="0.000208"/>
</kw>
<kw name="Run Keyword If" owner="BuiltIn">
<kw name="Should Be True" owner="BuiltIn">
<arg>${True}</arg>
<doc>Fails if the given condition is not true.</doc>
<status status="PASS" start="2024-07-31T21:15:53.444463" elapsed="0.000141"/>
</kw>
<arg>${json_data["results"][0]["location"]["coordinates"]["latitude"]} &gt;= -90 and ${json_data["results"][0]["location"]["coordinates"]["latitude"]} &lt;= 90</arg>
<arg>Should Be True</arg>
<arg>${True}</arg>
<doc>Runs the given keyword with the given arguments, if ``condition`` is true.</doc>
<status status="PASS" start="2024-07-31T21:15:53.443715" elapsed="0.001011"/>
</kw>
<kw name="Run Keyword If" owner="BuiltIn">
<kw name="Should Be True" owner="BuiltIn">
<arg>${True}</arg>
<doc>Fails if the given condition is not true.</doc>
<status status="PASS" start="2024-07-31T21:15:53.445629" elapsed="0.000137"/>
</kw>
<arg>${json_data["results"][0]["location"]["coordinates"]["longitude"]} &gt;= -180 and ${json_data["results"][0]["location"]["coordinates"]["longitude"]} &lt;= 180</arg>
<arg>Should Be True</arg>
<arg>${True}</arg>
<doc>Runs the given keyword with the given arguments, if ``condition`` is true.</doc>
<status status="PASS" start="2024-07-31T21:15:53.444906" elapsed="0.000981"/>
</kw>
<status status="PASS" start="2024-07-31T21:15:53.392141" elapsed="0.053872"/>
</kw>
<doc>Testa o conteúdo específico dos campos retornados pela API.</doc>
<tag>testeConteudo</tag>
<status status="PASS" start="2024-07-31T21:15:53.391593" elapsed="0.054566"/>
</test>
<status status="PASS" start="2024-07-31T21:15:52.024272" elapsed="1.423818"/>
</suite>
<status status="PASS" start="2024-07-31T21:15:52.009539" elapsed="1.443661"/>
</suite>
<statistics>
<total>
<stat pass="5" fail="0" skip="0">All Tests</stat>
</total>
<tag>
<stat pass="1" fail="0" skip="0">testeConteudo</stat>
<stat pass="1" fail="0" skip="0">testeEstruturaResposta</stat>
<stat pass="1" fail="0" skip="0">testeRequisicaoBasica</stat>
<stat pass="1" fail="0" skip="0">testeTiposDados</stat>
</tag>
<suite>
<stat pass="5" fail="0" skip="0" id="s1" name="Tests">Tests</stat>
<stat pass="5" fail="0" skip="0" id="s1-s1" name="Random-User-Test">Tests.Random-User-Test</stat>
</suite>
</statistics>
<errors>
</errors>
</robot>
