<?xml version="1.0" encoding="UTF-8"?>
<robot generator="Robot 7.0 (Python 3.12.3 on linux)" generated="2024-06-03T19:12:50.866633" rpa="false" schemaversion="5">
<suite id="s1" name="Tests" source="/home/runner/work/ApiRandomUser/ApiRandomUser/RamdonUser/tests">
<suite id="s1-s1" name="Random-User-Test" source="/home/runner/work/ApiRandomUser/ApiRandomUser/RamdonUser/tests/random-user-test.robot">
<test id="s1-s1-t1" name="Conectar" line="13">
<kw name="Conectar API" owner="random-user-service">
<kw name="Create Session" owner="RequestsLibrary">
<msg time="2024-06-03T19:12:51.274988" level="INFO">Creating Session using : alias=consultarAPI, url=https://randomuser.me/, headers={},                     cookies={}, auth=None, timeout=None, proxies=None, verify=False,                     debug=0 </msg>
<arg>consultarAPI</arg>
<arg>${URL}</arg>
<doc>Create Session: create a HTTP session to a server</doc>
<status status="PASS" start="2024-06-03T19:12:51.274773" elapsed="0.000414"/>
</kw>
<status status="PASS" start="2024-06-03T19:12:51.273728" elapsed="0.001831"/>
</kw>
<status status="PASS" start="2024-06-03T19:12:51.273181" elapsed="0.002575"/>
</test>
<test id="s1-s1-t2" name="Validar retorno 200 e JSON Válido" line="16">
<kw name="Teste de Requisicao Basica" owner="random-user-service">
<kw name="GET On Session" owner="RequestsLibrary">
<msg time="2024-06-03T19:12:51.450218" level="INFO">GET Request : url=https://randomuser.me/api 
 path_url=/api 
 headers={'User-Agent': 'python-requests/2.32.3', 'Accept-Encoding': 'gzip, deflate', 'Accept': '*/*', 'Connection': 'keep-alive'} 
 body=None 
 </msg>
<msg time="2024-06-03T19:12:51.450400" level="INFO">GET Response : url=https://randomuser.me/api 
 status=200, reason=OK 
 headers={'Date': 'Mon, 03 Jun 2024 19:12:51 GMT', 'Content-Type': 'application/json; charset=utf-8', 'Transfer-Encoding': 'chunked', 'Connection': 'keep-alive', 'X-Powered-By': 'Express', 'Access-Control-Allow-Origin': '*', 'Cache-Control': 'no-cache', 'ETag': 'W/"476-IBd1nyGOQpdestTYBAQA7blnSyM"', 'Vary': 'Accept-Encoding', 'Content-Encoding': 'gzip', 'CF-Cache-Status': 'DYNAMIC', 'Report-To': '{"endpoints":[{"url":"https:\\/\\/a.nel.cloudflare.com\\/report\\/v4?s=XMPy5taeFaLUXjnDXva8nAGwT%2B5gK%2F2II9RT%2Bb2sPhwFnIaWDT24R1HAQMIcDqJLJ0XSACpxA63sgx1V6dB5mAj1xi0NNnJg%2BKG1mxLD6LWmJuVJPNqNkk6dkmO8oA67"}],"group":"cf-nel","max_age":604800}', 'NEL': '{"success_fraction":0,"report_to":"cf-nel","max_age":604800}', 'Server': 'cloudflare', 'CF-RAY': '88e1ff415d9859f2-IAD', 'alt-svc': 'h3=":443"; ma=86400'} 
 body={"results":[{"gender":"male","name":{"title":"Mr","first":"Ege","last":"Kunt"},"location":{"street":{"number":3111,"name":"Maçka Cd"},"city":"Hatay","state":"Şırnak","country":"Turkey","postcode":70438,"coordinates":{"latitude":"66.6553","longitude":"-93.7221"},"timezone":{"offset":"+3:00","description":"Baghdad, Riyadh, Moscow, St. Petersburg"}},"email":"ege.kunt@example.com","login":{"uuid":"5884b6ea-1262-4f05-877d-367bdc0b31e6","username":"lazysnake306","password":"just4me","salt":"hlzk7avX","md5":"93c662a411437e927b5573d0ebe06c8f","sha1":"cb5cf062de8a868af167b054cb1b1b4f9cebb7f4","sha256":"8bc5f3ef1966aa7280dda6feea512625b63efe26c682e0327295a1729284c390"},"dob":{"date":"1967-11-25T14:49:10.877Z","age":56},"registered":{"date":"2012-02-18T07:38:27.800Z","age":12},"phone":"(870)-710-9442","cell":"(149)-749-3825","id":{"name":"","value":null},"picture":{"large":"https://randomuser.me/api/portraits/men/71.jpg","medium":"https://randomuser.me/api/portraits/med/men/71.jpg","thumbnail":"https://randomuser.me/api/portraits/thumb/men/71.jpg"},"nat":"TR"}],"info":{"seed":"cce208071c565e89","results":1,"page":1,"version":"1.4"}} 
 </msg>
<msg time="2024-06-03T19:12:51.450495" level="INFO">/opt/hostedtoolcache/Python/3.12.3/x64/lib/python3.12/site-packages/urllib3/connectionpool.py:1103: InsecureRequestWarning: Unverified HTTPS request is being made to host 'randomuser.me'. Adding certificate verification is strongly advised. See: https://urllib3.readthedocs.io/en/latest/advanced-usage.html#tls-warnings
  warnings.warn(</msg>
<msg time="2024-06-03T19:12:51.450664" level="INFO">${response} = &lt;Response [200]&gt;</msg>
<var>${response}</var>
<arg>consultarAPI</arg>
<arg>/api</arg>
<doc>Sends a GET request on a previously created HTTP Session.</doc>
<status status="PASS" start="2024-06-03T19:12:51.278390" elapsed="0.172447"/>
</kw>
<kw name="Should Be Equal As Numbers" owner="BuiltIn">
<msg time="2024-06-03T19:12:51.451920" level="INFO">Argument types are:
&lt;class 'int'&gt;
&lt;class 'str'&gt;</msg>
<arg>${response.status_code}</arg>
<arg>200</arg>
<doc>Fails if objects are unequal after converting them to real numbers.</doc>
<status status="PASS" start="2024-06-03T19:12:51.451445" elapsed="0.000547"/>
</kw>
<kw name="Log" owner="BuiltIn">
<msg time="2024-06-03T19:12:51.452764" level="INFO">200</msg>
<arg>${response.status_code}</arg>
<doc>Logs the given message with the given level.</doc>
<status status="PASS" start="2024-06-03T19:12:51.452380" elapsed="0.000434"/>
</kw>
<kw name="Set Variable" owner="BuiltIn">
<msg time="2024-06-03T19:12:51.453608" level="INFO">${json_data} = {'results': [{'gender': 'male', 'name': {'title': 'Mr', 'first': 'Ege', 'last': 'Kunt'}, 'location': {'street': {'number': 3111, 'name': 'Maçka Cd'}, 'city': 'Hatay', 'state': 'Şırnak', 'country': 'Tu...</msg>
<var>${json_data}</var>
<arg>${response.json()}</arg>
<doc>Returns the given values which can then be assigned to a variables.</doc>
<status status="PASS" start="2024-06-03T19:12:51.453149" elapsed="0.000489"/>
</kw>
<kw name="Dictionary Should Contain Key" owner="Collections">
<msg time="2024-06-03T19:12:51.454177" level="INFO">False</msg>
<arg>${json_data}</arg>
<arg>results</arg>
<doc>Fails if ``key`` is not found from ``dictionary``.</doc>
<status status="PASS" start="2024-06-03T19:12:51.453958" elapsed="0.000261"/>
</kw>
<status status="PASS" start="2024-06-03T19:12:51.278134" elapsed="0.176421"/>
</kw>
<doc>Testa se a API responde corretamente e retorna um objeto JSON válido.</doc>
<tag>testeRequisicaoBasica</tag>
<status status="PASS" start="2024-06-03T19:12:51.277640" elapsed="0.177117"/>
</test>
<test id="s1-s1-t3" name="Validar estrutura de resposta" line="22">
<kw name="Teste de Estrutura de Resposta" owner="random-user-service">
<kw name="GET On Session" owner="RequestsLibrary">
<msg time="2024-06-03T19:12:51.560665" level="INFO">GET Request : url=https://randomuser.me/api 
 path_url=/api 
 headers={'User-Agent': 'python-requests/2.32.3', 'Accept-Encoding': 'gzip, deflate', 'Accept': '*/*', 'Connection': 'keep-alive'} 
 body=None 
 </msg>
<msg time="2024-06-03T19:12:51.560759" level="INFO">GET Response : url=https://randomuser.me/api 
 status=200, reason=OK 
 headers={'Date': 'Mon, 03 Jun 2024 19:12:51 GMT', 'Content-Type': 'application/json; charset=utf-8', 'Transfer-Encoding': 'chunked', 'Connection': 'keep-alive', 'X-Powered-By': 'Express', 'Access-Control-Allow-Origin': '*', 'Cache-Control': 'no-cache', 'ETag': 'W/"48a-WIa3peh8TUdmQW0qgsv2jbbsGUc"', 'Vary': 'Accept-Encoding', 'Content-Encoding': 'gzip', 'CF-Cache-Status': 'DYNAMIC', 'Report-To': '{"endpoints":[{"url":"https:\\/\\/a.nel.cloudflare.com\\/report\\/v4?s=rwAH2I704n7I2ralK7%2F32x%2B2x5zcL05UJwNbAsokHL%2F4TAP%2BBs%2BYdBeVOhstjKfcciVqQTDr9Nuz7EwZLhna9XK54HhKN8dfwCoEwROMpdH5Gog9ndpiBJOJ8dnkHan2"}],"group":"cf-nel","max_age":604800}', 'NEL': '{"success_fraction":0,"report_to":"cf-nel","max_age":604800}', 'Server': 'cloudflare', 'CF-RAY': '88e1ff419df559f2-IAD', 'alt-svc': 'h3=":443"; ma=86400'} 
 body={"results":[{"gender":"female","name":{"title":"Miss","first":"Nilce","last":"Moreira"},"location":{"street":{"number":4527,"name":"Rua Vinte de Setembro"},"city":"Novo Hamburgo","state":"Roraima","country":"Brazil","postcode":88546,"coordinates":{"latitude":"-77.8425","longitude":"30.9984"},"timezone":{"offset":"+4:30","description":"Kabul"}},"email":"nilce.moreira@example.com","login":{"uuid":"ba0a7e9d-d404-4953-b218-c82295619efb","username":"lazyrabbit553","password":"athlon","salt":"sarIwnDl","md5":"03aa096c1962e0d22c6daa736473c486","sha1":"d9608ef4f12574879720fad939641bfc5ea767ce","sha256":"155754ca8bc4da21693c7cea46f16e7c91f4afbe096cf5c0e81d0a79a759b38e"},"dob":{"date":"1952-07-04T04:51:26.277Z","age":71},"registered":{"date":"2005-10-28T02:58:11.995Z","age":18},"phone":"(34) 1589-7346","cell":"(03) 8065-8842","id":{"name":"CPF","value":"444.043.181-71"},"picture":{"large":"https://randomuser.me/api/portraits/women/57.jpg","medium":"https://randomuser.me/api/portraits/med/women/57.jpg","thumbnail":"https://randomuser.me/api/portraits/thumb/women/57.jpg"},"nat":"BR"}],"info":{"seed":"b981f58012f5c993","results":1,"page":1,"version":"1.4"}} 
 </msg>
<msg time="2024-06-03T19:12:51.560887" level="INFO">/opt/hostedtoolcache/Python/3.12.3/x64/lib/python3.12/site-packages/urllib3/connectionpool.py:1103: InsecureRequestWarning: Unverified HTTPS request is being made to host 'randomuser.me'. Adding certificate verification is strongly advised. See: https://urllib3.readthedocs.io/en/latest/advanced-usage.html#tls-warnings
  warnings.warn(</msg>
<msg time="2024-06-03T19:12:51.561034" level="INFO">${response} = &lt;Response [200]&gt;</msg>
<var>${response}</var>
<arg>consultarAPI</arg>
<arg>/api</arg>
<doc>Sends a GET request on a previously created HTTP Session.</doc>
<status status="PASS" start="2024-06-03T19:12:51.457524" elapsed="0.103552"/>
</kw>
<kw name="Set Variable" owner="BuiltIn">
<msg time="2024-06-03T19:12:51.562126" level="INFO">${json_data} = {'results': [{'gender': 'female', 'name': {'title': 'Miss', 'first': 'Nilce', 'last': 'Moreira'}, 'location': {'street': {'number': 4527, 'name': 'Rua Vinte de Setembro'}, 'city': 'Novo Hamburgo', 'st...</msg>
<var>${json_data}</var>
<arg>${response.json()}</arg>
<doc>Returns the given values which can then be assigned to a variables.</doc>
<status status="PASS" start="2024-06-03T19:12:51.561566" elapsed="0.000594"/>
</kw>
<kw name="Log" owner="BuiltIn">
<msg time="2024-06-03T19:12:51.562673" level="INFO">{'results': [{'gender': 'female', 'name': {'title': 'Miss', 'first': 'Nilce', 'last': 'Moreira'}, 'location': {'street': {'number': 4527, 'name': 'Rua Vinte de Setembro'}, 'city': 'Novo Hamburgo', 'state': 'Roraima', 'country': 'Brazil', 'postcode': 88546, 'coordinates': {'latitude': '-77.8425', 'longitude': '30.9984'}, 'timezone': {'offset': '+4:30', 'description': 'Kabul'}}, 'email': 'nilce.moreira@example.com', 'login': {'uuid': 'ba0a7e9d-d404-4953-b218-c82295619efb', 'username': 'lazyrabbit553', 'password': 'athlon', 'salt': 'sarIwnDl', 'md5': '03aa096c1962e0d22c6daa736473c486', 'sha1': 'd9608ef4f12574879720fad939641bfc5ea767ce', 'sha256': '155754ca8bc4da21693c7cea46f16e7c91f4afbe096cf5c0e81d0a79a759b38e'}, 'dob': {'date': '1952-07-04T04:51:26.277Z', 'age': 71}, 'registered': {'date': '2005-10-28T02:58:11.995Z', 'age': 18}, 'phone': '(34) 1589-7346', 'cell': '(03) 8065-8842', 'id': {'name': 'CPF', 'value': '444.043.181-71'}, 'picture': {'large': 'https://randomuser.me/api/portraits/women/57.jpg', 'medium': 'https://randomuser.me/api/portraits/med/women/57.jpg', 'thumbnail': 'https://randomuser.me/api/portraits/thumb/women/57.jpg'}, 'nat': 'BR'}], 'info': {'seed': 'b981f58012f5c993', 'results': 1, 'page': 1, 'version': '1.4'}}</msg>
<arg>${json_data}</arg>
<doc>Logs the given message with the given level.</doc>
<status status="PASS" start="2024-06-03T19:12:51.562506" elapsed="0.000225"/>
</kw>
<kw name="Dictionary Should Contain Key" owner="Collections">
<msg time="2024-06-03T19:12:51.563202" level="INFO">False</msg>
<arg>${json_data}</arg>
<arg>results</arg>
<doc>Fails if ``key`` is not found from ``dictionary``.</doc>
<status status="PASS" start="2024-06-03T19:12:51.563039" elapsed="0.000202"/>
</kw>
<kw name="Should Not Be Empty" owner="BuiltIn">
<msg time="2024-06-03T19:12:51.563684" level="INFO">Length is 2.</msg>
<arg>${json_data}</arg>
<doc>Verifies that the given item is not empty.</doc>
<status status="PASS" start="2024-06-03T19:12:51.563542" elapsed="0.000181"/>
</kw>
<kw name="Create List" owner="BuiltIn">
<msg time="2024-06-03T19:12:51.564337" level="INFO">${expected_keys} = ['gender', 'name', 'location', 'email', 'login']</msg>
<var>${expected_keys}</var>
<arg>gender</arg>
<arg>name</arg>
<arg>location</arg>
<arg>email</arg>
<arg>login</arg>
<doc>Returns a list containing given items.</doc>
<status status="PASS" start="2024-06-03T19:12:51.564017" elapsed="0.000346"/>
</kw>
<for flavor="IN">
<iter>
<kw name="Dictionary Should Contain Key" owner="Collections">
<msg time="2024-06-03T19:12:51.565417" level="INFO">False</msg>
<arg>${json_data['results'][0]}</arg>
<arg>${key}</arg>
<doc>Fails if ``key`` is not found from ``dictionary``.</doc>
<status status="PASS" start="2024-06-03T19:12:51.564984" elapsed="0.000481"/>
</kw>
<kw name="Log" owner="BuiltIn">
<msg time="2024-06-03T19:12:51.566175" level="INFO">{'gender': 'female', 'name': {'title': 'Miss', 'first': 'Nilce', 'last': 'Moreira'}, 'location': {'street': {'number': 4527, 'name': 'Rua Vinte de Setembro'}, 'city': 'Novo Hamburgo', 'state': 'Roraima', 'country': 'Brazil', 'postcode': 88546, 'coordinates': {'latitude': '-77.8425', 'longitude': '30.9984'}, 'timezone': {'offset': '+4:30', 'description': 'Kabul'}}, 'email': 'nilce.moreira@example.com', 'login': {'uuid': 'ba0a7e9d-d404-4953-b218-c82295619efb', 'username': 'lazyrabbit553', 'password': 'athlon', 'salt': 'sarIwnDl', 'md5': '03aa096c1962e0d22c6daa736473c486', 'sha1': 'd9608ef4f12574879720fad939641bfc5ea767ce', 'sha256': '155754ca8bc4da21693c7cea46f16e7c91f4afbe096cf5c0e81d0a79a759b38e'}, 'dob': {'date': '1952-07-04T04:51:26.277Z', 'age': 71}, 'registered': {'date': '2005-10-28T02:58:11.995Z', 'age': 18}, 'phone': '(34) 1589-7346', 'cell': '(03) 8065-8842', 'id': {'name': 'CPF', 'value': '444.043.181-71'}, 'picture': {'large': 'https://randomuser.me/api/portraits/women/57.jpg', 'medium': 'https://randomuser.me/api/portraits/med/women/57.jpg', 'thumbnail': 'https://randomuser.me/api/portraits/thumb/women/57.jpg'}, 'nat': 'BR'}</msg>
<arg>${json_data['results'][0]}</arg>
<doc>Logs the given message with the given level.</doc>
<status status="PASS" start="2024-06-03T19:12:51.565778" elapsed="0.000448"/>
</kw>
<kw name="Log" owner="BuiltIn">
<msg time="2024-06-03T19:12:51.566657" level="INFO">gender</msg>
<arg>${key}</arg>
<doc>Logs the given message with the given level.</doc>
<status status="PASS" start="2024-06-03T19:12:51.566525" elapsed="0.000171"/>
</kw>
<var name="${key}">gender</var>
<status status="PASS" start="2024-06-03T19:12:51.564840" elapsed="0.002077"/>
</iter>
<iter>
<kw name="Dictionary Should Contain Key" owner="Collections">
<msg time="2024-06-03T19:12:51.567723" level="INFO">False</msg>
<arg>${json_data['results'][0]}</arg>
<arg>${key}</arg>
<doc>Fails if ``key`` is not found from ``dictionary``.</doc>
<status status="PASS" start="2024-06-03T19:12:51.567234" elapsed="0.000530"/>
</kw>
<kw name="Log" owner="BuiltIn">
<msg time="2024-06-03T19:12:51.568466" level="INFO">{'gender': 'female', 'name': {'title': 'Miss', 'first': 'Nilce', 'last': 'Moreira'}, 'location': {'street': {'number': 4527, 'name': 'Rua Vinte de Setembro'}, 'city': 'Novo Hamburgo', 'state': 'Roraima', 'country': 'Brazil', 'postcode': 88546, 'coordinates': {'latitude': '-77.8425', 'longitude': '30.9984'}, 'timezone': {'offset': '+4:30', 'description': 'Kabul'}}, 'email': 'nilce.moreira@example.com', 'login': {'uuid': 'ba0a7e9d-d404-4953-b218-c82295619efb', 'username': 'lazyrabbit553', 'password': 'athlon', 'salt': 'sarIwnDl', 'md5': '03aa096c1962e0d22c6daa736473c486', 'sha1': 'd9608ef4f12574879720fad939641bfc5ea767ce', 'sha256': '155754ca8bc4da21693c7cea46f16e7c91f4afbe096cf5c0e81d0a79a759b38e'}, 'dob': {'date': '1952-07-04T04:51:26.277Z', 'age': 71}, 'registered': {'date': '2005-10-28T02:58:11.995Z', 'age': 18}, 'phone': '(34) 1589-7346', 'cell': '(03) 8065-8842', 'id': {'name': 'CPF', 'value': '444.043.181-71'}, 'picture': {'large': 'https://randomuser.me/api/portraits/women/57.jpg', 'medium': 'https://randomuser.me/api/portraits/med/women/57.jpg', 'thumbnail': 'https://randomuser.me/api/portraits/thumb/women/57.jpg'}, 'nat': 'BR'}</msg>
<arg>${json_data['results'][0]}</arg>
<doc>Logs the given message with the given level.</doc>
<status status="PASS" start="2024-06-03T19:12:51.568102" elapsed="0.000414"/>
</kw>
<kw name="Log" owner="BuiltIn">
<msg time="2024-06-03T19:12:51.568946" level="INFO">name</msg>
<arg>${key}</arg>
<doc>Logs the given message with the given level.</doc>
<status status="PASS" start="2024-06-03T19:12:51.568817" elapsed="0.000167"/>
</kw>
<var name="${key}">name</var>
<status status="PASS" start="2024-06-03T19:12:51.567114" elapsed="0.002087"/>
</iter>
<iter>
<kw name="Dictionary Should Contain Key" owner="Collections">
<msg time="2024-06-03T19:12:51.569889" level="INFO">False</msg>
<arg>${json_data['results'][0]}</arg>
<arg>${key}</arg>
<doc>Fails if ``key`` is not found from ``dictionary``.</doc>
<status status="PASS" start="2024-06-03T19:12:51.569506" elapsed="0.000421"/>
</kw>
<kw name="Log" owner="BuiltIn">
<msg time="2024-06-03T19:12:51.570604" level="INFO">{'gender': 'female', 'name': {'title': 'Miss', 'first': 'Nilce', 'last': 'Moreira'}, 'location': {'street': {'number': 4527, 'name': 'Rua Vinte de Setembro'}, 'city': 'Novo Hamburgo', 'state': 'Roraima', 'country': 'Brazil', 'postcode': 88546, 'coordinates': {'latitude': '-77.8425', 'longitude': '30.9984'}, 'timezone': {'offset': '+4:30', 'description': 'Kabul'}}, 'email': 'nilce.moreira@example.com', 'login': {'uuid': 'ba0a7e9d-d404-4953-b218-c82295619efb', 'username': 'lazyrabbit553', 'password': 'athlon', 'salt': 'sarIwnDl', 'md5': '03aa096c1962e0d22c6daa736473c486', 'sha1': 'd9608ef4f12574879720fad939641bfc5ea767ce', 'sha256': '155754ca8bc4da21693c7cea46f16e7c91f4afbe096cf5c0e81d0a79a759b38e'}, 'dob': {'date': '1952-07-04T04:51:26.277Z', 'age': 71}, 'registered': {'date': '2005-10-28T02:58:11.995Z', 'age': 18}, 'phone': '(34) 1589-7346', 'cell': '(03) 8065-8842', 'id': {'name': 'CPF', 'value': '444.043.181-71'}, 'picture': {'large': 'https://randomuser.me/api/portraits/women/57.jpg', 'medium': 'https://randomuser.me/api/portraits/med/women/57.jpg', 'thumbnail': 'https://randomuser.me/api/portraits/thumb/women/57.jpg'}, 'nat': 'BR'}</msg>
<arg>${json_data['results'][0]}</arg>
<doc>Logs the given message with the given level.</doc>
<status status="PASS" start="2024-06-03T19:12:51.570242" elapsed="0.000420"/>
</kw>
<kw name="Log" owner="BuiltIn">
<msg time="2024-06-03T19:12:51.571097" level="INFO">location</msg>
<arg>${key}</arg>
<doc>Logs the given message with the given level.</doc>
<status status="PASS" start="2024-06-03T19:12:51.570968" elapsed="0.000167"/>
</kw>
<var name="${key}">location</var>
<status status="PASS" start="2024-06-03T19:12:51.569385" elapsed="0.001967"/>
</iter>
<iter>
<kw name="Dictionary Should Contain Key" owner="Collections">
<msg time="2024-06-03T19:12:51.572026" level="INFO">False</msg>
<arg>${json_data['results'][0]}</arg>
<arg>${key}</arg>
<doc>Fails if ``key`` is not found from ``dictionary``.</doc>
<status status="PASS" start="2024-06-03T19:12:51.571645" elapsed="0.000420"/>
</kw>
<kw name="Log" owner="BuiltIn">
<msg time="2024-06-03T19:12:51.572723" level="INFO">{'gender': 'female', 'name': {'title': 'Miss', 'first': 'Nilce', 'last': 'Moreira'}, 'location': {'street': {'number': 4527, 'name': 'Rua Vinte de Setembro'}, 'city': 'Novo Hamburgo', 'state': 'Roraima', 'country': 'Brazil', 'postcode': 88546, 'coordinates': {'latitude': '-77.8425', 'longitude': '30.9984'}, 'timezone': {'offset': '+4:30', 'description': 'Kabul'}}, 'email': 'nilce.moreira@example.com', 'login': {'uuid': 'ba0a7e9d-d404-4953-b218-c82295619efb', 'username': 'lazyrabbit553', 'password': 'athlon', 'salt': 'sarIwnDl', 'md5': '03aa096c1962e0d22c6daa736473c486', 'sha1': 'd9608ef4f12574879720fad939641bfc5ea767ce', 'sha256': '155754ca8bc4da21693c7cea46f16e7c91f4afbe096cf5c0e81d0a79a759b38e'}, 'dob': {'date': '1952-07-04T04:51:26.277Z', 'age': 71}, 'registered': {'date': '2005-10-28T02:58:11.995Z', 'age': 18}, 'phone': '(34) 1589-7346', 'cell': '(03) 8065-8842', 'id': {'name': 'CPF', 'value': '444.043.181-71'}, 'picture': {'large': 'https://randomuser.me/api/portraits/women/57.jpg', 'medium': 'https://randomuser.me/api/portraits/med/women/57.jpg', 'thumbnail': 'https://randomuser.me/api/portraits/thumb/women/57.jpg'}, 'nat': 'BR'}</msg>
<arg>${json_data['results'][0]}</arg>
<doc>Logs the given message with the given level.</doc>
<status status="PASS" start="2024-06-03T19:12:51.572365" elapsed="0.000408"/>
</kw>
<kw name="Log" owner="BuiltIn">
<msg time="2024-06-03T19:12:51.573203" level="INFO">email</msg>
<arg>${key}</arg>
<doc>Logs the given message with the given level.</doc>
<status status="PASS" start="2024-06-03T19:12:51.573074" elapsed="0.000167"/>
</kw>
<var name="${key}">email</var>
<status status="PASS" start="2024-06-03T19:12:51.571527" elapsed="0.001934"/>
</iter>
<iter>
<kw name="Dictionary Should Contain Key" owner="Collections">
<msg time="2024-06-03T19:12:51.574160" level="INFO">False</msg>
<arg>${json_data['results'][0]}</arg>
<arg>${key}</arg>
<doc>Fails if ``key`` is not found from ``dictionary``.</doc>
<status status="PASS" start="2024-06-03T19:12:51.573752" elapsed="0.000448"/>
</kw>
<kw name="Log" owner="BuiltIn">
<msg time="2024-06-03T19:12:51.574868" level="INFO">{'gender': 'female', 'name': {'title': 'Miss', 'first': 'Nilce', 'last': 'Moreira'}, 'location': {'street': {'number': 4527, 'name': 'Rua Vinte de Setembro'}, 'city': 'Novo Hamburgo', 'state': 'Roraima', 'country': 'Brazil', 'postcode': 88546, 'coordinates': {'latitude': '-77.8425', 'longitude': '30.9984'}, 'timezone': {'offset': '+4:30', 'description': 'Kabul'}}, 'email': 'nilce.moreira@example.com', 'login': {'uuid': 'ba0a7e9d-d404-4953-b218-c82295619efb', 'username': 'lazyrabbit553', 'password': 'athlon', 'salt': 'sarIwnDl', 'md5': '03aa096c1962e0d22c6daa736473c486', 'sha1': 'd9608ef4f12574879720fad939641bfc5ea767ce', 'sha256': '155754ca8bc4da21693c7cea46f16e7c91f4afbe096cf5c0e81d0a79a759b38e'}, 'dob': {'date': '1952-07-04T04:51:26.277Z', 'age': 71}, 'registered': {'date': '2005-10-28T02:58:11.995Z', 'age': 18}, 'phone': '(34) 1589-7346', 'cell': '(03) 8065-8842', 'id': {'name': 'CPF', 'value': '444.043.181-71'}, 'picture': {'large': 'https://randomuser.me/api/portraits/women/57.jpg', 'medium': 'https://randomuser.me/api/portraits/med/women/57.jpg', 'thumbnail': 'https://randomuser.me/api/portraits/thumb/women/57.jpg'}, 'nat': 'BR'}</msg>
<arg>${json_data['results'][0]}</arg>
<doc>Logs the given message with the given level.</doc>
<status status="PASS" start="2024-06-03T19:12:51.574499" elapsed="0.000428"/>
</kw>
<kw name="Log" owner="BuiltIn">
<msg time="2024-06-03T19:12:51.575350" level="INFO">login</msg>
<arg>${key}</arg>
<doc>Logs the given message with the given level.</doc>
<status status="PASS" start="2024-06-03T19:12:51.575221" elapsed="0.000168"/>
</kw>
<var name="${key}">login</var>
<status status="PASS" start="2024-06-03T19:12:51.573638" elapsed="0.001991"/>
</iter>
<var>${key}</var>
<value>@{expected_keys}</value>
<status status="PASS" start="2024-06-03T19:12:51.564632" elapsed="0.011126"/>
</for>
<kw name="Create List" owner="BuiltIn">
<msg time="2024-06-03T19:12:51.576102" level="INFO">${expected_keysTwo} = ['username', 'password']</msg>
<var>${expected_keysTwo}</var>
<arg>username</arg>
<arg>password</arg>
<doc>Returns a list containing given items.</doc>
<status status="PASS" start="2024-06-03T19:12:51.575964" elapsed="0.000161"/>
</kw>
<for flavor="IN">
<iter>
<kw name="Dictionary Should Contain Key" owner="Collections">
<msg time="2024-06-03T19:12:51.577015" level="INFO">False</msg>
<arg>${json_data['results'][0]['login']}</arg>
<arg>${keyTwo}</arg>
<doc>Fails if ``key`` is not found from ``dictionary``.</doc>
<status status="PASS" start="2024-06-03T19:12:51.576636" elapsed="0.000417"/>
</kw>
<kw name="Dictionary Should Contain Key" owner="Collections">
<msg time="2024-06-03T19:12:51.577743" level="INFO">False</msg>
<arg>${json_data['results'][0]['login']}</arg>
<arg>${keyTwo}</arg>
<doc>Fails if ``key`` is not found from ``dictionary``.</doc>
<status status="PASS" start="2024-06-03T19:12:51.577349" elapsed="0.000432"/>
</kw>
<kw name="Log" owner="BuiltIn">
<msg time="2024-06-03T19:12:51.578239" level="INFO">username</msg>
<arg>${keyTwo}</arg>
<doc>Logs the given message with the given level.</doc>
<status status="PASS" start="2024-06-03T19:12:51.578106" elapsed="0.000171"/>
</kw>
<var name="${keyTwo}">username</var>
<status status="PASS" start="2024-06-03T19:12:51.576524" elapsed="0.001970"/>
</iter>
<iter>
<kw name="Dictionary Should Contain Key" owner="Collections">
<msg time="2024-06-03T19:12:51.579166" level="INFO">False</msg>
<arg>${json_data['results'][0]['login']}</arg>
<arg>${keyTwo}</arg>
<doc>Fails if ``key`` is not found from ``dictionary``.</doc>
<status status="PASS" start="2024-06-03T19:12:51.578788" elapsed="0.000416"/>
</kw>
<kw name="Dictionary Should Contain Key" owner="Collections">
<msg time="2024-06-03T19:12:51.579960" level="INFO">False</msg>
<arg>${json_data['results'][0]['login']}</arg>
<arg>${keyTwo}</arg>
<doc>Fails if ``key`` is not found from ``dictionary``.</doc>
<status status="PASS" start="2024-06-03T19:12:51.579500" elapsed="0.000500"/>
</kw>
<kw name="Log" owner="BuiltIn">
<msg time="2024-06-03T19:12:51.580442" level="INFO">password</msg>
<arg>${keyTwo}</arg>
<doc>Logs the given message with the given level.</doc>
<status status="PASS" start="2024-06-03T19:12:51.580301" elapsed="0.000178"/>
</kw>
<var name="${keyTwo}">password</var>
<status status="PASS" start="2024-06-03T19:12:51.578668" elapsed="0.002032"/>
</iter>
<var>${keyTwo}</var>
<value>@{expected_keysTwo}</value>
<status status="PASS" start="2024-06-03T19:12:51.576368" elapsed="0.004456"/>
</for>
<status status="PASS" start="2024-06-03T19:12:51.457277" elapsed="0.123704"/>
</kw>
<doc>Testa a estrutura da resposta da API.</doc>
<tag>testeEstruturaResposta</tag>
<status status="PASS" start="2024-06-03T19:12:51.456638" elapsed="0.124503"/>
</test>
<test id="s1-s1-t4" name="Validar tipos de dados" line="28">
<kw name="Teste de Tipos de Dados" owner="random-user-service">
<kw name="GET On Session" owner="RequestsLibrary">
<msg time="2024-06-03T19:12:51.659806" level="INFO">GET Request : url=https://randomuser.me/api 
 path_url=/api 
 headers={'User-Agent': 'python-requests/2.32.3', 'Accept-Encoding': 'gzip, deflate', 'Accept': '*/*', 'Connection': 'keep-alive'} 
 body=None 
 </msg>
<msg time="2024-06-03T19:12:51.659892" level="INFO">GET Response : url=https://randomuser.me/api 
 status=200, reason=OK 
 headers={'Date': 'Mon, 03 Jun 2024 19:12:51 GMT', 'Content-Type': 'application/json; charset=utf-8', 'Transfer-Encoding': 'chunked', 'Connection': 'keep-alive', 'X-Powered-By': 'Express', 'Access-Control-Allow-Origin': '*', 'Cache-Control': 'no-cache', 'ETag': 'W/"474-Rd+mqvWE8gqHdjfk5Whjp42n0lo"', 'Vary': 'Accept-Encoding', 'Content-Encoding': 'gzip', 'CF-Cache-Status': 'DYNAMIC', 'Report-To': '{"endpoints":[{"url":"https:\\/\\/a.nel.cloudflare.com\\/report\\/v4?s=oezjRxxeP8okzEuEjK29bvxM2Dez8JenMoz7dR4PlLIJ7u9jdaJE%2Bi6MknGPo7Aqm1V4OwvL1ftqkvKhjgQo5P%2BmDIlcnAAfa5FJ%2FITnT2ujZ5tM8bHJm9j0GnuufBFx"}],"group":"cf-nel","max_age":604800}', 'NEL': '{"success_fraction":0,"report_to":"cf-nel","max_age":604800}', 'Server': 'cloudflare', 'CF-RAY': '88e1ff426ee759f2-IAD', 'alt-svc': 'h3=":443"; ma=86400'} 
 body={"results":[{"gender":"female","name":{"title":"Miss","first":"Barbara","last":"Anderson"},"location":{"street":{"number":3699,"name":"The Avenue"},"city":"Cavan","state":"Westmeath","country":"Ireland","postcode":19563,"coordinates":{"latitude":"1.6756","longitude":"90.5882"},"timezone":{"offset":"-10:00","description":"Hawaii"}},"email":"barbara.anderson@example.com","login":{"uuid":"20015d3e-1153-4bfd-83a6-f4825fb5849c","username":"happyzebra360","password":"open","salt":"fxpT92sl","md5":"ebf2db077dc213cf4801ad0d5cab1adc","sha1":"e02a88019bbf2d063d1bd5255848bc2625267683","sha256":"c09ddedeba3d9aeb51b4fdc5bcd64ffd8963b7a47ba99c013ea2b17bedaa277c"},"dob":{"date":"1975-04-16T04:50:58.775Z","age":49},"registered":{"date":"2005-10-02T06:33:30.207Z","age":18},"phone":"071-635-2578","cell":"081-553-1640","id":{"name":"PPS","value":"7440761T"},"picture":{"large":"https://randomuser.me/api/portraits/women/33.jpg","medium":"https://randomuser.me/api/portraits/med/women/33.jpg","thumbnail":"https://randomuser.me/api/portraits/thumb/women/33.jpg"},"nat":"IE"}],"info":{"seed":"caa8db8c1efa1e31","results":1,"page":1,"version":"1.4"}} 
 </msg>
<msg time="2024-06-03T19:12:51.659958" level="INFO">/opt/hostedtoolcache/Python/3.12.3/x64/lib/python3.12/site-packages/urllib3/connectionpool.py:1103: InsecureRequestWarning: Unverified HTTPS request is being made to host 'randomuser.me'. Adding certificate verification is strongly advised. See: https://urllib3.readthedocs.io/en/latest/advanced-usage.html#tls-warnings
  warnings.warn(</msg>
<msg time="2024-06-03T19:12:51.660088" level="INFO">${response} = &lt;Response [200]&gt;</msg>
<var>${response}</var>
<arg>consultarAPI</arg>
<arg>/api</arg>
<doc>Sends a GET request on a previously created HTTP Session.</doc>
<status status="PASS" start="2024-06-03T19:12:51.583778" elapsed="0.076353"/>
</kw>
<kw name="Set Variable" owner="BuiltIn">
<msg time="2024-06-03T19:12:51.661099" level="INFO">${json_data} = {'results': [{'gender': 'female', 'name': {'title': 'Miss', 'first': 'Barbara', 'last': 'Anderson'}, 'location': {'street': {'number': 3699, 'name': 'The Avenue'}, 'city': 'Cavan', 'state': 'Westmeath...</msg>
<var>${json_data}</var>
<arg>${response.json()}</arg>
<doc>Returns the given values which can then be assigned to a variables.</doc>
<status status="PASS" start="2024-06-03T19:12:51.660592" elapsed="0.000535"/>
</kw>
<kw name="Log" owner="BuiltIn">
<msg time="2024-06-03T19:12:51.661616" level="INFO">{'results': [{'gender': 'female', 'name': {'title': 'Miss', 'first': 'Barbara', 'last': 'Anderson'}, 'location': {'street': {'number': 3699, 'name': 'The Avenue'}, 'city': 'Cavan', 'state': 'Westmeath', 'country': 'Ireland', 'postcode': 19563, 'coordinates': {'latitude': '1.6756', 'longitude': '90.5882'}, 'timezone': {'offset': '-10:00', 'description': 'Hawaii'}}, 'email': 'barbara.anderson@example.com', 'login': {'uuid': '20015d3e-1153-4bfd-83a6-f4825fb5849c', 'username': 'happyzebra360', 'password': 'open', 'salt': 'fxpT92sl', 'md5': 'ebf2db077dc213cf4801ad0d5cab1adc', 'sha1': 'e02a88019bbf2d063d1bd5255848bc2625267683', 'sha256': 'c09ddedeba3d9aeb51b4fdc5bcd64ffd8963b7a47ba99c013ea2b17bedaa277c'}, 'dob': {'date': '1975-04-16T04:50:58.775Z', 'age': 49}, 'registered': {'date': '2005-10-02T06:33:30.207Z', 'age': 18}, 'phone': '071-635-2578', 'cell': '081-553-1640', 'id': {'name': 'PPS', 'value': '7440761T'}, 'picture': {'large': 'https://randomuser.me/api/portraits/women/33.jpg', 'medium': 'https://randomuser.me/api/portraits/med/women/33.jpg', 'thumbnail': 'https://randomuser.me/api/portraits/thumb/women/33.jpg'}, 'nat': 'IE'}], 'info': {'seed': 'caa8db8c1efa1e31', 'results': 1, 'page': 1, 'version': '1.4'}}</msg>
<arg>${json_data}</arg>
<doc>Logs the given message with the given level.</doc>
<status status="PASS" start="2024-06-03T19:12:51.661456" elapsed="0.000257"/>
</kw>
<kw name="Should Be String" owner="String">
<arg>${json_data['results'][0]['gender']}</arg>
<doc>Fails if the given ``item`` is not a string.</doc>
<status status="PASS" start="2024-06-03T19:12:51.662026" elapsed="0.000410"/>
</kw>
<kw name="Should Match Regexp" owner="BuiltIn">
<arg>${json_data['results'][0]['email']}</arg>
<arg>^[a-zA-Z0-9._%+-]+@[a-zA-Z0-9.-]+\.[a-zA-Z]{2,}$</arg>
<doc>Fails if ``string`` does not match ``pattern`` as a regular expression.</doc>
<status status="PASS" start="2024-06-03T19:12:51.662635" elapsed="0.000528"/>
</kw>
<kw name="Should Match Regexp" owner="BuiltIn">
<arg>${json_data['results'][0]['dob']['date']}</arg>
<arg>\\d{4}-\\d{2}-\\d{2}T\\d{2}:\\d{2}:\\d{2}\\.\\d{3}Z</arg>
<doc>Fails if ``string`` does not match ``pattern`` as a regular expression.</doc>
<status status="PASS" start="2024-06-03T19:12:51.663365" elapsed="0.000493"/>
</kw>
<kw name="Should Match Regexp" owner="BuiltIn">
<arg>${json_data['results'][0]['registered']['date']}</arg>
<arg>\\d{4}-\\d{2}-\\d{2}T\\d{2}:\\d{2}:\\d{2}\\.\\d{3}Z</arg>
<doc>Fails if ``string`` does not match ``pattern`` as a regular expression.</doc>
<status status="PASS" start="2024-06-03T19:12:51.664055" elapsed="0.000364"/>
</kw>
<kw name="Should Match Regexp" owner="BuiltIn">
<arg>${json_data['results'][0]['picture']['large']}</arg>
<arg>^https?://.*\.(?:png|jpe?g|gif|bmp)$</arg>
<doc>Fails if ``string`` does not match ``pattern`` as a regular expression.</doc>
<status status="PASS" start="2024-06-03T19:12:51.664611" elapsed="0.000471"/>
</kw>
<kw name="Should Match Regexp" owner="BuiltIn">
<arg>${json_data['results'][0]['picture']['medium']}</arg>
<arg>^https?://.*\.(?:png|jpe?g|gif|bmp)$</arg>
<doc>Fails if ``string`` does not match ``pattern`` as a regular expression.</doc>
<status status="PASS" start="2024-06-03T19:12:51.665277" elapsed="0.000357"/>
</kw>
<kw name="Should Match Regexp" owner="BuiltIn">
<arg>${json_data['results'][0]['picture']['thumbnail']}</arg>
<arg>^https?://.*\.(?:png|jpe?g|gif|bmp)$</arg>
<doc>Fails if ``string`` does not match ``pattern`` as a regular expression.</doc>
<status status="PASS" start="2024-06-03T19:12:51.665823" elapsed="0.000372"/>
</kw>
<kw name="Log" owner="BuiltIn">
<msg time="2024-06-03T19:12:51.666714" level="INFO">{'large': 'https://randomuser.me/api/portraits/women/33.jpg', 'medium': 'https://randomuser.me/api/portraits/med/women/33.jpg', 'thumbnail': 'https://randomuser.me/api/portraits/thumb/women/33.jpg'}</msg>
<arg>${json_data['results'][0]['picture']}</arg>
<doc>Logs the given message with the given level.</doc>
<status status="PASS" start="2024-06-03T19:12:51.666390" elapsed="0.000367"/>
</kw>
<status status="PASS" start="2024-06-03T19:12:51.583535" elapsed="0.083483"/>
</kw>
<kw name="Teste de Tipos de Dados - Postcode" owner="random-user-service">
<kw name="GET On Session" owner="RequestsLibrary">
<msg time="2024-06-03T19:12:51.747248" level="INFO">GET Request : url=https://randomuser.me/api 
 path_url=/api 
 headers={'User-Agent': 'python-requests/2.32.3', 'Accept-Encoding': 'gzip, deflate', 'Accept': '*/*', 'Connection': 'keep-alive'} 
 body=None 
 </msg>
<msg time="2024-06-03T19:12:51.747330" level="INFO">GET Response : url=https://randomuser.me/api 
 status=200, reason=OK 
 headers={'Date': 'Mon, 03 Jun 2024 19:12:51 GMT', 'Content-Type': 'application/json; charset=utf-8', 'Transfer-Encoding': 'chunked', 'Connection': 'keep-alive', 'X-Powered-By': 'Express', 'Access-Control-Allow-Origin': '*', 'Cache-Control': 'no-cache', 'ETag': 'W/"4aa-/imxqPkrU6jg1up5Zl47Q0S8qug"', 'Vary': 'Accept-Encoding', 'Content-Encoding': 'gzip', 'CF-Cache-Status': 'DYNAMIC', 'Report-To': '{"endpoints":[{"url":"https:\\/\\/a.nel.cloudflare.com\\/report\\/v4?s=j43%2BNCAj%2FU1%2B1n22EA9e%2FerZDNuFA2g7RZKpk46S%2FB3AgyK3fhS%2BoKeirNrLNP8t60aAFtF8KUDPDkK74xG9Q80YSpDjS6MVyKBCJVx5VfMbWMLWs9oC4lvTih99Fb39"}],"group":"cf-nel","max_age":604800}', 'NEL': '{"success_fraction":0,"report_to":"cf-nel","max_age":604800}', 'Server': 'cloudflare', 'CF-RAY': '88e1ff42ef7f59f2-IAD', 'alt-svc': 'h3=":443"; ma=86400'} 
 body={"results":[{"gender":"female","name":{"title":"Mrs","first":"Olivia","last":"Freeman"},"location":{"street":{"number":4865,"name":"Fairview St"},"city":"St. Louis","state":"North Dakota","country":"United States","postcode":29330,"coordinates":{"latitude":"85.4436","longitude":"100.6158"},"timezone":{"offset":"+10:00","description":"Eastern Australia, Guam, Vladivostok"}},"email":"olivia.freeman@example.com","login":{"uuid":"b46f74da-3c8e-41be-bf16-1269d0bd8840","username":"happybutterfly216","password":"aikido","salt":"WG5fR5E0","md5":"2ddff02b1409300713571e19c939f224","sha1":"c7080fb12fd89e5a4e46fc0ab89c25bc41201cbc","sha256":"56855dcd93acbba1aff06e13857721b9c06f2adeacb2c2a711c4beb50b050e58"},"dob":{"date":"1969-05-12T01:54:53.140Z","age":55},"registered":{"date":"2014-05-02T21:59:48.103Z","age":10},"phone":"(268) 652-0721","cell":"(725) 247-3233","id":{"name":"SSN","value":"699-14-0585"},"picture":{"large":"https://randomuser.me/api/portraits/women/84.jpg","medium":"https://randomuser.me/api/portraits/med/women/84.jpg","thumbnail":"https://randomuser.me/api/portraits/thumb/women/84.jpg"},"nat":"US"}],"info":{"seed":"12d492115b2742b7","results":1,"page":1,"version":"1.4"}} 
 </msg>
<msg time="2024-06-03T19:12:51.747405" level="INFO">/opt/hostedtoolcache/Python/3.12.3/x64/lib/python3.12/site-packages/urllib3/connectionpool.py:1103: InsecureRequestWarning: Unverified HTTPS request is being made to host 'randomuser.me'. Adding certificate verification is strongly advised. See: https://urllib3.readthedocs.io/en/latest/advanced-usage.html#tls-warnings
  warnings.warn(</msg>
<msg time="2024-06-03T19:12:51.747539" level="INFO">${response} = &lt;Response [200]&gt;</msg>
<var>${response}</var>
<arg>consultarAPI</arg>
<arg>/api</arg>
<doc>Sends a GET request on a previously created HTTP Session.</doc>
<status status="PASS" start="2024-06-03T19:12:51.667486" elapsed="0.080102"/>
</kw>
<kw name="Set Variable" owner="BuiltIn">
<msg time="2024-06-03T19:12:51.748457" level="INFO">${json_data} = {'results': [{'gender': 'female', 'name': {'title': 'Mrs', 'first': 'Olivia', 'last': 'Freeman'}, 'location': {'street': {'number': 4865, 'name': 'Fairview St'}, 'city': 'St. Louis', 'state': 'North D...</msg>
<var>${json_data}</var>
<arg>${response.json()}</arg>
<doc>Returns the given values which can then be assigned to a variables.</doc>
<status status="PASS" start="2024-06-03T19:12:51.747988" elapsed="0.000500"/>
</kw>
<kw name="Log" owner="BuiltIn">
<msg time="2024-06-03T19:12:51.748954" level="INFO">{'results': [{'gender': 'female', 'name': {'title': 'Mrs', 'first': 'Olivia', 'last': 'Freeman'}, 'location': {'street': {'number': 4865, 'name': 'Fairview St'}, 'city': 'St. Louis', 'state': 'North Dakota', 'country': 'United States', 'postcode': 29330, 'coordinates': {'latitude': '85.4436', 'longitude': '100.6158'}, 'timezone': {'offset': '+10:00', 'description': 'Eastern Australia, Guam, Vladivostok'}}, 'email': 'olivia.freeman@example.com', 'login': {'uuid': 'b46f74da-3c8e-41be-bf16-1269d0bd8840', 'username': 'happybutterfly216', 'password': 'aikido', 'salt': 'WG5fR5E0', 'md5': '2ddff02b1409300713571e19c939f224', 'sha1': 'c7080fb12fd89e5a4e46fc0ab89c25bc41201cbc', 'sha256': '56855dcd93acbba1aff06e13857721b9c06f2adeacb2c2a711c4beb50b050e58'}, 'dob': {'date': '1969-05-12T01:54:53.140Z', 'age': 55}, 'registered': {'date': '2014-05-02T21:59:48.103Z', 'age': 10}, 'phone': '(268) 652-0721', 'cell': '(725) 247-3233', 'id': {'name': 'SSN', 'value': '699-14-0585'}, 'picture': {'large': 'https://randomuser.me/api/portraits/women/84.jpg', 'medium': 'https://randomuser.me/api/portraits/med/women/84.jpg', 'thumbnail': 'https://randomuser.me/api/portraits/thumb/women/84.jpg'}, 'nat': 'US'}], 'info': {'seed': '12d492115b2742b7', 'results': 1, 'page': 1, 'version': '1.4'}}</msg>
<arg>${json_data}</arg>
<doc>Logs the given message with the given level.</doc>
<status status="PASS" start="2024-06-03T19:12:51.748801" elapsed="0.000234"/>
</kw>
<kw name="Should Be Equal As Numbers" owner="BuiltIn">
<arg>${json_data['results'][0]['location']['postcode']}</arg>
<arg>${json_data['results'][0]['location']['postcode']}</arg>
<doc>Fails if objects are unequal after converting them to real numbers.</doc>
<status status="PASS" start="2024-06-03T19:12:51.749341" elapsed="0.000812"/>
</kw>
<kw name="Log" owner="BuiltIn">
<msg time="2024-06-03T19:12:51.750690" level="INFO">29330</msg>
<arg>${json_data['results'][0]['location']['postcode']}</arg>
<doc>Logs the given message with the given level.</doc>
<status status="PASS" start="2024-06-03T19:12:51.750350" elapsed="0.000382"/>
</kw>
<status status="PASS" start="2024-06-03T19:12:51.667248" elapsed="0.083743"/>
</kw>
<doc>Testa se os tipos de dados na resposta da API estão corretos.</doc>
<tag>testeTiposDados</tag>
<status status="PASS" start="2024-06-03T19:12:51.582971" elapsed="0.168188"/>
</test>
<test id="s1-s1-t5" name="Validar conteudo" line="35">
<kw name="Teste de Tipos de Conteudo" owner="random-user-service">
<kw name="GET On Session" owner="RequestsLibrary">
<msg time="2024-06-03T19:12:51.856938" level="INFO">GET Request : url=https://randomuser.me/api 
 path_url=/api 
 headers={'User-Agent': 'python-requests/2.32.3', 'Accept-Encoding': 'gzip, deflate', 'Accept': '*/*', 'Connection': 'keep-alive'} 
 body=None 
 </msg>
<msg time="2024-06-03T19:12:51.857018" level="INFO">GET Response : url=https://randomuser.me/api 
 status=200, reason=OK 
 headers={'Date': 'Mon, 03 Jun 2024 19:12:51 GMT', 'Content-Type': 'application/json; charset=utf-8', 'Transfer-Encoding': 'chunked', 'Connection': 'keep-alive', 'X-Powered-By': 'Express', 'Access-Control-Allow-Origin': '*', 'Cache-Control': 'no-cache', 'ETag': 'W/"4a5-cjAbA/g8NA2JCo5gsiO8ci0qON8"', 'Vary': 'Accept-Encoding', 'Content-Encoding': 'gzip', 'CF-Cache-Status': 'DYNAMIC', 'Report-To': '{"endpoints":[{"url":"https:\\/\\/a.nel.cloudflare.com\\/report\\/v4?s=L5KCC5Apb%2F1Ll2yFEgk68xRiAqX8UoQ2b8VocARtgfqQ9AmMJmyELyflTUBOG9lgUk8V7uLPzVvOuPlMHvRcEpHbzQm6wsRceshyjWW0PDPfLkj0KSaWTTvzYHMgJWFQ"}],"group":"cf-nel","max_age":604800}', 'NEL': '{"success_fraction":0,"report_to":"cf-nel","max_age":604800}', 'Server': 'cloudflare', 'CF-RAY': '88e1ff43780459f2-IAD', 'alt-svc': 'h3=":443"; ma=86400'} 
 body={"results":[{"gender":"female","name":{"title":"Mrs","first":"Shilpa","last":"Kavser"},"location":{"street":{"number":955,"name":"Bandstand Promenade"},"city":"Nellore","state":"Uttarakhand","country":"India","postcode":56690,"coordinates":{"latitude":"5.3689","longitude":"114.6301"},"timezone":{"offset":"0:00","description":"Western Europe Time, London, Lisbon, Casablanca"}},"email":"shilpa.kavser@example.com","login":{"uuid":"c65710af-8821-44f1-82ba-11a7f97dea46","username":"purplebird204","password":"playmate","salt":"Hkhq0gUl","md5":"27901eca5590fd5448cabe03ec6bada3","sha1":"b09ad1abbffbb6fae750be8459628206e324d622","sha256":"96ee7e78a8239b8344610dc600a000d53bee50c725c2c6fd805a783297e28a6e"},"dob":{"date":"1982-12-09T15:25:05.590Z","age":41},"registered":{"date":"2011-10-07T06:05:30.746Z","age":12},"phone":"8489633553","cell":"7095481909","id":{"name":"UIDAI","value":"382552543215"},"picture":{"large":"https://randomuser.me/api/portraits/women/96.jpg","medium":"https://randomuser.me/api/portraits/med/women/96.jpg","thumbnail":"https://randomuser.me/api/portraits/thumb/women/96.jpg"},"nat":"IN"}],"info":{"seed":"fea11f8491e14b4e","results":1,"page":1,"version":"1.4"}} 
 </msg>
<msg time="2024-06-03T19:12:51.857083" level="INFO">/opt/hostedtoolcache/Python/3.12.3/x64/lib/python3.12/site-packages/urllib3/connectionpool.py:1103: InsecureRequestWarning: Unverified HTTPS request is being made to host 'randomuser.me'. Adding certificate verification is strongly advised. See: https://urllib3.readthedocs.io/en/latest/advanced-usage.html#tls-warnings
  warnings.warn(</msg>
<msg time="2024-06-03T19:12:51.857204" level="INFO">${response} = &lt;Response [200]&gt;</msg>
<var>${response}</var>
<arg>consultarAPI</arg>
<arg>/api</arg>
<doc>Sends a GET request on a previously created HTTP Session.</doc>
<status status="PASS" start="2024-06-03T19:12:51.753682" elapsed="0.103565"/>
</kw>
<kw name="Set Variable" owner="BuiltIn">
<msg time="2024-06-03T19:12:51.858212" level="INFO">${json_data} = {'results': [{'gender': 'female', 'name': {'title': 'Mrs', 'first': 'Shilpa', 'last': 'Kavser'}, 'location': {'street': {'number': 955, 'name': 'Bandstand Promenade'}, 'city': 'Nellore', 'state': 'Utt...</msg>
<var>${json_data}</var>
<arg>${response.json()}</arg>
<doc>Returns the given values which can then be assigned to a variables.</doc>
<status status="PASS" start="2024-06-03T19:12:51.857695" elapsed="0.000547"/>
</kw>
<kw name="Set Variable" owner="BuiltIn">
<msg time="2024-06-03T19:12:51.858936" level="INFO">${name_title} = Mrs</msg>
<var>${name_title}</var>
<arg>${json_data["results"][0]["name"]["title"]}</arg>
<doc>Returns the given values which can then be assigned to a variables.</doc>
<status status="PASS" start="2024-06-03T19:12:51.858550" elapsed="0.000412"/>
</kw>
<kw name="Create List" owner="BuiltIn">
<msg time="2024-06-03T19:12:51.859413" level="INFO">${allowed_titles} = ['Mr', 'Ms', 'Miss', 'Mrs', 'Madame', 'Monsieur']</msg>
<var>${allowed_titles}</var>
<arg>Mr</arg>
<arg>Ms</arg>
<arg>Miss</arg>
<arg>Mrs</arg>
<arg>Madame</arg>
<arg>Monsieur</arg>
<doc>Returns a list containing given items.</doc>
<status status="PASS" start="2024-06-03T19:12:51.859264" elapsed="0.000174"/>
</kw>
<kw name="List Should Contain Value" owner="Collections">
<msg time="2024-06-03T19:12:51.859918" level="INFO">False</msg>
<arg>${allowed_titles}</arg>
<arg>${name_title}</arg>
<doc>Fails if the ``value`` is not found from ``list``.</doc>
<status status="PASS" start="2024-06-03T19:12:51.859743" elapsed="0.000216"/>
</kw>
<kw name="Set Variable" owner="BuiltIn">
<msg time="2024-06-03T19:12:51.860631" level="INFO">${name_country} = IN</msg>
<var>${name_country}</var>
<arg>${json_data["results"][0]["nat"]}</arg>
<doc>Returns the given values which can then be assigned to a variables.</doc>
<status status="PASS" start="2024-06-03T19:12:51.860249" elapsed="0.000407"/>
</kw>
<kw name="Create List" owner="BuiltIn">
<msg time="2024-06-03T19:12:51.861542" level="INFO">${list_country} = ['AD', 'AE', 'AF', 'AG', 'AI', 'AL', 'AM', 'AO', 'AQ', 'AR', 'AS', 'AT', 'AU', 'AW', 'AX', 'AZ', 'BA', 'BB', 'BD', 'BE', 'BF', 'BG', 'BH', 'BI', 'BJ', 'BL', 'BM', 'BN', 'BO', 'BQ', 'BR', 'BS', 'BT', '...</msg>
<var>${list_country}</var>
<arg>AD</arg>
<arg>AE</arg>
<arg>AF</arg>
<arg>AG</arg>
<arg>AI</arg>
<arg>AL</arg>
<arg>AM</arg>
<arg>AO</arg>
<arg>AQ</arg>
<arg>AR</arg>
<arg>AS</arg>
<arg>AT</arg>
<arg>AU</arg>
<arg>AW</arg>
<arg>AX</arg>
<arg>AZ</arg>
<arg>BA</arg>
<arg>BB</arg>
<arg>BD</arg>
<arg>BE</arg>
<arg>BF</arg>
<arg>BG</arg>
<arg>BH</arg>
<arg>BI</arg>
<arg>BJ</arg>
<arg>BL</arg>
<arg>BM</arg>
<arg>BN</arg>
<arg>BO</arg>
<arg>BQ</arg>
<arg>BR</arg>
<arg>BS</arg>
<arg>BT</arg>
<arg>BV</arg>
<arg>BW</arg>
<arg>BY</arg>
<arg>BZ</arg>
<arg>CA</arg>
<arg>CC</arg>
<arg>CD</arg>
<arg>CF</arg>
<arg>CG</arg>
<arg>CH</arg>
<arg>CI</arg>
<arg>CK</arg>
<arg>CL</arg>
<arg>CM</arg>
<arg>CN</arg>
<arg>CO</arg>
<arg>CR</arg>
<arg>CU</arg>
<arg>CV</arg>
<arg>CW</arg>
<arg>CX</arg>
<arg>CY</arg>
<arg>CZ</arg>
<arg>DE</arg>
<arg>DJ</arg>
<arg>DK</arg>
<arg>DM</arg>
<arg>DO</arg>
<arg>DZ</arg>
<arg>EC</arg>
<arg>EE</arg>
<arg>EG</arg>
<arg>EH</arg>
<arg>ER</arg>
<arg>ES</arg>
<arg>ET</arg>
<arg>FI</arg>
<arg>FJ</arg>
<arg>FK</arg>
<arg>FM</arg>
<arg>FO</arg>
<arg>FR</arg>
<arg>GA</arg>
<arg>GB</arg>
<arg>GD</arg>
<arg>GE</arg>
<arg>GF</arg>
<arg>GG</arg>
<arg>GH</arg>
<arg>GI</arg>
<arg>GL</arg>
<arg>GM</arg>
<arg>GN</arg>
<arg>GP</arg>
<arg>GQ</arg>
<arg>GR</arg>
<arg>GS</arg>
<arg>GT</arg>
<arg>GU</arg>
<arg>GW</arg>
<arg>GY</arg>
<arg>HK</arg>
<arg>HM</arg>
<arg>HN</arg>
<arg>HR</arg>
<arg>HT</arg>
<arg>HU</arg>
<arg>ID</arg>
<arg>IE</arg>
<arg>IL</arg>
<arg>IM</arg>
<arg>IN</arg>
<arg>IO</arg>
<arg>IQ</arg>
<arg>IR</arg>
<arg>IS</arg>
<arg>IT</arg>
<arg>JE</arg>
<arg>JM</arg>
<arg>JO</arg>
<arg>JP</arg>
<arg>KE</arg>
<arg>KG</arg>
<arg>KH</arg>
<arg>KI</arg>
<arg>KM</arg>
<arg>KN</arg>
<arg>KP</arg>
<arg>KR</arg>
<arg>KW</arg>
<arg>KY</arg>
<arg>KZ</arg>
<arg>LA</arg>
<arg>LB</arg>
<arg>LC</arg>
<arg>LI</arg>
<arg>LK</arg>
<arg>LR</arg>
<arg>LS</arg>
<arg>LT</arg>
<arg>LU</arg>
<arg>LV</arg>
<arg>LY</arg>
<arg>MA</arg>
<arg>MC</arg>
<arg>MD</arg>
<arg>ME</arg>
<arg>MF</arg>
<arg>MG</arg>
<arg>MH</arg>
<arg>MK</arg>
<arg>ML</arg>
<arg>MM</arg>
<arg>MN</arg>
<arg>MO</arg>
<arg>MP</arg>
<arg>MQ</arg>
<arg>MR</arg>
<arg>MS</arg>
<arg>MT</arg>
<arg>MU</arg>
<arg>MV</arg>
<arg>MW</arg>
<arg>MX</arg>
<arg>MY</arg>
<arg>MZ</arg>
<arg>NA</arg>
<arg>NC</arg>
<arg>NE</arg>
<arg>NF</arg>
<arg>NG</arg>
<arg>NI</arg>
<arg>NL</arg>
<arg>NO</arg>
<arg>NP</arg>
<arg>NR</arg>
<arg>NU</arg>
<arg>NZ</arg>
<arg>OM</arg>
<arg>PA</arg>
<arg>PE</arg>
<arg>PF</arg>
<arg>PG</arg>
<arg>PH</arg>
<arg>PK</arg>
<arg>PL</arg>
<arg>PM</arg>
<arg>PN</arg>
<arg>PR</arg>
<arg>PS</arg>
<arg>PT</arg>
<arg>PW</arg>
<arg>PY</arg>
<arg>QA</arg>
<arg>RE</arg>
<arg>RO</arg>
<arg>RS</arg>
<arg>RU</arg>
<arg>RW</arg>
<arg>SA</arg>
<arg>SB</arg>
<arg>SC</arg>
<arg>SD</arg>
<arg>SE</arg>
<arg>SG</arg>
<arg>SH</arg>
<arg>SI</arg>
<arg>SJ</arg>
<arg>SK</arg>
<arg>SL</arg>
<arg>SM</arg>
<arg>SN</arg>
<arg>SO</arg>
<arg>SR</arg>
<arg>SS</arg>
<arg>ST</arg>
<arg>SV</arg>
<arg>SX</arg>
<arg>SY</arg>
<arg>SZ</arg>
<arg>TC</arg>
<arg>TD</arg>
<arg>TF</arg>
<arg>TG</arg>
<arg>TH</arg>
<arg>TJ</arg>
<arg>TK</arg>
<arg>TL</arg>
<arg>TM</arg>
<arg>TN</arg>
<arg>TO</arg>
<arg>TR</arg>
<arg>TT</arg>
<arg>TV</arg>
<arg>TW</arg>
<arg>TZ</arg>
<arg>UA</arg>
<arg>UG</arg>
<arg>UM</arg>
<arg>US</arg>
<arg>UY</arg>
<arg>UZ</arg>
<arg>VA</arg>
<arg>VC</arg>
<arg>VE</arg>
<arg>VG</arg>
<arg>VI</arg>
<arg>VN</arg>
<arg>VU</arg>
<arg>WF</arg>
<arg>WS</arg>
<arg>XK</arg>
<arg>YE</arg>
<arg>YT</arg>
<arg>ZA</arg>
<arg>ZM</arg>
<arg>ZW</arg>
<doc>Returns a list containing given items.</doc>
<status status="PASS" start="2024-06-03T19:12:51.860956" elapsed="0.000611"/>
</kw>
<kw name="List Should Contain Value" owner="Collections">
<msg time="2024-06-03T19:12:51.862612" level="INFO">False</msg>
<arg>${list_country}</arg>
<arg>${name_country}</arg>
<doc>Fails if the ``value`` is not found from ``list``.</doc>
<status status="PASS" start="2024-06-03T19:12:51.862399" elapsed="0.000249"/>
</kw>
<kw name="Run Keyword If" owner="BuiltIn">
<kw name="Should Be True" owner="BuiltIn">
<arg>${True}</arg>
<doc>Fails if the given condition is not true.</doc>
<status status="PASS" start="2024-06-03T19:12:51.863715" elapsed="0.000143"/>
</kw>
<arg>${json_data["results"][0]["location"]["coordinates"]["latitude"]} &gt;= -90 and ${json_data["results"][0]["location"]["coordinates"]["latitude"]} &lt;= 90</arg>
<arg>Should Be True</arg>
<arg>${True}</arg>
<doc>Runs the given keyword with the given arguments, if ``condition`` is true.</doc>
<status status="PASS" start="2024-06-03T19:12:51.862961" elapsed="0.001023"/>
</kw>
<kw name="Run Keyword If" owner="BuiltIn">
<kw name="Should Be True" owner="BuiltIn">
<arg>${True}</arg>
<doc>Fails if the given condition is not true.</doc>
<status status="PASS" start="2024-06-03T19:12:51.864867" elapsed="0.000256"/>
</kw>
<arg>${json_data["results"][0]["location"]["coordinates"]["longitude"]} &gt;= -180 and ${json_data["results"][0]["location"]["coordinates"]["longitude"]} &lt;= 180</arg>
<arg>Should Be True</arg>
<arg>${True}</arg>
<doc>Runs the given keyword with the given arguments, if ``condition`` is true.</doc>
<status status="PASS" start="2024-06-03T19:12:51.864168" elapsed="0.001081"/>
</kw>
<status status="PASS" start="2024-06-03T19:12:51.753451" elapsed="0.111929"/>
</kw>
<doc>Testa o conteúdo específico dos campos retornados pela API.</doc>
<tag>testeConteudo</tag>
<status status="PASS" start="2024-06-03T19:12:51.752913" elapsed="0.112617"/>
</test>
<status status="PASS" start="2024-06-03T19:12:50.924387" elapsed="0.943067"/>
</suite>
<status status="PASS" start="2024-06-03T19:12:50.910808" elapsed="0.961724"/>
</suite>
<statistics>
<total>
<stat pass="5" fail="0" skip="0">All Tests</stat>
</total>
<tag>
<stat pass="1" fail="0" skip="0">testeConteudo</stat>
<stat pass="1" fail="0" skip="0">testeEstruturaResposta</stat>
<stat pass="1" fail="0" skip="0">testeRequisicaoBasica</stat>
<stat pass="1" fail="0" skip="0">testeTiposDados</stat>
</tag>
<suite>
<stat pass="5" fail="0" skip="0" id="s1" name="Tests">Tests</stat>
<stat pass="5" fail="0" skip="0" id="s1-s1" name="Random-User-Test">Tests.Random-User-Test</stat>
</suite>
</statistics>
<errors>
</errors>
</robot>
