<?xml version="1.0" encoding="UTF-8"?>
<robot generator="Robot 7.0 (Python 3.12.3 on linux)" generated="2024-05-08T22:13:00.260267" rpa="false" schemaversion="5">
<suite id="s1" name="Tests" source="/home/runner/work/DesafioQAItauRogerioJordao/DesafioQAItauRogerioJordao/RamdonUser/tests">
<suite id="s1-s1" name="Random-User-Test" source="/home/runner/work/DesafioQAItauRogerioJordao/DesafioQAItauRogerioJordao/RamdonUser/tests/random-user-test.robot">
<test id="s1-s1-t1" name="Conectar" line="13">
<kw name="Conectar API" owner="random-user-service">
<kw name="Create Session" owner="RequestsLibrary">
<msg time="2024-05-08T22:13:00.680088" level="INFO">Creating Session using : alias=consultarAPI, url=https://randomuser.me/, headers={},                     cookies={}, auth=None, timeout=None, proxies=None, verify=False,                     debug=0 </msg>
<arg>consultarAPI</arg>
<arg>${URL}</arg>
<doc>Create Session: create a HTTP session to a server</doc>
<status status="PASS" start="2024-05-08T22:13:00.679858" elapsed="0.000440"/>
</kw>
<status status="PASS" start="2024-05-08T22:13:00.678754" elapsed="0.001942"/>
</kw>
<status status="PASS" start="2024-05-08T22:13:00.678036" elapsed="0.002870"/>
</test>
<test id="s1-s1-t2" name="Validar retorno 200 e JSON Válido" line="16">
<kw name="Teste de Requisicao Basica" owner="random-user-service">
<kw name="GET On Session" owner="RequestsLibrary">
<msg time="2024-05-08T22:13:00.774218" level="INFO">GET Request : url=https://randomuser.me/api 
 path_url=/api 
 headers={'User-Agent': 'python-requests/2.31.0', 'Accept-Encoding': 'gzip, deflate', 'Accept': '*/*', 'Connection': 'keep-alive'} 
 body=None 
 </msg>
<msg time="2024-05-08T22:13:00.774388" level="INFO">GET Response : url=https://randomuser.me/api 
 status=200, reason=OK 
 headers={'Date': 'Wed, 08 May 2024 22:13:00 GMT', 'Content-Type': 'application/json; charset=utf-8', 'Transfer-Encoding': 'chunked', 'Connection': 'keep-alive', 'X-Powered-By': 'Express', 'Access-Control-Allow-Origin': '*', 'Cache-Control': 'no-cache', 'ETag': 'W/"485-5DV0uiR6RWUqlGP/3UrQITJnghU"', 'Vary': 'Accept-Encoding', 'Content-Encoding': 'gzip', 'CF-Cache-Status': 'DYNAMIC', 'Report-To': '{"endpoints":[{"url":"https:\\/\\/a.nel.cloudflare.com\\/report\\/v4?s=CiVK2wONyWFQenef2HL4tTrrLT0OqEwuwwSe%2Fop3ndjVnqaJMGilM65qiunF%2FfHguUkj9lBTPSDhIMjBOpeXULeT8E%2FaW0pOGRa5fF4%2BNNvwNa33tzlU%2BnQSf%2BM7v3U%2F"}],"group":"cf-nel","max_age":604800}', 'NEL': '{"success_fraction":0,"report_to":"cf-nel","max_age":604800}', 'Server': 'cloudflare', 'CF-RAY': '880ccb6788f210b8-ORD', 'alt-svc': 'h3=":443"; ma=86400'} 
 body={"results":[{"gender":"male","name":{"title":"Mr","first":"Eliano","last":"da Costa"},"location":{"street":{"number":1371,"name":"Rua Duque de Caxias "},"city":"Jandira","state":"São Paulo","country":"Brazil","postcode":57900,"coordinates":{"latitude":"-78.3753","longitude":"-93.7613"},"timezone":{"offset":"+4:30","description":"Kabul"}},"email":"eliano.dacosta@example.com","login":{"uuid":"53a257f8-2d45-49aa-820c-0a82e937d28f","username":"beautifulrabbit110","password":"boater","salt":"i3svKPOG","md5":"5c465ea281b385ab9bfb6704ffa57164","sha1":"2e08a7f984a8d77221cf2a88ed5a03c392480647","sha256":"6ce52c587b3a64d926b2b972e316de8862ee667fcb34e731483265a892fb9bc6"},"dob":{"date":"1982-04-09T16:31:02.240Z","age":42},"registered":{"date":"2012-05-30T00:09:45.057Z","age":11},"phone":"(95) 2481-5902","cell":"(00) 7444-9687","id":{"name":"CPF","value":"516.687.789-83"},"picture":{"large":"https://randomuser.me/api/portraits/men/15.jpg","medium":"https://randomuser.me/api/portraits/med/men/15.jpg","thumbnail":"https://randomuser.me/api/portraits/thumb/men/15.jpg"},"nat":"BR"}],"info":{"seed":"c6ef00bb5a726811","results":1,"page":1,"version":"1.4"}} 
 </msg>
<msg time="2024-05-08T22:13:00.774481" level="INFO">/opt/hostedtoolcache/Python/3.12.3/x64/lib/python3.12/site-packages/urllib3/connectionpool.py:1103: InsecureRequestWarning: Unverified HTTPS request is being made to host 'randomuser.me'. Adding certificate verification is strongly advised. See: https://urllib3.readthedocs.io/en/latest/advanced-usage.html#tls-warnings
  warnings.warn(</msg>
<msg time="2024-05-08T22:13:00.774627" level="INFO">${response} = &lt;Response [200]&gt;</msg>
<var>${response}</var>
<arg>consultarAPI</arg>
<arg>/api</arg>
<doc>Sends a GET request on a previously created HTTP Session.</doc>
<status status="PASS" start="2024-05-08T22:13:00.683829" elapsed="0.090842"/>
</kw>
<kw name="Should Be Equal As Numbers" owner="BuiltIn">
<msg time="2024-05-08T22:13:00.775765" level="INFO">Argument types are:
&lt;class 'int'&gt;
&lt;class 'str'&gt;</msg>
<arg>${response.status_code}</arg>
<arg>200</arg>
<doc>Fails if objects are unequal after converting them to real numbers.</doc>
<status status="PASS" start="2024-05-08T22:13:00.775240" elapsed="0.000593"/>
</kw>
<kw name="Log" owner="BuiltIn">
<msg time="2024-05-08T22:13:00.776561" level="INFO">200</msg>
<arg>${response.status_code}</arg>
<doc>Logs the given message with the given level.</doc>
<status status="PASS" start="2024-05-08T22:13:00.776199" elapsed="0.000404"/>
</kw>
<kw name="Set Variable" owner="BuiltIn">
<msg time="2024-05-08T22:13:00.777367" level="INFO">${json_data} = {'results': [{'gender': 'male', 'name': {'title': 'Mr', 'first': 'Eliano', 'last': 'da Costa'}, 'location': {'street': {'number': 1371, 'name': 'Rua Duque de Caxias '}, 'city': 'Jandira', 'state': 'Sã...</msg>
<var>${json_data}</var>
<arg>${response.json()}</arg>
<doc>Returns the given values which can then be assigned to a variables.</doc>
<status status="PASS" start="2024-05-08T22:13:00.776908" elapsed="0.000488"/>
</kw>
<kw name="Dictionary Should Contain Key" owner="Collections">
<msg time="2024-05-08T22:13:00.777868" level="INFO">False</msg>
<arg>${json_data}</arg>
<arg>results</arg>
<doc>Fails if ``key`` is not found from ``dictionary``.</doc>
<status status="PASS" start="2024-05-08T22:13:00.777700" elapsed="0.000208"/>
</kw>
<status status="PASS" start="2024-05-08T22:13:00.683507" elapsed="0.094662"/>
</kw>
<doc>Testa se a API responde corretamente e retorna um objeto JSON válido.</doc>
<tag>testeRequisicaoBasica</tag>
<status status="PASS" start="2024-05-08T22:13:00.682893" elapsed="0.095461"/>
</test>
<test id="s1-s1-t3" name="Validar estrutura de resposta" line="22">
<kw name="Teste de Estrutura de Resposta" owner="random-user-service">
<kw name="GET On Session" owner="RequestsLibrary">
<msg time="2024-05-08T22:13:00.880280" level="INFO">GET Request : url=https://randomuser.me/api 
 path_url=/api 
 headers={'User-Agent': 'python-requests/2.31.0', 'Accept-Encoding': 'gzip, deflate', 'Accept': '*/*', 'Connection': 'keep-alive'} 
 body=None 
 </msg>
<msg time="2024-05-08T22:13:00.880386" level="INFO">GET Response : url=https://randomuser.me/api 
 status=200, reason=OK 
 headers={'Date': 'Wed, 08 May 2024 22:13:00 GMT', 'Content-Type': 'application/json; charset=utf-8', 'Transfer-Encoding': 'chunked', 'Connection': 'keep-alive', 'X-Powered-By': 'Express', 'Access-Control-Allow-Origin': '*', 'Cache-Control': 'no-cache', 'ETag': 'W/"486-S2FVoWyud0r86k4V4LOHriei6SQ"', 'Vary': 'Accept-Encoding', 'Content-Encoding': 'gzip', 'CF-Cache-Status': 'DYNAMIC', 'Report-To': '{"endpoints":[{"url":"https:\\/\\/a.nel.cloudflare.com\\/report\\/v4?s=HauSO7o%2Fdheucs55RVR5IJNHlQBlkhL07HpaFSlf67MCIkNOuEuiWR%2BdeZBD9MobptzoNAkTrVpCAvvufJLPKrpxFdj0Yb8lFlIh3hBr0kogWblrhxusHt1QCq6rsGdf"}],"group":"cf-nel","max_age":604800}', 'NEL': '{"success_fraction":0,"report_to":"cf-nel","max_age":604800}', 'Server': 'cloudflare', 'CF-RAY': '880ccb67e97810b8-ORD', 'alt-svc': 'h3=":443"; ma=86400'} 
 body={"results":[{"gender":"male","name":{"title":"Mr","first":"Nimit","last":"Gatty"},"location":{"street":{"number":7465,"name":"Bandstand Promenade"},"city":"Dindigul","state":"Chhattisgarh","country":"India","postcode":44902,"coordinates":{"latitude":"10.5932","longitude":"-24.0491"},"timezone":{"offset":"-8:00","description":"Pacific Time (US &amp; Canada)"}},"email":"nimit.gatty@example.com","login":{"uuid":"a52b0436-26a4-4d1c-876f-05170006d912","username":"greenzebra151","password":"hotrod","salt":"jyOt2gWF","md5":"ba20a174d11b1c2280bf46d160b6a948","sha1":"c08808a5311cee4e6a9ebb6903ca0647aae565f6","sha256":"dce34c81cbca556952bd1facca9bb81183cee9d390a731409216e090e779c8b3"},"dob":{"date":"1963-12-04T04:00:35.407Z","age":60},"registered":{"date":"2004-01-22T02:55:14.471Z","age":20},"phone":"7004860102","cell":"8098212467","id":{"name":"UIDAI","value":"923489098714"},"picture":{"large":"https://randomuser.me/api/portraits/men/47.jpg","medium":"https://randomuser.me/api/portraits/med/men/47.jpg","thumbnail":"https://randomuser.me/api/portraits/thumb/men/47.jpg"},"nat":"IN"}],"info":{"seed":"777628aa37c67809","results":1,"page":1,"version":"1.4"}} 
 </msg>
<msg time="2024-05-08T22:13:00.880515" level="INFO">/opt/hostedtoolcache/Python/3.12.3/x64/lib/python3.12/site-packages/urllib3/connectionpool.py:1103: InsecureRequestWarning: Unverified HTTPS request is being made to host 'randomuser.me'. Adding certificate verification is strongly advised. See: https://urllib3.readthedocs.io/en/latest/advanced-usage.html#tls-warnings
  warnings.warn(</msg>
<msg time="2024-05-08T22:13:00.880661" level="INFO">${response} = &lt;Response [200]&gt;</msg>
<var>${response}</var>
<arg>consultarAPI</arg>
<arg>/api</arg>
<doc>Sends a GET request on a previously created HTTP Session.</doc>
<status status="PASS" start="2024-05-08T22:13:00.781014" elapsed="0.099687"/>
</kw>
<kw name="Set Variable" owner="BuiltIn">
<msg time="2024-05-08T22:13:00.881891" level="INFO">${json_data} = {'results': [{'gender': 'male', 'name': {'title': 'Mr', 'first': 'Nimit', 'last': 'Gatty'}, 'location': {'street': {'number': 7465, 'name': 'Bandstand Promenade'}, 'city': 'Dindigul', 'state': 'Chhatt...</msg>
<var>${json_data}</var>
<arg>${response.json()}</arg>
<doc>Returns the given values which can then be assigned to a variables.</doc>
<status status="PASS" start="2024-05-08T22:13:00.881336" elapsed="0.000584"/>
</kw>
<kw name="Log" owner="BuiltIn">
<msg time="2024-05-08T22:13:00.882437" level="INFO">{'results': [{'gender': 'male', 'name': {'title': 'Mr', 'first': 'Nimit', 'last': 'Gatty'}, 'location': {'street': {'number': 7465, 'name': 'Bandstand Promenade'}, 'city': 'Dindigul', 'state': 'Chhattisgarh', 'country': 'India', 'postcode': 44902, 'coordinates': {'latitude': '10.5932', 'longitude': '-24.0491'}, 'timezone': {'offset': '-8:00', 'description': 'Pacific Time (US &amp; Canada)'}}, 'email': 'nimit.gatty@example.com', 'login': {'uuid': 'a52b0436-26a4-4d1c-876f-05170006d912', 'username': 'greenzebra151', 'password': 'hotrod', 'salt': 'jyOt2gWF', 'md5': 'ba20a174d11b1c2280bf46d160b6a948', 'sha1': 'c08808a5311cee4e6a9ebb6903ca0647aae565f6', 'sha256': 'dce34c81cbca556952bd1facca9bb81183cee9d390a731409216e090e779c8b3'}, 'dob': {'date': '1963-12-04T04:00:35.407Z', 'age': 60}, 'registered': {'date': '2004-01-22T02:55:14.471Z', 'age': 20}, 'phone': '7004860102', 'cell': '8098212467', 'id': {'name': 'UIDAI', 'value': '923489098714'}, 'picture': {'large': 'https://randomuser.me/api/portraits/men/47.jpg', 'medium': 'https://randomuser.me/api/portraits/med/men/47.jpg', 'thumbnail': 'https://randomuser.me/api/portraits/thumb/men/47.jpg'}, 'nat': 'IN'}], 'info': {'seed': '777628aa37c67809', 'results': 1, 'page': 1, 'version': '1.4'}}</msg>
<arg>${json_data}</arg>
<doc>Logs the given message with the given level.</doc>
<status status="PASS" start="2024-05-08T22:13:00.882263" elapsed="0.000226"/>
</kw>
<kw name="Dictionary Should Contain Key" owner="Collections">
<msg time="2024-05-08T22:13:00.882971" level="INFO">False</msg>
<arg>${json_data}</arg>
<arg>results</arg>
<doc>Fails if ``key`` is not found from ``dictionary``.</doc>
<status status="PASS" start="2024-05-08T22:13:00.882807" elapsed="0.000202"/>
</kw>
<kw name="Should Not Be Empty" owner="BuiltIn">
<msg time="2024-05-08T22:13:00.883439" level="INFO">Length is 2.</msg>
<arg>${json_data}</arg>
<doc>Verifies that the given item is not empty.</doc>
<status status="PASS" start="2024-05-08T22:13:00.883307" elapsed="0.000171"/>
</kw>
<kw name="Create List" owner="BuiltIn">
<msg time="2024-05-08T22:13:00.884268" level="INFO">${expected_keys} = ['gender', 'name', 'location', 'email', 'login']</msg>
<var>${expected_keys}</var>
<arg>gender</arg>
<arg>name</arg>
<arg>location</arg>
<arg>email</arg>
<arg>login</arg>
<doc>Returns a list containing given items.</doc>
<status status="PASS" start="2024-05-08T22:13:00.883846" elapsed="0.000460"/>
</kw>
<for flavor="IN">
<iter>
<kw name="Dictionary Should Contain Key" owner="Collections">
<msg time="2024-05-08T22:13:00.885893" level="INFO">False</msg>
<arg>${json_data['results'][0]}</arg>
<arg>${key}</arg>
<doc>Fails if ``key`` is not found from ``dictionary``.</doc>
<status status="PASS" start="2024-05-08T22:13:00.885245" elapsed="0.000708"/>
</kw>
<kw name="Log" owner="BuiltIn">
<msg time="2024-05-08T22:13:00.887018" level="INFO">{'gender': 'male', 'name': {'title': 'Mr', 'first': 'Nimit', 'last': 'Gatty'}, 'location': {'street': {'number': 7465, 'name': 'Bandstand Promenade'}, 'city': 'Dindigul', 'state': 'Chhattisgarh', 'country': 'India', 'postcode': 44902, 'coordinates': {'latitude': '10.5932', 'longitude': '-24.0491'}, 'timezone': {'offset': '-8:00', 'description': 'Pacific Time (US &amp; Canada)'}}, 'email': 'nimit.gatty@example.com', 'login': {'uuid': 'a52b0436-26a4-4d1c-876f-05170006d912', 'username': 'greenzebra151', 'password': 'hotrod', 'salt': 'jyOt2gWF', 'md5': 'ba20a174d11b1c2280bf46d160b6a948', 'sha1': 'c08808a5311cee4e6a9ebb6903ca0647aae565f6', 'sha256': 'dce34c81cbca556952bd1facca9bb81183cee9d390a731409216e090e779c8b3'}, 'dob': {'date': '1963-12-04T04:00:35.407Z', 'age': 60}, 'registered': {'date': '2004-01-22T02:55:14.471Z', 'age': 20}, 'phone': '7004860102', 'cell': '8098212467', 'id': {'name': 'UIDAI', 'value': '923489098714'}, 'picture': {'large': 'https://randomuser.me/api/portraits/men/47.jpg', 'medium': 'https://randomuser.me/api/portraits/med/men/47.jpg', 'thumbnail': 'https://randomuser.me/api/portraits/thumb/men/47.jpg'}, 'nat': 'IN'}</msg>
<arg>${json_data['results'][0]}</arg>
<doc>Logs the given message with the given level.</doc>
<status status="PASS" start="2024-05-08T22:13:00.886422" elapsed="0.000683"/>
</kw>
<kw name="Log" owner="BuiltIn">
<msg time="2024-05-08T22:13:00.887801" level="INFO">gender</msg>
<arg>${key}</arg>
<doc>Logs the given message with the given level.</doc>
<status status="PASS" start="2024-05-08T22:13:00.887590" elapsed="0.000278"/>
</kw>
<var name="${key}">gender</var>
<status status="PASS" start="2024-05-08T22:13:00.885039" elapsed="0.003152"/>
</iter>
<iter>
<kw name="Dictionary Should Contain Key" owner="Collections">
<msg time="2024-05-08T22:13:00.889397" level="INFO">False</msg>
<arg>${json_data['results'][0]}</arg>
<arg>${key}</arg>
<doc>Fails if ``key`` is not found from ``dictionary``.</doc>
<status status="PASS" start="2024-05-08T22:13:00.888716" elapsed="0.000746"/>
</kw>
<kw name="Log" owner="BuiltIn">
<msg time="2024-05-08T22:13:00.890566" level="INFO">{'gender': 'male', 'name': {'title': 'Mr', 'first': 'Nimit', 'last': 'Gatty'}, 'location': {'street': {'number': 7465, 'name': 'Bandstand Promenade'}, 'city': 'Dindigul', 'state': 'Chhattisgarh', 'country': 'India', 'postcode': 44902, 'coordinates': {'latitude': '10.5932', 'longitude': '-24.0491'}, 'timezone': {'offset': '-8:00', 'description': 'Pacific Time (US &amp; Canada)'}}, 'email': 'nimit.gatty@example.com', 'login': {'uuid': 'a52b0436-26a4-4d1c-876f-05170006d912', 'username': 'greenzebra151', 'password': 'hotrod', 'salt': 'jyOt2gWF', 'md5': 'ba20a174d11b1c2280bf46d160b6a948', 'sha1': 'c08808a5311cee4e6a9ebb6903ca0647aae565f6', 'sha256': 'dce34c81cbca556952bd1facca9bb81183cee9d390a731409216e090e779c8b3'}, 'dob': {'date': '1963-12-04T04:00:35.407Z', 'age': 60}, 'registered': {'date': '2004-01-22T02:55:14.471Z', 'age': 20}, 'phone': '7004860102', 'cell': '8098212467', 'id': {'name': 'UIDAI', 'value': '923489098714'}, 'picture': {'large': 'https://randomuser.me/api/portraits/men/47.jpg', 'medium': 'https://randomuser.me/api/portraits/med/men/47.jpg', 'thumbnail': 'https://randomuser.me/api/portraits/thumb/men/47.jpg'}, 'nat': 'IN'}</msg>
<arg>${json_data['results'][0]}</arg>
<doc>Logs the given message with the given level.</doc>
<status status="PASS" start="2024-05-08T22:13:00.889991" elapsed="0.000661"/>
</kw>
<kw name="Log" owner="BuiltIn">
<msg time="2024-05-08T22:13:00.891325" level="INFO">name</msg>
<arg>${key}</arg>
<doc>Logs the given message with the given level.</doc>
<status status="PASS" start="2024-05-08T22:13:00.891119" elapsed="0.000278"/>
</kw>
<var name="${key}">name</var>
<status status="PASS" start="2024-05-08T22:13:00.888516" elapsed="0.003238"/>
</iter>
<iter>
<kw name="Dictionary Should Contain Key" owner="Collections">
<msg time="2024-05-08T22:13:00.892893" level="INFO">False</msg>
<arg>${json_data['results'][0]}</arg>
<arg>${key}</arg>
<doc>Fails if ``key`` is not found from ``dictionary``.</doc>
<status status="PASS" start="2024-05-08T22:13:00.892249" elapsed="0.000705"/>
</kw>
<kw name="Log" owner="BuiltIn">
<msg time="2024-05-08T22:13:00.893980" level="INFO">{'gender': 'male', 'name': {'title': 'Mr', 'first': 'Nimit', 'last': 'Gatty'}, 'location': {'street': {'number': 7465, 'name': 'Bandstand Promenade'}, 'city': 'Dindigul', 'state': 'Chhattisgarh', 'country': 'India', 'postcode': 44902, 'coordinates': {'latitude': '10.5932', 'longitude': '-24.0491'}, 'timezone': {'offset': '-8:00', 'description': 'Pacific Time (US &amp; Canada)'}}, 'email': 'nimit.gatty@example.com', 'login': {'uuid': 'a52b0436-26a4-4d1c-876f-05170006d912', 'username': 'greenzebra151', 'password': 'hotrod', 'salt': 'jyOt2gWF', 'md5': 'ba20a174d11b1c2280bf46d160b6a948', 'sha1': 'c08808a5311cee4e6a9ebb6903ca0647aae565f6', 'sha256': 'dce34c81cbca556952bd1facca9bb81183cee9d390a731409216e090e779c8b3'}, 'dob': {'date': '1963-12-04T04:00:35.407Z', 'age': 60}, 'registered': {'date': '2004-01-22T02:55:14.471Z', 'age': 20}, 'phone': '7004860102', 'cell': '8098212467', 'id': {'name': 'UIDAI', 'value': '923489098714'}, 'picture': {'large': 'https://randomuser.me/api/portraits/men/47.jpg', 'medium': 'https://randomuser.me/api/portraits/med/men/47.jpg', 'thumbnail': 'https://randomuser.me/api/portraits/thumb/men/47.jpg'}, 'nat': 'IN'}</msg>
<arg>${json_data['results'][0]}</arg>
<doc>Logs the given message with the given level.</doc>
<status status="PASS" start="2024-05-08T22:13:00.893384" elapsed="0.000687"/>
</kw>
<kw name="Log" owner="BuiltIn">
<msg time="2024-05-08T22:13:00.894768" level="INFO">location</msg>
<arg>${key}</arg>
<doc>Logs the given message with the given level.</doc>
<status status="PASS" start="2024-05-08T22:13:00.894564" elapsed="0.000270"/>
</kw>
<var name="${key}">location</var>
<status status="PASS" start="2024-05-08T22:13:00.892055" elapsed="0.003095"/>
</iter>
<iter>
<kw name="Dictionary Should Contain Key" owner="Collections">
<msg time="2024-05-08T22:13:00.896198" level="INFO">False</msg>
<arg>${json_data['results'][0]}</arg>
<arg>${key}</arg>
<doc>Fails if ``key`` is not found from ``dictionary``.</doc>
<status status="PASS" start="2024-05-08T22:13:00.895606" elapsed="0.000650"/>
</kw>
<kw name="Log" owner="BuiltIn">
<msg time="2024-05-08T22:13:00.897299" level="INFO">{'gender': 'male', 'name': {'title': 'Mr', 'first': 'Nimit', 'last': 'Gatty'}, 'location': {'street': {'number': 7465, 'name': 'Bandstand Promenade'}, 'city': 'Dindigul', 'state': 'Chhattisgarh', 'country': 'India', 'postcode': 44902, 'coordinates': {'latitude': '10.5932', 'longitude': '-24.0491'}, 'timezone': {'offset': '-8:00', 'description': 'Pacific Time (US &amp; Canada)'}}, 'email': 'nimit.gatty@example.com', 'login': {'uuid': 'a52b0436-26a4-4d1c-876f-05170006d912', 'username': 'greenzebra151', 'password': 'hotrod', 'salt': 'jyOt2gWF', 'md5': 'ba20a174d11b1c2280bf46d160b6a948', 'sha1': 'c08808a5311cee4e6a9ebb6903ca0647aae565f6', 'sha256': 'dce34c81cbca556952bd1facca9bb81183cee9d390a731409216e090e779c8b3'}, 'dob': {'date': '1963-12-04T04:00:35.407Z', 'age': 60}, 'registered': {'date': '2004-01-22T02:55:14.471Z', 'age': 20}, 'phone': '7004860102', 'cell': '8098212467', 'id': {'name': 'UIDAI', 'value': '923489098714'}, 'picture': {'large': 'https://randomuser.me/api/portraits/men/47.jpg', 'medium': 'https://randomuser.me/api/portraits/med/men/47.jpg', 'thumbnail': 'https://randomuser.me/api/portraits/thumb/men/47.jpg'}, 'nat': 'IN'}</msg>
<arg>${json_data['results'][0]}</arg>
<doc>Logs the given message with the given level.</doc>
<status status="PASS" start="2024-05-08T22:13:00.896687" elapsed="0.000692"/>
</kw>
<kw name="Log" owner="BuiltIn">
<msg time="2024-05-08T22:13:00.897935" level="INFO">email</msg>
<arg>${key}</arg>
<doc>Logs the given message with the given level.</doc>
<status status="PASS" start="2024-05-08T22:13:00.897792" elapsed="0.000184"/>
</kw>
<var name="${key}">email</var>
<status status="PASS" start="2024-05-08T22:13:00.895414" elapsed="0.002792"/>
</iter>
<iter>
<kw name="Dictionary Should Contain Key" owner="Collections">
<msg time="2024-05-08T22:13:00.898925" level="INFO">False</msg>
<arg>${json_data['results'][0]}</arg>
<arg>${key}</arg>
<doc>Fails if ``key`` is not found from ``dictionary``.</doc>
<status status="PASS" start="2024-05-08T22:13:00.898502" elapsed="0.000462"/>
</kw>
<kw name="Log" owner="BuiltIn">
<msg time="2024-05-08T22:13:00.899668" level="INFO">{'gender': 'male', 'name': {'title': 'Mr', 'first': 'Nimit', 'last': 'Gatty'}, 'location': {'street': {'number': 7465, 'name': 'Bandstand Promenade'}, 'city': 'Dindigul', 'state': 'Chhattisgarh', 'country': 'India', 'postcode': 44902, 'coordinates': {'latitude': '10.5932', 'longitude': '-24.0491'}, 'timezone': {'offset': '-8:00', 'description': 'Pacific Time (US &amp; Canada)'}}, 'email': 'nimit.gatty@example.com', 'login': {'uuid': 'a52b0436-26a4-4d1c-876f-05170006d912', 'username': 'greenzebra151', 'password': 'hotrod', 'salt': 'jyOt2gWF', 'md5': 'ba20a174d11b1c2280bf46d160b6a948', 'sha1': 'c08808a5311cee4e6a9ebb6903ca0647aae565f6', 'sha256': 'dce34c81cbca556952bd1facca9bb81183cee9d390a731409216e090e779c8b3'}, 'dob': {'date': '1963-12-04T04:00:35.407Z', 'age': 60}, 'registered': {'date': '2004-01-22T02:55:14.471Z', 'age': 20}, 'phone': '7004860102', 'cell': '8098212467', 'id': {'name': 'UIDAI', 'value': '923489098714'}, 'picture': {'large': 'https://randomuser.me/api/portraits/men/47.jpg', 'medium': 'https://randomuser.me/api/portraits/med/men/47.jpg', 'thumbnail': 'https://randomuser.me/api/portraits/thumb/men/47.jpg'}, 'nat': 'IN'}</msg>
<arg>${json_data['results'][0]}</arg>
<doc>Logs the given message with the given level.</doc>
<status status="PASS" start="2024-05-08T22:13:00.899267" elapsed="0.000452"/>
</kw>
<kw name="Log" owner="BuiltIn">
<msg time="2024-05-08T22:13:00.900159" level="INFO">login</msg>
<arg>${key}</arg>
<doc>Logs the given message with the given level.</doc>
<status status="PASS" start="2024-05-08T22:13:00.900029" elapsed="0.000170"/>
</kw>
<var name="${key}">login</var>
<status status="PASS" start="2024-05-08T22:13:00.898386" elapsed="0.002057"/>
</iter>
<var>${key}</var>
<value>@{expected_keys}</value>
<status status="PASS" start="2024-05-08T22:13:00.884721" elapsed="0.015850"/>
</for>
<kw name="Create List" owner="BuiltIn">
<msg time="2024-05-08T22:13:00.900914" level="INFO">${expected_keysTwo} = ['username', 'password']</msg>
<var>${expected_keysTwo}</var>
<arg>username</arg>
<arg>password</arg>
<doc>Returns a list containing given items.</doc>
<status status="PASS" start="2024-05-08T22:13:00.900773" elapsed="0.000165"/>
</kw>
<for flavor="IN">
<iter>
<kw name="Dictionary Should Contain Key" owner="Collections">
<msg time="2024-05-08T22:13:00.901848" level="INFO">False</msg>
<arg>${json_data['results'][0]['login']}</arg>
<arg>${keyTwo}</arg>
<doc>Fails if ``key`` is not found from ``dictionary``.</doc>
<status status="PASS" start="2024-05-08T22:13:00.901455" elapsed="0.000430"/>
</kw>
<kw name="Dictionary Should Contain Key" owner="Collections">
<msg time="2024-05-08T22:13:00.902561" level="INFO">False</msg>
<arg>${json_data['results'][0]['login']}</arg>
<arg>${keyTwo}</arg>
<doc>Fails if ``key`` is not found from ``dictionary``.</doc>
<status status="PASS" start="2024-05-08T22:13:00.902180" elapsed="0.000419"/>
</kw>
<kw name="Log" owner="BuiltIn">
<msg time="2024-05-08T22:13:00.903021" level="INFO">username</msg>
<arg>${keyTwo}</arg>
<doc>Logs the given message with the given level.</doc>
<status status="PASS" start="2024-05-08T22:13:00.902894" elapsed="0.000171"/>
</kw>
<var name="${keyTwo}">username</var>
<status status="PASS" start="2024-05-08T22:13:00.901345" elapsed="0.001933"/>
</iter>
<iter>
<kw name="Dictionary Should Contain Key" owner="Collections">
<msg time="2024-05-08T22:13:00.903986" level="INFO">False</msg>
<arg>${json_data['results'][0]['login']}</arg>
<arg>${keyTwo}</arg>
<doc>Fails if ``key`` is not found from ``dictionary``.</doc>
<status status="PASS" start="2024-05-08T22:13:00.903594" elapsed="0.000431"/>
</kw>
<kw name="Dictionary Should Contain Key" owner="Collections">
<msg time="2024-05-08T22:13:00.904786" level="INFO">False</msg>
<arg>${json_data['results'][0]['login']}</arg>
<arg>${keyTwo}</arg>
<doc>Fails if ``key`` is not found from ``dictionary``.</doc>
<status status="PASS" start="2024-05-08T22:13:00.904317" elapsed="0.000507"/>
</kw>
<kw name="Log" owner="BuiltIn">
<msg time="2024-05-08T22:13:00.905247" level="INFO">password</msg>
<arg>${keyTwo}</arg>
<doc>Logs the given message with the given level.</doc>
<status status="PASS" start="2024-05-08T22:13:00.905120" elapsed="0.000165"/>
</kw>
<var name="${keyTwo}">password</var>
<status status="PASS" start="2024-05-08T22:13:00.903448" elapsed="0.002051"/>
</iter>
<var>${keyTwo}</var>
<value>@{expected_keysTwo}</value>
<status status="PASS" start="2024-05-08T22:13:00.901181" elapsed="0.004439"/>
</for>
<status status="PASS" start="2024-05-08T22:13:00.780778" elapsed="0.125057"/>
</kw>
<doc>Testa a estrutura da resposta da API.</doc>
<tag>testeEstruturaResposta</tag>
<status status="PASS" start="2024-05-08T22:13:00.780259" elapsed="0.125793"/>
</test>
<test id="s1-s1-t4" name="Validar tipos de dados" line="28">
<kw name="Teste de Tipos de Dados" owner="random-user-service">
<kw name="GET On Session" owner="RequestsLibrary">
<msg time="2024-05-08T22:13:00.982089" level="INFO">GET Request : url=https://randomuser.me/api 
 path_url=/api 
 headers={'User-Agent': 'python-requests/2.31.0', 'Accept-Encoding': 'gzip, deflate', 'Accept': '*/*', 'Connection': 'keep-alive'} 
 body=None 
 </msg>
<msg time="2024-05-08T22:13:00.982203" level="INFO">GET Response : url=https://randomuser.me/api 
 status=200, reason=OK 
 headers={'Date': 'Wed, 08 May 2024 22:13:00 GMT', 'Content-Type': 'application/json; charset=utf-8', 'Transfer-Encoding': 'chunked', 'Connection': 'keep-alive', 'X-Powered-By': 'Express', 'Access-Control-Allow-Origin': '*', 'Cache-Control': 'no-cache', 'ETag': 'W/"4a8-MEmr7b8/7lbi1fZUN33ou10z/Is"', 'Vary': 'Accept-Encoding', 'Content-Encoding': 'gzip', 'CF-Cache-Status': 'DYNAMIC', 'Report-To': '{"endpoints":[{"url":"https:\\/\\/a.nel.cloudflare.com\\/report\\/v4?s=RnTyG8gYeZnAciKx952MJTQFz6csF%2BofvN8QJBmT1foFVVLxUp%2BXlaszhlp8E0Vfr7sHg84xMW8qEkeWmYWxaPrUWyF3lGN52NnuDAdFf7fxfxV7gC%2BIS0tT%2FqEHzCj3"}],"group":"cf-nel","max_age":604800}', 'NEL': '{"success_fraction":0,"report_to":"cf-nel","max_age":604800}', 'Server': 'cloudflare', 'CF-RAY': '880ccb68bab010b8-ORD', 'alt-svc': 'h3=":443"; ma=86400'} 
 body={"results":[{"gender":"male","name":{"title":"Mr","first":"Everett","last":"Rodriguez"},"location":{"street":{"number":558,"name":"Rolling Green Rd"},"city":"El Monte","state":"Oklahoma","country":"United States","postcode":11420,"coordinates":{"latitude":"86.9428","longitude":"-120.8301"},"timezone":{"offset":"-5:00","description":"Eastern Time (US &amp; Canada), Bogota, Lima"}},"email":"everett.rodriguez@example.com","login":{"uuid":"5c40b4b0-71b4-466f-ab44-b2e7dca632f1","username":"crazyelephant745","password":"redhot","salt":"EgTrzz7y","md5":"9556e8f4d17a2d8c28e89c23f92c96b6","sha1":"69753d1cfcec61a2ea6eabcd169d5fa246711cca","sha256":"da6b9e8cb928b06d2ad89c66071c9ab45f9c6acebc248b1fd98510c8a64d3ad9"},"dob":{"date":"1952-04-05T23:42:42.172Z","age":72},"registered":{"date":"2020-11-21T13:35:42.887Z","age":3},"phone":"(886) 521-9014","cell":"(447) 917-6201","id":{"name":"SSN","value":"319-84-5177"},"picture":{"large":"https://randomuser.me/api/portraits/men/47.jpg","medium":"https://randomuser.me/api/portraits/med/men/47.jpg","thumbnail":"https://randomuser.me/api/portraits/thumb/men/47.jpg"},"nat":"US"}],"info":{"seed":"cdd4ee23c49323db","results":1,"page":1,"version":"1.4"}} 
 </msg>
<msg time="2024-05-08T22:13:00.982288" level="INFO">/opt/hostedtoolcache/Python/3.12.3/x64/lib/python3.12/site-packages/urllib3/connectionpool.py:1103: InsecureRequestWarning: Unverified HTTPS request is being made to host 'randomuser.me'. Adding certificate verification is strongly advised. See: https://urllib3.readthedocs.io/en/latest/advanced-usage.html#tls-warnings
  warnings.warn(</msg>
<msg time="2024-05-08T22:13:00.982427" level="INFO">${response} = &lt;Response [200]&gt;</msg>
<var>${response}</var>
<arg>consultarAPI</arg>
<arg>/api</arg>
<doc>Sends a GET request on a previously created HTTP Session.</doc>
<status status="PASS" start="2024-05-08T22:13:00.908949" elapsed="0.073648"/>
</kw>
<kw name="Set Variable" owner="BuiltIn">
<msg time="2024-05-08T22:13:00.983726" level="INFO">${json_data} = {'results': [{'gender': 'male', 'name': {'title': 'Mr', 'first': 'Everett', 'last': 'Rodriguez'}, 'location': {'street': {'number': 558, 'name': 'Rolling Green Rd'}, 'city': 'El Monte', 'state': 'Okla...</msg>
<var>${json_data}</var>
<arg>${response.json()}</arg>
<doc>Returns the given values which can then be assigned to a variables.</doc>
<status status="PASS" start="2024-05-08T22:13:00.983137" elapsed="0.000619"/>
</kw>
<kw name="Log" owner="BuiltIn">
<msg time="2024-05-08T22:13:00.984285" level="INFO">{'results': [{'gender': 'male', 'name': {'title': 'Mr', 'first': 'Everett', 'last': 'Rodriguez'}, 'location': {'street': {'number': 558, 'name': 'Rolling Green Rd'}, 'city': 'El Monte', 'state': 'Oklahoma', 'country': 'United States', 'postcode': 11420, 'coordinates': {'latitude': '86.9428', 'longitude': '-120.8301'}, 'timezone': {'offset': '-5:00', 'description': 'Eastern Time (US &amp; Canada), Bogota, Lima'}}, 'email': 'everett.rodriguez@example.com', 'login': {'uuid': '5c40b4b0-71b4-466f-ab44-b2e7dca632f1', 'username': 'crazyelephant745', 'password': 'redhot', 'salt': 'EgTrzz7y', 'md5': '9556e8f4d17a2d8c28e89c23f92c96b6', 'sha1': '69753d1cfcec61a2ea6eabcd169d5fa246711cca', 'sha256': 'da6b9e8cb928b06d2ad89c66071c9ab45f9c6acebc248b1fd98510c8a64d3ad9'}, 'dob': {'date': '1952-04-05T23:42:42.172Z', 'age': 72}, 'registered': {'date': '2020-11-21T13:35:42.887Z', 'age': 3}, 'phone': '(886) 521-9014', 'cell': '(447) 917-6201', 'id': {'name': 'SSN', 'value': '319-84-5177'}, 'picture': {'large': 'https://randomuser.me/api/portraits/men/47.jpg', 'medium': 'https://randomuser.me/api/portraits/med/men/47.jpg', 'thumbnail': 'https://randomuser.me/api/portraits/thumb/men/47.jpg'}, 'nat': 'US'}], 'info': {'seed': 'cdd4ee23c49323db', 'results': 1, 'page': 1, 'version': '1.4'}}</msg>
<arg>${json_data}</arg>
<doc>Logs the given message with the given level.</doc>
<status status="PASS" start="2024-05-08T22:13:00.984117" elapsed="0.000263"/>
</kw>
<kw name="Should Be String" owner="String">
<arg>${json_data['results'][0]['gender']}</arg>
<doc>Fails if the given ``item`` is not a string.</doc>
<status status="PASS" start="2024-05-08T22:13:00.984711" elapsed="0.000389"/>
</kw>
<kw name="Should Match Regexp" owner="BuiltIn">
<arg>${json_data['results'][0]['email']}</arg>
<arg>^[a-zA-Z0-9._%+-]+@[a-zA-Z0-9.-]+\.[a-zA-Z]{2,}$</arg>
<doc>Fails if ``string`` does not match ``pattern`` as a regular expression.</doc>
<status status="PASS" start="2024-05-08T22:13:00.985297" elapsed="0.000526"/>
</kw>
<kw name="Should Match Regexp" owner="BuiltIn">
<arg>${json_data['results'][0]['dob']['date']}</arg>
<arg>\\d{4}-\\d{2}-\\d{2}T\\d{2}:\\d{2}:\\d{2}\\.\\d{3}Z</arg>
<doc>Fails if ``string`` does not match ``pattern`` as a regular expression.</doc>
<status status="PASS" start="2024-05-08T22:13:00.986020" elapsed="0.000508"/>
</kw>
<kw name="Should Match Regexp" owner="BuiltIn">
<arg>${json_data['results'][0]['registered']['date']}</arg>
<arg>\\d{4}-\\d{2}-\\d{2}T\\d{2}:\\d{2}:\\d{2}\\.\\d{3}Z</arg>
<doc>Fails if ``string`` does not match ``pattern`` as a regular expression.</doc>
<status status="PASS" start="2024-05-08T22:13:00.986723" elapsed="0.000464"/>
</kw>
<kw name="Should Match Regexp" owner="BuiltIn">
<arg>${json_data['results'][0]['picture']['large']}</arg>
<arg>^https?://.*\.(?:png|jpe?g|gif|bmp)$</arg>
<doc>Fails if ``string`` does not match ``pattern`` as a regular expression.</doc>
<status status="PASS" start="2024-05-08T22:13:00.987379" elapsed="0.000504"/>
</kw>
<kw name="Should Match Regexp" owner="BuiltIn">
<arg>${json_data['results'][0]['picture']['medium']}</arg>
<arg>^https?://.*\.(?:png|jpe?g|gif|bmp)$</arg>
<doc>Fails if ``string`` does not match ``pattern`` as a regular expression.</doc>
<status status="PASS" start="2024-05-08T22:13:00.988080" elapsed="0.000359"/>
</kw>
<kw name="Should Match Regexp" owner="BuiltIn">
<arg>${json_data['results'][0]['picture']['thumbnail']}</arg>
<arg>^https?://.*\.(?:png|jpe?g|gif|bmp)$</arg>
<doc>Fails if ``string`` does not match ``pattern`` as a regular expression.</doc>
<status status="PASS" start="2024-05-08T22:13:00.988627" elapsed="0.000350"/>
</kw>
<kw name="Log" owner="BuiltIn">
<msg time="2024-05-08T22:13:00.989476" level="INFO">{'large': 'https://randomuser.me/api/portraits/men/47.jpg', 'medium': 'https://randomuser.me/api/portraits/med/men/47.jpg', 'thumbnail': 'https://randomuser.me/api/portraits/thumb/men/47.jpg'}</msg>
<arg>${json_data['results'][0]['picture']}</arg>
<doc>Logs the given message with the given level.</doc>
<status status="PASS" start="2024-05-08T22:13:00.989157" elapsed="0.000361"/>
</kw>
<status status="PASS" start="2024-05-08T22:13:00.908706" elapsed="0.081076"/>
</kw>
<kw name="Teste de Tipos de Dados - Postcode" owner="random-user-service">
<kw name="GET On Session" owner="RequestsLibrary">
<msg time="2024-05-08T22:13:01.092146" level="INFO">GET Request : url=https://randomuser.me/api 
 path_url=/api 
 headers={'User-Agent': 'python-requests/2.31.0', 'Accept-Encoding': 'gzip, deflate', 'Accept': '*/*', 'Connection': 'keep-alive'} 
 body=None 
 </msg>
<msg time="2024-05-08T22:13:01.092249" level="INFO">GET Response : url=https://randomuser.me/api 
 status=200, reason=OK 
 headers={'Date': 'Wed, 08 May 2024 22:13:01 GMT', 'Content-Type': 'application/json; charset=utf-8', 'Transfer-Encoding': 'chunked', 'Connection': 'keep-alive', 'X-Powered-By': 'Express', 'Access-Control-Allow-Origin': '*', 'Cache-Control': 'no-cache', 'ETag': 'W/"46c-q9kTIoGjVHoZ3jyLNIbWbacytDE"', 'Vary': 'Accept-Encoding', 'Content-Encoding': 'gzip', 'CF-Cache-Status': 'DYNAMIC', 'Report-To': '{"endpoints":[{"url":"https:\\/\\/a.nel.cloudflare.com\\/report\\/v4?s=379eQuiZWhLxsQdEpSjmVnUMHspfadrZliforgbfjjkK5h4QNW%2Brvgl15%2F%2BA22e5vXCrmJwJFmzLDFyz6EM%2F7X8Qz4dLI2LXfd14vtTefjqgky73UQa2kjnTbtjPFBJM"}],"group":"cf-nel","max_age":604800}', 'NEL': '{"success_fraction":0,"report_to":"cf-nel","max_age":604800}', 'Server': 'cloudflare', 'CF-RAY': '880ccb693b7910b8-ORD', 'alt-svc': 'h3=":443"; ma=86400'} 
 body={"results":[{"gender":"male","name":{"title":"Mr","first":"Kent","last":"Flø"},"location":{"street":{"number":6082,"name":"Tårnveien"},"city":"Fannrem","state":"Sør-Trøndelag","country":"Norway","postcode":"0440","coordinates":{"latitude":"40.2553","longitude":"-61.1157"},"timezone":{"offset":"-12:00","description":"Eniwetok, Kwajalein"}},"email":"kent.flo@example.com","login":{"uuid":"7309e2ba-d698-443a-ad10-1e33f953c074","username":"bigbear208","password":"supreme","salt":"1yLIroOz","md5":"9c79b654056bb19bee58189bec883115","sha1":"35d29891abd824d3d748bc5b758e4b10dc4a47e3","sha256":"99951c5931bf10d7ce11f9b89db68488b6edd2ff69132810263d0f38e11c37e7"},"dob":{"date":"1996-09-10T16:49:18.181Z","age":27},"registered":{"date":"2007-02-22T06:11:35.819Z","age":17},"phone":"86317042","cell":"99233812","id":{"name":"FN","value":"10099644538"},"picture":{"large":"https://randomuser.me/api/portraits/men/24.jpg","medium":"https://randomuser.me/api/portraits/med/men/24.jpg","thumbnail":"https://randomuser.me/api/portraits/thumb/men/24.jpg"},"nat":"NO"}],"info":{"seed":"6123a15917202efb","results":1,"page":1,"version":"1.4"}} 
 </msg>
<msg time="2024-05-08T22:13:01.092324" level="INFO">/opt/hostedtoolcache/Python/3.12.3/x64/lib/python3.12/site-packages/urllib3/connectionpool.py:1103: InsecureRequestWarning: Unverified HTTPS request is being made to host 'randomuser.me'. Adding certificate verification is strongly advised. See: https://urllib3.readthedocs.io/en/latest/advanced-usage.html#tls-warnings
  warnings.warn(</msg>
<msg time="2024-05-08T22:13:01.092448" level="INFO">${response} = &lt;Response [200]&gt;</msg>
<var>${response}</var>
<arg>consultarAPI</arg>
<arg>/api</arg>
<doc>Sends a GET request on a previously created HTTP Session.</doc>
<status status="PASS" start="2024-05-08T22:13:00.990252" elapsed="0.102223"/>
</kw>
<kw name="Set Variable" owner="BuiltIn">
<msg time="2024-05-08T22:13:01.093584" level="INFO">${json_data} = {'results': [{'gender': 'male', 'name': {'title': 'Mr', 'first': 'Kent', 'last': 'Flø'}, 'location': {'street': {'number': 6082, 'name': 'Tårnveien'}, 'city': 'Fannrem', 'state': 'Sør-Trøndelag', 'cou...</msg>
<var>${json_data}</var>
<arg>${response.json()}</arg>
<doc>Returns the given values which can then be assigned to a variables.</doc>
<status status="PASS" start="2024-05-08T22:13:01.093030" elapsed="0.000583"/>
</kw>
<kw name="Log" owner="BuiltIn">
<msg time="2024-05-08T22:13:01.094136" level="INFO">{'results': [{'gender': 'male', 'name': {'title': 'Mr', 'first': 'Kent', 'last': 'Flø'}, 'location': {'street': {'number': 6082, 'name': 'Tårnveien'}, 'city': 'Fannrem', 'state': 'Sør-Trøndelag', 'country': 'Norway', 'postcode': '0440', 'coordinates': {'latitude': '40.2553', 'longitude': '-61.1157'}, 'timezone': {'offset': '-12:00', 'description': 'Eniwetok, Kwajalein'}}, 'email': 'kent.flo@example.com', 'login': {'uuid': '7309e2ba-d698-443a-ad10-1e33f953c074', 'username': 'bigbear208', 'password': 'supreme', 'salt': '1yLIroOz', 'md5': '9c79b654056bb19bee58189bec883115', 'sha1': '35d29891abd824d3d748bc5b758e4b10dc4a47e3', 'sha256': '99951c5931bf10d7ce11f9b89db68488b6edd2ff69132810263d0f38e11c37e7'}, 'dob': {'date': '1996-09-10T16:49:18.181Z', 'age': 27}, 'registered': {'date': '2007-02-22T06:11:35.819Z', 'age': 17}, 'phone': '86317042', 'cell': '99233812', 'id': {'name': 'FN', 'value': '10099644538'}, 'picture': {'large': 'https://randomuser.me/api/portraits/men/24.jpg', 'medium': 'https://randomuser.me/api/portraits/med/men/24.jpg', 'thumbnail': 'https://randomuser.me/api/portraits/thumb/men/24.jpg'}, 'nat': 'NO'}], 'info': {'seed': '6123a15917202efb', 'results': 1, 'page': 1, 'version': '1.4'}}</msg>
<arg>${json_data}</arg>
<doc>Logs the given message with the given level.</doc>
<status status="PASS" start="2024-05-08T22:13:01.093965" elapsed="0.000256"/>
</kw>
<kw name="Should Be Equal As Numbers" owner="BuiltIn">
<arg>${json_data['results'][0]['location']['postcode']}</arg>
<arg>${json_data['results'][0]['location']['postcode']}</arg>
<doc>Fails if objects are unequal after converting them to real numbers.</doc>
<status status="PASS" start="2024-05-08T22:13:01.094535" elapsed="0.000841"/>
</kw>
<kw name="Log" owner="BuiltIn">
<msg time="2024-05-08T22:13:01.095963" level="INFO">0440</msg>
<arg>${json_data['results'][0]['location']['postcode']}</arg>
<doc>Logs the given message with the given level.</doc>
<status status="PASS" start="2024-05-08T22:13:01.095615" elapsed="0.000388"/>
</kw>
<status status="PASS" start="2024-05-08T22:13:00.990017" elapsed="0.106247"/>
</kw>
<doc>Testa se os tipos de dados na resposta da API estão corretos.</doc>
<tag>testeTiposDados</tag>
<status status="PASS" start="2024-05-08T22:13:00.908123" elapsed="0.188313"/>
</test>
<test id="s1-s1-t5" name="Validar conteudo" line="35">
<kw name="Teste de Tipos de Conteudo" owner="random-user-service">
<kw name="GET On Session" owner="RequestsLibrary">
<msg time="2024-05-08T22:13:01.178771" level="INFO">GET Request : url=https://randomuser.me/api 
 path_url=/api 
 headers={'User-Agent': 'python-requests/2.31.0', 'Accept-Encoding': 'gzip, deflate', 'Accept': '*/*', 'Connection': 'keep-alive'} 
 body=None 
 </msg>
<msg time="2024-05-08T22:13:01.178882" level="INFO">GET Response : url=https://randomuser.me/api 
 status=200, reason=OK 
 headers={'Date': 'Wed, 08 May 2024 22:13:01 GMT', 'Content-Type': 'application/json; charset=utf-8', 'Transfer-Encoding': 'chunked', 'Connection': 'keep-alive', 'X-Powered-By': 'Express', 'Access-Control-Allow-Origin': '*', 'Cache-Control': 'no-cache', 'ETag': 'W/"491-WujxX39CwirrRTGPjoY/8T4r1cs"', 'Vary': 'Accept-Encoding', 'Content-Encoding': 'gzip', 'CF-Cache-Status': 'DYNAMIC', 'Report-To': '{"endpoints":[{"url":"https:\\/\\/a.nel.cloudflare.com\\/report\\/v4?s=xpJHhZ18AbOu8fEVxwGCnuvqJ6vXi1aMemJuCQ%2FAxRZ1IqaklRPSiDJHjIZ4xO5ytCPCnv6%2FzLP4hsn4KIyXzBCj%2FLC6ALpXANIbMXPvDKYooaOfSHiw2LENt7xNegwi"}],"group":"cf-nel","max_age":604800}', 'NEL': '{"success_fraction":0,"report_to":"cf-nel","max_age":604800}', 'Server': 'cloudflare', 'CF-RAY': '880ccb69ec4610b8-ORD', 'alt-svc': 'h3=":443"; ma=86400'} 
 body={"results":[{"gender":"male","name":{"title":"Mr","first":"Etienne","last":"Chow"},"location":{"street":{"number":5137,"name":"Grand Marais Ave"},"city":"Greenwood","state":"Ontario","country":"Canada","postcode":"J9R 2D0","coordinates":{"latitude":"-71.1567","longitude":"-139.6461"},"timezone":{"offset":"+9:00","description":"Tokyo, Seoul, Osaka, Sapporo, Yakutsk"}},"email":"etienne.chow@example.com","login":{"uuid":"52e886a0-145c-4e9b-9f8d-b9c2eadcbf23","username":"orangeswan735","password":"walnut","salt":"gquV3KSL","md5":"c4d1fce1cc44e7f2eb311620b1fa9075","sha1":"d397f4a2fc1bca33b0a88699aacd118f369efeee","sha256":"8c03f0108872f5e1419f2565d7f75ab049c184c65fd965496db6a64fe8ac64eb"},"dob":{"date":"1978-01-23T17:50:23.398Z","age":46},"registered":{"date":"2018-08-09T00:59:55.330Z","age":5},"phone":"W68 V79-1274","cell":"X93 F40-1408","id":{"name":"SIN","value":"729452474"},"picture":{"large":"https://randomuser.me/api/portraits/men/15.jpg","medium":"https://randomuser.me/api/portraits/med/men/15.jpg","thumbnail":"https://randomuser.me/api/portraits/thumb/men/15.jpg"},"nat":"CA"}],"info":{"seed":"b4541df29c94d20a","results":1,"page":1,"version":"1.4"}} 
 </msg>
<msg time="2024-05-08T22:13:01.178962" level="INFO">/opt/hostedtoolcache/Python/3.12.3/x64/lib/python3.12/site-packages/urllib3/connectionpool.py:1103: InsecureRequestWarning: Unverified HTTPS request is being made to host 'randomuser.me'. Adding certificate verification is strongly advised. See: https://urllib3.readthedocs.io/en/latest/advanced-usage.html#tls-warnings
  warnings.warn(</msg>
<msg time="2024-05-08T22:13:01.179097" level="INFO">${response} = &lt;Response [200]&gt;</msg>
<var>${response}</var>
<arg>consultarAPI</arg>
<arg>/api</arg>
<doc>Sends a GET request on a previously created HTTP Session.</doc>
<status status="PASS" start="2024-05-08T22:13:01.098936" elapsed="0.080202"/>
</kw>
<kw name="Set Variable" owner="BuiltIn">
<msg time="2024-05-08T22:13:01.180203" level="INFO">${json_data} = {'results': [{'gender': 'male', 'name': {'title': 'Mr', 'first': 'Etienne', 'last': 'Chow'}, 'location': {'street': {'number': 5137, 'name': 'Grand Marais Ave'}, 'city': 'Greenwood', 'state': 'Ontario...</msg>
<var>${json_data}</var>
<arg>${response.json()}</arg>
<doc>Returns the given values which can then be assigned to a variables.</doc>
<status status="PASS" start="2024-05-08T22:13:01.179704" elapsed="0.000527"/>
</kw>
<kw name="Set Variable" owner="BuiltIn">
<msg time="2024-05-08T22:13:01.180934" level="INFO">${name_title} = Mr</msg>
<var>${name_title}</var>
<arg>${json_data["results"][0]["name"]["title"]}</arg>
<doc>Returns the given values which can then be assigned to a variables.</doc>
<status status="PASS" start="2024-05-08T22:13:01.180545" elapsed="0.000414"/>
</kw>
<kw name="Create List" owner="BuiltIn">
<msg time="2024-05-08T22:13:01.181399" level="INFO">${allowed_titles} = ['Mr', 'Ms', 'Miss', 'Mrs', 'Madame', 'Monsieur']</msg>
<var>${allowed_titles}</var>
<arg>Mr</arg>
<arg>Ms</arg>
<arg>Miss</arg>
<arg>Mrs</arg>
<arg>Madame</arg>
<arg>Monsieur</arg>
<doc>Returns a list containing given items.</doc>
<status status="PASS" start="2024-05-08T22:13:01.181255" elapsed="0.000167"/>
</kw>
<kw name="List Should Contain Value" owner="Collections">
<msg time="2024-05-08T22:13:01.181881" level="INFO">False</msg>
<arg>${allowed_titles}</arg>
<arg>${name_title}</arg>
<doc>Fails if the ``value`` is not found from ``list``.</doc>
<status status="PASS" start="2024-05-08T22:13:01.181710" elapsed="0.000206"/>
</kw>
<kw name="Set Variable" owner="BuiltIn">
<msg time="2024-05-08T22:13:01.182567" level="INFO">${name_country} = CA</msg>
<var>${name_country}</var>
<arg>${json_data["results"][0]["nat"]}</arg>
<doc>Returns the given values which can then be assigned to a variables.</doc>
<status status="PASS" start="2024-05-08T22:13:01.182198" elapsed="0.000393"/>
</kw>
<kw name="Create List" owner="BuiltIn">
<msg time="2024-05-08T22:13:01.183468" level="INFO">${list_country} = ['AD', 'AE', 'AF', 'AG', 'AI', 'AL', 'AM', 'AO', 'AQ', 'AR', 'AS', 'AT', 'AU', 'AW', 'AX', 'AZ', 'BA', 'BB', 'BD', 'BE', 'BF', 'BG', 'BH', 'BI', 'BJ', 'BL', 'BM', 'BN', 'BO', 'BQ', 'BR', 'BS', 'BT', '...</msg>
<var>${list_country}</var>
<arg>AD</arg>
<arg>AE</arg>
<arg>AF</arg>
<arg>AG</arg>
<arg>AI</arg>
<arg>AL</arg>
<arg>AM</arg>
<arg>AO</arg>
<arg>AQ</arg>
<arg>AR</arg>
<arg>AS</arg>
<arg>AT</arg>
<arg>AU</arg>
<arg>AW</arg>
<arg>AX</arg>
<arg>AZ</arg>
<arg>BA</arg>
<arg>BB</arg>
<arg>BD</arg>
<arg>BE</arg>
<arg>BF</arg>
<arg>BG</arg>
<arg>BH</arg>
<arg>BI</arg>
<arg>BJ</arg>
<arg>BL</arg>
<arg>BM</arg>
<arg>BN</arg>
<arg>BO</arg>
<arg>BQ</arg>
<arg>BR</arg>
<arg>BS</arg>
<arg>BT</arg>
<arg>BV</arg>
<arg>BW</arg>
<arg>BY</arg>
<arg>BZ</arg>
<arg>CA</arg>
<arg>CC</arg>
<arg>CD</arg>
<arg>CF</arg>
<arg>CG</arg>
<arg>CH</arg>
<arg>CI</arg>
<arg>CK</arg>
<arg>CL</arg>
<arg>CM</arg>
<arg>CN</arg>
<arg>CO</arg>
<arg>CR</arg>
<arg>CU</arg>
<arg>CV</arg>
<arg>CW</arg>
<arg>CX</arg>
<arg>CY</arg>
<arg>CZ</arg>
<arg>DE</arg>
<arg>DJ</arg>
<arg>DK</arg>
<arg>DM</arg>
<arg>DO</arg>
<arg>DZ</arg>
<arg>EC</arg>
<arg>EE</arg>
<arg>EG</arg>
<arg>EH</arg>
<arg>ER</arg>
<arg>ES</arg>
<arg>ET</arg>
<arg>FI</arg>
<arg>FJ</arg>
<arg>FK</arg>
<arg>FM</arg>
<arg>FO</arg>
<arg>FR</arg>
<arg>GA</arg>
<arg>GB</arg>
<arg>GD</arg>
<arg>GE</arg>
<arg>GF</arg>
<arg>GG</arg>
<arg>GH</arg>
<arg>GI</arg>
<arg>GL</arg>
<arg>GM</arg>
<arg>GN</arg>
<arg>GP</arg>
<arg>GQ</arg>
<arg>GR</arg>
<arg>GS</arg>
<arg>GT</arg>
<arg>GU</arg>
<arg>GW</arg>
<arg>GY</arg>
<arg>HK</arg>
<arg>HM</arg>
<arg>HN</arg>
<arg>HR</arg>
<arg>HT</arg>
<arg>HU</arg>
<arg>ID</arg>
<arg>IE</arg>
<arg>IL</arg>
<arg>IM</arg>
<arg>IN</arg>
<arg>IO</arg>
<arg>IQ</arg>
<arg>IR</arg>
<arg>IS</arg>
<arg>IT</arg>
<arg>JE</arg>
<arg>JM</arg>
<arg>JO</arg>
<arg>JP</arg>
<arg>KE</arg>
<arg>KG</arg>
<arg>KH</arg>
<arg>KI</arg>
<arg>KM</arg>
<arg>KN</arg>
<arg>KP</arg>
<arg>KR</arg>
<arg>KW</arg>
<arg>KY</arg>
<arg>KZ</arg>
<arg>LA</arg>
<arg>LB</arg>
<arg>LC</arg>
<arg>LI</arg>
<arg>LK</arg>
<arg>LR</arg>
<arg>LS</arg>
<arg>LT</arg>
<arg>LU</arg>
<arg>LV</arg>
<arg>LY</arg>
<arg>MA</arg>
<arg>MC</arg>
<arg>MD</arg>
<arg>ME</arg>
<arg>MF</arg>
<arg>MG</arg>
<arg>MH</arg>
<arg>MK</arg>
<arg>ML</arg>
<arg>MM</arg>
<arg>MN</arg>
<arg>MO</arg>
<arg>MP</arg>
<arg>MQ</arg>
<arg>MR</arg>
<arg>MS</arg>
<arg>MT</arg>
<arg>MU</arg>
<arg>MV</arg>
<arg>MW</arg>
<arg>MX</arg>
<arg>MY</arg>
<arg>MZ</arg>
<arg>NA</arg>
<arg>NC</arg>
<arg>NE</arg>
<arg>NF</arg>
<arg>NG</arg>
<arg>NI</arg>
<arg>NL</arg>
<arg>NO</arg>
<arg>NP</arg>
<arg>NR</arg>
<arg>NU</arg>
<arg>NZ</arg>
<arg>OM</arg>
<arg>PA</arg>
<arg>PE</arg>
<arg>PF</arg>
<arg>PG</arg>
<arg>PH</arg>
<arg>PK</arg>
<arg>PL</arg>
<arg>PM</arg>
<arg>PN</arg>
<arg>PR</arg>
<arg>PS</arg>
<arg>PT</arg>
<arg>PW</arg>
<arg>PY</arg>
<arg>QA</arg>
<arg>RE</arg>
<arg>RO</arg>
<arg>RS</arg>
<arg>RU</arg>
<arg>RW</arg>
<arg>SA</arg>
<arg>SB</arg>
<arg>SC</arg>
<arg>SD</arg>
<arg>SE</arg>
<arg>SG</arg>
<arg>SH</arg>
<arg>SI</arg>
<arg>SJ</arg>
<arg>SK</arg>
<arg>SL</arg>
<arg>SM</arg>
<arg>SN</arg>
<arg>SO</arg>
<arg>SR</arg>
<arg>SS</arg>
<arg>ST</arg>
<arg>SV</arg>
<arg>SX</arg>
<arg>SY</arg>
<arg>SZ</arg>
<arg>TC</arg>
<arg>TD</arg>
<arg>TF</arg>
<arg>TG</arg>
<arg>TH</arg>
<arg>TJ</arg>
<arg>TK</arg>
<arg>TL</arg>
<arg>TM</arg>
<arg>TN</arg>
<arg>TO</arg>
<arg>TR</arg>
<arg>TT</arg>
<arg>TV</arg>
<arg>TW</arg>
<arg>TZ</arg>
<arg>UA</arg>
<arg>UG</arg>
<arg>UM</arg>
<arg>US</arg>
<arg>UY</arg>
<arg>UZ</arg>
<arg>VA</arg>
<arg>VC</arg>
<arg>VE</arg>
<arg>VG</arg>
<arg>VI</arg>
<arg>VN</arg>
<arg>VU</arg>
<arg>WF</arg>
<arg>WS</arg>
<arg>XK</arg>
<arg>YE</arg>
<arg>YT</arg>
<arg>ZA</arg>
<arg>ZM</arg>
<arg>ZW</arg>
<doc>Returns a list containing given items.</doc>
<status status="PASS" start="2024-05-08T22:13:01.182884" elapsed="0.000609"/>
</kw>
<kw name="List Should Contain Value" owner="Collections">
<msg time="2024-05-08T22:13:01.184546" level="INFO">False</msg>
<arg>${list_country}</arg>
<arg>${name_country}</arg>
<doc>Fails if the ``value`` is not found from ``list``.</doc>
<status status="PASS" start="2024-05-08T22:13:01.184348" elapsed="0.000235"/>
</kw>
<kw name="Run Keyword If" owner="BuiltIn">
<kw name="Should Be True" owner="BuiltIn">
<arg>${True}</arg>
<doc>Fails if the given condition is not true.</doc>
<status status="PASS" start="2024-05-08T22:13:01.185663" elapsed="0.000143"/>
</kw>
<arg>${json_data["results"][0]["location"]["coordinates"]["latitude"]} &gt;= -90 and ${json_data["results"][0]["location"]["coordinates"]["latitude"]} &lt;= 90</arg>
<arg>Should Be True</arg>
<arg>${True}</arg>
<doc>Runs the given keyword with the given arguments, if ``condition`` is true.</doc>
<status status="PASS" start="2024-05-08T22:13:01.184888" elapsed="0.001044"/>
</kw>
<kw name="Run Keyword If" owner="BuiltIn">
<kw name="Should Be True" owner="BuiltIn">
<arg>${True}</arg>
<doc>Fails if the given condition is not true.</doc>
<status status="PASS" start="2024-05-08T22:13:01.186806" elapsed="0.000276"/>
</kw>
<arg>${json_data["results"][0]["location"]["coordinates"]["longitude"]} &gt;= -180 and ${json_data["results"][0]["location"]["coordinates"]["longitude"]} &lt;= 180</arg>
<arg>Should Be True</arg>
<arg>${True}</arg>
<doc>Runs the given keyword with the given arguments, if ``condition`` is true.</doc>
<status status="PASS" start="2024-05-08T22:13:01.186117" elapsed="0.001091"/>
</kw>
<status status="PASS" start="2024-05-08T22:13:01.098700" elapsed="0.088639"/>
</kw>
<doc>Testa o conteúdo específico dos campos retornados pela API.</doc>
<tag>testeConteudo</tag>
<status status="PASS" start="2024-05-08T22:13:01.098223" elapsed="0.089269"/>
</test>
<status status="PASS" start="2024-05-08T22:13:00.321306" elapsed="0.868179"/>
</suite>
<status status="PASS" start="2024-05-08T22:13:00.307177" elapsed="0.887443"/>
</suite>
<statistics>
<total>
<stat pass="5" fail="0" skip="0">All Tests</stat>
</total>
<tag>
<stat pass="1" fail="0" skip="0">testeConteudo</stat>
<stat pass="1" fail="0" skip="0">testeEstruturaResposta</stat>
<stat pass="1" fail="0" skip="0">testeRequisicaoBasica</stat>
<stat pass="1" fail="0" skip="0">testeTiposDados</stat>
</tag>
<suite>
<stat pass="5" fail="0" skip="0" id="s1" name="Tests">Tests</stat>
<stat pass="5" fail="0" skip="0" id="s1-s1" name="Random-User-Test">Tests.Random-User-Test</stat>
</suite>
</statistics>
<errors>
</errors>
</robot>
