<?xml version="1.0" encoding="UTF-8"?>
<robot generator="Robot 7.0.1 (Python 3.12.4 on linux)" generated="2024-07-15T13:18:44.034461" rpa="false" schemaversion="5">
<suite id="s1" name="Tests" source="/home/runner/work/ApiRandomUser/ApiRandomUser/RamdonUser/tests">
<suite id="s1-s1" name="Random-User-Test" source="/home/runner/work/ApiRandomUser/ApiRandomUser/RamdonUser/tests/random-user-test.robot">
<test id="s1-s1-t1" name="Conectar" line="13">
<kw name="Conectar API" owner="random-user-service">
<kw name="Create Session" owner="RequestsLibrary">
<msg time="2024-07-15T13:18:44.429457" level="INFO">Creating Session using : alias=consultarAPI, url=https://randomuser.me/, headers={},                     cookies={}, auth=None, timeout=None, proxies=None, verify=False,                     debug=0 </msg>
<arg>consultarAPI</arg>
<arg>${URL}</arg>
<doc>Create Session: create a HTTP session to a server</doc>
<status status="PASS" start="2024-07-15T13:18:44.429246" elapsed="0.000398"/>
</kw>
<status status="PASS" start="2024-07-15T13:18:44.428206" elapsed="0.001804"/>
</kw>
<status status="PASS" start="2024-07-15T13:18:44.427482" elapsed="0.002724"/>
</test>
<test id="s1-s1-t2" name="Validar retorno 200 e JSON Válido" line="16">
<kw name="Teste de Requisicao Basica" owner="random-user-service">
<kw name="GET On Session" owner="RequestsLibrary">
<msg time="2024-07-15T13:18:44.719979" level="INFO">GET Request : url=https://randomuser.me/api 
 path_url=/api 
 headers={'User-Agent': 'python-requests/2.32.3', 'Accept-Encoding': 'gzip, deflate', 'Accept': '*/*', 'Connection': 'keep-alive'} 
 body=None 
 </msg>
<msg time="2024-07-15T13:18:44.720150" level="INFO">GET Response : url=https://randomuser.me/api 
 status=200, reason=OK 
 headers={'Date': 'Mon, 15 Jul 2024 13:18:44 GMT', 'Content-Type': 'application/json; charset=utf-8', 'Transfer-Encoding': 'chunked', 'Connection': 'keep-alive', 'X-Powered-By': 'Express', 'Access-Control-Allow-Origin': '*', 'Cache-Control': 'no-cache', 'ETag': 'W/"498-XdxMwvA17ybM06L0ijogoqfmRNk"', 'Vary': 'Accept-Encoding', 'Content-Encoding': 'gzip', 'CF-Cache-Status': 'DYNAMIC', 'Report-To': '{"endpoints":[{"url":"https:\\/\\/a.nel.cloudflare.com\\/report\\/v4?s=mNkjE7PJK0XGmHxCgZkjLU2dXCaVR82gnGI8zFQsAJ9PDwPQtxIeQej1%2BYwMQXzLN8QMcJCFuIh0bbmULNdwWsiK97vKfLrKJPbgjYTJ0VXlaMgOSo8cLA7AKhMLMoHU"}],"group":"cf-nel","max_age":604800}', 'NEL': '{"success_fraction":0,"report_to":"cf-nel","max_age":604800}', 'Server': 'cloudflare', 'CF-RAY': '8a3a0a490a6d5a45-IAD', 'alt-svc': 'h3=":443"; ma=86400'} 
 body={"results":[{"gender":"male","name":{"title":"Mr","first":"Adam","last":"Dunn"},"location":{"street":{"number":7264,"name":"Green Lane"},"city":"Chichester","state":"Tyne and Wear","country":"United Kingdom","postcode":"VV8X 9QX","coordinates":{"latitude":"-8.5072","longitude":"-103.5795"},"timezone":{"offset":"+10:00","description":"Eastern Australia, Guam, Vladivostok"}},"email":"adam.dunn@example.com","login":{"uuid":"03fb33ec-2ee3-46f6-a22e-d5dba19eefc3","username":"bigtiger863","password":"boating","salt":"l36ox0zP","md5":"925d7adbe53bc2f5332376e0d3112e53","sha1":"11a88b70e0c139f148b8835b11d14b0b2f9ce1dc","sha256":"3a9fd2294cbd6eb54632e22d76a451536a1f848947c84c373ef9498692de2848"},"dob":{"date":"1965-09-08T01:24:29.930Z","age":58},"registered":{"date":"2019-07-04T18:58:04.239Z","age":5},"phone":"017687 35486","cell":"07189 703239","id":{"name":"NINO","value":"CJ 07 87 62 D"},"picture":{"large":"https://randomuser.me/api/portraits/men/71.jpg","medium":"https://randomuser.me/api/portraits/med/men/71.jpg","thumbnail":"https://randomuser.me/api/portraits/thumb/men/71.jpg"},"nat":"GB"}],"info":{"seed":"782c78064ce350b4","results":1,"page":1,"version":"1.4"}} 
 </msg>
<msg time="2024-07-15T13:18:44.720249" level="INFO">/opt/hostedtoolcache/Python/3.12.4/x64/lib/python3.12/site-packages/urllib3/connectionpool.py:1099: InsecureRequestWarning: Unverified HTTPS request is being made to host 'randomuser.me'. Adding certificate verification is strongly advised. See: https://urllib3.readthedocs.io/en/latest/advanced-usage.html#tls-warnings
  warnings.warn(</msg>
<msg time="2024-07-15T13:18:44.720401" level="INFO">${response} = &lt;Response [200]&gt;</msg>
<var>${response}</var>
<arg>consultarAPI</arg>
<arg>/api</arg>
<doc>Sends a GET request on a previously created HTTP Session.</doc>
<status status="PASS" start="2024-07-15T13:18:44.432865" elapsed="0.287584"/>
</kw>
<kw name="Should Be Equal As Numbers" owner="BuiltIn">
<msg time="2024-07-15T13:18:44.721669" level="INFO">Argument types are:
&lt;class 'int'&gt;
&lt;class 'str'&gt;</msg>
<arg>${response.status_code}</arg>
<arg>200</arg>
<doc>Fails if objects are unequal after converting them to real numbers.</doc>
<status status="PASS" start="2024-07-15T13:18:44.721145" elapsed="0.000587"/>
</kw>
<kw name="Log" owner="BuiltIn">
<msg time="2024-07-15T13:18:44.722389" level="INFO">200</msg>
<arg>${response.status_code}</arg>
<doc>Logs the given message with the given level.</doc>
<status status="PASS" start="2024-07-15T13:18:44.722044" elapsed="0.000386"/>
</kw>
<kw name="Set Variable" owner="BuiltIn">
<msg time="2024-07-15T13:18:44.723191" level="INFO">${json_data} = {'results': [{'gender': 'male', 'name': {'title': 'Mr', 'first': 'Adam', 'last': 'Dunn'}, 'location': {'street': {'number': 7264, 'name': 'Green Lane'}, 'city': 'Chichester', 'state': 'Tyne and Wear',...</msg>
<var>${json_data}</var>
<arg>${response.json()}</arg>
<doc>Returns the given values which can then be assigned to a variables.</doc>
<status status="PASS" start="2024-07-15T13:18:44.722766" elapsed="0.000452"/>
</kw>
<kw name="Dictionary Should Contain Key" owner="Collections">
<arg>${json_data}</arg>
<arg>results</arg>
<doc>Fails if ``key`` is not found from ``dictionary``.</doc>
<status status="PASS" start="2024-07-15T13:18:44.723509" elapsed="0.000162"/>
</kw>
<status status="PASS" start="2024-07-15T13:18:44.432612" elapsed="0.291209"/>
</kw>
<doc>Testa se a API responde corretamente e retorna um objeto JSON válido.</doc>
<tag>testeRequisicaoBasica</tag>
<status status="PASS" start="2024-07-15T13:18:44.432137" elapsed="0.291862"/>
</test>
<test id="s1-s1-t3" name="Validar estrutura de resposta" line="22">
<kw name="Teste de Estrutura de Resposta" owner="random-user-service">
<kw name="GET On Session" owner="RequestsLibrary">
<msg time="2024-07-15T13:18:44.815075" level="INFO">GET Request : url=https://randomuser.me/api 
 path_url=/api 
 headers={'User-Agent': 'python-requests/2.32.3', 'Accept-Encoding': 'gzip, deflate', 'Accept': '*/*', 'Connection': 'keep-alive'} 
 body=None 
 </msg>
<msg time="2024-07-15T13:18:44.815191" level="INFO">GET Response : url=https://randomuser.me/api 
 status=200, reason=OK 
 headers={'Date': 'Mon, 15 Jul 2024 13:18:44 GMT', 'Content-Type': 'application/json; charset=utf-8', 'Transfer-Encoding': 'chunked', 'Connection': 'keep-alive', 'X-Powered-By': 'Express', 'Access-Control-Allow-Origin': '*', 'Cache-Control': 'no-cache', 'ETag': 'W/"477-rySCrlL9PKFjxelJVzrxwmVQ8v4"', 'Vary': 'Accept-Encoding', 'Content-Encoding': 'gzip', 'CF-Cache-Status': 'DYNAMIC', 'Report-To': '{"endpoints":[{"url":"https:\\/\\/a.nel.cloudflare.com\\/report\\/v4?s=6EvaWi4vcg7tr5VnT73RZxOovTkVAiToGOU0yzJYEnynNvheZnn13uSlGZCI6CLGxaf%2BZcq4P6mekjBWQKknA5LhyNwQPGO7mR97A0CE%2BgTpNIl%2FZnbuPOYvR%2FS1P6Y3"}],"group":"cf-nel","max_age":604800}', 'NEL': '{"success_fraction":0,"report_to":"cf-nel","max_age":604800}', 'Server': 'cloudflare', 'CF-RAY': '8a3a0a499adb5a45-IAD', 'alt-svc': 'h3=":443"; ma=86400'} 
 body={"results":[{"gender":"male","name":{"title":"Mr","first":"Bradley","last":"Holland"},"location":{"street":{"number":8011,"name":"Church Street"},"city":"Killarney","state":"Mayo","country":"Ireland","postcode":46150,"coordinates":{"latitude":"-0.2039","longitude":"-96.4046"},"timezone":{"offset":"+9:30","description":"Adelaide, Darwin"}},"email":"bradley.holland@example.com","login":{"uuid":"16ec1796-86a4-4e0a-9257-38ad9b414783","username":"greenladybug303","password":"betsy","salt":"GxOs6bOt","md5":"b0b5685442609722b971b6d4f9c58104","sha1":"f5bf8df809a1576e07ef34e7da5ffa9ac507e508","sha256":"77a8bd341c69cd5530b7fd2060dcdf480f981cee54af7cb8b9b97e9eb0ecc368"},"dob":{"date":"1973-04-23T06:05:37.958Z","age":51},"registered":{"date":"2015-02-12T14:17:48.774Z","age":9},"phone":"051-731-2452","cell":"081-301-7290","id":{"name":"PPS","value":"6611801T"},"picture":{"large":"https://randomuser.me/api/portraits/men/84.jpg","medium":"https://randomuser.me/api/portraits/med/men/84.jpg","thumbnail":"https://randomuser.me/api/portraits/thumb/men/84.jpg"},"nat":"IE"}],"info":{"seed":"9634f38b125c962f","results":1,"page":1,"version":"1.4"}} 
 </msg>
<msg time="2024-07-15T13:18:44.815337" level="INFO">/opt/hostedtoolcache/Python/3.12.4/x64/lib/python3.12/site-packages/urllib3/connectionpool.py:1099: InsecureRequestWarning: Unverified HTTPS request is being made to host 'randomuser.me'. Adding certificate verification is strongly advised. See: https://urllib3.readthedocs.io/en/latest/advanced-usage.html#tls-warnings
  warnings.warn(</msg>
<msg time="2024-07-15T13:18:44.815490" level="INFO">${response} = &lt;Response [200]&gt;</msg>
<var>${response}</var>
<arg>consultarAPI</arg>
<arg>/api</arg>
<doc>Sends a GET request on a previously created HTTP Session.</doc>
<status status="PASS" start="2024-07-15T13:18:44.726554" elapsed="0.088979"/>
</kw>
<kw name="Set Variable" owner="BuiltIn">
<msg time="2024-07-15T13:18:44.816811" level="INFO">${json_data} = {'results': [{'gender': 'male', 'name': {'title': 'Mr', 'first': 'Bradley', 'last': 'Holland'}, 'location': {'street': {'number': 8011, 'name': 'Church Street'}, 'city': 'Killarney', 'state': 'Mayo', ...</msg>
<var>${json_data}</var>
<arg>${response.json()}</arg>
<doc>Returns the given values which can then be assigned to a variables.</doc>
<status status="PASS" start="2024-07-15T13:18:44.816206" elapsed="0.000634"/>
</kw>
<kw name="Log" owner="BuiltIn">
<msg time="2024-07-15T13:18:44.817310" level="INFO">{'results': [{'gender': 'male', 'name': {'title': 'Mr', 'first': 'Bradley', 'last': 'Holland'}, 'location': {'street': {'number': 8011, 'name': 'Church Street'}, 'city': 'Killarney', 'state': 'Mayo', 'country': 'Ireland', 'postcode': 46150, 'coordinates': {'latitude': '-0.2039', 'longitude': '-96.4046'}, 'timezone': {'offset': '+9:30', 'description': 'Adelaide, Darwin'}}, 'email': 'bradley.holland@example.com', 'login': {'uuid': '16ec1796-86a4-4e0a-9257-38ad9b414783', 'username': 'greenladybug303', 'password': 'betsy', 'salt': 'GxOs6bOt', 'md5': 'b0b5685442609722b971b6d4f9c58104', 'sha1': 'f5bf8df809a1576e07ef34e7da5ffa9ac507e508', 'sha256': '77a8bd341c69cd5530b7fd2060dcdf480f981cee54af7cb8b9b97e9eb0ecc368'}, 'dob': {'date': '1973-04-23T06:05:37.958Z', 'age': 51}, 'registered': {'date': '2015-02-12T14:17:48.774Z', 'age': 9}, 'phone': '051-731-2452', 'cell': '081-301-7290', 'id': {'name': 'PPS', 'value': '6611801T'}, 'picture': {'large': 'https://randomuser.me/api/portraits/men/84.jpg', 'medium': 'https://randomuser.me/api/portraits/med/men/84.jpg', 'thumbnail': 'https://randomuser.me/api/portraits/thumb/men/84.jpg'}, 'nat': 'IE'}], 'info': {'seed': '9634f38b125c962f', 'results': 1, 'page': 1, 'version': '1.4'}}</msg>
<arg>${json_data}</arg>
<doc>Logs the given message with the given level.</doc>
<status status="PASS" start="2024-07-15T13:18:44.817152" elapsed="0.000207"/>
</kw>
<kw name="Dictionary Should Contain Key" owner="Collections">
<arg>${json_data}</arg>
<arg>results</arg>
<doc>Fails if ``key`` is not found from ``dictionary``.</doc>
<status status="PASS" start="2024-07-15T13:18:44.817658" elapsed="0.000158"/>
</kw>
<kw name="Should Not Be Empty" owner="BuiltIn">
<msg time="2024-07-15T13:18:44.818136" level="INFO">Length is 2.</msg>
<arg>${json_data}</arg>
<doc>Verifies that the given item is not empty.</doc>
<status status="PASS" start="2024-07-15T13:18:44.817999" elapsed="0.000176"/>
</kw>
<kw name="Create List" owner="BuiltIn">
<msg time="2024-07-15T13:18:44.818811" level="INFO">${expected_keys} = ['gender', 'name', 'location', 'email', 'login']</msg>
<var>${expected_keys}</var>
<arg>gender</arg>
<arg>name</arg>
<arg>location</arg>
<arg>email</arg>
<arg>login</arg>
<doc>Returns a list containing given items.</doc>
<status status="PASS" start="2024-07-15T13:18:44.818464" elapsed="0.000374"/>
</kw>
<for flavor="IN">
<iter>
<kw name="Dictionary Should Contain Key" owner="Collections">
<arg>${json_data['results'][0]}</arg>
<arg>${key}</arg>
<doc>Fails if ``key`` is not found from ``dictionary``.</doc>
<status status="PASS" start="2024-07-15T13:18:44.819426" elapsed="0.000398"/>
</kw>
<kw name="Log" owner="BuiltIn">
<msg time="2024-07-15T13:18:44.820361" level="INFO">{'gender': 'male', 'name': {'title': 'Mr', 'first': 'Bradley', 'last': 'Holland'}, 'location': {'street': {'number': 8011, 'name': 'Church Street'}, 'city': 'Killarney', 'state': 'Mayo', 'country': 'Ireland', 'postcode': 46150, 'coordinates': {'latitude': '-0.2039', 'longitude': '-96.4046'}, 'timezone': {'offset': '+9:30', 'description': 'Adelaide, Darwin'}}, 'email': 'bradley.holland@example.com', 'login': {'uuid': '16ec1796-86a4-4e0a-9257-38ad9b414783', 'username': 'greenladybug303', 'password': 'betsy', 'salt': 'GxOs6bOt', 'md5': 'b0b5685442609722b971b6d4f9c58104', 'sha1': 'f5bf8df809a1576e07ef34e7da5ffa9ac507e508', 'sha256': '77a8bd341c69cd5530b7fd2060dcdf480f981cee54af7cb8b9b97e9eb0ecc368'}, 'dob': {'date': '1973-04-23T06:05:37.958Z', 'age': 51}, 'registered': {'date': '2015-02-12T14:17:48.774Z', 'age': 9}, 'phone': '051-731-2452', 'cell': '081-301-7290', 'id': {'name': 'PPS', 'value': '6611801T'}, 'picture': {'large': 'https://randomuser.me/api/portraits/men/84.jpg', 'medium': 'https://randomuser.me/api/portraits/med/men/84.jpg', 'thumbnail': 'https://randomuser.me/api/portraits/thumb/men/84.jpg'}, 'nat': 'IE'}</msg>
<arg>${json_data['results'][0]}</arg>
<doc>Logs the given message with the given level.</doc>
<status status="PASS" start="2024-07-15T13:18:44.820007" elapsed="0.000403"/>
</kw>
<kw name="Log" owner="BuiltIn">
<msg time="2024-07-15T13:18:44.820832" level="INFO">gender</msg>
<arg>${key}</arg>
<doc>Logs the given message with the given level.</doc>
<status status="PASS" start="2024-07-15T13:18:44.820706" elapsed="0.000163"/>
</kw>
<var name="${key}">gender</var>
<status status="PASS" start="2024-07-15T13:18:44.819304" elapsed="0.001782"/>
</iter>
<iter>
<kw name="Dictionary Should Contain Key" owner="Collections">
<arg>${json_data['results'][0]}</arg>
<arg>${key}</arg>
<doc>Fails if ``key`` is not found from ``dictionary``.</doc>
<status status="PASS" start="2024-07-15T13:18:44.821380" elapsed="0.000383"/>
</kw>
<kw name="Log" owner="BuiltIn">
<msg time="2024-07-15T13:18:44.822286" level="INFO">{'gender': 'male', 'name': {'title': 'Mr', 'first': 'Bradley', 'last': 'Holland'}, 'location': {'street': {'number': 8011, 'name': 'Church Street'}, 'city': 'Killarney', 'state': 'Mayo', 'country': 'Ireland', 'postcode': 46150, 'coordinates': {'latitude': '-0.2039', 'longitude': '-96.4046'}, 'timezone': {'offset': '+9:30', 'description': 'Adelaide, Darwin'}}, 'email': 'bradley.holland@example.com', 'login': {'uuid': '16ec1796-86a4-4e0a-9257-38ad9b414783', 'username': 'greenladybug303', 'password': 'betsy', 'salt': 'GxOs6bOt', 'md5': 'b0b5685442609722b971b6d4f9c58104', 'sha1': 'f5bf8df809a1576e07ef34e7da5ffa9ac507e508', 'sha256': '77a8bd341c69cd5530b7fd2060dcdf480f981cee54af7cb8b9b97e9eb0ecc368'}, 'dob': {'date': '1973-04-23T06:05:37.958Z', 'age': 51}, 'registered': {'date': '2015-02-12T14:17:48.774Z', 'age': 9}, 'phone': '051-731-2452', 'cell': '081-301-7290', 'id': {'name': 'PPS', 'value': '6611801T'}, 'picture': {'large': 'https://randomuser.me/api/portraits/men/84.jpg', 'medium': 'https://randomuser.me/api/portraits/med/men/84.jpg', 'thumbnail': 'https://randomuser.me/api/portraits/thumb/men/84.jpg'}, 'nat': 'IE'}</msg>
<arg>${json_data['results'][0]}</arg>
<doc>Logs the given message with the given level.</doc>
<status status="PASS" start="2024-07-15T13:18:44.821942" elapsed="0.000425"/>
</kw>
<kw name="Log" owner="BuiltIn">
<msg time="2024-07-15T13:18:44.822815" level="INFO">name</msg>
<arg>${key}</arg>
<doc>Logs the given message with the given level.</doc>
<status status="PASS" start="2024-07-15T13:18:44.822659" elapsed="0.000193"/>
</kw>
<var name="${key}">name</var>
<status status="PASS" start="2024-07-15T13:18:44.821269" elapsed="0.001799"/>
</iter>
<iter>
<kw name="Dictionary Should Contain Key" owner="Collections">
<arg>${json_data['results'][0]}</arg>
<arg>${key}</arg>
<doc>Fails if ``key`` is not found from ``dictionary``.</doc>
<status status="PASS" start="2024-07-15T13:18:44.823356" elapsed="0.000378"/>
</kw>
<kw name="Log" owner="BuiltIn">
<msg time="2024-07-15T13:18:44.824260" level="INFO">{'gender': 'male', 'name': {'title': 'Mr', 'first': 'Bradley', 'last': 'Holland'}, 'location': {'street': {'number': 8011, 'name': 'Church Street'}, 'city': 'Killarney', 'state': 'Mayo', 'country': 'Ireland', 'postcode': 46150, 'coordinates': {'latitude': '-0.2039', 'longitude': '-96.4046'}, 'timezone': {'offset': '+9:30', 'description': 'Adelaide, Darwin'}}, 'email': 'bradley.holland@example.com', 'login': {'uuid': '16ec1796-86a4-4e0a-9257-38ad9b414783', 'username': 'greenladybug303', 'password': 'betsy', 'salt': 'GxOs6bOt', 'md5': 'b0b5685442609722b971b6d4f9c58104', 'sha1': 'f5bf8df809a1576e07ef34e7da5ffa9ac507e508', 'sha256': '77a8bd341c69cd5530b7fd2060dcdf480f981cee54af7cb8b9b97e9eb0ecc368'}, 'dob': {'date': '1973-04-23T06:05:37.958Z', 'age': 51}, 'registered': {'date': '2015-02-12T14:17:48.774Z', 'age': 9}, 'phone': '051-731-2452', 'cell': '081-301-7290', 'id': {'name': 'PPS', 'value': '6611801T'}, 'picture': {'large': 'https://randomuser.me/api/portraits/men/84.jpg', 'medium': 'https://randomuser.me/api/portraits/med/men/84.jpg', 'thumbnail': 'https://randomuser.me/api/portraits/thumb/men/84.jpg'}, 'nat': 'IE'}</msg>
<arg>${json_data['results'][0]}</arg>
<doc>Logs the given message with the given level.</doc>
<status status="PASS" start="2024-07-15T13:18:44.823915" elapsed="0.000393"/>
</kw>
<kw name="Log" owner="BuiltIn">
<msg time="2024-07-15T13:18:44.824726" level="INFO">location</msg>
<arg>${key}</arg>
<doc>Logs the given message with the given level.</doc>
<status status="PASS" start="2024-07-15T13:18:44.824602" elapsed="0.000161"/>
</kw>
<var name="${key}">location</var>
<status status="PASS" start="2024-07-15T13:18:44.823247" elapsed="0.001727"/>
</iter>
<iter>
<kw name="Dictionary Should Contain Key" owner="Collections">
<arg>${json_data['results'][0]}</arg>
<arg>${key}</arg>
<doc>Fails if ``key`` is not found from ``dictionary``.</doc>
<status status="PASS" start="2024-07-15T13:18:44.825250" elapsed="0.000381"/>
</kw>
<kw name="Log" owner="BuiltIn">
<msg time="2024-07-15T13:18:44.826149" level="INFO">{'gender': 'male', 'name': {'title': 'Mr', 'first': 'Bradley', 'last': 'Holland'}, 'location': {'street': {'number': 8011, 'name': 'Church Street'}, 'city': 'Killarney', 'state': 'Mayo', 'country': 'Ireland', 'postcode': 46150, 'coordinates': {'latitude': '-0.2039', 'longitude': '-96.4046'}, 'timezone': {'offset': '+9:30', 'description': 'Adelaide, Darwin'}}, 'email': 'bradley.holland@example.com', 'login': {'uuid': '16ec1796-86a4-4e0a-9257-38ad9b414783', 'username': 'greenladybug303', 'password': 'betsy', 'salt': 'GxOs6bOt', 'md5': 'b0b5685442609722b971b6d4f9c58104', 'sha1': 'f5bf8df809a1576e07ef34e7da5ffa9ac507e508', 'sha256': '77a8bd341c69cd5530b7fd2060dcdf480f981cee54af7cb8b9b97e9eb0ecc368'}, 'dob': {'date': '1973-04-23T06:05:37.958Z', 'age': 51}, 'registered': {'date': '2015-02-12T14:17:48.774Z', 'age': 9}, 'phone': '051-731-2452', 'cell': '081-301-7290', 'id': {'name': 'PPS', 'value': '6611801T'}, 'picture': {'large': 'https://randomuser.me/api/portraits/men/84.jpg', 'medium': 'https://randomuser.me/api/portraits/med/men/84.jpg', 'thumbnail': 'https://randomuser.me/api/portraits/thumb/men/84.jpg'}, 'nat': 'IE'}</msg>
<arg>${json_data['results'][0]}</arg>
<doc>Logs the given message with the given level.</doc>
<status status="PASS" start="2024-07-15T13:18:44.825809" elapsed="0.000389"/>
</kw>
<kw name="Log" owner="BuiltIn">
<msg time="2024-07-15T13:18:44.826619" level="INFO">email</msg>
<arg>${key}</arg>
<doc>Logs the given message with the given level.</doc>
<status status="PASS" start="2024-07-15T13:18:44.826490" elapsed="0.000167"/>
</kw>
<var name="${key}">email</var>
<status status="PASS" start="2024-07-15T13:18:44.825143" elapsed="0.001762"/>
</iter>
<iter>
<kw name="Dictionary Should Contain Key" owner="Collections">
<arg>${json_data['results'][0]}</arg>
<arg>${key}</arg>
<doc>Fails if ``key`` is not found from ``dictionary``.</doc>
<status status="PASS" start="2024-07-15T13:18:44.827185" elapsed="0.000382"/>
</kw>
<kw name="Log" owner="BuiltIn">
<msg time="2024-07-15T13:18:44.828085" level="INFO">{'gender': 'male', 'name': {'title': 'Mr', 'first': 'Bradley', 'last': 'Holland'}, 'location': {'street': {'number': 8011, 'name': 'Church Street'}, 'city': 'Killarney', 'state': 'Mayo', 'country': 'Ireland', 'postcode': 46150, 'coordinates': {'latitude': '-0.2039', 'longitude': '-96.4046'}, 'timezone': {'offset': '+9:30', 'description': 'Adelaide, Darwin'}}, 'email': 'bradley.holland@example.com', 'login': {'uuid': '16ec1796-86a4-4e0a-9257-38ad9b414783', 'username': 'greenladybug303', 'password': 'betsy', 'salt': 'GxOs6bOt', 'md5': 'b0b5685442609722b971b6d4f9c58104', 'sha1': 'f5bf8df809a1576e07ef34e7da5ffa9ac507e508', 'sha256': '77a8bd341c69cd5530b7fd2060dcdf480f981cee54af7cb8b9b97e9eb0ecc368'}, 'dob': {'date': '1973-04-23T06:05:37.958Z', 'age': 51}, 'registered': {'date': '2015-02-12T14:17:48.774Z', 'age': 9}, 'phone': '051-731-2452', 'cell': '081-301-7290', 'id': {'name': 'PPS', 'value': '6611801T'}, 'picture': {'large': 'https://randomuser.me/api/portraits/men/84.jpg', 'medium': 'https://randomuser.me/api/portraits/med/men/84.jpg', 'thumbnail': 'https://randomuser.me/api/portraits/thumb/men/84.jpg'}, 'nat': 'IE'}</msg>
<arg>${json_data['results'][0]}</arg>
<doc>Logs the given message with the given level.</doc>
<status status="PASS" start="2024-07-15T13:18:44.827744" elapsed="0.000389"/>
</kw>
<kw name="Log" owner="BuiltIn">
<msg time="2024-07-15T13:18:44.828546" level="INFO">login</msg>
<arg>${key}</arg>
<doc>Logs the given message with the given level.</doc>
<status status="PASS" start="2024-07-15T13:18:44.828420" elapsed="0.000163"/>
</kw>
<var name="${key}">login</var>
<status status="PASS" start="2024-07-15T13:18:44.827074" elapsed="0.001720"/>
</iter>
<var>${key}</var>
<value>@{expected_keys}</value>
<status status="PASS" start="2024-07-15T13:18:44.819108" elapsed="0.009806"/>
</for>
<kw name="Create List" owner="BuiltIn">
<msg time="2024-07-15T13:18:44.829241" level="INFO">${expected_keysTwo} = ['username', 'password']</msg>
<var>${expected_keysTwo}</var>
<arg>username</arg>
<arg>password</arg>
<doc>Returns a list containing given items.</doc>
<status status="PASS" start="2024-07-15T13:18:44.829103" elapsed="0.000162"/>
</kw>
<for flavor="IN">
<iter>
<kw name="Dictionary Should Contain Key" owner="Collections">
<arg>${json_data['results'][0]['login']}</arg>
<arg>${keyTwo}</arg>
<doc>Fails if ``key`` is not found from ``dictionary``.</doc>
<status status="PASS" start="2024-07-15T13:18:44.829780" elapsed="0.000374"/>
</kw>
<kw name="Dictionary Should Contain Key" owner="Collections">
<arg>${json_data['results'][0]['login']}</arg>
<arg>${keyTwo}</arg>
<doc>Fails if ``key`` is not found from ``dictionary``.</doc>
<status status="PASS" start="2024-07-15T13:18:44.830332" elapsed="0.000401"/>
</kw>
<kw name="Log" owner="BuiltIn">
<msg time="2024-07-15T13:18:44.831038" level="INFO">username</msg>
<arg>${keyTwo}</arg>
<doc>Logs the given message with the given level.</doc>
<status status="PASS" start="2024-07-15T13:18:44.830917" elapsed="0.000164"/>
</kw>
<var name="${keyTwo}">username</var>
<status status="PASS" start="2024-07-15T13:18:44.829674" elapsed="0.001622"/>
</iter>
<iter>
<kw name="Dictionary Should Contain Key" owner="Collections">
<arg>${json_data['results'][0]['login']}</arg>
<arg>${keyTwo}</arg>
<doc>Fails if ``key`` is not found from ``dictionary``.</doc>
<status status="PASS" start="2024-07-15T13:18:44.831571" elapsed="0.000383"/>
</kw>
<kw name="Dictionary Should Contain Key" owner="Collections">
<arg>${json_data['results'][0]['login']}</arg>
<arg>${keyTwo}</arg>
<doc>Fails if ``key`` is not found from ``dictionary``.</doc>
<status status="PASS" start="2024-07-15T13:18:44.832131" elapsed="0.000361"/>
</kw>
<kw name="Log" owner="BuiltIn">
<msg time="2024-07-15T13:18:44.832781" level="INFO">password</msg>
<arg>${keyTwo}</arg>
<doc>Logs the given message with the given level.</doc>
<status status="PASS" start="2024-07-15T13:18:44.832666" elapsed="0.000156"/>
</kw>
<var name="${keyTwo}">password</var>
<status status="PASS" start="2024-07-15T13:18:44.831466" elapsed="0.001663"/>
</iter>
<var>${keyTwo}</var>
<value>@{expected_keysTwo}</value>
<status status="PASS" start="2024-07-15T13:18:44.829522" elapsed="0.003727"/>
</for>
<status status="PASS" start="2024-07-15T13:18:44.726324" elapsed="0.107065"/>
</kw>
<doc>Testa a estrutura da resposta da API.</doc>
<tag>testeEstruturaResposta</tag>
<status status="PASS" start="2024-07-15T13:18:44.725819" elapsed="0.107726"/>
</test>
<test id="s1-s1-t4" name="Validar tipos de dados" line="28">
<kw name="Teste de Tipos de Dados" owner="random-user-service">
<kw name="GET On Session" owner="RequestsLibrary">
<msg time="2024-07-15T13:18:44.911491" level="INFO">GET Request : url=https://randomuser.me/api 
 path_url=/api 
 headers={'User-Agent': 'python-requests/2.32.3', 'Accept-Encoding': 'gzip, deflate', 'Accept': '*/*', 'Connection': 'keep-alive'} 
 body=None 
 </msg>
<msg time="2024-07-15T13:18:44.911606" level="INFO">GET Response : url=https://randomuser.me/api 
 status=200, reason=OK 
 headers={'Date': 'Mon, 15 Jul 2024 13:18:44 GMT', 'Content-Type': 'application/json; charset=utf-8', 'Transfer-Encoding': 'chunked', 'Connection': 'keep-alive', 'X-Powered-By': 'Express', 'Access-Control-Allow-Origin': '*', 'Cache-Control': 'no-cache', 'ETag': 'W/"497-VRKu6TsCuQmdg6KqKNVi3WOqoBs"', 'Vary': 'Accept-Encoding', 'Content-Encoding': 'gzip', 'CF-Cache-Status': 'DYNAMIC', 'Report-To': '{"endpoints":[{"url":"https:\\/\\/a.nel.cloudflare.com\\/report\\/v4?s=%2B%2FyoHu1QNLu%2F5B3j%2FcogNI7joX7fRkVEzHI%2FWPZlhYebKEu3JY3PCd1L6awDkoIPTZXcRM9EuR3sRz7JALGWVt8JGTMfGjQBCvcZcIBf115n83YwcobwnPT45q6rIW6h"}],"group":"cf-nel","max_age":604800}', 'NEL': '{"success_fraction":0,"report_to":"cf-nel","max_age":604800}', 'Server': 'cloudflare', 'CF-RAY': '8a3a0a4a4b785a45-IAD', 'alt-svc': 'h3=":443"; ma=86400'} 
 body={"results":[{"gender":"male","name":{"title":"Mr","first":"Mohammad","last":"Kristoffersen"},"location":{"street":{"number":2430,"name":"Svartorseterveien"},"city":"Bagn","state":"Buskerud","country":"Norway","postcode":"8300","coordinates":{"latitude":"45.4134","longitude":"-53.1656"},"timezone":{"offset":"+5:30","description":"Bombay, Calcutta, Madras, New Delhi"}},"email":"mohammad.kristoffersen@example.com","login":{"uuid":"a7b3d021-73f0-45eb-9c63-1de8f924a4b6","username":"happyelephant157","password":"shakur","salt":"Cl0dt6R1","md5":"aa2cb6697fd8a2ff71fc604c3de1fc94","sha1":"b99ff4ae56aa99e041a4e0719226794625736f61","sha256":"3d24495299d87195ed2fc283647054a7b08f28dfec50c632a5e4658325b09b00"},"dob":{"date":"1994-04-22T04:59:42.415Z","age":30},"registered":{"date":"2020-12-30T18:14:29.486Z","age":3},"phone":"86126274","cell":"47543641","id":{"name":"FN","value":"22049415552"},"picture":{"large":"https://randomuser.me/api/portraits/men/52.jpg","medium":"https://randomuser.me/api/portraits/med/men/52.jpg","thumbnail":"https://randomuser.me/api/portraits/thumb/men/52.jpg"},"nat":"NO"}],"info":{"seed":"90d6ec69219dcae4","results":1,"page":1,"version":"1.4"}} 
 </msg>
<msg time="2024-07-15T13:18:44.911687" level="INFO">/opt/hostedtoolcache/Python/3.12.4/x64/lib/python3.12/site-packages/urllib3/connectionpool.py:1099: InsecureRequestWarning: Unverified HTTPS request is being made to host 'randomuser.me'. Adding certificate verification is strongly advised. See: https://urllib3.readthedocs.io/en/latest/advanced-usage.html#tls-warnings
  warnings.warn(</msg>
<msg time="2024-07-15T13:18:44.911805" level="INFO">${response} = &lt;Response [200]&gt;</msg>
<var>${response}</var>
<arg>consultarAPI</arg>
<arg>/api</arg>
<doc>Sends a GET request on a previously created HTTP Session.</doc>
<status status="PASS" start="2024-07-15T13:18:44.836065" elapsed="0.075783"/>
</kw>
<kw name="Set Variable" owner="BuiltIn">
<msg time="2024-07-15T13:18:44.913208" level="INFO">${json_data} = {'results': [{'gender': 'male', 'name': {'title': 'Mr', 'first': 'Mohammad', 'last': 'Kristoffersen'}, 'location': {'street': {'number': 2430, 'name': 'Svartorseterveien'}, 'city': 'Bagn', 'state': 'B...</msg>
<var>${json_data}</var>
<arg>${response.json()}</arg>
<doc>Returns the given values which can then be assigned to a variables.</doc>
<status status="PASS" start="2024-07-15T13:18:44.912551" elapsed="0.000687"/>
</kw>
<kw name="Log" owner="BuiltIn">
<msg time="2024-07-15T13:18:44.913784" level="INFO">{'results': [{'gender': 'male', 'name': {'title': 'Mr', 'first': 'Mohammad', 'last': 'Kristoffersen'}, 'location': {'street': {'number': 2430, 'name': 'Svartorseterveien'}, 'city': 'Bagn', 'state': 'Buskerud', 'country': 'Norway', 'postcode': '8300', 'coordinates': {'latitude': '45.4134', 'longitude': '-53.1656'}, 'timezone': {'offset': '+5:30', 'description': 'Bombay, Calcutta, Madras, New Delhi'}}, 'email': 'mohammad.kristoffersen@example.com', 'login': {'uuid': 'a7b3d021-73f0-45eb-9c63-1de8f924a4b6', 'username': 'happyelephant157', 'password': 'shakur', 'salt': 'Cl0dt6R1', 'md5': 'aa2cb6697fd8a2ff71fc604c3de1fc94', 'sha1': 'b99ff4ae56aa99e041a4e0719226794625736f61', 'sha256': '3d24495299d87195ed2fc283647054a7b08f28dfec50c632a5e4658325b09b00'}, 'dob': {'date': '1994-04-22T04:59:42.415Z', 'age': 30}, 'registered': {'date': '2020-12-30T18:14:29.486Z', 'age': 3}, 'phone': '86126274', 'cell': '47543641', 'id': {'name': 'FN', 'value': '22049415552'}, 'picture': {'large': 'https://randomuser.me/api/portraits/men/52.jpg', 'medium': 'https://randomuser.me/api/portraits/med/men/52.jpg', 'thumbnail': 'https://randomuser.me/api/portraits/thumb/men/52.jpg'}, 'nat': 'NO'}], 'info': {'seed': '90d6ec69219dcae4', 'results': 1, 'page': 1, 'version': '1.4'}}</msg>
<arg>${json_data}</arg>
<doc>Logs the given message with the given level.</doc>
<status status="PASS" start="2024-07-15T13:18:44.913611" elapsed="0.000223"/>
</kw>
<kw name="Should Be String" owner="String">
<arg>${json_data['results'][0]['gender']}</arg>
<doc>Fails if the given ``item`` is not a string.</doc>
<status status="PASS" start="2024-07-15T13:18:44.914155" elapsed="0.000392"/>
</kw>
<kw name="Should Match Regexp" owner="BuiltIn">
<arg>${json_data['results'][0]['email']}</arg>
<arg>^[a-zA-Z0-9._%+-]+@[a-zA-Z0-9.-]+\.[a-zA-Z]{2,}$</arg>
<doc>Fails if ``string`` does not match ``pattern`` as a regular expression.</doc>
<status status="PASS" start="2024-07-15T13:18:44.914790" elapsed="0.000553"/>
</kw>
<kw name="Should Match Regexp" owner="BuiltIn">
<arg>${json_data['results'][0]['dob']['date']}</arg>
<arg>\\d{4}-\\d{2}-\\d{2}T\\d{2}:\\d{2}:\\d{2}\\.\\d{3}Z</arg>
<doc>Fails if ``string`` does not match ``pattern`` as a regular expression.</doc>
<status status="PASS" start="2024-07-15T13:18:44.915584" elapsed="0.000512"/>
</kw>
<kw name="Should Match Regexp" owner="BuiltIn">
<arg>${json_data['results'][0]['registered']['date']}</arg>
<arg>\\d{4}-\\d{2}-\\d{2}T\\d{2}:\\d{2}:\\d{2}\\.\\d{3}Z</arg>
<doc>Fails if ``string`` does not match ``pattern`` as a regular expression.</doc>
<status status="PASS" start="2024-07-15T13:18:44.916290" elapsed="0.000370"/>
</kw>
<kw name="Should Match Regexp" owner="BuiltIn">
<arg>${json_data['results'][0]['picture']['large']}</arg>
<arg>^https?://.*\.(?:png|jpe?g|gif|bmp)$</arg>
<doc>Fails if ``string`` does not match ``pattern`` as a regular expression.</doc>
<status status="PASS" start="2024-07-15T13:18:44.916844" elapsed="0.000466"/>
</kw>
<kw name="Should Match Regexp" owner="BuiltIn">
<arg>${json_data['results'][0]['picture']['medium']}</arg>
<arg>^https?://.*\.(?:png|jpe?g|gif|bmp)$</arg>
<doc>Fails if ``string`` does not match ``pattern`` as a regular expression.</doc>
<status status="PASS" start="2024-07-15T13:18:44.917495" elapsed="0.000347"/>
</kw>
<kw name="Should Match Regexp" owner="BuiltIn">
<arg>${json_data['results'][0]['picture']['thumbnail']}</arg>
<arg>^https?://.*\.(?:png|jpe?g|gif|bmp)$</arg>
<doc>Fails if ``string`` does not match ``pattern`` as a regular expression.</doc>
<status status="PASS" start="2024-07-15T13:18:44.918022" elapsed="0.000350"/>
</kw>
<kw name="Log" owner="BuiltIn">
<msg time="2024-07-15T13:18:44.918922" level="INFO">{'large': 'https://randomuser.me/api/portraits/men/52.jpg', 'medium': 'https://randomuser.me/api/portraits/med/men/52.jpg', 'thumbnail': 'https://randomuser.me/api/portraits/thumb/men/52.jpg'}</msg>
<arg>${json_data['results'][0]['picture']}</arg>
<doc>Logs the given message with the given level.</doc>
<status status="PASS" start="2024-07-15T13:18:44.918553" elapsed="0.000414"/>
</kw>
<status status="PASS" start="2024-07-15T13:18:44.835839" elapsed="0.083399"/>
</kw>
<kw name="Teste de Tipos de Dados - Postcode" owner="random-user-service">
<kw name="GET On Session" owner="RequestsLibrary">
<msg time="2024-07-15T13:18:45.013568" level="INFO">GET Request : url=https://randomuser.me/api 
 path_url=/api 
 headers={'User-Agent': 'python-requests/2.32.3', 'Accept-Encoding': 'gzip, deflate', 'Accept': '*/*', 'Connection': 'keep-alive'} 
 body=None 
 </msg>
<msg time="2024-07-15T13:18:45.013679" level="INFO">GET Response : url=https://randomuser.me/api 
 status=200, reason=OK 
 headers={'Date': 'Mon, 15 Jul 2024 13:18:45 GMT', 'Content-Type': 'application/json; charset=utf-8', 'Transfer-Encoding': 'chunked', 'Connection': 'keep-alive', 'X-Powered-By': 'Express', 'Access-Control-Allow-Origin': '*', 'Cache-Control': 'no-cache', 'ETag': 'W/"467-sgU15GqNnT8MZKQy39pZH5GfJG4"', 'Vary': 'Accept-Encoding', 'Content-Encoding': 'gzip', 'CF-Cache-Status': 'DYNAMIC', 'Report-To': '{"endpoints":[{"url":"https:\\/\\/a.nel.cloudflare.com\\/report\\/v4?s=4pVCYm03YLXG6V0LTHbHg4oJgvLBDAbmNOGEn5ldXpgAoNNARibVt11yo%2FZWpxMLJ%2BDt2JWaGJipilD5th1n0h4vDCGOoAdsT9EYLfJbbLIvg%2B7Lpuf3xKEfS5u93TVB"}],"group":"cf-nel","max_age":604800}', 'NEL': '{"success_fraction":0,"report_to":"cf-nel","max_age":604800}', 'Server': 'cloudflare', 'CF-RAY': '8a3a0a4acc045a45-IAD', 'alt-svc': 'h3=":443"; ma=86400'} 
 body={"results":[{"gender":"male","name":{"title":"Mr","first":"Sudislav","last":"Lisicya"},"location":{"street":{"number":140,"name":"Nogayska"},"city":"Harkiv","state":"Chernivecka","country":"Ukraine","postcode":43341,"coordinates":{"latitude":"80.4773","longitude":"-151.1814"},"timezone":{"offset":"+4:30","description":"Kabul"}},"email":"sudislav.lisicya@example.com","login":{"uuid":"d8a03ef5-b5c7-4b2f-8979-10b4ea28da4b","username":"lazymeercat179","password":"marty","salt":"TvVBSk9d","md5":"eb09700bdb01d3187c283a3e665dcaff","sha1":"9b15ab478c75cb138020b89c5b18311f0c9a3087","sha256":"b8469051ec7d44e7d49c5029a6e96840812416bfdcaab0567458ee8fe6b1c74f"},"dob":{"date":"1948-01-13T15:40:50.784Z","age":76},"registered":{"date":"2017-03-23T10:55:44.646Z","age":7},"phone":"(099) Q15-8627","cell":"(068) M25-7573","id":{"name":"","value":null},"picture":{"large":"https://randomuser.me/api/portraits/men/30.jpg","medium":"https://randomuser.me/api/portraits/med/men/30.jpg","thumbnail":"https://randomuser.me/api/portraits/thumb/men/30.jpg"},"nat":"UA"}],"info":{"seed":"b53ecf6e4cb50144","results":1,"page":1,"version":"1.4"}} 
 </msg>
<msg time="2024-07-15T13:18:45.013759" level="INFO">/opt/hostedtoolcache/Python/3.12.4/x64/lib/python3.12/site-packages/urllib3/connectionpool.py:1099: InsecureRequestWarning: Unverified HTTPS request is being made to host 'randomuser.me'. Adding certificate verification is strongly advised. See: https://urllib3.readthedocs.io/en/latest/advanced-usage.html#tls-warnings
  warnings.warn(</msg>
<msg time="2024-07-15T13:18:45.013881" level="INFO">${response} = &lt;Response [200]&gt;</msg>
<var>${response}</var>
<arg>consultarAPI</arg>
<arg>/api</arg>
<doc>Sends a GET request on a previously created HTTP Session.</doc>
<status status="PASS" start="2024-07-15T13:18:44.919705" elapsed="0.094213"/>
</kw>
<kw name="Set Variable" owner="BuiltIn">
<msg time="2024-07-15T13:18:45.014990" level="INFO">${json_data} = {'results': [{'gender': 'male', 'name': {'title': 'Mr', 'first': 'Sudislav', 'last': 'Lisicya'}, 'location': {'street': {'number': 140, 'name': 'Nogayska'}, 'city': 'Harkiv', 'state': 'Chernivecka', '...</msg>
<var>${json_data}</var>
<arg>${response.json()}</arg>
<doc>Returns the given values which can then be assigned to a variables.</doc>
<status status="PASS" start="2024-07-15T13:18:45.014441" elapsed="0.000577"/>
</kw>
<kw name="Log" owner="BuiltIn">
<msg time="2024-07-15T13:18:45.015476" level="INFO">{'results': [{'gender': 'male', 'name': {'title': 'Mr', 'first': 'Sudislav', 'last': 'Lisicya'}, 'location': {'street': {'number': 140, 'name': 'Nogayska'}, 'city': 'Harkiv', 'state': 'Chernivecka', 'country': 'Ukraine', 'postcode': 43341, 'coordinates': {'latitude': '80.4773', 'longitude': '-151.1814'}, 'timezone': {'offset': '+4:30', 'description': 'Kabul'}}, 'email': 'sudislav.lisicya@example.com', 'login': {'uuid': 'd8a03ef5-b5c7-4b2f-8979-10b4ea28da4b', 'username': 'lazymeercat179', 'password': 'marty', 'salt': 'TvVBSk9d', 'md5': 'eb09700bdb01d3187c283a3e665dcaff', 'sha1': '9b15ab478c75cb138020b89c5b18311f0c9a3087', 'sha256': 'b8469051ec7d44e7d49c5029a6e96840812416bfdcaab0567458ee8fe6b1c74f'}, 'dob': {'date': '1948-01-13T15:40:50.784Z', 'age': 76}, 'registered': {'date': '2017-03-23T10:55:44.646Z', 'age': 7}, 'phone': '(099) Q15-8627', 'cell': '(068) M25-7573', 'id': {'name': '', 'value': None}, 'picture': {'large': 'https://randomuser.me/api/portraits/men/30.jpg', 'medium': 'https://randomuser.me/api/portraits/med/men/30.jpg', 'thumbnail': 'https://randomuser.me/api/portraits/thumb/men/30.jpg'}, 'nat': 'UA'}], 'info': {'seed': 'b53ecf6e4cb50144', 'results': 1, 'page': 1, 'version': '1.4'}}</msg>
<arg>${json_data}</arg>
<doc>Logs the given message with the given level.</doc>
<status status="PASS" start="2024-07-15T13:18:45.015321" elapsed="0.000201"/>
</kw>
<kw name="Should Be Equal As Numbers" owner="BuiltIn">
<arg>${json_data['results'][0]['location']['postcode']}</arg>
<arg>${json_data['results'][0]['location']['postcode']}</arg>
<doc>Fails if objects are unequal after converting them to real numbers.</doc>
<status status="PASS" start="2024-07-15T13:18:45.015807" elapsed="0.000619"/>
</kw>
<kw name="Log" owner="BuiltIn">
<msg time="2024-07-15T13:18:45.017128" level="INFO">43341</msg>
<arg>${json_data['results'][0]['location']['postcode']}</arg>
<doc>Logs the given message with the given level.</doc>
<status status="PASS" start="2024-07-15T13:18:45.016611" elapsed="0.000558"/>
</kw>
<status status="PASS" start="2024-07-15T13:18:44.919474" elapsed="0.097955"/>
</kw>
<doc>Testa se os tipos de dados na resposta da API estão corretos.</doc>
<tag>testeTiposDados</tag>
<status status="PASS" start="2024-07-15T13:18:44.835388" elapsed="0.182237"/>
</test>
<test id="s1-s1-t5" name="Validar conteudo" line="35">
<kw name="Teste de Tipos de Conteudo" owner="random-user-service">
<kw name="GET On Session" owner="RequestsLibrary">
<msg time="2024-07-15T13:18:45.111981" level="INFO">GET Request : url=https://randomuser.me/api 
 path_url=/api 
 headers={'User-Agent': 'python-requests/2.32.3', 'Accept-Encoding': 'gzip, deflate', 'Accept': '*/*', 'Connection': 'keep-alive'} 
 body=None 
 </msg>
<msg time="2024-07-15T13:18:45.112092" level="INFO">GET Response : url=https://randomuser.me/api 
 status=200, reason=OK 
 headers={'Date': 'Mon, 15 Jul 2024 13:18:45 GMT', 'Content-Type': 'application/json; charset=utf-8', 'Transfer-Encoding': 'chunked', 'Connection': 'keep-alive', 'X-Powered-By': 'Express', 'Access-Control-Allow-Origin': '*', 'Cache-Control': 'no-cache', 'ETag': 'W/"486-jignT1SYNL0K3mthk9pp2omEB1Y"', 'Vary': 'Accept-Encoding', 'Content-Encoding': 'gzip', 'CF-Cache-Status': 'DYNAMIC', 'Report-To': '{"endpoints":[{"url":"https:\\/\\/a.nel.cloudflare.com\\/report\\/v4?s=ZAXB8GrupDxLB4HbjkiwRpVDpzTxd%2FAjV4ZAyK%2Bro8ESLO637Rig6btIMnA3JMw50Sqcjqsp90muaqW1I4cnOMD1O%2FWvx5sWuEYMEfo6ga40IQ6zYZp1ajN9yLwGNdgQ"}],"group":"cf-nel","max_age":604800}', 'NEL': '{"success_fraction":0,"report_to":"cf-nel","max_age":604800}', 'Server': 'cloudflare', 'CF-RAY': '8a3a0a4b6cb45a45-IAD', 'alt-svc': 'h3=":443"; ma=86400'} 
 body={"results":[{"gender":"male","name":{"title":"Mr","first":"Cameron","last":"Patel"},"location":{"street":{"number":9997,"name":"Grove Road"},"city":"Gisborne","state":"Manawatu-Wanganui","country":"New Zealand","postcode":96632,"coordinates":{"latitude":"52.7928","longitude":"-163.4092"},"timezone":{"offset":"-8:00","description":"Pacific Time (US &amp; Canada)"}},"email":"cameron.patel@example.com","login":{"uuid":"392f535f-e3a1-40be-b657-c041dd64ad91","username":"goldenkoala792","password":"greatone","salt":"6mOgaR4n","md5":"41ca549d94f049c68d0bed738ea5a063","sha1":"da52dba2212d409a3e88a45b1d56f09dd6461ad2","sha256":"d973ea347b5577ba3fd58f21738ee466b6844e7ac53f277e20bb84eb1caeac7d"},"dob":{"date":"1947-06-16T22:14:20.924Z","age":77},"registered":{"date":"2007-12-24T06:29:41.434Z","age":16},"phone":"(883)-268-5199","cell":"(325)-535-2533","id":{"name":"","value":null},"picture":{"large":"https://randomuser.me/api/portraits/men/8.jpg","medium":"https://randomuser.me/api/portraits/med/men/8.jpg","thumbnail":"https://randomuser.me/api/portraits/thumb/men/8.jpg"},"nat":"NZ"}],"info":{"seed":"65a85eaaa1c927d7","results":1,"page":1,"version":"1.4"}} 
 </msg>
<msg time="2024-07-15T13:18:45.112178" level="INFO">/opt/hostedtoolcache/Python/3.12.4/x64/lib/python3.12/site-packages/urllib3/connectionpool.py:1099: InsecureRequestWarning: Unverified HTTPS request is being made to host 'randomuser.me'. Adding certificate verification is strongly advised. See: https://urllib3.readthedocs.io/en/latest/advanced-usage.html#tls-warnings
  warnings.warn(</msg>
<msg time="2024-07-15T13:18:45.112313" level="INFO">${response} = &lt;Response [200]&gt;</msg>
<var>${response}</var>
<arg>consultarAPI</arg>
<arg>/api</arg>
<doc>Sends a GET request on a previously created HTTP Session.</doc>
<status status="PASS" start="2024-07-15T13:18:45.020683" elapsed="0.091676"/>
</kw>
<kw name="Set Variable" owner="BuiltIn">
<msg time="2024-07-15T13:18:45.113441" level="INFO">${json_data} = {'results': [{'gender': 'male', 'name': {'title': 'Mr', 'first': 'Cameron', 'last': 'Patel'}, 'location': {'street': {'number': 9997, 'name': 'Grove Road'}, 'city': 'Gisborne', 'state': 'Manawatu-Wang...</msg>
<var>${json_data}</var>
<arg>${response.json()}</arg>
<doc>Returns the given values which can then be assigned to a variables.</doc>
<status status="PASS" start="2024-07-15T13:18:45.112924" elapsed="0.000546"/>
</kw>
<kw name="Set Variable" owner="BuiltIn">
<msg time="2024-07-15T13:18:45.114153" level="INFO">${name_title} = Mr</msg>
<var>${name_title}</var>
<arg>${json_data["results"][0]["name"]["title"]}</arg>
<doc>Returns the given values which can then be assigned to a variables.</doc>
<status status="PASS" start="2024-07-15T13:18:45.113768" elapsed="0.000410"/>
</kw>
<kw name="Create List" owner="BuiltIn">
<msg time="2024-07-15T13:18:45.114618" level="INFO">${allowed_titles} = ['Mr', 'Ms', 'Miss', 'Mrs', 'Madame', 'Monsieur']</msg>
<var>${allowed_titles}</var>
<arg>Mr</arg>
<arg>Ms</arg>
<arg>Miss</arg>
<arg>Mrs</arg>
<arg>Madame</arg>
<arg>Monsieur</arg>
<doc>Returns a list containing given items.</doc>
<status status="PASS" start="2024-07-15T13:18:45.114472" elapsed="0.000171"/>
</kw>
<kw name="List Should Contain Value" owner="Collections">
<arg>${allowed_titles}</arg>
<arg>${name_title}</arg>
<doc>Fails if the ``value`` is not found from ``list``.</doc>
<status status="PASS" start="2024-07-15T13:18:45.114995" elapsed="0.000182"/>
</kw>
<kw name="Set Variable" owner="BuiltIn">
<msg time="2024-07-15T13:18:45.115720" level="INFO">${name_country} = NZ</msg>
<var>${name_country}</var>
<arg>${json_data["results"][0]["nat"]}</arg>
<doc>Returns the given values which can then be assigned to a variables.</doc>
<status status="PASS" start="2024-07-15T13:18:45.115356" elapsed="0.000389"/>
</kw>
<kw name="Create List" owner="BuiltIn">
<msg time="2024-07-15T13:18:45.116621" level="INFO">${list_country} = ['AD', 'AE', 'AF', 'AG', 'AI', 'AL', 'AM', 'AO', 'AQ', 'AR', 'AS', 'AT', 'AU', 'AW', 'AX', 'AZ', 'BA', 'BB', 'BD', 'BE', 'BF', 'BG', 'BH', 'BI', 'BJ', 'BL', 'BM', 'BN', 'BO', 'BQ', 'BR', 'BS', 'BT', '...</msg>
<var>${list_country}</var>
<arg>AD</arg>
<arg>AE</arg>
<arg>AF</arg>
<arg>AG</arg>
<arg>AI</arg>
<arg>AL</arg>
<arg>AM</arg>
<arg>AO</arg>
<arg>AQ</arg>
<arg>AR</arg>
<arg>AS</arg>
<arg>AT</arg>
<arg>AU</arg>
<arg>AW</arg>
<arg>AX</arg>
<arg>AZ</arg>
<arg>BA</arg>
<arg>BB</arg>
<arg>BD</arg>
<arg>BE</arg>
<arg>BF</arg>
<arg>BG</arg>
<arg>BH</arg>
<arg>BI</arg>
<arg>BJ</arg>
<arg>BL</arg>
<arg>BM</arg>
<arg>BN</arg>
<arg>BO</arg>
<arg>BQ</arg>
<arg>BR</arg>
<arg>BS</arg>
<arg>BT</arg>
<arg>BV</arg>
<arg>BW</arg>
<arg>BY</arg>
<arg>BZ</arg>
<arg>CA</arg>
<arg>CC</arg>
<arg>CD</arg>
<arg>CF</arg>
<arg>CG</arg>
<arg>CH</arg>
<arg>CI</arg>
<arg>CK</arg>
<arg>CL</arg>
<arg>CM</arg>
<arg>CN</arg>
<arg>CO</arg>
<arg>CR</arg>
<arg>CU</arg>
<arg>CV</arg>
<arg>CW</arg>
<arg>CX</arg>
<arg>CY</arg>
<arg>CZ</arg>
<arg>DE</arg>
<arg>DJ</arg>
<arg>DK</arg>
<arg>DM</arg>
<arg>DO</arg>
<arg>DZ</arg>
<arg>EC</arg>
<arg>EE</arg>
<arg>EG</arg>
<arg>EH</arg>
<arg>ER</arg>
<arg>ES</arg>
<arg>ET</arg>
<arg>FI</arg>
<arg>FJ</arg>
<arg>FK</arg>
<arg>FM</arg>
<arg>FO</arg>
<arg>FR</arg>
<arg>GA</arg>
<arg>GB</arg>
<arg>GD</arg>
<arg>GE</arg>
<arg>GF</arg>
<arg>GG</arg>
<arg>GH</arg>
<arg>GI</arg>
<arg>GL</arg>
<arg>GM</arg>
<arg>GN</arg>
<arg>GP</arg>
<arg>GQ</arg>
<arg>GR</arg>
<arg>GS</arg>
<arg>GT</arg>
<arg>GU</arg>
<arg>GW</arg>
<arg>GY</arg>
<arg>HK</arg>
<arg>HM</arg>
<arg>HN</arg>
<arg>HR</arg>
<arg>HT</arg>
<arg>HU</arg>
<arg>ID</arg>
<arg>IE</arg>
<arg>IL</arg>
<arg>IM</arg>
<arg>IN</arg>
<arg>IO</arg>
<arg>IQ</arg>
<arg>IR</arg>
<arg>IS</arg>
<arg>IT</arg>
<arg>JE</arg>
<arg>JM</arg>
<arg>JO</arg>
<arg>JP</arg>
<arg>KE</arg>
<arg>KG</arg>
<arg>KH</arg>
<arg>KI</arg>
<arg>KM</arg>
<arg>KN</arg>
<arg>KP</arg>
<arg>KR</arg>
<arg>KW</arg>
<arg>KY</arg>
<arg>KZ</arg>
<arg>LA</arg>
<arg>LB</arg>
<arg>LC</arg>
<arg>LI</arg>
<arg>LK</arg>
<arg>LR</arg>
<arg>LS</arg>
<arg>LT</arg>
<arg>LU</arg>
<arg>LV</arg>
<arg>LY</arg>
<arg>MA</arg>
<arg>MC</arg>
<arg>MD</arg>
<arg>ME</arg>
<arg>MF</arg>
<arg>MG</arg>
<arg>MH</arg>
<arg>MK</arg>
<arg>ML</arg>
<arg>MM</arg>
<arg>MN</arg>
<arg>MO</arg>
<arg>MP</arg>
<arg>MQ</arg>
<arg>MR</arg>
<arg>MS</arg>
<arg>MT</arg>
<arg>MU</arg>
<arg>MV</arg>
<arg>MW</arg>
<arg>MX</arg>
<arg>MY</arg>
<arg>MZ</arg>
<arg>NA</arg>
<arg>NC</arg>
<arg>NE</arg>
<arg>NF</arg>
<arg>NG</arg>
<arg>NI</arg>
<arg>NL</arg>
<arg>NO</arg>
<arg>NP</arg>
<arg>NR</arg>
<arg>NU</arg>
<arg>NZ</arg>
<arg>OM</arg>
<arg>PA</arg>
<arg>PE</arg>
<arg>PF</arg>
<arg>PG</arg>
<arg>PH</arg>
<arg>PK</arg>
<arg>PL</arg>
<arg>PM</arg>
<arg>PN</arg>
<arg>PR</arg>
<arg>PS</arg>
<arg>PT</arg>
<arg>PW</arg>
<arg>PY</arg>
<arg>QA</arg>
<arg>RE</arg>
<arg>RO</arg>
<arg>RS</arg>
<arg>RU</arg>
<arg>RW</arg>
<arg>SA</arg>
<arg>SB</arg>
<arg>SC</arg>
<arg>SD</arg>
<arg>SE</arg>
<arg>SG</arg>
<arg>SH</arg>
<arg>SI</arg>
<arg>SJ</arg>
<arg>SK</arg>
<arg>SL</arg>
<arg>SM</arg>
<arg>SN</arg>
<arg>SO</arg>
<arg>SR</arg>
<arg>SS</arg>
<arg>ST</arg>
<arg>SV</arg>
<arg>SX</arg>
<arg>SY</arg>
<arg>SZ</arg>
<arg>TC</arg>
<arg>TD</arg>
<arg>TF</arg>
<arg>TG</arg>
<arg>TH</arg>
<arg>TJ</arg>
<arg>TK</arg>
<arg>TL</arg>
<arg>TM</arg>
<arg>TN</arg>
<arg>TO</arg>
<arg>TR</arg>
<arg>TT</arg>
<arg>TV</arg>
<arg>TW</arg>
<arg>TZ</arg>
<arg>UA</arg>
<arg>UG</arg>
<arg>UM</arg>
<arg>US</arg>
<arg>UY</arg>
<arg>UZ</arg>
<arg>VA</arg>
<arg>VC</arg>
<arg>VE</arg>
<arg>VG</arg>
<arg>VI</arg>
<arg>VN</arg>
<arg>VU</arg>
<arg>WF</arg>
<arg>WS</arg>
<arg>XK</arg>
<arg>YE</arg>
<arg>YT</arg>
<arg>ZA</arg>
<arg>ZM</arg>
<arg>ZW</arg>
<doc>Returns a list containing given items.</doc>
<status status="PASS" start="2024-07-15T13:18:45.116033" elapsed="0.000614"/>
</kw>
<kw name="List Should Contain Value" owner="Collections">
<arg>${list_country}</arg>
<arg>${name_country}</arg>
<doc>Fails if the ``value`` is not found from ``list``.</doc>
<status status="PASS" start="2024-07-15T13:18:45.117435" elapsed="0.000200"/>
</kw>
<kw name="Run Keyword If" owner="BuiltIn">
<kw name="Should Be True" owner="BuiltIn">
<arg>${True}</arg>
<doc>Fails if the given condition is not true.</doc>
<status status="PASS" start="2024-07-15T13:18:45.118569" elapsed="0.000160"/>
</kw>
<arg>${json_data["results"][0]["location"]["coordinates"]["latitude"]} &gt;= -90 and ${json_data["results"][0]["location"]["coordinates"]["latitude"]} &lt;= 90</arg>
<arg>Should Be True</arg>
<arg>${True}</arg>
<doc>Runs the given keyword with the given arguments, if ``condition`` is true.</doc>
<status status="PASS" start="2024-07-15T13:18:45.117827" elapsed="0.001028"/>
</kw>
<kw name="Run Keyword If" owner="BuiltIn">
<kw name="Should Be True" owner="BuiltIn">
<arg>${True}</arg>
<doc>Fails if the given condition is not true.</doc>
<status status="PASS" start="2024-07-15T13:18:45.119730" elapsed="0.000241"/>
</kw>
<arg>${json_data["results"][0]["location"]["coordinates"]["longitude"]} &gt;= -180 and ${json_data["results"][0]["location"]["coordinates"]["longitude"]} &lt;= 180</arg>
<arg>Should Be True</arg>
<arg>${True}</arg>
<doc>Runs the given keyword with the given arguments, if ``condition`` is true.</doc>
<status status="PASS" start="2024-07-15T13:18:45.119044" elapsed="0.001055"/>
</kw>
<status status="PASS" start="2024-07-15T13:18:45.020315" elapsed="0.099919"/>
</kw>
<doc>Testa o conteúdo específico dos campos retornados pela API.</doc>
<tag>testeConteudo</tag>
<status status="PASS" start="2024-07-15T13:18:45.019627" elapsed="0.100757"/>
</test>
<status status="PASS" start="2024-07-15T13:18:44.092689" elapsed="1.029608"/>
</suite>
<status status="PASS" start="2024-07-15T13:18:44.078434" elapsed="1.048869"/>
</suite>
<statistics>
<total>
<stat pass="5" fail="0" skip="0">All Tests</stat>
</total>
<tag>
<stat pass="1" fail="0" skip="0">testeConteudo</stat>
<stat pass="1" fail="0" skip="0">testeEstruturaResposta</stat>
<stat pass="1" fail="0" skip="0">testeRequisicaoBasica</stat>
<stat pass="1" fail="0" skip="0">testeTiposDados</stat>
</tag>
<suite>
<stat pass="5" fail="0" skip="0" id="s1" name="Tests">Tests</stat>
<stat pass="5" fail="0" skip="0" id="s1-s1" name="Random-User-Test">Tests.Random-User-Test</stat>
</suite>
</statistics>
<errors>
</errors>
</robot>
