<?xml version="1.0" encoding="UTF-8"?>
<robot generator="Robot 7.0 (Python 3.12.3 on linux)" generated="2024-05-28T16:17:50.434320" rpa="false" schemaversion="5">
<suite id="s1" name="Tests" source="/home/runner/work/ApiRandomUser/ApiRandomUser/RamdonUser/tests">
<suite id="s1-s1" name="Random-User-Test" source="/home/runner/work/ApiRandomUser/ApiRandomUser/RamdonUser/tests/random-user-test.robot">
<test id="s1-s1-t1" name="Conectar" line="13">
<kw name="Conectar API" owner="random-user-service">
<kw name="Create Session" owner="RequestsLibrary">
<msg time="2024-05-28T16:17:50.882953" level="INFO">Creating Session using : alias=consultarAPI, url=https://randomuser.me/, headers={},                     cookies={}, auth=None, timeout=None, proxies=None, verify=False,                     debug=0 </msg>
<arg>consultarAPI</arg>
<arg>${URL}</arg>
<doc>Create Session: create a HTTP session to a server</doc>
<status status="PASS" start="2024-05-28T16:17:50.882750" elapsed="0.000394"/>
</kw>
<status status="PASS" start="2024-05-28T16:17:50.881678" elapsed="0.001832"/>
</kw>
<status status="PASS" start="2024-05-28T16:17:50.881099" elapsed="0.002606"/>
</test>
<test id="s1-s1-t2" name="Validar retorno 200 e JSON Válido" line="16">
<kw name="Teste de Requisicao Basica" owner="random-user-service">
<kw name="GET On Session" owner="RequestsLibrary">
<msg time="2024-05-28T16:17:51.145283" level="INFO">GET Request : url=https://randomuser.me/api 
 path_url=/api 
 headers={'User-Agent': 'python-requests/2.32.2', 'Accept-Encoding': 'gzip, deflate', 'Accept': '*/*', 'Connection': 'keep-alive'} 
 body=None 
 </msg>
<msg time="2024-05-28T16:17:51.145441" level="INFO">GET Response : url=https://randomuser.me/api 
 status=200, reason=OK 
 headers={'Date': 'Tue, 28 May 2024 16:17:51 GMT', 'Content-Type': 'application/json; charset=utf-8', 'Transfer-Encoding': 'chunked', 'Connection': 'keep-alive', 'X-Powered-By': 'Express', 'Access-Control-Allow-Origin': '*', 'Cache-Control': 'no-cache', 'ETag': 'W/"48a-DxqQp9BYTXmNdMPoxv6P4yZtXZE"', 'Vary': 'Accept-Encoding', 'Content-Encoding': 'gzip', 'CF-Cache-Status': 'DYNAMIC', 'Report-To': '{"endpoints":[{"url":"https:\\/\\/a.nel.cloudflare.com\\/report\\/v4?s=jA6kvGM0jj35NNVQ1ymg2shaQcJw9KJKVm%2F%2F8IWNJpKRUuitXMTAxZ8CQl%2FHXxf09ZrY7wHh7hDaw2lWk6mwJTexo1J%2FM3TqLfu%2BDLAC3UIvGodgCMR%2FNcgAxdSRyAaP"}],"group":"cf-nel","max_age":604800}', 'NEL': '{"success_fraction":0,"report_to":"cf-nel","max_age":604800}', 'Server': 'cloudflare', 'CF-RAY': '88af8ea61fc01643-SJC', 'alt-svc': 'h3=":443"; ma=86400'} 
 body={"results":[{"gender":"male","name":{"title":"Mr","first":"Đorđe","last":"Novak"},"location":{"street":{"number":5716,"name":"Dubrovačka"},"city":"Babušnica","state":"West Bačka","country":"Serbia","postcode":14269,"coordinates":{"latitude":"59.2529","longitude":"-161.1754"},"timezone":{"offset":"+10:00","description":"Eastern Australia, Guam, Vladivostok"}},"email":"dorde.novak@example.com","login":{"uuid":"37e930f0-d012-46aa-b722-cb8536fd6625","username":"bluecat823","password":"jaeger","salt":"YbhizQNS","md5":"9e34860eeff3e2d9e5f47ecdc6b341af","sha1":"acd166cb241288ddc6ef4eb074d21cd582b74230","sha256":"368b8c8c4820c819487d8ad29ed6f41ce700e57e0431acd926e2d399aeb2fb7f"},"dob":{"date":"1986-11-14T18:58:44.855Z","age":37},"registered":{"date":"2013-07-05T13:08:50.475Z","age":10},"phone":"013-9834-137","cell":"064-6165-201","id":{"name":"SID","value":"304274205"},"picture":{"large":"https://randomuser.me/api/portraits/men/32.jpg","medium":"https://randomuser.me/api/portraits/med/men/32.jpg","thumbnail":"https://randomuser.me/api/portraits/thumb/men/32.jpg"},"nat":"RS"}],"info":{"seed":"47c3cffd01988f9c","results":1,"page":1,"version":"1.4"}} 
 </msg>
<msg time="2024-05-28T16:17:51.145529" level="INFO">/opt/hostedtoolcache/Python/3.12.3/x64/lib/python3.12/site-packages/urllib3/connectionpool.py:1103: InsecureRequestWarning: Unverified HTTPS request is being made to host 'randomuser.me'. Adding certificate verification is strongly advised. See: https://urllib3.readthedocs.io/en/latest/advanced-usage.html#tls-warnings
  warnings.warn(</msg>
<msg time="2024-05-28T16:17:51.145668" level="INFO">${response} = &lt;Response [200]&gt;</msg>
<var>${response}</var>
<arg>consultarAPI</arg>
<arg>/api</arg>
<doc>Sends a GET request on a previously created HTTP Session.</doc>
<status status="PASS" start="2024-05-28T16:17:50.886384" elapsed="0.259312"/>
</kw>
<kw name="Should Be Equal As Numbers" owner="BuiltIn">
<msg time="2024-05-28T16:17:51.146760" level="INFO">Argument types are:
&lt;class 'int'&gt;
&lt;class 'str'&gt;</msg>
<arg>${response.status_code}</arg>
<arg>200</arg>
<doc>Fails if objects are unequal after converting them to real numbers.</doc>
<status status="PASS" start="2024-05-28T16:17:51.146297" elapsed="0.000530"/>
</kw>
<kw name="Log" owner="BuiltIn">
<msg time="2024-05-28T16:17:51.147523" level="INFO">200</msg>
<arg>${response.status_code}</arg>
<doc>Logs the given message with the given level.</doc>
<status status="PASS" start="2024-05-28T16:17:51.147175" elapsed="0.000397"/>
</kw>
<kw name="Set Variable" owner="BuiltIn">
<msg time="2024-05-28T16:17:51.148331" level="INFO">${json_data} = {'results': [{'gender': 'male', 'name': {'title': 'Mr', 'first': 'Đorđe', 'last': 'Novak'}, 'location': {'street': {'number': 5716, 'name': 'Dubrovačka'}, 'city': 'Babušnica', 'state': 'West Bačka', '...</msg>
<var>${json_data}</var>
<arg>${response.json()}</arg>
<doc>Returns the given values which can then be assigned to a variables.</doc>
<status status="PASS" start="2024-05-28T16:17:51.147890" elapsed="0.000470"/>
</kw>
<kw name="Dictionary Should Contain Key" owner="Collections">
<msg time="2024-05-28T16:17:51.148889" level="INFO">False</msg>
<arg>${json_data}</arg>
<arg>results</arg>
<doc>Fails if ``key`` is not found from ``dictionary``.</doc>
<status status="PASS" start="2024-05-28T16:17:51.148672" elapsed="0.000425"/>
</kw>
<status status="PASS" start="2024-05-28T16:17:50.886132" elapsed="0.263237"/>
</kw>
<doc>Testa se a API responde corretamente e retorna um objeto JSON válido.</doc>
<tag>testeRequisicaoBasica</tag>
<status status="PASS" start="2024-05-28T16:17:50.885653" elapsed="0.263897"/>
</test>
<test id="s1-s1-t3" name="Validar estrutura de resposta" line="22">
<kw name="Teste de Estrutura de Resposta" owner="random-user-service">
<kw name="GET On Session" owner="RequestsLibrary">
<msg time="2024-05-28T16:17:51.249115" level="INFO">GET Request : url=https://randomuser.me/api 
 path_url=/api 
 headers={'User-Agent': 'python-requests/2.32.2', 'Accept-Encoding': 'gzip, deflate', 'Accept': '*/*', 'Connection': 'keep-alive'} 
 body=None 
 </msg>
<msg time="2024-05-28T16:17:51.249220" level="INFO">GET Response : url=https://randomuser.me/api 
 status=200, reason=OK 
 headers={'Date': 'Tue, 28 May 2024 16:17:51 GMT', 'Content-Type': 'application/json; charset=utf-8', 'Transfer-Encoding': 'chunked', 'Connection': 'keep-alive', 'X-Powered-By': 'Express', 'Access-Control-Allow-Origin': '*', 'Cache-Control': 'no-cache', 'ETag': 'W/"4a6-88W2siAtkknegnyIRLTdYIACCsk"', 'Vary': 'Accept-Encoding', 'Content-Encoding': 'gzip', 'CF-Cache-Status': 'DYNAMIC', 'Report-To': '{"endpoints":[{"url":"https:\\/\\/a.nel.cloudflare.com\\/report\\/v4?s=CO98gHqgTzd5QHht6kCrWx3pV8A5OZ%2FK7rAEnCppao8N6a%2FTXO%2FAj8hd1PGTvcRNtN%2Bwzzz04qwf8jgbojbgNOiLXMbiKOQITOEiaKkoc%2FLTSJy5AQH2wGtK9OVI9B8H"}],"group":"cf-nel","max_age":604800}', 'NEL': '{"success_fraction":0,"report_to":"cf-nel","max_age":604800}', 'Server': 'cloudflare', 'CF-RAY': '88af8ea6b83d1643-SJC', 'alt-svc': 'h3=":443"; ma=86400'} 
 body={"results":[{"gender":"female","name":{"title":"Miss","first":"Anneloes","last":"Schepers"},"location":{"street":{"number":8487,"name":"Chr de Wetstraat"},"city":"Brouwershaven","state":"Zuid-Holland","country":"Netherlands","postcode":"2611 EA","coordinates":{"latitude":"37.5650","longitude":"137.9414"},"timezone":{"offset":"+7:00","description":"Bangkok, Hanoi, Jakarta"}},"email":"anneloes.schepers@example.com","login":{"uuid":"091dd41e-6b5a-4bdf-b488-acdbec9d8451","username":"orangemouse792","password":"liberty","salt":"RwPT278p","md5":"ac582d832e202b206fbeae3ebc659edd","sha1":"1489f7c1366cbd3acea69f31536b132da8ab1ea6","sha256":"a4114669a0744ff01643d7d6cf046be3aacc9ef10a7133e5305aaaf5e15f255b"},"dob":{"date":"1993-10-10T14:36:07.523Z","age":30},"registered":{"date":"2017-01-25T03:49:14.244Z","age":7},"phone":"(076) 8523069","cell":"(06) 48589513","id":{"name":"BSN","value":"76738415"},"picture":{"large":"https://randomuser.me/api/portraits/women/89.jpg","medium":"https://randomuser.me/api/portraits/med/women/89.jpg","thumbnail":"https://randomuser.me/api/portraits/thumb/women/89.jpg"},"nat":"NL"}],"info":{"seed":"50be19ddf67a3feb","results":1,"page":1,"version":"1.4"}} 
 </msg>
<msg time="2024-05-28T16:17:51.249354" level="INFO">/opt/hostedtoolcache/Python/3.12.3/x64/lib/python3.12/site-packages/urllib3/connectionpool.py:1103: InsecureRequestWarning: Unverified HTTPS request is being made to host 'randomuser.me'. Adding certificate verification is strongly advised. See: https://urllib3.readthedocs.io/en/latest/advanced-usage.html#tls-warnings
  warnings.warn(</msg>
<msg time="2024-05-28T16:17:51.249483" level="INFO">${response} = &lt;Response [200]&gt;</msg>
<var>${response}</var>
<arg>consultarAPI</arg>
<arg>/api</arg>
<doc>Sends a GET request on a previously created HTTP Session.</doc>
<status status="PASS" start="2024-05-28T16:17:51.152151" elapsed="0.097361"/>
</kw>
<kw name="Set Variable" owner="BuiltIn">
<msg time="2024-05-28T16:17:51.250601" level="INFO">${json_data} = {'results': [{'gender': 'female', 'name': {'title': 'Miss', 'first': 'Anneloes', 'last': 'Schepers'}, 'location': {'street': {'number': 8487, 'name': 'Chr de Wetstraat'}, 'city': 'Brouwershaven', 'sta...</msg>
<var>${json_data}</var>
<arg>${response.json()}</arg>
<doc>Returns the given values which can then be assigned to a variables.</doc>
<status status="PASS" start="2024-05-28T16:17:51.250065" elapsed="0.000568"/>
</kw>
<kw name="Log" owner="BuiltIn">
<msg time="2024-05-28T16:17:51.251117" level="INFO">{'results': [{'gender': 'female', 'name': {'title': 'Miss', 'first': 'Anneloes', 'last': 'Schepers'}, 'location': {'street': {'number': 8487, 'name': 'Chr de Wetstraat'}, 'city': 'Brouwershaven', 'state': 'Zuid-Holland', 'country': 'Netherlands', 'postcode': '2611 EA', 'coordinates': {'latitude': '37.5650', 'longitude': '137.9414'}, 'timezone': {'offset': '+7:00', 'description': 'Bangkok, Hanoi, Jakarta'}}, 'email': 'anneloes.schepers@example.com', 'login': {'uuid': '091dd41e-6b5a-4bdf-b488-acdbec9d8451', 'username': 'orangemouse792', 'password': 'liberty', 'salt': 'RwPT278p', 'md5': 'ac582d832e202b206fbeae3ebc659edd', 'sha1': '1489f7c1366cbd3acea69f31536b132da8ab1ea6', 'sha256': 'a4114669a0744ff01643d7d6cf046be3aacc9ef10a7133e5305aaaf5e15f255b'}, 'dob': {'date': '1993-10-10T14:36:07.523Z', 'age': 30}, 'registered': {'date': '2017-01-25T03:49:14.244Z', 'age': 7}, 'phone': '(076) 8523069', 'cell': '(06) 48589513', 'id': {'name': 'BSN', 'value': '76738415'}, 'picture': {'large': 'https://randomuser.me/api/portraits/women/89.jpg', 'medium': 'https://randomuser.me/api/portraits/med/women/89.jpg', 'thumbnail': 'https://randomuser.me/api/portraits/thumb/women/89.jpg'}, 'nat': 'NL'}], 'info': {'seed': '50be19ddf67a3feb', 'results': 1, 'page': 1, 'version': '1.4'}}</msg>
<arg>${json_data}</arg>
<doc>Logs the given message with the given level.</doc>
<status status="PASS" start="2024-05-28T16:17:51.250955" elapsed="0.000211"/>
</kw>
<kw name="Dictionary Should Contain Key" owner="Collections">
<msg time="2024-05-28T16:17:51.251634" level="INFO">False</msg>
<arg>${json_data}</arg>
<arg>results</arg>
<doc>Fails if ``key`` is not found from ``dictionary``.</doc>
<status status="PASS" start="2024-05-28T16:17:51.251471" elapsed="0.000203"/>
</kw>
<kw name="Should Not Be Empty" owner="BuiltIn">
<msg time="2024-05-28T16:17:51.252113" level="INFO">Length is 2.</msg>
<arg>${json_data}</arg>
<doc>Verifies that the given item is not empty.</doc>
<status status="PASS" start="2024-05-28T16:17:51.251973" elapsed="0.000180"/>
</kw>
<kw name="Create List" owner="BuiltIn">
<msg time="2024-05-28T16:17:51.252600" level="INFO">${expected_keys} = ['gender', 'name', 'location', 'email', 'login']</msg>
<var>${expected_keys}</var>
<arg>gender</arg>
<arg>name</arg>
<arg>location</arg>
<arg>email</arg>
<arg>login</arg>
<doc>Returns a list containing given items.</doc>
<status status="PASS" start="2024-05-28T16:17:51.252448" elapsed="0.000177"/>
</kw>
<for flavor="IN">
<iter>
<kw name="Dictionary Should Contain Key" owner="Collections">
<msg time="2024-05-28T16:17:51.253734" level="INFO">False</msg>
<arg>${json_data['results'][0]}</arg>
<arg>${key}</arg>
<doc>Fails if ``key`` is not found from ``dictionary``.</doc>
<status status="PASS" start="2024-05-28T16:17:51.253314" elapsed="0.000460"/>
</kw>
<kw name="Log" owner="BuiltIn">
<msg time="2024-05-28T16:17:51.254456" level="INFO">{'gender': 'female', 'name': {'title': 'Miss', 'first': 'Anneloes', 'last': 'Schepers'}, 'location': {'street': {'number': 8487, 'name': 'Chr de Wetstraat'}, 'city': 'Brouwershaven', 'state': 'Zuid-Holland', 'country': 'Netherlands', 'postcode': '2611 EA', 'coordinates': {'latitude': '37.5650', 'longitude': '137.9414'}, 'timezone': {'offset': '+7:00', 'description': 'Bangkok, Hanoi, Jakarta'}}, 'email': 'anneloes.schepers@example.com', 'login': {'uuid': '091dd41e-6b5a-4bdf-b488-acdbec9d8451', 'username': 'orangemouse792', 'password': 'liberty', 'salt': 'RwPT278p', 'md5': 'ac582d832e202b206fbeae3ebc659edd', 'sha1': '1489f7c1366cbd3acea69f31536b132da8ab1ea6', 'sha256': 'a4114669a0744ff01643d7d6cf046be3aacc9ef10a7133e5305aaaf5e15f255b'}, 'dob': {'date': '1993-10-10T14:36:07.523Z', 'age': 30}, 'registered': {'date': '2017-01-25T03:49:14.244Z', 'age': 7}, 'phone': '(076) 8523069', 'cell': '(06) 48589513', 'id': {'name': 'BSN', 'value': '76738415'}, 'picture': {'large': 'https://randomuser.me/api/portraits/women/89.jpg', 'medium': 'https://randomuser.me/api/portraits/med/women/89.jpg', 'thumbnail': 'https://randomuser.me/api/portraits/thumb/women/89.jpg'}, 'nat': 'NL'}</msg>
<arg>${json_data['results'][0]}</arg>
<doc>Logs the given message with the given level.</doc>
<status status="PASS" start="2024-05-28T16:17:51.254083" elapsed="0.000422"/>
</kw>
<kw name="Log" owner="BuiltIn">
<msg time="2024-05-28T16:17:51.254939" level="INFO">gender</msg>
<arg>${key}</arg>
<doc>Logs the given message with the given level.</doc>
<status status="PASS" start="2024-05-28T16:17:51.254811" elapsed="0.000165"/>
</kw>
<var name="${key}">gender</var>
<status status="PASS" start="2024-05-28T16:17:51.253183" elapsed="0.002008"/>
</iter>
<iter>
<kw name="Dictionary Should Contain Key" owner="Collections">
<msg time="2024-05-28T16:17:51.255883" level="INFO">False</msg>
<arg>${json_data['results'][0]}</arg>
<arg>${key}</arg>
<doc>Fails if ``key`` is not found from ``dictionary``.</doc>
<status status="PASS" start="2024-05-28T16:17:51.255501" elapsed="0.000419"/>
</kw>
<kw name="Log" owner="BuiltIn">
<msg time="2024-05-28T16:17:51.256599" level="INFO">{'gender': 'female', 'name': {'title': 'Miss', 'first': 'Anneloes', 'last': 'Schepers'}, 'location': {'street': {'number': 8487, 'name': 'Chr de Wetstraat'}, 'city': 'Brouwershaven', 'state': 'Zuid-Holland', 'country': 'Netherlands', 'postcode': '2611 EA', 'coordinates': {'latitude': '37.5650', 'longitude': '137.9414'}, 'timezone': {'offset': '+7:00', 'description': 'Bangkok, Hanoi, Jakarta'}}, 'email': 'anneloes.schepers@example.com', 'login': {'uuid': '091dd41e-6b5a-4bdf-b488-acdbec9d8451', 'username': 'orangemouse792', 'password': 'liberty', 'salt': 'RwPT278p', 'md5': 'ac582d832e202b206fbeae3ebc659edd', 'sha1': '1489f7c1366cbd3acea69f31536b132da8ab1ea6', 'sha256': 'a4114669a0744ff01643d7d6cf046be3aacc9ef10a7133e5305aaaf5e15f255b'}, 'dob': {'date': '1993-10-10T14:36:07.523Z', 'age': 30}, 'registered': {'date': '2017-01-25T03:49:14.244Z', 'age': 7}, 'phone': '(076) 8523069', 'cell': '(06) 48589513', 'id': {'name': 'BSN', 'value': '76738415'}, 'picture': {'large': 'https://randomuser.me/api/portraits/women/89.jpg', 'medium': 'https://randomuser.me/api/portraits/med/women/89.jpg', 'thumbnail': 'https://randomuser.me/api/portraits/thumb/women/89.jpg'}, 'nat': 'NL'}</msg>
<arg>${json_data['results'][0]}</arg>
<doc>Logs the given message with the given level.</doc>
<status status="PASS" start="2024-05-28T16:17:51.256244" elapsed="0.000402"/>
</kw>
<kw name="Log" owner="BuiltIn">
<msg time="2024-05-28T16:17:51.257117" level="INFO">name</msg>
<arg>${key}</arg>
<doc>Logs the given message with the given level.</doc>
<status status="PASS" start="2024-05-28T16:17:51.256988" elapsed="0.000167"/>
</kw>
<var name="${key}">name</var>
<status status="PASS" start="2024-05-28T16:17:51.255385" elapsed="0.002008"/>
</iter>
<iter>
<kw name="Dictionary Should Contain Key" owner="Collections">
<msg time="2024-05-28T16:17:51.258058" level="INFO">False</msg>
<arg>${json_data['results'][0]}</arg>
<arg>${key}</arg>
<doc>Fails if ``key`` is not found from ``dictionary``.</doc>
<status status="PASS" start="2024-05-28T16:17:51.257687" elapsed="0.000409"/>
</kw>
<kw name="Log" owner="BuiltIn">
<msg time="2024-05-28T16:17:51.258766" level="INFO">{'gender': 'female', 'name': {'title': 'Miss', 'first': 'Anneloes', 'last': 'Schepers'}, 'location': {'street': {'number': 8487, 'name': 'Chr de Wetstraat'}, 'city': 'Brouwershaven', 'state': 'Zuid-Holland', 'country': 'Netherlands', 'postcode': '2611 EA', 'coordinates': {'latitude': '37.5650', 'longitude': '137.9414'}, 'timezone': {'offset': '+7:00', 'description': 'Bangkok, Hanoi, Jakarta'}}, 'email': 'anneloes.schepers@example.com', 'login': {'uuid': '091dd41e-6b5a-4bdf-b488-acdbec9d8451', 'username': 'orangemouse792', 'password': 'liberty', 'salt': 'RwPT278p', 'md5': 'ac582d832e202b206fbeae3ebc659edd', 'sha1': '1489f7c1366cbd3acea69f31536b132da8ab1ea6', 'sha256': 'a4114669a0744ff01643d7d6cf046be3aacc9ef10a7133e5305aaaf5e15f255b'}, 'dob': {'date': '1993-10-10T14:36:07.523Z', 'age': 30}, 'registered': {'date': '2017-01-25T03:49:14.244Z', 'age': 7}, 'phone': '(076) 8523069', 'cell': '(06) 48589513', 'id': {'name': 'BSN', 'value': '76738415'}, 'picture': {'large': 'https://randomuser.me/api/portraits/women/89.jpg', 'medium': 'https://randomuser.me/api/portraits/med/women/89.jpg', 'thumbnail': 'https://randomuser.me/api/portraits/thumb/women/89.jpg'}, 'nat': 'NL'}</msg>
<arg>${json_data['results'][0]}</arg>
<doc>Logs the given message with the given level.</doc>
<status status="PASS" start="2024-05-28T16:17:51.258402" elapsed="0.000423"/>
</kw>
<kw name="Log" owner="BuiltIn">
<msg time="2024-05-28T16:17:51.259259" level="INFO">location</msg>
<arg>${key}</arg>
<doc>Logs the given message with the given level.</doc>
<status status="PASS" start="2024-05-28T16:17:51.259132" elapsed="0.000165"/>
</kw>
<var name="${key}">location</var>
<status status="PASS" start="2024-05-28T16:17:51.257572" elapsed="0.001941"/>
</iter>
<iter>
<kw name="Dictionary Should Contain Key" owner="Collections">
<msg time="2024-05-28T16:17:51.260300" level="INFO">False</msg>
<arg>${json_data['results'][0]}</arg>
<arg>${key}</arg>
<doc>Fails if ``key`` is not found from ``dictionary``.</doc>
<status status="PASS" start="2024-05-28T16:17:51.259796" elapsed="0.000542"/>
</kw>
<kw name="Log" owner="BuiltIn">
<msg time="2024-05-28T16:17:51.261028" level="INFO">{'gender': 'female', 'name': {'title': 'Miss', 'first': 'Anneloes', 'last': 'Schepers'}, 'location': {'street': {'number': 8487, 'name': 'Chr de Wetstraat'}, 'city': 'Brouwershaven', 'state': 'Zuid-Holland', 'country': 'Netherlands', 'postcode': '2611 EA', 'coordinates': {'latitude': '37.5650', 'longitude': '137.9414'}, 'timezone': {'offset': '+7:00', 'description': 'Bangkok, Hanoi, Jakarta'}}, 'email': 'anneloes.schepers@example.com', 'login': {'uuid': '091dd41e-6b5a-4bdf-b488-acdbec9d8451', 'username': 'orangemouse792', 'password': 'liberty', 'salt': 'RwPT278p', 'md5': 'ac582d832e202b206fbeae3ebc659edd', 'sha1': '1489f7c1366cbd3acea69f31536b132da8ab1ea6', 'sha256': 'a4114669a0744ff01643d7d6cf046be3aacc9ef10a7133e5305aaaf5e15f255b'}, 'dob': {'date': '1993-10-10T14:36:07.523Z', 'age': 30}, 'registered': {'date': '2017-01-25T03:49:14.244Z', 'age': 7}, 'phone': '(076) 8523069', 'cell': '(06) 48589513', 'id': {'name': 'BSN', 'value': '76738415'}, 'picture': {'large': 'https://randomuser.me/api/portraits/women/89.jpg', 'medium': 'https://randomuser.me/api/portraits/med/women/89.jpg', 'thumbnail': 'https://randomuser.me/api/portraits/thumb/women/89.jpg'}, 'nat': 'NL'}</msg>
<arg>${json_data['results'][0]}</arg>
<doc>Logs the given message with the given level.</doc>
<status status="PASS" start="2024-05-28T16:17:51.260642" elapsed="0.000434"/>
</kw>
<kw name="Log" owner="BuiltIn">
<msg time="2024-05-28T16:17:51.261500" level="INFO">email</msg>
<arg>${key}</arg>
<doc>Logs the given message with the given level.</doc>
<status status="PASS" start="2024-05-28T16:17:51.261373" elapsed="0.000163"/>
</kw>
<var name="${key}">email</var>
<status status="PASS" start="2024-05-28T16:17:51.259685" elapsed="0.002067"/>
</iter>
<iter>
<kw name="Dictionary Should Contain Key" owner="Collections">
<msg time="2024-05-28T16:17:51.262412" level="INFO">False</msg>
<arg>${json_data['results'][0]}</arg>
<arg>${key}</arg>
<doc>Fails if ``key`` is not found from ``dictionary``.</doc>
<status status="PASS" start="2024-05-28T16:17:51.262036" elapsed="0.000412"/>
</kw>
<kw name="Log" owner="BuiltIn">
<msg time="2024-05-28T16:17:51.263095" level="INFO">{'gender': 'female', 'name': {'title': 'Miss', 'first': 'Anneloes', 'last': 'Schepers'}, 'location': {'street': {'number': 8487, 'name': 'Chr de Wetstraat'}, 'city': 'Brouwershaven', 'state': 'Zuid-Holland', 'country': 'Netherlands', 'postcode': '2611 EA', 'coordinates': {'latitude': '37.5650', 'longitude': '137.9414'}, 'timezone': {'offset': '+7:00', 'description': 'Bangkok, Hanoi, Jakarta'}}, 'email': 'anneloes.schepers@example.com', 'login': {'uuid': '091dd41e-6b5a-4bdf-b488-acdbec9d8451', 'username': 'orangemouse792', 'password': 'liberty', 'salt': 'RwPT278p', 'md5': 'ac582d832e202b206fbeae3ebc659edd', 'sha1': '1489f7c1366cbd3acea69f31536b132da8ab1ea6', 'sha256': 'a4114669a0744ff01643d7d6cf046be3aacc9ef10a7133e5305aaaf5e15f255b'}, 'dob': {'date': '1993-10-10T14:36:07.523Z', 'age': 30}, 'registered': {'date': '2017-01-25T03:49:14.244Z', 'age': 7}, 'phone': '(076) 8523069', 'cell': '(06) 48589513', 'id': {'name': 'BSN', 'value': '76738415'}, 'picture': {'large': 'https://randomuser.me/api/portraits/women/89.jpg', 'medium': 'https://randomuser.me/api/portraits/med/women/89.jpg', 'thumbnail': 'https://randomuser.me/api/portraits/thumb/women/89.jpg'}, 'nat': 'NL'}</msg>
<arg>${json_data['results'][0]}</arg>
<doc>Logs the given message with the given level.</doc>
<status status="PASS" start="2024-05-28T16:17:51.262738" elapsed="0.000404"/>
</kw>
<kw name="Log" owner="BuiltIn">
<msg time="2024-05-28T16:17:51.263561" level="INFO">login</msg>
<arg>${key}</arg>
<doc>Logs the given message with the given level.</doc>
<status status="PASS" start="2024-05-28T16:17:51.263436" elapsed="0.000194"/>
</kw>
<var name="${key}">login</var>
<status status="PASS" start="2024-05-28T16:17:51.261925" elapsed="0.001927"/>
</iter>
<var>${key}</var>
<value>@{expected_keys}</value>
<status status="PASS" start="2024-05-28T16:17:51.252976" elapsed="0.010995"/>
</for>
<kw name="Create List" owner="BuiltIn">
<msg time="2024-05-28T16:17:51.264313" level="INFO">${expected_keysTwo} = ['username', 'password']</msg>
<var>${expected_keysTwo}</var>
<arg>username</arg>
<arg>password</arg>
<doc>Returns a list containing given items.</doc>
<status status="PASS" start="2024-05-28T16:17:51.264173" elapsed="0.000164"/>
</kw>
<for flavor="IN">
<iter>
<kw name="Dictionary Should Contain Key" owner="Collections">
<msg time="2024-05-28T16:17:51.265253" level="INFO">False</msg>
<arg>${json_data['results'][0]['login']}</arg>
<arg>${keyTwo}</arg>
<doc>Fails if ``key`` is not found from ``dictionary``.</doc>
<status status="PASS" start="2024-05-28T16:17:51.264879" elapsed="0.000410"/>
</kw>
<kw name="Dictionary Should Contain Key" owner="Collections">
<msg time="2024-05-28T16:17:51.265951" level="INFO">False</msg>
<arg>${json_data['results'][0]['login']}</arg>
<arg>${keyTwo}</arg>
<doc>Fails if ``key`` is not found from ``dictionary``.</doc>
<status status="PASS" start="2024-05-28T16:17:51.265582" elapsed="0.000406"/>
</kw>
<kw name="Log" owner="BuiltIn">
<msg time="2024-05-28T16:17:51.266407" level="INFO">username</msg>
<arg>${keyTwo}</arg>
<doc>Logs the given message with the given level.</doc>
<status status="PASS" start="2024-05-28T16:17:51.266282" elapsed="0.000162"/>
</kw>
<var name="${keyTwo}">username</var>
<status status="PASS" start="2024-05-28T16:17:51.264759" elapsed="0.001895"/>
</iter>
<iter>
<kw name="Dictionary Should Contain Key" owner="Collections">
<msg time="2024-05-28T16:17:51.267322" level="INFO">False</msg>
<arg>${json_data['results'][0]['login']}</arg>
<arg>${keyTwo}</arg>
<doc>Fails if ``key`` is not found from ``dictionary``.</doc>
<status status="PASS" start="2024-05-28T16:17:51.266939" elapsed="0.000419"/>
</kw>
<kw name="Dictionary Should Contain Key" owner="Collections">
<msg time="2024-05-28T16:17:51.268027" level="INFO">False</msg>
<arg>${json_data['results'][0]['login']}</arg>
<arg>${keyTwo}</arg>
<doc>Fails if ``key`` is not found from ``dictionary``.</doc>
<status status="PASS" start="2024-05-28T16:17:51.267655" elapsed="0.000408"/>
</kw>
<kw name="Log" owner="BuiltIn">
<msg time="2024-05-28T16:17:51.268480" level="INFO">password</msg>
<arg>${keyTwo}</arg>
<doc>Logs the given message with the given level.</doc>
<status status="PASS" start="2024-05-28T16:17:51.268355" elapsed="0.000163"/>
</kw>
<var name="${keyTwo}">password</var>
<status status="PASS" start="2024-05-28T16:17:51.266827" elapsed="0.001923"/>
</iter>
<var>${keyTwo}</var>
<value>@{expected_keysTwo}</value>
<status status="PASS" start="2024-05-28T16:17:51.264576" elapsed="0.004321"/>
</for>
<status status="PASS" start="2024-05-28T16:17:51.151901" elapsed="0.117172"/>
</kw>
<doc>Testa a estrutura da resposta da API.</doc>
<tag>testeEstruturaResposta</tag>
<status status="PASS" start="2024-05-28T16:17:51.151367" elapsed="0.117869"/>
</test>
<test id="s1-s1-t4" name="Validar tipos de dados" line="28">
<kw name="Teste de Tipos de Dados" owner="random-user-service">
<kw name="GET On Session" owner="RequestsLibrary">
<msg time="2024-05-28T16:17:51.357427" level="INFO">GET Request : url=https://randomuser.me/api 
 path_url=/api 
 headers={'User-Agent': 'python-requests/2.32.2', 'Accept-Encoding': 'gzip, deflate', 'Accept': '*/*', 'Connection': 'keep-alive'} 
 body=None 
 </msg>
<msg time="2024-05-28T16:17:51.357527" level="INFO">GET Response : url=https://randomuser.me/api 
 status=200, reason=OK 
 headers={'Date': 'Tue, 28 May 2024 16:17:51 GMT', 'Content-Type': 'application/json; charset=utf-8', 'Transfer-Encoding': 'chunked', 'Connection': 'keep-alive', 'X-Powered-By': 'Express', 'Access-Control-Allow-Origin': '*', 'Cache-Control': 'no-cache', 'ETag': 'W/"476-4KQA+ZRs6oKLYxMi/5sQonaAiz8"', 'Vary': 'Accept-Encoding', 'Content-Encoding': 'gzip', 'CF-Cache-Status': 'DYNAMIC', 'Report-To': '{"endpoints":[{"url":"https:\\/\\/a.nel.cloudflare.com\\/report\\/v4?s=hDmUuWVTYglLyZee%2B%2FY3uxjqJK%2FifHtdO91vbo0NwhP%2BLOvAp%2BRockySwQjT8afMfElcA66VbEtNJECmdjCJV3x5Yc4J%2F8jJgtBE3Z6ccX5Uy5%2FnkPDQHxpAVOeJMnf%2F"}],"group":"cf-nel","max_age":604800}', 'NEL': '{"success_fraction":0,"report_to":"cf-nel","max_age":604800}', 'Server': 'cloudflare', 'CF-RAY': '88af8ea778f51643-SJC', 'alt-svc': 'h3=":443"; ma=86400'} 
 body={"results":[{"gender":"male","name":{"title":"Mr","first":"Matias","last":"Heino"},"location":{"street":{"number":2117,"name":"Siilitie"},"city":"Pello","state":"Tavastia Proper","country":"Finland","postcode":15560,"coordinates":{"latitude":"-27.2246","longitude":"-4.9848"},"timezone":{"offset":"-3:30","description":"Newfoundland"}},"email":"matias.heino@example.com","login":{"uuid":"9253c9d0-2283-4a4b-addf-dcaf35bc2460","username":"smallzebra838","password":"spoon","salt":"hjHnNsSj","md5":"19d6d39ef30ea97addc354e571794e12","sha1":"9e4f631bae6d2f4643c3342fd21e73cb6bfabe10","sha256":"676a3db9515e19e2b82ffaeeea34434f44442aa7f291a996bf39465bff463359"},"dob":{"date":"1987-06-29T00:32:17.112Z","age":36},"registered":{"date":"2014-12-24T18:38:49.654Z","age":9},"phone":"03-378-124","cell":"040-128-16-17","id":{"name":"HETU","value":"NaNNA029undefined"},"picture":{"large":"https://randomuser.me/api/portraits/men/96.jpg","medium":"https://randomuser.me/api/portraits/med/men/96.jpg","thumbnail":"https://randomuser.me/api/portraits/thumb/men/96.jpg"},"nat":"FI"}],"info":{"seed":"0e054939f902eb86","results":1,"page":1,"version":"1.4"}} 
 </msg>
<msg time="2024-05-28T16:17:51.357597" level="INFO">/opt/hostedtoolcache/Python/3.12.3/x64/lib/python3.12/site-packages/urllib3/connectionpool.py:1103: InsecureRequestWarning: Unverified HTTPS request is being made to host 'randomuser.me'. Adding certificate verification is strongly advised. See: https://urllib3.readthedocs.io/en/latest/advanced-usage.html#tls-warnings
  warnings.warn(</msg>
<msg time="2024-05-28T16:17:51.357715" level="INFO">${response} = &lt;Response [200]&gt;</msg>
<var>${response}</var>
<arg>consultarAPI</arg>
<arg>/api</arg>
<doc>Sends a GET request on a previously created HTTP Session.</doc>
<status status="PASS" start="2024-05-28T16:17:51.272025" elapsed="0.085729"/>
</kw>
<kw name="Set Variable" owner="BuiltIn">
<msg time="2024-05-28T16:17:51.358966" level="INFO">${json_data} = {'results': [{'gender': 'male', 'name': {'title': 'Mr', 'first': 'Matias', 'last': 'Heino'}, 'location': {'street': {'number': 2117, 'name': 'Siilitie'}, 'city': 'Pello', 'state': 'Tavastia Proper', '...</msg>
<var>${json_data}</var>
<arg>${response.json()}</arg>
<doc>Returns the given values which can then be assigned to a variables.</doc>
<status status="PASS" start="2024-05-28T16:17:51.358401" elapsed="0.000594"/>
</kw>
<kw name="Log" owner="BuiltIn">
<msg time="2024-05-28T16:17:51.359476" level="INFO">{'results': [{'gender': 'male', 'name': {'title': 'Mr', 'first': 'Matias', 'last': 'Heino'}, 'location': {'street': {'number': 2117, 'name': 'Siilitie'}, 'city': 'Pello', 'state': 'Tavastia Proper', 'country': 'Finland', 'postcode': 15560, 'coordinates': {'latitude': '-27.2246', 'longitude': '-4.9848'}, 'timezone': {'offset': '-3:30', 'description': 'Newfoundland'}}, 'email': 'matias.heino@example.com', 'login': {'uuid': '9253c9d0-2283-4a4b-addf-dcaf35bc2460', 'username': 'smallzebra838', 'password': 'spoon', 'salt': 'hjHnNsSj', 'md5': '19d6d39ef30ea97addc354e571794e12', 'sha1': '9e4f631bae6d2f4643c3342fd21e73cb6bfabe10', 'sha256': '676a3db9515e19e2b82ffaeeea34434f44442aa7f291a996bf39465bff463359'}, 'dob': {'date': '1987-06-29T00:32:17.112Z', 'age': 36}, 'registered': {'date': '2014-12-24T18:38:49.654Z', 'age': 9}, 'phone': '03-378-124', 'cell': '040-128-16-17', 'id': {'name': 'HETU', 'value': 'NaNNA029undefined'}, 'picture': {'large': 'https://randomuser.me/api/portraits/men/96.jpg', 'medium': 'https://randomuser.me/api/portraits/med/men/96.jpg', 'thumbnail': 'https://randomuser.me/api/portraits/thumb/men/96.jpg'}, 'nat': 'FI'}], 'info': {'seed': '0e054939f902eb86', 'results': 1, 'page': 1, 'version': '1.4'}}</msg>
<arg>${json_data}</arg>
<doc>Logs the given message with the given level.</doc>
<status status="PASS" start="2024-05-28T16:17:51.359317" elapsed="0.000244"/>
</kw>
<kw name="Should Be String" owner="String">
<arg>${json_data['results'][0]['gender']}</arg>
<doc>Fails if the given ``item`` is not a string.</doc>
<status status="PASS" start="2024-05-28T16:17:51.359872" elapsed="0.000366"/>
</kw>
<kw name="Should Match Regexp" owner="BuiltIn">
<arg>${json_data['results'][0]['email']}</arg>
<arg>^[a-zA-Z0-9._%+-]+@[a-zA-Z0-9.-]+\.[a-zA-Z]{2,}$</arg>
<doc>Fails if ``string`` does not match ``pattern`` as a regular expression.</doc>
<status status="PASS" start="2024-05-28T16:17:51.360434" elapsed="0.000723"/>
</kw>
<kw name="Should Match Regexp" owner="BuiltIn">
<arg>${json_data['results'][0]['dob']['date']}</arg>
<arg>\\d{4}-\\d{2}-\\d{2}T\\d{2}:\\d{2}:\\d{2}\\.\\d{3}Z</arg>
<doc>Fails if ``string`` does not match ``pattern`` as a regular expression.</doc>
<status status="PASS" start="2024-05-28T16:17:51.361361" elapsed="0.000489"/>
</kw>
<kw name="Should Match Regexp" owner="BuiltIn">
<arg>${json_data['results'][0]['registered']['date']}</arg>
<arg>\\d{4}-\\d{2}-\\d{2}T\\d{2}:\\d{2}:\\d{2}\\.\\d{3}Z</arg>
<doc>Fails if ``string`` does not match ``pattern`` as a regular expression.</doc>
<status status="PASS" start="2024-05-28T16:17:51.362049" elapsed="0.000367"/>
</kw>
<kw name="Should Match Regexp" owner="BuiltIn">
<arg>${json_data['results'][0]['picture']['large']}</arg>
<arg>^https?://.*\.(?:png|jpe?g|gif|bmp)$</arg>
<doc>Fails if ``string`` does not match ``pattern`` as a regular expression.</doc>
<status status="PASS" start="2024-05-28T16:17:51.362608" elapsed="0.000470"/>
</kw>
<kw name="Should Match Regexp" owner="BuiltIn">
<arg>${json_data['results'][0]['picture']['medium']}</arg>
<arg>^https?://.*\.(?:png|jpe?g|gif|bmp)$</arg>
<doc>Fails if ``string`` does not match ``pattern`` as a regular expression.</doc>
<status status="PASS" start="2024-05-28T16:17:51.363270" elapsed="0.000354"/>
</kw>
<kw name="Should Match Regexp" owner="BuiltIn">
<arg>${json_data['results'][0]['picture']['thumbnail']}</arg>
<arg>^https?://.*\.(?:png|jpe?g|gif|bmp)$</arg>
<doc>Fails if ``string`` does not match ``pattern`` as a regular expression.</doc>
<status status="PASS" start="2024-05-28T16:17:51.363815" elapsed="0.000345"/>
</kw>
<kw name="Log" owner="BuiltIn">
<msg time="2024-05-28T16:17:51.364668" level="INFO">{'large': 'https://randomuser.me/api/portraits/men/96.jpg', 'medium': 'https://randomuser.me/api/portraits/med/men/96.jpg', 'thumbnail': 'https://randomuser.me/api/portraits/thumb/men/96.jpg'}</msg>
<arg>${json_data['results'][0]['picture']}</arg>
<doc>Logs the given message with the given level.</doc>
<status status="PASS" start="2024-05-28T16:17:51.364345" elapsed="0.000391"/>
</kw>
<status status="PASS" start="2024-05-28T16:17:51.271674" elapsed="0.093346"/>
</kw>
<kw name="Teste de Tipos de Dados - Postcode" owner="random-user-service">
<kw name="GET On Session" owner="RequestsLibrary">
<msg time="2024-05-28T16:17:51.459087" level="INFO">GET Request : url=https://randomuser.me/api 
 path_url=/api 
 headers={'User-Agent': 'python-requests/2.32.2', 'Accept-Encoding': 'gzip, deflate', 'Accept': '*/*', 'Connection': 'keep-alive'} 
 body=None 
 </msg>
<msg time="2024-05-28T16:17:51.459198" level="INFO">GET Response : url=https://randomuser.me/api 
 status=200, reason=OK 
 headers={'Date': 'Tue, 28 May 2024 16:17:51 GMT', 'Content-Type': 'application/json; charset=utf-8', 'Transfer-Encoding': 'chunked', 'Connection': 'keep-alive', 'X-Powered-By': 'Express', 'Access-Control-Allow-Origin': '*', 'Cache-Control': 'no-cache', 'ETag': 'W/"4a5-ru/po9xbURq7W3Z79FlGIaCpoiI"', 'Vary': 'Accept-Encoding', 'Content-Encoding': 'gzip', 'CF-Cache-Status': 'DYNAMIC', 'Report-To': '{"endpoints":[{"url":"https:\\/\\/a.nel.cloudflare.com\\/report\\/v4?s=NLrga5xF6g1qB%2B8wPmEsAgy2kfDpFFE0PVLI4DRzd8thjFksLOjW5LQOd7tXDWHVqY%2BeABI5NL4%2BFdlxxoEWfJk0kE5j1G5tVbG8RmR2vq6PXa6jEcLfC7jaXutlZyHG"}],"group":"cf-nel","max_age":604800}', 'NEL': '{"success_fraction":0,"report_to":"cf-nel","max_age":604800}', 'Server': 'cloudflare', 'CF-RAY': '88af8ea8098d1643-SJC', 'alt-svc': 'h3=":443"; ma=86400'} 
 body={"results":[{"gender":"female","name":{"title":"Miss","first":"Crystal","last":"Hayes"},"location":{"street":{"number":5452,"name":"Cherry St"},"city":"Sunshine Coast","state":"Australian Capital Territory","country":"Australia","postcode":4284,"coordinates":{"latitude":"-83.9244","longitude":"82.3182"},"timezone":{"offset":"-8:00","description":"Pacific Time (US &amp; Canada)"}},"email":"crystal.hayes@example.com","login":{"uuid":"360281c1-7634-47be-8865-a1d787065172","username":"goldenmouse167","password":"hattrick","salt":"zlrBQ6IF","md5":"117025612b39e3b08e9a5660e1aaf697","sha1":"90710c3a250d10f91aa4c48a1d954291e500a750","sha256":"c908315e81af8aa3ad8fdae5d69dbcbc3fe581cda5cda087ceb9da22e6231af7"},"dob":{"date":"1993-07-14T02:25:35.629Z","age":30},"registered":{"date":"2012-03-04T16:48:06.130Z","age":12},"phone":"04-0430-4166","cell":"0446-037-148","id":{"name":"TFN","value":"136675754"},"picture":{"large":"https://randomuser.me/api/portraits/women/51.jpg","medium":"https://randomuser.me/api/portraits/med/women/51.jpg","thumbnail":"https://randomuser.me/api/portraits/thumb/women/51.jpg"},"nat":"AU"}],"info":{"seed":"11845acf7c67c1a6","results":1,"page":1,"version":"1.4"}} 
 </msg>
<msg time="2024-05-28T16:17:51.459278" level="INFO">/opt/hostedtoolcache/Python/3.12.3/x64/lib/python3.12/site-packages/urllib3/connectionpool.py:1103: InsecureRequestWarning: Unverified HTTPS request is being made to host 'randomuser.me'. Adding certificate verification is strongly advised. See: https://urllib3.readthedocs.io/en/latest/advanced-usage.html#tls-warnings
  warnings.warn(</msg>
<msg time="2024-05-28T16:17:51.459415" level="INFO">${response} = &lt;Response [200]&gt;</msg>
<var>${response}</var>
<arg>consultarAPI</arg>
<arg>/api</arg>
<doc>Sends a GET request on a previously created HTTP Session.</doc>
<status status="PASS" start="2024-05-28T16:17:51.365502" elapsed="0.093957"/>
</kw>
<kw name="Set Variable" owner="BuiltIn">
<msg time="2024-05-28T16:17:51.460762" level="INFO">${json_data} = {'results': [{'gender': 'female', 'name': {'title': 'Miss', 'first': 'Crystal', 'last': 'Hayes'}, 'location': {'street': {'number': 5452, 'name': 'Cherry St'}, 'city': 'Sunshine Coast', 'state': 'Aust...</msg>
<var>${json_data}</var>
<arg>${response.json()}</arg>
<doc>Returns the given values which can then be assigned to a variables.</doc>
<status status="PASS" start="2024-05-28T16:17:51.460105" elapsed="0.000693"/>
</kw>
<kw name="Log" owner="BuiltIn">
<msg time="2024-05-28T16:17:51.461292" level="INFO">{'results': [{'gender': 'female', 'name': {'title': 'Miss', 'first': 'Crystal', 'last': 'Hayes'}, 'location': {'street': {'number': 5452, 'name': 'Cherry St'}, 'city': 'Sunshine Coast', 'state': 'Australian Capital Territory', 'country': 'Australia', 'postcode': 4284, 'coordinates': {'latitude': '-83.9244', 'longitude': '82.3182'}, 'timezone': {'offset': '-8:00', 'description': 'Pacific Time (US &amp; Canada)'}}, 'email': 'crystal.hayes@example.com', 'login': {'uuid': '360281c1-7634-47be-8865-a1d787065172', 'username': 'goldenmouse167', 'password': 'hattrick', 'salt': 'zlrBQ6IF', 'md5': '117025612b39e3b08e9a5660e1aaf697', 'sha1': '90710c3a250d10f91aa4c48a1d954291e500a750', 'sha256': 'c908315e81af8aa3ad8fdae5d69dbcbc3fe581cda5cda087ceb9da22e6231af7'}, 'dob': {'date': '1993-07-14T02:25:35.629Z', 'age': 30}, 'registered': {'date': '2012-03-04T16:48:06.130Z', 'age': 12}, 'phone': '04-0430-4166', 'cell': '0446-037-148', 'id': {'name': 'TFN', 'value': '136675754'}, 'picture': {'large': 'https://randomuser.me/api/portraits/women/51.jpg', 'medium': 'https://randomuser.me/api/portraits/med/women/51.jpg', 'thumbnail': 'https://randomuser.me/api/portraits/thumb/women/51.jpg'}, 'nat': 'AU'}], 'info': {'seed': '11845acf7c67c1a6', 'results': 1, 'page': 1, 'version': '1.4'}}</msg>
<arg>${json_data}</arg>
<doc>Logs the given message with the given level.</doc>
<status status="PASS" start="2024-05-28T16:17:51.461134" elapsed="0.000242"/>
</kw>
<kw name="Should Be Equal As Numbers" owner="BuiltIn">
<arg>${json_data['results'][0]['location']['postcode']}</arg>
<arg>${json_data['results'][0]['location']['postcode']}</arg>
<doc>Fails if objects are unequal after converting them to real numbers.</doc>
<status status="PASS" start="2024-05-28T16:17:51.461680" elapsed="0.000631"/>
</kw>
<kw name="Log" owner="BuiltIn">
<msg time="2024-05-28T16:17:51.462851" level="INFO">4284</msg>
<arg>${json_data['results'][0]['location']['postcode']}</arg>
<doc>Logs the given message with the given level.</doc>
<status status="PASS" start="2024-05-28T16:17:51.462516" elapsed="0.000376"/>
</kw>
<status status="PASS" start="2024-05-28T16:17:51.365256" elapsed="0.097896"/>
</kw>
<doc>Testa se os tipos de dados na resposta da API estão corretos.</doc>
<tag>testeTiposDados</tag>
<status status="PASS" start="2024-05-28T16:17:51.271015" elapsed="0.192312"/>
</test>
<test id="s1-s1-t5" name="Validar conteudo" line="35">
<kw name="Teste de Tipos de Conteudo" owner="random-user-service">
<kw name="GET On Session" owner="RequestsLibrary">
<msg time="2024-05-28T16:17:51.568487" level="INFO">GET Request : url=https://randomuser.me/api 
 path_url=/api 
 headers={'User-Agent': 'python-requests/2.32.2', 'Accept-Encoding': 'gzip, deflate', 'Accept': '*/*', 'Connection': 'keep-alive'} 
 body=None 
 </msg>
<msg time="2024-05-28T16:17:51.568602" level="INFO">GET Response : url=https://randomuser.me/api 
 status=200, reason=OK 
 headers={'Date': 'Tue, 28 May 2024 16:17:51 GMT', 'Content-Type': 'application/json; charset=utf-8', 'Transfer-Encoding': 'chunked', 'Connection': 'keep-alive', 'X-Powered-By': 'Express', 'Access-Control-Allow-Origin': '*', 'Cache-Control': 'no-cache', 'ETag': 'W/"4ab-rUxE/SNxKdElUcOdyGVOQB/j56Q"', 'Vary': 'Accept-Encoding', 'Content-Encoding': 'gzip', 'CF-Cache-Status': 'DYNAMIC', 'Report-To': '{"endpoints":[{"url":"https:\\/\\/a.nel.cloudflare.com\\/report\\/v4?s=VY4PzWn00GeYyYlt1gd5wfuhp1Nzf85dMmPzE%2FJ5hxwGGnsdlWEe4AGM4u7jnUvQegz%2BuhxECVcw9LeMjHZYdaAcv3C2kfnaSDGMIgVDhOPQRoTazTVsDsH6Ao%2FcAnqM"}],"group":"cf-nel","max_age":604800}', 'NEL': '{"success_fraction":0,"report_to":"cf-nel","max_age":604800}', 'Server': 'cloudflare', 'CF-RAY': '88af8ea8aa211643-SJC', 'alt-svc': 'h3=":443"; ma=86400'} 
 body={"results":[{"gender":"female","name":{"title":"Miss","first":"Nermin","last":"Kopp"},"location":{"street":{"number":4202,"name":"Poststraße"},"city":"Flörsheim am Main","state":"Sachsen","country":"Germany","postcode":34281,"coordinates":{"latitude":"-49.2020","longitude":"111.5182"},"timezone":{"offset":"-6:00","description":"Central Time (US &amp; Canada), Mexico City"}},"email":"nermin.kopp@example.com","login":{"uuid":"c7136c4c-4acd-470d-87d0-8a364f7863e1","username":"beautifulleopard709","password":"superior","salt":"NV2BcZaB","md5":"bd44aebefa2e030b74cdcc33eea19f21","sha1":"6fa769f864bbd338ef4b1ec5fa32ffdd9153c91e","sha256":"87630e4a8dc02598e0089df96c9b89eb7e1fb663bb3494adf00d0cd7c37fc2fa"},"dob":{"date":"1957-11-18T08:05:25.526Z","age":66},"registered":{"date":"2009-12-10T19:35:01.928Z","age":14},"phone":"0945-4291023","cell":"0172-4964699","id":{"name":"SVNR","value":"59 181157 K 543"},"picture":{"large":"https://randomuser.me/api/portraits/women/28.jpg","medium":"https://randomuser.me/api/portraits/med/women/28.jpg","thumbnail":"https://randomuser.me/api/portraits/thumb/women/28.jpg"},"nat":"DE"}],"info":{"seed":"6f2a0b73353da3a3","results":1,"page":1,"version":"1.4"}} 
 </msg>
<msg time="2024-05-28T16:17:51.568682" level="INFO">/opt/hostedtoolcache/Python/3.12.3/x64/lib/python3.12/site-packages/urllib3/connectionpool.py:1103: InsecureRequestWarning: Unverified HTTPS request is being made to host 'randomuser.me'. Adding certificate verification is strongly advised. See: https://urllib3.readthedocs.io/en/latest/advanced-usage.html#tls-warnings
  warnings.warn(</msg>
<msg time="2024-05-28T16:17:51.568865" level="INFO">${response} = &lt;Response [200]&gt;</msg>
<var>${response}</var>
<arg>consultarAPI</arg>
<arg>/api</arg>
<doc>Sends a GET request on a previously created HTTP Session.</doc>
<status status="PASS" start="2024-05-28T16:17:51.465958" elapsed="0.102948"/>
</kw>
<kw name="Set Variable" owner="BuiltIn">
<msg time="2024-05-28T16:17:51.570154" level="INFO">${json_data} = {'results': [{'gender': 'female', 'name': {'title': 'Miss', 'first': 'Nermin', 'last': 'Kopp'}, 'location': {'street': {'number': 4202, 'name': 'Poststraße'}, 'city': 'Flörsheim am Main', 'state': 'Sa...</msg>
<var>${json_data}</var>
<arg>${response.json()}</arg>
<doc>Returns the given values which can then be assigned to a variables.</doc>
<status status="PASS" start="2024-05-28T16:17:51.569568" elapsed="0.000616"/>
</kw>
<kw name="Set Variable" owner="BuiltIn">
<msg time="2024-05-28T16:17:51.570879" level="INFO">${name_title} = Miss</msg>
<var>${name_title}</var>
<arg>${json_data["results"][0]["name"]["title"]}</arg>
<doc>Returns the given values which can then be assigned to a variables.</doc>
<status status="PASS" start="2024-05-28T16:17:51.570494" elapsed="0.000411"/>
</kw>
<kw name="Create List" owner="BuiltIn">
<msg time="2024-05-28T16:17:51.571350" level="INFO">${allowed_titles} = ['Mr', 'Ms', 'Miss', 'Mrs', 'Madame', 'Monsieur']</msg>
<var>${allowed_titles}</var>
<arg>Mr</arg>
<arg>Ms</arg>
<arg>Miss</arg>
<arg>Mrs</arg>
<arg>Madame</arg>
<arg>Monsieur</arg>
<doc>Returns a list containing given items.</doc>
<status status="PASS" start="2024-05-28T16:17:51.571202" elapsed="0.000173"/>
</kw>
<kw name="List Should Contain Value" owner="Collections">
<msg time="2024-05-28T16:17:51.571866" level="INFO">False</msg>
<arg>${allowed_titles}</arg>
<arg>${name_title}</arg>
<doc>Fails if the ``value`` is not found from ``list``.</doc>
<status status="PASS" start="2024-05-28T16:17:51.571688" elapsed="0.000215"/>
</kw>
<kw name="Set Variable" owner="BuiltIn">
<msg time="2024-05-28T16:17:51.572812" level="INFO">${name_country} = DE</msg>
<var>${name_country}</var>
<arg>${json_data["results"][0]["nat"]}</arg>
<doc>Returns the given values which can then be assigned to a variables.</doc>
<status status="PASS" start="2024-05-28T16:17:51.572202" elapsed="0.000636"/>
</kw>
<kw name="Create List" owner="BuiltIn">
<msg time="2024-05-28T16:17:51.573745" level="INFO">${list_country} = ['AD', 'AE', 'AF', 'AG', 'AI', 'AL', 'AM', 'AO', 'AQ', 'AR', 'AS', 'AT', 'AU', 'AW', 'AX', 'AZ', 'BA', 'BB', 'BD', 'BE', 'BF', 'BG', 'BH', 'BI', 'BJ', 'BL', 'BM', 'BN', 'BO', 'BQ', 'BR', 'BS', 'BT', '...</msg>
<var>${list_country}</var>
<arg>AD</arg>
<arg>AE</arg>
<arg>AF</arg>
<arg>AG</arg>
<arg>AI</arg>
<arg>AL</arg>
<arg>AM</arg>
<arg>AO</arg>
<arg>AQ</arg>
<arg>AR</arg>
<arg>AS</arg>
<arg>AT</arg>
<arg>AU</arg>
<arg>AW</arg>
<arg>AX</arg>
<arg>AZ</arg>
<arg>BA</arg>
<arg>BB</arg>
<arg>BD</arg>
<arg>BE</arg>
<arg>BF</arg>
<arg>BG</arg>
<arg>BH</arg>
<arg>BI</arg>
<arg>BJ</arg>
<arg>BL</arg>
<arg>BM</arg>
<arg>BN</arg>
<arg>BO</arg>
<arg>BQ</arg>
<arg>BR</arg>
<arg>BS</arg>
<arg>BT</arg>
<arg>BV</arg>
<arg>BW</arg>
<arg>BY</arg>
<arg>BZ</arg>
<arg>CA</arg>
<arg>CC</arg>
<arg>CD</arg>
<arg>CF</arg>
<arg>CG</arg>
<arg>CH</arg>
<arg>CI</arg>
<arg>CK</arg>
<arg>CL</arg>
<arg>CM</arg>
<arg>CN</arg>
<arg>CO</arg>
<arg>CR</arg>
<arg>CU</arg>
<arg>CV</arg>
<arg>CW</arg>
<arg>CX</arg>
<arg>CY</arg>
<arg>CZ</arg>
<arg>DE</arg>
<arg>DJ</arg>
<arg>DK</arg>
<arg>DM</arg>
<arg>DO</arg>
<arg>DZ</arg>
<arg>EC</arg>
<arg>EE</arg>
<arg>EG</arg>
<arg>EH</arg>
<arg>ER</arg>
<arg>ES</arg>
<arg>ET</arg>
<arg>FI</arg>
<arg>FJ</arg>
<arg>FK</arg>
<arg>FM</arg>
<arg>FO</arg>
<arg>FR</arg>
<arg>GA</arg>
<arg>GB</arg>
<arg>GD</arg>
<arg>GE</arg>
<arg>GF</arg>
<arg>GG</arg>
<arg>GH</arg>
<arg>GI</arg>
<arg>GL</arg>
<arg>GM</arg>
<arg>GN</arg>
<arg>GP</arg>
<arg>GQ</arg>
<arg>GR</arg>
<arg>GS</arg>
<arg>GT</arg>
<arg>GU</arg>
<arg>GW</arg>
<arg>GY</arg>
<arg>HK</arg>
<arg>HM</arg>
<arg>HN</arg>
<arg>HR</arg>
<arg>HT</arg>
<arg>HU</arg>
<arg>ID</arg>
<arg>IE</arg>
<arg>IL</arg>
<arg>IM</arg>
<arg>IN</arg>
<arg>IO</arg>
<arg>IQ</arg>
<arg>IR</arg>
<arg>IS</arg>
<arg>IT</arg>
<arg>JE</arg>
<arg>JM</arg>
<arg>JO</arg>
<arg>JP</arg>
<arg>KE</arg>
<arg>KG</arg>
<arg>KH</arg>
<arg>KI</arg>
<arg>KM</arg>
<arg>KN</arg>
<arg>KP</arg>
<arg>KR</arg>
<arg>KW</arg>
<arg>KY</arg>
<arg>KZ</arg>
<arg>LA</arg>
<arg>LB</arg>
<arg>LC</arg>
<arg>LI</arg>
<arg>LK</arg>
<arg>LR</arg>
<arg>LS</arg>
<arg>LT</arg>
<arg>LU</arg>
<arg>LV</arg>
<arg>LY</arg>
<arg>MA</arg>
<arg>MC</arg>
<arg>MD</arg>
<arg>ME</arg>
<arg>MF</arg>
<arg>MG</arg>
<arg>MH</arg>
<arg>MK</arg>
<arg>ML</arg>
<arg>MM</arg>
<arg>MN</arg>
<arg>MO</arg>
<arg>MP</arg>
<arg>MQ</arg>
<arg>MR</arg>
<arg>MS</arg>
<arg>MT</arg>
<arg>MU</arg>
<arg>MV</arg>
<arg>MW</arg>
<arg>MX</arg>
<arg>MY</arg>
<arg>MZ</arg>
<arg>NA</arg>
<arg>NC</arg>
<arg>NE</arg>
<arg>NF</arg>
<arg>NG</arg>
<arg>NI</arg>
<arg>NL</arg>
<arg>NO</arg>
<arg>NP</arg>
<arg>NR</arg>
<arg>NU</arg>
<arg>NZ</arg>
<arg>OM</arg>
<arg>PA</arg>
<arg>PE</arg>
<arg>PF</arg>
<arg>PG</arg>
<arg>PH</arg>
<arg>PK</arg>
<arg>PL</arg>
<arg>PM</arg>
<arg>PN</arg>
<arg>PR</arg>
<arg>PS</arg>
<arg>PT</arg>
<arg>PW</arg>
<arg>PY</arg>
<arg>QA</arg>
<arg>RE</arg>
<arg>RO</arg>
<arg>RS</arg>
<arg>RU</arg>
<arg>RW</arg>
<arg>SA</arg>
<arg>SB</arg>
<arg>SC</arg>
<arg>SD</arg>
<arg>SE</arg>
<arg>SG</arg>
<arg>SH</arg>
<arg>SI</arg>
<arg>SJ</arg>
<arg>SK</arg>
<arg>SL</arg>
<arg>SM</arg>
<arg>SN</arg>
<arg>SO</arg>
<arg>SR</arg>
<arg>SS</arg>
<arg>ST</arg>
<arg>SV</arg>
<arg>SX</arg>
<arg>SY</arg>
<arg>SZ</arg>
<arg>TC</arg>
<arg>TD</arg>
<arg>TF</arg>
<arg>TG</arg>
<arg>TH</arg>
<arg>TJ</arg>
<arg>TK</arg>
<arg>TL</arg>
<arg>TM</arg>
<arg>TN</arg>
<arg>TO</arg>
<arg>TR</arg>
<arg>TT</arg>
<arg>TV</arg>
<arg>TW</arg>
<arg>TZ</arg>
<arg>UA</arg>
<arg>UG</arg>
<arg>UM</arg>
<arg>US</arg>
<arg>UY</arg>
<arg>UZ</arg>
<arg>VA</arg>
<arg>VC</arg>
<arg>VE</arg>
<arg>VG</arg>
<arg>VI</arg>
<arg>VN</arg>
<arg>VU</arg>
<arg>WF</arg>
<arg>WS</arg>
<arg>XK</arg>
<arg>YE</arg>
<arg>YT</arg>
<arg>ZA</arg>
<arg>ZM</arg>
<arg>ZW</arg>
<doc>Returns a list containing given items.</doc>
<status status="PASS" start="2024-05-28T16:17:51.573150" elapsed="0.000621"/>
</kw>
<kw name="List Should Contain Value" owner="Collections">
<msg time="2024-05-28T16:17:51.574756" level="INFO">False</msg>
<arg>${list_country}</arg>
<arg>${name_country}</arg>
<doc>Fails if the ``value`` is not found from ``list``.</doc>
<status status="PASS" start="2024-05-28T16:17:51.574552" elapsed="0.000241"/>
</kw>
<kw name="Run Keyword If" owner="BuiltIn">
<kw name="Should Be True" owner="BuiltIn">
<arg>${True}</arg>
<doc>Fails if the given condition is not true.</doc>
<status status="PASS" start="2024-05-28T16:17:51.575869" elapsed="0.000144"/>
</kw>
<arg>${json_data["results"][0]["location"]["coordinates"]["latitude"]} &gt;= -90 and ${json_data["results"][0]["location"]["coordinates"]["latitude"]} &lt;= 90</arg>
<arg>Should Be True</arg>
<arg>${True}</arg>
<doc>Runs the given keyword with the given arguments, if ``condition`` is true.</doc>
<status status="PASS" start="2024-05-28T16:17:51.575108" elapsed="0.001031"/>
</kw>
<kw name="Run Keyword If" owner="BuiltIn">
<kw name="Should Be True" owner="BuiltIn">
<arg>${True}</arg>
<doc>Fails if the given condition is not true.</doc>
<status status="PASS" start="2024-05-28T16:17:51.577048" elapsed="0.000139"/>
</kw>
<arg>${json_data["results"][0]["location"]["coordinates"]["longitude"]} &gt;= -180 and ${json_data["results"][0]["location"]["coordinates"]["longitude"]} &lt;= 180</arg>
<arg>Should Be True</arg>
<arg>${True}</arg>
<doc>Runs the given keyword with the given arguments, if ``condition`` is true.</doc>
<status status="PASS" start="2024-05-28T16:17:51.576325" elapsed="0.000983"/>
</kw>
<status status="PASS" start="2024-05-28T16:17:51.465719" elapsed="0.111717"/>
</kw>
<doc>Testa o conteúdo específico dos campos retornados pela API.</doc>
<tag>testeConteudo</tag>
<status status="PASS" start="2024-05-28T16:17:51.465136" elapsed="0.112450"/>
</test>
<status status="PASS" start="2024-05-28T16:17:50.493186" elapsed="1.086359"/>
</suite>
<status status="PASS" start="2024-05-28T16:17:50.479239" elapsed="1.105585"/>
</suite>
<statistics>
<total>
<stat pass="5" fail="0" skip="0">All Tests</stat>
</total>
<tag>
<stat pass="1" fail="0" skip="0">testeConteudo</stat>
<stat pass="1" fail="0" skip="0">testeEstruturaResposta</stat>
<stat pass="1" fail="0" skip="0">testeRequisicaoBasica</stat>
<stat pass="1" fail="0" skip="0">testeTiposDados</stat>
</tag>
<suite>
<stat pass="5" fail="0" skip="0" id="s1" name="Tests">Tests</stat>
<stat pass="5" fail="0" skip="0" id="s1-s1" name="Random-User-Test">Tests.Random-User-Test</stat>
</suite>
</statistics>
<errors>
</errors>
</robot>
