<?xml version="1.0" encoding="UTF-8"?>
<robot generator="Robot 7.0.1 (Python 3.12.4 on linux)" generated="2024-07-12T10:16:09.363705" rpa="false" schemaversion="5">
<suite id="s1" name="Tests" source="/home/runner/work/ApiRandomUser/ApiRandomUser/RamdonUser/tests">
<suite id="s1-s1" name="Random-User-Test" source="/home/runner/work/ApiRandomUser/ApiRandomUser/RamdonUser/tests/random-user-test.robot">
<test id="s1-s1-t1" name="Conectar" line="13">
<kw name="Conectar API" owner="random-user-service">
<kw name="Create Session" owner="RequestsLibrary">
<msg time="2024-07-12T10:16:09.758967" level="INFO">Creating Session using : alias=consultarAPI, url=https://randomuser.me/, headers={},                     cookies={}, auth=None, timeout=None, proxies=None, verify=False,                     debug=0 </msg>
<arg>consultarAPI</arg>
<arg>${URL}</arg>
<doc>Create Session: create a HTTP session to a server</doc>
<status status="PASS" start="2024-07-12T10:16:09.758749" elapsed="0.000401"/>
</kw>
<status status="PASS" start="2024-07-12T10:16:09.757759" elapsed="0.001755"/>
</kw>
<status status="PASS" start="2024-07-12T10:16:09.757112" elapsed="0.002633"/>
</test>
<test id="s1-s1-t2" name="Validar retorno 200 e JSON Válido" line="16">
<kw name="Teste de Requisicao Basica" owner="random-user-service">
<kw name="GET On Session" owner="RequestsLibrary">
<msg time="2024-07-12T10:16:09.934242" level="INFO">GET Request : url=https://randomuser.me/api 
 path_url=/api 
 headers={'User-Agent': 'python-requests/2.32.3', 'Accept-Encoding': 'gzip, deflate', 'Accept': '*/*', 'Connection': 'keep-alive'} 
 body=None 
 </msg>
<msg time="2024-07-12T10:16:09.934393" level="INFO">GET Response : url=https://randomuser.me/api 
 status=200, reason=OK 
 headers={'Date': 'Fri, 12 Jul 2024 10:16:09 GMT', 'Content-Type': 'application/json; charset=utf-8', 'Transfer-Encoding': 'chunked', 'Connection': 'keep-alive', 'X-Powered-By': 'Express', 'Access-Control-Allow-Origin': '*', 'Cache-Control': 'no-cache', 'ETag': 'W/"494-dCgIYT+6Jy/7AD+rhBff1l06Uik"', 'Vary': 'Accept-Encoding', 'Content-Encoding': 'gzip', 'CF-Cache-Status': 'DYNAMIC', 'Report-To': '{"endpoints":[{"url":"https:\\/\\/a.nel.cloudflare.com\\/report\\/v4?s=rVBKGVTH04WN5j2SKbEPhF4ThQ8AA73phuF4Wdm%2B%2B23UeBKZ50zkUF%2FFreojAu%2FUdCi8GhydJ9BnsgNjKqfmrjg3i2kJ%2F4RVAsM6JSqlAicFP6dblXsT4FBeWfr7xf6W"}],"group":"cf-nel","max_age":604800}', 'NEL': '{"success_fraction":0,"report_to":"cf-nel","max_age":604800}', 'Server': 'cloudflare', 'CF-RAY': '8a2046b5eb868226-IAD', 'alt-svc': 'h3=":443"; ma=86400'} 
 body={"results":[{"gender":"male","name":{"title":"Mr","first":"Nísio","last":"Nascimento"},"location":{"street":{"number":9362,"name":"Rua São Paulo "},"city":"Rondonópolis","state":"Rio Grande do Sul","country":"Brazil","postcode":30727,"coordinates":{"latitude":"-79.9454","longitude":"-117.5540"},"timezone":{"offset":"-3:30","description":"Newfoundland"}},"email":"nisio.nascimento@example.com","login":{"uuid":"ba5eccb3-998e-4973-bd83-d88a972972a7","username":"lazyduck877","password":"soulmate","salt":"KLH6LDnQ","md5":"5dfa3eef0ff266a5ae433ffa99625860","sha1":"e4ddc86ab1060152f63509bdd2609ae1592ee7d6","sha256":"0f20e51fa0179198d9c449b54677ddea1fecdc336d7aebde0c70be98dce52dfc"},"dob":{"date":"1976-01-28T07:09:13.086Z","age":48},"registered":{"date":"2012-11-05T05:03:27.265Z","age":11},"phone":"(64) 1541-6478","cell":"(69) 9120-8526","id":{"name":"CPF","value":"659.379.020-36"},"picture":{"large":"https://randomuser.me/api/portraits/men/66.jpg","medium":"https://randomuser.me/api/portraits/med/men/66.jpg","thumbnail":"https://randomuser.me/api/portraits/thumb/men/66.jpg"},"nat":"BR"}],"info":{"seed":"4d1142a06442e0c2","results":1,"page":1,"version":"1.4"}} 
 </msg>
<msg time="2024-07-12T10:16:09.934484" level="INFO">/opt/hostedtoolcache/Python/3.12.4/x64/lib/python3.12/site-packages/urllib3/connectionpool.py:1099: InsecureRequestWarning: Unverified HTTPS request is being made to host 'randomuser.me'. Adding certificate verification is strongly advised. See: https://urllib3.readthedocs.io/en/latest/advanced-usage.html#tls-warnings
  warnings.warn(</msg>
<msg time="2024-07-12T10:16:09.934628" level="INFO">${response} = &lt;Response [200]&gt;</msg>
<var>${response}</var>
<arg>consultarAPI</arg>
<arg>/api</arg>
<doc>Sends a GET request on a previously created HTTP Session.</doc>
<status status="PASS" start="2024-07-12T10:16:09.762382" elapsed="0.172298"/>
</kw>
<kw name="Should Be Equal As Numbers" owner="BuiltIn">
<msg time="2024-07-12T10:16:09.935765" level="INFO">Argument types are:
&lt;class 'int'&gt;
&lt;class 'str'&gt;</msg>
<arg>${response.status_code}</arg>
<arg>200</arg>
<doc>Fails if objects are unequal after converting them to real numbers.</doc>
<status status="PASS" start="2024-07-12T10:16:09.935257" elapsed="0.000574"/>
</kw>
<kw name="Log" owner="BuiltIn">
<msg time="2024-07-12T10:16:09.936508" level="INFO">200</msg>
<arg>${response.status_code}</arg>
<doc>Logs the given message with the given level.</doc>
<status status="PASS" start="2024-07-12T10:16:09.936157" elapsed="0.000394"/>
</kw>
<kw name="Set Variable" owner="BuiltIn">
<msg time="2024-07-12T10:16:09.937303" level="INFO">${json_data} = {'results': [{'gender': 'male', 'name': {'title': 'Mr', 'first': 'Nísio', 'last': 'Nascimento'}, 'location': {'street': {'number': 9362, 'name': 'Rua São Paulo '}, 'city': 'Rondonópolis', 'state': 'Ri...</msg>
<var>${json_data}</var>
<arg>${response.json()}</arg>
<doc>Returns the given values which can then be assigned to a variables.</doc>
<status status="PASS" start="2024-07-12T10:16:09.936857" elapsed="0.000475"/>
</kw>
<kw name="Dictionary Should Contain Key" owner="Collections">
<arg>${json_data}</arg>
<arg>results</arg>
<doc>Fails if ``key`` is not found from ``dictionary``.</doc>
<status status="PASS" start="2024-07-12T10:16:09.937647" elapsed="0.000164"/>
</kw>
<status status="PASS" start="2024-07-12T10:16:09.762128" elapsed="0.175844"/>
</kw>
<doc>Testa se a API responde corretamente e retorna um objeto JSON válido.</doc>
<tag>testeRequisicaoBasica</tag>
<status status="PASS" start="2024-07-12T10:16:09.761619" elapsed="0.176537"/>
</test>
<test id="s1-s1-t3" name="Validar estrutura de resposta" line="22">
<kw name="Teste de Estrutura de Resposta" owner="random-user-service">
<kw name="GET On Session" owner="RequestsLibrary">
<msg time="2024-07-12T10:16:10.033641" level="INFO">GET Request : url=https://randomuser.me/api 
 path_url=/api 
 headers={'User-Agent': 'python-requests/2.32.3', 'Accept-Encoding': 'gzip, deflate', 'Accept': '*/*', 'Connection': 'keep-alive'} 
 body=None 
 </msg>
<msg time="2024-07-12T10:16:10.033760" level="INFO">GET Response : url=https://randomuser.me/api 
 status=200, reason=OK 
 headers={'Date': 'Fri, 12 Jul 2024 10:16:10 GMT', 'Content-Type': 'application/json; charset=utf-8', 'Transfer-Encoding': 'chunked', 'Connection': 'keep-alive', 'X-Powered-By': 'Express', 'Access-Control-Allow-Origin': '*', 'Cache-Control': 'no-cache', 'ETag': 'W/"48d-V8nrC1MsLgDGbZMO6VnCk4A4+MA"', 'Vary': 'Accept-Encoding', 'Content-Encoding': 'gzip', 'CF-Cache-Status': 'DYNAMIC', 'Report-To': '{"endpoints":[{"url":"https:\\/\\/a.nel.cloudflare.com\\/report\\/v4?s=QR8ySKf7QltiJZMJMuSWoik66R%2B%2BziysjbV9iplJN%2BwNw1nhr83UkmbqwenkVmqn48VMRJ780QjLh98kXGhVrK0q28nt35lmttnccn2BWh5k5q6EJLFa3xwyj3XFIAbm"}],"group":"cf-nel","max_age":604800}', 'NEL': '{"success_fraction":0,"report_to":"cf-nel","max_age":604800}', 'Server': 'cloudflare', 'CF-RAY': '8a2046b62bbc8226-IAD', 'alt-svc': 'h3=":443"; ma=86400'} 
 body={"results":[{"gender":"male","name":{"title":"Mr","first":"Petar","last":"Vasić"},"location":{"street":{"number":577,"name":"Eduarda Mihela "},"city":"Ljubovija","state":"Toplica","country":"Serbia","postcode":79265,"coordinates":{"latitude":"63.8102","longitude":"-165.0221"},"timezone":{"offset":"+9:00","description":"Tokyo, Seoul, Osaka, Sapporo, Yakutsk"}},"email":"petar.vasic@example.com","login":{"uuid":"9ed037ec-e0f0-4d79-9124-f87f208fbb52","username":"blackelephant949","password":"alissa","salt":"4b7bYEJJ","md5":"02acf3f67b0fbee6b9082f83f3c9e7b9","sha1":"41af41c962c29790a993f11dc832466e4aa84a83","sha256":"4c808bfdb097e83850c1bf2195af690ec056044973bfa7f26a95dd4e1258e6f6"},"dob":{"date":"1974-01-16T20:05:30.380Z","age":50},"registered":{"date":"2012-03-06T02:03:44.715Z","age":12},"phone":"010-5976-313","cell":"067-7001-256","id":{"name":"SID","value":"845258580"},"picture":{"large":"https://randomuser.me/api/portraits/men/97.jpg","medium":"https://randomuser.me/api/portraits/med/men/97.jpg","thumbnail":"https://randomuser.me/api/portraits/thumb/men/97.jpg"},"nat":"RS"}],"info":{"seed":"71fb0cdc9e895bcf","results":1,"page":1,"version":"1.4"}} 
 </msg>
<msg time="2024-07-12T10:16:10.033899" level="INFO">/opt/hostedtoolcache/Python/3.12.4/x64/lib/python3.12/site-packages/urllib3/connectionpool.py:1099: InsecureRequestWarning: Unverified HTTPS request is being made to host 'randomuser.me'. Adding certificate verification is strongly advised. See: https://urllib3.readthedocs.io/en/latest/advanced-usage.html#tls-warnings
  warnings.warn(</msg>
<msg time="2024-07-12T10:16:10.034030" level="INFO">${response} = &lt;Response [200]&gt;</msg>
<var>${response}</var>
<arg>consultarAPI</arg>
<arg>/api</arg>
<doc>Sends a GET request on a previously created HTTP Session.</doc>
<status status="PASS" start="2024-07-12T10:16:09.940935" elapsed="0.093136"/>
</kw>
<kw name="Set Variable" owner="BuiltIn">
<msg time="2024-07-12T10:16:10.035105" level="INFO">${json_data} = {'results': [{'gender': 'male', 'name': {'title': 'Mr', 'first': 'Petar', 'last': 'Vasić'}, 'location': {'street': {'number': 577, 'name': 'Eduarda Mihela '}, 'city': 'Ljubovija', 'state': 'Toplica', ...</msg>
<var>${json_data}</var>
<arg>${response.json()}</arg>
<doc>Returns the given values which can then be assigned to a variables.</doc>
<status status="PASS" start="2024-07-12T10:16:10.034581" elapsed="0.000555"/>
</kw>
<kw name="Log" owner="BuiltIn">
<msg time="2024-07-12T10:16:10.035652" level="INFO">{'results': [{'gender': 'male', 'name': {'title': 'Mr', 'first': 'Petar', 'last': 'Vasić'}, 'location': {'street': {'number': 577, 'name': 'Eduarda Mihela '}, 'city': 'Ljubovija', 'state': 'Toplica', 'country': 'Serbia', 'postcode': 79265, 'coordinates': {'latitude': '63.8102', 'longitude': '-165.0221'}, 'timezone': {'offset': '+9:00', 'description': 'Tokyo, Seoul, Osaka, Sapporo, Yakutsk'}}, 'email': 'petar.vasic@example.com', 'login': {'uuid': '9ed037ec-e0f0-4d79-9124-f87f208fbb52', 'username': 'blackelephant949', 'password': 'alissa', 'salt': '4b7bYEJJ', 'md5': '02acf3f67b0fbee6b9082f83f3c9e7b9', 'sha1': '41af41c962c29790a993f11dc832466e4aa84a83', 'sha256': '4c808bfdb097e83850c1bf2195af690ec056044973bfa7f26a95dd4e1258e6f6'}, 'dob': {'date': '1974-01-16T20:05:30.380Z', 'age': 50}, 'registered': {'date': '2012-03-06T02:03:44.715Z', 'age': 12}, 'phone': '010-5976-313', 'cell': '067-7001-256', 'id': {'name': 'SID', 'value': '845258580'}, 'picture': {'large': 'https://randomuser.me/api/portraits/men/97.jpg', 'medium': 'https://randomuser.me/api/portraits/med/men/97.jpg', 'thumbnail': 'https://randomuser.me/api/portraits/thumb/men/97.jpg'}, 'nat': 'RS'}], 'info': {'seed': '71fb0cdc9e895bcf', 'results': 1, 'page': 1, 'version': '1.4'}}</msg>
<arg>${json_data}</arg>
<doc>Logs the given message with the given level.</doc>
<status status="PASS" start="2024-07-12T10:16:10.035450" elapsed="0.000258"/>
</kw>
<kw name="Dictionary Should Contain Key" owner="Collections">
<arg>${json_data}</arg>
<arg>results</arg>
<doc>Fails if ``key`` is not found from ``dictionary``.</doc>
<status status="PASS" start="2024-07-12T10:16:10.036009" elapsed="0.000160"/>
</kw>
<kw name="Should Not Be Empty" owner="BuiltIn">
<msg time="2024-07-12T10:16:10.036488" level="INFO">Length is 2.</msg>
<arg>${json_data}</arg>
<doc>Verifies that the given item is not empty.</doc>
<status status="PASS" start="2024-07-12T10:16:10.036352" elapsed="0.000173"/>
</kw>
<kw name="Create List" owner="BuiltIn">
<msg time="2024-07-12T10:16:10.037120" level="INFO">${expected_keys} = ['gender', 'name', 'location', 'email', 'login']</msg>
<var>${expected_keys}</var>
<arg>gender</arg>
<arg>name</arg>
<arg>location</arg>
<arg>email</arg>
<arg>login</arg>
<doc>Returns a list containing given items.</doc>
<status status="PASS" start="2024-07-12T10:16:10.036814" elapsed="0.000331"/>
</kw>
<for flavor="IN">
<iter>
<kw name="Dictionary Should Contain Key" owner="Collections">
<arg>${json_data['results'][0]}</arg>
<arg>${key}</arg>
<doc>Fails if ``key`` is not found from ``dictionary``.</doc>
<status status="PASS" start="2024-07-12T10:16:10.037730" elapsed="0.000405"/>
</kw>
<kw name="Log" owner="BuiltIn">
<msg time="2024-07-12T10:16:10.038689" level="INFO">{'gender': 'male', 'name': {'title': 'Mr', 'first': 'Petar', 'last': 'Vasić'}, 'location': {'street': {'number': 577, 'name': 'Eduarda Mihela '}, 'city': 'Ljubovija', 'state': 'Toplica', 'country': 'Serbia', 'postcode': 79265, 'coordinates': {'latitude': '63.8102', 'longitude': '-165.0221'}, 'timezone': {'offset': '+9:00', 'description': 'Tokyo, Seoul, Osaka, Sapporo, Yakutsk'}}, 'email': 'petar.vasic@example.com', 'login': {'uuid': '9ed037ec-e0f0-4d79-9124-f87f208fbb52', 'username': 'blackelephant949', 'password': 'alissa', 'salt': '4b7bYEJJ', 'md5': '02acf3f67b0fbee6b9082f83f3c9e7b9', 'sha1': '41af41c962c29790a993f11dc832466e4aa84a83', 'sha256': '4c808bfdb097e83850c1bf2195af690ec056044973bfa7f26a95dd4e1258e6f6'}, 'dob': {'date': '1974-01-16T20:05:30.380Z', 'age': 50}, 'registered': {'date': '2012-03-06T02:03:44.715Z', 'age': 12}, 'phone': '010-5976-313', 'cell': '067-7001-256', 'id': {'name': 'SID', 'value': '845258580'}, 'picture': {'large': 'https://randomuser.me/api/portraits/men/97.jpg', 'medium': 'https://randomuser.me/api/portraits/med/men/97.jpg', 'thumbnail': 'https://randomuser.me/api/portraits/thumb/men/97.jpg'}, 'nat': 'RS'}</msg>
<arg>${json_data['results'][0]}</arg>
<doc>Logs the given message with the given level.</doc>
<status status="PASS" start="2024-07-12T10:16:10.038326" elapsed="0.000417"/>
</kw>
<kw name="Log" owner="BuiltIn">
<msg time="2024-07-12T10:16:10.039178" level="INFO">gender</msg>
<arg>${key}</arg>
<doc>Logs the given message with the given level.</doc>
<status status="PASS" start="2024-07-12T10:16:10.039049" elapsed="0.000166"/>
</kw>
<var name="${key}">gender</var>
<status status="PASS" start="2024-07-12T10:16:10.037601" elapsed="0.001831"/>
</iter>
<iter>
<kw name="Dictionary Should Contain Key" owner="Collections">
<arg>${json_data['results'][0]}</arg>
<arg>${key}</arg>
<doc>Fails if ``key`` is not found from ``dictionary``.</doc>
<status status="PASS" start="2024-07-12T10:16:10.039775" elapsed="0.000400"/>
</kw>
<kw name="Log" owner="BuiltIn">
<msg time="2024-07-12T10:16:10.040718" level="INFO">{'gender': 'male', 'name': {'title': 'Mr', 'first': 'Petar', 'last': 'Vasić'}, 'location': {'street': {'number': 577, 'name': 'Eduarda Mihela '}, 'city': 'Ljubovija', 'state': 'Toplica', 'country': 'Serbia', 'postcode': 79265, 'coordinates': {'latitude': '63.8102', 'longitude': '-165.0221'}, 'timezone': {'offset': '+9:00', 'description': 'Tokyo, Seoul, Osaka, Sapporo, Yakutsk'}}, 'email': 'petar.vasic@example.com', 'login': {'uuid': '9ed037ec-e0f0-4d79-9124-f87f208fbb52', 'username': 'blackelephant949', 'password': 'alissa', 'salt': '4b7bYEJJ', 'md5': '02acf3f67b0fbee6b9082f83f3c9e7b9', 'sha1': '41af41c962c29790a993f11dc832466e4aa84a83', 'sha256': '4c808bfdb097e83850c1bf2195af690ec056044973bfa7f26a95dd4e1258e6f6'}, 'dob': {'date': '1974-01-16T20:05:30.380Z', 'age': 50}, 'registered': {'date': '2012-03-06T02:03:44.715Z', 'age': 12}, 'phone': '010-5976-313', 'cell': '067-7001-256', 'id': {'name': 'SID', 'value': '845258580'}, 'picture': {'large': 'https://randomuser.me/api/portraits/men/97.jpg', 'medium': 'https://randomuser.me/api/portraits/med/men/97.jpg', 'thumbnail': 'https://randomuser.me/api/portraits/thumb/men/97.jpg'}, 'nat': 'RS'}</msg>
<arg>${json_data['results'][0]}</arg>
<doc>Logs the given message with the given level.</doc>
<status status="PASS" start="2024-07-12T10:16:10.040360" elapsed="0.000444"/>
</kw>
<kw name="Log" owner="BuiltIn">
<msg time="2024-07-12T10:16:10.041236" level="INFO">name</msg>
<arg>${key}</arg>
<doc>Logs the given message with the given level.</doc>
<status status="PASS" start="2024-07-12T10:16:10.041108" elapsed="0.000165"/>
</kw>
<var name="${key}">name</var>
<status status="PASS" start="2024-07-12T10:16:10.039647" elapsed="0.001851"/>
</iter>
<iter>
<kw name="Dictionary Should Contain Key" owner="Collections">
<arg>${json_data['results'][0]}</arg>
<arg>${key}</arg>
<doc>Fails if ``key`` is not found from ``dictionary``.</doc>
<status status="PASS" start="2024-07-12T10:16:10.041782" elapsed="0.000379"/>
</kw>
<kw name="Log" owner="BuiltIn">
<msg time="2024-07-12T10:16:10.042702" level="INFO">{'gender': 'male', 'name': {'title': 'Mr', 'first': 'Petar', 'last': 'Vasić'}, 'location': {'street': {'number': 577, 'name': 'Eduarda Mihela '}, 'city': 'Ljubovija', 'state': 'Toplica', 'country': 'Serbia', 'postcode': 79265, 'coordinates': {'latitude': '63.8102', 'longitude': '-165.0221'}, 'timezone': {'offset': '+9:00', 'description': 'Tokyo, Seoul, Osaka, Sapporo, Yakutsk'}}, 'email': 'petar.vasic@example.com', 'login': {'uuid': '9ed037ec-e0f0-4d79-9124-f87f208fbb52', 'username': 'blackelephant949', 'password': 'alissa', 'salt': '4b7bYEJJ', 'md5': '02acf3f67b0fbee6b9082f83f3c9e7b9', 'sha1': '41af41c962c29790a993f11dc832466e4aa84a83', 'sha256': '4c808bfdb097e83850c1bf2195af690ec056044973bfa7f26a95dd4e1258e6f6'}, 'dob': {'date': '1974-01-16T20:05:30.380Z', 'age': 50}, 'registered': {'date': '2012-03-06T02:03:44.715Z', 'age': 12}, 'phone': '010-5976-313', 'cell': '067-7001-256', 'id': {'name': 'SID', 'value': '845258580'}, 'picture': {'large': 'https://randomuser.me/api/portraits/men/97.jpg', 'medium': 'https://randomuser.me/api/portraits/med/men/97.jpg', 'thumbnail': 'https://randomuser.me/api/portraits/thumb/men/97.jpg'}, 'nat': 'RS'}</msg>
<arg>${json_data['results'][0]}</arg>
<doc>Logs the given message with the given level.</doc>
<status status="PASS" start="2024-07-12T10:16:10.042353" elapsed="0.000401"/>
</kw>
<kw name="Log" owner="BuiltIn">
<msg time="2024-07-12T10:16:10.043177" level="INFO">location</msg>
<arg>${key}</arg>
<doc>Logs the given message with the given level.</doc>
<status status="PASS" start="2024-07-12T10:16:10.043051" elapsed="0.000162"/>
</kw>
<var name="${key}">location</var>
<status status="PASS" start="2024-07-12T10:16:10.041672" elapsed="0.001754"/>
</iter>
<iter>
<kw name="Dictionary Should Contain Key" owner="Collections">
<arg>${json_data['results'][0]}</arg>
<arg>${key}</arg>
<doc>Fails if ``key`` is not found from ``dictionary``.</doc>
<status status="PASS" start="2024-07-12T10:16:10.043748" elapsed="0.000401"/>
</kw>
<kw name="Log" owner="BuiltIn">
<msg time="2024-07-12T10:16:10.044699" level="INFO">{'gender': 'male', 'name': {'title': 'Mr', 'first': 'Petar', 'last': 'Vasić'}, 'location': {'street': {'number': 577, 'name': 'Eduarda Mihela '}, 'city': 'Ljubovija', 'state': 'Toplica', 'country': 'Serbia', 'postcode': 79265, 'coordinates': {'latitude': '63.8102', 'longitude': '-165.0221'}, 'timezone': {'offset': '+9:00', 'description': 'Tokyo, Seoul, Osaka, Sapporo, Yakutsk'}}, 'email': 'petar.vasic@example.com', 'login': {'uuid': '9ed037ec-e0f0-4d79-9124-f87f208fbb52', 'username': 'blackelephant949', 'password': 'alissa', 'salt': '4b7bYEJJ', 'md5': '02acf3f67b0fbee6b9082f83f3c9e7b9', 'sha1': '41af41c962c29790a993f11dc832466e4aa84a83', 'sha256': '4c808bfdb097e83850c1bf2195af690ec056044973bfa7f26a95dd4e1258e6f6'}, 'dob': {'date': '1974-01-16T20:05:30.380Z', 'age': 50}, 'registered': {'date': '2012-03-06T02:03:44.715Z', 'age': 12}, 'phone': '010-5976-313', 'cell': '067-7001-256', 'id': {'name': 'SID', 'value': '845258580'}, 'picture': {'large': 'https://randomuser.me/api/portraits/men/97.jpg', 'medium': 'https://randomuser.me/api/portraits/med/men/97.jpg', 'thumbnail': 'https://randomuser.me/api/portraits/thumb/men/97.jpg'}, 'nat': 'RS'}</msg>
<arg>${json_data['results'][0]}</arg>
<doc>Logs the given message with the given level.</doc>
<status status="PASS" start="2024-07-12T10:16:10.044341" elapsed="0.000411"/>
</kw>
<kw name="Log" owner="BuiltIn">
<msg time="2024-07-12T10:16:10.045196" level="INFO">email</msg>
<arg>${key}</arg>
<doc>Logs the given message with the given level.</doc>
<status status="PASS" start="2024-07-12T10:16:10.045064" elapsed="0.000170"/>
</kw>
<var name="${key}">email</var>
<status status="PASS" start="2024-07-12T10:16:10.043635" elapsed="0.001815"/>
</iter>
<iter>
<kw name="Dictionary Should Contain Key" owner="Collections">
<arg>${json_data['results'][0]}</arg>
<arg>${key}</arg>
<doc>Fails if ``key`` is not found from ``dictionary``.</doc>
<status status="PASS" start="2024-07-12T10:16:10.045734" elapsed="0.000387"/>
</kw>
<kw name="Log" owner="BuiltIn">
<msg time="2024-07-12T10:16:10.046653" level="INFO">{'gender': 'male', 'name': {'title': 'Mr', 'first': 'Petar', 'last': 'Vasić'}, 'location': {'street': {'number': 577, 'name': 'Eduarda Mihela '}, 'city': 'Ljubovija', 'state': 'Toplica', 'country': 'Serbia', 'postcode': 79265, 'coordinates': {'latitude': '63.8102', 'longitude': '-165.0221'}, 'timezone': {'offset': '+9:00', 'description': 'Tokyo, Seoul, Osaka, Sapporo, Yakutsk'}}, 'email': 'petar.vasic@example.com', 'login': {'uuid': '9ed037ec-e0f0-4d79-9124-f87f208fbb52', 'username': 'blackelephant949', 'password': 'alissa', 'salt': '4b7bYEJJ', 'md5': '02acf3f67b0fbee6b9082f83f3c9e7b9', 'sha1': '41af41c962c29790a993f11dc832466e4aa84a83', 'sha256': '4c808bfdb097e83850c1bf2195af690ec056044973bfa7f26a95dd4e1258e6f6'}, 'dob': {'date': '1974-01-16T20:05:30.380Z', 'age': 50}, 'registered': {'date': '2012-03-06T02:03:44.715Z', 'age': 12}, 'phone': '010-5976-313', 'cell': '067-7001-256', 'id': {'name': 'SID', 'value': '845258580'}, 'picture': {'large': 'https://randomuser.me/api/portraits/men/97.jpg', 'medium': 'https://randomuser.me/api/portraits/med/men/97.jpg', 'thumbnail': 'https://randomuser.me/api/portraits/thumb/men/97.jpg'}, 'nat': 'RS'}</msg>
<arg>${json_data['results'][0]}</arg>
<doc>Logs the given message with the given level.</doc>
<status status="PASS" start="2024-07-12T10:16:10.046303" elapsed="0.000401"/>
</kw>
<kw name="Log" owner="BuiltIn">
<msg time="2024-07-12T10:16:10.047125" level="INFO">login</msg>
<arg>${key}</arg>
<doc>Logs the given message with the given level.</doc>
<status status="PASS" start="2024-07-12T10:16:10.046999" elapsed="0.000164"/>
</kw>
<var name="${key}">login</var>
<status status="PASS" start="2024-07-12T10:16:10.045620" elapsed="0.001770"/>
</iter>
<var>${key}</var>
<value>@{expected_keys}</value>
<status status="PASS" start="2024-07-12T10:16:10.037407" elapsed="0.010104"/>
</for>
<kw name="Create List" owner="BuiltIn">
<msg time="2024-07-12T10:16:10.047868" level="INFO">${expected_keysTwo} = ['username', 'password']</msg>
<var>${expected_keysTwo}</var>
<arg>username</arg>
<arg>password</arg>
<doc>Returns a list containing given items.</doc>
<status status="PASS" start="2024-07-12T10:16:10.047728" elapsed="0.000193"/>
</kw>
<for flavor="IN">
<iter>
<kw name="Dictionary Should Contain Key" owner="Collections">
<arg>${json_data['results'][0]['login']}</arg>
<arg>${keyTwo}</arg>
<doc>Fails if ``key`` is not found from ``dictionary``.</doc>
<status status="PASS" start="2024-07-12T10:16:10.048428" elapsed="0.000384"/>
</kw>
<kw name="Dictionary Should Contain Key" owner="Collections">
<arg>${json_data['results'][0]['login']}</arg>
<arg>${keyTwo}</arg>
<doc>Fails if ``key`` is not found from ``dictionary``.</doc>
<status status="PASS" start="2024-07-12T10:16:10.048994" elapsed="0.000378"/>
</kw>
<kw name="Log" owner="BuiltIn">
<msg time="2024-07-12T10:16:10.049675" level="INFO">username</msg>
<arg>${keyTwo}</arg>
<doc>Logs the given message with the given level.</doc>
<status status="PASS" start="2024-07-12T10:16:10.049554" elapsed="0.000158"/>
</kw>
<var name="${keyTwo}">username</var>
<status status="PASS" start="2024-07-12T10:16:10.048321" elapsed="0.001610"/>
</iter>
<iter>
<kw name="Dictionary Should Contain Key" owner="Collections">
<arg>${json_data['results'][0]['login']}</arg>
<arg>${keyTwo}</arg>
<doc>Fails if ``key`` is not found from ``dictionary``.</doc>
<status status="PASS" start="2024-07-12T10:16:10.050209" elapsed="0.000385"/>
</kw>
<kw name="Dictionary Should Contain Key" owner="Collections">
<arg>${json_data['results'][0]['login']}</arg>
<arg>${keyTwo}</arg>
<doc>Fails if ``key`` is not found from ``dictionary``.</doc>
<status status="PASS" start="2024-07-12T10:16:10.050779" elapsed="0.000363"/>
</kw>
<kw name="Log" owner="BuiltIn">
<msg time="2024-07-12T10:16:10.051432" level="INFO">password</msg>
<arg>${keyTwo}</arg>
<doc>Logs the given message with the given level.</doc>
<status status="PASS" start="2024-07-12T10:16:10.051316" elapsed="0.000159"/>
</kw>
<var name="${keyTwo}">password</var>
<status status="PASS" start="2024-07-12T10:16:10.050102" elapsed="0.001720"/>
</iter>
<var>${keyTwo}</var>
<value>@{expected_keysTwo}</value>
<status status="PASS" start="2024-07-12T10:16:10.048169" elapsed="0.003777"/>
</for>
<status status="PASS" start="2024-07-12T10:16:09.940693" elapsed="0.111397"/>
</kw>
<doc>Testa a estrutura da resposta da API.</doc>
<tag>testeEstruturaResposta</tag>
<status status="PASS" start="2024-07-12T10:16:09.940073" elapsed="0.112174"/>
</test>
<test id="s1-s1-t4" name="Validar tipos de dados" line="28">
<kw name="Teste de Tipos de Dados" owner="random-user-service">
<kw name="GET On Session" owner="RequestsLibrary">
<msg time="2024-07-12T10:16:10.135795" level="INFO">GET Request : url=https://randomuser.me/api 
 path_url=/api 
 headers={'User-Agent': 'python-requests/2.32.3', 'Accept-Encoding': 'gzip, deflate', 'Accept': '*/*', 'Connection': 'keep-alive'} 
 body=None 
 </msg>
<msg time="2024-07-12T10:16:10.135897" level="INFO">GET Response : url=https://randomuser.me/api 
 status=200, reason=OK 
 headers={'Date': 'Fri, 12 Jul 2024 10:16:10 GMT', 'Content-Type': 'application/json; charset=utf-8', 'Transfer-Encoding': 'chunked', 'Connection': 'keep-alive', 'X-Powered-By': 'Express', 'Access-Control-Allow-Origin': '*', 'Cache-Control': 'no-cache', 'ETag': 'W/"4a1-lDU8h5IrqCGNtpdG9PhAkcT/MHI"', 'Vary': 'Accept-Encoding', 'Content-Encoding': 'gzip', 'CF-Cache-Status': 'DYNAMIC', 'Report-To': '{"endpoints":[{"url":"https:\\/\\/a.nel.cloudflare.com\\/report\\/v4?s=QEnVGXI%2Bewb%2FwOg4Z9iXLa4yYAKxAJrpI2FTzOlYb0dLYe7DitsHyUlgdxvlZhlUyt6%2B24Sh1aiVvJXN8xumchEeTMY2nn%2FwpmXOQ5HXy581pvIYYwAERVwwjmhZa%2BFa"}],"group":"cf-nel","max_age":604800}', 'NEL': '{"success_fraction":0,"report_to":"cf-nel","max_age":604800}', 'Server': 'cloudflare', 'CF-RAY': '8a2046b6dc668226-IAD', 'alt-svc': 'h3=":443"; ma=86400'} 
 body={"results":[{"gender":"male","name":{"title":"Mr","first":"Marcos","last":"Carvalho"},"location":{"street":{"number":1928,"name":"Rua São Francisco "},"city":"Campo Largo","state":"Pernambuco","country":"Brazil","postcode":72273,"coordinates":{"latitude":"-74.6545","longitude":"-131.3150"},"timezone":{"offset":"+5:30","description":"Bombay, Calcutta, Madras, New Delhi"}},"email":"marcos.carvalho@example.com","login":{"uuid":"a2b3b39b-7b16-4bc5-893e-4849b729728d","username":"bluewolf330","password":"morgan","salt":"BRgzTVwU","md5":"ec9752f58337eb993294366933690ed6","sha1":"e8dc5232e4c4123b128479dd85424977332e6917","sha256":"1ca150ae91c4f5194f999de076dfc0aef93452ffe06a249eadb8d0995678ac18"},"dob":{"date":"1975-05-15T18:06:03.463Z","age":49},"registered":{"date":"2007-07-24T23:08:50.298Z","age":16},"phone":"(74) 1541-5872","cell":"(22) 2878-9429","id":{"name":"CPF","value":"942.187.186-81"},"picture":{"large":"https://randomuser.me/api/portraits/men/58.jpg","medium":"https://randomuser.me/api/portraits/med/men/58.jpg","thumbnail":"https://randomuser.me/api/portraits/thumb/men/58.jpg"},"nat":"BR"}],"info":{"seed":"a7b003d93949f66a","results":1,"page":1,"version":"1.4"}} 
 </msg>
<msg time="2024-07-12T10:16:10.135976" level="INFO">/opt/hostedtoolcache/Python/3.12.4/x64/lib/python3.12/site-packages/urllib3/connectionpool.py:1099: InsecureRequestWarning: Unverified HTTPS request is being made to host 'randomuser.me'. Adding certificate verification is strongly advised. See: https://urllib3.readthedocs.io/en/latest/advanced-usage.html#tls-warnings
  warnings.warn(</msg>
<msg time="2024-07-12T10:16:10.136101" level="INFO">${response} = &lt;Response [200]&gt;</msg>
<var>${response}</var>
<arg>consultarAPI</arg>
<arg>/api</arg>
<doc>Sends a GET request on a previously created HTTP Session.</doc>
<status status="PASS" start="2024-07-12T10:16:10.054840" elapsed="0.081303"/>
</kw>
<kw name="Set Variable" owner="BuiltIn">
<msg time="2024-07-12T10:16:10.137415" level="INFO">${json_data} = {'results': [{'gender': 'male', 'name': {'title': 'Mr', 'first': 'Marcos', 'last': 'Carvalho'}, 'location': {'street': {'number': 1928, 'name': 'Rua São Francisco '}, 'city': 'Campo Largo', 'state': '...</msg>
<var>${json_data}</var>
<arg>${response.json()}</arg>
<doc>Returns the given values which can then be assigned to a variables.</doc>
<status status="PASS" start="2024-07-12T10:16:10.136824" elapsed="0.000622"/>
</kw>
<kw name="Log" owner="BuiltIn">
<msg time="2024-07-12T10:16:10.138000" level="INFO">{'results': [{'gender': 'male', 'name': {'title': 'Mr', 'first': 'Marcos', 'last': 'Carvalho'}, 'location': {'street': {'number': 1928, 'name': 'Rua São Francisco '}, 'city': 'Campo Largo', 'state': 'Pernambuco', 'country': 'Brazil', 'postcode': 72273, 'coordinates': {'latitude': '-74.6545', 'longitude': '-131.3150'}, 'timezone': {'offset': '+5:30', 'description': 'Bombay, Calcutta, Madras, New Delhi'}}, 'email': 'marcos.carvalho@example.com', 'login': {'uuid': 'a2b3b39b-7b16-4bc5-893e-4849b729728d', 'username': 'bluewolf330', 'password': 'morgan', 'salt': 'BRgzTVwU', 'md5': 'ec9752f58337eb993294366933690ed6', 'sha1': 'e8dc5232e4c4123b128479dd85424977332e6917', 'sha256': '1ca150ae91c4f5194f999de076dfc0aef93452ffe06a249eadb8d0995678ac18'}, 'dob': {'date': '1975-05-15T18:06:03.463Z', 'age': 49}, 'registered': {'date': '2007-07-24T23:08:50.298Z', 'age': 16}, 'phone': '(74) 1541-5872', 'cell': '(22) 2878-9429', 'id': {'name': 'CPF', 'value': '942.187.186-81'}, 'picture': {'large': 'https://randomuser.me/api/portraits/men/58.jpg', 'medium': 'https://randomuser.me/api/portraits/med/men/58.jpg', 'thumbnail': 'https://randomuser.me/api/portraits/thumb/men/58.jpg'}, 'nat': 'BR'}], 'info': {'seed': 'a7b003d93949f66a', 'results': 1, 'page': 1, 'version': '1.4'}}</msg>
<arg>${json_data}</arg>
<doc>Logs the given message with the given level.</doc>
<status status="PASS" start="2024-07-12T10:16:10.137821" elapsed="0.000235"/>
</kw>
<kw name="Should Be String" owner="String">
<arg>${json_data['results'][0]['gender']}</arg>
<doc>Fails if the given ``item`` is not a string.</doc>
<status status="PASS" start="2024-07-12T10:16:10.138376" elapsed="0.000389"/>
</kw>
<kw name="Should Match Regexp" owner="BuiltIn">
<arg>${json_data['results'][0]['email']}</arg>
<arg>^[a-zA-Z0-9._%+-]+@[a-zA-Z0-9.-]+\.[a-zA-Z]{2,}$</arg>
<doc>Fails if ``string`` does not match ``pattern`` as a regular expression.</doc>
<status status="PASS" start="2024-07-12T10:16:10.138962" elapsed="0.000582"/>
</kw>
<kw name="Should Match Regexp" owner="BuiltIn">
<arg>${json_data['results'][0]['dob']['date']}</arg>
<arg>\\d{4}-\\d{2}-\\d{2}T\\d{2}:\\d{2}:\\d{2}\\.\\d{3}Z</arg>
<doc>Fails if ``string`` does not match ``pattern`` as a regular expression.</doc>
<status status="PASS" start="2024-07-12T10:16:10.139792" elapsed="0.000731"/>
</kw>
<kw name="Should Match Regexp" owner="BuiltIn">
<arg>${json_data['results'][0]['registered']['date']}</arg>
<arg>\\d{4}-\\d{2}-\\d{2}T\\d{2}:\\d{2}:\\d{2}\\.\\d{3}Z</arg>
<doc>Fails if ``string`` does not match ``pattern`` as a regular expression.</doc>
<status status="PASS" start="2024-07-12T10:16:10.140831" elapsed="0.000637"/>
</kw>
<kw name="Should Match Regexp" owner="BuiltIn">
<arg>${json_data['results'][0]['picture']['large']}</arg>
<arg>^https?://.*\.(?:png|jpe?g|gif|bmp)$</arg>
<doc>Fails if ``string`` does not match ``pattern`` as a regular expression.</doc>
<status status="PASS" start="2024-07-12T10:16:10.141781" elapsed="0.000757"/>
</kw>
<kw name="Should Match Regexp" owner="BuiltIn">
<arg>${json_data['results'][0]['picture']['medium']}</arg>
<arg>^https?://.*\.(?:png|jpe?g|gif|bmp)$</arg>
<doc>Fails if ``string`` does not match ``pattern`` as a regular expression.</doc>
<status status="PASS" start="2024-07-12T10:16:10.142848" elapsed="0.000604"/>
</kw>
<kw name="Should Match Regexp" owner="BuiltIn">
<arg>${json_data['results'][0]['picture']['thumbnail']}</arg>
<arg>^https?://.*\.(?:png|jpe?g|gif|bmp)$</arg>
<doc>Fails if ``string`` does not match ``pattern`` as a regular expression.</doc>
<status status="PASS" start="2024-07-12T10:16:10.143801" elapsed="0.000648"/>
</kw>
<kw name="Log" owner="BuiltIn">
<msg time="2024-07-12T10:16:10.145365" level="INFO">{'large': 'https://randomuser.me/api/portraits/men/58.jpg', 'medium': 'https://randomuser.me/api/portraits/med/men/58.jpg', 'thumbnail': 'https://randomuser.me/api/portraits/thumb/men/58.jpg'}</msg>
<arg>${json_data['results'][0]['picture']}</arg>
<doc>Logs the given message with the given level.</doc>
<status status="PASS" start="2024-07-12T10:16:10.144802" elapsed="0.000630"/>
</kw>
<status status="PASS" start="2024-07-12T10:16:10.054591" elapsed="0.091241"/>
</kw>
<kw name="Teste de Tipos de Dados - Postcode" owner="random-user-service">
<kw name="GET On Session" owner="RequestsLibrary">
<msg time="2024-07-12T10:16:10.244161" level="INFO">GET Request : url=https://randomuser.me/api 
 path_url=/api 
 headers={'User-Agent': 'python-requests/2.32.3', 'Accept-Encoding': 'gzip, deflate', 'Accept': '*/*', 'Connection': 'keep-alive'} 
 body=None 
 </msg>
<msg time="2024-07-12T10:16:10.244266" level="INFO">GET Response : url=https://randomuser.me/api 
 status=200, reason=OK 
 headers={'Date': 'Fri, 12 Jul 2024 10:16:10 GMT', 'Content-Type': 'application/json; charset=utf-8', 'Transfer-Encoding': 'chunked', 'Connection': 'keep-alive', 'X-Powered-By': 'Express', 'Access-Control-Allow-Origin': '*', 'Cache-Control': 'no-cache', 'ETag': 'W/"487-Y7WC6dTzyqxIpDBFTK1GkQOLlvU"', 'Vary': 'Accept-Encoding', 'Content-Encoding': 'gzip', 'CF-Cache-Status': 'DYNAMIC', 'Report-To': '{"endpoints":[{"url":"https:\\/\\/a.nel.cloudflare.com\\/report\\/v4?s=QFhZhTjTw86fogU5GRwRowGZyR6m34VHq3CZ5TQI2yFnprdVS3gsuxr4OFjVig%2FNxJQUb7vxJeyZ56NN%2Fw1m3UkENMv4f75p%2BU8xRmSiMaq%2FDWwl%2BpAIMpwAuy1tVEgx"}],"group":"cf-nel","max_age":604800}', 'NEL': '{"success_fraction":0,"report_to":"cf-nel","max_age":604800}', 'Server': 'cloudflare', 'CF-RAY': '8a2046b76d248226-IAD', 'alt-svc': 'h3=":443"; ma=86400'} 
 body={"results":[{"gender":"female","name":{"title":"Miss","first":"Zorica","last":"Stojanović"},"location":{"street":{"number":3860,"name":"Vinogradarska"},"city":"Prizren","state":"Raška","country":"Serbia","postcode":14382,"coordinates":{"latitude":"62.9744","longitude":"96.1523"},"timezone":{"offset":"+9:30","description":"Adelaide, Darwin"}},"email":"zorica.stojanovic@example.com","login":{"uuid":"fc4e6eab-09b8-4247-98c4-4dd20ef41711","username":"goldenelephant874","password":"ronald1","salt":"KSFkqE2H","md5":"7d9dd9a1743e68430081a7e1e8c15c9f","sha1":"297135a17d4fbf96fdf178b72b3f1473ebe63e25","sha256":"40b53c4c6c6f7e60b35d625dfa1267eb625280f67ac1dcc5bd7b599ae79a44a3"},"dob":{"date":"1992-09-15T23:21:43.916Z","age":31},"registered":{"date":"2005-10-08T01:31:03.401Z","age":18},"phone":"039-3140-031","cell":"066-0358-178","id":{"name":"SID","value":"037105699"},"picture":{"large":"https://randomuser.me/api/portraits/women/2.jpg","medium":"https://randomuser.me/api/portraits/med/women/2.jpg","thumbnail":"https://randomuser.me/api/portraits/thumb/women/2.jpg"},"nat":"RS"}],"info":{"seed":"8f5f0269bbeb9981","results":1,"page":1,"version":"1.4"}} 
 </msg>
<msg time="2024-07-12T10:16:10.244347" level="INFO">/opt/hostedtoolcache/Python/3.12.4/x64/lib/python3.12/site-packages/urllib3/connectionpool.py:1099: InsecureRequestWarning: Unverified HTTPS request is being made to host 'randomuser.me'. Adding certificate verification is strongly advised. See: https://urllib3.readthedocs.io/en/latest/advanced-usage.html#tls-warnings
  warnings.warn(</msg>
<msg time="2024-07-12T10:16:10.244472" level="INFO">${response} = &lt;Response [200]&gt;</msg>
<var>${response}</var>
<arg>consultarAPI</arg>
<arg>/api</arg>
<doc>Sends a GET request on a previously created HTTP Session.</doc>
<status status="PASS" start="2024-07-12T10:16:10.146435" elapsed="0.098068"/>
</kw>
<kw name="Set Variable" owner="BuiltIn">
<msg time="2024-07-12T10:16:10.245641" level="INFO">${json_data} = {'results': [{'gender': 'female', 'name': {'title': 'Miss', 'first': 'Zorica', 'last': 'Stojanović'}, 'location': {'street': {'number': 3860, 'name': 'Vinogradarska'}, 'city': 'Prizren', 'state': 'Raš...</msg>
<var>${json_data}</var>
<arg>${response.json()}</arg>
<doc>Returns the given values which can then be assigned to a variables.</doc>
<status status="PASS" start="2024-07-12T10:16:10.245089" elapsed="0.000584"/>
</kw>
<kw name="Log" owner="BuiltIn">
<msg time="2024-07-12T10:16:10.246227" level="INFO">{'results': [{'gender': 'female', 'name': {'title': 'Miss', 'first': 'Zorica', 'last': 'Stojanović'}, 'location': {'street': {'number': 3860, 'name': 'Vinogradarska'}, 'city': 'Prizren', 'state': 'Raška', 'country': 'Serbia', 'postcode': 14382, 'coordinates': {'latitude': '62.9744', 'longitude': '96.1523'}, 'timezone': {'offset': '+9:30', 'description': 'Adelaide, Darwin'}}, 'email': 'zorica.stojanovic@example.com', 'login': {'uuid': 'fc4e6eab-09b8-4247-98c4-4dd20ef41711', 'username': 'goldenelephant874', 'password': 'ronald1', 'salt': 'KSFkqE2H', 'md5': '7d9dd9a1743e68430081a7e1e8c15c9f', 'sha1': '297135a17d4fbf96fdf178b72b3f1473ebe63e25', 'sha256': '40b53c4c6c6f7e60b35d625dfa1267eb625280f67ac1dcc5bd7b599ae79a44a3'}, 'dob': {'date': '1992-09-15T23:21:43.916Z', 'age': 31}, 'registered': {'date': '2005-10-08T01:31:03.401Z', 'age': 18}, 'phone': '039-3140-031', 'cell': '066-0358-178', 'id': {'name': 'SID', 'value': '037105699'}, 'picture': {'large': 'https://randomuser.me/api/portraits/women/2.jpg', 'medium': 'https://randomuser.me/api/portraits/med/women/2.jpg', 'thumbnail': 'https://randomuser.me/api/portraits/thumb/women/2.jpg'}, 'nat': 'RS'}], 'info': {'seed': '8f5f0269bbeb9981', 'results': 1, 'page': 1, 'version': '1.4'}}</msg>
<arg>${json_data}</arg>
<doc>Logs the given message with the given level.</doc>
<status status="PASS" start="2024-07-12T10:16:10.246032" elapsed="0.000252"/>
</kw>
<kw name="Should Be Equal As Numbers" owner="BuiltIn">
<arg>${json_data['results'][0]['location']['postcode']}</arg>
<arg>${json_data['results'][0]['location']['postcode']}</arg>
<doc>Fails if objects are unequal after converting them to real numbers.</doc>
<status status="PASS" start="2024-07-12T10:16:10.246599" elapsed="0.000649"/>
</kw>
<kw name="Log" owner="BuiltIn">
<msg time="2024-07-12T10:16:10.248012" level="INFO">14382</msg>
<arg>${json_data['results'][0]['location']['postcode']}</arg>
<doc>Logs the given message with the given level.</doc>
<status status="PASS" start="2024-07-12T10:16:10.247442" elapsed="0.000649"/>
</kw>
<status status="PASS" start="2024-07-12T10:16:10.146150" elapsed="0.102208"/>
</kw>
<doc>Testa se os tipos de dados na resposta da API estão corretos.</doc>
<tag>testeTiposDados</tag>
<status status="PASS" start="2024-07-12T10:16:10.054026" elapsed="0.194501"/>
</test>
<test id="s1-s1-t5" name="Validar conteudo" line="35">
<kw name="Teste de Tipos de Conteudo" owner="random-user-service">
<kw name="GET On Session" owner="RequestsLibrary">
<msg time="2024-07-12T10:16:10.347935" level="INFO">GET Request : url=https://randomuser.me/api 
 path_url=/api 
 headers={'User-Agent': 'python-requests/2.32.3', 'Accept-Encoding': 'gzip, deflate', 'Accept': '*/*', 'Connection': 'keep-alive'} 
 body=None 
 </msg>
<msg time="2024-07-12T10:16:10.348059" level="INFO">GET Response : url=https://randomuser.me/api 
 status=200, reason=OK 
 headers={'Date': 'Fri, 12 Jul 2024 10:16:10 GMT', 'Content-Type': 'application/json; charset=utf-8', 'Transfer-Encoding': 'chunked', 'Connection': 'keep-alive', 'X-Powered-By': 'Express', 'Access-Control-Allow-Origin': '*', 'Cache-Control': 'no-cache', 'ETag': 'W/"4b6-U4zqKXiBN+IwQ1is8X/saltWDDo"', 'Vary': 'Accept-Encoding', 'Content-Encoding': 'gzip', 'CF-Cache-Status': 'DYNAMIC', 'Report-To': '{"endpoints":[{"url":"https:\\/\\/a.nel.cloudflare.com\\/report\\/v4?s=oBL6zQYw8zplD%2F5e6T4PIxLQ9aR99TF4hFdOOQ0F%2Fxj4GG2iTndJF7gBruCTxRkh31dOWfKPSwak75RPIaOchkmZ0%2FwCjW54Bs1GxcOdnWbcLMICIXFnCYDfoyqM6WdD"}],"group":"cf-nel","max_age":604800}', 'NEL': '{"success_fraction":0,"report_to":"cf-nel","max_age":604800}', 'Server': 'cloudflare', 'CF-RAY': '8a2046b81dd68226-IAD', 'alt-svc': 'h3=":443"; ma=86400'} 
 body={"results":[{"gender":"male","name":{"title":"Mr","first":"Adelindo","last":"da Luz"},"location":{"street":{"number":8560,"name":"Avenida Vinícius de Morais"},"city":"Teresina","state":"Minas Gerais","country":"Brazil","postcode":30612,"coordinates":{"latitude":"-77.3734","longitude":"-64.5587"},"timezone":{"offset":"+3:00","description":"Baghdad, Riyadh, Moscow, St. Petersburg"}},"email":"adelindo.daluz@example.com","login":{"uuid":"048d1e73-19f5-43a1-a456-131a104824c7","username":"goldengorilla163","password":"contortionist","salt":"fK7woNhN","md5":"818928725122ae18cd5435a6de579fd8","sha1":"4c3216d08b2030109839791bccb84405a26cffad","sha256":"88b5b4e91a34c6c8f491b3bf9a4b3107d6b18062f8e6b4e9d987905f4b159d98"},"dob":{"date":"1957-06-06T19:31:53.393Z","age":67},"registered":{"date":"2003-08-06T02:20:36.429Z","age":20},"phone":"(00) 2512-7480","cell":"(34) 4808-2413","id":{"name":"CPF","value":"332.654.363-40"},"picture":{"large":"https://randomuser.me/api/portraits/men/68.jpg","medium":"https://randomuser.me/api/portraits/med/men/68.jpg","thumbnail":"https://randomuser.me/api/portraits/thumb/men/68.jpg"},"nat":"BR"}],"info":{"seed":"4de382ec80512ac8","results":1,"page":1,"version":"1.4"}} 
 </msg>
<msg time="2024-07-12T10:16:10.348179" level="INFO">/opt/hostedtoolcache/Python/3.12.4/x64/lib/python3.12/site-packages/urllib3/connectionpool.py:1099: InsecureRequestWarning: Unverified HTTPS request is being made to host 'randomuser.me'. Adding certificate verification is strongly advised. See: https://urllib3.readthedocs.io/en/latest/advanced-usage.html#tls-warnings
  warnings.warn(</msg>
<msg time="2024-07-12T10:16:10.348342" level="INFO">${response} = &lt;Response [200]&gt;</msg>
<var>${response}</var>
<arg>consultarAPI</arg>
<arg>/api</arg>
<doc>Sends a GET request on a previously created HTTP Session.</doc>
<status status="PASS" start="2024-07-12T10:16:10.251035" elapsed="0.097356"/>
</kw>
<kw name="Set Variable" owner="BuiltIn">
<msg time="2024-07-12T10:16:10.349806" level="INFO">${json_data} = {'results': [{'gender': 'male', 'name': {'title': 'Mr', 'first': 'Adelindo', 'last': 'da Luz'}, 'location': {'street': {'number': 8560, 'name': 'Avenida Vinícius de Morais'}, 'city': 'Teresina', 'stat...</msg>
<var>${json_data}</var>
<arg>${response.json()}</arg>
<doc>Returns the given values which can then be assigned to a variables.</doc>
<status status="PASS" start="2024-07-12T10:16:10.349037" elapsed="0.000819"/>
</kw>
<kw name="Set Variable" owner="BuiltIn">
<msg time="2024-07-12T10:16:10.350957" level="INFO">${name_title} = Mr</msg>
<var>${name_title}</var>
<arg>${json_data["results"][0]["name"]["title"]}</arg>
<doc>Returns the given values which can then be assigned to a variables.</doc>
<status status="PASS" start="2024-07-12T10:16:10.350317" elapsed="0.000685"/>
</kw>
<kw name="Create List" owner="BuiltIn">
<msg time="2024-07-12T10:16:10.351747" level="INFO">${allowed_titles} = ['Mr', 'Ms', 'Miss', 'Mrs', 'Madame', 'Monsieur']</msg>
<var>${allowed_titles}</var>
<arg>Mr</arg>
<arg>Ms</arg>
<arg>Miss</arg>
<arg>Mrs</arg>
<arg>Madame</arg>
<arg>Monsieur</arg>
<doc>Returns a list containing given items.</doc>
<status status="PASS" start="2024-07-12T10:16:10.351486" elapsed="0.000299"/>
</kw>
<kw name="List Should Contain Value" owner="Collections">
<arg>${allowed_titles}</arg>
<arg>${name_title}</arg>
<doc>Fails if the ``value`` is not found from ``list``.</doc>
<status status="PASS" start="2024-07-12T10:16:10.352231" elapsed="0.000288"/>
</kw>
<kw name="Set Variable" owner="BuiltIn">
<msg time="2024-07-12T10:16:10.353436" level="INFO">${name_country} = BR</msg>
<var>${name_country}</var>
<arg>${json_data["results"][0]["nat"]}</arg>
<doc>Returns the given values which can then be assigned to a variables.</doc>
<status status="PASS" start="2024-07-12T10:16:10.352812" elapsed="0.000669"/>
</kw>
<kw name="Create List" owner="BuiltIn">
<msg time="2024-07-12T10:16:10.355063" level="INFO">${list_country} = ['AD', 'AE', 'AF', 'AG', 'AI', 'AL', 'AM', 'AO', 'AQ', 'AR', 'AS', 'AT', 'AU', 'AW', 'AX', 'AZ', 'BA', 'BB', 'BD', 'BE', 'BF', 'BG', 'BH', 'BI', 'BJ', 'BL', 'BM', 'BN', 'BO', 'BQ', 'BR', 'BS', 'BT', '...</msg>
<var>${list_country}</var>
<arg>AD</arg>
<arg>AE</arg>
<arg>AF</arg>
<arg>AG</arg>
<arg>AI</arg>
<arg>AL</arg>
<arg>AM</arg>
<arg>AO</arg>
<arg>AQ</arg>
<arg>AR</arg>
<arg>AS</arg>
<arg>AT</arg>
<arg>AU</arg>
<arg>AW</arg>
<arg>AX</arg>
<arg>AZ</arg>
<arg>BA</arg>
<arg>BB</arg>
<arg>BD</arg>
<arg>BE</arg>
<arg>BF</arg>
<arg>BG</arg>
<arg>BH</arg>
<arg>BI</arg>
<arg>BJ</arg>
<arg>BL</arg>
<arg>BM</arg>
<arg>BN</arg>
<arg>BO</arg>
<arg>BQ</arg>
<arg>BR</arg>
<arg>BS</arg>
<arg>BT</arg>
<arg>BV</arg>
<arg>BW</arg>
<arg>BY</arg>
<arg>BZ</arg>
<arg>CA</arg>
<arg>CC</arg>
<arg>CD</arg>
<arg>CF</arg>
<arg>CG</arg>
<arg>CH</arg>
<arg>CI</arg>
<arg>CK</arg>
<arg>CL</arg>
<arg>CM</arg>
<arg>CN</arg>
<arg>CO</arg>
<arg>CR</arg>
<arg>CU</arg>
<arg>CV</arg>
<arg>CW</arg>
<arg>CX</arg>
<arg>CY</arg>
<arg>CZ</arg>
<arg>DE</arg>
<arg>DJ</arg>
<arg>DK</arg>
<arg>DM</arg>
<arg>DO</arg>
<arg>DZ</arg>
<arg>EC</arg>
<arg>EE</arg>
<arg>EG</arg>
<arg>EH</arg>
<arg>ER</arg>
<arg>ES</arg>
<arg>ET</arg>
<arg>FI</arg>
<arg>FJ</arg>
<arg>FK</arg>
<arg>FM</arg>
<arg>FO</arg>
<arg>FR</arg>
<arg>GA</arg>
<arg>GB</arg>
<arg>GD</arg>
<arg>GE</arg>
<arg>GF</arg>
<arg>GG</arg>
<arg>GH</arg>
<arg>GI</arg>
<arg>GL</arg>
<arg>GM</arg>
<arg>GN</arg>
<arg>GP</arg>
<arg>GQ</arg>
<arg>GR</arg>
<arg>GS</arg>
<arg>GT</arg>
<arg>GU</arg>
<arg>GW</arg>
<arg>GY</arg>
<arg>HK</arg>
<arg>HM</arg>
<arg>HN</arg>
<arg>HR</arg>
<arg>HT</arg>
<arg>HU</arg>
<arg>ID</arg>
<arg>IE</arg>
<arg>IL</arg>
<arg>IM</arg>
<arg>IN</arg>
<arg>IO</arg>
<arg>IQ</arg>
<arg>IR</arg>
<arg>IS</arg>
<arg>IT</arg>
<arg>JE</arg>
<arg>JM</arg>
<arg>JO</arg>
<arg>JP</arg>
<arg>KE</arg>
<arg>KG</arg>
<arg>KH</arg>
<arg>KI</arg>
<arg>KM</arg>
<arg>KN</arg>
<arg>KP</arg>
<arg>KR</arg>
<arg>KW</arg>
<arg>KY</arg>
<arg>KZ</arg>
<arg>LA</arg>
<arg>LB</arg>
<arg>LC</arg>
<arg>LI</arg>
<arg>LK</arg>
<arg>LR</arg>
<arg>LS</arg>
<arg>LT</arg>
<arg>LU</arg>
<arg>LV</arg>
<arg>LY</arg>
<arg>MA</arg>
<arg>MC</arg>
<arg>MD</arg>
<arg>ME</arg>
<arg>MF</arg>
<arg>MG</arg>
<arg>MH</arg>
<arg>MK</arg>
<arg>ML</arg>
<arg>MM</arg>
<arg>MN</arg>
<arg>MO</arg>
<arg>MP</arg>
<arg>MQ</arg>
<arg>MR</arg>
<arg>MS</arg>
<arg>MT</arg>
<arg>MU</arg>
<arg>MV</arg>
<arg>MW</arg>
<arg>MX</arg>
<arg>MY</arg>
<arg>MZ</arg>
<arg>NA</arg>
<arg>NC</arg>
<arg>NE</arg>
<arg>NF</arg>
<arg>NG</arg>
<arg>NI</arg>
<arg>NL</arg>
<arg>NO</arg>
<arg>NP</arg>
<arg>NR</arg>
<arg>NU</arg>
<arg>NZ</arg>
<arg>OM</arg>
<arg>PA</arg>
<arg>PE</arg>
<arg>PF</arg>
<arg>PG</arg>
<arg>PH</arg>
<arg>PK</arg>
<arg>PL</arg>
<arg>PM</arg>
<arg>PN</arg>
<arg>PR</arg>
<arg>PS</arg>
<arg>PT</arg>
<arg>PW</arg>
<arg>PY</arg>
<arg>QA</arg>
<arg>RE</arg>
<arg>RO</arg>
<arg>RS</arg>
<arg>RU</arg>
<arg>RW</arg>
<arg>SA</arg>
<arg>SB</arg>
<arg>SC</arg>
<arg>SD</arg>
<arg>SE</arg>
<arg>SG</arg>
<arg>SH</arg>
<arg>SI</arg>
<arg>SJ</arg>
<arg>SK</arg>
<arg>SL</arg>
<arg>SM</arg>
<arg>SN</arg>
<arg>SO</arg>
<arg>SR</arg>
<arg>SS</arg>
<arg>ST</arg>
<arg>SV</arg>
<arg>SX</arg>
<arg>SY</arg>
<arg>SZ</arg>
<arg>TC</arg>
<arg>TD</arg>
<arg>TF</arg>
<arg>TG</arg>
<arg>TH</arg>
<arg>TJ</arg>
<arg>TK</arg>
<arg>TL</arg>
<arg>TM</arg>
<arg>TN</arg>
<arg>TO</arg>
<arg>TR</arg>
<arg>TT</arg>
<arg>TV</arg>
<arg>TW</arg>
<arg>TZ</arg>
<arg>UA</arg>
<arg>UG</arg>
<arg>UM</arg>
<arg>US</arg>
<arg>UY</arg>
<arg>UZ</arg>
<arg>VA</arg>
<arg>VC</arg>
<arg>VE</arg>
<arg>VG</arg>
<arg>VI</arg>
<arg>VN</arg>
<arg>VU</arg>
<arg>WF</arg>
<arg>WS</arg>
<arg>XK</arg>
<arg>YE</arg>
<arg>YT</arg>
<arg>ZA</arg>
<arg>ZM</arg>
<arg>ZW</arg>
<doc>Returns a list containing given items.</doc>
<status status="PASS" start="2024-07-12T10:16:10.353944" elapsed="0.001163"/>
</kw>
<kw name="List Should Contain Value" owner="Collections">
<arg>${list_country}</arg>
<arg>${name_country}</arg>
<doc>Fails if the ``value`` is not found from ``list``.</doc>
<status status="PASS" start="2024-07-12T10:16:10.356526" elapsed="0.000347"/>
</kw>
<kw name="Run Keyword If" owner="BuiltIn">
<kw name="Should Be True" owner="BuiltIn">
<arg>${True}</arg>
<doc>Fails if the given condition is not true.</doc>
<status status="PASS" start="2024-07-12T10:16:10.358465" elapsed="0.000234"/>
</kw>
<arg>${json_data["results"][0]["location"]["coordinates"]["latitude"]} &gt;= -90 and ${json_data["results"][0]["location"]["coordinates"]["latitude"]} &lt;= 90</arg>
<arg>Should Be True</arg>
<arg>${True}</arg>
<doc>Runs the given keyword with the given arguments, if ``condition`` is true.</doc>
<status status="PASS" start="2024-07-12T10:16:10.357226" elapsed="0.001698"/>
</kw>
<kw name="Run Keyword If" owner="BuiltIn">
<kw name="Should Be True" owner="BuiltIn">
<arg>${True}</arg>
<doc>Fails if the given condition is not true.</doc>
<status status="PASS" start="2024-07-12T10:16:10.360428" elapsed="0.000367"/>
</kw>
<arg>${json_data["results"][0]["location"]["coordinates"]["longitude"]} &gt;= -180 and ${json_data["results"][0]["location"]["coordinates"]["longitude"]} &lt;= 180</arg>
<arg>Should Be True</arg>
<arg>${True}</arg>
<doc>Runs the given keyword with the given arguments, if ``condition`` is true.</doc>
<status status="PASS" start="2024-07-12T10:16:10.359259" elapsed="0.001760"/>
</kw>
<status status="PASS" start="2024-07-12T10:16:10.250804" elapsed="0.110474"/>
</kw>
<doc>Testa o conteúdo específico dos campos retornados pela API.</doc>
<tag>testeConteudo</tag>
<status status="PASS" start="2024-07-12T10:16:10.250311" elapsed="0.111245"/>
</test>
<status status="PASS" start="2024-07-12T10:16:09.423051" elapsed="0.942102"/>
</suite>
<status status="PASS" start="2024-07-12T10:16:09.408534" elapsed="0.965308"/>
</suite>
<statistics>
<total>
<stat pass="5" fail="0" skip="0">All Tests</stat>
</total>
<tag>
<stat pass="1" fail="0" skip="0">testeConteudo</stat>
<stat pass="1" fail="0" skip="0">testeEstruturaResposta</stat>
<stat pass="1" fail="0" skip="0">testeRequisicaoBasica</stat>
<stat pass="1" fail="0" skip="0">testeTiposDados</stat>
</tag>
<suite>
<stat pass="5" fail="0" skip="0" id="s1" name="Tests">Tests</stat>
<stat pass="5" fail="0" skip="0" id="s1-s1" name="Random-User-Test">Tests.Random-User-Test</stat>
</suite>
</statistics>
<errors>
</errors>
</robot>
