<?xml version="1.0" encoding="UTF-8"?>
<robot generator="Robot 7.0.1 (Python 3.12.4 on linux)" generated="2024-08-02T01:08:10.954983" rpa="false" schemaversion="5">
<suite id="s1" name="Tests" source="/home/runner/work/ApiRandomUser/ApiRandomUser/RamdonUser/tests">
<suite id="s1-s1" name="Random-User-Test" source="/home/runner/work/ApiRandomUser/ApiRandomUser/RamdonUser/tests/random-user-test.robot">
<test id="s1-s1-t1" name="Conectar" line="13">
<kw name="Conectar API" owner="random-user-service">
<kw name="Create Session" owner="RequestsLibrary">
<msg time="2024-08-02T01:08:11.345744" level="INFO">Creating Session using : alias=consultarAPI, url=https://randomuser.me/, headers={},                     cookies={}, auth=None, timeout=None, proxies=None, verify=False,                     debug=0 </msg>
<arg>consultarAPI</arg>
<arg>${URL}</arg>
<doc>Create Session: create a HTTP session to a server</doc>
<status status="PASS" start="2024-08-02T01:08:11.345545" elapsed="0.000373"/>
</kw>
<status status="PASS" start="2024-08-02T01:08:11.344536" elapsed="0.001733"/>
</kw>
<status status="PASS" start="2024-08-02T01:08:11.344014" elapsed="0.002448"/>
</test>
<test id="s1-s1-t2" name="Validar retorno 200 e JSON Válido" line="16">
<kw name="Teste de Requisicao Basica" owner="random-user-service">
<kw name="GET On Session" owner="RequestsLibrary">
<msg time="2024-08-02T01:08:11.464218" level="INFO">GET Request : url=https://randomuser.me/api 
 path_url=/api 
 headers={'User-Agent': 'python-requests/2.32.3', 'Accept-Encoding': 'gzip, deflate', 'Accept': '*/*', 'Connection': 'keep-alive'} 
 body=None 
 </msg>
<msg time="2024-08-02T01:08:11.464344" level="INFO">GET Response : url=https://randomuser.me/api 
 status=200, reason=OK 
 headers={'Date': 'Fri, 02 Aug 2024 01:08:11 GMT', 'Content-Type': 'application/json; charset=utf-8', 'Transfer-Encoding': 'chunked', 'Connection': 'keep-alive', 'X-Powered-By': 'Express', 'Access-Control-Allow-Origin': '*', 'Cache-Control': 'no-cache', 'ETag': 'W/"4b5-peoSCH9u//1fI3EZzlCZDN8yGdw"', 'Vary': 'Accept-Encoding', 'Content-Encoding': 'gzip', 'CF-Cache-Status': 'DYNAMIC', 'Report-To': '{"endpoints":[{"url":"https:\\/\\/a.nel.cloudflare.com\\/report\\/v4?s=AC16Soh%2FWFNaKUrlYFeqryUqkAyN%2BvAh4Bx6YCBTXBcycAnDJNeHVKOt1zXoVGNUiR1k%2FO7QKXFhg6HFSjrK7BAD45M%2FwNZHy6IRov7VMq1zTtUUbMRbVEZxHFUL8cCO"}],"group":"cf-nel","max_age":604800}', 'NEL': '{"success_fraction":0,"report_to":"cf-nel","max_age":604800}', 'Server': 'cloudflare', 'CF-RAY': '8aca2ce32f85125b-ORD', 'alt-svc': 'h3=":443"; ma=86400'} 
 body={"results":[{"gender":"male","name":{"title":"Monsieur","first":"Ethan","last":"Picard"},"location":{"street":{"number":7170,"name":"Avenue du Fort-Caire"},"city":"Trimbach","state":"Appenzell Ausserrhoden","country":"Switzerland","postcode":7484,"coordinates":{"latitude":"-56.8456","longitude":"-94.5056"},"timezone":{"offset":"-5:00","description":"Eastern Time (US &amp; Canada), Bogota, Lima"}},"email":"ethan.picard@example.com","login":{"uuid":"4d4b1d18-d211-4ad1-9689-5487b2ad7eba","username":"lazymouse404","password":"hhhhhhh","salt":"2kfhP2gu","md5":"e0b67ba3cda38e79ca57b5599e20e77e","sha1":"f0743cafc1fb0aea16e7e6b1492b2adc6319304d","sha256":"611b20a74f2ccc0de12cb0e9b07c702170acc09713515c327b348b84243c2322"},"dob":{"date":"1958-12-25T13:46:25.546Z","age":65},"registered":{"date":"2012-10-12T17:34:36.670Z","age":11},"phone":"075 684 96 62","cell":"078 816 87 40","id":{"name":"AVS","value":"756.5986.2446.17"},"picture":{"large":"https://randomuser.me/api/portraits/men/44.jpg","medium":"https://randomuser.me/api/portraits/med/men/44.jpg","thumbnail":"https://randomuser.me/api/portraits/thumb/men/44.jpg"},"nat":"CH"}],"info":{"seed":"97490efa443470e4","results":1,"page":1,"version":"1.4"}} 
 </msg>
<msg time="2024-08-02T01:08:11.464423" level="INFO">/opt/hostedtoolcache/Python/3.12.4/x64/lib/python3.12/site-packages/urllib3/connectionpool.py:1099: InsecureRequestWarning: Unverified HTTPS request is being made to host 'randomuser.me'. Adding certificate verification is strongly advised. See: https://urllib3.readthedocs.io/en/latest/advanced-usage.html#tls-warnings
  warnings.warn(</msg>
<msg time="2024-08-02T01:08:11.464559" level="INFO">${response} = &lt;Response [200]&gt;</msg>
<var>${response}</var>
<arg>consultarAPI</arg>
<arg>/api</arg>
<doc>Sends a GET request on a previously created HTTP Session.</doc>
<status status="PASS" start="2024-08-02T01:08:11.349078" elapsed="0.115524"/>
</kw>
<kw name="Should Be Equal As Numbers" owner="BuiltIn">
<msg time="2024-08-02T01:08:11.465634" level="INFO">Argument types are:
&lt;class 'int'&gt;
&lt;class 'str'&gt;</msg>
<arg>${response.status_code}</arg>
<arg>200</arg>
<doc>Fails if objects are unequal after converting them to real numbers.</doc>
<status status="PASS" start="2024-08-02T01:08:11.465146" elapsed="0.000553"/>
</kw>
<kw name="Log" owner="BuiltIn">
<msg time="2024-08-02T01:08:11.466381" level="INFO">200</msg>
<arg>${response.status_code}</arg>
<doc>Logs the given message with the given level.</doc>
<status status="PASS" start="2024-08-02T01:08:11.466024" elapsed="0.000400"/>
</kw>
<kw name="Set Variable" owner="BuiltIn">
<msg time="2024-08-02T01:08:11.467204" level="INFO">${json_data} = {'results': [{'gender': 'male', 'name': {'title': 'Monsieur', 'first': 'Ethan', 'last': 'Picard'}, 'location': {'street': {'number': 7170, 'name': 'Avenue du Fort-Caire'}, 'city': 'Trimbach', 'state':...</msg>
<var>${json_data}</var>
<arg>${response.json()}</arg>
<doc>Returns the given values which can then be assigned to a variables.</doc>
<status status="PASS" start="2024-08-02T01:08:11.466736" elapsed="0.000498"/>
</kw>
<kw name="Dictionary Should Contain Key" owner="Collections">
<arg>${json_data}</arg>
<arg>results</arg>
<doc>Fails if ``key`` is not found from ``dictionary``.</doc>
<status status="PASS" start="2024-08-02T01:08:11.467545" elapsed="0.000318"/>
</kw>
<status status="PASS" start="2024-08-02T01:08:11.348830" elapsed="0.119190"/>
</kw>
<doc>Testa se a API responde corretamente e retorna um objeto JSON válido.</doc>
<tag>testeRequisicaoBasica</tag>
<status status="PASS" start="2024-08-02T01:08:11.348379" elapsed="0.119807"/>
</test>
<test id="s1-s1-t3" name="Validar estrutura de resposta" line="22">
<kw name="Teste de Estrutura de Resposta" owner="random-user-service">
<kw name="GET On Session" owner="RequestsLibrary">
<msg time="2024-08-02T01:08:11.538856" level="INFO">GET Request : url=https://randomuser.me/api 
 path_url=/api 
 headers={'User-Agent': 'python-requests/2.32.3', 'Accept-Encoding': 'gzip, deflate', 'Accept': '*/*', 'Connection': 'keep-alive'} 
 body=None 
 </msg>
<msg time="2024-08-02T01:08:11.538982" level="INFO">GET Response : url=https://randomuser.me/api 
 status=200, reason=OK 
 headers={'Date': 'Fri, 02 Aug 2024 01:08:11 GMT', 'Content-Type': 'application/json; charset=utf-8', 'Transfer-Encoding': 'chunked', 'Connection': 'keep-alive', 'X-Powered-By': 'Express', 'Access-Control-Allow-Origin': '*', 'Cache-Control': 'no-cache', 'ETag': 'W/"497-G3iD3pW0XY4MGtZo27DDdpbiHnI"', 'Vary': 'Accept-Encoding', 'Content-Encoding': 'gzip', 'CF-Cache-Status': 'DYNAMIC', 'Report-To': '{"endpoints":[{"url":"https:\\/\\/a.nel.cloudflare.com\\/report\\/v4?s=SGfEucA%2BzQyd9CctIOFZI2%2BQFf3ZDTL5K%2FvuYPh5DXhYqE9JUy1w4ypj7ypi8h6Ui%2BztQXW5TxDe%2B4vJhVJaZfrhFrKcuWvn2yHWLRxAFsoIDMzgQqnBzW0yUXoXcJns"}],"group":"cf-nel","max_age":604800}', 'NEL': '{"success_fraction":0,"report_to":"cf-nel","max_age":604800}', 'Server': 'cloudflare', 'CF-RAY': '8aca2ce3b853125b-ORD', 'alt-svc': 'h3=":443"; ma=86400'} 
 body={"results":[{"gender":"male","name":{"title":"Mr","first":"محمدعلی","last":"پارسا"},"location":{"street":{"number":4646,"name":"دکتر لواسانی"},"city":"ارومیه","state":"کرمان","country":"Iran","postcode":25995,"coordinates":{"latitude":"19.1555","longitude":"-33.9068"},"timezone":{"offset":"+8:00","description":"Beijing, Perth, Singapore, Hong Kong"}},"email":"mhmdaaly.prs@example.com","login":{"uuid":"ccd741d2-5bff-417d-9514-afe3b82c5e78","username":"bigfish681","password":"flower1","salt":"uR00fB2v","md5":"25420172b36bc46551b41b2174f03247","sha1":"b7e0756f3fd523294f6453421e920db03041cb5d","sha256":"3164d19dd3b462cc8ce849af43fc261132a0f7f547b868c87d6bdb1bad857c8b"},"dob":{"date":"2000-07-12T19:44:38.003Z","age":24},"registered":{"date":"2020-12-16T08:27:24.343Z","age":3},"phone":"075-17394595","cell":"0982-696-2229","id":{"name":"","value":null},"picture":{"large":"https://randomuser.me/api/portraits/men/22.jpg","medium":"https://randomuser.me/api/portraits/med/men/22.jpg","thumbnail":"https://randomuser.me/api/portraits/thumb/men/22.jpg"},"nat":"IR"}],"info":{"seed":"0162f9757635b8a0","results":1,"page":1,"version":"1.4"}} 
 </msg>
<msg time="2024-08-02T01:08:11.539098" level="INFO">/opt/hostedtoolcache/Python/3.12.4/x64/lib/python3.12/site-packages/urllib3/connectionpool.py:1099: InsecureRequestWarning: Unverified HTTPS request is being made to host 'randomuser.me'. Adding certificate verification is strongly advised. See: https://urllib3.readthedocs.io/en/latest/advanced-usage.html#tls-warnings
  warnings.warn(</msg>
<msg time="2024-08-02T01:08:11.539195" level="INFO">${response} = &lt;Response [200]&gt;</msg>
<var>${response}</var>
<arg>consultarAPI</arg>
<arg>/api</arg>
<doc>Sends a GET request on a previously created HTTP Session.</doc>
<status status="PASS" start="2024-08-02T01:08:11.470706" elapsed="0.068531"/>
</kw>
<kw name="Set Variable" owner="BuiltIn">
<msg time="2024-08-02T01:08:11.540300" level="INFO">${json_data} = {'results': [{'gender': 'male', 'name': {'title': 'Mr', 'first': 'محمدعلی', 'last': 'پارسا'}, 'location': {'street': {'number': 4646, 'name': 'دکتر لواسانی'}, 'city': 'ارومیه', 'state': 'کرمان', 'coun...</msg>
<var>${json_data}</var>
<arg>${response.json()}</arg>
<doc>Returns the given values which can then be assigned to a variables.</doc>
<status status="PASS" start="2024-08-02T01:08:11.539701" elapsed="0.000629"/>
</kw>
<kw name="Log" owner="BuiltIn">
<msg time="2024-08-02T01:08:11.540805" level="INFO">{'results': [{'gender': 'male', 'name': {'title': 'Mr', 'first': 'محمدعلی', 'last': 'پارسا'}, 'location': {'street': {'number': 4646, 'name': 'دکتر لواسانی'}, 'city': 'ارومیه', 'state': 'کرمان', 'country': 'Iran', 'postcode': 25995, 'coordinates': {'latitude': '19.1555', 'longitude': '-33.9068'}, 'timezone': {'offset': '+8:00', 'description': 'Beijing, Perth, Singapore, Hong Kong'}}, 'email': 'mhmdaaly.prs@example.com', 'login': {'uuid': 'ccd741d2-5bff-417d-9514-afe3b82c5e78', 'username': 'bigfish681', 'password': 'flower1', 'salt': 'uR00fB2v', 'md5': '25420172b36bc46551b41b2174f03247', 'sha1': 'b7e0756f3fd523294f6453421e920db03041cb5d', 'sha256': '3164d19dd3b462cc8ce849af43fc261132a0f7f547b868c87d6bdb1bad857c8b'}, 'dob': {'date': '2000-07-12T19:44:38.003Z', 'age': 24}, 'registered': {'date': '2020-12-16T08:27:24.343Z', 'age': 3}, 'phone': '075-17394595', 'cell': '0982-696-2229', 'id': {'name': '', 'value': None}, 'picture': {'large': 'https://randomuser.me/api/portraits/men/22.jpg', 'medium': 'https://randomuser.me/api/portraits/med/men/22.jpg', 'thumbnail': 'https://randomuser.me/api/portraits/thumb/men/22.jpg'}, 'nat': 'IR'}], 'info': {'seed': '0162f9757635b8a0', 'results': 1, 'page': 1, 'version': '1.4'}}</msg>
<arg>${json_data}</arg>
<doc>Logs the given message with the given level.</doc>
<status status="PASS" start="2024-08-02T01:08:11.540639" elapsed="0.000216"/>
</kw>
<kw name="Dictionary Should Contain Key" owner="Collections">
<arg>${json_data}</arg>
<arg>results</arg>
<doc>Fails if ``key`` is not found from ``dictionary``.</doc>
<status status="PASS" start="2024-08-02T01:08:11.541153" elapsed="0.000160"/>
</kw>
<kw name="Should Not Be Empty" owner="BuiltIn">
<msg time="2024-08-02T01:08:11.541629" level="INFO">Length is 2.</msg>
<arg>${json_data}</arg>
<doc>Verifies that the given item is not empty.</doc>
<status status="PASS" start="2024-08-02T01:08:11.541499" elapsed="0.000168"/>
</kw>
<kw name="Create List" owner="BuiltIn">
<msg time="2024-08-02T01:08:11.542109" level="INFO">${expected_keys} = ['gender', 'name', 'location', 'email', 'login']</msg>
<var>${expected_keys}</var>
<arg>gender</arg>
<arg>name</arg>
<arg>location</arg>
<arg>email</arg>
<arg>login</arg>
<doc>Returns a list containing given items.</doc>
<status status="PASS" start="2024-08-02T01:08:11.541957" elapsed="0.000176"/>
</kw>
<for flavor="IN">
<iter>
<kw name="Dictionary Should Contain Key" owner="Collections">
<arg>${json_data['results'][0]}</arg>
<arg>${key}</arg>
<doc>Fails if ``key`` is not found from ``dictionary``.</doc>
<status status="PASS" start="2024-08-02T01:08:11.542718" elapsed="0.000442"/>
</kw>
<kw name="Log" owner="BuiltIn">
<msg time="2024-08-02T01:08:11.543714" level="INFO">{'gender': 'male', 'name': {'title': 'Mr', 'first': 'محمدعلی', 'last': 'پارسا'}, 'location': {'street': {'number': 4646, 'name': 'دکتر لواسانی'}, 'city': 'ارومیه', 'state': 'کرمان', 'country': 'Iran', 'postcode': 25995, 'coordinates': {'latitude': '19.1555', 'longitude': '-33.9068'}, 'timezone': {'offset': '+8:00', 'description': 'Beijing, Perth, Singapore, Hong Kong'}}, 'email': 'mhmdaaly.prs@example.com', 'login': {'uuid': 'ccd741d2-5bff-417d-9514-afe3b82c5e78', 'username': 'bigfish681', 'password': 'flower1', 'salt': 'uR00fB2v', 'md5': '25420172b36bc46551b41b2174f03247', 'sha1': 'b7e0756f3fd523294f6453421e920db03041cb5d', 'sha256': '3164d19dd3b462cc8ce849af43fc261132a0f7f547b868c87d6bdb1bad857c8b'}, 'dob': {'date': '2000-07-12T19:44:38.003Z', 'age': 24}, 'registered': {'date': '2020-12-16T08:27:24.343Z', 'age': 3}, 'phone': '075-17394595', 'cell': '0982-696-2229', 'id': {'name': '', 'value': None}, 'picture': {'large': 'https://randomuser.me/api/portraits/men/22.jpg', 'medium': 'https://randomuser.me/api/portraits/med/men/22.jpg', 'thumbnail': 'https://randomuser.me/api/portraits/thumb/men/22.jpg'}, 'nat': 'IR'}</msg>
<arg>${json_data['results'][0]}</arg>
<doc>Logs the given message with the given level.</doc>
<status status="PASS" start="2024-08-02T01:08:11.543350" elapsed="0.000416"/>
</kw>
<kw name="Log" owner="BuiltIn">
<msg time="2024-08-02T01:08:11.544206" level="INFO">gender</msg>
<arg>${key}</arg>
<doc>Logs the given message with the given level.</doc>
<status status="PASS" start="2024-08-02T01:08:11.544074" elapsed="0.000171"/>
</kw>
<var name="${key}">gender</var>
<status status="PASS" start="2024-08-02T01:08:11.542591" elapsed="0.001878"/>
</iter>
<iter>
<kw name="Dictionary Should Contain Key" owner="Collections">
<arg>${json_data['results'][0]}</arg>
<arg>${key}</arg>
<doc>Fails if ``key`` is not found from ``dictionary``.</doc>
<status status="PASS" start="2024-08-02T01:08:11.544768" elapsed="0.000395"/>
</kw>
<kw name="Log" owner="BuiltIn">
<msg time="2024-08-02T01:08:11.545756" level="INFO">{'gender': 'male', 'name': {'title': 'Mr', 'first': 'محمدعلی', 'last': 'پارسا'}, 'location': {'street': {'number': 4646, 'name': 'دکتر لواسانی'}, 'city': 'ارومیه', 'state': 'کرمان', 'country': 'Iran', 'postcode': 25995, 'coordinates': {'latitude': '19.1555', 'longitude': '-33.9068'}, 'timezone': {'offset': '+8:00', 'description': 'Beijing, Perth, Singapore, Hong Kong'}}, 'email': 'mhmdaaly.prs@example.com', 'login': {'uuid': 'ccd741d2-5bff-417d-9514-afe3b82c5e78', 'username': 'bigfish681', 'password': 'flower1', 'salt': 'uR00fB2v', 'md5': '25420172b36bc46551b41b2174f03247', 'sha1': 'b7e0756f3fd523294f6453421e920db03041cb5d', 'sha256': '3164d19dd3b462cc8ce849af43fc261132a0f7f547b868c87d6bdb1bad857c8b'}, 'dob': {'date': '2000-07-12T19:44:38.003Z', 'age': 24}, 'registered': {'date': '2020-12-16T08:27:24.343Z', 'age': 3}, 'phone': '075-17394595', 'cell': '0982-696-2229', 'id': {'name': '', 'value': None}, 'picture': {'large': 'https://randomuser.me/api/portraits/men/22.jpg', 'medium': 'https://randomuser.me/api/portraits/med/men/22.jpg', 'thumbnail': 'https://randomuser.me/api/portraits/thumb/men/22.jpg'}, 'nat': 'IR'}</msg>
<arg>${json_data['results'][0]}</arg>
<doc>Logs the given message with the given level.</doc>
<status status="PASS" start="2024-08-02T01:08:11.545355" elapsed="0.000454"/>
</kw>
<kw name="Log" owner="BuiltIn">
<msg time="2024-08-02T01:08:11.546242" level="INFO">name</msg>
<arg>${key}</arg>
<doc>Logs the given message with the given level.</doc>
<status status="PASS" start="2024-08-02T01:08:11.546112" elapsed="0.000167"/>
</kw>
<var name="${key}">name</var>
<status status="PASS" start="2024-08-02T01:08:11.544656" elapsed="0.001838"/>
</iter>
<iter>
<kw name="Dictionary Should Contain Key" owner="Collections">
<arg>${json_data['results'][0]}</arg>
<arg>${key}</arg>
<doc>Fails if ``key`` is not found from ``dictionary``.</doc>
<status status="PASS" start="2024-08-02T01:08:11.546779" elapsed="0.000428"/>
</kw>
<kw name="Log" owner="BuiltIn">
<msg time="2024-08-02T01:08:11.547759" level="INFO">{'gender': 'male', 'name': {'title': 'Mr', 'first': 'محمدعلی', 'last': 'پارسا'}, 'location': {'street': {'number': 4646, 'name': 'دکتر لواسانی'}, 'city': 'ارومیه', 'state': 'کرمان', 'country': 'Iran', 'postcode': 25995, 'coordinates': {'latitude': '19.1555', 'longitude': '-33.9068'}, 'timezone': {'offset': '+8:00', 'description': 'Beijing, Perth, Singapore, Hong Kong'}}, 'email': 'mhmdaaly.prs@example.com', 'login': {'uuid': 'ccd741d2-5bff-417d-9514-afe3b82c5e78', 'username': 'bigfish681', 'password': 'flower1', 'salt': 'uR00fB2v', 'md5': '25420172b36bc46551b41b2174f03247', 'sha1': 'b7e0756f3fd523294f6453421e920db03041cb5d', 'sha256': '3164d19dd3b462cc8ce849af43fc261132a0f7f547b868c87d6bdb1bad857c8b'}, 'dob': {'date': '2000-07-12T19:44:38.003Z', 'age': 24}, 'registered': {'date': '2020-12-16T08:27:24.343Z', 'age': 3}, 'phone': '075-17394595', 'cell': '0982-696-2229', 'id': {'name': '', 'value': None}, 'picture': {'large': 'https://randomuser.me/api/portraits/men/22.jpg', 'medium': 'https://randomuser.me/api/portraits/med/men/22.jpg', 'thumbnail': 'https://randomuser.me/api/portraits/thumb/men/22.jpg'}, 'nat': 'IR'}</msg>
<arg>${json_data['results'][0]}</arg>
<doc>Logs the given message with the given level.</doc>
<status status="PASS" start="2024-08-02T01:08:11.547399" elapsed="0.000410"/>
</kw>
<kw name="Log" owner="BuiltIn">
<msg time="2024-08-02T01:08:11.548235" level="INFO">location</msg>
<arg>${key}</arg>
<doc>Logs the given message with the given level.</doc>
<status status="PASS" start="2024-08-02T01:08:11.548106" elapsed="0.000166"/>
</kw>
<var name="${key}">location</var>
<status status="PASS" start="2024-08-02T01:08:11.546671" elapsed="0.001815"/>
</iter>
<iter>
<kw name="Dictionary Should Contain Key" owner="Collections">
<arg>${json_data['results'][0]}</arg>
<arg>${key}</arg>
<doc>Fails if ``key`` is not found from ``dictionary``.</doc>
<status status="PASS" start="2024-08-02T01:08:11.548768" elapsed="0.000378"/>
</kw>
<kw name="Log" owner="BuiltIn">
<msg time="2024-08-02T01:08:11.549803" level="INFO">{'gender': 'male', 'name': {'title': 'Mr', 'first': 'محمدعلی', 'last': 'پارسا'}, 'location': {'street': {'number': 4646, 'name': 'دکتر لواسانی'}, 'city': 'ارومیه', 'state': 'کرمان', 'country': 'Iran', 'postcode': 25995, 'coordinates': {'latitude': '19.1555', 'longitude': '-33.9068'}, 'timezone': {'offset': '+8:00', 'description': 'Beijing, Perth, Singapore, Hong Kong'}}, 'email': 'mhmdaaly.prs@example.com', 'login': {'uuid': 'ccd741d2-5bff-417d-9514-afe3b82c5e78', 'username': 'bigfish681', 'password': 'flower1', 'salt': 'uR00fB2v', 'md5': '25420172b36bc46551b41b2174f03247', 'sha1': 'b7e0756f3fd523294f6453421e920db03041cb5d', 'sha256': '3164d19dd3b462cc8ce849af43fc261132a0f7f547b868c87d6bdb1bad857c8b'}, 'dob': {'date': '2000-07-12T19:44:38.003Z', 'age': 24}, 'registered': {'date': '2020-12-16T08:27:24.343Z', 'age': 3}, 'phone': '075-17394595', 'cell': '0982-696-2229', 'id': {'name': '', 'value': None}, 'picture': {'large': 'https://randomuser.me/api/portraits/men/22.jpg', 'medium': 'https://randomuser.me/api/portraits/med/men/22.jpg', 'thumbnail': 'https://randomuser.me/api/portraits/thumb/men/22.jpg'}, 'nat': 'IR'}</msg>
<arg>${json_data['results'][0]}</arg>
<doc>Logs the given message with the given level.</doc>
<status status="PASS" start="2024-08-02T01:08:11.549445" elapsed="0.000408"/>
</kw>
<kw name="Log" owner="BuiltIn">
<msg time="2024-08-02T01:08:11.550282" level="INFO">email</msg>
<arg>${key}</arg>
<doc>Logs the given message with the given level.</doc>
<status status="PASS" start="2024-08-02T01:08:11.550152" elapsed="0.000168"/>
</kw>
<var name="${key}">email</var>
<status status="PASS" start="2024-08-02T01:08:11.548660" elapsed="0.001876"/>
</iter>
<iter>
<kw name="Dictionary Should Contain Key" owner="Collections">
<arg>${json_data['results'][0]}</arg>
<arg>${key}</arg>
<doc>Fails if ``key`` is not found from ``dictionary``.</doc>
<status status="PASS" start="2024-08-02T01:08:11.550817" elapsed="0.000412"/>
</kw>
<kw name="Log" owner="BuiltIn">
<msg time="2024-08-02T01:08:11.551769" level="INFO">{'gender': 'male', 'name': {'title': 'Mr', 'first': 'محمدعلی', 'last': 'پارسا'}, 'location': {'street': {'number': 4646, 'name': 'دکتر لواسانی'}, 'city': 'ارومیه', 'state': 'کرمان', 'country': 'Iran', 'postcode': 25995, 'coordinates': {'latitude': '19.1555', 'longitude': '-33.9068'}, 'timezone': {'offset': '+8:00', 'description': 'Beijing, Perth, Singapore, Hong Kong'}}, 'email': 'mhmdaaly.prs@example.com', 'login': {'uuid': 'ccd741d2-5bff-417d-9514-afe3b82c5e78', 'username': 'bigfish681', 'password': 'flower1', 'salt': 'uR00fB2v', 'md5': '25420172b36bc46551b41b2174f03247', 'sha1': 'b7e0756f3fd523294f6453421e920db03041cb5d', 'sha256': '3164d19dd3b462cc8ce849af43fc261132a0f7f547b868c87d6bdb1bad857c8b'}, 'dob': {'date': '2000-07-12T19:44:38.003Z', 'age': 24}, 'registered': {'date': '2020-12-16T08:27:24.343Z', 'age': 3}, 'phone': '075-17394595', 'cell': '0982-696-2229', 'id': {'name': '', 'value': None}, 'picture': {'large': 'https://randomuser.me/api/portraits/men/22.jpg', 'medium': 'https://randomuser.me/api/portraits/med/men/22.jpg', 'thumbnail': 'https://randomuser.me/api/portraits/thumb/men/22.jpg'}, 'nat': 'IR'}</msg>
<arg>${json_data['results'][0]}</arg>
<doc>Logs the given message with the given level.</doc>
<status status="PASS" start="2024-08-02T01:08:11.551413" elapsed="0.000406"/>
</kw>
<kw name="Log" owner="BuiltIn">
<msg time="2024-08-02T01:08:11.552266" level="INFO">login</msg>
<arg>${key}</arg>
<doc>Logs the given message with the given level.</doc>
<status status="PASS" start="2024-08-02T01:08:11.552134" elapsed="0.000169"/>
</kw>
<var name="${key}">login</var>
<status status="PASS" start="2024-08-02T01:08:11.550709" elapsed="0.001811"/>
</iter>
<var>${key}</var>
<value>@{expected_keys}</value>
<status status="PASS" start="2024-08-02T01:08:11.542404" elapsed="0.010236"/>
</for>
<kw name="Create List" owner="BuiltIn">
<msg time="2024-08-02T01:08:11.552999" level="INFO">${expected_keysTwo} = ['username', 'password']</msg>
<var>${expected_keysTwo}</var>
<arg>username</arg>
<arg>password</arg>
<doc>Returns a list containing given items.</doc>
<status status="PASS" start="2024-08-02T01:08:11.552830" elapsed="0.000195"/>
</kw>
<for flavor="IN">
<iter>
<kw name="Dictionary Should Contain Key" owner="Collections">
<arg>${json_data['results'][0]['login']}</arg>
<arg>${keyTwo}</arg>
<doc>Fails if ``key`` is not found from ``dictionary``.</doc>
<status status="PASS" start="2024-08-02T01:08:11.553528" elapsed="0.000391"/>
</kw>
<kw name="Dictionary Should Contain Key" owner="Collections">
<arg>${json_data['results'][0]['login']}</arg>
<arg>${keyTwo}</arg>
<doc>Fails if ``key`` is not found from ``dictionary``.</doc>
<status status="PASS" start="2024-08-02T01:08:11.554100" elapsed="0.000375"/>
</kw>
<kw name="Log" owner="BuiltIn">
<msg time="2024-08-02T01:08:11.554771" level="INFO">username</msg>
<arg>${keyTwo}</arg>
<doc>Logs the given message with the given level.</doc>
<status status="PASS" start="2024-08-02T01:08:11.554652" elapsed="0.000156"/>
</kw>
<var name="${keyTwo}">username</var>
<status status="PASS" start="2024-08-02T01:08:11.553421" elapsed="0.001648"/>
</iter>
<iter>
<kw name="Dictionary Should Contain Key" owner="Collections">
<arg>${json_data['results'][0]['login']}</arg>
<arg>${keyTwo}</arg>
<doc>Fails if ``key`` is not found from ``dictionary``.</doc>
<status status="PASS" start="2024-08-02T01:08:11.555359" elapsed="0.000387"/>
</kw>
<kw name="Dictionary Should Contain Key" owner="Collections">
<arg>${json_data['results'][0]['login']}</arg>
<arg>${keyTwo}</arg>
<doc>Fails if ``key`` is not found from ``dictionary``.</doc>
<status status="PASS" start="2024-08-02T01:08:11.555925" elapsed="0.000374"/>
</kw>
<kw name="Log" owner="BuiltIn">
<msg time="2024-08-02T01:08:11.556602" level="INFO">password</msg>
<arg>${keyTwo}</arg>
<doc>Logs the given message with the given level.</doc>
<status status="PASS" start="2024-08-02T01:08:11.556476" elapsed="0.000164"/>
</kw>
<var name="${keyTwo}">password</var>
<status status="PASS" start="2024-08-02T01:08:11.555245" elapsed="0.001615"/>
</iter>
<var>${keyTwo}</var>
<value>@{expected_keysTwo}</value>
<status status="PASS" start="2024-08-02T01:08:11.553268" elapsed="0.003714"/>
</for>
<status status="PASS" start="2024-08-02T01:08:11.470472" elapsed="0.086649"/>
</kw>
<doc>Testa a estrutura da resposta da API.</doc>
<tag>testeEstruturaResposta</tag>
<status status="PASS" start="2024-08-02T01:08:11.469991" elapsed="0.087277"/>
</test>
<test id="s1-s1-t4" name="Validar tipos de dados" line="28">
<kw name="Teste de Tipos de Dados" owner="random-user-service">
<kw name="GET On Session" owner="RequestsLibrary">
<msg time="2024-08-02T01:08:11.663529" level="INFO">GET Request : url=https://randomuser.me/api 
 path_url=/api 
 headers={'User-Agent': 'python-requests/2.32.3', 'Accept-Encoding': 'gzip, deflate', 'Accept': '*/*', 'Connection': 'keep-alive'} 
 body=None 
 </msg>
<msg time="2024-08-02T01:08:11.663592" level="INFO">GET Response : url=https://randomuser.me/api 
 status=200, reason=OK 
 headers={'Date': 'Fri, 02 Aug 2024 01:08:11 GMT', 'Content-Type': 'application/json; charset=utf-8', 'Transfer-Encoding': 'chunked', 'Connection': 'keep-alive', 'X-Powered-By': 'Express', 'Access-Control-Allow-Origin': '*', 'Cache-Control': 'no-cache', 'ETag': 'W/"480-oUrCEB2JYrLZU7zwgn/1XYbpldw"', 'Vary': 'Accept-Encoding', 'Content-Encoding': 'gzip', 'CF-Cache-Status': 'DYNAMIC', 'Report-To': '{"endpoints":[{"url":"https:\\/\\/a.nel.cloudflare.com\\/report\\/v4?s=JUsNm4vGeo03tKnFPaif%2Ff4bcBgrdQWyJqfqSqTHruCAzui%2FDxiI6gp8LzZpGku64kfq7uM4kG8OsDJK9nUmoZ9seagWSWWlOzURaBjKlFrBNOxupZO%2BCHC75E8KDs%2F%2B"}],"group":"cf-nel","max_age":604800}', 'NEL': '{"success_fraction":0,"report_to":"cf-nel","max_age":604800}', 'Server': 'cloudflare', 'CF-RAY': '8aca2ce43933125b-ORD', 'alt-svc': 'h3=":443"; ma=86400'} 
 body={"results":[{"gender":"male","name":{"title":"Mr","first":"Matas","last":"Astrup"},"location":{"street":{"number":7706,"name":"Tvetenveien"},"city":"Tomb","state":"Aust-Agder","country":"Norway","postcode":"1480","coordinates":{"latitude":"38.5991","longitude":"-174.0195"},"timezone":{"offset":"-4:00","description":"Atlantic Time (Canada), Caracas, La Paz"}},"email":"matas.astrup@example.com","login":{"uuid":"904ced17-728c-4942-9600-5dec63bccfec","username":"angrybird436","password":"golden","salt":"EkHVKslu","md5":"af65f48e0288e59266a8a3d383e5e4a6","sha1":"478985cfaf5eb86033d9dd1c7d6f968626aac8e4","sha256":"291d0f7360b77218fce382bc43050ad100846cacd8dc2116ab53ffd11f70bc60"},"dob":{"date":"1991-02-23T01:54:27.709Z","age":33},"registered":{"date":"2020-09-24T17:34:38.931Z","age":3},"phone":"52778987","cell":"43684130","id":{"name":"FN","value":"23029113971"},"picture":{"large":"https://randomuser.me/api/portraits/men/79.jpg","medium":"https://randomuser.me/api/portraits/med/men/79.jpg","thumbnail":"https://randomuser.me/api/portraits/thumb/men/79.jpg"},"nat":"NO"}],"info":{"seed":"6dbf61c99690fc1c","results":1,"page":1,"version":"1.4"}} 
 </msg>
<msg time="2024-08-02T01:08:11.663647" level="INFO">/opt/hostedtoolcache/Python/3.12.4/x64/lib/python3.12/site-packages/urllib3/connectionpool.py:1099: InsecureRequestWarning: Unverified HTTPS request is being made to host 'randomuser.me'. Adding certificate verification is strongly advised. See: https://urllib3.readthedocs.io/en/latest/advanced-usage.html#tls-warnings
  warnings.warn(</msg>
<msg time="2024-08-02T01:08:11.663732" level="INFO">${response} = &lt;Response [200]&gt;</msg>
<var>${response}</var>
<arg>consultarAPI</arg>
<arg>/api</arg>
<doc>Sends a GET request on a previously created HTTP Session.</doc>
<status status="PASS" start="2024-08-02T01:08:11.559776" elapsed="0.103998"/>
</kw>
<kw name="Set Variable" owner="BuiltIn">
<msg time="2024-08-02T01:08:11.664749" level="INFO">${json_data} = {'results': [{'gender': 'male', 'name': {'title': 'Mr', 'first': 'Matas', 'last': 'Astrup'}, 'location': {'street': {'number': 7706, 'name': 'Tvetenveien'}, 'city': 'Tomb', 'state': 'Aust-Agder', 'cou...</msg>
<var>${json_data}</var>
<arg>${response.json()}</arg>
<doc>Returns the given values which can then be assigned to a variables.</doc>
<status status="PASS" start="2024-08-02T01:08:11.664206" elapsed="0.000589"/>
</kw>
<kw name="Log" owner="BuiltIn">
<msg time="2024-08-02T01:08:11.665464" level="INFO">{'results': [{'gender': 'male', 'name': {'title': 'Mr', 'first': 'Matas', 'last': 'Astrup'}, 'location': {'street': {'number': 7706, 'name': 'Tvetenveien'}, 'city': 'Tomb', 'state': 'Aust-Agder', 'country': 'Norway', 'postcode': '1480', 'coordinates': {'latitude': '38.5991', 'longitude': '-174.0195'}, 'timezone': {'offset': '-4:00', 'description': 'Atlantic Time (Canada), Caracas, La Paz'}}, 'email': 'matas.astrup@example.com', 'login': {'uuid': '904ced17-728c-4942-9600-5dec63bccfec', 'username': 'angrybird436', 'password': 'golden', 'salt': 'EkHVKslu', 'md5': 'af65f48e0288e59266a8a3d383e5e4a6', 'sha1': '478985cfaf5eb86033d9dd1c7d6f968626aac8e4', 'sha256': '291d0f7360b77218fce382bc43050ad100846cacd8dc2116ab53ffd11f70bc60'}, 'dob': {'date': '1991-02-23T01:54:27.709Z', 'age': 33}, 'registered': {'date': '2020-09-24T17:34:38.931Z', 'age': 3}, 'phone': '52778987', 'cell': '43684130', 'id': {'name': 'FN', 'value': '23029113971'}, 'picture': {'large': 'https://randomuser.me/api/portraits/men/79.jpg', 'medium': 'https://randomuser.me/api/portraits/med/men/79.jpg', 'thumbnail': 'https://randomuser.me/api/portraits/thumb/men/79.jpg'}, 'nat': 'NO'}], 'info': {'seed': '6dbf61c99690fc1c', 'results': 1, 'page': 1, 'version': '1.4'}}</msg>
<arg>${json_data}</arg>
<doc>Logs the given message with the given level.</doc>
<status status="PASS" start="2024-08-02T01:08:11.665236" elapsed="0.000308"/>
</kw>
<kw name="Should Be String" owner="String">
<arg>${json_data['results'][0]['gender']}</arg>
<doc>Fails if the given ``item`` is not a string.</doc>
<status status="PASS" start="2024-08-02T01:08:11.665983" elapsed="0.000374"/>
</kw>
<kw name="Should Match Regexp" owner="BuiltIn">
<arg>${json_data['results'][0]['email']}</arg>
<arg>^[a-zA-Z0-9._%+-]+@[a-zA-Z0-9.-]+\.[a-zA-Z]{2,}$</arg>
<doc>Fails if ``string`` does not match ``pattern`` as a regular expression.</doc>
<status status="PASS" start="2024-08-02T01:08:11.666547" elapsed="0.000601"/>
</kw>
<kw name="Should Match Regexp" owner="BuiltIn">
<arg>${json_data['results'][0]['dob']['date']}</arg>
<arg>\\d{4}-\\d{2}-\\d{2}T\\d{2}:\\d{2}:\\d{2}\\.\\d{3}Z</arg>
<doc>Fails if ``string`` does not match ``pattern`` as a regular expression.</doc>
<status status="PASS" start="2024-08-02T01:08:11.667354" elapsed="0.000605"/>
</kw>
<kw name="Should Match Regexp" owner="BuiltIn">
<arg>${json_data['results'][0]['registered']['date']}</arg>
<arg>\\d{4}-\\d{2}-\\d{2}T\\d{2}:\\d{2}:\\d{2}\\.\\d{3}Z</arg>
<doc>Fails if ``string`` does not match ``pattern`` as a regular expression.</doc>
<status status="PASS" start="2024-08-02T01:08:11.668155" elapsed="0.000368"/>
</kw>
<kw name="Should Match Regexp" owner="BuiltIn">
<arg>${json_data['results'][0]['picture']['large']}</arg>
<arg>^https?://.*\.(?:png|jpe?g|gif|bmp)$</arg>
<doc>Fails if ``string`` does not match ``pattern`` as a regular expression.</doc>
<status status="PASS" start="2024-08-02T01:08:11.668710" elapsed="0.000454"/>
</kw>
<kw name="Should Match Regexp" owner="BuiltIn">
<arg>${json_data['results'][0]['picture']['medium']}</arg>
<arg>^https?://.*\.(?:png|jpe?g|gif|bmp)$</arg>
<doc>Fails if ``string`` does not match ``pattern`` as a regular expression.</doc>
<status status="PASS" start="2024-08-02T01:08:11.669355" elapsed="0.000353"/>
</kw>
<kw name="Should Match Regexp" owner="BuiltIn">
<arg>${json_data['results'][0]['picture']['thumbnail']}</arg>
<arg>^https?://.*\.(?:png|jpe?g|gif|bmp)$</arg>
<doc>Fails if ``string`` does not match ``pattern`` as a regular expression.</doc>
<status status="PASS" start="2024-08-02T01:08:11.669892" elapsed="0.000346"/>
</kw>
<kw name="Log" owner="BuiltIn">
<msg time="2024-08-02T01:08:11.670743" level="INFO">{'large': 'https://randomuser.me/api/portraits/men/79.jpg', 'medium': 'https://randomuser.me/api/portraits/med/men/79.jpg', 'thumbnail': 'https://randomuser.me/api/portraits/thumb/men/79.jpg'}</msg>
<arg>${json_data['results'][0]['picture']}</arg>
<doc>Logs the given message with the given level.</doc>
<status status="PASS" start="2024-08-02T01:08:11.670421" elapsed="0.000366"/>
</kw>
<status status="PASS" start="2024-08-02T01:08:11.559554" elapsed="0.111520"/>
</kw>
<kw name="Teste de Tipos de Dados - Postcode" owner="random-user-service">
<kw name="GET On Session" owner="RequestsLibrary">
<msg time="2024-08-02T01:08:11.750258" level="INFO">GET Request : url=https://randomuser.me/api 
 path_url=/api 
 headers={'User-Agent': 'python-requests/2.32.3', 'Accept-Encoding': 'gzip, deflate', 'Accept': '*/*', 'Connection': 'keep-alive'} 
 body=None 
 </msg>
<msg time="2024-08-02T01:08:11.750343" level="INFO">GET Response : url=https://randomuser.me/api 
 status=200, reason=OK 
 headers={'Date': 'Fri, 02 Aug 2024 01:08:11 GMT', 'Content-Type': 'application/json; charset=utf-8', 'Transfer-Encoding': 'chunked', 'Connection': 'keep-alive', 'X-Powered-By': 'Express', 'Access-Control-Allow-Origin': '*', 'Cache-Control': 'no-cache', 'ETag': 'W/"491-GwSYJqKu4F3syMV7E5cG8CrkEqs"', 'Vary': 'Accept-Encoding', 'Content-Encoding': 'gzip', 'cf-cache-status': 'DYNAMIC', 'Report-To': '{"endpoints":[{"url":"https:\\/\\/a.nel.cloudflare.com\\/report\\/v4?s=6ZLYPRX1VdSziGbHrUoPd9NWY%2Fy%2BFMy60l3gdKHCFB1ATMXYfbmH%2BaBsNDIzvgYjFI6vwq85UJYuvyIk%2FQu2l3g8oF0gEh1d4vmy5k%2FiT3wJAInWes%2F1uiFQDexxAE%2Fx"}],"group":"cf-nel","max_age":604800}', 'NEL': '{"success_fraction":0,"report_to":"cf-nel","max_age":604800}', 'Server': 'cloudflare', 'CF-RAY': '8aca2ce4fa4a125b-ORD', 'alt-svc': 'h3=":443"; ma=86400'} 
 body={"results":[{"gender":"male","name":{"title":"Mr","first":"Leif","last":"Kessel"},"location":{"street":{"number":835,"name":"Am Bahnhof"},"city":"Schwarzenborn","state":"Thüringen","country":"Germany","postcode":53775,"coordinates":{"latitude":"-54.8721","longitude":"-124.0581"},"timezone":{"offset":"+5:30","description":"Bombay, Calcutta, Madras, New Delhi"}},"email":"leif.kessel@example.com","login":{"uuid":"96b10cf7-5263-4f39-9a5c-92236e4d5711","username":"greenrabbit660","password":"owen","salt":"ukzn7lKZ","md5":"6809cc2b7d80d75e1d70febc9bb2058b","sha1":"285a7253da815e0bd810ba2aa57a92404f916fe8","sha256":"ced6f9bcae2e834e214df6e8c42f4cb6dd8f167ea780011d9ae60d8fdc3f3489"},"dob":{"date":"1954-09-14T08:11:53.656Z","age":69},"registered":{"date":"2005-02-13T09:53:02.451Z","age":19},"phone":"0492-8341074","cell":"0171-4646807","id":{"name":"SVNR","value":"15 140954 K 240"},"picture":{"large":"https://randomuser.me/api/portraits/men/22.jpg","medium":"https://randomuser.me/api/portraits/med/men/22.jpg","thumbnail":"https://randomuser.me/api/portraits/thumb/men/22.jpg"},"nat":"DE"}],"info":{"seed":"3ad7f2da5dc10cf6","results":1,"page":1,"version":"1.4"}} 
 </msg>
<msg time="2024-08-02T01:08:11.750420" level="INFO">/opt/hostedtoolcache/Python/3.12.4/x64/lib/python3.12/site-packages/urllib3/connectionpool.py:1099: InsecureRequestWarning: Unverified HTTPS request is being made to host 'randomuser.me'. Adding certificate verification is strongly advised. See: https://urllib3.readthedocs.io/en/latest/advanced-usage.html#tls-warnings
  warnings.warn(</msg>
<msg time="2024-08-02T01:08:11.750524" level="INFO">${response} = &lt;Response [200]&gt;</msg>
<var>${response}</var>
<arg>consultarAPI</arg>
<arg>/api</arg>
<doc>Sends a GET request on a previously created HTTP Session.</doc>
<status status="PASS" start="2024-08-02T01:08:11.671509" elapsed="0.079057"/>
</kw>
<kw name="Set Variable" owner="BuiltIn">
<msg time="2024-08-02T01:08:11.751741" level="INFO">${json_data} = {'results': [{'gender': 'male', 'name': {'title': 'Mr', 'first': 'Leif', 'last': 'Kessel'}, 'location': {'street': {'number': 835, 'name': 'Am Bahnhof'}, 'city': 'Schwarzenborn', 'state': 'Thüringen',...</msg>
<var>${json_data}</var>
<arg>${response.json()}</arg>
<doc>Returns the given values which can then be assigned to a variables.</doc>
<status status="PASS" start="2024-08-02T01:08:11.751078" elapsed="0.000704"/>
</kw>
<kw name="Log" owner="BuiltIn">
<msg time="2024-08-02T01:08:11.752264" level="INFO">{'results': [{'gender': 'male', 'name': {'title': 'Mr', 'first': 'Leif', 'last': 'Kessel'}, 'location': {'street': {'number': 835, 'name': 'Am Bahnhof'}, 'city': 'Schwarzenborn', 'state': 'Thüringen', 'country': 'Germany', 'postcode': 53775, 'coordinates': {'latitude': '-54.8721', 'longitude': '-124.0581'}, 'timezone': {'offset': '+5:30', 'description': 'Bombay, Calcutta, Madras, New Delhi'}}, 'email': 'leif.kessel@example.com', 'login': {'uuid': '96b10cf7-5263-4f39-9a5c-92236e4d5711', 'username': 'greenrabbit660', 'password': 'owen', 'salt': 'ukzn7lKZ', 'md5': '6809cc2b7d80d75e1d70febc9bb2058b', 'sha1': '285a7253da815e0bd810ba2aa57a92404f916fe8', 'sha256': 'ced6f9bcae2e834e214df6e8c42f4cb6dd8f167ea780011d9ae60d8fdc3f3489'}, 'dob': {'date': '1954-09-14T08:11:53.656Z', 'age': 69}, 'registered': {'date': '2005-02-13T09:53:02.451Z', 'age': 19}, 'phone': '0492-8341074', 'cell': '0171-4646807', 'id': {'name': 'SVNR', 'value': '15 140954 K 240'}, 'picture': {'large': 'https://randomuser.me/api/portraits/men/22.jpg', 'medium': 'https://randomuser.me/api/portraits/med/men/22.jpg', 'thumbnail': 'https://randomuser.me/api/portraits/thumb/men/22.jpg'}, 'nat': 'DE'}], 'info': {'seed': '3ad7f2da5dc10cf6', 'results': 1, 'page': 1, 'version': '1.4'}}</msg>
<arg>${json_data}</arg>
<doc>Logs the given message with the given level.</doc>
<status status="PASS" start="2024-08-02T01:08:11.752104" elapsed="0.000211"/>
</kw>
<kw name="Should Be Equal As Numbers" owner="BuiltIn">
<arg>${json_data['results'][0]['location']['postcode']}</arg>
<arg>${json_data['results'][0]['location']['postcode']}</arg>
<doc>Fails if objects are unequal after converting them to real numbers.</doc>
<status status="PASS" start="2024-08-02T01:08:11.752612" elapsed="0.000626"/>
</kw>
<kw name="Log" owner="BuiltIn">
<msg time="2024-08-02T01:08:11.753767" level="INFO">53775</msg>
<arg>${json_data['results'][0]['location']['postcode']}</arg>
<doc>Logs the given message with the given level.</doc>
<status status="PASS" start="2024-08-02T01:08:11.753433" elapsed="0.000407"/>
</kw>
<status status="PASS" start="2024-08-02T01:08:11.671288" elapsed="0.082807"/>
</kw>
<doc>Testa se os tipos de dados na resposta da API estão corretos.</doc>
<tag>testeTiposDados</tag>
<status status="PASS" start="2024-08-02T01:08:11.559026" elapsed="0.195228"/>
</test>
<test id="s1-s1-t5" name="Validar conteudo" line="35">
<kw name="Teste de Tipos de Conteudo" owner="random-user-service">
<kw name="GET On Session" owner="RequestsLibrary">
<msg time="2024-08-02T01:08:11.855373" level="INFO">GET Request : url=https://randomuser.me/api 
 path_url=/api 
 headers={'User-Agent': 'python-requests/2.32.3', 'Accept-Encoding': 'gzip, deflate', 'Accept': '*/*', 'Connection': 'keep-alive'} 
 body=None 
 </msg>
<msg time="2024-08-02T01:08:11.855458" level="INFO">GET Response : url=https://randomuser.me/api 
 status=200, reason=OK 
 headers={'Date': 'Fri, 02 Aug 2024 01:08:11 GMT', 'Content-Type': 'application/json; charset=utf-8', 'Transfer-Encoding': 'chunked', 'Connection': 'keep-alive', 'X-Powered-By': 'Express', 'Access-Control-Allow-Origin': '*', 'Cache-Control': 'no-cache', 'ETag': 'W/"49a-/xo1/UUc9a3GSQPkw6mTDqn1Qf8"', 'Vary': 'Accept-Encoding', 'Content-Encoding': 'gzip', 'CF-Cache-Status': 'DYNAMIC', 'Report-To': '{"endpoints":[{"url":"https:\\/\\/a.nel.cloudflare.com\\/report\\/v4?s=LMLyYkjTKFOqHbvuEtSJ9FAsenRq33YugoBZwcdFHIvC%2FDilLSSCzD6m1jcukulKlUuGD9T%2BycHdru8l%2FTsHIN4qX4JtqycoUK9oxZ%2FZS8MpO7JUSf4cSras1ld7DjXN"}],"group":"cf-nel","max_age":604800}', 'NEL': '{"success_fraction":0,"report_to":"cf-nel","max_age":604800}', 'Server': 'cloudflare', 'CF-RAY': '8aca2ce57b1e125b-ORD', 'alt-svc': 'h3=":443"; ma=86400'} 
 body={"results":[{"gender":"female","name":{"title":"Ms","first":"Brooklyn","last":"Wilson"},"location":{"street":{"number":9327,"name":"Queenstown Road"},"city":"Gisborne","state":"Southland","country":"New Zealand","postcode":10464,"coordinates":{"latitude":"49.6336","longitude":"68.2964"},"timezone":{"offset":"-4:00","description":"Atlantic Time (Canada), Caracas, La Paz"}},"email":"brooklyn.wilson@example.com","login":{"uuid":"2ef4eb2a-0407-4b0d-98b6-d36d7e7f3adc","username":"happysnake298","password":"prelude","salt":"qaCSc3MI","md5":"925823a86df544890d90432c3fd1aa19","sha1":"01217639afdeb838332a907bb1d216e045023677","sha256":"17ab897b4e4435c754c872409b1d8fcb402f50c94143e5eed90c62d81c0aede1"},"dob":{"date":"1966-12-31T04:44:12.582Z","age":57},"registered":{"date":"2019-11-12T00:52:40.236Z","age":4},"phone":"(849)-168-7255","cell":"(175)-344-1610","id":{"name":"","value":null},"picture":{"large":"https://randomuser.me/api/portraits/women/45.jpg","medium":"https://randomuser.me/api/portraits/med/women/45.jpg","thumbnail":"https://randomuser.me/api/portraits/thumb/women/45.jpg"},"nat":"NZ"}],"info":{"seed":"6d3c08cd692bf0ba","results":1,"page":1,"version":"1.4"}} 
 </msg>
<msg time="2024-08-02T01:08:11.855532" level="INFO">/opt/hostedtoolcache/Python/3.12.4/x64/lib/python3.12/site-packages/urllib3/connectionpool.py:1099: InsecureRequestWarning: Unverified HTTPS request is being made to host 'randomuser.me'. Adding certificate verification is strongly advised. See: https://urllib3.readthedocs.io/en/latest/advanced-usage.html#tls-warnings
  warnings.warn(</msg>
<msg time="2024-08-02T01:08:11.855648" level="INFO">${response} = &lt;Response [200]&gt;</msg>
<var>${response}</var>
<arg>consultarAPI</arg>
<arg>/api</arg>
<doc>Sends a GET request on a previously created HTTP Session.</doc>
<status status="PASS" start="2024-08-02T01:08:11.756663" elapsed="0.099034"/>
</kw>
<kw name="Set Variable" owner="BuiltIn">
<msg time="2024-08-02T01:08:11.856752" level="INFO">${json_data} = {'results': [{'gender': 'female', 'name': {'title': 'Ms', 'first': 'Brooklyn', 'last': 'Wilson'}, 'location': {'street': {'number': 9327, 'name': 'Queenstown Road'}, 'city': 'Gisborne', 'state': 'Sout...</msg>
<var>${json_data}</var>
<arg>${response.json()}</arg>
<doc>Returns the given values which can then be assigned to a variables.</doc>
<status status="PASS" start="2024-08-02T01:08:11.856164" elapsed="0.000617"/>
</kw>
<kw name="Set Variable" owner="BuiltIn">
<msg time="2024-08-02T01:08:11.857471" level="INFO">${name_title} = Ms</msg>
<var>${name_title}</var>
<arg>${json_data["results"][0]["name"]["title"]}</arg>
<doc>Returns the given values which can then be assigned to a variables.</doc>
<status status="PASS" start="2024-08-02T01:08:11.857092" elapsed="0.000404"/>
</kw>
<kw name="Create List" owner="BuiltIn">
<msg time="2024-08-02T01:08:11.857942" level="INFO">${allowed_titles} = ['Mr', 'Ms', 'Miss', 'Mrs', 'Madame', 'Monsieur']</msg>
<var>${allowed_titles}</var>
<arg>Mr</arg>
<arg>Ms</arg>
<arg>Miss</arg>
<arg>Mrs</arg>
<arg>Madame</arg>
<arg>Monsieur</arg>
<doc>Returns a list containing given items.</doc>
<status status="PASS" start="2024-08-02T01:08:11.857794" elapsed="0.000172"/>
</kw>
<kw name="List Should Contain Value" owner="Collections">
<arg>${allowed_titles}</arg>
<arg>${name_title}</arg>
<doc>Fails if the ``value`` is not found from ``list``.</doc>
<status status="PASS" start="2024-08-02T01:08:11.858260" elapsed="0.000176"/>
</kw>
<kw name="Set Variable" owner="BuiltIn">
<msg time="2024-08-02T01:08:11.859062" level="INFO">${name_country} = NZ</msg>
<var>${name_country}</var>
<arg>${json_data["results"][0]["nat"]}</arg>
<doc>Returns the given values which can then be assigned to a variables.</doc>
<status status="PASS" start="2024-08-02T01:08:11.858615" elapsed="0.000474"/>
</kw>
<kw name="Create List" owner="BuiltIn">
<msg time="2024-08-02T01:08:11.859979" level="INFO">${list_country} = ['AD', 'AE', 'AF', 'AG', 'AI', 'AL', 'AM', 'AO', 'AQ', 'AR', 'AS', 'AT', 'AU', 'AW', 'AX', 'AZ', 'BA', 'BB', 'BD', 'BE', 'BF', 'BG', 'BH', 'BI', 'BJ', 'BL', 'BM', 'BN', 'BO', 'BQ', 'BR', 'BS', 'BT', '...</msg>
<var>${list_country}</var>
<arg>AD</arg>
<arg>AE</arg>
<arg>AF</arg>
<arg>AG</arg>
<arg>AI</arg>
<arg>AL</arg>
<arg>AM</arg>
<arg>AO</arg>
<arg>AQ</arg>
<arg>AR</arg>
<arg>AS</arg>
<arg>AT</arg>
<arg>AU</arg>
<arg>AW</arg>
<arg>AX</arg>
<arg>AZ</arg>
<arg>BA</arg>
<arg>BB</arg>
<arg>BD</arg>
<arg>BE</arg>
<arg>BF</arg>
<arg>BG</arg>
<arg>BH</arg>
<arg>BI</arg>
<arg>BJ</arg>
<arg>BL</arg>
<arg>BM</arg>
<arg>BN</arg>
<arg>BO</arg>
<arg>BQ</arg>
<arg>BR</arg>
<arg>BS</arg>
<arg>BT</arg>
<arg>BV</arg>
<arg>BW</arg>
<arg>BY</arg>
<arg>BZ</arg>
<arg>CA</arg>
<arg>CC</arg>
<arg>CD</arg>
<arg>CF</arg>
<arg>CG</arg>
<arg>CH</arg>
<arg>CI</arg>
<arg>CK</arg>
<arg>CL</arg>
<arg>CM</arg>
<arg>CN</arg>
<arg>CO</arg>
<arg>CR</arg>
<arg>CU</arg>
<arg>CV</arg>
<arg>CW</arg>
<arg>CX</arg>
<arg>CY</arg>
<arg>CZ</arg>
<arg>DE</arg>
<arg>DJ</arg>
<arg>DK</arg>
<arg>DM</arg>
<arg>DO</arg>
<arg>DZ</arg>
<arg>EC</arg>
<arg>EE</arg>
<arg>EG</arg>
<arg>EH</arg>
<arg>ER</arg>
<arg>ES</arg>
<arg>ET</arg>
<arg>FI</arg>
<arg>FJ</arg>
<arg>FK</arg>
<arg>FM</arg>
<arg>FO</arg>
<arg>FR</arg>
<arg>GA</arg>
<arg>GB</arg>
<arg>GD</arg>
<arg>GE</arg>
<arg>GF</arg>
<arg>GG</arg>
<arg>GH</arg>
<arg>GI</arg>
<arg>GL</arg>
<arg>GM</arg>
<arg>GN</arg>
<arg>GP</arg>
<arg>GQ</arg>
<arg>GR</arg>
<arg>GS</arg>
<arg>GT</arg>
<arg>GU</arg>
<arg>GW</arg>
<arg>GY</arg>
<arg>HK</arg>
<arg>HM</arg>
<arg>HN</arg>
<arg>HR</arg>
<arg>HT</arg>
<arg>HU</arg>
<arg>ID</arg>
<arg>IE</arg>
<arg>IL</arg>
<arg>IM</arg>
<arg>IN</arg>
<arg>IO</arg>
<arg>IQ</arg>
<arg>IR</arg>
<arg>IS</arg>
<arg>IT</arg>
<arg>JE</arg>
<arg>JM</arg>
<arg>JO</arg>
<arg>JP</arg>
<arg>KE</arg>
<arg>KG</arg>
<arg>KH</arg>
<arg>KI</arg>
<arg>KM</arg>
<arg>KN</arg>
<arg>KP</arg>
<arg>KR</arg>
<arg>KW</arg>
<arg>KY</arg>
<arg>KZ</arg>
<arg>LA</arg>
<arg>LB</arg>
<arg>LC</arg>
<arg>LI</arg>
<arg>LK</arg>
<arg>LR</arg>
<arg>LS</arg>
<arg>LT</arg>
<arg>LU</arg>
<arg>LV</arg>
<arg>LY</arg>
<arg>MA</arg>
<arg>MC</arg>
<arg>MD</arg>
<arg>ME</arg>
<arg>MF</arg>
<arg>MG</arg>
<arg>MH</arg>
<arg>MK</arg>
<arg>ML</arg>
<arg>MM</arg>
<arg>MN</arg>
<arg>MO</arg>
<arg>MP</arg>
<arg>MQ</arg>
<arg>MR</arg>
<arg>MS</arg>
<arg>MT</arg>
<arg>MU</arg>
<arg>MV</arg>
<arg>MW</arg>
<arg>MX</arg>
<arg>MY</arg>
<arg>MZ</arg>
<arg>NA</arg>
<arg>NC</arg>
<arg>NE</arg>
<arg>NF</arg>
<arg>NG</arg>
<arg>NI</arg>
<arg>NL</arg>
<arg>NO</arg>
<arg>NP</arg>
<arg>NR</arg>
<arg>NU</arg>
<arg>NZ</arg>
<arg>OM</arg>
<arg>PA</arg>
<arg>PE</arg>
<arg>PF</arg>
<arg>PG</arg>
<arg>PH</arg>
<arg>PK</arg>
<arg>PL</arg>
<arg>PM</arg>
<arg>PN</arg>
<arg>PR</arg>
<arg>PS</arg>
<arg>PT</arg>
<arg>PW</arg>
<arg>PY</arg>
<arg>QA</arg>
<arg>RE</arg>
<arg>RO</arg>
<arg>RS</arg>
<arg>RU</arg>
<arg>RW</arg>
<arg>SA</arg>
<arg>SB</arg>
<arg>SC</arg>
<arg>SD</arg>
<arg>SE</arg>
<arg>SG</arg>
<arg>SH</arg>
<arg>SI</arg>
<arg>SJ</arg>
<arg>SK</arg>
<arg>SL</arg>
<arg>SM</arg>
<arg>SN</arg>
<arg>SO</arg>
<arg>SR</arg>
<arg>SS</arg>
<arg>ST</arg>
<arg>SV</arg>
<arg>SX</arg>
<arg>SY</arg>
<arg>SZ</arg>
<arg>TC</arg>
<arg>TD</arg>
<arg>TF</arg>
<arg>TG</arg>
<arg>TH</arg>
<arg>TJ</arg>
<arg>TK</arg>
<arg>TL</arg>
<arg>TM</arg>
<arg>TN</arg>
<arg>TO</arg>
<arg>TR</arg>
<arg>TT</arg>
<arg>TV</arg>
<arg>TW</arg>
<arg>TZ</arg>
<arg>UA</arg>
<arg>UG</arg>
<arg>UM</arg>
<arg>US</arg>
<arg>UY</arg>
<arg>UZ</arg>
<arg>VA</arg>
<arg>VC</arg>
<arg>VE</arg>
<arg>VG</arg>
<arg>VI</arg>
<arg>VN</arg>
<arg>VU</arg>
<arg>WF</arg>
<arg>WS</arg>
<arg>XK</arg>
<arg>YE</arg>
<arg>YT</arg>
<arg>ZA</arg>
<arg>ZM</arg>
<arg>ZW</arg>
<doc>Returns a list containing given items.</doc>
<status status="PASS" start="2024-08-02T01:08:11.859392" elapsed="0.000613"/>
</kw>
<kw name="List Should Contain Value" owner="Collections">
<arg>${list_country}</arg>
<arg>${name_country}</arg>
<doc>Fails if the ``value`` is not found from ``list``.</doc>
<status status="PASS" start="2024-08-02T01:08:11.860932" elapsed="0.000212"/>
</kw>
<kw name="Run Keyword If" owner="BuiltIn">
<kw name="Should Be True" owner="BuiltIn">
<arg>${True}</arg>
<doc>Fails if the given condition is not true.</doc>
<status status="PASS" start="2024-08-02T01:08:11.862089" elapsed="0.000144"/>
</kw>
<arg>${json_data["results"][0]["location"]["coordinates"]["latitude"]} &gt;= -90 and ${json_data["results"][0]["location"]["coordinates"]["latitude"]} &lt;= 90</arg>
<arg>Should Be True</arg>
<arg>${True}</arg>
<doc>Runs the given keyword with the given arguments, if ``condition`` is true.</doc>
<status status="PASS" start="2024-08-02T01:08:11.861345" elapsed="0.001013"/>
</kw>
<kw name="Run Keyword If" owner="BuiltIn">
<kw name="Should Be True" owner="BuiltIn">
<arg>${True}</arg>
<doc>Fails if the given condition is not true.</doc>
<status status="PASS" start="2024-08-02T01:08:11.863270" elapsed="0.000140"/>
</kw>
<arg>${json_data["results"][0]["location"]["coordinates"]["longitude"]} &gt;= -180 and ${json_data["results"][0]["location"]["coordinates"]["longitude"]} &lt;= 180</arg>
<arg>Should Be True</arg>
<arg>${True}</arg>
<doc>Runs the given keyword with the given arguments, if ``condition`` is true.</doc>
<status status="PASS" start="2024-08-02T01:08:11.862545" elapsed="0.000988"/>
</kw>
<status status="PASS" start="2024-08-02T01:08:11.756445" elapsed="0.107217"/>
</kw>
<doc>Testa o conteúdo específico dos campos retornados pela API.</doc>
<tag>testeConteudo</tag>
<status status="PASS" start="2024-08-02T01:08:11.756026" elapsed="0.107776"/>
</test>
<status status="PASS" start="2024-08-02T01:08:11.013290" elapsed="0.852351"/>
</suite>
<status status="PASS" start="2024-08-02T01:08:10.998935" elapsed="0.875604"/>
</suite>
<statistics>
<total>
<stat pass="5" fail="0" skip="0">All Tests</stat>
</total>
<tag>
<stat pass="1" fail="0" skip="0">testeConteudo</stat>
<stat pass="1" fail="0" skip="0">testeEstruturaResposta</stat>
<stat pass="1" fail="0" skip="0">testeRequisicaoBasica</stat>
<stat pass="1" fail="0" skip="0">testeTiposDados</stat>
</tag>
<suite>
<stat pass="5" fail="0" skip="0" id="s1" name="Tests">Tests</stat>
<stat pass="5" fail="0" skip="0" id="s1-s1" name="Random-User-Test">Tests.Random-User-Test</stat>
</suite>
</statistics>
<errors>
</errors>
</robot>
