<?xml version="1.0" encoding="UTF-8"?>
<robot generator="Robot 7.0.1 (Python 3.12.3 on linux)" generated="2024-06-14T02:31:51.365031" rpa="false" schemaversion="5">
<suite id="s1" name="Tests" source="/home/runner/work/ApiRandomUser/ApiRandomUser/RamdonUser/tests">
<suite id="s1-s1" name="Random-User-Test" source="/home/runner/work/ApiRandomUser/ApiRandomUser/RamdonUser/tests/random-user-test.robot">
<test id="s1-s1-t1" name="Conectar" line="13">
<kw name="Conectar API" owner="random-user-service">
<kw name="Create Session" owner="RequestsLibrary">
<msg time="2024-06-14T02:31:51.749152" level="INFO">Creating Session using : alias=consultarAPI, url=https://randomuser.me/, headers={},                     cookies={}, auth=None, timeout=None, proxies=None, verify=False,                     debug=0 </msg>
<arg>consultarAPI</arg>
<arg>${URL}</arg>
<doc>Create Session: create a HTTP session to a server</doc>
<status status="PASS" start="2024-06-14T02:31:51.748940" elapsed="0.000405"/>
</kw>
<status status="PASS" start="2024-06-14T02:31:51.747878" elapsed="0.001839"/>
</kw>
<status status="PASS" start="2024-06-14T02:31:51.747235" elapsed="0.002722"/>
</test>
<test id="s1-s1-t2" name="Validar retorno 200 e JSON Válido" line="16">
<kw name="Teste de Requisicao Basica" owner="random-user-service">
<kw name="GET On Session" owner="RequestsLibrary">
<msg time="2024-06-14T02:31:53.237129" level="INFO">GET Request : url=https://randomuser.me/api 
 path_url=/api 
 headers={'User-Agent': 'python-requests/2.32.3', 'Accept-Encoding': 'gzip, deflate', 'Accept': '*/*', 'Connection': 'keep-alive'} 
 body=None 
 </msg>
<msg time="2024-06-14T02:31:53.237287" level="INFO">GET Response : url=https://randomuser.me/api 
 status=200, reason=OK 
 headers={'Date': 'Fri, 14 Jun 2024 02:31:53 GMT', 'Content-Type': 'application/json; charset=utf-8', 'Transfer-Encoding': 'chunked', 'Connection': 'keep-alive', 'X-Powered-By': 'Express', 'Access-Control-Allow-Origin': '*', 'Cache-Control': 'no-cache', 'ETag': 'W/"4aa-dZ3S4OJ9I/94nQXlAFzXASpplBs"', 'Vary': 'Accept-Encoding', 'Content-Encoding': 'gzip', 'CF-Cache-Status': 'DYNAMIC', 'Report-To': '{"endpoints":[{"url":"https:\\/\\/a.nel.cloudflare.com\\/report\\/v4?s=7UBXwq%2BDlnc9El9b4aBgz685DbQlLv1d0inf%2F1uBdf29sKZA2aKWs22XTs9m6ooOeeKlzFd3%2FBiE5CYa6pAq4T1dV0ZoSqGXjRCaq%2F5JyEDgVaDyTfjz0Vc%2BWaUnGyI%2F"}],"group":"cf-nel","max_age":604800}', 'NEL': '{"success_fraction":0,"report_to":"cf-nel","max_age":604800}', 'Server': 'cloudflare', 'CF-RAY': '8936e815595707f8-IAD', 'alt-svc': 'h3=":443"; ma=86400'} 
 body={"results":[{"gender":"female","name":{"title":"Miss","first":"Luciara","last":"Almeida"},"location":{"street":{"number":8241,"name":"Rua Maranhão "},"city":"Brusque","state":"Pernambuco","country":"Brazil","postcode":13009,"coordinates":{"latitude":"-79.4231","longitude":"115.7242"},"timezone":{"offset":"+3:00","description":"Baghdad, Riyadh, Moscow, St. Petersburg"}},"email":"luciara.almeida@example.com","login":{"uuid":"9018d62a-025f-4245-8936-72aa84ce43d9","username":"happyladybug216","password":"callaway","salt":"jt9kttrJ","md5":"e9141464657d298b3c09333b44e82b22","sha1":"7d9b91c88f30a683ea7abbaf7791c8b60da4b30b","sha256":"45f761c03d9a9af24025d7b2d6d31dbd1762f74cc2eebb2cf74addecdadba292"},"dob":{"date":"1980-09-01T18:30:40.936Z","age":43},"registered":{"date":"2014-12-06T05:50:17.131Z","age":9},"phone":"(27) 8218-5675","cell":"(69) 0045-7204","id":{"name":"CPF","value":"971.457.607-77"},"picture":{"large":"https://randomuser.me/api/portraits/women/48.jpg","medium":"https://randomuser.me/api/portraits/med/women/48.jpg","thumbnail":"https://randomuser.me/api/portraits/thumb/women/48.jpg"},"nat":"BR"}],"info":{"seed":"3c613f80fad62c6c","results":1,"page":1,"version":"1.4"}} 
 </msg>
<msg time="2024-06-14T02:31:53.237369" level="INFO">/opt/hostedtoolcache/Python/3.12.3/x64/lib/python3.12/site-packages/urllib3/connectionpool.py:1103: InsecureRequestWarning: Unverified HTTPS request is being made to host 'randomuser.me'. Adding certificate verification is strongly advised. See: https://urllib3.readthedocs.io/en/latest/advanced-usage.html#tls-warnings
  warnings.warn(</msg>
<msg time="2024-06-14T02:31:53.237505" level="INFO">${response} = &lt;Response [200]&gt;</msg>
<var>${response}</var>
<arg>consultarAPI</arg>
<arg>/api</arg>
<doc>Sends a GET request on a previously created HTTP Session.</doc>
<status status="PASS" start="2024-06-14T02:31:51.752619" elapsed="1.484926"/>
</kw>
<kw name="Should Be Equal As Numbers" owner="BuiltIn">
<msg time="2024-06-14T02:31:53.238733" level="INFO">Argument types are:
&lt;class 'int'&gt;
&lt;class 'str'&gt;</msg>
<arg>${response.status_code}</arg>
<arg>200</arg>
<doc>Fails if objects are unequal after converting them to real numbers.</doc>
<status status="PASS" start="2024-06-14T02:31:53.238235" elapsed="0.000563"/>
</kw>
<kw name="Log" owner="BuiltIn">
<msg time="2024-06-14T02:31:53.239455" level="INFO">200</msg>
<arg>${response.status_code}</arg>
<doc>Logs the given message with the given level.</doc>
<status status="PASS" start="2024-06-14T02:31:53.239109" elapsed="0.000392"/>
</kw>
<kw name="Set Variable" owner="BuiltIn">
<msg time="2024-06-14T02:31:53.240243" level="INFO">${json_data} = {'results': [{'gender': 'female', 'name': {'title': 'Miss', 'first': 'Luciara', 'last': 'Almeida'}, 'location': {'street': {'number': 8241, 'name': 'Rua Maranhão '}, 'city': 'Brusque', 'state': 'Perna...</msg>
<var>${json_data}</var>
<arg>${response.json()}</arg>
<doc>Returns the given values which can then be assigned to a variables.</doc>
<status status="PASS" start="2024-06-14T02:31:53.239814" elapsed="0.000458"/>
</kw>
<kw name="Dictionary Should Contain Key" owner="Collections">
<arg>${json_data}</arg>
<arg>results</arg>
<doc>Fails if ``key`` is not found from ``dictionary``.</doc>
<status status="PASS" start="2024-06-14T02:31:53.240566" elapsed="0.000167"/>
</kw>
<status status="PASS" start="2024-06-14T02:31:51.752378" elapsed="1.488505"/>
</kw>
<doc>Testa se a API responde corretamente e retorna um objeto JSON válido.</doc>
<tag>testeRequisicaoBasica</tag>
<status status="PASS" start="2024-06-14T02:31:51.751839" elapsed="1.489219"/>
</test>
<test id="s1-s1-t3" name="Validar estrutura de resposta" line="22">
<kw name="Teste de Estrutura de Resposta" owner="random-user-service">
<kw name="GET On Session" owner="RequestsLibrary">
<msg time="2024-06-14T02:31:53.437037" level="INFO">GET Request : url=https://randomuser.me/api 
 path_url=/api 
 headers={'User-Agent': 'python-requests/2.32.3', 'Accept-Encoding': 'gzip, deflate', 'Accept': '*/*', 'Connection': 'keep-alive'} 
 body=None 
 </msg>
<msg time="2024-06-14T02:31:53.437151" level="INFO">GET Response : url=https://randomuser.me/api 
 status=200, reason=OK 
 headers={'Date': 'Fri, 14 Jun 2024 02:31:53 GMT', 'Content-Type': 'application/json; charset=utf-8', 'Transfer-Encoding': 'chunked', 'Connection': 'keep-alive', 'X-Powered-By': 'Express', 'Access-Control-Allow-Origin': '*', 'Cache-Control': 'no-cache', 'ETag': 'W/"481-mJnILkAwyaN1AF29gEW+xn1gG0E"', 'Vary': 'Accept-Encoding', 'Content-Encoding': 'gzip', 'CF-Cache-Status': 'DYNAMIC', 'Report-To': '{"endpoints":[{"url":"https:\\/\\/a.nel.cloudflare.com\\/report\\/v4?s=LsoKTIg7i3CkKuGUBK2FV7G1QM%2B%2F%2FeAZqkxx%2B9mfzwLEpvDppMk64T1ue94DYuHX7qaBh%2FdiG67nZeadHdKJzeY0RfwqRG8NyPbuJ6DLuDu5OYoYHQTv7x6evy8NGFUz"}],"group":"cf-nel","max_age":604800}', 'NEL': '{"success_fraction":0,"report_to":"cf-nel","max_age":604800}', 'Server': 'cloudflare', 'CF-RAY': '8936e81dcd0807f8-IAD', 'alt-svc': 'h3=":443"; ma=86400'} 
 body={"results":[{"gender":"male","name":{"title":"Mr","first":"Veselin","last":"Živanović"},"location":{"street":{"number":6233,"name":"Vojna Pošta"},"city":"Čoka","state":"Kosovo-Pomoravlje","country":"Serbia","postcode":58658,"coordinates":{"latitude":"58.9197","longitude":"-53.7709"},"timezone":{"offset":"-2:00","description":"Mid-Atlantic"}},"email":"veselin.zivanovic@example.com","login":{"uuid":"df69e338-223f-4650-a138-fce669827e5c","username":"brownlion974","password":"angelica","salt":"kjm7ywcM","md5":"4a1cd3ee71ff1088bcb5f74556c30a2a","sha1":"0c04a6d9a93648b14dc04d55a97e1336b22859ed","sha256":"e70f3ca3f6c19722acb50990c6bc2ccf1ea146fdd1a3634feeac69a7c7247e92"},"dob":{"date":"1987-10-08T02:02:02.826Z","age":36},"registered":{"date":"2020-07-22T17:52:53.155Z","age":3},"phone":"025-5149-377","cell":"068-5061-173","id":{"name":"SID","value":"222178117"},"picture":{"large":"https://randomuser.me/api/portraits/men/38.jpg","medium":"https://randomuser.me/api/portraits/med/men/38.jpg","thumbnail":"https://randomuser.me/api/portraits/thumb/men/38.jpg"},"nat":"RS"}],"info":{"seed":"2145b1ae15187fd6","results":1,"page":1,"version":"1.4"}} 
 </msg>
<msg time="2024-06-14T02:31:53.437322" level="INFO">/opt/hostedtoolcache/Python/3.12.3/x64/lib/python3.12/site-packages/urllib3/connectionpool.py:1103: InsecureRequestWarning: Unverified HTTPS request is being made to host 'randomuser.me'. Adding certificate verification is strongly advised. See: https://urllib3.readthedocs.io/en/latest/advanced-usage.html#tls-warnings
  warnings.warn(</msg>
<msg time="2024-06-14T02:31:53.437471" level="INFO">${response} = &lt;Response [200]&gt;</msg>
<var>${response}</var>
<arg>consultarAPI</arg>
<arg>/api</arg>
<doc>Sends a GET request on a previously created HTTP Session.</doc>
<status status="PASS" start="2024-06-14T02:31:53.243957" elapsed="0.193553"/>
</kw>
<kw name="Set Variable" owner="BuiltIn">
<msg time="2024-06-14T02:31:53.438703" level="INFO">${json_data} = {'results': [{'gender': 'male', 'name': {'title': 'Mr', 'first': 'Veselin', 'last': 'Živanović'}, 'location': {'street': {'number': 6233, 'name': 'Vojna Pošta'}, 'city': 'Čoka', 'state': 'Kosovo-Pomor...</msg>
<var>${json_data}</var>
<arg>${response.json()}</arg>
<doc>Returns the given values which can then be assigned to a variables.</doc>
<status status="PASS" start="2024-06-14T02:31:53.438153" elapsed="0.000582"/>
</kw>
<kw name="Log" owner="BuiltIn">
<msg time="2024-06-14T02:31:53.439203" level="INFO">{'results': [{'gender': 'male', 'name': {'title': 'Mr', 'first': 'Veselin', 'last': 'Živanović'}, 'location': {'street': {'number': 6233, 'name': 'Vojna Pošta'}, 'city': 'Čoka', 'state': 'Kosovo-Pomoravlje', 'country': 'Serbia', 'postcode': 58658, 'coordinates': {'latitude': '58.9197', 'longitude': '-53.7709'}, 'timezone': {'offset': '-2:00', 'description': 'Mid-Atlantic'}}, 'email': 'veselin.zivanovic@example.com', 'login': {'uuid': 'df69e338-223f-4650-a138-fce669827e5c', 'username': 'brownlion974', 'password': 'angelica', 'salt': 'kjm7ywcM', 'md5': '4a1cd3ee71ff1088bcb5f74556c30a2a', 'sha1': '0c04a6d9a93648b14dc04d55a97e1336b22859ed', 'sha256': 'e70f3ca3f6c19722acb50990c6bc2ccf1ea146fdd1a3634feeac69a7c7247e92'}, 'dob': {'date': '1987-10-08T02:02:02.826Z', 'age': 36}, 'registered': {'date': '2020-07-22T17:52:53.155Z', 'age': 3}, 'phone': '025-5149-377', 'cell': '068-5061-173', 'id': {'name': 'SID', 'value': '222178117'}, 'picture': {'large': 'https://randomuser.me/api/portraits/men/38.jpg', 'medium': 'https://randomuser.me/api/portraits/med/men/38.jpg', 'thumbnail': 'https://randomuser.me/api/portraits/thumb/men/38.jpg'}, 'nat': 'RS'}], 'info': {'seed': '2145b1ae15187fd6', 'results': 1, 'page': 1, 'version': '1.4'}}</msg>
<arg>${json_data}</arg>
<doc>Logs the given message with the given level.</doc>
<status status="PASS" start="2024-06-14T02:31:53.439041" elapsed="0.000213"/>
</kw>
<kw name="Dictionary Should Contain Key" owner="Collections">
<arg>${json_data}</arg>
<arg>results</arg>
<doc>Fails if ``key`` is not found from ``dictionary``.</doc>
<status status="PASS" start="2024-06-14T02:31:53.439552" elapsed="0.000156"/>
</kw>
<kw name="Should Not Be Empty" owner="BuiltIn">
<msg time="2024-06-14T02:31:53.440008" level="INFO">Length is 2.</msg>
<arg>${json_data}</arg>
<doc>Verifies that the given item is not empty.</doc>
<status status="PASS" start="2024-06-14T02:31:53.439887" elapsed="0.000156"/>
</kw>
<kw name="Create List" owner="BuiltIn">
<msg time="2024-06-14T02:31:53.440485" level="INFO">${expected_keys} = ['gender', 'name', 'location', 'email', 'login']</msg>
<var>${expected_keys}</var>
<arg>gender</arg>
<arg>name</arg>
<arg>location</arg>
<arg>email</arg>
<arg>login</arg>
<doc>Returns a list containing given items.</doc>
<status status="PASS" start="2024-06-14T02:31:53.440339" elapsed="0.000168"/>
</kw>
<for flavor="IN">
<iter>
<kw name="Dictionary Should Contain Key" owner="Collections">
<arg>${json_data['results'][0]}</arg>
<arg>${key}</arg>
<doc>Fails if ``key`` is not found from ``dictionary``.</doc>
<status status="PASS" start="2024-06-14T02:31:53.441081" elapsed="0.000413"/>
</kw>
<kw name="Log" owner="BuiltIn">
<msg time="2024-06-14T02:31:53.442105" level="INFO">{'gender': 'male', 'name': {'title': 'Mr', 'first': 'Veselin', 'last': 'Živanović'}, 'location': {'street': {'number': 6233, 'name': 'Vojna Pošta'}, 'city': 'Čoka', 'state': 'Kosovo-Pomoravlje', 'country': 'Serbia', 'postcode': 58658, 'coordinates': {'latitude': '58.9197', 'longitude': '-53.7709'}, 'timezone': {'offset': '-2:00', 'description': 'Mid-Atlantic'}}, 'email': 'veselin.zivanovic@example.com', 'login': {'uuid': 'df69e338-223f-4650-a138-fce669827e5c', 'username': 'brownlion974', 'password': 'angelica', 'salt': 'kjm7ywcM', 'md5': '4a1cd3ee71ff1088bcb5f74556c30a2a', 'sha1': '0c04a6d9a93648b14dc04d55a97e1336b22859ed', 'sha256': 'e70f3ca3f6c19722acb50990c6bc2ccf1ea146fdd1a3634feeac69a7c7247e92'}, 'dob': {'date': '1987-10-08T02:02:02.826Z', 'age': 36}, 'registered': {'date': '2020-07-22T17:52:53.155Z', 'age': 3}, 'phone': '025-5149-377', 'cell': '068-5061-173', 'id': {'name': 'SID', 'value': '222178117'}, 'picture': {'large': 'https://randomuser.me/api/portraits/men/38.jpg', 'medium': 'https://randomuser.me/api/portraits/med/men/38.jpg', 'thumbnail': 'https://randomuser.me/api/portraits/thumb/men/38.jpg'}, 'nat': 'RS'}</msg>
<arg>${json_data['results'][0]}</arg>
<doc>Logs the given message with the given level.</doc>
<status status="PASS" start="2024-06-14T02:31:53.441689" elapsed="0.000466"/>
</kw>
<kw name="Log" owner="BuiltIn">
<msg time="2024-06-14T02:31:53.442591" level="INFO">gender</msg>
<arg>${key}</arg>
<doc>Logs the given message with the given level.</doc>
<status status="PASS" start="2024-06-14T02:31:53.442463" elapsed="0.000165"/>
</kw>
<var name="${key}">gender</var>
<status status="PASS" start="2024-06-14T02:31:53.440952" elapsed="0.001896"/>
</iter>
<iter>
<kw name="Dictionary Should Contain Key" owner="Collections">
<arg>${json_data['results'][0]}</arg>
<arg>${key}</arg>
<doc>Fails if ``key`` is not found from ``dictionary``.</doc>
<status status="PASS" start="2024-06-14T02:31:53.443148" elapsed="0.000391"/>
</kw>
<kw name="Log" owner="BuiltIn">
<msg time="2024-06-14T02:31:53.444065" level="INFO">{'gender': 'male', 'name': {'title': 'Mr', 'first': 'Veselin', 'last': 'Živanović'}, 'location': {'street': {'number': 6233, 'name': 'Vojna Pošta'}, 'city': 'Čoka', 'state': 'Kosovo-Pomoravlje', 'country': 'Serbia', 'postcode': 58658, 'coordinates': {'latitude': '58.9197', 'longitude': '-53.7709'}, 'timezone': {'offset': '-2:00', 'description': 'Mid-Atlantic'}}, 'email': 'veselin.zivanovic@example.com', 'login': {'uuid': 'df69e338-223f-4650-a138-fce669827e5c', 'username': 'brownlion974', 'password': 'angelica', 'salt': 'kjm7ywcM', 'md5': '4a1cd3ee71ff1088bcb5f74556c30a2a', 'sha1': '0c04a6d9a93648b14dc04d55a97e1336b22859ed', 'sha256': 'e70f3ca3f6c19722acb50990c6bc2ccf1ea146fdd1a3634feeac69a7c7247e92'}, 'dob': {'date': '1987-10-08T02:02:02.826Z', 'age': 36}, 'registered': {'date': '2020-07-22T17:52:53.155Z', 'age': 3}, 'phone': '025-5149-377', 'cell': '068-5061-173', 'id': {'name': 'SID', 'value': '222178117'}, 'picture': {'large': 'https://randomuser.me/api/portraits/men/38.jpg', 'medium': 'https://randomuser.me/api/portraits/med/men/38.jpg', 'thumbnail': 'https://randomuser.me/api/portraits/thumb/men/38.jpg'}, 'nat': 'RS'}</msg>
<arg>${json_data['results'][0]}</arg>
<doc>Logs the given message with the given level.</doc>
<status status="PASS" start="2024-06-14T02:31:53.443720" elapsed="0.000426"/>
</kw>
<kw name="Log" owner="BuiltIn">
<msg time="2024-06-14T02:31:53.444581" level="INFO">name</msg>
<arg>${key}</arg>
<doc>Logs the given message with the given level.</doc>
<status status="PASS" start="2024-06-14T02:31:53.444447" elapsed="0.000172"/>
</kw>
<var name="${key}">name</var>
<status status="PASS" start="2024-06-14T02:31:53.443036" elapsed="0.001801"/>
</iter>
<iter>
<kw name="Dictionary Should Contain Key" owner="Collections">
<arg>${json_data['results'][0]}</arg>
<arg>${key}</arg>
<doc>Fails if ``key`` is not found from ``dictionary``.</doc>
<status status="PASS" start="2024-06-14T02:31:53.445128" elapsed="0.000380"/>
</kw>
<kw name="Log" owner="BuiltIn">
<msg time="2024-06-14T02:31:53.446074" level="INFO">{'gender': 'male', 'name': {'title': 'Mr', 'first': 'Veselin', 'last': 'Živanović'}, 'location': {'street': {'number': 6233, 'name': 'Vojna Pošta'}, 'city': 'Čoka', 'state': 'Kosovo-Pomoravlje', 'country': 'Serbia', 'postcode': 58658, 'coordinates': {'latitude': '58.9197', 'longitude': '-53.7709'}, 'timezone': {'offset': '-2:00', 'description': 'Mid-Atlantic'}}, 'email': 'veselin.zivanovic@example.com', 'login': {'uuid': 'df69e338-223f-4650-a138-fce669827e5c', 'username': 'brownlion974', 'password': 'angelica', 'salt': 'kjm7ywcM', 'md5': '4a1cd3ee71ff1088bcb5f74556c30a2a', 'sha1': '0c04a6d9a93648b14dc04d55a97e1336b22859ed', 'sha256': 'e70f3ca3f6c19722acb50990c6bc2ccf1ea146fdd1a3634feeac69a7c7247e92'}, 'dob': {'date': '1987-10-08T02:02:02.826Z', 'age': 36}, 'registered': {'date': '2020-07-22T17:52:53.155Z', 'age': 3}, 'phone': '025-5149-377', 'cell': '068-5061-173', 'id': {'name': 'SID', 'value': '222178117'}, 'picture': {'large': 'https://randomuser.me/api/portraits/men/38.jpg', 'medium': 'https://randomuser.me/api/portraits/med/men/38.jpg', 'thumbnail': 'https://randomuser.me/api/portraits/thumb/men/38.jpg'}, 'nat': 'RS'}</msg>
<arg>${json_data['results'][0]}</arg>
<doc>Logs the given message with the given level.</doc>
<status status="PASS" start="2024-06-14T02:31:53.445698" elapsed="0.000427"/>
</kw>
<kw name="Log" owner="BuiltIn">
<msg time="2024-06-14T02:31:53.446543" level="INFO">location</msg>
<arg>${key}</arg>
<doc>Logs the given message with the given level.</doc>
<status status="PASS" start="2024-06-14T02:31:53.446418" elapsed="0.000162"/>
</kw>
<var name="${key}">location</var>
<status status="PASS" start="2024-06-14T02:31:53.445017" elapsed="0.001782"/>
</iter>
<iter>
<kw name="Dictionary Should Contain Key" owner="Collections">
<arg>${json_data['results'][0]}</arg>
<arg>${key}</arg>
<doc>Fails if ``key`` is not found from ``dictionary``.</doc>
<status status="PASS" start="2024-06-14T02:31:53.447078" elapsed="0.000374"/>
</kw>
<kw name="Log" owner="BuiltIn">
<msg time="2024-06-14T02:31:53.447987" level="INFO">{'gender': 'male', 'name': {'title': 'Mr', 'first': 'Veselin', 'last': 'Živanović'}, 'location': {'street': {'number': 6233, 'name': 'Vojna Pošta'}, 'city': 'Čoka', 'state': 'Kosovo-Pomoravlje', 'country': 'Serbia', 'postcode': 58658, 'coordinates': {'latitude': '58.9197', 'longitude': '-53.7709'}, 'timezone': {'offset': '-2:00', 'description': 'Mid-Atlantic'}}, 'email': 'veselin.zivanovic@example.com', 'login': {'uuid': 'df69e338-223f-4650-a138-fce669827e5c', 'username': 'brownlion974', 'password': 'angelica', 'salt': 'kjm7ywcM', 'md5': '4a1cd3ee71ff1088bcb5f74556c30a2a', 'sha1': '0c04a6d9a93648b14dc04d55a97e1336b22859ed', 'sha256': 'e70f3ca3f6c19722acb50990c6bc2ccf1ea146fdd1a3634feeac69a7c7247e92'}, 'dob': {'date': '1987-10-08T02:02:02.826Z', 'age': 36}, 'registered': {'date': '2020-07-22T17:52:53.155Z', 'age': 3}, 'phone': '025-5149-377', 'cell': '068-5061-173', 'id': {'name': 'SID', 'value': '222178117'}, 'picture': {'large': 'https://randomuser.me/api/portraits/men/38.jpg', 'medium': 'https://randomuser.me/api/portraits/med/men/38.jpg', 'thumbnail': 'https://randomuser.me/api/portraits/thumb/men/38.jpg'}, 'nat': 'RS'}</msg>
<arg>${json_data['results'][0]}</arg>
<doc>Logs the given message with the given level.</doc>
<status status="PASS" start="2024-06-14T02:31:53.447632" elapsed="0.000404"/>
</kw>
<kw name="Log" owner="BuiltIn">
<msg time="2024-06-14T02:31:53.448458" level="INFO">email</msg>
<arg>${key}</arg>
<doc>Logs the given message with the given level.</doc>
<status status="PASS" start="2024-06-14T02:31:53.448330" elapsed="0.000167"/>
</kw>
<var name="${key}">email</var>
<status status="PASS" start="2024-06-14T02:31:53.446971" elapsed="0.001739"/>
</iter>
<iter>
<kw name="Dictionary Should Contain Key" owner="Collections">
<arg>${json_data['results'][0]}</arg>
<arg>${key}</arg>
<doc>Fails if ``key`` is not found from ``dictionary``.</doc>
<status status="PASS" start="2024-06-14T02:31:53.448987" elapsed="0.000379"/>
</kw>
<kw name="Log" owner="BuiltIn">
<msg time="2024-06-14T02:31:53.449968" level="INFO">{'gender': 'male', 'name': {'title': 'Mr', 'first': 'Veselin', 'last': 'Živanović'}, 'location': {'street': {'number': 6233, 'name': 'Vojna Pošta'}, 'city': 'Čoka', 'state': 'Kosovo-Pomoravlje', 'country': 'Serbia', 'postcode': 58658, 'coordinates': {'latitude': '58.9197', 'longitude': '-53.7709'}, 'timezone': {'offset': '-2:00', 'description': 'Mid-Atlantic'}}, 'email': 'veselin.zivanovic@example.com', 'login': {'uuid': 'df69e338-223f-4650-a138-fce669827e5c', 'username': 'brownlion974', 'password': 'angelica', 'salt': 'kjm7ywcM', 'md5': '4a1cd3ee71ff1088bcb5f74556c30a2a', 'sha1': '0c04a6d9a93648b14dc04d55a97e1336b22859ed', 'sha256': 'e70f3ca3f6c19722acb50990c6bc2ccf1ea146fdd1a3634feeac69a7c7247e92'}, 'dob': {'date': '1987-10-08T02:02:02.826Z', 'age': 36}, 'registered': {'date': '2020-07-22T17:52:53.155Z', 'age': 3}, 'phone': '025-5149-377', 'cell': '068-5061-173', 'id': {'name': 'SID', 'value': '222178117'}, 'picture': {'large': 'https://randomuser.me/api/portraits/men/38.jpg', 'medium': 'https://randomuser.me/api/portraits/med/men/38.jpg', 'thumbnail': 'https://randomuser.me/api/portraits/thumb/men/38.jpg'}, 'nat': 'RS'}</msg>
<arg>${json_data['results'][0]}</arg>
<doc>Logs the given message with the given level.</doc>
<status status="PASS" start="2024-06-14T02:31:53.449559" elapsed="0.000458"/>
</kw>
<kw name="Log" owner="BuiltIn">
<msg time="2024-06-14T02:31:53.450570" level="INFO">login</msg>
<arg>${key}</arg>
<doc>Logs the given message with the given level.</doc>
<status status="PASS" start="2024-06-14T02:31:53.450323" elapsed="0.000284"/>
</kw>
<var name="${key}">login</var>
<status status="PASS" start="2024-06-14T02:31:53.448880" elapsed="0.001942"/>
</iter>
<var>${key}</var>
<value>@{expected_keys}</value>
<status status="PASS" start="2024-06-14T02:31:53.440760" elapsed="0.010181"/>
</for>
<kw name="Create List" owner="BuiltIn">
<msg time="2024-06-14T02:31:53.451260" level="INFO">${expected_keysTwo} = ['username', 'password']</msg>
<var>${expected_keysTwo}</var>
<arg>username</arg>
<arg>password</arg>
<doc>Returns a list containing given items.</doc>
<status status="PASS" start="2024-06-14T02:31:53.451128" elapsed="0.000156"/>
</kw>
<for flavor="IN">
<iter>
<kw name="Dictionary Should Contain Key" owner="Collections">
<arg>${json_data['results'][0]['login']}</arg>
<arg>${keyTwo}</arg>
<doc>Fails if ``key`` is not found from ``dictionary``.</doc>
<status status="PASS" start="2024-06-14T02:31:53.451811" elapsed="0.000378"/>
</kw>
<kw name="Dictionary Should Contain Key" owner="Collections">
<arg>${json_data['results'][0]['login']}</arg>
<arg>${keyTwo}</arg>
<doc>Fails if ``key`` is not found from ``dictionary``.</doc>
<status status="PASS" start="2024-06-14T02:31:53.452368" elapsed="0.000362"/>
</kw>
<kw name="Log" owner="BuiltIn">
<msg time="2024-06-14T02:31:53.453023" level="INFO">username</msg>
<arg>${keyTwo}</arg>
<doc>Logs the given message with the given level.</doc>
<status status="PASS" start="2024-06-14T02:31:53.452906" elapsed="0.000153"/>
</kw>
<var name="${keyTwo}">username</var>
<status status="PASS" start="2024-06-14T02:31:53.451705" elapsed="0.001572"/>
</iter>
<iter>
<kw name="Dictionary Should Contain Key" owner="Collections">
<arg>${json_data['results'][0]['login']}</arg>
<arg>${keyTwo}</arg>
<doc>Fails if ``key`` is not found from ``dictionary``.</doc>
<status status="PASS" start="2024-06-14T02:31:53.453559" elapsed="0.000405"/>
</kw>
<kw name="Dictionary Should Contain Key" owner="Collections">
<arg>${json_data['results'][0]['login']}</arg>
<arg>${keyTwo}</arg>
<doc>Fails if ``key`` is not found from ``dictionary``.</doc>
<status status="PASS" start="2024-06-14T02:31:53.454142" elapsed="0.000362"/>
</kw>
<kw name="Log" owner="BuiltIn">
<msg time="2024-06-14T02:31:53.454795" level="INFO">password</msg>
<arg>${keyTwo}</arg>
<doc>Logs the given message with the given level.</doc>
<status status="PASS" start="2024-06-14T02:31:53.454679" elapsed="0.000152"/>
</kw>
<var name="${keyTwo}">password</var>
<status status="PASS" start="2024-06-14T02:31:53.453451" elapsed="0.001594"/>
</iter>
<var>${keyTwo}</var>
<value>@{expected_keysTwo}</value>
<status status="PASS" start="2024-06-14T02:31:53.451551" elapsed="0.003614"/>
</for>
<status status="PASS" start="2024-06-14T02:31:53.243704" elapsed="0.211601"/>
</kw>
<doc>Testa a estrutura da resposta da API.</doc>
<tag>testeEstruturaResposta</tag>
<status status="PASS" start="2024-06-14T02:31:53.242909" elapsed="0.212551"/>
</test>
<test id="s1-s1-t4" name="Validar tipos de dados" line="28">
<kw name="Teste de Tipos de Dados" owner="random-user-service">
<kw name="GET On Session" owner="RequestsLibrary">
<msg time="2024-06-14T02:31:53.538257" level="INFO">GET Request : url=https://randomuser.me/api 
 path_url=/api 
 headers={'User-Agent': 'python-requests/2.32.3', 'Accept-Encoding': 'gzip, deflate', 'Accept': '*/*', 'Connection': 'keep-alive'} 
 body=None 
 </msg>
<msg time="2024-06-14T02:31:53.538339" level="INFO">GET Response : url=https://randomuser.me/api 
 status=200, reason=OK 
 headers={'Date': 'Fri, 14 Jun 2024 02:31:53 GMT', 'Content-Type': 'application/json; charset=utf-8', 'Transfer-Encoding': 'chunked', 'Connection': 'keep-alive', 'X-Powered-By': 'Express', 'Access-Control-Allow-Origin': '*', 'Cache-Control': 'no-cache', 'ETag': 'W/"495-1oXIaAQrCPBq1WGAmqvmxQTlw/s"', 'Vary': 'Accept-Encoding', 'Content-Encoding': 'gzip', 'CF-Cache-Status': 'DYNAMIC', 'Report-To': '{"endpoints":[{"url":"https:\\/\\/a.nel.cloudflare.com\\/report\\/v4?s=oQmULrcbOrkfmb1IeTobdr9x5wDtiLC7YBs27avjBhysEmz1Zoxcv%2BXZt7vMAhfT2NLFTRdfXGpQTKbm%2FusU%2FKgF%2F0PLCjw1ixM%2BS1geVcB53HwpZmJs0x6zTDb1XsF%2B"}],"group":"cf-nel","max_age":604800}', 'NEL': '{"success_fraction":0,"report_to":"cf-nel","max_age":604800}', 'Server': 'cloudflare', 'CF-RAY': '8936e81f2f4e07f8-IAD', 'alt-svc': 'h3=":443"; ma=86400'} 
 body={"results":[{"gender":"female","name":{"title":"Miss","first":"Marilda","last":"Cavalcanti"},"location":{"street":{"number":3178,"name":"Rua Doze "},"city":"São Lourenço da Mata","state":"Amazonas","country":"Brazil","postcode":47473,"coordinates":{"latitude":"-76.9510","longitude":"57.8991"},"timezone":{"offset":"+3:30","description":"Tehran"}},"email":"marilda.cavalcanti@example.com","login":{"uuid":"a21955e2-6718-4cc9-a0d7-a0a9658daa48","username":"heavyostrich137","password":"splash","salt":"EhFUYKza","md5":"82837abf7a424f5120f3e7c540faced4","sha1":"80f9a3dfc616770f4c1926bbe2d3fd36470374d9","sha256":"43501bc6b9b1ebd3b3d8fa8ed861b3fa2f47c210df314169c90dedb7993077d9"},"dob":{"date":"1982-02-14T22:37:10.792Z","age":42},"registered":{"date":"2013-08-14T18:26:36.589Z","age":10},"phone":"(35) 8663-5304","cell":"(57) 4352-0139","id":{"name":"CPF","value":"287.742.858-38"},"picture":{"large":"https://randomuser.me/api/portraits/women/41.jpg","medium":"https://randomuser.me/api/portraits/med/women/41.jpg","thumbnail":"https://randomuser.me/api/portraits/thumb/women/41.jpg"},"nat":"BR"}],"info":{"seed":"a8dbb5991758972b","results":1,"page":1,"version":"1.4"}} 
 </msg>
<msg time="2024-06-14T02:31:53.538413" level="INFO">/opt/hostedtoolcache/Python/3.12.3/x64/lib/python3.12/site-packages/urllib3/connectionpool.py:1103: InsecureRequestWarning: Unverified HTTPS request is being made to host 'randomuser.me'. Adding certificate verification is strongly advised. See: https://urllib3.readthedocs.io/en/latest/advanced-usage.html#tls-warnings
  warnings.warn(</msg>
<msg time="2024-06-14T02:31:53.538523" level="INFO">${response} = &lt;Response [200]&gt;</msg>
<var>${response}</var>
<arg>consultarAPI</arg>
<arg>/api</arg>
<doc>Sends a GET request on a previously created HTTP Session.</doc>
<status status="PASS" start="2024-06-14T02:31:53.458008" elapsed="0.080564"/>
</kw>
<kw name="Set Variable" owner="BuiltIn">
<msg time="2024-06-14T02:31:53.539655" level="INFO">${json_data} = {'results': [{'gender': 'female', 'name': {'title': 'Miss', 'first': 'Marilda', 'last': 'Cavalcanti'}, 'location': {'street': {'number': 3178, 'name': 'Rua Doze '}, 'city': 'São Lourenço da Mata', 'st...</msg>
<var>${json_data}</var>
<arg>${response.json()}</arg>
<doc>Returns the given values which can then be assigned to a variables.</doc>
<status status="PASS" start="2024-06-14T02:31:53.539097" elapsed="0.000587"/>
</kw>
<kw name="Log" owner="BuiltIn">
<msg time="2024-06-14T02:31:53.540141" level="INFO">{'results': [{'gender': 'female', 'name': {'title': 'Miss', 'first': 'Marilda', 'last': 'Cavalcanti'}, 'location': {'street': {'number': 3178, 'name': 'Rua Doze '}, 'city': 'São Lourenço da Mata', 'state': 'Amazonas', 'country': 'Brazil', 'postcode': 47473, 'coordinates': {'latitude': '-76.9510', 'longitude': '57.8991'}, 'timezone': {'offset': '+3:30', 'description': 'Tehran'}}, 'email': 'marilda.cavalcanti@example.com', 'login': {'uuid': 'a21955e2-6718-4cc9-a0d7-a0a9658daa48', 'username': 'heavyostrich137', 'password': 'splash', 'salt': 'EhFUYKza', 'md5': '82837abf7a424f5120f3e7c540faced4', 'sha1': '80f9a3dfc616770f4c1926bbe2d3fd36470374d9', 'sha256': '43501bc6b9b1ebd3b3d8fa8ed861b3fa2f47c210df314169c90dedb7993077d9'}, 'dob': {'date': '1982-02-14T22:37:10.792Z', 'age': 42}, 'registered': {'date': '2013-08-14T18:26:36.589Z', 'age': 10}, 'phone': '(35) 8663-5304', 'cell': '(57) 4352-0139', 'id': {'name': 'CPF', 'value': '287.742.858-38'}, 'picture': {'large': 'https://randomuser.me/api/portraits/women/41.jpg', 'medium': 'https://randomuser.me/api/portraits/med/women/41.jpg', 'thumbnail': 'https://randomuser.me/api/portraits/thumb/women/41.jpg'}, 'nat': 'BR'}], 'info': {'seed': 'a8dbb5991758972b', 'results': 1, 'page': 1, 'version': '1.4'}}</msg>
<arg>${json_data}</arg>
<doc>Logs the given message with the given level.</doc>
<status status="PASS" start="2024-06-14T02:31:53.539987" elapsed="0.000202"/>
</kw>
<kw name="Should Be String" owner="String">
<arg>${json_data['results'][0]['gender']}</arg>
<doc>Fails if the given ``item`` is not a string.</doc>
<status status="PASS" start="2024-06-14T02:31:53.540492" elapsed="0.000367"/>
</kw>
<kw name="Should Match Regexp" owner="BuiltIn">
<arg>${json_data['results'][0]['email']}</arg>
<arg>^[a-zA-Z0-9._%+-]+@[a-zA-Z0-9.-]+\.[a-zA-Z]{2,}$</arg>
<doc>Fails if ``string`` does not match ``pattern`` as a regular expression.</doc>
<status status="PASS" start="2024-06-14T02:31:53.541045" elapsed="0.000501"/>
</kw>
<kw name="Should Match Regexp" owner="BuiltIn">
<arg>${json_data['results'][0]['dob']['date']}</arg>
<arg>\\d{4}-\\d{2}-\\d{2}T\\d{2}:\\d{2}:\\d{2}\\.\\d{3}Z</arg>
<doc>Fails if ``string`` does not match ``pattern`` as a regular expression.</doc>
<status status="PASS" start="2024-06-14T02:31:53.541813" elapsed="0.000500"/>
</kw>
<kw name="Should Match Regexp" owner="BuiltIn">
<arg>${json_data['results'][0]['registered']['date']}</arg>
<arg>\\d{4}-\\d{2}-\\d{2}T\\d{2}:\\d{2}:\\d{2}\\.\\d{3}Z</arg>
<doc>Fails if ``string`` does not match ``pattern`` as a regular expression.</doc>
<status status="PASS" start="2024-06-14T02:31:53.542504" elapsed="0.000360"/>
</kw>
<kw name="Should Match Regexp" owner="BuiltIn">
<arg>${json_data['results'][0]['picture']['large']}</arg>
<arg>^https?://.*\.(?:png|jpe?g|gif|bmp)$</arg>
<doc>Fails if ``string`` does not match ``pattern`` as a regular expression.</doc>
<status status="PASS" start="2024-06-14T02:31:53.543048" elapsed="0.000447"/>
</kw>
<kw name="Should Match Regexp" owner="BuiltIn">
<arg>${json_data['results'][0]['picture']['medium']}</arg>
<arg>^https?://.*\.(?:png|jpe?g|gif|bmp)$</arg>
<doc>Fails if ``string`` does not match ``pattern`` as a regular expression.</doc>
<status status="PASS" start="2024-06-14T02:31:53.543685" elapsed="0.000346"/>
</kw>
<kw name="Should Match Regexp" owner="BuiltIn">
<arg>${json_data['results'][0]['picture']['thumbnail']}</arg>
<arg>^https?://.*\.(?:png|jpe?g|gif|bmp)$</arg>
<doc>Fails if ``string`` does not match ``pattern`` as a regular expression.</doc>
<status status="PASS" start="2024-06-14T02:31:53.544216" elapsed="0.000349"/>
</kw>
<kw name="Log" owner="BuiltIn">
<msg time="2024-06-14T02:31:53.545062" level="INFO">{'large': 'https://randomuser.me/api/portraits/women/41.jpg', 'medium': 'https://randomuser.me/api/portraits/med/women/41.jpg', 'thumbnail': 'https://randomuser.me/api/portraits/thumb/women/41.jpg'}</msg>
<arg>${json_data['results'][0]['picture']}</arg>
<doc>Logs the given message with the given level.</doc>
<status status="PASS" start="2024-06-14T02:31:53.544744" elapsed="0.000360"/>
</kw>
<status status="PASS" start="2024-06-14T02:31:53.457771" elapsed="0.087587"/>
</kw>
<kw name="Teste de Tipos de Dados - Postcode" owner="random-user-service">
<kw name="GET On Session" owner="RequestsLibrary">
<msg time="2024-06-14T02:31:53.636057" level="INFO">GET Request : url=https://randomuser.me/api 
 path_url=/api 
 headers={'User-Agent': 'python-requests/2.32.3', 'Accept-Encoding': 'gzip, deflate', 'Accept': '*/*', 'Connection': 'keep-alive'} 
 body=None 
 </msg>
<msg time="2024-06-14T02:31:53.636139" level="INFO">GET Response : url=https://randomuser.me/api 
 status=200, reason=OK 
 headers={'Date': 'Fri, 14 Jun 2024 02:31:53 GMT', 'Content-Type': 'application/json; charset=utf-8', 'Transfer-Encoding': 'chunked', 'Connection': 'keep-alive', 'X-Powered-By': 'Express', 'Access-Control-Allow-Origin': '*', 'Cache-Control': 'no-cache', 'ETag': 'W/"4a3-Rb8OkQu8R1/k+xY7IdB+12OAjKw"', 'Vary': 'Accept-Encoding', 'Content-Encoding': 'gzip', 'CF-Cache-Status': 'DYNAMIC', 'Report-To': '{"endpoints":[{"url":"https:\\/\\/a.nel.cloudflare.com\\/report\\/v4?s=%2B1DY6LkVJYmFrXezCeY7A0FiD4c54%2FZ672NiVlA80SThBxj6Hf8li7YuVBWyJ3iAO80QMZbGTOy2hUBhkhuZp%2BshVaJtSRv%2BWeWMduWV0b7SwmdTThajHLF6L0COj%2B0e"}],"group":"cf-nel","max_age":604800}', 'NEL': '{"success_fraction":0,"report_to":"cf-nel","max_age":604800}', 'Server': 'cloudflare', 'CF-RAY': '8936e81fb80407f8-IAD', 'alt-svc': 'h3=":443"; ma=86400'} 
 body={"results":[{"gender":"male","name":{"title":"Monsieur","first":"Raffaele","last":"Morin"},"location":{"street":{"number":2880,"name":"Rue des Écoles"},"city":"Kappelen","state":"Luzern","country":"Switzerland","postcode":6570,"coordinates":{"latitude":"-62.1910","longitude":"-101.9549"},"timezone":{"offset":"+11:00","description":"Magadan, Solomon Islands, New Caledonia"}},"email":"raffaele.morin@example.com","login":{"uuid":"cbf4b660-2d46-4cb9-8a5f-249f93deb887","username":"goldenzebra247","password":"oooo","salt":"k2qyUTJb","md5":"d66c87731f6737bfb4d0c7f2641b87d3","sha1":"ee3aaa5d6e83d06b037a4cb675faa72a3aa4a724","sha256":"bb4d3769e92c26ae8b627325eebed371d40d57011de1305570cb0a77c1e85cbe"},"dob":{"date":"1960-09-23T14:56:20.400Z","age":63},"registered":{"date":"2014-07-18T15:51:39.938Z","age":9},"phone":"076 897 55 45","cell":"077 454 62 50","id":{"name":"AVS","value":"756.6307.8083.09"},"picture":{"large":"https://randomuser.me/api/portraits/men/98.jpg","medium":"https://randomuser.me/api/portraits/med/men/98.jpg","thumbnail":"https://randomuser.me/api/portraits/thumb/men/98.jpg"},"nat":"CH"}],"info":{"seed":"f676095d73848f59","results":1,"page":1,"version":"1.4"}} 
 </msg>
<msg time="2024-06-14T02:31:53.636220" level="INFO">/opt/hostedtoolcache/Python/3.12.3/x64/lib/python3.12/site-packages/urllib3/connectionpool.py:1103: InsecureRequestWarning: Unverified HTTPS request is being made to host 'randomuser.me'. Adding certificate verification is strongly advised. See: https://urllib3.readthedocs.io/en/latest/advanced-usage.html#tls-warnings
  warnings.warn(</msg>
<msg time="2024-06-14T02:31:53.636330" level="INFO">${response} = &lt;Response [200]&gt;</msg>
<var>${response}</var>
<arg>consultarAPI</arg>
<arg>/api</arg>
<doc>Sends a GET request on a previously created HTTP Session.</doc>
<status status="PASS" start="2024-06-14T02:31:53.545834" elapsed="0.090536"/>
</kw>
<kw name="Set Variable" owner="BuiltIn">
<msg time="2024-06-14T02:31:53.637479" level="INFO">${json_data} = {'results': [{'gender': 'male', 'name': {'title': 'Monsieur', 'first': 'Raffaele', 'last': 'Morin'}, 'location': {'street': {'number': 2880, 'name': 'Rue des Écoles'}, 'city': 'Kappelen', 'state': 'Lu...</msg>
<var>${json_data}</var>
<arg>${response.json()}</arg>
<doc>Returns the given values which can then be assigned to a variables.</doc>
<status status="PASS" start="2024-06-14T02:31:53.636906" elapsed="0.000603"/>
</kw>
<kw name="Log" owner="BuiltIn">
<msg time="2024-06-14T02:31:53.638016" level="INFO">{'results': [{'gender': 'male', 'name': {'title': 'Monsieur', 'first': 'Raffaele', 'last': 'Morin'}, 'location': {'street': {'number': 2880, 'name': 'Rue des Écoles'}, 'city': 'Kappelen', 'state': 'Luzern', 'country': 'Switzerland', 'postcode': 6570, 'coordinates': {'latitude': '-62.1910', 'longitude': '-101.9549'}, 'timezone': {'offset': '+11:00', 'description': 'Magadan, Solomon Islands, New Caledonia'}}, 'email': 'raffaele.morin@example.com', 'login': {'uuid': 'cbf4b660-2d46-4cb9-8a5f-249f93deb887', 'username': 'goldenzebra247', 'password': 'oooo', 'salt': 'k2qyUTJb', 'md5': 'd66c87731f6737bfb4d0c7f2641b87d3', 'sha1': 'ee3aaa5d6e83d06b037a4cb675faa72a3aa4a724', 'sha256': 'bb4d3769e92c26ae8b627325eebed371d40d57011de1305570cb0a77c1e85cbe'}, 'dob': {'date': '1960-09-23T14:56:20.400Z', 'age': 63}, 'registered': {'date': '2014-07-18T15:51:39.938Z', 'age': 9}, 'phone': '076 897 55 45', 'cell': '077 454 62 50', 'id': {'name': 'AVS', 'value': '756.6307.8083.09'}, 'picture': {'large': 'https://randomuser.me/api/portraits/men/98.jpg', 'medium': 'https://randomuser.me/api/portraits/med/men/98.jpg', 'thumbnail': 'https://randomuser.me/api/portraits/thumb/men/98.jpg'}, 'nat': 'CH'}], 'info': {'seed': 'f676095d73848f59', 'results': 1, 'page': 1, 'version': '1.4'}}</msg>
<arg>${json_data}</arg>
<doc>Logs the given message with the given level.</doc>
<status status="PASS" start="2024-06-14T02:31:53.637855" elapsed="0.000209"/>
</kw>
<kw name="Should Be Equal As Numbers" owner="BuiltIn">
<arg>${json_data['results'][0]['location']['postcode']}</arg>
<arg>${json_data['results'][0]['location']['postcode']}</arg>
<doc>Fails if objects are unequal after converting them to real numbers.</doc>
<status status="PASS" start="2024-06-14T02:31:53.638360" elapsed="0.000626"/>
</kw>
<kw name="Log" owner="BuiltIn">
<msg time="2024-06-14T02:31:53.639510" level="INFO">6570</msg>
<arg>${json_data['results'][0]['location']['postcode']}</arg>
<doc>Logs the given message with the given level.</doc>
<status status="PASS" start="2024-06-14T02:31:53.639175" elapsed="0.000374"/>
</kw>
<status status="PASS" start="2024-06-14T02:31:53.545575" elapsed="0.094252"/>
</kw>
<doc>Testa se os tipos de dados na resposta da API estão corretos.</doc>
<tag>testeTiposDados</tag>
<status status="PASS" start="2024-06-14T02:31:53.457198" elapsed="0.182797"/>
</test>
<test id="s1-s1-t5" name="Validar conteudo" line="35">
<kw name="Teste de Tipos de Conteudo" owner="random-user-service">
<kw name="GET On Session" owner="RequestsLibrary">
<msg time="2024-06-14T02:31:53.729999" level="INFO">GET Request : url=https://randomuser.me/api 
 path_url=/api 
 headers={'User-Agent': 'python-requests/2.32.3', 'Accept-Encoding': 'gzip, deflate', 'Accept': '*/*', 'Connection': 'keep-alive'} 
 body=None 
 </msg>
<msg time="2024-06-14T02:31:53.730083" level="INFO">GET Response : url=https://randomuser.me/api 
 status=200, reason=OK 
 headers={'Date': 'Fri, 14 Jun 2024 02:31:53 GMT', 'Content-Type': 'application/json; charset=utf-8', 'Transfer-Encoding': 'chunked', 'Connection': 'keep-alive', 'X-Powered-By': 'Express', 'Access-Control-Allow-Origin': '*', 'Cache-Control': 'no-cache', 'ETag': 'W/"4a1-0B9/8nejONXluTODfmgoWT4vC5I"', 'Vary': 'Accept-Encoding', 'Content-Encoding': 'gzip', 'CF-Cache-Status': 'DYNAMIC', 'Report-To': '{"endpoints":[{"url":"https:\\/\\/a.nel.cloudflare.com\\/report\\/v4?s=lxgPYHNdnefQZIzzVPn9IW3%2F%2FVa4ai978tgk0yp9Fhvd%2BPhGfHbgCYW4Eug%2B9S8GteUFVZbUusCfcHJ9De4FEA79UjhB0ciZfvJ0XcLK8yOxVilvYwiso9ftHZZH%2FMDO"}],"group":"cf-nel","max_age":604800}', 'NEL': '{"success_fraction":0,"report_to":"cf-nel","max_age":604800}', 'Server': 'cloudflare', 'CF-RAY': '8936e820489f07f8-IAD', 'alt-svc': 'h3=":443"; ma=86400'} 
 body={"results":[{"gender":"male","name":{"title":"Mr","first":"Inácio","last":"da Cunha"},"location":{"street":{"number":6315,"name":"Rua Das Flores "},"city":"Petrolina","state":"Santa Catarina","country":"Brazil","postcode":66828,"coordinates":{"latitude":"-75.0244","longitude":"-174.5915"},"timezone":{"offset":"+1:00","description":"Brussels, Copenhagen, Madrid, Paris"}},"email":"inacio.dacunha@example.com","login":{"uuid":"837a3ada-33d6-4780-9876-83e2d8530c51","username":"heavygorilla580","password":"lions","salt":"noYACHbw","md5":"8e39f18f36743d648bdd0ab0f4fc0b14","sha1":"668b640be0e6989f188a01e60097ea33efe9f8ad","sha256":"e85e45da275c75972f876a6c6dcf3b866aff9b160d848cd570cb2a0bc0e8c0e7"},"dob":{"date":"1956-10-17T23:38:27.395Z","age":67},"registered":{"date":"2020-11-09T00:08:19.274Z","age":3},"phone":"(85) 3207-3183","cell":"(11) 7251-8744","id":{"name":"CPF","value":"201.306.215-06"},"picture":{"large":"https://randomuser.me/api/portraits/men/16.jpg","medium":"https://randomuser.me/api/portraits/med/men/16.jpg","thumbnail":"https://randomuser.me/api/portraits/thumb/men/16.jpg"},"nat":"BR"}],"info":{"seed":"66821965aec45858","results":1,"page":1,"version":"1.4"}} 
 </msg>
<msg time="2024-06-14T02:31:53.730143" level="INFO">/opt/hostedtoolcache/Python/3.12.3/x64/lib/python3.12/site-packages/urllib3/connectionpool.py:1103: InsecureRequestWarning: Unverified HTTPS request is being made to host 'randomuser.me'. Adding certificate verification is strongly advised. See: https://urllib3.readthedocs.io/en/latest/advanced-usage.html#tls-warnings
  warnings.warn(</msg>
<msg time="2024-06-14T02:31:53.730236" level="INFO">${response} = &lt;Response [200]&gt;</msg>
<var>${response}</var>
<arg>consultarAPI</arg>
<arg>/api</arg>
<doc>Sends a GET request on a previously created HTTP Session.</doc>
<status status="PASS" start="2024-06-14T02:31:53.642487" elapsed="0.087790"/>
</kw>
<kw name="Set Variable" owner="BuiltIn">
<msg time="2024-06-14T02:31:53.731316" level="INFO">${json_data} = {'results': [{'gender': 'male', 'name': {'title': 'Mr', 'first': 'Inácio', 'last': 'da Cunha'}, 'location': {'street': {'number': 6315, 'name': 'Rua Das Flores '}, 'city': 'Petrolina', 'state': 'Santa...</msg>
<var>${json_data}</var>
<arg>${response.json()}</arg>
<doc>Returns the given values which can then be assigned to a variables.</doc>
<status status="PASS" start="2024-06-14T02:31:53.730765" elapsed="0.000579"/>
</kw>
<kw name="Set Variable" owner="BuiltIn">
<msg time="2024-06-14T02:31:53.732021" level="INFO">${name_title} = Mr</msg>
<var>${name_title}</var>
<arg>${json_data["results"][0]["name"]["title"]}</arg>
<doc>Returns the given values which can then be assigned to a variables.</doc>
<status status="PASS" start="2024-06-14T02:31:53.731645" elapsed="0.000400"/>
</kw>
<kw name="Create List" owner="BuiltIn">
<msg time="2024-06-14T02:31:53.732490" level="INFO">${allowed_titles} = ['Mr', 'Ms', 'Miss', 'Mrs', 'Madame', 'Monsieur']</msg>
<var>${allowed_titles}</var>
<arg>Mr</arg>
<arg>Ms</arg>
<arg>Miss</arg>
<arg>Mrs</arg>
<arg>Madame</arg>
<arg>Monsieur</arg>
<doc>Returns a list containing given items.</doc>
<status status="PASS" start="2024-06-14T02:31:53.732344" elapsed="0.000170"/>
</kw>
<kw name="List Should Contain Value" owner="Collections">
<arg>${allowed_titles}</arg>
<arg>${name_title}</arg>
<doc>Fails if the ``value`` is not found from ``list``.</doc>
<status status="PASS" start="2024-06-14T02:31:53.732808" elapsed="0.000184"/>
</kw>
<kw name="Set Variable" owner="BuiltIn">
<msg time="2024-06-14T02:31:53.733543" level="INFO">${name_country} = BR</msg>
<var>${name_country}</var>
<arg>${json_data["results"][0]["nat"]}</arg>
<doc>Returns the given values which can then be assigned to a variables.</doc>
<status status="PASS" start="2024-06-14T02:31:53.733169" elapsed="0.000398"/>
</kw>
<kw name="Create List" owner="BuiltIn">
<msg time="2024-06-14T02:31:53.734495" level="INFO">${list_country} = ['AD', 'AE', 'AF', 'AG', 'AI', 'AL', 'AM', 'AO', 'AQ', 'AR', 'AS', 'AT', 'AU', 'AW', 'AX', 'AZ', 'BA', 'BB', 'BD', 'BE', 'BF', 'BG', 'BH', 'BI', 'BJ', 'BL', 'BM', 'BN', 'BO', 'BQ', 'BR', 'BS', 'BT', '...</msg>
<var>${list_country}</var>
<arg>AD</arg>
<arg>AE</arg>
<arg>AF</arg>
<arg>AG</arg>
<arg>AI</arg>
<arg>AL</arg>
<arg>AM</arg>
<arg>AO</arg>
<arg>AQ</arg>
<arg>AR</arg>
<arg>AS</arg>
<arg>AT</arg>
<arg>AU</arg>
<arg>AW</arg>
<arg>AX</arg>
<arg>AZ</arg>
<arg>BA</arg>
<arg>BB</arg>
<arg>BD</arg>
<arg>BE</arg>
<arg>BF</arg>
<arg>BG</arg>
<arg>BH</arg>
<arg>BI</arg>
<arg>BJ</arg>
<arg>BL</arg>
<arg>BM</arg>
<arg>BN</arg>
<arg>BO</arg>
<arg>BQ</arg>
<arg>BR</arg>
<arg>BS</arg>
<arg>BT</arg>
<arg>BV</arg>
<arg>BW</arg>
<arg>BY</arg>
<arg>BZ</arg>
<arg>CA</arg>
<arg>CC</arg>
<arg>CD</arg>
<arg>CF</arg>
<arg>CG</arg>
<arg>CH</arg>
<arg>CI</arg>
<arg>CK</arg>
<arg>CL</arg>
<arg>CM</arg>
<arg>CN</arg>
<arg>CO</arg>
<arg>CR</arg>
<arg>CU</arg>
<arg>CV</arg>
<arg>CW</arg>
<arg>CX</arg>
<arg>CY</arg>
<arg>CZ</arg>
<arg>DE</arg>
<arg>DJ</arg>
<arg>DK</arg>
<arg>DM</arg>
<arg>DO</arg>
<arg>DZ</arg>
<arg>EC</arg>
<arg>EE</arg>
<arg>EG</arg>
<arg>EH</arg>
<arg>ER</arg>
<arg>ES</arg>
<arg>ET</arg>
<arg>FI</arg>
<arg>FJ</arg>
<arg>FK</arg>
<arg>FM</arg>
<arg>FO</arg>
<arg>FR</arg>
<arg>GA</arg>
<arg>GB</arg>
<arg>GD</arg>
<arg>GE</arg>
<arg>GF</arg>
<arg>GG</arg>
<arg>GH</arg>
<arg>GI</arg>
<arg>GL</arg>
<arg>GM</arg>
<arg>GN</arg>
<arg>GP</arg>
<arg>GQ</arg>
<arg>GR</arg>
<arg>GS</arg>
<arg>GT</arg>
<arg>GU</arg>
<arg>GW</arg>
<arg>GY</arg>
<arg>HK</arg>
<arg>HM</arg>
<arg>HN</arg>
<arg>HR</arg>
<arg>HT</arg>
<arg>HU</arg>
<arg>ID</arg>
<arg>IE</arg>
<arg>IL</arg>
<arg>IM</arg>
<arg>IN</arg>
<arg>IO</arg>
<arg>IQ</arg>
<arg>IR</arg>
<arg>IS</arg>
<arg>IT</arg>
<arg>JE</arg>
<arg>JM</arg>
<arg>JO</arg>
<arg>JP</arg>
<arg>KE</arg>
<arg>KG</arg>
<arg>KH</arg>
<arg>KI</arg>
<arg>KM</arg>
<arg>KN</arg>
<arg>KP</arg>
<arg>KR</arg>
<arg>KW</arg>
<arg>KY</arg>
<arg>KZ</arg>
<arg>LA</arg>
<arg>LB</arg>
<arg>LC</arg>
<arg>LI</arg>
<arg>LK</arg>
<arg>LR</arg>
<arg>LS</arg>
<arg>LT</arg>
<arg>LU</arg>
<arg>LV</arg>
<arg>LY</arg>
<arg>MA</arg>
<arg>MC</arg>
<arg>MD</arg>
<arg>ME</arg>
<arg>MF</arg>
<arg>MG</arg>
<arg>MH</arg>
<arg>MK</arg>
<arg>ML</arg>
<arg>MM</arg>
<arg>MN</arg>
<arg>MO</arg>
<arg>MP</arg>
<arg>MQ</arg>
<arg>MR</arg>
<arg>MS</arg>
<arg>MT</arg>
<arg>MU</arg>
<arg>MV</arg>
<arg>MW</arg>
<arg>MX</arg>
<arg>MY</arg>
<arg>MZ</arg>
<arg>NA</arg>
<arg>NC</arg>
<arg>NE</arg>
<arg>NF</arg>
<arg>NG</arg>
<arg>NI</arg>
<arg>NL</arg>
<arg>NO</arg>
<arg>NP</arg>
<arg>NR</arg>
<arg>NU</arg>
<arg>NZ</arg>
<arg>OM</arg>
<arg>PA</arg>
<arg>PE</arg>
<arg>PF</arg>
<arg>PG</arg>
<arg>PH</arg>
<arg>PK</arg>
<arg>PL</arg>
<arg>PM</arg>
<arg>PN</arg>
<arg>PR</arg>
<arg>PS</arg>
<arg>PT</arg>
<arg>PW</arg>
<arg>PY</arg>
<arg>QA</arg>
<arg>RE</arg>
<arg>RO</arg>
<arg>RS</arg>
<arg>RU</arg>
<arg>RW</arg>
<arg>SA</arg>
<arg>SB</arg>
<arg>SC</arg>
<arg>SD</arg>
<arg>SE</arg>
<arg>SG</arg>
<arg>SH</arg>
<arg>SI</arg>
<arg>SJ</arg>
<arg>SK</arg>
<arg>SL</arg>
<arg>SM</arg>
<arg>SN</arg>
<arg>SO</arg>
<arg>SR</arg>
<arg>SS</arg>
<arg>ST</arg>
<arg>SV</arg>
<arg>SX</arg>
<arg>SY</arg>
<arg>SZ</arg>
<arg>TC</arg>
<arg>TD</arg>
<arg>TF</arg>
<arg>TG</arg>
<arg>TH</arg>
<arg>TJ</arg>
<arg>TK</arg>
<arg>TL</arg>
<arg>TM</arg>
<arg>TN</arg>
<arg>TO</arg>
<arg>TR</arg>
<arg>TT</arg>
<arg>TV</arg>
<arg>TW</arg>
<arg>TZ</arg>
<arg>UA</arg>
<arg>UG</arg>
<arg>UM</arg>
<arg>US</arg>
<arg>UY</arg>
<arg>UZ</arg>
<arg>VA</arg>
<arg>VC</arg>
<arg>VE</arg>
<arg>VG</arg>
<arg>VI</arg>
<arg>VN</arg>
<arg>VU</arg>
<arg>WF</arg>
<arg>WS</arg>
<arg>XK</arg>
<arg>YE</arg>
<arg>YT</arg>
<arg>ZA</arg>
<arg>ZM</arg>
<arg>ZW</arg>
<doc>Returns a list containing given items.</doc>
<status status="PASS" start="2024-06-14T02:31:53.733895" elapsed="0.000625"/>
</kw>
<kw name="List Should Contain Value" owner="Collections">
<arg>${list_country}</arg>
<arg>${name_country}</arg>
<doc>Fails if the ``value`` is not found from ``list``.</doc>
<status status="PASS" start="2024-06-14T02:31:53.735315" elapsed="0.000201"/>
</kw>
<kw name="Run Keyword If" owner="BuiltIn">
<kw name="Should Be True" owner="BuiltIn">
<arg>${True}</arg>
<doc>Fails if the given condition is not true.</doc>
<status status="PASS" start="2024-06-14T02:31:53.736559" elapsed="0.000140"/>
</kw>
<arg>${json_data["results"][0]["location"]["coordinates"]["latitude"]} &gt;= -90 and ${json_data["results"][0]["location"]["coordinates"]["latitude"]} &lt;= 90</arg>
<arg>Should Be True</arg>
<arg>${True}</arg>
<doc>Runs the given keyword with the given arguments, if ``condition`` is true.</doc>
<status status="PASS" start="2024-06-14T02:31:53.735715" elapsed="0.001111"/>
</kw>
<kw name="Run Keyword If" owner="BuiltIn">
<kw name="Should Be True" owner="BuiltIn">
<arg>${True}</arg>
<doc>Fails if the given condition is not true.</doc>
<status status="PASS" start="2024-06-14T02:31:53.737690" elapsed="0.000162"/>
</kw>
<arg>${json_data["results"][0]["location"]["coordinates"]["longitude"]} &gt;= -180 and ${json_data["results"][0]["location"]["coordinates"]["longitude"]} &lt;= 180</arg>
<arg>Should Be True</arg>
<arg>${True}</arg>
<doc>Runs the given keyword with the given arguments, if ``condition`` is true.</doc>
<status status="PASS" start="2024-06-14T02:31:53.737007" elapsed="0.000971"/>
</kw>
<status status="PASS" start="2024-06-14T02:31:53.642261" elapsed="0.095846"/>
</kw>
<doc>Testa o conteúdo específico dos campos retornados pela API.</doc>
<tag>testeConteudo</tag>
<status status="PASS" start="2024-06-14T02:31:53.641704" elapsed="0.096549"/>
</test>
<status status="PASS" start="2024-06-14T02:31:51.422828" elapsed="2.317369"/>
</suite>
<status status="PASS" start="2024-06-14T02:31:51.409426" elapsed="2.335860"/>
</suite>
<statistics>
<total>
<stat pass="5" fail="0" skip="0">All Tests</stat>
</total>
<tag>
<stat pass="1" fail="0" skip="0">testeConteudo</stat>
<stat pass="1" fail="0" skip="0">testeEstruturaResposta</stat>
<stat pass="1" fail="0" skip="0">testeRequisicaoBasica</stat>
<stat pass="1" fail="0" skip="0">testeTiposDados</stat>
</tag>
<suite>
<stat pass="5" fail="0" skip="0" id="s1" name="Tests">Tests</stat>
<stat pass="5" fail="0" skip="0" id="s1-s1" name="Random-User-Test">Tests.Random-User-Test</stat>
</suite>
</statistics>
<errors>
</errors>
</robot>
