<?xml version="1.0" encoding="UTF-8"?>
<robot generator="Robot 7.0 (Python 3.12.3 on linux)" generated="2024-05-11T15:13:26.596156" rpa="false" schemaversion="5">
<suite id="s1" name="Tests" source="/home/runner/work/DesafioQAItauRogerioJordao/DesafioQAItauRogerioJordao/RamdonUser/tests">
<suite id="s1-s1" name="Random-User-Test" source="/home/runner/work/DesafioQAItauRogerioJordao/DesafioQAItauRogerioJordao/RamdonUser/tests/random-user-test.robot">
<test id="s1-s1-t1" name="Conectar" line="13">
<kw name="Conectar API" owner="random-user-service">
<kw name="Create Session" owner="RequestsLibrary">
<msg time="2024-05-11T15:13:26.962084" level="INFO">Creating Session using : alias=consultarAPI, url=https://randomuser.me/, headers={},                     cookies={}, auth=None, timeout=None, proxies=None, verify=False,                     debug=0 </msg>
<arg>consultarAPI</arg>
<arg>${URL}</arg>
<doc>Create Session: create a HTTP session to a server</doc>
<status status="PASS" start="2024-05-11T15:13:26.961884" elapsed="0.000404"/>
</kw>
<status status="PASS" start="2024-05-11T15:13:26.960905" elapsed="0.001747"/>
</kw>
<status status="PASS" start="2024-05-11T15:13:26.960356" elapsed="0.002486"/>
</test>
<test id="s1-s1-t2" name="Validar retorno 200 e JSON Válido" line="16">
<kw name="Teste de Requisicao Basica" owner="random-user-service">
<kw name="GET On Session" owner="RequestsLibrary">
<msg time="2024-05-11T15:13:27.103128" level="INFO">GET Request : url=https://randomuser.me/api 
 path_url=/api 
 headers={'User-Agent': 'python-requests/2.31.0', 'Accept-Encoding': 'gzip, deflate', 'Accept': '*/*', 'Connection': 'keep-alive'} 
 body=None 
 </msg>
<msg time="2024-05-11T15:13:27.103308" level="INFO">GET Response : url=https://randomuser.me/api 
 status=200, reason=OK 
 headers={'Date': 'Sat, 11 May 2024 15:13:27 GMT', 'Content-Type': 'application/json; charset=utf-8', 'Transfer-Encoding': 'chunked', 'Connection': 'keep-alive', 'X-Powered-By': 'Express', 'Access-Control-Allow-Origin': '*', 'Cache-Control': 'no-cache', 'ETag': 'W/"477-YVJ1ANFJQPxakAar+MuGgsxlTHY"', 'Vary': 'Accept-Encoding', 'Content-Encoding': 'gzip', 'CF-Cache-Status': 'DYNAMIC', 'Report-To': '{"endpoints":[{"url":"https:\\/\\/a.nel.cloudflare.com\\/report\\/v4?s=U9ea31vWBQHrUSvcKyU8ZUZkUD6Z6qs8hyJmEMFbOFChtEYE9pJyp%2Fm7SbWl%2B3Ow2TSXsU9bZ2ruKCL3CmEnH%2BRNsniN0K0femYA6V%2Fn%2BFFnIQ8ZafEe7T3qBU2mkX33"}],"group":"cf-nel","max_age":604800}', 'NEL': '{"success_fraction":0,"report_to":"cf-nel","max_age":604800}', 'Server': 'cloudflare', 'CF-RAY': '88231cefb814876c-ORD', 'alt-svc': 'h3=":443"; ma=86400'} 
 body={"results":[{"gender":"male","name":{"title":"Mr","first":"Kadir","last":"Tütüncü"},"location":{"street":{"number":5808,"name":"Şehitler Cd"},"city":"Yalova","state":"Tunceli","country":"Turkey","postcode":90010,"coordinates":{"latitude":"67.7273","longitude":"-142.4685"},"timezone":{"offset":"-8:00","description":"Pacific Time (US &amp; Canada)"}},"email":"kadir.tutuncu@example.com","login":{"uuid":"7d295fce-af53-48a9-bc04-ac5ea0b34cd7","username":"angryfish672","password":"shua","salt":"O7woFPKQ","md5":"d3da21a1f53f81611238c3d59d87bb9d","sha1":"75b4192655910e761c11a98a37112187f38b3fef","sha256":"ed7a1ea8e07cdcfedf45f94103b116595bef3f6486d53ddbf64311b90df7c481"},"dob":{"date":"1988-11-06T11:45:44.527Z","age":35},"registered":{"date":"2009-09-04T00:15:14.554Z","age":14},"phone":"(607)-237-8463","cell":"(224)-532-1675","id":{"name":"","value":null},"picture":{"large":"https://randomuser.me/api/portraits/men/90.jpg","medium":"https://randomuser.me/api/portraits/med/men/90.jpg","thumbnail":"https://randomuser.me/api/portraits/thumb/men/90.jpg"},"nat":"TR"}],"info":{"seed":"09bf3c66dfac6b15","results":1,"page":1,"version":"1.4"}} 
 </msg>
<msg time="2024-05-11T15:13:27.103409" level="INFO">/opt/hostedtoolcache/Python/3.12.3/x64/lib/python3.12/site-packages/urllib3/connectionpool.py:1103: InsecureRequestWarning: Unverified HTTPS request is being made to host 'randomuser.me'. Adding certificate verification is strongly advised. See: https://urllib3.readthedocs.io/en/latest/advanced-usage.html#tls-warnings
  warnings.warn(</msg>
<msg time="2024-05-11T15:13:27.103574" level="INFO">${response} = &lt;Response [200]&gt;</msg>
<var>${response}</var>
<arg>consultarAPI</arg>
<arg>/api</arg>
<doc>Sends a GET request on a previously created HTTP Session.</doc>
<status status="PASS" start="2024-05-11T15:13:26.965425" elapsed="0.138193"/>
</kw>
<kw name="Should Be Equal As Numbers" owner="BuiltIn">
<msg time="2024-05-11T15:13:27.104624" level="INFO">Argument types are:
&lt;class 'int'&gt;
&lt;class 'str'&gt;</msg>
<arg>${response.status_code}</arg>
<arg>200</arg>
<doc>Fails if objects are unequal after converting them to real numbers.</doc>
<status status="PASS" start="2024-05-11T15:13:27.104163" elapsed="0.000527"/>
</kw>
<kw name="Log" owner="BuiltIn">
<msg time="2024-05-11T15:13:27.105405" level="INFO">200</msg>
<arg>${response.status_code}</arg>
<doc>Logs the given message with the given level.</doc>
<status status="PASS" start="2024-05-11T15:13:27.105046" elapsed="0.000402"/>
</kw>
<kw name="Set Variable" owner="BuiltIn">
<msg time="2024-05-11T15:13:27.106219" level="INFO">${json_data} = {'results': [{'gender': 'male', 'name': {'title': 'Mr', 'first': 'Kadir', 'last': 'Tütüncü'}, 'location': {'street': {'number': 5808, 'name': 'Şehitler Cd'}, 'city': 'Yalova', 'state': 'Tunceli', 'cou...</msg>
<var>${json_data}</var>
<arg>${response.json()}</arg>
<doc>Returns the given values which can then be assigned to a variables.</doc>
<status status="PASS" start="2024-05-11T15:13:27.105757" elapsed="0.000493"/>
</kw>
<kw name="Dictionary Should Contain Key" owner="Collections">
<msg time="2024-05-11T15:13:27.106739" level="INFO">False</msg>
<arg>${json_data}</arg>
<arg>results</arg>
<doc>Fails if ``key`` is not found from ``dictionary``.</doc>
<status status="PASS" start="2024-05-11T15:13:27.106556" elapsed="0.000225"/>
</kw>
<status status="PASS" start="2024-05-11T15:13:26.965184" elapsed="0.141858"/>
</kw>
<doc>Testa se a API responde corretamente e retorna um objeto JSON válido.</doc>
<tag>testeRequisicaoBasica</tag>
<status status="PASS" start="2024-05-11T15:13:26.964731" elapsed="0.142498"/>
</test>
<test id="s1-s1-t3" name="Validar estrutura de resposta" line="22">
<kw name="Teste de Estrutura de Resposta" owner="random-user-service">
<kw name="GET On Session" owner="RequestsLibrary">
<msg time="2024-05-11T15:13:27.194907" level="INFO">GET Request : url=https://randomuser.me/api 
 path_url=/api 
 headers={'User-Agent': 'python-requests/2.31.0', 'Accept-Encoding': 'gzip, deflate', 'Accept': '*/*', 'Connection': 'keep-alive'} 
 body=None 
 </msg>
<msg time="2024-05-11T15:13:27.195005" level="INFO">GET Response : url=https://randomuser.me/api 
 status=200, reason=OK 
 headers={'Date': 'Sat, 11 May 2024 15:13:27 GMT', 'Content-Type': 'application/json; charset=utf-8', 'Transfer-Encoding': 'chunked', 'Connection': 'keep-alive', 'X-Powered-By': 'Express', 'Access-Control-Allow-Origin': '*', 'Cache-Control': 'no-cache', 'ETag': 'W/"46b-sn+5P5zMHQXHU43Dp3ECx8JoYf0"', 'Vary': 'Accept-Encoding', 'Content-Encoding': 'gzip', 'CF-Cache-Status': 'DYNAMIC', 'Report-To': '{"endpoints":[{"url":"https:\\/\\/a.nel.cloudflare.com\\/report\\/v4?s=u%2FM3%2FU4qh5NAHF%2FRrg4N7kQvibl5XlCvWeZmgAxjvS2K0HlTVKvDYxPQsf%2FixMSlOyQxI5Ozy7lHDv70%2BEBLJjoKyOCImGT5wNy5YaSsqDSdpIEbyYohBctOuRbJa6tz"}],"group":"cf-nel","max_age":604800}', 'NEL': '{"success_fraction":0,"report_to":"cf-nel","max_age":604800}', 'Server': 'cloudflare', 'CF-RAY': '88231cf078e5876c-ORD', 'alt-svc': 'h3=":443"; ma=86400'} 
 body={"results":[{"gender":"male","name":{"title":"Mr","first":"Mstibog","last":"Kalyuzhniy"},"location":{"street":{"number":3624,"name":"Demiyivska"},"city":"Slavutich","state":"Rivnenska","country":"Ukraine","postcode":89104,"coordinates":{"latitude":"80.0293","longitude":"-91.5039"},"timezone":{"offset":"+3:30","description":"Tehran"}},"email":"mstibog.kalyuzhniy@example.com","login":{"uuid":"95954cbe-6620-421b-bcee-f97131044ca8","username":"tinytiger968","password":"sarah","salt":"yxkbjgS8","md5":"c609e3bea2b1a68aeeba10391409358d","sha1":"a62ea79140881397f6416878bf1d04d8e5578cac","sha256":"879a6da660647f95d15230427645c934726545694cf5899be33b4c179ccc4feb"},"dob":{"date":"1978-08-01T05:17:31.733Z","age":45},"registered":{"date":"2011-05-06T04:15:00.820Z","age":13},"phone":"(067) B02-2765","cell":"(068) L30-3226","id":{"name":"","value":null},"picture":{"large":"https://randomuser.me/api/portraits/men/9.jpg","medium":"https://randomuser.me/api/portraits/med/men/9.jpg","thumbnail":"https://randomuser.me/api/portraits/thumb/men/9.jpg"},"nat":"UA"}],"info":{"seed":"d81e9a558cdb93cb","results":1,"page":1,"version":"1.4"}} 
 </msg>
<msg time="2024-05-11T15:13:27.195134" level="INFO">/opt/hostedtoolcache/Python/3.12.3/x64/lib/python3.12/site-packages/urllib3/connectionpool.py:1103: InsecureRequestWarning: Unverified HTTPS request is being made to host 'randomuser.me'. Adding certificate verification is strongly advised. See: https://urllib3.readthedocs.io/en/latest/advanced-usage.html#tls-warnings
  warnings.warn(</msg>
<msg time="2024-05-11T15:13:27.195309" level="INFO">${response} = &lt;Response [200]&gt;</msg>
<var>${response}</var>
<arg>consultarAPI</arg>
<arg>/api</arg>
<doc>Sends a GET request on a previously created HTTP Session.</doc>
<status status="PASS" start="2024-05-11T15:13:27.109961" elapsed="0.085390"/>
</kw>
<kw name="Set Variable" owner="BuiltIn">
<msg time="2024-05-11T15:13:27.196382" level="INFO">${json_data} = {'results': [{'gender': 'male', 'name': {'title': 'Mr', 'first': 'Mstibog', 'last': 'Kalyuzhniy'}, 'location': {'street': {'number': 3624, 'name': 'Demiyivska'}, 'city': 'Slavutich', 'state': 'Rivnens...</msg>
<var>${json_data}</var>
<arg>${response.json()}</arg>
<doc>Returns the given values which can then be assigned to a variables.</doc>
<status status="PASS" start="2024-05-11T15:13:27.195849" elapsed="0.000562"/>
</kw>
<kw name="Log" owner="BuiltIn">
<msg time="2024-05-11T15:13:27.196891" level="INFO">{'results': [{'gender': 'male', 'name': {'title': 'Mr', 'first': 'Mstibog', 'last': 'Kalyuzhniy'}, 'location': {'street': {'number': 3624, 'name': 'Demiyivska'}, 'city': 'Slavutich', 'state': 'Rivnenska', 'country': 'Ukraine', 'postcode': 89104, 'coordinates': {'latitude': '80.0293', 'longitude': '-91.5039'}, 'timezone': {'offset': '+3:30', 'description': 'Tehran'}}, 'email': 'mstibog.kalyuzhniy@example.com', 'login': {'uuid': '95954cbe-6620-421b-bcee-f97131044ca8', 'username': 'tinytiger968', 'password': 'sarah', 'salt': 'yxkbjgS8', 'md5': 'c609e3bea2b1a68aeeba10391409358d', 'sha1': 'a62ea79140881397f6416878bf1d04d8e5578cac', 'sha256': '879a6da660647f95d15230427645c934726545694cf5899be33b4c179ccc4feb'}, 'dob': {'date': '1978-08-01T05:17:31.733Z', 'age': 45}, 'registered': {'date': '2011-05-06T04:15:00.820Z', 'age': 13}, 'phone': '(067) B02-2765', 'cell': '(068) L30-3226', 'id': {'name': '', 'value': None}, 'picture': {'large': 'https://randomuser.me/api/portraits/men/9.jpg', 'medium': 'https://randomuser.me/api/portraits/med/men/9.jpg', 'thumbnail': 'https://randomuser.me/api/portraits/thumb/men/9.jpg'}, 'nat': 'UA'}], 'info': {'seed': 'd81e9a558cdb93cb', 'results': 1, 'page': 1, 'version': '1.4'}}</msg>
<arg>${json_data}</arg>
<doc>Logs the given message with the given level.</doc>
<status status="PASS" start="2024-05-11T15:13:27.196728" elapsed="0.000212"/>
</kw>
<kw name="Dictionary Should Contain Key" owner="Collections">
<msg time="2024-05-11T15:13:27.197402" level="INFO">False</msg>
<arg>${json_data}</arg>
<arg>results</arg>
<doc>Fails if ``key`` is not found from ``dictionary``.</doc>
<status status="PASS" start="2024-05-11T15:13:27.197238" elapsed="0.000202"/>
</kw>
<kw name="Should Not Be Empty" owner="BuiltIn">
<msg time="2024-05-11T15:13:27.197865" level="INFO">Length is 2.</msg>
<arg>${json_data}</arg>
<doc>Verifies that the given item is not empty.</doc>
<status status="PASS" start="2024-05-11T15:13:27.197733" elapsed="0.000333"/>
</kw>
<kw name="Create List" owner="BuiltIn">
<msg time="2024-05-11T15:13:27.198521" level="INFO">${expected_keys} = ['gender', 'name', 'location', 'email', 'login']</msg>
<var>${expected_keys}</var>
<arg>gender</arg>
<arg>name</arg>
<arg>location</arg>
<arg>email</arg>
<arg>login</arg>
<doc>Returns a list containing given items.</doc>
<status status="PASS" start="2024-05-11T15:13:27.198366" elapsed="0.000180"/>
</kw>
<for flavor="IN">
<iter>
<kw name="Dictionary Should Contain Key" owner="Collections">
<msg time="2024-05-11T15:13:27.199582" level="INFO">False</msg>
<arg>${json_data['results'][0]}</arg>
<arg>${key}</arg>
<doc>Fails if ``key`` is not found from ``dictionary``.</doc>
<status status="PASS" start="2024-05-11T15:13:27.199144" elapsed="0.000478"/>
</kw>
<kw name="Log" owner="BuiltIn">
<msg time="2024-05-11T15:13:27.200291" level="INFO">{'gender': 'male', 'name': {'title': 'Mr', 'first': 'Mstibog', 'last': 'Kalyuzhniy'}, 'location': {'street': {'number': 3624, 'name': 'Demiyivska'}, 'city': 'Slavutich', 'state': 'Rivnenska', 'country': 'Ukraine', 'postcode': 89104, 'coordinates': {'latitude': '80.0293', 'longitude': '-91.5039'}, 'timezone': {'offset': '+3:30', 'description': 'Tehran'}}, 'email': 'mstibog.kalyuzhniy@example.com', 'login': {'uuid': '95954cbe-6620-421b-bcee-f97131044ca8', 'username': 'tinytiger968', 'password': 'sarah', 'salt': 'yxkbjgS8', 'md5': 'c609e3bea2b1a68aeeba10391409358d', 'sha1': 'a62ea79140881397f6416878bf1d04d8e5578cac', 'sha256': '879a6da660647f95d15230427645c934726545694cf5899be33b4c179ccc4feb'}, 'dob': {'date': '1978-08-01T05:17:31.733Z', 'age': 45}, 'registered': {'date': '2011-05-06T04:15:00.820Z', 'age': 13}, 'phone': '(067) B02-2765', 'cell': '(068) L30-3226', 'id': {'name': '', 'value': None}, 'picture': {'large': 'https://randomuser.me/api/portraits/men/9.jpg', 'medium': 'https://randomuser.me/api/portraits/med/men/9.jpg', 'thumbnail': 'https://randomuser.me/api/portraits/thumb/men/9.jpg'}, 'nat': 'UA'}</msg>
<arg>${json_data['results'][0]}</arg>
<doc>Logs the given message with the given level.</doc>
<status status="PASS" start="2024-05-11T15:13:27.199926" elapsed="0.000413"/>
</kw>
<kw name="Log" owner="BuiltIn">
<msg time="2024-05-11T15:13:27.200765" level="INFO">gender</msg>
<arg>${key}</arg>
<doc>Logs the given message with the given level.</doc>
<status status="PASS" start="2024-05-11T15:13:27.200637" elapsed="0.000165"/>
</kw>
<var name="${key}">gender</var>
<status status="PASS" start="2024-05-11T15:13:27.199013" elapsed="0.002003"/>
</iter>
<iter>
<kw name="Dictionary Should Contain Key" owner="Collections">
<msg time="2024-05-11T15:13:27.201701" level="INFO">False</msg>
<arg>${json_data['results'][0]}</arg>
<arg>${key}</arg>
<doc>Fails if ``key`` is not found from ``dictionary``.</doc>
<status status="PASS" start="2024-05-11T15:13:27.201316" elapsed="0.000423"/>
</kw>
<kw name="Log" owner="BuiltIn">
<msg time="2024-05-11T15:13:27.202434" level="INFO">{'gender': 'male', 'name': {'title': 'Mr', 'first': 'Mstibog', 'last': 'Kalyuzhniy'}, 'location': {'street': {'number': 3624, 'name': 'Demiyivska'}, 'city': 'Slavutich', 'state': 'Rivnenska', 'country': 'Ukraine', 'postcode': 89104, 'coordinates': {'latitude': '80.0293', 'longitude': '-91.5039'}, 'timezone': {'offset': '+3:30', 'description': 'Tehran'}}, 'email': 'mstibog.kalyuzhniy@example.com', 'login': {'uuid': '95954cbe-6620-421b-bcee-f97131044ca8', 'username': 'tinytiger968', 'password': 'sarah', 'salt': 'yxkbjgS8', 'md5': 'c609e3bea2b1a68aeeba10391409358d', 'sha1': 'a62ea79140881397f6416878bf1d04d8e5578cac', 'sha256': '879a6da660647f95d15230427645c934726545694cf5899be33b4c179ccc4feb'}, 'dob': {'date': '1978-08-01T05:17:31.733Z', 'age': 45}, 'registered': {'date': '2011-05-06T04:15:00.820Z', 'age': 13}, 'phone': '(067) B02-2765', 'cell': '(068) L30-3226', 'id': {'name': '', 'value': None}, 'picture': {'large': 'https://randomuser.me/api/portraits/men/9.jpg', 'medium': 'https://randomuser.me/api/portraits/med/men/9.jpg', 'thumbnail': 'https://randomuser.me/api/portraits/thumb/men/9.jpg'}, 'nat': 'UA'}</msg>
<arg>${json_data['results'][0]}</arg>
<doc>Logs the given message with the given level.</doc>
<status status="PASS" start="2024-05-11T15:13:27.202063" elapsed="0.000419"/>
</kw>
<kw name="Log" owner="BuiltIn">
<msg time="2024-05-11T15:13:27.202911" level="INFO">name</msg>
<arg>${key}</arg>
<doc>Logs the given message with the given level.</doc>
<status status="PASS" start="2024-05-11T15:13:27.202783" elapsed="0.000166"/>
</kw>
<var name="${key}">name</var>
<status status="PASS" start="2024-05-11T15:13:27.201201" elapsed="0.001963"/>
</iter>
<iter>
<kw name="Dictionary Should Contain Key" owner="Collections">
<msg time="2024-05-11T15:13:27.203879" level="INFO">False</msg>
<arg>${json_data['results'][0]}</arg>
<arg>${key}</arg>
<doc>Fails if ``key`` is not found from ``dictionary``.</doc>
<status status="PASS" start="2024-05-11T15:13:27.203493" elapsed="0.000424"/>
</kw>
<kw name="Log" owner="BuiltIn">
<msg time="2024-05-11T15:13:27.204576" level="INFO">{'gender': 'male', 'name': {'title': 'Mr', 'first': 'Mstibog', 'last': 'Kalyuzhniy'}, 'location': {'street': {'number': 3624, 'name': 'Demiyivska'}, 'city': 'Slavutich', 'state': 'Rivnenska', 'country': 'Ukraine', 'postcode': 89104, 'coordinates': {'latitude': '80.0293', 'longitude': '-91.5039'}, 'timezone': {'offset': '+3:30', 'description': 'Tehran'}}, 'email': 'mstibog.kalyuzhniy@example.com', 'login': {'uuid': '95954cbe-6620-421b-bcee-f97131044ca8', 'username': 'tinytiger968', 'password': 'sarah', 'salt': 'yxkbjgS8', 'md5': 'c609e3bea2b1a68aeeba10391409358d', 'sha1': 'a62ea79140881397f6416878bf1d04d8e5578cac', 'sha256': '879a6da660647f95d15230427645c934726545694cf5899be33b4c179ccc4feb'}, 'dob': {'date': '1978-08-01T05:17:31.733Z', 'age': 45}, 'registered': {'date': '2011-05-06T04:15:00.820Z', 'age': 13}, 'phone': '(067) B02-2765', 'cell': '(068) L30-3226', 'id': {'name': '', 'value': None}, 'picture': {'large': 'https://randomuser.me/api/portraits/men/9.jpg', 'medium': 'https://randomuser.me/api/portraits/med/men/9.jpg', 'thumbnail': 'https://randomuser.me/api/portraits/thumb/men/9.jpg'}, 'nat': 'UA'}</msg>
<arg>${json_data['results'][0]}</arg>
<doc>Logs the given message with the given level.</doc>
<status status="PASS" start="2024-05-11T15:13:27.204215" elapsed="0.000408"/>
</kw>
<kw name="Log" owner="BuiltIn">
<msg time="2024-05-11T15:13:27.205042" level="INFO">location</msg>
<arg>${key}</arg>
<doc>Logs the given message with the given level.</doc>
<status status="PASS" start="2024-05-11T15:13:27.204917" elapsed="0.000164"/>
</kw>
<var name="${key}">location</var>
<status status="PASS" start="2024-05-11T15:13:27.203380" elapsed="0.001912"/>
</iter>
<iter>
<kw name="Dictionary Should Contain Key" owner="Collections">
<msg time="2024-05-11T15:13:27.205963" level="INFO">False</msg>
<arg>${json_data['results'][0]}</arg>
<arg>${key}</arg>
<doc>Fails if ``key`` is not found from ``dictionary``.</doc>
<status status="PASS" start="2024-05-11T15:13:27.205576" elapsed="0.000424"/>
</kw>
<kw name="Log" owner="BuiltIn">
<msg time="2024-05-11T15:13:27.206661" level="INFO">{'gender': 'male', 'name': {'title': 'Mr', 'first': 'Mstibog', 'last': 'Kalyuzhniy'}, 'location': {'street': {'number': 3624, 'name': 'Demiyivska'}, 'city': 'Slavutich', 'state': 'Rivnenska', 'country': 'Ukraine', 'postcode': 89104, 'coordinates': {'latitude': '80.0293', 'longitude': '-91.5039'}, 'timezone': {'offset': '+3:30', 'description': 'Tehran'}}, 'email': 'mstibog.kalyuzhniy@example.com', 'login': {'uuid': '95954cbe-6620-421b-bcee-f97131044ca8', 'username': 'tinytiger968', 'password': 'sarah', 'salt': 'yxkbjgS8', 'md5': 'c609e3bea2b1a68aeeba10391409358d', 'sha1': 'a62ea79140881397f6416878bf1d04d8e5578cac', 'sha256': '879a6da660647f95d15230427645c934726545694cf5899be33b4c179ccc4feb'}, 'dob': {'date': '1978-08-01T05:17:31.733Z', 'age': 45}, 'registered': {'date': '2011-05-06T04:15:00.820Z', 'age': 13}, 'phone': '(067) B02-2765', 'cell': '(068) L30-3226', 'id': {'name': '', 'value': None}, 'picture': {'large': 'https://randomuser.me/api/portraits/men/9.jpg', 'medium': 'https://randomuser.me/api/portraits/med/men/9.jpg', 'thumbnail': 'https://randomuser.me/api/portraits/thumb/men/9.jpg'}, 'nat': 'UA'}</msg>
<arg>${json_data['results'][0]}</arg>
<doc>Logs the given message with the given level.</doc>
<status status="PASS" start="2024-05-11T15:13:27.206302" elapsed="0.000406"/>
</kw>
<kw name="Log" owner="BuiltIn">
<msg time="2024-05-11T15:13:27.207127" level="INFO">email</msg>
<arg>${key}</arg>
<doc>Logs the given message with the given level.</doc>
<status status="PASS" start="2024-05-11T15:13:27.207000" elapsed="0.000165"/>
</kw>
<var name="${key}">email</var>
<status status="PASS" start="2024-05-11T15:13:27.205464" elapsed="0.001945"/>
</iter>
<iter>
<kw name="Dictionary Should Contain Key" owner="Collections">
<msg time="2024-05-11T15:13:27.208080" level="INFO">False</msg>
<arg>${json_data['results'][0]}</arg>
<arg>${key}</arg>
<doc>Fails if ``key`` is not found from ``dictionary``.</doc>
<status status="PASS" start="2024-05-11T15:13:27.207694" elapsed="0.000422"/>
</kw>
<kw name="Log" owner="BuiltIn">
<msg time="2024-05-11T15:13:27.208777" level="INFO">{'gender': 'male', 'name': {'title': 'Mr', 'first': 'Mstibog', 'last': 'Kalyuzhniy'}, 'location': {'street': {'number': 3624, 'name': 'Demiyivska'}, 'city': 'Slavutich', 'state': 'Rivnenska', 'country': 'Ukraine', 'postcode': 89104, 'coordinates': {'latitude': '80.0293', 'longitude': '-91.5039'}, 'timezone': {'offset': '+3:30', 'description': 'Tehran'}}, 'email': 'mstibog.kalyuzhniy@example.com', 'login': {'uuid': '95954cbe-6620-421b-bcee-f97131044ca8', 'username': 'tinytiger968', 'password': 'sarah', 'salt': 'yxkbjgS8', 'md5': 'c609e3bea2b1a68aeeba10391409358d', 'sha1': 'a62ea79140881397f6416878bf1d04d8e5578cac', 'sha256': '879a6da660647f95d15230427645c934726545694cf5899be33b4c179ccc4feb'}, 'dob': {'date': '1978-08-01T05:17:31.733Z', 'age': 45}, 'registered': {'date': '2011-05-06T04:15:00.820Z', 'age': 13}, 'phone': '(067) B02-2765', 'cell': '(068) L30-3226', 'id': {'name': '', 'value': None}, 'picture': {'large': 'https://randomuser.me/api/portraits/men/9.jpg', 'medium': 'https://randomuser.me/api/portraits/med/men/9.jpg', 'thumbnail': 'https://randomuser.me/api/portraits/thumb/men/9.jpg'}, 'nat': 'UA'}</msg>
<arg>${json_data['results'][0]}</arg>
<doc>Logs the given message with the given level.</doc>
<status status="PASS" start="2024-05-11T15:13:27.208414" elapsed="0.000409"/>
</kw>
<kw name="Log" owner="BuiltIn">
<msg time="2024-05-11T15:13:27.209250" level="INFO">login</msg>
<arg>${key}</arg>
<doc>Logs the given message with the given level.</doc>
<status status="PASS" start="2024-05-11T15:13:27.209119" elapsed="0.000169"/>
</kw>
<var name="${key}">login</var>
<status status="PASS" start="2024-05-11T15:13:27.207582" elapsed="0.001928"/>
</iter>
<var>${key}</var>
<value>@{expected_keys}</value>
<status status="PASS" start="2024-05-11T15:13:27.198806" elapsed="0.010824"/>
</for>
<kw name="Create List" owner="BuiltIn">
<msg time="2024-05-11T15:13:27.209994" level="INFO">${expected_keysTwo} = ['username', 'password']</msg>
<var>${expected_keysTwo}</var>
<arg>username</arg>
<arg>password</arg>
<doc>Returns a list containing given items.</doc>
<status status="PASS" start="2024-05-11T15:13:27.209853" elapsed="0.000165"/>
</kw>
<for flavor="IN">
<iter>
<kw name="Dictionary Should Contain Key" owner="Collections">
<msg time="2024-05-11T15:13:27.210911" level="INFO">False</msg>
<arg>${json_data['results'][0]['login']}</arg>
<arg>${keyTwo}</arg>
<doc>Fails if ``key`` is not found from ``dictionary``.</doc>
<status status="PASS" start="2024-05-11T15:13:27.210517" elapsed="0.000431"/>
</kw>
<kw name="Dictionary Should Contain Key" owner="Collections">
<msg time="2024-05-11T15:13:27.211662" level="INFO">False</msg>
<arg>${json_data['results'][0]['login']}</arg>
<arg>${keyTwo}</arg>
<doc>Fails if ``key`` is not found from ``dictionary``.</doc>
<status status="PASS" start="2024-05-11T15:13:27.211262" elapsed="0.000436"/>
</kw>
<kw name="Log" owner="BuiltIn">
<msg time="2024-05-11T15:13:27.212116" level="INFO">username</msg>
<arg>${keyTwo}</arg>
<doc>Logs the given message with the given level.</doc>
<status status="PASS" start="2024-05-11T15:13:27.211990" elapsed="0.000169"/>
</kw>
<var name="${keyTwo}">username</var>
<status status="PASS" start="2024-05-11T15:13:27.210406" elapsed="0.001967"/>
</iter>
<iter>
<kw name="Dictionary Should Contain Key" owner="Collections">
<msg time="2024-05-11T15:13:27.213115" level="INFO">False</msg>
<arg>${json_data['results'][0]['login']}</arg>
<arg>${keyTwo}</arg>
<doc>Fails if ``key`` is not found from ``dictionary``.</doc>
<status status="PASS" start="2024-05-11T15:13:27.212650" elapsed="0.000504"/>
</kw>
<kw name="Dictionary Should Contain Key" owner="Collections">
<msg time="2024-05-11T15:13:27.213832" level="INFO">False</msg>
<arg>${json_data['results'][0]['login']}</arg>
<arg>${keyTwo}</arg>
<doc>Fails if ``key`` is not found from ``dictionary``.</doc>
<status status="PASS" start="2024-05-11T15:13:27.213451" elapsed="0.000417"/>
</kw>
<kw name="Log" owner="BuiltIn">
<msg time="2024-05-11T15:13:27.214288" level="INFO">password</msg>
<arg>${keyTwo}</arg>
<doc>Logs the given message with the given level.</doc>
<status status="PASS" start="2024-05-11T15:13:27.214160" elapsed="0.000165"/>
</kw>
<var name="${keyTwo}">password</var>
<status status="PASS" start="2024-05-11T15:13:27.212541" elapsed="0.001998"/>
</iter>
<var>${keyTwo}</var>
<value>@{expected_keysTwo}</value>
<status status="PASS" start="2024-05-11T15:13:27.210256" elapsed="0.004405"/>
</for>
<status status="PASS" start="2024-05-11T15:13:27.109719" elapsed="0.105085"/>
</kw>
<doc>Testa a estrutura da resposta da API.</doc>
<tag>testeEstruturaResposta</tag>
<status status="PASS" start="2024-05-11T15:13:27.109110" elapsed="0.105848"/>
</test>
<test id="s1-s1-t4" name="Validar tipos de dados" line="28">
<kw name="Teste de Tipos de Dados" owner="random-user-service">
<kw name="GET On Session" owner="RequestsLibrary">
<msg time="2024-05-11T15:13:27.293467" level="INFO">GET Request : url=https://randomuser.me/api 
 path_url=/api 
 headers={'User-Agent': 'python-requests/2.31.0', 'Accept-Encoding': 'gzip, deflate', 'Accept': '*/*', 'Connection': 'keep-alive'} 
 body=None 
 </msg>
<msg time="2024-05-11T15:13:27.293552" level="INFO">GET Response : url=https://randomuser.me/api 
 status=200, reason=OK 
 headers={'Date': 'Sat, 11 May 2024 15:13:27 GMT', 'Content-Type': 'application/json; charset=utf-8', 'Transfer-Encoding': 'chunked', 'Connection': 'keep-alive', 'X-Powered-By': 'Express', 'Access-Control-Allow-Origin': '*', 'Cache-Control': 'no-cache', 'ETag': 'W/"47b-51m2Idam/m2ohfK3f5fvt5dT2Xs"', 'Vary': 'Accept-Encoding', 'Content-Encoding': 'gzip', 'CF-Cache-Status': 'DYNAMIC', 'Report-To': '{"endpoints":[{"url":"https:\\/\\/a.nel.cloudflare.com\\/report\\/v4?s=nIsaxjnI2jnZd46ciCPd1LvR7apmn3NW4xGwuafV%2BJnXqNVQI%2F8jisrh0B6CmAzZqx%2BmmjjFc%2F8jr7bH3TaLyaciVNYrM794IUJebAhAllpzaur34Cv4cDnYuYjuInaB"}],"group":"cf-nel","max_age":604800}', 'NEL': '{"success_fraction":0,"report_to":"cf-nel","max_age":604800}', 'Server': 'cloudflare', 'CF-RAY': '88231cf119b2876c-ORD', 'alt-svc': 'h3=":443"; ma=86400'} 
 body={"results":[{"gender":"male","name":{"title":"Mr","first":"Eugenio","last":"Navarro"},"location":{"street":{"number":7552,"name":"Calle de La Almudena"},"city":"Alcobendas","state":"Cataluña","country":"Spain","postcode":45504,"coordinates":{"latitude":"-33.7639","longitude":"-165.9070"},"timezone":{"offset":"-10:00","description":"Hawaii"}},"email":"eugenio.navarro@example.com","login":{"uuid":"5a1c7066-d4c8-4224-893a-006e438b566d","username":"bluemouse114","password":"michael","salt":"2tVIkkrY","md5":"6936230941076fa5de02353be74da9ae","sha1":"f687513abb2ed59fc4074a6d456ac7251a1e61fb","sha256":"69895282658f56101c62ae07ee1c6f3568792bd18d2d6bd65367c9f8d1fe5d98"},"dob":{"date":"1946-03-04T01:52:54.630Z","age":78},"registered":{"date":"2009-10-21T11:09:54.877Z","age":14},"phone":"922-563-448","cell":"600-035-254","id":{"name":"DNI","value":"11087996-A"},"picture":{"large":"https://randomuser.me/api/portraits/men/93.jpg","medium":"https://randomuser.me/api/portraits/med/men/93.jpg","thumbnail":"https://randomuser.me/api/portraits/thumb/men/93.jpg"},"nat":"ES"}],"info":{"seed":"d59956104cb6ee0c","results":1,"page":1,"version":"1.4"}} 
 </msg>
<msg time="2024-05-11T15:13:27.293621" level="INFO">/opt/hostedtoolcache/Python/3.12.3/x64/lib/python3.12/site-packages/urllib3/connectionpool.py:1103: InsecureRequestWarning: Unverified HTTPS request is being made to host 'randomuser.me'. Adding certificate verification is strongly advised. See: https://urllib3.readthedocs.io/en/latest/advanced-usage.html#tls-warnings
  warnings.warn(</msg>
<msg time="2024-05-11T15:13:27.293747" level="INFO">${response} = &lt;Response [200]&gt;</msg>
<var>${response}</var>
<arg>consultarAPI</arg>
<arg>/api</arg>
<doc>Sends a GET request on a previously created HTTP Session.</doc>
<status status="PASS" start="2024-05-11T15:13:27.217557" elapsed="0.076234"/>
</kw>
<kw name="Set Variable" owner="BuiltIn">
<msg time="2024-05-11T15:13:27.294751" level="INFO">${json_data} = {'results': [{'gender': 'male', 'name': {'title': 'Mr', 'first': 'Eugenio', 'last': 'Navarro'}, 'location': {'street': {'number': 7552, 'name': 'Calle de La Almudena'}, 'city': 'Alcobendas', 'state': ...</msg>
<var>${json_data}</var>
<arg>${response.json()}</arg>
<doc>Returns the given values which can then be assigned to a variables.</doc>
<status status="PASS" start="2024-05-11T15:13:27.294228" elapsed="0.000552"/>
</kw>
<kw name="Log" owner="BuiltIn">
<msg time="2024-05-11T15:13:27.295281" level="INFO">{'results': [{'gender': 'male', 'name': {'title': 'Mr', 'first': 'Eugenio', 'last': 'Navarro'}, 'location': {'street': {'number': 7552, 'name': 'Calle de La Almudena'}, 'city': 'Alcobendas', 'state': 'Cataluña', 'country': 'Spain', 'postcode': 45504, 'coordinates': {'latitude': '-33.7639', 'longitude': '-165.9070'}, 'timezone': {'offset': '-10:00', 'description': 'Hawaii'}}, 'email': 'eugenio.navarro@example.com', 'login': {'uuid': '5a1c7066-d4c8-4224-893a-006e438b566d', 'username': 'bluemouse114', 'password': 'michael', 'salt': '2tVIkkrY', 'md5': '6936230941076fa5de02353be74da9ae', 'sha1': 'f687513abb2ed59fc4074a6d456ac7251a1e61fb', 'sha256': '69895282658f56101c62ae07ee1c6f3568792bd18d2d6bd65367c9f8d1fe5d98'}, 'dob': {'date': '1946-03-04T01:52:54.630Z', 'age': 78}, 'registered': {'date': '2009-10-21T11:09:54.877Z', 'age': 14}, 'phone': '922-563-448', 'cell': '600-035-254', 'id': {'name': 'DNI', 'value': '11087996-A'}, 'picture': {'large': 'https://randomuser.me/api/portraits/men/93.jpg', 'medium': 'https://randomuser.me/api/portraits/med/men/93.jpg', 'thumbnail': 'https://randomuser.me/api/portraits/thumb/men/93.jpg'}, 'nat': 'ES'}], 'info': {'seed': 'd59956104cb6ee0c', 'results': 1, 'page': 1, 'version': '1.4'}}</msg>
<arg>${json_data}</arg>
<doc>Logs the given message with the given level.</doc>
<status status="PASS" start="2024-05-11T15:13:27.295092" elapsed="0.000242"/>
</kw>
<kw name="Should Be String" owner="String">
<arg>${json_data['results'][0]['gender']}</arg>
<doc>Fails if the given ``item`` is not a string.</doc>
<status status="PASS" start="2024-05-11T15:13:27.295673" elapsed="0.000373"/>
</kw>
<kw name="Should Match Regexp" owner="BuiltIn">
<arg>${json_data['results'][0]['email']}</arg>
<arg>^[a-zA-Z0-9._%+-]+@[a-zA-Z0-9.-]+\.[a-zA-Z]{2,}$</arg>
<doc>Fails if ``string`` does not match ``pattern`` as a regular expression.</doc>
<status status="PASS" start="2024-05-11T15:13:27.296251" elapsed="0.000523"/>
</kw>
<kw name="Should Match Regexp" owner="BuiltIn">
<arg>${json_data['results'][0]['dob']['date']}</arg>
<arg>\\d{4}-\\d{2}-\\d{2}T\\d{2}:\\d{2}:\\d{2}\\.\\d{3}Z</arg>
<doc>Fails if ``string`` does not match ``pattern`` as a regular expression.</doc>
<status status="PASS" start="2024-05-11T15:13:27.296974" elapsed="0.000495"/>
</kw>
<kw name="Should Match Regexp" owner="BuiltIn">
<arg>${json_data['results'][0]['registered']['date']}</arg>
<arg>\\d{4}-\\d{2}-\\d{2}T\\d{2}:\\d{2}:\\d{2}\\.\\d{3}Z</arg>
<doc>Fails if ``string`` does not match ``pattern`` as a regular expression.</doc>
<status status="PASS" start="2024-05-11T15:13:27.297663" elapsed="0.000380"/>
</kw>
<kw name="Should Match Regexp" owner="BuiltIn">
<arg>${json_data['results'][0]['picture']['large']}</arg>
<arg>^https?://.*\.(?:png|jpe?g|gif|bmp)$</arg>
<doc>Fails if ``string`` does not match ``pattern`` as a regular expression.</doc>
<status status="PASS" start="2024-05-11T15:13:27.298236" elapsed="0.000461"/>
</kw>
<kw name="Should Match Regexp" owner="BuiltIn">
<arg>${json_data['results'][0]['picture']['medium']}</arg>
<arg>^https?://.*\.(?:png|jpe?g|gif|bmp)$</arg>
<doc>Fails if ``string`` does not match ``pattern`` as a regular expression.</doc>
<status status="PASS" start="2024-05-11T15:13:27.298887" elapsed="0.000378"/>
</kw>
<kw name="Should Match Regexp" owner="BuiltIn">
<arg>${json_data['results'][0]['picture']['thumbnail']}</arg>
<arg>^https?://.*\.(?:png|jpe?g|gif|bmp)$</arg>
<doc>Fails if ``string`` does not match ``pattern`` as a regular expression.</doc>
<status status="PASS" start="2024-05-11T15:13:27.299465" elapsed="0.000361"/>
</kw>
<kw name="Log" owner="BuiltIn">
<msg time="2024-05-11T15:13:27.300331" level="INFO">{'large': 'https://randomuser.me/api/portraits/men/93.jpg', 'medium': 'https://randomuser.me/api/portraits/med/men/93.jpg', 'thumbnail': 'https://randomuser.me/api/portraits/thumb/men/93.jpg'}</msg>
<arg>${json_data['results'][0]['picture']}</arg>
<doc>Logs the given message with the given level.</doc>
<status status="PASS" start="2024-05-11T15:13:27.300006" elapsed="0.000366"/>
</kw>
<status status="PASS" start="2024-05-11T15:13:27.217326" elapsed="0.083302"/>
</kw>
<kw name="Teste de Tipos de Dados - Postcode" owner="random-user-service">
<kw name="GET On Session" owner="RequestsLibrary">
<msg time="2024-05-11T15:13:27.395268" level="INFO">GET Request : url=https://randomuser.me/api 
 path_url=/api 
 headers={'User-Agent': 'python-requests/2.31.0', 'Accept-Encoding': 'gzip, deflate', 'Accept': '*/*', 'Connection': 'keep-alive'} 
 body=None 
 </msg>
<msg time="2024-05-11T15:13:27.395372" level="INFO">GET Response : url=https://randomuser.me/api 
 status=200, reason=OK 
 headers={'Date': 'Sat, 11 May 2024 15:13:27 GMT', 'Content-Type': 'application/json; charset=utf-8', 'Transfer-Encoding': 'chunked', 'Connection': 'keep-alive', 'X-Powered-By': 'Express', 'Access-Control-Allow-Origin': '*', 'Cache-Control': 'no-cache', 'ETag': 'W/"48c-TCNA1FKavgSomyYooI2oYRZ6P0A"', 'Vary': 'Accept-Encoding', 'Content-Encoding': 'gzip', 'CF-Cache-Status': 'DYNAMIC', 'Report-To': '{"endpoints":[{"url":"https:\\/\\/a.nel.cloudflare.com\\/report\\/v4?s=NWd4AFdwE0kGhKzwilo3F3%2B9J7jeeRz5KEcwcoYy%2Fg92TfwuXeHhp0UClFkhOD60WfzyKs%2Bya0wHnYHWiaKNdeRUw80gBXgXCO03MyP8EZMCgmv3xNmJ8PF0cmqDC7zH"}],"group":"cf-nel","max_age":604800}', 'NEL': '{"success_fraction":0,"report_to":"cf-nel","max_age":604800}', 'Server': 'cloudflare', 'CF-RAY': '88231cf1aa50876c-ORD', 'alt-svc': 'h3=":443"; ma=86400'} 
 body={"results":[{"gender":"male","name":{"title":"Mr","first":"Alex","last":"Muller"},"location":{"street":{"number":4549,"name":"Rue de la Barre"},"city":"Mulhouse","state":"Gironde","country":"France","postcode":27749,"coordinates":{"latitude":"-15.0437","longitude":"-92.6737"},"timezone":{"offset":"-7:00","description":"Mountain Time (US &amp; Canada)"}},"email":"alex.muller@example.com","login":{"uuid":"0b27a853-7383-4cb2-80df-e8243fc72915","username":"ticklishwolf919","password":"1979","salt":"CnGoYSkd","md5":"a8305dc30b02c20299e74c0a6ad94c0a","sha1":"a1338c798e39f703e63ecf6e2a3fc9f0b5a65376","sha256":"914b31916c4c8cfa9e8b21fea5a55d00cf4e2da49049568fc13d8856b3ea517c"},"dob":{"date":"1974-01-31T12:54:48.052Z","age":50},"registered":{"date":"2004-12-27T01:53:58.425Z","age":19},"phone":"02-98-41-50-33","cell":"06-96-68-82-04","id":{"name":"INSEE","value":"1740069273804 17"},"picture":{"large":"https://randomuser.me/api/portraits/men/28.jpg","medium":"https://randomuser.me/api/portraits/med/men/28.jpg","thumbnail":"https://randomuser.me/api/portraits/thumb/men/28.jpg"},"nat":"FR"}],"info":{"seed":"d6ba736b9a662fba","results":1,"page":1,"version":"1.4"}} 
 </msg>
<msg time="2024-05-11T15:13:27.395443" level="INFO">/opt/hostedtoolcache/Python/3.12.3/x64/lib/python3.12/site-packages/urllib3/connectionpool.py:1103: InsecureRequestWarning: Unverified HTTPS request is being made to host 'randomuser.me'. Adding certificate verification is strongly advised. See: https://urllib3.readthedocs.io/en/latest/advanced-usage.html#tls-warnings
  warnings.warn(</msg>
<msg time="2024-05-11T15:13:27.395583" level="INFO">${response} = &lt;Response [200]&gt;</msg>
<var>${response}</var>
<arg>consultarAPI</arg>
<arg>/api</arg>
<doc>Sends a GET request on a previously created HTTP Session.</doc>
<status status="PASS" start="2024-05-11T15:13:27.301082" elapsed="0.094542"/>
</kw>
<kw name="Set Variable" owner="BuiltIn">
<msg time="2024-05-11T15:13:27.396623" level="INFO">${json_data} = {'results': [{'gender': 'male', 'name': {'title': 'Mr', 'first': 'Alex', 'last': 'Muller'}, 'location': {'street': {'number': 4549, 'name': 'Rue de la Barre'}, 'city': 'Mulhouse', 'state': 'Gironde', ...</msg>
<var>${json_data}</var>
<arg>${response.json()}</arg>
<doc>Returns the given values which can then be assigned to a variables.</doc>
<status status="PASS" start="2024-05-11T15:13:27.396115" elapsed="0.000536"/>
</kw>
<kw name="Log" owner="BuiltIn">
<msg time="2024-05-11T15:13:27.397113" level="INFO">{'results': [{'gender': 'male', 'name': {'title': 'Mr', 'first': 'Alex', 'last': 'Muller'}, 'location': {'street': {'number': 4549, 'name': 'Rue de la Barre'}, 'city': 'Mulhouse', 'state': 'Gironde', 'country': 'France', 'postcode': 27749, 'coordinates': {'latitude': '-15.0437', 'longitude': '-92.6737'}, 'timezone': {'offset': '-7:00', 'description': 'Mountain Time (US &amp; Canada)'}}, 'email': 'alex.muller@example.com', 'login': {'uuid': '0b27a853-7383-4cb2-80df-e8243fc72915', 'username': 'ticklishwolf919', 'password': '1979', 'salt': 'CnGoYSkd', 'md5': 'a8305dc30b02c20299e74c0a6ad94c0a', 'sha1': 'a1338c798e39f703e63ecf6e2a3fc9f0b5a65376', 'sha256': '914b31916c4c8cfa9e8b21fea5a55d00cf4e2da49049568fc13d8856b3ea517c'}, 'dob': {'date': '1974-01-31T12:54:48.052Z', 'age': 50}, 'registered': {'date': '2004-12-27T01:53:58.425Z', 'age': 19}, 'phone': '02-98-41-50-33', 'cell': '06-96-68-82-04', 'id': {'name': 'INSEE', 'value': '1740069273804 17'}, 'picture': {'large': 'https://randomuser.me/api/portraits/men/28.jpg', 'medium': 'https://randomuser.me/api/portraits/med/men/28.jpg', 'thumbnail': 'https://randomuser.me/api/portraits/thumb/men/28.jpg'}, 'nat': 'FR'}], 'info': {'seed': 'd6ba736b9a662fba', 'results': 1, 'page': 1, 'version': '1.4'}}</msg>
<arg>${json_data}</arg>
<doc>Logs the given message with the given level.</doc>
<status status="PASS" start="2024-05-11T15:13:27.396957" elapsed="0.000204"/>
</kw>
<kw name="Should Be Equal As Numbers" owner="BuiltIn">
<arg>${json_data['results'][0]['location']['postcode']}</arg>
<arg>${json_data['results'][0]['location']['postcode']}</arg>
<doc>Fails if objects are unequal after converting them to real numbers.</doc>
<status status="PASS" start="2024-05-11T15:13:27.397644" elapsed="0.000632"/>
</kw>
<kw name="Log" owner="BuiltIn">
<msg time="2024-05-11T15:13:27.398845" level="INFO">27749</msg>
<arg>${json_data['results'][0]['location']['postcode']}</arg>
<doc>Logs the given message with the given level.</doc>
<status status="PASS" start="2024-05-11T15:13:27.398505" elapsed="0.000381"/>
</kw>
<status status="PASS" start="2024-05-11T15:13:27.300856" elapsed="0.098285"/>
</kw>
<doc>Testa se os tipos de dados na resposta da API estão corretos.</doc>
<tag>testeTiposDados</tag>
<status status="PASS" start="2024-05-11T15:13:27.216768" elapsed="0.182566"/>
</test>
<test id="s1-s1-t5" name="Validar conteudo" line="35">
<kw name="Teste de Tipos de Conteudo" owner="random-user-service">
<kw name="GET On Session" owner="RequestsLibrary">
<msg time="2024-05-11T15:13:27.499199" level="INFO">GET Request : url=https://randomuser.me/api 
 path_url=/api 
 headers={'User-Agent': 'python-requests/2.31.0', 'Accept-Encoding': 'gzip, deflate', 'Accept': '*/*', 'Connection': 'keep-alive'} 
 body=None 
 </msg>
<msg time="2024-05-11T15:13:27.499345" level="INFO">GET Response : url=https://randomuser.me/api 
 status=200, reason=OK 
 headers={'Date': 'Sat, 11 May 2024 15:13:27 GMT', 'Content-Type': 'application/json; charset=utf-8', 'Transfer-Encoding': 'chunked', 'Connection': 'keep-alive', 'X-Powered-By': 'Express', 'Access-Control-Allow-Origin': '*', 'Cache-Control': 'no-cache', 'ETag': 'W/"49c-FJbFzkwxcaYyUFPO/jBjnEtAcUk"', 'Vary': 'Accept-Encoding', 'Content-Encoding': 'gzip', 'CF-Cache-Status': 'DYNAMIC', 'Report-To': '{"endpoints":[{"url":"https:\\/\\/a.nel.cloudflare.com\\/report\\/v4?s=LSYHn%2FkCiLqz4lYUI%2FPufCxm6Up5fpBWJv8nVj7yJwD%2BXzlOh7h3r2n1oUxzmMNfobqlVj%2BsMUvoC%2BVNOWEXEolBQbvZ6cP4ZH68HMbxLe0JkiCdeazbrb0yyebE3nO%2F"}],"group":"cf-nel","max_age":604800}', 'NEL': '{"success_fraction":0,"report_to":"cf-nel","max_age":604800}', 'Server': 'cloudflare', 'CF-RAY': '88231cf24b10876c-ORD', 'alt-svc': 'h3=":443"; ma=86400'} 
 body={"results":[{"gender":"female","name":{"title":"Ms","first":"Iiris","last":"Kivela"},"location":{"street":{"number":9002,"name":"Mannerheimintie"},"city":"Pello","state":"Tavastia Proper","country":"Finland","postcode":11383,"coordinates":{"latitude":"-23.3751","longitude":"101.6592"},"timezone":{"offset":"-8:00","description":"Pacific Time (US &amp; Canada)"}},"email":"iiris.kivela@example.com","login":{"uuid":"55b2e59e-0fc1-4323-97cd-19bacfa18d32","username":"ticklishbutterfly637","password":"senior","salt":"7WgnhpKB","md5":"ff21ef2b887c3a898241229f57e8fbcf","sha1":"aca43ae0690a00100959726d3ea59286cb368dca","sha256":"a185d16a565567799b660fb0309ac88e5fe4c40812d1c1256882982ad1635608"},"dob":{"date":"1984-07-04T01:54:24.411Z","age":39},"registered":{"date":"2014-11-27T11:20:05.014Z","age":9},"phone":"09-605-811","cell":"048-236-79-33","id":{"name":"HETU","value":"NaNNA010undefined"},"picture":{"large":"https://randomuser.me/api/portraits/women/75.jpg","medium":"https://randomuser.me/api/portraits/med/women/75.jpg","thumbnail":"https://randomuser.me/api/portraits/thumb/women/75.jpg"},"nat":"FI"}],"info":{"seed":"a0d92a0c9efa0a36","results":1,"page":1,"version":"1.4"}} 
 </msg>
<msg time="2024-05-11T15:13:27.499424" level="INFO">/opt/hostedtoolcache/Python/3.12.3/x64/lib/python3.12/site-packages/urllib3/connectionpool.py:1103: InsecureRequestWarning: Unverified HTTPS request is being made to host 'randomuser.me'. Adding certificate verification is strongly advised. See: https://urllib3.readthedocs.io/en/latest/advanced-usage.html#tls-warnings
  warnings.warn(</msg>
<msg time="2024-05-11T15:13:27.499567" level="INFO">${response} = &lt;Response [200]&gt;</msg>
<var>${response}</var>
<arg>consultarAPI</arg>
<arg>/api</arg>
<doc>Sends a GET request on a previously created HTTP Session.</doc>
<status status="PASS" start="2024-05-11T15:13:27.401878" elapsed="0.097735"/>
</kw>
<kw name="Set Variable" owner="BuiltIn">
<msg time="2024-05-11T15:13:27.500620" level="INFO">${json_data} = {'results': [{'gender': 'female', 'name': {'title': 'Ms', 'first': 'Iiris', 'last': 'Kivela'}, 'location': {'street': {'number': 9002, 'name': 'Mannerheimintie'}, 'city': 'Pello', 'state': 'Tavastia P...</msg>
<var>${json_data}</var>
<arg>${response.json()}</arg>
<doc>Returns the given values which can then be assigned to a variables.</doc>
<status status="PASS" start="2024-05-11T15:13:27.500115" elapsed="0.000541"/>
</kw>
<kw name="Set Variable" owner="BuiltIn">
<msg time="2024-05-11T15:13:27.501351" level="INFO">${name_title} = Ms</msg>
<var>${name_title}</var>
<arg>${json_data["results"][0]["name"]["title"]}</arg>
<doc>Returns the given values which can then be assigned to a variables.</doc>
<status status="PASS" start="2024-05-11T15:13:27.500962" elapsed="0.000415"/>
</kw>
<kw name="Create List" owner="BuiltIn">
<msg time="2024-05-11T15:13:27.501826" level="INFO">${allowed_titles} = ['Mr', 'Ms', 'Miss', 'Mrs', 'Madame', 'Monsieur']</msg>
<var>${allowed_titles}</var>
<arg>Mr</arg>
<arg>Ms</arg>
<arg>Miss</arg>
<arg>Mrs</arg>
<arg>Madame</arg>
<arg>Monsieur</arg>
<doc>Returns a list containing given items.</doc>
<status status="PASS" start="2024-05-11T15:13:27.501678" elapsed="0.000172"/>
</kw>
<kw name="List Should Contain Value" owner="Collections">
<msg time="2024-05-11T15:13:27.502325" level="INFO">False</msg>
<arg>${allowed_titles}</arg>
<arg>${name_title}</arg>
<doc>Fails if the ``value`` is not found from ``list``.</doc>
<status status="PASS" start="2024-05-11T15:13:27.502149" elapsed="0.000213"/>
</kw>
<kw name="Set Variable" owner="BuiltIn">
<msg time="2024-05-11T15:13:27.503029" level="INFO">${name_country} = FI</msg>
<var>${name_country}</var>
<arg>${json_data["results"][0]["nat"]}</arg>
<doc>Returns the given values which can then be assigned to a variables.</doc>
<status status="PASS" start="2024-05-11T15:13:27.502646" elapsed="0.000408"/>
</kw>
<kw name="Create List" owner="BuiltIn">
<msg time="2024-05-11T15:13:27.503983" level="INFO">${list_country} = ['AD', 'AE', 'AF', 'AG', 'AI', 'AL', 'AM', 'AO', 'AQ', 'AR', 'AS', 'AT', 'AU', 'AW', 'AX', 'AZ', 'BA', 'BB', 'BD', 'BE', 'BF', 'BG', 'BH', 'BI', 'BJ', 'BL', 'BM', 'BN', 'BO', 'BQ', 'BR', 'BS', 'BT', '...</msg>
<var>${list_country}</var>
<arg>AD</arg>
<arg>AE</arg>
<arg>AF</arg>
<arg>AG</arg>
<arg>AI</arg>
<arg>AL</arg>
<arg>AM</arg>
<arg>AO</arg>
<arg>AQ</arg>
<arg>AR</arg>
<arg>AS</arg>
<arg>AT</arg>
<arg>AU</arg>
<arg>AW</arg>
<arg>AX</arg>
<arg>AZ</arg>
<arg>BA</arg>
<arg>BB</arg>
<arg>BD</arg>
<arg>BE</arg>
<arg>BF</arg>
<arg>BG</arg>
<arg>BH</arg>
<arg>BI</arg>
<arg>BJ</arg>
<arg>BL</arg>
<arg>BM</arg>
<arg>BN</arg>
<arg>BO</arg>
<arg>BQ</arg>
<arg>BR</arg>
<arg>BS</arg>
<arg>BT</arg>
<arg>BV</arg>
<arg>BW</arg>
<arg>BY</arg>
<arg>BZ</arg>
<arg>CA</arg>
<arg>CC</arg>
<arg>CD</arg>
<arg>CF</arg>
<arg>CG</arg>
<arg>CH</arg>
<arg>CI</arg>
<arg>CK</arg>
<arg>CL</arg>
<arg>CM</arg>
<arg>CN</arg>
<arg>CO</arg>
<arg>CR</arg>
<arg>CU</arg>
<arg>CV</arg>
<arg>CW</arg>
<arg>CX</arg>
<arg>CY</arg>
<arg>CZ</arg>
<arg>DE</arg>
<arg>DJ</arg>
<arg>DK</arg>
<arg>DM</arg>
<arg>DO</arg>
<arg>DZ</arg>
<arg>EC</arg>
<arg>EE</arg>
<arg>EG</arg>
<arg>EH</arg>
<arg>ER</arg>
<arg>ES</arg>
<arg>ET</arg>
<arg>FI</arg>
<arg>FJ</arg>
<arg>FK</arg>
<arg>FM</arg>
<arg>FO</arg>
<arg>FR</arg>
<arg>GA</arg>
<arg>GB</arg>
<arg>GD</arg>
<arg>GE</arg>
<arg>GF</arg>
<arg>GG</arg>
<arg>GH</arg>
<arg>GI</arg>
<arg>GL</arg>
<arg>GM</arg>
<arg>GN</arg>
<arg>GP</arg>
<arg>GQ</arg>
<arg>GR</arg>
<arg>GS</arg>
<arg>GT</arg>
<arg>GU</arg>
<arg>GW</arg>
<arg>GY</arg>
<arg>HK</arg>
<arg>HM</arg>
<arg>HN</arg>
<arg>HR</arg>
<arg>HT</arg>
<arg>HU</arg>
<arg>ID</arg>
<arg>IE</arg>
<arg>IL</arg>
<arg>IM</arg>
<arg>IN</arg>
<arg>IO</arg>
<arg>IQ</arg>
<arg>IR</arg>
<arg>IS</arg>
<arg>IT</arg>
<arg>JE</arg>
<arg>JM</arg>
<arg>JO</arg>
<arg>JP</arg>
<arg>KE</arg>
<arg>KG</arg>
<arg>KH</arg>
<arg>KI</arg>
<arg>KM</arg>
<arg>KN</arg>
<arg>KP</arg>
<arg>KR</arg>
<arg>KW</arg>
<arg>KY</arg>
<arg>KZ</arg>
<arg>LA</arg>
<arg>LB</arg>
<arg>LC</arg>
<arg>LI</arg>
<arg>LK</arg>
<arg>LR</arg>
<arg>LS</arg>
<arg>LT</arg>
<arg>LU</arg>
<arg>LV</arg>
<arg>LY</arg>
<arg>MA</arg>
<arg>MC</arg>
<arg>MD</arg>
<arg>ME</arg>
<arg>MF</arg>
<arg>MG</arg>
<arg>MH</arg>
<arg>MK</arg>
<arg>ML</arg>
<arg>MM</arg>
<arg>MN</arg>
<arg>MO</arg>
<arg>MP</arg>
<arg>MQ</arg>
<arg>MR</arg>
<arg>MS</arg>
<arg>MT</arg>
<arg>MU</arg>
<arg>MV</arg>
<arg>MW</arg>
<arg>MX</arg>
<arg>MY</arg>
<arg>MZ</arg>
<arg>NA</arg>
<arg>NC</arg>
<arg>NE</arg>
<arg>NF</arg>
<arg>NG</arg>
<arg>NI</arg>
<arg>NL</arg>
<arg>NO</arg>
<arg>NP</arg>
<arg>NR</arg>
<arg>NU</arg>
<arg>NZ</arg>
<arg>OM</arg>
<arg>PA</arg>
<arg>PE</arg>
<arg>PF</arg>
<arg>PG</arg>
<arg>PH</arg>
<arg>PK</arg>
<arg>PL</arg>
<arg>PM</arg>
<arg>PN</arg>
<arg>PR</arg>
<arg>PS</arg>
<arg>PT</arg>
<arg>PW</arg>
<arg>PY</arg>
<arg>QA</arg>
<arg>RE</arg>
<arg>RO</arg>
<arg>RS</arg>
<arg>RU</arg>
<arg>RW</arg>
<arg>SA</arg>
<arg>SB</arg>
<arg>SC</arg>
<arg>SD</arg>
<arg>SE</arg>
<arg>SG</arg>
<arg>SH</arg>
<arg>SI</arg>
<arg>SJ</arg>
<arg>SK</arg>
<arg>SL</arg>
<arg>SM</arg>
<arg>SN</arg>
<arg>SO</arg>
<arg>SR</arg>
<arg>SS</arg>
<arg>ST</arg>
<arg>SV</arg>
<arg>SX</arg>
<arg>SY</arg>
<arg>SZ</arg>
<arg>TC</arg>
<arg>TD</arg>
<arg>TF</arg>
<arg>TG</arg>
<arg>TH</arg>
<arg>TJ</arg>
<arg>TK</arg>
<arg>TL</arg>
<arg>TM</arg>
<arg>TN</arg>
<arg>TO</arg>
<arg>TR</arg>
<arg>TT</arg>
<arg>TV</arg>
<arg>TW</arg>
<arg>TZ</arg>
<arg>UA</arg>
<arg>UG</arg>
<arg>UM</arg>
<arg>US</arg>
<arg>UY</arg>
<arg>UZ</arg>
<arg>VA</arg>
<arg>VC</arg>
<arg>VE</arg>
<arg>VG</arg>
<arg>VI</arg>
<arg>VN</arg>
<arg>VU</arg>
<arg>WF</arg>
<arg>WS</arg>
<arg>XK</arg>
<arg>YE</arg>
<arg>YT</arg>
<arg>ZA</arg>
<arg>ZM</arg>
<arg>ZW</arg>
<doc>Returns a list containing given items.</doc>
<status status="PASS" start="2024-05-11T15:13:27.503392" elapsed="0.000616"/>
</kw>
<kw name="List Should Contain Value" owner="Collections">
<msg time="2024-05-11T15:13:27.504996" level="INFO">False</msg>
<arg>${list_country}</arg>
<arg>${name_country}</arg>
<doc>Fails if the ``value`` is not found from ``list``.</doc>
<status status="PASS" start="2024-05-11T15:13:27.504798" elapsed="0.000234"/>
</kw>
<kw name="Run Keyword If" owner="BuiltIn">
<kw name="Should Be True" owner="BuiltIn">
<arg>${True}</arg>
<doc>Fails if the given condition is not true.</doc>
<status status="PASS" start="2024-05-11T15:13:27.506099" elapsed="0.000261"/>
</kw>
<arg>${json_data["results"][0]["location"]["coordinates"]["latitude"]} &gt;= -90 and ${json_data["results"][0]["location"]["coordinates"]["latitude"]} &lt;= 90</arg>
<arg>Should Be True</arg>
<arg>${True}</arg>
<doc>Runs the given keyword with the given arguments, if ``condition`` is true.</doc>
<status status="PASS" start="2024-05-11T15:13:27.505342" elapsed="0.001150"/>
</kw>
<kw name="Run Keyword If" owner="BuiltIn">
<kw name="Should Be True" owner="BuiltIn">
<arg>${True}</arg>
<doc>Fails if the given condition is not true.</doc>
<status status="PASS" start="2024-05-11T15:13:27.507400" elapsed="0.000139"/>
</kw>
<arg>${json_data["results"][0]["location"]["coordinates"]["longitude"]} &gt;= -180 and ${json_data["results"][0]["location"]["coordinates"]["longitude"]} &lt;= 180</arg>
<arg>Should Be True</arg>
<arg>${True}</arg>
<doc>Runs the given keyword with the given arguments, if ``condition`` is true.</doc>
<status status="PASS" start="2024-05-11T15:13:27.506677" elapsed="0.000985"/>
</kw>
<status status="PASS" start="2024-05-11T15:13:27.401651" elapsed="0.106141"/>
</kw>
<doc>Testa o conteúdo específico dos campos retornados pela API.</doc>
<tag>testeConteudo</tag>
<status status="PASS" start="2024-05-11T15:13:27.401122" elapsed="0.106821"/>
</test>
<status status="PASS" start="2024-05-11T15:13:26.655065" elapsed="0.854884"/>
</suite>
<status status="PASS" start="2024-05-11T15:13:26.641499" elapsed="0.873699"/>
</suite>
<statistics>
<total>
<stat pass="5" fail="0" skip="0">All Tests</stat>
</total>
<tag>
<stat pass="1" fail="0" skip="0">testeConteudo</stat>
<stat pass="1" fail="0" skip="0">testeEstruturaResposta</stat>
<stat pass="1" fail="0" skip="0">testeRequisicaoBasica</stat>
<stat pass="1" fail="0" skip="0">testeTiposDados</stat>
</tag>
<suite>
<stat pass="5" fail="0" skip="0" id="s1" name="Tests">Tests</stat>
<stat pass="5" fail="0" skip="0" id="s1-s1" name="Random-User-Test">Tests.Random-User-Test</stat>
</suite>
</statistics>
<errors>
</errors>
</robot>
