<?xml version="1.0" encoding="UTF-8"?>
<robot generator="Robot 7.0 (Python 3.12.2 on linux)" generated="2024-04-13T20:11:55.500001" rpa="false" schemaversion="5">
<suite id="s1" name="Tests" source="/home/runner/work/DesafioQAItauRogerioJordao/DesafioQAItauRogerioJordao/RamdonUser/tests">
<suite id="s1-s1" name="Random-User-Test" source="/home/runner/work/DesafioQAItauRogerioJordao/DesafioQAItauRogerioJordao/RamdonUser/tests/random-user-test.robot">
<test id="s1-s1-t1" name="Conectar" line="13">
<kw name="Conectar API" owner="random-user-service">
<kw name="Create Session" owner="RequestsLibrary">
<msg time="2024-04-13T20:11:55.851264" level="INFO">Creating Session using : alias=consultarAPI, url=https://randomuser.me/, headers={},                     cookies={}, auth=None, timeout=None, proxies=None, verify=False,                     debug=0 </msg>
<arg>consultarAPI</arg>
<arg>${URL}</arg>
<doc>Create Session: create a HTTP session to a server</doc>
<status status="PASS" start="2024-04-13T20:11:55.851069" elapsed="0.000363"/>
</kw>
<status status="PASS" start="2024-04-13T20:11:55.850051" elapsed="0.001721"/>
</kw>
<status status="PASS" start="2024-04-13T20:11:55.849558" elapsed="0.002415"/>
</test>
<test id="s1-s1-t2" name="Validar retorno 200 e JSON Válido" line="16">
<kw name="Teste de Requisicao Basica" owner="random-user-service">
<kw name="GET On Session" owner="RequestsLibrary">
<msg time="2024-04-13T20:11:56.035276" level="INFO">GET Request : url=https://randomuser.me/api 
 path_url=/api 
 headers={'User-Agent': 'python-requests/2.31.0', 'Accept-Encoding': 'gzip, deflate', 'Accept': '*/*', 'Connection': 'keep-alive'} 
 body=None 
 </msg>
<msg time="2024-04-13T20:11:56.035410" level="INFO">GET Response : url=https://randomuser.me/api 
 status=200, reason=OK 
 headers={'Date': 'Sat, 13 Apr 2024 20:11:56 GMT', 'Content-Type': 'application/json; charset=utf-8', 'Transfer-Encoding': 'chunked', 'Connection': 'keep-alive', 'X-Powered-By': 'Express', 'Access-Control-Allow-Origin': '*', 'Cache-Control': 'no-cache', 'ETag': 'W/"48a-N+oUMbvr5L7OAXpeqK4WlhsUW1k"', 'Vary': 'Accept-Encoding', 'Content-Encoding': 'gzip', 'CF-Cache-Status': 'DYNAMIC', 'Report-To': '{"endpoints":[{"url":"https:\\/\\/a.nel.cloudflare.com\\/report\\/v4?s=InjnAUZu7YXxxdzN%2BCFD%2FDPhNH%2FcLK%2Bp2xTdwfUgzXsyHU6qTarnP84xJbOO3Hyx8CPE8s0Q04CodgRRwbkhga4nsu2Z6nS4iDctssLtO73NrH9Bs6f236eK8ADLDK9E"}],"group":"cf-nel","max_age":604800}', 'NEL': '{"success_fraction":0,"report_to":"cf-nel","max_age":604800}', 'Server': 'cloudflare', 'CF-RAY': '873e1baaf8153b1d-IAD', 'alt-svc': 'h3=":443"; ma=86400'} 
 body={"results":[{"gender":"female","name":{"title":"Mrs","first":"Yeni","last":"Burgos"},"location":{"street":{"number":4373,"name":"Viaducto Norte Gamboa"},"city":"Penjamillo","state":"Durango","country":"Mexico","postcode":18016,"coordinates":{"latitude":"24.1565","longitude":"56.7662"},"timezone":{"offset":"-3:30","description":"Newfoundland"}},"email":"yeni.burgos@example.com","login":{"uuid":"f1656f94-17e1-49da-af2d-7a3bcc9989e4","username":"ticklishkoala717","password":"belle","salt":"D3gJZPy8","md5":"8727a29f42d76adc67f8e9e44639a9e0","sha1":"11e8a52184ebd6d936730e9beaafe8f248aaefd3","sha256":"ce388a8658dcfc3e21a353178d7c24163fc5fb700dd9954082bbbafac431513f"},"dob":{"date":"1955-10-02T20:55:02.154Z","age":68},"registered":{"date":"2016-09-28T14:13:55.362Z","age":7},"phone":"(676) 655 8256","cell":"(611) 069 2564","id":{"name":"NSS","value":"71 75 02 8250 9"},"picture":{"large":"https://randomuser.me/api/portraits/women/77.jpg","medium":"https://randomuser.me/api/portraits/med/women/77.jpg","thumbnail":"https://randomuser.me/api/portraits/thumb/women/77.jpg"},"nat":"MX"}],"info":{"seed":"6066ff007b9f33dd","results":1,"page":1,"version":"1.4"}} 
 </msg>
<msg time="2024-04-13T20:11:56.035483" level="INFO">/opt/hostedtoolcache/Python/3.12.2/x64/lib/python3.12/site-packages/urllib3/connectionpool.py:1103: InsecureRequestWarning: Unverified HTTPS request is being made to host 'randomuser.me'. Adding certificate verification is strongly advised. See: https://urllib3.readthedocs.io/en/latest/advanced-usage.html#tls-warnings
  warnings.warn(</msg>
<msg time="2024-04-13T20:11:56.035607" level="INFO">${response} = &lt;Response [200]&gt;</msg>
<var>${response}</var>
<arg>consultarAPI</arg>
<arg>/api</arg>
<doc>Sends a GET request on a previously created HTTP Session.</doc>
<status status="PASS" start="2024-04-13T20:11:55.854552" elapsed="0.181097"/>
</kw>
<kw name="Should Be Equal As Numbers" owner="BuiltIn">
<msg time="2024-04-13T20:11:56.036605" level="INFO">Argument types are:
&lt;class 'int'&gt;
&lt;class 'str'&gt;</msg>
<arg>${response.status_code}</arg>
<arg>200</arg>
<doc>Fails if objects are unequal after converting them to real numbers.</doc>
<status status="PASS" start="2024-04-13T20:11:56.036139" elapsed="0.000534"/>
</kw>
<kw name="Log" owner="BuiltIn">
<msg time="2024-04-13T20:11:56.037377" level="INFO">200</msg>
<arg>${response.status_code}</arg>
<doc>Logs the given message with the given level.</doc>
<status status="PASS" start="2024-04-13T20:11:56.037012" elapsed="0.000409"/>
</kw>
<kw name="Set Variable" owner="BuiltIn">
<msg time="2024-04-13T20:11:56.038237" level="INFO">${json_data} = {'results': [{'gender': 'female', 'name': {'title': 'Mrs', 'first': 'Yeni', 'last': 'Burgos'}, 'location': {'street': {'number': 4373, 'name': 'Viaducto Norte Gamboa'}, 'city': 'Penjamillo', 'state': ...</msg>
<var>${json_data}</var>
<arg>${response.json()}</arg>
<doc>Returns the given values which can then be assigned to a variables.</doc>
<status status="PASS" start="2024-04-13T20:11:56.037764" elapsed="0.000514"/>
</kw>
<kw name="Dictionary Should Contain Key" owner="Collections">
<msg time="2024-04-13T20:11:56.038775" level="INFO">False</msg>
<arg>${json_data}</arg>
<arg>results</arg>
<doc>Fails if ``key`` is not found from ``dictionary``.</doc>
<status status="PASS" start="2024-04-13T20:11:56.038602" elapsed="0.000219"/>
</kw>
<status status="PASS" start="2024-04-13T20:11:55.854300" elapsed="0.184792"/>
</kw>
<doc>Testa se a API responde corretamente e retorna um objeto JSON válido.</doc>
<tag>testeRequisicaoBasica</tag>
<status status="PASS" start="2024-04-13T20:11:55.853800" elapsed="0.185486"/>
</test>
<test id="s1-s1-t3" name="Validar estrutura de resposta" line="22">
<kw name="Teste de Estrutura de Resposta" owner="random-user-service">
<kw name="GET On Session" owner="RequestsLibrary">
<msg time="2024-04-13T20:11:56.132913" level="INFO">GET Request : url=https://randomuser.me/api 
 path_url=/api 
 headers={'User-Agent': 'python-requests/2.31.0', 'Accept-Encoding': 'gzip, deflate', 'Accept': '*/*', 'Connection': 'keep-alive'} 
 body=None 
 </msg>
<msg time="2024-04-13T20:11:56.133002" level="INFO">GET Response : url=https://randomuser.me/api 
 status=200, reason=OK 
 headers={'Date': 'Sat, 13 Apr 2024 20:11:56 GMT', 'Content-Type': 'application/json; charset=utf-8', 'Transfer-Encoding': 'chunked', 'Connection': 'keep-alive', 'X-Powered-By': 'Express', 'Access-Control-Allow-Origin': '*', 'Cache-Control': 'no-cache', 'ETag': 'W/"4aa-qLE67yVo5bGZ3zuLIwzY9EZ92LU"', 'Vary': 'Accept-Encoding', 'Content-Encoding': 'gzip', 'CF-Cache-Status': 'DYNAMIC', 'Report-To': '{"endpoints":[{"url":"https:\\/\\/a.nel.cloudflare.com\\/report\\/v4?s=4fkYL0rd4bL9pdBgcF7YrLMmigcVURyf4eBxoAYMI2JySj3L47PocNgsboUbhGfM3jf%2Fxh8uC7eevkj9oytc9EXftTkUsetoukrKJce%2BCgK90zgmjEUc2Q5c9u0lrdEF"}],"group":"cf-nel","max_age":604800}', 'NEL': '{"success_fraction":0,"report_to":"cf-nel","max_age":604800}', 'Server': 'cloudflare', 'CF-RAY': '873e1bab48573b1d-IAD', 'alt-svc': 'h3=":443"; ma=86400'} 
 body={"results":[{"gender":"male","name":{"title":"Mr","first":"Vidaúl","last":"da Mota"},"location":{"street":{"number":8720,"name":"Rua Quinze de Novembro "},"city":"Abaetetuba","state":"Rio Grande do Norte","country":"Brazil","postcode":90467,"coordinates":{"latitude":"-77.8486","longitude":"-57.3228"},"timezone":{"offset":"+8:00","description":"Beijing, Perth, Singapore, Hong Kong"}},"email":"vidaul.damota@example.com","login":{"uuid":"f4dd90be-2463-48a6-87cb-ad10d6c4bfe6","username":"silverpanda668","password":"jorge","salt":"lrylIOzc","md5":"6a9e7a7a25776b39143dea63bd9d2c01","sha1":"1f6af258e69a0c2d4733b0422195140df79830fa","sha256":"13183286ac31435ad780d64edfda81c0535b97dc4222600f317aa8cd2af89724"},"dob":{"date":"1993-03-22T07:04:09.320Z","age":31},"registered":{"date":"2003-11-14T01:01:37.138Z","age":20},"phone":"(83) 7279-9468","cell":"(25) 1136-2308","id":{"name":"CPF","value":"362.919.256-69"},"picture":{"large":"https://randomuser.me/api/portraits/men/1.jpg","medium":"https://randomuser.me/api/portraits/med/men/1.jpg","thumbnail":"https://randomuser.me/api/portraits/thumb/men/1.jpg"},"nat":"BR"}],"info":{"seed":"4e342e511ab52c63","results":1,"page":1,"version":"1.4"}} 
 </msg>
<msg time="2024-04-13T20:11:56.133130" level="INFO">/opt/hostedtoolcache/Python/3.12.2/x64/lib/python3.12/site-packages/urllib3/connectionpool.py:1103: InsecureRequestWarning: Unverified HTTPS request is being made to host 'randomuser.me'. Adding certificate verification is strongly advised. See: https://urllib3.readthedocs.io/en/latest/advanced-usage.html#tls-warnings
  warnings.warn(</msg>
<msg time="2024-04-13T20:11:56.133260" level="INFO">${response} = &lt;Response [200]&gt;</msg>
<var>${response}</var>
<arg>consultarAPI</arg>
<arg>/api</arg>
<doc>Sends a GET request on a previously created HTTP Session.</doc>
<status status="PASS" start="2024-04-13T20:11:56.042065" elapsed="0.091236"/>
</kw>
<kw name="Set Variable" owner="BuiltIn">
<msg time="2024-04-13T20:11:56.134411" level="INFO">${json_data} = {'results': [{'gender': 'male', 'name': {'title': 'Mr', 'first': 'Vidaúl', 'last': 'da Mota'}, 'location': {'street': {'number': 8720, 'name': 'Rua Quinze de Novembro '}, 'city': 'Abaetetuba', 'state'...</msg>
<var>${json_data}</var>
<arg>${response.json()}</arg>
<doc>Returns the given values which can then be assigned to a variables.</doc>
<status status="PASS" start="2024-04-13T20:11:56.133838" elapsed="0.000603"/>
</kw>
<kw name="Log" owner="BuiltIn">
<msg time="2024-04-13T20:11:56.134923" level="INFO">{'results': [{'gender': 'male', 'name': {'title': 'Mr', 'first': 'Vidaúl', 'last': 'da Mota'}, 'location': {'street': {'number': 8720, 'name': 'Rua Quinze de Novembro '}, 'city': 'Abaetetuba', 'state': 'Rio Grande do Norte', 'country': 'Brazil', 'postcode': 90467, 'coordinates': {'latitude': '-77.8486', 'longitude': '-57.3228'}, 'timezone': {'offset': '+8:00', 'description': 'Beijing, Perth, Singapore, Hong Kong'}}, 'email': 'vidaul.damota@example.com', 'login': {'uuid': 'f4dd90be-2463-48a6-87cb-ad10d6c4bfe6', 'username': 'silverpanda668', 'password': 'jorge', 'salt': 'lrylIOzc', 'md5': '6a9e7a7a25776b39143dea63bd9d2c01', 'sha1': '1f6af258e69a0c2d4733b0422195140df79830fa', 'sha256': '13183286ac31435ad780d64edfda81c0535b97dc4222600f317aa8cd2af89724'}, 'dob': {'date': '1993-03-22T07:04:09.320Z', 'age': 31}, 'registered': {'date': '2003-11-14T01:01:37.138Z', 'age': 20}, 'phone': '(83) 7279-9468', 'cell': '(25) 1136-2308', 'id': {'name': 'CPF', 'value': '362.919.256-69'}, 'picture': {'large': 'https://randomuser.me/api/portraits/men/1.jpg', 'medium': 'https://randomuser.me/api/portraits/med/men/1.jpg', 'thumbnail': 'https://randomuser.me/api/portraits/thumb/men/1.jpg'}, 'nat': 'BR'}], 'info': {'seed': '4e342e511ab52c63', 'results': 1, 'page': 1, 'version': '1.4'}}</msg>
<arg>${json_data}</arg>
<doc>Logs the given message with the given level.</doc>
<status status="PASS" start="2024-04-13T20:11:56.134759" elapsed="0.000214"/>
</kw>
<kw name="Dictionary Should Contain Key" owner="Collections">
<msg time="2024-04-13T20:11:56.135439" level="INFO">False</msg>
<arg>${json_data}</arg>
<arg>results</arg>
<doc>Fails if ``key`` is not found from ``dictionary``.</doc>
<status status="PASS" start="2024-04-13T20:11:56.135282" elapsed="0.000194"/>
</kw>
<kw name="Should Not Be Empty" owner="BuiltIn">
<msg time="2024-04-13T20:11:56.135906" level="INFO">Length is 2.</msg>
<arg>${json_data}</arg>
<doc>Verifies that the given item is not empty.</doc>
<status status="PASS" start="2024-04-13T20:11:56.135773" elapsed="0.000172"/>
</kw>
<kw name="Create List" owner="BuiltIn">
<msg time="2024-04-13T20:11:56.136393" level="INFO">${expected_keys} = ['gender', 'name', 'location', 'email', 'login']</msg>
<var>${expected_keys}</var>
<arg>gender</arg>
<arg>name</arg>
<arg>location</arg>
<arg>email</arg>
<arg>login</arg>
<doc>Returns a list containing given items.</doc>
<status status="PASS" start="2024-04-13T20:11:56.136238" elapsed="0.000180"/>
</kw>
<for flavor="IN">
<iter>
<kw name="Dictionary Should Contain Key" owner="Collections">
<msg time="2024-04-13T20:11:56.137399" level="INFO">False</msg>
<arg>${json_data['results'][0]}</arg>
<arg>${key}</arg>
<doc>Fails if ``key`` is not found from ``dictionary``.</doc>
<status status="PASS" start="2024-04-13T20:11:56.136996" elapsed="0.000441"/>
</kw>
<kw name="Log" owner="BuiltIn">
<msg time="2024-04-13T20:11:56.138190" level="INFO">{'gender': 'male', 'name': {'title': 'Mr', 'first': 'Vidaúl', 'last': 'da Mota'}, 'location': {'street': {'number': 8720, 'name': 'Rua Quinze de Novembro '}, 'city': 'Abaetetuba', 'state': 'Rio Grande do Norte', 'country': 'Brazil', 'postcode': 90467, 'coordinates': {'latitude': '-77.8486', 'longitude': '-57.3228'}, 'timezone': {'offset': '+8:00', 'description': 'Beijing, Perth, Singapore, Hong Kong'}}, 'email': 'vidaul.damota@example.com', 'login': {'uuid': 'f4dd90be-2463-48a6-87cb-ad10d6c4bfe6', 'username': 'silverpanda668', 'password': 'jorge', 'salt': 'lrylIOzc', 'md5': '6a9e7a7a25776b39143dea63bd9d2c01', 'sha1': '1f6af258e69a0c2d4733b0422195140df79830fa', 'sha256': '13183286ac31435ad780d64edfda81c0535b97dc4222600f317aa8cd2af89724'}, 'dob': {'date': '1993-03-22T07:04:09.320Z', 'age': 31}, 'registered': {'date': '2003-11-14T01:01:37.138Z', 'age': 20}, 'phone': '(83) 7279-9468', 'cell': '(25) 1136-2308', 'id': {'name': 'CPF', 'value': '362.919.256-69'}, 'picture': {'large': 'https://randomuser.me/api/portraits/men/1.jpg', 'medium': 'https://randomuser.me/api/portraits/med/men/1.jpg', 'thumbnail': 'https://randomuser.me/api/portraits/thumb/men/1.jpg'}, 'nat': 'BR'}</msg>
<arg>${json_data['results'][0]}</arg>
<doc>Logs the given message with the given level.</doc>
<status status="PASS" start="2024-04-13T20:11:56.137738" elapsed="0.000554"/>
</kw>
<kw name="Log" owner="BuiltIn">
<msg time="2024-04-13T20:11:56.138832" level="INFO">gender</msg>
<arg>${key}</arg>
<doc>Logs the given message with the given level.</doc>
<status status="PASS" start="2024-04-13T20:11:56.138694" elapsed="0.000178"/>
</kw>
<var name="${key}">gender</var>
<status status="PASS" start="2024-04-13T20:11:56.136870" elapsed="0.002233"/>
</iter>
<iter>
<kw name="Dictionary Should Contain Key" owner="Collections">
<msg time="2024-04-13T20:11:56.139801" level="INFO">False</msg>
<arg>${json_data['results'][0]}</arg>
<arg>${key}</arg>
<doc>Fails if ``key`` is not found from ``dictionary``.</doc>
<status status="PASS" start="2024-04-13T20:11:56.139410" elapsed="0.000429"/>
</kw>
<kw name="Log" owner="BuiltIn">
<msg time="2024-04-13T20:11:56.140535" level="INFO">{'gender': 'male', 'name': {'title': 'Mr', 'first': 'Vidaúl', 'last': 'da Mota'}, 'location': {'street': {'number': 8720, 'name': 'Rua Quinze de Novembro '}, 'city': 'Abaetetuba', 'state': 'Rio Grande do Norte', 'country': 'Brazil', 'postcode': 90467, 'coordinates': {'latitude': '-77.8486', 'longitude': '-57.3228'}, 'timezone': {'offset': '+8:00', 'description': 'Beijing, Perth, Singapore, Hong Kong'}}, 'email': 'vidaul.damota@example.com', 'login': {'uuid': 'f4dd90be-2463-48a6-87cb-ad10d6c4bfe6', 'username': 'silverpanda668', 'password': 'jorge', 'salt': 'lrylIOzc', 'md5': '6a9e7a7a25776b39143dea63bd9d2c01', 'sha1': '1f6af258e69a0c2d4733b0422195140df79830fa', 'sha256': '13183286ac31435ad780d64edfda81c0535b97dc4222600f317aa8cd2af89724'}, 'dob': {'date': '1993-03-22T07:04:09.320Z', 'age': 31}, 'registered': {'date': '2003-11-14T01:01:37.138Z', 'age': 20}, 'phone': '(83) 7279-9468', 'cell': '(25) 1136-2308', 'id': {'name': 'CPF', 'value': '362.919.256-69'}, 'picture': {'large': 'https://randomuser.me/api/portraits/men/1.jpg', 'medium': 'https://randomuser.me/api/portraits/med/men/1.jpg', 'thumbnail': 'https://randomuser.me/api/portraits/thumb/men/1.jpg'}, 'nat': 'BR'}</msg>
<arg>${json_data['results'][0]}</arg>
<doc>Logs the given message with the given level.</doc>
<status status="PASS" start="2024-04-13T20:11:56.140167" elapsed="0.000423"/>
</kw>
<kw name="Log" owner="BuiltIn">
<msg time="2024-04-13T20:11:56.141024" level="INFO">name</msg>
<arg>${key}</arg>
<doc>Logs the given message with the given level.</doc>
<status status="PASS" start="2024-04-13T20:11:56.140896" elapsed="0.000166"/>
</kw>
<var name="${key}">name</var>
<status status="PASS" start="2024-04-13T20:11:56.139293" elapsed="0.001990"/>
</iter>
<iter>
<kw name="Dictionary Should Contain Key" owner="Collections">
<msg time="2024-04-13T20:11:56.141960" level="INFO">False</msg>
<arg>${json_data['results'][0]}</arg>
<arg>${key}</arg>
<doc>Fails if ``key`` is not found from ``dictionary``.</doc>
<status status="PASS" start="2024-04-13T20:11:56.141576" elapsed="0.000422"/>
</kw>
<kw name="Log" owner="BuiltIn">
<msg time="2024-04-13T20:11:56.142695" level="INFO">{'gender': 'male', 'name': {'title': 'Mr', 'first': 'Vidaúl', 'last': 'da Mota'}, 'location': {'street': {'number': 8720, 'name': 'Rua Quinze de Novembro '}, 'city': 'Abaetetuba', 'state': 'Rio Grande do Norte', 'country': 'Brazil', 'postcode': 90467, 'coordinates': {'latitude': '-77.8486', 'longitude': '-57.3228'}, 'timezone': {'offset': '+8:00', 'description': 'Beijing, Perth, Singapore, Hong Kong'}}, 'email': 'vidaul.damota@example.com', 'login': {'uuid': 'f4dd90be-2463-48a6-87cb-ad10d6c4bfe6', 'username': 'silverpanda668', 'password': 'jorge', 'salt': 'lrylIOzc', 'md5': '6a9e7a7a25776b39143dea63bd9d2c01', 'sha1': '1f6af258e69a0c2d4733b0422195140df79830fa', 'sha256': '13183286ac31435ad780d64edfda81c0535b97dc4222600f317aa8cd2af89724'}, 'dob': {'date': '1993-03-22T07:04:09.320Z', 'age': 31}, 'registered': {'date': '2003-11-14T01:01:37.138Z', 'age': 20}, 'phone': '(83) 7279-9468', 'cell': '(25) 1136-2308', 'id': {'name': 'CPF', 'value': '362.919.256-69'}, 'picture': {'large': 'https://randomuser.me/api/portraits/men/1.jpg', 'medium': 'https://randomuser.me/api/portraits/med/men/1.jpg', 'thumbnail': 'https://randomuser.me/api/portraits/thumb/men/1.jpg'}, 'nat': 'BR'}</msg>
<arg>${json_data['results'][0]}</arg>
<doc>Logs the given message with the given level.</doc>
<status status="PASS" start="2024-04-13T20:11:56.142329" elapsed="0.000416"/>
</kw>
<kw name="Log" owner="BuiltIn">
<msg time="2024-04-13T20:11:56.143172" level="INFO">location</msg>
<arg>${key}</arg>
<doc>Logs the given message with the given level.</doc>
<status status="PASS" start="2024-04-13T20:11:56.143045" elapsed="0.000165"/>
</kw>
<var name="${key}">location</var>
<status status="PASS" start="2024-04-13T20:11:56.141463" elapsed="0.001963"/>
</iter>
<iter>
<kw name="Dictionary Should Contain Key" owner="Collections">
<msg time="2024-04-13T20:11:56.144094" level="INFO">False</msg>
<arg>${json_data['results'][0]}</arg>
<arg>${key}</arg>
<doc>Fails if ``key`` is not found from ``dictionary``.</doc>
<status status="PASS" start="2024-04-13T20:11:56.143710" elapsed="0.000427"/>
</kw>
<kw name="Log" owner="BuiltIn">
<msg time="2024-04-13T20:11:56.144805" level="INFO">{'gender': 'male', 'name': {'title': 'Mr', 'first': 'Vidaúl', 'last': 'da Mota'}, 'location': {'street': {'number': 8720, 'name': 'Rua Quinze de Novembro '}, 'city': 'Abaetetuba', 'state': 'Rio Grande do Norte', 'country': 'Brazil', 'postcode': 90467, 'coordinates': {'latitude': '-77.8486', 'longitude': '-57.3228'}, 'timezone': {'offset': '+8:00', 'description': 'Beijing, Perth, Singapore, Hong Kong'}}, 'email': 'vidaul.damota@example.com', 'login': {'uuid': 'f4dd90be-2463-48a6-87cb-ad10d6c4bfe6', 'username': 'silverpanda668', 'password': 'jorge', 'salt': 'lrylIOzc', 'md5': '6a9e7a7a25776b39143dea63bd9d2c01', 'sha1': '1f6af258e69a0c2d4733b0422195140df79830fa', 'sha256': '13183286ac31435ad780d64edfda81c0535b97dc4222600f317aa8cd2af89724'}, 'dob': {'date': '1993-03-22T07:04:09.320Z', 'age': 31}, 'registered': {'date': '2003-11-14T01:01:37.138Z', 'age': 20}, 'phone': '(83) 7279-9468', 'cell': '(25) 1136-2308', 'id': {'name': 'CPF', 'value': '362.919.256-69'}, 'picture': {'large': 'https://randomuser.me/api/portraits/men/1.jpg', 'medium': 'https://randomuser.me/api/portraits/med/men/1.jpg', 'thumbnail': 'https://randomuser.me/api/portraits/thumb/men/1.jpg'}, 'nat': 'BR'}</msg>
<arg>${json_data['results'][0]}</arg>
<doc>Logs the given message with the given level.</doc>
<status status="PASS" start="2024-04-13T20:11:56.144440" elapsed="0.000415"/>
</kw>
<kw name="Log" owner="BuiltIn">
<msg time="2024-04-13T20:11:56.145291" level="INFO">email</msg>
<arg>${key}</arg>
<doc>Logs the given message with the given level.</doc>
<status status="PASS" start="2024-04-13T20:11:56.145162" elapsed="0.000167"/>
</kw>
<var name="${key}">email</var>
<status status="PASS" start="2024-04-13T20:11:56.143599" elapsed="0.001948"/>
</iter>
<iter>
<kw name="Dictionary Should Contain Key" owner="Collections">
<msg time="2024-04-13T20:11:56.146240" level="INFO">False</msg>
<arg>${json_data['results'][0]}</arg>
<arg>${key}</arg>
<doc>Fails if ``key`` is not found from ``dictionary``.</doc>
<status status="PASS" start="2024-04-13T20:11:56.145828" elapsed="0.000454"/>
</kw>
<kw name="Log" owner="BuiltIn">
<msg time="2024-04-13T20:11:56.146952" level="INFO">{'gender': 'male', 'name': {'title': 'Mr', 'first': 'Vidaúl', 'last': 'da Mota'}, 'location': {'street': {'number': 8720, 'name': 'Rua Quinze de Novembro '}, 'city': 'Abaetetuba', 'state': 'Rio Grande do Norte', 'country': 'Brazil', 'postcode': 90467, 'coordinates': {'latitude': '-77.8486', 'longitude': '-57.3228'}, 'timezone': {'offset': '+8:00', 'description': 'Beijing, Perth, Singapore, Hong Kong'}}, 'email': 'vidaul.damota@example.com', 'login': {'uuid': 'f4dd90be-2463-48a6-87cb-ad10d6c4bfe6', 'username': 'silverpanda668', 'password': 'jorge', 'salt': 'lrylIOzc', 'md5': '6a9e7a7a25776b39143dea63bd9d2c01', 'sha1': '1f6af258e69a0c2d4733b0422195140df79830fa', 'sha256': '13183286ac31435ad780d64edfda81c0535b97dc4222600f317aa8cd2af89724'}, 'dob': {'date': '1993-03-22T07:04:09.320Z', 'age': 31}, 'registered': {'date': '2003-11-14T01:01:37.138Z', 'age': 20}, 'phone': '(83) 7279-9468', 'cell': '(25) 1136-2308', 'id': {'name': 'CPF', 'value': '362.919.256-69'}, 'picture': {'large': 'https://randomuser.me/api/portraits/men/1.jpg', 'medium': 'https://randomuser.me/api/portraits/med/men/1.jpg', 'thumbnail': 'https://randomuser.me/api/portraits/thumb/men/1.jpg'}, 'nat': 'BR'}</msg>
<arg>${json_data['results'][0]}</arg>
<doc>Logs the given message with the given level.</doc>
<status status="PASS" start="2024-04-13T20:11:56.146585" elapsed="0.000415"/>
</kw>
<kw name="Log" owner="BuiltIn">
<msg time="2024-04-13T20:11:56.147417" level="INFO">login</msg>
<arg>${key}</arg>
<doc>Logs the given message with the given level.</doc>
<status status="PASS" start="2024-04-13T20:11:56.147292" elapsed="0.000193"/>
</kw>
<var name="${key}">login</var>
<status status="PASS" start="2024-04-13T20:11:56.145719" elapsed="0.001988"/>
</iter>
<var>${key}</var>
<value>@{expected_keys}</value>
<status status="PASS" start="2024-04-13T20:11:56.136677" elapsed="0.011151"/>
</for>
<kw name="Create List" owner="BuiltIn">
<msg time="2024-04-13T20:11:56.148156" level="INFO">${expected_keysTwo} = ['username', 'password']</msg>
<var>${expected_keysTwo}</var>
<arg>username</arg>
<arg>password</arg>
<doc>Returns a list containing given items.</doc>
<status status="PASS" start="2024-04-13T20:11:56.148021" elapsed="0.000158"/>
</kw>
<for flavor="IN">
<iter>
<kw name="Dictionary Should Contain Key" owner="Collections">
<msg time="2024-04-13T20:11:56.149161" level="INFO">False</msg>
<arg>${json_data['results'][0]['login']}</arg>
<arg>${keyTwo}</arg>
<doc>Fails if ``key`` is not found from ``dictionary``.</doc>
<status status="PASS" start="2024-04-13T20:11:56.148780" elapsed="0.000419"/>
</kw>
<kw name="Dictionary Should Contain Key" owner="Collections">
<msg time="2024-04-13T20:11:56.149877" level="INFO">False</msg>
<arg>${json_data['results'][0]['login']}</arg>
<arg>${keyTwo}</arg>
<doc>Fails if ``key`` is not found from ``dictionary``.</doc>
<status status="PASS" start="2024-04-13T20:11:56.149497" elapsed="0.000418"/>
</kw>
<kw name="Log" owner="BuiltIn">
<msg time="2024-04-13T20:11:56.150378" level="INFO">username</msg>
<arg>${keyTwo}</arg>
<doc>Logs the given message with the given level.</doc>
<status status="PASS" start="2024-04-13T20:11:56.150239" elapsed="0.000177"/>
</kw>
<var name="${keyTwo}">username</var>
<status status="PASS" start="2024-04-13T20:11:56.148667" elapsed="0.001966"/>
</iter>
<iter>
<kw name="Dictionary Should Contain Key" owner="Collections">
<msg time="2024-04-13T20:11:56.151290" level="INFO">False</msg>
<arg>${json_data['results'][0]['login']}</arg>
<arg>${keyTwo}</arg>
<doc>Fails if ``key`` is not found from ``dictionary``.</doc>
<status status="PASS" start="2024-04-13T20:11:56.150916" elapsed="0.000412"/>
</kw>
<kw name="Dictionary Should Contain Key" owner="Collections">
<msg time="2024-04-13T20:11:56.152003" level="INFO">False</msg>
<arg>${json_data['results'][0]['login']}</arg>
<arg>${keyTwo}</arg>
<doc>Fails if ``key`` is not found from ``dictionary``.</doc>
<status status="PASS" start="2024-04-13T20:11:56.151622" elapsed="0.000419"/>
</kw>
<kw name="Log" owner="BuiltIn">
<msg time="2024-04-13T20:11:56.152469" level="INFO">password</msg>
<arg>${keyTwo}</arg>
<doc>Logs the given message with the given level.</doc>
<status status="PASS" start="2024-04-13T20:11:56.152341" elapsed="0.000165"/>
</kw>
<var name="${keyTwo}">password</var>
<status status="PASS" start="2024-04-13T20:11:56.150808" elapsed="0.001913"/>
</iter>
<var>${keyTwo}</var>
<value>@{expected_keysTwo}</value>
<status status="PASS" start="2024-04-13T20:11:56.148415" elapsed="0.004430"/>
</for>
<status status="PASS" start="2024-04-13T20:11:56.041822" elapsed="0.111164"/>
</kw>
<doc>Testa a estrutura da resposta da API.</doc>
<tag>testeEstruturaResposta</tag>
<status status="PASS" start="2024-04-13T20:11:56.041147" elapsed="0.112000"/>
</test>
<test id="s1-s1-t4" name="Validar tipos de dados" line="28">
<kw name="Teste de Tipos de Dados" owner="random-user-service">
<kw name="GET On Session" owner="RequestsLibrary">
<msg time="2024-04-13T20:11:56.232106" level="INFO">GET Request : url=https://randomuser.me/api 
 path_url=/api 
 headers={'User-Agent': 'python-requests/2.31.0', 'Accept-Encoding': 'gzip, deflate', 'Accept': '*/*', 'Connection': 'keep-alive'} 
 body=None 
 </msg>
<msg time="2024-04-13T20:11:56.232185" level="INFO">GET Response : url=https://randomuser.me/api 
 status=200, reason=OK 
 headers={'Date': 'Sat, 13 Apr 2024 20:11:56 GMT', 'Content-Type': 'application/json; charset=utf-8', 'Transfer-Encoding': 'chunked', 'Connection': 'keep-alive', 'X-Powered-By': 'Express', 'Access-Control-Allow-Origin': '*', 'Cache-Control': 'no-cache', 'ETag': 'W/"4a4-oqjL5vsavGeIQx8P7+cTyr5v2EA"', 'Vary': 'Accept-Encoding', 'Content-Encoding': 'gzip', 'CF-Cache-Status': 'DYNAMIC', 'Report-To': '{"endpoints":[{"url":"https:\\/\\/a.nel.cloudflare.com\\/report\\/v4?s=l5%2Bp%2FrDlrPWfnOVoqYEqp6G4iBrp%2B9RBChtKo6vKR%2F1QNhisREmsZj9JUFX8W%2B70Rr094iHV%2FNUZ%2BNC7NHXeL1oAuX%2BMBpc4y92Ll3gRmK%2BeIYSeM%2BeNkxADjDryb3Z6"}],"group":"cf-nel","max_age":604800}', 'NEL': '{"success_fraction":0,"report_to":"cf-nel","max_age":604800}', 'Server': 'cloudflare', 'CF-RAY': '873e1babf8e93b1d-IAD', 'alt-svc': 'h3=":443"; ma=86400'} 
 body={"results":[{"gender":"female","name":{"title":"Ms","first":"Nastasija","last":"Dinčić"},"location":{"street":{"number":2149,"name":"Panajota Papakostopulosa "},"city":"Bački Petrovac","state":"Pčinja","country":"Serbia","postcode":57908,"coordinates":{"latitude":"61.2828","longitude":"54.1764"},"timezone":{"offset":"-3:00","description":"Brazil, Buenos Aires, Georgetown"}},"email":"nastasija.dincic@example.com","login":{"uuid":"a1c53a1a-846f-45f4-ae3e-f19a51ebc3bc","username":"tinyzebra203","password":"chase","salt":"rx7w8sN4","md5":"f98ab42f9fdc3c0c0fd7d1ef0cb52c51","sha1":"4de1a2c02331265cfbaf127d24f6ad31d6175f3f","sha256":"eee646a025efc01e963312830dd21505c2034be6f6240aab4cdeaab143a785b9"},"dob":{"date":"1979-12-08T01:03:48.818Z","age":44},"registered":{"date":"2016-01-16T12:23:39.449Z","age":8},"phone":"019-7727-784","cell":"063-7461-350","id":{"name":"SID","value":"185476902"},"picture":{"large":"https://randomuser.me/api/portraits/women/35.jpg","medium":"https://randomuser.me/api/portraits/med/women/35.jpg","thumbnail":"https://randomuser.me/api/portraits/thumb/women/35.jpg"},"nat":"RS"}],"info":{"seed":"8090435a310e6cf6","results":1,"page":1,"version":"1.4"}} 
 </msg>
<msg time="2024-04-13T20:11:56.232257" level="INFO">/opt/hostedtoolcache/Python/3.12.2/x64/lib/python3.12/site-packages/urllib3/connectionpool.py:1103: InsecureRequestWarning: Unverified HTTPS request is being made to host 'randomuser.me'. Adding certificate verification is strongly advised. See: https://urllib3.readthedocs.io/en/latest/advanced-usage.html#tls-warnings
  warnings.warn(</msg>
<msg time="2024-04-13T20:11:56.232378" level="INFO">${response} = &lt;Response [200]&gt;</msg>
<var>${response}</var>
<arg>consultarAPI</arg>
<arg>/api</arg>
<doc>Sends a GET request on a previously created HTTP Session.</doc>
<status status="PASS" start="2024-04-13T20:11:56.155666" elapsed="0.076762"/>
</kw>
<kw name="Set Variable" owner="BuiltIn">
<msg time="2024-04-13T20:11:56.233515" level="INFO">${json_data} = {'results': [{'gender': 'female', 'name': {'title': 'Ms', 'first': 'Nastasija', 'last': 'Dinčić'}, 'location': {'street': {'number': 2149, 'name': 'Panajota Papakostopulosa '}, 'city': 'Bački Petrovac...</msg>
<var>${json_data}</var>
<arg>${response.json()}</arg>
<doc>Returns the given values which can then be assigned to a variables.</doc>
<status status="PASS" start="2024-04-13T20:11:56.232959" elapsed="0.000586"/>
</kw>
<kw name="Log" owner="BuiltIn">
<msg time="2024-04-13T20:11:56.234017" level="INFO">{'results': [{'gender': 'female', 'name': {'title': 'Ms', 'first': 'Nastasija', 'last': 'Dinčić'}, 'location': {'street': {'number': 2149, 'name': 'Panajota Papakostopulosa '}, 'city': 'Bački Petrovac', 'state': 'Pčinja', 'country': 'Serbia', 'postcode': 57908, 'coordinates': {'latitude': '61.2828', 'longitude': '54.1764'}, 'timezone': {'offset': '-3:00', 'description': 'Brazil, Buenos Aires, Georgetown'}}, 'email': 'nastasija.dincic@example.com', 'login': {'uuid': 'a1c53a1a-846f-45f4-ae3e-f19a51ebc3bc', 'username': 'tinyzebra203', 'password': 'chase', 'salt': 'rx7w8sN4', 'md5': 'f98ab42f9fdc3c0c0fd7d1ef0cb52c51', 'sha1': '4de1a2c02331265cfbaf127d24f6ad31d6175f3f', 'sha256': 'eee646a025efc01e963312830dd21505c2034be6f6240aab4cdeaab143a785b9'}, 'dob': {'date': '1979-12-08T01:03:48.818Z', 'age': 44}, 'registered': {'date': '2016-01-16T12:23:39.449Z', 'age': 8}, 'phone': '019-7727-784', 'cell': '063-7461-350', 'id': {'name': 'SID', 'value': '185476902'}, 'picture': {'large': 'https://randomuser.me/api/portraits/women/35.jpg', 'medium': 'https://randomuser.me/api/portraits/med/women/35.jpg', 'thumbnail': 'https://randomuser.me/api/portraits/thumb/women/35.jpg'}, 'nat': 'RS'}], 'info': {'seed': '8090435a310e6cf6', 'results': 1, 'page': 1, 'version': '1.4'}}</msg>
<arg>${json_data}</arg>
<doc>Logs the given message with the given level.</doc>
<status status="PASS" start="2024-04-13T20:11:56.233857" elapsed="0.000249"/>
</kw>
<kw name="Should Be String" owner="String">
<arg>${json_data['results'][0]['gender']}</arg>
<doc>Fails if the given ``item`` is not a string.</doc>
<status status="PASS" start="2024-04-13T20:11:56.234449" elapsed="0.000367"/>
</kw>
<kw name="Should Match Regexp" owner="BuiltIn">
<arg>${json_data['results'][0]['email']}</arg>
<arg>^[a-zA-Z0-9._%+-]+@[a-zA-Z0-9.-]+\.[a-zA-Z]{2,}$</arg>
<doc>Fails if ``string`` does not match ``pattern`` as a regular expression.</doc>
<status status="PASS" start="2024-04-13T20:11:56.235013" elapsed="0.000515"/>
</kw>
<kw name="Should Match Regexp" owner="BuiltIn">
<arg>${json_data['results'][0]['dob']['date']}</arg>
<arg>\\d{4}-\\d{2}-\\d{2}T\\d{2}:\\d{2}:\\d{2}\\.\\d{3}Z</arg>
<doc>Fails if ``string`` does not match ``pattern`` as a regular expression.</doc>
<status status="PASS" start="2024-04-13T20:11:56.235728" elapsed="0.000494"/>
</kw>
<kw name="Should Match Regexp" owner="BuiltIn">
<arg>${json_data['results'][0]['registered']['date']}</arg>
<arg>\\d{4}-\\d{2}-\\d{2}T\\d{2}:\\d{2}:\\d{2}\\.\\d{3}Z</arg>
<doc>Fails if ``string`` does not match ``pattern`` as a regular expression.</doc>
<status status="PASS" start="2024-04-13T20:11:56.236421" elapsed="0.000369"/>
</kw>
<kw name="Should Match Regexp" owner="BuiltIn">
<arg>${json_data['results'][0]['picture']['large']}</arg>
<arg>^https?://.*\.(?:png|jpe?g|gif|bmp)$</arg>
<doc>Fails if ``string`` does not match ``pattern`` as a regular expression.</doc>
<status status="PASS" start="2024-04-13T20:11:56.236978" elapsed="0.000457"/>
</kw>
<kw name="Should Match Regexp" owner="BuiltIn">
<arg>${json_data['results'][0]['picture']['medium']}</arg>
<arg>^https?://.*\.(?:png|jpe?g|gif|bmp)$</arg>
<doc>Fails if ``string`` does not match ``pattern`` as a regular expression.</doc>
<status status="PASS" start="2024-04-13T20:11:56.237623" elapsed="0.000354"/>
</kw>
<kw name="Should Match Regexp" owner="BuiltIn">
<arg>${json_data['results'][0]['picture']['thumbnail']}</arg>
<arg>^https?://.*\.(?:png|jpe?g|gif|bmp)$</arg>
<doc>Fails if ``string`` does not match ``pattern`` as a regular expression.</doc>
<status status="PASS" start="2024-04-13T20:11:56.238162" elapsed="0.000379"/>
</kw>
<kw name="Log" owner="BuiltIn">
<msg time="2024-04-13T20:11:56.239052" level="INFO">{'large': 'https://randomuser.me/api/portraits/women/35.jpg', 'medium': 'https://randomuser.me/api/portraits/med/women/35.jpg', 'thumbnail': 'https://randomuser.me/api/portraits/thumb/women/35.jpg'}</msg>
<arg>${json_data['results'][0]['picture']}</arg>
<doc>Logs the given message with the given level.</doc>
<status status="PASS" start="2024-04-13T20:11:56.238721" elapsed="0.000373"/>
</kw>
<status status="PASS" start="2024-04-13T20:11:56.155434" elapsed="0.083913"/>
</kw>
<kw name="Teste de Tipos de Dados - Postcode" owner="random-user-service">
<kw name="GET On Session" owner="RequestsLibrary">
<msg time="2024-04-13T20:11:56.332247" level="INFO">GET Request : url=https://randomuser.me/api 
 path_url=/api 
 headers={'User-Agent': 'python-requests/2.31.0', 'Accept-Encoding': 'gzip, deflate', 'Accept': '*/*', 'Connection': 'keep-alive'} 
 body=None 
 </msg>
<msg time="2024-04-13T20:11:56.332330" level="INFO">GET Response : url=https://randomuser.me/api 
 status=200, reason=OK 
 headers={'Date': 'Sat, 13 Apr 2024 20:11:56 GMT', 'Content-Type': 'application/json; charset=utf-8', 'Transfer-Encoding': 'chunked', 'Connection': 'keep-alive', 'X-Powered-By': 'Express', 'Access-Control-Allow-Origin': '*', 'Cache-Control': 'no-cache', 'ETag': 'W/"49a-WhfrET7/Dzfbv1/X4lvAp9NWmjA"', 'Vary': 'Accept-Encoding', 'Content-Encoding': 'gzip', 'CF-Cache-Status': 'DYNAMIC', 'Report-To': '{"endpoints":[{"url":"https:\\/\\/a.nel.cloudflare.com\\/report\\/v4?s=6NScApBe1AdcoVeZ1e6yswNtNLC87VmWD369uTPduHIfl0Pjr88gckvcN60OOKviaMZLfecGJOjTNklhgMIDopY%2BvTvAe%2FAFUeMsAm%2FoOcJ%2F7ODfHTHuumevxUATHnXv"}],"group":"cf-nel","max_age":604800}', 'NEL': '{"success_fraction":0,"report_to":"cf-nel","max_age":604800}', 'Server': 'cloudflare', 'CF-RAY': '873e1bac895e3b1d-IAD', 'alt-svc': 'h3=":443"; ma=86400'} 
 body={"results":[{"gender":"female","name":{"title":"Miss","first":"النا","last":"سلطانی نژاد"},"location":{"street":{"number":3388,"name":"شهید آرش مهر"},"city":"کرمانشاه","state":"سمنان","country":"Iran","postcode":85382,"coordinates":{"latitude":"20.7851","longitude":"37.0193"},"timezone":{"offset":"-11:00","description":"Midway Island, Samoa"}},"email":"ln.sltnynjd@example.com","login":{"uuid":"252056e6-d095-40ef-915f-3e098db49916","username":"yellowduck928","password":"ebony","salt":"aLwa40Zf","md5":"9b296aa3147fc5c5cd324b55345e2b21","sha1":"c2a3fbdd8f0f5d842191135e7e7345471a258f3a","sha256":"87b780e4a4d86885d34aad009a5bcc48501a1d1d093be4f9071362bd5583bf6b"},"dob":{"date":"1946-06-24T05:35:11.582Z","age":77},"registered":{"date":"2013-09-13T18:08:13.992Z","age":10},"phone":"087-26503715","cell":"0984-891-7198","id":{"name":"","value":null},"picture":{"large":"https://randomuser.me/api/portraits/women/54.jpg","medium":"https://randomuser.me/api/portraits/med/women/54.jpg","thumbnail":"https://randomuser.me/api/portraits/thumb/women/54.jpg"},"nat":"IR"}],"info":{"seed":"d33cab1691935765","results":1,"page":1,"version":"1.4"}} 
 </msg>
<msg time="2024-04-13T20:11:56.332417" level="INFO">/opt/hostedtoolcache/Python/3.12.2/x64/lib/python3.12/site-packages/urllib3/connectionpool.py:1103: InsecureRequestWarning: Unverified HTTPS request is being made to host 'randomuser.me'. Adding certificate verification is strongly advised. See: https://urllib3.readthedocs.io/en/latest/advanced-usage.html#tls-warnings
  warnings.warn(</msg>
<msg time="2024-04-13T20:11:56.332541" level="INFO">${response} = &lt;Response [200]&gt;</msg>
<var>${response}</var>
<arg>consultarAPI</arg>
<arg>/api</arg>
<doc>Sends a GET request on a previously created HTTP Session.</doc>
<status status="PASS" start="2024-04-13T20:11:56.239798" elapsed="0.092791"/>
</kw>
<kw name="Set Variable" owner="BuiltIn">
<msg time="2024-04-13T20:11:56.333684" level="INFO">${json_data} = {'results': [{'gender': 'female', 'name': {'title': 'Miss', 'first': 'النا', 'last': 'سلطانی نژاد'}, 'location': {'street': {'number': 3388, 'name': 'شهید آرش مهر'}, 'city': 'کرمانشاه', 'state': 'سمنا...</msg>
<var>${json_data}</var>
<arg>${response.json()}</arg>
<doc>Returns the given values which can then be assigned to a variables.</doc>
<status status="PASS" start="2024-04-13T20:11:56.333136" elapsed="0.000578"/>
</kw>
<kw name="Log" owner="BuiltIn">
<msg time="2024-04-13T20:11:56.334185" level="INFO">{'results': [{'gender': 'female', 'name': {'title': 'Miss', 'first': 'النا', 'last': 'سلطانی نژاد'}, 'location': {'street': {'number': 3388, 'name': 'شهید آرش مهر'}, 'city': 'کرمانشاه', 'state': 'سمنان', 'country': 'Iran', 'postcode': 85382, 'coordinates': {'latitude': '20.7851', 'longitude': '37.0193'}, 'timezone': {'offset': '-11:00', 'description': 'Midway Island, Samoa'}}, 'email': 'ln.sltnynjd@example.com', 'login': {'uuid': '252056e6-d095-40ef-915f-3e098db49916', 'username': 'yellowduck928', 'password': 'ebony', 'salt': 'aLwa40Zf', 'md5': '9b296aa3147fc5c5cd324b55345e2b21', 'sha1': 'c2a3fbdd8f0f5d842191135e7e7345471a258f3a', 'sha256': '87b780e4a4d86885d34aad009a5bcc48501a1d1d093be4f9071362bd5583bf6b'}, 'dob': {'date': '1946-06-24T05:35:11.582Z', 'age': 77}, 'registered': {'date': '2013-09-13T18:08:13.992Z', 'age': 10}, 'phone': '087-26503715', 'cell': '0984-891-7198', 'id': {'name': '', 'value': None}, 'picture': {'large': 'https://randomuser.me/api/portraits/women/54.jpg', 'medium': 'https://randomuser.me/api/portraits/med/women/54.jpg', 'thumbnail': 'https://randomuser.me/api/portraits/thumb/women/54.jpg'}, 'nat': 'IR'}], 'info': {'seed': 'd33cab1691935765', 'results': 1, 'page': 1, 'version': '1.4'}}</msg>
<arg>${json_data}</arg>
<doc>Logs the given message with the given level.</doc>
<status status="PASS" start="2024-04-13T20:11:56.334026" elapsed="0.000274"/>
</kw>
<kw name="Should Be Equal As Numbers" owner="BuiltIn">
<arg>${json_data['results'][0]['location']['postcode']}</arg>
<arg>${json_data['results'][0]['location']['postcode']}</arg>
<doc>Fails if objects are unequal after converting them to real numbers.</doc>
<status status="PASS" start="2024-04-13T20:11:56.334614" elapsed="0.000622"/>
</kw>
<kw name="Log" owner="BuiltIn">
<msg time="2024-04-13T20:11:56.335763" level="INFO">85382</msg>
<arg>${json_data['results'][0]['location']['postcode']}</arg>
<doc>Logs the given message with the given level.</doc>
<status status="PASS" start="2024-04-13T20:11:56.335427" elapsed="0.000377"/>
</kw>
<status status="PASS" start="2024-04-13T20:11:56.239570" elapsed="0.096489"/>
</kw>
<doc>Testa se os tipos de dados na resposta da API estão corretos.</doc>
<tag>testeTiposDados</tag>
<status status="PASS" start="2024-04-13T20:11:56.154961" elapsed="0.181263"/>
</test>
<test id="s1-s1-t5" name="Validar conteudo" line="35">
<kw name="Teste de Tipos de Conteudo" owner="random-user-service">
<kw name="GET On Session" owner="RequestsLibrary">
<msg time="2024-04-13T20:11:56.529512" level="INFO">GET Request : url=https://randomuser.me/api 
 path_url=/api 
 headers={'User-Agent': 'python-requests/2.31.0', 'Accept-Encoding': 'gzip, deflate', 'Accept': '*/*', 'Connection': 'keep-alive'} 
 body=None 
 </msg>
<msg time="2024-04-13T20:11:56.529593" level="INFO">GET Response : url=https://randomuser.me/api 
 status=200, reason=OK 
 headers={'Date': 'Sat, 13 Apr 2024 20:11:56 GMT', 'Content-Type': 'application/json; charset=utf-8', 'Transfer-Encoding': 'chunked', 'Connection': 'keep-alive', 'X-Powered-By': 'Express', 'Access-Control-Allow-Origin': '*', 'Cache-Control': 'no-cache', 'ETag': 'W/"477-OtkG0pEfv1awSVJF38famNsxLOY"', 'Vary': 'Accept-Encoding', 'Content-Encoding': 'gzip', 'CF-Cache-Status': 'DYNAMIC', 'Report-To': '{"endpoints":[{"url":"https:\\/\\/a.nel.cloudflare.com\\/report\\/v4?s=rKIzkNPrzubBUujzb%2FO1vq1OgFxk0Yodkb636uESTHlIL7efLD6iUvZ%2FmLaAXOgyrqRLZ4LFCd3fefs0G45LHzuSqtSRSHr7%2BMyeWJEI9pUy2bgnK63wIeTmYV4%2F6i9q"}],"group":"cf-nel","max_age":604800}', 'NEL': '{"success_fraction":0,"report_to":"cf-nel","max_age":604800}', 'Server': 'cloudflare', 'CF-RAY': '873e1bad29eb3b1d-IAD', 'alt-svc': 'h3=":443"; ma=86400'} 
 body={"results":[{"gender":"male","name":{"title":"Mr","first":"Mads","last":"Møller"},"location":{"street":{"number":3837,"name":"Vesterlundvej"},"city":"Ishoej","state":"Danmark","country":"Denmark","postcode":59604,"coordinates":{"latitude":"-40.7089","longitude":"-72.9687"},"timezone":{"offset":"-3:00","description":"Brazil, Buenos Aires, Georgetown"}},"email":"mads.moller@example.com","login":{"uuid":"8956e528-7db8-4220-96f2-dfa1754db2b6","username":"yellowcat876","password":"helpme","salt":"D1SFiiag","md5":"4b8eb2f9f18c8987da5d4dddc59085e3","sha1":"f76d71272b39c8c7eb2ce8daf2fa208e69166c10","sha256":"33a4414b80c2786f77f4c1c3942ceca1c65c817c3536d4e72a12fcb8a9193d84"},"dob":{"date":"1999-09-21T08:22:26.273Z","age":24},"registered":{"date":"2015-12-20T03:36:46.746Z","age":8},"phone":"43287173","cell":"26021436","id":{"name":"CPR","value":"210999-4671"},"picture":{"large":"https://randomuser.me/api/portraits/men/9.jpg","medium":"https://randomuser.me/api/portraits/med/men/9.jpg","thumbnail":"https://randomuser.me/api/portraits/thumb/men/9.jpg"},"nat":"DK"}],"info":{"seed":"bddaa68caa320053","results":1,"page":1,"version":"1.4"}} 
 </msg>
<msg time="2024-04-13T20:11:56.529656" level="INFO">/opt/hostedtoolcache/Python/3.12.2/x64/lib/python3.12/site-packages/urllib3/connectionpool.py:1103: InsecureRequestWarning: Unverified HTTPS request is being made to host 'randomuser.me'. Adding certificate verification is strongly advised. See: https://urllib3.readthedocs.io/en/latest/advanced-usage.html#tls-warnings
  warnings.warn(</msg>
<msg time="2024-04-13T20:11:56.529766" level="INFO">${response} = &lt;Response [200]&gt;</msg>
<var>${response}</var>
<arg>consultarAPI</arg>
<arg>/api</arg>
<doc>Sends a GET request on a previously created HTTP Session.</doc>
<status status="PASS" start="2024-04-13T20:11:56.338751" elapsed="0.191055"/>
</kw>
<kw name="Set Variable" owner="BuiltIn">
<msg time="2024-04-13T20:11:56.530965" level="INFO">${json_data} = {'results': [{'gender': 'male', 'name': {'title': 'Mr', 'first': 'Mads', 'last': 'Møller'}, 'location': {'street': {'number': 3837, 'name': 'Vesterlundvej'}, 'city': 'Ishoej', 'state': 'Danmark', 'cou...</msg>
<var>${json_data}</var>
<arg>${response.json()}</arg>
<doc>Returns the given values which can then be assigned to a variables.</doc>
<status status="PASS" start="2024-04-13T20:11:56.530411" elapsed="0.000584"/>
</kw>
<kw name="Set Variable" owner="BuiltIn">
<msg time="2024-04-13T20:11:56.531686" level="INFO">${name_title} = Mr</msg>
<var>${name_title}</var>
<arg>${json_data["results"][0]["name"]["title"]}</arg>
<doc>Returns the given values which can then be assigned to a variables.</doc>
<status status="PASS" start="2024-04-13T20:11:56.531304" elapsed="0.000407"/>
</kw>
<kw name="Create List" owner="BuiltIn">
<msg time="2024-04-13T20:11:56.532158" level="INFO">${allowed_titles} = ['Mr', 'Ms', 'Miss', 'Mrs', 'Madame', 'Monsieur']</msg>
<var>${allowed_titles}</var>
<arg>Mr</arg>
<arg>Ms</arg>
<arg>Miss</arg>
<arg>Mrs</arg>
<arg>Madame</arg>
<arg>Monsieur</arg>
<doc>Returns a list containing given items.</doc>
<status status="PASS" start="2024-04-13T20:11:56.532010" elapsed="0.000173"/>
</kw>
<kw name="List Should Contain Value" owner="Collections">
<msg time="2024-04-13T20:11:56.532659" level="INFO">False</msg>
<arg>${allowed_titles}</arg>
<arg>${name_title}</arg>
<doc>Fails if the ``value`` is not found from ``list``.</doc>
<status status="PASS" start="2024-04-13T20:11:56.532485" elapsed="0.000211"/>
</kw>
<kw name="Set Variable" owner="BuiltIn">
<msg time="2024-04-13T20:11:56.533373" level="INFO">${name_country} = DK</msg>
<var>${name_country}</var>
<arg>${json_data["results"][0]["nat"]}</arg>
<doc>Returns the given values which can then be assigned to a variables.</doc>
<status status="PASS" start="2024-04-13T20:11:56.532983" elapsed="0.000415"/>
</kw>
<kw name="Create List" owner="BuiltIn">
<msg time="2024-04-13T20:11:56.534339" level="INFO">${list_country} = ['AD', 'AE', 'AF', 'AG', 'AI', 'AL', 'AM', 'AO', 'AQ', 'AR', 'AS', 'AT', 'AU', 'AW', 'AX', 'AZ', 'BA', 'BB', 'BD', 'BE', 'BF', 'BG', 'BH', 'BI', 'BJ', 'BL', 'BM', 'BN', 'BO', 'BQ', 'BR', 'BS', 'BT', '...</msg>
<var>${list_country}</var>
<arg>AD</arg>
<arg>AE</arg>
<arg>AF</arg>
<arg>AG</arg>
<arg>AI</arg>
<arg>AL</arg>
<arg>AM</arg>
<arg>AO</arg>
<arg>AQ</arg>
<arg>AR</arg>
<arg>AS</arg>
<arg>AT</arg>
<arg>AU</arg>
<arg>AW</arg>
<arg>AX</arg>
<arg>AZ</arg>
<arg>BA</arg>
<arg>BB</arg>
<arg>BD</arg>
<arg>BE</arg>
<arg>BF</arg>
<arg>BG</arg>
<arg>BH</arg>
<arg>BI</arg>
<arg>BJ</arg>
<arg>BL</arg>
<arg>BM</arg>
<arg>BN</arg>
<arg>BO</arg>
<arg>BQ</arg>
<arg>BR</arg>
<arg>BS</arg>
<arg>BT</arg>
<arg>BV</arg>
<arg>BW</arg>
<arg>BY</arg>
<arg>BZ</arg>
<arg>CA</arg>
<arg>CC</arg>
<arg>CD</arg>
<arg>CF</arg>
<arg>CG</arg>
<arg>CH</arg>
<arg>CI</arg>
<arg>CK</arg>
<arg>CL</arg>
<arg>CM</arg>
<arg>CN</arg>
<arg>CO</arg>
<arg>CR</arg>
<arg>CU</arg>
<arg>CV</arg>
<arg>CW</arg>
<arg>CX</arg>
<arg>CY</arg>
<arg>CZ</arg>
<arg>DE</arg>
<arg>DJ</arg>
<arg>DK</arg>
<arg>DM</arg>
<arg>DO</arg>
<arg>DZ</arg>
<arg>EC</arg>
<arg>EE</arg>
<arg>EG</arg>
<arg>EH</arg>
<arg>ER</arg>
<arg>ES</arg>
<arg>ET</arg>
<arg>FI</arg>
<arg>FJ</arg>
<arg>FK</arg>
<arg>FM</arg>
<arg>FO</arg>
<arg>FR</arg>
<arg>GA</arg>
<arg>GB</arg>
<arg>GD</arg>
<arg>GE</arg>
<arg>GF</arg>
<arg>GG</arg>
<arg>GH</arg>
<arg>GI</arg>
<arg>GL</arg>
<arg>GM</arg>
<arg>GN</arg>
<arg>GP</arg>
<arg>GQ</arg>
<arg>GR</arg>
<arg>GS</arg>
<arg>GT</arg>
<arg>GU</arg>
<arg>GW</arg>
<arg>GY</arg>
<arg>HK</arg>
<arg>HM</arg>
<arg>HN</arg>
<arg>HR</arg>
<arg>HT</arg>
<arg>HU</arg>
<arg>ID</arg>
<arg>IE</arg>
<arg>IL</arg>
<arg>IM</arg>
<arg>IN</arg>
<arg>IO</arg>
<arg>IQ</arg>
<arg>IR</arg>
<arg>IS</arg>
<arg>IT</arg>
<arg>JE</arg>
<arg>JM</arg>
<arg>JO</arg>
<arg>JP</arg>
<arg>KE</arg>
<arg>KG</arg>
<arg>KH</arg>
<arg>KI</arg>
<arg>KM</arg>
<arg>KN</arg>
<arg>KP</arg>
<arg>KR</arg>
<arg>KW</arg>
<arg>KY</arg>
<arg>KZ</arg>
<arg>LA</arg>
<arg>LB</arg>
<arg>LC</arg>
<arg>LI</arg>
<arg>LK</arg>
<arg>LR</arg>
<arg>LS</arg>
<arg>LT</arg>
<arg>LU</arg>
<arg>LV</arg>
<arg>LY</arg>
<arg>MA</arg>
<arg>MC</arg>
<arg>MD</arg>
<arg>ME</arg>
<arg>MF</arg>
<arg>MG</arg>
<arg>MH</arg>
<arg>MK</arg>
<arg>ML</arg>
<arg>MM</arg>
<arg>MN</arg>
<arg>MO</arg>
<arg>MP</arg>
<arg>MQ</arg>
<arg>MR</arg>
<arg>MS</arg>
<arg>MT</arg>
<arg>MU</arg>
<arg>MV</arg>
<arg>MW</arg>
<arg>MX</arg>
<arg>MY</arg>
<arg>MZ</arg>
<arg>NA</arg>
<arg>NC</arg>
<arg>NE</arg>
<arg>NF</arg>
<arg>NG</arg>
<arg>NI</arg>
<arg>NL</arg>
<arg>NO</arg>
<arg>NP</arg>
<arg>NR</arg>
<arg>NU</arg>
<arg>NZ</arg>
<arg>OM</arg>
<arg>PA</arg>
<arg>PE</arg>
<arg>PF</arg>
<arg>PG</arg>
<arg>PH</arg>
<arg>PK</arg>
<arg>PL</arg>
<arg>PM</arg>
<arg>PN</arg>
<arg>PR</arg>
<arg>PS</arg>
<arg>PT</arg>
<arg>PW</arg>
<arg>PY</arg>
<arg>QA</arg>
<arg>RE</arg>
<arg>RO</arg>
<arg>RS</arg>
<arg>RU</arg>
<arg>RW</arg>
<arg>SA</arg>
<arg>SB</arg>
<arg>SC</arg>
<arg>SD</arg>
<arg>SE</arg>
<arg>SG</arg>
<arg>SH</arg>
<arg>SI</arg>
<arg>SJ</arg>
<arg>SK</arg>
<arg>SL</arg>
<arg>SM</arg>
<arg>SN</arg>
<arg>SO</arg>
<arg>SR</arg>
<arg>SS</arg>
<arg>ST</arg>
<arg>SV</arg>
<arg>SX</arg>
<arg>SY</arg>
<arg>SZ</arg>
<arg>TC</arg>
<arg>TD</arg>
<arg>TF</arg>
<arg>TG</arg>
<arg>TH</arg>
<arg>TJ</arg>
<arg>TK</arg>
<arg>TL</arg>
<arg>TM</arg>
<arg>TN</arg>
<arg>TO</arg>
<arg>TR</arg>
<arg>TT</arg>
<arg>TV</arg>
<arg>TW</arg>
<arg>TZ</arg>
<arg>UA</arg>
<arg>UG</arg>
<arg>UM</arg>
<arg>US</arg>
<arg>UY</arg>
<arg>UZ</arg>
<arg>VA</arg>
<arg>VC</arg>
<arg>VE</arg>
<arg>VG</arg>
<arg>VI</arg>
<arg>VN</arg>
<arg>VU</arg>
<arg>WF</arg>
<arg>WS</arg>
<arg>XK</arg>
<arg>YE</arg>
<arg>YT</arg>
<arg>ZA</arg>
<arg>ZM</arg>
<arg>ZW</arg>
<doc>Returns a list containing given items.</doc>
<status status="PASS" start="2024-04-13T20:11:56.533700" elapsed="0.000665"/>
</kw>
<kw name="List Should Contain Value" owner="Collections">
<msg time="2024-04-13T20:11:56.535407" level="INFO">False</msg>
<arg>${list_country}</arg>
<arg>${name_country}</arg>
<doc>Fails if the ``value`` is not found from ``list``.</doc>
<status status="PASS" start="2024-04-13T20:11:56.535157" elapsed="0.000294"/>
</kw>
<kw name="Run Keyword If" owner="BuiltIn">
<kw name="Should Be True" owner="BuiltIn">
<arg>${True}</arg>
<doc>Fails if the given condition is not true.</doc>
<status status="PASS" start="2024-04-13T20:11:56.536654" elapsed="0.000147"/>
</kw>
<arg>${json_data["results"][0]["location"]["coordinates"]["latitude"]} &gt;= -90 and ${json_data["results"][0]["location"]["coordinates"]["latitude"]} &lt;= 90</arg>
<arg>Should Be True</arg>
<arg>${True}</arg>
<doc>Runs the given keyword with the given arguments, if ``condition`` is true.</doc>
<status status="PASS" start="2024-04-13T20:11:56.535772" elapsed="0.001160"/>
</kw>
<kw name="Run Keyword If" owner="BuiltIn">
<kw name="Should Be True" owner="BuiltIn">
<arg>${True}</arg>
<doc>Fails if the given condition is not true.</doc>
<status status="PASS" start="2024-04-13T20:11:56.537829" elapsed="0.000140"/>
</kw>
<arg>${json_data["results"][0]["location"]["coordinates"]["longitude"]} &gt;= -180 and ${json_data["results"][0]["location"]["coordinates"]["longitude"]} &lt;= 180</arg>
<arg>Should Be True</arg>
<arg>${True}</arg>
<doc>Runs the given keyword with the given arguments, if ``condition`` is true.</doc>
<status status="PASS" start="2024-04-13T20:11:56.537120" elapsed="0.000973"/>
</kw>
<status status="PASS" start="2024-04-13T20:11:56.338525" elapsed="0.199730"/>
</kw>
<doc>Testa o conteúdo específico dos campos retornados pela API.</doc>
<tag>testeConteudo</tag>
<status status="PASS" start="2024-04-13T20:11:56.337986" elapsed="0.200444"/>
</test>
<status status="PASS" start="2024-04-13T20:11:55.552319" elapsed="0.988054"/>
</suite>
<status status="PASS" start="2024-04-13T20:11:55.538686" elapsed="1.006979"/>
</suite>
<statistics>
<total>
<stat pass="5" fail="0" skip="0">All Tests</stat>
</total>
<tag>
<stat pass="1" fail="0" skip="0">testeConteudo</stat>
<stat pass="1" fail="0" skip="0">testeEstruturaResposta</stat>
<stat pass="1" fail="0" skip="0">testeRequisicaoBasica</stat>
<stat pass="1" fail="0" skip="0">testeTiposDados</stat>
</tag>
<suite>
<stat pass="5" fail="0" skip="0" id="s1" name="Tests">Tests</stat>
<stat pass="5" fail="0" skip="0" id="s1-s1" name="Random-User-Test">Tests.Random-User-Test</stat>
</suite>
</statistics>
<errors>
</errors>
</robot>
