<?xml version="1.0" encoding="UTF-8"?>
<robot generator="Robot 7.0.1 (Python 3.12.4 on linux)" generated="2024-08-04T18:19:07.995592" rpa="false" schemaversion="5">
<suite id="s1" name="Tests" source="/home/runner/work/ApiRandomUser/ApiRandomUser/RamdonUser/tests">
<suite id="s1-s1" name="Random-User-Test" source="/home/runner/work/ApiRandomUser/ApiRandomUser/RamdonUser/tests/random-user-test.robot">
<test id="s1-s1-t1" name="Conectar" line="13">
<kw name="Conectar API" owner="random-user-service">
<kw name="Create Session" owner="RequestsLibrary">
<msg time="2024-08-04T18:19:08.406276" level="INFO">Creating Session using : alias=consultarAPI, url=https://randomuser.me/, headers={},                     cookies={}, auth=None, timeout=None, proxies=None, verify=False,                     debug=0 </msg>
<arg>consultarAPI</arg>
<arg>${URL}</arg>
<doc>Create Session: create a HTTP session to a server</doc>
<status status="PASS" start="2024-08-04T18:19:08.406075" elapsed="0.000394"/>
</kw>
<status status="PASS" start="2024-08-04T18:19:08.405006" elapsed="0.001842"/>
</kw>
<status status="PASS" start="2024-08-04T18:19:08.404361" elapsed="0.002708"/>
</test>
<test id="s1-s1-t2" name="Validar retorno 200 e JSON Válido" line="16">
<kw name="Teste de Requisicao Basica" owner="random-user-service">
<kw name="GET On Session" owner="RequestsLibrary">
<msg time="2024-08-04T18:19:08.960966" level="INFO">GET Request : url=https://randomuser.me/api 
 path_url=/api 
 headers={'User-Agent': 'python-requests/2.32.3', 'Accept-Encoding': 'gzip, deflate', 'Accept': '*/*', 'Connection': 'keep-alive'} 
 body=None 
 </msg>
<msg time="2024-08-04T18:19:08.961141" level="INFO">GET Response : url=https://randomuser.me/api 
 status=200, reason=OK 
 headers={'Date': 'Sun, 04 Aug 2024 18:19:08 GMT', 'Content-Type': 'application/json; charset=utf-8', 'Transfer-Encoding': 'chunked', 'Connection': 'keep-alive', 'X-Powered-By': 'Express', 'Access-Control-Allow-Origin': '*', 'Cache-Control': 'no-cache', 'ETag': 'W/"495-6gZXR5h+hwfU/8TQKsC1sw90iPY"', 'Vary': 'Accept-Encoding', 'Content-Encoding': 'gzip', 'cf-cache-status': 'DYNAMIC', 'Report-To': '{"endpoints":[{"url":"https:\\/\\/a.nel.cloudflare.com\\/report\\/v4?s=Fgz3iZ%2BattPJ5DOpnqaDW9uGeSxpR2x2%2BcZxMePacSpGt0AClOjdFNaXW3rOfDmnancgqvac5P%2BRSdbSUyJ%2FZvo5181rfftCKiUs0WEMkqo%2FFSx%2FD9%2BiOFQ11IUs9fiL"}],"group":"cf-nel","max_age":604800}', 'NEL': '{"success_fraction":0,"report_to":"cf-nel","max_age":604800}', 'Server': 'cloudflare', 'CF-RAY': '8ae08dd29da21409-ORD', 'alt-svc': 'h3=":443"; ma=86400'} 
 body={"results":[{"gender":"female","name":{"title":"Miss","first":"Victoria","last":"Myers"},"location":{"street":{"number":5725,"name":"Richmond Road"},"city":"Leeds","state":"Wiltshire","country":"United Kingdom","postcode":"YO1I 3GZ","coordinates":{"latitude":"-4.7537","longitude":"49.1532"},"timezone":{"offset":"+7:00","description":"Bangkok, Hanoi, Jakarta"}},"email":"victoria.myers@example.com","login":{"uuid":"fa0d9a6f-6232-4856-90c2-f1dc4df41545","username":"bluezebra157","password":"sancho","salt":"kmlFvztc","md5":"eba37fbb9b1ca540b4355ee8a5ea085c","sha1":"cd6bca6f9debeddee62ac944884a44342fa6e93c","sha256":"f0c02849fbc22c5f42731e54083393e37335b3262a91d9e58e0b627d05817acf"},"dob":{"date":"1994-03-21T11:02:27.707Z","age":30},"registered":{"date":"2017-07-13T18:01:42.584Z","age":7},"phone":"016977 2678","cell":"07233 585605","id":{"name":"NINO","value":"NJ 35 42 16 E"},"picture":{"large":"https://randomuser.me/api/portraits/women/28.jpg","medium":"https://randomuser.me/api/portraits/med/women/28.jpg","thumbnail":"https://randomuser.me/api/portraits/thumb/women/28.jpg"},"nat":"GB"}],"info":{"seed":"126e49f88f9a4005","results":1,"page":1,"version":"1.4"}} 
 </msg>
<msg time="2024-08-04T18:19:08.961234" level="INFO">/opt/hostedtoolcache/Python/3.12.4/x64/lib/python3.12/site-packages/urllib3/connectionpool.py:1099: InsecureRequestWarning: Unverified HTTPS request is being made to host 'randomuser.me'. Adding certificate verification is strongly advised. See: https://urllib3.readthedocs.io/en/latest/advanced-usage.html#tls-warnings
  warnings.warn(</msg>
<msg time="2024-08-04T18:19:08.961391" level="INFO">${response} = &lt;Response [200]&gt;</msg>
<var>${response}</var>
<arg>consultarAPI</arg>
<arg>/api</arg>
<doc>Sends a GET request on a previously created HTTP Session.</doc>
<status status="PASS" start="2024-08-04T18:19:08.409761" elapsed="0.551774"/>
</kw>
<kw name="Should Be Equal As Numbers" owner="BuiltIn">
<msg time="2024-08-04T18:19:08.962510" level="INFO">Argument types are:
&lt;class 'int'&gt;
&lt;class 'str'&gt;</msg>
<arg>${response.status_code}</arg>
<arg>200</arg>
<doc>Fails if objects are unequal after converting them to real numbers.</doc>
<status status="PASS" start="2024-08-04T18:19:08.962063" elapsed="0.000512"/>
</kw>
<kw name="Log" owner="BuiltIn">
<msg time="2024-08-04T18:19:08.963235" level="INFO">200</msg>
<arg>${response.status_code}</arg>
<doc>Logs the given message with the given level.</doc>
<status status="PASS" start="2024-08-04T18:19:08.962885" elapsed="0.000391"/>
</kw>
<kw name="Set Variable" owner="BuiltIn">
<msg time="2024-08-04T18:19:08.964087" level="INFO">${json_data} = {'results': [{'gender': 'female', 'name': {'title': 'Miss', 'first': 'Victoria', 'last': 'Myers'}, 'location': {'street': {'number': 5725, 'name': 'Richmond Road'}, 'city': 'Leeds', 'state': 'Wiltshir...</msg>
<var>${json_data}</var>
<arg>${response.json()}</arg>
<doc>Returns the given values which can then be assigned to a variables.</doc>
<status status="PASS" start="2024-08-04T18:19:08.963578" elapsed="0.000546"/>
</kw>
<kw name="Dictionary Should Contain Key" owner="Collections">
<arg>${json_data}</arg>
<arg>results</arg>
<doc>Fails if ``key`` is not found from ``dictionary``.</doc>
<status status="PASS" start="2024-08-04T18:19:08.964422" elapsed="0.000318"/>
</kw>
<status status="PASS" start="2024-08-04T18:19:08.409518" elapsed="0.555371"/>
</kw>
<doc>Testa se a API responde corretamente e retorna um objeto JSON válido.</doc>
<tag>testeRequisicaoBasica</tag>
<status status="PASS" start="2024-08-04T18:19:08.409001" elapsed="0.556060"/>
</test>
<test id="s1-s1-t3" name="Validar estrutura de resposta" line="22">
<kw name="Teste de Estrutura de Resposta" owner="random-user-service">
<kw name="GET On Session" owner="RequestsLibrary">
<msg time="2024-08-04T18:19:09.212040" level="INFO">GET Request : url=https://randomuser.me/api 
 path_url=/api 
 headers={'User-Agent': 'python-requests/2.32.3', 'Accept-Encoding': 'gzip, deflate', 'Accept': '*/*', 'Connection': 'keep-alive'} 
 body=None 
 </msg>
<msg time="2024-08-04T18:19:09.212144" level="INFO">GET Response : url=https://randomuser.me/api 
 status=200, reason=OK 
 headers={'Date': 'Sun, 04 Aug 2024 18:19:09 GMT', 'Content-Type': 'application/json; charset=utf-8', 'Transfer-Encoding': 'chunked', 'Connection': 'keep-alive', 'X-Powered-By': 'Express', 'Access-Control-Allow-Origin': '*', 'Cache-Control': 'no-cache', 'ETag': 'W/"4a0-Bjy0ZuDoH9Az93fCqyokOrUWy+E"', 'Vary': 'Accept-Encoding', 'Content-Encoding': 'gzip', 'CF-Cache-Status': 'DYNAMIC', 'Report-To': '{"endpoints":[{"url":"https:\\/\\/a.nel.cloudflare.com\\/report\\/v4?s=mVLoNMO8IQzDBpwGN2ILLPNgsrxQWE%2B90%2FCw0PuM9C8CvT9CqlkYM%2BTkwUMTCmWPUvYZ%2F%2BHYiGDj8IV0OPAn8v3m86K9Qt60NYnrxdet57cnMiwohmg3UtU7cTOAXAyQ"}],"group":"cf-nel","max_age":604800}', 'NEL': '{"success_fraction":0,"report_to":"cf-nel","max_age":604800}', 'Server': 'cloudflare', 'CF-RAY': '8ae08dd518d21409-ORD', 'alt-svc': 'h3=":443"; ma=86400'} 
 body={"results":[{"gender":"male","name":{"title":"Monsieur","first":"Yannik","last":"David"},"location":{"street":{"number":461,"name":"Avenue des Ternes"},"city":"Seedorf (Be)","state":"Genève","country":"Switzerland","postcode":9455,"coordinates":{"latitude":"-59.7896","longitude":"-157.8241"},"timezone":{"offset":"-3:00","description":"Brazil, Buenos Aires, Georgetown"}},"email":"yannik.david@example.com","login":{"uuid":"f3500c46-2f36-473b-9b65-6c35f4420d58","username":"happyfrog452","password":"pitchers","salt":"l9pAEpRu","md5":"73efb5785168b73b40e314cd2f462786","sha1":"b30c27481f34b02cf1028e84f4da02b22d1fa7b8","sha256":"6ad8a856d2f5297ad9d3047dfb80ecea30a6cecc7ab3c7fce86baa74487ef639"},"dob":{"date":"1988-05-25T00:49:10.326Z","age":36},"registered":{"date":"2006-06-01T10:09:32.318Z","age":18},"phone":"076 210 83 52","cell":"075 762 59 79","id":{"name":"AVS","value":"756.4369.1446.41"},"picture":{"large":"https://randomuser.me/api/portraits/men/32.jpg","medium":"https://randomuser.me/api/portraits/med/men/32.jpg","thumbnail":"https://randomuser.me/api/portraits/thumb/men/32.jpg"},"nat":"CH"}],"info":{"seed":"6e707998cf39985f","results":1,"page":1,"version":"1.4"}} 
 </msg>
<msg time="2024-08-04T18:19:09.212279" level="INFO">/opt/hostedtoolcache/Python/3.12.4/x64/lib/python3.12/site-packages/urllib3/connectionpool.py:1099: InsecureRequestWarning: Unverified HTTPS request is being made to host 'randomuser.me'. Adding certificate verification is strongly advised. See: https://urllib3.readthedocs.io/en/latest/advanced-usage.html#tls-warnings
  warnings.warn(</msg>
<msg time="2024-08-04T18:19:09.212403" level="INFO">${response} = &lt;Response [200]&gt;</msg>
<var>${response}</var>
<arg>consultarAPI</arg>
<arg>/api</arg>
<doc>Sends a GET request on a previously created HTTP Session.</doc>
<status status="PASS" start="2024-08-04T18:19:08.967923" elapsed="0.244514"/>
</kw>
<kw name="Set Variable" owner="BuiltIn">
<msg time="2024-08-04T18:19:09.213475" level="INFO">${json_data} = {'results': [{'gender': 'male', 'name': {'title': 'Monsieur', 'first': 'Yannik', 'last': 'David'}, 'location': {'street': {'number': 461, 'name': 'Avenue des Ternes'}, 'city': 'Seedorf (Be)', 'state':...</msg>
<var>${json_data}</var>
<arg>${response.json()}</arg>
<doc>Returns the given values which can then be assigned to a variables.</doc>
<status status="PASS" start="2024-08-04T18:19:09.212952" elapsed="0.000552"/>
</kw>
<kw name="Log" owner="BuiltIn">
<msg time="2024-08-04T18:19:09.213966" level="INFO">{'results': [{'gender': 'male', 'name': {'title': 'Monsieur', 'first': 'Yannik', 'last': 'David'}, 'location': {'street': {'number': 461, 'name': 'Avenue des Ternes'}, 'city': 'Seedorf (Be)', 'state': 'Genève', 'country': 'Switzerland', 'postcode': 9455, 'coordinates': {'latitude': '-59.7896', 'longitude': '-157.8241'}, 'timezone': {'offset': '-3:00', 'description': 'Brazil, Buenos Aires, Georgetown'}}, 'email': 'yannik.david@example.com', 'login': {'uuid': 'f3500c46-2f36-473b-9b65-6c35f4420d58', 'username': 'happyfrog452', 'password': 'pitchers', 'salt': 'l9pAEpRu', 'md5': '73efb5785168b73b40e314cd2f462786', 'sha1': 'b30c27481f34b02cf1028e84f4da02b22d1fa7b8', 'sha256': '6ad8a856d2f5297ad9d3047dfb80ecea30a6cecc7ab3c7fce86baa74487ef639'}, 'dob': {'date': '1988-05-25T00:49:10.326Z', 'age': 36}, 'registered': {'date': '2006-06-01T10:09:32.318Z', 'age': 18}, 'phone': '076 210 83 52', 'cell': '075 762 59 79', 'id': {'name': 'AVS', 'value': '756.4369.1446.41'}, 'picture': {'large': 'https://randomuser.me/api/portraits/men/32.jpg', 'medium': 'https://randomuser.me/api/portraits/med/men/32.jpg', 'thumbnail': 'https://randomuser.me/api/portraits/thumb/men/32.jpg'}, 'nat': 'CH'}], 'info': {'seed': '6e707998cf39985f', 'results': 1, 'page': 1, 'version': '1.4'}}</msg>
<arg>${json_data}</arg>
<doc>Logs the given message with the given level.</doc>
<status status="PASS" start="2024-08-04T18:19:09.213805" elapsed="0.000211"/>
</kw>
<kw name="Dictionary Should Contain Key" owner="Collections">
<arg>${json_data}</arg>
<arg>results</arg>
<doc>Fails if ``key`` is not found from ``dictionary``.</doc>
<status status="PASS" start="2024-08-04T18:19:09.214344" elapsed="0.000164"/>
</kw>
<kw name="Should Not Be Empty" owner="BuiltIn">
<msg time="2024-08-04T18:19:09.214817" level="INFO">Length is 2.</msg>
<arg>${json_data}</arg>
<doc>Verifies that the given item is not empty.</doc>
<status status="PASS" start="2024-08-04T18:19:09.214694" elapsed="0.000161"/>
</kw>
<kw name="Create List" owner="BuiltIn">
<msg time="2024-08-04T18:19:09.215289" level="INFO">${expected_keys} = ['gender', 'name', 'location', 'email', 'login']</msg>
<var>${expected_keys}</var>
<arg>gender</arg>
<arg>name</arg>
<arg>location</arg>
<arg>email</arg>
<arg>login</arg>
<doc>Returns a list containing given items.</doc>
<status status="PASS" start="2024-08-04T18:19:09.215137" elapsed="0.000176"/>
</kw>
<for flavor="IN">
<iter>
<kw name="Dictionary Should Contain Key" owner="Collections">
<arg>${json_data['results'][0]}</arg>
<arg>${key}</arg>
<doc>Fails if ``key`` is not found from ``dictionary``.</doc>
<status status="PASS" start="2024-08-04T18:19:09.215897" elapsed="0.000433"/>
</kw>
<kw name="Log" owner="BuiltIn">
<msg time="2024-08-04T18:19:09.216875" level="INFO">{'gender': 'male', 'name': {'title': 'Monsieur', 'first': 'Yannik', 'last': 'David'}, 'location': {'street': {'number': 461, 'name': 'Avenue des Ternes'}, 'city': 'Seedorf (Be)', 'state': 'Genève', 'country': 'Switzerland', 'postcode': 9455, 'coordinates': {'latitude': '-59.7896', 'longitude': '-157.8241'}, 'timezone': {'offset': '-3:00', 'description': 'Brazil, Buenos Aires, Georgetown'}}, 'email': 'yannik.david@example.com', 'login': {'uuid': 'f3500c46-2f36-473b-9b65-6c35f4420d58', 'username': 'happyfrog452', 'password': 'pitchers', 'salt': 'l9pAEpRu', 'md5': '73efb5785168b73b40e314cd2f462786', 'sha1': 'b30c27481f34b02cf1028e84f4da02b22d1fa7b8', 'sha256': '6ad8a856d2f5297ad9d3047dfb80ecea30a6cecc7ab3c7fce86baa74487ef639'}, 'dob': {'date': '1988-05-25T00:49:10.326Z', 'age': 36}, 'registered': {'date': '2006-06-01T10:09:32.318Z', 'age': 18}, 'phone': '076 210 83 52', 'cell': '075 762 59 79', 'id': {'name': 'AVS', 'value': '756.4369.1446.41'}, 'picture': {'large': 'https://randomuser.me/api/portraits/men/32.jpg', 'medium': 'https://randomuser.me/api/portraits/med/men/32.jpg', 'thumbnail': 'https://randomuser.me/api/portraits/thumb/men/32.jpg'}, 'nat': 'CH'}</msg>
<arg>${json_data['results'][0]}</arg>
<doc>Logs the given message with the given level.</doc>
<status status="PASS" start="2024-08-04T18:19:09.216519" elapsed="0.000408"/>
</kw>
<kw name="Log" owner="BuiltIn">
<msg time="2024-08-04T18:19:09.217359" level="INFO">gender</msg>
<arg>${key}</arg>
<doc>Logs the given message with the given level.</doc>
<status status="PASS" start="2024-08-04T18:19:09.217229" elapsed="0.000168"/>
</kw>
<var name="${key}">gender</var>
<status status="PASS" start="2024-08-04T18:19:09.215774" elapsed="0.001842"/>
</iter>
<iter>
<kw name="Dictionary Should Contain Key" owner="Collections">
<arg>${json_data['results'][0]}</arg>
<arg>${key}</arg>
<doc>Fails if ``key`` is not found from ``dictionary``.</doc>
<status status="PASS" start="2024-08-04T18:19:09.217916" elapsed="0.000392"/>
</kw>
<kw name="Log" owner="BuiltIn">
<msg time="2024-08-04T18:19:09.218879" level="INFO">{'gender': 'male', 'name': {'title': 'Monsieur', 'first': 'Yannik', 'last': 'David'}, 'location': {'street': {'number': 461, 'name': 'Avenue des Ternes'}, 'city': 'Seedorf (Be)', 'state': 'Genève', 'country': 'Switzerland', 'postcode': 9455, 'coordinates': {'latitude': '-59.7896', 'longitude': '-157.8241'}, 'timezone': {'offset': '-3:00', 'description': 'Brazil, Buenos Aires, Georgetown'}}, 'email': 'yannik.david@example.com', 'login': {'uuid': 'f3500c46-2f36-473b-9b65-6c35f4420d58', 'username': 'happyfrog452', 'password': 'pitchers', 'salt': 'l9pAEpRu', 'md5': '73efb5785168b73b40e314cd2f462786', 'sha1': 'b30c27481f34b02cf1028e84f4da02b22d1fa7b8', 'sha256': '6ad8a856d2f5297ad9d3047dfb80ecea30a6cecc7ab3c7fce86baa74487ef639'}, 'dob': {'date': '1988-05-25T00:49:10.326Z', 'age': 36}, 'registered': {'date': '2006-06-01T10:09:32.318Z', 'age': 18}, 'phone': '076 210 83 52', 'cell': '075 762 59 79', 'id': {'name': 'AVS', 'value': '756.4369.1446.41'}, 'picture': {'large': 'https://randomuser.me/api/portraits/men/32.jpg', 'medium': 'https://randomuser.me/api/portraits/med/men/32.jpg', 'thumbnail': 'https://randomuser.me/api/portraits/thumb/men/32.jpg'}, 'nat': 'CH'}</msg>
<arg>${json_data['results'][0]}</arg>
<doc>Logs the given message with the given level.</doc>
<status status="PASS" start="2024-08-04T18:19:09.218487" elapsed="0.000441"/>
</kw>
<kw name="Log" owner="BuiltIn">
<msg time="2024-08-04T18:19:09.219354" level="INFO">name</msg>
<arg>${key}</arg>
<doc>Logs the given message with the given level.</doc>
<status status="PASS" start="2024-08-04T18:19:09.219226" elapsed="0.000166"/>
</kw>
<var name="${key}">name</var>
<status status="PASS" start="2024-08-04T18:19:09.217799" elapsed="0.001806"/>
</iter>
<iter>
<kw name="Dictionary Should Contain Key" owner="Collections">
<arg>${json_data['results'][0]}</arg>
<arg>${key}</arg>
<doc>Fails if ``key`` is not found from ``dictionary``.</doc>
<status status="PASS" start="2024-08-04T18:19:09.219892" elapsed="0.000398"/>
</kw>
<kw name="Log" owner="BuiltIn">
<msg time="2024-08-04T18:19:09.220818" level="INFO">{'gender': 'male', 'name': {'title': 'Monsieur', 'first': 'Yannik', 'last': 'David'}, 'location': {'street': {'number': 461, 'name': 'Avenue des Ternes'}, 'city': 'Seedorf (Be)', 'state': 'Genève', 'country': 'Switzerland', 'postcode': 9455, 'coordinates': {'latitude': '-59.7896', 'longitude': '-157.8241'}, 'timezone': {'offset': '-3:00', 'description': 'Brazil, Buenos Aires, Georgetown'}}, 'email': 'yannik.david@example.com', 'login': {'uuid': 'f3500c46-2f36-473b-9b65-6c35f4420d58', 'username': 'happyfrog452', 'password': 'pitchers', 'salt': 'l9pAEpRu', 'md5': '73efb5785168b73b40e314cd2f462786', 'sha1': 'b30c27481f34b02cf1028e84f4da02b22d1fa7b8', 'sha256': '6ad8a856d2f5297ad9d3047dfb80ecea30a6cecc7ab3c7fce86baa74487ef639'}, 'dob': {'date': '1988-05-25T00:49:10.326Z', 'age': 36}, 'registered': {'date': '2006-06-01T10:09:32.318Z', 'age': 18}, 'phone': '076 210 83 52', 'cell': '075 762 59 79', 'id': {'name': 'AVS', 'value': '756.4369.1446.41'}, 'picture': {'large': 'https://randomuser.me/api/portraits/men/32.jpg', 'medium': 'https://randomuser.me/api/portraits/med/men/32.jpg', 'thumbnail': 'https://randomuser.me/api/portraits/thumb/men/32.jpg'}, 'nat': 'CH'}</msg>
<arg>${json_data['results'][0]}</arg>
<doc>Logs the given message with the given level.</doc>
<status status="PASS" start="2024-08-04T18:19:09.220473" elapsed="0.000394"/>
</kw>
<kw name="Log" owner="BuiltIn">
<msg time="2024-08-04T18:19:09.221295" level="INFO">location</msg>
<arg>${key}</arg>
<doc>Logs the given message with the given level.</doc>
<status status="PASS" start="2024-08-04T18:19:09.221165" elapsed="0.000169"/>
</kw>
<var name="${key}">location</var>
<status status="PASS" start="2024-08-04T18:19:09.219782" elapsed="0.001777"/>
</iter>
<iter>
<kw name="Dictionary Should Contain Key" owner="Collections">
<arg>${json_data['results'][0]}</arg>
<arg>${key}</arg>
<doc>Fails if ``key`` is not found from ``dictionary``.</doc>
<status status="PASS" start="2024-08-04T18:19:09.221840" elapsed="0.000391"/>
</kw>
<kw name="Log" owner="BuiltIn">
<msg time="2024-08-04T18:19:09.222888" level="INFO">{'gender': 'male', 'name': {'title': 'Monsieur', 'first': 'Yannik', 'last': 'David'}, 'location': {'street': {'number': 461, 'name': 'Avenue des Ternes'}, 'city': 'Seedorf (Be)', 'state': 'Genève', 'country': 'Switzerland', 'postcode': 9455, 'coordinates': {'latitude': '-59.7896', 'longitude': '-157.8241'}, 'timezone': {'offset': '-3:00', 'description': 'Brazil, Buenos Aires, Georgetown'}}, 'email': 'yannik.david@example.com', 'login': {'uuid': 'f3500c46-2f36-473b-9b65-6c35f4420d58', 'username': 'happyfrog452', 'password': 'pitchers', 'salt': 'l9pAEpRu', 'md5': '73efb5785168b73b40e314cd2f462786', 'sha1': 'b30c27481f34b02cf1028e84f4da02b22d1fa7b8', 'sha256': '6ad8a856d2f5297ad9d3047dfb80ecea30a6cecc7ab3c7fce86baa74487ef639'}, 'dob': {'date': '1988-05-25T00:49:10.326Z', 'age': 36}, 'registered': {'date': '2006-06-01T10:09:32.318Z', 'age': 18}, 'phone': '076 210 83 52', 'cell': '075 762 59 79', 'id': {'name': 'AVS', 'value': '756.4369.1446.41'}, 'picture': {'large': 'https://randomuser.me/api/portraits/men/32.jpg', 'medium': 'https://randomuser.me/api/portraits/med/men/32.jpg', 'thumbnail': 'https://randomuser.me/api/portraits/thumb/men/32.jpg'}, 'nat': 'CH'}</msg>
<arg>${json_data['results'][0]}</arg>
<doc>Logs the given message with the given level.</doc>
<status status="PASS" start="2024-08-04T18:19:09.222527" elapsed="0.000411"/>
</kw>
<kw name="Log" owner="BuiltIn">
<msg time="2024-08-04T18:19:09.223363" level="INFO">email</msg>
<arg>${key}</arg>
<doc>Logs the given message with the given level.</doc>
<status status="PASS" start="2024-08-04T18:19:09.223234" elapsed="0.000169"/>
</kw>
<var name="${key}">email</var>
<status status="PASS" start="2024-08-04T18:19:09.221731" elapsed="0.001890"/>
</iter>
<iter>
<kw name="Dictionary Should Contain Key" owner="Collections">
<arg>${json_data['results'][0]}</arg>
<arg>${key}</arg>
<doc>Fails if ``key`` is not found from ``dictionary``.</doc>
<status status="PASS" start="2024-08-04T18:19:09.223904" elapsed="0.000404"/>
</kw>
<kw name="Log" owner="BuiltIn">
<msg time="2024-08-04T18:19:09.224836" level="INFO">{'gender': 'male', 'name': {'title': 'Monsieur', 'first': 'Yannik', 'last': 'David'}, 'location': {'street': {'number': 461, 'name': 'Avenue des Ternes'}, 'city': 'Seedorf (Be)', 'state': 'Genève', 'country': 'Switzerland', 'postcode': 9455, 'coordinates': {'latitude': '-59.7896', 'longitude': '-157.8241'}, 'timezone': {'offset': '-3:00', 'description': 'Brazil, Buenos Aires, Georgetown'}}, 'email': 'yannik.david@example.com', 'login': {'uuid': 'f3500c46-2f36-473b-9b65-6c35f4420d58', 'username': 'happyfrog452', 'password': 'pitchers', 'salt': 'l9pAEpRu', 'md5': '73efb5785168b73b40e314cd2f462786', 'sha1': 'b30c27481f34b02cf1028e84f4da02b22d1fa7b8', 'sha256': '6ad8a856d2f5297ad9d3047dfb80ecea30a6cecc7ab3c7fce86baa74487ef639'}, 'dob': {'date': '1988-05-25T00:49:10.326Z', 'age': 36}, 'registered': {'date': '2006-06-01T10:09:32.318Z', 'age': 18}, 'phone': '076 210 83 52', 'cell': '075 762 59 79', 'id': {'name': 'AVS', 'value': '756.4369.1446.41'}, 'picture': {'large': 'https://randomuser.me/api/portraits/men/32.jpg', 'medium': 'https://randomuser.me/api/portraits/med/men/32.jpg', 'thumbnail': 'https://randomuser.me/api/portraits/thumb/men/32.jpg'}, 'nat': 'CH'}</msg>
<arg>${json_data['results'][0]}</arg>
<doc>Logs the given message with the given level.</doc>
<status status="PASS" start="2024-08-04T18:19:09.224488" elapsed="0.000398"/>
</kw>
<kw name="Log" owner="BuiltIn">
<msg time="2024-08-04T18:19:09.225308" level="INFO">login</msg>
<arg>${key}</arg>
<doc>Logs the given message with the given level.</doc>
<status status="PASS" start="2024-08-04T18:19:09.225179" elapsed="0.000167"/>
</kw>
<var name="${key}">login</var>
<status status="PASS" start="2024-08-04T18:19:09.223795" elapsed="0.001768"/>
</iter>
<var>${key}</var>
<value>@{expected_keys}</value>
<status status="PASS" start="2024-08-04T18:19:09.215570" elapsed="0.010115"/>
</for>
<kw name="Create List" owner="BuiltIn">
<msg time="2024-08-04T18:19:09.226048" level="INFO">${expected_keysTwo} = ['username', 'password']</msg>
<var>${expected_keysTwo}</var>
<arg>username</arg>
<arg>password</arg>
<doc>Returns a list containing given items.</doc>
<status status="PASS" start="2024-08-04T18:19:09.225907" elapsed="0.000166"/>
</kw>
<for flavor="IN">
<iter>
<kw name="Dictionary Should Contain Key" owner="Collections">
<arg>${json_data['results'][0]['login']}</arg>
<arg>${keyTwo}</arg>
<doc>Fails if ``key`` is not found from ``dictionary``.</doc>
<status status="PASS" start="2024-08-04T18:19:09.226566" elapsed="0.000384"/>
</kw>
<kw name="Dictionary Should Contain Key" owner="Collections">
<arg>${json_data['results'][0]['login']}</arg>
<arg>${keyTwo}</arg>
<doc>Fails if ``key`` is not found from ``dictionary``.</doc>
<status status="PASS" start="2024-08-04T18:19:09.227128" elapsed="0.000375"/>
</kw>
<kw name="Log" owner="BuiltIn">
<msg time="2024-08-04T18:19:09.227800" level="INFO">username</msg>
<arg>${keyTwo}</arg>
<doc>Logs the given message with the given level.</doc>
<status status="PASS" start="2024-08-04T18:19:09.227681" elapsed="0.000157"/>
</kw>
<var name="${keyTwo}">username</var>
<status status="PASS" start="2024-08-04T18:19:09.226459" elapsed="0.001625"/>
</iter>
<iter>
<kw name="Dictionary Should Contain Key" owner="Collections">
<arg>${json_data['results'][0]['login']}</arg>
<arg>${keyTwo}</arg>
<doc>Fails if ``key`` is not found from ``dictionary``.</doc>
<status status="PASS" start="2024-08-04T18:19:09.228365" elapsed="0.000386"/>
</kw>
<kw name="Dictionary Should Contain Key" owner="Collections">
<arg>${json_data['results'][0]['login']}</arg>
<arg>${keyTwo}</arg>
<doc>Fails if ``key`` is not found from ``dictionary``.</doc>
<status status="PASS" start="2024-08-04T18:19:09.228929" elapsed="0.000365"/>
</kw>
<kw name="Log" owner="BuiltIn">
<msg time="2024-08-04T18:19:09.229588" level="INFO">password</msg>
<arg>${keyTwo}</arg>
<doc>Logs the given message with the given level.</doc>
<status status="PASS" start="2024-08-04T18:19:09.229470" elapsed="0.000156"/>
</kw>
<var name="${keyTwo}">password</var>
<status status="PASS" start="2024-08-04T18:19:09.228259" elapsed="0.001586"/>
</iter>
<var>${keyTwo}</var>
<value>@{expected_keysTwo}</value>
<status status="PASS" start="2024-08-04T18:19:09.226308" elapsed="0.003658"/>
</for>
<status status="PASS" start="2024-08-04T18:19:08.967584" elapsed="0.262523"/>
</kw>
<doc>Testa a estrutura da resposta da API.</doc>
<tag>testeEstruturaResposta</tag>
<status status="PASS" start="2024-08-04T18:19:08.966842" elapsed="0.263422"/>
</test>
<test id="s1-s1-t4" name="Validar tipos de dados" line="28">
<kw name="Teste de Tipos de Dados" owner="random-user-service">
<kw name="GET On Session" owner="RequestsLibrary">
<msg time="2024-08-04T18:19:09.474055" level="INFO">GET Request : url=https://randomuser.me/api 
 path_url=/api 
 headers={'User-Agent': 'python-requests/2.32.3', 'Accept-Encoding': 'gzip, deflate', 'Accept': '*/*', 'Connection': 'keep-alive'} 
 body=None 
 </msg>
<msg time="2024-08-04T18:19:09.474162" level="INFO">GET Response : url=https://randomuser.me/api 
 status=200, reason=OK 
 headers={'Date': 'Sun, 04 Aug 2024 18:19:09 GMT', 'Content-Type': 'application/json; charset=utf-8', 'Transfer-Encoding': 'chunked', 'Connection': 'keep-alive', 'X-Powered-By': 'Express', 'Access-Control-Allow-Origin': '*', 'Cache-Control': 'no-cache', 'ETag': 'W/"48f-rRIa/xuKlptFvUwajRCHdsexkF0"', 'Vary': 'Accept-Encoding', 'Content-Encoding': 'gzip', 'CF-Cache-Status': 'DYNAMIC', 'Report-To': '{"endpoints":[{"url":"https:\\/\\/a.nel.cloudflare.com\\/report\\/v4?s=2WEfXf%2B22aMlQxPTvS6zIQzBThYfDJ4V5ZOCv3cM6%2FlA6Acg%2BLDk%2Fzvg8ScfMkgzRJPGgG9IL7v2NoqESri7N%2Fy0jur7gDct9OUf76O04JCVEjinHwSWIE%2Bv51uE6NrC"}],"group":"cf-nel","max_age":604800}', 'NEL': '{"success_fraction":0,"report_to":"cf-nel","max_age":604800}', 'Server': 'cloudflare', 'CF-RAY': '8ae08dd6baea1409-ORD', 'alt-svc': 'h3=":443"; ma=86400'} 
 body={"results":[{"gender":"female","name":{"title":"Ms","first":"Giovanna","last":"Ludewig"},"location":{"street":{"number":5279,"name":"Schulweg"},"city":"Treuenbrietzen","state":"Rheinland-Pfalz","country":"Germany","postcode":91014,"coordinates":{"latitude":"-51.4274","longitude":"68.4581"},"timezone":{"offset":"+9:30","description":"Adelaide, Darwin"}},"email":"giovanna.ludewig@example.com","login":{"uuid":"58be8eea-e105-493d-8cc2-767a151b2db4","username":"blackkoala448","password":"ringo","salt":"fawLpZVU","md5":"b57d692a1b1191930358b8191449f9f3","sha1":"776d4a759c182be8ce9ae33d93cab66188979034","sha256":"b9def2879e4e094d54694f0bfdccaab5e4551a013fd1c675b8b5b24bec4d52e7"},"dob":{"date":"1972-06-23T05:19:52.688Z","age":52},"registered":{"date":"2015-10-11T10:58:02.434Z","age":8},"phone":"0307-1872662","cell":"0175-5741514","id":{"name":"SVNR","value":"45 230672 L 801"},"picture":{"large":"https://randomuser.me/api/portraits/women/9.jpg","medium":"https://randomuser.me/api/portraits/med/women/9.jpg","thumbnail":"https://randomuser.me/api/portraits/thumb/women/9.jpg"},"nat":"DE"}],"info":{"seed":"945332de265a830d","results":1,"page":1,"version":"1.4"}} 
 </msg>
<msg time="2024-08-04T18:19:09.474239" level="INFO">/opt/hostedtoolcache/Python/3.12.4/x64/lib/python3.12/site-packages/urllib3/connectionpool.py:1099: InsecureRequestWarning: Unverified HTTPS request is being made to host 'randomuser.me'. Adding certificate verification is strongly advised. See: https://urllib3.readthedocs.io/en/latest/advanced-usage.html#tls-warnings
  warnings.warn(</msg>
<msg time="2024-08-04T18:19:09.474377" level="INFO">${response} = &lt;Response [200]&gt;</msg>
<var>${response}</var>
<arg>consultarAPI</arg>
<arg>/api</arg>
<doc>Sends a GET request on a previously created HTTP Session.</doc>
<status status="PASS" start="2024-08-04T18:19:09.232787" elapsed="0.241630"/>
</kw>
<kw name="Set Variable" owner="BuiltIn">
<msg time="2024-08-04T18:19:09.475571" level="INFO">${json_data} = {'results': [{'gender': 'female', 'name': {'title': 'Ms', 'first': 'Giovanna', 'last': 'Ludewig'}, 'location': {'street': {'number': 5279, 'name': 'Schulweg'}, 'city': 'Treuenbrietzen', 'state': 'Rhei...</msg>
<var>${json_data}</var>
<arg>${response.json()}</arg>
<doc>Returns the given values which can then be assigned to a variables.</doc>
<status status="PASS" start="2024-08-04T18:19:09.475022" elapsed="0.000578"/>
</kw>
<kw name="Log" owner="BuiltIn">
<msg time="2024-08-04T18:19:09.476106" level="INFO">{'results': [{'gender': 'female', 'name': {'title': 'Ms', 'first': 'Giovanna', 'last': 'Ludewig'}, 'location': {'street': {'number': 5279, 'name': 'Schulweg'}, 'city': 'Treuenbrietzen', 'state': 'Rheinland-Pfalz', 'country': 'Germany', 'postcode': 91014, 'coordinates': {'latitude': '-51.4274', 'longitude': '68.4581'}, 'timezone': {'offset': '+9:30', 'description': 'Adelaide, Darwin'}}, 'email': 'giovanna.ludewig@example.com', 'login': {'uuid': '58be8eea-e105-493d-8cc2-767a151b2db4', 'username': 'blackkoala448', 'password': 'ringo', 'salt': 'fawLpZVU', 'md5': 'b57d692a1b1191930358b8191449f9f3', 'sha1': '776d4a759c182be8ce9ae33d93cab66188979034', 'sha256': 'b9def2879e4e094d54694f0bfdccaab5e4551a013fd1c675b8b5b24bec4d52e7'}, 'dob': {'date': '1972-06-23T05:19:52.688Z', 'age': 52}, 'registered': {'date': '2015-10-11T10:58:02.434Z', 'age': 8}, 'phone': '0307-1872662', 'cell': '0175-5741514', 'id': {'name': 'SVNR', 'value': '45 230672 L 801'}, 'picture': {'large': 'https://randomuser.me/api/portraits/women/9.jpg', 'medium': 'https://randomuser.me/api/portraits/med/women/9.jpg', 'thumbnail': 'https://randomuser.me/api/portraits/thumb/women/9.jpg'}, 'nat': 'DE'}], 'info': {'seed': '945332de265a830d', 'results': 1, 'page': 1, 'version': '1.4'}}</msg>
<arg>${json_data}</arg>
<doc>Logs the given message with the given level.</doc>
<status status="PASS" start="2024-08-04T18:19:09.475907" elapsed="0.000253"/>
</kw>
<kw name="Should Be String" owner="String">
<arg>${json_data['results'][0]['gender']}</arg>
<doc>Fails if the given ``item`` is not a string.</doc>
<status status="PASS" start="2024-08-04T18:19:09.476455" elapsed="0.000364"/>
</kw>
<kw name="Should Match Regexp" owner="BuiltIn">
<arg>${json_data['results'][0]['email']}</arg>
<arg>^[a-zA-Z0-9._%+-]+@[a-zA-Z0-9.-]+\.[a-zA-Z]{2,}$</arg>
<doc>Fails if ``string`` does not match ``pattern`` as a regular expression.</doc>
<status status="PASS" start="2024-08-04T18:19:09.477048" elapsed="0.000516"/>
</kw>
<kw name="Should Match Regexp" owner="BuiltIn">
<arg>${json_data['results'][0]['dob']['date']}</arg>
<arg>\\d{4}-\\d{2}-\\d{2}T\\d{2}:\\d{2}:\\d{2}\\.\\d{3}Z</arg>
<doc>Fails if ``string`` does not match ``pattern`` as a regular expression.</doc>
<status status="PASS" start="2024-08-04T18:19:09.477758" elapsed="0.000624"/>
</kw>
<kw name="Should Match Regexp" owner="BuiltIn">
<arg>${json_data['results'][0]['registered']['date']}</arg>
<arg>\\d{4}-\\d{2}-\\d{2}T\\d{2}:\\d{2}:\\d{2}\\.\\d{3}Z</arg>
<doc>Fails if ``string`` does not match ``pattern`` as a regular expression.</doc>
<status status="PASS" start="2024-08-04T18:19:09.478575" elapsed="0.000367"/>
</kw>
<kw name="Should Match Regexp" owner="BuiltIn">
<arg>${json_data['results'][0]['picture']['large']}</arg>
<arg>^https?://.*\.(?:png|jpe?g|gif|bmp)$</arg>
<doc>Fails if ``string`` does not match ``pattern`` as a regular expression.</doc>
<status status="PASS" start="2024-08-04T18:19:09.479126" elapsed="0.000456"/>
</kw>
<kw name="Should Match Regexp" owner="BuiltIn">
<arg>${json_data['results'][0]['picture']['medium']}</arg>
<arg>^https?://.*\.(?:png|jpe?g|gif|bmp)$</arg>
<doc>Fails if ``string`` does not match ``pattern`` as a regular expression.</doc>
<status status="PASS" start="2024-08-04T18:19:09.479770" elapsed="0.000384"/>
</kw>
<kw name="Should Match Regexp" owner="BuiltIn">
<arg>${json_data['results'][0]['picture']['thumbnail']}</arg>
<arg>^https?://.*\.(?:png|jpe?g|gif|bmp)$</arg>
<doc>Fails if ``string`` does not match ``pattern`` as a regular expression.</doc>
<status status="PASS" start="2024-08-04T18:19:09.480337" elapsed="0.000348"/>
</kw>
<kw name="Log" owner="BuiltIn">
<msg time="2024-08-04T18:19:09.481187" level="INFO">{'large': 'https://randomuser.me/api/portraits/women/9.jpg', 'medium': 'https://randomuser.me/api/portraits/med/women/9.jpg', 'thumbnail': 'https://randomuser.me/api/portraits/thumb/women/9.jpg'}</msg>
<arg>${json_data['results'][0]['picture']}</arg>
<doc>Logs the given message with the given level.</doc>
<status status="PASS" start="2024-08-04T18:19:09.480867" elapsed="0.000362"/>
</kw>
<status status="PASS" start="2024-08-04T18:19:09.232556" elapsed="0.248932"/>
</kw>
<kw name="Teste de Tipos de Dados - Postcode" owner="random-user-service">
<kw name="GET On Session" owner="RequestsLibrary">
<msg time="2024-08-04T18:19:10.027264" level="INFO">GET Request : url=https://randomuser.me/api 
 path_url=/api 
 headers={'User-Agent': 'python-requests/2.32.3', 'Accept-Encoding': 'gzip, deflate', 'Accept': '*/*', 'Connection': 'keep-alive'} 
 body=None 
 </msg>
<msg time="2024-08-04T18:19:10.027375" level="INFO">GET Response : url=https://randomuser.me/api 
 status=200, reason=OK 
 headers={'Date': 'Sun, 04 Aug 2024 18:19:10 GMT', 'Content-Type': 'application/json; charset=utf-8', 'Transfer-Encoding': 'chunked', 'Connection': 'keep-alive', 'X-Powered-By': 'Express', 'Access-Control-Allow-Origin': '*', 'Cache-Control': 'no-cache', 'ETag': 'W/"4b2-KnSAaEp3LXyApxcIzIT7A2ayIPg"', 'Vary': 'Accept-Encoding', 'Content-Encoding': 'gzip', 'CF-Cache-Status': 'DYNAMIC', 'Report-To': '{"endpoints":[{"url":"https:\\/\\/a.nel.cloudflare.com\\/report\\/v4?s=HrTPD%2B7XgJALv9l%2F9E5QvGe0fQWQyCM1rd7DcIPXFg9RvJ5Ze8VNQejZqz%2BM%2Fg9pddFGJTSmRBeC6tHv5GFOcewh4XL1fz72eX3V4nKQl0T9vVsLBa0OnPForJz86iwf"}],"group":"cf-nel","max_age":604800}', 'NEL': '{"success_fraction":0,"report_to":"cf-nel","max_age":604800}', 'Server': 'cloudflare', 'CF-RAY': '8ae08dd84c8b1409-ORD', 'alt-svc': 'h3=":443"; ma=86400'} 
 body={"results":[{"gender":"male","name":{"title":"Mr","first":"Ernest","last":"Spiegel"},"location":{"street":{"number":715,"name":"Königsberger Straße"},"city":"Bad Oeynhausen","state":"Nordrhein-Westfalen","country":"Germany","postcode":44599,"coordinates":{"latitude":"-47.2596","longitude":"-160.7995"},"timezone":{"offset":"+5:30","description":"Bombay, Calcutta, Madras, New Delhi"}},"email":"ernest.spiegel@example.com","login":{"uuid":"3db18196-efe8-45de-b761-98ec3c3dfc2f","username":"happybutterfly608","password":"infiniti","salt":"383GvZ5T","md5":"294d5b7b8999518d7e3e64d501b45948","sha1":"e1ca7bf7b25588a82d517a5baac2f99cd4444da9","sha256":"17c5c72acccc70544057cee18cdaccc880d32e89163d10bd35cad01a39568630"},"dob":{"date":"1975-10-13T04:52:47.166Z","age":48},"registered":{"date":"2020-06-13T06:47:23.947Z","age":4},"phone":"0272-8971935","cell":"0179-1092874","id":{"name":"SVNR","value":"79 121075 S 028"},"picture":{"large":"https://randomuser.me/api/portraits/men/79.jpg","medium":"https://randomuser.me/api/portraits/med/men/79.jpg","thumbnail":"https://randomuser.me/api/portraits/thumb/men/79.jpg"},"nat":"DE"}],"info":{"seed":"10beac929cd0ef02","results":1,"page":1,"version":"1.4"}} 
 </msg>
<msg time="2024-08-04T18:19:10.027454" level="INFO">/opt/hostedtoolcache/Python/3.12.4/x64/lib/python3.12/site-packages/urllib3/connectionpool.py:1099: InsecureRequestWarning: Unverified HTTPS request is being made to host 'randomuser.me'. Adding certificate verification is strongly advised. See: https://urllib3.readthedocs.io/en/latest/advanced-usage.html#tls-warnings
  warnings.warn(</msg>
<msg time="2024-08-04T18:19:10.027577" level="INFO">${response} = &lt;Response [200]&gt;</msg>
<var>${response}</var>
<arg>consultarAPI</arg>
<arg>/api</arg>
<doc>Sends a GET request on a previously created HTTP Session.</doc>
<status status="PASS" start="2024-08-04T18:19:09.481938" elapsed="0.545679"/>
</kw>
<kw name="Set Variable" owner="BuiltIn">
<msg time="2024-08-04T18:19:10.028842" level="INFO">${json_data} = {'results': [{'gender': 'male', 'name': {'title': 'Mr', 'first': 'Ernest', 'last': 'Spiegel'}, 'location': {'street': {'number': 715, 'name': 'Königsberger Straße'}, 'city': 'Bad Oeynhausen', 'state':...</msg>
<var>${json_data}</var>
<arg>${response.json()}</arg>
<doc>Returns the given values which can then be assigned to a variables.</doc>
<status status="PASS" start="2024-08-04T18:19:10.028278" elapsed="0.000595"/>
</kw>
<kw name="Log" owner="BuiltIn">
<msg time="2024-08-04T18:19:10.029344" level="INFO">{'results': [{'gender': 'male', 'name': {'title': 'Mr', 'first': 'Ernest', 'last': 'Spiegel'}, 'location': {'street': {'number': 715, 'name': 'Königsberger Straße'}, 'city': 'Bad Oeynhausen', 'state': 'Nordrhein-Westfalen', 'country': 'Germany', 'postcode': 44599, 'coordinates': {'latitude': '-47.2596', 'longitude': '-160.7995'}, 'timezone': {'offset': '+5:30', 'description': 'Bombay, Calcutta, Madras, New Delhi'}}, 'email': 'ernest.spiegel@example.com', 'login': {'uuid': '3db18196-efe8-45de-b761-98ec3c3dfc2f', 'username': 'happybutterfly608', 'password': 'infiniti', 'salt': '383GvZ5T', 'md5': '294d5b7b8999518d7e3e64d501b45948', 'sha1': 'e1ca7bf7b25588a82d517a5baac2f99cd4444da9', 'sha256': '17c5c72acccc70544057cee18cdaccc880d32e89163d10bd35cad01a39568630'}, 'dob': {'date': '1975-10-13T04:52:47.166Z', 'age': 48}, 'registered': {'date': '2020-06-13T06:47:23.947Z', 'age': 4}, 'phone': '0272-8971935', 'cell': '0179-1092874', 'id': {'name': 'SVNR', 'value': '79 121075 S 028'}, 'picture': {'large': 'https://randomuser.me/api/portraits/men/79.jpg', 'medium': 'https://randomuser.me/api/portraits/med/men/79.jpg', 'thumbnail': 'https://randomuser.me/api/portraits/thumb/men/79.jpg'}, 'nat': 'DE'}], 'info': {'seed': '10beac929cd0ef02', 'results': 1, 'page': 1, 'version': '1.4'}}</msg>
<arg>${json_data}</arg>
<doc>Logs the given message with the given level.</doc>
<status status="PASS" start="2024-08-04T18:19:10.029184" elapsed="0.000209"/>
</kw>
<kw name="Should Be Equal As Numbers" owner="BuiltIn">
<arg>${json_data['results'][0]['location']['postcode']}</arg>
<arg>${json_data['results'][0]['location']['postcode']}</arg>
<doc>Fails if objects are unequal after converting them to real numbers.</doc>
<status status="PASS" start="2024-08-04T18:19:10.029689" elapsed="0.000604"/>
</kw>
<kw name="Log" owner="BuiltIn">
<msg time="2024-08-04T18:19:10.030858" level="INFO">44599</msg>
<arg>${json_data['results'][0]['location']['postcode']}</arg>
<doc>Logs the given message with the given level.</doc>
<status status="PASS" start="2024-08-04T18:19:10.030513" elapsed="0.000387"/>
</kw>
<status status="PASS" start="2024-08-04T18:19:09.481713" elapsed="0.549440"/>
</kw>
<doc>Testa se os tipos de dados na resposta da API estão corretos.</doc>
<tag>testeTiposDados</tag>
<status status="PASS" start="2024-08-04T18:19:09.231981" elapsed="0.799344"/>
</test>
<test id="s1-s1-t5" name="Validar conteudo" line="35">
<kw name="Teste de Tipos de Conteudo" owner="random-user-service">
<kw name="GET On Session" owner="RequestsLibrary">
<msg time="2024-08-04T18:19:10.224765" level="INFO">GET Request : url=https://randomuser.me/api 
 path_url=/api 
 headers={'User-Agent': 'python-requests/2.32.3', 'Accept-Encoding': 'gzip, deflate', 'Accept': '*/*', 'Connection': 'keep-alive'} 
 body=None 
 </msg>
<msg time="2024-08-04T18:19:10.224863" level="INFO">GET Response : url=https://randomuser.me/api 
 status=200, reason=OK 
 headers={'Date': 'Sun, 04 Aug 2024 18:19:10 GMT', 'Content-Type': 'application/json; charset=utf-8', 'Transfer-Encoding': 'chunked', 'Connection': 'keep-alive', 'X-Powered-By': 'Express', 'Access-Control-Allow-Origin': '*', 'Cache-Control': 'no-cache', 'ETag': 'W/"4aa-S5KlAiPkIr993bYPrpDtSOQlJfI"', 'Vary': 'Accept-Encoding', 'Content-Encoding': 'gzip', 'CF-Cache-Status': 'DYNAMIC', 'Report-To': '{"endpoints":[{"url":"https:\\/\\/a.nel.cloudflare.com\\/report\\/v4?s=iE%2BYdSWASM0yt47Jpikamju3xmKhCNtp718Vo2p25CzbL1KSD55KW2nE%2BGJ9WJC3xkJgrjy8okxsPc9WaDyP0eMUNkoKVmsyBU1QXdqjfeHAwClPpxU3mKcr9q75vKuc"}],"group":"cf-nel","max_age":604800}', 'NEL': '{"success_fraction":0,"report_to":"cf-nel","max_age":604800}', 'Server': 'cloudflare', 'CF-RAY': '8ae08ddbb89a1409-ORD', 'alt-svc': 'h3=":443"; ma=86400'} 
 body={"results":[{"gender":"female","name":{"title":"Mrs","first":"Scarlett","last":"Duncan"},"location":{"street":{"number":6377,"name":"New Street"},"city":"Bath","state":"County Fermanagh","country":"United Kingdom","postcode":"XC5 0AF","coordinates":{"latitude":"-5.7290","longitude":"157.4146"},"timezone":{"offset":"+1:00","description":"Brussels, Copenhagen, Madrid, Paris"}},"email":"scarlett.duncan@example.com","login":{"uuid":"d357a803-b866-4c4b-928e-4f88b0de23a4","username":"whiteelephant965","password":"lickit","salt":"IAzVrUvi","md5":"3eb64f46b4660196bfc68e11e35f9d77","sha1":"5af15834c9604b3f098c7d229d851119320b7915","sha256":"187649e12b307cdd6bbfed0f75542422f44e7ba15b8adaff8a90387bd8337785"},"dob":{"date":"1976-02-12T20:18:22.393Z","age":48},"registered":{"date":"2013-05-30T03:18:11.995Z","age":11},"phone":"016977 7056","cell":"07516 678263","id":{"name":"NINO","value":"SX 80 41 37 C"},"picture":{"large":"https://randomuser.me/api/portraits/women/71.jpg","medium":"https://randomuser.me/api/portraits/med/women/71.jpg","thumbnail":"https://randomuser.me/api/portraits/thumb/women/71.jpg"},"nat":"GB"}],"info":{"seed":"7049e3a2ba9932a0","results":1,"page":1,"version":"1.4"}} 
 </msg>
<msg time="2024-08-04T18:19:10.224933" level="INFO">/opt/hostedtoolcache/Python/3.12.4/x64/lib/python3.12/site-packages/urllib3/connectionpool.py:1099: InsecureRequestWarning: Unverified HTTPS request is being made to host 'randomuser.me'. Adding certificate verification is strongly advised. See: https://urllib3.readthedocs.io/en/latest/advanced-usage.html#tls-warnings
  warnings.warn(</msg>
<msg time="2024-08-04T18:19:10.225062" level="INFO">${response} = &lt;Response [200]&gt;</msg>
<var>${response}</var>
<arg>consultarAPI</arg>
<arg>/api</arg>
<doc>Sends a GET request on a previously created HTTP Session.</doc>
<status status="PASS" start="2024-08-04T18:19:10.033890" elapsed="0.191211"/>
</kw>
<kw name="Set Variable" owner="BuiltIn">
<msg time="2024-08-04T18:19:10.226276" level="INFO">${json_data} = {'results': [{'gender': 'female', 'name': {'title': 'Mrs', 'first': 'Scarlett', 'last': 'Duncan'}, 'location': {'street': {'number': 6377, 'name': 'New Street'}, 'city': 'Bath', 'state': 'County Ferma...</msg>
<var>${json_data}</var>
<arg>${response.json()}</arg>
<doc>Returns the given values which can then be assigned to a variables.</doc>
<status status="PASS" start="2024-08-04T18:19:10.225699" elapsed="0.000606"/>
</kw>
<kw name="Set Variable" owner="BuiltIn">
<msg time="2024-08-04T18:19:10.226998" level="INFO">${name_title} = Mrs</msg>
<var>${name_title}</var>
<arg>${json_data["results"][0]["name"]["title"]}</arg>
<doc>Returns the given values which can then be assigned to a variables.</doc>
<status status="PASS" start="2024-08-04T18:19:10.226609" elapsed="0.000415"/>
</kw>
<kw name="Create List" owner="BuiltIn">
<msg time="2024-08-04T18:19:10.227469" level="INFO">${allowed_titles} = ['Mr', 'Ms', 'Miss', 'Mrs', 'Madame', 'Monsieur']</msg>
<var>${allowed_titles}</var>
<arg>Mr</arg>
<arg>Ms</arg>
<arg>Miss</arg>
<arg>Mrs</arg>
<arg>Madame</arg>
<arg>Monsieur</arg>
<doc>Returns a list containing given items.</doc>
<status status="PASS" start="2024-08-04T18:19:10.227318" elapsed="0.000176"/>
</kw>
<kw name="List Should Contain Value" owner="Collections">
<arg>${allowed_titles}</arg>
<arg>${name_title}</arg>
<doc>Fails if the ``value`` is not found from ``list``.</doc>
<status status="PASS" start="2024-08-04T18:19:10.227792" elapsed="0.000180"/>
</kw>
<kw name="Set Variable" owner="BuiltIn">
<msg time="2024-08-04T18:19:10.228582" level="INFO">${name_country} = GB</msg>
<var>${name_country}</var>
<arg>${json_data["results"][0]["nat"]}</arg>
<doc>Returns the given values which can then be assigned to a variables.</doc>
<status status="PASS" start="2024-08-04T18:19:10.228203" elapsed="0.000404"/>
</kw>
<kw name="Create List" owner="BuiltIn">
<msg time="2024-08-04T18:19:10.229479" level="INFO">${list_country} = ['AD', 'AE', 'AF', 'AG', 'AI', 'AL', 'AM', 'AO', 'AQ', 'AR', 'AS', 'AT', 'AU', 'AW', 'AX', 'AZ', 'BA', 'BB', 'BD', 'BE', 'BF', 'BG', 'BH', 'BI', 'BJ', 'BL', 'BM', 'BN', 'BO', 'BQ', 'BR', 'BS', 'BT', '...</msg>
<var>${list_country}</var>
<arg>AD</arg>
<arg>AE</arg>
<arg>AF</arg>
<arg>AG</arg>
<arg>AI</arg>
<arg>AL</arg>
<arg>AM</arg>
<arg>AO</arg>
<arg>AQ</arg>
<arg>AR</arg>
<arg>AS</arg>
<arg>AT</arg>
<arg>AU</arg>
<arg>AW</arg>
<arg>AX</arg>
<arg>AZ</arg>
<arg>BA</arg>
<arg>BB</arg>
<arg>BD</arg>
<arg>BE</arg>
<arg>BF</arg>
<arg>BG</arg>
<arg>BH</arg>
<arg>BI</arg>
<arg>BJ</arg>
<arg>BL</arg>
<arg>BM</arg>
<arg>BN</arg>
<arg>BO</arg>
<arg>BQ</arg>
<arg>BR</arg>
<arg>BS</arg>
<arg>BT</arg>
<arg>BV</arg>
<arg>BW</arg>
<arg>BY</arg>
<arg>BZ</arg>
<arg>CA</arg>
<arg>CC</arg>
<arg>CD</arg>
<arg>CF</arg>
<arg>CG</arg>
<arg>CH</arg>
<arg>CI</arg>
<arg>CK</arg>
<arg>CL</arg>
<arg>CM</arg>
<arg>CN</arg>
<arg>CO</arg>
<arg>CR</arg>
<arg>CU</arg>
<arg>CV</arg>
<arg>CW</arg>
<arg>CX</arg>
<arg>CY</arg>
<arg>CZ</arg>
<arg>DE</arg>
<arg>DJ</arg>
<arg>DK</arg>
<arg>DM</arg>
<arg>DO</arg>
<arg>DZ</arg>
<arg>EC</arg>
<arg>EE</arg>
<arg>EG</arg>
<arg>EH</arg>
<arg>ER</arg>
<arg>ES</arg>
<arg>ET</arg>
<arg>FI</arg>
<arg>FJ</arg>
<arg>FK</arg>
<arg>FM</arg>
<arg>FO</arg>
<arg>FR</arg>
<arg>GA</arg>
<arg>GB</arg>
<arg>GD</arg>
<arg>GE</arg>
<arg>GF</arg>
<arg>GG</arg>
<arg>GH</arg>
<arg>GI</arg>
<arg>GL</arg>
<arg>GM</arg>
<arg>GN</arg>
<arg>GP</arg>
<arg>GQ</arg>
<arg>GR</arg>
<arg>GS</arg>
<arg>GT</arg>
<arg>GU</arg>
<arg>GW</arg>
<arg>GY</arg>
<arg>HK</arg>
<arg>HM</arg>
<arg>HN</arg>
<arg>HR</arg>
<arg>HT</arg>
<arg>HU</arg>
<arg>ID</arg>
<arg>IE</arg>
<arg>IL</arg>
<arg>IM</arg>
<arg>IN</arg>
<arg>IO</arg>
<arg>IQ</arg>
<arg>IR</arg>
<arg>IS</arg>
<arg>IT</arg>
<arg>JE</arg>
<arg>JM</arg>
<arg>JO</arg>
<arg>JP</arg>
<arg>KE</arg>
<arg>KG</arg>
<arg>KH</arg>
<arg>KI</arg>
<arg>KM</arg>
<arg>KN</arg>
<arg>KP</arg>
<arg>KR</arg>
<arg>KW</arg>
<arg>KY</arg>
<arg>KZ</arg>
<arg>LA</arg>
<arg>LB</arg>
<arg>LC</arg>
<arg>LI</arg>
<arg>LK</arg>
<arg>LR</arg>
<arg>LS</arg>
<arg>LT</arg>
<arg>LU</arg>
<arg>LV</arg>
<arg>LY</arg>
<arg>MA</arg>
<arg>MC</arg>
<arg>MD</arg>
<arg>ME</arg>
<arg>MF</arg>
<arg>MG</arg>
<arg>MH</arg>
<arg>MK</arg>
<arg>ML</arg>
<arg>MM</arg>
<arg>MN</arg>
<arg>MO</arg>
<arg>MP</arg>
<arg>MQ</arg>
<arg>MR</arg>
<arg>MS</arg>
<arg>MT</arg>
<arg>MU</arg>
<arg>MV</arg>
<arg>MW</arg>
<arg>MX</arg>
<arg>MY</arg>
<arg>MZ</arg>
<arg>NA</arg>
<arg>NC</arg>
<arg>NE</arg>
<arg>NF</arg>
<arg>NG</arg>
<arg>NI</arg>
<arg>NL</arg>
<arg>NO</arg>
<arg>NP</arg>
<arg>NR</arg>
<arg>NU</arg>
<arg>NZ</arg>
<arg>OM</arg>
<arg>PA</arg>
<arg>PE</arg>
<arg>PF</arg>
<arg>PG</arg>
<arg>PH</arg>
<arg>PK</arg>
<arg>PL</arg>
<arg>PM</arg>
<arg>PN</arg>
<arg>PR</arg>
<arg>PS</arg>
<arg>PT</arg>
<arg>PW</arg>
<arg>PY</arg>
<arg>QA</arg>
<arg>RE</arg>
<arg>RO</arg>
<arg>RS</arg>
<arg>RU</arg>
<arg>RW</arg>
<arg>SA</arg>
<arg>SB</arg>
<arg>SC</arg>
<arg>SD</arg>
<arg>SE</arg>
<arg>SG</arg>
<arg>SH</arg>
<arg>SI</arg>
<arg>SJ</arg>
<arg>SK</arg>
<arg>SL</arg>
<arg>SM</arg>
<arg>SN</arg>
<arg>SO</arg>
<arg>SR</arg>
<arg>SS</arg>
<arg>ST</arg>
<arg>SV</arg>
<arg>SX</arg>
<arg>SY</arg>
<arg>SZ</arg>
<arg>TC</arg>
<arg>TD</arg>
<arg>TF</arg>
<arg>TG</arg>
<arg>TH</arg>
<arg>TJ</arg>
<arg>TK</arg>
<arg>TL</arg>
<arg>TM</arg>
<arg>TN</arg>
<arg>TO</arg>
<arg>TR</arg>
<arg>TT</arg>
<arg>TV</arg>
<arg>TW</arg>
<arg>TZ</arg>
<arg>UA</arg>
<arg>UG</arg>
<arg>UM</arg>
<arg>US</arg>
<arg>UY</arg>
<arg>UZ</arg>
<arg>VA</arg>
<arg>VC</arg>
<arg>VE</arg>
<arg>VG</arg>
<arg>VI</arg>
<arg>VN</arg>
<arg>VU</arg>
<arg>WF</arg>
<arg>WS</arg>
<arg>XK</arg>
<arg>YE</arg>
<arg>YT</arg>
<arg>ZA</arg>
<arg>ZM</arg>
<arg>ZW</arg>
<doc>Returns a list containing given items.</doc>
<status status="PASS" start="2024-08-04T18:19:10.228896" elapsed="0.000609"/>
</kw>
<kw name="List Should Contain Value" owner="Collections">
<arg>${list_country}</arg>
<arg>${name_country}</arg>
<doc>Fails if the ``value`` is not found from ``list``.</doc>
<status status="PASS" start="2024-08-04T18:19:10.230471" elapsed="0.000204"/>
</kw>
<kw name="Run Keyword If" owner="BuiltIn">
<kw name="Should Be True" owner="BuiltIn">
<arg>${True}</arg>
<doc>Fails if the given condition is not true.</doc>
<status status="PASS" start="2024-08-04T18:19:10.231618" elapsed="0.000142"/>
</kw>
<arg>${json_data["results"][0]["location"]["coordinates"]["latitude"]} &gt;= -90 and ${json_data["results"][0]["location"]["coordinates"]["latitude"]} &lt;= 90</arg>
<arg>Should Be True</arg>
<arg>${True}</arg>
<doc>Runs the given keyword with the given arguments, if ``condition`` is true.</doc>
<status status="PASS" start="2024-08-04T18:19:10.230874" elapsed="0.001010"/>
</kw>
<kw name="Run Keyword If" owner="BuiltIn">
<kw name="Should Be True" owner="BuiltIn">
<arg>${True}</arg>
<doc>Fails if the given condition is not true.</doc>
<status status="PASS" start="2024-08-04T18:19:10.232784" elapsed="0.000135"/>
</kw>
<arg>${json_data["results"][0]["location"]["coordinates"]["longitude"]} &gt;= -180 and ${json_data["results"][0]["location"]["coordinates"]["longitude"]} &lt;= 180</arg>
<arg>Should Be True</arg>
<arg>${True}</arg>
<doc>Runs the given keyword with the given arguments, if ``condition`` is true.</doc>
<status status="PASS" start="2024-08-04T18:19:10.232091" elapsed="0.000950"/>
</kw>
<status status="PASS" start="2024-08-04T18:19:10.033667" elapsed="0.199501"/>
</kw>
<doc>Testa o conteúdo específico dos campos retornados pela API.</doc>
<tag>testeConteudo</tag>
<status status="PASS" start="2024-08-04T18:19:10.033124" elapsed="0.200196"/>
</test>
<status status="PASS" start="2024-08-04T18:19:08.055087" elapsed="2.180203"/>
</suite>
<status status="PASS" start="2024-08-04T18:19:08.040729" elapsed="2.199687"/>
</suite>
<statistics>
<total>
<stat pass="5" fail="0" skip="0">All Tests</stat>
</total>
<tag>
<stat pass="1" fail="0" skip="0">testeConteudo</stat>
<stat pass="1" fail="0" skip="0">testeEstruturaResposta</stat>
<stat pass="1" fail="0" skip="0">testeRequisicaoBasica</stat>
<stat pass="1" fail="0" skip="0">testeTiposDados</stat>
</tag>
<suite>
<stat pass="5" fail="0" skip="0" id="s1" name="Tests">Tests</stat>
<stat pass="5" fail="0" skip="0" id="s1-s1" name="Random-User-Test">Tests.Random-User-Test</stat>
</suite>
</statistics>
<errors>
</errors>
</robot>
